[I 2026-05-03 08:32:40,741] Trial 115 finished with value: 2.733080646267685 and parameters: {'f_n': 3.447884534689525e-07, 'K_d': 178815.87145402492, 'rho_d': 21529043957717.316, 'fission_rate': 6.842987175898098e+19, 'Dg_D1_scale': 1.1433327234340978, 'Dg_D3_scale': 0.20379539376901776, 'Dv_D1_scale': 0.5388218843148737, 'Dv_D2_scale': 2.707520721853678, 'b_bulk_scale': 0.3253926554755197, 'b_dislocation_scale': 0.10874611797853517, 'gb_scale': 0.9251380051032491, 'gd_bubble_scale': 3.2797087538354046, 'gd_line_scale': 0.5600888874986679, 'gd_line_alpha': 0.5412174569779853, 'coalescence_d_scale': 0.26621615425214434, 'capture_scale': 1.3330663208900222}. Best is trial 54 with value: 2.6321801896728414.
[I 2026-05-03 08:32:45,136] Trial 116 finished with value: 2.6629528637911184 and parameters: {'f_n': 4.868246965049515e-07, 'K_d': 213824.01975460377, 'rho_d': 26103053913372.098, 'fission_rate': 7.233457932864471e+19, 'Dg_D1_scale': 1.204091083687057, 'Dg_D3_scale': 0.2003142675153625, 'Dv_D1_scale': 0.5225168286759182, 'Dv_D2_scale': 3.093740461095157, 'b_bulk_scale': 0.34026431027282705, 'b_dislocation_scale': 0.10401318483508956, 'gb_scale': 0.7292463910640062, 'gd_bubble_scale': 3.433404723598891, 'gd_line_scale': 0.5707290437367004, 'gd_line_alpha': 0.5576200624230125, 'coalescence_d_scale': 0.3097667844584504, 'capture_scale': 2.0444487628404877}. Best is trial 54 with value: 2.6321801896728414.
[I 2026-05-03 08:32:49,824] Trial 117 finished with value: 2.7833492210712274 and parameters: {'f_n': 4.61809888452553e-07, 'K_d': 180317.2817108819, 'rho_d': 22153909300187.445, 'fission_rate': 6.83399517516784e+19, 'Dg_D1_scale': 1.0996577689622695, 'Dg_D3_scale': 0.2023411156707639, 'Dv_D1_scale': 0.5228123871953573, 'Dv_D2_scale': 2.856118099748459, 'b_bulk_scale': 0.2520506558741179, 'b_dislocation_scale': 0.1080488517168139, 'gb_scale': 0.8803706899740913, 'gd_bubble_scale': 3.020969094060257, 'gd_line_scale': 0.5887739612103726, 'gd_line_alpha': 0.5892496979568074, 'coalescence_d_scale': 0.3743589173015499, 'capture_scale': 2.128437467730287}. Best is trial 54 with value: 2.6321801896728414.
[I 2026-05-03 08:32:54,837] Trial 118 finished with value: 2.734794043781605 and parameters: {'f_n': 4.777465850777994e-07, 'K_d': 234890.14893235042, 'rho_d': 22392573827193.51, 'fission_rate': 7.103188767333886e+19, 'Dg_D1_scale': 1.1647679056592664, 'Dg_D3_scale': 0.252365362316891, 'Dv_D1_scale': 0.5313184916371589, 'Dv_D2_scale': 2.7457442340132183, 'b_bulk_scale': 0.32578677759145935, 'b_dislocation_scale': 0.10566657250782459, 'gb_scale': 0.880867461109973, 'gd_bubble_scale': 2.8346620733024874, 'gd_line_scale': 0.5434315245500084, 'gd_line_alpha': 0.6271816754388441, 'coalescence_d_scale': 0.37642047950972224, 'capture_scale': 2.18072897304967}. Best is trial 54 with value: 2.6321801896728414.
[I 2026-05-03 08:32:59,461] Trial 119 finished with value: 2.8244596794605346 and parameters: {'f_n': 4.277627796412116e-07, 'K_d': 231435.27093202795, 'rho_d': 20995672827927.57, 'fission_rate': 7.1130366798974755e+19, 'Dg_D1_scale': 1.173258332513242, 'Dg_D3_scale': 0.23022843079231028, 'Dv_D1_scale': 0.5255867966954684, 'Dv_D2_scale': 3.03293203819617, 'b_bulk_scale': 0.3203766497102674, 'b_dislocation_scale': 0.10330232244639209, 'gb_scale': 0.7907383851986796, 'gd_bubble_scale': 2.109092747011856, 'gd_line_scale': 0.5547304818712397, 'gd_line_alpha': 0.6186819812951061, 'coalescence_d_scale': 0.306541844459162, 'capture_scale': 2.0359032452299486}. Best is trial 54 with value: 2.6321801896728414.
[I 2026-05-03 08:33:02,395] Trial 120 finished with value: 2.5980771402610126 and parameters: {'f_n': 3.5803925890341146e-07, 'K_d': 194544.60683100193, 'rho_d': 21921637629586.42, 'fission_rate': 6.757144740900826e+19, 'Dg_D1_scale': 1.2928508444292992, 'Dg_D3_scale': 0.2022107367561821, 'Dv_D1_scale': 0.4667343586171648, 'Dv_D2_scale': 2.9144014682131183, 'b_bulk_scale': 0.32512399165322436, 'b_dislocation_scale': 0.1138046956878818, 'gb_scale': 0.8856435918472052, 'gd_bubble_scale': 3.4633183972518076, 'gd_line_scale': 0.8615665541087044, 'gd_line_alpha': 0.5777859308079377, 'coalescence_d_scale': 0.38901661919674524, 'capture_scale': 2.33920031220382}. Best is trial 120 with value: 2.5980771402610126.Best trial: 54. Best value: 2.63218:  40%|████      | 120/300 [09:30<13:49,  4.61s/it]Best trial: 120. Best value: 2.59808:  40%|████      | 120/300 [09:30<13:49,  4.61s/it]Best trial: 120. Best value: 2.59808:  40%|████      | 121/300 [09:30<12:15,  4.11s/it]                                                                                       Best trial: 120. Best value: 2.59808:  40%|████      | 121/300 [09:35<12:15,  4.11s/it]Best trial: 120. Best value: 2.59808:  40%|████      | 121/300 [09:35<12:15,  4.11s/it]Best trial: 120. Best value: 2.59808:  41%|████      | 122/300 [09:35<12:46,  4.31s/it]                                                                                       Best trial: 120. Best value: 2.59808:  41%|████      | 122/300 [09:40<12:46,  4.31s/it]Best trial: 122. Best value: 2.57465:  41%|████      | 122/300 [09:40<12:46,  4.31s/it]Best trial: 122. Best value: 2.57465:  41%|████      | 123/300 [09:40<13:11,  4.47s/it]                                                                                       Best trial: 122. Best value: 2.57465:  41%|████      | 123/300 [09:45<13:11,  4.47s/it]Best trial: 123. Best value: 2.57435:  41%|████      | 123/300 [09:45<13:11,  4.47s/it]Best trial: 123. Best value: 2.57435:  41%|████▏     | 124/300 [09:45<13:22,  4.56s/it]                                                                                       Best trial: 123. Best value: 2.57435:  41%|████▏     | 124/300 [09:49<13:22,  4.56s/it]Best trial: 124. Best value: 2.55751:  41%|████▏     | 124/300 [09:49<13:22,  4.56s/it]Best trial: 124. Best value: 2.55751:  42%|████▏     | 125/300 [09:49<13:28,  4.62s/it]                                                                                       Best trial: 124. Best value: 2.55751:  42%|████▏     | 125/300 [09:54<13:28,  4.62s/it]Best trial: 124. Best value: 2.55751:  42%|████▏     | 125/300 [09:54<13:28,  4.62s/it]Best trial: 124. Best value: 2.55751:  42%|████▏     | 126/300 [09:54<13:44,  4.74s/it]                                                                                       Best trial: 124. Best value: 2.55751:  42%|████▏     | 126/300 [09:59<13:44,  4.74s/it]Best trial: 126. Best value: 2.5357:  42%|████▏     | 126/300 [09:59<13:44,  4.74s/it] Best trial: 126. Best value: 2.5357:  42%|████▏     | 127/300 [09:59<13:48,  4.79s/it]                                                                                      Best trial: 126. Best value: 2.5357:  42%|████▏     | 127/300 [10:02<13:48,  4.79s/it]Best trial: 126. Best value: 2.5357:  42%|████▏     | 127/300 [10:02<13:48,  4.79s/it]Best trial: 126. Best value: 2.5357:  43%|████▎     | 128/300 [10:02<12:08,  4.24s/it]                                                                                      Best trial: 126. Best value: 2.5357:  43%|████▎     | 128/300 [10:07<12:08,  4.24s/it]Best trial: 126. Best value: 2.5357:  43%|████▎     | 128/300 [10:07<12:08,  4.24s/it]Best trial: 126. Best value: 2.5357:  43%|████▎     | 129/300 [10:07<12:26,  4.37s/it]                                                                                      Best trial: 126. Best value: 2.5357:  43%|████▎     | 129/300 [10:12<12:26,  4.37s/it]Best trial: 126. Best value: 2.5357:  43%|████▎     | 129/300 [10:12<12:26,  4.37s/it]Best trial: 126. Best value: 2.5357:  43%|████▎     | 130/300 [10:12<12:38,  4.46s/it]                                                                                      Best trial: 126. Best value: 2.5357:  43%|████▎     | 130/300 [10:16<12:38,  4.46s/it]Best trial: 126. Best value: 2.5357:  43%|████▎     | 130/300 [10:16<12:38,  4.46s/it]Best trial: 126. Best value: 2.5357:  44%|████▎     | 131/300 [10:16<12:47,  4.54s/it]                                                                                      Best trial: 126. Best value: 2.5357:  44%|████▎     | 131/300 [10:21<12:47,  4.54s/it]Best trial: 131. Best value: 2.53218:  44%|████▎     | 131/300 [10:21<12:47,  4.54s/it]Best trial: 131. Best value: 2.53218:  44%|████▍     | 132/300 [10:21<12:52,  4.60s/it]                                                                                       
[I 2026-05-03 08:33:07,168] Trial 121 finished with value: 2.6780487374506476 and parameters: {'f_n': 3.464404604008139e-07, 'K_d': 188214.97781217232, 'rho_d': 22306005094529.848, 'fission_rate': 6.7515568747027956e+19, 'Dg_D1_scale': 1.415468207263485, 'Dg_D3_scale': 0.203403621049442, 'Dv_D1_scale': 0.4848434543799301, 'Dv_D2_scale': 2.9132187248258767, 'b_bulk_scale': 0.3226723437838627, 'b_dislocation_scale': 0.11212951223455277, 'gb_scale': 0.9250615975943165, 'gd_bubble_scale': 2.8944460334293183, 'gd_line_scale': 0.5866007034615977, 'gd_line_alpha': 0.5721230072461596, 'coalescence_d_scale': 0.3854178891274876, 'capture_scale': 1.574405127193453}. Best is trial 120 with value: 2.5980771402610126.
[I 2026-05-03 08:33:12,002] Trial 122 finished with value: 2.5746531428780157 and parameters: {'f_n': 3.424421469715355e-07, 'K_d': 208617.13795313414, 'rho_d': 21928720462674.53, 'fission_rate': 6.73308632847974e+19, 'Dg_D1_scale': 1.556343148887654, 'Dg_D3_scale': 0.19563534217449904, 'Dv_D1_scale': 0.4699456857159648, 'Dv_D2_scale': 3.543315375795078, 'b_bulk_scale': 0.24980628250700845, 'b_dislocation_scale': 0.11793255441480903, 'gb_scale': 0.9179519600962387, 'gd_bubble_scale': 2.8135383818382347, 'gd_line_scale': 0.8569933173005502, 'gd_line_alpha': 0.5771224216432391, 'coalescence_d_scale': 0.5080173260240158, 'capture_scale': 2.4288456995831518}. Best is trial 122 with value: 2.5746531428780157.
[I 2026-05-03 08:33:16,777] Trial 123 finished with value: 2.5743471699724503 and parameters: {'f_n': 3.3947180788890306e-07, 'K_d': 217458.53755863445, 'rho_d': 24563089455845.934, 'fission_rate': 6.611167768700277e+19, 'Dg_D1_scale': 1.5046745198956235, 'Dg_D3_scale': 0.20098128184981567, 'Dv_D1_scale': 0.46569375804697427, 'Dv_D2_scale': 3.550198857837806, 'b_bulk_scale': 0.34175691666497704, 'b_dislocation_scale': 0.11803366255859889, 'gb_scale': 1.118727534509913, 'gd_bubble_scale': 3.335201506491375, 'gd_line_scale': 0.8705044853334223, 'gd_line_alpha': 0.6665538249221891, 'coalescence_d_scale': 0.5013377472720029, 'capture_scale': 1.5845449571905248}. Best is trial 123 with value: 2.5743471699724503.
[I 2026-05-03 08:33:21,531] Trial 124 finished with value: 2.5575099654745594 and parameters: {'f_n': 3.733756315872177e-07, 'K_d': 212715.0171081535, 'rho_d': 24275271832707.633, 'fission_rate': 6.713065913258948e+19, 'Dg_D1_scale': 1.463315865875523, 'Dg_D3_scale': 0.22740181171993584, 'Dv_D1_scale': 0.46003549823543227, 'Dv_D2_scale': 3.5919349275223036, 'b_bulk_scale': 0.2632263923146197, 'b_dislocation_scale': 0.1217337677368631, 'gb_scale': 0.9297872453593871, 'gd_bubble_scale': 2.654106475120289, 'gd_line_scale': 0.9080986895671632, 'gd_line_alpha': 0.6531703703737209, 'coalescence_d_scale': 0.4568077865060838, 'capture_scale': 1.6327591547258535}. Best is trial 124 with value: 2.5575099654745594.
[I 2026-05-03 08:33:26,539] Trial 125 finished with value: 2.58828048510148 and parameters: {'f_n': 3.2932938421216274e-07, 'K_d': 211014.56878069512, 'rho_d': 18290303693199.992, 'fission_rate': 6.756519839154392e+19, 'Dg_D1_scale': 1.4538230464686344, 'Dg_D3_scale': 0.2293708209607327, 'Dv_D1_scale': 0.46718941568699, 'Dv_D2_scale': 3.6204644907106682, 'b_bulk_scale': 0.26864951226775785, 'b_dislocation_scale': 0.11707095634897836, 'gb_scale': 1.1054400419872368, 'gd_bubble_scale': 2.672971556332997, 'gd_line_scale': 1.10281464028299, 'gd_line_alpha': 0.6538845859789287, 'coalescence_d_scale': 0.49565940714909407, 'capture_scale': 2.448579495101766}. Best is trial 124 with value: 2.5575099654745594.
[I 2026-05-03 08:33:31,446] Trial 126 finished with value: 2.5357016504885097 and parameters: {'f_n': 3.627414624341464e-07, 'K_d': 256119.61101360238, 'rho_d': 18315423995673.01, 'fission_rate': 6.7483319305572114e+19, 'Dg_D1_scale': 1.4272854703124658, 'Dg_D3_scale': 0.25491181270874586, 'Dv_D1_scale': 0.458498053426063, 'Dv_D2_scale': 3.552963106457853, 'b_bulk_scale': 0.3426458333668219, 'b_dislocation_scale': 0.0805976900644276, 'gb_scale': 1.1205488255159515, 'gd_bubble_scale': 2.6597787818130154, 'gd_line_scale': 0.8529728113157392, 'gd_line_alpha': 0.6585386823716152, 'coalescence_d_scale': 0.4687276534791518, 'capture_scale': 2.5946461968781267}. Best is trial 126 with value: 2.5357016504885097.
[I 2026-05-03 08:33:34,417] Trial 127 finished with value: 2.720948747436121 and parameters: {'f_n': 2.981450118490435e-07, 'K_d': 216268.1059787029, 'rho_d': 18172513298219.312, 'fission_rate': 6.7549832969742615e+19, 'Dg_D1_scale': 1.4492910194690023, 'Dg_D3_scale': 0.23649722589906214, 'Dv_D1_scale': 0.46299644278155866, 'Dv_D2_scale': 3.568989113220341, 'b_bulk_scale': 0.27647901456187673, 'b_dislocation_scale': 0.11544994443417954, 'gb_scale': 0.9885052654412988, 'gd_bubble_scale': 1.6350752163159483, 'gd_line_scale': 0.8890083983051129, 'gd_line_alpha': 0.6627660077098534, 'coalescence_d_scale': 0.5110156715627907, 'capture_scale': 2.495864756345104}. Best is trial 126 with value: 2.5357016504885097.
[I 2026-05-03 08:33:39,082] Trial 128 finished with value: 2.5650799295384124 and parameters: {'f_n': 3.566250927101276e-07, 'K_d': 212257.91165991456, 'rho_d': 18229151562758.945, 'fission_rate': 6.7521144616599314e+19, 'Dg_D1_scale': 1.4678709414483306, 'Dg_D3_scale': 0.2355253840019128, 'Dv_D1_scale': 0.4599532083811323, 'Dv_D2_scale': 3.5601237880135965, 'b_bulk_scale': 0.26986078701828414, 'b_dislocation_scale': 0.08153290986451044, 'gb_scale': 1.0926050061871146, 'gd_bubble_scale': 1.7865017258352531, 'gd_line_scale': 0.9062320064854209, 'gd_line_alpha': 0.6885360961222611, 'coalescence_d_scale': 0.4894671917043928, 'capture_scale': 2.5800155403164453}. Best is trial 126 with value: 2.5357016504885097.
[I 2026-05-03 08:33:43,778] Trial 129 finished with value: 2.536239170822215 and parameters: {'f_n': 3.356058179468406e-07, 'K_d': 211383.6054904694, 'rho_d': 18568101068517.48, 'fission_rate': 6.7167083216927285e+19, 'Dg_D1_scale': 1.4446456949959061, 'Dg_D3_scale': 0.22538667173412547, 'Dv_D1_scale': 0.462219717719411, 'Dv_D2_scale': 3.641847952840501, 'b_bulk_scale': 0.27698730408613403, 'b_dislocation_scale': 0.06981125837326081, 'gb_scale': 1.1449082811190767, 'gd_bubble_scale': 1.7321122724546385, 'gd_line_scale': 0.8891864061587301, 'gd_line_alpha': 0.7003377736008207, 'coalescence_d_scale': 0.4933598695777837, 'capture_scale': 2.7059525898448733}. Best is trial 126 with value: 2.5357016504885097.
[I 2026-05-03 08:33:48,506] Trial 130 finished with value: 2.5541874967600475 and parameters: {'f_n': 2.3954094544687285e-07, 'K_d': 253387.511070821, 'rho_d': 16070766891233.832, 'fission_rate': 6.628552488534055e+19, 'Dg_D1_scale': 1.4328750909350543, 'Dg_D3_scale': 0.22151014398422764, 'Dv_D1_scale': 0.4163503083539187, 'Dv_D2_scale': 3.595660321996495, 'b_bulk_scale': 0.21090655240777295, 'b_dislocation_scale': 0.07880536535185859, 'gb_scale': 1.174751531608451, 'gd_bubble_scale': 2.590204346417139, 'gd_line_scale': 1.477927028158273, 'gd_line_alpha': 0.7057533993289385, 'coalescence_d_scale': 0.47296868914518214, 'capture_scale': 2.671986178796106}. Best is trial 126 with value: 2.5357016504885097.
[I 2026-05-03 08:33:53,224] Trial 131 finished with value: 2.532178153421372 and parameters: {'f_n': 2.4330665130084567e-07, 'K_d': 257332.8911185284, 'rho_d': 15987492399797.424, 'fission_rate': 6.6248846396681e+19, 'Dg_D1_scale': 1.4661181767842164, 'Dg_D3_scale': 0.22560096780815128, 'Dv_D1_scale': 0.41922694998054344, 'Dv_D2_scale': 3.6248491376342584, 'b_bulk_scale': 0.20825508180329502, 'b_dislocation_scale': 0.08003633722917543, 'gb_scale': 1.0966182051548317, 'gd_bubble_scale': 1.822087689473954, 'gd_line_scale': 1.4627857129496373, 'gd_line_alpha': 0.7134118041796033, 'coalescence_d_scale': 0.4822715412081132, 'capture_scale': 3.1111610239715235}. Best is trial 131 with value: 2.532178153421372.
[I 2026-05-03 08:33:57,907] Trial 132 finished with value: 2.540314582470619 and parameters: {'f_n': 2.4559361182644966e-07, 'K_d': 254399.1855770117, 'rho_d': 16586472281121.53, 'fission_rate': 6.747275315387077e+19, 'Dg_D1_scale': 1.4422921325295712, 'Dg_D3_scale': 0.22268841027400546, 'Dv_D1_scale': 0.4166238169831583, 'Dv_D2_scale': 3.6021011448637568, 'b_bulk_scale': 0.21437602726264696, 'b_dislocation_scale': 0.07868451689472374, 'gb_scale': 1.133712362002044, 'gd_bubble_scale': 1.7658109589183208, 'gd_line_scale': 1.398495202825815, 'gd_line_alpha': 0.7166912664342406, 'coalescence_d_scale': 0.5840145612488526, 'capture_scale': 2.848608302526444}. Best is trial 131 with value: 2.532178153421372.Best trial: 131. Best value: 2.53218:  44%|████▍     | 132/300 [10:26<12:52,  4.60s/it]Best trial: 131. Best value: 2.53218:  44%|████▍     | 132/300 [10:26<12:52,  4.60s/it]Best trial: 131. Best value: 2.53218:  44%|████▍     | 133/300 [10:26<12:51,  4.62s/it]                                                                                       Best trial: 131. Best value: 2.53218:  44%|████▍     | 133/300 [10:29<12:51,  4.62s/it]Best trial: 131. Best value: 2.53218:  44%|████▍     | 133/300 [10:29<12:51,  4.62s/it]Best trial: 131. Best value: 2.53218:  45%|████▍     | 134/300 [10:29<11:18,  4.09s/it]                                                                                       Best trial: 131. Best value: 2.53218:  45%|████▍     | 134/300 [10:33<11:18,  4.09s/it]Best trial: 131. Best value: 2.53218:  45%|████▍     | 134/300 [10:33<11:18,  4.09s/it]Best trial: 131. Best value: 2.53218:  45%|████▌     | 135/300 [10:33<11:44,  4.27s/it]                                                                                       Best trial: 131. Best value: 2.53218:  45%|████▌     | 135/300 [10:38<11:44,  4.27s/it]Best trial: 131. Best value: 2.53218:  45%|████▌     | 135/300 [10:38<11:44,  4.27s/it]Best trial: 131. Best value: 2.53218:  45%|████▌     | 136/300 [10:38<11:57,  4.38s/it]                                                                                       Best trial: 131. Best value: 2.53218:  45%|████▌     | 136/300 [10:43<11:57,  4.38s/it]Best trial: 136. Best value: 2.526:  45%|████▌     | 136/300 [10:43<11:57,  4.38s/it]  Best trial: 136. Best value: 2.526:  46%|████▌     | 137/300 [10:43<12:06,  4.46s/it]                                                                                     Best trial: 136. Best value: 2.526:  46%|████▌     | 137/300 [10:47<12:06,  4.46s/it]Best trial: 136. Best value: 2.526:  46%|████▌     | 137/300 [10:47<12:06,  4.46s/it]Best trial: 136. Best value: 2.526:  46%|████▌     | 138/300 [10:47<12:17,  4.55s/it]                                                                                     Best trial: 136. Best value: 2.526:  46%|████▌     | 138/300 [10:52<12:17,  4.55s/it]Best trial: 138. Best value: 2.49893:  46%|████▌     | 138/300 [10:52<12:17,  4.55s/it]Best trial: 138. Best value: 2.49893:  46%|████▋     | 139/300 [10:52<12:25,  4.63s/it]                                                                                       Best trial: 138. Best value: 2.49893:  46%|████▋     | 139/300 [10:57<12:25,  4.63s/it]Best trial: 138. Best value: 2.49893:  46%|████▋     | 139/300 [10:57<12:25,  4.63s/it]Best trial: 138. Best value: 2.49893:  47%|████▋     | 140/300 [10:57<12:29,  4.68s/it]                                                                                       Best trial: 138. Best value: 2.49893:  47%|████▋     | 140/300 [11:00<12:29,  4.68s/it]Best trial: 138. Best value: 2.49893:  47%|████▋     | 140/300 [11:00<12:29,  4.68s/it]Best trial: 138. Best value: 2.49893:  47%|████▋     | 141/300 [11:00<11:05,  4.19s/it]                                                                                       Best trial: 138. Best value: 2.49893:  47%|████▋     | 141/300 [11:05<11:05,  4.19s/it]Best trial: 141. Best value: 2.48379:  47%|████▋     | 141/300 [11:05<11:05,  4.19s/it]Best trial: 141. Best value: 2.48379:  47%|████▋     | 142/300 [11:05<11:27,  4.35s/it]                                                                                       Best trial: 141. Best value: 2.48379:  47%|████▋     | 142/300 [11:09<11:27,  4.35s/it]Best trial: 141. Best value: 2.48379:  47%|████▋     | 142/300 [11:09<11:27,  4.35s/it]Best trial: 141. Best value: 2.48379:  48%|████▊     | 143/300 [11:09<11:39,  4.45s/it]                                                                                       Best trial: 141. Best value: 2.48379:  48%|████▊     | 143/300 [11:14<11:39,  4.45s/it]Best trial: 141. Best value: 2.48379:  48%|████▊     | 143/300 [11:15<11:39,  4.45s/it]Best trial: 141. Best value: 2.48379:  48%|████▊     | 144/300 [11:15<12:05,  4.65s/it]                                                                                       
[I 2026-05-03 08:34:00,754] Trial 133 finished with value: 2.572271467039968 and parameters: {'f_n': 2.2265854889646916e-07, 'K_d': 260730.3610808262, 'rho_d': 16325305461150.537, 'fission_rate': 6.639754020207378e+19, 'Dg_D1_scale': 1.632130952648042, 'Dg_D3_scale': 0.22491249238385141, 'Dv_D1_scale': 0.4227141506021978, 'Dv_D2_scale': 3.4983953067792117, 'b_bulk_scale': 0.21544697304968685, 'b_dislocation_scale': 0.08131847135531602, 'gb_scale': 1.136660431607036, 'gd_bubble_scale': 1.8591938459193813, 'gd_line_scale': 1.4389417319858795, 'gd_line_alpha': 0.7165679137884895, 'coalescence_d_scale': 0.5968622003841941, 'capture_scale': 2.9908119586115776}. Best is trial 131 with value: 2.532178153421372.
