[I 2026-05-03 08:35:47,873] Trial 156 finished with value: 3.2005628454099018 and parameters: {'f_n': 6.921458045549238e-08, 'K_d': 246064.7807821809, 'rho_d': 17315169410713.104, 'fission_rate': 5.9672104677140144e+19, 'Dg_D1_scale': 2.5517816497885897, 'Dg_D3_scale': 0.283932725917282, 'Dv_D1_scale': 0.3329404975801726, 'Dv_D2_scale': 3.795503518592242, 'b_bulk_scale': 0.18979819359149394, 'b_dislocation_scale': 0.09275989349013136, 'gb_scale': 1.6508049605654669, 'gd_bubble_scale': 1.618158763115607, 'gd_line_scale': 2.783423820431649, 'gd_line_alpha': 0.8841859153537551, 'coalescence_d_scale': 0.5616457721401878, 'capture_scale': 4.204519205653659}. Best is trial 141 with value: 2.4837911798017167.Best trial: 141. Best value: 2.48379:  52%|█████▏    | 156/300 [12:16<11:13,  4.68s/it]Best trial: 141. Best value: 2.48379:  52%|█████▏    | 156/300 [12:16<11:13,  4.68s/it]Best trial: 141. Best value: 2.48379:  52%|█████▏    | 157/300 [12:16<11:33,  4.85s/it]                                                                                       Best trial: 141. Best value: 2.48379:  52%|█████▏    | 157/300 [12:21<11:33,  4.85s/it]Best trial: 141. Best value: 2.48379:  52%|█████▏    | 157/300 [12:21<11:33,  4.85s/it]Best trial: 141. Best value: 2.48379:  53%|█████▎    | 158/300 [12:21<11:32,  4.87s/it]                                                                                       Best trial: 141. Best value: 2.48379:  53%|█████▎    | 158/300 [12:26<11:32,  4.87s/it]Best trial: 141. Best value: 2.48379:  53%|█████▎    | 158/300 [12:26<11:32,  4.87s/it]Best trial: 141. Best value: 2.48379:  53%|█████▎    | 159/300 [12:26<11:29,  4.89s/it]                                                                                       Best trial: 141. Best value: 2.48379:  53%|█████▎    | 159/300 [12:31<11:29,  4.89s/it]Best trial: 141. Best value: 2.48379:  53%|█████▎    | 159/300 [12:31<11:29,  4.89s/it]Best trial: 141. Best value: 2.48379:  53%|█████▎    | 160/300 [12:31<11:33,  4.96s/it]                                                                                       Best trial: 141. Best value: 2.48379:  53%|█████▎    | 160/300 [12:34<11:33,  4.96s/it]Best trial: 141. Best value: 2.48379:  53%|█████▎    | 160/300 [12:34<11:33,  4.96s/it]Best trial: 141. Best value: 2.48379:  54%|█████▎    | 161/300 [12:34<10:19,  4.45s/it]                                                                                       Best trial: 141. Best value: 2.48379:  54%|█████▎    | 161/300 [12:39<10:19,  4.45s/it]Best trial: 141. Best value: 2.48379:  54%|█████▎    | 161/300 [12:39<10:19,  4.45s/it]Best trial: 141. Best value: 2.48379:  54%|█████▍    | 162/300 [12:39<10:32,  4.59s/it]                                                                                       Best trial: 141. Best value: 2.48379:  54%|█████▍    | 162/300 [12:44<10:32,  4.59s/it]Best trial: 141. Best value: 2.48379:  54%|█████▍    | 162/300 [12:44<10:32,  4.59s/it]Best trial: 141. Best value: 2.48379:  54%|█████▍    | 163/300 [12:44<10:43,  4.70s/it]                                                                                       Best trial: 141. Best value: 2.48379:  54%|█████▍    | 163/300 [12:49<10:43,  4.70s/it]Best trial: 141. Best value: 2.48379:  54%|█████▍    | 163/300 [12:49<10:43,  4.70s/it]Best trial: 141. Best value: 2.48379:  55%|█████▍    | 164/300 [12:49<10:49,  4.78s/it]                                                                                       Best trial: 141. Best value: 2.48379:  55%|█████▍    | 164/300 [12:54<10:49,  4.78s/it]Best trial: 141. Best value: 2.48379:  55%|█████▍    | 164/300 [12:54<10:49,  4.78s/it]Best trial: 141. Best value: 2.48379:  55%|█████▌    | 165/300 [12:54<10:57,  4.87s/it]                                                                                       Best trial: 141. Best value: 2.48379:  55%|█████▌    | 165/300 [12:59<10:57,  4.87s/it]Best trial: 141. Best value: 2.48379:  55%|█████▌    | 165/300 [12:59<10:57,  4.87s/it]Best trial: 141. Best value: 2.48379:  55%|█████▌    | 166/300 [12:59<10:56,  4.90s/it]                                                                                       Best trial: 141. Best value: 2.48379:  55%|█████▌    | 166/300 [13:02<10:56,  4.90s/it]Best trial: 141. Best value: 2.48379:  55%|█████▌    | 166/300 [13:02<10:56,  4.90s/it]Best trial: 141. Best value: 2.48379:  56%|█████▌    | 167/300 [13:02<09:43,  4.38s/it]                                                                                       Best trial: 141. Best value: 2.48379:  56%|█████▌    | 167/300 [13:07<09:43,  4.38s/it]Best trial: 167. Best value: 2.48274:  56%|█████▌    | 167/300 [13:07<09:43,  4.38s/it]Best trial: 167. Best value: 2.48274:  56%|█████▌    | 168/300 [13:07<10:07,  4.60s/it]                                                                                       
[I 2026-05-03 08:35:52,814] Trial 157 finished with value: 2.786353354001811 and parameters: {'f_n': 1.4467842732640153e-07, 'K_d': 285273.0463872999, 'rho_d': 15675551337618.81, 'fission_rate': 6.3059253136710525e+19, 'Dg_D1_scale': 1.7949986628052275, 'Dg_D3_scale': 0.24300792011697384, 'Dv_D1_scale': 0.31384527183935373, 'Dv_D2_scale': 3.9947105603550828, 'b_bulk_scale': 0.20427785629073966, 'b_dislocation_scale': 0.06501136596883463, 'gb_scale': 1.8574792667944633, 'gd_bubble_scale': 2.158536415210195, 'gd_line_scale': 2.3308936418322688, 'gd_line_alpha': 0.8154349491708137, 'coalescence_d_scale': 0.4363002819699534, 'capture_scale': 3.5943305682487967}. Best is trial 141 with value: 2.4837911798017167.
[I 2026-05-03 08:35:57,726] Trial 158 finished with value: 2.9081718378680836 and parameters: {'f_n': 6.029059321037429e-08, 'K_d': 231203.91698234732, 'rho_d': 12440386710364.318, 'fission_rate': 6.373215070535754e+19, 'Dg_D1_scale': 1.2778156372817537, 'Dg_D3_scale': 0.23349637114848212, 'Dv_D1_scale': 0.27008853796576265, 'Dv_D2_scale': 3.2679669317605087, 'b_bulk_scale': 0.130449505146658, 'b_dislocation_scale': 0.07014927677431375, 'gb_scale': 1.454783972995725, 'gd_bubble_scale': 0.9452108205100622, 'gd_line_scale': 3.29914069083207, 'gd_line_alpha': 0.9258491597626037, 'coalescence_d_scale': 0.5501732547044628, 'capture_scale': 5.468166625705669}. Best is trial 141 with value: 2.4837911798017167.
[I 2026-05-03 08:36:02,835] Trial 159 finished with value: 2.9442219001312315 and parameters: {'f_n': 4.166075249488658e-08, 'K_d': 227425.60885941694, 'rho_d': 17188758731743.344, 'fission_rate': 6.157976504473694e+19, 'Dg_D1_scale': 1.3891397601334712, 'Dg_D3_scale': 0.21640786866892073, 'Dv_D1_scale': 0.3494624989172463, 'Dv_D2_scale': 3.7392127045749506, 'b_bulk_scale': 0.16995413493260847, 'b_dislocation_scale': 0.09296180612349916, 'gb_scale': 1.2492428220359995, 'gd_bubble_scale': 1.2315090509069522, 'gd_line_scale': 1.9392105899880654, 'gd_line_alpha': 0.7884538714213972, 'coalescence_d_scale': 0.7526243849716873, 'capture_scale': 4.051056627198074}. Best is trial 141 with value: 2.4837911798017167.
[I 2026-05-03 08:36:06,129] Trial 160 finished with value: 2.880026192559698 and parameters: {'f_n': 1.3318013426615095e-07, 'K_d': 268749.6407696352, 'rho_d': 20057967625411.418, 'fission_rate': 6.036902074942955e+19, 'Dg_D1_scale': 1.9452456316743898, 'Dg_D3_scale': 0.22225018665495938, 'Dv_D1_scale': 0.2847336757848883, 'Dv_D2_scale': 3.2032326595310385, 'b_bulk_scale': 0.15853796031738973, 'b_dislocation_scale': 0.05767895651938977, 'gb_scale': 1.5719115379736064, 'gd_bubble_scale': 1.4032711333091388, 'gd_line_scale': 1.6770626968972497, 'gd_line_alpha': 0.8751857756653744, 'coalescence_d_scale': 0.8335913629741042, 'capture_scale': 4.8237531428583}. Best is trial 141 with value: 2.4837911798017167.
[I 2026-05-03 08:36:11,026] Trial 161 finished with value: 2.558194464775003 and parameters: {'f_n': 1.6126939860120694e-07, 'K_d': 339344.19056631625, 'rho_d': 19062822493815.98, 'fission_rate': 6.408976178747952e+19, 'Dg_D1_scale': 2.3542220392271513, 'Dg_D3_scale': 0.2574678396114335, 'Dv_D1_scale': 0.3269926267767914, 'Dv_D2_scale': 3.8069768793817875, 'b_bulk_scale': 0.18156830959377776, 'b_dislocation_scale': 0.07208040925670266, 'gb_scale': 1.699742814211399, 'gd_bubble_scale': 1.036649910544644, 'gd_line_scale': 1.2870990468381267, 'gd_line_alpha': 0.8422200401561865, 'coalescence_d_scale': 0.4202400346098345, 'capture_scale': 4.869487719382819}. Best is trial 141 with value: 2.4837911798017167.
[I 2026-05-03 08:36:15,985] Trial 162 finished with value: 2.4921807700100325 and parameters: {'f_n': 9.971118978952691e-08, 'K_d': 245231.28839215336, 'rho_d': 18814884160000.94, 'fission_rate': 6.281355460338418e+19, 'Dg_D1_scale': 2.203688020281921, 'Dg_D3_scale': 0.24799678304352502, 'Dv_D1_scale': 0.3247379352580769, 'Dv_D2_scale': 3.8064610607319325, 'b_bulk_scale': 0.17726343922187707, 'b_dislocation_scale': 0.07555425736902723, 'gb_scale': 2.1332907508620265, 'gd_bubble_scale': 1.0450571053053683, 'gd_line_scale': 1.280678126165177, 'gd_line_alpha': 0.8214343455799838, 'coalescence_d_scale': 0.6207987608799216, 'capture_scale': 3.421802858753785}. Best is trial 141 with value: 2.4837911798017167.
[I 2026-05-03 08:36:20,933] Trial 163 finished with value: 2.6309631845292887 and parameters: {'f_n': 9.202455613244424e-08, 'K_d': 345619.6649938137, 'rho_d': 19014306772733.832, 'fission_rate': 6.287054887368718e+19, 'Dg_D1_scale': 2.5089788730362823, 'Dg_D3_scale': 0.25591275610002784, 'Dv_D1_scale': 0.3102722029949005, 'Dv_D2_scale': 3.7513464873601805, 'b_bulk_scale': 0.17216460906258169, 'b_dislocation_scale': 0.07380106152819624, 'gb_scale': 2.0842235586934335, 'gd_bubble_scale': 0.7302008416404062, 'gd_line_scale': 1.714156098102432, 'gd_line_alpha': 0.8385337694112018, 'coalescence_d_scale': 0.41509919878957474, 'capture_scale': 3.3964933179592465}. Best is trial 141 with value: 2.4837911798017167.
[I 2026-05-03 08:36:26,027] Trial 164 finished with value: 2.8192260918753775 and parameters: {'f_n': 9.110156407292443e-09, 'K_d': 245718.5117431773, 'rho_d': 14750961643721.344, 'fission_rate': 6.2728219066905166e+19, 'Dg_D1_scale': 2.3326231314780252, 'Dg_D3_scale': 0.2806341944162755, 'Dv_D1_scale': 0.3824243895266298, 'Dv_D2_scale': 3.957440980111343, 'b_bulk_scale': 0.2275538227817064, 'b_dislocation_scale': 0.08909234720537733, 'gb_scale': 2.235963715764321, 'gd_bubble_scale': 1.083381966375872, 'gd_line_scale': 1.268587319544357, 'gd_line_alpha': 0.8583786426670333, 'coalescence_d_scale': 0.646856403980591, 'capture_scale': 5.88919897295434}. Best is trial 141 with value: 2.4837911798017167.
[I 2026-05-03 08:36:31,005] Trial 165 finished with value: 2.5044971064020407 and parameters: {'f_n': 1.6240299747006005e-07, 'K_d': 298088.0413646996, 'rho_d': 16093489744988.8, 'fission_rate': 6.176292834619321e+19, 'Dg_D1_scale': 2.1138069533880444, 'Dg_D3_scale': 0.24675477327943707, 'Dv_D1_scale': 0.3288480268987764, 'Dv_D2_scale': 3.230798256541178, 'b_bulk_scale': 0.14500989107527143, 'b_dislocation_scale': 0.06636124082417968, 'gb_scale': 1.7501793507330408, 'gd_bubble_scale': 1.2473652430140563, 'gd_line_scale': 1.5645000382944556, 'gd_line_alpha': 0.9168192950603378, 'coalescence_d_scale': 0.4502054183536365, 'capture_scale': 3.9122920630728073}. Best is trial 141 with value: 2.4837911798017167.
[I 2026-05-03 08:36:34,186] Trial 166 finished with value: 2.483864320673162 and parameters: {'f_n': 1.8522356857177145e-07, 'K_d': 297142.06567844824, 'rho_d': 15927251959641.818, 'fission_rate': 6.141885063343331e+19, 'Dg_D1_scale': 1.3681804783452025, 'Dg_D3_scale': 0.24023967392797718, 'Dv_D1_scale': 0.2590998129320179, 'Dv_D2_scale': 3.1979074049805543, 'b_bulk_scale': 0.14143006676937062, 'b_dislocation_scale': 0.06627604722952565, 'gb_scale': 1.8575142170747754, 'gd_bubble_scale': 1.537357074079902, 'gd_line_scale': 1.9163572027623357, 'gd_line_alpha': 0.9053764943152794, 'coalescence_d_scale': 0.45698044935986615, 'capture_scale': 3.880069709187558}. Best is trial 141 with value: 2.4837911798017167.
[I 2026-05-03 08:36:39,283] Trial 167 finished with value: 2.4827394940140177 and parameters: {'f_n': 1.753794019678622e-07, 'K_d': 301766.7331394016, 'rho_d': 15900998898491.418, 'fission_rate': 5.93759909458823e+19, 'Dg_D1_scale': 1.3594693771206716, 'Dg_D3_scale': 0.24767609609302102, 'Dv_D1_scale': 0.25232708976789725, 'Dv_D2_scale': 3.0481528423180797, 'b_bulk_scale': 0.142788171208315, 'b_dislocation_scale': 0.06355755397444453, 'gb_scale': 1.9725279460514509, 'gd_bubble_scale': 1.584453140886802, 'gd_line_scale': 1.9417812091552562, 'gd_line_alpha': 0.9114096587433046, 'coalescence_d_scale': 0.5275012218531752, 'capture_scale': 3.8307967690789955}. Best is trial 167 with value: 2.4827394940140177.
[I 2026-05-03 08:36:44,561] Trial 168 finished with value: 2.5116759021573074 and parameters: {'f_n': 1.0919608603858529e-07, 'K_d': 305340.48351492133, 'rho_d': 13119487242576.258, 'fission_rate': 5.9145880336221176e+19, 'Dg_D1_scale': 2.033503575596195, 'Dg_D3_scale': 0.24065179774458148, 'Dv_D1_scale': 0.2459013774799306, 'Dv_D2_scale': 3.0158026674723546, 'b_bulk_scale': 0.10682867806635209, 'b_dislocation_scale': 0.06228231603211856, 'gb_scale': 2.2840548087068533, 'gd_bubble_scale': 1.6331177584103864, 'gd_line_scale': 1.9677162030750561, 'gd_line_alpha': 0.9148683424998779, 'coalescence_d_scale': 0.5412929950389402, 'capture_scale': 4.036653409679546}. Best is trial 167 with value: 2.4827394940140177.Best trial: 167. Best value: 2.48274:  56%|█████▌    | 168/300 [13:12<10:07,  4.60s/it]Best trial: 167. Best value: 2.48274:  56%|█████▌    | 168/300 [13:12<10:07,  4.60s/it]Best trial: 167. Best value: 2.48274:  56%|█████▋    | 169/300 [13:12<10:29,  4.80s/it]                                                                                       Best trial: 167. Best value: 2.48274:  56%|█████▋    | 169/300 [13:18<10:29,  4.80s/it]Best trial: 167. Best value: 2.48274:  56%|█████▋    | 169/300 [13:18<10:29,  4.80s/it]Best trial: 167. Best value: 2.48274:  57%|█████▋    | 170/300 [13:18<10:37,  4.90s/it]                                                                                       Best trial: 167. Best value: 2.48274:  57%|█████▋    | 170/300 [13:23<10:37,  4.90s/it]Best trial: 167. Best value: 2.48274:  57%|█████▋    | 170/300 [13:23<10:37,  4.90s/it]Best trial: 167. Best value: 2.48274:  57%|█████▋    | 171/300 [13:23<10:41,  4.97s/it]                                                                                       Best trial: 167. Best value: 2.48274:  57%|█████▋    | 171/300 [13:28<10:41,  4.97s/it]Best trial: 167. Best value: 2.48274:  57%|█████▋    | 171/300 [13:28<10:41,  4.97s/it]Best trial: 167. Best value: 2.48274:  57%|█████▋    | 172/300 [13:28<10:49,  5.07s/it]                                                                                       Best trial: 167. Best value: 2.48274:  57%|█████▋    | 172/300 [13:31<10:49,  5.07s/it]Best trial: 167. Best value: 2.48274:  57%|█████▋    | 172/300 [13:32<10:49,  5.07s/it]Best trial: 167. Best value: 2.48274:  58%|█████▊    | 173/300 [13:32<09:44,  4.60s/it]                                                                                       Best trial: 167. Best value: 2.48274:  58%|█████▊    | 173/300 [13:37<09:44,  4.60s/it]Best trial: 167. Best value: 2.48274:  58%|█████▊    | 173/300 [13:37<09:44,  4.60s/it]Best trial: 167. Best value: 2.48274:  58%|█████▊    | 174/300 [13:37<10:07,  4.82s/it]                                                                                       Best trial: 167. Best value: 2.48274:  58%|█████▊    | 174/300 [13:42<10:07,  4.82s/it]Best trial: 167. Best value: 2.48274:  58%|█████▊    | 174/300 [13:42<10:07,  4.82s/it]Best trial: 167. Best value: 2.48274:  58%|█████▊    | 175/300 [13:42<10:26,  5.01s/it]                                                                                       Best trial: 167. Best value: 2.48274:  58%|█████▊    | 175/300 [13:48<10:26,  5.01s/it]Best trial: 167. Best value: 2.48274:  58%|█████▊    | 175/300 [13:48<10:26,  5.01s/it]Best trial: 167. Best value: 2.48274:  59%|█████▊    | 176/300 [13:48<10:41,  5.17s/it]                                                                                       Best trial: 167. Best value: 2.48274:  59%|█████▊    | 176/300 [13:53<10:41,  5.17s/it]Best trial: 167. Best value: 2.48274:  59%|█████▊    | 176/300 [13:53<10:41,  5.17s/it]Best trial: 167. Best value: 2.48274:  59%|█████▉    | 177/300 [13:53<10:42,  5.22s/it]                                                                                       Best trial: 167. Best value: 2.48274:  59%|█████▉    | 177/300 [13:58<10:42,  5.22s/it]Best trial: 167. Best value: 2.48274:  59%|█████▉    | 177/300 [13:59<10:42,  5.22s/it]Best trial: 167. Best value: 2.48274:  59%|█████▉    | 178/300 [13:59<10:40,  5.25s/it]                                                                                       Best trial: 167. Best value: 2.48274:  59%|█████▉    | 178/300 [14:02<10:40,  5.25s/it]Best trial: 167. Best value: 2.48274:  59%|█████▉    | 178/300 [14:02<10:40,  5.25s/it]Best trial: 167. Best value: 2.48274:  60%|█████▉    | 179/300 [14:02<09:45,  4.84s/it]                                                                                       Best trial: 167. Best value: 2.48274:  60%|█████▉    | 179/300 [14:08<09:45,  4.84s/it]Best trial: 167. Best value: 2.48274:  60%|█████▉    | 179/300 [14:08<09:45,  4.84s/it]Best trial: 167. Best value: 2.48274:  60%|██████    | 180/300 [14:08<10:12,  5.10s/it]                                                                                       
[I 2026-05-03 08:36:49,706] Trial 169 finished with value: 2.5392842679267815 and parameters: {'f_n': 8.050568273259548e-08, 'K_d': 292545.674543864, 'rho_d': 13440975433803.344, 'fission_rate': 6.175678371379482e+19, 'Dg_D1_scale': 2.117391757229973, 'Dg_D3_scale': 0.30619330761713687, 'Dv_D1_scale': 0.22250101977513498, 'Dv_D2_scale': 3.135032367468073, 'b_bulk_scale': 0.11005986596101403, 'b_dislocation_scale': 0.061738434696764086, 'gb_scale': 1.942761213994848, 'gd_bubble_scale': 1.6342199396124009, 'gd_line_scale': 1.9717023071780493, 'gd_line_alpha': 0.9148071055580117, 'coalescence_d_scale': 0.6443603718808951, 'capture_scale': 3.861251015346112}. Best is trial 167 with value: 2.4827394940140177.
[I 2026-05-03 08:36:54,833] Trial 170 finished with value: 2.598645639492739 and parameters: {'f_n': 9.917136648912569e-08, 'K_d': 297517.0572251678, 'rho_d': 11355295867331.805, 'fission_rate': 6.095006118551341e+19, 'Dg_D1_scale': 2.026487400296875, 'Dg_D3_scale': 0.3110799786071824, 'Dv_D1_scale': 0.22046788059240005, 'Dv_D2_scale': 3.0498219459928384, 'b_bulk_scale': 0.13747161096856367, 'b_dislocation_scale': 0.055428092145437945, 'gb_scale': 1.914730099522984, 'gd_bubble_scale': 1.6091479829481692, 'gd_line_scale': 2.281648117880056, 'gd_line_alpha': 0.9263541881055581, 'coalescence_d_scale': 0.6330052853124964, 'capture_scale': 3.7909761642888697}. Best is trial 167 with value: 2.4827394940140177.
[I 2026-05-03 08:37:00,141] Trial 171 finished with value: 2.4969492902431587 and parameters: {'f_n': 7.251412570796578e-08, 'K_d': 303159.06779963657, 'rho_d': 13570497725265.648, 'fission_rate': 5.713499599214643e+19, 'Dg_D1_scale': 2.1342448056304764, 'Dg_D3_scale': 0.24547952713779322, 'Dv_D1_scale': 0.24696896939353816, 'Dv_D2_scale': 3.2395496856802044, 'b_bulk_scale': 0.11343239488696778, 'b_dislocation_scale': 0.06216274089414531, 'gb_scale': 2.4095697229695134, 'gd_bubble_scale': 1.5381878773404445, 'gd_line_scale': 2.030351693982184, 'gd_line_alpha': 0.9059241634096046, 'coalescence_d_scale': 0.5450977658475341, 'capture_scale': 3.498574471994581}. Best is trial 167 with value: 2.4827394940140177.
[I 2026-05-03 08:37:03,648] Trial 172 finished with value: 2.4866082085528296 and parameters: {'f_n': 8.278412750544057e-08, 'K_d': 308493.3021202103, 'rho_d': 13561541354666.623, 'fission_rate': 5.705726068300085e+19, 'Dg_D1_scale': 2.160498887013507, 'Dg_D3_scale': 0.2708406536073815, 'Dv_D1_scale': 0.2520353912065884, 'Dv_D2_scale': 3.207789143499806, 'b_bulk_scale': 0.11234116963573453, 'b_dislocation_scale': 0.06073795003373198, 'gb_scale': 2.3731126887226672, 'gd_bubble_scale': 1.5125226167149382, 'gd_line_scale': 1.9811146345029682, 'gd_line_alpha': 0.9630340221884306, 'coalescence_d_scale': 0.5317780569708906, 'capture_scale': 3.4145182758946246}. Best is trial 167 with value: 2.4827394940140177.
[I 2026-05-03 08:37:08,988] Trial 173 finished with value: 2.533593310486771 and parameters: {'f_n': 1.1255604371640176e-07, 'K_d': 310829.73987933807, 'rho_d': 12938304971740.174, 'fission_rate': 5.702370909691266e+19, 'Dg_D1_scale': 1.8583291311637993, 'Dg_D3_scale': 0.24399052569392904, 'Dv_D1_scale': 0.25386931913637617, 'Dv_D2_scale': 2.5719902668691725, 'b_bulk_scale': 0.08637997975079315, 'b_dislocation_scale': 0.04741834664093583, 'gb_scale': 2.4706336878690096, 'gd_bubble_scale': 1.1863427185546471, 'gd_line_scale': 2.512475465024116, 'gd_line_alpha': 0.9603235667983882, 'coalescence_d_scale': 0.40796086726095215, 'capture_scale': 3.3963740092628765}. Best is trial 167 with value: 2.4827394940140177.
