[I 2026-05-03 08:40:07,399] Trial 210 finished with value: 2.4951820261622824 and parameters: {'f_n': 8.154488542659671e-08, 'K_d': 319416.38915665844, 'rho_d': 15349568650667.582, 'fission_rate': 5.945745879002941e+19, 'Dg_D1_scale': 1.2715865545854252, 'Dg_D3_scale': 0.2876026885174349, 'Dv_D1_scale': 0.28055488641242293, 'Dv_D2_scale': 2.7874167925636857, 'b_bulk_scale': 0.12168435405296218, 'b_dislocation_scale': 0.05228348950108359, 'gb_scale': 2.993619101370452, 'gd_bubble_scale': 1.1473399732545906, 'gd_line_scale': 1.8323269494053898, 'gd_line_alpha': 0.9402106881056289, 'coalescence_d_scale': 0.4405095573968047, 'capture_scale': 3.0547015690115398}. Best is trial 201 with value: 2.478444293273857.
[I 2026-05-03 08:40:12,641] Trial 211 finished with value: 2.5030111650538895 and parameters: {'f_n': 8.104290504146063e-08, 'K_d': 309310.0647480949, 'rho_d': 15261858196587.174, 'fission_rate': 5.948230879030496e+19, 'Dg_D1_scale': 1.3293647812765619, 'Dg_D3_scale': 0.2788964315365836, 'Dv_D1_scale': 0.2827941855731337, 'Dv_D2_scale': 2.7335835540530757, 'b_bulk_scale': 0.11692651914966089, 'b_dislocation_scale': 0.053464982635511124, 'gb_scale': 3.2290429819863316, 'gd_bubble_scale': 1.1446157225120714, 'gd_line_scale': 1.812777921168666, 'gd_line_alpha': 0.9352507953040109, 'coalescence_d_scale': 0.43625614675446844, 'capture_scale': 3.0019156414758066}. Best is trial 201 with value: 2.478444293273857.
[I 2026-05-03 08:40:17,876] Trial 212 finished with value: 2.533924332777869 and parameters: {'f_n': 7.938294928200119e-08, 'K_d': 309838.3654178363, 'rho_d': 15542982458039.875, 'fission_rate': 5.948868990088673e+19, 'Dg_D1_scale': 1.2371500471498487, 'Dg_D3_scale': 0.3000536373963117, 'Dv_D1_scale': 0.270724910432564, 'Dv_D2_scale': 2.7807156232392045, 'b_bulk_scale': 0.12136360276910003, 'b_dislocation_scale': 0.051984781439356725, 'gb_scale': 3.2320753839834184, 'gd_bubble_scale': 0.9920101899267059, 'gd_line_scale': 1.551458323031844, 'gd_line_alpha': 0.938400251962482, 'coalescence_d_scale': 0.49828646101919155, 'capture_scale': 2.854363678782854}. Best is trial 201 with value: 2.478444293273857.
[I 2026-05-03 08:40:23,120] Trial 213 finished with value: 11.14120278540571 and parameters: {'f_n': 9.814713168214022e-08, 'K_d': 340816.1460864933, 'rho_d': 15084053035195.203, 'fission_rate': 5.830482256484748e+19, 'Dg_D1_scale': 0.9937176606825356, 'Dg_D3_scale': 0.2837859282370742, 'Dv_D1_scale': 0.2890096458483583, 'Dv_D2_scale': 2.695856231365026, 'b_bulk_scale': 0.1100570764323564, 'b_dislocation_scale': 0.056985986834125445, 'gb_scale': 2.898526032192204, 'gd_bubble_scale': 1.1785091432916532, 'gd_line_scale': 1.9011369906163769, 'gd_line_alpha': 0.9605932436546767, 'coalescence_d_scale': 14.021177942254381, 'capture_scale': 3.0648826932193676}. Best is trial 201 with value: 2.478444293273857.
[I 2026-05-03 08:40:28,488] Trial 214 finished with value: 2.6237399653810165 and parameters: {'f_n': 5.985457131302776e-08, 'K_d': 321288.9231333139, 'rho_d': 16329722141559.016, 'fission_rate': 5.629433203473647e+19, 'Dg_D1_scale': 1.2235411426271852, 'Dg_D3_scale': 0.2807926016612366, 'Dv_D1_scale': 0.2543101462467097, 'Dv_D2_scale': 2.9867152411891684, 'b_bulk_scale': 0.13701198225601635, 'b_dislocation_scale': 0.04853719508616398, 'gb_scale': 3.5589177922857056, 'gd_bubble_scale': 1.1090801628397033, 'gd_line_scale': 2.4152295192450937, 'gd_line_alpha': 0.9822658216504911, 'coalescence_d_scale': 0.5810113376382188, 'capture_scale': 3.364210750175468}. Best is trial 201 with value: 2.478444293273857.
[I 2026-05-03 08:40:33,724] Trial 215 finished with value: 2.588103590567968 and parameters: {'f_n': 2.630788316972733e-08, 'K_d': 271402.9068860893, 'rho_d': 14645902049115.145, 'fission_rate': 5.9233327946815504e+19, 'Dg_D1_scale': 1.3150778147938273, 'Dg_D3_scale': 0.2678191415088551, 'Dv_D1_scale': 0.32121978024210057, 'Dv_D2_scale': 2.821168532827116, 'b_bulk_scale': 0.12513488984376128, 'b_dislocation_scale': 0.059477754360335124, 'gb_scale': 3.0748276372698338, 'gd_bubble_scale': 0.8779561660505139, 'gd_line_scale': 1.1860064851402787, 'gd_line_alpha': 0.9382399300496987, 'coalescence_d_scale': 0.39692288128007475, 'capture_scale': 2.3198435814286698}. Best is trial 201 with value: 2.478444293273857.
[I 2026-05-03 08:40:37,240] Trial 216 finished with value: 2.5264360931716663 and parameters: {'f_n': 4.050050041846103e-08, 'K_d': 301520.12893809157, 'rho_d': 13331555833168.594, 'fission_rate': 5.77198542488365e+19, 'Dg_D1_scale': 1.30461223447939, 'Dg_D3_scale': 0.31732820826835956, 'Dv_D1_scale': 0.28075132930179403, 'Dv_D2_scale': 3.1904393423041215, 'b_bulk_scale': 0.11249465649012567, 'b_dislocation_scale': 0.04304400497061532, 'gb_scale': 2.651831208829004, 'gd_bubble_scale': 1.4421330796103657, 'gd_line_scale': 1.7977612742046927, 'gd_line_alpha': 0.8933233211997743, 'coalescence_d_scale': 0.4569286871126722, 'capture_scale': 2.900378227549518}. Best is trial 201 with value: 2.478444293273857.Best trial: 201. Best value: 2.47844:  72%|███████▏  | 216/300 [17:05<07:11,  5.13s/it]Best trial: 201. Best value: 2.47844:  72%|███████▏  | 216/300 [17:05<07:11,  5.13s/it]Best trial: 201. Best value: 2.47844:  72%|███████▏  | 217/300 [17:05<06:25,  4.65s/it]                                                                                       Best trial: 201. Best value: 2.47844:  72%|███████▏  | 217/300 [17:10<06:25,  4.65s/it]Best trial: 201. Best value: 2.47844:  72%|███████▏  | 217/300 [17:10<06:25,  4.65s/it]Best trial: 201. Best value: 2.47844:  73%|███████▎  | 218/300 [17:10<06:34,  4.81s/it]                                                                                       Best trial: 201. Best value: 2.47844:  73%|███████▎  | 218/300 [17:15<06:34,  4.81s/it]Best trial: 201. Best value: 2.47844:  73%|███████▎  | 218/300 [17:15<06:34,  4.81s/it]Best trial: 201. Best value: 2.47844:  73%|███████▎  | 219/300 [17:15<06:38,  4.92s/it]                                                                                       Best trial: 201. Best value: 2.47844:  73%|███████▎  | 219/300 [17:20<06:38,  4.92s/it]Best trial: 201. Best value: 2.47844:  73%|███████▎  | 219/300 [17:20<06:38,  4.92s/it]Best trial: 201. Best value: 2.47844:  73%|███████▎  | 220/300 [17:20<06:34,  4.93s/it]                                                                                       Best trial: 201. Best value: 2.47844:  73%|███████▎  | 220/300 [17:26<06:34,  4.93s/it]Best trial: 201. Best value: 2.47844:  73%|███████▎  | 220/300 [17:26<06:34,  4.93s/it]Best trial: 201. Best value: 2.47844:  74%|███████▎  | 221/300 [17:26<06:36,  5.02s/it]                                                                                       Best trial: 201. Best value: 2.47844:  74%|███████▎  | 221/300 [17:31<06:36,  5.02s/it]Best trial: 201. Best value: 2.47844:  74%|███████▎  | 221/300 [17:31<06:36,  5.02s/it]Best trial: 201. Best value: 2.47844:  74%|███████▍  | 222/300 [17:31<06:37,  5.09s/it]                                                                                       Best trial: 201. Best value: 2.47844:  74%|███████▍  | 222/300 [17:36<06:37,  5.09s/it]Best trial: 201. Best value: 2.47844:  74%|███████▍  | 222/300 [17:34<06:37,  5.09s/it]Best trial: 201. Best value: 2.47844:  74%|███████▍  | 223/300 [17:34<05:53,  4.59s/it]                                                                                       Best trial: 201. Best value: 2.47844:  74%|███████▍  | 223/300 [17:40<05:53,  4.59s/it]Best trial: 201. Best value: 2.47844:  74%|███████▍  | 223/300 [17:40<05:53,  4.59s/it]Best trial: 201. Best value: 2.47844:  75%|███████▍  | 224/300 [17:40<06:06,  4.83s/it]                                                                                       Best trial: 201. Best value: 2.47844:  75%|███████▍  | 224/300 [17:46<06:06,  4.83s/it]Best trial: 201. Best value: 2.47844:  75%|███████▍  | 224/300 [17:46<06:06,  4.83s/it]Best trial: 201. Best value: 2.47844:  75%|███████▌  | 225/300 [17:46<06:37,  5.29s/it]                                                                                       Best trial: 201. Best value: 2.47844:  75%|███████▌  | 225/300 [17:52<06:37,  5.29s/it]Best trial: 201. Best value: 2.47844:  75%|███████▌  | 225/300 [17:52<06:37,  5.29s/it]Best trial: 201. Best value: 2.47844:  75%|███████▌  | 226/300 [17:52<06:42,  5.44s/it]                                                                                       Best trial: 201. Best value: 2.47844:  75%|███████▌  | 226/300 [17:57<06:42,  5.44s/it]Best trial: 201. Best value: 2.47844:  75%|███████▌  | 226/300 [17:57<06:42,  5.44s/it]Best trial: 201. Best value: 2.47844:  76%|███████▌  | 227/300 [17:57<06:29,  5.34s/it]                                                                                       Best trial: 201. Best value: 2.47844:  76%|███████▌  | 227/300 [18:03<06:29,  5.34s/it]Best trial: 201. Best value: 2.47844:  76%|███████▌  | 227/300 [18:03<06:29,  5.34s/it]Best trial: 201. Best value: 2.47844:  76%|███████▌  | 228/300 [18:03<06:31,  5.44s/it]                                                                                       
[I 2026-05-03 08:40:42,445] Trial 217 finished with value: 4.080276509089105 and parameters: {'f_n': 7.445267527283585e-08, 'K_d': 352373.0354697896, 'rho_d': 15659474185082.65, 'fission_rate': 5.868417149034719e+19, 'Dg_D1_scale': 1.6684610078810185, 'Dg_D3_scale': 0.23734120956140262, 'Dv_D1_scale': 0.2496248455843098, 'Dv_D2_scale': 2.5217182655779466, 'b_bulk_scale': 0.14689178645437162, 'b_dislocation_scale': 0.07022418433424694, 'gb_scale': 2.5352664129037135, 'gd_bubble_scale': 1.0216845355948392, 'gd_line_scale': 8.860022871441474, 'gd_line_alpha': 0.9272152937933186, 'coalescence_d_scale': 0.5298464587512542, 'capture_scale': 4.413987355644864}. Best is trial 201 with value: 2.478444293273857.
[I 2026-05-03 08:40:47,619] Trial 218 finished with value: 2.7993323378964887 and parameters: {'f_n': 1.439851559146371e-07, 'K_d': 317842.45904306025, 'rho_d': 12763972293449.71, 'fission_rate': 5.977524287414125e+19, 'Dg_D1_scale': 1.1059754233420378, 'Dg_D3_scale': 0.2912182632910457, 'Dv_D1_scale': 0.30248346759266215, 'Dv_D2_scale': 3.0213674442945093, 'b_bulk_scale': 0.12860669441359487, 'b_dislocation_scale': 0.05485538861164666, 'gb_scale': 3.2435340390988014, 'gd_bubble_scale': 1.23981752322027, 'gd_line_scale': 1.5551955281811398, 'gd_line_alpha': 0.9549480975600736, 'coalescence_d_scale': 0.48323477549703553, 'capture_scale': 3.3273550754192844}. Best is trial 201 with value: 2.478444293273857.
[I 2026-05-03 08:40:52,561] Trial 219 finished with value: 2.5266458808359538 and parameters: {'f_n': 8.707291372175913e-08, 'K_d': 287843.37623246585, 'rho_d': 14477588550204.318, 'fission_rate': 6.180696364729058e+19, 'Dg_D1_scale': 1.9514795331978707, 'Dg_D3_scale': 0.23806427577157227, 'Dv_D1_scale': 0.2611561833046934, 'Dv_D2_scale': 3.1753000555636586, 'b_bulk_scale': 0.10166742514972964, 'b_dislocation_scale': 0.06134581642861824, 'gb_scale': 3.6263721061248404, 'gd_bubble_scale': 1.4976541469369729, 'gd_line_scale': 1.9720629744712397, 'gd_line_alpha': 0.891077912631272, 'coalescence_d_scale': 0.41507839977153477, 'capture_scale': 3.8540877978740298}. Best is trial 201 with value: 2.478444293273857.
[I 2026-05-03 08:40:57,805] Trial 220 finished with value: 2.667452753541342 and parameters: {'f_n': 1.1286610423331154e-07, 'K_d': 303957.4176658129, 'rho_d': 16460462415435.432, 'fission_rate': 5.758219857253382e+19, 'Dg_D1_scale': 1.3465454917392576, 'Dg_D3_scale': 0.25539300219021505, 'Dv_D1_scale': 0.28253924080522147, 'Dv_D2_scale': 2.907236613678541, 'b_bulk_scale': 0.16812756214842928, 'b_dislocation_scale': 0.04646556405039151, 'gb_scale': 2.7831596384598205, 'gd_bubble_scale': 0.9354753380783656, 'gd_line_scale': 2.1653795476056628, 'gd_line_alpha': 0.9011688876921514, 'coalescence_d_scale': 0.7495219099031273, 'capture_scale': 3.0290820192856818}. Best is trial 201 with value: 2.478444293273857.
[I 2026-05-03 08:41:03,058] Trial 221 finished with value: 2.487454097282047 and parameters: {'f_n': 1.3018780331061903e-07, 'K_d': 247808.68599778652, 'rho_d': 17795765936559.16, 'fission_rate': 5.998163128058018e+19, 'Dg_D1_scale': 1.831992651643193, 'Dg_D3_scale': 0.21676060349445403, 'Dv_D1_scale': 0.3066009474921938, 'Dv_D2_scale': 3.747720060976758, 'b_bulk_scale': 0.1474208907907747, 'b_dislocation_scale': 0.07469105870700017, 'gb_scale': 2.1108617073131923, 'gd_bubble_scale': 1.3481835680894407, 'gd_line_scale': 1.7112074945121816, 'gd_line_alpha': 0.8347998465881015, 'coalescence_d_scale': 0.4427017483823723, 'capture_scale': 5.039334572576715}. Best is trial 201 with value: 2.478444293273857.
[I 2026-05-03 08:41:08,317] Trial 222 finished with value: 2.504185268615409 and parameters: {'f_n': 1.4966704888117812e-07, 'K_d': 274211.25088400976, 'rho_d': 18284737439996.47, 'fission_rate': 6.000325398993227e+19, 'Dg_D1_scale': 1.7768637059044081, 'Dg_D3_scale': 0.20902780813527283, 'Dv_D1_scale': 0.35688277320024114, 'Dv_D2_scale': 3.713998910051817, 'b_bulk_scale': 0.14189715596175245, 'b_dislocation_scale': 0.07166636183890941, 'gb_scale': 2.138464347867768, 'gd_bubble_scale': 1.3294914695264888, 'gd_line_scale': 1.690247897097559, 'gd_line_alpha': 0.8088006144609527, 'coalescence_d_scale': 0.5495248881843298, 'capture_scale': 4.412850748538361}. Best is trial 201 with value: 2.478444293273857.
[I 2026-05-03 08:41:11,856] Trial 223 finished with value: 2.496130623982246 and parameters: {'f_n': 1.778078096008578e-07, 'K_d': 269173.0511577775, 'rho_d': 18657517477729.367, 'fission_rate': 6.038904632505348e+19, 'Dg_D1_scale': 1.047657058324886, 'Dg_D3_scale': 0.20682511834713307, 'Dv_D1_scale': 0.35743565904627195, 'Dv_D2_scale': 3.7397515890720094, 'b_bulk_scale': 0.13898012442143717, 'b_dislocation_scale': 0.07396403817821351, 'gb_scale': 2.4277663316311533, 'gd_bubble_scale': 1.3164419173807163, 'gd_line_scale': 1.6893615407349527, 'gd_line_alpha': 0.8276954583950323, 'coalescence_d_scale': 0.5636419070054302, 'capture_scale': 4.6152886739718015}. Best is trial 201 with value: 2.478444293273857.
[I 2026-05-03 08:41:18,230] Trial 224 finished with value: 2.484378588933887 and parameters: {'f_n': 1.598646211851112e-07, 'K_d': 265896.74764554447, 'rho_d': 20788272169812.21, 'fission_rate': 5.413398959414762e+19, 'Dg_D1_scale': 1.0260063569199624, 'Dg_D3_scale': 0.2033400044053316, 'Dv_D1_scale': 0.34792007704607664, 'Dv_D2_scale': 3.748991021022852, 'b_bulk_scale': 0.1410142416213342, 'b_dislocation_scale': 0.06839657794610224, 'gb_scale': 2.245922285846709, 'gd_bubble_scale': 1.2718914325300608, 'gd_line_scale': 1.5221174621681168, 'gd_line_alpha': 0.7763192869450167, 'coalescence_d_scale': 0.5851844560510463, 'capture_scale': 5.132950264922968}. Best is trial 201 with value: 2.478444293273857.
[I 2026-05-03 08:41:24,024] Trial 225 finished with value: 2.5948235219278986 and parameters: {'f_n': 1.7423609677547312e-07, 'K_d': 265744.4171486489, 'rho_d': 18062236963479.914, 'fission_rate': 5.520230018101851e+19, 'Dg_D1_scale': 1.0423219658505543, 'Dg_D3_scale': 0.2060544641004109, 'Dv_D1_scale': 0.34772118972017024, 'Dv_D2_scale': 3.7127764736883844, 'b_bulk_scale': 0.14344094453725517, 'b_dislocation_scale': 0.07535274203517346, 'gb_scale': 2.1420267987955897, 'gd_bubble_scale': 1.2844031938803095, 'gd_line_scale': 1.3111540770957915, 'gd_line_alpha': 0.7813159071280111, 'coalescence_d_scale': 0.6110779395337389, 'capture_scale': 5.521540029285257}. Best is trial 201 with value: 2.478444293273857.
[I 2026-05-03 08:41:29,119] Trial 226 finished with value: 2.5204365947629856 and parameters: {'f_n': 1.4532605271503558e-07, 'K_d': 247445.00848026667, 'rho_d': 20304415858692.137, 'fission_rate': 6.132830304706391e+19, 'Dg_D1_scale': 0.9855194772448804, 'Dg_D3_scale': 0.19520056916253456, 'Dv_D1_scale': 0.3565506091076296, 'Dv_D2_scale': 3.7895516224624703, 'b_bulk_scale': 0.1346632600933777, 'b_dislocation_scale': 0.06993798933535852, 'gb_scale': 2.5288426397251453, 'gd_bubble_scale': 1.1530275833844204, 'gd_line_scale': 1.5121888669649508, 'gd_line_alpha': 0.7982111312390013, 'coalescence_d_scale': 0.6899766914640207, 'capture_scale': 4.881661868035253}. Best is trial 201 with value: 2.478444293273857.
[I 2026-05-03 08:41:34,809] Trial 227 finished with value: 2.4853778913573024 and parameters: {'f_n': 1.8629121982010753e-07, 'K_d': 271331.07069762336, 'rho_d': 20655748950062.527, 'fission_rate': 5.34960546095584e+19, 'Dg_D1_scale': 1.057593257816889, 'Dg_D3_scale': 0.20953135124083297, 'Dv_D1_scale': 0.34767259477171586, 'Dv_D2_scale': 3.6182265619761314, 'b_bulk_scale': 0.15585636097369734, 'b_dislocation_scale': 0.0837942138244746, 'gb_scale': 2.0634221204200647, 'gd_bubble_scale': 1.3315996289228067, 'gd_line_scale': 1.673180119821903, 'gd_line_alpha': 0.8249322958699249, 'coalescence_d_scale': 0.5979696868320103, 'capture_scale': 4.799017916995458}. Best is trial 201 with value: 2.478444293273857.
