[I 2026-05-03 08:29:45,123] Trial 74 finished with value: 3.6971695271531693 and parameters: {'f_n': 7.0607636078897e-07, 'K_d': 180915.09093998047, 'rho_d': 38270723898140.06, 'fission_rate': 6.739366179967634e+19, 'Dg_D1_scale': 0.30432942472895974, 'Dg_D3_scale': 0.33177407786129487, 'Dv_D1_scale': 1.3015344033874519, 'Dv_D2_scale': 0.20051713000790647, 'b_bulk_scale': 0.039498522782556375, 'b_dislocation_scale': 0.04318679322503065, 'gb_scale': 4.0565941605923195, 'gd_bubble_scale': 8.497449929082883, 'gd_line_scale': 0.35357784593450475, 'gd_line_alpha': 0.3897810192669133, 'coalescence_d_scale': 0.5328216667915572, 'capture_scale': 1.9497941420481784}. Best is trial 54 with value: 2.6321801896728414.
[I 2026-05-03 08:29:49,317] Trial 75 finished with value: 2.8854287426813983 and parameters: {'f_n': 1.0751729788638274e-07, 'K_d': 125791.5813904211, 'rho_d': 71050385358758.48, 'fission_rate': 7.642143881638945e+19, 'Dg_D1_scale': 0.3372073788557089, 'Dg_D3_scale': 0.2781144696922918, 'Dv_D1_scale': 1.6016100328055578, 'Dv_D2_scale': 0.4084230559156221, 'b_bulk_scale': 0.1887287534006208, 'b_dislocation_scale': 0.09447501154925814, 'gb_scale': 4.988201672910535, 'gd_bubble_scale': 3.804421119841027, 'gd_line_scale': 0.4481269916215329, 'gd_line_alpha': 0.19199978855119054, 'coalescence_d_scale': 0.23705722062448237, 'capture_scale': 0.4769472837634429}. Best is trial 54 with value: 2.6321801896728414.
[I 2026-05-03 08:29:53,483] Trial 76 finished with value: 6.479888125648839 and parameters: {'f_n': 5.511457160915796e-08, 'K_d': 100531.74478250017, 'rho_d': 72288090996539.88, 'fission_rate': 7.603523473925308e+19, 'Dg_D1_scale': 0.34248296343708784, 'Dg_D3_scale': 0.2070082435535188, 'Dv_D1_scale': 1.5802415472778075, 'Dv_D2_scale': 0.4267128079121525, 'b_bulk_scale': 0.1930999059187974, 'b_dislocation_scale': 0.09222870183044561, 'gb_scale': 0.11224572549684245, 'gd_bubble_scale': 3.6958258419269443, 'gd_line_scale': 0.4932970111364602, 'gd_line_alpha': 0.1179033110089442, 'coalescence_d_scale': 0.2470291524771053, 'capture_scale': 0.4654989401300695}. Best is trial 54 with value: 2.6321801896728414.
[I 2026-05-03 08:29:57,776] Trial 77 finished with value: 3.6350090319222907 and parameters: {'f_n': 1.0760893991858529e-07, 'K_d': 126921.80910984392, 'rho_d': 61888144208698.43, 'fission_rate': 7.2730883841634976e+19, 'Dg_D1_scale': 0.2934380271587233, 'Dg_D3_scale': 0.27553615516667657, 'Dv_D1_scale': 2.0062098642331097, 'Dv_D2_scale': 0.39734948915366164, 'b_bulk_scale': 0.2820761179993498, 'b_dislocation_scale': 0.13843305707703005, 'gb_scale': 3.0407477236404215, 'gd_bubble_scale': 0.8454280002449654, 'gd_line_scale': 0.3894319435161695, 'gd_line_alpha': 0.19675126269489618, 'coalescence_d_scale': 0.17628169049736214, 'capture_scale': 0.29673775867138064}. Best is trial 54 with value: 2.6321801896728414.
[I 2026-05-03 08:29:59,991] Trial 78 finished with value: 3.0854984149749987 and parameters: {'f_n': 2.0469503396191775e-07, 'K_d': 222924.42966405358, 'rho_d': 57574874803795.57, 'fission_rate': 7.781095029249799e+19, 'Dg_D1_scale': 0.2226803606019399, 'Dg_D3_scale': 0.2764226700239796, 'Dv_D1_scale': 1.7789770374399259, 'Dv_D2_scale': 0.3436312778355974, 'b_bulk_scale': 0.12074384070034382, 'b_dislocation_scale': 0.04891197526666604, 'gb_scale': 5.088055305274528, 'gd_bubble_scale': 6.82645463042063, 'gd_line_scale': 0.6255755192246452, 'gd_line_alpha': 0.028594967894842765, 'coalescence_d_scale': 0.11616218106742177, 'capture_scale': 1.5162567116800272}. Best is trial 54 with value: 2.6321801896728414.
[I 2026-05-03 08:30:04,178] Trial 79 finished with value: 4.477478022509856 and parameters: {'f_n': 2.008107378104582e-08, 'K_d': 159706.89461353477, 'rho_d': 68405737321976.24, 'fission_rate': 7.50586105270217e+19, 'Dg_D1_scale': 0.2506955215244836, 'Dg_D3_scale': 0.49772714775003973, 'Dv_D1_scale': 2.5156727542306103, 'Dv_D2_scale': 0.2375660491782472, 'b_bulk_scale': 0.2279538807675611, 'b_dislocation_scale': 0.06272625830785529, 'gb_scale': 7.1177371471794935, 'gd_bubble_scale': 5.42245276712516, 'gd_line_scale': 0.46050842130861785, 'gd_line_alpha': 0.16963805053746187, 'coalescence_d_scale': 0.17611839103122306, 'capture_scale': 0.7070521645559193}. Best is trial 54 with value: 2.6321801896728414.
[I 2026-05-03 08:30:08,147] Trial 80 finished with value: 2.9482569498742905 and parameters: {'f_n': 9.289709764493723e-08, 'K_d': 141612.1053043389, 'rho_d': 51561205324477.86, 'fission_rate': 7.936820785502431e+19, 'Dg_D1_scale': 0.33245096344607056, 'Dg_D3_scale': 0.560046502069116, 'Dv_D1_scale': 1.4865902015875296, 'Dv_D2_scale': 0.27375672058794265, 'b_bulk_scale': 0.1944207405325681, 'b_dislocation_scale': 0.1128057592088159, 'gb_scale': 4.712938188855534, 'gd_bubble_scale': 8.631152614814654, 'gd_line_scale': 0.32687063679130207, 'gd_line_alpha': 0.9956295511606028, 'coalescence_d_scale': 0.3028982151583829, 'capture_scale': 0.5110526180780275}. Best is trial 54 with value: 2.6321801896728414.
[I 2026-05-03 08:30:12,527] Trial 81 finished with value: 2.970771650539606 and parameters: {'f_n': 1.6000692476988053e-07, 'K_d': 116867.19990106921, 'rho_d': 31749271312555.44, 'fission_rate': 7.12182769431889e+19, 'Dg_D1_scale': 1.842874522902726, 'Dg_D3_scale': 0.38005685371576314, 'Dv_D1_scale': 1.0021118548824257, 'Dv_D2_scale': 0.21724932528283325, 'b_bulk_scale': 0.3149753786853847, 'b_dislocation_scale': 0.035556633911874344, 'gb_scale': 6.349193951474484, 'gd_bubble_scale': 4.548885186325017, 'gd_line_scale': 0.5443050060784029, 'gd_line_alpha': 0.22888087340000185, 'coalescence_d_scale': 0.5879318590263429, 'capture_scale': 0.19214280592139205}. Best is trial 54 with value: 2.6321801896728414.
[I 2026-05-03 08:30:17,425] Trial 82 finished with value: 4.5113763327932785 and parameters: {'f_n': 1.1409364407485107e-06, 'K_d': 1469634.416996838, 'rho_d': 43732988881735.09, 'fission_rate': 6.279062400433915e+19, 'Dg_D1_scale': 0.27512537080232796, 'Dg_D3_scale': 0.4311845638425149, 'Dv_D1_scale': 0.8267652364800984, 'Dv_D2_scale': 0.30751899823305284, 'b_bulk_scale': 0.14536564266379395, 'b_dislocation_scale': 0.07805607267645101, 'gb_scale': 3.475004964696027, 'gd_bubble_scale': 4.0434657877830515, 'gd_line_scale': 0.23347210278469105, 'gd_line_alpha': 0.3116004585746268, 'coalescence_d_scale': 0.21757324433766304, 'capture_scale': 0.9197596026125626}. Best is trial 54 with value: 2.6321801896728414.
[I 2026-05-03 08:30:22,549] Trial 83 finished with value: 6.410964590272017 and parameters: {'f_n': 1.0274030763588339e-10, 'K_d': 134665.6496039339, 'rho_d': 79384822109327.48, 'fission_rate': 6.1076057073033175e+19, 'Dg_D1_scale': 0.16140957890917565, 'Dg_D3_scale': 0.3420866142360194, 'Dv_D1_scale': 0.6909372848468366, 'Dv_D2_scale': 0.3704229574246144, 'b_bulk_scale': 0.5910060646029147, 'b_dislocation_scale': 0.09031677558289189, 'gb_scale': 2.0580202631840736, 'gd_bubble_scale': 6.577039166617948, 'gd_line_scale': 0.43972182027843787, 'gd_line_alpha': 0.3597221883068641, 'coalescence_d_scale': 0.4598613549706154, 'capture_scale': 1.2014637975808327}. Best is trial 54 with value: 2.6321801896728414.
[I 2026-05-03 08:30:26,548] Trial 84 finished with value: 5.652159061478782 and parameters: {'f_n': 6.649686380498966e-07, 'K_d': 150980.46442275026, 'rho_d': 48856295404958.73, 'fission_rate': 6.8380800396360475e+19, 'Dg_D1_scale': 0.1804288527045112, 'Dg_D3_scale': 0.4765226900066706, 'Dv_D1_scale': 1.1048056173255125, 'Dv_D2_scale': 0.25773444080249996, 'b_bulk_scale': 0.24738548498506877, 'b_dislocation_scale': 0.8226010504368821, 'gb_scale': 2.64200166408849, 'gd_bubble_scale': 3.131163058404827, 'gd_line_scale': 0.2055117095587242, 'gd_line_alpha': 0.27165830704654087, 'coalescence_d_scale': 0.38094843637838804, 'capture_scale': 0.3382328431462274}. Best is trial 54 with value: 2.6321801896728414.Best trial: 54. Best value: 2.63218:  28%|██▊       | 84/300 [06:54<16:19,  4.53s/it]Best trial: 54. Best value: 2.63218:  28%|██▊       | 84/300 [06:54<16:19,  4.53s/it]Best trial: 54. Best value: 2.63218:  28%|██▊       | 85/300 [06:54<15:40,  4.37s/it]                                                                                     Best trial: 54. Best value: 2.63218:  28%|██▊       | 85/300 [06:56<15:40,  4.37s/it]Best trial: 54. Best value: 2.63218:  28%|██▊       | 85/300 [06:56<15:40,  4.37s/it]Best trial: 54. Best value: 2.63218:  29%|██▊       | 86/300 [06:56<12:55,  3.62s/it]                                                                                     Best trial: 54. Best value: 2.63218:  29%|██▊       | 86/300 [07:01<12:55,  3.62s/it]Best trial: 54. Best value: 2.63218:  29%|██▊       | 86/300 [07:01<12:55,  3.62s/it]Best trial: 54. Best value: 2.63218:  29%|██▉       | 87/300 [07:01<14:12,  4.00s/it]                                                                                     Best trial: 54. Best value: 2.63218:  29%|██▉       | 87/300 [07:05<14:12,  4.00s/it]Best trial: 54. Best value: 2.63218:  29%|██▉       | 87/300 [07:05<14:12,  4.00s/it]Best trial: 54. Best value: 2.63218:  29%|██▉       | 88/300 [07:05<14:19,  4.05s/it]                                                                                     Best trial: 54. Best value: 2.63218:  29%|██▉       | 88/300 [07:09<14:19,  4.05s/it]Best trial: 54. Best value: 2.63218:  29%|██▉       | 88/300 [07:09<14:19,  4.05s/it]Best trial: 54. Best value: 2.63218:  30%|██▉       | 89/300 [07:09<14:12,  4.04s/it]                                                                                     Best trial: 54. Best value: 2.63218:  30%|██▉       | 89/300 [07:13<14:12,  4.04s/it]Best trial: 54. Best value: 2.63218:  30%|██▉       | 89/300 [07:14<14:12,  4.04s/it]Best trial: 54. Best value: 2.63218:  30%|███       | 90/300 [07:14<14:17,  4.08s/it]                                                                                     Best trial: 54. Best value: 2.63218:  30%|███       | 90/300 [07:18<14:17,  4.08s/it]Best trial: 54. Best value: 2.63218:  30%|███       | 90/300 [07:18<14:17,  4.08s/it]Best trial: 54. Best value: 2.63218:  30%|███       | 91/300 [07:18<14:28,  4.16s/it]                                                                                     Best trial: 54. Best value: 2.63218:  30%|███       | 91/300 [07:22<14:28,  4.16s/it]Best trial: 54. Best value: 2.63218:  30%|███       | 91/300 [07:22<14:28,  4.16s/it]Best trial: 54. Best value: 2.63218:  31%|███       | 92/300 [07:22<14:51,  4.29s/it]                                                                                     Best trial: 54. Best value: 2.63218:  31%|███       | 92/300 [07:27<14:51,  4.29s/it]Best trial: 54. Best value: 2.63218:  31%|███       | 92/300 [07:27<14:51,  4.29s/it]Best trial: 54. Best value: 2.63218:  31%|███       | 93/300 [07:27<15:07,  4.38s/it]                                                                                     Best trial: 54. Best value: 2.63218:  31%|███       | 93/300 [07:30<15:07,  4.38s/it]Best trial: 54. Best value: 2.63218:  31%|███       | 93/300 [07:30<15:07,  4.38s/it]Best trial: 54. Best value: 2.63218:  31%|███▏      | 94/300 [07:30<13:31,  3.94s/it]                                                                                     Best trial: 54. Best value: 2.63218:  31%|███▏      | 94/300 [07:35<13:31,  3.94s/it]Best trial: 54. Best value: 2.63218:  31%|███▏      | 94/300 [07:35<13:31,  3.94s/it]Best trial: 54. Best value: 2.63218:  32%|███▏      | 95/300 [07:35<14:10,  4.15s/it]                                                                                     Best trial: 54. Best value: 2.63218:  32%|███▏      | 95/300 [07:39<14:10,  4.15s/it]Best trial: 54. Best value: 2.63218:  32%|███▏      | 95/300 [07:39<14:10,  4.15s/it]Best trial: 54. Best value: 2.63218:  32%|███▏      | 96/300 [07:39<14:41,  4.32s/it]                                                                                     
[I 2026-05-03 08:30:28,426] Trial 85 finished with value: 5.887208128478577 and parameters: {'f_n': 1.9257941097539105e-06, 'K_d': 294309.0174707929, 'rho_d': 27535524710600.566, 'fission_rate': 6.977870777504384e+19, 'Dg_D1_scale': 0.20422407367319215, 'Dg_D3_scale': 3.799836497681612, 'Dv_D1_scale': 1.1848476148976557, 'Dv_D2_scale': 3.137160453714759, 'b_bulk_scale': 0.11105966852566417, 'b_dislocation_scale': 0.0709016787161154, 'gb_scale': 4.227442653478597, 'gd_bubble_scale': 0.19630360853736728, 'gd_line_scale': 0.08014212429631933, 'gd_line_alpha': 0.13514068949638847, 'coalescence_d_scale': 0.1488091285314356, 'capture_scale': 0.7338571226704559}. Best is trial 54 with value: 2.6321801896728414.
[I 2026-05-03 08:30:33,314] Trial 86 finished with value: 2.985734286557639 and parameters: {'f_n': 2.9459908050463677e-07, 'K_d': 119254.17643142988, 'rho_d': 56666963668123.734, 'fission_rate': 6.381403328280681e+19, 'Dg_D1_scale': 0.24040975249745822, 'Dg_D3_scale': 0.5886028937204837, 'Dv_D1_scale': 0.9543668505628425, 'Dv_D2_scale': 2.3288599913620383, 'b_bulk_scale': 0.9600651346736522, 'b_dislocation_scale': 0.1675350744754512, 'gb_scale': 1.8018967209153651, 'gd_bubble_scale': 7.398513998292725, 'gd_line_scale': 0.2681228840522724, 'gd_line_alpha': 0.6694917480772342, 'coalescence_d_scale': 0.28902935394275997, 'capture_scale': 0.46546596198650203}. Best is trial 54 with value: 2.6321801896728414.
[I 2026-05-03 08:30:37,484] Trial 87 finished with value: 6.785480984653055 and parameters: {'f_n': 2.1986131622433458e-10, 'K_d': 108405.83904924677, 'rho_d': 67423693136562.96, 'fission_rate': 7.530972879807545e+19, 'Dg_D1_scale': 0.31925078722478417, 'Dg_D3_scale': 0.62851865095045, 'Dv_D1_scale': 0.7825872276761586, 'Dv_D2_scale': 0.5183345826412924, 'b_bulk_scale': 0.17410072195536536, 'b_dislocation_scale': 0.10102625463292376, 'gb_scale': 3.1343522348677983, 'gd_bubble_scale': 2.4565444103550895, 'gd_line_scale': 1.1974558344980213, 'gd_line_alpha': 0.23737854218143958, 'coalescence_d_scale': 2.130963975785944, 'capture_scale': 1.1125182647686984}. Best is trial 54 with value: 2.6321801896728414.
[I 2026-05-03 08:30:41,486] Trial 88 finished with value: 5.9847396074405355 and parameters: {'f_n': 4.432474459840067e-07, 'K_d': 196668.4380644038, 'rho_d': 63283450348859.06, 'fission_rate': 7.815783862224876e+19, 'Dg_D1_scale': 0.26273533087870804, 'Dg_D3_scale': 0.4427403844413518, 'Dv_D1_scale': 1.0709534695215301, 'Dv_D2_scale': 1.3998221145457646, 'b_bulk_scale': 0.435929526175466, 'b_dislocation_scale': 0.04443660742674458, 'gb_scale': 5.005344739701063, 'gd_bubble_scale': 4.911187008958791, 'gd_line_scale': 0.800822315622248, 'gd_line_alpha': 0.8950939553996422, 'coalescence_d_scale': 3.7162391224101414, 'capture_scale': 0.624753022841125}. Best is trial 54 with value: 2.6321801896728414.
[I 2026-05-03 08:30:45,678] Trial 89 finished with value: 5.634905781293644 and parameters: {'f_n': 2.1468943621549603e-06, 'K_d': 126079.77742631653, 'rho_d': 5423564594141.942, 'fission_rate': 7.391071098589703e+19, 'Dg_D1_scale': 0.2882158740149862, 'Dg_D3_scale': 0.7529646976849638, 'Dv_D1_scale': 1.396308362977409, 'Dv_D2_scale': 0.3218842079749553, 'b_bulk_scale': 0.5140846364159471, 'b_dislocation_scale': 0.22624303915690508, 'gb_scale': 2.260543431541018, 'gd_bubble_scale': 1.3349554773023717, 'gd_line_scale': 0.6150962642426523, 'gd_line_alpha': 0.21183491163288198, 'coalescence_d_scale': 0.12210441901662429, 'capture_scale': 0.17586449229642864}. Best is trial 54 with value: 2.6321801896728414.
[I 2026-05-03 08:30:50,003] Trial 90 finished with value: 3.8803398343008166 and parameters: {'f_n': 1.059272553898814e-06, 'K_d': 132624.4298454806, 'rho_d': 73458466790937.89, 'fission_rate': 7.205308851881116e+19, 'Dg_D1_scale': 0.19557152232091238, 'Dg_D3_scale': 0.38385724887876466, 'Dv_D1_scale': 1.2973820352396879, 'Dv_D2_scale': 3.9404441591961725, 'b_bulk_scale': 0.13643936592247244, 'b_dislocation_scale': 0.05784332646369829, 'gb_scale': 3.4256094768734395, 'gd_bubble_scale': 6.012433426956146, 'gd_line_scale': 0.15909595721181663, 'gd_line_alpha': 0.09516555411819806, 'coalescence_d_scale': 0.24537650190670338, 'capture_scale': 0.11854770475933535}. Best is trial 54 with value: 2.6321801896728414.
[I 2026-05-03 08:30:54,595] Trial 91 finished with value: 3.3965137386033244 and parameters: {'f_n': 2.0685423416513856e-06, 'K_d': 124664.48041780923, 'rho_d': 23285156082236.38, 'fission_rate': 6.771112991594627e+19, 'Dg_D1_scale': 0.3633322206312251, 'Dg_D3_scale': 0.48158867695876356, 'Dv_D1_scale': 0.6836573548254686, 'Dv_D2_scale': 0.22516304652517652, 'b_bulk_scale': 0.8054709387962214, 'b_dislocation_scale': 0.08334771087023465, 'gb_scale': 0.5797128985736685, 'gd_bubble_scale': 7.3434106893374125, 'gd_line_scale': 0.7018636550607577, 'gd_line_alpha': 0.26016251720489514, 'coalescence_d_scale': 0.6351691760091072, 'capture_scale': 2.1567131737324012}. Best is trial 54 with value: 2.6321801896728414.
[I 2026-05-03 08:30:59,206] Trial 92 finished with value: 2.800156158683837 and parameters: {'f_n': 1.5392722645860898e-06, 'K_d': 112596.99239375183, 'rho_d': 26987146790280.855, 'fission_rate': 6.673012807020503e+19, 'Dg_D1_scale': 0.4153612582262121, 'Dg_D3_scale': 0.2534014765385224, 'Dv_D1_scale': 0.9032217871340886, 'Dv_D2_scale': 1.0651103377117774, 'b_bulk_scale': 1.306215702147402, 'b_dislocation_scale': 0.12772526350556282, 'gb_scale': 1.5282627557409223, 'gd_bubble_scale': 7.281100322191763, 'gd_line_scale': 0.38000719314050496, 'gd_line_alpha': 0.2974534899323783, 'coalescence_d_scale': 0.34946421132519934, 'capture_scale': 3.7157089587031344}. Best is trial 54 with value: 2.6321801896728414.
[I 2026-05-03 08:31:02,100] Trial 93 finished with value: 3.720586499682196 and parameters: {'f_n': 1.5743245387296976e-07, 'K_d': 113074.95618243999, 'rho_d': 26412703468367.46, 'fission_rate': 6.658812013397311e+19, 'Dg_D1_scale': 0.22839668125879087, 'Dg_D3_scale': 0.24404926580720862, 'Dv_D1_scale': 1.0212700220505777, 'Dv_D2_scale': 1.2227377110094413, 'b_bulk_scale': 1.169495142477958, 'b_dislocation_scale': 0.12317442036060709, 'gb_scale': 1.0472501528369078, 'gd_bubble_scale': 9.076398156814632, 'gd_line_scale': 0.3671444864038398, 'gd_line_alpha': 0.4335948948517755, 'coalescence_d_scale': 0.34242324277424385, 'capture_scale': 3.2986581394511507}. Best is trial 54 with value: 2.6321801896728414.
[I 2026-05-03 08:31:06,753] Trial 94 finished with value: 2.772210487425845 and parameters: {'f_n': 1.4917191428771422e-06, 'K_d': 104768.45580770193, 'rho_d': 31476775863361.742, 'fission_rate': 6.561973794508567e+19, 'Dg_D1_scale': 0.39848405427981864, 'Dg_D3_scale': 0.18934125482974518, 'Dv_D1_scale': 0.9046142039272705, 'Dv_D2_scale': 1.619830670340412, 'b_bulk_scale': 1.0159021966501698, 'b_dislocation_scale': 0.1405983364949807, 'gb_scale': 0.873139064241812, 'gd_bubble_scale': 5.56403350090659, 'gd_line_scale': 0.5200557730912171, 'gd_line_alpha': 0.2938990680462903, 'coalescence_d_scale': 0.2118110174020747, 'capture_scale': 1.6729444158086706}. Best is trial 54 with value: 2.6321801896728414.
[I 2026-05-03 08:31:11,476] Trial 95 finished with value: 2.7817811156821133 and parameters: {'f_n': 1.509938305073311e-06, 'K_d': 104394.50906318269, 'rho_d': 30319586839347.293, 'fission_rate': 6.512483826257356e+19, 'Dg_D1_scale': 0.4104381044955969, 'Dg_D3_scale': 0.16883586784789195, 'Dv_D1_scale': 0.8659278810004538, 'Dv_D2_scale': 1.5384710657505865, 'b_bulk_scale': 0.3839824795693571, 'b_dislocation_scale': 0.151626415384395, 'gb_scale': 0.42280178163202353, 'gd_bubble_scale': 5.272511151689955, 'gd_line_scale': 0.5025198789708334, 'gd_line_alpha': 0.3169563854923823, 'coalescence_d_scale': 0.10027244648293669, 'capture_scale': 3.658902119115173}. Best is trial 54 with value: 2.6321801896728414.
