[I 2026-05-03 08:28:23,759] Trial 55 finished with value: 4.110954371776235 and parameters: {'f_n': 1.6926828822675306e-09, 'K_d': 173499.38189994267, 'rho_d': 25455272014383.14, 'fission_rate': 6.738652715818603e+19, 'Dg_D1_scale': 0.30992413219377146, 'Dg_D3_scale': 0.5193980536775709, 'Dv_D1_scale': 0.6608287503143407, 'Dv_D2_scale': 0.9415990726529833, 'b_bulk_scale': 0.5915472068972354, 'b_dislocation_scale': 0.12391374197521839, 'gb_scale': 2.9100763634582054, 'gd_bubble_scale': 8.19712663362234, 'gd_line_scale': 0.34623920442257294, 'gd_line_alpha': 0.08155774831860621, 'coalescence_d_scale': 0.20057530782677488, 'capture_scale': 1.0520390005304154}. Best is trial 54 with value: 2.6321801896728414.
[I 2026-05-03 08:28:26,454] Trial 56 finished with value: 2.736434801903167 and parameters: {'f_n': 9.486599231529696e-07, 'K_d': 149216.13714194662, 'rho_d': 39189167676582.64, 'fission_rate': 7.112290919875715e+19, 'Dg_D1_scale': 0.20817429702412557, 'Dg_D3_scale': 0.46904701282705763, 'Dv_D1_scale': 0.9274864144879695, 'Dv_D2_scale': 0.2913857793122102, 'b_bulk_scale': 0.6830764555749634, 'b_dislocation_scale': 0.09053386891245187, 'gb_scale': 3.826837970597939, 'gd_bubble_scale': 7.249738046173443, 'gd_line_scale': 0.4469748049370241, 'gd_line_alpha': 0.1653845025613483, 'coalescence_d_scale': 0.37313449215056255, 'capture_scale': 1.6299271830993203}. Best is trial 54 with value: 2.6321801896728414.
[I 2026-05-03 08:28:30,998] Trial 57 finished with value: 3.214518107261383 and parameters: {'f_n': 8.649647972105798e-07, 'K_d': 149475.86730151606, 'rho_d': 45724277118385.6, 'fission_rate': 7.331301771488917e+19, 'Dg_D1_scale': 0.18631984308744043, 'Dg_D3_scale': 0.30685740072204576, 'Dv_D1_scale': 0.8972785408102938, 'Dv_D2_scale': 0.2572131319472817, 'b_bulk_scale': 0.6990374933631632, 'b_dislocation_scale': 0.08582996193174137, 'gb_scale': 3.8521463799789757, 'gd_bubble_scale': 7.6683952596970855, 'gd_line_scale': 0.11991164869430972, 'gd_line_alpha': 0.5231547009408414, 'coalescence_d_scale': 0.3561950867085118, 'capture_scale': 1.4376593515664784}. Best is trial 54 with value: 2.6321801896728414.
[I 2026-05-03 08:28:35,548] Trial 58 finished with value: 2.792064427595354 and parameters: {'f_n': 8.108985365509302e-08, 'K_d': 113695.02592498706, 'rho_d': 65431791424700.09, 'fission_rate': 6.961845464854126e+19, 'Dg_D1_scale': 0.225923329860661, 'Dg_D3_scale': 0.42719772167565, 'Dv_D1_scale': 1.2061084624626228, 'Dv_D2_scale': 0.309085446050263, 'b_bulk_scale': 0.3172290137275727, 'b_dislocation_scale': 0.10023836741634187, 'gb_scale': 5.8261226621527165, 'gd_bubble_scale': 6.842811735411391, 'gd_line_scale': 0.2901906259098946, 'gd_line_alpha': 0.33606301969475233, 'coalescence_d_scale': 0.16113619985226282, 'capture_scale': 1.8203715653039325}. Best is trial 54 with value: 2.6321801896728414.
[I 2026-05-03 08:28:40,292] Trial 59 finished with value: 3.7009680955085424 and parameters: {'f_n': 3.808332801808474e-08, 'K_d': 100325.01031194524, 'rho_d': 71506522841024.58, 'fission_rate': 6.903013272702004e+19, 'Dg_D1_scale': 0.15379277801964833, 'Dg_D3_scale': 0.4555306467326256, 'Dv_D1_scale': 1.4047358280884064, 'Dv_D2_scale': 0.2654587644897439, 'b_bulk_scale': 0.35053817894298817, 'b_dislocation_scale': 0.09914448692996725, 'gb_scale': 6.869970383195027, 'gd_bubble_scale': 9.665075666522315, 'gd_line_scale': 0.4780722731354993, 'gd_line_alpha': 0.34838264378704453, 'coalescence_d_scale': 0.2016869790392911, 'capture_scale': 1.7350763240502192}. Best is trial 54 with value: 2.6321801896728414.
[I 2026-05-03 08:28:44,399] Trial 60 finished with value: 3.732643586630702 and parameters: {'f_n': 8.630906033996869e-08, 'K_d': 116831.60604963792, 'rho_d': 41205841341439.12, 'fission_rate': 7.647410844951742e+19, 'Dg_D1_scale': 0.2034743960630611, 'Dg_D3_scale': 0.22901600939236938, 'Dv_D1_scale': 1.6777664276295152, 'Dv_D2_scale': 0.31682132088507403, 'b_bulk_scale': 0.2856363081850453, 'b_dislocation_scale': 0.14773114599089768, 'gb_scale': 6.075289849569913, 'gd_bubble_scale': 7.378329721882124, 'gd_line_scale': 0.2873049528164873, 'gd_line_alpha': 0.42063883980526506, 'coalescence_d_scale': 0.23019303526444027, 'capture_scale': 5.60956855930659}. Best is trial 54 with value: 2.6321801896728414.Best trial: 54. Best value: 2.63218:  20%|██        | 60/300 [05:12<18:04,  4.52s/it]Best trial: 54. Best value: 2.63218:  20%|██        | 60/300 [05:12<18:04,  4.52s/it]Best trial: 54. Best value: 2.63218:  20%|██        | 61/300 [05:12<17:30,  4.39s/it]                                                                                     Best trial: 54. Best value: 2.63218:  20%|██        | 61/300 [05:17<17:30,  4.39s/it]Best trial: 54. Best value: 2.63218:  20%|██        | 61/300 [05:17<17:30,  4.39s/it]Best trial: 54. Best value: 2.63218:  21%|██        | 62/300 [05:17<17:37,  4.44s/it]                                                                                     Best trial: 54. Best value: 2.63218:  21%|██        | 62/300 [05:22<17:37,  4.44s/it]Best trial: 54. Best value: 2.63218:  21%|██        | 62/300 [05:22<17:37,  4.44s/it]Best trial: 54. Best value: 2.63218:  21%|██        | 63/300 [05:22<17:58,  4.55s/it]                                                                                     Best trial: 54. Best value: 2.63218:  21%|██        | 63/300 [05:25<17:58,  4.55s/it]Best trial: 54. Best value: 2.63218:  21%|██        | 63/300 [05:25<17:58,  4.55s/it]Best trial: 54. Best value: 2.63218:  21%|██▏       | 64/300 [05:25<16:12,  4.12s/it]                                                                                     Best trial: 54. Best value: 2.63218:  21%|██▏       | 64/300 [05:29<16:12,  4.12s/it]Best trial: 54. Best value: 2.63218:  21%|██▏       | 64/300 [05:30<16:12,  4.12s/it]Best trial: 54. Best value: 2.63218:  22%|██▏       | 65/300 [05:30<16:56,  4.33s/it]                                                                                     Best trial: 54. Best value: 2.63218:  22%|██▏       | 65/300 [05:34<16:56,  4.33s/it]Best trial: 54. Best value: 2.63218:  22%|██▏       | 65/300 [05:34<16:56,  4.33s/it]Best trial: 54. Best value: 2.63218:  22%|██▏       | 66/300 [05:34<17:12,  4.41s/it]                                                                                     Best trial: 54. Best value: 2.63218:  22%|██▏       | 66/300 [05:39<17:12,  4.41s/it]Best trial: 54. Best value: 2.63218:  22%|██▏       | 66/300 [05:39<17:12,  4.41s/it]Best trial: 54. Best value: 2.63218:  22%|██▏       | 67/300 [05:39<17:41,  4.56s/it]                                                                                     Best trial: 54. Best value: 2.63218:  22%|██▏       | 67/300 [05:43<17:41,  4.56s/it]Best trial: 54. Best value: 2.63218:  22%|██▏       | 67/300 [05:43<17:41,  4.56s/it]Best trial: 54. Best value: 2.63218:  23%|██▎       | 68/300 [05:43<17:23,  4.50s/it]                                                                                     Best trial: 54. Best value: 2.63218:  23%|██▎       | 68/300 [05:48<17:23,  4.50s/it]Best trial: 54. Best value: 2.63218:  23%|██▎       | 68/300 [05:48<17:23,  4.50s/it]Best trial: 54. Best value: 2.63218:  23%|██▎       | 69/300 [05:48<17:12,  4.47s/it]                                                                                     Best trial: 54. Best value: 2.63218:  23%|██▎       | 69/300 [05:52<17:12,  4.47s/it]Best trial: 54. Best value: 2.63218:  23%|██▎       | 69/300 [05:52<17:12,  4.47s/it]Best trial: 54. Best value: 2.63218:  23%|██▎       | 70/300 [05:52<16:53,  4.41s/it]                                                                                     Best trial: 54. Best value: 2.63218:  23%|██▎       | 70/300 [05:56<16:53,  4.41s/it]Best trial: 54. Best value: 2.63218:  23%|██▎       | 70/300 [05:57<16:53,  4.41s/it]Best trial: 54. Best value: 2.63218:  24%|██▎       | 71/300 [05:57<16:52,  4.42s/it]                                                                                     Best trial: 54. Best value: 2.63218:  24%|██▎       | 71/300 [05:59<16:52,  4.42s/it]Best trial: 54. Best value: 2.63218:  24%|██▎       | 71/300 [05:59<16:52,  4.42s/it]Best trial: 54. Best value: 2.63218:  24%|██▍       | 72/300 [05:59<14:54,  3.93s/it]                                                                                     
[I 2026-05-03 08:28:48,953] Trial 61 finished with value: 5.636749234990822 and parameters: {'f_n': 2.1837751645005356e-08, 'K_d': 149367.97654727436, 'rho_d': 60485445992239.27, 'fission_rate': 7.0646185669494645e+19, 'Dg_D1_scale': 0.2810107358278577, 'Dg_D3_scale': 0.4214980246608399, 'Dv_D1_scale': 1.2700436325520672, 'Dv_D2_scale': 0.369310297802596, 'b_bulk_scale': 0.4592727602178609, 'b_dislocation_scale': 0.04746064955320612, 'gb_scale': 4.768604840906858, 'gd_bubble_scale': 6.3777342931223515, 'gd_line_scale': 0.5444964752417356, 'gd_line_alpha': 0.16504975761513996, 'coalescence_d_scale': 0.13759041711286615, 'capture_scale': 0.9929574866275952}. Best is trial 54 with value: 2.6321801896728414.
[I 2026-05-03 08:28:53,752] Trial 62 finished with value: 2.6804503979234617 and parameters: {'f_n': 1.7906329634470832e-07, 'K_d': 114163.43199188239, 'rho_d': 58633926472339.3, 'fission_rate': 6.638677601453499e+19, 'Dg_D1_scale': 0.22363308749713293, 'Dg_D3_scale': 0.5440030425646265, 'Dv_D1_scale': 1.2315148350622105, 'Dv_D2_scale': 0.23436538699074594, 'b_bulk_scale': 0.16237315054421256, 'b_dislocation_scale': 0.06039499121388815, 'gb_scale': 3.4076237401569953, 'gd_bubble_scale': 4.580841374166389, 'gd_line_scale': 0.40605455373627697, 'gd_line_alpha': 0.2667081390203737, 'coalescence_d_scale': 0.4435618098562866, 'capture_scale': 0.3853282598756863}. Best is trial 54 with value: 2.6321801896728414.
[I 2026-05-03 08:28:56,882] Trial 63 finished with value: 2.87740292436859 and parameters: {'f_n': 1.8738161537879328e-07, 'K_d': 113633.4154732109, 'rho_d': 55807278618785.38, 'fission_rate': 6.5997155308673245e+19, 'Dg_D1_scale': 0.22370821243962116, 'Dg_D3_scale': 0.3558002136096257, 'Dv_D1_scale': 0.9499333372987706, 'Dv_D2_scale': 0.2296560232286876, 'b_bulk_scale': 0.16306529343605172, 'b_dislocation_scale': 0.03402929361858352, 'gb_scale': 3.339917939630837, 'gd_bubble_scale': 5.73357434497931, 'gd_line_scale': 0.38521432746142636, 'gd_line_alpha': 0.2894729469595732, 'coalescence_d_scale': 0.42328817180391537, 'capture_scale': 0.4291883328270169}. Best is trial 54 with value: 2.6321801896728414.
[I 2026-05-03 08:29:01,679] Trial 64 finished with value: 3.405551234225674 and parameters: {'f_n': 1.9106346400383553e-07, 'K_d': 111082.41651675467, 'rho_d': 57109465579759.125, 'fission_rate': 6.607891694292926e+19, 'Dg_D1_scale': 0.22014946169456587, 'Dg_D3_scale': 0.3552473962552079, 'Dv_D1_scale': 1.217646562159704, 'Dv_D2_scale': 0.21453599459506978, 'b_bulk_scale': 0.14625867289766964, 'b_dislocation_scale': 0.05952241141042864, 'gb_scale': 7.955332040908277, 'gd_bubble_scale': 4.798903409183544, 'gd_line_scale': 0.393245676899499, 'gd_line_alpha': 0.3290876181787441, 'coalescence_d_scale': 0.4171478965334528, 'capture_scale': 0.34726496450612465}. Best is trial 54 with value: 2.6321801896728414.
[I 2026-05-03 08:29:06,295] Trial 65 finished with value: 3.692583933065192 and parameters: {'f_n': 5.212809545578863e-08, 'K_d': 111495.30864100713, 'rho_d': 77824459758119.6, 'fission_rate': 6.803312807607315e+19, 'Dg_D1_scale': 0.17411788254515287, 'Dg_D3_scale': 0.3175280569800048, 'Dv_D1_scale': 0.8910023084615697, 'Dv_D2_scale': 0.23321057654540145, 'b_bulk_scale': 0.17235496172323012, 'b_dislocation_scale': 0.03007085261260208, 'gb_scale': 3.2967452212690316, 'gd_bubble_scale': 5.358744211781402, 'gd_line_scale': 0.2514078064915298, 'gd_line_alpha': 0.29457725771363463, 'coalescence_d_scale': 0.2620482981239118, 'capture_scale': 0.41193908944264307}. Best is trial 54 with value: 2.6321801896728414.
[I 2026-05-03 08:29:11,192] Trial 66 finished with value: 3.123434978591656 and parameters: {'f_n': 1.1604244332231506e-07, 'K_d': 163542.67334290477, 'rho_d': 53359194716652.46, 'fission_rate': 6.461841862977044e+19, 'Dg_D1_scale': 0.21946528421310105, 'Dg_D3_scale': 0.25321564116929474, 'Dv_D1_scale': 1.6297874291892733, 'Dv_D2_scale': 0.29878082100007064, 'b_bulk_scale': 0.05827569241403871, 'b_dislocation_scale': 0.03549347849558449, 'gb_scale': 3.7518890131852065, 'gd_bubble_scale': 9.943968665156712, 'gd_line_scale': 0.3243582977051206, 'gd_line_alpha': 0.5668077114684007, 'coalescence_d_scale': 0.11557888133379225, 'capture_scale': 0.20833311787820027}. Best is trial 54 with value: 2.6321801896728414.
[I 2026-05-03 08:29:15,545] Trial 67 finished with value: 2.8168345948564193 and parameters: {'f_n': 2.688753576921952e-07, 'K_d': 140239.283543736, 'rho_d': 48454007701855.484, 'fission_rate': 7.221807086192363e+19, 'Dg_D1_scale': 0.24839740682923836, 'Dg_D3_scale': 0.4193409455139986, 'Dv_D1_scale': 0.8206096955359459, 'Dv_D2_scale': 0.22835907435977207, 'b_bulk_scale': 0.09766755886660516, 'b_dislocation_scale': 0.036229902669326894, 'gb_scale': 2.700281887235031, 'gd_bubble_scale': 4.160141120127505, 'gd_line_scale': 0.44769941898088295, 'gd_line_alpha': 0.38466405076783916, 'coalescence_d_scale': 0.17381516893195856, 'capture_scale': 0.6182651009580188}. Best is trial 54 with value: 2.6321801896728414.
[I 2026-05-03 08:29:19,961] Trial 68 finished with value: 3.4673496084838753 and parameters: {'f_n': 2.403540696230315e-07, 'K_d': 141364.44704273238, 'rho_d': 47758251359445.195, 'fission_rate': 7.1601198401835745e+19, 'Dg_D1_scale': 0.16818397414824066, 'Dg_D3_scale': 0.4042908654486251, 'Dv_D1_scale': 0.9904529279513983, 'Dv_D2_scale': 0.23109466973895304, 'b_bulk_scale': 0.08439483181016733, 'b_dislocation_scale': 0.049748009732034464, 'gb_scale': 5.530354590050225, 'gd_bubble_scale': 5.927259380096973, 'gd_line_scale': 0.42165291339490846, 'gd_line_alpha': 0.374433918549454, 'coalescence_d_scale': 0.1648354002366409, 'capture_scale': 0.6098244208551673}. Best is trial 54 with value: 2.6321801896728414.
[I 2026-05-03 08:29:24,218] Trial 69 finished with value: 4.0131808261336985 and parameters: {'f_n': 7.584407296527868e-08, 'K_d': 201263.95199799768, 'rho_d': 64314973461132.69, 'fission_rate': 7.322152670695002e+19, 'Dg_D1_scale': 0.23975110956434062, 'Dg_D3_scale': 0.5301462346018441, 'Dv_D1_scale': 0.8045264896473553, 'Dv_D2_scale': 0.2870775848370869, 'b_bulk_scale': 0.09580512000767942, 'b_dislocation_scale': 0.03396093769434406, 'gb_scale': 2.5641600294260525, 'gd_bubble_scale': 4.186575780621237, 'gd_line_scale': 0.5414907163800596, 'gd_line_alpha': 0.46297818184109674, 'coalescence_d_scale': 0.14754298526250395, 'capture_scale': 0.6922094271819317}. Best is trial 54 with value: 2.6321801896728414.
[I 2026-05-03 08:29:28,673] Trial 70 finished with value: 3.124190606767417 and parameters: {'f_n': 3.0266087453053843e-07, 'K_d': 160540.40150886565, 'rho_d': 43121717548039.484, 'fission_rate': 6.992889178776701e+19, 'Dg_D1_scale': 0.20872449673425839, 'Dg_D3_scale': 0.3734546777891522, 'Dv_D1_scale': 0.9490595701790067, 'Dv_D2_scale': 0.33139955399610627, 'b_bulk_scale': 0.09678261875370783, 'b_dislocation_scale': 0.03886777805947316, 'gb_scale': 4.3812300342923445, 'gd_bubble_scale': 2.074055347599803, 'gd_line_scale': 0.687265257997557, 'gd_line_alpha': 0.2837808342954644, 'coalescence_d_scale': 0.2774527402397767, 'capture_scale': 0.3785102052020843}. Best is trial 54 with value: 2.6321801896728414.
[I 2026-05-03 08:29:31,442] Trial 71 finished with value: 4.63235487051983 and parameters: {'f_n': 5.386118346273044e-07, 'K_d': 116667.9955856983, 'rho_d': 53077411341627.664, 'fission_rate': 6.652833871691783e+19, 'Dg_D1_scale': 0.2649918394166388, 'Dg_D3_scale': 0.432606058920787, 'Dv_D1_scale': 1.1468268917163016, 'Dv_D2_scale': 0.24659989819727868, 'b_bulk_scale': 0.11798649647470841, 'b_dislocation_scale': 0.10937782409617676, 'gb_scale': 2.7106640065663203, 'gd_bubble_scale': 3.2545303176816436, 'gd_line_scale': 0.1980420479752154, 'gd_line_alpha': 0.40172550372209137, 'coalescence_d_scale': 0.4582516622010019, 'capture_scale': 0.5392212325401718}. Best is trial 54 with value: 2.6321801896728414.
[I 2026-05-03 08:29:36,143] Trial 72 finished with value: 4.268660967958285 and parameters: {'f_n': 1.5778959096320831e-07, 'K_d': 137616.36752861223, 'rho_d': 36429878301419.69, 'fission_rate': 6.5062549900689424e+19, 'Dg_D1_scale': 0.24563983741301135, 'Dg_D3_scale': 0.5246769875201097, 'Dv_D1_scale': 0.7453789884925294, 'Dv_D2_scale': 0.2151636534932733, 'b_bulk_scale': 0.0772477722522683, 'b_dislocation_scale': 0.057387495101912676, 'gb_scale': 3.5695934541549237, 'gd_bubble_scale': 4.544293290774604, 'gd_line_scale': 0.1429102272667543, 'gd_line_alpha': 0.33296832912607716, 'coalescence_d_scale': 0.388390680971444, 'capture_scale': 0.2377563493043165}. Best is trial 54 with value: 2.6321801896728414.Best trial: 54. Best value: 2.63218:  24%|██▍       | 72/300 [06:04<14:54,  3.93s/it]Best trial: 54. Best value: 2.63218:  24%|██▍       | 72/300 [06:04<14:54,  3.93s/it]Best trial: 54. Best value: 2.63218:  24%|██▍       | 73/300 [06:04<15:44,  4.16s/it]                                                                                     Best trial: 54. Best value: 2.63218:  24%|██▍       | 73/300 [06:08<15:44,  4.16s/it]Best trial: 54. Best value: 2.63218:  24%|██▍       | 73/300 [06:08<15:44,  4.16s/it]Best trial: 54. Best value: 2.63218:  25%|██▍       | 74/300 [06:08<16:01,  4.26s/it]                                                                                     Best trial: 54. Best value: 2.63218:  25%|██▍       | 74/300 [06:13<16:01,  4.26s/it]Best trial: 54. Best value: 2.63218:  25%|██▍       | 74/300 [06:13<16:01,  4.26s/it]Best trial: 54. Best value: 2.63218:  25%|██▌       | 75/300 [06:13<16:13,  4.33s/it]                                                                                     Best trial: 54. Best value: 2.63218:  25%|██▌       | 75/300 [06:17<16:13,  4.33s/it]Best trial: 54. Best value: 2.63218:  25%|██▌       | 75/300 [06:17<16:13,  4.33s/it]Best trial: 54. Best value: 2.63218:  25%|██▌       | 76/300 [06:17<16:00,  4.29s/it]                                                                                     Best trial: 54. Best value: 2.63218:  25%|██▌       | 76/300 [06:21<16:00,  4.29s/it]Best trial: 54. Best value: 2.63218:  25%|██▌       | 76/300 [06:21<16:00,  4.29s/it]Best trial: 54. Best value: 2.63218:  26%|██▌       | 77/300 [06:21<15:48,  4.25s/it]                                                                                     Best trial: 54. Best value: 2.63218:  26%|██▌       | 77/300 [06:26<15:48,  4.25s/it]Best trial: 54. Best value: 2.63218:  26%|██▌       | 77/300 [06:26<15:48,  4.25s/it]Best trial: 54. Best value: 2.63218:  26%|██▌       | 78/300 [06:26<15:46,  4.26s/it]                                                                                     Best trial: 54. Best value: 2.63218:  26%|██▌       | 78/300 [06:28<15:46,  4.26s/it]Best trial: 54. Best value: 2.63218:  26%|██▌       | 78/300 [06:28<15:46,  4.26s/it]Best trial: 54. Best value: 2.63218:  26%|██▋       | 79/300 [06:28<13:26,  3.65s/it]                                                                                     Best trial: 54. Best value: 2.63218:  26%|██▋       | 79/300 [06:32<13:26,  3.65s/it]Best trial: 54. Best value: 2.63218:  26%|██▋       | 79/300 [06:32<13:26,  3.65s/it]Best trial: 54. Best value: 2.63218:  27%|██▋       | 80/300 [06:32<13:58,  3.81s/it]                                                                                     Best trial: 54. Best value: 2.63218:  27%|██▋       | 80/300 [06:36<13:58,  3.81s/it]Best trial: 54. Best value: 2.63218:  27%|██▋       | 80/300 [06:36<13:58,  3.81s/it]Best trial: 54. Best value: 2.63218:  27%|██▋       | 81/300 [06:36<14:04,  3.86s/it]                                                                                     Best trial: 54. Best value: 2.63218:  27%|██▋       | 81/300 [06:40<14:04,  3.86s/it]Best trial: 54. Best value: 2.63218:  27%|██▋       | 81/300 [06:40<14:04,  3.86s/it]Best trial: 54. Best value: 2.63218:  27%|██▋       | 82/300 [06:40<14:35,  4.01s/it]                                                                                     Best trial: 54. Best value: 2.63218:  27%|██▋       | 82/300 [06:45<14:35,  4.01s/it]Best trial: 54. Best value: 2.63218:  27%|██▋       | 82/300 [06:45<14:35,  4.01s/it]Best trial: 54. Best value: 2.63218:  28%|██▊       | 83/300 [06:45<15:28,  4.28s/it]                                                                                     Best trial: 54. Best value: 2.63218:  28%|██▊       | 83/300 [06:50<15:28,  4.28s/it]Best trial: 54. Best value: 2.63218:  28%|██▊       | 83/300 [06:50<15:28,  4.28s/it]Best trial: 54. Best value: 2.63218:  28%|██▊       | 84/300 [06:50<16:19,  4.53s/it]                                                                                     
[I 2026-05-03 08:29:40,628] Trial 73 finished with value: 3.9185750215821447 and parameters: {'f_n': 4.086198651856494e-07, 'K_d': 107768.55448349807, 'rho_d': 52707058412862.0, 'fission_rate': 6.887152768976572e+19, 'Dg_D1_scale': 0.18526396729004804, 'Dg_D3_scale': 0.6493418701223489, 'Dv_D1_scale': 0.6110926319511453, 'Dv_D2_scale': 0.27914654289378, 'b_bulk_scale': 0.1609951501378517, 'b_dislocation_scale': 0.07649675192733753, 'gb_scale': 5.558435685244818, 'gd_bubble_scale': 5.690786967039068, 'gd_line_scale': 0.27814556107684824, 'gd_line_alpha': 0.2502382245821537, 'coalescence_d_scale': 0.3195253015845025, 'capture_scale': 0.880901800235281}. Best is trial 54 with value: 2.6321801896728414.
