[I 2026-05-03 08:41:38,559] Trial 228 finished with value: 2.50583880277128 and parameters: {'f_n': 1.8106898841806576e-07, 'K_d': 227958.81529551366, 'rho_d': 20506432522447.062, 'fission_rate': 5.342107481133689e+19, 'Dg_D1_scale': 1.0832722723203485, 'Dg_D3_scale': 0.18752151347124218, 'Dv_D1_scale': 0.3414637566328767, 'Dv_D2_scale': 3.6634190806670572, 'b_bulk_scale': 0.1519526826983848, 'b_dislocation_scale': 0.08265455528850028, 'gb_scale': 2.022737414292513, 'gd_bubble_scale': 1.3790245072831984, 'gd_line_scale': 1.6289791222152066, 'gd_line_alpha': 0.8092102099129919, 'coalescence_d_scale': 0.5939681328361944, 'capture_scale': 5.935110053345859}. Best is trial 201 with value: 2.478444293273857.Best trial: 201. Best value: 2.47844:  76%|███████▌  | 228/300 [18:06<06:31,  5.44s/it]Best trial: 201. Best value: 2.47844:  76%|███████▌  | 228/300 [18:06<06:31,  5.44s/it]Best trial: 201. Best value: 2.47844:  76%|███████▋  | 229/300 [18:06<05:50,  4.93s/it]                                                                                       Best trial: 201. Best value: 2.47844:  76%|███████▋  | 229/300 [18:12<05:50,  4.93s/it]Best trial: 201. Best value: 2.47844:  76%|███████▋  | 229/300 [18:12<05:50,  4.93s/it]Best trial: 201. Best value: 2.47844:  77%|███████▋  | 230/300 [18:12<06:06,  5.24s/it]                                                                                       Best trial: 201. Best value: 2.47844:  77%|███████▋  | 230/300 [18:18<06:06,  5.24s/it]Best trial: 201. Best value: 2.47844:  77%|███████▋  | 230/300 [18:18<06:06,  5.24s/it]Best trial: 201. Best value: 2.47844:  77%|███████▋  | 231/300 [18:18<06:11,  5.39s/it]                                                                                       Best trial: 201. Best value: 2.47844:  77%|███████▋  | 231/300 [18:24<06:11,  5.39s/it]Best trial: 201. Best value: 2.47844:  77%|███████▋  | 231/300 [18:24<06:11,  5.39s/it]Best trial: 201. Best value: 2.47844:  77%|███████▋  | 232/300 [18:24<06:18,  5.56s/it]                                                                                       Best trial: 201. Best value: 2.47844:  77%|███████▋  | 232/300 [18:31<06:18,  5.56s/it]Best trial: 232. Best value: 2.47818:  77%|███████▋  | 232/300 [18:31<06:18,  5.56s/it]Best trial: 232. Best value: 2.47818:  78%|███████▊  | 233/300 [18:31<06:38,  5.94s/it]                                                                                       Best trial: 232. Best value: 2.47818:  78%|███████▊  | 233/300 [18:37<06:38,  5.94s/it]Best trial: 232. Best value: 2.47818:  78%|███████▊  | 233/300 [18:35<06:38,  5.94s/it]Best trial: 232. Best value: 2.47818:  78%|███████▊  | 234/300 [18:35<05:57,  5.42s/it]                                                                                       Best trial: 232. Best value: 2.47818:  78%|███████▊  | 234/300 [18:41<05:57,  5.42s/it]Best trial: 232. Best value: 2.47818:  78%|███████▊  | 234/300 [18:41<05:57,  5.42s/it]Best trial: 232. Best value: 2.47818:  78%|███████▊  | 235/300 [18:41<05:58,  5.52s/it]                                                                                       Best trial: 232. Best value: 2.47818:  78%|███████▊  | 235/300 [18:46<05:58,  5.52s/it]Best trial: 232. Best value: 2.47818:  78%|███████▊  | 235/300 [18:46<05:58,  5.52s/it]Best trial: 232. Best value: 2.47818:  79%|███████▊  | 236/300 [18:46<05:51,  5.50s/it]                                                                                       Best trial: 232. Best value: 2.47818:  79%|███████▊  | 236/300 [18:52<05:51,  5.50s/it]Best trial: 232. Best value: 2.47818:  79%|███████▊  | 236/300 [18:52<05:51,  5.50s/it]Best trial: 232. Best value: 2.47818:  79%|███████▉  | 237/300 [18:52<05:52,  5.60s/it]                                                                                       Best trial: 232. Best value: 2.47818:  79%|███████▉  | 237/300 [18:58<05:52,  5.60s/it]Best trial: 232. Best value: 2.47818:  79%|███████▉  | 237/300 [18:58<05:52,  5.60s/it]Best trial: 232. Best value: 2.47818:  79%|███████▉  | 238/300 [18:58<05:50,  5.65s/it]                                                                                       Best trial: 232. Best value: 2.47818:  79%|███████▉  | 238/300 [19:04<05:50,  5.65s/it]Best trial: 232. Best value: 2.47818:  79%|███████▉  | 238/300 [19:04<05:50,  5.65s/it]Best trial: 232. Best value: 2.47818:  80%|███████▉  | 239/300 [19:04<05:52,  5.77s/it]                                                                                       Best trial: 232. Best value: 2.47818:  80%|███████▉  | 239/300 [19:07<05:52,  5.77s/it]Best trial: 232. Best value: 2.47818:  80%|███████▉  | 239/300 [19:07<05:52,  5.77s/it]Best trial: 232. Best value: 2.47818:  80%|████████  | 240/300 [19:07<05:02,  5.04s/it]                                                                                       
[I 2026-05-03 08:41:44,487] Trial 229 finished with value: 2.5019606863769663 and parameters: {'f_n': 1.7554926150754452e-07, 'K_d': 225574.10773313936, 'rho_d': 20420379651247.086, 'fission_rate': 5.375328100059481e+19, 'Dg_D1_scale': 1.0476645683872519, 'Dg_D3_scale': 0.18958023624139347, 'Dv_D1_scale': 0.3361425027503579, 'Dv_D2_scale': 3.6776012487177394, 'b_bulk_scale': 0.15333043849359373, 'b_dislocation_scale': 0.08571749938077944, 'gb_scale': 2.0039445008024983, 'gd_bubble_scale': 1.333795223343814, 'gd_line_scale': 1.6549970092321629, 'gd_line_alpha': 0.8254137075597382, 'coalescence_d_scale': 0.5875692619857983, 'capture_scale': 6.326904954697488}. Best is trial 201 with value: 2.478444293273857.
[I 2026-05-03 08:41:50,245] Trial 230 finished with value: 2.5308115094158072 and parameters: {'f_n': 1.8069949008095123e-07, 'K_d': 225891.5508551158, 'rho_d': 20658129408802.77, 'fission_rate': 5.3861926696736465e+19, 'Dg_D1_scale': 0.9158048320838136, 'Dg_D3_scale': 0.17987761513210115, 'Dv_D1_scale': 0.3303341315777905, 'Dv_D2_scale': 3.6592923099863786, 'b_bulk_scale': 0.1551484427889268, 'b_dislocation_scale': 0.08564676790878184, 'gb_scale': 1.9596464337555937, 'gd_bubble_scale': 1.3596046016400423, 'gd_line_scale': 1.407715974504424, 'gd_line_alpha': 0.8228479551527604, 'coalescence_d_scale': 0.646605808240476, 'capture_scale': 6.525058410616737}. Best is trial 201 with value: 2.478444293273857.
[I 2026-05-03 08:41:56,206] Trial 231 finished with value: 2.5114766981551546 and parameters: {'f_n': 1.8931237381384214e-07, 'K_d': 238768.6868739497, 'rho_d': 20083348814257.793, 'fission_rate': 5.2854310746335216e+19, 'Dg_D1_scale': 1.0586047905327134, 'Dg_D3_scale': 0.18708350156572415, 'Dv_D1_scale': 0.34914230553518627, 'Dv_D2_scale': 3.70195061063176, 'b_bulk_scale': 0.1711135157169939, 'b_dislocation_scale': 0.08383891521169533, 'gb_scale': 2.0904323054764204, 'gd_bubble_scale': 1.2926156253896401, 'gd_line_scale': 1.5786871529402715, 'gd_line_alpha': 0.8160732443048073, 'coalescence_d_scale': 0.5831879595347308, 'capture_scale': 7.720261212828556}. Best is trial 201 with value: 2.478444293273857.
[I 2026-05-03 08:42:03,028] Trial 232 finished with value: 2.4781804972577697 and parameters: {'f_n': 1.5453359763788338e-07, 'K_d': 251466.04167463366, 'rho_d': 18939973773066.758, 'fission_rate': 5.156753819008436e+19, 'Dg_D1_scale': 1.1326604828387876, 'Dg_D3_scale': 0.19816839144950682, 'Dv_D1_scale': 0.3149484795753292, 'Dv_D2_scale': 3.8417761924699603, 'b_bulk_scale': 0.14217147358775573, 'b_dislocation_scale': 0.0778283409992883, 'gb_scale': 2.3686455302965186, 'gd_bubble_scale': 1.15800017737182, 'gd_line_scale': 1.7332882113397694, 'gd_line_alpha': 0.7735270083145338, 'coalescence_d_scale': 0.5623274522807253, 'capture_scale': 5.991180724678921}. Best is trial 232 with value: 2.4781804972577697.
[I 2026-05-03 08:42:09,087] Trial 233 finished with value: 2.5582432679767266 and parameters: {'f_n': 1.9975492533043112e-07, 'K_d': 269544.6133858098, 'rho_d': 18761768786070.97, 'fission_rate': 5.100457703711653e+19, 'Dg_D1_scale': 1.072635353927007, 'Dg_D3_scale': 0.19410109931433822, 'Dv_D1_scale': 0.32085003356301717, 'Dv_D2_scale': 3.9801900317113015, 'b_bulk_scale': 0.14179668724909922, 'b_dislocation_scale': 0.07715450449647074, 'gb_scale': 2.2780949903709167, 'gd_bubble_scale': 1.0991326350197044, 'gd_line_scale': 1.6430956573034723, 'gd_line_alpha': 0.7717922115409109, 'coalescence_d_scale': 0.8314679240434637, 'capture_scale': 6.388278222652403}. Best is trial 232 with value: 2.4781804972577697.
[I 2026-05-03 08:42:12,983] Trial 234 finished with value: 2.5591924639364385 and parameters: {'f_n': 1.4477953474476791e-07, 'K_d': 251292.11600417478, 'rho_d': 19408901264532.195, 'fission_rate': 5.188320606677499e+19, 'Dg_D1_scale': 1.1828109602895207, 'Dg_D3_scale': 0.1743744333091558, 'Dv_D1_scale': 0.3555754142674404, 'Dv_D2_scale': 3.5543197590769595, 'b_bulk_scale': 0.1489459211144428, 'b_dislocation_scale': 0.07703477776708197, 'gb_scale': 2.0444394833406414, 'gd_bubble_scale': 1.1710994308578373, 'gd_line_scale': 1.291530834759274, 'gd_line_alpha': 0.8019004870704622, 'coalescence_d_scale': 0.7036002819360226, 'capture_scale': 5.7255654364761535}. Best is trial 232 with value: 2.4781804972577697.
[I 2026-05-03 08:42:18,433] Trial 235 finished with value: 2.514671893755669 and parameters: {'f_n': 1.606722459205358e-07, 'K_d': 223788.18933707156, 'rho_d': 20945037589784.766, 'fission_rate': 5.441652810506919e+19, 'Dg_D1_scale': 0.9533490071143292, 'Dg_D3_scale': 0.20653188056791605, 'Dv_D1_scale': 0.3136202065577517, 'Dv_D2_scale': 3.7390393853497264, 'b_bulk_scale': 0.13390382153825842, 'b_dislocation_scale': 0.08402094331916485, 'gb_scale': 2.4291242138362295, 'gd_bubble_scale': 0.07048499131113009, 'gd_line_scale': 1.6755720779536878, 'gd_line_alpha': 0.8211269946460595, 'coalescence_d_scale': 0.5507002583215633, 'capture_scale': 6.972470752918586}. Best is trial 232 with value: 2.4781804972577697.
[I 2026-05-03 08:42:24,273] Trial 236 finished with value: 2.4805381395352333 and parameters: {'f_n': 2.0089984649810924e-07, 'K_d': 263784.716787003, 'rho_d': 19459430682457.832, 'fission_rate': 5.311408738496774e+19, 'Dg_D1_scale': 1.1330683733074844, 'Dg_D3_scale': 0.19064380336262057, 'Dv_D1_scale': 0.3310020346938581, 'Dv_D2_scale': 3.9986049315649406, 'b_bulk_scale': 0.1627759821340302, 'b_dislocation_scale': 0.0710437451864661, 'gb_scale': 2.1669655883992367, 'gd_bubble_scale': 1.5546606131513514, 'gd_line_scale': 1.4527413276959178, 'gd_line_alpha': 0.8359465490548359, 'coalescence_d_scale': 0.5987449573095208, 'capture_scale': 5.460519142455507}. Best is trial 232 with value: 2.4781804972577697.
[I 2026-05-03 08:42:30,038] Trial 237 finished with value: 2.57788919988815 and parameters: {'f_n': 2.1942677247549623e-07, 'K_d': 265831.12009085354, 'rho_d': 18910511430644.234, 'fission_rate': 5.346888956641346e+19, 'Dg_D1_scale': 1.1774938284597625, 'Dg_D3_scale': 0.20754544551957993, 'Dv_D1_scale': 0.3684563361083725, 'Dv_D2_scale': 3.9706946022999356, 'b_bulk_scale': 0.1649552462104123, 'b_dislocation_scale': 0.07213250987851558, 'gb_scale': 2.298175882405025, 'gd_bubble_scale': 1.5889254316075494, 'gd_line_scale': 1.1503300187953462, 'gd_line_alpha': 0.8339401261459387, 'coalescence_d_scale': 0.5160923014399936, 'capture_scale': 4.911495447615669}. Best is trial 232 with value: 2.4781804972577697.
[I 2026-05-03 08:42:36,101] Trial 238 finished with value: 2.5042126874446153 and parameters: {'f_n': 1.464033663469931e-07, 'K_d': 252336.12750725742, 'rho_d': 17890358733212.57, 'fission_rate': 5.147405105337016e+19, 'Dg_D1_scale': 1.113624228497344, 'Dg_D3_scale': 0.19560736820041782, 'Dv_D1_scale': 0.3224949460361547, 'Dv_D2_scale': 3.993581219512345, 'b_bulk_scale': 0.13199487452231984, 'b_dislocation_scale': 0.06728378013293661, 'gb_scale': 1.854644005217396, 'gd_bubble_scale': 1.22104003779505, 'gd_line_scale': 1.4120810328415447, 'gd_line_alpha': 0.7831149744133751, 'coalescence_d_scale': 0.6279414908979338, 'capture_scale': 5.756481349656373}. Best is trial 232 with value: 2.4781804972577697.
[I 2026-05-03 08:42:39,423] Trial 239 finished with value: 4.948851493239381 and parameters: {'f_n': 1.2318261579107258e-07, 'K_d': 256864.2414861885, 'rho_d': 18339744308854.254, 'fission_rate': 5.010061061287128e+19, 'Dg_D1_scale': 1.042133264998853, 'Dg_D3_scale': 0.19674057347849597, 'Dv_D1_scale': 0.306633824737432, 'Dv_D2_scale': 3.7902681750616973, 'b_bulk_scale': 0.12659978110860337, 'b_dislocation_scale': 0.7270461633661837, 'gb_scale': 2.143966698519443, 'gd_bubble_scale': 1.6804308617866675, 'gd_line_scale': 1.401069972008306, 'gd_line_alpha': 0.7852358340969475, 'coalescence_d_scale': 0.6465953130153731, 'capture_scale': 5.579705375891667}. Best is trial 232 with value: 2.4781804972577697.
[I 2026-05-03 08:42:43,686] Trial 240 finished with value: 2.600486532681709 and parameters: {'f_n': 2.0384312004563638e-07, 'K_d': 252185.32588030797, 'rho_d': 19419411107391.875, 'fission_rate': 5.095965025997885e+19, 'Dg_D1_scale': 1.1583731314287522, 'Dg_D3_scale': 0.17986786808010513, 'Dv_D1_scale': 0.38767187775687567, 'Dv_D2_scale': 3.9902943259744283, 'b_bulk_scale': 0.1331350125512228, 'b_dislocation_scale': 0.057522207942456785, 'gb_scale': 2.4419401654382518, 'gd_bubble_scale': 1.405665165222343, 'gd_line_scale': 1.2640612380278329, 'gd_line_alpha': 0.754707261694074, 'coalescence_d_scale': 0.7649947464081408, 'capture_scale': 7.53021448471156}. Best is trial 232 with value: 2.4781804972577697.Best trial: 232. Best value: 2.47818:  80%|████████  | 240/300 [19:12<05:02,  5.04s/it]Best trial: 232. Best value: 2.47818:  80%|████████  | 240/300 [19:12<05:02,  5.04s/it]Best trial: 232. Best value: 2.47818:  80%|████████  | 241/300 [19:12<04:43,  4.81s/it]                                                                                       Best trial: 232. Best value: 2.47818:  80%|████████  | 241/300 [19:18<04:43,  4.81s/it]Best trial: 232. Best value: 2.47818:  80%|████████  | 241/300 [19:18<04:43,  4.81s/it]Best trial: 232. Best value: 2.47818:  81%|████████  | 242/300 [19:18<05:06,  5.28s/it]                                                                                       Best trial: 232. Best value: 2.47818:  81%|████████  | 242/300 [19:24<05:06,  5.28s/it]Best trial: 232. Best value: 2.47818:  81%|████████  | 242/300 [19:24<05:06,  5.28s/it]Best trial: 232. Best value: 2.47818:  81%|████████  | 243/300 [19:24<05:13,  5.51s/it]                                                                                       Best trial: 232. Best value: 2.47818:  81%|████████  | 243/300 [19:30<05:13,  5.51s/it]Best trial: 232. Best value: 2.47818:  81%|████████  | 243/300 [19:30<05:13,  5.51s/it]Best trial: 232. Best value: 2.47818:  81%|████████▏ | 244/300 [19:30<05:16,  5.65s/it]                                                                                       Best trial: 232. Best value: 2.47818:  81%|████████▏ | 244/300 [19:36<05:16,  5.65s/it]Best trial: 232. Best value: 2.47818:  81%|████████▏ | 244/300 [19:36<05:16,  5.65s/it]Best trial: 232. Best value: 2.47818:  82%|████████▏ | 245/300 [19:36<05:11,  5.65s/it]                                                                                       Best trial: 232. Best value: 2.47818:  82%|████████▏ | 245/300 [19:39<05:11,  5.65s/it]Best trial: 232. Best value: 2.47818:  82%|████████▏ | 245/300 [19:39<05:11,  5.65s/it]Best trial: 232. Best value: 2.47818:  82%|████████▏ | 246/300 [19:39<04:31,  5.03s/it]                                                                                       Best trial: 232. Best value: 2.47818:  82%|████████▏ | 246/300 [19:45<04:31,  5.03s/it]Best trial: 232. Best value: 2.47818:  82%|████████▏ | 246/300 [19:45<04:31,  5.03s/it]Best trial: 232. Best value: 2.47818:  82%|████████▏ | 247/300 [19:45<04:35,  5.20s/it]                                                                                       Best trial: 232. Best value: 2.47818:  82%|████████▏ | 247/300 [19:50<04:35,  5.20s/it]Best trial: 232. Best value: 2.47818:  82%|████████▏ | 247/300 [19:50<04:35,  5.20s/it]Best trial: 232. Best value: 2.47818:  83%|████████▎ | 248/300 [19:50<04:35,  5.30s/it]                                                                                       Best trial: 232. Best value: 2.47818:  83%|████████▎ | 248/300 [19:56<04:35,  5.30s/it]Best trial: 232. Best value: 2.47818:  83%|████████▎ | 248/300 [19:56<04:35,  5.30s/it]Best trial: 232. Best value: 2.47818:  83%|████████▎ | 249/300 [19:56<04:35,  5.39s/it]                                                                                       Best trial: 232. Best value: 2.47818:  83%|████████▎ | 249/300 [20:01<04:35,  5.39s/it]Best trial: 232. Best value: 2.47818:  83%|████████▎ | 249/300 [20:01<04:35,  5.39s/it]Best trial: 232. Best value: 2.47818:  83%|████████▎ | 250/300 [20:01<04:30,  5.42s/it]                                                                                       Best trial: 232. Best value: 2.47818:  83%|████████▎ | 250/300 [20:07<04:30,  5.42s/it]Best trial: 232. Best value: 2.47818:  83%|████████▎ | 250/300 [20:07<04:30,  5.42s/it]Best trial: 232. Best value: 2.47818:  84%|████████▎ | 251/300 [20:07<04:28,  5.47s/it]                                                                                       Best trial: 232. Best value: 2.47818:  84%|████████▎ | 251/300 [20:11<04:28,  5.47s/it]Best trial: 232. Best value: 2.47818:  84%|████████▎ | 251/300 [20:11<04:28,  5.47s/it]Best trial: 232. Best value: 2.47818:  84%|████████▍ | 252/300 [20:11<03:55,  4.91s/it]                                                                                       
[I 2026-05-03 08:42:50,066] Trial 241 finished with value: 2.5115802514985273 and parameters: {'f_n': 1.5361745504996266e-07, 'K_d': 274821.6819240532, 'rho_d': 17688569602193.844, 'fission_rate': 4.8889151886553735e+19, 'Dg_D1_scale': 1.3464378402332413, 'Dg_D3_scale': 0.2096884906344124, 'Dv_D1_scale': 0.33293642153440367, 'Dv_D2_scale': 3.5159726430314766, 'b_bulk_scale': 0.1464847437639353, 'b_dislocation_scale': 0.06759465494981902, 'gb_scale': 1.7940720791772244, 'gd_bubble_scale': 1.11396267981896, 'gd_line_scale': 1.4955250974747838, 'gd_line_alpha': 0.7999887367498676, 'coalescence_d_scale': 0.5877171159500968, 'capture_scale': 4.709361364051638}. Best is trial 232 with value: 2.4781804972577697.
[I 2026-05-03 08:42:56,112] Trial 242 finished with value: 2.498208894826568 and parameters: {'f_n': 1.5542858718112054e-07, 'K_d': 275138.9224849268, 'rho_d': 19727353355681.13, 'fission_rate': 5.149118243434593e+19, 'Dg_D1_scale': 1.0086023843457572, 'Dg_D3_scale': 0.196954923571424, 'Dv_D1_scale': 0.320554313055482, 'Dv_D2_scale': 3.781466602736912, 'b_bulk_scale': 0.16965005389315266, 'b_dislocation_scale': 0.07614540673417533, 'gb_scale': 1.9307677556359124, 'gd_bubble_scale': 1.2326505776313676, 'gd_line_scale': 1.7122220712043907, 'gd_line_alpha': 0.8371061913687818, 'coalescence_d_scale': 0.47805663554391015, 'capture_scale': 4.268382725436613}. Best is trial 232 with value: 2.4781804972577697.
[I 2026-05-03 08:43:02,099] Trial 243 finished with value: 2.5259334515286644 and parameters: {'f_n': 1.283500702670119e-07, 'K_d': 266367.27565463725, 'rho_d': 19811177721901.03, 'fission_rate': 5.169601727441292e+19, 'Dg_D1_scale': 1.0040068290097888, 'Dg_D3_scale': 0.19396222580814546, 'Dv_D1_scale': 0.3111164127518059, 'Dv_D2_scale': 3.9956526221496733, 'b_bulk_scale': 0.1672899985223228, 'b_dislocation_scale': 0.07769918227135053, 'gb_scale': 1.8996824467129523, 'gd_bubble_scale': 1.1886966220044555, 'gd_line_scale': 1.7257057941523017, 'gd_line_alpha': 0.8345652488025337, 'coalescence_d_scale': 0.547903164658638, 'capture_scale': 6.173722822427612}. Best is trial 232 with value: 2.4781804972577697.
[I 2026-05-03 08:43:07,763] Trial 244 finished with value: 2.5571534881154823 and parameters: {'f_n': 1.059855393798872e-07, 'K_d': 252595.27664417532, 'rho_d': 23098048302806.062, 'fission_rate': 5.194410336004429e+19, 'Dg_D1_scale': 1.1400338959305039, 'Dg_D3_scale': 0.2083639616336602, 'Dv_D1_scale': 0.3631766487187454, 'Dv_D2_scale': 3.7387320695836386, 'b_bulk_scale': 0.11568108960324022, 'b_dislocation_scale': 0.07240770661650367, 'gb_scale': 2.187534723391776, 'gd_bubble_scale': 1.4894885092497105, 'gd_line_scale': 1.3555883796068122, 'gd_line_alpha': 0.7771010427451474, 'coalescence_d_scale': 0.48088667548313124, 'capture_scale': 5.1426913331197}. Best is trial 232 with value: 2.4781804972577697.
[I 2026-05-03 08:43:11,341] Trial 245 finished with value: 2.483271781626534 and parameters: {'f_n': 2.8135452101508984e-07, 'K_d': 242181.7799985795, 'rho_d': 21284927665591.758, 'fission_rate': 5.4460450772234174e+19, 'Dg_D1_scale': 1.0187784819923893, 'Dg_D3_scale': 0.1936124003002568, 'Dv_D1_scale': 0.3014346628181719, 'Dv_D2_scale': 3.540507258816075, 'b_bulk_scale': 0.1749050783179876, 'b_dislocation_scale': 0.06282595590005717, 'gb_scale': 2.4412107992623926, 'gd_bubble_scale': 1.271410696763829, 'gd_line_scale': 1.7109238435002276, 'gd_line_alpha': 0.8329046375719299, 'coalescence_d_scale': 0.6470789392697649, 'capture_scale': 4.490357582841824}. Best is trial 232 with value: 2.4781804972577697.
