[I 2026-05-03 08:37:14,442] Trial 174 finished with value: 2.5696900952164934 and parameters: {'f_n': 7.246611730867597e-08, 'K_d': 390667.18892344774, 'rho_d': 12500564810697.537, 'fission_rate': 5.660943626383874e+19, 'Dg_D1_scale': 1.8544701134073507, 'Dg_D3_scale': 0.24615513308040313, 'Dv_D1_scale': 0.24346594177682176, 'Dv_D2_scale': 2.5906448514070464, 'b_bulk_scale': 0.08388523739195855, 'b_dislocation_scale': 0.047506331522485706, 'gb_scale': 2.3640243859589134, 'gd_bubble_scale': 1.4259246964228618, 'gd_line_scale': 2.4776023823587203, 'gd_line_alpha': 0.967255857240419, 'coalescence_d_scale': 0.408305925229584, 'capture_scale': 3.53132105665014}. Best is trial 167 with value: 2.4827394940140177.
[I 2026-05-03 08:37:19,991] Trial 175 finished with value: 2.546085087551944 and parameters: {'f_n': 1.1352149421527216e-07, 'K_d': 357707.42053480376, 'rho_d': 14470914047313.453, 'fission_rate': 5.619683381850506e+19, 'Dg_D1_scale': 2.2641800331217703, 'Dg_D3_scale': 0.27364622187096366, 'Dv_D1_scale': 0.2591711326731332, 'Dv_D2_scale': 2.9280596661261318, 'b_bulk_scale': 0.11168456944788505, 'b_dislocation_scale': 0.052007353813972396, 'gb_scale': 2.395180100972158, 'gd_bubble_scale': 1.2825855631393774, 'gd_line_scale': 2.1170664544977518, 'gd_line_alpha': 0.9542068456893252, 'coalescence_d_scale': 0.5322341111679172, 'capture_scale': 4.160285560660766}. Best is trial 167 with value: 2.4827394940140177.
[I 2026-05-03 08:37:25,331] Trial 176 finished with value: 2.626855750977815 and parameters: {'f_n': 1.198090496205971e-07, 'K_d': 310445.2118777214, 'rho_d': 13306101857405.824, 'fission_rate': 5.784166795159009e+19, 'Dg_D1_scale': 2.6822249820436634, 'Dg_D3_scale': 0.24625129950010163, 'Dv_D1_scale': 0.2503516499725015, 'Dv_D2_scale': 3.2516091837760936, 'b_bulk_scale': 0.0687069661403986, 'b_dislocation_scale': 0.061237335089910284, 'gb_scale': 2.1841157689071227, 'gd_bubble_scale': 1.4985739177626354, 'gd_line_scale': 3.2067184948478666, 'gd_line_alpha': 0.903251749530161, 'coalescence_d_scale': 0.44401636724292043, 'capture_scale': 6.147229549945622}. Best is trial 167 with value: 2.4827394940140177.
[I 2026-05-03 08:37:30,644] Trial 177 finished with value: 2.6469384807606318 and parameters: {'f_n': 1.6581005270684122e-07, 'K_d': 280673.0476886914, 'rho_d': 14031601054245.412, 'fission_rate': 5.739217592875212e+19, 'Dg_D1_scale': 1.9504677371835926, 'Dg_D3_scale': 0.26767359925048206, 'Dv_D1_scale': 0.26747199844430697, 'Dv_D2_scale': 2.725530871017371, 'b_bulk_scale': 0.12937144711738324, 'b_dislocation_scale': 0.06571922158632948, 'gb_scale': 2.7573951254054307, 'gd_bubble_scale': 1.1256356075646854, 'gd_line_scale': 1.6183973414919217, 'gd_line_alpha': 0.95314537250146, 'coalescence_d_scale': 0.3553184657702002, 'capture_scale': 5.347602431875439}. Best is trial 167 with value: 2.4827394940140177.
[I 2026-05-03 08:37:34,515] Trial 178 finished with value: 2.49456219922516 and parameters: {'f_n': 5.666560112097949e-08, 'K_d': 332526.60964014963, 'rho_d': 12033942843040.314, 'fission_rate': 5.486897633186914e+19, 'Dg_D1_scale': 2.148987390954468, 'Dg_D3_scale': 0.2855937973975697, 'Dv_D1_scale': 0.28234121640764204, 'Dv_D2_scale': 3.3247004604608943, 'b_bulk_scale': 0.10360600012457119, 'b_dislocation_scale': 0.05570487576343358, 'gb_scale': 2.5177455547847556, 'gd_bubble_scale': 1.0013222639477646, 'gd_line_scale': 1.8606260422346887, 'gd_line_alpha': 0.9420002128058207, 'coalescence_d_scale': 0.5390216330985617, 'capture_scale': 3.4982454222171397}. Best is trial 167 with value: 2.4827394940140177.
[I 2026-05-03 08:37:40,250] Trial 179 finished with value: 2.6448996083806406 and parameters: {'f_n': 3.076201697496333e-08, 'K_d': 373893.7109628861, 'rho_d': 10115352292128.95, 'fission_rate': 5.499286879581891e+19, 'Dg_D1_scale': 2.0811855171999936, 'Dg_D3_scale': 0.336883315449177, 'Dv_D1_scale': 0.28841686903903113, 'Dv_D2_scale': 3.285857541136101, 'b_bulk_scale': 0.08529183060781478, 'b_dislocation_scale': 0.0408654590227772, 'gb_scale': 2.520327438963651, 'gd_bubble_scale': 0.7783734272620915, 'gd_line_scale': 2.587149123273598, 'gd_line_alpha': 0.9787788304319534, 'coalescence_d_scale': 0.5263501236732707, 'capture_scale': 3.34343490238481}. Best is trial 167 with value: 2.4827394940140177.
[I 2026-05-03 08:37:45,523] Trial 180 finished with value: 2.5601203379727178 and parameters: {'f_n': 5.6486959516083925e-08, 'K_d': 327485.91636016185, 'rho_d': 12016151456866.908, 'fission_rate': 5.701990475113775e+19, 'Dg_D1_scale': 2.195178952784347, 'Dg_D3_scale': 0.2874513257740418, 'Dv_D1_scale': 0.2742805917343749, 'Dv_D2_scale': 2.917307999547744, 'b_bulk_scale': 0.14525523213251934, 'b_dislocation_scale': 0.04589112943294666, 'gb_scale': 2.117107291578362, 'gd_bubble_scale': 0.6180128175011718, 'gd_line_scale': 1.840249620328863, 'gd_line_alpha': 0.9432196685848439, 'coalescence_d_scale': 0.41571581761288456, 'capture_scale': 4.474658060444358}. Best is trial 167 with value: 2.4827394940140177.Best trial: 167. Best value: 2.48274:  60%|██████    | 180/300 [14:13<10:12,  5.10s/it]Best trial: 167. Best value: 2.48274:  60%|██████    | 180/300 [14:13<10:12,  5.10s/it]Best trial: 167. Best value: 2.48274:  60%|██████    | 181/300 [14:13<10:13,  5.16s/it]                                                                                       Best trial: 167. Best value: 2.48274:  60%|██████    | 181/300 [14:18<10:13,  5.16s/it]Best trial: 167. Best value: 2.48274:  60%|██████    | 181/300 [14:18<10:13,  5.16s/it]Best trial: 167. Best value: 2.48274:  61%|██████    | 182/300 [14:18<10:04,  5.13s/it]                                                                                       Best trial: 167. Best value: 2.48274:  61%|██████    | 182/300 [14:23<10:04,  5.13s/it]Best trial: 167. Best value: 2.48274:  61%|██████    | 182/300 [14:24<10:04,  5.13s/it]Best trial: 167. Best value: 2.48274:  61%|██████    | 183/300 [14:24<09:58,  5.11s/it]                                                                                       Best trial: 167. Best value: 2.48274:  61%|██████    | 183/300 [14:29<09:58,  5.11s/it]Best trial: 167. Best value: 2.48274:  61%|██████    | 183/300 [14:29<09:58,  5.11s/it]Best trial: 167. Best value: 2.48274:  61%|██████▏   | 184/300 [14:29<09:55,  5.13s/it]                                                                                       Best trial: 167. Best value: 2.48274:  61%|██████▏   | 184/300 [14:34<09:55,  5.13s/it]Best trial: 167. Best value: 2.48274:  61%|██████▏   | 184/300 [14:34<09:55,  5.13s/it]Best trial: 167. Best value: 2.48274:  62%|██████▏   | 185/300 [14:34<09:45,  5.09s/it]                                                                                       Best trial: 167. Best value: 2.48274:  62%|██████▏   | 185/300 [14:37<09:45,  5.09s/it]Best trial: 167. Best value: 2.48274:  62%|██████▏   | 185/300 [14:37<09:45,  5.09s/it]Best trial: 167. Best value: 2.48274:  62%|██████▏   | 186/300 [14:37<08:39,  4.55s/it]                                                                                       Best trial: 167. Best value: 2.48274:  62%|██████▏   | 186/300 [14:42<08:39,  4.55s/it]Best trial: 167. Best value: 2.48274:  62%|██████▏   | 186/300 [14:42<08:39,  4.55s/it]Best trial: 167. Best value: 2.48274:  62%|██████▏   | 187/300 [14:42<08:53,  4.72s/it]                                                                                       Best trial: 167. Best value: 2.48274:  62%|██████▏   | 187/300 [14:48<08:53,  4.72s/it]Best trial: 167. Best value: 2.48274:  62%|██████▏   | 187/300 [14:48<08:53,  4.72s/it]Best trial: 167. Best value: 2.48274:  63%|██████▎   | 188/300 [14:48<09:18,  4.98s/it]                                                                                       Best trial: 167. Best value: 2.48274:  63%|██████▎   | 188/300 [14:53<09:18,  4.98s/it]Best trial: 167. Best value: 2.48274:  63%|██████▎   | 188/300 [14:53<09:18,  4.98s/it]Best trial: 167. Best value: 2.48274:  63%|██████▎   | 189/300 [14:53<09:24,  5.09s/it]                                                                                       Best trial: 167. Best value: 2.48274:  63%|██████▎   | 189/300 [14:58<09:24,  5.09s/it]Best trial: 167. Best value: 2.48274:  63%|██████▎   | 189/300 [14:59<09:24,  5.09s/it]Best trial: 167. Best value: 2.48274:  63%|██████▎   | 190/300 [14:59<09:31,  5.20s/it]                                                                                       Best trial: 167. Best value: 2.48274:  63%|██████▎   | 190/300 [15:04<09:31,  5.20s/it]Best trial: 167. Best value: 2.48274:  63%|██████▎   | 190/300 [15:04<09:31,  5.20s/it]Best trial: 167. Best value: 2.48274:  64%|██████▎   | 191/300 [15:04<09:26,  5.20s/it]                                                                                       Best trial: 167. Best value: 2.48274:  64%|██████▎   | 191/300 [15:07<09:26,  5.20s/it]Best trial: 167. Best value: 2.48274:  64%|██████▎   | 191/300 [15:07<09:26,  5.20s/it]Best trial: 167. Best value: 2.48274:  64%|██████▍   | 192/300 [15:07<08:25,  4.68s/it]                                                                                       
[I 2026-05-03 08:37:50,588] Trial 181 finished with value: 2.5200540050797913 and parameters: {'f_n': 8.524680212283585e-08, 'K_d': 307151.67569705826, 'rho_d': 12802899562947.11, 'fission_rate': 5.916074654587244e+19, 'Dg_D1_scale': 1.7614242941532576, 'Dg_D3_scale': 0.24442986221414384, 'Dv_D1_scale': 0.23051112029853457, 'Dv_D2_scale': 3.344353066780312, 'b_bulk_scale': 0.12221732270391404, 'b_dislocation_scale': 0.05175935173340865, 'gb_scale': 1.8494248310790689, 'gd_bubble_scale': 1.0057019087773627, 'gd_line_scale': 2.1445054959763463, 'gd_line_alpha': 0.87329669837549, 'coalescence_d_scale': 0.4830740033123615, 'capture_scale': 3.6553564653865283}. Best is trial 167 with value: 2.4827394940140177.
[I 2026-05-03 08:37:55,665] Trial 182 finished with value: 2.4935138988260213 and parameters: {'f_n': 7.948187661736937e-08, 'K_d': 427992.2896588307, 'rho_d': 11572001604343.441, 'fission_rate': 5.8880874592568074e+19, 'Dg_D1_scale': 1.7838716270156378, 'Dg_D3_scale': 0.24147928374179994, 'Dv_D1_scale': 0.2344210827676021, 'Dv_D2_scale': 3.127446279402405, 'b_bulk_scale': 0.12165051894226783, 'b_dislocation_scale': 0.05455849693169616, 'gb_scale': 2.0431886981067358, 'gd_bubble_scale': 0.9520743973899708, 'gd_line_scale': 2.034027108718079, 'gd_line_alpha': 0.8733622244704167, 'coalescence_d_scale': 0.5296743467993681, 'capture_scale': 3.5708731361902917}. Best is trial 167 with value: 2.4827394940140177.
[I 2026-05-03 08:38:00,851] Trial 183 finished with value: 2.5352546379474488 and parameters: {'f_n': 8.484884850153572e-08, 'K_d': 439425.15593969496, 'rho_d': 11102816960934.404, 'fission_rate': 5.889956906056861e+19, 'Dg_D1_scale': 1.8346827206739076, 'Dg_D3_scale': 0.24441707174421248, 'Dv_D1_scale': 0.21154939787640636, 'Dv_D2_scale': 3.1041455622520067, 'b_bulk_scale': 0.10253081880090152, 'b_dislocation_scale': 0.04880464550848536, 'gb_scale': 2.8875042800613806, 'gd_bubble_scale': 0.9755372602058291, 'gd_line_scale': 2.155139163459138, 'gd_line_alpha': 0.8773098370723201, 'coalescence_d_scale': 0.5308418323702383, 'capture_scale': 3.4178702330556274}. Best is trial 167 with value: 2.4827394940140177.
[I 2026-05-03 08:38:05,852] Trial 184 finished with value: 2.6820642649803577 and parameters: {'f_n': 4.3503775103479475e-08, 'K_d': 303310.2775424837, 'rho_d': 12827691501901.64, 'fission_rate': 5.9316527457071645e+19, 'Dg_D1_scale': 2.4558567867852643, 'Dg_D3_scale': 0.2776572923451003, 'Dv_D1_scale': 0.23046014029141265, 'Dv_D2_scale': 3.364424605719786, 'b_bulk_scale': 0.12343523312219687, 'b_dislocation_scale': 0.05127432923063164, 'gb_scale': 1.864666659939235, 'gd_bubble_scale': 1.2025543198043378, 'gd_line_scale': 2.0677812084266494, 'gd_line_alpha': 0.8987137145050754, 'coalescence_d_scale': 0.4642777825746443, 'capture_scale': 3.9687880466222683}. Best is trial 167 with value: 2.4827394940140177.
[I 2026-05-03 08:38:09,145] Trial 185 finished with value: 2.500310669814152 and parameters: {'f_n': 9.640898704340703e-08, 'K_d': 407523.1775511038, 'rho_d': 10955603397817.285, 'fission_rate': 5.848284422927496e+19, 'Dg_D1_scale': 2.0467607128938656, 'Dg_D3_scale': 0.20898406394570773, 'Dv_D1_scale': 0.24186531280931736, 'Dv_D2_scale': 2.953983372305751, 'b_bulk_scale': 0.08767989918149187, 'b_dislocation_scale': 0.054574712384366564, 'gb_scale': 2.380981272954097, 'gd_bubble_scale': 0.822735327991496, 'gd_line_scale': 2.912779650218642, 'gd_line_alpha': 0.9415586874846675, 'coalescence_d_scale': 0.33930176477679186, 'capture_scale': 3.229636253682341}. Best is trial 167 with value: 2.4827394940140177.
[I 2026-05-03 08:38:14,266] Trial 186 finished with value: 2.755952272286115 and parameters: {'f_n': 6.455024356657756e-08, 'K_d': 432467.118935087, 'rho_d': 9285494304318.91, 'fission_rate': 5.875448341810858e+19, 'Dg_D1_scale': 2.724508318825148, 'Dg_D3_scale': 0.18372000881779527, 'Dv_D1_scale': 0.24587371290074975, 'Dv_D2_scale': 3.006882267290972, 'b_bulk_scale': 0.10232650877347207, 'b_dislocation_scale': 0.05774255031450485, 'gb_scale': 2.185634764994831, 'gd_bubble_scale': 1.0224895639012257, 'gd_line_scale': 1.5569097350653505, 'gd_line_alpha': 0.9328490046133914, 'coalescence_d_scale': 0.3558574403295213, 'capture_scale': 4.303349704408008}. Best is trial 167 with value: 2.4827394940140177.
[I 2026-05-03 08:38:19,848] Trial 187 finished with value: 2.709621275749072 and parameters: {'f_n': 7.913390875661404e-08, 'K_d': 411748.90785733564, 'rho_d': 11166804008510.168, 'fission_rate': 5.443164038108331e+19, 'Dg_D1_scale': 2.0435687648566505, 'Dg_D3_scale': 0.2141431015119389, 'Dv_D1_scale': 0.20469573837993338, 'Dv_D2_scale': 2.8024963585156546, 'b_bulk_scale': 0.11601611191672724, 'b_dislocation_scale': 0.055128406977688484, 'gb_scale': 1.966077526745427, 'gd_bubble_scale': 0.6241466167628072, 'gd_line_scale': 3.7700297856810243, 'gd_line_alpha': 0.9113527195827997, 'coalescence_d_scale': 0.5115539311259053, 'capture_scale': 3.658160131114067}. Best is trial 167 with value: 2.4827394940140177.
[I 2026-05-03 08:38:25,182] Trial 188 finished with value: 2.81382774203976 and parameters: {'f_n': 5.220405197868815e-08, 'K_d': 279991.8086750184, 'rho_d': 10637857498348.498, 'fission_rate': 5.982802955217214e+19, 'Dg_D1_scale': 2.2417771963530164, 'Dg_D3_scale': 0.20705014291496476, 'Dv_D1_scale': 0.23591690811601654, 'Dv_D2_scale': 3.2215818941417833, 'b_bulk_scale': 0.1527702614902097, 'b_dislocation_scale': 0.05937030436820716, 'gb_scale': 1.7952985155133798, 'gd_bubble_scale': 0.8413797512171007, 'gd_line_scale': 2.8475713564386993, 'gd_line_alpha': 0.8723056150327156, 'coalescence_d_scale': 0.7015951952324619, 'capture_scale': 3.1270590325097665}. Best is trial 167 with value: 2.4827394940140177.
[I 2026-05-03 08:38:30,634] Trial 189 finished with value: 2.5885802373764717 and parameters: {'f_n': 9.675487980238033e-08, 'K_d': 485018.5971039235, 'rho_d': 14992135055750.479, 'fission_rate': 5.8047041675612185e+19, 'Dg_D1_scale': 1.9485239841645114, 'Dg_D3_scale': 0.1932474852420401, 'Dv_D1_scale': 0.3063325950176798, 'Dv_D2_scale': 3.366245728987053, 'b_bulk_scale': 0.1323023351546466, 'b_dislocation_scale': 0.06550472419409466, 'gb_scale': 2.3225486260082313, 'gd_bubble_scale': 1.3337686467136225, 'gd_line_scale': 1.63584143081113, 'gd_line_alpha': 0.888920245371974, 'coalescence_d_scale': 0.4778578963711544, 'capture_scale': 4.407293107299583}. Best is trial 167 with value: 2.4827394940140177.
[I 2026-05-03 08:38:35,844] Trial 190 finished with value: 2.5483178942603355 and parameters: {'f_n': 1.6801623539596246e-07, 'K_d': 332517.5150422021, 'rho_d': 11980737229857.55, 'fission_rate': 6.0170669901541835e+19, 'Dg_D1_scale': 3.0449691940971375, 'Dg_D3_scale': 0.26358002787202134, 'Dv_D1_scale': 0.26892656544316895, 'Dv_D2_scale': 3.1499097186416334, 'b_bulk_scale': 0.10780308140334138, 'b_dislocation_scale': 0.05454677055462848, 'gb_scale': 2.049213552585139, 'gd_bubble_scale': 0.979314340101277, 'gd_line_scale': 1.8514553637383195, 'gd_line_alpha': 0.999841479757744, 'coalescence_d_scale': 0.5552412037799022, 'capture_scale': 6.989365513437585}. Best is trial 167 with value: 2.4827394940140177.
[I 2026-05-03 08:38:39,308] Trial 191 finished with value: 2.6491198056177154 and parameters: {'f_n': 1.1200321648211999e-07, 'K_d': 362554.573161601, 'rho_d': 15745489152471.71, 'fission_rate': 5.731370903886985e+19, 'Dg_D1_scale': 1.7479190717213358, 'Dg_D3_scale': 0.2370572050633836, 'Dv_D1_scale': 0.24991145224304395, 'Dv_D2_scale': 2.6108175390616526, 'b_bulk_scale': 0.09248827801088916, 'b_dislocation_scale': 0.042481930818348106, 'gb_scale': 2.3637721601798813, 'gd_bubble_scale': 1.1959655388563482, 'gd_line_scale': 2.314180988018099, 'gd_line_alpha': 0.9761870648156965, 'coalescence_d_scale': 0.4040475497902813, 'capture_scale': 3.1992181264925996}. Best is trial 167 with value: 2.4827394940140177.
