[I 2026-05-03 08:46:26,365] Trial 282 finished with value: 2.5082782453986865 and parameters: {'f_n': 1.5193861468473595e-07, 'K_d': 292869.4178693263, 'rho_d': 18045713890596.496, 'fission_rate': 5.214397242571304e+19, 'Dg_D1_scale': 1.0465999545040507, 'Dg_D3_scale': 3.222503365691782, 'Dv_D1_scale': 0.25518613729113454, 'Dv_D2_scale': 3.459560373560393, 'b_bulk_scale': 0.1391781651068096, 'b_dislocation_scale': 0.06506078171240381, 'gb_scale': 2.5838757885547987, 'gd_bubble_scale': 1.3301931530467588, 'gd_line_scale': 1.9338127189739487, 'gd_line_alpha': 0.81077296908705, 'coalescence_d_scale': 0.5706590025931093, 'capture_scale': 6.255518130984816}. Best is trial 252 with value: 2.4555353218969995.
[I 2026-05-03 08:46:32,045] Trial 283 finished with value: 2.6088559731885845 and parameters: {'f_n': 8.272794133423295e-08, 'K_d': 333107.138929598, 'rho_d': 20608998480030.387, 'fission_rate': 5.3243379704307016e+19, 'Dg_D1_scale': 1.2789627865528923, 'Dg_D3_scale': 3.547557184492847, 'Dv_D1_scale': 0.2845946136164246, 'Dv_D2_scale': 3.2490336335862517, 'b_bulk_scale': 0.16311504195225038, 'b_dislocation_scale': 0.06940293472071193, 'gb_scale': 2.953818360092774, 'gd_bubble_scale': 1.0496357140253405, 'gd_line_scale': 1.5330860188950635, 'gd_line_alpha': 0.8485751084297597, 'coalescence_d_scale': 0.3826476739785713, 'capture_scale': 5.216194613688525}. Best is trial 252 with value: 2.4555353218969995.
[I 2026-05-03 08:46:37,591] Trial 284 finished with value: 2.5066929674105585 and parameters: {'f_n': 9.984260396270773e-08, 'K_d': 246453.15223337538, 'rho_d': 18827918787539.88, 'fission_rate': 5.696786133768838e+19, 'Dg_D1_scale': 0.9086526835517582, 'Dg_D3_scale': 0.1934587596493565, 'Dv_D1_scale': 0.24014867198670373, 'Dv_D2_scale': 3.636432113099836, 'b_bulk_scale': 0.10531991108714164, 'b_dislocation_scale': 0.08054275659760989, 'gb_scale': 2.29368501479585, 'gd_bubble_scale': 1.2208642783430579, 'gd_line_scale': 2.1617322081533756, 'gd_line_alpha': 0.8268307699379237, 'coalescence_d_scale': 0.8558459896745405, 'capture_scale': 4.751413566938286}. Best is trial 252 with value: 2.4555353218969995.
[I 2026-05-03 08:46:41,462] Trial 285 finished with value: 2.4783832731006505 and parameters: {'f_n': 2.0054833335123647e-07, 'K_d': 277505.03986756207, 'rho_d': 17187993749968.01, 'fission_rate': 5.444602008219942e+19, 'Dg_D1_scale': 1.089483274482519, 'Dg_D3_scale': 0.15058661421833075, 'Dv_D1_scale': 0.26303478317682677, 'Dv_D2_scale': 3.0824316502210296, 'b_bulk_scale': 0.1227043957708256, 'b_dislocation_scale': 0.060666639943211455, 'gb_scale': 1.9713581121423334, 'gd_bubble_scale': 1.566899599164389, 'gd_line_scale': 1.7531681521004834, 'gd_line_alpha': 0.8672978368741435, 'coalescence_d_scale': 0.5220134002536263, 'capture_scale': 4.30131174893133}. Best is trial 252 with value: 2.4555353218969995.
[I 2026-05-03 08:46:47,249] Trial 286 finished with value: 2.5843726072704434 and parameters: {'f_n': 2.1033559022752799e-07, 'K_d': 461995.6953043989, 'rho_d': 17345642890961.771, 'fission_rate': 5.439867729504693e+19, 'Dg_D1_scale': 1.1925845877713948, 'Dg_D3_scale': 0.15951429594566296, 'Dv_D1_scale': 0.2647889409332703, 'Dv_D2_scale': 3.018408226250661, 'b_bulk_scale': 0.12107947861800408, 'b_dislocation_scale': 0.05772187073012442, 'gb_scale': 2.380335642365624, 'gd_bubble_scale': 1.5731547218738797, 'gd_line_scale': 1.9868505079401375, 'gd_line_alpha': 0.8939634776289684, 'coalescence_d_scale': 0.6939800794922594, 'capture_scale': 6.589498015990767}. Best is trial 252 with value: 2.4555353218969995.
[I 2026-05-03 08:46:52,770] Trial 287 finished with value: 2.8591691383450915 and parameters: {'f_n': 5.293464477294087e-08, 'K_d': 203752.40695513244, 'rho_d': 16677715630072.717, 'fission_rate': 5.591715019032729e+19, 'Dg_D1_scale': 1.0812857620438516, 'Dg_D3_scale': 0.15850299092602604, 'Dv_D1_scale': 0.2692967401706837, 'Dv_D2_scale': 3.127455060128911, 'b_bulk_scale': 0.10573912010821095, 'b_dislocation_scale': 0.050677061359978105, 'gb_scale': 2.6971156561922998, 'gd_bubble_scale': 1.669958389692032, 'gd_line_scale': 2.4599001841097894, 'gd_line_alpha': 0.868707055022782, 'coalescence_d_scale': 0.583050009703933, 'capture_scale': 5.25453171832523}. Best is trial 252 with value: 2.4555353218969995.
[I 2026-05-03 08:46:58,261] Trial 288 finished with value: 2.7668090062976556 and parameters: {'f_n': 1.2673415931439486e-07, 'K_d': 253152.4318971013, 'rho_d': 24541000312714.258, 'fission_rate': 5.474941806648609e+19, 'Dg_D1_scale': 1.3698960733215975, 'Dg_D3_scale': 0.152239623410133, 'Dv_D1_scale': 0.24454920208812345, 'Dv_D2_scale': 3.003052394075324, 'b_bulk_scale': 0.1164126497950109, 'b_dislocation_scale': 0.06162738487972729, 'gb_scale': 2.0948789251657356, 'gd_bubble_scale': 1.4118644154232143, 'gd_line_scale': 1.8463254286742494, 'gd_line_alpha': 0.8724870499768183, 'coalescence_d_scale': 0.5240133748084005, 'capture_scale': 4.519571350779357}. Best is trial 252 with value: 2.4555353218969995.Best trial: 252. Best value: 2.45554:  96%|█████████▌| 288/300 [23:26<01:03,  5.30s/it]Best trial: 252. Best value: 2.45554:  96%|█████████▌| 288/300 [23:26<01:03,  5.30s/it]Best trial: 252. Best value: 2.45554:  96%|█████████▋| 289/300 [23:26<00:58,  5.36s/it]                                                                                       Best trial: 252. Best value: 2.45554:  96%|█████████▋| 289/300 [23:32<00:58,  5.36s/it]Best trial: 252. Best value: 2.45554:  96%|█████████▋| 289/300 [23:32<00:58,  5.36s/it]Best trial: 252. Best value: 2.45554:  97%|█████████▋| 290/300 [23:32<00:54,  5.46s/it]                                                                                       Best trial: 252. Best value: 2.45554:  97%|█████████▋| 290/300 [23:37<00:54,  5.46s/it]Best trial: 252. Best value: 2.45554:  97%|█████████▋| 290/300 [23:37<00:54,  5.46s/it]Best trial: 252. Best value: 2.45554:  97%|█████████▋| 291/300 [23:37<00:49,  5.49s/it]                                                                                       Best trial: 252. Best value: 2.45554:  97%|█████████▋| 291/300 [23:41<00:49,  5.49s/it]Best trial: 291. Best value: 2.45367:  97%|█████████▋| 291/300 [23:41<00:49,  5.49s/it]Best trial: 291. Best value: 2.45367:  97%|█████████▋| 292/300 [23:41<00:39,  4.99s/it]                                                                                       Best trial: 291. Best value: 2.45367:  97%|█████████▋| 292/300 [23:47<00:39,  4.99s/it]Best trial: 291. Best value: 2.45367:  97%|█████████▋| 292/300 [23:47<00:39,  4.99s/it]Best trial: 291. Best value: 2.45367:  98%|█████████▊| 293/300 [23:47<00:35,  5.11s/it]                                                                                       Best trial: 291. Best value: 2.45367:  98%|█████████▊| 293/300 [23:52<00:35,  5.11s/it]Best trial: 291. Best value: 2.45367:  98%|█████████▊| 293/300 [23:52<00:35,  5.11s/it]Best trial: 291. Best value: 2.45367:  98%|█████████▊| 294/300 [23:52<00:30,  5.16s/it]                                                                                       Best trial: 291. Best value: 2.45367:  98%|█████████▊| 294/300 [23:55<00:30,  5.16s/it]Best trial: 291. Best value: 2.45367:  98%|█████████▊| 294/300 [23:55<00:30,  5.16s/it]Best trial: 291. Best value: 2.45367:  98%|█████████▊| 295/300 [23:55<00:23,  4.67s/it]                                                                                       Best trial: 291. Best value: 2.45367:  98%|█████████▊| 295/300 [24:01<00:23,  4.67s/it]Best trial: 295. Best value: 2.44318:  98%|█████████▊| 295/300 [24:01<00:23,  4.67s/it]Best trial: 295. Best value: 2.44318:  99%|█████████▊| 296/300 [24:01<00:19,  4.94s/it]                                                                                       Best trial: 295. Best value: 2.44318:  99%|█████████▊| 296/300 [24:06<00:19,  4.94s/it]Best trial: 296. Best value: 2.42048:  99%|█████████▊| 296/300 [24:07<00:19,  4.94s/it]Best trial: 296. Best value: 2.42048:  99%|█████████▉| 297/300 [24:07<00:15,  5.13s/it]                                                                                       Best trial: 296. Best value: 2.42048:  99%|█████████▉| 297/300 [24:10<00:15,  5.13s/it]Best trial: 296. Best value: 2.42048:  99%|█████████▉| 297/300 [24:10<00:15,  5.13s/it]Best trial: 296. Best value: 2.42048:  99%|█████████▉| 298/300 [24:10<00:09,  4.73s/it]                                                                                       Best trial: 296. Best value: 2.42048:  99%|█████████▉| 298/300 [24:16<00:09,  4.73s/it]Best trial: 296. Best value: 2.42048:  99%|█████████▉| 298/300 [24:16<00:09,  4.73s/it]Best trial: 296. Best value: 2.42048: 100%|█████████▉| 299/300 [24:16<00:05,  5.02s/it]                                                                                       Best trial: 296. Best value: 2.42048: 100%|█████████▉| 299/300 [24:22<00:05,  5.02s/it]Best trial: 296. Best value: 2.42048: 100%|█████████▉| 299/300 [24:22<00:05,  5.02s/it]Best trial: 296. Best value: 2.42048: 100%|██████████| 300/300 [24:22<00:00,  5.19s/it]Best trial: 296. Best value: 2.42048: 100%|██████████| 300/300 [24:22<00:00,  4.87s/it]

[I 2026-05-03 08:47:03,944] Trial 289 finished with value: 3.7584468262812316 and parameters: {'f_n': 2.5073065390421806e-07, 'K_d': 220534.81628046883, 'rho_d': 5991830857266.512, 'fission_rate': 5.3069735423431066e+19, 'Dg_D1_scale': 1.1323876007425757, 'Dg_D3_scale': 0.16738042174164094, 'Dv_D1_scale': 0.2308800300760426, 'Dv_D2_scale': 3.354290552153865, 'b_bulk_scale': 0.13443707678660644, 'b_dislocation_scale': 0.055256789648578386, 'gb_scale': 3.0931383698645236, 'gd_bubble_scale': 1.4618800317570289, 'gd_line_scale': 1.4548620051288135, 'gd_line_alpha': 0.7902881963401557, 'coalescence_d_scale': 0.6387238249467433, 'capture_scale': 3.6412624197774406}. Best is trial 252 with value: 2.4555353218969995.
[I 2026-05-03 08:47:09,515] Trial 290 finished with value: 2.6706092365889385 and parameters: {'f_n': 1.885254600588777e-07, 'K_d': 233499.17490378238, 'rho_d': 17643118269989.473, 'fission_rate': 5.378170834278289e+19, 'Dg_D1_scale': 2.414857307887249, 'Dg_D3_scale': 1.0691787564836852, 'Dv_D1_scale': 0.2918520361865131, 'Dv_D2_scale': 3.208925865916912, 'b_bulk_scale': 0.1504009103566786, 'b_dislocation_scale': 0.06296368646184247, 'gb_scale': 2.3985727191642954, 'gd_bubble_scale': 1.8041948879091572, 'gd_line_scale': 2.1301323649298207, 'gd_line_alpha': 0.8581279349844869, 'coalescence_d_scale': 0.44334247889503514, 'capture_scale': 4.1525205605333815}. Best is trial 252 with value: 2.4555353218969995.
[I 2026-05-03 08:47:13,331] Trial 291 finished with value: 2.4536711323137133 and parameters: {'f_n': 7.16237826018531e-08, 'K_d': 280704.62739587313, 'rho_d': 16440467009019.41, 'fission_rate': 5.519994302272433e+19, 'Dg_D1_scale': 1.240896168428467, 'Dg_D3_scale': 0.17472752989455662, 'Dv_D1_scale': 0.2583189066782964, 'Dv_D2_scale': 3.998429668771722, 'b_bulk_scale': 0.12172861092804485, 'b_dislocation_scale': 0.04814666913926905, 'gb_scale': 1.9548054638320334, 'gd_bubble_scale': 1.1291058167983699, 'gd_line_scale': 1.6926261125115933, 'gd_line_alpha': 0.9013336938250702, 'coalescence_d_scale': 0.5479432278975669, 'capture_scale': 0.050247338544045055}. Best is trial 291 with value: 2.4536711323137133.
[I 2026-05-03 08:47:18,714] Trial 292 finished with value: 2.567958180761201 and parameters: {'f_n': 6.029393986957054e-08, 'K_d': 293422.069145681, 'rho_d': 18242127807169.348, 'fission_rate': 5.5552589816214495e+19, 'Dg_D1_scale': 1.2227482423198803, 'Dg_D3_scale': 0.16720390036886032, 'Dv_D1_scale': 0.25192496080119225, 'Dv_D2_scale': 3.992357440754789, 'b_bulk_scale': 0.11972864299764953, 'b_dislocation_scale': 0.04634444865346767, 'gb_scale': 1.869394032036549, 'gd_bubble_scale': 1.1177749609711278, 'gd_line_scale': 1.6017534180404962, 'gd_line_alpha': 0.8975687893179536, 'coalescence_d_scale': 0.5222673270722256, 'capture_scale': 0.1194625365104514}. Best is trial 291 with value: 2.4536711323137133.
[I 2026-05-03 08:47:24,001] Trial 293 finished with value: 2.65089021518081 and parameters: {'f_n': 3.013051566476313e-07, 'K_d': 279573.1041715889, 'rho_d': 16521647896154.44, 'fission_rate': 5.663274576095551e+19, 'Dg_D1_scale': 1.331408526816118, 'Dg_D3_scale': 0.17514196960784514, 'Dv_D1_scale': 0.3034829593141084, 'Dv_D2_scale': 3.576375211244048, 'b_bulk_scale': 0.09966619665484121, 'b_dislocation_scale': 0.05004212835691852, 'gb_scale': 2.714787585692573, 'gd_bubble_scale': 0.9644210301096781, 'gd_line_scale': 1.6720128933595677, 'gd_line_alpha': 0.9468238086525724, 'coalescence_d_scale': 0.5683492602267042, 'capture_scale': 0.044269208542265535}. Best is trial 291 with value: 2.4536711323137133.
[I 2026-05-03 08:47:27,519] Trial 294 finished with value: 5.736363192469263 and parameters: {'f_n': 8.66110648563346e-08, 'K_d': 267977.4831676043, 'rho_d': 16172455660028.809, 'fission_rate': 5.52174080343027e+19, 'Dg_D1_scale': 1.4915451169834746, 'Dg_D3_scale': 0.17765912577427667, 'Dv_D1_scale': 0.27867878640185884, 'Dv_D2_scale': 3.81611236971689, 'b_bulk_scale': 0.12933821315540225, 'b_dislocation_scale': 3.648973894668779, 'gb_scale': 2.1317748822194886, 'gd_bubble_scale': 1.6593195077734504, 'gd_line_scale': 1.3692577685510705, 'gd_line_alpha': 0.9169270812510133, 'coalescence_d_scale': 0.49368783460254456, 'capture_scale': 5.838086805455613}. Best is trial 291 with value: 2.4536711323137133.
[I 2026-05-03 08:47:33,074] Trial 295 finished with value: 2.443184954514499 and parameters: {'f_n': 2.208945634211778e-07, 'K_d': 323125.4569993752, 'rho_d': 17220735913497.422, 'fission_rate': 5.404903749977541e+19, 'Dg_D1_scale': 0.712719820969892, 'Dg_D3_scale': 0.15680787353339026, 'Dv_D1_scale': 0.23748962451214234, 'Dv_D2_scale': 3.5088387470893756, 'b_bulk_scale': 0.19762806238316868, 'b_dislocation_scale': 0.03923666525322429, 'gb_scale': 2.523045183491881, 'gd_bubble_scale': 1.366467251075311, 'gd_line_scale': 1.8153719812432823, 'gd_line_alpha': 0.8184286452956879, 'coalescence_d_scale': 0.3942628378656801, 'capture_scale': 0.011826233891533621}. Best is trial 295 with value: 2.443184954514499.
[I 2026-05-03 08:47:38,652] Trial 296 finished with value: 2.4204806317919956 and parameters: {'f_n': 2.245465948598425e-07, 'K_d': 324524.9822391175, 'rho_d': 17983121439665.613, 'fission_rate': 5.4197637081189876e+19, 'Dg_D1_scale': 0.6810065341328015, 'Dg_D3_scale': 0.15458216772096625, 'Dv_D1_scale': 0.2284160698798135, 'Dv_D2_scale': 3.9871295960563753, 'b_bulk_scale': 0.19970495244945935, 'b_dislocation_scale': 0.03830417861764385, 'gb_scale': 3.2176657637171457, 'gd_bubble_scale': 1.3468086234969823, 'gd_line_scale': 1.808674530186445, 'gd_line_alpha': 0.8159030901535381, 'coalescence_d_scale': 0.3680532965040369, 'capture_scale': 0.029119911459699492}. Best is trial 296 with value: 2.4204806317919956.
[I 2026-05-03 08:47:42,456] Trial 297 finished with value: 2.509541017993171 and parameters: {'f_n': 2.2044237051823694e-07, 'K_d': 340352.9248895068, 'rho_d': 17346599295896.846, 'fission_rate': 5.449613608297907e+19, 'Dg_D1_scale': 0.7104423584346002, 'Dg_D3_scale': 0.1822086374139023, 'Dv_D1_scale': 0.20499767568813262, 'Dv_D2_scale': 3.8872738708869465, 'b_bulk_scale': 0.1864572796049491, 'b_dislocation_scale': 0.03177031047454023, 'gb_scale': 3.394340715632261, 'gd_bubble_scale': 1.105758557207165, 'gd_line_scale': 1.5312702104120022, 'gd_line_alpha': 0.7912800119385495, 'coalescence_d_scale': 0.38040943703750396, 'capture_scale': 0.013419734714178014}. Best is trial 296 with value: 2.4204806317919956.
[I 2026-05-03 08:47:48,142] Trial 298 finished with value: 2.4276095163253073 and parameters: {'f_n': 1.540495242159253e-07, 'K_d': 354253.1205471087, 'rho_d': 17085541339650.066, 'fission_rate': 5.41327840772787e+19, 'Dg_D1_scale': 0.6673740780500371, 'Dg_D3_scale': 0.1530349822009844, 'Dv_D1_scale': 0.22766130832526052, 'Dv_D2_scale': 3.9705375249895902, 'b_bulk_scale': 0.20388076060828286, 'b_dislocation_scale': 0.03855767503772816, 'gb_scale': 3.9894201897355455, 'gd_bubble_scale': 1.3228770804120542, 'gd_line_scale': 1.8383412589333579, 'gd_line_alpha': 0.8160242891332973, 'coalescence_d_scale': 0.40876186053973845, 'capture_scale': 0.07264598896152076}. Best is trial 296 with value: 2.4204806317919956.
[I 2026-05-03 08:47:53,752] Trial 299 finished with value: 2.4258374542267473 and parameters: {'f_n': 1.6614780284726001e-07, 'K_d': 361851.4862608224, 'rho_d': 16808795537912.574, 'fission_rate': 5.427374517765246e+19, 'Dg_D1_scale': 0.6872724653906827, 'Dg_D3_scale': 0.15173571912247258, 'Dv_D1_scale': 0.22078203111011988, 'Dv_D2_scale': 3.9526814723912866, 'b_bulk_scale': 0.22103780366067538, 'b_dislocation_scale': 0.03870390822176927, 'gb_scale': 3.874254829293616, 'gd_bubble_scale': 1.3665384048984233, 'gd_line_scale': 1.9117508357988817, 'gd_line_alpha': 0.8138306904548889, 'coalescence_d_scale': 0.3783012207438898, 'capture_scale': 0.04709312607659022}. Best is trial 296 with value: 2.4204806317919956.
Fast trials written to: UN_M7_optuna_v8_results/capture_only/short_forced_RdNdBulk/optuna_fast_trials_capture_only.csv
--------------------------------------------------------------------------------------------------------------------------------------------------------------------------
rank |     score |                        label |       f_n |       K_d |     rho_d |      Fdot |    Dv |    Dg |     b |    gb |    gd |  coal |   cap |  swD1600 |   Rd1600 |   NdDrop
--------------------------------------------------------------------------------------------------------------------------------------------------------------------------
   1 |      2.42 |  capture_only_v6_trial_00296 |   2.2e-07 |   3.2e+05 |   1.8e+13 |   5.4e+19 |     1 |     1 |     1 |   3.2 |     1 |  0.37 | 0.029 |      2.3 |     99.1 |  -0.0413
   2 |     2.426 |  capture_only_v6_trial_00299 |   1.7e-07 |   3.6e+05 |   1.7e+13 |   5.4e+19 |     1 |     1 |     1 |   3.9 |     1 |  0.38 | 0.047 |     2.29 |     97.6 |   -0.042
   3 |     2.428 |  capture_only_v6_trial_00298 |   1.5e-07 |   3.5e+05 |   1.7e+13 |   5.4e+19 |     1 |     1 |     1 |     4 |     1 |  0.41 | 0.073 |     2.22 |     96.8 |  -0.0444
   4 |     2.443 |  capture_only_v6_trial_00295 |   2.2e-07 |   3.2e+05 |   1.7e+13 |   5.4e+19 |     1 |     1 |     1 |   2.5 |     1 |  0.39 | 0.012 |     2.41 |      103 |  -0.0469
   5 |     2.454 |  capture_only_v6_trial_00291 |   7.2e-08 |   2.8e+05 |   1.6e+13 |   5.5e+19 |     1 |     1 |     1 |     2 |     1 |  0.55 |  0.05 |     2.64 |      113 |  -0.0708
   6 |     2.456 |  capture_only_v6_trial_00252 |   2.0e-07 |   2.6e+05 |   1.9e+13 |   5.4e+19 |     1 |     1 |     1 |   2.7 |     1 |  0.52 |   4.2 |     2.44 |      107 |  -0.0652
   7 |     2.478 |  capture_only_v6_trial_00232 |   1.5e-07 |   2.5e+05 |   1.9e+13 |   5.2e+19 |     1 |     1 |     1 |   2.4 |     1 |  0.56 |     6 |     2.44 |      109 |  -0.0711
   8 |     2.478 |  capture_only_v6_trial_00285 |   2.0e-07 |   2.8e+05 |   1.7e+13 |   5.4e+19 |     1 |     1 |     1 |     2 |     1 |  0.52 |   4.3 |      2.3 |      107 |   -0.063
   9 |     2.478 |  capture_only_v6_trial_00201 |   5.9e-08 |   2.9e+05 |   1.4e+13 |   5.9e+19 |     1 |     1 |     1 |   3.1 |     1 |  0.52 |     4 |     2.39 |      114 |  -0.0613
  10 |     2.479 |  capture_only_v6_trial_00278 |   1.4e-07 |   2.5e+05 |   1.8e+13 |   5.2e+19 |     1 |     1 |     1 |   2.5 |     1 |  0.45 |   6.8 |     2.47 |      111 |  -0.0559
  11 |     2.481 |  capture_only_v6_trial_00236 |   2.0e-07 |   2.6e+05 |   1.9e+13 |   5.3e+19 |     1 |     1 |     1 |   2.2 |     1 |   0.6 |   5.5 |     2.41 |      106 |  -0.0753
  12 |     2.483 |  capture_only_v6_trial_00167 |   1.8e-07 |   3.0e+05 |   1.6e+13 |   5.9e+19 |     1 |     1 |     1 |     2 |     1 |  0.53 |   3.8 |     2.37 |      107 |  -0.0635
  13 |     2.483 |  capture_only_v6_trial_00245 |   2.8e-07 |   2.4e+05 |   2.1e+13 |   5.4e+19 |     1 |     1 |     1 |   2.4 |     1 |  0.65 |   4.5 |     2.52 |      108 |  -0.0827
  14 |     2.484 |  capture_only_v6_trial_00141 |   3.0e-07 |   2.5e+05 |   1.9e+13 |   6.7e+19 |     1 |     1 |     1 |   1.2 |     1 |  0.53 |   3.2 |     2.41 |      108 |  -0.0666
  15 |     2.484 |  capture_only_v6_trial_00166 |   1.9e-07 |   3.0e+05 |   1.6e+13 |   6.1e+19 |     1 |     1 |     1 |   1.9 |     1 |  0.46 |   3.9 |     2.33 |      107 |  -0.0541
--------------------------------------------------------------------------------------------------------------------------------------------------------------------------
Final rows written to: UN_M7_optuna_v8_results/capture_only/short_forced_RdNdBulk/optuna_final_top_capture_only.csv
--------------------------------------------------------------------------------------------------------------------------------------------------------------------------
rank |     score |                        label |       f_n |       K_d |     rho_d |      Fdot |    Dv |    Dg |     b |    gb |    gd |  coal |   cap |  swD1600 |   Rd1600 |   NdDrop
--------------------------------------------------------------------------------------------------------------------------------------------------------------------------
--------------------------------------------------------------------------------------------------------------------------------------------------------------------------
Summary written to: UN_M7_optuna_v8_results/capture_only/short_forced_RdNdBulk/optuna_summary_capture_only.md
