[I 2026-05-03 08:38:44,574] Trial 192 finished with value: 2.507814283993579 and parameters: {'f_n': 6.795747856838186e-08, 'K_d': 319793.434061726, 'rho_d': 13757977354018.365, 'fission_rate': 5.858214137173373e+19, 'Dg_D1_scale': 1.8870456906950326, 'Dg_D3_scale': 0.2409362167809175, 'Dv_D1_scale': 0.22221503417872399, 'Dv_D2_scale': 3.431217649400077, 'b_bulk_scale': 0.09122816882831941, 'b_dislocation_scale': 0.0648546797251746, 'gb_scale': 2.6575465936043288, 'gd_bubble_scale': 0.8733293950187728, 'gd_line_scale': 2.072928050419375, 'gd_line_alpha': 0.9104491365570362, 'coalescence_d_scale': 0.3317639590122727, 'capture_scale': 3.675878889206221}. Best is trial 167 with value: 2.4827394940140177.Best trial: 167. Best value: 2.48274:  64%|██████▍   | 192/300 [15:12<08:25,  4.68s/it]Best trial: 167. Best value: 2.48274:  64%|██████▍   | 192/300 [15:12<08:25,  4.68s/it]Best trial: 167. Best value: 2.48274:  64%|██████▍   | 193/300 [15:12<08:39,  4.86s/it]                                                                                       Best trial: 167. Best value: 2.48274:  64%|██████▍   | 193/300 [15:17<08:39,  4.86s/it]Best trial: 167. Best value: 2.48274:  64%|██████▍   | 193/300 [15:18<08:39,  4.86s/it]Best trial: 167. Best value: 2.48274:  65%|██████▍   | 194/300 [15:18<08:42,  4.93s/it]                                                                                       Best trial: 167. Best value: 2.48274:  65%|██████▍   | 194/300 [15:23<08:42,  4.93s/it]Best trial: 167. Best value: 2.48274:  65%|██████▍   | 194/300 [15:23<08:42,  4.93s/it]Best trial: 167. Best value: 2.48274:  65%|██████▌   | 195/300 [15:23<08:47,  5.03s/it]                                                                                       Best trial: 167. Best value: 2.48274:  65%|██████▌   | 195/300 [15:28<08:47,  5.03s/it]Best trial: 167. Best value: 2.48274:  65%|██████▌   | 195/300 [15:28<08:47,  5.03s/it]Best trial: 167. Best value: 2.48274:  65%|██████▌   | 196/300 [15:28<08:46,  5.07s/it]                                                                                       Best trial: 167. Best value: 2.48274:  65%|██████▌   | 196/300 [15:34<08:46,  5.07s/it]Best trial: 167. Best value: 2.48274:  65%|██████▌   | 196/300 [15:34<08:46,  5.07s/it]Best trial: 167. Best value: 2.48274:  66%|██████▌   | 197/300 [15:34<08:58,  5.23s/it]                                                                                       Best trial: 167. Best value: 2.48274:  66%|██████▌   | 197/300 [15:37<08:58,  5.23s/it]Best trial: 167. Best value: 2.48274:  66%|██████▌   | 197/300 [15:37<08:58,  5.23s/it]Best trial: 167. Best value: 2.48274:  66%|██████▌   | 198/300 [15:37<08:01,  4.72s/it]                                                                                       Best trial: 167. Best value: 2.48274:  66%|██████▌   | 198/300 [15:40<08:01,  4.72s/it]Best trial: 167. Best value: 2.48274:  66%|██████▌   | 198/300 [15:41<08:01,  4.72s/it]Best trial: 167. Best value: 2.48274:  66%|██████▋   | 199/300 [15:41<07:18,  4.34s/it]                                                                                       Best trial: 167. Best value: 2.48274:  66%|██████▋   | 199/300 [15:46<07:18,  4.34s/it]Best trial: 167. Best value: 2.48274:  66%|██████▋   | 199/300 [15:46<07:18,  4.34s/it]Best trial: 167. Best value: 2.48274:  67%|██████▋   | 200/300 [15:46<07:34,  4.54s/it]                                                                                       Best trial: 167. Best value: 2.48274:  67%|██████▋   | 200/300 [15:51<07:34,  4.54s/it]Best trial: 167. Best value: 2.48274:  67%|██████▋   | 200/300 [15:51<07:34,  4.54s/it]Best trial: 167. Best value: 2.48274:  67%|██████▋   | 201/300 [15:51<07:59,  4.85s/it]                                                                                       Best trial: 167. Best value: 2.48274:  67%|██████▋   | 201/300 [15:56<07:59,  4.85s/it]Best trial: 201. Best value: 2.47844:  67%|██████▋   | 201/300 [15:56<07:59,  4.85s/it]Best trial: 201. Best value: 2.47844:  67%|██████▋   | 202/300 [15:56<08:08,  4.99s/it]                                                                                       Best trial: 201. Best value: 2.47844:  67%|██████▋   | 202/300 [16:01<08:08,  4.99s/it]Best trial: 201. Best value: 2.47844:  67%|██████▋   | 202/300 [16:01<08:08,  4.99s/it]Best trial: 201. Best value: 2.47844:  68%|██████▊   | 203/300 [16:01<08:05,  5.01s/it]                                                                                       Best trial: 201. Best value: 2.47844:  68%|██████▊   | 203/300 [16:05<08:05,  5.01s/it]Best trial: 201. Best value: 2.47844:  68%|██████▊   | 203/300 [16:05<08:05,  5.01s/it]Best trial: 201. Best value: 2.47844:  68%|██████▊   | 204/300 [16:05<07:08,  4.46s/it]                                                                                       
[I 2026-05-03 08:38:49,681] Trial 193 finished with value: 2.5235007458611283 and parameters: {'f_n': 6.580420220675202e-08, 'K_d': 291277.5521721359, 'rho_d': 13920330391414.373, 'fission_rate': 6.065444402793474e+19, 'Dg_D1_scale': 2.120788230975277, 'Dg_D3_scale': 0.2532520959955885, 'Dv_D1_scale': 0.22088254104348787, 'Dv_D2_scale': 3.490606866731026, 'b_bulk_scale': 0.09195940887741413, 'b_dislocation_scale': 0.06587476157441541, 'gb_scale': 1.497305888861199, 'gd_bubble_scale': 0.8027712065053316, 'gd_line_scale': 2.0442126629582793, 'gd_line_alpha': 0.914295152526667, 'coalescence_d_scale': 0.33680849305992433, 'capture_scale': 3.8572513856068955}. Best is trial 167 with value: 2.4827394940140177.
[I 2026-05-03 08:38:54,932] Trial 194 finished with value: 2.530595233264732 and parameters: {'f_n': 6.639231166350433e-08, 'K_d': 291176.2063626944, 'rho_d': 14247107791933.639, 'fission_rate': 5.888846727782261e+19, 'Dg_D1_scale': 2.1096249878518574, 'Dg_D3_scale': 0.2580764672445889, 'Dv_D1_scale': 0.21922586016629558, 'Dv_D2_scale': 3.416073533083739, 'b_bulk_scale': 0.07313435870470848, 'b_dislocation_scale': 0.06498427231475559, 'gb_scale': 2.969040680782853, 'gd_bubble_scale': 0.8218050120820865, 'gd_line_scale': 2.066133378575721, 'gd_line_alpha': 0.9210172945971721, 'coalescence_d_scale': 0.3521886494303774, 'capture_scale': 3.794623274271569}. Best is trial 167 with value: 2.4827394940140177.
[I 2026-05-03 08:39:00,087] Trial 195 finished with value: 2.5531561015223794 and parameters: {'f_n': 2.8929009033453957e-08, 'K_d': 331474.8127875016, 'rho_d': 13725196016096.906, 'fission_rate': 6.075922009192436e+19, 'Dg_D1_scale': 2.3443912425216444, 'Dg_D3_scale': 0.30016395561034837, 'Dv_D1_scale': 0.2295925584014581, 'Dv_D2_scale': 3.9894820957960975, 'b_bulk_scale': 0.09352457385602907, 'b_dislocation_scale': 0.0602016117562575, 'gb_scale': 1.7773323816988522, 'gd_bubble_scale': 0.7313251666164634, 'gd_line_scale': 1.7465249451491591, 'gd_line_alpha': 0.9396690827675439, 'coalescence_d_scale': 0.32791991231119955, 'capture_scale': 5.46449504947259}. Best is trial 167 with value: 2.4827394940140177.
[I 2026-05-03 08:39:05,702] Trial 196 finished with value: 2.5905704033784134 and parameters: {'f_n': 4.98172799252489e-08, 'K_d': 302393.9858852114, 'rho_d': 11767590097121.748, 'fission_rate': 5.958578546614834e+19, 'Dg_D1_scale': 1.9961551278594056, 'Dg_D3_scale': 0.21002372604374756, 'Dv_D1_scale': 0.26334081563286, 'Dv_D2_scale': 2.837396510015268, 'b_bulk_scale': 0.11896168208995879, 'b_dislocation_scale': 0.0684880068231686, 'gb_scale': 1.4959252955482203, 'gd_bubble_scale': 0.9163367244337297, 'gd_line_scale': 2.2001857892401393, 'gd_line_alpha': 0.9011629273813119, 'coalescence_d_scale': 0.2914645891009969, 'capture_scale': 4.486095617717068}. Best is trial 167 with value: 2.4827394940140177.
[I 2026-05-03 08:39:09,221] Trial 197 finished with value: 2.6150438126694273 and parameters: {'f_n': 8.709353206593054e-08, 'K_d': 272375.0745201321, 'rho_d': 12665288822437.65, 'fission_rate': 5.828638901041256e+19, 'Dg_D1_scale': 1.9079817775976693, 'Dg_D3_scale': 0.24326868225208034, 'Dv_D1_scale': 0.20073024309177892, 'Dv_D2_scale': 3.438706537837256, 'b_bulk_scale': 0.05935978209714415, 'b_dislocation_scale': 0.05486233444541367, 'gb_scale': 2.6174886314556565, 'gd_bubble_scale': 0.678887562671695, 'gd_line_scale': 1.955824933133973, 'gd_line_alpha': 0.8658763242958548, 'coalescence_d_scale': 0.4318246425324928, 'capture_scale': 3.8144257617875277}. Best is trial 167 with value: 2.4827394940140177.
[I 2026-05-03 08:39:12,664] Trial 198 finished with value: 5.731677182283174 and parameters: {'f_n': 6.9141555031715e-08, 'K_d': 400894.3058033909, 'rho_d': 14929299109608.945, 'fission_rate': 5.249343040395447e+19, 'Dg_D1_scale': 2.1808069120264926, 'Dg_D3_scale': 0.2734035852369495, 'Dv_D1_scale': 0.2807508493128781, 'Dv_D2_scale': 3.123148042786355, 'b_bulk_scale': 0.0791462166594845, 'b_dislocation_scale': 2.6789404700108137, 'gb_scale': 2.118933668413022, 'gd_bubble_scale': 0.5423491439519691, 'gd_line_scale': 1.6146490044022113, 'gd_line_alpha': 0.7984012065444819, 'coalescence_d_scale': 0.33009518822083045, 'capture_scale': 5.987986042129307}. Best is trial 167 with value: 2.4827394940140177.
[I 2026-05-03 08:39:17,697] Trial 199 finished with value: 2.869428888292997 and parameters: {'f_n': 1.3685953415323948e-07, 'K_d': 370298.3993303109, 'rho_d': 13513714812317.46, 'fission_rate': 6.12132945206417e+19, 'Dg_D1_scale': 2.393166995054846, 'Dg_D3_scale': 0.23984250946421254, 'Dv_D1_scale': 0.23263848252329217, 'Dv_D2_scale': 2.9846096676207003, 'b_bulk_scale': 0.13716222332335215, 'b_dislocation_scale': 0.05119707725097155, 'gb_scale': 1.6193085949734203, 'gd_bubble_scale': 1.098584195691284, 'gd_line_scale': 2.9684199173011905, 'gd_line_alpha': 0.8276938323529099, 'coalescence_d_scale': 0.38251887410699054, 'capture_scale': 4.983124290676361}. Best is trial 167 with value: 2.4827394940140177.
[I 2026-05-03 08:39:23,252] Trial 200 finished with value: 2.5698069162758146 and parameters: {'f_n': 9.329794893384475e-08, 'K_d': 314824.9931660214, 'rho_d': 10591077821709.318, 'fission_rate': 5.552026164103695e+19, 'Dg_D1_scale': 1.769313489463772, 'Dg_D3_scale': 0.25762416396841714, 'Dv_D1_scale': 0.307470408888283, 'Dv_D2_scale': 3.4147173191597457, 'b_bulk_scale': 0.09782395603851497, 'b_dislocation_scale': 0.06298341727130258, 'gb_scale': 1.846001596988029, 'gd_bubble_scale': 0.9018618587147823, 'gd_line_scale': 2.6408453523185225, 'gd_line_alpha': 0.8922489738572628, 'coalescence_d_scale': 0.6294253354942838, 'capture_scale': 3.600873911162959}. Best is trial 167 with value: 2.4827394940140177.
[I 2026-05-03 08:39:28,569] Trial 201 finished with value: 2.478444293273857 and parameters: {'f_n': 5.916414874490932e-08, 'K_d': 288340.7396022996, 'rho_d': 14151361542337.701, 'fission_rate': 5.883193214981222e+19, 'Dg_D1_scale': 2.171312050502426, 'Dg_D3_scale': 0.26013587186371345, 'Dv_D1_scale': 0.21663325418818644, 'Dv_D2_scale': 3.4166874121123714, 'b_bulk_scale': 0.1507139431789392, 'b_dislocation_scale': 0.06711784911746815, 'gb_scale': 3.115239867364175, 'gd_bubble_scale': 1.4426938251364319, 'gd_line_scale': 2.056342112883774, 'gd_line_alpha': 0.9257842895016953, 'coalescence_d_scale': 0.5243876814908665, 'capture_scale': 4.044781135017842}. Best is trial 201 with value: 2.478444293273857.
[I 2026-05-03 08:39:33,625] Trial 202 finished with value: 2.519202202728308 and parameters: {'f_n': 3.798419579372075e-08, 'K_d': 286436.36688562727, 'rho_d': 15173082925130.713, 'fission_rate': 6.041893372117136e+19, 'Dg_D1_scale': 2.2491216335612343, 'Dg_D3_scale': 0.29278234108092804, 'Dv_D1_scale': 0.2196422606463989, 'Dv_D2_scale': 3.2329505344636953, 'b_bulk_scale': 0.1587049241335052, 'b_dislocation_scale': 0.0740902426728084, 'gb_scale': 2.7658559643048792, 'gd_bubble_scale': 1.4659073555452076, 'gd_line_scale': 1.7950536365972205, 'gd_line_alpha': 0.913904110529429, 'coalescence_d_scale': 0.5152215911304527, 'capture_scale': 4.501087790228787}. Best is trial 201 with value: 2.478444293273857.
[I 2026-05-03 08:39:36,806] Trial 203 finished with value: 2.5364061525901063 and parameters: {'f_n': 3.56233986579772e-08, 'K_d': 284782.1317516185, 'rho_d': 14219448378426.482, 'fission_rate': 6.008528457621735e+19, 'Dg_D1_scale': 2.2069719129950065, 'Dg_D3_scale': 0.29838819548059503, 'Dv_D1_scale': 0.21539813987224993, 'Dv_D2_scale': 3.2904666834265006, 'b_bulk_scale': 0.15787665445146395, 'b_dislocation_scale': 0.0700297995467577, 'gb_scale': 2.804430624008896, 'gd_bubble_scale': 1.3792321903823395, 'gd_line_scale': 1.9857547465555851, 'gd_line_alpha': 0.914124287842877, 'coalescence_d_scale': 0.5415105290215729, 'capture_scale': 4.63276658105912}. Best is trial 201 with value: 2.478444293273857.
[I 2026-05-03 08:39:40,005] Trial 204 finished with value: 4.597894433005747 and parameters: {'f_n': 5.805660250202972e-08, 'K_d': 465140.47226806264, 'rho_d': 13125380316310.432, 'fission_rate': 6.207221830554875e+19, 'Dg_D1_scale': 2.5473250649854884, 'Dg_D3_scale': 0.27306408428330403, 'Dv_D1_scale': 0.24496661154924917, 'Dv_D2_scale': 3.2091957643701554, 'b_bulk_scale': 0.1416810733410033, 'b_dislocation_scale': 0.4272759697781562, 'gb_scale': 3.1271586553471975, 'gd_bubble_scale': 1.5498893443977828, 'gd_line_scale': 1.7996753412742097, 'gd_line_alpha': 0.9453355287786778, 'coalescence_d_scale': 0.5730975876426736, 'capture_scale': 4.062200626683609}. Best is trial 201 with value: 2.478444293273857.Best trial: 201. Best value: 2.47844:  68%|██████▊   | 204/300 [16:08<07:08,  4.46s/it]Best trial: 201. Best value: 2.47844:  68%|██████▊   | 204/300 [16:08<07:08,  4.46s/it]Best trial: 201. Best value: 2.47844:  68%|██████▊   | 205/300 [16:08<06:27,  4.08s/it]                                                                                       Best trial: 201. Best value: 2.47844:  68%|██████▊   | 205/300 [16:11<06:27,  4.08s/it]Best trial: 201. Best value: 2.47844:  68%|██████▊   | 205/300 [16:11<06:27,  4.08s/it]Best trial: 201. Best value: 2.47844:  69%|██████▊   | 206/300 [16:11<05:58,  3.82s/it]                                                                                       Best trial: 201. Best value: 2.47844:  69%|██████▊   | 206/300 [16:16<05:58,  3.82s/it]Best trial: 201. Best value: 2.47844:  69%|██████▊   | 206/300 [16:16<05:58,  3.82s/it]Best trial: 201. Best value: 2.47844:  69%|██████▉   | 207/300 [16:16<06:35,  4.25s/it]                                                                                       Best trial: 201. Best value: 2.47844:  69%|██████▉   | 207/300 [16:21<06:35,  4.25s/it]Best trial: 201. Best value: 2.47844:  69%|██████▉   | 207/300 [16:21<06:35,  4.25s/it]Best trial: 201. Best value: 2.47844:  69%|██████▉   | 208/300 [16:21<06:55,  4.51s/it]                                                                                       Best trial: 201. Best value: 2.47844:  69%|██████▉   | 208/300 [16:27<06:55,  4.51s/it]Best trial: 201. Best value: 2.47844:  69%|██████▉   | 208/300 [16:27<06:55,  4.51s/it]Best trial: 201. Best value: 2.47844:  70%|██████▉   | 209/300 [16:27<07:06,  4.69s/it]                                                                                       Best trial: 201. Best value: 2.47844:  70%|██████▉   | 209/300 [16:32<07:06,  4.69s/it]Best trial: 201. Best value: 2.47844:  70%|██████▉   | 209/300 [16:32<07:06,  4.69s/it]Best trial: 201. Best value: 2.47844:  70%|███████   | 210/300 [16:32<07:15,  4.84s/it]                                                                                       Best trial: 201. Best value: 2.47844:  70%|███████   | 210/300 [16:35<07:15,  4.84s/it]Best trial: 201. Best value: 2.47844:  70%|███████   | 210/300 [16:35<07:15,  4.84s/it]Best trial: 201. Best value: 2.47844:  70%|███████   | 211/300 [16:35<06:35,  4.44s/it]                                                                                       Best trial: 201. Best value: 2.47844:  70%|███████   | 211/300 [16:40<06:35,  4.44s/it]Best trial: 201. Best value: 2.47844:  70%|███████   | 211/300 [16:41<06:35,  4.44s/it]Best trial: 201. Best value: 2.47844:  71%|███████   | 212/300 [16:41<06:52,  4.68s/it]                                                                                       Best trial: 201. Best value: 2.47844:  71%|███████   | 212/300 [16:46<06:52,  4.68s/it]Best trial: 201. Best value: 2.47844:  71%|███████   | 212/300 [16:46<06:52,  4.68s/it]Best trial: 201. Best value: 2.47844:  71%|███████   | 213/300 [16:46<07:01,  4.85s/it]                                                                                       Best trial: 201. Best value: 2.47844:  71%|███████   | 213/300 [16:51<07:01,  4.85s/it]Best trial: 201. Best value: 2.47844:  71%|███████   | 213/300 [16:51<07:01,  4.85s/it]Best trial: 201. Best value: 2.47844:  71%|███████▏  | 214/300 [16:51<07:07,  4.97s/it]                                                                                       Best trial: 201. Best value: 2.47844:  71%|███████▏  | 214/300 [16:56<07:07,  4.97s/it]Best trial: 201. Best value: 2.47844:  71%|███████▏  | 214/300 [16:56<07:07,  4.97s/it]Best trial: 201. Best value: 2.47844:  72%|███████▏  | 215/300 [16:56<07:12,  5.09s/it]                                                                                       Best trial: 201. Best value: 2.47844:  72%|███████▏  | 215/300 [17:02<07:12,  5.09s/it]Best trial: 201. Best value: 2.47844:  72%|███████▏  | 215/300 [17:02<07:12,  5.09s/it]Best trial: 201. Best value: 2.47844:  72%|███████▏  | 216/300 [17:02<07:11,  5.13s/it]                                                                                       
[I 2026-05-03 08:39:43,210] Trial 205 finished with value: 5.353869961232519 and parameters: {'f_n': 7.642268181149264e-08, 'K_d': 299629.79995155707, 'rho_d': 15920487085111.102, 'fission_rate': 5.892571891556622e+19, 'Dg_D1_scale': 2.029297485265417, 'Dg_D3_scale': 0.24778800934063366, 'Dv_D1_scale': 0.2131020813774028, 'Dv_D2_scale': 2.977807409532886, 'b_bulk_scale': 0.12402907379879499, 'b_dislocation_scale': 1.8899885793333218, 'gb_scale': 2.639471064551699, 'gd_bubble_scale': 1.0591119923657453, 'gd_line_scale': 2.175140331669915, 'gd_line_alpha': 0.8821292068368781, 'coalescence_d_scale': 0.4557752658689959, 'capture_scale': 5.263868825175742}. Best is trial 201 with value: 2.478444293273857.
[I 2026-05-03 08:39:48,471] Trial 206 finished with value: 2.6105280506094943 and parameters: {'f_n': 5.259807397703978e-08, 'K_d': 343698.89594506426, 'rho_d': 12117621250057.422, 'fission_rate': 5.8109068855145005e+19, 'Dg_D1_scale': 2.122586287807304, 'Dg_D3_scale': 0.29313720273736815, 'Dv_D1_scale': 0.23121913544901432, 'Dv_D2_scale': 3.6206217716977687, 'b_bulk_scale': 0.15304349141735415, 'b_dislocation_scale': 0.0579091194382201, 'gb_scale': 2.2462862625802487, 'gd_bubble_scale': 1.3078004554146292, 'gd_line_scale': 2.2967167256531344, 'gd_line_alpha': 0.9263090640687182, 'coalescence_d_scale': 0.6757604072710545, 'capture_scale': 4.233709548876111}. Best is trial 201 with value: 2.478444293273857.
[I 2026-05-03 08:39:53,598] Trial 207 finished with value: 2.5448284454838865 and parameters: {'f_n': 4.605053596478101e-08, 'K_d': 280540.4707231326, 'rho_d': 17706452178850.1, 'fission_rate': 6.116387512414634e+19, 'Dg_D1_scale': 2.2842806332659555, 'Dg_D3_scale': 0.32859364364328414, 'Dv_D1_scale': 0.2636268563127567, 'Dv_D2_scale': 3.9921152581421233, 'b_bulk_scale': 0.10432912101766341, 'b_dislocation_scale': 0.07341018947150375, 'gb_scale': 1.9904509492728466, 'gd_bubble_scale': 0.7753620293123413, 'gd_line_scale': 1.668147578889294, 'gd_line_alpha': 0.908288295462344, 'coalescence_d_scale': 0.5162638213264259, 'capture_scale': 6.525206057219625}. Best is trial 201 with value: 2.478444293273857.
[I 2026-05-03 08:39:58,686] Trial 208 finished with value: 2.9880265546226856 and parameters: {'f_n': 1.0083370266075086e-07, 'K_d': 324591.4693485505, 'rho_d': 11559951798002.816, 'fission_rate': 6.0504774946257e+19, 'Dg_D1_scale': 1.8823502116156796, 'Dg_D3_scale': 0.26209997566784055, 'Dv_D1_scale': 0.23807360187952595, 'Dv_D2_scale': 3.5178900427480206, 'b_bulk_scale': 0.16516701735541017, 'b_dislocation_scale': 0.06345681233933997, 'gb_scale': 2.3651412203600346, 'gd_bubble_scale': 1.4713949241966715, 'gd_line_scale': 4.860505089618108, 'gd_line_alpha': 0.8714437736512429, 'coalescence_d_scale': 0.6231892425228539, 'capture_scale': 3.6794931927367203}. Best is trial 201 with value: 2.478444293273857.
[I 2026-05-03 08:40:03,878] Trial 209 finished with value: 2.5113216507373295 and parameters: {'f_n': 6.855117298422935e-08, 'K_d': 308604.23268965917, 'rho_d': 15368349642121.082, 'fission_rate': 5.9228922149486125e+19, 'Dg_D1_scale': 1.2463061528187336, 'Dg_D3_scale': 0.2803559891812246, 'Dv_D1_scale': 0.2813898468974652, 'Dv_D2_scale': 2.8145488331851385, 'b_bulk_scale': 0.11966604511539697, 'b_dislocation_scale': 0.06784663028209681, 'gb_scale': 2.9569180350672903, 'gd_bubble_scale': 0.9677453058212248, 'gd_line_scale': 1.8756977049266232, 'gd_line_alpha': 0.9343445454844292, 'coalescence_d_scale': 0.42796011496835856, 'capture_scale': 3.0314148181612732}. Best is trial 201 with value: 2.478444293273857.
