[I 2026-05-03 08:31:16,166] Trial 96 finished with value: 2.952088686379497 and parameters: {'f_n': 1.4185308368434133e-06, 'K_d': 103483.35196594894, 'rho_d': 30513040325217.46, 'fission_rate': 6.521794244381855e+19, 'Dg_D1_scale': 2.8710500207507934, 'Dg_D3_scale': 0.1629282382309458, 'Dv_D1_scale': 0.8708694446022542, 'Dv_D2_scale': 1.5567085485657122, 'b_bulk_scale': 0.38253709960032356, 'b_dislocation_scale': 0.20167222839995624, 'gb_scale': 0.380701994496836, 'gd_bubble_scale': 5.1998909270979885, 'gd_line_scale': 0.507626932261147, 'gd_line_alpha': 0.31237703454861687, 'coalescence_d_scale': 0.10651603102354663, 'capture_scale': 3.910697658860429}. Best is trial 54 with value: 2.6321801896728414.Best trial: 54. Best value: 2.63218:  32%|███▏      | 96/300 [07:44<14:41,  4.32s/it]Best trial: 54. Best value: 2.63218:  32%|███▏      | 96/300 [07:44<14:41,  4.32s/it]Best trial: 54. Best value: 2.63218:  32%|███▏      | 97/300 [07:44<14:59,  4.43s/it]                                                                                     Best trial: 54. Best value: 2.63218:  32%|███▏      | 97/300 [07:49<14:59,  4.43s/it]Best trial: 54. Best value: 2.63218:  32%|███▏      | 97/300 [07:49<14:59,  4.43s/it]Best trial: 54. Best value: 2.63218:  33%|███▎      | 98/300 [07:49<15:20,  4.56s/it]                                                                                     Best trial: 54. Best value: 2.63218:  33%|███▎      | 98/300 [07:54<15:20,  4.56s/it]Best trial: 54. Best value: 2.63218:  33%|███▎      | 98/300 [07:54<15:20,  4.56s/it]Best trial: 54. Best value: 2.63218:  33%|███▎      | 99/300 [07:54<15:45,  4.70s/it]                                                                                     Best trial: 54. Best value: 2.63218:  33%|███▎      | 99/300 [07:57<15:45,  4.70s/it]Best trial: 54. Best value: 2.63218:  33%|███▎      | 99/300 [07:57<15:45,  4.70s/it]Best trial: 54. Best value: 2.63218:  33%|███▎      | 100/300 [07:57<14:02,  4.21s/it]                                                                                      Best trial: 54. Best value: 2.63218:  33%|███▎      | 100/300 [08:02<14:02,  4.21s/it]Best trial: 54. Best value: 2.63218:  33%|███▎      | 100/300 [08:02<14:02,  4.21s/it]Best trial: 54. Best value: 2.63218:  34%|███▎      | 101/300 [08:02<14:51,  4.48s/it]                                                                                      Best trial: 54. Best value: 2.63218:  34%|███▎      | 101/300 [08:07<14:51,  4.48s/it]Best trial: 54. Best value: 2.63218:  34%|███▎      | 101/300 [08:07<14:51,  4.48s/it]Best trial: 54. Best value: 2.63218:  34%|███▍      | 102/300 [08:07<15:12,  4.61s/it]                                                                                      Best trial: 54. Best value: 2.63218:  34%|███▍      | 102/300 [08:12<15:12,  4.61s/it]Best trial: 54. Best value: 2.63218:  34%|███▍      | 102/300 [08:12<15:12,  4.61s/it]Best trial: 54. Best value: 2.63218:  34%|███▍      | 103/300 [08:12<15:27,  4.71s/it]                                                                                      Best trial: 54. Best value: 2.63218:  34%|███▍      | 103/300 [08:16<15:27,  4.71s/it]Best trial: 54. Best value: 2.63218:  34%|███▍      | 103/300 [08:16<15:27,  4.71s/it]Best trial: 54. Best value: 2.63218:  35%|███▍      | 104/300 [08:16<15:05,  4.62s/it]                                                                                      Best trial: 54. Best value: 2.63218:  35%|███▍      | 104/300 [08:21<15:05,  4.62s/it]Best trial: 54. Best value: 2.63218:  35%|███▍      | 104/300 [08:21<15:05,  4.62s/it]Best trial: 54. Best value: 2.63218:  35%|███▌      | 105/300 [08:21<15:06,  4.65s/it]                                                                                      Best trial: 54. Best value: 2.63218:  35%|███▌      | 105/300 [08:26<15:06,  4.65s/it]Best trial: 54. Best value: 2.63218:  35%|███▌      | 105/300 [08:26<15:06,  4.65s/it]Best trial: 54. Best value: 2.63218:  35%|███▌      | 106/300 [08:26<15:44,  4.87s/it]                                                                                      Best trial: 54. Best value: 2.63218:  35%|███▌      | 106/300 [08:29<15:44,  4.87s/it]Best trial: 54. Best value: 2.63218:  35%|███▌      | 106/300 [08:29<15:44,  4.87s/it]Best trial: 54. Best value: 2.63218:  36%|███▌      | 107/300 [08:29<13:44,  4.27s/it]                                                                                      Best trial: 54. Best value: 2.63218:  36%|███▌      | 107/300 [08:34<13:44,  4.27s/it]Best trial: 54. Best value: 2.63218:  36%|███▌      | 107/300 [08:34<13:44,  4.27s/it]Best trial: 54. Best value: 2.63218:  36%|███▌      | 108/300 [08:34<13:56,  4.36s/it]                                                                                      
[I 2026-05-03 08:31:21,006] Trial 97 finished with value: 2.8381795866361235 and parameters: {'f_n': 1.5779372076430894e-06, 'K_d': 105296.08554409363, 'rho_d': 35949849420996.44, 'fission_rate': 6.426220870509187e+19, 'Dg_D1_scale': 0.5512340436088421, 'Dg_D3_scale': 0.1848405075511384, 'Dv_D1_scale': 0.9259426239601305, 'Dv_D2_scale': 1.6715923773114327, 'b_bulk_scale': 0.6441127946177324, 'b_dislocation_scale': 0.1816689451388147, 'gb_scale': 0.508878427746646, 'gd_bubble_scale': 5.835942516321495, 'gd_line_scale': 0.30170017322500414, 'gd_line_alpha': 0.3451897632392298, 'coalescence_d_scale': 0.1812514459653395, 'capture_scale': 7.7903911857692565}. Best is trial 54 with value: 2.6321801896728414.
[I 2026-05-03 08:31:26,058] Trial 98 finished with value: 2.8601446036963467 and parameters: {'f_n': 1.4991636686694469e-06, 'K_d': 105449.64645348876, 'rho_d': 35337875098498.67, 'fission_rate': 6.3257186930107875e+19, 'Dg_D1_scale': 0.5160147708749722, 'Dg_D3_scale': 0.17801454316197887, 'Dv_D1_scale': 0.7350774050051236, 'Dv_D2_scale': 1.9192477195501814, 'b_bulk_scale': 0.6332125342826488, 'b_dislocation_scale': 0.18663470284585723, 'gb_scale': 0.4447929292722365, 'gd_bubble_scale': 6.878442341853218, 'gd_line_scale': 0.29657457248188546, 'gd_line_alpha': 0.34402353980737155, 'coalescence_d_scale': 0.13289303759224602, 'capture_scale': 6.693514041451127}. Best is trial 54 with value: 2.6321801896728414.
[I 2026-05-03 08:31:29,124] Trial 99 finished with value: 2.9176152666811794 and parameters: {'f_n': 1.518302416369682e-06, 'K_d': 104966.3674094479, 'rho_d': 35354099359564.05, 'fission_rate': 6.3560566452056334e+19, 'Dg_D1_scale': 0.4947649359624593, 'Dg_D3_scale': 0.17640529821720197, 'Dv_D1_scale': 0.8477058839013252, 'Dv_D2_scale': 1.7451056813953696, 'b_bulk_scale': 0.7220673595968453, 'b_dislocation_scale': 0.18487959063041778, 'gb_scale': 0.43315200723808417, 'gd_bubble_scale': 6.630273120228961, 'gd_line_scale': 0.3107729044396652, 'gd_line_alpha': 0.34958238879894854, 'coalescence_d_scale': 0.131979444681902, 'capture_scale': 7.608148764686394}. Best is trial 54 with value: 2.6321801896728414.
[I 2026-05-03 08:31:34,232] Trial 100 finished with value: 3.0762417676781935 and parameters: {'f_n': 8.028737969648636e-07, 'K_d': 107742.35739969023, 'rho_d': 37708708313656.76, 'fission_rate': 6.070325958859793e+19, 'Dg_D1_scale': 0.5676108605761802, 'Dg_D3_scale': 0.19441958265198786, 'Dv_D1_scale': 0.7040055220717597, 'Dv_D2_scale': 1.9578299295033286, 'b_bulk_scale': 0.5239657396969019, 'b_dislocation_scale': 0.2694558520449278, 'gb_scale': 0.2522334137512842, 'gd_bubble_scale': 8.615241628748816, 'gd_line_scale': 0.22899050417452116, 'gd_line_alpha': 0.38362309023522556, 'coalescence_d_scale': 0.18859454380904556, 'capture_scale': 6.195845492765101}. Best is trial 54 with value: 2.6321801896728414.
[I 2026-05-03 08:31:39,137] Trial 101 finished with value: 3.087606721795706 and parameters: {'f_n': 1.159143357364609e-06, 'K_d': 119623.83676903808, 'rho_d': 33180243457293.316, 'fission_rate': 6.450741437410762e+19, 'Dg_D1_scale': 0.41043754232379576, 'Dg_D3_scale': 0.21253617026722635, 'Dv_D1_scale': 0.9120636690443927, 'Dv_D2_scale': 1.6175144013046494, 'b_bulk_scale': 0.9125311673504445, 'b_dislocation_scale': 0.15139318960982415, 'gb_scale': 0.6936344614809371, 'gd_bubble_scale': 8.150074020241341, 'gd_line_scale': 0.3462631297147, 'gd_line_alpha': 0.34736739590549864, 'coalescence_d_scale': 0.14220386109715558, 'capture_scale': 5.301743249093496}. Best is trial 54 with value: 2.6321801896728414.
[I 2026-05-03 08:31:44,084] Trial 102 finished with value: 2.884367284207871 and parameters: {'f_n': 2.3031470189884677e-06, 'K_d': 143533.577485197, 'rho_d': 27942557797964.438, 'fission_rate': 6.227714668647087e+19, 'Dg_D1_scale': 0.6290013935147818, 'Dg_D3_scale': 0.16807607632310162, 'Dv_D1_scale': 0.7600118068522257, 'Dv_D2_scale': 1.7430442482400423, 'b_bulk_scale': 0.6311605995322498, 'b_dislocation_scale': 0.13817447285519283, 'gb_scale': 0.48986174762398527, 'gd_bubble_scale': 7.050590933191245, 'gd_line_scale': 0.429060337686215, 'gd_line_alpha': 0.49151877482118045, 'coalescence_d_scale': 0.16167800829721465, 'capture_scale': 4.550861508806907}. Best is trial 54 with value: 2.6321801896728414.
[I 2026-05-03 08:31:48,490] Trial 103 finished with value: 3.280066034787259 and parameters: {'f_n': 1.7178718630196882e-06, 'K_d': 104131.37929009527, 'rho_d': 31035947548254.65, 'fission_rate': 7.0741255190646505e+19, 'Dg_D1_scale': 0.41280735058356605, 'Dg_D3_scale': 0.18516773431224204, 'Dv_D1_scale': 0.5725628768554395, 'Dv_D2_scale': 1.470864143090896, 'b_bulk_scale': 0.6597648914795917, 'b_dislocation_scale': 0.24787754500623663, 'gb_scale': 0.4269783027400058, 'gd_bubble_scale': 6.1415066923454775, 'gd_line_scale': 0.31594974510520957, 'gd_line_alpha': 0.32445255446068044, 'coalescence_d_scale': 0.10465094299843002, 'capture_scale': 3.589520219698213}. Best is trial 54 with value: 2.6321801896728414.
[I 2026-05-03 08:31:53,216] Trial 104 finished with value: 3.2261335713907107 and parameters: {'f_n': 9.788615380756367e-07, 'K_d': 100549.00471448708, 'rho_d': 24183804580386.754, 'fission_rate': 6.555483044137838e+19, 'Dg_D1_scale': 0.5219873080425113, 'Dg_D3_scale': 0.18375461586889752, 'Dv_D1_scale': 0.8005614568972523, 'Dv_D2_scale': 1.3590756945293052, 'b_bulk_scale': 1.0221809930823886, 'b_dislocation_scale': 0.181488631851759, 'gb_scale': 0.29519158742930846, 'gd_bubble_scale': 4.784809308125347, 'gd_line_scale': 0.5067928196138402, 'gd_line_alpha': 0.4060493461431058, 'coalescence_d_scale': 0.12787953609045197, 'capture_scale': 6.82324785394437}. Best is trial 54 with value: 2.6321801896728414.
[I 2026-05-03 08:31:58,585] Trial 105 finished with value: 2.9464866051218497 and parameters: {'f_n': 1.4346759107161914e-06, 'K_d': 111547.23147415461, 'rho_d': 39787002461662.516, 'fission_rate': 5.828247728753181e+19, 'Dg_D1_scale': 0.6590473579394069, 'Dg_D3_scale': 0.15525450193184337, 'Dv_D1_scale': 0.6504237252578958, 'Dv_D2_scale': 1.2692032211969477, 'b_bulk_scale': 0.4902628853205613, 'b_dislocation_scale': 0.2098905880037729, 'gb_scale': 0.35253331909068303, 'gd_bubble_scale': 7.684752040404457, 'gd_line_scale': 0.25484528380613003, 'gd_line_alpha': 0.29267831734351657, 'coalescence_d_scale': 0.15884036387868855, 'capture_scale': 5.1867088851752365}. Best is trial 54 with value: 2.6321801896728414.
[I 2026-05-03 08:32:01,474] Trial 106 finished with value: 4.35485566174314 and parameters: {'f_n': 1.7052337879959609e-06, 'K_d': 134711.94741370808, 'rho_d': 34244368866059.043, 'fission_rate': 6.70093087934616e+19, 'Dg_D1_scale': 0.48493820913513813, 'Dg_D3_scale': 0.19473946875818768, 'Dv_D1_scale': 1.040129397380787, 'Dv_D2_scale': 2.0042861388306523, 'b_bulk_scale': 0.888373942842523, 'b_dislocation_scale': 0.11512791524386323, 'gb_scale': 0.4844862269142515, 'gd_bubble_scale': 9.823742873244518, 'gd_line_scale': 0.6579238517929807, 'gd_line_alpha': 0.36278039442917936, 'coalescence_d_scale': 0.19035635643955412, 'capture_scale': 2.450124369491138}. Best is trial 54 with value: 2.6321801896728414.
[I 2026-05-03 08:32:06,025] Trial 107 finished with value: 2.8343591274692046 and parameters: {'f_n': 2.1277557078558986e-06, 'K_d': 120141.44619867398, 'rho_d': 31944982079214.73, 'fission_rate': 6.9268839334711394e+19, 'Dg_D1_scale': 0.4620594510417333, 'Dg_D3_scale': 0.21803476193703403, 'Dv_D1_scale': 0.7335370189949176, 'Dv_D2_scale': 1.8448380294064015, 'b_bulk_scale': 0.7539907984651566, 'b_dislocation_scale': 0.1499418225949237, 'gb_scale': 0.5448383786326717, 'gd_bubble_scale': 5.651554615495787, 'gd_line_scale': 0.2951585186354479, 'gd_line_alpha': 0.4375671180392777, 'coalescence_d_scale': 0.2192555020975536, 'capture_scale': 1.6855207065983235}. Best is trial 54 with value: 2.6321801896728414.
[I 2026-05-03 08:32:10,610] Trial 108 finished with value: 2.868692088990658 and parameters: {'f_n': 1.3010243768985466e-06, 'K_d': 120214.43288105259, 'rho_d': 42508042112519.836, 'fission_rate': 6.921295594581473e+19, 'Dg_D1_scale': 0.68936596675409, 'Dg_D3_scale': 0.21260665951688532, 'Dv_D1_scale': 0.7293234708195813, 'Dv_D2_scale': 1.8741734474428429, 'b_bulk_scale': 0.7655327491429886, 'b_dislocation_scale': 0.1320693471083509, 'gb_scale': 0.5357399342960848, 'gd_bubble_scale': 4.234523967633867, 'gd_line_scale': 0.3043813883558818, 'gd_line_alpha': 0.45778228499222207, 'coalescence_d_scale': 0.26189432555882036, 'capture_scale': 1.8571911089874955}. Best is trial 54 with value: 2.6321801896728414.Best trial: 54. Best value: 2.63218:  36%|███▌      | 108/300 [08:38<13:56,  4.36s/it]Best trial: 54. Best value: 2.63218:  36%|███▌      | 108/300 [08:38<13:56,  4.36s/it]Best trial: 54. Best value: 2.63218:  36%|███▋      | 109/300 [08:38<14:05,  4.43s/it]                                                                                      Best trial: 54. Best value: 2.63218:  36%|███▋      | 109/300 [08:43<14:05,  4.43s/it]Best trial: 54. Best value: 2.63218:  36%|███▋      | 109/300 [08:43<14:05,  4.43s/it]Best trial: 54. Best value: 2.63218:  37%|███▋      | 110/300 [08:43<14:17,  4.51s/it]                                                                                      Best trial: 54. Best value: 2.63218:  37%|███▋      | 110/300 [08:48<14:17,  4.51s/it]Best trial: 54. Best value: 2.63218:  37%|███▋      | 110/300 [08:48<14:17,  4.51s/it]Best trial: 54. Best value: 2.63218:  37%|███▋      | 111/300 [08:48<14:05,  4.48s/it]                                                                                      Best trial: 54. Best value: 2.63218:  37%|███▋      | 111/300 [08:52<14:05,  4.48s/it]Best trial: 54. Best value: 2.63218:  37%|███▋      | 111/300 [08:52<14:05,  4.48s/it]Best trial: 54. Best value: 2.63218:  37%|███▋      | 112/300 [08:52<14:02,  4.48s/it]                                                                                      Best trial: 54. Best value: 2.63218:  37%|███▋      | 112/300 [08:57<14:02,  4.48s/it]Best trial: 54. Best value: 2.63218:  37%|███▋      | 112/300 [08:57<14:02,  4.48s/it]Best trial: 54. Best value: 2.63218:  38%|███▊      | 113/300 [08:57<14:04,  4.52s/it]                                                                                      Best trial: 54. Best value: 2.63218:  38%|███▊      | 113/300 [08:59<14:04,  4.52s/it]Best trial: 54. Best value: 2.63218:  38%|███▊      | 113/300 [08:59<14:04,  4.52s/it]Best trial: 54. Best value: 2.63218:  38%|███▊      | 114/300 [08:59<12:22,  3.99s/it]                                                                                      Best trial: 54. Best value: 2.63218:  38%|███▊      | 114/300 [09:04<12:22,  3.99s/it]Best trial: 54. Best value: 2.63218:  38%|███▊      | 114/300 [09:04<12:22,  3.99s/it]Best trial: 54. Best value: 2.63218:  38%|███▊      | 115/300 [09:04<12:50,  4.16s/it]                                                                                      Best trial: 54. Best value: 2.63218:  38%|███▊      | 115/300 [09:09<12:50,  4.16s/it]Best trial: 54. Best value: 2.63218:  38%|███▊      | 115/300 [09:09<12:50,  4.16s/it]Best trial: 54. Best value: 2.63218:  39%|███▊      | 116/300 [09:09<13:10,  4.29s/it]                                                                                      Best trial: 54. Best value: 2.63218:  39%|███▊      | 116/300 [09:13<13:10,  4.29s/it]Best trial: 54. Best value: 2.63218:  39%|███▊      | 116/300 [09:13<13:10,  4.29s/it]Best trial: 54. Best value: 2.63218:  39%|███▉      | 117/300 [09:13<13:11,  4.32s/it]                                                                                      Best trial: 54. Best value: 2.63218:  39%|███▉      | 117/300 [09:18<13:11,  4.32s/it]Best trial: 54. Best value: 2.63218:  39%|███▉      | 117/300 [09:18<13:11,  4.32s/it]Best trial: 54. Best value: 2.63218:  39%|███▉      | 118/300 [09:18<13:26,  4.43s/it]                                                                                      Best trial: 54. Best value: 2.63218:  39%|███▉      | 118/300 [09:23<13:26,  4.43s/it]Best trial: 54. Best value: 2.63218:  39%|███▉      | 118/300 [09:23<13:26,  4.43s/it]Best trial: 54. Best value: 2.63218:  40%|███▉      | 119/300 [09:23<13:55,  4.61s/it]                                                                                      Best trial: 54. Best value: 2.63218:  40%|███▉      | 119/300 [09:27<13:55,  4.61s/it]Best trial: 54. Best value: 2.63218:  40%|███▉      | 119/300 [09:27<13:55,  4.61s/it]Best trial: 54. Best value: 2.63218:  40%|████      | 120/300 [09:27<13:49,  4.61s/it]                                                                                      
[I 2026-05-03 08:32:15,326] Trial 109 finished with value: 2.8338054514366764 and parameters: {'f_n': 7.347528902804628e-07, 'K_d': 151521.83885930807, 'rho_d': 29669027302097.66, 'fission_rate': 6.8283130030670586e+19, 'Dg_D1_scale': 0.816217457966942, 'Dg_D3_scale': 0.17129864961630367, 'Dv_D1_scale': 0.6458021966918753, 'Dv_D2_scale': 2.294849344592172, 'b_bulk_scale': 0.5489789311217288, 'b_dislocation_scale': 0.18008156460291877, 'gb_scale': 0.5739885924272536, 'gd_bubble_scale': 5.356080464798458, 'gd_line_scale': 0.4032276356335901, 'gd_line_alpha': 0.43909662261499055, 'coalescence_d_scale': 0.2120752065899804, 'capture_scale': 6.359884337332043}. Best is trial 54 with value: 2.6321801896728414.
[I 2026-05-03 08:32:19,716] Trial 110 finished with value: 2.836234939281248 and parameters: {'f_n': 6.820021916979002e-07, 'K_d': 155943.81391295668, 'rho_d': 26771222509257.14, 'fission_rate': 7.0258403874077155e+19, 'Dg_D1_scale': 0.8418803866775464, 'Dg_D3_scale': 0.1517858254964525, 'Dv_D1_scale': 0.6318951903895321, 'Dv_D2_scale': 2.2072143708320717, 'b_bulk_scale': 0.5537927064945106, 'b_dislocation_scale': 0.15151955397196845, 'gb_scale': 0.5448628231979156, 'gd_bubble_scale': 5.797452495317154, 'gd_line_scale': 0.3664770395249456, 'gd_line_alpha': 0.4294983028946193, 'coalescence_d_scale': 0.22868065976019114, 'capture_scale': 2.9762850142479076}. Best is trial 54 with value: 2.6321801896728414.
[I 2026-05-03 08:32:24,209] Trial 111 finished with value: 2.81846915302163 and parameters: {'f_n': 6.57674526619265e-07, 'K_d': 172268.88256100958, 'rho_d': 29191306552092.777, 'fission_rate': 6.988554405396367e+19, 'Dg_D1_scale': 0.8445244557290899, 'Dg_D3_scale': 0.15230697366950516, 'Dv_D1_scale': 0.6299974724277401, 'Dv_D2_scale': 2.332570794339713, 'b_bulk_scale': 0.3981523723800546, 'b_dislocation_scale': 0.15044813725308587, 'gb_scale': 0.5508314810091467, 'gd_bubble_scale': 5.50501137596394, 'gd_line_scale': 0.4036115273623367, 'gd_line_alpha': 0.428133026671543, 'coalescence_d_scale': 0.21047763955649945, 'capture_scale': 1.3545469078398285}. Best is trial 54 with value: 2.6321801896728414.
[I 2026-05-03 08:32:28,811] Trial 112 finished with value: 2.812752302132563 and parameters: {'f_n': 6.072358203586368e-07, 'K_d': 168275.90623301364, 'rho_d': 29138614929500.67, 'fission_rate': 6.83650714027328e+19, 'Dg_D1_scale': 0.8655410535238793, 'Dg_D3_scale': 0.15149188624141244, 'Dv_D1_scale': 0.6164191042693983, 'Dv_D2_scale': 2.468599587427873, 'b_bulk_scale': 0.422193577436609, 'b_dislocation_scale': 0.1511300294897339, 'gb_scale': 0.6830481938464102, 'gd_bubble_scale': 5.153816685918846, 'gd_line_scale': 0.39994145712749973, 'gd_line_alpha': 0.5268913108418867, 'coalescence_d_scale': 0.21273308214091902, 'capture_scale': 1.3629996054825873}. Best is trial 54 with value: 2.6321801896728414.
[I 2026-05-03 08:32:31,570] Trial 113 finished with value: 2.7690811535536737 and parameters: {'f_n': 4.4866192933643694e-07, 'K_d': 171626.534895795, 'rho_d': 28868214445529.855, 'fission_rate': 6.8529764800561414e+19, 'Dg_D1_scale': 0.9298486276263399, 'Dg_D3_scale': 0.16829191137127092, 'Dv_D1_scale': 0.5253779120488004, 'Dv_D2_scale': 2.397150596828788, 'b_bulk_scale': 0.31720970699682255, 'b_dislocation_scale': 0.12126665912469532, 'gb_scale': 0.8893169753544142, 'gd_bubble_scale': 5.080984430400479, 'gd_line_scale': 0.39614216867948115, 'gd_line_alpha': 0.5529250300024146, 'coalescence_d_scale': 0.2198853577998449, 'capture_scale': 1.3620602844887464}. Best is trial 54 with value: 2.6321801896728414.
[I 2026-05-03 08:32:36,143] Trial 114 finished with value: 2.642829597694166 and parameters: {'f_n': 4.635035647539548e-07, 'K_d': 170518.2668757304, 'rho_d': 30069190655124.504, 'fission_rate': 6.814942903663485e+19, 'Dg_D1_scale': 1.1038569215633085, 'Dg_D3_scale': 0.16368988733662368, 'Dv_D1_scale': 0.5208678117369822, 'Dv_D2_scale': 3.0970475370796655, 'b_bulk_scale': 0.3285050529522414, 'b_dislocation_scale': 0.12477943005946368, 'gb_scale': 0.7952169285265198, 'gd_bubble_scale': 3.48509115724941, 'gd_line_scale': 0.5793147425777395, 'gd_line_alpha': 0.6058375860344054, 'coalescence_d_scale': 0.31706949756636277, 'capture_scale': 1.3501954250687804}. Best is trial 54 with value: 2.6321801896728414.
