[I 2026-05-03 08:24:54,141] Trial 17 finished with value: 7.406250795291575 and parameters: {'f_n': 1.2604253988928824e-10, 'K_d': 995963.6534357594, 'rho_d': 67530014205935.49, 'fission_rate': 7.185694260597232e+19, 'Dg_D1_scale': 0.15202485620146292, 'Dg_D3_scale': 0.9193013701351763, 'Dv_D1_scale': 1.3903250834983016, 'Dv_D2_scale': 0.7163071383294229, 'b_bulk_scale': 3.820239831610908, 'b_dislocation_scale': 0.14805796035947563, 'gb_scale': 0.05628803316097961, 'gd_bubble_scale': 1.6810587107746493, 'gd_line_scale': 0.14360335756226397, 'gd_line_alpha': 0.6064816594391303, 'coalescence_d_scale': 0.7386977926287842, 'capture_scale': 0.7722957092721896}. Best is trial 8 with value: 2.901624690652229.
[I 2026-05-03 08:24:57,197] Trial 18 finished with value: 5.338732294868373 and parameters: {'f_n': 7.187296324750385e-07, 'K_d': 398929.6774704038, 'rho_d': 14367935159521.738, 'fission_rate': 5.538362608460657e+19, 'Dg_D1_scale': 1.9276159586992951, 'Dg_D3_scale': 1.8189839759539632, 'Dv_D1_scale': 0.6043375901695603, 'Dv_D2_scale': 0.34923348216803746, 'b_bulk_scale': 0.2159063027882049, 'b_dislocation_scale': 0.3375374040149812, 'gb_scale': 7.238257978318889, 'gd_bubble_scale': 6.131676515016518, 'gd_line_scale': 0.37150634967139134, 'gd_line_alpha': 0.1750587835672881, 'coalescence_d_scale': 2.0291234775391125, 'capture_scale': 0.05342488267881659}. Best is trial 8 with value: 2.901624690652229.
[I 2026-05-03 08:25:01,753] Trial 19 finished with value: 4.661805168976333 and parameters: {'f_n': 3.668649790869043e-09, 'K_d': 1136661.478932987, 'rho_d': 8074636890067.692, 'fission_rate': 7.190993126047368e+19, 'Dg_D1_scale': 0.631455224908767, 'Dg_D3_scale': 3.8795784298864726, 'Dv_D1_scale': 0.31424400167321237, 'Dv_D2_scale': 0.20201039281679625, 'b_bulk_scale': 0.5173090323040419, 'b_dislocation_scale': 0.1368103660128232, 'gb_scale': 0.6197909042402311, 'gd_bubble_scale': 0.6432925626783946, 'gd_line_scale': 0.08904742262893942, 'gd_line_alpha': 0.42026005779341047, 'coalescence_d_scale': 4.746188473598142, 'capture_scale': 0.018857558395244604}. Best is trial 8 with value: 2.901624690652229.
[I 2026-05-03 08:25:05,878] Trial 20 finished with value: 4.178981110114647 and parameters: {'f_n': 1.289556135137901e-07, 'K_d': 190032.56465116053, 'rho_d': 21559273561519.81, 'fission_rate': 7.878224520646708e+19, 'Dg_D1_scale': 0.2857463419807587, 'Dg_D3_scale': 0.47175777815403597, 'Dv_D1_scale': 0.2093301927097383, 'Dv_D2_scale': 1.8400563666438874, 'b_bulk_scale': 1.1167244285231057, 'b_dislocation_scale': 0.05155893518386981, 'gb_scale': 0.2669443778870196, 'gd_bubble_scale': 2.097635989107262, 'gd_line_scale': 0.6086237562970119, 'gd_line_alpha': 0.8107409360245945, 'coalescence_d_scale': 0.10103792991803684, 'capture_scale': 5.955135868198524}. Best is trial 8 with value: 2.901624690652229.
[I 2026-05-03 08:25:13,222] Trial 21 finished with value: 3.5767237425151275 and parameters: {'f_n': 3.298073892037161e-08, 'K_d': 282506.7702937677, 'rho_d': 16913017911654.64, 'fission_rate': 4.139303269684039e+19, 'Dg_D1_scale': 0.2259624682408305, 'Dg_D3_scale': 0.7213052536658807, 'Dv_D1_scale': 0.48631682162675116, 'Dv_D2_scale': 0.6334669907643563, 'b_bulk_scale': 2.118931477587327, 'b_dislocation_scale': 0.10109829289365359, 'gb_scale': 3.106876810873592, 'gd_bubble_scale': 1.2014492930594636, 'gd_line_scale': 0.17942727356771396, 'gd_line_alpha': 0.23710757981376757, 'coalescence_d_scale': 0.5010449978392802, 'capture_scale': 0.4557407005535923}. Best is trial 8 with value: 2.901624690652229.
[I 2026-05-03 08:25:20,261] Trial 22 finished with value: 2.977203789292443 and parameters: {'f_n': 4.430038508502089e-07, 'K_d': 354406.1494741707, 'rho_d': 11770976343057.6, 'fission_rate': 4.078767051208022e+19, 'Dg_D1_scale': 0.45494053522783023, 'Dg_D3_scale': 0.711076150992365, 'Dv_D1_scale': 0.4747627492218296, 'Dv_D2_scale': 0.4680976292727092, 'b_bulk_scale': 1.8849766670862964, 'b_dislocation_scale': 0.06367160106307977, 'gb_scale': 1.9537125707800385, 'gd_bubble_scale': 3.6038745075513865, 'gd_line_scale': 0.1089553393905766, 'gd_line_alpha': 0.1535794790990847, 'coalescence_d_scale': 1.4692703283980588, 'capture_scale': 1.0889461348690974}. Best is trial 8 with value: 2.901624690652229.
[I 2026-05-03 08:25:23,950] Trial 23 finished with value: 5.047044978802996 and parameters: {'f_n': 5.127120423643671e-07, 'K_d': 202018.72045012497, 'rho_d': 10496526251690.045, 'fission_rate': 5.362168698909783e+19, 'Dg_D1_scale': 0.3417535217057797, 'Dg_D3_scale': 0.895772461855575, 'Dv_D1_scale': 0.8410675567841048, 'Dv_D2_scale': 0.4086801502716101, 'b_bulk_scale': 0.030059872316128017, 'b_dislocation_scale': 0.0535232116436626, 'gb_scale': 1.6657692332088707, 'gd_bubble_scale': 3.87824697390486, 'gd_line_scale': 0.24666705421388213, 'gd_line_alpha': 0.14594055846974746, 'coalescence_d_scale': 1.49568797851073, 'capture_scale': 1.2931896178906568}. Best is trial 8 with value: 2.901624690652229.
[I 2026-05-03 08:25:28,518] Trial 24 finished with value: 5.215144965642295 and parameters: {'f_n': 1.4122955444085265e-06, 'K_d': 463706.8708504937, 'rho_d': 6792005052291.593, 'fission_rate': 6.605734946877907e+19, 'Dg_D1_scale': 0.5987142915390492, 'Dg_D3_scale': 0.36323949746229506, 'Dv_D1_scale': 0.3507710365312073, 'Dv_D2_scale': 0.2590472759791797, 'b_bulk_scale': 2.059529964823745, 'b_dislocation_scale': 0.3803843820996419, 'gb_scale': 4.983380672736978, 'gd_bubble_scale': 6.376875604704454, 'gd_line_scale': 0.09734481336463727, 'gd_line_alpha': 0.4763466357192436, 'coalescence_d_scale': 1.3827758779344146, 'capture_scale': 2.145154585424416}. Best is trial 8 with value: 2.901624690652229.Best trial: 8. Best value: 2.90162:   8%|▊         | 24/300 [01:56<23:42,  5.15s/it]Best trial: 8. Best value: 2.90162:   8%|▊         | 24/300 [01:56<23:42,  5.15s/it]Best trial: 8. Best value: 2.90162:   8%|▊         | 25/300 [01:56<22:49,  4.98s/it]                                                                                    Best trial: 8. Best value: 2.90162:   8%|▊         | 25/300 [02:01<22:49,  4.98s/it]Best trial: 8. Best value: 2.90162:   8%|▊         | 25/300 [02:01<22:49,  4.98s/it]Best trial: 8. Best value: 2.90162:   9%|▊         | 26/300 [02:01<22:50,  5.00s/it]                                                                                    Best trial: 8. Best value: 2.90162:   9%|▊         | 26/300 [02:08<22:50,  5.00s/it]Best trial: 8. Best value: 2.90162:   9%|▊         | 26/300 [02:08<22:50,  5.00s/it]Best trial: 8. Best value: 2.90162:   9%|▉         | 27/300 [02:08<25:09,  5.53s/it]                                                                                    Best trial: 8. Best value: 2.90162:   9%|▉         | 27/300 [02:13<25:09,  5.53s/it]Best trial: 8. Best value: 2.90162:   9%|▉         | 27/300 [02:14<25:09,  5.53s/it]Best trial: 8. Best value: 2.90162:   9%|▉         | 28/300 [02:14<24:47,  5.47s/it]                                                                                    Best trial: 8. Best value: 2.90162:   9%|▉         | 28/300 [02:19<24:47,  5.47s/it]Best trial: 8. Best value: 2.90162:   9%|▉         | 28/300 [02:19<24:47,  5.47s/it]Best trial: 8. Best value: 2.90162:  10%|▉         | 29/300 [02:19<25:21,  5.61s/it]                                                                                    Best trial: 8. Best value: 2.90162:  10%|▉         | 29/300 [02:24<25:21,  5.61s/it]Best trial: 8. Best value: 2.90162:  10%|▉         | 29/300 [02:24<25:21,  5.61s/it]Best trial: 8. Best value: 2.90162:  10%|█         | 30/300 [02:24<24:20,  5.41s/it]                                                                                    Best trial: 8. Best value: 2.90162:  10%|█         | 30/300 [02:31<24:20,  5.41s/it]Best trial: 8. Best value: 2.90162:  10%|█         | 30/300 [02:31<24:20,  5.41s/it]Best trial: 8. Best value: 2.90162:  10%|█         | 31/300 [02:31<25:58,  5.79s/it]                                                                                    Best trial: 8. Best value: 2.90162:  10%|█         | 31/300 [02:38<25:58,  5.79s/it]Best trial: 8. Best value: 2.90162:  10%|█         | 31/300 [02:38<25:58,  5.79s/it]Best trial: 8. Best value: 2.90162:  11%|█         | 32/300 [02:38<27:12,  6.09s/it]                                                                                    Best trial: 8. Best value: 2.90162:  11%|█         | 32/300 [02:45<27:12,  6.09s/it]Best trial: 8. Best value: 2.90162:  11%|█         | 32/300 [02:45<27:12,  6.09s/it]Best trial: 8. Best value: 2.90162:  11%|█         | 33/300 [02:45<28:00,  6.30s/it]                                                                                    Best trial: 8. Best value: 2.90162:  11%|█         | 33/300 [02:52<28:00,  6.30s/it]Best trial: 8. Best value: 2.90162:  11%|█         | 33/300 [02:52<28:00,  6.30s/it]Best trial: 8. Best value: 2.90162:  11%|█▏        | 34/300 [02:52<28:56,  6.53s/it]                                                                                    Best trial: 8. Best value: 2.90162:  11%|█▏        | 34/300 [02:56<28:56,  6.53s/it]Best trial: 34. Best value: 2.86441:  11%|█▏        | 34/300 [02:56<28:56,  6.53s/it]Best trial: 34. Best value: 2.86441:  12%|█▏        | 35/300 [02:56<25:54,  5.86s/it]                                                                                     Best trial: 34. Best value: 2.86441:  12%|█▏        | 35/300 [03:02<25:54,  5.86s/it]Best trial: 34. Best value: 2.86441:  12%|█▏        | 35/300 [03:02<25:54,  5.86s/it]Best trial: 34. Best value: 2.86441:  12%|█▏        | 36/300 [03:02<25:52,  5.88s/it]                                                                                     
[I 2026-05-03 08:25:33,564] Trial 25 finished with value: 2.9962195009757555 and parameters: {'f_n': 2.7548549851016848e-06, 'K_d': 815587.6137024156, 'rho_d': 12592311862714.873, 'fission_rate': 5.987100936036976e+19, 'Dg_D1_scale': 0.43258980655448254, 'Dg_D3_scale': 1.426066596332784, 'Dv_D1_scale': 0.43592518982093226, 'Dv_D2_scale': 0.7201494934651794, 'b_bulk_scale': 1.06948495636951, 'b_dislocation_scale': 0.12840873854101192, 'gb_scale': 0.6910110596155276, 'gd_bubble_scale': 2.595940316332501, 'gd_line_scale': 0.8162412195264906, 'gd_line_alpha': 0.14636188681194362, 'coalescence_d_scale': 3.0339626914550157, 'capture_scale': 0.08955836712216043}. Best is trial 8 with value: 2.901624690652229.
[I 2026-05-03 08:25:40,334] Trial 26 finished with value: 6.542786026075282 and parameters: {'f_n': 2.0328627397946953e-06, 'K_d': 824647.5421543211, 'rho_d': 14535813883087.707, 'fission_rate': 4.456596673149043e+19, 'Dg_D1_scale': 0.4276607599027218, 'Dg_D3_scale': 1.657067389017909, 'Dv_D1_scale': 0.5869229956053459, 'Dv_D2_scale': 0.7904607927283986, 'b_bulk_scale': 0.9848185551982321, 'b_dislocation_scale': 0.0640758109797893, 'gb_scale': 0.6496350686814761, 'gd_bubble_scale': 6.855520811916505, 'gd_line_scale': 0.777811615298083, 'gd_line_alpha': 0.1650150595904354, 'coalescence_d_scale': 5.485412770149109, 'capture_scale': 0.2086423702928541}. Best is trial 8 with value: 2.901624690652229.
[I 2026-05-03 08:25:45,634] Trial 27 finished with value: 4.80475989350733 and parameters: {'f_n': 3.9853109870761865e-07, 'K_d': 372695.42667925806, 'rho_d': 9038046918950.238, 'fission_rate': 6.003033428051176e+19, 'Dg_D1_scale': 0.2024503271596488, 'Dg_D3_scale': 2.294914496848898, 'Dv_D1_scale': 1.1212251640416426, 'Dv_D2_scale': 1.342381748130666, 'b_bulk_scale': 0.517481619857265, 'b_dislocation_scale': 0.12794853801298586, 'gb_scale': 2.115593686795384, 'gd_bubble_scale': 3.5375804068469257, 'gd_line_scale': 0.0976560163479912, 'gd_line_alpha': 0.3398387237389131, 'coalescence_d_scale': 1.4993174124005908, 'capture_scale': 0.09830145740374362}. Best is trial 8 with value: 2.901624690652229.
[I 2026-05-03 08:25:51,613] Trial 28 finished with value: 16.28718383058811 and parameters: {'f_n': 1.2116293982964532e-07, 'K_d': 792701.6662982533, 'rho_d': 14453735549049.992, 'fission_rate': 5.211170771311095e+19, 'Dg_D1_scale': 0.25477213316953545, 'Dg_D3_scale': 1.1424904112803929, 'Dv_D1_scale': 0.7412501142564335, 'Dv_D2_scale': 0.4464824206761416, 'b_bulk_scale': 2.622795661670766, 'b_dislocation_scale': 0.04315147628670251, 'gb_scale': 0.7390541353566945, 'gd_bubble_scale': 1.0435004178019358, 'gd_line_scale': 0.4090404148877082, 'gd_line_alpha': 0.10444598425833071, 'coalescence_d_scale': 13.678796307634798, 'capture_scale': 0.30148954997391003}. Best is trial 8 with value: 2.901624690652229.
[I 2026-05-03 08:25:56,539] Trial 29 finished with value: 4.182106899583996 and parameters: {'f_n': 3.240126509715987e-08, 'K_d': 244796.38949625706, 'rho_d': 6999346642660.374, 'fission_rate': 4.712191245174425e+19, 'Dg_D1_scale': 0.6385236000288159, 'Dg_D3_scale': 1.4233293210994407, 'Dv_D1_scale': 0.5309321321714838, 'Dv_D2_scale': 3.861874708457519, 'b_bulk_scale': 0.2157466751823035, 'b_dislocation_scale': 0.030178282043000767, 'gb_scale': 1.8025204079739896, 'gd_bubble_scale': 2.847691846926745, 'gd_line_scale': 0.2931685362711268, 'gd_line_alpha': 0.2950988522316286, 'coalescence_d_scale': 3.89485686468906, 'capture_scale': 0.5627401531694782}. Best is trial 8 with value: 2.901624690652229.
[I 2026-05-03 08:26:03,235] Trial 30 finished with value: 3.0383818867676196 and parameters: {'f_n': 2.8507493790115672e-06, 'K_d': 137096.33296269728, 'rho_d': 22446547235933.28, 'fission_rate': 4.5309129735102956e+19, 'Dg_D1_scale': 0.38224082785360625, 'Dg_D3_scale': 0.8479158758943848, 'Dv_D1_scale': 0.25427207220395337, 'Dv_D2_scale': 1.2060966181491595, 'b_bulk_scale': 1.2106851419444666, 'b_dislocation_scale': 0.0675740614078557, 'gb_scale': 1.2162991171722783, 'gd_bubble_scale': 5.243236770202742, 'gd_line_scale': 0.9604244334687053, 'gd_line_alpha': 0.21615058943016086, 'coalescence_d_scale': 0.7605714313179638, 'capture_scale': 2.4147005801800465}. Best is trial 8 with value: 2.901624690652229.
[I 2026-05-03 08:26:10,005] Trial 31 finished with value: 3.1289809705162175 and parameters: {'f_n': 2.44749007761115e-06, 'K_d': 104194.93399465052, 'rho_d': 20778539622732.047, 'fission_rate': 4.459492624514782e+19, 'Dg_D1_scale': 0.38814533066601503, 'Dg_D3_scale': 0.8823003705070767, 'Dv_D1_scale': 0.2698615731688814, 'Dv_D2_scale': 1.3026393727783558, 'b_bulk_scale': 1.1809355322498045, 'b_dislocation_scale': 0.06908020300054891, 'gb_scale': 1.2196153031681878, 'gd_bubble_scale': 5.077333936813078, 'gd_line_scale': 1.0283774138125394, 'gd_line_alpha': 0.19872700691422265, 'coalescence_d_scale': 0.7379020606223061, 'capture_scale': 1.8518723731206745}. Best is trial 8 with value: 2.901624690652229.
[I 2026-05-03 08:26:16,795] Trial 32 finished with value: 4.352063622458116 and parameters: {'f_n': 1.1412610728864238e-06, 'K_d': 171047.5833340519, 'rho_d': 28565805540419.67, 'fission_rate': 4.441733228825975e+19, 'Dg_D1_scale': 0.3039223784236467, 'Dg_D3_scale': 1.0469637732168728, 'Dv_D1_scale': 0.2547124023458325, 'Dv_D2_scale': 0.7194134029506372, 'b_bulk_scale': 0.8024346479437369, 'b_dislocation_scale': 0.10470225702513639, 'gb_scale': 0.5325078340021575, 'gd_bubble_scale': 2.9219853967158573, 'gd_line_scale': 2.067222628351158, 'gd_line_alpha': 0.08730715040756899, 'coalescence_d_scale': 1.1171745955457142, 'capture_scale': 4.740419818913223}. Best is trial 8 with value: 2.901624690652229.
[I 2026-05-03 08:26:23,866] Trial 33 finished with value: 3.265425168605736 and parameters: {'f_n': 1.24460177151265e-06, 'K_d': 150472.69669841594, 'rho_d': 10351801958753.17, 'fission_rate': 4.033953239482725e+19, 'Dg_D1_scale': 0.19388557950322083, 'Dg_D3_scale': 1.3695438028848155, 'Dv_D1_scale': 0.371461639225457, 'Dv_D2_scale': 2.546021345102637, 'b_bulk_scale': 1.3235672278790813, 'b_dislocation_scale': 0.039701626376298836, 'gb_scale': 0.9473755148731234, 'gd_bubble_scale': 4.054039307898841, 'gd_line_scale': 0.5733005119634503, 'gd_line_alpha': 0.10545467020909913, 'coalescence_d_scale': 0.8036521326385422, 'capture_scale': 3.731024149626584}. Best is trial 8 with value: 2.901624690652229.
[I 2026-05-03 08:26:28,160] Trial 34 finished with value: 2.8644100691824192 and parameters: {'f_n': 2.5098991502242185e-06, 'K_d': 900197.3387817191, 'rho_d': 24290780818625.047, 'fission_rate': 4.713107865340745e+19, 'Dg_D1_scale': 0.4160879562637664, 'Dg_D3_scale': 0.6649994166922457, 'Dv_D1_scale': 0.23842487760487902, 'Dv_D2_scale': 1.0549560347925626, 'b_bulk_scale': 0.6100224044492057, 'b_dislocation_scale': 0.16042054635744804, 'gb_scale': 0.8369152757207667, 'gd_bubble_scale': 7.741152386655668, 'gd_line_scale': 0.9841387762386764, 'gd_line_alpha': 0.02719624845441869, 'coalescence_d_scale': 1.7542531630068248, 'capture_scale': 1.4919644629463171}. Best is trial 34 with value: 2.8644100691824192.
[I 2026-05-03 08:26:34,101] Trial 35 finished with value: 5.919826886118061 and parameters: {'f_n': 9.409130346912993e-07, 'K_d': 852388.6764333474, 'rho_d': 39991757931814.29, 'fission_rate': 4.860112266954872e+19, 'Dg_D1_scale': 3.6552927593226587, 'Dg_D3_scale': 0.6223513771616263, 'Dv_D1_scale': 0.4393710621186234, 'Dv_D2_scale': 0.8680097358932077, 'b_bulk_scale': 0.5893818826511481, 'b_dislocation_scale': 0.16554397432524912, 'gb_scale': 0.847173651481265, 'gd_bubble_scale': 8.269286109360987, 'gd_line_scale': 1.7969132658687181, 'gd_line_alpha': 0.017548242781736806, 'coalescence_d_scale': 1.7376352709458898, 'capture_scale': 1.6122016621246433}. Best is trial 34 with value: 2.8644100691824192.
