[I 2026-05-03 08:26:39,843] Trial 36 finished with value: 3.5663302990916144 and parameters: {'f_n': 2.1443181161494825e-07, 'K_d': 529168.2045814687, 'rho_d': 25508105971376.15, 'fission_rate': 5.118110387374457e+19, 'Dg_D1_scale': 1.1940970600259597, 'Dg_D3_scale': 2.3322031308125593, 'Dv_D1_scale': 0.31010982423338623, 'Dv_D2_scale': 1.087001918193497, 'b_bulk_scale': 0.8083362686482497, 'b_dislocation_scale': 0.11722272728213319, 'gb_scale': 0.36381658196382327, 'gd_bubble_scale': 0.21384922334110895, 'gd_line_scale': 0.2322109156930624, 'gd_line_alpha': 0.0072892480084644495, 'coalescence_d_scale': 3.2154733142059175, 'capture_scale': 0.7806459569741192}. Best is trial 34 with value: 2.8644100691824192.Best trial: 34. Best value: 2.86441:  12%|█▏        | 36/300 [03:08<25:52,  5.88s/it]Best trial: 34. Best value: 2.86441:  12%|█▏        | 36/300 [03:08<25:52,  5.88s/it]Best trial: 34. Best value: 2.86441:  12%|█▏        | 37/300 [03:08<25:35,  5.84s/it]                                                                                     Best trial: 34. Best value: 2.86441:  12%|█▏        | 37/300 [03:14<25:35,  5.84s/it]Best trial: 34. Best value: 2.86441:  12%|█▏        | 37/300 [03:14<25:35,  5.84s/it]Best trial: 34. Best value: 2.86441:  13%|█▎        | 38/300 [03:14<25:54,  5.93s/it]                                                                                     Best trial: 34. Best value: 2.86441:  13%|█▎        | 38/300 [03:19<25:54,  5.93s/it]Best trial: 34. Best value: 2.86441:  13%|█▎        | 38/300 [03:19<25:54,  5.93s/it]Best trial: 34. Best value: 2.86441:  13%|█▎        | 39/300 [03:19<24:14,  5.57s/it]                                                                                     Best trial: 34. Best value: 2.86441:  13%|█▎        | 39/300 [03:24<24:14,  5.57s/it]Best trial: 34. Best value: 2.86441:  13%|█▎        | 39/300 [03:24<24:14,  5.57s/it]Best trial: 34. Best value: 2.86441:  13%|█▎        | 40/300 [03:24<24:05,  5.56s/it]                                                                                     Best trial: 34. Best value: 2.86441:  13%|█▎        | 40/300 [03:29<24:05,  5.56s/it]Best trial: 34. Best value: 2.86441:  13%|█▎        | 40/300 [03:29<24:05,  5.56s/it]Best trial: 34. Best value: 2.86441:  14%|█▎        | 41/300 [03:29<23:35,  5.47s/it]                                                                                     Best trial: 34. Best value: 2.86441:  14%|█▎        | 41/300 [03:36<23:35,  5.47s/it]Best trial: 34. Best value: 2.86441:  14%|█▎        | 41/300 [03:36<23:35,  5.47s/it]Best trial: 34. Best value: 2.86441:  14%|█▍        | 42/300 [03:36<25:00,  5.82s/it]                                                                                     Best trial: 34. Best value: 2.86441:  14%|█▍        | 42/300 [03:42<25:00,  5.82s/it]Best trial: 34. Best value: 2.86441:  14%|█▍        | 42/300 [03:42<25:00,  5.82s/it]Best trial: 34. Best value: 2.86441:  14%|█▍        | 43/300 [03:42<25:23,  5.93s/it]                                                                                     Best trial: 34. Best value: 2.86441:  14%|█▍        | 43/300 [03:49<25:23,  5.93s/it]Best trial: 34. Best value: 2.86441:  14%|█▍        | 43/300 [03:49<25:23,  5.93s/it]Best trial: 34. Best value: 2.86441:  15%|█▍        | 44/300 [03:49<26:41,  6.25s/it]                                                                                     Best trial: 34. Best value: 2.86441:  15%|█▍        | 44/300 [03:55<26:41,  6.25s/it]Best trial: 34. Best value: 2.86441:  15%|█▍        | 44/300 [03:55<26:41,  6.25s/it]Best trial: 34. Best value: 2.86441:  15%|█▌        | 45/300 [03:55<25:34,  6.02s/it]                                                                                     Best trial: 34. Best value: 2.86441:  15%|█▌        | 45/300 [03:59<25:34,  6.02s/it]Best trial: 34. Best value: 2.86441:  15%|█▌        | 45/300 [03:59<25:34,  6.02s/it]Best trial: 34. Best value: 2.86441:  15%|█▌        | 46/300 [03:59<23:52,  5.64s/it]                                                                                     Best trial: 34. Best value: 2.86441:  15%|█▌        | 46/300 [04:05<23:52,  5.64s/it]Best trial: 34. Best value: 2.86441:  15%|█▌        | 46/300 [04:05<23:52,  5.64s/it]Best trial: 34. Best value: 2.86441:  16%|█▌        | 47/300 [04:05<24:04,  5.71s/it]                                                                                     Best trial: 34. Best value: 2.86441:  16%|█▌        | 47/300 [04:12<24:04,  5.71s/it]Best trial: 34. Best value: 2.86441:  16%|█▌        | 47/300 [04:12<24:04,  5.71s/it]Best trial: 34. Best value: 2.86441:  16%|█▌        | 48/300 [04:12<25:22,  6.04s/it]                                                                                     
[I 2026-05-03 08:26:45,999] Trial 37 finished with value: 3.8965835561113042 and parameters: {'f_n': 3.921841617980135e-07, 'K_d': 619853.4367959342, 'rho_d': 13136944210856.713, 'fission_rate': 4.711799112126803e+19, 'Dg_D1_scale': 0.5496614828647678, 'Dg_D3_scale': 0.297912453592356, 'Dv_D1_scale': 0.22773779618451495, 'Dv_D2_scale': 0.5984792012817641, 'b_bulk_scale': 0.4519338340005255, 'b_dislocation_scale': 0.23746205622353878, 'gb_scale': 4.33246433033269, 'gd_bubble_scale': 9.115317979247722, 'gd_line_scale': 1.3611943151636894, 'gd_line_alpha': 0.3146307997271275, 'coalescence_d_scale': 6.139305771108286, 'capture_scale': 0.07567385125829373}. Best is trial 34 with value: 2.8644100691824192.
[I 2026-05-03 08:26:50,723] Trial 38 finished with value: 3.1254628913355225 and parameters: {'f_n': 6.430059764686686e-09, 'K_d': 1304784.3539695744, 'rho_d': 17281160235068.057, 'fission_rate': 7.017857661374021e+19, 'Dg_D1_scale': 0.719468914046301, 'Dg_D3_scale': 0.5752335146553739, 'Dv_D1_scale': 0.7548728136006201, 'Dv_D2_scale': 1.5490187973452267, 'b_bulk_scale': 0.23761080575331214, 'b_dislocation_scale': 0.1680981015604464, 'gb_scale': 0.9939835265331891, 'gd_bubble_scale': 1.7811324473621228, 'gd_line_scale': 0.4626722261743472, 'gd_line_alpha': 0.06936062831883233, 'coalescence_d_scale': 1.193254838386785, 'capture_scale': 1.2175686885253716}. Best is trial 34 with value: 2.8644100691824192.
[I 2026-05-03 08:26:56,241] Trial 39 finished with value: 5.762912198021593 and parameters: {'f_n': 1.403674891875875e-07, 'K_d': 426639.3916353414, 'rho_d': 33539441913307.6, 'fission_rate': 4.2923863197671825e+19, 'Dg_D1_scale': 0.27607917242735225, 'Dg_D3_scale': 0.6996709970874995, 'Dv_D1_scale': 1.0671064124634844, 'Dv_D2_scale': 2.601480526507859, 'b_bulk_scale': 0.9135452597297886, 'b_dislocation_scale': 0.30210899058327356, 'gb_scale': 0.3118130410760782, 'gd_bubble_scale': 0.06055692041911837, 'gd_line_scale': 0.07380413886446346, 'gd_line_alpha': 0.4051363549488389, 'coalescence_d_scale': 2.963453034644497, 'capture_scale': 0.258819243306596}. Best is trial 34 with value: 2.8644100691824192.
[I 2026-05-03 08:27:01,499] Trial 40 finished with value: 4.842706206227736 and parameters: {'f_n': 1.5228955946613686e-06, 'K_d': 712650.165296395, 'rho_d': 9748599031349.082, 'fission_rate': 6.3661926362322354e+19, 'Dg_D1_scale': 0.48454191176500483, 'Dg_D3_scale': 0.39517313997970654, 'Dv_D1_scale': 0.5544545337948328, 'Dv_D2_scale': 2.0891289746717097, 'b_bulk_scale': 2.4488489694525057, 'b_dislocation_scale': 1.0310074042244526, 'gb_scale': 0.4924667678764313, 'gd_bubble_scale': 3.137237323209348, 'gd_line_scale': 2.6279319559471594, 'gd_line_alpha': 0.13672508093688335, 'coalescence_d_scale': 4.401581118208432, 'capture_scale': 0.03512175483344267}. Best is trial 34 with value: 2.8644100691824192.
[I 2026-05-03 08:27:08,139] Trial 41 finished with value: 3.10759016510718 and parameters: {'f_n': 2.8688598335336312e-06, 'K_d': 130832.99096802919, 'rho_d': 20733670483993.08, 'fission_rate': 4.6729495499948876e+19, 'Dg_D1_scale': 0.372974788955912, 'Dg_D3_scale': 0.8221561398945371, 'Dv_D1_scale': 0.25269366443947117, 'Dv_D2_scale': 1.0238268675473365, 'b_bulk_scale': 1.5094706819362986, 'b_dislocation_scale': 0.07532789740380781, 'gb_scale': 1.27570299029159, 'gd_bubble_scale': 6.706935540252377, 'gd_line_scale': 0.882784447982105, 'gd_line_alpha': 0.22017601195136122, 'coalescence_d_scale': 0.9200192721788892, 'capture_scale': 3.065843622333046}. Best is trial 34 with value: 2.8644100691824192.
[I 2026-05-03 08:27:14,325] Trial 42 finished with value: 4.313953026119325 and parameters: {'f_n': 8.43833080177766e-07, 'K_d': 917768.6859624289, 'rho_d': 24808715869671.65, 'fission_rate': 5.03140444887632e+19, 'Dg_D1_scale': 0.40172288275938, 'Dg_D3_scale': 0.4691077204192218, 'Dv_D1_scale': 0.2008374895405315, 'Dv_D2_scale': 1.1209378974016029, 'b_bulk_scale': 1.06508821838686, 'b_dislocation_scale': 0.10420359107875779, 'gb_scale': 1.1745457804594073, 'gd_bubble_scale': 5.792143235280428, 'gd_line_scale': 1.2965442763859143, 'gd_line_alpha': 0.19984514396625894, 'coalescence_d_scale': 0.5505421747533461, 'capture_scale': 0.8648811367207054}. Best is trial 34 with value: 2.8644100691824192.
[I 2026-05-03 08:27:21,326] Trial 43 finished with value: 4.613030378527719 and parameters: {'f_n': 1.7628343730778128e-06, 'K_d': 1201161.4846197907, 'rho_d': 11349311335945.56, 'fission_rate': 4.362490360584518e+19, 'Dg_D1_scale': 0.32601024549494445, 'Dg_D3_scale': 1.2783048256355096, 'Dv_D1_scale': 0.297697046670582, 'Dv_D2_scale': 0.851002172867906, 'b_bulk_scale': 0.7134200212195604, 'b_dislocation_scale': 0.19666434770715502, 'gb_scale': 2.1998681343820627, 'gd_bubble_scale': 2.3509102737664467, 'gd_line_scale': 1.0591929169752792, 'gd_line_alpha': 0.058774493135962724, 'coalescence_d_scale': 1.9172917838093049, 'capture_scale': 0.014556966293195951}. Best is trial 34 with value: 2.8644100691824192.
[I 2026-05-03 08:27:26,781] Trial 44 finished with value: 5.711945942794635 and parameters: {'f_n': 3.4362880839531645e-07, 'K_d': 730179.8029167865, 'rho_d': 23090527454545.426, 'fission_rate': 5.892203447032937e+19, 'Dg_D1_scale': 0.4400657750750665, 'Dg_D3_scale': 0.9975045078922486, 'Dv_D1_scale': 0.4286123753461072, 'Dv_D2_scale': 0.48207145983322236, 'b_bulk_scale': 1.9874432854833046, 'b_dislocation_scale': 0.06584766153496276, 'gb_scale': 1.6294727735346317, 'gd_bubble_scale': 9.739791497957635, 'gd_line_scale': 0.12129496249179685, 'gd_line_alpha': 0.11981879108705944, 'coalescence_d_scale': 8.753211939925729, 'capture_scale': 2.181241852257208}. Best is trial 34 with value: 2.8644100691824192.
[I 2026-05-03 08:27:31,558] Trial 45 finished with value: 3.391716988906695 and parameters: {'f_n': 2.83515889027974e-06, 'K_d': 597109.3975767607, 'rho_d': 29184841797132.926, 'fission_rate': 4.599594155655288e+19, 'Dg_D1_scale': 0.23495423730578138, 'Dg_D3_scale': 1.6082688734980335, 'Dv_D1_scale': 0.23674875602306644, 'Dv_D2_scale': 1.489087827062515, 'b_bulk_scale': 0.27943570951884605, 'b_dislocation_scale': 0.0438060336225988, 'gb_scale': 0.8230150616228376, 'gd_bubble_scale': 4.187066861583459, 'gd_line_scale': 0.6118815610312681, 'gd_line_alpha': 0.24928347553250096, 'coalescence_d_scale': 2.521220887418145, 'capture_scale': 7.140173838606261}. Best is trial 34 with value: 2.8644100691824192.
[I 2026-05-03 08:27:37,436] Trial 46 finished with value: 5.161375186416594 and parameters: {'f_n': 5.497566265983397e-07, 'K_d': 1299042.218645838, 'rho_d': 18796055593762.926, 'fission_rate': 5.306618172340729e+19, 'Dg_D1_scale': 0.7562663991582121, 'Dg_D3_scale': 0.7593804146934996, 'Dv_D1_scale': 0.36208566506656514, 'Dv_D2_scale': 0.6850991649817446, 'b_bulk_scale': 3.3109523658331534, 'b_dislocation_scale': 0.2686204109347946, 'gb_scale': 0.6201215951270996, 'gd_bubble_scale': 5.305958059934486, 'gd_line_scale': 0.8722641070509713, 'gd_line_alpha': 0.3068306776152021, 'coalescence_d_scale': 0.33088949255025507, 'capture_scale': 0.15003857515839011}. Best is trial 34 with value: 2.8644100691824192.
[I 2026-05-03 08:27:44,255] Trial 47 finished with value: 5.004322833918326 and parameters: {'f_n': 9.214659351173885e-07, 'K_d': 229133.59939689198, 'rho_d': 15987711949994.951, 'fission_rate': 4.230278028277845e+19, 'Dg_D1_scale': 0.9352394680733374, 'Dg_D3_scale': 0.599486179888272, 'Dv_D1_scale': 0.51567980379782, 'Dv_D2_scale': 2.1206284503737773, 'b_bulk_scale': 0.4064885362309268, 'b_dislocation_scale': 0.0872036705930105, 'gb_scale': 1.0667116205232048, 'gd_bubble_scale': 7.881792148350295, 'gd_line_scale': 3.654694686088817, 'gd_line_alpha': 0.36698408997143817, 'coalescence_d_scale': 1.647872125939283, 'capture_scale': 0.041215551411588586}. Best is trial 34 with value: 2.8644100691824192.
[I 2026-05-03 08:27:48,376] Trial 48 finished with value: 4.673981131026509 and parameters: {'f_n': 1.7293057800213483e-06, 'K_d': 964020.3550131273, 'rho_d': 12987359469187.465, 'fission_rate': 7.43171614828262e+19, 'Dg_D1_scale': 0.35454689045096455, 'Dg_D3_scale': 1.926385917223978, 'Dv_D1_scale': 3.728106554911184, 'Dv_D2_scale': 0.5749981624612511, 'b_bulk_scale': 1.3088769890725054, 'b_dislocation_scale': 0.4803127958473892, 'gb_scale': 1.4738046762963561, 'gd_bubble_scale': 2.7273066998015727, 'gd_line_scale': 1.6949631609803273, 'gd_line_alpha': 0.18423486664095934, 'coalescence_d_scale': 1.2172593414805668, 'capture_scale': 1.3205291808228878}. Best is trial 34 with value: 2.8644100691824192.Best trial: 34. Best value: 2.86441:  16%|█▌        | 48/300 [04:16<25:22,  6.04s/it]Best trial: 34. Best value: 2.86441:  16%|█▌        | 48/300 [04:16<25:22,  6.04s/it]Best trial: 34. Best value: 2.86441:  16%|█▋        | 49/300 [04:16<22:51,  5.47s/it]                                                                                     Best trial: 34. Best value: 2.86441:  16%|█▋        | 49/300 [04:22<22:51,  5.47s/it]Best trial: 34. Best value: 2.86441:  16%|█▋        | 49/300 [04:22<22:51,  5.47s/it]Best trial: 34. Best value: 2.86441:  17%|█▋        | 50/300 [04:22<22:37,  5.43s/it]                                                                                     Best trial: 34. Best value: 2.86441:  17%|█▋        | 50/300 [04:25<22:37,  5.43s/it]Best trial: 34. Best value: 2.86441:  17%|█▋        | 50/300 [04:25<22:37,  5.43s/it]Best trial: 34. Best value: 2.86441:  17%|█▋        | 51/300 [04:25<20:07,  4.85s/it]                                                                                     Best trial: 34. Best value: 2.86441:  17%|█▋        | 51/300 [04:31<20:07,  4.85s/it]Best trial: 34. Best value: 2.86441:  17%|█▋        | 51/300 [04:31<20:07,  4.85s/it]Best trial: 34. Best value: 2.86441:  17%|█▋        | 52/300 [04:31<21:30,  5.21s/it]                                                                                     Best trial: 34. Best value: 2.86441:  17%|█▋        | 52/300 [04:38<21:30,  5.21s/it]Best trial: 34. Best value: 2.86441:  17%|█▋        | 52/300 [04:38<21:30,  5.21s/it]Best trial: 34. Best value: 2.86441:  18%|█▊        | 53/300 [04:38<23:05,  5.61s/it]                                                                                     Best trial: 34. Best value: 2.86441:  18%|█▊        | 53/300 [04:42<23:05,  5.61s/it]Best trial: 34. Best value: 2.86441:  18%|█▊        | 53/300 [04:42<23:05,  5.61s/it]Best trial: 34. Best value: 2.86441:  18%|█▊        | 54/300 [04:42<22:03,  5.38s/it]                                                                                     Best trial: 34. Best value: 2.86441:  18%|█▊        | 54/300 [04:47<22:03,  5.38s/it]Best trial: 54. Best value: 2.63218:  18%|█▊        | 54/300 [04:47<22:03,  5.38s/it]Best trial: 54. Best value: 2.63218:  18%|█▊        | 55/300 [04:47<20:53,  5.12s/it]                                                                                     Best trial: 54. Best value: 2.63218:  18%|█▊        | 55/300 [04:52<20:53,  5.12s/it]Best trial: 54. Best value: 2.63218:  18%|█▊        | 55/300 [04:52<20:53,  5.12s/it]Best trial: 54. Best value: 2.63218:  19%|█▊        | 56/300 [04:52<20:11,  4.97s/it]                                                                                     Best trial: 54. Best value: 2.63218:  19%|█▊        | 56/300 [04:54<20:11,  4.97s/it]Best trial: 54. Best value: 2.63218:  19%|█▊        | 56/300 [04:54<20:11,  4.97s/it]Best trial: 54. Best value: 2.63218:  19%|█▉        | 57/300 [04:54<17:21,  4.28s/it]                                                                                     Best trial: 54. Best value: 2.63218:  19%|█▉        | 57/300 [04:59<17:21,  4.28s/it]Best trial: 54. Best value: 2.63218:  19%|█▉        | 57/300 [04:59<17:21,  4.28s/it]Best trial: 54. Best value: 2.63218:  19%|█▉        | 58/300 [04:59<17:35,  4.36s/it]                                                                                     Best trial: 54. Best value: 2.63218:  19%|█▉        | 58/300 [05:03<17:35,  4.36s/it]Best trial: 54. Best value: 2.63218:  19%|█▉        | 58/300 [05:03<17:35,  4.36s/it]Best trial: 54. Best value: 2.63218:  20%|█▉        | 59/300 [05:03<17:44,  4.42s/it]                                                                                     Best trial: 54. Best value: 2.63218:  20%|█▉        | 59/300 [05:08<17:44,  4.42s/it]Best trial: 54. Best value: 2.63218:  20%|█▉        | 59/300 [05:08<17:44,  4.42s/it]Best trial: 54. Best value: 2.63218:  20%|██        | 60/300 [05:08<18:04,  4.52s/it]                                                                                     
[I 2026-05-03 08:27:53,723] Trial 49 finished with value: 6.561183239831971 and parameters: {'f_n': 2.7475151607956645e-07, 'K_d': 349871.22194644855, 'rho_d': 15356704931345.166, 'fission_rate': 4.015944074282676e+19, 'Dg_D1_scale': 0.5498410471101879, 'Dg_D3_scale': 0.15686722423791438, 'Dv_D1_scale': 1.978093063088454, 'Dv_D2_scale': 3.2517021136010165, 'b_bulk_scale': 0.12277666241171775, 'b_dislocation_scale': 2.4521516755930723, 'gb_scale': 2.414482971605468, 'gd_bubble_scale': 0.43967169730675243, 'gd_line_scale': 0.05510223610354449, 'gd_line_alpha': 0.03939006773182606, 'coalescence_d_scale': 2.537236669922585, 'capture_scale': 2.65135445161813}. Best is trial 34 with value: 2.8644100691824192.
[I 2026-05-03 08:27:57,216] Trial 50 finished with value: 3.5760141270956045 and parameters: {'f_n': 5.934123950691619e-07, 'K_d': 1080697.373991215, 'rho_d': 7743210300096.57, 'fission_rate': 5.570303743188666e+19, 'Dg_D1_scale': 0.2602998294163088, 'Dg_D3_scale': 0.9994853355327183, 'Dv_D1_scale': 0.3998916837925429, 'Dv_D2_scale': 1.1639202078130142, 'b_bulk_scale': 0.852552622450136, 'b_dislocation_scale': 0.16523695395533933, 'gb_scale': 0.7573533615517211, 'gd_bubble_scale': 3.5691875147311807, 'gd_line_scale': 0.20298962922176833, 'gd_line_alpha': 0.4497803398373568, 'coalescence_d_scale': 0.8842097817778566, 'capture_scale': 0.6028354097057331}. Best is trial 34 with value: 2.8644100691824192.
[I 2026-05-03 08:28:03,250] Trial 51 finished with value: 3.7997762096218066 and parameters: {'f_n': 2.7701361375972998e-06, 'K_d': 129600.15054794247, 'rho_d': 33028726413638.977, 'fission_rate': 4.871228558143765e+19, 'Dg_D1_scale': 0.3874569148220603, 'Dg_D3_scale': 1.1918933734114572, 'Dv_D1_scale': 0.2750312639500236, 'Dv_D2_scale': 0.9555406198761551, 'b_bulk_scale': 1.5685259064607666, 'b_dislocation_scale': 0.0728165340123375, 'gb_scale': 1.2544785226208428, 'gd_bubble_scale': 6.334299969997203, 'gd_line_scale': 0.9576991849264141, 'gd_line_alpha': 0.2221879266629956, 'coalescence_d_scale': 0.9030166036426133, 'capture_scale': 4.274231162652901}. Best is trial 34 with value: 2.8644100691824192.
[I 2026-05-03 08:28:09,795] Trial 52 finished with value: 2.9292144586907183 and parameters: {'f_n': 2.8609580253401895e-06, 'K_d': 123617.4004037832, 'rho_d': 19827827693746.355, 'fission_rate': 4.608149599700679e+19, 'Dg_D1_scale': 0.4451693579165596, 'Dg_D3_scale': 0.8277168478902477, 'Dv_D1_scale': 0.23955241263210011, 'Dv_D2_scale': 1.014288793910267, 'b_bulk_scale': 1.4208612536635483, 'b_dislocation_scale': 0.08429178810891476, 'gb_scale': 1.3978956051945548, 'gd_bubble_scale': 7.3547532298367795, 'gd_line_scale': 0.7305442346836365, 'gd_line_alpha': 0.25933163579922036, 'coalescence_d_scale': 0.6723053044548362, 'capture_scale': 2.8787659912482426}. Best is trial 34 with value: 2.8644100691824192.
[I 2026-05-03 08:28:14,643] Trial 53 finished with value: 3.1109569670223696 and parameters: {'f_n': 1.3460474972434186e-06, 'K_d': 122129.79409352907, 'rho_d': 19378495523618.848, 'fission_rate': 6.2099979973865e+19, 'Dg_D1_scale': 0.4574405746166117, 'Dg_D3_scale': 0.6824046373187372, 'Dv_D1_scale': 0.34379902266629603, 'Dv_D2_scale': 0.7785904980713539, 'b_bulk_scale': 1.782223672600743, 'b_dislocation_scale': 0.05445324648248877, 'gb_scale': 1.9468547362407624, 'gd_bubble_scale': 4.573243780044724, 'gd_line_scale': 0.7060512078843229, 'gd_line_alpha': 0.27236278189726537, 'coalescence_d_scale': 0.6641071613802317, 'capture_scale': 2.6106583470952733}. Best is trial 34 with value: 2.8644100691824192.
[I 2026-05-03 08:28:19,136] Trial 54 finished with value: 2.6321801896728414 and parameters: {'f_n': 1.901103007931585e-06, 'K_d': 151729.24694916554, 'rho_d': 26790815168439.8, 'fission_rate': 6.781459726340509e+19, 'Dg_D1_scale': 0.30657766427101263, 'Dg_D3_scale': 0.4943251268009122, 'Dv_D1_scale': 0.6539891191016696, 'Dv_D2_scale': 1.240105898140878, 'b_bulk_scale': 1.0015011227252744, 'b_dislocation_scale': 0.09106861832139221, 'gb_scale': 2.59647690680395, 'gd_bubble_scale': 7.620721235265107, 'gd_line_scale': 0.5264333927749113, 'gd_line_alpha': 0.158374626419108, 'coalescence_d_scale': 0.36780781640821997, 'capture_scale': 1.0149687507860103}. Best is trial 54 with value: 2.6321801896728414.
