[I 2026-05-03 08:23:31,550] A new study created in RDB with name: UN_M7_capture_only
########################################################################################################################
V5 wrapper settings
family                 = capture_only
Dv fixed/range          = None / [0.2, 2.0]
pressure weight/free    = 0.7 / 2.0
partition/qgb weights   = 0.9 / 0.7
Rizk prior weight       = 0.2
radius guard weight     = 0.45
radius saturation weight= 0.55
Nd drop target weight    = 1.2
bulk plateau weight      = 1.4
highT pressure weight    = 0.45
radius band weight       = 1.0
Rd2000/Rratio guard      = 950.0 nm / 2.8
Rd1900/delta/slope guard = 850.0 nm / 550.0 nm / 0.95
output dir              = UN_M7_optuna_v8_results/capture_only/short_forced_RdNdBulk
q_gb interpretation     = grain-boundary bubbles + fission gas release
capture law             = v6 Barani dR_d geometry; active for capture_only and M7_no_phi
nucleation mass coupling= depends on family switch in base module
########################################################################################################################
########################################################################################################################
OPTUNA CALIBRATION: capture_only
########################################################################################################################
Output dir        = UN_M7_optuna_v8_results/capture_only/short_forced_RdNdBulk
Trials requested  = 300
FAST dt/modes     = 12 h / 22
FINAL dt/modes    = 1 h / 40
Pressure weight   = 0.7; free factor = 2
D2 Xe             = included, with D2_xe_scale
Coalescence       = active, scale never zero
Family switches   = phi_gas:False, nuc_mass:False, capture:True
########################################################################################################################
  0%|          | 0/300 [00:00<?, ?it/s]                                         0%|          | 0/300 [00:03<?, ?it/s]Best trial: 0. Best value: 10.5641:   0%|          | 0/300 [00:03<?, ?it/s]Best trial: 0. Best value: 10.5641:   0%|          | 1/300 [00:03<18:45,  3.77s/it]                                                                                   Best trial: 0. Best value: 10.5641:   0%|          | 1/300 [00:08<18:45,  3.77s/it]Best trial: 1. Best value: 3.89628:   0%|          | 1/300 [00:08<18:45,  3.77s/it]Best trial: 1. Best value: 3.89628:   1%|          | 2/300 [00:08<20:37,  4.15s/it]                                                                                   Best trial: 1. Best value: 3.89628:   1%|          | 2/300 [00:14<20:37,  4.15s/it]Best trial: 2. Best value: 3.81632:   1%|          | 2/300 [00:14<20:37,  4.15s/it]Best trial: 2. Best value: 3.81632:   1%|          | 3/300 [00:14<25:33,  5.16s/it]                                                                                   Best trial: 2. Best value: 3.81632:   1%|          | 3/300 [00:20<25:33,  5.16s/it]Best trial: 2. Best value: 3.81632:   1%|          | 3/300 [00:20<25:33,  5.16s/it]Best trial: 2. Best value: 3.81632:   1%|▏         | 4/300 [00:20<27:11,  5.51s/it]                                                                                   Best trial: 2. Best value: 3.81632:   1%|▏         | 4/300 [00:21<27:11,  5.51s/it]Best trial: 2. Best value: 3.81632:   1%|▏         | 4/300 [00:21<27:11,  5.51s/it]Best trial: 2. Best value: 3.81632:   2%|▏         | 5/300 [00:21<18:30,  3.77s/it]                                                                                   Best trial: 2. Best value: 3.81632:   2%|▏         | 5/300 [00:25<18:30,  3.77s/it]Best trial: 2. Best value: 3.81632:   2%|▏         | 5/300 [00:25<18:30,  3.77s/it]Best trial: 2. Best value: 3.81632:   2%|▏         | 6/300 [00:25<19:49,  4.04s/it]                                                                                   Best trial: 2. Best value: 3.81632:   2%|▏         | 6/300 [00:27<19:49,  4.04s/it]Best trial: 2. Best value: 3.81632:   2%|▏         | 6/300 [00:28<19:49,  4.04s/it]Best trial: 2. Best value: 3.81632:   2%|▏         | 7/300 [00:28<16:46,  3.43s/it]                                                                                   Best trial: 2. Best value: 3.81632:   2%|▏         | 7/300 [00:32<16:46,  3.43s/it]Best trial: 2. Best value: 3.81632:   2%|▏         | 7/300 [00:32<16:46,  3.43s/it]Best trial: 2. Best value: 3.81632:   3%|▎         | 8/300 [00:32<18:38,  3.83s/it]                                                                                   Best trial: 2. Best value: 3.81632:   3%|▎         | 8/300 [00:37<18:38,  3.83s/it]Best trial: 8. Best value: 2.90162:   3%|▎         | 8/300 [00:37<18:38,  3.83s/it]Best trial: 8. Best value: 2.90162:   3%|▎         | 9/300 [00:37<19:54,  4.10s/it]                                                                                   Best trial: 8. Best value: 2.90162:   3%|▎         | 9/300 [00:42<19:54,  4.10s/it]Best trial: 8. Best value: 2.90162:   3%|▎         | 9/300 [00:42<19:54,  4.10s/it]Best trial: 8. Best value: 2.90162:   3%|▎         | 10/300 [00:42<20:42,  4.29s/it]                                                                                    Best trial: 8. Best value: 2.90162:   3%|▎         | 10/300 [00:47<20:42,  4.29s/it]Best trial: 8. Best value: 2.90162:   3%|▎         | 10/300 [00:47<20:42,  4.29s/it]Best trial: 8. Best value: 2.90162:   4%|▎         | 11/300 [00:47<22:20,  4.64s/it]                                                                                    Best trial: 8. Best value: 2.90162:   4%|▎         | 11/300 [00:52<22:20,  4.64s/it]Best trial: 8. Best value: 2.90162:   4%|▎         | 11/300 [00:52<22:20,  4.64s/it]Best trial: 8. Best value: 2.90162:   4%|▍         | 12/300 [00:52<22:45,  4.74s/it]                                                                                    [I 2026-05-03 08:23:35,404] Trial 0 finished with value: 10.564114781375435 and parameters: {'f_n': 4.7e-08, 'K_d': 575000.0, 'rho_d': 30400000000000.0, 'fission_rate': 4.76e+19, 'Dg_D1_scale': 1.4296783225348388, 'Dg_D3_scale': 0.2714968287394979, 'Dv_D1_scale': 1.4680181413801088, 'Dv_D2_scale': 1.0563727862636128, 'b_bulk_scale': 0.09527924697104752, 'b_dislocation_scale': 1.5880866025996143, 'gb_scale': 1.588, 'gd_bubble_scale': 2.9124981618332306, 'gd_line_scale': 1.6147823949063116, 'gd_line_alpha': 0.05475039059682707, 'coalescence_d_scale': 8.15, 'capture_scale': 2.97}. Best is trial 0 with value: 10.564114781375435.
[I 2026-05-03 08:23:39,824] Trial 1 finished with value: 3.896283012057112 and parameters: {'f_n': 1e-08, 'K_d': 800000.0, 'rho_d': 10000000000000.0, 'fission_rate': 7.5e+19, 'Dg_D1_scale': 3.1788317706450684, 'Dg_D3_scale': 0.4078731735839516, 'Dv_D1_scale': 0.2733870390881094, 'Dv_D2_scale': 2.637604175248882, 'b_bulk_scale': 0.9149377603158512, 'b_dislocation_scale': 0.3773091368965156, 'gb_scale': 1.0, 'gd_bubble_scale': 0.2572975040745933, 'gd_line_scale': 1.293461570673719, 'gd_line_alpha': 0.564404917169852, 'coalescence_d_scale': 1.0, 'capture_scale': 0.3}. Best is trial 1 with value: 3.896283012057112.
[I 2026-05-03 08:23:46,192] Trial 2 finished with value: 3.816323056032355 and parameters: {'f_n': 1e-06, 'K_d': 500000.0, 'rho_d': 30000000000000.0, 'fission_rate': 5e+19, 'Dg_D1_scale': 1.013382765014187, 'Dg_D3_scale': 0.34327900343305384, 'Dv_D1_scale': 2.3656391108484596, 'Dv_D2_scale': 0.9499017859304564, 'b_bulk_scale': 0.7243077729570437, 'b_dislocation_scale': 0.2057008778362724, 'gb_scale': 1.0, 'gd_bubble_scale': 3.3028918921143355, 'gd_line_scale': 1.1321790940614285, 'gd_line_alpha': 0.04599084485333227, 'coalescence_d_scale': 1.0, 'capture_scale': 1.0}. Best is trial 2 with value: 3.816323056032355.
[I 2026-05-03 08:23:52,247] Trial 3 finished with value: 6.915724054497252 and parameters: {'f_n': 1.3333e-08, 'K_d': 714300.0, 'rho_d': 46135000000000.0, 'fission_rate': 4.9558e+19, 'Dg_D1_scale': 1.3376067201184536, 'Dg_D3_scale': 0.6108722074504054, 'Dv_D1_scale': 0.2124179638113016, 'Dv_D2_scale': 0.31259863208586064, 'b_bulk_scale': 0.13804575101663327, 'b_dislocation_scale': 0.19161875110037205, 'gb_scale': 0.8994, 'gd_bubble_scale': 0.050517960909367804, 'gd_line_scale': 0.49275316170964517, 'gd_line_alpha': 0.6590180471472854, 'coalescence_d_scale': 10.99, 'capture_scale': 3.247}. Best is trial 2 with value: 3.816323056032355.
[I 2026-05-03 08:23:52,916] Trial 4 finished with value: 7.598091866827037 and parameters: {'f_n': 2.5466e-07, 'K_d': 648460.0, 'rho_d': 35350000000000.0, 'fission_rate': 7.4799e+19, 'Dg_D1_scale': 2.3517815639909188, 'Dg_D3_scale': 0.1896292471897135, 'Dv_D1_scale': 0.8804310312331015, 'Dv_D2_scale': 0.9682981897626706, 'b_bulk_scale': 0.051446909588491706, 'b_dislocation_scale': 1.6390463105137887, 'gb_scale': 0.4625, 'gd_bubble_scale': 0.8809517716697182, 'gd_line_scale': 2.195474727370046, 'gd_line_alpha': 0.3847508170986106, 'coalescence_d_scale': 6.997, 'capture_scale': 0.1401}. Best is trial 2 with value: 3.816323056032355.
[I 2026-05-03 08:23:57,504] Trial 5 finished with value: 18.70508679997273 and parameters: {'f_n': 1.9043e-07, 'K_d': 633680.0, 'rho_d': 48099000000000.0, 'fission_rate': 6.8347e+19, 'Dg_D1_scale': 1.027831853292078, 'Dg_D3_scale': 0.2390478807211515, 'Dv_D1_scale': 3.023003906628142, 'Dv_D2_scale': 1.2863662297257488, 'b_bulk_scale': 0.06705282877424007, 'b_dislocation_scale': 0.21887588504834074, 'gb_scale': 0.3881, 'gd_bubble_scale': 9.92181436211627, 'gd_line_scale': 2.9388358780927306, 'gd_line_alpha': 0.9264514457326267, 'coalescence_d_scale': 7.005, 'capture_scale': 0.0608}. Best is trial 2 with value: 3.816323056032355.
[I 2026-05-03 08:23:59,679] Trial 6 finished with value: 5.787875333734785 and parameters: {'f_n': 1.3237e-08, 'K_d': 558920.0, 'rho_d': 24815000000000.0, 'fission_rate': 7.6621e+19, 'Dg_D1_scale': 0.839108648621361, 'Dg_D3_scale': 3.0883078169308362, 'Dv_D1_scale': 2.2163355845780552, 'Dv_D2_scale': 3.417996325921654, 'b_bulk_scale': 0.06531794948212953, 'b_dislocation_scale': 3.0493241608701918, 'gb_scale': 0.4151, 'gd_bubble_scale': 0.11897963866212832, 'gd_line_scale': 0.749128950045916, 'gd_line_alpha': 0.043574761626076985, 'coalescence_d_scale': 9.772, 'capture_scale': 0.1557}. Best is trial 2 with value: 3.816323056032355.
[I 2026-05-03 08:24:04,355] Trial 7 finished with value: 14.186816766031072 and parameters: {'f_n': 2.940436e-07, 'K_d': 1033314.0, 'rho_d': 12059490000000.0, 'fission_rate': 6.730293e+19, 'Dg_D1_scale': 0.7839104366904674, 'Dg_D3_scale': 0.22255455346407854, 'Dv_D1_scale': 2.9119965938744077, 'Dv_D2_scale': 2.8074098169839448, 'b_bulk_scale': 3.277622064833755, 'b_dislocation_scale': 0.08976696768963456, 'gb_scale': 1.445601, 'gd_bubble_scale': 1.3013865637657476, 'gd_line_scale': 9.362395178529692, 'gd_line_alpha': 0.7454987324038694, 'coalescence_d_scale': 3.880728, 'capture_scale': 0.024136}. Best is trial 2 with value: 3.816323056032355.
[I 2026-05-03 08:24:09,056] Trial 8 finished with value: 2.901624690652229 and parameters: {'f_n': 5.96478e-07, 'K_d': 1198283.0, 'rho_d': 9976134000000.0, 'fission_rate': 6.685431e+19, 'Dg_D1_scale': 0.2640339991680786, 'Dg_D3_scale': 1.5709163989782622, 'Dv_D1_scale': 0.6117969587753231, 'Dv_D2_scale': 3.346913508363458, 'b_bulk_scale': 1.2054281157795745, 'b_dislocation_scale': 0.07338548676153892, 'gb_scale': 1.009685, 'gd_bubble_scale': 4.280616928724399, 'gd_line_scale': 0.11565934613000957, 'gd_line_alpha': 0.33216035646453324, 'coalescence_d_scale': 2.916475, 'capture_scale': 0.027787}. Best is trial 8 with value: 2.901624690652229.
[I 2026-05-03 08:24:13,756] Trial 9 finished with value: 3.1685458358960714 and parameters: {'f_n': 7.392651e-07, 'K_d': 1166892.0, 'rho_d': 11803530000000.0, 'fission_rate': 6.574543e+19, 'Dg_D1_scale': 0.9322163755859744, 'Dg_D3_scale': 0.4832933459317492, 'Dv_D1_scale': 0.4030880137228227, 'Dv_D2_scale': 0.3751886407818127, 'b_bulk_scale': 1.687979907097548, 'b_dislocation_scale': 0.23299875836839398, 'gb_scale': 1.30495, 'gd_bubble_scale': 2.172746820377795, 'gd_line_scale': 1.5018277369338338, 'gd_line_alpha': 0.7963398956213852, 'coalescence_d_scale': 2.726375, 'capture_scale': 0.023283}. Best is trial 8 with value: 2.901624690652229.
[I 2026-05-03 08:24:19,190] Trial 10 finished with value: 3.8481919479788522 and parameters: {'f_n': 4.3700557736377444e-10, 'K_d': 186919.08306290925, 'rho_d': 5082810612866.918, 'fission_rate': 5.654998937901697e+19, 'Dg_D1_scale': 0.23997720748468895, 'Dg_D3_scale': 1.4595221573260984, 'Dv_D1_scale': 0.6417217126498553, 'Dv_D2_scale': 0.5091505532619126, 'b_bulk_scale': 0.35013292251372996, 'b_dislocation_scale': 0.03830103288146281, 'gb_scale': 5.9060401063220604, 'gd_bubble_scale': 8.400665845854189, 'gd_line_scale': 0.06363392142019231, 'gd_line_alpha': 0.3587090535660659, 'coalescence_d_scale': 0.2106517273452997, 'capture_scale': 0.011793985550604711}. Best is trial 8 with value: 2.901624690652229.
[I 2026-05-03 08:24:24,164] Trial 11 finished with value: 5.834835393664612 and parameters: {'f_n': 1.774544497923196e-06, 'K_d': 1394203.5087380388, 'rho_d': 12052585494320.46, 'fission_rate': 6.305026991535888e+19, 'Dg_D1_scale': 0.31082103708805753, 'Dg_D3_scale': 1.229341217069564, 'Dv_D1_scale': 0.46358225850752466, 'Dv_D2_scale': 0.20318048754370807, 'b_bulk_scale': 2.728005949862399, 'b_dislocation_scale': 0.030138178248973153, 'gb_scale': 0.09014919052143, 'gd_bubble_scale': 2.404709338676609, 'gd_line_scale': 0.17169374067639495, 'gd_line_alpha': 0.9646264717720405, 'coalescence_d_scale': 2.2315666865345984, 'capture_scale': 0.0341811130741757}. Best is trial 8 with value: 2.901624690652229.
[I 2026-05-03 08:24:27,653] Trial 12 finished with value: 5.336412691708799 and parameters: {'f_n': 2.8468274037882844e-06, 'K_d': 278677.7461371086, 'rho_d': 6973494549409.965, 'fission_rate': 5.822828449467458e+19, 'Dg_D1_scale': 0.4565992368030425, 'Dg_D3_scale': 1.092702898375276, 'Dv_D1_scale': 0.38755316736209455, 'Dv_D2_scale': 0.5033737096546481, 'b_bulk_scale': 1.374260757162172, 'b_dislocation_scale': 0.07962475608742836, 'gb_scale': 3.499123920890884, 'gd_bubble_scale': 0.426885718857569, 'gd_line_scale': 0.30797190421367404, 'gd_line_alpha': 0.2749696441591738, 'coalescence_d_scale': 0.2932001528577587, 'capture_scale': 0.010110768645909927}. Best is trial 8 with value: 2.901624690652229.Best trial: 8. Best value: 2.90162:   4%|▍         | 12/300 [00:55<22:45,  4.74s/it]Best trial: 8. Best value: 2.90162:   4%|▍         | 12/300 [00:56<22:45,  4.74s/it]Best trial: 8. Best value: 2.90162:   4%|▍         | 13/300 [00:56<20:51,  4.36s/it]                                                                                    Best trial: 8. Best value: 2.90162:   4%|▍         | 13/300 [01:00<20:51,  4.36s/it]Best trial: 8. Best value: 2.90162:   4%|▍         | 13/300 [01:00<20:51,  4.36s/it]Best trial: 8. Best value: 2.90162:   5%|▍         | 14/300 [01:00<21:16,  4.46s/it]                                                                                    Best trial: 8. Best value: 2.90162:   5%|▍         | 14/300 [01:07<21:16,  4.46s/it]Best trial: 8. Best value: 2.90162:   5%|▍         | 14/300 [01:07<21:16,  4.46s/it]Best trial: 8. Best value: 2.90162:   5%|▌         | 15/300 [01:07<25:07,  5.29s/it]                                                                                    Best trial: 8. Best value: 2.90162:   5%|▌         | 15/300 [01:12<25:07,  5.29s/it]Best trial: 8. Best value: 2.90162:   5%|▌         | 15/300 [01:13<25:07,  5.29s/it]Best trial: 8. Best value: 2.90162:   5%|▌         | 16/300 [01:13<24:46,  5.23s/it]                                                                                    Best trial: 8. Best value: 2.90162:   5%|▌         | 16/300 [01:17<24:46,  5.23s/it]Best trial: 8. Best value: 2.90162:   5%|▌         | 16/300 [01:17<24:46,  5.23s/it]Best trial: 8. Best value: 2.90162:   6%|▌         | 17/300 [01:17<24:18,  5.15s/it]                                                                                    Best trial: 8. Best value: 2.90162:   6%|▌         | 17/300 [01:22<24:18,  5.15s/it]Best trial: 8. Best value: 2.90162:   6%|▌         | 17/300 [01:22<24:18,  5.15s/it]Best trial: 8. Best value: 2.90162:   6%|▌         | 18/300 [01:22<23:19,  4.96s/it]                                                                                    Best trial: 8. Best value: 2.90162:   6%|▌         | 18/300 [01:25<23:19,  4.96s/it]Best trial: 8. Best value: 2.90162:   6%|▌         | 18/300 [01:25<23:19,  4.96s/it]Best trial: 8. Best value: 2.90162:   6%|▋         | 19/300 [01:25<20:33,  4.39s/it]                                                                                    Best trial: 8. Best value: 2.90162:   6%|▋         | 19/300 [01:30<20:33,  4.39s/it]Best trial: 8. Best value: 2.90162:   6%|▋         | 19/300 [01:30<20:33,  4.39s/it]Best trial: 8. Best value: 2.90162:   7%|▋         | 20/300 [01:30<20:43,  4.44s/it]                                                                                    Best trial: 8. Best value: 2.90162:   7%|▋         | 20/300 [01:34<20:43,  4.44s/it]Best trial: 8. Best value: 2.90162:   7%|▋         | 20/300 [01:34<20:43,  4.44s/it]Best trial: 8. Best value: 2.90162:   7%|▋         | 21/300 [01:34<20:11,  4.34s/it]                                                                                    Best trial: 8. Best value: 2.90162:   7%|▋         | 21/300 [01:41<20:11,  4.34s/it]Best trial: 8. Best value: 2.90162:   7%|▋         | 21/300 [01:41<20:11,  4.34s/it]Best trial: 8. Best value: 2.90162:   7%|▋         | 22/300 [01:41<24:17,  5.24s/it]                                                                                    Best trial: 8. Best value: 2.90162:   7%|▋         | 22/300 [01:48<24:17,  5.24s/it]Best trial: 8. Best value: 2.90162:   7%|▋         | 22/300 [01:48<24:17,  5.24s/it]Best trial: 8. Best value: 2.90162:   8%|▊         | 23/300 [01:48<26:41,  5.78s/it]                                                                                    Best trial: 8. Best value: 2.90162:   8%|▊         | 23/300 [01:52<26:41,  5.78s/it]Best trial: 8. Best value: 2.90162:   8%|▊         | 23/300 [01:52<26:41,  5.78s/it]Best trial: 8. Best value: 2.90162:   8%|▊         | 24/300 [01:52<23:42,  5.15s/it]                                                                                    
[I 2026-05-03 08:24:32,350] Trial 13 finished with value: 4.909133258910247 and parameters: {'f_n': 9.023110293604097e-10, 'K_d': 1469412.3897091358, 'rho_d': 17205548288624.336, 'fission_rate': 6.921652277283732e+19, 'Dg_D1_scale': 0.17152601289336297, 'Dg_D3_scale': 2.789263506412593, 'Dv_D1_scale': 1.0436045252276336, 'Dv_D2_scale': 1.8668760179155754, 'b_bulk_scale': 0.3651149312697809, 'b_dislocation_scale': 0.6434748409934843, 'gb_scale': 0.179850604484695, 'gd_bubble_scale': 4.854958157337992, 'gd_line_scale': 0.05275547163755017, 'gd_line_alpha': 0.7209342274413089, 'coalescence_d_scale': 2.270530789040501, 'capture_scale': 0.05389662831055766}. Best is trial 8 with value: 2.901624690652229.
[I 2026-05-03 08:24:39,559] Trial 14 finished with value: 3.299688424949348 and parameters: {'f_n': 6.671984690229808e-08, 'K_d': 323680.4111558964, 'rho_d': 17706323863463.984, 'fission_rate': 4.136421269500259e+19, 'Dg_D1_scale': 0.500472666184507, 'Dg_D3_scale': 0.7072315788939487, 'Dv_D1_scale': 0.4867990569727631, 'Dv_D2_scale': 0.5796775450180163, 'b_bulk_scale': 1.7609499744869772, 'b_dislocation_scale': 0.08871385729571399, 'gb_scale': 2.889337672198824, 'gd_bubble_scale': 1.5274897849597227, 'gd_line_scale': 0.15928551154153578, 'gd_line_alpha': 0.25998023311398527, 'coalescence_d_scale': 0.43550187916656957, 'capture_scale': 0.45476887178730896}. Best is trial 8 with value: 2.901624690652229.
[I 2026-05-03 08:24:44,659] Trial 15 finished with value: 4.668625189971542 and parameters: {'f_n': 5.81404022820279e-07, 'K_d': 107316.99323964026, 'rho_d': 8613278222424.994, 'fission_rate': 6.165832936239235e+19, 'Dg_D1_scale': 0.5183216267204085, 'Dg_D3_scale': 2.033004452595944, 'Dv_D1_scale': 0.31625459604649536, 'Dv_D2_scale': 1.7027758100860644, 'b_bulk_scale': 0.6451608043059457, 'b_dislocation_scale': 0.55497184062046, 'gb_scale': 0.20716225350916287, 'gd_bubble_scale': 4.626893291838921, 'gd_line_scale': 6.358477434684132, 'gd_line_alpha': 0.8276373744115669, 'coalescence_d_scale': 3.2355400003629957, 'capture_scale': 0.10887426030329721}. Best is trial 8 with value: 2.901624690652229.
[I 2026-05-03 08:24:49,621] Trial 16 finished with value: 29.581920014541318 and parameters: {'f_n': 7.242556784945718e-08, 'K_d': 1022217.3353138178, 'rho_d': 5638016369216.195, 'fission_rate': 6.481827057427048e+19, 'Dg_D1_scale': 0.36765131541883816, 'Dg_D3_scale': 0.5414079895645256, 'Dv_D1_scale': 0.6913719111193068, 'Dv_D2_scale': 0.305913287226753, 'b_bulk_scale': 1.6143448374410065, 'b_dislocation_scale': 0.0560555225096034, 'gb_scale': 2.354960704703587, 'gd_bubble_scale': 0.6767866917627452, 'gd_line_scale': 3.542895762086161, 'gd_line_alpha': 0.5025892471614276, 'coalescence_d_scale': 19.846951515985687, 'capture_scale': 0.022612614614127648}. Best is trial 8 with value: 2.901624690652229.
