[I 2026-05-03 08:34:05,455] Trial 134 finished with value: 2.610659432855224 and parameters: {'f_n': 2.4885211529210943e-07, 'K_d': 244940.87847910612, 'rho_d': 16463550266785.105, 'fission_rate': 6.692154880602417e+19, 'Dg_D1_scale': 1.66472634736411, 'Dg_D3_scale': 0.29390769320979415, 'Dv_D1_scale': 0.43134909782023784, 'Dv_D2_scale': 3.497044210060117, 'b_bulk_scale': 0.21650293633127932, 'b_dislocation_scale': 0.07922001491623952, 'gb_scale': 1.1165980661399413, 'gd_bubble_scale': 1.8291073919162502, 'gd_line_scale': 1.544154406971143, 'gd_line_alpha': 0.7307449593249448, 'coalescence_d_scale': 0.5872176696334952, 'capture_scale': 2.7307863101815215}. Best is trial 131 with value: 2.532178153421372.
[I 2026-05-03 08:34:10,079] Trial 135 finished with value: 2.64423216088321 and parameters: {'f_n': 2.2908558856457973e-07, 'K_d': 270799.7746749074, 'rho_d': 16396395017794.047, 'fission_rate': 6.607003438734901e+19, 'Dg_D1_scale': 1.6594757371882407, 'Dg_D3_scale': 0.29087109301927894, 'Dv_D1_scale': 0.4198753590549075, 'Dv_D2_scale': 3.624527668303369, 'b_bulk_scale': 0.2082420122912698, 'b_dislocation_scale': 0.06891585820079357, 'gb_scale': 1.1092161523638155, 'gd_bubble_scale': 1.4731950811726306, 'gd_line_scale': 1.5612252895660488, 'gd_line_alpha': 0.7321543182321815, 'coalescence_d_scale': 0.5958750265166137, 'capture_scale': 2.826390424282447}. Best is trial 131 with value: 2.532178153421372.
[I 2026-05-03 08:34:14,721] Trial 136 finished with value: 2.525996179516341 and parameters: {'f_n': 2.448854066988477e-07, 'K_d': 260738.39695067174, 'rho_d': 15128700061557.877, 'fission_rate': 6.709748977799161e+19, 'Dg_D1_scale': 1.5778497715701276, 'Dg_D3_scale': 0.22400082263772209, 'Dv_D1_scale': 0.37936200241411716, 'Dv_D2_scale': 3.404019922037688, 'b_bulk_scale': 0.2648103014217942, 'b_dislocation_scale': 0.07876092211769993, 'gb_scale': 1.3608835638020702, 'gd_bubble_scale': 1.8846548957017544, 'gd_line_scale': 1.4017302867350114, 'gd_line_alpha': 0.7001405752172187, 'coalescence_d_scale': 0.48322392709008727, 'capture_scale': 3.2251472916099186}. Best is trial 136 with value: 2.525996179516341.
[I 2026-05-03 08:34:19,503] Trial 137 finished with value: 2.581395712784364 and parameters: {'f_n': 2.456683080172529e-07, 'K_d': 258196.42854602475, 'rho_d': 15094112441747.148, 'fission_rate': 6.671290508714303e+19, 'Dg_D1_scale': 1.6241954615516416, 'Dg_D3_scale': 0.26216642816959995, 'Dv_D1_scale': 0.45815346247969146, 'Dv_D2_scale': 3.4138095708970866, 'b_bulk_scale': 0.256514822981549, 'b_dislocation_scale': 0.08275636736794686, 'gb_scale': 1.370227727246446, 'gd_bubble_scale': 1.8872936005564278, 'gd_line_scale': 1.4137147631556188, 'gd_line_alpha': 0.7017367055994366, 'coalescence_d_scale': 0.6996601322420891, 'capture_scale': 2.901038076398649}. Best is trial 136 with value: 2.525996179516341.
[I 2026-05-03 08:34:24,305] Trial 138 finished with value: 2.4989321097201453 and parameters: {'f_n': 3.37950788720186e-07, 'K_d': 261257.11009184306, 'rho_d': 15246044597433.889, 'fission_rate': 6.5970502133257585e+19, 'Dg_D1_scale': 1.2847151349128094, 'Dg_D3_scale': 0.2614182980129503, 'Dv_D1_scale': 0.38216060506656024, 'Dv_D2_scale': 3.754889565999305, 'b_bulk_scale': 0.2551409156358056, 'b_dislocation_scale': 0.0731303370146827, 'gb_scale': 1.3542591292909576, 'gd_bubble_scale': 2.241120387197207, 'gd_line_scale': 1.3735460531328505, 'gd_line_alpha': 0.764488868229111, 'coalescence_d_scale': 0.4860657382816746, 'capture_scale': 3.1913056719539643}. Best is trial 138 with value: 2.4989321097201453.
[I 2026-05-03 08:34:29,111] Trial 139 finished with value: 2.643869980043219 and parameters: {'f_n': 2.2161100294325183e-07, 'K_d': 260728.96387643958, 'rho_d': 15135422613929.611, 'fission_rate': 6.593444174236841e+19, 'Dg_D1_scale': 1.5759782841764485, 'Dg_D3_scale': 0.2630489913713451, 'Dv_D1_scale': 0.37218696881573327, 'Dv_D2_scale': 3.7491538782828537, 'b_bulk_scale': 0.25401858799475924, 'b_dislocation_scale': 0.07511404975168805, 'gb_scale': 1.3819636878563217, 'gd_bubble_scale': 1.8946668844202117, 'gd_line_scale': 1.907838699894225, 'gd_line_alpha': 0.6960817673167419, 'coalescence_d_scale': 0.48999786082216645, 'capture_scale': 4.093121684454977}. Best is trial 138 with value: 2.4989321097201453.
[I 2026-05-03 08:34:32,142] Trial 140 finished with value: 2.9959195478892715 and parameters: {'f_n': 1.424358257640831e-07, 'K_d': 295592.9548455686, 'rho_d': 17996445381183.242, 'fission_rate': 6.448894358864248e+19, 'Dg_D1_scale': 2.1059564132833124, 'Dg_D3_scale': 0.22331492867163652, 'Dv_D1_scale': 0.3935277749541047, 'Dv_D2_scale': 3.3524296633443003, 'b_bulk_scale': 0.26545807515283437, 'b_dislocation_scale': 0.06660461900336842, 'gb_scale': 1.3110965238086667, 'gd_bubble_scale': 2.302548841185938, 'gd_line_scale': 1.3950827600112883, 'gd_line_alpha': 0.7824021194828392, 'coalescence_d_scale': 0.7227996219483187, 'capture_scale': 3.174766008597173}. Best is trial 138 with value: 2.4989321097201453.
[I 2026-05-03 08:34:36,873] Trial 141 finished with value: 2.4837911798017167 and parameters: {'f_n': 3.0339490457665317e-07, 'K_d': 252986.6973644922, 'rho_d': 19264913609442.234, 'fission_rate': 6.687189862752471e+19, 'Dg_D1_scale': 1.3392097579101425, 'Dg_D3_scale': 0.2359088518291096, 'Dv_D1_scale': 0.3332544447537544, 'Dv_D2_scale': 3.98083248282946, 'b_bulk_scale': 0.23099736233244603, 'b_dislocation_scale': 0.08430833879069505, 'gb_scale': 1.16222609565258, 'gd_bubble_scale': 2.6121405709343484, 'gd_line_scale': 1.1402645858129856, 'gd_line_alpha': 0.6970734566599086, 'coalescence_d_scale': 0.5315500316632581, 'capture_scale': 3.244872371275689}. Best is trial 141 with value: 2.4837911798017167.
[I 2026-05-03 08:34:41,538] Trial 142 finished with value: 2.604072421565287 and parameters: {'f_n': 2.691910724923985e-07, 'K_d': 251868.79602986536, 'rho_d': 14303594537889.23, 'fission_rate': 6.677731429091143e+19, 'Dg_D1_scale': 1.3214362211310433, 'Dg_D3_scale': 0.24024425077383935, 'Dv_D1_scale': 0.33161621791662177, 'Dv_D2_scale': 3.773571423116241, 'b_bulk_scale': 0.2294269536710858, 'b_dislocation_scale': 0.0837386851012407, 'gb_scale': 1.1862975887120006, 'gd_bubble_scale': 2.4986089755512486, 'gd_line_scale': 1.150172911894895, 'gd_line_alpha': 0.6960594706025626, 'coalescence_d_scale': 0.5363833237822992, 'capture_scale': 3.311656218215421}. Best is trial 141 with value: 2.4837911798017167.
[I 2026-05-03 08:34:46,660] Trial 143 finished with value: 2.560456069608083 and parameters: {'f_n': 1.9265689696732547e-07, 'K_d': 319091.3854003129, 'rho_d': 19321592866798.363, 'fission_rate': 6.5270155854678835e+19, 'Dg_D1_scale': 1.5188145906400883, 'Dg_D3_scale': 0.26346048547922163, 'Dv_D1_scale': 0.45179345841519963, 'Dv_D2_scale': 3.366143825610219, 'b_bulk_scale': 0.28820110874894955, 'b_dislocation_scale': 0.07421604044792778, 'gb_scale': 1.688238455311257, 'gd_bubble_scale': 1.1818660907357557, 'gd_line_scale': 1.0505744077354209, 'gd_line_alpha': 0.7612744092622366, 'coalescence_d_scale': 0.45477366750195325, 'capture_scale': 4.632877227868578}. Best is trial 141 with value: 2.4837911798017167.
[I 2026-05-03 08:34:51,827] Trial 144 finished with value: 2.6743632584930825 and parameters: {'f_n': 1.9534373490810505e-07, 'K_d': 322798.36680435215, 'rho_d': 13562340994539.125, 'fission_rate': 6.495370669496584e+19, 'Dg_D1_scale': 1.8692332299725591, 'Dg_D3_scale': 0.2666738669092664, 'Dv_D1_scale': 0.410711018559532, 'Dv_D2_scale': 3.9856046597955617, 'b_bulk_scale': 0.20971361428758148, 'b_dislocation_scale': 0.07225398891476524, 'gb_scale': 1.7603716208177866, 'gd_bubble_scale': 1.0951644591739245, 'gd_line_scale': 2.3953538347029966, 'gd_line_alpha': 0.7617925503465858, 'coalescence_d_scale': 0.7885932936275817, 'capture_scale': 4.4906498774425785}. Best is trial 141 with value: 2.4837911798017167.Best trial: 141. Best value: 2.48379:  48%|████▊     | 144/300 [11:20<12:05,  4.65s/it]Best trial: 141. Best value: 2.48379:  48%|████▊     | 144/300 [11:20<12:05,  4.65s/it]Best trial: 141. Best value: 2.48379:  48%|████▊     | 145/300 [11:20<12:24,  4.80s/it]                                                                                       Best trial: 141. Best value: 2.48379:  48%|████▊     | 145/300 [11:25<12:24,  4.80s/it]Best trial: 141. Best value: 2.48379:  48%|████▊     | 145/300 [11:25<12:24,  4.80s/it]Best trial: 141. Best value: 2.48379:  49%|████▊     | 146/300 [11:25<12:36,  4.91s/it]                                                                                       Best trial: 141. Best value: 2.48379:  49%|████▊     | 146/300 [11:30<12:36,  4.91s/it]Best trial: 141. Best value: 2.48379:  49%|████▊     | 146/300 [11:30<12:36,  4.91s/it]Best trial: 141. Best value: 2.48379:  49%|████▉     | 147/300 [11:30<12:23,  4.86s/it]                                                                                       Best trial: 141. Best value: 2.48379:  49%|████▉     | 147/300 [11:33<12:23,  4.86s/it]Best trial: 141. Best value: 2.48379:  49%|████▉     | 147/300 [11:33<12:23,  4.86s/it]Best trial: 141. Best value: 2.48379:  49%|████▉     | 148/300 [11:33<10:54,  4.30s/it]                                                                                       Best trial: 141. Best value: 2.48379:  49%|████▉     | 148/300 [11:37<10:54,  4.30s/it]Best trial: 141. Best value: 2.48379:  49%|████▉     | 148/300 [11:37<10:54,  4.30s/it]Best trial: 141. Best value: 2.48379:  50%|████▉     | 149/300 [11:37<11:14,  4.47s/it]                                                                                       Best trial: 141. Best value: 2.48379:  50%|████▉     | 149/300 [11:42<11:14,  4.47s/it]Best trial: 141. Best value: 2.48379:  50%|████▉     | 149/300 [11:42<11:14,  4.47s/it]Best trial: 141. Best value: 2.48379:  50%|█████     | 150/300 [11:42<11:31,  4.61s/it]                                                                                       Best trial: 141. Best value: 2.48379:  50%|█████     | 150/300 [11:47<11:31,  4.61s/it]Best trial: 141. Best value: 2.48379:  50%|█████     | 150/300 [11:47<11:31,  4.61s/it]Best trial: 141. Best value: 2.48379:  50%|█████     | 151/300 [11:47<11:41,  4.71s/it]                                                                                       Best trial: 141. Best value: 2.48379:  50%|█████     | 151/300 [11:52<11:41,  4.71s/it]Best trial: 141. Best value: 2.48379:  50%|█████     | 151/300 [11:52<11:41,  4.71s/it]Best trial: 141. Best value: 2.48379:  51%|█████     | 152/300 [11:52<11:50,  4.80s/it]                                                                                       Best trial: 141. Best value: 2.48379:  51%|█████     | 152/300 [11:57<11:50,  4.80s/it]Best trial: 141. Best value: 2.48379:  51%|█████     | 152/300 [11:57<11:50,  4.80s/it]Best trial: 141. Best value: 2.48379:  51%|█████     | 153/300 [11:57<11:53,  4.86s/it]                                                                                       Best trial: 141. Best value: 2.48379:  51%|█████     | 153/300 [12:00<11:53,  4.86s/it]Best trial: 141. Best value: 2.48379:  51%|█████     | 153/300 [12:00<11:53,  4.86s/it]Best trial: 141. Best value: 2.48379:  51%|█████▏    | 154/300 [12:00<10:33,  4.34s/it]                                                                                       Best trial: 141. Best value: 2.48379:  51%|█████▏    | 154/300 [12:05<10:33,  4.34s/it]Best trial: 141. Best value: 2.48379:  51%|█████▏    | 154/300 [12:06<10:33,  4.34s/it]Best trial: 141. Best value: 2.48379:  52%|█████▏    | 155/300 [12:06<10:59,  4.55s/it]                                                                                       Best trial: 141. Best value: 2.48379:  52%|█████▏    | 155/300 [12:10<10:59,  4.55s/it]Best trial: 141. Best value: 2.48379:  52%|█████▏    | 155/300 [12:10<10:59,  4.55s/it]Best trial: 141. Best value: 2.48379:  52%|█████▏    | 156/300 [12:10<11:13,  4.68s/it]                                                                                       
[I 2026-05-03 08:34:57,010] Trial 145 finished with value: 2.6185961594896248 and parameters: {'f_n': 2.516772907933536e-07, 'K_d': 279238.21582783316, 'rho_d': 19653908521470.3, 'fission_rate': 6.553224829199357e+19, 'Dg_D1_scale': 1.5936716872481909, 'Dg_D3_scale': 0.24631426274051277, 'Dv_D1_scale': 0.3710836426623044, 'Dv_D2_scale': 3.288255251551973, 'b_bulk_scale': 0.2897796435865304, 'b_dislocation_scale': 0.06251107680216594, 'gb_scale': 1.5597400887690898, 'gd_bubble_scale': 1.471722756364006, 'gd_line_scale': 1.2605764190006938, 'gd_line_alpha': 0.7032246122584728, 'coalescence_d_scale': 0.6820978408859927, 'capture_scale': 3.1146750537242935}. Best is trial 141 with value: 2.4837911798017167.
[I 2026-05-03 08:35:01,739] Trial 146 finished with value: 2.5943081254031615 and parameters: {'f_n': 1.7883279067352365e-07, 'K_d': 309640.8997239145, 'rho_d': 15499635186173.195, 'fission_rate': 6.635995140644361e+19, 'Dg_D1_scale': 2.0046879143439513, 'Dg_D3_scale': 0.31461370295697, 'Dv_D1_scale': 0.44435470035828634, 'Dv_D2_scale': 3.394016400924314, 'b_bulk_scale': 0.23843169232210823, 'b_dislocation_scale': 0.052491603127343765, 'gb_scale': 1.325853259736101, 'gd_bubble_scale': 1.8955044689146416, 'gd_line_scale': 0.9927603151770097, 'gd_line_alpha': 0.7524240051972501, 'coalescence_d_scale': 0.4394288876603582, 'capture_scale': 2.7849265465094986}. Best is trial 141 with value: 2.4837911798017167.
[I 2026-05-03 08:35:04,741] Trial 147 finished with value: 2.5604474137466204 and parameters: {'f_n': 1.2441891864666242e-07, 'K_d': 262512.07469015976, 'rho_d': 17116530712447.447, 'fission_rate': 6.418212087489486e+19, 'Dg_D1_scale': 1.718955447895532, 'Dg_D3_scale': 0.22211924166510355, 'Dv_D1_scale': 0.34355393841669724, 'Dv_D2_scale': 3.7839217291678007, 'b_bulk_scale': 0.18667948235239765, 'b_dislocation_scale': 0.08207342273353758, 'gb_scale': 1.3956064182821397, 'gd_bubble_scale': 2.155534628122819, 'gd_line_scale': 1.4190138787575213, 'gd_line_alpha': 0.8165309841813619, 'coalescence_d_scale': 0.5708085685874648, 'capture_scale': 4.840537614559686}. Best is trial 141 with value: 2.4837911798017167.
[I 2026-05-03 08:35:09,602] Trial 148 finished with value: 2.5497158512425644 and parameters: {'f_n': 3.745755363469285e-07, 'K_d': 235341.81920551916, 'rho_d': 17025171164487.398, 'fission_rate': 6.379280550337775e+19, 'Dg_D1_scale': 1.5207464908422874, 'Dg_D3_scale': 0.22713345295666926, 'Dv_D1_scale': 0.33075065664328684, 'Dv_D2_scale': 3.8126980059681617, 'b_bulk_scale': 0.19031734274586234, 'b_dislocation_scale': 0.09325123699776328, 'gb_scale': 1.661115916252156, 'gd_bubble_scale': 1.2789610435526182, 'gd_line_scale': 1.7446419233764758, 'gd_line_alpha': 0.8524069920860837, 'coalescence_d_scale': 0.5680056897170092, 'capture_scale': 4.139578001968631}. Best is trial 141 with value: 2.4837911798017167.
[I 2026-05-03 08:35:14,541] Trial 149 finished with value: 2.5353758043662884 and parameters: {'f_n': 1.3201307467604302e-07, 'K_d': 240214.80931679273, 'rho_d': 16877635043774.055, 'fission_rate': 6.281664220731648e+19, 'Dg_D1_scale': 1.7334819466069458, 'Dg_D3_scale': 0.229747284289323, 'Dv_D1_scale': 0.29185089342625364, 'Dv_D2_scale': 3.7767672672430934, 'b_bulk_scale': 0.18325383286082592, 'b_dislocation_scale': 0.09076125783608593, 'gb_scale': 1.6499745804377988, 'gd_bubble_scale': 1.6308665514222036, 'gd_line_scale': 1.8806855668947442, 'gd_line_alpha': 0.8524365298961645, 'coalescence_d_scale': 0.6063838240029911, 'capture_scale': 4.990346358519772}. Best is trial 141 with value: 2.4837911798017167.
[I 2026-05-03 08:35:19,470] Trial 150 finished with value: 2.507756445055594 and parameters: {'f_n': 1.326171035203908e-07, 'K_d': 238905.5422592859, 'rho_d': 17310604819884.508, 'fission_rate': 6.286055218336377e+19, 'Dg_D1_scale': 1.803180127328947, 'Dg_D3_scale': 0.21980385915021075, 'Dv_D1_scale': 0.2903673568344684, 'Dv_D2_scale': 3.8148912709163585, 'b_bulk_scale': 0.18565421430215095, 'b_dislocation_scale': 0.09239811312358613, 'gb_scale': 1.6700211070715858, 'gd_bubble_scale': 1.3169696146673169, 'gd_line_scale': 1.8200030796145696, 'gd_line_alpha': 0.863546454181417, 'coalescence_d_scale': 0.56604076472388, 'capture_scale': 4.9351358943623245}. Best is trial 141 with value: 2.4837911798017167.
[I 2026-05-03 08:35:24,493] Trial 151 finished with value: 2.501590313165708 and parameters: {'f_n': 1.3119569320152158e-07, 'K_d': 240607.94251670886, 'rho_d': 17291957591554.67, 'fission_rate': 6.275430215945661e+19, 'Dg_D1_scale': 1.7993644056589984, 'Dg_D3_scale': 0.22113550678734606, 'Dv_D1_scale': 0.2923789149567948, 'Dv_D2_scale': 3.9856969268427567, 'b_bulk_scale': 0.18624099105058514, 'b_dislocation_scale': 0.09475592055008702, 'gb_scale': 1.5830187994731388, 'gd_bubble_scale': 1.3480748214268372, 'gd_line_scale': 1.7775996242259056, 'gd_line_alpha': 0.8224857773147006, 'coalescence_d_scale': 0.5623608868618427, 'capture_scale': 4.853478332173922}. Best is trial 141 with value: 2.4837911798017167.
[I 2026-05-03 08:35:29,476] Trial 152 finished with value: 2.489153364094106 and parameters: {'f_n': 1.2826785291692853e-07, 'K_d': 240761.9340620387, 'rho_d': 17164011920637.45, 'fission_rate': 6.270334076289252e+19, 'Dg_D1_scale': 1.7761746087820696, 'Dg_D3_scale': 0.21760183630711447, 'Dv_D1_scale': 0.29199284828025457, 'Dv_D2_scale': 3.99129061790229, 'b_bulk_scale': 0.1754085088181703, 'b_dislocation_scale': 0.09272716541259757, 'gb_scale': 1.5986240690533042, 'gd_bubble_scale': 1.2482256666325127, 'gd_line_scale': 1.7556683044921, 'gd_line_alpha': 0.8788537131557025, 'coalescence_d_scale': 0.42933330582628715, 'capture_scale': 5.22301742224077}. Best is trial 141 with value: 2.4837911798017167.
[I 2026-05-03 08:35:32,622] Trial 153 finished with value: 2.5203727842195964 and parameters: {'f_n': 1.2443614984808316e-07, 'K_d': 238501.31838947395, 'rho_d': 17169386152696.766, 'fission_rate': 6.265816933910831e+19, 'Dg_D1_scale': 2.2049980149557733, 'Dg_D3_scale': 0.21751890712285482, 'Dv_D1_scale': 0.30235590598841233, 'Dv_D2_scale': 3.953874636859572, 'b_bulk_scale': 0.18200124328683387, 'b_dislocation_scale': 0.09062320231709431, 'gb_scale': 1.6592684502279524, 'gd_bubble_scale': 1.292435162074592, 'gd_line_scale': 1.7771041842012227, 'gd_line_alpha': 0.8521433492754175, 'coalescence_d_scale': 0.4371219426975343, 'capture_scale': 5.296367684944246}. Best is trial 141 with value: 2.4837911798017167.
[I 2026-05-03 08:35:37,658] Trial 154 finished with value: 2.579993735578277 and parameters: {'f_n': 1.2377563139850337e-07, 'K_d': 238571.07278387013, 'rho_d': 17171552775788.82, 'fission_rate': 6.148652590141856e+19, 'Dg_D1_scale': 2.205437262809766, 'Dg_D3_scale': 0.2216537780968433, 'Dv_D1_scale': 0.29674339083759943, 'Dv_D2_scale': 3.993788252545268, 'b_bulk_scale': 0.182915697878845, 'b_dislocation_scale': 0.09053518348954384, 'gb_scale': 1.9586835077975007, 'gd_bubble_scale': 1.3562037775754525, 'gd_line_scale': 2.10533512144714, 'gd_line_alpha': 0.8508774635246691, 'coalescence_d_scale': 0.6300789933423097, 'capture_scale': 4.968261017005738}. Best is trial 141 with value: 2.4837911798017167.
[I 2026-05-03 08:35:42,636] Trial 155 finished with value: 2.6451968030699695 and parameters: {'f_n': 9.683439058055101e-08, 'K_d': 272812.013510461, 'rho_d': 13957929667285.654, 'fission_rate': 6.235049406296919e+19, 'Dg_D1_scale': 1.7378458213255095, 'Dg_D3_scale': 0.21294218597639042, 'Dv_D1_scale': 0.288250946666859, 'Dv_D2_scale': 3.7836459385716608, 'b_bulk_scale': 0.15085484550165074, 'b_dislocation_scale': 0.09772470385454435, 'gb_scale': 1.5005856258442867, 'gd_bubble_scale': 0.8921829301587758, 'gd_line_scale': 1.7871093214957052, 'gd_line_alpha': 0.8453501541392096, 'coalescence_d_scale': 0.997899003706043, 'capture_scale': 5.653507257935873}. Best is trial 141 with value: 2.4837911798017167.
