[I 2026-05-03 08:43:16,929] Trial 246 finished with value: 2.4967228425666743 and parameters: {'f_n': 2.9014418792193165e-07, 'K_d': 277954.52237412526, 'rho_d': 21587506120835.977, 'fission_rate': 5.2879347472433185e+19, 'Dg_D1_scale': 0.9302454162108209, 'Dg_D3_scale': 0.1772750525907772, 'Dv_D1_scale': 0.29747739295937914, 'Dv_D2_scale': 3.5380884505179178, 'b_bulk_scale': 0.17389893327469183, 'b_dislocation_scale': 0.062306662051720765, 'gb_scale': 2.379188252984525, 'gd_bubble_scale': 1.5400746011791693, 'gd_line_scale': 1.742583375951451, 'gd_line_alpha': 0.8321078331112618, 'coalescence_d_scale': 0.5212960615804499, 'capture_scale': 4.358364617357542}. Best is trial 232 with value: 2.4781804972577697.
[I 2026-05-03 08:43:22,481] Trial 247 finished with value: 2.5334453404567316 and parameters: {'f_n': 2.8421174547837134e-07, 'K_d': 277639.1071420383, 'rho_d': 21281412175718.367, 'fission_rate': 5.428499814234157e+19, 'Dg_D1_scale': 0.8924138587592556, 'Dg_D3_scale': 0.16767153545930347, 'Dv_D1_scale': 0.2975263614317253, 'Dv_D2_scale': 3.4937643747359615, 'b_bulk_scale': 0.18082856360605415, 'b_dislocation_scale': 0.06043135288620024, 'gb_scale': 2.5425447695391705, 'gd_bubble_scale': 2.0179971247621435, 'gd_line_scale': 1.8588337640745403, 'gd_line_alpha': 0.8415826848381514, 'coalescence_d_scale': 0.4985972693089431, 'capture_scale': 4.260114267941665}. Best is trial 232 with value: 2.4781804972577697.
[I 2026-05-03 08:43:28,087] Trial 248 finished with value: 4.361045029620456 and parameters: {'f_n': 2.8682341618747693e-09, 'K_d': 240212.89077303332, 'rho_d': 21549520739475.996, 'fission_rate': 5.286960835087278e+19, 'Dg_D1_scale': 1.0488550306908964, 'Dg_D3_scale': 0.17738635984008813, 'Dv_D1_scale': 0.29687241310493184, 'Dv_D2_scale': 3.4433865280478435, 'b_bulk_scale': 0.19213781362325252, 'b_dislocation_scale': 0.054549161042331804, 'gb_scale': 2.4455455210573214, 'gd_bubble_scale': 1.5612422493431826, 'gd_line_scale': 1.9369122919148876, 'gd_line_alpha': 0.8311698942206412, 'coalescence_d_scale': 0.6668592259515506, 'capture_scale': 4.405643408597119}. Best is trial 232 with value: 2.4781804972577697.
[I 2026-05-03 08:43:33,562] Trial 249 finished with value: 2.708305758723173 and parameters: {'f_n': 2.1174601434898456e-07, 'K_d': 446106.064977286, 'rho_d': 22655123173921.715, 'fission_rate': 5.470454752949318e+19, 'Dg_D1_scale': 0.9925771853353433, 'Dg_D3_scale': 0.18439391214278542, 'Dv_D1_scale': 0.26872449932891246, 'Dv_D2_scale': 3.5378784890936386, 'b_bulk_scale': 0.1642269532366849, 'b_dislocation_scale': 0.060274454976945474, 'gb_scale': 2.303949373218167, 'gd_bubble_scale': 1.7217354690656397, 'gd_line_scale': 1.7410803071579566, 'gd_line_alpha': 0.851795531106105, 'coalescence_d_scale': 0.45887760509311054, 'capture_scale': 3.530959194646985}. Best is trial 232 with value: 2.4781804972577697.
[I 2026-05-03 08:43:39,157] Trial 250 finished with value: 4.119227085175488 and parameters: {'f_n': 2.796621552098069e-07, 'K_d': 284017.4438265928, 'rho_d': 20717590901242.465, 'fission_rate': 5.263448665037221e+19, 'Dg_D1_scale': 0.9459559028020956, 'Dg_D3_scale': 0.21737983239513836, 'Dv_D1_scale': 0.31653029558315243, 'Dv_D2_scale': 3.372361808519537, 'b_bulk_scale': 0.17554606529647235, 'b_dislocation_scale': 0.08636329437294171, 'gb_scale': 0.09576861255562767, 'gd_bubble_scale': 1.42699627277005, 'gd_line_scale': 1.5116101885205897, 'gd_line_alpha': 0.8572006049593782, 'coalescence_d_scale': 0.5850581856495026, 'capture_scale': 4.789570046762037}. Best is trial 232 with value: 2.4781804972577697.
[I 2026-05-03 08:43:42,737] Trial 251 finished with value: 4.617275727843338 and parameters: {'f_n': 2.8536829027663843e-07, 'K_d': 239386.94821446715, 'rho_d': 19923157256355.305, 'fission_rate': 5.559653218880292e+19, 'Dg_D1_scale': 1.008081688080065, 'Dg_D3_scale': 0.1626842339509729, 'Dv_D1_scale': 0.2959949340729497, 'Dv_D2_scale': 3.7467350930256136, 'b_bulk_scale': 0.1994385880993773, 'b_dislocation_scale': 0.09834914143854788, 'gb_scale': 0.059704344437862246, 'gd_bubble_scale': 1.0890131948205837, 'gd_line_scale': 2.3294055457198892, 'gd_line_alpha': 0.8261584161512148, 'coalescence_d_scale': 0.5051961273636935, 'capture_scale': 5.35009268619539}. Best is trial 232 with value: 2.4781804972577697.
[I 2026-05-03 08:43:48,254] Trial 252 finished with value: 2.4555353218969995 and parameters: {'f_n': 2.0237973105629333e-07, 'K_d': 262330.59024693887, 'rho_d': 19329595233713.777, 'fission_rate': 5.377172640234e+19, 'Dg_D1_scale': 1.2447310427943976, 'Dg_D3_scale': 0.190103623131042, 'Dv_D1_scale': 0.27694106284731884, 'Dv_D2_scale': 3.566602099205459, 'b_bulk_scale': 0.15896627520693848, 'b_dislocation_scale': 0.06331323317472648, 'gb_scale': 2.746912151191861, 'gd_bubble_scale': 1.5962548951440865, 'gd_line_scale': 1.73053257614822, 'gd_line_alpha': 0.8346261185592638, 'coalescence_d_scale': 0.5227495142235908, 'capture_scale': 4.196062508550932}. Best is trial 252 with value: 2.4555353218969995.Best trial: 232. Best value: 2.47818:  84%|████████▍ | 252/300 [20:16<03:55,  4.91s/it]Best trial: 252. Best value: 2.45554:  84%|████████▍ | 252/300 [20:16<03:55,  4.91s/it]Best trial: 252. Best value: 2.45554:  84%|████████▍ | 253/300 [20:16<03:59,  5.09s/it]                                                                                       Best trial: 252. Best value: 2.45554:  84%|████████▍ | 253/300 [20:22<03:59,  5.09s/it]Best trial: 252. Best value: 2.45554:  84%|████████▍ | 253/300 [20:22<03:59,  5.09s/it]Best trial: 252. Best value: 2.45554:  85%|████████▍ | 254/300 [20:22<03:59,  5.22s/it]                                                                                       Best trial: 252. Best value: 2.45554:  85%|████████▍ | 254/300 [20:27<03:59,  5.22s/it]Best trial: 252. Best value: 2.45554:  85%|████████▍ | 254/300 [20:27<03:59,  5.22s/it]Best trial: 252. Best value: 2.45554:  85%|████████▌ | 255/300 [20:27<03:59,  5.33s/it]                                                                                       Best trial: 252. Best value: 2.45554:  85%|████████▌ | 255/300 [20:33<03:59,  5.33s/it]Best trial: 252. Best value: 2.45554:  85%|████████▌ | 255/300 [20:33<03:59,  5.33s/it]Best trial: 252. Best value: 2.45554:  85%|████████▌ | 256/300 [20:33<03:54,  5.34s/it]                                                                                       Best trial: 252. Best value: 2.45554:  85%|████████▌ | 256/300 [20:38<03:54,  5.34s/it]Best trial: 252. Best value: 2.45554:  85%|████████▌ | 256/300 [20:38<03:54,  5.34s/it]Best trial: 252. Best value: 2.45554:  86%|████████▌ | 257/300 [20:38<03:53,  5.44s/it]                                                                                       Best trial: 252. Best value: 2.45554:  86%|████████▌ | 257/300 [20:42<03:53,  5.44s/it]Best trial: 252. Best value: 2.45554:  86%|████████▌ | 257/300 [20:42<03:53,  5.44s/it]Best trial: 252. Best value: 2.45554:  86%|████████▌ | 258/300 [20:42<03:26,  4.92s/it]                                                                                       Best trial: 252. Best value: 2.45554:  86%|████████▌ | 258/300 [20:48<03:26,  4.92s/it]Best trial: 252. Best value: 2.45554:  86%|████████▌ | 258/300 [20:48<03:26,  4.92s/it]Best trial: 252. Best value: 2.45554:  86%|████████▋ | 259/300 [20:48<03:31,  5.15s/it]                                                                                       Best trial: 252. Best value: 2.45554:  86%|████████▋ | 259/300 [20:53<03:31,  5.15s/it]Best trial: 252. Best value: 2.45554:  86%|████████▋ | 259/300 [20:53<03:31,  5.15s/it]Best trial: 252. Best value: 2.45554:  87%|████████▋ | 260/300 [20:53<03:32,  5.32s/it]                                                                                       Best trial: 252. Best value: 2.45554:  87%|████████▋ | 260/300 [20:59<03:32,  5.32s/it]Best trial: 252. Best value: 2.45554:  87%|████████▋ | 260/300 [20:59<03:32,  5.32s/it]Best trial: 252. Best value: 2.45554:  87%|████████▋ | 261/300 [20:59<03:34,  5.50s/it]                                                                                       Best trial: 252. Best value: 2.45554:  87%|████████▋ | 261/300 [21:05<03:34,  5.50s/it]Best trial: 252. Best value: 2.45554:  87%|████████▋ | 261/300 [21:05<03:34,  5.50s/it]Best trial: 252. Best value: 2.45554:  87%|████████▋ | 262/300 [21:05<03:30,  5.55s/it]                                                                                       Best trial: 252. Best value: 2.45554:  87%|████████▋ | 262/300 [21:09<03:30,  5.55s/it]Best trial: 252. Best value: 2.45554:  87%|████████▋ | 262/300 [21:09<03:30,  5.55s/it]Best trial: 252. Best value: 2.45554:  88%|████████▊ | 263/300 [21:09<03:05,  5.00s/it]                                                                                       Best trial: 252. Best value: 2.45554:  88%|████████▊ | 263/300 [21:14<03:05,  5.00s/it]Best trial: 252. Best value: 2.45554:  88%|████████▊ | 263/300 [21:14<03:05,  5.00s/it]Best trial: 252. Best value: 2.45554:  88%|████████▊ | 264/300 [21:14<03:07,  5.19s/it]                                                                                       
[I 2026-05-03 08:43:53,776] Trial 253 finished with value: 2.490876656703015 and parameters: {'f_n': 2.1148681314532915e-07, 'K_d': 223055.1522968479, 'rho_d': 21619721840418.74, 'fission_rate': 5.375789639927166e+19, 'Dg_D1_scale': 0.785068335767914, 'Dg_D3_scale': 0.1874798806246583, 'Dv_D1_scale': 0.3315352136931342, 'Dv_D2_scale': 3.581728285727976, 'b_bulk_scale': 0.16371650884679292, 'b_dislocation_scale': 0.06255703003285833, 'gb_scale': 2.753523775415129, 'gd_bubble_scale': 1.595509464226212, 'gd_line_scale': 1.5476074327963194, 'gd_line_alpha': 0.843975676403824, 'coalescence_d_scale': 0.6966855686712706, 'capture_scale': 4.064779880949481}. Best is trial 252 with value: 2.4555353218969995.
[I 2026-05-03 08:43:59,356] Trial 254 finished with value: 3.569792708715801 and parameters: {'f_n': 2.296530094059824e-07, 'K_d': 262515.32635917014, 'rho_d': 23424350228098.457, 'fission_rate': 5.286013073074053e+19, 'Dg_D1_scale': 1.2419969510233253, 'Dg_D3_scale': 0.19895529749660817, 'Dv_D1_scale': 0.27297027875871366, 'Dv_D2_scale': 3.386857096136698, 'b_bulk_scale': 0.16682713065448546, 'b_dislocation_scale': 0.06386406907483601, 'gb_scale': 2.7738298403884336, 'gd_bubble_scale': 1.7067729732531718, 'gd_line_scale': 4.266456444410267, 'gd_line_alpha': 0.8687163388081691, 'coalescence_d_scale': 0.6761352741510572, 'capture_scale': 4.062342161328384}. Best is trial 252 with value: 2.4555353218969995.
[I 2026-05-03 08:44:04,723] Trial 255 finished with value: 2.579481894695923 and parameters: {'f_n': 2.0363836965428806e-07, 'K_d': 245938.5406763098, 'rho_d': 19232262967755.938, 'fission_rate': 5.611915099589311e+19, 'Dg_D1_scale': 0.7775386815851599, 'Dg_D3_scale': 0.17648333421116807, 'Dv_D1_scale': 0.31393082365251374, 'Dv_D2_scale': 3.562284969743948, 'b_bulk_scale': 0.19456811958429013, 'b_dislocation_scale': 0.06283311089331775, 'gb_scale': 2.5077216252678665, 'gd_bubble_scale': 1.9558463780461126, 'gd_line_scale': 1.1789554265891122, 'gd_line_alpha': 0.7439902905317413, 'coalescence_d_scale': 0.9258298332930825, 'capture_scale': 4.184022682939874}. Best is trial 252 with value: 2.4555353218969995.
[I 2026-05-03 08:44:10,398] Trial 256 finished with value: 2.513152174480855 and parameters: {'f_n': 2.71867186455879e-07, 'K_d': 269403.3307144165, 'rho_d': 21651085735166.277, 'fission_rate': 5.364252187182398e+19, 'Dg_D1_scale': 0.7411284411984811, 'Dg_D3_scale': 0.2252200520137423, 'Dv_D1_scale': 0.30019051525925033, 'Dv_D2_scale': 3.8112194605472256, 'b_bulk_scale': 0.1744635551731296, 'b_dislocation_scale': 0.05773482567460955, 'gb_scale': 2.932521447937605, 'gd_bubble_scale': 1.5651064912871973, 'gd_line_scale': 2.1234469620340612, 'gd_line_alpha': 0.845778032980911, 'coalescence_d_scale': 0.5339845178767931, 'capture_scale': 3.4703994342471574}. Best is trial 252 with value: 2.4555353218969995.
[I 2026-05-03 08:44:14,113] Trial 257 finished with value: 2.5344626850280814 and parameters: {'f_n': 2.0253445578830205e-07, 'K_d': 259968.14651424557, 'rho_d': 19015386726374.95, 'fission_rate': 5.4949687615360705e+19, 'Dg_D1_scale': 0.8710593134693972, 'Dg_D3_scale': 0.18518421059248308, 'Dv_D1_scale': 0.2571707686949172, 'Dv_D2_scale': 3.3117685690570546, 'b_bulk_scale': 0.1570118329446503, 'b_dislocation_scale': 0.07462448573752728, 'gb_scale': 2.3987695012525507, 'gd_bubble_scale': 1.5199063390288174, 'gd_line_scale': 1.493680421043728, 'gd_line_alpha': 0.801551019761892, 'coalescence_d_scale': 0.6180491877692489, 'capture_scale': 4.799638726394206}. Best is trial 252 with value: 2.4555353218969995.
[I 2026-05-03 08:44:19,785] Trial 258 finished with value: 2.5616580099888075 and parameters: {'f_n': 2.891583324339875e-07, 'K_d': 288086.96679005586, 'rho_d': 21791381866873.367, 'fission_rate': 5.397067070674603e+19, 'Dg_D1_scale': 1.224430129176021, 'Dg_D3_scale': 0.21590738575342378, 'Dv_D1_scale': 0.34177969103816275, 'Dv_D2_scale': 3.615224307369955, 'b_bulk_scale': 0.15853807423444144, 'b_dislocation_scale': 0.06764244281930092, 'gb_scale': 2.6567268082442843, 'gd_bubble_scale': 1.703459270750762, 'gd_line_scale': 1.9389308098827989, 'gd_line_alpha': 0.8644948777220619, 'coalescence_d_scale': 0.7414950954343378, 'capture_scale': 4.004626914946865}. Best is trial 252 with value: 2.4555353218969995.
[I 2026-05-03 08:44:25,506] Trial 259 finished with value: 2.6898898759012373 and parameters: {'f_n': 1.188048040424385e-07, 'K_d': 389437.116086561, 'rho_d': 17245986856426.72, 'fission_rate': 5.359734327821477e+19, 'Dg_D1_scale': 0.9450648808186054, 'Dg_D3_scale': 0.17149601132004202, 'Dv_D1_scale': 0.2796365931566003, 'Dv_D2_scale': 3.2006666030225546, 'b_bulk_scale': 0.17889338181052802, 'b_dislocation_scale': 0.0505538918558141, 'gb_scale': 2.2585043916205074, 'gd_bubble_scale': 2.388355290201062, 'gd_line_scale': 1.7169026763232529, 'gd_line_alpha': 0.8401985946794981, 'coalescence_d_scale': 0.5212679408803221, 'capture_scale': 3.4618513861450912}. Best is trial 252 with value: 2.4555353218969995.
[I 2026-05-03 08:44:31,401] Trial 260 finished with value: 2.6517102821722354 and parameters: {'f_n': 1.7650276367263288e-07, 'K_d': 519388.8395360351, 'rho_d': 18803203059439.305, 'fission_rate': 5.065659212137277e+19, 'Dg_D1_scale': 1.1432702244092425, 'Dg_D3_scale': 0.20406213538630713, 'Dv_D1_scale': 0.32399924928669976, 'Dv_D2_scale': 3.4460188217727072, 'b_bulk_scale': 0.19760018336695262, 'b_dislocation_scale': 0.07686979394937375, 'gb_scale': 2.889299651234652, 'gd_bubble_scale': 1.4632547262795592, 'gd_line_scale': 1.5683138302656223, 'gd_line_alpha': 0.8252044324732852, 'coalescence_d_scale': 0.46426254942440315, 'capture_scale': 4.585312218857135}. Best is trial 252 with value: 2.4555353218969995.
[I 2026-05-03 08:44:37,091] Trial 261 finished with value: 2.493318283952683 and parameters: {'f_n': 1.0477588424649195e-07, 'K_d': 415374.0582600568, 'rho_d': 9642778539902.4, 'fission_rate': 5.280508396947984e+19, 'Dg_D1_scale': 1.11989421171829, 'Dg_D3_scale': 2.685455114738005, 'Dv_D1_scale': 0.26329424702056237, 'Dv_D2_scale': 3.7596440613795803, 'b_bulk_scale': 0.1371143016343762, 'b_dislocation_scale': 0.06066920457073753, 'gb_scale': 2.065750478869929, 'gd_bubble_scale': 1.2873380681686697, 'gd_line_scale': 1.9640745044249606, 'gd_line_alpha': 0.8045459073130227, 'coalescence_d_scale': 0.694459846352849, 'capture_scale': 5.274294724735021}. Best is trial 252 with value: 2.4555353218969995.
[I 2026-05-03 08:44:40,820] Trial 262 finished with value: 2.498044056924083 and parameters: {'f_n': 1.0296962891093973e-07, 'K_d': 427267.9382765999, 'rho_d': 9528342786771.752, 'fission_rate': 5.327915669683645e+19, 'Dg_D1_scale': 1.128632065158739, 'Dg_D3_scale': 2.334627805879826, 'Dv_D1_scale': 0.2638857194659673, 'Dv_D2_scale': 3.281355782896185, 'b_bulk_scale': 0.1400322815860965, 'b_dislocation_scale': 0.05985113360318642, 'gb_scale': 2.039092063758172, 'gd_bubble_scale': 1.2446704801775406, 'gd_line_scale': 2.4564179184836057, 'gd_line_alpha': 0.8806618485847363, 'coalescence_d_scale': 0.7396027466155021, 'capture_scale': 4.003527473327888}. Best is trial 252 with value: 2.4555353218969995.
[I 2026-05-03 08:44:46,461] Trial 263 finished with value: 4.267073852416123 and parameters: {'f_n': 4.602176795758471e-10, 'K_d': 277494.5525483815, 'rho_d': 8284263586731.043, 'fission_rate': 5.272445634935601e+19, 'Dg_D1_scale': 1.108647051710041, 'Dg_D3_scale': 2.7074070347238988, 'Dv_D1_scale': 0.26228234271667933, 'Dv_D2_scale': 3.311901730092167, 'b_bulk_scale': 0.1328992956406336, 'b_dislocation_scale': 0.061282247090333225, 'gb_scale': 2.0363045013546452, 'gd_bubble_scale': 1.2664756209664851, 'gd_line_scale': 2.560479866836566, 'gd_line_alpha': 0.8650489960659347, 'coalescence_d_scale': 0.8132140682645542, 'capture_scale': 4.006596921545783}. Best is trial 252 with value: 2.4555353218969995.
