[I 2026-05-03 08:44:52,256] Trial 264 finished with value: 4.297732376853582 and parameters: {'f_n': 1.2245915823443355e-08, 'K_d': 465400.9927322203, 'rho_d': 20380308513814.105, 'fission_rate': 5.225373209750517e+19, 'Dg_D1_scale': 0.8146659439380679, 'Dg_D3_scale': 2.4269543578013226, 'Dv_D1_scale': 0.27257963435131055, 'Dv_D2_scale': 3.591190328269506, 'b_bulk_scale': 0.14329760097318972, 'b_dislocation_scale': 0.06702972990565112, 'gb_scale': 2.1539018184520553, 'gd_bubble_scale': 1.6001749403558245, 'gd_line_scale': 2.3153455201011375, 'gd_line_alpha': 0.8071033303487996, 'coalescence_d_scale': 0.7099552326954797, 'capture_scale': 5.242160105721962}. Best is trial 252 with value: 2.4555353218969995.Best trial: 252. Best value: 2.45554:  88%|████████▊ | 264/300 [21:20<03:07,  5.19s/it]Best trial: 252. Best value: 2.45554:  88%|████████▊ | 264/300 [21:20<03:07,  5.19s/it]Best trial: 252. Best value: 2.45554:  88%|████████▊ | 265/300 [21:20<03:08,  5.37s/it]                                                                                       Best trial: 252. Best value: 2.45554:  88%|████████▊ | 265/300 [21:26<03:08,  5.37s/it]Best trial: 252. Best value: 2.45554:  88%|████████▊ | 265/300 [21:26<03:08,  5.37s/it]Best trial: 252. Best value: 2.45554:  89%|████████▊ | 266/300 [21:26<03:06,  5.47s/it]                                                                                       Best trial: 252. Best value: 2.45554:  89%|████████▊ | 266/300 [21:32<03:06,  5.47s/it]Best trial: 252. Best value: 2.45554:  89%|████████▊ | 266/300 [21:32<03:06,  5.47s/it]Best trial: 252. Best value: 2.45554:  89%|████████▉ | 267/300 [21:32<03:04,  5.59s/it]                                                                                       Best trial: 252. Best value: 2.45554:  89%|████████▉ | 267/300 [21:37<03:04,  5.59s/it]Best trial: 252. Best value: 2.45554:  89%|████████▉ | 267/300 [21:37<03:04,  5.59s/it]Best trial: 252. Best value: 2.45554:  89%|████████▉ | 268/300 [21:37<02:59,  5.62s/it]                                                                                       Best trial: 252. Best value: 2.45554:  89%|████████▉ | 268/300 [21:41<02:59,  5.62s/it]Best trial: 252. Best value: 2.45554:  89%|████████▉ | 268/300 [21:41<02:59,  5.62s/it]Best trial: 252. Best value: 2.45554:  90%|████████▉ | 269/300 [21:41<02:35,  5.02s/it]                                                                                       Best trial: 252. Best value: 2.45554:  90%|████████▉ | 269/300 [21:47<02:35,  5.02s/it]Best trial: 252. Best value: 2.45554:  90%|████████▉ | 269/300 [21:47<02:35,  5.02s/it]Best trial: 252. Best value: 2.45554:  90%|█████████ | 270/300 [21:47<02:39,  5.32s/it]                                                                                       Best trial: 252. Best value: 2.45554:  90%|█████████ | 270/300 [21:53<02:39,  5.32s/it]Best trial: 252. Best value: 2.45554:  90%|█████████ | 270/300 [21:53<02:39,  5.32s/it]Best trial: 252. Best value: 2.45554:  90%|█████████ | 271/300 [21:53<02:37,  5.45s/it]                                                                                       Best trial: 252. Best value: 2.45554:  90%|█████████ | 271/300 [21:59<02:37,  5.45s/it]Best trial: 252. Best value: 2.45554:  90%|█████████ | 271/300 [21:59<02:37,  5.45s/it]Best trial: 252. Best value: 2.45554:  91%|█████████ | 272/300 [21:59<02:35,  5.57s/it]                                                                                       Best trial: 252. Best value: 2.45554:  91%|█████████ | 272/300 [22:02<02:35,  5.57s/it]Best trial: 252. Best value: 2.45554:  91%|█████████ | 272/300 [22:02<02:35,  5.57s/it]Best trial: 252. Best value: 2.45554:  91%|█████████ | 273/300 [22:02<02:15,  5.03s/it]                                                                                       Best trial: 252. Best value: 2.45554:  91%|█████████ | 273/300 [22:08<02:15,  5.03s/it]Best trial: 252. Best value: 2.45554:  91%|█████████ | 273/300 [22:08<02:15,  5.03s/it]Best trial: 252. Best value: 2.45554:  91%|█████████▏| 274/300 [22:08<02:15,  5.22s/it]                                                                                       Best trial: 252. Best value: 2.45554:  91%|█████████▏| 274/300 [22:12<02:15,  5.22s/it]Best trial: 252. Best value: 2.45554:  91%|█████████▏| 274/300 [22:12<02:15,  5.22s/it]Best trial: 252. Best value: 2.45554:  92%|█████████▏| 275/300 [22:12<01:58,  4.76s/it]                                                                                       Best trial: 252. Best value: 2.45554:  92%|█████████▏| 275/300 [22:18<01:58,  4.76s/it]Best trial: 252. Best value: 2.45554:  92%|█████████▏| 275/300 [22:18<01:58,  4.76s/it]Best trial: 252. Best value: 2.45554:  92%|█████████▏| 276/300 [22:18<02:02,  5.11s/it]                                                                                       
[I 2026-05-03 08:44:57,955] Trial 265 finished with value: 2.5494553326491056 and parameters: {'f_n': 2.2965317538878383e-07, 'K_d': 430227.93709663727, 'rho_d': 8494438221927.888, 'fission_rate': 5.444782120040029e+19, 'Dg_D1_scale': 1.2150862326941119, 'Dg_D3_scale': 2.144917633122662, 'Dv_D1_scale': 0.2991387822251511, 'Dv_D2_scale': 3.7675690612130643, 'b_bulk_scale': 0.15165780038408933, 'b_dislocation_scale': 0.059654564831322324, 'gb_scale': 1.8582819393712733, 'gd_bubble_scale': 2.1375938949658444, 'gd_line_scale': 2.230231307699952, 'gd_line_alpha': 0.8816106392810449, 'coalescence_d_scale': 0.7415628029237369, 'capture_scale': 4.158661265373401}. Best is trial 252 with value: 2.4555353218969995.
[I 2026-05-03 08:45:03,810] Trial 266 finished with value: 3.3721390913804425 and parameters: {'f_n': 1.0276885191641884e-07, 'K_d': 407414.4776366299, 'rho_d': 23233964119627.48, 'fission_rate': 5.214713929816427e+19, 'Dg_D1_scale': 1.1258694875693416, 'Dg_D3_scale': 3.1780058310733494, 'Dv_D1_scale': 0.37667322089956623, 'Dv_D2_scale': 3.474820750787039, 'b_bulk_scale': 0.12547695506948697, 'b_dislocation_scale': 0.06995256070402664, 'gb_scale': 2.526728276381857, 'gd_bubble_scale': 1.2498917903645315, 'gd_line_scale': 1.9623459340538754, 'gd_line_alpha': 0.7647881283721691, 'coalescence_d_scale': 1.3220800069594545, 'capture_scale': 5.494941114251785}. Best is trial 252 with value: 2.4555353218969995.
[I 2026-05-03 08:45:09,499] Trial 267 finished with value: 3.4809777325622018 and parameters: {'f_n': 1.5975762169918496e-07, 'K_d': 288718.0315308201, 'rho_d': 7358843764744.208, 'fission_rate': 5.295932415464875e+19, 'Dg_D1_scale': 1.2886418304375789, 'Dg_D3_scale': 2.834281353559043, 'Dv_D1_scale': 0.2570433384427531, 'Dv_D2_scale': 3.170740354107641, 'b_bulk_scale': 0.14232053840149858, 'b_dislocation_scale': 0.0654411702181488, 'gb_scale': 0.1508880692000458, 'gd_bubble_scale': 1.3904057306897215, 'gd_line_scale': 2.061246413724313, 'gd_line_alpha': 0.8360316757055956, 'coalescence_d_scale': 0.6818971591050804, 'capture_scale': 3.6483815740489836}. Best is trial 252 with value: 2.4555353218969995.
[I 2026-05-03 08:45:13,141] Trial 268 finished with value: 2.5405865486740313 and parameters: {'f_n': 3.0479640573187756e-07, 'K_d': 260602.31225255955, 'rho_d': 21221975687897.367, 'fission_rate': 5.562182083929043e+19, 'Dg_D1_scale': 0.986229140497318, 'Dg_D3_scale': 1.3249237976558292, 'Dv_D1_scale': 0.3385904848824569, 'Dv_D2_scale': 3.8037142181731918, 'b_bulk_scale': 0.16209653635768154, 'b_dislocation_scale': 0.05659922894345084, 'gb_scale': 2.2251933848475622, 'gd_bubble_scale': 1.7671310104454152, 'gd_line_scale': 1.3343458994089026, 'gd_line_alpha': 0.8536097214590505, 'coalescence_d_scale': 1.0598364708258408, 'capture_scale': 4.597341390606434}. Best is trial 252 with value: 2.4555353218969995.
[I 2026-05-03 08:45:19,127] Trial 269 finished with value: 3.153930763052422 and parameters: {'f_n': 2.313250069046669e-07, 'K_d': 245612.95228292482, 'rho_d': 8834524687341.14, 'fission_rate': 4.9764890142970135e+19, 'Dg_D1_scale': 0.9107052290925657, 'Dg_D3_scale': 0.2293721767438227, 'Dv_D1_scale': 0.28280198641065907, 'Dv_D2_scale': 3.346976230188664, 'b_bulk_scale': 0.11549602731809046, 'b_dislocation_scale': 0.07303888023797075, 'gb_scale': 1.983661365970958, 'gd_bubble_scale': 1.185555362007303, 'gd_line_scale': 1.8669522336605193, 'gd_line_alpha': 0.8785165014820608, 'coalescence_d_scale': 0.6020087438017614, 'capture_scale': 5.154668510155498}. Best is trial 252 with value: 2.4555353218969995.
[I 2026-05-03 08:45:24,882] Trial 270 finished with value: 3.172532966250819 and parameters: {'f_n': 1.216259481140066e-07, 'K_d': 373770.25074595015, 'rho_d': 19361300343313.92, 'fission_rate': 5.330169516753905e+19, 'Dg_D1_scale': 3.7095460536850657, 'Dg_D3_scale': 3.0059733585487782, 'Dv_D1_scale': 0.32264723282680224, 'Dv_D2_scale': 3.5666425893773774, 'b_bulk_scale': 0.14441415690970053, 'b_dislocation_scale': 0.04974340075368841, 'gb_scale': 1.791014140321203, 'gd_bubble_scale': 1.0589665928718193, 'gd_line_scale': 1.4904742528137027, 'gd_line_alpha': 0.7991307986861915, 'coalescence_d_scale': 0.612671238316102, 'capture_scale': 3.8253218534229783}. Best is trial 252 with value: 2.4555353218969995.
[I 2026-05-03 08:45:30,731] Trial 271 finished with value: 3.3907297230707805 and parameters: {'f_n': 1.6926718890316484e-07, 'K_d': 232781.37018170103, 'rho_d': 9841783029282.033, 'fission_rate': 5.143270487900333e+19, 'Dg_D1_scale': 1.0722513152750641, 'Dg_D3_scale': 2.671607207321841, 'Dv_D1_scale': 3.158902441361508, 'Dv_D2_scale': 3.787409643098145, 'b_bulk_scale': 0.12925084541356238, 'b_dislocation_scale': 0.0627416699434201, 'gb_scale': 2.6411998656898854, 'gd_bubble_scale': 1.4911436999734307, 'gd_line_scale': 1.6974830119735502, 'gd_line_alpha': 0.7397677957198612, 'coalescence_d_scale': 0.8996302114064485, 'capture_scale': 0.01794989323768277}. Best is trial 252 with value: 2.4555353218969995.
[I 2026-05-03 08:45:34,504] Trial 272 finished with value: 5.330930922412691 and parameters: {'f_n': 1.979314786657908e-07, 'K_d': 279416.9117218839, 'rho_d': 9318704409628.46, 'fission_rate': 5.424489716237783e+19, 'Dg_D1_scale': 1.2037653605956669, 'Dg_D3_scale': 0.1913968158158521, 'Dv_D1_scale': 0.24458350764610423, 'Dv_D2_scale': 3.1248729165218916, 'b_bulk_scale': 0.16988340091785786, 'b_dislocation_scale': 1.1845310361512182, 'gb_scale': 3.0717737330036847, 'gd_bubble_scale': 1.3418835876523938, 'gd_line_scale': 2.4771046402987875, 'gd_line_alpha': 0.8485840046433544, 'coalescence_d_scale': 0.48845391920347647, 'capture_scale': 4.494278777581506}. Best is trial 252 with value: 2.4555353218969995.
[I 2026-05-03 08:45:40,181] Trial 273 finished with value: 2.8599199073937016 and parameters: {'f_n': 1.3262674355474473e-07, 'K_d': 220798.43309183468, 'rho_d': 9168420647470.895, 'fission_rate': 5.493303529318028e+19, 'Dg_D1_scale': 1.368702394053646, 'Dg_D3_scale': 2.5771567431094833, 'Dv_D1_scale': 0.35540610153859836, 'Dv_D2_scale': 3.5674157079210214, 'b_bulk_scale': 0.15351678745089894, 'b_dislocation_scale': 0.07716463674702817, 'gb_scale': 2.279560663370963, 'gd_bubble_scale': 1.7773729018472442, 'gd_line_scale': 2.015043921151256, 'gd_line_alpha': 0.8143679945989231, 'coalescence_d_scale': 0.6547979485754847, 'capture_scale': 3.337493181652494}. Best is trial 252 with value: 2.4555353218969995.
[I 2026-05-03 08:45:43,847] Trial 274 finished with value: 2.9728329592545424 and parameters: {'f_n': 9.211781403081168e-08, 'K_d': 260207.1858588832, 'rho_d': 10046916267186.412, 'fission_rate': 5.646737631638288e+19, 'Dg_D1_scale': 1.028767408962843, 'Dg_D3_scale': 1.4867797049011293, 'Dv_D1_scale': 0.2975661546875421, 'Dv_D2_scale': 3.359096996478381, 'b_bulk_scale': 0.1312847992406578, 'b_dislocation_scale': 0.05550986664646864, 'gb_scale': 2.0335824555551736, 'gd_bubble_scale': 0.30987318970055905, 'gd_line_scale': 1.2324076701051634, 'gd_line_alpha': 0.7826811229403503, 'coalescence_d_scale': 0.5322682745408319, 'capture_scale': 5.776239975907058}. Best is trial 252 with value: 2.4555353218969995.
[I 2026-05-03 08:45:49,775] Trial 275 finished with value: 2.521258350207467 and parameters: {'f_n': 4.0659610955561007e-07, 'K_d': 291534.0266898633, 'rho_d': 20149411753260.027, 'fission_rate': 5.201290426824155e+19, 'Dg_D1_scale': 1.153038150017863, 'Dg_D3_scale': 0.230925178158293, 'Dv_D1_scale': 0.26787472065591295, 'Dv_D2_scale': 3.820594543666387, 'b_bulk_scale': 0.22842024455848797, 'b_dislocation_scale': 0.06673700713981692, 'gb_scale': 3.867088711232613, 'gd_bubble_scale': 1.234377364013861, 'gd_line_scale': 1.6172412738700757, 'gd_line_alpha': 0.8872713210988271, 'coalescence_d_scale': 0.7659148193720786, 'capture_scale': 3.9414743538203925}. Best is trial 252 with value: 2.4555353218969995.
[I 2026-05-03 08:45:55,670] Trial 276 finished with value: 2.934419246624749 and parameters: {'f_n': 2.534228336040674e-07, 'K_d': 427331.430957091, 'rho_d': 7815192825835.554, 'fission_rate': 5.341436920480832e+19, 'Dg_D1_scale': 1.2492409492453151, 'Dg_D3_scale': 0.964077757397638, 'Dv_D1_scale': 0.38944369890939606, 'Dv_D2_scale': 3.986116536652321, 'b_bulk_scale': 0.11299658608391305, 'b_dislocation_scale': 0.07761651162050566, 'gb_scale': 1.7241165382242916, 'gd_bubble_scale': 1.9572384197088315, 'gd_line_scale': 2.078312925152129, 'gd_line_alpha': 0.8359701064751901, 'coalescence_d_scale': 0.4033505099948875, 'capture_scale': 2.588310923861094}. Best is trial 252 with value: 2.4555353218969995.Best trial: 252. Best value: 2.45554:  92%|█████████▏| 276/300 [22:23<02:02,  5.11s/it]Best trial: 252. Best value: 2.45554:  92%|█████████▏| 276/300 [22:24<02:02,  5.11s/it]Best trial: 252. Best value: 2.45554:  92%|█████████▏| 277/300 [22:24<02:02,  5.34s/it]                                                                                       Best trial: 252. Best value: 2.45554:  92%|█████████▏| 277/300 [22:29<02:02,  5.34s/it]Best trial: 252. Best value: 2.45554:  92%|█████████▏| 277/300 [22:29<02:02,  5.34s/it]Best trial: 252. Best value: 2.45554:  93%|█████████▎| 278/300 [22:29<02:01,  5.51s/it]                                                                                       Best trial: 252. Best value: 2.45554:  93%|█████████▎| 278/300 [22:35<02:01,  5.51s/it]Best trial: 252. Best value: 2.45554:  93%|█████████▎| 278/300 [22:35<02:01,  5.51s/it]Best trial: 252. Best value: 2.45554:  93%|█████████▎| 279/300 [22:35<01:57,  5.59s/it]                                                                                       Best trial: 252. Best value: 2.45554:  93%|█████████▎| 279/300 [22:39<01:57,  5.59s/it]Best trial: 252. Best value: 2.45554:  93%|█████████▎| 279/300 [22:39<01:57,  5.59s/it]Best trial: 252. Best value: 2.45554:  93%|█████████▎| 280/300 [22:39<01:38,  4.94s/it]                                                                                       Best trial: 252. Best value: 2.45554:  93%|█████████▎| 280/300 [22:43<01:38,  4.94s/it]Best trial: 252. Best value: 2.45554:  93%|█████████▎| 280/300 [22:43<01:38,  4.94s/it]Best trial: 252. Best value: 2.45554:  94%|█████████▎| 281/300 [22:43<01:28,  4.68s/it]                                                                                       Best trial: 252. Best value: 2.45554:  94%|█████████▎| 281/300 [22:48<01:28,  4.68s/it]Best trial: 252. Best value: 2.45554:  94%|█████████▎| 281/300 [22:48<01:28,  4.68s/it]Best trial: 252. Best value: 2.45554:  94%|█████████▍| 282/300 [22:48<01:28,  4.92s/it]                                                                                       Best trial: 252. Best value: 2.45554:  94%|█████████▍| 282/300 [22:54<01:28,  4.92s/it]Best trial: 252. Best value: 2.45554:  94%|█████████▍| 282/300 [22:54<01:28,  4.92s/it]Best trial: 252. Best value: 2.45554:  94%|█████████▍| 283/300 [22:54<01:29,  5.26s/it]                                                                                       Best trial: 252. Best value: 2.45554:  94%|█████████▍| 283/300 [23:00<01:29,  5.26s/it]Best trial: 252. Best value: 2.45554:  94%|█████████▍| 283/300 [23:00<01:29,  5.26s/it]Best trial: 252. Best value: 2.45554:  95%|█████████▍| 284/300 [23:00<01:26,  5.38s/it]                                                                                       Best trial: 252. Best value: 2.45554:  95%|█████████▍| 284/300 [23:05<01:26,  5.38s/it]Best trial: 252. Best value: 2.45554:  95%|█████████▍| 284/300 [23:05<01:26,  5.38s/it]Best trial: 252. Best value: 2.45554:  95%|█████████▌| 285/300 [23:05<01:21,  5.43s/it]                                                                                       Best trial: 252. Best value: 2.45554:  95%|█████████▌| 285/300 [23:09<01:21,  5.43s/it]Best trial: 252. Best value: 2.45554:  95%|█████████▌| 285/300 [23:09<01:21,  5.43s/it]Best trial: 252. Best value: 2.45554:  95%|█████████▌| 286/300 [23:09<01:09,  4.96s/it]                                                                                       Best trial: 252. Best value: 2.45554:  95%|█████████▌| 286/300 [23:15<01:09,  4.96s/it]Best trial: 252. Best value: 2.45554:  95%|█████████▌| 286/300 [23:15<01:09,  4.96s/it]Best trial: 252. Best value: 2.45554:  96%|█████████▌| 287/300 [23:15<01:07,  5.21s/it]                                                                                       Best trial: 252. Best value: 2.45554:  96%|█████████▌| 287/300 [23:21<01:07,  5.21s/it]Best trial: 252. Best value: 2.45554:  96%|█████████▌| 287/300 [23:21<01:07,  5.21s/it]Best trial: 252. Best value: 2.45554:  96%|█████████▌| 288/300 [23:21<01:03,  5.30s/it]                                                                                       
[I 2026-05-03 08:46:01,576] Trial 277 finished with value: 2.7288239513111323 and parameters: {'f_n': 1.0773036081136462e-07, 'K_d': 268830.70682724105, 'rho_d': 16640454608898.764, 'fission_rate': 5.3879371365649424e+19, 'Dg_D1_scale': 1.1013406223358908, 'Dg_D3_scale': 0.18004222018979874, 'Dv_D1_scale': 0.31144106044072345, 'Dv_D2_scale': 3.5995052731926505, 'b_bulk_scale': 0.1405578299450799, 'b_dislocation_scale': 0.05984995458837129, 'gb_scale': 2.7579433667412605, 'gd_bubble_scale': 1.5094402774593922, 'gd_line_scale': 1.092216520098314, 'gd_line_alpha': 0.8639241216786532, 'coalescence_d_scale': 0.545133508213053, 'capture_scale': 0.07580605070492678}. Best is trial 252 with value: 2.4555353218969995.
[I 2026-05-03 08:46:07,341] Trial 278 finished with value: 2.478941332611435 and parameters: {'f_n': 1.4025658510317794e-07, 'K_d': 247324.55999794614, 'rho_d': 18148248151890.996, 'fission_rate': 5.249748331620278e+19, 'Dg_D1_scale': 1.2735083129207878, 'Dg_D3_scale': 0.16311432571625042, 'Dv_D1_scale': 0.2560093964247872, 'Dv_D2_scale': 3.18967560911289, 'b_bulk_scale': 0.15887450900022107, 'b_dislocation_scale': 0.06995239396446346, 'gb_scale': 2.515812342569595, 'gd_bubble_scale': 1.0397648279072151, 'gd_line_scale': 1.8377706885117615, 'gd_line_alpha': 0.8087242470470878, 'coalescence_d_scale': 0.4461683339624227, 'capture_scale': 6.77279647252218}. Best is trial 252 with value: 2.4555353218969995.
[I 2026-05-03 08:46:10,757] Trial 279 finished with value: 4.74489820471268 and parameters: {'f_n': 1.427142092332946e-07, 'K_d': 245518.30838611838, 'rho_d': 18143352239258.242, 'fission_rate': 5.263190433925495e+19, 'Dg_D1_scale': 0.963207781254857, 'Dg_D3_scale': 0.16087164838094106, 'Dv_D1_scale': 0.23627427831383935, 'Dv_D2_scale': 3.1043694559195933, 'b_bulk_scale': 0.1536695054328698, 'b_dislocation_scale': 0.5644205168805361, 'gb_scale': 2.4568464275015076, 'gd_bubble_scale': 1.0172120826591047, 'gd_line_scale': 1.8477076082426185, 'gd_line_alpha': 0.8043135532988109, 'coalescence_d_scale': 0.4691620807908291, 'capture_scale': 6.824266658877579}. Best is trial 252 with value: 2.4555353218969995.
[I 2026-05-03 08:46:14,844] Trial 280 finished with value: 3.0717695618477183 and parameters: {'f_n': 1.8612974753282827e-07, 'K_d': 493081.9419527151, 'rho_d': 19373644127855.316, 'fission_rate': 5.130570897841619e+19, 'Dg_D1_scale': 1.3935208977109292, 'Dg_D3_scale': 1.8040843744237398, 'Dv_D1_scale': 0.2553663465446243, 'Dv_D2_scale': 3.2068360325798797, 'b_bulk_scale': 0.17227619228324165, 'b_dislocation_scale': 0.0454728784271487, 'gb_scale': 3.3727703298961758, 'gd_bubble_scale': 1.1175939704493623, 'gd_line_scale': 2.285470728803658, 'gd_line_alpha': 0.974800045633803, 'coalescence_d_scale': 0.6398589518464923, 'capture_scale': 7.653611440021192}. Best is trial 252 with value: 2.4555353218969995.
[I 2026-05-03 08:46:20,325] Trial 281 finished with value: 2.6938735541035874 and parameters: {'f_n': 1.141661314379381e-07, 'K_d': 231129.96423121402, 'rho_d': 22120833629947.645, 'fission_rate': 5.510177937690629e+19, 'Dg_D1_scale': 1.1643988776594745, 'Dg_D3_scale': 0.1662534523932356, 'Dv_D1_scale': 0.2800571315874489, 'Dv_D2_scale': 3.360523082370996, 'b_bulk_scale': 0.1258748526266069, 'b_dislocation_scale': 0.05347838943354128, 'gb_scale': 2.163578102092557, 'gd_bubble_scale': 0.9546402189872184, 'gd_line_scale': 1.7421603355144073, 'gd_line_alpha': 0.8895256382059064, 'coalescence_d_scale': 0.43345926892437153, 'capture_scale': 5.888222039474715}. Best is trial 252 with value: 2.4555353218969995.
