number,value,params_Dg_dislocation_scale,params_Dv_dislocation_scale,params_K_d,params_f_n,params_first_gas_pressure_factor,params_rho_T_amp_scale,params_rho_T_shift,params_rho_T_tau_scale,params_rho_blank_def_scale,params_rho_blank_scale,params_rho_const_scale,params_rho_mode,user_attrs_error,user_attrs_failed,user_attrs_first_gas_pressure_factor,user_attrs_max_Rd_nm,user_attrs_max_f_cap_step,user_attrs_max_psi_d,user_attrs_min_Nd,user_attrs_rho_cfg,user_attrs_score_Nd_drop,user_attrs_score_guards,user_attrs_score_partition,user_attrs_score_pressure,user_attrs_score_radius_T,user_attrs_score_swelling_T,user_attrs_score_swelling_burnup,state
100,2406.646703997393,1.329142860922681,2.699438421995964,884827.8037018941,2.6755079585091662e-06,0.37490745505229645,1.266867290922598,51.46370661353865,1.2028877800309576,1.027493526942916,,,blank_sat_deformed,,,0.37490745505229645,37003.843960036254,0.0,0.9264057821794257,3746059223183.4253,"{""rho_mode"": ""blank_sat_deformed"", ""rho_blank_def_scale"": 1.027493526942916, ""rho_T_shift"": 51.46370661353865, ""rho_T_tau_scale"": 1.2028877800309576, ""rho_T_amp_scale"": 1.266867290922598, ""rho_max"": 1000000000000000.0, ""rho_fab_base"": 30000000000000.0, ""first_gas_pressure_factor"": 0.37490745505229645}",0.31405166779265314,472.3005113304737,0.4404979477049956,0.2055930195479892,0.8428957021652949,0.8574038068751705,1.0250874460034556,COMPLETE
101,9589.00926515776,4.529420270240976,4.1062214803040655,1129736.7198456053,7.827882923056543e-07,0.2648566700257119,,,,,1.9021277303405233,,blank_sat,,,0.2648566700257119,73055.305183563,0.0,0.9509549454286651,526545537751.04016,"{""rho_mode"": ""blank_sat"", ""rho_blank_scale"": 1.9021277303405233, ""rho_max"": 1000000000000000.0, ""rho_fab_base"": 30000000000000.0, ""first_gas_pressure_factor"": 0.2648566700257119}",0.31562103776859524,1908.9735454885029,7.100659686725892,0.27835383780139894,0.3966564017592787,0.5018897816262369,0.4659066130791296,COMPLETE
102,49.109722742213094,4.549084689905429,3.6534016832359315,2871674.654657322,1.0022724031299493e-06,0.13573837678633066,,,,,1.8258905408106756,,blank_sat,,,0.13573837678633066,59.10813953625696,0.0,0.6027780300784031,1.2161422373751759e+20,"{""rho_mode"": ""blank_sat"", ""rho_blank_scale"": 1.8258905408106756, ""rho_max"": 1000000000000000.0, ""rho_fab_base"": 30000000000000.0, ""first_gas_pressure_factor"": 0.13573837678633066}",0.11305130519332333,0.0,6.381304290857485,0.000864151820822276,0.7739208998001715,0.32267940773047454,0.2372049166085202,COMPLETE
103,95.01808682336558,2.018578941955594,1.2038554933693653,2127782.7595654484,3.90686859647334e-07,0.553329844986387,,,,,1.6316682082390206,,blank_sat,,,0.553329844986387,6820.4802806608195,0.0,0.9267827409332293,598963462016866.4,"{""rho_mode"": ""blank_sat"", ""rho_blank_scale"": 1.6316682082390206, ""rho_max"": 1000000000000000.0, ""rho_fab_base"": 30000000000000.0, ""first_gas_pressure_factor"": 0.553329844986387}",0.08312961191794846,10.791507497689942,3.1794267529390168,0.07191234359393894,0.8284065391459876,0.31011084717860604,0.35437880859416016,COMPLETE
104,51.24536945581788,1.5139217918600505,2.3760588218821312,1242622.0447854972,5.234707192200407e-07,0.8820990468208333,1.9669253390385975,151.04962789322394,0.8233708498100851,2.1908218945346287,,,blank_sat_deformed,,,0.8820990468208333,54.09781619993537,0.0,0.5877862375467684,4.0807816200413676e+18,"{""rho_mode"": ""blank_sat_deformed"", ""rho_blank_def_scale"": 2.1908218945346287, ""rho_T_shift"": 151.04962789322394, ""rho_T_tau_scale"": 0.8233708498100851, ""rho_T_amp_scale"": 1.9669253390385975, ""rho_max"": 1000000000000000.0, ""rho_fab_base"": 30000000000000.0, ""first_gas_pressure_factor"": 0.8820990468208333}",0.14414761192759906,0.0,6.890756530090492,0.0019471146609991135,0.7465008969261511,0.39264742442370304,0.25110354866300977,COMPLETE
105,57.012925498703034,6.416485496986111,2.3530239958716157,2672667.820103057,4.362246881925363e-07,0.4460990240695335,,,,,2.8440286811939286,,blank_sat,,,0.4460990240695335,42.19399302716,0.0,0.549497143934696,1.7376843844309942e+20,"{""rho_mode"": ""blank_sat"", ""rho_blank_scale"": 2.8440286811939286, ""rho_max"": 1000000000000000.0, ""rho_fab_base"": 30000000000000.0, ""first_gas_pressure_factor"": 0.4460990240695335}",0.16006510563525597,0.0,8.35130846329645,0.0033960031619605837,0.7743304235388638,0.4182841582615674,0.2799756814368349,COMPLETE
106,61.80061986136198,1.2676037487065956,6.993235962720556,2093938.985810547,3.2718180487704174e-08,0.18009386327791543,2.960508800969414,19.98735484943451,1.1388467334950225,4.776166419341999,,,blank_sat_deformed,,,0.18009386327791543,29.198307288064466,0.0,0.4905254582074983,1.0867960625396376e+20,"{""rho_mode"": ""blank_sat_deformed"", ""rho_blank_def_scale"": 4.776166419341999, ""rho_T_shift"": 19.98735484943451, ""rho_T_tau_scale"": 1.1388467334950225, ""rho_T_amp_scale"": 2.960508800969414, ""rho_max"": 1000000000000000.0, ""rho_fab_base"": 30000000000000.0, ""first_gas_pressure_factor"": 0.18009386327791543}",0.2448953562799364,0.0,8.164297699119277,0.0003124026644344762,0.9860063010385068,0.3717192302998855,0.17039304604682975,COMPLETE
107,837.8150729135361,1.9452660475313182,4.456726701146786,2660560.4619351467,2.743229143585167e-06,0.10773584033641344,,,,,1.2800075829492623,,blank_sat,,,0.10773584033641344,21996.81583009715,0.0,0.9651171124798457,20163781524405.51,"{""rho_mode"": ""blank_sat"", ""rho_blank_scale"": 1.2800075829492623, ""rho_max"": 1000000000000000.0, ""rho_fab_base"": 30000000000000.0, ""first_gas_pressure_factor"": 0.10773584033641344}",0.10603616847365456,157.15906169625035,0.7689044870349989,0.12110330791303776,1.1245791046982372,0.7435892536505405,0.9297713650716151,COMPLETE
108,1000000000.0,12.679048907724098,25.864847803453053,1017096.077513275,4.124441542054995e-08,0.9483702363485019,1.0472419017972665,155.61396684646638,0.5193562515243453,1.2856786577182235,,,blank_sat_deformed,"FloatingPointError('Non-finite swelling_d_percent at T=2200.0, bu=3.2: nan')",True,,,,,,,,,,,,,,COMPLETE
109,7913.083034679532,1.320621147069203,4.641341269880329,574007.3325330782,1.8516409269438426e-07,0.4261814916667448,,,,,1.337592265013249,,blank_sat,,,0.4261814916667448,66366.94328246677,0.0,0.9325393534634304,662304108423.9186,"{""rho_mode"": ""blank_sat"", ""rho_blank_scale"": 1.337592265013249, ""rho_max"": 1000000000000000.0, ""rho_fab_base"": 30000000000000.0, ""first_gas_pressure_factor"": 0.4261814916667448}",1.221362978108268,1577.571268559432,1.8446900742340102,0.30503133921447584,0.405772314117,0.31179544078064597,0.36783059227939413,COMPLETE
110,760886965059427.9,2.8651431217336647,10.248185645722396,1619700.2313919268,5.828690227793058e-07,0.15011917491504542,,,,,2.5344557103483143,,blank_sat,,,0.15011917491504542,20234050918.738506,0.0,32.61712727816602,2.872380695695217e-05,"{""rho_mode"": ""blank_sat"", ""rho_blank_scale"": 2.5344557103483143, ""rho_max"": 1000000000000000.0, ""rho_fab_base"": 30000000000000.0, ""first_gas_pressure_factor"": 0.15011917491504542}",0.10135590717371329,152177393011875.44,6.8846824808672045,2.0521081380241872,0.6399839302155513,0.4209355024623371,0.2910749309132453,COMPLETE
111,12153.39643747077,3.0896553033962286,4.551228660879461,1390871.1198292274,2.808339159363678e-07,0.24629013940377123,,,,,1.8313779013146603,,blank_sat,,,0.24629013940377123,82145.98622127563,0.0,0.9584504239021087,379193870118.97943,"{""rho_mode"": ""blank_sat"", ""rho_blank_scale"": 1.8313779013146603, ""rho_max"": 1000000000000000.0, ""rho_fab_base"": 30000000000000.0, ""first_gas_pressure_factor"": 0.24629013940377123}",0.08407390848619081,2422.0044860493413,6.4353911352804545,0.256459276235096,0.49973260560632693,0.4213770440163836,0.3498185392262749,COMPLETE
112,47.033876088161826,3.2884937810629653,1.7890797897578425,2822358.461727286,2.1535481256164837e-07,0.2505484587012089,,,,,1.6372383361626113,,blank_sat,,,0.2505484587012089,69.56008049686943,0.0,0.6292422268547176,1.0740930096753277e+20,"{""rho_mode"": ""blank_sat"", ""rho_blank_scale"": 1.6372383361626113, ""rho_max"": 1000000000000000.0, ""rho_fab_base"": 30000000000000.0, ""first_gas_pressure_factor"": 0.2505484587012089}",0.10398336646032968,0.0,6.115084579267095,0.00225710333979271,0.7460509573411315,0.3007034162527887,0.23877651850086523,COMPLETE
113,542.4531490795898,3.4021223198517974,2.0023930324768746,2613268.474334352,1.6520944149548428e-07,0.23071901848375648,,,,,1.1224301569661566,,blank_sat,,,0.23071901848375648,17879.975351131056,0.0,0.9384047235333045,34512879802937.883,"{""rho_mode"": ""blank_sat"", ""rho_blank_scale"": 1.1224301569661566, ""rho_max"": 1000000000000000.0, ""rho_fab_base"": 30000000000000.0, ""first_gas_pressure_factor"": 0.23071901848375648}",0.07763145558013138,100.51141499818394,4.506784899290617,0.11833861038520237,0.6766687936373592,0.2824649185887068,0.26920287172809976,COMPLETE
114,55.063468595334854,3.994752279285524,1.6876178190019278,2310202.3849880453,3.269221073477205e-07,0.3555485076610121,1.2955016300036537,69.67903611888852,0.8551474137534333,2.481225665217698,,,blank_sat_deformed,,,0.3555485076610121,45.42069749120593,0.0,0.5600547834144008,8.044555268451666e+19,"{""rho_mode"": ""blank_sat_deformed"", ""rho_blank_def_scale"": 2.481225665217698, ""rho_T_shift"": 69.67903611888852, ""rho_T_tau_scale"": 0.8551474137534333, ""rho_T_amp_scale"": 1.2955016300036537, ""rho_max"": 1000000000000000.0, ""rho_fab_base"": 30000000000000.0, ""first_gas_pressure_factor"": 0.3555485076610121}",0.15177791418976228,0.0,8.044079771216996,0.004498242541182025,0.7580128250635845,0.3916552717816992,0.2773518945062875,COMPLETE
115,77256.61376666173,2.2946069276769254,7.196170919929284,2172694.578879171,4.436047738218664e-08,0.314577878348239,,,,,1.376003358655752,,blank_sat,,,0.314577878348239,205268.4312288058,0.0,0.9738812711903522,25495465330.666542,"{""rho_mode"": ""blank_sat"", ""rho_blank_scale"": 1.376003358655752, ""rho_max"": 1000000000000000.0, ""rho_fab_base"": 30000000000000.0, ""first_gas_pressure_factor"": 0.314577878348239}",0.08626089211330028,15442.79117412367,5.646026832152878,0.2755143117832793,0.5995142343564954,0.35708087009470557,0.2741263564899654,COMPLETE
116,398.9295700462612,1.4970768267426968,1.0576224739251525,1049144.8121579504,1.3653513803858304e-06,0.663417701622644,,,,,1.795046665743159,,blank_sat,,,0.663417701622644,15384.955577417766,0.0,0.9166626285269831,50495331618628.03,"{""rho_mode"": ""blank_sat"", ""rho_blank_scale"": 1.795046665743159, ""rho_max"": 1000000000000000.0, ""rho_fab_base"": 30000000000000.0, ""first_gas_pressure_factor"": 0.663417701622644}",0.059743602183709554,72.34842958571164,1.5389006880296061,0.1393275529831997,0.777194709347588,0.4281579605169689,0.5225202087720744,COMPLETE
117,2.2226239321278464e+178,4.371039738802527,24.898484719787287,1786108.4276250598,2.2622807809727785e-06,0.9095128500370346,,,,,0.944380663814342,,blank_sat,,,0.9095128500370346,1.093593017842783e+92,0.0,1.7628631457311555e+83,1.818040861609681e-250,"{""rho_mode"": ""blank_sat"", ""rho_blank_scale"": 0.944380663814342, ""rho_max"": 1000000000000000.0, ""rho_fab_base"": 30000000000000.0, ""first_gas_pressure_factor"": 0.9095128500370346}",4.119312674222196,4.445247864255693e+177,1.9146138706653713,267.57094183579295,0.6744154565179112,0.3746357383431729,0.43295743265145226,COMPLETE
118,4874.440553547523,1.785785636542748,5.88603684656115,1406464.44925788,2.6553291065995927e-06,0.353151202104998,1.9499461812755534,181.25111393864523,2.9091930323454287,0.2667740478623228,,,blank_sat_deformed,,,0.353151202104998,52264.35391292923,0.0,0.930146021433232,1345699313472.8782,"{""rho_mode"": ""blank_sat_deformed"", ""rho_blank_def_scale"": 0.2667740478623228, ""rho_T_shift"": 181.25111393864523, ""rho_T_tau_scale"": 2.9091930323454287, ""rho_T_amp_scale"": 1.9499461812755534, ""rho_max"": 1000000000000000.0, ""rho_fab_base"": 30000000000000.0, ""first_gas_pressure_factor"": 0.353151202104998}",0.30966808626462616,960.2346228628035,1.4337024940309377,0.16242845991675292,0.9768432684550924,1.8663483394170202,2.0168044063715924,COMPLETE
119,102.05469370384064,3.8372561760170543,6.550294318033528,2429059.888051265,2.7808086297351365e-06,0.33258024486054594,,,,,,0.12261654473188574,constant,,,0.33258024486054594,85.2386302226718,0.0,0.27695980477072857,8.189402897662017e+18,"{""rho_mode"": ""constant"", ""rho_const_scale"": 0.12261654473188574, ""rho_max"": 1000000000000000.0, ""rho_fab_base"": 30000000000000.0, ""first_gas_pressure_factor"": 0.33258024486054594}",0.2443288560810221,0.0,5.502320693962077,7.4014132808365295e-09,0.967258970526706,2.6739980913378085,2.9278362439551366,COMPLETE
120,1525.1440015303117,2.429460159636904,2.650897665728006,2257851.452256094,9.333657368780212e-08,0.14938598281062382,,,,,0.20204701831725505,,blank_sat,,,0.14938598281062382,29574.76433740099,0.0,0.9120886264527914,7002588935269.747,"{""rho_mode"": ""blank_sat"", ""rho_blank_scale"": 0.20204701831725505, ""rho_max"": 1000000000000000.0, ""rho_fab_base"": 30000000000000.0, ""first_gas_pressure_factor"": 0.14938598281062382}",0.11195207821597755,294.8117597775231,1.1540067757874273,0.15985373411554601,0.7397032435071831,1.190665922755212,1.4029367817906901,COMPLETE
121,5425.1277426462075,1.3622756267731868,12.729723573728538,188220.95362919473,1.3369859530917583e-06,0.7484677244101517,,,,,,1.1517306091798656,constant,,,0.7484677244101517,52038.8080318707,0.0,0.9035524738959126,1249653205906.471,"{""rho_mode"": ""constant"", ""rho_const_scale"": 1.1517306091798656, ""rho_max"": 1000000000000000.0, ""rho_fab_base"": 30000000000000.0, ""first_gas_pressure_factor"": 0.7484677244101517}",0.009009366001142211,1080.4139492634843,1.1234180956730078,0.23606825503805565,0.2053630560014188,0.6241678685816036,0.802920052054167,COMPLETE
122,48.53225334340685,2.180554674024081,3.3346926336937166,2903469.7640664442,1.7535760813065526e-07,0.2898848651797136,,,,,1.9960227890049902,,blank_sat,,,0.2898848651797136,49.951749557123016,0.0,0.5700316750457265,1.3466550282600813e+20,"{""rho_mode"": ""blank_sat"", ""rho_blank_scale"": 1.9960227890049902, ""rho_max"": 1000000000000000.0, ""rho_fab_base"": 30000000000000.0, ""first_gas_pressure_factor"": 0.2898848651797136}",0.12397673468200361,0.0,5.671705019579087,0.0004973635991060509,0.8472485741423046,0.29019492694713966,0.2332967905175471,COMPLETE
123,60.07925965139645,2.206991113066068,3.5262369204837833,2505890.1397339883,1.843897936984556e-07,0.371174103223896,,,,,,9.787314138646641,constant,,,0.371174103223896,66.49009562497437,0.0,0.6194530011424314,1.9304813136065728e+20,"{""rho_mode"": ""constant"", ""rho_const_scale"": 9.787314138646641, ""rho_max"": 1000000000000000.0, ""rho_fab_base"": 30000000000000.0, ""first_gas_pressure_factor"": 0.371174103223896}",0.1510472114807181,0.0,6.421056999579703,0.0007780085093435934,1.1103084545732431,0.36092919237243976,0.2119495537615532,COMPLETE
124,43.70267399149301,1.0088916157445829,1.728911506942418,2443587.6315743625,3.2557135412760444e-08,0.4917676838735335,,,,,1.8470898979635106,,blank_sat,,,0.4917676838735335,60.146380788312854,0.0,0.5951844732237315,1.0539389865889245e+20,"{""rho_mode"": ""blank_sat"", ""rho_blank_scale"": 1.8470898979635106, ""rho_max"": 1000000000000000.0, ""rho_fab_base"": 30000000000000.0, ""first_gas_pressure_factor"": 0.4917676838735335}",0.10422698862744144,0.0,4.074126788658813,0.0006378789555137546,0.851679792804518,0.27947172312515495,0.28771400560869986,COMPLETE
125,3691.3547322226823,2.035824633802702,3.1621809156432055,1014940.5477165957,4.110128145138193e-08,0.5938599450847387,,,,,1.498134337464582,,blank_sat,,,0.5938599450847387,45697.92784550976,0.0,0.9367360544229413,2056238927799.7214,"{""rho_mode"": ""blank_sat"", ""rho_blank_scale"": 1.498134337464582, ""rho_max"": 1000000000000000.0, ""rho_fab_base"": 30000000000000.0, ""first_gas_pressure_factor"": 0.5938599450847387}",0.3360117592368134,730.8347678988517,5.8180862606322945,0.2517678779238796,0.35291335753402564,0.4161716773494153,0.3960259159753904,COMPLETE
126,53.88832594370303,1.3188363777506802,2.9817370700410466,2787744.2366732815,4.420833139671353e-08,0.49581035174085314,,,,,2.9451238376793993,,blank_sat,,,0.49581035174085314,38.66458157696606,0.0,0.5251081548154026,1.8980788376303452e+20,"{""rho_mode"": ""blank_sat"", ""rho_blank_scale"": 2.9451238376793993, ""rho_max"": 1000000000000000.0, ""rho_fab_base"": 30000000000000.0, ""first_gas_pressure_factor"": 0.49581035174085314}",0.1657465032280602,0.0,6.915238057731156,0.0006936084431524972,0.8892278490635557,0.30938984546911913,0.19441252916332474,COMPLETE
127,590.9188961670766,3.3502551472327613,2.9333634381658795,2826293.978002039,8.447818401846817e-07,0.6147888085926971,,,,,1.2140598575131507,,blank_sat,,,0.6147888085926971,18632.251413958395,0.0,0.9527789957417994,31922133308773.78,"{""rho_mode"": ""blank_sat"", ""rho_blank_scale"": 1.2140598575131507, ""rho_max"": 1000000000000000.0, ""rho_fab_base"": 30000000000000.0, ""first_gas_pressure_factor"": 0.6147888085926971}",0.08235927920522486,109.92710672251442,2.7799235401920703,0.11559416995428502,0.8509660628181707,0.34311681247304004,0.3954999903654345,COMPLETE
128,45.39865039162498,2.4081787889385997,1.4003845549280114,2662454.121088573,1.3956622348299142e-06,0.2148602667897979,,,,,1.7867754630775483,,blank_sat,,,0.2148602667897979,63.276370875805355,0.0,0.6108789122563877,1.1138573287621698e+20,"{""rho_mode"": ""blank_sat"", ""rho_blank_scale"": 1.7867754630775483, ""rho_max"": 1000000000000000.0, ""rho_fab_base"": 30000000000000.0, ""first_gas_pressure_factor"": 0.2148602667897979}",0.09535755105595987,0.0,2.8155071724471505,0.00023280665104495545,0.9699364640460062,0.368684036013929,0.43244265044573704,COMPLETE
129,54.15598105382297,4.937421340317665,1.7682557999039734,2323984.300081167,2.112596949841696e-06,0.2419690761549159,,,,,2.864309416855914,,blank_sat,,,0.2419690761549159,46.99809098254147,0.0,0.5662466381663892,1.536902916978807e+20,"{""rho_mode"": ""blank_sat"", ""rho_blank_scale"": 2.864309416855914, ""rho_max"": 1000000000000000.0, ""rho_fab_base"": 30000000000000.0, ""first_gas_pressure_factor"": 0.2419690761549159}",0.13808971962177832,0.0,7.745233107087385,0.003078804379960274,0.7782775970001805,0.3622212412795592,0.2554053327733677,COMPLETE
130,474.5565351987627,1.0362814883779314,1.0912276987935003,1147510.483931476,1.5170469657767745e-07,0.42129811690649577,1.256446469099727,-120.06153083471547,1.2283618333226654,0.9998439171285389,,,blank_sat_deformed,,,0.42129811690649577,16747.397055458237,0.0,0.9094913012037008,38235351659558.45,"{""rho_mode"": ""blank_sat_deformed"", ""rho_blank_def_scale"": 0.9998439171285389, ""rho_T_shift"": -120.06153083471547, ""rho_T_tau_scale"": 1.2283618333226654, ""rho_T_amp_scale"": 1.256446469099727, ""rho_max"": 1000000000000000.0, ""rho_fab_base"": 30000000000000.0, ""first_gas_pressure_factor"": 0.42129811690649577}",0.06783611796277121,87.27703051719436,0.8230645174849351,0.1445626115699276,0.754606989223375,0.6068469822144625,0.7485590687942306,COMPLETE
131,513.3047305438395,2.4804174157565746,1.253817937968888,1697779.8412556152,2.398935472276822e-06,0.3525152511466374,,,,,,1.6758347040442916,constant,,,0.3525152511466374,17416.8921782892,0.0,0.9020095917675308,33161400832255.105,"{""rho_mode"": ""constant"", ""rho_const_scale"": 1.6758347040442916, ""rho_max"": 1000000000000000.0, ""rho_fab_base"": 30000000000000.0, ""first_gas_pressure_factor"": 0.3525152511466374}",0.06220801587760061,94.9251964696937,0.3337860454356273,0.10557051445832102,0.8517647272686931,0.5610200942791855,0.7673718330224463,COMPLETE
132,2819.3103069092313,10.665563285182268,3.742295542641471,336082.49731647555,3.545872805834843e-08,0.12968434428038106,,,,,,0.3504246850903277,constant,,,0.12968434428038106,38333.710914927295,0.0,0.889245496596293,2980120492857.578,"{""rho_mode"": ""constant"", ""rho_const_scale"": 0.3504246850903277, ""rho_max"": 1000000000000000.0, ""rho_fab_base"": 30000000000000.0, ""first_gas_pressure_factor"": 0.12968434428038106}",1.1531522582044889,560.665241238125,0.8494998696005778,0.43845453119373184,0.17083842160699947,0.3397834390930954,0.49974901943704103,COMPLETE
133,57.1985022506654,2.6947150745691943,1.3928384685511601,2220161.312784168,6.160630684072832e-07,0.16463078670522455,,,,,1.7610785648138658,,blank_sat,,,0.16463078670522455,4195.736029136398,0.0,0.9315459988883166,2612761895804270.0,"{""rho_mode"": ""blank_sat"", ""rho_blank_scale"": 1.7610785648138658, ""rho_max"": 1000000000000000.0, ""rho_fab_base"": 30000000000000.0, ""first_gas_pressure_factor"": 0.16463078670522455}",0.08777181861815686,2.850125443629314,4.399095176870739,0.05338799198090244,0.7919430742324622,0.28046116127457055,0.2858001481513498,COMPLETE
134,51.96065795664448,1.3922092247959261,1.0859377916374935,2684655.9615629977,1.3338734902964025e-06,0.25339913138572334,,,,,1.6318095753979875,,blank_sat,,,0.25339913138572334,64.29444991002521,0.0,0.6082898035145391,1.0297505045502022e+20,"{""rho_mode"": ""blank_sat"", ""rho_blank_scale"": 1.6318095753979875, ""rho_max"": 1000000000000000.0, ""rho_fab_base"": 30000000000000.0, ""first_gas_pressure_factor"": 0.25339913138572334}",0.1055541105552209,0.0,1.0369676491931348,5.266681974345688e-06,1.155400243971948,0.6651388348936914,0.8321886700732263,COMPLETE
135,2272.145442423237,9.505916133827158,2.145836281484355,115909.84644074549,9.207110627793192e-08,0.9097440077630181,,,,,,9.257085541129038,constant,,,0.9097440077630181,35829.88687824519,0.0,0.903279979529411,3825095066474.6426,"{""rho_mode"": ""constant"", ""rho_const_scale"": 9.257085541129038, ""rho_max"": 1000000000000000.0, ""rho_fab_base"": 30000000000000.0, ""first_gas_pressure_factor"": 0.9097440077630181}",0.772760599847218,446.0628443371179,8.581790253222161,0.3718607344462884,0.061650483141879736,0.6353031688726662,0.7720310719014428,COMPLETE
