number,value,params_Dg_dislocation_scale,params_Dv_dislocation_scale,params_K_d,params_f_n,params_first_gas_pressure_factor,params_rho_T_amp_scale,params_rho_T_shift,params_rho_T_tau_scale,params_rho_blank_def_scale,params_rho_blank_scale,params_rho_const_scale,params_rho_mode,user_attrs_error,user_attrs_failed,user_attrs_first_gas_pressure_factor,user_attrs_max_Rd_nm,user_attrs_max_f_cap_step,user_attrs_max_psi_d,user_attrs_min_Nd,user_attrs_rho_cfg,user_attrs_score_Nd_drop,user_attrs_score_guards,user_attrs_score_partition,user_attrs_score_pressure,user_attrs_score_radius_T,user_attrs_score_swelling_T,user_attrs_score_swelling_burnup,state
0,11395.737222675643,26.58917715447055,9.22192897110859,689602.3095124103,4.6581198742180226e-07,0.7740159737805207,,,,,,0.32115938224715884,constant,,,0.7740159737805207,76366.55678634992,0.0,0.9053797233883004,397826815855.761,"{""rho_mode"": ""constant"", ""rho_const_scale"": 0.32115938224715884, ""rho_max"": 1000000000000000.0, ""rho_fab_base"": 30000000000000.0, ""first_gas_pressure_factor"": 0.7740159737805207}",2.6521096681461844,2275.546892437477,0.68706427472477,0.5491979172766672,0.10570649897353863,0.510629658569307,0.6825267721436179,COMPLETE
1,47510.384692022264,26.6012147598406,11.721171155398334,1571054.7991195903,1.6652256129068162e-06,0.6782277951062572,1.3599797374646023,-196.77781165114033,0.5967947149499895,0.20667191435144563,,,blank_sat_deformed,,,0.6782277951062572,159633.877262007,0.0,0.9337890019173247,47783996284.58782,"{""rho_mode"": ""blank_sat_deformed"", ""rho_blank_def_scale"": 0.20667191435144563, ""rho_T_shift"": -196.77781165114033, ""rho_T_tau_scale"": 0.5967947149499895, ""rho_T_amp_scale"": 1.3599797374646023, ""rho_max"": 1000000000000000.0, ""rho_fab_base"": 30000000000000.0, ""first_gas_pressure_factor"": 0.6782277951062572}",3.860141295713139,9498.623201406743,1.7204905132862067,0.5887742561723707,0.10576765954339089,0.30348298173682753,0.3456791236247749,COMPLETE
2,79160.01734716084,9.99596084802561,14.727897392334283,1196297.6606104635,2.918437697817308e-06,0.253822832013191,,,,,,1.2275890269812304,constant,,,0.253822832013191,207285.6137103933,0.0,0.9386050226632985,22164223825.07999,"{""rho_mode"": ""constant"", ""rho_const_scale"": 1.2275890269812304, ""rho_max"": 1000000000000000.0, ""rho_fab_base"": 30000000000000.0, ""first_gas_pressure_factor"": 0.253822832013191}",4.1823542236081535,15828.238916185755,0.7460402038683404,0.44762532713319786,0.24217412576784536,0.3283768659365852,0.2130820897572779,COMPLETE
3,25845.996598105634,11.905220789116147,16.173432324380165,119329.43771440996,1.85054781424385e-06,0.5502004775510034,1.1843696370974834,-4.126340777057038,1.0078047990145114,0.22026938386999728,,,blank_sat_deformed,,,0.5502004775510034,113680.32652588953,0.0,0.9087125954883893,121936885167.65984,"{""rho_mode"": ""blank_sat_deformed"", ""rho_blank_def_scale"": 0.22026938386999728, ""rho_T_shift"": -4.126340777057038, ""rho_T_tau_scale"": 1.0078047990145114, ""rho_T_amp_scale"": 1.1843696370974834, ""rho_max"": 1000000000000000.0, ""rho_fab_base"": 30000000000000.0, ""first_gas_pressure_factor"": 0.5502004775510034}",4.10959096550804,5164.311753904062,0.870571187570719,0.699730446722508,0.37127180920413394,0.37525940910877836,0.4282466348343572,COMPLETE
4,1190.525031620896,11.169454846151165,1.8323392283214979,491415.62214263395,2.4880990185696883e-07,0.5783048959236706,,,,,,0.4373997057072118,constant,,,0.5783048959236706,25890.39634956715,0.0,0.88611156609361,9571070375296.64,"{""rho_mode"": ""constant"", ""rho_const_scale"": 0.4373997057072118, ""rho_max"": 1000000000000000.0, ""rho_fab_base"": 30000000000000.0, ""first_gas_pressure_factor"": 0.5783048959236706}",0.34448384637379376,236.6438475970522,0.4685917788467445,0.31368454212508307,0.01375263671485935,0.23692443740615024,0.2630239842138935,COMPLETE
5,1241.7803437493465,3.689700411107131,2.924325455417738,1792615.6450895674,1.9921209924726883e-06,0.6115547375158816,0.7152637388963435,-174.90825266555913,0.9262920963361979,2.1704082842946923,,,blank_sat_deformed,,,0.6115547375158816,26835.879041396467,0.0,0.951513608047069,10641648866475.414,"{""rho_mode"": ""blank_sat_deformed"", ""rho_blank_def_scale"": 2.1704082842946923, ""rho_T_shift"": -174.90825266555913, ""rho_T_tau_scale"": 0.9262920963361979, ""rho_T_amp_scale"": 0.7152637388963435, ""rho_max"": 1000000000000000.0, ""rho_fab_base"": 30000000000000.0, ""first_gas_pressure_factor"": 0.6115547375158816}",0.0703298412867826,239.8008059267674,5.102304142949589,0.13883394596042034,0.7019619959394212,0.298176430594557,0.2730143299829717,COMPLETE
6,59.807798748560394,3.306589252498162,11.350235123017653,2052610.815212538,2.9373166849583073e-07,0.5535362048031239,1.29174155770929,36.768282599321594,2.8206632246942522,4.566020160593916,,,blank_sat_deformed,,,0.5535362048031239,34.92452325123898,0.0,0.5121194473924323,2.369182616815496e+20,"{""rho_mode"": ""blank_sat_deformed"", ""rho_blank_def_scale"": 4.566020160593916, ""rho_T_shift"": 36.768282599321594, ""rho_T_tau_scale"": 2.8206632246942522, ""rho_T_amp_scale"": 1.29174155770929, ""rho_max"": 1000000000000000.0, ""rho_fab_base"": 30000000000000.0, ""first_gas_pressure_factor"": 0.5535362048031239}",0.27948282950887965,0.0,8.362787590414486,0.0003817538053800652,0.8473539504168242,0.4464031710023443,0.230630876205503,COMPLETE
7,11481.692554209161,3.4894068380988474,5.452105031418427,236027.26723572257,8.295553548368715e-07,0.30391754271621024,1.024126217994942,207.54683669988822,2.645410595063324,1.387755876022996,,,blank_sat_deformed,,,0.30391754271621024,79042.05682001942,0.0,0.9258157983723181,383628138425.0725,"{""rho_mode"": ""blank_sat_deformed"", ""rho_blank_def_scale"": 1.387755876022996, ""rho_T_shift"": 207.54683669988822, ""rho_T_tau_scale"": 2.645410595063324, ""rho_T_amp_scale"": 1.024126217994942, ""rho_max"": 1000000000000000.0, ""rho_fab_base"": 30000000000000.0, ""first_gas_pressure_factor"": 0.30391754271621024}",2.050274097936817,2290.4764087206995,5.083847767476901,0.46725001602686533,0.006858349609384479,0.5829810834411575,0.7012080811319494,COMPLETE
8,55.87362261448078,25.300316770565157,1.4405520497030173,1428460.3928008617,1.5203382450984604e-06,0.9196528203688624,,,,,4.046583083699505,,blank_sat,,,0.9196528203688624,58.04695734787582,0.0,0.6060737728128234,1.3180057142729993e+20,"{""rho_mode"": ""blank_sat"", ""rho_blank_scale"": 4.046583083699505, ""rho_max"": 1000000000000000.0, ""rho_fab_base"": 30000000000000.0, ""first_gas_pressure_factor"": 0.9196528203688624}",0.12227564958225322,0.0,8.77228527561453,0.009133135707868008,0.6677812013737152,0.4540622661228484,0.37181446346976477,COMPLETE
9,12384.805062745889,5.7801394379155715,10.42895346972528,134079.37634664637,5.794437653546188e-08,0.8709632297108999,1.2709285486517448,-152.1025004556018,0.5910477612636359,0.236375258314763,,,blank_sat_deformed,,,0.8709632297108999,79000.48927903542,0.0,0.9028243262458129,356313112531.7581,"{""rho_mode"": ""blank_sat_deformed"", ""rho_blank_def_scale"": 0.236375258314763, ""rho_T_shift"": -152.1025004556018, ""rho_T_tau_scale"": 0.5910477612636359, ""rho_T_amp_scale"": 1.2709285486517448, ""rho_max"": 1000000000000000.0, ""rho_fab_base"": 30000000000000.0, ""first_gas_pressure_factor"": 0.8709632297108999}",2.687788799689757,2472.386914325326,1.2274934233069337,0.5886060631943735,0.3392847843760227,0.33517917944707926,0.3733832660771895,COMPLETE
10,57.369726024068754,25.122612947082537,1.2158667412150401,1471393.297650675,5.344971202602969e-07,0.9260522464337679,,,,,4.787458198855821,,blank_sat,,,0.9260522464337679,46.38096422400493,0.0,0.5677008466084489,1.6062696345041194e+20,"{""rho_mode"": ""blank_sat"", ""rho_blank_scale"": 4.787458198855821, ""rho_max"": 1000000000000000.0, ""rho_fab_base"": 30000000000000.0, ""first_gas_pressure_factor"": 0.9260522464337679}",0.140385126270305,0.0,8.786773995464078,0.008052974750230844,0.7395964130667251,0.42109908633190585,0.3212843811512693,COMPLETE
11,61.92150209445068,23.32379563126222,1.001501913354507,2501835.9131445913,1.0243668405461218e-06,0.8654398213253014,,,,,4.9772964976580125,,blank_sat,,,0.8654398213253014,32.966349629978545,0.0,0.5032839846913599,2.8385303857489025e+20,"{""rho_mode"": ""blank_sat"", ""rho_blank_scale"": 4.9772964976580125, ""rho_max"": 1000000000000000.0, ""rho_fab_base"": 30000000000000.0, ""first_gas_pressure_factor"": 0.8654398213253014}",0.1896589995310374,0.0,8.778635717638693,0.004183424434097215,0.9405871895209068,0.3530744699721037,0.2074769322657059,COMPLETE
12,196.59085903894902,15.956173381872057,1.5819855760291106,999632.2874657111,6.439335245993477e-08,0.9290314072913607,,,,,4.166259215317759,,blank_sat,,,0.9290314072913607,10212.952594264132,0.0,0.9392983195038784,185724021371724.12,"{""rho_mode"": ""blank_sat"", ""rho_blank_scale"": 4.166259215317759, ""rho_max"": 1000000000000000.0, ""rho_fab_base"": 30000000000000.0, ""first_gas_pressure_factor"": 0.9290314072913607}",0.09841762588201895,28.647554890750293,8.734138306677476,0.10285623884103146,0.5526078314328382,0.49804536211968015,0.45946242800434595,COMPLETE
13,5976.4795463385735,19.777711214134328,3.4334313786542507,728614.9230214864,2.3631890176929458e-06,0.7824353656898831,,,,,1.1267677047152687,,blank_sat,,,0.7824353656898831,57715.49541540031,0.0,0.92830742038865,993366644332.1787,"{""rho_mode"": ""blank_sat"", ""rho_blank_scale"": 1.1267677047152687, ""rho_max"": 1000000000000000.0, ""rho_fab_base"": 30000000000000.0, ""first_gas_pressure_factor"": 0.7824353656898831}",1.032902862051548,1186.925018588105,8.30438840862936,0.3651505326321921,0.04635313460355168,0.6927553293823788,0.813985582748469,COMPLETE
14,696.1928162943136,29.721670921294198,1.2381515250550006,343957.9014259232,3.62188671619267e-07,0.7955930035650096,,,,,9.319163629910461,,blank_sat,,,0.7955930035650096,20048.22710077726,0.0,0.9230408068677265,23299477113556.285,"{""rho_mode"": ""blank_sat"", ""rho_blank_scale"": 9.319163629910461, ""rho_max"": 1000000000000000.0, ""rho_fab_base"": 30000000000000.0, ""first_gas_pressure_factor"": 0.7955930035650096}",0.07693968073596606,128.93219097558435,8.829549046786726,0.1929703024605301,0.465317822714654,0.5156647098341443,0.5389452550806704,COMPLETE
15,71.31596465334178,26.12015664675102,1.2367975742869666,1610820.2053590107,1.474825980926704e-07,0.889481667618255,,,,,,23.383605698941174,constant,,,0.889481667618255,46.15780049553038,0.0,0.566866000614145,4.4219853841857715e+20,"{""rho_mode"": ""constant"", ""rho_const_scale"": 23.383605698941174, ""rho_max"": 1000000000000000.0, ""rho_fab_base"": 30000000000000.0, ""first_gas_pressure_factor"": 0.889481667618255}",0.16536095412069596,0.0,8.813539063042594,0.0021326407216123557,1.2524414263958101,0.3500135221079294,0.21702111239914862,COMPLETE
16,65.60647356217768,10.538826129030275,4.595055691039031,2398094.3705861596,4.5424134838633124e-07,0.9529540472746276,0.3373324220056776,116.48632573145552,0.32546070890579887,6.899090839160354,,,blank_sat_deformed,,,0.9529540472746276,30.007983850060835,0.0,0.48712927635231984,2.4541866062210875e+19,"{""rho_mode"": ""blank_sat_deformed"", ""rho_blank_def_scale"": 6.899090839160354, ""rho_T_shift"": 116.48632573145552, ""rho_T_tau_scale"": 0.32546070890579887, ""rho_T_amp_scale"": 0.3373324220056776, ""rho_max"": 1000000000000000.0, ""rho_fab_base"": 30000000000000.0, ""first_gas_pressure_factor"": 0.9529540472746276}",0.1938415892259765,0.0,8.74059373337236,0.00036471015702775877,1.0487377998466654,0.3828122616600069,0.16902762869048654,COMPLETE
17,237.12549239257189,7.250018873498352,3.726174385649627,2327807.4890189623,2.875476611998133e-06,0.9843828755815194,,,,,1.8425430608013194,,blank_sat,,,0.9843828755815194,11473.862117391389,0.0,0.9639105202406205,141544393406769.34,"{""rho_mode"": ""blank_sat"", ""rho_blank_scale"": 1.8425430608013194, ""rho_max"": 1000000000000000.0, ""rho_fab_base"": 30000000000000.0, ""first_gas_pressure_factor"": 0.9843828755815194}",0.10031188854260886,37.48942640756552,7.240319698448878,0.09307571074425353,0.6468667489217143,0.4052667427733401,0.30283228126385736,COMPLETE
18,1137.2528292314685,28.30646024293933,1.4761948169268613,767493.270129874,6.927067905794102e-07,0.9558073192033216,2.7497522154788614,232.30328932110015,1.4300468116208358,0.6850793844404098,,,blank_sat_deformed,,,0.9558073192033216,25629.72118978172,0.0,0.9217472053172018,11104914878092.004,"{""rho_mode"": ""blank_sat_deformed"", ""rho_blank_def_scale"": 0.6850793844404098, ""rho_T_shift"": 232.30328932110015, ""rho_T_tau_scale"": 1.4300468116208358, ""rho_T_amp_scale"": 2.7497522154788614, ""rho_max"": 1000000000000000.0, ""rho_fab_base"": 30000000000000.0, ""first_gas_pressure_factor"": 0.9558073192033216}",0.09358104571150751,218.43978318864512,8.665339986122493,0.2514009071528315,0.19096980045809814,0.618056104880564,0.6694857885127061,COMPLETE
19,702.5109762235262,7.4420314420523095,1.0445804133832302,294900.7681592702,2.1966922242472276e-06,0.9561192035159372,,,,,0.2834659895730243,,blank_sat,,,0.9561192035159372,20296.6589188528,0.0,0.8863607773771928,19882423456324.99,"{""rho_mode"": ""blank_sat"", ""rho_blank_scale"": 0.2834659895730243, ""rho_max"": 1000000000000000.0, ""rho_fab_base"": 30000000000000.0, ""first_gas_pressure_factor"": 0.9561192035159372}",0.11588467869122075,138.53378315842426,0.5401448730178194,0.2747056201885402,0.01336437121636367,0.35827567073664646,0.32253330159343324,COMPLETE
20,54.9157868820433,13.948124193608335,2.8023277184742494,2060899.473158178,1.195187936147156e-07,0.6148183707478284,,,,,2.5047551176033425,,blank_sat,,,0.6148183707478284,70.158441230362,0.0,0.6385636625665361,1.1759179815773128e+20,"{""rho_mode"": ""blank_sat"", ""rho_blank_scale"": 2.5047551176033425, ""rho_max"": 1000000000000000.0, ""rho_fab_base"": 30000000000000.0, ""first_gas_pressure_factor"": 0.6148183707478284}",0.12102454416442616,0.0,8.59892075896017,0.006055958397437795,0.6206308206796,0.5015762120897783,0.4020075124995709,COMPLETE
21,44822.12691128154,13.149044874869885,5.343310691336811,1330582.9039793625,2.194073384463126e-07,0.5330213745122876,,,,,2.8164403669607845,,blank_sat,,,0.5330213745122876,156643.70881932386,0.0,0.9741590392031341,57419857840.47161,"{""rho_mode"": ""blank_sat"", ""rho_blank_scale"": 2.8164403669607845, ""rho_max"": 1000000000000000.0, ""rho_fab_base"": 30000000000000.0, ""first_gas_pressure_factor"": 0.5330213745122876}",0.10360245524662488,8953.751220670318,8.62749601879237,0.26324876770723055,0.4908332582386606,0.5965522525252696,0.5172270805792096,COMPLETE
22,52.8843828087539,4.306323371817002,2.099631768234871,1518134.3020413048,2.762765957443864e-07,0.7465954543501208,,,,,3.111623382403754,,blank_sat,,,0.7465954543501208,91.61488179598007,0.0,0.6822414592807395,9.858881276126822e+19,"{""rho_mode"": ""blank_sat"", ""rho_blank_scale"": 3.111623382403754, ""rho_max"": 1000000000000000.0, ""rho_fab_base"": 30000000000000.0, ""first_gas_pressure_factor"": 0.7465954543501208}",0.11311114334768597,0.0,8.247975715037718,0.007316341530713446,0.6133245237032887,0.4645006115407019,0.386835808523486,COMPLETE
23,49.425625514454374,3.735163835183308,2.3262294422148644,2486811.8490617387,1.5517429040333557e-07,0.7704783117988668,,,,,1.795606077296339,,blank_sat,,,0.7704783117988668,87.10352580582773,0.0,0.6702464560241748,1.0327638059223784e+20,"{""rho_mode"": ""blank_sat"", ""rho_blank_scale"": 1.795606077296339, ""rho_max"": 1000000000000000.0, ""rho_fab_base"": 30000000000000.0, ""first_gas_pressure_factor"": 0.7704783117988668}",0.10775464049657879,0.0,7.20151954193383,0.003601833497417916,0.6604047258585563,0.3828309900329323,0.29482615849184823,COMPLETE
24,1433.102130402523,1.885365548770288,2.2843889907185697,1663598.6919595103,1.1754059954649121e-07,0.7230667117540398,,,,,1.0007807441828864,,blank_sat,,,0.7230667117540398,28848.723284568572,0.0,0.9306572236294589,8014950686518.609,"{""rho_mode"": ""blank_sat"", ""rho_blank_scale"": 1.0007807441828864, ""rho_max"": 1000000000000000.0, ""rho_fab_base"": 30000000000000.0, ""first_gas_pressure_factor"": 0.7230667117540398}",0.05501638439810256,279.94475072025284,2.0865538715408225,0.19002771557595685,0.6599487523927442,0.3352744557172215,0.3972275927344746,COMPLETE
25,43.77389773034236,2.509658572991766,1.5435776655692985,2943043.540690283,6.416771204847919e-07,0.5731490614633472,,,,,1.4362682221985714,,blank_sat,,,0.5731490614633472,79.21269727446162,0.0,0.6493341846713218,9.896581492328912e+19,"{""rho_mode"": ""blank_sat"", ""rho_blank_scale"": 1.4362682221985714, ""rho_max"": 1000000000000000.0, ""rho_fab_base"": 30000000000000.0, ""first_gas_pressure_factor"": 0.5731490614633472}",0.09189628666120496,0.0,2.731827001171893,0.0002502870180495678,0.9311597435182826,0.35886569339087737,0.4201121231120078,COMPLETE
26,464.3341915270611,1.678618342770289,1.6144536044651707,2740429.969255894,4.439755842287687e-07,0.48662983492431666,0.5216076051266223,-63.33452874054878,1.5679015628615858,0.8202509479084821,,,blank_sat_deformed,,,0.48662983492431666,16348.73081674847,0.0,0.9251836566545856,43265638593755.67,"{""rho_mode"": ""blank_sat_deformed"", ""rho_blank_def_scale"": 0.8202509479084821, ""rho_T_shift"": -63.33452874054878, ""rho_T_tau_scale"": 1.5679015628615858, ""rho_T_amp_scale"": 0.5216076051266223, ""rho_max"": 1000000000000000.0, ""rho_fab_base"": 30000000000000.0, ""first_gas_pressure_factor"": 0.48662983492431666}",0.10505457916303595,82.66341405387917,0.5785747801014545,0.11122804651431273,1.0307305678399592,0.8557543432566931,1.080637680932446,COMPLETE
27,512.1213215758673,1.0458199688412866,1.3527914282741496,1432195.7536022263,2.161611566070378e-06,0.46615522244173047,,,,,0.7764579692045604,,blank_sat,,,0.46615522244173047,16882.799090991044,0.0,0.912204230191519,37657742324345.484,"{""rho_mode"": ""blank_sat"", ""rho_blank_scale"": 0.7764579692045604, ""rho_max"": 1000000000000000.0, ""rho_fab_base"": 30000000000000.0, ""first_gas_pressure_factor"": 0.46615522244173047}",0.15140269311289434,88.68791325996615,0.7592161944594501,0.1074728720644247,1.1104986994924213,1.5558762780265458,1.7884459287338683,COMPLETE
28,340.70764243283236,4.247051551083329,1.0210747136526277,1655286.5863675205,8.081622031661718e-07,0.6059524977485682,,,,,1.4204504531094404,,blank_sat,,,0.6059524977485682,14179.900182959718,0.0,0.9193939233330295,65072389786730.734,"{""rho_mode"": ""blank_sat"", ""rho_blank_scale"": 1.4204504531094404, ""rho_max"": 1000000000000000.0, ""rho_fab_base"": 30000000000000.0, ""first_gas_pressure_factor"": 0.6059524977485682}",0.059115385439383626,60.379293988403745,5.155459968629474,0.13761444318077054,0.5717696142823985,0.28754706192705626,0.27359078201166187,COMPLETE
29,46.94305269689995,3.1893271556712355,3.719642864338313,2685127.0640426436,5.9412091906624e-07,0.29340131830938715,,,,,1.8476245848070192,,blank_sat,,,0.29340131830938715,61.91150464467513,0.0,0.6091261492165785,1.1534357162408157e+20,"{""rho_mode"": ""blank_sat"", ""rho_blank_scale"": 1.8476245848070192, ""rho_max"": 1000000000000000.0, ""rho_fab_base"": 30000000000000.0, ""first_gas_pressure_factor"": 0.29340131830938715}",0.10587305040192707,0.0,5.516384018444739,0.0005492884361474116,0.8047189126070604,0.29757112833578253,0.24742488300115867,COMPLETE
30,2754.156556320495,8.305182097795193,2.5726566468408425,1885392.8023432563,1.078730737738241e-06,0.10381871412039956,,,,,0.604401553531332,,blank_sat,,,0.10381871412039956,39621.10438695173,0.0,0.9273098631852114,3060598053665.4717,"{""rho_mode"": ""blank_sat"", ""rho_blank_scale"": 0.604401553531332, ""rho_max"": 1000000000000000.0, ""rho_fab_base"": 30000000000000.0, ""first_gas_pressure_factor"": 0.10381871412039956}",0.3966246729779406,545.1244523831452,2.979259439042253,0.24916506522406198,0.43875211996626284,0.28382579020139603,0.3099592829134506,COMPLETE
31,1374.7942203059617,2.864617327110466,2.994576673351047,1893446.936176274,6.611049451666093e-07,0.4189086339272359,,,,,1.6113852811999443,,blank_sat,,,0.4189086339272359,28233.82726083775,0.0,0.949756279448201,9087379219732.629,"{""rho_mode"": ""blank_sat"", ""rho_blank_scale"": 1.6113852811999443, ""rho_max"": 1000000000000000.0, ""rho_fab_base"": 30000000000000.0, ""first_gas_pressure_factor"": 0.4189086339272359}",0.07574058003170035,266.9197274786106,4.172423456169805,0.14207435334149404,0.7113607528233189,0.29324981780479714,0.2925489602464943,COMPLETE
32,64.78156427493752,2.770487862951595,1.1918606270794148,2387821.985995746,1.2536739471811981e-07,0.8727879255021773,2.9053669328288634,-237.86232364280872,0.3144361337863841,9.319086325371357,,,blank_sat_deformed,,,0.8727879255021773,27.053231323913078,0.0,0.4841246388421828,5.527986449216559e+20,"{""rho_mode"": ""blank_sat_deformed"", ""rho_blank_def_scale"": 9.319086325371357, ""rho_T_shift"": -237.86232364280872, ""rho_T_tau_scale"": 0.3144361337863841, ""rho_T_amp_scale"": 2.9053669328288634, ""rho_max"": 1000000000000000.0, ""rho_fab_base"": 30000000000000.0, ""first_gas_pressure_factor"": 0.8727879255021773}",0.18858158972075545,0.0,8.485545812608132,0.001658958373537134,1.0854663587350106,0.3252290387100355,0.16040554762818013,COMPLETE
