number,value,params_Dg_dislocation_scale,params_Dv_dislocation_scale,params_K_d,params_f_n,params_first_gas_pressure_factor,params_rho_T_amp_scale,params_rho_T_shift,params_rho_T_tau_scale,params_rho_blank_def_scale,params_rho_blank_scale,params_rho_const_scale,params_rho_mode,user_attrs_error,user_attrs_failed,user_attrs_first_gas_pressure_factor,user_attrs_max_Rd_nm,user_attrs_max_f_cap_step,user_attrs_max_psi_d,user_attrs_min_Nd,user_attrs_rho_cfg,user_attrs_score_Nd_drop,user_attrs_score_guards,user_attrs_score_partition,user_attrs_score_pressure,user_attrs_score_radius_T,user_attrs_score_swelling_T,user_attrs_score_swelling_burnup,state
201,313.33945202110334,1.5611264604734327,1.5740518128646062,859422.8842245396,4.736763093813523e-07,0.16435730889074457,2.951656600648379,40.33884799487616,1.2159563136295641,2.4709715900375326,,,blank_sat_deformed,,,0.16435730889074457,13459.986302832638,0.0,0.935103529718185,80049131772557.31,"{""rho_mode"": ""blank_sat_deformed"", ""rho_blank_def_scale"": 2.4709715900375326, ""rho_T_shift"": 40.33884799487616, ""rho_T_tau_scale"": 1.2159563136295641, ""rho_T_amp_scale"": 2.951656600648379, ""rho_max"": 1000000000000000.0, ""rho_fab_base"": 30000000000000.0, ""first_gas_pressure_factor"": 0.16435730889074457}",0.11535445810913601,53.74637190204337,6.380481031260091,0.1084736854624616,0.5866327250189305,0.36944998827934294,0.31201698643442777,COMPLETE
202,45.6840222366969,1.356208054342508,7.984462467779111,2960250.405814081,1.9479191699168042e-07,0.17193285068902675,,,,,1.5201359188186236,,blank_sat,,,0.17193285068902675,60.67977945502559,0.0,0.597027647669249,1.052622019393915e+20,"{""rho_mode"": ""blank_sat"", ""rho_blank_scale"": 1.5201359188186236, ""rho_max"": 1000000000000000.0, ""rho_fab_base"": 30000000000000.0, ""first_gas_pressure_factor"": 0.17193285068902675}",0.09867251993153904,0.0,2.1226565299434954,2.4777558780163143e-06,1.0061620238048572,0.42855344479152363,0.5107842991685708,COMPLETE
203,100.04720433322885,1.003293092763224,8.191976890424318,2456396.532960195,1.8276665932351353e-07,0.10969627305020149,,,,,1.3604759982858061,,blank_sat,,,0.10969627305020149,6757.274872259005,0.0,0.9799861195875125,728209612661808.4,"{""rho_mode"": ""blank_sat"", ""rho_blank_scale"": 1.3604759982858061, ""rho_max"": 1000000000000000.0, ""rho_fab_base"": 30000000000000.0, ""first_gas_pressure_factor"": 0.10969627305020149}",0.0947478104995202,10.608253280249867,1.221821749056632,0.061673861339052685,1.0326404844994685,0.5766887301820592,0.7184357795955596,COMPLETE
204,44.21036218272236,2.2338066160416012,1.0593783929911424,2557722.03816801,1.0588201063213495e-06,0.38063763839631176,1.6444576296658204,139.73280527400826,1.9152284175457064,1.37995599034207,,,blank_sat_deformed,,,0.38063763839631176,56.6639513253143,0.0,0.5919533819907309,7.0198329498996605e+19,"{""rho_mode"": ""blank_sat_deformed"", ""rho_blank_def_scale"": 1.37995599034207, ""rho_T_shift"": 139.73280527400826, ""rho_T_tau_scale"": 1.9152284175457064, ""rho_T_amp_scale"": 1.6444576296658204, ""rho_max"": 1000000000000000.0, ""rho_fab_base"": 30000000000000.0, ""first_gas_pressure_factor"": 0.38063763839631176}",0.16509806993812468,0.0,2.681943555575301,0.000288676466211738,0.9536759238620789,0.3534973889033264,0.40146831063229044,COMPLETE
205,8866550.561291402,3.5011441051737187,9.458425118952889,2084682.6348722654,2.270704083908335e-07,0.25161644955935447,,,,,0.8752294103203678,,blank_sat,,,0.25161644955935447,2185665.113656332,0.0,0.971403138192654,20958443.977996524,"{""rho_mode"": ""blank_sat"", ""rho_blank_scale"": 0.8752294103203678, ""rho_max"": 1000000000000000.0, ""rho_fab_base"": 30000000000000.0, ""first_gas_pressure_factor"": 0.25161644955935447}",1.283842519543778,1773303.1708500222,2.97427844381709,0.6039931127167824,0.5998941301648767,0.3105913183257057,0.32964131581624295,COMPLETE
206,2485.9937970635083,1.1798712096577957,3.22091312997136,1432173.782773446,1.9878621066965335e-07,0.21647284985202178,,,,,1.3444725916547247,,blank_sat,,,0.21647284985202178,37709.958343602586,0.0,0.9417767416387045,3718665503965.259,"{""rho_mode"": ""blank_sat"", ""rho_blank_scale"": 1.3444725916547247, ""rho_max"": 1000000000000000.0, ""rho_fab_base"": 30000000000000.0, ""first_gas_pressure_factor"": 0.21647284985202178}",0.060051736504433746,489.6114945335597,1.4626783904907803,0.19519940261155722,0.7946817184296748,0.44702029576893765,0.542206485104411,COMPLETE
207,44.8885065957475,1.692832775375868,1.4861238704559072,2374363.4006869835,8.665791959457111e-07,0.34521785417124506,1.5855500632370478,162.5482094258549,2.0620010700647544,1.332221863766862,,,blank_sat_deformed,,,0.34521785417124506,62.617779789553865,0.0,0.6073929571167277,6.460262005025852e+19,"{""rho_mode"": ""blank_sat_deformed"", ""rho_blank_def_scale"": 1.332221863766862, ""rho_T_shift"": 162.5482094258549, ""rho_T_tau_scale"": 2.0620010700647544, ""rho_T_amp_scale"": 1.5855500632370478, ""rho_max"": 1000000000000000.0, ""rho_fab_base"": 30000000000000.0, ""first_gas_pressure_factor"": 0.34521785417124506}",0.1648386144576733,0.0,1.8477996586098697,4.294944142845548e-05,0.9974604662633458,0.4411007308108981,0.5168167591292896,COMPLETE
208,444.66986960172056,1.7235939898870893,1.4421047439267183,1650572.4228954518,1.142871691247232e-06,0.156126515354463,1.3092807569870624,210.67562573078823,2.332306694076512,1.0033302942819369,,,blank_sat_deformed,,,0.156126515354463,16152.246507348273,0.0,0.9262167888329043,45014303563675.695,"{""rho_mode"": ""blank_sat_deformed"", ""rho_blank_def_scale"": 1.0033302942819369, ""rho_T_shift"": 210.67562573078823, ""rho_T_tau_scale"": 2.332306694076512, ""rho_T_amp_scale"": 1.3092807569870624, ""rho_max"": 1000000000000000.0, ""rho_fab_base"": 30000000000000.0, ""first_gas_pressure_factor"": 0.156126515354463}",0.14149702819960988,80.50466556051717,0.9806771685125384,0.12938910109902052,0.8987315925217157,0.5684083341137623,0.6742582204715262,COMPLETE
209,780.8700994111473,2.117865080318832,1.7867533211469975,1406505.3294920586,6.961294941638095e-07,0.4393295812607495,1.3817674396045019,170.0297488941556,2.3727447023047565,1.1950197235729119,,,blank_sat_deformed,,,0.4393295812607495,21466.402937908853,0.0,0.9311085695992647,19482044487932.527,"{""rho_mode"": ""blank_sat_deformed"", ""rho_blank_def_scale"": 1.1950197235729119, ""rho_T_shift"": 170.0297488941556, ""rho_T_tau_scale"": 2.3727447023047565, ""rho_T_amp_scale"": 1.3817674396045019, ""rho_max"": 1000000000000000.0, ""rho_fab_base"": 30000000000000.0, ""first_gas_pressure_factor"": 0.4393295812607495}",0.11158648980445497,149.18029625012284,2.151118066311126,0.157212520306634,0.7092281539039714,0.33192089685172116,0.38699564223728156,COMPLETE
210,53.024077019527795,1.4496432800297088,1.9758465705983295,2707626.8690026463,1.7900372589928305e-06,0.36418088999358594,1.4659310458798969,140.87705763085953,2.153813523898998,1.3517367498606103,,,blank_sat_deformed,,,0.36418088999358594,55.33643167225264,0.0,0.5836974728935436,8.155162551731267e+19,"{""rho_mode"": ""blank_sat_deformed"", ""rho_blank_def_scale"": 1.3517367498606103, ""rho_T_shift"": 140.87705763085953, ""rho_T_tau_scale"": 2.153813523898998, ""rho_T_amp_scale"": 1.4659310458798969, ""rho_max"": 1000000000000000.0, ""rho_fab_base"": 30000000000000.0, ""first_gas_pressure_factor"": 0.36418088999358594}",0.17463923285071772,0.0,0.9754048710712994,5.990511307746597e-07,1.173909721679033,0.6977617508822368,0.8380155228216725,COMPLETE
211,42.939727282984165,1.3240138772917032,6.732042367690444,2073273.255577871,6.773116818238364e-08,0.20936541954450194,,,,,1.9010998732364761,,blank_sat,,,0.20936541954450194,100.63107774208888,0.0,0.6878725844326705,7.624985481351453e+19,"{""rho_mode"": ""blank_sat"", ""rho_blank_scale"": 1.9010998732364761, ""rho_max"": 1000000000000000.0, ""rho_fab_base"": 30000000000000.0, ""first_gas_pressure_factor"": 0.20936541954450194}",0.09453775118011006,0.0,4.500403483403484,0.00022359439466156263,0.7735922974895991,0.29555237931759004,0.2722078517492248,COMPLETE
212,67.52771759923594,1.4344199139272056,1.01545490524034,2135139.7060356685,8.076515083369543e-07,0.30068955990338275,1.555309827135351,157.07450818448822,1.9258304558396837,9.803593999099743,,,blank_sat_deformed,,,0.30068955990338275,28.334171769496194,0.0,0.48972319317633417,4.064781107248017e+20,"{""rho_mode"": ""blank_sat_deformed"", ""rho_blank_def_scale"": 9.803593999099743, ""rho_T_shift"": 157.07450818448822, ""rho_T_tau_scale"": 1.9258304558396837, ""rho_T_amp_scale"": 1.555309827135351, ""rho_max"": 1000000000000000.0, ""rho_fab_base"": 30000000000000.0, ""first_gas_pressure_factor"": 0.30068955990338275}",0.2945439199440736,0.0,8.099745363000297,0.0013581076327344249,1.2263669074959604,0.30638719886635435,0.1611002404243787,COMPLETE
213,12821.620170017964,4.164445308456065,25.428286642644238,308043.02959004435,7.070032474551687e-07,0.5390829438570772,,,,,,0.37099544398534107,constant,,,0.5390829438570772,76492.03343542812,0.0,0.9061540763691086,396888867659.76227,"{""rho_mode"": ""constant"", ""rho_const_scale"": 0.37099544398534107, ""rho_max"": 1000000000000000.0, ""rho_fab_base"": 30000000000000.0, ""first_gas_pressure_factor"": 0.5390829438570772}",1.1189799555777487,2561.0283380252795,1.2144353450709615,0.3239903171155874,0.06635696509407836,0.46758470222352827,0.609290564155329,COMPLETE
214,1.3933867959113596e+24,1.5042058309100674,13.749374139049758,2597195.8847434623,2.4287805141799174e-07,0.42007162328263253,1.6098066714584616,111.26384559933504,1.8754304524514034,0.7542647608080286,,,blank_sat_deformed,,,0.42007162328263253,865881739580475.2,0.0,1395794.39733351,3.607950075333554e-19,"{""rho_mode"": ""blank_sat_deformed"", ""rho_blank_def_scale"": 0.7542647608080286, ""rho_T_shift"": 111.26384559933504, ""rho_T_tau_scale"": 1.8754304524514034, ""rho_T_amp_scale"": 1.6098066714584616, ""rho_max"": 1000000000000000.0, ""rho_fab_base"": 30000000000000.0, ""first_gas_pressure_factor"": 0.42007162328263253}",0.14150419411459253,2.7867735918227194e+23,0.9700474688456001,5.167562254992287,0.9718557982602406,0.6161655708089308,0.7419740293443504,COMPLETE
215,9325489.694903659,2.929781646423238,15.261719248256327,339425.7763330896,2.883286142329351e-07,0.8554019138285159,,,,,2.1508243402149168,,blank_sat,,,0.8554019138285159,2241423.0090505043,0.0,0.9613853349921082,18837895.89690411,"{""rho_mode"": ""blank_sat"", ""rho_blank_scale"": 2.1508243402149168, ""rho_max"": 1000000000000000.0, ""rho_fab_base"": 30000000000000.0, ""first_gas_pressure_factor"": 0.8554019138285159}",4.286996268492825,1865089.5265785253,7.17662032482278,0.7745738639651388,0.03372645203568164,0.7870201809698293,0.8618808780043302,COMPLETE
216,112.01010140684257,5.281675265770404,1.4332228329614207,1881332.2771370716,8.878124400117562e-07,0.5131460842934787,1.063770383814082,184.72239651972845,2.024136469125666,1.6474135149522748,,,blank_sat_deformed,,,0.5131460842934787,7314.845624136169,0.0,0.934865750023966,498360534707304.94,"{""rho_mode"": ""blank_sat_deformed"", ""rho_blank_def_scale"": 1.6474135149522748, ""rho_T_shift"": 184.72239651972845, ""rho_T_tau_scale"": 2.024136469125666, ""rho_T_amp_scale"": 1.063770383814082, ""rho_max"": 1000000000000000.0, ""rho_fab_base"": 30000000000000.0, ""first_gas_pressure_factor"": 0.5131460842934787}",0.14224954994912622,12.862187530908553,7.208289776028729,0.08214371579854794,0.5959427539302545,0.38504384160224064,0.34186648348804455,COMPLETE
217,42.40388791909937,1.0631674926679355,4.764192435129731,2074707.096541974,1.2268726753203027e-07,0.22411768724046005,,,,,1.780608058171653,,blank_sat,,,0.22411768724046005,150.7602120318767,0.0,0.74610122811373,2.893639582278819e+19,"{""rho_mode"": ""blank_sat"", ""rho_blank_scale"": 1.780608058171653, ""rho_max"": 1000000000000000.0, ""rho_fab_base"": 30000000000000.0, ""first_gas_pressure_factor"": 0.22411768724046005}",0.08965423051045458,0.0,2.506858285820855,0.00027601302866807993,0.9001119872850644,0.3701582139714633,0.4316860353717136,COMPLETE
218,45.067646847022054,1.3233946017638543,7.343911357934778,2664157.947898396,8.781767133577276e-08,0.2490474956931207,,,,,1.8628255750750147,,blank_sat,,,0.2490474956931207,55.621544502744705,0.0,0.5839834109906457,1.1558188307921584e+20,"{""rho_mode"": ""blank_sat"", ""rho_blank_scale"": 1.8628255750750147, ""rho_max"": 1000000000000000.0, ""rho_fab_base"": 30000000000000.0, ""first_gas_pressure_factor"": 0.2490474956931207}",0.1082437477107789,0.0,3.9772206270854165,5.1239422031367835e-05,0.8899437165800044,0.3035608733575137,0.3122828879379803,COMPLETE
219,47.07723381380062,1.2266116707426922,4.7507354595728035,2875050.0609787474,1.200234771324112e-07,0.361990093668111,,,,,2.0604111961731544,,blank_sat,,,0.361990093668111,47.022740873264624,0.0,0.5562284288029706,1.381429996266687e+20,"{""rho_mode"": ""blank_sat"", ""rho_blank_scale"": 2.0604111961731544, ""rho_max"": 1000000000000000.0, ""rho_fab_base"": 30000000000000.0, ""first_gas_pressure_factor"": 0.361990093668111}",0.11916556365443846,0.0,3.76578945591119,4.829586925152311e-05,0.9684659445053604,0.3162425277184422,0.34140547884092326,COMPLETE
220,45.02060203307753,1.1751387780183733,7.922007579344275,2779437.450244892,7.533704841324469e-08,0.23071387627790385,,,,,1.79875288053679,,blank_sat,,,0.23071387627790385,54.16325892629785,0.0,0.5780255688059255,1.1654866754273164e+20,"{""rho_mode"": ""blank_sat"", ""rho_blank_scale"": 1.79875288053679, ""rho_max"": 1000000000000000.0, ""rho_fab_base"": 30000000000000.0, ""first_gas_pressure_factor"": 0.23071387627790385}",0.10804818229445294,0.0,3.4783265918312845,2.2344999798679876e-05,0.9257925336564219,0.3204502832965973,0.34879414581204377,COMPLETE
221,28935992.129758388,1.4903808167277555,7.773620590346787,1467750.0146135543,4.3885821955905195e-08,0.20814386688149966,,,,,1.9215016966847596,,blank_sat,,,0.20814386688149966,3947297.0729641677,0.0,0.9804759928338315,3658666.68681932,"{""rho_mode"": ""blank_sat"", ""rho_blank_scale"": 1.9215016966847596, ""rho_max"": 1000000000000000.0, ""rho_fab_base"": 30000000000000.0, ""first_gas_pressure_factor"": 0.20814386688149966}",0.08325774525992366,5787189.8996949345,5.69658011986447,0.5894169943802242,0.5747241247314485,0.3692324119659564,0.28412550745181786,COMPLETE
222,46.60753014808164,1.2364993892907123,7.9101687556691855,2949795.38646082,1.1485425042115302e-07,0.33750064712982714,,,,,1.9230027774131644,,blank_sat,,,0.33750064712982714,48.53694189169412,0.0,0.560763497461497,1.3223810894590363e+20,"{""rho_mode"": ""blank_sat"", ""rho_blank_scale"": 1.9230027774131644, ""rho_max"": 1000000000000000.0, ""rho_fab_base"": 30000000000000.0, ""first_gas_pressure_factor"": 0.33750064712982714}",0.11546907120020068,0.0,3.4809654144734945,1.4922047012359462e-05,0.971735182507577,0.32963212690528776,0.36218643368098397,COMPLETE
223,42.829530890819484,1.0683406568900191,4.879948572100987,2376987.999136485,9.238544039161088e-08,0.26871070652916784,,,,,1.5364997906564093,,blank_sat,,,0.26871070652916784,103.90958623895789,0.0,0.6889729587643556,6.959067909911847e+19,"{""rho_mode"": ""blank_sat"", ""rho_blank_scale"": 1.5364997906564093, ""rho_max"": 1000000000000000.0, ""rho_fab_base"": 30000000000000.0, ""first_gas_pressure_factor"": 0.26871070652916784}",0.09082207982619202,0.0,2.210263918379352,4.403513097030207e-05,0.9248085284710448,0.39689258631116203,0.47117648028278014,COMPLETE
224,111201.10907862108,1.4015939310357186,12.708972014712627,1057359.236258302,3.730809101524518e-08,0.3702026086889161,,,,,,3.0634805189478675,constant,,,0.3702026086889161,245790.42588645295,0.0,0.9507704783232457,13817948487.990665,"{""rho_mode"": ""constant"", ""rho_const_scale"": 3.0634805189478675, ""rho_max"": 1000000000000000.0, ""rho_fab_base"": 30000000000000.0, ""first_gas_pressure_factor"": 0.3702026086889161}",3.0442577700034366,22234.83881422293,1.4508915940122102,0.41925569587362926,0.47072492240963726,0.31597515703891826,0.17969733045968783,COMPLETE
225,542.9716496242285,3.3448975674607437,1.0688978045768445,1952887.7826878387,8.186810238871663e-07,0.2757927730850148,1.5956187295605204,-102.19109974440829,2.8109966319166872,0.45027443942926804,,,blank_sat_deformed,,,0.2757927730850148,17868.774664498284,0.0,0.9083079064667952,31356411696134.035,"{""rho_mode"": ""blank_sat_deformed"", ""rho_blank_def_scale"": 0.45027443942926804, ""rho_T_shift"": -102.19109974440829, ""rho_T_tau_scale"": 2.8109966319166872, ""rho_T_amp_scale"": 1.5956187295605204, ""rho_max"": 1000000000000000.0, ""rho_fab_base"": 30000000000000.0, ""first_gas_pressure_factor"": 0.2757927730850148}",0.11931051815713246,100.62199357853625,0.5260223230246552,0.1537529274596441,0.7564939218535726,0.7251802012877846,0.8717848945721964,COMPLETE
226,48.957664716014584,1.2180081085266994,4.950031690099844,2773572.8715608628,6.029291845440544e-08,0.21277890171075897,,,,,2.3191874672951878,,blank_sat,,,0.21277890171075897,44.34188495208209,0.0,0.5478800601175619,1.4941449728126265e+20,"{""rho_mode"": ""blank_sat"", ""rho_blank_scale"": 2.3191874672951878, ""rho_max"": 1000000000000000.0, ""rho_fab_base"": 30000000000000.0, ""first_gas_pressure_factor"": 0.21277890171075897}",0.13570881890366704,0.0,5.3337672619115875,0.00017141082683060015,0.8980918586225461,0.2852902383878752,0.239776583567271,COMPLETE
227,1000000000.0,1.6090327146626304,28.394629374126897,1178081.039136212,3.5333401830145814e-07,0.5633674126801422,,,,,1.5163948688223676,,blank_sat,"FloatingPointError('Non-finite swelling_d_percent at T=2200.0, bu=3.2: nan')",True,,,,,,,,,,,,,,COMPLETE
228,41.903357859932854,1.0335684329586279,7.149989811040245,2385154.683997515,5.691619785526004e-08,0.4124898098033586,,,,,1.5094177082170492,,blank_sat,,,0.4124898098033586,111.7377990433033,0.0,0.6999989518667376,5.869528586636433e+19,"{""rho_mode"": ""blank_sat"", ""rho_blank_scale"": 1.5094177082170492, ""rho_max"": 1000000000000000.0, ""rho_fab_base"": 30000000000000.0, ""first_gas_pressure_factor"": 0.4124898098033586}",0.09042252656487082,0.0,2.538235869491661,6.258950741339261e-05,0.886625570135071,0.3612962714827764,0.4186838649603587,COMPLETE
229,739.7782283997874,1.6294321041659856,2.762464067929807,121875.91329595218,1.942999539367096e-06,0.3526088843721477,,,,,,0.9541226457819234,constant,,,0.3526088843721477,19765.397398417947,0.0,0.8783492358597226,20950597935435.434,"{""rho_mode"": ""constant"", ""rho_const_scale"": 0.9541226457819234, ""rho_max"": 1000000000000000.0, ""rho_fab_base"": 30000000000000.0, ""first_gas_pressure_factor"": 0.3526088843721477}",0.004671541403733413,143.83981672166865,1.3257766359420329,0.14150504425673383,0.07763891808941131,0.6704577248289761,0.7196520293975531,COMPLETE
230,2029634.1273552538,1.5062825950406973,8.880335936466011,2057520.9689198292,6.81025885184444e-08,0.5878739959154995,,,,,1.2377765622238173,,blank_sat,,,0.5878739959154995,1046464.710598277,0.0,0.9772258550201719,194411734.47124258,"{""rho_mode"": ""blank_sat"", ""rho_blank_scale"": 1.2377765622238173, ""rho_max"": 1000000000000000.0, ""rho_fab_base"": 30000000000000.0, ""first_gas_pressure_factor"": 0.5878739959154995}",0.07397945867501311,405919.252272002,2.7616793720218658,0.44515869033431793,0.7414989343726108,0.32456298233949793,0.3625810301162351,COMPLETE
231,44.91634566956529,1.2919989527481852,8.40621012581138,2824394.7207532283,4.85334400828398e-08,0.36984123874448477,,,,,1.7307813821542342,,blank_sat,,,0.36984123874448477,55.78234912126863,0.0,0.5834559454837395,1.137228082850949e+20,"{""rho_mode"": ""blank_sat"", ""rho_blank_scale"": 1.7307813821542342, ""rho_max"": 1000000000000000.0, ""rho_fab_base"": 30000000000000.0, ""first_gas_pressure_factor"": 0.36984123874448477}",0.11061220303115821,0.0,4.253748923827894,5.816151343724893e-05,0.8638491516970717,0.2948179088230403,0.28790190767963375,COMPLETE
232,30328.696521140195,1.3629554493879505,6.098069538967175,1332988.2479289898,5.343381052604466e-08,0.4313979098178953,,,,,1.4737453066475774,,blank_sat,,,0.4313979098178953,129076.36811908122,0.0,0.9596786396417123,98117995044.86235,"{""rho_mode"": ""blank_sat"", ""rho_blank_scale"": 1.4737453066475774, ""rho_max"": 1000000000000000.0, ""rho_fab_base"": 30000000000000.0, ""first_gas_pressure_factor"": 0.4313979098178953}",0.4130712284891499,6058.729148941239,3.582721178673707,0.30611921435100536,0.5837258110411558,0.2990745469083026,0.29669279998254716,COMPLETE
233,42.16628141908029,1.0656361413915856,4.839347141455817,2428633.7795129945,5.838493020921972e-08,0.34181497669071775,,,,,1.5594825197848545,,blank_sat,,,0.34181497669071775,82.6918515486578,0.0,0.6505572403748258,8.853264462010856e+19,"{""rho_mode"": ""blank_sat"", ""rho_blank_scale"": 1.5594825197848545, ""rho_max"": 1000000000000000.0, ""rho_fab_base"": 30000000000000.0, ""first_gas_pressure_factor"": 0.34181497669071775}",0.09209686359910439,0.0,2.7402046821900266,4.417843551449319e-05,0.8862400620687103,0.3457559471789895,0.3972539566340483,COMPLETE
234,42.30891949217742,1.1037501148670512,8.299512693562733,2470253.270386004,6.107421910658132e-08,0.3209525240825783,,,,,1.5571496918287282,,blank_sat,,,0.3209525240825783,79.39142619134475,0.0,0.6436465003702451,8.981579410208527e+19,"{""rho_mode"": ""blank_sat"", ""rho_blank_scale"": 1.5571496918287282, ""rho_max"": 1000000000000000.0, ""rho_fab_base"": 30000000000000.0, ""first_gas_pressure_factor"": 0.3209525240825783}",0.09258022901938438,0.0,2.807630480283056,1.8424594937627034e-05,0.8851842300384364,0.34461540532760226,0.3918845045184808,COMPLETE
