number,value,params_Dg_dislocation_scale,params_Dv_dislocation_scale,params_K_d,params_f_n,params_first_gas_pressure_factor,params_rho_T_amp_scale,params_rho_T_shift,params_rho_T_tau_scale,params_rho_blank_def_scale,params_rho_blank_scale,params_rho_const_scale,params_rho_mode,user_attrs_error,user_attrs_failed,user_attrs_first_gas_pressure_factor,user_attrs_max_Rd_nm,user_attrs_max_f_cap_step,user_attrs_max_psi_d,user_attrs_min_Nd,user_attrs_rho_cfg,user_attrs_score_Nd_drop,user_attrs_score_guards,user_attrs_score_partition,user_attrs_score_pressure,user_attrs_score_radius_T,user_attrs_score_swelling_T,user_attrs_score_swelling_burnup,state
136,80.65377271766656,1.0039511126781424,1.5292083646917378,2889864.275894321,5.528214888100248e-08,0.6920089594748451,,,,,1.0089344259637376,,blank_sat,,,0.6920089594748451,5813.981939920153,0.0,0.9272937805404091,968595386995814.2,"{""rho_mode"": ""blank_sat"", ""rho_blank_scale"": 1.0089344259637376, ""rho_max"": 1000000000000000.0, ""rho_fab_base"": 30000000000000.0, ""first_gas_pressure_factor"": 0.6920089594748451}",0.09063279728096728,7.14063918205733,1.350725217923967,0.0615087822083393,0.9782220335367939,0.5384377194932762,0.6761605767898407,COMPLETE
137,1000000000.0,21.42380079689687,18.360653006505117,1842072.1502786141,2.148278307022296e-06,0.6249033922997462,,,,,1.9842113146218139,,blank_sat,"FloatingPointError('Non-finite swelling_d_percent at T=2200.0, bu=3.2: nan')",True,,,,,,,,,,,,,,COMPLETE
138,110.19218192656741,1.3710156105125313,1.372984392969148,1924364.582225894,4.3220424519908177e-08,0.43847828068056927,,,,,1.7267800648095093,,blank_sat,,,0.43847828068056927,7530.651109827166,0.0,0.9293451318825441,448688453187117.3,"{""rho_mode"": ""blank_sat"", ""rho_blank_scale"": 1.7267800648095093, ""rho_max"": 1000000000000000.0, ""rho_fab_base"": 30000000000000.0, ""first_gas_pressure_factor"": 0.43847828068056927}",0.08695621040539321,13.821028939202748,4.644349525400265,0.0766799413342532,0.7131390633949869,0.26926764651929846,0.25430577558036394,COMPLETE
139,55.534966446946015,1.651373638967469,1.1758584917375225,1076002.4310884925,8.969455954695124e-07,0.9574525143625364,2.9745281776934416,2.8489454451465974,0.5051062698110821,5.24104651939325,,,blank_sat_deformed,,,0.9574525143625364,47.0072812520689,0.0,0.5660101788117313,8.447450775073746e+18,"{""rho_mode"": ""blank_sat_deformed"", ""rho_blank_def_scale"": 5.24104651939325, ""rho_T_shift"": 2.8489454451465974, ""rho_T_tau_scale"": 0.5051062698110821, ""rho_T_amp_scale"": 2.9745281776934416, ""rho_max"": 1000000000000000.0, ""rho_fab_base"": 30000000000000.0, ""first_gas_pressure_factor"": 0.9574525143625364}",0.12487538712439548,0.0,7.93543958738387,0.005228027690436039,0.7728629238056152,0.4105443864026546,0.2642065213202218,COMPLETE
140,3143.0656899986766,3.0849613653614814,3.874887030646308,2657675.774604961,5.885461574818175e-07,0.33819616990538737,,,,,1.0089101299738448,,blank_sat,,,0.33819616990538737,42302.22461416861,0.0,0.9540358809131245,2738519867056.0645,"{""rho_mode"": ""blank_sat"", ""rho_blank_scale"": 1.0089101299738448, ""rho_max"": 1000000000000000.0, ""rho_fab_base"": 30000000000000.0, ""first_gas_pressure_factor"": 0.33819616990538737}",0.07491324802528342,620.7342082067352,2.061171289298955,0.17901527540970527,0.827522599065201,0.38561368233215465,0.4567115790824917,COMPLETE
141,12818.253362293684,11.579175803057012,5.274979312409453,215773.06523423543,4.627078893964463e-07,0.4319869980173979,,,,,2.2226193502661253,,blank_sat,,,0.4319869980173979,83506.24313425232,0.0,0.9280409754822583,327684583343.1348,"{""rho_mode"": ""blank_sat"", ""rho_blank_scale"": 2.2226193502661253, ""rho_max"": 1000000000000000.0, ""rho_fab_base"": 30000000000000.0, ""first_gas_pressure_factor"": 0.4319869980173979}",2.020852766317029,2554.812452043602,8.56327026155249,0.5038611767255601,0.010668953894423495,0.7864531913782669,0.9378712867323213,COMPLETE
142,51.32718964582404,1.6320429314403275,1.9551739379328246,2782764.2669498,2.092206148971123e-06,0.4708077117764484,,,,,1.811069732624572,,blank_sat,,,0.4708077117764484,55.65819938891338,0.0,0.585396908447636,1.1832486315232564e+20,"{""rho_mode"": ""blank_sat"", ""rho_blank_scale"": 1.811069732624572, ""rho_max"": 1000000000000000.0, ""rho_fab_base"": 30000000000000.0, ""first_gas_pressure_factor"": 0.4708077117764484}",0.10574239432131673,0.0,1.3169639998357159,2.5004945529519873e-06,1.15472023466376,0.5970687365257126,0.7404421782346314,COMPLETE
143,50.62250421668756,4.113145904483568,1.014283201485504,2164156.6462430493,1.2579815039574207e-07,0.17255710147361236,,,,,1.9454100605854925,,blank_sat,,,0.17255710147361236,2048.88775158815,0.0,0.9204824328108129,2.1647283537771724e+16,"{""rho_mode"": ""blank_sat"", ""rho_blank_scale"": 1.9454100605854925, ""rho_max"": 1000000000000000.0, ""rho_fab_base"": 30000000000000.0, ""first_gas_pressure_factor"": 0.17255710147361236}",0.10104554672165993,0.16012436491529483,7.69557979241038,0.041695180632754326,0.6217887690266325,0.3824272174782457,0.34071764052247033,COMPLETE
144,6134.88729317099,3.8812823063111463,4.040075100226085,1787197.9786660566,7.928135386017863e-07,0.8469447038863951,2.0403186479939075,179.985879320729,0.7701234573394823,0.5036075009742037,,,blank_sat_deformed,,,0.8469447038863951,58696.73510317463,0.0,0.9539478088593056,1024810106802.1156,"{""rho_mode"": ""blank_sat_deformed"", ""rho_blank_def_scale"": 0.5036075009742037, ""rho_T_shift"": 179.985879320729, ""rho_T_tau_scale"": 0.7701234573394823, ""rho_T_amp_scale"": 2.0403186479939075, ""rho_max"": 1000000000000000.0, ""rho_fab_base"": 30000000000000.0, ""first_gas_pressure_factor"": 0.8469447038863951}",0.06795817642301875,1219.20048801288,4.213874636582956,0.22724926298919165,0.6057453290833761,0.3764451540680374,0.2807378917785891,COMPLETE
145,46.29113541579414,2.7332623621660423,4.818171068210149,2693774.6368713626,7.162240980754941e-07,0.2806046569809561,0.807614970297895,77.29951474103328,1.561227880536298,1.87562721645451,,,blank_sat_deformed,,,0.2806046569809561,55.08490692294259,0.0,0.5882019093190638,1.247936675031975e+20,"{""rho_mode"": ""blank_sat_deformed"", ""rho_blank_def_scale"": 1.87562721645451, ""rho_T_shift"": 77.29951474103328, ""rho_T_tau_scale"": 1.561227880536298, ""rho_T_amp_scale"": 0.807614970297895, ""rho_max"": 1000000000000000.0, ""rho_fab_base"": 30000000000000.0, ""first_gas_pressure_factor"": 0.2806046569809561}",0.12821562841531337,0.0,4.700936260322963,0.00018597850281761814,0.8656168972390968,0.29377723929278854,0.27998113908609495,COMPLETE
146,1391.13381826731,5.9777092638356395,1.5292268519833345,346523.1117184268,7.200176534892663e-08,0.30262229989667977,0.6837064742306077,83.2913255796456,1.5110708697512958,1.8309927544090026,,,blank_sat_deformed,,,0.30262229989667977,28261.541940822186,0.0,0.9107811764816981,7990353074148.21,"{""rho_mode"": ""blank_sat_deformed"", ""rho_blank_def_scale"": 1.8309927544090026, ""rho_T_shift"": 83.2913255796456, ""rho_T_tau_scale"": 1.5110708697512958, ""rho_T_amp_scale"": 0.6837064742306077, ""rho_max"": 1000000000000000.0, ""rho_fab_base"": 30000000000000.0, ""first_gas_pressure_factor"": 0.30262229989667977}",0.24855608773133814,270.52724679507327,8.230154755357129,0.3221592667063079,0.03351119646945655,0.5821404469282645,0.712537882651346,COMPLETE
147,4608.3329009113395,1.7728323874045602,4.408106870992448,1427651.9530711586,9.77563606707244e-07,0.10743038205080833,0.8270271627482213,111.19417032810263,2.0934486002790202,2.079005367713613,,,blank_sat_deformed,,,0.10743038205080833,51017.342866929226,0.0,0.9648611298414635,1614924847552.9062,"{""rho_mode"": ""blank_sat_deformed"", ""rho_blank_def_scale"": 2.079005367713613, ""rho_T_shift"": 111.19417032810263, ""rho_T_tau_scale"": 2.0934486002790202, ""rho_T_amp_scale"": 0.8270271627482213, ""rho_max"": 1000000000000000.0, ""rho_fab_base"": 30000000000000.0, ""first_gas_pressure_factor"": 0.10743038205080833}",0.10166208651918351,913.7259768391659,3.061644012759843,0.17417943588328208,0.7842313449915732,0.3203570817569162,0.35899221320152963,COMPLETE
148,58.4878115641365,2.0877973370926997,2.596328374879061,2738823.359267971,2.5741730106001465e-06,0.23586570381635602,,,,,4.621831974546802,,blank_sat,,,0.23586570381635602,31.747305481961728,0.0,0.4940351082887093,2.933669255305494e+20,"{""rho_mode"": ""blank_sat"", ""rho_blank_scale"": 4.621831974546802, ""rho_max"": 1000000000000000.0, ""rho_fab_base"": 30000000000000.0, ""first_gas_pressure_factor"": 0.23586570381635602}",0.18067090383977816,0.0,6.814263358908726,0.00021716695083471543,1.0711294064254828,0.2807939027252639,0.20470862126983644,COMPLETE
149,43.29395892973562,2.2703640186477974,2.3564425396804762,2706570.2767119813,6.453914895076971e-07,0.24503161336726348,0.5097173489704483,74.73755217369055,1.5078034483389853,1.4649134991487909,,,blank_sat_deformed,,,0.24503161336726348,1586.4923880030465,0.0,0.9370427410961837,4.91898631962817e+16,"{""rho_mode"": ""blank_sat_deformed"", ""rho_blank_def_scale"": 1.4649134991487909, ""rho_T_shift"": 74.73755217369055, ""rho_T_tau_scale"": 1.5078034483389853, ""rho_T_amp_scale"": 0.5097173489704483, ""rho_max"": 1000000000000000.0, ""rho_fab_base"": 30000000000000.0, ""first_gas_pressure_factor"": 0.24503161336726348}",0.0946791102076991,0.03269470855828742,2.271652164733507,0.021921297355629706,0.931125065508026,0.3921556792131485,0.46940249078043966,COMPLETE
150,1008.9117339976326,2.7240803749954874,2.4970471558060763,1999313.4763069367,1.2520741312368464e-06,0.2895967387601402,0.45772062259581897,82.8104106927209,1.6869888980720678,1.4966872000159843,,,blank_sat_deformed,,,0.2895967387601402,24276.59108441085,0.0,0.9438679248165649,14030784841331.676,"{""rho_mode"": ""blank_sat_deformed"", ""rho_blank_def_scale"": 1.4966872000159843, ""rho_T_shift"": 82.8104106927209, ""rho_T_tau_scale"": 1.6869888980720678, ""rho_T_amp_scale"": 0.45772062259581897, ""rho_max"": 1000000000000000.0, ""rho_fab_base"": 30000000000000.0, ""first_gas_pressure_factor"": 0.2895967387601402}",0.07903717394049263,193.90930397831414,2.396872666720463,0.14097874798112064,0.8150078231024523,0.35605357036872115,0.4227926705011769,COMPLETE
151,50.49232880393717,1.3556014329118917,3.897332239361271,2980885.118132465,6.113326349332038e-07,0.27534063925897667,0.5236086183927784,101.18656939095911,1.4819722487124374,1.4923227195902582,,,blank_sat_deformed,,,0.27534063925897667,61.76140950290705,0.0,0.5997672781314639,1.156946432071286e+20,"{""rho_mode"": ""blank_sat_deformed"", ""rho_blank_def_scale"": 1.4923227195902582, ""rho_T_shift"": 101.18656939095911, ""rho_T_tau_scale"": 1.4819722487124374, ""rho_T_amp_scale"": 0.5236086183927784, ""rho_max"": 1000000000000000.0, ""rho_fab_base"": 30000000000000.0, ""first_gas_pressure_factor"": 0.27534063925897667}",0.11271547082533252,0.0,1.1562867425666656,7.713199194070782e-07,1.1280862948218142,0.6176020563008395,0.772480098833366,COMPLETE
152,31220.15508987463,2.2153765149996523,6.382131847296818,2902734.8869293598,3.9277455082504157e-08,0.26263884638726803,,,,,0.7154447014318606,,blank_sat,,,0.26263884638726803,130960.98206365766,0.0,0.9635845536824269,95094436679.21791,"{""rho_mode"": ""blank_sat"", ""rho_blank_scale"": 0.7154447014318606, ""rho_max"": 1000000000000000.0, ""rho_fab_base"": 30000000000000.0, ""first_gas_pressure_factor"": 0.26263884638726803}",0.12082683754238056,6236.832647390748,2.273354787056993,0.27968092883802226,0.7198229778871252,0.34200322363348934,0.3969404028263366,COMPLETE
153,154.75344572870867,1.0629692675545632,1.9945626362081852,1947331.750203267,4.0111553931485436e-08,0.5756441617773524,0.614388905040602,63.73904012155538,1.305107569218994,1.6734614542134705,,,blank_sat_deformed,,,0.5756441617773524,9301.976336392281,0.0,0.9384770759033736,245164003918018.34,"{""rho_mode"": ""blank_sat_deformed"", ""rho_blank_def_scale"": 1.6734614542134705, ""rho_T_shift"": 63.73904012155538, ""rho_T_tau_scale"": 1.305107569218994, ""rho_T_amp_scale"": 0.614388905040602, ""rho_max"": 1000000000000000.0, ""rho_fab_base"": 30000000000000.0, ""first_gas_pressure_factor"": 0.5756441617773524}",0.09011427722271263,23.01298790341841,3.3846476107072525,0.08222338598821101,0.7765770022549463,0.28958741972263863,0.3182243927941326,COMPLETE
154,1395.6227710118621,4.023041900427629,1.5547753245921965,147612.1947590668,6.095283097755872e-08,0.8724032665900509,,,,,1.2007730139562183,,blank_sat,,,0.8724032665900509,27854.32548742236,0.0,0.8977038610627721,7991581475354.008,"{""rho_mode"": ""blank_sat"", ""rho_blank_scale"": 1.2007730139562183, ""rho_max"": 1000000000000000.0, ""rho_fab_base"": 30000000000000.0, ""first_gas_pressure_factor"": 0.8724032665900509}",0.40799044246458843,272.28796868725306,7.133724473074961,0.44389651244599426,0.05260497001976523,0.49589494488427305,0.6378144244152862,COMPLETE
155,51.52270424193028,1.6922839399570202,1.8022264818908567,2305309.521567611,4.429280087656624e-07,0.447370839683514,,,,,3.1727163445730424,,blank_sat,,,0.447370839683514,41.70182474408117,0.0,0.5428406256490889,1.7006346108245508e+20,"{""rho_mode"": ""blank_sat"", ""rho_blank_scale"": 3.1727163445730424, ""rho_max"": 1000000000000000.0, ""rho_fab_base"": 30000000000000.0, ""first_gas_pressure_factor"": 0.447370839683514}",0.13955535420933365,0.0,6.0480100313729555,0.0008111881872367355,0.9168756810610805,0.27888490280298245,0.22411679462743997,COMPLETE
156,1016574867.066332,5.055042803709836,7.4828288054097465,1766690.8025444287,8.670994374421983e-07,0.2432456824369196,0.4060263981191897,105.01980080620493,2.0008061246599125,1.8599472600976414,,,blank_sat_deformed,,,0.2432456824369196,23389401.340966128,0.0,0.982260593401244,17682.1160391526,"{""rho_mode"": ""blank_sat_deformed"", ""rho_blank_def_scale"": 1.8599472600976414, ""rho_T_shift"": 105.01980080620493, ""rho_T_tau_scale"": 2.0008061246599125, ""rho_T_amp_scale"": 0.4060263981191897, ""rho_max"": 1000000000000000.0, ""rho_fab_base"": 30000000000000.0, ""first_gas_pressure_factor"": 0.2432456824369196}",0.09238893260700702,203314964.0050747,6.880579018319243,0.8397419233657829,0.5334643203211299,0.457841378186075,0.35252783882194755,COMPLETE
157,2149.131127323471,3.349454360966569,4.4442432859424645,2722182.0172646204,9.147445633128416e-07,0.40129447992340456,0.6685615296866295,78.29318280643828,1.1140688046645726,1.214435333388149,,,blank_sat_deformed,,,0.40129447992340456,35115.60553518617,0.0,0.9631054901833629,4925297646052.581,"{""rho_mode"": ""blank_sat_deformed"", ""rho_blank_def_scale"": 1.214435333388149, ""rho_T_shift"": 78.29318280643828, ""rho_T_tau_scale"": 1.1140688046645726, ""rho_T_amp_scale"": 0.6685615296866295, ""rho_max"": 1000000000000000.0, ""rho_fab_base"": 30000000000000.0, ""first_gas_pressure_factor"": 0.40129447992340456}",0.08474635508131001,421.6238381181363,2.773335679663895,0.15022275975700408,0.8411000638537859,0.3436725050667864,0.39288173955054045,COMPLETE
158,15313.665197003987,16.825866555383524,5.956973079413375,317541.6054535483,3.393646451775267e-08,0.8759002793718966,,,,,1.2968634754502566,,blank_sat,,,0.8759002793718966,90997.89315791868,0.0,0.9278572375671043,253081766852.73206,"{""rho_mode"": ""blank_sat"", ""rho_blank_scale"": 1.2968634754502566, ""rho_max"": 1000000000000000.0, ""rho_fab_base"": 30000000000000.0, ""first_gas_pressure_factor"": 0.8759002793718966}",2.312735199458097,3053.7448351198427,8.501264228067493,0.542152635272858,0.02369449080389087,0.8033011424491067,0.9618509124702076,COMPLETE
159,72.94745126011462,1.0332971403237843,3.2427160195127605,1754439.6804177475,3.1272736942067754e-08,0.5105547522057676,,,,,,29.545227156039758,constant,,,0.5105547522057676,34.23521697800384,0.0,0.5142393977396396,8.090738710828037e+20,"{""rho_mode"": ""constant"", ""rho_const_scale"": 29.545227156039758, ""rho_max"": 1000000000000000.0, ""rho_fab_base"": 30000000000000.0, ""first_gas_pressure_factor"": 0.5105547522057676}",0.1927294069233009,0.0,8.221706477399879,0.00035018688404183653,1.3646902762143662,0.3523025652605635,0.1988573459270313,COMPLETE
160,469.46129693816846,1.0076709711482743,1.6259470533319096,1116019.6609919611,4.474332789259816e-08,0.32368165854940834,,,,,2.28687559104558,,blank_sat,,,0.32368165854940834,16654.7748775559,0.0,0.9302537818056603,41600583608905.16,"{""rho_mode"": ""blank_sat"", ""rho_blank_scale"": 2.28687559104558, ""rho_max"": 1000000000000000.0, ""rho_fab_base"": 30000000000000.0, ""first_gas_pressure_factor"": 0.32368165854940834}",0.07314136529087355,86.09258987485502,4.889463559701134,0.12972027240664571,0.6059551472294624,0.28614497453569104,0.2621120221401766,COMPLETE
161,48.438493191782506,3.9960803648624394,4.070711993066536,2676619.200450628,3.332091454423651e-07,0.18566761799645462,,,,,1.7012981959003517,,blank_sat,,,0.18566761799645462,78.19480215251176,0.0,0.6516156034352079,1.0546900960815117e+20,"{""rho_mode"": ""blank_sat"", ""rho_blank_scale"": 1.7012981959003517, ""rho_max"": 1000000000000000.0, ""rho_fab_base"": 30000000000000.0, ""first_gas_pressure_factor"": 0.18566761799645462}",0.10653183207292195,0.0,6.64621197182943,0.0012739567377644903,0.7004443611927531,0.358640319028937,0.2591801871586576,COMPLETE
162,327.56175224277274,1.0986606709150126,1.0485189023576342,1182426.244803187,4.3779981706355753e-07,0.8236179274185207,,,,,1.6711741191922487,,blank_sat,,,0.8236179274185207,13899.922458345112,0.0,0.9166553987945368,68468775350223.97,"{""rho_mode"": ""blank_sat"", ""rho_blank_scale"": 1.6711741191922487, ""rho_max"": 1000000000000000.0, ""rho_fab_base"": 30000000000000.0, ""first_gas_pressure_factor"": 0.8236179274185207}",0.06775402918595312,57.75570205931337,1.3664840436657397,0.12561954387067156,0.8216172948607532,0.465362719878958,0.5685200133432541,COMPLETE
163,2283.7807467232665,4.088542954742967,3.031395744701458,1197907.9113725019,1.6663826864089843e-07,0.3579115434830891,,,,,2.580940245881008,,blank_sat,,,0.3579115434830891,36107.95335340597,0.0,0.9516218671798206,4370146657621.912,"{""rho_mode"": ""blank_sat"", ""rho_blank_scale"": 2.580940245881008, ""rho_max"": 1000000000000000.0, ""rho_fab_base"": 30000000000000.0, ""first_gas_pressure_factor"": 0.3579115434830891}",0.08934143988587946,446.8250098757882,8.111782135603812,0.1844665778513258,0.461699412380417,0.5367826694683705,0.5045778789395146,COMPLETE
164,51.34065909100974,3.150106745956613,2.9924609504158766,2391929.3962802193,3.877329530511067e-07,0.16932835879166458,0.5383716834428658,140.57857343248634,1.049556078432363,2.2466106395362555,,,blank_sat_deformed,,,0.16932835879166458,52.267338434427735,0.0,0.581364060200176,1.1429474410424254e+20,"{""rho_mode"": ""blank_sat_deformed"", ""rho_blank_def_scale"": 2.2466106395362555, ""rho_T_shift"": 140.57857343248634, ""rho_T_tau_scale"": 1.049556078432363, ""rho_T_amp_scale"": 0.5383716834428658, ""rho_max"": 1000000000000000.0, ""rho_fab_base"": 30000000000000.0, ""first_gas_pressure_factor"": 0.16932835879166458}",0.13606736979788545,0.0,7.0841884258086605,0.0015423420564618549,0.755827512714374,0.3548488657999365,0.2467150891984037,COMPLETE
165,10057.433185414086,16.694785011015412,5.023177418745045,318726.08737953805,1.241336191147505e-07,0.5466032033183968,0.8282722892219266,1.9451888169819824,1.5839151544446384,1.1143017578871586,,,blank_sat_deformed,,,0.5466032033183968,73666.76205551784,0.0,0.922487018604409,468789026365.28314,"{""rho_mode"": ""blank_sat_deformed"", ""rho_blank_def_scale"": 1.1143017578871586, ""rho_T_shift"": 1.9451888169819824, ""rho_T_tau_scale"": 1.5839151544446384, ""rho_T_amp_scale"": 0.8282722892219266, ""rho_max"": 1000000000000000.0, ""rho_fab_base"": 30000000000000.0, ""first_gas_pressure_factor"": 0.5466032033183968}",2.005329383426551,2002.6435809839404,8.42057082230649,0.5338688875612956,0.036107089568063216,0.7699053476820659,0.9357148075058829,COMPLETE
166,42.933930606727195,1.1011346256705163,9.306132922754912,2873160.9722366803,4.929457936725736e-08,0.2491406589829158,,,,,1.3388944339799607,,blank_sat,,,0.2491406589829158,72.97708218396356,0.0,0.62647720189504,8.989594415729811e+19,"{""rho_mode"": ""blank_sat"", ""rho_blank_scale"": 1.3388944339799607, ""rho_max"": 1000000000000000.0, ""rho_fab_base"": 30000000000000.0, ""first_gas_pressure_factor"": 0.2491406589829158}",0.09391257936512361,0.0,2.4001407389483345,6.920608807871294e-06,0.9227770181269288,0.378018022554189,0.44287418469917783,COMPLETE
167,182526.32592809125,1.4178517563909674,9.140520692612506,1176632.1250656417,1.1208838165089275e-07,0.2284065778108926,,,,,0.9969733969356932,,blank_sat,,,0.2284065778108926,314721.71728875017,0.0,0.959100349561777,6756525210.24162,"{""rho_mode"": ""blank_sat"", ""rho_blank_scale"": 0.9969733969356932, ""rho_max"": 1000000000000000.0, ""rho_fab_base"": 30000000000000.0, ""first_gas_pressure_factor"": 0.2284065778108926}",1.8154563427314776,36498.74404239386,1.4881044060836044,0.42219275380635396,0.6133149779741089,0.39684544016559187,0.4751238359899946,COMPLETE
168,56.554216059832285,12.531767120202701,29.493544252137283,2195506.151543552,2.9484626822174365e-06,0.35094434538672703,0.4611613004745167,84.66470553397896,0.9623197788162424,2.645044520774064,,,blank_sat_deformed,,,0.35094434538672703,59.40966016816138,0.0,0.608647378208552,1.3647611635115162e+20,"{""rho_mode"": ""blank_sat_deformed"", ""rho_blank_def_scale"": 2.645044520774064, ""rho_T_shift"": 84.66470553397896, ""rho_T_tau_scale"": 0.9623197788162424, ""rho_T_amp_scale"": 0.4611613004745167, ""rho_max"": 1000000000000000.0, ""rho_fab_base"": 30000000000000.0, ""first_gas_pressure_factor"": 0.35094434538672703}",0.14361510624807114,0.0,8.526786689762297,0.00039528740700776085,0.6226846332236939,0.5919245012999731,0.38262412730407236,COMPLETE
