number,value,params_Dg_dislocation_scale,params_Dv_dislocation_scale,params_K_d,params_f_n,params_first_gas_pressure_factor,params_rho_T_amp_scale,params_rho_T_shift,params_rho_T_tau_scale,params_rho_blank_def_scale,params_rho_blank_scale,params_rho_const_scale,params_rho_mode,user_attrs_error,user_attrs_failed,user_attrs_first_gas_pressure_factor,user_attrs_max_Rd_nm,user_attrs_max_f_cap_step,user_attrs_max_psi_d,user_attrs_min_Nd,user_attrs_rho_cfg,user_attrs_score_Nd_drop,user_attrs_score_guards,user_attrs_score_partition,user_attrs_score_pressure,user_attrs_score_radius_T,user_attrs_score_swelling_T,user_attrs_score_swelling_burnup,state
67,254.87550446866516,1.3484311176074908,2.3758611705219796,2806110.7895057923,1.0427740782752661e-07,0.34358746503983767,,,,,1.0559318718470276,,blank_sat,,,0.34358746503983767,12106.599231144583,0.0,0.9418732897084667,112414500656555.06,"{""rho_mode"": ""blank_sat"", ""rho_blank_scale"": 1.0559318718470276, ""rho_max"": 1000000000000000.0, ""rho_fab_base"": 30000000000000.0, ""first_gas_pressure_factor"": 0.34358746503983767}",0.087652523139175,42.33473634848947,1.5059614412639664,0.09246520197714658,0.9431326230767869,0.4829478467744555,0.5947113110864501,COMPLETE
68,45.63726347455524,1.4040931663461669,1.00817995655382,1843481.881111195,1.3869779034199238e-06,0.7953819050029152,,,,,2.3752495149951645,,blank_sat,,,0.7953819050029152,72.75822110226603,0.0,0.6348142564842517,1.0269149189868973e+20,"{""rho_mode"": ""blank_sat"", ""rho_blank_scale"": 2.3752495149951645, ""rho_max"": 1000000000000000.0, ""rho_fab_base"": 30000000000000.0, ""first_gas_pressure_factor"": 0.7953819050029152}",0.09288716711192907,0.0,2.224381343526693,0.00021795913721029756,0.9970831617319598,0.4246558218770724,0.5118466117817412,COMPLETE
69,53.61458424730258,2.0392443905617568,1.1408114035643204,2643646.437009641,1.3000122132814366e-06,0.8050394670321931,,,,,3.3823670411118965,,blank_sat,,,0.8050394670321931,37.613950510222345,0.0,0.5230195485245512,2.0819239886064252e+20,"{""rho_mode"": ""blank_sat"", ""rho_blank_scale"": 3.3823670411118965, ""rho_max"": 1000000000000000.0, ""rho_fab_base"": 30000000000000.0, ""first_gas_pressure_factor"": 0.8050394670321931}",0.14905236849378778,0.0,5.8940851602337005,0.0008192927189345661,1.00469527633074,0.2736673846717579,0.24277730627829308,COMPLETE
70,50.80892744273116,1.2378462515434392,2.9085763756337144,2976296.429625689,5.551886868828018e-07,0.19392467645945843,,,,,2.4782839348296695,,blank_sat,,,0.19392467645945843,40.499910165312514,0.0,0.5328555522714241,1.7251534400784463e+20,"{""rho_mode"": ""blank_sat"", ""rho_blank_scale"": 2.4782839348296695, ""rho_max"": 1000000000000000.0, ""rho_fab_base"": 30000000000000.0, ""first_gas_pressure_factor"": 0.19392467645945843}",0.1259959643344257,0.0,2.8196804336542223,1.4393903671309748e-05,1.1212159892083793,0.40853103963483306,0.4797732967495745,COMPLETE
71,46.06842754269461,1.948061490411894,1.5195117834913274,1401718.0309458885,1.0730152806843364e-06,0.8723068053876785,2.9985694198112123,120.08395011363763,0.8839470946312747,1.4987284725927024,,,blank_sat_deformed,,,0.8723068053876785,78.80141938680521,0.0,0.6537588020059892,3.1497393521130957e+18,"{""rho_mode"": ""blank_sat_deformed"", ""rho_blank_def_scale"": 1.4987284725927024, ""rho_T_shift"": 120.08395011363763, ""rho_T_tau_scale"": 0.8839470946312747, ""rho_T_amp_scale"": 2.9985694198112123, ""rho_max"": 1000000000000000.0, ""rho_fab_base"": 30000000000000.0, ""first_gas_pressure_factor"": 0.8723068053876785}",0.11940131156296459,0.0,5.432952988697293,0.0019707452273060025,0.7576057442679028,0.3368393610559027,0.24293762643880112,COMPLETE
72,1829.5210158916202,1.206219608424906,2.6745543453686222,942865.0011110663,2.266534366390781e-06,0.9235247142787265,2.8461411525278795,37.72935637057452,0.4525662311726442,0.5522109581831017,,,blank_sat_deformed,,,0.9235247142787265,32290.22934367972,0.0,0.9184219069906828,5493191062981.17,"{""rho_mode"": ""blank_sat_deformed"", ""rho_blank_def_scale"": 0.5522109581831017, ""rho_T_shift"": 37.72935637057452, ""rho_T_tau_scale"": 0.4525662311726442, ""rho_T_amp_scale"": 2.8461411525278795, ""rho_max"": 1000000000000000.0, ""rho_fab_base"": 30000000000000.0, ""first_gas_pressure_factor"": 0.9235247142787265}",0.12670570897412473,353.8339726446014,0.7837018241224706,0.15505808712534758,0.9126241243919796,1.4413464020146285,1.5759844825815579,COMPLETE
73,2.5455152181113675e+53,5.385065893268072,12.056795607131711,1370877.8258089155,6.863006528148891e-08,0.3036647434586719,,,,,2.1281065975706523,,blank_sat,,,0.3036647434586719,3.7009275597719914e+29,0.0,5.965865448750257e+20,4.6443049841785863e-63,"{""rho_mode"": ""blank_sat"", ""rho_blank_scale"": 2.1281065975706523, ""rho_max"": 1000000000000000.0, ""rho_fab_base"": 30000000000000.0, ""first_gas_pressure_factor"": 0.3036647434586719}",0.46548028044921913,5.091030436222735e+52,8.222610084414924,24.56953743739955,0.40165150273564965,0.6601222941837339,0.5733663982920678,COMPLETE
74,464.46837222766476,4.448553781889996,1.1547720826071943,1761699.0661007434,7.915752848292763e-07,0.8362994047321136,2.6342733860454595,-60.12776300988129,0.7087838645337586,1.1143553001406183,,,blank_sat_deformed,,,0.8362994047321136,16608.804931597217,0.0,0.9202639468384978,40610044142961.87,"{""rho_mode"": ""blank_sat_deformed"", ""rho_blank_def_scale"": 1.1143553001406183, ""rho_T_shift"": -60.12776300988129, ""rho_T_tau_scale"": 0.7087838645337586, ""rho_T_amp_scale"": 2.6342733860454595, ""rho_max"": 1000000000000000.0, ""rho_fab_base"": 30000000000000.0, ""first_gas_pressure_factor"": 0.8362994047321136}",0.049499859933157586,85.60364303587325,4.338974347804244,0.1513914581137595,0.5785040501117225,0.2813637439705986,0.27469623404183025,COMPLETE
75,1597.9416969305428,5.246066255118815,1.8356193091715183,273424.92969662225,1.7445788725670056e-07,0.9146407057150236,2.951407019829503,144.25964072302827,1.8670907198851499,3.2875524354866092,,,blank_sat_deformed,,,0.9146407057150236,30285.65714508552,0.0,0.9275472535647465,6858174286338.961,"{""rho_mode"": ""blank_sat_deformed"", ""rho_blank_def_scale"": 3.2875524354866092, ""rho_T_shift"": 144.25964072302827, ""rho_T_tau_scale"": 1.8670907198851499, ""rho_T_amp_scale"": 2.951407019829503, ""rho_max"": 1000000000000000.0, ""rho_fab_base"": 30000000000000.0, ""first_gas_pressure_factor"": 0.9146407057150236}",0.1520095878520639,310.50319662216447,8.627710626034883,0.2515541896824912,0.22515972503639647,0.5894625376496884,0.6709804539216251,COMPLETE
76,158.7537838853468,1.0226878418931011,1.1417920325785582,1619809.817410613,2.279682927639514e-06,0.9240483213176743,,,,,1.7808245993220686,,blank_sat,,,0.9240483213176743,8953.657792999174,0.0,0.9228130982523105,261367248623365.2,"{""rho_mode"": ""blank_sat"", ""rho_blank_scale"": 1.7808245993220686, ""rho_max"": 1000000000000000.0, ""rho_fab_base"": 30000000000000.0, ""first_gas_pressure_factor"": 0.9240483213176743}",0.10779197955998691,21.018239471281603,0.6083345425079714,0.08222783506632265,1.123215715966959,0.8477121898916551,1.05074379972669,COMPLETE
77,186.3960896835148,1.0103970486206308,1.0171414264823182,1598816.7972034717,1.305966117650941e-06,0.7359856158550796,1.575992775004152,246.7890939114747,1.1088500483370243,0.5678671967362112,,,blank_sat_deformed,,,0.7359856158550796,9806.417800043535,0.0,0.9187303713104737,196310909081000.8,"{""rho_mode"": ""blank_sat_deformed"", ""rho_blank_def_scale"": 0.5678671967362112, ""rho_T_shift"": 246.7890939114747, ""rho_T_tau_scale"": 1.1088500483370243, ""rho_T_amp_scale"": 1.575992775004152, ""rho_max"": 1000000000000000.0, ""rho_fab_base"": 30000000000000.0, ""first_gas_pressure_factor"": 0.7359856158550796}",0.15794120854287444,26.052638799924363,0.5608949719576121,0.0866976113393974,1.079628469989485,1.0431181029717411,1.0333263932899144,COMPLETE
78,1008.0629977071134,2.22857143009826,4.652897556710581,2800107.938129923,3.37679339424047e-08,0.11962751988213192,,,,,,6.547800090655084,constant,,,0.11962751988213192,24055.148443759423,0.0,0.96583655306091,15452479637083.293,"{""rho_mode"": ""constant"", ""rho_const_scale"": 6.547800090655084, ""rho_max"": 1000000000000000.0, ""rho_fab_base"": 30000000000000.0, ""first_gas_pressure_factor"": 0.11962751988213192}",0.14500736836039693,190.19340332799493,6.211739750745076,0.12719871243567002,1.0109011323982033,0.3848001323238538,0.23802279986447317,COMPLETE
79,78.51871398579912,1.3142757086773342,2.11346382680244,2321744.452879889,1.383283323822519e-06,0.6660292511270005,,,,,,0.7934094127194411,constant,,,0.6660292511270005,84.26131504507438,0.0,0.45081561190971664,3.6561460390818468e+19,"{""rho_mode"": ""constant"", ""rho_const_scale"": 0.7934094127194411, ""rho_max"": 1000000000000000.0, ""rho_fab_base"": 30000000000000.0, ""first_gas_pressure_factor"": 0.6660292511270005}",0.19522265826235163,0.0,1.5851633425339315,4.5214114060922395e-08,1.1718935007015188,1.8208807968779355,2.0911916252477627,COMPLETE
80,546.9745078172692,1.0764972225315523,2.470101087423498,717547.9154623614,4.41250917043658e-07,0.8409045163025691,,,,,4.976254721371025,,blank_sat,,,0.8409045163025691,17843.5579865773,0.0,0.9478920993721861,35788519386117.8,"{""rho_mode"": ""blank_sat"", ""rho_blank_scale"": 4.976254721371025, ""rho_max"": 1000000000000000.0, ""rho_fab_base"": 30000000000000.0, ""first_gas_pressure_factor"": 0.8409045163025691}",0.08996695798394883,100.07263546275543,6.74697118312362,0.11868430079561748,0.6178253648704515,0.3687117937842933,0.29775235253423515,COMPLETE
81,981.5246096822895,2.2645605795483976,1.6170204382674098,667110.5701770381,9.454520011046981e-07,0.7368768160907334,1.8468625266046226,118.64090688046296,0.8310459924871919,1.7507888835086198,,,blank_sat_deformed,,,0.7368768160907334,23918.65958914528,0.0,0.926521904718335,13876116925938.832,"{""rho_mode"": ""blank_sat_deformed"", ""rho_blank_def_scale"": 1.7507888835086198, ""rho_T_shift"": 118.64090688046296, ""rho_T_tau_scale"": 0.8310459924871919, ""rho_T_amp_scale"": 1.8468625266046226, ""rho_max"": 1000000000000000.0, ""rho_fab_base"": 30000000000000.0, ""first_gas_pressure_factor"": 0.7368768160907334}",0.054882666390140215,188.2476712940353,6.0730601643026105,0.19216747776295048,0.42464095290684256,0.4366296001054811,0.37564331893212044,COMPLETE
82,50.57918412152677,3.407692838167797,1.256884275078679,2307047.900261807,2.934735631855046e-06,0.9757599566839067,2.1231163034509213,124.40298057925577,0.8761619187293218,1.5486573679449143,,,blank_sat_deformed,,,0.9757599566839067,47.114487455198486,0.0,0.5651909286579075,5.356131205743778e+18,"{""rho_mode"": ""blank_sat_deformed"", ""rho_blank_def_scale"": 1.5486573679449143, ""rho_T_shift"": 124.40298057925577, ""rho_T_tau_scale"": 0.8761619187293218, ""rho_T_amp_scale"": 2.1231163034509213, ""rho_max"": 1000000000000000.0, ""rho_fab_base"": 30000000000000.0, ""first_gas_pressure_factor"": 0.9757599566839067}",0.14525605747976533,0.0,5.892175693992511,0.001542431782725911,0.8672952411525814,0.32919055604746894,0.22581822349981123,COMPLETE
83,7.422073800317377e+18,1.932411129174123,10.70580209977975,887002.3364151675,2.1420297835623606e-06,0.5465844798863788,2.918864340747802,113.22165923296573,1.0059981169596903,1.6329787467279955,,,blank_sat_deformed,,,0.5465844798863788,1998413570236.567,0.0,3221.426596018672,2.890133878824039e-11,"{""rho_mode"": ""blank_sat_deformed"", ""rho_blank_def_scale"": 1.6329787467279955, ""rho_T_shift"": 113.22165923296573, ""rho_T_tau_scale"": 1.0059981169596903, ""rho_T_amp_scale"": 2.918864340747802, ""rho_max"": 1000000000000000.0, ""rho_fab_base"": 30000000000000.0, ""first_gas_pressure_factor"": 0.5465844798863788}",0.1434098659289306,1.4844147600634752e+18,4.732595605628586,3.280092965142564,0.6217350957177454,0.38660704373884125,0.28379190687736083,COMPLETE
84,114884.75422392746,3.286453982167365,20.46334874273391,287598.11776507815,7.256657637882392e-08,0.26625903426185255,,,,,,3.1410328499577913,constant,,,0.26625903426185255,248949.95833285007,0.0,0.9365514214449461,12710718450.609915,"{""rho_mode"": ""constant"", ""rho_const_scale"": 3.1410328499577913, ""rho_max"": 1000000000000000.0, ""rho_fab_base"": 30000000000000.0, ""first_gas_pressure_factor"": 0.26625903426185255}",5.488507874370046,22970.382778346557,3.6313173620759853,0.6044244269600734,0.0140979310220983,0.8593405036229754,0.9879537411900141,COMPLETE
85,43.529793184978985,1.660124270639084,1.2663312025061808,1933873.8088581446,4.528904849136195e-07,0.542467156276111,,,,,2.2008903757497555,,blank_sat,,,0.542467156276111,83.33530000455367,0.0,0.6593424855039973,9.951405785358328e+19,"{""rho_mode"": ""blank_sat"", ""rho_blank_scale"": 2.2008903757497555, ""rho_max"": 1000000000000000.0, ""rho_fab_base"": 30000000000000.0, ""first_gas_pressure_factor"": 0.542467156276111}",0.09163440794085977,0.0,3.8301369431923504,0.000945170931616303,0.8580268536886735,0.29637473588542557,0.32431965213117375,COMPLETE
86,74.07868312490457,1.4897745387879258,1.4723378538801968,1989819.8457952652,3.001076027675751e-07,0.5574225068878538,,,,,,29.599041871603475,constant,,,0.5574225068878538,31.80251631005839,0.0,0.505197185019979,9.569950790103541e+20,"{""rho_mode"": ""constant"", ""rho_const_scale"": 29.599041871603475, ""rho_max"": 1000000000000000.0, ""rho_fab_base"": 30000000000000.0, ""first_gas_pressure_factor"": 0.5574225068878538}",0.1943628724364992,0.0,8.276166624440998,0.0006923743701679181,1.4097612635520482,0.33309502499289473,0.19757103457381292,COMPLETE
87,49.617863656460294,2.995003376683465,1.451831913264983,2047453.9545717712,9.415664443501625e-07,0.44489591462197237,,,,,2.626992428242615,,blank_sat,,,0.44489591462197237,57.39027945430744,0.0,0.5979029708572433,1.2493386989980813e+20,"{""rho_mode"": ""blank_sat"", ""rho_blank_scale"": 2.626992428242615, ""rho_max"": 1000000000000000.0, ""rho_fab_base"": 30000000000000.0, ""first_gas_pressure_factor"": 0.44489591462197237}",0.11275244509170851,0.0,6.651219567162513,0.002740833465302905,0.7752819785861816,0.3055415798872077,0.2357969436319966,COMPLETE
88,555.8030487268957,2.3366005246751165,1.0005868454903717,561668.8069525007,2.3539699005331805e-06,0.7585669924000064,,,,,2.3902541139492754,,blank_sat,,,0.7585669924000064,18203.106354542637,0.0,0.912040463603199,30027362789020.727,"{""rho_mode"": ""blank_sat"", ""rho_blank_scale"": 2.3902541139492754, ""rho_max"": 1000000000000000.0, ""rho_fab_base"": 30000000000000.0, ""first_gas_pressure_factor"": 0.7585669924000064}",0.022330532078117183,104.77900667729425,4.280132506390676,0.18124030090153456,0.4293902321455595,0.28515143845225416,0.2904765208999617,COMPLETE
89,1556.8997971258784,2.0015872391946523,3.162647938991409,1750109.6412205582,7.62135912459921e-07,0.7421659817272617,,,,,1.6709401772413104,,blank_sat,,,0.7421659817272617,30008.551593967855,0.0,0.9507091009978119,7591353976187.502,"{""rho_mode"": ""blank_sat"", ""rho_blank_scale"": 1.6709401772413104, ""rho_max"": 1000000000000000.0, ""rho_fab_base"": 30000000000000.0, ""first_gas_pressure_factor"": 0.7421659817272617}",0.07483603168329718,303.4435390751109,2.5911599783399426,0.14435155913717426,0.8114382396365805,0.3489129367238108,0.4054463167517201,COMPLETE
90,52.061104109195895,2.030651072594206,2.0580763973284824,1893112.5087773702,4.022957311013616e-07,0.5535112022028028,,,,,3.354142741760916,,blank_sat,,,0.5535112022028028,47.643281585355254,0.0,0.5657052984547981,1.4707496676912769e+20,"{""rho_mode"": ""blank_sat"", ""rho_blank_scale"": 3.354142741760916, ""rho_max"": 1000000000000000.0, ""rho_fab_base"": 30000000000000.0, ""first_gas_pressure_factor"": 0.5535112022028028}",0.1347724433402645,0.0,7.065680700972087,0.001846121043028262,0.8009034889401127,0.3269254539483241,0.22921591639661643,COMPLETE
91,4077.2247009236585,3.0621749046024447,4.0165023149629,2070415.4601893115,3.960050676407127e-08,0.1310975723576724,,,,,1.4563725375677514,,blank_sat,,,0.1310975723576724,48010.415731937384,0.0,0.9597076724181557,1906873534480.0317,"{""rho_mode"": ""blank_sat"", ""rho_blank_scale"": 1.4563725375677514, ""rho_max"": 1000000000000000.0, ""rho_fab_base"": 30000000000000.0, ""first_gas_pressure_factor"": 0.1310975723576724}",0.09044744167370106,806.2525692126121,6.946290733452082,0.17740383932427176,0.5239782037588196,0.4408953658508213,0.3631016702997807,COMPLETE
92,49.49907395017607,1.2142168560246873,1.509748599439197,2676885.13342985,6.2311091393518e-07,0.7341081314864554,,,,,2.312288981483812,,blank_sat,,,0.7341081314864554,45.75260743993802,0.0,0.5528434373723504,1.4503857965754547e+20,"{""rho_mode"": ""blank_sat"", ""rho_blank_scale"": 2.312288981483812, ""rho_max"": 1000000000000000.0, ""rho_fab_base"": 30000000000000.0, ""first_gas_pressure_factor"": 0.7341081314864554}",0.11373295446166,0.0,2.321272790724848,3.891437976064026e-05,1.104033876997757,0.44135618329601595,0.5302102105379065,COMPLETE
93,2381.741333758542,22.21599699690613,2.8895845348773608,261137.35230668978,4.683631124278286e-07,0.27350141583509563,,,,,,0.43037936568783425,constant,,,0.27350141583509563,35371.42646356402,0.0,0.8872448600293361,3767767915677.5396,"{""rho_mode"": ""constant"", ""rho_const_scale"": 0.43037936568783425, ""rho_max"": 1000000000000000.0, ""rho_fab_base"": 30000000000000.0, ""first_gas_pressure_factor"": 0.27350141583509563}",1.0304638347607438,472.65863749475335,1.0094595306652006,0.5072560909525867,0.21071616618211703,0.3750408521599357,0.5749776557844013,COMPLETE
94,4904.5023528679385,27.60009917931641,3.775198518852172,103138.20223326152,2.009902482504695e-06,0.9237735011248345,,,,,0.9092775116256522,,blank_sat,,,0.9237735011248345,50537.617735689426,0.0,0.9032691872830405,1363071631607.2454,"{""rho_mode"": ""blank_sat"", ""rho_blank_scale"": 0.9092775116256522, ""rho_max"": 1000000000000000.0, ""rho_fab_base"": 30000000000000.0, ""first_gas_pressure_factor"": 0.9237735011248345}",1.6576031995524008,971.0058442346515,8.458454972577721,0.6567445141308873,0.29152190937699796,0.651562953248768,0.8353043167556391,COMPLETE
95,641.6332852920287,1.5863250105375637,1.2683899015906006,942052.3359230728,3.236140116078451e-07,0.5157788645384896,,,,,0.37238765339954755,,blank_sat,,,0.5157788645384896,19305.85022532789,0.0,0.8986691732088782,24079314897781.684,"{""rho_mode"": ""blank_sat"", ""rho_blank_scale"": 0.37238765339954755, ""rho_max"": 1000000000000000.0, ""rho_fab_base"": 30000000000000.0, ""first_gas_pressure_factor"": 0.5157788645384896}",0.11919906659677809,118.89072857405716,0.9281776007751635,0.13636654173692575,0.6562916804151457,1.1584455268792682,1.3414825943423614,COMPLETE
96,735.3549742859208,1.7655265426891364,1.3583542680272507,1115777.64573716,1.3255880197759958e-06,0.8960529786755947,,,,,,5.973518467370132,constant,,,0.8960529786755947,20890.818519473276,0.0,0.9158064352665808,20112038630933.336,"{""rho_mode"": ""constant"", ""rho_const_scale"": 5.973518467370132, ""rho_max"": 1000000000000000.0, ""rho_fab_base"": 30000000000000.0, ""first_gas_pressure_factor"": 0.8960529786755947}",0.09592864790679279,141.08861250621104,1.3718164138660538,0.17174775988961627,0.7461191891518807,0.15529027575016432,0.08736923986475506,COMPLETE
97,21151509132.93977,2.299326845304728,8.74086879064141,1939790.0790157225,1.6716916729802277e-06,0.3347092421375993,1.5408791572630713,67.19959889231333,0.597960555620894,1.5353042667274939,,,blank_sat_deformed,,,0.3347092421375993,106683994.30531798,0.0,0.9926058007841941,192.2843837526487,"{""rho_mode"": ""blank_sat_deformed"", ""rho_blank_def_scale"": 1.5353042667274939, ""rho_T_shift"": 67.19959889231333, ""rho_T_tau_scale"": 0.597960555620894, ""rho_T_amp_scale"": 1.5408791572630713, ""rho_max"": 1000000000000000.0, ""rho_fab_base"": 30000000000000.0, ""first_gas_pressure_factor"": 0.3347092421375993}",0.07822340171451778,4230301817.6457357,2.938805007630388,1.03324075897,0.8704393243482029,0.4154027545335404,0.40108750998179205,COMPLETE
98,61.19934089653645,1.4228770791099716,10.594178803837565,2392220.860459152,2.9950251304921613e-06,0.12189160660111238,1.6935502463690317,174.6939764389652,0.7397824908221434,2.7126046216132433,,,blank_sat_deformed,,,0.12189160660111238,28.405823061411823,0.0,0.48069717039606663,9.729127138267527e+18,"{""rho_mode"": ""blank_sat_deformed"", ""rho_blank_def_scale"": 2.7126046216132433, ""rho_T_shift"": 174.6939764389652, ""rho_T_tau_scale"": 0.7397824908221434, ""rho_T_amp_scale"": 1.6935502463690317, ""rho_max"": 1000000000000000.0, ""rho_fab_base"": 30000000000000.0, ""first_gas_pressure_factor"": 0.12189160660111238}",0.20100515222249601,0.0,6.584235849585775,1.2547480368590022e-05,1.1456675507941063,0.33838427740869254,0.2084061521904606,COMPLETE
99,66.44227576082655,1.6275110397595816,1.4752734829597247,2777236.591639819,1.1940745846969179e-07,0.24928222211370793,,,,,8.398460712285505,,blank_sat,,,0.24928222211370793,24.34611553976764,0.0,0.4704245771572192,5.3219110980617385e+20,"{""rho_mode"": ""blank_sat"", ""rho_blank_scale"": 8.398460712285505, ""rho_max"": 1000000000000000.0, ""rho_fab_base"": 30000000000000.0, ""first_gas_pressure_factor"": 0.24928222211370793}",0.2175386073015265,0.0,8.288283221850461,0.0008336822325633004,1.1688105147343555,0.31303037661428956,0.1429001350753888,COMPLETE
