number,value,params_Dg_dislocation_scale,params_Dv_dislocation_scale,params_K_d,params_f_n,params_first_gas_pressure_factor,params_rho_T_amp_scale,params_rho_T_shift,params_rho_T_tau_scale,params_rho_blank_def_scale,params_rho_blank_scale,params_rho_const_scale,params_rho_mode,user_attrs_error,user_attrs_failed,user_attrs_first_gas_pressure_factor,user_attrs_max_Rd_nm,user_attrs_max_f_cap_step,user_attrs_max_psi_d,user_attrs_min_Nd,user_attrs_rho_cfg,user_attrs_score_Nd_drop,user_attrs_score_guards,user_attrs_score_partition,user_attrs_score_pressure,user_attrs_score_radius_T,user_attrs_score_swelling_T,user_attrs_score_swelling_burnup,state
169,4.425068382742041e+22,1.5275458280819576,14.31868889499744,2908980.5612714174,3.7105915509775064e-08,0.22928618307560558,,,,,1.1199566033929886,,blank_sat,,,0.22928618307560558,154305969957465.28,0.0,248739.9820281411,6.48135023235748e-17,"{""rho_mode"": ""blank_sat"", ""rho_blank_scale"": 1.1199566033929886, ""rho_max"": 1000000000000000.0, ""rho_fab_base"": 30000000000000.0, ""first_gas_pressure_factor"": 0.22928618307560558}",0.08704772214119876,8.850136765484083e+21,3.007758499486418,4.560815633557254,0.8078538858249724,0.32144672047918693,0.35345773227991223,COMPLETE
170,5695.240155880636,1.013133034256518,5.515264089128818,1401121.2374318775,2.3336261937822057e-06,0.1444725160543851,0.3366041744038899,-243.79196886733587,1.6227600598352863,0.9665583208725776,,,blank_sat_deformed,,,0.1444725160543851,56461.85954456191,0.0,0.9423593994798443,1109929920677.4927,"{""rho_mode"": ""blank_sat_deformed"", ""rho_blank_def_scale"": 0.9665583208725776, ""rho_T_shift"": -243.79196886733587, ""rho_T_tau_scale"": 1.6227600598352863, ""rho_T_amp_scale"": 0.3366041744038899, ""rho_max"": 1000000000000000.0, ""rho_fab_base"": 30000000000000.0, ""first_gas_pressure_factor"": 0.1444725160543851}",0.14077426909942972,1125.3858591730661,0.7646114151030158,0.17276149889259834,1.11779898228578,1.5221860607905937,1.7961864521683966,COMPLETE
171,52.7738722661789,1.8537485540824592,2.3274763499082214,2996617.5611842037,9.670881889057215e-07,0.9286702975118327,0.8162031009247681,150.66567404411646,0.9386934853671012,2.377974107196645,,,blank_sat_deformed,,,0.9286702975118327,36.92218590250412,0.0,0.5182463618057129,9.279647885220196e+19,"{""rho_mode"": ""blank_sat_deformed"", ""rho_blank_def_scale"": 2.377974107196645, ""rho_T_shift"": 150.66567404411646, ""rho_T_tau_scale"": 0.9386934853671012, ""rho_T_amp_scale"": 0.8162031009247681, ""rho_max"": 1000000000000000.0, ""rho_fab_base"": 30000000000000.0, ""first_gas_pressure_factor"": 0.9286702975118327}",0.16239864456596972,0.0,4.936590441182773,0.00015241897795825144,1.0490493530497675,0.306060487585108,0.29005885817445254,COMPLETE
172,150.39493628747553,1.2846902501740798,4.0490654425337915,2276305.526411361,5.847644794348935e-08,0.16374082774152815,,,,,1.5366650268491684,,blank_sat,,,0.16374082774152815,9105.815423492459,0.0,0.9601721331803491,279899520456757.94,"{""rho_mode"": ""blank_sat"", ""rho_blank_scale"": 1.5366650268491684, ""rho_max"": 1000000000000000.0, ""rho_fab_base"": 30000000000000.0, ""first_gas_pressure_factor"": 0.16374082774152815}",0.08837067639556379,21.900231685201945,3.3553465268485403,0.07786224033376826,0.8089110600918228,0.30532485234285,0.3318618527769503,COMPLETE
173,1096.8025183870757,15.500852942688224,1.2747881952072204,390789.8029064983,2.7315186903049783e-06,0.431489746052531,,,,,1.664231043570426,,blank_sat,,,0.431489746052531,25154.21906966219,0.0,0.9080557853396052,11230949207899.084,"{""rho_mode"": ""blank_sat"", ""rho_blank_scale"": 1.664231043570426, ""rho_max"": 1000000000000000.0, ""rho_fab_base"": 30000000000000.0, ""first_gas_pressure_factor"": 0.431489746052531}",0.15234294820155547,211.57209029115026,8.465391324284496,0.317911463027003,0.03713336135193638,0.5671814515105204,0.6941801505746881,COMPLETE
174,90.45503526626608,2.6824763714122675,15.308265696431095,1423925.6692207847,7.203491928010801e-07,0.10106780869179893,,,,,,0.11469356171009576,constant,,,0.10106780869179893,117.29622082326914,0.0,0.30840479040181057,4.33932998283485e+18,"{""rho_mode"": ""constant"", ""rho_const_scale"": 0.11469356171009576, ""rho_max"": 1000000000000000.0, ""rho_fab_base"": 30000000000000.0, ""first_gas_pressure_factor"": 0.10106780869179893}",0.2379614286081175,0.0,5.146097851532187,4.1460472549810794e-08,0.737073193347705,2.501770286649294,2.7501594224879495,COMPLETE
175,42.713596346648515,1.9530541590840869,7.662413303433861,2755367.8666422283,1.8367835914442522e-07,0.34964050310952477,,,,,1.4655129119727783,,blank_sat,,,0.34964050310952477,86.61558333453425,0.0,0.6632127909630916,9.417397499934486e+19,"{""rho_mode"": ""blank_sat"", ""rho_blank_scale"": 1.4655129119727783, ""rho_max"": 1000000000000000.0, ""rho_fab_base"": 30000000000000.0, ""first_gas_pressure_factor"": 0.34964050310952477}",0.09195217345872413,0.0,3.3595003828987617,4.951119093400578e-05,0.8603479545619761,0.3214278902396829,0.3500731583789969,COMPLETE
176,245397561.00885272,1.4892340278829888,11.335913310136213,2626817.9874960873,1.1569085079012657e-07,0.4090452401120352,,,,,1.0594292721974041,,blank_sat,,,0.4090452401120352,11492437.568298176,0.0,0.9852742683869289,150434.12131871283,"{""rho_mode"": ""blank_sat"", ""rho_blank_scale"": 1.0594292721974041, ""rho_max"": 1000000000000000.0, ""rho_fab_base"": 30000000000000.0, ""first_gas_pressure_factor"": 0.4090452401120352}",0.08328132232943894,49079503.769376375,1.6489111546056068,0.7008846518887811,0.8964921663222933,0.4516523885919763,0.5448993242438,COMPLETE
177,56134.95185860114,1.7258197248147333,6.71177355717586,1485016.1035024659,1.8479929730946595e-07,0.4462261391780058,,,,,1.274358102878254,,blank_sat,,,0.4462261391780058,175142.97352791217,0.0,0.961251047054142,39467872087.73797,"{""rho_mode"": ""blank_sat"", ""rho_blank_scale"": 1.274358102878254, ""rho_max"": 1000000000000000.0, ""rho_fab_base"": 30000000000000.0, ""first_gas_pressure_factor"": 0.4462261391780058}",0.6076139373795199,11220.004340071335,2.3639146359374883,0.33771113619800586,0.6713528633963769,0.3336824961576366,0.38266040672488233,COMPLETE
178,43.36398227515477,2.658075528644983,7.548719367543704,2512119.415181679,2.798350065187601e-07,0.2903034989888607,2.158637474669289,51.04603561799229,1.4380346701628972,1.2368525013138463,,,blank_sat_deformed,,,0.2903034989888607,76.18544523252531,0.0,0.6448130065877189,5.299064240755972e+19,"{""rho_mode"": ""blank_sat_deformed"", ""rho_blank_def_scale"": 1.2368525013138463, ""rho_T_shift"": 51.04603561799229, ""rho_T_tau_scale"": 1.4380346701628972, ""rho_T_amp_scale"": 2.158637474669289, ""rho_max"": 1000000000000000.0, ""rho_fab_base"": 30000000000000.0, ""first_gas_pressure_factor"": 0.2903034989888607}",0.13912526792358268,0.0,4.675108922801065,0.0001778456324328937,0.7655233966865835,0.3022577799304866,0.2580575279501145,COMPLETE
179,35386.819502227685,1.3528884026103094,7.723358007511971,2090153.5638484021,5.59162904944231e-08,0.31870783928712354,,,,,0.6500374426104016,,blank_sat,,,0.31870783928712354,139285.16123042148,0.0,0.9568706327284612,77402772066.32816,"{""rho_mode"": ""blank_sat"", ""rho_blank_scale"": 0.6500374426104016, ""rho_max"": 1000000000000000.0, ""rho_fab_base"": 30000000000000.0, ""first_gas_pressure_factor"": 0.31870783928712354}",0.842679639521407,7069.371098824477,1.0535720833932574,0.3052993540258373,0.7928837973540933,0.578373435975938,0.7226700411931402,COMPLETE
180,44.73832438454964,1.5923530057612172,10.595378801826124,2738287.671362512,3.3643073692051096e-07,0.23604213322118123,2.1274443895303308,18.083634476880526,1.5278826086481796,1.0204787859028157,,,blank_sat_deformed,,,0.23604213322118123,131.93397561405507,0.0,0.7274007800299095,4.0009463686199435e+19,"{""rho_mode"": ""blank_sat_deformed"", ""rho_blank_def_scale"": 1.0204787859028157, ""rho_T_shift"": 18.083634476880526, ""rho_T_tau_scale"": 1.5278826086481796, ""rho_T_amp_scale"": 2.1274443895303308, ""rho_max"": 1000000000000000.0, ""rho_fab_base"": 30000000000000.0, ""first_gas_pressure_factor"": 0.23604213322118123}",0.12942038893124505,0.0,1.4643601360482836,0.0001354995758543862,0.9910601652027206,0.49787920824712106,0.5910091613392778,COMPLETE
181,3.3727754991861564e+32,2.3697669536066677,16.18179853640511,1917787.1113451316,3.727189789180694e-07,0.33551344208976747,2.1273140927429104,-17.292036296470386,1.7975474427202938,0.9210642989533828,,,blank_sat_deformed,,,0.33551344208976747,1.3471515427628423e+19,0.0,21715974477.745758,9.501455280850221e-32,"{""rho_mode"": ""blank_sat_deformed"", ""rho_blank_def_scale"": 0.9210642989533828, ""rho_T_shift"": -17.292036296470386, ""rho_T_tau_scale"": 1.7975474427202938, ""rho_T_amp_scale"": 2.1273140927429104, ""rho_max"": 1000000000000000.0, ""rho_fab_base"": 30000000000000.0, ""first_gas_pressure_factor"": 0.33551344208976747}",1.3603394513665445,6.745550998372313e+31,1.9671529429357,9.33642387462082,0.7367344189958198,0.3671378052057657,0.42003998262874753,COMPLETE
182,54.262467935949246,3.0956096625676253,1.1062276105767295,2605330.7424265705,2.2464854308483207e-06,0.11980759758705195,,,,,3.2560049170828185,,blank_sat,,,0.11980759758705195,39.02573057870628,0.0,0.5320602650204298,1.9699681871934744e+20,"{""rho_mode"": ""blank_sat"", ""rho_blank_scale"": 3.2560049170828185, ""rho_max"": 1000000000000000.0, ""rho_fab_base"": 30000000000000.0, ""first_gas_pressure_factor"": 0.11980759758705195}",0.1491586362275319,0.0,6.821227200858322,0.001672850406080803,0.9325798790546194,0.27707298525251245,0.20367808816560806,COMPLETE
183,49.95033989057156,1.1858449014354517,7.381014632095406,2859700.6551032388,2.9189570029952406e-07,0.11414060149288431,2.136086258764473,-1.0226104405557237,1.5169879406977704,0.9881222202450629,,,blank_sat_deformed,,,0.11414060149288431,85.30659053570045,0.0,0.6544076607719436,5.7546622634931315e+19,"{""rho_mode"": ""blank_sat_deformed"", ""rho_blank_def_scale"": 0.9881222202450629, ""rho_T_shift"": -1.0226104405557237, ""rho_T_tau_scale"": 1.5169879406977704, ""rho_T_amp_scale"": 2.136086258764473, ""rho_max"": 1000000000000000.0, ""rho_fab_base"": 30000000000000.0, ""first_gas_pressure_factor"": 0.11414060149288431}",0.13602275280448695,0.0,0.9638761457654529,5.125067358972301e-06,1.089920934458234,0.6736868903920941,0.8193291102167056,COMPLETE
184,3.015509232960782e+17,1.2723401706941653,25.286766904559283,2271722.0077740205,4.6028049447726133e-07,0.8364072284577002,,,,,,2.4548890949233892,constant,,,0.8364072284577002,402812620024.39124,0.0,649.3307024556121,3.491437773990165e-09,"{""rho_mode"": ""constant"", ""rho_const_scale"": 2.4548890949233892, ""rho_max"": 1000000000000000.0, ""rho_fab_base"": 30000000000000.0, ""first_gas_pressure_factor"": 0.8364072284577002}",0.08522339725263679,6.0310184659215624e+16,0.36821804839482536,2.731228019974804,1.0012395297616663,0.47214037110839074,0.7008852476198643,COMPLETE
185,623501.2620099848,1.0220610113667954,8.519929252694503,1180923.6639411312,4.324536710826774e-07,0.4356080720192781,2.164179351339679,50.254115185442956,1.4178730459661886,1.1320867623564297,,,blank_sat_deformed,,,0.4356080720192781,580622.9490248443,0.0,0.9691305146350644,1110134510.5147593,"{""rho_mode"": ""blank_sat_deformed"", ""rho_blank_def_scale"": 1.1320867623564297, ""rho_T_shift"": 50.254115185442956, ""rho_T_tau_scale"": 1.4178730459661886, ""rho_T_amp_scale"": 2.164179351339679, ""rho_max"": 1000000000000000.0, ""rho_fab_base"": 30000000000000.0, ""first_gas_pressure_factor"": 0.4356080720192781}",0.7453546265374077,124692.05752039717,1.0018537021734695,0.43173355458786283,0.8446328496904619,0.5583659450353747,0.658131633214286,COMPLETE
186,44.892697412674366,1.0531462582793487,6.277516065504616,2597601.682105539,1.1203743650497697e-07,0.30229277902348556,,,,,1.304417809232031,,blank_sat,,,0.30229277902348556,571.4659193549771,0.0,0.9055957754990139,9.500436254401792e+17,"{""rho_mode"": ""blank_sat"", ""rho_blank_scale"": 1.304417809232031, ""rho_max"": 1000000000000000.0, ""rho_fab_base"": 30000000000000.0, ""first_gas_pressure_factor"": 0.30229277902348556}",0.0921831602685085,0.004937291359635436,1.5178902886388708,0.005142205929482322,0.9878479837793264,0.5006086424380756,0.6154939417545368,COMPLETE
187,1.4375490278497209e+131,4.249271541772188,22.717797484759032,2035855.3926015203,1.9672786263335831e-07,0.12428516208400185,2.223074049838833,27.588931482739042,1.404994235328945,1.3831292661795764,,,blank_sat_deformed,,,0.12428516208400185,2.781211831664608e+68,0.0,4.483291095058755e+59,1.2689276533710779e-179,"{""rho_mode"": ""blank_sat_deformed"", ""rho_blank_def_scale"": 1.3831292661795764, ""rho_T_shift"": 27.588931482739042, ""rho_T_tau_scale"": 1.404994235328945, ""rho_T_amp_scale"": 2.223074049838833, ""rho_max"": 1000000000000000.0, ""rho_fab_base"": 30000000000000.0, ""first_gas_pressure_factor"": 0.12428516208400185}",0.1452972745516763,2.875098055699442e+130,7.307467001094232,144.86083128698476,0.5412300414997385,0.5292263900782314,0.3796682148718323,COMPLETE
188,10068.621482620949,2.9365547366302946,4.80874199514675,731089.4236241224,2.716675488317626e-06,0.23026804056299444,2.1447178708104455,44.30831511194766,2.126642837719677,0.7799924651316819,,,blank_sat_deformed,,,0.23026804056299444,74718.76615596388,0.0,0.9344464602293012,466966349132.9837,"{""rho_mode"": ""blank_sat_deformed"", ""rho_blank_def_scale"": 0.7799924651316819, ""rho_T_shift"": 44.30831511194766, ""rho_T_tau_scale"": 2.126642837719677, ""rho_T_amp_scale"": 2.1447178708104455, ""rho_max"": 1000000000000000.0, ""rho_fab_base"": 30000000000000.0, ""first_gas_pressure_factor"": 0.23026804056299444}",1.39277827263323,2008.2990649325234,1.0833044879552791,0.31909300154042025,0.48308576000617126,0.39490138805312175,0.47016179536170843,COMPLETE
189,3031693.2096996875,6.805557846279493,6.876733099843775,1119353.7776932267,1.1474305051985496e-07,0.4265894266559976,2.3284666845094293,81.02771232187202,1.2634541292704589,1.5387278526409198,,,blank_sat_deformed,,,0.4265894266559976,1278643.164750211,0.0,0.9733923674975564,105323944.67532171,"{""rho_mode"": ""blank_sat_deformed"", ""rho_blank_def_scale"": 1.5387278526409198, ""rho_T_shift"": 81.02771232187202, ""rho_T_tau_scale"": 1.2634541292704589, ""rho_T_amp_scale"": 2.3284666845094293, ""rho_max"": 1000000000000000.0, ""rho_fab_base"": 30000000000000.0, ""first_gas_pressure_factor"": 0.4265894266559976}",0.3941299182556852,606328.638093927,8.346189791376018,0.5242771592177597,0.3563212071346997,0.6477004823257457,0.6156726996684541,COMPLETE
190,49.19187887707666,1.994986970193756,7.812789408898351,2674724.0910277953,1.0120593643669629e-07,0.17666034631666022,2.9963647707154024,-49.23991581144068,1.1781249965283211,1.7129436669588858,,,blank_sat_deformed,,,0.17666034631666022,48.90708549959458,0.0,0.566862172235165,7.7191526545436e+19,"{""rho_mode"": ""blank_sat_deformed"", ""rho_blank_def_scale"": 1.7129436669588858, ""rho_T_shift"": -49.23991581144068, ""rho_T_tau_scale"": 1.1781249965283211, ""rho_T_amp_scale"": 2.9963647707154024, ""rho_max"": 1000000000000000.0, ""rho_fab_base"": 30000000000000.0, ""first_gas_pressure_factor"": 0.17666034631666022}",0.16260002819350064,0.0,6.142621404867192,0.00024181866465762888,0.7974405254073464,0.32684017909912644,0.22245348551075173,COMPLETE
191,4114.925575638935,2.885043102285001,3.694671832440687,1824758.0858469957,3.3705625161383624e-07,0.4044256687135372,1.646020569398912,85.84778895760047,1.8896026342421748,0.9911116584854816,,,blank_sat_deformed,,,0.4044256687135372,48277.12834035653,0.0,0.9507849801487388,1823618715158.7996,"{""rho_mode"": ""blank_sat_deformed"", ""rho_blank_def_scale"": 0.9911116584854816, ""rho_T_shift"": 85.84778895760047, ""rho_T_tau_scale"": 1.8896026342421748, ""rho_T_amp_scale"": 1.646020569398912, ""rho_max"": 1000000000000000.0, ""rho_fab_base"": 30000000000000.0, ""first_gas_pressure_factor"": 0.4044256687135372}",0.10362380358303343,815.9332250749911,3.2139129182491866,0.21213408870931172,0.6400856732973312,0.29224477457678955,0.30629982827464247,COMPLETE
192,1.2653193369043432e+112,1.0938439128085882,28.18557943102082,2701173.5939596286,1.3983439026876336e-07,0.10152007815024858,,,,,1.1062300369567715,,blank_sat,,,0.10152007815024858,8.251308183318484e+58,0.0,1.3301042401619649e+50,4.82198895363467e-151,"{""rho_mode"": ""blank_sat"", ""rho_blank_scale"": 1.1062300369567715, ""rho_max"": 1000000000000000.0, ""rho_fab_base"": 30000000000000.0, ""first_gas_pressure_factor"": 0.10152007815024858}",0.09393916342573079,2.5306386738086864e+111,1.1070593363396726,105.87882469658413,1.0211842336275314,0.6080757785912045,0.7630393299605549,COMPLETE
193,67.56580035662074,1.260649174388893,8.60659420621856,2854148.3233091393,1.4623885932210067e-07,0.37815134037646014,,,,,,0.582442997794124,constant,,,0.37815134037646014,119.42881681983417,0.0,0.5431142247057844,2.2452129269109953e+19,"{""rho_mode"": ""constant"", ""rho_const_scale"": 0.582442997794124, ""rho_max"": 1000000000000000.0, ""rho_fab_base"": 30000000000000.0, ""first_gas_pressure_factor"": 0.37815134037646014}",0.15780279704191022,0.0,1.383828058535259,4.6736231906143564e-07,1.0403149567461365,1.5171037745049034,1.7838901226495212,COMPLETE
194,5.161737262173912e+121,6.421388526650377,13.233857603322106,2887244.471800584,2.1082564875587034e-07,0.4102528587781248,,,,,1.3471792398499907,,blank_sat,,,0.4102528587781248,5.270122169989185e+63,0.0,8.495394534706382e+54,1.71340761775839e-165,"{""rho_mode"": ""blank_sat"", ""rho_blank_scale"": 1.3471792398499907, ""rho_max"": 1000000000000000.0, ""rho_fab_base"": 30000000000000.0, ""first_gas_pressure_factor"": 0.4102528587781248}",0.10784289559571553,1.0323474524347823e+121,7.456578709567296,125.0012834131083,0.5703611315921894,0.5081025484966614,0.3593239166311156,COMPLETE
195,255769.04639500898,14.609236710246604,18.679755031898534,120689.2269525392,6.538387181703043e-08,0.36905653709476405,,,,,1.9735856500890545,,blank_sat,,,0.36905653709476405,370265.6262608979,0.0,0.9418374991426671,3929154769.9737144,"{""rho_mode"": ""blank_sat"", ""rho_blank_scale"": 1.9735856500890545, ""rho_max"": 1000000000000000.0, ""rho_fab_base"": 30000000000000.0, ""first_gas_pressure_factor"": 0.36905653709476405}",5.183777206200937,51142.46098780984,8.602035858644417,0.8667165016270714,0.21439013900544668,0.9935699095845703,1.1736409172558868,COMPLETE
196,5473566487404.872,3.0688107749013454,11.272519926119546,933042.0430227753,2.987666636542562e-06,0.10514728308458542,2.042983118668421,20.12723445465501,0.9072317131630634,1.7333738718584464,,,blank_sat_deformed,,,0.10514728308458542,1716162067.0147312,0.0,2.7664394438160196,0.04447494296677827,"{""rho_mode"": ""blank_sat_deformed"", ""rho_blank_def_scale"": 1.7333738718584464, ""rho_T_shift"": 20.12723445465501, ""rho_T_tau_scale"": 0.9072317131630634, ""rho_T_amp_scale"": 2.042983118668421, ""rho_max"": 1000000000000000.0, ""rho_fab_base"": 30000000000000.0, ""first_gas_pressure_factor"": 0.10514728308458542}",1.7661799232996052,1094713297473.1492,4.496820169342061,1.6548514793140265,0.5219862112109566,0.3565929738144829,0.30653288706474124,COMPLETE
197,13325.43291112442,1.1740140959154652,6.439195022841751,2176990.1253395444,2.794072297345476e-07,0.33116877289044155,,,,,1.1978198520811412,,blank_sat,,,0.33116877289044155,85966.84600925355,0.0,0.9679034722954029,340733280050.4404,"{""rho_mode"": ""blank_sat"", ""rho_blank_scale"": 1.1978198520811412, ""rho_max"": 1000000000000000.0, ""rho_fab_base"": 30000000000000.0, ""first_gas_pressure_factor"": 0.33116877289044155}",0.09045450615105122,2655.870250073195,0.9944803034528754,0.20513705336595278,0.9899233434767418,0.6188987735537973,0.7721797662647256,COMPLETE
198,52.946031596284286,6.3461351790161,7.336567961169658,2257634.803547914,1.9611665843628466e-07,0.331314734623447,1.656721439141148,148.99051816488702,1.4547663091385639,1.4059040898598532,,,blank_sat_deformed,,,0.331314734623447,68.54666527273983,0.0,0.6319248634307133,4.440991544696258e+19,"{""rho_mode"": ""blank_sat_deformed"", ""rho_blank_def_scale"": 1.4059040898598532, ""rho_T_shift"": 148.99051816488702, ""rho_T_tau_scale"": 1.4547663091385639, ""rho_T_amp_scale"": 1.656721439141148, ""rho_max"": 1000000000000000.0, ""rho_fab_base"": 30000000000000.0, ""first_gas_pressure_factor"": 0.331314734623447}",0.19338684974882137,0.0,8.110764675250074,0.0026156228982227485,0.5856811390374158,0.5274252342753809,0.39548966613133396,COMPLETE
199,48.49635190092151,1.21349619771569,1.0636027163608266,2808556.8991268706,3.037721375332462e-08,0.4230544314719882,,,,,2.1581776690936287,,blank_sat,,,0.4230544314719882,46.27919237971512,0.0,0.5540307461463934,1.4110423821927e+20,"{""rho_mode"": ""blank_sat"", ""rho_blank_scale"": 2.1581776690936287, ""rho_max"": 1000000000000000.0, ""rho_fab_base"": 30000000000000.0, ""first_gas_pressure_factor"": 0.4230544314719882}",0.13080787372235933,0.0,5.700384254619022,0.001950585344556394,0.8629715891705998,0.26118183783015225,0.21506018313767314,COMPLETE
200,3.922330132150938e+31,3.2968781941169434,10.631298151816127,2546184.76558377,2.5734970063770674e-07,0.4150380303988249,2.3092352520562467,101.0201103954667,0.8419192373763529,0.7028332703925432,,,blank_sat_deformed,,,0.4150380303988249,4.5940403756554127e+18,0.0,7405556121.983324,2.424209753771125e-30,"{""rho_mode"": ""blank_sat_deformed"", ""rho_blank_def_scale"": 0.7028332703925432, ""rho_T_shift"": 101.0201103954667, ""rho_T_tau_scale"": 0.8419192373763529, ""rho_T_amp_scale"": 2.3092352520562467, ""rho_max"": 1000000000000000.0, ""rho_fab_base"": 30000000000000.0, ""first_gas_pressure_factor"": 0.4150380303988249}",0.09023572563033351,7.844660264301876e+30,3.902239915842427,8.742974763691016,0.7003509643224315,0.35804795873438866,0.28805970537028,COMPLETE
