[I 2026-05-03 18:22:45,407] Trial 330 finished with value: 2.6656082426379513 and parameters: {'rho_high_scale': 0.7932823554760483, 'f_n': 1.6247752689407846e-06, 'K_d': 342715.3277536491, 'fission_rate': 7.71689226370193e+19, 'Dg_D1_scale': 1.9755296410812917, 'Dg_D3_scale': 0.9369631456144616, 'Dv_D1_scale': 0.4598224120577768, 'Dv_D2_scale': 1.8388473221340706, 'b_bulk_scale': 1.7070034531996157, 'b_dislocation_scale': 0.27311448775962555, 'gb_scale': 3.6584256856837882, 'gd_bubble_scale': 9.25206551836778, 'gd_line_scale': 0.414378960883992, 'gd_line_alpha': 0.19300306593596597, 'coalescence_d_scale': 0.30272037000581425, 'capture_scale': 0.012024160260659148}. Best is trial 319 with value: 2.5745356942322712.
[I 2026-05-03 18:22:51,677] Trial 331 finished with value: 2.640522770704046 and parameters: {'rho_high_scale': 0.7598827051767799, 'f_n': 1.8504680150282096e-06, 'K_d': 353537.2492961029, 'fission_rate': 7.788028790635795e+19, 'Dg_D1_scale': 2.003269978187645, 'Dg_D3_scale': 1.018774648744898, 'Dv_D1_scale': 0.46092173918194407, 'Dv_D2_scale': 1.9003416250860694, 'b_bulk_scale': 1.686333398959243, 'b_dislocation_scale': 0.2774417172716412, 'gb_scale': 3.2338329911592925, 'gd_bubble_scale': 8.444231972079676, 'gd_line_scale': 0.4603467578269332, 'gd_line_alpha': 0.15916689525718536, 'coalescence_d_scale': 0.24042295803565095, 'capture_scale': 0.012210512573790605}. Best is trial 319 with value: 2.5745356942322712.
[I 2026-05-03 18:22:57,785] Trial 332 finished with value: 2.5848630613175123 and parameters: {'rho_high_scale': 0.7288488614598604, 'f_n': 2.347598253581071e-06, 'K_d': 348007.3437744098, 'fission_rate': 7.923918138624991e+19, 'Dg_D1_scale': 1.8274657279381699, 'Dg_D3_scale': 0.8772279523532648, 'Dv_D1_scale': 0.4101008374009531, 'Dv_D2_scale': 1.6993204563029516, 'b_bulk_scale': 1.5315100708989615, 'b_dislocation_scale': 0.20987698649791517, 'gb_scale': 3.735263001332615, 'gd_bubble_scale': 8.281717225807233, 'gd_line_scale': 0.39970434549418277, 'gd_line_alpha': 0.13031712362411718, 'coalescence_d_scale': 0.3151785464351461, 'capture_scale': 0.010471363677421278}. Best is trial 319 with value: 2.5745356942322712.
[I 2026-05-03 18:23:04,036] Trial 333 finished with value: 2.9050660330325866 and parameters: {'rho_high_scale': 0.8091297940046653, 'f_n': 2.2383174409781574e-06, 'K_d': 347862.40647571627, 'fission_rate': 7.805234438795798e+19, 'Dg_D1_scale': 1.9999067061050964, 'Dg_D3_scale': 0.8840169997947755, 'Dv_D1_scale': 0.4103419644762726, 'Dv_D2_scale': 1.9190681491047938, 'b_bulk_scale': 1.5767716350654424, 'b_dislocation_scale': 0.1872923579950296, 'gb_scale': 3.7364264108324474, 'gd_bubble_scale': 8.600940137461556, 'gd_line_scale': 0.5018162084531839, 'gd_line_alpha': 0.07044823516935166, 'coalescence_d_scale': 0.3164117858583906, 'capture_scale': 0.015281988989534173}. Best is trial 319 with value: 2.5745356942322712.
[I 2026-05-03 18:23:08,392] Trial 334 finished with value: 5.161856611858752 and parameters: {'rho_high_scale': 4.683502382875448, 'f_n': 2.4991080190224035e-06, 'K_d': 333615.45563216426, 'fission_rate': 7.695790684678675e+19, 'Dg_D1_scale': 1.8584925463446988, 'Dg_D3_scale': 0.9703851221648242, 'Dv_D1_scale': 0.4493017874125402, 'Dv_D2_scale': 2.0121103954586332, 'b_bulk_scale': 1.6811958553066948, 'b_dislocation_scale': 0.2041958489644721, 'gb_scale': 3.452686038308201, 'gd_bubble_scale': 7.642683991123971, 'gd_line_scale': 0.4133484291761333, 'gd_line_alpha': 0.09589997834325863, 'coalescence_d_scale': 0.273765263730811, 'capture_scale': 0.012050888040177144}. Best is trial 319 with value: 2.5745356942322712.
[I 2026-05-03 18:23:14,536] Trial 335 finished with value: 2.644429624827518 and parameters: {'rho_high_scale': 0.7595116244277056, 'f_n': 2.578514441616588e-06, 'K_d': 378004.7192662258, 'fission_rate': 7.915528585295939e+19, 'Dg_D1_scale': 1.9602225893745338, 'Dg_D3_scale': 0.880363609867093, 'Dv_D1_scale': 0.4204455259530699, 'Dv_D2_scale': 1.9558440014861245, 'b_bulk_scale': 1.5291692244464967, 'b_dislocation_scale': 0.26874283177769404, 'gb_scale': 3.7735542525794794, 'gd_bubble_scale': 9.590685212744749, 'gd_line_scale': 0.46202912013585234, 'gd_line_alpha': 0.19126336918275205, 'coalescence_d_scale': 4.032835448519446, 'capture_scale': 0.010555852013405084}. Best is trial 319 with value: 2.5745356942322712.
[I 2026-05-03 18:23:20,809] Trial 336 finished with value: 2.5986160646312286 and parameters: {'rho_high_scale': 0.7327166350121543, 'f_n': 2.1921009111858727e-06, 'K_d': 364790.5166831125, 'fission_rate': 7.839293723157268e+19, 'Dg_D1_scale': 1.817926855899488, 'Dg_D3_scale': 1.0349120760658281, 'Dv_D1_scale': 0.4094878655134491, 'Dv_D2_scale': 1.607135743267393, 'b_bulk_scale': 1.4891772964644452, 'b_dislocation_scale': 0.214411029842239, 'gb_scale': 3.3785665111781142, 'gd_bubble_scale': 7.832471927410454, 'gd_line_scale': 0.4047683550158137, 'gd_line_alpha': 0.1687985826708899, 'coalescence_d_scale': 0.30759692929064136, 'capture_scale': 0.013750221946493271}. Best is trial 319 with value: 2.5745356942322712.Best trial: 319. Best value: 2.57454:  67%|██████▋   | 336/500 [36:35<15:42,  5.74s/it]Best trial: 319. Best value: 2.57454:  67%|██████▋   | 336/500 [36:35<15:42,  5.74s/it]Best trial: 319. Best value: 2.57454:  67%|██████▋   | 337/500 [36:35<16:02,  5.90s/it]                                                                                       Best trial: 319. Best value: 2.57454:  67%|██████▋   | 337/500 [36:41<16:02,  5.90s/it]Best trial: 319. Best value: 2.57454:  67%|██████▋   | 337/500 [36:41<16:02,  5.90s/it]Best trial: 319. Best value: 2.57454:  68%|██████▊   | 338/500 [36:41<16:11,  6.00s/it]                                                                                       Best trial: 319. Best value: 2.57454:  68%|██████▊   | 338/500 [36:47<16:11,  6.00s/it]Best trial: 338. Best value: 2.55524:  68%|██████▊   | 338/500 [36:47<16:11,  6.00s/it]Best trial: 338. Best value: 2.55524:  68%|██████▊   | 339/500 [36:47<16:16,  6.06s/it]                                                                                       Best trial: 338. Best value: 2.55524:  68%|██████▊   | 339/500 [36:51<16:16,  6.06s/it]Best trial: 338. Best value: 2.55524:  68%|██████▊   | 339/500 [36:51<16:16,  6.06s/it]Best trial: 338. Best value: 2.55524:  68%|██████▊   | 340/500 [36:51<14:43,  5.52s/it]                                                                                       Best trial: 338. Best value: 2.55524:  68%|██████▊   | 340/500 [36:58<14:43,  5.52s/it]Best trial: 338. Best value: 2.55524:  68%|██████▊   | 340/500 [36:58<14:43,  5.52s/it]Best trial: 338. Best value: 2.55524:  68%|██████▊   | 341/500 [36:58<15:12,  5.74s/it]                                                                                       Best trial: 338. Best value: 2.55524:  68%|██████▊   | 341/500 [37:04<15:12,  5.74s/it]Best trial: 338. Best value: 2.55524:  68%|██████▊   | 341/500 [37:04<15:12,  5.74s/it]Best trial: 338. Best value: 2.55524:  68%|██████▊   | 342/500 [37:04<15:30,  5.89s/it]                                                                                       Best trial: 338. Best value: 2.55524:  68%|██████▊   | 342/500 [37:10<15:30,  5.89s/it]Best trial: 338. Best value: 2.55524:  68%|██████▊   | 342/500 [37:10<15:30,  5.89s/it]Best trial: 338. Best value: 2.55524:  69%|██████▊   | 343/500 [37:10<15:40,  5.99s/it]                                                                                       Best trial: 338. Best value: 2.55524:  69%|██████▊   | 343/500 [37:16<15:40,  5.99s/it]Best trial: 343. Best value: 2.49943:  69%|██████▊   | 343/500 [37:16<15:40,  5.99s/it]Best trial: 343. Best value: 2.49943:  69%|██████▉   | 344/500 [37:16<15:43,  6.05s/it]                                                                                       Best trial: 343. Best value: 2.49943:  69%|██████▉   | 344/500 [37:21<15:43,  6.05s/it]Best trial: 343. Best value: 2.49943:  69%|██████▉   | 344/500 [37:21<15:43,  6.05s/it]Best trial: 343. Best value: 2.49943:  69%|██████▉   | 345/500 [37:21<14:13,  5.51s/it]                                                                                       Best trial: 343. Best value: 2.49943:  69%|██████▉   | 345/500 [37:27<14:13,  5.51s/it]Best trial: 343. Best value: 2.49943:  69%|██████▉   | 345/500 [37:27<14:13,  5.51s/it]Best trial: 343. Best value: 2.49943:  69%|██████▉   | 346/500 [37:27<14:36,  5.69s/it]                                                                                       Best trial: 343. Best value: 2.49943:  69%|██████▉   | 346/500 [37:33<14:36,  5.69s/it]Best trial: 343. Best value: 2.49943:  69%|██████▉   | 346/500 [37:33<14:36,  5.69s/it]Best trial: 343. Best value: 2.49943:  69%|██████▉   | 347/500 [37:33<14:56,  5.86s/it]                                                                                       Best trial: 343. Best value: 2.49943:  69%|██████▉   | 347/500 [37:39<14:56,  5.86s/it]Best trial: 343. Best value: 2.49943:  69%|██████▉   | 347/500 [37:39<14:56,  5.86s/it]Best trial: 343. Best value: 2.49943:  70%|██████▉   | 348/500 [37:39<15:10,  5.99s/it]                                                                                       
[I 2026-05-03 18:23:27,038] Trial 337 finished with value: 2.7118046096067028 and parameters: {'rho_high_scale': 0.7337496542319386, 'f_n': 2.9991619555924527e-06, 'K_d': 352954.756086562, 'fission_rate': 7.771120942621619e+19, 'Dg_D1_scale': 0.20710655744301715, 'Dg_D3_scale': 1.0223924748932292, 'Dv_D1_scale': 0.44189337756549363, 'Dv_D2_scale': 1.564045442724486, 'b_bulk_scale': 1.7482550192108859, 'b_dislocation_scale': 0.20436740911321039, 'gb_scale': 3.432072600054344, 'gd_bubble_scale': 8.263460241027872, 'gd_line_scale': 0.42010683375100893, 'gd_line_alpha': 0.1100074401325438, 'coalescence_d_scale': 0.3246295979600735, 'capture_scale': 0.01054976542975296}. Best is trial 319 with value: 2.5745356942322712.
[I 2026-05-03 18:23:33,240] Trial 338 finished with value: 2.5552413504013414 and parameters: {'rho_high_scale': 0.7672249699237901, 'f_n': 2.1492293085512005e-06, 'K_d': 356061.7159083936, 'fission_rate': 7.855899209392644e+19, 'Dg_D1_scale': 2.04320750400876, 'Dg_D3_scale': 0.9197537234072037, 'Dv_D1_scale': 0.4134831729668067, 'Dv_D2_scale': 1.8853467613920665, 'b_bulk_scale': 1.568685546837041, 'b_dislocation_scale': 0.18372591592855653, 'gb_scale': 3.8287720202603572, 'gd_bubble_scale': 7.536939766497411, 'gd_line_scale': 0.34150500654813604, 'gd_line_alpha': 0.15341471301467927, 'coalescence_d_scale': 0.8722770654708453, 'capture_scale': 0.012441817805215454}. Best is trial 338 with value: 2.5552413504013414.
[I 2026-05-03 18:23:37,506] Trial 339 finished with value: 2.749628249322225 and parameters: {'rho_high_scale': 0.8177612067011886, 'f_n': 2.0793797166959194e-06, 'K_d': 357436.4982535558, 'fission_rate': 7.83589124901515e+19, 'Dg_D1_scale': 2.0543458954239666, 'Dg_D3_scale': 0.9341453653474897, 'Dv_D1_scale': 0.4135376776523938, 'Dv_D2_scale': 1.6320970411624334, 'b_bulk_scale': 1.5727313984199611, 'b_dislocation_scale': 0.18194071847561555, 'gb_scale': 3.799849823089906, 'gd_bubble_scale': 7.591928321179436, 'gd_line_scale': 0.3341534121638479, 'gd_line_alpha': 0.13079872489577352, 'coalescence_d_scale': 0.3112506892562777, 'capture_scale': 0.012823860819231897}. Best is trial 338 with value: 2.5552413504013414.
[I 2026-05-03 18:23:43,749] Trial 340 finished with value: 2.9146143881730477 and parameters: {'rho_high_scale': 0.7732551415238601, 'f_n': 1.7973898290464708e-06, 'K_d': 365273.05984304525, 'fission_rate': 7.71836719706079e+19, 'Dg_D1_scale': 2.027351980340565, 'Dg_D3_scale': 0.8683006419814276, 'Dv_D1_scale': 0.41151225082205484, 'Dv_D2_scale': 1.742307976141606, 'b_bulk_scale': 1.490802095815912, 'b_dislocation_scale': 0.1830612779042247, 'gb_scale': 3.818586436112507, 'gd_bubble_scale': 9.757386203762353, 'gd_line_scale': 0.3404307600923067, 'gd_line_alpha': 0.15445410409040497, 'coalescence_d_scale': 0.28515229524439367, 'capture_scale': 0.010468442897912062}. Best is trial 338 with value: 2.5552413504013414.
[I 2026-05-03 18:23:49,978] Trial 341 finished with value: 4.820282613468575 and parameters: {'rho_high_scale': 2.844502648294032, 'f_n': 1.8599412050909824e-06, 'K_d': 343318.8640084989, 'fission_rate': 7.841375670801202e+19, 'Dg_D1_scale': 1.9313088379801555, 'Dg_D3_scale': 0.9502196436841461, 'Dv_D1_scale': 0.4671723121528493, 'Dv_D2_scale': 1.7044243573292006, 'b_bulk_scale': 1.7281096402250342, 'b_dislocation_scale': 0.21015224724022982, 'gb_scale': 3.4149431977902873, 'gd_bubble_scale': 8.695118098535364, 'gd_line_scale': 0.47464187931432544, 'gd_line_alpha': 0.16959764633167818, 'coalescence_d_scale': 0.3252658615496403, 'capture_scale': 0.013206602730015383}. Best is trial 338 with value: 2.5552413504013414.
[I 2026-05-03 18:23:56,206] Trial 342 finished with value: 2.6452350390294153 and parameters: {'rho_high_scale': 0.7636387008628823, 'f_n': 1.635155791004066e-06, 'K_d': 351213.0129844285, 'fission_rate': 7.793559705035016e+19, 'Dg_D1_scale': 2.0614756035215387, 'Dg_D3_scale': 0.9022284561605606, 'Dv_D1_scale': 0.3719800727063187, 'Dv_D2_scale': 1.8920208757304708, 'b_bulk_scale': 1.4725233750120201, 'b_dislocation_scale': 0.21097620101719491, 'gb_scale': 3.3819548323725095, 'gd_bubble_scale': 7.483565639743403, 'gd_line_scale': 0.3914180816215717, 'gd_line_alpha': 0.14601438402890116, 'coalescence_d_scale': 0.27863740287820266, 'capture_scale': 0.010093969985347149}. Best is trial 338 with value: 2.5552413504013414.
[I 2026-05-03 18:24:02,385] Trial 343 finished with value: 2.4994347124594105 and parameters: {'rho_high_scale': 0.7001170521971161, 'f_n': 2.160146710204869e-06, 'K_d': 370610.27790064615, 'fission_rate': 7.904822392681964e+19, 'Dg_D1_scale': 1.8925888353208975, 'Dg_D3_scale': 1.0041558093417005, 'Dv_D1_scale': 0.43828614071012306, 'Dv_D2_scale': 1.7777649485976577, 'b_bulk_scale': 1.7249342749294978, 'b_dislocation_scale': 0.18803144427337037, 'gb_scale': 3.810193959221439, 'gd_bubble_scale': 7.3004080070706765, 'gd_line_scale': 0.3210767326124411, 'gd_line_alpha': 0.11021101545896458, 'coalescence_d_scale': 0.8757731933030987, 'capture_scale': 0.013119695952874441}. Best is trial 343 with value: 2.4994347124594105.
[I 2026-05-03 18:24:06,642] Trial 344 finished with value: 2.7650744521116923 and parameters: {'rho_high_scale': 0.8004645055376783, 'f_n': 2.2984979357989214e-06, 'K_d': 369134.2106583859, 'fission_rate': 7.915588015465842e+19, 'Dg_D1_scale': 1.7962226416980895, 'Dg_D3_scale': 0.9869641803339361, 'Dv_D1_scale': 0.4421065077980336, 'Dv_D2_scale': 1.9260866970303057, 'b_bulk_scale': 1.7044558095390536, 'b_dislocation_scale': 0.17374272464887291, 'gb_scale': 3.898957584955997, 'gd_bubble_scale': 7.266829292454718, 'gd_line_scale': 0.3355911484553674, 'gd_line_alpha': 0.10635786639611455, 'coalescence_d_scale': 0.2956022373699896, 'capture_scale': 0.011700618957087652}. Best is trial 343 with value: 2.4994347124594105.
[I 2026-05-03 18:24:12,773] Trial 345 finished with value: 2.708550216199225 and parameters: {'rho_high_scale': 0.7291832567986756, 'f_n': 2.651611885975144e-06, 'K_d': 380065.83249830734, 'fission_rate': 7.914202461418347e+19, 'Dg_D1_scale': 1.8851465864478003, 'Dg_D3_scale': 1.0699603283018584, 'Dv_D1_scale': 0.4376162283629483, 'Dv_D2_scale': 1.7745903285935767, 'b_bulk_scale': 1.597822051102527, 'b_dislocation_scale': 0.1938409809658601, 'gb_scale': 3.2388469749392947, 'gd_bubble_scale': 8.36694059530199, 'gd_line_scale': 0.3169712756592088, 'gd_line_alpha': 0.12251331364050895, 'coalescence_d_scale': 0.2354249694790223, 'capture_scale': 0.013787345211621617}. Best is trial 343 with value: 2.4994347124594105.
[I 2026-05-03 18:24:19,013] Trial 346 finished with value: 2.583826548646704 and parameters: {'rho_high_scale': 0.7582262664946454, 'f_n': 1.4743336415082845e-06, 'K_d': 323968.225122319, 'fission_rate': 7.710467658261892e+19, 'Dg_D1_scale': 2.0644681735368366, 'Dg_D3_scale': 0.9897768828871601, 'Dv_D1_scale': 0.39032465423593027, 'Dv_D2_scale': 1.665232020494587, 'b_bulk_scale': 1.7498405366388845, 'b_dislocation_scale': 0.1849379536857032, 'gb_scale': 3.699348779008977, 'gd_bubble_scale': 7.833515011955454, 'gd_line_scale': 0.3421735025036486, 'gd_line_alpha': 0.08770952206480175, 'coalescence_d_scale': 1.176678164590424, 'capture_scale': 0.012944722626102021}. Best is trial 343 with value: 2.4994347124594105.
[I 2026-05-03 18:24:25,302] Trial 347 finished with value: 2.6559289057798763 and parameters: {'rho_high_scale': 0.833024567826807, 'f_n': 2.067844336266293e-06, 'K_d': 373115.03627230163, 'fission_rate': 7.712127623660392e+19, 'Dg_D1_scale': 2.103312755456017, 'Dg_D3_scale': 0.9755738978796354, 'Dv_D1_scale': 0.36231153806441546, 'Dv_D2_scale': 1.6162826935470982, 'b_bulk_scale': 1.7536350081178258, 'b_dislocation_scale': 0.17880187289718721, 'gb_scale': 3.7981767755885985, 'gd_bubble_scale': 7.919900051552722, 'gd_line_scale': 0.3097224539620839, 'gd_line_alpha': 0.07469154085108738, 'coalescence_d_scale': 1.1193185874400973, 'capture_scale': 0.011780398369977853}. Best is trial 343 with value: 2.4994347124594105.
