[I 2026-05-03 18:06:33,642] Trial 168 finished with value: 3.116183583399775 and parameters: {'rho_high_scale': 0.7403127058041336, 'f_n': 1.769799563009897e-07, 'K_d': 649586.6172469531, 'fission_rate': 7.735584581060991e+19, 'Dg_D1_scale': 3.3780304621803494, 'Dg_D3_scale': 0.40447896652044135, 'Dv_D1_scale': 0.6529281443201956, 'Dv_D2_scale': 0.6498875270132574, 'b_bulk_scale': 0.9827571644938636, 'b_dislocation_scale': 0.12024046611493679, 'gb_scale': 6.339527678796639, 'gd_bubble_scale': 2.464349987348127, 'gd_line_scale': 0.12988221590005902, 'gd_line_alpha': 0.47404699815589807, 'coalescence_d_scale': 0.20369509199324506, 'capture_scale': 0.0821796537356695}. Best is trial 67 with value: 2.9690598741980367.Best trial: 67. Best value: 2.96906:  34%|███▎      | 168/500 [19:48<28:44,  5.20s/it]Best trial: 67. Best value: 2.96906:  34%|███▎      | 168/500 [19:48<28:44,  5.20s/it]Best trial: 67. Best value: 2.96906:  34%|███▍      | 169/500 [19:48<30:33,  5.54s/it]                                                                                      Best trial: 67. Best value: 2.96906:  34%|███▍      | 169/500 [19:52<30:33,  5.54s/it]Best trial: 67. Best value: 2.96906:  34%|███▍      | 169/500 [19:53<30:33,  5.54s/it]Best trial: 67. Best value: 2.96906:  34%|███▍      | 170/500 [19:53<29:32,  5.37s/it]                                                                                      Best trial: 67. Best value: 2.96906:  34%|███▍      | 170/500 [20:00<29:32,  5.37s/it]Best trial: 67. Best value: 2.96906:  34%|███▍      | 170/500 [20:00<29:32,  5.37s/it]Best trial: 67. Best value: 2.96906:  34%|███▍      | 171/500 [20:00<33:08,  6.04s/it]                                                                                      Best trial: 67. Best value: 2.96906:  34%|███▍      | 171/500 [20:07<33:08,  6.04s/it]Best trial: 67. Best value: 2.96906:  34%|███▍      | 171/500 [20:07<33:08,  6.04s/it]Best trial: 67. Best value: 2.96906:  34%|███▍      | 172/500 [20:07<33:58,  6.22s/it]                                                                                      Best trial: 67. Best value: 2.96906:  34%|███▍      | 172/500 [20:12<33:58,  6.22s/it]Best trial: 67. Best value: 2.96906:  34%|███▍      | 172/500 [20:12<33:58,  6.22s/it]Best trial: 67. Best value: 2.96906:  35%|███▍      | 173/500 [20:12<31:42,  5.82s/it]                                                                                      Best trial: 67. Best value: 2.96906:  35%|███▍      | 173/500 [20:18<31:42,  5.82s/it]Best trial: 67. Best value: 2.96906:  35%|███▍      | 173/500 [20:18<31:42,  5.82s/it]Best trial: 67. Best value: 2.96906:  35%|███▍      | 174/500 [20:18<33:05,  6.09s/it]                                                                                      Best trial: 67. Best value: 2.96906:  35%|███▍      | 174/500 [20:25<33:05,  6.09s/it]Best trial: 174. Best value: 2.94375:  35%|███▍      | 174/500 [20:25<33:05,  6.09s/it]Best trial: 174. Best value: 2.94375:  35%|███▌      | 175/500 [20:25<33:51,  6.25s/it]                                                                                       Best trial: 174. Best value: 2.94375:  35%|███▌      | 175/500 [20:32<33:51,  6.25s/it]Best trial: 174. Best value: 2.94375:  35%|███▌      | 175/500 [20:32<33:51,  6.25s/it]Best trial: 174. Best value: 2.94375:  35%|███▌      | 176/500 [20:32<34:45,  6.44s/it]                                                                                       Best trial: 174. Best value: 2.94375:  35%|███▌      | 176/500 [20:39<34:45,  6.44s/it]Best trial: 176. Best value: 2.79957:  35%|███▌      | 176/500 [20:39<34:45,  6.44s/it]Best trial: 176. Best value: 2.79957:  35%|███▌      | 177/500 [20:39<35:10,  6.53s/it]                                                                                       Best trial: 176. Best value: 2.79957:  35%|███▌      | 177/500 [20:44<35:10,  6.53s/it]Best trial: 177. Best value: 2.77439:  35%|███▌      | 177/500 [20:44<35:10,  6.53s/it]Best trial: 177. Best value: 2.77439:  36%|███▌      | 178/500 [20:44<32:28,  6.05s/it]                                                                                       Best trial: 177. Best value: 2.77439:  36%|███▌      | 178/500 [20:50<32:28,  6.05s/it]Best trial: 177. Best value: 2.77439:  36%|███▌      | 178/500 [20:50<32:28,  6.05s/it]Best trial: 177. Best value: 2.77439:  36%|███▌      | 179/500 [20:50<33:13,  6.21s/it]                                                                                       Best trial: 177. Best value: 2.77439:  36%|███▌      | 179/500 [20:57<33:13,  6.21s/it]Best trial: 177. Best value: 2.77439:  36%|███▌      | 179/500 [20:57<33:13,  6.21s/it]Best trial: 177. Best value: 2.77439:  36%|███▌      | 180/500 [20:57<33:48,  6.34s/it]                                                                                       
[I 2026-05-03 18:06:38,618] Trial 169 finished with value: 3.954699801127238 and parameters: {'rho_high_scale': 0.7693153276421604, 'f_n': 1.3739563182427724e-06, 'K_d': 512181.41835275653, 'fission_rate': 6.243541787533841e+19, 'Dg_D1_scale': 3.111155294614414, 'Dg_D3_scale': 0.494170561032653, 'Dv_D1_scale': 0.773586558119837, 'Dv_D2_scale': 0.7599271675643043, 'b_bulk_scale': 0.06047602091734608, 'b_dislocation_scale': 0.16552792011513032, 'gb_scale': 3.374857128891006, 'gd_bubble_scale': 5.797281908524855, 'gd_line_scale': 0.35997779028225774, 'gd_line_alpha': 0.3685693853114719, 'coalescence_d_scale': 0.1103403223307349, 'capture_scale': 0.10248597943255107}. Best is trial 67 with value: 2.9690598741980367.
[I 2026-05-03 18:06:46,224] Trial 170 finished with value: 4.707418624996894 and parameters: {'rho_high_scale': 0.8273391793758466, 'f_n': 3.3381936768169985e-08, 'K_d': 576849.9896704989, 'fission_rate': 6.353001307701013e+19, 'Dg_D1_scale': 1.9460813322293264, 'Dg_D3_scale': 0.3544133567095615, 'Dv_D1_scale': 0.6233953790656617, 'Dv_D2_scale': 0.915674966514029, 'b_bulk_scale': 1.098804455511983, 'b_dislocation_scale': 0.200938513739261, 'gb_scale': 1.5836301809012912, 'gd_bubble_scale': 5.976033494669714, 'gd_line_scale': 0.1639961385357781, 'gd_line_alpha': 0.4583114899123154, 'coalescence_d_scale': 0.1562556572768849, 'capture_scale': 0.043973902540948545}. Best is trial 67 with value: 2.9690598741980367.
[I 2026-05-03 18:06:52,850] Trial 171 finished with value: 3.1043336077871584 and parameters: {'rho_high_scale': 0.8777348714667859, 'f_n': 8.003864263546726e-07, 'K_d': 619859.6115640312, 'fission_rate': 7.283584012072669e+19, 'Dg_D1_scale': 3.518013004940647, 'Dg_D3_scale': 0.3645346763996912, 'Dv_D1_scale': 0.8491925404241879, 'Dv_D2_scale': 0.6142362312577966, 'b_bulk_scale': 0.8525124582836926, 'b_dislocation_scale': 0.15425930451079056, 'gb_scale': 2.4902330161987094, 'gd_bubble_scale': 2.6579727223906695, 'gd_line_scale': 0.18505222236077576, 'gd_line_alpha': 0.41772600909419494, 'coalescence_d_scale': 0.1006133818967987, 'capture_scale': 0.04262226142165429}. Best is trial 67 with value: 2.9690598741980367.
[I 2026-05-03 18:06:57,736] Trial 172 finished with value: 3.131524969639537 and parameters: {'rho_high_scale': 0.7864461161158456, 'f_n': 8.574144740332998e-07, 'K_d': 640105.108017732, 'fission_rate': 7.55885192357585e+19, 'Dg_D1_scale': 3.7176789356501834, 'Dg_D3_scale': 0.42060492781917486, 'Dv_D1_scale': 0.9339398913730492, 'Dv_D2_scale': 0.5633113589228012, 'b_bulk_scale': 0.6553202265676121, 'b_dislocation_scale': 0.13385872974413665, 'gb_scale': 2.6177378241362845, 'gd_bubble_scale': 2.8246358578220665, 'gd_line_scale': 0.16833821463879256, 'gd_line_alpha': 0.43432042358201134, 'coalescence_d_scale': 0.11394250194343762, 'capture_scale': 0.052823816528056663}. Best is trial 67 with value: 2.9690598741980367.
[I 2026-05-03 18:07:04,464] Trial 173 finished with value: 3.564318035370986 and parameters: {'rho_high_scale': 0.737933688277723, 'f_n': 1.0757338265199709e-06, 'K_d': 676950.3416789308, 'fission_rate': 7.6762969194748e+19, 'Dg_D1_scale': 3.7594259116616953, 'Dg_D3_scale': 0.5427194236803298, 'Dv_D1_scale': 2.685817742636079, 'Dv_D2_scale': 0.5172056579667543, 'b_bulk_scale': 0.7734082454210646, 'b_dislocation_scale': 0.14303345010658494, 'gb_scale': 2.2772418282812934, 'gd_bubble_scale': 4.761722473025389, 'gd_line_scale': 0.14336697770088339, 'gd_line_alpha': 0.9406247518907194, 'coalescence_d_scale': 0.1267622514082559, 'capture_scale': 0.07387892161361377}. Best is trial 67 with value: 2.9690598741980367.
[I 2026-05-03 18:07:11,044] Trial 174 finished with value: 2.943752831523675 and parameters: {'rho_high_scale': 0.845185778819355, 'f_n': 5.215027205378723e-07, 'K_d': 597415.3626690281, 'fission_rate': 7.407910277729101e+19, 'Dg_D1_scale': 1.7497383930012071, 'Dg_D3_scale': 0.4416018381212811, 'Dv_D1_scale': 0.8134243363642343, 'Dv_D2_scale': 0.6592316729926614, 'b_bulk_scale': 0.9258735632632366, 'b_dislocation_scale': 0.17629997355726987, 'gb_scale': 3.948460641877511, 'gd_bubble_scale': 4.424857977558102, 'gd_line_scale': 0.31519745537698823, 'gd_line_alpha': 0.41702744843599765, 'coalescence_d_scale': 0.13367420609633196, 'capture_scale': 0.035598696641831185}. Best is trial 174 with value: 2.943752831523675.
[I 2026-05-03 18:07:17,914] Trial 175 finished with value: 3.4371286498001132 and parameters: {'rho_high_scale': 0.8377586520333851, 'f_n': 4.368211329095929e-07, 'K_d': 308917.84807398246, 'fission_rate': 7.381212931275933e+19, 'Dg_D1_scale': 1.7549790943339896, 'Dg_D3_scale': 0.467144317033108, 'Dv_D1_scale': 1.3128332425845721, 'Dv_D2_scale': 0.6493191463677236, 'b_bulk_scale': 0.7231032248114831, 'b_dislocation_scale': 0.17732495984578822, 'gb_scale': 3.887688854797168, 'gd_bubble_scale': 3.9674987534416033, 'gd_line_scale': 0.120719149649134, 'gd_line_alpha': 0.4868837237565092, 'coalescence_d_scale': 0.13924502189587917, 'capture_scale': 0.03293070474693085}. Best is trial 174 with value: 2.943752831523675.
[I 2026-05-03 18:07:24,699] Trial 176 finished with value: 2.7995716963967983 and parameters: {'rho_high_scale': 0.767663627532435, 'f_n': 1.355102185268946e-07, 'K_d': 599418.5186653599, 'fission_rate': 7.452699639617775e+19, 'Dg_D1_scale': 2.071392622124544, 'Dg_D3_scale': 0.5146063235362123, 'Dv_D1_scale': 0.7996893481801716, 'Dv_D2_scale': 3.247581223831295, 'b_bulk_scale': 0.9338569379353667, 'b_dislocation_scale': 0.22343125059818514, 'gb_scale': 4.787010731868037, 'gd_bubble_scale': 4.249467911991666, 'gd_line_scale': 0.32684510835460645, 'gd_line_alpha': 0.39288801568572557, 'coalescence_d_scale': 0.17056141183225426, 'capture_scale': 0.04034269792852919}. Best is trial 176 with value: 2.7995716963967983.
[I 2026-05-03 18:07:29,637] Trial 177 finished with value: 2.7743940456394434 and parameters: {'rho_high_scale': 0.7592543831280546, 'f_n': 1.1838764952930735e-07, 'K_d': 607270.778586012, 'fission_rate': 7.474136622484523e+19, 'Dg_D1_scale': 2.2137027253671406, 'Dg_D3_scale': 0.6161392466582588, 'Dv_D1_scale': 0.7884019247044834, 'Dv_D2_scale': 3.4285189030057595, 'b_bulk_scale': 0.9485122796076669, 'b_dislocation_scale': 0.24683417654399087, 'gb_scale': 4.629021886600408, 'gd_bubble_scale': 4.30657232713748, 'gd_line_scale': 0.30708004379129256, 'gd_line_alpha': 0.39555827575306535, 'coalescence_d_scale': 0.18216585109567016, 'capture_scale': 0.03985367225173022}. Best is trial 177 with value: 2.7743940456394434.
[I 2026-05-03 18:07:36,226] Trial 178 finished with value: 2.841250066086273 and parameters: {'rho_high_scale': 0.7899154274783222, 'f_n': 1.1000669721206605e-07, 'K_d': 600943.5539524808, 'fission_rate': 7.433826643196758e+19, 'Dg_D1_scale': 2.256033256527466, 'Dg_D3_scale': 0.6243047271943755, 'Dv_D1_scale': 1.047227500465539, 'Dv_D2_scale': 0.6935052400415607, 'b_bulk_scale': 1.1243447747199753, 'b_dislocation_scale': 0.27302312622287395, 'gb_scale': 5.143646188631219, 'gd_bubble_scale': 4.418027660481289, 'gd_line_scale': 0.33206496657947127, 'gd_line_alpha': 0.39255762429964125, 'coalescence_d_scale': 0.19387486507459098, 'capture_scale': 0.03591633622725978}. Best is trial 177 with value: 2.7743940456394434.
[I 2026-05-03 18:07:42,866] Trial 179 finished with value: 2.835665609542356 and parameters: {'rho_high_scale': 0.7846457502131502, 'f_n': 1.1435353398335028e-07, 'K_d': 597124.0039994655, 'fission_rate': 7.442613834440663e+19, 'Dg_D1_scale': 2.233300192067267, 'Dg_D3_scale': 0.607610414071659, 'Dv_D1_scale': 0.7216623173496782, 'Dv_D2_scale': 3.170264685052721, 'b_bulk_scale': 1.385638907609222, 'b_dislocation_scale': 0.2891265408859715, 'gb_scale': 4.6544263128933965, 'gd_bubble_scale': 4.424246348411805, 'gd_line_scale': 0.3642484510637523, 'gd_line_alpha': 0.3931567961770432, 'coalescence_d_scale': 0.24039411305647512, 'capture_scale': 0.039414230336121896}. Best is trial 177 with value: 2.7743940456394434.
[I 2026-05-03 18:07:49,510] Trial 180 finished with value: 2.718026243919048 and parameters: {'rho_high_scale': 0.7274447822156356, 'f_n': 2.2323223955743976e-07, 'K_d': 563601.3115011948, 'fission_rate': 7.426424977817648e+19, 'Dg_D1_scale': 2.284250748029751, 'Dg_D3_scale': 0.5903775403355865, 'Dv_D1_scale': 0.6847967893674077, 'Dv_D2_scale': 3.549436197770419, 'b_bulk_scale': 1.613115541944169, 'b_dislocation_scale': 0.2802278937953187, 'gb_scale': 4.571017767346908, 'gd_bubble_scale': 4.230016857275702, 'gd_line_scale': 0.3310221031864638, 'gd_line_alpha': 0.38424438631301916, 'coalescence_d_scale': 0.22667464707758234, 'capture_scale': 0.037431829767375926}. Best is trial 180 with value: 2.718026243919048.Best trial: 177. Best value: 2.77439:  36%|███▌      | 180/500 [21:03<33:48,  6.34s/it]Best trial: 180. Best value: 2.71803:  36%|███▌      | 180/500 [21:03<33:48,  6.34s/it]Best trial: 180. Best value: 2.71803:  36%|███▌      | 181/500 [21:03<34:12,  6.43s/it]                                                                                       Best trial: 180. Best value: 2.71803:  36%|███▌      | 181/500 [21:10<34:12,  6.43s/it]Best trial: 180. Best value: 2.71803:  36%|███▌      | 181/500 [21:10<34:12,  6.43s/it]Best trial: 180. Best value: 2.71803:  36%|███▋      | 182/500 [21:10<34:25,  6.50s/it]                                                                                       Best trial: 180. Best value: 2.71803:  36%|███▋      | 182/500 [21:15<34:25,  6.50s/it]Best trial: 180. Best value: 2.71803:  36%|███▋      | 182/500 [21:15<34:25,  6.50s/it]Best trial: 180. Best value: 2.71803:  37%|███▋      | 183/500 [21:15<31:37,  5.99s/it]                                                                                       Best trial: 180. Best value: 2.71803:  37%|███▋      | 183/500 [21:21<31:37,  5.99s/it]Best trial: 183. Best value: 2.71201:  37%|███▋      | 183/500 [21:21<31:37,  5.99s/it]Best trial: 183. Best value: 2.71201:  37%|███▋      | 184/500 [21:21<32:22,  6.15s/it]                                                                                       Best trial: 183. Best value: 2.71201:  37%|███▋      | 184/500 [21:28<32:22,  6.15s/it]Best trial: 183. Best value: 2.71201:  37%|███▋      | 184/500 [21:28<32:22,  6.15s/it]Best trial: 183. Best value: 2.71201:  37%|███▋      | 185/500 [21:28<32:50,  6.25s/it]                                                                                       Best trial: 183. Best value: 2.71201:  37%|███▋      | 185/500 [21:34<32:50,  6.25s/it]Best trial: 183. Best value: 2.71201:  37%|███▋      | 185/500 [21:34<32:50,  6.25s/it]Best trial: 183. Best value: 2.71201:  37%|███▋      | 186/500 [21:34<32:59,  6.30s/it]                                                                                       Best trial: 183. Best value: 2.71201:  37%|███▋      | 186/500 [21:41<32:59,  6.30s/it]Best trial: 183. Best value: 2.71201:  37%|███▋      | 186/500 [21:41<32:59,  6.30s/it]Best trial: 183. Best value: 2.71201:  37%|███▋      | 187/500 [21:41<33:26,  6.41s/it]                                                                                       Best trial: 183. Best value: 2.71201:  37%|███▋      | 187/500 [21:46<33:26,  6.41s/it]Best trial: 183. Best value: 2.71201:  37%|███▋      | 187/500 [21:46<33:26,  6.41s/it]Best trial: 183. Best value: 2.71201:  38%|███▊      | 188/500 [21:46<30:49,  5.93s/it]                                                                                       Best trial: 183. Best value: 2.71201:  38%|███▊      | 188/500 [21:52<30:49,  5.93s/it]Best trial: 183. Best value: 2.71201:  38%|███▊      | 188/500 [21:52<30:49,  5.93s/it]Best trial: 183. Best value: 2.71201:  38%|███▊      | 189/500 [21:52<31:41,  6.12s/it]                                                                                       Best trial: 183. Best value: 2.71201:  38%|███▊      | 189/500 [21:59<31:41,  6.12s/it]Best trial: 183. Best value: 2.71201:  38%|███▊      | 189/500 [21:59<31:41,  6.12s/it]Best trial: 183. Best value: 2.71201:  38%|███▊      | 190/500 [21:59<32:10,  6.23s/it]                                                                                       Best trial: 183. Best value: 2.71201:  38%|███▊      | 190/500 [22:05<32:10,  6.23s/it]Best trial: 183. Best value: 2.71201:  38%|███▊      | 190/500 [22:05<32:10,  6.23s/it]Best trial: 183. Best value: 2.71201:  38%|███▊      | 191/500 [22:05<32:27,  6.30s/it]                                                                                       Best trial: 183. Best value: 2.71201:  38%|███▊      | 191/500 [22:10<32:27,  6.30s/it]Best trial: 183. Best value: 2.71201:  38%|███▊      | 191/500 [22:10<32:27,  6.30s/it]Best trial: 183. Best value: 2.71201:  38%|███▊      | 192/500 [22:10<29:55,  5.83s/it]                                                                                       
[I 2026-05-03 18:07:56,168] Trial 181 finished with value: 2.9463231125375273 and parameters: {'rho_high_scale': 0.7311673827845135, 'f_n': 1.0541135260857631e-07, 'K_d': 568143.7454525532, 'fission_rate': 7.455129238787516e+19, 'Dg_D1_scale': 2.2536995754742764, 'Dg_D3_scale': 0.6126413950588006, 'Dv_D1_scale': 0.6853387595669755, 'Dv_D2_scale': 3.383283450107816, 'b_bulk_scale': 1.2517501670418387, 'b_dislocation_scale': 0.3348720751738164, 'gb_scale': 5.163972691766796, 'gd_bubble_scale': 4.192718139299257, 'gd_line_scale': 0.31380471499555457, 'gd_line_alpha': 0.3824005875317157, 'coalescence_d_scale': 0.20305704576699768, 'capture_scale': 0.03811330279304576}. Best is trial 180 with value: 2.718026243919048.
[I 2026-05-03 18:08:00,959] Trial 182 finished with value: 3.2824963078700122 and parameters: {'rho_high_scale': 0.7279299917413441, 'f_n': 8.796437605848645e-08, 'K_d': 552361.1217616367, 'fission_rate': 7.276763810153e+19, 'Dg_D1_scale': 2.283271048508386, 'Dg_D3_scale': 0.6315123787216348, 'Dv_D1_scale': 0.7640815628615352, 'Dv_D2_scale': 3.261704661370936, 'b_bulk_scale': 1.9759549661516829, 'b_dislocation_scale': 0.2871807737646151, 'gb_scale': 4.919863337922928, 'gd_bubble_scale': 4.817551063227846, 'gd_line_scale': 0.40363748737658733, 'gd_line_alpha': 0.37854205338079755, 'coalescence_d_scale': 0.24241318179068305, 'capture_scale': 0.037686208315793474}. Best is trial 180 with value: 2.718026243919048.
[I 2026-05-03 18:08:07,474] Trial 183 finished with value: 2.7120116010039537 and parameters: {'rho_high_scale': 0.729741474784793, 'f_n': 1.1600131637072095e-07, 'K_d': 566482.1381962184, 'fission_rate': 7.491665813672011e+19, 'Dg_D1_scale': 2.1549306437334477, 'Dg_D3_scale': 0.6300512027804434, 'Dv_D1_scale': 0.7203762852548148, 'Dv_D2_scale': 3.5108532926301885, 'b_bulk_scale': 1.6147439147230391, 'b_dislocation_scale': 0.3239051722881282, 'gb_scale': 4.476771297120472, 'gd_bubble_scale': 4.227737469058662, 'gd_line_scale': 0.3225793796920376, 'gd_line_alpha': 0.389875705931895, 'coalescence_d_scale': 0.27537063294826447, 'capture_scale': 0.029255646597119548}. Best is trial 183 with value: 2.7120116010039537.
[I 2026-05-03 18:08:13,987] Trial 184 finished with value: 2.736306919306067 and parameters: {'rho_high_scale': 0.7265713946187878, 'f_n': 1.1475072117397783e-07, 'K_d': 565159.8428594209, 'fission_rate': 7.427542720593409e+19, 'Dg_D1_scale': 2.170067137003077, 'Dg_D3_scale': 0.6254035396001711, 'Dv_D1_scale': 0.702569333321513, 'Dv_D2_scale': 3.5665664149388294, 'b_bulk_scale': 1.5465161871041018, 'b_dislocation_scale': 0.33885148167113405, 'gb_scale': 4.471661402562186, 'gd_bubble_scale': 4.216255944060484, 'gd_line_scale': 0.33011674562004123, 'gd_line_alpha': 0.35930943524060216, 'coalescence_d_scale': 0.28814814709677183, 'capture_scale': 0.031215075309497194}. Best is trial 183 with value: 2.7120116010039537.
[I 2026-05-03 18:08:20,410] Trial 185 finished with value: 2.758932556147108 and parameters: {'rho_high_scale': 0.7300933067807699, 'f_n': 1.718492544650565e-07, 'K_d': 562868.2012908919, 'fission_rate': 7.456836051362983e+19, 'Dg_D1_scale': 2.1290258784828553, 'Dg_D3_scale': 0.6483241283962498, 'Dv_D1_scale': 0.6940097951829367, 'Dv_D2_scale': 3.9584908591438652, 'b_bulk_scale': 1.6104271605595901, 'b_dislocation_scale': 0.33521233020901325, 'gb_scale': 4.446533328861198, 'gd_bubble_scale': 4.398094448270825, 'gd_line_scale': 0.3283038983394339, 'gd_line_alpha': 0.3574645488445958, 'coalescence_d_scale': 0.30934732570069784, 'capture_scale': 0.03042410036687343}. Best is trial 183 with value: 2.7120116010039537.
