[I 2026-05-03 17:50:50,030] Trial 36 finished with value: 4.320313003709653 and parameters: {'rho_high_scale': 1.1156055216887348, 'f_n': 1.6214370112364878e-09, 'K_d': 586471.848224337, 'fission_rate': 7.653390391045027e+19, 'Dg_D1_scale': 0.4554255900544147, 'Dg_D3_scale': 0.6752832087122626, 'Dv_D1_scale': 0.34327295882847253, 'Dv_D2_scale': 1.424887742593715, 'b_bulk_scale': 0.5821496910367713, 'b_dislocation_scale': 0.5346306470174017, 'gb_scale': 1.7035225116752644, 'gd_bubble_scale': 0.22597398876191666, 'gd_line_scale': 0.25096353233438234, 'gd_line_alpha': 0.6356476356889997, 'coalescence_d_scale': 0.40009917863368877, 'capture_scale': 0.01783454099182389}. Best is trial 24 with value: 3.304741562607741.Best trial: 24. Best value: 3.30474:   7%|▋         | 36/500 [04:04<45:03,  5.83s/it]Best trial: 24. Best value: 3.30474:   7%|▋         | 36/500 [04:04<45:03,  5.83s/it]Best trial: 24. Best value: 3.30474:   7%|▋         | 37/500 [04:04<44:16,  5.74s/it]                                                                                     Best trial: 24. Best value: 3.30474:   7%|▋         | 37/500 [04:11<44:16,  5.74s/it]Best trial: 24. Best value: 3.30474:   7%|▋         | 37/500 [04:11<44:16,  5.74s/it]Best trial: 24. Best value: 3.30474:   8%|▊         | 38/500 [04:11<46:53,  6.09s/it]                                                                                     Best trial: 24. Best value: 3.30474:   8%|▊         | 38/500 [04:18<46:53,  6.09s/it]Best trial: 24. Best value: 3.30474:   8%|▊         | 38/500 [04:18<46:53,  6.09s/it]Best trial: 24. Best value: 3.30474:   8%|▊         | 39/500 [04:18<49:39,  6.46s/it]                                                                                     Best trial: 24. Best value: 3.30474:   8%|▊         | 39/500 [04:26<49:39,  6.46s/it]Best trial: 24. Best value: 3.30474:   8%|▊         | 39/500 [04:26<49:39,  6.46s/it]Best trial: 24. Best value: 3.30474:   8%|▊         | 40/500 [04:26<51:42,  6.74s/it]                                                                                     Best trial: 24. Best value: 3.30474:   8%|▊         | 40/500 [04:29<51:42,  6.74s/it]Best trial: 24. Best value: 3.30474:   8%|▊         | 40/500 [04:29<51:42,  6.74s/it]Best trial: 24. Best value: 3.30474:   8%|▊         | 41/500 [04:29<44:39,  5.84s/it]                                                                                     Best trial: 24. Best value: 3.30474:   8%|▊         | 41/500 [04:35<44:39,  5.84s/it]Best trial: 24. Best value: 3.30474:   8%|▊         | 41/500 [04:35<44:39,  5.84s/it]Best trial: 24. Best value: 3.30474:   8%|▊         | 42/500 [04:35<44:49,  5.87s/it]                                                                                     Best trial: 24. Best value: 3.30474:   8%|▊         | 42/500 [04:42<44:49,  5.87s/it]Best trial: 42. Best value: 3.20298:   8%|▊         | 42/500 [04:42<44:49,  5.87s/it]Best trial: 42. Best value: 3.20298:   9%|▊         | 43/500 [04:42<46:33,  6.11s/it]                                                                                     Best trial: 42. Best value: 3.20298:   9%|▊         | 43/500 [04:48<46:33,  6.11s/it]Best trial: 42. Best value: 3.20298:   9%|▊         | 43/500 [04:48<46:33,  6.11s/it]Best trial: 42. Best value: 3.20298:   9%|▉         | 44/500 [04:48<46:32,  6.12s/it]                                                                                     Best trial: 42. Best value: 3.20298:   9%|▉         | 44/500 [04:53<46:32,  6.12s/it]Best trial: 42. Best value: 3.20298:   9%|▉         | 44/500 [04:53<46:32,  6.12s/it]Best trial: 42. Best value: 3.20298:   9%|▉         | 45/500 [04:53<44:28,  5.87s/it]                                                                                     Best trial: 42. Best value: 3.20298:   9%|▉         | 45/500 [04:58<44:28,  5.87s/it]Best trial: 42. Best value: 3.20298:   9%|▉         | 45/500 [04:58<44:28,  5.87s/it]Best trial: 42. Best value: 3.20298:   9%|▉         | 46/500 [04:58<42:45,  5.65s/it]                                                                                     Best trial: 42. Best value: 3.20298:   9%|▉         | 46/500 [05:03<42:45,  5.65s/it]Best trial: 42. Best value: 3.20298:   9%|▉         | 46/500 [05:04<42:45,  5.65s/it]Best trial: 42. Best value: 3.20298:   9%|▉         | 47/500 [05:04<41:13,  5.46s/it]                                                                                     Best trial: 42. Best value: 3.20298:   9%|▉         | 47/500 [05:11<41:13,  5.46s/it]Best trial: 42. Best value: 3.20298:   9%|▉         | 47/500 [05:11<41:13,  5.46s/it]Best trial: 42. Best value: 3.20298:  10%|▉         | 48/500 [05:11<45:16,  6.01s/it]                                                                                     
[I 2026-05-03 17:50:56,935] Trial 37 finished with value: 3.499485528815658 and parameters: {'rho_high_scale': 0.94811763987648, 'f_n': 5.704482127950919e-09, 'K_d': 528641.8724527861, 'fission_rate': 6.893284574534327e+19, 'Dg_D1_scale': 1.3165965383416676, 'Dg_D3_scale': 0.5474323565745959, 'Dv_D1_scale': 0.45001628374810054, 'Dv_D2_scale': 1.1557267312955537, 'b_bulk_scale': 0.8279587999501887, 'b_dislocation_scale': 0.33878185193589877, 'gb_scale': 1.1098244563241129, 'gd_bubble_scale': 0.2595776395171145, 'gd_line_scale': 0.2662752153538574, 'gd_line_alpha': 0.758436636062258, 'coalescence_d_scale': 0.20241956563107988, 'capture_scale': 0.021564041901362338}. Best is trial 24 with value: 3.304741562607741.
[I 2026-05-03 17:51:04,261] Trial 38 finished with value: 3.3875104656034427 and parameters: {'rho_high_scale': 0.9765808643617019, 'f_n': 5.852259448799457e-09, 'K_d': 537538.2962781084, 'fission_rate': 6.930836964473389e+19, 'Dg_D1_scale': 1.280179365768917, 'Dg_D3_scale': 0.5120444825379128, 'Dv_D1_scale': 0.44908968671996274, 'Dv_D2_scale': 1.169085691956309, 'b_bulk_scale': 0.4079419215764002, 'b_dislocation_scale': 0.3284916017946892, 'gb_scale': 0.7295146973341564, 'gd_bubble_scale': 0.5190690029026327, 'gd_line_scale': 0.2609890054418189, 'gd_line_alpha': 0.7488961631577566, 'coalescence_d_scale': 0.21579255101435935, 'capture_scale': 0.03944584022122112}. Best is trial 24 with value: 3.304741562607741.
[I 2026-05-03 17:51:11,672] Trial 39 finished with value: 3.3432773798604383 and parameters: {'rho_high_scale': 0.9398473204548022, 'f_n': 7.423056675521065e-09, 'K_d': 602902.2903261264, 'fission_rate': 6.893032833518914e+19, 'Dg_D1_scale': 1.248515243450264, 'Dg_D3_scale': 0.5081449754421573, 'Dv_D1_scale': 0.456430063230728, 'Dv_D2_scale': 2.084814945475168, 'b_bulk_scale': 0.4005931391256886, 'b_dislocation_scale': 0.42663345623452803, 'gb_scale': 0.7499038642824698, 'gd_bubble_scale': 0.9669934093018038, 'gd_line_scale': 0.33805306516585565, 'gd_line_alpha': 0.8895101368053189, 'coalescence_d_scale': 0.21983591090977056, 'capture_scale': 0.03828443632969747}. Best is trial 24 with value: 3.304741562607741.
[I 2026-05-03 17:51:15,395] Trial 40 finished with value: 3.861862076924677 and parameters: {'rho_high_scale': 0.9245623400188546, 'f_n': 2.098332920247443e-08, 'K_d': 614162.741101587, 'fission_rate': 6.508095739955447e+19, 'Dg_D1_scale': 1.1970430267034835, 'Dg_D3_scale': 0.3728377260741633, 'Dv_D1_scale': 0.4471713496611507, 'Dv_D2_scale': 1.9613638228251102, 'b_bulk_scale': 0.2258658283094683, 'b_dislocation_scale': 0.4147168277481608, 'gb_scale': 0.7334834998922337, 'gd_bubble_scale': 0.890275901465115, 'gd_line_scale': 0.34113871932039186, 'gd_line_alpha': 0.9191221499547843, 'coalescence_d_scale': 0.194076816184574, 'capture_scale': 0.09011264858303206}. Best is trial 24 with value: 3.304741562607741.
[I 2026-05-03 17:51:21,350] Trial 41 finished with value: 4.497831584134781 and parameters: {'rho_high_scale': 0.9588791948172464, 'f_n': 8.449597054777606e-09, 'K_d': 528464.1416664514, 'fission_rate': 6.9157291830942654e+19, 'Dg_D1_scale': 1.8067232230540624, 'Dg_D3_scale': 0.46212388090675255, 'Dv_D1_scale': 0.49107565387906743, 'Dv_D2_scale': 2.659492500528405, 'b_bulk_scale': 0.4478233769668676, 'b_dislocation_scale': 0.9385472504425821, 'gb_scale': 0.29729604887091227, 'gd_bubble_scale': 0.5507096185427184, 'gd_line_scale': 0.24433425912763035, 'gd_line_alpha': 0.9051726230393201, 'coalescence_d_scale': 0.12711515472459026, 'capture_scale': 0.039171414012191055}. Best is trial 24 with value: 3.304741562607741.
[I 2026-05-03 17:51:28,010] Trial 42 finished with value: 3.2029755723517233 and parameters: {'rho_high_scale': 0.8675449377176776, 'f_n': 7.170500600881231e-09, 'K_d': 688314.8644435443, 'fission_rate': 7.417873741943777e+19, 'Dg_D1_scale': 1.4849735605522703, 'Dg_D3_scale': 0.49253983244539024, 'Dv_D1_scale': 0.5700303988439503, 'Dv_D2_scale': 1.1125944225360784, 'b_bulk_scale': 0.35913399799401285, 'b_dislocation_scale': 0.3916612992306993, 'gb_scale': 1.1364301601407787, 'gd_bubble_scale': 1.0895841659838073, 'gd_line_scale': 0.4813066741477817, 'gd_line_alpha': 0.9754730788629191, 'coalescence_d_scale': 0.2432114367022022, 'capture_scale': 0.024858763165612734}. Best is trial 42 with value: 3.2029755723517233.
[I 2026-05-03 17:51:34,172] Trial 43 finished with value: 3.379131886500762 and parameters: {'rho_high_scale': 0.8606725868637399, 'f_n': 1.8685582336050222e-08, 'K_d': 715864.8113897792, 'fission_rate': 7.380062662115474e+19, 'Dg_D1_scale': 1.474873340709931, 'Dg_D3_scale': 0.5506348478947564, 'Dv_D1_scale': 0.5455957577416418, 'Dv_D2_scale': 1.1037809297803618, 'b_bulk_scale': 0.30220205604950007, 'b_dislocation_scale': 0.3735333642493809, 'gb_scale': 1.1324976203840424, 'gd_bubble_scale': 1.124808232365682, 'gd_line_scale': 0.5184194900306953, 'gd_line_alpha': 0.9783496217896638, 'coalescence_d_scale': 0.21945683955185946, 'capture_scale': 0.030910597876701917}. Best is trial 42 with value: 3.2029755723517233.
[I 2026-05-03 17:51:39,432] Trial 44 finished with value: 3.627251642554115 and parameters: {'rho_high_scale': 0.8132364921668014, 'f_n': 2.4487560213693558e-08, 'K_d': 702848.3044894104, 'fission_rate': 7.398392420192028e+19, 'Dg_D1_scale': 1.576686777208007, 'Dg_D3_scale': 0.48161453972394824, 'Dv_D1_scale': 0.6940406741707691, 'Dv_D2_scale': 1.0894676463305675, 'b_bulk_scale': 0.16238692924687131, 'b_dislocation_scale': 0.4399585303697845, 'gb_scale': 0.774693133725991, 'gd_bubble_scale': 1.1390822275567718, 'gd_line_scale': 0.5426466444272535, 'gd_line_alpha': 0.9514457980486168, 'coalescence_d_scale': 0.1470838462386885, 'capture_scale': 0.02883946246614057}. Best is trial 42 with value: 3.2029755723517233.
[I 2026-05-03 17:51:44,581] Trial 45 finished with value: 3.7189203172965684 and parameters: {'rho_high_scale': 1.0929679774085788, 'f_n': 1.0030442803831745e-08, 'K_d': 680618.470560551, 'fission_rate': 7.172019706983383e+19, 'Dg_D1_scale': 2.270953443350697, 'Dg_D3_scale': 0.29819854873086105, 'Dv_D1_scale': 0.7884109108235082, 'Dv_D2_scale': 1.443558755007495, 'b_bulk_scale': 0.3501031174050636, 'b_dislocation_scale': 0.7671206265819508, 'gb_scale': 0.5661646170179225, 'gd_bubble_scale': 2.264312475912521, 'gd_line_scale': 0.9473424846364831, 'gd_line_alpha': 0.9644369061814959, 'coalescence_d_scale': 0.25440178756410653, 'capture_scale': 0.06015541759625767}. Best is trial 42 with value: 3.2029755723517233.
[I 2026-05-03 17:51:49,575] Trial 46 finished with value: 4.4363487489508655 and parameters: {'rho_high_scale': 0.8533527466760191, 'f_n': 8.554678173444369e-08, 'K_d': 732210.2392271566, 'fission_rate': 6.480956018920155e+19, 'Dg_D1_scale': 1.0427679005080899, 'Dg_D3_scale': 0.4216419905370152, 'Dv_D1_scale': 0.5453677990934083, 'Dv_D2_scale': 0.8370533454418022, 'b_bulk_scale': 0.35485497012215694, 'b_dislocation_scale': 0.5447729806355359, 'gb_scale': 1.1764387082357393, 'gd_bubble_scale': 0.7712040679131038, 'gd_line_scale': 0.4410550167894972, 'gd_line_alpha': 0.9901355510613824, 'coalescence_d_scale': 0.2424717976486017, 'capture_scale': 0.03729131587524637}. Best is trial 42 with value: 3.2029755723517233.
[I 2026-05-03 17:51:56,895] Trial 47 finished with value: 3.7868239785293043 and parameters: {'rho_high_scale': 0.7024709496551618, 'f_n': 2.72031663187708e-09, 'K_d': 651045.1882219987, 'fission_rate': 6.730184969114073e+19, 'Dg_D1_scale': 1.9672824962458022, 'Dg_D3_scale': 0.3196586138775448, 'Dv_D1_scale': 0.39197791698771584, 'Dv_D2_scale': 1.9666221328077353, 'b_bulk_scale': 0.27105755832503975, 'b_dislocation_scale': 0.2842791440883054, 'gb_scale': 0.9402431139948101, 'gd_bubble_scale': 1.6473944821576456, 'gd_line_scale': 0.7482532956131617, 'gd_line_alpha': 0.7293696544032278, 'coalescence_d_scale': 0.10229901864574655, 'capture_scale': 0.11480672094382582}. Best is trial 42 with value: 3.2029755723517233.
[I 2026-05-03 17:52:02,777] Trial 48 finished with value: 4.060844054092426 and parameters: {'rho_high_scale': 2.0916397632070884, 'f_n': 1.477304802059513e-08, 'K_d': 739221.7334079524, 'fission_rate': 7.486030768434209e+19, 'Dg_D1_scale': 1.5234768858419154, 'Dg_D3_scale': 0.20686257021041854, 'Dv_D1_scale': 0.6351975820607066, 'Dv_D2_scale': 3.815382019337985, 'b_bulk_scale': 0.116589146314324, 'b_dislocation_scale': 0.9202974698909389, 'gb_scale': 0.5119417447219548, 'gd_bubble_scale': 1.013300424983522, 'gd_line_scale': 1.695536217105166, 'gd_line_alpha': 0.8683323267718601, 'coalescence_d_scale': 0.1543757169691172, 'capture_scale': 0.4628346137611836}. Best is trial 42 with value: 3.2029755723517233.Best trial: 42. Best value: 3.20298:  10%|▉         | 48/500 [05:17<45:16,  6.01s/it]Best trial: 42. Best value: 3.20298:  10%|▉         | 48/500 [05:17<45:16,  6.01s/it]Best trial: 42. Best value: 3.20298:  10%|▉         | 49/500 [05:17<44:53,  5.97s/it]                                                                                     Best trial: 42. Best value: 3.20298:  10%|▉         | 49/500 [05:24<44:53,  5.97s/it]Best trial: 42. Best value: 3.20298:  10%|▉         | 49/500 [05:24<44:53,  5.97s/it]Best trial: 42. Best value: 3.20298:  10%|█         | 50/500 [05:24<47:31,  6.34s/it]                                                                                     Best trial: 42. Best value: 3.20298:  10%|█         | 50/500 [05:29<47:31,  6.34s/it]Best trial: 42. Best value: 3.20298:  10%|█         | 50/500 [05:29<47:31,  6.34s/it]Best trial: 42. Best value: 3.20298:  10%|█         | 51/500 [05:29<45:32,  6.09s/it]                                                                                     Best trial: 42. Best value: 3.20298:  10%|█         | 51/500 [05:36<45:32,  6.09s/it]Best trial: 42. Best value: 3.20298:  10%|█         | 51/500 [05:36<45:32,  6.09s/it]Best trial: 42. Best value: 3.20298:  10%|█         | 52/500 [05:36<46:37,  6.25s/it]                                                                                     Best trial: 42. Best value: 3.20298:  10%|█         | 52/500 [05:43<46:37,  6.25s/it]Best trial: 42. Best value: 3.20298:  10%|█         | 52/500 [05:43<46:37,  6.25s/it]Best trial: 42. Best value: 3.20298:  11%|█         | 53/500 [05:43<48:10,  6.47s/it]                                                                                     Best trial: 42. Best value: 3.20298:  11%|█         | 53/500 [05:50<48:10,  6.47s/it]Best trial: 42. Best value: 3.20298:  11%|█         | 53/500 [05:50<48:10,  6.47s/it]Best trial: 42. Best value: 3.20298:  11%|█         | 54/500 [05:50<48:29,  6.52s/it]                                                                                     Best trial: 42. Best value: 3.20298:  11%|█         | 54/500 [05:56<48:29,  6.52s/it]Best trial: 42. Best value: 3.20298:  11%|█         | 54/500 [05:56<48:29,  6.52s/it]Best trial: 42. Best value: 3.20298:  11%|█         | 55/500 [05:56<48:56,  6.60s/it]                                                                                     Best trial: 42. Best value: 3.20298:  11%|█         | 55/500 [06:01<48:56,  6.60s/it]Best trial: 55. Best value: 3.03454:  11%|█         | 55/500 [06:01<48:56,  6.60s/it]Best trial: 55. Best value: 3.03454:  11%|█         | 56/500 [06:01<44:40,  6.04s/it]                                                                                     Best trial: 55. Best value: 3.03454:  11%|█         | 56/500 [06:08<44:40,  6.04s/it]Best trial: 55. Best value: 3.03454:  11%|█         | 56/500 [06:08<44:40,  6.04s/it]Best trial: 55. Best value: 3.03454:  11%|█▏        | 57/500 [06:08<46:00,  6.23s/it]                                                                                     Best trial: 55. Best value: 3.03454:  11%|█▏        | 57/500 [06:15<46:00,  6.23s/it]Best trial: 55. Best value: 3.03454:  11%|█▏        | 57/500 [06:15<46:00,  6.23s/it]Best trial: 55. Best value: 3.03454:  12%|█▏        | 58/500 [06:15<49:04,  6.66s/it]                                                                                     Best trial: 55. Best value: 3.03454:  12%|█▏        | 58/500 [06:23<49:04,  6.66s/it]Best trial: 55. Best value: 3.03454:  12%|█▏        | 58/500 [06:23<49:04,  6.66s/it]Best trial: 55. Best value: 3.03454:  12%|█▏        | 59/500 [06:23<50:01,  6.81s/it]                                                                                     Best trial: 55. Best value: 3.03454:  12%|█▏        | 59/500 [06:29<50:01,  6.81s/it]Best trial: 55. Best value: 3.03454:  12%|█▏        | 59/500 [06:29<50:01,  6.81s/it]Best trial: 55. Best value: 3.03454:  12%|█▏        | 60/500 [06:29<49:14,  6.71s/it]                                                                                     
[I 2026-05-03 17:52:09,963] Trial 49 finished with value: 5.605583681168357 and parameters: {'rho_high_scale': 2.993600078431242, 'f_n': 3.94928558227399e-08, 'K_d': 602041.2452647485, 'fission_rate': 6.9907003717556986e+19, 'Dg_D1_scale': 2.9848643646076547, 'Dg_D3_scale': 0.5831867524271261, 'Dv_D1_scale': 0.893216428280001, 'Dv_D2_scale': 1.3588102654797145, 'b_bulk_scale': 0.0792490985409712, 'b_dislocation_scale': 0.25459279262600815, 'gb_scale': 0.36716981610694355, 'gd_bubble_scale': 3.9838283610708185, 'gd_line_scale': 0.6993570099299643, 'gd_line_alpha': 0.879730050980797, 'coalescence_d_scale': 0.25207784164409996, 'capture_scale': 0.027382587397466615}. Best is trial 42 with value: 3.2029755723517233.
[I 2026-05-03 17:52:15,422] Trial 50 finished with value: 5.050772144824499 and parameters: {'rho_high_scale': 1.3624162196546385, 'f_n': 7.598888231333894e-09, 'K_d': 762752.6857825298, 'fission_rate': 6.770210797362085e+19, 'Dg_D1_scale': 0.9497320399334157, 'Dg_D3_scale': 0.5179866244817025, 'Dv_D1_scale': 0.7453374999210224, 'Dv_D2_scale': 2.6089008065160417, 'b_bulk_scale': 0.1779980517748888, 'b_dislocation_scale': 0.3678992101343014, 'gb_scale': 0.052134332812657516, 'gd_bubble_scale': 0.6569771558385804, 'gd_line_scale': 0.5252956307602051, 'gd_line_alpha': 0.6454252266066693, 'coalescence_d_scale': 0.39977567270475106, 'capture_scale': 0.04799689297735825}. Best is trial 42 with value: 3.2029755723517233.
[I 2026-05-03 17:52:22,052] Trial 51 finished with value: 4.797890918821144 and parameters: {'rho_high_scale': 1.003051245029486, 'f_n': 5.0987969097343264e-09, 'K_d': 673069.1058993519, 'fission_rate': 7.3462009910482444e+19, 'Dg_D1_scale': 1.2725350319941786, 'Dg_D3_scale': 0.669322208688488, 'Dv_D1_scale': 0.4582910279701415, 'Dv_D2_scale': 1.0998816264550746, 'b_bulk_scale': 0.612177814340479, 'b_dislocation_scale': 0.367454852032183, 'gb_scale': 1.152032781071927, 'gd_bubble_scale': 9.601341248626325, 'gd_line_scale': 0.33976068122068875, 'gd_line_alpha': 0.8343426545656493, 'coalescence_d_scale': 0.228848876324275, 'capture_scale': 0.02105344324410384}. Best is trial 42 with value: 3.2029755723517233.
[I 2026-05-03 17:52:29,064] Trial 52 finished with value: 3.302479257320346 and parameters: {'rho_high_scale': 0.850857764572447, 'f_n': 2.962101365411453e-09, 'K_d': 574418.1271467895, 'fission_rate': 6.887027528842138e+19, 'Dg_D1_scale': 1.3491130231056405, 'Dg_D3_scale': 0.5481533138673709, 'Dv_D1_scale': 0.5757575596204269, 'Dv_D2_scale': 1.6460533556223973, 'b_bulk_scale': 0.7225834782093962, 'b_dislocation_scale': 0.17511568917673417, 'gb_scale': 1.4283941406799423, 'gd_bubble_scale': 0.4368807765153399, 'gd_line_scale': 0.21889905679249508, 'gd_line_alpha': 0.7568811488759275, 'coalescence_d_scale': 0.18547059090186307, 'capture_scale': 0.025119360554964856}. Best is trial 42 with value: 3.2029755723517233.
[I 2026-05-03 17:52:35,718] Trial 53 finished with value: 3.301882577250861 and parameters: {'rho_high_scale': 0.8912630435288115, 'f_n': 2.6840438206151984e-09, 'K_d': 571682.7637987402, 'fission_rate': 7.209354994145616e+19, 'Dg_D1_scale': 1.610222081494025, 'Dg_D3_scale': 0.4433982855587447, 'Dv_D1_scale': 0.5636852982556202, 'Dv_D2_scale': 1.6624735180355539, 'b_bulk_scale': 0.7552338027908237, 'b_dislocation_scale': 0.19165417645257501, 'gb_scale': 1.4588505011723483, 'gd_bubble_scale': 0.4322507277368117, 'gd_line_scale': 0.21541994868744538, 'gd_line_alpha': 0.9942465662456533, 'coalescence_d_scale': 0.1311604376888878, 'capture_scale': 0.02693032701236145}. Best is trial 42 with value: 3.2029755723517233.
