[I 2026-05-03 17:54:44,330] Trial 72 finished with value: 3.0311390950429136 and parameters: {'rho_high_scale': 0.7021553570913719, 'f_n': 1.2739948041522199e-06, 'K_d': 690227.4371136144, 'fission_rate': 5.708079947780836e+19, 'Dg_D1_scale': 1.7512275679573077, 'Dg_D3_scale': 0.2677502742210934, 'Dv_D1_scale': 1.1730087862080476, 'Dv_D2_scale': 1.0051480457933077, 'b_bulk_scale': 0.5436092545248438, 'b_dislocation_scale': 0.12090885259833928, 'gb_scale': 3.6655243260612194, 'gd_bubble_scale': 5.14125217350573, 'gd_line_scale': 0.129630568221408, 'gd_line_alpha': 0.5230477224619589, 'coalescence_d_scale': 0.1407343188113189, 'capture_scale': 0.022495154126316128}. Best is trial 67 with value: 2.9690598741980367.Best trial: 67. Best value: 2.96906:  14%|█▍        | 72/500 [07:58<51:53,  7.28s/it]Best trial: 67. Best value: 2.96906:  14%|█▍        | 72/500 [07:58<51:53,  7.28s/it]Best trial: 67. Best value: 2.96906:  15%|█▍        | 73/500 [07:58<53:44,  7.55s/it]                                                                                     Best trial: 67. Best value: 2.96906:  15%|█▍        | 73/500 [08:05<53:44,  7.55s/it]Best trial: 67. Best value: 2.96906:  15%|█▍        | 73/500 [08:05<53:44,  7.55s/it]Best trial: 67. Best value: 2.96906:  15%|█▍        | 74/500 [08:05<52:03,  7.33s/it]                                                                                     Best trial: 67. Best value: 2.96906:  15%|█▍        | 74/500 [08:14<52:03,  7.33s/it]Best trial: 67. Best value: 2.96906:  15%|█▍        | 74/500 [08:14<52:03,  7.33s/it]Best trial: 67. Best value: 2.96906:  15%|█▌        | 75/500 [08:14<54:59,  7.76s/it]                                                                                     Best trial: 67. Best value: 2.96906:  15%|█▌        | 75/500 [08:23<54:59,  7.76s/it]Best trial: 67. Best value: 2.96906:  15%|█▌        | 75/500 [08:23<54:59,  7.76s/it]Best trial: 67. Best value: 2.96906:  15%|█▌        | 76/500 [08:23<57:14,  8.10s/it]                                                                                     Best trial: 67. Best value: 2.96906:  15%|█▌        | 76/500 [08:30<57:14,  8.10s/it]Best trial: 67. Best value: 2.96906:  15%|█▌        | 76/500 [08:30<57:14,  8.10s/it]Best trial: 67. Best value: 2.96906:  15%|█▌        | 77/500 [08:30<54:36,  7.75s/it]                                                                                     Best trial: 67. Best value: 2.96906:  15%|█▌        | 77/500 [08:38<54:36,  7.75s/it]Best trial: 67. Best value: 2.96906:  15%|█▌        | 77/500 [08:38<54:36,  7.75s/it]Best trial: 67. Best value: 2.96906:  16%|█▌        | 78/500 [08:38<55:24,  7.88s/it]                                                                                     Best trial: 67. Best value: 2.96906:  16%|█▌        | 78/500 [08:47<55:24,  7.88s/it]Best trial: 67. Best value: 2.96906:  16%|█▌        | 78/500 [08:47<55:24,  7.88s/it]Best trial: 67. Best value: 2.96906:  16%|█▌        | 79/500 [08:47<57:11,  8.15s/it]                                                                                     Best trial: 67. Best value: 2.96906:  16%|█▌        | 79/500 [08:55<57:11,  8.15s/it]Best trial: 67. Best value: 2.96906:  16%|█▌        | 79/500 [08:55<57:11,  8.15s/it]Best trial: 67. Best value: 2.96906:  16%|█▌        | 80/500 [08:55<56:57,  8.14s/it]                                                                                     Best trial: 67. Best value: 2.96906:  16%|█▌        | 80/500 [09:01<56:57,  8.14s/it]Best trial: 67. Best value: 2.96906:  16%|█▌        | 80/500 [09:01<56:57,  8.14s/it]Best trial: 67. Best value: 2.96906:  16%|█▌        | 81/500 [09:01<53:36,  7.68s/it]                                                                                     Best trial: 67. Best value: 2.96906:  16%|█▌        | 81/500 [09:10<53:36,  7.68s/it]Best trial: 67. Best value: 2.96906:  16%|█▌        | 81/500 [09:10<53:36,  7.68s/it]Best trial: 67. Best value: 2.96906:  16%|█▋        | 82/500 [09:10<56:33,  8.12s/it]                                                                                     Best trial: 67. Best value: 2.96906:  16%|█▋        | 82/500 [09:18<56:33,  8.12s/it]Best trial: 67. Best value: 2.96906:  16%|█▋        | 82/500 [09:18<56:33,  8.12s/it]Best trial: 67. Best value: 2.96906:  17%|█▋        | 83/500 [09:18<55:51,  8.04s/it]                                                                                     Best trial: 67. Best value: 2.96906:  17%|█▋        | 83/500 [09:26<55:51,  8.04s/it]Best trial: 67. Best value: 2.96906:  17%|█▋        | 83/500 [09:26<55:51,  8.04s/it]Best trial: 67. Best value: 2.96906:  17%|█▋        | 84/500 [09:26<55:58,  8.07s/it]                                                                                     
[I 2026-05-03 17:54:51,148] Trial 73 finished with value: 3.0020482295637128 and parameters: {'rho_high_scale': 0.700724549167345, 'f_n': 1.561070529809989e-06, 'K_d': 684967.5654625823, 'fission_rate': 5.380468185106522e+19, 'Dg_D1_scale': 1.7360117272115583, 'Dg_D3_scale': 0.18217054020234663, 'Dv_D1_scale': 1.2468784476523769, 'Dv_D2_scale': 0.9084528193175574, 'b_bulk_scale': 0.4940296367577382, 'b_dislocation_scale': 0.12452625866082767, 'gb_scale': 4.011616574563197, 'gd_bubble_scale': 6.7821514367087925, 'gd_line_scale': 0.12485709626843075, 'gd_line_alpha': 0.6130752210151246, 'coalescence_d_scale': 0.14154148062975624, 'capture_scale': 0.09683231018918863}. Best is trial 67 with value: 2.9690598741980367.
[I 2026-05-03 17:54:59,919] Trial 74 finished with value: 3.0543645295453654 and parameters: {'rho_high_scale': 0.7476404934032408, 'f_n': 1.6962130171215006e-06, 'K_d': 684036.6719337226, 'fission_rate': 5.300864376955368e+19, 'Dg_D1_scale': 2.45735520016409, 'Dg_D3_scale': 0.16261782105556546, 'Dv_D1_scale': 1.2212811328746451, 'Dv_D2_scale': 0.9724682845205725, 'b_bulk_scale': 0.4865254905519006, 'b_dislocation_scale': 0.13534715072077247, 'gb_scale': 4.024164167566754, 'gd_bubble_scale': 6.9530655109842305, 'gd_line_scale': 0.13049790409397138, 'gd_line_alpha': 0.5365226426080334, 'coalescence_d_scale': 0.13857530352505876, 'capture_scale': 0.3616682939354551}. Best is trial 67 with value: 2.9690598741980367.
[I 2026-05-03 17:55:08,807] Trial 75 finished with value: 3.1601069332413023 and parameters: {'rho_high_scale': 0.7098274821202925, 'f_n': 1.7308194279020652e-06, 'K_d': 696752.892419411, 'fission_rate': 5.181036369998013e+19, 'Dg_D1_scale': 2.468488929470857, 'Dg_D3_scale': 0.15862937997483148, 'Dv_D1_scale': 1.8403155678415657, 'Dv_D2_scale': 0.9451248796065336, 'b_bulk_scale': 0.5104048863896229, 'b_dislocation_scale': 0.12113296010079162, 'gb_scale': 3.9993792048759933, 'gd_bubble_scale': 6.755929745732563, 'gd_line_scale': 0.13204152535981525, 'gd_line_alpha': 0.49539173217079, 'coalescence_d_scale': 0.1028912774550702, 'capture_scale': 0.4671983547488124}. Best is trial 67 with value: 2.9690598741980367.
[I 2026-05-03 17:55:15,703] Trial 76 finished with value: 3.228911867128926 and parameters: {'rho_high_scale': 0.704432305680099, 'f_n': 1.974699068579144e-06, 'K_d': 707078.04243804, 'fission_rate': 5.252696234110717e+19, 'Dg_D1_scale': 2.474978877446312, 'Dg_D3_scale': 0.15033112575645124, 'Dv_D1_scale': 2.2691709960128716, 'Dv_D2_scale': 0.6252668485274174, 'b_bulk_scale': 0.5013671023300492, 'b_dislocation_scale': 0.12276045350477645, 'gb_scale': 6.125284536628214, 'gd_bubble_scale': 6.904764657461083, 'gd_line_scale': 0.1243567948906112, 'gd_line_alpha': 0.511233481103089, 'coalescence_d_scale': 0.10278049242051289, 'capture_scale': 0.4614902504320798}. Best is trial 67 with value: 2.9690598741980367.
[I 2026-05-03 17:55:23,913] Trial 77 finished with value: 3.671408210647127 and parameters: {'rho_high_scale': 0.7527372826891058, 'f_n': 1.4518968991925978e-06, 'K_d': 740476.6659865442, 'fission_rate': 5.657620357536544e+19, 'Dg_D1_scale': 3.0494647595150344, 'Dg_D3_scale': 0.17375564376865268, 'Dv_D1_scale': 1.231659552719507, 'Dv_D2_scale': 0.9339179982075644, 'b_bulk_scale': 0.45329454327462365, 'b_dislocation_scale': 0.08487692069419128, 'gb_scale': 3.8570848913118945, 'gd_bubble_scale': 6.4036323352780515, 'gd_line_scale': 0.07995265498371301, 'gd_line_alpha': 0.5427002487418389, 'coalescence_d_scale': 0.144153968246317, 'capture_scale': 0.37650493951545144}. Best is trial 67 with value: 2.9690598741980367.
[I 2026-05-03 17:55:32,697] Trial 78 finished with value: 5.238511425302731 and parameters: {'rho_high_scale': 0.7003587341328886, 'f_n': 4.668049060710415e-07, 'K_d': 721377.0965779616, 'fission_rate': 5.188088664736775e+19, 'Dg_D1_scale': 2.754452836705606, 'Dg_D3_scale': 0.18430980836754052, 'Dv_D1_scale': 1.8415664566829062, 'Dv_D2_scale': 1.0024479000826085, 'b_bulk_scale': 0.5753863671078243, 'b_dislocation_scale': 0.054510519469027914, 'gb_scale': 4.31063633929637, 'gd_bubble_scale': 5.822125203503307, 'gd_line_scale': 0.06014517839145649, 'gd_line_alpha': 0.44437939767119516, 'coalescence_d_scale': 0.11280783096249085, 'capture_scale': 0.6669961401161079}. Best is trial 67 with value: 2.9690598741980367.
[I 2026-05-03 17:55:40,804] Trial 79 finished with value: 3.9496851501147727 and parameters: {'rho_high_scale': 0.7966460795144291, 'f_n': 8.850217831096799e-07, 'K_d': 691575.5618917887, 'fission_rate': 5.751311549401574e+19, 'Dg_D1_scale': 2.3870250231416636, 'Dg_D3_scale': 0.27574401022710454, 'Dv_D1_scale': 1.2405681974535678, 'Dv_D2_scale': 0.8339792501565432, 'b_bulk_scale': 0.3214910746349983, 'b_dislocation_scale': 0.11817402411008925, 'gb_scale': 3.4341325495394646, 'gd_bubble_scale': 7.354351484110642, 'gd_line_scale': 0.10906785222808403, 'gd_line_alpha': 0.6194927272323971, 'coalescence_d_scale': 14.486562210393132, 'capture_scale': 0.22221999230251682}. Best is trial 67 with value: 2.9690598741980367.
[I 2026-05-03 17:55:47,406] Trial 80 finished with value: 4.411921084841716 and parameters: {'rho_high_scale': 0.749225082583058, 'f_n': 3.4885894524762595e-07, 'K_d': 758161.6524749979, 'fission_rate': 5.479182184110128e+19, 'Dg_D1_scale': 3.641212280891146, 'Dg_D3_scale': 0.22990720639655943, 'Dv_D1_scale': 1.3800322854326716, 'Dv_D2_scale': 0.5533042338283397, 'b_bulk_scale': 0.5298751593628603, 'b_dislocation_scale': 0.10010683964223693, 'gb_scale': 3.0197045138894945, 'gd_bubble_scale': 4.520462487880622, 'gd_line_scale': 0.1606449385523793, 'gd_line_alpha': 0.3566481179148477, 'coalescence_d_scale': 0.1381195389499419, 'capture_scale': 1.2421517266254465}. Best is trial 67 with value: 2.9690598741980367.
[I 2026-05-03 17:55:56,550] Trial 81 finished with value: 4.210906232921586 and parameters: {'rho_high_scale': 0.7013209791194899, 'f_n': 1.366991936336305e-06, 'K_d': 693290.9309190226, 'fission_rate': 5.0552744562355905e+19, 'Dg_D1_scale': 2.1250412030124552, 'Dg_D3_scale': 0.25342804609635666, 'Dv_D1_scale': 1.1226525331654904, 'Dv_D2_scale': 1.0098933967025423, 'b_bulk_scale': 0.3735380200032898, 'b_dislocation_scale': 0.07204726791151023, 'gb_scale': 3.549663433628521, 'gd_bubble_scale': 8.20278858262581, 'gd_line_scale': 0.12363997865981395, 'gd_line_alpha': 0.49557979969044136, 'coalescence_d_scale': 0.15838591174719271, 'capture_scale': 0.3662655055008435}. Best is trial 67 with value: 2.9690598741980367.
[I 2026-05-03 17:56:04,398] Trial 82 finished with value: 3.052802311145568 and parameters: {'rho_high_scale': 0.7736289182768723, 'f_n': 1.6856351935174457e-07, 'K_d': 679110.7198956347, 'fission_rate': 6.098613604882918e+19, 'Dg_D1_scale': 1.7391594989105017, 'Dg_D3_scale': 0.20982458260720133, 'Dv_D1_scale': 1.7629011504419199, 'Dv_D2_scale': 0.8729631563903097, 'b_bulk_scale': 0.469271515999468, 'b_dislocation_scale': 0.1521955894342794, 'gb_scale': 6.33074922396507, 'gd_bubble_scale': 5.3506945604511404, 'gd_line_scale': 0.13687492986596933, 'gd_line_alpha': 0.4382660143371865, 'coalescence_d_scale': 0.1903179991789239, 'capture_scale': 0.1069437301103936}. Best is trial 67 with value: 2.9690598741980367.
[I 2026-05-03 17:56:12,557] Trial 83 finished with value: 3.0614141625464555 and parameters: {'rho_high_scale': 0.775710083505554, 'f_n': 1.216737522005922e-07, 'K_d': 676049.8535017108, 'fission_rate': 6.110949112177189e+19, 'Dg_D1_scale': 1.8360501198143124, 'Dg_D3_scale': 0.20789365380555866, 'Dv_D1_scale': 2.436944738768621, 'Dv_D2_scale': 0.8599518073811211, 'b_bulk_scale': 0.42280062458489637, 'b_dislocation_scale': 0.14719617745129185, 'gb_scale': 5.862710517983163, 'gd_bubble_scale': 5.2425168569105045, 'gd_line_scale': 0.08411018656053548, 'gd_line_alpha': 0.4378983066750505, 'coalescence_d_scale': 0.11620398005766054, 'capture_scale': 0.11113505508364867}. Best is trial 67 with value: 2.9690598741980367.
[I 2026-05-03 17:56:18,983] Trial 84 finished with value: 3.0947924953457937 and parameters: {'rho_high_scale': 0.7795366020607221, 'f_n': 1.2947657422257678e-07, 'K_d': 677965.9067623066, 'fission_rate': 6.09461489029761e+19, 'Dg_D1_scale': 1.8384641976161398, 'Dg_D3_scale': 0.17384808595684254, 'Dv_D1_scale': 2.573588398242555, 'Dv_D2_scale': 0.901665832710651, 'b_bulk_scale': 0.46396009941458005, 'b_dislocation_scale': 0.13811459286222175, 'gb_scale': 6.674237288011669, 'gd_bubble_scale': 5.290318523448144, 'gd_line_scale': 0.06222114121107196, 'gd_line_alpha': 0.44873752129280586, 'coalescence_d_scale': 0.18319753264945657, 'capture_scale': 0.11125198364640893}. Best is trial 67 with value: 2.9690598741980367.Best trial: 67. Best value: 2.96906:  17%|█▋        | 84/500 [09:33<55:58,  8.07s/it]Best trial: 67. Best value: 2.96906:  17%|█▋        | 84/500 [09:33<55:58,  8.07s/it]Best trial: 67. Best value: 2.96906:  17%|█▋        | 85/500 [09:33<52:25,  7.58s/it]                                                                                     Best trial: 67. Best value: 2.96906:  17%|█▋        | 85/500 [09:41<52:25,  7.58s/it]Best trial: 67. Best value: 2.96906:  17%|█▋        | 85/500 [09:41<52:25,  7.58s/it]Best trial: 67. Best value: 2.96906:  17%|█▋        | 86/500 [09:41<53:01,  7.69s/it]                                                                                     Best trial: 67. Best value: 2.96906:  17%|█▋        | 86/500 [09:49<53:01,  7.69s/it]Best trial: 67. Best value: 2.96906:  17%|█▋        | 86/500 [09:49<53:01,  7.69s/it]Best trial: 67. Best value: 2.96906:  17%|█▋        | 87/500 [09:49<53:33,  7.78s/it]                                                                                     Best trial: 67. Best value: 2.96906:  17%|█▋        | 87/500 [09:57<53:33,  7.78s/it]Best trial: 67. Best value: 2.96906:  17%|█▋        | 87/500 [09:57<53:33,  7.78s/it]Best trial: 67. Best value: 2.96906:  18%|█▊        | 88/500 [09:57<54:35,  7.95s/it]                                                                                     Best trial: 67. Best value: 2.96906:  18%|█▊        | 88/500 [10:04<54:35,  7.95s/it]Best trial: 67. Best value: 2.96906:  18%|█▊        | 88/500 [10:04<54:35,  7.95s/it]Best trial: 67. Best value: 2.96906:  18%|█▊        | 89/500 [10:04<51:38,  7.54s/it]                                                                                     Best trial: 67. Best value: 2.96906:  18%|█▊        | 89/500 [10:13<51:38,  7.54s/it]Best trial: 67. Best value: 2.96906:  18%|█▊        | 89/500 [10:13<51:38,  7.54s/it]Best trial: 67. Best value: 2.96906:  18%|█▊        | 90/500 [10:13<54:12,  7.93s/it]                                                                                     Best trial: 67. Best value: 2.96906:  18%|█▊        | 90/500 [10:20<54:12,  7.93s/it]Best trial: 67. Best value: 2.96906:  18%|█▊        | 90/500 [10:20<54:12,  7.93s/it]Best trial: 67. Best value: 2.96906:  18%|█▊        | 91/500 [10:20<53:54,  7.91s/it]                                                                                     Best trial: 67. Best value: 2.96906:  18%|█▊        | 91/500 [10:30<53:54,  7.91s/it]Best trial: 67. Best value: 2.96906:  18%|█▊        | 91/500 [10:31<53:54,  7.91s/it]Best trial: 67. Best value: 2.96906:  18%|█▊        | 92/500 [10:31<58:08,  8.55s/it]                                                                                     Best trial: 67. Best value: 2.96906:  18%|█▊        | 92/500 [10:38<58:08,  8.55s/it]Best trial: 67. Best value: 2.96906:  18%|█▊        | 92/500 [10:38<58:08,  8.55s/it]Best trial: 67. Best value: 2.96906:  19%|█▊        | 93/500 [10:38<56:49,  8.38s/it]                                                                                     Best trial: 67. Best value: 2.96906:  19%|█▊        | 93/500 [10:47<56:49,  8.38s/it]Best trial: 67. Best value: 2.96906:  19%|█▊        | 93/500 [10:47<56:49,  8.38s/it]Best trial: 67. Best value: 2.96906:  19%|█▉        | 94/500 [10:47<56:24,  8.34s/it]                                                                                     Best trial: 67. Best value: 2.96906:  19%|█▉        | 94/500 [10:55<56:24,  8.34s/it]Best trial: 67. Best value: 2.96906:  19%|█▉        | 94/500 [10:55<56:24,  8.34s/it]Best trial: 67. Best value: 2.96906:  19%|█▉        | 95/500 [10:55<56:23,  8.35s/it]                                                                                     Best trial: 67. Best value: 2.96906:  19%|█▉        | 95/500 [11:02<56:23,  8.35s/it]Best trial: 67. Best value: 2.96906:  19%|█▉        | 95/500 [11:02<56:23,  8.35s/it]Best trial: 67. Best value: 2.96906:  19%|█▉        | 96/500 [11:02<52:35,  7.81s/it]                                                                                     
[I 2026-05-03 17:56:26,906] Trial 85 finished with value: 3.881693550141037 and parameters: {'rho_high_scale': 0.7762715926752447, 'f_n': 6.792950553393193e-07, 'K_d': 664506.621945331, 'fission_rate': 6.107299238717478e+19, 'Dg_D1_scale': 1.731205104337431, 'Dg_D3_scale': 0.21455730948511606, 'Dv_D1_scale': 2.6626728166453697, 'Dv_D2_scale': 0.8779210889598608, 'b_bulk_scale': 0.44759935453507604, 'b_dislocation_scale': 0.1570799556647959, 'gb_scale': 5.913928273332304, 'gd_bubble_scale': 4.984314041583513, 'gd_line_scale': 0.0614362460757995, 'gd_line_alpha': 0.42950922934872404, 'coalescence_d_scale': 0.1961056453585174, 'capture_scale': 0.1583519651418057}. Best is trial 67 with value: 2.9690598741980367.
[I 2026-05-03 17:56:34,913] Trial 86 finished with value: 3.2644043934458566 and parameters: {'rho_high_scale': 0.8061113621398855, 'f_n': 1.2094356968699576e-07, 'K_d': 644597.7256674529, 'fission_rate': 6.033556086810355e+19, 'Dg_D1_scale': 1.8863190889112, 'Dg_D3_scale': 0.18779677419227164, 'Dv_D1_scale': 2.6985905958975724, 'Dv_D2_scale': 0.7201510365285095, 'b_bulk_scale': 0.30404764222907876, 'b_dislocation_scale': 0.14237296168683433, 'gb_scale': 6.749491054079862, 'gd_bubble_scale': 5.611587968194115, 'gd_line_scale': 0.08385614915977607, 'gd_line_alpha': 0.2912342879924079, 'coalescence_d_scale': 0.1765061665985374, 'capture_scale': 0.09645682474481766}. Best is trial 67 with value: 2.9690598741980367.
[I 2026-05-03 17:56:43,262] Trial 87 finished with value: 6.718212393026698 and parameters: {'rho_high_scale': 0.7586043288876888, 'f_n': 7.896430786199128e-08, 'K_d': 676824.0248199782, 'fission_rate': 5.867531616577887e+19, 'Dg_D1_scale': 3.9595685111743504, 'Dg_D3_scale': 0.18447397592429485, 'Dv_D1_scale': 3.8123369385472414, 'Dv_D2_scale': 0.8829202522638274, 'b_bulk_scale': 0.638612529542042, 'b_dislocation_scale': 0.10076830192940238, 'gb_scale': 5.1791558198816805, 'gd_bubble_scale': 8.19551292076759, 'gd_line_scale': 0.06832052889195198, 'gd_line_alpha': 0.36942549332416746, 'coalescence_d_scale': 0.2757616419583632, 'capture_scale': 0.10013309410178446}. Best is trial 67 with value: 2.9690598741980367.
[I 2026-05-03 17:56:49,847] Trial 88 finished with value: 3.92527664839324 and parameters: {'rho_high_scale': 0.8133828716883087, 'f_n': 3.710935522508476e-07, 'K_d': 718694.371630315, 'fission_rate': 5.61601594126612e+19, 'Dg_D1_scale': 1.8402612382703518, 'Dg_D3_scale': 0.16651905170260162, 'Dv_D1_scale': 1.604774382069462, 'Dv_D2_scale': 1.0453556295097017, 'b_bulk_scale': 0.26296076641276983, 'b_dislocation_scale': 0.13271243191427545, 'gb_scale': 4.669952141208802, 'gd_bubble_scale': 3.6250394053951087, 'gd_line_scale': 0.1037072950438244, 'gd_line_alpha': 0.5406067072365974, 'coalescence_d_scale': 0.33985305577923, 'capture_scale': 0.13721895568598105}. Best is trial 67 with value: 2.9690598741980367.
[I 2026-05-03 17:56:58,690] Trial 89 finished with value: 3.3349158348627346 and parameters: {'rho_high_scale': 0.9190743329934483, 'f_n': 2.196621096518607e-07, 'K_d': 747707.9580365735, 'fission_rate': 5.354762741641856e+19, 'Dg_D1_scale': 2.214265527310739, 'Dg_D3_scale': 0.3053847108081289, 'Dv_D1_scale': 2.431120908840477, 'Dv_D2_scale': 0.7773459665336958, 'b_bulk_scale': 0.4487389380832696, 'b_dislocation_scale': 0.15631126826194577, 'gb_scale': 5.696292132993521, 'gd_bubble_scale': 4.724184365543648, 'gd_line_scale': 0.05001057374399071, 'gd_line_alpha': 0.3117899564819961, 'coalescence_d_scale': 0.20844326216324502, 'capture_scale': 0.07570273690081787}. Best is trial 67 with value: 2.9690598741980367.
[I 2026-05-03 17:57:06,543] Trial 90 finished with value: 3.722593504118759 and parameters: {'rho_high_scale': 0.8300738470576489, 'f_n': 2.319178672211108e-06, 'K_d': 727190.4947025207, 'fission_rate': 6.278074205973461e+19, 'Dg_D1_scale': 2.819431241931771, 'Dg_D3_scale': 0.2212704477821892, 'Dv_D1_scale': 3.230845229608639, 'Dv_D2_scale': 0.6275847903384473, 'b_bulk_scale': 0.8919062831406616, 'b_dislocation_scale': 0.0624008174136689, 'gb_scale': 6.7805215741030125, 'gd_bubble_scale': 2.468918484091373, 'gd_line_scale': 0.08625699548009, 'gd_line_alpha': 0.4714255905441468, 'coalescence_d_scale': 0.14344430192153076, 'capture_scale': 0.18052258473284963}. Best is trial 67 with value: 2.9690598741980367.
