[I 2026-05-03 18:19:14,558] Trial 294 finished with value: 2.6257819572918546 and parameters: {'rho_high_scale': 0.7791699184804852, 'f_n': 1.1153103087349036e-06, 'K_d': 395476.15743898926, 'fission_rate': 7.856594347488602e+19, 'Dg_D1_scale': 1.664141187410933, 'Dg_D3_scale': 1.0118943262629398, 'Dv_D1_scale': 0.30672774874172376, 'Dv_D2_scale': 2.4594461938058374, 'b_bulk_scale': 1.1581819622216338, 'b_dislocation_scale': 0.25154291370714343, 'gb_scale': 2.772680382114451, 'gd_bubble_scale': 7.5619771826336555, 'gd_line_scale': 0.29609020872720293, 'gd_line_alpha': 0.07667890341366498, 'coalescence_d_scale': 0.2095461417484693, 'capture_scale': 0.01406472214289849}. Best is trial 277 with value: 2.5963620740544.
[I 2026-05-03 18:19:20,740] Trial 295 finished with value: 2.788607367526856 and parameters: {'rho_high_scale': 0.7360098041351228, 'f_n': 8.270925004306076e-07, 'K_d': 378085.32005316403, 'fission_rate': 7.925563609958294e+19, 'Dg_D1_scale': 1.6567873191028653, 'Dg_D3_scale': 1.1448826076750944, 'Dv_D1_scale': 0.3539080696681236, 'Dv_D2_scale': 2.0628127303064714, 'b_bulk_scale': 1.5137066657027998, 'b_dislocation_scale': 0.21268457346121908, 'gb_scale': 3.051161626944461, 'gd_bubble_scale': 7.926349583463258, 'gd_line_scale': 0.29209941254810945, 'gd_line_alpha': 0.007485093883881633, 'coalescence_d_scale': 0.22029741702784245, 'capture_scale': 0.014037179101254078}. Best is trial 277 with value: 2.5963620740544.
[I 2026-05-03 18:19:26,925] Trial 296 finished with value: 2.6251237573122173 and parameters: {'rho_high_scale': 0.7361539024820323, 'f_n': 9.391708746569007e-07, 'K_d': 403564.76238673186, 'fission_rate': 7.846247560965795e+19, 'Dg_D1_scale': 1.8097624657415325, 'Dg_D3_scale': 1.3726361688980326, 'Dv_D1_scale': 0.4321484339689596, 'Dv_D2_scale': 2.750391799237209, 'b_bulk_scale': 1.4859721339029963, 'b_dislocation_scale': 0.25633907625471625, 'gb_scale': 3.513927149878334, 'gd_bubble_scale': 6.312517072743953, 'gd_line_scale': 0.3548732320628127, 'gd_line_alpha': 0.19289730362745375, 'coalescence_d_scale': 0.20354652630099934, 'capture_scale': 0.019193575013046176}. Best is trial 277 with value: 2.5963620740544.
[I 2026-05-03 18:19:33,404] Trial 297 finished with value: 2.669316406291478 and parameters: {'rho_high_scale': 0.7763527267421814, 'f_n': 6.12262909417382e-07, 'K_d': 414256.2093876757, 'fission_rate': 7.917797323756221e+19, 'Dg_D1_scale': 1.5460790589233209, 'Dg_D3_scale': 1.1781613346271558, 'Dv_D1_scale': 0.3754124507388502, 'Dv_D2_scale': 2.3726036172719276, 'b_bulk_scale': 1.1010282014203063, 'b_dislocation_scale': 0.2539589878388161, 'gb_scale': 2.9175659457103404, 'gd_bubble_scale': 5.451761387499035, 'gd_line_scale': 0.40467133713081627, 'gd_line_alpha': 0.14010783573847943, 'coalescence_d_scale': 0.22859420559904678, 'capture_scale': 0.015298536598758931}. Best is trial 277 with value: 2.5963620740544.
[I 2026-05-03 18:19:37,728] Trial 298 finished with value: 4.974468398986394 and parameters: {'rho_high_scale': 3.3689290822744717, 'f_n': 7.419156923950609e-07, 'K_d': 414102.630344761, 'fission_rate': 7.846652627608792e+19, 'Dg_D1_scale': 1.798694872197743, 'Dg_D3_scale': 1.0067107269746796, 'Dv_D1_scale': 0.35271040934591924, 'Dv_D2_scale': 2.932806196384691, 'b_bulk_scale': 1.2846987658366547, 'b_dislocation_scale': 0.20548021884307416, 'gb_scale': 2.414784591877704, 'gd_bubble_scale': 5.909130036418137, 'gd_line_scale': 0.3559505419394479, 'gd_line_alpha': 0.11081765371109886, 'coalescence_d_scale': 0.28981005892907274, 'capture_scale': 0.017068085015962367}. Best is trial 277 with value: 2.5963620740544.
[I 2026-05-03 18:19:43,860] Trial 299 finished with value: 2.6782292600330924 and parameters: {'rho_high_scale': 0.7369243902209608, 'f_n': 1.2226976624033153e-06, 'K_d': 393514.56285441143, 'fission_rate': 7.92920640533927e+19, 'Dg_D1_scale': 1.4210696917152812, 'Dg_D3_scale': 1.0398386865612528, 'Dv_D1_scale': 0.376887567755504, 'Dv_D2_scale': 2.502221164542367, 'b_bulk_scale': 1.1117713494817039, 'b_dislocation_scale': 0.19567534660538993, 'gb_scale': 2.884328414304476, 'gd_bubble_scale': 6.826928527314849, 'gd_line_scale': 0.41991591398648903, 'gd_line_alpha': 0.19619265926383123, 'coalescence_d_scale': 0.23233805947864686, 'capture_scale': 0.019236280184602723}. Best is trial 277 with value: 2.5963620740544.
[I 2026-05-03 18:19:49,997] Trial 300 finished with value: 3.665247058841671 and parameters: {'rho_high_scale': 1.6153289844978025, 'f_n': 6.268610281054552e-07, 'K_d': 447923.2540284812, 'fission_rate': 7.929091188186695e+19, 'Dg_D1_scale': 1.6719446134650044, 'Dg_D3_scale': 1.2342979665534015, 'Dv_D1_scale': 0.3411328217422365, 'Dv_D2_scale': 2.7623262875683916, 'b_bulk_scale': 1.5207872000131584, 'b_dislocation_scale': 0.2237979100807617, 'gb_scale': 3.526610957718123, 'gd_bubble_scale': 6.088135252207842, 'gd_line_scale': 0.2561694408481239, 'gd_line_alpha': 0.14271666246836828, 'coalescence_d_scale': 0.20909646446114377, 'capture_scale': 0.016294748159801895}. Best is trial 277 with value: 2.5963620740544.Best trial: 277. Best value: 2.59636:  60%|██████    | 300/500 [33:04<19:13,  5.77s/it]Best trial: 277. Best value: 2.59636:  60%|██████    | 300/500 [33:04<19:13,  5.77s/it]Best trial: 277. Best value: 2.59636:  60%|██████    | 301/500 [33:04<19:30,  5.88s/it]                                                                                       Best trial: 277. Best value: 2.59636:  60%|██████    | 301/500 [33:10<19:30,  5.88s/it]Best trial: 277. Best value: 2.59636:  60%|██████    | 301/500 [33:10<19:30,  5.88s/it]Best trial: 277. Best value: 2.59636:  60%|██████    | 302/500 [33:10<19:41,  5.97s/it]                                                                                       Best trial: 277. Best value: 2.59636:  60%|██████    | 302/500 [33:16<19:41,  5.97s/it]Best trial: 277. Best value: 2.59636:  60%|██████    | 302/500 [33:16<19:41,  5.97s/it]Best trial: 277. Best value: 2.59636:  61%|██████    | 303/500 [33:16<19:43,  6.01s/it]                                                                                       Best trial: 277. Best value: 2.59636:  61%|██████    | 303/500 [33:20<19:43,  6.01s/it]Best trial: 277. Best value: 2.59636:  61%|██████    | 303/500 [33:21<19:43,  6.01s/it]Best trial: 277. Best value: 2.59636:  61%|██████    | 304/500 [33:21<17:58,  5.50s/it]                                                                                       Best trial: 277. Best value: 2.59636:  61%|██████    | 304/500 [33:27<17:58,  5.50s/it]Best trial: 277. Best value: 2.59636:  61%|██████    | 304/500 [33:27<17:58,  5.50s/it]Best trial: 277. Best value: 2.59636:  61%|██████    | 305/500 [33:27<18:28,  5.69s/it]                                                                                       Best trial: 277. Best value: 2.59636:  61%|██████    | 305/500 [33:33<18:28,  5.69s/it]Best trial: 277. Best value: 2.59636:  61%|██████    | 305/500 [33:33<18:28,  5.69s/it]Best trial: 277. Best value: 2.59636:  61%|██████    | 306/500 [33:33<18:49,  5.82s/it]                                                                                       Best trial: 277. Best value: 2.59636:  61%|██████    | 306/500 [33:39<18:49,  5.82s/it]Best trial: 277. Best value: 2.59636:  61%|██████    | 306/500 [33:39<18:49,  5.82s/it]Best trial: 277. Best value: 2.59636:  61%|██████▏   | 307/500 [33:39<19:08,  5.95s/it]                                                                                       Best trial: 277. Best value: 2.59636:  61%|██████▏   | 307/500 [33:45<19:08,  5.95s/it]Best trial: 277. Best value: 2.59636:  61%|██████▏   | 307/500 [33:45<19:08,  5.95s/it]Best trial: 277. Best value: 2.59636:  62%|██████▏   | 308/500 [33:45<19:22,  6.06s/it]                                                                                       Best trial: 277. Best value: 2.59636:  62%|██████▏   | 308/500 [33:49<19:22,  6.06s/it]Best trial: 277. Best value: 2.59636:  62%|██████▏   | 308/500 [33:50<19:22,  6.06s/it]Best trial: 277. Best value: 2.59636:  62%|██████▏   | 309/500 [33:50<17:31,  5.51s/it]                                                                                       Best trial: 277. Best value: 2.59636:  62%|██████▏   | 309/500 [33:56<17:31,  5.51s/it]Best trial: 277. Best value: 2.59636:  62%|██████▏   | 309/500 [33:56<17:31,  5.51s/it]Best trial: 277. Best value: 2.59636:  62%|██████▏   | 310/500 [33:56<18:02,  5.70s/it]                                                                                       Best trial: 277. Best value: 2.59636:  62%|██████▏   | 310/500 [34:02<18:02,  5.70s/it]Best trial: 277. Best value: 2.59636:  62%|██████▏   | 310/500 [34:02<18:02,  5.70s/it]Best trial: 277. Best value: 2.59636:  62%|██████▏   | 311/500 [34:02<18:23,  5.84s/it]                                                                                       Best trial: 277. Best value: 2.59636:  62%|██████▏   | 311/500 [34:08<18:23,  5.84s/it]Best trial: 277. Best value: 2.59636:  62%|██████▏   | 311/500 [34:08<18:23,  5.84s/it]Best trial: 277. Best value: 2.59636:  62%|██████▏   | 312/500 [34:08<18:35,  5.93s/it]                                                                                       
[I 2026-05-03 18:19:56,172] Trial 301 finished with value: 2.706287790924682 and parameters: {'rho_high_scale': 0.7331185817887795, 'f_n': 9.307216180898807e-07, 'K_d': 407578.4326468753, 'fission_rate': 7.83208270115394e+19, 'Dg_D1_scale': 1.902441508817118, 'Dg_D3_scale': 0.9551637047175534, 'Dv_D1_scale': 0.4221637209545061, 'Dv_D2_scale': 2.250546042822709, 'b_bulk_scale': 1.273371325439409, 'b_dislocation_scale': 0.25356900798585474, 'gb_scale': 2.7686935177279732, 'gd_bubble_scale': 5.1883661017275395, 'gd_line_scale': 0.2985526037950493, 'gd_line_alpha': 0.04702255612374544, 'coalescence_d_scale': 0.28285152440745476, 'capture_scale': 0.02159445795903959}. Best is trial 277 with value: 2.5963620740544.
[I 2026-05-03 18:20:02,274] Trial 302 finished with value: 3.295176932240882 and parameters: {'rho_high_scale': 0.7787091260436039, 'f_n': 5.847614842429485e-07, 'K_d': 419341.3171818079, 'fission_rate': 7.999988408724087e+19, 'Dg_D1_scale': 1.7776158916062177, 'Dg_D3_scale': 1.1369327644809746, 'Dv_D1_scale': 0.4594579092405071, 'Dv_D2_scale': 2.9466384488664925, 'b_bulk_scale': 1.4833382931868702, 'b_dislocation_scale': 0.21943778486610163, 'gb_scale': 3.24078284436831, 'gd_bubble_scale': 8.401721471527672, 'gd_line_scale': 0.3535090722865677, 'gd_line_alpha': 0.16875323778292362, 'coalescence_d_scale': 0.2371504987054431, 'capture_scale': 0.01347909191852147}. Best is trial 277 with value: 2.5963620740544.
[I 2026-05-03 18:20:06,596] Trial 303 finished with value: 3.643198845366682 and parameters: {'rho_high_scale': 1.7675805296610008, 'f_n': 7.659975488487547e-07, 'K_d': 432639.0863705302, 'fission_rate': 7.843426752578512e+19, 'Dg_D1_scale': 1.9225353693995897, 'Dg_D3_scale': 1.0351842266669942, 'Dv_D1_scale': 0.31242432337934095, 'Dv_D2_scale': 2.5282390965193673, 'b_bulk_scale': 1.3477175975679796, 'b_dislocation_scale': 0.2553965115552969, 'gb_scale': 2.9740941096772966, 'gd_bubble_scale': 5.392345811653012, 'gd_line_scale': 0.41683847033122073, 'gd_line_alpha': 0.1193710822338085, 'coalescence_d_scale': 0.27116392338992934, 'capture_scale': 0.018677358532380527}. Best is trial 277 with value: 2.5963620740544.
[I 2026-05-03 18:20:12,709] Trial 304 finished with value: 2.642759788423073 and parameters: {'rho_high_scale': 0.7332200476554945, 'f_n': 5.573563985021404e-07, 'K_d': 401684.5679542502, 'fission_rate': 7.925550694769972e+19, 'Dg_D1_scale': 1.668472324880135, 'Dg_D3_scale': 1.320494054320847, 'Dv_D1_scale': 0.35591235545260663, 'Dv_D2_scale': 2.7208440058284284, 'b_bulk_scale': 1.1744363432233336, 'b_dislocation_scale': 0.23851220477201768, 'gb_scale': 3.5701194206844, 'gd_bubble_scale': 6.770275314850554, 'gd_line_scale': 0.39576023942096455, 'gd_line_alpha': 0.08502649449715521, 'coalescence_d_scale': 0.1916278072205306, 'capture_scale': 0.021475549782504492}. Best is trial 277 with value: 2.5963620740544.
[I 2026-05-03 18:20:18,844] Trial 305 finished with value: 4.119567197786283 and parameters: {'rho_high_scale': 0.7757355007315474, 'f_n': 9.59220797789827e-07, 'K_d': 414038.24171270453, 'fission_rate': 7.91873805298654e+19, 'Dg_D1_scale': 1.7980035788701803, 'Dg_D3_scale': 1.19417990688772, 'Dv_D1_scale': 0.37928385354495164, 'Dv_D2_scale': 2.1729632739100073, 'b_bulk_scale': 1.0460537063788413, 'b_dislocation_scale': 0.1956481880454516, 'gb_scale': 0.4126943185527866, 'gd_bubble_scale': 6.060486963535927, 'gd_line_scale': 0.4704109905430964, 'gd_line_alpha': 0.19975180935328574, 'coalescence_d_scale': 0.21620028099052635, 'capture_scale': 0.016200225222141842}. Best is trial 277 with value: 2.5963620740544.
[I 2026-05-03 18:20:25,091] Trial 306 finished with value: 4.207163576018878 and parameters: {'rho_high_scale': 0.733756955451018, 'f_n': 6.881513628343217e-07, 'K_d': 428692.28259790863, 'fission_rate': 7.826504673375393e+19, 'Dg_D1_scale': 1.522384125027421, 'Dg_D3_scale': 0.9628786229234058, 'Dv_D1_scale': 0.2996765495931414, 'Dv_D2_scale': 2.3948525299255796, 'b_bulk_scale': 1.3017593822528721, 'b_dislocation_scale': 0.21375656837154447, 'gb_scale': 0.26994863279514897, 'gd_bubble_scale': 7.371845552710293, 'gd_line_scale': 0.3627153003239177, 'gd_line_alpha': 0.14083315263714904, 'coalescence_d_scale': 0.24317930367310048, 'capture_scale': 4.622229155868111}. Best is trial 277 with value: 2.5963620740544.
[I 2026-05-03 18:20:31,399] Trial 307 finished with value: 4.8397364565092955 and parameters: {'rho_high_scale': 0.7346530532025056, 'f_n': 7.692656504007313e-07, 'K_d': 440770.6508451728, 'fission_rate': 7.754512115232984e+19, 'Dg_D1_scale': 1.8702628546342652, 'Dg_D3_scale': 1.0931429417833123, 'Dv_D1_scale': 0.4231456429109772, 'Dv_D2_scale': 2.9035440222807734, 'b_bulk_scale': 1.5228787581646344, 'b_dislocation_scale': 0.26362979377356954, 'gb_scale': 2.6128770184857344, 'gd_bubble_scale': 5.346460900950157, 'gd_line_scale': 9.464419397104278, 'gd_line_alpha': 0.18649740863430891, 'coalescence_d_scale': 0.3007689579318651, 'capture_scale': 0.018792097565264385}. Best is trial 277 with value: 2.5963620740544.
[I 2026-05-03 18:20:35,621] Trial 308 finished with value: 2.640597568801495 and parameters: {'rho_high_scale': 0.7023456516074034, 'f_n': 1.1874966468133775e-06, 'K_d': 418361.0716543325, 'fission_rate': 7.994775239026958e+19, 'Dg_D1_scale': 1.9527512590695615, 'Dg_D3_scale': 1.212074758169107, 'Dv_D1_scale': 0.34075160702973684, 'Dv_D2_scale': 2.6543172148651006, 'b_bulk_scale': 1.2330060751426803, 'b_dislocation_scale': 0.23676804894366013, 'gb_scale': 3.211346733187206, 'gd_bubble_scale': 6.1174016698609295, 'gd_line_scale': 0.30555142750112196, 'gd_line_alpha': 0.12950665534192185, 'coalescence_d_scale': 2.2459594410500237, 'capture_scale': 0.014364939981778152}. Best is trial 277 with value: 2.5963620740544.
[I 2026-05-03 18:20:41,772] Trial 309 finished with value: 2.6980689548184893 and parameters: {'rho_high_scale': 0.7663830317195924, 'f_n': 5.875834254497878e-07, 'K_d': 409045.2703296588, 'fission_rate': 7.917392404623994e+19, 'Dg_D1_scale': 1.7091752272714766, 'Dg_D3_scale': 0.9144871410597952, 'Dv_D1_scale': 0.3695490864051241, 'Dv_D2_scale': 2.53377733971741, 'b_bulk_scale': 1.390177553699026, 'b_dislocation_scale': 0.2640187503489354, 'gb_scale': 2.3799324246022424, 'gd_bubble_scale': 5.269522754371806, 'gd_line_scale': 0.4433330410455628, 'gd_line_alpha': 0.1667190784404655, 'coalescence_d_scale': 0.2657494915847376, 'capture_scale': 0.021317600868336416}. Best is trial 277 with value: 2.5963620740544.
[I 2026-05-03 18:20:47,934] Trial 310 finished with value: 5.087417083610515 and parameters: {'rho_high_scale': 4.164980798005391, 'f_n': 8.811202309021652e-07, 'K_d': 427738.6255188304, 'fission_rate': 7.837061377943832e+19, 'Dg_D1_scale': 1.591286542015605, 'Dg_D3_scale': 1.0338398315852446, 'Dv_D1_scale': 0.32497155261210986, 'Dv_D2_scale': 2.775961857979172, 'b_bulk_scale': 1.1192640311928468, 'b_dislocation_scale': 0.1928190684291102, 'gb_scale': 3.443497053600424, 'gd_bubble_scale': 9.062849062980721, 'gd_line_scale': 0.2531878066246006, 'gd_line_alpha': 0.15119840238379278, 'coalescence_d_scale': 0.23628583361667957, 'capture_scale': 0.01834040633148055}. Best is trial 277 with value: 2.5963620740544.
[I 2026-05-03 18:20:54,090] Trial 311 finished with value: 2.857279566071309 and parameters: {'rho_high_scale': 0.734728585828084, 'f_n': 5.386478811879073e-07, 'K_d': 438119.38479777455, 'fission_rate': 7.930166118380903e+19, 'Dg_D1_scale': 1.942499643292611, 'Dg_D3_scale': 1.1237405617914964, 'Dv_D1_scale': 0.2360990933347527, 'Dv_D2_scale': 2.9997222268595913, 'b_bulk_scale': 1.4755041868770982, 'b_dislocation_scale': 0.21893153700929224, 'gb_scale': 2.881585592561987, 'gd_bubble_scale': 6.509677305871753, 'gd_line_scale': 0.34565365504165474, 'gd_line_alpha': 0.20418862629719328, 'coalescence_d_scale': 0.21010706759080153, 'capture_scale': 0.022091681640732566}. Best is trial 277 with value: 2.5963620740544.
