[I 2026-05-03 18:08:27,037] Trial 186 finished with value: 2.7291328126625567 and parameters: {'rho_high_scale': 0.725936358569615, 'f_n': 1.6856726656281707e-07, 'K_d': 560249.1806328124, 'fission_rate': 7.525365260196107e+19, 'Dg_D1_scale': 2.1021505396543456, 'Dg_D3_scale': 0.6465221761669361, 'Dv_D1_scale': 0.6886776720788932, 'Dv_D2_scale': 3.9030805036983445, 'b_bulk_scale': 1.7263470988229865, 'b_dislocation_scale': 0.3317102848778248, 'gb_scale': 4.478905412127456, 'gd_bubble_scale': 4.388673162052162, 'gd_line_scale': 0.32078258909199103, 'gd_line_alpha': 0.3519184059702479, 'coalescence_d_scale': 0.32619957873252264, 'capture_scale': 0.029188761165404684}. Best is trial 183 with value: 2.7120116010039537.
[I 2026-05-03 18:08:31,837] Trial 187 finished with value: 2.779437294632459 and parameters: {'rho_high_scale': 0.7261287799929769, 'f_n': 1.764712074573234e-07, 'K_d': 570984.2822619864, 'fission_rate': 7.460916809315205e+19, 'Dg_D1_scale': 2.1276231071938283, 'Dg_D3_scale': 0.6447174303124832, 'Dv_D1_scale': 0.7016709482492877, 'Dv_D2_scale': 3.910634367950526, 'b_bulk_scale': 1.63083400500089, 'b_dislocation_scale': 0.32470811517958464, 'gb_scale': 4.6027775971420475, 'gd_bubble_scale': 4.282619755761842, 'gd_line_scale': 0.3152228014022567, 'gd_line_alpha': 0.3482925846957152, 'coalescence_d_scale': 0.3161873358897567, 'capture_scale': 0.03026899536207866}. Best is trial 183 with value: 2.7120116010039537.
[I 2026-05-03 18:08:38,412] Trial 188 finished with value: 2.7441109356842333 and parameters: {'rho_high_scale': 0.7316423739451186, 'f_n': 1.6900517334834888e-07, 'K_d': 556763.6006226576, 'fission_rate': 7.457691247698398e+19, 'Dg_D1_scale': 2.195239738628343, 'Dg_D3_scale': 0.6456809439917841, 'Dv_D1_scale': 0.6898120283947419, 'Dv_D2_scale': 3.9712897812031245, 'b_bulk_scale': 1.6686527468840666, 'b_dislocation_scale': 0.31946280609249744, 'gb_scale': 4.6331355803944225, 'gd_bubble_scale': 4.220740591210563, 'gd_line_scale': 0.32416731864364534, 'gd_line_alpha': 0.3592424359952422, 'coalescence_d_scale': 0.32198305507255137, 'capture_scale': 0.02334611682082345}. Best is trial 183 with value: 2.7120116010039537.
[I 2026-05-03 18:08:44,865] Trial 189 finished with value: 2.81744707158493 and parameters: {'rho_high_scale': 0.7218802505238361, 'f_n': 2.3279901827661121e-07, 'K_d': 566174.9268475109, 'fission_rate': 7.470287235817308e+19, 'Dg_D1_scale': 2.157688148523331, 'Dg_D3_scale': 0.6664977009359802, 'Dv_D1_scale': 0.6855918338889666, 'Dv_D2_scale': 3.905961244540615, 'b_bulk_scale': 1.602694463057141, 'b_dislocation_scale': 0.3188680584221003, 'gb_scale': 4.535863147364452, 'gd_bubble_scale': 4.295726616516259, 'gd_line_scale': 0.3270732973203695, 'gd_line_alpha': 0.347461774964877, 'coalescence_d_scale': 0.31986911714046967, 'capture_scale': 0.0299431220861822}. Best is trial 183 with value: 2.7120116010039537.
[I 2026-05-03 18:08:51,387] Trial 190 finished with value: 2.7310523358171723 and parameters: {'rho_high_scale': 0.7212031549056418, 'f_n': 2.1791388098525357e-07, 'K_d': 558436.0012240629, 'fission_rate': 7.43156051418424e+19, 'Dg_D1_scale': 2.112170137847474, 'Dg_D3_scale': 0.6549869158882907, 'Dv_D1_scale': 0.6726968746995053, 'Dv_D2_scale': 3.8717086665208003, 'b_bulk_scale': 1.659784288088942, 'b_dislocation_scale': 0.32373371162088915, 'gb_scale': 4.13220805470443, 'gd_bubble_scale': 4.351632650955228, 'gd_line_scale': 0.3329941861252996, 'gd_line_alpha': 0.3568582778831007, 'coalescence_d_scale': 0.3259972915741711, 'capture_scale': 0.02868105194798414}. Best is trial 183 with value: 2.7120116010039537.
[I 2026-05-03 18:08:56,110] Trial 191 finished with value: 2.8210023838781386 and parameters: {'rho_high_scale': 0.7263611948672632, 'f_n': 2.0906808627255447e-07, 'K_d': 565900.8053287959, 'fission_rate': 7.460843353702012e+19, 'Dg_D1_scale': 2.1729340091673532, 'Dg_D3_scale': 0.6397819415837354, 'Dv_D1_scale': 0.6805192495761901, 'Dv_D2_scale': 3.9660567293936366, 'b_bulk_scale': 1.6829479189873002, 'b_dislocation_scale': 0.3364691273303229, 'gb_scale': 4.440453089179366, 'gd_bubble_scale': 4.241562440631515, 'gd_line_scale': 0.3293491538226299, 'gd_line_alpha': 0.3490695060953797, 'coalescence_d_scale': 0.3188329180680182, 'capture_scale': 0.028694094587201804}. Best is trial 183 with value: 2.7120116010039537.
[I 2026-05-03 18:09:02,652] Trial 192 finished with value: 2.827470803161091 and parameters: {'rho_high_scale': 0.7252727970902746, 'f_n': 2.278875928109933e-07, 'K_d': 547172.4378126675, 'fission_rate': 7.437483575968953e+19, 'Dg_D1_scale': 2.193394731876531, 'Dg_D3_scale': 0.6462052265477144, 'Dv_D1_scale': 0.6806098058737939, 'Dv_D2_scale': 3.8969769540882124, 'b_bulk_scale': 1.682392170377299, 'b_dislocation_scale': 0.33495884199895043, 'gb_scale': 4.355709000936155, 'gd_bubble_scale': 4.238005763464756, 'gd_line_scale': 0.32945049054817366, 'gd_line_alpha': 0.34741105286327784, 'coalescence_d_scale': 0.3221443620297099, 'capture_scale': 0.029361196740597}. Best is trial 183 with value: 2.7120116010039537.Best trial: 183. Best value: 2.71201:  38%|███▊      | 192/500 [22:17<29:55,  5.83s/it]Best trial: 183. Best value: 2.71201:  38%|███▊      | 192/500 [22:17<29:55,  5.83s/it]Best trial: 183. Best value: 2.71201:  39%|███▊      | 193/500 [22:17<30:55,  6.04s/it]                                                                                       Best trial: 183. Best value: 2.71201:  39%|███▊      | 193/500 [22:23<30:55,  6.04s/it]Best trial: 183. Best value: 2.71201:  39%|███▊      | 193/500 [22:23<30:55,  6.04s/it]Best trial: 183. Best value: 2.71201:  39%|███▉      | 194/500 [22:23<31:52,  6.25s/it]                                                                                       Best trial: 183. Best value: 2.71201:  39%|███▉      | 194/500 [22:30<31:52,  6.25s/it]Best trial: 183. Best value: 2.71201:  39%|███▉      | 194/500 [22:30<31:52,  6.25s/it]Best trial: 183. Best value: 2.71201:  39%|███▉      | 195/500 [22:30<32:18,  6.36s/it]                                                                                       Best trial: 183. Best value: 2.71201:  39%|███▉      | 195/500 [22:36<32:18,  6.36s/it]Best trial: 183. Best value: 2.71201:  39%|███▉      | 195/500 [22:36<32:18,  6.36s/it]Best trial: 183. Best value: 2.71201:  39%|███▉      | 196/500 [22:36<32:25,  6.40s/it]                                                                                       Best trial: 183. Best value: 2.71201:  39%|███▉      | 196/500 [22:41<32:25,  6.40s/it]Best trial: 183. Best value: 2.71201:  39%|███▉      | 196/500 [22:41<32:25,  6.40s/it]Best trial: 183. Best value: 2.71201:  39%|███▉      | 197/500 [22:41<29:34,  5.85s/it]                                                                                       Best trial: 183. Best value: 2.71201:  39%|███▉      | 197/500 [22:48<29:34,  5.85s/it]Best trial: 183. Best value: 2.71201:  39%|███▉      | 197/500 [22:48<29:34,  5.85s/it]Best trial: 183. Best value: 2.71201:  40%|███▉      | 198/500 [22:48<30:38,  6.09s/it]                                                                                       Best trial: 183. Best value: 2.71201:  40%|███▉      | 198/500 [22:54<30:38,  6.09s/it]Best trial: 183. Best value: 2.71201:  40%|███▉      | 198/500 [22:54<30:38,  6.09s/it]Best trial: 183. Best value: 2.71201:  40%|███▉      | 199/500 [22:54<31:17,  6.24s/it]                                                                                       Best trial: 183. Best value: 2.71201:  40%|███▉      | 199/500 [23:01<31:17,  6.24s/it]Best trial: 199. Best value: 2.69503:  40%|███▉      | 199/500 [23:01<31:17,  6.24s/it]Best trial: 199. Best value: 2.69503:  40%|████      | 200/500 [23:01<31:37,  6.32s/it]                                                                                       Best trial: 199. Best value: 2.69503:  40%|████      | 200/500 [23:07<31:37,  6.32s/it]Best trial: 199. Best value: 2.69503:  40%|████      | 200/500 [23:07<31:37,  6.32s/it]Best trial: 199. Best value: 2.69503:  40%|████      | 201/500 [23:07<31:54,  6.40s/it]                                                                                       Best trial: 199. Best value: 2.69503:  40%|████      | 201/500 [23:12<31:54,  6.40s/it]Best trial: 201. Best value: 2.67311:  40%|████      | 201/500 [23:12<31:54,  6.40s/it]Best trial: 201. Best value: 2.67311:  40%|████      | 202/500 [23:12<29:04,  5.85s/it]                                                                                       Best trial: 201. Best value: 2.67311:  40%|████      | 202/500 [23:18<29:04,  5.85s/it]Best trial: 201. Best value: 2.67311:  40%|████      | 202/500 [23:19<29:04,  5.85s/it]Best trial: 201. Best value: 2.67311:  41%|████      | 203/500 [23:19<30:04,  6.07s/it]                                                                                       Best trial: 201. Best value: 2.67311:  41%|████      | 203/500 [23:25<30:04,  6.07s/it]Best trial: 201. Best value: 2.67311:  41%|████      | 203/500 [23:25<30:04,  6.07s/it]Best trial: 201. Best value: 2.67311:  41%|████      | 204/500 [23:25<30:35,  6.20s/it]                                                                                       
[I 2026-05-03 18:09:09,377] Trial 193 finished with value: 2.80553507220697 and parameters: {'rho_high_scale': 0.7282147890377128, 'f_n': 2.493897774504266e-07, 'K_d': 544436.6495118497, 'fission_rate': 7.453304020662167e+19, 'Dg_D1_scale': 2.332867410636423, 'Dg_D3_scale': 0.6418853162601967, 'Dv_D1_scale': 0.6855179758849792, 'Dv_D2_scale': 3.924708787507316, 'b_bulk_scale': 1.761014598993995, 'b_dislocation_scale': 0.33201745232624075, 'gb_scale': 4.481360827011646, 'gd_bubble_scale': 4.247932683621346, 'gd_line_scale': 0.33911623847886635, 'gd_line_alpha': 0.3495558272274956, 'coalescence_d_scale': 0.365891977698236, 'capture_scale': 0.029260285563083712}. Best is trial 183 with value: 2.7120116010039537.
[I 2026-05-03 18:09:15,985] Trial 194 finished with value: 2.9329280851185247 and parameters: {'rho_high_scale': 0.7267611264363272, 'f_n': 2.2630050732113295e-07, 'K_d': 540627.923195086, 'fission_rate': 7.445205312555565e+19, 'Dg_D1_scale': 2.20650642972085, 'Dg_D3_scale': 0.640109804185422, 'Dv_D1_scale': 0.6955445748919079, 'Dv_D2_scale': 3.9519792182945626, 'b_bulk_scale': 1.6741140380314847, 'b_dislocation_scale': 0.34403631165643567, 'gb_scale': 4.679222296569951, 'gd_bubble_scale': 4.233838840840592, 'gd_line_scale': 0.32563420003360966, 'gd_line_alpha': 0.3518587108603334, 'coalescence_d_scale': 0.32571215597355, 'capture_scale': 0.02936766358073885}. Best is trial 183 with value: 2.7120116010039537.
[I 2026-05-03 18:09:22,489] Trial 195 finished with value: 2.8372241112684735 and parameters: {'rho_high_scale': 0.732129900598204, 'f_n': 2.3693355638145237e-07, 'K_d': 543509.0908612018, 'fission_rate': 7.46820513206468e+19, 'Dg_D1_scale': 2.1884398895415758, 'Dg_D3_scale': 0.6455838302118295, 'Dv_D1_scale': 0.6783347926543106, 'Dv_D2_scale': 3.9566040532202944, 'b_bulk_scale': 1.6718350082314208, 'b_dislocation_scale': 0.3315904131155843, 'gb_scale': 4.469837573290141, 'gd_bubble_scale': 4.257658778180737, 'gd_line_scale': 0.33554102087663457, 'gd_line_alpha': 0.3483191947537758, 'coalescence_d_scale': 0.3255928970903109, 'capture_scale': 0.029084075706686623}. Best is trial 183 with value: 2.7120116010039537.
[I 2026-05-03 18:09:27,069] Trial 196 finished with value: 2.8712842408171677 and parameters: {'rho_high_scale': 0.7177595216058402, 'f_n': 2.3343742572840705e-07, 'K_d': 536084.3987674027, 'fission_rate': 7.445522010648938e+19, 'Dg_D1_scale': 2.191311721844689, 'Dg_D3_scale': 0.67708055104059, 'Dv_D1_scale': 0.6823600088721997, 'Dv_D2_scale': 3.999692986403378, 'b_bulk_scale': 1.6774539801239405, 'b_dislocation_scale': 0.3401624900529344, 'gb_scale': 4.530001352416275, 'gd_bubble_scale': 4.263464129880374, 'gd_line_scale': 0.3368055119597252, 'gd_line_alpha': 0.34899534670000637, 'coalescence_d_scale': 0.3307839297640106, 'capture_scale': 0.028749949313258916}. Best is trial 183 with value: 2.7120116010039537.
[I 2026-05-03 18:09:33,701] Trial 197 finished with value: 3.133139143959806 and parameters: {'rho_high_scale': 0.7283467977237201, 'f_n': 2.4674153208943895e-07, 'K_d': 537388.6589046286, 'fission_rate': 7.43749043027001e+19, 'Dg_D1_scale': 2.3688179769125206, 'Dg_D3_scale': 0.6795596110796169, 'Dv_D1_scale': 0.6639959460215066, 'Dv_D2_scale': 3.937785375014909, 'b_bulk_scale': 1.6799520645738901, 'b_dislocation_scale': 0.4079875879191853, 'gb_scale': 4.599615532315746, 'gd_bubble_scale': 4.332561524707106, 'gd_line_scale': 0.3644713630826658, 'gd_line_alpha': 0.3471129717719433, 'coalescence_d_scale': 0.32754636235359746, 'capture_scale': 0.02903334491772854}. Best is trial 183 with value: 2.7120116010039537.
[I 2026-05-03 18:09:40,292] Trial 198 finished with value: 2.7271474168696184 and parameters: {'rho_high_scale': 0.7241715141770091, 'f_n': 2.336770121606108e-07, 'K_d': 520221.82290657284, 'fission_rate': 7.466615274643785e+19, 'Dg_D1_scale': 2.1766157003173183, 'Dg_D3_scale': 0.7769907881319241, 'Dv_D1_scale': 0.7071595982095423, 'Dv_D2_scale': 3.6659471516938353, 'b_bulk_scale': 2.349406196476317, 'b_dislocation_scale': 0.31815042357984935, 'gb_scale': 4.388199071914988, 'gd_bubble_scale': 3.6930140640770204, 'gd_line_scale': 0.33016569071877233, 'gd_line_alpha': 0.35449809084173756, 'coalescence_d_scale': 0.3685102924941368, 'capture_scale': 0.023484512260499534}. Best is trial 183 with value: 2.7120116010039537.
[I 2026-05-03 18:09:46,806] Trial 199 finished with value: 2.69502955268997 and parameters: {'rho_high_scale': 0.7250238276981469, 'f_n': 2.9636877540255797e-07, 'K_d': 522190.78782252484, 'fission_rate': 7.485353093081652e+19, 'Dg_D1_scale': 2.153902280366953, 'Dg_D3_scale': 0.7778259015671317, 'Dv_D1_scale': 0.7101158382711897, 'Dv_D2_scale': 3.5690893614558203, 'b_bulk_scale': 2.328993462977222, 'b_dislocation_scale': 0.3221219064677161, 'gb_scale': 4.526710910679334, 'gd_bubble_scale': 4.004688233466004, 'gd_line_scale': 0.44032082104973896, 'gd_line_alpha': 0.35362549417137223, 'coalescence_d_scale': 0.4522077864232869, 'capture_scale': 0.029612841063233825}. Best is trial 199 with value: 2.69502955268997.
[I 2026-05-03 18:09:53,407] Trial 200 finished with value: 2.705053204918877 and parameters: {'rho_high_scale': 0.7246844301133408, 'f_n': 3.0706701401800996e-07, 'K_d': 516966.64044717344, 'fission_rate': 7.50735081154723e+19, 'Dg_D1_scale': 2.112503475897328, 'Dg_D3_scale': 0.7886907967100504, 'Dv_D1_scale': 0.6154039739227161, 'Dv_D2_scale': 3.465052996525719, 'b_bulk_scale': 2.394412829950365, 'b_dislocation_scale': 0.3191061410264406, 'gb_scale': 4.361643478205288, 'gd_bubble_scale': 3.7579811014375157, 'gd_line_scale': 0.4296761202240534, 'gd_line_alpha': 0.32138224404816074, 'coalescence_d_scale': 0.3798325593055608, 'capture_scale': 0.02381144803758355}. Best is trial 199 with value: 2.69502955268997.
[I 2026-05-03 18:09:57,961] Trial 201 finished with value: 2.6731141507226717 and parameters: {'rho_high_scale': 0.7009180073506505, 'f_n': 2.967636791993473e-07, 'K_d': 526164.5987944601, 'fission_rate': 7.52732893775774e+19, 'Dg_D1_scale': 2.0454271528632284, 'Dg_D3_scale': 0.8009709700110453, 'Dv_D1_scale': 0.617582965089243, 'Dv_D2_scale': 3.686018991364003, 'b_bulk_scale': 2.2913184485961535, 'b_dislocation_scale': 0.3092876524468723, 'gb_scale': 4.332264404096258, 'gd_bubble_scale': 3.901273455037463, 'gd_line_scale': 0.4298948173719426, 'gd_line_alpha': 0.310533103920801, 'coalescence_d_scale': 0.4575385591424007, 'capture_scale': 0.02559043052401983}. Best is trial 201 with value: 2.6731141507226717.
[I 2026-05-03 18:10:04,565] Trial 202 finished with value: 2.7102521026318955 and parameters: {'rho_high_scale': 0.7482174196254088, 'f_n': 3.1483479089242235e-07, 'K_d': 520091.976266451, 'fission_rate': 7.510167617478651e+19, 'Dg_D1_scale': 2.0875570233728493, 'Dg_D3_scale': 0.7867142223497802, 'Dv_D1_scale': 0.6062251610730085, 'Dv_D2_scale': 3.6371265535772754, 'b_bulk_scale': 2.4017998009195525, 'b_dislocation_scale': 0.3063111417258583, 'gb_scale': 4.317410460331136, 'gd_bubble_scale': 4.063243222619578, 'gd_line_scale': 0.42292132348070066, 'gd_line_alpha': 0.312903834865611, 'coalescence_d_scale': 0.48911774527561236, 'capture_scale': 0.024630050728673688}. Best is trial 201 with value: 2.6731141507226717.
[I 2026-05-03 18:10:11,054] Trial 203 finished with value: 2.71711339556548 and parameters: {'rho_high_scale': 0.7483675631955188, 'f_n': 2.970750791509282e-07, 'K_d': 515676.36401610664, 'fission_rate': 7.508481540764308e+19, 'Dg_D1_scale': 2.052348276057474, 'Dg_D3_scale': 0.7860664489256232, 'Dv_D1_scale': 0.5954966700748223, 'Dv_D2_scale': 3.6472812192345803, 'b_bulk_scale': 2.456730260584195, 'b_dislocation_scale': 0.3110203971743835, 'gb_scale': 4.281242329021011, 'gd_bubble_scale': 3.711050587580317, 'gd_line_scale': 0.4391453389608631, 'gd_line_alpha': 0.30239701114579165, 'coalescence_d_scale': 0.45859888522825853, 'capture_scale': 0.024350653848326086}. Best is trial 201 with value: 2.6731141507226717.
