[I 2026-05-03 18:39:54,956] Trial 499 finished with value: 2.6700152006915148 and parameters: {'rho_high_scale': 0.7851336427341681, 'f_n': 1.2568665073654868e-06, 'K_d': 314631.3144499099, 'fission_rate': 6.7961640584008884e+19, 'Dg_D1_scale': 0.7609735511125986, 'Dg_D3_scale': 1.6439383587871694, 'Dv_D1_scale': 0.21103953601214978, 'Dv_D2_scale': 1.8144110591261744, 'b_bulk_scale': 3.1627504523044316, 'b_dislocation_scale': 0.25393895035945757, 'gb_scale': 7.491190320516749, 'gd_bubble_scale': 6.5223750255462205, 'gd_line_scale': 0.4176354336773845, 'gd_line_alpha': 0.6967366007776775, 'coalescence_d_scale': 1.2375673764058863, 'capture_scale': 1.2662957069269887}. Best is trial 356 with value: 2.4312251947833614.
Fast trials written to: UN_M7_optuna_v10c_rhoFT2_partition_results/capture_only/optuna_fast_trials_capture_only.csv
--------------------------------------------------------------------------------------------------------------------------------------------------------------------------
rank |     score |                        label |       f_n |       K_d |     rho_d |      Fdot |    Dv |    Dg |     b |    gb |    gd |  coal |   cap |  swD1600 |   Rd1600 |   NdDrop
--------------------------------------------------------------------------------------------------------------------------------------------------------------------------
   1 |     2.431 | capture_only_v10c_trial_00356 |   2.2e-06 |   3.6e+05 |   3.0e+13 |   7.8e+19 |     1 |     1 |     1 |   3.8 |     1 |   1.7 | 0.012 |     1.64 |     76.8 |   -0.257
   2 |     2.495 | capture_only_v10c_trial_00498 |   1.0e-06 |   3.1e+05 |   3.0e+13 |   6.9e+19 |     1 |     1 |     1 |   7.6 |     1 |   1.3 |   1.1 |     1.54 |     76.1 |   -0.182
   3 |     2.499 | capture_only_v10c_trial_00343 |   2.2e-06 |   3.7e+05 |   3.0e+13 |   7.9e+19 |     1 |     1 |     1 |   3.8 |     1 |  0.88 | 0.013 |     1.76 |     77.7 |   -0.202
   4 |     2.501 | capture_only_v10c_trial_00491 |   1.1e-06 |   3.2e+05 |   3.0e+13 |   7.0e+19 |     1 |     1 |     1 |   7.9 |     1 |   1.1 | 0.016 |     1.48 |     74.3 |   -0.166
   5 |     2.512 | capture_only_v10c_trial_00489 |   1.3e-06 |   3.2e+05 |   3.0e+13 |   6.8e+19 |     1 |     1 |     1 |   7.6 |     1 |   1.3 | 0.013 |     1.75 |     77.4 |   -0.177
   6 |     2.514 | capture_only_v10c_trial_00412 |   1.4e-06 |   3.1e+05 |   3.0e+13 |   7.8e+19 |     1 |     1 |     1 |   4.8 |     1 |   1.5 | 0.013 |     1.69 |     78.2 |   -0.192
   7 |     2.523 | capture_only_v10c_trial_00357 |   2.5e-06 |   3.6e+05 |   3.0e+13 |   7.8e+19 |     1 |     1 |     1 |   3.9 |     1 |   1.8 | 0.014 |     2.03 |     79.7 |    -0.26
   8 |     2.526 | capture_only_v10c_trial_00493 |   1.1e-06 |   3.1e+05 |   3.0e+13 |   7.1e+19 |     1 |     1 |     1 |   7.3 |     1 |   1.2 | 0.016 |      1.4 |     73.6 |   -0.161
   9 |     2.527 | capture_only_v10c_trial_00490 |   1.3e-06 |   3.2e+05 |   3.0e+13 |   7.0e+19 |     1 |     1 |     1 |   7.9 |     1 |   1.2 | 0.017 |     1.53 |     72.9 |   -0.149
  10 |     2.531 | capture_only_v10c_trial_00410 |   1.5e-06 |   3.2e+05 |   3.0e+13 |   7.8e+19 |     1 |     1 |     1 |   4.1 |     1 |   1.4 | 0.013 |     1.67 |     77.2 |   -0.177
  11 |     2.536 | capture_only_v10c_trial_00404 |   2.4e-06 |   3.5e+05 |   3.0e+13 |   7.7e+19 |     1 |     1 |     1 |   4.1 |     1 |   1.8 | 0.015 |     1.73 |     76.5 |    -0.21
  12 |     2.536 | capture_only_v10c_trial_00471 |   2.1e-06 |   3.2e+05 |   3.0e+13 |   7.6e+19 |     1 |     1 |     1 |   5.3 |     1 |   1.6 | 0.011 |     1.87 |       81 |   -0.213
  13 |     2.541 | capture_only_v10c_trial_00449 |   1.9e-06 |   3.3e+05 |   3.0e+13 |   7.5e+19 |     1 |     1 |     1 |   5.2 |     1 |   1.3 | 0.011 |     1.47 |     72.8 |   -0.161
  14 |     2.546 | capture_only_v10c_trial_00467 |   2.5e-06 |   3.2e+05 |   3.0e+13 |   7.7e+19 |     1 |     1 |     1 |   5.5 |     1 |   1.6 | 0.014 |     1.52 |     73.6 |   -0.161
  15 |     2.547 | capture_only_v10c_trial_00480 |   1.9e-06 |   3.4e+05 |   3.0e+13 |   7.7e+19 |     1 |     1 |     1 |   6.5 |     1 |   1.6 | 0.014 |     1.41 |     70.8 |   -0.181
--------------------------------------------------------------------------------------------------------------------------------------------------------------------------
Final rows written to: UN_M7_optuna_v10c_rhoFT2_partition_results/capture_only/optuna_final_top_capture_only.csv
--------------------------------------------------------------------------------------------------------------------------------------------------------------------------
rank |     score |                        label |       f_n |       K_d |     rho_d |      Fdot |    Dv |    Dg |     b |    gb |    gd |  coal |   cap |  swD1600 |   Rd1600 |   NdDrop
--------------------------------------------------------------------------------------------------------------------------------------------------------------------------
   1 |     2.483 | FINAL_rank1_capture_only_capture_only_v10c_trial_00356 |   2.2e-06 |   3.6e+05 |   3.0e+13 |   7.8e+19 |     1 |     1 |     1 |   3.8 |     1 |   1.7 | 0.012 |     1.62 |     76.6 |   -0.255
   2 |     2.531 | FINAL_rank3_capture_only_capture_only_v10c_trial_00343 |   2.2e-06 |   3.7e+05 |   3.0e+13 |   7.9e+19 |     1 |     1 |     1 |   3.8 |     1 |  0.88 | 0.013 |     1.76 |     77.7 |   -0.201
   3 |     2.537 | FINAL_rank5_capture_only_capture_only_v10c_trial_00489 |   1.3e-06 |   3.2e+05 |   3.0e+13 |   6.8e+19 |     1 |     1 |     1 |   7.6 |     1 |   1.3 | 0.013 |     1.74 |     77.2 |   -0.175
   4 |     2.548 | FINAL_rank2_capture_only_capture_only_v10c_trial_00498 |   1.0e-06 |   3.1e+05 |   3.0e+13 |   6.9e+19 |     1 |     1 |     1 |   7.6 |     1 |   1.3 |   1.1 |     1.52 |     75.8 |   -0.179
   5 |     2.558 | FINAL_rank4_capture_only_capture_only_v10c_trial_00491 |   1.1e-06 |   3.2e+05 |   3.0e+13 |   7.0e+19 |     1 |     1 |     1 |   7.9 |     1 |   1.1 | 0.016 |     1.46 |     74.1 |   -0.164
--------------------------------------------------------------------------------------------------------------------------------------------------------------------------
Summary written to: UN_M7_optuna_v10c_rhoFT2_partition_results/capture_only/optuna_summary_capture_only.md
[I 2026-05-03 18:49:10,735] Using an existing study with name 'UN_M7_capture_only' instead of creating a new one.
[I 2026-05-03 18:49:13,375] Trial with params {'f_n': 4.7e-08, 'K_d': 575000.0, 'rho_d': 30400000000000.0, 'fission_rate': 4.76e+19, 'Dv_scale': 0.591, 'Dg_scale': 0.552, 'D2_xe_scale': 1.0, 'b_scale': 0.233, 'gb_scale': 1.588, 'gd_scale': 0.328, 'coalescence_d_scale': 8.15, 'capture_scale': 2.97} already exists. Skipping enqueue.
[I 2026-05-03 18:49:13,378] Trial with params {'f_n': 1e-08, 'K_d': 800000.0, 'rho_d': 10000000000000.0, 'fission_rate': 7.5e+19, 'Dv_scale': 3.0, 'Dg_scale': 0.5, 'D2_xe_scale': 1.0, 'b_scale': 0.3, 'gb_scale': 1.0, 'gd_scale': 1.0, 'coalescence_d_scale': 1.0, 'capture_scale': 0.3} already exists. Skipping enqueue.
[I 2026-05-03 18:49:13,380] Trial with params {'f_n': 1e-06, 'K_d': 500000.0, 'rho_d': 30000000000000.0, 'fission_rate': 5e+19, 'Dv_scale': 1.0, 'Dg_scale': 1.0, 'D2_xe_scale': 1.0, 'b_scale': 1.0, 'gb_scale': 1.0, 'gd_scale': 1.0, 'coalescence_d_scale': 1.0, 'capture_scale': 1.0} already exists. Skipping enqueue.
[I 2026-05-03 18:49:13,382] Trial with params {'f_n': 1.3333e-08, 'K_d': 714300.0, 'rho_d': 46135000000000.0, 'fission_rate': 4.9558e+19, 'Dv_scale': 0.05, 'Dg_scale': 2.012, 'D2_xe_scale': 1.0, 'b_scale': 1.181, 'gb_scale': 0.8994, 'gd_scale': 3.641, 'coalescence_d_scale': 10.99, 'capture_scale': 3.247} already exists. Skipping enqueue.
[I 2026-05-03 18:49:13,385] Trial with params {'f_n': 2.5466e-07, 'K_d': 648460.0, 'rho_d': 35350000000000.0, 'fission_rate': 7.4799e+19, 'Dv_scale': 1.0, 'Dg_scale': 0.5333, 'D2_xe_scale': 1.0, 'b_scale': 3.066, 'gb_scale': 0.4625, 'gd_scale': 4.507, 'coalescence_d_scale': 6.997, 'capture_scale': 0.1401} already exists. Skipping enqueue.
[I 2026-05-03 18:49:13,388] Trial with params {'f_n': 1.9043e-07, 'K_d': 633680.0, 'rho_d': 48099000000000.0, 'fission_rate': 6.8347e+19, 'Dv_scale': 1.0, 'Dg_scale': 0.3921, 'D2_xe_scale': 1.0, 'b_scale': 3.704, 'gb_scale': 0.3881, 'gd_scale': 3.375, 'coalescence_d_scale': 7.005, 'capture_scale': 0.0608} already exists. Skipping enqueue.
[I 2026-05-03 18:49:13,392] Trial with params {'f_n': 1.3237e-08, 'K_d': 558920.0, 'rho_d': 24815000000000.0, 'fission_rate': 7.6621e+19, 'Dv_scale': 0.5, 'Dg_scale': 1.307, 'D2_xe_scale': 1.0, 'b_scale': 1.296, 'gb_scale': 0.4151, 'gd_scale': 1.963, 'coalescence_d_scale': 9.772, 'capture_scale': 0.1557} already exists. Skipping enqueue.
[I 2026-05-03 18:49:13,395] Trial with params {'f_n': 2.940436e-07, 'K_d': 1033314.0, 'rho_d': 12059490000000.0, 'fission_rate': 6.730293e+19, 'Dv_scale': 0.227099, 'Dg_scale': 2.163517, 'D2_xe_scale': 0.112489, 'b_scale': 0.09929, 'gb_scale': 1.445601, 'gd_scale': 4.396731, 'coalescence_d_scale': 3.880728, 'capture_scale': 0.024136} already exists. Skipping enqueue.
[I 2026-05-03 18:49:13,398] Trial with params {'f_n': 5.96478e-07, 'K_d': 1198283.0, 'rho_d': 9976134000000.0, 'fission_rate': 6.685431e+19, 'Dv_scale': 0.239374, 'Dg_scale': 2.580361, 'D2_xe_scale': 0.119911, 'b_scale': 0.115218, 'gb_scale': 1.009685, 'gd_scale': 4.737461, 'coalescence_d_scale': 2.916475, 'capture_scale': 0.027787} already exists. Skipping enqueue.
[I 2026-05-03 18:49:13,403] Trial with params {'f_n': 7.392651e-07, 'K_d': 1166892.0, 'rho_d': 11803530000000.0, 'fission_rate': 6.574543e+19, 'Dv_scale': 0.221547, 'Dg_scale': 2.170761, 'D2_xe_scale': 0.149876, 'b_scale': 0.126114, 'gb_scale': 1.30495, 'gd_scale': 5.541092, 'coalescence_d_scale': 2.726375, 'capture_scale': 0.023283} already exists. Skipping enqueue.
[I 2026-05-03 18:49:13,405] Trial with params {'rho_low_scale': 1.0, 'rho_high_scale': 1.0, 'K_d': 500000.0} already exists. Skipping enqueue.
[I 2026-05-03 18:49:13,406] Trial with params {'rho_low_scale': 1.0, 'rho_high_scale': 2.0, 'K_d': 500000.0} already exists. Skipping enqueue.
[I 2026-05-03 18:49:13,407] Trial with params {'rho_low_scale': 1.0, 'rho_high_scale': 4.0, 'K_d': 500000.0} already exists. Skipping enqueue.
########################################################################################################################
V10c rhoFT2 + partition settings
family                         = capture_only
rhoFT2 enabled                 = True
rho_low_scale range             = 1 -- 1
rho_high_scale range            = 0.7 -- 6
rho high-T linear ramp          = 1300 K -> 1600 K
K_d range                       = 300000 -- 800000
sample old rho_d reference      = False
Blank factors: 1025=1, 1300=1.23
direct exp weights              = sw 1.15, Rd 0.9, Nd 0.85, Nd-drop 0.85
partition/qgb/bulk weights      = 0.75 / 0.85 / 0.15
pressure/highT pressure         = 0.25 / 0.25, free factor 3.0
Fig6 dislocation burnup weight  = 0.05
output dir                      = UN_M7_optuna_v10c_rhoFT2_partition_results/capture_only
########################################################################################################################
########################################################################################################################
OPTUNA CALIBRATION: capture_only
########################################################################################################################
Output dir        = UN_M7_optuna_v10c_rhoFT2_partition_results/capture_only
Trials requested  = 0
FAST dt/modes     = 12 h / 22
FINAL dt/modes    = 1 h / 40
Pressure weight   = 0.25; free factor = 3
D2 Xe             = included, with D2_xe_scale
Coalescence       = active, scale never zero
Family switches   = phi_gas:False, nuc_mass:False, capture:True
########################################################################################################################
Fast trials written to: UN_M7_optuna_v10c_rhoFT2_partition_results/capture_only/optuna_fast_trials_capture_only.csv
--------------------------------------------------------------------------------------------------------------------------------------------------------------------------
rank |     score |                        label |       f_n |       K_d |     rho_d |      Fdot |    Dv |    Dg |     b |    gb |    gd |  coal |   cap |  swD1600 |   Rd1600 |   NdDrop
--------------------------------------------------------------------------------------------------------------------------------------------------------------------------
   1 |     2.431 | capture_only_v10c_trial_00356 |   2.2e-06 |   3.6e+05 |   3.0e+13 |   7.8e+19 |     1 |     1 |     1 |   3.8 |     1 |   1.7 | 0.012 |     1.64 |     76.8 |   -0.257
   2 |     2.495 | capture_only_v10c_trial_00498 |   1.0e-06 |   3.1e+05 |   3.0e+13 |   6.9e+19 |     1 |     1 |     1 |   7.6 |     1 |   1.3 |   1.1 |     1.54 |     76.1 |   -0.182
   3 |     2.499 | capture_only_v10c_trial_00343 |   2.2e-06 |   3.7e+05 |   3.0e+13 |   7.9e+19 |     1 |     1 |     1 |   3.8 |     1 |  0.88 | 0.013 |     1.76 |     77.7 |   -0.202
   4 |     2.501 | capture_only_v10c_trial_00491 |   1.1e-06 |   3.2e+05 |   3.0e+13 |   7.0e+19 |     1 |     1 |     1 |   7.9 |     1 |   1.1 | 0.016 |     1.48 |     74.3 |   -0.166
   5 |     2.512 | capture_only_v10c_trial_00489 |   1.3e-06 |   3.2e+05 |   3.0e+13 |   6.8e+19 |     1 |     1 |     1 |   7.6 |     1 |   1.3 | 0.013 |     1.75 |     77.4 |   -0.177
   6 |     2.514 | capture_only_v10c_trial_00412 |   1.4e-06 |   3.1e+05 |   3.0e+13 |   7.8e+19 |     1 |     1 |     1 |   4.8 |     1 |   1.5 | 0.013 |     1.69 |     78.2 |   -0.192
   7 |     2.523 | capture_only_v10c_trial_00357 |   2.5e-06 |   3.6e+05 |   3.0e+13 |   7.8e+19 |     1 |     1 |     1 |   3.9 |     1 |   1.8 | 0.014 |     2.03 |     79.7 |    -0.26
   8 |     2.526 | capture_only_v10c_trial_00493 |   1.1e-06 |   3.1e+05 |   3.0e+13 |   7.1e+19 |     1 |     1 |     1 |   7.3 |     1 |   1.2 | 0.016 |      1.4 |     73.6 |   -0.161
   9 |     2.527 | capture_only_v10c_trial_00490 |   1.3e-06 |   3.2e+05 |   3.0e+13 |   7.0e+19 |     1 |     1 |     1 |   7.9 |     1 |   1.2 | 0.017 |     1.53 |     72.9 |   -0.149
  10 |     2.531 | capture_only_v10c_trial_00410 |   1.5e-06 |   3.2e+05 |   3.0e+13 |   7.8e+19 |     1 |     1 |     1 |   4.1 |     1 |   1.4 | 0.013 |     1.67 |     77.2 |   -0.177
  11 |     2.536 | capture_only_v10c_trial_00404 |   2.4e-06 |   3.5e+05 |   3.0e+13 |   7.7e+19 |     1 |     1 |     1 |   4.1 |     1 |   1.8 | 0.015 |     1.73 |     76.5 |    -0.21
  12 |     2.536 | capture_only_v10c_trial_00471 |   2.1e-06 |   3.2e+05 |   3.0e+13 |   7.6e+19 |     1 |     1 |     1 |   5.3 |     1 |   1.6 | 0.011 |     1.87 |       81 |   -0.213
  13 |     2.541 | capture_only_v10c_trial_00449 |   1.9e-06 |   3.3e+05 |   3.0e+13 |   7.5e+19 |     1 |     1 |     1 |   5.2 |     1 |   1.3 | 0.011 |     1.47 |     72.8 |   -0.161
  14 |     2.546 | capture_only_v10c_trial_00467 |   2.5e-06 |   3.2e+05 |   3.0e+13 |   7.7e+19 |     1 |     1 |     1 |   5.5 |     1 |   1.6 | 0.014 |     1.52 |     73.6 |   -0.161
  15 |     2.547 | capture_only_v10c_trial_00480 |   1.9e-06 |   3.4e+05 |   3.0e+13 |   7.7e+19 |     1 |     1 |     1 |   6.5 |     1 |   1.6 | 0.014 |     1.41 |     70.8 |   -0.181
--------------------------------------------------------------------------------------------------------------------------------------------------------------------------
Final rows written to: UN_M7_optuna_v10c_rhoFT2_partition_results/capture_only/optuna_final_top_capture_only.csv
--------------------------------------------------------------------------------------------------------------------------------------------------------------------------
rank |     score |                        label |       f_n |       K_d |     rho_d |      Fdot |    Dv |    Dg |     b |    gb |    gd |  coal |   cap |  swD1600 |   Rd1600 |   NdDrop
--------------------------------------------------------------------------------------------------------------------------------------------------------------------------
   1 |     2.483 | FINAL_rank1_capture_only_capture_only_v10c_trial_00356 |   2.2e-06 |   3.6e+05 |   3.0e+13 |   7.8e+19 |     1 |     1 |     1 |   3.8 |     1 |   1.7 | 0.012 |     1.62 |     76.6 |   -0.255
   2 |     2.531 | FINAL_rank3_capture_only_capture_only_v10c_trial_00343 |   2.2e-06 |   3.7e+05 |   3.0e+13 |   7.9e+19 |     1 |     1 |     1 |   3.8 |     1 |  0.88 | 0.013 |     1.76 |     77.7 |   -0.201
   3 |     2.537 | FINAL_rank5_capture_only_capture_only_v10c_trial_00489 |   1.3e-06 |   3.2e+05 |   3.0e+13 |   6.8e+19 |     1 |     1 |     1 |   7.6 |     1 |   1.3 | 0.013 |     1.74 |     77.2 |   -0.175
   4 |     2.548 | FINAL_rank2_capture_only_capture_only_v10c_trial_00498 |   1.0e-06 |   3.1e+05 |   3.0e+13 |   6.9e+19 |     1 |     1 |     1 |   7.6 |     1 |   1.3 |   1.1 |     1.52 |     75.8 |   -0.179
   5 |     2.558 | FINAL_rank4_capture_only_capture_only_v10c_trial_00491 |   1.1e-06 |   3.2e+05 |   3.0e+13 |   7.0e+19 |     1 |     1 |     1 |   7.9 |     1 |   1.1 | 0.016 |     1.46 |     74.1 |   -0.164
--------------------------------------------------------------------------------------------------------------------------------------------------------------------------

============================================================================================================================================
CAPTURE CHECK: best_capture_only_rank1_FINAL_rank1_capture_only_capture_only_v10c_trial_00356, T=1600.0, burnup=3.2
============================================================================================================================================
f_cap_step is the physical clipped per-step fraction and must be <= 1.
capture_fraction_sum can exceed 1 because it is a diagnostic sum, not a physical fraction.
--------------------------------------------------------------------------------------------------------------------------------------------
final f_cap_step       = 9.377357e-08
max f_cap_step         = 4.307275e-07
final cap_raw_step     = 9.377357e-08
capture_fraction_sum   = 1.041938e-03
capture_raw_sum        = 1.041938e-03
captured bubbles cum.  = 9.141383e+18 m^-3
============================================================================================================================================

============================================================================================================================================
DIAGNOSTICS FOR best_capture_only_rank1
============================================================================================================================================
{'label': 'best_capture_only_rank1_FINAL_rank1_capture_only_capture_only_v10c_trial_00356', 'f_n': 2.170737492725169e-06, 'K_d': 356150.73537923506, 'rho_d': 30000000000000.0, 'fission_rate': 7.77220740500689e+19, 'Dv_scale': 1.0, 'Dg_scale': 1.0, 'b_scale': 1.0, 'gb_scale': 3.8178582258113973, 'gd_scale': 1.0, 'coalescence_d_scale': 1.744392847210711, 'capture_scale': 0.01181835449982356, 'D2_xe_scale': 1.0, 'Dg_D1_scale': 1.7833514032056528, 'Dg_D3_scale': 0.9910929325638874, 'Dv_D1_scale': 0.3322265287969228, 'Dv_D2_scale': 1.6859746613760027, 'b_bulk_scale': 1.7548096844531278, 'b_dislocation_scale': 0.25106651270401226, 'gd_bubble_scale': 8.621730754413234, 'gd_line_scale': 0.4636106437119453, 'gd_line_alpha': 0.12026981884438684, 'family': 'capture_only'}
============================================================================================================================================

============================================================================================================================================
CAPTURE CHECK: best_capture_only_rank2_FINAL_rank3_capture_only_capture_only_v10c_trial_00343, T=1600.0, burnup=3.2
============================================================================================================================================
f_cap_step is the physical clipped per-step fraction and must be <= 1.
capture_fraction_sum can exceed 1 because it is a diagnostic sum, not a physical fraction.
--------------------------------------------------------------------------------------------------------------------------------------------
final f_cap_step       = 1.060938e-08
max f_cap_step         = 4.817181e-07
final cap_raw_step     = 1.060938e-08
capture_fraction_sum   = 1.208743e-03
capture_raw_sum        = 1.208743e-03
captured bubbles cum.  = 1.041116e+19 m^-3
============================================================================================================================================

============================================================================================================================================
DIAGNOSTICS FOR best_capture_only_rank2
============================================================================================================================================
{'label': 'best_capture_only_rank2_FINAL_rank3_capture_only_capture_only_v10c_trial_00343', 'f_n': 2.160146710204869e-06, 'K_d': 370610.27790064615, 'rho_d': 30000000000000.0, 'fission_rate': 7.904822392681964e+19, 'Dv_scale': 1.0, 'Dg_scale': 1.0, 'b_scale': 1.0, 'gb_scale': 3.810193959221439, 'gd_scale': 1.0, 'coalescence_d_scale': 0.8757731933030987, 'capture_scale': 0.013119695952874441, 'D2_xe_scale': 1.0, 'Dg_D1_scale': 1.8925888353208975, 'Dg_D3_scale': 1.0041558093417005, 'Dv_D1_scale': 0.43828614071012306, 'Dv_D2_scale': 1.7777649485976577, 'b_bulk_scale': 1.7249342749294978, 'b_dislocation_scale': 0.18803144427337037, 'gd_bubble_scale': 7.3004080070706765, 'gd_line_scale': 0.3210767326124411, 'gd_line_alpha': 0.11021101545896458, 'family': 'capture_only'}
========================================================================