[I 2026-05-03 18:24:31,583] Trial 348 finished with value: 2.642960889294194 and parameters: {'rho_high_scale': 0.7785147121864741, 'f_n': 1.281855889601208e-06, 'K_d': 327742.92369594163, 'fission_rate': 7.71058038936884e+19, 'Dg_D1_scale': 2.109193536664958, 'Dg_D3_scale': 0.9167242753017055, 'Dv_D1_scale': 0.480961261966156, 'Dv_D2_scale': 1.4541314787762258, 'b_bulk_scale': 1.7612135799908892, 'b_dislocation_scale': 0.19233219758284342, 'gb_scale': 3.753985424530716, 'gd_bubble_scale': 7.1651891663209595, 'gd_line_scale': 0.34787503053524954, 'gd_line_alpha': 0.10560510166998018, 'coalescence_d_scale': 1.1267393462787403, 'capture_scale': 0.013533517158487492}. Best is trial 343 with value: 2.4994347124594105.Best trial: 343. Best value: 2.49943:  70%|██████▉   | 348/500 [37:45<15:10,  5.99s/it]Best trial: 343. Best value: 2.49943:  70%|██████▉   | 348/500 [37:46<15:10,  5.99s/it]Best trial: 343. Best value: 2.49943:  70%|██████▉   | 349/500 [37:46<15:17,  6.08s/it]                                                                                       Best trial: 343. Best value: 2.49943:  70%|██████▉   | 349/500 [37:52<15:17,  6.08s/it]Best trial: 343. Best value: 2.49943:  70%|██████▉   | 349/500 [37:52<15:17,  6.08s/it]Best trial: 343. Best value: 2.49943:  70%|███████   | 350/500 [37:52<15:21,  6.14s/it]                                                                                       Best trial: 343. Best value: 2.49943:  70%|███████   | 350/500 [37:56<15:21,  6.14s/it]Best trial: 343. Best value: 2.49943:  70%|███████   | 350/500 [37:56<15:21,  6.14s/it]Best trial: 343. Best value: 2.49943:  70%|███████   | 351/500 [37:56<13:52,  5.59s/it]                                                                                       Best trial: 343. Best value: 2.49943:  70%|███████   | 351/500 [38:02<13:52,  5.59s/it]Best trial: 343. Best value: 2.49943:  70%|███████   | 351/500 [38:02<13:52,  5.59s/it]Best trial: 343. Best value: 2.49943:  70%|███████   | 352/500 [38:02<14:12,  5.76s/it]                                                                                       Best trial: 343. Best value: 2.49943:  70%|███████   | 352/500 [38:08<14:12,  5.76s/it]Best trial: 343. Best value: 2.49943:  70%|███████   | 352/500 [38:08<14:12,  5.76s/it]Best trial: 343. Best value: 2.49943:  71%|███████   | 353/500 [38:08<14:25,  5.88s/it]                                                                                       Best trial: 343. Best value: 2.49943:  71%|███████   | 353/500 [38:19<14:25,  5.88s/it]Best trial: 343. Best value: 2.49943:  71%|███████   | 353/500 [38:19<14:25,  5.88s/it]Best trial: 343. Best value: 2.49943:  71%|███████   | 354/500 [38:19<17:46,  7.31s/it]                                                                                       Best trial: 343. Best value: 2.49943:  71%|███████   | 354/500 [38:23<17:46,  7.31s/it]Best trial: 343. Best value: 2.49943:  71%|███████   | 354/500 [38:23<17:46,  7.31s/it]Best trial: 343. Best value: 2.49943:  71%|███████   | 355/500 [38:23<15:31,  6.42s/it]                                                                                       Best trial: 343. Best value: 2.49943:  71%|███████   | 355/500 [38:30<15:31,  6.42s/it]Best trial: 343. Best value: 2.49943:  71%|███████   | 355/500 [38:30<15:31,  6.42s/it]Best trial: 343. Best value: 2.49943:  71%|███████   | 356/500 [38:30<15:20,  6.39s/it]                                                                                       Best trial: 343. Best value: 2.49943:  71%|███████   | 356/500 [38:36<15:20,  6.39s/it]Best trial: 356. Best value: 2.43123:  71%|███████   | 356/500 [38:36<15:20,  6.39s/it]Best trial: 356. Best value: 2.43123:  71%|███████▏  | 357/500 [38:36<15:06,  6.34s/it]                                                                                       Best trial: 356. Best value: 2.43123:  71%|███████▏  | 357/500 [38:42<15:06,  6.34s/it]Best trial: 356. Best value: 2.43123:  71%|███████▏  | 357/500 [38:42<15:06,  6.34s/it]Best trial: 356. Best value: 2.43123:  72%|███████▏  | 358/500 [38:42<14:56,  6.32s/it]                                                                                       Best trial: 356. Best value: 2.43123:  72%|███████▏  | 358/500 [38:48<14:56,  6.32s/it]Best trial: 356. Best value: 2.43123:  72%|███████▏  | 358/500 [38:49<14:56,  6.32s/it]Best trial: 356. Best value: 2.43123:  72%|███████▏  | 359/500 [38:49<14:50,  6.31s/it]                                                                                       Best trial: 356. Best value: 2.43123:  72%|███████▏  | 359/500 [38:53<14:50,  6.31s/it]Best trial: 356. Best value: 2.43123:  72%|███████▏  | 359/500 [38:53<14:50,  6.31s/it]Best trial: 356. Best value: 2.43123:  72%|███████▏  | 360/500 [38:53<13:23,  5.74s/it]                                                                                       
[I 2026-05-03 18:24:37,881] Trial 349 finished with value: 5.302061811476013 and parameters: {'rho_high_scale': 5.475820543965146, 'f_n': 1.590412784378672e-06, 'K_d': 324659.9618289234, 'fission_rate': 7.856997600665782e+19, 'Dg_D1_scale': 1.7765299368110836, 'Dg_D3_scale': 1.0289061424046133, 'Dv_D1_scale': 0.4124229706232064, 'Dv_D2_scale': 1.6904777532569542, 'b_bulk_scale': 1.5930291644866266, 'b_dislocation_scale': 0.20970011512634762, 'gb_scale': 3.521190333345322, 'gd_bubble_scale': 9.775965722030145, 'gd_line_scale': 0.4974596039998508, 'gd_line_alpha': 0.12926530291750354, 'coalescence_d_scale': 0.3301440580192624, 'capture_scale': 0.01302842445388772}. Best is trial 343 with value: 2.4994347124594105.
[I 2026-05-03 18:24:42,169] Trial 350 finished with value: 4.564510465288638 and parameters: {'rho_high_scale': 0.7543537660210313, 'f_n': 2.216063697099872e-06, 'K_d': 363546.27545419335, 'fission_rate': 7.764706030891069e+19, 'Dg_D1_scale': 2.0443143651412234, 'Dg_D3_scale': 0.8646504638118047, 'Dv_D1_scale': 0.3788510997481651, 'Dv_D2_scale': 1.979319575299777, 'b_bulk_scale': 1.4666689847194456, 'b_dislocation_scale': 1.2094770103330557, 'gb_scale': 3.8961832730352177, 'gd_bubble_scale': 8.852602939924406, 'gd_line_scale': 0.4344486791419544, 'gd_line_alpha': 0.13682084506131292, 'coalescence_d_scale': 0.7546785808710001, 'capture_scale': 0.011452372721275347}. Best is trial 343 with value: 2.4994347124594105.
[I 2026-05-03 18:24:48,331] Trial 351 finished with value: 3.7864871451459816 and parameters: {'rho_high_scale': 0.8082993997720176, 'f_n': 1.5290898863264247e-06, 'K_d': 317666.2850592852, 'fission_rate': 7.863579980354644e+19, 'Dg_D1_scale': 1.9716451543319022, 'Dg_D3_scale': 0.9407570840248554, 'Dv_D1_scale': 0.4344468739394282, 'Dv_D2_scale': 1.8175907456032663, 'b_bulk_scale': 1.7443675063236654, 'b_dislocation_scale': 0.17081024540849685, 'gb_scale': 0.8598189426959371, 'gd_bubble_scale': 7.629042283645879, 'gd_line_scale': 0.3487802458625264, 'gd_line_alpha': 0.10101013416615773, 'coalescence_d_scale': 0.8952531285888854, 'capture_scale': 0.015024535175877205}. Best is trial 343 with value: 2.4994347124594105.
[I 2026-05-03 18:24:54,501] Trial 352 finished with value: 3.5853235093502467 and parameters: {'rho_high_scale': 0.731463657143089, 'f_n': 1.878623271076187e-06, 'K_d': 337621.251302846, 'fission_rate': 7.922078846879818e+19, 'Dg_D1_scale': 1.784518968969066, 'Dg_D3_scale': 1.0087476551514398, 'Dv_D1_scale': 0.3606034474855523, 'Dv_D2_scale': 1.7834647348937984, 'b_bulk_scale': 1.5589524591592197, 'b_dislocation_scale': 0.19138005271241335, 'gb_scale': 0.4822099069886025, 'gd_bubble_scale': 8.195762122355578, 'gd_line_scale': 0.3136487358660644, 'gd_line_alpha': 0.08730460200004952, 'coalescence_d_scale': 1.3587483766045492, 'capture_scale': 0.010094722944072244}. Best is trial 343 with value: 2.4994347124594105.
[I 2026-05-03 18:25:05,129] Trial 353 finished with value: 2.89507110457555 and parameters: {'rho_high_scale': 0.7605475939631914, 'f_n': 1.271042371838235e-06, 'K_d': 348545.67443688994, 'fission_rate': 4.320134211938963e+19, 'Dg_D1_scale': 2.1520980048553886, 'Dg_D3_scale': 0.8633638830113736, 'Dv_D1_scale': 0.3957319269433722, 'Dv_D2_scale': 2.032952952463154, 'b_bulk_scale': 1.3231496818780117, 'b_dislocation_scale': 0.21147735536761464, 'gb_scale': 3.399953319346588, 'gd_bubble_scale': 7.539829388025713, 'gd_line_scale': 0.4080670842580141, 'gd_line_alpha': 0.06427990791088946, 'coalescence_d_scale': 0.8066662215627188, 'capture_scale': 0.01328692905733352}. Best is trial 343 with value: 2.4994347124594105.
[I 2026-05-03 18:25:09,491] Trial 354 finished with value: 2.6020907921470418 and parameters: {'rho_high_scale': 0.7364919871372274, 'f_n': 2.1424080235995176e-06, 'K_d': 356711.70576098753, 'fission_rate': 7.788230543650806e+19, 'Dg_D1_scale': 1.8845058012109126, 'Dg_D3_scale': 1.0585900733079598, 'Dv_D1_scale': 0.4152899702990889, 'Dv_D2_scale': 1.5336589456365433, 'b_bulk_scale': 1.4519026206964927, 'b_dislocation_scale': 0.24743014790522555, 'gb_scale': 3.7143567212671864, 'gd_bubble_scale': 6.943645158619781, 'gd_line_scale': 0.453820269998897, 'gd_line_alpha': 0.1506667744525288, 'coalescence_d_scale': 0.8802539296555152, 'capture_scale': 0.015797474678463205}. Best is trial 343 with value: 2.4994347124594105.
[I 2026-05-03 18:25:15,814] Trial 355 finished with value: 2.7033509001584255 and parameters: {'rho_high_scale': 0.7913959630795764, 'f_n': 2.977310024635284e-06, 'K_d': 354258.078711465, 'fission_rate': 7.688358192274348e+19, 'Dg_D1_scale': 1.9970327373038728, 'Dg_D3_scale': 0.9310678719660469, 'Dv_D1_scale': 0.4748687432570904, 'Dv_D2_scale': 1.4843378703430359, 'b_bulk_scale': 1.5903317507336119, 'b_dislocation_scale': 0.27673205959306607, 'gb_scale': 3.876509221025914, 'gd_bubble_scale': 6.9135824280636, 'gd_line_scale': 0.5379517035671189, 'gd_line_alpha': 0.2093366468399206, 'coalescence_d_scale': 0.8060011809922083, 'capture_scale': 0.01552317628583028}. Best is trial 343 with value: 2.4994347124594105.
[I 2026-05-03 18:25:22,029] Trial 356 finished with value: 2.4312251947833614 and parameters: {'rho_high_scale': 0.7371033808153067, 'f_n': 2.170737492725169e-06, 'K_d': 356150.73537923506, 'fission_rate': 7.77220740500689e+19, 'Dg_D1_scale': 1.7833514032056528, 'Dg_D3_scale': 0.9910929325638874, 'Dv_D1_scale': 0.3322265287969228, 'Dv_D2_scale': 1.6859746613760027, 'b_bulk_scale': 1.7548096844531278, 'b_dislocation_scale': 0.25106651270401226, 'gb_scale': 3.8178582258113973, 'gd_bubble_scale': 8.621730754413234, 'gd_line_scale': 0.4636106437119453, 'gd_line_alpha': 0.12026981884438684, 'coalescence_d_scale': 1.744392847210711, 'capture_scale': 0.01181835449982356}. Best is trial 356 with value: 2.4312251947833614.
[I 2026-05-03 18:25:28,292] Trial 357 finished with value: 2.5232925412423426 and parameters: {'rho_high_scale': 0.8319976818884115, 'f_n': 2.485485169140862e-06, 'K_d': 362428.6691230455, 'fission_rate': 7.779907995366816e+19, 'Dg_D1_scale': 1.7789067473587215, 'Dg_D3_scale': 1.0062811774995266, 'Dv_D1_scale': 0.3386098609079872, 'Dv_D2_scale': 1.5459771265020061, 'b_bulk_scale': 1.740224467244766, 'b_dislocation_scale': 0.21436846040764182, 'gb_scale': 3.8793394448153973, 'gd_bubble_scale': 8.867100023045353, 'gd_line_scale': 0.47668298756870453, 'gd_line_alpha': 0.11956125231637571, 'coalescence_d_scale': 1.8437058124589745, 'capture_scale': 0.013779171446793696}. Best is trial 356 with value: 2.4312251947833614.
[I 2026-05-03 18:25:34,596] Trial 358 finished with value: 2.598398662455809 and parameters: {'rho_high_scale': 0.8289003680707365, 'f_n': 2.338660940408011e-06, 'K_d': 359488.4653445928, 'fission_rate': 7.680954669074925e+19, 'Dg_D1_scale': 0.3264278801175735, 'Dg_D3_scale': 1.0538321706028237, 'Dv_D1_scale': 0.3272820941505825, 'Dv_D2_scale': 1.5932754335495325, 'b_bulk_scale': 1.8067617130000093, 'b_dislocation_scale': 0.17692564165881317, 'gb_scale': 3.8492859771764634, 'gd_bubble_scale': 9.127668852988421, 'gd_line_scale': 0.5117019036537337, 'gd_line_alpha': 0.11746325135159807, 'coalescence_d_scale': 2.0342890216129286, 'capture_scale': 0.011866600091638816}. Best is trial 356 with value: 2.4312251947833614.
[I 2026-05-03 18:25:38,995] Trial 359 finished with value: 2.69199453644753 and parameters: {'rho_high_scale': 0.8554373967917682, 'f_n': 2.477234921562115e-06, 'K_d': 360164.4139715323, 'fission_rate': 7.677095105192442e+19, 'Dg_D1_scale': 0.1647798118335077, 'Dg_D3_scale': 1.0463916468516876, 'Dv_D1_scale': 0.3381905296463769, 'Dv_D2_scale': 1.56262881633243, 'b_bulk_scale': 1.8128228106506985, 'b_dislocation_scale': 0.17007391252452142, 'gb_scale': 3.885739303959686, 'gd_bubble_scale': 9.985374761083065, 'gd_line_scale': 0.5430066850004889, 'gd_line_alpha': 0.08540548439850827, 'coalescence_d_scale': 1.879136000679989, 'capture_scale': 0.011812864501213906}. Best is trial 356 with value: 2.4312251947833614.
[I 2026-05-03 18:25:45,272] Trial 360 finished with value: 2.560100173564594 and parameters: {'rho_high_scale': 0.8255728406999536, 'f_n': 2.3778450198132256e-06, 'K_d': 363837.29292209557, 'fission_rate': 7.751521369303599e+19, 'Dg_D1_scale': 0.2510159802499616, 'Dg_D3_scale': 0.9910255745548482, 'Dv_D1_scale': 0.28252891324428103, 'Dv_D2_scale': 1.412762086079638, 'b_bulk_scale': 1.9654746539335888, 'b_dislocation_scale': 0.18230493228178582, 'gb_scale': 3.9231710505398607, 'gd_bubble_scale': 8.55541347280045, 'gd_line_scale': 0.5015050629635248, 'gd_line_alpha': 0.11669218428472343, 'coalescence_d_scale': 1.6902807241169457, 'capture_scale': 0.012049804411330228}. Best is trial 356 with value: 2.4312251947833614.Best trial: 356. Best value: 2.43123:  72%|███████▏  | 360/500 [38:59<13:23,  5.74s/it]Best trial: 356. Best value: 2.43123:  72%|███████▏  | 360/500 [38:59<13:23,  5.74s/it]Best trial: 356. Best value: 2.43123:  72%|███████▏  | 361/500 [38:59<13:40,  5.90s/it]                                                                                       Best trial: 356. Best value: 2.43123:  72%|███████▏  | 361/500 [39:06<13:40,  5.90s/it]Best trial: 356. Best value: 2.43123:  72%|███████▏  | 361/500 [39:06<13:40,  5.90s/it]Best trial: 356. Best value: 2.43123:  72%|███████▏  | 362/500 [39:06<13:53,  6.04s/it]                                                                                       Best trial: 356. Best value: 2.43123:  72%|███████▏  | 362/500 [39:12<13:53,  6.04s/it]Best trial: 356. Best value: 2.43123:  72%|███████▏  | 362/500 [39:12<13:53,  6.04s/it]Best trial: 356. Best value: 2.43123:  73%|███████▎  | 363/500 [39:12<13:55,  6.10s/it]                                                                                       Best trial: 356. Best value: 2.43123:  73%|███████▎  | 363/500 [39:18<13:55,  6.10s/it]Best trial: 356. Best value: 2.43123:  73%|███████▎  | 363/500 [39:18<13:55,  6.10s/it]Best trial: 356. Best value: 2.43123:  73%|███████▎  | 364/500 [39:18<13:58,  6.17s/it]                                                                                       Best trial: 356. Best value: 2.43123:  73%|███████▎  | 364/500 [39:23<13:58,  6.17s/it]Best trial: 356. Best value: 2.43123:  73%|███████▎  | 364/500 [39:23<13:58,  6.17s/it]Best trial: 356. Best value: 2.43123:  73%|███████▎  | 365/500 [39:23<13:06,  5.83s/it]                                                                                       Best trial: 356. Best value: 2.43123:  73%|███████▎  | 365/500 [39:29<13:06,  5.83s/it]Best trial: 356. Best value: 2.43123:  73%|███████▎  | 365/500 [39:29<13:06,  5.83s/it]Best trial: 356. Best value: 2.43123:  73%|███████▎  | 366/500 [39:29<13:17,  5.95s/it]                                                                                       Best trial: 356. Best value: 2.43123:  73%|███████▎  | 366/500 [39:36<13:17,  5.95s/it]Best trial: 356. Best value: 2.43123:  73%|███████▎  | 366/500 [39:36<13:17,  5.95s/it]Best trial: 356. Best value: 2.43123:  73%|███████▎  | 367/500 [39:36<13:25,  6.06s/it]                                                                                       Best trial: 356. Best value: 2.43123:  73%|███████▎  | 367/500 [39:42<13:25,  6.06s/it]Best trial: 356. Best value: 2.43123:  73%|███████▎  | 367/500 [39:42<13:25,  6.06s/it]Best trial: 356. Best value: 2.43123:  74%|███████▎  | 368/500 [39:42<13:29,  6.13s/it]                                                                                       Best trial: 356. Best value: 2.43123:  74%|███████▎  | 368/500 [39:48<13:29,  6.13s/it]Best trial: 356. Best value: 2.43123:  74%|███████▎  | 368/500 [39:48<13:29,  6.13s/it]Best trial: 356. Best value: 2.43123:  74%|███████▍  | 369/500 [39:48<13:28,  6.17s/it]                                                                                       Best trial: 356. Best value: 2.43123:  74%|███████▍  | 369/500 [39:53<13:28,  6.17s/it]Best trial: 356. Best value: 2.43123:  74%|███████▍  | 369/500 [39:53<13:28,  6.17s/it]Best trial: 356. Best value: 2.43123:  74%|███████▍  | 370/500 [39:53<12:11,  5.63s/it]                                                                                       Best trial: 356. Best value: 2.43123:  74%|███████▍  | 370/500 [39:59<12:11,  5.63s/it]Best trial: 356. Best value: 2.43123:  74%|███████▍  | 370/500 [39:59<12:11,  5.63s/it]Best trial: 356. Best value: 2.43123:  74%|███████▍  | 371/500 [39:59<12:29,  5.81s/it]                                                                                       Best trial: 356. Best value: 2.43123:  74%|███████▍  | 371/500 [40:05<12:29,  5.81s/it]Best trial: 356. Best value: 2.43123:  74%|███████▍  | 371/500 [40:05<12:29,  5.81s/it]Best trial: 356. Best value: 2.43123:  74%|███████▍  | 372/500 [40:05<12:43,  5.97s/it]                                                                                       
[I 2026-05-03 18:25:51,648] Trial 361 finished with value: 2.630067766173564 and parameters: {'rho_high_scale': 0.8360021523186832, 'f_n': 2.9411594913802797e-06, 'K_d': 364282.8912628257, 'fission_rate': 7.680881970649475e+19, 'Dg_D1_scale': 0.2980703004561008, 'Dg_D3_scale': 0.9556662347567245, 'Dv_D1_scale': 0.2775884853926879, 'Dv_D2_scale': 1.400758444456171, 'b_bulk_scale': 2.0205741105974075, 'b_dislocation_scale': 0.16899802440787118, 'gb_scale': 3.876779643156442, 'gd_bubble_scale': 9.338715495131172, 'gd_line_scale': 0.5744415565732217, 'gd_line_alpha': 0.12186987833689962, 'coalescence_d_scale': 2.087062910058497, 'capture_scale': 0.011313134480501558}. Best is trial 356 with value: 2.4312251947833614.
[I 2026-05-03 18:25:57,878] Trial 362 finished with value: 2.561685462719457 and parameters: {'rho_high_scale': 0.8231910645837298, 'f_n': 2.276877153985501e-06, 'K_d': 375813.5104539202, 'fission_rate': 7.775259903327814e+19, 'Dg_D1_scale': 0.24036103512757168, 'Dg_D3_scale': 0.9666779263661391, 'Dv_D1_scale': 0.29940395225955596, 'Dv_D2_scale': 1.5472855555502987, 'b_bulk_scale': 2.001962516042419, 'b_dislocation_scale': 0.1881582124916942, 'gb_scale': 3.9705009356113994, 'gd_bubble_scale': 8.793522762462292, 'gd_line_scale': 0.49483895232634967, 'gd_line_alpha': 0.10324507777355744, 'coalescence_d_scale': 1.7950653559862322, 'capture_scale': 0.013916540909239385}. Best is trial 356 with value: 2.4312251947833614.
[I 2026-05-03 18:26:04,204] Trial 363 finished with value: 2.571767074255187 and parameters: {'rho_high_scale': 0.8583873670166828, 'f_n': 2.2799984262765967e-06, 'K_d': 372922.070288201, 'fission_rate': 7.746405287966047e+19, 'Dg_D1_scale': 0.29474326006836377, 'Dg_D3_scale': 0.8972938111209009, 'Dv_D1_scale': 0.27169230616373624, 'Dv_D2_scale': 1.5770966889516653, 'b_bulk_scale': 1.934946932224447, 'b_dislocation_scale': 0.1901945371670413, 'gb_scale': 3.7665256012452986, 'gd_bubble_scale': 8.839862663622446, 'gd_line_scale': 0.5199174933011957, 'gd_line_alpha': 0.059893988279172326, 'coalescence_d_scale': 1.7868728925598925, 'capture_scale': 0.013489443910014843}. Best is trial 356 with value: 2.4312251947833614.
[I 2026-05-03 18:26:09,237] Trial 364 finished with value: 2.701010440846982 and parameters: {'rho_high_scale': 0.9009911949062394, 'f_n': 2.3202097873727655e-06, 'K_d': 374217.1116714709, 'fission_rate': 7.672823640636686e+19, 'Dg_D1_scale': 0.22187846736235164, 'Dg_D3_scale': 0.9192147806831866, 'Dv_D1_scale': 0.26177741030250884, 'Dv_D2_scale': 1.518723698433416, 'b_bulk_scale': 2.113944422077481, 'b_dislocation_scale': 0.18177577380788787, 'gb_scale': 3.7739834175454496, 'gd_bubble_scale': 8.799958176362598, 'gd_line_scale': 0.5695340153845809, 'gd_line_alpha': 0.06432474675158299, 'coalescence_d_scale': 1.6834283979109532, 'capture_scale': 0.013558465893591125}. Best is trial 356 with value: 2.4312251947833614.
[I 2026-05-03 18:26:15,466] Trial 365 finished with value: 3.793674312009979 and parameters: {'rho_high_scale': 0.8546620235807951, 'f_n': 2.0232840084435905e-06, 'K_d': 382040.8233410074, 'fission_rate': 7.7592979536932e+19, 'Dg_D1_scale': 0.296355878269813, 'Dg_D3_scale': 0.9769424412185095, 'Dv_D1_scale': 0.28791445893985246, 'Dv_D2_scale': 1.633141246887183, 'b_bulk_scale': 1.9862483329789207, 'b_dislocation_scale': 0.18254260974464395, 'gb_scale': 4.00115407670217, 'gd_bubble_scale': 0.05902708697849368, 'gd_line_scale': 0.5019635066742244, 'gd_line_alpha': 0.009427257990864857, 'coalescence_d_scale': 1.6188999962793555, 'capture_scale': 0.011322226716007728}. Best is trial 356 with value: 2.4312251947833614.
