[I 2026-05-03 18:13:58,620] Trial 240 finished with value: 3.108791755276966 and parameters: {'rho_high_scale': 0.7012707158301332, 'f_n': 4.954404951682567e-07, 'K_d': 531828.7760408063, 'fission_rate': 7.878151146661385e+19, 'Dg_D1_scale': 2.1369437306174257, 'Dg_D3_scale': 0.8684116555820396, 'Dv_D1_scale': 0.48148951866251877, 'Dv_D2_scale': 3.701747686370149, 'b_bulk_scale': 3.1197434562329605, 'b_dislocation_scale': 0.28294755772807284, 'gb_scale': 3.81330343238739, 'gd_bubble_scale': 4.734707474469047, 'gd_line_scale': 0.5528653342963679, 'gd_line_alpha': 0.25218478560676005, 'coalescence_d_scale': 0.357556851985702, 'capture_scale': 0.0261101475616528}. Best is trial 238 with value: 2.649814876949746.Best trial: 238. Best value: 2.64981:  48%|████▊     | 240/500 [27:12<26:46,  6.18s/it]Best trial: 238. Best value: 2.64981:  48%|████▊     | 240/500 [27:13<26:46,  6.18s/it]Best trial: 238. Best value: 2.64981:  48%|████▊     | 241/500 [27:13<26:33,  6.15s/it]                                                                                       Best trial: 238. Best value: 2.64981:  48%|████▊     | 241/500 [27:17<26:33,  6.15s/it]Best trial: 238. Best value: 2.64981:  48%|████▊     | 241/500 [27:17<26:33,  6.15s/it]Best trial: 238. Best value: 2.64981:  48%|████▊     | 242/500 [27:17<23:58,  5.58s/it]                                                                                       Best trial: 238. Best value: 2.64981:  48%|████▊     | 242/500 [27:23<23:58,  5.58s/it]Best trial: 238. Best value: 2.64981:  48%|████▊     | 242/500 [27:23<23:58,  5.58s/it]Best trial: 238. Best value: 2.64981:  49%|████▊     | 243/500 [27:23<24:37,  5.75s/it]                                                                                       Best trial: 238. Best value: 2.64981:  49%|████▊     | 243/500 [27:29<24:37,  5.75s/it]Best trial: 238. Best value: 2.64981:  49%|████▊     | 243/500 [27:29<24:37,  5.75s/it]Best trial: 238. Best value: 2.64981:  49%|████▉     | 244/500 [27:29<25:17,  5.93s/it]                                                                                       Best trial: 238. Best value: 2.64981:  49%|████▉     | 244/500 [27:35<25:17,  5.93s/it]Best trial: 238. Best value: 2.64981:  49%|████▉     | 244/500 [27:35<25:17,  5.93s/it]Best trial: 238. Best value: 2.64981:  49%|████▉     | 245/500 [27:35<25:33,  6.01s/it]                                                                                       Best trial: 238. Best value: 2.64981:  49%|████▉     | 245/500 [27:42<25:33,  6.01s/it]Best trial: 238. Best value: 2.64981:  49%|████▉     | 245/500 [27:42<25:33,  6.01s/it]Best trial: 238. Best value: 2.64981:  49%|████▉     | 246/500 [27:42<25:47,  6.09s/it]                                                                                       Best trial: 238. Best value: 2.64981:  49%|████▉     | 246/500 [27:46<25:47,  6.09s/it]Best trial: 246. Best value: 2.61874:  49%|████▉     | 246/500 [27:46<25:47,  6.09s/it]Best trial: 246. Best value: 2.61874:  49%|████▉     | 247/500 [27:46<23:22,  5.55s/it]                                                                                       Best trial: 246. Best value: 2.61874:  49%|████▉     | 247/500 [27:52<23:22,  5.55s/it]Best trial: 246. Best value: 2.61874:  49%|████▉     | 247/500 [27:52<23:22,  5.55s/it]Best trial: 246. Best value: 2.61874:  50%|████▉     | 248/500 [27:52<23:56,  5.70s/it]                                                                                       Best trial: 246. Best value: 2.61874:  50%|████▉     | 248/500 [27:58<23:56,  5.70s/it]Best trial: 246. Best value: 2.61874:  50%|████▉     | 248/500 [27:58<23:56,  5.70s/it]Best trial: 246. Best value: 2.61874:  50%|████▉     | 249/500 [27:58<24:21,  5.82s/it]                                                                                       Best trial: 246. Best value: 2.61874:  50%|████▉     | 249/500 [28:04<24:21,  5.82s/it]Best trial: 249. Best value: 2.61005:  50%|████▉     | 249/500 [28:05<24:21,  5.82s/it]Best trial: 249. Best value: 2.61005:  50%|█████     | 250/500 [28:05<24:51,  5.97s/it]                                                                                       Best trial: 249. Best value: 2.61005:  50%|█████     | 250/500 [28:11<24:51,  5.97s/it]Best trial: 249. Best value: 2.61005:  50%|█████     | 250/500 [28:11<24:51,  5.97s/it]Best trial: 249. Best value: 2.61005:  50%|█████     | 251/500 [28:11<25:15,  6.08s/it]                                                                                       Best trial: 249. Best value: 2.61005:  50%|█████     | 251/500 [28:15<25:15,  6.08s/it]Best trial: 251. Best value: 2.6083:  50%|█████     | 251/500 [28:15<25:15,  6.08s/it] Best trial: 251. Best value: 2.6083:  50%|█████     | 252/500 [28:15<22:58,  5.56s/it]                                                                                      
[I 2026-05-03 18:14:02,850] Trial 241 finished with value: 2.6743526758032554 and parameters: {'rho_high_scale': 0.7248088279735732, 'f_n': 4.267895792538286e-07, 'K_d': 506177.72290374973, 'fission_rate': 7.762027193772735e+19, 'Dg_D1_scale': 2.292232690871818, 'Dg_D3_scale': 0.8095631353932525, 'Dv_D1_scale': 0.5221021335927091, 'Dv_D2_scale': 3.550997026210102, 'b_bulk_scale': 1.864589436404434, 'b_dislocation_scale': 0.31875237196372447, 'gb_scale': 4.162672772866605, 'gd_bubble_scale': 4.854445815299716, 'gd_line_scale': 0.5164790991311314, 'gd_line_alpha': 0.26622977409799914, 'coalescence_d_scale': 0.2819134131486414, 'capture_scale': 0.025817004556626763}. Best is trial 238 with value: 2.649814876949746.
[I 2026-05-03 18:14:08,991] Trial 242 finished with value: 2.7461533959679882 and parameters: {'rho_high_scale': 0.7008617846804995, 'f_n': 4.678914171320973e-07, 'K_d': 501529.2108392223, 'fission_rate': 7.780303673957487e+19, 'Dg_D1_scale': 2.2784744106203987, 'Dg_D3_scale': 0.7623404065410525, 'Dv_D1_scale': 0.5191201142193717, 'Dv_D2_scale': 3.553279774036474, 'b_bulk_scale': 1.8594313818293007, 'b_dislocation_scale': 0.3566875229249308, 'gb_scale': 4.278529758996329, 'gd_bubble_scale': 4.968754384817562, 'gd_line_scale': 0.4668817137480531, 'gd_line_alpha': 0.24336414626824796, 'coalescence_d_scale': 0.28745209949434153, 'capture_scale': 0.02514093901831514}. Best is trial 238 with value: 2.649814876949746.
[I 2026-05-03 18:14:15,348] Trial 243 finished with value: 2.723460655412035 and parameters: {'rho_high_scale': 0.7012874379799341, 'f_n': 5.181316289201755e-07, 'K_d': 464679.3880577552, 'fission_rate': 7.791571879868355e+19, 'Dg_D1_scale': 2.3271204511825605, 'Dg_D3_scale': 0.7664259074556792, 'Dv_D1_scale': 0.5244030026456873, 'Dv_D2_scale': 3.5304555214186837, 'b_bulk_scale': 2.0336931931665747, 'b_dislocation_scale': 0.3627118582597758, 'gb_scale': 4.132679020732267, 'gd_bubble_scale': 4.906796032645505, 'gd_line_scale': 0.4748107568994966, 'gd_line_alpha': 0.21701864582237904, 'coalescence_d_scale': 0.2703509769605709, 'capture_scale': 0.025316843561933727}. Best is trial 238 with value: 2.649814876949746.
[I 2026-05-03 18:14:21,559] Trial 244 finished with value: 2.7015113158385926 and parameters: {'rho_high_scale': 0.7232385282945066, 'f_n': 5.691955953926118e-07, 'K_d': 461746.0449519467, 'fission_rate': 7.807646599216515e+19, 'Dg_D1_scale': 2.3489731459459686, 'Dg_D3_scale': 0.7857696437076271, 'Dv_D1_scale': 0.5138924418819948, 'Dv_D2_scale': 3.509968266079233, 'b_bulk_scale': 1.9061497137473886, 'b_dislocation_scale': 0.267863376334353, 'gb_scale': 3.7952867549434526, 'gd_bubble_scale': 4.960334003782516, 'gd_line_scale': 0.47728754992397976, 'gd_line_alpha': 0.2290122948381363, 'coalescence_d_scale': 0.3570614343503713, 'capture_scale': 0.02499501985614863}. Best is trial 238 with value: 2.649814876949746.
[I 2026-05-03 18:14:27,791] Trial 245 finished with value: 2.692073420029973 and parameters: {'rho_high_scale': 0.7182213531551257, 'f_n': 5.295611134935993e-07, 'K_d': 448594.9347107448, 'fission_rate': 7.80346553534028e+19, 'Dg_D1_scale': 2.3146374334535063, 'Dg_D3_scale': 0.7515959343032549, 'Dv_D1_scale': 0.4312123407329156, 'Dv_D2_scale': 3.508579552575846, 'b_bulk_scale': 1.8001281921181542, 'b_dislocation_scale': 0.27718268145875713, 'gb_scale': 3.4883167579554737, 'gd_bubble_scale': 5.05442206225294, 'gd_line_scale': 0.5260100681139057, 'gd_line_alpha': 0.23091899374823843, 'coalescence_d_scale': 0.3618945423364807, 'capture_scale': 0.02571704021870027}. Best is trial 238 with value: 2.649814876949746.
[I 2026-05-03 18:14:32,095] Trial 246 finished with value: 2.6187432659222996 and parameters: {'rho_high_scale': 0.7004392726376614, 'f_n': 5.897204077141621e-07, 'K_d': 440917.58887546044, 'fission_rate': 7.861824653083845e+19, 'Dg_D1_scale': 2.3455547144906914, 'Dg_D3_scale': 0.7546721080706853, 'Dv_D1_scale': 0.4230434564232053, 'Dv_D2_scale': 3.3106379272304016, 'b_bulk_scale': 1.8596981314547805, 'b_dislocation_scale': 0.2666175143962237, 'gb_scale': 4.863873204279477, 'gd_bubble_scale': 5.119048160758526, 'gd_line_scale': 0.49744701257838825, 'gd_line_alpha': 0.22624760848527697, 'coalescence_d_scale': 0.26468505263709796, 'capture_scale': 0.024480411352623473}. Best is trial 246 with value: 2.6187432659222996.
[I 2026-05-03 18:14:38,170] Trial 247 finished with value: 2.8195024160822846 and parameters: {'rho_high_scale': 0.7260674393810421, 'f_n': 5.497345969986732e-07, 'K_d': 475173.92183225974, 'fission_rate': 7.876787838245668e+19, 'Dg_D1_scale': 2.3210172967508886, 'Dg_D3_scale': 0.7089012881848028, 'Dv_D1_scale': 0.4388472912553595, 'Dv_D2_scale': 3.2906747393505027, 'b_bulk_scale': 2.1376303546974453, 'b_dislocation_scale': 0.2685318914308246, 'gb_scale': 3.7570273957010967, 'gd_bubble_scale': 5.216929125787677, 'gd_line_scale': 0.522364169989127, 'gd_line_alpha': 0.2230113947865583, 'coalescence_d_scale': 0.3683081615398996, 'capture_scale': 0.025530839686800224}. Best is trial 246 with value: 2.6187432659222996.
[I 2026-05-03 18:14:44,276] Trial 248 finished with value: 2.660298284393355 and parameters: {'rho_high_scale': 0.7006541666061765, 'f_n': 5.205617609909947e-07, 'K_d': 443202.4759267099, 'fission_rate': 7.808157048565595e+19, 'Dg_D1_scale': 2.253797106310235, 'Dg_D3_scale': 0.8217728976705101, 'Dv_D1_scale': 0.41678507353255473, 'Dv_D2_scale': 3.437695351319737, 'b_bulk_scale': 1.885780441206497, 'b_dislocation_scale': 0.2732935380625011, 'gb_scale': 4.814333809554081, 'gd_bubble_scale': 4.790757491037162, 'gd_line_scale': 0.384787009349678, 'gd_line_alpha': 0.23005418158627766, 'coalescence_d_scale': 0.3498077768288847, 'capture_scale': 0.025771546598521985}. Best is trial 246 with value: 2.6187432659222996.
[I 2026-05-03 18:14:50,567] Trial 249 finished with value: 2.6100539364723065 and parameters: {'rho_high_scale': 0.7007260447349216, 'f_n': 5.823362782596382e-07, 'K_d': 435099.2379454136, 'fission_rate': 7.835111859958178e+19, 'Dg_D1_scale': 2.2311577973801358, 'Dg_D3_scale': 0.8370345338164927, 'Dv_D1_scale': 0.384147691237927, 'Dv_D2_scale': 3.754282395561447, 'b_bulk_scale': 1.465179549001968, 'b_dislocation_scale': 0.2588661741461227, 'gb_scale': 3.5550903747517406, 'gd_bubble_scale': 5.097066324583833, 'gd_line_scale': 0.39830598286823726, 'gd_line_alpha': 0.2204897329483481, 'coalescence_d_scale': 0.261066669961396, 'capture_scale': 0.02590379152966288}. Best is trial 249 with value: 2.6100539364723065.
[I 2026-05-03 18:14:56,902] Trial 250 finished with value: 2.653540307305648 and parameters: {'rho_high_scale': 0.7204508407065496, 'f_n': 6.067357696346393e-07, 'K_d': 457900.0795281424, 'fission_rate': 7.818282769922202e+19, 'Dg_D1_scale': 2.2970258134327, 'Dg_D3_scale': 0.8265804310495315, 'Dv_D1_scale': 0.3947877000421385, 'Dv_D2_scale': 3.2640155909299944, 'b_bulk_scale': 1.4724328266932545, 'b_dislocation_scale': 0.24651528189645971, 'gb_scale': 3.3822339284194243, 'gd_bubble_scale': 5.3321125616501845, 'gd_line_scale': 0.4035161742782066, 'gd_line_alpha': 0.23126042081818005, 'coalescence_d_scale': 0.26125386547603047, 'capture_scale': 0.02628240513381902}. Best is trial 249 with value: 2.6100539364723065.
[I 2026-05-03 18:15:01,261] Trial 251 finished with value: 2.608302617221273 and parameters: {'rho_high_scale': 0.7027164171964316, 'f_n': 6.221144212095857e-07, 'K_d': 438170.45051310875, 'fission_rate': 7.952449541709396e+19, 'Dg_D1_scale': 2.2657153431605734, 'Dg_D3_scale': 0.8272993034066799, 'Dv_D1_scale': 0.36886971024991166, 'Dv_D2_scale': 3.220612089708683, 'b_bulk_scale': 1.4822180961987186, 'b_dislocation_scale': 0.2514444421362523, 'gb_scale': 3.3883244917828397, 'gd_bubble_scale': 5.0653328195956675, 'gd_line_scale': 0.38546648649179666, 'gd_line_alpha': 0.18071241499948948, 'coalescence_d_scale': 0.2591285403569846, 'capture_scale': 0.026589022674517692}. Best is trial 251 with value: 2.608302617221273.
[I 2026-05-03 18:15:07,448] Trial 252 finished with value: 2.6820583042932955 and parameters: {'rho_high_scale': 0.7067915951046084, 'f_n': 6.173547012531144e-07, 'K_d': 437974.7041330453, 'fission_rate': 7.897977168433403e+19, 'Dg_D1_scale': 2.296043598543325, 'Dg_D3_scale': 0.940263701538366, 'Dv_D1_scale': 0.39130309980789374, 'Dv_D2_scale': 3.07440064339511, 'b_bulk_scale': 1.8608757430629888, 'b_dislocation_scale': 0.25167553935208753, 'gb_scale': 3.386725417393553, 'gd_bubble_scale': 5.457777393984351, 'gd_line_scale': 0.38010005941389424, 'gd_line_alpha': 0.1962910554226059, 'coalescence_d_scale': 0.25429196296087014, 'capture_scale': 0.025688421439247187}. Best is trial 251 with value: 2.608302617221273.Best trial: 251. Best value: 2.6083:  50%|█████     | 252/500 [28:21<22:58,  5.56s/it]Best trial: 251. Best value: 2.6083:  50%|█████     | 252/500 [28:21<22:58,  5.56s/it]Best trial: 251. Best value: 2.6083:  51%|█████     | 253/500 [28:21<23:39,  5.75s/it]                                                                                      Best trial: 251. Best value: 2.6083:  51%|█████     | 253/500 [28:27<23:39,  5.75s/it]Best trial: 251. Best value: 2.6083:  51%|█████     | 253/500 [28:28<23:39,  5.75s/it]Best trial: 251. Best value: 2.6083:  51%|█████     | 254/500 [28:28<24:02,  5.86s/it]                                                                                      Best trial: 251. Best value: 2.6083:  51%|█████     | 254/500 [28:34<24:02,  5.86s/it]Best trial: 251. Best value: 2.6083:  51%|█████     | 254/500 [28:34<24:02,  5.86s/it]Best trial: 251. Best value: 2.6083:  51%|█████     | 255/500 [28:34<24:28,  5.99s/it]                                                                                      Best trial: 251. Best value: 2.6083:  51%|█████     | 255/500 [28:40<24:28,  5.99s/it]Best trial: 255. Best value: 2.60472:  51%|█████     | 255/500 [28:40<24:28,  5.99s/it]Best trial: 255. Best value: 2.60472:  51%|█████     | 256/500 [28:40<24:45,  6.09s/it]                                                                                       Best trial: 255. Best value: 2.60472:  51%|█████     | 256/500 [28:44<24:45,  6.09s/it]Best trial: 255. Best value: 2.60472:  51%|█████     | 256/500 [28:44<24:45,  6.09s/it]Best trial: 255. Best value: 2.60472:  51%|█████▏    | 257/500 [28:44<22:28,  5.55s/it]                                                                                       Best trial: 255. Best value: 2.60472:  51%|█████▏    | 257/500 [28:51<22:28,  5.55s/it]Best trial: 257. Best value: 2.60263:  51%|█████▏    | 257/500 [28:51<22:28,  5.55s/it]Best trial: 257. Best value: 2.60263:  52%|█████▏    | 258/500 [28:51<23:20,  5.79s/it]                                                                                       Best trial: 257. Best value: 2.60263:  52%|█████▏    | 258/500 [28:57<23:20,  5.79s/it]Best trial: 257. Best value: 2.60263:  52%|█████▏    | 258/500 [28:57<23:20,  5.79s/it]Best trial: 257. Best value: 2.60263:  52%|█████▏    | 259/500 [28:57<23:38,  5.89s/it]                                                                                       Best trial: 257. Best value: 2.60263:  52%|█████▏    | 259/500 [29:03<23:38,  5.89s/it]Best trial: 257. Best value: 2.60263:  52%|█████▏    | 259/500 [29:03<23:38,  5.89s/it]Best trial: 257. Best value: 2.60263:  52%|█████▏    | 260/500 [29:03<23:47,  5.95s/it]                                                                                       Best trial: 257. Best value: 2.60263:  52%|█████▏    | 260/500 [29:09<23:47,  5.95s/it]Best trial: 257. Best value: 2.60263:  52%|█████▏    | 260/500 [29:09<23:47,  5.95s/it]Best trial: 257. Best value: 2.60263:  52%|█████▏    | 261/500 [29:09<24:02,  6.03s/it]                                                                                       Best trial: 257. Best value: 2.60263:  52%|█████▏    | 261/500 [29:15<24:02,  6.03s/it]Best trial: 257. Best value: 2.60263:  52%|█████▏    | 261/500 [29:16<24:02,  6.03s/it]Best trial: 257. Best value: 2.60263:  52%|█████▏    | 262/500 [29:16<24:13,  6.11s/it]                                                                                       Best trial: 257. Best value: 2.60263:  52%|█████▏    | 262/500 [29:20<24:13,  6.11s/it]Best trial: 257. Best value: 2.60263:  52%|█████▏    | 262/500 [29:20<24:13,  6.11s/it]Best trial: 257. Best value: 2.60263:  53%|█████▎    | 263/500 [29:20<22:00,  5.57s/it]                                                                                       Best trial: 257. Best value: 2.60263:  53%|█████▎    | 263/500 [29:27<22:00,  5.57s/it]Best trial: 257. Best value: 2.60263:  53%|█████▎    | 263/500 [29:27<22:00,  5.57s/it]Best trial: 257. Best value: 2.60263:  53%|█████▎    | 264/500 [29:27<23:24,  5.95s/it]                                                                                       
[I 2026-05-03 18:15:13,581] Trial 253 finished with value: 2.7549633502109656 and parameters: {'rho_high_scale': 0.7047612255739133, 'f_n': 5.843228437899366e-07, 'K_d': 439104.56471884064, 'fission_rate': 7.93967935862494e+19, 'Dg_D1_scale': 2.309741191027356, 'Dg_D3_scale': 0.935107163785092, 'Dv_D1_scale': 0.3661545886513592, 'Dv_D2_scale': 3.1097269045265823, 'b_bulk_scale': 1.842432640968761, 'b_dislocation_scale': 0.24680076292099834, 'gb_scale': 3.371345222096869, 'gd_bubble_scale': 5.648545817042118, 'gd_line_scale': 0.42296115852081345, 'gd_line_alpha': 0.18220416959902702, 'coalescence_d_scale': 0.258803526298727, 'capture_scale': 0.025402519415957815}. Best is trial 251 with value: 2.608302617221273.
[I 2026-05-03 18:15:19,841] Trial 254 finished with value: 2.612613633406756 and parameters: {'rho_high_scale': 0.7008212143706607, 'f_n': 6.467842867156487e-07, 'K_d': 422048.7148095796, 'fission_rate': 7.814645713438792e+19, 'Dg_D1_scale': 1.9264637746103987, 'Dg_D3_scale': 0.8300208021194452, 'Dv_D1_scale': 0.40078583905116427, 'Dv_D2_scale': 3.2724413948169793, 'b_bulk_scale': 1.4603100947639172, 'b_dislocation_scale': 0.2617227798895358, 'gb_scale': 3.450638044479097, 'gd_bubble_scale': 5.331133025769659, 'gd_line_scale': 0.38397751046979844, 'gd_line_alpha': 0.1650160815384586, 'coalescence_d_scale': 0.26026002729484166, 'capture_scale': 0.02198930395972147}. Best is trial 251 with value: 2.608302617221273.
[I 2026-05-03 18:15:26,187] Trial 255 finished with value: 2.6047234388506006 and parameters: {'rho_high_scale': 0.7010898985892533, 'f_n': 6.366435697761291e-07, 'K_d': 423622.29829037894, 'fission_rate': 7.845539676716332e+19, 'Dg_D1_scale': 1.9160584223086723, 'Dg_D3_scale': 0.8198392224069767, 'Dv_D1_scale': 0.3913160654450046, 'Dv_D2_scale': 2.8824529978198283, 'b_bulk_scale': 1.4487265881595088, 'b_dislocation_scale': 0.23832400321332003, 'gb_scale': 3.25750496415087, 'gd_bubble_scale': 5.300440190882819, 'gd_line_scale': 0.39417059707933355, 'gd_line_alpha': 0.2108898025780722, 'coalescence_d_scale': 0.2526776172683395, 'capture_scale': 0.021339382436212646}. Best is trial 255 with value: 2.6047234388506006.
[I 2026-05-03 18:15:30,492] Trial 256 finished with value: 2.6063744011012298 and parameters: {'rho_high_scale': 0.7017278623596374, 'f_n': 6.246731929382565e-07, 'K_d': 422585.8053939332, 'fission_rate': 7.874212464271204e+19, 'Dg_D1_scale': 1.9259232149391585, 'Dg_D3_scale': 0.8320070013073578, 'Dv_D1_scale': 0.4055481586782873, 'Dv_D2_scale': 3.0308632074371187, 'b_bulk_scale': 1.4954996980954323, 'b_dislocation_scale': 0.23584722870046995, 'gb_scale': 3.4144309429230146, 'gd_bubble_scale': 5.192332682472513, 'gd_line_scale': 0.3827935366133336, 'gd_line_alpha': 0.17023678261483172, 'coalescence_d_scale': 0.2596824523998724, 'capture_scale': 0.02151765040848541}. Best is trial 255 with value: 2.6047234388506006.
[I 2026-05-03 18:15:36,820] Trial 257 finished with value: 2.602627951144895 and parameters: {'rho_high_scale': 0.7007303002468146, 'f_n': 5.86053152819296e-07, 'K_d': 428910.8900689915, 'fission_rate': 7.885070451912622e+19, 'Dg_D1_scale': 1.901866204528208, 'Dg_D3_scale': 0.8482178148812971, 'Dv_D1_scale': 0.4044244476376693, 'Dv_D2_scale': 2.988632196174974, 'b_bulk_scale': 1.4574842603462332, 'b_dislocation_scale': 0.24157512699947023, 'gb_scale': 3.3253738633164973, 'gd_bubble_scale': 5.384546149396274, 'gd_line_scale': 0.38579316163194627, 'gd_line_alpha': 0.16805226116438574, 'coalescence_d_scale': 0.28266054076987596, 'capture_scale': 0.021390160105423106}. Best is trial 257 with value: 2.602627951144895.
