[I 2026-05-03 17:46:45,469] A new study created in RDB with name: UN_M7_capture_only
########################################################################################################################
V10c rhoFT2 + partition settings
family                         = capture_only
rhoFT2 enabled                 = True
rho_low_scale range             = 1 -- 1
rho_high_scale range            = 0.7 -- 6
rho high-T linear ramp          = 1300 K -> 1600 K
K_d range                       = 300000 -- 800000
sample old rho_d reference      = False
Blank factors: 1025=1, 1300=1.23
direct exp weights              = sw 1.15, Rd 0.9, Nd 0.85, Nd-drop 0.85
partition/qgb/bulk weights      = 0.75 / 0.85 / 0.15
pressure/highT pressure         = 0.25 / 0.25, free factor 3.0
Fig6 dislocation burnup weight  = 0.05
output dir                      = UN_M7_optuna_v10c_rhoFT2_partition_results/capture_only
########################################################################################################################
########################################################################################################################
OPTUNA CALIBRATION: capture_only
########################################################################################################################
Output dir        = UN_M7_optuna_v10c_rhoFT2_partition_results/capture_only
Trials requested  = 500
FAST dt/modes     = 12 h / 22
FINAL dt/modes    = 1 h / 40
Pressure weight   = 0.25; free factor = 3
D2 Xe             = included, with D2_xe_scale
Coalescence       = active, scale never zero
Family switches   = phi_gas:False, nuc_mass:False, capture:True
########################################################################################################################
  0%|          | 0/500 [00:00<?, ?it/s]                                         0%|          | 0/500 [00:05<?, ?it/s]Best trial: 0. Best value: 6.87857:   0%|          | 0/500 [00:05<?, ?it/s]Best trial: 0. Best value: 6.87857:   0%|          | 1/500 [00:05<42:10,  5.07s/it]                                                                                   Best trial: 0. Best value: 6.87857:   0%|          | 1/500 [00:11<42:10,  5.07s/it]Best trial: 1. Best value: 4.81431:   0%|          | 1/500 [00:11<42:10,  5.07s/it]Best trial: 1. Best value: 4.81431:   0%|          | 2/500 [00:11<50:23,  6.07s/it]                                                                                   Best trial: 1. Best value: 4.81431:   0%|          | 2/500 [00:16<50:23,  6.07s/it]Best trial: 1. Best value: 4.81431:   0%|          | 2/500 [00:16<50:23,  6.07s/it]Best trial: 1. Best value: 4.81431:   1%|          | 3/500 [00:16<43:27,  5.25s/it]                                                                                   Best trial: 1. Best value: 4.81431:   1%|          | 3/500 [00:25<43:27,  5.25s/it]Best trial: 1. Best value: 4.81431:   1%|          | 3/500 [00:23<43:27,  5.25s/it]Best trial: 1. Best value: 4.81431:   1%|          | 4/500 [00:23<51:50,  6.27s/it]                                                                                   Best trial: 1. Best value: 4.81431:   1%|          | 4/500 [00:30<51:50,  6.27s/it]Best trial: 1. Best value: 4.81431:   1%|          | 4/500 [00:30<51:50,  6.27s/it]Best trial: 1. Best value: 4.81431:   1%|          | 5/500 [00:30<52:06,  6.32s/it]                                                                                   Best trial: 1. Best value: 4.81431:   1%|          | 5/500 [00:37<52:06,  6.32s/it]Best trial: 1. Best value: 4.81431:   1%|          | 5/500 [00:37<52:06,  6.32s/it]Best trial: 1. Best value: 4.81431:   1%|          | 6/500 [00:37<53:51,  6.54s/it]                                                                                   Best trial: 1. Best value: 4.81431:   1%|          | 6/500 [00:40<53:51,  6.54s/it]Best trial: 1. Best value: 4.81431:   1%|          | 6/500 [00:40<53:51,  6.54s/it]Best trial: 1. Best value: 4.81431:   1%|▏         | 7/500 [00:40<45:35,  5.55s/it]/home/destro/sciantix-official/UN_M7_optuna_calibration_v10c_rhoFT2_partition.py:147: UserWarning: Fixed parameter K_d with value 1033314.0 is out of range for distribution FloatDistribution(high=800000.0, log=True, low=300000.0, step=None).
  "K_d": trial.suggest_float("K_d", K_D_MIN, K_D_MAX, log=True),
                                                                                   Best trial: 1. Best value: 4.81431:   1%|▏         | 7/500 [00:47<45:35,  5.55s/it]Best trial: 1. Best value: 4.81431:   1%|▏         | 7/500 [00:47<45:35,  5.55s/it]Best trial: 1. Best value: 4.81431:   2%|▏         | 8/500 [00:47<49:29,  6.03s/it]/home/destro/sciantix-official/UN_M7_optuna_calibration_v10c_rhoFT2_partition.py:147: UserWarning: Fixed parameter K_d with value 1198283.0 is out of range for distribution FloatDistribution(high=800000.0, log=True, low=300000.0, step=None).
  "K_d": trial.suggest_float("K_d", K_D_MIN, K_D_MAX, log=True),
                                                                                   Best trial: 1. Best value: 4.81431:   2%|▏         | 8/500 [00:55<49:29,  6.03s/it]Best trial: 1. Best value: 4.81431:   2%|▏         | 8/500 [00:55<49:29,  6.03s/it]Best trial: 1. Best value: 4.81431:   2%|▏         | 9/500 [00:55<52:24,  6.40s/it]/home/destro/sciantix-official/UN_M7_optuna_calibration_v10c_rhoFT2_partition.py:147: UserWarning: Fixed parameter K_d with value 1166892.0 is out of range for distribution FloatDistribution(high=800000.0, log=True, low=300000.0, step=None).
  "K_d": trial.suggest_float("K_d", K_D_MIN, K_D_MAX, log=True),
                                                                                   Best trial: 1. Best value: 4.81431:   2%|▏         | 9/500 [01:00<52:24,  6.40s/it]Best trial: 1. Best value: 4.81431:   2%|▏         | 9/500 [01:00<52:24,  6.40s/it]Best trial: 1. Best value: 4.81431:   2%|▏         | 10/500 [01:00<49:27,  6.06s/it]                                                                                    Best trial: 1. Best value: 4.81431:   2%|▏         | 10/500 [01:08<49:27,  6.06s/it]Best trial: 1. Best value: 4.81431:   2%|▏         | 10/500 [01:08<49:27,  6.06s/it]Best trial: 1. Best value: 4.81431:   2%|▏         | 11/500 [01:08<54:13,  6.65s/it]                                                                                    Best trial: 1. Best value: 4.81431:   2%|▏         | 11/500 [01:13<54:13,  6.65s/it]Best trial: 1. Best value: 4.81431:   2%|▏         | 11/500 [01:13<54:13,  6.65s/it]Best trial: 1. Best value: 4.81431:   2%|▏         | 12/500 [01:13<51:02,  6.27s/it]                                                                                    [I 2026-05-03 17:46:50,652] Trial 0 finished with value: 6.878565022039843 and parameters: {'rho_high_scale': 4.440081193360815, 'f_n': 4.7e-08, 'K_d': 575000.0, 'fission_rate': 4.76e+19, 'Dg_D1_scale': 0.18932355950394347, 'Dg_D3_scale': 0.7173760601640357, 'Dv_D1_scale': 3.5105247587456034, 'Dv_D2_scale': 0.21726110068192428, 'b_bulk_scale': 0.07227195507807124, 'b_dislocation_scale': 0.360391608116923, 'gb_scale': 1.588, 'gd_bubble_scale': 0.08835991857100524, 'gd_line_scale': 0.05992491782157611, 'gd_line_alpha': 0.12274333208768973, 'coalescence_d_scale': 8.15, 'capture_scale': 2.97}. Best is trial 0 with value: 6.878565022039843.
[I 2026-05-03 17:46:57,422] Trial 1 finished with value: 4.814306475748477 and parameters: {'rho_high_scale': 2.0679371159642375, 'f_n': 1e-08, 'K_d': 800000.0, 'fission_rate': 7.5e+19, 'Dg_D1_scale': 0.4171502768930205, 'Dg_D3_scale': 3.127852257097877, 'Dv_D1_scale': 0.39634968415932287, 'Dv_D2_scale': 0.22125143514248474, 'b_bulk_scale': 2.8887099890342194, 'b_dislocation_scale': 0.15253504240820068, 'gb_scale': 1.0, 'gd_bubble_scale': 0.10048400264166946, 'gd_line_scale': 0.25486681438579356, 'gd_line_alpha': 0.0475008397180402, 'coalescence_d_scale': 1.0, 'capture_scale': 0.3}. Best is trial 1 with value: 4.814306475748477.
[I 2026-05-03 17:47:01,700] Trial 2 finished with value: 5.035250302543682 and parameters: {'rho_high_scale': 1.4190300361492676, 'f_n': 1e-06, 'K_d': 500000.0, 'fission_rate': 5e+19, 'Dg_D1_scale': 1.7913225618607715, 'Dg_D3_scale': 0.25196102281578775, 'Dv_D1_scale': 0.5005236495432694, 'Dv_D2_scale': 0.6096178341559968, 'b_bulk_scale': 0.06050658927703651, 'b_dislocation_scale': 1.4667383741511193, 'gb_scale': 1.0, 'gd_bubble_scale': 0.8152160523385756, 'gd_line_scale': 0.5973925153759408, 'gd_line_alpha': 0.1944161610425188, 'coalescence_d_scale': 1.0, 'capture_scale': 1.0}. Best is trial 1 with value: 4.814306475748477.
[I 2026-05-03 17:47:11,403] Trial 3 finished with value: 5.169437393713421 and parameters: {'rho_high_scale': 4.7622855649313145, 'f_n': 1.3333e-08, 'K_d': 714300.0, 'fission_rate': 4.9558e+19, 'Dg_D1_scale': 0.4063616066059446, 'Dg_D3_scale': 2.079976408674518, 'Dv_D1_scale': 0.2211215007048314, 'Dv_D2_scale': 1.1726841041451486, 'b_bulk_scale': 0.04801874677861457, 'b_dislocation_scale': 0.464479750759424, 'gb_scale': 0.8994, 'gd_bubble_scale': 9.526340235661747, 'gd_line_scale': 0.11380289878133208, 'gd_line_alpha': 0.306366685581302, 'coalescence_d_scale': 10.99, 'capture_scale': 3.247}. Best is trial 1 with value: 4.814306475748477.
[I 2026-05-03 17:47:15,937] Trial 4 finished with value: 5.354546262608743 and parameters: {'rho_high_scale': 3.6437522830349782, 'f_n': 2.5466e-07, 'K_d': 648460.0, 'fission_rate': 7.4799e+19, 'Dg_D1_scale': 3.9552757571900465, 'Dg_D3_scale': 0.6224383351696275, 'Dv_D1_scale': 0.46964765876252673, 'Dv_D2_scale': 3.1241126271823045, 'b_bulk_scale': 0.24195240702885737, 'b_dislocation_scale': 0.1449433517924658, 'gb_scale': 0.4625, 'gd_bubble_scale': 4.032187564119201, 'gd_line_scale': 0.06777115643160034, 'gd_line_alpha': 0.47985043243834413, 'coalescence_d_scale': 6.997, 'capture_scale': 0.1401}. Best is trial 1 with value: 4.814306475748477.
[I 2026-05-03 17:47:22,898] Trial 5 finished with value: 7.45533183147172 and parameters: {'rho_high_scale': 0.8074659670533113, 'f_n': 1.9043e-07, 'K_d': 633680.0, 'fission_rate': 6.8347e+19, 'Dg_D1_scale': 1.799912573647047, 'Dg_D3_scale': 0.22614938368286372, 'Dv_D1_scale': 1.4115185836525463, 'Dv_D2_scale': 0.3604274040010363, 'b_bulk_scale': 2.8381255852704075, 'b_dislocation_scale': 0.1587792109993589, 'gb_scale': 0.3881, 'gd_bubble_scale': 0.9747395866436203, 'gd_line_scale': 0.27188644223654373, 'gd_line_alpha': 0.17870440849724867, 'coalescence_d_scale': 7.005, 'capture_scale': 0.0608}. Best is trial 1 with value: 4.814306475748477.
[I 2026-05-03 17:47:26,405] Trial 6 finished with value: 5.885679507380528 and parameters: {'rho_high_scale': 1.717101404197069, 'f_n': 1.3237e-08, 'K_d': 558920.0, 'fission_rate': 7.6621e+19, 'Dg_D1_scale': 0.5476973234257364, 'Dg_D3_scale': 3.375565111572676, 'Dv_D1_scale': 0.3585943614335075, 'Dv_D2_scale': 3.5749036478244776, 'b_bulk_scale': 0.3262497679415163, 'b_dislocation_scale': 2.6065547148699384, 'gb_scale': 0.4151, 'gd_bubble_scale': 0.05989758866401671, 'gd_line_scale': 0.07676499302062369, 'gd_line_alpha': 0.6717743473640343, 'coalescence_d_scale': 9.772, 'capture_scale': 0.1557}. Best is trial 1 with value: 4.814306475748477.
[I 2026-05-03 17:47:33,497] Trial 7 finished with value: 5.131516026670054 and parameters: {'rho_high_scale': 2.9339372332009064, 'f_n': 2.940436e-07, 'K_d': 1033314.0, 'fission_rate': 6.730293e+19, 'Dg_D1_scale': 2.2767934473693887, 'Dg_D3_scale': 0.2846723982851861, 'Dv_D1_scale': 0.39504149866515387, 'Dv_D2_scale': 0.3178121494149768, 'b_bulk_scale': 1.2612899582189852, 'b_dislocation_scale': 0.29580796469764253, 'gb_scale': 1.445601, 'gd_bubble_scale': 4.001101523690409, 'gd_line_scale': 0.5279456529509094, 'gd_line_alpha': 0.9975935561736287, 'coalescence_d_scale': 3.880728, 'capture_scale': 0.024136}. Best is trial 1 with value: 4.814306475748477.
[I 2026-05-03 17:47:40,685] Trial 8 finished with value: 6.92280438273324 and parameters: {'rho_high_scale': 2.8911917036602555, 'f_n': 5.96478e-07, 'K_d': 1198283.0, 'fission_rate': 6.685431e+19, 'Dg_D1_scale': 3.3805679148149403, 'Dg_D3_scale': 0.2587896261122872, 'Dv_D1_scale': 1.9516400563389351, 'Dv_D2_scale': 0.37200950502961594, 'b_bulk_scale': 0.5031864878741448, 'b_dislocation_scale': 0.636549118347942, 'gb_scale': 1.009685, 'gd_bubble_scale': 0.6522971091595401, 'gd_line_scale': 2.8123937528506966, 'gd_line_alpha': 0.8603465641597158, 'coalescence_d_scale': 2.916475, 'capture_scale': 0.027787}. Best is trial 1 with value: 4.814306475748477.
[I 2026-05-03 17:47:45,991] Trial 9 finished with value: 7.02975712828221 and parameters: {'rho_high_scale': 5.7977978464712, 'f_n': 7.392651e-07, 'K_d': 1166892.0, 'fission_rate': 6.574543e+19, 'Dg_D1_scale': 0.38180769196182546, 'Dg_D3_scale': 0.35549777996108994, 'Dv_D1_scale': 1.5587741020378407, 'Dv_D2_scale': 2.198348392628393, 'b_bulk_scale': 1.4020290053568423, 'b_dislocation_scale': 0.7430563199112246, 'gb_scale': 1.30495, 'gd_bubble_scale': 1.813173083780486, 'gd_line_scale': 3.6214986662161244, 'gd_line_alpha': 0.39084081895420086, 'coalescence_d_scale': 2.726375, 'capture_scale': 0.023283}. Best is trial 1 with value: 4.814306475748477.
[I 2026-05-03 17:47:53,992] Trial 10 finished with value: 5.868088592935418 and parameters: {'rho_high_scale': 1.0, 'f_n': 2.794019236733162e-10, 'K_d': 500000.0, 'fission_rate': 5.822139975109302e+19, 'Dg_D1_scale': 0.18962798491783264, 'Dg_D3_scale': 1.5032498065523014, 'Dv_D1_scale': 0.8103712592324602, 'Dv_D2_scale': 0.9662246871931156, 'b_bulk_scale': 1.8289285257366517, 'b_dislocation_scale': 0.03298416628253543, 'gb_scale': 0.09890315381189244, 'gd_bubble_scale': 0.1836073787871417, 'gd_line_scale': 1.585453226686171, 'gd_line_alpha': 0.0309909503088492, 'coalescence_d_scale': 0.20574556830991164, 'capture_scale': 0.6369723153703395}. Best is trial 1 with value: 4.814306475748477.
[I 2026-05-03 17:47:59,405] Trial 11 finished with value: 5.601361682349155 and parameters: {'rho_high_scale': 2.0, 'f_n': 8.412230211581059e-10, 'K_d': 500000.0, 'fission_rate': 5.651219000802019e+19, 'Dg_D1_scale': 1.0888022664233163, 'Dg_D3_scale': 0.1604124087890343, 'Dv_D1_scale': 0.6808418245048252, 'Dv_D2_scale': 0.5469769368150043, 'b_bulk_scale': 0.12693966486622466, 'b_dislocation_scale': 3.7618537781512122, 'gb_scale': 6.902695598848868, 'gd_bubble_scale': 0.2918487629770538, 'gd_line_scale': 0.31619109678191587, 'gd_line_alpha': 0.221183020076531, 'coalescence_d_scale': 0.574975622616383, 'capture_scale': 0.7184693072819821}. Best is trial 1 with value: 4.814306475748477.
[I 2026-05-03 17:48:04,315] Trial 12 finished with value: 5.386849926652879 and parameters: {'rho_high_scale': 4.0, 'f_n': 2.9549734361239775e-06, 'K_d': 500000.0, 'fission_rate': 4.370071861898938e+19, 'Dg_D1_scale': 0.8967380147892371, 'Dg_D3_scale': 1.2365193853427567, 'Dv_D1_scale': 0.20366252164642681, 'Dv_D2_scale': 0.5792784244358326, 'b_bulk_scale': 0.031488109369510034, 'b_dislocation_scale': 1.2781521226086832, 'gb_scale': 3.4100613292182667, 'gd_bubble_scale': 0.3630186339863997, 'gd_line_scale': 0.9840448534714782, 'gd_line_alpha': 0.06178007515477618, 'coalescence_d_scale': 0.7873453294342134, 'capture_scale': 0.8656016415070101}. Best is trial 1 with value: 4.814306475748477.Best trial: 1. Best value: 4.81431:   2%|▏         | 12/500 [01:18<51:02,  6.27s/it]Best trial: 1. Best value: 4.81431:   2%|▏         | 12/500 [01:18<51:02,  6.27s/it]Best trial: 1. Best value: 4.81431:   3%|▎         | 13/500 [01:18<47:34,  5.86s/it]                                                                                    Best trial: 1. Best value: 4.81431:   3%|▎         | 13/500 [01:25<47:34,  5.86s/it]Best trial: 1. Best value: 4.81431:   3%|▎         | 13/500 [01:25<47:34,  5.86s/it]Best trial: 1. Best value: 4.81431:   3%|▎         | 14/500 [01:25<49:37,  6.13s/it]                                                                                    Best trial: 1. Best value: 4.81431:   3%|▎         | 14/500 [01:29<49:37,  6.13s/it]Best trial: 1. Best value: 4.81431:   3%|▎         | 14/500 [01:29<49:37,  6.13s/it]Best trial: 1. Best value: 4.81431:   3%|▎         | 15/500 [01:29<44:27,  5.50s/it]                                                                                    Best trial: 1. Best value: 4.81431:   3%|▎         | 15/500 [01:39<44:27,  5.50s/it]Best trial: 1. Best value: 4.81431:   3%|▎         | 15/500 [01:39<44:27,  5.50s/it]Best trial: 1. Best value: 4.81431:   3%|▎         | 16/500 [01:39<54:36,  6.77s/it]                                                                                    Best trial: 1. Best value: 4.81431:   3%|▎         | 16/500 [01:50<54:36,  6.77s/it]Best trial: 16. Best value: 3.73597:   3%|▎         | 16/500 [01:50<54:36,  6.77s/it]Best trial: 16. Best value: 3.73597:   3%|▎         | 17/500 [01:50<1:05:14,  8.10s/it]                                                                                       Best trial: 16. Best value: 3.73597:   3%|▎         | 17/500 [01:55<1:05:14,  8.10s/it]Best trial: 17. Best value: 3.56797:   3%|▎         | 17/500 [01:55<1:05:14,  8.10s/it]Best trial: 17. Best value: 3.56797:   4%|▎         | 18/500 [01:55<57:19,  7.14s/it]                                                                                       Best trial: 17. Best value: 3.56797:   4%|▎         | 18/500 [02:02<57:19,  7.14s/it]Best trial: 18. Best value: 3.52535:   4%|▎         | 18/500 [02:02<57:19,  7.14s/it]Best trial: 18. Best value: 3.52535:   4%|▍         | 19/500 [02:02<58:29,  7.30s/it]                                                                                     Best trial: 18. Best value: 3.52535:   4%|▍         | 19/500 [02:10<58:29,  7.30s/it]Best trial: 18. Best value: 3.52535:   4%|▍         | 19/500 [02:10<58:29,  7.30s/it]Best trial: 18. Best value: 3.52535:   4%|▍         | 20/500 [02:10<59:50,  7.48s/it]                                                                                     Best trial: 18. Best value: 3.52535:   4%|▍         | 20/500 [02:17<59:50,  7.48s/it]Best trial: 18. Best value: 3.52535:   4%|▍         | 20/500 [02:17<59:50,  7.48s/it]Best trial: 18. Best value: 3.52535:   4%|▍         | 21/500 [02:17<58:19,  7.30s/it]                                                                                     Best trial: 18. Best value: 3.52535:   4%|▍         | 21/500 [02:25<58:19,  7.30s/it]Best trial: 18. Best value: 3.52535:   4%|▍         | 21/500 [02:25<58:19,  7.30s/it]Best trial: 18. Best value: 3.52535:   4%|▍         | 22/500 [02:25<1:00:03,  7.54s/it]                                                                                       Best trial: 18. Best value: 3.52535:   4%|▍         | 22/500 [02:35<1:00:03,  7.54s/it]Best trial: 18. Best value: 3.52535:   4%|▍         | 22/500 [02:35<1:00:03,  7.54s/it]Best trial: 18. Best value: 3.52535:   5%|▍         | 23/500 [02:35<1:04:25,  8.10s/it]                                                                                       Best trial: 18. Best value: 3.52535:   5%|▍         | 23/500 [02:43<1:04:25,  8.10s/it]Best trial: 18. Best value: 3.52535:   5%|▍         | 23/500 [02:43<1:04:25,  8.10s/it]Best trial: 18. Best value: 3.52535:   5%|▍         | 24/500 [02:43<1:05:38,  8.27s/it]                                                                                       
[I 2026-05-03 17:48:11,052] Trial 13 finished with value: 5.589520812283918 and parameters: {'rho_high_scale': 1.4445239394783036, 'f_n': 5.108505498929105e-09, 'K_d': 334617.88862655096, 'fission_rate': 5.488763702701371e+19, 'Dg_D1_scale': 1.4229460784402033, 'Dg_D3_scale': 3.9691689413317777, 'Dv_D1_scale': 0.5777896382429524, 'Dv_D2_scale': 0.21262771985189854, 'b_bulk_scale': 0.6833920069682461, 'b_dislocation_scale': 0.05826273156743155, 'gb_scale': 0.17858190122654483, 'gd_bubble_scale': 0.1358501227220265, 'gd_line_scale': 9.12436939919924, 'gd_line_alpha': 0.006830612128894367, 'coalescence_d_scale': 0.990789189341984, 'capture_scale': 0.2886792368977477}. Best is trial 1 with value: 4.814306475748477.
[I 2026-05-03 17:48:15,099] Trial 14 finished with value: 5.1317892581530735 and parameters: {'rho_high_scale': 1.244837475479938, 'f_n': 1.5570852300439993e-09, 'K_d': 362251.54598913906, 'fission_rate': 7.900630692566663e+19, 'Dg_D1_scale': 0.630208915827554, 'Dg_D3_scale': 0.38924516493487815, 'Dv_D1_scale': 0.303474404253572, 'Dv_D2_scale': 1.6374354493358338, 'b_bulk_scale': 0.18824720320354485, 'b_dislocation_scale': 1.5036986499297575, 'gb_scale': 3.1911273385294634, 'gd_bubble_scale': 0.714449544325666, 'gd_line_scale': 0.18576921985288514, 'gd_line_alpha': 0.5917042863753783, 'coalescence_d_scale': 0.3167480569258464, 'capture_scale': 1.3683489574602035}. Best is trial 1 with value: 4.814306475748477.
[I 2026-05-03 17:48:24,793] Trial 15 finished with value: 6.027974041141723 and parameters: {'rho_high_scale': 2.3545074344580743, 'f_n': 6.075498347543031e-08, 'K_d': 411368.91505091067, 'fission_rate': 4.9128634615753744e+19, 'Dg_D1_scale': 0.3367671848776402, 'Dg_D3_scale': 0.569120049400439, 'Dv_D1_scale': 1.0214257982122135, 'Dv_D2_scale': 0.6660622389658936, 'b_bulk_scale': 0.10236182482265109, 'b_dislocation_scale': 0.15509261122125564, 'gb_scale': 0.1601809845658705, 'gd_bubble_scale': 1.4786830217628393, 'gd_line_scale': 0.6806390806226298, 'gd_line_alpha': 0.2980932641501667, 'coalescence_d_scale': 0.10766054274804461, 'capture_scale': 7.2595704648617305}. Best is trial 1 with value: 4.814306475748477.
