[I 2026-05-03 18:10:17,648] Trial 204 finished with value: 2.75517225555221 and parameters: {'rho_high_scale': 0.7484910177392456, 'f_n': 2.915235726367955e-07, 'K_d': 519836.63162986713, 'fission_rate': 7.3436849201590125e+19, 'Dg_D1_scale': 2.061360593666021, 'Dg_D3_scale': 0.789194973036974, 'Dv_D1_scale': 0.6249963691865744, 'Dv_D2_scale': 3.622509240554536, 'b_bulk_scale': 2.4766306169592593, 'b_dislocation_scale': 0.3035585117163698, 'gb_scale': 4.195811431005843, 'gd_bubble_scale': 3.7835363438712952, 'gd_line_scale': 0.4517906366714887, 'gd_line_alpha': 0.3077398517332102, 'coalescence_d_scale': 0.48557425359485595, 'capture_scale': 0.023074570937142738}. Best is trial 201 with value: 2.6731141507226717.Best trial: 201. Best value: 2.67311:  41%|████      | 204/500 [23:32<30:35,  6.20s/it]Best trial: 201. Best value: 2.67311:  41%|████      | 204/500 [23:32<30:35,  6.20s/it]Best trial: 201. Best value: 2.67311:  41%|████      | 205/500 [23:32<31:03,  6.32s/it]                                                                                       Best trial: 201. Best value: 2.67311:  41%|████      | 205/500 [23:38<31:03,  6.32s/it]Best trial: 201. Best value: 2.67311:  41%|████      | 205/500 [23:38<31:03,  6.32s/it]Best trial: 201. Best value: 2.67311:  41%|████      | 206/500 [23:38<31:13,  6.37s/it]                                                                                       Best trial: 201. Best value: 2.67311:  41%|████      | 206/500 [23:43<31:13,  6.37s/it]Best trial: 201. Best value: 2.67311:  41%|████      | 206/500 [23:43<31:13,  6.37s/it]Best trial: 201. Best value: 2.67311:  41%|████▏     | 207/500 [23:43<28:36,  5.86s/it]                                                                                       Best trial: 201. Best value: 2.67311:  41%|████▏     | 207/500 [23:49<28:36,  5.86s/it]Best trial: 201. Best value: 2.67311:  41%|████▏     | 207/500 [23:49<28:36,  5.86s/it]Best trial: 201. Best value: 2.67311:  42%|████▏     | 208/500 [23:49<29:26,  6.05s/it]                                                                                       Best trial: 201. Best value: 2.67311:  42%|████▏     | 208/500 [23:56<29:26,  6.05s/it]Best trial: 201. Best value: 2.67311:  42%|████▏     | 208/500 [23:56<29:26,  6.05s/it]Best trial: 201. Best value: 2.67311:  42%|████▏     | 209/500 [23:56<29:53,  6.16s/it]                                                                                       Best trial: 201. Best value: 2.67311:  42%|████▏     | 209/500 [24:02<29:53,  6.16s/it]Best trial: 201. Best value: 2.67311:  42%|████▏     | 209/500 [24:02<29:53,  6.16s/it]Best trial: 201. Best value: 2.67311:  42%|████▏     | 210/500 [24:02<30:05,  6.23s/it]                                                                                       Best trial: 201. Best value: 2.67311:  42%|████▏     | 210/500 [24:08<30:05,  6.23s/it]Best trial: 201. Best value: 2.67311:  42%|████▏     | 210/500 [24:08<30:05,  6.23s/it]Best trial: 201. Best value: 2.67311:  42%|████▏     | 211/500 [24:08<30:14,  6.28s/it]                                                                                       Best trial: 201. Best value: 2.67311:  42%|████▏     | 211/500 [24:13<30:14,  6.28s/it]Best trial: 201. Best value: 2.67311:  42%|████▏     | 211/500 [24:13<30:14,  6.28s/it]Best trial: 201. Best value: 2.67311:  42%|████▏     | 212/500 [24:13<27:39,  5.76s/it]                                                                                       Best trial: 201. Best value: 2.67311:  42%|████▏     | 212/500 [24:19<27:39,  5.76s/it]Best trial: 201. Best value: 2.67311:  42%|████▏     | 212/500 [24:19<27:39,  5.76s/it]Best trial: 201. Best value: 2.67311:  43%|████▎     | 213/500 [24:19<28:29,  5.96s/it]                                                                                       Best trial: 201. Best value: 2.67311:  43%|████▎     | 213/500 [24:26<28:29,  5.96s/it]Best trial: 201. Best value: 2.67311:  43%|████▎     | 213/500 [24:26<28:29,  5.96s/it]Best trial: 201. Best value: 2.67311:  43%|████▎     | 214/500 [24:26<29:20,  6.16s/it]                                                                                       Best trial: 201. Best value: 2.67311:  43%|████▎     | 214/500 [24:33<29:20,  6.16s/it]Best trial: 201. Best value: 2.67311:  43%|████▎     | 214/500 [24:33<29:20,  6.16s/it]Best trial: 201. Best value: 2.67311:  43%|████▎     | 215/500 [24:33<29:53,  6.29s/it]                                                                                       Best trial: 201. Best value: 2.67311:  43%|████▎     | 215/500 [24:39<29:53,  6.29s/it]Best trial: 201. Best value: 2.67311:  43%|████▎     | 215/500 [24:39<29:53,  6.29s/it]Best trial: 201. Best value: 2.67311:  43%|████▎     | 216/500 [24:39<30:25,  6.43s/it]                                                                                       
[I 2026-05-03 18:10:24,143] Trial 205 finished with value: 2.6774839526347884 and parameters: {'rho_high_scale': 0.7004161902512162, 'f_n': 3.2350492132293874e-07, 'K_d': 517172.08657218056, 'fission_rate': 7.337086435247362e+19, 'Dg_D1_scale': 2.0173255494339144, 'Dg_D3_scale': 0.7888129585813248, 'Dv_D1_scale': 0.5926377499969825, 'Dv_D2_scale': 3.574499468873172, 'b_bulk_scale': 2.4435744318640635, 'b_dislocation_scale': 0.31056013885817324, 'gb_scale': 4.111793246191979, 'gd_bubble_scale': 3.6513832383720715, 'gd_line_scale': 0.4460466205811559, 'gd_line_alpha': 0.3102100464514612, 'coalescence_d_scale': 0.4723663356256781, 'capture_scale': 0.024592483741075314}. Best is trial 201 with value: 2.6731141507226717.
[I 2026-05-03 18:10:28,797] Trial 206 finished with value: 2.8862975354103737 and parameters: {'rho_high_scale': 0.7013735765619944, 'f_n': 3.1237538740510303e-07, 'K_d': 524072.8181855881, 'fission_rate': 7.310706150395489e+19, 'Dg_D1_scale': 2.0372156607812735, 'Dg_D3_scale': 0.8042509157595857, 'Dv_D1_scale': 0.6042004716807172, 'Dv_D2_scale': 3.5903441511288405, 'b_bulk_scale': 2.4875399305804553, 'b_dislocation_scale': 0.39378852392039015, 'gb_scale': 4.162110350981187, 'gd_bubble_scale': 3.5934954931230685, 'gd_line_scale': 0.4458152471917335, 'gd_line_alpha': 0.31248378479102346, 'coalescence_d_scale': 0.4642705689643963, 'capture_scale': 0.023984120168325344}. Best is trial 201 with value: 2.6731141507226717.
[I 2026-05-03 18:10:35,296] Trial 207 finished with value: 2.79959108115423 and parameters: {'rho_high_scale': 0.7000077564897708, 'f_n': 3.4209645070692593e-07, 'K_d': 494327.2860197248, 'fission_rate': 7.514727823998194e+19, 'Dg_D1_scale': 2.052217491279929, 'Dg_D3_scale': 0.7552724679672164, 'Dv_D1_scale': 0.5172525169831382, 'Dv_D2_scale': 3.6278021596968206, 'b_bulk_scale': 3.2804689032438397, 'b_dislocation_scale': 0.3001248405773997, 'gb_scale': 4.069562683151642, 'gd_bubble_scale': 3.6682609439358265, 'gd_line_scale': 0.5068674888893637, 'gd_line_alpha': 0.29923844638612385, 'coalescence_d_scale': 0.5690513001999793, 'capture_scale': 0.01872870495331617}. Best is trial 201 with value: 2.6731141507226717.
[I 2026-05-03 18:10:41,730] Trial 208 finished with value: 2.8038215970675604 and parameters: {'rho_high_scale': 0.7426350496626142, 'f_n': 3.4665760650827536e-07, 'K_d': 507114.38729809376, 'fission_rate': 7.539608501975802e+19, 'Dg_D1_scale': 2.045581418151883, 'Dg_D3_scale': 0.7451919245005536, 'Dv_D1_scale': 0.5175258737051309, 'Dv_D2_scale': 3.5997185954161566, 'b_bulk_scale': 3.3509865854726675, 'b_dislocation_scale': 0.4686547502642797, 'gb_scale': 4.130239007145251, 'gd_bubble_scale': 3.6999833182657356, 'gd_line_scale': 0.6063372718948832, 'gd_line_alpha': 0.2981888462492677, 'coalescence_d_scale': 0.3789140013901414, 'capture_scale': 0.018143405495405298}. Best is trial 201 with value: 2.6731141507226717.
[I 2026-05-03 18:10:48,097] Trial 209 finished with value: 2.748388897237335 and parameters: {'rho_high_scale': 0.7531592083602034, 'f_n': 3.6211781798698935e-07, 'K_d': 491075.4318410774, 'fission_rate': 7.560210490841068e+19, 'Dg_D1_scale': 2.4458455992205055, 'Dg_D3_scale': 0.7371381155995927, 'Dv_D1_scale': 0.5126487818965322, 'Dv_D2_scale': 3.542782196668569, 'b_bulk_scale': 3.2470372649093155, 'b_dislocation_scale': 0.38001005060961995, 'gb_scale': 4.064361197310227, 'gd_bubble_scale': 3.7384931957672216, 'gd_line_scale': 0.5824503890057301, 'gd_line_alpha': 0.29376170912541816, 'coalescence_d_scale': 0.5842499292101677, 'capture_scale': 0.017912730593525977}. Best is trial 201 with value: 2.6731141507226717.
[I 2026-05-03 18:10:54,502] Trial 210 finished with value: 2.843930458942061 and parameters: {'rho_high_scale': 0.7536459949351607, 'f_n': 3.6532627387070665e-07, 'K_d': 501798.1363399204, 'fission_rate': 7.536535354712418e+19, 'Dg_D1_scale': 2.0323373762188814, 'Dg_D3_scale': 0.973820266637432, 'Dv_D1_scale': 0.5025799568436391, 'Dv_D2_scale': 3.5653970319882253, 'b_bulk_scale': 3.3800233652812484, 'b_dislocation_scale': 0.4832312396347551, 'gb_scale': 3.9755688232768067, 'gd_bubble_scale': 3.6720221898423637, 'gd_line_scale': 0.5645008449847151, 'gd_line_alpha': 0.29239742734510915, 'coalescence_d_scale': 0.5552447676908426, 'capture_scale': 0.01752836516967224}. Best is trial 201 with value: 2.6731141507226717.
[I 2026-05-03 18:10:59,007] Trial 211 finished with value: 2.717843785392376 and parameters: {'rho_high_scale': 0.7527132576655485, 'f_n': 2.985214515246037e-07, 'K_d': 492291.2827412192, 'fission_rate': 7.612210484187064e+19, 'Dg_D1_scale': 2.482958836424185, 'Dg_D3_scale': 0.7222562516277448, 'Dv_D1_scale': 0.5361746178295407, 'Dv_D2_scale': 3.5678201000138143, 'b_bulk_scale': 2.296236676536644, 'b_dislocation_scale': 0.30242209494922845, 'gb_scale': 5.540131878641918, 'gd_bubble_scale': 3.664665313199472, 'gd_line_scale': 0.4868456279312591, 'gd_line_alpha': 0.30844052849999415, 'coalescence_d_scale': 0.37623579635899523, 'capture_scale': 0.019099516702289925}. Best is trial 201 with value: 2.6731141507226717.
[I 2026-05-03 18:11:05,468] Trial 212 finished with value: 2.777609935219454 and parameters: {'rho_high_scale': 0.75216679269954, 'f_n': 3.124491474884035e-07, 'K_d': 488201.81621131755, 'fission_rate': 7.622497455011591e+19, 'Dg_D1_scale': 2.545238488276628, 'Dg_D3_scale': 0.745171292272979, 'Dv_D1_scale': 0.5384181543046206, 'Dv_D2_scale': 2.9463311532312573, 'b_bulk_scale': 2.2888248086685605, 'b_dislocation_scale': 0.3731592044953269, 'gb_scale': 5.506432076810475, 'gd_bubble_scale': 3.658107883215603, 'gd_line_scale': 0.6483314826742935, 'gd_line_alpha': 0.3107081309049177, 'coalescence_d_scale': 0.43997108531556456, 'capture_scale': 0.015367235509347548}. Best is trial 201 with value: 2.6731141507226717.
[I 2026-05-03 18:11:12,094] Trial 213 finished with value: 2.9993290893748434 and parameters: {'rho_high_scale': 0.7024283115935288, 'f_n': 2.974825819140595e-07, 'K_d': 482523.96120567335, 'fission_rate': 7.339685407651215e+19, 'Dg_D1_scale': 2.411142632174681, 'Dg_D3_scale': 0.8422250279560498, 'Dv_D1_scale': 0.5438186279119523, 'Dv_D2_scale': 3.0154616687209503, 'b_bulk_scale': 2.241043585893375, 'b_dislocation_scale': 0.3761477062087615, 'gb_scale': 5.452757431138758, 'gd_bubble_scale': 3.4021965818972757, 'gd_line_scale': 0.4986009893150722, 'gd_line_alpha': 0.3190121753949324, 'coalescence_d_scale': 0.6413301131680956, 'capture_scale': 0.015157458184760008}. Best is trial 201 with value: 2.6731141507226717.
[I 2026-05-03 18:11:18,700] Trial 214 finished with value: 2.7153018492307517 and parameters: {'rho_high_scale': 0.7615108278062831, 'f_n': 2.999837426707144e-07, 'K_d': 491366.04540940386, 'fission_rate': 7.643715748752415e+19, 'Dg_D1_scale': 2.55638038464039, 'Dg_D3_scale': 0.7818016354108356, 'Dv_D1_scale': 0.5832465931952857, 'Dv_D2_scale': 3.4560664576506226, 'b_bulk_scale': 2.661238916238493, 'b_dislocation_scale': 0.30450928534942695, 'gb_scale': 5.451863388695718, 'gd_bubble_scale': 3.657921384199738, 'gd_line_scale': 0.41568817286206045, 'gd_line_alpha': 0.2773239863614277, 'coalescence_d_scale': 0.43721588134956213, 'capture_scale': 0.020489571426111474}. Best is trial 201 with value: 2.6731141507226717.
[I 2026-05-03 18:11:25,445] Trial 215 finished with value: 2.81780778043368 and parameters: {'rho_high_scale': 0.7420274751954571, 'f_n': 2.8910205308998925e-07, 'K_d': 518906.2243431548, 'fission_rate': 7.62019406106516e+19, 'Dg_D1_scale': 2.54190088373742, 'Dg_D3_scale': 0.8928410432945177, 'Dv_D1_scale': 0.5799645092686357, 'Dv_D2_scale': 3.3498622283115718, 'b_bulk_scale': 2.81596954726234, 'b_dislocation_scale': 0.2569556176651237, 'gb_scale': 5.65232068692913, 'gd_bubble_scale': 3.8376787022111483, 'gd_line_scale': 0.42158641864220264, 'gd_line_alpha': 0.2744832863402629, 'coalescence_d_scale': 0.44478187101634875, 'capture_scale': 0.023590025362875456}. Best is trial 201 with value: 2.6731141507226717.
[I 2026-05-03 18:11:29,765] Trial 216 finished with value: 2.8217378880842845 and parameters: {'rho_high_scale': 0.7563268971703423, 'f_n': 1.735670619152496e-07, 'K_d': 489798.1547476304, 'fission_rate': 7.676094644267452e+19, 'Dg_D1_scale': 2.5289939293035597, 'Dg_D3_scale': 0.7941606205572471, 'Dv_D1_scale': 0.6322636977059024, 'Dv_D2_scale': 3.0256249442999006, 'b_bulk_scale': 2.496741069666477, 'b_dislocation_scale': 0.3727682711783747, 'gb_scale': 4.988858776013169, 'gd_bubble_scale': 3.3915606343115714, 'gd_line_scale': 0.40638680143674466, 'gd_line_alpha': 0.3228541105921845, 'coalescence_d_scale': 0.48102567161019805, 'capture_scale': 0.021038860925374988}. Best is trial 201 with value: 2.6731141507226717.Best trial: 201. Best value: 2.67311:  43%|████▎     | 216/500 [24:44<30:25,  6.43s/it]Best trial: 201. Best value: 2.67311:  43%|████▎     | 216/500 [24:44<30:25,  6.43s/it]Best trial: 201. Best value: 2.67311:  43%|████▎     | 217/500 [24:44<27:22,  5.80s/it]                                                                                       Best trial: 201. Best value: 2.67311:  43%|████▎     | 217/500 [24:50<27:22,  5.80s/it]Best trial: 201. Best value: 2.67311:  43%|████▎     | 217/500 [24:50<27:22,  5.80s/it]Best trial: 201. Best value: 2.67311:  44%|████▎     | 218/500 [24:50<27:58,  5.95s/it]                                                                                       Best trial: 201. Best value: 2.67311:  44%|████▎     | 218/500 [24:56<27:58,  5.95s/it]Best trial: 201. Best value: 2.67311:  44%|████▎     | 218/500 [24:57<27:58,  5.95s/it]Best trial: 201. Best value: 2.67311:  44%|████▍     | 219/500 [24:57<28:42,  6.13s/it]                                                                                       Best trial: 201. Best value: 2.67311:  44%|████▍     | 219/500 [25:03<28:42,  6.13s/it]Best trial: 201. Best value: 2.67311:  44%|████▍     | 219/500 [25:03<28:42,  6.13s/it]Best trial: 201. Best value: 2.67311:  44%|████▍     | 220/500 [25:03<28:41,  6.15s/it]                                                                                       Best trial: 201. Best value: 2.67311:  44%|████▍     | 220/500 [25:09<28:41,  6.15s/it]Best trial: 201. Best value: 2.67311:  44%|████▍     | 220/500 [25:09<28:41,  6.15s/it]Best trial: 201. Best value: 2.67311:  44%|████▍     | 221/500 [25:09<28:34,  6.15s/it]                                                                                       Best trial: 201. Best value: 2.67311:  44%|████▍     | 221/500 [25:13<28:34,  6.15s/it]Best trial: 201. Best value: 2.67311:  44%|████▍     | 221/500 [25:13<28:34,  6.15s/it]Best trial: 201. Best value: 2.67311:  44%|████▍     | 222/500 [25:13<25:58,  5.61s/it]                                                                                       Best trial: 201. Best value: 2.67311:  44%|████▍     | 222/500 [25:20<25:58,  5.61s/it]Best trial: 201. Best value: 2.67311:  44%|████▍     | 222/500 [25:20<25:58,  5.61s/it]Best trial: 201. Best value: 2.67311:  45%|████▍     | 223/500 [25:20<26:59,  5.85s/it]                                                                                       Best trial: 201. Best value: 2.67311:  45%|████▍     | 223/500 [25:26<26:59,  5.85s/it]Best trial: 201. Best value: 2.67311:  45%|████▍     | 223/500 [25:26<26:59,  5.85s/it]Best trial: 201. Best value: 2.67311:  45%|████▍     | 224/500 [25:26<27:56,  6.07s/it]                                                                                       Best trial: 201. Best value: 2.67311:  45%|████▍     | 224/500 [25:33<27:56,  6.07s/it]Best trial: 201. Best value: 2.67311:  45%|████▍     | 224/500 [25:33<27:56,  6.07s/it]Best trial: 201. Best value: 2.67311:  45%|████▌     | 225/500 [25:33<28:43,  6.27s/it]                                                                                       Best trial: 201. Best value: 2.67311:  45%|████▌     | 225/500 [25:40<28:43,  6.27s/it]Best trial: 201. Best value: 2.67311:  45%|████▌     | 225/500 [25:40<28:43,  6.27s/it]Best trial: 201. Best value: 2.67311:  45%|████▌     | 226/500 [25:40<29:22,  6.43s/it]                                                                                       Best trial: 201. Best value: 2.67311:  45%|████▌     | 226/500 [25:45<29:22,  6.43s/it]Best trial: 201. Best value: 2.67311:  45%|████▌     | 226/500 [25:45<29:22,  6.43s/it]Best trial: 201. Best value: 2.67311:  45%|████▌     | 227/500 [25:45<27:02,  5.94s/it]                                                                                       Best trial: 201. Best value: 2.67311:  45%|████▌     | 227/500 [25:51<27:02,  5.94s/it]Best trial: 201. Best value: 2.67311:  45%|████▌     | 227/500 [25:51<27:02,  5.94s/it]Best trial: 201. Best value: 2.67311:  46%|████▌     | 228/500 [25:51<28:02,  6.19s/it]                                                                                       
[I 2026-05-03 18:11:36,099] Trial 217 finished with value: 2.7447004075281245 and parameters: {'rho_high_scale': 0.7580999182144155, 'f_n': 4.131503843854887e-07, 'K_d': 522097.126039246, 'fission_rate': 7.607110829863061e+19, 'Dg_D1_scale': 2.4482885352989983, 'Dg_D3_scale': 0.7163372377255123, 'Dv_D1_scale': 0.5975805348107804, 'Dv_D2_scale': 3.4411618451910617, 'b_bulk_scale': 1.9936843235504507, 'b_dislocation_scale': 0.30365550360963844, 'gb_scale': 5.362798730472431, 'gd_bubble_scale': 3.7349002570594614, 'gd_line_scale': 0.6383565786030524, 'gd_line_alpha': 0.30823981342130924, 'coalescence_d_scale': 0.39906697860993645, 'capture_scale': 0.012374496375476371}. Best is trial 201 with value: 2.6731141507226717.
[I 2026-05-03 18:11:42,592] Trial 218 finished with value: 2.741980207690783 and parameters: {'rho_high_scale': 0.7564016821505394, 'f_n': 4.0618424220566964e-07, 'K_d': 469071.905708526, 'fission_rate': 7.639784916892516e+19, 'Dg_D1_scale': 2.4516567555966815, 'Dg_D3_scale': 0.7091421372283357, 'Dv_D1_scale': 0.592554287936567, 'Dv_D2_scale': 3.463993632720602, 'b_bulk_scale': 2.052058781151542, 'b_dislocation_scale': 0.3013301545584266, 'gb_scale': 5.166919702181795, 'gd_bubble_scale': 3.7210083840586456, 'gd_line_scale': 0.7455992995559495, 'gd_line_alpha': 0.31347441218764505, 'coalescence_d_scale': 0.4115828789010211, 'capture_scale': 0.01061727341137298}. Best is trial 201 with value: 2.6731141507226717.
[I 2026-05-03 18:11:48,830] Trial 219 finished with value: 2.7154857324373456 and parameters: {'rho_high_scale': 0.7546876163242783, 'f_n': 4.000401904024583e-07, 'K_d': 471025.04227753263, 'fission_rate': 7.635008645071538e+19, 'Dg_D1_scale': 2.664175828719689, 'Dg_D3_scale': 0.970882259303691, 'Dv_D1_scale': 0.5955034594561804, 'Dv_D2_scale': 3.4261163188446297, 'b_bulk_scale': 1.994297747704198, 'b_dislocation_scale': 0.29528446685005594, 'gb_scale': 5.613499134319689, 'gd_bubble_scale': 3.7156458995719572, 'gd_line_scale': 0.6266642404930335, 'gd_line_alpha': 0.3122499024429484, 'coalescence_d_scale': 0.42037533851251724, 'capture_scale': 0.011912969352041667}. Best is trial 201 with value: 2.6731141507226717.
[I 2026-05-03 18:11:54,974] Trial 220 finished with value: 4.043998556764562 and parameters: {'rho_high_scale': 2.5324086650620723, 'f_n': 4.1900676159192515e-07, 'K_d': 473998.8814213465, 'fission_rate': 7.733870137313632e+19, 'Dg_D1_scale': 2.3982265819575046, 'Dg_D3_scale': 0.9898094216591322, 'Dv_D1_scale': 0.602601925561522, 'Dv_D2_scale': 3.4738759014313505, 'b_bulk_scale': 2.0252418260722274, 'b_dislocation_scale': 0.29911806571021543, 'gb_scale': 5.770814137511474, 'gd_bubble_scale': 3.3169008338436714, 'gd_line_scale': 0.46324436850563483, 'gd_line_alpha': 0.257610376102485, 'coalescence_d_scale': 0.40202565921823397, 'capture_scale': 0.024474801842772103}. Best is trial 201 with value: 2.6731141507226717.
[I 2026-05-03 18:11:59,322] Trial 221 finished with value: 2.778427646502854 and parameters: {'rho_high_scale': 0.7568856985317585, 'f_n': 4.2475992389875594e-07, 'K_d': 459778.6710149324, 'fission_rate': 7.625226300988606e+19, 'Dg_D1_scale': 2.66368114072709, 'Dg_D3_scale': 0.7125639165477434, 'Dv_D1_scale': 0.5655026766337926, 'Dv_D2_scale': 3.665719963195129, 'b_bulk_scale': 2.2503907505764813, 'b_dislocation_scale': 0.2664699013063495, 'gb_scale': 5.388021937752963, 'gd_bubble_scale': 3.7660276369647647, 'gd_line_scale': 0.6527693546565474, 'gd_line_alpha': 0.31569995671709045, 'coalescence_d_scale': 0.5169866689310673, 'capture_scale': 0.010572526354390915}. Best is trial 201 with value: 2.6731141507226717.
