[I 2026-05-03 17:48:36,017] Trial 16 finished with value: 3.735965022221096 and parameters: {'rho_high_scale': 1.1845750586167643, 'f_n': 2.903180457240968e-06, 'K_d': 414696.24593591935, 'fission_rate': 4.202001976972845e+19, 'Dg_D1_scale': 2.6008101116676823, 'Dg_D3_scale': 1.1185964603088872, 'Dv_D1_scale': 0.28708864095682074, 'Dv_D2_scale': 0.28404018847057527, 'b_bulk_scale': 3.8376920368459335, 'b_dislocation_scale': 0.0934396460116229, 'gb_scale': 3.229753583057363, 'gd_bubble_scale': 0.35663307268786254, 'gd_line_scale': 0.4301967557083346, 'gd_line_alpha': 0.22517733460993072, 'coalescence_d_scale': 1.750900920643908, 'capture_scale': 0.27769059161254817}. Best is trial 16 with value: 3.735965022221096.
[I 2026-05-03 17:48:40,899] Trial 17 finished with value: 3.567971912242661 and parameters: {'rho_high_scale': 0.7952023326200964, 'f_n': 1.0527715949806592e-10, 'K_d': 398788.05258434796, 'fission_rate': 7.315540522187716e+19, 'Dg_D1_scale': 0.27257116883348853, 'Dg_D3_scale': 2.499779621946968, 'Dv_D1_scale': 0.2728791784256931, 'Dv_D2_scale': 0.3024445515973168, 'b_bulk_scale': 3.936428900250596, 'b_dislocation_scale': 0.09336148786474163, 'gb_scale': 3.3608882809641845, 'gd_bubble_scale': 0.050464771884467026, 'gd_line_scale': 0.15349610607259312, 'gd_line_alpha': 0.4120971929401989, 'coalescence_d_scale': 1.8180225949005342, 'capture_scale': 0.2591400414223884}. Best is trial 17 with value: 3.567971912242661.
[I 2026-05-03 17:48:48,570] Trial 18 finished with value: 3.5253485024872573 and parameters: {'rho_high_scale': 0.7813450829329791, 'f_n': 1.7081778000058908e-10, 'K_d': 411746.6857018438, 'fission_rate': 6.1780503534266425e+19, 'Dg_D1_scale': 0.15464957161338896, 'Dg_D3_scale': 1.1005344576514478, 'Dv_D1_scale': 0.26791920180290213, 'Dv_D2_scale': 0.3011376574993868, 'b_bulk_scale': 3.96232957504222, 'b_dislocation_scale': 0.07075698786183197, 'gb_scale': 5.204809152129479, 'gd_bubble_scale': 0.2831027557330272, 'gd_line_scale': 0.12106753264306194, 'gd_line_alpha': 0.4698049024339273, 'coalescence_d_scale': 1.9111901842589623, 'capture_scale': 0.010728285134583314}. Best is trial 18 with value: 3.5253485024872573.
[I 2026-05-03 17:48:56,485] Trial 19 finished with value: 11.421651423946011 and parameters: {'rho_high_scale': 0.754335766695195, 'f_n': 1.0017307422652392e-10, 'K_d': 413280.5568679224, 'fission_rate': 6.240512871273452e+19, 'Dg_D1_scale': 0.25117523771561545, 'Dg_D3_scale': 2.040090787965087, 'Dv_D1_scale': 0.26663815896832804, 'Dv_D2_scale': 0.44245979931915774, 'b_bulk_scale': 0.929020866120028, 'b_dislocation_scale': 0.03374118274071035, 'gb_scale': 7.389091452404239, 'gd_bubble_scale': 0.06718112447839315, 'gd_line_scale': 0.13619376940238384, 'gd_line_alpha': 0.6904153818439369, 'coalescence_d_scale': 18.096149089408414, 'capture_scale': 0.01048612357979097}. Best is trial 18 with value: 3.5253485024872573.
[I 2026-05-03 17:49:03,383] Trial 20 finished with value: 6.341113485436565 and parameters: {'rho_high_scale': 0.9149560854110268, 'f_n': 1.0927632299191108e-10, 'K_d': 300257.71643785224, 'fission_rate': 7.147978375602445e+19, 'Dg_D1_scale': 0.15868854496492157, 'Dg_D3_scale': 2.3043014496492256, 'Dv_D1_scale': 3.4539786414264815, 'Dv_D2_scale': 0.9139600843557044, 'b_bulk_scale': 2.090242937489495, 'b_dislocation_scale': 0.06536834059283143, 'gb_scale': 4.728454591867634, 'gd_bubble_scale': 0.19733751676224556, 'gd_line_scale': 0.12399271294189533, 'gd_line_alpha': 0.4747662139902888, 'coalescence_d_scale': 1.5595259566510178, 'capture_scale': 0.010309866176177948}. Best is trial 18 with value: 3.5253485024872573.
[I 2026-05-03 17:49:11,468] Trial 21 finished with value: 4.13929483224673 and parameters: {'rho_high_scale': 1.0946334504958926, 'f_n': 5.709524472603072e-10, 'K_d': 417128.44649634644, 'fission_rate': 6.208341908041109e+19, 'Dg_D1_scale': 0.2758572328399838, 'Dg_D3_scale': 1.093016868477589, 'Dv_D1_scale': 0.27670713623561877, 'Dv_D2_scale': 0.3046747943800164, 'b_bulk_scale': 3.8461080776807304, 'b_dislocation_scale': 0.08025087804571832, 'gb_scale': 2.5659604256920514, 'gd_bubble_scale': 0.35370168671210517, 'gd_line_scale': 0.40297440941963014, 'gd_line_alpha': 0.3988529936520299, 'coalescence_d_scale': 2.273567473343877, 'capture_scale': 0.08863133634690352}. Best is trial 18 with value: 3.5253485024872573.
[I 2026-05-03 17:49:20,893] Trial 22 finished with value: 3.6186051061102127 and parameters: {'rho_high_scale': 0.7416145638387269, 'f_n': 2.7591147463367783e-10, 'K_d': 368966.68440235197, 'fission_rate': 4.2351520336214835e+19, 'Dg_D1_scale': 0.15062952579002828, 'Dg_D3_scale': 1.138625294168707, 'Dv_D1_scale': 0.2050463115631429, 'Dv_D2_scale': 0.27486951958356903, 'b_bulk_scale': 3.982215631618323, 'b_dislocation_scale': 0.09955773098359312, 'gb_scale': 2.3541695820298405, 'gd_bubble_scale': 0.5029985246017101, 'gd_line_scale': 0.18268615344739952, 'gd_line_alpha': 0.5651020548161454, 'coalescence_d_scale': 1.7616177422025743, 'capture_scale': 0.051894653310598046}. Best is trial 18 with value: 3.5253485024872573.
[I 2026-05-03 17:49:29,546] Trial 23 finished with value: 3.675632172602647 and parameters: {'rho_high_scale': 0.704409694791786, 'f_n': 3.075623753536915e-10, 'K_d': 362111.62732100306, 'fission_rate': 5.402331718135123e+19, 'Dg_D1_scale': 0.22879086456528921, 'Dg_D3_scale': 0.8542258003345317, 'Dv_D1_scale': 0.20072716570051538, 'Dv_D2_scale': 0.42777374600982104, 'b_bulk_scale': 2.2412587256859946, 'b_dislocation_scale': 0.052304758965393175, 'gb_scale': 5.035773546529463, 'gd_bubble_scale': 0.05032072180036586, 'gd_line_scale': 0.1743600637563453, 'gd_line_alpha': 0.5830209107089372, 'coalescence_d_scale': 3.994400268258148, 'capture_scale': 0.05189429221591854}. Best is trial 18 with value: 3.5253485024872573.
[I 2026-05-03 17:49:36,333] Trial 24 finished with value: 3.304741562607741 and parameters: {'rho_high_scale': 0.8584218744177999, 'f_n': 1.9348696472750126e-09, 'K_d': 454661.78835930047, 'fission_rate': 7.184281150552777e+19, 'Dg_D1_scale': 0.16246059174719588, 'Dg_D3_scale': 1.651524978102268, 'Dv_D1_scale': 0.34578987627765645, 'Dv_D2_scale': 0.2592203672462545, 'b_bulk_scale': 1.1476478457728496, 'b_dislocation_scale': 0.09751110693154641, 'gb_scale': 2.0670068595067645, 'gd_bubble_scale': 0.5198537114649829, 'gd_line_scale': 0.09501879479043074, 'gd_line_alpha': 0.5608199386365663, 'coalescence_d_scale': 0.4333218052579279, 'capture_scale': 0.017977140821367664}. Best is trial 24 with value: 3.304741562607741.Best trial: 18. Best value: 3.52535:   5%|▍         | 24/500 [02:50<1:05:38,  8.27s/it]Best trial: 24. Best value: 3.30474:   5%|▍         | 24/500 [02:50<1:05:38,  8.27s/it]Best trial: 24. Best value: 3.30474:   5%|▌         | 25/500 [02:50<1:01:57,  7.83s/it]                                                                                       Best trial: 24. Best value: 3.30474:   5%|▌         | 25/500 [02:57<1:01:57,  7.83s/it]Best trial: 24. Best value: 3.30474:   5%|▌         | 25/500 [02:57<1:01:57,  7.83s/it]Best trial: 24. Best value: 3.30474:   5%|▌         | 26/500 [02:57<59:22,  7.52s/it]                                                                                       Best trial: 24. Best value: 3.30474:   5%|▌         | 26/500 [03:02<59:22,  7.52s/it]Best trial: 24. Best value: 3.30474:   5%|▌         | 26/500 [03:02<59:22,  7.52s/it]Best trial: 24. Best value: 3.30474:   5%|▌         | 27/500 [03:02<53:21,  6.77s/it]                                                                                     Best trial: 24. Best value: 3.30474:   5%|▌         | 27/500 [03:08<53:21,  6.77s/it]Best trial: 24. Best value: 3.30474:   5%|▌         | 27/500 [03:08<53:21,  6.77s/it]Best trial: 24. Best value: 3.30474:   6%|▌         | 28/500 [03:08<51:27,  6.54s/it]                                                                                     Best trial: 24. Best value: 3.30474:   6%|▌         | 28/500 [03:16<51:27,  6.54s/it]Best trial: 24. Best value: 3.30474:   6%|▌         | 28/500 [03:16<51:27,  6.54s/it]Best trial: 24. Best value: 3.30474:   6%|▌         | 29/500 [03:16<53:54,  6.87s/it]                                                                                     Best trial: 24. Best value: 3.30474:   6%|▌         | 29/500 [03:22<53:54,  6.87s/it]Best trial: 24. Best value: 3.30474:   6%|▌         | 29/500 [03:22<53:54,  6.87s/it]Best trial: 24. Best value: 3.30474:   6%|▌         | 30/500 [03:22<53:28,  6.83s/it]                                                                                     Best trial: 24. Best value: 3.30474:   6%|▌         | 30/500 [03:29<53:28,  6.83s/it]Best trial: 24. Best value: 3.30474:   6%|▌         | 30/500 [03:29<53:28,  6.83s/it]Best trial: 24. Best value: 3.30474:   6%|▌         | 31/500 [03:29<51:52,  6.64s/it]                                                                                     Best trial: 24. Best value: 3.30474:   6%|▌         | 31/500 [03:35<51:52,  6.64s/it]Best trial: 24. Best value: 3.30474:   6%|▌         | 31/500 [03:35<51:52,  6.64s/it]Best trial: 24. Best value: 3.30474:   6%|▋         | 32/500 [03:35<50:45,  6.51s/it]                                                                                     Best trial: 24. Best value: 3.30474:   6%|▋         | 32/500 [03:41<50:45,  6.51s/it]Best trial: 24. Best value: 3.30474:   6%|▋         | 32/500 [03:41<50:45,  6.51s/it]Best trial: 24. Best value: 3.30474:   7%|▋         | 33/500 [03:41<50:15,  6.46s/it]                                                                                     Best trial: 24. Best value: 3.30474:   7%|▋         | 33/500 [03:47<50:15,  6.46s/it]Best trial: 24. Best value: 3.30474:   7%|▋         | 33/500 [03:48<50:15,  6.46s/it]Best trial: 24. Best value: 3.30474:   7%|▋         | 34/500 [03:48<49:53,  6.42s/it]                                                                                     Best trial: 24. Best value: 3.30474:   7%|▋         | 34/500 [03:54<49:53,  6.42s/it]Best trial: 24. Best value: 3.30474:   7%|▋         | 34/500 [03:54<49:53,  6.42s/it]Best trial: 24. Best value: 3.30474:   7%|▋         | 35/500 [03:54<50:01,  6.45s/it]                                                                                     Best trial: 24. Best value: 3.30474:   7%|▋         | 35/500 [03:58<50:01,  6.45s/it]Best trial: 24. Best value: 3.30474:   7%|▋         | 35/500 [03:58<50:01,  6.45s/it]Best trial: 24. Best value: 3.30474:   7%|▋         | 36/500 [03:58<45:03,  5.83s/it]                                                                                     
[I 2026-05-03 17:49:43,111] Trial 25 finished with value: 4.466322551513671 and parameters: {'rho_high_scale': 0.8317467868100006, 'f_n': 2.000304731224141e-09, 'K_d': 446153.5187743035, 'fission_rate': 7.094570205983322e+19, 'Dg_D1_scale': 0.2973490264814065, 'Dg_D3_scale': 1.6429943935521654, 'Dv_D1_scale': 0.3498297961122074, 'Dv_D2_scale': 0.4404395364175035, 'b_bulk_scale': 1.0311205421026264, 'b_dislocation_scale': 0.23065346164748288, 'gb_scale': 4.583795356940568, 'gd_bubble_scale': 0.20394305319772874, 'gd_line_scale': 0.09177526556977926, 'gd_line_alpha': 0.7153460086306566, 'coalescence_d_scale': 0.49926077463315033, 'capture_scale': 0.015553734229466343}. Best is trial 24 with value: 3.304741562607741.
[I 2026-05-03 17:49:48,141] Trial 26 finished with value: 3.994112252267493 and parameters: {'rho_high_scale': 0.9352761294298955, 'f_n': 3.047620330775202e-09, 'K_d': 453953.29068713466, 'fission_rate': 7.08341766656426e+19, 'Dg_D1_scale': 0.1990729842390217, 'Dg_D3_scale': 2.557950737460052, 'Dv_D1_scale': 0.5167431445602112, 'Dv_D2_scale': 0.24772149622130812, 'b_bulk_scale': 0.5976683753621785, 'b_dislocation_scale': 0.04480302614484984, 'gb_scale': 1.9981043171101578, 'gd_bubble_scale': 1.2672162581521904, 'gd_line_scale': 0.05351654809571497, 'gd_line_alpha': 0.4019067921463432, 'coalescence_d_scale': 0.303345005465681, 'capture_scale': 0.03747049456402133}. Best is trial 24 with value: 3.304741562607741.
[I 2026-05-03 17:49:54,168] Trial 27 finished with value: 3.573100106973437 and parameters: {'rho_high_scale': 1.3832445000755158, 'f_n': 7.035089191666192e-10, 'K_d': 455126.04574248777, 'fission_rate': 7.97945477332852e+19, 'Dg_D1_scale': 0.517221214865823, 'Dg_D3_scale': 1.7234866922671912, 'Dv_D1_scale': 0.26719976766232323, 'Dv_D2_scale': 0.6954284692813373, 'b_bulk_scale': 1.7687987094837143, 'b_dislocation_scale': 0.11035682738114143, 'gb_scale': 7.895079684681108, 'gd_bubble_scale': 0.12246441008548688, 'gd_line_scale': 0.090894988207911, 'gd_line_alpha': 0.7854523752615054, 'coalescence_d_scale': 0.5017808700088408, 'capture_scale': 0.015221728761326804}. Best is trial 24 with value: 3.304741562607741.
[I 2026-05-03 17:50:01,797] Trial 28 finished with value: 5.773630817491613 and parameters: {'rho_high_scale': 1.0362252405262082, 'f_n': 1.638335045359007e-10, 'K_d': 383365.8365589024, 'fission_rate': 6.3200601858676834e+19, 'Dg_D1_scale': 0.23499193000734672, 'Dg_D3_scale': 0.909892067635092, 'Dv_D1_scale': 0.6232328580121826, 'Dv_D2_scale': 0.49433207427446524, 'b_bulk_scale': 0.8231528581778397, 'b_dislocation_scale': 0.22174760917807126, 'gb_scale': 0.5922994954797578, 'gd_bubble_scale': 2.775206493404483, 'gd_line_scale': 1.1545199440670013, 'gd_line_alpha': 0.5192258979679761, 'coalescence_d_scale': 4.698801909860274, 'capture_scale': 0.08494192238481253}. Best is trial 24 with value: 3.304741562607741.
[I 2026-05-03 17:50:08,522] Trial 29 finished with value: 3.7380535064094995 and parameters: {'rho_high_scale': 0.8746000534818705, 'f_n': 3.934659422551757e-08, 'K_d': 329408.62476398674, 'fission_rate': 7.329366513057076e+19, 'Dg_D1_scale': 0.15079547874863397, 'Dg_D3_scale': 1.4308626844279773, 'Dv_D1_scale': 0.4196233638655669, 'Dv_D2_scale': 0.2049599320848805, 'b_bulk_scale': 2.671895712978959, 'b_dislocation_scale': 0.04410601711416602, 'gb_scale': 2.078738892593905, 'gd_bubble_scale': 0.0800227682625662, 'gd_line_scale': 0.052156177270176705, 'gd_line_alpha': 0.35609246629578045, 'coalescence_d_scale': 0.17248050906542947, 'capture_scale': 2.5104532647758897}. Best is trial 24 with value: 3.304741562607741.
[I 2026-05-03 17:50:14,722] Trial 30 finished with value: 5.416610644376611 and parameters: {'rho_high_scale': 1.684517227060686, 'f_n': 9.77521627643544e-10, 'K_d': 388806.7211964234, 'fission_rate': 5.966911443706693e+19, 'Dg_D1_scale': 0.19498840517339827, 'Dg_D3_scale': 2.7752223226656074, 'Dv_D1_scale': 1.033911059207774, 'Dv_D2_scale': 0.3362803392010777, 'b_bulk_scale': 1.3870947880776219, 'b_dislocation_scale': 0.06680917491975039, 'gb_scale': 5.278419589274918, 'gd_bubble_scale': 0.4689703971295155, 'gd_line_scale': 0.1911172434273031, 'gd_line_alpha': 0.4548442206936756, 'coalescence_d_scale': 0.3336371866317713, 'capture_scale': 0.170054014765087}. Best is trial 24 with value: 3.304741562607741.
[I 2026-05-03 17:50:20,932] Trial 31 finished with value: 3.560193216716199 and parameters: {'rho_high_scale': 1.2879878189725498, 'f_n': 5.181884542085059e-10, 'K_d': 459243.48144205316, 'fission_rate': 7.895450130466223e+19, 'Dg_D1_scale': 0.525700394543006, 'Dg_D3_scale': 1.9048690210744859, 'Dv_D1_scale': 0.25191421587785306, 'Dv_D2_scale': 0.680278090177602, 'b_bulk_scale': 1.5360530641870196, 'b_dislocation_scale': 0.11164349350030507, 'gb_scale': 7.621965205007888, 'gd_bubble_scale': 0.11128251512565254, 'gd_line_scale': 0.09229486617170085, 'gd_line_alpha': 0.7995042187854069, 'coalescence_d_scale': 0.5577297146770377, 'capture_scale': 0.012822855523687202}. Best is trial 24 with value: 3.304741562607741.
[I 2026-05-03 17:50:27,269] Trial 32 finished with value: 3.5154693938335875 and parameters: {'rho_high_scale': 1.2185245823138686, 'f_n': 3.984457882897995e-10, 'K_d': 534647.8717556312, 'fission_rate': 7.735599430771936e+19, 'Dg_D1_scale': 0.7497469414459771, 'Dg_D3_scale': 2.0211723911341894, 'Dv_D1_scale': 0.3323322321980227, 'Dv_D2_scale': 0.2581554040097298, 'b_bulk_scale': 0.4631173154350985, 'b_dislocation_scale': 0.1097221620366598, 'gb_scale': 3.7139462597071904, 'gd_bubble_scale': 0.11816987935176082, 'gd_line_scale': 0.10952789429946219, 'gd_line_alpha': 0.8514928350377925, 'coalescence_d_scale': 0.7262937990065355, 'capture_scale': 0.019585551782641944}. Best is trial 24 with value: 3.304741562607741.
[I 2026-05-03 17:50:33,612] Trial 33 finished with value: 4.400598646656571 and parameters: {'rho_high_scale': 1.2172461997880892, 'f_n': 4.715540050202923e-09, 'K_d': 551798.6181961267, 'fission_rate': 7.857171199344291e+19, 'Dg_D1_scale': 0.9030040529739686, 'Dg_D3_scale': 1.8996045158798744, 'Dv_D1_scale': 0.3080798254918494, 'Dv_D2_scale': 0.2386183968792619, 'b_bulk_scale': 0.41253392839680036, 'b_dislocation_scale': 0.13058912602091388, 'gb_scale': 5.969763248959722, 'gd_bubble_scale': 0.0985672388528732, 'gd_line_scale': 0.09980989853307812, 'gd_line_alpha': 0.8168129078153477, 'coalescence_d_scale': 1.1162009898893632, 'capture_scale': 0.01665638786591531}. Best is trial 24 with value: 3.304741562607741.
[I 2026-05-03 17:50:40,138] Trial 34 finished with value: 4.538861014931435 and parameters: {'rho_high_scale': 1.563788346018684, 'f_n': 3.6993430715267347e-10, 'K_d': 470812.23881824996, 'fission_rate': 7.590367048486496e+19, 'Dg_D1_scale': 0.7193078655694062, 'Dg_D3_scale': 1.384826093093522, 'Dv_D1_scale': 0.2375822617341823, 'Dv_D2_scale': 0.7283686149542857, 'b_bulk_scale': 0.27701308887443715, 'b_dislocation_scale': 0.209418468974191, 'gb_scale': 4.102823348568596, 'gd_bubble_scale': 0.14312401071127076, 'gd_line_scale': 0.06935677772910596, 'gd_line_alpha': 0.9272502328469562, 'coalescence_d_scale': 0.669778463483544, 'capture_scale': 0.03394999221350506}. Best is trial 24 with value: 3.304741562607741.
[I 2026-05-03 17:50:44,499] Trial 35 finished with value: 3.5210340778279012 and parameters: {'rho_high_scale': 1.038359747631176, 'f_n': 1.3950063116166863e-09, 'K_d': 538691.9424450936, 'fission_rate': 7.757837629404955e+19, 'Dg_D1_scale': 0.4545010678972592, 'Dg_D3_scale': 0.7239798088647686, 'Dv_D1_scale': 0.3628421835597036, 'Dv_D2_scale': 1.2108330526361542, 'b_bulk_scale': 1.1189594124994284, 'b_dislocation_scale': 0.3109425462413068, 'gb_scale': 1.7180450176857054, 'gd_bubble_scale': 0.2511643575552908, 'gd_line_scale': 0.24845125922178626, 'gd_line_alpha': 0.7703323546466894, 'coalescence_d_scale': 0.4098583484876507, 'capture_scale': 0.018829978176252544}. Best is trial 24 with value: 3.304741562607741.
