[I 2026-05-03 18:39:22,810] Trial 494 finished with value: 2.5517450723268986 and parameters: {'rho_high_scale': 0.7988080192362309, 'f_n': 1.3704953093421e-06, 'K_d': 311106.6715249182, 'fission_rate': 6.951141902982203e+19, 'Dg_D1_scale': 0.8647779496597991, 'Dg_D3_scale': 1.3439703177333309, 'Dv_D1_scale': 0.21604119254074808, 'Dv_D2_scale': 1.8723962594322652, 'b_bulk_scale': 3.9143945915062788, 'b_dislocation_scale': 0.25080378177373036, 'gb_scale': 7.596196396473195, 'gd_bubble_scale': 7.181756741752536, 'gd_line_scale': 0.42314548104107835, 'gd_line_alpha': 0.7033383503217033, 'coalescence_d_scale': 1.19999526824353, 'capture_scale': 3.4015710988063876}. Best is trial 356 with value: 2.4312251947833614.
[I 2026-05-03 18:39:29,581] Trial 495 finished with value: 2.586827487614105 and parameters: {'rho_high_scale': 0.782483689177637, 'f_n': 1.0855195251448532e-06, 'K_d': 307176.20435620577, 'fission_rate': 6.980362663115955e+19, 'Dg_D1_scale': 0.8237523140038072, 'Dg_D3_scale': 1.413065339364993, 'Dv_D1_scale': 0.20024177844393098, 'Dv_D2_scale': 2.04495396277598, 'b_bulk_scale': 3.5823097326872224, 'b_dislocation_scale': 0.24677958004952583, 'gb_scale': 7.406050109729135, 'gd_bubble_scale': 6.410899474784886, 'gd_line_scale': 0.4190261686366164, 'gd_line_alpha': 0.7437878396731479, 'coalescence_d_scale': 1.1148027278992343, 'capture_scale': 2.1849279925107563}. Best is trial 356 with value: 2.4312251947833614.
[I 2026-05-03 18:39:36,439] Trial 496 finished with value: 4.249945007740755 and parameters: {'rho_high_scale': 0.7865817918651996, 'f_n': 1.1789992430752283e-06, 'K_d': 310594.00219052203, 'fission_rate': 6.875498298466304e+19, 'Dg_D1_scale': 0.8869903689732277, 'Dg_D3_scale': 1.4771685224172109, 'Dv_D1_scale': 0.2169720776172601, 'Dv_D2_scale': 1.8910003217626623, 'b_bulk_scale': 3.879042288698554, 'b_dislocation_scale': 0.824144477181578, 'gb_scale': 7.982408670008685, 'gd_bubble_scale': 6.425118661931885, 'gd_line_scale': 0.42080787692063065, 'gd_line_alpha': 0.7289096073728903, 'coalescence_d_scale': 1.1732056613553763, 'capture_scale': 1.9050087478523983}. Best is trial 356 with value: 2.4312251947833614.
[I 2026-05-03 18:39:43,135] Trial 497 finished with value: 2.5637683516336778 and parameters: {'rho_high_scale': 0.7765299251019664, 'f_n': 1.32913268162231e-06, 'K_d': 308239.65187047253, 'fission_rate': 7.07234876526102e+19, 'Dg_D1_scale': 0.6741416608067448, 'Dg_D3_scale': 1.4087371583818433, 'Dv_D1_scale': 0.21590077102620986, 'Dv_D2_scale': 2.002681329095362, 'b_bulk_scale': 3.5516806687809446, 'b_dislocation_scale': 0.24768917042971694, 'gb_scale': 7.271868052809765, 'gd_bubble_scale': 7.434285648637867, 'gd_line_scale': 0.4260597995686247, 'gd_line_alpha': 0.7678989364917614, 'coalescence_d_scale': 0.961929878165009, 'capture_scale': 3.2935499305813427}. Best is trial 356 with value: 2.4312251947833614.
[I 2026-05-03 18:39:48,085] Trial 498 finished with value: 2.495112163330266 and parameters: {'rho_high_scale': 0.7799229571251896, 'f_n': 1.0328444104762403e-06, 'K_d': 314342.3403968911, 'fission_rate': 6.928112440734276e+19, 'Dg_D1_scale': 1.0042941139502244, 'Dg_D3_scale': 1.3171229631816685, 'Dv_D1_scale': 0.21540353054491065, 'Dv_D2_scale': 1.837396147504639, 'b_bulk_scale': 3.243657648561374, 'b_dislocation_scale': 0.22915088670035536, 'gb_scale': 7.557878643917556, 'gd_bubble_scale': 7.176011519214229, 'gd_line_scale': 0.4286472242785498, 'gd_line_alpha': 0.7131492694964506, 'coalescence_d_scale': 1.2820321310151597, 'capture_scale': 1.079327579266216}. Best is trial 356 with value: 2.4312251947833614.
