[I 2026-05-03 17:57:16,594] Trial 91 finished with value: 3.2324259185272863 and parameters: {'rho_high_scale': 0.7274090732103475, 'f_n': 1.2737617973711715e-06, 'K_d': 697408.8419436229, 'fission_rate': 4.680399452471594e+19, 'Dg_D1_scale': 2.3480183267205095, 'Dg_D3_scale': 0.15148843688232186, 'Dv_D1_scale': 1.9532970470475652, 'Dv_D2_scale': 1.2350155900774884, 'b_bulk_scale': 0.5678424688481243, 'b_dislocation_scale': 0.11344026593865617, 'gb_scale': 4.0088342809562665, 'gd_bubble_scale': 5.581242117186423, 'gd_line_scale': 0.13304311062012852, 'gd_line_alpha': 0.6089216775222782, 'coalescence_d_scale': 0.1118373697292204, 'capture_scale': 0.10432239847962173}. Best is trial 67 with value: 2.9690598741980367.
[I 2026-05-03 17:57:24,552] Trial 92 finished with value: 5.568783678979981 and parameters: {'rho_high_scale': 0.756964831252587, 'f_n': 1.586407818059251e-07, 'K_d': 676004.7487532682, 'fission_rate': 4.881766083423031e+19, 'Dg_D1_scale': 3.3291471053568165, 'Dg_D3_scale': 0.19744897155325075, 'Dv_D1_scale': 1.7841891848887357, 'Dv_D2_scale': 0.9324884250730386, 'b_bulk_scale': 0.5139565645192219, 'b_dislocation_scale': 0.12300873453882757, 'gb_scale': 4.501240963430153, 'gd_bubble_scale': 8.269503154109671, 'gd_line_scale': 0.17846570046265978, 'gd_line_alpha': 0.4265040196981309, 'coalescence_d_scale': 0.13277197851220202, 'capture_scale': 0.23889886009910175}. Best is trial 67 with value: 2.9690598741980367.
[I 2026-05-03 17:57:32,808] Trial 93 finished with value: 3.27867892980218 and parameters: {'rho_high_scale': 0.7811514173150756, 'f_n': 9.254930340086866e-07, 'K_d': 628101.3422101873, 'fission_rate': 5.865957616866637e+19, 'Dg_D1_scale': 1.7167058928938226, 'Dg_D3_scale': 0.16502662847372312, 'Dv_D1_scale': 1.4061571627097373, 'Dv_D2_scale': 0.8479410639669236, 'b_bulk_scale': 0.4181799741952122, 'b_dislocation_scale': 0.07352431197989759, 'gb_scale': 3.1522343251987053, 'gd_bubble_scale': 4.162801471323669, 'gd_line_scale': 0.09910890269933835, 'gd_line_alpha': 0.4897467782253059, 'coalescence_d_scale': 0.10212248588965149, 'capture_scale': 0.5186789102320859}. Best is trial 67 with value: 2.9690598741980367.
[I 2026-05-03 17:57:41,199] Trial 94 finished with value: 4.088451824570006 and parameters: {'rho_high_scale': 0.7295978541550783, 'f_n': 2.0228906738005724e-06, 'K_d': 708549.1377200511, 'fission_rate': 5.5534752985708675e+19, 'Dg_D1_scale': 2.427536911327692, 'Dg_D3_scale': 0.23931927960770222, 'Dv_D1_scale': 0.9607452849572578, 'Dv_D2_scale': 0.6702155441083325, 'b_bulk_scale': 0.4987134630059835, 'b_dislocation_scale': 0.10664043731981365, 'gb_scale': 5.165171267893038, 'gd_bubble_scale': 5.008003227278043, 'gd_line_scale': 0.07313925523794451, 'gd_line_alpha': 0.5313340718207323, 'coalescence_d_scale': 6.1230276458016215, 'capture_scale': 0.3352478046854442}. Best is trial 67 with value: 2.9690598741980367.
[I 2026-05-03 17:57:47,748] Trial 95 finished with value: 4.732233041854315 and parameters: {'rho_high_scale': 3.258636621777895, 'f_n': 1.0627463521090967e-07, 'K_d': 660130.7291007398, 'fission_rate': 5.72768564483164e+19, 'Dg_D1_scale': 1.8555929788221108, 'Dg_D3_scale': 0.1753628633297401, 'Dv_D1_scale': 2.0142863280416456, 'Dv_D2_scale': 1.2321186546166925, 'b_bulk_scale': 0.6681741122715976, 'b_dislocation_scale': 0.21781724933940114, 'gb_scale': 7.2475071660529755, 'gd_bubble_scale': 6.764864033365206, 'gd_line_scale': 0.11807099494839275, 'gd_line_alpha': 0.4639952218691651, 'coalescence_d_scale': 0.1699821844843732, 'capture_scale': 0.11798210024357013}. Best is trial 67 with value: 2.9690598741980367.
[I 2026-05-03 17:57:55,541] Trial 96 finished with value: 6.183737912526076 and parameters: {'rho_high_scale': 2.503029005497627, 'f_n': 5.7895138235049804e-08, 'K_d': 638270.0092366295, 'fission_rate': 6.1399164039587045e+19, 'Dg_D1_scale': 2.1120986015492433, 'Dg_D3_scale': 0.25984064717292665, 'Dv_D1_scale': 1.3009520998411699, 'Dv_D2_scale': 0.9228364177491535, 'b_bulk_scale': 0.5999978135766203, 'b_dislocation_scale': 0.08968395992871814, 'gb_scale': 3.805883790266316, 'gd_bubble_scale': 6.221044906283344, 'gd_line_scale': 0.06181944680868016, 'gd_line_alpha': 0.5803022914018257, 'coalescence_d_scale': 1.251709891198506, 'capture_scale': 0.1443170141752669}. Best is trial 67 with value: 2.9690598741980367.Best trial: 67. Best value: 2.96906:  19%|█▉        | 96/500 [11:09<52:35,  7.81s/it]Best trial: 67. Best value: 2.96906:  19%|█▉        | 96/500 [11:09<52:35,  7.81s/it]Best trial: 67. Best value: 2.96906:  19%|█▉        | 97/500 [11:09<52:25,  7.81s/it]                                                                                     Best trial: 67. Best value: 2.96906:  19%|█▉        | 97/500 [11:19<52:25,  7.81s/it]Best trial: 67. Best value: 2.96906:  19%|█▉        | 97/500 [11:19<52:25,  7.81s/it]Best trial: 67. Best value: 2.96906:  20%|█▉        | 98/500 [11:19<55:36,  8.30s/it]                                                                                     Best trial: 67. Best value: 2.96906:  20%|█▉        | 98/500 [11:27<55:36,  8.30s/it]Best trial: 67. Best value: 2.96906:  20%|█▉        | 98/500 [11:27<55:36,  8.30s/it]Best trial: 67. Best value: 2.96906:  20%|█▉        | 99/500 [11:27<54:16,  8.12s/it]                                                                                     Best trial: 67. Best value: 2.96906:  20%|█▉        | 99/500 [11:34<54:16,  8.12s/it]Best trial: 67. Best value: 2.96906:  20%|█▉        | 99/500 [11:34<54:16,  8.12s/it]Best trial: 67. Best value: 2.96906:  20%|██        | 100/500 [11:34<52:00,  7.80s/it]                                                                                      Best trial: 67. Best value: 2.96906:  20%|██        | 100/500 [11:41<52:00,  7.80s/it]Best trial: 67. Best value: 2.96906:  20%|██        | 100/500 [11:41<52:00,  7.80s/it]Best trial: 67. Best value: 2.96906:  20%|██        | 101/500 [11:41<50:33,  7.60s/it]                                                                                      Best trial: 67. Best value: 2.96906:  20%|██        | 101/500 [11:50<50:33,  7.60s/it]Best trial: 67. Best value: 2.96906:  20%|██        | 101/500 [11:50<50:33,  7.60s/it]Best trial: 67. Best value: 2.96906:  20%|██        | 102/500 [11:50<53:21,  8.05s/it]                                                                                      Best trial: 67. Best value: 2.96906:  20%|██        | 102/500 [11:55<53:21,  8.05s/it]Best trial: 67. Best value: 2.96906:  20%|██        | 102/500 [11:55<53:21,  8.05s/it]Best trial: 67. Best value: 2.96906:  21%|██        | 103/500 [11:55<47:25,  7.17s/it]                                                                                      Best trial: 67. Best value: 2.96906:  21%|██        | 103/500 [12:00<47:25,  7.17s/it]Best trial: 67. Best value: 2.96906:  21%|██        | 103/500 [12:00<47:25,  7.17s/it]Best trial: 67. Best value: 2.96906:  21%|██        | 104/500 [12:00<42:26,  6.43s/it]                                                                                      Best trial: 67. Best value: 2.96906:  21%|██        | 104/500 [12:06<42:26,  6.43s/it]Best trial: 67. Best value: 2.96906:  21%|██        | 104/500 [12:06<42:26,  6.43s/it]Best trial: 67. Best value: 2.96906:  21%|██        | 105/500 [12:06<41:34,  6.32s/it]                                                                                      Best trial: 67. Best value: 2.96906:  21%|██        | 105/500 [12:15<41:34,  6.32s/it]Best trial: 67. Best value: 2.96906:  21%|██        | 105/500 [12:15<41:34,  6.32s/it]Best trial: 67. Best value: 2.96906:  21%|██        | 106/500 [12:15<46:58,  7.15s/it]                                                                                      Best trial: 67. Best value: 2.96906:  21%|██        | 106/500 [12:22<46:58,  7.15s/it]Best trial: 67. Best value: 2.96906:  21%|██        | 106/500 [12:22<46:58,  7.15s/it]Best trial: 67. Best value: 2.96906:  21%|██▏       | 107/500 [12:22<47:09,  7.20s/it]                                                                                      Best trial: 67. Best value: 2.96906:  21%|██▏       | 107/500 [12:30<47:09,  7.20s/it]Best trial: 67. Best value: 2.96906:  21%|██▏       | 107/500 [12:31<47:09,  7.20s/it]Best trial: 67. Best value: 2.96906:  22%|██▏       | 108/500 [12:31<49:20,  7.55s/it]                                                                                      
[I 2026-05-03 17:58:04,986] Trial 97 finished with value: 3.5240708707183193 and parameters: {'rho_high_scale': 0.8328901306812241, 'f_n': 2.950018018773264e-06, 'K_d': 688404.2420995595, 'fission_rate': 5.0520415430236365e+19, 'Dg_D1_scale': 1.9273898847846296, 'Dg_D3_scale': 0.1945915345021245, 'Dv_D1_scale': 1.6138432624309225, 'Dv_D2_scale': 1.0130106570138129, 'b_bulk_scale': 0.3242522043748935, 'b_dislocation_scale': 0.15570624849532955, 'gb_scale': 6.421681784469998, 'gd_bubble_scale': 9.888961030718159, 'gd_line_scale': 0.16485920559532816, 'gd_line_alpha': 0.5072856683302833, 'coalescence_d_scale': 0.11541143035081936, 'capture_scale': 0.9121757034728123}. Best is trial 67 with value: 2.9690598741980367.
[I 2026-05-03 17:58:12,696] Trial 98 finished with value: 3.1543585056531196 and parameters: {'rho_high_scale': 0.9039332736153264, 'f_n': 2.990723381029165e-07, 'K_d': 753572.9069408044, 'fission_rate': 5.280430960364501e+19, 'Dg_D1_scale': 3.152529363452394, 'Dg_D3_scale': 0.2163756472891548, 'Dv_D1_scale': 1.4946541933954867, 'Dv_D2_scale': 0.7388322973123296, 'b_bulk_scale': 0.03444254284116955, 'b_dislocation_scale': 0.1297865556767262, 'gb_scale': 2.4263166151802023, 'gd_bubble_scale': 7.559794349431565, 'gd_line_scale': 0.1366477136751815, 'gd_line_alpha': 0.12936592910466232, 'coalescence_d_scale': 0.18764121834868022, 'capture_scale': 0.07035156143349695}. Best is trial 67 with value: 2.9690598741980367.
[I 2026-05-03 17:58:19,748] Trial 99 finished with value: 3.7802307283315235 and parameters: {'rho_high_scale': 0.894867528114363, 'f_n': 2.882954808517753e-07, 'K_d': 757106.2650774672, 'fission_rate': 5.464176905926561e+19, 'Dg_D1_scale': 3.129357395735272, 'Dg_D3_scale': 0.23268708326135754, 'Dv_D1_scale': 1.166503372929924, 'Dv_D2_scale': 0.4846966328840309, 'b_bulk_scale': 0.2054375827563632, 'b_dislocation_scale': 0.1789132250037107, 'gb_scale': 2.404225708212461, 'gd_bubble_scale': 3.274779047910767, 'gd_line_scale': 0.11365230505482148, 'gd_line_alpha': 0.10320592385653948, 'coalescence_d_scale': 0.18557962764641617, 'capture_scale': 0.0564788117181345}. Best is trial 67 with value: 2.9690598741980367.
[I 2026-05-03 17:58:26,885] Trial 100 finished with value: 4.355270240708624 and parameters: {'rho_high_scale': 0.9719466615165784, 'f_n': 7.514135628351686e-07, 'K_d': 784581.3379304762, 'fission_rate': 5.34802133295808e+19, 'Dg_D1_scale': 3.2309534911301765, 'Dg_D3_scale': 0.21917557107950508, 'Dv_D1_scale': 1.085620761701391, 'Dv_D2_scale': 0.7369051664570513, 'b_bulk_scale': 0.0614732381758105, 'b_dislocation_scale': 0.1346051683889096, 'gb_scale': 7.7228978482953865, 'gd_bubble_scale': 7.6004378319708605, 'gd_line_scale': 0.09317335072241353, 'gd_line_alpha': 0.1812283282032397, 'coalescence_d_scale': 0.2564929770460652, 'capture_scale': 0.07548784795169995}. Best is trial 67 with value: 2.9690598741980367.
[I 2026-05-03 17:58:35,961] Trial 101 finished with value: 4.346776900682101 and parameters: {'rho_high_scale': 0.735627722477101, 'f_n': 1.6421547541588652e-06, 'K_d': 727141.232324019, 'fission_rate': 5.1957312299976204e+19, 'Dg_D1_scale': 2.7465595801356684, 'Dg_D3_scale': 0.1588510113812121, 'Dv_D1_scale': 3.0867668541045163, 'Dv_D2_scale': 1.0631099146401635, 'b_bulk_scale': 0.7972786356452884, 'b_dislocation_scale': 0.12709483949461453, 'gb_scale': 5.533069338368218, 'gd_bubble_scale': 8.604015629041134, 'gd_line_scale': 0.19782450089513817, 'gd_line_alpha': 0.3835441270404659, 'coalescence_d_scale': 0.158907557406568, 'capture_scale': 0.2890751118719563}. Best is trial 67 with value: 2.9690598741980367.
[I 2026-05-03 17:58:41,052] Trial 102 finished with value: 4.0771095217829885 and parameters: {'rho_high_scale': 0.7856692508079111, 'f_n': 1.824985544136041e-07, 'K_d': 710010.2520574033, 'fission_rate': 6.3497401951090246e+19, 'Dg_D1_scale': 2.5774894903029835, 'Dg_D3_scale': 0.2106653786585402, 'Dv_D1_scale': 2.104759484636854, 'Dv_D2_scale': 0.9501472320508969, 'b_bulk_scale': 0.03007968544330912, 'b_dislocation_scale': 0.11095123187195517, 'gb_scale': 4.223888709072212, 'gd_bubble_scale': 4.255323523650582, 'gd_line_scale': 0.1368643996996156, 'gd_line_alpha': 0.442248969207307, 'coalescence_d_scale': 0.13897302477444337, 'capture_scale': 0.18765404951203946}. Best is trial 67 with value: 2.9690598741980367.
[I 2026-05-03 17:58:45,798] Trial 103 finished with value: 4.4987414798955445 and parameters: {'rho_high_scale': 0.8286321387286995, 'f_n': 1.1009585612849062e-06, 'K_d': 675136.8779498605, 'fission_rate': 5.289656690356095e+19, 'Dg_D1_scale': 1.6402348331996641, 'Dg_D3_scale': 0.17786830880538576, 'Dv_D1_scale': 1.742352900351508, 'Dv_D2_scale': 0.8147894983322584, 'b_bulk_scale': 0.03767588275372744, 'b_dislocation_scale': 0.19821643548037204, 'gb_scale': 2.855986151957708, 'gd_bubble_scale': 5.185466331230622, 'gd_line_scale': 0.13618184181518506, 'gd_line_alpha': 0.33455376091835387, 'coalescence_d_scale': 0.20104147375587986, 'capture_scale': 0.06847958203477009}. Best is trial 67 with value: 2.9690598741980367.
[I 2026-05-03 17:58:51,848] Trial 104 finished with value: 4.370460761851258 and parameters: {'rho_high_scale': 0.7374232048938115, 'f_n': 1.182259294047974e-07, 'K_d': 746226.8897042647, 'fission_rate': 6.0233701972303946e+19, 'Dg_D1_scale': 2.8868885718859887, 'Dg_D3_scale': 0.2626712001547809, 'Dv_D1_scale': 1.4886500365785336, 'Dv_D2_scale': 0.6967216538489002, 'b_bulk_scale': 0.4840438011941665, 'b_dislocation_scale': 0.14645216088600424, 'gb_scale': 3.334037091537339, 'gd_bubble_scale': 6.127000341147463, 'gd_line_scale': 0.10562659752041861, 'gd_line_alpha': 0.42013140507349783, 'coalescence_d_scale': 0.12413544511035393, 'capture_scale': 0.10695700296389979}. Best is trial 67 with value: 2.9690598741980367.
[I 2026-05-03 17:59:00,952] Trial 105 finished with value: 3.054367179095523 and parameters: {'rho_high_scale': 0.7776102031885264, 'f_n': 5.44827576860702e-07, 'K_d': 650611.0014851764, 'fission_rate': 5.135645014637843e+19, 'Dg_D1_scale': 3.5179486505352577, 'Dg_D3_scale': 0.29727685274073035, 'Dv_D1_scale': 1.3405172544717685, 'Dv_D2_scale': 1.1636716879448497, 'b_bulk_scale': 0.4055852504729717, 'b_dislocation_scale': 0.1657683225150931, 'gb_scale': 5.025426116819868, 'gd_bubble_scale': 7.171323475897632, 'gd_line_scale': 0.05469681566332214, 'gd_line_alpha': 0.2702580094247615, 'coalescence_d_scale': 0.22385930557242867, 'capture_scale': 0.12981493980882497}. Best is trial 67 with value: 2.9690598741980367.
[I 2026-05-03 17:59:08,260] Trial 106 finished with value: 5.508861973043981 and parameters: {'rho_high_scale': 0.773913900963512, 'f_n': 4.4822333215377877e-07, 'K_d': 650204.4547792448, 'fission_rate': 5.906759284643306e+19, 'Dg_D1_scale': 3.683609152730366, 'Dg_D3_scale': 0.31861830068656155, 'Dv_D1_scale': 1.300996191208707, 'Dv_D2_scale': 1.4550985521073578, 'b_bulk_scale': 0.42517819062889517, 'b_dislocation_scale': 3.6122370513803546, 'gb_scale': 4.526269090132267, 'gd_bubble_scale': 3.8228662967655205, 'gd_line_scale': 0.05661194214336515, 'gd_line_alpha': 0.23939420294117136, 'coalescence_d_scale': 0.2340324434171879, 'capture_scale': 0.09019751780514693}. Best is trial 67 with value: 2.9690598741980367.
[I 2026-05-03 17:59:16,620] Trial 107 finished with value: 4.569388951446974 and parameters: {'rho_high_scale': 1.0588576945515367, 'f_n': 2.9081254669657175e-07, 'K_d': 615399.2332050547, 'fission_rate': 5.774843980528288e+19, 'Dg_D1_scale': 3.376826704668968, 'Dg_D3_scale': 0.2842853866727437, 'Dv_D1_scale': 0.8479771741609365, 'Dv_D2_scale': 1.1561449286727723, 'b_bulk_scale': 0.3955301852367488, 'b_dislocation_scale': 0.17045318471925727, 'gb_scale': 2.4296879111563943, 'gd_bubble_scale': 8.870566254127425, 'gd_line_scale': 0.0678382455098232, 'gd_line_alpha': 0.05817836470985717, 'coalescence_d_scale': 0.16974090092417227, 'capture_scale': 0.13827969739763968}. Best is trial 67 with value: 2.9690598741980367.
[I 2026-05-03 17:59:20,645] Trial 108 finished with value: 4.558400975741783 and parameters: {'rho_high_scale': 0.9147995895835207, 'f_n': 3.68705331383968e-07, 'K_d': 592950.8151833708, 'fission_rate': 4.983625029543558e+19, 'Dg_D1_scale': 2.117858360556096, 'Dg_D3_scale': 0.3641839539239126, 'Dv_D1_scale': 1.714313985805495, 'Dv_D2_scale': 0.782516487353594, 'b_bulk_scale': 0.08880325325423889, 'b_dislocation_scale': 0.2533557541469294, 'gb_scale': 4.891316413736139, 'gd_bubble_scale': 7.474464505316292, 'gd_line_scale': 0.07945752684604301, 'gd_line_alpha': 0.11214465994246303, 'coalescence_d_scale': 0.9216460142637242, 'capture_scale': 0.08465737207743187}. Best is trial 67 with value: 2.9690598741980367.Best trial: 67. Best value: 2.96906:  22%|██▏       | 108/500 [12:35<49:20,  7.55s/it]Best trial: 67. Best value: 2.96906:  22%|██▏       | 108/500 [12:35<49:20,  7.55s/it]Best trial: 67. Best value: 2.96906:  22%|██▏       | 109/500 [12:35<42:21,  6.50s/it]                                                                                      Best trial: 67. Best value: 2.96906:  22%|██▏       | 109/500 [12:44<42:21,  6.50s/it]Best trial: 67. Best value: 2.96906:  22%|██▏       | 109/500 [12:44<42:21,  6.50s/it]Best trial: 67. Best value: 2.96906:  22%|██▏       | 110/500 [12:44<48:06,  7.40s/it]                                                                                      Best trial: 67. Best value: 2.96906:  22%|██▏       | 110/500 [12:53<48:06,  7.40s/it]Best trial: 67. Best value: 2.96906:  22%|██▏       | 110/500 [12:53<48:06,  7.40s/it]Best trial: 67. Best value: 2.96906:  22%|██▏       | 111/500 [12:53<51:37,  7.96s/it]                                                                                      Best trial: 67. Best value: 2.96906:  22%|██▏       | 111/500 [13:03<51:37,  7.96s/it]Best trial: 67. Best value: 2.96906:  22%|██▏       | 111/500 [13:03<51:37,  7.96s/it]Best trial: 67. Best value: 2.96906:  22%|██▏       | 112/500 [13:03<54:36,  8.44s/it]                                                                                      Best trial: 67. Best value: 2.96906:  22%|██▏       | 112/500 [13:10<54:36,  8.44s/it]Best trial: 67. Best value: 2.96906:  22%|██▏       | 112/500 [13:10<54:36,  8.44s/it]Best trial: 67. Best value: 2.96906:  23%|██▎       | 113/500 [13:10<51:05,  7.92s/it]                                                                                      Best trial: 67. Best value: 2.96906:  23%|██▎       | 113/500 [13:18<51:05,  7.92s/it]Best trial: 67. Best value: 2.96906:  23%|██▎       | 113/500 [13:18<51:05,  7.92s/it]Best trial: 67. Best value: 2.96906:  23%|██▎       | 114/500 [13:18<52:01,  8.09s/it]                                                                                      Best trial: 67. Best value: 2.96906:  23%|██▎       | 114/500 [13:26<52:01,  8.09s/it]Best trial: 67. Best value: 2.96906:  23%|██▎       | 114/500 [13:26<52:01,  8.09s/it]Best trial: 67. Best value: 2.96906:  23%|██▎       | 115/500 [13:26<52:12,  8.14s/it]                                                                                      Best trial: 67. Best value: 2.96906:  23%|██▎       | 115/500 [13:36<52:12,  8.14s/it]Best trial: 67. Best value: 2.96906:  23%|██▎       | 115/500 [13:36<52:12,  8.14s/it]Best trial: 67. Best value: 2.96906:  23%|██▎       | 116/500 [13:36<54:40,  8.54s/it]                                                                                      Best trial: 67. Best value: 2.96906:  23%|██▎       | 116/500 [13:44<54:40,  8.54s/it]Best trial: 67. Best value: 2.96906:  23%|██▎       | 116/500 [13:44<54:40,  8.54s/it]Best trial: 67. Best value: 2.96906:  23%|██▎       | 117/500 [13:44<54:07,  8.48s/it]                                                                                      Best trial: 67. Best value: 2.96906:  23%|██▎       | 117/500 [13:52<54:07,  8.48s/it]Best trial: 67. Best value: 2.96906:  23%|██▎       | 117/500 [13:52<54:07,  8.48s/it]Best trial: 67. Best value: 2.96906:  24%|██▎       | 118/500 [13:52<52:10,  8.19s/it]                                                                                      Best trial: 67. Best value: 2.96906:  24%|██▎       | 118/500 [13:59<52:10,  8.19s/it]Best trial: 67. Best value: 2.96906:  24%|██▎       | 118/500 [13:59<52:10,  8.19s/it]Best trial: 67. Best value: 2.96906:  24%|██▍       | 119/500 [13:59<51:01,  8.03s/it]                                                                                      Best trial: 67. Best value: 2.96906:  24%|██▍       | 119/500 [14:05<51:01,  8.03s/it]Best trial: 67. Best value: 2.96906:  24%|██▍       | 119/500 [14:05<51:01,  8.03s/it]Best trial: 67. Best value: 2.96906:  24%|██▍       | 120/500 [14:05<46:58,  7.42s/it]                                                                                      
