[I 2026-05-03 18:17:29,613] Trial 276 finished with value: 3.044068442344852 and parameters: {'rho_high_scale': 1.1592999771953805, 'f_n': 6.940706947060184e-07, 'K_d': 399844.4602867576, 'fission_rate': 7.932127708879041e+19, 'Dg_D1_scale': 1.829386158585727, 'Dg_D3_scale': 1.3060947793959428, 'Dv_D1_scale': 0.3209121120626289, 'Dv_D2_scale': 2.3370600984780707, 'b_bulk_scale': 1.244764700905195, 'b_dislocation_scale': 0.2241788143166144, 'gb_scale': 3.094985946546593, 'gd_bubble_scale': 5.60191543838584, 'gd_line_scale': 0.372851336508713, 'gd_line_alpha': 0.12790509482491896, 'coalescence_d_scale': 0.22270831529641083, 'capture_scale': 0.017551020075205585}. Best is trial 257 with value: 2.602627951144895.Best trial: 257. Best value: 2.60263:  55%|█████▌    | 276/500 [30:43<22:21,  5.99s/it]Best trial: 257. Best value: 2.60263:  55%|█████▌    | 276/500 [30:44<22:21,  5.99s/it]Best trial: 257. Best value: 2.60263:  55%|█████▌    | 277/500 [30:44<22:22,  6.02s/it]                                                                                       Best trial: 257. Best value: 2.60263:  55%|█████▌    | 277/500 [30:48<22:22,  6.02s/it]Best trial: 277. Best value: 2.59636:  55%|█████▌    | 277/500 [30:48<22:22,  6.02s/it]Best trial: 277. Best value: 2.59636:  56%|█████▌    | 278/500 [30:48<20:13,  5.47s/it]                                                                                       Best trial: 277. Best value: 2.59636:  56%|█████▌    | 278/500 [30:54<20:13,  5.47s/it]Best trial: 277. Best value: 2.59636:  56%|█████▌    | 278/500 [30:54<20:13,  5.47s/it]Best trial: 277. Best value: 2.59636:  56%|█████▌    | 279/500 [30:54<20:48,  5.65s/it]                                                                                       Best trial: 277. Best value: 2.59636:  56%|█████▌    | 279/500 [31:00<20:48,  5.65s/it]Best trial: 277. Best value: 2.59636:  56%|█████▌    | 279/500 [31:00<20:48,  5.65s/it]Best trial: 277. Best value: 2.59636:  56%|█████▌    | 280/500 [31:00<21:15,  5.80s/it]                                                                                       Best trial: 277. Best value: 2.59636:  56%|█████▌    | 280/500 [31:06<21:15,  5.80s/it]Best trial: 277. Best value: 2.59636:  56%|█████▌    | 280/500 [31:06<21:15,  5.80s/it]Best trial: 277. Best value: 2.59636:  56%|█████▌    | 281/500 [31:06<21:32,  5.90s/it]                                                                                       Best trial: 277. Best value: 2.59636:  56%|█████▌    | 281/500 [31:12<21:32,  5.90s/it]Best trial: 277. Best value: 2.59636:  56%|█████▌    | 281/500 [31:12<21:32,  5.90s/it]Best trial: 277. Best value: 2.59636:  56%|█████▋    | 282/500 [31:12<21:43,  5.98s/it]                                                                                       Best trial: 277. Best value: 2.59636:  56%|█████▋    | 282/500 [31:16<21:43,  5.98s/it]Best trial: 277. Best value: 2.59636:  56%|█████▋    | 282/500 [31:16<21:43,  5.98s/it]Best trial: 277. Best value: 2.59636:  57%|█████▋    | 283/500 [31:16<19:42,  5.45s/it]                                                                                       Best trial: 277. Best value: 2.59636:  57%|█████▋    | 283/500 [31:23<19:42,  5.45s/it]Best trial: 277. Best value: 2.59636:  57%|█████▋    | 283/500 [31:23<19:42,  5.45s/it]Best trial: 277. Best value: 2.59636:  57%|█████▋    | 284/500 [31:23<20:21,  5.66s/it]                                                                                       Best trial: 277. Best value: 2.59636:  57%|█████▋    | 284/500 [31:29<20:21,  5.66s/it]Best trial: 277. Best value: 2.59636:  57%|█████▋    | 284/500 [31:29<20:21,  5.66s/it]Best trial: 277. Best value: 2.59636:  57%|█████▋    | 285/500 [31:29<20:46,  5.80s/it]                                                                                       Best trial: 277. Best value: 2.59636:  57%|█████▋    | 285/500 [31:35<20:46,  5.80s/it]Best trial: 277. Best value: 2.59636:  57%|█████▋    | 285/500 [31:35<20:46,  5.80s/it]Best trial: 277. Best value: 2.59636:  57%|█████▋    | 286/500 [31:35<21:09,  5.93s/it]                                                                                       Best trial: 277. Best value: 2.59636:  57%|█████▋    | 286/500 [31:41<21:09,  5.93s/it]Best trial: 277. Best value: 2.59636:  57%|█████▋    | 286/500 [31:41<21:09,  5.93s/it]Best trial: 277. Best value: 2.59636:  57%|█████▋    | 287/500 [31:41<21:26,  6.04s/it]                                                                                       Best trial: 277. Best value: 2.59636:  57%|█████▋    | 287/500 [31:48<21:26,  6.04s/it]Best trial: 277. Best value: 2.59636:  57%|█████▋    | 287/500 [31:48<21:26,  6.04s/it]Best trial: 277. Best value: 2.59636:  58%|█████▊    | 288/500 [31:48<21:50,  6.18s/it]                                                                                       
[I 2026-05-03 18:17:33,780] Trial 277 finished with value: 2.5963620740544 and parameters: {'rho_high_scale': 0.7008399190271538, 'f_n': 9.238623455837331e-07, 'K_d': 409417.3874431346, 'fission_rate': 7.996720738810762e+19, 'Dg_D1_scale': 1.612802533616711, 'Dg_D3_scale': 1.147854726850725, 'Dv_D1_scale': 0.37040968519919015, 'Dv_D2_scale': 2.7598543442218935, 'b_bulk_scale': 1.4200062054584268, 'b_dislocation_scale': 0.23425957720897464, 'gb_scale': 3.149719806352905, 'gd_bubble_scale': 5.980975556679152, 'gd_line_scale': 0.3730327463742619, 'gd_line_alpha': 0.0835461267474427, 'coalescence_d_scale': 0.2505647938112164, 'capture_scale': 0.016960647901868575}. Best is trial 277 with value: 2.5963620740544.
[I 2026-05-03 18:17:39,863] Trial 278 finished with value: 2.647542817264146 and parameters: {'rho_high_scale': 0.7011833536346843, 'f_n': 9.39864906398146e-07, 'K_d': 407110.744749457, 'fission_rate': 7.997329380956034e+19, 'Dg_D1_scale': 1.6280019453935473, 'Dg_D3_scale': 1.1462374190425073, 'Dv_D1_scale': 0.36359540500932375, 'Dv_D2_scale': 2.648948715187652, 'b_bulk_scale': 1.4370206456099224, 'b_dislocation_scale': 0.2124944520460548, 'gb_scale': 3.0536632492340945, 'gd_bubble_scale': 6.254877692870929, 'gd_line_scale': 0.36881546021457257, 'gd_line_alpha': 0.07697257023949806, 'coalescence_d_scale': 0.23418094893738312, 'capture_scale': 0.02021565176744127}. Best is trial 277 with value: 2.5963620740544.
[I 2026-05-03 18:17:45,994] Trial 279 finished with value: 2.6523766028137437 and parameters: {'rho_high_scale': 0.7001453945464633, 'f_n': 9.135117873644548e-07, 'K_d': 406105.516458858, 'fission_rate': 7.991139011357971e+19, 'Dg_D1_scale': 1.589250559505698, 'Dg_D3_scale': 1.1430750291276557, 'Dv_D1_scale': 0.36974261559647287, 'Dv_D2_scale': 2.6552881684946694, 'b_bulk_scale': 1.4246876504335342, 'b_dislocation_scale': 0.21578333479910528, 'gb_scale': 3.015645121079888, 'gd_bubble_scale': 6.378920165135841, 'gd_line_scale': 0.37211838414882575, 'gd_line_alpha': 0.096791385536211, 'coalescence_d_scale': 0.22952215259779635, 'capture_scale': 0.016277350969927433}. Best is trial 277 with value: 2.5963620740544.
[I 2026-05-03 18:17:52,152] Trial 280 finished with value: 2.619537113457359 and parameters: {'rho_high_scale': 0.727904558249643, 'f_n': 7.685545539409106e-07, 'K_d': 429014.62973941636, 'fission_rate': 7.914699189758106e+19, 'Dg_D1_scale': 1.7119948034871393, 'Dg_D3_scale': 1.3232262739927636, 'Dv_D1_scale': 0.345556121420328, 'Dv_D2_scale': 2.1542092211034376, 'b_bulk_scale': 1.211455589288708, 'b_dislocation_scale': 0.2302859428004542, 'gb_scale': 2.91994978836046, 'gd_bubble_scale': 5.701139572728022, 'gd_line_scale': 0.36249979739371957, 'gd_line_alpha': 0.17372666825741195, 'coalescence_d_scale': 0.25551303772139194, 'capture_scale': 0.020384332198372965}. Best is trial 277 with value: 2.5963620740544.
[I 2026-05-03 18:17:58,306] Trial 281 finished with value: 2.6038056990674057 and parameters: {'rho_high_scale': 0.7010140683266896, 'f_n': 7.46896911770147e-07, 'K_d': 427864.34533018136, 'fission_rate': 7.903038057086478e+19, 'Dg_D1_scale': 1.7818103864644932, 'Dg_D3_scale': 1.0425890657524435, 'Dv_D1_scale': 0.33789237870897615, 'Dv_D2_scale': 2.847256564853398, 'b_bulk_scale': 1.1907373132141081, 'b_dislocation_scale': 0.23168677985737696, 'gb_scale': 3.2598230104787493, 'gd_bubble_scale': 5.773656428747095, 'gd_line_scale': 0.37043714683965817, 'gd_line_alpha': 0.14024927426356026, 'coalescence_d_scale': 0.2659109160518932, 'capture_scale': 0.016761138173713358}. Best is trial 277 with value: 2.5963620740544.
[I 2026-05-03 18:18:02,516] Trial 282 finished with value: 2.625455564568644 and parameters: {'rho_high_scale': 0.7337657705538139, 'f_n': 7.944406867324777e-07, 'K_d': 432253.2325119585, 'fission_rate': 7.916085434766857e+19, 'Dg_D1_scale': 1.7383152861092914, 'Dg_D3_scale': 1.2982013663412912, 'Dv_D1_scale': 0.340155011010977, 'Dv_D2_scale': 2.1792458834949846, 'b_bulk_scale': 1.1756108566499435, 'b_dislocation_scale': 0.23538470394644068, 'gb_scale': 2.788725988680624, 'gd_bubble_scale': 5.748226295980674, 'gd_line_scale': 0.39105990814211317, 'gd_line_alpha': 0.17651758278742607, 'coalescence_d_scale': 0.2592481914227556, 'capture_scale': 0.015211212431111202}. Best is trial 277 with value: 2.5963620740544.
[I 2026-05-03 18:18:08,658] Trial 283 finished with value: 3.8254928341161736 and parameters: {'rho_high_scale': 2.002210839043541, 'f_n': 8.058669899235667e-07, 'K_d': 385801.41877272475, 'fission_rate': 7.896525782575997e+19, 'Dg_D1_scale': 1.7192261148882195, 'Dg_D3_scale': 1.359784954587239, 'Dv_D1_scale': 0.2958231395512323, 'Dv_D2_scale': 2.1879597171441487, 'b_bulk_scale': 1.1772204351159272, 'b_dislocation_scale': 0.20296161502823706, 'gb_scale': 2.787939181495684, 'gd_bubble_scale': 5.817694402042484, 'gd_line_scale': 0.27854580397891465, 'gd_line_alpha': 0.13484088726981716, 'coalescence_d_scale': 0.2165763622697696, 'capture_scale': 0.015935324463200246}. Best is trial 277 with value: 2.5963620740544.
[I 2026-05-03 18:18:14,793] Trial 284 finished with value: 2.621616442990658 and parameters: {'rho_high_scale': 0.7363680930898252, 'f_n': 7.704895271009187e-07, 'K_d': 431328.3053629226, 'fission_rate': 7.893175491986194e+19, 'Dg_D1_scale': 1.7599705499950762, 'Dg_D3_scale': 1.268389144730611, 'Dv_D1_scale': 0.3321361169433255, 'Dv_D2_scale': 2.8719074972436878, 'b_bulk_scale': 1.2163720468788826, 'b_dislocation_scale': 0.24041781641468338, 'gb_scale': 3.3152985109325064, 'gd_bubble_scale': 6.746134333169918, 'gd_line_scale': 0.3557264213805766, 'gd_line_alpha': 0.17545127388282028, 'coalescence_d_scale': 0.26366969311858746, 'capture_scale': 0.01689219347520809}. Best is trial 277 with value: 2.5963620740544.
[I 2026-05-03 18:18:21,026] Trial 285 finished with value: 2.63956858224867 and parameters: {'rho_high_scale': 0.7360639063680292, 'f_n': 9.567174108569887e-07, 'K_d': 432190.5616539335, 'fission_rate': 7.887223995475321e+19, 'Dg_D1_scale': 1.7478743034434714, 'Dg_D3_scale': 1.5367534806281575, 'Dv_D1_scale': 0.33061344235170265, 'Dv_D2_scale': 2.8211871999713813, 'b_bulk_scale': 1.2114382889567616, 'b_dislocation_scale': 0.24327156268996744, 'gb_scale': 2.833264759135336, 'gd_bubble_scale': 6.831251931726813, 'gd_line_scale': 0.3568220835930262, 'gd_line_alpha': 0.1762746108816366, 'coalescence_d_scale': 0.2637484875277015, 'capture_scale': 0.014312398487399423}. Best is trial 277 with value: 2.5963620740544.
[I 2026-05-03 18:18:27,295] Trial 286 finished with value: 2.6176306766153252 and parameters: {'rho_high_scale': 0.7364060981579122, 'f_n': 7.56966663064586e-07, 'K_d': 412961.01160803373, 'fission_rate': 7.903676631997738e+19, 'Dg_D1_scale': 1.6873653415560654, 'Dg_D3_scale': 1.2374403025746716, 'Dv_D1_scale': 0.35036428878084763, 'Dv_D2_scale': 2.1328594411365276, 'b_bulk_scale': 1.2677824194731633, 'b_dislocation_scale': 0.23940923274256692, 'gb_scale': 3.3349690599197266, 'gd_bubble_scale': 6.5625171155848925, 'gd_line_scale': 0.2690432373808228, 'gd_line_alpha': 0.11932551570051064, 'coalescence_d_scale': 0.21386470311919764, 'capture_scale': 0.01738296495895934}. Best is trial 277 with value: 2.5963620740544.
[I 2026-05-03 18:18:33,831] Trial 287 finished with value: 2.667168533256369 and parameters: {'rho_high_scale': 0.7792872924787698, 'f_n': 1.0498125843132948e-06, 'K_d': 414486.89301204367, 'fission_rate': 7.884185569958239e+19, 'Dg_D1_scale': 1.573734585189308, 'Dg_D3_scale': 1.0308673534248154, 'Dv_D1_scale': 0.3516959288499053, 'Dv_D2_scale': 2.3916182563613098, 'b_bulk_scale': 1.270031862612267, 'b_dislocation_scale': 0.2029352766089394, 'gb_scale': 3.333742434206065, 'gd_bubble_scale': 6.560360100710961, 'gd_line_scale': 0.27508928659336046, 'gd_line_alpha': 0.11182721846063101, 'coalescence_d_scale': 0.21459514036939475, 'capture_scale': 0.017310559966111628}. Best is trial 277 with value: 2.5963620740544.
[I 2026-05-03 18:18:38,301] Trial 288 finished with value: 4.275493340214445 and parameters: {'rho_high_scale': 2.1488377773647094, 'f_n': 7.639473024738614e-07, 'K_d': 396243.13935566373, 'fission_rate': 7.915037898413836e+19, 'Dg_D1_scale': 1.5168486333700566, 'Dg_D3_scale': 1.2388425015288191, 'Dv_D1_scale': 0.37241319417735685, 'Dv_D2_scale': 1.9956152887877983, 'b_bulk_scale': 1.489767275072468, 'b_dislocation_scale': 0.21148368078446533, 'gb_scale': 3.3704671274688036, 'gd_bubble_scale': 7.544881758699069, 'gd_line_scale': 0.29259951792011824, 'gd_line_alpha': 0.1380955163148246, 'coalescence_d_scale': 0.29559471063147297, 'capture_scale': 0.018072567135287942}. Best is trial 277 with value: 2.5963620740544.Best trial: 277. Best value: 2.59636:  58%|█████▊    | 288/500 [31:52<21:50,  6.18s/it]Best trial: 277. Best value: 2.59636:  58%|█████▊    | 288/500 [31:52<21:50,  6.18s/it]Best trial: 277. Best value: 2.59636:  58%|█████▊    | 289/500 [31:52<19:55,  5.67s/it]                                                                                       Best trial: 277. Best value: 2.59636:  58%|█████▊    | 289/500 [31:58<19:55,  5.67s/it]Best trial: 277. Best value: 2.59636:  58%|█████▊    | 289/500 [31:59<19:55,  5.67s/it]Best trial: 277. Best value: 2.59636:  58%|█████▊    | 290/500 [31:59<20:29,  5.85s/it]                                                                                       Best trial: 277. Best value: 2.59636:  58%|█████▊    | 290/500 [32:05<20:29,  5.85s/it]Best trial: 277. Best value: 2.59636:  58%|█████▊    | 290/500 [32:05<20:29,  5.85s/it]Best trial: 277. Best value: 2.59636:  58%|█████▊    | 291/500 [32:05<20:55,  6.01s/it]                                                                                       Best trial: 277. Best value: 2.59636:  58%|█████▊    | 291/500 [32:11<20:55,  6.01s/it]Best trial: 277. Best value: 2.59636:  58%|█████▊    | 291/500 [32:11<20:55,  6.01s/it]Best trial: 277. Best value: 2.59636:  58%|█████▊    | 292/500 [32:11<21:07,  6.09s/it]                                                                                       Best trial: 277. Best value: 2.59636:  58%|█████▊    | 292/500 [32:18<21:07,  6.09s/it]Best trial: 277. Best value: 2.59636:  58%|█████▊    | 292/500 [32:18<21:07,  6.09s/it]Best trial: 277. Best value: 2.59636:  59%|█████▊    | 293/500 [32:18<21:23,  6.20s/it]                                                                                       Best trial: 277. Best value: 2.59636:  59%|█████▊    | 293/500 [32:22<21:23,  6.20s/it]Best trial: 277. Best value: 2.59636:  59%|█████▊    | 293/500 [32:22<21:23,  6.20s/it]Best trial: 277. Best value: 2.59636:  59%|█████▉    | 294/500 [32:22<19:38,  5.72s/it]                                                                                       Best trial: 277. Best value: 2.59636:  59%|█████▉    | 294/500 [32:28<19:38,  5.72s/it]Best trial: 277. Best value: 2.59636:  59%|█████▉    | 294/500 [32:29<19:38,  5.72s/it]Best trial: 277. Best value: 2.59636:  59%|█████▉    | 295/500 [32:29<20:06,  5.88s/it]                                                                                       Best trial: 277. Best value: 2.59636:  59%|█████▉    | 295/500 [32:35<20:06,  5.88s/it]Best trial: 277. Best value: 2.59636:  59%|█████▉    | 295/500 [32:35<20:06,  5.88s/it]Best trial: 277. Best value: 2.59636:  59%|█████▉    | 296/500 [32:35<20:17,  5.97s/it]                                                                                       Best trial: 277. Best value: 2.59636:  59%|█████▉    | 296/500 [32:41<20:17,  5.97s/it]Best trial: 277. Best value: 2.59636:  59%|█████▉    | 296/500 [32:41<20:17,  5.97s/it]Best trial: 277. Best value: 2.59636:  59%|█████▉    | 297/500 [32:41<20:25,  6.04s/it]                                                                                       Best trial: 277. Best value: 2.59636:  59%|█████▉    | 297/500 [32:47<20:25,  6.04s/it]Best trial: 277. Best value: 2.59636:  59%|█████▉    | 297/500 [32:47<20:25,  6.04s/it]Best trial: 277. Best value: 2.59636:  60%|█████▉    | 298/500 [32:47<20:46,  6.17s/it]                                                                                       Best trial: 277. Best value: 2.59636:  60%|█████▉    | 298/500 [32:52<20:46,  6.17s/it]Best trial: 277. Best value: 2.59636:  60%|█████▉    | 298/500 [32:52<20:46,  6.17s/it]Best trial: 277. Best value: 2.59636:  60%|█████▉    | 299/500 [32:52<18:48,  5.61s/it]                                                                                       Best trial: 277. Best value: 2.59636:  60%|█████▉    | 299/500 [32:58<18:48,  5.61s/it]Best trial: 277. Best value: 2.59636:  60%|█████▉    | 299/500 [32:58<18:48,  5.61s/it]Best trial: 277. Best value: 2.59636:  60%|██████    | 300/500 [32:58<19:13,  5.77s/it]                                                                                       
[I 2026-05-03 18:18:44,591] Trial 289 finished with value: 2.617049962170422 and parameters: {'rho_high_scale': 0.7376999786952646, 'f_n': 8.227259270960464e-07, 'K_d': 413724.2899058793, 'fission_rate': 7.87360228368459e+19, 'Dg_D1_scale': 1.6471738846616641, 'Dg_D3_scale': 1.1858636262153779, 'Dv_D1_scale': 0.3157834248493478, 'Dv_D2_scale': 2.8719509600121707, 'b_bulk_scale': 1.1001687021112896, 'b_dislocation_scale': 0.24245404128216014, 'gb_scale': 2.9155918634378892, 'gd_bubble_scale': 6.665944329363168, 'gd_line_scale': 0.3617507090649483, 'gd_line_alpha': 0.14629930096709187, 'coalescence_d_scale': 0.21792186783694112, 'capture_scale': 0.01858925069849734}. Best is trial 277 with value: 2.5963620740544.
[I 2026-05-03 18:18:50,958] Trial 290 finished with value: 2.6243249800481725 and parameters: {'rho_high_scale': 0.7412088818540047, 'f_n': 8.308202977562891e-07, 'K_d': 415870.2821389776, 'fission_rate': 7.869125634530451e+19, 'Dg_D1_scale': 1.6286461150799554, 'Dg_D3_scale': 1.1938669730373828, 'Dv_D1_scale': 0.32229866695662385, 'Dv_D2_scale': 2.8281480993018238, 'b_bulk_scale': 1.0731819874729596, 'b_dislocation_scale': 0.2415104527601453, 'gb_scale': 2.8058954310150073, 'gd_bubble_scale': 6.931933207677202, 'gd_line_scale': 0.3620491768347872, 'gd_line_alpha': 0.09764174684148996, 'coalescence_d_scale': 0.2201999904788762, 'capture_scale': 0.01686522056375051}. Best is trial 277 with value: 2.5963620740544.
[I 2026-05-03 18:18:57,246] Trial 291 finished with value: 2.650219369120352 and parameters: {'rho_high_scale': 0.7814479807207185, 'f_n': 1.0427529731700643e-06, 'K_d': 409841.12282746, 'fission_rate': 7.872831752786112e+19, 'Dg_D1_scale': 1.4643535820919102, 'Dg_D3_scale': 1.4623789010968287, 'Dv_D1_scale': 0.2786889043205382, 'Dv_D2_scale': 2.301047530169741, 'b_bulk_scale': 1.2733476502122494, 'b_dislocation_scale': 0.20169440878637526, 'gb_scale': 3.450737708075858, 'gd_bubble_scale': 6.365817186759901, 'gd_line_scale': 0.26609547497376757, 'gd_line_alpha': 0.12406056319760358, 'coalescence_d_scale': 0.28240879804859215, 'capture_scale': 0.018890144836583033}. Best is trial 277 with value: 2.5963620740544.
[I 2026-05-03 18:19:03,695] Trial 292 finished with value: 2.6144963171553144 and parameters: {'rho_high_scale': 0.736192629861103, 'f_n': 7.853389644666443e-07, 'K_d': 414924.12835627806, 'fission_rate': 7.912179699452114e+19, 'Dg_D1_scale': 1.7995752410941555, 'Dg_D3_scale': 1.0352510707111737, 'Dv_D1_scale': 0.30828312308121825, 'Dv_D2_scale': 2.496093666761188, 'b_bulk_scale': 1.1414288556668748, 'b_dislocation_scale': 0.24854874274670283, 'gb_scale': 2.8925406774695825, 'gd_bubble_scale': 6.385503243372785, 'gd_line_scale': 0.4062701655661154, 'gd_line_alpha': 0.19424151133743506, 'coalescence_d_scale': 0.21159244486131057, 'capture_scale': 0.014300213586547931}. Best is trial 277 with value: 2.5963620740544.
[I 2026-05-03 18:19:08,301] Trial 293 finished with value: 2.6211637141689406 and parameters: {'rho_high_scale': 0.738251554003706, 'f_n': 7.92423053626531e-07, 'K_d': 398764.6971707187, 'fission_rate': 7.87853865555419e+19, 'Dg_D1_scale': 1.6758921091072274, 'Dg_D3_scale': 1.2825074163725836, 'Dv_D1_scale': 0.3468306374655313, 'Dv_D2_scale': 2.7993052592524537, 'b_bulk_scale': 1.1380158730853982, 'b_dislocation_scale': 0.25732739179334435, 'gb_scale': 2.869139447066432, 'gd_bubble_scale': 8.142042685107771, 'gd_line_scale': 0.29495245195626657, 'gd_line_alpha': 0.038277862672075724, 'coalescence_d_scale': 0.20614991944835323, 'capture_scale': 0.014788174439621254}. Best is trial 277 with value: 2.5963620740544.
