[I 2026-05-03 17:59:30,185] Trial 109 finished with value: 5.378451227304355 and parameters: {'rho_high_scale': 1.9005002210836626, 'f_n': 8.961356521250095e-08, 'K_d': 680476.765436102, 'fission_rate': 4.86724793159343e+19, 'Dg_D1_scale': 1.6958006722613794, 'Dg_D3_scale': 0.2398245338716318, 'Dv_D1_scale': 1.0070578851695597, 'Dv_D2_scale': 1.2444786395276983, 'b_bulk_scale': 0.683627649175778, 'b_dislocation_scale': 0.19656999939457512, 'gb_scale': 2.757142073582471, 'gd_bubble_scale': 5.479502319121276, 'gd_line_scale': 0.2970806756233416, 'gd_line_alpha': 0.14432217402333872, 'coalescence_d_scale': 0.15118304915181097, 'capture_scale': 0.12404913282723007}. Best is trial 67 with value: 2.9690598741980367.
[I 2026-05-03 17:59:39,454] Trial 110 finished with value: 3.725269260780228 and parameters: {'rho_high_scale': 0.8523867962434055, 'f_n': 6.382571848111139e-07, 'K_d': 658442.633527361, 'fission_rate': 5.106345014493292e+19, 'Dg_D1_scale': 2.213330957469071, 'Dg_D3_scale': 0.2006597512736324, 'Dv_D1_scale': 1.49077880215342, 'Dv_D2_scale': 0.8975916083253321, 'b_bulk_scale': 0.35893743646369697, 'b_dislocation_scale': 0.04437100593246713, 'gb_scale': 3.6070849998190693, 'gd_bubble_scale': 1.7228152615803456, 'gd_line_scale': 0.05432831236461872, 'gd_line_alpha': 0.2606940525011884, 'coalescence_d_scale': 0.21156922808936707, 'capture_scale': 0.16108095067442485}. Best is trial 67 with value: 2.9690598741980367.
[I 2026-05-03 17:59:49,021] Trial 111 finished with value: 3.853610255002873 and parameters: {'rho_high_scale': 0.7277991395875084, 'f_n': 2.3370782477534773e-06, 'K_d': 702926.5798671538, 'fission_rate': 5.132221371993401e+19, 'Dg_D1_scale': 2.583620918312129, 'Dg_D3_scale': 0.1676242792082983, 'Dv_D1_scale': 2.834853215069259, 'Dv_D2_scale': 1.040630309110355, 'b_bulk_scale': 0.5411073418493083, 'b_dislocation_scale': 0.1031453270897069, 'gb_scale': 3.9982725975530977, 'gd_bubble_scale': 6.786228290067701, 'gd_line_scale': 0.06530876073520175, 'gd_line_alpha': 0.6731197592378226, 'coalescence_d_scale': 0.11610596211952712, 'capture_scale': 7.390892678046293}. Best is trial 67 with value: 2.9690598741980367.
[I 2026-05-03 17:59:55,726] Trial 112 finished with value: 3.4814589880819073 and parameters: {'rho_high_scale': 0.802796360237209, 'f_n': 7.879127788262984e-07, 'K_d': 733549.6799149733, 'fission_rate': 5.429817702609597e+19, 'Dg_D1_scale': 1.9499563781884393, 'Dg_D3_scale': 0.15780062150384283, 'Dv_D1_scale': 2.4689637407854446, 'Dv_D2_scale': 0.8753870065324839, 'b_bulk_scale': 0.580591194255572, 'b_dislocation_scale': 0.12066528857608096, 'gb_scale': 7.988759531657724, 'gd_bubble_scale': 4.515486273420534, 'gd_line_scale': 0.1762908778702404, 'gd_line_alpha': 0.5238313128016859, 'coalescence_d_scale': 0.10049316739398347, 'capture_scale': 0.07059137550783234}. Best is trial 67 with value: 2.9690598741980367.
[I 2026-05-03 18:00:04,197] Trial 113 finished with value: 3.1241083066831097 and parameters: {'rho_high_scale': 0.7002735520653505, 'f_n': 1.1258028726581562e-06, 'K_d': 668453.5345821863, 'fission_rate': 5.547683800133802e+19, 'Dg_D1_scale': 3.5441746617315326, 'Dg_D3_scale': 0.18944332310550663, 'Dv_D1_scale': 2.1313050346298126, 'Dv_D2_scale': 0.964549312034569, 'b_bulk_scale': 0.4682359713050528, 'b_dislocation_scale': 0.16357190355564166, 'gb_scale': 3.1973053230105357, 'gd_bubble_scale': 7.306559027300979, 'gd_line_scale': 0.09240150232776956, 'gd_line_alpha': 0.4012735553328549, 'coalescence_d_scale': 0.13613173209535137, 'capture_scale': 0.25828186604972675}. Best is trial 67 with value: 2.9690598741980367.
[I 2026-05-03 18:00:12,450] Trial 114 finished with value: 3.29731386030547 and parameters: {'rho_high_scale': 0.7727178571500298, 'f_n': 1.0976542254922892e-06, 'K_d': 672371.8260826593, 'fission_rate': 5.573869908146439e+19, 'Dg_D1_scale': 3.6239169980285983, 'Dg_D3_scale': 0.29891155154319426, 'Dv_D1_scale': 2.134227265158026, 'Dv_D2_scale': 1.1561982668354285, 'b_bulk_scale': 0.46991620829227976, 'b_dislocation_scale': 0.16635506118121382, 'gb_scale': 3.1558594043701786, 'gd_bubble_scale': 7.551785665425288, 'gd_line_scale': 0.0888168950106839, 'gd_line_alpha': 0.3799228923690993, 'coalescence_d_scale': 0.18431197378525244, 'capture_scale': 0.23922931216431487}. Best is trial 67 with value: 2.9690598741980367.
[I 2026-05-03 18:00:21,932] Trial 115 finished with value: 4.272307456123442 and parameters: {'rho_high_scale': 0.7018665000084566, 'f_n': 5.327920219428543e-07, 'K_d': 643689.1581651794, 'fission_rate': 4.038012850614652e+19, 'Dg_D1_scale': 3.4770798779181336, 'Dg_D3_scale': 0.19087562550668202, 'Dv_D1_scale': 1.334866094520366, 'Dv_D2_scale': 0.9679412901061261, 'b_bulk_scale': 0.28228590069458265, 'b_dislocation_scale': 0.14317333093027534, 'gb_scale': 2.2202216051810018, 'gd_bubble_scale': 1.2579859176605803, 'gd_line_scale': 0.07920286698195375, 'gd_line_alpha': 0.47782621627710087, 'coalescence_d_scale': 0.1322392240250942, 'capture_scale': 0.11213476117921418}. Best is trial 67 with value: 2.9690598741980367.
[I 2026-05-03 18:00:30,273] Trial 116 finished with value: 4.377849308072092 and parameters: {'rho_high_scale': 0.752395878920897, 'f_n': 1.798746982962771e-07, 'K_d': 685378.1930596103, 'fission_rate': 5.663948183184953e+19, 'Dg_D1_scale': 3.8479809596695653, 'Dg_D3_scale': 0.2500554994191097, 'Dv_D1_scale': 1.1423618622896294, 'Dv_D2_scale': 1.3488055710553322, 'b_bulk_scale': 0.7441281011558547, 'b_dislocation_scale': 0.21452089488525797, 'gb_scale': 1.8623499012284968, 'gd_bubble_scale': 9.09913967542022, 'gd_line_scale': 0.09772063006549939, 'gd_line_alpha': 0.4135032794984818, 'coalescence_d_scale': 2.9510809737062993, 'capture_scale': 0.060227026592723026}. Best is trial 67 with value: 2.9690598741980367.
[I 2026-05-03 18:00:37,802] Trial 117 finished with value: 3.095259372951307 and parameters: {'rho_high_scale': 0.8367088875390207, 'f_n': 5.773162938536202e-08, 'K_d': 630933.6897286755, 'fission_rate': 6.220100224556179e+19, 'Dg_D1_scale': 3.1888412270181687, 'Dg_D3_scale': 0.20946173582799346, 'Dv_D1_scale': 2.262367401645233, 'Dv_D2_scale': 0.5842091045710739, 'b_bulk_scale': 0.33027545324014596, 'b_dislocation_scale': 0.184447941202188, 'gb_scale': 6.169575788358836, 'gd_bubble_scale': 6.299374099911324, 'gd_line_scale': 0.07317471509557398, 'gd_line_alpha': 0.20810582513549403, 'coalescence_d_scale': 0.15828310108291171, 'capture_scale': 0.0950305811274751}. Best is trial 67 with value: 2.9690598741980367.
[I 2026-05-03 18:00:45,424] Trial 118 finished with value: 4.125181648469579 and parameters: {'rho_high_scale': 0.8320552686794366, 'f_n': 5.0770184887724995e-08, 'K_d': 615902.792475252, 'fission_rate': 6.431178971216544e+19, 'Dg_D1_scale': 1.5407044216879802, 'Dg_D3_scale': 0.17775211958571963, 'Dv_D1_scale': 2.2675633872119616, 'Dv_D2_scale': 0.4052705450516299, 'b_bulk_scale': 0.3860003825936256, 'b_dislocation_scale': 0.15060085578551033, 'gb_scale': 6.394925404926041, 'gd_bubble_scale': 2.0349772326323357, 'gd_line_scale': 0.06929351924262911, 'gd_line_alpha': 0.5524147285271834, 'coalescence_d_scale': 0.153275989004821, 'capture_scale': 0.14652382690247823}. Best is trial 67 with value: 2.9690598741980367.
[I 2026-05-03 18:00:51,439] Trial 119 finished with value: 3.349701587645061 and parameters: {'rho_high_scale': 0.8049154103969008, 'f_n': 3.171735489212934e-08, 'K_d': 628729.0575583553, 'fission_rate': 6.091690652584588e+19, 'Dg_D1_scale': 2.9037593614140196, 'Dg_D3_scale': 0.20206106753313346, 'Dv_D1_scale': 2.304941670343601, 'Dv_D2_scale': 0.5973374761851945, 'b_bulk_scale': 0.33359596814186865, 'b_dislocation_scale': 0.18610848192384596, 'gb_scale': 5.328293924487602, 'gd_bubble_scale': 6.061502148156031, 'gd_line_scale': 0.057260636175110714, 'gd_line_alpha': 0.20640854279280044, 'coalescence_d_scale': 0.1343590662969855, 'capture_scale': 0.20962944125746244}. Best is trial 67 with value: 2.9690598741980367.
[I 2026-05-03 18:00:57,519] Trial 120 finished with value: 4.885528792857395 and parameters: {'rho_high_scale': 0.7336720137253794, 'f_n': 8.727758415149601e-08, 'K_d': 668059.1635446651, 'fission_rate': 6.17400059634121e+19, 'Dg_D1_scale': 2.280622235792558, 'Dg_D3_scale': 0.33635496858445046, 'Dv_D1_scale': 2.499438817151086, 'Dv_D2_scale': 1.066758072560539, 'b_bulk_scale': 0.2537358969433128, 'b_dislocation_scale': 0.3029167578714151, 'gb_scale': 5.753659450478715, 'gd_bubble_scale': 1.55411502969628, 'gd_line_scale': 0.0738161794024573, 'gd_line_alpha': 0.28227304262868413, 'coalescence_d_scale': 0.16631916781117093, 'capture_scale': 0.08581548621224803}. Best is trial 67 with value: 2.9690598741980367.Best trial: 67. Best value: 2.96906:  24%|██▍       | 120/500 [14:11<46:58,  7.42s/it]Best trial: 67. Best value: 2.96906:  24%|██▍       | 120/500 [14:11<46:58,  7.42s/it]Best trial: 67. Best value: 2.96906:  24%|██▍       | 121/500 [14:11<44:18,  7.02s/it]                                                                                      Best trial: 67. Best value: 2.96906:  24%|██▍       | 121/500 [14:20<44:18,  7.02s/it]Best trial: 67. Best value: 2.96906:  24%|██▍       | 121/500 [14:20<44:18,  7.02s/it]Best trial: 67. Best value: 2.96906:  24%|██▍       | 122/500 [14:20<46:48,  7.43s/it]                                                                                      Best trial: 67. Best value: 2.96906:  24%|██▍       | 122/500 [14:27<46:48,  7.43s/it]Best trial: 67. Best value: 2.96906:  24%|██▍       | 122/500 [14:27<46:48,  7.43s/it]Best trial: 67. Best value: 2.96906:  25%|██▍       | 123/500 [14:27<46:49,  7.45s/it]                                                                                      Best trial: 67. Best value: 2.96906:  25%|██▍       | 123/500 [14:35<46:49,  7.45s/it]Best trial: 67. Best value: 2.96906:  25%|██▍       | 123/500 [14:35<46:49,  7.45s/it]Best trial: 67. Best value: 2.96906:  25%|██▍       | 124/500 [14:35<46:37,  7.44s/it]                                                                                      Best trial: 67. Best value: 2.96906:  25%|██▍       | 124/500 [14:41<46:37,  7.44s/it]Best trial: 67. Best value: 2.96906:  25%|██▍       | 124/500 [14:41<46:37,  7.44s/it]Best trial: 67. Best value: 2.96906:  25%|██▌       | 125/500 [14:41<43:38,  6.98s/it]                                                                                      Best trial: 67. Best value: 2.96906:  25%|██▌       | 125/500 [14:48<43:38,  6.98s/it]Best trial: 67. Best value: 2.96906:  25%|██▌       | 125/500 [14:48<43:38,  6.98s/it]Best trial: 67. Best value: 2.96906:  25%|██▌       | 126/500 [14:48<44:56,  7.21s/it]                                                                                      Best trial: 67. Best value: 2.96906:  25%|██▌       | 126/500 [14:56<44:56,  7.21s/it]Best trial: 67. Best value: 2.96906:  25%|██▌       | 126/500 [14:57<44:56,  7.21s/it]Best trial: 67. Best value: 2.96906:  25%|██▌       | 127/500 [14:57<46:37,  7.50s/it]                                                                                      Best trial: 67. Best value: 2.96906:  25%|██▌       | 127/500 [15:05<46:37,  7.50s/it]Best trial: 67. Best value: 2.96906:  25%|██▌       | 127/500 [15:05<46:37,  7.50s/it]Best trial: 67. Best value: 2.96906:  26%|██▌       | 128/500 [15:05<47:48,  7.71s/it]                                                                                      Best trial: 67. Best value: 2.96906:  26%|██▌       | 128/500 [15:10<47:48,  7.71s/it]Best trial: 67. Best value: 2.96906:  26%|██▌       | 128/500 [15:10<47:48,  7.71s/it]Best trial: 67. Best value: 2.96906:  26%|██▌       | 129/500 [15:10<43:11,  6.98s/it]                                                                                      Best trial: 67. Best value: 2.96906:  26%|██▌       | 129/500 [15:17<43:11,  6.98s/it]Best trial: 67. Best value: 2.96906:  26%|██▌       | 129/500 [15:17<43:11,  6.98s/it]Best trial: 67. Best value: 2.96906:  26%|██▌       | 130/500 [15:17<43:25,  7.04s/it]                                                                                      Best trial: 67. Best value: 2.96906:  26%|██▌       | 130/500 [15:25<43:25,  7.04s/it]Best trial: 67. Best value: 2.96906:  26%|██▌       | 130/500 [15:25<43:25,  7.04s/it]Best trial: 67. Best value: 2.96906:  26%|██▌       | 131/500 [15:25<43:49,  7.13s/it]                                                                                      Best trial: 67. Best value: 2.96906:  26%|██▌       | 131/500 [15:32<43:49,  7.13s/it]Best trial: 67. Best value: 2.96906:  26%|██▌       | 131/500 [15:32<43:49,  7.13s/it]Best trial: 67. Best value: 2.96906:  26%|██▋       | 132/500 [15:32<44:58,  7.33s/it]                                                                                      
[I 2026-05-03 18:01:05,914] Trial 121 finished with value: 3.553772729430601 and parameters: {'rho_high_scale': 0.8683679324989045, 'f_n': 6.838716850213046e-08, 'K_d': 651849.8538179349, 'fission_rate': 5.543194903072522e+19, 'Dg_D1_scale': 3.2501021929818625, 'Dg_D3_scale': 0.2253705110839333, 'Dv_D1_scale': 1.4832834793992746, 'Dv_D2_scale': 0.6479553552145119, 'b_bulk_scale': 0.8710790995812656, 'b_dislocation_scale': 0.23063702950779683, 'gb_scale': 4.786225663595708, 'gd_bubble_scale': 5.115282145671633, 'gd_line_scale': 0.08606305124201627, 'gd_line_alpha': 0.1598770611373094, 'coalescence_d_scale': 0.18821634602334897, 'capture_scale': 0.09789774125067109}. Best is trial 67 with value: 2.9690598741980367.
[I 2026-05-03 18:01:13,419] Trial 122 finished with value: 3.041403384338696 and parameters: {'rho_high_scale': 0.778498993566823, 'f_n': 1.4066087830367942e-07, 'K_d': 700306.0267494946, 'fission_rate': 6.2343632858141024e+19, 'Dg_D1_scale': 3.195763705885005, 'Dg_D3_scale': 0.21207762418561074, 'Dv_D1_scale': 2.916128178781199, 'Dv_D2_scale': 0.5197354963692207, 'b_bulk_scale': 0.1413929347641607, 'b_dislocation_scale': 0.15998767456539764, 'gb_scale': 2.57866595719194, 'gd_bubble_scale': 5.7743836813291285, 'gd_line_scale': 0.11795815872138016, 'gd_line_alpha': 0.3243173945631803, 'coalescence_d_scale': 0.14832479013484481, 'capture_scale': 0.12690985914494882}. Best is trial 67 with value: 2.9690598741980367.
[I 2026-05-03 18:01:20,834] Trial 123 finished with value: 3.835494175634265 and parameters: {'rho_high_scale': 0.7724360102133627, 'f_n': 1.4497213628210138e-07, 'K_d': 716136.9559569225, 'fission_rate': 6.276771295493642e+19, 'Dg_D1_scale': 2.7359508888599726, 'Dg_D3_scale': 0.2688784985642365, 'Dv_D1_scale': 2.7713234830963858, 'Dv_D2_scale': 0.5002967837118975, 'b_bulk_scale': 0.1516964543410637, 'b_dislocation_scale': 0.16446005338713907, 'gb_scale': 7.038127786595984, 'gd_bubble_scale': 5.863572734840733, 'gd_line_scale': 0.11367060635818045, 'gd_line_alpha': 0.32046770942429403, 'coalescence_d_scale': 0.14506626872537975, 'capture_scale': 0.12345858025337585}. Best is trial 67 with value: 2.9690598741980367.
[I 2026-05-03 18:01:26,748] Trial 124 finished with value: 3.5608414895932556 and parameters: {'rho_high_scale': 0.7030604269100188, 'f_n': 2.1413966979939904e-07, 'K_d': 638121.8501352086, 'fission_rate': 6.060527641582102e+19, 'Dg_D1_scale': 3.8726675454717028, 'Dg_D3_scale': 0.3951938897010374, 'Dv_D1_scale': 2.9640078367647416, 'Dv_D2_scale': 0.5334009487560777, 'b_bulk_scale': 0.1349958939470684, 'b_dislocation_scale': 0.14012816504478076, 'gb_scale': 3.358478190008732, 'gd_bubble_scale': 4.451797637714713, 'gd_line_scale': 0.09077014892501852, 'gd_line_alpha': 0.39701430896388484, 'coalescence_d_scale': 0.1216591903620642, 'capture_scale': 0.18222692784076772}. Best is trial 67 with value: 2.9690598741980367.
[I 2026-05-03 18:01:34,487] Trial 125 finished with value: 3.638911499693614 and parameters: {'rho_high_scale': 0.8071362108875332, 'f_n': 1.438269456253279e-07, 'K_d': 687501.9917686359, 'fission_rate': 6.223470733700125e+19, 'Dg_D1_scale': 1.8321927540531209, 'Dg_D3_scale': 0.20827202374519893, 'Dv_D1_scale': 2.5862112553146615, 'Dv_D2_scale': 0.5684242758911756, 'b_bulk_scale': 0.4289285436893529, 'b_dislocation_scale': 0.19127877385923844, 'gb_scale': 4.29516717158535, 'gd_bubble_scale': 3.619711860696538, 'gd_line_scale': 0.10441395405861312, 'gd_line_alpha': 0.33072361808938183, 'coalescence_d_scale': 0.22403783228925683, 'capture_scale': 0.13374483877313684}. Best is trial 67 with value: 2.9690598741980367.
[I 2026-05-03 18:01:42,616] Trial 126 finished with value: 4.285178176367618 and parameters: {'rho_high_scale': 0.75422641872428, 'f_n': 1.0006433874843264e-07, 'K_d': 699100.7899962884, 'fission_rate': 5.9798681603118465e+19, 'Dg_D1_scale': 1.4339385179788784, 'Dg_D3_scale': 0.18398409155037126, 'Dv_D1_scale': 3.246870483943269, 'Dv_D2_scale': 0.8197307434253309, 'b_bulk_scale': 0.6205555951938552, 'b_dislocation_scale': 0.15891715695650807, 'gb_scale': 2.7060079322957797, 'gd_bubble_scale': 5.313733175616944, 'gd_line_scale': 0.050044923451200984, 'gd_line_alpha': 0.2500296651701015, 'coalescence_d_scale': 0.11112532689032698, 'capture_scale': 0.1631589250412794}. Best is trial 67 with value: 2.9690598741980367.
[I 2026-05-03 18:01:50,866] Trial 127 finished with value: 3.199341226135723 and parameters: {'rho_high_scale': 0.8473038504192312, 'f_n': 7.090135815875717e-08, 'K_d': 656073.6302517107, 'fission_rate': 5.918235857345019e+19, 'Dg_D1_scale': 3.4176788533554316, 'Dg_D3_scale': 0.24512411301256704, 'Dv_D1_scale': 0.9743352440733777, 'Dv_D2_scale': 1.1235351449214281, 'b_bulk_scale': 0.5619137341648742, 'b_dislocation_scale': 0.09145145066099195, 'gb_scale': 6.210671035921217, 'gd_bubble_scale': 2.451114144507399, 'gd_line_scale': 0.06305705626387666, 'gd_line_alpha': 0.21917364266506456, 'coalescence_d_scale': 0.14276826300945886, 'capture_scale': 0.1043572128410266}. Best is trial 67 with value: 2.9690598741980367.
[I 2026-05-03 18:01:56,159] Trial 128 finished with value: 3.0621914754847093 and parameters: {'rho_high_scale': 0.7795016371745227, 'f_n': 1.2095780539963047e-06, 'K_d': 597887.3311286361, 'fission_rate': 6.574512485694377e+19, 'Dg_D1_scale': 2.9752652930727193, 'Dg_D3_scale': 0.19379033314833136, 'Dv_D1_scale': 2.149772986129584, 'Dv_D2_scale': 0.3972520372240048, 'b_bulk_scale': 0.976790835348167, 'b_dislocation_scale': 0.21119623373011787, 'gb_scale': 3.6992242759053835, 'gd_bubble_scale': 6.890763014094797, 'gd_line_scale': 0.14958948431089875, 'gd_line_alpha': 0.44690917293637467, 'coalescence_d_scale': 0.16090554322818892, 'capture_scale': 0.2544643094352409}. Best is trial 67 with value: 2.9690598741980367.
[I 2026-05-03 18:02:03,334] Trial 129 finished with value: 4.536201909272942 and parameters: {'rho_high_scale': 0.9703738707282815, 'f_n': 1.2941864507564155e-06, 'K_d': 585719.5137670463, 'fission_rate': 6.555499895533354e+19, 'Dg_D1_scale': 3.0416141696562464, 'Dg_D3_scale': 0.19565193529869507, 'Dv_D1_scale': 2.116538846799293, 'Dv_D2_scale': 0.3130948997399525, 'b_bulk_scale': 0.9591965253216017, 'b_dislocation_scale': 0.20555324783047407, 'gb_scale': 4.950573013297613, 'gd_bubble_scale': 6.520376738804189, 'gd_line_scale': 1.2852064409600672, 'gd_line_alpha': 0.4551553319955305, 'coalescence_d_scale': 0.17310089901856818, 'capture_scale': 0.27553070476191105}. Best is trial 67 with value: 2.9690598741980367.
[I 2026-05-03 18:02:10,653] Trial 130 finished with value: 5.904158743678404 and parameters: {'rho_high_scale': 4.042670410824053, 'f_n': 4.449314021179106e-08, 'K_d': 596078.0675320849, 'fission_rate': 6.339199161877424e+19, 'Dg_D1_scale': 1.996098486985755, 'Dg_D3_scale': 0.17273715717582508, 'Dv_D1_scale': 2.3410125223558707, 'Dv_D2_scale': 0.3490480886964768, 'b_bulk_scale': 1.068204878484974, 'b_dislocation_scale': 0.2651784286011043, 'gb_scale': 3.5773468852238937, 'gd_bubble_scale': 7.022600628867584, 'gd_line_scale': 0.22396278641287354, 'gd_line_alpha': 0.3380722816117897, 'coalescence_d_scale': 0.26329293301152157, 'capture_scale': 0.3210197157380419}. Best is trial 67 with value: 2.9690598741980367.
[I 2026-05-03 18:02:18,468] Trial 131 finished with value: 3.6794404147654993 and parameters: {'rho_high_scale': 0.7322732815039196, 'f_n': 8.828700354959304e-07, 'K_d': 622591.5589816376, 'fission_rate': 6.18068775203825e+19, 'Dg_D1_scale': 2.493295794094177, 'Dg_D3_scale': 0.2878907035856075, 'Dv_D1_scale': 1.9706098980795794, 'Dv_D2_scale': 0.387484823624268, 'b_bulk_scale': 0.47471991369455707, 'b_dislocation_scale': 0.2335346869851109, 'gb_scale': 3.1962459321232957, 'gd_bubble_scale': 4.781990767943725, 'gd_line_scale': 0.15460698838058226, 'gd_line_alpha': 0.4051459639983481, 'coalescence_d_scale': 0.14823684378310745, 'capture_scale': 0.3880424888631793}. Best is trial 67 with value: 2.9690598741980367.
