[I 2026-05-03 18:12:05,730] Trial 222 finished with value: 2.767084363463042 and parameters: {'rho_high_scale': 0.7557195837518444, 'f_n': 3.0816944755287745e-07, 'K_d': 515821.412899127, 'fission_rate': 7.588474480837214e+19, 'Dg_D1_scale': 2.5258729161499107, 'Dg_D3_scale': 0.7212761746778157, 'Dv_D1_scale': 0.6310485330200415, 'Dv_D2_scale': 3.41308203834013, 'b_bulk_scale': 2.430647462778966, 'b_dislocation_scale': 0.41680742765715434, 'gb_scale': 5.309791698928462, 'gd_bubble_scale': 3.815802948034647, 'gd_line_scale': 0.7817523674923832, 'gd_line_alpha': 0.2902459105992655, 'coalescence_d_scale': 0.43228099015519383, 'capture_scale': 0.012486103932983564}. Best is trial 201 with value: 2.6731141507226717.
[I 2026-05-03 18:12:12,324] Trial 223 finished with value: 2.8387751908302383 and parameters: {'rho_high_scale': 0.7653442607249062, 'f_n': 3.923279423513523e-07, 'K_d': 517581.5663421522, 'fission_rate': 7.56859503112485e+19, 'Dg_D1_scale': 2.4089673450416558, 'Dg_D3_scale': 0.713774561417166, 'Dv_D1_scale': 0.6289460182253634, 'Dv_D2_scale': 3.4037163626855973, 'b_bulk_scale': 1.9980023699238667, 'b_dislocation_scale': 0.29214183660104087, 'gb_scale': 5.000405743415865, 'gd_bubble_scale': 3.8463189645688964, 'gd_line_scale': 0.7568596915454032, 'gd_line_alpha': 0.2867862128982953, 'coalescence_d_scale': 0.41724046519999336, 'capture_scale': 0.011856760889031785}. Best is trial 201 with value: 2.6731141507226717.
[I 2026-05-03 18:12:19,045] Trial 224 finished with value: 2.847221676949435 and parameters: {'rho_high_scale': 0.7019273271520776, 'f_n': 2.8504371373732327e-07, 'K_d': 523980.0625743103, 'fission_rate': 7.3517698506784604e+19, 'Dg_D1_scale': 2.6111949606338616, 'Dg_D3_scale': 0.7918648512534596, 'Dv_D1_scale': 0.5928399864767373, 'Dv_D2_scale': 3.7278670918447605, 'b_bulk_scale': 2.512913056161662, 'b_dislocation_scale': 0.4286508249890672, 'gb_scale': 3.740520751245165, 'gd_bubble_scale': 3.2577440482295548, 'gd_line_scale': 0.9438485573888591, 'gd_line_alpha': 0.32812436757096985, 'coalescence_d_scale': 0.3664077256588453, 'capture_scale': 0.020034444311051978}. Best is trial 201 with value: 2.6731141507226717.
[I 2026-05-03 18:12:25,814] Trial 225 finished with value: 2.8504653049151774 and parameters: {'rho_high_scale': 0.7584148760029951, 'f_n': 3.4535692513674577e-07, 'K_d': 504352.595984968, 'fission_rate': 7.234837754253417e+19, 'Dg_D1_scale': 2.413981503894758, 'Dg_D3_scale': 0.8402164363346927, 'Dv_D1_scale': 0.6299974630775468, 'Dv_D2_scale': 3.4257095173046714, 'b_bulk_scale': 2.9081824850528446, 'b_dislocation_scale': 0.3077962095993078, 'gb_scale': 5.170733842237929, 'gd_bubble_scale': 3.893743292807809, 'gd_line_scale': 0.5717687114065004, 'gd_line_alpha': 0.28196826333812125, 'coalescence_d_scale': 0.5272421221833179, 'capture_scale': 0.013091415402280917}. Best is trial 201 with value: 2.6731141507226717.
[I 2026-05-03 18:12:30,652] Trial 226 finished with value: 3.3578010821615547 and parameters: {'rho_high_scale': 0.8122041644888034, 'f_n': 2.783560957655486e-07, 'K_d': 526193.2146656368, 'fission_rate': 7.715346633012833e+19, 'Dg_D1_scale': 2.7309640228940473, 'Dg_D3_scale': 0.7057334211914077, 'Dv_D1_scale': 0.479072480838935, 'Dv_D2_scale': 3.230229230859172, 'b_bulk_scale': 2.1355789243339647, 'b_dislocation_scale': 0.26275910761479315, 'gb_scale': 5.957836276640331, 'gd_bubble_scale': 4.771922941298897, 'gd_line_scale': 0.839118099372118, 'gd_line_alpha': 0.30399768521772563, 'coalescence_d_scale': 0.27878000124404684, 'capture_scale': 0.022408016469536423}. Best is trial 201 with value: 2.6731141507226717.
[I 2026-05-03 18:12:37,416] Trial 227 finished with value: 2.984414942490234 and parameters: {'rho_high_scale': 0.7575394438791027, 'f_n': 4.859278533037881e-07, 'K_d': 499941.44860065577, 'fission_rate': 7.567811994686058e+19, 'Dg_D1_scale': 2.339182390131583, 'Dg_D3_scale': 0.913675893125312, 'Dv_D1_scale': 0.5793369627038623, 'Dv_D2_scale': 3.701179865016183, 'b_bulk_scale': 2.734137131896995, 'b_dislocation_scale': 0.37791983506536125, 'gb_scale': 4.157790056820348, 'gd_bubble_scale': 3.3602279677128344, 'gd_line_scale': 0.4025899334525608, 'gd_line_alpha': 0.36793574844671134, 'coalescence_d_scale': 0.48248155194768216, 'capture_scale': 0.013600460999917503}. Best is trial 201 with value: 2.6731141507226717.
[I 2026-05-03 18:12:43,922] Trial 228 finished with value: 2.8415564512489495 and parameters: {'rho_high_scale': 0.804238054728922, 'f_n': 4.09406554001748e-07, 'K_d': 527741.4524370604, 'fission_rate': 7.647944848329404e+19, 'Dg_D1_scale': 1.900400333707926, 'Dg_D3_scale': 0.5738279442740306, 'Dv_D1_scale': 0.6294776819383767, 'Dv_D2_scale': 3.4897019504542595, 'b_bulk_scale': 3.020020806740764, 'b_dislocation_scale': 0.2800927670074357, 'gb_scale': 5.025609490741929, 'gd_bubble_scale': 3.8015893038471344, 'gd_line_scale': 0.46871534562551337, 'gd_line_alpha': 0.32889441074191567, 'coalescence_d_scale': 0.3806392076607073, 'capture_scale': 0.01117766334771532}. Best is trial 201 with value: 2.6731141507226717.Best trial: 201. Best value: 2.67311:  46%|████▌     | 228/500 [25:58<28:02,  6.19s/it]Best trial: 201. Best value: 2.67311:  46%|████▌     | 228/500 [25:58<28:02,  6.19s/it]Best trial: 201. Best value: 2.67311:  46%|████▌     | 229/500 [25:58<28:23,  6.28s/it]                                                                                       Best trial: 201. Best value: 2.67311:  46%|████▌     | 229/500 [26:05<28:23,  6.28s/it]Best trial: 201. Best value: 2.67311:  46%|████▌     | 229/500 [26:05<28:23,  6.28s/it]Best trial: 201. Best value: 2.67311:  46%|████▌     | 230/500 [26:05<29:12,  6.49s/it]                                                                                       Best trial: 201. Best value: 2.67311:  46%|████▌     | 230/500 [26:12<29:12,  6.49s/it]Best trial: 201. Best value: 2.67311:  46%|████▌     | 230/500 [26:12<29:12,  6.49s/it]Best trial: 201. Best value: 2.67311:  46%|████▌     | 231/500 [26:12<29:27,  6.57s/it]                                                                                       Best trial: 201. Best value: 2.67311:  46%|████▌     | 231/500 [26:16<29:27,  6.57s/it]Best trial: 201. Best value: 2.67311:  46%|████▌     | 231/500 [26:16<29:27,  6.57s/it]Best trial: 201. Best value: 2.67311:  46%|████▋     | 232/500 [26:16<26:49,  6.01s/it]                                                                                       Best trial: 201. Best value: 2.67311:  46%|████▋     | 232/500 [26:23<26:49,  6.01s/it]Best trial: 201. Best value: 2.67311:  46%|████▋     | 232/500 [26:23<26:49,  6.01s/it]Best trial: 201. Best value: 2.67311:  47%|████▋     | 233/500 [26:23<27:09,  6.10s/it]                                                                                       Best trial: 201. Best value: 2.67311:  47%|████▋     | 233/500 [26:29<27:09,  6.10s/it]Best trial: 201. Best value: 2.67311:  47%|████▋     | 233/500 [26:29<27:09,  6.10s/it]Best trial: 201. Best value: 2.67311:  47%|████▋     | 234/500 [26:29<27:58,  6.31s/it]                                                                                       Best trial: 201. Best value: 2.67311:  47%|████▋     | 234/500 [26:36<27:58,  6.31s/it]Best trial: 201. Best value: 2.67311:  47%|████▋     | 234/500 [26:36<27:58,  6.31s/it]Best trial: 201. Best value: 2.67311:  47%|████▋     | 235/500 [26:36<28:37,  6.48s/it]                                                                                       Best trial: 201. Best value: 2.67311:  47%|████▋     | 235/500 [26:43<28:37,  6.48s/it]Best trial: 201. Best value: 2.67311:  47%|████▋     | 235/500 [26:43<28:37,  6.48s/it]Best trial: 201. Best value: 2.67311:  47%|████▋     | 236/500 [26:43<28:48,  6.55s/it]                                                                                       Best trial: 201. Best value: 2.67311:  47%|████▋     | 236/500 [26:47<28:48,  6.55s/it]Best trial: 201. Best value: 2.67311:  47%|████▋     | 236/500 [26:47<28:48,  6.55s/it]Best trial: 201. Best value: 2.67311:  47%|████▋     | 237/500 [26:47<25:43,  5.87s/it]                                                                                       Best trial: 201. Best value: 2.67311:  47%|████▋     | 237/500 [26:54<25:43,  5.87s/it]Best trial: 201. Best value: 2.67311:  47%|████▋     | 237/500 [26:54<25:43,  5.87s/it]Best trial: 201. Best value: 2.67311:  48%|████▊     | 238/500 [26:54<26:41,  6.11s/it]                                                                                       Best trial: 201. Best value: 2.67311:  48%|████▊     | 238/500 [27:00<26:41,  6.11s/it]Best trial: 238. Best value: 2.64981:  48%|████▊     | 238/500 [27:00<26:41,  6.11s/it]Best trial: 238. Best value: 2.64981:  48%|████▊     | 239/500 [27:00<26:51,  6.17s/it]                                                                                       Best trial: 238. Best value: 2.64981:  48%|████▊     | 239/500 [27:06<26:51,  6.17s/it]Best trial: 238. Best value: 2.64981:  48%|████▊     | 239/500 [27:06<26:51,  6.17s/it]Best trial: 238. Best value: 2.64981:  48%|████▊     | 240/500 [27:06<26:46,  6.18s/it]                                                                                       
[I 2026-05-03 18:12:50,902] Trial 229 finished with value: 2.7611703537708028 and parameters: {'rho_high_scale': 0.749978142097907, 'f_n': 2.8551116861968086e-07, 'K_d': 512454.3116213653, 'fission_rate': 7.3439042872793915e+19, 'Dg_D1_scale': 2.5286133680656153, 'Dg_D3_scale': 0.7977954725989622, 'Dv_D1_scale': 0.5509741859689372, 'Dv_D2_scale': 2.725622884837039, 'b_bulk_scale': 1.8725324267658863, 'b_dislocation_scale': 0.30890657774608915, 'gb_scale': 4.2325325773166105, 'gd_bubble_scale': 3.054818150666553, 'gd_line_scale': 0.5146262927843035, 'gd_line_alpha': 0.2657712572112293, 'coalescence_d_scale': 0.6269921043864269, 'capture_scale': 0.016181170884608586}. Best is trial 201 with value: 2.6731141507226717.
[I 2026-05-03 18:12:57,660] Trial 230 finished with value: 2.861869840760964 and parameters: {'rho_high_scale': 0.7028676517476544, 'f_n': 2.873278422259414e-07, 'K_d': 513684.94569771015, 'fission_rate': 7.360008855445523e+19, 'Dg_D1_scale': 2.54711766148042, 'Dg_D3_scale': 0.7817757816738581, 'Dv_D1_scale': 0.5486389858267412, 'Dv_D2_scale': 2.842744911064656, 'b_bulk_scale': 2.413332805234854, 'b_dislocation_scale': 0.3104193073589048, 'gb_scale': 3.7200815894045807, 'gd_bubble_scale': 3.0658390558713338, 'gd_line_scale': 0.6995460041778389, 'gd_line_alpha': 0.2549686394645, 'coalescence_d_scale': 0.6746275541870367, 'capture_scale': 0.025295306793672173}. Best is trial 201 with value: 2.6731141507226717.
[I 2026-05-03 18:13:02,351] Trial 231 finished with value: 2.831291228880479 and parameters: {'rho_high_scale': 0.7515472277210773, 'f_n': 3.5098766756934426e-07, 'K_d': 555556.0539736303, 'fission_rate': 7.53568057436697e+19, 'Dg_D1_scale': 2.3370862810458304, 'Dg_D3_scale': 0.8370719112691121, 'Dv_D1_scale': 0.649157788791628, 'Dv_D2_scale': 3.6798528436006297, 'b_bulk_scale': 1.9070137836027357, 'b_dislocation_scale': 0.35619265263551064, 'gb_scale': 4.116137508465937, 'gd_bubble_scale': 3.517420617855383, 'gd_line_scale': 0.5421922490814378, 'gd_line_alpha': 0.27519438880904135, 'coalescence_d_scale': 0.4236169318274629, 'capture_scale': 0.014582349404252364}. Best is trial 201 with value: 2.6731141507226717.
[I 2026-05-03 18:13:08,676] Trial 232 finished with value: 2.8504952973763578 and parameters: {'rho_high_scale': 0.7448679466409164, 'f_n': 1.956914877406344e-07, 'K_d': 469252.8665696033, 'fission_rate': 7.591089403921213e+19, 'Dg_D1_scale': 2.450482365648865, 'Dg_D3_scale': 0.7231315896969683, 'Dv_D1_scale': 0.7276668344310299, 'Dv_D2_scale': 3.340082794435163, 'b_bulk_scale': 1.89436457181639, 'b_dislocation_scale': 0.4183058114593439, 'gb_scale': 4.720874176239963, 'gd_bubble_scale': 4.811479306343594, 'gd_line_scale': 0.3895815325510735, 'gd_line_alpha': 0.3047881054318342, 'coalescence_d_scale': 0.46128611190599866, 'capture_scale': 0.017827464907884734}. Best is trial 201 with value: 2.6731141507226717.
[I 2026-05-03 18:13:15,474] Trial 233 finished with value: 2.7689059525736313 and parameters: {'rho_high_scale': 0.7644427546376663, 'f_n': 2.838752709329109e-07, 'K_d': 509862.0219218278, 'fission_rate': 7.35822537412584e+19, 'Dg_D1_scale': 1.9636832960266553, 'Dg_D3_scale': 1.2214907356391072, 'Dv_D1_scale': 0.5939426917149393, 'Dv_D2_scale': 3.2083422361539227, 'b_bulk_scale': 2.12368555039514, 'b_dislocation_scale': 0.24795619134619354, 'gb_scale': 5.443795886197801, 'gd_bubble_scale': 3.905966127961045, 'gd_line_scale': 0.437285213915193, 'gd_line_alpha': 0.32278229885083276, 'coalescence_d_scale': 0.6255080931086318, 'capture_scale': 0.02194486281136095}. Best is trial 201 with value: 2.6731141507226717.
[I 2026-05-03 18:13:22,298] Trial 234 finished with value: 2.7649842485700633 and parameters: {'rho_high_scale': 0.8065593541614542, 'f_n': 2.914413460958796e-07, 'K_d': 495534.321808516, 'fission_rate': 7.188176531761426e+19, 'Dg_D1_scale': 1.957717820864593, 'Dg_D3_scale': 1.1919302048626443, 'Dv_D1_scale': 0.5991924750444408, 'Dv_D2_scale': 3.123838927213978, 'b_bulk_scale': 2.18468246525772, 'b_dislocation_scale': 0.3044939283510972, 'gb_scale': 5.591100303881327, 'gd_bubble_scale': 3.8510487039498664, 'gd_line_scale': 0.4275858831779858, 'gd_line_alpha': 0.3269248317316829, 'coalescence_d_scale': 0.41182603666840695, 'capture_scale': 0.02082444221534477}. Best is trial 201 with value: 2.6731141507226717.
[I 2026-05-03 18:13:29,056] Trial 235 finished with value: 3.028711521333481 and parameters: {'rho_high_scale': 0.805795210376066, 'f_n': 3.8118477285358107e-07, 'K_d': 482712.3836627308, 'fission_rate': 7.275672935759999e+19, 'Dg_D1_scale': 2.6795162752533552, 'Dg_D3_scale': 1.0320559263777476, 'Dv_D1_scale': 0.5619756835650211, 'Dv_D2_scale': 3.105579505544961, 'b_bulk_scale': 1.4555838840351811, 'b_dislocation_scale': 0.29582138229768445, 'gb_scale': 6.046337906396854, 'gd_bubble_scale': 3.4726648787811856, 'gd_line_scale': 0.48996502701344685, 'gd_line_alpha': 0.2918374825535056, 'coalescence_d_scale': 0.3989684262758553, 'capture_scale': 0.01579766251700642}. Best is trial 201 with value: 2.6731141507226717.
[I 2026-05-03 18:13:33,340] Trial 236 finished with value: 2.7556501412165355 and parameters: {'rho_high_scale': 0.7000278974161213, 'f_n': 2.6467448085294344e-07, 'K_d': 498290.46114693675, 'fission_rate': 7.733709838565142e+19, 'Dg_D1_scale': 2.0622583992928516, 'Dg_D3_scale': 0.8720774207507986, 'Dv_D1_scale': 0.6439313919378047, 'Dv_D2_scale': 3.6959130262699085, 'b_bulk_scale': 2.581655995645952, 'b_dislocation_scale': 0.3563476848119305, 'gb_scale': 4.211004046346106, 'gd_bubble_scale': 3.85427617613746, 'gd_line_scale': 0.607915095540377, 'gd_line_alpha': 0.33022058035712804, 'coalescence_d_scale': 0.2836560187770846, 'capture_scale': 0.019944261823070405}. Best is trial 201 with value: 2.6731141507226717.
[I 2026-05-03 18:13:40,013] Trial 237 finished with value: 3.922998683957652 and parameters: {'rho_high_scale': 1.2921591186064285, 'f_n': 1.905973841964399e-07, 'K_d': 491405.6359921681, 'fission_rate': 7.1939167824195985e+19, 'Dg_D1_scale': 2.0640284395517905, 'Dg_D3_scale': 0.8963876916622697, 'Dv_D1_scale': 0.600402572598467, 'Dv_D2_scale': 3.695281561911984, 'b_bulk_scale': 2.6889236395108487, 'b_dislocation_scale': 0.3586757591008307, 'gb_scale': 3.508354031636465, 'gd_bubble_scale': 3.1840290246325313, 'gd_line_scale': 0.6226676096567151, 'gd_line_alpha': 0.3288926695834705, 'coalescence_d_scale': 0.28907416067553227, 'capture_scale': 0.01913283273147057}. Best is trial 201 with value: 2.6731141507226717.
[I 2026-05-03 18:13:46,330] Trial 238 finished with value: 2.649814876949746 and parameters: {'rho_high_scale': 0.7018602821283546, 'f_n': 4.6879292235216736e-07, 'K_d': 497518.15809450735, 'fission_rate': 7.771535245764687e+19, 'Dg_D1_scale': 1.9265143584145472, 'Dg_D3_scale': 0.7836238672920103, 'Dv_D1_scale': 0.530889621518593, 'Dv_D2_scale': 3.698008782111919, 'b_bulk_scale': 1.8693643065325969, 'b_dislocation_scale': 0.31331733917995597, 'gb_scale': 4.216276528780262, 'gd_bubble_scale': 4.733669529955123, 'gd_line_scale': 0.5354898237036375, 'gd_line_alpha': 0.2654571726119484, 'coalescence_d_scale': 0.36330965986180686, 'capture_scale': 0.02486771609615094}. Best is trial 238 with value: 2.649814876949746.
[I 2026-05-03 18:13:52,523] Trial 239 finished with value: 2.72506756244802 and parameters: {'rho_high_scale': 0.7056905441791397, 'f_n': 4.884049853636912e-07, 'K_d': 529649.2805955578, 'fission_rate': 7.75966682486336e+19, 'Dg_D1_scale': 2.1286039004254467, 'Dg_D3_scale': 0.7950874342804722, 'Dv_D1_scale': 0.5236025552256032, 'Dv_D2_scale': 3.6780128458516725, 'b_bulk_scale': 1.8935662102627662, 'b_dislocation_scale': 0.27215453953040125, 'gb_scale': 4.199084357518298, 'gd_bubble_scale': 4.77642430028745, 'gd_line_scale': 0.5442610463431704, 'gd_line_alpha': 0.24352482853351842, 'coalescence_d_scale': 0.3673819032590214, 'capture_scale': 0.024025027157859456}. Best is trial 238 with value: 2.649814876949746.
