[I 2026-05-03 18:37:17,665] Trial 474 finished with value: 8.719692695834388 and parameters: {'rho_high_scale': 0.784108946705187, 'f_n': 4.09832520952029e-09, 'K_d': 333994.7238943446, 'fission_rate': 7.602635904439407e+19, 'Dg_D1_scale': 0.325276934957392, 'Dg_D3_scale': 1.1212947016385348, 'Dv_D1_scale': 0.2250225625640279, 'Dv_D2_scale': 1.6482843573211547, 'b_bulk_scale': 2.543421443317274, 'b_dislocation_scale': 0.15584033846382936, 'gb_scale': 5.21322086783308, 'gd_bubble_scale': 9.91106751530123, 'gd_line_scale': 0.4890179787734102, 'gd_line_alpha': 0.08043266405115468, 'coalescence_d_scale': 15.472847849410911, 'capture_scale': 0.010004198035946288}. Best is trial 356 with value: 2.4312251947833614.
[I 2026-05-03 18:37:24,160] Trial 475 finished with value: 2.560421825498297 and parameters: {'rho_high_scale': 0.8359886498552074, 'f_n': 1.495720030549743e-06, 'K_d': 321813.43924704695, 'fission_rate': 7.469090379246037e+19, 'Dg_D1_scale': 0.36781035967150133, 'Dg_D3_scale': 1.0702398696096167, 'Dv_D1_scale': 0.23018747616758434, 'Dv_D2_scale': 1.7427236990883936, 'b_bulk_scale': 2.92622019750015, 'b_dislocation_scale': 0.17250307173102505, 'gb_scale': 6.403359099881978, 'gd_bubble_scale': 7.29337385979757, 'gd_line_scale': 0.44401634614599034, 'gd_line_alpha': 0.7856300558946929, 'coalescence_d_scale': 1.6173322791871831, 'capture_scale': 0.016469413588817657}. Best is trial 356 with value: 2.4312251947833614.
[I 2026-05-03 18:37:30,668] Trial 476 finished with value: 2.663590426834048 and parameters: {'rho_high_scale': 0.7895116556522608, 'f_n': 1.448455277834658e-06, 'K_d': 323557.536554247, 'fission_rate': 7.425898199099158e+19, 'Dg_D1_scale': 0.37216015234774935, 'Dg_D3_scale': 1.1472151155492905, 'Dv_D1_scale': 0.23262841614676888, 'Dv_D2_scale': 1.801264887083539, 'b_bulk_scale': 3.299342427969551, 'b_dislocation_scale': 0.13172818909024603, 'gb_scale': 7.013929055820092, 'gd_bubble_scale': 6.700215085089988, 'gd_line_scale': 0.44173482767661576, 'gd_line_alpha': 0.7690427064791665, 'coalescence_d_scale': 1.5284661965464352, 'capture_scale': 0.016061089999476565}. Best is trial 356 with value: 2.4312251947833614.
[I 2026-05-03 18:37:37,245] Trial 477 finished with value: 2.646134127715794 and parameters: {'rho_high_scale': 0.8257073662510973, 'f_n': 1.462935688970799e-06, 'K_d': 339931.7438845689, 'fission_rate': 7.410724807815209e+19, 'Dg_D1_scale': 0.40038439057194564, 'Dg_D3_scale': 1.4125058849186363, 'Dv_D1_scale': 0.252331138970277, 'Dv_D2_scale': 1.7220865791503233, 'b_bulk_scale': 3.0361571189860603, 'b_dislocation_scale': 0.15669005454735452, 'gb_scale': 7.672849524170025, 'gd_bubble_scale': 7.319610639417005, 'gd_line_scale': 0.4473388958361034, 'gd_line_alpha': 0.7990054910633866, 'coalescence_d_scale': 1.0429567662746686, 'capture_scale': 0.016358026354524585}. Best is trial 356 with value: 2.4312251947833614.
[I 2026-05-03 18:37:43,816] Trial 478 finished with value: 4.120272731941539 and parameters: {'rho_high_scale': 0.7987346841935989, 'f_n': 1.1304865404431922e-09, 'K_d': 332118.52852874453, 'fission_rate': 7.53680861956857e+19, 'Dg_D1_scale': 0.35656935648928173, 'Dg_D3_scale': 1.2855986190210207, 'Dv_D1_scale': 0.22478800900604662, 'Dv_D2_scale': 1.9130284555318744, 'b_bulk_scale': 3.5187987168807466, 'b_dislocation_scale': 0.17507479785872418, 'gb_scale': 1.2399567456582694, 'gd_bubble_scale': 7.699611174103397, 'gd_line_scale': 8.155515372420036, 'gd_line_alpha': 0.7310530608086417, 'coalescence_d_scale': 1.3097390954106858, 'capture_scale': 0.014382699991474355}. Best is trial 356 with value: 2.4312251947833614.
[I 2026-05-03 18:37:48,378] Trial 479 finished with value: 2.619381908650314 and parameters: {'rho_high_scale': 0.8571023060111267, 'f_n': 1.1730201687608206e-06, 'K_d': 319736.9756004008, 'fission_rate': 7.640045774993977e+19, 'Dg_D1_scale': 0.33660325068524355, 'Dg_D3_scale': 1.0759114190011856, 'Dv_D1_scale': 0.24245094410362453, 'Dv_D2_scale': 1.6080443594261757, 'b_bulk_scale': 2.8450964666887986, 'b_dislocation_scale': 0.1717631984717341, 'gb_scale': 5.933588997217248, 'gd_bubble_scale': 6.606354065541686, 'gd_line_scale': 0.4875229248371438, 'gd_line_alpha': 0.7775655215083697, 'coalescence_d_scale': 1.9878279057620825, 'capture_scale': 0.011693267328202528}. Best is trial 356 with value: 2.4312251947833614.
[I 2026-05-03 18:37:54,729] Trial 480 finished with value: 2.5474763153758424 and parameters: {'rho_high_scale': 0.8240258419855835, 'f_n': 1.8898306078283117e-06, 'K_d': 343088.17043833825, 'fission_rate': 7.67461890053726e+19, 'Dg_D1_scale': 0.7248535134063007, 'Dg_D3_scale': 1.1832298343382175, 'Dv_D1_scale': 0.25700496554582397, 'Dv_D2_scale': 1.7250051631213186, 'b_bulk_scale': 2.475254518285406, 'b_dislocation_scale': 0.22344140601597617, 'gb_scale': 6.519203976549074, 'gd_bubble_scale': 8.27288113155132, 'gd_line_scale': 0.4518308017065902, 'gd_line_alpha': 0.10990780988232945, 'coalescence_d_scale': 1.6347019528077855, 'capture_scale': 0.013848683446157625}. Best is trial 356 with value: 2.4312251947833614.Best trial: 356. Best value: 2.43123:  96%|█████████▌| 480/500 [51:09<01:57,  5.86s/it]Best trial: 356. Best value: 2.43123:  96%|█████████▌| 480/500 [51:09<01:57,  5.86s/it]Best trial: 356. Best value: 2.43123:  96%|█████████▌| 481/500 [51:09<01:54,  6.01s/it]                                                                                       Best trial: 356. Best value: 2.43123:  96%|█████████▌| 481/500 [51:15<01:54,  6.01s/it]Best trial: 356. Best value: 2.43123:  96%|█████████▌| 481/500 [51:15<01:54,  6.01s/it]Best trial: 356. Best value: 2.43123:  96%|█████████▋| 482/500 [51:15<01:51,  6.17s/it]                                                                                       Best trial: 356. Best value: 2.43123:  96%|█████████▋| 482/500 [51:22<01:51,  6.17s/it]Best trial: 356. Best value: 2.43123:  96%|█████████▋| 482/500 [51:22<01:51,  6.17s/it]Best trial: 356. Best value: 2.43123:  97%|█████████▋| 483/500 [51:22<01:46,  6.25s/it]                                                                                       Best trial: 356. Best value: 2.43123:  97%|█████████▋| 483/500 [51:28<01:46,  6.25s/it]Best trial: 356. Best value: 2.43123:  97%|█████████▋| 483/500 [51:28<01:46,  6.25s/it]Best trial: 356. Best value: 2.43123:  97%|█████████▋| 484/500 [51:28<01:41,  6.34s/it]                                                                                       Best trial: 356. Best value: 2.43123:  97%|█████████▋| 484/500 [51:33<01:41,  6.34s/it]Best trial: 356. Best value: 2.43123:  97%|█████████▋| 484/500 [51:33<01:41,  6.34s/it]Best trial: 356. Best value: 2.43123:  97%|█████████▋| 485/500 [51:33<01:29,  6.00s/it]                                                                                       Best trial: 356. Best value: 2.43123:  97%|█████████▋| 485/500 [51:40<01:29,  6.00s/it]Best trial: 356. Best value: 2.43123:  97%|█████████▋| 485/500 [51:41<01:29,  6.00s/it]Best trial: 356. Best value: 2.43123:  97%|█████████▋| 486/500 [51:41<01:28,  6.34s/it]                                                                                       Best trial: 356. Best value: 2.43123:  97%|█████████▋| 486/500 [51:47<01:28,  6.34s/it]Best trial: 356. Best value: 2.43123:  97%|█████████▋| 486/500 [51:47<01:28,  6.34s/it]Best trial: 356. Best value: 2.43123:  97%|█████████▋| 487/500 [51:47<01:23,  6.45s/it]                                                                                       Best trial: 356. Best value: 2.43123:  97%|█████████▋| 487/500 [51:54<01:23,  6.45s/it]Best trial: 356. Best value: 2.43123:  97%|█████████▋| 487/500 [51:54<01:23,  6.45s/it]Best trial: 356. Best value: 2.43123:  98%|█████████▊| 488/500 [51:54<01:17,  6.46s/it]                                                                                       Best trial: 356. Best value: 2.43123:  98%|█████████▊| 488/500 [52:00<01:17,  6.46s/it]Best trial: 356. Best value: 2.43123:  98%|█████████▊| 488/500 [52:00<01:17,  6.46s/it]Best trial: 356. Best value: 2.43123:  98%|█████████▊| 489/500 [52:00<01:09,  6.36s/it]                                                                                       Best trial: 356. Best value: 2.43123:  98%|█████████▊| 489/500 [52:05<01:09,  6.36s/it]Best trial: 356. Best value: 2.43123:  98%|█████████▊| 489/500 [52:05<01:09,  6.36s/it]Best trial: 356. Best value: 2.43123:  98%|█████████▊| 490/500 [52:05<01:00,  6.04s/it]                                                                                       Best trial: 356. Best value: 2.43123:  98%|█████████▊| 490/500 [52:12<01:00,  6.04s/it]Best trial: 356. Best value: 2.43123:  98%|█████████▊| 490/500 [52:12<01:00,  6.04s/it]Best trial: 356. Best value: 2.43123:  98%|█████████▊| 491/500 [52:12<00:56,  6.26s/it]                                                                                       Best trial: 356. Best value: 2.43123:  98%|█████████▊| 491/500 [52:19<00:56,  6.26s/it]Best trial: 356. Best value: 2.43123:  98%|█████████▊| 491/500 [52:19<00:56,  6.26s/it]Best trial: 356. Best value: 2.43123:  98%|█████████▊| 492/500 [52:19<00:51,  6.40s/it]                                                                                       
[I 2026-05-03 18:38:01,278] Trial 481 finished with value: 2.6103907306559457 and parameters: {'rho_high_scale': 0.7843429453332991, 'f_n': 1.6923655527959233e-06, 'K_d': 346822.4233459874, 'fission_rate': 7.481562927986857e+19, 'Dg_D1_scale': 0.43091717472866337, 'Dg_D3_scale': 1.3340586833901338, 'Dv_D1_scale': 0.2265799848993359, 'Dv_D2_scale': 1.7684684955940253, 'b_bulk_scale': 2.7071272694787143, 'b_dislocation_scale': 0.20957075938151315, 'gb_scale': 6.523857519477818, 'gd_bubble_scale': 7.265535705677207, 'gd_line_scale': 0.43632401809478266, 'gd_line_alpha': 0.8027360098133358, 'coalescence_d_scale': 1.4174265017436083, 'capture_scale': 0.016652116249850465}. Best is trial 356 with value: 2.4312251947833614.
[I 2026-05-03 18:38:07,714] Trial 482 finished with value: 2.6202752187287297 and parameters: {'rho_high_scale': 0.860532713292886, 'f_n': 1.5873166056610559e-06, 'K_d': 340693.61505297764, 'fission_rate': 7.666930993373035e+19, 'Dg_D1_scale': 0.6256183941810108, 'Dg_D3_scale': 1.2051894839363435, 'Dv_D1_scale': 0.2573058956223899, 'Dv_D2_scale': 1.7009107441269584, 'b_bulk_scale': 2.4322646949263604, 'b_dislocation_scale': 0.23747742894505772, 'gb_scale': 6.561418921634996, 'gd_bubble_scale': 8.105955096899535, 'gd_line_scale': 0.4306533238688738, 'gd_line_alpha': 0.8708304763759375, 'coalescence_d_scale': 1.5376577337980848, 'capture_scale': 0.014248965806125705}. Best is trial 356 with value: 2.4312251947833614.
[I 2026-05-03 18:38:14,258] Trial 483 finished with value: 2.556047526442328 and parameters: {'rho_high_scale': 0.8316409277008389, 'f_n': 1.9678656367324697e-06, 'K_d': 353924.05208092206, 'fission_rate': 7.574870421664809e+19, 'Dg_D1_scale': 1.2038015506335522, 'Dg_D3_scale': 1.256902440733596, 'Dv_D1_scale': 0.20026338460961016, 'Dv_D2_scale': 1.87012164785621, 'b_bulk_scale': 2.941851068593192, 'b_dislocation_scale': 0.2263881396190674, 'gb_scale': 6.367458439538037, 'gd_bubble_scale': 6.729430211208574, 'gd_line_scale': 0.4900327636529651, 'gd_line_alpha': 0.701147265588889, 'coalescence_d_scale': 1.1430079315149833, 'capture_scale': 0.01576580217349712}. Best is trial 356 with value: 2.4312251947833614.
[I 2026-05-03 18:38:19,419] Trial 484 finished with value: 2.6164629445305336 and parameters: {'rho_high_scale': 0.8800013050870482, 'f_n': 2.114574538082138e-06, 'K_d': 344745.4199348589, 'fission_rate': 7.668005843220993e+19, 'Dg_D1_scale': 0.35541353141207394, 'Dg_D3_scale': 1.279566678814629, 'Dv_D1_scale': 0.2124885824009267, 'Dv_D2_scale': 1.999607896269632, 'b_bulk_scale': 3.090146874625842, 'b_dislocation_scale': 0.23177549346129814, 'gb_scale': 6.348186930179809, 'gd_bubble_scale': 8.260126094015025, 'gd_line_scale': 0.48047062846154337, 'gd_line_alpha': 0.6903373312095203, 'coalescence_d_scale': 1.2061447775670169, 'capture_scale': 0.016693016268380594}. Best is trial 356 with value: 2.4312251947833614.
[I 2026-05-03 18:38:26,510] Trial 485 finished with value: 3.080364853332356 and parameters: {'rho_high_scale': 1.2907530707762511, 'f_n': 1.972477827357467e-06, 'K_d': 353714.82925765566, 'fission_rate': 7.593840111912539e+19, 'Dg_D1_scale': 1.1754015927737698, 'Dg_D3_scale': 1.1690522314834788, 'Dv_D1_scale': 0.20061201843466125, 'Dv_D2_scale': 1.8447252013208597, 'b_bulk_scale': 2.59621841738556, 'b_dislocation_scale': 0.14750680523595305, 'gb_scale': 6.678370346110805, 'gd_bubble_scale': 6.584312101973432, 'gd_line_scale': 0.4382195081048623, 'gd_line_alpha': 0.8321325888871131, 'coalescence_d_scale': 1.0218020591282777, 'capture_scale': 0.016365955025018114}. Best is trial 356 with value: 2.4312251947833614.
[I 2026-05-03 18:38:33,304] Trial 486 finished with value: 4.768308725457596 and parameters: {'rho_high_scale': 3.6795455978845015, 'f_n': 1.1487058187686323e-06, 'K_d': 352591.8159620055, 'fission_rate': 7.4922111516724e+19, 'Dg_D1_scale': 0.3104596693635089, 'Dg_D3_scale': 1.3828991328513416, 'Dv_D1_scale': 0.21956259234785117, 'Dv_D2_scale': 1.9253295618451718, 'b_bulk_scale': 3.9012082041130505, 'b_dislocation_scale': 0.17460155434267371, 'gb_scale': 7.469910406788421, 'gd_bubble_scale': 9.906966198349012, 'gd_line_scale': 0.4806379587204256, 'gd_line_alpha': 0.7789965780393475, 'coalescence_d_scale': 1.133089309679287, 'capture_scale': 0.014226019540357309}. Best is trial 356 with value: 2.4312251947833614.
[I 2026-05-03 18:38:39,807] Trial 487 finished with value: 3.760722201192612 and parameters: {'rho_high_scale': 0.834500040025089, 'f_n': 2.0425446209461193e-06, 'K_d': 314535.1131348496, 'fission_rate': 7.393819731608448e+19, 'Dg_D1_scale': 0.7649290643332126, 'Dg_D3_scale': 1.0828781950711286, 'Dv_D1_scale': 0.2005942121642696, 'Dv_D2_scale': 1.7647614291373872, 'b_bulk_scale': 3.412768068040065, 'b_dislocation_scale': 0.23642801735273783, 'gb_scale': 7.074174410512932, 'gd_bubble_scale': 0.8888637317166342, 'gd_line_scale': 0.42895160667347526, 'gd_line_alpha': 0.8175141983095118, 'coalescence_d_scale': 0.9230925974303056, 'capture_scale': 0.013248720956622884}. Best is trial 356 with value: 2.4312251947833614.
[I 2026-05-03 18:38:45,927] Trial 488 finished with value: 4.953684029055705 and parameters: {'rho_high_scale': 0.9101552158670225, 'f_n': 1.8723320701527644e-06, 'K_d': 350232.819158602, 'fission_rate': 7.662856124104058e+19, 'Dg_D1_scale': 0.19552974548543597, 'Dg_D3_scale': 1.052840710580275, 'Dv_D1_scale': 0.23160390777818854, 'Dv_D2_scale': 1.87607544871374, 'b_bulk_scale': 2.3748971900835434, 'b_dislocation_scale': 2.0816599130501987, 'gb_scale': 5.952086021664529, 'gd_bubble_scale': 9.991434624047299, 'gd_line_scale': 0.49667186384601053, 'gd_line_alpha': 0.689025489209175, 'coalescence_d_scale': 2.197085468013546, 'capture_scale': 0.01549449495086688}. Best is trial 356 with value: 2.4312251947833614.
[I 2026-05-03 18:38:51,124] Trial 489 finished with value: 2.5116659751339547 and parameters: {'rho_high_scale': 0.825254637677707, 'f_n': 1.3323423070403787e-06, 'K_d': 324617.44596712437, 'fission_rate': 6.814558183602748e+19, 'Dg_D1_scale': 0.7104965228438913, 'Dg_D3_scale': 1.1562522957755503, 'Dv_D1_scale': 0.2146461627552086, 'Dv_D2_scale': 1.66808744504313, 'b_bulk_scale': 2.9579945388474203, 'b_dislocation_scale': 0.18315745181230111, 'gb_scale': 7.559696604595576, 'gd_bubble_scale': 7.8717881279317155, 'gd_line_scale': 0.43220511931305977, 'gd_line_alpha': 0.7399591218575886, 'coalescence_d_scale': 1.2978717073383808, 'capture_scale': 0.012728272330276007}. Best is trial 356 with value: 2.4312251947833614.
[I 2026-05-03 18:38:57,985] Trial 490 finished with value: 2.527393874583432 and parameters: {'rho_high_scale': 0.8600224966084946, 'f_n': 1.3213872298542223e-06, 'K_d': 321108.8333647543, 'fission_rate': 6.9568231433684115e+19, 'Dg_D1_scale': 0.8987025825172089, 'Dg_D3_scale': 1.1552194831740261, 'Dv_D1_scale': 0.2142624157997071, 'Dv_D2_scale': 1.6566864074190106, 'b_bulk_scale': 3.014300511753588, 'b_dislocation_scale': 0.22133530333621232, 'gb_scale': 7.907427794998931, 'gd_bubble_scale': 7.631904175137245, 'gd_line_scale': 0.4359645246935044, 'gd_line_alpha': 0.7384960095944361, 'coalescence_d_scale': 1.2445829522145766, 'capture_scale': 0.01663862308049175}. Best is trial 356 with value: 2.4312251947833614.
[I 2026-05-03 18:39:04,720] Trial 491 finished with value: 2.501128826009278 and parameters: {'rho_high_scale': 0.7804270516568438, 'f_n': 1.1490451665045643e-06, 'K_d': 318939.7318240147, 'fission_rate': 7.002402296491983e+19, 'Dg_D1_scale': 0.8452545856685297, 'Dg_D3_scale': 1.2887063723754548, 'Dv_D1_scale': 0.21296022803972475, 'Dv_D2_scale': 1.6964431071903596, 'b_bulk_scale': 3.335565046749276, 'b_dislocation_scale': 0.22378727467361936, 'gb_scale': 7.897493796614159, 'gd_bubble_scale': 7.324244847955784, 'gd_line_scale': 0.4236351831962963, 'gd_line_alpha': 0.7640438398193368, 'coalescence_d_scale': 1.1431992288782704, 'capture_scale': 0.016273511734662897}. Best is trial 356 with value: 2.4312251947833614.
[I 2026-05-03 18:39:11,188] Trial 492 finished with value: 2.61807501770672 and parameters: {'rho_high_scale': 0.7793780473955144, 'f_n': 1.1420090083862177e-06, 'K_d': 317170.6076445195, 'fission_rate': 7.3661879248554074e+19, 'Dg_D1_scale': 0.6987854729786578, 'Dg_D3_scale': 1.2961728031368946, 'Dv_D1_scale': 0.21275114158365832, 'Dv_D2_scale': 1.706400370650986, 'b_bulk_scale': 3.279018577733368, 'b_dislocation_scale': 0.248553246368914, 'gb_scale': 7.075278206994527, 'gd_bubble_scale': 6.676593068328122, 'gd_line_scale': 0.42407144425073834, 'gd_line_alpha': 0.736435316489785, 'coalescence_d_scale': 1.0750802407320943, 'capture_scale': 0.017122361617598968}. Best is trial 356 with value: 2.4312251947833614.Best trial: 356. Best value: 2.43123:  98%|█████████▊| 492/500 [52:25<00:51,  6.40s/it]Best trial: 356. Best value: 2.43123:  98%|█████████▊| 492/500 [52:25<00:51,  6.40s/it]Best trial: 356. Best value: 2.43123:  99%|█████████▊| 493/500 [52:25<00:44,  6.42s/it]                                                                                       Best trial: 356. Best value: 2.43123:  99%|█████████▊| 493/500 [52:32<00:44,  6.42s/it]Best trial: 356. Best value: 2.43123:  99%|█████████▊| 493/500 [52:32<00:44,  6.42s/it]Best trial: 356. Best value: 2.43123:  99%|█████████▉| 494/500 [52:32<00:39,  6.50s/it]                                                                                       Best trial: 356. Best value: 2.43123:  99%|█████████▉| 494/500 [52:37<00:39,  6.50s/it]Best trial: 356. Best value: 2.43123:  99%|█████████▉| 494/500 [52:37<00:39,  6.50s/it]Best trial: 356. Best value: 2.43123:  99%|█████████▉| 495/500 [52:37<00:30,  6.03s/it]                                                                                       Best trial: 356. Best value: 2.43123:  99%|█████████▉| 495/500 [52:43<00:30,  6.03s/it]Best trial: 356. Best value: 2.43123:  99%|█████████▉| 495/500 [52:44<00:30,  6.03s/it]Best trial: 356. Best value: 2.43123:  99%|█████████▉| 496/500 [52:44<00:25,  6.25s/it]                                                                                       Best trial: 356. Best value: 2.43123:  99%|█████████▉| 496/500 [52:50<00:25,  6.25s/it]Best trial: 356. Best value: 2.43123:  99%|█████████▉| 496/500 [52:50<00:25,  6.25s/it]Best trial: 356. Best value: 2.43123:  99%|█████████▉| 497/500 [52:50<00:19,  6.43s/it]                                                                                       Best trial: 356. Best value: 2.43123:  99%|█████████▉| 497/500 [52:57<00:19,  6.43s/it]Best trial: 356. Best value: 2.43123:  99%|█████████▉| 497/500 [52:57<00:19,  6.43s/it]Best trial: 356. Best value: 2.43123: 100%|█████████▉| 498/500 [52:57<00:13,  6.51s/it]                                                                                       Best trial: 356. Best value: 2.43123: 100%|█████████▉| 498/500 [53:02<00:13,  6.51s/it]Best trial: 356. Best value: 2.43123: 100%|█████████▉| 498/500 [53:02<00:13,  6.51s/it]Best trial: 356. Best value: 2.43123: 100%|█████████▉| 499/500 [53:02<00:06,  6.04s/it]                                                                                       Best trial: 356. Best value: 2.43123: 100%|█████████▉| 499/500 [53:09<00:06,  6.04s/it]Best trial: 356. Best value: 2.43123: 100%|█████████▉| 499/500 [53:09<00:06,  6.04s/it]Best trial: 356. Best value: 2.43123: 100%|██████████| 500/500 [53:09<00:00,  6.29s/it]Best trial: 356. Best value: 2.43123: 100%|██████████| 500/500 [53:09<00:00,  6.38s/it]

[I 2026-05-03 18:39:17,881] Trial 493 finished with value: 2.5260837249641908 and parameters: {'rho_high_scale': 0.7837283711251944, 'f_n': 1.134952023551718e-06, 'K_d': 310273.2964456818, 'fission_rate': 7.1435574745220055e+19, 'Dg_D1_scale': 0.7246842984356929, 'Dg_D3_scale': 1.2513140074086169, 'Dv_D1_scale': 0.2180983481406154, 'Dv_D2_scale': 1.8348053586422548, 'b_bulk_scale': 3.0450571071255714, 'b_dislocation_scale': 0.23105778493285797, 'gb_scale': 7.296826237115148, 'gd_bubble_scale': 7.5113987188547435, 'gd_line_scale': 0.4262737512409576, 'gd_line_alpha': 0.7497537349321549, 'coalescence_d_scale': 1.1708097381420273, 'capture_scale': 0.016045097289889475}. Best is trial 356 with value: 2.4312251947833614.
