[I 2026-05-03 18:04:41,683] Trial 150 finished with value: 6.3897887712140395 and parameters: {'rho_high_scale': 0.8214526612175415, 'f_n': 1.1329299910963974e-08, 'K_d': 695272.0763701804, 'fission_rate': 5.2287759045664145e+19, 'Dg_D1_scale': 1.9780732000023873, 'Dg_D3_scale': 0.2496320740126809, 'Dv_D1_scale': 2.178094422820309, 'Dv_D2_scale': 0.5346699960681852, 'b_bulk_scale': 0.5661212740854837, 'b_dislocation_scale': 0.13398378747035278, 'gb_scale': 5.43867816414386, 'gd_bubble_scale': 8.613804649779551, 'gd_line_scale': 0.13483355852788015, 'gd_line_alpha': 0.5910935339844801, 'coalescence_d_scale': 0.1632707319236999, 'capture_scale': 0.06225242603602537}. Best is trial 67 with value: 2.9690598741980367.
[I 2026-05-03 18:04:49,849] Trial 151 finished with value: 4.278335712810014 and parameters: {'rho_high_scale': 0.7029295371972857, 'f_n': 3.3884157267376984e-07, 'K_d': 701462.1309596227, 'fission_rate': 6.068012754416291e+19, 'Dg_D1_scale': 3.534140546231613, 'Dg_D3_scale': 0.21607438242872815, 'Dv_D1_scale': 1.2548666513940727, 'Dv_D2_scale': 0.9114828340136855, 'b_bulk_scale': 0.592101333717618, 'b_dislocation_scale': 0.12287040677901638, 'gb_scale': 3.2118346866613847, 'gd_bubble_scale': 0.7611745801935922, 'gd_line_scale': 0.08487732297891402, 'gd_line_alpha': 0.5169050616528966, 'coalescence_d_scale': 0.10921348723526234, 'capture_scale': 0.09907399267046203}. Best is trial 67 with value: 2.9690598741980367.
[I 2026-05-03 18:04:54,383] Trial 152 finished with value: 4.512171035183731 and parameters: {'rho_high_scale': 0.7611783823883844, 'f_n': 1.4349664620428056e-06, 'K_d': 683067.1837841468, 'fission_rate': 7.796976534431449e+19, 'Dg_D1_scale': 1.7532417090184504, 'Dg_D3_scale': 0.17608811841518407, 'Dv_D1_scale': 1.3809856375711618, 'Dv_D2_scale': 1.0344157095704563, 'b_bulk_scale': 0.44762971818649094, 'b_dislocation_scale': 0.20714649694597137, 'gb_scale': 2.9033347767675486, 'gd_bubble_scale': 2.2747264584609574, 'gd_line_scale': 0.10907863695621099, 'gd_line_alpha': 0.4870929041448286, 'coalescence_d_scale': 0.13477966442086747, 'capture_scale': 0.14707568897971712}. Best is trial 67 with value: 2.9690598741980367.
[I 2026-05-03 18:05:02,296] Trial 153 finished with value: 4.16749535160653 and parameters: {'rho_high_scale': 0.7349428811901244, 'f_n': 2.639620096679984e-07, 'K_d': 735262.6073214057, 'fission_rate': 6.0193605144257855e+19, 'Dg_D1_scale': 2.9529600989229037, 'Dg_D3_scale': 0.2646450473432981, 'Dv_D1_scale': 1.1742011091916345, 'Dv_D2_scale': 0.9648243908597615, 'b_bulk_scale': 0.7123913081611906, 'b_dislocation_scale': 0.17118096970007463, 'gb_scale': 3.5615531144829635, 'gd_bubble_scale': 7.247355385711338, 'gd_line_scale': 0.09697683169632813, 'gd_line_alpha': 0.6182088692781798, 'coalescence_d_scale': 0.12042507392472655, 'capture_scale': 0.11136954555307275}. Best is trial 67 with value: 2.9690598741980367.
[I 2026-05-03 18:05:11,028] Trial 154 finished with value: 4.328594929781863 and parameters: {'rho_high_scale': 0.7007174088699611, 'f_n': 1.3510356616302494e-07, 'K_d': 655104.6093632173, 'fission_rate': 5.412661093720876e+19, 'Dg_D1_scale': 0.36075319786822924, 'Dg_D3_scale': 0.2012371870581366, 'Dv_D1_scale': 1.9874532771301725, 'Dv_D2_scale': 0.8504663063538149, 'b_bulk_scale': 0.5155393422612394, 'b_dislocation_scale': 0.11844318873514983, 'gb_scale': 4.414170886116421, 'gd_bubble_scale': 1.266202956045977, 'gd_line_scale': 0.07182144716838422, 'gd_line_alpha': 0.5340965175333422, 'coalescence_d_scale': 0.1533293739200145, 'capture_scale': 0.02093234396422749}. Best is trial 67 with value: 2.9690598741980367.
[I 2026-05-03 18:05:17,759] Trial 155 finished with value: 3.064496557262291 and parameters: {'rho_high_scale': 0.7877033155432142, 'f_n': 8.137608322444492e-07, 'K_d': 630782.1374414207, 'fission_rate': 7.004840126184696e+19, 'Dg_D1_scale': 3.723099515239839, 'Dg_D3_scale': 0.3735735811172827, 'Dv_D1_scale': 0.8179924412520906, 'Dv_D2_scale': 0.7912650070118097, 'b_bulk_scale': 0.6409295585940233, 'b_dislocation_scale': 0.14187264358435298, 'gb_scale': 2.5738500517131344, 'gd_bubble_scale': 3.106247249841559, 'gd_line_scale': 0.16619488950968855, 'gd_line_alpha': 0.4301378989030304, 'coalescence_d_scale': 0.10077452472622603, 'capture_scale': 0.07730532411287876}. Best is trial 67 with value: 2.9690598741980367.
[I 2026-05-03 18:05:23,979] Trial 156 finished with value: 3.096829501881357 and parameters: {'rho_high_scale': 0.8763254894771065, 'f_n': 8.987369493133903e-07, 'K_d': 625035.2191038659, 'fission_rate': 7.60706693702747e+19, 'Dg_D1_scale': 3.8750410963485553, 'Dg_D3_scale': 0.3623340766876762, 'Dv_D1_scale': 0.810428311679844, 'Dv_D2_scale': 0.6036641940097736, 'b_bulk_scale': 0.7567261590137443, 'b_dislocation_scale': 0.14412521272993697, 'gb_scale': 2.5164379267460038, 'gd_bubble_scale': 3.0051805259840676, 'gd_line_scale': 0.16758889886900913, 'gd_line_alpha': 0.4130206220596711, 'coalescence_d_scale': 0.10587786761603818, 'capture_scale': 0.07298543968462828}. Best is trial 67 with value: 2.9690598741980367.Best trial: 67. Best value: 2.96906:  31%|███       | 156/500 [18:38<42:13,  7.36s/it]Best trial: 67. Best value: 2.96906:  31%|███       | 156/500 [18:38<42:13,  7.36s/it]Best trial: 67. Best value: 2.96906:  31%|███▏      | 157/500 [18:38<40:09,  7.02s/it]                                                                                      Best trial: 67. Best value: 2.96906:  31%|███▏      | 157/500 [18:42<40:09,  7.02s/it]Best trial: 67. Best value: 2.96906:  31%|███▏      | 157/500 [18:43<40:09,  7.02s/it]Best trial: 67. Best value: 2.96906:  32%|███▏      | 158/500 [18:43<35:55,  6.30s/it]                                                                                      Best trial: 67. Best value: 2.96906:  32%|███▏      | 158/500 [18:49<35:55,  6.30s/it]Best trial: 67. Best value: 2.96906:  32%|███▏      | 158/500 [18:49<35:55,  6.30s/it]Best trial: 67. Best value: 2.96906:  32%|███▏      | 159/500 [18:49<36:12,  6.37s/it]                                                                                      Best trial: 67. Best value: 2.96906:  32%|███▏      | 159/500 [18:56<36:12,  6.37s/it]Best trial: 67. Best value: 2.96906:  32%|███▏      | 159/500 [18:56<36:12,  6.37s/it]Best trial: 67. Best value: 2.96906:  32%|███▏      | 160/500 [18:56<36:50,  6.50s/it]                                                                                      Best trial: 67. Best value: 2.96906:  32%|███▏      | 160/500 [19:02<36:50,  6.50s/it]Best trial: 67. Best value: 2.96906:  32%|███▏      | 160/500 [19:02<36:50,  6.50s/it]Best trial: 67. Best value: 2.96906:  32%|███▏      | 161/500 [19:02<36:30,  6.46s/it]                                                                                      Best trial: 67. Best value: 2.96906:  32%|███▏      | 161/500 [19:09<36:30,  6.46s/it]Best trial: 67. Best value: 2.96906:  32%|███▏      | 161/500 [19:09<36:30,  6.46s/it]Best trial: 67. Best value: 2.96906:  32%|███▏      | 162/500 [19:09<36:26,  6.47s/it]                                                                                      Best trial: 67. Best value: 2.96906:  32%|███▏      | 162/500 [19:13<36:26,  6.47s/it]Best trial: 67. Best value: 2.96906:  32%|███▏      | 162/500 [19:13<36:26,  6.47s/it]Best trial: 67. Best value: 2.96906:  33%|███▎      | 163/500 [19:13<32:58,  5.87s/it]                                                                                      Best trial: 67. Best value: 2.96906:  33%|███▎      | 163/500 [19:20<32:58,  5.87s/it]Best trial: 67. Best value: 2.96906:  33%|███▎      | 163/500 [19:20<32:58,  5.87s/it]Best trial: 67. Best value: 2.96906:  33%|███▎      | 164/500 [19:20<34:22,  6.14s/it]                                                                                      Best trial: 67. Best value: 2.96906:  33%|███▎      | 164/500 [19:27<34:22,  6.14s/it]Best trial: 67. Best value: 2.96906:  33%|███▎      | 164/500 [19:27<34:22,  6.14s/it]Best trial: 67. Best value: 2.96906:  33%|███▎      | 165/500 [19:27<35:28,  6.35s/it]                                                                                      Best trial: 67. Best value: 2.96906:  33%|███▎      | 165/500 [19:33<35:28,  6.35s/it]Best trial: 67. Best value: 2.96906:  33%|███▎      | 165/500 [19:33<35:28,  6.35s/it]Best trial: 67. Best value: 2.96906:  33%|███▎      | 166/500 [19:33<35:18,  6.34s/it]                                                                                      Best trial: 67. Best value: 2.96906:  33%|███▎      | 166/500 [19:37<35:18,  6.34s/it]Best trial: 67. Best value: 2.96906:  33%|███▎      | 166/500 [19:37<35:18,  6.34s/it]Best trial: 67. Best value: 2.96906:  33%|███▎      | 167/500 [19:37<30:54,  5.57s/it]                                                                                      Best trial: 67. Best value: 2.96906:  33%|███▎      | 167/500 [19:41<30:54,  5.57s/it]Best trial: 67. Best value: 2.96906:  33%|███▎      | 167/500 [19:41<30:54,  5.57s/it]Best trial: 67. Best value: 2.96906:  34%|███▎      | 168/500 [19:41<28:44,  5.20s/it]                                                                                      
[I 2026-05-03 18:05:28,608] Trial 157 finished with value: 3.1000039550502194 and parameters: {'rho_high_scale': 0.8896579136508237, 'f_n': 8.078245228014499e-07, 'K_d': 624619.37312412, 'fission_rate': 7.522753482916736e+19, 'Dg_D1_scale': 3.744409100311185, 'Dg_D3_scale': 0.377019622746063, 'Dv_D1_scale': 0.8545048169680661, 'Dv_D2_scale': 0.5768782877187743, 'b_bulk_scale': 0.8481403132621146, 'b_dislocation_scale': 0.1494444073832568, 'gb_scale': 2.577863714946292, 'gd_bubble_scale': 2.77137478206554, 'gd_line_scale': 0.17778762199431608, 'gd_line_alpha': 0.41986389216656556, 'coalescence_d_scale': 0.10304105517480441, 'capture_scale': 0.05000094030029093}. Best is trial 67 with value: 2.9690598741980367.
[I 2026-05-03 18:05:35,137] Trial 158 finished with value: 4.386557911627412 and parameters: {'rho_high_scale': 0.8534336973797765, 'f_n': 7.662469536495418e-08, 'K_d': 613239.8038824904, 'fission_rate': 7.3344442721178984e+19, 'Dg_D1_scale': 3.9875868327560995, 'Dg_D3_scale': 0.45457039010293354, 'Dv_D1_scale': 0.8104207576950055, 'Dv_D2_scale': 0.6123261237591564, 'b_bulk_scale': 0.7762532582440247, 'b_dislocation_scale': 0.14023013210630245, 'gb_scale': 2.2570939278919417, 'gd_bubble_scale': 4.090099113285639, 'gd_line_scale': 0.16781318547752994, 'gd_line_alpha': 0.43826081137009687, 'coalescence_d_scale': 0.10995264935407893, 'capture_scale': 0.06804832163302962}. Best is trial 67 with value: 2.9690598741980367.
[I 2026-05-03 18:05:41,946] Trial 159 finished with value: 3.4297728408582526 and parameters: {'rho_high_scale': 0.788939614669185, 'f_n': 2.5338732171525334e-06, 'K_d': 634663.0631094921, 'fission_rate': 7.119834380759653e+19, 'Dg_D1_scale': 3.3456493972765573, 'Dg_D3_scale': 0.4150954055879852, 'Dv_D1_scale': 0.8805757266285985, 'Dv_D2_scale': 0.4818438207092638, 'b_bulk_scale': 1.1966864278911402, 'b_dislocation_scale': 0.10704096792754826, 'gb_scale': 7.1548341721739455, 'gd_bubble_scale': 3.0204397787030484, 'gd_line_scale': 0.20290805184860902, 'gd_line_alpha': 0.4535492110156515, 'coalescence_d_scale': 0.10132746473279547, 'capture_scale': 0.07813144960808746}. Best is trial 67 with value: 2.9690598741980367.
[I 2026-05-03 18:05:48,310] Trial 160 finished with value: 5.039936273359795 and parameters: {'rho_high_scale': 0.8234506014891831, 'f_n': 2.1971458707779238e-08, 'K_d': 564520.2940142154, 'fission_rate': 7.622503949874936e+19, 'Dg_D1_scale': 1.8303102533134752, 'Dg_D3_scale': 0.32017918576460386, 'Dv_D1_scale': 0.7367617199976633, 'Dv_D2_scale': 0.6881285946349063, 'b_bulk_scale': 0.6463138946455919, 'b_dislocation_scale': 0.12837462943242592, 'gb_scale': 0.06377739007424525, 'gd_bubble_scale': 3.4348490374935277, 'gd_line_scale': 0.2435218503299147, 'gd_line_alpha': 0.5565789897926664, 'coalescence_d_scale': 0.17436315422735324, 'capture_scale': 0.0900250817059047}. Best is trial 67 with value: 2.9690598741980367.
[I 2026-05-03 18:05:54,798] Trial 161 finished with value: 3.1148358937800182 and parameters: {'rho_high_scale': 0.8922828255920682, 'f_n': 9.772923755395948e-07, 'K_d': 602829.5671276147, 'fission_rate': 7.567866210129165e+19, 'Dg_D1_scale': 3.8548124167088567, 'Dg_D3_scale': 0.3811801861156058, 'Dv_D1_scale': 0.8297471658943637, 'Dv_D2_scale': 0.58970937199959, 'b_bulk_scale': 0.902002187393773, 'b_dislocation_scale': 0.14393712701465008, 'gb_scale': 2.6591144162539484, 'gd_bubble_scale': 2.671328091030664, 'gd_line_scale': 0.17757861896321991, 'gd_line_alpha': 0.19877607544325493, 'coalescence_d_scale': 0.10130732314273423, 'capture_scale': 0.04968212317475446}. Best is trial 67 with value: 2.9690598741980367.
[I 2026-05-03 18:05:59,268] Trial 162 finished with value: 3.190309257145371 and parameters: {'rho_high_scale': 0.862017472346098, 'f_n': 7.755783551652063e-07, 'K_d': 628741.1880567604, 'fission_rate': 7.671398831844132e+19, 'Dg_D1_scale': 3.6859857504548255, 'Dg_D3_scale': 0.3849004530549489, 'Dv_D1_scale': 0.7159095446492059, 'Dv_D2_scale': 0.5690137814460277, 'b_bulk_scale': 1.0420957446582235, 'b_dislocation_scale': 0.15395484763907805, 'gb_scale': 2.416670444026337, 'gd_bubble_scale': 3.744716875241612, 'gd_line_scale': 0.1553265336698521, 'gd_line_alpha': 0.3954544458411601, 'coalescence_d_scale': 0.12061128249430719, 'capture_scale': 0.059102155205249474}. Best is trial 67 with value: 2.9690598741980367.
[I 2026-05-03 18:06:06,040] Trial 163 finished with value: 3.1092680489383113 and parameters: {'rho_high_scale': 0.9487971653640921, 'f_n': 5.462076035197919e-07, 'K_d': 624335.2453923346, 'fission_rate': 7.002148814840151e+19, 'Dg_D1_scale': 3.224776560904192, 'Dg_D3_scale': 0.3455108243292682, 'Dv_D1_scale': 0.9300869930673831, 'Dv_D2_scale': 0.5348982830123721, 'b_bulk_scale': 0.8223169200126842, 'b_dislocation_scale': 0.19114706254490252, 'gb_scale': 2.0495705264326345, 'gd_bubble_scale': 2.947789159257523, 'gd_line_scale': 0.14584065770944776, 'gd_line_alpha': 0.41363459139525427, 'coalescence_d_scale': 0.13613493395836976, 'capture_scale': 0.07343266840884596}. Best is trial 67 with value: 2.9690598741980367.
[I 2026-05-03 18:06:12,848] Trial 164 finished with value: 3.0840440709650965 and parameters: {'rho_high_scale': 0.7916860893422623, 'f_n': 6.685713015130567e-07, 'K_d': 595599.6303965747, 'fission_rate': 7.831669270600504e+19, 'Dg_D1_scale': 3.976612189663491, 'Dg_D3_scale': 0.48352900076361005, 'Dv_D1_scale': 1.0156815435666606, 'Dv_D2_scale': 0.7655437267019505, 'b_bulk_scale': 0.9432756258989347, 'b_dislocation_scale': 0.17822663980051237, 'gb_scale': 2.6312482951318947, 'gd_bubble_scale': 2.6479132416554076, 'gd_line_scale': 0.19489232627066772, 'gd_line_alpha': 0.4270943873758803, 'coalescence_d_scale': 0.11587374161351713, 'capture_scale': 0.05374054095607485}. Best is trial 67 with value: 2.9690598741980367.
[I 2026-05-03 18:06:19,213] Trial 165 finished with value: 3.964934370224232 and parameters: {'rho_high_scale': 0.7920837368294547, 'f_n': 1.8943848955894258e-06, 'K_d': 583184.0615094476, 'fission_rate': 7.93305375882662e+19, 'Dg_D1_scale': 3.952394952749775, 'Dg_D3_scale': 0.6794008269532797, 'Dv_D1_scale': 1.0341302773555932, 'Dv_D2_scale': 0.778861850236958, 'b_bulk_scale': 1.4027083481314362, 'b_dislocation_scale': 0.17765555790309448, 'gb_scale': 5.090179100401735, 'gd_bubble_scale': 5.170196427337052, 'gd_line_scale': 0.2037141610791344, 'gd_line_alpha': 0.23306277272912967, 'coalescence_d_scale': 9.50458052209322, 'capture_scale': 0.09042429725731325}. Best is trial 67 with value: 2.9690598741980367.
[I 2026-05-03 18:06:22,977] Trial 166 finished with value: 4.504451166658605 and parameters: {'rho_high_scale': 0.7628112286655545, 'f_n': 6.751321949600908e-07, 'K_d': 592104.1994217136, 'fission_rate': 7.807767848394901e+19, 'Dg_D1_scale': 3.574340799601178, 'Dg_D3_scale': 0.47186264870995653, 'Dv_D1_scale': 1.1024383526716433, 'Dv_D2_scale': 0.8161919027345756, 'b_bulk_scale': 0.09877304681587876, 'b_dislocation_scale': 0.23592739564545637, 'gb_scale': 2.8264987764516283, 'gd_bubble_scale': 1.995780681143605, 'gd_line_scale': 0.28246578574400766, 'gd_line_alpha': 0.4985693654156945, 'coalescence_d_scale': 0.12387297626206875, 'capture_scale': 0.05652317612681427}. Best is trial 67 with value: 2.9690598741980367.
[I 2026-05-03 18:06:27,295] Trial 167 finished with value: 4.384338466672764 and parameters: {'rho_high_scale': 0.8086034452682481, 'f_n': 1.0240670414076308e-07, 'K_d': 603580.1840319781, 'fission_rate': 7.984435949007749e+19, 'Dg_D1_scale': 1.6468050562728465, 'Dg_D3_scale': 0.5930659049556871, 'Dv_D1_scale': 0.9951603999944219, 'Dv_D2_scale': 0.7220617373595504, 'b_bulk_scale': 0.7191240590737615, 'b_dislocation_scale': 0.09625878355497486, 'gb_scale': 1.875246491375819, 'gd_bubble_scale': 3.2291941644206514, 'gd_line_scale': 0.22932969598968814, 'gd_line_alpha': 0.43516265866192627, 'coalescence_d_scale': 0.148374503954032, 'capture_scale': 0.06604411094966722}. Best is trial 67 with value: 2.9690598741980367.
