[I 2026-05-03 18:02:23,946] Trial 132 finished with value: 3.964214183892742 and parameters: {'rho_high_scale': 0.7820960638191744, 'f_n': 1.6041898479795237e-06, 'K_d': 608997.5835090961, 'fission_rate': 6.4108304447859335e+19, 'Dg_D1_scale': 0.6307425219009243, 'Dg_D3_scale': 0.22762320751346612, 'Dv_D1_scale': 1.203630406425294, 'Dv_D2_scale': 0.990254530450897, 'b_bulk_scale': 0.6934619247484247, 'b_dislocation_scale': 0.17783127009430327, 'gb_scale': 5.541518394248495, 'gd_bubble_scale': 5.764170702386522, 'gd_line_scale': 0.07545522463698312, 'gd_line_alpha': 0.2708518698422324, 'coalescence_d_scale': 0.12848635230430897, 'capture_scale': 0.08289918512753976}. Best is trial 67 with value: 2.9690598741980367.Best trial: 67. Best value: 2.96906:  26%|██▋       | 132/500 [15:38<44:58,  7.33s/it]Best trial: 67. Best value: 2.96906:  26%|██▋       | 132/500 [15:38<44:58,  7.33s/it]Best trial: 67. Best value: 2.96906:  27%|██▋       | 133/500 [15:38<41:27,  6.78s/it]                                                                                      Best trial: 67. Best value: 2.96906:  27%|██▋       | 133/500 [15:46<41:27,  6.78s/it]Best trial: 67. Best value: 2.96906:  27%|██▋       | 133/500 [15:46<41:27,  6.78s/it]Best trial: 67. Best value: 2.96906:  27%|██▋       | 134/500 [15:46<44:10,  7.24s/it]                                                                                      Best trial: 67. Best value: 2.96906:  27%|██▋       | 134/500 [15:54<44:10,  7.24s/it]Best trial: 67. Best value: 2.96906:  27%|██▋       | 134/500 [15:55<44:10,  7.24s/it]Best trial: 67. Best value: 2.96906:  27%|██▋       | 135/500 [15:55<46:00,  7.56s/it]                                                                                      Best trial: 67. Best value: 2.96906:  27%|██▋       | 135/500 [16:02<46:00,  7.56s/it]Best trial: 67. Best value: 2.96906:  27%|██▋       | 135/500 [16:02<46:00,  7.56s/it]Best trial: 67. Best value: 2.96906:  27%|██▋       | 136/500 [16:02<44:59,  7.42s/it]                                                                                      Best trial: 67. Best value: 2.96906:  27%|██▋       | 136/500 [16:06<44:59,  7.42s/it]Best trial: 67. Best value: 2.96906:  27%|██▋       | 136/500 [16:06<44:59,  7.42s/it]Best trial: 67. Best value: 2.96906:  27%|██▋       | 137/500 [16:06<39:20,  6.50s/it]                                                                                      Best trial: 67. Best value: 2.96906:  27%|██▋       | 137/500 [16:15<39:20,  6.50s/it]Best trial: 67. Best value: 2.96906:  27%|██▋       | 137/500 [16:15<39:20,  6.50s/it]Best trial: 67. Best value: 2.96906:  28%|██▊       | 138/500 [16:15<43:17,  7.17s/it]                                                                                      Best trial: 67. Best value: 2.96906:  28%|██▊       | 138/500 [16:23<43:17,  7.17s/it]Best trial: 67. Best value: 2.96906:  28%|██▊       | 138/500 [16:23<43:17,  7.17s/it]Best trial: 67. Best value: 2.96906:  28%|██▊       | 139/500 [16:23<46:04,  7.66s/it]                                                                                      Best trial: 67. Best value: 2.96906:  28%|██▊       | 139/500 [16:32<46:04,  7.66s/it]Best trial: 67. Best value: 2.96906:  28%|██▊       | 139/500 [16:32<46:04,  7.66s/it]Best trial: 67. Best value: 2.96906:  28%|██▊       | 140/500 [16:32<47:36,  7.94s/it]                                                                                      Best trial: 67. Best value: 2.96906:  28%|██▊       | 140/500 [16:40<47:36,  7.94s/it]Best trial: 67. Best value: 2.96906:  28%|██▊       | 140/500 [16:40<47:36,  7.94s/it]Best trial: 67. Best value: 2.96906:  28%|██▊       | 141/500 [16:40<46:45,  7.82s/it]                                                                                      Best trial: 67. Best value: 2.96906:  28%|██▊       | 141/500 [16:47<46:45,  7.82s/it]Best trial: 67. Best value: 2.96906:  28%|██▊       | 141/500 [16:47<46:45,  7.82s/it]Best trial: 67. Best value: 2.96906:  28%|██▊       | 142/500 [16:47<46:30,  7.79s/it]                                                                                      Best trial: 67. Best value: 2.96906:  28%|██▊       | 142/500 [16:55<46:30,  7.79s/it]Best trial: 67. Best value: 2.96906:  28%|██▊       | 142/500 [16:55<46:30,  7.79s/it]Best trial: 67. Best value: 2.96906:  29%|██▊       | 143/500 [16:55<46:03,  7.74s/it]                                                                                      Best trial: 67. Best value: 2.96906:  29%|██▊       | 143/500 [17:03<46:03,  7.74s/it]Best trial: 67. Best value: 2.96906:  29%|██▊       | 143/500 [17:03<46:03,  7.74s/it]Best trial: 67. Best value: 2.96906:  29%|██▉       | 144/500 [17:03<45:47,  7.72s/it]                                                                                      
[I 2026-05-03 18:02:32,275] Trial 133 finished with value: 6.56263160240828 and parameters: {'rho_high_scale': 0.7001373281976725, 'f_n': 1.0059258266530097e-06, 'K_d': 665390.800499448, 'fission_rate': 5.829150952988231e+19, 'Dg_D1_scale': 2.892835131459814, 'Dg_D3_scale': 0.18773072217607845, 'Dv_D1_scale': 2.217468035767646, 'Dv_D2_scale': 0.8877859236085337, 'b_bulk_scale': 0.7924439065126925, 'b_dislocation_scale': 0.1487601736222929, 'gb_scale': 0.19819907375649068, 'gd_bubble_scale': 8.205906092632109, 'gd_line_scale': 0.12122232889312674, 'gd_line_alpha': 0.4482177565269807, 'coalescence_d_scale': 0.16345797107175739, 'capture_scale': 0.12160911380306594}. Best is trial 67 with value: 2.9690598741980367.
[I 2026-05-03 18:02:40,549] Trial 134 finished with value: 3.1821863471539373 and parameters: {'rho_high_scale': 0.7572608019476372, 'f_n': 2.2756956340004723e-06, 'K_d': 634173.6981598673, 'fission_rate': 5.6972439680460276e+19, 'Dg_D1_scale': 3.1937541564003884, 'Dg_D3_scale': 0.21576501451924832, 'Dv_D1_scale': 0.916913311416648, 'Dv_D2_scale': 1.2620699691859016, 'b_bulk_scale': 1.256729284774715, 'b_dislocation_scale': 0.11573353806596488, 'gb_scale': 2.9508158597850507, 'gd_bubble_scale': 4.053335529216868, 'gd_line_scale': 0.09940114008215771, 'gd_line_alpha': 0.47931267642763276, 'coalescence_d_scale': 0.2027825263427535, 'capture_scale': 0.19534799665339508}. Best is trial 67 with value: 2.9690598741980367.
[I 2026-05-03 18:02:47,661] Trial 135 finished with value: 5.726041547608813 and parameters: {'rho_high_scale': 5.40282908972039, 'f_n': 1.2365870250237652e-07, 'K_d': 683107.6786196312, 'fission_rate': 6.6537838123189486e+19, 'Dg_D1_scale': 2.3498933297195492, 'Dg_D3_scale': 0.15003658550660293, 'Dv_D1_scale': 1.6706938733765788, 'Dv_D2_scale': 0.42747875554254583, 'b_bulk_scale': 0.39770221157094127, 'b_dislocation_scale': 0.13591223285310544, 'gb_scale': 3.7607614274307637, 'gd_bubble_scale': 9.890289167621143, 'gd_line_scale': 0.1447035354086826, 'gd_line_alpha': 0.3476735385499178, 'coalescence_d_scale': 0.11502773640390487, 'capture_scale': 2.383277449443058}. Best is trial 67 with value: 2.9690598741980367.
[I 2026-05-03 18:02:52,030] Trial 136 finished with value: 5.1834510701580685 and parameters: {'rho_high_scale': 0.8174774333987862, 'f_n': 4.560263831715061e-07, 'K_d': 711364.1408374392, 'fission_rate': 6.4846976430853415e+19, 'Dg_D1_scale': 2.6859704179154567, 'Dg_D3_scale': 0.3235842914461858, 'Dv_D1_scale': 1.0781071646831744, 'Dv_D2_scale': 0.8470967420112429, 'b_bulk_scale': 0.30095775475008885, 'b_dislocation_scale': 1.6332029007652173, 'gb_scale': 4.269001049185653, 'gd_bubble_scale': 6.401642008304944, 'gd_line_scale': 0.11469104727458655, 'gd_line_alpha': 0.5171214279286311, 'coalescence_d_scale': 0.13126422133073598, 'capture_scale': 0.24097836964009664}. Best is trial 67 with value: 2.9690598741980367.
[I 2026-05-03 18:03:00,774] Trial 137 finished with value: 2.980019204694268 and parameters: {'rho_high_scale': 0.730294898705999, 'f_n': 1.9980866837584173e-07, 'K_d': 665675.7058661149, 'fission_rate': 5.37455912430628e+19, 'Dg_D1_scale': 1.7485172348060027, 'Dg_D3_scale': 0.1643643539455467, 'Dv_D1_scale': 1.8846885109907776, 'Dv_D2_scale': 0.48269356542707487, 'b_bulk_scale': 0.6604158935254807, 'b_dislocation_scale': 0.1644371697891213, 'gb_scale': 2.6094088525019004, 'gd_bubble_scale': 3.316258939358546, 'gd_line_scale': 0.19049932207085837, 'gd_line_alpha': 0.5861778759795788, 'coalescence_d_scale': 0.1543016431504571, 'capture_scale': 0.547516383979115}. Best is trial 67 with value: 2.9690598741980367.
[I 2026-05-03 18:03:09,559] Trial 138 finished with value: 5.323675520045475 and parameters: {'rho_high_scale': 1.5445766857681529, 'f_n': 1.9016700219006127e-07, 'K_d': 644843.6806018327, 'fission_rate': 5.381737640664658e+19, 'Dg_D1_scale': 1.7521386563465786, 'Dg_D3_scale': 0.16900832164365398, 'Dv_D1_scale': 1.9185499393355527, 'Dv_D2_scale': 0.5135174044575543, 'b_bulk_scale': 0.539295519282852, 'b_dislocation_scale': 0.16373775560467194, 'gb_scale': 2.2135799517676054, 'gd_bubble_scale': 5.315052737612128, 'gd_line_scale': 0.24520053893170693, 'gd_line_alpha': 0.5717465955233516, 'coalescence_d_scale': 0.16037913340048032, 'capture_scale': 0.5482510697777936}. Best is trial 67 with value: 2.9690598741980367.
[I 2026-05-03 18:03:18,142] Trial 139 finished with value: 3.2137084100780773 and parameters: {'rho_high_scale': 0.8670258460987209, 'f_n': 2.471667446870474e-07, 'K_d': 547866.8781154732, 'fission_rate': 5.5276402840300315e+19, 'Dg_D1_scale': 1.5793149158672006, 'Dg_D3_scale': 0.1648924606686266, 'Dv_D1_scale': 2.87413851016303, 'Dv_D2_scale': 0.43972519596645054, 'b_bulk_scale': 0.4633371172972339, 'b_dislocation_scale': 0.2154281056565423, 'gb_scale': 6.85517354472632, 'gd_bubble_scale': 7.465054239378254, 'gd_line_scale': 0.19230171576850355, 'gd_line_alpha': 0.5970671010311299, 'coalescence_d_scale': 0.22968314499756884, 'capture_scale': 0.3106148209745329}. Best is trial 67 with value: 2.9690598741980367.
[I 2026-05-03 18:03:25,678] Trial 140 finished with value: 3.467122360829325 and parameters: {'rho_high_scale': 0.7878696762423497, 'f_n': 1.662077292876208e-08, 'K_d': 657165.5016419274, 'fission_rate': 5.308376229225464e+19, 'Dg_D1_scale': 2.1607649850010744, 'Dg_D3_scale': 0.1824720926602962, 'Dv_D1_scale': 2.047479458875196, 'Dv_D2_scale': 0.4554511415335715, 'b_bulk_scale': 0.36045032623029055, 'b_dislocation_scale': 0.12881111355694072, 'gb_scale': 4.72441241645559, 'gd_bubble_scale': 3.0751016138631906, 'gd_line_scale': 0.16624761437939622, 'gd_line_alpha': 0.3595326111094873, 'coalescence_d_scale': 0.1777386976198928, 'capture_scale': 0.16659636727113852}. Best is trial 67 with value: 2.9690598741980367.
[I 2026-05-03 18:03:33,420] Trial 141 finished with value: 3.2843986206074685 and parameters: {'rho_high_scale': 0.7299166342031692, 'f_n': 1.1798521414583391e-06, 'K_d': 669845.3923413204, 'fission_rate': 6.095640771928542e+19, 'Dg_D1_scale': 1.8441718901734434, 'Dg_D3_scale': 0.20457256851001107, 'Dv_D1_scale': 1.8661622993789513, 'Dv_D2_scale': 0.46238049869949777, 'b_bulk_scale': 0.6279466749528846, 'b_dislocation_scale': 0.18183911976857728, 'gb_scale': 2.6364912464425068, 'gd_bubble_scale': 4.5657846044537775, 'gd_line_scale': 0.12517651930902995, 'gd_line_alpha': 0.5457868713348337, 'coalescence_d_scale': 0.1420485383005814, 'capture_scale': 0.4084539625314065}. Best is trial 67 with value: 2.9690598741980367.
[I 2026-05-03 18:03:41,036] Trial 142 finished with value: 3.095310719429434 and parameters: {'rho_high_scale': 0.7509195652044832, 'f_n': 1.4000717827270146e-07, 'K_d': 695219.49731455, 'fission_rate': 6.2401976319176065e+19, 'Dg_D1_scale': 1.6726492459462325, 'Dg_D3_scale': 0.19186748981053758, 'Dv_D1_scale': 2.4060729396399005, 'Dv_D2_scale': 0.9690357449931996, 'b_bulk_scale': 0.7229600002888039, 'b_dislocation_scale': 0.15072016805545113, 'gb_scale': 3.005885780826191, 'gd_bubble_scale': 2.654075414006775, 'gd_line_scale': 0.28789705618549855, 'gd_line_alpha': 0.49760403485053567, 'coalescence_d_scale': 0.1206659879970647, 'capture_scale': 0.09334061964380055}. Best is trial 67 with value: 2.9690598741980367.
[I 2026-05-03 18:03:48,700] Trial 143 finished with value: 3.269771633879653 and parameters: {'rho_high_scale': 0.7579493014864124, 'f_n': 1.242965092758137e-07, 'K_d': 684169.3551193649, 'fission_rate': 6.2329405631638176e+19, 'Dg_D1_scale': 1.5160134146415478, 'Dg_D3_scale': 0.1910930630327908, 'Dv_D1_scale': 2.617739092327818, 'Dv_D2_scale': 0.3970873992532282, 'b_bulk_scale': 0.7105743425751021, 'b_dislocation_scale': 0.15179310921737177, 'gb_scale': 3.6314730760028144, 'gd_bubble_scale': 3.4009356836252898, 'gd_line_scale': 0.29153689185973236, 'gd_line_alpha': 0.4325280655460918, 'coalescence_d_scale': 0.1568721240034051, 'capture_scale': 0.09277368235661126}. Best is trial 67 with value: 2.9690598741980367.
[I 2026-05-03 18:03:55,028] Trial 144 finished with value: 4.5969698888691255 and parameters: {'rho_high_scale': 0.8014798879577284, 'f_n': 1.5930310155491172e-07, 'K_d': 697645.3717806399, 'fission_rate': 5.792583898104489e+19, 'Dg_D1_scale': 1.6803462943994067, 'Dg_D3_scale': 0.17577745204616904, 'Dv_D1_scale': 2.5133997416829255, 'Dv_D2_scale': 0.3601616020097926, 'b_bulk_scale': 0.808607688557999, 'b_dislocation_scale': 0.1114940814812075, 'gb_scale': 1.8531363291810439, 'gd_bubble_scale': 1.962828500821147, 'gd_line_scale': 0.3754674432987397, 'gd_line_alpha': 0.6482598045815883, 'coalescence_d_scale': 0.1116538790968987, 'capture_scale': 0.08026907462119198}. Best is trial 67 with value: 2.9690598741980367.Best trial: 67. Best value: 2.96906:  29%|██▉       | 144/500 [17:09<45:47,  7.72s/it]Best trial: 67. Best value: 2.96906:  29%|██▉       | 144/500 [17:09<45:47,  7.72s/it]Best trial: 67. Best value: 2.96906:  29%|██▉       | 145/500 [17:09<43:11,  7.30s/it]                                                                                      Best trial: 67. Best value: 2.96906:  29%|██▉       | 145/500 [17:17<43:11,  7.30s/it]Best trial: 67. Best value: 2.96906:  29%|██▉       | 145/500 [17:17<43:11,  7.30s/it]Best trial: 67. Best value: 2.96906:  29%|██▉       | 146/500 [17:17<44:33,  7.55s/it]                                                                                      Best trial: 67. Best value: 2.96906:  29%|██▉       | 146/500 [17:26<44:33,  7.55s/it]Best trial: 67. Best value: 2.96906:  29%|██▉       | 146/500 [17:26<44:33,  7.55s/it]Best trial: 67. Best value: 2.96906:  29%|██▉       | 147/500 [17:26<46:37,  7.93s/it]                                                                                      Best trial: 67. Best value: 2.96906:  29%|██▉       | 147/500 [17:34<46:37,  7.93s/it]Best trial: 67. Best value: 2.96906:  29%|██▉       | 147/500 [17:34<46:37,  7.93s/it]Best trial: 67. Best value: 2.96906:  30%|██▉       | 148/500 [17:34<46:23,  7.91s/it]                                                                                      Best trial: 67. Best value: 2.96906:  30%|██▉       | 148/500 [17:40<46:23,  7.91s/it]Best trial: 67. Best value: 2.96906:  30%|██▉       | 148/500 [17:40<46:23,  7.91s/it]Best trial: 67. Best value: 2.96906:  30%|██▉       | 149/500 [17:40<42:57,  7.34s/it]                                                                                      Best trial: 67. Best value: 2.96906:  30%|██▉       | 149/500 [17:47<42:57,  7.34s/it]Best trial: 67. Best value: 2.96906:  30%|██▉       | 149/500 [17:47<42:57,  7.34s/it]Best trial: 67. Best value: 2.96906:  30%|███       | 150/500 [17:47<42:21,  7.26s/it]                                                                                      Best trial: 67. Best value: 2.96906:  30%|███       | 150/500 [17:56<42:21,  7.26s/it]Best trial: 67. Best value: 2.96906:  30%|███       | 150/500 [17:56<42:21,  7.26s/it]Best trial: 67. Best value: 2.96906:  30%|███       | 151/500 [17:56<44:54,  7.72s/it]                                                                                      Best trial: 67. Best value: 2.96906:  30%|███       | 151/500 [18:04<44:54,  7.72s/it]Best trial: 67. Best value: 2.96906:  30%|███       | 151/500 [18:04<44:54,  7.72s/it]Best trial: 67. Best value: 2.96906:  30%|███       | 152/500 [18:04<45:30,  7.85s/it]                                                                                      Best trial: 67. Best value: 2.96906:  30%|███       | 152/500 [18:08<45:30,  7.85s/it]Best trial: 67. Best value: 2.96906:  30%|███       | 152/500 [18:08<45:30,  7.85s/it]Best trial: 67. Best value: 2.96906:  31%|███       | 153/500 [18:08<39:36,  6.85s/it]                                                                                      Best trial: 67. Best value: 2.96906:  31%|███       | 153/500 [18:16<39:36,  6.85s/it]Best trial: 67. Best value: 2.96906:  31%|███       | 153/500 [18:16<39:36,  6.85s/it]Best trial: 67. Best value: 2.96906:  31%|███       | 154/500 [18:16<41:20,  7.17s/it]                                                                                      Best trial: 67. Best value: 2.96906:  31%|███       | 154/500 [18:25<41:20,  7.17s/it]Best trial: 67. Best value: 2.96906:  31%|███       | 154/500 [18:25<41:20,  7.17s/it]Best trial: 67. Best value: 2.96906:  31%|███       | 155/500 [18:25<43:55,  7.64s/it]                                                                                      Best trial: 67. Best value: 2.96906:  31%|███       | 155/500 [18:32<43:55,  7.64s/it]Best trial: 67. Best value: 2.96906:  31%|███       | 155/500 [18:32<43:55,  7.64s/it]Best trial: 67. Best value: 2.96906:  31%|███       | 156/500 [18:32<42:13,  7.36s/it]                                                                                      
[I 2026-05-03 18:04:03,170] Trial 145 finished with value: 4.192673036008485 and parameters: {'rho_high_scale': 0.8369197413416775, 'f_n': 1.7761317653273964e-06, 'K_d': 726470.1941644687, 'fission_rate': 5.95449497622013e+19, 'Dg_D1_scale': 1.3629385451363571, 'Dg_D3_scale': 0.15970647547013567, 'Dv_D1_scale': 2.422023940360626, 'Dv_D2_scale': 1.0762768771016662, 'b_bulk_scale': 0.6611055795407148, 'b_dislocation_scale': 0.13523747395603522, 'gb_scale': 6.053729551815504, 'gd_bubble_scale': 2.6674736771470777, 'gd_line_scale': 0.1501997145534162, 'gd_line_alpha': 0.4580900264533425, 'coalescence_d_scale': 0.20116796379016413, 'capture_scale': 0.13235983008919314}. Best is trial 67 with value: 2.9690598741980367.
[I 2026-05-03 18:04:11,933] Trial 146 finished with value: 6.766647630359094 and parameters: {'rho_high_scale': 0.7429662053122597, 'f_n': 9.82428152051651e-08, 'K_d': 664548.2099844189, 'fission_rate': 5.4738429485155434e+19, 'Dg_D1_scale': 1.9128285428768987, 'Dg_D3_scale': 0.2293743760999585, 'Dv_D1_scale': 2.210292508259414, 'Dv_D2_scale': 1.4931319893450452, 'b_bulk_scale': 0.8875877705574671, 'b_dislocation_scale': 0.16779895007288398, 'gb_scale': 2.5699647424416154, 'gd_bubble_scale': 5.854588746234841, 'gd_line_scale': 2.5613157911891773, 'gd_line_alpha': 0.5012379409331016, 'coalescence_d_scale': 0.1288568233555526, 'capture_scale': 0.6220425941119263}. Best is trial 67 with value: 2.9690598741980367.
[I 2026-05-03 18:04:19,824] Trial 147 finished with value: 3.4426786614206057 and parameters: {'rho_high_scale': 0.7757869287158983, 'f_n': 6.210056867449981e-07, 'K_d': 644062.4496908456, 'fission_rate': 6.308751850269751e+19, 'Dg_D1_scale': 1.1729620883746659, 'Dg_D3_scale': 0.19234362958038573, 'Dv_D1_scale': 3.0447294546721557, 'Dv_D2_scale': 0.9778419768721943, 'b_bulk_scale': 0.9787130389087434, 'b_dislocation_scale': 0.19010736775794465, 'gb_scale': 2.966688672164231, 'gd_bubble_scale': 6.446245826865766, 'gd_line_scale': 0.18629124469978556, 'gd_line_alpha': 0.47267105657789465, 'coalescence_d_scale': 0.14550927268755534, 'capture_scale': 0.033674115240039305}. Best is trial 67 with value: 2.9690598741980367.
[I 2026-05-03 18:04:25,855] Trial 148 finished with value: 3.30394821459259 and parameters: {'rho_high_scale': 0.7266137607835013, 'f_n': 2.09494014180207e-07, 'K_d': 673793.2390189184, 'fission_rate': 6.1594109271320084e+19, 'Dg_D1_scale': 1.622158140079592, 'Dg_D3_scale': 0.2075810259816933, 'Dv_D1_scale': 2.3727231807276903, 'Dv_D2_scale': 1.17876594518912, 'b_bulk_scale': 0.5084253646279164, 'b_dislocation_scale': 0.10299909311233202, 'gb_scale': 4.034400838367064, 'gd_bubble_scale': 3.852065069391001, 'gd_line_scale': 0.22569587126248547, 'gd_line_alpha': 0.3813660473921605, 'coalescence_d_scale': 0.18244941563826125, 'capture_scale': 0.11407903017069124}. Best is trial 67 with value: 2.9690598741980367.
[I 2026-05-03 18:04:32,928] Trial 149 finished with value: 6.141090275788265 and parameters: {'rho_high_scale': 0.9181497159886479, 'f_n': 5.6685132651249656e-08, 'K_d': 713010.7777199411, 'fission_rate': 6.77518441505011e+19, 'Dg_D1_scale': 2.0880778535309545, 'Dg_D3_scale': 3.7647280275366546, 'Dv_D1_scale': 3.6134201510322908, 'Dv_D2_scale': 2.425934896089203, 'b_bulk_scale': 0.4108772631972993, 'b_dislocation_scale': 0.15208126846142983, 'gb_scale': 2.2117019639436286, 'gd_bubble_scale': 4.9353368253466625, 'gd_line_scale': 0.2718269579466612, 'gd_line_alpha': 0.29892505291150406, 'coalescence_d_scale': 0.12105731968767737, 'capture_scale': 0.7552730641228164}. Best is trial 67 with value: 2.9690598741980367.
