[I 2026-05-03 18:28:12,294] Trial 384 finished with value: 2.608959961954023 and parameters: {'rho_high_scale': 0.8818895617474577, 'f_n': 2.4645935458123117e-06, 'K_d': 313459.2855693106, 'fission_rate': 7.675080192139495e+19, 'Dg_D1_scale': 0.27155786547465044, 'Dg_D3_scale': 0.9816458015490066, 'Dv_D1_scale': 0.2251052529931858, 'Dv_D2_scale': 1.4008389207489593, 'b_bulk_scale': 1.9743928188128412, 'b_dislocation_scale': 0.1704608420381796, 'gb_scale': 4.450001420229834, 'gd_bubble_scale': 8.877225091284352, 'gd_line_scale': 0.5696195730795405, 'gd_line_alpha': 0.02639720085357694, 'coalescence_d_scale': 1.4110283717849845, 'capture_scale': 0.011230595025614012}. Best is trial 356 with value: 2.4312251947833614.Best trial: 356. Best value: 2.43123:  77%|███████▋  | 384/500 [41:26<11:58,  6.19s/it]Best trial: 356. Best value: 2.43123:  77%|███████▋  | 384/500 [41:26<11:58,  6.19s/it]Best trial: 356. Best value: 2.43123:  77%|███████▋  | 385/500 [41:26<10:53,  5.69s/it]                                                                                       Best trial: 356. Best value: 2.43123:  77%|███████▋  | 385/500 [41:33<10:53,  5.69s/it]Best trial: 356. Best value: 2.43123:  77%|███████▋  | 385/500 [41:33<10:53,  5.69s/it]Best trial: 356. Best value: 2.43123:  77%|███████▋  | 386/500 [41:33<11:10,  5.88s/it]                                                                                       Best trial: 356. Best value: 2.43123:  77%|███████▋  | 386/500 [41:39<11:10,  5.88s/it]Best trial: 356. Best value: 2.43123:  77%|███████▋  | 386/500 [41:39<11:10,  5.88s/it]Best trial: 356. Best value: 2.43123:  77%|███████▋  | 387/500 [41:39<11:24,  6.06s/it]                                                                                       Best trial: 356. Best value: 2.43123:  77%|███████▋  | 387/500 [41:45<11:24,  6.06s/it]Best trial: 356. Best value: 2.43123:  77%|███████▋  | 387/500 [41:45<11:24,  6.06s/it]Best trial: 356. Best value: 2.43123:  78%|███████▊  | 388/500 [41:45<11:26,  6.13s/it]                                                                                       Best trial: 356. Best value: 2.43123:  78%|███████▊  | 388/500 [41:52<11:26,  6.13s/it]Best trial: 356. Best value: 2.43123:  78%|███████▊  | 388/500 [41:52<11:26,  6.13s/it]Best trial: 356. Best value: 2.43123:  78%|███████▊  | 389/500 [41:52<11:26,  6.18s/it]                                                                                       Best trial: 356. Best value: 2.43123:  78%|███████▊  | 389/500 [41:56<11:26,  6.18s/it]Best trial: 356. Best value: 2.43123:  78%|███████▊  | 389/500 [41:56<11:26,  6.18s/it]Best trial: 356. Best value: 2.43123:  78%|███████▊  | 390/500 [41:56<10:22,  5.66s/it]                                                                                       Best trial: 356. Best value: 2.43123:  78%|███████▊  | 390/500 [42:02<10:22,  5.66s/it]Best trial: 356. Best value: 2.43123:  78%|███████▊  | 390/500 [42:02<10:22,  5.66s/it]Best trial: 356. Best value: 2.43123:  78%|███████▊  | 391/500 [42:02<10:32,  5.80s/it]                                                                                       Best trial: 356. Best value: 2.43123:  78%|███████▊  | 391/500 [42:09<10:32,  5.80s/it]Best trial: 356. Best value: 2.43123:  78%|███████▊  | 391/500 [42:09<10:32,  5.80s/it]Best trial: 356. Best value: 2.43123:  78%|███████▊  | 392/500 [42:09<10:45,  5.97s/it]                                                                                       Best trial: 356. Best value: 2.43123:  78%|███████▊  | 392/500 [42:15<10:45,  5.97s/it]Best trial: 356. Best value: 2.43123:  78%|███████▊  | 392/500 [42:15<10:45,  5.97s/it]Best trial: 356. Best value: 2.43123:  79%|███████▊  | 393/500 [42:15<10:52,  6.10s/it]                                                                                       Best trial: 356. Best value: 2.43123:  79%|███████▊  | 393/500 [42:21<10:52,  6.10s/it]Best trial: 356. Best value: 2.43123:  79%|███████▊  | 393/500 [42:21<10:52,  6.10s/it]Best trial: 356. Best value: 2.43123:  79%|███████▉  | 394/500 [42:21<10:54,  6.17s/it]                                                                                       Best trial: 356. Best value: 2.43123:  79%|███████▉  | 394/500 [42:26<10:54,  6.17s/it]Best trial: 356. Best value: 2.43123:  79%|███████▉  | 394/500 [42:26<10:54,  6.17s/it]Best trial: 356. Best value: 2.43123:  79%|███████▉  | 395/500 [42:26<09:50,  5.63s/it]                                                                                       Best trial: 356. Best value: 2.43123:  79%|███████▉  | 395/500 [42:32<09:50,  5.63s/it]Best trial: 356. Best value: 2.43123:  79%|███████▉  | 395/500 [42:32<09:50,  5.63s/it]Best trial: 356. Best value: 2.43123:  79%|███████▉  | 396/500 [42:32<10:11,  5.88s/it]                                                                                       
[I 2026-05-03 18:28:18,633] Trial 385 finished with value: 2.6316610035977375 and parameters: {'rho_high_scale': 1.0283626242465949, 'f_n': 1.7507640798439591e-06, 'K_d': 328872.3790013773, 'fission_rate': 7.6911607610236e+19, 'Dg_D1_scale': 0.31129398956410775, 'Dg_D3_scale': 0.880142459490969, 'Dv_D1_scale': 0.22700783342715145, 'Dv_D2_scale': 1.2339162168878608, 'b_bulk_scale': 1.9799311864845384, 'b_dislocation_scale': 0.19078835277947043, 'gb_scale': 4.991356523262239, 'gd_bubble_scale': 9.914927615772639, 'gd_line_scale': 0.5210564231093007, 'gd_line_alpha': 0.04649071131743796, 'coalescence_d_scale': 1.7559781614195067, 'capture_scale': 0.0114464018366663}. Best is trial 356 with value: 2.4312251947833614.
[I 2026-05-03 18:28:25,104] Trial 386 finished with value: 2.6983667389635246 and parameters: {'rho_high_scale': 0.9028200819813904, 'f_n': 2.5414447898184474e-06, 'K_d': 333214.3925322694, 'fission_rate': 7.588455735835492e+19, 'Dg_D1_scale': 0.352354918457373, 'Dg_D3_scale': 1.0130680871417295, 'Dv_D1_scale': 0.23382340432561574, 'Dv_D2_scale': 1.37504722330794, 'b_bulk_scale': 1.8954815846357962, 'b_dislocation_scale': 0.15677447521320725, 'gb_scale': 4.309464305599695, 'gd_bubble_scale': 8.499397044113943, 'gd_line_scale': 0.6071450530801681, 'gd_line_alpha': 0.05151703093955257, 'coalescence_d_scale': 2.578982730779628, 'capture_scale': 0.013687924085573134}. Best is trial 356 with value: 2.4312251947833614.
[I 2026-05-03 18:28:31,396] Trial 387 finished with value: 2.8724971164393085 and parameters: {'rho_high_scale': 0.9825037172880714, 'f_n': 1.9807001679228015e-06, 'K_d': 321725.38908182236, 'fission_rate': 7.698426568373309e+19, 'Dg_D1_scale': 0.3973440177581388, 'Dg_D3_scale': 0.9330271733486244, 'Dv_D1_scale': 0.2014963200757556, 'Dv_D2_scale': 1.4396665361901486, 'b_bulk_scale': 2.226390354270876, 'b_dislocation_scale': 0.18963541583073565, 'gb_scale': 4.425320109644367, 'gd_bubble_scale': 8.895639978232927, 'gd_line_scale': 0.8248529671792955, 'gd_line_alpha': 0.07887245557971917, 'coalescence_d_scale': 1.0080895538233854, 'capture_scale': 0.0112982502115721}. Best is trial 356 with value: 2.4312251947833614.
[I 2026-05-03 18:28:37,711] Trial 388 finished with value: 2.6722339284892094 and parameters: {'rho_high_scale': 0.8493730183344999, 'f_n': 1.6705470100695196e-06, 'K_d': 339501.53602200653, 'fission_rate': 7.740907770159609e+19, 'Dg_D1_scale': 0.2303724220608746, 'Dg_D3_scale': 0.8595973341530442, 'Dv_D1_scale': 0.24658852804959652, 'Dv_D2_scale': 1.6646832623971088, 'b_bulk_scale': 2.1319049912108934, 'b_dislocation_scale': 0.17285036769419074, 'gb_scale': 4.876925590221751, 'gd_bubble_scale': 8.159607971512127, 'gd_line_scale': 0.6653187630344214, 'gd_line_alpha': 0.10549355004618421, 'coalescence_d_scale': 1.5165818565661515, 'capture_scale': 0.010070794136433728}. Best is trial 356 with value: 2.4312251947833614.
[I 2026-05-03 18:28:42,138] Trial 389 finished with value: 2.5644590256914346 and parameters: {'rho_high_scale': 0.8348973451862441, 'f_n': 2.4224470099280276e-06, 'K_d': 331069.4557488642, 'fission_rate': 7.65061480270865e+19, 'Dg_D1_scale': 0.2626118742180561, 'Dg_D3_scale': 1.06902418050733, 'Dv_D1_scale': 0.2087043141856393, 'Dv_D2_scale': 1.312620179753049, 'b_bulk_scale': 1.836130277493715, 'b_dislocation_scale': 0.1949520300225603, 'gb_scale': 4.263990723579294, 'gd_bubble_scale': 9.06841464230328, 'gd_line_scale': 0.5354445149032304, 'gd_line_alpha': 0.0713856210811853, 'coalescence_d_scale': 2.1669481469938523, 'capture_scale': 0.012907831999836606}. Best is trial 356 with value: 2.4312251947833614.
[I 2026-05-03 18:28:48,282] Trial 390 finished with value: 5.009253885461983 and parameters: {'rho_high_scale': 0.8302141466693501, 'f_n': 2.884987716753138e-06, 'K_d': 341383.28665377543, 'fission_rate': 7.578729984012044e+19, 'Dg_D1_scale': 0.29958867126698585, 'Dg_D3_scale': 1.1235393566548162, 'Dv_D1_scale': 0.2221349488490567, 'Dv_D2_scale': 1.5927042822166353, 'b_bulk_scale': 1.874122160964279, 'b_dislocation_scale': 2.537072213974992, 'gb_scale': 4.349441375908751, 'gd_bubble_scale': 8.164403158412453, 'gd_line_scale': 0.5261779238594233, 'gd_line_alpha': 0.07700113906145388, 'coalescence_d_scale': 2.0506164029170315, 'capture_scale': 0.013351781371700464}. Best is trial 356 with value: 2.4312251947833614.
[I 2026-05-03 18:28:54,656] Trial 391 finished with value: 2.56988888212973 and parameters: {'rho_high_scale': 0.8453184828215308, 'f_n': 2.3749605130663645e-06, 'K_d': 304968.93162638036, 'fission_rate': 7.586558394864853e+19, 'Dg_D1_scale': 0.2616861859926924, 'Dg_D3_scale': 1.0609223595593549, 'Dv_D1_scale': 0.21304299409776273, 'Dv_D2_scale': 1.4820846642391827, 'b_bulk_scale': 1.8054371530210236, 'b_dislocation_scale': 0.19728196719378682, 'gb_scale': 4.136823098066739, 'gd_bubble_scale': 8.96776683129166, 'gd_line_scale': 0.5369434356416254, 'gd_line_alpha': 0.06330814020850685, 'coalescence_d_scale': 1.7891581716896878, 'capture_scale': 0.01298996953107064}. Best is trial 356 with value: 2.4312251947833614.
[I 2026-05-03 18:29:01,049] Trial 392 finished with value: 2.7018175674940457 and parameters: {'rho_high_scale': 0.8553150084540672, 'f_n': 2.3255389936304897e-06, 'K_d': 306513.4410095382, 'fission_rate': 7.582989464078346e+19, 'Dg_D1_scale': 0.2669060277606724, 'Dg_D3_scale': 1.0746119558872804, 'Dv_D1_scale': 0.2137441530048979, 'Dv_D2_scale': 1.5053561956613892, 'b_bulk_scale': 2.3083854978873477, 'b_dislocation_scale': 0.15240091360427646, 'gb_scale': 4.181100401888823, 'gd_bubble_scale': 8.58264277801107, 'gd_line_scale': 0.5601386413188546, 'gd_line_alpha': 0.06172612190800706, 'coalescence_d_scale': 2.8601640102634582, 'capture_scale': 0.012805030650464263}. Best is trial 356 with value: 2.4312251947833614.
[I 2026-05-03 18:29:07,389] Trial 393 finished with value: 2.7107722104717027 and parameters: {'rho_high_scale': 0.83930687842815, 'f_n': 2.966808451993908e-06, 'K_d': 303108.51001768524, 'fission_rate': 7.626165419980263e+19, 'Dg_D1_scale': 0.2575487346977925, 'Dg_D3_scale': 0.9868491612205549, 'Dv_D1_scale': 0.2129327340022937, 'Dv_D2_scale': 1.2958507651650746, 'b_bulk_scale': 1.8087298817397128, 'b_dislocation_scale': 0.19467102558582214, 'gb_scale': 4.924723181811425, 'gd_bubble_scale': 8.962753196439568, 'gd_line_scale': 0.5326010661187588, 'gd_line_alpha': 0.0956374955997972, 'coalescence_d_scale': 2.219954589476125, 'capture_scale': 1.6148322075490376}. Best is trial 356 with value: 2.4312251947833614.
[I 2026-05-03 18:29:11,743] Trial 394 finished with value: 2.860562549878594 and parameters: {'rho_high_scale': 0.9372516909733476, 'f_n': 1.6231116837222276e-06, 'K_d': 314552.6422306804, 'fission_rate': 7.726576290986569e+19, 'Dg_D1_scale': 0.22861166898280288, 'Dg_D3_scale': 1.1421456396276886, 'Dv_D1_scale': 0.22600844012076543, 'Dv_D2_scale': 1.4415190577391381, 'b_bulk_scale': 2.0546285549149292, 'b_dislocation_scale': 0.16791508728693333, 'gb_scale': 4.130713797711971, 'gd_bubble_scale': 8.720398778588974, 'gd_line_scale': 0.7227564892439792, 'gd_line_alpha': 0.06681675295513456, 'coalescence_d_scale': 1.8268060367066783, 'capture_scale': 0.010061984274962951}. Best is trial 356 with value: 2.4312251947833614.
[I 2026-05-03 18:29:18,195] Trial 395 finished with value: 2.6261432841367074 and parameters: {'rho_high_scale': 0.8757347237149513, 'f_n': 2.5287638663198505e-06, 'K_d': 349290.8326406778, 'fission_rate': 7.556339280842557e+19, 'Dg_D1_scale': 0.2895230148689237, 'Dg_D3_scale': 1.0577896509087499, 'Dv_D1_scale': 0.23994384944040914, 'Dv_D2_scale': 1.6877457482519664, 'b_bulk_scale': 1.8006218161924743, 'b_dislocation_scale': 0.1927148451664032, 'gb_scale': 4.155396779913583, 'gd_bubble_scale': 7.850833558160078, 'gd_line_scale': 0.5112380950128228, 'gd_line_alpha': 0.10769736671232541, 'coalescence_d_scale': 1.5799493537222178, 'capture_scale': 0.01249685412820894}. Best is trial 356 with value: 2.4312251947833614.
[I 2026-05-03 18:29:24,534] Trial 396 finished with value: 2.751676781637036 and parameters: {'rho_high_scale': 0.821080950001174, 'f_n': 1.7589408564560897e-06, 'K_d': 325640.1111467102, 'fission_rate': 7.630198814263727e+19, 'Dg_D1_scale': 0.2773478807608025, 'Dg_D3_scale': 1.1705407334242095, 'Dv_D1_scale': 0.21070029081631314, 'Dv_D2_scale': 1.4943688428092123, 'b_bulk_scale': 2.1855868313076545, 'b_dislocation_scale': 0.15009249242306913, 'gb_scale': 4.706858464186681, 'gd_bubble_scale': 9.267309451702285, 'gd_line_scale': 0.6625196843191492, 'gd_line_alpha': 0.04731652073456702, 'coalescence_d_scale': 1.9647451775217208, 'capture_scale': 0.014132645208134845}. Best is trial 356 with value: 2.4312251947833614.Best trial: 356. Best value: 2.43123:  79%|███████▉  | 396/500 [42:38<10:11,  5.88s/it]Best trial: 356. Best value: 2.43123:  79%|███████▉  | 396/500 [42:38<10:11,  5.88s/it]Best trial: 356. Best value: 2.43123:  79%|███████▉  | 397/500 [42:38<10:19,  6.01s/it]                                                                                       Best trial: 356. Best value: 2.43123:  79%|███████▉  | 397/500 [42:45<10:19,  6.01s/it]Best trial: 356. Best value: 2.43123:  79%|███████▉  | 397/500 [42:45<10:19,  6.01s/it]Best trial: 356. Best value: 2.43123:  80%|███████▉  | 398/500 [42:45<10:33,  6.21s/it]                                                                                       Best trial: 356. Best value: 2.43123:  80%|███████▉  | 398/500 [42:52<10:33,  6.21s/it]Best trial: 356. Best value: 2.43123:  80%|███████▉  | 398/500 [42:52<10:33,  6.21s/it]Best trial: 356. Best value: 2.43123:  80%|███████▉  | 399/500 [42:52<10:41,  6.36s/it]                                                                                       Best trial: 356. Best value: 2.43123:  80%|███████▉  | 399/500 [42:56<10:41,  6.36s/it]Best trial: 356. Best value: 2.43123:  80%|███████▉  | 399/500 [42:56<10:41,  6.36s/it]Best trial: 356. Best value: 2.43123:  80%|████████  | 400/500 [42:56<09:42,  5.82s/it]                                                                                       Best trial: 356. Best value: 2.43123:  80%|████████  | 400/500 [43:03<09:42,  5.82s/it]Best trial: 356. Best value: 2.43123:  80%|████████  | 400/500 [43:03<09:42,  5.82s/it]Best trial: 356. Best value: 2.43123:  80%|████████  | 401/500 [43:03<10:01,  6.08s/it]                                                                                       Best trial: 356. Best value: 2.43123:  80%|████████  | 401/500 [43:09<10:01,  6.08s/it]Best trial: 356. Best value: 2.43123:  80%|████████  | 401/500 [43:10<10:01,  6.08s/it]Best trial: 356. Best value: 2.43123:  80%|████████  | 402/500 [43:10<10:06,  6.19s/it]                                                                                       Best trial: 356. Best value: 2.43123:  80%|████████  | 402/500 [43:16<10:06,  6.19s/it]Best trial: 356. Best value: 2.43123:  80%|████████  | 402/500 [43:16<10:06,  6.19s/it]Best trial: 356. Best value: 2.43123:  81%|████████  | 403/500 [43:16<10:15,  6.34s/it]                                                                                       Best trial: 356. Best value: 2.43123:  81%|████████  | 403/500 [43:23<10:15,  6.34s/it]Best trial: 356. Best value: 2.43123:  81%|████████  | 403/500 [43:23<10:15,  6.34s/it]Best trial: 356. Best value: 2.43123:  81%|████████  | 404/500 [43:23<10:13,  6.39s/it]                                                                                       Best trial: 356. Best value: 2.43123:  81%|████████  | 404/500 [43:27<10:13,  6.39s/it]Best trial: 356. Best value: 2.43123:  81%|████████  | 404/500 [43:27<10:13,  6.39s/it]Best trial: 356. Best value: 2.43123:  81%|████████  | 405/500 [43:27<09:12,  5.81s/it]                                                                                       Best trial: 356. Best value: 2.43123:  81%|████████  | 405/500 [43:34<09:12,  5.81s/it]Best trial: 356. Best value: 2.43123:  81%|████████  | 405/500 [43:34<09:12,  5.81s/it]Best trial: 356. Best value: 2.43123:  81%|████████  | 406/500 [43:34<09:23,  5.99s/it]                                                                                       Best trial: 356. Best value: 2.43123:  81%|████████  | 406/500 [43:40<09:23,  5.99s/it]Best trial: 356. Best value: 2.43123:  81%|████████  | 406/500 [43:40<09:23,  5.99s/it]Best trial: 356. Best value: 2.43123:  81%|████████▏ | 407/500 [43:40<09:26,  6.09s/it]                                                                                       Best trial: 356. Best value: 2.43123:  81%|████████▏ | 407/500 [43:46<09:26,  6.09s/it]Best trial: 356. Best value: 2.43123:  81%|████████▏ | 407/500 [43:46<09:26,  6.09s/it]Best trial: 356. Best value: 2.43123:  82%|████████▏ | 408/500 [43:46<09:29,  6.19s/it]                                                                                       
[I 2026-05-03 18:29:31,178] Trial 397 finished with value: 2.6668968198579033 and parameters: {'rho_high_scale': 0.8353865120592544, 'f_n': 2.3086452981253134e-06, 'K_d': 336479.82976073795, 'fission_rate': 7.750711944737576e+19, 'Dg_D1_scale': 0.25359812347036537, 'Dg_D3_scale': 0.9569703985117212, 'Dv_D1_scale': 0.253551575387904, 'Dv_D2_scale': 1.7145322161855339, 'b_bulk_scale': 1.8266938051325827, 'b_dislocation_scale': 0.19362399655073403, 'gb_scale': 5.058041267215861, 'gd_bubble_scale': 8.027692558335605, 'gd_line_scale': 0.5871320544664338, 'gd_line_alpha': 0.08260501150919872, 'coalescence_d_scale': 1.607321931773899, 'capture_scale': 0.011669732690017132}. Best is trial 356 with value: 2.4312251947833614.
[I 2026-05-03 18:29:37,894] Trial 398 finished with value: 2.785921152333732 and parameters: {'rho_high_scale': 0.894781922322804, 'f_n': 1.8993390510548092e-06, 'K_d': 346409.8364802651, 'fission_rate': 7.668253098111676e+19, 'Dg_D1_scale': 0.21055731089231866, 'Dg_D3_scale': 1.0086387936236172, 'Dv_D1_scale': 0.2919141817942904, 'Dv_D2_scale': 1.2980793752299702, 'b_bulk_scale': 2.674884162114997, 'b_dislocation_scale': 0.17618902191194336, 'gb_scale': 4.071542574941135, 'gd_bubble_scale': 9.951655208964025, 'gd_line_scale': 0.5000873770361534, 'gd_line_alpha': 0.11073308171875253, 'coalescence_d_scale': 2.3751310337319014, 'capture_scale': 0.01356966557340889}. Best is trial 356 with value: 2.4312251947833614.
[I 2026-05-03 18:29:42,475] Trial 399 finished with value: 2.569372213393581 and parameters: {'rho_high_scale': 0.8215850408998535, 'f_n': 2.9737324529716116e-06, 'K_d': 331776.3868229203, 'fission_rate': 7.75173739767659e+19, 'Dg_D1_scale': 0.32152018988707215, 'Dg_D3_scale': 1.091902695406202, 'Dv_D1_scale': 0.268914400397132, 'Dv_D2_scale': 1.4102794508488976, 'b_bulk_scale': 2.0509150656372004, 'b_dislocation_scale': 0.1980301882502801, 'gb_scale': 4.648750852644804, 'gd_bubble_scale': 8.8919663386, 'gd_line_scale': 0.5373987325364802, 'gd_line_alpha': 0.0940530550596308, 'coalescence_d_scale': 1.7340334290966075, 'capture_scale': 0.011297336839105922}. Best is trial 356 with value: 2.4312251947833614.
[I 2026-05-03 18:29:49,156] Trial 400 finished with value: 2.625469246959079 and parameters: {'rho_high_scale': 0.8816689252230802, 'f_n': 2.9525652753410136e-06, 'K_d': 330992.87235205725, 'fission_rate': 7.757803560803125e+19, 'Dg_D1_scale': 0.2807451898938945, 'Dg_D3_scale': 0.9477194454788858, 'Dv_D1_scale': 0.22687104344439551, 'Dv_D2_scale': 1.218238420195793, 'b_bulk_scale': 2.3122878817466357, 'b_dislocation_scale': 0.1946363859119307, 'gb_scale': 4.482666544688292, 'gd_bubble_scale': 7.638636757925142, 'gd_line_scale': 0.5634208915032386, 'gd_line_alpha': 0.07334991700002774, 'coalescence_d_scale': 1.7444796758841548, 'capture_scale': 0.014126838453888372}. Best is trial 356 with value: 2.4312251947833614.
[I 2026-05-03 18:29:55,589] Trial 401 finished with value: 2.66387514969828 and parameters: {'rho_high_scale': 0.9301657182457086, 'f_n': 2.9803299276574533e-06, 'K_d': 341003.8679431365, 'fission_rate': 7.760798843102495e+19, 'Dg_D1_scale': 0.3141650380151184, 'Dg_D3_scale': 1.1178748633077338, 'Dv_D1_scale': 0.2742834163344616, 'Dv_D2_scale': 1.3466125035157193, 'b_bulk_scale': 2.0379227383057783, 'b_dislocation_scale': 0.2047691724591055, 'gb_scale': 4.797935721451959, 'gd_bubble_scale': 8.288891886151497, 'gd_line_scale': 0.6468133923648867, 'gd_line_alpha': 0.08894133000465967, 'coalescence_d_scale': 1.5068158361650246, 'capture_scale': 0.010984837857787406}. Best is trial 356 with value: 2.4312251947833614.
