[I 2026-05-03 18:15:42,947] Trial 258 finished with value: 2.624855151749267 and parameters: {'rho_high_scale': 0.7009231899424165, 'f_n': 6.425426560279919e-07, 'K_d': 429788.8459356487, 'fission_rate': 7.989691234889957e+19, 'Dg_D1_scale': 1.9256998856297172, 'Dg_D3_scale': 0.8448884482134982, 'Dv_D1_scale': 0.3982215616931704, 'Dv_D2_scale': 2.905559486278151, 'b_bulk_scale': 1.384250796635523, 'b_dislocation_scale': 0.2311910476423479, 'gb_scale': 3.1238772502785666, 'gd_bubble_scale': 5.517562999538513, 'gd_line_scale': 0.38728156051021206, 'gd_line_alpha': 0.15433765929051646, 'coalescence_d_scale': 0.24924643796745538, 'capture_scale': 0.021766599887917012}. Best is trial 257 with value: 2.602627951144895.
[I 2026-05-03 18:15:49,041] Trial 259 finished with value: 2.6037344689080384 and parameters: {'rho_high_scale': 0.7012464841124187, 'f_n': 6.152278111177748e-07, 'K_d': 422972.5323417846, 'fission_rate': 7.995875634090895e+19, 'Dg_D1_scale': 1.9881383600772669, 'Dg_D3_scale': 1.0578061918835935, 'Dv_D1_scale': 0.3903057204271226, 'Dv_D2_scale': 2.8472720757399217, 'b_bulk_scale': 1.3954816687710094, 'b_dislocation_scale': 0.24301200306675852, 'gb_scale': 3.3308443569820003, 'gd_bubble_scale': 5.399872319265567, 'gd_line_scale': 0.3922249929830076, 'gd_line_alpha': 0.15708363347388835, 'coalescence_d_scale': 0.25641301682114087, 'capture_scale': 0.020584014132779112}. Best is trial 257 with value: 2.602627951144895.
[I 2026-05-03 18:15:55,275] Trial 260 finished with value: 2.6298209952515412 and parameters: {'rho_high_scale': 0.7025531037414594, 'f_n': 6.556077270761758e-07, 'K_d': 422926.90187965304, 'fission_rate': 7.987179371017129e+19, 'Dg_D1_scale': 1.9106844095593474, 'Dg_D3_scale': 1.0714662104337171, 'Dv_D1_scale': 0.3959555863772436, 'Dv_D2_scale': 2.544420095409133, 'b_bulk_scale': 1.399723980022852, 'b_dislocation_scale': 0.23125737585764308, 'gb_scale': 3.1910624929742837, 'gd_bubble_scale': 5.799804746847674, 'gd_line_scale': 0.38122223265555666, 'gd_line_alpha': 0.1790890530866555, 'coalescence_d_scale': 0.25141073930141666, 'capture_scale': 0.021204930117262977}. Best is trial 257 with value: 2.602627951144895.
[I 2026-05-03 18:16:01,556] Trial 261 finished with value: 2.6205750203928466 and parameters: {'rho_high_scale': 0.706765666300928, 'f_n': 6.16353225868294e-07, 'K_d': 420305.00399203313, 'fission_rate': 7.97033968658139e+19, 'Dg_D1_scale': 1.8924613487624284, 'Dg_D3_scale': 1.0562592444084646, 'Dv_D1_scale': 0.3847532222310813, 'Dv_D2_scale': 2.8990293053591585, 'b_bulk_scale': 1.3454153488155054, 'b_dislocation_scale': 0.2270895064603967, 'gb_scale': 3.242930797269637, 'gd_bubble_scale': 5.469563852462954, 'gd_line_scale': 0.3758336183751027, 'gd_line_alpha': 0.1624254875343335, 'coalescence_d_scale': 0.257416398334924, 'capture_scale': 0.021115805706400877}. Best is trial 257 with value: 2.602627951144895.
[I 2026-05-03 18:16:05,882] Trial 262 finished with value: 2.611145193721008 and parameters: {'rho_high_scale': 0.7072697256130192, 'f_n': 6.873673000387191e-07, 'K_d': 422192.8529687915, 'fission_rate': 7.990939961214566e+19, 'Dg_D1_scale': 1.8926344922397045, 'Dg_D3_scale': 1.0848822455299563, 'Dv_D1_scale': 0.3913664030254947, 'Dv_D2_scale': 2.61586167471767, 'b_bulk_scale': 1.3561526227800922, 'b_dislocation_scale': 0.23194315862218645, 'gb_scale': 3.246037438469401, 'gd_bubble_scale': 5.458813526866638, 'gd_line_scale': 0.37607993270144063, 'gd_line_alpha': 0.1661296645643318, 'coalescence_d_scale': 0.24530257587583257, 'capture_scale': 0.021363327206400985}. Best is trial 257 with value: 2.602627951144895.
[I 2026-05-03 18:16:12,709] Trial 263 finished with value: 2.609666721576664 and parameters: {'rho_high_scale': 0.7007907370593828, 'f_n': 6.607576158456905e-07, 'K_d': 423658.1114072336, 'fission_rate': 7.985802467279831e+19, 'Dg_D1_scale': 1.9000959159594308, 'Dg_D3_scale': 1.0010179179164598, 'Dv_D1_scale': 0.39236788811716083, 'Dv_D2_scale': 2.8147524742754038, 'b_bulk_scale': 1.3369010391342557, 'b_dislocation_scale': 0.23055146189546052, 'gb_scale': 3.1952017997695585, 'gd_bubble_scale': 5.508057170828537, 'gd_line_scale': 0.3845148107319842, 'gd_line_alpha': 0.16099871581818578, 'coalescence_d_scale': 0.2541131658986049, 'capture_scale': 0.021482148898776976}. Best is trial 257 with value: 2.602627951144895.
[I 2026-05-03 18:16:18,985] Trial 264 finished with value: 2.6232658074794113 and parameters: {'rho_high_scale': 0.7044906923506711, 'f_n': 6.386573460755999e-07, 'K_d': 422340.90586139506, 'fission_rate': 7.97581767083439e+19, 'Dg_D1_scale': 1.8196144927641387, 'Dg_D3_scale': 1.0721644149150324, 'Dv_D1_scale': 0.3895527689187819, 'Dv_D2_scale': 2.608199875182767, 'b_bulk_scale': 1.344075102023832, 'b_dislocation_scale': 0.23192726624417886, 'gb_scale': 3.2180091318687536, 'gd_bubble_scale': 5.52979481614524, 'gd_line_scale': 0.4185493110196363, 'gd_line_alpha': 0.16071138195118306, 'coalescence_d_scale': 0.2534442077498008, 'capture_scale': 0.021340024940105316}. Best is trial 257 with value: 2.602627951144895.Best trial: 257. Best value: 2.60263:  53%|█████▎    | 264/500 [29:33<23:24,  5.95s/it]Best trial: 257. Best value: 2.60263:  53%|█████▎    | 264/500 [29:33<23:24,  5.95s/it]Best trial: 257. Best value: 2.60263:  53%|█████▎    | 265/500 [29:33<23:44,  6.06s/it]                                                                                       Best trial: 257. Best value: 2.60263:  53%|█████▎    | 265/500 [29:39<23:44,  6.06s/it]Best trial: 257. Best value: 2.60263:  53%|█████▎    | 265/500 [29:39<23:44,  6.06s/it]Best trial: 257. Best value: 2.60263:  53%|█████▎    | 266/500 [29:39<23:41,  6.07s/it]                                                                                       Best trial: 257. Best value: 2.60263:  53%|█████▎    | 266/500 [29:45<23:41,  6.07s/it]Best trial: 257. Best value: 2.60263:  53%|█████▎    | 266/500 [29:45<23:41,  6.07s/it]Best trial: 257. Best value: 2.60263:  53%|█████▎    | 267/500 [29:45<23:52,  6.15s/it]                                                                                       Best trial: 257. Best value: 2.60263:  53%|█████▎    | 267/500 [29:50<23:52,  6.15s/it]Best trial: 257. Best value: 2.60263:  53%|█████▎    | 267/500 [29:50<23:52,  6.15s/it]Best trial: 257. Best value: 2.60263:  54%|█████▎    | 268/500 [29:50<21:31,  5.57s/it]                                                                                       Best trial: 257. Best value: 2.60263:  54%|█████▎    | 268/500 [29:56<21:31,  5.57s/it]Best trial: 257. Best value: 2.60263:  54%|█████▎    | 268/500 [29:56<21:31,  5.57s/it]Best trial: 257. Best value: 2.60263:  54%|█████▍    | 269/500 [29:56<21:57,  5.70s/it]                                                                                       Best trial: 257. Best value: 2.60263:  54%|█████▍    | 269/500 [30:02<21:57,  5.70s/it]Best trial: 257. Best value: 2.60263:  54%|█████▍    | 269/500 [30:02<21:57,  5.70s/it]Best trial: 257. Best value: 2.60263:  54%|█████▍    | 270/500 [30:02<22:31,  5.88s/it]                                                                                       Best trial: 257. Best value: 2.60263:  54%|█████▍    | 270/500 [30:08<22:31,  5.88s/it]Best trial: 257. Best value: 2.60263:  54%|█████▍    | 270/500 [30:08<22:31,  5.88s/it]Best trial: 257. Best value: 2.60263:  54%|█████▍    | 271/500 [30:08<22:52,  5.99s/it]                                                                                       Best trial: 257. Best value: 2.60263:  54%|█████▍    | 271/500 [30:14<22:52,  5.99s/it]Best trial: 257. Best value: 2.60263:  54%|█████▍    | 271/500 [30:14<22:52,  5.99s/it]Best trial: 257. Best value: 2.60263:  54%|█████▍    | 272/500 [30:14<23:01,  6.06s/it]                                                                                       Best trial: 257. Best value: 2.60263:  54%|█████▍    | 272/500 [30:19<23:01,  6.06s/it]Best trial: 257. Best value: 2.60263:  54%|█████▍    | 272/500 [30:19<23:01,  6.06s/it]Best trial: 257. Best value: 2.60263:  55%|█████▍    | 273/500 [30:19<20:52,  5.52s/it]                                                                                       Best trial: 257. Best value: 2.60263:  55%|█████▍    | 273/500 [30:25<20:52,  5.52s/it]Best trial: 257. Best value: 2.60263:  55%|█████▍    | 273/500 [30:25<20:52,  5.52s/it]Best trial: 257. Best value: 2.60263:  55%|█████▍    | 274/500 [30:25<21:46,  5.78s/it]                                                                                       Best trial: 257. Best value: 2.60263:  55%|█████▍    | 274/500 [30:31<21:46,  5.78s/it]Best trial: 257. Best value: 2.60263:  55%|█████▍    | 274/500 [30:31<21:46,  5.78s/it]Best trial: 257. Best value: 2.60263:  55%|█████▌    | 275/500 [30:31<22:17,  5.95s/it]                                                                                       Best trial: 257. Best value: 2.60263:  55%|█████▌    | 275/500 [30:37<22:17,  5.95s/it]Best trial: 257. Best value: 2.60263:  55%|█████▌    | 275/500 [30:37<22:17,  5.95s/it]Best trial: 257. Best value: 2.60263:  55%|█████▌    | 276/500 [30:37<22:21,  5.99s/it]                                                                                       
[I 2026-05-03 18:16:25,138] Trial 265 finished with value: 2.612573495024241 and parameters: {'rho_high_scale': 0.7020383002190522, 'f_n': 6.685233262187599e-07, 'K_d': 423925.79479942145, 'fission_rate': 7.9882342695925e+19, 'Dg_D1_scale': 1.903650875900974, 'Dg_D3_scale': 1.0883088313189442, 'Dv_D1_scale': 0.3915962295156737, 'Dv_D2_scale': 2.7344872267234437, 'b_bulk_scale': 1.34326516804703, 'b_dislocation_scale': 0.22880171045383535, 'gb_scale': 3.1299880167943925, 'gd_bubble_scale': 5.37379564885047, 'gd_line_scale': 0.37311075499474256, 'gd_line_alpha': 0.1657997203987187, 'coalescence_d_scale': 0.252128320292048, 'capture_scale': 0.021077173052912894}. Best is trial 257 with value: 2.602627951144895.
[I 2026-05-03 18:16:31,451] Trial 266 finished with value: 2.634467898124648 and parameters: {'rho_high_scale': 0.7050892632217379, 'f_n': 6.638341406289815e-07, 'K_d': 422356.4370006337, 'fission_rate': 7.993056954370888e+19, 'Dg_D1_scale': 1.887202545311108, 'Dg_D3_scale': 1.1105573236794462, 'Dv_D1_scale': 0.3933052708438794, 'Dv_D2_scale': 2.697531165880611, 'b_bulk_scale': 1.4039237734104404, 'b_dislocation_scale': 0.2291851854153053, 'gb_scale': 3.091733617236272, 'gd_bubble_scale': 5.4943431869892905, 'gd_line_scale': 0.3832076186478168, 'gd_line_alpha': 0.1599878898621438, 'coalescence_d_scale': 0.2522594560385356, 'capture_scale': 0.020719645280709995}. Best is trial 257 with value: 2.602627951144895.
[I 2026-05-03 18:16:35,666] Trial 267 finished with value: 2.6146347718487792 and parameters: {'rho_high_scale': 0.705056024770928, 'f_n': 6.797677458247209e-07, 'K_d': 425969.0789343558, 'fission_rate': 7.99643576854805e+19, 'Dg_D1_scale': 1.8486328196735458, 'Dg_D3_scale': 1.0998240096233785, 'Dv_D1_scale': 0.3894898155112784, 'Dv_D2_scale': 2.585883464199791, 'b_bulk_scale': 1.3535098219249933, 'b_dislocation_scale': 0.23057764658110014, 'gb_scale': 3.115726534783688, 'gd_bubble_scale': 5.518202662892224, 'gd_line_scale': 0.3757691912085391, 'gd_line_alpha': 0.17032383045322463, 'coalescence_d_scale': 0.2566551159584766, 'capture_scale': 0.01990798118771325}. Best is trial 257 with value: 2.602627951144895.
[I 2026-05-03 18:16:41,694] Trial 268 finished with value: 2.619596388528348 and parameters: {'rho_high_scale': 0.7052920995904006, 'f_n': 6.799486726014597e-07, 'K_d': 421988.2098402751, 'fission_rate': 7.999442147206046e+19, 'Dg_D1_scale': 1.8487067033422253, 'Dg_D3_scale': 1.1055026798382752, 'Dv_D1_scale': 0.3906384989852488, 'Dv_D2_scale': 2.4854782246840634, 'b_bulk_scale': 1.3595891993625198, 'b_dislocation_scale': 0.23108538426475136, 'gb_scale': 3.149665186532193, 'gd_bubble_scale': 5.6283029987850375, 'gd_line_scale': 0.3830811626741133, 'gd_line_alpha': 0.1594061729364544, 'coalescence_d_scale': 0.23576502031242141, 'capture_scale': 0.02113224337143981}. Best is trial 257 with value: 2.602627951144895.
[I 2026-05-03 18:16:47,965] Trial 269 finished with value: 2.607439954354653 and parameters: {'rho_high_scale': 0.7004528758989461, 'f_n': 7.06285791628998e-07, 'K_d': 425277.6214909054, 'fission_rate': 7.992627993217337e+19, 'Dg_D1_scale': 1.8587316159705312, 'Dg_D3_scale': 1.027774960029276, 'Dv_D1_scale': 0.39549272562368687, 'Dv_D2_scale': 2.4739574523513346, 'b_bulk_scale': 1.3096900729834975, 'b_dislocation_scale': 0.22843921460188102, 'gb_scale': 3.1619199253397574, 'gd_bubble_scale': 5.7090575851658985, 'gd_line_scale': 0.38294693127468066, 'gd_line_alpha': 0.15908189100751685, 'coalescence_d_scale': 0.25218831745531917, 'capture_scale': 0.020511772847540015}. Best is trial 257 with value: 2.602627951144895.
[I 2026-05-03 18:16:54,235] Trial 270 finished with value: 2.6615152068862487 and parameters: {'rho_high_scale': 0.7021042925757359, 'f_n': 7.105839456989918e-07, 'K_d': 423013.2159267838, 'fission_rate': 7.994875802628488e+19, 'Dg_D1_scale': 1.8626662739525344, 'Dg_D3_scale': 1.0775437824086924, 'Dv_D1_scale': 0.4021065929852401, 'Dv_D2_scale': 2.4702289999854123, 'b_bulk_scale': 1.340652775875596, 'b_dislocation_scale': 0.22719745542980085, 'gb_scale': 2.937228183217473, 'gd_bubble_scale': 6.11737294894537, 'gd_line_scale': 0.3767549667964102, 'gd_line_alpha': 0.15325741537039322, 'coalescence_d_scale': 0.24410034711283415, 'capture_scale': 0.020740424142263146}. Best is trial 257 with value: 2.602627951144895.
[I 2026-05-03 18:17:00,449] Trial 271 finished with value: 2.6352620963061844 and parameters: {'rho_high_scale': 0.7010181291781401, 'f_n': 6.836280049137578e-07, 'K_d': 423601.8299596933, 'fission_rate': 7.996838281592406e+19, 'Dg_D1_scale': 1.8427898279784853, 'Dg_D3_scale': 1.107259951509758, 'Dv_D1_scale': 0.4039653383668119, 'Dv_D2_scale': 2.6148371891799127, 'b_bulk_scale': 1.336977416828984, 'b_dislocation_scale': 0.22521233319113607, 'gb_scale': 3.14263484935423, 'gd_bubble_scale': 5.929584728343867, 'gd_line_scale': 0.3677102690432198, 'gd_line_alpha': 0.15752912809533395, 'coalescence_d_scale': 0.24250302168367158, 'capture_scale': 0.020053377972196324}. Best is trial 257 with value: 2.602627951144895.
[I 2026-05-03 18:17:04,686] Trial 272 finished with value: 2.679527771394206 and parameters: {'rho_high_scale': 0.7080922235419055, 'f_n': 7.023530947228429e-07, 'K_d': 424390.41650918237, 'fission_rate': 7.996034571433812e+19, 'Dg_D1_scale': 1.8724382775865014, 'Dg_D3_scale': 1.0827648286154234, 'Dv_D1_scale': 0.40505642324171215, 'Dv_D2_scale': 2.5342970656746644, 'b_bulk_scale': 1.333390032997548, 'b_dislocation_scale': 0.22476764982826655, 'gb_scale': 3.120141242852865, 'gd_bubble_scale': 6.318525596044866, 'gd_line_scale': 0.37937632183381936, 'gd_line_alpha': 0.15932071551703866, 'coalescence_d_scale': 0.24049412448896282, 'capture_scale': 0.017630159582791637}. Best is trial 257 with value: 2.602627951144895.
[I 2026-05-03 18:17:11,097] Trial 273 finished with value: 2.6092095514611304 and parameters: {'rho_high_scale': 0.7005540503488507, 'f_n': 7.007689252337844e-07, 'K_d': 403208.66058372287, 'fission_rate': 7.999314829135384e+19, 'Dg_D1_scale': 1.8556009691170163, 'Dg_D3_scale': 1.1204030926294646, 'Dv_D1_scale': 0.3707575179025718, 'Dv_D2_scale': 2.4334077545817547, 'b_bulk_scale': 1.428171101193082, 'b_dislocation_scale': 0.23026721580130693, 'gb_scale': 3.057743216394582, 'gd_bubble_scale': 5.781226786883302, 'gd_line_scale': 0.3728346555661511, 'gd_line_alpha': 0.13519816369939874, 'coalescence_d_scale': 0.2480625409867851, 'capture_scale': 0.020571869385760343}. Best is trial 257 with value: 2.602627951144895.
[I 2026-05-03 18:17:17,431] Trial 274 finished with value: 2.6164963902446763 and parameters: {'rho_high_scale': 0.7062282947673382, 'f_n': 6.868796544173665e-07, 'K_d': 402333.48634235427, 'fission_rate': 7.99813668102846e+19, 'Dg_D1_scale': 1.8427436966089712, 'Dg_D3_scale': 1.1324696268095726, 'Dv_D1_scale': 0.3757135184730438, 'Dv_D2_scale': 2.401490461620192, 'b_bulk_scale': 1.3991869620620045, 'b_dislocation_scale': 0.23234312251012418, 'gb_scale': 3.048085581466916, 'gd_bubble_scale': 5.912485534589348, 'gd_line_scale': 0.37727781771873603, 'gd_line_alpha': 0.1348868070254669, 'coalescence_d_scale': 0.25170307799629993, 'capture_scale': 0.019355053779852856}. Best is trial 257 with value: 2.602627951144895.
[I 2026-05-03 18:17:23,513] Trial 275 finished with value: 2.6095018258802276 and parameters: {'rho_high_scale': 0.7036511952600399, 'f_n': 6.845707430733879e-07, 'K_d': 402462.99813539605, 'fission_rate': 7.911128862164022e+19, 'Dg_D1_scale': 1.843715001050777, 'Dg_D3_scale': 1.1462928418700997, 'Dv_D1_scale': 0.3230718846232249, 'Dv_D2_scale': 2.32474145678729, 'b_bulk_scale': 1.447493737142473, 'b_dislocation_scale': 0.228133188587302, 'gb_scale': 3.123111960235475, 'gd_bubble_scale': 5.6845838855712225, 'gd_line_scale': 0.3818528458172775, 'gd_line_alpha': 0.12736947068653107, 'coalescence_d_scale': 0.22138600878436393, 'capture_scale': 0.017136327799697624}. Best is trial 257 with value: 2.602627951144895.
