[I 2026-05-03 18:31:46,818] Trial 420 finished with value: 2.618647660158479 and parameters: {'rho_high_scale': 0.8010025608858987, 'f_n': 1.5107314905379873e-06, 'K_d': 308028.8504506833, 'fission_rate': 7.794054217980967e+19, 'Dg_D1_scale': 0.25230223519589906, 'Dg_D3_scale': 2.235484809498521, 'Dv_D1_scale': 0.2740632592957713, 'Dv_D2_scale': 1.3331617920955134, 'b_bulk_scale': 2.612228324045352, 'b_dislocation_scale': 0.20423030169096393, 'gb_scale': 3.744329195884991, 'gd_bubble_scale': 7.663677978514531, 'gd_line_scale': 0.48264303308133194, 'gd_line_alpha': 0.059548143477836504, 'coalescence_d_scale': 2.271506237951347, 'capture_scale': 0.013674616805805092}. Best is trial 356 with value: 2.4312251947833614.Best trial: 356. Best value: 2.43123:  84%|████████▍ | 420/500 [45:01<07:44,  5.81s/it]Best trial: 356. Best value: 2.43123:  84%|████████▍ | 420/500 [45:01<07:44,  5.81s/it]Best trial: 356. Best value: 2.43123:  84%|████████▍ | 421/500 [45:01<07:04,  5.37s/it]                                                                                       Best trial: 356. Best value: 2.43123:  84%|████████▍ | 421/500 [45:07<07:04,  5.37s/it]Best trial: 356. Best value: 2.43123:  84%|████████▍ | 421/500 [45:07<07:04,  5.37s/it]Best trial: 356. Best value: 2.43123:  84%|████████▍ | 422/500 [45:07<07:20,  5.65s/it]                                                                                       Best trial: 356. Best value: 2.43123:  84%|████████▍ | 422/500 [45:13<07:20,  5.65s/it]Best trial: 356. Best value: 2.43123:  84%|████████▍ | 422/500 [45:13<07:20,  5.65s/it]Best trial: 356. Best value: 2.43123:  85%|████████▍ | 423/500 [45:13<07:28,  5.83s/it]                                                                                       Best trial: 356. Best value: 2.43123:  85%|████████▍ | 423/500 [45:20<07:28,  5.83s/it]Best trial: 356. Best value: 2.43123:  85%|████████▍ | 423/500 [45:20<07:28,  5.83s/it]Best trial: 356. Best value: 2.43123:  85%|████████▍ | 424/500 [45:20<07:34,  5.98s/it]                                                                                       Best trial: 356. Best value: 2.43123:  85%|████████▍ | 424/500 [45:26<07:34,  5.98s/it]Best trial: 356. Best value: 2.43123:  85%|████████▍ | 424/500 [45:26<07:34,  5.98s/it]Best trial: 356. Best value: 2.43123:  85%|████████▌ | 425/500 [45:26<07:39,  6.12s/it]                                                                                       Best trial: 356. Best value: 2.43123:  85%|████████▌ | 425/500 [45:30<07:39,  6.12s/it]Best trial: 356. Best value: 2.43123:  85%|████████▌ | 425/500 [45:31<07:39,  6.12s/it]Best trial: 356. Best value: 2.43123:  85%|████████▌ | 426/500 [45:31<06:56,  5.62s/it]                                                                                       Best trial: 356. Best value: 2.43123:  85%|████████▌ | 426/500 [45:37<06:56,  5.62s/it]Best trial: 356. Best value: 2.43123:  85%|████████▌ | 426/500 [45:37<06:56,  5.62s/it]Best trial: 356. Best value: 2.43123:  85%|████████▌ | 427/500 [45:37<07:05,  5.83s/it]                                                                                       Best trial: 356. Best value: 2.43123:  85%|████████▌ | 427/500 [45:43<07:05,  5.83s/it]Best trial: 356. Best value: 2.43123:  85%|████████▌ | 427/500 [45:43<07:05,  5.83s/it]Best trial: 356. Best value: 2.43123:  86%|████████▌ | 428/500 [45:43<07:09,  5.96s/it]                                                                                       Best trial: 356. Best value: 2.43123:  86%|████████▌ | 428/500 [45:49<07:09,  5.96s/it]Best trial: 356. Best value: 2.43123:  86%|████████▌ | 428/500 [45:49<07:09,  5.96s/it]Best trial: 356. Best value: 2.43123:  86%|████████▌ | 429/500 [45:49<07:11,  6.07s/it]                                                                                       Best trial: 356. Best value: 2.43123:  86%|████████▌ | 429/500 [45:56<07:11,  6.07s/it]Best trial: 356. Best value: 2.43123:  86%|████████▌ | 429/500 [45:56<07:11,  6.07s/it]Best trial: 356. Best value: 2.43123:  86%|████████▌ | 430/500 [45:56<07:12,  6.18s/it]                                                                                       Best trial: 356. Best value: 2.43123:  86%|████████▌ | 430/500 [46:00<07:12,  6.18s/it]Best trial: 356. Best value: 2.43123:  86%|████████▌ | 430/500 [46:00<07:12,  6.18s/it]Best trial: 356. Best value: 2.43123:  86%|████████▌ | 431/500 [46:00<06:32,  5.69s/it]                                                                                       Best trial: 356. Best value: 2.43123:  86%|████████▌ | 431/500 [46:07<06:32,  5.69s/it]Best trial: 356. Best value: 2.43123:  86%|████████▌ | 431/500 [46:07<06:32,  5.69s/it]Best trial: 356. Best value: 2.43123:  86%|████████▋ | 432/500 [46:07<06:37,  5.85s/it]                                                                                       
[I 2026-05-03 18:31:53,106] Trial 421 finished with value: 3.839046320937485 and parameters: {'rho_high_scale': 0.9080771254449881, 'f_n': 1.947877252151427e-06, 'K_d': 317572.55302319955, 'fission_rate': 7.748937163276136e+19, 'Dg_D1_scale': 0.2621340856372763, 'Dg_D3_scale': 0.9086063147635242, 'Dv_D1_scale': 0.23757034317417017, 'Dv_D2_scale': 1.159384871252333, 'b_bulk_scale': 2.814237378404108, 'b_dislocation_scale': 0.2054723692839203, 'gb_scale': 3.7709135948919568, 'gd_bubble_scale': 0.3260261088692809, 'gd_line_scale': 0.46397789855849747, 'gd_line_alpha': 0.0686689929490838, 'coalescence_d_scale': 3.2916593605444757, 'capture_scale': 0.015088194914593704}. Best is trial 356 with value: 2.4312251947833614.
[I 2026-05-03 18:31:59,360] Trial 422 finished with value: 3.772275701805216 and parameters: {'rho_high_scale': 0.8073638211889492, 'f_n': 2.2766595736600343e-06, 'K_d': 302183.4189803078, 'fission_rate': 7.803356685968689e+19, 'Dg_D1_scale': 0.282549091769456, 'Dg_D3_scale': 0.958196062915373, 'Dv_D1_scale': 0.2624925435157351, 'Dv_D2_scale': 1.363764078244294, 'b_bulk_scale': 2.3106150310376457, 'b_dislocation_scale': 0.1665257990089138, 'gb_scale': 0.20847357022264865, 'gd_bubble_scale': 7.284821438951376, 'gd_line_scale': 0.5178018597741775, 'gd_line_alpha': 0.12479792916270882, 'coalescence_d_scale': 1.8766284329482434, 'capture_scale': 0.01541410173179846}. Best is trial 356 with value: 2.4312251947833614.
[I 2026-05-03 18:32:05,676] Trial 423 finished with value: 2.6762858442280884 and parameters: {'rho_high_scale': 0.8937702137563428, 'f_n': 1.367394280912094e-06, 'K_d': 325007.49407682614, 'fission_rate': 7.704932490101114e+19, 'Dg_D1_scale': 0.24496187830096297, 'Dg_D3_scale': 0.8648196562344621, 'Dv_D1_scale': 0.23087327686508813, 'Dv_D2_scale': 1.6292554778572914, 'b_bulk_scale': 1.7736337354946177, 'b_dislocation_scale': 0.20019110826753606, 'gb_scale': 5.0215899245359426, 'gd_bubble_scale': 7.953955610957047, 'gd_line_scale': 0.4646765612485599, 'gd_line_alpha': 0.042671564022660015, 'coalescence_d_scale': 2.0402024307036633, 'capture_scale': 0.012735021918354631}. Best is trial 356 with value: 2.4312251947833614.
[I 2026-05-03 18:32:12,100] Trial 424 finished with value: 2.634634730490953 and parameters: {'rho_high_scale': 0.8581996424980222, 'f_n': 1.7445689389867925e-06, 'K_d': 309410.9818130697, 'fission_rate': 7.799205489338529e+19, 'Dg_D1_scale': 0.3081750559663819, 'Dg_D3_scale': 0.9694818917057803, 'Dv_D1_scale': 0.2539665272068392, 'Dv_D2_scale': 1.265625252671315, 'b_bulk_scale': 2.5229126443779153, 'b_dislocation_scale': 0.1529245715994559, 'gb_scale': 5.9046321246796785, 'gd_bubble_scale': 9.028823078147179, 'gd_line_scale': 0.5312125874960244, 'gd_line_alpha': 0.08346926908639295, 'coalescence_d_scale': 1.7442119349997505, 'capture_scale': 0.014960988718851348}. Best is trial 356 with value: 2.4312251947833614.
[I 2026-05-03 18:32:16,605] Trial 425 finished with value: 2.6407140196236667 and parameters: {'rho_high_scale': 0.8053935933365092, 'f_n': 2.3655301895613827e-06, 'K_d': 317858.45275607414, 'fission_rate': 7.630637601474997e+19, 'Dg_D1_scale': 0.2350696764518048, 'Dg_D3_scale': 0.913933636390566, 'Dv_D1_scale': 0.2759233442863221, 'Dv_D2_scale': 1.7969655779785214, 'b_bulk_scale': 2.2689332067806816, 'b_dislocation_scale': 0.17529052701453005, 'gb_scale': 3.9152753571613013, 'gd_bubble_scale': 8.0100234205096, 'gd_line_scale': 0.5720263476996039, 'gd_line_alpha': 0.12416240095656048, 'coalescence_d_scale': 1.164612285292645, 'capture_scale': 0.011267051790527097}. Best is trial 356 with value: 2.4312251947833614.
[I 2026-05-03 18:32:22,918] Trial 426 finished with value: 2.5857531435069507 and parameters: {'rho_high_scale': 0.846752387815369, 'f_n': 1.7909386379752004e-06, 'K_d': 370718.0727692648, 'fission_rate': 7.734012747033521e+19, 'Dg_D1_scale': 0.27007468073128915, 'Dg_D3_scale': 0.8520619248314348, 'Dv_D1_scale': 0.2419386770082944, 'Dv_D2_scale': 1.3971438436243588, 'b_bulk_scale': 1.729033360569065, 'b_dislocation_scale': 0.20542212273662003, 'gb_scale': 4.500284937697222, 'gd_bubble_scale': 8.941299658975828, 'gd_line_scale': 0.45981577971957244, 'gd_line_alpha': 0.10245042508724839, 'coalescence_d_scale': 1.345395757467753, 'capture_scale': 0.01279782074722932}. Best is trial 356 with value: 2.4312251947833614.
[I 2026-05-03 18:32:29,167] Trial 427 finished with value: 2.6064434006996384 and parameters: {'rho_high_scale': 0.9504423030290393, 'f_n': 1.8694101966197873e-06, 'K_d': 300652.0848657606, 'fission_rate': 7.814804917462476e+19, 'Dg_D1_scale': 0.2674925188019935, 'Dg_D3_scale': 0.8951998712376064, 'Dv_D1_scale': 0.23420680175681724, 'Dv_D2_scale': 1.413524999885839, 'b_bulk_scale': 1.9144453019069727, 'b_dislocation_scale': 0.1848285540040673, 'gb_scale': 4.711934246968441, 'gd_bubble_scale': 9.985475179946393, 'gd_line_scale': 0.5175438074076583, 'gd_line_alpha': 0.09727206672385466, 'coalescence_d_scale': 1.3756923966306231, 'capture_scale': 0.013186725128418748}. Best is trial 356 with value: 2.4312251947833614.
[I 2026-05-03 18:32:35,504] Trial 428 finished with value: 2.725758908289531 and parameters: {'rho_high_scale': 0.8446729269987168, 'f_n': 2.4503825745973352e-06, 'K_d': 373168.5357849021, 'fission_rate': 7.708814855031598e+19, 'Dg_D1_scale': 0.33211980393457746, 'Dg_D3_scale': 0.8373005037099768, 'Dv_D1_scale': 0.25390821975904515, 'Dv_D2_scale': 1.5031162922236714, 'b_bulk_scale': 1.741729935813955, 'b_dislocation_scale': 0.211531572826359, 'gb_scale': 5.3757025437506405, 'gd_bubble_scale': 8.910448674735028, 'gd_line_scale': 0.46925039890695297, 'gd_line_alpha': 0.06918292213691951, 'coalescence_d_scale': 1.6222780723209729, 'capture_scale': 0.010067934148051993}. Best is trial 356 with value: 2.4312251947833614.
[I 2026-05-03 18:32:41,934] Trial 429 finished with value: 2.7647690228548454 and parameters: {'rho_high_scale': 1.0058340029957196, 'f_n': 2.047718389682752e-06, 'K_d': 388440.2385708605, 'fission_rate': 7.610508095150562e+19, 'Dg_D1_scale': 0.2857012048750391, 'Dg_D3_scale': 0.8245713434780099, 'Dv_D1_scale': 0.20195868920776217, 'Dv_D2_scale': 1.2075154407734108, 'b_bulk_scale': 2.066855521536292, 'b_dislocation_scale': 0.1635803258401531, 'gb_scale': 4.4363411993309425, 'gd_bubble_scale': 8.745453974177725, 'gd_line_scale': 0.5986612367197829, 'gd_line_alpha': 0.05006312926241334, 'coalescence_d_scale': 2.619399392311774, 'capture_scale': 0.012361175537060693}. Best is trial 356 with value: 2.4312251947833614.
[I 2026-05-03 18:32:46,486] Trial 430 finished with value: 3.4209468194297403 and parameters: {'rho_high_scale': 0.8705104365405398, 'f_n': 2.421357238692565e-06, 'K_d': 361858.94340801315, 'fission_rate': 7.558231679519798e+19, 'Dg_D1_scale': 0.9504391176437155, 'Dg_D3_scale': 0.8833312762941465, 'Dv_D1_scale': 0.22002222901807897, 'Dv_D2_scale': 1.3567976072880654, 'b_bulk_scale': 2.18075199363996, 'b_dislocation_scale': 0.18492776204300443, 'gb_scale': 4.196206687760197, 'gd_bubble_scale': 8.076281131667578, 'gd_line_scale': 2.1957233231330866, 'gd_line_alpha': 0.024091051672042355, 'coalescence_d_scale': 1.8381209197616983, 'capture_scale': 0.015044803298419273}. Best is trial 356 with value: 2.4312251947833614.
[I 2026-05-03 18:32:52,710] Trial 431 finished with value: 2.6499221363557703 and parameters: {'rho_high_scale': 0.9101722095031062, 'f_n': 1.6523777689031653e-06, 'K_d': 367091.61464391754, 'fission_rate': 7.818265143991135e+19, 'Dg_D1_scale': 0.2512266645487121, 'Dg_D3_scale': 0.9383428741093368, 'Dv_D1_scale': 0.2659980158413041, 'Dv_D2_scale': 1.582051784980446, 'b_bulk_scale': 1.7240913460702605, 'b_dislocation_scale': 0.21227181640566484, 'gb_scale': 4.72206740033412, 'gd_bubble_scale': 9.05225777253435, 'gd_line_scale': 0.663765378127004, 'gd_line_alpha': 0.10540311007283297, 'coalescence_d_scale': 2.18485449317008, 'capture_scale': 0.011442143807007407}. Best is trial 356 with value: 2.4312251947833614.
[I 2026-05-03 18:32:59,022] Trial 432 finished with value: 2.5940156729201314 and parameters: {'rho_high_scale': 0.828274160176628, 'f_n': 2.4534881300113297e-06, 'K_d': 375627.5377431663, 'fission_rate': 7.716630242325024e+19, 'Dg_D1_scale': 0.3125454548872689, 'Dg_D3_scale': 1.0009696674414936, 'Dv_D1_scale': 0.23453980014499565, 'Dv_D2_scale': 1.2930952539610505, 'b_bulk_scale': 1.897320852919202, 'b_dislocation_scale': 0.1750367740906492, 'gb_scale': 4.027343420989986, 'gd_bubble_scale': 7.3231365458142275, 'gd_line_scale': 0.5159630620499112, 'gd_line_alpha': 0.07464996475714836, 'coalescence_d_scale': 1.3167199501288136, 'capture_scale': 0.013073592738564907}. Best is trial 356 with value: 2.4312251947833614.Best trial: 356. Best value: 2.43123:  86%|████████▋ | 432/500 [46:13<06:37,  5.85s/it]Best trial: 356. Best value: 2.43123:  86%|████████▋ | 432/500 [46:13<06:37,  5.85s/it]Best trial: 356. Best value: 2.43123:  87%|████████▋ | 433/500 [46:13<06:41,  5.99s/it]                                                                                       Best trial: 356. Best value: 2.43123:  87%|████████▋ | 433/500 [46:19<06:41,  5.99s/it]Best trial: 356. Best value: 2.43123:  87%|████████▋ | 433/500 [46:19<06:41,  5.99s/it]Best trial: 356. Best value: 2.43123:  87%|████████▋ | 434/500 [46:19<06:42,  6.10s/it]                                                                                       Best trial: 356. Best value: 2.43123:  87%|████████▋ | 434/500 [46:26<06:42,  6.10s/it]Best trial: 356. Best value: 2.43123:  87%|████████▋ | 434/500 [46:26<06:42,  6.10s/it]Best trial: 356. Best value: 2.43123:  87%|████████▋ | 435/500 [46:26<06:39,  6.15s/it]                                                                                       Best trial: 356. Best value: 2.43123:  87%|████████▋ | 435/500 [46:30<06:39,  6.15s/it]Best trial: 356. Best value: 2.43123:  87%|████████▋ | 435/500 [46:30<06:39,  6.15s/it]Best trial: 356. Best value: 2.43123:  87%|████████▋ | 436/500 [46:30<05:59,  5.62s/it]                                                                                       Best trial: 356. Best value: 2.43123:  87%|████████▋ | 436/500 [46:36<05:59,  5.62s/it]Best trial: 356. Best value: 2.43123:  87%|████████▋ | 436/500 [46:36<05:59,  5.62s/it]Best trial: 356. Best value: 2.43123:  87%|████████▋ | 437/500 [46:36<06:09,  5.87s/it]                                                                                       Best trial: 356. Best value: 2.43123:  87%|████████▋ | 437/500 [46:43<06:09,  5.87s/it]Best trial: 356. Best value: 2.43123:  87%|████████▋ | 437/500 [46:43<06:09,  5.87s/it]Best trial: 356. Best value: 2.43123:  88%|████████▊ | 438/500 [46:43<06:13,  6.02s/it]                                                                                       Best trial: 356. Best value: 2.43123:  88%|████████▊ | 438/500 [46:49<06:13,  6.02s/it]Best trial: 356. Best value: 2.43123:  88%|████████▊ | 438/500 [46:49<06:13,  6.02s/it]Best trial: 356. Best value: 2.43123:  88%|████████▊ | 439/500 [46:49<06:13,  6.12s/it]                                                                                       Best trial: 356. Best value: 2.43123:  88%|████████▊ | 439/500 [46:56<06:13,  6.12s/it]Best trial: 356. Best value: 2.43123:  88%|████████▊ | 439/500 [46:56<06:13,  6.12s/it]Best trial: 356. Best value: 2.43123:  88%|████████▊ | 440/500 [46:56<06:14,  6.24s/it]                                                                                       Best trial: 356. Best value: 2.43123:  88%|████████▊ | 440/500 [47:00<06:14,  6.24s/it]Best trial: 356. Best value: 2.43123:  88%|████████▊ | 440/500 [47:00<06:14,  6.24s/it]Best trial: 356. Best value: 2.43123:  88%|████████▊ | 441/500 [47:00<05:36,  5.71s/it]                                                                                       Best trial: 356. Best value: 2.43123:  88%|████████▊ | 441/500 [47:06<05:36,  5.71s/it]Best trial: 356. Best value: 2.43123:  88%|████████▊ | 441/500 [47:06<05:36,  5.71s/it]Best trial: 356. Best value: 2.43123:  88%|████████▊ | 442/500 [47:06<05:39,  5.86s/it]                                                                                       Best trial: 356. Best value: 2.43123:  88%|████████▊ | 442/500 [47:13<05:39,  5.86s/it]Best trial: 356. Best value: 2.43123:  88%|████████▊ | 442/500 [47:13<05:39,  5.86s/it]Best trial: 356. Best value: 2.43123:  89%|████████▊ | 443/500 [47:13<05:40,  5.98s/it]                                                                                       Best trial: 356. Best value: 2.43123:  89%|████████▊ | 443/500 [47:19<05:40,  5.98s/it]Best trial: 356. Best value: 2.43123:  89%|████████▊ | 443/500 [47:19<05:40,  5.98s/it]Best trial: 356. Best value: 2.43123:  89%|████████▉ | 444/500 [47:19<05:41,  6.10s/it]                                                                                       
[I 2026-05-03 18:33:05,396] Trial 433 finished with value: 3.6366622592890514 and parameters: {'rho_high_scale': 0.860274258034955, 'f_n': 1.8744443871187106e-06, 'K_d': 310002.7545168003, 'fission_rate': 7.670640784619143e+19, 'Dg_D1_scale': 0.2643175696358278, 'Dg_D3_scale': 3.3632638118807785, 'Dv_D1_scale': 0.24237208998076665, 'Dv_D2_scale': 1.4413833278698733, 'b_bulk_scale': 0.17709453385626434, 'b_dislocation_scale': 0.1486297788232538, 'gb_scale': 5.14115616017808, 'gd_bubble_scale': 9.999976609178049, 'gd_line_scale': 0.4792299296980529, 'gd_line_alpha': 0.1182693533046332, 'coalescence_d_scale': 1.6356760379425648, 'capture_scale': 0.015476054667005714}. Best is trial 356 with value: 2.4312251947833614.
[I 2026-05-03 18:33:11,652] Trial 434 finished with value: 2.6153673011462186 and parameters: {'rho_high_scale': 0.8017693166077923, 'f_n': 1.3420158896181561e-06, 'K_d': 327245.0665081054, 'fission_rate': 7.824096526338354e+19, 'Dg_D1_scale': 0.2805845138812449, 'Dg_D3_scale': 0.8375090204284322, 'Dv_D1_scale': 0.2004666916656936, 'Dv_D2_scale': 1.5661139016004677, 'b_bulk_scale': 3.558397714627996, 'b_dislocation_scale': 0.19683347837455184, 'gb_scale': 4.4753177613827235, 'gd_bubble_scale': 8.195877461797558, 'gd_line_scale': 0.5577173228026825, 'gd_line_alpha': 0.09658890638491552, 'coalescence_d_scale': 1.944967509187948, 'capture_scale': 0.010019248099458278}. Best is trial 356 with value: 2.4312251947833614.
[I 2026-05-03 18:33:16,040] Trial 435 finished with value: 2.5488202702495233 and parameters: {'rho_high_scale': 0.8069207069160729, 'f_n': 2.442614219054091e-06, 'K_d': 366671.82611726725, 'fission_rate': 7.7388367718459e+19, 'Dg_D1_scale': 0.4316139990187661, 'Dg_D3_scale': 0.9489654128412207, 'Dv_D1_scale': 0.21703659988353943, 'Dv_D2_scale': 1.665685265571516, 'b_bulk_scale': 2.575707825458736, 'b_dislocation_scale': 0.21197560798740064, 'gb_scale': 3.755873481073741, 'gd_bubble_scale': 8.96576162336506, 'gd_line_scale': 0.45311013484417, 'gd_line_alpha': 0.05883015930461681, 'coalescence_d_scale': 1.026155046543071, 'capture_scale': 0.012819202415066898}. Best is trial 356 with value: 2.4312251947833614.
[I 2026-05-03 18:33:22,486] Trial 436 finished with value: 2.657966089653248 and parameters: {'rho_high_scale': 0.7949414831892887, 'f_n': 2.4800819416816885e-06, 'K_d': 319952.57615449006, 'fission_rate': 7.609100287604077e+19, 'Dg_D1_scale': 0.21748638606109688, 'Dg_D3_scale': 0.9531688013654741, 'Dv_D1_scale': 0.2177489618162623, 'Dv_D2_scale': 1.7186988135578647, 'b_bulk_scale': 2.9259051181681115, 'b_dislocation_scale': 0.16193610622309326, 'gb_scale': 3.8142598311523526, 'gd_bubble_scale': 7.8233625163632405, 'gd_line_scale': 0.45454059736087066, 'gd_line_alpha': 0.0015431689075701208, 'coalescence_d_scale': 1.0921385887653385, 'capture_scale': 0.011278681223095022}. Best is trial 356 with value: 2.4312251947833614.
[I 2026-05-03 18:33:28,859] Trial 437 finished with value: 2.9368617176058023 and parameters: {'rho_high_scale': 0.7973750615508246, 'f_n': 2.13810573439748e-06, 'K_d': 364196.0276758077, 'fission_rate': 7.810850003608219e+19, 'Dg_D1_scale': 0.36528644103128316, 'Dg_D3_scale': 1.0046347968923042, 'Dv_D1_scale': 0.27854869455045467, 'Dv_D2_scale': 1.6460689474648045, 'b_bulk_scale': 2.597216865266753, 'b_dislocation_scale': 0.18548768114646322, 'gb_scale': 3.7072860861168766, 'gd_bubble_scale': 9.077071403918097, 'gd_line_scale': 0.7075517586261597, 'gd_line_alpha': 0.05256045223239616, 'coalescence_d_scale': 0.9983363368802012, 'capture_scale': 0.014286891932436879}. Best is trial 356 with value: 2.4312251947833614.
