[I 2026-05-03 18:35:23,243] Trial 456 finished with value: 2.851243802089696 and parameters: {'rho_high_scale': 0.902225100159244, 'f_n': 1.2728693796419503e-06, 'K_d': 327226.86322138086, 'fission_rate': 7.637332861676829e+19, 'Dg_D1_scale': 0.3336895274599925, 'Dg_D3_scale': 1.2337608427338707, 'Dv_D1_scale': 0.20962890300080336, 'Dv_D2_scale': 1.5485260027056862, 'b_bulk_scale': 3.615384720469581, 'b_dislocation_scale': 0.21310047888717215, 'gb_scale': 5.052069683567897, 'gd_bubble_scale': 8.554820615045065, 'gd_line_scale': 0.6607562606206222, 'gd_line_alpha': 0.04767337511872147, 'coalescence_d_scale': 1.4043343257021492, 'capture_scale': 0.014560622222273664}. Best is trial 356 with value: 2.4312251947833614.Best trial: 356. Best value: 2.43123:  91%|█████████ | 456/500 [48:37<04:14,  5.79s/it]Best trial: 356. Best value: 2.43123:  91%|█████████ | 456/500 [48:37<04:14,  5.79s/it]Best trial: 356. Best value: 2.43123:  91%|█████████▏| 457/500 [48:37<04:17,  5.98s/it]                                                                                       Best trial: 356. Best value: 2.43123:  91%|█████████▏| 457/500 [48:44<04:17,  5.98s/it]Best trial: 356. Best value: 2.43123:  91%|█████████▏| 457/500 [48:44<04:17,  5.98s/it]Best trial: 356. Best value: 2.43123:  92%|█████████▏| 458/500 [48:44<04:16,  6.12s/it]                                                                                       Best trial: 356. Best value: 2.43123:  92%|█████████▏| 458/500 [48:50<04:16,  6.12s/it]Best trial: 356. Best value: 2.43123:  92%|█████████▏| 458/500 [48:50<04:16,  6.12s/it]Best trial: 356. Best value: 2.43123:  92%|█████████▏| 459/500 [48:50<04:14,  6.20s/it]                                                                                       Best trial: 356. Best value: 2.43123:  92%|█████████▏| 459/500 [48:56<04:14,  6.20s/it]Best trial: 356. Best value: 2.43123:  92%|█████████▏| 459/500 [48:56<04:14,  6.20s/it]Best trial: 356. Best value: 2.43123:  92%|█████████▏| 460/500 [48:56<04:10,  6.26s/it]                                                                                       Best trial: 356. Best value: 2.43123:  92%|█████████▏| 460/500 [49:01<04:10,  6.26s/it]Best trial: 356. Best value: 2.43123:  92%|█████████▏| 460/500 [49:01<04:10,  6.26s/it]Best trial: 356. Best value: 2.43123:  92%|█████████▏| 461/500 [49:01<03:44,  5.76s/it]                                                                                       Best trial: 356. Best value: 2.43123:  92%|█████████▏| 461/500 [49:07<03:44,  5.76s/it]Best trial: 356. Best value: 2.43123:  92%|█████████▏| 461/500 [49:08<03:44,  5.76s/it]Best trial: 356. Best value: 2.43123:  92%|█████████▏| 462/500 [49:08<03:47,  5.98s/it]                                                                                       Best trial: 356. Best value: 2.43123:  92%|█████████▏| 462/500 [49:14<03:47,  5.98s/it]Best trial: 356. Best value: 2.43123:  92%|█████████▏| 462/500 [49:14<03:47,  5.98s/it]Best trial: 356. Best value: 2.43123:  93%|█████████▎| 463/500 [49:14<03:47,  6.16s/it]                                                                                       Best trial: 356. Best value: 2.43123:  93%|█████████▎| 463/500 [49:20<03:47,  6.16s/it]Best trial: 356. Best value: 2.43123:  93%|█████████▎| 463/500 [49:21<03:47,  6.16s/it]Best trial: 356. Best value: 2.43123:  93%|█████████▎| 464/500 [49:21<03:44,  6.25s/it]                                                                                       Best trial: 356. Best value: 2.43123:  93%|█████████▎| 464/500 [49:27<03:44,  6.25s/it]Best trial: 356. Best value: 2.43123:  93%|█████████▎| 464/500 [49:28<03:44,  6.25s/it]Best trial: 356. Best value: 2.43123:  93%|█████████▎| 465/500 [49:28<03:47,  6.51s/it]                                                                                       Best trial: 356. Best value: 2.43123:  93%|█████████▎| 465/500 [49:32<03:47,  6.51s/it]Best trial: 356. Best value: 2.43123:  93%|█████████▎| 465/500 [49:32<03:47,  6.51s/it]Best trial: 356. Best value: 2.43123:  93%|█████████▎| 466/500 [49:32<03:23,  5.98s/it]                                                                                       Best trial: 356. Best value: 2.43123:  93%|█████████▎| 466/500 [49:39<03:23,  5.98s/it]Best trial: 356. Best value: 2.43123:  93%|█████████▎| 466/500 [49:39<03:23,  5.98s/it]Best trial: 356. Best value: 2.43123:  93%|█████████▎| 467/500 [49:39<03:21,  6.11s/it]                                                                                       Best trial: 356. Best value: 2.43123:  93%|█████████▎| 467/500 [49:45<03:21,  6.11s/it]Best trial: 356. Best value: 2.43123:  93%|█████████▎| 467/500 [49:45<03:21,  6.11s/it]Best trial: 356. Best value: 2.43123:  94%|█████████▎| 468/500 [49:45<03:18,  6.19s/it]                                                                                       
[I 2026-05-03 18:35:29,686] Trial 457 finished with value: 2.6302907860587514 and parameters: {'rho_high_scale': 0.7916715824750097, 'f_n': 1.692924188202996e-06, 'K_d': 338714.25222000724, 'fission_rate': 7.532508505214462e+19, 'Dg_D1_scale': 0.4376799216840768, 'Dg_D3_scale': 1.2266561250646826, 'Dv_D1_scale': 0.25514712910839465, 'Dv_D2_scale': 1.8454350632681702, 'b_bulk_scale': 3.104107827118254, 'b_dislocation_scale': 0.19620647801502136, 'gb_scale': 5.407863973890341, 'gd_bubble_scale': 8.432491474337013, 'gd_line_scale': 0.5836961472553153, 'gd_line_alpha': 0.06426548759193049, 'coalescence_d_scale': 1.660339553369965, 'capture_scale': 0.010036847131873973}. Best is trial 356 with value: 2.4312251947833614.
[I 2026-05-03 18:35:36,098] Trial 458 finished with value: 3.965195791498096 and parameters: {'rho_high_scale': 1.828426279149626, 'f_n': 2.448189167016344e-06, 'K_d': 317209.0448866043, 'fission_rate': 7.62419146944061e+19, 'Dg_D1_scale': 0.5722186317258643, 'Dg_D3_scale': 1.1689517862367331, 'Dv_D1_scale': 0.22669661185478415, 'Dv_D2_scale': 1.4544297361922056, 'b_bulk_scale': 3.2323646699265, 'b_dislocation_scale': 0.6680060230393793, 'gb_scale': 5.1991013297672275, 'gd_bubble_scale': 7.466894385954196, 'gd_line_scale': 4.918556768927683, 'gd_line_alpha': 0.021097846947899165, 'coalescence_d_scale': 1.551430036944381, 'capture_scale': 0.013727464829229263}. Best is trial 356 with value: 2.4312251947833614.
[I 2026-05-03 18:35:42,472] Trial 459 finished with value: 3.011251153974997 and parameters: {'rho_high_scale': 1.0790495789768484, 'f_n': 2.0780094885289513e-06, 'K_d': 312850.63632305653, 'fission_rate': 7.635708636492279e+19, 'Dg_D1_scale': 0.3532566133285484, 'Dg_D3_scale': 1.0935198261312276, 'Dv_D1_scale': 0.24235830911986245, 'Dv_D2_scale': 1.2243989597772322, 'b_bulk_scale': 2.660547519692733, 'b_dislocation_scale': 0.2162402490624496, 'gb_scale': 6.018909934522302, 'gd_bubble_scale': 9.997793197520988, 'gd_line_scale': 1.1212626444901497, 'gd_line_alpha': 0.07074161332147388, 'coalescence_d_scale': 1.7818480707009823, 'capture_scale': 0.012200608881975026}. Best is trial 356 with value: 2.4312251947833614.
[I 2026-05-03 18:35:47,065] Trial 460 finished with value: 2.670810068366982 and parameters: {'rho_high_scale': 0.8639528375845097, 'f_n': 2.5314098766481342e-06, 'K_d': 342171.5659528205, 'fission_rate': 7.515257754178663e+19, 'Dg_D1_scale': 0.3099772913982383, 'Dg_D3_scale': 1.304119614655872, 'Dv_D1_scale': 0.21304393030541094, 'Dv_D2_scale': 1.3658355702454452, 'b_bulk_scale': 2.8676813490477797, 'b_dislocation_scale': 0.18525464214916576, 'gb_scale': 4.75395947614921, 'gd_bubble_scale': 8.958522597633978, 'gd_line_scale': 0.5597614725184122, 'gd_line_alpha': 0.039293782305723474, 'coalescence_d_scale': 1.313096768745472, 'capture_scale': 0.016022984802401215}. Best is trial 356 with value: 2.4312251947833614.
[I 2026-05-03 18:35:53,559] Trial 461 finished with value: 2.5572018406305115 and parameters: {'rho_high_scale': 0.8001971266223898, 'f_n': 1.2249981029846923e-06, 'K_d': 327022.15093918756, 'fission_rate': 7.596601202492824e+19, 'Dg_D1_scale': 0.2884879997497508, 'Dg_D3_scale': 1.1823979910443867, 'Dv_D1_scale': 0.20003970272843083, 'Dv_D2_scale': 1.6071435559791358, 'b_bulk_scale': 3.215302485575139, 'b_dislocation_scale': 0.2180673527097911, 'gb_scale': 5.536771710717554, 'gd_bubble_scale': 6.99875706012809, 'gd_line_scale': 0.48743367261705434, 'gd_line_alpha': 0.06622039197128471, 'coalescence_d_scale': 1.4408045971713395, 'capture_scale': 0.011691415171019954}. Best is trial 356 with value: 2.4312251947833614.
[I 2026-05-03 18:36:00,135] Trial 462 finished with value: 2.6367790569177587 and parameters: {'rho_high_scale': 0.8304291123299431, 'f_n': 2.99729054164784e-06, 'K_d': 326953.66301621037, 'fission_rate': 7.540298684943406e+19, 'Dg_D1_scale': 0.3909392836325011, 'Dg_D3_scale': 1.2468347709399306, 'Dv_D1_scale': 0.20705996499344376, 'Dv_D2_scale': 1.5788257396887353, 'b_bulk_scale': 3.257216193610818, 'b_dislocation_scale': 0.22188887816863986, 'gb_scale': 5.79687841644963, 'gd_bubble_scale': 6.824193887282878, 'gd_line_scale': 0.6707397286780901, 'gd_line_alpha': 0.06799322747875806, 'coalescence_d_scale': 0.9463425771095194, 'capture_scale': 0.011389401736555366}. Best is trial 356 with value: 2.4312251947833614.
[I 2026-05-03 18:36:06,595] Trial 463 finished with value: 2.6027561026221675 and parameters: {'rho_high_scale': 0.7949588214662809, 'f_n': 1.7091693650703823e-06, 'K_d': 320911.68849275354, 'fission_rate': 7.613563646933775e+19, 'Dg_D1_scale': 0.29551325157934394, 'Dg_D3_scale': 1.1876628414012929, 'Dv_D1_scale': 0.20181325126526925, 'Dv_D2_scale': 1.4615969938862994, 'b_bulk_scale': 2.7027040210150877, 'b_dislocation_scale': 0.19240868517495002, 'gb_scale': 5.3277701789033145, 'gd_bubble_scale': 7.844018659120705, 'gd_line_scale': 0.6093986455593859, 'gd_line_alpha': 0.0396048483469017, 'coalescence_d_scale': 0.8336450657947375, 'capture_scale': 0.011362905500631437}. Best is trial 356 with value: 2.4312251947833614.
[I 2026-05-03 18:36:13,611] Trial 464 finished with value: 2.8461995424767474 and parameters: {'rho_high_scale': 0.9516483494094142, 'f_n': 2.0733529976933206e-06, 'K_d': 334692.6031498387, 'fission_rate': 7.490277441609382e+19, 'Dg_D1_scale': 0.3238258618690129, 'Dg_D3_scale': 1.5613487052472803, 'Dv_D1_scale': 0.21822077802351053, 'Dv_D2_scale': 1.6545244019823193, 'b_bulk_scale': 2.8800942226186708, 'b_dislocation_scale': 0.16435625439168394, 'gb_scale': 6.579492466370851, 'gd_bubble_scale': 8.525127635096018, 'gd_line_scale': 0.5202762625576919, 'gd_line_alpha': 0.07578112302175813, 'coalescence_d_scale': 0.7382976681831476, 'capture_scale': 0.013234373705555224}. Best is trial 356 with value: 2.4312251947833614.
[I 2026-05-03 18:36:18,469] Trial 465 finished with value: 2.7997756725914447 and parameters: {'rho_high_scale': 0.890187237038205, 'f_n': 1.199809664061409e-06, 'K_d': 306096.9515356547, 'fission_rate': 7.386918356838294e+19, 'Dg_D1_scale': 0.2954582682206096, 'Dg_D3_scale': 1.1143391201866208, 'Dv_D1_scale': 0.23234262109343695, 'Dv_D2_scale': 1.2823088225979633, 'b_bulk_scale': 3.797594153861656, 'b_dislocation_scale': 0.1806748176507587, 'gb_scale': 4.820560845130138, 'gd_bubble_scale': 7.492323388060156, 'gd_line_scale': 0.48850495944452316, 'gd_line_alpha': 0.054777233138911766, 'coalescence_d_scale': 1.4412424782852542, 'capture_scale': 0.010110622461385839}. Best is trial 356 with value: 2.4312251947833614.
[I 2026-05-03 18:36:24,867] Trial 466 finished with value: 3.4400193789651143 and parameters: {'rho_high_scale': 0.8291817301360049, 'f_n': 1.5572912646768892e-06, 'K_d': 328189.66246086353, 'fission_rate': 7.591366938540812e+19, 'Dg_D1_scale': 0.27869688426920297, 'Dg_D3_scale': 1.2439923782368945, 'Dv_D1_scale': 0.26418508093259296, 'Dv_D2_scale': 1.5311033083953893, 'b_bulk_scale': 3.4625680705770363, 'b_dislocation_scale': 0.22466673719492772, 'gb_scale': 5.927517060519094, 'gd_bubble_scale': 0.5872839802777609, 'gd_line_scale': 0.5881739747815395, 'gd_line_alpha': 0.022042147920508848, 'coalescence_d_scale': 1.047631427498177, 'capture_scale': 0.012461733804980184}. Best is trial 356 with value: 2.4312251947833614.
[I 2026-05-03 18:36:31,251] Trial 467 finished with value: 2.546461140142354 and parameters: {'rho_high_scale': 0.8668417709856603, 'f_n': 2.5362821252694967e-06, 'K_d': 315390.98265086935, 'fission_rate': 7.655211901427283e+19, 'Dg_D1_scale': 0.3573262607783008, 'Dg_D3_scale': 1.0941044772464172, 'Dv_D1_scale': 0.20013498333828467, 'Dv_D2_scale': 1.7683659433633916, 'b_bulk_scale': 2.551187402721499, 'b_dislocation_scale': 0.19671365208519298, 'gb_scale': 5.471221937010695, 'gd_bubble_scale': 9.023514244059143, 'gd_line_scale': 0.45455097327610045, 'gd_line_alpha': 0.07815034237073926, 'coalescence_d_scale': 1.58891397497322, 'capture_scale': 0.014424338300267937}. Best is trial 356 with value: 2.4312251947833614.
[I 2026-05-03 18:36:37,676] Trial 468 finished with value: 2.8288721723685035 and parameters: {'rho_high_scale': 0.8004755478505042, 'f_n': 2.6058707984779668e-06, 'K_d': 316226.30041330017, 'fission_rate': 7.651207550357633e+19, 'Dg_D1_scale': 0.3715178612895585, 'Dg_D3_scale': 1.1650187480601977, 'Dv_D1_scale': 0.20111666786553148, 'Dv_D2_scale': 1.763713794748131, 'b_bulk_scale': 3.1215811211477065, 'b_dislocation_scale': 0.21690473548064132, 'gb_scale': 7.302502347813737, 'gd_bubble_scale': 6.837244083849257, 'gd_line_scale': 0.4485927517554579, 'gd_line_alpha': 0.08774734690558994, 'coalescence_d_scale': 1.2950657938990369, 'capture_scale': 0.015823850126712776}. Best is trial 356 with value: 2.4312251947833614.Best trial: 356. Best value: 2.43123:  94%|█████████▎| 468/500 [49:52<03:18,  6.19s/it]Best trial: 356. Best value: 2.43123:  94%|█████████▎| 468/500 [49:52<03:18,  6.19s/it]Best trial: 356. Best value: 2.43123:  94%|█████████▍| 469/500 [49:52<03:14,  6.26s/it]                                                                                       Best trial: 356. Best value: 2.43123:  94%|█████████▍| 469/500 [50:01<03:14,  6.26s/it]Best trial: 356. Best value: 2.43123:  94%|█████████▍| 469/500 [50:01<03:14,  6.26s/it]Best trial: 356. Best value: 2.43123:  94%|█████████▍| 470/500 [50:01<03:35,  7.18s/it]                                                                                       Best trial: 356. Best value: 2.43123:  94%|█████████▍| 470/500 [50:07<03:35,  7.18s/it]Best trial: 356. Best value: 2.43123:  94%|█████████▍| 470/500 [50:08<03:35,  7.18s/it]Best trial: 356. Best value: 2.43123:  94%|█████████▍| 471/500 [50:08<03:22,  6.99s/it]                                                                                       Best trial: 356. Best value: 2.43123:  94%|█████████▍| 471/500 [50:14<03:22,  6.99s/it]Best trial: 356. Best value: 2.43123:  94%|█████████▍| 471/500 [50:14<03:22,  6.99s/it]Best trial: 356. Best value: 2.43123:  94%|█████████▍| 472/500 [50:14<03:11,  6.85s/it]                                                                                       Best trial: 356. Best value: 2.43123:  94%|█████████▍| 472/500 [50:20<03:11,  6.85s/it]Best trial: 356. Best value: 2.43123:  94%|█████████▍| 472/500 [50:21<03:11,  6.85s/it]Best trial: 356. Best value: 2.43123:  95%|█████████▍| 473/500 [50:21<03:02,  6.76s/it]                                                                                       Best trial: 356. Best value: 2.43123:  95%|█████████▍| 473/500 [50:27<03:02,  6.76s/it]Best trial: 356. Best value: 2.43123:  95%|█████████▍| 473/500 [50:27<03:02,  6.76s/it]Best trial: 356. Best value: 2.43123:  95%|█████████▍| 474/500 [50:27<02:54,  6.70s/it]                                                                                       Best trial: 356. Best value: 2.43123:  95%|█████████▍| 474/500 [50:32<02:54,  6.70s/it]Best trial: 356. Best value: 2.43123:  95%|█████████▍| 474/500 [50:32<02:54,  6.70s/it]Best trial: 356. Best value: 2.43123:  95%|█████████▌| 475/500 [50:32<02:30,  6.04s/it]                                                                                       Best trial: 356. Best value: 2.43123:  95%|█████████▌| 475/500 [50:38<02:30,  6.04s/it]Best trial: 356. Best value: 2.43123:  95%|█████████▌| 475/500 [50:38<02:30,  6.04s/it]Best trial: 356. Best value: 2.43123:  95%|█████████▌| 476/500 [50:38<02:28,  6.17s/it]                                                                                       Best trial: 356. Best value: 2.43123:  95%|█████████▌| 476/500 [50:45<02:28,  6.17s/it]Best trial: 356. Best value: 2.43123:  95%|█████████▌| 476/500 [50:45<02:28,  6.17s/it]Best trial: 356. Best value: 2.43123:  95%|█████████▌| 477/500 [50:45<02:24,  6.28s/it]                                                                                       Best trial: 356. Best value: 2.43123:  95%|█████████▌| 477/500 [50:51<02:24,  6.28s/it]Best trial: 356. Best value: 2.43123:  95%|█████████▌| 477/500 [50:51<02:24,  6.28s/it]Best trial: 356. Best value: 2.43123:  96%|█████████▌| 478/500 [50:51<02:20,  6.37s/it]                                                                                       Best trial: 356. Best value: 2.43123:  96%|█████████▌| 478/500 [50:58<02:20,  6.37s/it]Best trial: 356. Best value: 2.43123:  96%|█████████▌| 478/500 [50:58<02:20,  6.37s/it]Best trial: 356. Best value: 2.43123:  96%|█████████▌| 479/500 [50:58<02:15,  6.45s/it]                                                                                       Best trial: 356. Best value: 2.43123:  96%|█████████▌| 479/500 [51:02<02:15,  6.45s/it]Best trial: 356. Best value: 2.43123:  96%|█████████▌| 479/500 [51:02<02:15,  6.45s/it]Best trial: 356. Best value: 2.43123:  96%|█████████▌| 480/500 [51:02<01:57,  5.86s/it]                                                                                       
[I 2026-05-03 18:36:46,999] Trial 469 finished with value: 4.018310494521152 and parameters: {'rho_high_scale': 2.1906865379088654, 'f_n': 2.9813464519061637e-06, 'K_d': 309720.0041418041, 'fission_rate': 4.059988392080123e+19, 'Dg_D1_scale': 0.35025747037102406, 'Dg_D3_scale': 1.3352952631868833, 'Dv_D1_scale': 0.21761778502231285, 'Dv_D2_scale': 1.7576936040328535, 'b_bulk_scale': 2.6992465053190418, 'b_dislocation_scale': 0.19567391738006998, 'gb_scale': 5.508968611831855, 'gd_bubble_scale': 9.133602393728317, 'gd_line_scale': 0.44401593344478324, 'gd_line_alpha': 0.10902206273833638, 'coalescence_d_scale': 1.5845395018218733, 'capture_scale': 0.011530578917939103}. Best is trial 356 with value: 2.4312251947833614.
[I 2026-05-03 18:36:53,548] Trial 470 finished with value: 3.7600085578235065 and parameters: {'rho_high_scale': 0.9119833352021878, 'f_n': 1.800432854342459e-06, 'K_d': 300530.29298389965, 'fission_rate': 7.420567975513032e+19, 'Dg_D1_scale': 0.4555109102497956, 'Dg_D3_scale': 1.0935823986519835, 'Dv_D1_scale': 0.2121410651175742, 'Dv_D2_scale': 1.3831086727774269, 'b_bulk_scale': 2.6453303204055705, 'b_dislocation_scale': 0.030086845029283514, 'gb_scale': 6.257901186957889, 'gd_bubble_scale': 7.907244173881448, 'gd_line_scale': 0.5523383749992268, 'gd_line_alpha': 0.08646204506398361, 'coalescence_d_scale': 1.4156151841074176, 'capture_scale': 0.014170292065876567}. Best is trial 356 with value: 2.4312251947833614.
[I 2026-05-03 18:37:00,055] Trial 471 finished with value: 2.53568412099554 and parameters: {'rho_high_scale': 0.7909823480176477, 'f_n': 2.0963164820758535e-06, 'K_d': 324948.5165943542, 'fission_rate': 7.555855362883545e+19, 'Dg_D1_scale': 0.33154660774560246, 'Dg_D3_scale': 1.0918664015568105, 'Dv_D1_scale': 0.22682568811224135, 'Dv_D2_scale': 1.6306343437092814, 'b_bulk_scale': 2.5038708274071255, 'b_dislocation_scale': 0.17162591481216632, 'gb_scale': 5.280293252860337, 'gd_bubble_scale': 9.964402663711985, 'gd_line_scale': 0.4955633868759608, 'gd_line_alpha': 0.7324827382163606, 'coalescence_d_scale': 1.5628947655675218, 'capture_scale': 0.011317536219370624}. Best is trial 356 with value: 2.4312251947833614.
[I 2026-05-03 18:37:06,606] Trial 472 finished with value: 2.663441690318057 and parameters: {'rho_high_scale': 0.7892285675017802, 'f_n': 1.907453586537624e-06, 'K_d': 320789.39226461976, 'fission_rate': 7.494626268992902e+19, 'Dg_D1_scale': 0.3443119014120349, 'Dg_D3_scale': 1.2107950428906398, 'Dv_D1_scale': 0.2376475884004945, 'Dv_D2_scale': 1.6623157568506164, 'b_bulk_scale': 3.0376052623240812, 'b_dislocation_scale': 0.14342979769020875, 'gb_scale': 6.834195591684413, 'gd_bubble_scale': 9.805517526616741, 'gd_line_scale': 0.4819819731356697, 'gd_line_alpha': 0.10532476755564567, 'coalescence_d_scale': 1.692345992659297, 'capture_scale': 0.014441542436305405}. Best is trial 356 with value: 2.4312251947833614.
[I 2026-05-03 18:37:13,177] Trial 473 finished with value: 2.6602230011581582 and parameters: {'rho_high_scale': 0.817006101173377, 'f_n': 1.1995842037954458e-06, 'K_d': 313564.87669903244, 'fission_rate': 7.54333953651464e+19, 'Dg_D1_scale': 0.40131866825092727, 'Dg_D3_scale': 1.7617157179218041, 'Dv_D1_scale': 0.2485388267788435, 'Dv_D2_scale': 1.8209854974027402, 'b_bulk_scale': 2.488611965846602, 'b_dislocation_scale': 0.16803054680290655, 'gb_scale': 5.695409679311507, 'gd_bubble_scale': 8.25516818835014, 'gd_line_scale': 0.44102095490127663, 'gd_line_alpha': 0.6556144900868254, 'coalescence_d_scale': 1.232772835829977, 'capture_scale': 0.012588017245733421}. Best is trial 356 with value: 2.4312251947833614.
