[I 2026-05-03 18:33:35,214] Trial 438 finished with value: 2.602702467763005 and parameters: {'rho_high_scale': 0.8216660860295353, 'f_n': 2.5339040526624914e-06, 'K_d': 383232.1867404354, 'fission_rate': 7.731978762330592e+19, 'Dg_D1_scale': 0.3369233845173726, 'Dg_D3_scale': 1.0853555279136233, 'Dv_D1_scale': 0.22243600384683931, 'Dv_D2_scale': 1.4969901157343604, 'b_bulk_scale': 2.455729635045406, 'b_dislocation_scale': 0.1960853008556299, 'gb_scale': 4.054993967754946, 'gd_bubble_scale': 7.171621439586693, 'gd_line_scale': 0.585925247189948, 'gd_line_alpha': 0.07279229482414441, 'coalescence_d_scale': 2.3545926695407213, 'capture_scale': 0.012610393994339452}. Best is trial 356 with value: 2.4312251947833614.
[I 2026-05-03 18:33:41,727] Trial 439 finished with value: 3.989931403147364 and parameters: {'rho_high_scale': 0.883883747464295, 'f_n': 5.104370249432626e-10, 'K_d': 330713.1854366791, 'fission_rate': 7.527500624320419e+19, 'Dg_D1_scale': 0.5227867077401294, 'Dg_D3_scale': 0.9106674226260167, 'Dv_D1_scale': 0.2577551526165667, 'Dv_D2_scale': 1.8307643522081545, 'b_bulk_scale': 2.3059847835509095, 'b_dislocation_scale': 0.215632645443343, 'gb_scale': 3.844416498671174, 'gd_bubble_scale': 8.267128125364069, 'gd_line_scale': 0.5174923461965046, 'gd_line_alpha': 0.034012349442697536, 'coalescence_d_scale': 1.8072724796362418, 'capture_scale': 0.01566447998630231}. Best is trial 356 with value: 2.4312251947833614.
[I 2026-05-03 18:33:46,206] Trial 440 finished with value: 2.933229713310963 and parameters: {'rho_high_scale': 0.8316354149766078, 'f_n': 2.0863236736011076e-06, 'K_d': 356685.95139758056, 'fission_rate': 7.661821088973134e+19, 'Dg_D1_scale': 0.23461319617243426, 'Dg_D3_scale': 1.0070761797955976, 'Dv_D1_scale': 0.3035522673770172, 'Dv_D2_scale': 1.6606647701485273, 'b_bulk_scale': 2.870833925630709, 'b_dislocation_scale': 0.17239440896999367, 'gb_scale': 3.6391545968082193, 'gd_bubble_scale': 8.96979464434484, 'gd_line_scale': 0.45141901480667, 'gd_line_alpha': 0.05691599289606561, 'coalescence_d_scale': 0.9235036184973866, 'capture_scale': 0.01130681808996448}. Best is trial 356 with value: 2.4312251947833614.
[I 2026-05-03 18:33:52,421] Trial 441 finished with value: 3.2828506863225004 and parameters: {'rho_high_scale': 0.9327248227554326, 'f_n': 2.998456041311287e-06, 'K_d': 308990.26999333396, 'fission_rate': 7.827468071024643e+19, 'Dg_D1_scale': 0.2934778738626092, 'Dg_D3_scale': 0.9386180312359426, 'Dv_D1_scale': 0.20044207659527338, 'Dv_D2_scale': 1.5443844650744036, 'b_bulk_scale': 2.135775355964532, 'b_dislocation_scale': 0.14251626060066555, 'gb_scale': 4.229533949857323, 'gd_bubble_scale': 0.10773887413108103, 'gd_line_scale': 0.6226145307921469, 'gd_line_alpha': 0.08287131821618801, 'coalescence_d_scale': 1.2115762604961484, 'capture_scale': 0.013912559829202186}. Best is trial 356 with value: 2.4312251947833614.
[I 2026-05-03 18:33:58,663] Trial 442 finished with value: 3.707666513588223 and parameters: {'rho_high_scale': 0.7991702197668211, 'f_n': 1.6562178224642253e-06, 'K_d': 356866.8097932149, 'fission_rate': 7.761137039475037e+19, 'Dg_D1_scale': 0.48878956929041023, 'Dg_D3_scale': 1.1030325744600882, 'Dv_D1_scale': 0.2190201844773606, 'Dv_D2_scale': 1.7501287442469227, 'b_bulk_scale': 2.601090587017089, 'b_dislocation_scale': 0.21075184753781845, 'gb_scale': 0.34629435855104523, 'gd_bubble_scale': 7.03788830084415, 'gd_line_scale': 0.5256595739103246, 'gd_line_alpha': 0.12426629957949316, 'coalescence_d_scale': 1.5582256023281666, 'capture_scale': 0.012412858305845167}. Best is trial 356 with value: 2.4312251947833614.
[I 2026-05-03 18:34:05,042] Trial 443 finished with value: 2.594038516224487 and parameters: {'rho_high_scale': 0.8693257874379666, 'f_n': 2.432695164107419e-06, 'K_d': 324068.9873171127, 'fission_rate': 7.6272978855561e+19, 'Dg_D1_scale': 0.4027856086965948, 'Dg_D3_scale': 1.0117057915904726, 'Dv_D1_scale': 0.290137631824422, 'Dv_D2_scale': 1.456323399879088, 'b_bulk_scale': 2.0063110728407234, 'b_dislocation_scale': 0.1843159598878263, 'gb_scale': 3.662530068171859, 'gd_bubble_scale': 8.097834313121242, 'gd_line_scale': 0.5037868555849122, 'gd_line_alpha': 0.04651180615477743, 'coalescence_d_scale': 2.087058836696042, 'capture_scale': 0.01013572062830817}. Best is trial 356 with value: 2.4312251947833614.
[I 2026-05-03 18:34:11,282] Trial 444 finished with value: 2.708153588880182 and parameters: {'rho_high_scale': 0.8364067582583811, 'f_n': 1.4898514268717448e-06, 'K_d': 366335.38941780315, 'fission_rate': 7.8408840892109e+19, 'Dg_D1_scale': 0.3218997847797775, 'Dg_D3_scale': 0.8959249418074192, 'Dv_D1_scale': 0.26537207271311297, 'Dv_D2_scale': 1.6140814347260468, 'b_bulk_scale': 2.2842517080064084, 'b_dislocation_scale': 0.15505295342619843, 'gb_scale': 5.755467113308165, 'gd_bubble_scale': 9.24245551211354, 'gd_line_scale': 0.5667494073801153, 'gd_line_alpha': 0.0875622981135511, 'coalescence_d_scale': 1.7493503382914648, 'capture_scale': 0.015389920603735322}. Best is trial 356 with value: 2.4312251947833614.Best trial: 356. Best value: 2.43123:  89%|████████▉ | 444/500 [47:25<05:41,  6.10s/it]Best trial: 356. Best value: 2.43123:  89%|████████▉ | 444/500 [47:25<05:41,  6.10s/it]Best trial: 356. Best value: 2.43123:  89%|████████▉ | 445/500 [47:25<05:37,  6.14s/it]                                                                                       Best trial: 356. Best value: 2.43123:  89%|████████▉ | 445/500 [47:30<05:37,  6.14s/it]Best trial: 356. Best value: 2.43123:  89%|████████▉ | 445/500 [47:30<05:37,  6.14s/it]Best trial: 356. Best value: 2.43123:  89%|████████▉ | 446/500 [47:30<05:04,  5.65s/it]                                                                                       Best trial: 356. Best value: 2.43123:  89%|████████▉ | 446/500 [47:36<05:04,  5.65s/it]Best trial: 356. Best value: 2.43123:  89%|████████▉ | 446/500 [47:36<05:04,  5.65s/it]Best trial: 356. Best value: 2.43123:  89%|████████▉ | 447/500 [47:36<05:12,  5.89s/it]                                                                                       Best trial: 356. Best value: 2.43123:  89%|████████▉ | 447/500 [47:42<05:12,  5.89s/it]Best trial: 356. Best value: 2.43123:  89%|████████▉ | 447/500 [47:43<05:12,  5.89s/it]Best trial: 356. Best value: 2.43123:  90%|████████▉ | 448/500 [47:43<05:13,  6.04s/it]                                                                                       Best trial: 356. Best value: 2.43123:  90%|████████▉ | 448/500 [47:49<05:13,  6.04s/it]Best trial: 356. Best value: 2.43123:  90%|████████▉ | 448/500 [47:49<05:13,  6.04s/it]Best trial: 356. Best value: 2.43123:  90%|████████▉ | 449/500 [47:49<05:14,  6.16s/it]                                                                                       Best trial: 356. Best value: 2.43123:  90%|████████▉ | 449/500 [47:55<05:14,  6.16s/it]Best trial: 356. Best value: 2.43123:  90%|████████▉ | 449/500 [47:56<05:14,  6.16s/it]Best trial: 356. Best value: 2.43123:  90%|█████████ | 450/500 [47:56<05:13,  6.28s/it]                                                                                       Best trial: 356. Best value: 2.43123:  90%|█████████ | 450/500 [48:00<05:13,  6.28s/it]Best trial: 356. Best value: 2.43123:  90%|█████████ | 450/500 [48:00<05:13,  6.28s/it]Best trial: 356. Best value: 2.43123:  90%|█████████ | 451/500 [48:00<04:43,  5.78s/it]                                                                                       Best trial: 356. Best value: 2.43123:  90%|█████████ | 451/500 [48:07<04:43,  5.78s/it]Best trial: 356. Best value: 2.43123:  90%|█████████ | 451/500 [48:07<04:43,  5.78s/it]Best trial: 356. Best value: 2.43123:  90%|█████████ | 452/500 [48:07<04:49,  6.04s/it]                                                                                       Best trial: 356. Best value: 2.43123:  90%|█████████ | 452/500 [48:13<04:49,  6.04s/it]Best trial: 356. Best value: 2.43123:  90%|█████████ | 452/500 [48:13<04:49,  6.04s/it]Best trial: 356. Best value: 2.43123:  91%|█████████ | 453/500 [48:13<04:49,  6.16s/it]                                                                                       Best trial: 356. Best value: 2.43123:  91%|█████████ | 453/500 [48:20<04:49,  6.16s/it]Best trial: 356. Best value: 2.43123:  91%|█████████ | 453/500 [48:20<04:49,  6.16s/it]Best trial: 356. Best value: 2.43123:  91%|█████████ | 454/500 [48:20<04:48,  6.26s/it]                                                                                       Best trial: 356. Best value: 2.43123:  91%|█████████ | 454/500 [48:26<04:48,  6.26s/it]Best trial: 356. Best value: 2.43123:  91%|█████████ | 454/500 [48:26<04:48,  6.26s/it]Best trial: 356. Best value: 2.43123:  91%|█████████ | 455/500 [48:26<04:44,  6.31s/it]                                                                                       Best trial: 356. Best value: 2.43123:  91%|█████████ | 455/500 [48:31<04:44,  6.31s/it]Best trial: 356. Best value: 2.43123:  91%|█████████ | 455/500 [48:31<04:44,  6.31s/it]Best trial: 356. Best value: 2.43123:  91%|█████████ | 456/500 [48:31<04:14,  5.79s/it]                                                                                       
[I 2026-05-03 18:34:15,777] Trial 445 finished with value: 2.7928695642978183 and parameters: {'rho_high_scale': 0.8998907739273018, 'f_n': 2.024716858349478e-06, 'K_d': 317440.35765672446, 'fission_rate': 7.716879124014055e+19, 'Dg_D1_scale': 0.2564011430967594, 'Dg_D3_scale': 0.9825264488229489, 'Dv_D1_scale': 0.22871761404523522, 'Dv_D2_scale': 1.3212381858866455, 'b_bulk_scale': 1.8988975569672395, 'b_dislocation_scale': 0.17174748928442302, 'gb_scale': 4.843106051227454, 'gd_bubble_scale': 9.9837116421637, 'gd_line_scale': 0.9137776720647807, 'gd_line_alpha': 0.023280679042489386, 'coalescence_d_scale': 1.9316945413697397, 'capture_scale': 0.01369792266093665}. Best is trial 356 with value: 2.4312251947833614.
[I 2026-05-03 18:34:22,243] Trial 446 finished with value: 2.5576866945832633 and parameters: {'rho_high_scale': 0.7918393508739818, 'f_n': 2.9930949187454815e-06, 'K_d': 331351.98457909055, 'fission_rate': 7.548945155895239e+19, 'Dg_D1_scale': 0.3055316157941098, 'Dg_D3_scale': 1.0834761735111904, 'Dv_D1_scale': 0.30519905156872984, 'Dv_D2_scale': 1.7191762333761191, 'b_bulk_scale': 2.991703061826511, 'b_dislocation_scale': 0.21194333504642973, 'gb_scale': 4.18061956174114, 'gd_bubble_scale': 7.756841471737407, 'gd_line_scale': 0.44392926402377997, 'gd_line_alpha': 0.070403720424298, 'coalescence_d_scale': 1.4634915073486114, 'capture_scale': 0.011770099675331441}. Best is trial 356 with value: 2.4312251947833614.
[I 2026-05-03 18:34:28,616] Trial 447 finished with value: 2.5482979531812386 and parameters: {'rho_high_scale': 0.7943323117204472, 'f_n': 1.6833442902034471e-06, 'K_d': 334144.77658171963, 'fission_rate': 7.594977349054937e+19, 'Dg_D1_scale': 0.3082532277407362, 'Dg_D3_scale': 1.2131718284299735, 'Dv_D1_scale': 0.21384041537452625, 'Dv_D2_scale': 1.862101137591574, 'b_bulk_scale': 3.030664845519172, 'b_dislocation_scale': 0.21365714685081752, 'gb_scale': 4.390655718207009, 'gd_bubble_scale': 7.074146056690158, 'gd_line_scale': 0.4442636813614687, 'gd_line_alpha': 0.07096405170921571, 'coalescence_d_scale': 1.5484190455539004, 'capture_scale': 0.011204222663661181}. Best is trial 356 with value: 2.4312251947833614.
[I 2026-05-03 18:34:35,059] Trial 448 finished with value: 3.2579247120950257 and parameters: {'rho_high_scale': 0.7955783191203688, 'f_n': 2.5581742609312875e-06, 'K_d': 329844.4181685122, 'fission_rate': 7.561265345538433e+19, 'Dg_D1_scale': 0.3092678652709132, 'Dg_D3_scale': 1.1656720889097425, 'Dv_D1_scale': 0.21739885708331477, 'Dv_D2_scale': 1.7162134618829605, 'b_bulk_scale': 3.8862627451915874, 'b_dislocation_scale': 0.21719286110706684, 'gb_scale': 0.9754203734733169, 'gd_bubble_scale': 6.889026375986399, 'gd_line_scale': 0.4337044796474249, 'gd_line_alpha': 0.06251868404512714, 'coalescence_d_scale': 1.4597576347188501, 'capture_scale': 0.010061733239529}. Best is trial 356 with value: 2.4312251947833614.
[I 2026-05-03 18:34:41,621] Trial 449 finished with value: 2.5411845419152472 and parameters: {'rho_high_scale': 0.7997337049574186, 'f_n': 1.9298250893442143e-06, 'K_d': 332385.3838902541, 'fission_rate': 7.535232526855804e+19, 'Dg_D1_scale': 0.37935252309765644, 'Dg_D3_scale': 1.2028751076193722, 'Dv_D1_scale': 0.22882346999331318, 'Dv_D2_scale': 1.5826197200479217, 'b_bulk_scale': 2.790241890576889, 'b_dislocation_scale': 0.2132064424951046, 'gb_scale': 5.225810496096304, 'gd_bubble_scale': 7.803212522127845, 'gd_line_scale': 0.44101207435756257, 'gd_line_alpha': 0.044483989848471475, 'coalescence_d_scale': 1.2795647061841944, 'capture_scale': 0.011447688957089272}. Best is trial 356 with value: 2.4312251947833614.
[I 2026-05-03 18:34:46,237] Trial 450 finished with value: 3.9551638276057988 and parameters: {'rho_high_scale': 0.8131584789505742, 'f_n': 2.9979479005040352e-06, 'K_d': 333185.6952223277, 'fission_rate': 7.566535646525168e+19, 'Dg_D1_scale': 0.34466261079011434, 'Dg_D3_scale': 1.214514480032073, 'Dv_D1_scale': 0.2308583344514222, 'Dv_D2_scale': 1.5465266432163038, 'b_bulk_scale': 3.0450063124905147, 'b_dislocation_scale': 0.21737691087451366, 'gb_scale': 6.275749702909646, 'gd_bubble_scale': 0.22271026642351846, 'gd_line_scale': 0.4547737685724416, 'gd_line_alpha': 0.02083953783807798, 'coalescence_d_scale': 1.1546423819446265, 'capture_scale': 0.012193944907471103}. Best is trial 356 with value: 2.4312251947833614.
[I 2026-05-03 18:34:52,841] Trial 451 finished with value: 2.622241579352759 and parameters: {'rho_high_scale': 0.8616169162196303, 'f_n': 1.8658596547715945e-06, 'K_d': 322866.58179468784, 'fission_rate': 7.509094890557071e+19, 'Dg_D1_scale': 0.4162993265921603, 'Dg_D3_scale': 1.2569719387735958, 'Dv_D1_scale': 0.21208407147871944, 'Dv_D2_scale': 1.6116045046513294, 'b_bulk_scale': 3.4583711294209767, 'b_dislocation_scale': 0.19570804157788899, 'gb_scale': 5.435796456351959, 'gd_bubble_scale': 7.774874958048766, 'gd_line_scale': 0.4985927149550058, 'gd_line_alpha': 0.052815281882360884, 'coalescence_d_scale': 1.289494296928417, 'capture_scale': 0.011463364899567133}. Best is trial 356 with value: 2.4312251947833614.
[I 2026-05-03 18:34:59,324] Trial 452 finished with value: 2.5692972224558597 and parameters: {'rho_high_scale': 0.7955790086828413, 'f_n': 1.6367857340723178e-06, 'K_d': 333123.663185462, 'fission_rate': 7.570065288877747e+19, 'Dg_D1_scale': 0.43885792717090194, 'Dg_D3_scale': 1.2131172181300427, 'Dv_D1_scale': 0.24352695593446702, 'Dv_D2_scale': 1.47169150489317, 'b_bulk_scale': 2.836340705279986, 'b_dislocation_scale': 0.21674210295081434, 'gb_scale': 5.335368373655689, 'gd_bubble_scale': 7.076877072259575, 'gd_line_scale': 0.6496073090285032, 'gd_line_alpha': 0.03686939777115721, 'coalescence_d_scale': 1.5025298209222393, 'capture_scale': 0.01143224362085926}. Best is trial 356 with value: 2.4312251947833614.
[I 2026-05-03 18:35:05,831] Trial 453 finished with value: 2.6104929528898926 and parameters: {'rho_high_scale': 0.8005164438360101, 'f_n': 2.0177491533725692e-06, 'K_d': 333896.54367872834, 'fission_rate': 7.506613419883625e+19, 'Dg_D1_scale': 0.38203055743735514, 'Dg_D3_scale': 1.3567127112980353, 'Dv_D1_scale': 0.245763932531321, 'Dv_D2_scale': 1.4573834305731466, 'b_bulk_scale': 3.160777163715784, 'b_dislocation_scale': 0.2192610406715776, 'gb_scale': 6.491538463054973, 'gd_bubble_scale': 6.8753172078369715, 'gd_line_scale': 0.6395515385738978, 'gd_line_alpha': 0.030169880123359156, 'coalescence_d_scale': 1.6265688146598754, 'capture_scale': 0.011427525213690197}. Best is trial 356 with value: 2.4312251947833614.
[I 2026-05-03 18:35:12,264] Trial 454 finished with value: 3.4238260944049608 and parameters: {'rho_high_scale': 0.8517672888410985, 'f_n': 1.6793910337670757e-06, 'K_d': 337177.94130024564, 'fission_rate': 7.567827690039751e+19, 'Dg_D1_scale': 0.42996375240360907, 'Dg_D3_scale': 1.3984894866007997, 'Dv_D1_scale': 0.2433761505734173, 'Dv_D2_scale': 1.5082384528993564, 'b_bulk_scale': 2.997200859236467, 'b_dislocation_scale': 0.22029412334739665, 'gb_scale': 5.847091697303621, 'gd_bubble_scale': 7.548999252485232, 'gd_line_scale': 0.7364136094561943, 'gd_line_alpha': 0.0006575260503783181, 'coalescence_d_scale': 6.256736163825947, 'capture_scale': 5.785421531073628}. Best is trial 356 with value: 2.4312251947833614.
[I 2026-05-03 18:35:16,841] Trial 455 finished with value: 2.6454904282796825 and parameters: {'rho_high_scale': 0.8295269052275726, 'f_n': 2.1040842211043152e-06, 'K_d': 331103.8955478962, 'fission_rate': 7.506701377079516e+19, 'Dg_D1_scale': 0.37097161719117466, 'Dg_D3_scale': 1.140789986263578, 'Dv_D1_scale': 0.22709677469015002, 'Dv_D2_scale': 1.4022550514806675, 'b_bulk_scale': 2.837528513556679, 'b_dislocation_scale': 0.1928078874049351, 'gb_scale': 7.076826430901521, 'gd_bubble_scale': 6.7059600701285325, 'gd_line_scale': 0.7885167324829803, 'gd_line_alpha': 0.03912809034422647, 'coalescence_d_scale': 1.473396602826126, 'capture_scale': 0.011233198030192366}. Best is trial 356 with value: 2.4312251947833614.
