[I 2026-05-03 18:26:21,794] Trial 366 finished with value: 2.5855790307991113 and parameters: {'rho_high_scale': 0.8302285049354277, 'f_n': 2.5463775489602806e-06, 'K_d': 365780.6910512359, 'fission_rate': 7.713802995305264e+19, 'Dg_D1_scale': 0.25191650047751357, 'Dg_D3_scale': 0.8946408073489288, 'Dv_D1_scale': 0.288288198406764, 'Dv_D2_scale': 1.3587549012790097, 'b_bulk_scale': 1.9921892833776078, 'b_dislocation_scale': 0.17067499732855876, 'gb_scale': 3.976451718933815, 'gd_bubble_scale': 9.28112648565437, 'gd_line_scale': 0.5253521729581142, 'gd_line_alpha': 0.09274807916715751, 'coalescence_d_scale': 2.012229796775894, 'capture_scale': 0.012889356680656877}. Best is trial 356 with value: 2.4312251947833614.
[I 2026-05-03 18:26:28,099] Trial 367 finished with value: 2.7927352904847287 and parameters: {'rho_high_scale': 0.867430556232601, 'f_n': 2.680956128620655e-06, 'K_d': 368130.6561247387, 'fission_rate': 7.658565454650722e+19, 'Dg_D1_scale': 0.25544272466937035, 'Dg_D3_scale': 0.8789481426400549, 'Dv_D1_scale': 0.27038524196188907, 'Dv_D2_scale': 1.3077420694791122, 'b_bulk_scale': 2.091823332331919, 'b_dislocation_scale': 0.1579876634098033, 'gb_scale': 3.9476750332590593, 'gd_bubble_scale': 9.03081209849464, 'gd_line_scale': 0.6718134814241797, 'gd_line_alpha': 0.052094183440347955, 'coalescence_d_scale': 1.9254318815227145, 'capture_scale': 0.012581567521028993}. Best is trial 356 with value: 2.4312251947833614.
[I 2026-05-03 18:26:34,352] Trial 368 finished with value: 2.690109495565369 and parameters: {'rho_high_scale': 0.8407922206607575, 'f_n': 1.7663078575912855e-06, 'K_d': 361576.0860189835, 'fission_rate': 7.729871506816983e+19, 'Dg_D1_scale': 0.24639043280954898, 'Dg_D3_scale': 0.9040947042361567, 'Dv_D1_scale': 0.25178380132280637, 'Dv_D2_scale': 1.5538921138045187, 'b_bulk_scale': 1.8880691799536409, 'b_dislocation_scale': 0.1623660087787761, 'gb_scale': 3.9524456260362935, 'gd_bubble_scale': 9.657301305751666, 'gd_line_scale': 0.5737462146475275, 'gd_line_alpha': 0.09000792728555236, 'coalescence_d_scale': 2.4511083342049416, 'capture_scale': 0.010012309609866588}. Best is trial 356 with value: 2.4312251947833614.
[I 2026-05-03 18:26:38,717] Trial 369 finished with value: 2.5677640224950604 and parameters: {'rho_high_scale': 0.8271736216066544, 'f_n': 2.300966856185221e-06, 'K_d': 346044.82778816007, 'fission_rate': 7.756114515828515e+19, 'Dg_D1_scale': 0.27449413573882153, 'Dg_D3_scale': 0.9556711759696247, 'Dv_D1_scale': 0.28845241234639085, 'Dv_D2_scale': 1.435683644333708, 'b_bulk_scale': 1.825973077260726, 'b_dislocation_scale': 0.1760948757846455, 'gb_scale': 4.163867238737383, 'gd_bubble_scale': 8.382889051190233, 'gd_line_scale': 0.5091180693323271, 'gd_line_alpha': 0.10015865266827387, 'coalescence_d_scale': 1.7850565363392659, 'capture_scale': 0.01329934358516719}. Best is trial 356 with value: 2.4312251947833614.
[I 2026-05-03 18:26:44,952] Trial 370 finished with value: 2.6420463242876853 and parameters: {'rho_high_scale': 0.8810073425119187, 'f_n': 2.2877207968038374e-06, 'K_d': 345973.85410417314, 'fission_rate': 7.734341713493377e+19, 'Dg_D1_scale': 0.24320403773118351, 'Dg_D3_scale': 0.9729954136751217, 'Dv_D1_scale': 0.28442460675666364, 'Dv_D2_scale': 1.3956505812972009, 'b_bulk_scale': 1.812654898672258, 'b_dislocation_scale': 0.16713856624586915, 'gb_scale': 3.9274135693578747, 'gd_bubble_scale': 9.988644550967889, 'gd_line_scale': 0.5150091382982712, 'gd_line_alpha': 0.0594486818520425, 'coalescence_d_scale': 1.8294052552604272, 'capture_scale': 0.01373406651754533}. Best is trial 356 with value: 2.4312251947833614.
[I 2026-05-03 18:26:51,280] Trial 371 finished with value: 2.5918572498149257 and parameters: {'rho_high_scale': 0.8252420311545712, 'f_n': 2.959823658066127e-06, 'K_d': 336080.99101629556, 'fission_rate': 7.65451645168689e+19, 'Dg_D1_scale': 0.2952561975425154, 'Dg_D3_scale': 1.0589695879641383, 'Dv_D1_scale': 0.2954228456965247, 'Dv_D2_scale': 1.5043266895328786, 'b_bulk_scale': 1.9906297955367047, 'b_dislocation_scale': 0.18578231983365906, 'gb_scale': 4.157243038735591, 'gd_bubble_scale': 8.610192982842191, 'gd_line_scale': 0.5989957046298808, 'gd_line_alpha': 0.09538100161139791, 'coalescence_d_scale': 1.4974984710952253, 'capture_scale': 0.011739462862635767}. Best is trial 356 with value: 2.4312251947833614.
[I 2026-05-03 18:27:01,334] Trial 372 finished with value: 2.8966554177319304 and parameters: {'rho_high_scale': 0.9627876069526266, 'f_n': 2.7918275003669918e-06, 'K_d': 334130.30812423077, 'fission_rate': 4.5648139475858145e+19, 'Dg_D1_scale': 0.26951290988828536, 'Dg_D3_scale': 0.92744658427532, 'Dv_D1_scale': 0.29837758799831093, 'Dv_D2_scale': 1.4889690332230667, 'b_bulk_scale': 2.082029799437528, 'b_dislocation_scale': 0.18256869047005322, 'gb_scale': 4.126356924099878, 'gd_bubble_scale': 8.640924762938617, 'gd_line_scale': 0.5611049455409989, 'gd_line_alpha': 0.08499359709908623, 'coalescence_d_scale': 1.4314589302297342, 'capture_scale': 0.011648406623728652}. Best is trial 356 with value: 2.4312251947833614.Best trial: 356. Best value: 2.43123:  74%|███████▍  | 372/500 [40:15<12:43,  5.97s/it]Best trial: 356. Best value: 2.43123:  74%|███████▍  | 372/500 [40:15<12:43,  5.97s/it]Best trial: 356. Best value: 2.43123:  75%|███████▍  | 373/500 [40:15<15:13,  7.20s/it]                                                                                       Best trial: 356. Best value: 2.43123:  75%|███████▍  | 373/500 [40:22<15:13,  7.20s/it]Best trial: 356. Best value: 2.43123:  75%|███████▍  | 373/500 [40:22<15:13,  7.20s/it]Best trial: 356. Best value: 2.43123:  75%|███████▍  | 374/500 [40:22<14:48,  7.06s/it]                                                                                       Best trial: 356. Best value: 2.43123:  75%|███████▍  | 374/500 [40:26<14:48,  7.06s/it]Best trial: 356. Best value: 2.43123:  75%|███████▍  | 374/500 [40:26<14:48,  7.06s/it]Best trial: 356. Best value: 2.43123:  75%|███████▌  | 375/500 [40:26<13:04,  6.28s/it]                                                                                       Best trial: 356. Best value: 2.43123:  75%|███████▌  | 375/500 [40:33<13:04,  6.28s/it]Best trial: 356. Best value: 2.43123:  75%|███████▌  | 375/500 [40:33<13:04,  6.28s/it]Best trial: 356. Best value: 2.43123:  75%|███████▌  | 376/500 [40:33<13:01,  6.30s/it]                                                                                       Best trial: 356. Best value: 2.43123:  75%|███████▌  | 376/500 [40:39<13:01,  6.30s/it]Best trial: 356. Best value: 2.43123:  75%|███████▌  | 376/500 [40:39<13:01,  6.30s/it]Best trial: 356. Best value: 2.43123:  75%|███████▌  | 377/500 [40:39<12:59,  6.34s/it]                                                                                       Best trial: 356. Best value: 2.43123:  75%|███████▌  | 377/500 [40:46<12:59,  6.34s/it]Best trial: 356. Best value: 2.43123:  75%|███████▌  | 377/500 [40:46<12:59,  6.34s/it]Best trial: 356. Best value: 2.43123:  76%|███████▌  | 378/500 [40:46<12:52,  6.33s/it]                                                                                       Best trial: 356. Best value: 2.43123:  76%|███████▌  | 378/500 [40:52<12:52,  6.33s/it]Best trial: 356. Best value: 2.43123:  76%|███████▌  | 378/500 [40:52<12:52,  6.33s/it]Best trial: 356. Best value: 2.43123:  76%|███████▌  | 379/500 [40:52<12:49,  6.36s/it]                                                                                       Best trial: 356. Best value: 2.43123:  76%|███████▌  | 379/500 [40:56<12:49,  6.36s/it]Best trial: 356. Best value: 2.43123:  76%|███████▌  | 379/500 [40:56<12:49,  6.36s/it]Best trial: 356. Best value: 2.43123:  76%|███████▌  | 380/500 [40:56<11:34,  5.78s/it]                                                                                       Best trial: 356. Best value: 2.43123:  76%|███████▌  | 380/500 [41:03<11:34,  5.78s/it]Best trial: 356. Best value: 2.43123:  76%|███████▌  | 380/500 [41:03<11:34,  5.78s/it]Best trial: 356. Best value: 2.43123:  76%|███████▌  | 381/500 [41:03<11:47,  5.95s/it]                                                                                       Best trial: 356. Best value: 2.43123:  76%|███████▌  | 381/500 [41:09<11:47,  5.95s/it]Best trial: 356. Best value: 2.43123:  76%|███████▌  | 381/500 [41:09<11:47,  5.95s/it]Best trial: 356. Best value: 2.43123:  76%|███████▋  | 382/500 [41:09<11:54,  6.06s/it]                                                                                       Best trial: 356. Best value: 2.43123:  76%|███████▋  | 382/500 [41:15<11:54,  6.06s/it]Best trial: 356. Best value: 2.43123:  76%|███████▋  | 382/500 [41:15<11:54,  6.06s/it]Best trial: 356. Best value: 2.43123:  77%|███████▋  | 383/500 [41:15<11:59,  6.15s/it]                                                                                       Best trial: 356. Best value: 2.43123:  77%|███████▋  | 383/500 [41:22<11:59,  6.15s/it]Best trial: 356. Best value: 2.43123:  77%|███████▋  | 383/500 [41:22<11:59,  6.15s/it]Best trial: 356. Best value: 2.43123:  77%|███████▋  | 384/500 [41:22<11:58,  6.19s/it]                                                                                       
[I 2026-05-03 18:27:07,962] Trial 373 finished with value: 2.7397367086439264 and parameters: {'rho_high_scale': 0.916781093769592, 'f_n': 2.209901864402068e-06, 'K_d': 353420.27823563636, 'fission_rate': 7.662024240906935e+19, 'Dg_D1_scale': 0.2976808100550101, 'Dg_D3_scale': 0.9862009645358483, 'Dv_D1_scale': 0.2421081557957621, 'Dv_D2_scale': 1.6482505972409123, 'b_bulk_scale': 1.9694029362040444, 'b_dislocation_scale': 0.16812373710440648, 'gb_scale': 4.122100390457393, 'gd_bubble_scale': 8.851797898980267, 'gd_line_scale': 0.6145389924935348, 'gd_line_alpha': 0.0969773650900907, 'coalescence_d_scale': 2.0599369403032797, 'capture_scale': 0.012605044940135913}. Best is trial 356 with value: 2.4312251947833614.
[I 2026-05-03 18:27:12,538] Trial 374 finished with value: 2.596622821748321 and parameters: {'rho_high_scale': 0.8517923953016671, 'f_n': 2.978519860873518e-06, 'K_d': 341672.8514541103, 'fission_rate': 7.640758826671314e+19, 'Dg_D1_scale': 0.28185568091648006, 'Dg_D3_scale': 0.8953660276576455, 'Dv_D1_scale': 0.22063751133377005, 'Dv_D2_scale': 1.3915302279034207, 'b_bulk_scale': 2.1968186779592886, 'b_dislocation_scale': 0.1923668745863922, 'gb_scale': 4.426705223732995, 'gd_bubble_scale': 8.224957688051063, 'gd_line_scale': 0.4950733972801683, 'gd_line_alpha': 0.10499776061565598, 'coalescence_d_scale': 1.303670700704933, 'capture_scale': 0.01421897590005156}. Best is trial 356 with value: 2.4312251947833614.
[I 2026-05-03 18:27:18,886] Trial 375 finished with value: 2.593434544594545 and parameters: {'rho_high_scale': 0.8383528244505571, 'f_n': 2.93237923478234e-06, 'K_d': 341118.1464745434, 'fission_rate': 7.628091154559358e+19, 'Dg_D1_scale': 0.2783574486164173, 'Dg_D3_scale': 1.0639351210053103, 'Dv_D1_scale': 0.2132094922047012, 'Dv_D2_scale': 1.4416513322443814, 'b_bulk_scale': 2.166187701310531, 'b_dislocation_scale': 0.18695517758390126, 'gb_scale': 4.741913423655157, 'gd_bubble_scale': 8.207281387374191, 'gd_line_scale': 0.5149078828938094, 'gd_line_alpha': 0.11026399965884909, 'coalescence_d_scale': 1.6782189748027407, 'capture_scale': 0.011150911924424323}. Best is trial 356 with value: 2.4312251947833614.
[I 2026-05-03 18:27:25,327] Trial 376 finished with value: 2.703841544822623 and parameters: {'rho_high_scale': 0.8920403696546619, 'f_n': 2.927588221300237e-06, 'K_d': 320534.42161525215, 'fission_rate': 7.628643023936918e+19, 'Dg_D1_scale': 0.2798365388520983, 'Dg_D3_scale': 0.9100042750882672, 'Dv_D1_scale': 0.2162723332804177, 'Dv_D2_scale': 1.356961012764684, 'b_bulk_scale': 2.203415563281936, 'b_dislocation_scale': 0.1579507298831256, 'gb_scale': 4.712489455007547, 'gd_bubble_scale': 8.179815966447888, 'gd_line_scale': 0.6905635079809209, 'gd_line_alpha': 0.06458909385532632, 'coalescence_d_scale': 1.2155322805866702, 'capture_scale': 0.010037909830520251}. Best is trial 356 with value: 2.4312251947833614.
[I 2026-05-03 18:27:31,632] Trial 377 finished with value: 2.5649409062423048 and parameters: {'rho_high_scale': 0.8667657518789984, 'f_n': 2.3858909259303724e-06, 'K_d': 338596.28600964707, 'fission_rate': 7.655839382578509e+19, 'Dg_D1_scale': 0.33177665724354416, 'Dg_D3_scale': 0.9636506044740267, 'Dv_D1_scale': 0.22400993401881972, 'Dv_D2_scale': 1.4289571319208243, 'b_bulk_scale': 1.961958537930581, 'b_dislocation_scale': 0.18582846342747147, 'gb_scale': 4.557657284079959, 'gd_bubble_scale': 9.989732984685133, 'gd_line_scale': 0.6042388358233814, 'gd_line_alpha': 0.1060066622267693, 'coalescence_d_scale': 1.6724056175220512, 'capture_scale': 0.011271968061172354}. Best is trial 356 with value: 2.4312251947833614.
[I 2026-05-03 18:27:38,049] Trial 378 finished with value: 2.6426082591691946 and parameters: {'rho_high_scale': 0.9263149802940899, 'f_n': 2.998058582926061e-06, 'K_d': 339603.45893599896, 'fission_rate': 7.615532823239403e+19, 'Dg_D1_scale': 0.3293058887331079, 'Dg_D3_scale': 0.9621198359263669, 'Dv_D1_scale': 0.26638509597190047, 'Dv_D2_scale': 1.4459025545129647, 'b_bulk_scale': 2.0781851599322696, 'b_dislocation_scale': 0.18099772703269934, 'gb_scale': 4.787859256499179, 'gd_bubble_scale': 9.07363972023484, 'gd_line_scale': 0.6115995539683261, 'gd_line_alpha': 0.10662400472983624, 'coalescence_d_scale': 1.6833886459165133, 'capture_scale': 0.011456409155120983}. Best is trial 356 with value: 2.4312251947833614.
[I 2026-05-03 18:27:42,502] Trial 379 finished with value: 2.5513414802798993 and parameters: {'rho_high_scale': 0.8496708500829208, 'f_n': 2.3303984058796473e-06, 'K_d': 331747.23254686804, 'fission_rate': 7.656304905219015e+19, 'Dg_D1_scale': 0.34556788013423, 'Dg_D3_scale': 0.8757714900922007, 'Dv_D1_scale': 0.22350296046806523, 'Dv_D2_scale': 1.5381337551693668, 'b_bulk_scale': 2.110746294557784, 'b_dislocation_scale': 0.19109943256073145, 'gb_scale': 4.449452699212064, 'gd_bubble_scale': 9.986301401479363, 'gd_line_scale': 0.5611886079687758, 'gd_line_alpha': 0.08533048102438356, 'coalescence_d_scale': 1.399186161241795, 'capture_scale': 0.011192196872568358}. Best is trial 356 with value: 2.4312251947833614.
[I 2026-05-03 18:27:48,832] Trial 380 finished with value: 2.744078372724142 and parameters: {'rho_high_scale': 0.8561848930277576, 'f_n': 2.419309518287087e-06, 'K_d': 335980.9342151745, 'fission_rate': 7.642063707061435e+19, 'Dg_D1_scale': 0.32252043317311097, 'Dg_D3_scale': 0.8788980568014968, 'Dv_D1_scale': 0.2132019272656136, 'Dv_D2_scale': 1.5562507921511326, 'b_bulk_scale': 2.211323949123205, 'b_dislocation_scale': 0.1591513912531879, 'gb_scale': 4.595028261586852, 'gd_bubble_scale': 9.656517987772881, 'gd_line_scale': 0.6946989182795243, 'gd_line_alpha': 0.08265300804566648, 'coalescence_d_scale': 1.5183178634088588, 'capture_scale': 0.01014025859609385}. Best is trial 356 with value: 2.4312251947833614.
[I 2026-05-03 18:27:55,135] Trial 381 finished with value: 2.6011080474447152 and parameters: {'rho_high_scale': 0.8880270594798997, 'f_n': 2.04673122614297e-06, 'K_d': 329984.7467927323, 'fission_rate': 7.682326955491346e+19, 'Dg_D1_scale': 0.36559874426369166, 'Dg_D3_scale': 0.9047139670285207, 'Dv_D1_scale': 0.2003599244265419, 'Dv_D2_scale': 1.353237006034673, 'b_bulk_scale': 1.928650267234972, 'b_dislocation_scale': 0.18450633412224282, 'gb_scale': 4.472782263457229, 'gd_bubble_scale': 9.864686383349277, 'gd_line_scale': 0.6083717110156721, 'gd_line_alpha': 0.028993409398497157, 'coalescence_d_scale': 1.3340350235532799, 'capture_scale': 0.011339222926164919}. Best is trial 356 with value: 2.4312251947833614.
[I 2026-05-03 18:28:01,500] Trial 382 finished with value: 2.7228096819974934 and parameters: {'rho_high_scale': 0.9360356539476004, 'f_n': 1.9602092529330224e-06, 'K_d': 346851.8663614096, 'fission_rate': 7.607978913550264e+19, 'Dg_D1_scale': 0.3552256542427236, 'Dg_D3_scale': 0.9085937622580558, 'Dv_D1_scale': 0.2045243753793692, 'Dv_D2_scale': 1.3189308880442963, 'b_bulk_scale': 2.195436618522667, 'b_dislocation_scale': 0.1791211554924197, 'gb_scale': 4.832307997448923, 'gd_bubble_scale': 9.97697565619352, 'gd_line_scale': 0.6105259938324491, 'gd_line_alpha': 0.027349547172176858, 'coalescence_d_scale': 1.2993354199954865, 'capture_scale': 0.012152048395312604}. Best is trial 356 with value: 2.4312251947833614.
[I 2026-05-03 18:28:07,795] Trial 383 finished with value: 2.5703562231907084 and parameters: {'rho_high_scale': 0.8805258613532193, 'f_n': 2.3286903775661987e-06, 'K_d': 327904.287596563, 'fission_rate': 7.693831303645974e+19, 'Dg_D1_scale': 0.2721150265465751, 'Dg_D3_scale': 1.0091936473866867, 'Dv_D1_scale': 0.20186411682416716, 'Dv_D2_scale': 1.3916421301238648, 'b_bulk_scale': 1.9454698454701027, 'b_dislocation_scale': 0.19057742458802124, 'gb_scale': 4.258487228883236, 'gd_bubble_scale': 8.86190112712311, 'gd_line_scale': 0.5425854775226676, 'gd_line_alpha': 0.043875277394218225, 'coalescence_d_scale': 1.498355143459642, 'capture_scale': 0.011316111252009776}. Best is trial 356 with value: 2.4312251947833614.
