[I 2026-05-03 18:30:02,293] Trial 402 finished with value: 2.747831785790274 and parameters: {'rho_high_scale': 0.8248645290825892, 'f_n': 1.5497966956125246e-06, 'K_d': 324289.1785348188, 'fission_rate': 7.570373899240867e+19, 'Dg_D1_scale': 0.24048724531128146, 'Dg_D3_scale': 1.2012127200439855, 'Dv_D1_scale': 0.2642432113408133, 'Dv_D2_scale': 1.4276443296128338, 'b_bulk_scale': 2.48092399971376, 'b_dislocation_scale': 0.1623680733126952, 'gb_scale': 5.033241840827776, 'gd_bubble_scale': 9.995422571828142, 'gd_line_scale': 0.48970876232353416, 'gd_line_alpha': 0.05439579180724428, 'coalescence_d_scale': 1.2480825562983053, 'capture_scale': 0.010043013896154262}. Best is trial 356 with value: 2.4312251947833614.
[I 2026-05-03 18:30:08,790] Trial 403 finished with value: 2.627015263729396 and parameters: {'rho_high_scale': 0.8622807792243765, 'f_n': 2.0133418716528585e-06, 'K_d': 336908.70447642787, 'fission_rate': 7.764316371582427e+19, 'Dg_D1_scale': 0.2650334044355296, 'Dg_D3_scale': 0.8846298780982013, 'Dv_D1_scale': 0.23654542906718182, 'Dv_D2_scale': 1.5214289927449804, 'b_bulk_scale': 2.0464904479604082, 'b_dislocation_scale': 0.19995087057381583, 'gb_scale': 4.283008495577476, 'gd_bubble_scale': 7.338353080074988, 'gd_line_scale': 0.5657021999668204, 'gd_line_alpha': 0.09837441895536242, 'coalescence_d_scale': 1.7126865781792568, 'capture_scale': 0.012584913259847383}. Best is trial 356 with value: 2.4312251947833614.
[I 2026-05-03 18:30:13,263] Trial 404 finished with value: 2.535680671153078 and parameters: {'rho_high_scale': 0.8196845948426387, 'f_n': 2.433634632948932e-06, 'K_d': 347409.21807817154, 'fission_rate': 7.662162126083568e+19, 'Dg_D1_scale': 0.2551775852685576, 'Dg_D3_scale': 0.9832911834393665, 'Dv_D1_scale': 0.20198492993416162, 'Dv_D2_scale': 1.4160440603046145, 'b_bulk_scale': 2.2544951344538258, 'b_dislocation_scale': 0.17950824591845901, 'gb_scale': 4.085763787119032, 'gd_bubble_scale': 8.799703340439146, 'gd_line_scale': 0.5306148547842855, 'gd_line_alpha': 0.0700681615665118, 'coalescence_d_scale': 1.842054719768565, 'capture_scale': 0.014694794956496431}. Best is trial 356 with value: 2.4312251947833614.
[I 2026-05-03 18:30:19,637] Trial 405 finished with value: 2.6821698982046316 and parameters: {'rho_high_scale': 0.8176030280390548, 'f_n': 1.5684900932517495e-06, 'K_d': 351853.5918917566, 'fission_rate': 7.705513860742696e+19, 'Dg_D1_scale': 0.24502673409859746, 'Dg_D3_scale': 1.0087492700936511, 'Dv_D1_scale': 0.20926371534782365, 'Dv_D2_scale': 1.7662578363887182, 'b_bulk_scale': 1.9293964234346226, 'b_dislocation_scale': 0.1648218505986982, 'gb_scale': 4.070968808920897, 'gd_bubble_scale': 9.057227462799636, 'gd_line_scale': 0.6192920784468694, 'gd_line_alpha': 0.036251227705576414, 'coalescence_d_scale': 1.8826550266504116, 'capture_scale': 0.012477348013896977}. Best is trial 356 with value: 2.4312251947833614.
[I 2026-05-03 18:30:25,984] Trial 406 finished with value: 2.8364561980332104 and parameters: {'rho_high_scale': 0.8149172004107013, 'f_n': 2.3144362813087025e-06, 'K_d': 371153.57878142915, 'fission_rate': 7.7710913889824e+19, 'Dg_D1_scale': 0.21907816105949937, 'Dg_D3_scale': 2.6626449526974216, 'Dv_D1_scale': 0.29708730459837523, 'Dv_D2_scale': 1.4905673943163433, 'b_bulk_scale': 1.7526258795973715, 'b_dislocation_scale': 0.1756573768651175, 'gb_scale': 3.9403998303455303, 'gd_bubble_scale': 8.991449045087053, 'gd_line_scale': 0.7000228618782245, 'gd_line_alpha': 0.06889172586536155, 'coalescence_d_scale': 2.18967528492552, 'capture_scale': 0.01499732807772471}. Best is trial 356 with value: 2.4312251947833614.
[I 2026-05-03 18:30:32,399] Trial 407 finished with value: 2.769914042257697 and parameters: {'rho_high_scale': 0.9057097489614486, 'f_n': 1.8705437506975103e-06, 'K_d': 346260.3031364783, 'fission_rate': 7.574719423379369e+19, 'Dg_D1_scale': 0.26067609118509477, 'Dg_D3_scale': 1.069871245890659, 'Dv_D1_scale': 0.24761631004989298, 'Dv_D2_scale': 1.614641590373011, 'b_bulk_scale': 2.0101977326425513, 'b_dislocation_scale': 0.14964705630072483, 'gb_scale': 5.137137745976575, 'gd_bubble_scale': 9.981437675821189, 'gd_line_scale': 0.5428379610697663, 'gd_line_alpha': 0.009620863468254671, 'coalescence_d_scale': 1.7738550356450125, 'capture_scale': 0.011102971328847421}. Best is trial 356 with value: 2.4312251947833614.
[I 2026-05-03 18:30:38,790] Trial 408 finished with value: 2.654680026034939 and parameters: {'rho_high_scale': 0.8142807016460317, 'f_n': 2.2297354340299735e-06, 'K_d': 329139.352324325, 'fission_rate': 7.668131431985897e+19, 'Dg_D1_scale': 0.232882842068402, 'Dg_D3_scale': 0.9746411474714087, 'Dv_D1_scale': 0.2055507024689431, 'Dv_D2_scale': 1.2610231504185558, 'b_bulk_scale': 2.359103861986868, 'b_dislocation_scale': 0.20429134368144697, 'gb_scale': 4.537630096714755, 'gd_bubble_scale': 7.355910819951466, 'gd_line_scale': 0.47670105036934296, 'gd_line_alpha': 0.08239828447364445, 'coalescence_d_scale': 1.636825588047929, 'capture_scale': 0.014566939360554344}. Best is trial 356 with value: 2.4312251947833614.Best trial: 356. Best value: 2.43123:  82%|████████▏ | 408/500 [43:53<09:29,  6.19s/it]Best trial: 356. Best value: 2.43123:  82%|████████▏ | 408/500 [43:53<09:29,  6.19s/it]Best trial: 356. Best value: 2.43123:  82%|████████▏ | 409/500 [43:53<09:29,  6.26s/it]                                                                                       Best trial: 356. Best value: 2.43123:  82%|████████▏ | 409/500 [43:57<09:29,  6.26s/it]Best trial: 356. Best value: 2.43123:  82%|████████▏ | 409/500 [43:57<09:29,  6.26s/it]Best trial: 356. Best value: 2.43123:  82%|████████▏ | 410/500 [43:57<08:32,  5.69s/it]                                                                                       Best trial: 356. Best value: 2.43123:  82%|████████▏ | 410/500 [44:03<08:32,  5.69s/it]Best trial: 356. Best value: 2.43123:  82%|████████▏ | 410/500 [44:03<08:32,  5.69s/it]Best trial: 356. Best value: 2.43123:  82%|████████▏ | 411/500 [44:03<08:40,  5.85s/it]                                                                                       Best trial: 356. Best value: 2.43123:  82%|████████▏ | 411/500 [44:10<08:40,  5.85s/it]Best trial: 356. Best value: 2.43123:  82%|████████▏ | 411/500 [44:10<08:40,  5.85s/it]Best trial: 356. Best value: 2.43123:  82%|████████▏ | 412/500 [44:10<08:47,  6.00s/it]                                                                                       Best trial: 356. Best value: 2.43123:  82%|████████▏ | 412/500 [44:16<08:47,  6.00s/it]Best trial: 356. Best value: 2.43123:  82%|████████▏ | 412/500 [44:16<08:47,  6.00s/it]Best trial: 356. Best value: 2.43123:  83%|████████▎ | 413/500 [44:16<08:48,  6.08s/it]                                                                                       Best trial: 356. Best value: 2.43123:  83%|████████▎ | 413/500 [44:22<08:48,  6.08s/it]Best trial: 356. Best value: 2.43123:  83%|████████▎ | 413/500 [44:22<08:48,  6.08s/it]Best trial: 356. Best value: 2.43123:  83%|████████▎ | 414/500 [44:22<08:47,  6.14s/it]                                                                                       Best trial: 356. Best value: 2.43123:  83%|████████▎ | 414/500 [44:27<08:47,  6.14s/it]Best trial: 356. Best value: 2.43123:  83%|████████▎ | 414/500 [44:27<08:47,  6.14s/it]Best trial: 356. Best value: 2.43123:  83%|████████▎ | 415/500 [44:27<07:56,  5.60s/it]                                                                                       Best trial: 356. Best value: 2.43123:  83%|████████▎ | 415/500 [44:33<07:56,  5.60s/it]Best trial: 356. Best value: 2.43123:  83%|████████▎ | 415/500 [44:33<07:56,  5.60s/it]Best trial: 356. Best value: 2.43123:  83%|████████▎ | 416/500 [44:33<08:09,  5.83s/it]                                                                                       Best trial: 356. Best value: 2.43123:  83%|████████▎ | 416/500 [44:39<08:09,  5.83s/it]Best trial: 356. Best value: 2.43123:  83%|████████▎ | 416/500 [44:39<08:09,  5.83s/it]Best trial: 356. Best value: 2.43123:  83%|████████▎ | 417/500 [44:39<08:14,  5.96s/it]                                                                                       Best trial: 356. Best value: 2.43123:  83%|████████▎ | 417/500 [44:46<08:14,  5.96s/it]Best trial: 356. Best value: 2.43123:  83%|████████▎ | 417/500 [44:46<08:14,  5.96s/it]Best trial: 356. Best value: 2.43123:  84%|████████▎ | 418/500 [44:46<08:22,  6.13s/it]                                                                                       Best trial: 356. Best value: 2.43123:  84%|████████▎ | 418/500 [44:50<08:22,  6.13s/it]Best trial: 356. Best value: 2.43123:  84%|████████▎ | 418/500 [44:50<08:22,  6.13s/it]Best trial: 356. Best value: 2.43123:  84%|████████▍ | 419/500 [44:50<07:33,  5.60s/it]                                                                                       Best trial: 356. Best value: 2.43123:  84%|████████▍ | 419/500 [44:56<07:33,  5.60s/it]Best trial: 356. Best value: 2.43123:  84%|████████▍ | 419/500 [44:56<07:33,  5.60s/it]Best trial: 356. Best value: 2.43123:  84%|████████▍ | 420/500 [44:56<07:44,  5.81s/it]                                                                                       
[I 2026-05-03 18:30:43,189] Trial 409 finished with value: 4.069916714818431 and parameters: {'rho_high_scale': 0.8692743119706845, 'f_n': 1.7122140533152476e-06, 'K_d': 350508.1079428506, 'fission_rate': 7.772756005061224e+19, 'Dg_D1_scale': 0.18743993993251296, 'Dg_D3_scale': 1.141171182228647, 'Dv_D1_scale': 0.28651873204610984, 'Dv_D2_scale': 1.7336222149899052, 'b_bulk_scale': 2.74918089195448, 'b_dislocation_scale': 0.18109793026214954, 'gb_scale': 0.08870777659155586, 'gd_bubble_scale': 8.12090462997666, 'gd_line_scale': 0.577562507932978, 'gd_line_alpha': 0.047408804331104004, 'coalescence_d_scale': 1.9362600992074461, 'capture_scale': 0.010077001695177851}. Best is trial 356 with value: 2.4312251947833614.
[I 2026-05-03 18:30:49,421] Trial 410 finished with value: 2.530579063334287 and parameters: {'rho_high_scale': 0.8223765409407594, 'f_n': 1.4634527340119418e-06, 'K_d': 315354.1724534332, 'fission_rate': 7.789159744363356e+19, 'Dg_D1_scale': 0.3147936025023583, 'Dg_D3_scale': 1.075026999025182, 'Dv_D1_scale': 0.2696509505415168, 'Dv_D2_scale': 1.4729465605453542, 'b_bulk_scale': 1.7871605667012005, 'b_dislocation_scale': 0.2041154908006626, 'gb_scale': 4.060389908850996, 'gd_bubble_scale': 8.84682027622413, 'gd_line_scale': 0.5185533401529133, 'gd_line_alpha': 0.1134064525163895, 'coalescence_d_scale': 1.4379906667454831, 'capture_scale': 0.012629523550341252}. Best is trial 356 with value: 2.4312251947833614.
[I 2026-05-03 18:30:55,764] Trial 411 finished with value: 2.7275908366910846 and parameters: {'rho_high_scale': 0.8484494737481828, 'f_n': 2.481466843198281e-06, 'K_d': 304855.31989677076, 'fission_rate': 7.697787927462085e+19, 'Dg_D1_scale': 0.33790715242479186, 'Dg_D3_scale': 1.011262877454291, 'Dv_D1_scale': 0.2669143600389252, 'Dv_D2_scale': 1.4318981658601713, 'b_bulk_scale': 1.7916220000232679, 'b_dislocation_scale': 0.16049853534982036, 'gb_scale': 4.11184792268846, 'gd_bubble_scale': 8.466984332581395, 'gd_line_scale': 0.7600531208805832, 'gd_line_alpha': 0.11552820389797057, 'coalescence_d_scale': 1.421259470416621, 'capture_scale': 0.011985742445643658}. Best is trial 356 with value: 2.4312251947833614.
[I 2026-05-03 18:31:02,025] Trial 412 finished with value: 2.514349807867601 and parameters: {'rho_high_scale': 0.810293028366832, 'f_n': 1.432533691516669e-06, 'K_d': 314632.3653147966, 'fission_rate': 7.768180232199484e+19, 'Dg_D1_scale': 0.3125381796488242, 'Dg_D3_scale': 0.9512490332220117, 'Dv_D1_scale': 0.2548646503050535, 'Dv_D2_scale': 1.5394289072395702, 'b_bulk_scale': 2.187743287119755, 'b_dislocation_scale': 0.2026482618951284, 'gb_scale': 4.752478613153537, 'gd_bubble_scale': 9.020194882373657, 'gd_line_scale': 0.5252261649151607, 'gd_line_alpha': 0.11869776872304345, 'coalescence_d_scale': 1.5344895142842143, 'capture_scale': 0.01322350618948065}. Best is trial 356 with value: 2.4312251947833614.
[I 2026-05-03 18:31:08,300] Trial 413 finished with value: 3.973701399619452 and parameters: {'rho_high_scale': 0.8182085301538939, 'f_n': 1.9815562447144156e-10, 'K_d': 313976.02579836175, 'fission_rate': 7.79563821701793e+19, 'Dg_D1_scale': 0.3421985602536526, 'Dg_D3_scale': 0.935528532103603, 'Dv_D1_scale': 0.2735403137758864, 'Dv_D2_scale': 1.5764245637887204, 'b_bulk_scale': 1.9715100050230019, 'b_dislocation_scale': 0.20552196689296323, 'gb_scale': 4.215385781002562, 'gd_bubble_scale': 9.043257576603228, 'gd_line_scale': 0.6260622094745906, 'gd_line_alpha': 0.09492710897747281, 'coalescence_d_scale': 1.0492151270412815, 'capture_scale': 0.012943015133072996}. Best is trial 356 with value: 2.4312251947833614.
[I 2026-05-03 18:31:12,647] Trial 414 finished with value: 2.5509861116272003 and parameters: {'rho_high_scale': 0.8731607892224567, 'f_n': 1.4242515341958806e-06, 'K_d': 319399.9974374866, 'fission_rate': 7.779887613023797e+19, 'Dg_D1_scale': 0.3033788374944224, 'Dg_D3_scale': 0.8392877363936102, 'Dv_D1_scale': 0.25336458321286276, 'Dv_D2_scale': 1.6940323022156019, 'b_bulk_scale': 1.7841315035869123, 'b_dislocation_scale': 0.20382002687454268, 'gb_scale': 3.9136515788131043, 'gd_bubble_scale': 8.860430078179714, 'gd_line_scale': 0.4827490519625586, 'gd_line_alpha': 0.11872115985871583, 'coalescence_d_scale': 1.3953812181956606, 'capture_scale': 0.014303161262122}. Best is trial 356 with value: 2.4312251947833614.
[I 2026-05-03 18:31:18,970] Trial 415 finished with value: 2.620815989259993 and parameters: {'rho_high_scale': 0.9307252818772158, 'f_n': 1.3873735570982653e-06, 'K_d': 313101.03205275023, 'fission_rate': 7.736617920522658e+19, 'Dg_D1_scale': 0.2958649411482762, 'Dg_D3_scale': 0.8494702307599853, 'Dv_D1_scale': 0.25469167003403803, 'Dv_D2_scale': 1.6695589485402456, 'b_bulk_scale': 2.386813645953737, 'b_dislocation_scale': 0.20400307428165942, 'gb_scale': 5.2962419020405545, 'gd_bubble_scale': 8.96967782862889, 'gd_line_scale': 0.5505949234114589, 'gd_line_alpha': 0.06368549905357465, 'coalescence_d_scale': 1.4687376396248468, 'capture_scale': 0.014780764931855294}. Best is trial 356 with value: 2.4312251947833614.
[I 2026-05-03 18:31:25,268] Trial 416 finished with value: 2.7207347562960202 and parameters: {'rho_high_scale': 0.8822501887085401, 'f_n': 1.4393177903843114e-06, 'K_d': 320659.6002890664, 'fission_rate': 7.793111465252266e+19, 'Dg_D1_scale': 0.3091989256757148, 'Dg_D3_scale': 0.8430335918611855, 'Dv_D1_scale': 0.24825945111537245, 'Dv_D2_scale': 1.8265998206572485, 'b_bulk_scale': 1.8470999883947246, 'b_dislocation_scale': 0.170301930050821, 'gb_scale': 3.9413457621505334, 'gd_bubble_scale': 9.98123074688627, 'gd_line_scale': 0.4810755006378677, 'gd_line_alpha': 0.08869373115620138, 'coalescence_d_scale': 1.2051692380245884, 'capture_scale': 0.014372407868554303}. Best is trial 356 with value: 2.4312251947833614.
[I 2026-05-03 18:31:31,751] Trial 417 finished with value: 2.676246415648262 and parameters: {'rho_high_scale': 0.8616381957981685, 'f_n': 1.942349390552305e-06, 'K_d': 312950.6072295391, 'fission_rate': 7.683584072974559e+19, 'Dg_D1_scale': 0.3201971873412168, 'Dg_D3_scale': 0.9220698515470588, 'Dv_D1_scale': 0.2879687534308542, 'Dv_D2_scale': 1.535236093172907, 'b_bulk_scale': 2.0837363098883186, 'b_dislocation_scale': 0.18417823233928277, 'gb_scale': 4.670975798731914, 'gd_bubble_scale': 9.999746764824598, 'gd_line_scale': 0.6433886513208841, 'gd_line_alpha': 0.027637561303621022, 'coalescence_d_scale': 1.4229557612772024, 'capture_scale': 0.012734363675554767}. Best is trial 356 with value: 2.4312251947833614.
[I 2026-05-03 18:31:36,166] Trial 418 finished with value: 4.253133113552786 and parameters: {'rho_high_scale': 0.9710732070992075, 'f_n': 2.044004677658578e-06, 'K_d': 320617.26475815655, 'fission_rate': 7.560832428656678e+19, 'Dg_D1_scale': 0.3813049262092824, 'Dg_D3_scale': 0.8407327444965301, 'Dv_D1_scale': 0.30628939331644406, 'Dv_D2_scale': 1.723626632571497, 'b_bulk_scale': 0.04371646397313905, 'b_dislocation_scale': 0.14163476153538146, 'gb_scale': 4.39049345615173, 'gd_bubble_scale': 9.091795270962423, 'gd_line_scale': 0.5461279171186767, 'gd_line_alpha': 0.11754275379214235, 'coalescence_d_scale': 1.5676459359657127, 'capture_scale': 0.011352194869125557}. Best is trial 356 with value: 2.4312251947833614.
[I 2026-05-03 18:31:42,455] Trial 419 finished with value: 2.5501727152697544 and parameters: {'rho_high_scale': 0.8141340882636787, 'f_n': 2.3817337574637047e-06, 'K_d': 309264.27218656725, 'fission_rate': 7.775272188358597e+19, 'Dg_D1_scale': 0.25896335555920597, 'Dg_D3_scale': 0.9424635645234353, 'Dv_D1_scale': 0.2670831684423768, 'Dv_D2_scale': 1.330675458714354, 'b_bulk_scale': 2.5632420118443986, 'b_dislocation_scale': 0.20226462683631577, 'gb_scale': 3.788675383425696, 'gd_bubble_scale': 7.800095213293942, 'gd_line_scale': 0.4694738064436765, 'gd_line_alpha': 0.07178407592302799, 'coalescence_d_scale': 1.8356379939557952, 'capture_scale': 0.015077687455469472}. Best is trial 356 with value: 2.4312251947833614.
