[I 2026-05-03 17:52:42,494] Trial 54 finished with value: 3.9210003342328976 and parameters: {'rho_high_scale': 0.8838772229818243, 'f_n': 3.536167434971877e-09, 'K_d': 630272.569159622, 'fission_rate': 7.2518791668140696e+19, 'Dg_D1_scale': 1.6137156485516182, 'Dg_D3_scale': 0.8925198090876557, 'Dv_D1_scale': 0.5390903837465484, 'Dv_D2_scale': 1.6035906561187088, 'b_bulk_scale': 0.6723665253957771, 'b_dislocation_scale': 0.17293039064731527, 'gb_scale': 1.5489179759504668, 'gd_bubble_scale': 0.42006927436983443, 'gd_line_scale': 0.41156149575459955, 'gd_line_alpha': 0.9900459071309402, 'coalescence_d_scale': 0.12570821622820966, 'capture_scale': 0.027311994730845758}. Best is trial 42 with value: 3.2029755723517233.
[I 2026-05-03 17:52:47,202] Trial 55 finished with value: 3.0345437830415634 and parameters: {'rho_high_scale': 0.7727592868844734, 'f_n': 1.2648704511945909e-08, 'K_d': 567999.9762329801, 'fission_rate': 7.560876787087211e+19, 'Dg_D1_scale': 2.0931252253698474, 'Dg_D3_scale': 0.4033463256535496, 'Dv_D1_scale': 0.604639528245767, 'Dv_D2_scale': 1.7565321649419234, 'b_bulk_scale': 0.7875129892206859, 'b_dislocation_scale': 0.18560461909450054, 'gb_scale': 2.6524169766454397, 'gd_bubble_scale': 1.3472659423715008, 'gd_line_scale': 0.32119996791078204, 'gd_line_alpha': 0.9436819285441587, 'coalescence_d_scale': 0.1654727390409148, 'capture_scale': 0.07089765727489582}. Best is trial 55 with value: 3.0345437830415634.
[I 2026-05-03 17:52:53,900] Trial 56 finished with value: 3.6626582042002545 and parameters: {'rho_high_scale': 0.7663679097804142, 'f_n': 1.1380431088942547e-08, 'K_d': 572371.9012234911, 'fission_rate': 7.538773670398907e+19, 'Dg_D1_scale': 2.025132218611716, 'Dg_D3_scale': 0.4209875734393255, 'Dv_D1_scale': 1.0594378243423, 'Dv_D2_scale': 1.8299692951023019, 'b_bulk_scale': 0.8805776927075991, 'b_dislocation_scale': 0.17275096053766545, 'gb_scale': 2.5854337914266416, 'gd_bubble_scale': 2.1433130084985534, 'gd_line_scale': 0.21159006337707625, 'gd_line_alpha': 0.8993782116590774, 'coalescence_d_scale': 0.13407201705986144, 'capture_scale': 0.07951780738705412}. Best is trial 55 with value: 3.0345437830415634.
[I 2026-05-03 17:53:01,563] Trial 57 finished with value: 5.752473731433713 and parameters: {'rho_high_scale': 5.900234583532622, 'f_n': 9.995078938924815e-10, 'K_d': 511724.41057379317, 'fission_rate': 6.59671784042227e+19, 'Dg_D1_scale': 2.5814975437938745, 'Dg_D3_scale': 0.34082398197701247, 'Dv_D1_scale': 0.6149624598609789, 'Dv_D2_scale': 2.28018671291424, 'b_bulk_scale': 1.1612482437994014, 'b_dislocation_scale': 0.13733774637125212, 'gb_scale': 1.4303580173989123, 'gd_bubble_scale': 1.4076688570800229, 'gd_line_scale': 0.1489544399143493, 'gd_line_alpha': 0.9512104010363225, 'coalescence_d_scale': 0.2938231812931772, 'capture_scale': 0.014004649987511079}. Best is trial 55 with value: 3.0345437830415634.
[I 2026-05-03 17:53:08,710] Trial 58 finished with value: 5.569581384237202 and parameters: {'rho_high_scale': 4.84433170086877, 'f_n': 2.294779183915938e-09, 'K_d': 580966.8487284558, 'fission_rate': 7.0445367284846854e+19, 'Dg_D1_scale': 1.1212163624885225, 'Dg_D3_scale': 0.24094344543139828, 'Dv_D1_scale': 0.692033423470546, 'Dv_D2_scale': 1.6425719391166098, 'b_bulk_scale': 0.5159407151727983, 'b_dislocation_scale': 0.17922368332410912, 'gb_scale': 0.8449839244841937, 'gd_bubble_scale': 0.8346734298459711, 'gd_line_scale': 0.3261889609990697, 'gd_line_alpha': 0.9369080590733518, 'coalescence_d_scale': 0.18265250748783013, 'capture_scale': 0.06788833258112238}. Best is trial 55 with value: 3.0345437830415634.
[I 2026-05-03 17:53:15,213] Trial 59 finished with value: 3.4292532541284295 and parameters: {'rho_high_scale': 0.7325339731039932, 'f_n': 2.7368783400422308e-08, 'K_d': 476304.57246043504, 'fission_rate': 7.520759811216261e+19, 'Dg_D1_scale': 1.7402799864632914, 'Dg_D3_scale': 0.6195709586866295, 'Dv_D1_scale': 0.9421584177404501, 'Dv_D2_scale': 2.815225370581781, 'b_bulk_scale': 0.809438394374714, 'b_dislocation_scale': 0.27395986365969804, 'gb_scale': 1.963792009668677, 'gd_bubble_scale': 0.6034822136079662, 'gd_line_scale': 0.31011913442438266, 'gd_line_alpha': 0.8806776631947185, 'coalescence_d_scale': 0.11380732994817665, 'capture_scale': 0.1997598063813159}. Best is trial 55 with value: 3.0345437830415634.
[I 2026-05-03 17:53:19,820] Trial 60 finished with value: 3.5150919276467647 and parameters: {'rho_high_scale': 0.7961671438936857, 'f_n': 3.3036126072879037e-09, 'K_d': 435880.77889023314, 'fission_rate': 7.209948343989778e+19, 'Dg_D1_scale': 3.5712578786904703, 'Dg_D3_scale': 0.4322526038870647, 'Dv_D1_scale': 0.4025369818071487, 'Dv_D2_scale': 2.222816996940661, 'b_bulk_scale': 0.22874002324574866, 'b_dislocation_scale': 0.1990477248060588, 'gb_scale': 2.356993066802385, 'gd_bubble_scale': 0.4016214003092704, 'gd_line_scale': 0.21009732053077, 'gd_line_alpha': 0.8252188472189699, 'coalescence_d_scale': 0.16993019598023212, 'capture_scale': 0.12609014900312476}. Best is trial 55 with value: 3.0345437830415634.Best trial: 55. Best value: 3.03454:  12%|█▏        | 60/500 [06:34<49:14,  6.71s/it]Best trial: 55. Best value: 3.03454:  12%|█▏        | 60/500 [06:34<49:14,  6.71s/it]Best trial: 55. Best value: 3.03454:  12%|█▏        | 61/500 [06:34<44:30,  6.08s/it]                                                                                     Best trial: 55. Best value: 3.03454:  12%|█▏        | 61/500 [06:41<44:30,  6.08s/it]Best trial: 55. Best value: 3.03454:  12%|█▏        | 61/500 [06:41<44:30,  6.08s/it]Best trial: 55. Best value: 3.03454:  12%|█▏        | 62/500 [06:41<46:20,  6.35s/it]                                                                                     Best trial: 55. Best value: 3.03454:  12%|█▏        | 62/500 [06:47<46:20,  6.35s/it]Best trial: 55. Best value: 3.03454:  12%|█▏        | 62/500 [06:47<46:20,  6.35s/it]Best trial: 55. Best value: 3.03454:  13%|█▎        | 63/500 [06:47<46:50,  6.43s/it]                                                                                     Best trial: 55. Best value: 3.03454:  13%|█▎        | 63/500 [06:53<46:50,  6.43s/it]Best trial: 55. Best value: 3.03454:  13%|█▎        | 63/500 [06:53<46:50,  6.43s/it]Best trial: 55. Best value: 3.03454:  13%|█▎        | 64/500 [06:53<44:50,  6.17s/it]                                                                                     Best trial: 55. Best value: 3.03454:  13%|█▎        | 64/500 [06:58<44:50,  6.17s/it]Best trial: 55. Best value: 3.03454:  13%|█▎        | 64/500 [06:58<44:50,  6.17s/it]Best trial: 55. Best value: 3.03454:  13%|█▎        | 65/500 [06:58<43:15,  5.97s/it]                                                                                     Best trial: 55. Best value: 3.03454:  13%|█▎        | 65/500 [07:05<43:15,  5.97s/it]Best trial: 55. Best value: 3.03454:  13%|█▎        | 65/500 [07:05<43:15,  5.97s/it]Best trial: 55. Best value: 3.03454:  13%|█▎        | 66/500 [07:05<44:44,  6.19s/it]                                                                                     Best trial: 55. Best value: 3.03454:  13%|█▎        | 66/500 [07:15<44:44,  6.19s/it]Best trial: 55. Best value: 3.03454:  13%|█▎        | 66/500 [07:15<44:44,  6.19s/it]Best trial: 55. Best value: 3.03454:  13%|█▎        | 67/500 [07:15<52:21,  7.25s/it]                                                                                     Best trial: 55. Best value: 3.03454:  13%|█▎        | 67/500 [07:21<52:21,  7.25s/it]Best trial: 67. Best value: 2.96906:  13%|█▎        | 67/500 [07:22<52:21,  7.25s/it]Best trial: 67. Best value: 2.96906:  14%|█▎        | 68/500 [07:22<50:59,  7.08s/it]                                                                                     Best trial: 67. Best value: 2.96906:  14%|█▎        | 68/500 [07:29<50:59,  7.08s/it]Best trial: 67. Best value: 2.96906:  14%|█▎        | 68/500 [07:29<50:59,  7.08s/it]Best trial: 67. Best value: 2.96906:  14%|█▍        | 69/500 [07:29<51:45,  7.21s/it]                                                                                     Best trial: 67. Best value: 2.96906:  14%|█▍        | 69/500 [07:34<51:45,  7.21s/it]Best trial: 67. Best value: 2.96906:  14%|█▍        | 69/500 [07:34<51:45,  7.21s/it]Best trial: 67. Best value: 2.96906:  14%|█▍        | 70/500 [07:34<47:24,  6.62s/it]                                                                                     Best trial: 67. Best value: 2.96906:  14%|█▍        | 70/500 [07:42<47:24,  6.62s/it]Best trial: 67. Best value: 2.96906:  14%|█▍        | 70/500 [07:42<47:24,  6.62s/it]Best trial: 67. Best value: 2.96906:  14%|█▍        | 71/500 [07:42<50:02,  7.00s/it]                                                                                     Best trial: 67. Best value: 2.96906:  14%|█▍        | 71/500 [07:50<50:02,  7.00s/it]Best trial: 67. Best value: 2.96906:  14%|█▍        | 71/500 [07:50<50:02,  7.00s/it]Best trial: 67. Best value: 2.96906:  14%|█▍        | 72/500 [07:50<51:53,  7.28s/it]                                                                                     
[I 2026-05-03 17:53:26,784] Trial 61 finished with value: 3.3743391413816823 and parameters: {'rho_high_scale': 0.8643615333226541, 'f_n': 7.572559890377193e-09, 'K_d': 656728.7221515909, 'fission_rate': 7.429915214273452e+19, 'Dg_D1_scale': 1.450563878248644, 'Dg_D3_scale': 0.7513218962282323, 'Dv_D1_scale': 0.5689604624874315, 'Dv_D2_scale': 1.3053831630841923, 'b_bulk_scale': 0.7521355378556653, 'b_dislocation_scale': 0.5432181612475271, 'gb_scale': 1.278533519743875, 'gd_bubble_scale': 1.0458637345516129, 'gd_line_scale': 0.4775924974568381, 'gd_line_alpha': 0.9905430704979502, 'coalescence_d_scale': 0.15489780460957597, 'capture_scale': 0.03074100175488561}. Best is trial 55 with value: 3.0345437830415634.
[I 2026-05-03 17:53:33,376] Trial 62 finished with value: 3.4190942043354275 and parameters: {'rho_high_scale': 1.1086986737610847, 'f_n': 7.778813331716462e-09, 'K_d': 640363.5898405872, 'fission_rate': 7.714804165320291e+19, 'Dg_D1_scale': 2.240128809409764, 'Dg_D3_scale': 0.8388550315715834, 'Dv_D1_scale': 0.5834727433921211, 'Dv_D2_scale': 1.3208297113831673, 'b_bulk_scale': 0.7156099487032, 'b_dislocation_scale': 0.5242249526362608, 'gb_scale': 1.3498746256904275, 'gd_bubble_scale': 0.6779686716592523, 'gd_line_scale': 0.45260719991635756, 'gd_line_alpha': 0.9168538793651079, 'coalescence_d_scale': 0.14940101953755605, 'capture_scale': 0.045855839370438016}. Best is trial 55 with value: 3.0345437830415634.
[I 2026-05-03 17:53:38,930] Trial 63 finished with value: 4.5627371459118935 and parameters: {'rho_high_scale': 0.8275841981160588, 'f_n': 1.3555323376621257e-08, 'K_d': 606463.1891102734, 'fission_rate': 7.45232252035575e+19, 'Dg_D1_scale': 1.0135793108685398, 'Dg_D3_scale': 0.7299321170967361, 'Dv_D1_scale': 1.211707235410056, 'Dv_D2_scale': 1.8151458172234745, 'b_bulk_scale': 0.978434009904588, 'b_dislocation_scale': 0.6713209685171329, 'gb_scale': 2.913555462309542, 'gd_bubble_scale': 0.3112578627963753, 'gd_line_scale': 0.3744988104424207, 'gd_line_alpha': 0.9975933733978526, 'coalescence_d_scale': 0.2896123355152962, 'capture_scale': 0.023892062614245268}. Best is trial 55 with value: 3.0345437830415634.
[I 2026-05-03 17:53:44,438] Trial 64 finished with value: 5.091122117923638 and parameters: {'rho_high_scale': 0.7572140045563936, 'f_n': 3.839834896626302e-09, 'K_d': 663598.3398641433, 'fission_rate': 6.8453934536232575e+19, 'Dg_D1_scale': 1.369984749399171, 'Dg_D3_scale': 0.3984895015041276, 'Dv_D1_scale': 0.49195265554879086, 'Dv_D2_scale': 0.9851564860074223, 'b_bulk_scale': 1.2910023719209778, 'b_dislocation_scale': 0.14483351272366612, 'gb_scale': 1.711678932835289, 'gd_bubble_scale': 0.9230211131518528, 'gd_line_scale': 6.736436646075346, 'gd_line_alpha': 0.9543380240175507, 'coalescence_d_scale': 0.1015885108266006, 'capture_scale': 0.012352089259945057}. Best is trial 55 with value: 3.0345437830415634.
[I 2026-05-03 17:53:51,164] Trial 65 finished with value: 4.989164590243925 and parameters: {'rho_high_scale': 0.8889463306530604, 'f_n': 1.2584693180503795e-09, 'K_d': 559855.4325895578, 'fission_rate': 7.208210951603174e+19, 'Dg_D1_scale': 0.8423250433087592, 'Dg_D3_scale': 0.960171942419088, 'Dv_D1_scale': 0.6682078602464558, 'Dv_D2_scale': 1.5469870475534655, 'b_bulk_scale': 1.5710964033971306, 'b_dislocation_scale': 0.24054063931004702, 'gb_scale': 0.9818835039958217, 'gd_bubble_scale': 1.3716052049544332, 'gd_line_scale': 0.821081024351695, 'gd_line_alpha': 0.8523781278913836, 'coalescence_d_scale': 0.37155442097209107, 'capture_scale': 0.0634445523691388}. Best is trial 55 with value: 3.0345437830415634.
[I 2026-05-03 17:54:00,911] Trial 66 finished with value: 4.602680875543095 and parameters: {'rho_high_scale': 1.016425935645389, 'f_n': 2.0290589902563903e-09, 'K_d': 622213.5292385379, 'fission_rate': 4.669380373239722e+19, 'Dg_D1_scale': 2.650942496973024, 'Dg_D3_scale': 0.7881587343685507, 'Dv_D1_scale': 0.8617898830596925, 'Dv_D2_scale': 1.7820678861202826, 'b_bulk_scale': 0.536839267412385, 'b_dislocation_scale': 0.4727186978643359, 'gb_scale': 1.336277201992978, 'gd_bubble_scale': 1.7967250161699138, 'gd_line_scale': 0.6019290984647246, 'gd_line_alpha': 0.8886140018265682, 'coalescence_d_scale': 0.16594959260660277, 'capture_scale': 0.02646080124442512}. Best is trial 55 with value: 3.0345437830415634.
[I 2026-05-03 17:54:07,582] Trial 67 finished with value: 2.9690598741980367 and parameters: {'rho_high_scale': 0.7070449294539873, 'f_n': 1.2102768168211462e-07, 'K_d': 698134.6385666804, 'fission_rate': 7.069117061386637e+19, 'Dg_D1_scale': 1.9775301265478502, 'Dg_D3_scale': 0.6204314814923588, 'Dv_D1_scale': 0.7701053089317742, 'Dv_D2_scale': 1.2710909854284969, 'b_bulk_scale': 0.7302569437328813, 'b_dislocation_scale': 0.12723521533209017, 'gb_scale': 2.0843058999400363, 'gd_bubble_scale': 1.112720910023617, 'gd_line_scale': 0.3032448653677979, 'gd_line_alpha': 0.9375280766349489, 'coalescence_d_scale': 0.12216648622411717, 'capture_scale': 0.0326925868715302}. Best is trial 67 with value: 2.9690598741980367.
[I 2026-05-03 17:54:15,083] Trial 68 finished with value: 3.187028618102757 and parameters: {'rho_high_scale': 0.7080925552247823, 'f_n': 2.3657453766595448e-07, 'K_d': 779492.8280382189, 'fission_rate': 6.395504793921079e+19, 'Dg_D1_scale': 2.05656995356861, 'Dg_D3_scale': 0.2763614336306939, 'Dv_D1_scale': 0.7552786569123289, 'Dv_D2_scale': 0.7857578087499671, 'b_bulk_scale': 0.38528959595540985, 'b_dislocation_scale': 0.09220812657404562, 'gb_scale': 2.0240702264865758, 'gd_bubble_scale': 3.0089072175419553, 'gd_line_scale': 0.14662713563563376, 'gd_line_alpha': 0.8029054113006248, 'coalescence_d_scale': 0.12125785727057861, 'capture_scale': 0.04586858466323112}. Best is trial 67 with value: 2.9690598741980367.
[I 2026-05-03 17:54:20,324] Trial 69 finished with value: 4.645953582648138 and parameters: {'rho_high_scale': 0.7301225129544496, 'f_n': 1.5328577720329503e-07, 'K_d': 792156.1621959968, 'fission_rate': 6.6616930934606365e+19, 'Dg_D1_scale': 2.025542835059485, 'Dg_D3_scale': 0.20257794390490977, 'Dv_D1_scale': 0.7733120123152228, 'Dv_D2_scale': 0.7561678347642187, 'b_bulk_scale': 1.0327068200920517, 'b_dislocation_scale': 0.08006005595960068, 'gb_scale': 2.0622815113611233, 'gd_bubble_scale': 3.380550849224353, 'gd_line_scale': 0.15309969734769519, 'gd_line_alpha': 0.7041101261425285, 'coalescence_d_scale': 0.12548899402229685, 'capture_scale': 0.045130068273652145}. Best is trial 67 with value: 2.9690598741980367.
[I 2026-05-03 17:54:28,216] Trial 70 finished with value: 3.1387067415851617 and parameters: {'rho_high_scale': 0.70345129138283, 'f_n': 4.105347736831452e-07, 'K_d': 700608.1912850877, 'fission_rate': 6.0679974505804685e+19, 'Dg_D1_scale': 2.900091442338235, 'Dg_D3_scale': 0.2989081894090893, 'Dv_D1_scale': 1.1756045345033452, 'Dv_D2_scale': 0.8463977934504329, 'b_bulk_scale': 0.6103905948518609, 'b_dislocation_scale': 0.08018667737349178, 'gb_scale': 2.990215692888952, 'gd_bubble_scale': 2.3094241893479412, 'gd_line_scale': 0.08030362460611194, 'gd_line_alpha': 0.5169110472811598, 'coalescence_d_scale': 0.12274500899858662, 'capture_scale': 0.10491835765929305}. Best is trial 67 with value: 2.9690598741980367.
[I 2026-05-03 17:54:36,136] Trial 71 finished with value: 3.4918968223888216 and parameters: {'rho_high_scale': 0.7927613685199317, 'f_n': 5.413842027355555e-07, 'K_d': 771379.1975638114, 'fission_rate': 5.9727644882898715e+19, 'Dg_D1_scale': 3.004388011381803, 'Dg_D3_scale': 0.34244973336011175, 'Dv_D1_scale': 1.5454219117045658, 'Dv_D2_scale': 0.8172459562058451, 'b_bulk_scale': 0.6398808378416411, 'b_dislocation_scale': 0.08175042930778899, 'gb_scale': 2.7281921934390776, 'gd_bubble_scale': 2.827307725527858, 'gd_line_scale': 0.07578619208824672, 'gd_line_alpha': 0.5649766271581713, 'coalescence_d_scale': 0.11932567151867138, 'capture_scale': 0.052987426242907476}. Best is trial 67 with value: 2.9690598741980367.
