[I 2026-05-03 18:21:00,376] Trial 312 finished with value: 4.232165168681946 and parameters: {'rho_high_scale': 0.7025282770037566, 'f_n': 6.983778007330835e-07, 'K_d': 392266.16507067316, 'fission_rate': 7.738360378952797e+19, 'Dg_D1_scale': 1.8006386289008005, 'Dg_D3_scale': 1.2922507174160789, 'Dv_D1_scale': 0.3540823951639804, 'Dv_D2_scale': 2.3010932053605577, 'b_bulk_scale': 1.312811929602608, 'b_dislocation_scale': 0.2450349720717084, 'gb_scale': 0.120992654827028, 'gd_bubble_scale': 5.796239379505294, 'gd_line_scale': 0.40058571710406576, 'gd_line_alpha': 0.11399989792326982, 'coalescence_d_scale': 0.297605520340944, 'capture_scale': 0.014936123708602688}. Best is trial 277 with value: 2.5963620740544.Best trial: 277. Best value: 2.59636:  62%|██████▏   | 312/500 [34:14<18:35,  5.93s/it]Best trial: 277. Best value: 2.59636:  62%|██████▏   | 312/500 [34:14<18:35,  5.93s/it]Best trial: 277. Best value: 2.59636:  63%|██████▎   | 313/500 [34:14<18:49,  6.04s/it]                                                                                       Best trial: 277. Best value: 2.59636:  63%|██████▎   | 313/500 [34:19<18:49,  6.04s/it]Best trial: 277. Best value: 2.59636:  63%|██████▎   | 313/500 [34:19<18:49,  6.04s/it]Best trial: 277. Best value: 2.59636:  63%|██████▎   | 314/500 [34:19<17:07,  5.52s/it]                                                                                       Best trial: 277. Best value: 2.59636:  63%|██████▎   | 314/500 [34:25<17:07,  5.52s/it]Best trial: 277. Best value: 2.59636:  63%|██████▎   | 314/500 [34:25<17:07,  5.52s/it]Best trial: 277. Best value: 2.59636:  63%|██████▎   | 315/500 [34:25<17:38,  5.72s/it]                                                                                       Best trial: 277. Best value: 2.59636:  63%|██████▎   | 315/500 [34:31<17:38,  5.72s/it]Best trial: 277. Best value: 2.59636:  63%|██████▎   | 315/500 [34:31<17:38,  5.72s/it]Best trial: 277. Best value: 2.59636:  63%|██████▎   | 316/500 [34:31<17:52,  5.83s/it]                                                                                       Best trial: 277. Best value: 2.59636:  63%|██████▎   | 316/500 [34:37<17:52,  5.83s/it]Best trial: 277. Best value: 2.59636:  63%|██████▎   | 316/500 [34:37<17:52,  5.83s/it]Best trial: 277. Best value: 2.59636:  63%|██████▎   | 317/500 [34:37<18:06,  5.94s/it]                                                                                       Best trial: 277. Best value: 2.59636:  63%|██████▎   | 317/500 [34:43<18:06,  5.94s/it]Best trial: 277. Best value: 2.59636:  63%|██████▎   | 317/500 [34:43<18:06,  5.94s/it]Best trial: 277. Best value: 2.59636:  64%|██████▎   | 318/500 [34:43<18:06,  5.97s/it]                                                                                       Best trial: 277. Best value: 2.59636:  64%|██████▎   | 318/500 [34:49<18:06,  5.97s/it]Best trial: 277. Best value: 2.59636:  64%|██████▎   | 318/500 [34:49<18:06,  5.97s/it]Best trial: 277. Best value: 2.59636:  64%|██████▍   | 319/500 [34:49<18:11,  6.03s/it]                                                                                       Best trial: 277. Best value: 2.59636:  64%|██████▍   | 319/500 [34:54<18:11,  6.03s/it]Best trial: 319. Best value: 2.57454:  64%|██████▍   | 319/500 [34:54<18:11,  6.03s/it]Best trial: 319. Best value: 2.57454:  64%|██████▍   | 320/500 [34:54<16:36,  5.54s/it]                                                                                       Best trial: 319. Best value: 2.57454:  64%|██████▍   | 320/500 [35:00<16:36,  5.54s/it]Best trial: 319. Best value: 2.57454:  64%|██████▍   | 320/500 [35:00<16:36,  5.54s/it]Best trial: 319. Best value: 2.57454:  64%|██████▍   | 321/500 [35:00<17:08,  5.75s/it]                                                                                       Best trial: 319. Best value: 2.57454:  64%|██████▍   | 321/500 [35:06<17:08,  5.75s/it]Best trial: 319. Best value: 2.57454:  64%|██████▍   | 321/500 [35:06<17:08,  5.75s/it]Best trial: 319. Best value: 2.57454:  64%|██████▍   | 322/500 [35:06<17:35,  5.93s/it]                                                                                       Best trial: 319. Best value: 2.57454:  64%|██████▍   | 322/500 [35:13<17:35,  5.93s/it]Best trial: 319. Best value: 2.57454:  64%|██████▍   | 322/500 [35:13<17:35,  5.93s/it]Best trial: 319. Best value: 2.57454:  65%|██████▍   | 323/500 [35:13<17:48,  6.04s/it]                                                                                       Best trial: 319. Best value: 2.57454:  65%|██████▍   | 323/500 [35:19<17:48,  6.04s/it]Best trial: 319. Best value: 2.57454:  65%|██████▍   | 323/500 [35:19<17:48,  6.04s/it]Best trial: 319. Best value: 2.57454:  65%|██████▍   | 324/500 [35:19<18:15,  6.22s/it]                                                                                       
[I 2026-05-03 18:21:04,692] Trial 313 finished with value: 2.8084111151241387 and parameters: {'rho_high_scale': 0.7925144842992683, 'f_n': 8.989314230449989e-07, 'K_d': 419279.5308338504, 'fission_rate': 7.844471555802753e+19, 'Dg_D1_scale': 1.9378748851864604, 'Dg_D3_scale': 0.999245839361821, 'Dv_D1_scale': 0.4395044287684946, 'Dv_D2_scale': 3.051597790664004, 'b_bulk_scale': 1.5412813387237823, 'b_dislocation_scale': 0.22105271417722872, 'gb_scale': 3.6361682834597095, 'gd_bubble_scale': 6.998778797154899, 'gd_line_scale': 0.29202334999953655, 'gd_line_alpha': 0.17522579651273656, 'coalescence_d_scale': 0.19435524226384326, 'capture_scale': 0.019231521484547476}. Best is trial 277 with value: 2.5963620740544.
[I 2026-05-03 18:21:10,828] Trial 314 finished with value: 2.8066712387538812 and parameters: {'rho_high_scale': 0.7543089418571863, 'f_n': 1.066211371483718e-06, 'K_d': 403998.9067482785, 'fission_rate': 7.928542147428919e+19, 'Dg_D1_scale': 1.7232644068991385, 'Dg_D3_scale': 1.1534000684589136, 'Dv_D1_scale': 0.41515072391025176, 'Dv_D2_scale': 2.628883817269341, 'b_bulk_scale': 1.201832085474715, 'b_dislocation_scale': 0.26953470631920323, 'gb_scale': 3.1471590008068198, 'gd_bubble_scale': 5.261957760453759, 'gd_line_scale': 0.40268155177080756, 'gd_line_alpha': 0.14501111201411515, 'coalescence_d_scale': 1.521294065319132, 'capture_scale': 0.017000692751798076}. Best is trial 277 with value: 2.5963620740544.
[I 2026-05-03 18:21:16,959] Trial 315 finished with value: 2.863484943721178 and parameters: {'rho_high_scale': 0.7004080354037218, 'f_n': 5.195338671639571e-07, 'K_d': 451139.36326001614, 'fission_rate': 7.992745107251244e+19, 'Dg_D1_scale': 1.6624255465966224, 'Dg_D3_scale': 1.4715544743631759, 'Dv_D1_scale': 0.3820965117650113, 'Dv_D2_scale': 2.4503202563949, 'b_bulk_scale': 1.388559950225148, 'b_dislocation_scale': 0.23944483651600576, 'gb_scale': 2.6055297519817127, 'gd_bubble_scale': 6.013618337388496, 'gd_line_scale': 0.44411855602406763, 'gd_line_alpha': 0.034082063634336426, 'coalescence_d_scale': 0.26592859922095646, 'capture_scale': 0.02195137146902894}. Best is trial 277 with value: 2.5963620740544.
[I 2026-05-03 18:21:23,153] Trial 316 finished with value: 4.18802475505586 and parameters: {'rho_high_scale': 0.7346901957944835, 'f_n': 7.286816238489438e-07, 'K_d': 426613.6832964746, 'fission_rate': 7.850975375527572e+19, 'Dg_D1_scale': 1.8207350781727965, 'Dg_D3_scale': 0.9148335909080454, 'Dv_D1_scale': 0.25692435921109663, 'Dv_D2_scale': 2.089942363556688, 'b_bulk_scale': 1.0383295946440165, 'b_dislocation_scale': 0.19824082058852618, 'gb_scale': 2.9410076867687733, 'gd_bubble_scale': 0.08080868335828337, 'gd_line_scale': 5.718712337541561, 'gd_line_alpha': 0.2075258044914136, 'coalescence_d_scale': 0.23200203126952518, 'capture_scale': 0.013168813040961175}. Best is trial 277 with value: 2.5963620740544.
[I 2026-05-03 18:21:29,202] Trial 317 finished with value: 2.6061261481177627 and parameters: {'rho_high_scale': 0.7653966023617665, 'f_n': 1.3727506571514728e-06, 'K_d': 378276.3260187422, 'fission_rate': 7.999504190826052e+19, 'Dg_D1_scale': 1.9649769845884275, 'Dg_D3_scale': 1.0738014851419082, 'Dv_D1_scale': 0.3469882664723403, 'Dv_D2_scale': 2.8207202180643627, 'b_bulk_scale': 1.5311606376194051, 'b_dislocation_scale': 0.2634537393848368, 'gb_scale': 3.5889431300865704, 'gd_bubble_scale': 8.02506951736796, 'gd_line_scale': 0.36882196568257947, 'gd_line_alpha': 0.18463596122348697, 'coalescence_d_scale': 0.25620147908275603, 'capture_scale': 0.019354449189543696}. Best is trial 277 with value: 2.5963620740544.
[I 2026-05-03 18:21:35,333] Trial 318 finished with value: 2.730949495108594 and parameters: {'rho_high_scale': 0.7736352989891927, 'f_n': 1.4856396788937506e-06, 'K_d': 439309.1636449695, 'fission_rate': 7.995066497467708e+19, 'Dg_D1_scale': 1.9740086652576008, 'Dg_D3_scale': 1.0902915810567706, 'Dv_D1_scale': 0.284437385641533, 'Dv_D2_scale': 2.9766270955272773, 'b_bulk_scale': 1.5920170282570538, 'b_dislocation_scale': 0.2280978184218074, 'gb_scale': 3.629832536929231, 'gd_bubble_scale': 5.112660468845894, 'gd_line_scale': 0.35131894195663854, 'gd_line_alpha': 0.18151320263636092, 'coalescence_d_scale': 0.25189755515064083, 'capture_scale': 0.021687767717868945}. Best is trial 277 with value: 2.5963620740544.
[I 2026-05-03 18:21:39,752] Trial 319 finished with value: 2.5745356942322712 and parameters: {'rho_high_scale': 0.7005435745262732, 'f_n': 1.3180883262345385e-06, 'K_d': 363988.0643359228, 'fission_rate': 7.781644012993097e+19, 'Dg_D1_scale': 1.8908560466871998, 'Dg_D3_scale': 0.9770019990494277, 'Dv_D1_scale': 0.37366819377859284, 'Dv_D2_scale': 1.892426746682714, 'b_bulk_scale': 1.5071594837822948, 'b_dislocation_scale': 0.20936770823388437, 'gb_scale': 3.2741126203292277, 'gd_bubble_scale': 5.68450598651941, 'gd_line_scale': 0.400670353071142, 'gd_line_alpha': 0.16406647916168754, 'coalescence_d_scale': 0.2924585112085223, 'capture_scale': 0.019577347631556042}. Best is trial 319 with value: 2.5745356942322712.
[I 2026-05-03 18:21:45,992] Trial 320 finished with value: 2.588247903236141 and parameters: {'rho_high_scale': 0.7014744437181544, 'f_n': 1.358289457496959e-06, 'K_d': 346177.8552521336, 'fission_rate': 7.744460574586895e+19, 'Dg_D1_scale': 1.9534445775080367, 'Dg_D3_scale': 0.9731638706329112, 'Dv_D1_scale': 0.32292703370651166, 'Dv_D2_scale': 1.9106191918767097, 'b_bulk_scale': 1.5478972197625092, 'b_dislocation_scale': 0.20256551920786567, 'gb_scale': 3.6244921269051944, 'gd_bubble_scale': 7.146330622078603, 'gd_line_scale': 0.4629798264602803, 'gd_line_alpha': 0.14009180488977374, 'coalescence_d_scale': 0.30141110449204633, 'capture_scale': 0.01870958866190122}. Best is trial 319 with value: 2.5745356942322712.
[I 2026-05-03 18:21:52,340] Trial 321 finished with value: 3.453186365708516 and parameters: {'rho_high_scale': 1.4487305032894096, 'f_n': 1.2479898064935083e-06, 'K_d': 343153.95293463895, 'fission_rate': 7.732477717868775e+19, 'Dg_D1_scale': 0.46269326663304616, 'Dg_D3_scale': 0.9503383533757174, 'Dv_D1_scale': 0.32124843301697575, 'Dv_D2_scale': 2.0967704932289233, 'b_bulk_scale': 1.5556997216308406, 'b_dislocation_scale': 0.18902966308272334, 'gb_scale': 0.6468482113502725, 'gd_bubble_scale': 0.15967558847895727, 'gd_line_scale': 0.4663934690448762, 'gd_line_alpha': 0.12561976471857159, 'coalescence_d_scale': 0.3058705034782284, 'capture_scale': 0.017658843750581025}. Best is trial 319 with value: 2.5745356942322712.
[I 2026-05-03 18:21:58,631] Trial 322 finished with value: 2.5853138147309465 and parameters: {'rho_high_scale': 0.7000403087689528, 'f_n': 1.3912327571393086e-06, 'K_d': 364891.73672644247, 'fission_rate': 7.780845783654497e+19, 'Dg_D1_scale': 1.9805857820026618, 'Dg_D3_scale': 0.9014818726229219, 'Dv_D1_scale': 0.3068914220744161, 'Dv_D2_scale': 1.8519184608966492, 'b_bulk_scale': 1.5242702612698777, 'b_dislocation_scale': 0.2014307599411891, 'gb_scale': 3.782762613627609, 'gd_bubble_scale': 7.280654702517995, 'gd_line_scale': 0.4633124111164926, 'gd_line_alpha': 0.18705344899316892, 'coalescence_d_scale': 0.29038039055568854, 'capture_scale': 0.018748229164030954}. Best is trial 319 with value: 2.5745356942322712.
[I 2026-05-03 18:22:05,244] Trial 323 finished with value: 2.6192006207539102 and parameters: {'rho_high_scale': 0.7541925203592064, 'f_n': 1.8817952216422848e-06, 'K_d': 370171.2150124444, 'fission_rate': 7.764056033538564e+19, 'Dg_D1_scale': 2.0007641158366454, 'Dg_D3_scale': 0.8732352674354834, 'Dv_D1_scale': 0.2979456058867235, 'Dv_D2_scale': 1.708978311933941, 'b_bulk_scale': 1.5485168616856972, 'b_dislocation_scale': 0.20510118683171458, 'gb_scale': 3.675506368948912, 'gd_bubble_scale': 7.086065457071279, 'gd_line_scale': 0.4775705318767893, 'gd_line_alpha': 0.09448630269339134, 'coalescence_d_scale': 0.28950854690983846, 'capture_scale': 0.016257562406233453}. Best is trial 319 with value: 2.5745356942322712.
[I 2026-05-03 18:22:09,633] Trial 324 finished with value: 2.761973699455771 and parameters: {'rho_high_scale': 0.7020985397803181, 'f_n': 1.4667698310510388e-06, 'K_d': 361358.5608325334, 'fission_rate': 7.802726240538885e+19, 'Dg_D1_scale': 1.9847038049146053, 'Dg_D3_scale': 0.9923040824463792, 'Dv_D1_scale': 0.36760929902104944, 'Dv_D2_scale': 1.807880433177115, 'b_bulk_scale': 1.635664889361453, 'b_dislocation_scale': 0.18964547722385522, 'gb_scale': 3.464833308870756, 'gd_bubble_scale': 7.961082726265572, 'gd_line_scale': 0.4356051611267971, 'gd_line_alpha': 0.2083322760651129, 'coalescence_d_scale': 0.2889234484796616, 'capture_scale': 0.018042025248914077}. Best is trial 319 with value: 2.5745356942322712.Best trial: 319. Best value: 2.57454:  65%|██████▍   | 324/500 [35:24<18:15,  6.22s/it]Best trial: 319. Best value: 2.57454:  65%|██████▍   | 324/500 [35:24<18:15,  6.22s/it]Best trial: 319. Best value: 2.57454:  65%|██████▌   | 325/500 [35:24<16:30,  5.66s/it]                                                                                       Best trial: 319. Best value: 2.57454:  65%|██████▌   | 325/500 [35:30<16:30,  5.66s/it]Best trial: 319. Best value: 2.57454:  65%|██████▌   | 325/500 [35:30<16:30,  5.66s/it]Best trial: 319. Best value: 2.57454:  65%|██████▌   | 326/500 [35:30<16:51,  5.81s/it]                                                                                       Best trial: 319. Best value: 2.57454:  65%|██████▌   | 326/500 [35:36<16:51,  5.81s/it]Best trial: 319. Best value: 2.57454:  65%|██████▌   | 326/500 [35:36<16:51,  5.81s/it]Best trial: 319. Best value: 2.57454:  65%|██████▌   | 327/500 [35:36<17:05,  5.93s/it]                                                                                       Best trial: 319. Best value: 2.57454:  65%|██████▌   | 327/500 [35:42<17:05,  5.93s/it]Best trial: 319. Best value: 2.57454:  65%|██████▌   | 327/500 [35:42<17:05,  5.93s/it]Best trial: 319. Best value: 2.57454:  66%|██████▌   | 328/500 [35:42<17:16,  6.02s/it]                                                                                       Best trial: 319. Best value: 2.57454:  66%|██████▌   | 328/500 [35:48<17:16,  6.02s/it]Best trial: 319. Best value: 2.57454:  66%|██████▌   | 328/500 [35:48<17:16,  6.02s/it]Best trial: 319. Best value: 2.57454:  66%|██████▌   | 329/500 [35:48<17:17,  6.07s/it]                                                                                       Best trial: 319. Best value: 2.57454:  66%|██████▌   | 329/500 [35:53<17:17,  6.07s/it]Best trial: 319. Best value: 2.57454:  66%|██████▌   | 329/500 [35:53<17:17,  6.07s/it]Best trial: 319. Best value: 2.57454:  66%|██████▌   | 330/500 [35:53<15:48,  5.58s/it]                                                                                       Best trial: 319. Best value: 2.57454:  66%|██████▌   | 330/500 [35:59<15:48,  5.58s/it]Best trial: 319. Best value: 2.57454:  66%|██████▌   | 330/500 [35:59<15:48,  5.58s/it]Best trial: 319. Best value: 2.57454:  66%|██████▌   | 331/500 [35:59<16:32,  5.87s/it]                                                                                       Best trial: 319. Best value: 2.57454:  66%|██████▌   | 331/500 [36:06<16:32,  5.87s/it]Best trial: 319. Best value: 2.57454:  66%|██████▌   | 331/500 [36:06<16:32,  5.87s/it]Best trial: 319. Best value: 2.57454:  66%|██████▋   | 332/500 [36:06<16:46,  5.99s/it]                                                                                       Best trial: 319. Best value: 2.57454:  66%|██████▋   | 332/500 [36:12<16:46,  5.99s/it]Best trial: 319. Best value: 2.57454:  66%|██████▋   | 332/500 [36:12<16:46,  5.99s/it]Best trial: 319. Best value: 2.57454:  67%|██████▋   | 333/500 [36:12<16:46,  6.02s/it]                                                                                       Best trial: 319. Best value: 2.57454:  67%|██████▋   | 333/500 [36:18<16:46,  6.02s/it]Best trial: 319. Best value: 2.57454:  67%|██████▋   | 333/500 [36:18<16:46,  6.02s/it]Best trial: 319. Best value: 2.57454:  67%|██████▋   | 334/500 [36:18<16:51,  6.09s/it]                                                                                       Best trial: 319. Best value: 2.57454:  67%|██████▋   | 334/500 [36:22<16:51,  6.09s/it]Best trial: 319. Best value: 2.57454:  67%|██████▋   | 334/500 [36:22<16:51,  6.09s/it]Best trial: 319. Best value: 2.57454:  67%|██████▋   | 335/500 [36:22<15:19,  5.57s/it]                                                                                       Best trial: 319. Best value: 2.57454:  67%|██████▋   | 335/500 [36:28<15:19,  5.57s/it]Best trial: 319. Best value: 2.57454:  67%|██████▋   | 335/500 [36:28<15:19,  5.57s/it]Best trial: 319. Best value: 2.57454:  67%|██████▋   | 336/500 [36:28<15:42,  5.74s/it]                                                                                       
[I 2026-05-03 18:22:15,806] Trial 325 finished with value: 2.6534836244504416 and parameters: {'rho_high_scale': 0.8025632469695129, 'f_n': 1.452410387796423e-06, 'K_d': 369199.9159086848, 'fission_rate': 7.80237543707668e+19, 'Dg_D1_scale': 0.6227190596891923, 'Dg_D3_scale': 0.902139675575546, 'Dv_D1_scale': 0.31475207659054116, 'Dv_D2_scale': 1.830707177791376, 'b_bulk_scale': 1.4576492262739464, 'b_dislocation_scale': 0.21141085022848732, 'gb_scale': 3.7413268154443715, 'gd_bubble_scale': 9.225695041129356, 'gd_line_scale': 0.4175598900218829, 'gd_line_alpha': 0.14097533131800707, 'coalescence_d_scale': 0.2966841880765602, 'capture_scale': 0.01910610784061136}. Best is trial 319 with value: 2.5745356942322712.
[I 2026-05-03 18:22:21,990] Trial 326 finished with value: 2.6034300425241996 and parameters: {'rho_high_scale': 0.7352899006780227, 'f_n': 1.0871011980466383e-06, 'K_d': 357128.97030308197, 'fission_rate': 7.863160994297063e+19, 'Dg_D1_scale': 1.97233186683457, 'Dg_D3_scale': 0.9626985118907331, 'Dv_D1_scale': 0.44977821639082394, 'Dv_D2_scale': 1.9187406968043466, 'b_bulk_scale': 1.6838387195779565, 'b_dislocation_scale': 0.27303418840659605, 'gb_scale': 3.685065692473414, 'gd_bubble_scale': 7.525205933977968, 'gd_line_scale': 0.47059161422967344, 'gd_line_alpha': 0.18783430269423357, 'coalescence_d_scale': 0.2650966567332961, 'capture_scale': 0.01613648583192503}. Best is trial 319 with value: 2.5745356942322712.
[I 2026-05-03 18:22:28,247] Trial 327 finished with value: 4.196470211532517 and parameters: {'rho_high_scale': 0.7737365072789185, 'f_n': 1.2982848739739905e-06, 'K_d': 359614.5835435428, 'fission_rate': 7.7086942723196e+19, 'Dg_D1_scale': 0.8012117939131633, 'Dg_D3_scale': 0.9738327635697889, 'Dv_D1_scale': 0.33760593192637295, 'Dv_D2_scale': 2.291885524390429, 'b_bulk_scale': 1.444231311569166, 'b_dislocation_scale': 0.03699683226667817, 'gb_scale': 3.707027526343778, 'gd_bubble_scale': 7.691455410203659, 'gd_line_scale': 0.4430609735415951, 'gd_line_alpha': 0.18438949096803825, 'coalescence_d_scale': 0.2734169887779508, 'capture_scale': 0.01572773540552571}. Best is trial 319 with value: 2.5745356942322712.
[I 2026-05-03 18:22:34,418] Trial 328 finished with value: 2.5930134265428753 and parameters: {'rho_high_scale': 0.7345819851567782, 'f_n': 1.6324620884234645e-06, 'K_d': 348562.17963955837, 'fission_rate': 7.903326076382496e+19, 'Dg_D1_scale': 1.9888123660140467, 'Dg_D3_scale': 1.0356917847036315, 'Dv_D1_scale': 0.4458465829388087, 'Dv_D2_scale': 2.0257586140031822, 'b_bulk_scale': 1.6777804875073175, 'b_dislocation_scale': 0.2680871128147123, 'gb_scale': 3.321429788038699, 'gd_bubble_scale': 7.377170042012503, 'gd_line_scale': 0.40656402928803076, 'gd_line_alpha': 0.11859367279521564, 'coalescence_d_scale': 0.22332723027052312, 'capture_scale': 0.013253088647754438}. Best is trial 319 with value: 2.5745356942322712.
[I 2026-05-03 18:22:38,863] Trial 329 finished with value: 2.6093101844848543 and parameters: {'rho_high_scale': 0.7571460965946808, 'f_n': 2.067644789544879e-06, 'K_d': 356027.32225687447, 'fission_rate': 7.777316232080643e+19, 'Dg_D1_scale': 1.9451982350398997, 'Dg_D3_scale': 1.0148377439214868, 'Dv_D1_scale': 0.4647435496576847, 'Dv_D2_scale': 1.9530870560896776, 'b_bulk_scale': 1.6733304086425318, 'b_dislocation_scale': 0.27315807883524573, 'gb_scale': 3.349360500904289, 'gd_bubble_scale': 8.378945038964345, 'gd_line_scale': 0.4020526261102258, 'gd_line_alpha': 0.14590490915995324, 'coalescence_d_scale': 0.23719720652582357, 'capture_scale': 0.012575331643413883}. Best is trial 319 with value: 2.5745356942322712.
