[I 2026-05-03 22:45:43,207] Trial 306 finished with value: 2.538954436560777 and parameters: {'rho_high_scale': 0.7324012438773896, 'f_n': 1.699680227141389e-08, 'K_d': 366136.82213926857, 'fission_rate': 4.653362473445916e+19, 'Dg_D1_scale': 0.46665330258340876, 'Dg_D3_scale': 1.0803597910210163, 'Dv_D1_scale': 0.5106205246524351, 'Dv_D2_scale': 3.650167081762767, 'b_bulk_scale': 0.06741460529262175, 'b_dislocation_scale': 0.4336122151182556, 'gb_scale': 1.0509243668751216, 'gd_bubble_scale': 9.140525037737254, 'gd_line_scale': 1.036994493912952, 'gd_line_alpha': 0.913482315322923, 'coalescence_d_scale': 0.3219486604292415, 'capture_scale': 0.040267192474657446}. Best is trial 215 with value: 2.267143995123024.
[I 2026-05-03 22:46:11,491] Trial 307 finished with value: 3.4424533357880804 and parameters: {'rho_high_scale': 0.738220286233629, 'f_n': 8.971883285077854e-09, 'K_d': 353419.8193697898, 'fission_rate': 4.367853812329772e+19, 'Dg_D1_scale': 0.43903541069652424, 'Dg_D3_scale': 0.8896695809595657, 'Dv_D1_scale': 0.35826729959206405, 'Dv_D2_scale': 3.9644877298053576, 'b_bulk_scale': 0.0840954369258682, 'b_dislocation_scale': 0.8218216588154077, 'gb_scale': 5.4210363486471485, 'gd_bubble_scale': 7.58105316433077, 'gd_line_scale': 1.5491839735004538, 'gd_line_alpha': 0.9520292002133692, 'coalescence_d_scale': 0.2050129423972944, 'capture_scale': 0.060051299780795306}. Best is trial 215 with value: 2.267143995123024.
[I 2026-05-03 22:46:44,335] Trial 308 finished with value: 3.8871883403471172 and parameters: {'rho_high_scale': 0.7777688594787767, 'f_n': 1.3318086251062724e-08, 'K_d': 373941.0464570707, 'fission_rate': 6.8390515963707744e+19, 'Dg_D1_scale': 0.6290291761610879, 'Dg_D3_scale': 0.9634846955834977, 'Dv_D1_scale': 0.44967426947774886, 'Dv_D2_scale': 3.1781973125025287, 'b_bulk_scale': 0.07580251278253508, 'b_dislocation_scale': 0.33858678696267175, 'gb_scale': 0.7809872666325174, 'gd_bubble_scale': 9.933965654044139, 'gd_line_scale': 2.04945722176174, 'gd_line_alpha': 0.8853372172905186, 'coalescence_d_scale': 0.27319800404526967, 'capture_scale': 0.04965330727304824}. Best is trial 215 with value: 2.267143995123024.
Best trial: 215. Best value: 2.26714:  62%|██████▏   | 309/500 [4:09:05<27:52:05, 525.27s/it]Best trial: 215. Best value: 2.26714:  62%|██████▏   | 309/500 [4:09:05<27:52:05, 525.27s/it]Best trial: 215. Best value: 2.26714:  62%|██████▏   | 310/500 [4:09:05<19:50:20, 375.90s/it]                                                                                             Best trial: 215. Best value: 2.26714:  62%|██████▏   | 310/500 [4:09:48<19:50:20, 375.90s/it]Best trial: 215. Best value: 2.26714:  62%|██████▏   | 310/500 [4:09:48<19:50:20, 375.90s/it]Best trial: 215. Best value: 2.26714:  62%|██████▏   | 311/500 [4:09:48<14:29:38, 276.08s/it]                                                                                             Best trial: 215. Best value: 2.26714:  62%|██████▏   | 311/500 [4:10:24<14:29:38, 276.08s/it]Best trial: 215. Best value: 2.26714:  62%|██████▏   | 311/500 [4:10:24<14:29:38, 276.08s/it]Best trial: 215. Best value: 2.26714:  62%|██████▏   | 312/500 [4:10:24<10:39:28, 204.09s/it]                                                                                             Best trial: 215. Best value: 2.26714:  62%|██████▏   | 312/500 [4:11:04<10:39:28, 204.09s/it]Best trial: 215. Best value: 2.26714:  62%|██████▏   | 312/500 [4:11:05<10:39:28, 204.09s/it]Best trial: 215. Best value: 2.26714:  63%|██████▎   | 313/500 [4:11:05<8:03:01, 154.98s/it]                                                                                             Best trial: 215. Best value: 2.26714:  63%|██████▎   | 313/500 [4:11:45<8:03:01, 154.98s/it]Best trial: 215. Best value: 2.26714:  63%|██████▎   | 313/500 [4:11:45<8:03:01, 154.98s/it]Best trial: 215. Best value: 2.26714:  63%|██████▎   | 314/500 [4:11:45<6:13:50, 120.59s/it]                                                                                            Best trial: 215. Best value: 2.26714:  63%|██████▎   | 314/500 [4:12:15<6:13:50, 120.59s/it]Best trial: 215. Best value: 2.26714:  63%|██████▎   | 314/500 [4:12:15<6:13:50, 120.59s/it]Best trial: 215. Best value: 2.26714:  63%|██████▎   | 315/500 [4:12:15<4:48:16, 93.49s/it]                                                                                            Best trial: 215. Best value: 2.26714:  63%|██████▎   | 315/500 [4:12:57<4:48:16, 93.49s/it]Best trial: 215. Best value: 2.26714:  63%|██████▎   | 315/500 [4:12:57<4:48:16, 93.49s/it]Best trial: 215. Best value: 2.26714:  63%|██████▎   | 316/500 [4:12:57<3:58:52, 77.89s/it]                                                                                           Best trial: 215. Best value: 2.26714:  63%|██████▎   | 316/500 [4:13:39<3:58:52, 77.89s/it]Best trial: 215. Best value: 2.26714:  63%|██████▎   | 316/500 [4:13:39<3:58:52, 77.89s/it]Best trial: 215. Best value: 2.26714:  63%|██████▎   | 317/500 [4:13:39<3:24:44, 67.13s/it]                                                                                           Best trial: 215. Best value: 2.26714:  63%|██████▎   | 317/500 [4:14:15<3:24:44, 67.13s/it]Best trial: 215. Best value: 2.26714:  63%|██████▎   | 317/500 [4:14:15<3:24:44, 67.13s/it]Best trial: 215. Best value: 2.26714:  64%|██████▎   | 318/500 [4:14:15<2:55:43, 57.93s/it]                                                                                           Best trial: 215. Best value: 2.26714:  64%|██████▎   | 318/500 [4:14:48<2:55:43, 57.93s/it]Best trial: 215. Best value: 2.26714:  64%|██████▎   | 318/500 [4:14:48<2:55:43, 57.93s/it]Best trial: 215. Best value: 2.26714:  64%|██████▍   | 319/500 [4:14:48<2:31:48, 50.32s/it]                                                                                           Best trial: 215. Best value: 2.26714:  64%|██████▍   | 319/500 [4:15:27<2:31:48, 50.32s/it]Best trial: 215. Best value: 2.26714:  64%|██████▍   | 319/500 [4:15:27<2:31:48, 50.32s/it]Best trial: 215. Best value: 2.26714:  64%|██████▍   | 320/500 [4:15:27<2:20:45, 46.92s/it]                                                                                           [I 2026-05-03 22:47:11,690] Trial 309 finished with value: 4.416996828565006 and parameters: {'rho_high_scale': 0.7011473128333073, 'f_n': 7.553282157967567e-09, 'K_d': 363126.4503469502, 'fission_rate': 4.0067377023438275e+19, 'Dg_D1_scale': 0.5284550125925017, 'Dg_D3_scale': 1.1834959922531594, 'Dv_D1_scale': 0.47028115216787064, 'Dv_D2_scale': 3.9905050288127457, 'b_bulk_scale': 0.053926813536058944, 'b_dislocation_scale': 3.9714635151968647, 'gb_scale': 3.478421900895341, 'gd_bubble_scale': 6.8029733088459245, 'gd_line_scale': 2.4198230905631495, 'gd_line_alpha': 0.9353257129792184, 'coalescence_d_scale': 0.34461268526954514, 'capture_scale': 0.020917324217259045}. Best is trial 215 with value: 2.267143995123024.
[I 2026-05-03 22:47:54,855] Trial 310 finished with value: 3.532928150660316 and parameters: {'rho_high_scale': 0.8680146151220478, 'f_n': 1.0751429138170533e-08, 'K_d': 339360.9339847609, 'fission_rate': 4.2658833377840366e+19, 'Dg_D1_scale': 0.6827998628702253, 'Dg_D3_scale': 1.0249191002238793, 'Dv_D1_scale': 0.38385458499200587, 'Dv_D2_scale': 0.3841003254291229, 'b_bulk_scale': 0.06813348469145615, 'b_dislocation_scale': 0.4694646662611565, 'gb_scale': 0.9359758945726129, 'gd_bubble_scale': 8.569903737376956, 'gd_line_scale': 1.808952453737705, 'gd_line_alpha': 0.9786179556536764, 'coalescence_d_scale': 0.30090366712640076, 'capture_scale': 5.8304283566671495}. Best is trial 215 with value: 2.267143995123024.
[I 2026-05-03 22:48:30,983] Trial 311 finished with value: 2.5205495325368674 and parameters: {'rho_high_scale': 0.7361891611141973, 'f_n': 1.808502922762465e-08, 'K_d': 369756.3781915599, 'fission_rate': 4.523157072637461e+19, 'Dg_D1_scale': 0.5666017688631015, 'Dg_D3_scale': 0.843619842711699, 'Dv_D1_scale': 0.41218739429723983, 'Dv_D2_scale': 3.5592320819581476, 'b_bulk_scale': 0.060226370916836684, 'b_dislocation_scale': 0.40469248629821314, 'gb_scale': 3.1475294441190105, 'gd_bubble_scale': 7.710292330236511, 'gd_line_scale': 1.191471366901878, 'gd_line_alpha': 0.9063797690529299, 'coalescence_d_scale': 0.248272907990063, 'capture_scale': 0.03464803023710822}. Best is trial 215 with value: 2.267143995123024.
[I 2026-05-03 22:49:11,364] Trial 312 finished with value: 2.361987441289794 and parameters: {'rho_high_scale': 0.8059611905053669, 'f_n': 1.1990367327814242e-08, 'K_d': 347623.83592808206, 'fission_rate': 4.440341779648687e+19, 'Dg_D1_scale': 0.494394833625939, 'Dg_D3_scale': 1.2733272920170704, 'Dv_D1_scale': 0.4832398542428431, 'Dv_D2_scale': 3.347309400082032, 'b_bulk_scale': 0.0859042434706523, 'b_dislocation_scale': 0.5407273264223467, 'gb_scale': 2.485613964728668, 'gd_bubble_scale': 9.992264245254562, 'gd_line_scale': 1.4509579654575113, 'gd_line_alpha': 0.9628073370324236, 'coalescence_d_scale': 0.2259850906975402, 'capture_scale': 0.04296196053590193}. Best is trial 215 with value: 2.267143995123024.
[I 2026-05-03 22:49:51,738] Trial 313 finished with value: 2.7221340152034523 and parameters: {'rho_high_scale': 0.7669721554825353, 'f_n': 8.437808576096308e-09, 'K_d': 358581.37880527537, 'fission_rate': 4.760987504427616e+19, 'Dg_D1_scale': 0.6113037101359863, 'Dg_D3_scale': 1.1157744131988332, 'Dv_D1_scale': 0.36463792017435176, 'Dv_D2_scale': 3.769209571001562, 'b_bulk_scale': 0.10088619885826144, 'b_dislocation_scale': 0.3138489865654429, 'gb_scale': 3.764520933003564, 'gd_bubble_scale': 8.394205373602725, 'gd_line_scale': 1.0601299685785117, 'gd_line_alpha': 0.9311970387912346, 'coalescence_d_scale': 0.28767756549196716, 'capture_scale': 3.4867928002102264}. Best is trial 215 with value: 2.267143995123024.
[I 2026-05-03 22:50:21,983] Trial 314 finished with value: 3.284940047441758 and parameters: {'rho_high_scale': 0.7311874346156667, 'f_n': 1.3842166001259097e-08, 'K_d': 380573.0251762431, 'fission_rate': 4.344409011552518e+19, 'Dg_D1_scale': 0.5337646827961995, 'Dg_D3_scale': 0.3317699849518613, 'Dv_D1_scale': 0.4373736764252948, 'Dv_D2_scale': 3.5378857506805788, 'b_bulk_scale': 0.05150880425683805, 'b_dislocation_scale': 0.6952867694079022, 'gb_scale': 2.7875827301808322, 'gd_bubble_scale': 6.846364608460239, 'gd_line_scale': 1.2856166007679979, 'gd_line_alpha': 0.9811756795615062, 'coalescence_d_scale': 0.3650604409904243, 'capture_scale': 0.029764812929755642}. Best is trial 215 with value: 2.267143995123024.
[I 2026-05-03 22:51:03,492] Trial 315 finished with value: 3.303611952986747 and parameters: {'rho_high_scale': 0.7009288861207684, 'f_n': 4.1789171485819285e-09, 'K_d': 363558.7661312807, 'fission_rate': 4.587038600218126e+19, 'Dg_D1_scale': 0.6484382468269015, 'Dg_D3_scale': 0.9327299779733138, 'Dv_D1_scale': 0.3923156761483788, 'Dv_D2_scale': 0.8371530991578592, 'b_bulk_scale': 0.07444197690725234, 'b_dislocation_scale': 0.3666207284531759, 'gb_scale': 3.2649143510343555, 'gd_bubble_scale': 9.166629455522552, 'gd_line_scale': 2.6637716793745825, 'gd_line_alpha': 0.9533685842011486, 'coalescence_d_scale': 0.2634842675503376, 'capture_scale': 0.07037445090732534}. Best is trial 215 with value: 2.267143995123024.
[I 2026-05-03 22:51:45,484] Trial 316 finished with value: 2.5175489869864816 and parameters: {'rho_high_scale': 0.7594420786072711, 'f_n': 6.588133850676778e-09, 'K_d': 352649.1529864772, 'fission_rate': 4.1417599108862255e+19, 'Dg_D1_scale': 0.6969284495883036, 'Dg_D3_scale': 3.418634188960688, 'Dv_D1_scale': 0.5083025565800662, 'Dv_D2_scale': 3.785370041754181, 'b_bulk_scale': 0.06330227147659774, 'b_dislocation_scale': 0.41925010316178085, 'gb_scale': 3.978870804176857, 'gd_bubble_scale': 6.0912456506477515, 'gd_line_scale': 1.5297736460614417, 'gd_line_alpha': 0.8789104305163176, 'coalescence_d_scale': 0.3252833225768765, 'capture_scale': 0.02362700328021135}. Best is trial 215 with value: 2.267143995123024.
[I 2026-05-03 22:52:21,953] Trial 317 finished with value: 2.3579174785697097 and parameters: {'rho_high_scale': 0.8328079172351129, 'f_n': 1.019323090709335e-08, 'K_d': 332946.10201101314, 'fission_rate': 4.4222880544338395e+19, 'Dg_D1_scale': 0.5737396920078257, 'Dg_D3_scale': 1.362966479062618, 'Dv_D1_scale': 0.538475741892312, 'Dv_D2_scale': 3.9944386518263317, 'b_bulk_scale': 0.056961207709927866, 'b_dislocation_scale': 0.4768070098106971, 'gb_scale': 2.963040921736129, 'gd_bubble_scale': 7.492954789647202, 'gd_line_scale': 1.3455935980574139, 'gd_line_alpha': 0.9999199261757271, 'coalescence_d_scale': 0.21168470891709426, 'capture_scale': 0.05713713427755613}. Best is trial 215 with value: 2.267143995123024.
[I 2026-05-03 22:52:54,528] Trial 318 finished with value: 3.9016883723875724 and parameters: {'rho_high_scale': 0.7339461562615889, 'f_n': 9.288615555650921e-09, 'K_d': 369998.79807309026, 'fission_rate': 6.143820143051528e+19, 'Dg_D1_scale': 0.48497753010582356, 'Dg_D3_scale': 0.8408695138860776, 'Dv_D1_scale': 0.4242551295951255, 'Dv_D2_scale': 3.3420631781602617, 'b_bulk_scale': 0.08034365530176094, 'b_dislocation_scale': 0.5548472772550898, 'gb_scale': 0.05107759549513418, 'gd_bubble_scale': 8.34855970201461, 'gd_line_scale': 1.1727240632465261, 'gd_line_alpha': 0.9152106825117872, 'coalescence_d_scale': 0.48281535672327647, 'capture_scale': 0.03925346063924866}. Best is trial 215 with value: 2.267143995123024.
[I 2026-05-03 22:53:33,530] Trial 319 finished with value: 4.942914439428505 and parameters: {'rho_high_scale': 0.791027620107473, 'f_n': 4.1702813100514345e-08, 'K_d': 763173.418071085, 'fission_rate': 4.999382117882325e+19, 'Dg_D1_scale': 0.5288289636722111, 'Dg_D3_scale': 1.4518317791000022, 'Dv_D1_scale': 0.4776408730642154, 'Dv_D2_scale': 3.1172213568596274, 'b_bulk_scale': 0.07236807892451913, 'b_dislocation_scale': 0.36618766563748395, 'gb_scale': 0.06734695069225126, 'gd_bubble_scale': 9.238674283451873, 'gd_line_scale': 2.2089190478195513, 'gd_line_alpha': 0.9656449162515959, 'coalescence_d_scale': 0.299063109600203, 'capture_scale': 0.014335917543134008}. Best is trial 215 with value: 2.267143995123024.
Best trial: 215. Best value: 2.26714:  64%|██████▍   | 320/500 [4:16:11<2:20:45, 46.92s/it]Best trial: 215. Best value: 2.26714:  64%|██████▍   | 320/500 [4:16:11<2:20:45, 46.92s/it]Best trial: 215. Best value: 2.26714:  64%|██████▍   | 321/500 [4:16:11<2:17:51, 46.21s/it]                                                                                           Best trial: 215. Best value: 2.26714:  64%|██████▍   | 321/500 [4:16:49<2:17:51, 46.21s/it]Best trial: 215. Best value: 2.26714:  64%|██████▍   | 321/500 [4:16:49<2:17:51, 46.21s/it]Best trial: 215. Best value: 2.26714:  64%|██████▍   | 322/500 [4:16:49<2:09:30, 43.66s/it]                                                                                           Best trial: 215. Best value: 2.26714:  64%|██████▍   | 322/500 [4:17:29<2:09:30, 43.66s/it]Best trial: 215. Best value: 2.26714:  64%|██████▍   | 322/500 [4:17:29<2:09:30, 43.66s/it]Best trial: 215. Best value: 2.26714:  65%|██████▍   | 323/500 [4:17:29<2:05:20, 42.49s/it]                                                                                           Best trial: 215. Best value: 2.26714:  65%|██████▍   | 323/500 [4:18:09<2:05:20, 42.49s/it]Best trial: 215. Best value: 2.26714:  65%|██████▍   | 323/500 [4:18:10<2:05:20, 42.49s/it]Best trial: 215. Best value: 2.26714:  65%|██████▍   | 324/500 [4:18:10<2:03:08, 41.98s/it]                                                                                           Best trial: 215. Best value: 2.26714:  65%|██████▍   | 324/500 [4:18:44<2:03:08, 41.98s/it]Best trial: 215. Best value: 2.26714:  65%|██████▍   | 324/500 [4:18:44<2:03:08, 41.98s/it]Best trial: 215. Best value: 2.26714:  65%|██████▌   | 325/500 [4:18:44<1:55:35, 39.63s/it]                                                                                           Best trial: 215. Best value: 2.26714:  65%|██████▌   | 325/500 [4:19:22<1:55:35, 39.63s/it]Best trial: 215. Best value: 2.26714:  65%|██████▌   | 325/500 [4:19:22<1:55:35, 39.63s/it]Best trial: 215. Best value: 2.26714:  65%|██████▌   | 326/500 [4:19:22<1:53:38, 39.19s/it]                                                                                           Best trial: 215. Best value: 2.26714:  65%|██████▌   | 326/500 [4:20:02<1:53:38, 39.19s/it]Best trial: 215. Best value: 2.26714:  65%|██████▌   | 326/500 [4:20:02<1:53:38, 39.19s/it]Best trial: 215. Best value: 2.26714:  65%|██████▌   | 327/500 [4:20:02<1:53:31, 39.38s/it]                                                                                           Best trial: 215. Best value: 2.26714:  65%|██████▌   | 327/500 [4:20:33<1:53:31, 39.38s/it]Best trial: 215. Best value: 2.26714:  65%|██████▌   | 327/500 [4:20:33<1:53:31, 39.38s/it]Best trial: 215. Best value: 2.26714:  66%|██████▌   | 328/500 [4:20:33<1:45:52, 36.93s/it]                                                                                           Best trial: 215. Best value: 2.26714:  66%|██████▌   | 328/500 [4:20:59<1:45:52, 36.93s/it]Best trial: 215. Best value: 2.26714:  66%|██████▌   | 328/500 [4:20:59<1:45:52, 36.93s/it]Best trial: 215. Best value: 2.26714:  66%|██████▌   | 329/500 [4:20:59<1:36:07, 33.73s/it]                                                                                           Best trial: 215. Best value: 2.26714:  66%|██████▌   | 329/500 [4:21:32<1:36:07, 33.73s/it]Best trial: 215. Best value: 2.26714:  66%|██████▌   | 329/500 [4:21:32<1:36:07, 33.73s/it]Best trial: 215. Best value: 2.26714:  66%|██████▌   | 330/500 [4:21:32<1:35:05, 33.56s/it]                                                                                           Best trial: 215. Best value: 2.26714:  66%|██████▌   | 330/500 [4:22:13<1:35:05, 33.56s/it]Best trial: 215. Best value: 2.26714:  66%|██████▌   | 330/500 [4:22:13<1:35:05, 33.56s/it]Best trial: 215. Best value: 2.26714:  66%|██████▌   | 331/500 [4:22:13<1:40:42, 35.75s/it]                                                                                           [I 2026-05-03 22:54:18,077] Trial 320 finished with value: 2.4517873356113085 and parameters: {'rho_high_scale': 0.7006145356620668, 'f_n': 1.5190662883009168e-08, 'K_d': 344333.3134283295, 'fission_rate': 4.270463564533606e+19, 'Dg_D1_scale': 0.6040953731237256, 'Dg_D3_scale': 1.0645600486817526, 'Dv_D1_scale': 0.4038776147087421, 'Dv_D2_scale': 3.6084662703334627, 'b_bulk_scale': 0.06711036540638335, 'b_dislocation_scale': 0.3256227855594605, 'gb_scale': 3.5280337837986484, 'gd_bubble_scale': 7.814489098865975, 'gd_line_scale': 1.6391074172706526, 'gd_line_alpha': 0.0695643623158913, 'coalescence_d_scale': 0.10194630150315315, 'capture_scale': 0.08016467417377886}. Best is trial 215 with value: 2.267143995123024.
[I 2026-05-03 22:54:55,756] Trial 321 finished with value: 2.3129697366873234 and parameters: {'rho_high_scale': 0.7543059243410342, 'f_n': 6.764242354301722e-08, 'K_d': 359176.62558556575, 'fission_rate': 4.6674978164260545e+19, 'Dg_D1_scale': 0.4467651415531958, 'Dg_D3_scale': 1.1697517172461014, 'Dv_D1_scale': 0.45118313370262897, 'Dv_D2_scale': 3.477635686051175, 'b_bulk_scale': 0.051141252823839994, 'b_dislocation_scale': 0.4405479542569873, 'gb_scale': 1.1899544205079091, 'gd_bubble_scale': 7.013379608544044, 'gd_line_scale': 1.955696686284388, 'gd_line_alpha': 0.9409312010751022, 'coalescence_d_scale': 0.39412240830180495, 'capture_scale': 0.04793322530137451}. Best is trial 215 with value: 2.267143995123024.
[I 2026-05-03 22:55:35,539] Trial 322 finished with value: 4.12046621290879 and parameters: {'rho_high_scale': 0.7704539721688027, 'f_n': 6.30017364200822e-08, 'K_d': 357192.97533987014, 'fission_rate': 4.848419135965822e+19, 'Dg_D1_scale': 0.4270666709440044, 'Dg_D3_scale': 0.9846229116836379, 'Dv_D1_scale': 0.4522602038562672, 'Dv_D2_scale': 0.6842842532896033, 'b_bulk_scale': 0.05054556711620506, 'b_dislocation_scale': 0.37962416658922143, 'gb_scale': 1.1962561170517723, 'gd_bubble_scale': 6.569151592706952, 'gd_line_scale': 9.51659195217167, 'gd_line_alpha': 0.8991662390301203, 'coalescence_d_scale': 0.2655963241306171, 'capture_scale': 0.04743796993739323}. Best is trial 215 with value: 2.267143995123024.
[I 2026-05-03 22:56:16,289] Trial 323 finished with value: 3.8652798116533837 and parameters: {'rho_high_scale': 0.8080152160685583, 'f_n': 9.24956160822807e-08, 'K_d': 348608.03697905445, 'fission_rate': 4.732893308157941e+19, 'Dg_D1_scale': 3.450055178756269, 'Dg_D3_scale': 1.1483770322315383, 'Dv_D1_scale': 0.3733258804208796, 'Dv_D2_scale': 3.2324545725673053, 'b_bulk_scale': 1.066790848360036, 'b_dislocation_scale': 0.5888965977589614, 'gb_scale': 1.0398098585664026, 'gd_bubble_scale': 5.955657792934841, 'gd_line_scale': 1.802236889691063, 'gd_line_alpha': 0.9365604393178587, 'coalescence_d_scale': 0.4049423670165397, 'capture_scale': 0.05212900493093025}. Best is trial 215 with value: 2.267143995123024.
[I 2026-05-03 22:56:50,494] Trial 324 finished with value: 2.4054344280413336 and parameters: {'rho_high_scale': 0.734512777103456, 'f_n': 5.309728023083565e-08, 'K_d': 467178.09194170183, 'fission_rate': 4.643635129652875e+19, 'Dg_D1_scale': 0.4444354735743488, 'Dg_D3_scale': 0.48523593482836536, 'Dv_D1_scale': 0.43835750256937317, 'Dv_D2_scale': 3.4570778227832295, 'b_bulk_scale': 0.05675567364213091, 'b_dislocation_scale': 0.5012157092446754, 'gb_scale': 1.127369944498234, 'gd_bubble_scale': 6.978705156838002, 'gd_line_scale': 2.0050365271626425, 'gd_line_alpha': 0.9235123206931205, 'coalescence_d_scale': 1.0502030500087196, 'capture_scale': 0.28113641925807714}. Best is trial 215 with value: 2.267143995123024.
