[I 2026-05-03 19:23:26,077] Trial 94 finished with value: 4.150562751310017 and parameters: {'rho_high_scale': 1.306067426388867, 'f_n': 1.4736035311834136e-08, 'K_d': 338490.4197714214, 'fission_rate': 7.437416150830667e+19, 'Dg_D1_scale': 0.3182103169625302, 'Dg_D3_scale': 0.7786806867124105, 'Dv_D1_scale': 0.676368811431729, 'Dv_D2_scale': 2.4777411026684035, 'b_bulk_scale': 0.923727282877739, 'b_dislocation_scale': 0.31627452566266917, 'gb_scale': 0.4737808349190116, 'gd_bubble_scale': 2.3268332799430964, 'gd_line_scale': 0.47627065575806804, 'gd_line_alpha': 0.7174495832900735, 'coalescence_d_scale': 0.23462189113828766, 'capture_scale': 1.2698233753933243}. Best is trial 60 with value: 2.4762914850800923.
[I 2026-05-03 19:23:52,997] Trial 95 finished with value: 5.284646564297859 and parameters: {'rho_high_scale': 5.1528967577598195, 'f_n': 2.4065313923923754e-08, 'K_d': 361537.22877058, 'fission_rate': 7.632338434045185e+19, 'Dg_D1_scale': 0.2411748202122146, 'Dg_D3_scale': 1.9179680549735751, 'Dv_D1_scale': 0.7512747377808666, 'Dv_D2_scale': 1.9199293181106911, 'b_bulk_scale': 0.040242339924687016, 'b_dislocation_scale': 0.22102550461624396, 'gb_scale': 0.3636372566086698, 'gd_bubble_scale': 1.2961169175869869, 'gd_line_scale': 0.7165064773592708, 'gd_line_alpha': 0.6517449477005314, 'coalescence_d_scale': 0.2879636189915419, 'capture_scale': 1.135423683896072}. Best is trial 60 with value: 2.4762914850800923.
[I 2026-05-03 19:24:12,214] Trial 96 finished with value: 3.7853159850460485 and parameters: {'rho_high_scale': 1.0845850030823576, 'f_n': 2.898922806501712e-08, 'K_d': 336472.33312894317, 'fission_rate': 7.239733086508418e+19, 'Dg_D1_scale': 0.4094435876653886, 'Dg_D3_scale': 1.4141840487290582, 'Dv_D1_scale': 0.7970181991947886, 'Dv_D2_scale': 2.185011740013667, 'b_bulk_scale': 0.04598370130080506, 'b_dislocation_scale': 0.4844520615874462, 'gb_scale': 0.33603515600041667, 'gd_bubble_scale': 1.5647288432273854, 'gd_line_scale': 0.3134122860203933, 'gd_line_alpha': 0.8052215904298623, 'coalescence_d_scale': 0.4526460010480005, 'capture_scale': 0.9792132714720602}. Best is trial 60 with value: 2.4762914850800923.
[I 2026-05-03 19:24:41,015] Trial 97 finished with value: 3.4666868612865227 and parameters: {'rho_high_scale': 0.8782551187059007, 'f_n': 5.504100345657781e-09, 'K_d': 308610.84984585363, 'fission_rate': 7.699892949500325e+19, 'Dg_D1_scale': 0.37514718562671195, 'Dg_D3_scale': 1.6871126086418884, 'Dv_D1_scale': 0.5120044005732781, 'Dv_D2_scale': 2.640092012874377, 'b_bulk_scale': 0.03975702893242478, 'b_dislocation_scale': 0.27978092142618294, 'gb_scale': 0.22410826913961246, 'gd_bubble_scale': 2.1619637393775317, 'gd_line_scale': 0.8906058144091796, 'gd_line_alpha': 0.745552935320937, 'coalescence_d_scale': 1.3297052743552877, 'capture_scale': 0.6079748597637773}. Best is trial 60 with value: 2.4762914850800923.
[I 2026-05-03 19:25:05,105] Trial 98 finished with value: 2.6015357371313197 and parameters: {'rho_high_scale': 0.7873339533437865, 'f_n': 1.6432818562218612e-08, 'K_d': 348304.7110754087, 'fission_rate': 7.778252040919487e+19, 'Dg_D1_scale': 0.4590981779128503, 'Dg_D3_scale': 2.123224237540613, 'Dv_D1_scale': 0.6033358131506514, 'Dv_D2_scale': 2.3927742883843424, 'b_bulk_scale': 0.0638981715417147, 'b_dislocation_scale': 0.4183591727060291, 'gb_scale': 0.4264032580616889, 'gd_bubble_scale': 2.4893865409000573, 'gd_line_scale': 0.6142792013034379, 'gd_line_alpha': 0.7016297630279219, 'coalescence_d_scale': 0.175169499896524, 'capture_scale': 1.692937439118344}. Best is trial 60 with value: 2.4762914850800923.
[I 2026-05-03 19:25:32,094] Trial 99 finished with value: 3.138378108329192 and parameters: {'rho_high_scale': 0.7393405728993948, 'f_n': 1.1290238933366817e-08, 'K_d': 368754.7460432629, 'fission_rate': 7.576624937798122e+19, 'Dg_D1_scale': 0.44564402930349656, 'Dg_D3_scale': 2.6860719138127362, 'Dv_D1_scale': 0.6101759163732219, 'Dv_D2_scale': 2.3850649820377154, 'b_bulk_scale': 0.06457117206061083, 'b_dislocation_scale': 0.2076542773074295, 'gb_scale': 0.6815535678469617, 'gd_bubble_scale': 2.4743065756184737, 'gd_line_scale': 0.7569487964931471, 'gd_line_alpha': 0.7043515624721896, 'coalescence_d_scale': 0.11274180650055106, 'capture_scale': 2.015029572994687}. Best is trial 60 with value: 2.4762914850800923.
Best trial: 60. Best value: 2.47629:  20%|██        | 100/500 [47:52<2:51:19, 25.70s/it]Best trial: 60. Best value: 2.47629:  20%|██        | 100/500 [47:53<2:51:19, 25.70s/it]Best trial: 60. Best value: 2.47629:  20%|██        | 101/500 [47:53<2:54:06, 26.18s/it]                                                                                        Best trial: 60. Best value: 2.47629:  20%|██        | 101/500 [48:18<2:54:06, 26.18s/it]Best trial: 101. Best value: 2.43449:  20%|██        | 101/500 [48:18<2:54:06, 26.18s/it]Best trial: 101. Best value: 2.43449:  20%|██        | 102/500 [48:18<2:51:25, 25.84s/it]                                                                                         Best trial: 101. Best value: 2.43449:  20%|██        | 102/500 [48:43<2:51:25, 25.84s/it]Best trial: 102. Best value: 2.42805:  20%|██        | 102/500 [48:43<2:51:25, 25.84s/it]Best trial: 102. Best value: 2.42805:  21%|██        | 103/500 [48:43<2:50:31, 25.77s/it]                                                                                         Best trial: 102. Best value: 2.42805:  21%|██        | 103/500 [49:05<2:50:31, 25.77s/it]Best trial: 102. Best value: 2.42805:  21%|██        | 103/500 [49:05<2:50:31, 25.77s/it]Best trial: 102. Best value: 2.42805:  21%|██        | 104/500 [49:05<2:42:51, 24.68s/it]                                                                                         Best trial: 102. Best value: 2.42805:  21%|██        | 104/500 [49:33<2:42:51, 24.68s/it]Best trial: 102. Best value: 2.42805:  21%|██        | 104/500 [49:33<2:42:51, 24.68s/it]Best trial: 102. Best value: 2.42805:  21%|██        | 105/500 [49:33<2:48:09, 25.54s/it]                                                                                         Best trial: 102. Best value: 2.42805:  21%|██        | 105/500 [50:05<2:48:09, 25.54s/it]Best trial: 105. Best value: 2.41023:  21%|██        | 105/500 [50:05<2:48:09, 25.54s/it]Best trial: 105. Best value: 2.41023:  21%|██        | 106/500 [50:05<3:00:38, 27.51s/it]                                                                                         Best trial: 105. Best value: 2.41023:  21%|██        | 106/500 [50:26<3:00:38, 27.51s/it]Best trial: 105. Best value: 2.41023:  21%|██        | 106/500 [50:27<3:00:38, 27.51s/it]Best trial: 105. Best value: 2.41023:  21%|██▏       | 107/500 [50:27<2:48:16, 25.69s/it]                                                                                         Best trial: 105. Best value: 2.41023:  21%|██▏       | 107/500 [50:51<2:48:16, 25.69s/it]Best trial: 105. Best value: 2.41023:  21%|██▏       | 107/500 [50:51<2:48:16, 25.69s/it]Best trial: 105. Best value: 2.41023:  22%|██▏       | 108/500 [50:51<2:45:41, 25.36s/it]                                                                                         Best trial: 105. Best value: 2.41023:  22%|██▏       | 108/500 [51:28<2:45:41, 25.36s/it]Best trial: 105. Best value: 2.41023:  22%|██▏       | 108/500 [51:28<2:45:41, 25.36s/it]Best trial: 105. Best value: 2.41023:  22%|██▏       | 109/500 [51:28<3:07:32, 28.78s/it]                                                                                         Best trial: 105. Best value: 2.41023:  22%|██▏       | 109/500 [52:06<3:07:32, 28.78s/it]Best trial: 105. Best value: 2.41023:  22%|██▏       | 109/500 [52:06<3:07:32, 28.78s/it]Best trial: 105. Best value: 2.41023:  22%|██▏       | 110/500 [52:06<3:24:37, 31.48s/it]                                                                                         Best trial: 105. Best value: 2.41023:  22%|██▏       | 110/500 [52:29<3:24:37, 31.48s/it]Best trial: 105. Best value: 2.41023:  22%|██▏       | 110/500 [52:29<3:24:37, 31.48s/it]Best trial: 105. Best value: 2.41023:  22%|██▏       | 111/500 [52:29<3:08:02, 29.00s/it]                                                                                         [I 2026-05-03 19:25:59,383] Trial 100 finished with value: 4.382173484675017 and parameters: {'rho_high_scale': 1.284265866972654, 'f_n': 1.5804249325319385e-08, 'K_d': 389561.69948331907, 'fission_rate': 7.78281701168135e+19, 'Dg_D1_scale': 0.3816555589418251, 'Dg_D3_scale': 2.183642085939017, 'Dv_D1_scale': 0.6657212547700501, 'Dv_D2_scale': 1.925580318032265, 'b_bulk_scale': 0.5230425742474359, 'b_dislocation_scale': 0.3770665271642125, 'gb_scale': 0.4608155337203841, 'gd_bubble_scale': 1.7303368313634562, 'gd_line_scale': 1.0977000959897338, 'gd_line_alpha': 0.7345096643485357, 'coalescence_d_scale': 0.16208225233545356, 'capture_scale': 1.6850748366229653}. Best is trial 60 with value: 2.4762914850800923.
[I 2026-05-03 19:26:24,429] Trial 101 finished with value: 2.4344940347277872 and parameters: {'rho_high_scale': 0.795158652207202, 'f_n': 8.812946618962537e-09, 'K_d': 356346.9690086099, 'fission_rate': 7.703627266575773e+19, 'Dg_D1_scale': 0.503123473197648, 'Dg_D3_scale': 0.8692118227661163, 'Dv_D1_scale': 0.5335033620137206, 'Dv_D2_scale': 2.477275389592403, 'b_bulk_scale': 0.055393925818249985, 'b_dislocation_scale': 0.43116064030247464, 'gb_scale': 0.3882778518719771, 'gd_bubble_scale': 2.8402365011882775, 'gd_line_scale': 0.6095681501738368, 'gd_line_alpha': 0.5205234858920196, 'coalescence_d_scale': 0.2083273944448717, 'capture_scale': 1.2710275134048077}. Best is trial 101 with value: 2.4344940347277872.
[I 2026-05-03 19:26:49,987] Trial 102 finished with value: 2.4280539727001593 and parameters: {'rho_high_scale': 0.8005880989978289, 'f_n': 8.810944754702596e-09, 'K_d': 350529.361730643, 'fission_rate': 7.465521556636287e+19, 'Dg_D1_scale': 0.4794145453979715, 'Dg_D3_scale': 0.8623932713415202, 'Dv_D1_scale': 0.5336995114249693, 'Dv_D2_scale': 2.4910341248663967, 'b_bulk_scale': 0.05456291799818474, 'b_dislocation_scale': 0.4310847509101608, 'gb_scale': 0.39476681842101446, 'gd_bubble_scale': 2.890579047262585, 'gd_line_scale': 0.6198608343234892, 'gd_line_alpha': 0.4800664358508148, 'coalescence_d_scale': 0.1812238636919898, 'capture_scale': 1.3389932041455543}. Best is trial 102 with value: 2.4280539727001593.
[I 2026-05-03 19:27:12,177] Trial 103 finished with value: 3.190376223009545 and parameters: {'rho_high_scale': 0.80815989720837, 'f_n': 4.8072394278883105e-08, 'K_d': 357687.30387111666, 'fission_rate': 7.263622376821111e+19, 'Dg_D1_scale': 0.4932497308726727, 'Dg_D3_scale': 0.8663995967962452, 'Dv_D1_scale': 0.5312702995055756, 'Dv_D2_scale': 2.2343788964255413, 'b_bulk_scale': 0.07518333078496475, 'b_dislocation_scale': 0.4611364648505273, 'gb_scale': 0.5343171207981441, 'gd_bubble_scale': 2.9727846297040847, 'gd_line_scale': 0.6373976543506076, 'gd_line_alpha': 0.5175128517598679, 'coalescence_d_scale': 0.1351761052875345, 'capture_scale': 1.3538249145869765}. Best is trial 102 with value: 2.4280539727001593.
[I 2026-05-03 19:27:39,737] Trial 104 finished with value: 2.7527566153033063 and parameters: {'rho_high_scale': 0.7704855765836169, 'f_n': 8.680693622597133e-09, 'K_d': 382891.4185925659, 'fission_rate': 7.451979731032747e+19, 'Dg_D1_scale': 0.3269001778263808, 'Dg_D3_scale': 0.712332138301702, 'Dv_D1_scale': 0.4657391167596002, 'Dv_D2_scale': 2.040121894364232, 'b_bulk_scale': 0.059170662990847125, 'b_dislocation_scale': 0.4190672795141997, 'gb_scale': 0.37791782603789087, 'gd_bubble_scale': 2.133956445442698, 'gd_line_scale': 1.3538519011646255, 'gd_line_alpha': 0.4664754139308539, 'coalescence_d_scale': 0.19007026926014373, 'capture_scale': 0.8934401073917019}. Best is trial 102 with value: 2.4280539727001593.
[I 2026-05-03 19:28:11,803] Trial 105 finished with value: 2.4102342377586945 and parameters: {'rho_high_scale': 0.8393316464497896, 'f_n': 3.2506432762737207e-08, 'K_d': 344430.65952576284, 'fission_rate': 5.6526467029582045e+19, 'Dg_D1_scale': 0.4814379975444372, 'Dg_D3_scale': 0.632761904492462, 'Dv_D1_scale': 0.5541298688156843, 'Dv_D2_scale': 2.4812234983312162, 'b_bulk_scale': 0.05393611235610783, 'b_dislocation_scale': 0.3155375221806368, 'gb_scale': 0.31317480578717266, 'gd_bubble_scale': 3.102113649894881, 'gd_line_scale': 0.462902597342399, 'gd_line_alpha': 0.5432189705949771, 'coalescence_d_scale': 0.24406989093337833, 'capture_scale': 1.0341275227548425}. Best is trial 105 with value: 2.4102342377586945.
[I 2026-05-03 19:28:33,275] Trial 106 finished with value: 3.753532541374501 and parameters: {'rho_high_scale': 0.824916146136033, 'f_n': 1.845619506481529e-08, 'K_d': 353578.683544715, 'fission_rate': 5.9621059545641615e+19, 'Dg_D1_scale': 0.49327629960030267, 'Dg_D3_scale': 0.5468273732853466, 'Dv_D1_scale': 0.5440036917465314, 'Dv_D2_scale': 2.4462878820236913, 'b_bulk_scale': 0.05474990773635493, 'b_dislocation_scale': 0.3457635135535498, 'gb_scale': 6.69968404319442, 'gd_bubble_scale': 3.245751076141892, 'gd_line_scale': 0.9650510315009246, 'gd_line_alpha': 0.5472445062172285, 'coalescence_d_scale': 0.2627943768177386, 'capture_scale': 1.2280162867448723}. Best is trial 105 with value: 2.4102342377586945.
[I 2026-05-03 19:28:57,867] Trial 107 finished with value: 2.422275406063262 and parameters: {'rho_high_scale': 0.7150561619203196, 'f_n': 5.43311234150739e-09, 'K_d': 349638.2914950138, 'fission_rate': 7.361167605304006e+19, 'Dg_D1_scale': 0.42814376984221214, 'Dg_D3_scale': 0.6400935688231357, 'Dv_D1_scale': 0.5038795941650068, 'Dv_D2_scale': 2.6691326671861035, 'b_bulk_scale': 0.04931962559993793, 'b_dislocation_scale': 0.5164396285144025, 'gb_scale': 0.42385245095075125, 'gd_bubble_scale': 2.872802206318228, 'gd_line_scale': 0.8040468164633015, 'gd_line_alpha': 0.5106238332039101, 'coalescence_d_scale': 0.1420930054055315, 'capture_scale': 1.7859760187865865}. Best is trial 105 with value: 2.4102342377586945.
[I 2026-05-03 19:29:34,621] Trial 108 finished with value: 2.756280123141515 and parameters: {'rho_high_scale': 0.7066771078910814, 'f_n': 5.455049831224065e-09, 'K_d': 400876.85010627244, 'fission_rate': 5.5953432679955186e+19, 'Dg_D1_scale': 0.524407068523907, 'Dg_D3_scale': 0.6403638861222507, 'Dv_D1_scale': 0.6037047858155874, 'Dv_D2_scale': 2.7870711673010597, 'b_bulk_scale': 0.07310850328635536, 'b_dislocation_scale': 0.5074619434511138, 'gb_scale': 0.5015414644869559, 'gd_bubble_scale': 6.828939504196367, 'gd_line_scale': 0.6166749071720046, 'gd_line_alpha': 0.5085826309145728, 'coalescence_d_scale': 0.1350799665593881, 'capture_scale': 2.0667451784173743}. Best is trial 105 with value: 2.4102342377586945.
[I 2026-05-03 19:30:12,410] Trial 109 finished with value: 3.4580331797559793 and parameters: {'rho_high_scale': 0.7356837090103913, 'f_n': 4.114244404928574e-09, 'K_d': 348173.0089775861, 'fission_rate': 5.0953093073656545e+19, 'Dg_D1_scale': 0.48026458067765404, 'Dg_D3_scale': 0.5772517420207328, 'Dv_D1_scale': 0.5582694967726021, 'Dv_D2_scale': 0.48648638823877993, 'b_bulk_scale': 0.052080141958547266, 'b_dislocation_scale': 0.5360014731696888, 'gb_scale': 0.43822337000234385, 'gd_bubble_scale': 4.863387343875722, 'gd_line_scale': 1.9385218658269632, 'gd_line_alpha': 0.43310971074702376, 'coalescence_d_scale': 0.21424632385641879, 'capture_scale': 0.010184190943596292}. Best is trial 105 with value: 2.4102342377586945.
[I 2026-05-03 19:30:35,635] Trial 110 finished with value: 4.088609541672785 and parameters: {'rho_high_scale': 0.7849550649692663, 'f_n': 8.182428183492307e-09, 'K_d': 334229.6884261428, 'fission_rate': 5.7903608993611596e+19, 'Dg_D1_scale': 0.45789235166054604, 'Dg_D3_scale': 0.696960103653776, 'Dv_D1_scale': 0.5051043225690665, 'Dv_D2_scale': 0.20965133447972392, 'b_bulk_scale': 0.0841630695167771, 'b_dislocation_scale': 0.6693535242135323, 'gb_scale': 0.6270861056234441, 'gd_bubble_scale': 2.828529388290131, 'gd_line_scale': 0.2517655643586292, 'gd_line_alpha': 0.3933233408971013, 'coalescence_d_scale': 0.19429842974967204, 'capture_scale': 0.014171015800446655}. Best is trial 105 with value: 2.4102342377586945.
Best trial: 105. Best value: 2.41023:  22%|██▏       | 111/500 [53:03<3:08:02, 29.00s/it]Best trial: 105. Best value: 2.41023:  22%|██▏       | 111/500 [53:04<3:08:02, 29.00s/it]Best trial: 105. Best value: 2.41023:  22%|██▏       | 112/500 [53:04<3:18:32, 30.70s/it]                                                                                         Best trial: 105. Best value: 2.41023:  22%|██▏       | 112/500 [53:39<3:18:32, 30.70s/it]Best trial: 105. Best value: 2.41023:  22%|██▏       | 112/500 [53:39<3:18:32, 30.70s/it]Best trial: 105. Best value: 2.41023:  23%|██▎       | 113/500 [53:39<3:27:05, 32.11s/it]                                                                                         Best trial: 105. Best value: 2.41023:  23%|██▎       | 113/500 [54:16<3:27:05, 32.11s/it]Best trial: 105. Best value: 2.41023:  23%|██▎       | 113/500 [54:16<3:27:05, 32.11s/it]Best trial: 105. Best value: 2.41023:  23%|██▎       | 114/500 [54:16<3:36:34, 33.66s/it]                                                                                         Best trial: 105. Best value: 2.41023:  23%|██▎       | 114/500 [54:47<3:36:34, 33.66s/it]Best trial: 114. Best value: 2.39761:  23%|██▎       | 114/500 [54:47<3:36:34, 33.66s/it]Best trial: 114. Best value: 2.39761:  23%|██▎       | 115/500 [54:47<3:30:33, 32.81s/it]                                                                                         Best trial: 114. Best value: 2.39761:  23%|██▎       | 115/500 [55:17<3:30:33, 32.81s/it]Best trial: 114. Best value: 2.39761:  23%|██▎       | 115/500 [55:17<3:30:33, 32.81s/it]Best trial: 114. Best value: 2.39761:  23%|██▎       | 116/500 [55:17<3:23:55, 31.86s/it]                                                                                         Best trial: 114. Best value: 2.39761:  23%|██▎       | 116/500 [55:51<3:23:55, 31.86s/it]Best trial: 116. Best value: 2.36495:  23%|██▎       | 116/500 [55:51<3:23:55, 31.86s/it]Best trial: 116. Best value: 2.36495:  23%|██▎       | 117/500 [55:51<3:27:38, 32.53s/it]                                                                                         Best trial: 116. Best value: 2.36495:  23%|██▎       | 117/500 [56:27<3:27:38, 32.53s/it]Best trial: 116. Best value: 2.36495:  23%|██▎       | 117/500 [56:27<3:27:38, 32.53s/it]Best trial: 116. Best value: 2.36495:  24%|██▎       | 118/500 [56:27<3:34:41, 33.72s/it]                                                                                         Best trial: 116. Best value: 2.36495:  24%|██▎       | 118/500 [56:57<3:34:41, 33.72s/it]Best trial: 116. Best value: 2.36495:  24%|██▎       | 118/500 [56:57<3:34:41, 33.72s/it]Best trial: 116. Best value: 2.36495:  24%|██▍       | 119/500 [56:57<3:26:38, 32.54s/it]                                                                                         Best trial: 116. Best value: 2.36495:  24%|██▍       | 119/500 [57:29<3:26:38, 32.54s/it]Best trial: 119. Best value: 2.3198:  24%|██▍       | 119/500 [57:29<3:26:38, 32.54s/it] Best trial: 119. Best value: 2.3198:  24%|██▍       | 120/500 [57:29<3:24:51, 32.35s/it]                                                                                        Best trial: 119. Best value: 2.3198:  24%|██▍       | 120/500 [58:04<3:24:51, 32.35s/it]Best trial: 119. Best value: 2.3198:  24%|██▍       | 120/500 [58:04<3:24:51, 32.35s/it]Best trial: 119. Best value: 2.3198:  24%|██▍       | 121/500 [58:04<3:29:59, 33.24s/it]                                                                                        Best trial: 119. Best value: 2.3198:  24%|██▍       | 121/500 [58:37<3:29:59, 33.24s/it]Best trial: 121. Best value: 2.29652:  24%|██▍       | 121/500 [58:38<3:29:59, 33.24s/it]Best trial: 121. Best value: 2.29652:  24%|██▍       | 122/500 [58:38<3:29:32, 33.26s/it]                                                                                         [I 2026-05-03 19:31:10,288] Trial 111 finished with value: 2.5665011179262365 and parameters: {'rho_high_scale': 0.8736531989446213, 'f_n': 1.179026502807486e-08, 'K_d': 346192.85716100654, 'fission_rate': 5.467530734847755e+19, 'Dg_D1_scale': 0.4169729350814141, 'Dg_D3_scale': 0.79044720254825, 'Dv_D1_scale': 0.3903052745914261, 'Dv_D2_scale': 2.3500490151364977, 'b_bulk_scale': 0.0453794050887255, 'b_dislocation_scale': 0.43892295613748383, 'gb_scale': 0.3087354118229772, 'gd_bubble_scale': 3.4996038412960293, 'gd_line_scale': 0.7979994663854805, 'gd_line_alpha': 0.9266500512323333, 'coalescence_d_scale': 0.16497263357256414, 'capture_scale': 1.7380477028780734}. Best is trial 105 with value: 2.4102342377586945.
[I 2026-05-03 19:31:45,685] Trial 112 finished with value: 2.546055555193744 and parameters: {'rho_high_scale': 0.8544621310640123, 'f_n': 1.2638502487981466e-08, 'K_d': 347318.22489439533, 'fission_rate': 5.29813395031749e+19, 'Dg_D1_scale': 0.4256971844071241, 'Dg_D3_scale': 0.7960880139646435, 'Dv_D1_scale': 0.49647751068589413, 'Dv_D2_scale': 2.299128628399492, 'b_bulk_scale': 0.04618563312201919, 'b_dislocation_scale': 0.4276157916903838, 'gb_scale': 0.3896487822491178, 'gd_bubble_scale': 4.027749916314992, 'gd_line_scale': 0.8177031344447429, 'gd_line_alpha': 0.9684446984780785, 'coalescence_d_scale': 0.1585926231521443, 'capture_scale': 1.7837197975555081}. Best is trial 105 with value: 2.4102342377586945.
