[I 2026-05-03 20:48:56,565] Trial 248 finished with value: 2.3113618711928914 and parameters: {'rho_high_scale': 0.7008666973934723, 'f_n': 1.2019812317835227e-08, 'K_d': 362190.25102473504, 'fission_rate': 4.3973107183267865e+19, 'Dg_D1_scale': 0.5118048320602782, 'Dg_D3_scale': 1.325397652787833, 'Dv_D1_scale': 0.4738707089201673, 'Dv_D2_scale': 3.5010173653585226, 'b_bulk_scale': 0.06799660598314489, 'b_dislocation_scale': 0.5720116513679441, 'gb_scale': 2.7841980385727227, 'gd_bubble_scale': 7.888344863592142, 'gd_line_scale': 2.4096085727667442, 'gd_line_alpha': 0.976232585730345, 'coalescence_d_scale': 0.28207172781753753, 'capture_scale': 0.0245316479940137}. Best is trial 215 with value: 2.267143995123024.
[I 2026-05-03 20:49:41,319] Trial 249 finished with value: 2.5146974372245094 and parameters: {'rho_high_scale': 0.7003118891121981, 'f_n': 1.2210247004110988e-08, 'K_d': 333095.7467400252, 'fission_rate': 4.117036380147948e+19, 'Dg_D1_scale': 0.4478991590405942, 'Dg_D3_scale': 1.2946668839016031, 'Dv_D1_scale': 0.4763431093473316, 'Dv_D2_scale': 3.5170996084566695, 'b_bulk_scale': 0.06772422910721508, 'b_dislocation_scale': 0.5531720680271021, 'gb_scale': 2.7311100972360842, 'gd_bubble_scale': 7.987929441759897, 'gd_line_scale': 2.979767660283228, 'gd_line_alpha': 0.9822492219511884, 'coalescence_d_scale': 0.3310749171997046, 'capture_scale': 0.024893466379341134}. Best is trial 215 with value: 2.267143995123024.
[I 2026-05-03 20:50:21,010] Trial 250 finished with value: 2.489321472106882 and parameters: {'rho_high_scale': 0.7323753466058271, 'f_n': 9.199609996659986e-09, 'K_d': 359871.0486373662, 'fission_rate': 4.390173406524712e+19, 'Dg_D1_scale': 0.5599256072376881, 'Dg_D3_scale': 1.4368664988978064, 'Dv_D1_scale': 0.5162847176093709, 'Dv_D2_scale': 3.981937990379661, 'b_bulk_scale': 0.08835812639347017, 'b_dislocation_scale': 0.7140641528222798, 'gb_scale': 4.400901055523138, 'gd_bubble_scale': 8.928354922288035, 'gd_line_scale': 3.7564921818898256, 'gd_line_alpha': 0.9978531975828379, 'coalescence_d_scale': 0.27566503118412633, 'capture_scale': 0.023007433109753183}. Best is trial 215 with value: 2.267143995123024.
[I 2026-05-03 20:51:01,580] Trial 251 finished with value: 2.7406881789729978 and parameters: {'rho_high_scale': 0.7309253012268954, 'f_n': 6.807508416669478e-09, 'K_d': 349263.9963296529, 'fission_rate': 4.553042423174477e+19, 'Dg_D1_scale': 0.5031625742899992, 'Dg_D3_scale': 1.1838313658870665, 'Dv_D1_scale': 0.45115214446043733, 'Dv_D2_scale': 3.595995425418229, 'b_bulk_scale': 0.07211433946315349, 'b_dislocation_scale': 0.5708202782954026, 'gb_scale': 2.9989212740970914, 'gd_bubble_scale': 7.877982962800104, 'gd_line_scale': 3.0760934722348474, 'gd_line_alpha': 0.9751605065643771, 'coalescence_d_scale': 0.2502019841478038, 'capture_scale': 0.02832930438138069}. Best is trial 215 with value: 2.267143995123024.
[I 2026-05-03 20:51:42,695] Trial 252 finished with value: 2.3682567883658487 and parameters: {'rho_high_scale': 0.7812148893190246, 'f_n': 1.1300630997847882e-08, 'K_d': 355113.623274099, 'fission_rate': 4.2752453476027834e+19, 'Dg_D1_scale': 0.523045727893409, 'Dg_D3_scale': 1.6104827436700904, 'Dv_D1_scale': 0.39911481613640953, 'Dv_D2_scale': 3.755648779619869, 'b_bulk_scale': 0.06570082012986742, 'b_dislocation_scale': 0.5072754675175971, 'gb_scale': 3.327173534699712, 'gd_bubble_scale': 9.992271142704851, 'gd_line_scale': 1.862177159082032, 'gd_line_alpha': 0.9397680167270529, 'coalescence_d_scale': 0.30489983956011146, 'capture_scale': 0.017047637711426505}. Best is trial 215 with value: 2.267143995123024.
[I 2026-05-03 20:52:24,261] Trial 253 finished with value: 2.7621008314851268 and parameters: {'rho_high_scale': 0.7013078120661247, 'f_n': 8.23055244580474e-09, 'K_d': 364084.56559096073, 'fission_rate': 4.415023365509734e+19, 'Dg_D1_scale': 0.48643039666823273, 'Dg_D3_scale': 1.3357866655922839, 'Dv_D1_scale': 0.4764071528923752, 'Dv_D2_scale': 3.463182224506011, 'b_bulk_scale': 0.08223458251438434, 'b_dislocation_scale': 0.6196887894587717, 'gb_scale': 2.79627455182627, 'gd_bubble_scale': 8.579662741011967, 'gd_line_scale': 3.3349235520627367, 'gd_line_alpha': 0.9605735161926099, 'coalescence_d_scale': 0.2713406759103164, 'capture_scale': 0.03982503582906267}. Best is trial 215 with value: 2.267143995123024.
Best trial: 215. Best value: 2.26714:  51%|█████     | 254/500 [2:14:59<2:47:18, 40.81s/it]Best trial: 215. Best value: 2.26714:  51%|█████     | 254/500 [2:15:00<2:47:18, 40.81s/it]Best trial: 215. Best value: 2.26714:  51%|█████     | 255/500 [2:15:00<2:48:08, 41.18s/it]                                                                                           Best trial: 215. Best value: 2.26714:  51%|█████     | 255/500 [2:15:41<2:48:08, 41.18s/it]Best trial: 215. Best value: 2.26714:  51%|█████     | 255/500 [2:15:41<2:48:08, 41.18s/it]Best trial: 215. Best value: 2.26714:  51%|█████     | 256/500 [2:15:41<2:47:33, 41.20s/it]                                                                                           Best trial: 215. Best value: 2.26714:  51%|█████     | 256/500 [2:16:23<2:47:33, 41.20s/it]Best trial: 215. Best value: 2.26714:  51%|█████     | 256/500 [2:16:24<2:47:33, 41.20s/it]Best trial: 215. Best value: 2.26714:  51%|█████▏    | 257/500 [2:16:24<2:48:37, 41.64s/it]                                                                                           Best trial: 215. Best value: 2.26714:  51%|█████▏    | 257/500 [2:16:59<2:48:37, 41.64s/it]Best trial: 215. Best value: 2.26714:  51%|█████▏    | 257/500 [2:17:00<2:48:37, 41.64s/it]Best trial: 215. Best value: 2.26714:  52%|█████▏    | 258/500 [2:17:00<2:41:09, 39.96s/it]                                                                                           Best trial: 215. Best value: 2.26714:  52%|█████▏    | 258/500 [2:17:34<2:41:09, 39.96s/it]Best trial: 215. Best value: 2.26714:  52%|█████▏    | 258/500 [2:17:35<2:41:09, 39.96s/it]Best trial: 215. Best value: 2.26714:  52%|█████▏    | 259/500 [2:17:35<2:34:36, 38.49s/it]                                                                                           Best trial: 215. Best value: 2.26714:  52%|█████▏    | 259/500 [2:18:14<2:34:36, 38.49s/it]Best trial: 215. Best value: 2.26714:  52%|█████▏    | 259/500 [2:18:14<2:34:36, 38.49s/it]Best trial: 215. Best value: 2.26714:  52%|█████▏    | 260/500 [2:18:14<2:35:26, 38.86s/it]                                                                                           Best trial: 215. Best value: 2.26714:  52%|█████▏    | 260/500 [2:18:54<2:35:26, 38.86s/it]Best trial: 215. Best value: 2.26714:  52%|█████▏    | 260/500 [2:18:55<2:35:26, 38.86s/it]Best trial: 215. Best value: 2.26714:  52%|█████▏    | 261/500 [2:18:55<2:36:31, 39.30s/it]                                                                                           Best trial: 215. Best value: 2.26714:  52%|█████▏    | 261/500 [2:19:36<2:36:31, 39.30s/it]Best trial: 215. Best value: 2.26714:  52%|█████▏    | 261/500 [2:19:36<2:36:31, 39.30s/it]Best trial: 215. Best value: 2.26714:  52%|█████▏    | 262/500 [2:19:36<2:38:22, 39.93s/it]                                                                                           Best trial: 215. Best value: 2.26714:  52%|█████▏    | 262/500 [2:20:19<2:38:22, 39.93s/it]Best trial: 215. Best value: 2.26714:  52%|█████▏    | 262/500 [2:20:19<2:38:22, 39.93s/it]Best trial: 215. Best value: 2.26714:  53%|█████▎    | 263/500 [2:20:19<2:41:10, 40.80s/it]                                                                                           Best trial: 215. Best value: 2.26714:  53%|█████▎    | 263/500 [2:21:02<2:41:10, 40.80s/it]Best trial: 215. Best value: 2.26714:  53%|█████▎    | 263/500 [2:21:02<2:41:10, 40.80s/it]Best trial: 215. Best value: 2.26714:  53%|█████▎    | 264/500 [2:21:02<2:43:03, 41.46s/it]                                                                                           Best trial: 215. Best value: 2.26714:  53%|█████▎    | 264/500 [2:21:47<2:43:03, 41.46s/it]Best trial: 215. Best value: 2.26714:  53%|█████▎    | 264/500 [2:21:48<2:43:03, 41.46s/it]Best trial: 215. Best value: 2.26714:  53%|█████▎    | 265/500 [2:21:48<2:47:21, 42.73s/it]                                                                                           [I 2026-05-03 20:53:06,290] Trial 254 finished with value: 5.218381358704077 and parameters: {'rho_high_scale': 3.108864814457763, 'f_n': 1.2980023079481712e-08, 'K_d': 339760.41273275646, 'fission_rate': 4.575713006050652e+19, 'Dg_D1_scale': 0.5765480770598562, 'Dg_D3_scale': 1.0972409803675214, 'Dv_D1_scale': 0.43972129493741585, 'Dv_D2_scale': 3.7746609228841472, 'b_bulk_scale': 0.06432613832175818, 'b_dislocation_scale': 0.4230297904751872, 'gb_scale': 3.1836188085183985, 'gd_bubble_scale': 7.88668026963169, 'gd_line_scale': 2.5180095470221486, 'gd_line_alpha': 0.9334519368246554, 'coalescence_d_scale': 0.331950402481698, 'capture_scale': 0.030819293612313996}. Best is trial 215 with value: 2.267143995123024.
[I 2026-05-03 20:53:47,550] Trial 255 finished with value: 2.4935618435897555 and parameters: {'rho_high_scale': 0.7352004003274013, 'f_n': 1.012217412026548e-08, 'K_d': 361670.7399874035, 'fission_rate': 4.4266529487778365e+19, 'Dg_D1_scale': 0.5246720781064577, 'Dg_D3_scale': 1.0889038630784038, 'Dv_D1_scale': 0.3993654512420279, 'Dv_D2_scale': 3.9974546735274163, 'b_bulk_scale': 0.07440741795192747, 'b_dislocation_scale': 0.4391992355757224, 'gb_scale': 3.698760281286991, 'gd_bubble_scale': 9.146134194548544, 'gd_line_scale': 2.100362206041335, 'gd_line_alpha': 0.9787619782722339, 'coalescence_d_scale': 0.24391233604743615, 'capture_scale': 0.2152360294241107}. Best is trial 215 with value: 2.267143995123024.
[I 2026-05-03 20:54:30,207] Trial 256 finished with value: 2.714637006973248 and parameters: {'rho_high_scale': 0.7000629342569616, 'f_n': 8.73311547809942e-09, 'K_d': 347064.5543331831, 'fission_rate': 4.3320246619489e+19, 'Dg_D1_scale': 0.4648471187271547, 'Dg_D3_scale': 1.0007260096545616, 'Dv_D1_scale': 0.49641003053375377, 'Dv_D2_scale': 3.3558892972077925, 'b_bulk_scale': 0.09234054040924708, 'b_dislocation_scale': 0.49445726223867703, 'gb_scale': 2.475661043820647, 'gd_bubble_scale': 7.895938773980895, 'gd_line_scale': 2.3090119793061716, 'gd_line_alpha': 0.9519592133565361, 'coalescence_d_scale': 0.3843950686556102, 'capture_scale': 0.020945156137065463}. Best is trial 215 with value: 2.267143995123024.
[I 2026-05-03 20:55:06,247] Trial 257 finished with value: 2.37844857393029 and parameters: {'rho_high_scale': 0.7789374514030668, 'f_n': 1.1666573195851543e-08, 'K_d': 354267.49225801096, 'fission_rate': 4.534188338904272e+19, 'Dg_D1_scale': 0.575074553393284, 'Dg_D3_scale': 1.2309661763937771, 'Dv_D1_scale': 0.3835308609495738, 'Dv_D2_scale': 3.542649459889744, 'b_bulk_scale': 0.06917565008268722, 'b_dislocation_scale': 0.5326514690884006, 'gb_scale': 4.2689962899618035, 'gd_bubble_scale': 8.998098364582205, 'gd_line_scale': 1.9592293582301548, 'gd_line_alpha': 0.9240177745119504, 'coalescence_d_scale': 0.2802391448048887, 'capture_scale': 0.035811464199586245}. Best is trial 215 with value: 2.267143995123024.
[I 2026-05-03 20:55:41,310] Trial 258 finished with value: 2.4253974355187258 and parameters: {'rho_high_scale': 0.7627934823877806, 'f_n': 6.508097673598111e-09, 'K_d': 360895.1089399271, 'fission_rate': 4.481188733545989e+19, 'Dg_D1_scale': 0.5045024651545125, 'Dg_D3_scale': 0.9452660882863916, 'Dv_D1_scale': 0.4581321549852596, 'Dv_D2_scale': 3.7456433133159868, 'b_bulk_scale': 0.07938037755767043, 'b_dislocation_scale': 0.6624828952559978, 'gb_scale': 2.9565583845561543, 'gd_bubble_scale': 7.738078775192425, 'gd_line_scale': 1.6470016190674082, 'gd_line_alpha': 0.9669824261191448, 'coalescence_d_scale': 0.3048882386262489, 'capture_scale': 0.058493314914833706}. Best is trial 215 with value: 2.267143995123024.
[I 2026-05-03 20:56:21,037] Trial 259 finished with value: 2.387772792528173 and parameters: {'rho_high_scale': 0.8078178770135803, 'f_n': 1.3030008906801649e-08, 'K_d': 351358.5395242737, 'fission_rate': 4.65565081597739e+19, 'Dg_D1_scale': 0.5463547635859464, 'Dg_D3_scale': 1.1138969226048043, 'Dv_D1_scale': 0.41873967132335027, 'Dv_D2_scale': 3.3553627430260877, 'b_bulk_scale': 0.0626944460815076, 'b_dislocation_scale': 0.37279595383892006, 'gb_scale': 3.4946388716300056, 'gd_bubble_scale': 8.494280816871921, 'gd_line_scale': 1.5498383558039526, 'gd_line_alpha': 0.9419778768920397, 'coalescence_d_scale': 0.2552083297270624, 'capture_scale': 0.04440904511346719}. Best is trial 215 with value: 2.267143995123024.
[I 2026-05-03 20:57:01,352] Trial 260 finished with value: 2.303867278624702 and parameters: {'rho_high_scale': 0.7349982410964977, 'f_n': 9.821695263647464e-09, 'K_d': 379825.324964468, 'fission_rate': 4.251517258725801e+19, 'Dg_D1_scale': 0.6046871836464264, 'Dg_D3_scale': 1.171664424722091, 'Dv_D1_scale': 0.44568345554526156, 'Dv_D2_scale': 0.5580488384412242, 'b_bulk_scale': 0.070676283657536, 'b_dislocation_scale': 0.44154144460984246, 'gb_scale': 3.213034075067695, 'gd_bubble_scale': 9.223254381601848, 'gd_line_scale': 1.2931876695783044, 'gd_line_alpha': 0.9875173079223188, 'coalescence_d_scale': 0.34509719157717383, 'capture_scale': 0.026333843736636303}. Best is trial 215 with value: 2.267143995123024.
[I 2026-05-03 20:57:42,744] Trial 261 finished with value: 2.332815026313632 and parameters: {'rho_high_scale': 0.7362371716422527, 'f_n': 9.346317169410327e-09, 'K_d': 376182.3686096355, 'fission_rate': 4.262684328654372e+19, 'Dg_D1_scale': 0.6008710421847419, 'Dg_D3_scale': 1.1963447711035808, 'Dv_D1_scale': 0.5159231378171278, 'Dv_D2_scale': 3.7566408867971854, 'b_bulk_scale': 0.07413151886338608, 'b_dislocation_scale': 0.44259369586644026, 'gb_scale': 3.112575632071031, 'gd_bubble_scale': 9.844419353220227, 'gd_line_scale': 1.290790477637778, 'gd_line_alpha': 0.994545872952262, 'coalescence_d_scale': 0.3545951153761019, 'capture_scale': 0.027108118683751282}. Best is trial 215 with value: 2.267143995123024.
[I 2026-05-03 20:58:25,601] Trial 262 finished with value: 2.6301751272171976 and parameters: {'rho_high_scale': 0.7660865441940216, 'f_n': 5.573720921668557e-09, 'K_d': 377920.7437725198, 'fission_rate': 4.264989146352913e+19, 'Dg_D1_scale': 0.615085990925499, 'Dg_D3_scale': 1.5227796328080807, 'Dv_D1_scale': 0.5308286489437612, 'Dv_D2_scale': 0.5007225139505396, 'b_bulk_scale': 0.07248166534140608, 'b_dislocation_scale': 0.42416389262145004, 'gb_scale': 3.2444140629012788, 'gd_bubble_scale': 9.758999194090638, 'gd_line_scale': 1.2630588858550658, 'gd_line_alpha': 0.9926320832645238, 'coalescence_d_scale': 0.36087628116273773, 'capture_scale': 0.024145035043843688}. Best is trial 215 with value: 2.267143995123024.
[I 2026-05-03 20:59:08,577] Trial 263 finished with value: 2.4398798854658668 and parameters: {'rho_high_scale': 0.8047219196297295, 'f_n': 7.794267412574247e-09, 'K_d': 344155.99752242566, 'fission_rate': 4.1553061440664035e+19, 'Dg_D1_scale': 0.5859744556198119, 'Dg_D3_scale': 1.345329390170408, 'Dv_D1_scale': 0.4966746236517665, 'Dv_D2_scale': 0.5600889836495094, 'b_bulk_scale': 0.06455909460163708, 'b_dislocation_scale': 0.4396386757403636, 'gb_scale': 2.6001170400279143, 'gd_bubble_scale': 8.188218054615657, 'gd_line_scale': 1.3079208322752607, 'gd_line_alpha': 0.9803119414892346, 'coalescence_d_scale': 0.33839108569611265, 'capture_scale': 0.028792990337186644}. Best is trial 215 with value: 2.267143995123024.
[I 2026-05-03 20:59:54,243] Trial 264 finished with value: 2.8479019565965453 and parameters: {'rho_high_scale': 0.736803384995269, 'f_n': 8.983136825575026e-09, 'K_d': 334982.7277239276, 'fission_rate': 4.3353590083479814e+19, 'Dg_D1_scale': 0.6169127661949889, 'Dg_D3_scale': 1.2065453715724455, 'Dv_D1_scale': 0.47005332985641785, 'Dv_D2_scale': 3.60976650199249, 'b_bulk_scale': 0.07698892281641145, 'b_dislocation_scale': 0.3671708492387011, 'gb_scale': 3.024842391583688, 'gd_bubble_scale': 9.824447612741487, 'gd_line_scale': 1.517290921360513, 'gd_line_alpha': 0.9892552236513052, 'coalescence_d_scale': 0.4033467247535009, 'capture_scale': 0.016457268995972107}. Best is trial 215 with value: 2.267143995123024.
Best trial: 215. Best value: 2.26714:  53%|█████▎    | 265/500 [2:22:13<2:47:21, 42.73s/it]Best trial: 215. Best value: 2.26714:  53%|█████▎    | 265/500 [2:22:13<2:47:21, 42.73s/it]Best trial: 215. Best value: 2.26714:  53%|█████▎    | 266/500 [2:22:13<2:26:44, 37.62s/it]                                                                                           Best trial: 215. Best value: 2.26714:  53%|█████▎    | 266/500 [2:22:55<2:26:44, 37.62s/it]Best trial: 215. Best value: 2.26714:  53%|█████▎    | 266/500 [2:22:55<2:26:44, 37.62s/it]Best trial: 215. Best value: 2.26714:  53%|█████▎    | 267/500 [2:22:55<2:31:03, 38.90s/it]                                                                                           Best trial: 215. Best value: 2.26714:  53%|█████▎    | 267/500 [2:23:32<2:31:03, 38.90s/it]Best trial: 215. Best value: 2.26714:  53%|█████▎    | 267/500 [2:23:32<2:31:03, 38.90s/it]Best trial: 215. Best value: 2.26714:  54%|█████▎    | 268/500 [2:23:32<2:28:10, 38.32s/it]                                                                                           Best trial: 215. Best value: 2.26714:  54%|█████▎    | 268/500 [2:24:06<2:28:10, 38.32s/it]Best trial: 215. Best value: 2.26714:  54%|█████▎    | 268/500 [2:24:07<2:28:10, 38.32s/it]Best trial: 215. Best value: 2.26714:  54%|█████▍    | 269/500 [2:24:07<2:23:02, 37.15s/it]                                                                                           Best trial: 215. Best value: 2.26714:  54%|█████▍    | 269/500 [2:24:50<2:23:02, 37.15s/it]Best trial: 215. Best value: 2.26714:  54%|█████▍    | 269/500 [2:24:50<2:23:02, 37.15s/it]Best trial: 215. Best value: 2.26714:  54%|█████▍    | 270/500 [2:24:50<2:29:42, 39.05s/it]                                                                                           Best trial: 215. Best value: 2.26714:  54%|█████▍    | 270/500 [2:25:22<2:29:42, 39.05s/it]Best trial: 215. Best value: 2.26714:  54%|█████▍    | 270/500 [2:25:23<2:29:42, 39.05s/it]Best trial: 215. Best value: 2.26714:  54%|█████▍    | 271/500 [2:25:23<2:21:43, 37.14s/it]                                                                                           Best trial: 215. Best value: 2.26714:  54%|█████▍    | 271/500 [2:26:05<2:21:43, 37.14s/it]Best trial: 215. Best value: 2.26714:  54%|█████▍    | 271/500 [2:26:06<2:21:43, 37.14s/it]Best trial: 215. Best value: 2.26714:  54%|█████▍    | 272/500 [2:26:06<2:27:40, 38.86s/it]                                                                                           Best trial: 215. Best value: 2.26714:  54%|█████▍    | 272/500 [2:26:47<2:27:40, 38.86s/it]Best trial: 215. Best value: 2.26714:  54%|█████▍    | 272/500 [2:26:47<2:27:40, 38.86s/it]Best trial: 215. Best value: 2.26714:  55%|█████▍    | 273/500 [2:26:47<2:30:00, 39.65s/it]                                                                                           Best trial: 215. Best value: 2.26714:  55%|█████▍    | 273/500 [2:27:22<2:30:00, 39.65s/it]Best trial: 215. Best value: 2.26714:  55%|█████▍    | 273/500 [2:27:23<2:30:00, 39.65s/it]Best trial: 215. Best value: 2.26714:  55%|█████▍    | 274/500 [2:27:23<2:24:37, 38.40s/it]                                                                                           Best trial: 215. Best value: 2.26714:  55%|█████▍    | 274/500 [2:28:01<2:24:37, 38.40s/it]Best trial: 215. Best value: 2.26714:  55%|█████▍    | 274/500 [2:28:01<2:24:37, 38.40s/it]Best trial: 215. Best value: 2.26714:  55%|█████▌    | 275/500 [2:28:01<2:24:18, 38.48s/it]                                                                                           Best trial: 215. Best value: 2.26714:  55%|█████▌    | 275/500 [2:28:41<2:24:18, 38.48s/it]Best trial: 215. Best value: 2.26714:  55%|█████▌    | 275/500 [2:28:42<2:24:18, 38.48s/it]Best trial: 215. Best value: 2.26714:  55%|█████▌    | 276/500 [2:28:42<2:25:50, 39.06s/it]                                                                                           [I 2026-05-03 21:00:19,988] Trial 265 finished with value: 4.101011860481135 and parameters: {'rho_high_scale': 0.7340270919604852, 'f_n': 1.5505618058102915e-06, 'K_d': 366735.82118339575, 'fission_rate': 4.268332805687223e+19, 'Dg_D1_scale': 0.45119635371826394, 'Dg_D3_scale': 1.1514718763725018, 'Dv_D1_scale': 0.5320925880448261, 'Dv_D2_scale': 0.9461220457450278, 'b_bulk_scale': 0.06830919409862725, 'b_dislocation_scale': 0.40348268943781423, 'gb_scale': 2.8799359214998534, 'gd_bubble_scale': 7.612339609280468, 'gd_line_scale': 1.3091665789816656, 'gd_line_alpha': 0.9307397621252987, 'coalescence_d_scale': 0.3043492648954991, 'capture_scale': 0.026738540617552136}. Best is trial 215 with value: 2.267143995123024.
[I 2026-05-03 21:01:01,858] Trial 266 finished with value: 4.1028718061944796 and parameters: {'rho_high_scale': 2.1135744871744713, 'f_n': 1.315940840037151e-08, 'K_d': 376494.9956608717, 'fission_rate': 4.411735067929885e+19, 'Dg_D1_scale': 0.5811805299046976, 'Dg_D3_scale': 1.2956373817356115, 'Dv_D1_scale': 0.4487954780481598, 'Dv_D2_scale': 0.3410283111534569, 'b_bulk_scale': 0.060064449337566425, 'b_dislocation_scale': 0.4754271197256018, 'gb_scale': 3.291286927540545, 'gd_bubble_scale': 9.945757978207928, 'gd_line_scale': 1.7805632178423743, 'gd_line_alpha': 0.9980701035142787, 'coalescence_d_scale': 0.47444284293287375, 'capture_scale': 0.02087273936981494}. Best is trial 215 with value: 2.267143995123024.
