[I 2026-05-03 18:57:43,109] Trial 35 finished with value: 3.3022587088924134 and parameters: {'rho_high_scale': 1.6547024941768271, 'f_n': 1.537946528026963e-07, 'K_d': 591019.0755525435, 'fission_rate': 7.345566039349857e+19, 'Dg_D1_scale': 1.8251875024953692, 'Dg_D3_scale': 0.3419350820789203, 'Dv_D1_scale': 0.24553459495119087, 'Dv_D2_scale': 1.7547123248341414, 'b_bulk_scale': 0.11641651693352029, 'b_dislocation_scale': 0.048225477328823034, 'gb_scale': 0.32845214724815125, 'gd_bubble_scale': 0.8124043283369015, 'gd_line_scale': 0.10201112824631652, 'gd_line_alpha': 0.2684933684600765, 'coalescence_d_scale': 2.5221793959038603, 'capture_scale': 3.236315004908748}. Best is trial 29 with value: 3.1551993329966823.
[I 2026-05-03 18:58:11,384] Trial 36 finished with value: 3.3142791633846653 and parameters: {'rho_high_scale': 1.5774822295892112, 'f_n': 1.1819064703232784e-07, 'K_d': 595166.2050593009, 'fission_rate': 7.58626408443938e+19, 'Dg_D1_scale': 1.9918657427307989, 'Dg_D3_scale': 0.308697845992477, 'Dv_D1_scale': 0.2383471800687803, 'Dv_D2_scale': 1.6642326435895254, 'b_bulk_scale': 0.1212133343397032, 'b_dislocation_scale': 0.033318355285032825, 'gb_scale': 0.3176111530721152, 'gd_bubble_scale': 0.8181209990371456, 'gd_line_scale': 0.06947995278660929, 'gd_line_alpha': 0.1427114660581193, 'coalescence_d_scale': 2.5745616902976667, 'capture_scale': 4.235429835067573}. Best is trial 29 with value: 3.1551993329966823.
[I 2026-05-03 18:58:38,879] Trial 37 finished with value: 6.455112460585446 and parameters: {'rho_high_scale': 2.4104809568425645, 'f_n': 9.868265642093969e-08, 'K_d': 674803.2494735463, 'fission_rate': 7.670544091921436e+19, 'Dg_D1_scale': 2.796897357340338, 'Dg_D3_scale': 0.24955942587022895, 'Dv_D1_scale': 3.42926739869875, 'Dv_D2_scale': 1.5255127241213666, 'b_bulk_scale': 0.11552646292758742, 'b_dislocation_scale': 0.04522926199994387, 'gb_scale': 0.3176839965563952, 'gd_bubble_scale': 0.9430435091000944, 'gd_line_scale': 0.051499117937330474, 'gd_line_alpha': 0.14395405040237857, 'coalescence_d_scale': 3.184328256120436, 'capture_scale': 4.493185195508944}. Best is trial 29 with value: 3.1551993329966823.
[I 2026-05-03 18:59:06,921] Trial 38 finished with value: 3.956652121672539 and parameters: {'rho_high_scale': 2.003261911833089, 'f_n': 1.2447762212929973e-07, 'K_d': 735933.3589403343, 'fission_rate': 7.510883861368696e+19, 'Dg_D1_scale': 1.8606186124614332, 'Dg_D3_scale': 0.3402400448273741, 'Dv_D1_scale': 0.24206188771261097, 'Dv_D2_scale': 1.6870909767799958, 'b_bulk_scale': 0.11357576172864672, 'b_dislocation_scale': 0.06720782581097219, 'gb_scale': 0.3800061114118416, 'gd_bubble_scale': 0.47799424019996267, 'gd_line_scale': 0.07128228716426557, 'gd_line_alpha': 0.24915546847498737, 'coalescence_d_scale': 5.488446233280423, 'capture_scale': 3.706161836365152}. Best is trial 29 with value: 3.1551993329966823.
[I 2026-05-03 18:59:34,760] Trial 39 finished with value: 4.801253194411023 and parameters: {'rho_high_scale': 1.715103191091988, 'f_n': 3.791321814281166e-07, 'K_d': 590239.3336370572, 'fission_rate': 7.937530501709449e+19, 'Dg_D1_scale': 2.5825890580231667, 'Dg_D3_scale': 0.2098446833012039, 'Dv_D1_scale': 1.6150164408711822, 'Dv_D2_scale': 0.6641064629633018, 'b_bulk_scale': 0.08059965594197013, 'b_dislocation_scale': 0.03472821331916604, 'gb_scale': 0.487150297185953, 'gd_bubble_scale': 0.2921179260790858, 'gd_line_scale': 0.1073706681405601, 'gd_line_alpha': 0.13128431727363885, 'coalescence_d_scale': 2.40251339148806, 'capture_scale': 7.436752780596076}. Best is trial 29 with value: 3.1551993329966823.
[I 2026-05-03 19:00:02,004] Trial 40 finished with value: 7.069846342051608 and parameters: {'rho_high_scale': 2.5610775280500393, 'f_n': 1.860718934996932e-07, 'K_d': 534701.031510029, 'fission_rate': 6.9718740092880716e+19, 'Dg_D1_scale': 1.400872958044664, 'Dg_D3_scale': 0.41242462806348806, 'Dv_D1_scale': 0.30440759904623704, 'Dv_D2_scale': 2.840582279928937, 'b_bulk_scale': 0.1027420729354187, 'b_dislocation_scale': 0.12090386627615442, 'gb_scale': 0.7765891710539453, 'gd_bubble_scale': 0.888836781841818, 'gd_line_scale': 0.07651485167584146, 'gd_line_alpha': 0.26068206433284885, 'coalescence_d_scale': 11.908564868093961, 'capture_scale': 5.252392106171416}. Best is trial 29 with value: 3.1551993329966823.
[I 2026-05-03 19:00:30,516] Trial 41 finished with value: 3.4523606418149657 and parameters: {'rho_high_scale': 1.5905764699725315, 'f_n': 3.7277557790474876e-08, 'K_d': 600143.3292756641, 'fission_rate': 7.3143022885584265e+19, 'Dg_D1_scale': 2.1646047956135193, 'Dg_D3_scale': 0.5140296767198579, 'Dv_D1_scale': 0.23771409240782065, 'Dv_D2_scale': 1.2798097738876881, 'b_bulk_scale': 0.07413364140784391, 'b_dislocation_scale': 0.030121465512523926, 'gb_scale': 0.6022673439317467, 'gd_bubble_scale': 0.736493148921462, 'gd_line_scale': 0.1429214735310048, 'gd_line_alpha': 0.4280069596698219, 'coalescence_d_scale': 3.7556837408148827, 'capture_scale': 2.8177254367613904}. Best is trial 29 with value: 3.1551993329966823.
[I 2026-05-03 19:00:58,117] Trial 42 finished with value: 3.6944009945047545 and parameters: {'rho_high_scale': 1.4828694647047749, 'f_n': 1.9220959624213573e-08, 'K_d': 665199.2684853371, 'fission_rate': 7.43056655995488e+19, 'Dg_D1_scale': 2.250950145890992, 'Dg_D3_scale': 0.35705918119635116, 'Dv_D1_scale': 0.23002006945241418, 'Dv_D2_scale': 1.8207293067575623, 'b_bulk_scale': 0.13193063897058932, 'b_dislocation_scale': 0.043215598631703704, 'gb_scale': 0.3247235395589056, 'gd_bubble_scale': 1.3793666060197907, 'gd_line_scale': 0.14260608497939106, 'gd_line_alpha': 0.30260963319256473, 'coalescence_d_scale': 3.7127189928547186, 'capture_scale': 2.453626052902143}. Best is trial 29 with value: 3.1551993329966823.
[I 2026-05-03 19:01:25,360] Trial 43 finished with value: 4.931455370166061 and parameters: {'rho_high_scale': 2.1003732497476504, 'f_n': 8.80096650375279e-09, 'K_d': 734613.7667398215, 'fission_rate': 7.744281663880921e+19, 'Dg_D1_scale': 1.7110766864949283, 'Dg_D3_scale': 0.2541609694222477, 'Dv_D1_scale': 0.3508245582275961, 'Dv_D2_scale': 2.3723028506433588, 'b_bulk_scale': 0.0884183502089768, 'b_dislocation_scale': 0.0615846750693795, 'gb_scale': 1.0652556076793498, 'gd_bubble_scale': 0.2530927620309669, 'gd_line_scale': 0.06420570521241482, 'gd_line_alpha': 0.4052399415281954, 'coalescence_d_scale': 7.020976936658264, 'capture_scale': 4.040253545440366}. Best is trial 29 with value: 3.1551993329966823.
[I 2026-05-03 19:01:53,649] Trial 44 finished with value: 5.210611998274391 and parameters: {'rho_high_scale': 1.6229990700670216, 'f_n': 1.5092490805655678e-07, 'K_d': 526642.0414532109, 'fission_rate': 7.3173076871308935e+19, 'Dg_D1_scale': 2.957276491095043, 'Dg_D3_scale': 1.0121038985325186, 'Dv_D1_scale': 3.9851316974410267, 'Dv_D2_scale': 1.3919078351509035, 'b_bulk_scale': 0.19292768274966646, 'b_dislocation_scale': 0.08316744266850566, 'gb_scale': 0.531552246631805, 'gd_bubble_scale': 0.5841020422069093, 'gd_line_scale': 0.11281909869357379, 'gd_line_alpha': 0.20313778944151512, 'coalescence_d_scale': 2.167439828079883, 'capture_scale': 5.8598191195518226}. Best is trial 29 with value: 3.1551993329966823.
Best trial: 29. Best value: 3.1552:   9%|▉         | 45/500 [24:17<3:31:12, 27.85s/it]Best trial: 29. Best value: 3.1552:   9%|▉         | 45/500 [24:17<3:31:12, 27.85s/it]Best trial: 29. Best value: 3.1552:   9%|▉         | 46/500 [24:17<3:35:31, 28.48s/it]                                                                                      Best trial: 29. Best value: 3.1552:   9%|▉         | 46/500 [24:48<3:35:31, 28.48s/it]Best trial: 29. Best value: 3.1552:   9%|▉         | 46/500 [24:48<3:35:31, 28.48s/it]Best trial: 29. Best value: 3.1552:   9%|▉         | 47/500 [24:48<3:41:22, 29.32s/it]                                                                                      Best trial: 29. Best value: 3.1552:   9%|▉         | 47/500 [25:14<3:41:22, 29.32s/it]Best trial: 29. Best value: 3.1552:   9%|▉         | 47/500 [25:14<3:41:22, 29.32s/it]Best trial: 29. Best value: 3.1552:  10%|▉         | 48/500 [25:14<3:33:53, 28.39s/it]                                                                                      Best trial: 29. Best value: 3.1552:  10%|▉         | 48/500 [25:30<3:33:53, 28.39s/it]Best trial: 29. Best value: 3.1552:  10%|▉         | 48/500 [25:31<3:33:53, 28.39s/it]Best trial: 29. Best value: 3.1552:  10%|▉         | 49/500 [25:31<3:06:07, 24.76s/it]                                                                                      Best trial: 29. Best value: 3.1552:  10%|▉         | 49/500 [26:01<3:06:07, 24.76s/it]Best trial: 29. Best value: 3.1552:  10%|▉         | 49/500 [26:01<3:06:07, 24.76s/it]Best trial: 29. Best value: 3.1552:  10%|█         | 50/500 [26:01<3:19:02, 26.54s/it]                                                                                      Best trial: 29. Best value: 3.1552:  10%|█         | 50/500 [26:31<3:19:02, 26.54s/it]Best trial: 29. Best value: 3.1552:  10%|█         | 50/500 [26:31<3:19:02, 26.54s/it]Best trial: 29. Best value: 3.1552:  10%|█         | 51/500 [26:31<3:25:46, 27.50s/it]                                                                                      Best trial: 29. Best value: 3.1552:  10%|█         | 51/500 [26:59<3:25:46, 27.50s/it]Best trial: 29. Best value: 3.1552:  10%|█         | 51/500 [27:00<3:25:46, 27.50s/it]Best trial: 29. Best value: 3.1552:  10%|█         | 52/500 [27:00<3:27:44, 27.82s/it]                                                                                      Best trial: 29. Best value: 3.1552:  10%|█         | 52/500 [27:29<3:27:44, 27.82s/it]Best trial: 29. Best value: 3.1552:  10%|█         | 52/500 [27:29<3:27:44, 27.82s/it]Best trial: 29. Best value: 3.1552:  11%|█         | 53/500 [27:29<3:30:51, 28.30s/it]                                                                                      Best trial: 29. Best value: 3.1552:  11%|█         | 53/500 [27:57<3:30:51, 28.30s/it]Best trial: 29. Best value: 3.1552:  11%|█         | 53/500 [27:57<3:30:51, 28.30s/it]Best trial: 29. Best value: 3.1552:  11%|█         | 54/500 [27:57<3:29:53, 28.24s/it]                                                                                      Best trial: 29. Best value: 3.1552:  11%|█         | 54/500 [28:19<3:29:53, 28.24s/it]Best trial: 29. Best value: 3.1552:  11%|█         | 54/500 [28:19<3:29:53, 28.24s/it]Best trial: 29. Best value: 3.1552:  11%|█         | 55/500 [28:19<3:15:33, 26.37s/it]                                                                                      Best trial: 29. Best value: 3.1552:  11%|█         | 55/500 [28:46<3:15:33, 26.37s/it]Best trial: 29. Best value: 3.1552:  11%|█         | 55/500 [28:46<3:15:33, 26.37s/it]Best trial: 29. Best value: 3.1552:  11%|█         | 56/500 [28:46<3:15:33, 26.43s/it]                                                                                      [I 2026-05-03 19:02:23,602] Trial 45 finished with value: 4.04897729519823 and parameters: {'rho_high_scale': 1.3131505217013129, 'f_n': 5.233262526273083e-08, 'K_d': 614143.8151010924, 'fission_rate': 6.881695553427621e+19, 'Dg_D1_scale': 1.4905155823171676, 'Dg_D3_scale': 0.5148903973564648, 'Dv_D1_scale': 0.2638073456088437, 'Dv_D2_scale': 1.0363748397472157, 'b_bulk_scale': 0.030638877354572627, 'b_dislocation_scale': 0.04639380183898573, 'gb_scale': 2.0221470894773783, 'gd_bubble_scale': 0.8350186072071537, 'gd_line_scale': 0.164295738296815, 'gd_line_alpha': 0.12422195009093329, 'coalescence_d_scale': 4.153263762653871, 'capture_scale': 3.209159026440238}. Best is trial 29 with value: 3.1551993329966823.
[I 2026-05-03 19:02:54,882] Trial 46 finished with value: 5.220293435740875 and parameters: {'rho_high_scale': 3.4972034165027526, 'f_n': 4.070094270178542e-07, 'K_d': 572147.4322855708, 'fission_rate': 6.542287463227196e+19, 'Dg_D1_scale': 1.7565972319423404, 'Dg_D3_scale': 0.7076028837274132, 'Dv_D1_scale': 0.21711456265026302, 'Dv_D2_scale': 3.474060250689086, 'b_bulk_scale': 0.06969438378025883, 'b_dislocation_scale': 0.03207110870887514, 'gb_scale': 0.3648052054033617, 'gd_bubble_scale': 1.6774842486954678, 'gd_line_scale': 0.20647670083787328, 'gd_line_alpha': 0.0872307378905397, 'coalescence_d_scale': 9.217129308117912, 'capture_scale': 0.19584163168932808}. Best is trial 29 with value: 3.1551993329966823.
[I 2026-05-03 19:03:21,102] Trial 47 finished with value: 4.704272509524802 and parameters: {'rho_high_scale': 1.9356175661194284, 'f_n': 8.859108003144415e-08, 'K_d': 585237.0473635965, 'fission_rate': 7.477630327843796e+19, 'Dg_D1_scale': 3.2270594426283803, 'Dg_D3_scale': 0.5986456492587453, 'Dv_D1_scale': 1.3450455284044083, 'Dv_D2_scale': 0.8911803378624313, 'b_bulk_scale': 0.04362910878876989, 'b_dislocation_scale': 0.0806162448850167, 'gb_scale': 0.9171606754583396, 'gd_bubble_scale': 1.1357720822236612, 'gd_line_scale': 0.06165123254321914, 'gd_line_alpha': 0.41854311491011487, 'coalescence_d_scale': 3.421232906679123, 'capture_scale': 0.06842549087805473}. Best is trial 29 with value: 3.1551993329966823.
[I 2026-05-03 19:03:37,396] Trial 48 finished with value: 5.632444808076695 and parameters: {'rho_high_scale': 2.2665268549792597, 'f_n': 1.247513308750972e-06, 'K_d': 638402.7741741058, 'fission_rate': 7.784758229578018e+19, 'Dg_D1_scale': 1.1719541848762556, 'Dg_D3_scale': 0.26269469415737545, 'Dv_D1_scale': 0.26857739585842544, 'Dv_D2_scale': 1.512009173391129, 'b_bulk_scale': 0.0814911750374194, 'b_dislocation_scale': 0.1992526770693358, 'gb_scale': 0.4404215210601581, 'gd_bubble_scale': 0.4187639924787764, 'gd_line_scale': 0.11430802841651118, 'gd_line_alpha': 0.0033536404657019125, 'coalescence_d_scale': 5.658987433081783, 'capture_scale': 0.9151435896843254}. Best is trial 29 with value: 3.1551993329966823.
[I 2026-05-03 19:04:08,077] Trial 49 finished with value: 3.8127188732343837 and parameters: {'rho_high_scale': 1.68636580460997, 'f_n': 1.0194922253666512e-08, 'K_d': 527196.095423638, 'fission_rate': 6.7144387552037044e+19, 'Dg_D1_scale': 2.166779390082349, 'Dg_D3_scale': 0.45876255409137784, 'Dv_D1_scale': 0.33623390972663747, 'Dv_D2_scale': 1.1862101651428132, 'b_bulk_scale': 0.21619128662500905, 'b_dislocation_scale': 0.03879090464452805, 'gb_scale': 0.2649964584305602, 'gd_bubble_scale': 0.06677698443733515, 'gd_line_scale': 0.0889812223547275, 'gd_line_alpha': 0.1947533623773688, 'coalescence_d_scale': 1.2016685341498958, 'capture_scale': 1.2708048488600707}. Best is trial 29 with value: 3.1551993329966823.
[I 2026-05-03 19:04:37,818] Trial 50 finished with value: 4.09808376599645 and parameters: {'rho_high_scale': 1.4912346618549543, 'f_n': 2.6087959009387485e-07, 'K_d': 562374.9320193868, 'fission_rate': 6.977648508758093e+19, 'Dg_D1_scale': 2.5462944463656836, 'Dg_D3_scale': 0.382777823664119, 'Dv_D1_scale': 0.7342284976412756, 'Dv_D2_scale': 1.8025527416314304, 'b_bulk_scale': 0.06168005287542487, 'b_dislocation_scale': 0.05602546657472274, 'gb_scale': 1.2955160646507786, 'gd_bubble_scale': 0.6915044862754214, 'gd_line_scale': 0.1741673865332954, 'gd_line_alpha': 0.5544403460870044, 'coalescence_d_scale': 2.5193097707745866, 'capture_scale': 7.925466306387108}. Best is trial 29 with value: 3.1551993329966823.
[I 2026-05-03 19:05:06,399] Trial 51 finished with value: 3.7219436749505626 and parameters: {'rho_high_scale': 1.5119041126445807, 'f_n': 1.9861708162085276e-08, 'K_d': 681313.3864648155, 'fission_rate': 7.372231365480331e+19, 'Dg_D1_scale': 2.3274514659762358, 'Dg_D3_scale': 0.34546522417670816, 'Dv_D1_scale': 0.22498594240533407, 'Dv_D2_scale': 1.8348215438648454, 'b_bulk_scale': 0.1241131187828735, 'b_dislocation_scale': 0.04562838004332355, 'gb_scale': 0.32335056056644096, 'gd_bubble_scale': 1.3994977738193295, 'gd_line_scale': 0.13737012043728603, 'gd_line_alpha': 0.31766267057488046, 'coalescence_d_scale': 3.0541058143421735, 'capture_scale': 2.381047611241552}. Best is trial 29 with value: 3.1551993329966823.
[I 2026-05-03 19:05:35,808] Trial 52 finished with value: 3.215508640926136 and parameters: {'rho_high_scale': 1.4288096474907201, 'f_n': 1.8133095611704617e-08, 'K_d': 662603.0650294619, 'fission_rate': 7.531912413949393e+19, 'Dg_D1_scale': 1.9184233492918574, 'Dg_D3_scale': 0.28431991432980463, 'Dv_D1_scale': 0.2582664102755175, 'Dv_D2_scale': 2.295433954147449, 'b_bulk_scale': 0.29197297788794496, 'b_dislocation_scale': 0.1116979019617848, 'gb_scale': 0.5401570234878051, 'gd_bubble_scale': 1.0897923106717702, 'gd_line_scale': 0.13655273228639306, 'gd_line_alpha': 0.3155386435200184, 'coalescence_d_scale': 3.911197119924062, 'capture_scale': 2.299514078437436}. Best is trial 29 with value: 3.1551993329966823.
[I 2026-05-03 19:06:03,900] Trial 53 finished with value: 3.9857763542346096 and parameters: {'rho_high_scale': 2.6849618278117138, 'f_n': 3.922031481142479e-08, 'K_d': 653808.8673576957, 'fission_rate': 7.604912478319418e+19, 'Dg_D1_scale': 1.8992345118021554, 'Dg_D3_scale': 0.29778316951221606, 'Dv_D1_scale': 0.29921282500040675, 'Dv_D2_scale': 2.3245479576125008, 'b_bulk_scale': 0.28631038839993694, 'b_dislocation_scale': 0.11503451092418714, 'gb_scale': 0.6040326387696837, 'gd_bubble_scale': 1.1466990253481517, 'gd_line_scale': 0.09126677578736188, 'gd_line_alpha': 0.3720021253682269, 'coalescence_d_scale': 6.952881086087278, 'capture_scale': 5.128945308508008}. Best is trial 29 with value: 3.1551993329966823.
[I 2026-05-03 19:06:25,913] Trial 54 finished with value: 12.167283490941893 and parameters: {'rho_high_scale': 1.8827166232905583, 'f_n': 8.74390167999037e-08, 'K_d': 766189.0076933216, 'fission_rate': 6.518018980688024e+19, 'Dg_D1_scale': 1.283607583190868, 'Dg_D3_scale': 0.1987054659775225, 'Dv_D1_scale': 1.9975361871375432, 'Dv_D2_scale': 2.80571029966316, 'b_bulk_scale': 0.09822776280239658, 'b_dislocation_scale': 0.16048367735880031, 'gb_scale': 0.8190332590845544, 'gd_bubble_scale': 0.8158256127017898, 'gd_line_scale': 0.12322872773143634, 'gd_line_alpha': 0.27542846453435943, 'coalescence_d_scale': 12.830461355773275, 'capture_scale': 3.422911959457285}. Best is trial 29 with value: 3.1551993329966823.
[I 2026-05-03 19:06:52,474] Trial 55 finished with value: 3.1764906931789985 and parameters: {'rho_high_scale': 1.4048474589600788, 'f_n': 1.3790914480560869e-08, 'K_d': 605107.3949737976, 'fission_rate': 7.84597985392174e+19, 'Dg_D1_scale': 1.5582692763081563, 'Dg_D3_scale': 0.9210487960317508, 'Dv_D1_scale': 0.2571126206452696, 'Dv_D2_scale': 1.4588769255697915, 'b_bulk_scale': 0.04627232194527417, 'b_dislocation_scale': 0.2539340156200077, 'gb_scale': 0.5784062919455227, 'gd_bubble_scale': 1.9852756149565525, 'gd_line_scale': 0.6450775301014932, 'gd_line_alpha': 0.5043433976041443, 'coalescence_d_scale': 4.560839682263506, 'capture_scale': 2.205012732889984}. Best is trial 29 with value: 3.1551993329966823.
