[I 2026-05-03 23:56:08,616] Trial 421 finished with value: 4.518375144506068 and parameters: {'rho_high_scale': 0.7583334690405475, 'f_n': 1.22177964704364e-08, 'K_d': 348768.8524478416, 'fission_rate': 5.033269587430203e+19, 'Dg_D1_scale': 0.566239737737754, 'Dg_D3_scale': 0.6896269143045487, 'Dv_D1_scale': 0.5327024364582649, 'Dv_D2_scale': 3.8019772400491956, 'b_bulk_scale': 0.055994916730094636, 'b_dislocation_scale': 0.0757966232800205, 'gb_scale': 3.6944764624013944, 'gd_bubble_scale': 5.467348219140545, 'gd_line_scale': 1.7984518627029793, 'gd_line_alpha': 0.8550025251168906, 'coalescence_d_scale': 0.10219631988946017, 'capture_scale': 0.05515458800429225}. Best is trial 398 with value: 2.2424619397909873.
[I 2026-05-03 23:56:41,795] Trial 422 finished with value: 2.3575596909176832 and parameters: {'rho_high_scale': 0.7341330133789122, 'f_n': 1.6093780066138147e-08, 'K_d': 363345.75953355175, 'fission_rate': 5.2869902658223096e+19, 'Dg_D1_scale': 0.6395161445754314, 'Dg_D3_scale': 0.8288164535427446, 'Dv_D1_scale': 0.40846406229495064, 'Dv_D2_scale': 0.5899459081629217, 'b_bulk_scale': 0.048175592008702466, 'b_dislocation_scale': 0.3850535627807256, 'gb_scale': 2.6066442000347148, 'gd_bubble_scale': 8.319902302827105, 'gd_line_scale': 1.3258444279980126, 'gd_line_alpha': 0.8807453416237546, 'coalescence_d_scale': 0.2610970611660626, 'capture_scale': 0.09929038074392246}. Best is trial 398 with value: 2.2424619397909873.
[I 2026-05-03 23:57:22,168] Trial 423 finished with value: 5.192122422313779 and parameters: {'rho_high_scale': 4.494670035747679, 'f_n': 1.037403866990054e-08, 'K_d': 381122.5983996367, 'fission_rate': 4.560581134757424e+19, 'Dg_D1_scale': 0.5285746967562821, 'Dg_D3_scale': 0.6228892584551364, 'Dv_D1_scale': 0.4751305696072298, 'Dv_D2_scale': 3.609935333355666, 'b_bulk_scale': 0.06352587022133908, 'b_dislocation_scale': 0.5234823992423773, 'gb_scale': 4.19530294813926, 'gd_bubble_scale': 7.279367201689245, 'gd_line_scale': 2.182626458592569, 'gd_line_alpha': 0.9036860437252886, 'coalescence_d_scale': 0.15512277533040636, 'capture_scale': 0.06038439367044672}. Best is trial 398 with value: 2.2424619397909873.
[I 2026-05-03 23:57:56,970] Trial 424 finished with value: 3.192377503875678 and parameters: {'rho_high_scale': 0.8029945106841363, 'f_n': 7.993596247375567e-09, 'K_d': 355060.89401644305, 'fission_rate': 4.68154980241532e+19, 'Dg_D1_scale': 0.48172569686401584, 'Dg_D3_scale': 1.1802832063175932, 'Dv_D1_scale': 0.5788598694562439, 'Dv_D2_scale': 3.998074127213846, 'b_bulk_scale': 0.17789172776958354, 'b_dislocation_scale': 0.3231552303479011, 'gb_scale': 3.5014808147164223, 'gd_bubble_scale': 0.4682387806826877, 'gd_line_scale': 0.8525392566747967, 'gd_line_alpha': 0.9291713391262952, 'coalescence_d_scale': 0.2124271289549439, 'capture_scale': 0.22888657854051392}. Best is trial 398 with value: 2.2424619397909873.
[I 2026-05-03 23:58:33,252] Trial 425 finished with value: 2.250510908735746 and parameters: {'rho_high_scale': 0.7629041971363092, 'f_n': 1.9443232323786916e-08, 'K_d': 369881.1306098172, 'fission_rate': 4.758605011064434e+19, 'Dg_D1_scale': 0.5759358376636896, 'Dg_D3_scale': 1.1152251973214091, 'Dv_D1_scale': 0.44313392917260536, 'Dv_D2_scale': 3.360868535175104, 'b_bulk_scale': 0.05471085781157917, 'b_dislocation_scale': 0.44001260995172514, 'gb_scale': 1.4523171261808459, 'gd_bubble_scale': 8.982816870099864, 'gd_line_scale': 0.9860279763889696, 'gd_line_alpha': 0.9550359072830633, 'coalescence_d_scale': 0.2524183701821038, 'capture_scale': 0.049373642499657915}. Best is trial 398 with value: 2.2424619397909873.
[I 2026-05-03 23:59:08,460] Trial 426 finished with value: 2.8482342894213635 and parameters: {'rho_high_scale': 0.7326218034435332, 'f_n': 2.7521068791293147e-08, 'K_d': 391638.2106447698, 'fission_rate': 4.82690119604688e+19, 'Dg_D1_scale': 0.5861413997376672, 'Dg_D3_scale': 1.2436720711489226, 'Dv_D1_scale': 0.5192727075525437, 'Dv_D2_scale': 2.9787899778559668, 'b_bulk_scale': 0.05242157585225797, 'b_dislocation_scale': 0.3539204841913095, 'gb_scale': 1.534771766884705, 'gd_bubble_scale': 6.366456840613708, 'gd_line_scale': 0.9730935693819955, 'gd_line_alpha': 0.9578631361086338, 'coalescence_d_scale': 3.3297333544637557, 'capture_scale': 0.04822274566834831}. Best is trial 398 with value: 2.2424619397909873.
[I 2026-05-03 23:59:44,462] Trial 427 finished with value: 5.158058905790453 and parameters: {'rho_high_scale': 0.8370151186743228, 'f_n': 1.8303272877344375e-08, 'K_d': 374411.8940437058, 'fission_rate': 4.8977635353762775e+19, 'Dg_D1_scale': 0.6166803762074611, 'Dg_D3_scale': 1.1595706780644937, 'Dv_D1_scale': 0.4486145685639654, 'Dv_D2_scale': 3.1705718817896535, 'b_bulk_scale': 0.0429566628787338, 'b_dislocation_scale': 0.41326331106588515, 'gb_scale': 1.328667449956845, 'gd_bubble_scale': 7.778410710008906, 'gd_line_scale': 0.9395753860256636, 'gd_line_alpha': 0.7937791169224594, 'coalescence_d_scale': 10.361383585058876, 'capture_scale': 0.12712668943384914}. Best is trial 398 with value: 2.2424619397909873.
[I 2026-05-04 00:00:25,574] Trial 428 finished with value: 5.523614576564353 and parameters: {'rho_high_scale': 7.785036801983463, 'f_n': 2.0742088675692664e-08, 'K_d': 341718.92561239126, 'fission_rate': 4.692673484866872e+19, 'Dg_D1_scale': 0.6598977136038453, 'Dg_D3_scale': 0.5436935566397435, 'Dv_D1_scale': 0.4942062000530052, 'Dv_D2_scale': 3.3422644876668146, 'b_bulk_scale': 0.05615397147026646, 'b_dislocation_scale': 0.29602057155950684, 'gb_scale': 1.4424153315263724, 'gd_bubble_scale': 8.550897665181983, 'gd_line_scale': 0.8543753845755963, 'gd_line_alpha': 0.9802788954620127, 'coalescence_d_scale': 0.17509385844568273, 'capture_scale': 6.993462676221631}. Best is trial 398 with value: 2.2424619397909873.
[I 2026-05-04 00:00:58,743] Trial 429 finished with value: 2.508184611312124 and parameters: {'rho_high_scale': 0.7001448015229442, 'f_n': 2.5654019379348862e-08, 'K_d': 368680.30360874376, 'fission_rate': 4.723988258155024e+19, 'Dg_D1_scale': 0.562222299441846, 'Dg_D3_scale': 1.0888758176264475, 'Dv_D1_scale': 0.202218597790322, 'Dv_D2_scale': 2.9263493890084464, 'b_bulk_scale': 0.04813022114497191, 'b_dislocation_scale': 0.4917515080826427, 'gb_scale': 1.259421577501523, 'gd_bubble_scale': 7.212844522015861, 'gd_line_scale': 1.0838359094276302, 'gd_line_alpha': 0.9463269048915499, 'coalescence_d_scale': 0.24705247358149357, 'capture_scale': 0.04766402075809259}. Best is trial 398 with value: 2.2424619397909873.
Best trial: 398. Best value: 2.24246:  86%|████████▌ | 430/500 [5:23:29<42:16, 36.23s/it]Best trial: 398. Best value: 2.24246:  86%|████████▌ | 430/500 [5:23:30<42:16, 36.23s/it]Best trial: 398. Best value: 2.24246:  86%|████████▌ | 431/500 [5:23:30<42:06, 36.62s/it]                                                                                         Best trial: 398. Best value: 2.24246:  86%|████████▌ | 431/500 [5:24:13<42:06, 36.62s/it]Best trial: 398. Best value: 2.24246:  86%|████████▌ | 431/500 [5:24:13<42:06, 36.62s/it]Best trial: 398. Best value: 2.24246:  86%|████████▋ | 432/500 [5:24:13<43:57, 38.78s/it]                                                                                         Best trial: 398. Best value: 2.24246:  86%|████████▋ | 432/500 [5:24:46<43:57, 38.78s/it]Best trial: 398. Best value: 2.24246:  86%|████████▋ | 432/500 [5:24:46<43:57, 38.78s/it]Best trial: 398. Best value: 2.24246:  87%|████████▋ | 433/500 [5:24:46<41:13, 36.91s/it]                                                                                         Best trial: 398. Best value: 2.24246:  87%|████████▋ | 433/500 [5:25:28<41:13, 36.91s/it]Best trial: 398. Best value: 2.24246:  87%|████████▋ | 433/500 [5:25:28<41:13, 36.91s/it]Best trial: 398. Best value: 2.24246:  87%|████████▋ | 434/500 [5:25:28<42:18, 38.46s/it]                                                                                         Best trial: 398. Best value: 2.24246:  87%|████████▋ | 434/500 [5:26:01<42:18, 38.46s/it]Best trial: 398. Best value: 2.24246:  87%|████████▋ | 434/500 [5:26:02<42:18, 38.46s/it]Best trial: 398. Best value: 2.24246:  87%|████████▋ | 435/500 [5:26:02<40:04, 37.00s/it]                                                                                         Best trial: 398. Best value: 2.24246:  87%|████████▋ | 435/500 [5:26:41<40:04, 37.00s/it]Best trial: 398. Best value: 2.24246:  87%|████████▋ | 435/500 [5:26:42<40:04, 37.00s/it]Best trial: 398. Best value: 2.24246:  87%|████████▋ | 436/500 [5:26:42<40:27, 37.93s/it]                                                                                         Best trial: 398. Best value: 2.24246:  87%|████████▋ | 436/500 [5:27:21<40:27, 37.93s/it]Best trial: 398. Best value: 2.24246:  87%|████████▋ | 436/500 [5:27:21<40:27, 37.93s/it]Best trial: 398. Best value: 2.24246:  87%|████████▋ | 437/500 [5:27:21<40:16, 38.36s/it]                                                                                         Best trial: 398. Best value: 2.24246:  87%|████████▋ | 437/500 [5:28:00<40:16, 38.36s/it]Best trial: 398. Best value: 2.24246:  87%|████████▋ | 437/500 [5:28:00<40:16, 38.36s/it]Best trial: 398. Best value: 2.24246:  88%|████████▊ | 438/500 [5:28:00<39:53, 38.60s/it]                                                                                         Best trial: 398. Best value: 2.24246:  88%|████████▊ | 438/500 [5:28:33<39:53, 38.60s/it]Best trial: 398. Best value: 2.24246:  88%|████████▊ | 438/500 [5:28:34<39:53, 38.60s/it]Best trial: 398. Best value: 2.24246:  88%|████████▊ | 439/500 [5:28:34<37:37, 37.00s/it]                                                                                         Best trial: 398. Best value: 2.24246:  88%|████████▊ | 439/500 [5:29:06<37:37, 37.00s/it]Best trial: 398. Best value: 2.24246:  88%|████████▊ | 439/500 [5:29:06<37:37, 37.00s/it]Best trial: 398. Best value: 2.24246:  88%|████████▊ | 440/500 [5:29:06<35:39, 35.67s/it]                                                                                         Best trial: 398. Best value: 2.24246:  88%|████████▊ | 440/500 [5:29:41<35:39, 35.67s/it]Best trial: 398. Best value: 2.24246:  88%|████████▊ | 440/500 [5:29:41<35:39, 35.67s/it]Best trial: 398. Best value: 2.24246:  88%|████████▊ | 441/500 [5:29:41<34:51, 35.45s/it]                                                                                         [I 2026-05-04 00:01:36,261] Trial 430 finished with value: 2.3763769120331024 and parameters: {'rho_high_scale': 0.760424837603211, 'f_n': 2.073706752097363e-08, 'K_d': 380369.5946413123, 'fission_rate': 4.863202743199257e+19, 'Dg_D1_scale': 0.6040831618433478, 'Dg_D3_scale': 1.2940539655880225, 'Dv_D1_scale': 0.43516348288271234, 'Dv_D2_scale': 3.4242190039348523, 'b_bulk_scale': 0.060749767301846884, 'b_dislocation_scale': 0.385305681750624, 'gb_scale': 1.1002147327617395, 'gd_bubble_scale': 5.99428792056192, 'gd_line_scale': 1.0376783476547122, 'gd_line_alpha': 0.869603534129258, 'coalescence_d_scale': 0.12352492485916207, 'capture_scale': 0.0787276921316074}. Best is trial 398 with value: 2.2424619397909873.
[I 2026-05-04 00:02:20,092] Trial 431 finished with value: 3.113760901432364 and parameters: {'rho_high_scale': 0.7876209075659724, 'f_n': 1.5446986250728024e-08, 'K_d': 360811.32760935626, 'fission_rate': 4.612345042195745e+19, 'Dg_D1_scale': 0.7155867170763777, 'Dg_D3_scale': 1.15068988071796, 'Dv_D1_scale': 0.46865862894980187, 'Dv_D2_scale': 3.1630037010423275, 'b_bulk_scale': 0.3377622608333448, 'b_dislocation_scale': 0.44891141014014313, 'gb_scale': 2.203992622070699, 'gd_bubble_scale': 8.367815103228104, 'gd_line_scale': 1.164350104028094, 'gd_line_alpha': 0.9670860965670776, 'coalescence_d_scale': 1.6902348480207001, 'capture_scale': 0.33505504396296015}. Best is trial 398 with value: 2.2424619397909873.
[I 2026-05-04 00:02:52,642] Trial 432 finished with value: 2.5995420223965775 and parameters: {'rho_high_scale': 0.7347866033778306, 'f_n': 2.8384580289939207e-08, 'K_d': 352328.5786566088, 'fission_rate': 4.774362351059566e+19, 'Dg_D1_scale': 0.5465434279178151, 'Dg_D3_scale': 1.2147716801157706, 'Dv_D1_scale': 0.4322128952918781, 'Dv_D2_scale': 3.7658232958792413, 'b_bulk_scale': 0.05270588546046886, 'b_dislocation_scale': 0.34583264806950004, 'gb_scale': 2.388084084068817, 'gd_bubble_scale': 6.755295966626692, 'gd_line_scale': 0.9386605726331246, 'gd_line_alpha': 0.8360784770194053, 'coalescence_d_scale': 0.10020107964044334, 'capture_scale': 0.04355050478144023}. Best is trial 398 with value: 2.2424619397909873.
[I 2026-05-04 00:03:34,718] Trial 433 finished with value: 3.830726521895316 and parameters: {'rho_high_scale': 0.7630905963827873, 'f_n': 2.2792202134397103e-10, 'K_d': 336702.1374025196, 'fission_rate': 4.5487245257805595e+19, 'Dg_D1_scale': 0.6309433905712897, 'Dg_D3_scale': 0.4923843966889226, 'Dv_D1_scale': 0.4997324532812669, 'Dv_D2_scale': 3.5064800644378415, 'b_bulk_scale': 0.059692492286397746, 'b_dislocation_scale': 0.5555476382480582, 'gb_scale': 1.5409299634232794, 'gd_bubble_scale': 7.62994886223449, 'gd_line_scale': 1.2275867946596495, 'gd_line_alpha': 0.9177464074843894, 'coalescence_d_scale': 0.21818166092419272, 'capture_scale': 0.05101103565630623}. Best is trial 398 with value: 2.2424619397909873.
[I 2026-05-04 00:04:08,295] Trial 434 finished with value: 2.409551818054185 and parameters: {'rho_high_scale': 0.7007111176650285, 'f_n': 1.3357687686926137e-08, 'K_d': 373454.8535368762, 'fission_rate': 4.8250102228611015e+19, 'Dg_D1_scale': 0.5942176322835439, 'Dg_D3_scale': 1.0328888316554816, 'Dv_D1_scale': 0.4618842235214525, 'Dv_D2_scale': 3.998441182415384, 'b_bulk_scale': 0.06811510290404982, 'b_dislocation_scale': 0.4193248945274045, 'gb_scale': 2.7211238616337896, 'gd_bubble_scale': 9.014830888364713, 'gd_line_scale': 0.8272530481184479, 'gd_line_alpha': 0.9541354507120842, 'coalescence_d_scale': 0.26244748963616027, 'capture_scale': 0.06884684175297169}. Best is trial 398 with value: 2.2424619397909873.
[I 2026-05-04 00:04:48,405] Trial 435 finished with value: 4.448547456989379 and parameters: {'rho_high_scale': 0.819502333374395, 'f_n': 1.9500338106735625e-08, 'K_d': 359942.269540491, 'fission_rate': 5.096679818126063e+19, 'Dg_D1_scale': 0.6734839263601293, 'Dg_D3_scale': 1.091367393152586, 'Dv_D1_scale': 0.3295387526409382, 'Dv_D2_scale': 3.294441821027266, 'b_bulk_scale': 0.04549805835433081, 'b_dislocation_scale': 0.03839322968899321, 'gb_scale': 1.3961024129351647, 'gd_bubble_scale': 8.891134828490333, 'gd_line_scale': 1.0636009552703967, 'gd_line_alpha': 0.8959919254504425, 'coalescence_d_scale': 0.1969978117385457, 'capture_scale': 0.06301742425728035}. Best is trial 398 with value: 2.2424619397909873.
[I 2026-05-04 00:05:27,774] Trial 436 finished with value: 3.02751324155648 and parameters: {'rho_high_scale': 1.3699052679520671, 'f_n': 1.6413131097955673e-08, 'K_d': 349191.783424537, 'fission_rate': 4.4785733666104885e+19, 'Dg_D1_scale': 0.5219229379747578, 'Dg_D3_scale': 0.7261993399593185, 'Dv_D1_scale': 0.406485512000351, 'Dv_D2_scale': 3.6267959890037145, 'b_bulk_scale': 0.05347049343345922, 'b_dislocation_scale': 0.3791608591433734, 'gb_scale': 1.1866666936927392, 'gd_bubble_scale': 1.2802913172345578, 'gd_line_scale': 1.3854559784069076, 'gd_line_alpha': 0.8564254888483389, 'coalescence_d_scale': 0.23482534584357675, 'capture_scale': 0.04473800851237073}. Best is trial 398 with value: 2.2424619397909873.
[I 2026-05-04 00:06:06,925] Trial 437 finished with value: 3.1945223800227693 and parameters: {'rho_high_scale': 0.8757266540162412, 'f_n': 3.742996871201125e-09, 'K_d': 571513.0431909293, 'fission_rate': 4.954431935963048e+19, 'Dg_D1_scale': 0.5635808729437015, 'Dg_D3_scale': 0.40964792889679724, 'Dv_D1_scale': 0.30740746702906246, 'Dv_D2_scale': 3.786805495669305, 'b_bulk_scale': 0.0659378407301773, 'b_dislocation_scale': 0.3168840653093062, 'gb_scale': 5.707378614596307, 'gd_bubble_scale': 7.783008919351389, 'gd_line_scale': 1.9648251620562138, 'gd_line_alpha': 0.9378436745298683, 'coalescence_d_scale': 0.14040027065755317, 'capture_scale': 0.05723870103050653}. Best is trial 398 with value: 2.2424619397909873.
[I 2026-05-04 00:06:40,209] Trial 438 finished with value: 2.4808202800723667 and parameters: {'rho_high_scale': 0.7304609002297908, 'f_n': 6.173769860358291e-09, 'K_d': 389206.9177708311, 'fission_rate': 4.54890887940463e+19, 'Dg_D1_scale': 0.47954872935084614, 'Dg_D3_scale': 0.5961954296187338, 'Dv_D1_scale': 0.4455902641865003, 'Dv_D2_scale': 3.0895577973731, 'b_bulk_scale': 0.058386370873475854, 'b_dislocation_scale': 0.47701311839005983, 'gb_scale': 3.008662912298117, 'gd_bubble_scale': 6.84414011725216, 'gd_line_scale': 1.1633609895777264, 'gd_line_alpha': 0.9734945165263955, 'coalescence_d_scale': 0.35555931967004134, 'capture_scale': 0.09554813992025349}. Best is trial 398 with value: 2.2424619397909873.
[I 2026-05-04 00:07:12,682] Trial 439 finished with value: 2.6845909875150453 and parameters: {'rho_high_scale': 0.7800692041814333, 'f_n': 9.256645574185893e-09, 'K_d': 370091.6771395025, 'fission_rate': 4.63974338108644e+19, 'Dg_D1_scale': 0.6035386211124049, 'Dg_D3_scale': 1.317968323777723, 'Dv_D1_scale': 0.5446205702437183, 'Dv_D2_scale': 3.455360712217034, 'b_bulk_scale': 0.03985517728085771, 'b_dislocation_scale': 0.3539510887046653, 'gb_scale': 2.0865110283080965, 'gd_bubble_scale': 0.7533920071374514, 'gd_line_scale': 1.278023136182052, 'gd_line_alpha': 0.8811138860940371, 'coalescence_d_scale': 0.2675463654937097, 'capture_scale': 0.05166890786628803}. Best is trial 398 with value: 2.2424619397909873.
[I 2026-05-04 00:07:47,710] Trial 440 finished with value: 2.287214440129119 and parameters: {'rho_high_scale': 0.731119432241145, 'f_n': 1.3072469388653599e-08, 'K_d': 364973.1188859024, 'fission_rate': 4.761548281216156e+19, 'Dg_D1_scale': 0.5424471099746376, 'Dg_D3_scale': 0.9501581433160061, 'Dv_D1_scale': 0.478630953686605, 'Dv_D2_scale': 3.6370483472236117, 'b_bulk_scale': 0.05064422152606706, 'b_dislocation_scale': 0.4293226307689849, 'gb_scale': 3.056350243704801, 'gd_bubble_scale': 8.323754122141102, 'gd_line_scale': 1.6233204668433352, 'gd_line_alpha': 0.9185572031703558, 'coalescence_d_scale': 0.173342722068947, 'capture_scale': 0.07264931486955667}. Best is trial 398 with value: 2.2424619397909873.
