[I 2026-05-03 21:01:38,842] Trial 267 finished with value: 3.010472975153199 and parameters: {'rho_high_scale': 0.7732136394517752, 'f_n': 1.0144123892809696e-08, 'K_d': 355837.91583922063, 'fission_rate': 4.2024639922078015e+19, 'Dg_D1_scale': 0.493071649478741, 'Dg_D3_scale': 1.1725039696667763, 'Dv_D1_scale': 0.4941679564687385, 'Dv_D2_scale': 0.4191769486855067, 'b_bulk_scale': 0.08621115395566929, 'b_dislocation_scale': 0.3759714831149178, 'gb_scale': 3.5256827570640086, 'gd_bubble_scale': 0.11887198607097864, 'gd_line_scale': 1.48677999940178, 'gd_line_alpha': 0.9727172531568469, 'coalescence_d_scale': 0.3302841767348556, 'capture_scale': 0.031462837182617595}. Best is trial 215 with value: 2.267143995123024.
[I 2026-05-03 21:02:13,268] Trial 268 finished with value: 2.8223682405665187 and parameters: {'rho_high_scale': 0.831840756373606, 'f_n': 7.290779386842863e-09, 'K_d': 372136.80634391325, 'fission_rate': 4.353931230869469e+19, 'Dg_D1_scale': 0.5516493835299561, 'Dg_D3_scale': 1.281816769418463, 'Dv_D1_scale': 0.4066605546643332, 'Dv_D2_scale': 0.7594565405648858, 'b_bulk_scale': 0.07342697589828602, 'b_dislocation_scale': 0.8122090316244321, 'gb_scale': 2.758640710775625, 'gd_bubble_scale': 8.720896471117909, 'gd_line_scale': 1.2823786637257883, 'gd_line_alpha': 0.9539287612874874, 'coalescence_d_scale': 0.28465225878103195, 'capture_scale': 0.023743081964120193}. Best is trial 215 with value: 2.267143995123024.
[I 2026-05-03 21:02:56,745] Trial 269 finished with value: 2.555155732960452 and parameters: {'rho_high_scale': 0.7335387488880702, 'f_n': 1.4286102436463836e-08, 'K_d': 363724.3465554177, 'fission_rate': 4.11754487691923e+19, 'Dg_D1_scale': 0.6088433234023035, 'Dg_D3_scale': 1.4217214978498458, 'Dv_D1_scale': 0.4474410353793452, 'Dv_D2_scale': 3.5588225578546413, 'b_bulk_scale': 0.06332919844488023, 'b_dislocation_scale': 0.44440911537364414, 'gb_scale': 3.1091076512943383, 'gd_bubble_scale': 7.481101596051874, 'gd_line_scale': 2.435408752956777, 'gd_line_alpha': 0.9989902569281393, 'coalescence_d_scale': 0.38041444446089484, 'capture_scale': 0.07189428569904345}. Best is trial 215 with value: 2.267143995123024.
[I 2026-05-03 21:03:29,406] Trial 270 finished with value: 2.6679420725765297 and parameters: {'rho_high_scale': 0.7014928009960615, 'f_n': 1.1209925073635966e-08, 'K_d': 356008.52306311, 'fission_rate': 4.4655659912295e+19, 'Dg_D1_scale': 0.5181920729030001, 'Dg_D3_scale': 1.0199102742130268, 'Dv_D1_scale': 0.47079120902452637, 'Dv_D2_scale': 3.7531676424449625, 'b_bulk_scale': 0.07910758882581947, 'b_dislocation_scale': 0.581105426256861, 'gb_scale': 3.7939306261917967, 'gd_bubble_scale': 8.881439219401082, 'gd_line_scale': 1.4046084529679554, 'gd_line_alpha': 0.9272584869537159, 'coalescence_d_scale': 0.29856719817454747, 'capture_scale': 0.03553961103731533}. Best is trial 215 with value: 2.267143995123024.
[I 2026-05-03 21:04:12,295] Trial 271 finished with value: 2.806154578339588 and parameters: {'rho_high_scale': 0.7914433340858259, 'f_n': 9.234287712281997e-09, 'K_d': 344300.1021311357, 'fission_rate': 4.270164635856972e+19, 'Dg_D1_scale': 0.6222434209341313, 'Dg_D3_scale': 1.101792331953029, 'Dv_D1_scale': 0.5659425818809984, 'Dv_D2_scale': 3.991065058489887, 'b_bulk_scale': 0.059419621516050396, 'b_dislocation_scale': 0.4113742135263334, 'gb_scale': 2.4544067137419012, 'gd_bubble_scale': 8.418442422880796, 'gd_line_scale': 1.6184338640751341, 'gd_line_alpha': 0.9476705408677171, 'coalescence_d_scale': 0.23835968233734028, 'capture_scale': 0.02777949785263339}. Best is trial 215 with value: 2.267143995123024.
[I 2026-05-03 21:04:53,787] Trial 272 finished with value: 4.1796026165455675 and parameters: {'rho_high_scale': 0.7584554560229735, 'f_n': 6.129495997129142e-09, 'K_d': 350038.15047060343, 'fission_rate': 4.612637933203634e+19, 'Dg_D1_scale': 0.5650852146063232, 'Dg_D3_scale': 1.2489435472200823, 'Dv_D1_scale': 0.41321153324254334, 'Dv_D2_scale': 3.562503969793678, 'b_bulk_scale': 0.07012968478773716, 'b_dislocation_scale': 0.37104966292307245, 'gb_scale': 0.8903820489040493, 'gd_bubble_scale': 9.986540390266669, 'gd_line_scale': 2.01608899002263, 'gd_line_alpha': 0.9709468800539318, 'coalescence_d_scale': 0.3403948947047065, 'capture_scale': 0.05917026560626276}. Best is trial 215 with value: 2.267143995123024.
[I 2026-05-03 21:05:29,258] Trial 273 finished with value: 2.5406734473403207 and parameters: {'rho_high_scale': 0.7331988089450286, 'f_n': 4.814051980364026e-09, 'K_d': 375650.34970561386, 'fission_rate': 4.3701661221125145e+19, 'Dg_D1_scale': 0.4423386888095777, 'Dg_D3_scale': 0.9684221367035399, 'Dv_D1_scale': 0.5139935871447082, 'Dv_D2_scale': 3.786269471259709, 'b_bulk_scale': 0.0830216524337227, 'b_dislocation_scale': 0.4741594652983203, 'gb_scale': 5.322674786097939, 'gd_bubble_scale': 7.279320321066711, 'gd_line_scale': 1.2219007905678259, 'gd_line_alpha': 0.9206144911518424, 'coalescence_d_scale': 0.2694916962679434, 'capture_scale': 4.24248357992991}. Best is trial 215 with value: 2.267143995123024.
[I 2026-05-03 21:06:07,905] Trial 274 finished with value: 3.7587880405917593 and parameters: {'rho_high_scale': 0.8135019147126221, 'f_n': 1.486961200551669e-08, 'K_d': 363829.4459431063, 'fission_rate': 5.06903054580817e+19, 'Dg_D1_scale': 0.4875588098693722, 'Dg_D3_scale': 1.178370830720041, 'Dv_D1_scale': 0.38000473127258716, 'Dv_D2_scale': 3.361382493588708, 'b_bulk_scale': 0.3971476406220512, 'b_dislocation_scale': 0.5533441249728966, 'gb_scale': 0.7713615148028587, 'gd_bubble_scale': 8.099772661038168, 'gd_line_scale': 1.311309169019071, 'gd_line_alpha': 0.9539802753930828, 'coalescence_d_scale': 0.2359311101633654, 'capture_scale': 0.15823399366834354}. Best is trial 215 with value: 2.267143995123024.
[I 2026-05-03 21:06:48,360] Trial 275 finished with value: 2.3634458051313265 and parameters: {'rho_high_scale': 0.7330245197010773, 'f_n': 7.992138128256198e-09, 'K_d': 381837.1381922781, 'fission_rate': 4.471619866897602e+19, 'Dg_D1_scale': 0.5307236784434795, 'Dg_D3_scale': 0.9931530107736195, 'Dv_D1_scale': 0.45696903746799206, 'Dv_D2_scale': 3.4840059347247387, 'b_bulk_scale': 0.06782596317436931, 'b_dislocation_scale': 0.4200641009214947, 'gb_scale': 3.2471293854600347, 'gd_bubble_scale': 9.1076653506481, 'gd_line_scale': 1.511960942294501, 'gd_line_alpha': 0.9773710576903397, 'coalescence_d_scale': 0.31281845590759344, 'capture_scale': 0.04004592246139255}. Best is trial 215 with value: 2.267143995123024.
Best trial: 215. Best value: 2.26714:  55%|█████▌    | 276/500 [2:29:21<2:25:50, 39.06s/it]Best trial: 215. Best value: 2.26714:  55%|█████▌    | 276/500 [2:29:22<2:25:50, 39.06s/it]Best trial: 215. Best value: 2.26714:  55%|█████▌    | 277/500 [2:29:22<2:26:17, 39.36s/it]                                                                                           Best trial: 215. Best value: 2.26714:  55%|█████▌    | 277/500 [2:29:55<2:26:17, 39.36s/it]Best trial: 215. Best value: 2.26714:  55%|█████▌    | 277/500 [2:29:55<2:26:17, 39.36s/it]Best trial: 215. Best value: 2.26714:  56%|█████▌    | 278/500 [2:29:55<2:19:22, 37.67s/it]                                                                                           Best trial: 215. Best value: 2.26714:  56%|█████▌    | 278/500 [2:30:22<2:19:22, 37.67s/it]Best trial: 215. Best value: 2.26714:  56%|█████▌    | 278/500 [2:30:23<2:19:22, 37.67s/it]Best trial: 215. Best value: 2.26714:  56%|█████▌    | 279/500 [2:30:23<2:07:12, 34.54s/it]                                                                                           Best trial: 215. Best value: 2.26714:  56%|█████▌    | 279/500 [2:31:08<2:07:12, 34.54s/it]Best trial: 215. Best value: 2.26714:  56%|█████▌    | 279/500 [2:31:08<2:07:12, 34.54s/it]Best trial: 215. Best value: 2.26714:  56%|█████▌    | 280/500 [2:31:08<2:18:38, 37.81s/it]                                                                                           Best trial: 215. Best value: 2.26714:  56%|█████▌    | 280/500 [2:31:54<2:18:38, 37.81s/it]Best trial: 215. Best value: 2.26714:  56%|█████▌    | 280/500 [2:31:54<2:18:38, 37.81s/it]Best trial: 215. Best value: 2.26714:  56%|█████▌    | 281/500 [2:31:54<2:26:57, 40.26s/it]                                                                                           Best trial: 215. Best value: 2.26714:  56%|█████▌    | 281/500 [2:32:35<2:26:57, 40.26s/it]Best trial: 215. Best value: 2.26714:  56%|█████▌    | 281/500 [2:32:35<2:26:57, 40.26s/it]Best trial: 215. Best value: 2.26714:  56%|█████▋    | 282/500 [2:32:35<2:27:09, 40.50s/it]                                                                                           Best trial: 215. Best value: 2.26714:  56%|█████▋    | 282/500 [2:33:19<2:27:09, 40.50s/it]Best trial: 215. Best value: 2.26714:  56%|█████▋    | 282/500 [2:33:19<2:27:09, 40.50s/it]Best trial: 215. Best value: 2.26714:  57%|█████▋    | 283/500 [2:33:19<2:29:57, 41.46s/it]                                                                                           Best trial: 215. Best value: 2.26714:  57%|█████▋    | 283/500 [2:33:52<2:29:57, 41.46s/it]Best trial: 215. Best value: 2.26714:  57%|█████▋    | 283/500 [2:33:53<2:29:57, 41.46s/it]Best trial: 215. Best value: 2.26714:  57%|█████▋    | 284/500 [2:33:53<2:21:00, 39.17s/it]                                                                                           Best trial: 215. Best value: 2.26714:  57%|█████▋    | 284/500 [2:34:23<2:21:00, 39.17s/it]Best trial: 215. Best value: 2.26714:  57%|█████▋    | 284/500 [2:34:23<2:21:00, 39.17s/it]Best trial: 215. Best value: 2.26714:  57%|█████▋    | 285/500 [2:34:23<2:10:35, 36.45s/it]                                                                                           Best trial: 215. Best value: 2.26714:  57%|█████▋    | 285/500 [2:35:03<2:10:35, 36.45s/it]Best trial: 215. Best value: 2.26714:  57%|█████▋    | 285/500 [2:35:04<2:10:35, 36.45s/it]Best trial: 215. Best value: 2.26714:  57%|█████▋    | 286/500 [2:35:04<2:14:46, 37.79s/it]                                                                                           Best trial: 215. Best value: 2.26714:  57%|█████▋    | 286/500 [2:35:32<2:14:46, 37.79s/it]Best trial: 215. Best value: 2.26714:  57%|█████▋    | 286/500 [2:35:33<2:14:46, 37.79s/it]Best trial: 215. Best value: 2.26714:  57%|█████▋    | 287/500 [2:35:33<2:04:37, 35.11s/it]                                                                                           [I 2026-05-03 21:07:28,408] Trial 276 finished with value: 2.5745194797852906 and parameters: {'rho_high_scale': 0.7659464801041499, 'f_n': 1.2851479278927939e-08, 'K_d': 358486.4883579529, 'fission_rate': 4.577652803500234e+19, 'Dg_D1_scale': 0.5916724066891805, 'Dg_D3_scale': 1.098990001491184, 'Dv_D1_scale': 0.4383951372147338, 'Dv_D2_scale': 3.768064495748405, 'b_bulk_scale': 0.058865497493937914, 'b_dislocation_scale': 0.3639491274774084, 'gb_scale': 2.8030805264928564, 'gd_bubble_scale': 7.364526906835956, 'gd_line_scale': 1.8174201813343076, 'gd_line_alpha': 0.9448643944450374, 'coalescence_d_scale': 0.2872971992409263, 'capture_scale': 0.033390443640981156}. Best is trial 215 with value: 2.267143995123024.
[I 2026-05-03 21:08:02,142] Trial 277 finished with value: 2.5840498024173373 and parameters: {'rho_high_scale': 0.7292184829976646, 'f_n': 9.839887983087435e-09, 'K_d': 368657.3174869704, 'fission_rate': 4.389156484166875e+19, 'Dg_D1_scale': 0.6421040538411587, 'Dg_D3_scale': 0.9116790702381452, 'Dv_D1_scale': 0.48545993198832665, 'Dv_D2_scale': 3.2604097240624017, 'b_bulk_scale': 0.07467753163905293, 'b_dislocation_scale': 0.5088485027308997, 'gb_scale': 4.325382148930804, 'gd_bubble_scale': 8.809214225995309, 'gd_line_scale': 1.2296214317263683, 'gd_line_alpha': 0.914367544703719, 'coalescence_d_scale': 0.2587356844819362, 'capture_scale': 0.01886459313145512}. Best is trial 215 with value: 2.267143995123024.
[I 2026-05-03 21:08:29,365] Trial 278 finished with value: 2.947489807613727 and parameters: {'rho_high_scale': 0.7788232902959491, 'f_n': 1.62518570860577e-08, 'K_d': 339597.22862469434, 'fission_rate': 5.166792360639162e+19, 'Dg_D1_scale': 0.5477403181420117, 'Dg_D3_scale': 1.3807735681338817, 'Dv_D1_scale': 0.3943465875858022, 'Dv_D2_scale': 3.9984760333719263, 'b_bulk_scale': 0.06518572198021225, 'b_dislocation_scale': 0.6456123859924895, 'gb_scale': 3.4761642579969654, 'gd_bubble_scale': 7.776589050153606, 'gd_line_scale': 1.4336949005293866, 'gd_line_alpha': 0.9631630551831509, 'coalescence_d_scale': 0.22787175248739985, 'capture_scale': 5.179847976257622}. Best is trial 215 with value: 2.267143995123024.
[I 2026-05-03 21:09:14,815] Trial 279 finished with value: 4.115976970762003 and parameters: {'rho_high_scale': 0.731071735712027, 'f_n': 1.1040056222639804e-08, 'K_d': 349681.54311177647, 'fission_rate': 4.0690064098555806e+19, 'Dg_D1_scale': 0.48108125422699516, 'Dg_D3_scale': 1.0341045685330448, 'Dv_D1_scale': 1.4615194946895003, 'Dv_D2_scale': 0.5954195344876835, 'b_bulk_scale': 0.05819325694479645, 'b_dislocation_scale': 0.4530600813139591, 'gb_scale': 1.031609058263137, 'gd_bubble_scale': 9.149275699312067, 'gd_line_scale': 1.6667428701941691, 'gd_line_alpha': 0.22362675013704592, 'coalescence_d_scale': 0.421762683229001, 'capture_scale': 0.06681694264796259}. Best is trial 215 with value: 2.267143995123024.
[I 2026-05-03 21:10:00,793] Trial 280 finished with value: 3.2186892201447037 and parameters: {'rho_high_scale': 0.700064582910457, 'f_n': 7.100454116659987e-09, 'K_d': 357394.83780667273, 'fission_rate': 4.300169499688429e+19, 'Dg_D1_scale': 0.5128019524739014, 'Dg_D3_scale': 0.17439882661339673, 'Dv_D1_scale': 0.4146940243637934, 'Dv_D2_scale': 0.2624382189537981, 'b_bulk_scale': 0.25037724066866907, 'b_dislocation_scale': 0.38822945869051406, 'gb_scale': 3.9825680161664367, 'gd_bubble_scale': 8.272270641685688, 'gd_line_scale': 2.6830693427699766, 'gd_line_alpha': 0.926865786149842, 'coalescence_d_scale': 0.3263388954322621, 'capture_scale': 0.02353796069339658}. Best is trial 215 with value: 2.267143995123024.
[I 2026-05-03 21:10:41,855] Trial 281 finished with value: 2.496716871808029 and parameters: {'rho_high_scale': 0.804773459116855, 'f_n': 1.2874249633618748e-08, 'K_d': 373978.722104719, 'fission_rate': 4.475980567306198e+19, 'Dg_D1_scale': 0.5757639249111121, 'Dg_D3_scale': 1.2173962752018894, 'Dv_D1_scale': 0.43678160762930746, 'Dv_D2_scale': 3.615048022295925, 'b_bulk_scale': 0.1006161499823617, 'b_dislocation_scale': 0.34736211461258654, 'gb_scale': 3.05053210704817, 'gd_bubble_scale': 6.835557528449481, 'gd_line_scale': 1.1848099508646603, 'gd_line_alpha': 0.983051606798166, 'coalescence_d_scale': 0.3617436806201017, 'capture_scale': 0.028028392335564634}. Best is trial 215 with value: 2.267143995123024.
[I 2026-05-03 21:11:25,562] Trial 282 finished with value: 4.4333104430788515 and parameters: {'rho_high_scale': 2.7351473043673145, 'f_n': 8.530027312644352e-09, 'K_d': 365250.63485397253, 'fission_rate': 4.2169948209415184e+19, 'Dg_D1_scale': 0.6401715281806654, 'Dg_D3_scale': 0.8718533720872891, 'Dv_D1_scale': 0.46793602124293676, 'Dv_D2_scale': 3.4147106262017077, 'b_bulk_scale': 0.08031787963459812, 'b_dislocation_scale': 0.570295524594358, 'gb_scale': 2.46858611008853, 'gd_bubble_scale': 6.670385719287637, 'gd_line_scale': 1.3424992232212585, 'gd_line_alpha': 0.9405395619489458, 'coalescence_d_scale': 0.27566368927812784, 'capture_scale': 0.03775543749152424}. Best is trial 215 with value: 2.267143995123024.
[I 2026-05-03 21:11:59,350] Trial 283 finished with value: 2.563622794645785 and parameters: {'rho_high_scale': 0.7569020190038254, 'f_n': 7.467519348124145e-08, 'K_d': 382465.8653525414, 'fission_rate': 4.613555229996504e+19, 'Dg_D1_scale': 0.41246451049579796, 'Dg_D3_scale': 0.9578776507739241, 'Dv_D1_scale': 0.5448331173138662, 'Dv_D2_scale': 3.756287547256348, 'b_bulk_scale': 0.07336840306475141, 'b_dislocation_scale': 0.41245012821691945, 'gb_scale': 3.3703031441907436, 'gd_bubble_scale': 9.889460752327782, 'gd_line_scale': 1.9939128461099676, 'gd_line_alpha': 0.9037489223600945, 'coalescence_d_scale': 0.3063793975625659, 'capture_scale': 0.055931401749782096}. Best is trial 215 with value: 2.267143995123024.
[I 2026-05-03 21:12:29,472] Trial 284 finished with value: 2.993752952722836 and parameters: {'rho_high_scale': 0.7009006366209899, 'f_n': 1.642715938298251e-08, 'K_d': 352782.7580745433, 'fission_rate': 4.421995920927359e+19, 'Dg_D1_scale': 0.5450297539503832, 'Dg_D3_scale': 1.1253491250718408, 'Dv_D1_scale': 0.5028541540666814, 'Dv_D2_scale': 3.541840005410103, 'b_bulk_scale': 0.0652695431344567, 'b_dislocation_scale': 0.7205737170740654, 'gb_scale': 2.7233899739811473, 'gd_bubble_scale': 7.516727421777236, 'gd_line_scale': 1.5088695332620152, 'gd_line_alpha': 0.9629611766841402, 'coalescence_d_scale': 0.22472150540286437, 'capture_scale': 0.03266179373940657}. Best is trial 215 with value: 2.267143995123024.
[I 2026-05-03 21:13:10,353] Trial 285 finished with value: 4.010945289844271 and parameters: {'rho_high_scale': 0.761116942826222, 'f_n': 1.0756604277736217e-08, 'K_d': 366486.352381152, 'fission_rate': 4.775058791485046e+19, 'Dg_D1_scale': 0.5892517320859519, 'Dg_D3_scale': 1.4806092023748174, 'Dv_D1_scale': 0.4090044922434128, 'Dv_D2_scale': 3.7709507875320276, 'b_bulk_scale': 0.08489863637003918, 'b_dislocation_scale': 0.4959611751766073, 'gb_scale': 0.6777801317600158, 'gd_bubble_scale': 8.554441749168587, 'gd_line_scale': 2.393333643538583, 'gd_line_alpha': 0.9799654527204584, 'coalescence_d_scale': 0.25399772211978944, 'capture_scale': 0.044955366166245965}. Best is trial 215 with value: 2.267143995123024.
[I 2026-05-03 21:13:39,240] Trial 286 finished with value: 3.64535418009584 and parameters: {'rho_high_scale': 0.8513506746591676, 'f_n': 1.3603109930597275e-08, 'K_d': 358030.4237353628, 'fission_rate': 4.532614979125422e+19, 'Dg_D1_scale': 0.46462504265382776, 'Dg_D3_scale': 1.3183115763617368, 'Dv_D1_scale': 0.3823156039837355, 'Dv_D2_scale': 0.428674105668056, 'b_bulk_scale': 0.05468957574856727, 'b_dislocation_scale': 0.4522248091300784, 'gb_scale': 3.722976987282417, 'gd_bubble_scale': 0.36813346336025077, 'gd_line_scale': 1.2176781741218667, 'gd_line_alpha': 0.9356644372587436, 'coalescence_d_scale': 0.3791810801022137, 'capture_scale': 0.02188161330696421}. Best is trial 215 with value: 2.267143995123024.
