Best trial: 121. Best value: 2.29652:  27%|██▋       | 133/500 [1:05:40<3:24:33, 33.44s/it]Best trial: 121. Best value: 2.29652:  27%|██▋       | 133/500 [1:05:40<3:24:33, 33.44s/it]Best trial: 121. Best value: 2.29652:  27%|██▋       | 134/500 [1:05:40<3:28:01, 34.10s/it]                                                                                           Best trial: 121. Best value: 2.29652:  27%|██▋       | 134/500 [1:06:11<3:28:01, 34.10s/it]Best trial: 121. Best value: 2.29652:  27%|██▋       | 134/500 [1:06:12<3:28:01, 34.10s/it]Best trial: 121. Best value: 2.29652:  27%|██▋       | 135/500 [1:06:12<3:22:02, 33.21s/it]                                                                                           Best trial: 121. Best value: 2.29652:  27%|██▋       | 135/500 [1:06:31<3:22:02, 33.21s/it]Best trial: 121. Best value: 2.29652:  27%|██▋       | 135/500 [1:06:31<3:22:02, 33.21s/it]Best trial: 121. Best value: 2.29652:  27%|██▋       | 136/500 [1:06:31<2:55:49, 28.98s/it]                                                                                           Best trial: 121. Best value: 2.29652:  27%|██▋       | 136/500 [1:07:10<2:55:49, 28.98s/it]Best trial: 121. Best value: 2.29652:  27%|██▋       | 136/500 [1:07:10<2:55:49, 28.98s/it]Best trial: 121. Best value: 2.29652:  27%|██▋       | 137/500 [1:07:10<3:14:35, 32.16s/it]                                                                                           Best trial: 121. Best value: 2.29652:  27%|██▋       | 137/500 [1:07:46<3:14:35, 32.16s/it]Best trial: 121. Best value: 2.29652:  27%|██▋       | 137/500 [1:07:46<3:14:35, 32.16s/it]Best trial: 121. Best value: 2.29652:  28%|██▊       | 138/500 [1:07:46<3:20:13, 33.19s/it]                                                                                           Best trial: 121. Best value: 2.29652:  28%|██▊       | 138/500 [1:08:27<3:20:13, 33.19s/it]Best trial: 121. Best value: 2.29652:  28%|██▊       | 138/500 [1:08:27<3:20:13, 33.19s/it]Best trial: 121. Best value: 2.29652:  28%|██▊       | 139/500 [1:08:27<3:33:39, 35.51s/it]                                                                                           Best trial: 121. Best value: 2.29652:  28%|██▊       | 139/500 [1:09:06<3:33:39, 35.51s/it]Best trial: 121. Best value: 2.29652:  28%|██▊       | 139/500 [1:09:07<3:33:39, 35.51s/it]Best trial: 121. Best value: 2.29652:  28%|██▊       | 140/500 [1:09:07<3:40:46, 36.80s/it]                                                                                           Best trial: 121. Best value: 2.29652:  28%|██▊       | 140/500 [1:09:42<3:40:46, 36.80s/it]Best trial: 121. Best value: 2.29652:  28%|██▊       | 140/500 [1:09:42<3:40:46, 36.80s/it]Best trial: 121. Best value: 2.29652:  28%|██▊       | 141/500 [1:09:42<3:37:22, 36.33s/it]                                                                                           Best trial: 121. Best value: 2.29652:  28%|██▊       | 141/500 [1:10:11<3:37:22, 36.33s/it]Best trial: 121. Best value: 2.29652:  28%|██▊       | 141/500 [1:10:11<3:37:22, 36.33s/it]Best trial: 121. Best value: 2.29652:  28%|██▊       | 142/500 [1:10:11<3:24:43, 34.31s/it]                                                                                           Best trial: 121. Best value: 2.29652:  28%|██▊       | 142/500 [1:10:39<3:24:43, 34.31s/it]Best trial: 121. Best value: 2.29652:  28%|██▊       | 142/500 [1:10:39<3:24:43, 34.31s/it]Best trial: 121. Best value: 2.29652:  29%|██▊       | 143/500 [1:10:39<3:12:02, 32.28s/it]                                                                                           Best trial: 121. Best value: 2.29652:  29%|██▊       | 143/500 [1:11:09<3:12:02, 32.28s/it]Best trial: 121. Best value: 2.29652:  29%|██▊       | 143/500 [1:11:09<3:12:02, 32.28s/it]Best trial: 121. Best value: 2.29652:  29%|██▉       | 144/500 [1:11:09<3:07:55, 31.67s/it]                                                                                           [I 2026-05-03 19:43:47,166] Trial 133 finished with value: 2.601388259584226 and parameters: {'rho_high_scale': 0.7007067710045697, 'f_n': 9.777260861649798e-08, 'K_d': 363559.86136136256, 'fission_rate': 4.2679046994265326e+19, 'Dg_D1_scale': 0.46120391871870053, 'Dg_D3_scale': 0.5254757491481795, 'Dv_D1_scale': 0.39161948188937334, 'Dv_D2_scale': 3.505003438696328, 'b_bulk_scale': 0.05459946011394931, 'b_dislocation_scale': 0.30474912043235886, 'gb_scale': 1.6689311013171368, 'gd_bubble_scale': 7.927002470994308, 'gd_line_scale': 1.0065195698159897, 'gd_line_alpha': 0.9538580437293818, 'coalescence_d_scale': 0.18256358214042084, 'capture_scale': 3.1077454330461802}. Best is trial 121 with value: 2.296521578936564.
[I 2026-05-03 19:44:18,333] Trial 134 finished with value: 2.5616392036877254 and parameters: {'rho_high_scale': 0.8362673710689419, 'f_n': 1.406537665908713e-07, 'K_d': 402624.7479244593, 'fission_rate': 5.218748133773296e+19, 'Dg_D1_scale': 0.5118573488012937, 'Dg_D3_scale': 0.37361241603941786, 'Dv_D1_scale': 0.4493539912587354, 'Dv_D2_scale': 2.6648300963866363, 'b_bulk_scale': 0.07153996678096534, 'b_dislocation_scale': 0.39359536931669753, 'gb_scale': 1.5100582279565853, 'gd_bubble_scale': 6.67074015503256, 'gd_line_scale': 1.907265185258434, 'gd_line_alpha': 0.9334086758375437, 'coalescence_d_scale': 0.11084989095300814, 'capture_scale': 4.190404977905047}. Best is trial 121 with value: 2.296521578936564.
[I 2026-05-03 19:44:37,429] Trial 135 finished with value: 4.576151680262037 and parameters: {'rho_high_scale': 0.7711266805354217, 'f_n': 3.7087323400196446e-08, 'K_d': 376352.73738588026, 'fission_rate': 5.428667876498585e+19, 'Dg_D1_scale': 0.3699769324601445, 'Dg_D3_scale': 0.6037654116339511, 'Dv_D1_scale': 0.4058199726367857, 'Dv_D2_scale': 3.265058891883145, 'b_bulk_scale': 0.04996343839653963, 'b_dislocation_scale': 3.0714884957846325, 'gb_scale': 2.6521303144323705, 'gd_bubble_scale': 8.650625291856313, 'gd_line_scale': 1.8395704953420882, 'gd_line_alpha': 0.8868111978637119, 'coalescence_d_scale': 0.23956625358258607, 'capture_scale': 6.862374327618351}. Best is trial 121 with value: 2.296521578936564.
[I 2026-05-03 19:45:17,026] Trial 136 finished with value: 2.4185088134137063 and parameters: {'rho_high_scale': 0.7409112287899083, 'f_n': 4.323526888279436e-08, 'K_d': 368521.3331805919, 'fission_rate': 4.621669239593474e+19, 'Dg_D1_scale': 0.6821738783087472, 'Dg_D3_scale': 0.8481559492611205, 'Dv_D1_scale': 0.3531303655925926, 'Dv_D2_scale': 2.9979573106625375, 'b_bulk_scale': 0.061738442380894216, 'b_dislocation_scale': 0.33233855472348417, 'gb_scale': 0.9658845312705292, 'gd_bubble_scale': 4.955090124505341, 'gd_line_scale': 1.2401650840344662, 'gd_line_alpha': 0.8286556920287833, 'coalescence_d_scale': 0.1561592428779029, 'capture_scale': 3.57627729658474}. Best is trial 121 with value: 2.296521578936564.
[I 2026-05-03 19:45:52,589] Trial 137 finished with value: 2.5140466010631783 and parameters: {'rho_high_scale': 0.7407601646880939, 'f_n': 1.8409114516395675e-07, 'K_d': 369494.3696377172, 'fission_rate': 4.569262565798332e+19, 'Dg_D1_scale': 0.5468307056802131, 'Dg_D3_scale': 0.6685466036448541, 'Dv_D1_scale': 0.35982415757115127, 'Dv_D2_scale': 2.8860964575999857, 'b_bulk_scale': 0.06252816690269894, 'b_dislocation_scale': 0.33336996016341697, 'gb_scale': 0.9394717833192583, 'gd_bubble_scale': 5.06056852254359, 'gd_line_scale': 1.3577447784195786, 'gd_line_alpha': 0.8323582342934994, 'coalescence_d_scale': 0.20728965403737729, 'capture_scale': 2.746764986480078}. Best is trial 121 with value: 2.296521578936564.
[I 2026-05-03 19:46:33,517] Trial 138 finished with value: 2.855151029416078 and parameters: {'rho_high_scale': 0.7005510366923738, 'f_n': 4.4483168192756015e-08, 'K_d': 357743.4665354017, 'fission_rate': 4.73081625291677e+19, 'Dg_D1_scale': 0.4414096109417194, 'Dg_D3_scale': 0.5520156027106574, 'Dv_D1_scale': 0.3407713874525982, 'Dv_D2_scale': 2.574944027422002, 'b_bulk_scale': 0.06765720891335944, 'b_dislocation_scale': 0.2270213565512431, 'gb_scale': 0.8242795319092436, 'gd_bubble_scale': 5.524941397635835, 'gd_line_scale': 1.1967911152879458, 'gd_line_alpha': 0.9759973557158171, 'coalescence_d_scale': 0.15438866167855567, 'capture_scale': 3.5108850265133693}. Best is trial 121 with value: 2.296521578936564.
[I 2026-05-03 19:47:13,315] Trial 139 finished with value: 3.541363170224162 and parameters: {'rho_high_scale': 0.812564022214517, 'f_n': 6.712705214446431e-08, 'K_d': 386077.931912047, 'fission_rate': 4.868487923330506e+19, 'Dg_D1_scale': 0.5979429746621303, 'Dg_D3_scale': 0.6544930059529159, 'Dv_D1_scale': 0.3188821475141963, 'Dv_D2_scale': 3.7058929375148244, 'b_bulk_scale': 0.07903453102582747, 'b_dislocation_scale': 0.27456602596481794, 'gb_scale': 1.1467236742738538, 'gd_bubble_scale': 7.388136033173691, 'gd_line_scale': 2.161546883069267, 'gd_line_alpha': 0.9011141242193322, 'coalescence_d_scale': 0.12751210049081044, 'capture_scale': 4.790551696197112}. Best is trial 121 with value: 2.296521578936564.
[I 2026-05-03 19:47:48,561] Trial 140 finished with value: 2.5312032413820518 and parameters: {'rho_high_scale': 0.7770964499627805, 'f_n': 1.0803376523989305e-07, 'K_d': 354204.06054177287, 'fission_rate': 4.407789050401951e+19, 'Dg_D1_scale': 0.4841825210650561, 'Dg_D3_scale': 0.8551135099578184, 'Dv_D1_scale': 0.42300288975351746, 'Dv_D2_scale': 3.0438959818372595, 'b_bulk_scale': 0.05919633139446854, 'b_dislocation_scale': 0.47383821481679966, 'gb_scale': 0.7114474036066599, 'gd_bubble_scale': 4.581135255513636, 'gd_line_scale': 1.4596735262412328, 'gd_line_alpha': 0.936216812559154, 'coalescence_d_scale': 0.10961824912362864, 'capture_scale': 4.096454239707886}. Best is trial 121 with value: 2.296521578936564.
[I 2026-05-03 19:48:18,160] Trial 141 finished with value: 2.396224698889494 and parameters: {'rho_high_scale': 0.7397839329183116, 'f_n': 2.9222974975295988e-08, 'K_d': 366563.4786288367, 'fission_rate': 5.586799214232165e+19, 'Dg_D1_scale': 0.6843206217182145, 'Dg_D3_scale': 0.8728595733488491, 'Dv_D1_scale': 0.38343740246717256, 'Dv_D2_scale': 3.2714570163372527, 'b_bulk_scale': 0.04974520291416085, 'b_dislocation_scale': 0.3567216880466213, 'gb_scale': 1.312677107784023, 'gd_bubble_scale': 5.870218405077525, 'gd_line_scale': 0.9477725518583261, 'gd_line_alpha': 0.8706966517848818, 'coalescence_d_scale': 0.17156961512894134, 'capture_scale': 2.434878399337802}. Best is trial 121 with value: 2.296521578936564.
[I 2026-05-03 19:48:45,695] Trial 142 finished with value: 2.4010092247444654 and parameters: {'rho_high_scale': 0.7393868391587185, 'f_n': 2.9645672982202903e-08, 'K_d': 362927.2828519135, 'fission_rate': 6.085787704499109e+19, 'Dg_D1_scale': 0.7804985363806383, 'Dg_D3_scale': 0.7440378677939303, 'Dv_D1_scale': 0.3783711198132617, 'Dv_D2_scale': 3.4531001740632488, 'b_bulk_scale': 0.05004442138341662, 'b_dislocation_scale': 0.3627411882698283, 'gb_scale': 1.2680766554611744, 'gd_bubble_scale': 5.776604014182183, 'gd_line_scale': 0.9909617921961101, 'gd_line_alpha': 0.8683186436278322, 'coalescence_d_scale': 0.1745889160697123, 'capture_scale': 2.304806442598901}. Best is trial 121 with value: 2.296521578936564.
[I 2026-05-03 19:49:15,954] Trial 143 finished with value: 2.398529190673525 and parameters: {'rho_high_scale': 0.7476982457368396, 'f_n': 2.8020859313825655e-08, 'K_d': 367102.6262648602, 'fission_rate': 5.5967844123202945e+19, 'Dg_D1_scale': 0.750148709752291, 'Dg_D3_scale': 0.8685989408588267, 'Dv_D1_scale': 0.285940279635592, 'Dv_D2_scale': 2.795838768694478, 'b_bulk_scale': 0.04913357375995789, 'b_dislocation_scale': 0.35669212042947296, 'gb_scale': 1.3449073780679635, 'gd_bubble_scale': 5.988841613411839, 'gd_line_scale': 0.9569925099669271, 'gd_line_alpha': 0.874575132209973, 'coalescence_d_scale': 0.1780187489728723, 'capture_scale': 2.1660055291777205}. Best is trial 121 with value: 2.296521578936564.
Best trial: 121. Best value: 2.29652:  29%|██▉       | 144/500 [1:11:37<3:07:55, 31.67s/it]Best trial: 121. Best value: 2.29652:  29%|██▉       | 144/500 [1:11:38<3:07:55, 31.67s/it]Best trial: 121. Best value: 2.29652:  29%|██▉       | 145/500 [1:11:38<3:01:27, 30.67s/it]                                                                                           Best trial: 121. Best value: 2.29652:  29%|██▉       | 145/500 [1:12:12<3:01:27, 30.67s/it]Best trial: 121. Best value: 2.29652:  29%|██▉       | 145/500 [1:12:12<3:01:27, 30.67s/it]Best trial: 121. Best value: 2.29652:  29%|██▉       | 146/500 [1:12:12<3:07:18, 31.75s/it]                                                                                           Best trial: 121. Best value: 2.29652:  29%|██▉       | 146/500 [1:12:43<3:07:18, 31.75s/it]Best trial: 121. Best value: 2.29652:  29%|██▉       | 146/500 [1:12:43<3:07:18, 31.75s/it]Best trial: 121. Best value: 2.29652:  29%|██▉       | 147/500 [1:12:43<3:05:45, 31.57s/it]                                                                                           Best trial: 121. Best value: 2.29652:  29%|██▉       | 147/500 [1:13:13<3:05:45, 31.57s/it]Best trial: 121. Best value: 2.29652:  29%|██▉       | 147/500 [1:13:14<3:05:45, 31.57s/it]Best trial: 121. Best value: 2.29652:  30%|██▉       | 148/500 [1:13:14<3:03:29, 31.28s/it]                                                                                           Best trial: 121. Best value: 2.29652:  30%|██▉       | 148/500 [1:13:55<3:03:29, 31.28s/it]Best trial: 121. Best value: 2.29652:  30%|██▉       | 148/500 [1:13:55<3:03:29, 31.28s/it]Best trial: 121. Best value: 2.29652:  30%|██▉       | 149/500 [1:13:55<3:20:39, 34.30s/it]                                                                                           Best trial: 121. Best value: 2.29652:  30%|██▉       | 149/500 [1:14:26<3:20:39, 34.30s/it]Best trial: 121. Best value: 2.29652:  30%|██▉       | 149/500 [1:14:26<3:20:39, 34.30s/it]Best trial: 121. Best value: 2.29652:  30%|███       | 150/500 [1:14:26<3:15:16, 33.48s/it]                                                                                           Best trial: 121. Best value: 2.29652:  30%|███       | 150/500 [1:15:00<3:15:16, 33.48s/it]Best trial: 121. Best value: 2.29652:  30%|███       | 150/500 [1:15:00<3:15:16, 33.48s/it]Best trial: 121. Best value: 2.29652:  30%|███       | 151/500 [1:15:00<3:15:38, 33.64s/it]                                                                                           Best trial: 121. Best value: 2.29652:  30%|███       | 151/500 [1:15:34<3:15:38, 33.64s/it]Best trial: 121. Best value: 2.29652:  30%|███       | 151/500 [1:15:35<3:15:38, 33.64s/it]Best trial: 121. Best value: 2.29652:  30%|███       | 152/500 [1:15:35<3:15:55, 33.78s/it]                                                                                           Best trial: 121. Best value: 2.29652:  30%|███       | 152/500 [1:16:03<3:15:55, 33.78s/it]Best trial: 121. Best value: 2.29652:  30%|███       | 152/500 [1:16:03<3:15:55, 33.78s/it]Best trial: 121. Best value: 2.29652:  31%|███       | 153/500 [1:16:03<3:05:43, 32.11s/it]                                                                                           Best trial: 121. Best value: 2.29652:  31%|███       | 153/500 [1:16:32<3:05:43, 32.11s/it]Best trial: 121. Best value: 2.29652:  31%|███       | 153/500 [1:16:32<3:05:43, 32.11s/it]Best trial: 121. Best value: 2.29652:  31%|███       | 154/500 [1:16:32<3:00:46, 31.35s/it]                                                                                           Best trial: 121. Best value: 2.29652:  31%|███       | 154/500 [1:17:03<3:00:46, 31.35s/it]Best trial: 121. Best value: 2.29652:  31%|███       | 154/500 [1:17:03<3:00:46, 31.35s/it]Best trial: 121. Best value: 2.29652:  31%|███       | 155/500 [1:17:03<2:58:32, 31.05s/it]                                                                                           [I 2026-05-03 19:49:44,263] Trial 144 finished with value: 2.767787643674847 and parameters: {'rho_high_scale': 0.8277539688190366, 'f_n': 2.9446359376036326e-08, 'K_d': 363323.3733242943, 'fission_rate': 5.5905852888084816e+19, 'Dg_D1_scale': 0.7141569781415406, 'Dg_D3_scale': 0.8582069344524977, 'Dv_D1_scale': 0.2787247747301102, 'Dv_D2_scale': 3.252883518440189, 'b_bulk_scale': 0.04819977527908993, 'b_dislocation_scale': 0.4578487089896587, 'gb_scale': 1.4015903062795105, 'gd_bubble_scale': 5.918054764749593, 'gd_line_scale': 0.8905890675434277, 'gd_line_alpha': 0.8732851492656197, 'coalescence_d_scale': 0.17177107437937641, 'capture_scale': 2.2765272961830223}. Best is trial 121 with value: 2.296521578936564.
[I 2026-05-03 19:50:18,542] Trial 145 finished with value: 2.347585876263979 and parameters: {'rho_high_scale': 0.7571635148823694, 'f_n': 2.047318816902599e-08, 'K_d': 352214.15455601463, 'fission_rate': 4.6402100084409885e+19, 'Dg_D1_scale': 0.770437414300551, 'Dg_D3_scale': 0.7445469349121552, 'Dv_D1_scale': 0.44515963779108264, 'Dv_D2_scale': 2.760352790788856, 'b_bulk_scale': 0.04435387913103818, 'b_dislocation_scale': 0.3883653615442067, 'gb_scale': 1.3148505369778853, 'gd_bubble_scale': 4.911808491635519, 'gd_line_scale': 1.053749791413681, 'gd_line_alpha': 0.9075853156168381, 'coalescence_d_scale': 0.19655640089080545, 'capture_scale': 2.089948037489786}. Best is trial 121 with value: 2.296521578936564.
[I 2026-05-03 19:50:49,720] Trial 146 finished with value: 2.3471002032774235 and parameters: {'rho_high_scale': 0.746921041067918, 'f_n': 2.050917893837549e-08, 'K_d': 370132.4443732181, 'fission_rate': 5.8546934210338636e+19, 'Dg_D1_scale': 0.8040876117637933, 'Dg_D3_scale': 0.7418336957843976, 'Dv_D1_scale': 0.28439444597230906, 'Dv_D2_scale': 2.7567139367239455, 'b_bulk_scale': 0.042332098795809785, 'b_dislocation_scale': 0.2489391585903806, 'gb_scale': 2.00731237954114, 'gd_bubble_scale': 5.086446001401249, 'gd_line_scale': 0.9688807307724709, 'gd_line_alpha': 0.9127773796941472, 'coalescence_d_scale': 0.18351008816903885, 'capture_scale': 2.4862344858101664}. Best is trial 121 with value: 2.296521578936564.
[I 2026-05-03 19:51:20,307] Trial 147 finished with value: 2.367308078440466 and parameters: {'rho_high_scale': 0.7527343638883942, 'f_n': 2.2030777360836802e-08, 'K_d': 367268.1921469235, 'fission_rate': 6.046470449081752e+19, 'Dg_D1_scale': 0.8254698294434636, 'Dg_D3_scale': 0.7403671711985323, 'Dv_D1_scale': 0.2951890715988746, 'Dv_D2_scale': 2.7266805163764034, 'b_bulk_scale': 0.04238701130719978, 'b_dislocation_scale': 0.25726706842949015, 'gb_scale': 1.8852616060050151, 'gd_bubble_scale': 4.931057176904469, 'gd_line_scale': 0.9648368285697233, 'gd_line_alpha': 0.8827054968348863, 'coalescence_d_scale': 0.19528567838867528, 'capture_scale': 2.0480155211208686}. Best is trial 121 with value: 2.296521578936564.
[I 2026-05-03 19:52:01,649] Trial 148 finished with value: 2.5506057974815866 and parameters: {'rho_high_scale': 0.7506821273486461, 'f_n': 2.9696591437766585e-08, 'K_d': 368948.7549235564, 'fission_rate': 4.651910376260642e+19, 'Dg_D1_scale': 0.7846239353731947, 'Dg_D3_scale': 0.738537075362909, 'Dv_D1_scale': 0.2811677765965105, 'Dv_D2_scale': 2.6569056159239253, 'b_bulk_scale': 0.04326505267776314, 'b_dislocation_scale': 0.17828779611538442, 'gb_scale': 1.917005177433161, 'gd_bubble_scale': 4.994150386376995, 'gd_line_scale': 0.9855422133188053, 'gd_line_alpha': 0.8870648021453744, 'coalescence_d_scale': 0.19559362175999273, 'capture_scale': 2.0334308700412804}. Best is trial 121 with value: 2.296521578936564.
[I 2026-05-03 19:52:33,208] Trial 149 finished with value: 2.3366934743304837 and parameters: {'rho_high_scale': 0.7502849143308625, 'f_n': 2.0947456725837755e-08, 'K_d': 368840.00167237653, 'fission_rate': 5.976130648620416e+19, 'Dg_D1_scale': 0.7408558277604989, 'Dg_D3_scale': 0.6908374368184699, 'Dv_D1_scale': 0.30440072283510855, 'Dv_D2_scale': 2.796044949816413, 'b_bulk_scale': 0.04155861861930337, 'b_dislocation_scale': 0.24169469507612115, 'gb_scale': 2.220797148283795, 'gd_bubble_scale': 6.488173634403013, 'gd_line_scale': 1.0050799180053305, 'gd_line_alpha': 0.9439973372037544, 'coalescence_d_scale': 0.16268324532156983, 'capture_scale': 2.4641404371489877}. Best is trial 121 with value: 2.296521578936564.
[I 2026-05-03 19:53:07,209] Trial 150 finished with value: 5.234815385182903 and parameters: {'rho_high_scale': 7.614055371302407, 'f_n': 2.26537561841165e-08, 'K_d': 372348.1301723061, 'fission_rate': 6.081444942308604e+19, 'Dg_D1_scale': 0.7776580825212162, 'Dg_D3_scale': 0.6948430530455115, 'Dv_D1_scale': 0.31157948723268436, 'Dv_D2_scale': 3.124824075502325, 'b_bulk_scale': 0.04296690463914387, 'b_dislocation_scale': 0.22673291532339004, 'gb_scale': 2.4675845234820284, 'gd_bubble_scale': 6.550848307904348, 'gd_line_scale': 0.9657001495064739, 'gd_line_alpha': 0.9414886409215434, 'coalescence_d_scale': 0.22189281895684082, 'capture_scale': 2.557890721877373}. Best is trial 121 with value: 2.296521578936564.
[I 2026-05-03 19:53:41,327] Trial 151 finished with value: 2.5346375067653435 and parameters: {'rho_high_scale': 0.7493684875367537, 'f_n': 1.863005281567327e-08, 'K_d': 366205.4534942239, 'fission_rate': 5.82353259090735e+19, 'Dg_D1_scale': 0.9108890299576871, 'Dg_D3_scale': 0.6215006579374717, 'Dv_D1_scale': 0.2916230112728047, 'Dv_D2_scale': 2.782182330926509, 'b_bulk_scale': 0.03714392074596913, 'b_dislocation_scale': 0.24792430371148855, 'gb_scale': 1.2500842550368272, 'gd_bubble_scale': 5.444032322528283, 'gd_line_scale': 1.0464744404455701, 'gd_line_alpha': 0.8880308911439396, 'coalescence_d_scale': 0.16326254378187652, 'capture_scale': 2.160529723084484}. Best is trial 121 with value: 2.296521578936564.
