Best trial: 29. Best value: 3.1552:  11%|█         | 56/500 [29:12<3:15:33, 26.43s/it]Best trial: 56. Best value: 2.70048:  11%|█         | 56/500 [29:12<3:15:33, 26.43s/it]Best trial: 56. Best value: 2.70048:  11%|█▏        | 57/500 [29:12<3:14:09, 26.30s/it]                                                                                       Best trial: 56. Best value: 2.70048:  11%|█▏        | 57/500 [29:34<3:14:09, 26.30s/it]Best trial: 56. Best value: 2.70048:  11%|█▏        | 57/500 [29:34<3:14:09, 26.30s/it]Best trial: 56. Best value: 2.70048:  12%|█▏        | 58/500 [29:34<3:05:08, 25.13s/it]                                                                                       Best trial: 56. Best value: 2.70048:  12%|█▏        | 58/500 [30:00<3:05:08, 25.13s/it]Best trial: 56. Best value: 2.70048:  12%|█▏        | 58/500 [30:00<3:05:08, 25.13s/it]Best trial: 56. Best value: 2.70048:  12%|█▏        | 59/500 [30:00<3:07:04, 25.45s/it]                                                                                       Best trial: 56. Best value: 2.70048:  12%|█▏        | 59/500 [30:27<3:07:04, 25.45s/it]Best trial: 56. Best value: 2.70048:  12%|█▏        | 59/500 [30:27<3:07:04, 25.45s/it]Best trial: 56. Best value: 2.70048:  12%|█▏        | 60/500 [30:27<3:09:20, 25.82s/it]                                                                                       Best trial: 56. Best value: 2.70048:  12%|█▏        | 60/500 [30:52<3:09:20, 25.82s/it]Best trial: 60. Best value: 2.47629:  12%|█▏        | 60/500 [30:52<3:09:20, 25.82s/it]Best trial: 60. Best value: 2.47629:  12%|█▏        | 61/500 [30:52<3:07:39, 25.65s/it]                                                                                       Best trial: 60. Best value: 2.47629:  12%|█▏        | 61/500 [31:18<3:07:39, 25.65s/it]Best trial: 60. Best value: 2.47629:  12%|█▏        | 61/500 [31:18<3:07:39, 25.65s/it]Best trial: 60. Best value: 2.47629:  12%|█▏        | 62/500 [31:18<3:06:54, 25.60s/it]                                                                                       Best trial: 60. Best value: 2.47629:  12%|█▏        | 62/500 [31:39<3:06:54, 25.60s/it]Best trial: 60. Best value: 2.47629:  12%|█▏        | 62/500 [31:39<3:06:54, 25.60s/it]Best trial: 60. Best value: 2.47629:  13%|█▎        | 63/500 [31:39<2:57:09, 24.32s/it]                                                                                       Best trial: 60. Best value: 2.47629:  13%|█▎        | 63/500 [32:05<2:57:09, 24.32s/it]Best trial: 60. Best value: 2.47629:  13%|█▎        | 63/500 [32:05<2:57:09, 24.32s/it]Best trial: 60. Best value: 2.47629:  13%|█▎        | 64/500 [32:05<3:00:37, 24.86s/it]                                                                                       Best trial: 60. Best value: 2.47629:  13%|█▎        | 64/500 [32:31<3:00:37, 24.86s/it]Best trial: 60. Best value: 2.47629:  13%|█▎        | 64/500 [32:31<3:00:37, 24.86s/it]Best trial: 60. Best value: 2.47629:  13%|█▎        | 65/500 [32:31<3:03:11, 25.27s/it]                                                                                       Best trial: 60. Best value: 2.47629:  13%|█▎        | 65/500 [32:56<3:03:11, 25.27s/it]Best trial: 60. Best value: 2.47629:  13%|█▎        | 65/500 [32:56<3:03:11, 25.27s/it]Best trial: 60. Best value: 2.47629:  13%|█▎        | 66/500 [32:56<3:02:21, 25.21s/it]                                                                                       Best trial: 60. Best value: 2.47629:  13%|█▎        | 66/500 [33:24<3:02:21, 25.21s/it]Best trial: 60. Best value: 2.47629:  13%|█▎        | 66/500 [33:24<3:02:21, 25.21s/it]Best trial: 60. Best value: 2.47629:  13%|█▎        | 67/500 [33:24<3:06:14, 25.81s/it]                                                                                       [I 2026-05-03 19:07:18,427] Trial 56 finished with value: 2.7004838401182742 and parameters: {'rho_high_scale': 0.9368397653705186, 'f_n': 7.3990786252228785e-09, 'K_d': 302633.32290432305, 'fission_rate': 7.853877945730846e+19, 'Dg_D1_scale': 0.9692470021230024, 'Dg_D3_scale': 0.9361753815156911, 'Dv_D1_scale': 0.36774241682624975, 'Dv_D2_scale': 1.4342990148158676, 'b_bulk_scale': 0.04262044539317878, 'b_dislocation_scale': 0.2323124302803181, 'gb_scale': 0.40996589729130006, 'gd_bubble_scale': 2.4307758758098776, 'gd_line_scale': 0.5802794563135298, 'gd_line_alpha': 0.4825160795100427, 'coalescence_d_scale': 2.1584687551305466, 'capture_scale': 1.4752936725337271}. Best is trial 56 with value: 2.7004838401182742.
[I 2026-05-03 19:07:40,879] Trial 57 finished with value: 2.7871329548537576 and parameters: {'rho_high_scale': 0.9907449132617379, 'f_n': 6.972815902368715e-09, 'K_d': 311303.6282296842, 'fission_rate': 7.863666290995896e+19, 'Dg_D1_scale': 0.9585451334247248, 'Dg_D3_scale': 1.273039824127417, 'Dv_D1_scale': 0.3739519167399935, 'Dv_D2_scale': 3.3675328988074593, 'b_bulk_scale': 0.04317414859064874, 'b_dislocation_scale': 0.6044885686815227, 'gb_scale': 0.4466471739357449, 'gd_bubble_scale': 2.402123033260286, 'gd_line_scale': 0.6243712154017368, 'gd_line_alpha': 0.4881362225078642, 'coalescence_d_scale': 2.075548270568386, 'capture_scale': 1.4190609784368597}. Best is trial 56 with value: 2.7004838401182742.
[I 2026-05-03 19:08:07,081] Trial 58 finished with value: 3.2587153420862425 and parameters: {'rho_high_scale': 0.8916778037433283, 'f_n': 7.090139795712922e-09, 'K_d': 305264.6790927901, 'fission_rate': 7.810378809761513e+19, 'Dg_D1_scale': 0.9241878107888278, 'Dg_D3_scale': 1.369930660882711, 'Dv_D1_scale': 0.37301512742469123, 'Dv_D2_scale': 3.3553956114347536, 'b_bulk_scale': 0.0416351892415143, 'b_dislocation_scale': 0.2397784924139605, 'gb_scale': 0.1686208395105961, 'gd_bubble_scale': 2.6403252488752664, 'gd_line_scale': 0.5846113783371215, 'gd_line_alpha': 0.4837621780714532, 'coalescence_d_scale': 2.1013747278670722, 'capture_scale': 1.1454645271637685}. Best is trial 56 with value: 2.7004838401182742.
[I 2026-05-03 19:08:33,749] Trial 59 finished with value: 3.445890125067736 and parameters: {'rho_high_scale': 0.8919144273814918, 'f_n': 6.391943679518185e-09, 'K_d': 308658.86935568927, 'fission_rate': 7.871180484083999e+19, 'Dg_D1_scale': 0.8946256166038389, 'Dg_D3_scale': 1.2675405926009629, 'Dv_D1_scale': 0.4377545692807698, 'Dv_D2_scale': 3.4384506110242117, 'b_bulk_scale': 0.04291710780197899, 'b_dislocation_scale': 0.2561252943632122, 'gb_scale': 0.1383929402663539, 'gd_bubble_scale': 2.35438338510998, 'gd_line_scale': 0.6527705997048268, 'gd_line_alpha': 0.5055077843327077, 'coalescence_d_scale': 2.1059774798762736, 'capture_scale': 0.43411513040292266}. Best is trial 56 with value: 2.7004838401182742.
[I 2026-05-03 19:08:58,974] Trial 60 finished with value: 2.4762914850800923 and parameters: {'rho_high_scale': 0.9452125829949972, 'f_n': 1.3114026065242897e-08, 'K_d': 324849.65312210715, 'fission_rate': 7.81199738182833e+19, 'Dg_D1_scale': 0.6657602628310284, 'Dg_D3_scale': 0.961617255183078, 'Dv_D1_scale': 0.5900852985392773, 'Dv_D2_scale': 3.1273656650317117, 'b_bulk_scale': 0.03464632362492198, 'b_dislocation_scale': 0.3793823863277916, 'gb_scale': 0.22802326355419633, 'gd_bubble_scale': 2.5339643497018725, 'gd_line_scale': 0.5276372034664519, 'gd_line_alpha': 0.5724424174157755, 'coalescence_d_scale': 0.8558739305910145, 'capture_scale': 1.0347121282973726}. Best is trial 60 with value: 2.4762914850800923.
[I 2026-05-03 19:09:24,505] Trial 61 finished with value: 2.4802057094471373 and parameters: {'rho_high_scale': 0.907945371468364, 'f_n': 3.280246026149054e-09, 'K_d': 330283.1488982931, 'fission_rate': 7.784771898670583e+19, 'Dg_D1_scale': 0.6466664355527921, 'Dg_D3_scale': 0.965509594762767, 'Dv_D1_scale': 0.5714683223194423, 'Dv_D2_scale': 3.9530693896245763, 'b_bulk_scale': 0.034582256083623655, 'b_dislocation_scale': 0.5719535909803063, 'gb_scale': 0.23123736626417984, 'gd_bubble_scale': 2.623853281889265, 'gd_line_scale': 0.5363213329562422, 'gd_line_alpha': 0.579058791162131, 'coalescence_d_scale': 0.7777029556870574, 'capture_scale': 1.111047933411864}. Best is trial 60 with value: 2.4762914850800923.
[I 2026-05-03 19:09:45,839] Trial 62 finished with value: 2.782661602224521 and parameters: {'rho_high_scale': 0.9749644267132075, 'f_n': 3.50758391881817e-09, 'K_d': 329281.1556073248, 'fission_rate': 7.997081619960329e+19, 'Dg_D1_scale': 0.639830456761977, 'Dg_D3_scale': 0.9648640670838592, 'Dv_D1_scale': 0.6212137804600147, 'Dv_D2_scale': 3.9525607726882916, 'b_bulk_scale': 0.03351697512851432, 'b_dislocation_scale': 0.57737718588236, 'gb_scale': 0.25129392917447624, 'gd_bubble_scale': 1.9595579791420066, 'gd_line_scale': 0.40455635488268377, 'gd_line_alpha': 0.5631020500406807, 'coalescence_d_scale': 0.7883467510547221, 'capture_scale': 1.5091300917186259}. Best is trial 60 with value: 2.4762914850800923.
[I 2026-05-03 19:10:11,930] Trial 63 finished with value: 2.809167737815626 and parameters: {'rho_high_scale': 0.983172190205758, 'f_n': 3.1998213082757785e-09, 'K_d': 330721.3494404929, 'fission_rate': 7.977955943767938e+19, 'Dg_D1_scale': 0.6251699615701709, 'Dg_D3_scale': 1.0235595605859629, 'Dv_D1_scale': 0.5828913440385661, 'Dv_D2_scale': 3.8183188824883887, 'b_bulk_scale': 0.034572223302803184, 'b_dislocation_scale': 0.6012997230806514, 'gb_scale': 0.24423247672956178, 'gd_bubble_scale': 1.818958142169165, 'gd_line_scale': 0.41349520752720464, 'gd_line_alpha': 0.5875463407978277, 'coalescence_d_scale': 0.7103394930094571, 'capture_scale': 0.746576159338194}. Best is trial 60 with value: 2.4762914850800923.
[I 2026-05-03 19:10:38,162] Trial 64 finished with value: 2.7568318322657466 and parameters: {'rho_high_scale': 0.9771916071384059, 'f_n': 2.7812012258163258e-09, 'K_d': 329258.15454758005, 'fission_rate': 7.964133829998962e+19, 'Dg_D1_scale': 0.611733907464726, 'Dg_D3_scale': 1.0919970699401362, 'Dv_D1_scale': 0.9080153144751343, 'Dv_D2_scale': 3.9878766563644694, 'b_bulk_scale': 0.03509369232108426, 'b_dislocation_scale': 0.5937170524474845, 'gb_scale': 0.21605108883402147, 'gd_bubble_scale': 4.1487893060548, 'gd_line_scale': 0.40110756089167837, 'gd_line_alpha': 0.57714847615451, 'coalescence_d_scale': 0.8351705659896438, 'capture_scale': 0.7738216304251739}. Best is trial 60 with value: 2.4762914850800923.
[I 2026-05-03 19:11:03,241] Trial 65 finished with value: 2.7154927998751797 and parameters: {'rho_high_scale': 0.97536269275042, 'f_n': 2.7436707722785995e-09, 'K_d': 328965.47435250285, 'fission_rate': 7.994947456409654e+19, 'Dg_D1_scale': 0.6113475339754936, 'Dg_D3_scale': 1.0574623983650104, 'Dv_D1_scale': 0.8834996737379136, 'Dv_D2_scale': 3.9197108574636172, 'b_bulk_scale': 0.03431538894223828, 'b_dislocation_scale': 0.5978686843184815, 'gb_scale': 0.24564435970514864, 'gd_bubble_scale': 3.7210880324807314, 'gd_line_scale': 0.5106147256232412, 'gd_line_alpha': 0.5808129641021847, 'coalescence_d_scale': 0.7055103521425723, 'capture_scale': 0.7597886393786912}. Best is trial 60 with value: 2.4762914850800923.
[I 2026-05-03 19:11:30,437] Trial 66 finished with value: 3.509302333142114 and parameters: {'rho_high_scale': 0.7934399724749428, 'f_n': 1.043670801212104e-09, 'K_d': 327285.1093262084, 'fission_rate': 7.731283195072985e+19, 'Dg_D1_scale': 0.5354169957900319, 'Dg_D3_scale': 1.1643637061543517, 'Dv_D1_scale': 0.8366251306157314, 'Dv_D2_scale': 3.0596095693779675, 'b_bulk_scale': 0.031053073567991543, 'b_dislocation_scale': 0.3976430779809982, 'gb_scale': 0.22674547096644412, 'gd_bubble_scale': 3.833684891964193, 'gd_line_scale': 0.5043870010436906, 'gd_line_alpha': 0.5738224872149968, 'coalescence_d_scale': 0.9934323008877448, 'capture_scale': 1.5430390188265275}. Best is trial 60 with value: 2.4762914850800923.
Best trial: 60. Best value: 2.47629:  13%|█▎        | 67/500 [33:50<3:06:14, 25.81s/it]Best trial: 60. Best value: 2.47629:  13%|█▎        | 67/500 [33:50<3:06:14, 25.81s/it]Best trial: 60. Best value: 2.47629:  14%|█▎        | 68/500 [33:50<3:07:02, 25.98s/it]                                                                                       Best trial: 60. Best value: 2.47629:  14%|█▎        | 68/500 [34:17<3:07:02, 25.98s/it]Best trial: 60. Best value: 2.47629:  14%|█▎        | 68/500 [34:17<3:07:02, 25.98s/it]Best trial: 60. Best value: 2.47629:  14%|█▍        | 69/500 [34:17<3:08:35, 26.25s/it]                                                                                       Best trial: 60. Best value: 2.47629:  14%|█▍        | 69/500 [34:39<3:08:35, 26.25s/it]Best trial: 60. Best value: 2.47629:  14%|█▍        | 69/500 [34:39<3:08:35, 26.25s/it]Best trial: 60. Best value: 2.47629:  14%|█▍        | 70/500 [34:39<2:58:36, 24.92s/it]                                                                                       Best trial: 60. Best value: 2.47629:  14%|█▍        | 70/500 [35:05<2:58:36, 24.92s/it]Best trial: 60. Best value: 2.47629:  14%|█▍        | 70/500 [35:05<2:58:36, 24.92s/it]Best trial: 60. Best value: 2.47629:  14%|█▍        | 71/500 [35:05<3:02:04, 25.46s/it]                                                                                       Best trial: 60. Best value: 2.47629:  14%|█▍        | 71/500 [35:28<3:02:04, 25.46s/it]Best trial: 60. Best value: 2.47629:  14%|█▍        | 71/500 [35:28<3:02:04, 25.46s/it]Best trial: 60. Best value: 2.47629:  14%|█▍        | 72/500 [35:28<2:55:25, 24.59s/it]                                                                                       Best trial: 60. Best value: 2.47629:  14%|█▍        | 72/500 [35:54<2:55:25, 24.59s/it]Best trial: 60. Best value: 2.47629:  14%|█▍        | 72/500 [35:55<2:55:25, 24.59s/it]Best trial: 60. Best value: 2.47629:  15%|█▍        | 73/500 [35:55<2:59:01, 25.15s/it]                                                                                       Best trial: 60. Best value: 2.47629:  15%|█▍        | 73/500 [36:17<2:59:01, 25.15s/it]Best trial: 60. Best value: 2.47629:  15%|█▍        | 73/500 [36:17<2:59:01, 25.15s/it]Best trial: 60. Best value: 2.47629:  15%|█▍        | 74/500 [36:17<2:53:20, 24.41s/it]                                                                                       Best trial: 60. Best value: 2.47629:  15%|█▍        | 74/500 [36:40<2:53:20, 24.41s/it]Best trial: 60. Best value: 2.47629:  15%|█▍        | 74/500 [36:40<2:53:20, 24.41s/it]Best trial: 60. Best value: 2.47629:  15%|█▌        | 75/500 [36:40<2:50:23, 24.05s/it]                                                                                       Best trial: 60. Best value: 2.47629:  15%|█▌        | 75/500 [37:06<2:50:23, 24.05s/it]Best trial: 60. Best value: 2.47629:  15%|█▌        | 75/500 [37:06<2:50:23, 24.05s/it]Best trial: 60. Best value: 2.47629:  15%|█▌        | 76/500 [37:06<2:53:27, 24.55s/it]                                                                                       Best trial: 60. Best value: 2.47629:  15%|█▌        | 76/500 [37:33<2:53:27, 24.55s/it]Best trial: 60. Best value: 2.47629:  15%|█▌        | 76/500 [37:33<2:53:27, 24.55s/it]Best trial: 60. Best value: 2.47629:  15%|█▌        | 77/500 [37:33<2:57:38, 25.20s/it]                                                                                       Best trial: 60. Best value: 2.47629:  15%|█▌        | 77/500 [38:11<2:57:38, 25.20s/it]Best trial: 60. Best value: 2.47629:  15%|█▌        | 77/500 [38:11<2:57:38, 25.20s/it]Best trial: 60. Best value: 2.47629:  16%|█▌        | 78/500 [38:11<3:24:27, 29.07s/it]                                                                                       [I 2026-05-03 19:11:56,811] Trial 67 finished with value: 4.350623552881359 and parameters: {'rho_high_scale': 1.065829971929032, 'f_n': 3.1185895069824027e-09, 'K_d': 345053.0674750773, 'fission_rate': 7.995888208973536e+19, 'Dg_D1_scale': 0.6569306115970233, 'Dg_D3_scale': 0.8125587517453331, 'Dv_D1_scale': 1.1434377659680532, 'Dv_D2_scale': 3.9777274927166766, 'b_bulk_scale': 0.036245448619358134, 'b_dislocation_scale': 0.5372082112872999, 'gb_scale': 0.12017738049295273, 'gd_bubble_scale': 4.601379279684941, 'gd_line_scale': 0.753598526507207, 'gd_line_alpha': 0.6709894549549896, 'coalescence_d_scale': 0.43189410179860893, 'capture_scale': 0.5445583278295067}. Best is trial 60 with value: 2.4762914850800923.
[I 2026-05-03 19:12:23,717] Trial 68 finished with value: 3.453726706137767 and parameters: {'rho_high_scale': 0.9352212148602607, 'f_n': 4.620633107347085e-09, 'K_d': 323494.1869378427, 'fission_rate': 7.641989884277468e+19, 'Dg_D1_scale': 0.4322412686847178, 'Dg_D3_scale': 0.9043085526637469, 'Dv_D1_scale': 0.937297137153763, 'Dv_D2_scale': 3.7527651697798046, 'b_bulk_scale': 0.03538866278002387, 'b_dislocation_scale': 0.880723428957195, 'gb_scale': 0.17293709626559567, 'gd_bubble_scale': 3.4347643946117206, 'gd_line_scale': 1.6329430508648848, 'gd_line_alpha': 0.5978174617284672, 'coalescence_d_scale': 0.6783991296307157, 'capture_scale': 0.9199129341704853}. Best is trial 60 with value: 2.4762914850800923.
[I 2026-05-03 19:12:45,531] Trial 69 finished with value: 3.4055103917723186 and parameters: {'rho_high_scale': 1.1767379042928028, 'f_n': 2.4072649924833392e-09, 'K_d': 341003.4383963727, 'fission_rate': 7.868906568382697e+19, 'Dg_D1_scale': 0.6655306534493276, 'Dg_D3_scale': 1.377237076166331, 'Dv_D1_scale': 0.6686880363815172, 'Dv_D2_scale': 3.076689213505223, 'b_bulk_scale': 0.04721289544130095, 'b_dislocation_scale': 1.1714203073236906, 'gb_scale': 0.11634206241864949, 'gd_bubble_scale': 2.688735930334149, 'gd_line_scale': 0.29413170035849373, 'gd_line_alpha': 0.5350993566973415, 'coalescence_d_scale': 1.1792866461145928, 'capture_scale': 0.3008493140539015}. Best is trial 60 with value: 2.4762914850800923.
[I 2026-05-03 19:13:12,260] Trial 70 finished with value: 3.109741906315765 and parameters: {'rho_high_scale': 0.7022066595288438, 'f_n': 1.223136310917183e-09, 'K_d': 300596.34695797873, 'fission_rate': 7.753044630005593e+19, 'Dg_D1_scale': 0.5782583329445108, 'Dg_D3_scale': 1.1884491433766176, 'Dv_D1_scale': 0.5743950273869106, 'Dv_D2_scale': 3.564806671390436, 'b_bulk_scale': 0.031538039845813014, 'b_dislocation_scale': 0.6540084518493038, 'gb_scale': 0.1712216098898828, 'gd_bubble_scale': 7.250139720187334, 'gd_line_scale': 0.5644371905238649, 'gd_line_alpha': 0.6479779444778215, 'coalescence_d_scale': 0.8777973187600369, 'capture_scale': 1.5085450619542777}. Best is trial 60 with value: 2.4762914850800923.
[I 2026-05-03 19:13:34,810] Trial 71 finished with value: 2.7334733378380207 and parameters: {'rho_high_scale': 1.0009390668019191, 'f_n': 3.320403432969196e-09, 'K_d': 320057.8079400258, 'fission_rate': 7.975049122642231e+19, 'Dg_D1_scale': 0.8384485774428387, 'Dg_D3_scale': 1.0133336908045731, 'Dv_D1_scale': 0.5690259464748907, 'Dv_D2_scale': 3.179129336854196, 'b_bulk_scale': 0.0365146447201271, 'b_dislocation_scale': 0.5859984809514472, 'gb_scale': 0.2568120904452559, 'gd_bubble_scale': 1.918744652511761, 'gd_line_scale': 0.40258171832864886, 'gd_line_alpha': 0.5981011678040609, 'coalescence_d_scale': 0.646384505127416, 'capture_scale': 0.7866991574377434}. Best is trial 60 with value: 2.4762914850800923.
[I 2026-05-03 19:14:01,285] Trial 72 finished with value: 3.0869608357229312 and parameters: {'rho_high_scale': 0.8166729647183149, 'f_n': 3.897468995807301e-09, 'K_d': 373230.5251664255, 'fission_rate': 7.996161191793385e+19, 'Dg_D1_scale': 0.8013120640267161, 'Dg_D3_scale': 0.7518002142342003, 'Dv_D1_scale': 0.7501025636626976, 'Dv_D2_scale': 3.204894899068599, 'b_bulk_scale': 0.03772719017617174, 'b_dislocation_scale': 0.3656893797793178, 'gb_scale': 0.21420688112865144, 'gd_bubble_scale': 4.404855378896484, 'gd_line_scale': 0.3703915604253759, 'gd_line_alpha': 0.5617114165445259, 'coalescence_d_scale': 1.1567977034856431, 'capture_scale': 1.0676264094817256}. Best is trial 60 with value: 2.4762914850800923.
[I 2026-05-03 19:14:23,965] Trial 73 finished with value: 2.9263829790498628 and parameters: {'rho_high_scale': 0.9559738193798771, 'f_n': 2.4129965188503526e-09, 'K_d': 316466.9858724281, 'fission_rate': 7.639085862989275e+19, 'Dg_D1_scale': 0.7133585820630504, 'Dg_D3_scale': 0.9849334234590889, 'Dv_D1_scale': 0.5246617885348829, 'Dv_D2_scale': 2.5868733084596895, 'b_bulk_scale': 0.04887145290042529, 'b_dislocation_scale': 0.7879804160294072, 'gb_scale': 0.2714336078963065, 'gd_bubble_scale': 2.4110368165320937, 'gd_line_scale': 0.44887555700257625, 'gd_line_alpha': 0.6110496279303289, 'coalescence_d_scale': 0.6081966689608501, 'capture_scale': 0.6537035297315326}. Best is trial 60 with value: 2.4762914850800923.
[I 2026-05-03 19:14:47,181] Trial 74 finished with value: 2.543760604634943 and parameters: {'rho_high_scale': 1.0675368503641929, 'f_n': 1.0187800630076172e-08, 'K_d': 342097.3024721567, 'fission_rate': 7.866476813477985e+19, 'Dg_D1_scale': 0.8744004359420677, 'Dg_D3_scale': 1.0825299778595114, 'Dv_D1_scale': 0.8186469148445745, 'Dv_D2_scale': 2.990471342553751, 'b_bulk_scale': 0.039907097272074143, 'b_dislocation_scale': 0.5168831879035826, 'gb_scale': 0.3818175586232978, 'gd_bubble_scale': 2.154020955055842, 'gd_line_scale': 0.7663637217854307, 'gd_line_alpha': 0.5304637298698427, 'coalescence_d_scale': 0.4329353027629138, 'capture_scale': 0.7961788173446314}. Best is trial 60 with value: 2.4762914850800923.
