[I 2026-05-03 19:15:12,876] Trial 75 finished with value: 2.9548148867203428 and parameters: {'rho_high_scale': 1.0690067219390298, 'f_n': 9.779090783084115e-09, 'K_d': 342410.9629602261, 'fission_rate': 7.726665359577124e+19, 'Dg_D1_scale': 0.46570967333102326, 'Dg_D3_scale': 1.1433426485221165, 'Dv_D1_scale': 0.8156874261070135, 'Dv_D2_scale': 2.8990423399681284, 'b_bulk_scale': 0.05774194056989578, 'b_dislocation_scale': 0.5172220664962152, 'gb_scale': 0.39825843042078385, 'gd_bubble_scale': 3.0426774482462617, 'gd_line_scale': 0.9893842456246991, 'gd_line_alpha': 0.5307487718861277, 'coalescence_d_scale': 0.44461104949468805, 'capture_scale': 0.7817386623920702}. Best is trial 60 with value: 2.4762914850800923.
[I 2026-05-03 19:15:39,588] Trial 76 finished with value: 3.7663947688703043 and parameters: {'rho_high_scale': 0.8361568262663533, 'f_n': 1.637868388938573e-09, 'K_d': 352417.5136355157, 'fission_rate': 7.825531466763482e+19, 'Dg_D1_scale': 0.8589975688750031, 'Dg_D3_scale': 0.864723638819443, 'Dv_D1_scale': 0.899759379189895, 'Dv_D2_scale': 3.6696112809001287, 'b_bulk_scale': 0.030369633095343698, 'b_dislocation_scale': 0.4860342468473459, 'gb_scale': 0.1875384435166405, 'gd_bubble_scale': 3.559253956878563, 'gd_line_scale': 0.7556403054677753, 'gd_line_alpha': 0.7674132119456392, 'coalescence_d_scale': 0.37273576034136263, 'capture_scale': 0.4138712879064208}. Best is trial 60 with value: 2.4762914850800923.
[I 2026-05-03 19:16:17,697] Trial 77 finished with value: 5.165564453963622 and parameters: {'rho_high_scale': 1.2492223398021574, 'f_n': 1.2614222384766421e-08, 'K_d': 320184.3419314528, 'fission_rate': 5.060918679633035e+19, 'Dg_D1_scale': 1.0334582600890414, 'Dg_D3_scale': 1.4911089208668442, 'Dv_D1_scale': 1.0709713669880971, 'Dv_D2_scale': 3.0504915269616535, 'b_bulk_scale': 0.039512635803547885, 'b_dislocation_scale': 0.3457714942550352, 'gb_scale': 0.23842200556614096, 'gd_bubble_scale': 1.9992761467941107, 'gd_line_scale': 1.2136484437087016, 'gd_line_alpha': 0.6786163851124359, 'coalescence_d_scale': 0.7595260321258734, 'capture_scale': 0.5772872026090322}. Best is trial 60 with value: 2.4762914850800923.
Best trial: 60. Best value: 2.47629:  16%|█▌        | 78/500 [38:37<3:24:27, 29.07s/it]Best trial: 60. Best value: 2.47629:  16%|█▌        | 78/500 [38:37<3:24:27, 29.07s/it]Best trial: 60. Best value: 2.47629:  16%|█▌        | 79/500 [38:37<3:18:18, 28.26s/it]                                                                                       Best trial: 60. Best value: 2.47629:  16%|█▌        | 79/500 [38:59<3:18:18, 28.26s/it]Best trial: 60. Best value: 2.47629:  16%|█▌        | 79/500 [39:00<3:18:18, 28.26s/it]Best trial: 60. Best value: 2.47629:  16%|█▌        | 80/500 [39:00<3:05:19, 26.47s/it]                                                                                       Best trial: 60. Best value: 2.47629:  16%|█▌        | 80/500 [39:19<3:05:19, 26.47s/it]Best trial: 60. Best value: 2.47629:  16%|█▌        | 80/500 [39:19<3:05:19, 26.47s/it]Best trial: 60. Best value: 2.47629:  16%|█▌        | 81/500 [39:19<2:49:26, 24.26s/it]                                                                                       Best trial: 60. Best value: 2.47629:  16%|█▌        | 81/500 [39:41<2:49:26, 24.26s/it]Best trial: 60. Best value: 2.47629:  16%|█▌        | 81/500 [39:41<2:49:26, 24.26s/it]Best trial: 60. Best value: 2.47629:  16%|█▋        | 82/500 [39:41<2:45:46, 23.79s/it]                                                                                       Best trial: 60. Best value: 2.47629:  16%|█▋        | 82/500 [40:02<2:45:46, 23.79s/it]Best trial: 60. Best value: 2.47629:  16%|█▋        | 82/500 [40:02<2:45:46, 23.79s/it]Best trial: 60. Best value: 2.47629:  17%|█▋        | 83/500 [40:02<2:38:37, 22.82s/it]                                                                                       Best trial: 60. Best value: 2.47629:  17%|█▋        | 83/500 [40:29<2:38:37, 22.82s/it]Best trial: 60. Best value: 2.47629:  17%|█▋        | 83/500 [40:29<2:38:37, 22.82s/it]Best trial: 60. Best value: 2.47629:  17%|█▋        | 84/500 [40:29<2:46:35, 24.03s/it]                                                                                       Best trial: 60. Best value: 2.47629:  17%|█▋        | 84/500 [40:53<2:46:35, 24.03s/it]Best trial: 60. Best value: 2.47629:  17%|█▋        | 84/500 [40:53<2:46:35, 24.03s/it]Best trial: 60. Best value: 2.47629:  17%|█▋        | 85/500 [40:53<2:47:12, 24.18s/it]                                                                                       Best trial: 60. Best value: 2.47629:  17%|█▋        | 85/500 [41:22<2:47:12, 24.18s/it]Best trial: 60. Best value: 2.47629:  17%|█▋        | 85/500 [41:22<2:47:12, 24.18s/it]Best trial: 60. Best value: 2.47629:  17%|█▋        | 86/500 [41:22<2:56:01, 25.51s/it]                                                                                       Best trial: 60. Best value: 2.47629:  17%|█▋        | 86/500 [41:51<2:56:01, 25.51s/it]Best trial: 60. Best value: 2.47629:  17%|█▋        | 86/500 [41:51<2:56:01, 25.51s/it]Best trial: 60. Best value: 2.47629:  17%|█▋        | 87/500 [41:51<3:02:40, 26.54s/it]                                                                                       Best trial: 60. Best value: 2.47629:  17%|█▋        | 87/500 [42:18<3:02:40, 26.54s/it]Best trial: 60. Best value: 2.47629:  17%|█▋        | 87/500 [42:18<3:02:40, 26.54s/it]Best trial: 60. Best value: 2.47629:  18%|█▊        | 88/500 [42:18<3:03:47, 26.77s/it]                                                                                       Best trial: 60. Best value: 2.47629:  18%|█▊        | 88/500 [42:43<3:03:47, 26.77s/it]Best trial: 60. Best value: 2.47629:  18%|█▊        | 88/500 [42:44<3:03:47, 26.77s/it]Best trial: 60. Best value: 2.47629:  18%|█▊        | 89/500 [42:44<3:00:24, 26.34s/it]                                                                                       [I 2026-05-03 19:16:44,046] Trial 78 finished with value: 2.986958657063959 and parameters: {'rho_high_scale': 1.1172367074334772, 'f_n': 9.381445473642008e-10, 'K_d': 393115.64682703296, 'fission_rate': 7.524325825239115e+19, 'Dg_D1_scale': 0.5950187091265666, 'Dg_D3_scale': 1.099573903245494, 'Dv_D1_scale': 1.2942522042445956, 'Dv_D2_scale': 2.556787807484652, 'b_bulk_scale': 0.03589594594677976, 'b_dislocation_scale': 0.7455708903697646, 'gb_scale': 0.1535475569610716, 'gd_bubble_scale': 2.9566952408032487, 'gd_line_scale': 0.2847125204008222, 'gd_line_alpha': 0.6242685465138417, 'coalescence_d_scale': 0.48754822928941494, 'capture_scale': 0.9225959623984803}. Best is trial 60 with value: 2.4762914850800923.
[I 2026-05-03 19:17:06,379] Trial 79 finished with value: 3.3419815042297008 and parameters: {'rho_high_scale': 0.7618578647175672, 'f_n': 3.6830984723454594e-10, 'K_d': 330310.173676646, 'fission_rate': 7.891911465758345e+19, 'Dg_D1_scale': 0.5251768065638163, 'Dg_D3_scale': 0.7534547985357586, 'Dv_D1_scale': 0.6228027647947533, 'Dv_D2_scale': 3.746596248782289, 'b_bulk_scale': 0.05060833985388234, 'b_dislocation_scale': 1.6205564307671558, 'gb_scale': 0.29104954540277134, 'gd_bubble_scale': 4.361014327130076, 'gd_line_scale': 0.5113945213808612, 'gd_line_alpha': 0.5677501909714112, 'coalescence_d_scale': 0.648530582037337, 'capture_scale': 0.3690473842039214}. Best is trial 60 with value: 2.4762914850800923.
[I 2026-05-03 19:17:25,482] Trial 80 finished with value: 4.082379100616581 and parameters: {'rho_high_scale': 0.9273802179103411, 'f_n': 4.70787998023691e-09, 'K_d': 337134.681893639, 'fission_rate': 7.648985618498098e+19, 'Dg_D1_scale': 0.7511206044455431, 'Dg_D3_scale': 0.9919444140247191, 'Dv_D1_scale': 0.708634360875504, 'Dv_D2_scale': 3.1871528016120227, 'b_bulk_scale': 0.06276256442900734, 'b_dislocation_scale': 1.1090650064919003, 'gb_scale': 0.19449709739171714, 'gd_bubble_scale': 1.736233425623552, 'gd_line_scale': 0.3478190762382756, 'gd_line_alpha': 0.4506641968239234, 'coalescence_d_scale': 0.8813084420608668, 'capture_scale': 1.847442884070668}. Best is trial 60 with value: 2.4762914850800923.
[I 2026-05-03 19:17:48,183] Trial 81 finished with value: 2.570312279541331 and parameters: {'rho_high_scale': 1.0200369910369003, 'f_n': 7.048965250880547e-09, 'K_d': 313567.66266261245, 'fission_rate': 7.849644667736169e+19, 'Dg_D1_scale': 0.697182551494688, 'Dg_D3_scale': 0.925969588405516, 'Dv_D1_scale': 0.46336802817637374, 'Dv_D2_scale': 3.993792533600264, 'b_bulk_scale': 0.04376863730777627, 'b_dislocation_scale': 0.610389838357283, 'gb_scale': 0.4355338459173559, 'gd_bubble_scale': 2.1737941037204753, 'gd_line_scale': 0.8298613723622649, 'gd_line_alpha': 0.5170007239173066, 'coalescence_d_scale': 0.3291416761547046, 'capture_scale': 1.3731709459796055}. Best is trial 60 with value: 2.4762914850800923.
[I 2026-05-03 19:18:08,738] Trial 82 finished with value: 2.8980441917132826 and parameters: {'rho_high_scale': 1.0322245832300065, 'f_n': 6.109781958154424e-09, 'K_d': 353899.4550862415, 'fission_rate': 7.992847910211509e+19, 'Dg_D1_scale': 1.1193545570649766, 'Dg_D3_scale': 0.9288305796445477, 'Dv_D1_scale': 0.47960122641176406, 'Dv_D2_scale': 3.995126716030253, 'b_bulk_scale': 0.033851188990153866, 'b_dislocation_scale': 0.8795974208414437, 'gb_scale': 0.35536320820997813, 'gd_bubble_scale': 2.133927444689183, 'gd_line_scale': 0.8195879830155547, 'gd_line_alpha': 0.5311414720759785, 'coalescence_d_scale': 0.3256111222770872, 'capture_scale': 1.1381567609539223}. Best is trial 60 with value: 2.4762914850800923.
[I 2026-05-03 19:18:35,570] Trial 83 finished with value: 2.9794912581912736 and parameters: {'rho_high_scale': 0.856276348726788, 'f_n': 2.816058827982944e-09, 'K_d': 376269.6500311602, 'fission_rate': 7.716178771835542e+19, 'Dg_D1_scale': 0.6817051425451734, 'Dg_D3_scale': 0.8242817989380933, 'Dv_D1_scale': 0.5473178639623114, 'Dv_D2_scale': 3.6035713359876334, 'b_bulk_scale': 0.04102401806489902, 'b_dislocation_scale': 0.3883763532853805, 'gb_scale': 0.41506369738062465, 'gd_bubble_scale': 5.179786321381374, 'gd_line_scale': 0.41451736262531597, 'gd_line_alpha': 0.585526760047376, 'coalescence_d_scale': 0.22196571421025213, 'capture_scale': 0.8092205379315094}. Best is trial 60 with value: 2.4762914850800923.
[I 2026-05-03 19:19:00,094] Trial 84 finished with value: 2.7159097601565136 and parameters: {'rho_high_scale': 1.1628469486680628, 'f_n': 1.8206361619529109e-09, 'K_d': 317565.0108588642, 'fission_rate': 7.886572440617361e+19, 'Dg_D1_scale': 0.6083958323266385, 'Dg_D3_scale': 1.0705597776614788, 'Dv_D1_scale': 0.4327177861307634, 'Dv_D2_scale': 2.929776695273032, 'b_bulk_scale': 0.030192989772760154, 'b_dislocation_scale': 0.5902895542466736, 'gb_scale': 0.29072682758984775, 'gd_bubble_scale': 2.7288691817088457, 'gd_line_scale': 0.5402532110695685, 'gd_line_alpha': 0.6712534071570496, 'coalescence_d_scale': 0.3895973591699278, 'capture_scale': 0.4960091552315896}. Best is trial 60 with value: 2.4762914850800923.
[I 2026-05-03 19:19:28,720] Trial 85 finished with value: 3.9398454055943373 and parameters: {'rho_high_scale': 1.2529885291126936, 'f_n': 1.8392818217103505e-09, 'K_d': 302186.86725959455, 'fission_rate': 7.568583603853741e+19, 'Dg_D1_scale': 0.8460167234533214, 'Dg_D3_scale': 1.0639677783469923, 'Dv_D1_scale': 0.44728275602656026, 'Dv_D2_scale': 2.942086600501451, 'b_bulk_scale': 0.05405514075215849, 'b_dislocation_scale': 0.4595491748585018, 'gb_scale': 0.2950293737314901, 'gd_bubble_scale': 2.6400773753813755, 'gd_line_scale': 1.0697375587407343, 'gd_line_alpha': 0.7492653892551455, 'coalescence_d_scale': 0.3579159498007244, 'capture_scale': 0.48974383167966173}. Best is trial 60 with value: 2.4762914850800923.
[I 2026-05-03 19:19:57,658] Trial 86 finished with value: 4.797549636162324 and parameters: {'rho_high_scale': 1.1334566493003888, 'f_n': 1.3823832430382094e-08, 'K_d': 314512.8042820782, 'fission_rate': 7.399878186989006e+19, 'Dg_D1_scale': 0.5551512511964012, 'Dg_D3_scale': 1.5382827207556886, 'Dv_D1_scale': 0.9942574377443087, 'Dv_D2_scale': 3.2220428632962483, 'b_bulk_scale': 2.2402203753818553, 'b_dislocation_scale': 0.676832915831724, 'gb_scale': 0.49074848392992604, 'gd_bubble_scale': 3.918485573039984, 'gd_line_scale': 1.4321490454561914, 'gd_line_alpha': 0.6787951962760218, 'coalescence_d_scale': 0.17495558934773536, 'capture_scale': 0.22945988624924243}. Best is trial 60 with value: 2.4762914850800923.
[I 2026-05-03 19:20:24,952] Trial 87 finished with value: 3.444170427085652 and parameters: {'rho_high_scale': 0.9050566939012501, 'f_n': 8.060244541590953e-09, 'K_d': 321821.8232581413, 'fission_rate': 7.789891642156116e+19, 'Dg_D1_scale': 0.7283389508503373, 'Dg_D3_scale': 1.7020310408005341, 'Dv_D1_scale': 0.47840377006470985, 'Dv_D2_scale': 2.7604995637289544, 'b_bulk_scale': 0.04703291942093567, 'b_dislocation_scale': 0.28565776584883057, 'gb_scale': 0.3591734896944122, 'gd_bubble_scale': 3.3668985079950438, 'gd_line_scale': 0.8745101427861556, 'gd_line_alpha': 0.6202511085335627, 'coalescence_d_scale': 0.5284518270400231, 'capture_scale': 0.6762148591536659}. Best is trial 60 with value: 2.4762914850800923.
[I 2026-05-03 19:20:50,292] Trial 88 finished with value: 2.53252395020201 and parameters: {'rho_high_scale': 1.0732550488846448, 'f_n': 5.395919372269619e-09, 'K_d': 336722.71415007615, 'fission_rate': 7.909703812369723e+19, 'Dg_D1_scale': 0.4733833999721694, 'Dg_D3_scale': 1.22536609459868, 'Dv_D1_scale': 0.42463525067826496, 'Dv_D2_scale': 2.185032064954139, 'b_bulk_scale': 0.03028926052610247, 'b_dislocation_scale': 0.4280848256613729, 'gb_scale': 0.2807269903192935, 'gd_bubble_scale': 3.0210367117868535, 'gd_line_scale': 0.536616910332771, 'gd_line_alpha': 0.6547928328225243, 'coalescence_d_scale': 1.5565281164795588, 'capture_scale': 0.5693493661029345}. Best is trial 60 with value: 2.4762914850800923.
Best trial: 60. Best value: 2.47629:  18%|█▊        | 89/500 [43:09<3:00:24, 26.34s/it]Best trial: 60. Best value: 2.47629:  18%|█▊        | 89/500 [43:10<3:00:24, 26.34s/it]Best trial: 60. Best value: 2.47629:  18%|█▊        | 90/500 [43:10<2:59:30, 26.27s/it]                                                                                       Best trial: 60. Best value: 2.47629:  18%|█▊        | 90/500 [43:35<2:59:30, 26.27s/it]Best trial: 60. Best value: 2.47629:  18%|█▊        | 90/500 [43:35<2:59:30, 26.27s/it]Best trial: 60. Best value: 2.47629:  18%|█▊        | 91/500 [43:35<2:58:05, 26.13s/it]                                                                                       Best trial: 60. Best value: 2.47629:  18%|█▊        | 91/500 [44:03<2:58:05, 26.13s/it]Best trial: 60. Best value: 2.47629:  18%|█▊        | 91/500 [44:03<2:58:05, 26.13s/it]Best trial: 60. Best value: 2.47629:  18%|█▊        | 92/500 [44:03<3:00:45, 26.58s/it]                                                                                       Best trial: 60. Best value: 2.47629:  18%|█▊        | 92/500 [44:26<3:00:45, 26.58s/it]Best trial: 60. Best value: 2.47629:  18%|█▊        | 92/500 [44:26<3:00:45, 26.58s/it]Best trial: 60. Best value: 2.47629:  19%|█▊        | 93/500 [44:26<2:53:31, 25.58s/it]                                                                                       Best trial: 60. Best value: 2.47629:  19%|█▊        | 93/500 [44:52<2:53:31, 25.58s/it]Best trial: 60. Best value: 2.47629:  19%|█▊        | 93/500 [44:52<2:53:31, 25.58s/it]Best trial: 60. Best value: 2.47629:  19%|█▉        | 94/500 [44:52<2:52:55, 25.56s/it]                                                                                       Best trial: 60. Best value: 2.47629:  19%|█▉        | 94/500 [45:19<2:52:55, 25.56s/it]Best trial: 60. Best value: 2.47629:  19%|█▉        | 94/500 [45:19<2:52:55, 25.56s/it]Best trial: 60. Best value: 2.47629:  19%|█▉        | 95/500 [45:19<2:56:26, 26.14s/it]                                                                                       Best trial: 60. Best value: 2.47629:  19%|█▉        | 95/500 [45:46<2:56:26, 26.14s/it]Best trial: 60. Best value: 2.47629:  19%|█▉        | 95/500 [45:46<2:56:26, 26.14s/it]Best trial: 60. Best value: 2.47629:  19%|█▉        | 96/500 [45:46<2:57:36, 26.38s/it]                                                                                       Best trial: 60. Best value: 2.47629:  19%|█▉        | 96/500 [46:05<2:57:36, 26.38s/it]Best trial: 60. Best value: 2.47629:  19%|█▉        | 96/500 [46:05<2:57:36, 26.38s/it]Best trial: 60. Best value: 2.47629:  19%|█▉        | 97/500 [46:05<2:42:42, 24.23s/it]                                                                                       Best trial: 60. Best value: 2.47629:  19%|█▉        | 97/500 [46:34<2:42:42, 24.23s/it]Best trial: 60. Best value: 2.47629:  19%|█▉        | 97/500 [46:34<2:42:42, 24.23s/it]Best trial: 60. Best value: 2.47629:  20%|█▉        | 98/500 [46:34<2:51:30, 25.60s/it]                                                                                       Best trial: 60. Best value: 2.47629:  20%|█▉        | 98/500 [46:58<2:51:30, 25.60s/it]Best trial: 60. Best value: 2.47629:  20%|█▉        | 98/500 [46:58<2:51:30, 25.60s/it]Best trial: 60. Best value: 2.47629:  20%|█▉        | 99/500 [46:58<2:48:03, 25.15s/it]                                                                                       Best trial: 60. Best value: 2.47629:  20%|█▉        | 99/500 [47:25<2:48:03, 25.15s/it]Best trial: 60. Best value: 2.47629:  20%|█▉        | 99/500 [47:25<2:48:03, 25.15s/it]Best trial: 60. Best value: 2.47629:  20%|██        | 100/500 [47:25<2:51:19, 25.70s/it]                                                                                        [I 2026-05-03 19:21:16,380] Trial 89 finished with value: 2.6533205978951204 and parameters: {'rho_high_scale': 1.0534052106706322, 'f_n': 2.387119837126981e-08, 'K_d': 363327.3757606388, 'fission_rate': 7.441942625369681e+19, 'Dg_D1_scale': 0.3503936423715544, 'Dg_D3_scale': 2.0159458811604405, 'Dv_D1_scale': 0.4115560705017497, 'Dv_D2_scale': 2.134767819801223, 'b_bulk_scale': 0.030278545521812382, 'b_dislocation_scale': 0.3239229612212122, 'gb_scale': 0.28758043614747414, 'gd_bubble_scale': 1.6090090989634984, 'gd_line_scale': 0.7058925873687442, 'gd_line_alpha': 0.7992183370398984, 'coalescence_d_scale': 0.30529471266910657, 'capture_scale': 0.5931114184846211}. Best is trial 60 with value: 2.4762914850800923.
[I 2026-05-03 19:21:42,162] Trial 90 finished with value: 2.740151821829669 and parameters: {'rho_high_scale': 1.2030828579003907, 'f_n': 1.0027512914098793e-08, 'K_d': 348481.4702072619, 'fission_rate': 7.508946898294312e+19, 'Dg_D1_scale': 0.29805301375078036, 'Dg_D3_scale': 2.1321471402626906, 'Dv_D1_scale': 0.4145973991206328, 'Dv_D2_scale': 2.041888975678284, 'b_bulk_scale': 0.030444908326396417, 'b_dislocation_scale': 0.34408153483018433, 'gb_scale': 0.40958935986325135, 'gd_bubble_scale': 1.559138885867289, 'gd_line_scale': 0.6965341522946611, 'gd_line_alpha': 0.7853519165656767, 'coalescence_d_scale': 0.3081932737069508, 'capture_scale': 0.33094905132901503}. Best is trial 60 with value: 2.4762914850800923.
[I 2026-05-03 19:22:09,836] Trial 91 finished with value: 3.7076679378659234 and parameters: {'rho_high_scale': 1.0783037523604844, 'f_n': 2.24086464621e-08, 'K_d': 365212.1338978951, 'fission_rate': 7.881327816797043e+19, 'Dg_D1_scale': 0.3501306233220616, 'Dg_D3_scale': 1.224542453945504, 'Dv_D1_scale': 0.4403609350447346, 'Dv_D2_scale': 2.1703279610776978, 'b_bulk_scale': 3.9917825184539506, 'b_dislocation_scale': 0.41845171506756307, 'gb_scale': 0.296724698911899, 'gd_bubble_scale': 3.119889688806445, 'gd_line_scale': 0.5656258502337465, 'gd_line_alpha': 0.8434904699787698, 'coalescence_d_scale': 1.6386546261063497, 'capture_scale': 0.5372368556887757}. Best is trial 60 with value: 2.4762914850800923.
[I 2026-05-03 19:22:33,080] Trial 92 finished with value: 2.607505469154428 and parameters: {'rho_high_scale': 1.2934745902423983, 'f_n': 5.3048812540140606e-09, 'K_d': 336439.709075572, 'fission_rate': 7.685382768995236e+19, 'Dg_D1_scale': 0.38926533904463867, 'Dg_D3_scale': 0.7901008521945138, 'Dv_D1_scale': 0.6689611269336949, 'Dv_D2_scale': 2.4896655183079615, 'b_bulk_scale': 0.03798517275445343, 'b_dislocation_scale': 0.4954015995065506, 'gb_scale': 0.3422751967113541, 'gd_bubble_scale': 2.155549299187911, 'gd_line_scale': 0.48446830344771646, 'gd_line_alpha': 0.7158177622898423, 'coalescence_d_scale': 0.4148457836967925, 'capture_scale': 1.0293612279158868}. Best is trial 60 with value: 2.4762914850800923.
[I 2026-05-03 19:22:58,573] Trial 93 finished with value: 2.668096601886946 and parameters: {'rho_high_scale': 1.3037310778629956, 'f_n': 2.6615554825407907e-08, 'K_d': 339543.8520224261, 'fission_rate': 7.682424893135716e+19, 'Dg_D1_scale': 0.3914609978502386, 'Dg_D3_scale': 1.3959581075211374, 'Dv_D1_scale': 0.6789304956764312, 'Dv_D2_scale': 2.5688566370506223, 'b_bulk_scale': 0.04045771586976005, 'b_dislocation_scale': 0.3049174463956217, 'gb_scale': 0.3367374503588605, 'gd_bubble_scale': 2.2990422079409445, 'gd_line_scale': 0.47228665332798137, 'gd_line_alpha': 0.6422143627407327, 'coalescence_d_scale': 0.4077931783007626, 'capture_scale': 1.0233631735648723}. Best is trial 60 with value: 2.4762914850800923.
