Best trial: 215. Best value: 2.26714:  73%|███████▎  | 364/500 [4:42:44<1:26:04, 37.97s/it]Best trial: 215. Best value: 2.26714:  73%|███████▎  | 364/500 [4:42:45<1:26:04, 37.97s/it]Best trial: 215. Best value: 2.26714:  73%|███████▎  | 365/500 [4:42:45<1:27:20, 38.82s/it]                                                                                           Best trial: 215. Best value: 2.26714:  73%|███████▎  | 365/500 [4:43:24<1:27:20, 38.82s/it]Best trial: 215. Best value: 2.26714:  73%|███████▎  | 365/500 [4:43:24<1:27:20, 38.82s/it]Best trial: 215. Best value: 2.26714:  73%|███████▎  | 366/500 [4:43:24<1:27:04, 38.99s/it]                                                                                           Best trial: 215. Best value: 2.26714:  73%|███████▎  | 366/500 [4:43:54<1:27:04, 38.99s/it]Best trial: 215. Best value: 2.26714:  73%|███████▎  | 366/500 [4:43:55<1:27:04, 38.99s/it]Best trial: 215. Best value: 2.26714:  73%|███████▎  | 367/500 [4:43:55<1:20:55, 36.51s/it]                                                                                           Best trial: 215. Best value: 2.26714:  73%|███████▎  | 367/500 [4:44:39<1:20:55, 36.51s/it]Best trial: 215. Best value: 2.26714:  73%|███████▎  | 367/500 [4:44:40<1:20:55, 36.51s/it]Best trial: 215. Best value: 2.26714:  74%|███████▎  | 368/500 [4:44:40<1:25:56, 39.07s/it]                                                                                           Best trial: 215. Best value: 2.26714:  74%|███████▎  | 368/500 [4:45:24<1:25:56, 39.07s/it]Best trial: 215. Best value: 2.26714:  74%|███████▎  | 368/500 [4:45:24<1:25:56, 39.07s/it]Best trial: 215. Best value: 2.26714:  74%|███████▍  | 369/500 [4:45:24<1:28:49, 40.68s/it]                                                                                           Best trial: 215. Best value: 2.26714:  74%|███████▍  | 369/500 [4:46:03<1:28:49, 40.68s/it]Best trial: 215. Best value: 2.26714:  74%|███████▍  | 369/500 [4:46:04<1:28:49, 40.68s/it]Best trial: 215. Best value: 2.26714:  74%|███████▍  | 370/500 [4:46:04<1:27:19, 40.30s/it]                                                                                           Best trial: 215. Best value: 2.26714:  74%|███████▍  | 370/500 [4:46:37<1:27:19, 40.30s/it]Best trial: 215. Best value: 2.26714:  74%|███████▍  | 370/500 [4:46:37<1:27:19, 40.30s/it]Best trial: 215. Best value: 2.26714:  74%|███████▍  | 371/500 [4:46:37<1:22:22, 38.31s/it]                                                                                           Best trial: 215. Best value: 2.26714:  74%|███████▍  | 371/500 [4:47:12<1:22:22, 38.31s/it]Best trial: 215. Best value: 2.26714:  74%|███████▍  | 371/500 [4:47:13<1:22:22, 38.31s/it]Best trial: 215. Best value: 2.26714:  74%|███████▍  | 372/500 [4:47:13<1:20:00, 37.50s/it]                                                                                           Best trial: 215. Best value: 2.26714:  74%|███████▍  | 372/500 [4:47:33<1:20:00, 37.50s/it]Best trial: 215. Best value: 2.26714:  74%|███████▍  | 372/500 [4:47:33<1:20:00, 37.50s/it]Best trial: 215. Best value: 2.26714:  75%|███████▍  | 373/500 [4:47:33<1:08:21, 32.30s/it]                                                                                           Best trial: 215. Best value: 2.26714:  75%|███████▍  | 373/500 [4:48:06<1:08:21, 32.30s/it]Best trial: 215. Best value: 2.26714:  75%|███████▍  | 373/500 [4:48:06<1:08:21, 32.30s/it]Best trial: 215. Best value: 2.26714:  75%|███████▍  | 374/500 [4:48:06<1:08:14, 32.49s/it]                                                                                           Best trial: 215. Best value: 2.26714:  75%|███████▍  | 374/500 [4:48:38<1:08:14, 32.49s/it]Best trial: 215. Best value: 2.26714:  75%|███████▍  | 374/500 [4:48:39<1:08:14, 32.49s/it]Best trial: 215. Best value: 2.26714:  75%|███████▌  | 375/500 [4:48:39<1:07:55, 32.61s/it]                                                                                           [I 2026-05-03 23:20:51,114] Trial 364 finished with value: 2.8246338263845576 and parameters: {'rho_high_scale': 0.8244058151524591, 'f_n': 6.9949699820793466e-09, 'K_d': 362773.1404773036, 'fission_rate': 4.55197387725765e+19, 'Dg_D1_scale': 0.5206001080696827, 'Dg_D3_scale': 1.7168495992312323, 'Dv_D1_scale': 0.481937166033276, 'Dv_D2_scale': 0.7597445294289988, 'b_bulk_scale': 0.07535472923595352, 'b_dislocation_scale': 0.35762441516237903, 'gb_scale': 4.527146420078047, 'gd_bubble_scale': 9.123171776182248, 'gd_line_scale': 1.3790281137277665, 'gd_line_alpha': 0.9365790695978026, 'coalescence_d_scale': 0.266563193801794, 'capture_scale': 4.743052420622558}. Best is trial 215 with value: 2.267143995123024.
[I 2026-05-03 23:21:30,499] Trial 365 finished with value: 2.3375973665017575 and parameters: {'rho_high_scale': 0.7331139906274651, 'f_n': 2.5141194516208e-08, 'K_d': 342781.7123030194, 'fission_rate': 4.6193233971482845e+19, 'Dg_D1_scale': 0.5793956420402697, 'Dg_D3_scale': 0.5260877128278939, 'Dv_D1_scale': 0.42052006213793697, 'Dv_D2_scale': 3.493206667172898, 'b_bulk_scale': 0.09447831718651312, 'b_dislocation_scale': 0.44167147191597306, 'gb_scale': 0.9730749974013773, 'gd_bubble_scale': 5.576447999577385, 'gd_line_scale': 1.1565530614238635, 'gd_line_alpha': 0.9123483522288021, 'coalescence_d_scale': 0.2318514185212755, 'capture_scale': 0.023874946757230578}. Best is trial 215 with value: 2.267143995123024.
[I 2026-05-03 23:22:01,218] Trial 366 finished with value: 2.700489853720957 and parameters: {'rho_high_scale': 0.7842212143315475, 'f_n': 1.1243981650076398e-08, 'K_d': 378929.922650355, 'fission_rate': 6.507302403363661e+19, 'Dg_D1_scale': 0.5531665242287509, 'Dg_D3_scale': 1.3087923414139768, 'Dv_D1_scale': 0.44540140035469244, 'Dv_D2_scale': 3.8153293208746373, 'b_bulk_scale': 0.06593265475502667, 'b_dislocation_scale': 0.624234689897069, 'gb_scale': 0.8122562502334199, 'gd_bubble_scale': 6.633890158198603, 'gd_line_scale': 1.694557386733645, 'gd_line_alpha': 0.9991034935457981, 'coalescence_d_scale': 2.8157139586262505, 'capture_scale': 0.05866877758517705}. Best is trial 215 with value: 2.267143995123024.
[I 2026-05-03 23:22:46,277] Trial 367 finished with value: 4.140340093664281 and parameters: {'rho_high_scale': 0.7000661092772776, 'f_n': 4.8270312500609475e-09, 'K_d': 367959.38732379116, 'fission_rate': 4.18884478962538e+19, 'Dg_D1_scale': 0.4861474586349578, 'Dg_D3_scale': 0.8110730695736077, 'Dv_D1_scale': 0.5321794292061549, 'Dv_D2_scale': 3.9896302110967645, 'b_bulk_scale': 0.47432670836520285, 'b_dislocation_scale': 0.5242718916231943, 'gb_scale': 1.1440952768081307, 'gd_bubble_scale': 7.865331658394896, 'gd_line_scale': 1.2641239338436905, 'gd_line_alpha': 0.9514974149896587, 'coalescence_d_scale': 0.33687152632335754, 'capture_scale': 0.04216804520197577}. Best is trial 215 with value: 2.267143995123024.
[I 2026-05-03 23:23:30,687] Trial 368 finished with value: 4.6035435604004356 and parameters: {'rho_high_scale': 2.5335467820742386, 'f_n': 9.308581387935241e-09, 'K_d': 350651.9842143124, 'fission_rate': 4.448292705455942e+19, 'Dg_D1_scale': 0.6073833053423618, 'Dg_D3_scale': 0.8702385101124717, 'Dv_D1_scale': 0.38089073589242317, 'Dv_D2_scale': 3.2774664225847867, 'b_bulk_scale': 0.058198498772298435, 'b_dislocation_scale': 0.4775863869566071, 'gb_scale': 3.66753914666075, 'gd_bubble_scale': 7.093214752858424, 'gd_line_scale': 1.9341487536416688, 'gd_line_alpha': 0.9714001308055192, 'coalescence_d_scale': 0.19494806831936276, 'capture_scale': 3.4097324889690754}. Best is trial 215 with value: 2.267143995123024.
[I 2026-05-03 23:24:10,122] Trial 369 finished with value: 2.6316298610478497 and parameters: {'rho_high_scale': 0.7586340598640648, 'f_n': 1.3378814449985493e-08, 'K_d': 359283.86214154074, 'fission_rate': 4.116711115536545e+19, 'Dg_D1_scale': 0.7137524281396236, 'Dg_D3_scale': 1.0220365705022374, 'Dv_D1_scale': 2.8167359832670598, 'Dv_D2_scale': 2.9219091519923257, 'b_bulk_scale': 0.04842242705437704, 'b_dislocation_scale': 0.4066789891915941, 'gb_scale': 3.3242360548313346, 'gd_bubble_scale': 8.928080097455254, 'gd_line_scale': 1.5744677883176266, 'gd_line_alpha': 0.9242670563646765, 'coalescence_d_scale': 0.2560302767115864, 'capture_scale': 0.029801822741837094}. Best is trial 215 with value: 2.267143995123024.
[I 2026-05-03 23:24:43,789] Trial 370 finished with value: 3.337602240561295 and parameters: {'rho_high_scale': 0.8530047564489461, 'f_n': 3.4246264865413515e-08, 'K_d': 355246.0817536536, 'fission_rate': 4.3530003875277865e+19, 'Dg_D1_scale': 0.44488309780882823, 'Dg_D3_scale': 1.2261926996349364, 'Dv_D1_scale': 0.3423773934000299, 'Dv_D2_scale': 3.6039983922453933, 'b_bulk_scale': 0.07914326131864435, 'b_dislocation_scale': 0.32839418162770906, 'gb_scale': 2.241557958293817, 'gd_bubble_scale': 0.6286343997937428, 'gd_line_scale': 1.0119330716868555, 'gd_line_alpha': 0.8844926420090011, 'coalescence_d_scale': 0.41124253338093386, 'capture_scale': 0.08585797427309295}. Best is trial 215 with value: 2.267143995123024.
[I 2026-05-03 23:25:19,408] Trial 371 finished with value: 2.3564632954835316 and parameters: {'rho_high_scale': 0.7287465507531055, 'f_n': 1.9160900090745935e-08, 'K_d': 371021.882543536, 'fission_rate': 4.729196033211161e+19, 'Dg_D1_scale': 0.6645605611905935, 'Dg_D3_scale': 0.5837330688754356, 'Dv_D1_scale': 0.4112896214957942, 'Dv_D2_scale': 3.996132627802928, 'b_bulk_scale': 0.07121271173114527, 'b_dislocation_scale': 0.3681761967999328, 'gb_scale': 3.022772024049724, 'gd_bubble_scale': 8.359656331055668, 'gd_line_scale': 1.138170540433806, 'gd_line_alpha': 0.9431220665627094, 'coalescence_d_scale': 0.29785856659635385, 'capture_scale': 0.033713146325614604}. Best is trial 215 with value: 2.267143995123024.
[I 2026-05-03 23:25:39,538] Trial 372 finished with value: 3.74051450419061 and parameters: {'rho_high_scale': 0.7964490876222367, 'f_n': 6.169507773773886e-08, 'K_d': 384712.1845757031, 'fission_rate': 5.491870418482958e+19, 'Dg_D1_scale': 0.5377822165391507, 'Dg_D3_scale': 1.1125403005862655, 'Dv_D1_scale': 0.4882407373602597, 'Dv_D2_scale': 3.4380054564862386, 'b_bulk_scale': 0.06282874499516351, 'b_dislocation_scale': 0.7375025779948053, 'gb_scale': 2.6634799626236534, 'gd_bubble_scale': 6.066185151871438, 'gd_line_scale': 1.4258961626192166, 'gd_line_alpha': 0.9653915471523693, 'coalescence_d_scale': 0.1754531006597395, 'capture_scale': 0.05125263359050892}. Best is trial 215 with value: 2.267143995123024.
[I 2026-05-03 23:26:12,467] Trial 373 finished with value: 2.6416123713162647 and parameters: {'rho_high_scale': 0.7536470145363464, 'f_n': 7.365590740774016e-09, 'K_d': 363855.9397669666, 'fission_rate': 4.5114525527974216e+19, 'Dg_D1_scale': 0.5059927912094092, 'Dg_D3_scale': 1.1782725693650618, 'Dv_D1_scale': 0.4445885677140563, 'Dv_D2_scale': 3.7217210939600083, 'b_bulk_scale': 0.05305808247072851, 'b_dislocation_scale': 0.44244659324463287, 'gb_scale': 4.026967648510569, 'gd_bubble_scale': 7.433633624026158, 'gd_line_scale': 0.9158497028742305, 'gd_line_alpha': 0.9179791550186607, 'coalescence_d_scale': 0.12728123472553668, 'capture_scale': 5.615278597009074}. Best is trial 215 with value: 2.267143995123024.
[I 2026-05-03 23:26:45,397] Trial 374 finished with value: 2.8279391452290277 and parameters: {'rho_high_scale': 0.7328076192682679, 'f_n': 1.090549374791162e-08, 'K_d': 346499.55133189325, 'fission_rate': 6.137765610589802e+19, 'Dg_D1_scale': 0.584884485077795, 'Dg_D3_scale': 0.7543606684826163, 'Dv_D1_scale': 0.3658075999009331, 'Dv_D2_scale': 0.23358314809549624, 'b_bulk_scale': 0.08946850227874968, 'b_dislocation_scale': 0.5514135306965601, 'gb_scale': 0.7365258651086208, 'gd_bubble_scale': 9.38884283348194, 'gd_line_scale': 1.8465525962117026, 'gd_line_alpha': 0.9844180364462277, 'coalescence_d_scale': 0.15685976000993823, 'capture_scale': 0.019368297082267474}. Best is trial 215 with value: 2.267143995123024.
Best trial: 215. Best value: 2.26714:  75%|███████▌  | 375/500 [4:49:24<1:07:55, 32.61s/it]Best trial: 215. Best value: 2.26714:  75%|███████▌  | 375/500 [4:49:25<1:07:55, 32.61s/it]Best trial: 215. Best value: 2.26714:  75%|███████▌  | 376/500 [4:49:25<1:15:36, 36.58s/it]                                                                                           Best trial: 215. Best value: 2.26714:  75%|███████▌  | 376/500 [4:50:07<1:15:36, 36.58s/it]Best trial: 215. Best value: 2.26714:  75%|███████▌  | 376/500 [4:50:08<1:15:36, 36.58s/it]Best trial: 215. Best value: 2.26714:  75%|███████▌  | 377/500 [4:50:08<1:18:54, 38.49s/it]                                                                                           Best trial: 215. Best value: 2.26714:  75%|███████▌  | 377/500 [4:50:47<1:18:54, 38.49s/it]Best trial: 215. Best value: 2.26714:  75%|███████▌  | 377/500 [4:50:48<1:18:54, 38.49s/it]Best trial: 215. Best value: 2.26714:  76%|███████▌  | 378/500 [4:50:48<1:19:15, 38.98s/it]                                                                                           Best trial: 215. Best value: 2.26714:  76%|███████▌  | 378/500 [4:51:31<1:19:15, 38.98s/it]Best trial: 215. Best value: 2.26714:  76%|███████▌  | 378/500 [4:51:31<1:19:15, 38.98s/it]Best trial: 215. Best value: 2.26714:  76%|███████▌  | 379/500 [4:51:31<1:21:24, 40.36s/it]                                                                                           Best trial: 215. Best value: 2.26714:  76%|███████▌  | 379/500 [4:52:10<1:21:24, 40.36s/it]Best trial: 215. Best value: 2.26714:  76%|███████▌  | 379/500 [4:52:10<1:21:24, 40.36s/it]Best trial: 215. Best value: 2.26714:  76%|███████▌  | 380/500 [4:52:10<1:19:49, 39.92s/it]                                                                                           Best trial: 215. Best value: 2.26714:  76%|███████▌  | 380/500 [4:52:54<1:19:49, 39.92s/it]Best trial: 215. Best value: 2.26714:  76%|███████▌  | 380/500 [4:52:54<1:19:49, 39.92s/it]Best trial: 215. Best value: 2.26714:  76%|███████▌  | 381/500 [4:52:54<1:21:29, 41.09s/it]                                                                                           Best trial: 215. Best value: 2.26714:  76%|███████▌  | 381/500 [4:53:16<1:21:29, 41.09s/it]Best trial: 215. Best value: 2.26714:  76%|███████▌  | 381/500 [4:53:16<1:21:29, 41.09s/it]Best trial: 215. Best value: 2.26714:  76%|███████▋  | 382/500 [4:53:16<1:09:27, 35.32s/it]                                                                                           Best trial: 215. Best value: 2.26714:  76%|███████▋  | 382/500 [4:53:51<1:09:27, 35.32s/it]Best trial: 215. Best value: 2.26714:  76%|███████▋  | 382/500 [4:53:51<1:09:27, 35.32s/it]Best trial: 215. Best value: 2.26714:  77%|███████▋  | 383/500 [4:53:51<1:08:59, 35.38s/it]                                                                                           Best trial: 215. Best value: 2.26714:  77%|███████▋  | 383/500 [4:54:35<1:08:59, 35.38s/it]Best trial: 215. Best value: 2.26714:  77%|███████▋  | 383/500 [4:54:35<1:08:59, 35.38s/it]Best trial: 215. Best value: 2.26714:  77%|███████▋  | 384/500 [4:54:35<1:13:23, 37.96s/it]                                                                                           Best trial: 215. Best value: 2.26714:  77%|███████▋  | 384/500 [4:55:21<1:13:23, 37.96s/it]Best trial: 215. Best value: 2.26714:  77%|███████▋  | 384/500 [4:55:21<1:13:23, 37.96s/it]Best trial: 215. Best value: 2.26714:  77%|███████▋  | 385/500 [4:55:21<1:17:06, 40.23s/it]                                                                                           Best trial: 215. Best value: 2.26714:  77%|███████▋  | 385/500 [4:55:53<1:17:06, 40.23s/it]Best trial: 215. Best value: 2.26714:  77%|███████▋  | 385/500 [4:55:53<1:17:06, 40.23s/it]Best trial: 215. Best value: 2.26714:  77%|███████▋  | 386/500 [4:55:53<1:11:53, 37.84s/it]                                                                                           [I 2026-05-03 23:27:31,244] Trial 375 finished with value: 3.8736040870331188 and parameters: {'rho_high_scale': 0.7635668103540703, 'f_n': 4.5763102604267306e-08, 'K_d': 376951.6916805747, 'fission_rate': 4.405665749809525e+19, 'Dg_D1_scale': 0.6275730920487415, 'Dg_D3_scale': 0.9431821262213683, 'Dv_D1_scale': 0.39556081262422904, 'Dv_D2_scale': 3.1644577338954263, 'b_bulk_scale': 0.058898073907552737, 'b_dislocation_scale': 0.3057371153020932, 'gb_scale': 0.9259153799481099, 'gd_bubble_scale': 9.996901329638613, 'gd_line_scale': 2.452300109644239, 'gd_line_alpha': 0.8998600493717887, 'coalescence_d_scale': 0.34200062832639233, 'capture_scale': 0.07126178057657488}. Best is trial 215 with value: 2.267143995123024.
[I 2026-05-03 23:28:14,202] Trial 376 finished with value: 2.31261837904352 and parameters: {'rho_high_scale': 0.728899971042026, 'f_n': 8.57038509953785e-09, 'K_d': 359978.30716696143, 'fission_rate': 4.233668525015828e+19, 'Dg_D1_scale': 0.5495951466258471, 'Dg_D3_scale': 1.3869836992949207, 'Dv_D1_scale': 0.31681714524077514, 'Dv_D2_scale': 3.5930267855622824, 'b_bulk_scale': 0.06848471046972486, 'b_dislocation_scale': 0.39826229944137354, 'gb_scale': 3.677104351908289, 'gd_bubble_scale': 8.305261932122642, 'gd_line_scale': 1.2522616126447743, 'gd_line_alpha': 0.8693261458199608, 'coalescence_d_scale': 0.2819525222493852, 'capture_scale': 0.04468690642021276}. Best is trial 215 with value: 2.267143995123024.
[I 2026-05-03 23:28:54,310] Trial 377 finished with value: 2.354590087378703 and parameters: {'rho_high_scale': 0.7280087285957448, 'f_n': 8.142787691397966e-09, 'K_d': 340411.8095163286, 'fission_rate': 4.073681308659669e+19, 'Dg_D1_scale': 0.5540562779749791, 'Dg_D3_scale': 1.5488133177453431, 'Dv_D1_scale': 0.3302985675283342, 'Dv_D2_scale': 3.7603026322359185, 'b_bulk_scale': 0.07121725181973226, 'b_dislocation_scale': 0.4741659790951483, 'gb_scale': 3.670358741501795, 'gd_bubble_scale': 8.427894848699218, 'gd_line_scale': 1.2674889705630754, 'gd_line_alpha': 0.8607212786292296, 'coalescence_d_scale': 0.27317005782811915, 'capture_scale': 0.04453319162373285}. Best is trial 215 with value: 2.267143995123024.
[I 2026-05-03 23:29:37,916] Trial 378 finished with value: 2.5553876882735325 and parameters: {'rho_high_scale': 0.8039571727430895, 'f_n': 6.808479946587433e-09, 'K_d': 354132.60957191297, 'fission_rate': 4.246199544886585e+19, 'Dg_D1_scale': 0.5127929167691982, 'Dg_D3_scale': 1.4411452656997554, 'Dv_D1_scale': 0.3145208342175846, 'Dv_D2_scale': 3.615410008835036, 'b_bulk_scale': 0.08054693776293437, 'b_dislocation_scale': 0.4081528637343349, 'gb_scale': 4.255666742418256, 'gd_bubble_scale': 9.990902403647578, 'gd_line_scale': 1.4249532282965087, 'gd_line_alpha': 0.8433857765866546, 'coalescence_d_scale': 0.29510510892075886, 'capture_scale': 0.04162702392540239}. Best is trial 215 with value: 2.267143995123024.
[I 2026-05-03 23:30:16,775] Trial 379 finished with value: 3.7162662177826893 and parameters: {'rho_high_scale': 0.7002730936951338, 'f_n': 1.041971799637957e-08, 'K_d': 348542.1865088496, 'fission_rate': 4.1626083324814746e+19, 'Dg_D1_scale': 0.47802899757849276, 'Dg_D3_scale': 1.2973226378387626, 'Dv_D1_scale': 0.3174382091937166, 'Dv_D2_scale': 3.376322968628217, 'b_bulk_scale': 0.06419833972312429, 'b_dislocation_scale': 0.5103130232067645, 'gb_scale': 3.530464384153623, 'gd_bubble_scale': 7.618977298373301, 'gd_line_scale': 1.5869554956267735, 'gd_line_alpha': 0.954891679019103, 'coalescence_d_scale': 6.4873523356516785, 'capture_scale': 0.0576159744340353}. Best is trial 215 with value: 2.267143995123024.
[I 2026-05-03 23:31:00,566] Trial 380 finished with value: 2.324974173729981 and parameters: {'rho_high_scale': 0.7359063116273901, 'f_n': 9.23062182566668e-09, 'K_d': 359792.57000853465, 'fission_rate': 4.2172041067998675e+19, 'Dg_D1_scale': 0.5528017960437277, 'Dg_D3_scale': 1.3882985640439205, 'Dv_D1_scale': 0.28460884469795894, 'Dv_D2_scale': 3.8130326996389936, 'b_bulk_scale': 0.07125394950360069, 'b_dislocation_scale': 0.4327369369425862, 'gb_scale': 3.2986588322217987, 'gd_bubble_scale': 8.547653354070226, 'gd_line_scale': 1.3171534234103173, 'gd_line_alpha': 0.9352451657230456, 'coalescence_d_scale': 0.23432934697620947, 'capture_scale': 0.038262363425167624}. Best is trial 215 with value: 2.267143995123024.
[I 2026-05-03 23:31:22,413] Trial 381 finished with value: 4.210154267580874 and parameters: {'rho_high_scale': 0.7754827776309209, 'f_n': 2.8253720039940773e-06, 'K_d': 360503.0722031814, 'fission_rate': 4.289351386864749e+19, 'Dg_D1_scale': 0.5794208732015497, 'Dg_D3_scale': 1.403111436710233, 'Dv_D1_scale': 0.29004932196482996, 'Dv_D2_scale': 3.5983547882228577, 'b_bulk_scale': 0.08334152600105252, 'b_dislocation_scale': 0.43562409979479166, 'gb_scale': 3.058522207724492, 'gd_bubble_scale': 8.215213105351191, 'gd_line_scale': 1.2851951242881368, 'gd_line_alpha': 0.9314263783652832, 'coalescence_d_scale': 0.22267074111990176, 'capture_scale': 0.05194173870390225}. Best is trial 215 with value: 2.267143995123024.
[I 2026-05-03 23:31:57,935] Trial 382 finished with value: 3.0518990999151496 and parameters: {'rho_high_scale': 0.7306438483841188, 'f_n': 6.5656217334436716e-09, 'K_d': 369214.8084918339, 'fission_rate': 4.083695503340585e+19, 'Dg_D1_scale': 0.5457977102793549, 'Dg_D3_scale': 1.371379885935369, 'Dv_D1_scale': 0.25650294507714855, 'Dv_D2_scale': 3.2653831152246133, 'b_bulk_scale': 0.06715809678047384, 'b_dislocation_scale': 0.39116774195295223, 'gb_scale': 2.5406752814242117, 'gd_bubble_scale': 0.18329206812509968, 'gd_line_scale': 1.17417144968512, 'gd_line_alpha': 0.8778804328189204, 'coalescence_d_scale': 0.24039696162173863, 'capture_scale': 0.04611094363956932}. Best is trial 215 with value: 2.267143995123024.
