[I 2026-05-03 18:47:15,057] Trial 16 finished with value: 4.878209509134288 and parameters: {'rho_high_scale': 2.529550352456335, 'f_n': 1.8047035008447702e-10, 'K_d': 407224.6290898809, 'fission_rate': 4.079265710561826e+19, 'Dg_D1_scale': 1.1108445637866244, 'Dg_D3_scale': 0.15585163271995497, 'Dv_D1_scale': 0.5080357370938148, 'Dv_D2_scale': 0.4068663892145528, 'b_bulk_scale': 1.5278504180801797, 'b_dislocation_scale': 1.9505942304263195, 'gb_scale': 0.14974584059214463, 'gd_bubble_scale': 9.555189475383196, 'gd_line_scale': 2.738009353713878, 'gd_line_alpha': 0.5170717255642598, 'coalescence_d_scale': 0.5694041245834082, 'capture_scale': 0.35171351125944106}. Best is trial 11 with value: 4.178871234447711.
[I 2026-05-03 18:47:51,704] Trial 17 finished with value: 4.499318792020146 and parameters: {'rho_high_scale': 0.722237271006115, 'f_n': 1.9736053963181814e-09, 'K_d': 419770.27562740736, 'fission_rate': 5.385564977416408e+19, 'Dg_D1_scale': 0.3466103157389195, 'Dg_D3_scale': 1.7916007693252205, 'Dv_D1_scale': 0.501284651276636, 'Dv_D2_scale': 2.4664884343507882, 'b_bulk_scale': 0.4301968064066302, 'b_dislocation_scale': 0.7134591238061017, 'gb_scale': 0.14861190250676004, 'gd_bubble_scale': 2.203940103747354, 'gd_line_scale': 9.822955511630298, 'gd_line_alpha': 0.7203549697995975, 'coalescence_d_scale': 0.5313305470873337, 'capture_scale': 1.2711692964600114}. Best is trial 11 with value: 4.178871234447711.
[I 2026-05-03 18:48:23,834] Trial 18 finished with value: 5.004240264250861 and parameters: {'rho_high_scale': 5.496147008953017, 'f_n': 4.351156735224527e-09, 'K_d': 313880.03676043055, 'fission_rate': 6.256605356576513e+19, 'Dg_D1_scale': 0.9861243528882009, 'Dg_D3_scale': 2.4824932796700843, 'Dv_D1_scale': 0.33353841426955044, 'Dv_D2_scale': 0.9380989001851903, 'b_bulk_scale': 0.16006703303314487, 'b_dislocation_scale': 0.22009092376658937, 'gb_scale': 0.08778824737456528, 'gd_bubble_scale': 5.723631854782331, 'gd_line_scale': 0.8618146231361439, 'gd_line_alpha': 0.373813938700137, 'coalescence_d_scale': 1.386165821916235, 'capture_scale': 1.892445692229882}. Best is trial 11 with value: 4.178871234447711.
[I 2026-05-03 18:49:07,071] Trial 19 finished with value: 12.422200111933794 and parameters: {'rho_high_scale': 1.3735827726758831, 'f_n': 6.276195123464178e-08, 'K_d': 363736.7380949798, 'fission_rate': 4.479002358798333e+19, 'Dg_D1_scale': 1.6196692427406374, 'Dg_D3_scale': 0.6747493687147648, 'Dv_D1_scale': 0.2002702754056093, 'Dv_D2_scale': 0.5121866535423456, 'b_bulk_scale': 0.7607091290709558, 'b_dislocation_scale': 0.5229297458889733, 'gb_scale': 0.24161571734309586, 'gd_bubble_scale': 1.9379314248161612, 'gd_line_scale': 2.205723896477011, 'gd_line_alpha': 0.547624876686005, 'coalescence_d_scale': 19.768664224579084, 'capture_scale': 0.48461031914265806}. Best is trial 11 with value: 4.178871234447711.
[I 2026-05-03 18:49:45,710] Trial 20 finished with value: 5.101190021564642 and parameters: {'rho_high_scale': 2.8570876149122744, 'f_n': 2.9555370984207454e-06, 'K_d': 437174.75427703175, 'fission_rate': 5.312770872439911e+19, 'Dg_D1_scale': 0.16891588559868878, 'Dg_D3_scale': 2.943074015243122, 'Dv_D1_scale': 0.48316980521600417, 'Dv_D2_scale': 0.3176610529929657, 'b_bulk_scale': 1.8200566740478616, 'b_dislocation_scale': 0.9874814476393993, 'gb_scale': 0.09080187788232712, 'gd_bubble_scale': 0.40156563005161044, 'gd_line_scale': 6.460687606084567, 'gd_line_alpha': 0.7166336921765528, 'coalescence_d_scale': 0.14422058859208264, 'capture_scale': 0.1328353797245601}. Best is trial 11 with value: 4.178871234447711.
[I 2026-05-03 18:50:21,315] Trial 21 finished with value: 4.666637418795377 and parameters: {'rho_high_scale': 0.7449293653983717, 'f_n': 1.6230918807594094e-09, 'K_d': 426128.41633147554, 'fission_rate': 5.48921359179134e+19, 'Dg_D1_scale': 0.35558464075326335, 'Dg_D3_scale': 1.8625471487273775, 'Dv_D1_scale': 0.5752560042805411, 'Dv_D2_scale': 3.1055603090489483, 'b_bulk_scale': 0.4509888511688315, 'b_dislocation_scale': 0.7891309312722158, 'gb_scale': 0.19740708946023625, 'gd_bubble_scale': 2.217984409191675, 'gd_line_scale': 8.344690071584749, 'gd_line_alpha': 0.6489068224906701, 'coalescence_d_scale': 0.5425461347872544, 'capture_scale': 1.2708407399327435}. Best is trial 11 with value: 4.178871234447711.
[I 2026-05-03 18:51:03,337] Trial 22 finished with value: 4.2675292055977625 and parameters: {'rho_high_scale': 0.773940250978989, 'f_n': 7.157830108421057e-10, 'K_d': 457668.64573624247, 'fission_rate': 4.533541835985382e+19, 'Dg_D1_scale': 0.4005683235016595, 'Dg_D3_scale': 1.6524403061590964, 'Dv_D1_scale': 0.4402192356743965, 'Dv_D2_scale': 2.066602387322951, 'b_bulk_scale': 0.34653016891715094, 'b_dislocation_scale': 0.4524824975988087, 'gb_scale': 0.08958320384080777, 'gd_bubble_scale': 5.620072119726234, 'gd_line_scale': 1.0396108365848138, 'gd_line_alpha': 0.7210768002016995, 'coalescence_d_scale': 0.5570314266485713, 'capture_scale': 1.7907852348114848}. Best is trial 11 with value: 4.178871234447711.
Best trial: 11. Best value: 4.17887:   5%|▍         | 23/500 [13:40<5:11:35, 39.19s/it]Best trial: 11. Best value: 4.17887:   5%|▍         | 23/500 [13:40<5:11:35, 39.19s/it]Best trial: 11. Best value: 4.17887:   5%|▍         | 24/500 [13:40<5:20:53, 40.45s/it]                                                                                       Best trial: 11. Best value: 4.17887:   5%|▍         | 24/500 [14:22<5:20:53, 40.45s/it]Best trial: 11. Best value: 4.17887:   5%|▍         | 24/500 [14:22<5:20:53, 40.45s/it]Best trial: 11. Best value: 4.17887:   5%|▌         | 25/500 [14:22<5:23:54, 40.92s/it]                                                                                       Best trial: 11. Best value: 4.17887:   5%|▌         | 25/500 [14:54<5:23:54, 40.92s/it]Best trial: 25. Best value: 3.84383:   5%|▌         | 25/500 [14:54<5:23:54, 40.92s/it]Best trial: 25. Best value: 3.84383:   5%|▌         | 26/500 [14:54<5:02:00, 38.23s/it]                                                                                       Best trial: 25. Best value: 3.84383:   5%|▌         | 26/500 [15:26<5:02:00, 38.23s/it]Best trial: 25. Best value: 3.84383:   5%|▌         | 26/500 [15:26<5:02:00, 38.23s/it]Best trial: 25. Best value: 3.84383:   5%|▌         | 27/500 [15:26<4:47:00, 36.41s/it]                                                                                       Best trial: 25. Best value: 3.84383:   5%|▌         | 27/500 [15:59<4:47:00, 36.41s/it]Best trial: 25. Best value: 3.84383:   5%|▌         | 27/500 [15:59<4:47:00, 36.41s/it]Best trial: 25. Best value: 3.84383:   6%|▌         | 28/500 [15:59<4:37:25, 35.27s/it]                                                                                       Best trial: 25. Best value: 3.84383:   6%|▌         | 28/500 [16:27<4:37:25, 35.27s/it]Best trial: 25. Best value: 3.84383:   6%|▌         | 28/500 [16:27<4:37:25, 35.27s/it]Best trial: 25. Best value: 3.84383:   6%|▌         | 29/500 [16:27<4:21:28, 33.31s/it]                                                                                       Best trial: 25. Best value: 3.84383:   6%|▌         | 29/500 [16:56<4:21:28, 33.31s/it]Best trial: 29. Best value: 3.1552:   6%|▌         | 29/500 [16:57<4:21:28, 33.31s/it] Best trial: 29. Best value: 3.1552:   6%|▌         | 30/500 [16:57<4:11:23, 32.09s/it]                                                                                      Best trial: 29. Best value: 3.1552:   6%|▌         | 30/500 [17:21<4:11:23, 32.09s/it]Best trial: 29. Best value: 3.1552:   6%|▌         | 30/500 [17:21<4:11:23, 32.09s/it]Best trial: 29. Best value: 3.1552:   6%|▌         | 31/500 [17:21<3:52:39, 29.76s/it]                                                                                      Best trial: 29. Best value: 3.1552:   6%|▌         | 31/500 [17:43<3:52:39, 29.76s/it]Best trial: 29. Best value: 3.1552:   6%|▌         | 31/500 [17:43<3:52:39, 29.76s/it]Best trial: 29. Best value: 3.1552:   6%|▋         | 32/500 [17:43<3:34:16, 27.47s/it]                                                                                      Best trial: 29. Best value: 3.1552:   6%|▋         | 32/500 [18:12<3:34:16, 27.47s/it]Best trial: 29. Best value: 3.1552:   6%|▋         | 32/500 [18:12<3:34:16, 27.47s/it]Best trial: 29. Best value: 3.1552:   7%|▋         | 33/500 [18:12<3:37:30, 27.94s/it]                                                                                      Best trial: 29. Best value: 3.1552:   7%|▋         | 33/500 [18:41<3:37:30, 27.94s/it]Best trial: 29. Best value: 3.1552:   7%|▋         | 33/500 [18:41<3:37:30, 27.94s/it]Best trial: 29. Best value: 3.1552:   7%|▋         | 34/500 [18:41<3:38:33, 28.14s/it]                                                                                      [I 2026-05-03 18:51:46,702] Trial 23 finished with value: 4.327116610478074 and parameters: {'rho_high_scale': 1.1220854809361058, 'f_n': 1.0320761539925047e-10, 'K_d': 475336.2111650704, 'fission_rate': 4.479164044550422e+19, 'Dg_D1_scale': 0.494227199679575, 'Dg_D3_scale': 3.2089941489911604, 'Dv_D1_scale': 0.2933442078564553, 'Dv_D2_scale': 2.097475071318087, 'b_bulk_scale': 0.16330950142686979, 'b_dislocation_scale': 0.4385741188836819, 'gb_scale': 0.08534983658544545, 'gd_bubble_scale': 5.576057074116669, 'gd_line_scale': 0.9394448141140167, 'gd_line_alpha': 0.9504811281135359, 'coalescence_d_scale': 0.7759524475481208, 'capture_scale': 3.827982431479534}. Best is trial 11 with value: 4.178871234447711.
[I 2026-05-03 18:52:28,712] Trial 24 finished with value: 4.3928393336245914 and parameters: {'rho_high_scale': 1.0428895808309626, 'f_n': 1.0422072810334294e-10, 'K_d': 454789.7556487248, 'fission_rate': 4.601177449851811e+19, 'Dg_D1_scale': 0.49685010798882895, 'Dg_D3_scale': 3.6734961023444734, 'Dv_D1_scale': 0.39559683526411077, 'Dv_D2_scale': 1.950588983558493, 'b_bulk_scale': 0.1477549062744023, 'b_dislocation_scale': 0.4230440576144069, 'gb_scale': 0.09927799991011801, 'gd_bubble_scale': 5.948206779938276, 'gd_line_scale': 0.8240859861573899, 'gd_line_alpha': 0.9894187485686656, 'coalescence_d_scale': 0.9258132795940114, 'capture_scale': 5.46185917721349}. Best is trial 11 with value: 4.178871234447711.
[I 2026-05-03 18:53:00,640] Trial 25 finished with value: 3.843832440884234 and parameters: {'rho_high_scale': 1.1652536013508137, 'f_n': 6.021327281732286e-10, 'K_d': 470633.19252619054, 'fission_rate': 6.314279591363017e+19, 'Dg_D1_scale': 0.7641928070946049, 'Dg_D3_scale': 2.331801822118336, 'Dv_D1_scale': 0.29975220998900504, 'Dv_D2_scale': 2.1463225518302282, 'b_bulk_scale': 0.053051312319176674, 'b_dislocation_scale': 0.2974487820447081, 'gb_scale': 0.2055988660801003, 'gd_bubble_scale': 5.932707547987113, 'gd_line_scale': 0.35269572877871463, 'gd_line_alpha': 0.8906994005367741, 'coalescence_d_scale': 1.83277898664604, 'capture_scale': 2.760312417593462}. Best is trial 25 with value: 3.843832440884234.
[I 2026-05-03 18:53:32,830] Trial 26 finished with value: 4.654169489821506 and parameters: {'rho_high_scale': 0.8585874493553028, 'f_n': 5.345875544734428e-10, 'K_d': 551142.6168016955, 'fission_rate': 6.257948663789905e+19, 'Dg_D1_scale': 0.2778741064113025, 'Dg_D3_scale': 2.418794516440506, 'Dv_D1_scale': 0.6432467605925669, 'Dv_D2_scale': 3.9985706526697595, 'b_bulk_scale': 0.03751167910061075, 'b_dislocation_scale': 0.17998294764973338, 'gb_scale': 0.2712169244666524, 'gd_bubble_scale': 7.0675075933627545, 'gd_line_scale': 0.3252872930879148, 'gd_line_alpha': 0.8798976913616545, 'coalescence_d_scale': 1.8309094969867417, 'capture_scale': 1.9691912280754782}. Best is trial 25 with value: 3.843832440884234.
[I 2026-05-03 18:54:05,433] Trial 27 finished with value: 4.693069637428284 and parameters: {'rho_high_scale': 1.2323739984263007, 'f_n': 5.83100783645606e-10, 'K_d': 536282.7631373144, 'fission_rate': 6.143780070309286e+19, 'Dg_D1_scale': 0.7326715822614218, 'Dg_D3_scale': 1.5389874557200693, 'Dv_D1_scale': 1.0119179544624486, 'Dv_D2_scale': 1.6309725056073499, 'b_bulk_scale': 0.05723532522315509, 'b_dislocation_scale': 0.14120036799382404, 'gb_scale': 4.1026578861138985, 'gd_bubble_scale': 4.8188474186912424, 'gd_line_scale': 0.21420128804781435, 'gd_line_alpha': 0.7585686871554751, 'coalescence_d_scale': 1.78616106611041, 'capture_scale': 1.6683777160742845}. Best is trial 25 with value: 3.843832440884234.
[I 2026-05-03 18:54:34,177] Trial 28 finished with value: 4.199525432687453 and parameters: {'rho_high_scale': 1.7957857948017375, 'f_n': 5.362888764423478e-09, 'K_d': 363526.1903905838, 'fission_rate': 7.106173648622261e+19, 'Dg_D1_scale': 0.8038780515935557, 'Dg_D3_scale': 0.8371882331716827, 'Dv_D1_scale': 0.4064955883981579, 'Dv_D2_scale': 2.6693813784580764, 'b_bulk_scale': 0.050665969324483216, 'b_dislocation_scale': 0.3241690613602283, 'gb_scale': 0.19811344556120192, 'gd_bubble_scale': 3.3303485619583877, 'gd_line_scale': 0.4607798827152746, 'gd_line_alpha': 0.6978096675195633, 'coalescence_d_scale': 0.2525606063133144, 'capture_scale': 4.704761649905914}. Best is trial 25 with value: 3.843832440884234.
[I 2026-05-03 18:55:03,396] Trial 29 finished with value: 3.1551993329966823 and parameters: {'rho_high_scale': 1.8968050578206803, 'f_n': 6.94878520801737e-08, 'K_d': 356797.8444966082, 'fission_rate': 7.069738982725838e+19, 'Dg_D1_scale': 1.3282675634255043, 'Dg_D3_scale': 0.6738128045722942, 'Dv_D1_scale': 0.3029563892279848, 'Dv_D2_scale': 2.722537263641522, 'b_bulk_scale': 0.06087237851053877, 'b_dislocation_scale': 0.28850115102555296, 'gb_scale': 0.2864559664163126, 'gd_bubble_scale': 1.4380489222382598, 'gd_line_scale': 0.40781687791363286, 'gd_line_alpha': 0.4751949812468143, 'coalescence_d_scale': 0.2724789071369779, 'capture_scale': 7.675016182067764}. Best is trial 29 with value: 3.1551993329966823.
[I 2026-05-03 18:55:27,761] Trial 30 finished with value: 3.6930000235274383 and parameters: {'rho_high_scale': 2.2399580128565786, 'f_n': 6.533608321161733e-08, 'K_d': 603689.5911753437, 'fission_rate': 7.0824731201916666e+19, 'Dg_D1_scale': 1.439824557840417, 'Dg_D3_scale': 0.6265441189012483, 'Dv_D1_scale': 0.2661359141315444, 'Dv_D2_scale': 1.1089871986676612, 'b_bulk_scale': 0.054551555463548396, 'b_dislocation_scale': 0.14548100623682156, 'gb_scale': 0.5851466400234547, 'gd_bubble_scale': 1.4441498701308142, 'gd_line_scale': 0.10215972184143543, 'gd_line_alpha': 0.31204544787811744, 'coalescence_d_scale': 4.5601102922753824, 'capture_scale': 7.954298580785451}. Best is trial 29 with value: 3.1551993329966823.
[I 2026-05-03 18:55:49,877] Trial 31 finished with value: 4.197678274649087 and parameters: {'rho_high_scale': 2.2116368772664075, 'f_n': 6.964081444591055e-08, 'K_d': 585092.5089239121, 'fission_rate': 7.966307719317625e+19, 'Dg_D1_scale': 1.2852446158914999, 'Dg_D3_scale': 0.6663701252575418, 'Dv_D1_scale': 0.2720864599309049, 'Dv_D2_scale': 1.039327941353951, 'b_bulk_scale': 0.05249298599882478, 'b_dislocation_scale': 0.1402742919779462, 'gb_scale': 0.527573295080556, 'gd_bubble_scale': 1.253247868871586, 'gd_line_scale': 0.0867500125801431, 'gd_line_alpha': 0.3170361588363768, 'coalescence_d_scale': 5.14814900388144, 'capture_scale': 6.650650080595628}. Best is trial 29 with value: 3.1551993329966823.
[I 2026-05-03 18:56:18,930] Trial 32 finished with value: 4.063169282789818 and parameters: {'rho_high_scale': 1.8004582244113463, 'f_n': 3.108510434069616e-08, 'K_d': 624360.7009628557, 'fission_rate': 7.099448778697266e+19, 'Dg_D1_scale': 2.041149105146613, 'Dg_D3_scale': 0.4935805363082511, 'Dv_D1_scale': 0.3307979935786072, 'Dv_D2_scale': 1.3063001891164434, 'b_bulk_scale': 0.0678564276464881, 'b_dislocation_scale': 0.06659089620022698, 'gb_scale': 0.6611697120465462, 'gd_bubble_scale': 1.6041171032759556, 'gd_line_scale': 0.23489782025754477, 'gd_line_alpha': 0.4592169447839826, 'coalescence_d_scale': 1.4901443710543831, 'capture_scale': 7.909741446048593}. Best is trial 29 with value: 3.1551993329966823.
[I 2026-05-03 18:56:47,523] Trial 33 finished with value: 3.81311139307468 and parameters: {'rho_high_scale': 1.5870866151540797, 'f_n': 3.691480669653316e-08, 'K_d': 612031.8815598387, 'fission_rate': 7.230038593900136e+19, 'Dg_D1_scale': 2.0804971306435074, 'Dg_D3_scale': 0.5108845360434718, 'Dv_D1_scale': 0.2387392938892478, 'Dv_D2_scale': 1.2612915668763032, 'b_bulk_scale': 0.06978586029125813, 'b_dislocation_scale': 0.030060228506102356, 'gb_scale': 0.700871395390355, 'gd_bubble_scale': 0.7266760297409427, 'gd_line_scale': 0.26525487028987405, 'gd_line_alpha': 0.45590157511546486, 'coalescence_d_scale': 1.406131284886624, 'capture_scale': 2.805913303799342}. Best is trial 29 with value: 3.1551993329966823.
Best trial: 29. Best value: 3.1552:   7%|▋         | 34/500 [19:09<3:38:33, 28.14s/it]Best trial: 29. Best value: 3.1552:   7%|▋         | 34/500 [19:09<3:38:33, 28.14s/it]Best trial: 29. Best value: 3.1552:   7%|▋         | 35/500 [19:09<3:37:48, 28.10s/it]                                                                                      Best trial: 29. Best value: 3.1552:   7%|▋         | 35/500 [19:36<3:37:48, 28.10s/it]Best trial: 29. Best value: 3.1552:   7%|▋         | 35/500 [19:36<3:37:48, 28.10s/it]Best trial: 29. Best value: 3.1552:   7%|▋         | 36/500 [19:36<3:36:05, 27.94s/it]                                                                                      Best trial: 29. Best value: 3.1552:   7%|▋         | 36/500 [20:04<3:36:05, 27.94s/it]Best trial: 29. Best value: 3.1552:   7%|▋         | 36/500 [20:05<3:36:05, 27.94s/it]Best trial: 29. Best value: 3.1552:   7%|▋         | 37/500 [20:05<3:36:23, 28.04s/it]                                                                                      Best trial: 29. Best value: 3.1552:   7%|▋         | 37/500 [20:32<3:36:23, 28.04s/it]Best trial: 29. Best value: 3.1552:   7%|▋         | 37/500 [20:32<3:36:23, 28.04s/it]Best trial: 29. Best value: 3.1552:   8%|▊         | 38/500 [20:32<3:34:40, 27.88s/it]                                                                                      Best trial: 29. Best value: 3.1552:   8%|▊         | 38/500 [21:00<3:34:40, 27.88s/it]Best trial: 29. Best value: 3.1552:   8%|▊         | 38/500 [21:00<3:34:40, 27.88s/it]Best trial: 29. Best value: 3.1552:   8%|▊         | 39/500 [21:00<3:34:35, 27.93s/it]                                                                                      Best trial: 29. Best value: 3.1552:   8%|▊         | 39/500 [21:28<3:34:35, 27.93s/it]Best trial: 29. Best value: 3.1552:   8%|▊         | 39/500 [21:28<3:34:35, 27.93s/it]Best trial: 29. Best value: 3.1552:   8%|▊         | 40/500 [21:28<3:33:54, 27.90s/it]                                                                                      Best trial: 29. Best value: 3.1552:   8%|▊         | 40/500 [21:55<3:33:54, 27.90s/it]Best trial: 29. Best value: 3.1552:   8%|▊         | 40/500 [21:55<3:33:54, 27.90s/it]Best trial: 29. Best value: 3.1552:   8%|▊         | 41/500 [21:55<3:31:56, 27.71s/it]                                                                                      Best trial: 29. Best value: 3.1552:   8%|▊         | 41/500 [22:24<3:31:56, 27.71s/it]Best trial: 29. Best value: 3.1552:   8%|▊         | 41/500 [22:24<3:31:56, 27.71s/it]Best trial: 29. Best value: 3.1552:   8%|▊         | 42/500 [22:24<3:33:19, 27.95s/it]                                                                                      Best trial: 29. Best value: 3.1552:   8%|▊         | 42/500 [22:51<3:33:19, 27.95s/it]Best trial: 29. Best value: 3.1552:   8%|▊         | 42/500 [22:51<3:33:19, 27.95s/it]Best trial: 29. Best value: 3.1552:   9%|▊         | 43/500 [22:51<3:32:04, 27.84s/it]                                                                                      Best trial: 29. Best value: 3.1552:   9%|▊         | 43/500 [23:18<3:32:04, 27.84s/it]Best trial: 29. Best value: 3.1552:   9%|▊         | 43/500 [23:19<3:32:04, 27.84s/it]Best trial: 29. Best value: 3.1552:   9%|▉         | 44/500 [23:19<3:30:14, 27.66s/it]                                                                                      Best trial: 29. Best value: 3.1552:   9%|▉         | 44/500 [23:47<3:30:14, 27.66s/it]Best trial: 29. Best value: 3.1552:   9%|▉         | 44/500 [23:47<3:30:14, 27.66s/it]Best trial: 29. Best value: 3.1552:   9%|▉         | 45/500 [23:47<3:31:12, 27.85s/it]                                                                                      [I 2026-05-03 18:57:15,533] Trial 34 finished with value: 4.735437878366273 and parameters: {'rho_high_scale': 1.352693431275303, 'f_n': 2.577109812387444e-08, 'K_d': 694822.2063490412, 'fission_rate': 7.1884444548533805e+19, 'Dg_D1_scale': 1.3814032980916182, 'Dg_D3_scale': 0.591043160025886, 'Dv_D1_scale': 0.2365070739512204, 'Dv_D2_scale': 0.8074419182497905, 'b_bulk_scale': 0.03934507017524389, 'b_dislocation_scale': 0.054685630397119, 'gb_scale': 2.6835121250235927, 'gd_bubble_scale': 0.5446939161530603, 'gd_line_scale': 0.1367842439500722, 'gd_line_alpha': 0.3442606680602937, 'coalescence_d_scale': 4.531807434036372, 'capture_scale': 2.7781867429244627}. Best is trial 29 with value: 3.1551993329966823.
