[I 2026-05-03 19:54:09,539] Trial 152 finished with value: 2.359107443569136 and parameters: {'rho_high_scale': 0.7417850871475412, 'f_n': 2.13135965344588e-08, 'K_d': 352229.7955486234, 'fission_rate': 6.373373272437857e+19, 'Dg_D1_scale': 0.8155496456525192, 'Dg_D3_scale': 0.7571750894809949, 'Dv_D1_scale': 0.33135628091248986, 'Dv_D2_scale': 3.423790966608128, 'b_bulk_scale': 0.04313336994112762, 'b_dislocation_scale': 0.286506628091329, 'gb_scale': 1.9329430501831095, 'gd_bubble_scale': 6.172779588201476, 'gd_line_scale': 0.9297083670701892, 'gd_line_alpha': 0.8640586280882865, 'coalescence_d_scale': 0.18409572735803148, 'capture_scale': 2.63711460650888}. Best is trial 121 with value: 2.296521578936564.
[I 2026-05-03 19:54:39,117] Trial 153 finished with value: 2.5109543183902896 and parameters: {'rho_high_scale': 0.8825148594525964, 'f_n': 2.144821799591447e-08, 'K_d': 363704.4458880221, 'fission_rate': 6.3113119157997896e+19, 'Dg_D1_scale': 0.8091922986126329, 'Dg_D3_scale': 0.7377777779726518, 'Dv_D1_scale': 0.33054788680244424, 'Dv_D2_scale': 0.27317863115528235, 'b_bulk_scale': 0.04166144286779457, 'b_dislocation_scale': 0.2834811312123436, 'gb_scale': 1.9427659626038516, 'gd_bubble_scale': 6.229222295520433, 'gd_line_scale': 0.9217102083049334, 'gd_line_alpha': 0.8617797980628737, 'coalescence_d_scale': 0.24388129505862435, 'capture_scale': 2.4898187844262956}. Best is trial 121 with value: 2.296521578936564.
[I 2026-05-03 19:55:09,462] Trial 154 finished with value: 2.4022857779936886 and parameters: {'rho_high_scale': 0.7716227192816763, 'f_n': 3.735982061396509e-08, 'K_d': 375007.74648356636, 'fission_rate': 6.172461512928108e+19, 'Dg_D1_scale': 0.761291603484456, 'Dg_D3_scale': 0.7748780466608722, 'Dv_D1_scale': 0.2491861861396595, 'Dv_D2_scale': 3.6959642522466196, 'b_bulk_scale': 0.045229121235475074, 'b_dislocation_scale': 0.250199822876669, 'gb_scale': 2.127869113474146, 'gd_bubble_scale': 4.627996395191881, 'gd_line_scale': 1.3572338814959537, 'gd_line_alpha': 0.9663486315984112, 'coalescence_d_scale': 0.19048040435455735, 'capture_scale': 2.9143777690184463}. Best is trial 121 with value: 2.296521578936564.
Best trial: 121. Best value: 2.29652:  31%|███       | 155/500 [1:17:34<2:58:32, 31.05s/it]Best trial: 121. Best value: 2.29652:  31%|███       | 155/500 [1:17:34<2:58:32, 31.05s/it]Best trial: 121. Best value: 2.29652:  31%|███       | 156/500 [1:17:34<2:58:01, 31.05s/it]                                                                                           Best trial: 121. Best value: 2.29652:  31%|███       | 156/500 [1:18:06<2:58:01, 31.05s/it]Best trial: 121. Best value: 2.29652:  31%|███       | 156/500 [1:18:07<2:58:01, 31.05s/it]Best trial: 121. Best value: 2.29652:  31%|███▏      | 157/500 [1:18:07<3:00:37, 31.60s/it]                                                                                           Best trial: 121. Best value: 2.29652:  31%|███▏      | 157/500 [1:18:38<3:00:37, 31.60s/it]Best trial: 121. Best value: 2.29652:  31%|███▏      | 157/500 [1:18:38<3:00:37, 31.60s/it]Best trial: 121. Best value: 2.29652:  32%|███▏      | 158/500 [1:18:38<3:00:13, 31.62s/it]                                                                                           Best trial: 121. Best value: 2.29652:  32%|███▏      | 158/500 [1:19:11<3:00:13, 31.62s/it]Best trial: 121. Best value: 2.29652:  32%|███▏      | 158/500 [1:19:11<3:00:13, 31.62s/it]Best trial: 121. Best value: 2.29652:  32%|███▏      | 159/500 [1:19:11<3:01:46, 31.99s/it]                                                                                           Best trial: 121. Best value: 2.29652:  32%|███▏      | 159/500 [1:19:43<3:01:46, 31.99s/it]Best trial: 121. Best value: 2.29652:  32%|███▏      | 159/500 [1:19:43<3:01:46, 31.99s/it]Best trial: 121. Best value: 2.29652:  32%|███▏      | 160/500 [1:19:43<3:01:40, 32.06s/it]                                                                                           Best trial: 121. Best value: 2.29652:  32%|███▏      | 160/500 [1:20:14<3:01:40, 32.06s/it]Best trial: 121. Best value: 2.29652:  32%|███▏      | 160/500 [1:20:15<3:01:40, 32.06s/it]Best trial: 121. Best value: 2.29652:  32%|███▏      | 161/500 [1:20:15<2:59:33, 31.78s/it]                                                                                           Best trial: 121. Best value: 2.29652:  32%|███▏      | 161/500 [1:20:45<2:59:33, 31.78s/it]Best trial: 121. Best value: 2.29652:  32%|███▏      | 161/500 [1:20:46<2:59:33, 31.78s/it]Best trial: 121. Best value: 2.29652:  32%|███▏      | 162/500 [1:20:46<2:57:48, 31.56s/it]                                                                                           Best trial: 121. Best value: 2.29652:  32%|███▏      | 162/500 [1:21:16<2:57:48, 31.56s/it]Best trial: 121. Best value: 2.29652:  32%|███▏      | 162/500 [1:21:16<2:57:48, 31.56s/it]Best trial: 121. Best value: 2.29652:  33%|███▎      | 163/500 [1:21:16<2:55:35, 31.26s/it]                                                                                           Best trial: 121. Best value: 2.29652:  33%|███▎      | 163/500 [1:21:48<2:55:35, 31.26s/it]Best trial: 121. Best value: 2.29652:  33%|███▎      | 163/500 [1:21:48<2:55:35, 31.26s/it]Best trial: 121. Best value: 2.29652:  33%|███▎      | 164/500 [1:21:48<2:56:46, 31.57s/it]                                                                                           Best trial: 121. Best value: 2.29652:  33%|███▎      | 164/500 [1:22:19<2:56:46, 31.57s/it]Best trial: 121. Best value: 2.29652:  33%|███▎      | 164/500 [1:22:19<2:56:46, 31.57s/it]Best trial: 121. Best value: 2.29652:  33%|███▎      | 165/500 [1:22:19<2:54:50, 31.31s/it]                                                                                           Best trial: 121. Best value: 2.29652:  33%|███▎      | 165/500 [1:22:50<2:54:50, 31.31s/it]Best trial: 121. Best value: 2.29652:  33%|███▎      | 165/500 [1:22:51<2:54:50, 31.31s/it]Best trial: 121. Best value: 2.29652:  33%|███▎      | 166/500 [1:22:51<2:54:31, 31.35s/it]                                                                                           [I 2026-05-03 19:55:40,514] Trial 155 finished with value: 2.465503209266648 and parameters: {'rho_high_scale': 0.8333570306398528, 'f_n': 2.69298250152713e-08, 'K_d': 392752.1131554033, 'fission_rate': 6.174039890775124e+19, 'Dg_D1_scale': 0.7364100327245058, 'Dg_D3_scale': 0.7735267841490935, 'Dv_D1_scale': 0.2700625692216423, 'Dv_D2_scale': 3.37471055011899, 'b_bulk_scale': 0.04570866124122008, 'b_dislocation_scale': 0.2492567295170477, 'gb_scale': 2.2901265229723333, 'gd_bubble_scale': 4.495157409288209, 'gd_line_scale': 1.4117712870408112, 'gd_line_alpha': 0.9649969649747167, 'coalescence_d_scale': 0.195153551818212, 'capture_scale': 2.903681347446872}. Best is trial 121 with value: 2.296521578936564.
[I 2026-05-03 19:56:13,390] Trial 156 finished with value: 2.4353105215806883 and parameters: {'rho_high_scale': 0.7805533584719703, 'f_n': 3.5287217086129106e-08, 'K_d': 377400.0491594429, 'fission_rate': 5.965732055081531e+19, 'Dg_D1_scale': 0.8225060944453281, 'Dg_D3_scale': 0.6888771070775135, 'Dv_D1_scale': 0.3119960700867435, 'Dv_D2_scale': 3.5238308868543653, 'b_bulk_scale': 0.0386082812903583, 'b_dislocation_scale': 0.20973465160424323, 'gb_scale': 2.1220206919156155, 'gd_bubble_scale': 6.839848820384898, 'gd_line_scale': 1.0528103932402713, 'gd_line_alpha': 0.9115340070795478, 'coalescence_d_scale': 0.1811553057889248, 'capture_scale': 2.3447545326077033}. Best is trial 121 with value: 2.296521578936564.
[I 2026-05-03 19:56:45,065] Trial 157 finished with value: 2.737380330824703 and parameters: {'rho_high_scale': 0.8511674493177446, 'f_n': 3.2829072567682823e-08, 'K_d': 342891.7777588695, 'fission_rate': 6.410609851529545e+19, 'Dg_D1_scale': 0.9773949008257883, 'Dg_D3_scale': 0.8102593409254857, 'Dv_D1_scale': 0.26007667038331284, 'Dv_D2_scale': 3.7220895831773326, 'b_bulk_scale': 0.043039035011471896, 'b_dislocation_scale': 0.169899073351342, 'gb_scale': 1.7760936054955032, 'gd_bubble_scale': 5.653374294387259, 'gd_line_scale': 0.9064125357946853, 'gd_line_alpha': 0.9970873547167532, 'coalescence_d_scale': 0.267926788892874, 'capture_scale': 3.237905651563749}. Best is trial 121 with value: 2.296521578936564.
[I 2026-05-03 19:57:17,901] Trial 158 finished with value: 2.6195402765972142 and parameters: {'rho_high_scale': 0.772497459958971, 'f_n': 2.5040035092723498e-08, 'K_d': 350088.75915256527, 'fission_rate': 6.018369027668126e+19, 'Dg_D1_scale': 0.8751987524863315, 'Dg_D3_scale': 0.5906419429139885, 'Dv_D1_scale': 0.2526458499554314, 'Dv_D2_scale': 3.2584985593654587, 'b_bulk_scale': 0.03794586300833265, 'b_dislocation_scale': 0.30082845482992393, 'gb_scale': 1.3496520024298297, 'gd_bubble_scale': 9.13339932482237, 'gd_line_scale': 1.352233801516208, 'gd_line_alpha': 0.9500877865141213, 'coalescence_d_scale': 0.2271507574051826, 'capture_scale': 2.7055862659697767}. Best is trial 121 with value: 2.296521578936564.
[I 2026-05-03 19:57:50,135] Trial 159 finished with value: 2.470795508224149 and parameters: {'rho_high_scale': 0.9128405163149363, 'f_n': 1.7116660396388723e-08, 'K_d': 355444.12029331905, 'fission_rate': 6.168374496081766e+19, 'Dg_D1_scale': 0.7579909063192711, 'Dg_D3_scale': 0.765842340287376, 'Dv_D1_scale': 0.29633525961106255, 'Dv_D2_scale': 3.7490788059497175, 'b_bulk_scale': 0.04665791700319704, 'b_dislocation_scale': 0.24585786153084407, 'gb_scale': 3.2118421907596444, 'gd_bubble_scale': 5.88463664629123, 'gd_line_scale': 1.0546063658626879, 'gd_line_alpha': 0.9247561738327259, 'coalescence_d_scale': 0.1714922863100531, 'capture_scale': 2.0464069838362935}. Best is trial 121 with value: 2.296521578936564.
[I 2026-05-03 19:58:21,253] Trial 160 finished with value: 2.4023700655828786 and parameters: {'rho_high_scale': 0.8021381689164487, 'f_n': 2.0545862765797088e-08, 'K_d': 409779.1257153168, 'fission_rate': 5.897249139593031e+19, 'Dg_D1_scale': 0.6776697785338958, 'Dg_D3_scale': 0.6698123705308576, 'Dv_D1_scale': 0.3311112770340204, 'Dv_D2_scale': 3.4396128816949663, 'b_bulk_scale': 0.05385497686262048, 'b_dislocation_scale': 0.27472668764106867, 'gb_scale': 1.4856959085961936, 'gd_bubble_scale': 4.609837446080672, 'gd_line_scale': 0.8908922227554699, 'gd_line_alpha': 0.8716445727138927, 'coalescence_d_scale': 0.1373476979881296, 'capture_scale': 0.10146755189382824}. Best is trial 121 with value: 2.296521578936564.
[I 2026-05-03 19:58:52,308] Trial 161 finished with value: 2.38208420614161 and parameters: {'rho_high_scale': 0.7400972830519273, 'f_n': 2.121321235366101e-08, 'K_d': 407901.78268384904, 'fission_rate': 5.926912884287316e+19, 'Dg_D1_scale': 0.7187911892120208, 'Dg_D3_scale': 0.6693445076950574, 'Dv_D1_scale': 0.32955443472681695, 'Dv_D2_scale': 3.4904762471970554, 'b_bulk_scale': 0.052931026576083264, 'b_dislocation_scale': 0.27540508491903626, 'gb_scale': 1.4562493308763902, 'gd_bubble_scale': 4.52630157167111, 'gd_line_scale': 0.883474219001974, 'gd_line_alpha': 0.875426480698091, 'coalescence_d_scale': 0.1367733973889899, 'capture_scale': 0.08678201176848999}. Best is trial 121 with value: 2.296521578936564.
[I 2026-05-03 19:59:22,653] Trial 162 finished with value: 2.437438526134824 and parameters: {'rho_high_scale': 0.7422139986972079, 'f_n': 2.1202132216073462e-08, 'K_d': 409485.1882750875, 'fission_rate': 6.02351132103372e+19, 'Dg_D1_scale': 0.6921502519507827, 'Dg_D3_scale': 0.7250374652324588, 'Dv_D1_scale': 0.2131817944322898, 'Dv_D2_scale': 3.5795657479636307, 'b_bulk_scale': 0.0475051244692222, 'b_dislocation_scale': 0.28005862211010496, 'gb_scale': 1.4827624762413318, 'gd_bubble_scale': 4.642929717311645, 'gd_line_scale': 0.8786959035810614, 'gd_line_alpha': 0.8774563824203203, 'coalescence_d_scale': 0.137649029623466, 'capture_scale': 0.0781691462992274}. Best is trial 121 with value: 2.296521578936564.
[I 2026-05-03 19:59:55,153] Trial 163 finished with value: 2.3785623069765496 and parameters: {'rho_high_scale': 0.7942536876846052, 'f_n': 2.553232559105939e-08, 'K_d': 393285.14973799395, 'fission_rate': 5.932161235087165e+19, 'Dg_D1_scale': 0.752701692160834, 'Dg_D3_scale': 0.6760723846965163, 'Dv_D1_scale': 0.33732954530258896, 'Dv_D2_scale': 3.3780466546548946, 'b_bulk_scale': 0.04094644992639937, 'b_dislocation_scale': 0.20394292747887105, 'gb_scale': 1.8179584121486512, 'gd_bubble_scale': 5.613429913972308, 'gd_line_scale': 0.703790643256502, 'gd_line_alpha': 0.8106457669263507, 'coalescence_d_scale': 0.12954178862480023, 'capture_scale': 0.1060970771044526}. Best is trial 121 with value: 2.296521578936564.
[I 2026-05-03 20:00:25,880] Trial 164 finished with value: 2.3427393237518515 and parameters: {'rho_high_scale': 0.74370498663177, 'f_n': 3.97381815379495e-08, 'K_d': 391235.0188276341, 'fission_rate': 6.2436909093854085e+19, 'Dg_D1_scale': 0.7577080807638562, 'Dg_D3_scale': 0.7958623624935963, 'Dv_D1_scale': 0.3716494287376609, 'Dv_D2_scale': 3.177380900055696, 'b_bulk_scale': 0.04115688027151688, 'b_dislocation_scale': 0.19991476007365136, 'gb_scale': 1.8311267842806804, 'gd_bubble_scale': 6.969482389095058, 'gd_line_scale': 0.6947310176982185, 'gd_line_alpha': 0.809340266743515, 'coalescence_d_scale': 0.11706655447608248, 'capture_scale': 0.048759004550212016}. Best is trial 121 with value: 2.296521578936564.
[I 2026-05-03 20:00:57,318] Trial 165 finished with value: 2.462891783267298 and parameters: {'rho_high_scale': 0.7466878358112952, 'f_n': 2.6776502321293446e-08, 'K_d': 397436.9682167003, 'fission_rate': 6.389555689629114e+19, 'Dg_D1_scale': 1.0195139872883492, 'Dg_D3_scale': 0.7098119943933505, 'Dv_D1_scale': 0.38649818761043286, 'Dv_D2_scale': 3.170137070846201, 'b_bulk_scale': 0.034184532206053116, 'b_dislocation_scale': 0.1858607949115687, 'gb_scale': 1.8847202818905235, 'gd_bubble_scale': 6.896196477493383, 'gd_line_scale': 0.7183931462292285, 'gd_line_alpha': 0.805258642842931, 'coalescence_d_scale': 0.12806051666568466, 'capture_scale': 0.062097380065169815}. Best is trial 121 with value: 2.296521578936564.
Best trial: 121. Best value: 2.29652:  33%|███▎      | 166/500 [1:23:23<2:54:31, 31.35s/it]Best trial: 121. Best value: 2.29652:  33%|███▎      | 166/500 [1:23:23<2:54:31, 31.35s/it]Best trial: 121. Best value: 2.29652:  33%|███▎      | 167/500 [1:23:23<2:56:19, 31.77s/it]                                                                                           Best trial: 121. Best value: 2.29652:  33%|███▎      | 167/500 [1:23:52<2:56:19, 31.77s/it]Best trial: 121. Best value: 2.29652:  33%|███▎      | 167/500 [1:23:52<2:56:19, 31.77s/it]Best trial: 121. Best value: 2.29652:  34%|███▎      | 168/500 [1:23:52<2:50:41, 30.85s/it]                                                                                           Best trial: 121. Best value: 2.29652:  34%|███▎      | 168/500 [1:24:26<2:50:41, 30.85s/it]Best trial: 121. Best value: 2.29652:  34%|███▎      | 168/500 [1:24:26<2:50:41, 30.85s/it]Best trial: 121. Best value: 2.29652:  34%|███▍      | 169/500 [1:24:26<2:54:51, 31.70s/it]                                                                                           Best trial: 121. Best value: 2.29652:  34%|███▍      | 169/500 [1:25:00<2:54:51, 31.70s/it]Best trial: 121. Best value: 2.29652:  34%|███▍      | 169/500 [1:25:00<2:54:51, 31.70s/it]Best trial: 121. Best value: 2.29652:  34%|███▍      | 170/500 [1:25:00<2:58:40, 32.49s/it]                                                                                           Best trial: 121. Best value: 2.29652:  34%|███▍      | 170/500 [1:25:27<2:58:40, 32.49s/it]Best trial: 121. Best value: 2.29652:  34%|███▍      | 170/500 [1:25:28<2:58:40, 32.49s/it]Best trial: 121. Best value: 2.29652:  34%|███▍      | 171/500 [1:25:28<2:50:01, 31.01s/it]                                                                                           Best trial: 121. Best value: 2.29652:  34%|███▍      | 171/500 [1:26:01<2:50:01, 31.01s/it]Best trial: 121. Best value: 2.29652:  34%|███▍      | 171/500 [1:26:01<2:50:01, 31.01s/it]Best trial: 121. Best value: 2.29652:  34%|███▍      | 172/500 [1:26:01<2:53:00, 31.65s/it]                                                                                           Best trial: 121. Best value: 2.29652:  34%|███▍      | 172/500 [1:26:33<2:53:00, 31.65s/it]Best trial: 121. Best value: 2.29652:  34%|███▍      | 172/500 [1:26:33<2:53:00, 31.65s/it]Best trial: 121. Best value: 2.29652:  35%|███▍      | 173/500 [1:26:33<2:53:00, 31.75s/it]                                                                                           Best trial: 121. Best value: 2.29652:  35%|███▍      | 173/500 [1:27:02<2:53:00, 31.75s/it]Best trial: 121. Best value: 2.29652:  35%|███▍      | 173/500 [1:27:02<2:53:00, 31.75s/it]Best trial: 121. Best value: 2.29652:  35%|███▍      | 174/500 [1:27:02<2:48:02, 30.93s/it]                                                                                           Best trial: 121. Best value: 2.29652:  35%|███▍      | 174/500 [1:27:32<2:48:02, 30.93s/it]Best trial: 121. Best value: 2.29652:  35%|███▍      | 174/500 [1:27:32<2:48:02, 30.93s/it]Best trial: 121. Best value: 2.29652:  35%|███▌      | 175/500 [1:27:32<2:46:16, 30.70s/it]                                                                                           Best trial: 121. Best value: 2.29652:  35%|███▌      | 175/500 [1:28:05<2:46:16, 30.70s/it]Best trial: 121. Best value: 2.29652:  35%|███▌      | 175/500 [1:28:05<2:46:16, 30.70s/it]Best trial: 121. Best value: 2.29652:  35%|███▌      | 176/500 [1:28:05<2:49:46, 31.44s/it]                                                                                           Best trial: 121. Best value: 2.29652:  35%|███▌      | 176/500 [1:28:31<2:49:46, 31.44s/it]Best trial: 121. Best value: 2.29652:  35%|███▌      | 176/500 [1:28:31<2:49:46, 31.44s/it]Best trial: 121. Best value: 2.29652:  35%|███▌      | 177/500 [1:28:31<2:40:49, 29.88s/it]                                                                                           [I 2026-05-03 20:01:30,062] Trial 166 finished with value: 2.3346296839606557 and parameters: {'rho_high_scale': 0.7346479826861855, 'f_n': 5.1035938056380255e-08, 'K_d': 382622.6061012284, 'fission_rate': 5.747203301687424e+19, 'Dg_D1_scale': 0.9232177822278078, 'Dg_D3_scale': 0.909680870015481, 'Dv_D1_scale': 0.37174192635081243, 'Dv_D2_scale': 3.297320448952947, 'b_bulk_scale': 0.04025323891017449, 'b_dislocation_scale': 0.21811390295237962, 'gb_scale': 1.728470556456719, 'gd_bubble_scale': 6.138137674556584, 'gd_line_scale': 0.9992160946443434, 'gd_line_alpha': 0.7736068591026724, 'coalescence_d_scale': 0.11332840156016745, 'capture_scale': 0.04228637370647491}. Best is trial 121 with value: 2.296521578936564.
[I 2026-05-03 20:01:58,754] Trial 167 finished with value: 2.767645123481154 and parameters: {'rho_high_scale': 0.8025103063370638, 'f_n': 5.3677272261124044e-08, 'K_d': 384648.2903317073, 'fission_rate': 5.748512275934231e+19, 'Dg_D1_scale': 0.8266141771422019, 'Dg_D3_scale': 0.9159308527335122, 'Dv_D1_scale': 0.3294071653989537, 'Dv_D2_scale': 2.8521691014612194, 'b_bulk_scale': 0.040942034677006744, 'b_dislocation_scale': 0.20003488981410006, 'gb_scale': 3.1382960754512905, 'gd_bubble_scale': 6.247447086282031, 'gd_line_scale': 0.6860264153072485, 'gd_line_alpha': 0.8170593129955449, 'coalescence_d_scale': 0.11618312949258237, 'capture_scale': 0.037315705818066404}. Best is trial 121 with value: 2.296521578936564.
[I 2026-05-03 20:02:32,427] Trial 168 finished with value: 2.5554460137422446 and parameters: {'rho_high_scale': 0.7331285038623208, 'f_n': 4.571161998958625e-08, 'K_d': 422631.3046081317, 'fission_rate': 5.921089309636884e+19, 'Dg_D1_scale': 0.6360977382553422, 'Dg_D3_scale': 0.8066794417795883, 'Dv_D1_scale': 0.3665581650835599, 'Dv_D2_scale': 3.176575069313542, 'b_bulk_scale': 0.03782462385945901, 'b_dislocation_scale': 0.16584376034928186, 'gb_scale': 2.277149580186222, 'gd_bubble_scale': 7.079044716979984, 'gd_line_scale': 1.113945636033559, 'gd_line_alpha': 0.7945264027670077, 'coalescence_d_scale': 0.11720326137735207, 'capture_scale': 0.04409837021907039}. Best is trial 121 with value: 2.296521578936564.
[I 2026-05-03 20:03:06,762] Trial 169 finished with value: 3.2196396516327717 and parameters: {'rho_high_scale': 0.8762531557029426, 'f_n': 1.6230003504691447e-08, 'K_d': 481986.0852851012, 'fission_rate': 5.808061549301348e+19, 'Dg_D1_scale': 0.9119385167653307, 'Dg_D3_scale': 0.587710305729967, 'Dv_D1_scale': 0.3000222843531442, 'Dv_D2_scale': 3.0590047347665945, 'b_bulk_scale': 0.03404376627621032, 'b_dislocation_scale': 0.14663370399319406, 'gb_scale': 1.7288579116144889, 'gd_bubble_scale': 5.280029220158805, 'gd_line_scale': 0.7657647486659748, 'gd_line_alpha': 0.7686000262681277, 'coalescence_d_scale': 0.15172041211782056, 'capture_scale': 0.04473510190371295}. Best is trial 121 with value: 2.296521578936564.
[I 2026-05-03 20:03:34,323] Trial 170 finished with value: 3.109582830382671 and parameters: {'rho_high_scale': 0.7879380526434748, 'f_n': 3.899733756640688e-08, 'K_d': 390837.20570869994, 'fission_rate': 5.525467600609353e+19, 'Dg_D1_scale': 1.0792675324696919, 'Dg_D3_scale': 0.9260072188956733, 'Dv_D1_scale': 0.3412751638562312, 'Dv_D2_scale': 3.316860508986112, 'b_bulk_scale': 0.04074934875435893, 'b_dislocation_scale': 0.19425868377137634, 'gb_scale': 1.8126428998288961, 'gd_bubble_scale': 0.08075526056750408, 'gd_line_scale': 0.8504790683977312, 'gd_line_alpha': 0.903204146501755, 'coalescence_d_scale': 0.10206365241176418, 'capture_scale': 0.02737405642728785}. Best is trial 121 with value: 2.296521578936564.
