[I 2026-05-04 00:45:01,027] Trial 499 finished with value: 2.5612309969655502 and parameters: {'rho_high_scale': 0.7846179254511031, 'f_n': 5.012985194179548e-09, 'K_d': 313496.0911599504, 'fission_rate': 4.513959596403397e+19, 'Dg_D1_scale': 0.34230042504143615, 'Dg_D3_scale': 0.6757583960142415, 'Dv_D1_scale': 0.3947496016550902, 'Dv_D2_scale': 3.4893623362205983, 'b_bulk_scale': 0.08623658116715333, 'b_dislocation_scale': 0.6385987350646873, 'gb_scale': 1.4685545503493984, 'gd_bubble_scale': 8.12777064067152, 'gd_line_scale': 1.8082476924646729, 'gd_line_alpha': 0.9150333591536356, 'coalescence_d_scale': 0.5839794916639917, 'capture_scale': 0.10813276241425775}. Best is trial 398 with value: 2.2424619397909873.
Fast trials written to: UN_M7_optuna_v11_rhoFT2_partition_results/capture_only/optuna_fast_trials_capture_only.csv
--------------------------------------------------------------------------------------------------------------------------------------------------------------------------
rank |     score |                        label |       f_n |       K_d |     rho_d |      Fdot |    Dv |    Dg |     b |    gb |    gd |  coal |   cap |  swD1600 |   Rd1600 |   NdDrop
--------------------------------------------------------------------------------------------------------------------------------------------------------------------------
   1 |     2.242 | capture_only_v10c_trial_00398 |   1.7e-08 |   3.5e+05 |   3.0e+13 |   4.7e+19 |     1 |     1 |     1 |   2.5 |     1 |  0.11 | 0.073 |     1.72 |     77.3 |    -0.12
   2 |     2.251 | capture_only_v10c_trial_00425 |   1.9e-08 |   3.7e+05 |   3.0e+13 |   4.8e+19 |     1 |     1 |     1 |   1.5 |     1 |  0.25 | 0.049 |     1.72 |     73.9 |   -0.108
   3 |     2.267 | capture_only_v10c_trial_00215 |   1.0e-08 |   3.6e+05 |   3.0e+13 |   4.5e+19 |     1 |     1 |     1 |   2.9 |     1 |  0.25 | 0.054 |     1.65 |     75.5 |    -0.13
   4 |     2.273 | capture_only_v10c_trial_00481 |   1.1e-08 |   3.0e+05 |   3.0e+13 |   4.5e+19 |     1 |     1 |     1 |   1.5 |     1 |  0.78 | 0.053 |     1.64 |     80.8 |    -0.18
   5 |     2.274 | capture_only_v10c_trial_00217 |   1.0e-08 |   3.6e+05 |   3.0e+13 |   4.5e+19 |     1 |     1 |     1 |   3.5 |     1 |  0.28 | 0.057 |     1.58 |     73.8 |   -0.125
   6 |     2.275 | capture_only_v10c_trial_00468 |   8.9e-09 |   3.3e+05 |   3.0e+13 |   4.8e+19 |     1 |     1 |     1 |   1.4 |     1 |  0.16 | 0.056 |     1.78 |     78.6 |   -0.112
   7 |     2.278 | capture_only_v10c_trial_00216 |   1.0e-08 |   3.6e+05 |   3.0e+13 |   4.5e+19 |     1 |     1 |     1 |     3 |     1 |  0.28 | 0.056 |     1.65 |     75.4 |   -0.135
   8 |      2.28 | capture_only_v10c_trial_00469 |   8.7e-09 |   3.4e+05 |   3.0e+13 |   4.8e+19 |     1 |     1 |     1 |   1.7 |     1 |   1.4 | 0.054 |      1.8 |     81.7 |   -0.247
   9 |     2.285 | capture_only_v10c_trial_00214 |   1.1e-08 |   3.5e+05 |   3.0e+13 |   4.5e+19 |     1 |     1 |     1 |   2.9 |     1 |  0.28 | 0.047 |     1.44 |     72.6 |   -0.132
  10 |     2.287 | capture_only_v10c_trial_00489 |   4.9e-09 |   3.0e+05 |   3.0e+13 |   4.6e+19 |     1 |     1 |     1 |   1.5 |     1 |  0.59 | 0.063 |     1.79 |     83.2 |   -0.169
  11 |     2.287 | capture_only_v10c_trial_00440 |   1.3e-08 |   3.6e+05 |   3.0e+13 |   4.8e+19 |     1 |     1 |     1 |   3.1 |     1 |  0.17 | 0.073 |     1.56 |     72.6 |    -0.11
  12 |     2.288 | capture_only_v10c_trial_00212 |   1.3e-08 |   3.7e+05 |   3.0e+13 |   4.5e+19 |     1 |     1 |     1 |   2.2 |     1 |  0.24 | 0.051 |     1.61 |     73.4 |   -0.118
  13 |     2.291 | capture_only_v10c_trial_00237 |   8.2e-09 |   3.6e+05 |   3.0e+13 |   4.5e+19 |     1 |     1 |     1 |   3.4 |     1 |   0.3 | 0.036 |     1.69 |     75.2 |   -0.123
  14 |     2.292 | capture_only_v10c_trial_00192 |   1.8e-08 |   3.5e+05 |   3.0e+13 |   6.0e+19 |     1 |     1 |     1 |   1.4 |     1 |  0.18 |  0.13 |     1.59 |     73.7 |   -0.112
  15 |     2.293 | capture_only_v10c_trial_00196 |   1.4e-08 |   3.7e+05 |   3.0e+13 |   6.1e+19 |     1 |     1 |     1 |   1.4 |     1 |  0.22 | 0.085 |     1.77 |     76.2 |   -0.132
--------------------------------------------------------------------------------------------------------------------------------------------------------------------------
Final rows written to: UN_M7_optuna_v11_rhoFT2_partition_results/capture_only/optuna_final_top_capture_only.csv
--------------------------------------------------------------------------------------------------------------------------------------------------------------------------
rank |     score |                        label |       f_n |       K_d |     rho_d |      Fdot |    Dv |    Dg |     b |    gb |    gd |  coal |   cap |  swD1600 |   Rd1600 |   NdDrop
--------------------------------------------------------------------------------------------------------------------------------------------------------------------------
   1 |     2.244 | FINAL_rank1_capture_only_capture_only_v10c_trial_00398 |   1.7e-08 |   3.5e+05 |   3.0e+13 |   4.7e+19 |     1 |     1 |     1 |   2.5 |     1 |  0.11 | 0.073 |     1.69 |     76.9 |    -0.12
   2 |     2.255 | FINAL_rank2_capture_only_capture_only_v10c_trial_00425 |   1.9e-08 |   3.7e+05 |   3.0e+13 |   4.8e+19 |     1 |     1 |     1 |   1.5 |     1 |  0.25 | 0.049 |     1.68 |     73.2 |   -0.107
   3 |     2.274 | FINAL_rank3_capture_only_capture_only_v10c_trial_00215 |   1.0e-08 |   3.6e+05 |   3.0e+13 |   4.5e+19 |     1 |     1 |     1 |   2.9 |     1 |  0.25 | 0.054 |     1.62 |     74.9 |    -0.13
   4 |     2.284 | FINAL_rank5_capture_only_capture_only_v10c_trial_00217 |   1.0e-08 |   3.6e+05 |   3.0e+13 |   4.5e+19 |     1 |     1 |     1 |   3.5 |     1 |  0.28 | 0.057 |     1.55 |     73.3 |   -0.125
   5 |     2.302 | FINAL_rank4_capture_only_capture_only_v10c_trial_00481 |   1.1e-08 |   3.0e+05 |   3.0e+13 |   4.5e+19 |     1 |     1 |     1 |   1.5 |     1 |  0.78 | 0.053 |      1.6 |     79.9 |   -0.177
--------------------------------------------------------------------------------------------------------------------------------------------------------------------------
Summary written to: UN_M7_optuna_v11_rhoFT2_partition_results/capture_only/optuna_summary_capture_only.md
[I 2026-05-04 01:42:33,942] Using an existing study with name 'UN_M7_capture_only' instead of creating a new one.
[I 2026-05-04 01:42:47,172] Trial with params {'f_n': 4.7e-08, 'K_d': 575000.0, 'rho_d': 30400000000000.0, 'fission_rate': 4.76e+19, 'Dv_scale': 0.591, 'Dg_scale': 0.552, 'D2_xe_scale': 1.0, 'b_scale': 0.233, 'gb_scale': 1.588, 'gd_scale': 0.328, 'coalescence_d_scale': 8.15, 'capture_scale': 2.97} already exists. Skipping enqueue.
[I 2026-05-04 01:42:47,182] Trial with params {'f_n': 1e-08, 'K_d': 800000.0, 'rho_d': 10000000000000.0, 'fission_rate': 7.5e+19, 'Dv_scale': 3.0, 'Dg_scale': 0.5, 'D2_xe_scale': 1.0, 'b_scale': 0.3, 'gb_scale': 1.0, 'gd_scale': 1.0, 'coalescence_d_scale': 1.0, 'capture_scale': 0.3} already exists. Skipping enqueue.
[I 2026-05-04 01:42:47,194] Trial with params {'f_n': 1e-06, 'K_d': 500000.0, 'rho_d': 30000000000000.0, 'fission_rate': 5e+19, 'Dv_scale': 1.0, 'Dg_scale': 1.0, 'D2_xe_scale': 1.0, 'b_scale': 1.0, 'gb_scale': 1.0, 'gd_scale': 1.0, 'coalescence_d_scale': 1.0, 'capture_scale': 1.0} already exists. Skipping enqueue.
[I 2026-05-04 01:42:47,207] Trial with params {'f_n': 1.3333e-08, 'K_d': 714300.0, 'rho_d': 46135000000000.0, 'fission_rate': 4.9558e+19, 'Dv_scale': 0.05, 'Dg_scale': 2.012, 'D2_xe_scale': 1.0, 'b_scale': 1.181, 'gb_scale': 0.8994, 'gd_scale': 3.641, 'coalescence_d_scale': 10.99, 'capture_scale': 3.247} already exists. Skipping enqueue.
[I 2026-05-04 01:42:47,219] Trial with params {'f_n': 2.5466e-07, 'K_d': 648460.0, 'rho_d': 35350000000000.0, 'fission_rate': 7.4799e+19, 'Dv_scale': 1.0, 'Dg_scale': 0.5333, 'D2_xe_scale': 1.0, 'b_scale': 3.066, 'gb_scale': 0.4625, 'gd_scale': 4.507, 'coalescence_d_scale': 6.997, 'capture_scale': 0.1401} already exists. Skipping enqueue.
[I 2026-05-04 01:42:47,231] Trial with params {'f_n': 1.9043e-07, 'K_d': 633680.0, 'rho_d': 48099000000000.0, 'fission_rate': 6.8347e+19, 'Dv_scale': 1.0, 'Dg_scale': 0.3921, 'D2_xe_scale': 1.0, 'b_scale': 3.704, 'gb_scale': 0.3881, 'gd_scale': 3.375, 'coalescence_d_scale': 7.005, 'capture_scale': 0.0608} already exists. Skipping enqueue.
[I 2026-05-04 01:42:47,244] Trial with params {'f_n': 1.3237e-08, 'K_d': 558920.0, 'rho_d': 24815000000000.0, 'fission_rate': 7.6621e+19, 'Dv_scale': 0.5, 'Dg_scale': 1.307, 'D2_xe_scale': 1.0, 'b_scale': 1.296, 'gb_scale': 0.4151, 'gd_scale': 1.963, 'coalescence_d_scale': 9.772, 'capture_scale': 0.1557} already exists. Skipping enqueue.
[I 2026-05-04 01:42:47,254] Trial with params {'f_n': 2.940436e-07, 'K_d': 1033314.0, 'rho_d': 12059490000000.0, 'fission_rate': 6.730293e+19, 'Dv_scale': 0.227099, 'Dg_scale': 2.163517, 'D2_xe_scale': 0.112489, 'b_scale': 0.09929, 'gb_scale': 1.445601, 'gd_scale': 4.396731, 'coalescence_d_scale': 3.880728, 'capture_scale': 0.024136} already exists. Skipping enqueue.
[I 2026-05-04 01:42:47,268] Trial with params {'f_n': 5.96478e-07, 'K_d': 1198283.0, 'rho_d': 9976134000000.0, 'fission_rate': 6.685431e+19, 'Dv_scale': 0.239374, 'Dg_scale': 2.580361, 'D2_xe_scale': 0.119911, 'b_scale': 0.115218, 'gb_scale': 1.009685, 'gd_scale': 4.737461, 'coalescence_d_scale': 2.916475, 'capture_scale': 0.027787} already exists. Skipping enqueue.
[I 2026-05-04 01:42:47,281] Trial with params {'f_n': 7.392651e-07, 'K_d': 1166892.0, 'rho_d': 11803530000000.0, 'fission_rate': 6.574543e+19, 'Dv_scale': 0.221547, 'Dg_scale': 2.170761, 'D2_xe_scale': 0.149876, 'b_scale': 0.126114, 'gb_scale': 1.30495, 'gd_scale': 5.541092, 'coalescence_d_scale': 2.726375, 'capture_scale': 0.023283} already exists. Skipping enqueue.
[I 2026-05-04 01:42:47,290] Trial with params {'rho_low_scale': 1.0, 'rho_high_scale': 1.0, 'K_d': 500000.0} already exists. Skipping enqueue.
[I 2026-05-04 01:42:47,297] Trial with params {'rho_low_scale': 1.0, 'rho_high_scale': 2.0, 'K_d': 500000.0} already exists. Skipping enqueue.
[I 2026-05-04 01:42:47,308] Trial with params {'rho_low_scale': 1.0, 'rho_high_scale': 4.0, 'K_d': 500000.0} already exists. Skipping enqueue.
########################################################################################################################
V11 rhoFT2 + gas-to-grain-face + high-T dislocation plateau settings
family                         = capture_only
rhoFT2 enabled                 = True
rho_low_scale range             = 1 -- 1
rho_high_scale range            = 0.7 -- 8
rho high-T linear ramp          = 1300 K -> 1600 K
K_d range                       = 300000 -- 800000
direct exp weights              = sw 1.1, Rd 0.85, Nd 0.85, Nd-drop 0.8
v11 partition/qgb weights       = 0.85 / 1.1
qgb max low-mid/high            = 18.0 / 22.0
Fig8 disl/bulk radius weights   = 0.35 / 0.06
Fig6 burnup weight              = 0.02
output dir                      = UN_M7_optuna_v11_rhoFT2_partition_results/capture_only
########################################################################################################################
########################################################################################################################
OPTUNA CALIBRATION: capture_only
########################################################################################################################
Output dir        = UN_M7_optuna_v11_rhoFT2_partition_results/capture_only
Trials requested  = 0
FAST dt/modes     = 12 h / 22
FINAL dt/modes    = 1 h / 40
Pressure weight   = 0.22; free factor = 3
D2 Xe             = included, with D2_xe_scale
Coalescence       = active, scale never zero
Family switches   = phi_gas:False, nuc_mass:False, capture:True
########################################################################################################################
Fast trials written to: UN_M7_optuna_v11_rhoFT2_partition_results/capture_only/optuna_fast_trials_capture_only.csv
--------------------------------------------------------------------------------------------------------------------------------------------------------------------------
rank |     score |                        label |       f_n |       K_d |     rho_d |      Fdot |    Dv |    Dg |     b |    gb |    gd |  coal |   cap |  swD1600 |   Rd1600 |   NdDrop
--------------------------------------------------------------------------------------------------------------------------------------------------------------------------
   1 |     2.242 | capture_only_v10c_trial_00398 |   1.7e-08 |   3.5e+05 |   3.0e+13 |   4.7e+19 |     1 |     1 |     1 |   2.5 |     1 |  0.11 | 0.073 |     1.72 |     77.3 |    -0.12
   2 |     2.251 | capture_only_v10c_trial_00425 |   1.9e-08 |   3.7e+05 |   3.0e+13 |   4.8e+19 |     1 |     1 |     1 |   1.5 |     1 |  0.25 | 0.049 |     1.72 |     73.9 |   -0.108
   3 |     2.267 | capture_only_v10c_trial_00215 |   1.0e-08 |   3.6e+05 |   3.0e+13 |   4.5e+19 |     1 |     1 |     1 |   2.9 |     1 |  0.25 | 0.054 |     1.65 |     75.5 |    -0.13
   4 |     2.273 | capture_only_v10c_trial_00481 |   1.1e-08 |   3.0e+05 |   3.0e+13 |   4.5e+19 |     1 |     1 |     1 |   1.5 |     1 |  0.78 | 0.053 |     1.64 |     80.8 |    -0.18
   5 |     2.274 | capture_only_v10c_trial_00217 |   1.0e-08 |   3.6e+05 |   3.0e+13 |   4.5e+19 |     1 |     1 |     1 |   3.5 |     1 |  0.28 | 0.057 |     1.58 |     73.8 |   -0.125
   6 |     2.275 | capture_only_v10c_trial_00468 |   8.9e-09 |   3.3e+05 |   3.0e+13 |   4.8e+19 |     1 |     1 |     1 |   1.4 |     1 |  0.16 | 0.056 |     1.78 |     78.6 |   -0.112
   7 |     2.278 | capture_only_v10c_trial_00216 |   1.0e-08 |   3.6e+05 |   3.0e+13 |   4.5e+19 |     1 |     1 |     1 |     3 |     1 |  0.28 | 0.056 |     1.65 |     75.4 |   -0.135
   8 |      2.28 | capture_only_v10c_trial_00469 |   8.7e-09 |   3.4e+05 |   3.0e+13 |   4.8e+19 |     1 |     1 |     1 |   1.7 |     1 |   1.4 | 0.054 |      1.8 |     81.7 |   -0.247
   9 |     2.285 | capture_only_v10c_trial_00214 |   1.1e-08 |   3.5e+05 |   3.0e+13 |   4.5e+19 |     1 |     1 |     1 |   2.9 |     1 |  0.28 | 0.047 |     1.44 |     72.6 |   -0.132
  10 |     2.287 | capture_only_v10c_trial_00489 |   4.9e-09 |   3.0e+05 |   3.0e+13 |   4.6e+19 |     1 |     1 |     1 |   1.5 |     1 |  0.59 | 0.063 |     1.79 |     83.2 |   -0.169
  11 |     2.287 | capture_only_v10c_trial_00440 |   1.3e-08 |   3.6e+05 |   3.0e+13 |   4.8e+19 |     1 |     1 |     1 |   3.1 |     1 |  0.17 | 0.073 |     1.56 |     72.6 |    -0.11
  12 |     2.288 | capture_only_v10c_trial_00212 |   1.3e-08 |   3.7e+05 |   3.0e+13 |   4.5e+19 |     1 |     1 |     1 |   2.2 |     1 |  0.24 | 0.051 |     1.61 |     73.4 |   -0.118
  13 |     2.291 | capture_only_v10c_trial_00237 |   8.2e-09 |   3.6e+05 |   3.0e+13 |   4.5e+19 |     1 |     1 |     1 |   3.4 |     1 |   0.3 | 0.036 |     1.69 |     75.2 |   -0.123
  14 |     2.292 | capture_only_v10c_trial_00192 |   1.8e-08 |   3.5e+05 |   3.0e+13 |   6.0e+19 |     1 |     1 |     1 |   1.4 |     1 |  0.18 |  0.13 |     1.59 |     73.7 |   -0.112
  15 |     2.293 | capture_only_v10c_trial_00196 |   1.4e-08 |   3.7e+05 |   3.0e+13 |   6.1e+19 |     1 |     1 |     1 |   1.4 |     1 |  0.22 | 0.085 |     1.77 |     76.2 |   -0.132
--------------------------------------------------------------------------------------------------------------------------------------------------------------------------
Final rows written to: UN_M7_optuna_v11_rhoFT2_partition_results/capture_only/optuna_final_top_capture_only.csv
--------------------------------------------------------------------------------------------------------------------------------------------------------------------------
rank |     score |                        label |       f_n |       K_d |     rho_d |      Fdot |    Dv |    Dg |     b |    gb |    gd |  coal |   cap |  swD1600 |   Rd1600 |   NdDrop
--------------------------------------------------------------------------------------------------------------------------------------------------------------------------
   1 |     2.244 | FINAL_rank1_capture_only_capture_only_v10c_trial_00398 |   1.7e-08 |   3.5e+05 |   3.0e+13 |   4.7e+19 |     1 |     1 |     1 |   2.5 |     1 |  0.11 | 0.073 |     1.69 |     76.9 |    -0.12
   2 |     2.255 | FINAL_rank2_capture_only_capture_only_v10c_trial_00425 |   1.9e-08 |   3.7e+05 |   3.0e+13 |   4.8e+19 |     1 |     1 |     1 |   1.5 |     1 |  0.25 | 0.049 |     1.68 |     73.2 |   -0.107
   3 |     2.274 | FINAL_rank3_capture_only_capture_only_v10c_trial_00215 |   1.0e-08 |   3.6e+05 |   3.0e+13 |   4.5e+19 |     1 |     1 |     1 |   2.9 |     1 |  0.25 | 0.054 |     1.62 |     74.9 |    -0.13
   4 |     2.284 | FINAL_rank5_capture_only_capture_only_v10c_trial_00217 |   1.0e-08 |   3.6e+05 |   3.0e+13 |   4.5e+19 |     1 |     1 |     1 |   3.5 |     1 |  0.28 | 0.057 |     1.55 |     73.3 |   -0.125
   5 |     2.302 | FINAL_rank4_capture_only_capture_only_v10c_trial_00481 |   1.1e-08 |   3.0e+05 |   3.0e+13 |   4.5e+19 |     1 |     1 |     1 |   1.5 |     1 |  0.78 | 0.053 |      1.6 |     79.9 |   -0.177
--------------------------------------------------------------------------------------------------------------------------------------------------------------------------

============================================================================================================================================
CAPTURE CHECK: best_capture_only_rank1_FINAL_rank1_capture_only_capture_only_v10c_trial_00398, T=1600.0, burnup=3.2
============================================================================================================================================
f_cap_step is the physical clipped per-step fraction and must be <= 1.
capture_fraction_sum can exceed 1 because it is a diagnostic sum, not a physical fraction.
--------------------------------------------------------------------------------------------------------------------------------------------
final f_cap_step       = 0.000000e+00
max f_cap_step         = 2.496251e-06
final cap_raw_step     = 0.000000e+00
capture_fraction_sum   = 7.045911e-03
capture_raw_sum        = 7.045911e-03
captured bubbles cum.  = 3.059503e+17 m^-3
============================================================================================================================================

============================================================================================================================================
DIAGNOSTICS FOR best_capture_only_rank1
============================================================================================================================================
{'label': 'best_capture_only_rank1_FINAL_rank1_capture_only_capture_only_v10c_trial_00398', 'f_n': 1.6823971094492904e-08, 'K_d': 346549.2556111795, 'rho_d': 30000000000000.0, 'fission_rate': 4.68188449257508e+19, 'Dv_scale': 1.0, 'Dg_scale': 1.0, 'b_scale': 1.0, 'gb_scale': 2.5125595261117084, 'gd_scale': 1.0, 'coalescence_d_scale': 0.11063920521434756, 'capture_scale': 0.07322729088975315, 'D2_xe_scale': 1.0, 'Dg_D1_scale': 0.5321838037187703, 'Dg_D3_scale': 1.16877957282026, 'Dv_D1_scale': 0.4707328081662056, 'Dv_D2_scale': 3.9970869765511283, 'b_bulk_scale': 0.046914956299954035, 'b_dislocation_scale': 0.3866919043854669, 'gd_bubble_scale': 9.965906099816355, 'gd_line_scale': 1.3293816711222959, 'gd_line_alpha': 0.9094076580935464, 'family': 'capture_only'}
============================================================================================================================================

============================================================================================================================================
CAPTURE CHECK: best_capture_only_rank2_FINAL_rank2_capture_only_capture_only_v10c_trial_00425, T=1600.0, burnup=3.2
============================================================================================================================================
f_cap_step is the physical clipped per-step fraction and must be <= 1.
capture_fraction_sum can exceed 1 because it is a diagnostic sum, not a physical fraction.
--------------------------------------------------------------------------------------------------------------------------------------------
final f_cap_step       = 0.000000e+00
max f_cap_step         = 1.555851e-06
final cap_raw_step     = 0.000000e+00
capture_fraction_sum   = 4.381489e-03
capture_raw_sum        = 4.381489e-03
captured bubbles cum.  = 3.469101e+17 m^-3
============================================================================================================================================

============================================================================================================================================
DIAGNOSTICS FOR best_capture_only_rank2
============================================================================================================================================
{'label': 'best_capture_only_rank2_FINAL_rank2_capture_only_capture_only_v10c_trial_00425', 'f_n': 1.9443232323786916e-08, 'K_d': 369881.1306098172, 'rho_d': 30000000000000.0, 'fission_rate': 4.758605011064434e+19, 'Dv_scale': 1.0, 'Dg_scale': 1.0, 'b_scale': 1.0, 'gb_scale': 1.4523171261808459, 'gd_scale': 1.0, 'coalescence_d_scale': 0.2524183701821038, 'capture_scale': 0.049373642499657915, 'D2_xe_scale': 1.0, 'Dg_D1_scale': 0.5759358376636896, 'Dg_D3_scale': 1.1152251973214091, 'Dv_D1_scale': 0.44313392917260536, 'Dv_D2_scale': 3.360868535175104, 'b_bulk_scale': 0.05471085781157917, 'b_dislocation_scale': 0.44001260995172514, 'gd_bubble_scale': 8.982816870099864, 'gd_line_scale': 0.9860279763889696, 'gd_line_alpha': 0.9550359072830633, 'family': 'capture_only'}
===================================================================================================