[I 2026-05-03 23:09:15,891] Trial 344 finished with value: 15.748760265765757 and parameters: {'rho_high_scale': 0.7295887746882099, 'f_n': 1.1630782900938132e-08, 'K_d': 438616.2519114902, 'fission_rate': 4.529158027166045e+19, 'Dg_D1_scale': 0.5930121742501308, 'Dg_D3_scale': 0.9114581649159064, 'Dv_D1_scale': 3.8789322357276643, 'Dv_D2_scale': 3.5924076629073194, 'b_bulk_scale': 0.2094844414576484, 'b_dislocation_scale': 0.30538314856254956, 'gb_scale': 0.7835074020671156, 'gd_bubble_scale': 7.955703838121369, 'gd_line_scale': 2.2955306817696166, 'gd_line_alpha': 0.9002966997823104, 'coalescence_d_scale': 8.75491820469277, 'capture_scale': 0.1650120378400505}. Best is trial 215 with value: 2.267143995123024.
[I 2026-05-03 23:09:46,786] Trial 345 finished with value: 3.0492084143224463 and parameters: {'rho_high_scale': 0.7918601346330608, 'f_n': 1.882030646578048e-08, 'K_d': 341183.0337318706, 'fission_rate': 4.352793208703329e+19, 'Dg_D1_scale': 0.6462035982983232, 'Dg_D3_scale': 0.38008799020603934, 'Dv_D1_scale': 0.38095017237922346, 'Dv_D2_scale': 3.812793948127754, 'b_bulk_scale': 0.07561366318619071, 'b_dislocation_scale': 0.46647464083421075, 'gb_scale': 3.6323582049994827, 'gd_bubble_scale': 6.170789532622067, 'gd_line_scale': 1.0886648829231824, 'gd_line_alpha': 0.96758005680481, 'coalescence_d_scale': 0.32396148429209093, 'capture_scale': 0.059723366369393176}. Best is trial 215 with value: 2.267143995123024.
[I 2026-05-03 23:10:21,200] Trial 346 finished with value: 2.817434395008064 and parameters: {'rho_high_scale': 0.7004468446654186, 'f_n': 8.652274214622095e-09, 'K_d': 362293.689415735, 'fission_rate': 4.494728249682481e+19, 'Dg_D1_scale': 0.39833892445824715, 'Dg_D3_scale': 1.1621975616151548, 'Dv_D1_scale': 0.5883747565683854, 'Dv_D2_scale': 3.3718495185298325, 'b_bulk_scale': 0.06261147788362312, 'b_dislocation_scale': 0.35119940153433027, 'gb_scale': 2.447499218450414, 'gd_bubble_scale': 0.26745664668453434, 'gd_line_scale': 1.4325987188739597, 'gd_line_alpha': 0.9441533997320781, 'coalescence_d_scale': 0.24671524842272155, 'capture_scale': 0.042101559870839134}. Best is trial 215 with value: 2.267143995123024.
[I 2026-05-03 23:10:51,262] Trial 347 finished with value: 2.8278028606488785 and parameters: {'rho_high_scale': 0.7547475564480092, 'f_n': 1.1175238397603021e-07, 'K_d': 331134.416969001, 'fission_rate': 4.664723170829221e+19, 'Dg_D1_scale': 0.46463549303428636, 'Dg_D3_scale': 0.7874501970501944, 'Dv_D1_scale': 1.1428283244571753, 'Dv_D2_scale': 3.0481843024583872, 'b_bulk_scale': 0.05362854476905706, 'b_dislocation_scale': 0.4267221524125188, 'gb_scale': 2.906295961976364, 'gd_bubble_scale': 9.968750915618736, 'gd_line_scale': 1.7162679596693946, 'gd_line_alpha': 0.9164990714494937, 'coalescence_d_scale': 0.2008148372170437, 'capture_scale': 0.0697004286878288}. Best is trial 215 with value: 2.267143995123024.
[I 2026-05-03 23:11:18,944] Trial 348 finished with value: 5.125232713472401 and parameters: {'rho_high_scale': 5.704218095472206, 'f_n': 2.5368225619819818e-08, 'K_d': 349285.64916342247, 'fission_rate': 6.66760250614634e+19, 'Dg_D1_scale': 0.5293797780929335, 'Dg_D3_scale': 0.7261718160646706, 'Dv_D1_scale': 0.4921642466593198, 'Dv_D2_scale': 3.992899155022752, 'b_bulk_scale': 0.06903010601902636, 'b_dislocation_scale': 0.5795067256206549, 'gb_scale': 1.1936845591658887, 'gd_bubble_scale': 7.076752953559903, 'gd_line_scale': 1.3280366662952292, 'gd_line_alpha': 0.979466934898471, 'coalescence_d_scale': 0.16494220151796418, 'capture_scale': 0.05003352388563087}. Best is trial 215 with value: 2.267143995123024.
[I 2026-05-03 23:12:00,672] Trial 349 finished with value: 2.710744788874368 and parameters: {'rho_high_scale': 0.8365605648020762, 'f_n': 1.5303509837478798e-08, 'K_d': 366640.885891165, 'fission_rate': 4.820674388374733e+19, 'Dg_D1_scale': 0.5790505140101503, 'Dg_D3_scale': 0.8547175359715288, 'Dv_D1_scale': 0.4331751351640641, 'Dv_D2_scale': 3.5863829451299587, 'b_bulk_scale': 0.0839864708752446, 'b_dislocation_scale': 0.3994525789023353, 'gb_scale': 3.3196153883465644, 'gd_bubble_scale': 8.814655306347893, 'gd_line_scale': 2.056362299050232, 'gd_line_alpha': 0.9451346909539261, 'coalescence_d_scale': 0.2749217200497798, 'capture_scale': 0.2646741917597012}. Best is trial 215 with value: 2.267143995123024.
[I 2026-05-03 23:12:30,568] Trial 350 finished with value: 2.9288128753893723 and parameters: {'rho_high_scale': 0.7321741525129646, 'f_n': 9.959620256482977e-09, 'K_d': 357435.0418888144, 'fission_rate': 4.3885223006479516e+19, 'Dg_D1_scale': 0.5085650677962061, 'Dg_D3_scale': 1.3354886698629573, 'Dv_D1_scale': 0.3577415608807658, 'Dv_D2_scale': 3.7580769153392506, 'b_bulk_scale': 0.06675942843965066, 'b_dislocation_scale': 0.4888041780593963, 'gb_scale': 4.827061315740704, 'gd_bubble_scale': 8.146421194322958, 'gd_line_scale': 1.0070263117216365, 'gd_line_alpha': 0.8715948588466625, 'coalescence_d_scale': 0.559666231393498, 'capture_scale': 0.18728110558901676}. Best is trial 215 with value: 2.267143995123024.
[I 2026-05-03 23:13:17,598] Trial 351 finished with value: 3.1995006741705168 and parameters: {'rho_high_scale': 0.774367599673739, 'f_n': 3.288111218175133e-08, 'K_d': 372101.95227174705, 'fission_rate': 4.2169168482581316e+19, 'Dg_D1_scale': 0.6253549043857165, 'Dg_D3_scale': 0.980021525173198, 'Dv_D1_scale': 0.5364202952995086, 'Dv_D2_scale': 3.3231691921213895, 'b_bulk_scale': 0.09823043185108546, 'b_dislocation_scale': 0.37129693315102547, 'gb_scale': 0.8862669939736764, 'gd_bubble_scale': 7.234655201120553, 'gd_line_scale': 1.1905380995807722, 'gd_line_alpha': 0.9640304455704853, 'coalescence_d_scale': 0.1481552314302122, 'capture_scale': 0.4023732074791413}. Best is trial 215 with value: 2.267143995123024.
[I 2026-05-03 23:13:47,635] Trial 352 finished with value: 3.1375092932017346 and parameters: {'rho_high_scale': 0.8891207417241406, 'f_n': 5.357817797529189e-08, 'K_d': 389105.089289312, 'fission_rate': 4.592081502357815e+19, 'Dg_D1_scale': 0.7223804177848603, 'Dg_D3_scale': 1.0647373766370674, 'Dv_D1_scale': 0.4128747570861965, 'Dv_D2_scale': 3.5964592840836533, 'b_bulk_scale': 0.05974182524816438, 'b_dislocation_scale': 0.44628057971390556, 'gb_scale': 2.688015103646109, 'gd_bubble_scale': 0.988374027979371, 'gd_line_scale': 1.8288207023008751, 'gd_line_alpha': 0.9982365742210849, 'coalescence_d_scale': 0.17898603039731986, 'capture_scale': 0.021410962403996363}. Best is trial 215 with value: 2.267143995123024.
Best trial: 215. Best value: 2.26714:  71%|███████   | 353/500 [4:36:13<1:26:16, 35.21s/it]Best trial: 215. Best value: 2.26714:  71%|███████   | 353/500 [4:36:14<1:26:16, 35.21s/it]Best trial: 215. Best value: 2.26714:  71%|███████   | 354/500 [4:36:14<1:23:50, 34.46s/it]                                                                                           Best trial: 215. Best value: 2.26714:  71%|███████   | 354/500 [4:36:41<1:23:50, 34.46s/it]Best trial: 215. Best value: 2.26714:  71%|███████   | 354/500 [4:36:41<1:23:50, 34.46s/it]Best trial: 215. Best value: 2.26714:  71%|███████   | 355/500 [4:36:41<1:18:22, 32.43s/it]                                                                                           Best trial: 215. Best value: 2.26714:  71%|███████   | 355/500 [4:37:18<1:18:22, 32.43s/it]Best trial: 215. Best value: 2.26714:  71%|███████   | 355/500 [4:37:19<1:18:22, 32.43s/it]Best trial: 215. Best value: 2.26714:  71%|███████   | 356/500 [4:37:19<1:21:19, 33.89s/it]                                                                                           Best trial: 215. Best value: 2.26714:  71%|███████   | 356/500 [4:37:56<1:21:19, 33.89s/it]Best trial: 215. Best value: 2.26714:  71%|███████   | 356/500 [4:37:56<1:21:19, 33.89s/it]Best trial: 215. Best value: 2.26714:  71%|███████▏  | 357/500 [4:37:56<1:23:15, 34.94s/it]                                                                                           Best trial: 215. Best value: 2.26714:  71%|███████▏  | 357/500 [4:38:23<1:23:15, 34.94s/it]Best trial: 215. Best value: 2.26714:  71%|███████▏  | 357/500 [4:38:24<1:23:15, 34.94s/it]Best trial: 215. Best value: 2.26714:  72%|███████▏  | 358/500 [4:38:24<1:17:26, 32.72s/it]                                                                                           Best trial: 215. Best value: 2.26714:  72%|███████▏  | 358/500 [4:38:52<1:17:26, 32.72s/it]Best trial: 215. Best value: 2.26714:  72%|███████▏  | 358/500 [4:38:53<1:17:26, 32.72s/it]Best trial: 215. Best value: 2.26714:  72%|███████▏  | 359/500 [4:38:53<1:14:15, 31.60s/it]                                                                                           Best trial: 215. Best value: 2.26714:  72%|███████▏  | 359/500 [4:39:23<1:14:15, 31.60s/it]Best trial: 215. Best value: 2.26714:  72%|███████▏  | 359/500 [4:39:23<1:14:15, 31.60s/it]Best trial: 215. Best value: 2.26714:  72%|███████▏  | 360/500 [4:39:23<1:12:55, 31.26s/it]                                                                                           Best trial: 215. Best value: 2.26714:  72%|███████▏  | 360/500 [4:40:06<1:12:55, 31.26s/it]Best trial: 215. Best value: 2.26714:  72%|███████▏  | 360/500 [4:40:08<1:12:55, 31.26s/it]Best trial: 215. Best value: 2.26714:  72%|███████▏  | 361/500 [4:40:08<1:22:10, 35.47s/it]                                                                                           Best trial: 215. Best value: 2.26714:  72%|███████▏  | 361/500 [4:40:43<1:22:10, 35.47s/it]Best trial: 215. Best value: 2.26714:  72%|███████▏  | 361/500 [4:40:43<1:22:10, 35.47s/it]Best trial: 215. Best value: 2.26714:  72%|███████▏  | 362/500 [4:40:43<1:21:14, 35.33s/it]                                                                                           Best trial: 215. Best value: 2.26714:  72%|███████▏  | 362/500 [4:41:21<1:21:14, 35.33s/it]Best trial: 215. Best value: 2.26714:  72%|███████▏  | 362/500 [4:41:22<1:21:14, 35.33s/it]Best trial: 215. Best value: 2.26714:  73%|███████▎  | 363/500 [4:41:22<1:22:44, 36.24s/it]                                                                                           Best trial: 215. Best value: 2.26714:  73%|███████▎  | 363/500 [4:42:03<1:22:44, 36.24s/it]Best trial: 215. Best value: 2.26714:  73%|███████▎  | 363/500 [4:42:04<1:22:44, 36.24s/it]Best trial: 215. Best value: 2.26714:  73%|███████▎  | 364/500 [4:42:04<1:26:04, 37.97s/it]                                                                                           [I 2026-05-03 23:14:20,273] Trial 353 finished with value: 2.6597966958107966 and parameters: {'rho_high_scale': 0.735326861659265, 'f_n': 6.216741502989071e-09, 'K_d': 344888.60953890975, 'fission_rate': 6.229319100208495e+19, 'Dg_D1_scale': 0.5527378287333586, 'Dg_D3_scale': 1.408360350044413, 'Dv_D1_scale': 0.4601239872929595, 'Dv_D2_scale': 0.6325000561397092, 'b_bulk_scale': 0.07507917655136541, 'b_dislocation_scale': 0.3240610690848199, 'gb_scale': 3.779249708571014, 'gd_bubble_scale': 9.027732751441595, 'gd_line_scale': 1.5771942331290312, 'gd_line_alpha': 0.9262278975903115, 'coalescence_d_scale': 0.11168180159079959, 'capture_scale': 0.025701545556162317}. Best is trial 215 with value: 2.267143995123024.
[I 2026-05-03 23:14:47,948] Trial 354 finished with value: 2.545253678459734 and parameters: {'rho_high_scale': 0.7945822085063988, 'f_n': 1.2805590230927624e-08, 'K_d': 378988.7395778874, 'fission_rate': 6.075010565986202e+19, 'Dg_D1_scale': 0.25712906162097093, 'Dg_D3_scale': 0.9096188955429845, 'Dv_D1_scale': 0.3877530702200367, 'Dv_D2_scale': 3.757617095296538, 'b_bulk_scale': 0.052019310514412935, 'b_dislocation_scale': 0.5255761170746583, 'gb_scale': 3.001557125667974, 'gd_bubble_scale': 5.776078351835382, 'gd_line_scale': 2.4572551887228826, 'gd_line_alpha': 0.8925892493118184, 'coalescence_d_scale': 0.3889382807544326, 'capture_scale': 0.03470619662336105}. Best is trial 215 with value: 2.267143995123024.
[I 2026-05-03 23:15:25,251] Trial 355 finished with value: 2.5325943749369157 and parameters: {'rho_high_scale': 0.700399796861458, 'f_n': 8.302453346140653e-09, 'K_d': 361015.3146359452, 'fission_rate': 4.307732709165052e+19, 'Dg_D1_scale': 0.4566983157361777, 'Dg_D3_scale': 1.23407029730489, 'Dv_D1_scale': 0.4399850938412121, 'Dv_D2_scale': 3.182542450818892, 'b_bulk_scale': 0.06263058447973892, 'b_dislocation_scale': 0.6780081215538415, 'gb_scale': 1.4320573937088164, 'gd_bubble_scale': 8.171345260423669, 'gd_line_scale': 0.8710981344572356, 'gd_line_alpha': 0.9527842558748874, 'coalescence_d_scale': 0.23097585046302851, 'capture_scale': 0.01206426358944922}. Best is trial 215 with value: 2.267143995123024.
[I 2026-05-03 23:16:02,660] Trial 356 finished with value: 2.4580372260407843 and parameters: {'rho_high_scale': 0.7583517596742513, 'f_n': 1.5996557249796857e-08, 'K_d': 350031.157513359, 'fission_rate': 4.897869598026295e+19, 'Dg_D1_scale': 0.4913470511256931, 'Dg_D3_scale': 0.8444212994525085, 'Dv_D1_scale': 0.5052346076442282, 'Dv_D2_scale': 0.35615352037062115, 'b_bulk_scale': 0.04750158576632835, 'b_dislocation_scale': 0.3871784211078291, 'gb_scale': 1.0605919042219991, 'gd_bubble_scale': 6.406793424862691, 'gd_line_scale': 1.365040286776087, 'gd_line_alpha': 0.9808632809306864, 'coalescence_d_scale': 0.3213977902380357, 'capture_scale': 0.13594302669933325}. Best is trial 215 with value: 2.267143995123024.
[I 2026-05-03 23:16:30,173] Trial 357 finished with value: 3.2465134334916765 and parameters: {'rho_high_scale': 0.7318286411201015, 'f_n': 4.260103064388344e-08, 'K_d': 366086.78916064434, 'fission_rate': 4.455675831172107e+19, 'Dg_D1_scale': 0.5732946642832908, 'Dg_D3_scale': 0.7692298052578959, 'Dv_D1_scale': 0.3259283071446015, 'Dv_D2_scale': 3.989200494154956, 'b_bulk_scale': 0.07855884132746399, 'b_dislocation_scale': 0.44104571899384726, 'gb_scale': 4.061969544606549, 'gd_bubble_scale': 7.511223172010817, 'gd_line_scale': 1.0734336360843595, 'gd_line_alpha': 0.01589087967261521, 'coalescence_d_scale': 0.2552153944077625, 'capture_scale': 0.044000639239005095}. Best is trial 215 with value: 2.267143995123024.
[I 2026-05-03 23:16:59,210] Trial 358 finished with value: 3.001380009914371 and parameters: {'rho_high_scale': 0.8079959578602273, 'f_n': 1.0605544413914878e-08, 'K_d': 356759.60710045113, 'fission_rate': 4.551103032517204e+19, 'Dg_D1_scale': 0.6819681358626518, 'Dg_D3_scale': 0.6414457744127003, 'Dv_D1_scale': 0.40665034598757877, 'Dv_D2_scale': 3.46938373759374, 'b_bulk_scale': 0.07155714065785841, 'b_dislocation_scale': 0.8887999269178176, 'gb_scale': 2.389694602686831, 'gd_bubble_scale': 9.003685527628633, 'gd_line_scale': 1.2435380338795614, 'gd_line_alpha': 0.9084684838770121, 'coalescence_d_scale': 0.29074404975334517, 'capture_scale': 0.030545752935496755}. Best is trial 215 with value: 2.267143995123024.
[I 2026-05-03 23:17:29,607] Trial 359 finished with value: 2.9635175715953106 and parameters: {'rho_high_scale': 0.7594461447827797, 'f_n': 7.538245004023926e-08, 'K_d': 506118.7084390146, 'fission_rate': 4.689314640856208e+19, 'Dg_D1_scale': 0.4288356578179973, 'Dg_D3_scale': 0.9981645747342343, 'Dv_D1_scale': 0.4717866095490542, 'Dv_D2_scale': 3.621885616181284, 'b_bulk_scale': 0.05945213090072578, 'b_dislocation_scale': 0.33848906279851154, 'gb_scale': 3.4565023846850784, 'gd_bubble_scale': 6.794583646314854, 'gd_line_scale': 1.5053541053938269, 'gd_line_alpha': 0.9317303922204249, 'coalescence_d_scale': 0.35676673471158343, 'capture_scale': 0.054396408332318597}. Best is trial 215 with value: 2.267143995123024.
[I 2026-05-03 23:18:13,189] Trial 360 finished with value: 4.3876497436776365 and parameters: {'rho_high_scale': 0.7008376880896297, 'f_n': 1.956068504042047e-08, 'K_d': 336010.3190335159, 'fission_rate': 4.377925061060571e+19, 'Dg_D1_scale': 0.5340196909424316, 'Dg_D3_scale': 1.147179283933844, 'Dv_D1_scale': 0.36440874140919627, 'Dv_D2_scale': 3.3651159380656694, 'b_bulk_scale': 0.6639722973976829, 'b_dislocation_scale': 0.49112789635409243, 'gb_scale': 3.143034073752496, 'gd_bubble_scale': 9.996628872704488, 'gd_line_scale': 6.664002227122554, 'gd_line_alpha': 0.959778689324315, 'coalescence_d_scale': 0.2107632445326213, 'capture_scale': 0.06448410147198824}. Best is trial 215 with value: 2.267143995123024.
[I 2026-05-03 23:18:49,930] Trial 361 finished with value: 2.6027422781267004 and parameters: {'rho_high_scale': 0.7262062105806151, 'f_n': 1.2667078602349948e-08, 'K_d': 372797.7942729007, 'fission_rate': 5.2243766819502105e+19, 'Dg_D1_scale': 0.6033143225920045, 'Dg_D3_scale': 0.9474674492980043, 'Dv_D1_scale': 0.43335027660634395, 'Dv_D2_scale': 3.106661581517, 'b_bulk_scale': 0.0848553013714764, 'b_dislocation_scale': 0.29859675284021014, 'gb_scale': 5.4757444786865355, 'gd_bubble_scale': 0.12515163177778119, 'gd_line_scale': 2.8129957398727616, 'gd_line_alpha': 0.8636019981966666, 'coalescence_d_scale': 0.1367430883301331, 'capture_scale': 0.016268476299494242}. Best is trial 215 with value: 2.267143995123024.
[I 2026-05-03 23:19:28,295] Trial 362 finished with value: 2.4269686438357896 and parameters: {'rho_high_scale': 0.7690616256926011, 'f_n': 8.970819801620545e-09, 'K_d': 635983.8720832629, 'fission_rate': 4.4642148548250984e+19, 'Dg_D1_scale': 0.47806978521728827, 'Dg_D3_scale': 1.0707429692223374, 'Dv_D1_scale': 0.45976991283003604, 'Dv_D2_scale': 0.5350602410376681, 'b_bulk_scale': 0.054536313790709105, 'b_dislocation_scale': 0.5752352949944826, 'gb_scale': 1.2788955768406567, 'gd_bubble_scale': 8.453807914619558, 'gd_line_scale': 0.9670859184931601, 'gd_line_alpha': 0.9817730996285602, 'coalescence_d_scale': 0.10172993842332693, 'capture_scale': 0.03809625010460233}. Best is trial 215 with value: 2.267143995123024.
[I 2026-05-03 23:20:10,313] Trial 363 finished with value: 2.4572029939986932 and parameters: {'rho_high_scale': 0.7003291832207799, 'f_n': 1.5110372975694837e-08, 'K_d': 353899.52101719857, 'fission_rate': 4.297357826359018e+19, 'Dg_D1_scale': 0.6442030093162254, 'Dg_D3_scale': 0.7113502979684391, 'Dv_D1_scale': 0.3959473943678675, 'Dv_D2_scale': 3.7885356280271734, 'b_bulk_scale': 0.06777452526242016, 'b_dislocation_scale': 0.3983604910529304, 'gb_scale': 2.799175926621113, 'gd_bubble_scale': 7.835999035193331, 'gd_line_scale': 2.1411535109282664, 'gd_line_alpha': 0.8940890120050377, 'coalescence_d_scale': 0.3068643091905489, 'capture_scale': 0.048388154792349314}. Best is trial 215 with value: 2.267143995123024.
