Best trial: 215. Best value: 2.26714:  57%|█████▋    | 287/500 [2:36:12<2:04:37, 35.11s/it]Best trial: 215. Best value: 2.26714:  57%|█████▋    | 287/500 [2:36:12<2:04:37, 35.11s/it]Best trial: 215. Best value: 2.26714:  58%|█████▊    | 288/500 [2:36:12<2:08:48, 36.45s/it]                                                                                           Best trial: 215. Best value: 2.26714:  58%|█████▊    | 288/500 [2:36:56<2:08:48, 36.45s/it]Best trial: 215. Best value: 2.26714:  58%|█████▊    | 288/500 [2:36:56<2:08:48, 36.45s/it]Best trial: 215. Best value: 2.26714:  58%|█████▊    | 289/500 [2:36:56<2:16:18, 38.76s/it]                                                                                           Best trial: 215. Best value: 2.26714:  58%|█████▊    | 289/500 [2:37:28<2:16:18, 38.76s/it]Best trial: 215. Best value: 2.26714:  58%|█████▊    | 289/500 [2:37:28<2:16:18, 38.76s/it]Best trial: 215. Best value: 2.26714:  58%|█████▊    | 290/500 [2:37:28<2:08:11, 36.62s/it]                                                                                           Best trial: 215. Best value: 2.26714:  58%|█████▊    | 290/500 [2:38:09<2:08:11, 36.62s/it]Best trial: 215. Best value: 2.26714:  58%|█████▊    | 290/500 [2:38:10<2:08:11, 36.62s/it]Best trial: 215. Best value: 2.26714:  58%|█████▊    | 291/500 [2:38:10<2:12:52, 38.15s/it]                                                                                           Best trial: 215. Best value: 2.26714:  58%|█████▊    | 291/500 [2:38:44<2:12:52, 38.15s/it]Best trial: 215. Best value: 2.26714:  58%|█████▊    | 291/500 [2:38:45<2:12:52, 38.15s/it]Best trial: 215. Best value: 2.26714:  58%|█████▊    | 292/500 [2:38:45<2:08:55, 37.19s/it]                                                                                           Best trial: 215. Best value: 2.26714:  58%|█████▊    | 292/500 [2:39:27<2:08:55, 37.19s/it]Best trial: 215. Best value: 2.26714:  58%|█████▊    | 292/500 [2:39:27<2:08:55, 37.19s/it]Best trial: 215. Best value: 2.26714:  59%|█████▊    | 293/500 [2:39:27<2:13:43, 38.76s/it]                                                                                           Best trial: 215. Best value: 2.26714:  59%|█████▊    | 293/500 [2:40:00<2:13:43, 38.76s/it]Best trial: 215. Best value: 2.26714:  59%|█████▊    | 293/500 [2:40:00<2:13:43, 38.76s/it]Best trial: 215. Best value: 2.26714:  59%|█████▉    | 294/500 [2:40:00<2:07:34, 37.16s/it]                                                                                           Best trial: 215. Best value: 2.26714:  59%|█████▉    | 294/500 [2:40:41<2:07:34, 37.16s/it]Best trial: 215. Best value: 2.26714:  59%|█████▉    | 294/500 [2:40:41<2:07:34, 37.16s/it]Best trial: 215. Best value: 2.26714:  59%|█████▉    | 295/500 [2:40:41<2:10:25, 38.17s/it]                                                                                           Best trial: 215. Best value: 2.26714:  59%|█████▉    | 295/500 [2:41:28<2:10:25, 38.17s/it]Best trial: 215. Best value: 2.26714:  59%|█████▉    | 295/500 [2:41:28<2:10:25, 38.17s/it]Best trial: 215. Best value: 2.26714:  59%|█████▉    | 296/500 [2:41:28<2:18:53, 40.85s/it]                                                                                           Best trial: 215. Best value: 2.26714:  59%|█████▉    | 296/500 [2:41:55<2:18:53, 40.85s/it]Best trial: 215. Best value: 2.26714:  59%|█████▉    | 296/500 [2:41:56<2:18:53, 40.85s/it]Best trial: 215. Best value: 2.26714:  59%|█████▉    | 297/500 [2:41:56<2:04:34, 36.82s/it]                                                                                           Best trial: 215. Best value: 2.26714:  59%|█████▉    | 297/500 [2:42:30<2:04:34, 36.82s/it]Best trial: 215. Best value: 2.26714:  59%|█████▉    | 297/500 [2:42:30<2:04:34, 36.82s/it]Best trial: 215. Best value: 2.26714:  60%|█████▉    | 298/500 [2:42:30<2:02:05, 36.26s/it]                                                                                           [I 2026-05-03 21:14:18,829] Trial 287 finished with value: 3.699926225394605 and parameters: {'rho_high_scale': 0.7291404163147258, 'f_n': 9.07383936801475e-09, 'K_d': 345482.4563009091, 'fission_rate': 4.916646037767473e+19, 'Dg_D1_scale': 0.5120227323843329, 'Dg_D3_scale': 1.0609092365740875, 'Dv_D1_scale': 0.4358247548565097, 'Dv_D2_scale': 3.2749593661263496, 'b_bulk_scale': 0.06977905024287129, 'b_dislocation_scale': 0.39070506247448844, 'gb_scale': 0.830484826801149, 'gd_bubble_scale': 9.096930138581966, 'gd_line_scale': 1.7598132088627152, 'gd_line_alpha': 0.9580573913585452, 'coalescence_d_scale': 0.28685802820207784, 'capture_scale': 0.05354924429893104}. Best is trial 215 with value: 2.267143995123024.
[I 2026-05-03 21:15:02,948] Trial 288 finished with value: 18.98613657124817 and parameters: {'rho_high_scale': 0.7006950127303727, 'f_n': 6.36269962386286e-09, 'K_d': 373041.12406058464, 'fission_rate': 4.3272871697876345e+19, 'Dg_D1_scale': 0.6316673834698792, 'Dg_D3_scale': 0.9172448601266986, 'Dv_D1_scale': 2.1026200237682673, 'Dv_D2_scale': 3.9986593098545056, 'b_bulk_scale': 0.06194450056265138, 'b_dislocation_scale': 0.3510540869541247, 'gb_scale': 1.1216783679236138, 'gd_bubble_scale': 8.071743712729248, 'gd_line_scale': 1.3549108808339205, 'gd_line_alpha': 0.9994791054746294, 'coalescence_d_scale': 15.561868196158876, 'capture_scale': 0.016254384647465033}. Best is trial 215 with value: 2.267143995123024.
[I 2026-05-03 21:15:34,597] Trial 289 finished with value: 2.74876902281759 and parameters: {'rho_high_scale': 0.7987030374276998, 'f_n': 1.1049286669575381e-08, 'K_d': 334748.564144618, 'fission_rate': 4.476188281575767e+19, 'Dg_D1_scale': 0.5604164707774685, 'Dg_D3_scale': 1.2235491072901874, 'Dv_D1_scale': 0.46851781900155226, 'Dv_D2_scale': 3.604353074379876, 'b_bulk_scale': 0.05681624080389713, 'b_dislocation_scale': 0.5212046350565148, 'gb_scale': 3.0355123104411774, 'gd_bubble_scale': 6.5118629245871755, 'gd_line_scale': 1.1094297334008458, 'gd_line_alpha': 0.9006277206735622, 'coalescence_d_scale': 0.32930838551582897, 'capture_scale': 0.07449470955429376}. Best is trial 215 with value: 2.267143995123024.
[I 2026-05-03 21:16:16,317] Trial 290 finished with value: 4.483725113533633 and parameters: {'rho_high_scale': 0.7601158823943361, 'f_n': 1.437943836048379e-10, 'K_d': 360896.531150527, 'fission_rate': 4.6443942845882655e+19, 'Dg_D1_scale': 0.4884781812204972, 'Dg_D3_scale': 1.0208713910208336, 'Dv_D1_scale': 0.43528116376707504, 'Dv_D2_scale': 3.7691745113368187, 'b_bulk_scale': 0.0767065698170207, 'b_dislocation_scale': 0.4393649015457629, 'gb_scale': 0.9739256837526586, 'gd_bubble_scale': 9.16978517825992, 'gd_line_scale': 1.594067759469657, 'gd_line_alpha': 0.9248879272675751, 'coalescence_d_scale': 0.21616167113624693, 'capture_scale': 0.01202833301841101}. Best is trial 215 with value: 2.267143995123024.
[I 2026-05-03 21:16:51,281] Trial 291 finished with value: 2.6794919655424847 and parameters: {'rho_high_scale': 0.7343871470672423, 'f_n': 7.816579985284657e-09, 'K_d': 351706.2912629332, 'fission_rate': 4.3637024195161014e+19, 'Dg_D1_scale': 0.44348604176358375, 'Dg_D3_scale': 0.870273959364444, 'Dv_D1_scale': 0.3689821775504986, 'Dv_D2_scale': 3.3897293091955305, 'b_bulk_scale': 0.09025936650763179, 'b_dislocation_scale': 0.5931601109556129, 'gb_scale': 3.5974610981480097, 'gd_bubble_scale': 7.435129494091913, 'gd_line_scale': 1.4101219663215263, 'gd_line_alpha': 0.9805480434618495, 'coalescence_d_scale': 0.2626833033983653, 'capture_scale': 0.026523225075682423}. Best is trial 215 with value: 2.267143995123024.
[I 2026-05-03 21:17:33,703] Trial 292 finished with value: 2.4660561863822967 and parameters: {'rho_high_scale': 0.7728553547388031, 'f_n': 1.5373966232618013e-08, 'K_d': 369434.42624015023, 'fission_rate': 4.245250402732935e+19, 'Dg_D1_scale': 0.5926573315226247, 'Dg_D3_scale': 1.1327680801173712, 'Dv_D1_scale': 0.4016441783657763, 'Dv_D2_scale': 3.194925784422283, 'b_bulk_scale': 0.06786068678923336, 'b_dislocation_scale': 0.47764969433521065, 'gb_scale': 2.5858929512166435, 'gd_bubble_scale': 8.155706866604525, 'gd_line_scale': 2.163161072510617, 'gd_line_alpha': 0.9470179377936695, 'coalescence_d_scale': 0.2975336170995618, 'capture_scale': 0.041204592690262505}. Best is trial 215 with value: 2.267143995123024.
[I 2026-05-03 21:18:07,120] Trial 293 finished with value: 2.5893652639290194 and parameters: {'rho_high_scale': 0.8227254153805492, 'f_n': 1.2423170561209815e-08, 'K_d': 362457.98870629154, 'fission_rate': 4.523973489264057e+19, 'Dg_D1_scale': 0.5241742628067245, 'Dg_D3_scale': 1.0637475673612824, 'Dv_D1_scale': 0.48910945670756983, 'Dv_D2_scale': 3.75064217041821, 'b_bulk_scale': 0.062249348006296265, 'b_dislocation_scale': 0.4026500845787734, 'gb_scale': 4.14114949553478, 'gd_bubble_scale': 6.868983927206302, 'gd_line_scale': 1.17955741030646, 'gd_line_alpha': 0.8933577501369684, 'coalescence_d_scale': 0.3552119703078379, 'capture_scale': 0.04753952229045348}. Best is trial 215 with value: 2.267143995123024.
[I 2026-05-03 21:18:47,661] Trial 294 finished with value: 2.7870007426655588 and parameters: {'rho_high_scale': 0.7357108839559621, 'f_n': 9.229307557936099e-09, 'K_d': 381272.1772155011, 'fission_rate': 4.715051195157924e+19, 'Dg_D1_scale': 0.6314569266559528, 'Dg_D3_scale': 0.9680882369739707, 'Dv_D1_scale': 0.5195247901606659, 'Dv_D2_scale': 3.515792655881909, 'b_bulk_scale': 0.07704552190341458, 'b_dislocation_scale': 0.3510781207601115, 'gb_scale': 2.9133050759669046, 'gd_bubble_scale': 9.936558262212754, 'gd_line_scale': 1.2767360404906603, 'gd_line_alpha': 0.9133164374081326, 'coalescence_d_scale': 0.242475630462439, 'capture_scale': 0.06003998781453063}. Best is trial 215 with value: 2.267143995123024.
[I 2026-05-03 21:19:34,762] Trial 295 finished with value: 2.5474706829603697 and parameters: {'rho_high_scale': 0.7865517813251283, 'f_n': 1.6698590858812834e-08, 'K_d': 341800.98004354944, 'fission_rate': 4.137820212550116e+19, 'Dg_D1_scale': 0.6770114463321382, 'Dg_D3_scale': 1.2543924783105862, 'Dv_D1_scale': 0.41924730319694925, 'Dv_D2_scale': 3.9785838958375424, 'b_bulk_scale': 0.3408957116212328, 'b_dislocation_scale': 0.5435902459786053, 'gb_scale': 3.2805907204207125, 'gd_bubble_scale': 8.340559196288002, 'gd_line_scale': 1.0814175852133767, 'gd_line_alpha': 0.966765184104556, 'coalescence_d_scale': 0.3196227180964763, 'capture_scale': 0.03116683662022144}. Best is trial 215 with value: 2.267143995123024.
[I 2026-05-03 21:20:02,171] Trial 296 finished with value: 3.449316879471814 and parameters: {'rho_high_scale': 0.7010904084798466, 'f_n': 1.217043428824739e-08, 'K_d': 354963.8509697332, 'fission_rate': 4.427528734835533e+19, 'Dg_D1_scale': 0.5456714882239689, 'Dg_D3_scale': 0.8749202990145329, 'Dv_D1_scale': 0.4575480514127559, 'Dv_D2_scale': 3.41892949044873, 'b_bulk_scale': 0.056613726623390426, 'b_dislocation_scale': 0.657277941867075, 'gb_scale': 3.6244886956773588, 'gd_bubble_scale': 0.5327993632863877, 'gd_line_scale': 1.913995249616481, 'gd_line_alpha': 0.9371872663957547, 'coalescence_d_scale': 0.26544913898922784, 'capture_scale': 3.982629701741094}. Best is trial 215 with value: 2.267143995123024.
[I 2026-05-03 21:20:37,139] Trial 297 finished with value: 2.8307435403418935 and parameters: {'rho_high_scale': 0.7363212577548285, 'f_n': 6.101316553592558e-08, 'K_d': 375976.50306784676, 'fission_rate': 4.575172213137764e+19, 'Dg_D1_scale': 0.5046953372953029, 'Dg_D3_scale': 1.3959373125180918, 'Dv_D1_scale': 0.3804484261980491, 'Dv_D2_scale': 1.0588218253092894, 'b_bulk_scale': 0.08235963103816837, 'b_dislocation_scale': 0.43014855928731704, 'gb_scale': 3.10032044089187, 'gd_bubble_scale': 7.478012514799454, 'gd_line_scale': 1.5949073058757737, 'gd_line_alpha': 0.9803092335851185, 'coalescence_d_scale': 0.21627632343956488, 'capture_scale': 0.037435474411107776}. Best is trial 215 with value: 2.267143995123024.
Best trial: 215. Best value: 2.26714:  60%|█████▉    | 298/500 [2:43:14<2:02:05, 36.26s/it]Best trial: 215. Best value: 2.26714:  60%|█████▉    | 298/500 [2:43:15<2:02:05, 36.26s/it]Best trial: 215. Best value: 2.26714:  60%|█████▉    | 299/500 [2:43:15<2:09:30, 38.66s/it]                                                                                           Best trial: 215. Best value: 2.26714:  60%|█████▉    | 299/500 [2:43:57<2:09:30, 38.66s/it]Best trial: 215. Best value: 2.26714:  60%|█████▉    | 299/500 [2:43:57<2:09:30, 38.66s/it]Best trial: 215. Best value: 2.26714:  60%|██████    | 300/500 [2:43:57<2:12:48, 39.84s/it]                                                                                           Best trial: 215. Best value: 2.26714:  60%|██████    | 300/500 [2:44:29<2:12:48, 39.84s/it]Best trial: 215. Best value: 2.26714:  60%|██████    | 300/500 [2:44:29<2:12:48, 39.84s/it]Best trial: 215. Best value: 2.26714:  60%|██████    | 301/500 [2:44:29<2:03:50, 37.34s/it]                                                                                           Best trial: 215. Best value: 2.26714:  60%|██████    | 301/500 [2:44:54<2:03:50, 37.34s/it]Best trial: 215. Best value: 2.26714:  60%|██████    | 301/500 [2:44:55<2:03:50, 37.34s/it]Best trial: 215. Best value: 2.26714:  60%|██████    | 302/500 [2:44:55<1:51:44, 33.86s/it]                                                                                           Best trial: 215. Best value: 2.26714:  60%|██████    | 302/500 [2:45:38<1:51:44, 33.86s/it]Best trial: 215. Best value: 2.26714:  60%|██████    | 302/500 [2:45:39<1:51:44, 33.86s/it]Best trial: 215. Best value: 2.26714:  61%|██████    | 303/500 [2:45:39<2:01:05, 36.88s/it]                                                                                           Best trial: 215. Best value: 2.26714:  61%|██████    | 303/500 [2:46:20<2:01:05, 36.88s/it]Best trial: 215. Best value: 2.26714:  61%|██████    | 303/500 [2:46:21<2:01:05, 36.88s/it]Best trial: 215. Best value: 2.26714:  61%|██████    | 304/500 [2:46:21<2:05:39, 38.46s/it]                                                                                           Best trial: 215. Best value: 2.26714:  61%|██████    | 304/500 [2:46:50<2:05:39, 38.46s/it]Best trial: 215. Best value: 2.26714:  61%|██████    | 304/500 [2:46:50<2:05:39, 38.46s/it]Best trial: 215. Best value: 2.26714:  61%|██████    | 305/500 [2:46:50<1:56:31, 35.85s/it]                                                                                           Best trial: 215. Best value: 2.26714:  61%|██████    | 305/500 [4:06:46<1:56:31, 35.85s/it]Best trial: 215. Best value: 2.26714:  61%|██████    | 305/500 [4:06:47<1:56:31, 35.85s/it]Best trial: 215. Best value: 2.26714:  61%|██████    | 306/500 [4:06:47<78:53:27, 1463.95s/it]                                                                                              Best trial: 215. Best value: 2.26714:  61%|██████    | 306/500 [4:07:36<78:53:27, 1463.95s/it]Best trial: 215. Best value: 2.26714:  61%|██████    | 306/500 [4:07:37<78:53:27, 1463.95s/it]Best trial: 215. Best value: 2.26714:  61%|██████▏   | 307/500 [4:07:37<55:44:32, 1039.75s/it]                                                                                              Best trial: 215. Best value: 2.26714:  61%|██████▏   | 307/500 [4:08:05<55:44:32, 1039.75s/it]Best trial: 215. Best value: 2.26714:  61%|██████▏   | 307/500 [4:08:05<55:44:32, 1039.75s/it]Best trial: 215. Best value: 2.26714:  62%|██████▏   | 308/500 [4:08:05<39:16:13, 736.32s/it]                                                                                              Best trial: 215. Best value: 2.26714:  62%|██████▏   | 308/500 [4:08:37<39:16:13, 736.32s/it]Best trial: 215. Best value: 2.26714:  62%|██████▏   | 308/500 [4:08:38<39:16:13, 736.32s/it]Best trial: 215. Best value: 2.26714:  62%|██████▏   | 309/500 [4:08:38<27:52:05, 525.27s/it]                                                                                             [I 2026-05-03 21:21:21,390] Trial 298 finished with value: 4.7555155554751565 and parameters: {'rho_high_scale': 0.762313497768157, 'f_n': 9.946682310658461e-09, 'K_d': 366163.32237864187, 'fission_rate': 4.330481924153719e+19, 'Dg_D1_scale': 0.5940383589320366, 'Dg_D3_scale': 1.1931060269477254, 'Dv_D1_scale': 0.44254590794063386, 'Dv_D2_scale': 3.764791664912132, 'b_bulk_scale': 2.541601721194426, 'b_dislocation_scale': 0.38023366863421393, 'gb_scale': 2.676135844677184, 'gd_bubble_scale': 9.017696623714595, 'gd_line_scale': 3.4059382304939247, 'gd_line_alpha': 0.9540749254724158, 'coalescence_d_scale': 0.2849890416759373, 'capture_scale': 4.545166276885432}. Best is trial 215 with value: 2.267143995123024.
[I 2026-05-03 21:22:03,993] Trial 299 finished with value: 2.830114412571953 and parameters: {'rho_high_scale': 0.7000876520010351, 'f_n': 7.671157211605266e-09, 'K_d': 325726.3753403809, 'fission_rate': 4.428330554109294e+19, 'Dg_D1_scale': 0.4719849169317006, 'Dg_D3_scale': 1.1284688104441245, 'Dv_D1_scale': 0.40462928713497104, 'Dv_D2_scale': 1.1846623419623221, 'b_bulk_scale': 0.07126314857217186, 'b_dislocation_scale': 0.5137828036367375, 'gb_scale': 0.8854589433836964, 'gd_bubble_scale': 9.999340221425642, 'gd_line_scale': 1.306292595056918, 'gd_line_alpha': 0.9988037924188556, 'coalescence_d_scale': 0.24030950057674103, 'capture_scale': 0.053783998160549705}. Best is trial 215 with value: 2.267143995123024.
[I 2026-05-03 21:22:35,487] Trial 300 finished with value: 2.8709457721682443 and parameters: {'rho_high_scale': 0.8292390354131343, 'f_n': 8.545647538824381e-08, 'K_d': 350057.2883356947, 'fission_rate': 4.507779189380806e+19, 'Dg_D1_scale': 0.5506008350519591, 'Dg_D3_scale': 1.5894465849400101, 'Dv_D1_scale': 0.4894588860119326, 'Dv_D2_scale': 3.1785317794285284, 'b_bulk_scale': 0.0644257746017677, 'b_dislocation_scale': 0.45183670147391014, 'gb_scale': 2.309752729483355, 'gd_bubble_scale': 6.461706408562882, 'gd_line_scale': 1.4659471633287393, 'gd_line_alpha': 0.9208842925295676, 'coalescence_d_scale': 0.3795049880386588, 'capture_scale': 0.06603826692369456}. Best is trial 215 with value: 2.267143995123024.
[I 2026-05-03 21:23:01,230] Trial 301 finished with value: 4.437604617451834 and parameters: {'rho_high_scale': 0.7595311266216622, 'f_n': 1.3911200375464949e-08, 'K_d': 359716.216521995, 'fission_rate': 4.3020225034427556e+19, 'Dg_D1_scale': 0.6613721190824736, 'Dg_D3_scale': 0.9320243226057469, 'Dv_D1_scale': 0.43094092616690804, 'Dv_D2_scale': 3.663761615379676, 'b_bulk_scale': 0.13275838520857355, 'b_dislocation_scale': 2.1887645362987143, 'gb_scale': 3.939568649952437, 'gd_bubble_scale': 7.940247268018752, 'gd_line_scale': 1.1132678660093587, 'gd_line_alpha': 0.8916389793338056, 'coalescence_d_scale': 0.3422843399522602, 'capture_scale': 0.02561078063304203}. Best is trial 215 with value: 2.267143995123024.
[I 2026-05-03 21:23:45,151] Trial 302 finished with value: 5.3846736451468145 and parameters: {'rho_high_scale': 2.3710034179798307, 'f_n': 6.378195788890071e-09, 'K_d': 372863.6754114707, 'fission_rate': 4.389753752196061e+19, 'Dg_D1_scale': 0.6007342426710631, 'Dg_D3_scale': 1.3203058947766866, 'Dv_D1_scale': 0.4594873568333118, 'Dv_D2_scale': 3.500865726542267, 'b_bulk_scale': 0.09341862877634444, 'b_dislocation_scale': 0.3490422331710135, 'gb_scale': 3.3382090046482897, 'gd_bubble_scale': 8.96119283607548, 'gd_line_scale': 2.907828466010983, 'gd_line_alpha': 0.9999041440663573, 'coalescence_d_scale': 0.3023049576449084, 'capture_scale': 0.034034316210182804}. Best is trial 215 with value: 2.267143995123024.
[I 2026-05-03 21:24:27,313] Trial 303 finished with value: 2.5196937082744966 and parameters: {'rho_high_scale': 0.7006648740589382, 'f_n': 1.0616490267461017e-08, 'K_d': 345999.43797594064, 'fission_rate': 4.578763198050086e+19, 'Dg_D1_scale': 0.509164108281742, 'Dg_D3_scale': 0.4164733559101752, 'Dv_D1_scale': 0.3884831710790603, 'Dv_D2_scale': 3.8161162813821417, 'b_bulk_scale': 0.05537058701131376, 'b_dislocation_scale': 0.3909311570289541, 'gb_scale': 1.1482749152456726, 'gd_bubble_scale': 8.36829226477669, 'gd_line_scale': 1.1941447057760166, 'gd_line_alpha': 0.9611597282961825, 'coalescence_d_scale': 0.4233746581520994, 'capture_scale': 0.019271548335810955}. Best is trial 215 with value: 2.267143995123024.
[I 2026-05-03 21:24:57,075] Trial 304 finished with value: 3.0458476865905717 and parameters: {'rho_high_scale': 0.7937461648150937, 'f_n': 4.8805218680144e-08, 'K_d': 356996.8339981692, 'fission_rate': 4.4809716565232026e+19, 'Dg_D1_scale': 0.5690947595083349, 'Dg_D3_scale': 1.004375712635616, 'Dv_D1_scale': 0.559092117592217, 'Dv_D2_scale': 3.3497617655631533, 'b_bulk_scale': 0.07343473219029514, 'b_dislocation_scale': 0.6133394649010457, 'gb_scale': 2.8587479429150275, 'gd_bubble_scale': 7.147780058407966, 'gd_line_scale': 1.7233634231623918, 'gd_line_alpha': 0.9355231786924795, 'coalescence_d_scale': 0.27560448888440003, 'capture_scale': 0.04575517923682863}. Best is trial 215 with value: 2.267143995123024.
[I 2026-05-03 22:44:52,727] Trial 305 finished with value: 4.55324890425358 and parameters: {'rho_high_scale': 3.90826234020867, 'f_n': 5.181471997732266e-09, 'K_d': 384511.4890671125, 'fission_rate': 4.192220212903418e+19, 'Dg_D1_scale': 0.40182861471558495, 'Dg_D3_scale': 0.5164205372732864, 'Dv_D1_scale': 0.4165268486502882, 'Dv_D2_scale': 0.4527999367696337, 'b_bulk_scale': 0.06186232508356326, 'b_dislocation_scale': 0.4933837986744448, 'gb_scale': 4.362959978945659, 'gd_bubble_scale': 6.149349515102854, 'gd_line_scale': 1.362193429794429, 'gd_line_alpha': 0.9737174690222495, 'coalescence_d_scale': 0.24013388253727067, 'capture_scale': 0.028792243280703102}. Best is trial 215 with value: 2.267143995123024.
