[I 2026-05-03 20:36:34,271] Trial 229 finished with value: 2.4567687449293407 and parameters: {'rho_high_scale': 0.7286021717521798, 'f_n': 1.0467419497382807e-08, 'K_d': 347598.5068802553, 'fission_rate': 4.545401397811321e+19, 'Dg_D1_scale': 0.5724649658639966, 'Dg_D3_scale': 1.0493122473738175, 'Dv_D1_scale': 0.43731796554658986, 'Dv_D2_scale': 3.6888126025895747, 'b_bulk_scale': 0.07223394176731854, 'b_dislocation_scale': 0.5129816390676298, 'gb_scale': 4.76690622907829, 'gd_bubble_scale': 9.875339724930836, 'gd_line_scale': 1.5396691656194954, 'gd_line_alpha': 0.941200044841536, 'coalescence_d_scale': 0.31248409335573174, 'capture_scale': 0.04984896355379472}. Best is trial 215 with value: 2.267143995123024.
[I 2026-05-03 20:37:11,318] Trial 230 finished with value: 2.442607565977253 and parameters: {'rho_high_scale': 0.7034008822051651, 'f_n': 1.1091940202341935e-08, 'K_d': 361299.9301993458, 'fission_rate': 4.385541284500069e+19, 'Dg_D1_scale': 0.5026059491156567, 'Dg_D3_scale': 0.9872572206869095, 'Dv_D1_scale': 0.40194695596203917, 'Dv_D2_scale': 3.974897797759934, 'b_bulk_scale': 0.0899644838088734, 'b_dislocation_scale': 0.41221473139458537, 'gb_scale': 4.859802905862806, 'gd_bubble_scale': 8.283483872168167, 'gd_line_scale': 1.3967266763798498, 'gd_line_alpha': 0.9379058635662385, 'coalescence_d_scale': 0.2530299247354513, 'capture_scale': 0.0614372099085195}. Best is trial 215 with value: 2.267143995123024.
[I 2026-05-03 20:37:53,372] Trial 231 finished with value: 2.385452530051288 and parameters: {'rho_high_scale': 0.7591857706581079, 'f_n': 1.0091136743850697e-08, 'K_d': 369670.7049702068, 'fission_rate': 4.019898326963933e+19, 'Dg_D1_scale': 0.5337521729326257, 'Dg_D3_scale': 0.9056845508660526, 'Dv_D1_scale': 0.40402360640991897, 'Dv_D2_scale': 3.642674838298362, 'b_bulk_scale': 0.11092066496807405, 'b_dislocation_scale': 0.4709131572193983, 'gb_scale': 3.7946933600738277, 'gd_bubble_scale': 8.236647600515461, 'gd_line_scale': 1.3749097821759733, 'gd_line_alpha': 0.9730162112888269, 'coalescence_d_scale': 0.2810198457622788, 'capture_scale': 0.04225204391746324}. Best is trial 215 with value: 2.267143995123024.
Best trial: 215. Best value: 2.26714:  46%|████▋     | 232/500 [2:00:27<2:54:13, 39.01s/it]Best trial: 215. Best value: 2.26714:  46%|████▋     | 232/500 [2:00:27<2:54:13, 39.01s/it]Best trial: 215. Best value: 2.26714:  47%|████▋     | 233/500 [2:00:27<2:55:00, 39.33s/it]                                                                                           Best trial: 215. Best value: 2.26714:  47%|████▋     | 233/500 [2:01:07<2:55:00, 39.33s/it]Best trial: 215. Best value: 2.26714:  47%|████▋     | 233/500 [2:01:07<2:55:00, 39.33s/it]Best trial: 215. Best value: 2.26714:  47%|████▋     | 234/500 [2:01:07<2:55:53, 39.68s/it]                                                                                           Best trial: 215. Best value: 2.26714:  47%|████▋     | 234/500 [2:01:47<2:55:53, 39.68s/it]Best trial: 215. Best value: 2.26714:  47%|████▋     | 234/500 [2:01:47<2:55:53, 39.68s/it]Best trial: 215. Best value: 2.26714:  47%|████▋     | 235/500 [2:01:47<2:55:16, 39.69s/it]                                                                                           Best trial: 215. Best value: 2.26714:  47%|████▋     | 235/500 [2:02:24<2:55:16, 39.69s/it]Best trial: 215. Best value: 2.26714:  47%|████▋     | 235/500 [2:02:24<2:55:16, 39.69s/it]Best trial: 215. Best value: 2.26714:  47%|████▋     | 236/500 [2:02:24<2:51:21, 38.94s/it]                                                                                           Best trial: 215. Best value: 2.26714:  47%|████▋     | 236/500 [2:03:03<2:51:21, 38.94s/it]Best trial: 215. Best value: 2.26714:  47%|████▋     | 236/500 [2:03:03<2:51:21, 38.94s/it]Best trial: 215. Best value: 2.26714:  47%|████▋     | 237/500 [2:03:03<2:50:30, 38.90s/it]                                                                                           Best trial: 215. Best value: 2.26714:  47%|████▋     | 237/500 [2:03:41<2:50:30, 38.90s/it]Best trial: 215. Best value: 2.26714:  47%|████▋     | 237/500 [2:03:41<2:50:30, 38.90s/it]Best trial: 215. Best value: 2.26714:  48%|████▊     | 238/500 [2:03:41<2:49:02, 38.71s/it]                                                                                           Best trial: 215. Best value: 2.26714:  48%|████▊     | 238/500 [2:04:21<2:49:02, 38.71s/it]Best trial: 215. Best value: 2.26714:  48%|████▊     | 238/500 [2:04:21<2:49:02, 38.71s/it]Best trial: 215. Best value: 2.26714:  48%|████▊     | 239/500 [2:04:21<2:50:21, 39.16s/it]                                                                                           Best trial: 215. Best value: 2.26714:  48%|████▊     | 239/500 [2:05:02<2:50:21, 39.16s/it]Best trial: 215. Best value: 2.26714:  48%|████▊     | 239/500 [2:05:02<2:50:21, 39.16s/it]Best trial: 215. Best value: 2.26714:  48%|████▊     | 240/500 [2:05:02<2:52:00, 39.70s/it]                                                                                           Best trial: 215. Best value: 2.26714:  48%|████▊     | 240/500 [2:05:43<2:52:00, 39.70s/it]Best trial: 215. Best value: 2.26714:  48%|████▊     | 240/500 [2:05:43<2:52:00, 39.70s/it]Best trial: 215. Best value: 2.26714:  48%|████▊     | 241/500 [2:05:43<2:52:42, 40.01s/it]                                                                                           Best trial: 215. Best value: 2.26714:  48%|████▊     | 241/500 [2:06:21<2:52:42, 40.01s/it]Best trial: 215. Best value: 2.26714:  48%|████▊     | 241/500 [2:06:22<2:52:42, 40.01s/it]Best trial: 215. Best value: 2.26714:  48%|████▊     | 242/500 [2:06:22<2:50:02, 39.54s/it]                                                                                           Best trial: 215. Best value: 2.26714:  48%|████▊     | 242/500 [2:07:01<2:50:02, 39.54s/it]Best trial: 215. Best value: 2.26714:  48%|████▊     | 242/500 [2:07:01<2:50:02, 39.54s/it]Best trial: 215. Best value: 2.26714:  49%|████▊     | 243/500 [2:07:01<2:49:15, 39.52s/it]                                                                                           [I 2026-05-03 20:38:33,457] Trial 232 finished with value: 2.463079639245726 and parameters: {'rho_high_scale': 0.7019789015742962, 'f_n': 8.135375480891405e-09, 'K_d': 356565.6089466221, 'fission_rate': 4.593796650556348e+19, 'Dg_D1_scale': 0.6165372674991685, 'Dg_D3_scale': 1.185673560878813, 'Dv_D1_scale': 0.4473414536045131, 'Dv_D2_scale': 3.8476801607648405, 'b_bulk_scale': 0.07700204565306813, 'b_dislocation_scale': 0.45669824717851815, 'gb_scale': 2.9492560877048644, 'gd_bubble_scale': 9.960679243607135, 'gd_line_scale': 1.6247824542906848, 'gd_line_alpha': 0.9318619537420992, 'coalescence_d_scale': 0.3505785236679456, 'capture_scale': 0.03611022117194384}. Best is trial 215 with value: 2.267143995123024.
[I 2026-05-03 20:39:13,937] Trial 233 finished with value: 5.423004345393638 and parameters: {'rho_high_scale': 6.420437979106383, 'f_n': 6.562527201361884e-09, 'K_d': 514831.37327299546, 'fission_rate': 4.721616013749675e+19, 'Dg_D1_scale': 0.6372920785996562, 'Dg_D3_scale': 1.0140799455160905, 'Dv_D1_scale': 0.3926426319338881, 'Dv_D2_scale': 3.6187640063247675, 'b_bulk_scale': 0.07002013255002269, 'b_dislocation_scale': 0.41686683138495473, 'gb_scale': 4.469064258199135, 'gd_bubble_scale': 8.898780930922419, 'gd_line_scale': 1.8544074409787952, 'gd_line_alpha': 0.9607327000817745, 'coalescence_d_scale': 0.2607070946975168, 'capture_scale': 0.048964384574160774}. Best is trial 215 with value: 2.267143995123024.
[I 2026-05-03 20:39:53,646] Trial 234 finished with value: 2.3903761902162235 and parameters: {'rho_high_scale': 0.7434631035753395, 'f_n': 1.256130383595837e-08, 'K_d': 373528.1291685976, 'fission_rate': 4.209779670272217e+19, 'Dg_D1_scale': 0.5831463565404816, 'Dg_D3_scale': 0.9076840016022962, 'Dv_D1_scale': 0.42770697148711145, 'Dv_D2_scale': 3.8219174772676787, 'b_bulk_scale': 0.08510923917052618, 'b_dislocation_scale': 0.5403225307357316, 'gb_scale': 2.639737828056931, 'gd_bubble_scale': 8.03048006569806, 'gd_line_scale': 1.3960690084071694, 'gd_line_alpha': 0.9227899586324707, 'coalescence_d_scale': 0.2367964698275227, 'capture_scale': 0.06604310591543949}. Best is trial 215 with value: 2.267143995123024.
[I 2026-05-03 20:40:30,857] Trial 235 finished with value: 2.3022820669808133 and parameters: {'rho_high_scale': 0.700567783366567, 'f_n': 1.2432420310146722e-08, 'K_d': 365542.77353411267, 'fission_rate': 4.4284403213888995e+19, 'Dg_D1_scale': 0.5217493065819432, 'Dg_D3_scale': 1.1104529822566787, 'Dv_D1_scale': 0.4671274675809461, 'Dv_D2_scale': 3.992776837633926, 'b_bulk_scale': 0.07017821985832715, 'b_dislocation_scale': 0.42711018009302965, 'gb_scale': 3.2014579608514167, 'gd_bubble_scale': 8.822974479154086, 'gd_line_scale': 1.2866072005857772, 'gd_line_alpha': 0.9457053817179478, 'coalescence_d_scale': 0.2815133784196666, 'capture_scale': 0.04006763447024451}. Best is trial 215 with value: 2.267143995123024.
[I 2026-05-03 20:41:09,656] Trial 236 finished with value: 2.2941008045210407 and parameters: {'rho_high_scale': 0.7309371922891873, 'f_n': 1.2026719371277204e-08, 'K_d': 362807.31454083906, 'fission_rate': 4.471637307838628e+19, 'Dg_D1_scale': 0.5136623803228804, 'Dg_D3_scale': 1.1325946720601314, 'Dv_D1_scale': 0.47704341999640903, 'Dv_D2_scale': 3.596958293057985, 'b_bulk_scale': 0.06794618249961637, 'b_dislocation_scale': 0.4161938208642824, 'gb_scale': 3.273229678065276, 'gd_bubble_scale': 8.908702623135754, 'gd_line_scale': 1.54159469592473, 'gd_line_alpha': 0.949954386821116, 'coalescence_d_scale': 0.3085369932049269, 'capture_scale': 0.03979647261273859}. Best is trial 215 with value: 2.267143995123024.
[I 2026-05-03 20:41:47,931] Trial 237 finished with value: 2.290713631684222 and parameters: {'rho_high_scale': 0.7285156242137818, 'f_n': 8.194601591973864e-09, 'K_d': 361307.9187512426, 'fission_rate': 4.457052587207811e+19, 'Dg_D1_scale': 0.5122486830278293, 'Dg_D3_scale': 1.0861751451000001, 'Dv_D1_scale': 0.4703772381092697, 'Dv_D2_scale': 3.9948603965827423, 'b_bulk_scale': 0.06894883293130982, 'b_dislocation_scale': 0.4951267820622007, 'gb_scale': 3.3657604894234576, 'gd_bubble_scale': 8.872917817039493, 'gd_line_scale': 1.7309890194459892, 'gd_line_alpha': 0.9807651117018921, 'coalescence_d_scale': 0.3025247714646744, 'capture_scale': 0.03623669917926272}. Best is trial 215 with value: 2.267143995123024.
[I 2026-05-03 20:42:28,123] Trial 238 finished with value: 2.337047729319945 and parameters: {'rho_high_scale': 0.7270899895359135, 'f_n': 1.1563851744278025e-08, 'K_d': 352114.60931342636, 'fission_rate': 4.458672687739641e+19, 'Dg_D1_scale': 0.5017887398100864, 'Dg_D3_scale': 1.293162357989575, 'Dv_D1_scale': 0.47067744210974855, 'Dv_D2_scale': 3.906411716244017, 'b_bulk_scale': 0.06990151938520153, 'b_dislocation_scale': 0.4822185213065316, 'gb_scale': 3.446884592386365, 'gd_bubble_scale': 9.029878099880257, 'gd_line_scale': 2.065436933976947, 'gd_line_alpha': 0.9817596787005449, 'coalescence_d_scale': 0.3127187750813412, 'capture_scale': 0.03133978190444892}. Best is trial 215 with value: 2.267143995123024.
[I 2026-05-03 20:43:09,004] Trial 239 finished with value: 2.3308536499133243 and parameters: {'rho_high_scale': 0.7341298261889789, 'f_n': 1.1962113946279703e-08, 'K_d': 347338.7624133315, 'fission_rate': 4.43057103398144e+19, 'Dg_D1_scale': 0.48058040061429547, 'Dg_D3_scale': 1.2894644712080758, 'Dv_D1_scale': 0.4929406627204592, 'Dv_D2_scale': 3.9781842397760716, 'b_bulk_scale': 0.07177149739918123, 'b_dislocation_scale': 0.6105924089662321, 'gb_scale': 3.4789856081411967, 'gd_bubble_scale': 8.796738258704954, 'gd_line_scale': 2.3770422911818647, 'gd_line_alpha': 0.9878893031670305, 'coalescence_d_scale': 0.32491140761442455, 'capture_scale': 0.03256396265934793}. Best is trial 215 with value: 2.267143995123024.
[I 2026-05-03 20:43:49,738] Trial 240 finished with value: 2.292872670008856 and parameters: {'rho_high_scale': 0.7015464234138833, 'f_n': 8.53624533879244e-09, 'K_d': 346641.6999849931, 'fission_rate': 4.400664268497912e+19, 'Dg_D1_scale': 0.4666535438412967, 'Dg_D3_scale': 1.318527864822931, 'Dv_D1_scale': 0.47612918941490207, 'Dv_D2_scale': 3.9872787081830667, 'b_bulk_scale': 0.07083822390142754, 'b_dislocation_scale': 0.6036216496090041, 'gb_scale': 3.5113656615720776, 'gd_bubble_scale': 9.939362995411058, 'gd_line_scale': 1.9665214082526445, 'gd_line_alpha': 0.9814852228651005, 'coalescence_d_scale': 0.3162706481430505, 'capture_scale': 0.031242078850387312}. Best is trial 215 with value: 2.267143995123024.
[I 2026-05-03 20:44:28,147] Trial 241 finished with value: 2.323840052295668 and parameters: {'rho_high_scale': 0.7249801317853884, 'f_n': 9.157975855778442e-09, 'K_d': 345454.2227613775, 'fission_rate': 4.4121897622398665e+19, 'Dg_D1_scale': 0.4618709856494983, 'Dg_D3_scale': 1.297093337194993, 'Dv_D1_scale': 0.49305369806643107, 'Dv_D2_scale': 3.9802134872128576, 'b_bulk_scale': 0.07274571136749836, 'b_dislocation_scale': 0.6659438954172945, 'gb_scale': 3.382961879417878, 'gd_bubble_scale': 9.031980706030419, 'gd_line_scale': 2.6864815643646622, 'gd_line_alpha': 0.9998324031546606, 'coalescence_d_scale': 0.3192314128146837, 'capture_scale': 0.030853393770231205}. Best is trial 215 with value: 2.267143995123024.
[I 2026-05-03 20:45:07,726] Trial 242 finished with value: 2.3468823631071714 and parameters: {'rho_high_scale': 0.7001058520069208, 'f_n': 8.489281409988604e-09, 'K_d': 339779.1864651747, 'fission_rate': 4.36747307141136e+19, 'Dg_D1_scale': 0.475526970806241, 'Dg_D3_scale': 1.2616945567811684, 'Dv_D1_scale': 0.4793823442577938, 'Dv_D2_scale': 3.995614397887444, 'b_bulk_scale': 0.07749743487456456, 'b_dislocation_scale': 0.6414586527102935, 'gb_scale': 3.56924143344222, 'gd_bubble_scale': 9.963657765202921, 'gd_line_scale': 2.7536216565267364, 'gd_line_alpha': 0.995563441680036, 'coalescence_d_scale': 0.32471582805991556, 'capture_scale': 0.025154764211536593}. Best is trial 215 with value: 2.267143995123024.
Best trial: 215. Best value: 2.26714:  49%|████▊     | 243/500 [2:07:42<2:49:15, 39.52s/it]Best trial: 215. Best value: 2.26714:  49%|████▊     | 243/500 [2:07:43<2:49:15, 39.52s/it]Best trial: 215. Best value: 2.26714:  49%|████▉     | 244/500 [2:07:43<2:51:05, 40.10s/it]                                                                                           Best trial: 215. Best value: 2.26714:  49%|████▉     | 244/500 [2:08:22<2:51:05, 40.10s/it]Best trial: 215. Best value: 2.26714:  49%|████▉     | 244/500 [2:08:22<2:51:05, 40.10s/it]Best trial: 215. Best value: 2.26714:  49%|████▉     | 245/500 [2:08:22<2:50:16, 40.06s/it]                                                                                           Best trial: 215. Best value: 2.26714:  49%|████▉     | 245/500 [2:08:55<2:50:16, 40.06s/it]Best trial: 215. Best value: 2.26714:  49%|████▉     | 245/500 [2:08:55<2:50:16, 40.06s/it]Best trial: 215. Best value: 2.26714:  49%|████▉     | 246/500 [2:08:55<2:39:42, 37.73s/it]                                                                                           Best trial: 215. Best value: 2.26714:  49%|████▉     | 246/500 [2:09:33<2:39:42, 37.73s/it]Best trial: 215. Best value: 2.26714:  49%|████▉     | 246/500 [2:09:33<2:39:42, 37.73s/it]Best trial: 215. Best value: 2.26714:  49%|████▉     | 247/500 [2:09:33<2:39:41, 37.87s/it]                                                                                           Best trial: 215. Best value: 2.26714:  49%|████▉     | 247/500 [2:10:10<2:39:41, 37.87s/it]Best trial: 215. Best value: 2.26714:  49%|████▉     | 247/500 [2:10:10<2:39:41, 37.87s/it]Best trial: 215. Best value: 2.26714:  50%|████▉     | 248/500 [2:10:10<2:38:25, 37.72s/it]                                                                                           Best trial: 215. Best value: 2.26714:  50%|████▉     | 248/500 [2:10:50<2:38:25, 37.72s/it]Best trial: 215. Best value: 2.26714:  50%|████▉     | 248/500 [2:10:50<2:38:25, 37.72s/it]Best trial: 215. Best value: 2.26714:  50%|████▉     | 249/500 [2:10:50<2:40:05, 38.27s/it]                                                                                           Best trial: 215. Best value: 2.26714:  50%|████▉     | 249/500 [2:11:34<2:40:05, 38.27s/it]Best trial: 215. Best value: 2.26714:  50%|████▉     | 249/500 [2:11:35<2:40:05, 38.27s/it]Best trial: 215. Best value: 2.26714:  50%|█████     | 250/500 [2:11:35<2:47:33, 40.22s/it]                                                                                           Best trial: 215. Best value: 2.26714:  50%|█████     | 250/500 [2:12:14<2:47:33, 40.22s/it]Best trial: 215. Best value: 2.26714:  50%|█████     | 250/500 [2:12:14<2:47:33, 40.22s/it]Best trial: 215. Best value: 2.26714:  50%|█████     | 251/500 [2:12:14<2:46:14, 40.06s/it]                                                                                           Best trial: 215. Best value: 2.26714:  50%|█████     | 251/500 [2:12:55<2:46:14, 40.06s/it]Best trial: 215. Best value: 2.26714:  50%|█████     | 251/500 [2:12:55<2:46:14, 40.06s/it]Best trial: 215. Best value: 2.26714:  50%|█████     | 252/500 [2:12:55<2:46:12, 40.21s/it]                                                                                           Best trial: 215. Best value: 2.26714:  50%|█████     | 252/500 [2:13:36<2:46:12, 40.21s/it]Best trial: 215. Best value: 2.26714:  50%|█████     | 252/500 [2:13:36<2:46:12, 40.21s/it]Best trial: 215. Best value: 2.26714:  51%|█████     | 253/500 [2:13:36<2:46:39, 40.48s/it]                                                                                           Best trial: 215. Best value: 2.26714:  51%|█████     | 253/500 [2:14:17<2:46:39, 40.48s/it]Best trial: 215. Best value: 2.26714:  51%|█████     | 253/500 [2:14:18<2:46:39, 40.48s/it]Best trial: 215. Best value: 2.26714:  51%|█████     | 254/500 [2:14:18<2:47:18, 40.81s/it]                                                                                           [I 2026-05-03 20:45:49,179] Trial 243 finished with value: 2.4872544025096306 and parameters: {'rho_high_scale': 0.7596528674349604, 'f_n': 8.47508687284421e-09, 'K_d': 347329.881571718, 'fission_rate': 4.205284703118583e+19, 'Dg_D1_scale': 0.4640356481398268, 'Dg_D3_scale': 1.425986232320369, 'Dv_D1_scale': 0.485471339112635, 'Dv_D2_scale': 3.957078029162135, 'b_bulk_scale': 0.06935643144203527, 'b_dislocation_scale': 0.5968798993345059, 'gb_scale': 3.1492390589773067, 'gd_bubble_scale': 8.3786090063034, 'gd_line_scale': 2.6138715491650846, 'gd_line_alpha': 0.95509762194725, 'coalescence_d_scale': 0.35069931620454053, 'capture_scale': 0.030147395260413837}. Best is trial 215 with value: 2.267143995123024.
[I 2026-05-03 20:46:29,165] Trial 244 finished with value: 2.373150043840156 and parameters: {'rho_high_scale': 0.730029017420505, 'f_n': 6.2403590703415395e-09, 'K_d': 343085.0650731527, 'fission_rate': 4.419155144129235e+19, 'Dg_D1_scale': 0.4904486688194866, 'Dg_D3_scale': 1.126299054277181, 'Dv_D1_scale': 0.4540174844110599, 'Dv_D2_scale': 3.802276650438209, 'b_bulk_scale': 0.08191503378827752, 'b_dislocation_scale': 0.6904760283837462, 'gb_scale': 2.9361772366644336, 'gd_bubble_scale': 9.100524551251684, 'gd_line_scale': 2.48492428980137, 'gd_line_alpha': 0.9983375722876785, 'coalescence_d_scale': 0.2979539391361589, 'capture_scale': 0.037604713092706625}. Best is trial 215 with value: 2.267143995123024.
[I 2026-05-03 20:47:01,440] Trial 245 finished with value: 2.706004871903357 and parameters: {'rho_high_scale': 0.7007587962365395, 'f_n': 1.2046603897021124e-08, 'K_d': 351896.8648791728, 'fission_rate': 4.3169468866282e+19, 'Dg_D1_scale': 0.5336330984429372, 'Dg_D3_scale': 1.2268138584048573, 'Dv_D1_scale': 0.48658509362811114, 'Dv_D2_scale': 3.801695478213364, 'b_bulk_scale': 0.06622201321039413, 'b_dislocation_scale': 0.7696840470685739, 'gb_scale': 3.558025128310486, 'gd_bubble_scale': 7.984968909024877, 'gd_line_scale': 2.237669971272599, 'gd_line_alpha': 0.9758267862240187, 'coalescence_d_scale': 0.36779546544102987, 'capture_scale': 0.03352417986112935}. Best is trial 215 with value: 2.267143995123024.
[I 2026-05-03 20:47:39,650] Trial 246 finished with value: 2.360007614302941 and parameters: {'rho_high_scale': 0.7798492485600558, 'f_n': 7.314699791449702e-09, 'K_d': 355868.1178481096, 'fission_rate': 4.5926242725046845e+19, 'Dg_D1_scale': 0.546856084079983, 'Dg_D3_scale': 1.334539930274472, 'Dv_D1_scale': 0.45369869476196795, 'Dv_D2_scale': 3.967452188233939, 'b_bulk_scale': 0.07454979252501057, 'b_dislocation_scale': 0.5272564690974374, 'gb_scale': 3.3182131725313253, 'gd_bubble_scale': 8.71927467347527, 'gd_line_scale': 1.7236251336487813, 'gd_line_alpha': 0.9466525899623112, 'coalescence_d_scale': 0.2998059247241709, 'capture_scale': 0.03912839893820601}. Best is trial 215 with value: 2.267143995123024.
[I 2026-05-03 20:48:17,019] Trial 247 finished with value: 2.3371750506725477 and parameters: {'rho_high_scale': 0.7602517011710037, 'f_n': 9.557075392814505e-09, 'K_d': 345405.1772304466, 'fission_rate': 4.485003276983613e+19, 'Dg_D1_scale': 0.46541345524186906, 'Dg_D3_scale': 1.171045321812904, 'Dv_D1_scale': 0.5184811682612454, 'Dv_D2_scale': 3.5699492009940808, 'b_bulk_scale': 0.07750003154338851, 'b_dislocation_scale': 0.6185436754114592, 'gb_scale': 3.7103863506042067, 'gd_bubble_scale': 9.996654050868669, 'gd_line_scale': 2.265499403881219, 'gd_line_alpha': 0.9585293797266714, 'coalescence_d_scale': 0.3952550050388988, 'capture_scale': 0.03423966329368212}. Best is trial 215 with value: 2.267143995123024.
