[I 2026-05-04 00:31:49,470] Trial 479 finished with value: 3.2112351412445994 and parameters: {'rho_high_scale': 0.7306696569504527, 'f_n': 9.704162735429859e-09, 'K_d': 306155.5656064911, 'fission_rate': 4.8721364441012855e+19, 'Dg_D1_scale': 0.36318481725018714, 'Dg_D3_scale': 0.6133769036008554, 'Dv_D1_scale': 0.3287636806641755, 'Dv_D2_scale': 3.8271619989573447, 'b_bulk_scale': 0.09149281329786234, 'b_dislocation_scale': 0.7246357273267043, 'gb_scale': 1.744289675175255, 'gd_bubble_scale': 0.050099428356905014, 'gd_line_scale': 1.820171445307095, 'gd_line_alpha': 0.9800604145657171, 'coalescence_d_scale': 0.1706182974503771, 'capture_scale': 0.03455182461527601}. Best is trial 398 with value: 2.2424619397909873.
[I 2026-05-04 00:32:27,170] Trial 480 finished with value: 2.5273474568317913 and parameters: {'rho_high_scale': 0.838973768009972, 'f_n': 6.746200914180597e-09, 'K_d': 317269.7163353318, 'fission_rate': 4.7933947468608135e+19, 'Dg_D1_scale': 1.6843562995615107, 'Dg_D3_scale': 0.5769427169579298, 'Dv_D1_scale': 0.36209709344381485, 'Dv_D2_scale': 0.31882924708064303, 'b_bulk_scale': 0.08769979757227553, 'b_dislocation_scale': 0.8299101189020642, 'gb_scale': 1.7921565210073385, 'gd_bubble_scale': 9.040967967718682, 'gd_line_scale': 1.5873706819161535, 'gd_line_alpha': 0.9400666039605282, 'coalescence_d_scale': 0.11274815714694225, 'capture_scale': 0.05959736988288751}. Best is trial 398 with value: 2.2424619397909873.
[I 2026-05-04 00:33:06,980] Trial 481 finished with value: 2.2729896716311653 and parameters: {'rho_high_scale': 0.700599006156632, 'f_n': 1.0714441957851837e-08, 'K_d': 303869.0485584168, 'fission_rate': 4.46237275875747e+19, 'Dg_D1_scale': 0.3781242276711447, 'Dg_D3_scale': 0.6526003894690682, 'Dv_D1_scale': 0.3521626540917241, 'Dv_D2_scale': 3.8179362458730948, 'b_bulk_scale': 0.0814903443434691, 'b_dislocation_scale': 0.6498441411812891, 'gb_scale': 1.4752907848061163, 'gd_bubble_scale': 9.289332874520795, 'gd_line_scale': 1.8295285373955448, 'gd_line_alpha': 0.9176106249891844, 'coalescence_d_scale': 0.7792868699715677, 'capture_scale': 0.05270733632829742}. Best is trial 398 with value: 2.2424619397909873.
[I 2026-05-04 00:33:46,637] Trial 482 finished with value: 2.3514788636313284 and parameters: {'rho_high_scale': 0.7668662736955468, 'f_n': 1.2537693794767015e-08, 'K_d': 316500.1390598164, 'fission_rate': 4.469877013544472e+19, 'Dg_D1_scale': 0.3550452736914243, 'Dg_D3_scale': 0.6430652893295815, 'Dv_D1_scale': 0.3643815848984149, 'Dv_D2_scale': 3.9963811370872313, 'b_bulk_scale': 0.09330323197409329, 'b_dislocation_scale': 0.7635129311358247, 'gb_scale': 1.5031380645594314, 'gd_bubble_scale': 9.976654315410835, 'gd_line_scale': 2.2051827792038643, 'gd_line_alpha': 0.9188879434388058, 'coalescence_d_scale': 0.6602272808898, 'capture_scale': 0.062151231608279976}. Best is trial 398 with value: 2.2424619397909873.
[I 2026-05-04 00:34:28,279] Trial 483 finished with value: 2.4388769621793216 and parameters: {'rho_high_scale': 0.7002282233934911, 'f_n': 1.092915333025702e-08, 'K_d': 309157.8302298385, 'fission_rate': 4.583486030225728e+19, 'Dg_D1_scale': 0.31321286742279697, 'Dg_D3_scale': 0.647906638774587, 'Dv_D1_scale': 0.3455338100250787, 'Dv_D2_scale': 3.767608868712057, 'b_bulk_scale': 0.08388371657232012, 'b_dislocation_scale': 0.6246533512984024, 'gb_scale': 1.70037140467092, 'gd_bubble_scale': 9.997768816044944, 'gd_line_scale': 2.5449381272242486, 'gd_line_alpha': 0.9591871374478547, 'coalescence_d_scale': 1.2703444802273471, 'capture_scale': 0.052192655105413564}. Best is trial 398 with value: 2.2424619397909873.
[I 2026-05-04 00:35:08,160] Trial 484 finished with value: 2.3057336539345927 and parameters: {'rho_high_scale': 0.7003411618002466, 'f_n': 1.0789894155438758e-08, 'K_d': 309601.34224292194, 'fission_rate': 4.480977596096765e+19, 'Dg_D1_scale': 0.3607215971347301, 'Dg_D3_scale': 0.5475270086634634, 'Dv_D1_scale': 0.37155896216359635, 'Dv_D2_scale': 3.9714675674405515, 'b_bulk_scale': 0.09581496278233899, 'b_dislocation_scale': 0.6683959479829414, 'gb_scale': 1.4831565510017382, 'gd_bubble_scale': 9.111151259782275, 'gd_line_scale': 1.9478993794312858, 'gd_line_alpha': 0.9301084877591074, 'coalescence_d_scale': 0.5940617446897101, 'capture_scale': 0.06715654384638223}. Best is trial 398 with value: 2.2424619397909873.
Best trial: 398. Best value: 2.24246:  97%|█████████▋| 485/500 [5:57:42<09:51, 39.42s/it]Best trial: 398. Best value: 2.24246:  97%|█████████▋| 485/500 [5:57:42<09:51, 39.42s/it]Best trial: 398. Best value: 2.24246:  97%|█████████▋| 486/500 [5:57:42<09:15, 39.71s/it]                                                                                         Best trial: 398. Best value: 2.24246:  97%|█████████▋| 486/500 [5:58:20<09:15, 39.71s/it]Best trial: 398. Best value: 2.24246:  97%|█████████▋| 486/500 [5:58:20<09:15, 39.71s/it]Best trial: 398. Best value: 2.24246:  97%|█████████▋| 487/500 [5:58:20<08:31, 39.36s/it]                                                                                         Best trial: 398. Best value: 2.24246:  97%|█████████▋| 487/500 [5:59:02<08:31, 39.36s/it]Best trial: 398. Best value: 2.24246:  97%|█████████▋| 487/500 [5:59:03<08:31, 39.36s/it]Best trial: 398. Best value: 2.24246:  98%|█████████▊| 488/500 [5:59:03<08:01, 40.16s/it]                                                                                         Best trial: 398. Best value: 2.24246:  98%|█████████▊| 488/500 [5:59:41<08:01, 40.16s/it]Best trial: 398. Best value: 2.24246:  98%|█████████▊| 488/500 [5:59:41<08:01, 40.16s/it]Best trial: 398. Best value: 2.24246:  98%|█████████▊| 489/500 [5:59:41<07:17, 39.79s/it]                                                                                         Best trial: 398. Best value: 2.24246:  98%|█████████▊| 489/500 [6:00:20<07:17, 39.79s/it]Best trial: 398. Best value: 2.24246:  98%|█████████▊| 489/500 [6:00:21<07:17, 39.79s/it]Best trial: 398. Best value: 2.24246:  98%|█████████▊| 490/500 [6:00:21<06:36, 39.65s/it]                                                                                         Best trial: 398. Best value: 2.24246:  98%|█████████▊| 490/500 [6:00:59<06:36, 39.65s/it]Best trial: 398. Best value: 2.24246:  98%|█████████▊| 490/500 [6:00:59<06:36, 39.65s/it]Best trial: 398. Best value: 2.24246:  98%|█████████▊| 491/500 [6:00:59<05:52, 39.19s/it]                                                                                         Best trial: 398. Best value: 2.24246:  98%|█████████▊| 491/500 [6:01:38<05:52, 39.19s/it]Best trial: 398. Best value: 2.24246:  98%|█████████▊| 491/500 [6:01:38<05:52, 39.19s/it]Best trial: 398. Best value: 2.24246:  98%|█████████▊| 492/500 [6:01:38<05:13, 39.25s/it]                                                                                         Best trial: 398. Best value: 2.24246:  98%|█████████▊| 492/500 [6:02:21<05:13, 39.25s/it]Best trial: 398. Best value: 2.24246:  98%|█████████▊| 492/500 [6:02:21<05:13, 39.25s/it]Best trial: 398. Best value: 2.24246:  99%|█████████▊| 493/500 [6:02:21<04:41, 40.25s/it]                                                                                         Best trial: 398. Best value: 2.24246:  99%|█████████▊| 493/500 [6:03:01<04:41, 40.25s/it]Best trial: 398. Best value: 2.24246:  99%|█████████▊| 493/500 [6:03:01<04:41, 40.25s/it]Best trial: 398. Best value: 2.24246:  99%|█████████▉| 494/500 [6:03:01<04:01, 40.30s/it]                                                                                         Best trial: 398. Best value: 2.24246:  99%|█████████▉| 494/500 [6:03:42<04:01, 40.30s/it]Best trial: 398. Best value: 2.24246:  99%|█████████▉| 494/500 [6:03:42<04:01, 40.30s/it]Best trial: 398. Best value: 2.24246:  99%|█████████▉| 495/500 [6:03:42<03:22, 40.44s/it]                                                                                         Best trial: 398. Best value: 2.24246:  99%|█████████▉| 495/500 [6:04:18<03:22, 40.44s/it]Best trial: 398. Best value: 2.24246:  99%|█████████▉| 495/500 [6:04:18<03:22, 40.44s/it]Best trial: 398. Best value: 2.24246:  99%|█████████▉| 496/500 [6:04:18<02:36, 39.15s/it]                                                                                         [I 2026-05-04 00:35:48,531] Trial 485 finished with value: 2.3336599180070534 and parameters: {'rho_high_scale': 0.7309439397648592, 'f_n': 9.337489721652786e-09, 'K_d': 300812.66272880085, 'fission_rate': 4.540755490650249e+19, 'Dg_D1_scale': 0.37805064944812894, 'Dg_D3_scale': 0.5596759408959968, 'Dv_D1_scale': 0.3684249787020226, 'Dv_D2_scale': 3.828098513828812, 'b_bulk_scale': 0.08994849703820253, 'b_dislocation_scale': 0.7852692139604784, 'gb_scale': 1.5731494903970316, 'gd_bubble_scale': 9.06397063657702, 'gd_line_scale': 1.9288523641467068, 'gd_line_alpha': 0.9114932081902148, 'coalescence_d_scale': 0.7461869756837334, 'capture_scale': 0.06864275512465796}. Best is trial 398 with value: 2.2424619397909873.
[I 2026-05-04 00:36:27,060] Trial 486 finished with value: 2.3283855574245322 and parameters: {'rho_high_scale': 0.7664968167058993, 'f_n': 1.3459269658860659e-08, 'K_d': 307434.67307697126, 'fission_rate': 4.7090679428540105e+19, 'Dg_D1_scale': 0.3551177768486604, 'Dg_D3_scale': 0.5178924489489902, 'Dv_D1_scale': 0.3513727770521008, 'Dv_D2_scale': 3.977479438734981, 'b_bulk_scale': 0.10703111228150688, 'b_dislocation_scale': 0.7158297152379869, 'gb_scale': 1.3424523958893082, 'gd_bubble_scale': 9.206286224740133, 'gd_line_scale': 1.7930509921474298, 'gd_line_alpha': 0.9284653272855845, 'coalescence_d_scale': 0.5156221265027844, 'capture_scale': 0.07089201857133015}. Best is trial 398 with value: 2.2424619397909873.
[I 2026-05-04 00:37:09,071] Trial 487 finished with value: 3.6912086965162962 and parameters: {'rho_high_scale': 1.5655440711084667, 'f_n': 7.898708172152847e-09, 'K_d': 301924.6963358278, 'fission_rate': 4.470956533364544e+19, 'Dg_D1_scale': 0.2883261641261874, 'Dg_D3_scale': 0.544486217265313, 'Dv_D1_scale': 0.3830579020637991, 'Dv_D2_scale': 3.755958519563494, 'b_bulk_scale': 0.12058600973500072, 'b_dislocation_scale': 0.6798129390661443, 'gb_scale': 2.130883443235961, 'gd_bubble_scale': 9.989064849883356, 'gd_line_scale': 2.101606713969217, 'gd_line_alpha': 0.9155878390233413, 'coalescence_d_scale': 0.9359723140411642, 'capture_scale': 0.057229484202039056}. Best is trial 398 with value: 2.2424619397909873.
[I 2026-05-04 00:37:48,012] Trial 488 finished with value: 2.316090458435969 and parameters: {'rho_high_scale': 0.7270223704948848, 'f_n': 1.0901203048371851e-08, 'K_d': 308616.4267304876, 'fission_rate': 4.6345950283778744e+19, 'Dg_D1_scale': 0.3797273161383791, 'Dg_D3_scale': 0.4893693094940956, 'Dv_D1_scale': 0.39346716825180333, 'Dv_D2_scale': 3.958857678816624, 'b_bulk_scale': 0.08211721896222017, 'b_dislocation_scale': 0.607358379527574, 'gb_scale': 1.5362733585851431, 'gd_bubble_scale': 8.625436331714061, 'gd_line_scale': 1.9119617560829665, 'gd_line_alpha': 0.9365485089730843, 'coalescence_d_scale': 0.8417205526569143, 'capture_scale': 0.05384499666841447}. Best is trial 398 with value: 2.2424619397909873.
[I 2026-05-04 00:38:27,376] Trial 489 finished with value: 2.286881264025147 and parameters: {'rho_high_scale': 0.7000063896598612, 'f_n': 4.9245690849733404e-09, 'K_d': 300417.3765959193, 'fission_rate': 4.575563315386322e+19, 'Dg_D1_scale': 0.31909592930869196, 'Dg_D3_scale': 0.5963604060818728, 'Dv_D1_scale': 0.3666062002029525, 'Dv_D2_scale': 3.9840740574864246, 'b_bulk_scale': 0.07977154890446432, 'b_dislocation_scale': 0.657522225117212, 'gb_scale': 1.468173743815546, 'gd_bubble_scale': 9.121856853843898, 'gd_line_scale': 1.6440589128314544, 'gd_line_alpha': 0.903658874494766, 'coalescence_d_scale': 0.5927162894738347, 'capture_scale': 0.06307961472360797}. Best is trial 398 with value: 2.2424619397909873.
[I 2026-05-04 00:39:05,484] Trial 490 finished with value: 2.330789427634438 and parameters: {'rho_high_scale': 0.7607055081485249, 'f_n': 3.1067747681293012e-09, 'K_d': 313757.3741957818, 'fission_rate': 4.5933620032797385e+19, 'Dg_D1_scale': 0.3082932686639934, 'Dg_D3_scale': 0.6015313929575954, 'Dv_D1_scale': 0.34026323952349247, 'Dv_D2_scale': 3.976589053157076, 'b_bulk_scale': 0.09319717433297972, 'b_dislocation_scale': 0.8995091151430995, 'gb_scale': 1.4531659262765593, 'gd_bubble_scale': 7.99136043677617, 'gd_line_scale': 1.7032794260684188, 'gd_line_alpha': 0.9035767524085814, 'coalescence_d_scale': 0.5727138720829884, 'capture_scale': 0.07819440393842979}. Best is trial 398 with value: 2.2424619397909873.
[I 2026-05-04 00:39:44,856] Trial 491 finished with value: 2.3760650612985867 and parameters: {'rho_high_scale': 0.7013392328518472, 'f_n': 6.118592235309076e-09, 'K_d': 317217.9476857779, 'fission_rate': 4.722024254666485e+19, 'Dg_D1_scale': 0.3224010653913608, 'Dg_D3_scale': 0.5636895101197207, 'Dv_D1_scale': 0.3648199014565273, 'Dv_D2_scale': 3.992788216166113, 'b_bulk_scale': 0.10630688582183666, 'b_dislocation_scale': 0.6641062629119024, 'gb_scale': 1.6571722392042947, 'gd_bubble_scale': 9.020589517219268, 'gd_line_scale': 1.920593583596241, 'gd_line_alpha': 0.8986739337895049, 'coalescence_d_scale': 0.7251493236723487, 'capture_scale': 0.0644266549593672}. Best is trial 398 with value: 2.2424619397909873.
[I 2026-05-04 00:40:27,440] Trial 492 finished with value: 2.429307556337489 and parameters: {'rho_high_scale': 0.7001172268211879, 'f_n': 4.0754408732049e-09, 'K_d': 301204.10484701867, 'fission_rate': 4.873861991832172e+19, 'Dg_D1_scale': 0.31464452159236017, 'Dg_D3_scale': 0.6308970638036546, 'Dv_D1_scale': 0.34030797471185703, 'Dv_D2_scale': 3.9988164382382183, 'b_bulk_scale': 0.10111611926475458, 'b_dislocation_scale': 0.6578455627335316, 'gb_scale': 1.3370748200548623, 'gd_bubble_scale': 9.142470387849198, 'gd_line_scale': 1.6281534000146096, 'gd_line_alpha': 0.7299765770270454, 'coalescence_d_scale': 0.6898891140558603, 'capture_scale': 0.08331032975181739}. Best is trial 398 with value: 2.2424619397909873.
[I 2026-05-04 00:41:07,897] Trial 493 finished with value: 2.409687490446849 and parameters: {'rho_high_scale': 0.8028753306584427, 'f_n': 2.5355538302274568e-09, 'K_d': 311112.5476621711, 'fission_rate': 4.485751554864368e+19, 'Dg_D1_scale': 0.2831902355012227, 'Dg_D3_scale': 0.6482758814520637, 'Dv_D1_scale': 0.37501098764531116, 'Dv_D2_scale': 3.66830615518658, 'b_bulk_scale': 0.09623302681509152, 'b_dislocation_scale': 0.9314235480569975, 'gb_scale': 1.4970340096607135, 'gd_bubble_scale': 9.94490703631347, 'gd_line_scale': 1.788500613077465, 'gd_line_alpha': 0.9186302506787244, 'coalescence_d_scale': 0.6797766039411561, 'capture_scale': 0.06240212844755232}. Best is trial 398 with value: 2.2424619397909873.
[I 2026-05-04 00:41:48,661] Trial 494 finished with value: 5.412412111820426 and parameters: {'rho_high_scale': 6.632958321955707, 'f_n': 4.05524353281822e-09, 'K_d': 302007.2880823115, 'fission_rate': 4.694366266291133e+19, 'Dg_D1_scale': 0.3790924890809318, 'Dg_D3_scale': 0.48172492516466464, 'Dv_D1_scale': 0.3554326114785649, 'Dv_D2_scale': 3.737419457208797, 'b_bulk_scale': 0.08614310689990318, 'b_dislocation_scale': 0.6684980970191903, 'gb_scale': 1.37595650295129, 'gd_bubble_scale': 7.920936614089702, 'gd_line_scale': 2.0852785045470936, 'gd_line_alpha': 0.6891545730424921, 'coalescence_d_scale': 0.633539308823441, 'capture_scale': 0.07183984005838252}. Best is trial 398 with value: 2.2424619397909873.
[I 2026-05-04 00:42:24,798] Trial 495 finished with value: 2.412267757642866 and parameters: {'rho_high_scale': 0.9470675126286281, 'f_n': 5.43900377941986e-09, 'K_d': 306008.6061560235, 'fission_rate': 4.580222799116745e+19, 'Dg_D1_scale': 0.366285842331911, 'Dg_D3_scale': 0.5268418632973471, 'Dv_D1_scale': 0.39726404790935116, 'Dv_D2_scale': 3.6079180565938516, 'b_bulk_scale': 0.0795189650627078, 'b_dislocation_scale': 0.7739113342284284, 'gb_scale': 1.9575601019500726, 'gd_bubble_scale': 8.468559771709455, 'gd_line_scale': 1.5714422167616113, 'gd_line_alpha': 0.8996533056574073, 'coalescence_d_scale': 0.5572043733026669, 'capture_scale': 0.06518536961711313}. Best is trial 398 with value: 2.2424619397909873.
Best trial: 398. Best value: 2.24246:  99%|█████████▉| 496/500 [6:04:56<02:36, 39.15s/it]Best trial: 398. Best value: 2.24246:  99%|█████████▉| 496/500 [6:04:57<02:36, 39.15s/it]Best trial: 398. Best value: 2.24246:  99%|█████████▉| 497/500 [6:04:57<01:56, 38.95s/it]                                                                                         Best trial: 398. Best value: 2.24246:  99%|█████████▉| 497/500 [6:05:40<01:56, 38.95s/it]Best trial: 398. Best value: 2.24246:  99%|█████████▉| 497/500 [6:05:41<01:56, 38.95s/it]Best trial: 398. Best value: 2.24246: 100%|█████████▉| 498/500 [6:05:41<01:20, 40.43s/it]                                                                                         Best trial: 398. Best value: 2.24246: 100%|█████████▉| 498/500 [6:06:12<01:20, 40.43s/it]Best trial: 398. Best value: 2.24246: 100%|█████████▉| 498/500 [6:06:13<01:20, 40.43s/it]Best trial: 398. Best value: 2.24246: 100%|█████████▉| 499/500 [6:06:13<00:37, 37.91s/it]                                                                                         Best trial: 398. Best value: 2.24246: 100%|█████████▉| 499/500 [6:06:54<00:37, 37.91s/it]Best trial: 398. Best value: 2.24246: 100%|█████████▉| 499/500 [6:06:54<00:37, 37.91s/it]Best trial: 398. Best value: 2.24246: 100%|██████████| 500/500 [6:06:54<00:00, 39.09s/it]Best trial: 398. Best value: 2.24246: 100%|██████████| 500/500 [6:06:54<00:00, 44.03s/it]
[I 2026-05-04 00:43:03,287] Trial 496 finished with value: 2.420456926952086 and parameters: {'rho_high_scale': 0.7564353014274131, 'f_n': 4.755036176738783e-09, 'K_d': 311677.5794896537, 'fission_rate': 4.800847100746223e+19, 'Dg_D1_scale': 0.3897564567585616, 'Dg_D3_scale': 0.44141387404655574, 'Dv_D1_scale': 0.33213505414054123, 'Dv_D2_scale': 3.7889722573206512, 'b_bulk_scale': 0.09882574487109407, 'b_dislocation_scale': 0.730721757840477, 'gb_scale': 1.788725487709716, 'gd_bubble_scale': 7.746381603327661, 'gd_line_scale': 2.069094276901256, 'gd_line_alpha': 0.929362934764032, 'coalescence_d_scale': 0.8294024761191268, 'capture_scale': 4.851532565238848}. Best is trial 398 with value: 2.2424619397909873.
[I 2026-05-04 00:43:47,150] Trial 497 finished with value: 3.329506563888747 and parameters: {'rho_high_scale': 0.7000531156851519, 'f_n': 1.5095383906797127e-08, 'K_d': 300408.0743942352, 'fission_rate': 4.4085948761185985e+19, 'Dg_D1_scale': 0.33861950219773845, 'Dg_D3_scale': 0.5798743845891723, 'Dv_D1_scale': 0.3609062859490184, 'Dv_D2_scale': 3.9956747061110423, 'b_bulk_scale': 0.08214604358611184, 'b_dislocation_scale': 0.8766105588396326, 'gb_scale': 0.10100768857833348, 'gd_bubble_scale': 9.064191075747958, 'gd_line_scale': 1.523781026822735, 'gd_line_alpha': 0.891400551762777, 'coalescence_d_scale': 0.6395821409616332, 'capture_scale': 0.08734076435880388}. Best is trial 398 with value: 2.2424619397909873.
[I 2026-05-04 00:44:19,186] Trial 498 finished with value: 2.883372794550944 and parameters: {'rho_high_scale': 0.7340625742183371, 'f_n': 7.555236998164438e-09, 'K_d': 312201.0378509082, 'fission_rate': 4.652081161880765e+19, 'Dg_D1_scale': 0.3276897345072111, 'Dg_D3_scale': 0.6103087931966751, 'Dv_D1_scale': 0.7275079163799927, 'Dv_D2_scale': 3.5957139188192397, 'b_bulk_scale': 0.07812291858690458, 'b_dislocation_scale': 1.0391708411828435, 'gb_scale': 1.6529312374128828, 'gd_bubble_scale': 9.982600446935509, 'gd_line_scale': 1.5815588314176443, 'gd_line_alpha': 0.9372772707511753, 'coalescence_d_scale': 0.8735566056326518, 'capture_scale': 0.04884717289240118}. Best is trial 398 with value: 2.2424619397909873.
