Best trial: 398. Best value: 2.24246:  88%|████████▊ | 441/500 [5:30:13<34:51, 35.45s/it]Best trial: 398. Best value: 2.24246:  88%|████████▊ | 441/500 [5:30:14<34:51, 35.45s/it]Best trial: 398. Best value: 2.24246:  88%|████████▊ | 442/500 [5:30:14<33:27, 34.62s/it]                                                                                         Best trial: 398. Best value: 2.24246:  88%|████████▊ | 442/500 [5:30:55<33:27, 34.62s/it]Best trial: 398. Best value: 2.24246:  88%|████████▊ | 442/500 [5:30:55<33:27, 34.62s/it]Best trial: 398. Best value: 2.24246:  89%|████████▊ | 443/500 [5:30:55<34:43, 36.55s/it]                                                                                         Best trial: 398. Best value: 2.24246:  89%|████████▊ | 443/500 [5:31:22<34:43, 36.55s/it]Best trial: 398. Best value: 2.24246:  89%|████████▊ | 443/500 [5:31:23<34:43, 36.55s/it]Best trial: 398. Best value: 2.24246:  89%|████████▉ | 444/500 [5:31:23<31:42, 33.97s/it]                                                                                         Best trial: 398. Best value: 2.24246:  89%|████████▉ | 444/500 [5:31:58<31:42, 33.97s/it]Best trial: 398. Best value: 2.24246:  89%|████████▉ | 444/500 [5:31:58<31:42, 33.97s/it]Best trial: 398. Best value: 2.24246:  89%|████████▉ | 445/500 [5:31:58<31:33, 34.44s/it]                                                                                         Best trial: 398. Best value: 2.24246:  89%|████████▉ | 445/500 [5:32:36<31:33, 34.44s/it]Best trial: 398. Best value: 2.24246:  89%|████████▉ | 445/500 [5:32:36<31:33, 34.44s/it]Best trial: 398. Best value: 2.24246:  89%|████████▉ | 446/500 [5:32:36<31:53, 35.43s/it]                                                                                         Best trial: 398. Best value: 2.24246:  89%|████████▉ | 446/500 [5:33:08<31:53, 35.43s/it]Best trial: 398. Best value: 2.24246:  89%|████████▉ | 446/500 [5:33:09<31:53, 35.43s/it]Best trial: 398. Best value: 2.24246:  89%|████████▉ | 447/500 [5:33:09<30:34, 34.60s/it]                                                                                         Best trial: 398. Best value: 2.24246:  89%|████████▉ | 447/500 [5:33:42<30:34, 34.60s/it]Best trial: 398. Best value: 2.24246:  89%|████████▉ | 447/500 [5:33:42<30:34, 34.60s/it]Best trial: 398. Best value: 2.24246:  90%|████████▉ | 448/500 [5:33:42<29:37, 34.18s/it]                                                                                         Best trial: 398. Best value: 2.24246:  90%|████████▉ | 448/500 [5:34:13<29:37, 34.18s/it]Best trial: 398. Best value: 2.24246:  90%|████████▉ | 448/500 [5:34:14<29:37, 34.18s/it]Best trial: 398. Best value: 2.24246:  90%|████████▉ | 449/500 [5:34:14<28:25, 33.44s/it]                                                                                         Best trial: 398. Best value: 2.24246:  90%|████████▉ | 449/500 [5:34:57<28:25, 33.44s/it]Best trial: 398. Best value: 2.24246:  90%|████████▉ | 449/500 [5:34:57<28:25, 33.44s/it]Best trial: 398. Best value: 2.24246:  90%|█████████ | 450/500 [5:34:57<30:19, 36.39s/it]                                                                                         Best trial: 398. Best value: 2.24246:  90%|█████████ | 450/500 [5:35:41<30:19, 36.39s/it]Best trial: 398. Best value: 2.24246:  90%|█████████ | 450/500 [5:35:41<30:19, 36.39s/it]Best trial: 398. Best value: 2.24246:  90%|█████████ | 451/500 [5:35:41<31:39, 38.77s/it]                                                                                         Best trial: 398. Best value: 2.24246:  90%|█████████ | 451/500 [5:36:06<31:39, 38.77s/it]Best trial: 398. Best value: 2.24246:  90%|█████████ | 451/500 [5:36:07<31:39, 38.77s/it]Best trial: 398. Best value: 2.24246:  90%|█████████ | 452/500 [5:36:07<27:46, 34.72s/it]                                                                                         [I 2026-05-04 00:08:20,373] Trial 441 finished with value: 2.4947768178609357 and parameters: {'rho_high_scale': 0.7835565840067632, 'f_n': 1.122866014789542e-08, 'K_d': 378075.98144711315, 'fission_rate': 4.630689335388673e+19, 'Dg_D1_scale': 0.7250151940417523, 'Dg_D3_scale': 0.942274076517689, 'Dv_D1_scale': 0.34861628987825954, 'Dv_D2_scale': 3.3732207821511295, 'b_bulk_scale': 0.04535567007256779, 'b_dislocation_scale': 0.5189845530189491, 'gb_scale': 3.153979680519047, 'gd_bubble_scale': 5.941293147834461, 'gd_line_scale': 1.729966899830693, 'gd_line_alpha': 0.9196241849853195, 'coalescence_d_scale': 0.18353790550203383, 'capture_scale': 0.06876728304204392}. Best is trial 398 with value: 2.2424619397909873.
[I 2026-05-04 00:09:01,427] Trial 442 finished with value: 3.7167041000817767 and parameters: {'rho_high_scale': 0.733289997356443, 'f_n': 3.698934128443669e-08, 'K_d': 365716.5180561582, 'fission_rate': 4.734542327633074e+19, 'Dg_D1_scale': 0.6524284825045754, 'Dg_D3_scale': 0.9195105637288413, 'Dv_D1_scale': 0.24261834518505848, 'Dv_D2_scale': 3.786821036043525, 'b_bulk_scale': 1.9260988282443177, 'b_dislocation_scale': 0.44416852713430494, 'gb_scale': 2.7574632711875036, 'gd_bubble_scale': 7.756100581962925, 'gd_line_scale': 1.4956147937930424, 'gd_line_alpha': 0.939194825853675, 'coalescence_d_scale': 0.17201789418177973, 'capture_scale': 0.05874669753740906}. Best is trial 398 with value: 2.2424619397909873.
[I 2026-05-04 00:09:29,383] Trial 443 finished with value: 3.118549688327544 and parameters: {'rho_high_scale': 0.8253806523951477, 'f_n': 8.432131822994218e-09, 'K_d': 382771.9000542588, 'fission_rate': 4.81423654601525e+19, 'Dg_D1_scale': 0.5669246689466103, 'Dg_D3_scale': 0.8257514238255418, 'Dv_D1_scale': 1.322082351064289, 'Dv_D2_scale': 3.9986678593667513, 'b_bulk_scale': 0.04920641711479524, 'b_dislocation_scale': 0.5668866619989991, 'gb_scale': 2.5144590812309273, 'gd_bubble_scale': 0.32029670291686774, 'gd_line_scale': 1.630004033035908, 'gd_line_alpha': 0.9542263873302858, 'coalescence_d_scale': 0.22012341566830348, 'capture_scale': 0.08051198000184362}. Best is trial 398 with value: 2.2424619397909873.
[I 2026-05-04 00:10:04,903] Trial 444 finished with value: 2.9093664373644996 and parameters: {'rho_high_scale': 2.000957221330441, 'f_n': 2.295094888984271e-08, 'K_d': 366665.1006056845, 'fission_rate': 4.450228198191269e+19, 'Dg_D1_scale': 0.5814221573330498, 'Dg_D3_scale': 0.8714749816999077, 'Dv_D1_scale': 0.4735854739608472, 'Dv_D2_scale': 2.84298728685107, 'b_bulk_scale': 0.051247747299002444, 'b_dislocation_scale': 0.4199054249711272, 'gb_scale': 3.169897203701142, 'gd_bubble_scale': 7.0090429122128945, 'gd_line_scale': 0.9943822212584994, 'gd_line_alpha': 0.9119371677558814, 'coalescence_d_scale': 0.16093466241228507, 'capture_scale': 0.043314112343130484}. Best is trial 398 with value: 2.2424619397909873.
[I 2026-05-04 00:10:42,637] Trial 445 finished with value: 2.4392475755890697 and parameters: {'rho_high_scale': 0.7575068549439496, 'f_n': 1.5527009405821565e-08, 'K_d': 361088.46645367955, 'fission_rate': 4.751985414483706e+19, 'Dg_D1_scale': 0.5379160278280446, 'Dg_D3_scale': 1.015965689326748, 'Dv_D1_scale': 1.0066827815451642, 'Dv_D2_scale': 3.2974691897268946, 'b_bulk_scale': 0.12828757183006784, 'b_dislocation_scale': 0.4861517711214246, 'gb_scale': 2.890796242627435, 'gd_bubble_scale': 9.954115254534354, 'gd_line_scale': 1.3838418384038245, 'gd_line_alpha': 0.287393455392313, 'coalescence_d_scale': 0.1884497334002124, 'capture_scale': 0.03533994255339354}. Best is trial 398 with value: 2.2424619397909873.
[I 2026-05-04 00:11:15,323] Trial 446 finished with value: 2.456925665128513 and parameters: {'rho_high_scale': 0.7414714495035716, 'f_n': 1.1295943211810836e-08, 'K_d': 375085.3631828323, 'fission_rate': 4.583732721012517e+19, 'Dg_D1_scale': 0.6204941400904467, 'Dg_D3_scale': 0.9608153033376386, 'Dv_D1_scale': 0.42475694939875563, 'Dv_D2_scale': 3.593259832931236, 'b_bulk_scale': 0.04395935780111237, 'b_dislocation_scale': 0.44864566058382727, 'gb_scale': 3.3815445384909433, 'gd_bubble_scale': 8.278792023920989, 'gd_line_scale': 1.2321667967295942, 'gd_line_alpha': 0.9795562866267947, 'coalescence_d_scale': 0.2438130573626502, 'capture_scale': 0.06305935099463769}. Best is trial 398 with value: 2.2424619397909873.
[I 2026-05-04 00:11:48,526] Trial 447 finished with value: 2.6034687323179977 and parameters: {'rho_high_scale': 0.7972854185791204, 'f_n': 7.000531930345286e-09, 'K_d': 358300.3840571211, 'fission_rate': 4.701606108430834e+19, 'Dg_D1_scale': 0.49810369536985344, 'Dg_D3_scale': 0.31780412716673473, 'Dv_D1_scale': 0.38510813352812084, 'Dv_D2_scale': 0.47579046475411646, 'b_bulk_scale': 0.03890906460667471, 'b_dislocation_scale': 0.4073328742231137, 'gb_scale': 2.5435931314965803, 'gd_bubble_scale': 5.417615075302952, 'gd_line_scale': 1.1359666305938068, 'gd_line_alpha': 0.9264178688872458, 'coalescence_d_scale': 0.2989394056332769, 'capture_scale': 0.05060770763581046}. Best is trial 398 with value: 2.2424619397909873.
[I 2026-05-04 00:12:20,230] Trial 448 finished with value: 2.7994620085160493 and parameters: {'rho_high_scale': 0.7340287274910929, 'f_n': 9.54627787059763e-09, 'K_d': 370614.5336242091, 'fission_rate': 4.4842005986523324e+19, 'Dg_D1_scale': 0.6800708844993975, 'Dg_D3_scale': 0.7755690173365587, 'Dv_D1_scale': 0.44233008143209235, 'Dv_D2_scale': 3.788747990089091, 'b_bulk_scale': 0.06912542481434833, 'b_dislocation_scale': 0.5067134747739914, 'gb_scale': 2.9559563807721254, 'gd_bubble_scale': 7.436792368245222, 'gd_line_scale': 0.7839683621025049, 'gd_line_alpha': 0.950510852868859, 'coalescence_d_scale': 0.20203828469728935, 'capture_scale': 0.07482085196803792}. Best is trial 398 with value: 2.2424619397909873.
[I 2026-05-04 00:13:03,501] Trial 449 finished with value: 3.9977308189148157 and parameters: {'rho_high_scale': 0.7706840381364606, 'f_n': 1.3481290363946787e-08, 'K_d': 356110.85919836315, 'fission_rate': 4.415864863878417e+19, 'Dg_D1_scale': 0.551352917462015, 'Dg_D3_scale': 0.8853177679286051, 'Dv_D1_scale': 0.3615548582822466, 'Dv_D2_scale': 3.12177668690928, 'b_bulk_scale': 1.1342853886497508, 'b_dislocation_scale': 0.5469562709599957, 'gb_scale': 1.0953459353008157, 'gd_bubble_scale': 6.439529651328573, 'gd_line_scale': 1.535941848010027, 'gd_line_alpha': 0.9658507950964068, 'coalescence_d_scale': 0.3185927158616253, 'capture_scale': 0.026018089442085293}. Best is trial 398 with value: 2.2424619397909873.
[I 2026-05-04 00:13:47,804] Trial 450 finished with value: 3.249563361014828 and parameters: {'rho_high_scale': 0.7000431461206365, 'f_n': 1.783699204045387e-08, 'K_d': 366428.6937953905, 'fission_rate': 4.619332950650011e+19, 'Dg_D1_scale': 0.5962310031964422, 'Dg_D3_scale': 1.0412012853186907, 'Dv_D1_scale': 0.4151815059980953, 'Dv_D2_scale': 3.4977867503425637, 'b_bulk_scale': 0.0548268064279763, 'b_dislocation_scale': 0.27385816519917816, 'gb_scale': 1.334929018842609, 'gd_bubble_scale': 9.141639787438558, 'gd_line_scale': 1.2850772159616286, 'gd_line_alpha': 0.8988273566652486, 'coalescence_d_scale': 0.28081228481769216, 'capture_scale': 0.03863536186516075}. Best is trial 398 with value: 2.2424619397909873.
[I 2026-05-04 00:14:13,104] Trial 451 finished with value: 3.1393410066222995 and parameters: {'rho_high_scale': 2.9338723521182692, 'f_n': 3.1585988927433896e-08, 'K_d': 380399.60930211213, 'fission_rate': 6.03167706953676e+19, 'Dg_D1_scale': 0.508481388169797, 'Dg_D3_scale': 0.6681045060853725, 'Dv_D1_scale': 0.4713548777097144, 'Dv_D2_scale': 3.7913677453656636, 'b_bulk_scale': 0.06291449449913432, 'b_dislocation_scale': 0.4576123485549775, 'gb_scale': 3.4201825197472617, 'gd_bubble_scale': 8.418449360635847, 'gd_line_scale': 0.9095722490637823, 'gd_line_alpha': 0.9281005396437804, 'coalescence_d_scale': 0.3933401922548349, 'capture_scale': 0.05674434208861751}. Best is trial 398 with value: 2.2424619397909873.
Best trial: 398. Best value: 2.24246:  90%|█████████ | 452/500 [5:36:52<27:46, 34.72s/it]Best trial: 398. Best value: 2.24246:  90%|█████████ | 452/500 [5:36:52<27:46, 34.72s/it]Best trial: 398. Best value: 2.24246:  91%|█████████ | 453/500 [5:36:52<29:46, 38.00s/it]                                                                                         Best trial: 398. Best value: 2.24246:  91%|█████████ | 453/500 [5:37:14<29:46, 38.00s/it]Best trial: 398. Best value: 2.24246:  91%|█████████ | 453/500 [5:37:14<29:46, 38.00s/it]Best trial: 398. Best value: 2.24246:  91%|█████████ | 454/500 [5:37:14<25:30, 33.28s/it]                                                                                         Best trial: 398. Best value: 2.24246:  91%|█████████ | 454/500 [5:37:56<25:30, 33.28s/it]Best trial: 398. Best value: 2.24246:  91%|█████████ | 454/500 [5:37:56<25:30, 33.28s/it]Best trial: 398. Best value: 2.24246:  91%|█████████ | 455/500 [5:37:56<26:53, 35.86s/it]                                                                                         Best trial: 398. Best value: 2.24246:  91%|█████████ | 455/500 [5:38:33<26:53, 35.86s/it]Best trial: 398. Best value: 2.24246:  91%|█████████ | 455/500 [5:38:34<26:53, 35.86s/it]Best trial: 398. Best value: 2.24246:  91%|█████████ | 456/500 [5:38:34<26:37, 36.31s/it]                                                                                         Best trial: 398. Best value: 2.24246:  91%|█████████ | 456/500 [5:39:14<26:37, 36.31s/it]Best trial: 398. Best value: 2.24246:  91%|█████████ | 456/500 [5:39:14<26:37, 36.31s/it]Best trial: 398. Best value: 2.24246:  91%|█████████▏| 457/500 [5:39:14<26:52, 37.50s/it]                                                                                         Best trial: 398. Best value: 2.24246:  91%|█████████▏| 457/500 [5:39:54<26:52, 37.50s/it]Best trial: 398. Best value: 2.24246:  91%|█████████▏| 457/500 [5:39:54<26:52, 37.50s/it]Best trial: 398. Best value: 2.24246:  92%|█████████▏| 458/500 [5:39:54<26:47, 38.26s/it]                                                                                         Best trial: 398. Best value: 2.24246:  92%|█████████▏| 458/500 [5:40:33<26:47, 38.26s/it]Best trial: 398. Best value: 2.24246:  92%|█████████▏| 458/500 [5:40:34<26:47, 38.26s/it]Best trial: 398. Best value: 2.24246:  92%|█████████▏| 459/500 [5:40:34<26:27, 38.71s/it]                                                                                         Best trial: 398. Best value: 2.24246:  92%|█████████▏| 459/500 [5:41:17<26:27, 38.71s/it]Best trial: 398. Best value: 2.24246:  92%|█████████▏| 459/500 [5:41:17<26:27, 38.71s/it]Best trial: 398. Best value: 2.24246:  92%|█████████▏| 460/500 [5:41:17<26:43, 40.09s/it]                                                                                         Best trial: 398. Best value: 2.24246:  92%|█████████▏| 460/500 [5:42:00<26:43, 40.09s/it]Best trial: 398. Best value: 2.24246:  92%|█████████▏| 460/500 [5:42:00<26:43, 40.09s/it]Best trial: 398. Best value: 2.24246:  92%|█████████▏| 461/500 [5:42:00<26:41, 41.08s/it]                                                                                         Best trial: 398. Best value: 2.24246:  92%|█████████▏| 461/500 [5:42:20<26:41, 41.08s/it]Best trial: 398. Best value: 2.24246:  92%|█████████▏| 461/500 [5:42:20<26:41, 41.08s/it]Best trial: 398. Best value: 2.24246:  92%|█████████▏| 462/500 [5:42:20<22:00, 34.76s/it]                                                                                         Best trial: 398. Best value: 2.24246:  92%|█████████▏| 462/500 [5:42:59<22:00, 34.76s/it]Best trial: 398. Best value: 2.24246:  92%|█████████▏| 462/500 [5:43:00<22:00, 34.76s/it]Best trial: 398. Best value: 2.24246:  93%|█████████▎| 463/500 [5:43:00<22:15, 36.09s/it]                                                                                         [I 2026-05-04 00:14:58,731] Trial 452 finished with value: 2.3813959283180406 and parameters: {'rho_high_scale': 0.7005451777968006, 'f_n': 1.1185131390641879e-08, 'K_d': 360940.21942516783, 'fission_rate': 4.527465990932607e+19, 'Dg_D1_scale': 0.6326987167161454, 'Dg_D3_scale': 0.9468556758009463, 'Dv_D1_scale': 0.2624369418284937, 'Dv_D2_scale': 3.298972816527049, 'b_bulk_scale': 0.04989766002055386, 'b_dislocation_scale': 0.3989518302921941, 'gb_scale': 1.5836435495555372, 'gd_bubble_scale': 7.9645087566788275, 'gd_line_scale': 1.3904078931619759, 'gd_line_alpha': 0.9799430474862494, 'coalescence_d_scale': 0.25745334550282234, 'capture_scale': 0.043136485915443376}. Best is trial 398 with value: 2.2424619397909873.
[I 2026-05-04 00:15:21,003] Trial 453 finished with value: 2.8688728428041204 and parameters: {'rho_high_scale': 0.8590192668796126, 'f_n': 1.2860892563581674e-07, 'K_d': 343942.05893909687, 'fission_rate': 7.030690376736762e+19, 'Dg_D1_scale': 0.7512129341701682, 'Dg_D3_scale': 0.8050946949565482, 'Dv_D1_scale': 0.38773372438704207, 'Dv_D2_scale': 3.602271907912511, 'b_bulk_scale': 0.07157787676410343, 'b_dislocation_scale': 0.349084269000169, 'gb_scale': 2.3802262550186266, 'gd_bubble_scale': 9.136009481693229, 'gd_line_scale': 1.0942054677878101, 'gd_line_alpha': 0.38796907257067875, 'coalescence_d_scale': 0.1570756394658174, 'capture_scale': 0.04895847859987777}. Best is trial 398 with value: 2.2424619397909873.
[I 2026-05-04 00:16:02,847] Trial 454 finished with value: 2.9005940283326797 and parameters: {'rho_high_scale': 0.7592172995165907, 'f_n': 5.522242558298331e-09, 'K_d': 387492.0829853802, 'fission_rate': 4.782318840542967e+19, 'Dg_D1_scale': 0.4502110767036809, 'Dg_D3_scale': 1.1202041192763164, 'Dv_D1_scale': 0.5079950324803929, 'Dv_D2_scale': 3.783238498242294, 'b_bulk_scale': 0.04681843447283786, 'b_dislocation_scale': 0.3133525573184881, 'gb_scale': 3.1804421328543193, 'gd_bubble_scale': 7.023193506418738, 'gd_line_scale': 1.6543944906484847, 'gd_line_alpha': 0.9030349399174585, 'coalescence_d_scale': 0.34490897451553865, 'capture_scale': 0.03282061879514992}. Best is trial 398 with value: 2.2424619397909873.
[I 2026-05-04 00:16:40,227] Trial 455 finished with value: 2.479592197111587 and parameters: {'rho_high_scale': 0.7316171522426862, 'f_n': 7.506946068436391e-09, 'K_d': 399398.85992081166, 'fission_rate': 4.373914206366479e+19, 'Dg_D1_scale': 0.552500834175328, 'Dg_D3_scale': 1.0153209589227807, 'Dv_D1_scale': 0.46061170065578894, 'Dv_D2_scale': 1.2297790137102524, 'b_bulk_scale': 0.06024506890683723, 'b_dislocation_scale': 0.4317146846530937, 'gb_scale': 3.810452604057342, 'gd_bubble_scale': 8.3039730942948, 'gd_line_scale': 1.0157630470248344, 'gd_line_alpha': 0.9992868711868468, 'coalescence_d_scale': 0.23197362992819656, 'capture_scale': 0.06247091907159584}. Best is trial 398 with value: 2.2424619397909873.
[I 2026-05-04 00:17:20,537] Trial 456 finished with value: 4.903767540913792 and parameters: {'rho_high_scale': 3.7896505052435234, 'f_n': 1.445550417726402e-08, 'K_d': 372099.5429775935, 'fission_rate': 4.665011293446141e+19, 'Dg_D1_scale': 0.4735303370387289, 'Dg_D3_scale': 0.8672275211618432, 'Dv_D1_scale': 0.43131980568736256, 'Dv_D2_scale': 3.4586702201863866, 'b_bulk_scale': 0.05477712008122882, 'b_dislocation_scale': 0.3869403938427276, 'gb_scale': 2.908947128388253, 'gd_bubble_scale': 6.394298484010568, 'gd_line_scale': 1.414359062367746, 'gd_line_alpha': 0.9486204529994243, 'coalescence_d_scale': 0.5228400543124534, 'capture_scale': 0.02808961352728847}. Best is trial 398 with value: 2.2424619397909873.
[I 2026-05-04 00:18:00,584] Trial 457 finished with value: 2.4774792190900965 and parameters: {'rho_high_scale': 0.8040142857405278, 'f_n': 9.281708155760243e-09, 'K_d': 353073.75002836104, 'fission_rate': 4.530195935776841e+19, 'Dg_D1_scale': 0.5794865502707268, 'Dg_D3_scale': 0.706435530573851, 'Dv_D1_scale': 0.4059170850730071, 'Dv_D2_scale': 3.0840343277347486, 'b_bulk_scale': 0.07513913656725027, 'b_dislocation_scale': 0.49430641253486024, 'gb_scale': 2.6606110446279714, 'gd_bubble_scale': 9.343006091580802, 'gd_line_scale': 1.7953613281244702, 'gd_line_alpha': 0.9230211136346564, 'coalescence_d_scale': 0.30787827052616146, 'capture_scale': 0.07347766085525088}. Best is trial 398 with value: 2.2424619397909873.
[I 2026-05-04 00:18:40,327] Trial 458 finished with value: 3.4513409119716045 and parameters: {'rho_high_scale': 0.736360788181882, 'f_n': 2.4016294676857883e-08, 'K_d': 364902.0281331356, 'fission_rate': 4.88714607092241e+19, 'Dg_D1_scale': 0.5172882073208969, 'Dg_D3_scale': 1.057286841685071, 'Dv_D1_scale': 0.33437444162245544, 'Dv_D2_scale': 3.6329574936845654, 'b_bulk_scale': 0.8549723595925858, 'b_dislocation_scale': 0.5757081480752492, 'gb_scale': 1.2259768848270975, 'gd_bubble_scale': 7.435806974988393, 'gd_line_scale': 1.2450679032900465, 'gd_line_alpha': 0.9427331750529778, 'coalescence_d_scale': 0.21528394427888445, 'capture_scale': 0.04175495410872078}. Best is trial 398 with value: 2.2424619397909873.
[I 2026-05-04 00:19:23,611] Trial 459 finished with value: 4.43327489001818 and parameters: {'rho_high_scale': 0.772499286960335, 'f_n': 1.8033455480867155e-08, 'K_d': 358144.51544513, 'fission_rate': 4.420776775794631e+19, 'Dg_D1_scale': 0.6643272416909312, 'Dg_D3_scale': 0.9240729541821409, 'Dv_D1_scale': 0.6151102881458941, 'Dv_D2_scale': 3.8291399398018804, 'b_bulk_scale': 0.06561597048878327, 'b_dislocation_scale': 0.12610272925316435, 'gb_scale': 3.4223620771812744, 'gd_bubble_scale': 8.2130140824936, 'gd_line_scale': 1.5805433736349892, 'gd_line_alpha': 0.8916050790506265, 'coalescence_d_scale': 0.27706396187830695, 'capture_scale': 0.05021600780389896}. Best is trial 398 with value: 2.2424619397909873.
