[I 2026-05-03 20:13:55,483] Trial 190 finished with value: 2.4644175462824185 and parameters: {'rho_high_scale': 0.8205132192095573, 'f_n': 6.582663908439619e-08, 'K_d': 363638.72446405876, 'fission_rate': 6.224953095511099e+19, 'Dg_D1_scale': 0.7857308787027247, 'Dg_D3_scale': 0.7604482198820197, 'Dv_D1_scale': 0.3249342936122449, 'Dv_D2_scale': 3.0052507854060706, 'b_bulk_scale': 0.040887951802806716, 'b_dislocation_scale': 0.3957469698411463, 'gb_scale': 0.8511194116510821, 'gd_bubble_scale': 5.023085136108578, 'gd_line_scale': 1.2870889324464445, 'gd_line_alpha': 0.9057188304919552, 'coalescence_d_scale': 0.12560042260204218, 'capture_scale': 0.01887428443018617}. Best is trial 121 with value: 2.296521578936564.
[I 2026-05-03 20:14:24,618] Trial 191 finished with value: 2.4369870352327165 and parameters: {'rho_high_scale': 0.7558103712912383, 'f_n': 2.932388205416625e-08, 'K_d': 367087.3927423511, 'fission_rate': 5.862675661657427e+19, 'Dg_D1_scale': 0.730295265245396, 'Dg_D3_scale': 0.8348269142616934, 'Dv_D1_scale': 0.28199146276438397, 'Dv_D2_scale': 2.774454015604647, 'b_bulk_scale': 0.04791942985833862, 'b_dislocation_scale': 0.37424933969473617, 'gb_scale': 1.2323937627068564, 'gd_bubble_scale': 6.087554761406897, 'gd_line_scale': 0.9688419497031621, 'gd_line_alpha': 0.8770732517453458, 'coalescence_d_scale': 0.16551966582054228, 'capture_scale': 0.04012907284292682}. Best is trial 121 with value: 2.296521578936564.
[I 2026-05-03 20:14:55,689] Trial 192 finished with value: 2.29245498181949 and parameters: {'rho_high_scale': 0.7335851722395168, 'f_n': 1.8307782480748112e-08, 'K_d': 354529.2559095262, 'fission_rate': 6.019298240362847e+19, 'Dg_D1_scale': 0.6722017907907794, 'Dg_D3_scale': 0.8992680079284316, 'Dv_D1_scale': 0.3127640035255956, 'Dv_D2_scale': 2.899208175685512, 'b_bulk_scale': 0.05317777191873848, 'b_dislocation_scale': 0.33807136309498137, 'gb_scale': 1.355852451011269, 'gd_bubble_scale': 6.444934634860119, 'gd_line_scale': 0.958894593293291, 'gd_line_alpha': 0.8562821507656002, 'coalescence_d_scale': 0.180518579018262, 'capture_scale': 0.13498598587654542}. Best is trial 192 with value: 2.29245498181949.
[I 2026-05-03 20:15:26,562] Trial 193 finished with value: 2.348849258351747 and parameters: {'rho_high_scale': 0.7279086789697459, 'f_n': 1.6280406259487353e-08, 'K_d': 353504.6061120877, 'fission_rate': 6.011173724495227e+19, 'Dg_D1_scale': 0.6653925802742754, 'Dg_D3_scale': 0.6878819870002854, 'Dv_D1_scale': 0.30448729097029953, 'Dv_D2_scale': 2.613458670655389, 'b_bulk_scale': 0.06398907215473086, 'b_dislocation_scale': 0.32425649796783834, 'gb_scale': 1.7328010235028897, 'gd_bubble_scale': 6.8626145196989805, 'gd_line_scale': 0.7880566307507, 'gd_line_alpha': 0.855628533682035, 'coalescence_d_scale': 0.2044332244313438, 'capture_scale': 0.09962142006981696}. Best is trial 192 with value: 2.29245498181949.
[I 2026-05-03 20:16:00,062] Trial 194 finished with value: 4.869387430282179 and parameters: {'rho_high_scale': 4.608306634777791, 'f_n': 1.4785516433027865e-08, 'K_d': 352575.2907903381, 'fission_rate': 6.015563867846599e+19, 'Dg_D1_scale': 0.6608594446290672, 'Dg_D3_scale': 0.659797463864925, 'Dv_D1_scale': 0.30498974545677904, 'Dv_D2_scale': 3.2305862159036045, 'b_bulk_scale': 0.0639969725822189, 'b_dislocation_scale': 0.31129386309177065, 'gb_scale': 1.6757717085934332, 'gd_bubble_scale': 6.956441683473561, 'gd_line_scale': 0.764162037107602, 'gd_line_alpha': 0.8607729633755424, 'coalescence_d_scale': 0.2041908985895547, 'capture_scale': 0.08987688697082395}. Best is trial 192 with value: 2.29245498181949.
[I 2026-05-03 20:16:33,721] Trial 195 finished with value: 2.4018091196897675 and parameters: {'rho_high_scale': 0.7203963082552698, 'f_n': 1.8903066680153214e-08, 'K_d': 357858.31283616595, 'fission_rate': 5.930675730425268e+19, 'Dg_D1_scale': 0.6227867519773114, 'Dg_D3_scale': 0.9004776360530509, 'Dv_D1_scale': 0.33042554985835143, 'Dv_D2_scale': 2.9392566729051404, 'b_bulk_scale': 0.05589130587480386, 'b_dislocation_scale': 0.2760511222687144, 'gb_scale': 2.0194318540996554, 'gd_bubble_scale': 7.794045945927931, 'gd_line_scale': 1.1793453845929298, 'gd_line_alpha': 0.82776467065611, 'coalescence_d_scale': 0.19107292111014, 'capture_scale': 0.1259767901331243}. Best is trial 192 with value: 2.29245498181949.
[I 2026-05-03 20:17:05,884] Trial 196 finished with value: 2.2927819220865415 and parameters: {'rho_high_scale': 0.7017649942487671, 'f_n': 1.4007024014903836e-08, 'K_d': 374115.91781333607, 'fission_rate': 6.07241931003249e+19, 'Dg_D1_scale': 0.6894399330779742, 'Dg_D3_scale': 0.6892615816442965, 'Dv_D1_scale': 0.31158888966750137, 'Dv_D2_scale': 3.120486927887253, 'b_bulk_scale': 0.05995242367611377, 'b_dislocation_scale': 0.3316154585432931, 'gb_scale': 1.4193081600871627, 'gd_bubble_scale': 6.667956291764817, 'gd_line_scale': 0.9968607547717567, 'gd_line_alpha': 0.8506418399859784, 'coalescence_d_scale': 0.22223354380327123, 'capture_scale': 0.08473336380227145}. Best is trial 192 with value: 2.29245498181949.
[I 2026-05-03 20:17:38,580] Trial 197 finished with value: 4.526642556997912 and parameters: {'rho_high_scale': 0.7034333541992327, 'f_n': 1.316028785954031e-08, 'K_d': 381260.058664229, 'fission_rate': 6.098532538536684e+19, 'Dg_D1_scale': 0.8027346198025977, 'Dg_D3_scale': 0.7053971951267148, 'Dv_D1_scale': 2.771012331000789, 'Dv_D2_scale': 3.078758914458628, 'b_bulk_scale': 0.05985015563191709, 'b_dislocation_scale': 0.248325341684169, 'gb_scale': 1.595560864451821, 'gd_bubble_scale': 9.050120753289177, 'gd_line_scale': 1.0560626126801738, 'gd_line_alpha': 0.8505469703661391, 'coalescence_d_scale': 0.2226683091992316, 'capture_scale': 0.11126264749203817}. Best is trial 192 with value: 2.29245498181949.
[I 2026-05-03 20:18:11,328] Trial 198 finished with value: 2.8658689139943996 and parameters: {'rho_high_scale': 0.7889305301502015, 'f_n': 1.7386312091890658e-08, 'K_d': 340105.31772819563, 'fission_rate': 6.1500122569157214e+19, 'Dg_D1_scale': 0.931947689721375, 'Dg_D3_scale': 0.5954701200221657, 'Dv_D1_scale': 0.304822412858693, 'Dv_D2_scale': 2.6076522580617083, 'b_bulk_scale': 0.06738412819767209, 'b_dislocation_scale': 0.3286963977640236, 'gb_scale': 1.0052387960800597, 'gd_bubble_scale': 6.47029779811127, 'gd_line_scale': 1.4253219142721636, 'gd_line_alpha': 0.7956413508881615, 'coalescence_d_scale': 0.20665301728639202, 'capture_scale': 0.08608361632263757}. Best is trial 192 with value: 2.29245498181949.
Best trial: 192. Best value: 2.29245:  40%|███▉      | 199/500 [1:40:28<2:42:40, 32.43s/it]Best trial: 192. Best value: 2.29245:  40%|███▉      | 199/500 [1:40:28<2:42:40, 32.43s/it]Best trial: 192. Best value: 2.29245:  40%|████      | 200/500 [1:40:28<2:28:26, 29.69s/it]                                                                                           Best trial: 192. Best value: 2.29245:  40%|████      | 200/500 [1:40:59<2:28:26, 29.69s/it]Best trial: 192. Best value: 2.29245:  40%|████      | 200/500 [1:40:59<2:28:26, 29.69s/it]Best trial: 192. Best value: 2.29245:  40%|████      | 201/500 [1:40:59<2:30:38, 30.23s/it]                                                                                           Best trial: 192. Best value: 2.29245:  40%|████      | 201/500 [1:41:33<2:30:38, 30.23s/it]Best trial: 192. Best value: 2.29245:  40%|████      | 201/500 [1:41:33<2:30:38, 30.23s/it]Best trial: 192. Best value: 2.29245:  40%|████      | 202/500 [1:41:33<2:35:02, 31.22s/it]                                                                                           Best trial: 192. Best value: 2.29245:  40%|████      | 202/500 [1:42:05<2:35:02, 31.22s/it]Best trial: 192. Best value: 2.29245:  40%|████      | 202/500 [1:42:05<2:35:02, 31.22s/it]Best trial: 192. Best value: 2.29245:  41%|████      | 203/500 [1:42:05<2:36:00, 31.52s/it]                                                                                           Best trial: 192. Best value: 2.29245:  41%|████      | 203/500 [1:42:37<2:36:00, 31.52s/it]Best trial: 192. Best value: 2.29245:  41%|████      | 203/500 [1:42:37<2:36:00, 31.52s/it]Best trial: 192. Best value: 2.29245:  41%|████      | 204/500 [1:42:37<2:36:28, 31.72s/it]                                                                                           Best trial: 192. Best value: 2.29245:  41%|████      | 204/500 [1:43:12<2:36:28, 31.72s/it]Best trial: 192. Best value: 2.29245:  41%|████      | 204/500 [1:43:12<2:36:28, 31.72s/it]Best trial: 192. Best value: 2.29245:  41%|████      | 205/500 [1:43:12<2:40:28, 32.64s/it]                                                                                           Best trial: 192. Best value: 2.29245:  41%|████      | 205/500 [1:43:45<2:40:28, 32.64s/it]Best trial: 192. Best value: 2.29245:  41%|████      | 205/500 [1:43:45<2:40:28, 32.64s/it]Best trial: 192. Best value: 2.29245:  41%|████      | 206/500 [1:43:45<2:40:43, 32.80s/it]                                                                                           Best trial: 192. Best value: 2.29245:  41%|████      | 206/500 [1:44:14<2:40:43, 32.80s/it]Best trial: 192. Best value: 2.29245:  41%|████      | 206/500 [1:44:14<2:40:43, 32.80s/it]Best trial: 192. Best value: 2.29245:  41%|████▏     | 207/500 [1:44:14<2:33:54, 31.52s/it]                                                                                           Best trial: 192. Best value: 2.29245:  41%|████▏     | 207/500 [1:44:41<2:33:54, 31.52s/it]Best trial: 192. Best value: 2.29245:  41%|████▏     | 207/500 [1:44:41<2:33:54, 31.52s/it]Best trial: 192. Best value: 2.29245:  42%|████▏     | 208/500 [1:44:41<2:27:16, 30.26s/it]                                                                                           Best trial: 192. Best value: 2.29245:  42%|████▏     | 208/500 [1:45:21<2:27:16, 30.26s/it]Best trial: 192. Best value: 2.29245:  42%|████▏     | 208/500 [1:45:22<2:27:16, 30.26s/it]Best trial: 192. Best value: 2.29245:  42%|████▏     | 209/500 [1:45:22<2:41:37, 33.33s/it]                                                                                           Best trial: 192. Best value: 2.29245:  42%|████▏     | 209/500 [1:45:57<2:41:37, 33.33s/it]Best trial: 192. Best value: 2.29245:  42%|████▏     | 209/500 [1:45:57<2:41:37, 33.33s/it]Best trial: 192. Best value: 2.29245:  42%|████▏     | 210/500 [1:45:57<2:44:29, 34.03s/it]                                                                                           [I 2026-05-03 20:18:34,621] Trial 199 finished with value: 3.467332318669256 and parameters: {'rho_high_scale': 0.70081307098478, 'f_n': 2.1880210537260914e-08, 'K_d': 390380.16826965136, 'fission_rate': 6.024101949335527e+19, 'Dg_D1_scale': 0.6956549861725065, 'Dg_D3_scale': 0.6851490458012107, 'Dv_D1_scale': 0.31300652290447667, 'Dv_D2_scale': 3.800092173007839, 'b_bulk_scale': 0.05393171510596758, 'b_dislocation_scale': 0.2844201273830012, 'gb_scale': 1.42307361391968, 'gd_bubble_scale': 0.2076046197786131, 'gd_line_scale': 0.7735718432617175, 'gd_line_alpha': 0.8181890421686782, 'coalescence_d_scale': 0.15360065155083324, 'capture_scale': 0.1378911054104438}. Best is trial 192 with value: 2.29245498181949.
[I 2026-05-03 20:19:06,109] Trial 200 finished with value: 2.349202097546902 and parameters: {'rho_high_scale': 0.7958016693414104, 'f_n': 1.514224134288593e-08, 'K_d': 375194.34522096755, 'fission_rate': 5.895002738044516e+19, 'Dg_D1_scale': 0.6090271721716132, 'Dg_D3_scale': 0.7853973440105186, 'Dv_D1_scale': 0.34409523415261, 'Dv_D2_scale': 3.420153093185938, 'b_bulk_scale': 0.04424224714493093, 'b_dislocation_scale': 0.3320369700474283, 'gb_scale': 1.8462961065949597, 'gd_bubble_scale': 7.250199739142515, 'gd_line_scale': 1.1666904256489763, 'gd_line_alpha': 0.8463343458118397, 'coalescence_d_scale': 0.18324128781455554, 'capture_scale': 0.06264752014594735}. Best is trial 192 with value: 2.29245498181949.
[I 2026-05-03 20:19:39,613] Trial 201 finished with value: 2.3553960086712924 and parameters: {'rho_high_scale': 0.7743565065299849, 'f_n': 1.4457232184210407e-08, 'K_d': 375407.531758356, 'fission_rate': 5.894303036897099e+19, 'Dg_D1_scale': 0.5981827225621132, 'Dg_D3_scale': 0.8001349943708425, 'Dv_D1_scale': 0.34716813039857924, 'Dv_D2_scale': 3.4988835200848327, 'b_bulk_scale': 0.04215028268822187, 'b_dislocation_scale': 0.32580194465449036, 'gb_scale': 1.8406258087084149, 'gd_bubble_scale': 7.242956519944601, 'gd_line_scale': 1.224462819763478, 'gd_line_alpha': 0.8855266016324, 'coalescence_d_scale': 0.18454340036830402, 'capture_scale': 0.06293007767113833}. Best is trial 192 with value: 2.29245498181949.
[I 2026-05-03 20:20:11,855] Trial 202 finished with value: 2.421273806471201 and parameters: {'rho_high_scale': 0.7766864269516924, 'f_n': 1.4029228132172006e-08, 'K_d': 373142.02980556246, 'fission_rate': 5.9477588855170064e+19, 'Dg_D1_scale': 0.6082792917944676, 'Dg_D3_scale': 0.7842408677903846, 'Dv_D1_scale': 0.35089311900302417, 'Dv_D2_scale': 3.4887589843902265, 'b_bulk_scale': 0.04440719981454619, 'b_dislocation_scale': 0.3036579249952877, 'gb_scale': 1.8514148579211727, 'gd_bubble_scale': 7.471612595996898, 'gd_line_scale': 1.1342201034988588, 'gd_line_alpha': 0.8413117541836844, 'coalescence_d_scale': 0.18349405141851818, 'capture_scale': 0.05688848690430068}. Best is trial 192 with value: 2.29245498181949.
[I 2026-05-03 20:20:44,040] Trial 203 finished with value: 2.399346336686308 and parameters: {'rho_high_scale': 0.737939763759368, 'f_n': 1.7270403814082037e-08, 'K_d': 360262.3882826013, 'fission_rate': 6.2367756278877454e+19, 'Dg_D1_scale': 0.6538051043730945, 'Dg_D3_scale': 0.8256238001975932, 'Dv_D1_scale': 0.27239284401730857, 'Dv_D2_scale': 3.5948149034331855, 'b_bulk_scale': 0.052373106453587594, 'b_dislocation_scale': 0.2641055396700182, 'gb_scale': 2.1582096382151446, 'gd_bubble_scale': 8.694756891126785, 'gd_line_scale': 1.0332456868519386, 'gd_line_alpha': 0.8840633478018566, 'coalescence_d_scale': 0.217665822410556, 'capture_scale': 0.06596256820509766}. Best is trial 192 with value: 2.29245498181949.
[I 2026-05-03 20:21:18,829] Trial 204 finished with value: 2.3918608935890107 and parameters: {'rho_high_scale': 0.7926927173248745, 'f_n': 1.106844225712345e-08, 'K_d': 373627.44309997105, 'fission_rate': 5.7757725694950556e+19, 'Dg_D1_scale': 0.5908143599954612, 'Dg_D3_scale': 0.6430259156595564, 'Dv_D1_scale': 0.3678692875447763, 'Dv_D2_scale': 3.372100460036936, 'b_bulk_scale': 0.06087777937376432, 'b_dislocation_scale': 0.32088441418228447, 'gb_scale': 1.69197360572241, 'gd_bubble_scale': 7.076945392497045, 'gd_line_scale': 0.8542750833243066, 'gd_line_alpha': 0.8891940550604277, 'coalescence_d_scale': 0.18741947891588998, 'capture_scale': 0.07607771054581514}. Best is trial 192 with value: 2.29245498181949.
[I 2026-05-03 20:21:52,008] Trial 205 finished with value: 2.763610808811855 and parameters: {'rho_high_scale': 0.7588399465577323, 'f_n': 1.5440464463132436e-08, 'K_d': 359976.77177377336, 'fission_rate': 6.054804515700503e+19, 'Dg_D1_scale': 0.6401017123927897, 'Dg_D3_scale': 0.7768967707924761, 'Dv_D1_scale': 0.3406364288047896, 'Dv_D2_scale': 3.7813047808724782, 'b_bulk_scale': 0.040641556847087916, 'b_dislocation_scale': 0.214351513323011, 'gb_scale': 1.9032923521999405, 'gd_bubble_scale': 7.818356303785476, 'gd_line_scale': 1.0168962985153918, 'gd_line_alpha': 0.8532292441096357, 'coalescence_d_scale': 0.16044429357328305, 'capture_scale': 0.070521001816584}. Best is trial 192 with value: 2.29245498181949.
[I 2026-05-03 20:22:20,529] Trial 206 finished with value: 2.4397923325189965 and parameters: {'rho_high_scale': 0.7336910296242167, 'f_n': 2.1039086426515028e-08, 'K_d': 379231.4038102946, 'fission_rate': 5.835130524017484e+19, 'Dg_D1_scale': 0.7455933852176072, 'Dg_D3_scale': 0.7022558139870212, 'Dv_D1_scale': 0.29398683440828466, 'Dv_D2_scale': 3.4031099196528847, 'b_bulk_scale': 0.04597262451986846, 'b_dislocation_scale': 0.29005372488067305, 'gb_scale': 3.0557937834488067, 'gd_bubble_scale': 5.504516394514139, 'gd_line_scale': 1.3218044731034455, 'gd_line_alpha': 0.8355582338158203, 'coalescence_d_scale': 0.2527236379733458, 'capture_scale': 0.08391582264724473}. Best is trial 192 with value: 2.29245498181949.
[I 2026-05-03 20:22:47,857] Trial 207 finished with value: 2.6797872850201983 and parameters: {'rho_high_scale': 0.8516228556598243, 'f_n': 2.4903825384679066e-08, 'K_d': 352119.33157637395, 'fission_rate': 5.945090870229852e+19, 'Dg_D1_scale': 0.5953782089281319, 'Dg_D3_scale': 0.9613671075559752, 'Dv_D1_scale': 0.35869371276552664, 'Dv_D2_scale': 3.155019760068876, 'b_bulk_scale': 0.05227359599340905, 'b_dislocation_scale': 0.33743054104282605, 'gb_scale': 2.4784305576291663, 'gd_bubble_scale': 6.375451172058855, 'gd_line_scale': 0.9126191231782378, 'gd_line_alpha': 0.8589293439222516, 'coalescence_d_scale': 0.16498625798787958, 'capture_scale': 0.10287663786389978}. Best is trial 192 with value: 2.29245498181949.
[I 2026-05-03 20:23:28,332] Trial 208 finished with value: 2.8150543908563903 and parameters: {'rho_high_scale': 0.7882932277726336, 'f_n': 1.226414565732699e-08, 'K_d': 387646.99427105585, 'fission_rate': 4.802369075783351e+19, 'Dg_D1_scale': 0.17470102159095735, 'Dg_D3_scale': 0.5653811324975834, 'Dv_D1_scale': 0.3880504294674501, 'Dv_D2_scale': 3.9741993446709976, 'b_bulk_scale': 0.16954955274653055, 'b_dislocation_scale': 0.24479014289663129, 'gb_scale': 1.634340778221433, 'gd_bubble_scale': 5.463000577132498, 'gd_line_scale': 0.6843739852455063, 'gd_line_alpha': 0.8140174404323016, 'coalescence_d_scale': 0.18377185616906105, 'capture_scale': 0.012005539471752107}. Best is trial 192 with value: 2.29245498181949.
[I 2026-05-03 20:24:04,014] Trial 209 finished with value: 2.340964831228339 and parameters: {'rho_high_scale': 0.7366714514069185, 'f_n': 1.8166174664479888e-08, 'K_d': 368223.4068755869, 'fission_rate': 4.5068555258553434e+19, 'Dg_D1_scale': 0.6908506147184758, 'Dg_D3_scale': 0.7498757144444409, 'Dv_D1_scale': 0.41904218277164446, 'Dv_D2_scale': 3.643201667803521, 'b_bulk_scale': 0.05799756644839085, 'b_dislocation_scale': 0.393230866210637, 'gb_scale': 2.14253400142419, 'gd_bubble_scale': 7.1420440056170005, 'gd_line_scale': 1.1199465716873778, 'gd_line_alpha': 0.9067376971828933, 'coalescence_d_scale': 0.14322050550166993, 'capture_scale': 0.05172474238639803}. Best is trial 192 with value: 2.29245498181949.
