[I 2026-05-03 22:57:28,610] Trial 325 finished with value: 2.3760554303750068 and parameters: {'rho_high_scale': 0.700184207509945, 'f_n': 4.4386381991497993e-08, 'K_d': 546749.7954136571, 'fission_rate': 4.556573057016879e+19, 'Dg_D1_scale': 0.4781533925926521, 'Dg_D3_scale': 1.031733603966659, 'Dv_D1_scale': 0.4221684055236725, 'Dv_D2_scale': 3.0525775160217345, 'b_bulk_scale': 0.051200170019126814, 'b_dislocation_scale': 0.40674493400319084, 'gb_scale': 1.2967945927668951, 'gd_bubble_scale': 7.536642100707869, 'gd_line_scale': 1.8869694397961179, 'gd_line_alpha': 0.9419889013060689, 'coalescence_d_scale': 0.23627741724739146, 'capture_scale': 0.0661336853139014}. Best is trial 215 with value: 2.267143995123024.
[I 2026-05-03 22:58:08,428] Trial 326 finished with value: 2.524441904364572 and parameters: {'rho_high_scale': 0.7644581439872592, 'f_n': 6.053421350123534e-08, 'K_d': 360097.4137756134, 'fission_rate': 4.648700236185515e+19, 'Dg_D1_scale': 0.4555351011910737, 'Dg_D3_scale': 0.8950441810512962, 'Dv_D1_scale': 0.45448064441594405, 'Dv_D2_scale': 3.5625627194212908, 'b_bulk_scale': 0.06136890078766006, 'b_dislocation_scale': 0.44609887585838875, 'gb_scale': 0.9206587626855799, 'gd_bubble_scale': 6.900987695609714, 'gd_line_scale': 2.135922829726568, 'gd_line_alpha': 0.8948841081574082, 'coalescence_d_scale': 0.31388773360649463, 'capture_scale': 0.044155028653629205}. Best is trial 215 with value: 2.267143995123024.
[I 2026-05-03 22:58:39,686] Trial 327 finished with value: 2.5818704384878095 and parameters: {'rho_high_scale': 0.87538876158673, 'f_n': 8.28114409680991e-08, 'K_d': 353476.34389698674, 'fission_rate': 4.76349360165828e+19, 'Dg_D1_scale': 0.5150282875563074, 'Dg_D3_scale': 1.2531977568644597, 'Dv_D1_scale': 0.3993008929788995, 'Dv_D2_scale': 3.9975239593759753, 'b_bulk_scale': 0.057532718023487375, 'b_dislocation_scale': 0.9910865039254008, 'gb_scale': 0.7089509120290991, 'gd_bubble_scale': 8.263442569862052, 'gd_line_scale': 2.341626216971837, 'gd_line_alpha': 0.919610420052851, 'coalescence_d_scale': 0.20202971163874878, 'capture_scale': 0.05168635449956223}. Best is trial 215 with value: 2.267143995123024.
[I 2026-05-03 22:59:05,857] Trial 328 finished with value: 3.6782626424514238 and parameters: {'rho_high_scale': 0.7880832047885279, 'f_n': 1.691617576485135e-08, 'K_d': 364535.03098111664, 'fission_rate': 4.504223271169018e+19, 'Dg_D1_scale': 0.40936729798995825, 'Dg_D3_scale': 0.8285215269773746, 'Dv_D1_scale': 0.35561556201153605, 'Dv_D2_scale': 1.5735946034549306, 'b_bulk_scale': 0.04903057320734634, 'b_dislocation_scale': 0.7448284178729755, 'gb_scale': 2.325983668939019, 'gd_bubble_scale': 6.000014072099639, 'gd_line_scale': 0.9795633837689425, 'gd_line_alpha': 0.8783538544644377, 'coalescence_d_scale': 0.2521397755827372, 'capture_scale': 0.03609534199539286}. Best is trial 215 with value: 2.267143995123024.
[I 2026-05-03 22:59:39,110] Trial 329 finished with value: 2.8860087298030686 and parameters: {'rho_high_scale': 0.7347591859607755, 'f_n': 7.413876476988831e-08, 'K_d': 337809.214906049, 'fission_rate': 4.552027425400334e+19, 'Dg_D1_scale': 0.5063206426530805, 'Dg_D3_scale': 0.949236691169286, 'Dv_D1_scale': 0.46971341000357975, 'Dv_D2_scale': 3.3346961068062138, 'b_bulk_scale': 0.0668673441873199, 'b_dislocation_scale': 0.3454365398878968, 'gb_scale': 4.484271419912471, 'gd_bubble_scale': 7.492755191047366, 'gd_line_scale': 1.6734122859198004, 'gd_line_alpha': 0.948244941556256, 'coalescence_d_scale': 0.2766313997518225, 'capture_scale': 0.05653201718674635}. Best is trial 215 with value: 2.267143995123024.
[I 2026-05-03 23:00:19,975] Trial 330 finished with value: 2.7891849308813126 and parameters: {'rho_high_scale': 0.8214141006473367, 'f_n': 1.1623110237078111e-08, 'K_d': 346983.47413065407, 'fission_rate': 4.694985350813335e+19, 'Dg_D1_scale': 0.5516787701656076, 'Dg_D3_scale': 1.1054489823137785, 'Dv_D1_scale': 0.42422018555746954, 'Dv_D2_scale': 3.7224549632310313, 'b_bulk_scale': 0.11045563744971039, 'b_dislocation_scale': 0.6411668582541021, 'gb_scale': 0.8422173626168287, 'gd_bubble_scale': 8.47622934124295, 'gd_line_scale': 1.0865713742042713, 'gd_line_alpha': 0.95953385583085, 'coalescence_d_scale': 0.1682550045072255, 'capture_scale': 4.942648708361163}. Best is trial 215 with value: 2.267143995123024.
Best trial: 215. Best value: 2.26714:  66%|██████▌   | 331/500 [4:22:58<1:40:42, 35.75s/it]Best trial: 215. Best value: 2.26714:  66%|██████▌   | 331/500 [4:22:58<1:40:42, 35.75s/it]Best trial: 215. Best value: 2.26714:  66%|██████▋   | 332/500 [4:22:58<1:47:25, 38.37s/it]                                                                                           Best trial: 215. Best value: 2.26714:  66%|██████▋   | 332/500 [4:23:42<1:47:25, 38.37s/it]Best trial: 215. Best value: 2.26714:  66%|██████▋   | 332/500 [4:23:42<1:47:25, 38.37s/it]Best trial: 215. Best value: 2.26714:  67%|██████▋   | 333/500 [4:23:42<1:51:31, 40.07s/it]                                                                                           Best trial: 215. Best value: 2.26714:  67%|██████▋   | 333/500 [4:24:24<1:51:31, 40.07s/it]Best trial: 215. Best value: 2.26714:  67%|██████▋   | 333/500 [4:24:24<1:51:31, 40.07s/it]Best trial: 215. Best value: 2.26714:  67%|██████▋   | 334/500 [4:24:24<1:52:47, 40.77s/it]                                                                                           Best trial: 215. Best value: 2.26714:  67%|██████▋   | 334/500 [4:25:04<1:52:47, 40.77s/it]Best trial: 215. Best value: 2.26714:  67%|██████▋   | 334/500 [4:25:04<1:52:47, 40.77s/it]Best trial: 215. Best value: 2.26714:  67%|██████▋   | 335/500 [4:25:04<1:51:35, 40.58s/it]                                                                                           Best trial: 215. Best value: 2.26714:  67%|██████▋   | 335/500 [4:25:49<1:51:35, 40.58s/it]Best trial: 215. Best value: 2.26714:  67%|██████▋   | 335/500 [4:25:50<1:51:35, 40.58s/it]Best trial: 215. Best value: 2.26714:  67%|██████▋   | 336/500 [4:25:50<1:54:45, 41.99s/it]                                                                                           Best trial: 215. Best value: 2.26714:  67%|██████▋   | 336/500 [4:26:31<1:54:45, 41.99s/it]Best trial: 215. Best value: 2.26714:  67%|██████▋   | 336/500 [4:26:31<1:54:45, 41.99s/it]Best trial: 215. Best value: 2.26714:  67%|██████▋   | 337/500 [4:26:31<1:53:46, 41.88s/it]                                                                                           Best trial: 215. Best value: 2.26714:  67%|██████▋   | 337/500 [4:27:08<1:53:46, 41.88s/it]Best trial: 215. Best value: 2.26714:  67%|██████▋   | 337/500 [4:27:08<1:53:46, 41.88s/it]Best trial: 215. Best value: 2.26714:  68%|██████▊   | 338/500 [4:27:08<1:48:56, 40.35s/it]                                                                                           Best trial: 215. Best value: 2.26714:  68%|██████▊   | 338/500 [4:27:36<1:48:56, 40.35s/it]Best trial: 215. Best value: 2.26714:  68%|██████▊   | 338/500 [4:27:36<1:48:56, 40.35s/it]Best trial: 215. Best value: 2.26714:  68%|██████▊   | 339/500 [4:27:36<1:38:27, 36.69s/it]                                                                                           Best trial: 215. Best value: 2.26714:  68%|██████▊   | 339/500 [4:28:02<1:38:27, 36.69s/it]Best trial: 215. Best value: 2.26714:  68%|██████▊   | 339/500 [4:28:02<1:38:27, 36.69s/it]Best trial: 215. Best value: 2.26714:  68%|██████▊   | 340/500 [4:28:02<1:28:57, 33.36s/it]                                                                                           Best trial: 215. Best value: 2.26714:  68%|██████▊   | 340/500 [4:28:32<1:28:57, 33.36s/it]Best trial: 215. Best value: 2.26714:  68%|██████▊   | 340/500 [4:28:33<1:28:57, 33.36s/it]Best trial: 215. Best value: 2.26714:  68%|██████▊   | 341/500 [4:28:33<1:26:21, 32.59s/it]                                                                                           Best trial: 215. Best value: 2.26714:  68%|██████▊   | 341/500 [4:29:19<1:26:21, 32.59s/it]Best trial: 215. Best value: 2.26714:  68%|██████▊   | 341/500 [4:29:19<1:26:21, 32.59s/it]Best trial: 215. Best value: 2.26714:  68%|██████▊   | 342/500 [4:29:19<1:37:00, 36.84s/it]                                                                                           [I 2026-05-03 23:01:04,437] Trial 331 finished with value: 3.5503835957352385 and parameters: {'rho_high_scale': 0.7599083588857274, 'f_n': 1.3472353902446493e-08, 'K_d': 357525.6479390049, 'fission_rate': 4.4571490027105034e+19, 'Dg_D1_scale': 0.4600775066881134, 'Dg_D3_scale': 1.3216449466766198, 'Dv_D1_scale': 0.38085347149607063, 'Dv_D2_scale': 3.529262614667369, 'b_bulk_scale': 0.09141987945878892, 'b_dislocation_scale': 0.5155903546557079, 'gb_scale': 1.2196262016479722, 'gd_bubble_scale': 6.458867914491382, 'gd_line_scale': 3.0957758355134746, 'gd_line_alpha': 0.1629013155252737, 'coalescence_d_scale': 0.33865395504083634, 'capture_scale': 0.039413816162169706}. Best is trial 215 with value: 2.267143995123024.
[I 2026-05-03 23:01:48,485] Trial 332 finished with value: 4.416078188565824 and parameters: {'rho_high_scale': 0.7311321998725527, 'f_n': 7.782280825209543e-09, 'K_d': 368316.47314794525, 'fission_rate': 4.494961084221709e+19, 'Dg_D1_scale': 0.5570963147766531, 'Dg_D3_scale': 1.026640605095882, 'Dv_D1_scale': 0.40215213868487626, 'Dv_D2_scale': 3.740454773319526, 'b_bulk_scale': 0.05451056858872063, 'b_dislocation_scale': 0.4010084163125223, 'gb_scale': 0.9714058720096385, 'gd_bubble_scale': 8.659367984771658, 'gd_line_scale': 4.103453597189005, 'gd_line_alpha': 0.9043022462402528, 'coalescence_d_scale': 0.22675120195260876, 'capture_scale': 0.047354497843749406}. Best is trial 215 with value: 2.267143995123024.
[I 2026-05-03 23:02:30,873] Trial 333 finished with value: 3.354614158721176 and parameters: {'rho_high_scale': 0.7280901913599043, 'f_n': 4.1211504137841e-10, 'K_d': 362413.89824437763, 'fission_rate': 4.410843668213715e+19, 'Dg_D1_scale': 0.37568601082818764, 'Dg_D3_scale': 0.8824930493910165, 'Dv_D1_scale': 0.480003119194422, 'Dv_D2_scale': 1.333609254911655, 'b_bulk_scale': 0.06163815914385067, 'b_dislocation_scale': 0.4661554237550269, 'gb_scale': 2.617383427583063, 'gd_bubble_scale': 7.245739661928057, 'gd_line_scale': 1.4328627420781654, 'gd_line_alpha': 0.9287951673071282, 'coalescence_d_scale': 0.2994565837387081, 'capture_scale': 0.017861296488318544}. Best is trial 215 with value: 2.267143995123024.
[I 2026-05-03 23:03:11,010] Trial 334 finished with value: 2.4628965979882356 and parameters: {'rho_high_scale': 0.7004374452013428, 'f_n': 1.8596767526916776e-08, 'K_d': 353218.354829798, 'fission_rate': 4.602744934734579e+19, 'Dg_D1_scale': 0.5074990005402976, 'Dg_D3_scale': 0.5672954526291402, 'Dv_D1_scale': 0.4541940218463655, 'Dv_D2_scale': 3.2255866836058464, 'b_bulk_scale': 0.08073856353123308, 'b_dislocation_scale': 0.3095167822561545, 'gb_scale': 3.819507872082375, 'gd_bubble_scale': 9.061184144722466, 'gd_line_scale': 1.686035928880452, 'gd_line_alpha': 0.9773242708218086, 'coalescence_d_scale': 0.38190645490178965, 'capture_scale': 4.117118751117811}. Best is trial 215 with value: 2.267143995123024.
[I 2026-05-03 23:03:56,278] Trial 335 finished with value: 2.839233482484662 and parameters: {'rho_high_scale': 0.7875571681287031, 'f_n': 4.818303517404909e-08, 'K_d': 342530.7730551806, 'fission_rate': 4.3889164621143e+19, 'Dg_D1_scale': 0.6577136695328673, 'Dg_D3_scale': 0.6224987796873814, 'Dv_D1_scale': 0.4284605080335738, 'Dv_D2_scale': 3.424306877554827, 'b_bulk_scale': 0.07177947191974413, 'b_dislocation_scale': 0.36584533432898414, 'gb_scale': 0.6208598449718198, 'gd_bubble_scale': 7.861294459344791, 'gd_line_scale': 0.9973652111951861, 'gd_line_alpha': 0.8703951454918635, 'coalescence_d_scale': 0.2649141953618929, 'capture_scale': 0.06331405410906517}. Best is trial 215 with value: 2.267143995123024.
[I 2026-05-03 23:04:37,931] Trial 336 finished with value: 3.1658292739067755 and parameters: {'rho_high_scale': 0.7544825008417179, 'f_n': 5.6413218459037436e-09, 'K_d': 373804.222040845, 'fission_rate': 4.684938999608783e+19, 'Dg_D1_scale': 0.47861953794803197, 'Dg_D3_scale': 0.8058797691372651, 'Dv_D1_scale': 0.37132920505621, 'Dv_D2_scale': 3.8066644632153452, 'b_bulk_scale': 0.04808393326893894, 'b_dislocation_scale': 0.5572458868149625, 'gb_scale': 1.097881998889907, 'gd_bubble_scale': 5.678192577688815, 'gd_line_scale': 2.637897501885151, 'gd_line_alpha': 0.9417585211359463, 'coalescence_d_scale': 0.1528876175383661, 'capture_scale': 0.04103468454204152}. Best is trial 215 with value: 2.267143995123024.
[I 2026-05-03 23:05:14,690] Trial 337 finished with value: 2.456918045956546 and parameters: {'rho_high_scale': 0.8400440743936488, 'f_n': 1.1684514749786664e-08, 'K_d': 366246.35019392625, 'fission_rate': 4.793299446234365e+19, 'Dg_D1_scale': 0.4308866823911154, 'Dg_D3_scale': 1.1951101240982982, 'Dv_D1_scale': 0.4990475308320153, 'Dv_D2_scale': 3.9944310348491454, 'b_bulk_scale': 0.06470515973379835, 'b_dislocation_scale': 0.4150183217931735, 'gb_scale': 3.4405659234180828, 'gd_bubble_scale': 6.570792348881359, 'gd_line_scale': 1.9087085554874494, 'gd_line_alpha': 0.3486529279348033, 'coalescence_d_scale': 0.31689605506633134, 'capture_scale': 0.030706590469380013}. Best is trial 215 with value: 2.267143995123024.
[I 2026-05-03 23:05:42,843] Trial 338 finished with value: 3.1609097482307793 and parameters: {'rho_high_scale': 0.7279840078264486, 'f_n': 6.696410697468849e-08, 'K_d': 350210.2686923703, 'fission_rate': 4.5378775540048495e+19, 'Dg_D1_scale': 0.5698337210685741, 'Dg_D3_scale': 0.9697383344663395, 'Dv_D1_scale': 0.4001556452000073, 'Dv_D2_scale': 3.594355603271743, 'b_bulk_scale': 0.05511286557867889, 'b_dislocation_scale': 0.4792696371881033, 'gb_scale': 3.0456015620168606, 'gd_bubble_scale': 9.18145368601848, 'gd_line_scale': 1.202893101884472, 'gd_line_alpha': 0.9145381967398206, 'coalescence_d_scale': 0.4458386001578807, 'capture_scale': 0.05453933918472517}. Best is trial 215 with value: 2.267143995123024.
[I 2026-05-03 23:06:08,424] Trial 339 finished with value: 2.822058433847798 and parameters: {'rho_high_scale': 0.7688368641013634, 'f_n': 5.823387064270469e-07, 'K_d': 359167.7409945182, 'fission_rate': 6.134243241966803e+19, 'Dg_D1_scale': 0.6998523225517072, 'Dg_D3_scale': 1.2540919783142672, 'Dv_D1_scale': 0.44059520465025026, 'Dv_D2_scale': 3.002974795686778, 'b_bulk_scale': 0.08057396545097616, 'b_dislocation_scale': 0.33610187815239795, 'gb_scale': 1.363352205702246, 'gd_bubble_scale': 7.680351398413068, 'gd_line_scale': 1.4604349465471014, 'gd_line_alpha': 0.9628715437876921, 'coalescence_d_scale': 0.24125021019159054, 'capture_scale': 0.03656772267906451}. Best is trial 215 with value: 2.267143995123024.
[I 2026-05-03 23:06:39,154] Trial 340 finished with value: 2.897579209787326 and parameters: {'rho_high_scale': 0.7007874777910068, 'f_n': 3.770704870219799e-08, 'K_d': 384093.24168744317, 'fission_rate': 4.467221259145684e+19, 'Dg_D1_scale': 0.5468391891584179, 'Dg_D3_scale': 0.22863779958902453, 'Dv_D1_scale': 0.4161601135569701, 'Dv_D2_scale': 3.2339094051573087, 'b_bulk_scale': 0.06908060663485778, 'b_dislocation_scale': 0.42026689427328706, 'gb_scale': 2.755081845755589, 'gd_bubble_scale': 8.270979868559444, 'gd_line_scale': 1.1294076816922547, 'gd_line_alpha': 0.8884011979766074, 'coalescence_d_scale': 0.28528644399221137, 'capture_scale': 0.07766076425108413}. Best is trial 215 with value: 2.267143995123024.
[I 2026-05-03 23:07:25,966] Trial 341 finished with value: 5.395069995143936 and parameters: {'rho_high_scale': 0.8040528806778158, 'f_n': 1.0283432349850977e-08, 'K_d': 369782.77456668665, 'fission_rate': 4.331619052696937e+19, 'Dg_D1_scale': 0.6197926503074572, 'Dg_D3_scale': 1.503806132770373, 'Dv_D1_scale': 1.791440239312504, 'Dv_D2_scale': 3.438420437614385, 'b_bulk_scale': 0.05873975493622372, 'b_dislocation_scale': 0.37852991479183024, 'gb_scale': 1.0020309660643623, 'gd_bubble_scale': 9.931965008238192, 'gd_line_scale': 1.5659069311577931, 'gd_line_alpha': 0.9481144676622258, 'coalescence_d_scale': 0.355850878635356, 'capture_scale': 0.04727642731546416}. Best is trial 215 with value: 2.267143995123024.
Best trial: 215. Best value: 2.26714:  68%|██████▊   | 342/500 [4:29:53<1:37:00, 36.84s/it]Best trial: 215. Best value: 2.26714:  68%|██████▊   | 342/500 [4:29:53<1:37:00, 36.84s/it]Best trial: 215. Best value: 2.26714:  69%|██████▊   | 343/500 [4:29:53<1:33:53, 35.88s/it]                                                                                           Best trial: 215. Best value: 2.26714:  69%|██████▊   | 343/500 [4:30:27<1:33:53, 35.88s/it]Best trial: 215. Best value: 2.26714:  69%|██████▊   | 343/500 [4:30:27<1:33:53, 35.88s/it]Best trial: 215. Best value: 2.26714:  69%|██████▉   | 344/500 [4:30:27<1:31:55, 35.36s/it]                                                                                           Best trial: 215. Best value: 2.26714:  69%|██████▉   | 344/500 [4:31:09<1:31:55, 35.36s/it]Best trial: 215. Best value: 2.26714:  69%|██████▉   | 344/500 [4:31:09<1:31:55, 35.36s/it]Best trial: 215. Best value: 2.26714:  69%|██████▉   | 345/500 [4:31:09<1:36:35, 37.39s/it]                                                                                           Best trial: 215. Best value: 2.26714:  69%|██████▉   | 345/500 [4:31:40<1:36:35, 37.39s/it]Best trial: 215. Best value: 2.26714:  69%|██████▉   | 345/500 [4:31:40<1:36:35, 37.39s/it]Best trial: 215. Best value: 2.26714:  69%|██████▉   | 346/500 [4:31:40<1:30:57, 35.44s/it]                                                                                           Best trial: 215. Best value: 2.26714:  69%|██████▉   | 346/500 [4:32:14<1:30:57, 35.44s/it]Best trial: 215. Best value: 2.26714:  69%|██████▉   | 346/500 [4:32:15<1:30:57, 35.44s/it]Best trial: 215. Best value: 2.26714:  69%|██████▉   | 347/500 [4:32:15<1:29:35, 35.13s/it]                                                                                           Best trial: 215. Best value: 2.26714:  69%|██████▉   | 347/500 [4:32:44<1:29:35, 35.13s/it]Best trial: 215. Best value: 2.26714:  69%|██████▉   | 347/500 [4:32:45<1:29:35, 35.13s/it]Best trial: 215. Best value: 2.26714:  70%|██████▉   | 348/500 [4:32:45<1:25:10, 33.62s/it]                                                                                           Best trial: 215. Best value: 2.26714:  70%|██████▉   | 348/500 [4:33:12<1:25:10, 33.62s/it]Best trial: 215. Best value: 2.26714:  70%|██████▉   | 348/500 [4:33:12<1:25:10, 33.62s/it]Best trial: 215. Best value: 2.26714:  70%|██████▉   | 349/500 [4:33:12<1:20:07, 31.84s/it]                                                                                           Best trial: 215. Best value: 2.26714:  70%|██████▉   | 349/500 [4:33:54<1:20:07, 31.84s/it]Best trial: 215. Best value: 2.26714:  70%|██████▉   | 349/500 [4:33:54<1:20:07, 31.84s/it]Best trial: 215. Best value: 2.26714:  70%|███████   | 350/500 [4:33:54<1:27:01, 34.81s/it]                                                                                           Best trial: 215. Best value: 2.26714:  70%|███████   | 350/500 [4:34:24<1:27:01, 34.81s/it]Best trial: 215. Best value: 2.26714:  70%|███████   | 350/500 [4:34:24<1:27:01, 34.81s/it]Best trial: 215. Best value: 2.26714:  70%|███████   | 351/500 [4:34:24<1:22:46, 33.33s/it]                                                                                           Best trial: 215. Best value: 2.26714:  70%|███████   | 351/500 [4:35:11<1:22:46, 33.33s/it]Best trial: 215. Best value: 2.26714:  70%|███████   | 351/500 [4:35:11<1:22:46, 33.33s/it]Best trial: 215. Best value: 2.26714:  70%|███████   | 352/500 [4:35:11<1:32:19, 37.43s/it]                                                                                           Best trial: 215. Best value: 2.26714:  70%|███████   | 352/500 [4:35:41<1:32:19, 37.43s/it]Best trial: 215. Best value: 2.26714:  70%|███████   | 352/500 [4:35:41<1:32:19, 37.43s/it]Best trial: 215. Best value: 2.26714:  71%|███████   | 353/500 [4:35:41<1:26:16, 35.21s/it]                                                                                           [I 2026-05-03 23:07:59,624] Trial 342 finished with value: 2.846679026487253 and parameters: {'rho_high_scale': 1.8070996523789837, 'f_n': 1.4116776289620494e-08, 'K_d': 354497.245888263, 'fission_rate': 4.607052116315335e+19, 'Dg_D1_scale': 0.5284499024774758, 'Dg_D3_scale': 1.111594991993626, 'Dv_D1_scale': 0.3467204695904412, 'Dv_D2_scale': 3.7796249978142358, 'b_bulk_scale': 0.08878565793498888, 'b_dislocation_scale': 0.6168379839638896, 'gb_scale': 4.136868883110553, 'gd_bubble_scale': 7.01024323126613, 'gd_line_scale': 1.2778132573323255, 'gd_line_alpha': 0.9778106297980413, 'coalescence_d_scale': 0.2122656743606518, 'capture_scale': 0.033357220488990355}. Best is trial 215 with value: 2.267143995123024.
[I 2026-05-03 23:08:33,755] Trial 343 finished with value: 2.7116529677374435 and parameters: {'rho_high_scale': 0.7561486332117799, 'f_n': 7.320179655931448e-09, 'K_d': 377145.23397160764, 'fission_rate': 4.433564929938618e+19, 'Dg_D1_scale': 0.4956441725290284, 'Dg_D3_scale': 1.0529058943028378, 'Dv_D1_scale': 0.4655968787575327, 'Dv_D2_scale': 0.297215943141635, 'b_bulk_scale': 0.04927250501954648, 'b_dislocation_scale': 0.52660963980253, 'gb_scale': 3.2752623928745446, 'gd_bubble_scale': 8.977360864270969, 'gd_line_scale': 0.904863766287114, 'gd_line_alpha': 0.9256538088008055, 'coalescence_d_scale': 0.2896296816232316, 'capture_scale': 3.6864093765523345}. Best is trial 215 with value: 2.267143995123024.
