Best trial: 192. Best value: 2.29245:  42%|████▏     | 210/500 [1:46:27<2:44:29, 34.03s/it]Best trial: 192. Best value: 2.29245:  42%|████▏     | 210/500 [1:46:27<2:44:29, 34.03s/it]Best trial: 192. Best value: 2.29245:  42%|████▏     | 211/500 [1:46:27<2:38:06, 32.83s/it]                                                                                           Best trial: 192. Best value: 2.29245:  42%|████▏     | 211/500 [1:46:55<2:38:06, 32.83s/it]Best trial: 192. Best value: 2.29245:  42%|████▏     | 211/500 [1:46:56<2:38:06, 32.83s/it]Best trial: 192. Best value: 2.29245:  42%|████▏     | 212/500 [1:46:56<2:31:09, 31.49s/it]                                                                                           Best trial: 192. Best value: 2.29245:  42%|████▏     | 212/500 [1:47:34<2:31:09, 31.49s/it]Best trial: 212. Best value: 2.28831:  42%|████▏     | 212/500 [1:47:34<2:31:09, 31.49s/it]Best trial: 212. Best value: 2.28831:  43%|████▎     | 213/500 [1:47:34<2:40:13, 33.50s/it]                                                                                           Best trial: 212. Best value: 2.28831:  43%|████▎     | 213/500 [1:48:14<2:40:13, 33.50s/it]Best trial: 212. Best value: 2.28831:  43%|████▎     | 213/500 [1:48:14<2:40:13, 33.50s/it]Best trial: 212. Best value: 2.28831:  43%|████▎     | 214/500 [1:48:14<2:49:42, 35.60s/it]                                                                                           Best trial: 212. Best value: 2.28831:  43%|████▎     | 214/500 [1:48:51<2:49:42, 35.60s/it]Best trial: 214. Best value: 2.28479:  43%|████▎     | 214/500 [1:48:51<2:49:42, 35.60s/it]Best trial: 214. Best value: 2.28479:  43%|████▎     | 215/500 [1:48:51<2:51:06, 36.02s/it]                                                                                           Best trial: 214. Best value: 2.28479:  43%|████▎     | 215/500 [1:49:29<2:51:06, 36.02s/it]Best trial: 215. Best value: 2.26714:  43%|████▎     | 215/500 [1:49:29<2:51:06, 36.02s/it]Best trial: 215. Best value: 2.26714:  43%|████▎     | 216/500 [1:49:29<2:53:21, 36.63s/it]                                                                                           Best trial: 215. Best value: 2.26714:  43%|████▎     | 216/500 [1:50:09<2:53:21, 36.63s/it]Best trial: 215. Best value: 2.26714:  43%|████▎     | 216/500 [1:50:10<2:53:21, 36.63s/it]Best trial: 215. Best value: 2.26714:  43%|████▎     | 217/500 [1:50:10<2:57:49, 37.70s/it]                                                                                           Best trial: 215. Best value: 2.26714:  43%|████▎     | 217/500 [1:50:48<2:57:49, 37.70s/it]Best trial: 215. Best value: 2.26714:  43%|████▎     | 217/500 [1:50:48<2:57:49, 37.70s/it]Best trial: 215. Best value: 2.26714:  44%|████▎     | 218/500 [1:50:48<2:58:34, 37.99s/it]                                                                                           Best trial: 215. Best value: 2.26714:  44%|████▎     | 218/500 [1:51:31<2:58:34, 37.99s/it]Best trial: 215. Best value: 2.26714:  44%|████▎     | 218/500 [1:51:31<2:58:34, 37.99s/it]Best trial: 215. Best value: 2.26714:  44%|████▍     | 219/500 [1:51:31<3:04:19, 39.36s/it]                                                                                           Best trial: 215. Best value: 2.26714:  44%|████▍     | 219/500 [1:52:08<3:04:19, 39.36s/it]Best trial: 215. Best value: 2.26714:  44%|████▍     | 219/500 [1:52:08<3:04:19, 39.36s/it]Best trial: 215. Best value: 2.26714:  44%|████▍     | 220/500 [1:52:08<3:00:56, 38.77s/it]                                                                                           Best trial: 215. Best value: 2.26714:  44%|████▍     | 220/500 [1:52:48<3:00:56, 38.77s/it]Best trial: 215. Best value: 2.26714:  44%|████▍     | 220/500 [1:52:48<3:00:56, 38.77s/it]Best trial: 215. Best value: 2.26714:  44%|████▍     | 221/500 [1:52:48<3:01:42, 39.08s/it]                                                                                           [I 2026-05-03 20:24:34,023] Trial 210 finished with value: 2.368843530475423 and parameters: {'rho_high_scale': 0.8157592447348171, 'f_n': 1.4825143232089302e-08, 'K_d': 368372.2002001899, 'fission_rate': 6.352106856309007e+19, 'Dg_D1_scale': 0.6672322914895686, 'Dg_D3_scale': 0.822627647588989, 'Dv_D1_scale': 0.4158493331819783, 'Dv_D2_scale': 3.6917850211725276, 'b_bulk_scale': 0.058782936415767734, 'b_dislocation_scale': 0.40169009514226317, 'gb_scale': 1.9172919607392098, 'gd_bubble_scale': 7.118933185667348, 'gd_line_scale': 1.0999601992955312, 'gd_line_alpha': 0.9058504133496686, 'coalescence_d_scale': 0.22172157757309877, 'capture_scale': 0.04995411874347143}. Best is trial 192 with value: 2.29245498181949.
[I 2026-05-03 20:25:02,391] Trial 211 finished with value: 2.3455087699434976 and parameters: {'rho_high_scale': 0.7667742050285941, 'f_n': 1.4087137327464644e-08, 'K_d': 368786.0292578804, 'fission_rate': 6.352185653123391e+19, 'Dg_D1_scale': 0.6689578941613746, 'Dg_D3_scale': 0.8239543831254679, 'Dv_D1_scale': 0.4277997285998894, 'Dv_D2_scale': 3.6762752653230297, 'b_bulk_scale': 0.06217423655277438, 'b_dislocation_scale': 0.3973603169037591, 'gb_scale': 2.0997397154908928, 'gd_bubble_scale': 7.222772930182877, 'gd_line_scale': 1.1620845097753283, 'gd_line_alpha': 0.9103604908109085, 'coalescence_d_scale': 0.22652400141222445, 'capture_scale': 0.050651637033380416}. Best is trial 192 with value: 2.29245498181949.
[I 2026-05-03 20:25:40,552] Trial 212 finished with value: 2.2883123605505005 and parameters: {'rho_high_scale': 0.7295613064307122, 'f_n': 1.337150713198253e-08, 'K_d': 367769.91061521147, 'fission_rate': 4.521883074770235e+19, 'Dg_D1_scale': 0.6535111107308758, 'Dg_D3_scale': 0.8205740160430299, 'Dv_D1_scale': 0.4135653847396355, 'Dv_D2_scale': 3.6403972981238186, 'b_bulk_scale': 0.07416505571221527, 'b_dislocation_scale': 0.4059554347784188, 'gb_scale': 2.2056575618106677, 'gd_bubble_scale': 7.18073995714087, 'gd_line_scale': 1.169654000437311, 'gd_line_alpha': 0.9042055986760078, 'coalescence_d_scale': 0.23712003965090686, 'capture_scale': 0.05143096566744186}. Best is trial 212 with value: 2.2883123605505005.
[I 2026-05-03 20:26:21,080] Trial 213 finished with value: 2.3240611767841135 and parameters: {'rho_high_scale': 0.7253783413344032, 'f_n': 1.1257951773153425e-08, 'K_d': 361768.88281895337, 'fission_rate': 4.50088049575845e+19, 'Dg_D1_scale': 0.5800164114558182, 'Dg_D3_scale': 0.899300412488006, 'Dv_D1_scale': 0.3910289765443314, 'Dv_D2_scale': 3.6441893324748595, 'b_bulk_scale': 0.0761580090677793, 'b_dislocation_scale': 0.40501293890652734, 'gb_scale': 2.3016266419480553, 'gd_bubble_scale': 8.611183124296378, 'gd_line_scale': 1.193821567205999, 'gd_line_alpha': 0.9455856834221205, 'coalescence_d_scale': 0.2875751412767853, 'capture_scale': 0.05573553957651804}. Best is trial 212 with value: 2.2883123605505005.
[I 2026-05-03 20:26:58,055] Trial 214 finished with value: 2.2847871305773686 and parameters: {'rho_high_scale': 0.7007699574590878, 'f_n': 1.0830060098638144e-08, 'K_d': 353965.68406996084, 'fission_rate': 4.455227594800846e+19, 'Dg_D1_scale': 0.5738396080213833, 'Dg_D3_scale': 0.8932578935824099, 'Dv_D1_scale': 0.42310814128877594, 'Dv_D2_scale': 3.6728603204488026, 'b_bulk_scale': 0.06623544892843668, 'b_dislocation_scale': 0.44418871354598644, 'gb_scale': 2.8576727243387654, 'gd_bubble_scale': 8.77069005828518, 'gd_line_scale': 1.2085364614263585, 'gd_line_alpha': 0.9425705265237625, 'coalescence_d_scale': 0.27790295217175925, 'capture_scale': 0.04655419964942853}. Best is trial 214 with value: 2.2847871305773686.
[I 2026-05-03 20:27:36,103] Trial 215 finished with value: 2.267143995123024 and parameters: {'rho_high_scale': 0.7044477446771914, 'f_n': 1.0005925648174221e-08, 'K_d': 358918.9785604318, 'fission_rate': 4.537744484981121e+19, 'Dg_D1_scale': 0.5686603426577411, 'Dg_D3_scale': 0.9177443134662452, 'Dv_D1_scale': 0.42550799755944124, 'Dv_D2_scale': 3.983778927083074, 'b_bulk_scale': 0.07297352358049451, 'b_dislocation_scale': 0.4560882929078705, 'gb_scale': 2.9226057640431127, 'gd_bubble_scale': 8.801704992672224, 'gd_line_scale': 1.4930843689879296, 'gd_line_alpha': 0.9415679430199199, 'coalescence_d_scale': 0.250440167106224, 'capture_scale': 0.053756973529279516}. Best is trial 215 with value: 2.267143995123024.
[I 2026-05-03 20:28:16,328] Trial 216 finished with value: 2.278336896852001 and parameters: {'rho_high_scale': 0.700065061348704, 'f_n': 1.0391398669840176e-08, 'K_d': 363068.8378464864, 'fission_rate': 4.479642387663372e+19, 'Dg_D1_scale': 0.5676710672669918, 'Dg_D3_scale': 1.0162609940426055, 'Dv_D1_scale': 0.4362891360242834, 'Dv_D2_scale': 3.9746445491598363, 'b_bulk_scale': 0.08613234010876679, 'b_dislocation_scale': 0.4929423436372091, 'gb_scale': 2.9721720742927413, 'gd_bubble_scale': 9.432644709121531, 'gd_line_scale': 1.5376457514060786, 'gd_line_alpha': 0.9424429108767599, 'coalescence_d_scale': 0.2849922606316505, 'capture_scale': 0.055745139698520296}. Best is trial 215 with value: 2.267143995123024.
[I 2026-05-03 20:28:54,999] Trial 217 finished with value: 2.2736650927312954 and parameters: {'rho_high_scale': 0.718899242310349, 'f_n': 1.0199794563965656e-08, 'K_d': 360962.7682672106, 'fission_rate': 4.48568062572739e+19, 'Dg_D1_scale': 0.5858040422533535, 'Dg_D3_scale': 0.9771695992441983, 'Dv_D1_scale': 0.4418721189816428, 'Dv_D2_scale': 3.975270277554975, 'b_bulk_scale': 0.07288804987040447, 'b_dislocation_scale': 0.4629458140253911, 'gb_scale': 3.5424694090524844, 'gd_bubble_scale': 9.472551347135427, 'gd_line_scale': 1.5112187507802124, 'gd_line_alpha': 0.9767897322367135, 'coalescence_d_scale': 0.27950494160109896, 'capture_scale': 0.05677400628397907}. Best is trial 215 with value: 2.267143995123024.
[I 2026-05-03 20:29:37,525] Trial 218 finished with value: 2.3935044146955264 and parameters: {'rho_high_scale': 0.7020600945303055, 'f_n': 9.740087337849692e-09, 'K_d': 356915.3745920114, 'fission_rate': 4.461223853521826e+19, 'Dg_D1_scale': 0.5734405322942265, 'Dg_D3_scale': 1.008416212196459, 'Dv_D1_scale': 0.45574709324098084, 'Dv_D2_scale': 3.959279985095039, 'b_bulk_scale': 0.08187827044435292, 'b_dislocation_scale': 0.43556787473730874, 'gb_scale': 3.356891291181444, 'gd_bubble_scale': 9.755965277026936, 'gd_line_scale': 1.679389737241914, 'gd_line_alpha': 0.9801337668425288, 'coalescence_d_scale': 0.2955115431137234, 'capture_scale': 0.05279041060474488}. Best is trial 215 with value: 2.267143995123024.
[I 2026-05-03 20:30:14,957] Trial 219 finished with value: 2.333799208415848 and parameters: {'rho_high_scale': 0.7070405084329457, 'f_n': 1.0474689878717677e-08, 'K_d': 363223.1999638581, 'fission_rate': 4.523220911902995e+19, 'Dg_D1_scale': 0.5405100997631043, 'Dg_D3_scale': 1.0533596946169, 'Dv_D1_scale': 0.429310916102724, 'Dv_D2_scale': 3.986158503186885, 'b_bulk_scale': 0.09163856928279725, 'b_dislocation_scale': 0.5022929686966617, 'gb_scale': 3.8190375500385985, 'gd_bubble_scale': 8.980948794247544, 'gd_line_scale': 1.7019993528550297, 'gd_line_alpha': 0.9635170836958961, 'coalescence_d_scale': 0.2566015154628923, 'capture_scale': 0.046535233572901846}. Best is trial 215 with value: 2.267143995123024.
[I 2026-05-03 20:30:54,747] Trial 220 finished with value: 2.387735397594953 and parameters: {'rho_high_scale': 0.704414989903922, 'f_n': 8.122352781428955e-09, 'K_d': 362797.59167820506, 'fission_rate': 4.4396718366184055e+19, 'Dg_D1_scale': 0.532425713398899, 'Dg_D3_scale': 1.1288664455127027, 'Dv_D1_scale': 0.43480157822226595, 'Dv_D2_scale': 3.9893157096378165, 'b_bulk_scale': 0.08805142214981243, 'b_dislocation_scale': 0.4959496144521054, 'gb_scale': 4.07582912138565, 'gd_bubble_scale': 8.873491756757415, 'gd_line_scale': 2.134665638286589, 'gd_line_alpha': 0.967631892992905, 'coalescence_d_scale': 0.35042395224649026, 'capture_scale': 0.04617637766941398}. Best is trial 215 with value: 2.267143995123024.
Best trial: 215. Best value: 2.26714:  44%|████▍     | 221/500 [1:53:25<3:01:42, 39.08s/it]Best trial: 215. Best value: 2.26714:  44%|████▍     | 221/500 [1:53:25<3:01:42, 39.08s/it]Best trial: 215. Best value: 2.26714:  44%|████▍     | 222/500 [1:53:25<2:58:03, 38.43s/it]                                                                                           Best trial: 215. Best value: 2.26714:  44%|████▍     | 222/500 [1:53:59<2:58:03, 38.43s/it]Best trial: 215. Best value: 2.26714:  44%|████▍     | 222/500 [1:53:59<2:58:03, 38.43s/it]Best trial: 215. Best value: 2.26714:  45%|████▍     | 223/500 [1:53:59<2:51:29, 37.15s/it]                                                                                           Best trial: 215. Best value: 2.26714:  45%|████▍     | 223/500 [1:54:40<2:51:29, 37.15s/it]Best trial: 215. Best value: 2.26714:  45%|████▍     | 223/500 [1:54:41<2:51:29, 37.15s/it]Best trial: 215. Best value: 2.26714:  45%|████▍     | 224/500 [1:54:41<2:56:51, 38.45s/it]                                                                                           Best trial: 215. Best value: 2.26714:  45%|████▍     | 224/500 [1:55:17<2:56:51, 38.45s/it]Best trial: 215. Best value: 2.26714:  45%|████▍     | 224/500 [1:55:17<2:56:51, 38.45s/it]Best trial: 215. Best value: 2.26714:  45%|████▌     | 225/500 [1:55:17<2:53:55, 37.95s/it]                                                                                           Best trial: 215. Best value: 2.26714:  45%|████▌     | 225/500 [1:55:54<2:53:55, 37.95s/it]Best trial: 215. Best value: 2.26714:  45%|████▌     | 225/500 [1:55:54<2:53:55, 37.95s/it]Best trial: 215. Best value: 2.26714:  45%|████▌     | 226/500 [1:55:54<2:51:15, 37.50s/it]                                                                                           Best trial: 215. Best value: 2.26714:  45%|████▌     | 226/500 [1:56:29<2:51:15, 37.50s/it]Best trial: 215. Best value: 2.26714:  45%|████▌     | 226/500 [1:56:29<2:51:15, 37.50s/it]Best trial: 215. Best value: 2.26714:  45%|████▌     | 227/500 [1:56:29<2:48:02, 36.93s/it]                                                                                           Best trial: 215. Best value: 2.26714:  45%|████▌     | 227/500 [1:57:11<2:48:02, 36.93s/it]Best trial: 215. Best value: 2.26714:  45%|████▌     | 227/500 [1:57:11<2:48:02, 36.93s/it]Best trial: 215. Best value: 2.26714:  46%|████▌     | 228/500 [1:57:11<2:53:23, 38.25s/it]                                                                                           Best trial: 215. Best value: 2.26714:  46%|████▌     | 228/500 [1:57:53<2:53:23, 38.25s/it]Best trial: 215. Best value: 2.26714:  46%|████▌     | 228/500 [1:57:53<2:53:23, 38.25s/it]Best trial: 215. Best value: 2.26714:  46%|████▌     | 229/500 [1:57:53<2:58:08, 39.44s/it]                                                                                           Best trial: 215. Best value: 2.26714:  46%|████▌     | 229/500 [1:58:27<2:58:08, 39.44s/it]Best trial: 215. Best value: 2.26714:  46%|████▌     | 229/500 [1:58:28<2:58:08, 39.44s/it]Best trial: 215. Best value: 2.26714:  46%|████▌     | 230/500 [1:58:28<2:50:55, 37.99s/it]                                                                                           Best trial: 215. Best value: 2.26714:  46%|████▌     | 230/500 [1:59:04<2:50:55, 37.99s/it]Best trial: 215. Best value: 2.26714:  46%|████▌     | 230/500 [1:59:05<2:50:55, 37.99s/it]Best trial: 215. Best value: 2.26714:  46%|████▌     | 231/500 [1:59:05<2:49:03, 37.71s/it]                                                                                           Best trial: 215. Best value: 2.26714:  46%|████▌     | 231/500 [1:59:46<2:49:03, 37.71s/it]Best trial: 215. Best value: 2.26714:  46%|████▌     | 231/500 [1:59:47<2:49:03, 37.71s/it]Best trial: 215. Best value: 2.26714:  46%|████▋     | 232/500 [1:59:47<2:54:13, 39.01s/it]                                                                                           [I 2026-05-03 20:31:31,670] Trial 221 finished with value: 2.3112744158222163 and parameters: {'rho_high_scale': 0.7222409796029076, 'f_n': 1.057322350946201e-08, 'K_d': 363184.9261333651, 'fission_rate': 4.53743544403482e+19, 'Dg_D1_scale': 0.5521477821151162, 'Dg_D3_scale': 1.0455362147966463, 'Dv_D1_scale': 0.41692359687720204, 'Dv_D2_scale': 3.732072603294977, 'b_bulk_scale': 0.0732548960110064, 'b_dislocation_scale': 0.4571252042393253, 'gb_scale': 3.682036304298896, 'gd_bubble_scale': 8.959594351020908, 'gd_line_scale': 1.510020286046211, 'gd_line_alpha': 0.9514979335118733, 'coalescence_d_scale': 0.27395663766201883, 'capture_scale': 0.05330867276217088}. Best is trial 215 with value: 2.267143995123024.
[I 2026-05-03 20:32:05,821] Trial 222 finished with value: 2.4650840757947696 and parameters: {'rho_high_scale': 0.7009921195687099, 'f_n': 1.0188760342476849e-08, 'K_d': 362114.532728228, 'fission_rate': 4.5062692581860835e+19, 'Dg_D1_scale': 0.551716634829374, 'Dg_D3_scale': 0.9606266292735466, 'Dv_D1_scale': 0.42293574310034804, 'Dv_D2_scale': 3.758388348793477, 'b_bulk_scale': 0.07675768081376583, 'b_dislocation_scale': 0.560137926261333, 'gb_scale': 3.990245201185962, 'gd_bubble_scale': 9.885833914928083, 'gd_line_scale': 1.5268792011300125, 'gd_line_alpha': 0.9484899481814734, 'coalescence_d_scale': 0.26999452643435645, 'capture_scale': 0.05260315051552931}. Best is trial 215 with value: 2.267143995123024.
[I 2026-05-03 20:32:47,304] Trial 223 finished with value: 2.5341692974930856 and parameters: {'rho_high_scale': 0.7254050309409211, 'f_n': 7.256533541132156e-09, 'K_d': 367856.2969730089, 'fission_rate': 4.349547240396403e+19, 'Dg_D1_scale': 0.5643708548138344, 'Dg_D3_scale': 1.0634571770013341, 'Dv_D1_scale': 0.4602877376348127, 'Dv_D2_scale': 3.9854319561078384, 'b_bulk_scale': 0.07285062655775938, 'b_dislocation_scale': 0.4833387553351225, 'gb_scale': 2.803604063652294, 'gd_bubble_scale': 8.633271711866339, 'gd_line_scale': 1.865183668009432, 'gd_line_alpha': 0.9843291190237027, 'coalescence_d_scale': 0.25345206911826373, 'capture_scale': 0.05565733249262379}. Best is trial 215 with value: 2.267143995123024.
[I 2026-05-03 20:33:24,082] Trial 224 finished with value: 2.3423086375475424 and parameters: {'rho_high_scale': 0.7036841808686891, 'f_n': 9.872412113407327e-09, 'K_d': 360125.4471301147, 'fission_rate': 4.6822225047563354e+19, 'Dg_D1_scale': 0.5186245813705286, 'Dg_D3_scale': 1.0516400352264124, 'Dv_D1_scale': 0.42767770696337837, 'Dv_D2_scale': 3.6441863584203396, 'b_bulk_scale': 0.09834411668765593, 'b_dislocation_scale': 0.46499029084055715, 'gb_scale': 4.026718856675813, 'gd_bubble_scale': 9.192883680165478, 'gd_line_scale': 1.4404541113963183, 'gd_line_alpha': 0.969157564638947, 'coalescence_d_scale': 0.2768792305125257, 'capture_scale': 0.04322457720607567}. Best is trial 215 with value: 2.267143995123024.
[I 2026-05-03 20:34:00,542] Trial 225 finished with value: 2.399656957272119 and parameters: {'rho_high_scale': 0.7259289106832407, 'f_n': 1.1651312976176585e-08, 'K_d': 358320.1374691413, 'fission_rate': 4.519979124919219e+19, 'Dg_D1_scale': 0.5301090131018048, 'Dg_D3_scale': 1.1350277652136032, 'Dv_D1_scale': 0.418910745959857, 'Dv_D2_scale': 3.749243640841019, 'b_bulk_scale': 0.09310065337039802, 'b_dislocation_scale': 0.5394305803431816, 'gb_scale': 3.9329869050744275, 'gd_bubble_scale': 8.901263829172022, 'gd_line_scale': 1.7356924989083267, 'gd_line_alpha': 0.9526908441731161, 'coalescence_d_scale': 0.3243971484473706, 'capture_scale': 0.041150261357313526}. Best is trial 215 with value: 2.267143995123024.
[I 2026-05-03 20:34:36,139] Trial 226 finished with value: 2.4435189655812426 and parameters: {'rho_high_scale': 0.7019479222326341, 'f_n': 9.370691841671167e-09, 'K_d': 369901.5877011789, 'fission_rate': 4.684620847253719e+19, 'Dg_D1_scale': 0.5545207016441286, 'Dg_D3_scale': 0.9516919291768151, 'Dv_D1_scale': 0.41980313641442596, 'Dv_D2_scale': 3.761255010323012, 'b_bulk_scale': 0.09958143540082527, 'b_dislocation_scale': 0.4606619341544737, 'gb_scale': 4.875478356118449, 'gd_bubble_scale': 8.066100868497813, 'gd_line_scale': 1.5217926925853607, 'gd_line_alpha': 0.965028530957121, 'coalescence_d_scale': 0.2873493786727736, 'capture_scale': 0.046826801018988104}. Best is trial 215 with value: 2.267143995123024.
[I 2026-05-03 20:35:17,464] Trial 227 finished with value: 2.3197831153311768 and parameters: {'rho_high_scale': 0.7552770403153772, 'f_n': 1.119594987345024e-08, 'K_d': 364570.80521684967, 'fission_rate': 4.199628408906818e+19, 'Dg_D1_scale': 0.5133838128264578, 'Dg_D3_scale': 0.9956518682966456, 'Dv_D1_scale': 0.40500519994231315, 'Dv_D2_scale': 3.6644384718438796, 'b_bulk_scale': 0.08239407102593688, 'b_dislocation_scale': 0.44883390871492795, 'gb_scale': 3.6428690413714184, 'gd_bubble_scale': 9.933612077599538, 'gd_line_scale': 1.477271264259058, 'gd_line_alpha': 0.9350251230231038, 'coalescence_d_scale': 0.28518174935029716, 'capture_scale': 0.055705929504533826}. Best is trial 215 with value: 2.267143995123024.
[I 2026-05-03 20:35:59,658] Trial 228 finished with value: 2.3758155941103705 and parameters: {'rho_high_scale': 0.7595991665624926, 'f_n': 7.337690398074875e-09, 'K_d': 362770.45272813557, 'fission_rate': 4.194329784838008e+19, 'Dg_D1_scale': 0.5104883779635357, 'Dg_D3_scale': 1.041604560229, 'Dv_D1_scale': 0.47511176679597494, 'Dv_D2_scale': 3.6731141745811806, 'b_bulk_scale': 0.08288741503081386, 'b_dislocation_scale': 0.44922260097194994, 'gb_scale': 3.5691452886263093, 'gd_bubble_scale': 9.201425896107205, 'gd_line_scale': 1.4224228086434945, 'gd_line_alpha': 0.9966150862179879, 'coalescence_d_scale': 0.27851753942315804, 'capture_scale': 0.055697681231109616}. Best is trial 215 with value: 2.267143995123024.
