[I 2026-05-03 23:44:35,368] Trial 402 finished with value: 2.3393216986509477 and parameters: {'rho_high_scale': 0.701748945552851, 'f_n': 2.2842670841111782e-08, 'K_d': 336083.60374776024, 'fission_rate': 4.654726588898534e+19, 'Dg_D1_scale': 0.4075724552112408, 'Dg_D3_scale': 1.077972697405249, 'Dv_D1_scale': 0.5564938462055181, 'Dv_D2_scale': 3.4572991157153825, 'b_bulk_scale': 0.05026186236442036, 'b_dislocation_scale': 0.29342074863687917, 'gb_scale': 2.878367437814457, 'gd_bubble_scale': 8.115075965924197, 'gd_line_scale': 1.5637495339140695, 'gd_line_alpha': 0.853100085833136, 'coalescence_d_scale': 0.11376412315329065, 'capture_scale': 0.06857436314465974}. Best is trial 398 with value: 2.2424619397909873.
[I 2026-05-03 23:45:14,856] Trial 403 finished with value: 2.5829656037926556 and parameters: {'rho_high_scale': 0.8140135241707346, 'f_n': 5.2919049230673017e-08, 'K_d': 346791.9529186082, 'fission_rate': 4.734992085399618e+19, 'Dg_D1_scale': 0.4910940691144569, 'Dg_D3_scale': 1.1616125626522904, 'Dv_D1_scale': 0.48451355364754367, 'Dv_D2_scale': 3.2513453513800155, 'b_bulk_scale': 0.05534753649976344, 'b_dislocation_scale': 0.3962915419657442, 'gb_scale': 0.8848365500239274, 'gd_bubble_scale': 9.969804388605516, 'gd_line_scale': 1.0545836916223097, 'gd_line_alpha': 0.8830905762045816, 'coalescence_d_scale': 0.10589316878400934, 'capture_scale': 3.148478828039494}. Best is trial 398 with value: 2.2424619397909873.
[I 2026-05-03 23:45:54,939] Trial 404 finished with value: 2.7081422110062743 and parameters: {'rho_high_scale': 0.7535553218603651, 'f_n': 1.553634046811073e-08, 'K_d': 322949.9411707582, 'fission_rate': 4.629352809171129e+19, 'Dg_D1_scale': 0.5496342244501288, 'Dg_D3_scale': 1.049876496925693, 'Dv_D1_scale': 0.46677387148674215, 'Dv_D2_scale': 0.8742384888113905, 'b_bulk_scale': 0.04783758394623368, 'b_dislocation_scale': 0.4685723869461891, 'gb_scale': 0.5709312313350333, 'gd_bubble_scale': 6.2545839757449615, 'gd_line_scale': 1.330785348417602, 'gd_line_alpha': 0.9139142599037321, 'coalescence_d_scale': 0.11819086763184374, 'capture_scale': 0.06367987266934753}. Best is trial 398 with value: 2.2424619397909873.
[I 2026-05-03 23:46:30,408] Trial 405 finished with value: 2.319507147559484 and parameters: {'rho_high_scale': 0.7014412136335301, 'f_n': 1.3279733943288084e-08, 'K_d': 351688.62309772003, 'fission_rate': 4.972318736917936e+19, 'Dg_D1_scale': 0.5209195116971016, 'Dg_D3_scale': 1.2355675209930268, 'Dv_D1_scale': 0.5025819138558907, 'Dv_D2_scale': 3.624017563496202, 'b_bulk_scale': 0.05814916822073179, 'b_dislocation_scale': 0.3704768389387642, 'gb_scale': 4.916874282929553, 'gd_bubble_scale': 8.92670794412828, 'gd_line_scale': 2.012767155554916, 'gd_line_alpha': 0.8663880290494782, 'coalescence_d_scale': 0.12404521075357257, 'capture_scale': 0.09350336233532765}. Best is trial 398 with value: 2.2424619397909873.
[I 2026-05-03 23:47:09,719] Trial 406 finished with value: 3.176927023609862 and parameters: {'rho_high_scale': 0.7321565754827583, 'f_n': 1.8845984679012607e-08, 'K_d': 354365.1145906655, 'fission_rate': 4.953284844180021e+19, 'Dg_D1_scale': 0.5273809219873803, 'Dg_D3_scale': 1.2222486080683626, 'Dv_D1_scale': 0.21769193182648705, 'Dv_D2_scale': 3.305122671555042, 'b_bulk_scale': 0.05187370173112146, 'b_dislocation_scale': 0.3198850529746838, 'gb_scale': 1.0111455754657763, 'gd_bubble_scale': 7.087999688611744, 'gd_line_scale': 2.0285271601152814, 'gd_line_alpha': 0.8347157752110681, 'coalescence_d_scale': 0.12716383823068014, 'capture_scale': 0.09343258979973376}. Best is trial 398 with value: 2.2424619397909873.
[I 2026-05-03 23:47:43,578] Trial 407 finished with value: 2.3089197290792676 and parameters: {'rho_high_scale': 0.7016411508238031, 'f_n': 1.2920682369004659e-08, 'K_d': 364875.5769797709, 'fission_rate': 5.045232339485493e+19, 'Dg_D1_scale': 0.5652502548648468, 'Dg_D3_scale': 0.6166245032434838, 'Dv_D1_scale': 0.44527122239024053, 'Dv_D2_scale': 3.580861571368664, 'b_bulk_scale': 0.05729959778390806, 'b_dislocation_scale': 0.35760646332165386, 'gb_scale': 4.561881340663028, 'gd_bubble_scale': 8.164176074601913, 'gd_line_scale': 1.7881709609250493, 'gd_line_alpha': 0.8589798848966802, 'coalescence_d_scale': 0.13732623124811796, 'capture_scale': 0.09481606523481499}. Best is trial 398 with value: 2.2424619397909873.
Best trial: 398. Best value: 2.24246:  82%|████████▏ | 408/500 [5:10:16<56:11, 36.65s/it]Best trial: 398. Best value: 2.24246:  82%|████████▏ | 408/500 [5:10:16<56:11, 36.65s/it]Best trial: 398. Best value: 2.24246:  82%|████████▏ | 409/500 [5:10:16<56:36, 37.33s/it]                                                                                         Best trial: 398. Best value: 2.24246:  82%|████████▏ | 409/500 [5:10:50<56:36, 37.33s/it]Best trial: 398. Best value: 2.24246:  82%|████████▏ | 409/500 [5:10:50<56:36, 37.33s/it]Best trial: 398. Best value: 2.24246:  82%|████████▏ | 410/500 [5:10:50<54:33, 36.37s/it]                                                                                         Best trial: 398. Best value: 2.24246:  82%|████████▏ | 410/500 [5:11:22<54:33, 36.37s/it]Best trial: 398. Best value: 2.24246:  82%|████████▏ | 410/500 [5:11:23<54:33, 36.37s/it]Best trial: 398. Best value: 2.24246:  82%|████████▏ | 411/500 [5:11:23<52:20, 35.28s/it]                                                                                         Best trial: 398. Best value: 2.24246:  82%|████████▏ | 411/500 [5:11:59<52:20, 35.28s/it]Best trial: 398. Best value: 2.24246:  82%|████████▏ | 411/500 [5:11:59<52:20, 35.28s/it]Best trial: 398. Best value: 2.24246:  82%|████████▏ | 412/500 [5:11:59<52:23, 35.72s/it]                                                                                         Best trial: 398. Best value: 2.24246:  82%|████████▏ | 412/500 [5:12:31<52:23, 35.72s/it]Best trial: 398. Best value: 2.24246:  82%|████████▏ | 412/500 [5:12:32<52:23, 35.72s/it]Best trial: 398. Best value: 2.24246:  83%|████████▎ | 413/500 [5:12:32<50:14, 34.65s/it]                                                                                         Best trial: 398. Best value: 2.24246:  83%|████████▎ | 413/500 [5:13:07<50:14, 34.65s/it]Best trial: 398. Best value: 2.24246:  83%|████████▎ | 413/500 [5:13:07<50:14, 34.65s/it]Best trial: 398. Best value: 2.24246:  83%|████████▎ | 414/500 [5:13:07<50:02, 34.92s/it]                                                                                         Best trial: 398. Best value: 2.24246:  83%|████████▎ | 414/500 [5:13:49<50:02, 34.92s/it]Best trial: 398. Best value: 2.24246:  83%|████████▎ | 414/500 [5:13:49<50:02, 34.92s/it]Best trial: 398. Best value: 2.24246:  83%|████████▎ | 415/500 [5:13:49<52:31, 37.08s/it]                                                                                         Best trial: 398. Best value: 2.24246:  83%|████████▎ | 415/500 [5:14:24<52:31, 37.08s/it]Best trial: 398. Best value: 2.24246:  83%|████████▎ | 415/500 [5:14:25<52:31, 37.08s/it]Best trial: 398. Best value: 2.24246:  83%|████████▎ | 416/500 [5:14:25<51:11, 36.57s/it]                                                                                         Best trial: 398. Best value: 2.24246:  83%|████████▎ | 416/500 [5:15:01<51:11, 36.57s/it]Best trial: 398. Best value: 2.24246:  83%|████████▎ | 416/500 [5:15:01<51:11, 36.57s/it]Best trial: 398. Best value: 2.24246:  83%|████████▎ | 417/500 [5:15:01<50:35, 36.57s/it]                                                                                         Best trial: 398. Best value: 2.24246:  83%|████████▎ | 417/500 [5:15:40<50:35, 36.57s/it]Best trial: 398. Best value: 2.24246:  83%|████████▎ | 417/500 [5:15:40<50:35, 36.57s/it]Best trial: 398. Best value: 2.24246:  84%|████████▎ | 418/500 [5:15:40<50:59, 37.31s/it]                                                                                         Best trial: 398. Best value: 2.24246:  84%|████████▎ | 418/500 [5:16:08<50:59, 37.31s/it]Best trial: 398. Best value: 2.24246:  84%|████████▎ | 418/500 [5:16:08<50:59, 37.31s/it]Best trial: 398. Best value: 2.24246:  84%|████████▍ | 419/500 [5:16:08<46:27, 34.41s/it]                                                                                         [I 2026-05-03 23:48:22,483] Trial 408 finished with value: 3.4028629831384767 and parameters: {'rho_high_scale': 1.6664141253451603, 'f_n': 1.4866842127234994e-08, 'K_d': 376201.9831101398, 'fission_rate': 4.885647848129079e+19, 'Dg_D1_scale': 0.5711234565707675, 'Dg_D3_scale': 1.1579531600935966, 'Dv_D1_scale': 0.24454191422839405, 'Dv_D2_scale': 3.6015605589851987, 'b_bulk_scale': 0.058865226100640225, 'b_dislocation_scale': 0.3642898006400604, 'gb_scale': 6.182727226672122, 'gd_bubble_scale': 8.402663086726646, 'gd_line_scale': 2.0199353850457222, 'gd_line_alpha': 0.8260748889084589, 'coalescence_d_scale': 0.12004963124781426, 'capture_scale': 0.10212187203707801}. Best is trial 398 with value: 2.2424619397909873.
[I 2026-05-03 23:48:56,613] Trial 409 finished with value: 2.3318717456789306 and parameters: {'rho_high_scale': 0.7039964883911808, 'f_n': 1.3095110966434063e-08, 'K_d': 394906.9580968105, 'fission_rate': 5.005158387260289e+19, 'Dg_D1_scale': 0.6354017321538675, 'Dg_D3_scale': 1.0746609319039189, 'Dv_D1_scale': 0.5105399301209971, 'Dv_D2_scale': 3.6205976746675343, 'b_bulk_scale': 0.054153087163777446, 'b_dislocation_scale': 0.3424641495229299, 'gb_scale': 5.805737702075868, 'gd_bubble_scale': 8.860986176376269, 'gd_line_scale': 1.6684774552882988, 'gd_line_alpha': 0.8671440397488978, 'coalescence_d_scale': 0.1428721425009128, 'capture_scale': 0.08919559767285008}. Best is trial 398 with value: 2.2424619397909873.
[I 2026-05-03 23:49:29,346] Trial 410 finished with value: 2.428201304174282 and parameters: {'rho_high_scale': 0.729384343892259, 'f_n': 2.1830028456509608e-08, 'K_d': 490328.10727971594, 'fission_rate': 5.059159774410065e+19, 'Dg_D1_scale': 0.5742317975610715, 'Dg_D3_scale': 0.9799664545360682, 'Dv_D1_scale': 0.451119852431831, 'Dv_D2_scale': 3.997477963334968, 'b_bulk_scale': 0.045102630421561346, 'b_dislocation_scale': 0.30127206318364247, 'gb_scale': 5.261139581055471, 'gd_bubble_scale': 7.783627871956608, 'gd_line_scale': 1.779389009791122, 'gd_line_alpha': 0.846281015013798, 'coalescence_d_scale': 0.12846533703389637, 'capture_scale': 0.10798263730274767}. Best is trial 398 with value: 2.2424619397909873.
[I 2026-05-03 23:50:06,112] Trial 411 finished with value: 2.3521527661843535 and parameters: {'rho_high_scale': 0.7000294067238095, 'f_n': 1.2812324486764017e-08, 'K_d': 366560.6458475313, 'fission_rate': 4.8217830862561714e+19, 'Dg_D1_scale': 0.6976647532523313, 'Dg_D3_scale': 0.6552331433141149, 'Dv_D1_scale': 0.46619550736530796, 'Dv_D2_scale': 1.770622715934769, 'b_bulk_scale': 0.06041681289828899, 'b_dislocation_scale': 0.41241744842317346, 'gb_scale': 5.1025377805413985, 'gd_bubble_scale': 9.084231870395522, 'gd_line_scale': 1.9083179459283632, 'gd_line_alpha': 0.8675137449703252, 'coalescence_d_scale': 0.10120617927642422, 'capture_scale': 0.07124712013199852}. Best is trial 398 with value: 2.2424619397909873.
[I 2026-05-03 23:50:38,252] Trial 412 finished with value: 2.4930014242265717 and parameters: {'rho_high_scale': 0.7010494482337066, 'f_n': 1.8329087959219704e-08, 'K_d': 385368.6277335702, 'fission_rate': 5.003596313878188e+19, 'Dg_D1_scale': 0.6041340740748569, 'Dg_D3_scale': 1.005853750729367, 'Dv_D1_scale': 0.5276216068584447, 'Dv_D2_scale': 1.4593383006140708, 'b_bulk_scale': 0.049949383917440825, 'b_dislocation_scale': 0.3782644763841957, 'gb_scale': 6.204194753557446, 'gd_bubble_scale': 7.748617816057107, 'gd_line_scale': 2.1559583838429406, 'gd_line_alpha': 0.8559797576359487, 'coalescence_d_scale': 0.14145039528786477, 'capture_scale': 0.12046424766654018}. Best is trial 398 with value: 2.2424619397909873.
[I 2026-05-03 23:51:13,779] Trial 413 finished with value: 2.4197307529619283 and parameters: {'rho_high_scale': 0.7673570351809544, 'f_n': 1.0264564816517983e-08, 'K_d': 371255.95103293523, 'fission_rate': 4.761870936310393e+19, 'Dg_D1_scale': 0.540454670080956, 'Dg_D3_scale': 1.210655709401558, 'Dv_D1_scale': 0.43833448220262017, 'Dv_D2_scale': 0.2032228991317915, 'b_bulk_scale': 0.05563637875245188, 'b_dislocation_scale': 0.43047994872718554, 'gb_scale': 4.213040404401546, 'gd_bubble_scale': 9.196317810927065, 'gd_line_scale': 1.6774271989921987, 'gd_line_alpha': 0.884382037338474, 'coalescence_d_scale': 0.12333267339940075, 'capture_scale': 0.08855566136553501}. Best is trial 398 with value: 2.2424619397909873.
[I 2026-05-03 23:51:55,906] Trial 414 finished with value: 3.587114968793625 and parameters: {'rho_high_scale': 0.7557637032362906, 'f_n': 1.3648312768465537e-08, 'K_d': 358424.6408483501, 'fission_rate': 4.898525810917787e+19, 'Dg_D1_scale': 0.5077459574931475, 'Dg_D3_scale': 1.1172733686117646, 'Dv_D1_scale': 0.48259342127007837, 'Dv_D2_scale': 3.5156403397503233, 'b_bulk_scale': 3.5887524014677092, 'b_dislocation_scale': 3.329208848784114, 'gb_scale': 4.54425203764577, 'gd_bubble_scale': 8.341558322547378, 'gd_line_scale': 1.857330626537168, 'gd_line_alpha': 0.8438511074018936, 'coalescence_d_scale': 0.11415604073512203, 'capture_scale': 0.0768628115473696}. Best is trial 398 with value: 2.2424619397909873.
[I 2026-05-03 23:52:31,222] Trial 415 finished with value: 2.4257198948100784 and parameters: {'rho_high_scale': 0.700533600941502, 'f_n': 1.6560075931368575e-08, 'K_d': 363865.38653369487, 'fission_rate': 4.94822346935828e+19, 'Dg_D1_scale': 0.5713128376368145, 'Dg_D3_scale': 0.2923786188295901, 'Dv_D1_scale': 0.22901821017883037, 'Dv_D2_scale': 3.0870835134813066, 'b_bulk_scale': 0.06337203148801011, 'b_dislocation_scale': 0.27649257656677706, 'gb_scale': 5.079082427139733, 'gd_bubble_scale': 7.267257653766522, 'gd_line_scale': 1.5306091939178093, 'gd_line_alpha': 0.8947754732465678, 'coalescence_d_scale': 0.139253395101954, 'capture_scale': 0.11011674506888715}. Best is trial 398 with value: 2.2424619397909873.
[I 2026-05-03 23:53:07,852] Trial 416 finished with value: 2.5904482600219025 and parameters: {'rho_high_scale': 0.7859911102683517, 'f_n': 1.0679645158461714e-08, 'K_d': 376775.29738620855, 'fission_rate': 5.137364992605961e+19, 'Dg_D1_scale': 0.6541080637608445, 'Dg_D3_scale': 0.9776810577679125, 'Dv_D1_scale': 0.43552226479693357, 'Dv_D2_scale': 3.7539914396710095, 'b_bulk_scale': 0.04534770209259167, 'b_dislocation_scale': 0.3258108912697288, 'gb_scale': 3.9793556217019486, 'gd_bubble_scale': 9.037471368190216, 'gd_line_scale': 1.741670131352146, 'gd_line_alpha': 0.8692964931859822, 'coalescence_d_scale': 0.1105575706611539, 'capture_scale': 0.08141519547587102}. Best is trial 398 with value: 2.2424619397909873.
[I 2026-05-03 23:53:46,913] Trial 417 finished with value: 2.476937451979316 and parameters: {'rho_high_scale': 0.7369148587194134, 'f_n': 1.346909057391926e-08, 'K_d': 351072.4359765115, 'fission_rate': 4.69353259756961e+19, 'Dg_D1_scale': 0.5374855156876995, 'Dg_D3_scale': 1.0699642433527359, 'Dv_D1_scale': 0.4688259327380609, 'Dv_D2_scale': 3.405149402570056, 'b_bulk_scale': 0.06444046705784036, 'b_dislocation_scale': 0.35837288948004153, 'gb_scale': 4.512705365382546, 'gd_bubble_scale': 9.91528066745435, 'gd_line_scale': 2.019716837221418, 'gd_line_alpha': 0.8895273170449981, 'coalescence_d_scale': 0.13320689311996622, 'capture_scale': 0.07831768581632091}. Best is trial 398 with value: 2.2424619397909873.
[I 2026-05-03 23:54:14,516] Trial 418 finished with value: 2.9816090129377932 and parameters: {'rho_high_scale': 0.7339349946468046, 'f_n': 2.282201814874648e-08, 'K_d': 365216.0866891106, 'fission_rate': 4.783348815907875e+19, 'Dg_D1_scale': 0.4959245979919332, 'Dg_D3_scale': 0.45840406084180163, 'Dv_D1_scale': 0.4936477394240587, 'Dv_D2_scale': 3.7361640207989786, 'b_bulk_scale': 0.050932439299889366, 'b_dislocation_scale': 0.48746066717339637, 'gb_scale': 4.765674760019411, 'gd_bubble_scale': 9.985894387688209, 'gd_line_scale': 1.4499422454658268, 'gd_line_alpha': 0.90762240446953, 'coalescence_d_scale': 0.1193758356415818, 'capture_scale': 0.14896785513016572}. Best is trial 398 with value: 2.2424619397909873.
Best trial: 398. Best value: 2.24246:  84%|████████▍ | 419/500 [5:16:48<46:27, 34.41s/it]Best trial: 398. Best value: 2.24246:  84%|████████▍ | 419/500 [5:16:48<46:27, 34.41s/it]Best trial: 398. Best value: 2.24246:  84%|████████▍ | 420/500 [5:16:48<48:04, 36.06s/it]                                                                                         Best trial: 398. Best value: 2.24246:  84%|████████▍ | 420/500 [5:17:23<48:04, 36.06s/it]Best trial: 398. Best value: 2.24246:  84%|████████▍ | 420/500 [5:17:23<48:04, 36.06s/it]Best trial: 398. Best value: 2.24246:  84%|████████▍ | 421/500 [5:17:23<47:11, 35.85s/it]                                                                                         Best trial: 398. Best value: 2.24246:  84%|████████▍ | 421/500 [5:18:02<47:11, 35.85s/it]Best trial: 398. Best value: 2.24246:  84%|████████▍ | 421/500 [5:18:02<47:11, 35.85s/it]Best trial: 398. Best value: 2.24246:  84%|████████▍ | 422/500 [5:18:02<47:45, 36.74s/it]                                                                                         Best trial: 398. Best value: 2.24246:  84%|████████▍ | 422/500 [5:18:35<47:45, 36.74s/it]Best trial: 398. Best value: 2.24246:  84%|████████▍ | 422/500 [5:18:35<47:45, 36.74s/it]Best trial: 398. Best value: 2.24246:  85%|████████▍ | 423/500 [5:18:35<45:46, 35.67s/it]                                                                                         Best trial: 398. Best value: 2.24246:  85%|████████▍ | 423/500 [5:19:15<45:46, 35.67s/it]Best trial: 398. Best value: 2.24246:  85%|████████▍ | 423/500 [5:19:16<45:46, 35.67s/it]Best trial: 398. Best value: 2.24246:  85%|████████▍ | 424/500 [5:19:16<46:58, 37.08s/it]                                                                                         Best trial: 398. Best value: 2.24246:  85%|████████▍ | 424/500 [5:19:50<46:58, 37.08s/it]Best trial: 398. Best value: 2.24246:  85%|████████▍ | 424/500 [5:19:50<46:58, 37.08s/it]Best trial: 398. Best value: 2.24246:  85%|████████▌ | 425/500 [5:19:50<45:30, 36.40s/it]                                                                                         Best trial: 398. Best value: 2.24246:  85%|████████▌ | 425/500 [5:20:26<45:30, 36.40s/it]Best trial: 398. Best value: 2.24246:  85%|████████▌ | 425/500 [5:20:27<45:30, 36.40s/it]Best trial: 398. Best value: 2.24246:  85%|████████▌ | 426/500 [5:20:27<44:51, 36.37s/it]                                                                                         Best trial: 398. Best value: 2.24246:  85%|████████▌ | 426/500 [5:21:02<44:51, 36.37s/it]Best trial: 398. Best value: 2.24246:  85%|████████▌ | 426/500 [5:21:02<44:51, 36.37s/it]Best trial: 398. Best value: 2.24246:  85%|████████▌ | 427/500 [5:21:02<43:49, 36.02s/it]                                                                                         Best trial: 398. Best value: 2.24246:  85%|████████▌ | 427/500 [5:21:38<43:49, 36.02s/it]Best trial: 398. Best value: 2.24246:  85%|████████▌ | 427/500 [5:21:38<43:49, 36.02s/it]Best trial: 398. Best value: 2.24246:  86%|████████▌ | 428/500 [5:21:38<43:12, 36.01s/it]                                                                                         Best trial: 398. Best value: 2.24246:  86%|████████▌ | 428/500 [5:22:19<43:12, 36.01s/it]Best trial: 398. Best value: 2.24246:  86%|████████▌ | 428/500 [5:22:19<43:12, 36.01s/it]Best trial: 398. Best value: 2.24246:  86%|████████▌ | 429/500 [5:22:19<44:25, 37.54s/it]                                                                                         Best trial: 398. Best value: 2.24246:  86%|████████▌ | 429/500 [5:22:52<44:25, 37.54s/it]Best trial: 398. Best value: 2.24246:  86%|████████▌ | 429/500 [5:22:52<44:25, 37.54s/it]Best trial: 398. Best value: 2.24246:  86%|████████▌ | 430/500 [5:22:52<42:16, 36.23s/it]                                                                                         [I 2026-05-03 23:54:54,441] Trial 419 finished with value: 2.3500046059395823 and parameters: {'rho_high_scale': 0.7948019286598703, 'f_n': 7.1904325866820935e-09, 'K_d': 356944.9656446549, 'fission_rate': 4.618894252296803e+19, 'Dg_D1_scale': 0.6095492683486997, 'Dg_D3_scale': 1.280804899508104, 'Dv_D1_scale': 0.42521749163151434, 'Dv_D2_scale': 3.2237200618203405, 'b_bulk_scale': 0.0587202434043611, 'b_dislocation_scale': 0.404689881571298, 'gb_scale': 3.001498155234386, 'gd_bubble_scale': 7.986388042319196, 'gd_line_scale': 1.159606932409038, 'gd_line_alpha': 0.8255422168082596, 'coalescence_d_scale': 0.19088661372611201, 'capture_scale': 0.09179105555550188}. Best is trial 398 with value: 2.2424619397909873.
[I 2026-05-03 23:55:29,801] Trial 420 finished with value: 2.477220456061793 and parameters: {'rho_high_scale': 0.7005025957163395, 'f_n': 9.542282527506137e-09, 'K_d': 371527.86731857905, 'fission_rate': 4.959160945902396e+19, 'Dg_D1_scale': 0.700641829111157, 'Dg_D3_scale': 2.7632384245083537, 'Dv_D1_scale': 0.4517563329826853, 'Dv_D2_scale': 3.510960843482323, 'b_bulk_scale': 0.06703480228115115, 'b_dislocation_scale': 0.44728228913018897, 'gb_scale': 4.875793786036659, 'gd_bubble_scale': 6.593217207187239, 'gd_line_scale': 1.5667066091125903, 'gd_line_alpha': 0.9226635640159374, 'coalescence_d_scale': 0.14934147897611522, 'capture_scale': 0.0680596176003575}. Best is trial 398 with value: 2.2424619397909873.
