[I 2026-05-03 23:32:41,921] Trial 383 finished with value: 2.4442613156338955 and parameters: {'rho_high_scale': 0.9149203222893598, 'f_n': 9.030652571906126e-09, 'K_d': 359828.81446097064, 'fission_rate': 4.2308015473368826e+19, 'Dg_D1_scale': 0.6052726006499558, 'Dg_D3_scale': 1.0255233999187596, 'Dv_D1_scale': 0.26701294261598885, 'Dv_D2_scale': 3.7860636682357245, 'b_bulk_scale': 0.07510637434861857, 'b_dislocation_scale': 0.4479233500279682, 'gb_scale': 3.208567036788094, 'gd_bubble_scale': 7.0960484976899165, 'gd_line_scale': 1.3603857890448987, 'gd_line_alpha': 0.9340540213765239, 'coalescence_d_scale': 0.2564077801576992, 'capture_scale': 0.03849655510922429}. Best is trial 215 with value: 2.267143995123024.
[I 2026-05-03 23:33:27,452] Trial 384 finished with value: 3.451972486382347 and parameters: {'rho_high_scale': 0.8267729655885108, 'f_n': 5.9605476672302716e-09, 'K_d': 370295.06353510666, 'fission_rate': 4.165574239523813e+19, 'Dg_D1_scale': 0.5697045499860383, 'Dg_D3_scale': 1.5446281646363822, 'Dv_D1_scale': 0.27681461393701556, 'Dv_D2_scale': 3.0117775365781743, 'b_bulk_scale': 0.10333603047670059, 'b_dislocation_scale': 0.3697575140755781, 'gb_scale': 2.900300006450672, 'gd_bubble_scale': 9.026145837939664, 'gd_line_scale': 1.5029327944728172, 'gd_line_alpha': 0.9081729847648498, 'coalescence_d_scale': 0.2193924603682163, 'capture_scale': 3.9710651662798933}. Best is trial 215 with value: 2.267143995123024.
[I 2026-05-03 23:33:59,725] Trial 385 finished with value: 2.8602580411189438 and parameters: {'rho_high_scale': 0.76337785851805, 'f_n': 4.800064255167348e-09, 'K_d': 694758.471941789, 'fission_rate': 5.132971865309359e+19, 'Dg_D1_scale': 0.652830982789295, 'Dg_D3_scale': 1.5010767996974856, 'Dv_D1_scale': 0.2917973543884557, 'Dv_D2_scale': 3.4519230655125974, 'b_bulk_scale': 0.06370754492628423, 'b_dislocation_scale': 0.4121236836856552, 'gb_scale': 3.8054065735608114, 'gd_bubble_scale': 7.952356832131355, 'gd_line_scale': 0.2041795850875393, 'gd_line_alpha': 0.9458919498417899, 'coalescence_d_scale': 0.2757128909278978, 'capture_scale': 0.037027680777064226}. Best is trial 215 with value: 2.267143995123024.
Best trial: 215. Best value: 2.26714:  77%|███████▋  | 386/500 [4:56:34<1:11:53, 37.84s/it]Best trial: 215. Best value: 2.26714:  77%|███████▋  | 386/500 [4:56:34<1:11:53, 37.84s/it]Best trial: 215. Best value: 2.26714:  77%|███████▋  | 387/500 [4:56:34<1:13:10, 38.86s/it]                                                                                           Best trial: 215. Best value: 2.26714:  77%|███████▋  | 387/500 [4:57:17<1:13:10, 38.86s/it]Best trial: 215. Best value: 2.26714:  77%|███████▋  | 387/500 [4:57:18<1:13:10, 38.86s/it]Best trial: 215. Best value: 2.26714:  78%|███████▊  | 388/500 [4:57:18<1:14:59, 40.18s/it]                                                                                           Best trial: 215. Best value: 2.26714:  78%|███████▊  | 388/500 [4:57:48<1:14:59, 40.18s/it]Best trial: 215. Best value: 2.26714:  78%|███████▊  | 388/500 [4:57:48<1:14:59, 40.18s/it]Best trial: 215. Best value: 2.26714:  78%|███████▊  | 389/500 [4:57:48<1:08:56, 37.26s/it]                                                                                           Best trial: 215. Best value: 2.26714:  78%|███████▊  | 389/500 [4:58:32<1:08:56, 37.26s/it]Best trial: 215. Best value: 2.26714:  78%|███████▊  | 389/500 [4:58:32<1:08:56, 37.26s/it]Best trial: 215. Best value: 2.26714:  78%|███████▊  | 390/500 [4:58:32<1:11:55, 39.24s/it]                                                                                           Best trial: 215. Best value: 2.26714:  78%|███████▊  | 390/500 [4:58:57<1:11:55, 39.24s/it]Best trial: 215. Best value: 2.26714:  78%|███████▊  | 390/500 [4:58:58<1:11:55, 39.24s/it]Best trial: 215. Best value: 2.26714:  78%|███████▊  | 391/500 [4:58:58<1:03:54, 35.18s/it]                                                                                           Best trial: 215. Best value: 2.26714:  78%|███████▊  | 391/500 [4:59:33<1:03:54, 35.18s/it]Best trial: 215. Best value: 2.26714:  78%|███████▊  | 391/500 [4:59:34<1:03:54, 35.18s/it]Best trial: 215. Best value: 2.26714:  78%|███████▊  | 392/500 [4:59:34<1:03:48, 35.45s/it]                                                                                           Best trial: 215. Best value: 2.26714:  78%|███████▊  | 392/500 [5:00:13<1:03:48, 35.45s/it]Best trial: 215. Best value: 2.26714:  78%|███████▊  | 392/500 [5:00:13<1:03:48, 35.45s/it]Best trial: 215. Best value: 2.26714:  79%|███████▊  | 393/500 [5:00:13<1:05:30, 36.73s/it]                                                                                           Best trial: 215. Best value: 2.26714:  79%|███████▊  | 393/500 [5:00:51<1:05:30, 36.73s/it]Best trial: 215. Best value: 2.26714:  79%|███████▊  | 393/500 [5:00:51<1:05:30, 36.73s/it]Best trial: 215. Best value: 2.26714:  79%|███████▉  | 394/500 [5:00:51<1:05:24, 37.02s/it]                                                                                           Best trial: 215. Best value: 2.26714:  79%|███████▉  | 394/500 [5:01:31<1:05:24, 37.02s/it]Best trial: 215. Best value: 2.26714:  79%|███████▉  | 394/500 [5:01:31<1:05:24, 37.02s/it]Best trial: 215. Best value: 2.26714:  79%|███████▉  | 395/500 [5:01:31<1:06:20, 37.91s/it]                                                                                           Best trial: 215. Best value: 2.26714:  79%|███████▉  | 395/500 [5:02:11<1:06:20, 37.91s/it]Best trial: 215. Best value: 2.26714:  79%|███████▉  | 395/500 [5:02:11<1:06:20, 37.91s/it]Best trial: 215. Best value: 2.26714:  79%|███████▉  | 396/500 [5:02:11<1:06:56, 38.62s/it]                                                                                           Best trial: 215. Best value: 2.26714:  79%|███████▉  | 396/500 [5:02:49<1:06:56, 38.62s/it]Best trial: 215. Best value: 2.26714:  79%|███████▉  | 396/500 [5:02:49<1:06:56, 38.62s/it]Best trial: 215. Best value: 2.26714:  79%|███████▉  | 397/500 [5:02:49<1:06:01, 38.46s/it]                                                                                           [I 2026-05-03 23:34:40,962] Trial 386 finished with value: 2.427827373037716 and parameters: {'rho_high_scale': 0.7236035327401127, 'f_n': 8.518718630695785e-09, 'K_d': 355783.2460211124, 'fission_rate': 4.294703973198553e+19, 'Dg_D1_scale': 0.5236412467295417, 'Dg_D3_scale': 1.1589318323605338, 'Dv_D1_scale': 0.3035481948928837, 'Dv_D2_scale': 0.9933367435347904, 'b_bulk_scale': 0.0879070603946297, 'b_dislocation_scale': 0.4809537481040676, 'gb_scale': 3.3510254589320287, 'gd_bubble_scale': 9.072131779286876, 'gd_line_scale': 1.0886744133612543, 'gd_line_alpha': 0.9155009679016594, 'coalescence_d_scale': 0.23990993068287908, 'capture_scale': 0.062393210803464154}. Best is trial 215 with value: 2.267143995123024.
[I 2026-05-03 23:35:24,157] Trial 387 finished with value: 2.3297741658027773 and parameters: {'rho_high_scale': 0.7018263811522363, 'f_n': 1.2000927488919892e-08, 'K_d': 378987.64730810456, 'fission_rate': 4.238813140663733e+19, 'Dg_D1_scale': 0.6178937928424524, 'Dg_D3_scale': 1.3525808976281966, 'Dv_D1_scale': 0.33887882457313173, 'Dv_D2_scale': 3.7854412905940165, 'b_bulk_scale': 0.07035312081572832, 'b_dislocation_scale': 0.39226675819840995, 'gb_scale': 2.8207170009748994, 'gd_bubble_scale': 6.743249880346683, 'gd_line_scale': 1.2477345144027259, 'gd_line_alpha': 0.8644384574996615, 'coalescence_d_scale': 0.20280049671338035, 'capture_scale': 0.05307528106907585}. Best is trial 215 with value: 2.267143995123024.
[I 2026-05-03 23:35:54,646] Trial 388 finished with value: 2.8904896900431067 and parameters: {'rho_high_scale': 0.7894174923485623, 'f_n': 9.617079533132009e-08, 'K_d': 365058.48587795097, 'fission_rate': 4.366770139853541e+19, 'Dg_D1_scale': 0.5468406902732955, 'Dg_D3_scale': 1.6221385103154764, 'Dv_D1_scale': 0.31528875057757494, 'Dv_D2_scale': 3.9945831708812833, 'b_bulk_scale': 0.05730688726560688, 'b_dislocation_scale': 0.35578066062821906, 'gb_scale': 4.242371261489411, 'gd_bubble_scale': 7.598582940716594, 'gd_line_scale': 1.695274850285406, 'gd_line_alpha': 0.9620245685782846, 'coalescence_d_scale': 0.28905992739627534, 'capture_scale': 0.04691760647160115}. Best is trial 215 with value: 2.267143995123024.
[I 2026-05-03 23:36:38,496] Trial 389 finished with value: 2.6306119189187505 and parameters: {'rho_high_scale': 0.750439313568885, 'f_n': 8.060956792889082e-09, 'K_d': 361063.37354514585, 'fission_rate': 4.581995211410365e+19, 'Dg_D1_scale': 0.5910099910995144, 'Dg_D3_scale': 1.7951163568553166, 'Dv_D1_scale': 0.35316473006684196, 'Dv_D2_scale': 3.5700612339387368, 'b_bulk_scale': 0.0761590453193964, 'b_dislocation_scale': 0.4290334045837807, 'gb_scale': 2.368320853103961, 'gd_bubble_scale': 8.381984485709618, 'gd_line_scale': 1.4034392450484081, 'gd_line_alpha': 0.8999236900492231, 'coalescence_d_scale': 0.25179396763338896, 'capture_scale': 0.03952309297839029}. Best is trial 215 with value: 2.267143995123024.
[I 2026-05-03 23:37:04,197] Trial 390 finished with value: 3.5402617062971253 and parameters: {'rho_high_scale': 0.7323468946742618, 'f_n': 1.474289037599917e-07, 'K_d': 373494.3829665669, 'fission_rate': 4.336772822845909e+19, 'Dg_D1_scale': 0.5144382462883832, 'Dg_D3_scale': 0.9190590641628763, 'Dv_D1_scale': 0.4301738268166109, 'Dv_D2_scale': 3.2062052139021193, 'b_bulk_scale': 0.06428600774299831, 'b_dislocation_scale': 0.46838433492954357, 'gb_scale': 3.847485797670655, 'gd_bubble_scale': 9.962821213930162, 'gd_line_scale': 1.1496991663590472, 'gd_line_alpha': 0.9342884756925314, 'coalescence_d_scale': 0.32082648960029, 'capture_scale': 4.372464874547045}. Best is trial 215 with value: 2.267143995123024.
[I 2026-05-03 23:37:40,307] Trial 391 finished with value: 2.5665003152210013 and parameters: {'rho_high_scale': 0.7868861350805109, 'f_n': 1.4673102746462222e-08, 'K_d': 385550.5115080464, 'fission_rate': 4.4999399092732666e+19, 'Dg_D1_scale': 0.6439060431913592, 'Dg_D3_scale': 1.2407358632623933, 'Dv_D1_scale': 0.27482029220686777, 'Dv_D2_scale': 3.4396953651526894, 'b_bulk_scale': 0.08023821472703278, 'b_dislocation_scale': 0.5198353302157174, 'gb_scale': 3.176119933871277, 'gd_bubble_scale': 6.571889443943859, 'gd_line_scale': 1.5302617333815745, 'gd_line_alpha': 0.9658791074652608, 'coalescence_d_scale': 0.22476430242557413, 'capture_scale': 0.12191350905826136}. Best is trial 215 with value: 2.267143995123024.
[I 2026-05-03 23:38:20,023] Trial 392 finished with value: 2.3131940710797902 and parameters: {'rho_high_scale': 0.7020256830220184, 'f_n': 9.499123312917419e-09, 'K_d': 352722.74288480694, 'fission_rate': 4.9424094276494655e+19, 'Dg_D1_scale': 0.567722086315132, 'Dg_D3_scale': 1.1005318925475533, 'Dv_D1_scale': 0.23956272207611734, 'Dv_D2_scale': 3.663368113831263, 'b_bulk_scale': 0.05523243518167958, 'b_dislocation_scale': 0.3533663717485398, 'gb_scale': 2.715441779946118, 'gd_bubble_scale': 8.958164390229587, 'gd_line_scale': 1.3237032366944648, 'gd_line_alpha': 0.8852934123836426, 'coalescence_d_scale': 0.27624198114745385, 'capture_scale': 0.07480230095522832}. Best is trial 215 with value: 2.267143995123024.
[I 2026-05-03 23:38:57,751] Trial 393 finished with value: 2.378815742881708 and parameters: {'rho_high_scale': 0.732460148802126, 'f_n': 5.561015332117426e-09, 'K_d': 351601.8456320202, 'fission_rate': 4.9591566286475215e+19, 'Dg_D1_scale': 0.20887467897163378, 'Dg_D3_scale': 1.0901356669924285, 'Dv_D1_scale': 0.4622759112524996, 'Dv_D2_scale': 3.111543740333138, 'b_bulk_scale': 0.047292367246403205, 'b_dislocation_scale': 0.31967105657428346, 'gb_scale': 2.6650911107120585, 'gd_bubble_scale': 9.087319708827058, 'gd_line_scale': 1.0508833420070416, 'gd_line_alpha': 0.8775271432256109, 'coalescence_d_scale': 0.3711202432686479, 'capture_scale': 0.09189626396601674}. Best is trial 215 with value: 2.267143995123024.
[I 2026-05-03 23:39:37,735] Trial 394 finished with value: 3.5702366695643355 and parameters: {'rho_high_scale': 1.4503182138052555, 'f_n': 1.0523854054659081e-08, 'K_d': 338707.127186342, 'fission_rate': 4.7484089585006895e+19, 'Dg_D1_scale': 0.6770580352069948, 'Dg_D3_scale': 0.9738968465551956, 'Dv_D1_scale': 0.4131917591877607, 'Dv_D2_scale': 3.349122209597165, 'b_bulk_scale': 0.05318904726790558, 'b_dislocation_scale': 0.3697666448828128, 'gb_scale': 2.2146583044397365, 'gd_bubble_scale': 7.45314388246239, 'gd_line_scale': 1.215819619299871, 'gd_line_alpha': 0.8305572112653576, 'coalescence_d_scale': 0.2846002975709124, 'capture_scale': 0.08407555137425464}. Best is trial 215 with value: 2.267143995123024.
[I 2026-05-03 23:40:17,981] Trial 395 finished with value: 2.787207568167077 and parameters: {'rho_high_scale': 0.7011592600976024, 'f_n': 1.4351263666927256e-08, 'K_d': 352544.7033083239, 'fission_rate': 4.802077774744702e+19, 'Dg_D1_scale': 0.5914419726875397, 'Dg_D3_scale': 1.1025460753737888, 'Dv_D1_scale': 0.37731352928585193, 'Dv_D2_scale': 3.6709202594678607, 'b_bulk_scale': 0.055574408216815994, 'b_dislocation_scale': 0.29046210317309407, 'gb_scale': 2.49826603878031, 'gd_bubble_scale': 8.174563609156026, 'gd_line_scale': 1.7248143894127794, 'gd_line_alpha': 0.8522018789048562, 'coalescence_d_scale': 0.29822660960947905, 'capture_scale': 0.07590762052355406}. Best is trial 215 with value: 2.267143995123024.
[I 2026-05-03 23:40:56,097] Trial 396 finished with value: 2.3670299606833445 and parameters: {'rho_high_scale': 0.7036106655964608, 'f_n': 1.195328737766645e-08, 'K_d': 368024.6312638549, 'fission_rate': 4.8632103070075445e+19, 'Dg_D1_scale': 0.49848306348937893, 'Dg_D3_scale': 1.0282422325279716, 'Dv_D1_scale': 0.45095109149689044, 'Dv_D2_scale': 2.9262421695754965, 'b_bulk_scale': 0.06026139451705749, 'b_dislocation_scale': 0.34777908987251765, 'gb_scale': 2.857042958812879, 'gd_bubble_scale': 9.160285433570367, 'gd_line_scale': 1.4466709266434643, 'gd_line_alpha': 0.8929368027135317, 'coalescence_d_scale': 0.2631333995066746, 'capture_scale': 0.06569752306568494}. Best is trial 215 with value: 2.267143995123024.
Best trial: 215. Best value: 2.26714:  79%|███████▉  | 397/500 [5:03:28<1:06:01, 38.46s/it]Best trial: 215. Best value: 2.26714:  79%|███████▉  | 397/500 [5:03:28<1:06:01, 38.46s/it]Best trial: 215. Best value: 2.26714:  80%|███████▉  | 398/500 [5:03:28<1:05:33, 38.56s/it]                                                                                           Best trial: 215. Best value: 2.26714:  80%|███████▉  | 398/500 [5:04:05<1:05:33, 38.56s/it]Best trial: 398. Best value: 2.24246:  80%|███████▉  | 398/500 [5:04:05<1:05:33, 38.56s/it]Best trial: 398. Best value: 2.24246:  80%|███████▉  | 399/500 [5:04:05<1:04:10, 38.13s/it]                                                                                           Best trial: 398. Best value: 2.24246:  80%|███████▉  | 399/500 [5:04:48<1:04:10, 38.13s/it]Best trial: 398. Best value: 2.24246:  80%|███████▉  | 399/500 [5:04:48<1:04:10, 38.13s/it]Best trial: 398. Best value: 2.24246:  80%|████████  | 400/500 [5:04:48<1:05:43, 39.43s/it]                                                                                           Best trial: 398. Best value: 2.24246:  80%|████████  | 400/500 [5:05:26<1:05:43, 39.43s/it]Best trial: 398. Best value: 2.24246:  80%|████████  | 400/500 [5:05:26<1:05:43, 39.43s/it]Best trial: 398. Best value: 2.24246:  80%|████████  | 401/500 [5:05:26<1:04:33, 39.13s/it]                                                                                           Best trial: 398. Best value: 2.24246:  80%|████████  | 401/500 [5:05:47<1:04:33, 39.13s/it]Best trial: 398. Best value: 2.24246:  80%|████████  | 401/500 [5:05:47<1:04:33, 39.13s/it]Best trial: 398. Best value: 2.24246:  80%|████████  | 402/500 [5:05:47<54:59, 33.67s/it]                                                                                           Best trial: 398. Best value: 2.24246:  80%|████████  | 402/500 [5:06:28<54:59, 33.67s/it]Best trial: 398. Best value: 2.24246:  80%|████████  | 402/500 [5:06:29<54:59, 33.67s/it]Best trial: 398. Best value: 2.24246:  81%|████████  | 403/500 [5:06:29<58:14, 36.03s/it]                                                                                         Best trial: 398. Best value: 2.24246:  81%|████████  | 403/500 [5:07:08<58:14, 36.03s/it]Best trial: 398. Best value: 2.24246:  81%|████████  | 403/500 [5:07:08<58:14, 36.03s/it]Best trial: 398. Best value: 2.24246:  81%|████████  | 404/500 [5:07:08<59:18, 37.07s/it]                                                                                         Best trial: 398. Best value: 2.24246:  81%|████████  | 404/500 [5:07:48<59:18, 37.07s/it]Best trial: 398. Best value: 2.24246:  81%|████████  | 404/500 [5:07:48<59:18, 37.07s/it]Best trial: 398. Best value: 2.24246:  81%|████████  | 405/500 [5:07:48<1:00:07, 37.97s/it]                                                                                           Best trial: 398. Best value: 2.24246:  81%|████████  | 405/500 [5:08:23<1:00:07, 37.97s/it]Best trial: 398. Best value: 2.24246:  81%|████████  | 405/500 [5:08:24<1:00:07, 37.97s/it]Best trial: 398. Best value: 2.24246:  81%|████████  | 406/500 [5:08:24<58:18, 37.22s/it]                                                                                           Best trial: 398. Best value: 2.24246:  81%|████████  | 406/500 [5:09:03<58:18, 37.22s/it]Best trial: 398. Best value: 2.24246:  81%|████████  | 406/500 [5:09:03<58:18, 37.22s/it]Best trial: 398. Best value: 2.24246:  81%|████████▏ | 407/500 [5:09:03<58:39, 37.85s/it]                                                                                         Best trial: 398. Best value: 2.24246:  81%|████████▏ | 407/500 [5:09:37<58:39, 37.85s/it]Best trial: 398. Best value: 2.24246:  81%|████████▏ | 407/500 [5:09:37<58:39, 37.85s/it]Best trial: 398. Best value: 2.24246:  82%|████████▏ | 408/500 [5:09:37<56:11, 36.65s/it]                                                                                         [I 2026-05-03 23:41:34,880] Trial 397 finished with value: 3.6037601638282344 and parameters: {'rho_high_scale': 0.8501224121985512, 'f_n': 7.804588238098403e-09, 'K_d': 355066.41673534416, 'fission_rate': 5.054563182142871e+19, 'Dg_D1_scale': 0.6171925211683994, 'Dg_D3_scale': 0.8899861107373691, 'Dv_D1_scale': 0.418294821681244, 'Dv_D2_scale': 3.5904492569344275, 'b_bulk_scale': 0.1574735391302502, 'b_dislocation_scale': 0.33102612145277555, 'gb_scale': 0.8260144446468854, 'gd_bubble_scale': 0.08273279496337729, 'gd_line_scale': 1.6094756695470838, 'gd_line_alpha': 0.8689106500966134, 'coalescence_d_scale': 0.3219286919165254, 'capture_scale': 0.058270798330652865}. Best is trial 215 with value: 2.267143995123024.
[I 2026-05-03 23:42:11,949] Trial 398 finished with value: 2.2424619397909873 and parameters: {'rho_high_scale': 0.7005431152145185, 'f_n': 1.6823971094492904e-08, 'K_d': 346549.2556111795, 'fission_rate': 4.68188449257508e+19, 'Dg_D1_scale': 0.5321838037187703, 'Dg_D3_scale': 1.16877957282026, 'Dv_D1_scale': 0.4707328081662056, 'Dv_D2_scale': 3.9970869765511283, 'b_bulk_scale': 0.046914956299954035, 'b_dislocation_scale': 0.3866919043854669, 'gb_scale': 2.5125595261117084, 'gd_bubble_scale': 9.965906099816355, 'gd_line_scale': 1.3293816711222959, 'gd_line_alpha': 0.9094076580935464, 'coalescence_d_scale': 0.11063920521434756, 'capture_scale': 0.07322729088975315}. Best is trial 398 with value: 2.2424619397909873.
[I 2026-05-03 23:42:54,487] Trial 399 finished with value: 3.1805227830358325 and parameters: {'rho_high_scale': 0.7666297601598843, 'f_n': 1.7429197725576225e-08, 'K_d': 329906.2296852975, 'fission_rate': 4.6955091112290165e+19, 'Dg_D1_scale': 0.44117992635771786, 'Dg_D3_scale': 1.1746626760242782, 'Dv_D1_scale': 0.230855364920221, 'Dv_D2_scale': 3.9953793870509346, 'b_bulk_scale': 0.04590170121675436, 'b_dislocation_scale': 0.37964286565902117, 'gb_scale': 0.6767756767593793, 'gd_bubble_scale': 9.274688315497354, 'gd_line_scale': 1.4491746505941914, 'gd_line_alpha': 0.8995444262974622, 'coalescence_d_scale': 0.11319162590803396, 'capture_scale': 0.10153256267046674}. Best is trial 398 with value: 2.2424619397909873.
[I 2026-05-03 23:43:32,875] Trial 400 finished with value: 2.6333698046242056 and parameters: {'rho_high_scale': 0.7011261478982533, 'f_n': 1.6809538509366133e-08, 'K_d': 344175.1350899048, 'fission_rate': 4.887316797330156e+19, 'Dg_D1_scale': 0.5205245994021371, 'Dg_D3_scale': 1.128292742710899, 'Dv_D1_scale': 0.5101403981789676, 'Dv_D2_scale': 3.8115258489294654, 'b_bulk_scale': 0.05088763705040239, 'b_dislocation_scale': 0.3453078641590719, 'gb_scale': 2.585470736000967, 'gd_bubble_scale': 9.976101710626162, 'gd_line_scale': 1.845567495605286, 'gd_line_alpha': 0.8832878110559165, 'coalescence_d_scale': 0.10318314244412988, 'capture_scale': 0.07337623487829457}. Best is trial 398 with value: 2.2424619397909873.
[I 2026-05-03 23:43:53,729] Trial 401 finished with value: 4.573727681399174 and parameters: {'rho_high_scale': 0.7574830806109909, 'f_n': 7.15139910114771e-08, 'K_d': 345194.9168225753, 'fission_rate': 4.828076044334953e+19, 'Dg_D1_scale': 0.4573685707015439, 'Dg_D3_scale': 1.2493978787750453, 'Dv_D1_scale': 0.20586636466755917, 'Dv_D2_scale': 3.8087038645169615, 'b_bulk_scale': 0.0456716189226012, 'b_dislocation_scale': 1.3695446256002035, 'gb_scale': 7.872121530952172, 'gd_bubble_scale': 7.308670184700862, 'gd_line_scale': 1.3184228373670754, 'gd_line_alpha': 0.9147412267525128, 'coalescence_d_scale': 0.13147293234942034, 'capture_scale': 0.08219075944222991}. Best is trial 398 with value: 2.2424619397909873.
