[I 2026-05-03 18:38:05,774] A new study created in RDB with name: UN_M7_capture_only
########################################################################################################################
V11 rhoFT2 + gas-to-grain-face + high-T dislocation plateau settings
family                         = capture_only
rhoFT2 enabled                 = True
rho_low_scale range             = 1 -- 1
rho_high_scale range            = 0.7 -- 8
rho high-T linear ramp          = 1300 K -> 1600 K
K_d range                       = 300000 -- 800000
direct exp weights              = sw 1.1, Rd 0.85, Nd 0.85, Nd-drop 0.8
v11 partition/qgb weights       = 0.85 / 1.1
qgb max low-mid/high            = 18.0 / 22.0
Fig8 disl/bulk radius weights   = 0.35 / 0.06
Fig6 burnup weight              = 0.02
output dir                      = UN_M7_optuna_v11_rhoFT2_partition_results/capture_only
########################################################################################################################
########################################################################################################################
OPTUNA CALIBRATION: capture_only
########################################################################################################################
Output dir        = UN_M7_optuna_v11_rhoFT2_partition_results/capture_only
Trials requested  = 500
FAST dt/modes     = 12 h / 22
FINAL dt/modes    = 1 h / 40
Pressure weight   = 0.22; free factor = 3
D2 Xe             = included, with D2_xe_scale
Coalescence       = active, scale never zero
Family switches   = phi_gas:False, nuc_mass:False, capture:True
########################################################################################################################
  0%|          | 0/500 [00:00<?, ?it/s]                                         0%|          | 0/500 [00:27<?, ?it/s]Best trial: 0. Best value: 12.5855:   0%|          | 0/500 [00:27<?, ?it/s]Best trial: 0. Best value: 12.5855:   0%|          | 1/500 [00:27<3:50:29, 27.72s/it]                                                                                     Best trial: 0. Best value: 12.5855:   0%|          | 1/500 [00:54<3:50:29, 27.72s/it]Best trial: 1. Best value: 5.0653:   0%|          | 1/500 [00:54<3:50:29, 27.72s/it] Best trial: 1. Best value: 5.0653:   0%|          | 2/500 [00:54<3:47:02, 27.36s/it]                                                                                    Best trial: 1. Best value: 5.0653:   0%|          | 2/500 [01:35<3:47:02, 27.36s/it]Best trial: 1. Best value: 5.0653:   0%|          | 2/500 [01:35<3:47:02, 27.36s/it]Best trial: 1. Best value: 5.0653:   1%|          | 3/500 [01:35<4:37:52, 33.55s/it]                                                                                    Best trial: 1. Best value: 5.0653:   1%|          | 3/500 [02:01<4:37:52, 33.55s/it]Best trial: 1. Best value: 5.0653:   1%|          | 3/500 [02:02<4:37:52, 33.55s/it]Best trial: 1. Best value: 5.0653:   1%|          | 4/500 [02:02<4:13:50, 30.71s/it]                                                                                    Best trial: 1. Best value: 5.0653:   1%|          | 4/500 [02:29<4:13:50, 30.71s/it]Best trial: 1. Best value: 5.0653:   1%|          | 4/500 [02:29<4:13:50, 30.71s/it]Best trial: 1. Best value: 5.0653:   1%|          | 5/500 [02:29<4:04:08, 29.59s/it]                                                                                    Best trial: 1. Best value: 5.0653:   1%|          | 5/500 [02:59<4:04:08, 29.59s/it]Best trial: 1. Best value: 5.0653:   1%|          | 5/500 [02:59<4:04:08, 29.59s/it]Best trial: 1. Best value: 5.0653:   1%|          | 6/500 [02:59<4:03:48, 29.61s/it]                                                                                    Best trial: 1. Best value: 5.0653:   1%|          | 6/500 [03:26<4:03:48, 29.61s/it]Best trial: 1. Best value: 5.0653:   1%|          | 6/500 [03:26<4:03:48, 29.61s/it]Best trial: 1. Best value: 5.0653:   1%|▏         | 7/500 [03:26<3:57:03, 28.85s/it]/home/alexander/sciantix-official/.venv/lib/python3.10/site-packages/optuna/trial/_trial.py:664: UserWarning: Fixed parameter K_d with value 1033314.0 is out of range for distribution FloatDistribution(high=800000.0, log=True, low=300000.0, step=None).
  optuna_warn(
                                                                                    Best trial: 1. Best value: 5.0653:   1%|▏         | 7/500 [03:56<3:57:03, 28.85s/it]Best trial: 1. Best value: 5.0653:   1%|▏         | 7/500 [03:56<3:57:03, 28.85s/it]Best trial: 1. Best value: 5.0653:   2%|▏         | 8/500 [03:56<4:00:14, 29.30s/it]/home/alexander/sciantix-official/.venv/lib/python3.10/site-packages/optuna/trial/_trial.py:664: UserWarning: Fixed parameter K_d with value 1198283.0 is out of range for distribution FloatDistribution(high=800000.0, log=True, low=300000.0, step=None).
  optuna_warn(
                                                                                    Best trial: 1. Best value: 5.0653:   2%|▏         | 8/500 [04:27<4:00:14, 29.30s/it]Best trial: 1. Best value: 5.0653:   2%|▏         | 8/500 [04:27<4:00:14, 29.30s/it]Best trial: 1. Best value: 5.0653:   2%|▏         | 9/500 [04:27<4:02:56, 29.69s/it]/home/alexander/sciantix-official/.venv/lib/python3.10/site-packages/optuna/trial/_trial.py:664: UserWarning: Fixed parameter K_d with value 1166892.0 is out of range for distribution FloatDistribution(high=800000.0, log=True, low=300000.0, step=None).
  optuna_warn(
                                                                                    Best trial: 1. Best value: 5.0653:   2%|▏         | 9/500 [04:51<4:02:56, 29.69s/it]Best trial: 9. Best value: 4.87559:   2%|▏         | 9/500 [04:51<4:02:56, 29.69s/it]Best trial: 9. Best value: 4.87559:   2%|▏         | 10/500 [04:51<3:48:41, 28.00s/it]                                                                                      Best trial: 9. Best value: 4.87559:   2%|▏         | 10/500 [05:08<3:48:41, 28.00s/it]Best trial: 9. Best value: 4.87559:   2%|▏         | 10/500 [05:08<3:48:41, 28.00s/it]Best trial: 9. Best value: 4.87559:   2%|▏         | 11/500 [05:08<3:20:12, 24.57s/it]                                                                                      Best trial: 9. Best value: 4.87559:   2%|▏         | 11/500 [05:41<3:20:12, 24.57s/it]Best trial: 11. Best value: 4.17887:   2%|▏         | 11/500 [05:41<3:20:12, 24.57s/it]Best trial: 11. Best value: 4.17887:   2%|▏         | 12/500 [05:41<3:41:03, 27.18s/it]                                                                                       [I 2026-05-03 18:38:33,984] Trial 0 finished with value: 12.585506617858973 and parameters: {'rho_high_scale': 2.2853444475493334, 'f_n': 4.7e-08, 'K_d': 575000.0, 'fission_rate': 4.76e+19, 'Dg_D1_scale': 0.6346289663554867, 'Dg_D3_scale': 1.5217286868122881, 'Dv_D1_scale': 3.2671889680762614, 'Dv_D2_scale': 0.5049737805755237, 'b_bulk_scale': 0.09759783824037693, 'b_dislocation_scale': 0.31552349436495225, 'gb_scale': 1.588, 'gd_bubble_scale': 0.3259843973523778, 'gd_line_scale': 0.27700124558415884, 'gd_line_alpha': 0.4389032036694035, 'coalescence_d_scale': 8.15, 'capture_scale': 2.97}. Best is trial 0 with value: 12.585506617858973.
[I 2026-05-03 18:39:01,089] Trial 1 finished with value: 5.0653049059443855 and parameters: {'rho_high_scale': 1.4742244789400132, 'f_n': 1e-08, 'K_d': 800000.0, 'fission_rate': 7.5e+19, 'Dg_D1_scale': 1.7951308104894068, 'Dg_D3_scale': 2.0094044323803937, 'Dv_D1_scale': 0.7826887504373823, 'Dv_D2_scale': 0.6426476238157399, 'b_bulk_scale': 0.402603831411191, 'b_dislocation_scale': 0.04300442018483712, 'gb_scale': 1.0, 'gd_bubble_scale': 1.5078669461350787, 'gd_line_scale': 0.5328570557431512, 'gd_line_alpha': 0.7670864750479445, 'coalescence_d_scale': 1.0, 'capture_scale': 0.3}. Best is trial 1 with value: 5.0653049059443855.
[I 2026-05-03 18:39:42,036] Trial 2 finished with value: 6.688734817957902 and parameters: {'rho_high_scale': 2.053026303393084, 'f_n': 1e-06, 'K_d': 500000.0, 'fission_rate': 5e+19, 'Dg_D1_scale': 2.474743447369128, 'Dg_D3_scale': 0.4404424293905499, 'Dv_D1_scale': 1.7273637807858293, 'Dv_D2_scale': 0.6169570472973746, 'b_bulk_scale': 1.2998857560895176, 'b_dislocation_scale': 0.03739446124987863, 'gb_scale': 1.0, 'gd_bubble_scale': 0.6478855018382084, 'gd_line_scale': 4.624269271922377, 'gd_line_alpha': 0.8455130233665066, 'coalescence_d_scale': 1.0, 'capture_scale': 1.0}. Best is trial 1 with value: 5.0653049059443855.
[I 2026-05-03 18:40:08,389] Trial 3 finished with value: 7.094013929051229 and parameters: {'rho_high_scale': 1.0112239319370278, 'f_n': 1.3333e-08, 'K_d': 714300.0, 'fission_rate': 4.9558e+19, 'Dg_D1_scale': 2.8341435738822627, 'Dg_D3_scale': 0.8825497636915764, 'Dv_D1_scale': 0.7042899316288207, 'Dv_D2_scale': 3.41199790173967, 'b_bulk_scale': 0.09494714383634133, 'b_dislocation_scale': 1.3309008159406814, 'gb_scale': 0.8994, 'gd_bubble_scale': 1.0088579711789498, 'gd_line_scale': 1.2341613316579612, 'gd_line_alpha': 0.051932277425179585, 'coalescence_d_scale': 10.99, 'capture_scale': 3.247}. Best is trial 1 with value: 5.0653049059443855.
[I 2026-05-03 18:40:36,009] Trial 4 finished with value: 8.88073223856403 and parameters: {'rho_high_scale': 6.978432857695673, 'f_n': 2.5466e-07, 'K_d': 648460.0, 'fission_rate': 7.4799e+19, 'Dg_D1_scale': 0.2522305713000057, 'Dg_D3_scale': 0.30986602692178955, 'Dv_D1_scale': 2.245516982447198, 'Dv_D2_scale': 0.24595111616352658, 'b_bulk_scale': 0.08613363742342935, 'b_dislocation_scale': 0.0944306594783798, 'gb_scale': 0.4625, 'gd_bubble_scale': 0.15105641088250527, 'gd_line_scale': 3.6179609521867144, 'gd_line_alpha': 0.24857261280949416, 'coalescence_d_scale': 6.997, 'capture_scale': 0.1401}. Best is trial 1 with value: 5.0653049059443855.
[I 2026-05-03 18:41:05,656] Trial 5 finished with value: 8.352304885571478 and parameters: {'rho_high_scale': 3.28420930392604, 'f_n': 1.9043e-07, 'K_d': 633680.0, 'fission_rate': 6.8347e+19, 'Dg_D1_scale': 0.567566480347386, 'Dg_D3_scale': 1.295264317794846, 'Dv_D1_scale': 1.5986194213650518, 'Dv_D2_scale': 0.7702906760321349, 'b_bulk_scale': 3.4028525574035458, 'b_dislocation_scale': 0.09607969162248683, 'gb_scale': 0.3881, 'gd_bubble_scale': 0.06580926706975354, 'gd_line_scale': 0.6364503300424027, 'gd_line_alpha': 0.4065536822587079, 'coalescence_d_scale': 7.005, 'capture_scale': 0.0608}. Best is trial 1 with value: 5.0653049059443855.
[I 2026-05-03 18:41:32,936] Trial 6 finished with value: 5.96061669549313 and parameters: {'rho_high_scale': 4.023632164093975, 'f_n': 1.3237e-08, 'K_d': 558920.0, 'fission_rate': 7.6621e+19, 'Dg_D1_scale': 2.358676960997946, 'Dg_D3_scale': 0.31216722459794816, 'Dv_D1_scale': 0.8462250431646274, 'Dv_D2_scale': 0.31803534319121285, 'b_bulk_scale': 2.934762992639904, 'b_dislocation_scale': 0.6844531659289005, 'gb_scale': 0.4151, 'gd_bubble_scale': 1.134864355388283, 'gd_line_scale': 0.1484024069688895, 'gd_line_alpha': 0.8887848642222637, 'coalescence_d_scale': 9.772, 'capture_scale': 0.1557}. Best is trial 1 with value: 5.0653049059443855.
[I 2026-05-03 18:42:03,150] Trial 7 finished with value: 5.704928092050734 and parameters: {'rho_high_scale': 1.5476421143441872, 'f_n': 2.940436e-07, 'K_d': 1033314.0, 'fission_rate': 6.730293e+19, 'Dg_D1_scale': 1.5943057948339656, 'Dg_D3_scale': 1.0658144634071478, 'Dv_D1_scale': 1.1715046186688043, 'Dv_D2_scale': 1.5747059351939063, 'b_bulk_scale': 1.0410013237555282, 'b_dislocation_scale': 0.25242721521016465, 'gb_scale': 1.445601, 'gd_bubble_scale': 0.14127797102673081, 'gd_line_scale': 1.4621655465113526, 'gd_line_alpha': 0.6056807791260455, 'coalescence_d_scale': 3.880728, 'capture_scale': 0.024136}. Best is trial 1 with value: 5.0653049059443855.
[I 2026-05-03 18:42:33,732] Trial 8 finished with value: 5.703410060876039 and parameters: {'rho_high_scale': 1.8121673676106287, 'f_n': 5.96478e-07, 'K_d': 1198283.0, 'fission_rate': 6.685431e+19, 'Dg_D1_scale': 0.20408038972170414, 'Dg_D3_scale': 0.4059119183204407, 'Dv_D1_scale': 2.567065251926156, 'Dv_D2_scale': 1.3636291247156938, 'b_bulk_scale': 0.7238192285949723, 'b_dislocation_scale': 0.09111773399809518, 'gb_scale': 1.009685, 'gd_bubble_scale': 0.1733358431905307, 'gd_line_scale': 0.05165570185521313, 'gd_line_alpha': 0.8172583197074371, 'coalescence_d_scale': 2.916475, 'capture_scale': 0.027787}. Best is trial 1 with value: 5.0653049059443855.
[I 2026-05-03 18:42:57,920] Trial 9 finished with value: 4.875587895581001 and parameters: {'rho_high_scale': 4.1230653183286865, 'f_n': 7.392651e-07, 'K_d': 1166892.0, 'fission_rate': 6.574543e+19, 'Dg_D1_scale': 3.5527429777631845, 'Dg_D3_scale': 1.1605480964584967, 'Dv_D1_scale': 0.39428345809250037, 'Dv_D2_scale': 0.22716196152929935, 'b_bulk_scale': 0.222481996788329, 'b_dislocation_scale': 0.4683478122456905, 'gb_scale': 1.30495, 'gd_bubble_scale': 0.7256524608061196, 'gd_line_scale': 0.47821378158631844, 'gd_line_alpha': 0.190124285419635, 'coalescence_d_scale': 2.726375, 'capture_scale': 0.023283}. Best is trial 9 with value: 4.875587895581001.
[I 2026-05-03 18:43:14,737] Trial 10 finished with value: 5.272541572554918 and parameters: {'rho_high_scale': 1.0, 'f_n': 2.9596279490253876e-10, 'K_d': 500000.0, 'fission_rate': 5.770991254543622e+19, 'Dg_D1_scale': 1.08353636983635, 'Dg_D3_scale': 2.4199310512276964, 'Dv_D1_scale': 0.3433610104653286, 'Dv_D2_scale': 0.2266162822559109, 'b_bulk_scale': 0.03259762749402304, 'b_dislocation_scale': 3.7575781040067446, 'gb_scale': 7.255922751657507, 'gd_bubble_scale': 8.605517701588562, 'gd_line_scale': 0.09890653405115517, 'gd_line_alpha': 0.03614737915451399, 'coalescence_d_scale': 0.2038710586340503, 'capture_scale': 0.010830951503999292}. Best is trial 9 with value: 4.875587895581001.
[I 2026-05-03 18:43:47,861] Trial 11 finished with value: 4.178871234447711 and parameters: {'rho_high_scale': 2.0, 'f_n': 1.4867057846432302e-09, 'K_d': 500000.0, 'fission_rate': 6.087591620541001e+19, 'Dg_D1_scale': 3.9254313033863983, 'Dg_D3_scale': 3.9357965458538064, 'Dv_D1_scale': 0.3863339766144739, 'Dv_D2_scale': 0.3327197336450844, 'b_bulk_scale': 0.37253472329491133, 'b_dislocation_scale': 0.9416575153010066, 'gb_scale': 0.08619205459059757, 'gd_bubble_scale': 3.081452960291015, 'gd_line_scale': 0.47189184605746887, 'gd_line_alpha': 0.6471131741115406, 'coalescence_d_scale': 0.7866232750140031, 'capture_scale': 0.574022249604674}. Best is trial 11 with value: 4.178871234447711.
Best trial: 11. Best value: 4.17887:   2%|▏         | 12/500 [06:15<3:41:03, 27.18s/it]Best trial: 11. Best value: 4.17887:   2%|▏         | 12/500 [06:15<3:41:03, 27.18s/it]Best trial: 11. Best value: 4.17887:   3%|▎         | 13/500 [06:15<3:56:31, 29.14s/it]                                                                                       Best trial: 11. Best value: 4.17887:   3%|▎         | 13/500 [06:49<3:56:31, 29.14s/it]Best trial: 11. Best value: 4.17887:   3%|▎         | 13/500 [06:49<3:56:31, 29.14s/it]Best trial: 11. Best value: 4.17887:   3%|▎         | 14/500 [06:49<4:08:29, 30.68s/it]                                                                                       Best trial: 11. Best value: 4.17887:   3%|▎         | 14/500 [07:36<4:08:29, 30.68s/it]Best trial: 11. Best value: 4.17887:   3%|▎         | 14/500 [07:36<4:08:29, 30.68s/it]Best trial: 11. Best value: 4.17887:   3%|▎         | 15/500 [07:36<4:47:58, 35.63s/it]                                                                                       Best trial: 11. Best value: 4.17887:   3%|▎         | 15/500 [08:22<4:47:58, 35.63s/it]Best trial: 11. Best value: 4.17887:   3%|▎         | 15/500 [08:22<4:47:58, 35.63s/it]Best trial: 11. Best value: 4.17887:   3%|▎         | 16/500 [08:22<5:12:47, 38.78s/it]                                                                                       Best trial: 11. Best value: 4.17887:   3%|▎         | 16/500 [09:08<5:12:47, 38.78s/it]Best trial: 11. Best value: 4.17887:   3%|▎         | 16/500 [09:08<5:12:47, 38.78s/it]Best trial: 11. Best value: 4.17887:   3%|▎         | 17/500 [09:08<5:29:52, 40.98s/it]                                                                                       Best trial: 11. Best value: 4.17887:   3%|▎         | 17/500 [09:45<5:29:52, 40.98s/it]Best trial: 11. Best value: 4.17887:   3%|▎         | 17/500 [09:45<5:29:52, 40.98s/it]Best trial: 11. Best value: 4.17887:   4%|▎         | 18/500 [09:45<5:18:46, 39.68s/it]                                                                                       Best trial: 11. Best value: 4.17887:   4%|▎         | 18/500 [10:17<5:18:46, 39.68s/it]Best trial: 11. Best value: 4.17887:   4%|▎         | 18/500 [10:17<5:18:46, 39.68s/it]Best trial: 11. Best value: 4.17887:   4%|▍         | 19/500 [10:17<4:59:53, 37.41s/it]                                                                                       Best trial: 11. Best value: 4.17887:   4%|▍         | 19/500 [11:00<4:59:53, 37.41s/it]Best trial: 11. Best value: 4.17887:   4%|▍         | 19/500 [11:00<4:59:53, 37.41s/it]Best trial: 11. Best value: 4.17887:   4%|▍         | 20/500 [11:00<5:13:16, 39.16s/it]                                                                                       Best trial: 11. Best value: 4.17887:   4%|▍         | 20/500 [11:39<5:13:16, 39.16s/it]Best trial: 11. Best value: 4.17887:   4%|▍         | 20/500 [11:39<5:13:16, 39.16s/it]Best trial: 11. Best value: 4.17887:   4%|▍         | 21/500 [11:39<5:11:22, 39.00s/it]                                                                                       Best trial: 11. Best value: 4.17887:   4%|▍         | 21/500 [12:14<5:11:22, 39.00s/it]Best trial: 11. Best value: 4.17887:   4%|▍         | 21/500 [12:15<5:11:22, 39.00s/it]Best trial: 11. Best value: 4.17887:   4%|▍         | 22/500 [12:15<5:02:35, 37.98s/it]                                                                                       Best trial: 11. Best value: 4.17887:   4%|▍         | 22/500 [12:56<5:02:35, 37.98s/it]Best trial: 11. Best value: 4.17887:   4%|▍         | 22/500 [12:57<5:02:35, 37.98s/it]Best trial: 11. Best value: 4.17887:   5%|▍         | 23/500 [12:57<5:11:35, 39.19s/it]                                                                                       [I 2026-05-03 18:44:21,540] Trial 12 finished with value: 4.51361940125544 and parameters: {'rho_high_scale': 4.0, 'f_n': 1.2328378866318394e-09, 'K_d': 500000.0, 'fission_rate': 5.896558250607189e+19, 'Dg_D1_scale': 3.802540063343154, 'Dg_D3_scale': 3.940190658256723, 'Dv_D1_scale': 0.24564602925491505, 'Dv_D2_scale': 0.37351239172045775, 'b_bulk_scale': 0.2517629550400825, 'b_dislocation_scale': 1.0023121497215826, 'gb_scale': 0.05258724334728753, 'gd_bubble_scale': 3.9114096061005683, 'gd_line_scale': 0.32379579270634923, 'gd_line_alpha': 0.6259429800617072, 'coalescence_d_scale': 0.3650261765540414, 'capture_scale': 0.6396850717102534}. Best is trial 11 with value: 4.178871234447711.
[I 2026-05-03 18:44:55,779] Trial 13 finished with value: 4.66255613613661 and parameters: {'rho_high_scale': 6.6792449630908495, 'f_n': 6.807239974659672e-10, 'K_d': 330473.1329106932, 'fission_rate': 5.777744879436954e+19, 'Dg_D1_scale': 3.7691877318279126, 'Dg_D3_scale': 2.9808694555518125, 'Dv_D1_scale': 0.2729374569197621, 'Dv_D2_scale': 0.38658784904591514, 'b_bulk_scale': 0.26071981646515807, 'b_dislocation_scale': 1.5764208575343204, 'gb_scale': 0.06106278553056497, 'gd_bubble_scale': 3.9854457767344633, 'gd_line_scale': 0.17537505495332548, 'gd_line_alpha': 0.6341560977166274, 'coalescence_d_scale': 0.28069267167868855, 'capture_scale': 0.8069006425645222}. Best is trial 11 with value: 4.178871234447711.
[I 2026-05-03 18:45:42,859] Trial 14 finished with value: 4.493106321464763 and parameters: {'rho_high_scale': 3.0175809068394224, 'f_n': 2.1753139760978966e-09, 'K_d': 410690.6545808684, 'fission_rate': 4.044727886121577e+19, 'Dg_D1_scale': 0.9593541332831448, 'Dg_D3_scale': 2.9788791600677755, 'Dv_D1_scale': 0.2045104325443661, 'Dv_D2_scale': 0.4060956878662582, 'b_bulk_scale': 0.4583186342334944, 'b_dislocation_scale': 1.2258162439680078, 'gb_scale': 0.06412890315312471, 'gd_bubble_scale': 2.7823679882128443, 'gd_line_scale': 1.1725795315783758, 'gd_line_alpha': 0.6179339831813078, 'coalescence_d_scale': 0.44163393977269916, 'capture_scale': 0.6852962962537937}. Best is trial 11 with value: 4.178871234447711.
[I 2026-05-03 18:46:28,958] Trial 15 finished with value: 4.515812423577805 and parameters: {'rho_high_scale': 2.958843210355569, 'f_n': 3.3568617543091073e-09, 'K_d': 385135.7643208732, 'fission_rate': 4.077750389142584e+19, 'Dg_D1_scale': 0.3984315878140603, 'Dg_D3_scale': 3.977914272779331, 'Dv_D1_scale': 0.20074513076449907, 'Dv_D2_scale': 1.1454628692961095, 'b_bulk_scale': 0.5581994295422643, 'b_dislocation_scale': 2.594643331142059, 'gb_scale': 0.13373671715676239, 'gd_bubble_scale': 3.0507005187666625, 'gd_line_scale': 1.4672155176309387, 'gd_line_alpha': 0.985988084533445, 'coalescence_d_scale': 0.10546954421549767, 'capture_scale': 6.90538241826737}. Best is trial 11 with value: 4.178871234447711.
