[I 2026-05-03 20:04:07,458] Trial 171 finished with value: 2.6416241925547883 and parameters: {'rho_high_scale': 0.7352017770693525, 'f_n': 2.85006499000377e-08, 'K_d': 378877.24079036637, 'fission_rate': 6.084160832619837e+19, 'Dg_D1_scale': 0.7614187343099178, 'Dg_D3_scale': 0.7461511086342595, 'Dv_D1_scale': 0.37491890802041933, 'Dv_D2_scale': 3.4453373887167644, 'b_bulk_scale': 0.0480736285653077, 'b_dislocation_scale': 0.21750758150960323, 'gb_scale': 1.1804318277342425, 'gd_bubble_scale': 5.929172174415448, 'gd_line_scale': 0.9460711737676174, 'gd_line_alpha': 0.8561175695793164, 'coalescence_d_scale': 0.1664199087321776, 'capture_scale': 0.1179833409926776}. Best is trial 121 with value: 2.296521578936564.
[I 2026-05-03 20:04:39,436] Trial 172 finished with value: 3.1286073672933243 and parameters: {'rho_high_scale': 0.767692677083841, 'f_n': 2.3057201972232282e-08, 'K_d': 451360.70366227825, 'fission_rate': 6.296615631657737e+19, 'Dg_D1_scale': 0.8524974193361805, 'Dg_D3_scale': 0.676497189383836, 'Dv_D1_scale': 0.4222581033171653, 'Dv_D2_scale': 2.8160439000966933, 'b_bulk_scale': 0.0422018810398732, 'b_dislocation_scale': 0.22692861954251703, 'gb_scale': 1.376787015581479, 'gd_bubble_scale': 8.441606850748835, 'gd_line_scale': 1.0169646736951208, 'gd_line_alpha': 0.8966131701237101, 'coalescence_d_scale': 0.132041460408527, 'capture_scale': 0.17299145873024926}. Best is trial 121 with value: 2.296521578936564.
[I 2026-05-03 20:05:08,459] Trial 173 finished with value: 2.489819874572347 and parameters: {'rho_high_scale': 0.7340469018590818, 'f_n': 5.009789067387053e-08, 'K_d': 361668.45052649034, 'fission_rate': 5.740317915891194e+19, 'Dg_D1_scale': 0.7175610995536233, 'Dg_D3_scale': 0.8181920412311091, 'Dv_D1_scale': 0.3753057231991066, 'Dv_D2_scale': 3.300928220040868, 'b_bulk_scale': 0.05098108373207359, 'b_dislocation_scale': 0.30806632454208793, 'gb_scale': 1.5855528961569274, 'gd_bubble_scale': 5.273401845134457, 'gd_line_scale': 1.1266836940678608, 'gd_line_alpha': 0.8678688793555416, 'coalescence_d_scale': 0.14810413823014337, 'capture_scale': 0.044154429073891416}. Best is trial 121 with value: 2.296521578936564.
[I 2026-05-03 20:05:38,606] Trial 174 finished with value: 2.384393770162277 and parameters: {'rho_high_scale': 0.8252061908545144, 'f_n': 2.9635586496009344e-08, 'K_d': 399661.61495572515, 'fission_rate': 5.879766252683592e+19, 'Dg_D1_scale': 0.93603824002846, 'Dg_D3_scale': 0.7309621575063686, 'Dv_D1_scale': 0.32340451395511394, 'Dv_D2_scale': 3.007761238188079, 'b_bulk_scale': 0.03630714793609486, 'b_dislocation_scale': 0.3548215455269736, 'gb_scale': 1.255370044479732, 'gd_bubble_scale': 6.551047370278331, 'gd_line_scale': 1.2452554926230115, 'gd_line_alpha': 0.9233941761035327, 'coalescence_d_scale': 0.1191458263674189, 'capture_scale': 0.03810459116398133}. Best is trial 121 with value: 2.296521578936564.
[I 2026-05-03 20:06:11,784] Trial 175 finished with value: 3.0549850186059464 and parameters: {'rho_high_scale': 0.8084273928957795, 'f_n': 1.8511768136941106e-08, 'K_d': 404623.95679905673, 'fission_rate': 5.893707654572807e+19, 'Dg_D1_scale': 0.941769789766071, 'Dg_D3_scale': 0.6484594579136298, 'Dv_D1_scale': 0.28622146838923784, 'Dv_D2_scale': 0.6920162006390567, 'b_bulk_scale': 0.03632400853586732, 'b_dislocation_scale': 0.23394097490044038, 'gb_scale': 1.0826977152589916, 'gd_bubble_scale': 7.6047611524867005, 'gd_line_scale': 1.2333837010961206, 'gd_line_alpha': 0.9202203683354052, 'coalescence_d_scale': 0.12064606320390252, 'capture_scale': 0.034769026913752415}. Best is trial 121 with value: 2.296521578936564.
[I 2026-05-03 20:06:38,007] Trial 176 finished with value: 2.641802542038215 and parameters: {'rho_high_scale': 0.8382377909633826, 'f_n': 4.033730809230181e-08, 'K_d': 387427.0113857635, 'fission_rate': 5.825648339661242e+19, 'Dg_D1_scale': 0.8944316998149976, 'Dg_D3_scale': 0.7082738028750359, 'Dv_D1_scale': 0.30995952871883553, 'Dv_D2_scale': 3.0051370744466572, 'b_bulk_scale': 0.033194237072851095, 'b_dislocation_scale': 0.34672654046574164, 'gb_scale': 2.1361216848735394, 'gd_bubble_scale': 6.6413405252473146, 'gd_line_scale': 1.1245763108103535, 'gd_line_alpha': 0.9397649885270468, 'coalescence_d_scale': 0.11113682287082648, 'capture_scale': 0.07530994357020915}. Best is trial 121 with value: 2.296521578936564.
Best trial: 121. Best value: 2.29652:  35%|███▌      | 177/500 [1:29:06<2:40:49, 29.88s/it]Best trial: 121. Best value: 2.29652:  35%|███▌      | 177/500 [1:29:06<2:40:49, 29.88s/it]Best trial: 121. Best value: 2.29652:  36%|███▌      | 178/500 [1:29:06<2:48:06, 31.32s/it]                                                                                           Best trial: 121. Best value: 2.29652:  36%|███▌      | 178/500 [1:29:34<2:48:06, 31.32s/it]Best trial: 121. Best value: 2.29652:  36%|███▌      | 178/500 [1:29:34<2:48:06, 31.32s/it]Best trial: 121. Best value: 2.29652:  36%|███▌      | 179/500 [1:29:34<2:42:16, 30.33s/it]                                                                                           Best trial: 121. Best value: 2.29652:  36%|███▌      | 179/500 [1:30:05<2:42:16, 30.33s/it]Best trial: 121. Best value: 2.29652:  36%|███▌      | 179/500 [1:30:05<2:42:16, 30.33s/it]Best trial: 121. Best value: 2.29652:  36%|███▌      | 180/500 [1:30:05<2:42:51, 30.53s/it]                                                                                           Best trial: 121. Best value: 2.29652:  36%|███▌      | 180/500 [1:30:45<2:42:51, 30.53s/it]Best trial: 121. Best value: 2.29652:  36%|███▌      | 180/500 [1:30:45<2:42:51, 30.53s/it]Best trial: 121. Best value: 2.29652:  36%|███▌      | 181/500 [1:30:45<2:57:35, 33.40s/it]                                                                                           Best trial: 121. Best value: 2.29652:  36%|███▌      | 181/500 [1:31:15<2:57:35, 33.40s/it]Best trial: 121. Best value: 2.29652:  36%|███▌      | 181/500 [1:31:15<2:57:35, 33.40s/it]Best trial: 121. Best value: 2.29652:  36%|███▋      | 182/500 [1:31:15<2:52:04, 32.47s/it]                                                                                           Best trial: 121. Best value: 2.29652:  36%|███▋      | 182/500 [1:31:46<2:52:04, 32.47s/it]Best trial: 121. Best value: 2.29652:  36%|███▋      | 182/500 [1:31:46<2:52:04, 32.47s/it]Best trial: 121. Best value: 2.29652:  37%|███▋      | 183/500 [1:31:46<2:49:10, 32.02s/it]                                                                                           Best trial: 121. Best value: 2.29652:  37%|███▋      | 183/500 [1:32:18<2:49:10, 32.02s/it]Best trial: 121. Best value: 2.29652:  37%|███▋      | 183/500 [1:32:18<2:49:10, 32.02s/it]Best trial: 121. Best value: 2.29652:  37%|███▋      | 184/500 [1:32:18<2:48:41, 32.03s/it]                                                                                           Best trial: 121. Best value: 2.29652:  37%|███▋      | 184/500 [1:32:44<2:48:41, 32.03s/it]Best trial: 121. Best value: 2.29652:  37%|███▋      | 184/500 [1:32:44<2:48:41, 32.03s/it]Best trial: 121. Best value: 2.29652:  37%|███▋      | 185/500 [1:32:44<2:38:35, 30.21s/it]                                                                                           Best trial: 121. Best value: 2.29652:  37%|███▋      | 185/500 [1:33:17<2:38:35, 30.21s/it]Best trial: 121. Best value: 2.29652:  37%|███▋      | 185/500 [1:33:17<2:38:35, 30.21s/it]Best trial: 121. Best value: 2.29652:  37%|███▋      | 186/500 [1:33:17<2:41:50, 30.92s/it]                                                                                           Best trial: 121. Best value: 2.29652:  37%|███▋      | 186/500 [1:33:40<2:41:50, 30.92s/it]Best trial: 121. Best value: 2.29652:  37%|███▋      | 186/500 [1:33:40<2:41:50, 30.92s/it]Best trial: 121. Best value: 2.29652:  37%|███▋      | 187/500 [1:33:40<2:28:43, 28.51s/it]                                                                                           Best trial: 121. Best value: 2.29652:  37%|███▋      | 187/500 [1:34:14<2:28:43, 28.51s/it]Best trial: 121. Best value: 2.29652:  37%|███▋      | 187/500 [1:34:15<2:28:43, 28.51s/it]Best trial: 121. Best value: 2.29652:  38%|███▊      | 188/500 [1:34:15<2:37:49, 30.35s/it]                                                                                           [I 2026-05-03 20:07:12,712] Trial 177 finished with value: 2.4428522947246845 and parameters: {'rho_high_scale': 0.7772732120407586, 'f_n': 6.039122409029291e-08, 'K_d': 391750.7983002065, 'fission_rate': 5.4048012572223414e+19, 'Dg_D1_scale': 0.6440754895085913, 'Dg_D3_scale': 0.907694733301694, 'Dv_D1_scale': 0.3426977946616881, 'Dv_D2_scale': 2.727658091058179, 'b_bulk_scale': 0.03773121835196782, 'b_dislocation_scale': 0.26974901522377537, 'gb_scale': 1.5552040406709617, 'gd_bubble_scale': 6.554039941877912, 'gd_line_scale': 1.7007538958138964, 'gd_line_alpha': 0.9026315605146684, 'coalescence_d_scale': 0.1303835988743613, 'capture_scale': 0.0497880227693737}. Best is trial 121 with value: 2.296521578936564.
[I 2026-05-03 20:07:40,728] Trial 178 finished with value: 2.6541087313012133 and parameters: {'rho_high_scale': 0.7018335298041704, 'f_n': 1.5332641496100405e-08, 'K_d': 395493.96049323166, 'fission_rate': 5.641492962935873e+19, 'Dg_D1_scale': 0.7231785564775414, 'Dg_D3_scale': 0.8229444176547736, 'Dv_D1_scale': 0.3206585942344008, 'Dv_D2_scale': 2.9309135495724363, 'b_bulk_scale': 0.0429920168911077, 'b_dislocation_scale': 0.2998123360594831, 'gb_scale': 2.65844326705201, 'gd_bubble_scale': 5.305734276079372, 'gd_line_scale': 0.8397940745479399, 'gd_line_alpha': 0.8164039210951815, 'coalescence_d_scale': 0.1468984887135219, 'capture_scale': 0.055080125756621565}. Best is trial 121 with value: 2.296521578936564.
[I 2026-05-03 20:08:11,734] Trial 179 finished with value: 3.9766672744025815 and parameters: {'rho_high_scale': 0.822971627669422, 'f_n': 2.489871022027704e-08, 'K_d': 381915.5796018612, 'fission_rate': 6.5978754725458076e+19, 'Dg_D1_scale': 1.2154666495938042, 'Dg_D3_scale': 0.6119802476520848, 'Dv_D1_scale': 0.410271697875026, 'Dv_D2_scale': 3.1551698601016853, 'b_bulk_scale': 0.039856895857458566, 'b_dislocation_scale': 0.20885220041242147, 'gb_scale': 0.8602725561756589, 'gd_bubble_scale': 9.881736926679825, 'gd_line_scale': 1.5348680121626803, 'gd_line_alpha': 0.778640347248387, 'coalescence_d_scale': 0.11592204104811403, 'capture_scale': 0.032841600778370936}. Best is trial 121 with value: 2.296521578936564.
[I 2026-05-03 20:08:51,830] Trial 180 finished with value: 5.601019190272692 and parameters: {'rho_high_scale': 3.482642701867228, 'f_n': 3.584760210941348e-08, 'K_d': 371151.2987912071, 'fission_rate': 4.846445266083681e+19, 'Dg_D1_scale': 0.8252833239826941, 'Dg_D3_scale': 0.5433068708107625, 'Dv_D1_scale': 0.3583925880770275, 'Dv_D2_scale': 3.7573823777661453, 'b_bulk_scale': 1.4463852324210027, 'b_dislocation_scale': 0.38539014737414634, 'gb_scale': 1.249134406969964, 'gd_bubble_scale': 7.330595451681395, 'gd_line_scale': 5.091567393267977, 'gd_line_alpha': 0.925460182640404, 'coalescence_d_scale': 0.10308281674873933, 'capture_scale': 0.02666873498033774}. Best is trial 121 with value: 2.296521578936564.
[I 2026-05-03 20:09:21,780] Trial 181 finished with value: 2.3310272470625697 and parameters: {'rho_high_scale': 0.7493662305854291, 'f_n': 2.955970798210341e-08, 'K_d': 364363.97637515346, 'fission_rate': 6.092156022154085e+19, 'Dg_D1_scale': 0.8001470776665208, 'Dg_D3_scale': 0.7575260985028869, 'Dv_D1_scale': 0.3897279981342045, 'Dv_D2_scale': 3.4834805416229035, 'b_bulk_scale': 0.051801941378378596, 'b_dislocation_scale': 0.33787542015740196, 'gb_scale': 1.215819637252802, 'gd_bubble_scale': 5.9550298453883, 'gd_line_scale': 0.962285389307565, 'gd_line_alpha': 0.887876367113252, 'coalescence_d_scale': 0.16652787256634802, 'capture_scale': 0.018399789268970124}. Best is trial 121 with value: 2.296521578936564.
[I 2026-05-03 20:09:53,091] Trial 182 finished with value: 2.3137457319812595 and parameters: {'rho_high_scale': 0.771753019158124, 'f_n': 2.9977684447691605e-08, 'K_d': 374165.3474035705, 'fission_rate': 5.9970456020688536e+19, 'Dg_D1_scale': 0.6722656587110614, 'Dg_D3_scale': 0.7666855318970812, 'Dv_D1_scale': 0.4394489317830895, 'Dv_D2_scale': 3.596829222194971, 'b_bulk_scale': 0.04497939446446579, 'b_dislocation_scale': 0.3341198141667296, 'gb_scale': 1.0946557561944152, 'gd_bubble_scale': 6.368536365403098, 'gd_line_scale': 0.9718609996951745, 'gd_line_alpha': 0.8871490082857998, 'coalescence_d_scale': 0.1600370374100532, 'capture_scale': 0.017984095672000117}. Best is trial 121 with value: 2.296521578936564.
[I 2026-05-03 20:10:25,143] Trial 183 finished with value: 2.939446890378088 and parameters: {'rho_high_scale': 0.7711704258961333, 'f_n': 2.018700498504736e-08, 'K_d': 416533.7320115684, 'fission_rate': 6.227918578694737e+19, 'Dg_D1_scale': 0.6667310093149527, 'Dg_D3_scale': 0.7733124202115633, 'Dv_D1_scale': 0.4455219617444702, 'Dv_D2_scale': 3.6178975021553827, 'b_bulk_scale': 0.04426910543813719, 'b_dislocation_scale': 0.3221934393490287, 'gb_scale': 1.0701658415059565, 'gd_bubble_scale': 8.434320583324112, 'gd_line_scale': 1.2453041237861218, 'gd_line_alpha': 0.8897343100046279, 'coalescence_d_scale': 0.1578723091576416, 'capture_scale': 0.02190644218184834}. Best is trial 121 with value: 2.296521578936564.
[I 2026-05-03 20:10:51,088] Trial 184 finished with value: 2.69541104330761 and parameters: {'rho_high_scale': 0.7266825416568113, 'f_n': 4.397760938530612e-08, 'K_d': 402337.7385427192, 'fission_rate': 6.002518378583369e+19, 'Dg_D1_scale': 0.9801191015486196, 'Dg_D3_scale': 0.6892107707757233, 'Dv_D1_scale': 0.4046872634997146, 'Dv_D2_scale': 3.329206666159656, 'b_bulk_scale': 0.05837170629048145, 'b_dislocation_scale': 0.4014707909420232, 'gb_scale': 0.9470260351897793, 'gd_bubble_scale': 5.052698712115055, 'gd_line_scale': 0.7494152466983928, 'gd_line_alpha': 0.8476221415181509, 'coalescence_d_scale': 0.13205479416786475, 'capture_scale': 0.018290457342954532}. Best is trial 121 with value: 2.296521578936564.
[I 2026-05-03 20:11:23,695] Trial 185 finished with value: 2.4715624157462126 and parameters: {'rho_high_scale': 0.8613947075642451, 'f_n': 3.248334169529199e-08, 'K_d': 376943.54305483407, 'fission_rate': 5.9663904246142e+19, 'Dg_D1_scale': 0.8678751510654947, 'Dg_D3_scale': 0.6573440293414519, 'Dv_D1_scale': 0.34135220048887044, 'Dv_D2_scale': 3.1111448364495216, 'b_bulk_scale': 0.05390310306838084, 'b_dislocation_scale': 0.26122191514464965, 'gb_scale': 1.7807390727365455, 'gd_bubble_scale': 6.334613866052739, 'gd_line_scale': 1.047589961680646, 'gd_line_alpha': 0.9149296415084467, 'coalescence_d_scale': 0.20171098785166064, 'capture_scale': 0.020045099108177738}. Best is trial 121 with value: 2.296521578936564.
[I 2026-05-03 20:11:46,574] Trial 186 finished with value: 3.0268297140232416 and parameters: {'rho_high_scale': 0.8000147906487837, 'f_n': 5.45916494077882e-08, 'K_d': 356719.82371014415, 'fission_rate': 6.436471679091485e+19, 'Dg_D1_scale': 0.61173910044598, 'Dg_D3_scale': 0.7273157436291243, 'Dv_D1_scale': 0.4339025935464866, 'Dv_D2_scale': 3.5677032606009127, 'b_bulk_scale': 0.044588740829690214, 'b_dislocation_scale': 0.2945478477248506, 'gb_scale': 1.9535884421556435, 'gd_bubble_scale': 4.174914528829212, 'gd_line_scale': 0.9440770310501059, 'gd_line_alpha': 0.8916812762746059, 'coalescence_d_scale': 0.13942831100637382, 'capture_scale': 0.014280145809340198}. Best is trial 121 with value: 2.296521578936564.
[I 2026-05-03 20:12:21,217] Trial 187 finished with value: 3.225721435052522 and parameters: {'rho_high_scale': 0.7012189612836608, 'f_n': 2.3877755259335007e-08, 'K_d': 350109.5090090401, 'fission_rate': 5.7548595340736545e+19, 'Dg_D1_scale': 0.8244019626266533, 'Dg_D3_scale': 0.7934197137204871, 'Dv_D1_scale': 0.39496379935443354, 'Dv_D2_scale': 3.8655954215286092, 'b_bulk_scale': 0.7201418604108221, 'b_dislocation_scale': 0.3395475649395565, 'gb_scale': 2.3769926592177932, 'gd_bubble_scale': 7.122381306760262, 'gd_line_scale': 0.8429032600930582, 'gd_line_alpha': 0.9526607816277478, 'coalescence_d_scale': 0.15854585861705658, 'capture_scale': 0.09562715970291807}. Best is trial 121 with value: 2.296521578936564.
Best trial: 121. Best value: 2.29652:  38%|███▊      | 188/500 [1:34:48<2:37:49, 30.35s/it]Best trial: 121. Best value: 2.29652:  38%|███▊      | 188/500 [1:34:48<2:37:49, 30.35s/it]Best trial: 121. Best value: 2.29652:  38%|███▊      | 189/500 [1:34:48<2:42:44, 31.40s/it]                                                                                           Best trial: 121. Best value: 2.29652:  38%|███▊      | 189/500 [1:35:21<2:42:44, 31.40s/it]Best trial: 121. Best value: 2.29652:  38%|███▊      | 189/500 [1:35:21<2:42:44, 31.40s/it]Best trial: 121. Best value: 2.29652:  38%|███▊      | 190/500 [1:35:21<2:44:52, 31.91s/it]                                                                                           Best trial: 121. Best value: 2.29652:  38%|███▊      | 190/500 [1:35:49<2:44:52, 31.91s/it]Best trial: 121. Best value: 2.29652:  38%|███▊      | 190/500 [1:35:49<2:44:52, 31.91s/it]Best trial: 121. Best value: 2.29652:  38%|███▊      | 191/500 [1:35:49<2:37:16, 30.54s/it]                                                                                           Best trial: 121. Best value: 2.29652:  38%|███▊      | 191/500 [1:36:18<2:37:16, 30.54s/it]Best trial: 121. Best value: 2.29652:  38%|███▊      | 191/500 [1:36:18<2:37:16, 30.54s/it]Best trial: 121. Best value: 2.29652:  38%|███▊      | 192/500 [1:36:18<2:34:34, 30.11s/it]                                                                                           Best trial: 121. Best value: 2.29652:  38%|███▊      | 192/500 [1:36:49<2:34:34, 30.11s/it]Best trial: 192. Best value: 2.29245:  38%|███▊      | 192/500 [1:36:49<2:34:34, 30.11s/it]Best trial: 192. Best value: 2.29245:  39%|███▊      | 193/500 [1:36:49<2:35:35, 30.41s/it]                                                                                           Best trial: 192. Best value: 2.29245:  39%|███▊      | 193/500 [1:37:20<2:35:35, 30.41s/it]Best trial: 192. Best value: 2.29245:  39%|███▊      | 193/500 [1:37:20<2:35:35, 30.41s/it]Best trial: 192. Best value: 2.29245:  39%|███▉      | 194/500 [1:37:20<2:35:44, 30.54s/it]                                                                                           Best trial: 192. Best value: 2.29245:  39%|███▉      | 194/500 [1:37:53<2:35:44, 30.54s/it]Best trial: 192. Best value: 2.29245:  39%|███▉      | 194/500 [1:37:53<2:35:44, 30.54s/it]Best trial: 192. Best value: 2.29245:  39%|███▉      | 195/500 [1:37:53<2:39:45, 31.43s/it]                                                                                           Best trial: 192. Best value: 2.29245:  39%|███▉      | 195/500 [1:38:27<2:39:45, 31.43s/it]Best trial: 192. Best value: 2.29245:  39%|███▉      | 195/500 [1:38:27<2:39:45, 31.43s/it]Best trial: 192. Best value: 2.29245:  39%|███▉      | 196/500 [1:38:27<2:42:37, 32.10s/it]                                                                                           Best trial: 192. Best value: 2.29245:  39%|███▉      | 196/500 [1:38:59<2:42:37, 32.10s/it]Best trial: 192. Best value: 2.29245:  39%|███▉      | 196/500 [1:38:59<2:42:37, 32.10s/it]Best trial: 192. Best value: 2.29245:  39%|███▉      | 197/500 [1:38:59<2:42:11, 32.12s/it]                                                                                           Best trial: 192. Best value: 2.29245:  39%|███▉      | 197/500 [1:39:32<2:42:11, 32.12s/it]Best trial: 192. Best value: 2.29245:  39%|███▉      | 197/500 [1:39:32<2:42:11, 32.12s/it]Best trial: 192. Best value: 2.29245:  40%|███▉      | 198/500 [1:39:32<2:42:32, 32.29s/it]                                                                                           Best trial: 192. Best value: 2.29245:  40%|███▉      | 198/500 [1:40:04<2:42:32, 32.29s/it]Best trial: 192. Best value: 2.29245:  40%|███▉      | 198/500 [1:40:05<2:42:32, 32.29s/it]Best trial: 192. Best value: 2.29245:  40%|███▉      | 199/500 [1:40:05<2:42:40, 32.43s/it]                                                                                           [I 2026-05-03 20:12:55,060] Trial 188 finished with value: 2.402417905866116 and parameters: {'rho_high_scale': 0.7698913488128655, 'f_n': 9.035263568601424e-08, 'K_d': 372080.5167002357, 'fission_rate': 4.972393040927826e+19, 'Dg_D1_scale': 1.0654671190326488, 'Dg_D3_scale': 0.6178324732377456, 'Dv_D1_scale': 0.360733094607083, 'Dv_D2_scale': 3.276694732425218, 'b_bulk_scale': 0.037338995253024115, 'b_dislocation_scale': 0.2286807859716842, 'gb_scale': 1.101017876437974, 'gd_bubble_scale': 5.68990483861073, 'gd_line_scale': 0.6769612925229467, 'gd_line_alpha': 0.8382640569879553, 'coalescence_d_scale': 0.1187230060531639, 'capture_scale': 0.03053646056990728}. Best is trial 121 with value: 2.296521578936564.
[I 2026-05-03 20:13:28,170] Trial 189 finished with value: 3.360641789588335 and parameters: {'rho_high_scale': 0.7305392906633003, 'f_n': 3.462406702980753e-08, 'K_d': 383128.46778775466, 'fission_rate': 6.086908310029153e+19, 'Dg_D1_scale': 0.708487946460476, 'Dg_D3_scale': 0.9890826814792041, 'Dv_D1_scale': 0.46145471951429406, 'Dv_D2_scale': 3.4978019717683746, 'b_bulk_scale': 0.033319490094422026, 'b_dislocation_scale': 0.15551313145484194, 'gb_scale': 1.4638801576336467, 'gd_bubble_scale': 8.055780669973435, 'gd_line_scale': 1.1045381854104042, 'gd_line_alpha': 0.9322711891057679, 'coalescence_d_scale': 0.14399671824619037, 'capture_scale': 0.015102375698512251}. Best is trial 121 with value: 2.296521578936564.
