[I 2026-05-03 19:32:22,974] Trial 113 finished with value: 2.865765724775737 and parameters: {'rho_high_scale': 0.8554005678724513, 'f_n': 1.1402996563626541e-08, 'K_d': 372437.90622353787, 'fission_rate': 5.233019989010881e+19, 'Dg_D1_scale': 0.4140630835285386, 'Dg_D3_scale': 0.651197630027587, 'Dv_D1_scale': 0.46850387929996656, 'Dv_D2_scale': 2.3049455457667065, 'b_bulk_scale': 0.06564545030325229, 'b_dislocation_scale': 0.4197031345954549, 'gb_scale': 0.3135289751417056, 'gd_bubble_scale': 3.5165083970291207, 'gd_line_scale': 0.8094733626915738, 'gd_line_alpha': 0.9516776752366659, 'coalescence_d_scale': 0.11171393527428314, 'capture_scale': 1.7253470871670706}. Best is trial 105 with value: 2.4102342377586945.
[I 2026-05-03 19:32:53,779] Trial 114 finished with value: 2.3976096098966777 and parameters: {'rho_high_scale': 0.7560139894045537, 'f_n': 3.250114089918435e-08, 'K_d': 346243.4579011511, 'fission_rate': 5.418898733522271e+19, 'Dg_D1_scale': 0.42304146864372216, 'Dg_D3_scale': 0.7369887924972194, 'Dv_D1_scale': 0.5041570517123731, 'Dv_D2_scale': 2.6438839045574714, 'b_bulk_scale': 0.0471871261900353, 'b_dislocation_scale': 0.45550749633358545, 'gb_scale': 0.39819969881281786, 'gd_bubble_scale': 3.9005712582940384, 'gd_line_scale': 0.8910796111520907, 'gd_line_alpha': 0.9048055757535093, 'coalescence_d_scale': 0.12932343493908746, 'capture_scale': 2.495464143795635}. Best is trial 114 with value: 2.3976096098966777.
[I 2026-05-03 19:33:23,458] Trial 115 finished with value: 2.4891185858904805 and parameters: {'rho_high_scale': 0.7410089277549367, 'f_n': 3.31916555101162e-08, 'K_d': 344758.307998319, 'fission_rate': 5.315425600645659e+19, 'Dg_D1_scale': 0.43506575026430117, 'Dg_D3_scale': 0.7365805029383916, 'Dv_D1_scale': 0.49569081193649855, 'Dv_D2_scale': 3.3205491834164804, 'b_bulk_scale': 0.04508620199212426, 'b_dislocation_scale': 0.3763019958083726, 'gb_scale': 0.7506574370367541, 'gd_bubble_scale': 3.9639839369212817, 'gd_line_scale': 0.9293292998235366, 'gd_line_alpha': 0.9186430420324029, 'coalescence_d_scale': 0.1434785343556355, 'capture_scale': 2.3927029634346}. Best is trial 114 with value: 2.3976096098966777.
[I 2026-05-03 19:33:57,506] Trial 116 finished with value: 2.364954998448086 and parameters: {'rho_high_scale': 0.7386313462562729, 'f_n': 3.487293669323626e-08, 'K_d': 343606.29291547474, 'fission_rate': 5.321618758261723e+19, 'Dg_D1_scale': 0.421674838604094, 'Dg_D3_scale': 0.8518928136207375, 'Dv_D1_scale': 0.39165748501653924, 'Dv_D2_scale': 2.704971281605947, 'b_bulk_scale': 0.05096148001976771, 'b_dislocation_scale': 0.37282052869366283, 'gb_scale': 0.9540296123033912, 'gd_bubble_scale': 5.2592399320441245, 'gd_line_scale': 1.1274633591934105, 'gd_line_alpha': 0.8997124583169588, 'coalescence_d_scale': 0.13814919108511697, 'capture_scale': 2.7536522971966724}. Best is trial 116 with value: 2.364954998448086.
[I 2026-05-03 19:34:33,972] Trial 117 finished with value: 3.0657251932834515 and parameters: {'rho_high_scale': 0.7363271605574321, 'f_n': 3.482567259286183e-08, 'K_d': 377449.0285628241, 'fission_rate': 5.3437072740731535e+19, 'Dg_D1_scale': 0.5586824876411935, 'Dg_D3_scale': 0.7078919889399385, 'Dv_D1_scale': 0.5087146628147308, 'Dv_D2_scale': 2.7298256680345907, 'b_bulk_scale': 0.055302426914261044, 'b_dislocation_scale': 0.2630415990080435, 'gb_scale': 1.1451367657885982, 'gd_bubble_scale': 5.840677259386457, 'gd_line_scale': 1.654915024745912, 'gd_line_alpha': 0.8758193347002665, 'coalescence_d_scale': 0.13571321781941728, 'capture_scale': 2.594820338884335}. Best is trial 116 with value: 2.364954998448086.
[I 2026-05-03 19:35:03,834] Trial 118 finished with value: 2.4290974501720646 and parameters: {'rho_high_scale': 0.7026895076948371, 'f_n': 5.150347271885984e-08, 'K_d': 358188.37933351815, 'fission_rate': 5.594755763342961e+19, 'Dg_D1_scale': 0.5303427037196361, 'Dg_D3_scale': 0.8615735284826871, 'Dv_D1_scale': 0.49690591577264137, 'Dv_D2_scale': 2.9850672933448488, 'b_bulk_scale': 0.04996110020730417, 'b_dislocation_scale': 0.38305062762075365, 'gb_scale': 0.752193723515708, 'gd_bubble_scale': 4.111186527957582, 'gd_line_scale': 1.1587464752968568, 'gd_line_alpha': 0.9127933335207808, 'coalescence_d_scale': 0.14905725807722273, 'capture_scale': 3.0851983814087105}. Best is trial 116 with value: 2.364954998448086.
[I 2026-05-03 19:35:35,688] Trial 119 finished with value: 2.319801591016053 and parameters: {'rho_high_scale': 0.7486707099042285, 'f_n': 5.5903778038856145e-08, 'K_d': 358034.94301831815, 'fission_rate': 5.579215951201853e+19, 'Dg_D1_scale': 0.5313429144935247, 'Dg_D3_scale': 0.6026170034506875, 'Dv_D1_scale': 0.42230086019798657, 'Dv_D2_scale': 3.385550232539825, 'b_bulk_scale': 0.057451888151652884, 'b_dislocation_scale': 0.3770517017067184, 'gb_scale': 0.8970482929531101, 'gd_bubble_scale': 6.83204194521627, 'gd_line_scale': 1.2653507493106757, 'gd_line_alpha': 0.9142499185546007, 'coalescence_d_scale': 0.1488627939371293, 'capture_scale': 3.0907435367558835}. Best is trial 119 with value: 2.319801591016053.
[I 2026-05-03 19:36:11,062] Trial 120 finished with value: 2.7173619172348578 and parameters: {'rho_high_scale': 0.7551029638213927, 'f_n': 5.557179144361354e-08, 'K_d': 358783.4999593474, 'fission_rate': 5.555419650921976e+19, 'Dg_D1_scale': 0.5139924687244154, 'Dg_D3_scale': 0.5596823193571074, 'Dv_D1_scale': 0.3240749590794544, 'Dv_D2_scale': 3.340878751128067, 'b_bulk_scale': 0.09109038125724969, 'b_dislocation_scale': 0.3788634510208416, 'gb_scale': 0.7699095040357625, 'gd_bubble_scale': 9.32470400399926, 'gd_line_scale': 1.2760868761650657, 'gd_line_alpha': 0.9199841162491299, 'coalescence_d_scale': 0.1259286541306839, 'capture_scale': 3.2229204601175128}. Best is trial 119 with value: 2.319801591016053.
[I 2026-05-03 19:36:44,324] Trial 121 finished with value: 2.296521578936564 and parameters: {'rho_high_scale': 0.7175808267305293, 'f_n': 3.9485143151135515e-08, 'K_d': 356311.85428613826, 'fission_rate': 5.624916270417599e+19, 'Dg_D1_scale': 0.5501450558758849, 'Dg_D3_scale': 0.7380611428588242, 'Dv_D1_scale': 0.3533787396495683, 'Dv_D2_scale': 2.9735224384880645, 'b_bulk_scale': 0.04963906075393608, 'b_dislocation_scale': 0.3425340821782504, 'gb_scale': 0.9069371170592864, 'gd_bubble_scale': 6.539128534355127, 'gd_line_scale': 1.1389810160324403, 'gd_line_alpha': 0.9058046148289421, 'coalescence_d_scale': 0.1526317934090153, 'capture_scale': 3.820085229606327}. Best is trial 121 with value: 2.296521578936564.
Best trial: 121. Best value: 2.29652:  24%|██▍       | 122/500 [59:13<3:29:32, 33.26s/it]Best trial: 121. Best value: 2.29652:  24%|██▍       | 122/500 [59:13<3:29:32, 33.26s/it]Best trial: 121. Best value: 2.29652:  25%|██▍       | 123/500 [59:13<3:32:55, 33.89s/it]                                                                                         Best trial: 121. Best value: 2.29652:  25%|██▍       | 123/500 [59:50<3:32:55, 33.89s/it]Best trial: 121. Best value: 2.29652:  25%|██▍       | 123/500 [59:50<3:32:55, 33.89s/it]Best trial: 121. Best value: 2.29652:  25%|██▍       | 124/500 [59:50<3:38:40, 34.90s/it]                                                                                         Best trial: 121. Best value: 2.29652:  25%|██▍       | 124/500 [1:00:27<3:38:40, 34.90s/it]Best trial: 121. Best value: 2.29652:  25%|██▍       | 124/500 [1:00:27<3:38:40, 34.90s/it]Best trial: 121. Best value: 2.29652:  25%|██▌       | 125/500 [1:00:27<3:41:03, 35.37s/it]                                                                                           Best trial: 121. Best value: 2.29652:  25%|██▌       | 125/500 [1:01:10<3:41:03, 35.37s/it]Best trial: 121. Best value: 2.29652:  25%|██▌       | 125/500 [1:01:10<3:41:03, 35.37s/it]Best trial: 121. Best value: 2.29652:  25%|██▌       | 126/500 [1:01:10<3:55:11, 37.73s/it]                                                                                           Best trial: 121. Best value: 2.29652:  25%|██▌       | 126/500 [1:01:50<3:55:11, 37.73s/it]Best trial: 121. Best value: 2.29652:  25%|██▌       | 126/500 [1:01:50<3:55:11, 37.73s/it]Best trial: 121. Best value: 2.29652:  25%|██▌       | 127/500 [1:01:50<3:58:37, 38.38s/it]                                                                                           Best trial: 121. Best value: 2.29652:  25%|██▌       | 127/500 [1:02:19<3:58:37, 38.38s/it]Best trial: 121. Best value: 2.29652:  25%|██▌       | 127/500 [1:02:19<3:58:37, 38.38s/it]Best trial: 121. Best value: 2.29652:  26%|██▌       | 128/500 [1:02:19<3:40:26, 35.56s/it]                                                                                           Best trial: 121. Best value: 2.29652:  26%|██▌       | 128/500 [1:02:58<3:40:26, 35.56s/it]Best trial: 121. Best value: 2.29652:  26%|██▌       | 128/500 [1:02:58<3:40:26, 35.56s/it]Best trial: 121. Best value: 2.29652:  26%|██▌       | 129/500 [1:02:58<3:47:07, 36.73s/it]                                                                                           Best trial: 121. Best value: 2.29652:  26%|██▌       | 129/500 [1:03:26<3:47:07, 36.73s/it]Best trial: 121. Best value: 2.29652:  26%|██▌       | 129/500 [1:03:27<3:47:07, 36.73s/it]Best trial: 121. Best value: 2.29652:  26%|██▌       | 130/500 [1:03:27<3:30:59, 34.22s/it]                                                                                           Best trial: 121. Best value: 2.29652:  26%|██▌       | 130/500 [1:04:00<3:30:59, 34.22s/it]Best trial: 121. Best value: 2.29652:  26%|██▌       | 130/500 [1:04:01<3:30:59, 34.22s/it]Best trial: 121. Best value: 2.29652:  26%|██▌       | 131/500 [1:04:01<3:30:00, 34.15s/it]                                                                                           Best trial: 121. Best value: 2.29652:  26%|██▌       | 131/500 [1:04:29<3:30:00, 34.15s/it]Best trial: 121. Best value: 2.29652:  26%|██▌       | 131/500 [1:04:29<3:30:00, 34.15s/it]Best trial: 121. Best value: 2.29652:  26%|██▋       | 132/500 [1:04:29<3:18:50, 32.42s/it]                                                                                           Best trial: 121. Best value: 2.29652:  26%|██▋       | 132/500 [1:05:05<3:18:50, 32.42s/it]Best trial: 121. Best value: 2.29652:  26%|██▋       | 132/500 [1:05:05<3:18:50, 32.42s/it]Best trial: 121. Best value: 2.29652:  27%|██▋       | 133/500 [1:05:05<3:24:33, 33.44s/it]                                                                                           [I 2026-05-03 19:37:19,708] Trial 122 finished with value: 2.3029748305571354 and parameters: {'rho_high_scale': 0.7203223954085455, 'f_n': 7.371646918189979e-08, 'K_d': 356361.22948538925, 'fission_rate': 4.826756334247902e+19, 'Dg_D1_scale': 0.5638838484315267, 'Dg_D3_scale': 0.6320966977831319, 'Dv_D1_scale': 0.41458513712586215, 'Dv_D2_scale': 3.461097338169515, 'b_bulk_scale': 0.051525076390452236, 'b_dislocation_scale': 0.36434376188243944, 'gb_scale': 0.8473866996089597, 'gd_bubble_scale': 6.582243518706061, 'gd_line_scale': 1.1937210366643065, 'gd_line_alpha': 0.9065648914814284, 'coalescence_d_scale': 0.10089638182075195, 'capture_scale': 3.7878944125220353}. Best is trial 121 with value: 2.296521578936564.
[I 2026-05-03 19:37:56,952] Trial 123 finished with value: 2.3098329421136294 and parameters: {'rho_high_scale': 0.7075016408604428, 'f_n': 4.3002576699073095e-08, 'K_d': 380415.21228514356, 'fission_rate': 4.766206671168652e+19, 'Dg_D1_scale': 0.5632686579951519, 'Dg_D3_scale': 0.47161443355170907, 'Dv_D1_scale': 0.3538234535165062, 'Dv_D2_scale': 3.4125141783997055, 'b_bulk_scale': 0.05089491682515728, 'b_dislocation_scale': 0.35487095828666265, 'gb_scale': 0.9353458981338654, 'gd_bubble_scale': 8.00088073663604, 'gd_line_scale': 1.0681156123569167, 'gd_line_alpha': 0.8917200016768053, 'coalescence_d_scale': 0.11781131654473968, 'capture_scale': 4.511357307822624}. Best is trial 121 with value: 2.296521578936564.
[I 2026-05-03 19:38:33,428] Trial 124 finished with value: 2.447246602293273 and parameters: {'rho_high_scale': 0.7059242918511758, 'f_n': 7.406045936302481e-08, 'K_d': 383750.31086019205, 'fission_rate': 4.312110161797872e+19, 'Dg_D1_scale': 0.5529733342764385, 'Dg_D3_scale': 0.4440356997098427, 'Dv_D1_scale': 0.3538367428990483, 'Dv_D2_scale': 3.498744970244923, 'b_bulk_scale': 0.0569444384811815, 'b_dislocation_scale': 0.3191577584349693, 'gb_scale': 1.5972053102853945, 'gd_bubble_scale': 7.487034873665465, 'gd_line_scale': 1.1473760582430799, 'gd_line_alpha': 0.8468114360472526, 'coalescence_d_scale': 0.10415171621242493, 'capture_scale': 3.687728407791022}. Best is trial 121 with value: 2.296521578936564.
[I 2026-05-03 19:39:16,666] Trial 125 finished with value: 2.54996951963605 and parameters: {'rho_high_scale': 0.7165236346061248, 'f_n': 7.470756454459714e-08, 'K_d': 415494.6438100263, 'fission_rate': 4.292173674338586e+19, 'Dg_D1_scale': 0.5602206534604466, 'Dg_D3_scale': 0.4267418061233094, 'Dv_D1_scale': 0.3147912418077863, 'Dv_D2_scale': 3.4171558882128075, 'b_bulk_scale': 0.07802840270881055, 'b_dislocation_scale': 0.280307210608811, 'gb_scale': 1.6692388854638622, 'gd_bubble_scale': 7.457458542285736, 'gd_line_scale': 1.603925672893893, 'gd_line_alpha': 0.8554021151151727, 'coalescence_d_scale': 0.12107704401481754, 'capture_scale': 3.8450659747904474}. Best is trial 121 with value: 2.296521578936564.
[I 2026-05-03 19:39:56,573] Trial 126 finished with value: 2.4909973837001953 and parameters: {'rho_high_scale': 0.8126275723311474, 'f_n': 4.6200998307772026e-08, 'K_d': 430158.27906138095, 'fission_rate': 4.746374884743243e+19, 'Dg_D1_scale': 0.5226386852119387, 'Dg_D3_scale': 0.6153430875963397, 'Dv_D1_scale': 0.3516608217047982, 'Dv_D2_scale': 3.5758241480846906, 'b_bulk_scale': 0.05855978707073681, 'b_dislocation_scale': 0.3260687279424157, 'gb_scale': 0.9080130674514226, 'gd_bubble_scale': 5.421028494907924, 'gd_line_scale': 1.1322090936507179, 'gd_line_alpha': 0.9034016538815032, 'coalescence_d_scale': 0.10166586347035668, 'capture_scale': 4.553058291756758}. Best is trial 121 with value: 2.296521578936564.
[I 2026-05-03 19:40:25,531] Trial 127 finished with value: 2.445965343142403 and parameters: {'rho_high_scale': 0.7009740062972901, 'f_n': 1.152269550677863e-07, 'K_d': 378533.7793638236, 'fission_rate': 5.694645397286119e+19, 'Dg_D1_scale': 0.5703283529417141, 'Dg_D3_scale': 0.4510308028195284, 'Dv_D1_scale': 0.39701386169959896, 'Dv_D2_scale': 2.897293276702087, 'b_bulk_scale': 0.05020851050207594, 'b_dislocation_scale': 0.3537826043842507, 'gb_scale': 1.0211851344475438, 'gd_bubble_scale': 7.877737677253257, 'gd_line_scale': 1.2374353734204355, 'gd_line_alpha': 0.8415871610085737, 'coalescence_d_scale': 0.12200106678762204, 'capture_scale': 6.102813735444638}. Best is trial 121 with value: 2.296521578936564.
[I 2026-05-03 19:41:05,005] Trial 128 finished with value: 2.8528955567696865 and parameters: {'rho_high_scale': 0.7099874884589978, 'f_n': 4.150006135335515e-08, 'K_d': 396929.26302773017, 'fission_rate': 4.884632067800023e+19, 'Dg_D1_scale': 0.5751013202157677, 'Dg_D3_scale': 0.46433674249403895, 'Dv_D1_scale': 0.3654135873577132, 'Dv_D2_scale': 2.9036283351539445, 'b_bulk_scale': 0.06876274361736132, 'b_dislocation_scale': 0.30188342380521316, 'gb_scale': 1.048281402815511, 'gd_bubble_scale': 8.088947883107984, 'gd_line_scale': 1.2989015679055758, 'gd_line_alpha': 0.8457728844743447, 'coalescence_d_scale': 0.10055209566052586, 'capture_scale': 6.237055988289364}. Best is trial 121 with value: 2.296521578936564.
[I 2026-05-03 19:41:33,352] Trial 129 finished with value: 2.5842823533462465 and parameters: {'rho_high_scale': 0.7709860351928267, 'f_n': 1.1669215295614093e-07, 'K_d': 380973.16485451045, 'fission_rate': 5.677530994510266e+19, 'Dg_D1_scale': 0.49582498855128837, 'Dg_D3_scale': 0.477353753630019, 'Dv_D1_scale': 0.3481176163331806, 'Dv_D2_scale': 2.6663681501134824, 'b_bulk_scale': 0.05075807927889593, 'b_dislocation_scale': 0.34598752851355385, 'gb_scale': 1.3197233434305131, 'gd_bubble_scale': 6.235538810975982, 'gd_line_scale': 1.5405622457016497, 'gd_line_alpha': 0.9946301568805688, 'coalescence_d_scale': 0.11939069524403645, 'capture_scale': 5.377952955046244}. Best is trial 121 with value: 2.296521578936564.
[I 2026-05-03 19:42:07,338] Trial 130 finished with value: 4.043871375614449 and parameters: {'rho_high_scale': 0.7980479564000408, 'f_n': 6.132829522382543e-08, 'K_d': 387490.22113005584, 'fission_rate': 5.867591525710947e+19, 'Dg_D1_scale': 0.5440197773463354, 'Dg_D3_scale': 0.39461607256633024, 'Dv_D1_scale': 0.3969628843009284, 'Dv_D2_scale': 2.8296161101926884, 'b_bulk_scale': 0.1045303803350587, 'b_dislocation_scale': 0.2584582583308386, 'gb_scale': 0.8658406089383243, 'gd_bubble_scale': 9.836589698676908, 'gd_line_scale': 2.863794296389694, 'gd_line_alpha': 0.8658573152435544, 'coalescence_d_scale': 0.1489094118163172, 'capture_scale': 2.8762864177336103}. Best is trial 121 with value: 2.296521578936564.
[I 2026-05-03 19:42:35,724] Trial 131 finished with value: 2.536486774163473 and parameters: {'rho_high_scale': 0.7067301148460468, 'f_n': 7.87467001326116e-08, 'K_d': 369750.5326746588, 'fission_rate': 5.689171289617108e+19, 'Dg_D1_scale': 0.6292118615161826, 'Dg_D3_scale': 0.49759709192394436, 'Dv_D1_scale': 0.3781365364048705, 'Dv_D2_scale': 3.1226336917237356, 'b_bulk_scale': 0.05851369832713229, 'b_dislocation_scale': 0.36589000954812434, 'gb_scale': 1.1635245729572175, 'gd_bubble_scale': 6.397434235099016, 'gd_line_scale': 1.1795494313585364, 'gd_line_alpha': 0.8254140095762686, 'coalescence_d_scale': 0.12762679304681937, 'capture_scale': 3.6619162226748982}. Best is trial 121 with value: 2.296521578936564.
[I 2026-05-03 19:43:11,557] Trial 132 finished with value: 3.014436893212423 and parameters: {'rho_high_scale': 0.7557225850538508, 'f_n': 5.892933094354712e-08, 'K_d': 356842.95850257104, 'fission_rate': 5.4816101440055394e+19, 'Dg_D1_scale': 0.5841242072880625, 'Dg_D3_scale': 0.44436522009982254, 'Dv_D1_scale': 0.2922251595249602, 'Dv_D2_scale': 3.0173122890979776, 'b_bulk_scale': 0.050176782574773274, 'b_dislocation_scale': 0.19038203217221644, 'gb_scale': 0.9893751191041025, 'gd_bubble_scale': 8.392058533551454, 'gd_line_scale': 1.0605328738156172, 'gd_line_alpha': 0.8997610618140731, 'coalescence_d_scale': 0.14651207607384517, 'capture_scale': 4.716506913564168}. Best is trial 121 with value: 2.296521578936564.
