[I 2026-05-04 00:20:06,977] Trial 460 finished with value: 3.5108806479203203 and parameters: {'rho_high_scale': 0.7290402981303598, 'f_n': 1.227529948523786e-08, 'K_d': 372469.0917603586, 'fission_rate': 4.690133717096728e+19, 'Dg_D1_scale': 0.5461497838441265, 'Dg_D3_scale': 0.7659386428874624, 'Dv_D1_scale': 0.48490750959801737, 'Dv_D2_scale': 3.3447084761209154, 'b_bulk_scale': 0.043497402674111126, 'b_dislocation_scale': 0.3356791922902022, 'gb_scale': 0.9627952410472614, 'gd_bubble_scale': 9.98677888442589, 'gd_line_scale': 1.0924082873568124, 'gd_line_alpha': 0.9645857894119155, 'coalescence_d_scale': 0.1803977607083837, 'capture_scale': 5.399642713114372}. Best is trial 398 with value: 2.2424619397909873.
[I 2026-05-04 00:20:27,043] Trial 461 finished with value: 4.829368483670491 and parameters: {'rho_high_scale': 0.8242315191784797, 'f_n': 9.219537042466637e-08, 'K_d': 347462.12594761857, 'fission_rate': 4.5790689805165855e+19, 'Dg_D1_scale': 0.6173195149275298, 'Dg_D3_scale': 1.1141833804981367, 'Dv_D1_scale': 0.547494819897983, 'Dv_D2_scale': 3.9884579728601817, 'b_bulk_scale': 0.050666544415423065, 'b_dislocation_scale': 0.423848581399732, 'gb_scale': 3.946092956096744, 'gd_bubble_scale': 5.804890539631316, 'gd_line_scale': 0.051367830151748714, 'gd_line_alpha': 0.9096175080345172, 'coalescence_d_scale': 0.44824433943659486, 'capture_scale': 0.035299141295678294}. Best is trial 398 with value: 2.2424619397909873.
[I 2026-05-04 00:21:06,226] Trial 462 finished with value: 2.348447914563165 and parameters: {'rho_high_scale': 0.768944418509556, 'f_n': 9.806045848983915e-09, 'K_d': 364590.091293171, 'fission_rate': 4.4852999024528245e+19, 'Dg_D1_scale': 0.4983212954922803, 'Dg_D3_scale': 1.4717067825424612, 'Dv_D1_scale': 0.45467461801095616, 'Dv_D2_scale': 2.9098908328410498, 'b_bulk_scale': 0.06164638809617186, 'b_dislocation_scale': 0.46165807077245213, 'gb_scale': 2.0829832444321412, 'gd_bubble_scale': 6.9701406052030785, 'gd_line_scale': 1.4282524736324915, 'gd_line_alpha': 0.9805246992899709, 'coalescence_d_scale': 0.2527843541126029, 'capture_scale': 0.06816499431288468}. Best is trial 398 with value: 2.2424619397909873.
Best trial: 398. Best value: 2.24246:  93%|█████████▎| 463/500 [5:43:35<22:15, 36.09s/it]Best trial: 398. Best value: 2.24246:  93%|█████████▎| 463/500 [5:43:35<22:15, 36.09s/it]Best trial: 398. Best value: 2.24246:  93%|█████████▎| 464/500 [5:43:35<21:31, 35.88s/it]                                                                                         Best trial: 398. Best value: 2.24246:  93%|█████████▎| 464/500 [5:44:21<21:31, 35.88s/it]Best trial: 398. Best value: 2.24246:  93%|█████████▎| 464/500 [5:44:21<21:31, 35.88s/it]Best trial: 398. Best value: 2.24246:  93%|█████████▎| 465/500 [5:44:21<22:41, 38.90s/it]                                                                                         Best trial: 398. Best value: 2.24246:  93%|█████████▎| 465/500 [5:44:54<22:41, 38.90s/it]Best trial: 398. Best value: 2.24246:  93%|█████████▎| 465/500 [5:44:54<22:41, 38.90s/it]Best trial: 398. Best value: 2.24246:  93%|█████████▎| 466/500 [5:44:54<21:01, 37.12s/it]                                                                                         Best trial: 398. Best value: 2.24246:  93%|█████████▎| 466/500 [5:45:27<21:01, 37.12s/it]Best trial: 398. Best value: 2.24246:  93%|█████████▎| 466/500 [5:45:28<21:01, 37.12s/it]Best trial: 398. Best value: 2.24246:  93%|█████████▎| 467/500 [5:45:28<19:50, 36.08s/it]                                                                                         Best trial: 398. Best value: 2.24246:  93%|█████████▎| 467/500 [5:46:04<19:50, 36.08s/it]Best trial: 398. Best value: 2.24246:  93%|█████████▎| 467/500 [5:46:04<19:50, 36.08s/it]Best trial: 398. Best value: 2.24246:  94%|█████████▎| 468/500 [5:46:04<19:19, 36.23s/it]                                                                                         Best trial: 398. Best value: 2.24246:  94%|█████████▎| 468/500 [5:46:43<19:19, 36.23s/it]Best trial: 398. Best value: 2.24246:  94%|█████████▎| 468/500 [5:46:44<19:19, 36.23s/it]Best trial: 398. Best value: 2.24246:  94%|█████████▍| 469/500 [5:46:44<19:14, 37.25s/it]                                                                                         Best trial: 398. Best value: 2.24246:  94%|█████████▍| 469/500 [5:47:21<19:14, 37.25s/it]Best trial: 398. Best value: 2.24246:  94%|█████████▍| 469/500 [5:47:21<19:14, 37.25s/it]Best trial: 398. Best value: 2.24246:  94%|█████████▍| 470/500 [5:47:21<18:38, 37.28s/it]                                                                                         Best trial: 398. Best value: 2.24246:  94%|█████████▍| 470/500 [5:48:02<18:38, 37.28s/it]Best trial: 398. Best value: 2.24246:  94%|█████████▍| 470/500 [5:48:02<18:38, 37.28s/it]Best trial: 398. Best value: 2.24246:  94%|█████████▍| 471/500 [5:48:02<18:31, 38.32s/it]                                                                                         Best trial: 398. Best value: 2.24246:  94%|█████████▍| 471/500 [5:48:32<18:31, 38.32s/it]Best trial: 398. Best value: 2.24246:  94%|█████████▍| 471/500 [5:48:32<18:31, 38.32s/it]Best trial: 398. Best value: 2.24246:  94%|█████████▍| 472/500 [5:48:32<16:46, 35.94s/it]                                                                                         Best trial: 398. Best value: 2.24246:  94%|█████████▍| 472/500 [5:49:12<16:46, 35.94s/it]Best trial: 398. Best value: 2.24246:  94%|█████████▍| 472/500 [5:49:13<16:46, 35.94s/it]Best trial: 398. Best value: 2.24246:  95%|█████████▍| 473/500 [5:49:13<16:47, 37.31s/it]                                                                                         Best trial: 398. Best value: 2.24246:  95%|█████████▍| 473/500 [5:49:54<16:47, 37.31s/it]Best trial: 398. Best value: 2.24246:  95%|█████████▍| 473/500 [5:49:54<16:47, 37.31s/it]Best trial: 398. Best value: 2.24246:  95%|█████████▍| 474/500 [5:49:54<16:43, 38.60s/it]                                                                                         [I 2026-05-04 00:21:41,615] Trial 463 finished with value: 2.6052668874001537 and parameters: {'rho_high_scale': 0.7277492000859427, 'f_n': 1.537128232059507e-08, 'K_d': 354478.48364689824, 'fission_rate': 4.831442173319821e+19, 'Dg_D1_scale': 0.5832675503030085, 'Dg_D3_scale': 0.3632435892395394, 'Dv_D1_scale': 0.36957721025454826, 'Dv_D2_scale': 0.7277804951342532, 'b_bulk_scale': 0.0695418682815563, 'b_dislocation_scale': 0.37949143780914607, 'gb_scale': 3.1195693169287946, 'gd_bubble_scale': 8.776775420238021, 'gd_line_scale': 0.9266437876832393, 'gd_line_alpha': 0.9352046281287012, 'coalescence_d_scale': 0.3035077448497011, 'capture_scale': 0.05797136086515257}. Best is trial 398 with value: 2.2424619397909873.
[I 2026-05-04 00:22:27,475] Trial 464 finished with value: 2.3744380129085494 and parameters: {'rho_high_scale': 0.7019131100561093, 'f_n': 7.451995399283643e-09, 'K_d': 339202.33432396315, 'fission_rate': 4.331692546969984e+19, 'Dg_D1_scale': 0.15468707762676678, 'Dg_D3_scale': 0.9733978699191764, 'Dv_D1_scale': 0.3020432360982603, 'Dv_D2_scale': 3.4925817697808377, 'b_bulk_scale': 0.055087721441102536, 'b_dislocation_scale': 0.5152129923940335, 'gb_scale': 1.0614374931745212, 'gd_bubble_scale': 9.991552086715437, 'gd_line_scale': 1.2476344783266538, 'gd_line_alpha': 0.8794426242322502, 'coalescence_d_scale': 0.20006185809899676, 'capture_scale': 0.08352550078477704}. Best is trial 398 with value: 2.2424619397909873.
[I 2026-05-04 00:23:00,512] Trial 465 finished with value: 2.9239906568936957 and parameters: {'rho_high_scale': 0.7830024671765312, 'f_n': 1.2184879581850078e-08, 'K_d': 455768.82693824644, 'fission_rate': 6.185623591037281e+19, 'Dg_D1_scale': 0.4301397498644293, 'Dg_D3_scale': 1.138076175930424, 'Dv_D1_scale': 0.42400345051576976, 'Dv_D2_scale': 3.1862718506987604, 'b_bulk_scale': 0.07501827063299119, 'b_dislocation_scale': 0.2900525015025975, 'gb_scale': 2.7497905591014047, 'gd_bubble_scale': 7.685492732174186, 'gd_line_scale': 1.641319303234615, 'gd_line_alpha': 0.9622973446391865, 'coalescence_d_scale': 0.3581944166416511, 'capture_scale': 0.022152254257823564}. Best is trial 398 with value: 2.2424619397909873.
[I 2026-05-04 00:23:34,160] Trial 466 finished with value: 5.147970009021235 and parameters: {'rho_high_scale': 3.1961727071186785, 'f_n': 6.1513724598512144e-09, 'K_d': 438061.02605825965, 'fission_rate': 5.998470021969817e+19, 'Dg_D1_scale': 0.5334498262301521, 'Dg_D3_scale': 1.0153885368955864, 'Dv_D1_scale': 0.510085235486876, 'Dv_D2_scale': 3.994570192907038, 'b_bulk_scale': 0.04716423117227757, 'b_dislocation_scale': 0.4097063794376059, 'gb_scale': 2.3195314353450813, 'gd_bubble_scale': 8.44309625792568, 'gd_line_scale': 1.1370463379305775, 'gd_line_alpha': 0.9059921276122966, 'coalescence_d_scale': 4.913109618244987, 'capture_scale': 0.049060223703053844}. Best is trial 398 with value: 2.2424619397909873.
[I 2026-05-04 00:24:10,758] Trial 467 finished with value: 2.5246564175320527 and parameters: {'rho_high_scale': 0.7522174295608008, 'f_n': 1.887923029680207e-08, 'K_d': 377707.9616100029, 'fission_rate': 4.397958546988075e+19, 'Dg_D1_scale': 0.639879691881149, 'Dg_D3_scale': 0.8506850000167504, 'Dv_D1_scale': 0.2191295644086159, 'Dv_D2_scale': 3.667560926366478, 'b_bulk_scale': 0.06643497462352033, 'b_dislocation_scale': 0.356040308529348, 'gb_scale': 3.6132352870485507, 'gd_bubble_scale': 6.325498449667823, 'gd_line_scale': 1.3194504251086085, 'gd_line_alpha': 0.9441943294290641, 'coalescence_d_scale': 0.23520346308391246, 'capture_scale': 0.04188555731402662}. Best is trial 398 with value: 2.2424619397909873.
[I 2026-05-04 00:24:50,313] Trial 468 finished with value: 2.274647626767161 and parameters: {'rho_high_scale': 0.7294226721387523, 'f_n': 8.8986467491703e-09, 'K_d': 329107.392046446, 'fission_rate': 4.772990436881513e+19, 'Dg_D1_scale': 0.46458357038659437, 'Dg_D3_scale': 0.6293977073248025, 'Dv_D1_scale': 0.3985034250839543, 'Dv_D2_scale': 3.4298706285671368, 'b_bulk_scale': 0.05761223426668737, 'b_dislocation_scale': 0.5958365355900571, 'gb_scale': 1.4220819128565874, 'gd_bubble_scale': 7.325835983936536, 'gd_line_scale': 1.8538065450222843, 'gd_line_alpha': 0.9228798510964495, 'coalescence_d_scale': 0.16181787344666726, 'capture_scale': 0.055799496975935}. Best is trial 398 with value: 2.2424619397909873.
[I 2026-05-04 00:25:27,721] Trial 469 finished with value: 2.2796821634021347 and parameters: {'rho_high_scale': 0.7010416282953023, 'f_n': 8.739435321669336e-09, 'K_d': 337234.0088503907, 'fission_rate': 4.7841651695865815e+19, 'Dg_D1_scale': 0.3972543224598053, 'Dg_D3_scale': 0.5731695434759876, 'Dv_D1_scale': 0.36477165697107905, 'Dv_D2_scale': 3.287245077736925, 'b_bulk_scale': 0.05791968645070044, 'b_dislocation_scale': 0.6233595066715576, 'gb_scale': 1.6678027999587293, 'gd_bubble_scale': 9.067821394814326, 'gd_line_scale': 2.2552394463138143, 'gd_line_alpha': 0.9267128200342584, 'coalescence_d_scale': 1.3667384170059862, 'capture_scale': 0.054104670364667116}. Best is trial 398 with value: 2.2424619397909873.
[I 2026-05-04 00:26:08,463] Trial 470 finished with value: 2.6434359685820925 and parameters: {'rho_high_scale': 0.7307107177896551, 'f_n': 3.4677720189669046e-07, 'K_d': 320205.6227653036, 'fission_rate': 4.7508661339754815e+19, 'Dg_D1_scale': 0.3856589881223551, 'Dg_D3_scale': 0.558137343229853, 'Dv_D1_scale': 0.35457951594485454, 'Dv_D2_scale': 2.934821667622045, 'b_bulk_scale': 0.5816589503164051, 'b_dislocation_scale': 0.6890957873587731, 'gb_scale': 1.6129658396158084, 'gd_bubble_scale': 7.679101935674698, 'gd_line_scale': 2.407104744629996, 'gd_line_alpha': 0.9286219198077922, 'coalescence_d_scale': 1.4876953312964107, 'capture_scale': 0.05604977008730975}. Best is trial 398 with value: 2.2424619397909873.
[I 2026-05-04 00:26:38,857] Trial 471 finished with value: 2.9779989951068333 and parameters: {'rho_high_scale': 0.7000396942410735, 'f_n': 2.059878245106887e-07, 'K_d': 330735.8195743128, 'fission_rate': 4.634956455780512e+19, 'Dg_D1_scale': 0.40856256779197375, 'Dg_D3_scale': 0.514829445305986, 'Dv_D1_scale': 0.3393594992372871, 'Dv_D2_scale': 3.0151129738801603, 'b_bulk_scale': 0.06075348930659505, 'b_dislocation_scale': 0.5987388419106376, 'gb_scale': 1.528180529175307, 'gd_bubble_scale': 9.053798557520752, 'gd_line_scale': 2.343848140658388, 'gd_line_alpha': 0.9529896443814305, 'coalescence_d_scale': 0.1478275092827585, 'capture_scale': 0.05126910914828395}. Best is trial 398 with value: 2.2424619397909873.
[I 2026-05-04 00:27:19,352] Trial 472 finished with value: 11.222456925592663 and parameters: {'rho_high_scale': 0.7355552394861765, 'f_n': 7.500032021414426e-10, 'K_d': 329904.08008228894, 'fission_rate': 4.752711311151357e+19, 'Dg_D1_scale': 0.35094705881508165, 'Dg_D3_scale': 0.5933740510565715, 'Dv_D1_scale': 0.3826254984770073, 'Dv_D2_scale': 3.252981229468017, 'b_bulk_scale': 0.07985811004474483, 'b_dislocation_scale': 0.6817655310417293, 'gb_scale': 1.4147858242497093, 'gd_bubble_scale': 7.372602077689634, 'gd_line_scale': 1.978232844054923, 'gd_line_alpha': 0.9827983972188695, 'coalescence_d_scale': 17.619747536572792, 'capture_scale': 0.045337699637916534}. Best is trial 398 with value: 2.2424619397909873.
[I 2026-05-04 00:28:00,958] Trial 473 finished with value: 3.1972894360481914 and parameters: {'rho_high_scale': 0.7003124119528821, 'f_n': 5.389572609116495e-09, 'K_d': 322343.62422081927, 'fission_rate': 4.678882560977701e+19, 'Dg_D1_scale': 0.34041188557679686, 'Dg_D3_scale': 0.6285806554475551, 'Dv_D1_scale': 0.35078448568222637, 'Dv_D2_scale': 3.2636042792081987, 'b_bulk_scale': 0.2926566256116623, 'b_dislocation_scale': 0.6243611707649875, 'gb_scale': 1.4504394153515603, 'gd_bubble_scale': 8.206072066596308, 'gd_line_scale': 2.2451937578083365, 'gd_line_alpha': 0.9293971263347663, 'coalescence_d_scale': 2.1171294431280194, 'capture_scale': 0.05905436162208566}. Best is trial 398 with value: 2.2424619397909873.
Best trial: 398. Best value: 2.24246:  95%|█████████▍| 474/500 [5:50:33<16:43, 38.60s/it]Best trial: 398. Best value: 2.24246:  95%|█████████▍| 474/500 [5:50:34<16:43, 38.60s/it]Best trial: 398. Best value: 2.24246:  95%|█████████▌| 475/500 [5:50:34<16:10, 38.81s/it]                                                                                         Best trial: 398. Best value: 2.24246:  95%|█████████▌| 475/500 [5:51:17<16:10, 38.81s/it]Best trial: 398. Best value: 2.24246:  95%|█████████▌| 475/500 [5:51:17<16:10, 38.81s/it]Best trial: 398. Best value: 2.24246:  95%|█████████▌| 476/500 [5:51:17<16:04, 40.21s/it]                                                                                         Best trial: 398. Best value: 2.24246:  95%|█████████▌| 476/500 [5:51:59<16:04, 40.21s/it]Best trial: 398. Best value: 2.24246:  95%|█████████▌| 476/500 [5:51:59<16:04, 40.21s/it]Best trial: 398. Best value: 2.24246:  95%|█████████▌| 477/500 [5:51:59<15:38, 40.79s/it]                                                                                         Best trial: 398. Best value: 2.24246:  95%|█████████▌| 477/500 [5:52:36<15:38, 40.79s/it]Best trial: 398. Best value: 2.24246:  95%|█████████▌| 477/500 [5:52:36<15:38, 40.79s/it]Best trial: 398. Best value: 2.24246:  96%|█████████▌| 478/500 [5:52:36<14:32, 39.67s/it]                                                                                         Best trial: 398. Best value: 2.24246:  96%|█████████▌| 478/500 [5:53:13<14:32, 39.67s/it]Best trial: 398. Best value: 2.24246:  96%|█████████▌| 478/500 [5:53:13<14:32, 39.67s/it]Best trial: 398. Best value: 2.24246:  96%|█████████▌| 479/500 [5:53:13<13:34, 38.77s/it]                                                                                         Best trial: 398. Best value: 2.24246:  96%|█████████▌| 479/500 [5:53:43<13:34, 38.77s/it]Best trial: 398. Best value: 2.24246:  96%|█████████▌| 479/500 [5:53:43<13:34, 38.77s/it]Best trial: 398. Best value: 2.24246:  96%|█████████▌| 480/500 [5:53:43<12:01, 36.10s/it]                                                                                         Best trial: 398. Best value: 2.24246:  96%|█████████▌| 480/500 [5:54:20<12:01, 36.10s/it]Best trial: 398. Best value: 2.24246:  96%|█████████▌| 480/500 [5:54:21<12:01, 36.10s/it]Best trial: 398. Best value: 2.24246:  96%|█████████▌| 481/500 [5:54:21<11:34, 36.58s/it]                                                                                         Best trial: 398. Best value: 2.24246:  96%|█████████▌| 481/500 [5:55:00<11:34, 36.58s/it]Best trial: 398. Best value: 2.24246:  96%|█████████▌| 481/500 [5:55:00<11:34, 36.58s/it]Best trial: 398. Best value: 2.24246:  96%|█████████▋| 482/500 [5:55:00<11:15, 37.55s/it]                                                                                         Best trial: 398. Best value: 2.24246:  96%|█████████▋| 482/500 [5:55:40<11:15, 37.55s/it]Best trial: 398. Best value: 2.24246:  96%|█████████▋| 482/500 [5:55:40<11:15, 37.55s/it]Best trial: 398. Best value: 2.24246:  97%|█████████▋| 483/500 [5:55:40<10:49, 38.18s/it]                                                                                         Best trial: 398. Best value: 2.24246:  97%|█████████▋| 483/500 [5:56:21<10:49, 38.18s/it]Best trial: 398. Best value: 2.24246:  97%|█████████▋| 483/500 [5:56:22<10:49, 38.18s/it]Best trial: 398. Best value: 2.24246:  97%|█████████▋| 484/500 [5:56:22<10:27, 39.22s/it]                                                                                         Best trial: 398. Best value: 2.24246:  97%|█████████▋| 484/500 [5:57:01<10:27, 39.22s/it]Best trial: 398. Best value: 2.24246:  97%|█████████▋| 484/500 [5:57:02<10:27, 39.22s/it]Best trial: 398. Best value: 2.24246:  97%|█████████▋| 485/500 [5:57:02<09:51, 39.42s/it]                                                                                         [I 2026-05-04 00:28:40,267] Trial 474 finished with value: 2.6334420437621517 and parameters: {'rho_high_scale': 0.7566803366031594, 'f_n': 4.249493876557197e-09, 'K_d': 325020.2911342102, 'fission_rate': 4.81236639307318e+19, 'Dg_D1_scale': 0.4318672333265807, 'Dg_D3_scale': 0.5792735445507546, 'Dv_D1_scale': 0.3777079872197261, 'Dv_D2_scale': 3.4112261035737603, 'b_bulk_scale': 0.06704461686086154, 'b_dislocation_scale': 0.5920851608783798, 'gb_scale': 1.385603919913986, 'gd_bubble_scale': 6.963782287381956, 'gd_line_scale': 1.9536947145559411, 'gd_line_alpha': 0.9541608251893561, 'coalescence_d_scale': 1.91614395097315, 'capture_scale': 0.05317709955231716}. Best is trial 398 with value: 2.2424619397909873.
[I 2026-05-04 00:29:23,728] Trial 475 finished with value: 2.698786879817829 and parameters: {'rho_high_scale': 0.8044313063796535, 'f_n': 7.775237436573377e-09, 'K_d': 335647.71822642, 'fission_rate': 4.6179630625799905e+19, 'Dg_D1_scale': 0.4103500239816078, 'Dg_D3_scale': 0.6737322119996872, 'Dv_D1_scale': 0.3922739310626016, 'Dv_D2_scale': 3.0787935876356496, 'b_bulk_scale': 0.06048254977472926, 'b_dislocation_scale': 0.5543890076968757, 'gb_scale': 1.6902353850079932, 'gd_bubble_scale': 9.96473664644841, 'gd_line_scale': 2.1653808907603445, 'gd_line_alpha': 0.9673765263789567, 'coalescence_d_scale': 1.3782265614537677, 'capture_scale': 0.06460650104850812}. Best is trial 398 with value: 2.2424619397909873.
[I 2026-05-04 00:30:05,881] Trial 476 finished with value: 2.9455618949156817 and parameters: {'rho_high_scale': 0.7372045983226085, 'f_n': 6.68047556161193e-09, 'K_d': 328623.900296534, 'fission_rate': 4.535754149462604e+19, 'Dg_D1_scale': 2.647349390087259, 'Dg_D3_scale': 0.5491797004017811, 'Dv_D1_scale': 0.3090560934062365, 'Dv_D2_scale': 3.417654260626773, 'b_bulk_scale': 0.07172307986954975, 'b_dislocation_scale': 0.574726937491689, 'gb_scale': 1.6601286571803506, 'gd_bubble_scale': 8.34980289970908, 'gd_line_scale': 1.7715365024086935, 'gd_line_alpha': 0.9175559845988595, 'coalescence_d_scale': 0.1360914539097786, 'capture_scale': 0.03862314044772911}. Best is trial 398 with value: 2.2424619397909873.
[I 2026-05-04 00:30:42,946] Trial 477 finished with value: 2.309251170272443 and parameters: {'rho_high_scale': 0.7693734787093959, 'f_n': 8.743009716739617e-09, 'K_d': 308395.7238494258, 'fission_rate': 4.749046736827363e+19, 'Dg_D1_scale': 0.36443161943648406, 'Dg_D3_scale': 0.6050792917734708, 'Dv_D1_scale': 0.3637374414248518, 'Dv_D2_scale': 3.9958614891700543, 'b_bulk_scale': 0.08723347996134875, 'b_dislocation_scale': 0.7466618352131175, 'gb_scale': 1.5422497224139027, 'gd_bubble_scale': 9.123263078896418, 'gd_line_scale': 1.8436193526497653, 'gd_line_alpha': 0.9403729622800138, 'coalescence_d_scale': 0.670863450240066, 'capture_scale': 0.046519244998310096}. Best is trial 398 with value: 2.2424619397909873.
[I 2026-05-04 00:31:19,624] Trial 478 finished with value: 2.4432674478812273 and parameters: {'rho_high_scale': 0.7984252087878794, 'f_n': 8.299662505205064e-09, 'K_d': 321032.8896391226, 'fission_rate': 4.746651567665483e+19, 'Dg_D1_scale': 0.33912265976488476, 'Dg_D3_scale': 0.6125603684011076, 'Dv_D1_scale': 0.32263571293944515, 'Dv_D2_scale': 3.817291954685317, 'b_bulk_scale': 0.11009699230520514, 'b_dislocation_scale': 0.7975428289187311, 'gb_scale': 1.9267964777231024, 'gd_bubble_scale': 9.077955622021882, 'gd_line_scale': 1.7534086056260572, 'gd_line_alpha': 0.11795035181181457, 'coalescence_d_scale': 1.067441134247403, 'capture_scale': 0.0448704613759364}. Best is trial 398 with value: 2.2424619397909873.
