[I 2026-05-03 11:35:11,089] Trial 246 finished with value: 2.7176690388997886 and parameters: {'f_n': 4.733413748058367e-07, 'K_d': 141190.01398187564, 'rho_d': 40859392194018.375, 'fission_rate': 7.261518664530986e+19, 'Dg_D1_scale': 2.7438390702187956, 'Dg_D3_scale': 1.4299999015879583, 'Dv_D1_scale': 0.4430987538748078, 'Dv_D2_scale': 2.6301407233712055, 'b_bulk_scale': 1.5979389594035838, 'b_dislocation_scale': 0.13128225828554554, 'gb_scale': 2.9210025237128314, 'gd_bubble_scale': 2.2441074655508575, 'gd_line_scale': 0.13942136002008956, 'gd_line_alpha': 0.8685367041302626, 'coalescence_d_scale': 0.1357465499782014, 'capture_scale': 0.10866367938415601}. Best is trial 234 with value: 2.6234906489327656.
[I 2026-05-03 11:35:18,058] Trial 247 finished with value: 2.7372897935438396 and parameters: {'f_n': 3.017132870545752e-07, 'K_d': 132922.85672305519, 'rho_d': 37756362741250.445, 'fission_rate': 7.154292841177885e+19, 'Dg_D1_scale': 2.6716382765982694, 'Dg_D3_scale': 1.6845997389275953, 'Dv_D1_scale': 0.3919441690922184, 'Dv_D2_scale': 3.2153633118973226, 'b_bulk_scale': 2.071679224676109, 'b_dislocation_scale': 0.12450240721920745, 'gb_scale': 3.7349767093635218, 'gd_bubble_scale': 2.430185458097235, 'gd_line_scale': 0.12671758647682865, 'gd_line_alpha': 0.8467550318215508, 'coalescence_d_scale': 0.20479505203696777, 'capture_scale': 0.09501578017349273}. Best is trial 234 with value: 2.6234906489327656.
[I 2026-05-03 11:35:25,136] Trial 248 finished with value: 2.6539220501964023 and parameters: {'f_n': 7.658447218146768e-07, 'K_d': 144308.0184240713, 'rho_d': 41353520122803.87, 'fission_rate': 7.161347397646342e+19, 'Dg_D1_scale': 2.758125212456066, 'Dg_D3_scale': 1.7784832795347114, 'Dv_D1_scale': 0.40978614845758976, 'Dv_D2_scale': 2.6161094555387203, 'b_bulk_scale': 1.875197014435742, 'b_dislocation_scale': 0.13773682168462584, 'gb_scale': 3.1070179635972783, 'gd_bubble_scale': 2.762609909917867, 'gd_line_scale': 0.10444436838473721, 'gd_line_alpha': 0.9331696411887603, 'coalescence_d_scale': 0.15259175047172474, 'capture_scale': 0.12237817139599912}. Best is trial 234 with value: 2.6234906489327656.
[I 2026-05-03 11:35:30,338] Trial 249 finished with value: 2.9467331364427958 and parameters: {'f_n': 6.818581745206508e-07, 'K_d': 136331.50953341843, 'rho_d': 40118040193382.51, 'fission_rate': 7.1616752932799906e+19, 'Dg_D1_scale': 2.6713789980508027, 'Dg_D3_scale': 1.715117741991488, 'Dv_D1_scale': 0.42631820686261235, 'Dv_D2_scale': 2.595576150600021, 'b_bulk_scale': 2.939282309680061, 'b_dislocation_scale': 0.14184192755425115, 'gb_scale': 3.196338870492851, 'gd_bubble_scale': 2.7331994918141227, 'gd_line_scale': 0.164927804962693, 'gd_line_alpha': 0.9403648378127681, 'coalescence_d_scale': 0.18938175703311416, 'capture_scale': 0.11420286039717052}. Best is trial 234 with value: 2.6234906489327656.
[I 2026-05-03 11:35:37,153] Trial 250 finished with value: 2.6829185947901877 and parameters: {'f_n': 5.738539375362284e-07, 'K_d': 146545.16562422205, 'rho_d': 41767666885814.914, 'fission_rate': 7.259046245608129e+19, 'Dg_D1_scale': 2.8491646131603154, 'Dg_D3_scale': 2.020049646155364, 'Dv_D1_scale': 0.4687088443063441, 'Dv_D2_scale': 2.5901892147141297, 'b_bulk_scale': 1.6401293363817686, 'b_dislocation_scale': 0.135221325707192, 'gb_scale': 2.820449912803353, 'gd_bubble_scale': 2.2417478794248478, 'gd_line_scale': 0.10207461734656174, 'gd_line_alpha': 0.8803002897953072, 'coalescence_d_scale': 0.15402477384494045, 'capture_scale': 0.12373140739329154}. Best is trial 234 with value: 2.6234906489327656.
[I 2026-05-03 11:35:44,014] Trial 251 finished with value: 2.7424344460941454 and parameters: {'f_n': 4.94922151615808e-07, 'K_d': 133938.70766874126, 'rho_d': 38530543665302.26, 'fission_rate': 7.127850471042503e+19, 'Dg_D1_scale': 2.9741816733173274, 'Dg_D3_scale': 1.830296857965232, 'Dv_D1_scale': 0.38417665417860836, 'Dv_D2_scale': 2.69830792555371, 'b_bulk_scale': 1.493946681005142, 'b_dislocation_scale': 0.1659181829086896, 'gb_scale': 3.5893697922853343, 'gd_bubble_scale': 2.501262975886074, 'gd_line_scale': 0.12071189642420341, 'gd_line_alpha': 0.8599893047684429, 'coalescence_d_scale': 0.16411098450218842, 'capture_scale': 0.1297700314343217}. Best is trial 234 with value: 2.6234906489327656.
[I 2026-05-03 11:35:53,514] Trial 252 finished with value: 2.7227187486870768 and parameters: {'f_n': 9.873470989153614e-07, 'K_d': 142338.571001456, 'rho_d': 42618962777666.93, 'fission_rate': 4.934380258650477e+19, 'Dg_D1_scale': 2.7984309363962243, 'Dg_D3_scale': 1.282539680633056, 'Dv_D1_scale': 0.34103468878896487, 'Dv_D2_scale': 2.9779405262884664, 'b_bulk_scale': 1.8521767229221164, 'b_dislocation_scale': 0.12086454864212229, 'gb_scale': 3.006552669555363, 'gd_bubble_scale': 2.840275418055397, 'gd_line_scale': 0.1117494989985386, 'gd_line_alpha': 0.8376814802347456, 'coalescence_d_scale': 0.1794859865785167, 'capture_scale': 0.08440061822089683}. Best is trial 234 with value: 2.6234906489327656.Best trial: 234. Best value: 2.62349:  63%|██████▎   | 252/400 [26:59<16:12,  6.57s/it]Best trial: 234. Best value: 2.62349:  63%|██████▎   | 252/400 [26:59<16:12,  6.57s/it]Best trial: 234. Best value: 2.62349:  63%|██████▎   | 253/400 [26:59<18:14,  7.45s/it]                                                                                       Best trial: 234. Best value: 2.62349:  63%|██████▎   | 253/400 [27:04<18:14,  7.45s/it]Best trial: 234. Best value: 2.62349:  63%|██████▎   | 253/400 [27:04<18:14,  7.45s/it]Best trial: 234. Best value: 2.62349:  64%|██████▎   | 254/400 [27:04<16:12,  6.66s/it]                                                                                       Best trial: 234. Best value: 2.62349:  64%|██████▎   | 254/400 [27:10<16:12,  6.66s/it]Best trial: 234. Best value: 2.62349:  64%|██████▎   | 254/400 [27:10<16:12,  6.66s/it]Best trial: 234. Best value: 2.62349:  64%|██████▍   | 255/400 [27:10<16:12,  6.71s/it]                                                                                       Best trial: 234. Best value: 2.62349:  64%|██████▍   | 255/400 [27:18<16:12,  6.71s/it]Best trial: 234. Best value: 2.62349:  64%|██████▍   | 255/400 [27:18<16:12,  6.71s/it]Best trial: 234. Best value: 2.62349:  64%|██████▍   | 256/400 [27:18<16:32,  6.89s/it]                                                                                       Best trial: 234. Best value: 2.62349:  64%|██████▍   | 256/400 [27:24<16:32,  6.89s/it]Best trial: 234. Best value: 2.62349:  64%|██████▍   | 256/400 [27:24<16:32,  6.89s/it]Best trial: 234. Best value: 2.62349:  64%|██████▍   | 257/400 [27:24<16:13,  6.81s/it]                                                                                       Best trial: 234. Best value: 2.62349:  64%|██████▍   | 257/400 [27:31<16:13,  6.81s/it]Best trial: 234. Best value: 2.62349:  64%|██████▍   | 257/400 [27:31<16:13,  6.81s/it]Best trial: 234. Best value: 2.62349:  64%|██████▍   | 258/400 [27:31<15:56,  6.73s/it]                                                                                       Best trial: 234. Best value: 2.62349:  64%|██████▍   | 258/400 [27:36<15:56,  6.73s/it]Best trial: 234. Best value: 2.62349:  64%|██████▍   | 258/400 [27:36<15:56,  6.73s/it]Best trial: 234. Best value: 2.62349:  65%|██████▍   | 259/400 [27:36<14:26,  6.14s/it]                                                                                       Best trial: 234. Best value: 2.62349:  65%|██████▍   | 259/400 [27:42<14:26,  6.14s/it]Best trial: 234. Best value: 2.62349:  65%|██████▍   | 259/400 [27:42<14:26,  6.14s/it]Best trial: 234. Best value: 2.62349:  65%|██████▌   | 260/400 [27:42<14:39,  6.28s/it]                                                                                       Best trial: 234. Best value: 2.62349:  65%|██████▌   | 260/400 [27:49<14:39,  6.28s/it]Best trial: 234. Best value: 2.62349:  65%|██████▌   | 260/400 [27:49<14:39,  6.28s/it]Best trial: 234. Best value: 2.62349:  65%|██████▌   | 261/400 [27:49<14:49,  6.40s/it]                                                                                       Best trial: 234. Best value: 2.62349:  65%|██████▌   | 261/400 [27:56<14:49,  6.40s/it]Best trial: 234. Best value: 2.62349:  65%|██████▌   | 261/400 [27:56<14:49,  6.40s/it]Best trial: 234. Best value: 2.62349:  66%|██████▌   | 262/400 [27:56<14:56,  6.49s/it]                                                                                       Best trial: 234. Best value: 2.62349:  66%|██████▌   | 262/400 [28:02<14:56,  6.49s/it]Best trial: 234. Best value: 2.62349:  66%|██████▌   | 262/400 [28:02<14:56,  6.49s/it]Best trial: 234. Best value: 2.62349:  66%|██████▌   | 263/400 [28:02<14:53,  6.52s/it]                                                                                       Best trial: 234. Best value: 2.62349:  66%|██████▌   | 263/400 [28:07<14:53,  6.52s/it]Best trial: 234. Best value: 2.62349:  66%|██████▌   | 263/400 [28:07<14:53,  6.52s/it]Best trial: 234. Best value: 2.62349:  66%|██████▌   | 264/400 [28:07<13:34,  5.99s/it]                                                                                       
[I 2026-05-03 11:35:58,338] Trial 253 finished with value: 2.7396701267302084 and parameters: {'f_n': 3.702735436173864e-07, 'K_d': 128804.8414168105, 'rho_d': 37406484799799.125, 'fission_rate': 7.325818258508604e+19, 'Dg_D1_scale': 2.544555108653336, 'Dg_D3_scale': 1.3970512577502132, 'Dv_D1_scale': 0.4082861466142974, 'Dv_D2_scale': 3.051322961660767, 'b_bulk_scale': 1.715150337239205, 'b_dislocation_scale': 0.11906692470636386, 'gb_scale': 2.771158123362766, 'gd_bubble_scale': 2.8240310480744437, 'gd_line_scale': 0.10371932715098928, 'gd_line_alpha': 0.9947440692211926, 'coalescence_d_scale': 0.13572123768822478, 'capture_scale': 0.14542868262108327}. Best is trial 234 with value: 2.6234906489327656.
[I 2026-05-03 11:36:05,160] Trial 254 finished with value: 2.653742316387932 and parameters: {'f_n': 7.070768381537205e-07, 'K_d': 130084.68125978325, 'rho_d': 39843091458772.71, 'fission_rate': 7.197586703121261e+19, 'Dg_D1_scale': 3.077145727587606, 'Dg_D3_scale': 1.3233580010035102, 'Dv_D1_scale': 0.37419402039249533, 'Dv_D2_scale': 2.510646576005355, 'b_bulk_scale': 1.5408936116798817, 'b_dislocation_scale': 0.1393696210493914, 'gb_scale': 3.253140045529397, 'gd_bubble_scale': 2.4120774305903643, 'gd_line_scale': 0.13561382202544978, 'gd_line_alpha': 0.8754974058966716, 'coalescence_d_scale': 0.1498869965802359, 'capture_scale': 0.16232133094563184}. Best is trial 234 with value: 2.6234906489327656.
[I 2026-05-03 11:36:12,474] Trial 255 finished with value: 2.668394218329183 and parameters: {'f_n': 7.044313246061973e-07, 'K_d': 129753.61048061174, 'rho_d': 40489044628110.44, 'fission_rate': 7.246398490119144e+19, 'Dg_D1_scale': 3.01487022698244, 'Dg_D3_scale': 1.332623030763109, 'Dv_D1_scale': 0.3633290841481663, 'Dv_D2_scale': 2.798966690633258, 'b_bulk_scale': 1.5364710973086508, 'b_dislocation_scale': 0.12445200852424806, 'gb_scale': 3.3191174842117337, 'gd_bubble_scale': 2.0520041955264796, 'gd_line_scale': 0.13779555527978732, 'gd_line_alpha': 0.9110216103259972, 'coalescence_d_scale': 0.15176548532812986, 'capture_scale': 0.16449454686289425}. Best is trial 234 with value: 2.6234906489327656.
[I 2026-05-03 11:36:19,076] Trial 256 finished with value: 2.654601585900341 and parameters: {'f_n': 6.767691438576773e-07, 'K_d': 127138.70566365443, 'rho_d': 40768969503550.414, 'fission_rate': 7.260966646835658e+19, 'Dg_D1_scale': 3.0329017814109096, 'Dg_D3_scale': 1.3246898873720758, 'Dv_D1_scale': 0.36711501279320075, 'Dv_D2_scale': 2.8463959828914374, 'b_bulk_scale': 1.5236684377408871, 'b_dislocation_scale': 0.13507342705749423, 'gb_scale': 3.4437254901152263, 'gd_bubble_scale': 2.0845328331209485, 'gd_line_scale': 0.15463819145654867, 'gd_line_alpha': 0.9263609047557805, 'coalescence_d_scale': 0.1752881878556302, 'capture_scale': 0.16269200708294074}. Best is trial 234 with value: 2.6234906489327656.
[I 2026-05-03 11:36:25,648] Trial 257 finished with value: 2.6399570584412504 and parameters: {'f_n': 6.335294187734409e-07, 'K_d': 128810.90078418418, 'rho_d': 40552764379217.57, 'fission_rate': 7.344713290687597e+19, 'Dg_D1_scale': 3.046376238305578, 'Dg_D3_scale': 1.3001960866747335, 'Dv_D1_scale': 0.34338862658437536, 'Dv_D2_scale': 2.9064848874504245, 'b_bulk_scale': 2.0206384596561744, 'b_dislocation_scale': 0.13176903175662422, 'gb_scale': 4.158484359133147, 'gd_bubble_scale': 2.21799732416981, 'gd_line_scale': 0.15691258861749063, 'gd_line_alpha': 0.9308391187512906, 'coalescence_d_scale': 0.23439630287161645, 'capture_scale': 0.15915752277902234}. Best is trial 234 with value: 2.6234906489327656.
[I 2026-05-03 11:36:30,421] Trial 258 finished with value: 2.6650625195296787 and parameters: {'f_n': 6.914877102037461e-07, 'K_d': 131989.01626143334, 'rho_d': 40380493344291.99, 'fission_rate': 7.364056849497815e+19, 'Dg_D1_scale': 3.004624901994673, 'Dg_D3_scale': 1.3764396929180527, 'Dv_D1_scale': 0.3711806778580983, 'Dv_D2_scale': 2.8560020022077306, 'b_bulk_scale': 2.362919590247739, 'b_dislocation_scale': 0.13730755905858483, 'gb_scale': 4.625675693036978, 'gd_bubble_scale': 1.911801014841452, 'gd_line_scale': 0.14838717637636775, 'gd_line_alpha': 0.9252526778190838, 'coalescence_d_scale': 0.2330260834088472, 'capture_scale': 0.16570208385286753}. Best is trial 234 with value: 2.6234906489327656.
[I 2026-05-03 11:36:37,018] Trial 259 finished with value: 2.7147895584337793 and parameters: {'f_n': 6.829308971002022e-07, 'K_d': 132274.7302970366, 'rho_d': 40435833680269.04, 'fission_rate': 7.37593628997485e+19, 'Dg_D1_scale': 2.9682713504569995, 'Dg_D3_scale': 1.3275504266987237, 'Dv_D1_scale': 0.3677144136876943, 'Dv_D2_scale': 2.861207443909828, 'b_bulk_scale': 2.3711881413399425, 'b_dislocation_scale': 0.13719571160094846, 'gb_scale': 5.090995483200518, 'gd_bubble_scale': 1.8084433683840364, 'gd_line_scale': 0.1409247386204584, 'gd_line_alpha': 0.9616457859971782, 'coalescence_d_scale': 0.24271920439671987, 'capture_scale': 0.16662898145757987}. Best is trial 234 with value: 2.6234906489327656.
[I 2026-05-03 11:36:43,686] Trial 260 finished with value: 2.7346357684270726 and parameters: {'f_n': 7.03872027699869e-07, 'K_d': 126574.0648176868, 'rho_d': 36568393471558.22, 'fission_rate': 7.33076261441873e+19, 'Dg_D1_scale': 3.0122427597552526, 'Dg_D3_scale': 1.4543626760234063, 'Dv_D1_scale': 0.34172760100180155, 'Dv_D2_scale': 3.0900327828798546, 'b_bulk_scale': 2.121915720280223, 'b_dislocation_scale': 0.14241193634881516, 'gb_scale': 3.9418826025547022, 'gd_bubble_scale': 1.606300377326191, 'gd_line_scale': 0.1538393658713026, 'gd_line_alpha': 0.9129259554278892, 'coalescence_d_scale': 0.2571783371818239, 'capture_scale': 0.15941249266659308}. Best is trial 234 with value: 2.6234906489327656.
[I 2026-05-03 11:36:50,407] Trial 261 finished with value: 2.673563121654656 and parameters: {'f_n': 4.5096317282351066e-07, 'K_d': 143670.54543374802, 'rho_d': 40032920110570.336, 'fission_rate': 7.246093361446888e+19, 'Dg_D1_scale': 2.8161718551511816, 'Dg_D3_scale': 1.2559614991300734, 'Dv_D1_scale': 0.4303176838820873, 'Dv_D2_scale': 2.867852689338056, 'b_bulk_scale': 1.9841149556763455, 'b_dislocation_scale': 0.17200547994437407, 'gb_scale': 4.262551857043078, 'gd_bubble_scale': 1.8447163946134308, 'gd_line_scale': 0.18497785779867185, 'gd_line_alpha': 0.9359494899457873, 'coalescence_d_scale': 0.21512944217323957, 'capture_scale': 0.1431128103981212}. Best is trial 234 with value: 2.6234906489327656.
[I 2026-05-03 11:36:56,997] Trial 262 finished with value: 2.6687618865782166 and parameters: {'f_n': 7.726946093495463e-07, 'K_d': 132188.04444271667, 'rho_d': 41441803623339.45, 'fission_rate': 7.367206236781971e+19, 'Dg_D1_scale': 3.071346826464752, 'Dg_D3_scale': 1.3431796803493523, 'Dv_D1_scale': 0.364310656395012, 'Dv_D2_scale': 3.2997781226929472, 'b_bulk_scale': 2.933665793469053, 'b_dislocation_scale': 0.13189241927142545, 'gb_scale': 5.921505090836948, 'gd_bubble_scale': 1.9319841066960035, 'gd_line_scale': 0.15246434838784986, 'gd_line_alpha': 0.9637624109533611, 'coalescence_d_scale': 0.20174597387860274, 'capture_scale': 0.17165773577675297}. Best is trial 234 with value: 2.6234906489327656.
[I 2026-05-03 11:37:01,737] Trial 263 finished with value: 2.6798615678427895 and parameters: {'f_n': 6.151720486483914e-07, 'K_d': 135369.27909366967, 'rho_d': 42178808971994.42, 'fission_rate': 7.504589219852829e+19, 'Dg_D1_scale': 3.0635333449743776, 'Dg_D3_scale': 1.3629430950546824, 'Dv_D1_scale': 0.3657149175118744, 'Dv_D2_scale': 3.3066727783238323, 'b_bulk_scale': 2.9635728641386216, 'b_dislocation_scale': 0.1332673619403299, 'gb_scale': 5.77656125476975, 'gd_bubble_scale': 2.0145832124266128, 'gd_line_scale': 0.16093640895502762, 'gd_line_alpha': 0.9654894481229179, 'coalescence_d_scale': 0.20660049222905985, 'capture_scale': 0.15786634355308668}. Best is trial 234 with value: 2.6234906489327656.
