[I 2026-05-03 11:46:45,302] Trial 360 finished with value: 2.442992337599844 and parameters: {'f_n': 2.321502519493578e-09, 'K_d': 110998.63687314565, 'rho_d': 30501410694850.984, 'fission_rate': 7.891892422830855e+19, 'Dg_D1_scale': 1.8013873296844287, 'Dg_D3_scale': 2.8407514606354667, 'Dv_D1_scale': 0.8280383924009637, 'Dv_D2_scale': 3.9695165845456057, 'b_bulk_scale': 0.053610390369531975, 'b_dislocation_scale': 0.32500569221538644, 'gb_scale': 5.630516456591883, 'gd_bubble_scale': 9.347535238350062, 'gd_line_scale': 0.32866886064928236, 'gd_line_alpha': 0.9965231039038965, 'coalescence_d_scale': 0.46133421888937043, 'capture_scale': 0.03990749378926414}. Best is trial 342 with value: 2.4428822172672136.Best trial: 342. Best value: 2.44288:  90%|█████████ | 360/400 [37:51<03:02,  4.57s/it]Best trial: 342. Best value: 2.44288:  90%|█████████ | 360/400 [37:51<03:02,  4.57s/it]Best trial: 342. Best value: 2.44288:  90%|█████████ | 361/400 [37:51<03:12,  4.94s/it]                                                                                       Best trial: 342. Best value: 2.44288:  90%|█████████ | 361/400 [37:57<03:12,  4.94s/it]Best trial: 342. Best value: 2.44288:  90%|█████████ | 361/400 [37:57<03:12,  4.94s/it]Best trial: 342. Best value: 2.44288:  90%|█████████ | 362/400 [37:57<03:21,  5.31s/it]                                                                                       Best trial: 342. Best value: 2.44288:  90%|█████████ | 362/400 [38:03<03:21,  5.31s/it]Best trial: 342. Best value: 2.44288:  90%|█████████ | 362/400 [38:03<03:21,  5.31s/it]Best trial: 342. Best value: 2.44288:  91%|█████████ | 363/400 [38:03<03:26,  5.58s/it]                                                                                       Best trial: 342. Best value: 2.44288:  91%|█████████ | 363/400 [38:09<03:26,  5.58s/it]Best trial: 342. Best value: 2.44288:  91%|█████████ | 363/400 [38:09<03:26,  5.58s/it]Best trial: 342. Best value: 2.44288:  91%|█████████ | 364/400 [38:09<03:24,  5.67s/it]                                                                                       Best trial: 342. Best value: 2.44288:  91%|█████████ | 364/400 [38:13<03:24,  5.67s/it]Best trial: 342. Best value: 2.44288:  91%|█████████ | 364/400 [38:13<03:24,  5.67s/it]Best trial: 342. Best value: 2.44288:  91%|█████████▏| 365/400 [38:13<03:01,  5.17s/it]                                                                                       Best trial: 342. Best value: 2.44288:  91%|█████████▏| 365/400 [38:18<03:01,  5.17s/it]Best trial: 342. Best value: 2.44288:  91%|█████████▏| 365/400 [38:18<03:01,  5.17s/it]Best trial: 342. Best value: 2.44288:  92%|█████████▏| 366/400 [38:18<02:59,  5.29s/it]                                                                                       Best trial: 342. Best value: 2.44288:  92%|█████████▏| 366/400 [38:24<02:59,  5.29s/it]Best trial: 342. Best value: 2.44288:  92%|█████████▏| 366/400 [38:24<02:59,  5.29s/it]Best trial: 342. Best value: 2.44288:  92%|█████████▏| 367/400 [38:24<02:58,  5.41s/it]                                                                                       Best trial: 342. Best value: 2.44288:  92%|█████████▏| 367/400 [38:30<02:58,  5.41s/it]Best trial: 342. Best value: 2.44288:  92%|█████████▏| 367/400 [38:30<02:58,  5.41s/it]Best trial: 342. Best value: 2.44288:  92%|█████████▏| 368/400 [38:30<02:56,  5.51s/it]                                                                                       Best trial: 342. Best value: 2.44288:  92%|█████████▏| 368/400 [38:35<02:56,  5.51s/it]Best trial: 342. Best value: 2.44288:  92%|█████████▏| 368/400 [38:35<02:56,  5.51s/it]Best trial: 342. Best value: 2.44288:  92%|█████████▏| 369/400 [38:35<02:50,  5.49s/it]                                                                                       Best trial: 342. Best value: 2.44288:  92%|█████████▏| 369/400 [38:41<02:50,  5.49s/it]Best trial: 342. Best value: 2.44288:  92%|█████████▏| 369/400 [38:41<02:50,  5.49s/it]Best trial: 342. Best value: 2.44288:  92%|█████████▎| 370/400 [38:41<02:46,  5.56s/it]                                                                                       Best trial: 342. Best value: 2.44288:  92%|█████████▎| 370/400 [38:45<02:46,  5.56s/it]Best trial: 342. Best value: 2.44288:  92%|█████████▎| 370/400 [38:45<02:46,  5.56s/it]Best trial: 342. Best value: 2.44288:  93%|█████████▎| 371/400 [38:45<02:25,  5.03s/it]                                                                                       Best trial: 342. Best value: 2.44288:  93%|█████████▎| 371/400 [38:50<02:25,  5.03s/it]Best trial: 342. Best value: 2.44288:  93%|█████████▎| 371/400 [38:50<02:25,  5.03s/it]Best trial: 342. Best value: 2.44288:  93%|█████████▎| 372/400 [38:50<02:25,  5.18s/it]                                                                                       
[I 2026-05-03 11:46:51,473] Trial 361 finished with value: 2.5869811442401067 and parameters: {'f_n': 1.22331254671861e-09, 'K_d': 110661.69187698218, 'rho_d': 29536577827502.004, 'fission_rate': 7.847898357286625e+19, 'Dg_D1_scale': 1.4099368454630727, 'Dg_D3_scale': 2.9412859010528556, 'Dv_D1_scale': 0.872196472770043, 'Dv_D2_scale': 3.9407772621153754, 'b_bulk_scale': 0.05088801047324831, 'b_dislocation_scale': 0.34057958226745233, 'gb_scale': 5.936256690953374, 'gd_bubble_scale': 9.90673465925707, 'gd_line_scale': 0.3963859178563764, 'gd_line_alpha': 0.9802885677674071, 'coalescence_d_scale': 0.6865718070634259, 'capture_scale': 0.026853750783756847}. Best is trial 342 with value: 2.4428822172672136.
[I 2026-05-03 11:46:57,634] Trial 362 finished with value: 2.56592821248263 and parameters: {'f_n': 1.1438442287146648e-09, 'K_d': 110112.36483848342, 'rho_d': 29038933000405.457, 'fission_rate': 7.860199390627394e+19, 'Dg_D1_scale': 1.4811878209556724, 'Dg_D3_scale': 2.8225539207265067, 'Dv_D1_scale': 0.8216992398869719, 'Dv_D2_scale': 3.6066508045675274, 'b_bulk_scale': 0.053799886005188105, 'b_dislocation_scale': 0.3355749862504728, 'gb_scale': 5.558074627053142, 'gd_bubble_scale': 9.65953179074272, 'gd_line_scale': 0.4066580511346073, 'gd_line_alpha': 0.9770523106958093, 'coalescence_d_scale': 0.5132159404605581, 'capture_scale': 0.02137174270953152}. Best is trial 342 with value: 2.4428822172672136.
[I 2026-05-03 11:47:03,566] Trial 363 finished with value: 2.527998409866141 and parameters: {'f_n': 2.22961649629881e-09, 'K_d': 110164.33079742765, 'rho_d': 28895771455454.36, 'fission_rate': 7.848389818784937e+19, 'Dg_D1_scale': 1.3513188762838584, 'Dg_D3_scale': 2.854215966083267, 'Dv_D1_scale': 0.7860178260352144, 'Dv_D2_scale': 3.7251076338537916, 'b_bulk_scale': 0.05693744159716752, 'b_dislocation_scale': 0.3358070967835878, 'gb_scale': 5.576724860992781, 'gd_bubble_scale': 9.698309310255212, 'gd_line_scale': 0.42492830499226325, 'gd_line_alpha': 0.9794077053602332, 'coalescence_d_scale': 0.6782117745827129, 'capture_scale': 0.030229355939297223}. Best is trial 342 with value: 2.4428822172672136.
[I 2026-05-03 11:47:07,584] Trial 364 finished with value: 2.7354165336999867 and parameters: {'f_n': 1.1918405065988117e-09, 'K_d': 104896.42920718197, 'rho_d': 28628525377102.03, 'fission_rate': 7.830018918186654e+19, 'Dg_D1_scale': 1.3348675492396929, 'Dg_D3_scale': 2.8050004366208587, 'Dv_D1_scale': 0.824692519651999, 'Dv_D2_scale': 3.75052530520083, 'b_bulk_scale': 0.052555012683743824, 'b_dislocation_scale': 0.3370256633542188, 'gb_scale': 5.564544543672481, 'gd_bubble_scale': 9.886548036397677, 'gd_line_scale': 0.4267690258183003, 'gd_line_alpha': 0.9786239992068596, 'coalescence_d_scale': 0.9580506160590263, 'capture_scale': 0.021474936630044385}. Best is trial 342 with value: 2.4428822172672136.
[I 2026-05-03 11:47:13,137] Trial 365 finished with value: 2.6471856467452257 and parameters: {'f_n': 2.324291191777729e-09, 'K_d': 110106.0090109044, 'rho_d': 29996589535938.35, 'fission_rate': 7.943712052439838e+19, 'Dg_D1_scale': 1.4382663798033963, 'Dg_D3_scale': 3.1843005976492718, 'Dv_D1_scale': 0.8912179480547264, 'Dv_D2_scale': 3.9992980507072895, 'b_bulk_scale': 0.0629997404404754, 'b_dislocation_scale': 0.37126643880473864, 'gb_scale': 5.619029061800705, 'gd_bubble_scale': 9.002010782551556, 'gd_line_scale': 0.5277792512410158, 'gd_line_alpha': 0.9767965889774175, 'coalescence_d_scale': 0.8176434227527872, 'capture_scale': 0.022970305370398514}. Best is trial 342 with value: 2.4428822172672136.
[I 2026-05-03 11:47:18,837] Trial 366 finished with value: 2.468883268753722 and parameters: {'f_n': 1.6896411869858447e-09, 'K_d': 110379.15300452521, 'rho_d': 28803792265529.977, 'fission_rate': 7.874586549475582e+19, 'Dg_D1_scale': 1.4057637963519072, 'Dg_D3_scale': 2.9653451451470496, 'Dv_D1_scale': 0.7641368651999063, 'Dv_D2_scale': 3.770004920783938, 'b_bulk_scale': 0.04499662514240688, 'b_dislocation_scale': 0.31027156769543107, 'gb_scale': 6.2738084742895905, 'gd_bubble_scale': 9.770918799287317, 'gd_line_scale': 0.3760383165524638, 'gd_line_alpha': 0.9674024679863327, 'coalescence_d_scale': 0.5352552689134167, 'capture_scale': 0.01710098277044418}. Best is trial 342 with value: 2.4428822172672136.
[I 2026-05-03 11:47:24,562] Trial 367 finished with value: 2.5861839191080227 and parameters: {'f_n': 1.8701787163851214e-09, 'K_d': 105480.43036583308, 'rho_d': 26158920175503.367, 'fission_rate': 7.841325446600475e+19, 'Dg_D1_scale': 1.26245980708702, 'Dg_D3_scale': 2.998662822661589, 'Dv_D1_scale': 0.7692489508972499, 'Dv_D2_scale': 3.9274765485109153, 'b_bulk_scale': 0.04521199660320269, 'b_dislocation_scale': 0.31915471956320424, 'gb_scale': 6.044200413251826, 'gd_bubble_scale': 9.894973763189395, 'gd_line_scale': 0.39630053555688183, 'gd_line_alpha': 0.9985039107476616, 'coalescence_d_scale': 0.6874831740730463, 'capture_scale': 0.017608235331468453}. Best is trial 342 with value: 2.4428822172672136.
[I 2026-05-03 11:47:30,023] Trial 368 finished with value: 2.6844734521816322 and parameters: {'f_n': 1.773208609939925e-09, 'K_d': 104516.81520418504, 'rho_d': 25212523290386.12, 'fission_rate': 7.82990593076861e+19, 'Dg_D1_scale': 1.2455032709993767, 'Dg_D3_scale': 2.982688977520696, 'Dv_D1_scale': 0.8914915553278011, 'Dv_D2_scale': 3.983335958230807, 'b_bulk_scale': 0.04707986646781149, 'b_dislocation_scale': 0.331955713624882, 'gb_scale': 6.182170852407617, 'gd_bubble_scale': 9.696275070397322, 'gd_line_scale': 0.37776611995814646, 'gd_line_alpha': 0.9986717241909472, 'coalescence_d_scale': 0.7123500291906535, 'capture_scale': 0.01897168873007398}. Best is trial 342 with value: 2.4428822172672136.
[I 2026-05-03 11:47:35,725] Trial 369 finished with value: 2.5524283362459537 and parameters: {'f_n': 1.4076507873160454e-09, 'K_d': 109378.0527600045, 'rho_d': 28399180886177.418, 'fission_rate': 7.922544726805789e+19, 'Dg_D1_scale': 1.393864535597368, 'Dg_D3_scale': 3.4232222482832184, 'Dv_D1_scale': 0.7782251229980751, 'Dv_D2_scale': 3.7106668690363125, 'b_bulk_scale': 0.044874309369192095, 'b_dislocation_scale': 0.30287673086355943, 'gb_scale': 6.435856614018424, 'gd_bubble_scale': 8.556758378359532, 'gd_line_scale': 0.422886160176327, 'gd_line_alpha': 0.9685167761515514, 'coalescence_d_scale': 0.6477898755764625, 'capture_scale': 0.016497160338827456}. Best is trial 342 with value: 2.4428822172672136.
[I 2026-05-03 11:47:39,531] Trial 370 finished with value: 2.594765218501855 and parameters: {'f_n': 1.2238146920467874e-09, 'K_d': 109562.3558872334, 'rho_d': 27360158145818.652, 'fission_rate': 7.902822801001767e+19, 'Dg_D1_scale': 1.3815237778259621, 'Dg_D3_scale': 3.4660257948883837, 'Dv_D1_scale': 0.7771935717131553, 'Dv_D2_scale': 3.683496670990542, 'b_bulk_scale': 0.04556537602382299, 'b_dislocation_scale': 0.3065646962981749, 'gb_scale': 7.938406897771997, 'gd_bubble_scale': 8.84461159037654, 'gd_line_scale': 0.41373584942744235, 'gd_line_alpha': 0.9994778005763698, 'coalescence_d_scale': 0.6994653421084386, 'capture_scale': 0.013788227536061818}. Best is trial 342 with value: 2.4428822172672136.
[I 2026-05-03 11:47:45,067] Trial 371 finished with value: 2.5962078143713265 and parameters: {'f_n': 1.2628054329931535e-09, 'K_d': 104195.73676797452, 'rho_d': 28127392374677.16, 'fission_rate': 7.91996421105525e+19, 'Dg_D1_scale': 1.3832018412007598, 'Dg_D3_scale': 3.4685087356097193, 'Dv_D1_scale': 0.7488721210633165, 'Dv_D2_scale': 3.6840711393064103, 'b_bulk_scale': 0.040625853125133074, 'b_dislocation_scale': 0.3071711744011373, 'gb_scale': 7.777876514470049, 'gd_bubble_scale': 8.4967402210122, 'gd_line_scale': 0.4132773378962041, 'gd_line_alpha': 0.9781691881460365, 'coalescence_d_scale': 0.6687674088752269, 'capture_scale': 0.012794009862926474}. Best is trial 342 with value: 2.4428822172672136.
[I 2026-05-03 11:47:50,682] Trial 372 finished with value: 2.606778479321066 and parameters: {'f_n': 1.3179677871392823e-09, 'K_d': 100883.52592957161, 'rho_d': 27407193893285.81, 'fission_rate': 7.914578132160448e+19, 'Dg_D1_scale': 1.3861780257677352, 'Dg_D3_scale': 3.546738338670323, 'Dv_D1_scale': 0.7544792608065474, 'Dv_D2_scale': 3.7218061114047183, 'b_bulk_scale': 0.04520529877777159, 'b_dislocation_scale': 0.3040289211763867, 'gb_scale': 7.969874860555674, 'gd_bubble_scale': 8.626870168264722, 'gd_line_scale': 0.43335332782164554, 'gd_line_alpha': 0.9996621602361815, 'coalescence_d_scale': 0.6540985988930286, 'capture_scale': 0.01337483033203123}. Best is trial 342 with value: 2.4428822172672136.Best trial: 342. Best value: 2.44288:  93%|█████████▎| 372/400 [38:56<02:25,  5.18s/it]Best trial: 342. Best value: 2.44288:  93%|█████████▎| 372/400 [38:56<02:25,  5.18s/it]Best trial: 342. Best value: 2.44288:  93%|█████████▎| 373/400 [38:56<02:23,  5.31s/it]                                                                                       Best trial: 342. Best value: 2.44288:  93%|█████████▎| 373/400 [39:01<02:23,  5.31s/it]Best trial: 342. Best value: 2.44288:  93%|█████████▎| 373/400 [39:01<02:23,  5.31s/it]Best trial: 342. Best value: 2.44288:  94%|█████████▎| 374/400 [39:01<02:19,  5.36s/it]                                                                                       Best trial: 342. Best value: 2.44288:  94%|█████████▎| 374/400 [39:07<02:19,  5.36s/it]Best trial: 342. Best value: 2.44288:  94%|█████████▎| 374/400 [39:07<02:19,  5.36s/it]Best trial: 342. Best value: 2.44288:  94%|█████████▍| 375/400 [39:07<02:15,  5.42s/it]                                                                                       Best trial: 342. Best value: 2.44288:  94%|█████████▍| 375/400 [39:12<02:15,  5.42s/it]Best trial: 342. Best value: 2.44288:  94%|█████████▍| 375/400 [39:12<02:15,  5.42s/it]Best trial: 342. Best value: 2.44288:  94%|█████████▍| 376/400 [39:12<02:08,  5.34s/it]                                                                                       Best trial: 342. Best value: 2.44288:  94%|█████████▍| 376/400 [39:16<02:08,  5.34s/it]Best trial: 342. Best value: 2.44288:  94%|█████████▍| 376/400 [39:16<02:08,  5.34s/it]Best trial: 342. Best value: 2.44288:  94%|█████████▍| 377/400 [39:16<01:51,  4.87s/it]                                                                                       Best trial: 342. Best value: 2.44288:  94%|█████████▍| 377/400 [39:22<01:51,  4.87s/it]Best trial: 342. Best value: 2.44288:  94%|█████████▍| 377/400 [39:22<01:51,  4.87s/it]Best trial: 342. Best value: 2.44288:  94%|█████████▍| 378/400 [39:22<01:53,  5.17s/it]                                                                                       Best trial: 342. Best value: 2.44288:  94%|█████████▍| 378/400 [39:28<01:53,  5.17s/it]Best trial: 342. Best value: 2.44288:  94%|█████████▍| 378/400 [39:28<01:53,  5.17s/it]Best trial: 342. Best value: 2.44288:  95%|█████████▍| 379/400 [39:28<01:52,  5.37s/it]                                                                                       Best trial: 342. Best value: 2.44288:  95%|█████████▍| 379/400 [39:32<01:52,  5.37s/it]Best trial: 342. Best value: 2.44288:  95%|█████████▍| 379/400 [39:32<01:52,  5.37s/it]Best trial: 342. Best value: 2.44288:  95%|█████████▌| 380/400 [39:32<01:43,  5.19s/it]                                                                                       Best trial: 342. Best value: 2.44288:  95%|█████████▌| 380/400 [39:38<01:43,  5.19s/it]Best trial: 342. Best value: 2.44288:  95%|█████████▌| 380/400 [39:38<01:43,  5.19s/it]Best trial: 342. Best value: 2.44288:  95%|█████████▌| 381/400 [39:38<01:41,  5.33s/it]                                                                                       Best trial: 342. Best value: 2.44288:  95%|█████████▌| 381/400 [39:42<01:41,  5.33s/it]Best trial: 342. Best value: 2.44288:  95%|█████████▌| 381/400 [39:42<01:41,  5.33s/it]Best trial: 342. Best value: 2.44288:  96%|█████████▌| 382/400 [39:42<01:28,  4.90s/it]                                                                                       Best trial: 342. Best value: 2.44288:  96%|█████████▌| 382/400 [39:47<01:28,  4.90s/it]Best trial: 342. Best value: 2.44288:  96%|█████████▌| 382/400 [39:47<01:28,  4.90s/it]Best trial: 342. Best value: 2.44288:  96%|█████████▌| 383/400 [39:47<01:24,  5.00s/it]                                                                                       Best trial: 342. Best value: 2.44288:  96%|█████████▌| 383/400 [39:52<01:24,  5.00s/it]Best trial: 342. Best value: 2.44288:  96%|█████████▌| 383/400 [39:52<01:24,  5.00s/it]Best trial: 342. Best value: 2.44288:  96%|█████████▌| 384/400 [39:52<01:20,  5.02s/it]                                                                                       
[I 2026-05-03 11:47:56,167] Trial 373 finished with value: 2.6552018078767174 and parameters: {'f_n': 1.3089599114262864e-09, 'K_d': 100154.82295120523, 'rho_d': 26617865836620.688, 'fission_rate': 7.915997712035217e+19, 'Dg_D1_scale': 1.382200022009612, 'Dg_D3_scale': 3.478923427923496, 'Dv_D1_scale': 0.759844246045073, 'Dv_D2_scale': 3.698715119375603, 'b_bulk_scale': 0.03994739821912751, 'b_dislocation_scale': 0.3032609498167306, 'gb_scale': 7.932707281722296, 'gd_bubble_scale': 8.361975538346837, 'gd_line_scale': 0.4197482242379186, 'gd_line_alpha': 0.997540245969167, 'coalescence_d_scale': 0.6607809870536941, 'capture_scale': 0.013320971817309407}. Best is trial 342 with value: 2.4428822172672136.
[I 2026-05-03 11:48:01,731] Trial 374 finished with value: 2.6615191133587848 and parameters: {'f_n': 1.0215346173573436e-09, 'K_d': 104512.45626590394, 'rho_d': 27886149863062.926, 'fission_rate': 7.85258584120878e+19, 'Dg_D1_scale': 1.1560552522266745, 'Dg_D3_scale': 3.7138524178545014, 'Dv_D1_scale': 0.7433768654903937, 'Dv_D2_scale': 3.9765997106603197, 'b_bulk_scale': 0.0456902043595558, 'b_dislocation_scale': 0.35789343075688296, 'gb_scale': 7.992106280493192, 'gd_bubble_scale': 9.082737648705034, 'gd_line_scale': 0.4551395175471029, 'gd_line_alpha': 0.9990351155094546, 'coalescence_d_scale': 0.7947861693673541, 'capture_scale': 0.015037847208706736}. Best is trial 342 with value: 2.4428822172672136.
[I 2026-05-03 11:48:06,864] Trial 375 finished with value: 2.7251882581066083 and parameters: {'f_n': 1.5761403174268114e-09, 'K_d': 100240.92420258927, 'rho_d': 29413245566355.723, 'fission_rate': 7.99640077708932e+19, 'Dg_D1_scale': 1.474316565968632, 'Dg_D3_scale': 3.171242146715697, 'Dv_D1_scale': 0.8231187409644599, 'Dv_D2_scale': 3.674275406419063, 'b_bulk_scale': 0.03362944974438528, 'b_dislocation_scale': 0.3132717647672409, 'gb_scale': 7.387169281434387, 'gd_bubble_scale': 7.587917784058699, 'gd_line_scale': 0.3650484157392473, 'gd_line_alpha': 0.9761806295964139, 'coalescence_d_scale': 0.6520898319398135, 'capture_scale': 0.012281151224483054}. Best is trial 342 with value: 2.4428822172672136.
[I 2026-05-03 11:48:10,625] Trial 376 finished with value: 2.707185259061715 and parameters: {'f_n': 7.283193589457191e-10, 'K_d': 108103.89436575663, 'rho_d': 27926324241394.832, 'fission_rate': 7.896075915594986e+19, 'Dg_D1_scale': 1.3346584671092836, 'Dg_D3_scale': 2.9044702213287197, 'Dv_D1_scale': 0.7499323943169293, 'Dv_D2_scale': 3.699594205408717, 'b_bulk_scale': 0.05349587381638177, 'b_dislocation_scale': 0.3777703939193368, 'gb_scale': 7.194885862397068, 'gd_bubble_scale': 6.221718059232441, 'gd_line_scale': 0.5077251680770449, 'gd_line_alpha': 0.9665346450637204, 'coalescence_d_scale': 0.7564738506901275, 'capture_scale': 0.017654850375279824}. Best is trial 342 with value: 2.4428822172672136.
[I 2026-05-03 11:48:16,502] Trial 377 finished with value: 2.6015882394027336 and parameters: {'f_n': 2.2254339559046645e-09, 'K_d': 109843.4612311597, 'rho_d': 25545766922492.414, 'fission_rate': 7.828624755993752e+19, 'Dg_D1_scale': 1.5169402318767717, 'Dg_D3_scale': 3.5187256084479235, 'Dv_D1_scale': 1.0616398456953138, 'Dv_D2_scale': 3.7957576738561727, 'b_bulk_scale': 0.07202163908543782, 'b_dislocation_scale': 0.2904003736779753, 'gb_scale': 6.67162284891674, 'gd_bubble_scale': 9.89059592016253, 'gd_line_scale': 0.4044234850220254, 'gd_line_alpha': 0.9818552382601853, 'coalescence_d_scale': 0.5842050444037139, 'capture_scale': 0.03163410555983487}. Best is trial 342 with value: 2.4428822172672136.
