[I 2026-05-03 11:17:13,246] Trial 74 finished with value: 2.8276380181296696 and parameters: {'f_n': 2.082824419207177e-06, 'K_d': 304798.8338587767, 'rho_d': 39733080614046.96, 'fission_rate': 6.485581875997756e+19, 'Dg_D1_scale': 2.8628064174504813, 'Dg_D3_scale': 0.5621458711518073, 'Dv_D1_scale': 0.23496934338128017, 'Dv_D2_scale': 0.6414679360145172, 'b_bulk_scale': 0.3786765155712845, 'b_dislocation_scale': 0.12792255176228123, 'gb_scale': 0.2646927780306683, 'gd_bubble_scale': 1.3226715000364258, 'gd_line_scale': 0.142935267350677, 'gd_line_alpha': 0.10177707790929064, 'coalescence_d_scale': 0.12946940758809253, 'capture_scale': 0.9818750749797998}. Best is trial 74 with value: 2.8276380181296696.
[I 2026-05-03 11:17:20,254] Trial 75 finished with value: 2.8129096022813282 and parameters: {'f_n': 2.896211346852953e-06, 'K_d': 294898.71290933155, 'rho_d': 39053389311366.04, 'fission_rate': 6.665788677646128e+19, 'Dg_D1_scale': 3.3257153649030937, 'Dg_D3_scale': 0.5713370437006289, 'Dv_D1_scale': 0.234646768301472, 'Dv_D2_scale': 0.6496289890040362, 'b_bulk_scale': 0.39769003238151474, 'b_dislocation_scale': 0.13697551541966524, 'gb_scale': 0.2719981736181924, 'gd_bubble_scale': 1.4156547109922566, 'gd_line_scale': 0.14543146326566161, 'gd_line_alpha': 0.11834750695164545, 'coalescence_d_scale': 0.12106917151677161, 'capture_scale': 1.045814552155809}. Best is trial 75 with value: 2.8129096022813282.
[I 2026-05-03 11:17:27,232] Trial 76 finished with value: 2.8868819279228695 and parameters: {'f_n': 2.469382811138611e-06, 'K_d': 292879.68000762246, 'rho_d': 41156040540289.305, 'fission_rate': 6.665176042664571e+19, 'Dg_D1_scale': 3.417456215594041, 'Dg_D3_scale': 0.5808761839087143, 'Dv_D1_scale': 0.22660878387028421, 'Dv_D2_scale': 0.7773101570943688, 'b_bulk_scale': 0.49360984979279343, 'b_dislocation_scale': 0.1417080622139322, 'gb_scale': 0.2617900248842196, 'gd_bubble_scale': 0.689458995828309, 'gd_line_scale': 0.15487842235798616, 'gd_line_alpha': 0.17466909365857977, 'coalescence_d_scale': 0.12708082866721576, 'capture_scale': 1.716999669193339}. Best is trial 75 with value: 2.8129096022813282.
[I 2026-05-03 11:17:34,346] Trial 77 finished with value: 3.0492204202041737 and parameters: {'f_n': 2.874460029473153e-06, 'K_d': 302150.26333138614, 'rho_d': 35621676694531.93, 'fission_rate': 6.498923895717328e+19, 'Dg_D1_scale': 3.6805373248621485, 'Dg_D3_scale': 0.5651790747168964, 'Dv_D1_scale': 0.23034846282277913, 'Dv_D2_scale': 1.0600949031960896, 'b_bulk_scale': 0.480761631750807, 'b_dislocation_scale': 0.12754641740514458, 'gb_scale': 0.344335459106016, 'gd_bubble_scale': 0.5398505121983646, 'gd_line_scale': 0.1452011681850168, 'gd_line_alpha': 0.10380399035516455, 'coalescence_d_scale': 0.12534722998150957, 'capture_scale': 0.9823374680605099}. Best is trial 75 with value: 2.8129096022813282.
[I 2026-05-03 11:17:40,885] Trial 78 finished with value: 3.0220405867796822 and parameters: {'f_n': 2.057891236380809e-06, 'K_d': 259618.54851013035, 'rho_d': 39084712376550.15, 'fission_rate': 7.0366467836367946e+19, 'Dg_D1_scale': 3.1857507350620153, 'Dg_D3_scale': 0.5469648517814528, 'Dv_D1_scale': 0.24419715119519414, 'Dv_D2_scale': 0.7193256247628197, 'b_bulk_scale': 0.4198901651960278, 'b_dislocation_scale': 0.2667044905139694, 'gb_scale': 0.2600405425304137, 'gd_bubble_scale': 1.3728369809436476, 'gd_line_scale': 0.19505324215369957, 'gd_line_alpha': 0.17397959975703015, 'coalescence_d_scale': 0.11579305306834253, 'capture_scale': 1.7999472538859207}. Best is trial 75 with value: 2.8129096022813282.
[I 2026-05-03 11:17:45,916] Trial 79 finished with value: 2.997913949269579 and parameters: {'f_n': 1.0258898858848316e-06, 'K_d': 298389.81833082647, 'rho_d': 46915733261218.07, 'fission_rate': 6.641041696811109e+19, 'Dg_D1_scale': 3.378152540663921, 'Dg_D3_scale': 1.0009693167513372, 'Dv_D1_scale': 0.27105242335809715, 'Dv_D2_scale': 0.8414589220818478, 'b_bulk_scale': 0.5279076049880693, 'b_dislocation_scale': 0.10080944786171357, 'gb_scale': 0.4277592404665536, 'gd_bubble_scale': 0.9609084224792389, 'gd_line_scale': 0.10397383587391501, 'gd_line_alpha': 0.13189952588555567, 'coalescence_d_scale': 0.1255824978093408, 'capture_scale': 0.6101553745076881}. Best is trial 75 with value: 2.8129096022813282.
[I 2026-05-03 11:17:53,147] Trial 80 finished with value: 3.5722975654595297 and parameters: {'f_n': 1.9944692588917828e-06, 'K_d': 218484.37940379948, 'rho_d': 52005051158825.625, 'fission_rate': 6.425100351344157e+19, 'Dg_D1_scale': 3.8375958013764646, 'Dg_D3_scale': 0.9702212261191432, 'Dv_D1_scale': 0.2751929865830813, 'Dv_D2_scale': 0.950325251616289, 'b_bulk_scale': 0.622168301997687, 'b_dislocation_scale': 0.09401481592887656, 'gb_scale': 0.44517055933889604, 'gd_bubble_scale': 0.6730479598218057, 'gd_line_scale': 0.24325116814800565, 'gd_line_alpha': 0.113154360140144, 'coalescence_d_scale': 0.12423465666174975, 'capture_scale': 0.6077859809432277}. Best is trial 75 with value: 2.8129096022813282.
[I 2026-05-03 11:18:00,346] Trial 81 finished with value: 2.9428039231743166 and parameters: {'f_n': 1.0768600503991708e-06, 'K_d': 307788.5243376671, 'rho_d': 42336211663560.72, 'fission_rate': 6.617151047939302e+19, 'Dg_D1_scale': 3.455504590206591, 'Dg_D3_scale': 0.7220836871403669, 'Dv_D1_scale': 0.20003595222746162, 'Dv_D2_scale': 0.8548596536850845, 'b_bulk_scale': 0.5313558801383856, 'b_dislocation_scale': 0.10700952118829826, 'gb_scale': 0.3151089370419143, 'gd_bubble_scale': 0.9424295174542756, 'gd_line_scale': 0.11236578236974164, 'gd_line_alpha': 0.13800898771036674, 'coalescence_d_scale': 0.1786801598195858, 'capture_scale': 1.1311772123013113}. Best is trial 75 with value: 2.8129096022813282.
[I 2026-05-03 11:18:07,275] Trial 82 finished with value: 2.871214003591002 and parameters: {'f_n': 9.99259813960052e-07, 'K_d': 299135.82179198484, 'rho_d': 44491401935142.17, 'fission_rate': 6.638728569969174e+19, 'Dg_D1_scale': 3.3513234123658253, 'Dg_D3_scale': 1.1782960754994132, 'Dv_D1_scale': 0.2156456671090483, 'Dv_D2_scale': 0.8083925917366226, 'b_bulk_scale': 0.514860104470927, 'b_dislocation_scale': 0.1469319079879643, 'gb_scale': 0.30106385695662014, 'gd_bubble_scale': 1.0193012208183374, 'gd_line_scale': 0.10330115967082523, 'gd_line_alpha': 0.17072241732401525, 'coalescence_d_scale': 0.19096497358099782, 'capture_scale': 0.8510578416544555}. Best is trial 75 with value: 2.8129096022813282.
[I 2026-05-03 11:18:12,246] Trial 83 finished with value: 3.1396921499691053 and parameters: {'f_n': 2.5988851220237536e-06, 'K_d': 369733.9559741022, 'rho_d': 41384794416034.03, 'fission_rate': 6.815907896344579e+19, 'Dg_D1_scale': 2.8752028244490284, 'Dg_D3_scale': 1.9109633396187005, 'Dv_D1_scale': 0.20003776277099342, 'Dv_D2_scale': 0.7835620698914075, 'b_bulk_scale': 0.8854491571260048, 'b_dislocation_scale': 0.14619411135048574, 'gb_scale': 0.32754964781481744, 'gd_bubble_scale': 1.5998438409404583, 'gd_line_scale': 0.14435298349657605, 'gd_line_alpha': 0.21402329616916368, 'coalescence_d_scale': 0.10085021476421469, 'capture_scale': 1.1575200221215132}. Best is trial 75 with value: 2.8129096022813282.
[I 2026-05-03 11:18:19,400] Trial 84 finished with value: 3.091443984995184 and parameters: {'f_n': 8.829455083592133e-07, 'K_d': 408855.01734611625, 'rho_d': 59652334699778.734, 'fission_rate': 6.570329644312459e+19, 'Dg_D1_scale': 3.424382185587, 'Dg_D3_scale': 1.263991805855106, 'Dv_D1_scale': 0.22080711185748852, 'Dv_D2_scale': 0.6543189706596769, 'b_bulk_scale': 0.3920015974170419, 'b_dislocation_scale': 0.17202796682740962, 'gb_scale': 0.2567974617446385, 'gd_bubble_scale': 1.0482916294757083, 'gd_line_scale': 0.1129233169981976, 'gd_line_alpha': 0.819854687122312, 'coalescence_d_scale': 0.185909625608733, 'capture_scale': 0.8237143010224889}. Best is trial 75 with value: 2.8129096022813282.Best trial: 75. Best value: 2.81291:  21%|██        | 84/400 [09:25<32:58,  6.26s/it]Best trial: 75. Best value: 2.81291:  21%|██        | 84/400 [09:25<32:58,  6.26s/it]Best trial: 75. Best value: 2.81291:  21%|██▏       | 85/400 [09:25<34:17,  6.53s/it]                                                                                     Best trial: 75. Best value: 2.81291:  21%|██▏       | 85/400 [09:32<34:17,  6.53s/it]Best trial: 75. Best value: 2.81291:  21%|██▏       | 85/400 [09:32<34:17,  6.53s/it]Best trial: 75. Best value: 2.81291:  22%|██▏       | 86/400 [09:32<34:48,  6.65s/it]                                                                                     Best trial: 75. Best value: 2.81291:  22%|██▏       | 86/400 [09:38<34:48,  6.65s/it]Best trial: 75. Best value: 2.81291:  22%|██▏       | 86/400 [09:38<34:48,  6.65s/it]Best trial: 75. Best value: 2.81291:  22%|██▏       | 87/400 [09:38<34:42,  6.65s/it]                                                                                     Best trial: 75. Best value: 2.81291:  22%|██▏       | 87/400 [09:45<34:42,  6.65s/it]Best trial: 75. Best value: 2.81291:  22%|██▏       | 87/400 [09:45<34:42,  6.65s/it]Best trial: 75. Best value: 2.81291:  22%|██▏       | 88/400 [09:45<34:27,  6.63s/it]                                                                                     Best trial: 75. Best value: 2.81291:  22%|██▏       | 88/400 [09:49<34:27,  6.63s/it]Best trial: 75. Best value: 2.81291:  22%|██▏       | 88/400 [09:50<34:27,  6.63s/it]Best trial: 75. Best value: 2.81291:  22%|██▏       | 89/400 [09:50<31:19,  6.04s/it]                                                                                     Best trial: 75. Best value: 2.81291:  22%|██▏       | 89/400 [09:56<31:19,  6.04s/it]Best trial: 89. Best value: 2.80745:  22%|██▏       | 89/400 [09:56<31:19,  6.04s/it]Best trial: 89. Best value: 2.80745:  22%|██▎       | 90/400 [09:56<32:00,  6.19s/it]                                                                                     Best trial: 89. Best value: 2.80745:  22%|██▎       | 90/400 [10:02<32:00,  6.19s/it]Best trial: 90. Best value: 2.72896:  22%|██▎       | 90/400 [10:03<32:00,  6.19s/it]Best trial: 90. Best value: 2.72896:  23%|██▎       | 91/400 [10:03<32:20,  6.28s/it]                                                                                     Best trial: 90. Best value: 2.72896:  23%|██▎       | 91/400 [10:09<32:20,  6.28s/it]Best trial: 90. Best value: 2.72896:  23%|██▎       | 91/400 [10:09<32:20,  6.28s/it]Best trial: 90. Best value: 2.72896:  23%|██▎       | 92/400 [10:09<32:30,  6.33s/it]                                                                                     Best trial: 90. Best value: 2.72896:  23%|██▎       | 92/400 [10:15<32:30,  6.33s/it]Best trial: 92. Best value: 2.70583:  23%|██▎       | 92/400 [10:15<32:30,  6.33s/it]Best trial: 92. Best value: 2.70583:  23%|██▎       | 93/400 [10:15<32:10,  6.29s/it]                                                                                     Best trial: 92. Best value: 2.70583:  23%|██▎       | 93/400 [10:19<32:10,  6.29s/it]Best trial: 92. Best value: 2.70583:  23%|██▎       | 93/400 [10:19<32:10,  6.29s/it]Best trial: 92. Best value: 2.70583:  24%|██▎       | 94/400 [10:19<28:55,  5.67s/it]                                                                                     Best trial: 92. Best value: 2.70583:  24%|██▎       | 94/400 [10:25<28:55,  5.67s/it]Best trial: 92. Best value: 2.70583:  24%|██▎       | 94/400 [10:26<28:55,  5.67s/it]Best trial: 92. Best value: 2.70583:  24%|██▍       | 95/400 [10:26<29:30,  5.80s/it]                                                                                     Best trial: 92. Best value: 2.70583:  24%|██▍       | 95/400 [10:32<29:30,  5.80s/it]Best trial: 92. Best value: 2.70583:  24%|██▍       | 95/400 [10:32<29:30,  5.80s/it]Best trial: 92. Best value: 2.70583:  24%|██▍       | 96/400 [10:32<30:06,  5.94s/it]                                                                                     
[I 2026-05-03 11:18:26,334] Trial 85 finished with value: 3.2666309534341447 and parameters: {'f_n': 5.40880637881259e-07, 'K_d': 295783.0829516303, 'rho_d': 39674426021541.805, 'fission_rate': 6.6698480329013035e+19, 'Dg_D1_scale': 2.7045262588983556, 'Dg_D3_scale': 0.7560144650835396, 'Dv_D1_scale': 0.23982586451734092, 'Dv_D2_scale': 0.9221645654120142, 'b_bulk_scale': 0.5216810238978943, 'b_dislocation_scale': 0.1149288526263702, 'gb_scale': 0.18166577352882696, 'gd_bubble_scale': 0.822120511839046, 'gd_line_scale': 0.13017488413079714, 'gd_line_alpha': 0.2359799348760688, 'coalescence_d_scale': 0.20278291938875675, 'capture_scale': 3.194146563694201}. Best is trial 75 with value: 2.8129096022813282.
[I 2026-05-03 11:18:32,998] Trial 86 finished with value: 3.4964833567022624 and parameters: {'f_n': 2.8601482551160598e-06, 'K_d': 357206.7792719724, 'rho_d': 32324210336887.484, 'fission_rate': 7.009126001691929e+19, 'Dg_D1_scale': 3.7001356454514966, 'Dg_D3_scale': 0.8544684645062766, 'Dv_D1_scale': 0.22139187118046177, 'Dv_D2_scale': 1.0104982588030864, 'b_bulk_scale': 0.6184717374059646, 'b_dislocation_scale': 0.23472001373263982, 'gb_scale': 0.3037030847214693, 'gd_bubble_scale': 8.24607549360359, 'gd_line_scale': 0.2032839289493507, 'gd_line_alpha': 0.1669590545987817, 'coalescence_d_scale': 0.16596654951309214, 'capture_scale': 1.0959822430761912}. Best is trial 75 with value: 2.8129096022813282.
[I 2026-05-03 11:18:39,558] Trial 87 finished with value: 2.9178051683799535 and parameters: {'f_n': 1.993447803493082e-06, 'K_d': 232564.9706603073, 'rho_d': 43279067270552.28, 'fission_rate': 7.175137161466976e+19, 'Dg_D1_scale': 3.182707734918679, 'Dg_D3_scale': 0.44221797325457274, 'Dv_D1_scale': 0.26095319437782866, 'Dv_D2_scale': 1.1823729125120066, 'b_bulk_scale': 0.4438386890406002, 'b_dislocation_scale': 0.13057207720355127, 'gb_scale': 0.19663901130480502, 'gd_bubble_scale': 1.2191270060706008, 'gd_line_scale': 0.15088882070007614, 'gd_line_alpha': 0.1855826103774601, 'coalescence_d_scale': 0.14035880806027842, 'capture_scale': 0.775633924745708}. Best is trial 75 with value: 2.8129096022813282.
[I 2026-05-03 11:18:44,238] Trial 88 finished with value: 2.843212792299015 and parameters: {'f_n': 1.8916625101401287e-06, 'K_d': 284242.58978629205, 'rho_d': 34904871772010.426, 'fission_rate': 7.17719739353018e+19, 'Dg_D1_scale': 3.214387359352997, 'Dg_D3_scale': 0.6015805881630094, 'Dv_D1_scale': 0.25450487001755007, 'Dv_D2_scale': 1.1945490690034393, 'b_bulk_scale': 0.4439370182356366, 'b_dislocation_scale': 0.1373861940018585, 'gb_scale': 0.19012823748511248, 'gd_bubble_scale': 1.3135915826575972, 'gd_line_scale': 0.08138858931518611, 'gd_line_alpha': 0.09382736322114239, 'coalescence_d_scale': 0.1405616455175099, 'capture_scale': 0.708734084167598}. Best is trial 75 with value: 2.8129096022813282.
[I 2026-05-03 11:18:50,776] Trial 89 finished with value: 2.80745152485621 and parameters: {'f_n': 1.971069904309079e-06, 'K_d': 221790.98066808798, 'rho_d': 35069050819699.363, 'fission_rate': 7.172498091798372e+19, 'Dg_D1_scale': 2.5284105000352097, 'Dg_D3_scale': 0.4535497127566798, 'Dv_D1_scale': 0.24868667050564236, 'Dv_D2_scale': 1.245430970899392, 'b_bulk_scale': 0.7103109778055255, 'b_dislocation_scale': 0.13054433625877604, 'gb_scale': 0.19713845869171562, 'gd_bubble_scale': 1.7417589327752914, 'gd_line_scale': 0.07838443589793863, 'gd_line_alpha': 0.02434621333947727, 'coalescence_d_scale': 0.14123652381039944, 'capture_scale': 0.7209755561041497}. Best is trial 89 with value: 2.80745152485621.
[I 2026-05-03 11:18:57,259] Trial 90 finished with value: 2.728964945022731 and parameters: {'f_n': 1.3925057682751004e-06, 'K_d': 187778.4357311527, 'rho_d': 34765505590240.215, 'fission_rate': 7.280876029462242e+19, 'Dg_D1_scale': 2.545221129931359, 'Dg_D3_scale': 0.5984310164141659, 'Dv_D1_scale': 0.2423206209726035, 'Dv_D2_scale': 1.375167094918952, 'b_bulk_scale': 0.7488704481968832, 'b_dislocation_scale': 0.17207246603591256, 'gb_scale': 0.6024643325167288, 'gd_bubble_scale': 3.0453405800716076, 'gd_line_scale': 0.07912293626824957, 'gd_line_alpha': 0.029486305678668254, 'coalescence_d_scale': 0.11392895278867128, 'capture_scale': 0.5090378445185576}. Best is trial 90 with value: 2.728964945022731.
[I 2026-05-03 11:19:03,730] Trial 91 finished with value: 3.143438156871708 and parameters: {'f_n': 1.4038999173909492e-06, 'K_d': 166796.437747981, 'rho_d': 33332514375446.91, 'fission_rate': 7.340463041442095e+19, 'Dg_D1_scale': 2.6597907121473567, 'Dg_D3_scale': 0.5859104189615651, 'Dv_D1_scale': 0.2855704713482852, 'Dv_D2_scale': 1.4646365491600701, 'b_bulk_scale': 0.7016101878429982, 'b_dislocation_scale': 0.17918887793021449, 'gb_scale': 0.5955913594172039, 'gd_bubble_scale': 1.8224560668209022, 'gd_line_scale': 0.08014654296744761, 'gd_line_alpha': 0.025980200359313893, 'coalescence_d_scale': 0.10999212518372169, 'capture_scale': 0.9215503296020987}. Best is trial 90 with value: 2.728964945022731.
[I 2026-05-03 11:19:09,897] Trial 92 finished with value: 2.7058288933810783 and parameters: {'f_n': 2.3066690857843295e-06, 'K_d': 182473.5794792943, 'rho_d': 35186592005485.27, 'fission_rate': 7.765103274454919e+19, 'Dg_D1_scale': 2.9221166160374445, 'Dg_D3_scale': 0.46257452377818614, 'Dv_D1_scale': 0.2425528837876915, 'Dv_D2_scale': 1.2824290272371373, 'b_bulk_scale': 0.5914721844076891, 'b_dislocation_scale': 0.1537591980864939, 'gb_scale': 0.27173034866757634, 'gd_bubble_scale': 3.891536579977967, 'gd_line_scale': 0.057573252944280055, 'gd_line_alpha': 0.0874685719916809, 'coalescence_d_scale': 0.15013537194460472, 'capture_scale': 0.516979310037462}. Best is trial 92 with value: 2.7058288933810783.
[I 2026-05-03 11:19:14,141] Trial 93 finished with value: 2.9157694151698106 and parameters: {'f_n': 2.101507950687136e-06, 'K_d': 211955.404820461, 'rho_d': 36577430784535.84, 'fission_rate': 7.892006324271854e+19, 'Dg_D1_scale': 2.9489651860222823, 'Dg_D3_scale': 0.4453182316801094, 'Dv_D1_scale': 0.21872874065925746, 'Dv_D2_scale': 1.244466271125687, 'b_bulk_scale': 0.9487044902102019, 'b_dislocation_scale': 0.14784289458147248, 'gb_scale': 0.28257999839736025, 'gd_bubble_scale': 2.841235523107595, 'gd_line_scale': 0.0989645325519469, 'gd_line_alpha': 0.08835051001015144, 'coalescence_d_scale': 0.13319474689912206, 'capture_scale': 0.5112419856562528}. Best is trial 92 with value: 2.7058288933810783.
[I 2026-05-03 11:19:20,253] Trial 94 finished with value: 2.8132755632094635 and parameters: {'f_n': 1.7278652099971125e-06, 'K_d': 188971.2436449794, 'rho_d': 50577664241392.26, 'fission_rate': 7.639072095330976e+19, 'Dg_D1_scale': 3.952705508955541, 'Dg_D3_scale': 0.5189420552666676, 'Dv_D1_scale': 0.24141129262723635, 'Dv_D2_scale': 1.2347016498841132, 'b_bulk_scale': 0.7684840732291809, 'b_dislocation_scale': 0.20947029744754925, 'gb_scale': 0.36552987130200565, 'gd_bubble_scale': 3.8430017071782956, 'gd_line_scale': 0.055640060519223676, 'gd_line_alpha': 0.04059557014036767, 'coalescence_d_scale': 0.15496837457793577, 'capture_scale': 0.6911122371786058}. Best is trial 92 with value: 2.7058288933810783.
[I 2026-05-03 11:19:26,513] Trial 95 finished with value: 2.9844783118773184 and parameters: {'f_n': 2.3382874359832413e-06, 'K_d': 181111.59420846036, 'rho_d': 66321585050115.52, 'fission_rate': 7.579305939640635e+19, 'Dg_D1_scale': 3.8602627206737643, 'Dg_D3_scale': 0.5254932744145788, 'Dv_D1_scale': 0.2326779670844677, 'Dv_D2_scale': 1.6800496414385573, 'b_bulk_scale': 0.7643868038463519, 'b_dislocation_scale': 0.27644001294945764, 'gb_scale': 0.37317820517205397, 'gd_bubble_scale': 2.342314380926237, 'gd_line_scale': 0.055089452330911566, 'gd_line_alpha': 0.04000501615338914, 'coalescence_d_scale': 0.15410507527435066, 'capture_scale': 0.724474584396135}. Best is trial 92 with value: 2.7058288933810783.
