[I 2026-05-03 11:39:08,074] Trial 283 finished with value: 2.6877228284687535 and parameters: {'f_n': 2.6705343832086606e-07, 'K_d': 121978.29775649699, 'rho_d': 44393298831717.49, 'fission_rate': 7.208517904232848e+19, 'Dg_D1_scale': 2.2124727074116817, 'Dg_D3_scale': 1.2604316555855621, 'Dv_D1_scale': 0.4531171497528334, 'Dv_D2_scale': 2.7412160449145797, 'b_bulk_scale': 2.241817694498533, 'b_dislocation_scale': 0.16932462701625367, 'gb_scale': 5.700920418247094, 'gd_bubble_scale': 1.4538710085255855, 'gd_line_scale': 0.22253875417689095, 'gd_line_alpha': 0.9283032420127463, 'coalescence_d_scale': 0.25974967388508713, 'capture_scale': 0.0592484052910104}. Best is trial 272 with value: 2.6222389481247.
[I 2026-05-03 11:39:14,610] Trial 284 finished with value: 2.6855179333902406 and parameters: {'f_n': 3.7628946471801856e-07, 'K_d': 118618.77922355411, 'rho_d': 38201144336307.766, 'fission_rate': 7.2991189620829225e+19, 'Dg_D1_scale': 2.3729083925398875, 'Dg_D3_scale': 1.1446408550377478, 'Dv_D1_scale': 0.49050589353549123, 'Dv_D2_scale': 3.009874077905355, 'b_bulk_scale': 2.5121115259191806, 'b_dislocation_scale': 0.1846267241973587, 'gb_scale': 7.566129321655679, 'gd_bubble_scale': 1.661208531944684, 'gd_line_scale': 0.25973656301493575, 'gd_line_alpha': 0.9647136753964136, 'coalescence_d_scale': 0.26925399583999327, 'capture_scale': 0.10046245925762691}. Best is trial 272 with value: 2.6222389481247.
[I 2026-05-03 11:39:21,079] Trial 285 finished with value: 2.918938278993545 and parameters: {'f_n': 4.0661591590284975e-07, 'K_d': 139301.66755331456, 'rho_d': 43476786425645.95, 'fission_rate': 7.453781812892826e+19, 'Dg_D1_scale': 2.0781925469068, 'Dg_D3_scale': 1.2721066316911216, 'Dv_D1_scale': 0.4400744531017742, 'Dv_D2_scale': 2.706594500257913, 'b_bulk_scale': 2.135542230350465, 'b_dislocation_scale': 0.22322720036063817, 'gb_scale': 7.48803416841148, 'gd_bubble_scale': 1.8253871820317522, 'gd_line_scale': 0.2328828692283825, 'gd_line_alpha': 0.9490988676877389, 'coalescence_d_scale': 0.3037751328423815, 'capture_scale': 0.08865709992786726}. Best is trial 272 with value: 2.6222389481247.
[I 2026-05-03 11:39:27,665] Trial 286 finished with value: 2.9524639850468555 and parameters: {'f_n': 5.45277932595024e-07, 'K_d': 124438.19748838077, 'rho_d': 33240255873178.848, 'fission_rate': 7.117291796169526e+19, 'Dg_D1_scale': 2.5264598107114358, 'Dg_D3_scale': 1.0916949629325943, 'Dv_D1_scale': 0.4042915092492341, 'Dv_D2_scale': 3.054948881556321, 'b_bulk_scale': 2.2007765222890465, 'b_dislocation_scale': 0.19299810296686598, 'gb_scale': 6.240833191879191, 'gd_bubble_scale': 2.195909331368038, 'gd_line_scale': 0.1934546589537044, 'gd_line_alpha': 0.9263443952934931, 'coalescence_d_scale': 0.30383144946873264, 'capture_scale': 0.10436147973637408}. Best is trial 272 with value: 2.6222389481247.
[I 2026-05-03 11:39:32,213] Trial 287 finished with value: 2.8551918362365454 and parameters: {'f_n': 5.078763514755457e-07, 'K_d': 148050.53977586882, 'rho_d': 38585326957746.13, 'fission_rate': 7.201976579338326e+19, 'Dg_D1_scale': 2.4447782738311465, 'Dg_D3_scale': 1.184871799233751, 'Dv_D1_scale': 0.4572270751994454, 'Dv_D2_scale': 2.9537118277992818, 'b_bulk_scale': 2.451428043852007, 'b_dislocation_scale': 0.14934286529738658, 'gb_scale': 4.328129197750275, 'gd_bubble_scale': 2.338641231411556, 'gd_line_scale': 0.26123873743816295, 'gd_line_alpha': 0.9623271071635712, 'coalescence_d_scale': 0.2375175653225585, 'capture_scale': 0.11303132952713445}. Best is trial 272 with value: 2.6222389481247.
[I 2026-05-03 11:39:38,728] Trial 288 finished with value: 3.2989682767034743 and parameters: {'f_n': 5.005973436583056e-07, 'K_d': 122139.45408855616, 'rho_d': 23912846743062.004, 'fission_rate': 7.1223471854872084e+19, 'Dg_D1_scale': 2.2831939074617558, 'Dg_D3_scale': 1.257414729847023, 'Dv_D1_scale': 0.4163554237121634, 'Dv_D2_scale': 2.5219029671318536, 'b_bulk_scale': 1.9909791723683912, 'b_dislocation_scale': 0.1788492568570266, 'gb_scale': 3.8976637652457904, 'gd_bubble_scale': 1.5328623720536991, 'gd_line_scale': 0.16949333757583404, 'gd_line_alpha': 0.9044986976066431, 'coalescence_d_scale': 0.367304785520838, 'capture_scale': 0.09525699942669984}. Best is trial 272 with value: 2.6222389481247.Best trial: 272. Best value: 2.62224:  72%|███████▏  | 288/400 [30:44<10:49,  5.80s/it]Best trial: 272. Best value: 2.62224:  72%|███████▏  | 288/400 [30:44<10:49,  5.80s/it]Best trial: 272. Best value: 2.62224:  72%|███████▏  | 289/400 [30:44<11:07,  6.02s/it]                                                                                       Best trial: 272. Best value: 2.62224:  72%|███████▏  | 289/400 [30:51<11:07,  6.02s/it]Best trial: 272. Best value: 2.62224:  72%|███████▏  | 289/400 [30:51<11:07,  6.02s/it]Best trial: 272. Best value: 2.62224:  72%|███████▎  | 290/400 [30:51<11:19,  6.18s/it]                                                                                       Best trial: 272. Best value: 2.62224:  72%|███████▎  | 290/400 [30:57<11:19,  6.18s/it]Best trial: 272. Best value: 2.62224:  72%|███████▎  | 290/400 [30:57<11:19,  6.18s/it]Best trial: 272. Best value: 2.62224:  73%|███████▎  | 291/400 [30:57<11:15,  6.20s/it]                                                                                       Best trial: 272. Best value: 2.62224:  73%|███████▎  | 291/400 [31:03<11:15,  6.20s/it]Best trial: 272. Best value: 2.62224:  73%|███████▎  | 291/400 [31:03<11:15,  6.20s/it]Best trial: 272. Best value: 2.62224:  73%|███████▎  | 292/400 [31:03<11:13,  6.24s/it]                                                                                       Best trial: 272. Best value: 2.62224:  73%|███████▎  | 292/400 [31:08<11:13,  6.24s/it]Best trial: 272. Best value: 2.62224:  73%|███████▎  | 292/400 [31:08<11:13,  6.24s/it]Best trial: 272. Best value: 2.62224:  73%|███████▎  | 293/400 [31:08<10:16,  5.76s/it]                                                                                       Best trial: 272. Best value: 2.62224:  73%|███████▎  | 293/400 [31:14<10:16,  5.76s/it]Best trial: 272. Best value: 2.62224:  73%|███████▎  | 293/400 [31:14<10:16,  5.76s/it]Best trial: 272. Best value: 2.62224:  74%|███████▎  | 294/400 [31:14<10:39,  6.04s/it]                                                                                       Best trial: 272. Best value: 2.62224:  74%|███████▎  | 294/400 [31:21<10:39,  6.04s/it]Best trial: 272. Best value: 2.62224:  74%|███████▎  | 294/400 [31:21<10:39,  6.04s/it]Best trial: 272. Best value: 2.62224:  74%|███████▍  | 295/400 [31:21<10:51,  6.21s/it]                                                                                       Best trial: 272. Best value: 2.62224:  74%|███████▍  | 295/400 [31:27<10:51,  6.21s/it]Best trial: 272. Best value: 2.62224:  74%|███████▍  | 295/400 [31:27<10:51,  6.21s/it]Best trial: 272. Best value: 2.62224:  74%|███████▍  | 296/400 [31:27<10:50,  6.25s/it]                                                                                       Best trial: 272. Best value: 2.62224:  74%|███████▍  | 296/400 [31:34<10:50,  6.25s/it]Best trial: 272. Best value: 2.62224:  74%|███████▍  | 296/400 [31:34<10:50,  6.25s/it]Best trial: 272. Best value: 2.62224:  74%|███████▍  | 297/400 [31:34<10:52,  6.33s/it]                                                                                       Best trial: 272. Best value: 2.62224:  74%|███████▍  | 297/400 [31:38<10:52,  6.33s/it]Best trial: 272. Best value: 2.62224:  74%|███████▍  | 297/400 [31:38<10:52,  6.33s/it]Best trial: 272. Best value: 2.62224:  74%|███████▍  | 298/400 [31:38<09:45,  5.74s/it]                                                                                       Best trial: 272. Best value: 2.62224:  74%|███████▍  | 298/400 [31:44<09:45,  5.74s/it]Best trial: 272. Best value: 2.62224:  74%|███████▍  | 298/400 [31:44<09:45,  5.74s/it]Best trial: 272. Best value: 2.62224:  75%|███████▍  | 299/400 [31:44<09:52,  5.87s/it]                                                                                       Best trial: 272. Best value: 2.62224:  75%|███████▍  | 299/400 [31:51<09:52,  5.87s/it]Best trial: 272. Best value: 2.62224:  75%|███████▍  | 299/400 [31:51<09:52,  5.87s/it]Best trial: 272. Best value: 2.62224:  75%|███████▌  | 300/400 [31:51<09:57,  5.97s/it]                                                                                       
[I 2026-05-03 11:39:45,295] Trial 289 finished with value: 2.8560077373105357 and parameters: {'f_n': 4.2458166598388537e-07, 'K_d': 139301.45365273216, 'rho_d': 44420693932275.305, 'fission_rate': 6.974060321371627e+19, 'Dg_D1_scale': 2.6150539768603727, 'Dg_D3_scale': 1.1471593816044565, 'Dv_D1_scale': 0.43818130926924087, 'Dv_D2_scale': 3.1937316366817985, 'b_bulk_scale': 3.1188183778687533, 'b_dislocation_scale': 0.14980673055971433, 'gb_scale': 4.730485818320213, 'gd_bubble_scale': 2.1059760164805033, 'gd_line_scale': 0.18249983876280473, 'gd_line_alpha': 0.9994173089450434, 'coalescence_d_scale': 0.2525998191248755, 'capture_scale': 0.10899518947951015}. Best is trial 272 with value: 2.6222389481247.
[I 2026-05-03 11:39:51,542] Trial 290 finished with value: 2.716445426802687 and parameters: {'f_n': 6.050982559598048e-07, 'K_d': 166087.55883308273, 'rho_d': 42347685286911.734, 'fission_rate': 7.3108813362517836e+19, 'Dg_D1_scale': 2.2478461809284966, 'Dg_D3_scale': 1.4001261846539756, 'Dv_D1_scale': 0.49707174832747664, 'Dv_D2_scale': 2.746761764190867, 'b_bulk_scale': 2.7056115888016357, 'b_dislocation_scale': 0.1667340551584122, 'gb_scale': 3.7392179888152133, 'gd_bubble_scale': 2.354476647959396, 'gd_line_scale': 0.16075299807102048, 'gd_line_alpha': 0.9213698212475608, 'coalescence_d_scale': 0.2247339257885673, 'capture_scale': 0.07458088660150199}. Best is trial 272 with value: 2.6222389481247.
[I 2026-05-03 11:39:57,860] Trial 291 finished with value: 2.72099088920405 and parameters: {'f_n': 3.2712199783173476e-07, 'K_d': 125983.88467345416, 'rho_d': 38969395802967.16, 'fission_rate': 7.216693102654898e+19, 'Dg_D1_scale': 2.1515584451235426, 'Dg_D3_scale': 1.0790431547158579, 'Dv_D1_scale': 0.39735642423559825, 'Dv_D2_scale': 3.4282245440218624, 'b_bulk_scale': 2.2546357113518973, 'b_dislocation_scale': 0.14844213406624468, 'gb_scale': 3.5730600599081943, 'gd_bubble_scale': 1.8170378374504266, 'gd_line_scale': 0.19979471169272955, 'gd_line_alpha': 0.9724349467947352, 'coalescence_d_scale': 0.27803958081722185, 'capture_scale': 0.08708877148427334}. Best is trial 272 with value: 2.6222389481247.
[I 2026-05-03 11:40:02,498] Trial 292 finished with value: 2.645597961713989 and parameters: {'f_n': 5.255954818803746e-07, 'K_d': 119690.64436457888, 'rho_d': 44994679713617.94, 'fission_rate': 7.116221854633485e+19, 'Dg_D1_scale': 2.6364749143121897, 'Dg_D3_scale': 1.20844279159878, 'Dv_D1_scale': 0.518405812827046, 'Dv_D2_scale': 2.9396497126534227, 'b_bulk_scale': 2.0402118794196706, 'b_dislocation_scale': 0.20370784394898273, 'gb_scale': 5.3852625505562255, 'gd_bubble_scale': 2.089024758438287, 'gd_line_scale': 0.22776051207845033, 'gd_line_alpha': 0.9437849081217096, 'coalescence_d_scale': 0.3229109508137224, 'capture_scale': 0.11882963653773054}. Best is trial 272 with value: 2.6222389481247.
[I 2026-05-03 11:40:09,191] Trial 293 finished with value: 3.1593032801412173 and parameters: {'f_n': 4.901351413306396e-07, 'K_d': 135989.67361616966, 'rho_d': 79302591237525.14, 'fission_rate': 7.094076648404624e+19, 'Dg_D1_scale': 2.6502359671702327, 'Dg_D3_scale': 1.3068880306024322, 'Dv_D1_scale': 0.49518612036993276, 'Dv_D2_scale': 2.871647201814152, 'b_bulk_scale': 1.950718896858917, 'b_dislocation_scale': 0.18590062274027613, 'gb_scale': 5.603516060684453, 'gd_bubble_scale': 1.986642971312245, 'gd_line_scale': 0.23269845244822582, 'gd_line_alpha': 0.9444934089785579, 'coalescence_d_scale': 0.29240017818911224, 'capture_scale': 0.12049523076868086}. Best is trial 272 with value: 2.6222389481247.
[I 2026-05-03 11:40:15,795] Trial 294 finished with value: 2.6293558997501996 and parameters: {'f_n': 6.427433460059793e-07, 'K_d': 117242.85090205554, 'rho_d': 45199426306841.375, 'fission_rate': 7.269014555501019e+19, 'Dg_D1_scale': 2.369307600975015, 'Dg_D3_scale': 1.2189890242116777, 'Dv_D1_scale': 0.5291043208374788, 'Dv_D2_scale': 2.5482066760645252, 'b_bulk_scale': 2.0753209113000572, 'b_dislocation_scale': 0.16505718679725354, 'gb_scale': 4.706778572984507, 'gd_bubble_scale': 2.1108457045655484, 'gd_line_scale': 0.216019134460945, 'gd_line_alpha': 0.9063393734759796, 'coalescence_d_scale': 0.3492143414368098, 'capture_scale': 0.09955059045947057}. Best is trial 272 with value: 2.6222389481247.
[I 2026-05-03 11:40:22,145] Trial 295 finished with value: 2.6866066217731093 and parameters: {'f_n': 6.682078256014143e-07, 'K_d': 120278.95442330351, 'rho_d': 44795742799250.68, 'fission_rate': 7.388681350242622e+19, 'Dg_D1_scale': 2.556117635712744, 'Dg_D3_scale': 1.2680676695541409, 'Dv_D1_scale': 0.6122028139632709, 'Dv_D2_scale': 2.526690750096509, 'b_bulk_scale': 2.0793818801301587, 'b_dislocation_scale': 0.17158946499873262, 'gb_scale': 6.9518492524485955, 'gd_bubble_scale': 2.334911925903278, 'gd_line_scale': 0.20174392259340707, 'gd_line_alpha': 0.9008449636981857, 'coalescence_d_scale': 0.3252533720820602, 'capture_scale': 0.09882469690393732}. Best is trial 272 with value: 2.6222389481247.
[I 2026-05-03 11:40:28,670] Trial 296 finished with value: 2.7230773281568097 and parameters: {'f_n': 8.602934392162401e-07, 'K_d': 116452.37989612464, 'rho_d': 39281407627025.93, 'fission_rate': 7.272611034274435e+19, 'Dg_D1_scale': 2.460290312380411, 'Dg_D3_scale': 1.3941988937483636, 'Dv_D1_scale': 0.5223467138385592, 'Dv_D2_scale': 2.612315067751468, 'b_bulk_scale': 2.014028493242129, 'b_dislocation_scale': 0.2034203049273179, 'gb_scale': 4.559928195889684, 'gd_bubble_scale': 1.7156512342963144, 'gd_line_scale': 0.2631407847536757, 'gd_line_alpha': 0.9211810230909556, 'coalescence_d_scale': 0.3489364388975705, 'capture_scale': 0.07919618924792704}. Best is trial 272 with value: 2.6222389481247.
[I 2026-05-03 11:40:33,016] Trial 297 finished with value: 2.6360090515752073 and parameters: {'f_n': 3.0257167626155745e-07, 'K_d': 128015.19533136192, 'rho_d': 42154524195795.24, 'fission_rate': 7.444139725342599e+19, 'Dg_D1_scale': 2.614480966046528, 'Dg_D3_scale': 1.2026511315879875, 'Dv_D1_scale': 0.5393510960090897, 'Dv_D2_scale': 2.7501193833282254, 'b_bulk_scale': 2.1944523856650062, 'b_dislocation_scale': 0.16159370600183737, 'gb_scale': 6.22001397749429, 'gd_bubble_scale': 2.225012170721471, 'gd_line_scale': 0.2037222241347883, 'gd_line_alpha': 0.9110756348874719, 'coalescence_d_scale': 0.42678048583341816, 'capture_scale': 0.10216544051854783}. Best is trial 272 with value: 2.6222389481247.
[I 2026-05-03 11:40:39,183] Trial 298 finished with value: 2.642410672241332 and parameters: {'f_n': 2.442272518529585e-07, 'K_d': 147423.76263819286, 'rho_d': 45496218496008.77, 'fission_rate': 7.538444192927483e+19, 'Dg_D1_scale': 2.6747844196877977, 'Dg_D3_scale': 1.2982188308047198, 'Dv_D1_scale': 0.5716915310147337, 'Dv_D2_scale': 2.7070021302979512, 'b_bulk_scale': 2.698016742981275, 'b_dislocation_scale': 0.2105979974855401, 'gb_scale': 6.488487684952633, 'gd_bubble_scale': 2.1990578278643493, 'gd_line_scale': 0.21006108857878622, 'gd_line_alpha': 0.9054802143347253, 'coalescence_d_scale': 0.39265816039074414, 'capture_scale': 0.10043181887919478}. Best is trial 272 with value: 2.6222389481247.
[I 2026-05-03 11:40:45,399] Trial 299 finished with value: 2.6545006847766746 and parameters: {'f_n': 1.9713108684047264e-07, 'K_d': 152413.0455133315, 'rho_d': 44739975846880.914, 'fission_rate': 7.59934927064423e+19, 'Dg_D1_scale': 2.3228672238489287, 'Dg_D3_scale': 1.0462513349868163, 'Dv_D1_scale': 0.5870462624484735, 'Dv_D2_scale': 2.786301432361646, 'b_bulk_scale': 2.764076780008716, 'b_dislocation_scale': 0.21785406949274266, 'gb_scale': 7.831724114074853, 'gd_bubble_scale': 2.12685951268374, 'gd_line_scale': 0.23697182820699406, 'gd_line_alpha': 0.8996261539938245, 'coalescence_d_scale': 0.43784537642869903, 'capture_scale': 0.09085358707601744}. Best is trial 272 with value: 2.6222389481247.
[I 2026-05-03 11:40:51,565] Trial 300 finished with value: 2.673284942341589 and parameters: {'f_n': 1.8920213678034122e-07, 'K_d': 156941.69886057518, 'rho_d': 46033429490237.5, 'fission_rate': 7.642151520073564e+19, 'Dg_D1_scale': 2.335311111049385, 'Dg_D3_scale': 1.072360172484094, 'Dv_D1_scale': 0.5259281609340324, 'Dv_D2_scale': 2.4932900737781276, 'b_bulk_scale': 2.8628925636714193, 'b_dislocation_scale': 0.20848430163418677, 'gb_scale': 7.517463041646359, 'gd_bubble_scale': 1.800138078276566, 'gd_line_scale': 0.23255750629614186, 'gd_line_alpha': 0.903688685406097, 'coalescence_d_scale': 0.4618998748449259, 'capture_scale': 0.08491044856872691}. Best is trial 272 with value: 2.6222389481247.Best trial: 272. Best value: 2.62224:  75%|███████▌  | 300/400 [31:57<09:57,  5.97s/it]Best trial: 272. Best value: 2.62224:  75%|███████▌  | 300/400 [31:57<09:57,  5.97s/it]Best trial: 272. Best value: 2.62224:  75%|███████▌  | 301/400 [31:57<09:56,  6.03s/it]                                                                                       Best trial: 272. Best value: 2.62224:  75%|███████▌  | 301/400 [32:03<09:56,  6.03s/it]Best trial: 272. Best value: 2.62224:  75%|███████▌  | 301/400 [32:03<09:56,  6.03s/it]Best trial: 272. Best value: 2.62224:  76%|███████▌  | 302/400 [32:03<09:55,  6.08s/it]                                                                                       Best trial: 272. Best value: 2.62224:  76%|███████▌  | 302/400 [32:07<09:55,  6.08s/it]Best trial: 272. Best value: 2.62224:  76%|███████▌  | 302/400 [32:07<09:55,  6.08s/it]Best trial: 272. Best value: 2.62224:  76%|███████▌  | 303/400 [32:07<09:00,  5.57s/it]                                                                                       Best trial: 272. Best value: 2.62224:  76%|███████▌  | 303/400 [32:14<09:00,  5.57s/it]Best trial: 272. Best value: 2.62224:  76%|███████▌  | 303/400 [32:14<09:00,  5.57s/it]Best trial: 272. Best value: 2.62224:  76%|███████▌  | 304/400 [32:14<09:14,  5.78s/it]                                                                                       Best trial: 272. Best value: 2.62224:  76%|███████▌  | 304/400 [32:20<09:14,  5.78s/it]Best trial: 272. Best value: 2.62224:  76%|███████▌  | 304/400 [32:20<09:14,  5.78s/it]Best trial: 272. Best value: 2.62224:  76%|███████▋  | 305/400 [32:20<09:22,  5.92s/it]                                                                                       Best trial: 272. Best value: 2.62224:  76%|███████▋  | 305/400 [32:26<09:22,  5.92s/it]Best trial: 272. Best value: 2.62224:  76%|███████▋  | 305/400 [32:26<09:22,  5.92s/it]Best trial: 272. Best value: 2.62224:  76%|███████▋  | 306/400 [32:26<09:25,  6.02s/it]                                                                                       Best trial: 272. Best value: 2.62224:  76%|███████▋  | 306/400 [32:32<09:25,  6.02s/it]Best trial: 272. Best value: 2.62224:  76%|███████▋  | 306/400 [32:32<09:25,  6.02s/it]Best trial: 272. Best value: 2.62224:  77%|███████▋  | 307/400 [32:32<09:27,  6.10s/it]                                                                                       Best trial: 272. Best value: 2.62224:  77%|███████▋  | 307/400 [32:37<09:27,  6.10s/it]Best trial: 272. Best value: 2.62224:  77%|███████▋  | 307/400 [32:37<09:27,  6.10s/it]Best trial: 272. Best value: 2.62224:  77%|███████▋  | 308/400 [32:37<08:37,  5.62s/it]                                                                                       Best trial: 272. Best value: 2.62224:  77%|███████▋  | 308/400 [32:43<08:37,  5.62s/it]Best trial: 272. Best value: 2.62224:  77%|███████▋  | 308/400 [32:43<08:37,  5.62s/it]Best trial: 272. Best value: 2.62224:  77%|███████▋  | 309/400 [32:43<08:51,  5.84s/it]                                                                                       Best trial: 272. Best value: 2.62224:  77%|███████▋  | 309/400 [32:50<08:51,  5.84s/it]Best trial: 272. Best value: 2.62224:  77%|███████▋  | 309/400 [32:50<08:51,  5.84s/it]Best trial: 272. Best value: 2.62224:  78%|███████▊  | 310/400 [32:50<09:02,  6.02s/it]                                                                                       Best trial: 272. Best value: 2.62224:  78%|███████▊  | 310/400 [32:56<09:02,  6.02s/it]Best trial: 272. Best value: 2.62224:  78%|███████▊  | 310/400 [32:56<09:02,  6.02s/it]Best trial: 272. Best value: 2.62224:  78%|███████▊  | 311/400 [32:56<09:12,  6.21s/it]                                                                                       Best trial: 272. Best value: 2.62224:  78%|███████▊  | 311/400 [33:03<09:12,  6.21s/it]Best trial: 272. Best value: 2.62224:  78%|███████▊  | 311/400 [33:03<09:12,  6.21s/it]Best trial: 272. Best value: 2.62224:  78%|███████▊  | 312/400 [33:03<09:11,  6.26s/it]                                                                                       
[I 2026-05-03 11:40:57,765] Trial 301 finished with value: 2.7310186947574713 and parameters: {'f_n': 3.145908365386195e-07, 'K_d': 141356.21881126377, 'rho_d': 45033923969416.125, 'fission_rate': 7.579718642800291e+19, 'Dg_D1_scale': 2.048303208355445, 'Dg_D3_scale': 1.0389833268005326, 'Dv_D1_scale': 0.5858445383669962, 'Dv_D2_scale': 2.8445769827879017, 'b_bulk_scale': 3.269810513553143, 'b_dislocation_scale': 0.23727707586353977, 'gb_scale': 6.546745463116839, 'gd_bubble_scale': 2.248588914522363, 'gd_line_scale': 0.3143503257178472, 'gd_line_alpha': 0.94680235538053, 'coalescence_d_scale': 0.406516263215839, 'capture_scale': 0.09700402308657582}. Best is trial 272 with value: 2.6222389481247.
