[I 2026-05-03 11:31:20,509] Trial 210 finished with value: 3.233129428684607 and parameters: {'f_n': 5.692462751606364e-08, 'K_d': 113929.50543791353, 'rho_d': 45453160550264.15, 'fission_rate': 7.391363163935733e+19, 'Dg_D1_scale': 3.67697210039136, 'Dg_D3_scale': 1.0061662920979948, 'Dv_D1_scale': 0.3247764010176211, 'Dv_D2_scale': 3.1806379307523915, 'b_bulk_scale': 1.4070193283779397, 'b_dislocation_scale': 0.1422170694005774, 'gb_scale': 2.400648981181124, 'gd_bubble_scale': 3.327962777623502, 'gd_line_scale': 0.10423718399892301, 'gd_line_alpha': 0.8343582268534726, 'coalescence_d_scale': 0.202831042549026, 'capture_scale': 0.15741324802045953}. Best is trial 208 with value: 2.642055900738926.
[I 2026-05-03 11:31:25,391] Trial 211 finished with value: 2.765684550204705 and parameters: {'f_n': 2.133110764499419e-06, 'K_d': 108034.8892591667, 'rho_d': 42285114257805.89, 'fission_rate': 7.242073564559958e+19, 'Dg_D1_scale': 3.590198059110039, 'Dg_D3_scale': 0.7308721747336372, 'Dv_D1_scale': 0.30612026318012586, 'Dv_D2_scale': 2.737537396234066, 'b_bulk_scale': 2.1976878188338507, 'b_dislocation_scale': 0.10059551158703803, 'gb_scale': 1.8628117283214396, 'gd_bubble_scale': 2.828738501518402, 'gd_line_scale': 0.09567240791706107, 'gd_line_alpha': 0.8662137274184772, 'coalescence_d_scale': 0.12135668598448336, 'capture_scale': 0.3588769632461732}. Best is trial 208 with value: 2.642055900738926.
[I 2026-05-03 11:31:32,180] Trial 212 finished with value: 2.663715504801506 and parameters: {'f_n': 1.5063538823724682e-06, 'K_d': 120863.7836818352, 'rho_d': 47292203741419.84, 'fission_rate': 7.187567437137165e+19, 'Dg_D1_scale': 3.3194988357634183, 'Dg_D3_scale': 0.8778667302241745, 'Dv_D1_scale': 0.2833653778755402, 'Dv_D2_scale': 3.607650495085344, 'b_bulk_scale': 1.5625041023443316, 'b_dislocation_scale': 0.11757443189857648, 'gb_scale': 2.080564816103, 'gd_bubble_scale': 2.978137017972559, 'gd_line_scale': 0.08668433519357975, 'gd_line_alpha': 0.7761911132992471, 'coalescence_d_scale': 0.13955897523814695, 'capture_scale': 0.2588010535976297}. Best is trial 208 with value: 2.642055900738926.
[I 2026-05-03 11:31:38,841] Trial 213 finished with value: 2.8906431489048576 and parameters: {'f_n': 1.307236948028911e-06, 'K_d': 121871.21492554176, 'rho_d': 46969213208533.57, 'fission_rate': 7.2922725139208544e+19, 'Dg_D1_scale': 3.301112282091735, 'Dg_D3_scale': 0.9074212443934793, 'Dv_D1_scale': 0.2946253601020903, 'Dv_D2_scale': 3.698404055943629, 'b_bulk_scale': 2.612892485509084, 'b_dislocation_scale': 0.11956058709585539, 'gb_scale': 2.1243731144080846, 'gd_bubble_scale': 3.0839908635996762, 'gd_line_scale': 0.0864522292531244, 'gd_line_alpha': 0.7798283732030495, 'coalescence_d_scale': 0.14297309397684435, 'capture_scale': 0.25673099716476067}. Best is trial 208 with value: 2.642055900738926.
[I 2026-05-03 11:31:45,737] Trial 214 finished with value: 2.6589334004150933 and parameters: {'f_n': 1.6002019176914118e-06, 'K_d': 116421.15964792724, 'rho_d': 53032545107060.125, 'fission_rate': 7.138056945937584e+19, 'Dg_D1_scale': 3.049981279205651, 'Dg_D3_scale': 1.1922459497228097, 'Dv_D1_scale': 0.3215634966151092, 'Dv_D2_scale': 3.341507066995107, 'b_bulk_scale': 1.5602968241452686, 'b_dislocation_scale': 0.13310302676063382, 'gb_scale': 3.390900229998408, 'gd_bubble_scale': 3.4639614300386063, 'gd_line_scale': 0.0791456382469836, 'gd_line_alpha': 0.8092320472909382, 'coalescence_d_scale': 0.17405439111199347, 'capture_scale': 0.2270344809989827}. Best is trial 208 with value: 2.642055900738926.
[I 2026-05-03 11:31:52,492] Trial 215 finished with value: 2.643349816002791 and parameters: {'f_n': 1.4881486343615075e-06, 'K_d': 117929.42377831774, 'rho_d': 55828913867010.555, 'fission_rate': 7.175702481964138e+19, 'Dg_D1_scale': 3.0079183303415977, 'Dg_D3_scale': 0.8481424077634968, 'Dv_D1_scale': 0.3418482844761577, 'Dv_D2_scale': 3.4350692017243527, 'b_bulk_scale': 1.8120234609445924, 'b_dislocation_scale': 0.13540210021752105, 'gb_scale': 3.3484697561897563, 'gd_bubble_scale': 4.011255055807533, 'gd_line_scale': 0.07772453195592333, 'gd_line_alpha': 0.807730160431141, 'coalescence_d_scale': 0.17609670986411277, 'capture_scale': 0.13731526337673633}. Best is trial 208 with value: 2.642055900738926.
[I 2026-05-03 11:31:57,486] Trial 216 finished with value: 2.897307114970729 and parameters: {'f_n': 1.0975316843102746e-06, 'K_d': 117462.35039047599, 'rho_d': 58652008873534.01, 'fission_rate': 7.161943739677898e+19, 'Dg_D1_scale': 2.972595521209564, 'Dg_D3_scale': 1.3545967287385436, 'Dv_D1_scale': 0.3435511008169311, 'Dv_D2_scale': 3.4441832919391846, 'b_bulk_scale': 1.8236122765198557, 'b_dislocation_scale': 0.13587850303036822, 'gb_scale': 2.975647542449155, 'gd_bubble_scale': 4.807063911144355, 'gd_line_scale': 0.07691721401375769, 'gd_line_alpha': 0.8058809931210615, 'coalescence_d_scale': 0.18033293986910698, 'capture_scale': 0.11651030210377503}. Best is trial 208 with value: 2.642055900738926.Best trial: 208. Best value: 2.64206:  54%|█████▍    | 216/400 [23:03<20:11,  6.58s/it]Best trial: 208. Best value: 2.64206:  54%|█████▍    | 216/400 [23:03<20:11,  6.58s/it]Best trial: 208. Best value: 2.64206:  54%|█████▍    | 217/400 [23:03<18:37,  6.11s/it]                                                                                       Best trial: 208. Best value: 2.64206:  54%|█████▍    | 217/400 [23:10<18:37,  6.11s/it]Best trial: 208. Best value: 2.64206:  54%|█████▍    | 217/400 [23:10<18:37,  6.11s/it]Best trial: 208. Best value: 2.64206:  55%|█████▍    | 218/400 [23:10<19:11,  6.33s/it]                                                                                       Best trial: 208. Best value: 2.64206:  55%|█████▍    | 218/400 [23:16<19:11,  6.33s/it]Best trial: 208. Best value: 2.64206:  55%|█████▍    | 218/400 [23:16<19:11,  6.33s/it]Best trial: 208. Best value: 2.64206:  55%|█████▍    | 219/400 [23:16<19:22,  6.42s/it]                                                                                       Best trial: 208. Best value: 2.64206:  55%|█████▍    | 219/400 [23:23<19:22,  6.42s/it]Best trial: 208. Best value: 2.64206:  55%|█████▍    | 219/400 [23:23<19:22,  6.42s/it]Best trial: 208. Best value: 2.64206:  55%|█████▌    | 220/400 [23:23<19:36,  6.54s/it]                                                                                       Best trial: 208. Best value: 2.64206:  55%|█████▌    | 220/400 [23:30<19:36,  6.54s/it]Best trial: 208. Best value: 2.64206:  55%|█████▌    | 220/400 [23:30<19:36,  6.54s/it]Best trial: 208. Best value: 2.64206:  55%|█████▌    | 221/400 [23:30<19:42,  6.61s/it]                                                                                       Best trial: 208. Best value: 2.64206:  55%|█████▌    | 221/400 [23:35<19:42,  6.61s/it]Best trial: 208. Best value: 2.64206:  55%|█████▌    | 221/400 [23:35<19:42,  6.61s/it]Best trial: 208. Best value: 2.64206:  56%|█████▌    | 222/400 [23:35<18:06,  6.11s/it]                                                                                       Best trial: 208. Best value: 2.64206:  56%|█████▌    | 222/400 [23:42<18:06,  6.11s/it]Best trial: 208. Best value: 2.64206:  56%|█████▌    | 222/400 [23:42<18:06,  6.11s/it]Best trial: 208. Best value: 2.64206:  56%|█████▌    | 223/400 [23:42<18:39,  6.33s/it]                                                                                       Best trial: 208. Best value: 2.64206:  56%|█████▌    | 223/400 [23:48<18:39,  6.33s/it]Best trial: 208. Best value: 2.64206:  56%|█████▌    | 223/400 [23:49<18:39,  6.33s/it]Best trial: 208. Best value: 2.64206:  56%|█████▌    | 224/400 [23:49<19:06,  6.52s/it]                                                                                       Best trial: 208. Best value: 2.64206:  56%|█████▌    | 224/400 [23:55<19:06,  6.52s/it]Best trial: 208. Best value: 2.64206:  56%|█████▌    | 224/400 [23:55<19:06,  6.52s/it]Best trial: 208. Best value: 2.64206:  56%|█████▋    | 225/400 [23:55<19:05,  6.55s/it]                                                                                       Best trial: 208. Best value: 2.64206:  56%|█████▋    | 225/400 [24:00<19:05,  6.55s/it]Best trial: 208. Best value: 2.64206:  56%|█████▋    | 225/400 [24:00<19:05,  6.55s/it]Best trial: 208. Best value: 2.64206:  56%|█████▋    | 226/400 [24:00<17:25,  6.01s/it]                                                                                       Best trial: 208. Best value: 2.64206:  56%|█████▋    | 226/400 [24:07<17:25,  6.01s/it]Best trial: 208. Best value: 2.64206:  56%|█████▋    | 226/400 [24:07<17:25,  6.01s/it]Best trial: 208. Best value: 2.64206:  57%|█████▋    | 227/400 [24:07<18:04,  6.27s/it]                                                                                       Best trial: 208. Best value: 2.64206:  57%|█████▋    | 227/400 [24:14<18:04,  6.27s/it]Best trial: 208. Best value: 2.64206:  57%|█████▋    | 227/400 [24:14<18:04,  6.27s/it]Best trial: 208. Best value: 2.64206:  57%|█████▋    | 228/400 [24:14<18:30,  6.46s/it]                                                                                       
[I 2026-05-03 11:32:04,333] Trial 217 finished with value: 2.7276785995544155 and parameters: {'f_n': 9.184245503692433e-07, 'K_d': 125077.72111531034, 'rho_d': 55149191690249.53, 'fission_rate': 7.208586344397739e+19, 'Dg_D1_scale': 3.1201491174284786, 'Dg_D3_scale': 1.1977772928451973, 'Dv_D1_scale': 0.40245938301840123, 'Dv_D2_scale': 3.6646218820733245, 'b_bulk_scale': 1.678450652364526, 'b_dislocation_scale': 0.1457648453750489, 'gb_scale': 3.49069618698553, 'gd_bubble_scale': 4.001666899756221, 'gd_line_scale': 0.10123974764797963, 'gd_line_alpha': 0.7684820174000391, 'coalescence_d_scale': 0.1694609583168303, 'capture_scale': 0.1524862619602158}. Best is trial 208 with value: 2.642055900738926.
[I 2026-05-03 11:32:10,981] Trial 218 finished with value: 3.345646438665018 and parameters: {'f_n': 1.5505238816995248e-06, 'K_d': 113327.35906328919, 'rho_d': 43690756136130.78, 'fission_rate': 7.281754002975922e+19, 'Dg_D1_scale': 2.755541500041157, 'Dg_D3_scale': 0.8604587331654397, 'Dv_D1_scale': 0.3324959591850752, 'Dv_D2_scale': 3.401748216530775, 'b_bulk_scale': 1.4871871551696756, 'b_dislocation_scale': 0.13066491264253216, 'gb_scale': 3.8279791637328464, 'gd_bubble_scale': 4.332772952274186, 'gd_line_scale': 0.5776994566357179, 'gd_line_alpha': 0.8318052363700522, 'coalescence_d_scale': 0.22241954440045866, 'capture_scale': 0.21366585574910676}. Best is trial 208 with value: 2.642055900738926.
[I 2026-05-03 11:32:17,780] Trial 219 finished with value: 2.751927256948403 and parameters: {'f_n': 1.3423885112756959e-06, 'K_d': 128323.57143051096, 'rho_d': 53578627913041.945, 'fission_rate': 7.0870495917452e+19, 'Dg_D1_scale': 3.9781404768380355, 'Dg_D3_scale': 0.7785514619982796, 'Dv_D1_scale': 0.315051119476436, 'Dv_D2_scale': 3.980000906714041, 'b_bulk_scale': 1.591287378517626, 'b_dislocation_scale': 0.11381251259007431, 'gb_scale': 3.8930843591922017, 'gd_bubble_scale': 3.6602498746476453, 'gd_line_scale': 0.11468194815644533, 'gd_line_alpha': 0.8038504577279852, 'coalescence_d_scale': 0.197130096555305, 'capture_scale': 0.31009757157512086}. Best is trial 208 with value: 2.642055900738926.
[I 2026-05-03 11:32:24,548] Trial 220 finished with value: 2.8085043985865714 and parameters: {'f_n': 1.6400660903888756e-06, 'K_d': 119926.37660340063, 'rho_d': 46658170772809.62, 'fission_rate': 7.190832487185986e+19, 'Dg_D1_scale': 3.7379994874958906, 'Dg_D3_scale': 0.8364078476917113, 'Dv_D1_scale': 0.35293959844188316, 'Dv_D2_scale': 3.6116559762542257, 'b_bulk_scale': 1.9203800115786658, 'b_dislocation_scale': 0.1222108489943209, 'gb_scale': 3.2975570664752416, 'gd_bubble_scale': 5.624087500992418, 'gd_line_scale': 0.07956406575832299, 'gd_line_alpha': 0.8257040326093588, 'coalescence_d_scale': 0.1605317670792128, 'capture_scale': 0.14031208119767077}. Best is trial 208 with value: 2.642055900738926.
[I 2026-05-03 11:32:29,486] Trial 221 finished with value: 2.7543358797419035 and parameters: {'f_n': 1.8354415679731533e-06, 'K_d': 105588.65023460287, 'rho_d': 52098476787931.734, 'fission_rate': 7.121823120717828e+19, 'Dg_D1_scale': 1.1470738279258654, 'Dg_D3_scale': 0.7795673488264557, 'Dv_D1_scale': 0.29173533434647364, 'Dv_D2_scale': 3.3172013505751106, 'b_bulk_scale': 1.3100732580877497, 'b_dislocation_scale': 0.1087801319380191, 'gb_scale': 2.607462217722734, 'gd_bubble_scale': 3.4626030753773844, 'gd_line_scale': 0.07156105669341484, 'gd_line_alpha': 0.7859579018069173, 'coalescence_d_scale': 1.2809903530227773, 'capture_scale': 0.23741876296238712}. Best is trial 208 with value: 2.642055900738926.
[I 2026-05-03 11:32:36,326] Trial 222 finished with value: 2.680566309629517 and parameters: {'f_n': 2.0990958823883646e-06, 'K_d': 112055.14785274533, 'rho_d': 60288482516502.52, 'fission_rate': 7.057022752132727e+19, 'Dg_D1_scale': 3.1932444507955737, 'Dg_D3_scale': 0.9021164183113896, 'Dv_D1_scale': 0.2835011134104628, 'Dv_D2_scale': 2.592591674101532, 'b_bulk_scale': 1.7879665756840473, 'b_dislocation_scale': 0.15275966565305346, 'gb_scale': 1.847472457381748, 'gd_bubble_scale': 3.250404586453363, 'gd_line_scale': 0.09334115102122578, 'gd_line_alpha': 0.8058499053406512, 'coalescence_d_scale': 0.13304271784625862, 'capture_scale': 0.1947966152108134}. Best is trial 208 with value: 2.642055900738926.
[I 2026-05-03 11:32:43,280] Trial 223 finished with value: 3.0363349956440655 and parameters: {'f_n': 1.4524828995346683e-06, 'K_d': 112083.8044212602, 'rho_d': 61950712039683.99, 'fission_rate': 7.010708162701904e+19, 'Dg_D1_scale': 3.007873899965553, 'Dg_D3_scale': 1.033470035805591, 'Dv_D1_scale': 0.31510992554345196, 'Dv_D2_scale': 3.1123628049572543, 'b_bulk_scale': 2.154402365370437, 'b_dislocation_scale': 0.15426155320732937, 'gb_scale': 1.8189643994549705, 'gd_bubble_scale': 3.8383153209734155, 'gd_line_scale': 0.09652827169043063, 'gd_line_alpha': 0.8103627311670977, 'coalescence_d_scale': 0.13482011386729134, 'capture_scale': 0.1973388343652326}. Best is trial 208 with value: 2.642055900738926.
[I 2026-05-03 11:32:49,900] Trial 224 finished with value: 2.911098411404509 and parameters: {'f_n': 1.962057816603769e-06, 'K_d': 118901.55625748164, 'rho_d': 59304694914460.64, 'fission_rate': 7.217334849430735e+19, 'Dg_D1_scale': 3.191504584989636, 'Dg_D3_scale': 0.9312001484632051, 'Dv_D1_scale': 0.3785927601651649, 'Dv_D2_scale': 2.674128851386469, 'b_bulk_scale': 1.8313199906181332, 'b_dislocation_scale': 0.13480044701810084, 'gb_scale': 1.5266192470417725, 'gd_bubble_scale': 3.2188610952617407, 'gd_line_scale': 0.08494674075797252, 'gd_line_alpha': 0.9207724287302187, 'coalescence_d_scale': 0.15636648802253666, 'capture_scale': 0.17103201822702274}. Best is trial 208 with value: 2.642055900738926.
[I 2026-05-03 11:32:54,643] Trial 225 finished with value: 3.1469999511203803 and parameters: {'f_n': 1.2586956478409886e-06, 'K_d': 111258.27578057673, 'rho_d': 55381425866340.09, 'fission_rate': 7.324646052017091e+19, 'Dg_D1_scale': 3.741701838076757, 'Dg_D3_scale': 0.8759697377226182, 'Dv_D1_scale': 0.28320453142424323, 'Dv_D2_scale': 3.5712701617496796, 'b_bulk_scale': 1.5993371589438408, 'b_dislocation_scale': 0.11903913781317624, 'gb_scale': 1.722198421570668, 'gd_bubble_scale': 4.170568930484866, 'gd_line_scale': 0.10628905851890313, 'gd_line_alpha': 0.7636388390535076, 'coalescence_d_scale': 0.17658563338496394, 'capture_scale': 0.10198053831384296}. Best is trial 208 with value: 2.642055900738926.
[I 2026-05-03 11:33:01,534] Trial 226 finished with value: 2.6497343923692127 and parameters: {'f_n': 1.6774654807694072e-06, 'K_d': 127270.33907070503, 'rho_d': 41250399020973.78, 'fission_rate': 7.050778767606426e+19, 'Dg_D1_scale': 3.514471335003443, 'Dg_D3_scale': 0.9540382659503374, 'Dv_D1_scale': 0.3191211758214355, 'Dv_D2_scale': 2.8528764918603766, 'b_bulk_scale': 1.4916780910407892, 'b_dislocation_scale': 0.10780177423200862, 'gb_scale': 2.4339434264846678, 'gd_bubble_scale': 3.089656752383761, 'gd_line_scale': 0.09037648629385087, 'gd_line_alpha': 0.8358353321388396, 'coalescence_d_scale': 0.1357413744626345, 'capture_scale': 0.2227361687652748}. Best is trial 208 with value: 2.642055900738926.
[I 2026-05-03 11:33:08,433] Trial 227 finished with value: 2.660452918304837 and parameters: {'f_n': 1.5882560207074894e-06, 'K_d': 128748.10278211943, 'rho_d': 41054421077405.76, 'fission_rate': 7.0754031656322785e+19, 'Dg_D1_scale': 3.5175892971721807, 'Dg_D3_scale': 1.097423447948466, 'Dv_D1_scale': 0.32474211741497455, 'Dv_D2_scale': 2.826492032498821, 'b_bulk_scale': 1.5017048631633865, 'b_dislocation_scale': 0.10770761572757055, 'gb_scale': 2.5233723439208515, 'gd_bubble_scale': 2.7531764123820186, 'gd_line_scale': 0.09485897894607451, 'gd_line_alpha': 0.8350335152441959, 'coalescence_d_scale': 0.13123350218279686, 'capture_scale': 0.13060932905501235}. Best is trial 208 with value: 2.642055900738926.
