[I 2026-05-03 11:19:32,566] Trial 96 finished with value: 3.775750044470558 and parameters: {'f_n': 2.9717601418799315e-06, 'K_d': 185310.3392234553, 'rho_d': 33194672391730.57, 'fission_rate': 7.728837428125342e+19, 'Dg_D1_scale': 0.1521303854751962, 'Dg_D3_scale': 0.49466234053484043, 'Dv_D1_scale': 0.24920449005290898, 'Dv_D2_scale': 1.7207107493743945, 'b_bulk_scale': 0.593883228303625, 'b_dislocation_scale': 0.20778595117988588, 'gb_scale': 0.7510635841572231, 'gd_bubble_scale': 3.972961726007584, 'gd_line_scale': 0.05790902830251668, 'gd_line_alpha': 0.008130156134543182, 'coalescence_d_scale': 0.1140289005062284, 'capture_scale': 1.623060587678652}. Best is trial 92 with value: 2.7058288933810783.Best trial: 92. Best value: 2.70583:  24%|██▍       | 96/400 [10:38<30:06,  5.94s/it]Best trial: 92. Best value: 2.70583:  24%|██▍       | 96/400 [10:38<30:06,  5.94s/it]Best trial: 92. Best value: 2.70583:  24%|██▍       | 97/400 [10:38<30:10,  5.98s/it]                                                                                     Best trial: 92. Best value: 2.70583:  24%|██▍       | 97/400 [10:44<30:10,  5.98s/it]Best trial: 92. Best value: 2.70583:  24%|██▍       | 97/400 [10:44<30:10,  5.98s/it]Best trial: 92. Best value: 2.70583:  24%|██▍       | 98/400 [10:44<30:57,  6.15s/it]                                                                                     Best trial: 92. Best value: 2.70583:  24%|██▍       | 98/400 [10:49<30:57,  6.15s/it]Best trial: 92. Best value: 2.70583:  24%|██▍       | 98/400 [10:49<30:57,  6.15s/it]Best trial: 92. Best value: 2.70583:  25%|██▍       | 99/400 [10:49<28:13,  5.63s/it]                                                                                     Best trial: 92. Best value: 2.70583:  25%|██▍       | 99/400 [10:55<28:13,  5.63s/it]Best trial: 92. Best value: 2.70583:  25%|██▍       | 99/400 [10:55<28:13,  5.63s/it]Best trial: 92. Best value: 2.70583:  25%|██▌       | 100/400 [10:55<28:55,  5.79s/it]                                                                                      Best trial: 92. Best value: 2.70583:  25%|██▌       | 100/400 [11:01<28:55,  5.79s/it]Best trial: 92. Best value: 2.70583:  25%|██▌       | 100/400 [11:01<28:55,  5.79s/it]Best trial: 92. Best value: 2.70583:  25%|██▌       | 101/400 [11:01<29:09,  5.85s/it]                                                                                      Best trial: 92. Best value: 2.70583:  25%|██▌       | 101/400 [11:07<29:09,  5.85s/it]Best trial: 92. Best value: 2.70583:  25%|██▌       | 101/400 [11:07<29:09,  5.85s/it]Best trial: 92. Best value: 2.70583:  26%|██▌       | 102/400 [11:07<29:20,  5.91s/it]                                                                                      Best trial: 92. Best value: 2.70583:  26%|██▌       | 102/400 [11:13<29:20,  5.91s/it]Best trial: 92. Best value: 2.70583:  26%|██▌       | 102/400 [11:13<29:20,  5.91s/it]Best trial: 92. Best value: 2.70583:  26%|██▌       | 103/400 [11:13<29:29,  5.96s/it]                                                                                      Best trial: 92. Best value: 2.70583:  26%|██▌       | 103/400 [11:19<29:29,  5.96s/it]Best trial: 92. Best value: 2.70583:  26%|██▌       | 103/400 [11:19<29:29,  5.96s/it]Best trial: 92. Best value: 2.70583:  26%|██▌       | 104/400 [11:19<29:46,  6.04s/it]                                                                                      Best trial: 92. Best value: 2.70583:  26%|██▌       | 104/400 [11:24<29:46,  6.04s/it]Best trial: 92. Best value: 2.70583:  26%|██▌       | 104/400 [11:24<29:46,  6.04s/it]Best trial: 92. Best value: 2.70583:  26%|██▋       | 105/400 [11:24<27:11,  5.53s/it]                                                                                      Best trial: 92. Best value: 2.70583:  26%|██▋       | 105/400 [11:30<27:11,  5.53s/it]Best trial: 92. Best value: 2.70583:  26%|██▋       | 105/400 [11:30<27:11,  5.53s/it]Best trial: 92. Best value: 2.70583:  26%|██▋       | 106/400 [11:30<27:55,  5.70s/it]                                                                                      Best trial: 92. Best value: 2.70583:  26%|██▋       | 106/400 [11:36<27:55,  5.70s/it]Best trial: 92. Best value: 2.70583:  26%|██▋       | 106/400 [11:36<27:55,  5.70s/it]Best trial: 92. Best value: 2.70583:  27%|██▋       | 107/400 [11:36<28:57,  5.93s/it]                                                                                      Best trial: 92. Best value: 2.70583:  27%|██▋       | 107/400 [11:42<28:57,  5.93s/it]Best trial: 92. Best value: 2.70583:  27%|██▋       | 107/400 [11:43<28:57,  5.93s/it]Best trial: 92. Best value: 2.70583:  27%|██▋       | 108/400 [11:43<29:26,  6.05s/it]                                                                                      
[I 2026-05-03 11:19:39,127] Trial 97 finished with value: 4.0665975593073656 and parameters: {'f_n': 1.7210973159187517e-06, 'K_d': 283952.72440417734, 'rho_d': 50971149272550.05, 'fission_rate': 7.269697992857879e+19, 'Dg_D1_scale': 3.2612965833932077, 'Dg_D3_scale': 0.6139177384148599, 'Dv_D1_scale': 0.3032514151568096, 'Dv_D2_scale': 1.4953763798064663, 'b_bulk_scale': 0.8424852293425967, 'b_dislocation_scale': 0.16026813563196401, 'gb_scale': 0.20991041882484066, 'gd_bubble_scale': 4.20022198985035, 'gd_line_scale': 0.0684142225844493, 'gd_line_alpha': 0.02845445760890266, 'coalescence_d_scale': 0.10332085020922353, 'capture_scale': 0.5788780067478088}. Best is trial 92 with value: 2.7058288933810783.
[I 2026-05-03 11:19:43,529] Trial 98 finished with value: 3.016451050151893 and parameters: {'f_n': 1.4115850537718554e-06, 'K_d': 145162.23842329156, 'rho_d': 30110922380974.79, 'fission_rate': 7.451062291339282e+19, 'Dg_D1_scale': 3.981652544854547, 'Dg_D3_scale': 0.45886224263516495, 'Dv_D1_scale': 0.21366964084529538, 'Dv_D2_scale': 0.7674703168403513, 'b_bulk_scale': 1.3884236211304755, 'b_dislocation_scale': 0.13727663141035343, 'gb_scale': 0.48077858778705457, 'gd_bubble_scale': 5.037638538382796, 'gd_line_scale': 0.07522889735298129, 'gd_line_alpha': 0.0639161209608258, 'coalescence_d_scale': 0.1590347936279854, 'capture_scale': 0.37591118437018284}. Best is trial 92 with value: 2.7058288933810783.
[I 2026-05-03 11:19:49,689] Trial 99 finished with value: 2.8171737168222997 and parameters: {'f_n': 2.3220759528833615e-06, 'K_d': 204711.66093633973, 'rho_d': 44814243204510.35, 'fission_rate': 7.844909147915176e+19, 'Dg_D1_scale': 2.4760635418867807, 'Dg_D3_scale': 0.3904541364984469, 'Dv_D1_scale': 0.2593387377444802, 'Dv_D2_scale': 1.2759103039131383, 'b_bulk_scale': 0.7115310303659241, 'b_dislocation_scale': 0.17532047414128374, 'gb_scale': 0.23788309090152207, 'gd_bubble_scale': 3.2759925939128745, 'gd_line_scale': 0.05512436025513104, 'gd_line_alpha': 0.11636895685371368, 'coalescence_d_scale': 0.133914669385221, 'capture_scale': 1.2756253315351205}. Best is trial 92 with value: 2.7058288933810783.
[I 2026-05-03 11:19:55,694] Trial 100 finished with value: 2.8863959778285855 and parameters: {'f_n': 1.156408147556341e-06, 'K_d': 196356.0039166591, 'rho_d': 45120425245531.695, 'fission_rate': 7.853454784957053e+19, 'Dg_D1_scale': 2.4831071354733707, 'Dg_D3_scale': 0.32998480074098313, 'Dv_D1_scale': 0.2633792584774033, 'Dv_D2_scale': 1.3253435478725013, 'b_bulk_scale': 0.6899424828612906, 'b_dislocation_scale': 0.2176944076397256, 'gb_scale': 0.38125203736332236, 'gd_bubble_scale': 5.766997440622432, 'gd_line_scale': 0.05074791082021645, 'gd_line_alpha': 0.11968065894012836, 'coalescence_d_scale': 0.23262479632318, 'capture_scale': 1.3253482046472784}. Best is trial 92 with value: 2.7058288933810783.
[I 2026-05-03 11:20:01,733] Trial 101 finished with value: 3.0424417318200514 and parameters: {'f_n': 1.130072447004072e-06, 'K_d': 208243.19692499636, 'rho_d': 44369383646416.25, 'fission_rate': 7.885171050636858e+19, 'Dg_D1_scale': 2.9600543870054166, 'Dg_D3_scale': 0.38025517477138343, 'Dv_D1_scale': 0.26227318089496193, 'Dv_D2_scale': 1.32095350711894, 'b_bulk_scale': 0.6773800810619593, 'b_dislocation_scale': 0.21480653016200943, 'gb_scale': 0.3967854071778818, 'gd_bubble_scale': 6.471136986253546, 'gd_line_scale': 0.05274729832618475, 'gd_line_alpha': 0.11456713016603107, 'coalescence_d_scale': 0.23473575818582515, 'capture_scale': 0.6976157502227548}. Best is trial 92 with value: 2.7058288933810783.
[I 2026-05-03 11:20:07,795] Trial 102 finished with value: 3.4631271862430917 and parameters: {'f_n': 8.660132116517238e-07, 'K_d': 188540.2316163721, 'rho_d': 37111297636634.8, 'fission_rate': 7.998089707768157e+19, 'Dg_D1_scale': 2.4794386024123893, 'Dg_D3_scale': 0.3241668308594486, 'Dv_D1_scale': 0.2869356180634605, 'Dv_D2_scale': 1.3525205228221355, 'b_bulk_scale': 0.9883458947112091, 'b_dislocation_scale': 0.17891198873988695, 'gb_scale': 0.24157347365057544, 'gd_bubble_scale': 5.6927844655377156, 'gd_line_scale': 0.05062689479950397, 'gd_line_alpha': 0.08317709263776851, 'coalescence_d_scale': 0.14212308662040657, 'capture_scale': 1.4176129238460713}. Best is trial 92 with value: 2.7058288933810783.
[I 2026-05-03 11:20:14,026] Trial 103 finished with value: 2.873469563563943 and parameters: {'f_n': 1.778229907468599e-06, 'K_d': 174667.20375036093, 'rho_d': 56780742996879.8, 'fission_rate': 7.677366536054283e+19, 'Dg_D1_scale': 2.8015874836971695, 'Dg_D3_scale': 0.41927903329341176, 'Dv_D1_scale': 0.3114943733598712, 'Dv_D2_scale': 1.939154291487804, 'b_bulk_scale': 0.765452847948201, 'b_dislocation_scale': 0.2488910983576288, 'gb_scale': 0.6206818538384768, 'gd_bubble_scale': 3.255031987157049, 'gd_line_scale': 0.058383439735311085, 'gd_line_alpha': 0.15468577282793144, 'coalescence_d_scale': 0.17741691332243809, 'capture_scale': 0.8544573114193417}. Best is trial 92 with value: 2.7058288933810783.
[I 2026-05-03 11:20:18,378] Trial 104 finished with value: 2.9693591534964163 and parameters: {'f_n': 1.7416664086815889e-06, 'K_d': 171670.07008611207, 'rho_d': 60446959616075.586, 'fission_rate': 7.616812513629751e+19, 'Dg_D1_scale': 3.615574774298282, 'Dg_D3_scale': 0.518337785951446, 'Dv_D1_scale': 0.24215390921196445, 'Dv_D2_scale': 1.8450317886200396, 'b_bulk_scale': 0.8993310379127785, 'b_dislocation_scale': 0.3172317990127855, 'gb_scale': 0.700529698240297, 'gd_bubble_scale': 3.069068864864636, 'gd_line_scale': 0.08073213496689757, 'gd_line_alpha': 0.04488021487707686, 'coalescence_d_scale': 0.1778202516966709, 'capture_scale': 0.8731368459185734}. Best is trial 92 with value: 2.7058288933810783.
[I 2026-05-03 11:20:24,463] Trial 105 finished with value: 3.5217302432725015 and parameters: {'f_n': 1.9462120382158947e-06, 'K_d': 147682.444697031, 'rho_d': 47399870589252.03, 'fission_rate': 7.717464604701139e+19, 'Dg_D1_scale': 2.8465300013514487, 'Dg_D3_scale': 0.4060344560158681, 'Dv_D1_scale': 0.21136275418931774, 'Dv_D2_scale': 1.0853466904727156, 'b_bulk_scale': 0.7825328625977392, 'b_dislocation_scale': 0.28191288374646567, 'gb_scale': 0.8443976054557081, 'gd_bubble_scale': 2.587531228650266, 'gd_line_scale': 0.06765668839121748, 'gd_line_alpha': 0.1501120015780997, 'coalescence_d_scale': 0.1151445497976305, 'capture_scale': 0.5203178709236609}. Best is trial 92 with value: 2.7058288933810783.
[I 2026-05-03 11:20:30,938] Trial 106 finished with value: 2.747962312286532 and parameters: {'f_n': 1.5904529790821131e-06, 'K_d': 227848.85531771914, 'rho_d': 56407627419440.7, 'fission_rate': 7.431898620243347e+19, 'Dg_D1_scale': 3.131852227465699, 'Dg_D3_scale': 0.4789417227967668, 'Dv_D1_scale': 0.314096094072973, 'Dv_D2_scale': 2.9108400181829395, 'b_bulk_scale': 0.6338021343398406, 'b_dislocation_scale': 0.2470221811712622, 'gb_scale': 0.5514410656846578, 'gd_bubble_scale': 3.7888439639796574, 'gd_line_scale': 0.061637997460478586, 'gd_line_alpha': 0.6008288273483924, 'coalescence_d_scale': 0.20812214927958778, 'capture_scale': 0.6653546634035874}. Best is trial 92 with value: 2.7058288933810783.
[I 2026-05-03 11:20:37,259] Trial 107 finished with value: 3.182071401191059 and parameters: {'f_n': 2.3193569791832413e-06, 'K_d': 229015.7076159735, 'rho_d': 37782192525825.734, 'fission_rate': 7.471630327130361e+19, 'Dg_D1_scale': 3.0884445668010003, 'Dg_D3_scale': 0.46569830937641693, 'Dv_D1_scale': 0.28018874430703145, 'Dv_D2_scale': 0.9882670620207201, 'b_bulk_scale': 0.5848321059880235, 'b_dislocation_scale': 0.16014276167520217, 'gb_scale': 0.5678008773504221, 'gd_bubble_scale': 1.444284017033475, 'gd_line_scale': 0.09713300341082746, 'gd_line_alpha': 0.5714225819749863, 'coalescence_d_scale': 0.16198042190523623, 'capture_scale': 0.43577171877242443}. Best is trial 92 with value: 2.7058288933810783.
[I 2026-05-03 11:20:43,468] Trial 108 finished with value: 3.7471221111665374 and parameters: {'f_n': 6.181783077151328e-07, 'K_d': 242981.94238591855, 'rho_d': 50113256825496.98, 'fission_rate': 7.392339567930615e+19, 'Dg_D1_scale': 0.3473818610334455, 'Dg_D3_scale': 0.3821235236582703, 'Dv_D1_scale': 0.23870679573409068, 'Dv_D2_scale': 2.1881123232588875, 'b_bulk_scale': 1.0795784427716324, 'b_dislocation_scale': 0.1842747307984772, 'gb_scale': 0.183615602198193, 'gd_bubble_scale': 3.8449682161181244, 'gd_line_scale': 0.06946328084205104, 'gd_line_alpha': 0.6665712384090965, 'coalescence_d_scale': 0.20582521041723184, 'capture_scale': 0.7152219877140645}. Best is trial 92 with value: 2.7058288933810783.Best trial: 92. Best value: 2.70583:  27%|██▋       | 108/400 [11:49<29:26,  6.05s/it]Best trial: 92. Best value: 2.70583:  27%|██▋       | 108/400 [11:49<29:26,  6.05s/it]Best trial: 92. Best value: 2.70583:  27%|██▋       | 109/400 [11:49<29:34,  6.10s/it]                                                                                      Best trial: 92. Best value: 2.70583:  27%|██▋       | 109/400 [11:53<29:34,  6.10s/it]Best trial: 92. Best value: 2.70583:  27%|██▋       | 109/400 [11:53<29:34,  6.10s/it]Best trial: 92. Best value: 2.70583:  28%|██▊       | 110/400 [11:53<26:26,  5.47s/it]                                                                                      Best trial: 92. Best value: 2.70583:  28%|██▊       | 110/400 [11:59<26:26,  5.47s/it]Best trial: 92. Best value: 2.70583:  28%|██▊       | 110/400 [11:59<26:26,  5.47s/it]Best trial: 92. Best value: 2.70583:  28%|██▊       | 111/400 [11:59<27:37,  5.74s/it]                                                                                      Best trial: 92. Best value: 2.70583:  28%|██▊       | 111/400 [12:05<27:37,  5.74s/it]Best trial: 92. Best value: 2.70583:  28%|██▊       | 111/400 [12:05<27:37,  5.74s/it]Best trial: 92. Best value: 2.70583:  28%|██▊       | 112/400 [12:05<28:10,  5.87s/it]                                                                                      Best trial: 92. Best value: 2.70583:  28%|██▊       | 112/400 [12:12<28:10,  5.87s/it]Best trial: 92. Best value: 2.70583:  28%|██▊       | 112/400 [12:12<28:10,  5.87s/it]Best trial: 92. Best value: 2.70583:  28%|██▊       | 113/400 [12:12<29:02,  6.07s/it]                                                                                      Best trial: 92. Best value: 2.70583:  28%|██▊       | 113/400 [12:18<29:02,  6.07s/it]Best trial: 92. Best value: 2.70583:  28%|██▊       | 113/400 [12:18<29:02,  6.07s/it]Best trial: 92. Best value: 2.70583:  28%|██▊       | 114/400 [12:18<29:30,  6.19s/it]                                                                                      Best trial: 92. Best value: 2.70583:  28%|██▊       | 114/400 [12:23<29:30,  6.19s/it]Best trial: 92. Best value: 2.70583:  28%|██▊       | 114/400 [12:23<29:30,  6.19s/it]Best trial: 92. Best value: 2.70583:  29%|██▉       | 115/400 [12:23<26:46,  5.64s/it]                                                                                      Best trial: 92. Best value: 2.70583:  29%|██▉       | 115/400 [12:29<26:46,  5.64s/it]Best trial: 92. Best value: 2.70583:  29%|██▉       | 115/400 [12:29<26:46,  5.64s/it]Best trial: 92. Best value: 2.70583:  29%|██▉       | 116/400 [12:29<27:14,  5.75s/it]                                                                                      Best trial: 92. Best value: 2.70583:  29%|██▉       | 116/400 [12:35<27:14,  5.75s/it]Best trial: 92. Best value: 2.70583:  29%|██▉       | 116/400 [12:35<27:14,  5.75s/it]Best trial: 92. Best value: 2.70583:  29%|██▉       | 117/400 [12:35<27:50,  5.90s/it]                                                                                      Best trial: 92. Best value: 2.70583:  29%|██▉       | 117/400 [12:41<27:50,  5.90s/it]Best trial: 92. Best value: 2.70583:  29%|██▉       | 117/400 [12:41<27:50,  5.90s/it]Best trial: 92. Best value: 2.70583:  30%|██▉       | 118/400 [12:41<28:26,  6.05s/it]                                                                                      Best trial: 92. Best value: 2.70583:  30%|██▉       | 118/400 [12:48<28:26,  6.05s/it]Best trial: 92. Best value: 2.70583:  30%|██▉       | 118/400 [12:48<28:26,  6.05s/it]Best trial: 92. Best value: 2.70583:  30%|██▉       | 119/400 [12:48<28:53,  6.17s/it]                                                                                      Best trial: 92. Best value: 2.70583:  30%|██▉       | 119/400 [12:52<28:53,  6.17s/it]Best trial: 92. Best value: 2.70583:  30%|██▉       | 119/400 [12:52<28:53,  6.17s/it]Best trial: 92. Best value: 2.70583:  30%|███       | 120/400 [12:52<26:42,  5.72s/it]                                                                                      
[I 2026-05-03 11:20:47,484] Trial 109 finished with value: 3.3606971637595917 and parameters: {'f_n': 1.4471374317040026e-06, 'K_d': 256946.56805874786, 'rho_d': 31707763587313.863, 'fission_rate': 7.781781339726327e+19, 'Dg_D1_scale': 3.328436865884177, 'Dg_D3_scale': 0.48096525411817526, 'Dv_D1_scale': 0.2562540735507684, 'Dv_D2_scale': 3.590053447074812, 'b_bulk_scale': 0.40872836693116316, 'b_dislocation_scale': 0.1208873293908573, 'gb_scale': 0.21867673011195052, 'gd_bubble_scale': 4.497108217094158, 'gd_line_scale': 0.07866535134831097, 'gd_line_alpha': 0.5712297872667463, 'coalescence_d_scale': 0.13641688593278084, 'capture_scale': 1.042094714535825}. Best is trial 92 with value: 2.7058288933810783.
[I 2026-05-03 11:20:53,834] Trial 110 finished with value: 3.921158276968879 and parameters: {'f_n': 2.9599818190077993e-06, 'K_d': 157896.22357803574, 'rho_d': 26075171150093.496, 'fission_rate': 7.271236661459428e+19, 'Dg_D1_scale': 2.5588888276517365, 'Dg_D3_scale': 0.675939355162987, 'Dv_D1_scale': 0.29185234842239804, 'Dv_D2_scale': 2.8985924110072343, 'b_bulk_scale': 0.359914663347922, 'b_dislocation_scale': 0.24597316232400104, 'gb_scale': 0.28606019413418854, 'gd_bubble_scale': 2.065133916166767, 'gd_line_scale': 0.06009162700315523, 'gd_line_alpha': 0.014408069264574913, 'coalescence_d_scale': 0.14782016386446423, 'capture_scale': 1.213718979399251}. Best is trial 92 with value: 2.7058288933810783.
[I 2026-05-03 11:21:00,017] Trial 111 finished with value: 3.6883315528428695 and parameters: {'f_n': 1.6030873612776766e-06, 'K_d': 177883.87320129923, 'rho_d': 55502896191190.97, 'fission_rate': 7.635278240181989e+19, 'Dg_D1_scale': 2.8811313132469807, 'Dg_D3_scale': 0.4298038462575165, 'Dv_D1_scale': 0.312328615616038, 'Dv_D2_scale': 2.6325645170167826, 'b_bulk_scale': 0.6358845142873721, 'b_dislocation_scale': 0.43367792330136534, 'gb_scale': 0.6073312471445043, 'gd_bubble_scale': 3.138788152630206, 'gd_line_scale': 0.06361443291984976, 'gd_line_alpha': 0.06027816202300469, 'coalescence_d_scale': 0.1000090283445673, 'capture_scale': 0.918868587484028}. Best is trial 92 with value: 2.7058288933810783.
[I 2026-05-03 11:21:06,564] Trial 112 finished with value: 2.792445833638227 and parameters: {'f_n': 1.2430989180362264e-06, 'K_d': 198426.4659585889, 'rho_d': 34691537231112.223, 'fission_rate': 7.159255566065763e+19, 'Dg_D1_scale': 2.7578449631395303, 'Dg_D3_scale': 0.5276593012787553, 'Dv_D1_scale': 0.23408587687381668, 'Dv_D2_scale': 1.5850950358318558, 'b_bulk_scale': 0.7281001161912227, 'b_dislocation_scale': 0.16559830565705763, 'gb_scale': 0.9481918107527767, 'gd_bubble_scale': 3.532357885248315, 'gd_line_scale': 0.05833235743176882, 'gd_line_alpha': 0.72188248913098, 'coalescence_d_scale': 0.1873348775701593, 'capture_scale': 0.6831778686582765}. Best is trial 92 with value: 2.7058288933810783.
[I 2026-05-03 11:21:13,035] Trial 113 finished with value: 3.368816609913832 and parameters: {'f_n': 1.177165557366563e-06, 'K_d': 198170.21638015533, 'rho_d': 28115504709071.723, 'fission_rate': 7.1335702180965835e+19, 'Dg_D1_scale': 0.22859278873484956, 'Dg_D3_scale': 0.52929685350414, 'Dv_D1_scale': 0.23665980650910082, 'Dv_D2_scale': 1.1752133293160576, 'b_bulk_scale': 0.5683961792746095, 'b_dislocation_scale': 0.15586788873787652, 'gb_scale': 0.9671779969400711, 'gd_bubble_scale': 3.4720595101065057, 'gd_line_scale': 0.08404510769327152, 'gd_line_alpha': 0.7983407237202726, 'coalescence_d_scale': 0.11778272072871486, 'capture_scale': 0.5544815243887142}. Best is trial 92 with value: 2.7058288933810783.
[I 2026-05-03 11:21:17,376] Trial 114 finished with value: 3.2733399691268503 and parameters: {'f_n': 8.946140395844255e-07, 'K_d': 277191.4313321743, 'rho_d': 34498142887755.008, 'fission_rate': 7.488151335676545e+19, 'Dg_D1_scale': 2.2522084540888563, 'Dg_D3_scale': 1.5785233550516664, 'Dv_D1_scale': 0.2119930700098077, 'Dv_D2_scale': 1.0907532079788462, 'b_bulk_scale': 0.47551986411137687, 'b_dislocation_scale': 0.09594509638652209, 'gb_scale': 1.4269902343499965, 'gd_bubble_scale': 1.7115484009343513, 'gd_line_scale': 0.05629884565953777, 'gd_line_alpha': 0.733202430049569, 'coalescence_d_scale': 0.2028859971312104, 'capture_scale': 0.6773752803963137}. Best is trial 92 with value: 2.7058288933810783.
