[I 2026-05-03 11:25:40,648] Trial 156 finished with value: 2.7347044131913285 and parameters: {'f_n': 1.5150735614203488e-06, 'K_d': 112785.7507596312, 'rho_d': 54818854317835.01, 'fission_rate': 6.928458327354026e+19, 'Dg_D1_scale': 3.741023862934703, 'Dg_D3_scale': 1.0251898756282118, 'Dv_D1_scale': 0.24529905192378404, 'Dv_D2_scale': 2.612617189766712, 'b_bulk_scale': 1.110770104209709, 'b_dislocation_scale': 0.09840584174565775, 'gb_scale': 2.4558698714296754, 'gd_bubble_scale': 2.484470326575253, 'gd_line_scale': 0.06406565752896937, 'gd_line_alpha': 0.7729285124180459, 'coalescence_d_scale': 0.12222962001551532, 'capture_scale': 0.45366210884803787}. Best is trial 144 with value: 2.665281004024817.Best trial: 144. Best value: 2.66528:  39%|███▉      | 156/400 [16:46<25:44,  6.33s/it]Best trial: 144. Best value: 2.66528:  39%|███▉      | 156/400 [16:46<25:44,  6.33s/it]Best trial: 144. Best value: 2.66528:  39%|███▉      | 157/400 [16:46<26:11,  6.47s/it]                                                                                       Best trial: 144. Best value: 2.66528:  39%|███▉      | 157/400 [16:53<26:11,  6.47s/it]Best trial: 144. Best value: 2.66528:  39%|███▉      | 157/400 [16:53<26:11,  6.47s/it]Best trial: 144. Best value: 2.66528:  40%|███▉      | 158/400 [16:53<26:46,  6.64s/it]                                                                                       Best trial: 144. Best value: 2.66528:  40%|███▉      | 158/400 [16:58<26:46,  6.64s/it]Best trial: 144. Best value: 2.66528:  40%|███▉      | 158/400 [16:58<26:46,  6.64s/it]Best trial: 144. Best value: 2.66528:  40%|███▉      | 159/400 [16:58<24:40,  6.14s/it]                                                                                       Best trial: 144. Best value: 2.66528:  40%|███▉      | 159/400 [17:05<24:40,  6.14s/it]Best trial: 144. Best value: 2.66528:  40%|███▉      | 159/400 [17:05<24:40,  6.14s/it]Best trial: 144. Best value: 2.66528:  40%|████      | 160/400 [17:05<25:28,  6.37s/it]                                                                                       Best trial: 144. Best value: 2.66528:  40%|████      | 160/400 [17:12<25:28,  6.37s/it]Best trial: 144. Best value: 2.66528:  40%|████      | 160/400 [17:12<25:28,  6.37s/it]Best trial: 144. Best value: 2.66528:  40%|████      | 161/400 [17:12<26:02,  6.54s/it]                                                                                       Best trial: 144. Best value: 2.66528:  40%|████      | 161/400 [17:19<26:02,  6.54s/it]Best trial: 144. Best value: 2.66528:  40%|████      | 161/400 [17:19<26:02,  6.54s/it]Best trial: 144. Best value: 2.66528:  40%|████      | 162/400 [17:19<26:30,  6.68s/it]                                                                                       Best trial: 144. Best value: 2.66528:  40%|████      | 162/400 [17:24<26:30,  6.68s/it]Best trial: 144. Best value: 2.66528:  40%|████      | 162/400 [17:24<26:30,  6.68s/it]Best trial: 144. Best value: 2.66528:  41%|████      | 163/400 [17:24<24:25,  6.18s/it]                                                                                       Best trial: 144. Best value: 2.66528:  41%|████      | 163/400 [17:30<24:25,  6.18s/it]Best trial: 144. Best value: 2.66528:  41%|████      | 163/400 [17:30<24:25,  6.18s/it]Best trial: 144. Best value: 2.66528:  41%|████      | 164/400 [17:30<24:43,  6.29s/it]                                                                                       Best trial: 144. Best value: 2.66528:  41%|████      | 164/400 [17:37<24:43,  6.29s/it]Best trial: 144. Best value: 2.66528:  41%|████      | 164/400 [17:37<24:43,  6.29s/it]Best trial: 144. Best value: 2.66528:  41%|████▏     | 165/400 [17:37<24:51,  6.35s/it]                                                                                       Best trial: 144. Best value: 2.66528:  41%|████▏     | 165/400 [17:43<24:51,  6.35s/it]Best trial: 144. Best value: 2.66528:  41%|████▏     | 165/400 [17:43<24:51,  6.35s/it]Best trial: 144. Best value: 2.66528:  42%|████▏     | 166/400 [17:43<24:53,  6.38s/it]                                                                                       Best trial: 144. Best value: 2.66528:  42%|████▏     | 166/400 [17:50<24:53,  6.38s/it]Best trial: 144. Best value: 2.66528:  42%|████▏     | 166/400 [17:50<24:53,  6.38s/it]Best trial: 144. Best value: 2.66528:  42%|████▏     | 167/400 [17:50<24:52,  6.40s/it]                                                                                       Best trial: 144. Best value: 2.66528:  42%|████▏     | 167/400 [17:55<24:52,  6.40s/it]Best trial: 144. Best value: 2.66528:  42%|████▏     | 167/400 [17:55<24:52,  6.40s/it]Best trial: 144. Best value: 2.66528:  42%|████▏     | 168/400 [17:55<22:56,  5.93s/it]                                                                                       
[I 2026-05-03 11:25:47,690] Trial 157 finished with value: 2.765277402512959 and parameters: {'f_n': 2.28506642188226e-06, 'K_d': 118654.38215449374, 'rho_d': 56201872081584.43, 'fission_rate': 6.739716897650768e+19, 'Dg_D1_scale': 3.971877003341426, 'Dg_D3_scale': 1.240282287843445, 'Dv_D1_scale': 0.24416382622407817, 'Dv_D2_scale': 3.05332690066337, 'b_bulk_scale': 1.1294842464014003, 'b_dislocation_scale': 0.09185279595591062, 'gb_scale': 2.483903572246556, 'gd_bubble_scale': 2.3519667062799168, 'gd_line_scale': 0.06280799639308243, 'gd_line_alpha': 0.6460181282704774, 'coalescence_d_scale': 0.11915864465773468, 'capture_scale': 0.45282637209465204}. Best is trial 144 with value: 2.665281004024817.
[I 2026-05-03 11:25:52,676] Trial 158 finished with value: 2.9408029997228833 and parameters: {'f_n': 1.6835572910722653e-06, 'K_d': 104346.4606267665, 'rho_d': 50731705548753.23, 'fission_rate': 6.9394342330082935e+19, 'Dg_D1_scale': 3.2625322399867285, 'Dg_D3_scale': 1.1433619484879811, 'Dv_D1_scale': 0.20720331059146976, 'Dv_D2_scale': 2.5911531689768204, 'b_bulk_scale': 1.70552532431466, 'b_dislocation_scale': 0.08120601721812121, 'gb_scale': 2.7955007955111, 'gd_bubble_scale': 5.329709930553936, 'gd_line_scale': 0.05586928317738759, 'gd_line_alpha': 0.7712906239950276, 'coalescence_d_scale': 0.10052056514111775, 'capture_scale': 0.5540615400202193}. Best is trial 144 with value: 2.665281004024817.
[I 2026-05-03 11:25:59,567] Trial 159 finished with value: 2.6846048541178273 and parameters: {'f_n': 2.4849597934020206e-06, 'K_d': 114732.24757190511, 'rho_d': 54862389863925.29, 'fission_rate': 6.8520505188156146e+19, 'Dg_D1_scale': 3.3823605078644348, 'Dg_D3_scale': 0.9064734910751788, 'Dv_D1_scale': 0.21243305691577896, 'Dv_D2_scale': 2.8360744713380863, 'b_bulk_scale': 0.9515064462838247, 'b_dislocation_scale': 0.09658771242836856, 'gb_scale': 2.1663242514861576, 'gd_bubble_scale': 3.017319659692309, 'gd_line_scale': 0.08873224347958063, 'gd_line_alpha': 0.6025435938949458, 'coalescence_d_scale': 0.16237701002598756, 'capture_scale': 0.4855100369062478}. Best is trial 144 with value: 2.665281004024817.
[I 2026-05-03 11:26:06,501] Trial 160 finished with value: 3.189745404283329 and parameters: {'f_n': 2.443460831650848e-06, 'K_d': 113968.65415962045, 'rho_d': 68927411755474.55, 'fission_rate': 6.8165548030276215e+19, 'Dg_D1_scale': 3.446140102704546, 'Dg_D3_scale': 0.9304138810912003, 'Dv_D1_scale': 0.2319277539073783, 'Dv_D2_scale': 2.300465484678242, 'b_bulk_scale': 1.4292054068112274, 'b_dislocation_scale': 0.07018817301578387, 'gb_scale': 2.183640163837965, 'gd_bubble_scale': 4.0234419213904555, 'gd_line_scale': 0.06254934240313703, 'gd_line_alpha': 0.6110870154073376, 'coalescence_d_scale': 0.16474543357203078, 'capture_scale': 0.4836450691648411}. Best is trial 144 with value: 2.665281004024817.
[I 2026-05-03 11:26:13,514] Trial 161 finished with value: 4.579604417159771 and parameters: {'f_n': 1.0517903879094903e-10, 'K_d': 132695.05208056993, 'rho_d': 54715899127589.17, 'fission_rate': 7.0101451443464765e+19, 'Dg_D1_scale': 3.125954746694662, 'Dg_D3_scale': 1.0427865971571515, 'Dv_D1_scale': 0.21382995520915418, 'Dv_D2_scale': 2.793192163859533, 'b_bulk_scale': 0.9446748882270741, 'b_dislocation_scale': 0.09678109635860671, 'gb_scale': 2.393524233103844, 'gd_bubble_scale': 3.1787407002848176, 'gd_line_scale': 0.08908362267249524, 'gd_line_alpha': 0.5868825434595709, 'coalescence_d_scale': 2.1083031739800364, 'capture_scale': 0.3919157793010557}. Best is trial 144 with value: 2.665281004024817.
[I 2026-05-03 11:26:18,538] Trial 162 finished with value: 2.876157612521051 and parameters: {'f_n': 1.9541392393004402e-06, 'K_d': 109789.97159284599, 'rho_d': 59471445889963.45, 'fission_rate': 6.909929290226849e+19, 'Dg_D1_scale': 3.7134368165534277, 'Dg_D3_scale': 0.8775997025305555, 'Dv_D1_scale': 0.20093455404132549, 'Dv_D2_scale': 2.9081013383928593, 'b_bulk_scale': 1.2511621167097329, 'b_dislocation_scale': 0.08728819503005257, 'gb_scale': 1.600624830643823, 'gd_bubble_scale': 3.006559765564306, 'gd_line_scale': 0.07613682110659124, 'gd_line_alpha': 0.7483723548904279, 'coalescence_d_scale': 0.11196022279199742, 'capture_scale': 0.6051745421085863}. Best is trial 144 with value: 2.665281004024817.
[I 2026-05-03 11:26:25,069] Trial 163 finished with value: 2.76693727765662 and parameters: {'f_n': 1.6798409664581122e-06, 'K_d': 122064.03077419041, 'rho_d': 44797472318717.016, 'fission_rate': 7.018431743314305e+19, 'Dg_D1_scale': 2.9334885276415013, 'Dg_D3_scale': 0.9786606705465569, 'Dv_D1_scale': 0.22343523125984763, 'Dv_D2_scale': 3.1711564040035474, 'b_bulk_scale': 0.8913638748527684, 'b_dislocation_scale': 0.10363078668127147, 'gb_scale': 3.0865676846136987, 'gd_bubble_scale': 4.560102714971913, 'gd_line_scale': 0.05413331112419533, 'gd_line_alpha': 0.6948793683698749, 'coalescence_d_scale': 0.14806263870679368, 'capture_scale': 0.5329132386533012}. Best is trial 144 with value: 2.665281004024817.
[I 2026-05-03 11:26:31,557] Trial 164 finished with value: 2.7067695310710915 and parameters: {'f_n': 2.3470550921405817e-06, 'K_d': 101019.99651090997, 'rho_d': 51648370738058.58, 'fission_rate': 7.098614961680023e+19, 'Dg_D1_scale': 3.343347200277565, 'Dg_D3_scale': 0.8001985102190314, 'Dv_D1_scale': 0.24616654561194962, 'Dv_D2_scale': 2.427096620828393, 'b_bulk_scale': 1.0603856328399741, 'b_dislocation_scale': 0.08078377502893028, 'gb_scale': 1.9986895599402223, 'gd_bubble_scale': 3.3982685300161446, 'gd_line_scale': 0.0654087438237075, 'gd_line_alpha': 0.5306554720752277, 'coalescence_d_scale': 0.12322374680162815, 'capture_scale': 0.44460401958224677}. Best is trial 144 with value: 2.665281004024817.
[I 2026-05-03 11:26:38,017] Trial 165 finished with value: 2.7295892869371463 and parameters: {'f_n': 2.4958522372017797e-06, 'K_d': 101948.80637120223, 'rho_d': 52335232977640.27, 'fission_rate': 7.225826115617628e+19, 'Dg_D1_scale': 3.992531034698077, 'Dg_D3_scale': 0.7920201125732534, 'Dv_D1_scale': 0.24455596089271672, 'Dv_D2_scale': 2.446051123314054, 'b_bulk_scale': 1.10299448517653, 'b_dislocation_scale': 0.0735084562372262, 'gb_scale': 2.5439775394405446, 'gd_bubble_scale': 3.424605006024754, 'gd_line_scale': 0.06476481837563665, 'gd_line_alpha': 0.5221534577718974, 'coalescence_d_scale': 0.12919143911558426, 'capture_scale': 0.4263374527863117}. Best is trial 144 with value: 2.665281004024817.
[I 2026-05-03 11:26:44,473] Trial 166 finished with value: 5.1378321694741205 and parameters: {'f_n': 2.9956535779009123e-06, 'K_d': 100291.28053039197, 'rho_d': 52343596609279.28, 'fission_rate': 6.800348642448187e+19, 'Dg_D1_scale': 3.9827192672714697, 'Dg_D3_scale': 0.8306086354555514, 'Dv_D1_scale': 0.2535408785655299, 'Dv_D2_scale': 2.4519086121205813, 'b_bulk_scale': 0.988356843438369, 'b_dislocation_scale': 3.6796494627076597, 'gb_scale': 2.0088246226384365, 'gd_bubble_scale': 3.3573314886066847, 'gd_line_scale': 0.06772825242817015, 'gd_line_alpha': 0.5339731113942728, 'coalescence_d_scale': 0.12575761621759285, 'capture_scale': 0.43577251512546955}. Best is trial 144 with value: 2.665281004024817.
[I 2026-05-03 11:26:49,302] Trial 167 finished with value: 2.8305106117951193 and parameters: {'f_n': 2.4804648043347923e-06, 'K_d': 106480.31296038367, 'rho_d': 49213604087762.8, 'fission_rate': 7.124438263493494e+19, 'Dg_D1_scale': 3.732792105666112, 'Dg_D3_scale': 0.9107969018844809, 'Dv_D1_scale': 0.23846620194181614, 'Dv_D2_scale': 2.579844334707321, 'b_bulk_scale': 1.1589399822678939, 'b_dislocation_scale': 0.060850736446914695, 'gb_scale': 2.5434752385513404, 'gd_bubble_scale': 2.3119447043765398, 'gd_line_scale': 0.05090281077293596, 'gd_line_alpha': 0.4925496726057337, 'coalescence_d_scale': 0.1403124828645819, 'capture_scale': 0.2282121960366401}. Best is trial 144 with value: 2.665281004024817.
[I 2026-05-03 11:26:56,073] Trial 168 finished with value: 2.7997670939669588 and parameters: {'f_n': 2.022604560195371e-06, 'K_d': 115145.52457104073, 'rho_d': 62570824071700.83, 'fission_rate': 6.9436578129269465e+19, 'Dg_D1_scale': 0.6279922765103838, 'Dg_D3_scale': 0.7762011691142148, 'Dv_D1_scale': 0.2656224253083854, 'Dv_D2_scale': 2.366352142567147, 'b_bulk_scale': 1.086761397824738, 'b_dislocation_scale': 0.07453427668558815, 'gb_scale': 2.271849184807386, 'gd_bubble_scale': 3.4158965082753614, 'gd_line_scale': 0.056424953078267545, 'gd_line_alpha': 0.5085937281774247, 'coalescence_d_scale': 0.12130493307881629, 'capture_scale': 0.3979552414147897}. Best is trial 144 with value: 2.665281004024817.Best trial: 144. Best value: 2.66528:  42%|████▏     | 168/400 [18:01<22:56,  5.93s/it]Best trial: 144. Best value: 2.66528:  42%|████▏     | 168/400 [18:01<22:56,  5.93s/it]Best trial: 144. Best value: 2.66528:  42%|████▏     | 169/400 [18:01<23:48,  6.18s/it]                                                                                       Best trial: 144. Best value: 2.66528:  42%|████▏     | 169/400 [18:08<23:48,  6.18s/it]Best trial: 144. Best value: 2.66528:  42%|████▏     | 169/400 [18:08<23:48,  6.18s/it]Best trial: 144. Best value: 2.66528:  42%|████▎     | 170/400 [18:08<24:00,  6.26s/it]                                                                                       Best trial: 144. Best value: 2.66528:  42%|████▎     | 170/400 [18:15<24:00,  6.26s/it]Best trial: 144. Best value: 2.66528:  42%|████▎     | 170/400 [18:15<24:00,  6.26s/it]Best trial: 144. Best value: 2.66528:  43%|████▎     | 171/400 [18:15<24:36,  6.45s/it]                                                                                       Best trial: 144. Best value: 2.66528:  43%|████▎     | 171/400 [18:21<24:36,  6.45s/it]Best trial: 144. Best value: 2.66528:  43%|████▎     | 171/400 [18:21<24:36,  6.45s/it]Best trial: 144. Best value: 2.66528:  43%|████▎     | 172/400 [18:21<24:16,  6.39s/it]                                                                                       Best trial: 144. Best value: 2.66528:  43%|████▎     | 172/400 [18:26<24:16,  6.39s/it]Best trial: 144. Best value: 2.66528:  43%|████▎     | 172/400 [18:26<24:16,  6.39s/it]Best trial: 144. Best value: 2.66528:  43%|████▎     | 173/400 [18:26<22:42,  6.00s/it]                                                                                       Best trial: 144. Best value: 2.66528:  43%|████▎     | 173/400 [18:32<22:42,  6.00s/it]Best trial: 144. Best value: 2.66528:  43%|████▎     | 173/400 [18:33<22:42,  6.00s/it]Best trial: 144. Best value: 2.66528:  44%|████▎     | 174/400 [18:33<23:10,  6.15s/it]                                                                                       Best trial: 144. Best value: 2.66528:  44%|████▎     | 174/400 [18:39<23:10,  6.15s/it]Best trial: 144. Best value: 2.66528:  44%|████▎     | 174/400 [18:39<23:10,  6.15s/it]Best trial: 144. Best value: 2.66528:  44%|████▍     | 175/400 [18:39<23:33,  6.28s/it]                                                                                       Best trial: 144. Best value: 2.66528:  44%|████▍     | 175/400 [18:46<23:33,  6.28s/it]Best trial: 144. Best value: 2.66528:  44%|████▍     | 175/400 [18:46<23:33,  6.28s/it]Best trial: 144. Best value: 2.66528:  44%|████▍     | 176/400 [18:46<23:54,  6.41s/it]                                                                                       Best trial: 144. Best value: 2.66528:  44%|████▍     | 176/400 [18:52<23:54,  6.41s/it]Best trial: 144. Best value: 2.66528:  44%|████▍     | 176/400 [18:52<23:54,  6.41s/it]Best trial: 144. Best value: 2.66528:  44%|████▍     | 177/400 [18:52<23:46,  6.40s/it]                                                                                       Best trial: 144. Best value: 2.66528:  44%|████▍     | 177/400 [18:57<23:46,  6.40s/it]Best trial: 177. Best value: 2.64812:  44%|████▍     | 177/400 [18:57<23:46,  6.40s/it]Best trial: 177. Best value: 2.64812:  44%|████▍     | 178/400 [18:57<21:41,  5.86s/it]                                                                                       Best trial: 177. Best value: 2.64812:  44%|████▍     | 178/400 [19:03<21:41,  5.86s/it]Best trial: 178. Best value: 2.64494:  44%|████▍     | 178/400 [19:03<21:41,  5.86s/it]Best trial: 178. Best value: 2.64494:  45%|████▍     | 179/400 [19:03<22:20,  6.06s/it]                                                                                       Best trial: 178. Best value: 2.64494:  45%|████▍     | 179/400 [19:10<22:20,  6.06s/it]Best trial: 178. Best value: 2.64494:  45%|████▍     | 179/400 [19:10<22:20,  6.06s/it]Best trial: 178. Best value: 2.64494:  45%|████▌     | 180/400 [19:10<22:46,  6.21s/it]                                                                                       
[I 2026-05-03 11:27:02,519] Trial 169 finished with value: 9.172578033742436 and parameters: {'f_n': 2.4758440801323255e-06, 'K_d': 125130.82875937135, 'rho_d': 42783217905032.1, 'fission_rate': 7.228165248788263e+19, 'Dg_D1_scale': 3.4142414631478797, 'Dg_D3_scale': 0.9924116933555318, 'Dv_D1_scale': 0.24394050359409533, 'Dv_D2_scale': 2.165488115497007, 'b_bulk_scale': 1.6092813379775863, 'b_dislocation_scale': 0.07925259311017811, 'gb_scale': 1.878587072713365, 'gd_bubble_scale': 1.9942644486047425, 'gd_line_scale': 0.050128178454150976, 'gd_line_alpha': 0.560874506352155, 'coalescence_d_scale': 14.000352041963676, 'capture_scale': 0.3630020069241425}. Best is trial 144 with value: 2.665281004024817.
[I 2026-05-03 11:27:09,402] Trial 170 finished with value: 2.9124633610413997 and parameters: {'f_n': 2.9687058666418345e-06, 'K_d': 149654.37937501757, 'rho_d': 48314122125886.9, 'fission_rate': 6.712903929567855e+19, 'Dg_D1_scale': 3.5766585370814323, 'Dg_D3_scale': 1.0987631090405445, 'Dv_D1_scale': 0.22377287604981225, 'Dv_D2_scale': 3.521519804772397, 'b_bulk_scale': 1.292527166002532, 'b_dislocation_scale': 0.05563909045897118, 'gb_scale': 2.949432999848774, 'gd_bubble_scale': 3.0244027711882033, 'gd_line_scale': 0.07498381643274105, 'gd_line_alpha': 0.6329065878789879, 'coalescence_d_scale': 0.15460771996895284, 'capture_scale': 0.48284800340513556}. Best is trial 144 with value: 2.665281004024817.
[I 2026-05-03 11:27:15,650] Trial 171 finished with value: 2.759179770143017 and parameters: {'f_n': 2.0492162289831734e-06, 'K_d': 106279.46911705157, 'rho_d': 57578803279018.14, 'fission_rate': 7.403191782922548e+19, 'Dg_D1_scale': 3.2638731076756353, 'Dg_D3_scale': 0.8165175133481376, 'Dv_D1_scale': 0.23165236853963328, 'Dv_D2_scale': 2.8907867270915135, 'b_bulk_scale': 2.351278496916883, 'b_dislocation_scale': 0.09231432834160334, 'gb_scale': 3.577401409350408, 'gd_bubble_scale': 3.793274477420628, 'gd_line_scale': 0.06196789711744876, 'gd_line_alpha': 0.6805476470722851, 'coalescence_d_scale': 0.1341102232965352, 'capture_scale': 0.5283505260065758}. Best is trial 144 with value: 2.665281004024817.
[I 2026-05-03 11:27:20,735] Trial 172 finished with value: 2.932638383992135 and parameters: {'f_n': 1.3258564311962212e-06, 'K_d': 116769.12349012913, 'rho_d': 53923723646130.52, 'fission_rate': 6.867638578809893e+19, 'Dg_D1_scale': 3.7874765806321165, 'Dg_D3_scale': 0.9154655017690979, 'Dv_D1_scale': 0.21213840002741335, 'Dv_D2_scale': 2.6784965640962697, 'b_bulk_scale': 0.8386024567905085, 'b_dislocation_scale': 0.08300010672225873, 'gb_scale': 1.4784752670418713, 'gd_bubble_scale': 4.1961325474629785, 'gd_line_scale': 0.06435924407767848, 'gd_line_alpha': 0.47393846602440726, 'coalescence_d_scale': 0.11699494972327498, 'capture_scale': 0.5953961948878722}. Best is trial 144 with value: 2.665281004024817.
[I 2026-05-03 11:27:27,254] Trial 173 finished with value: 2.692974038535671 and parameters: {'f_n': 2.3173972264097233e-06, 'K_d': 128003.94187340517, 'rho_d': 51384370157182.875, 'fission_rate': 7.0989959140979294e+19, 'Dg_D1_scale': 3.2565159588223658, 'Dg_D3_scale': 0.6838476448686783, 'Dv_D1_scale': 0.2501580808739431, 'Dv_D2_scale': 1.962684271689626, 'b_bulk_scale': 1.095896379313656, 'b_dislocation_scale': 0.09904319931030099, 'gb_scale': 2.077762422656635, 'gd_bubble_scale': 3.632897345243938, 'gd_line_scale': 0.05804863062840845, 'gd_line_alpha': 0.805774143236645, 'coalescence_d_scale': 0.16085130856593968, 'capture_scale': 0.4236024168066185}. Best is trial 144 with value: 2.665281004024817.
