[I 2026-05-03 11:50:07,790] Trial 399 finished with value: 2.5472697681063985 and parameters: {'f_n': 4.0646342927929684e-09, 'K_d': 114760.7386319328, 'rho_d': 31597053055764.016, 'fission_rate': 7.708919646186624e+19, 'Dg_D1_scale': 1.0268258778356762, 'Dg_D3_scale': 2.384767766186925, 'Dv_D1_scale': 0.9277293060261945, 'Dv_D2_scale': 3.9831181181084423, 'b_bulk_scale': 0.03147304788794105, 'b_dislocation_scale': 0.2675783700019085, 'gb_scale': 5.268824945252332, 'gd_bubble_scale': 5.615793444677983, 'gd_line_scale': 0.7925935433669382, 'gd_line_alpha': 0.4307315781079011, 'coalescence_d_scale': 0.43738472139419754, 'capture_scale': 0.02354725284675985}. Best is trial 342 with value: 2.4428822172672136.
Fast trials written to: UN_M7_optuna_v8_rhoFT_results/capture_only/rhoFT_scaled_clipT_s1_fab3.0e+13_dv0.2-2_pW0.7_pF2_part0.8_qgb0.7_prior0.2_R800_sat/optuna_fast_trials_capture_only.csv
--------------------------------------------------------------------------------------------------------------------------------------------------------------------------
rank |     score |                        label |       f_n |       K_d |     rho_d |      Fdot |    Dv |    Dg |     b |    gb |    gd |  coal |   cap |  swD1600 |   Rd1600 |   NdDrop
--------------------------------------------------------------------------------------------------------------------------------------------------------------------------
   1 |     2.443 |  capture_only_v6_trial_00342 |   2.7e-09 |   1.1e+05 |   4.0e+13 |   7.6e+19 |     1 |     1 |     1 |   5.6 |     1 |  0.39 | 0.039 |     1.53 |     87.4 |  -0.0353
   2 |     2.443 |  capture_only_v6_trial_00360 |   2.3e-09 |   1.1e+05 |   3.1e+13 |   7.9e+19 |     1 |     1 |     1 |   5.6 |     1 |  0.46 |  0.04 |     1.53 |     96.6 |  -0.0462
   3 |     2.451 |  capture_only_v6_trial_00397 |   6.3e-09 |   1.1e+05 |   3.3e+13 |   7.7e+19 |     1 |     1 |     1 |   5.3 |     1 |  0.46 | 0.024 |     1.63 |     95.7 |  -0.0415
   4 |     2.452 |  capture_only_v6_trial_00396 |   3.7e-09 |   1.1e+05 |   3.2e+13 |   7.7e+19 |     1 |     1 |     1 |   6.2 |     1 |  0.44 | 0.024 |     1.62 |     96.4 |  -0.0411
   5 |     2.455 |  capture_only_v6_trial_00333 |   4.9e-09 |   1.1e+05 |   4.3e+13 |   7.5e+19 |     1 |     1 |     1 |   6.3 |     1 |  0.38 | 0.044 |      1.4 |     84.4 |  -0.0404
   6 |     2.468 |  capture_only_v6_trial_00346 |   2.2e-09 |   1.1e+05 |   3.7e+13 |   7.6e+19 |     1 |     1 |     1 |   6.4 |     1 |  0.41 |  0.04 |      1.5 |     89.5 |  -0.0372
   7 |     2.469 |  capture_only_v6_trial_00366 |   1.7e-09 |   1.1e+05 |   2.9e+13 |   7.9e+19 |     1 |     1 |     1 |   6.3 |     1 |  0.54 | 0.017 |     1.62 |      101 |  -0.0547
   8 |      2.47 |  capture_only_v6_trial_00358 |   1.2e-09 |   1.1e+05 |   2.9e+13 |   7.9e+19 |     1 |     1 |     1 |   6.3 |     1 |  0.43 | 0.047 |     1.59 |       99 |  -0.0417
   9 |     2.478 |  capture_only_v6_trial_00343 |   2.7e-09 |   1.1e+05 |   3.8e+13 |   7.6e+19 |     1 |     1 |     1 |   5.9 |     1 |  0.42 | 0.056 |     1.49 |     88.2 |  -0.0372
  10 |     2.478 |  capture_only_v6_trial_00330 |   3.2e-09 |   1.3e+05 |   4.0e+13 |   7.5e+19 |     1 |     1 |     1 |   6.4 |     1 |  0.26 | 0.076 |     1.53 |     82.3 |   -0.027
  11 |     2.479 |  capture_only_v6_trial_00355 |   3.4e-09 |   1.1e+05 |   2.9e+13 |   8.0e+19 |     1 |     1 |     1 |   5.5 |     1 |  0.42 | 0.037 |     1.37 |     94.1 |  -0.0369
  12 |     2.491 |  capture_only_v6_trial_00351 |   2.0e-09 |   1.1e+05 |   3.0e+13 |   7.9e+19 |     1 |     1 |     1 |   5.7 |     1 |  0.44 | 0.045 |     1.59 |     99.3 |  -0.0419
  13 |     2.516 |  capture_only_v6_trial_00352 |   9.3e-10 |   1.1e+05 |   3.4e+13 |   7.9e+19 |     1 |     1 |     1 |   5.7 |     1 |  0.53 | 0.042 |     1.66 |     96.1 |  -0.0523
  14 |     2.519 |  capture_only_v6_trial_00335 |   2.7e-09 |   1.1e+05 |   4.8e+13 |   7.6e+19 |     1 |     1 |     1 |     6 |     1 |   0.4 | 0.053 |     2.06 |     92.5 |  -0.0503
  15 |     2.524 |  capture_only_v6_trial_00385 |   2.5e-09 |   1.1e+05 |   2.9e+13 |   7.8e+19 |     1 |     1 |     1 |     6 |     1 |  0.53 | 0.031 |      1.5 |     98.2 |  -0.0431
--------------------------------------------------------------------------------------------------------------------------------------------------------------------------
Final rows written to: UN_M7_optuna_v8_rhoFT_results/capture_only/rhoFT_scaled_clipT_s1_fab3.0e+13_dv0.2-2_pW0.7_pF2_part0.8_qgb0.7_prior0.2_R800_sat/optuna_final_top_capture_only.csv
--------------------------------------------------------------------------------------------------------------------------------------------------------------------------
rank |     score |                        label |       f_n |       K_d |     rho_d |      Fdot |    Dv |    Dg |     b |    gb |    gd |  coal |   cap |  swD1600 |   Rd1600 |   NdDrop
--------------------------------------------------------------------------------------------------------------------------------------------------------------------------
   1 |      2.46 | FINAL_rank5_capture_only_capture_only_v6_trial_00333 |   4.9e-09 |   1.1e+05 |   4.3e+13 |   7.5e+19 |     1 |     1 |     1 |   6.3 |     1 |  0.38 | 0.044 |     1.41 |     84.6 |  -0.0402
   2 |      2.46 | FINAL_rank3_capture_only_capture_only_v6_trial_00397 |   6.3e-09 |   1.1e+05 |   3.3e+13 |   7.7e+19 |     1 |     1 |     1 |   5.3 |     1 |  0.46 | 0.024 |     1.61 |     95.3 |  -0.0408
   3 |     2.467 | FINAL_rank4_capture_only_capture_only_v6_trial_00396 |   3.7e-09 |   1.1e+05 |   3.2e+13 |   7.7e+19 |     1 |     1 |     1 |   6.2 |     1 |  0.44 | 0.024 |      1.6 |     96.1 |  -0.0405
   4 |     2.489 | FINAL_rank1_capture_only_capture_only_v6_trial_00342 |   2.7e-09 |   1.1e+05 |   4.0e+13 |   7.6e+19 |     1 |     1 |     1 |   5.6 |     1 |  0.39 | 0.039 |     1.51 |       87 |  -0.0347
   5 |     2.492 | FINAL_rank2_capture_only_capture_only_v6_trial_00360 |   2.3e-09 |   1.1e+05 |   3.1e+13 |   7.9e+19 |     1 |     1 |     1 |   5.6 |     1 |  0.46 |  0.04 |     1.52 |     96.4 |  -0.0456
--------------------------------------------------------------------------------------------------------------------------------------------------------------------------
Summary written to: UN_M7_optuna_v8_rhoFT_results/capture_only/rhoFT_scaled_clipT_s1_fab3.0e+13_dv0.2-2_pW0.7_pF2_part0.8_qgb0.7_prior0.2_R800_sat/optuna_summary_capture_only.md
[I 2026-05-03 11:58:06,807] Using an existing study with name 'UN_M7_capture_only' instead of creating a new one.
[I 2026-05-03 11:58:08,678] Trial with params {'f_n': 4.7e-08, 'K_d': 575000.0, 'rho_d': 30400000000000.0, 'fission_rate': 4.76e+19, 'Dv_scale': 0.591, 'Dg_scale': 0.552, 'D2_xe_scale': 1.0, 'b_scale': 0.233, 'gb_scale': 1.588, 'gd_scale': 0.328, 'coalescence_d_scale': 8.15, 'capture_scale': 2.97} already exists. Skipping enqueue.
[I 2026-05-03 11:58:08,680] Trial with params {'f_n': 1e-08, 'K_d': 800000.0, 'rho_d': 10000000000000.0, 'fission_rate': 7.5e+19, 'Dv_scale': 3.0, 'Dg_scale': 0.5, 'D2_xe_scale': 1.0, 'b_scale': 0.3, 'gb_scale': 1.0, 'gd_scale': 1.0, 'coalescence_d_scale': 1.0, 'capture_scale': 0.3} already exists. Skipping enqueue.
[I 2026-05-03 11:58:08,682] Trial with params {'f_n': 1e-06, 'K_d': 500000.0, 'rho_d': 30000000000000.0, 'fission_rate': 5e+19, 'Dv_scale': 1.0, 'Dg_scale': 1.0, 'D2_xe_scale': 1.0, 'b_scale': 1.0, 'gb_scale': 1.0, 'gd_scale': 1.0, 'coalescence_d_scale': 1.0, 'capture_scale': 1.0} already exists. Skipping enqueue.
[I 2026-05-03 11:58:08,684] Trial with params {'f_n': 1.3333e-08, 'K_d': 714300.0, 'rho_d': 46135000000000.0, 'fission_rate': 4.9558e+19, 'Dv_scale': 0.05, 'Dg_scale': 2.012, 'D2_xe_scale': 1.0, 'b_scale': 1.181, 'gb_scale': 0.8994, 'gd_scale': 3.641, 'coalescence_d_scale': 10.99, 'capture_scale': 3.247} already exists. Skipping enqueue.
[I 2026-05-03 11:58:08,688] Trial with params {'f_n': 2.5466e-07, 'K_d': 648460.0, 'rho_d': 35350000000000.0, 'fission_rate': 7.4799e+19, 'Dv_scale': 1.0, 'Dg_scale': 0.5333, 'D2_xe_scale': 1.0, 'b_scale': 3.066, 'gb_scale': 0.4625, 'gd_scale': 4.507, 'coalescence_d_scale': 6.997, 'capture_scale': 0.1401} already exists. Skipping enqueue.
[I 2026-05-03 11:58:08,691] Trial with params {'f_n': 1.9043e-07, 'K_d': 633680.0, 'rho_d': 48099000000000.0, 'fission_rate': 6.8347e+19, 'Dv_scale': 1.0, 'Dg_scale': 0.3921, 'D2_xe_scale': 1.0, 'b_scale': 3.704, 'gb_scale': 0.3881, 'gd_scale': 3.375, 'coalescence_d_scale': 7.005, 'capture_scale': 0.0608} already exists. Skipping enqueue.
[I 2026-05-03 11:58:08,695] Trial with params {'f_n': 1.3237e-08, 'K_d': 558920.0, 'rho_d': 24815000000000.0, 'fission_rate': 7.6621e+19, 'Dv_scale': 0.5, 'Dg_scale': 1.307, 'D2_xe_scale': 1.0, 'b_scale': 1.296, 'gb_scale': 0.4151, 'gd_scale': 1.963, 'coalescence_d_scale': 9.772, 'capture_scale': 0.1557} already exists. Skipping enqueue.
[I 2026-05-03 11:58:08,699] Trial with params {'f_n': 2.940436e-07, 'K_d': 1033314.0, 'rho_d': 12059490000000.0, 'fission_rate': 6.730293e+19, 'Dv_scale': 0.227099, 'Dg_scale': 2.163517, 'D2_xe_scale': 0.112489, 'b_scale': 0.09929, 'gb_scale': 1.445601, 'gd_scale': 4.396731, 'coalescence_d_scale': 3.880728, 'capture_scale': 0.024136} already exists. Skipping enqueue.
[I 2026-05-03 11:58:08,703] Trial with params {'f_n': 5.96478e-07, 'K_d': 1198283.0, 'rho_d': 9976134000000.0, 'fission_rate': 6.685431e+19, 'Dv_scale': 0.239374, 'Dg_scale': 2.580361, 'D2_xe_scale': 0.119911, 'b_scale': 0.115218, 'gb_scale': 1.009685, 'gd_scale': 4.737461, 'coalescence_d_scale': 2.916475, 'capture_scale': 0.027787} already exists. Skipping enqueue.
[I 2026-05-03 11:58:08,706] Trial with params {'f_n': 7.392651e-07, 'K_d': 1166892.0, 'rho_d': 11803530000000.0, 'fission_rate': 6.574543e+19, 'Dv_scale': 0.221547, 'Dg_scale': 2.170761, 'D2_xe_scale': 0.149876, 'b_scale': 0.126114, 'gb_scale': 1.30495, 'gd_scale': 5.541092, 'coalescence_d_scale': 2.726375, 'capture_scale': 0.023283} already exists. Skipping enqueue.
########################################################################################################################
V8 rhoFT diagnostic wrapper settings
family                    = capture_only
rhoFT enabled/strength     = True / 1.0
rhoFT candidate scale      = True
rhoFT T clipped            = True
rhoFT fabrication floor    = 3e+13 m^-2
rhoT factors               = 940K 0.929, 1025K 1, 1300K 1.23, 1600K 1.23, 2000K 1.23
rho_RB base/effective 1.1% FIMA: 1025K 3.0000e+13 m^-2, 1600K(no cand scale) 3.6896e+13 m^-2
rho_RB base/effective 1.3% FIMA: 1025K 3.0000e+13 m^-2, 1600K(no cand scale) 3.6896e+13 m^-2
rho_RB base/effective 3.2% FIMA: 1025K 1.2800e+14 m^-2, 1600K(no cand scale) 1.5742e+14 m^-2
source                    = Ray & Blank: rho_d=C1(F-F0) at 1025 K + weak fixed-burnup T trend; no needles added
output dir                = UN_M7_optuna_v8_rhoFT_results/capture_only/rhoFT_scaled_clipT_s1_fab3.0e+13_dv0.2-2_pW0.7_pF2_part0.8_qgb0.7_prior0.2_R800_sat
########################################################################################################################
########################################################################################################################
OPTUNA CALIBRATION: capture_only
########################################################################################################################
Output dir        = UN_M7_optuna_v8_rhoFT_results/capture_only/rhoFT_scaled_clipT_s1_fab3.0e+13_dv0.2-2_pW0.7_pF2_part0.8_qgb0.7_prior0.2_R800_sat
Trials requested  = 0
FAST dt/modes     = 12 h / 22
FINAL dt/modes    = 1 h / 40
Pressure weight   = 0.7; free factor = 2
D2 Xe             = included, with D2_xe_scale
Coalescence       = active, scale never zero
Family switches   = phi_gas:False, nuc_mass:False, capture:True
########################################################################################################################
Fast trials written to: UN_M7_optuna_v8_rhoFT_results/capture_only/rhoFT_scaled_clipT_s1_fab3.0e+13_dv0.2-2_pW0.7_pF2_part0.8_qgb0.7_prior0.2_R800_sat/optuna_fast_trials_capture_only.csv
--------------------------------------------------------------------------------------------------------------------------------------------------------------------------
rank |     score |                        label |       f_n |       K_d |     rho_d |      Fdot |    Dv |    Dg |     b |    gb |    gd |  coal |   cap |  swD1600 |   Rd1600 |   NdDrop
--------------------------------------------------------------------------------------------------------------------------------------------------------------------------
   1 |     2.443 |  capture_only_v6_trial_00342 |   2.7e-09 |   1.1e+05 |   4.0e+13 |   7.6e+19 |     1 |     1 |     1 |   5.6 |     1 |  0.39 | 0.039 |     1.53 |     87.4 |  -0.0353
   2 |     2.443 |  capture_only_v6_trial_00360 |   2.3e-09 |   1.1e+05 |   3.1e+13 |   7.9e+19 |     1 |     1 |     1 |   5.6 |     1 |  0.46 |  0.04 |     1.53 |     96.6 |  -0.0462
   3 |     2.451 |  capture_only_v6_trial_00397 |   6.3e-09 |   1.1e+05 |   3.3e+13 |   7.7e+19 |     1 |     1 |     1 |   5.3 |     1 |  0.46 | 0.024 |     1.63 |     95.7 |  -0.0415
   4 |     2.452 |  capture_only_v6_trial_00396 |   3.7e-09 |   1.1e+05 |   3.2e+13 |   7.7e+19 |     1 |     1 |     1 |   6.2 |     1 |  0.44 | 0.024 |     1.62 |     96.4 |  -0.0411
   5 |     2.455 |  capture_only_v6_trial_00333 |   4.9e-09 |   1.1e+05 |   4.3e+13 |   7.5e+19 |     1 |     1 |     1 |   6.3 |     1 |  0.38 | 0.044 |      1.4 |     84.4 |  -0.0404
   6 |     2.468 |  capture_only_v6_trial_00346 |   2.2e-09 |   1.1e+05 |   3.7e+13 |   7.6e+19 |     1 |     1 |     1 |   6.4 |     1 |  0.41 |  0.04 |      1.5 |     89.5 |  -0.0372
   7 |     2.469 |  capture_only_v6_trial_00366 |   1.7e-09 |   1.1e+05 |   2.9e+13 |   7.9e+19 |     1 |     1 |     1 |   6.3 |     1 |  0.54 | 0.017 |     1.62 |      101 |  -0.0547
   8 |      2.47 |  capture_only_v6_trial_00358 |   1.2e-09 |   1.1e+05 |   2.9e+13 |   7.9e+19 |     1 |     1 |     1 |   6.3 |     1 |  0.43 | 0.047 |     1.59 |       99 |  -0.0417
   9 |     2.478 |  capture_only_v6_trial_00343 |   2.7e-09 |   1.1e+05 |   3.8e+13 |   7.6e+19 |     1 |     1 |     1 |   5.9 |     1 |  0.42 | 0.056 |     1.49 |     88.2 |  -0.0372
  10 |     2.478 |  capture_only_v6_trial_00330 |   3.2e-09 |   1.3e+05 |   4.0e+13 |   7.5e+19 |     1 |     1 |     1 |   6.4 |     1 |  0.26 | 0.076 |     1.53 |     82.3 |   -0.027
  11 |     2.479 |  capture_only_v6_trial_00355 |   3.4e-09 |   1.1e+05 |   2.9e+13 |   8.0e+19 |     1 |     1 |     1 |   5.5 |     1 |  0.42 | 0.037 |     1.37 |     94.1 |  -0.0369
  12 |     2.491 |  capture_only_v6_trial_00351 |   2.0e-09 |   1.1e+05 |   3.0e+13 |   7.9e+19 |     1 |     1 |     1 |   5.7 |     1 |  0.44 | 0.045 |     1.59 |     99.3 |  -0.0419
  13 |     2.516 |  capture_only_v6_trial_00352 |   9.3e-10 |   1.1e+05 |   3.4e+13 |   7.9e+19 |     1 |     1 |     1 |   5.7 |     1 |  0.53 | 0.042 |     1.66 |     96.1 |  -0.0523
  14 |     2.519 |  capture_only_v6_trial_00335 |   2.7e-09 |   1.1e+05 |   4.8e+13 |   7.6e+19 |     1 |     1 |     1 |     6 |     1 |   0.4 | 0.053 |     2.06 |     92.5 |  -0.0503
  15 |     2.524 |  capture_only_v6_trial_00385 |   2.5e-09 |   1.1e+05 |   2.9e+13 |   7.8e+19 |     1 |     1 |     1 |     6 |     1 |  0.53 | 0.031 |      1.5 |     98.2 |  -0.0431
--------------------------------------------------------------------------------------------------------------------------------------------------------------------------
Final rows written to: UN_M7_optuna_v8_rhoFT_results/capture_only/rhoFT_scaled_clipT_s1_fab3.0e+13_dv0.2-2_pW0.7_pF2_part0.8_qgb0.7_prior0.2_R800_sat/optuna_final_top_capture_only.csv
--------------------------------------------------------------------------------------------------------------------------------------------------------------------------
rank |     score |                        label |       f_n |       K_d |     rho_d |      Fdot |    Dv |    Dg |     b |    gb |    gd |  coal |   cap |  swD1600 |   Rd1600 |   NdDrop
--------------------------------------------------------------------------------------------------------------------------------------------------------------------------
   1 |      2.46 | FINAL_rank5_capture_only_capture_only_v6_trial_00333 |   4.9e-09 |   1.1e+05 |   4.3e+13 |   7.5e+19 |     1 |     1 |     1 |   6.3 |     1 |  0.38 | 0.044 |     1.41 |     84.6 |  -0.0402
   2 |      2.46 | FINAL_rank3_capture_only_capture_only_v6_trial_00397 |   6.3e-09 |   1.1e+05 |   3.3e+13 |   7.7e+19 |     1 |     1 |     1 |   5.3 |     1 |  0.46 | 0.024 |     1.61 |     95.3 |  -0.0408
   3 |     2.467 | FINAL_rank4_capture_only_capture_only_v6_trial_00396 |   3.7e-09 |   1.1e+05 |   3.2e+13 |   7.7e+19 |     1 |     1 |     1 |   6.2 |     1 |  0.44 | 0.024 |      1.6 |     96.1 |  -0.0405
   4 |     2.489 | FINAL_rank1_capture_only_capture_only_v6_trial_00342 |   2.7e-09 |   1.1e+05 |   4.0e+13 |   7.6e+19 |     1 |     1 |     1 |   5.6 |     1 |  0.39 | 0.039 |     1.51 |       87 |  -0.0347
   5 |     2.492 | FINAL_rank2_capture_only_capture_only_v6_trial_00360 |   2.3e-09 |   1.1e+05 |   3.1e+13 |   7.9e+19 |     1 |     1 |     1 |   5.6 |     1 |  0.46 |  0.04 |     1.52 |     96.4 |  -0.0456
--------------------------------------------------------------------------------------------------------------------------------------------------------------------------

============================================================================================================================================
CAPTURE CHECK: best_capture_only_rank1_FINAL_rank5_capture_only_capture_only_v6_trial_00333, T=1600.0, burnup=3.2
============================================================================================================================================
f_cap_step is the physical clipped per-step fraction and must be <= 1.
capture_fraction_sum can exceed 1 because it is a diagnostic sum, not a physical fraction.
--------------------------------------------------------------------------------------------------------------------------------------------
final f_cap_step       = 2.942803e-08
max f_cap_step         = 3.304348e-06
final cap_raw_step     = 2.942803e-08
capture_fraction_sum   = 6.464686e-03
capture_raw_sum        = 6.464686e-03
captured bubbles cum.  = 7.735343e+16 m^-3
============================================================================================================================================

============================================================================================================================================
DIAGNOSTICS FOR best_capture_only_rank1
============================================================================================================================================
{'label': 'best_capture_only_rank1_FINAL_rank5_capture_only_capture_only_v6_trial_00333', 'f_n': 4.9169272129728855e-09, 'K_d': 107883.02609010854, 'rho_d': 42931678062214.266, 'fission_rate': 7.476571794228737e+19, 'Dv_scale': 1.0, 'Dg_scale': 1.0, 'b_scale': 1.0, 'gb_scale': 6.268978903843243, 'gd_scale': 1.0, 'coalescence_d_scale': 0.3849011077815544, 'capture_scale': 0.044228766802217406, 'D2_xe_scale': 1.0, 'Dg_D1_scale': 1.9649729156071125, 'Dg_D3_scale': 0.9928904794068155, 'Dv_D1_scale': 0.5238082919655871, 'Dv_D2_scale': 2.9691762553188625, 'b_bulk_scale': 0.04276533261487717, 'b_dislocation_scale': 0.21076705668875304, 'gd_bubble_scale': 7.926711381853779, 'gd_line_scale': 0.2117525706196396, 'gd_line_alpha': 0.9993276617627959, 'family': 'capture_only'}
============================================================================================================================================

============================================================================================================================================
CAPTURE CHECK: best_capture_only_rank2_FINAL_rank3_capture_only_capture_only_v6_trial_00397, T=1600.0, burnup=3.2
============================================================================================================================================
f_cap_step is the physical clipped per-step fraction and must be <= 1.
capture_fraction_sum can exceed 1 because it is a diagnostic sum, not a physical fraction.
--------------------------------------------------------------------------------------------------------------------------------------------
final f_cap_step       = 0.000000e+00
max f_cap_step         = 1.721589e-06
final cap_raw_step     = 0.000000e+00
capture_fraction_sum   = 3.110921e-03
capture_raw_sum        = 3.110921e-03
captured bubbles cum.  = 4.087953e+16 m^-3
============================================================================================================================================

============================================================================================================================================
DIAGNOSTICS FOR best_capture_only_rank2
============================================================================================================================================
{'label': 'best_capture_only_rank2_FINAL_rank3_capture_only_capture_only_v6_trial_00397', 'f_n': 6.300379116141273e-09, 'K_d': 113551.27887891607, 'rho_d': 32708575246355.16, 'fission_rate': 7.712072753775257e+19, 'Dv_scale': 1.0, 'Dg_scale': 1.0, 'b_scale': 1.0, 'gb_scale': 5.316902581383872, 'gd_scale': 1.0, 'coalescence_d_scale': 0.45513088779648053, 'capture_scale': 0.02428013435811691, 'D2_xe_scale': 1.0, 'Dg_D1_scale': 1.070355299449894, 'Dg_D3_scale': 2.382370265713837, 'Dv_D1_scale': 0.9078686149469093, 'Dv_D2_scale': 3.9617689166909758, 'b_bulk_scale': 0.03369252304373843, 'b_dislocation_scale': 0.2620152852464306, 'gd_bubble_scale': 7.226297095091691, 'gd_line_scale': 0.6369069640313624, 'gd_line_alpha': 0.9582182935946045, 'family