[I 2026-05-03 11:33:15,277] Trial 228 finished with value: 2.6631142283931606 and parameters: {'f_n': 1.117903800321216e-06, 'K_d': 129093.748774534, 'rho_d': 40423308521572.12, 'fission_rate': 7.0503000234367615e+19, 'Dg_D1_scale': 3.488865527255569, 'Dg_D3_scale': 1.1447558937389992, 'Dv_D1_scale': 0.33943176589583945, 'Dv_D2_scale': 2.893368732472956, 'b_bulk_scale': 1.738799675663841, 'b_dislocation_scale': 0.10507296363313806, 'gb_scale': 3.073567377212478, 'gd_bubble_scale': 2.612080262610336, 'gd_line_scale': 0.09111034605409458, 'gd_line_alpha': 0.8365314215748665, 'coalescence_d_scale': 0.1371618261721403, 'capture_scale': 0.13137753156492418}. Best is trial 208 with value: 2.642055900738926.Best trial: 208. Best value: 2.64206:  57%|█████▋    | 228/400 [24:20<18:30,  6.46s/it]Best trial: 208. Best value: 2.64206:  57%|█████▋    | 228/400 [24:21<18:30,  6.46s/it]Best trial: 208. Best value: 2.64206:  57%|█████▋    | 229/400 [24:21<18:44,  6.57s/it]                                                                                       Best trial: 208. Best value: 2.64206:  57%|█████▋    | 229/400 [24:27<18:44,  6.57s/it]Best trial: 208. Best value: 2.64206:  57%|█████▋    | 229/400 [24:27<18:44,  6.57s/it]Best trial: 208. Best value: 2.64206:  57%|█████▊    | 230/400 [24:27<18:50,  6.65s/it]                                                                                       Best trial: 208. Best value: 2.64206:  57%|█████▊    | 230/400 [24:32<18:50,  6.65s/it]Best trial: 208. Best value: 2.64206:  57%|█████▊    | 230/400 [24:32<18:50,  6.65s/it]Best trial: 208. Best value: 2.64206:  58%|█████▊    | 231/400 [24:32<17:23,  6.18s/it]                                                                                       Best trial: 208. Best value: 2.64206:  58%|█████▊    | 231/400 [24:39<17:23,  6.18s/it]Best trial: 231. Best value: 2.64067:  58%|█████▊    | 231/400 [24:39<17:23,  6.18s/it]Best trial: 231. Best value: 2.64067:  58%|█████▊    | 232/400 [24:39<17:46,  6.35s/it]                                                                                       Best trial: 231. Best value: 2.64067:  58%|█████▊    | 232/400 [24:46<17:46,  6.35s/it]Best trial: 231. Best value: 2.64067:  58%|█████▊    | 232/400 [24:46<17:46,  6.35s/it]Best trial: 231. Best value: 2.64067:  58%|█████▊    | 233/400 [24:46<18:04,  6.50s/it]                                                                                       Best trial: 231. Best value: 2.64067:  58%|█████▊    | 233/400 [24:53<18:04,  6.50s/it]Best trial: 233. Best value: 2.62923:  58%|█████▊    | 233/400 [24:53<18:04,  6.50s/it]Best trial: 233. Best value: 2.62923:  58%|█████▊    | 234/400 [24:53<18:17,  6.61s/it]                                                                                       Best trial: 233. Best value: 2.62923:  58%|█████▊    | 234/400 [25:00<18:17,  6.61s/it]Best trial: 234. Best value: 2.62349:  58%|█████▊    | 234/400 [25:00<18:17,  6.61s/it]Best trial: 234. Best value: 2.62349:  59%|█████▉    | 235/400 [25:00<18:19,  6.66s/it]                                                                                       Best trial: 234. Best value: 2.62349:  59%|█████▉    | 235/400 [25:05<18:19,  6.66s/it]Best trial: 234. Best value: 2.62349:  59%|█████▉    | 235/400 [25:05<18:19,  6.66s/it]Best trial: 234. Best value: 2.62349:  59%|█████▉    | 236/400 [25:05<16:47,  6.14s/it]                                                                                       Best trial: 234. Best value: 2.62349:  59%|█████▉    | 236/400 [25:11<16:47,  6.14s/it]Best trial: 234. Best value: 2.62349:  59%|█████▉    | 236/400 [25:11<16:47,  6.14s/it]Best trial: 234. Best value: 2.62349:  59%|█████▉    | 237/400 [25:11<17:12,  6.34s/it]                                                                                       Best trial: 234. Best value: 2.62349:  59%|█████▉    | 237/400 [25:18<17:12,  6.34s/it]Best trial: 234. Best value: 2.62349:  59%|█████▉    | 237/400 [25:18<17:12,  6.34s/it]Best trial: 234. Best value: 2.62349:  60%|█████▉    | 238/400 [25:18<17:31,  6.49s/it]                                                                                       Best trial: 234. Best value: 2.62349:  60%|█████▉    | 238/400 [25:25<17:31,  6.49s/it]Best trial: 234. Best value: 2.62349:  60%|█████▉    | 238/400 [25:25<17:31,  6.49s/it]Best trial: 234. Best value: 2.62349:  60%|█████▉    | 239/400 [25:25<17:43,  6.60s/it]                                                                                       Best trial: 234. Best value: 2.62349:  60%|█████▉    | 239/400 [25:30<17:43,  6.60s/it]Best trial: 234. Best value: 2.62349:  60%|█████▉    | 239/400 [25:30<17:43,  6.60s/it]Best trial: 234. Best value: 2.62349:  60%|██████    | 240/400 [25:30<16:24,  6.15s/it]                                                                                       
[I 2026-05-03 11:33:22,093] Trial 229 finished with value: 2.714171005550312 and parameters: {'f_n': 1.080967079678425e-06, 'K_d': 129878.27246100464, 'rho_d': 39228933585245.49, 'fission_rate': 7.052789976235844e+19, 'Dg_D1_scale': 3.41289687536233, 'Dg_D3_scale': 1.1403682310930237, 'Dv_D1_scale': 0.3494930346133981, 'Dv_D2_scale': 2.804863823485186, 'b_bulk_scale': 2.489668667963425, 'b_dislocation_scale': 0.10509148875264643, 'gb_scale': 3.1229932287392432, 'gd_bubble_scale': 2.649465240276304, 'gd_line_scale': 0.09183671790254172, 'gd_line_alpha': 0.8222257614841151, 'coalescence_d_scale': 0.14219267784814854, 'capture_scale': 0.12075600153144152}. Best is trial 208 with value: 2.642055900738926.
[I 2026-05-03 11:33:27,171] Trial 230 finished with value: 2.816868041602763 and parameters: {'f_n': 9.42744629420903e-07, 'K_d': 137939.8510519392, 'rho_d': 41356627908377.914, 'fission_rate': 7.02958491129086e+19, 'Dg_D1_scale': 3.2517434936767695, 'Dg_D3_scale': 1.318630643417006, 'Dv_D1_scale': 0.32094779678758106, 'Dv_D2_scale': 2.944311614241006, 'b_bulk_scale': 1.7426912304998625, 'b_dislocation_scale': 0.10188588205207955, 'gb_scale': 2.6019177489584195, 'gd_bubble_scale': 2.719619909290596, 'gd_line_scale': 0.11639174536277277, 'gd_line_alpha': 0.7952746621231406, 'coalescence_d_scale': 0.1326627311913212, 'capture_scale': 0.13052248693811422}. Best is trial 208 with value: 2.642055900738926.
[I 2026-05-03 11:33:33,911] Trial 231 finished with value: 2.6406737059174636 and parameters: {'f_n': 1.5413480355080781e-06, 'K_d': 123425.71007750092, 'rho_d': 41133307408065.84, 'fission_rate': 7.128317423040903e+19, 'Dg_D1_scale': 3.5319252996752413, 'Dg_D3_scale': 1.216931650110047, 'Dv_D1_scale': 0.33672787396030024, 'Dv_D2_scale': 3.1632788513010044, 'b_bulk_scale': 1.507173271686709, 'b_dislocation_scale': 0.1112814735602725, 'gb_scale': 2.8223612520722376, 'gd_bubble_scale': 2.988888711465033, 'gd_line_scale': 0.09771777749050414, 'gd_line_alpha': 0.8448648213433989, 'coalescence_d_scale': 0.16944442674617274, 'capture_scale': 0.1621673074678353}. Best is trial 231 with value: 2.6406737059174636.
[I 2026-05-03 11:33:40,762] Trial 232 finished with value: 2.654985553370411 and parameters: {'f_n': 1.663520276036735e-06, 'K_d': 125566.6960604417, 'rho_d': 42305609527858.88, 'fission_rate': 7.0892187820838945e+19, 'Dg_D1_scale': 3.458383508913968, 'Dg_D3_scale': 1.1952120514782845, 'Dv_D1_scale': 0.3585235099090877, 'Dv_D2_scale': 3.0499340145008804, 'b_bulk_scale': 1.540149865936796, 'b_dislocation_scale': 0.12434437205306102, 'gb_scale': 2.9347994779832036, 'gd_bubble_scale': 2.994287096559288, 'gd_line_scale': 0.10026545015274022, 'gd_line_alpha': 0.8442269304056184, 'coalescence_d_scale': 0.15882509841810932, 'capture_scale': 0.14689040567988831}. Best is trial 231 with value: 2.6406737059174636.
[I 2026-05-03 11:33:47,635] Trial 233 finished with value: 2.6292314191372483 and parameters: {'f_n': 1.546755026258533e-06, 'K_d': 130016.1021310347, 'rho_d': 40369646134307.16, 'fission_rate': 7.125376995846559e+19, 'Dg_D1_scale': 3.478686475340008, 'Dg_D3_scale': 1.2280423808625835, 'Dv_D1_scale': 0.36692609001087134, 'Dv_D2_scale': 3.022704098618999, 'b_bulk_scale': 1.9470829914075478, 'b_dislocation_scale': 0.12630324405943286, 'gb_scale': 2.8358221839459383, 'gd_bubble_scale': 2.9637928738011547, 'gd_line_scale': 0.10386935331726851, 'gd_line_alpha': 0.8411396131476059, 'coalescence_d_scale': 0.16433820317734066, 'capture_scale': 0.14912316093087405}. Best is trial 233 with value: 2.6292314191372483.
[I 2026-05-03 11:33:54,420] Trial 234 finished with value: 2.6234906489327656 and parameters: {'f_n': 1.21261243628301e-06, 'K_d': 131117.6371179808, 'rho_d': 40670992440281.24, 'fission_rate': 7.08705282039546e+19, 'Dg_D1_scale': 3.0911613181719777, 'Dg_D3_scale': 1.2636141320677239, 'Dv_D1_scale': 0.3401017097865223, 'Dv_D2_scale': 3.0234056622762804, 'b_bulk_scale': 2.00877030541765, 'b_dislocation_scale': 0.13357678995111413, 'gb_scale': 3.2820701230072915, 'gd_bubble_scale': 2.9834803391843487, 'gd_line_scale': 0.1257019920409712, 'gd_line_alpha': 0.8396669368074046, 'coalescence_d_scale': 0.1577273556075205, 'capture_scale': 0.14046418597166765}. Best is trial 234 with value: 2.6234906489327656.
[I 2026-05-03 11:33:59,353] Trial 235 finished with value: 2.6619717086563215 and parameters: {'f_n': 7.814695272509089e-07, 'K_d': 131514.89408628162, 'rho_d': 36893807264749.81, 'fission_rate': 7.129792181314112e+19, 'Dg_D1_scale': 3.0307061354105524, 'Dg_D3_scale': 1.5156850271680304, 'Dv_D1_scale': 0.3896361123633776, 'Dv_D2_scale': 3.061618235021522, 'b_bulk_scale': 2.03191442783899, 'b_dislocation_scale': 0.12843403498004222, 'gb_scale': 2.9725159195463458, 'gd_bubble_scale': 2.5847210683952726, 'gd_line_scale': 0.1261612053766477, 'gd_line_alpha': 0.8724480441156123, 'coalescence_d_scale': 0.1583301813311249, 'capture_scale': 0.1519748485215924}. Best is trial 234 with value: 2.6234906489327656.
[I 2026-05-03 11:34:06,142] Trial 236 finished with value: 2.7026855025077077 and parameters: {'f_n': 1.2076416442878355e-06, 'K_d': 131485.17165400548, 'rho_d': 40095605926552.3, 'fission_rate': 7.125401785565191e+19, 'Dg_D1_scale': 3.066198868502537, 'Dg_D3_scale': 1.660870293744236, 'Dv_D1_scale': 0.3851780545266222, 'Dv_D2_scale': 3.0163267255726782, 'b_bulk_scale': 2.1144701001031936, 'b_dislocation_scale': 0.1333951906568818, 'gb_scale': 4.227841018476932, 'gd_bubble_scale': 2.291585806809167, 'gd_line_scale': 0.12806591585944285, 'gd_line_alpha': 0.8808643055143591, 'coalescence_d_scale': 0.1610370908008975, 'capture_scale': 0.14389385744085567}. Best is trial 234 with value: 2.6234906489327656.
[I 2026-05-03 11:34:12,993] Trial 237 finished with value: 2.7037271534495666 and parameters: {'f_n': 8.77727263601343e-07, 'K_d': 141796.4385360607, 'rho_d': 36789611346821.7, 'fission_rate': 7.1036515133159375e+19, 'Dg_D1_scale': 2.95545336419559, 'Dg_D3_scale': 1.5127337366392588, 'Dv_D1_scale': 0.35533367330079096, 'Dv_D2_scale': 2.8201639079854752, 'b_bulk_scale': 1.9750017775405875, 'b_dislocation_scale': 0.14383822867893217, 'gb_scale': 3.4187585817391266, 'gd_bubble_scale': 2.455536180575655, 'gd_line_scale': 0.1121786290679304, 'gd_line_alpha': 0.8435697609791668, 'coalescence_d_scale': 0.15847956647056607, 'capture_scale': 0.1035054967854361}. Best is trial 234 with value: 2.6234906489327656.
[I 2026-05-03 11:34:19,860] Trial 238 finished with value: 2.631577375995949 and parameters: {'f_n': 1.1091835086470836e-06, 'K_d': 127575.43737977036, 'rho_d': 40112874944448.56, 'fission_rate': 7.077514365613805e+19, 'Dg_D1_scale': 2.797809156112141, 'Dg_D3_scale': 1.2603962141250835, 'Dv_D1_scale': 0.36719648731044024, 'Dv_D2_scale': 3.16386927416655, 'b_bulk_scale': 1.8524603584119823, 'b_dislocation_scale': 0.12546995721768006, 'gb_scale': 3.1101223994353386, 'gd_bubble_scale': 2.5699724194035363, 'gd_line_scale': 0.12901279811084487, 'gd_line_alpha': 0.8635393568689972, 'coalescence_d_scale': 0.1783547910445142, 'capture_scale': 0.1321976453444503}. Best is trial 234 with value: 2.6234906489327656.
[I 2026-05-03 11:34:24,958] Trial 239 finished with value: 2.7020103046912305 and parameters: {'f_n': 8.217852072147772e-07, 'K_d': 134357.83489437084, 'rho_d': 40530762820725.85, 'fission_rate': 6.979801355960028e+19, 'Dg_D1_scale': 2.8749439962681986, 'Dg_D3_scale': 1.2469558524436444, 'Dv_D1_scale': 0.41021385063551874, 'Dv_D2_scale': 3.1311893495008225, 'b_bulk_scale': 1.9301149749993878, 'b_dislocation_scale': 0.1271427507445757, 'gb_scale': 2.910562632242511, 'gd_bubble_scale': 2.6225896895694927, 'gd_line_scale': 0.13434138640985555, 'gd_line_alpha': 0.864488771420406, 'coalescence_d_scale': 0.18021630879854542, 'capture_scale': 0.12730702566358967}. Best is trial 234 with value: 2.6234906489327656.
[I 2026-05-03 11:34:31,894] Trial 240 finished with value: 2.6858948175325175 and parameters: {'f_n': 7.504861937561999e-07, 'K_d': 122728.47851100935, 'rho_d': 38840582071960.63, 'fission_rate': 7.047143458306487e+19, 'Dg_D1_scale': 3.5461757915174816, 'Dg_D3_scale': 1.189359291135468, 'Dv_D1_scale': 0.3569011763124002, 'Dv_D2_scale': 2.9022549843274987, 'b_bulk_scale': 1.763277867656563, 'b_dislocation_scale': 0.15248528527484853, 'gb_scale': 3.2275366461675574, 'gd_bubble_scale': 2.605498697930671, 'gd_line_scale': 0.10811723424533867, 'gd_line_alpha': 0.9003396790158191, 'coalescence_d_scale': 0.1448623269657625, 'capture_scale': 0.15671591146157582}. Best is trial 234 with value: 2.6234906489327656.Best trial: 234. Best value: 2.62349:  60%|██████    | 240/400 [25:37<16:24,  6.15s/it]Best trial: 234. Best value: 2.62349:  60%|██████    | 240/400 [25:37<16:24,  6.15s/it]Best trial: 234. Best value: 2.62349:  60%|██████    | 241/400 [25:37<16:56,  6.39s/it]                                                                                       Best trial: 234. Best value: 2.62349:  60%|██████    | 241/400 [25:44<16:56,  6.39s/it]Best trial: 234. Best value: 2.62349:  60%|██████    | 241/400 [25:44<16:56,  6.39s/it]Best trial: 234. Best value: 2.62349:  60%|██████    | 242/400 [25:44<17:12,  6.54s/it]                                                                                       Best trial: 234. Best value: 2.62349:  60%|██████    | 242/400 [25:51<17:12,  6.54s/it]Best trial: 234. Best value: 2.62349:  60%|██████    | 242/400 [25:51<17:12,  6.54s/it]Best trial: 234. Best value: 2.62349:  61%|██████    | 243/400 [25:51<17:21,  6.63s/it]                                                                                       Best trial: 234. Best value: 2.62349:  61%|██████    | 243/400 [25:58<17:21,  6.63s/it]Best trial: 234. Best value: 2.62349:  61%|██████    | 243/400 [25:58<17:21,  6.63s/it]Best trial: 234. Best value: 2.62349:  61%|██████    | 244/400 [25:58<17:32,  6.74s/it]                                                                                       Best trial: 234. Best value: 2.62349:  61%|██████    | 244/400 [26:03<17:32,  6.74s/it]Best trial: 234. Best value: 2.62349:  61%|██████    | 244/400 [26:03<17:32,  6.74s/it]Best trial: 234. Best value: 2.62349:  61%|██████▏   | 245/400 [26:03<16:05,  6.23s/it]                                                                                       Best trial: 234. Best value: 2.62349:  61%|██████▏   | 245/400 [26:10<16:05,  6.23s/it]Best trial: 234. Best value: 2.62349:  61%|██████▏   | 245/400 [26:10<16:05,  6.23s/it]Best trial: 234. Best value: 2.62349:  62%|██████▏   | 246/400 [26:10<16:23,  6.39s/it]                                                                                       Best trial: 234. Best value: 2.62349:  62%|██████▏   | 246/400 [26:16<16:23,  6.39s/it]Best trial: 234. Best value: 2.62349:  62%|██████▏   | 246/400 [26:16<16:23,  6.39s/it]Best trial: 234. Best value: 2.62349:  62%|██████▏   | 247/400 [26:16<16:29,  6.47s/it]                                                                                       Best trial: 234. Best value: 2.62349:  62%|██████▏   | 247/400 [26:23<16:29,  6.47s/it]Best trial: 234. Best value: 2.62349:  62%|██████▏   | 247/400 [26:23<16:29,  6.47s/it]Best trial: 234. Best value: 2.62349:  62%|██████▏   | 248/400 [26:23<16:46,  6.62s/it]                                                                                       Best trial: 234. Best value: 2.62349:  62%|██████▏   | 248/400 [26:30<16:46,  6.62s/it]Best trial: 234. Best value: 2.62349:  62%|██████▏   | 248/400 [26:30<16:46,  6.62s/it]Best trial: 234. Best value: 2.62349:  62%|██████▏   | 249/400 [26:30<17:00,  6.76s/it]                                                                                       Best trial: 234. Best value: 2.62349:  62%|██████▏   | 249/400 [26:36<17:00,  6.76s/it]Best trial: 234. Best value: 2.62349:  62%|██████▏   | 249/400 [26:36<17:00,  6.76s/it]Best trial: 234. Best value: 2.62349:  62%|██████▎   | 250/400 [26:36<15:43,  6.29s/it]                                                                                       Best trial: 234. Best value: 2.62349:  62%|██████▎   | 250/400 [26:42<15:43,  6.29s/it]Best trial: 234. Best value: 2.62349:  62%|██████▎   | 250/400 [26:42<15:43,  6.29s/it]Best trial: 234. Best value: 2.62349:  63%|██████▎   | 251/400 [26:42<16:01,  6.45s/it]                                                                                       Best trial: 234. Best value: 2.62349:  63%|██████▎   | 251/400 [26:49<16:01,  6.45s/it]Best trial: 234. Best value: 2.62349:  63%|██████▎   | 251/400 [26:49<16:01,  6.45s/it]Best trial: 234. Best value: 2.62349:  63%|██████▎   | 252/400 [26:49<16:12,  6.57s/it]                                                                                       
[I 2026-05-03 11:34:38,782] Trial 241 finished with value: 2.671967406849082 and parameters: {'f_n': 7.786099373083437e-07, 'K_d': 125405.70503683848, 'rho_d': 37155069134171.87, 'fission_rate': 7.053697382044339e+19, 'Dg_D1_scale': 3.503708569796404, 'Dg_D3_scale': 1.4799063628035987, 'Dv_D1_scale': 0.37511740393103815, 'Dv_D2_scale': 2.925343118283054, 'b_bulk_scale': 1.7972444580962548, 'b_dislocation_scale': 0.15369045054646874, 'gb_scale': 3.2596860560833836, 'gd_bubble_scale': 2.545932041179564, 'gd_line_scale': 0.12256739230800397, 'gd_line_alpha': 0.8896118288563163, 'coalescence_d_scale': 0.1486682985118988, 'capture_scale': 0.15328189985955307}. Best is trial 234 with value: 2.6234906489327656.
[I 2026-05-03 11:34:45,631] Trial 242 finished with value: 2.8876868420628563 and parameters: {'f_n': 8.418181146698141e-07, 'K_d': 125893.40191562765, 'rho_d': 36368325628929.086, 'fission_rate': 7.062955053344251e+19, 'Dg_D1_scale': 3.1246102550228683, 'Dg_D3_scale': 1.194130296527701, 'Dv_D1_scale': 0.38075180922028234, 'Dv_D2_scale': 2.942330161219277, 'b_bulk_scale': 1.7663127131880387, 'b_dislocation_scale': 0.14847568361097932, 'gb_scale': 4.251990593749182, 'gd_bubble_scale': 2.1569312510926677, 'gd_line_scale': 0.12460741798667757, 'gd_line_alpha': 0.8899046607312944, 'coalescence_d_scale': 0.1492520309964452, 'capture_scale': 0.13622064526211636}. Best is trial 234 with value: 2.6234906489327656.
[I 2026-05-03 11:34:52,647] Trial 243 finished with value: 2.9933236229363995 and parameters: {'f_n': 6.187455485729546e-07, 'K_d': 125367.6358814991, 'rho_d': 37168097472697.75, 'fission_rate': 7.128620333681614e+19, 'Dg_D1_scale': 0.20187041451858545, 'Dg_D3_scale': 1.4813161633029233, 'Dv_D1_scale': 0.3653893573136485, 'Dv_D2_scale': 3.1482910958784798, 'b_bulk_scale': 2.232475231352468, 'b_dislocation_scale': 0.15504506602582746, 'gb_scale': 3.394148355317708, 'gd_bubble_scale': 2.596809938675402, 'gd_line_scale': 0.11480482523466443, 'gd_line_alpha': 0.9126055355517094, 'coalescence_d_scale': 0.1739687208200993, 'capture_scale': 0.15379517169089207}. Best is trial 234 with value: 2.6234906489327656.
[I 2026-05-03 11:34:57,671] Trial 244 finished with value: 2.654944439205488 and parameters: {'f_n': 4.4361909428147185e-07, 'K_d': 134443.3638936417, 'rho_d': 39371650622975.625, 'fission_rate': 7.152358143944998e+19, 'Dg_D1_scale': 2.7231535926390658, 'Dg_D3_scale': 1.2991099421805739, 'Dv_D1_scale': 0.43512201542751777, 'Dv_D2_scale': 2.64195199846698, 'b_bulk_scale': 1.696349947133316, 'b_dislocation_scale': 0.13218502738706053, 'gb_scale': 3.0215509955572144, 'gd_bubble_scale': 2.4715455609807533, 'gd_line_scale': 0.10145058125598018, 'gd_line_alpha': 0.8696322647218021, 'coalescence_d_scale': 0.14044410121871573, 'capture_scale': 0.11274486845583896}. Best is trial 234 with value: 2.6234906489327656.
[I 2026-05-03 11:35:04,431] Trial 245 finished with value: 2.680522739364598 and parameters: {'f_n': 5.478686290484456e-07, 'K_d': 139484.48435876187, 'rho_d': 38193365375520.41, 'fission_rate': 7.154288591227823e+19, 'Dg_D1_scale': 2.745355559357078, 'Dg_D3_scale': 1.6691258126388269, 'Dv_D1_scale': 0.39113525617776207, 'Dv_D2_scale': 2.6667284168632115, 'b_bulk_scale': 1.5634526015017995, 'b_dislocation_scale': 0.12217282152174504, 'gb_scale': 2.9050696716349, 'gd_bubble_scale': 2.4230775136013394, 'gd_line_scale': 0.12637842522318127, 'gd_line_alpha': 0.8770530894043168, 'coalescence_d_scale': 0.15651417131392742, 'capture_scale': 0.1191905108412307}. Best is trial 234 with value: 2.6234906489327656.
