[I 2026-05-03 11:12:58,370] Trial 36 finished with value: 4.455857312606308 and parameters: {'f_n': 2.6967823385643712e-08, 'K_d': 499452.60533846926, 'rho_d': 16166651142568.312, 'fission_rate': 5.8970467271664755e+19, 'Dg_D1_scale': 1.0646816909409904, 'Dg_D3_scale': 0.34999324928120246, 'Dv_D1_scale': 0.852027840967842, 'Dv_D2_scale': 0.7096950001979014, 'b_bulk_scale': 1.203128728528179, 'b_dislocation_scale': 0.057293057684644495, 'gb_scale': 0.6946255033968177, 'gd_bubble_scale': 1.5292828234263973, 'gd_line_scale': 0.05235092905074217, 'gd_line_alpha': 0.16533052117944605, 'coalescence_d_scale': 0.10126243948945818, 'capture_scale': 0.3191307439133528}. Best is trial 27 with value: 2.903514334413736.Best trial: 27. Best value: 2.90351:   9%|▉         | 36/400 [04:04<46:17,  7.63s/it]Best trial: 27. Best value: 2.90351:   9%|▉         | 36/400 [04:04<46:17,  7.63s/it]Best trial: 27. Best value: 2.90351:   9%|▉         | 37/400 [04:04<46:28,  7.68s/it]                                                                                     Best trial: 27. Best value: 2.90351:   9%|▉         | 37/400 [04:12<46:28,  7.68s/it]Best trial: 27. Best value: 2.90351:   9%|▉         | 37/400 [04:12<46:28,  7.68s/it]Best trial: 27. Best value: 2.90351:  10%|▉         | 38/400 [04:12<47:46,  7.92s/it]                                                                                     Best trial: 27. Best value: 2.90351:  10%|▉         | 38/400 [04:20<47:46,  7.92s/it]Best trial: 27. Best value: 2.90351:  10%|▉         | 38/400 [04:20<47:46,  7.92s/it]Best trial: 27. Best value: 2.90351:  10%|▉         | 39/400 [04:20<46:47,  7.78s/it]                                                                                     Best trial: 27. Best value: 2.90351:  10%|▉         | 39/400 [04:26<46:47,  7.78s/it]Best trial: 27. Best value: 2.90351:  10%|▉         | 39/400 [04:26<46:47,  7.78s/it]Best trial: 27. Best value: 2.90351:  10%|█         | 40/400 [04:26<44:29,  7.42s/it]                                                                                     Best trial: 27. Best value: 2.90351:  10%|█         | 40/400 [04:33<44:29,  7.42s/it]Best trial: 27. Best value: 2.90351:  10%|█         | 40/400 [04:33<44:29,  7.42s/it]Best trial: 27. Best value: 2.90351:  10%|█         | 41/400 [04:33<42:55,  7.17s/it]                                                                                     Best trial: 27. Best value: 2.90351:  10%|█         | 41/400 [04:40<42:55,  7.17s/it]Best trial: 27. Best value: 2.90351:  10%|█         | 41/400 [04:40<42:55,  7.17s/it]Best trial: 27. Best value: 2.90351:  10%|█         | 42/400 [04:40<43:22,  7.27s/it]                                                                                     Best trial: 27. Best value: 2.90351:  10%|█         | 42/400 [04:48<43:22,  7.27s/it]Best trial: 27. Best value: 2.90351:  10%|█         | 42/400 [04:48<43:22,  7.27s/it]Best trial: 27. Best value: 2.90351:  11%|█         | 43/400 [04:48<44:05,  7.41s/it]                                                                                     Best trial: 27. Best value: 2.90351:  11%|█         | 43/400 [04:55<44:05,  7.41s/it]Best trial: 27. Best value: 2.90351:  11%|█         | 43/400 [04:55<44:05,  7.41s/it]Best trial: 27. Best value: 2.90351:  11%|█         | 44/400 [04:55<43:46,  7.38s/it]                                                                                     Best trial: 27. Best value: 2.90351:  11%|█         | 44/400 [05:03<43:46,  7.38s/it]Best trial: 27. Best value: 2.90351:  11%|█         | 44/400 [05:03<43:46,  7.38s/it]Best trial: 27. Best value: 2.90351:  11%|█▏        | 45/400 [05:03<43:33,  7.36s/it]                                                                                     Best trial: 27. Best value: 2.90351:  11%|█▏        | 45/400 [05:09<43:33,  7.36s/it]Best trial: 27. Best value: 2.90351:  11%|█▏        | 45/400 [05:09<43:33,  7.36s/it]Best trial: 27. Best value: 2.90351:  12%|█▏        | 46/400 [05:09<42:30,  7.20s/it]                                                                                     Best trial: 27. Best value: 2.90351:  12%|█▏        | 46/400 [05:16<42:30,  7.20s/it]Best trial: 27. Best value: 2.90351:  12%|█▏        | 46/400 [05:16<42:30,  7.20s/it]Best trial: 27. Best value: 2.90351:  12%|█▏        | 47/400 [05:16<40:32,  6.89s/it]                                                                                     Best trial: 27. Best value: 2.90351:  12%|█▏        | 47/400 [05:20<40:32,  6.89s/it]Best trial: 27. Best value: 2.90351:  12%|█▏        | 47/400 [05:20<40:32,  6.89s/it]Best trial: 27. Best value: 2.90351:  12%|█▏        | 48/400 [05:20<36:46,  6.27s/it]                                                                                     
[I 2026-05-03 11:13:06,844] Trial 37 finished with value: 3.228320660083077 and parameters: {'f_n': 9.208143580963293e-09, 'K_d': 234123.71168375819, 'rho_d': 29550054550272.305, 'fission_rate': 5.271078923534506e+19, 'Dg_D1_scale': 1.5728000902820252, 'Dg_D3_scale': 0.18611242412248616, 'Dv_D1_scale': 0.351464229596424, 'Dv_D2_scale': 1.1573179838526102, 'b_bulk_scale': 0.2982933315509044, 'b_dislocation_scale': 0.047259274964255166, 'gb_scale': 5.742106035378008, 'gd_bubble_scale': 2.188931041785642, 'gd_line_scale': 0.22616287661558135, 'gd_line_alpha': 0.23160202330393864, 'coalescence_d_scale': 0.6653910980936032, 'capture_scale': 0.14799963656013423}. Best is trial 27 with value: 2.903514334413736.
[I 2026-05-03 11:13:14,289] Trial 38 finished with value: 4.795699763546145 and parameters: {'f_n': 8.819164691998202e-10, 'K_d': 201003.95583456723, 'rho_d': 10419394670689.145, 'fission_rate': 4.717063329960272e+19, 'Dg_D1_scale': 1.3950950095684789, 'Dg_D3_scale': 0.5475571014187792, 'Dv_D1_scale': 0.6468039469921176, 'Dv_D2_scale': 0.8101542816140629, 'b_bulk_scale': 0.16842700580466852, 'b_dislocation_scale': 0.04276403315278427, 'gb_scale': 2.808615016129834, 'gd_bubble_scale': 7.255377949637626, 'gd_line_scale': 0.47227442078728815, 'gd_line_alpha': 0.049082955110388224, 'coalescence_d_scale': 0.2254119209084159, 'capture_scale': 0.01627464668547974}. Best is trial 27 with value: 2.903514334413736.
[I 2026-05-03 11:13:20,860] Trial 39 finished with value: 3.1315830461134677 and parameters: {'f_n': 9.903986075164752e-08, 'K_d': 475076.4463921033, 'rho_d': 14699912940711.92, 'fission_rate': 6.956569675055185e+19, 'Dg_D1_scale': 1.021486724393543, 'Dg_D3_scale': 0.1530463309727573, 'Dv_D1_scale': 0.21006874054963157, 'Dv_D2_scale': 0.2801407089143202, 'b_bulk_scale': 1.0958379693428024, 'b_dislocation_scale': 0.03155306460117266, 'gb_scale': 1.166571956390324, 'gd_bubble_scale': 0.972095783876192, 'gd_line_scale': 0.07569402388861755, 'gd_line_alpha': 0.16295830403589315, 'coalescence_d_scale': 0.14174125019912417, 'capture_scale': 0.2062521124643047}. Best is trial 27 with value: 2.903514334413736.
[I 2026-05-03 11:13:27,474] Trial 40 finished with value: 3.4768498465287507 and parameters: {'f_n': 1.3897578493792538e-07, 'K_d': 470227.2830095384, 'rho_d': 20103530463817.37, 'fission_rate': 6.947687064687857e+19, 'Dg_D1_scale': 0.9799865981963731, 'Dg_D3_scale': 0.2129424121898209, 'Dv_D1_scale': 0.20694145226086957, 'Dv_D2_scale': 0.2815685310975751, 'b_bulk_scale': 2.229344856553979, 'b_dislocation_scale': 0.030545792064655738, 'gb_scale': 1.14222292190016, 'gd_bubble_scale': 1.0483153905313438, 'gd_line_scale': 0.07623619217757226, 'gd_line_alpha': 0.28377720296314585, 'coalescence_d_scale': 0.15459091775051978, 'capture_scale': 0.20929859059154993}. Best is trial 27 with value: 2.903514334413736.
[I 2026-05-03 11:13:34,965] Trial 41 finished with value: 3.445388981274364 and parameters: {'f_n': 9.411627254727306e-08, 'K_d': 571292.8125805272, 'rho_d': 14174747387865.719, 'fission_rate': 5.963969138913249e+19, 'Dg_D1_scale': 0.8178626486378686, 'Dg_D3_scale': 0.30240772505162244, 'Dv_D1_scale': 0.25026014630631377, 'Dv_D2_scale': 0.22703875912503735, 'b_bulk_scale': 0.7533669965913277, 'b_dislocation_scale': 0.04084028064046245, 'gb_scale': 0.7894042183344109, 'gd_bubble_scale': 1.7880545590733687, 'gd_line_scale': 0.13091495372031262, 'gd_line_alpha': 0.1450500960864907, 'coalescence_d_scale': 0.1442982319709019, 'capture_scale': 0.1230786688667871}. Best is trial 27 with value: 2.903514334413736.
[I 2026-05-03 11:13:42,704] Trial 42 finished with value: 3.5285685041599857 and parameters: {'f_n': 1.506130629688785e-08, 'K_d': 385695.8866771505, 'rho_d': 11395523343430.432, 'fission_rate': 4.622512287440275e+19, 'Dg_D1_scale': 2.0590908689803338, 'Dg_D3_scale': 0.1684947382816999, 'Dv_D1_scale': 0.22947238149751267, 'Dv_D2_scale': 0.4704986597052053, 'b_bulk_scale': 1.170816865650195, 'b_dislocation_scale': 0.06291985036081522, 'gb_scale': 1.6659843452519798, 'gd_bubble_scale': 3.308968817423232, 'gd_line_scale': 0.050037733203551885, 'gd_line_alpha': 0.37094575576822786, 'coalescence_d_scale': 0.2508821585473833, 'capture_scale': 0.49219464980293687}. Best is trial 27 with value: 2.903514334413736.
[I 2026-05-03 11:13:49,995] Trial 43 finished with value: 3.734538082620295 and parameters: {'f_n': 2.62054159045691e-08, 'K_d': 323648.46255456004, 'rho_d': 16591573025951.684, 'fission_rate': 6.570845266630216e+19, 'Dg_D1_scale': 1.6497324341292803, 'Dg_D3_scale': 0.4086976719836287, 'Dv_D1_scale': 0.2700050863194918, 'Dv_D2_scale': 0.5972289285920193, 'b_bulk_scale': 1.040577824873228, 'b_dislocation_scale': 0.11372492836063675, 'gb_scale': 0.29723038748804237, 'gd_bubble_scale': 2.438305697656698, 'gd_line_scale': 0.11812814831985187, 'gd_line_alpha': 0.05004858195376438, 'coalescence_d_scale': 0.19607876379273909, 'capture_scale': 0.07079223751688526}. Best is trial 27 with value: 2.903514334413736.
[I 2026-05-03 11:13:57,322] Trial 44 finished with value: 3.100676248264416 and parameters: {'f_n': 9.370625197387257e-09, 'K_d': 690930.6187759701, 'rho_d': 9452869112524.916, 'fission_rate': 6.858560025274593e+19, 'Dg_D1_scale': 2.3782497673011394, 'Dg_D3_scale': 0.15224039243279133, 'Dv_D1_scale': 0.3315458518057184, 'Dv_D2_scale': 0.2520225263580371, 'b_bulk_scale': 0.302885054879941, 'b_dislocation_scale': 0.05229283537971013, 'gb_scale': 0.5252816356033658, 'gd_bubble_scale': 0.7609433164395347, 'gd_line_scale': 0.1843909289832667, 'gd_line_alpha': 0.19368432740133779, 'coalescence_d_scale': 0.4926545689984462, 'capture_scale': 0.1859839276322442}. Best is trial 27 with value: 2.903514334413736.
[I 2026-05-03 11:14:04,164] Trial 45 finished with value: 2.959553909772837 and parameters: {'f_n': 3.7962698229522553e-07, 'K_d': 723194.7948759005, 'rho_d': 9190087588278.32, 'fission_rate': 6.865171229632139e+19, 'Dg_D1_scale': 2.2974804091106926, 'Dg_D3_scale': 0.15221040282512566, 'Dv_D1_scale': 0.44070537597654635, 'Dv_D2_scale': 0.25757089650161125, 'b_bulk_scale': 0.3001532458202352, 'b_dislocation_scale': 0.04859810711249182, 'gb_scale': 0.23590246161357095, 'gd_bubble_scale': 0.7648737241515496, 'gd_line_scale': 0.17586734075172078, 'gd_line_alpha': 0.20459247380189427, 'coalescence_d_scale': 0.4413698973857406, 'capture_scale': 0.23213095382322807}. Best is trial 27 with value: 2.903514334413736.
[I 2026-05-03 11:14:10,319] Trial 46 finished with value: 4.449310692953535 and parameters: {'f_n': 2.4930313846964254e-06, 'K_d': 737580.7453913024, 'rho_d': 6085968047894.158, 'fission_rate': 7.534010507720945e+19, 'Dg_D1_scale': 2.356481362166549, 'Dg_D3_scale': 0.23143495427224803, 'Dv_D1_scale': 0.43050545443905647, 'Dv_D2_scale': 0.22708477343560582, 'b_bulk_scale': 0.2859195829700047, 'b_dislocation_scale': 0.04975633239057709, 'gb_scale': 0.5067007426714754, 'gd_bubble_scale': 0.2397674173034701, 'gd_line_scale': 0.1823274907859546, 'gd_line_alpha': 0.21042787140758362, 'coalescence_d_scale': 1.6559211095032427, 'capture_scale': 1.3006194891243814}. Best is trial 27 with value: 2.903514334413736.
[I 2026-05-03 11:14:15,143] Trial 47 finished with value: 3.3184768071996165 and parameters: {'f_n': 1.1259058690349306e-08, 'K_d': 884605.7254970085, 'rho_d': 9477095245434.734, 'fission_rate': 6.775618786999836e+19, 'Dg_D1_scale': 0.29309291692041023, 'Dg_D3_scale': 0.19189218001127223, 'Dv_D1_scale': 0.5733174872473566, 'Dv_D2_scale': 0.24436286914815963, 'b_bulk_scale': 0.29853104447752804, 'b_dislocation_scale': 0.1109147903447815, 'gb_scale': 0.2655352255365017, 'gd_bubble_scale': 0.31126560209269966, 'gd_line_scale': 0.2854009504280631, 'gd_line_alpha': 0.31443420479011214, 'coalescence_d_scale': 0.5328286385116103, 'capture_scale': 0.16344162349811028}. Best is trial 27 with value: 2.903514334413736.
[I 2026-05-03 11:14:22,084] Trial 48 finished with value: 4.888246668175212 and parameters: {'f_n': 3.99760307883351e-07, 'K_d': 674816.2318456547, 'rho_d': 13225013047418.629, 'fission_rate': 6.5396648858305225e+19, 'Dg_D1_scale': 2.3245835699657973, 'Dg_D3_scale': 0.2542374933853013, 'Dv_D1_scale': 1.0710798561915533, 'Dv_D2_scale': 0.2507486738457379, 'b_bulk_scale': 0.19109706468844087, 'b_dislocation_scale': 0.0379443779463841, 'gb_scale': 0.09096481476137462, 'gd_bubble_scale': 0.6303267919910278, 'gd_line_scale': 0.4230593003819346, 'gd_line_alpha': 0.5304602275879728, 'coalescence_d_scale': 0.9516719995188486, 'capture_scale': 0.3022726794970354}. Best is trial 27 with value: 2.903514334413736.Best trial: 27. Best value: 2.90351:  12%|█▏        | 48/400 [05:27<36:46,  6.27s/it]Best trial: 27. Best value: 2.90351:  12%|█▏        | 48/400 [05:27<36:46,  6.27s/it]Best trial: 27. Best value: 2.90351:  12%|█▏        | 49/400 [05:27<37:51,  6.47s/it]                                                                                     Best trial: 27. Best value: 2.90351:  12%|█▏        | 49/400 [05:35<37:51,  6.47s/it]Best trial: 27. Best value: 2.90351:  12%|█▏        | 49/400 [05:35<37:51,  6.47s/it]Best trial: 27. Best value: 2.90351:  12%|█▎        | 50/400 [05:35<40:32,  6.95s/it]                                                                                     Best trial: 27. Best value: 2.90351:  12%|█▎        | 50/400 [05:42<40:32,  6.95s/it]Best trial: 27. Best value: 2.90351:  12%|█▎        | 50/400 [05:42<40:32,  6.95s/it]Best trial: 27. Best value: 2.90351:  13%|█▎        | 51/400 [05:42<40:01,  6.88s/it]                                                                                     Best trial: 27. Best value: 2.90351:  13%|█▎        | 51/400 [05:47<40:01,  6.88s/it]Best trial: 27. Best value: 2.90351:  13%|█▎        | 51/400 [05:47<40:01,  6.88s/it]Best trial: 27. Best value: 2.90351:  13%|█▎        | 52/400 [05:47<36:08,  6.23s/it]                                                                                     Best trial: 27. Best value: 2.90351:  13%|█▎        | 52/400 [05:54<36:08,  6.23s/it]Best trial: 27. Best value: 2.90351:  13%|█▎        | 52/400 [05:54<36:08,  6.23s/it]Best trial: 27. Best value: 2.90351:  13%|█▎        | 53/400 [05:54<37:29,  6.48s/it]                                                                                     Best trial: 27. Best value: 2.90351:  13%|█▎        | 53/400 [06:01<37:29,  6.48s/it]Best trial: 27. Best value: 2.90351:  13%|█▎        | 53/400 [06:01<37:29,  6.48s/it]Best trial: 27. Best value: 2.90351:  14%|█▎        | 54/400 [06:01<37:41,  6.54s/it]                                                                                     Best trial: 27. Best value: 2.90351:  14%|█▎        | 54/400 [06:06<37:41,  6.54s/it]Best trial: 27. Best value: 2.90351:  14%|█▎        | 54/400 [06:06<37:41,  6.54s/it]Best trial: 27. Best value: 2.90351:  14%|█▍        | 55/400 [06:06<35:34,  6.19s/it]                                                                                     Best trial: 27. Best value: 2.90351:  14%|█▍        | 55/400 [06:12<35:34,  6.19s/it]Best trial: 27. Best value: 2.90351:  14%|█▍        | 55/400 [06:12<35:34,  6.19s/it]Best trial: 27. Best value: 2.90351:  14%|█▍        | 56/400 [06:12<35:09,  6.13s/it]                                                                                     Best trial: 27. Best value: 2.90351:  14%|█▍        | 56/400 [06:17<35:09,  6.13s/it]Best trial: 27. Best value: 2.90351:  14%|█▍        | 56/400 [06:17<35:09,  6.13s/it]Best trial: 27. Best value: 2.90351:  14%|█▍        | 57/400 [06:17<32:59,  5.77s/it]                                                                                     Best trial: 27. Best value: 2.90351:  14%|█▍        | 57/400 [06:23<32:59,  5.77s/it]Best trial: 27. Best value: 2.90351:  14%|█▍        | 57/400 [06:23<32:59,  5.77s/it]Best trial: 27. Best value: 2.90351:  14%|█▍        | 58/400 [06:23<33:58,  5.96s/it]                                                                                     Best trial: 27. Best value: 2.90351:  14%|█▍        | 58/400 [06:28<33:58,  5.96s/it]Best trial: 27. Best value: 2.90351:  14%|█▍        | 58/400 [06:28<33:58,  5.96s/it]Best trial: 27. Best value: 2.90351:  15%|█▍        | 59/400 [06:28<31:49,  5.60s/it]                                                                                     Best trial: 27. Best value: 2.90351:  15%|█▍        | 59/400 [06:35<31:49,  5.60s/it]Best trial: 27. Best value: 2.90351:  15%|█▍        | 59/400 [06:35<31:49,  5.60s/it]Best trial: 27. Best value: 2.90351:  15%|█▌        | 60/400 [06:35<34:42,  6.13s/it]                                                                                     
[I 2026-05-03 11:14:30,156] Trial 49 finished with value: 3.243811080215535 and parameters: {'f_n': 7.688517624461614e-09, 'K_d': 578471.5469672171, 'rho_d': 11172064860867.021, 'fission_rate': 5.4761100599746404e+19, 'Dg_D1_scale': 1.842464158309871, 'Dg_D3_scale': 0.3479214553063118, 'Dv_D1_scale': 0.45867979521078833, 'Dv_D2_scale': 0.20157965564310584, 'b_bulk_scale': 0.10611445962835846, 'b_dislocation_scale': 0.07055665087942845, 'gb_scale': 0.5482692333741228, 'gd_bubble_scale': 0.21139785231018715, 'gd_line_scale': 0.5863185196039001, 'gd_line_alpha': 0.3955868391631271, 'coalescence_d_scale': 0.4398765103007203, 'capture_scale': 0.44673266718737786}. Best is trial 27 with value: 2.903514334413736.
[I 2026-05-03 11:14:36,868] Trial 50 finished with value: 3.0148048932709073 and parameters: {'f_n': 3.467383867737771e-08, 'K_d': 1002982.114481993, 'rho_d': 9126403541857.002, 'fission_rate': 6.7090739688580104e+19, 'Dg_D1_scale': 1.363812057211113, 'Dg_D3_scale': 0.20764774779714332, 'Dv_D1_scale': 0.3498956131916461, 'Dv_D2_scale': 0.3367169146238264, 'b_bulk_scale': 0.12916698191131537, 'b_dislocation_scale': 0.04881124422603291, 'gb_scale': 0.1649741558174303, 'gd_bubble_scale': 0.7386258100133514, 'gd_line_scale': 0.1729263158818275, 'gd_line_alpha': 0.2655062497600223, 'coalescence_d_scale': 0.6734744579410097, 'capture_scale': 0.08080130008844527}. Best is trial 27 with value: 2.903514334413736.
[I 2026-05-03 11:14:41,586] Trial 51 finished with value: 3.30831081706264 and parameters: {'f_n': 1.535213985202875e-06, 'K_d': 997135.4678444258, 'rho_d': 9312481735020.443, 'fission_rate': 6.902044818196186e+19, 'Dg_D1_scale': 1.4270469323526975, 'Dg_D3_scale': 0.151624757531555, 'Dv_D1_scale': 0.3461052035150657, 'Dv_D2_scale': 0.30556910996326797, 'b_bulk_scale': 0.14172352416189565, 'b_dislocation_scale': 0.05689617289876907, 'gb_scale': 0.13450251718591366, 'gd_bubble_scale': 0.7891859918382489, 'gd_line_scale': 0.17112701163553565, 'gd_line_alpha': 0.25883491884388543, 'coalescence_d_scale': 0.8273361291642073, 'capture_scale': 0.06655549777736058}. Best is trial 27 with value: 2.903514334413736.
[I 2026-05-03 11:14:48,657] Trial 52 finished with value: 3.7997419951826825 and parameters: {'f_n': 1.6812328577316912e-08, 'K_d': 1181823.5956138573, 'rho_d': 8906304938508.906, 'fission_rate': 6.303620507822616e+19, 'Dg_D1_scale': 1.288963047545636, 'Dg_D3_scale': 0.20740346960105224, 'Dv_D1_scale': 0.5448555476929562, 'Dv_D2_scale': 0.3502264557844182, 'b_bulk_scale': 0.06639582723288331, 'b_dislocation_scale': 0.05090448331009524, 'gb_scale': 0.2972822038303701, 'gd_bubble_scale': 0.4947015512256833, 'gd_line_scale': 0.9190225364291922, 'gd_line_alpha': 0.19575754389628744, 'coalescence_d_scale': 0.5559476531532982, 'capture_scale': 0.12455683742367256}. Best is trial 27 with value: 2.903514334413736.
[I 2026-05-03 11:14:55,319] Trial 53 finished with value: 3.560799955259834 and parameters: {'f_n': 3.52834153653726e-08, 'K_d': 784097.6597707873, 'rho_d': 7499704993245.576, 'fission_rate': 6.772456204728501e+19, 'Dg_D1_scale': 2.186077642982984, 'Dg_D3_scale': 0.17462168825319213, 'Dv_D1_scale': 0.36678925666375745, 'Dv_D2_scale': 0.4249539518220793, 'b_bulk_scale': 0.3415565539640913, 'b_dislocation_scale': 0.03955375696603391, 'gb_scale': 0.11220153605710581, 'gd_bubble_scale': 0.3899253301353051, 'gd_line_scale': 0.24186407031849289, 'gd_line_alpha': 0.32825867990612373, 'coalescence_d_scale': 1.1733935072754622, 'capture_scale': 0.08229576726385099}. Best is trial 27 with value: 2.903514334413736.
[I 2026-05-03 11:15:00,690] Trial 54 finished with value: 4.032211625640562 and parameters: {'f_n': 4.445015163117022e-09, 'K_d': 1386317.65483749, 'rho_d': 10891657725785.365, 'fission_rate': 7.37746100102979e+19, 'Dg_D1_scale': 2.584629860309805, 'Dg_D3_scale': 0.3089454687096657, 'Dv_D1_scale': 0.8482323515541469, 'Dv_D2_scale': 0.24713331925570167, 'b_bulk_scale': 0.22147589403609064, 'b_dislocation_scale': 0.6016075530352114, 'gb_scale': 0.19915968655043195, 'gd_bubble_scale': 1.2369294385616814, 'gd_line_scale': 0.2027526032437438, 'gd_line_alpha': 0.9994851173465884, 'coalescence_d_scale': 1.9055251231275205, 'capture_scale': 0.16855609119606285}. Best is trial 27 with value: 2.903514334413736.
