[I 2026-05-03 11:43:23,258] Trial 324 finished with value: 3.7081482855390604 and parameters: {'f_n': 5.615927068663988e-07, 'K_d': 118574.14064367345, 'rho_d': 38642105773547.96, 'fission_rate': 5.4931898260222525e+19, 'Dg_D1_scale': 2.7718648884287598, 'Dg_D3_scale': 1.010145457429265, 'Dv_D1_scale': 0.6386818539330579, 'Dv_D2_scale': 2.8461578849285893, 'b_bulk_scale': 1.9332436457357638, 'b_dislocation_scale': 0.39216443140723095, 'gb_scale': 5.007354852299822, 'gd_bubble_scale': 1.9806746269245714, 'gd_line_scale': 0.18565686107376242, 'gd_line_alpha': 0.9271485802826159, 'coalescence_d_scale': 0.25160373743395936, 'capture_scale': 0.11790492467973968}. Best is trial 272 with value: 2.6222389481247.Best trial: 272. Best value: 2.62224:  81%|████████  | 324/400 [34:28<08:31,  6.73s/it]Best trial: 272. Best value: 2.62224:  81%|████████  | 324/400 [34:29<08:31,  6.73s/it]Best trial: 272. Best value: 2.62224:  81%|████████▏ | 325/400 [34:29<09:21,  7.49s/it]                                                                                       Best trial: 272. Best value: 2.62224:  81%|████████▏ | 325/400 [34:35<09:21,  7.49s/it]Best trial: 272. Best value: 2.62224:  81%|████████▏ | 325/400 [34:35<09:21,  7.49s/it]Best trial: 272. Best value: 2.62224:  82%|████████▏ | 326/400 [34:35<09:00,  7.30s/it]                                                                                       Best trial: 272. Best value: 2.62224:  82%|████████▏ | 326/400 [34:40<09:00,  7.30s/it]Best trial: 272. Best value: 2.62224:  82%|████████▏ | 326/400 [34:40<09:00,  7.30s/it]Best trial: 272. Best value: 2.62224:  82%|████████▏ | 327/400 [34:40<07:56,  6.53s/it]                                                                                       Best trial: 272. Best value: 2.62224:  82%|████████▏ | 327/400 [34:52<07:56,  6.53s/it]Best trial: 272. Best value: 2.62224:  82%|████████▏ | 327/400 [34:52<07:56,  6.53s/it]Best trial: 272. Best value: 2.62224:  82%|████████▏ | 328/400 [34:52<09:48,  8.17s/it]                                                                                       Best trial: 272. Best value: 2.62224:  82%|████████▏ | 328/400 [34:59<09:48,  8.17s/it]Best trial: 272. Best value: 2.62224:  82%|████████▏ | 328/400 [34:59<09:48,  8.17s/it]Best trial: 272. Best value: 2.62224:  82%|████████▏ | 329/400 [34:59<09:06,  7.70s/it]                                                                                       Best trial: 272. Best value: 2.62224:  82%|████████▏ | 329/400 [35:05<09:06,  7.70s/it]Best trial: 272. Best value: 2.62224:  82%|████████▏ | 329/400 [35:05<09:06,  7.70s/it]Best trial: 272. Best value: 2.62224:  82%|████████▎ | 330/400 [35:05<08:32,  7.32s/it]                                                                                       Best trial: 272. Best value: 2.62224:  82%|████████▎ | 330/400 [35:10<08:32,  7.32s/it]Best trial: 330. Best value: 2.47811:  82%|████████▎ | 330/400 [35:10<08:32,  7.32s/it]Best trial: 330. Best value: 2.47811:  83%|████████▎ | 331/400 [35:10<07:25,  6.45s/it]                                                                                       Best trial: 330. Best value: 2.47811:  83%|████████▎ | 331/400 [35:16<07:25,  6.45s/it]Best trial: 330. Best value: 2.47811:  83%|████████▎ | 331/400 [35:16<07:25,  6.45s/it]Best trial: 330. Best value: 2.47811:  83%|████████▎ | 332/400 [35:16<07:17,  6.44s/it]                                                                                       Best trial: 330. Best value: 2.47811:  83%|████████▎ | 332/400 [35:20<07:17,  6.44s/it]Best trial: 330. Best value: 2.47811:  83%|████████▎ | 332/400 [35:20<07:17,  6.44s/it]Best trial: 330. Best value: 2.47811:  83%|████████▎ | 333/400 [35:20<06:27,  5.79s/it]                                                                                       Best trial: 330. Best value: 2.47811:  83%|████████▎ | 333/400 [35:26<06:27,  5.79s/it]Best trial: 333. Best value: 2.45506:  83%|████████▎ | 333/400 [35:26<06:27,  5.79s/it]Best trial: 333. Best value: 2.45506:  84%|████████▎ | 334/400 [35:26<06:27,  5.87s/it]                                                                                       Best trial: 333. Best value: 2.45506:  84%|████████▎ | 334/400 [35:33<06:27,  5.87s/it]Best trial: 333. Best value: 2.45506:  84%|████████▎ | 334/400 [35:33<06:27,  5.87s/it]Best trial: 333. Best value: 2.45506:  84%|████████▍ | 335/400 [35:33<06:29,  6.00s/it]                                                                                       Best trial: 333. Best value: 2.45506:  84%|████████▍ | 335/400 [35:39<06:29,  6.00s/it]Best trial: 333. Best value: 2.45506:  84%|████████▍ | 335/400 [35:39<06:29,  6.00s/it]Best trial: 333. Best value: 2.45506:  84%|████████▍ | 336/400 [35:39<06:35,  6.18s/it]                                                                                       
[I 2026-05-03 11:43:30,065] Trial 325 finished with value: 2.7955528199734396 and parameters: {'f_n': 1.34309141141016e-07, 'K_d': 108265.19862100866, 'rho_d': 41434771548589.2, 'fission_rate': 7.509644887465586e+19, 'Dg_D1_scale': 2.6440110277695594, 'Dg_D3_scale': 1.227999254042347, 'Dv_D1_scale': 0.48802165057518454, 'Dv_D2_scale': 3.3908963726009373, 'b_bulk_scale': 2.396233428375547, 'b_dislocation_scale': 0.17615122142023448, 'gb_scale': 5.609105785241926, 'gd_bubble_scale': 2.3988679896018477, 'gd_line_scale': 0.2228510140785664, 'gd_line_alpha': 0.9434730138230187, 'coalescence_d_scale': 0.2864107801463635, 'capture_scale': 0.1051948353037919}. Best is trial 272 with value: 2.6222389481247.
[I 2026-05-03 11:43:34,852] Trial 326 finished with value: 3.5323336783885564 and parameters: {'f_n': 2.367070385436971e-07, 'K_d': 127995.52207353963, 'rho_d': 36952466890916.38, 'fission_rate': 7.3190313422145765e+19, 'Dg_D1_scale': 2.431222719044745, 'Dg_D3_scale': 1.126566758097529, 'Dv_D1_scale': 0.5635738399483945, 'Dv_D2_scale': 2.6116499946429044, 'b_bulk_scale': 2.050942360926398, 'b_dislocation_scale': 0.15236900351943766, 'gb_scale': 4.653631456873292, 'gd_bubble_scale': 2.612027933721839, 'gd_line_scale': 0.5054526006381052, 'gd_line_alpha': 0.8888760545774228, 'coalescence_d_scale': 0.3586169819802477, 'capture_scale': 0.14020510223427643}. Best is trial 272 with value: 2.6222389481247.
[I 2026-05-03 11:43:46,776] Trial 327 finished with value: 3.7453323523679245 and parameters: {'f_n': 9.698164760277995e-07, 'K_d': 121333.93176917084, 'rho_d': 33072553699493.504, 'fission_rate': 4.026428816063391e+19, 'Dg_D1_scale': 2.8097682670123563, 'Dg_D3_scale': 1.289071163314652, 'Dv_D1_scale': 0.46944294712230317, 'Dv_D2_scale': 3.1051512007710262, 'b_bulk_scale': 2.561425522812681, 'b_dislocation_scale': 0.2706644534378261, 'gb_scale': 4.195310287298928, 'gd_bubble_scale': 0.050280565660804306, 'gd_line_scale': 0.1979853626613875, 'gd_line_alpha': 0.9598510917989289, 'coalescence_d_scale': 0.3221118800690233, 'capture_scale': 0.12424643005099832}. Best is trial 272 with value: 2.6222389481247.
[I 2026-05-03 11:43:53,455] Trial 328 finished with value: 2.632125159721241 and parameters: {'f_n': 4.647991011016768e-07, 'K_d': 136103.27271691157, 'rho_d': 42502900691684.06, 'fission_rate': 7.397101711362038e+19, 'Dg_D1_scale': 2.1131194156699853, 'Dg_D3_scale': 1.178049088237869, 'Dv_D1_scale': 0.5282321004450048, 'Dv_D2_scale': 2.7389697309774017, 'b_bulk_scale': 2.2375326653149226, 'b_dislocation_scale': 0.2252376612266491, 'gb_scale': 6.936990548680221, 'gd_bubble_scale': 8.054101014546049, 'gd_line_scale': 0.17196316638557282, 'gd_line_alpha': 0.9991537720133191, 'coalescence_d_scale': 0.25566291356645643, 'capture_scale': 0.06636530134586009}. Best is trial 272 with value: 2.6222389481247.
[I 2026-05-03 11:43:59,902] Trial 329 finished with value: 3.5331358349526027 and parameters: {'f_n': 3.708083913659604e-07, 'K_d': 138456.0490924086, 'rho_d': 45271097744917.31, 'fission_rate': 7.415933479972392e+19, 'Dg_D1_scale': 0.36597094585574724, 'Dg_D3_scale': 1.0861686773575308, 'Dv_D1_scale': 0.5098876332357812, 'Dv_D2_scale': 2.756578484245043, 'b_bulk_scale': 1.8571324043024093, 'b_dislocation_scale': 0.2374789033381617, 'gb_scale': 6.908071313633452, 'gd_bubble_scale': 2.2087469862609788, 'gd_line_scale': 0.16900420396424978, 'gd_line_alpha': 0.9871221600966362, 'coalescence_d_scale': 0.2489921826806643, 'capture_scale': 0.061884263194692875}. Best is trial 272 with value: 2.6222389481247.
[I 2026-05-03 11:44:04,299] Trial 330 finished with value: 2.478108286383975 and parameters: {'f_n': 3.2484211039651463e-09, 'K_d': 133493.95382459366, 'rho_d': 40409961891752.71, 'fission_rate': 7.533452472115359e+19, 'Dg_D1_scale': 2.1595373677239382, 'Dg_D3_scale': 1.4088293069051863, 'Dv_D1_scale': 0.5289112860889479, 'Dv_D2_scale': 2.9658293748952755, 'b_bulk_scale': 0.06119319303678776, 'b_dislocation_scale': 0.21585040513982368, 'gb_scale': 6.377283950239246, 'gd_bubble_scale': 5.890304243792633, 'gd_line_scale': 0.24119535820511925, 'gd_line_alpha': 0.9802413047632056, 'coalescence_d_scale': 0.2590107419980637, 'capture_scale': 0.07629340338400892}. Best is trial 330 with value: 2.478108286383975.
[I 2026-05-03 11:44:10,700] Trial 331 finished with value: 4.577912176872743 and parameters: {'f_n': 3.6687954671851564e-09, 'K_d': 135818.20007918708, 'rho_d': 47054294909082.74, 'fission_rate': 7.627511615154553e+19, 'Dg_D1_scale': 2.0763362868576802, 'Dg_D3_scale': 1.427693897108596, 'Dv_D1_scale': 0.5479340700373384, 'Dv_D2_scale': 2.8956667891432692, 'b_bulk_scale': 2.1307714059869673, 'b_dislocation_scale': 0.22533035256418196, 'gb_scale': 6.209920427536153, 'gd_bubble_scale': 7.83813816035408, 'gd_line_scale': 0.24438032250501973, 'gd_line_alpha': 0.9912016631918517, 'coalescence_d_scale': 0.2776725829800721, 'capture_scale': 0.0716594323756046}. Best is trial 330 with value: 2.478108286383975.
[I 2026-05-03 11:44:14,998] Trial 332 finished with value: 3.196543969936367 and parameters: {'f_n': 1.6672074467497166e-08, 'K_d': 134107.65294812887, 'rho_d': 38316644192510.59, 'fission_rate': 7.508658247258238e+19, 'Dg_D1_scale': 2.1423482452795186, 'Dg_D3_scale': 1.1718003959243295, 'Dv_D1_scale': 0.4927830327996758, 'Dv_D2_scale': 2.6666029305915866, 'b_bulk_scale': 0.030302939084867395, 'b_dislocation_scale': 0.3145084680995105, 'gb_scale': 7.019792143682138, 'gd_bubble_scale': 9.822844195857757, 'gd_line_scale': 0.23121951705561308, 'gd_line_alpha': 0.9618548414708004, 'coalescence_d_scale': 0.26874885303067875, 'capture_scale': 0.06930273369335797}. Best is trial 330 with value: 2.478108286383975.
[I 2026-05-03 11:44:21,041] Trial 333 finished with value: 2.4550633537623674 and parameters: {'f_n': 4.9169272129728855e-09, 'K_d': 107883.02609010854, 'rho_d': 42931678062214.266, 'fission_rate': 7.476571794228737e+19, 'Dg_D1_scale': 1.9649729156071125, 'Dg_D3_scale': 0.9928904794068155, 'Dv_D1_scale': 0.5238082919655871, 'Dv_D2_scale': 2.9691762553188625, 'b_bulk_scale': 0.04276533261487717, 'b_dislocation_scale': 0.21076705668875304, 'gb_scale': 6.268978903843243, 'gd_bubble_scale': 7.926711381853779, 'gd_line_scale': 0.2117525706196396, 'gd_line_alpha': 0.9993276617627959, 'coalescence_d_scale': 0.3849011077815544, 'capture_scale': 0.044228766802217406}. Best is trial 333 with value: 2.4550633537623674.
[I 2026-05-03 11:44:27,345] Trial 334 finished with value: 5.026353991946853 and parameters: {'f_n': 7.933275387560513e-09, 'K_d': 107354.7165169671, 'rho_d': 43663288601972.09, 'fission_rate': 7.686781361186169e+19, 'Dg_D1_scale': 1.9808274273334798, 'Dg_D3_scale': 1.0827417534826758, 'Dv_D1_scale': 0.5354851758961391, 'Dv_D2_scale': 2.9952752291294975, 'b_bulk_scale': 0.05870164775129177, 'b_dislocation_scale': 0.21594521436212105, 'gb_scale': 6.380230907916525, 'gd_bubble_scale': 7.026175603107782, 'gd_line_scale': 9.412873493630816, 'gd_line_alpha': 0.9975094681944459, 'coalescence_d_scale': 0.4624091363618615, 'capture_scale': 0.027443032714772334}. Best is trial 333 with value: 2.4550633537623674.
[I 2026-05-03 11:44:33,931] Trial 335 finished with value: 2.5194857530937793 and parameters: {'f_n': 2.7498058223360842e-09, 'K_d': 108397.66902670062, 'rho_d': 48350936639161.09, 'fission_rate': 7.593953961569745e+19, 'Dg_D1_scale': 2.2159389868820183, 'Dg_D3_scale': 3.738351463327796, 'Dv_D1_scale': 0.580117366463335, 'Dv_D2_scale': 2.730691853713233, 'b_bulk_scale': 0.03685632700885542, 'b_dislocation_scale': 0.27833092117387526, 'gb_scale': 6.0051082367654125, 'gd_bubble_scale': 8.5862375542736, 'gd_line_scale': 0.2726349464625684, 'gd_line_alpha': 0.9749245876587386, 'coalescence_d_scale': 0.3971125501787289, 'capture_scale': 0.05274571463981765}. Best is trial 333 with value: 2.4550633537623674.
[I 2026-05-03 11:44:38,863] Trial 336 finished with value: 2.533040850305616 and parameters: {'f_n': 4.334854528933029e-09, 'K_d': 113170.42475820142, 'rho_d': 47852420716326.33, 'fission_rate': 7.702032920433264e+19, 'Dg_D1_scale': 2.1285776708065707, 'Dg_D3_scale': 3.5355511742567343, 'Dv_D1_scale': 0.5903252931059594, 'Dv_D2_scale': 2.7029055702801514, 'b_bulk_scale': 0.06111853808266118, 'b_dislocation_scale': 0.24775382210865732, 'gb_scale': 5.814587676539749, 'gd_bubble_scale': 7.181806858362872, 'gd_line_scale': 0.28507258086315684, 'gd_line_alpha': 0.9786399516688669, 'coalescence_d_scale': 0.40346315230252416, 'capture_scale': 0.05050467885624984}. Best is trial 333 with value: 2.4550633537623674.Best trial: 333. Best value: 2.45506:  84%|████████▍ | 336/400 [35:44<06:35,  6.18s/it]Best trial: 333. Best value: 2.45506:  84%|████████▍ | 336/400 [35:44<06:35,  6.18s/it]Best trial: 333. Best value: 2.45506:  84%|████████▍ | 337/400 [35:44<06:06,  5.82s/it]                                                                                       Best trial: 333. Best value: 2.45506:  84%|████████▍ | 337/400 [35:51<06:06,  5.82s/it]Best trial: 333. Best value: 2.45506:  84%|████████▍ | 337/400 [35:51<06:06,  5.82s/it]Best trial: 333. Best value: 2.45506:  84%|████████▍ | 338/400 [35:51<06:12,  6.01s/it]                                                                                       Best trial: 333. Best value: 2.45506:  84%|████████▍ | 338/400 [35:57<06:12,  6.01s/it]Best trial: 333. Best value: 2.45506:  84%|████████▍ | 338/400 [35:57<06:12,  6.01s/it]Best trial: 333. Best value: 2.45506:  85%|████████▍ | 339/400 [35:57<06:15,  6.16s/it]                                                                                       Best trial: 333. Best value: 2.45506:  85%|████████▍ | 339/400 [36:03<06:15,  6.16s/it]Best trial: 333. Best value: 2.45506:  85%|████████▍ | 339/400 [36:03<06:15,  6.16s/it]Best trial: 333. Best value: 2.45506:  85%|████████▌ | 340/400 [36:03<06:11,  6.20s/it]                                                                                       Best trial: 333. Best value: 2.45506:  85%|████████▌ | 340/400 [36:10<06:11,  6.20s/it]Best trial: 333. Best value: 2.45506:  85%|████████▌ | 340/400 [36:10<06:11,  6.20s/it]Best trial: 333. Best value: 2.45506:  85%|████████▌ | 341/400 [36:10<06:04,  6.18s/it]                                                                                       Best trial: 333. Best value: 2.45506:  85%|████████▌ | 341/400 [36:14<06:04,  6.18s/it]Best trial: 333. Best value: 2.45506:  85%|████████▌ | 341/400 [36:14<06:04,  6.18s/it]Best trial: 333. Best value: 2.45506:  86%|████████▌ | 342/400 [36:14<05:23,  5.57s/it]                                                                                       Best trial: 333. Best value: 2.45506:  86%|████████▌ | 342/400 [36:19<05:23,  5.57s/it]Best trial: 342. Best value: 2.44288:  86%|████████▌ | 342/400 [36:20<05:23,  5.57s/it]Best trial: 342. Best value: 2.44288:  86%|████████▌ | 343/400 [36:20<05:20,  5.63s/it]                                                                                       Best trial: 342. Best value: 2.44288:  86%|████████▌ | 343/400 [36:25<05:20,  5.63s/it]Best trial: 342. Best value: 2.44288:  86%|████████▌ | 343/400 [36:25<05:20,  5.63s/it]Best trial: 342. Best value: 2.44288:  86%|████████▌ | 344/400 [36:25<05:16,  5.65s/it]                                                                                       Best trial: 342. Best value: 2.44288:  86%|████████▌ | 344/400 [36:31<05:16,  5.65s/it]Best trial: 342. Best value: 2.44288:  86%|████████▌ | 344/400 [36:31<05:16,  5.65s/it]Best trial: 342. Best value: 2.44288:  86%|████████▋ | 345/400 [36:31<05:08,  5.60s/it]                                                                                       Best trial: 342. Best value: 2.44288:  86%|████████▋ | 345/400 [36:36<05:08,  5.60s/it]Best trial: 342. Best value: 2.44288:  86%|████████▋ | 345/400 [36:36<05:08,  5.60s/it]Best trial: 342. Best value: 2.44288:  86%|████████▋ | 346/400 [36:36<04:59,  5.55s/it]                                                                                       Best trial: 342. Best value: 2.44288:  86%|████████▋ | 346/400 [36:40<04:59,  5.55s/it]Best trial: 342. Best value: 2.44288:  86%|████████▋ | 346/400 [36:40<04:59,  5.55s/it]Best trial: 342. Best value: 2.44288:  87%|████████▋ | 347/400 [36:40<04:24,  5.00s/it]                                                                                       Best trial: 342. Best value: 2.44288:  87%|████████▋ | 347/400 [36:45<04:24,  5.00s/it]Best trial: 342. Best value: 2.44288:  87%|████████▋ | 347/400 [36:45<04:24,  5.00s/it]Best trial: 342. Best value: 2.44288:  87%|████████▋ | 348/400 [36:45<04:24,  5.08s/it]                                                                                       
[I 2026-05-03 11:44:45,363] Trial 337 finished with value: 2.7797301042266755 and parameters: {'f_n': 2.6114910536642934e-09, 'K_d': 110394.05317948989, 'rho_d': 48415359716815.28, 'fission_rate': 7.760255957054715e+19, 'Dg_D1_scale': 1.8990770133927255, 'Dg_D3_scale': 3.7421682646852177, 'Dv_D1_scale': 0.596614511835223, 'Dv_D2_scale': 2.9753300800290767, 'b_bulk_scale': 0.0812058024224012, 'b_dislocation_scale': 0.27509081442091504, 'gb_scale': 5.943568583060551, 'gd_bubble_scale': 8.656758942246718, 'gd_line_scale': 0.27637413859405613, 'gd_line_alpha': 0.9803912901188439, 'coalescence_d_scale': 0.3904693577290271, 'capture_scale': 0.044362661125664234}. Best is trial 333 with value: 2.4550633537623674.
[I 2026-05-03 11:44:51,871] Trial 338 finished with value: 4.657214662356595 and parameters: {'f_n': 4.885020059493166e-09, 'K_d': 114240.67241448953, 'rho_d': 47799865679948.82, 'fission_rate': 7.626004826805263e+19, 'Dg_D1_scale': 2.1704566634132303, 'Dg_D3_scale': 3.9894358209614573, 'Dv_D1_scale': 0.5647695070015125, 'Dv_D2_scale': 3.472687954523275, 'b_bulk_scale': 1.9324258375469205, 'b_dislocation_scale': 0.2574236450100518, 'gb_scale': 5.977782334355932, 'gd_bubble_scale': 8.768189580747688, 'gd_line_scale': 0.3074728773874775, 'gd_line_alpha': 0.9714201983640722, 'coalescence_d_scale': 0.5173000654839673, 'capture_scale': 0.03556063371954356}. Best is trial 333 with value: 2.4550633537623674.
[I 2026-05-03 11:44:58,172] Trial 339 finished with value: 2.5269609038817937 and parameters: {'f_n': 2.77435221992959e-09, 'K_d': 105682.93024431003, 'rho_d': 48739715450718.586, 'fission_rate': 7.555969873154734e+19, 'Dg_D1_scale': 2.0016618326900004, 'Dg_D3_scale': 2.9102547503334173, 'Dv_D1_scale': 0.7352985624047939, 'Dv_D2_scale': 3.0869755497623177, 'b_bulk_scale': 0.05731809688859035, 'b_dislocation_scale': 0.28637836282974766, 'gb_scale': 6.752988904633033, 'gd_bubble_scale': 7.660092908808634, 'gd_line_scale': 0.29424922111184054, 'gd_line_alpha': 0.9867864570147644, 'coalescence_d_scale': 0.40779412258074843, 'capture_scale': 0.05177336222086904}. Best is trial 333 with value: 2.4550633537623674.
[I 2026-05-03 11:45:04,316] Trial 340 finished with value: 2.8915273310023926 and parameters: {'f_n': 1.4540806756841332e-09, 'K_d': 105876.31690996248, 'rho_d': 47301237546163.13, 'fission_rate': 7.767784525539466e+19, 'Dg_D1_scale': 1.5887032397052696, 'Dg_D3_scale': 3.972274615167944, 'Dv_D1_scale': 0.860316325420648, 'Dv_D2_scale': 3.2215292334148997, 'b_bulk_scale': 0.05602899150693109, 'b_dislocation_scale': 0.2544559454558401, 'gb_scale': 6.835696993101861, 'gd_bubble_scale': 7.454448364187791, 'gd_line_scale': 0.27340789926316406, 'gd_line_alpha': 0.9972614594362351, 'coalescence_d_scale': 0.409053648337599, 'capture_scale': 0.050735311117312186}. Best is trial 333 with value: 2.4550633537623674.
[I 2026-05-03 11:45:08,475] Trial 341 finished with value: 2.7148693987541144 and parameters: {'f_n': 1.813861904005465e-09, 'K_d': 106720.1927132748, 'rho_d': 49140503608841.84, 'fission_rate': 7.691915142609755e+19, 'Dg_D1_scale': 1.6670479495682946, 'Dg_D3_scale': 3.5974057839427176, 'Dv_D1_scale': 0.7178196033027697, 'Dv_D2_scale': 2.562448973336904, 'b_bulk_scale': 0.037105492542093534, 'b_dislocation_scale': 0.3099016302289378, 'gb_scale': 6.544438882253088, 'gd_bubble_scale': 8.09616249256842, 'gd_line_scale': 0.3860202551091936, 'gd_line_alpha': 0.9962986511187006, 'coalescence_d_scale': 0.4500960772940471, 'capture_scale': 0.04031504328519094}. Best is trial 333 with value: 2.4550633537623674.
