[I 2026-05-03 11:48:22,352] Trial 378 finished with value: 2.6247879455382552 and parameters: {'f_n': 2.048747684554288e-09, 'K_d': 105584.07799490013, 'rho_d': 25304489627360.09, 'fission_rate': 7.818493698737091e+19, 'Dg_D1_scale': 1.5204493251755014, 'Dg_D3_scale': 3.407219035003366, 'Dv_D1_scale': 1.054802832245787, 'Dv_D2_scale': 3.955665089427362, 'b_bulk_scale': 0.07311845333193036, 'b_dislocation_scale': 0.2957229664751763, 'gb_scale': 7.119418514221545, 'gd_bubble_scale': 9.724850923707795, 'gd_line_scale': 0.41961789220034706, 'gd_line_alpha': 0.9800216913135401, 'coalescence_d_scale': 0.6124242803899649, 'capture_scale': 0.029564532680848202}. Best is trial 342 with value: 2.4428822172672136.
[I 2026-05-03 11:48:27,110] Trial 379 finished with value: 3.241360998571436 and parameters: {'f_n': 1.370337588682949e-09, 'K_d': 109527.60304248153, 'rho_d': 23193956741939.582, 'fission_rate': 7.926333867660185e+19, 'Dg_D1_scale': 1.2590741625989734, 'Dg_D3_scale': 3.635385765251995, 'Dv_D1_scale': 0.8536713279092993, 'Dv_D2_scale': 3.765779751807192, 'b_bulk_scale': 0.0610516220833502, 'b_dislocation_scale': 0.47901957036105836, 'gb_scale': 7.988043984152746, 'gd_bubble_scale': 8.520196939686732, 'gd_line_scale': 0.3895838154178245, 'gd_line_alpha': 0.9667067184444491, 'coalescence_d_scale': 0.5360680555505369, 'capture_scale': 0.025648128768587526}. Best is trial 342 with value: 2.4428822172672136.
[I 2026-05-03 11:48:32,771] Trial 380 finished with value: 2.699274082972825 and parameters: {'f_n': 2.2726316082648383e-09, 'K_d': 100182.23441678497, 'rho_d': 26606285192239.05, 'fission_rate': 7.999687484145005e+19, 'Dg_D1_scale': 1.4074793360844908, 'Dg_D3_scale': 3.152038671767587, 'Dv_D1_scale': 0.9238025478371485, 'Dv_D2_scale': 3.653682513239427, 'b_bulk_scale': 0.04838508129676478, 'b_dislocation_scale': 0.28943706986331125, 'gb_scale': 6.467792720114645, 'gd_bubble_scale': 7.778129305122421, 'gd_line_scale': 0.6066766081340464, 'gd_line_alpha': 0.9631969854606942, 'coalescence_d_scale': 0.7079745524034329, 'capture_scale': 0.015185313154521127}. Best is trial 342 with value: 2.4428822172672136.
[I 2026-05-03 11:48:36,688] Trial 381 finished with value: 2.660245843422203 and parameters: {'f_n': 1.1147273265693754e-09, 'K_d': 109670.37526484967, 'rho_d': 29663843160215.84, 'fission_rate': 7.786852002236236e+19, 'Dg_D1_scale': 1.5240712574880915, 'Dg_D3_scale': 3.3330757087927148, 'Dv_D1_scale': 0.7103498440158108, 'Dv_D2_scale': 3.972076065417047, 'b_bulk_scale': 0.036916220984031106, 'b_dislocation_scale': 0.32259265556874284, 'gb_scale': 6.677439899038227, 'gd_bubble_scale': 9.05258233430526, 'gd_line_scale': 0.46275236617505716, 'gd_line_alpha': 0.9811497084449213, 'coalescence_d_scale': 0.8968505430159545, 'capture_scale': 0.010040945015290856}. Best is trial 342 with value: 2.4428822172672136.
[I 2026-05-03 11:48:41,904] Trial 382 finished with value: 2.7548320549010694 and parameters: {'f_n': 1.653364525939842e-09, 'K_d': 104645.26088689975, 'rho_d': 27706964309844.434, 'fission_rate': 7.857843372124704e+19, 'Dg_D1_scale': 1.58768735432603, 'Dg_D3_scale': 2.4429931399409957, 'Dv_D1_scale': 1.1288021339909495, 'Dv_D2_scale': 3.679968180770028, 'b_bulk_scale': 0.06957693628750856, 'b_dislocation_scale': 0.4005341496888686, 'gb_scale': 7.189549004358758, 'gd_bubble_scale': 9.89078673627211, 'gd_line_scale': 0.3196113794462513, 'gd_line_alpha': 0.9995928673082634, 'coalescence_d_scale': 0.5820742313928172, 'capture_scale': 0.03410631677910568}. Best is trial 342 with value: 2.4428822172672136.
[I 2026-05-03 11:48:46,990] Trial 383 finished with value: 2.9112026364770207 and parameters: {'f_n': 5.291489308149165e-09, 'K_d': 110159.37140718834, 'rho_d': 24468112751471.76, 'fission_rate': 7.912675787756895e+19, 'Dg_D1_scale': 1.3765564685293783, 'Dg_D3_scale': 2.69338534130432, 'Dv_D1_scale': 0.998914601412437, 'Dv_D2_scale': 3.7951911108099945, 'b_bulk_scale': 0.052877164302582456, 'b_dislocation_scale': 0.2680396982156101, 'gb_scale': 6.2309526878005626, 'gd_bubble_scale': 7.365040916381464, 'gd_line_scale': 0.4096729785895555, 'gd_line_alpha': 0.9635988204649033, 'coalescence_d_scale': 0.6516775812620573, 'capture_scale': 0.012277365221085391}. Best is trial 342 with value: 2.4428822172672136.
[I 2026-05-03 11:48:51,948] Trial 384 finished with value: 2.7880916862070246 and parameters: {'f_n': 3.4322359099996637e-09, 'K_d': 104758.89112339755, 'rho_d': 30624459763291.38, 'fission_rate': 7.762040374339813e+19, 'Dg_D1_scale': 1.6718635620442446, 'Dg_D3_scale': 2.779607544846043, 'Dv_D1_scale': 0.8130083646984888, 'Dv_D2_scale': 3.6039728725691154, 'b_bulk_scale': 0.04491472322496092, 'b_dislocation_scale': 0.3502007116645934, 'gb_scale': 6.669240617409063, 'gd_bubble_scale': 8.374167124557355, 'gd_line_scale': 0.35309913821049044, 'gd_line_alpha': 0.9788138310192902, 'coalescence_d_scale': 0.548768727387596, 'capture_scale': 0.0211123955798914}. Best is trial 342 with value: 2.4428822172672136.Best trial: 342. Best value: 2.44288:  96%|█████████▌| 384/400 [39:57<01:20,  5.02s/it]Best trial: 342. Best value: 2.44288:  96%|█████████▌| 384/400 [39:57<01:20,  5.02s/it]Best trial: 342. Best value: 2.44288:  96%|█████████▋| 385/400 [39:57<01:15,  5.00s/it]                                                                                       Best trial: 342. Best value: 2.44288:  96%|█████████▋| 385/400 [40:03<01:15,  5.00s/it]Best trial: 342. Best value: 2.44288:  96%|█████████▋| 385/400 [40:03<01:15,  5.00s/it]Best trial: 342. Best value: 2.44288:  96%|█████████▋| 386/400 [40:03<01:11,  5.13s/it]                                                                                       Best trial: 342. Best value: 2.44288:  96%|█████████▋| 386/400 [40:07<01:11,  5.13s/it]Best trial: 342. Best value: 2.44288:  96%|█████████▋| 386/400 [40:07<01:11,  5.13s/it]Best trial: 342. Best value: 2.44288:  97%|█████████▋| 387/400 [40:07<01:02,  4.80s/it]                                                                                       Best trial: 342. Best value: 2.44288:  97%|█████████▋| 387/400 [40:12<01:02,  4.80s/it]Best trial: 342. Best value: 2.44288:  97%|█████████▋| 387/400 [40:12<01:02,  4.80s/it]Best trial: 342. Best value: 2.44288:  97%|█████████▋| 388/400 [40:12<00:59,  4.94s/it]                                                                                       Best trial: 342. Best value: 2.44288:  97%|█████████▋| 388/400 [40:16<00:59,  4.94s/it]Best trial: 342. Best value: 2.44288:  97%|█████████▋| 388/400 [40:16<00:59,  4.94s/it]Best trial: 342. Best value: 2.44288:  97%|█████████▋| 389/400 [40:16<00:51,  4.66s/it]                                                                                       Best trial: 342. Best value: 2.44288:  97%|█████████▋| 389/400 [40:21<00:51,  4.66s/it]Best trial: 342. Best value: 2.44288:  97%|█████████▋| 389/400 [40:21<00:51,  4.66s/it]Best trial: 342. Best value: 2.44288:  98%|█████████▊| 390/400 [40:21<00:48,  4.89s/it]                                                                                       Best trial: 342. Best value: 2.44288:  98%|█████████▊| 390/400 [40:26<00:48,  4.89s/it]Best trial: 342. Best value: 2.44288:  98%|█████████▊| 390/400 [40:26<00:48,  4.89s/it]Best trial: 342. Best value: 2.44288:  98%|█████████▊| 391/400 [40:26<00:44,  4.93s/it]                                                                                       Best trial: 342. Best value: 2.44288:  98%|█████████▊| 391/400 [40:31<00:44,  4.93s/it]Best trial: 342. Best value: 2.44288:  98%|█████████▊| 391/400 [40:31<00:44,  4.93s/it]Best trial: 342. Best value: 2.44288:  98%|█████████▊| 392/400 [40:31<00:39,  4.90s/it]                                                                                       Best trial: 342. Best value: 2.44288:  98%|█████████▊| 392/400 [40:37<00:39,  4.90s/it]Best trial: 342. Best value: 2.44288:  98%|█████████▊| 392/400 [40:37<00:39,  4.90s/it]Best trial: 342. Best value: 2.44288:  98%|█████████▊| 393/400 [40:37<00:35,  5.11s/it]                                                                                       Best trial: 342. Best value: 2.44288:  98%|█████████▊| 393/400 [40:41<00:35,  5.11s/it]Best trial: 342. Best value: 2.44288:  98%|█████████▊| 393/400 [40:41<00:35,  5.11s/it]Best trial: 342. Best value: 2.44288:  98%|█████████▊| 394/400 [40:41<00:29,  4.92s/it]                                                                                       Best trial: 342. Best value: 2.44288:  98%|█████████▊| 394/400 [40:45<00:29,  4.92s/it]Best trial: 342. Best value: 2.44288:  98%|█████████▊| 394/400 [40:45<00:29,  4.92s/it]Best trial: 342. Best value: 2.44288:  99%|█████████▉| 395/400 [40:45<00:23,  4.63s/it]                                                                                       Best trial: 342. Best value: 2.44288:  99%|█████████▉| 395/400 [40:50<00:23,  4.63s/it]Best trial: 342. Best value: 2.44288:  99%|█████████▉| 395/400 [40:51<00:23,  4.63s/it]Best trial: 342. Best value: 2.44288:  99%|█████████▉| 396/400 [40:51<00:19,  4.81s/it]                                                                                       
[I 2026-05-03 11:48:57,376] Trial 385 finished with value: 2.523570430964637 and parameters: {'f_n': 2.5156562046936035e-09, 'K_d': 110678.05382716937, 'rho_d': 28739077502329.28, 'fission_rate': 7.840274352099346e+19, 'Dg_D1_scale': 1.2893417161459542, 'Dg_D3_scale': 3.586089791209513, 'Dv_D1_scale': 0.8664837230630938, 'Dv_D2_scale': 3.9894682832024397, 'b_bulk_scale': 0.041891947487005934, 'b_dislocation_scale': 0.3073763213814755, 'gb_scale': 6.025243597633323, 'gd_bubble_scale': 7.061220128919994, 'gd_line_scale': 0.5388685822960683, 'gd_line_alpha': 0.959991432983258, 'coalescence_d_scale': 0.527934943828, 'capture_scale': 0.03099238912476333}. Best is trial 342 with value: 2.4428822172672136.
[I 2026-05-03 11:49:01,405] Trial 386 finished with value: 3.2819188757302387 and parameters: {'f_n': 2.558177183095591e-09, 'K_d': 111245.47529172219, 'rho_d': 21823560391379.496, 'fission_rate': 7.834341493295851e+19, 'Dg_D1_scale': 1.2314690220021205, 'Dg_D3_scale': 2.157425713603872, 'Dv_D1_scale': 0.8696495025367751, 'Dv_D2_scale': 3.97277377019967, 'b_bulk_scale': 0.033663426100343126, 'b_dislocation_scale': 0.4430144845038917, 'gb_scale': 5.962631396407499, 'gd_bubble_scale': 6.890581060845386, 'gd_line_scale': 0.5259866032887753, 'gd_line_alpha': 0.9601055117583289, 'coalescence_d_scale': 0.5012364146831941, 'capture_scale': 0.03134678044719817}. Best is trial 342 with value: 2.4428822172672136.
[I 2026-05-03 11:49:06,666] Trial 387 finished with value: 2.6663660568043546 and parameters: {'f_n': 2.081322455254858e-09, 'K_d': 109938.14166626651, 'rho_d': 25700787719003.047, 'fission_rate': 7.733100804964496e+19, 'Dg_D1_scale': 1.0038607046957797, 'Dg_D3_scale': 2.9743913033063194, 'Dv_D1_scale': 0.9307119776267264, 'Dv_D2_scale': 3.6108718695568887, 'b_bulk_scale': 0.04064595152553147, 'b_dislocation_scale': 0.32498835028973694, 'gb_scale': 6.006799257573695, 'gd_bubble_scale': 9.966979369585431, 'gd_line_scale': 0.32611771976589315, 'gd_line_alpha': 0.980173968590738, 'coalescence_d_scale': 0.5069762144311186, 'capture_scale': 0.039229990435025536}. Best is trial 342 with value: 2.4428822172672136.
[I 2026-05-03 11:49:10,679] Trial 388 finished with value: 2.8897329128345053 and parameters: {'f_n': 6.443757259777862e-10, 'K_d': 111087.89908390702, 'rho_d': 29198853457342.062, 'fission_rate': 7.8565320636231e+19, 'Dg_D1_scale': 1.2908516946001483, 'Dg_D3_scale': 3.14866595411476, 'Dv_D1_scale': 1.0552589315719847, 'Dv_D2_scale': 3.9628246085460566, 'b_bulk_scale': 0.05654122597139004, 'b_dislocation_scale': 0.276451496209628, 'gb_scale': 6.694802937491918, 'gd_bubble_scale': 7.915833833721559, 'gd_line_scale': 0.3811529214125111, 'gd_line_alpha': 0.9638973913789359, 'coalescence_d_scale': 0.5418491889496309, 'capture_scale': 0.0271771660293763}. Best is trial 342 with value: 2.4428822172672136.
[I 2026-05-03 11:49:16,084] Trial 389 finished with value: 2.600161143487582 and parameters: {'f_n': 2.8484936950207647e-09, 'K_d': 104461.75198421205, 'rho_d': 31168932234088.68, 'fission_rate': 7.996824910144125e+19, 'Dg_D1_scale': 1.559262190834613, 'Dg_D3_scale': 3.782242276865861, 'Dv_D1_scale': 0.8130645755089804, 'Dv_D2_scale': 3.5489596260382283, 'b_bulk_scale': 0.04962248213859597, 'b_dislocation_scale': 0.3705444464917655, 'gb_scale': 5.832415153182102, 'gd_bubble_scale': 8.878057425644677, 'gd_line_scale': 0.4686863824118382, 'gd_line_alpha': 0.9837152395564045, 'coalescence_d_scale': 0.7187841752129506, 'capture_scale': 0.042560458644004914}. Best is trial 342 with value: 2.4428822172672136.
[I 2026-05-03 11:49:21,125] Trial 390 finished with value: 2.7117748654591307 and parameters: {'f_n': 4.550340227556567e-09, 'K_d': 105602.67714894337, 'rho_d': 31230458735244.266, 'fission_rate': 7.925241365002181e+19, 'Dg_D1_scale': 1.1609274392688411, 'Dg_D3_scale': 3.722602935422678, 'Dv_D1_scale': 0.8002343802143859, 'Dv_D2_scale': 3.643819167179671, 'b_bulk_scale': 0.05158914225059901, 'b_dislocation_scale': 0.3750383105750927, 'gb_scale': 5.450702881771589, 'gd_bubble_scale': 7.049305324642545, 'gd_line_scale': 0.48584549246322595, 'gd_line_alpha': 0.9582799454255619, 'coalescence_d_scale': 0.45001114131827274, 'capture_scale': 0.043106358937883095}. Best is trial 342 with value: 2.4428822172672136.
[I 2026-05-03 11:49:25,960] Trial 391 finished with value: 2.649999378726289 and parameters: {'f_n': 2.9791334622095164e-09, 'K_d': 536532.3883783942, 'rho_d': 28678231898739.355, 'fission_rate': 7.995852180191114e+19, 'Dg_D1_scale': 1.63454727132618, 'Dg_D3_scale': 3.302827422622836, 'Dv_D1_scale': 0.8460954795020524, 'Dv_D2_scale': 3.529817159706481, 'b_bulk_scale': 0.038797173406220374, 'b_dislocation_scale': 0.35094455802576874, 'gb_scale': 6.021549343254507, 'gd_bubble_scale': 5.921872727754711, 'gd_line_scale': 0.628367069660754, 'gd_line_alpha': 0.9807489292467919, 'coalescence_d_scale': 0.776688251401011, 'capture_scale': 0.03833522044147676}. Best is trial 342 with value: 2.4428822172672136.
[I 2026-05-03 11:49:31,539] Trial 392 finished with value: 2.560266420790063 and parameters: {'f_n': 1.631693017726288e-09, 'K_d': 104399.34764749992, 'rho_d': 30619423101938.082, 'fission_rate': 7.75384882191393e+19, 'Dg_D1_scale': 1.7862112947985453, 'Dg_D3_scale': 2.4562440969942263, 'Dv_D1_scale': 0.6883841324870722, 'Dv_D2_scale': 3.9944341036133375, 'b_bulk_scale': 0.04405780782579618, 'b_dislocation_scale': 0.40197959678293005, 'gb_scale': 5.634161136108115, 'gd_bubble_scale': 8.199322011223325, 'gd_line_scale': 0.5476282313824047, 'gd_line_alpha': 0.9613154325517506, 'coalescence_d_scale': 0.7068472866269196, 'capture_scale': 0.019381575270222162}. Best is trial 342 with value: 2.4428822172672136.
[I 2026-05-03 11:49:36,038] Trial 393 finished with value: 3.191908862421351 and parameters: {'f_n': 1.5995057374033846e-09, 'K_d': 112795.34811380052, 'rho_d': 29604362847673.844, 'fission_rate': 7.730311534986828e+19, 'Dg_D1_scale': 1.7775439314012207, 'Dg_D3_scale': 2.5454226121690366, 'Dv_D1_scale': 0.7029738311809729, 'Dv_D2_scale': 3.7754847198752137, 'b_bulk_scale': 0.04353404381874254, 'b_dislocation_scale': 0.41848237283440887, 'gb_scale': 7.368246913879161, 'gd_bubble_scale': 6.742510353695484, 'gd_line_scale': 0.33799938211077685, 'gd_line_alpha': 0.960485189579291, 'coalescence_d_scale': 1.0737975837164366, 'capture_scale': 0.019905707974107158}. Best is trial 342 with value: 2.4428822172672136.
[I 2026-05-03 11:49:39,986] Trial 394 finished with value: 2.8332074393742244 and parameters: {'f_n': 1.005666250745973e-09, 'K_d': 104850.16296930995, 'rho_d': 28201499015085.98, 'fission_rate': 7.78405974504767e+19, 'Dg_D1_scale': 1.7485665714062884, 'Dg_D3_scale': 2.7688552417876253, 'Dv_D1_scale': 0.9854685113981463, 'Dv_D2_scale': 3.9373438498464424, 'b_bulk_scale': 0.03591871818819483, 'b_dislocation_scale': 0.3088620151823245, 'gb_scale': 5.351352382004325, 'gd_bubble_scale': 7.795164953955167, 'gd_line_scale': 0.5726375695397171, 'gd_line_alpha': 0.9590829752849881, 'coalescence_d_scale': 0.5054588414990172, 'capture_scale': 0.01590154656592009}. Best is trial 342 with value: 2.4428822172672136.
[I 2026-05-03 11:49:45,224] Trial 395 finished with value: 2.571016612503047 and parameters: {'f_n': 3.7746283650108785e-09, 'K_d': 112345.42383572864, 'rho_d': 30760771187271.44, 'fission_rate': 7.712262115730168e+19, 'Dg_D1_scale': 1.0781976118673406, 'Dg_D3_scale': 2.4367387273081036, 'Dv_D1_scale': 0.8769591961758036, 'Dv_D2_scale': 3.971027749680738, 'b_bulk_scale': 0.04191079405666885, 'b_dislocation_scale': 0.3203310698195437, 'gb_scale': 6.339413070898168, 'gd_bubble_scale': 8.369761968280578, 'gd_line_scale': 0.5315959554435877, 'gd_line_alpha': 0.983316443926373, 'coalescence_d_scale': 0.5991121916112783, 'capture_scale': 0.017520944899231634}. Best is trial 342 with value: 2.4428822172672136.
[I 2026-05-03 11:49:50,798] Trial 396 finished with value: 2.452273468318125 and parameters: {'f_n': 3.7152021134679624e-09, 'K_d': 112022.50296958015, 'rho_d': 32177046647162.082, 'fission_rate': 7.699422570639809e+19, 'Dg_D1_scale': 1.1104168914390824, 'Dg_D3_scale': 2.3693080125672075, 'Dv_D1_scale': 0.8935388147229547, 'Dv_D2_scale': 3.8291783084803566, 'b_bulk_scale': 0.030575745030734323, 'b_dislocation_scale': 0.26190000882797543, 'gb_scale': 6.191389199636882, 'gd_bubble_scale': 7.390572756243111, 'gd_line_scale': 0.5681731297479408, 'gd_line_alpha': 0.999176688946854, 'coalescence_d_scale': 0.44335014977344206, 'capture_scale': 0.023865937617431984}. Best is trial 342 with value: 2.4428822172672136.Best trial: 342. Best value: 2.44288:  99%|█████████▉| 396/400 [40:56<00:19,  4.81s/it]Best trial: 342. Best value: 2.44288:  99%|█████████▉| 396/400 [40:56<00:19,  4.81s/it]Best trial: 342. Best value: 2.44288:  99%|█████████▉| 397/400 [40:56<00:15,  5.04s/it]                                                                                       Best trial: 342. Best value: 2.44288:  99%|█████████▉| 397/400 [41:02<00:15,  5.04s/it]Best trial: 342. Best value: 2.44288:  99%|█████████▉| 397/400 [41:02<00:15,  5.04s/it]Best trial: 342. Best value: 2.44288: 100%|█████████▉| 398/400 [41:02<00:10,  5.19s/it]                                                                                       Best trial: 342. Best value: 2.44288: 100%|█████████▉| 398/400 [41:07<00:10,  5.19s/it]Best trial: 342. Best value: 2.44288: 100%|█████████▉| 398/400 [41:07<00:10,  5.19s/it]Best trial: 342. Best value: 2.44288: 100%|█████████▉| 399/400 [41:07<00:05,  5.38s/it]                                                                                       Best trial: 342. Best value: 2.44288: 100%|█████████▉| 399/400 [41:13<00:05,  5.38s/it]Best trial: 342. Best value: 2.44288: 100%|█████████▉| 399/400 [41:13<00:05,  5.38s/it]Best trial: 342. Best value: 2.44288: 100%|██████████| 400/400 [41:13<00:00,  5.46s/it]Best trial: 342. Best value: 2.44288: 100%|██████████| 400/400 [41:13<00:00,  6.18s/it]

[I 2026-05-03 11:49:56,350] Trial 397 finished with value: 2.4512478481642908 and parameters: {'f_n': 6.300379116141273e-09, 'K_d': 113551.27887891607, 'rho_d': 32708575246355.16, 'fission_rate': 7.712072753775257e+19, 'Dg_D1_scale': 1.070355299449894, 'Dg_D3_scale': 2.382370265713837, 'Dv_D1_scale': 0.9078686149469093, 'Dv_D2_scale': 3.9617689166909758, 'b_bulk_scale': 0.03369252304373843, 'b_dislocation_scale': 0.2620152852464306, 'gb_scale': 5.316902581383872, 'gd_bubble_scale': 7.226297095091691, 'gd_line_scale': 0.6369069640313624, 'gd_line_alpha': 0.9582182935946045, 'coalescence_d_scale': 0.45513088779648053, 'capture_scale': 0.02428013435811691}. Best is trial 342 with value: 2.4428822172672136.
[I 2026-05-03 11:50:02,153] Trial 398 finished with value: 2.54872595042605 and parameters: {'f_n': 3.775907519602926e-09, 'K_d': 113958.47512715585, 'rho_d': 31377574767159.67, 'fission_rate': 7.707341402428908e+19, 'Dg_D1_scale': 1.0506453643703109, 'Dg_D3_scale': 2.3597565391335222, 'Dv_D1_scale': 0.9513640499020015, 'Dv_D2_scale': 3.941379055814898, 'b_bulk_scale': 0.031388119806882414, 'b_dislocation_scale': 0.2822766096346383, 'gb_scale': 5.290261822241313, 'gd_bubble_scale': 7.199858036848746, 'gd_line_scale': 0.7671729775633467, 'gd_line_alpha': 0.38521417874129954, 'coalescence_d_scale': 0.4238327217448938, 'capture_scale': 0.024625154637205975}. Best is trial 342 with value: 2.4428822172672136.
