[I 2026-05-03 11:37:08,365] Trial 264 finished with value: 2.7511396985298453 and parameters: {'f_n': 8.002217253460026e-07, 'K_d': 150465.58957932002, 'rho_d': 38877122014074.266, 'fission_rate': 7.383561253645748e+19, 'Dg_D1_scale': 3.083949727339288, 'Dg_D3_scale': 1.5773373337423193, 'Dv_D1_scale': 0.3642622155924942, 'Dv_D2_scale': 3.0304172868237575, 'b_bulk_scale': 3.2028087142049273, 'b_dislocation_scale': 0.1585877287417361, 'gb_scale': 6.705591995952328, 'gd_bubble_scale': 1.8104787443276291, 'gd_line_scale': 0.170876416943481, 'gd_line_alpha': 0.9539185951010337, 'coalescence_d_scale': 0.19049769385167376, 'capture_scale': 0.17407257385137542}. Best is trial 234 with value: 2.6234906489327656.Best trial: 234. Best value: 2.62349:  66%|██████▌   | 264/400 [28:14<13:34,  5.99s/it]Best trial: 234. Best value: 2.62349:  66%|██████▌   | 264/400 [28:14<13:34,  5.99s/it]Best trial: 234. Best value: 2.62349:  66%|██████▋   | 265/400 [28:14<13:54,  6.18s/it]                                                                                       Best trial: 234. Best value: 2.62349:  66%|██████▋   | 265/400 [28:20<13:54,  6.18s/it]Best trial: 234. Best value: 2.62349:  66%|██████▋   | 265/400 [28:20<13:54,  6.18s/it]Best trial: 234. Best value: 2.62349:  66%|██████▋   | 266/400 [28:20<14:07,  6.32s/it]                                                                                       Best trial: 234. Best value: 2.62349:  66%|██████▋   | 266/400 [28:27<14:07,  6.32s/it]Best trial: 234. Best value: 2.62349:  66%|██████▋   | 266/400 [28:27<14:07,  6.32s/it]Best trial: 234. Best value: 2.62349:  67%|██████▋   | 267/400 [28:27<14:14,  6.42s/it]                                                                                       Best trial: 234. Best value: 2.62349:  67%|██████▋   | 267/400 [28:34<14:14,  6.42s/it]Best trial: 234. Best value: 2.62349:  67%|██████▋   | 267/400 [28:34<14:14,  6.42s/it]Best trial: 234. Best value: 2.62349:  67%|██████▋   | 268/400 [28:34<14:17,  6.50s/it]                                                                                       Best trial: 234. Best value: 2.62349:  67%|██████▋   | 268/400 [28:38<14:17,  6.50s/it]Best trial: 234. Best value: 2.62349:  67%|██████▋   | 268/400 [28:38<14:17,  6.50s/it]Best trial: 234. Best value: 2.62349:  67%|██████▋   | 269/400 [28:38<13:02,  5.97s/it]                                                                                       Best trial: 234. Best value: 2.62349:  67%|██████▋   | 269/400 [28:45<13:02,  5.97s/it]Best trial: 234. Best value: 2.62349:  67%|██████▋   | 269/400 [28:45<13:02,  5.97s/it]Best trial: 234. Best value: 2.62349:  68%|██████▊   | 270/400 [28:45<13:27,  6.21s/it]                                                                                       Best trial: 234. Best value: 2.62349:  68%|██████▊   | 270/400 [28:52<13:27,  6.21s/it]Best trial: 234. Best value: 2.62349:  68%|██████▊   | 270/400 [28:52<13:27,  6.21s/it]Best trial: 234. Best value: 2.62349:  68%|██████▊   | 271/400 [28:52<13:37,  6.34s/it]                                                                                       Best trial: 234. Best value: 2.62349:  68%|██████▊   | 271/400 [28:58<13:37,  6.34s/it]Best trial: 234. Best value: 2.62349:  68%|██████▊   | 271/400 [28:59<13:37,  6.34s/it]Best trial: 234. Best value: 2.62349:  68%|██████▊   | 272/400 [28:59<13:46,  6.46s/it]                                                                                       Best trial: 234. Best value: 2.62349:  68%|██████▊   | 272/400 [29:03<13:46,  6.46s/it]Best trial: 272. Best value: 2.62224:  68%|██████▊   | 272/400 [29:04<13:46,  6.46s/it]Best trial: 272. Best value: 2.62224:  68%|██████▊   | 273/400 [29:04<12:45,  6.02s/it]                                                                                       Best trial: 272. Best value: 2.62224:  68%|██████▊   | 273/400 [29:10<12:45,  6.02s/it]Best trial: 272. Best value: 2.62224:  68%|██████▊   | 273/400 [29:10<12:45,  6.02s/it]Best trial: 272. Best value: 2.62224:  68%|██████▊   | 274/400 [29:10<13:09,  6.27s/it]                                                                                       Best trial: 272. Best value: 2.62224:  68%|██████▊   | 274/400 [29:18<13:09,  6.27s/it]Best trial: 272. Best value: 2.62224:  68%|██████▊   | 274/400 [29:18<13:09,  6.27s/it]Best trial: 272. Best value: 2.62224:  69%|██████▉   | 275/400 [29:18<13:43,  6.59s/it]                                                                                       Best trial: 272. Best value: 2.62224:  69%|██████▉   | 275/400 [29:25<13:43,  6.59s/it]Best trial: 272. Best value: 2.62224:  69%|██████▉   | 275/400 [29:25<13:43,  6.59s/it]Best trial: 272. Best value: 2.62224:  69%|██████▉   | 276/400 [29:25<14:03,  6.80s/it]                                                                                       
[I 2026-05-03 11:37:15,014] Trial 265 finished with value: 2.6507932741645996 and parameters: {'f_n': 7.589409501153521e-07, 'K_d': 129407.33263244809, 'rho_d': 40315082960727.555, 'fission_rate': 7.205391931720926e+19, 'Dg_D1_scale': 2.558770660168876, 'Dg_D3_scale': 1.292729314213588, 'Dv_D1_scale': 0.39848005591202257, 'Dv_D2_scale': 3.196752665756296, 'b_bulk_scale': 2.5079296434431777, 'b_dislocation_scale': 0.12886840805444852, 'gb_scale': 4.756470775095037, 'gd_bubble_scale': 2.0474051454773066, 'gd_line_scale': 0.15220281223389143, 'gd_line_alpha': 0.9209341434769409, 'coalescence_d_scale': 0.23653451017375465, 'capture_scale': 0.13493633185095896}. Best is trial 234 with value: 2.6234906489327656.
[I 2026-05-03 11:37:21,671] Trial 266 finished with value: 2.6607128833207376 and parameters: {'f_n': 5.844261123296368e-07, 'K_d': 131517.87510689558, 'rho_d': 41467043554173.85, 'fission_rate': 7.263098095503645e+19, 'Dg_D1_scale': 2.5509467543894098, 'Dg_D3_scale': 1.320765842602634, 'Dv_D1_scale': 0.34059047176577606, 'Dv_D2_scale': 3.245939863722565, 'b_bulk_scale': 2.679696254684932, 'b_dislocation_scale': 0.13071670161826965, 'gb_scale': 5.016401276239608, 'gd_bubble_scale': 2.0527501038795988, 'gd_line_scale': 0.14828295005033915, 'gd_line_alpha': 0.9855257646252, 'coalescence_d_scale': 0.22892060853803778, 'capture_scale': 0.1368094503228232}. Best is trial 234 with value: 2.6234906489327656.
[I 2026-05-03 11:37:28,340] Trial 267 finished with value: 2.769689373723263 and parameters: {'f_n': 4.7146516938039765e-07, 'K_d': 140184.27556190855, 'rho_d': 39759389204519.27, 'fission_rate': 7.198706567106377e+19, 'Dg_D1_scale': 2.4969928879001504, 'Dg_D3_scale': 1.258981572458622, 'Dv_D1_scale': 0.3385763908447467, 'Dv_D2_scale': 3.193225595055025, 'b_bulk_scale': 2.5297748777595963, 'b_dislocation_scale': 0.126421385606422, 'gb_scale': 4.924692179626403, 'gd_bubble_scale': 2.211029684802284, 'gd_line_scale': 0.20535774769831774, 'gd_line_alpha': 0.9307885220662389, 'coalescence_d_scale': 0.2816204214715412, 'capture_scale': 0.10979012742342012}. Best is trial 234 with value: 2.6234906489327656.
[I 2026-05-03 11:37:33,091] Trial 268 finished with value: 2.643459890545682 and parameters: {'f_n': 5.896264218661106e-07, 'K_d': 125228.42923671778, 'rho_d': 41908768212130.27, 'fission_rate': 7.262826529991039e+19, 'Dg_D1_scale': 2.265063761446124, 'Dg_D3_scale': 1.1525399383787753, 'Dv_D1_scale': 0.40676855280175744, 'Dv_D2_scale': 2.7679597808712817, 'b_bulk_scale': 2.663428966156789, 'b_dislocation_scale': 0.14137750800857735, 'gb_scale': 4.5664746294946985, 'gd_bubble_scale': 2.163713155651885, 'gd_line_scale': 0.13930187362191881, 'gd_line_alpha': 0.924591786510227, 'coalescence_d_scale': 0.24498264596525035, 'capture_scale': 0.13129764458707904}. Best is trial 234 with value: 2.6234906489327656.
[I 2026-05-03 11:37:39,859] Trial 269 finished with value: 2.6568924418649966 and parameters: {'f_n': 5.61389930999904e-07, 'K_d': 124238.57194288689, 'rho_d': 43352596769706.7, 'fission_rate': 7.170490396131866e+19, 'Dg_D1_scale': 2.3515464219761335, 'Dg_D3_scale': 1.1348058503798395, 'Dv_D1_scale': 0.41537906850247663, 'Dv_D2_scale': 3.0677700785405606, 'b_bulk_scale': 2.364495616029811, 'b_dislocation_scale': 0.14047724109896215, 'gb_scale': 5.110002664518508, 'gd_bubble_scale': 1.992095984982794, 'gd_line_scale': 0.14923828164822076, 'gd_line_alpha': 0.9826767061771849, 'coalescence_d_scale': 0.22906442397055318, 'capture_scale': 0.12661949604918699}. Best is trial 234 with value: 2.6234906489327656.
[I 2026-05-03 11:37:46,495] Trial 270 finished with value: 2.703353105619057 and parameters: {'f_n': 3.8980151273532184e-07, 'K_d': 123599.41223796523, 'rho_d': 43349353069016.0, 'fission_rate': 7.304169962180786e+19, 'Dg_D1_scale': 2.2738220282939694, 'Dg_D3_scale': 1.154691879962401, 'Dv_D1_scale': 0.41826452038186146, 'Dv_D2_scale': 3.424707451862313, 'b_bulk_scale': 2.728506574114565, 'b_dislocation_scale': 0.1408321917216135, 'gb_scale': 4.621816896312568, 'gd_bubble_scale': 2.0363841567741447, 'gd_line_scale': 0.15481339447801284, 'gd_line_alpha': 0.9853465263724891, 'coalescence_d_scale': 0.25806109595727866, 'capture_scale': 0.13371258079047635}. Best is trial 234 with value: 2.6234906489327656.
[I 2026-05-03 11:37:53,233] Trial 271 finished with value: 2.6382587773292507 and parameters: {'f_n': 6.011311738887068e-07, 'K_d': 135836.54099790083, 'rho_d': 43901663598245.52, 'fission_rate': 7.187626243277265e+19, 'Dg_D1_scale': 2.6140584488299905, 'Dg_D3_scale': 1.1080387749158733, 'Dv_D1_scale': 0.4524569858809228, 'Dv_D2_scale': 3.064324705765605, 'b_bulk_scale': 2.329618102456876, 'b_dislocation_scale': 0.18531833458514024, 'gb_scale': 4.479012826998855, 'gd_bubble_scale': 2.2105768155785364, 'gd_line_scale': 0.17731305227341607, 'gd_line_alpha': 0.941791696550595, 'coalescence_d_scale': 0.29475823776420024, 'capture_scale': 0.0934987642589523}. Best is trial 234 with value: 2.6234906489327656.
[I 2026-05-03 11:37:58,229] Trial 272 finished with value: 2.6222389481247 and parameters: {'f_n': 5.476187751340382e-07, 'K_d': 122647.99470537, 'rho_d': 44217087390425.95, 'fission_rate': 7.177986661461951e+19, 'Dg_D1_scale': 2.3127095485946043, 'Dg_D3_scale': 1.1315781863704468, 'Dv_D1_scale': 0.49933216152243315, 'Dv_D2_scale': 3.192017189569543, 'b_bulk_scale': 2.3071061674148865, 'b_dislocation_scale': 0.17269745994893546, 'gb_scale': 5.183124692310788, 'gd_bubble_scale': 2.1716939094220518, 'gd_line_scale': 0.1887139773856684, 'gd_line_alpha': 0.9732466196401335, 'coalescence_d_scale': 0.3258335823237455, 'capture_scale': 0.09353259314657118}. Best is trial 272 with value: 2.6222389481247.
[I 2026-05-03 11:38:05,060] Trial 273 finished with value: 2.6427751940508077 and parameters: {'f_n': 5.519444459633705e-07, 'K_d': 145150.78003747226, 'rho_d': 43501527666072.81, 'fission_rate': 7.164618516719613e+19, 'Dg_D1_scale': 2.2956465952706417, 'Dg_D3_scale': 1.1063417845167645, 'Dv_D1_scale': 0.49874152274586336, 'Dv_D2_scale': 3.0651392720204793, 'b_bulk_scale': 2.3605368029091274, 'b_dislocation_scale': 0.1741956165041643, 'gb_scale': 4.9369922119699385, 'gd_bubble_scale': 2.239382788176911, 'gd_line_scale': 0.1818049235694107, 'gd_line_alpha': 0.9801816334528475, 'coalescence_d_scale': 0.27765278134324195, 'capture_scale': 0.07840332505612337}. Best is trial 272 with value: 2.6222389481247.
[I 2026-05-03 11:38:12,406] Trial 274 finished with value: 2.6663402485890435 and parameters: {'f_n': 3.306755661773114e-07, 'K_d': 147755.4292482826, 'rho_d': 43106153223229.02, 'fission_rate': 7.197311188890664e+19, 'Dg_D1_scale': 2.3218922041555237, 'Dg_D3_scale': 1.2146632015271408, 'Dv_D1_scale': 0.46598125656422185, 'Dv_D2_scale': 3.1539246425428455, 'b_bulk_scale': 2.6746475655676254, 'b_dislocation_scale': 0.17023160896182105, 'gb_scale': 5.358855539543318, 'gd_bubble_scale': 2.1830776968024206, 'gd_line_scale': 0.18850148513455736, 'gd_line_alpha': 0.9789953984640977, 'coalescence_d_scale': 0.33331813311952846, 'capture_scale': 0.0728539131382283}. Best is trial 272 with value: 2.6222389481247.
[I 2026-05-03 11:38:19,673] Trial 275 finished with value: 2.6970485792029226 and parameters: {'f_n': 4.7093113069236554e-07, 'K_d': 141611.21159186293, 'rho_d': 44224219122943.16, 'fission_rate': 7.263701832122316e+19, 'Dg_D1_scale': 2.0928383471224907, 'Dg_D3_scale': 1.1284361781502474, 'Dv_D1_scale': 0.5179022785333498, 'Dv_D2_scale': 3.2542772452087085, 'b_bulk_scale': 2.323157410583142, 'b_dislocation_scale': 0.19063866761796308, 'gb_scale': 5.4288198940243095, 'gd_bubble_scale': 2.192008235839317, 'gd_line_scale': 0.17723824856645273, 'gd_line_alpha': 0.9483038653788838, 'coalescence_d_scale': 0.2820150791157986, 'capture_scale': 0.06521063691739333}. Best is trial 272 with value: 2.6222389481247.
[I 2026-05-03 11:38:26,653] Trial 276 finished with value: 2.7285802427421846 and parameters: {'f_n': 6.274843401539483e-07, 'K_d': 156373.89666329056, 'rho_d': 44333415663885.04, 'fission_rate': 7.268424271388877e+19, 'Dg_D1_scale': 2.415381793082316, 'Dg_D3_scale': 1.0844106990307152, 'Dv_D1_scale': 0.4646455442754838, 'Dv_D2_scale': 3.098864089556995, 'b_bulk_scale': 2.4759743081592114, 'b_dislocation_scale': 0.18202506681508393, 'gb_scale': 4.4110909166364785, 'gd_bubble_scale': 1.6538722637203682, 'gd_line_scale': 0.17191030474243618, 'gd_line_alpha': 0.9762648651991186, 'coalescence_d_scale': 0.3195997817533199, 'capture_scale': 0.09407905227358929}. Best is trial 272 with value: 2.6222389481247.Best trial: 272. Best value: 2.62224:  69%|██████▉   | 276/400 [29:32<14:03,  6.80s/it]Best trial: 272. Best value: 2.62224:  69%|██████▉   | 276/400 [29:32<14:03,  6.80s/it]Best trial: 272. Best value: 2.62224:  69%|██████▉   | 277/400 [29:32<14:03,  6.86s/it]                                                                                       Best trial: 272. Best value: 2.62224:  69%|██████▉   | 277/400 [29:37<14:03,  6.86s/it]Best trial: 272. Best value: 2.62224:  69%|██████▉   | 277/400 [29:37<14:03,  6.86s/it]Best trial: 272. Best value: 2.62224:  70%|██████▉   | 278/400 [29:37<12:40,  6.24s/it]                                                                                       Best trial: 272. Best value: 2.62224:  70%|██████▉   | 278/400 [29:43<12:40,  6.24s/it]Best trial: 272. Best value: 2.62224:  70%|██████▉   | 278/400 [29:43<12:40,  6.24s/it]Best trial: 272. Best value: 2.62224:  70%|██████▉   | 279/400 [29:43<12:43,  6.31s/it]                                                                                       Best trial: 272. Best value: 2.62224:  70%|██████▉   | 279/400 [29:50<12:43,  6.31s/it]Best trial: 272. Best value: 2.62224:  70%|██████▉   | 279/400 [29:50<12:43,  6.31s/it]Best trial: 272. Best value: 2.62224:  70%|███████   | 280/400 [29:50<12:42,  6.36s/it]                                                                                       Best trial: 272. Best value: 2.62224:  70%|███████   | 280/400 [29:56<12:42,  6.36s/it]Best trial: 272. Best value: 2.62224:  70%|███████   | 280/400 [29:56<12:42,  6.36s/it]Best trial: 272. Best value: 2.62224:  70%|███████   | 281/400 [29:56<12:38,  6.37s/it]                                                                                       Best trial: 272. Best value: 2.62224:  70%|███████   | 281/400 [30:03<12:38,  6.37s/it]Best trial: 272. Best value: 2.62224:  70%|███████   | 281/400 [30:03<12:38,  6.37s/it]Best trial: 272. Best value: 2.62224:  70%|███████   | 282/400 [30:03<12:35,  6.40s/it]                                                                                       Best trial: 272. Best value: 2.62224:  70%|███████   | 282/400 [30:07<12:35,  6.40s/it]Best trial: 272. Best value: 2.62224:  70%|███████   | 282/400 [30:07<12:35,  6.40s/it]Best trial: 272. Best value: 2.62224:  71%|███████   | 283/400 [30:07<11:21,  5.83s/it]                                                                                       Best trial: 272. Best value: 2.62224:  71%|███████   | 283/400 [30:13<11:21,  5.83s/it]Best trial: 272. Best value: 2.62224:  71%|███████   | 283/400 [30:13<11:21,  5.83s/it]Best trial: 272. Best value: 2.62224:  71%|███████   | 284/400 [30:13<11:31,  5.96s/it]                                                                                       Best trial: 272. Best value: 2.62224:  71%|███████   | 284/400 [30:20<11:31,  5.96s/it]Best trial: 272. Best value: 2.62224:  71%|███████   | 284/400 [30:20<11:31,  5.96s/it]Best trial: 272. Best value: 2.62224:  71%|███████▏  | 285/400 [30:20<11:45,  6.13s/it]                                                                                       Best trial: 272. Best value: 2.62224:  71%|███████▏  | 285/400 [30:26<11:45,  6.13s/it]Best trial: 272. Best value: 2.62224:  71%|███████▏  | 285/400 [30:26<11:45,  6.13s/it]Best trial: 272. Best value: 2.62224:  72%|███████▏  | 286/400 [30:26<11:51,  6.24s/it]                                                                                       Best trial: 272. Best value: 2.62224:  72%|███████▏  | 286/400 [30:33<11:51,  6.24s/it]Best trial: 272. Best value: 2.62224:  72%|███████▏  | 286/400 [30:33<11:51,  6.24s/it]Best trial: 272. Best value: 2.62224:  72%|███████▏  | 287/400 [30:33<11:56,  6.34s/it]                                                                                       Best trial: 272. Best value: 2.62224:  72%|███████▏  | 287/400 [30:37<11:56,  6.34s/it]Best trial: 272. Best value: 2.62224:  72%|███████▏  | 287/400 [30:38<11:56,  6.34s/it]Best trial: 272. Best value: 2.62224:  72%|███████▏  | 288/400 [30:38<10:49,  5.80s/it]                                                                                       
[I 2026-05-03 11:38:31,487] Trial 277 finished with value: 2.760772973574119 and parameters: {'f_n': 5.649253945053165e-07, 'K_d': 135405.58809374445, 'rho_d': 35671929819881.24, 'fission_rate': 7.1779782976354435e+19, 'Dg_D1_scale': 2.1818911441528344, 'Dg_D3_scale': 2.313751501221123, 'Dv_D1_scale': 0.488242613411852, 'Dv_D2_scale': 3.403120490942815, 'b_bulk_scale': 3.3234917129016837, 'b_dislocation_scale': 0.16261617799603928, 'gb_scale': 3.9642336962352482, 'gd_bubble_scale': 2.2849248610789434, 'gd_line_scale': 0.20466577152454443, 'gd_line_alpha': 0.9946863045404815, 'coalescence_d_scale': 0.38138497867775756, 'capture_scale': 0.08037256985122794}. Best is trial 272 with value: 2.6222389481247.
[I 2026-05-03 11:38:37,968] Trial 278 finished with value: 2.629144302968643 and parameters: {'f_n': 5.300665399079174e-07, 'K_d': 122824.89589854915, 'rho_d': 38468229084120.8, 'fission_rate': 7.140781825930257e+19, 'Dg_D1_scale': 2.416244277431951, 'Dg_D3_scale': 1.2222089603200226, 'Dv_D1_scale': 0.44123883054351487, 'Dv_D2_scale': 3.061875411173814, 'b_bulk_scale': 2.1596404002157237, 'b_dislocation_scale': 0.1504313921386653, 'gb_scale': 4.738094336999478, 'gd_bubble_scale': 2.114350873922471, 'gd_line_scale': 0.22455310514542223, 'gd_line_alpha': 0.9499248689575617, 'coalescence_d_scale': 0.3007136484494936, 'capture_scale': 0.09991804765029483}. Best is trial 272 with value: 2.6222389481247.
[I 2026-05-03 11:38:44,432] Trial 279 finished with value: 2.660195952009643 and parameters: {'f_n': 4.2157616427555e-07, 'K_d': 122803.88067307572, 'rho_d': 41698776267021.4, 'fission_rate': 7.156473557587672e+19, 'Dg_D1_scale': 2.378850403758009, 'Dg_D3_scale': 1.2166206274983153, 'Dv_D1_scale': 0.4237177937474471, 'Dv_D2_scale': 3.3274211058877703, 'b_bulk_scale': 2.3573105063987736, 'b_dislocation_scale': 0.15746778346682214, 'gb_scale': 5.028709959057909, 'gd_bubble_scale': 1.6786479753025283, 'gd_line_scale': 0.21758501483839768, 'gd_line_alpha': 0.9425764018954444, 'coalescence_d_scale': 0.29203435541423695, 'capture_scale': 0.0892384392657465}. Best is trial 272 with value: 2.6222389481247.
[I 2026-05-03 11:38:50,840] Trial 280 finished with value: 2.652828155542057 and parameters: {'f_n': 4.1452201009122674e-07, 'K_d': 122742.59888501087, 'rho_d': 43700572726387.23, 'fission_rate': 7.131706570862575e+19, 'Dg_D1_scale': 2.326633499352735, 'Dg_D3_scale': 1.2325555895495626, 'Dv_D1_scale': 0.4450940598811509, 'Dv_D2_scale': 2.781547543541325, 'b_bulk_scale': 2.193919140841556, 'b_dislocation_scale': 0.1807920485194254, 'gb_scale': 6.231505585282605, 'gd_bubble_scale': 1.7367540148380114, 'gd_line_scale': 0.2718450957265996, 'gd_line_alpha': 0.9527420605907503, 'coalescence_d_scale': 0.26431280162277504, 'capture_scale': 0.09222847938417811}. Best is trial 272 with value: 2.6222389481247.
[I 2026-05-03 11:38:57,305] Trial 281 finished with value: 2.6478199997838274 and parameters: {'f_n': 2.492997501638523e-07, 'K_d': 122583.70247807149, 'rho_d': 44267742647697.79, 'fission_rate': 7.141976834731409e+19, 'Dg_D1_scale': 2.367278116639745, 'Dg_D3_scale': 1.2172931165199812, 'Dv_D1_scale': 0.4396388763910522, 'Dv_D2_scale': 2.7254375107800497, 'b_bulk_scale': 2.279343760321532, 'b_dislocation_scale': 0.1789635809408612, 'gb_scale': 7.878182285812644, 'gd_bubble_scale': 1.736448360903766, 'gd_line_scale': 0.2339781249268631, 'gd_line_alpha': 0.9457511837066604, 'coalescence_d_scale': 0.30357594955881273, 'capture_scale': 0.09174400815236436}. Best is trial 272 with value: 2.6222389481247.
[I 2026-05-03 11:39:01,797] Trial 282 finished with value: 2.6839952945775183 and parameters: {'f_n': 2.2684742810462631e-07, 'K_d': 120008.8994645842, 'rho_d': 44354755371317.15, 'fission_rate': 7.146730026893553e+19, 'Dg_D1_scale': 1.9539916848260408, 'Dg_D3_scale': 1.1985934576636446, 'Dv_D1_scale': 0.5602901498128302, 'Dv_D2_scale': 2.686074215936085, 'b_bulk_scale': 2.171781476839396, 'b_dislocation_scale': 0.19792688815383241, 'gb_scale': 6.470853530049064, 'gd_bubble_scale': 1.9376363693851126, 'gd_line_scale': 0.29431158401100027, 'gd_line_alpha': 0.9478043459410512, 'coalescence_d_scale': 0.3359568439492922, 'capture_scale': 0.07544089966357552}. Best is trial 272 with value: 2.6222389481247.
