[I 2026-05-03 11:23:20,312] Trial 134 finished with value: 2.737049199958749 and parameters: {'f_n': 2.9322036910138414e-06, 'K_d': 130616.42635102897, 'rho_d': 53659280101254.06, 'fission_rate': 6.980079153676302e+19, 'Dg_D1_scale': 3.6328241425396866, 'Dg_D3_scale': 0.7387062508398894, 'Dv_D1_scale': 0.21747424659346895, 'Dv_D2_scale': 2.2196722751385547, 'b_bulk_scale': 1.0344807129826155, 'b_dislocation_scale': 0.08864535803044316, 'gb_scale': 0.9483121206112884, 'gd_bubble_scale': 1.993822516989813, 'gd_line_scale': 0.06159192251624124, 'gd_line_alpha': 0.7135943888389121, 'coalescence_d_scale': 0.11289246938473259, 'capture_scale': 0.4465286236648784}. Best is trial 92 with value: 2.7058288933810783.
[I 2026-05-03 11:23:27,076] Trial 135 finished with value: 2.8654493090234205 and parameters: {'f_n': 2.898883895970317e-06, 'K_d': 128451.2946990903, 'rho_d': 62309272317204.43, 'fission_rate': 6.977951697478352e+19, 'Dg_D1_scale': 3.6212110975541822, 'Dg_D3_scale': 0.8158784362716062, 'Dv_D1_scale': 0.2161416913472499, 'Dv_D2_scale': 2.2124694168561065, 'b_bulk_scale': 1.0537657550582766, 'b_dislocation_scale': 0.07212850432135218, 'gb_scale': 1.0658403379587638, 'gd_bubble_scale': 1.9330385990082322, 'gd_line_scale': 0.06069715958549643, 'gd_line_alpha': 0.7132707534793054, 'coalescence_d_scale': 0.11308540655484514, 'capture_scale': 0.40585731194044433}. Best is trial 92 with value: 2.7058288933810783.
[I 2026-05-03 11:23:33,629] Trial 136 finished with value: 2.7318884144323508 and parameters: {'f_n': 2.9981116631144953e-06, 'K_d': 112586.83166904941, 'rho_d': 53694247558785.695, 'fission_rate': 7.090840474042306e+19, 'Dg_D1_scale': 3.528878640584807, 'Dg_D3_scale': 0.7424556803740756, 'Dv_D1_scale': 0.20068532554271767, 'Dv_D2_scale': 2.0557258549350848, 'b_bulk_scale': 1.2001643753636249, 'b_dislocation_scale': 0.08713799756264702, 'gb_scale': 1.2532901331135122, 'gd_bubble_scale': 2.561596145379354, 'gd_line_scale': 0.06865349290994986, 'gd_line_alpha': 0.6468609725068591, 'coalescence_d_scale': 0.10162937846302068, 'capture_scale': 0.4789212802287226}. Best is trial 92 with value: 2.7058288933810783.
[I 2026-05-03 11:23:40,417] Trial 137 finished with value: 3.8014650800595233 and parameters: {'f_n': 1.2441355345750412e-06, 'K_d': 111024.65804621595, 'rho_d': 58068396683495.58, 'fission_rate': 6.846448771274775e+19, 'Dg_D1_scale': 3.5324899317151806, 'Dg_D3_scale': 0.7243620586467878, 'Dv_D1_scale': 0.20087098375249993, 'Dv_D2_scale': 2.047126346076728, 'b_bulk_scale': 2.013412076626477, 'b_dislocation_scale': 0.08541063995331508, 'gb_scale': 1.2231937274458335, 'gd_bubble_scale': 2.689332862251081, 'gd_line_scale': 0.06564681109922091, 'gd_line_alpha': 0.6480437426982248, 'coalescence_d_scale': 3.323129049253219, 'capture_scale': 0.4561240391906928}. Best is trial 92 with value: 2.7058288933810783.
[I 2026-05-03 11:23:46,995] Trial 138 finished with value: 2.9577998657079805 and parameters: {'f_n': 2.901056038217875e-06, 'K_d': 138614.09995162388, 'rho_d': 53775717829521.09, 'fission_rate': 7.128776801096954e+19, 'Dg_D1_scale': 3.7031212207036726, 'Dg_D3_scale': 0.7688134826314149, 'Dv_D1_scale': 0.2182670706407718, 'Dv_D2_scale': 2.265850715729285, 'b_bulk_scale': 1.3172813465497433, 'b_dislocation_scale': 0.07742802689956206, 'gb_scale': 0.9450285645815788, 'gd_bubble_scale': 2.409963257530477, 'gd_line_scale': 0.06088521898213877, 'gd_line_alpha': 0.6152530461542671, 'coalescence_d_scale': 0.10219294986059832, 'capture_scale': 0.34734100052185063}. Best is trial 92 with value: 2.7058288933810783.
[I 2026-05-03 11:23:51,974] Trial 139 finished with value: 2.700470036650076 and parameters: {'f_n': 2.3321550152823405e-06, 'K_d': 119807.47246392565, 'rho_d': 48314433238713.72, 'fission_rate': 7.039853085978988e+19, 'Dg_D1_scale': 3.3846097958820427, 'Dg_D3_scale': 0.9305603480624578, 'Dv_D1_scale': 0.22065746444491394, 'Dv_D2_scale': 2.061812517213467, 'b_bulk_scale': 1.2019971620774215, 'b_dislocation_scale': 0.09199932699849714, 'gb_scale': 1.2967574162477027, 'gd_bubble_scale': 2.9078983131786917, 'gd_line_scale': 0.05031167777920273, 'gd_line_alpha': 0.7276423919296642, 'coalescence_d_scale': 0.12334005013528355, 'capture_scale': 0.29104006943559857}. Best is trial 139 with value: 2.700470036650076.
[I 2026-05-03 11:23:58,611] Trial 140 finished with value: 3.1177601925454894 and parameters: {'f_n': 2.295811834585376e-06, 'K_d': 104063.33405448843, 'rho_d': 47828591678084.05, 'fission_rate': 7.055735938782698e+19, 'Dg_D1_scale': 3.222059490778138, 'Dg_D3_scale': 0.9416045618738234, 'Dv_D1_scale': 3.947244313585764, 'Dv_D2_scale': 2.4776712565337875, 'b_bulk_scale': 1.203576556146621, 'b_dislocation_scale': 0.06529722010788425, 'gb_scale': 2.0299419564326375, 'gd_bubble_scale': 2.1611258194183867, 'gd_line_scale': 0.05072599885243803, 'gd_line_alpha': 0.7236746564740537, 'coalescence_d_scale': 0.11418600343928165, 'capture_scale': 0.3081026566992443}. Best is trial 139 with value: 2.700470036650076.
[I 2026-05-03 11:24:05,132] Trial 141 finished with value: 3.053253401119925 and parameters: {'f_n': 2.3586764064768644e-06, 'K_d': 119971.5063560912, 'rho_d': 64793658304877.555, 'fission_rate': 6.919383411089265e+19, 'Dg_D1_scale': 3.4854574049727765, 'Dg_D3_scale': 0.8497924149704655, 'Dv_D1_scale': 0.21418455441124523, 'Dv_D2_scale': 2.1022781905904795, 'b_bulk_scale': 1.4884874852654024, 'b_dislocation_scale': 0.0862474640981528, 'gb_scale': 1.3345660975965932, 'gd_bubble_scale': 2.8403784136600865, 'gd_line_scale': 0.07109147028557228, 'gd_line_alpha': 0.7416624136928307, 'coalescence_d_scale': 0.1219707499308232, 'capture_scale': 0.40681118395746685}. Best is trial 139 with value: 2.700470036650076.
[I 2026-05-03 11:24:11,940] Trial 142 finished with value: 2.8899450101515276 and parameters: {'f_n': 1.5364252252374182e-06, 'K_d': 137806.0424897349, 'rho_d': 53268865560845.98, 'fission_rate': 6.782742752431046e+19, 'Dg_D1_scale': 3.953322263819478, 'Dg_D3_scale': 0.7253267029571732, 'Dv_D1_scale': 0.22269520723641253, 'Dv_D2_scale': 1.910517763220689, 'b_bulk_scale': 1.022360079327766, 'b_dislocation_scale': 0.09271409614017902, 'gb_scale': 0.8578867271323679, 'gd_bubble_scale': 2.6072722497722656, 'gd_line_scale': 0.057295864826384456, 'gd_line_alpha': 0.7027577245637032, 'coalescence_d_scale': 0.1301080141613049, 'capture_scale': 0.2935109642659771}. Best is trial 139 with value: 2.700470036650076.
[I 2026-05-03 11:24:16,683] Trial 143 finished with value: 2.6913106102881303 and parameters: {'f_n': 1.830072422520451e-06, 'K_d': 116743.2279299599, 'rho_d': 50206530344273.43, 'fission_rate': 7.013847237596853e+19, 'Dg_D1_scale': 3.4533208106796334, 'Dg_D3_scale': 0.79267491725585, 'Dv_D1_scale': 0.2063856099612523, 'Dv_D2_scale': 2.777412513540554, 'b_bulk_scale': 1.1492960906948602, 'b_dislocation_scale': 0.10184914508736165, 'gb_scale': 1.6386986348753965, 'gd_bubble_scale': 3.105886542657479, 'gd_line_scale': 0.05077197976632028, 'gd_line_alpha': 0.7838667785794011, 'coalescence_d_scale': 0.10012386967066933, 'capture_scale': 0.49530979492922517}. Best is trial 143 with value: 2.6913106102881303.
[I 2026-05-03 11:24:23,260] Trial 144 finished with value: 2.665281004024817 and parameters: {'f_n': 1.736684046646465e-06, 'K_d': 117787.57016879061, 'rho_d': 42422220810343.18, 'fission_rate': 7.063022527798466e+19, 'Dg_D1_scale': 3.093368294380928, 'Dg_D3_scale': 0.9024214302482703, 'Dv_D1_scale': 0.2037727950136091, 'Dv_D2_scale': 2.9921113229499947, 'b_bulk_scale': 1.6335180620941014, 'b_dislocation_scale': 0.10665922688213116, 'gb_scale': 1.7158074300807487, 'gd_bubble_scale': 3.4727147649603323, 'gd_line_scale': 0.050807091029121405, 'gd_line_alpha': 0.7830006557046624, 'coalescence_d_scale': 0.10024013826402096, 'capture_scale': 0.534735031393177}. Best is trial 144 with value: 2.665281004024817.Best trial: 143. Best value: 2.69131:  36%|███▌      | 144/400 [15:28<25:23,  5.95s/it]Best trial: 144. Best value: 2.66528:  36%|███▌      | 144/400 [15:29<25:23,  5.95s/it]Best trial: 144. Best value: 2.66528:  36%|███▋      | 145/400 [15:29<26:05,  6.14s/it]                                                                                       Best trial: 144. Best value: 2.66528:  36%|███▋      | 145/400 [15:35<26:05,  6.14s/it]Best trial: 144. Best value: 2.66528:  36%|███▋      | 145/400 [15:35<26:05,  6.14s/it]Best trial: 144. Best value: 2.66528:  36%|███▋      | 146/400 [15:35<26:37,  6.29s/it]                                                                                       Best trial: 144. Best value: 2.66528:  36%|███▋      | 146/400 [15:42<26:37,  6.29s/it]Best trial: 144. Best value: 2.66528:  36%|███▋      | 146/400 [15:42<26:37,  6.29s/it]Best trial: 144. Best value: 2.66528:  37%|███▋      | 147/400 [15:42<27:22,  6.49s/it]                                                                                       Best trial: 144. Best value: 2.66528:  37%|███▋      | 147/400 [15:49<27:22,  6.49s/it]Best trial: 144. Best value: 2.66528:  37%|███▋      | 147/400 [15:49<27:22,  6.49s/it]Best trial: 144. Best value: 2.66528:  37%|███▋      | 148/400 [15:49<27:44,  6.61s/it]                                                                                       Best trial: 144. Best value: 2.66528:  37%|███▋      | 148/400 [15:54<27:44,  6.61s/it]Best trial: 144. Best value: 2.66528:  37%|███▋      | 148/400 [15:54<27:44,  6.61s/it]Best trial: 144. Best value: 2.66528:  37%|███▋      | 149/400 [15:54<25:44,  6.15s/it]                                                                                       Best trial: 144. Best value: 2.66528:  37%|███▋      | 149/400 [16:01<25:44,  6.15s/it]Best trial: 144. Best value: 2.66528:  37%|███▋      | 149/400 [16:01<25:44,  6.15s/it]Best trial: 144. Best value: 2.66528:  38%|███▊      | 150/400 [16:01<26:27,  6.35s/it]                                                                                       Best trial: 144. Best value: 2.66528:  38%|███▊      | 150/400 [16:08<26:27,  6.35s/it]Best trial: 144. Best value: 2.66528:  38%|███▊      | 150/400 [16:08<26:27,  6.35s/it]Best trial: 144. Best value: 2.66528:  38%|███▊      | 151/400 [16:08<26:48,  6.46s/it]                                                                                       Best trial: 144. Best value: 2.66528:  38%|███▊      | 151/400 [16:15<26:48,  6.46s/it]Best trial: 144. Best value: 2.66528:  38%|███▊      | 151/400 [16:15<26:48,  6.46s/it]Best trial: 144. Best value: 2.66528:  38%|███▊      | 152/400 [16:15<27:15,  6.59s/it]                                                                                       Best trial: 144. Best value: 2.66528:  38%|███▊      | 152/400 [16:21<27:15,  6.59s/it]Best trial: 144. Best value: 2.66528:  38%|███▊      | 152/400 [16:21<27:15,  6.59s/it]Best trial: 144. Best value: 2.66528:  38%|███▊      | 153/400 [16:21<27:12,  6.61s/it]                                                                                       Best trial: 144. Best value: 2.66528:  38%|███▊      | 153/400 [16:26<27:12,  6.61s/it]Best trial: 144. Best value: 2.66528:  38%|███▊      | 153/400 [16:26<27:12,  6.61s/it]Best trial: 144. Best value: 2.66528:  38%|███▊      | 154/400 [16:26<24:57,  6.09s/it]                                                                                       Best trial: 144. Best value: 2.66528:  38%|███▊      | 154/400 [16:32<24:57,  6.09s/it]Best trial: 144. Best value: 2.66528:  38%|███▊      | 154/400 [16:32<24:57,  6.09s/it]Best trial: 144. Best value: 2.66528:  39%|███▉      | 155/400 [16:32<25:10,  6.17s/it]                                                                                       Best trial: 144. Best value: 2.66528:  39%|███▉      | 155/400 [16:39<25:10,  6.17s/it]Best trial: 144. Best value: 2.66528:  39%|███▉      | 155/400 [16:39<25:10,  6.17s/it]Best trial: 144. Best value: 2.66528:  39%|███▉      | 156/400 [16:39<25:44,  6.33s/it]                                                                                       
[I 2026-05-03 11:24:29,913] Trial 145 finished with value: 2.9320349013866753 and parameters: {'f_n': 1.3580871841512653e-06, 'K_d': 116512.8848877092, 'rho_d': 49242451486185.46, 'fission_rate': 7.096307553094108e+19, 'Dg_D1_scale': 3.0886124142430362, 'Dg_D3_scale': 0.8994169629303017, 'Dv_D1_scale': 0.20165023903243204, 'Dv_D2_scale': 3.073068865822127, 'b_bulk_scale': 1.7169838030609041, 'b_dislocation_scale': 0.0917856386221626, 'gb_scale': 1.5867510385844676, 'gd_bubble_scale': 3.3705558309985424, 'gd_line_scale': 0.06678429745146817, 'gd_line_alpha': 0.7810723884277156, 'coalescence_d_scale': 0.10055168100977623, 'capture_scale': 0.5176564593456585}. Best is trial 144 with value: 2.665281004024817.
[I 2026-05-03 11:24:36,880] Trial 146 finished with value: 2.733688078723637 and parameters: {'f_n': 1.0933127316577104e-06, 'K_d': 110596.29056422651, 'rho_d': 42416893189383.79, 'fission_rate': 6.884255401333236e+19, 'Dg_D1_scale': 3.3154017014125894, 'Dg_D3_scale': 1.067599458311133, 'Dv_D1_scale': 0.21127862309342785, 'Dv_D2_scale': 2.736524674351989, 'b_bulk_scale': 1.2594741239233531, 'b_dislocation_scale': 0.09893386186377938, 'gb_scale': 1.8016020655334142, 'gd_bubble_scale': 4.599057265443998, 'gd_line_scale': 0.05081084407517071, 'gd_line_alpha': 0.8229714164230439, 'coalescence_d_scale': 0.10713862505225205, 'capture_scale': 0.5726929353849636}. Best is trial 144 with value: 2.665281004024817.
[I 2026-05-03 11:24:43,753] Trial 147 finished with value: 2.947430998076759 and parameters: {'f_n': 7.819503510216482e-07, 'K_d': 100005.64247581073, 'rho_d': 42270878324829.836, 'fission_rate': 6.898690564173176e+19, 'Dg_D1_scale': 3.3602107332363618, 'Dg_D3_scale': 1.0809903876316855, 'Dv_D1_scale': 0.2002497440812782, 'Dv_D2_scale': 2.790142803018719, 'b_bulk_scale': 1.55932903113316, 'b_dislocation_scale': 0.09910094171756638, 'gb_scale': 1.7394149343418277, 'gd_bubble_scale': 4.652033307557855, 'gd_line_scale': 0.07404865611000626, 'gd_line_alpha': 0.8218350477012855, 'coalescence_d_scale': 0.11477957290483079, 'capture_scale': 0.5649731471870478}. Best is trial 144 with value: 2.665281004024817.
[I 2026-05-03 11:24:48,852] Trial 148 finished with value: 2.6825248424721697 and parameters: {'f_n': 1.899832674875938e-06, 'K_d': 111127.85077468357, 'rho_d': 47051919189916.22, 'fission_rate': 6.8072824577184326e+19, 'Dg_D1_scale': 3.7913787110937007, 'Dg_D3_scale': 1.056406079638868, 'Dv_D1_scale': 0.21054558187340802, 'Dv_D2_scale': 3.2238365965848077, 'b_bulk_scale': 1.8899957683432973, 'b_dislocation_scale': 0.10487272197134984, 'gb_scale': 1.8557279416508288, 'gd_bubble_scale': 3.107581912702261, 'gd_line_scale': 0.050929189597858165, 'gd_line_alpha': 0.6528068116830171, 'coalescence_d_scale': 0.10886274859717669, 'capture_scale': 0.47384717851032987}. Best is trial 144 with value: 2.665281004024817.
[I 2026-05-03 11:24:55,655] Trial 149 finished with value: 3.466834592279143 and parameters: {'f_n': 9.889010607194768e-07, 'K_d': 112193.67194250965, 'rho_d': 46356673713673.26, 'fission_rate': 6.82638589028463e+19, 'Dg_D1_scale': 3.7853367286327444, 'Dg_D3_scale': 0.7960016368032581, 'Dv_D1_scale': 0.21271634370922948, 'Dv_D2_scale': 3.219708068989811, 'b_bulk_scale': 2.6246772456580065, 'b_dislocation_scale': 0.06547678795700008, 'gb_scale': 2.257809001202767, 'gd_bubble_scale': 4.297660695028031, 'gd_line_scale': 0.05018276254272472, 'gd_line_alpha': 0.6631581509996951, 'coalescence_d_scale': 0.10629721105789279, 'capture_scale': 0.47829302720087974}. Best is trial 144 with value: 2.665281004024817.
[I 2026-05-03 11:25:02,373] Trial 150 finished with value: 2.7035990085512402 and parameters: {'f_n': 2.0154125525029025e-06, 'K_d': 119915.43187395504, 'rho_d': 56213842972505.914, 'fission_rate': 6.9785483502101684e+19, 'Dg_D1_scale': 3.9878641115293045, 'Dg_D3_scale': 1.0005242628621465, 'Dv_D1_scale': 0.22350244516519766, 'Dv_D2_scale': 3.514462082880317, 'b_bulk_scale': 1.2528399132435135, 'b_dislocation_scale': 0.10505649712867268, 'gb_scale': 1.7830612319677859, 'gd_bubble_scale': 3.082646487978976, 'gd_line_scale': 0.050924263098522514, 'gd_line_alpha': 0.6455317731662896, 'coalescence_d_scale': 0.1003738976248226, 'capture_scale': 0.4865247763594306}. Best is trial 144 with value: 2.665281004024817.
[I 2026-05-03 11:25:09,281] Trial 151 finished with value: 3.1185100613821928 and parameters: {'f_n': 2.0557811302623335e-06, 'K_d': 121750.0833625292, 'rho_d': 71720445496104.58, 'fission_rate': 6.7581901961848775e+19, 'Dg_D1_scale': 3.9770865703692326, 'Dg_D3_scale': 1.0514824794289528, 'Dv_D1_scale': 0.22398383688067208, 'Dv_D2_scale': 3.898216872062823, 'b_bulk_scale': 2.0547345083909607, 'b_dislocation_scale': 0.1070267413791037, 'gb_scale': 1.791389386745498, 'gd_bubble_scale': 3.079408929049151, 'gd_line_scale': 0.050657969176558494, 'gd_line_alpha': 0.598131109436447, 'coalescence_d_scale': 0.10066663949386652, 'capture_scale': 0.4726758861554455}. Best is trial 144 with value: 2.665281004024817.
[I 2026-05-03 11:25:15,925] Trial 152 finished with value: 2.9894388715968248 and parameters: {'f_n': 1.6062086783332519e-06, 'K_d': 109299.4461962859, 'rho_d': 57130167680538.04, 'fission_rate': 6.973614473207526e+19, 'Dg_D1_scale': 3.4355580762352433, 'Dg_D3_scale': 0.9916949279585828, 'Dv_D1_scale': 0.2112561811084446, 'Dv_D2_scale': 2.385680459153125, 'b_bulk_scale': 1.871758454462057, 'b_dislocation_scale': 0.08694599628930803, 'gb_scale': 1.9308304984840263, 'gd_bubble_scale': 3.86510354813946, 'gd_line_scale': 0.05018733897224714, 'gd_line_alpha': 0.6827482209123926, 'coalescence_d_scale': 0.12200746633607312, 'capture_scale': 0.5351532300078209}. Best is trial 144 with value: 2.665281004024817.
[I 2026-05-03 11:25:20,795] Trial 153 finished with value: 3.0233657583810944 and parameters: {'f_n': 1.9123960622937383e-06, 'K_d': 135571.5330282949, 'rho_d': 51394862052821.03, 'fission_rate': 7.0233399183388746e+19, 'Dg_D1_scale': 3.749648765659941, 'Dg_D3_scale': 1.1294080812951244, 'Dv_D1_scale': 0.25005645244718305, 'Dv_D2_scale': 2.718045288253123, 'b_bulk_scale': 1.191291861482335, 'b_dislocation_scale': 0.0778103224705098, 'gb_scale': 1.3197572350529398, 'gd_bubble_scale': 3.141328539580837, 'gd_line_scale': 0.061487671166322325, 'gd_line_alpha': 0.6475837981523809, 'coalescence_d_scale': 0.11035298101976335, 'capture_scale': 0.355790535451215}. Best is trial 144 with value: 2.665281004024817.
[I 2026-05-03 11:25:27,149] Trial 154 finished with value: 4.5503633413717335 and parameters: {'f_n': 2.254453725370135e-06, 'K_d': 125178.05609748287, 'rho_d': 48316191497183.055, 'fission_rate': 7.23118382326843e+19, 'Dg_D1_scale': 3.237435536830233, 'Dg_D3_scale': 1.3914086339587108, 'Dv_D1_scale': 0.2307646885010341, 'Dv_D2_scale': 3.5835527882840945, 'b_bulk_scale': 1.3767622038752265, 'b_dislocation_scale': 0.10082297593875546, 'gb_scale': 1.5332650563109829, 'gd_bubble_scale': 2.0827789907048255, 'gd_line_scale': 1.3613854330644517, 'gd_line_alpha': 0.8320100499738028, 'coalescence_d_scale': 0.14579441299086807, 'capture_scale': 0.2829779053878857}. Best is trial 144 with value: 2.665281004024817.
[I 2026-05-03 11:25:33,866] Trial 155 finished with value: 5.57731895745007 and parameters: {'f_n': 1.104097230758217e-06, 'K_d': 142583.21959513694, 'rho_d': 61982966547439.336, 'fission_rate': 6.86892269300937e+19, 'Dg_D1_scale': 3.4881895249816446, 'Dg_D3_scale': 0.8516829062794969, 'Dv_D1_scale': 0.22184025310108108, 'Dv_D2_scale': 3.348639419079883, 'b_bulk_scale': 1.2391392246292496, 'b_dislocation_scale': 0.11298317172091342, 'gb_scale': 1.8145232252902321, 'gd_bubble_scale': 3.559585269272286, 'gd_line_scale': 0.056136991033530724, 'gd_line_alpha': 0.7835513956211873, 'coalescence_d_scale': 7.795594507989282, 'capture_scale': 0.6036906012767724}. Best is trial 144 with value: 2.665281004024817.
