[I 2026-05-03 11:15:06,699] Trial 55 finished with value: 3.7820649897373264 and parameters: {'f_n': 1.9625847965369077e-07, 'K_d': 1017503.7746458433, 'rho_d': 6177346920406.694, 'fission_rate': 7.722633900088558e+19, 'Dg_D1_scale': 3.1598889544559863, 'Dg_D3_scale': 0.26190769092630123, 'Dv_D1_scale': 0.3299529948138024, 'Dv_D2_scale': 0.33418125821936195, 'b_bulk_scale': 0.13435580591784105, 'b_dislocation_scale': 0.07065295946940098, 'gb_scale': 0.0652873356864531, 'gd_bubble_scale': 0.16649170824783663, 'gd_line_scale': 0.1432058380513794, 'gd_line_alpha': 0.14832096176797588, 'coalescence_d_scale': 0.67680132869492, 'capture_scale': 0.24541602362586212}. Best is trial 27 with value: 2.903514334413736.
[I 2026-05-03 11:15:11,625] Trial 56 finished with value: 3.305516824896551 and parameters: {'f_n': 7.372078874869721e-08, 'K_d': 630592.8872429959, 'rho_d': 12388543173444.973, 'fission_rate': 6.6259188263684825e+19, 'Dg_D1_scale': 1.8632391677102025, 'Dg_D3_scale': 0.20821663161438825, 'Dv_D1_scale': 0.6951883285308287, 'Dv_D2_scale': 0.27819483980902654, 'b_bulk_scale': 0.08078071547023741, 'b_dislocation_scale': 0.10136078131217742, 'gb_scale': 0.3553644519898354, 'gd_bubble_scale': 1.52142567334413, 'gd_line_scale': 0.06292409002217579, 'gd_line_alpha': 0.2232184755367218, 'coalescence_d_scale': 0.2146902288571745, 'capture_scale': 0.04153367397330751}. Best is trial 27 with value: 2.903514334413736.
[I 2026-05-03 11:15:18,030] Trial 57 finished with value: 5.21704339480941 and parameters: {'f_n': 4.405766463385952e-07, 'K_d': 1306236.8567900548, 'rho_d': 76405003392230.16, 'fission_rate': 7.099864749319231e+19, 'Dg_D1_scale': 0.5523514091366912, 'Dg_D3_scale': 0.4018138760828815, 'Dv_D1_scale': 0.43537779652555125, 'Dv_D2_scale': 1.475418158682686, 'b_bulk_scale': 0.4930878422379148, 'b_dislocation_scale': 0.03556599910502109, 'gb_scale': 0.21346573149922723, 'gd_bubble_scale': 0.7038011256645865, 'gd_line_scale': 0.15901317058403414, 'gd_line_alpha': 0.2619289345767966, 'coalescence_d_scale': 0.4365808702522248, 'capture_scale': 0.11455708001575456}. Best is trial 27 with value: 2.903514334413736.
[I 2026-05-03 11:15:22,780] Trial 58 finished with value: 16.026865074425185 and parameters: {'f_n': 1.2228365565097145e-08, 'K_d': 926163.5169397787, 'rho_d': 53831518144308.766, 'fission_rate': 5.73863492824699e+19, 'Dg_D1_scale': 1.4896632632463793, 'Dg_D3_scale': 0.2341338872483022, 'Dv_D1_scale': 2.6232439523115443, 'Dv_D2_scale': 0.2285010196282715, 'b_bulk_scale': 0.03388478221136301, 'b_dislocation_scale': 0.3154800558675326, 'gb_scale': 0.3960798480764306, 'gd_bubble_scale': 0.45642915558985786, 'gd_line_scale': 0.08820627402721233, 'gd_line_alpha': 0.44712969779512, 'coalescence_d_scale': 5.214394871343033, 'capture_scale': 0.3674533674804922}. Best is trial 27 with value: 2.903514334413736.
[I 2026-05-03 11:15:30,138] Trial 59 finished with value: 3.635797969300933 and parameters: {'f_n': 6.224965698315981e-09, 'K_d': 387594.7991068167, 'rho_d': 7424051537285.278, 'fission_rate': 6.046960260271348e+19, 'Dg_D1_scale': 0.7190316176857718, 'Dg_D3_scale': 0.16455565682806697, 'Dv_D1_scale': 0.40420334071092195, 'Dv_D2_scale': 0.37618255637630665, 'b_bulk_scale': 0.665334518108459, 'b_dislocation_scale': 0.0691497926593223, 'gb_scale': 0.16510424307793195, 'gd_bubble_scale': 0.0727199084254253, 'gd_line_scale': 0.27229429911048797, 'gd_line_alpha': 0.18766009237571285, 'coalescence_d_scale': 0.35958746621694515, 'capture_scale': 0.08819243039702124}. Best is trial 27 with value: 2.903514334413736.
[I 2026-05-03 11:15:37,261] Trial 60 finished with value: 3.0344570058632128 and parameters: {'f_n': 7.492392876055289e-07, 'K_d': 805008.024324498, 'rho_d': 18685527982185.516, 'fission_rate': 6.278122488883852e+19, 'Dg_D1_scale': 2.120221295281662, 'Dg_D3_scale': 0.4814296218469855, 'Dv_D1_scale': 0.5091657280014824, 'Dv_D2_scale': 0.4524016102452316, 'b_bulk_scale': 0.3693620700791052, 'b_dislocation_scale': 0.1948875116895139, 'gb_scale': 0.13524566559433776, 'gd_bubble_scale': 1.9694901598807752, 'gd_line_scale': 0.1255849129851911, 'gd_line_alpha': 0.07110740104791119, 'coalescence_d_scale': 0.28011835659738105, 'capture_scale': 2.562760757814918}. Best is trial 27 with value: 2.903514334413736.Best trial: 27. Best value: 2.90351:  15%|█▌        | 60/400 [06:42<34:42,  6.13s/it]Best trial: 27. Best value: 2.90351:  15%|█▌        | 60/400 [06:43<34:42,  6.13s/it]Best trial: 27. Best value: 2.90351:  15%|█▌        | 61/400 [06:43<36:18,  6.43s/it]                                                                                     Best trial: 27. Best value: 2.90351:  15%|█▌        | 61/400 [06:48<36:18,  6.43s/it]Best trial: 27. Best value: 2.90351:  15%|█▌        | 61/400 [06:48<36:18,  6.43s/it]Best trial: 27. Best value: 2.90351:  16%|█▌        | 62/400 [06:48<33:53,  6.02s/it]                                                                                     Best trial: 27. Best value: 2.90351:  16%|█▌        | 62/400 [06:55<33:53,  6.02s/it]Best trial: 27. Best value: 2.90351:  16%|█▌        | 62/400 [06:55<33:53,  6.02s/it]Best trial: 27. Best value: 2.90351:  16%|█▌        | 63/400 [06:55<35:32,  6.33s/it]                                                                                     Best trial: 27. Best value: 2.90351:  16%|█▌        | 63/400 [07:01<35:32,  6.33s/it]Best trial: 27. Best value: 2.90351:  16%|█▌        | 63/400 [07:01<35:32,  6.33s/it]Best trial: 27. Best value: 2.90351:  16%|█▌        | 64/400 [07:01<36:04,  6.44s/it]                                                                                     Best trial: 27. Best value: 2.90351:  16%|█▌        | 64/400 [07:08<36:04,  6.44s/it]Best trial: 27. Best value: 2.90351:  16%|█▌        | 64/400 [07:08<36:04,  6.44s/it]Best trial: 27. Best value: 2.90351:  16%|█▋        | 65/400 [07:08<37:03,  6.64s/it]                                                                                     Best trial: 27. Best value: 2.90351:  16%|█▋        | 65/400 [07:16<37:03,  6.64s/it]Best trial: 27. Best value: 2.90351:  16%|█▋        | 65/400 [07:16<37:03,  6.64s/it]Best trial: 27. Best value: 2.90351:  16%|█▋        | 66/400 [07:16<38:24,  6.90s/it]                                                                                     Best trial: 27. Best value: 2.90351:  16%|█▋        | 66/400 [07:21<38:24,  6.90s/it]Best trial: 27. Best value: 2.90351:  16%|█▋        | 66/400 [07:21<38:24,  6.90s/it]Best trial: 27. Best value: 2.90351:  17%|█▋        | 67/400 [07:21<36:01,  6.49s/it]                                                                                     Best trial: 27. Best value: 2.90351:  17%|█▋        | 67/400 [07:29<36:01,  6.49s/it]Best trial: 67. Best value: 2.89955:  17%|█▋        | 67/400 [07:29<36:01,  6.49s/it]Best trial: 67. Best value: 2.89955:  17%|█▋        | 68/400 [07:29<37:46,  6.83s/it]                                                                                     Best trial: 67. Best value: 2.89955:  17%|█▋        | 68/400 [07:36<37:46,  6.83s/it]Best trial: 67. Best value: 2.89955:  17%|█▋        | 68/400 [07:36<37:46,  6.83s/it]Best trial: 67. Best value: 2.89955:  17%|█▋        | 69/400 [07:36<37:57,  6.88s/it]                                                                                     Best trial: 67. Best value: 2.89955:  17%|█▋        | 69/400 [07:44<37:57,  6.88s/it]Best trial: 67. Best value: 2.89955:  17%|█▋        | 69/400 [07:44<37:57,  6.88s/it]Best trial: 67. Best value: 2.89955:  18%|█▊        | 70/400 [07:44<39:09,  7.12s/it]                                                                                     Best trial: 67. Best value: 2.89955:  18%|█▊        | 70/400 [07:49<39:09,  7.12s/it]Best trial: 67. Best value: 2.89955:  18%|█▊        | 70/400 [07:49<39:09,  7.12s/it]Best trial: 67. Best value: 2.89955:  18%|█▊        | 71/400 [07:49<36:26,  6.65s/it]                                                                                     Best trial: 67. Best value: 2.89955:  18%|█▊        | 71/400 [07:57<36:26,  6.65s/it]Best trial: 67. Best value: 2.89955:  18%|█▊        | 71/400 [07:57<36:26,  6.65s/it]Best trial: 67. Best value: 2.89955:  18%|█▊        | 72/400 [07:57<37:48,  6.92s/it]                                                                                     
[I 2026-05-03 11:15:42,319] Trial 61 finished with value: 3.3845245946661597 and parameters: {'f_n': 9.288286121783494e-07, 'K_d': 825869.6555614071, 'rho_d': 19060510462917.742, 'fission_rate': 6.478112432233146e+19, 'Dg_D1_scale': 2.300032834845369, 'Dg_D3_scale': 0.5014991657291276, 'Dv_D1_scale': 0.5252275344172893, 'Dv_D2_scale': 0.436644006568428, 'b_bulk_scale': 0.38305810399751433, 'b_dislocation_scale': 0.19420816148553927, 'gb_scale': 0.08587103154097367, 'gd_bubble_scale': 1.9948013717415987, 'gd_line_scale': 0.11421496908294013, 'gd_line_alpha': 0.0758807722048418, 'coalescence_d_scale': 0.2675933411390967, 'capture_scale': 4.192540768818694}. Best is trial 27 with value: 2.903514334413736.
[I 2026-05-03 11:15:49,377] Trial 62 finished with value: 3.0117274375388425 and parameters: {'f_n': 1.3057290017554809e-06, 'K_d': 259706.70525826467, 'rho_d': 14814232178129.387, 'fission_rate': 6.3027544163028074e+19, 'Dg_D1_scale': 1.9367765517689428, 'Dg_D3_scale': 0.5529799245334144, 'Dv_D1_scale': 0.30890616940702315, 'Dv_D2_scale': 0.3927028487238632, 'b_bulk_scale': 0.3213552105818914, 'b_dislocation_scale': 0.048937918540858154, 'gb_scale': 0.15561946047756794, 'gd_bubble_scale': 0.886678800971267, 'gd_line_scale': 0.08610579436213149, 'gd_line_alpha': 0.13718525813882143, 'coalescence_d_scale': 0.3123800080120059, 'capture_scale': 1.8846260712321228}. Best is trial 27 with value: 2.903514334413736.
[I 2026-05-03 11:15:56,085] Trial 63 finished with value: 3.4147798241431055 and parameters: {'f_n': 1.1371661493269941e-06, 'K_d': 1104543.563652478, 'rho_d': 17506914145737.422, 'fission_rate': 6.7038768610055995e+19, 'Dg_D1_scale': 3.1783099978565454, 'Dg_D3_scale': 0.5949376818347245, 'Dv_D1_scale': 0.29448938483455733, 'Dv_D2_scale': 0.5271362755533224, 'b_bulk_scale': 0.3369268726478156, 'b_dislocation_scale': 0.043349832973970145, 'gb_scale': 0.1417113310359083, 'gd_bubble_scale': 0.8712168865637666, 'gd_line_scale': 0.061437520282879875, 'gd_line_alpha': 0.13599408903938293, 'coalescence_d_scale': 0.3176795108381215, 'capture_scale': 2.723117868502184}. Best is trial 27 with value: 2.903514334413736.
[I 2026-05-03 11:16:03,177] Trial 64 finished with value: 3.0379287082998814 and parameters: {'f_n': 1.7120296171739446e-06, 'K_d': 726748.8854329874, 'rho_d': 20481784168041.938, 'fission_rate': 6.288567523517201e+19, 'Dg_D1_scale': 2.037147397097923, 'Dg_D3_scale': 0.6908857273017753, 'Dv_D1_scale': 1.2508127447598698, 'Dv_D2_scale': 0.39229682432067886, 'b_bulk_scale': 0.24344487292940703, 'b_dislocation_scale': 0.07644451196203657, 'gb_scale': 0.22819625907465643, 'gd_bubble_scale': 1.2087345836699404, 'gd_line_scale': 0.090427531454636, 'gd_line_alpha': 0.05476756740258737, 'coalescence_d_scale': 0.43283195533577623, 'capture_scale': 2.5753729898744737}. Best is trial 27 with value: 2.903514334413736.
[I 2026-05-03 11:16:10,685] Trial 65 finished with value: 4.205684185273656 and parameters: {'f_n': 1.65084117090143e-06, 'K_d': 250093.08932128528, 'rho_d': 27642952213975.1, 'fission_rate': 6.267708822642791e+19, 'Dg_D1_scale': 1.8947407942316172, 'Dg_D3_scale': 0.9128862776930793, 'Dv_D1_scale': 1.3854555456806008, 'Dv_D2_scale': 0.592441156258771, 'b_bulk_scale': 0.25313087147357827, 'b_dislocation_scale': 0.37978672966751637, 'gb_scale': 0.10885732251081771, 'gd_bubble_scale': 1.1075965609231264, 'gd_line_scale': 0.08573526495464243, 'gd_line_alpha': 0.06263403330599561, 'coalescence_d_scale': 0.3984603410500832, 'capture_scale': 2.3660008096967813}. Best is trial 27 with value: 2.903514334413736.
[I 2026-05-03 11:16:16,223] Trial 66 finished with value: 3.111390491314326 and parameters: {'f_n': 5.171092434661766e-07, 'K_d': 768988.2217982312, 'rho_d': 20679777341068.566, 'fission_rate': 6.146220891279781e+19, 'Dg_D1_scale': 2.039339369447787, 'Dg_D3_scale': 0.7136063039055667, 'Dv_D1_scale': 1.2629293789482312, 'Dv_D2_scale': 0.4744237333020051, 'b_bulk_scale': 0.186666859966252, 'b_dislocation_scale': 0.09349074283132419, 'gb_scale': 0.22977332227414307, 'gd_bubble_scale': 1.4222871041728091, 'gd_line_scale': 0.06180807590930443, 'gd_line_alpha': 0.029828348757050933, 'coalescence_d_scale': 0.6418690920076634, 'capture_scale': 2.143035523159051}. Best is trial 27 with value: 2.903514334413736.
[I 2026-05-03 11:16:23,834] Trial 67 finished with value: 2.899551343363495 and parameters: {'f_n': 7.166724363706395e-07, 'K_d': 628580.5181695806, 'rho_d': 15386384181296.664, 'fission_rate': 5.84933588462037e+19, 'Dg_D1_scale': 2.6875999092536342, 'Dg_D3_scale': 0.6625648301765803, 'Dv_D1_scale': 1.6610878009663894, 'Dv_D2_scale': 0.4097175531948793, 'b_bulk_scale': 0.20286356329131724, 'b_dislocation_scale': 0.12255325729255752, 'gb_scale': 0.15002143553975347, 'gd_bubble_scale': 1.1638995258241878, 'gd_line_scale': 0.11732159967420351, 'gd_line_alpha': 0.09745560713601936, 'coalescence_d_scale': 0.2880017345510051, 'capture_scale': 4.418848390195695}. Best is trial 67 with value: 2.899551343363495.
[I 2026-05-03 11:16:30,850] Trial 68 finished with value: 4.025667432619981 and parameters: {'f_n': 7.257797778770966e-07, 'K_d': 605541.4436106788, 'rho_d': 26651404049828.13, 'fission_rate': 6.372756742381905e+19, 'Dg_D1_scale': 2.5639226322786537, 'Dg_D3_scale': 0.641625062952872, 'Dv_D1_scale': 1.7169206904715522, 'Dv_D2_scale': 0.361342271370272, 'b_bulk_scale': 0.2092930031483541, 'b_dislocation_scale': 0.1245698927542847, 'gb_scale': 0.14991011573218602, 'gd_bubble_scale': 1.7204238616390404, 'gd_line_scale': 0.12021272817896154, 'gd_line_alpha': 0.1016115968892306, 'coalescence_d_scale': 0.8662212798895907, 'capture_scale': 4.742379547399764}. Best is trial 67 with value: 2.899551343363495.
[I 2026-05-03 11:16:38,525] Trial 69 finished with value: 3.2052898086960737 and parameters: {'f_n': 3.4898563714202647e-07, 'K_d': 533253.7357311776, 'rho_d': 15643294691595.81, 'fission_rate': 5.799451700232463e+19, 'Dg_D1_scale': 2.9696799198977932, 'Dg_D3_scale': 1.2667542925599784, 'Dv_D1_scale': 1.5429828841492805, 'Dv_D2_scale': 0.32270194186066387, 'b_bulk_scale': 0.12965780928479761, 'b_dislocation_scale': 0.07836767962287326, 'gb_scale': 0.11976056123881915, 'gd_bubble_scale': 0.9011639498707068, 'gd_line_scale': 0.1045161362719369, 'gd_line_alpha': 0.07724791579501655, 'coalescence_d_scale': 0.29004412801574475, 'capture_scale': 7.550481643967747}. Best is trial 67 with value: 2.899551343363495.
[I 2026-05-03 11:16:44,067] Trial 70 finished with value: 6.339180572788717 and parameters: {'f_n': 2.569087474097237e-07, 'K_d': 934682.7695595957, 'rho_d': 22077798068686.434, 'fission_rate': 6.051014623119375e+19, 'Dg_D1_scale': 0.47041413861747305, 'Dg_D3_scale': 0.8148500132073737, 'Dv_D1_scale': 2.0235388856216736, 'Dv_D2_scale': 0.41454944584949566, 'b_bulk_scale': 0.26453564659473133, 'b_dislocation_scale': 0.19540242653444653, 'gb_scale': 0.08414958112846829, 'gd_bubble_scale': 1.130751687868718, 'gd_line_scale': 2.808679360612651, 'gd_line_alpha': 9.395457398322926e-05, 'coalescence_d_scale': 0.2291380756621267, 'capture_scale': 4.080505091536171}. Best is trial 67 with value: 2.899551343363495.
[I 2026-05-03 11:16:51,604] Trial 71 finished with value: 4.159453881879342 and parameters: {'f_n': 1.3479782012668055e-06, 'K_d': 330050.6394078968, 'rho_d': 18956323504666.297, 'fission_rate': 6.2419308653260145e+19, 'Dg_D1_scale': 2.1698075316134156, 'Dg_D3_scale': 0.4460625916309252, 'Dv_D1_scale': 1.1635857437452946, 'Dv_D2_scale': 0.3882324662300955, 'b_bulk_scale': 0.15389675135081246, 'b_dislocation_scale': 0.16236627030841722, 'gb_scale': 0.1662252643910834, 'gd_bubble_scale': 0.6110535638053033, 'gd_line_scale': 0.0889190904660415, 'gd_line_alpha': 0.13053289466359635, 'coalescence_d_scale': 0.3621322981288366, 'capture_scale': 1.4225288194690144}. Best is trial 67 with value: 2.899551343363495.
[I 2026-05-03 11:16:59,885] Trial 72 finished with value: 5.904179453493556 and parameters: {'f_n': 7.101005049813892e-07, 'K_d': 712716.3894437801, 'rho_d': 17450270481414.004, 'fission_rate': 5.65278544366629e+19, 'Dg_D1_scale': 1.777089931920283, 'Dg_D3_scale': 0.6495841895549126, 'Dv_D1_scale': 2.013976169080532, 'Dv_D2_scale': 0.49645417641656653, 'b_bulk_scale': 0.20210996590937558, 'b_dislocation_scale': 0.060540099983681345, 'gb_scale': 0.09854674790402711, 'gd_bubble_scale': 2.7258126718283684, 'gd_line_scale': 0.06487243773850919, 'gd_line_alpha': 0.03591221436031108, 'coalescence_d_scale': 0.4785581935861707, 'capture_scale': 5.391168005090161}. Best is trial 67 with value: 2.899551343363495.Best trial: 67. Best value: 2.89955:  18%|█▊        | 72/400 [08:05<37:48,  6.92s/it]Best trial: 67. Best value: 2.89955:  18%|█▊        | 72/400 [08:05<37:48,  6.92s/it]Best trial: 67. Best value: 2.89955:  18%|█▊        | 73/400 [08:05<39:55,  7.33s/it]                                                                                     Best trial: 67. Best value: 2.89955:  18%|█▊        | 73/400 [08:13<39:55,  7.33s/it]Best trial: 73. Best value: 2.87196:  18%|█▊        | 73/400 [08:13<39:55,  7.33s/it]Best trial: 73. Best value: 2.87196:  18%|█▊        | 74/400 [08:13<41:08,  7.57s/it]                                                                                     Best trial: 73. Best value: 2.87196:  18%|█▊        | 74/400 [08:18<41:08,  7.57s/it]Best trial: 74. Best value: 2.82764:  18%|█▊        | 74/400 [08:19<41:08,  7.57s/it]Best trial: 74. Best value: 2.82764:  19%|█▉        | 75/400 [08:19<37:11,  6.87s/it]                                                                                     Best trial: 74. Best value: 2.82764:  19%|█▉        | 75/400 [08:25<37:11,  6.87s/it]Best trial: 75. Best value: 2.81291:  19%|█▉        | 75/400 [08:26<37:11,  6.87s/it]Best trial: 75. Best value: 2.81291:  19%|█▉        | 76/400 [08:26<37:18,  6.91s/it]                                                                                     Best trial: 75. Best value: 2.81291:  19%|█▉        | 76/400 [08:32<37:18,  6.91s/it]Best trial: 75. Best value: 2.81291:  19%|█▉        | 76/400 [08:33<37:18,  6.91s/it]Best trial: 75. Best value: 2.81291:  19%|█▉        | 77/400 [08:33<37:17,  6.93s/it]                                                                                     Best trial: 75. Best value: 2.81291:  19%|█▉        | 77/400 [08:40<37:17,  6.93s/it]Best trial: 75. Best value: 2.81291:  19%|█▉        | 77/400 [08:40<37:17,  6.93s/it]Best trial: 75. Best value: 2.81291:  20%|█▉        | 78/400 [08:40<37:28,  6.98s/it]                                                                                     Best trial: 75. Best value: 2.81291:  20%|█▉        | 78/400 [08:46<37:28,  6.98s/it]Best trial: 75. Best value: 2.81291:  20%|█▉        | 78/400 [08:46<37:28,  6.98s/it]Best trial: 75. Best value: 2.81291:  20%|█▉        | 79/400 [08:46<36:38,  6.85s/it]                                                                                     Best trial: 75. Best value: 2.81291:  20%|█▉        | 79/400 [08:51<36:38,  6.85s/it]Best trial: 75. Best value: 2.81291:  20%|█▉        | 79/400 [08:51<36:38,  6.85s/it]Best trial: 75. Best value: 2.81291:  20%|██        | 80/400 [08:51<33:37,  6.31s/it]                                                                                     Best trial: 75. Best value: 2.81291:  20%|██        | 80/400 [08:58<33:37,  6.31s/it]Best trial: 75. Best value: 2.81291:  20%|██        | 80/400 [08:58<33:37,  6.31s/it]Best trial: 75. Best value: 2.81291:  20%|██        | 81/400 [08:58<34:59,  6.58s/it]                                                                                     Best trial: 75. Best value: 2.81291:  20%|██        | 81/400 [09:06<34:59,  6.58s/it]Best trial: 75. Best value: 2.81291:  20%|██        | 81/400 [09:06<34:59,  6.58s/it]Best trial: 75. Best value: 2.81291:  20%|██        | 82/400 [09:06<35:51,  6.77s/it]                                                                                     Best trial: 75. Best value: 2.81291:  20%|██        | 82/400 [09:12<35:51,  6.77s/it]Best trial: 75. Best value: 2.81291:  20%|██        | 82/400 [09:13<35:51,  6.77s/it]Best trial: 75. Best value: 2.81291:  21%|██        | 83/400 [09:13<36:00,  6.82s/it]                                                                                     Best trial: 75. Best value: 2.81291:  21%|██        | 83/400 [09:17<36:00,  6.82s/it]Best trial: 75. Best value: 2.81291:  21%|██        | 83/400 [09:18<36:00,  6.82s/it]Best trial: 75. Best value: 2.81291:  21%|██        | 84/400 [09:18<32:58,  6.26s/it]                                                                                     
[I 2026-05-03 11:17:08,027] Trial 73 finished with value: 2.871955513263699 and parameters: {'f_n': 2.2347206709517904e-06, 'K_d': 299910.3867836855, 'rho_d': 32959654422371.29, 'fission_rate': 5.945529451903809e+19, 'Dg_D1_scale': 2.6474477609023985, 'Dg_D3_scale': 0.5418724169474387, 'Dv_D1_scale': 0.2473087385122896, 'Dv_D2_scale': 0.4486057151127781, 'b_bulk_scale': 0.37539584866891973, 'b_dislocation_scale': 0.09581297925233746, 'gb_scale': 0.2530091198805332, 'gd_bubble_scale': 1.3284248266223848, 'gd_line_scale': 0.14304709273497077, 'gd_line_alpha': 0.164567262109998, 'coalescence_d_scale': 0.12280872176494284, 'capture_scale': 1.8744140964110205}. Best is trial 73 with value: 2.871955513263699.
