[I 2026-05-03 11:45:14,232] Trial 342 finished with value: 2.4428822172672136 and parameters: {'f_n': 2.7171963050282553e-09, 'K_d': 114642.25579403243, 'rho_d': 39813319494958.14, 'fission_rate': 7.561240099247622e+19, 'Dg_D1_scale': 1.980014124438851, 'Dg_D3_scale': 3.3075071875545348, 'Dv_D1_scale': 0.7508579852818678, 'Dv_D2_scale': 3.0718347201545937, 'b_bulk_scale': 0.04337643758997171, 'b_dislocation_scale': 0.296580547273028, 'gb_scale': 5.566824159102392, 'gd_bubble_scale': 6.2586467069544485, 'gd_line_scale': 0.319156583525498, 'gd_line_alpha': 0.9735492155476967, 'coalescence_d_scale': 0.3868550753287973, 'capture_scale': 0.039156212772856754}. Best is trial 342 with value: 2.4428822172672136.
[I 2026-05-03 11:45:19,930] Trial 343 finished with value: 2.4776068144372068 and parameters: {'f_n': 2.7122441494653165e-09, 'K_d': 113993.07802311794, 'rho_d': 37818058314893.49, 'fission_rate': 7.552288285347124e+19, 'Dg_D1_scale': 1.8016016654607732, 'Dg_D3_scale': 3.388311222447648, 'Dv_D1_scale': 0.9283322970395486, 'Dv_D2_scale': 3.1309520629491696, 'b_bulk_scale': 0.04277999494860784, 'b_dislocation_scale': 0.2920144700790117, 'gb_scale': 5.861538108912309, 'gd_bubble_scale': 6.607265754033156, 'gd_line_scale': 0.3120031316992839, 'gd_line_alpha': 0.9996269070054778, 'coalescence_d_scale': 0.42383309706695677, 'capture_scale': 0.056009815896920806}. Best is trial 342 with value: 2.4428822172672136.
[I 2026-05-03 11:45:25,427] Trial 344 finished with value: 2.613421553311555 and parameters: {'f_n': 2.8276070376745082e-09, 'K_d': 114373.77993686686, 'rho_d': 34835984064366.92, 'fission_rate': 7.59697725317771e+19, 'Dg_D1_scale': 1.8339900924208894, 'Dg_D3_scale': 2.967630999652225, 'Dv_D1_scale': 0.7791755279398288, 'Dv_D2_scale': 3.500951666795276, 'b_bulk_scale': 0.041234781969575376, 'b_dislocation_scale': 0.33942980494398267, 'gb_scale': 5.695994772370827, 'gd_bubble_scale': 6.383394300335895, 'gd_line_scale': 0.3497100081092909, 'gd_line_alpha': 0.9994750304644202, 'coalescence_d_scale': 0.47414882304758166, 'capture_scale': 0.0501050489964516}. Best is trial 342 with value: 2.4428822172672136.
[I 2026-05-03 11:45:30,854] Trial 345 finished with value: 2.6505827120750283 and parameters: {'f_n': 3.1190150263080066e-09, 'K_d': 113400.13449192022, 'rho_d': 34547318116336.145, 'fission_rate': 7.588742869576234e+19, 'Dg_D1_scale': 1.7434524044605568, 'Dg_D3_scale': 3.0951742524301347, 'Dv_D1_scale': 0.7980240387354725, 'Dv_D2_scale': 3.13651677686464, 'b_bulk_scale': 0.048226010084585956, 'b_dislocation_scale': 0.33719236916772505, 'gb_scale': 5.7736472268878725, 'gd_bubble_scale': 6.347809227931088, 'gd_line_scale': 0.34906886701739226, 'gd_line_alpha': 0.9769472800616369, 'coalescence_d_scale': 0.4955354903195504, 'capture_scale': 0.04869406401247735}. Best is trial 342 with value: 2.4428822172672136.
[I 2026-05-03 11:45:34,563] Trial 346 finished with value: 2.467910963712349 and parameters: {'f_n': 2.1894272521920012e-09, 'K_d': 111477.07077467414, 'rho_d': 37320426577342.48, 'fission_rate': 7.574169628142777e+19, 'Dg_D1_scale': 1.8921876629850667, 'Dg_D3_scale': 2.820660734748196, 'Dv_D1_scale': 0.9434072416603746, 'Dv_D2_scale': 3.6667315623538626, 'b_bulk_scale': 0.040174562883594195, 'b_dislocation_scale': 0.30221078641121124, 'gb_scale': 6.442265145508121, 'gd_bubble_scale': 6.947755242996874, 'gd_line_scale': 0.322209247981618, 'gd_line_alpha': 0.9807334546904405, 'coalescence_d_scale': 0.4071143089322475, 'capture_scale': 0.040352177737947546}. Best is trial 342 with value: 2.4428822172672136.
[I 2026-05-03 11:45:39,845] Trial 347 finished with value: 2.6613646534641417 and parameters: {'f_n': 2.165160155646597e-09, 'K_d': 107616.6409520494, 'rho_d': 35518435741921.586, 'fission_rate': 7.566053490121916e+19, 'Dg_D1_scale': 1.9035082550089835, 'Dg_D3_scale': 3.5116946006339775, 'Dv_D1_scale': 0.9433945382527129, 'Dv_D2_scale': 3.7521641812486024, 'b_bulk_scale': 0.04120458646046165, 'b_dislocation_scale': 0.36447866379723715, 'gb_scale': 6.8070113444342, 'gd_bubble_scale': 7.0409716024836655, 'gd_line_scale': 0.33181501665504337, 'gd_line_alpha': 0.9849449106929151, 'coalescence_d_scale': 0.568538860453443, 'capture_scale': 0.03959028477890689}. Best is trial 342 with value: 2.4428822172672136.
[I 2026-05-03 11:45:45,165] Trial 348 finished with value: 2.685499555846553 and parameters: {'f_n': 2.7869346537936648e-09, 'K_d': 110018.78661222149, 'rho_d': 31657434538262.594, 'fission_rate': 7.667206496221848e+19, 'Dg_D1_scale': 1.8303329031486497, 'Dg_D3_scale': 2.8465692405773604, 'Dv_D1_scale': 0.6871974776169996, 'Dv_D2_scale': 3.5495212991916008, 'b_bulk_scale': 0.043013260896928536, 'b_dislocation_scale': 0.284321286624966, 'gb_scale': 6.268687503708299, 'gd_bubble_scale': 6.042629877162227, 'gd_line_scale': 0.3084142981056351, 'gd_line_alpha': 0.9983048243857212, 'coalescence_d_scale': 0.42524435309816794, 'capture_scale': 0.032558471024067455}. Best is trial 342 with value: 2.4428822172672136.Best trial: 342. Best value: 2.44288:  87%|████████▋ | 348/400 [36:50<04:24,  5.08s/it]Best trial: 342. Best value: 2.44288:  87%|████████▋ | 348/400 [36:50<04:24,  5.08s/it]Best trial: 342. Best value: 2.44288:  87%|████████▋ | 349/400 [36:50<04:22,  5.15s/it]                                                                                       Best trial: 342. Best value: 2.44288:  87%|████████▋ | 349/400 [36:56<04:22,  5.15s/it]Best trial: 342. Best value: 2.44288:  87%|████████▋ | 349/400 [36:56<04:22,  5.15s/it]Best trial: 342. Best value: 2.44288:  88%|████████▊ | 350/400 [36:56<04:17,  5.15s/it]                                                                                       Best trial: 342. Best value: 2.44288:  88%|████████▊ | 350/400 [37:01<04:17,  5.15s/it]Best trial: 342. Best value: 2.44288:  88%|████████▊ | 350/400 [37:01<04:17,  5.15s/it]Best trial: 342. Best value: 2.44288:  88%|████████▊ | 351/400 [37:01<04:12,  5.15s/it]                                                                                       Best trial: 342. Best value: 2.44288:  88%|████████▊ | 351/400 [37:06<04:12,  5.15s/it]Best trial: 342. Best value: 2.44288:  88%|████████▊ | 351/400 [37:07<04:12,  5.15s/it]Best trial: 342. Best value: 2.44288:  88%|████████▊ | 352/400 [37:07<04:15,  5.33s/it]                                                                                       Best trial: 342. Best value: 2.44288:  88%|████████▊ | 352/400 [37:10<04:15,  5.33s/it]Best trial: 342. Best value: 2.44288:  88%|████████▊ | 352/400 [37:10<04:15,  5.33s/it]Best trial: 342. Best value: 2.44288:  88%|████████▊ | 353/400 [37:10<03:46,  4.81s/it]                                                                                       Best trial: 342. Best value: 2.44288:  88%|████████▊ | 353/400 [37:15<03:46,  4.81s/it]Best trial: 342. Best value: 2.44288:  88%|████████▊ | 353/400 [37:15<03:46,  4.81s/it]Best trial: 342. Best value: 2.44288:  88%|████████▊ | 354/400 [37:15<03:48,  4.96s/it]                                                                                       Best trial: 342. Best value: 2.44288:  88%|████████▊ | 354/400 [37:21<03:48,  4.96s/it]Best trial: 342. Best value: 2.44288:  88%|████████▊ | 354/400 [37:21<03:48,  4.96s/it]Best trial: 342. Best value: 2.44288:  89%|████████▉ | 355/400 [37:21<03:58,  5.29s/it]                                                                                       Best trial: 342. Best value: 2.44288:  89%|████████▉ | 355/400 [37:27<03:58,  5.29s/it]Best trial: 342. Best value: 2.44288:  89%|████████▉ | 355/400 [37:27<03:58,  5.29s/it]Best trial: 342. Best value: 2.44288:  89%|████████▉ | 356/400 [37:27<03:54,  5.33s/it]                                                                                       Best trial: 342. Best value: 2.44288:  89%|████████▉ | 356/400 [37:32<03:54,  5.33s/it]Best trial: 342. Best value: 2.44288:  89%|████████▉ | 356/400 [37:32<03:54,  5.33s/it]Best trial: 342. Best value: 2.44288:  89%|████████▉ | 357/400 [37:32<03:48,  5.31s/it]                                                                                       Best trial: 342. Best value: 2.44288:  89%|████████▉ | 357/400 [37:37<03:48,  5.31s/it]Best trial: 342. Best value: 2.44288:  89%|████████▉ | 357/400 [37:37<03:48,  5.31s/it]Best trial: 342. Best value: 2.44288:  90%|████████▉ | 358/400 [37:37<03:35,  5.13s/it]                                                                                       Best trial: 342. Best value: 2.44288:  90%|████████▉ | 358/400 [37:40<03:35,  5.13s/it]Best trial: 342. Best value: 2.44288:  90%|████████▉ | 358/400 [37:40<03:35,  5.13s/it]Best trial: 342. Best value: 2.44288:  90%|████████▉ | 359/400 [37:40<03:10,  4.65s/it]                                                                                       Best trial: 342. Best value: 2.44288:  90%|████████▉ | 359/400 [37:45<03:10,  4.65s/it]Best trial: 342. Best value: 2.44288:  90%|████████▉ | 359/400 [37:45<03:10,  4.65s/it]Best trial: 342. Best value: 2.44288:  90%|█████████ | 360/400 [37:45<03:02,  4.57s/it]                                                                                       
[I 2026-05-03 11:45:50,307] Trial 349 finished with value: 2.5634740541689367 and parameters: {'f_n': 2.063966898767103e-09, 'K_d': 114238.6421160894, 'rho_d': 33619912382554.883, 'fission_rate': 7.925701143735458e+19, 'Dg_D1_scale': 1.8161415649121753, 'Dg_D3_scale': 2.8176337024326004, 'Dv_D1_scale': 1.0094964905431798, 'Dv_D2_scale': 3.6565088513816164, 'b_bulk_scale': 0.03352332915401489, 'b_dislocation_scale': 0.3043927518186493, 'gb_scale': 7.150606167154463, 'gd_bubble_scale': 6.782592466826584, 'gd_line_scale': 0.36952711329560756, 'gd_line_alpha': 0.9793137254238995, 'coalescence_d_scale': 0.48680055197168537, 'capture_scale': 0.05573740786027262}. Best is trial 342 with value: 2.4428822172672136.
[I 2026-05-03 11:45:55,471] Trial 350 finished with value: 2.643028602412757 and parameters: {'f_n': 4.026240097064412e-09, 'K_d': 113491.436727613, 'rho_d': 34096057285323.95, 'fission_rate': 7.624912507791468e+19, 'Dg_D1_scale': 1.8884996093758655, 'Dg_D3_scale': 2.726906154099985, 'Dv_D1_scale': 0.9962219702417267, 'Dv_D2_scale': 3.5207505554607477, 'b_bulk_scale': 0.03880879173365831, 'b_dislocation_scale': 0.2983268080640489, 'gb_scale': 7.266600800922181, 'gd_bubble_scale': 6.804975026088417, 'gd_line_scale': 0.3993688431338476, 'gd_line_alpha': 0.9695872227502839, 'coalescence_d_scale': 0.4780375386423744, 'capture_scale': 0.05164796877754791}. Best is trial 342 with value: 2.4428822172672136.
[I 2026-05-03 11:46:01,220] Trial 351 finished with value: 2.491489061087207 and parameters: {'f_n': 2.010004231416876e-09, 'K_d': 106991.06191508542, 'rho_d': 30441075454306.008, 'fission_rate': 7.88588123707897e+19, 'Dg_D1_scale': 1.7649999765154116, 'Dg_D3_scale': 3.2379755246884736, 'Dv_D1_scale': 1.0340023893067465, 'Dv_D2_scale': 3.5420117367214123, 'b_bulk_scale': 0.047851558076779495, 'b_dislocation_scale': 0.3380661235944798, 'gb_scale': 5.6549987862888536, 'gd_bubble_scale': 7.690718136087048, 'gd_line_scale': 0.4367947096165149, 'gd_line_alpha': 0.9988142009826096, 'coalescence_d_scale': 0.43815357750809814, 'capture_scale': 0.04478099675643101}. Best is trial 342 with value: 2.4428822172672136.
[I 2026-05-03 11:46:04,812] Trial 352 finished with value: 2.5157167121754487 and parameters: {'f_n': 9.260006477275597e-10, 'K_d': 109536.12235140102, 'rho_d': 34291948480499.633, 'fission_rate': 7.89690719582457e+19, 'Dg_D1_scale': 1.7888632716738748, 'Dg_D3_scale': 3.356294141601784, 'Dv_D1_scale': 1.1193145254488082, 'Dv_D2_scale': 3.6691949377178354, 'b_bulk_scale': 0.03470286508696934, 'b_dislocation_scale': 0.4091899460486101, 'gb_scale': 5.684820733913111, 'gd_bubble_scale': 7.765819921464519, 'gd_line_scale': 0.3498555787082166, 'gd_line_alpha': 0.9949404891736373, 'coalescence_d_scale': 0.5323185666838198, 'capture_scale': 0.04215351945168705}. Best is trial 342 with value: 2.4428822172672136.
[I 2026-05-03 11:46:10,116] Trial 353 finished with value: 2.6764831941581226 and parameters: {'f_n': 1.8179254809080514e-09, 'K_d': 106173.08701123942, 'rho_d': 32197571579014.727, 'fission_rate': 7.887058330414727e+19, 'Dg_D1_scale': 1.736491628597446, 'Dg_D3_scale': 3.3436780672636712, 'Dv_D1_scale': 1.0175017603864795, 'Dv_D2_scale': 3.8857416118532973, 'b_bulk_scale': 0.033882636642496015, 'b_dislocation_scale': 0.4297218257029699, 'gb_scale': 5.650096466925997, 'gd_bubble_scale': 7.755158528033616, 'gd_line_scale': 0.3719865385061838, 'gd_line_alpha': 0.9971532008501669, 'coalescence_d_scale': 0.4636141759280293, 'capture_scale': 0.04362953551311182}. Best is trial 342 with value: 2.4428822172672136.
[I 2026-05-03 11:46:16,187] Trial 354 finished with value: 2.8883358457506736 and parameters: {'f_n': 7.937390943128389e-10, 'K_d': 105695.80830728865, 'rho_d': 31907956764918.863, 'fission_rate': 7.779732666762104e+19, 'Dg_D1_scale': 1.4973617359165836, 'Dg_D3_scale': 3.0797145818666114, 'Dv_D1_scale': 1.118858769546172, 'Dv_D2_scale': 3.8834071943250263, 'b_bulk_scale': 0.04995592325357928, 'b_dislocation_scale': 0.34853049238726946, 'gb_scale': 6.022785498411537, 'gd_bubble_scale': 8.628437353835835, 'gd_line_scale': 0.47773428831232695, 'gd_line_alpha': 0.9987983686482266, 'coalescence_d_scale': 0.5308647101354131, 'capture_scale': 0.05636801295839192}. Best is trial 342 with value: 2.4428822172672136.
[I 2026-05-03 11:46:21,601] Trial 355 finished with value: 2.4793993144394744 and parameters: {'f_n': 3.359162212616592e-09, 'K_d': 111287.91850188203, 'rho_d': 29347863215804.926, 'fission_rate': 7.984586858352145e+19, 'Dg_D1_scale': 1.6145782292255033, 'Dg_D3_scale': 2.5067171915802335, 'Dv_D1_scale': 0.9102816914835633, 'Dv_D2_scale': 3.740753226681371, 'b_bulk_scale': 0.0440340958407775, 'b_dislocation_scale': 0.3347784087235633, 'gb_scale': 5.463393010455716, 'gd_bubble_scale': 9.300102338112422, 'gd_line_scale': 0.4195318663091183, 'gd_line_alpha': 0.9719151014815343, 'coalescence_d_scale': 0.42452091660200403, 'capture_scale': 0.03688751299422848}. Best is trial 342 with value: 2.4428822172672136.
[I 2026-05-03 11:46:26,879] Trial 356 finished with value: 2.572230058250756 and parameters: {'f_n': 2.3438940697299673e-09, 'K_d': 106258.58254751484, 'rho_d': 27240946436786.54, 'fission_rate': 7.89883161674904e+19, 'Dg_D1_scale': 1.6099393266880317, 'Dg_D3_scale': 2.4955036129377337, 'Dv_D1_scale': 0.9076011993340838, 'Dv_D2_scale': 3.9860116613351164, 'b_bulk_scale': 0.0441588364886533, 'b_dislocation_scale': 0.33830947022637414, 'gb_scale': 7.092067201101546, 'gd_bubble_scale': 9.374609447535484, 'gd_line_scale': 0.44388181635997326, 'gd_line_alpha': 0.9715278552281491, 'coalescence_d_scale': 0.42396540017772755, 'capture_scale': 0.03773007146524405}. Best is trial 342 with value: 2.4428822172672136.
[I 2026-05-03 11:46:31,570] Trial 357 finished with value: 2.7972378846002925 and parameters: {'f_n': 3.294043415524369e-09, 'K_d': 105693.28036573404, 'rho_d': 30612510833832.727, 'fission_rate': 7.99574206633546e+19, 'Dg_D1_scale': 1.6150231749874493, 'Dg_D3_scale': 2.5752918191484664, 'Dv_D1_scale': 1.2361136914942579, 'Dv_D2_scale': 3.755884957284184, 'b_bulk_scale': 0.04399147540784393, 'b_dislocation_scale': 0.4106621886587652, 'gb_scale': 6.9693661811228935, 'gd_bubble_scale': 9.216120201274986, 'gd_line_scale': 0.45335448083604224, 'gd_line_alpha': 0.9769791530758621, 'coalescence_d_scale': 0.5651022041615965, 'capture_scale': 0.036743084395487687}. Best is trial 342 with value: 2.4428822172672136.
[I 2026-05-03 11:46:35,115] Trial 358 finished with value: 2.4698366308848048 and parameters: {'f_n': 1.166875478404726e-09, 'K_d': 111399.92295998702, 'rho_d': 29398399268539.9, 'fission_rate': 7.927908569985358e+19, 'Dg_D1_scale': 1.372007793343667, 'Dg_D3_scale': 2.4394039086749624, 'Dv_D1_scale': 0.9117463042341096, 'Dv_D2_scale': 3.8914175331823286, 'b_bulk_scale': 0.03534041214139511, 'b_dislocation_scale': 0.3228870261338893, 'gb_scale': 6.294402622507768, 'gd_bubble_scale': 7.55743451999364, 'gd_line_scale': 0.4415150753595522, 'gd_line_alpha': 0.999135802381735, 'coalescence_d_scale': 0.43306209772754484, 'capture_scale': 0.047181853147557004}. Best is trial 342 with value: 2.4428822172672136.
[I 2026-05-03 11:46:39,478] Trial 359 finished with value: 3.0059873735551257 and parameters: {'f_n': 9.47566695386106e-10, 'K_d': 105326.18724338418, 'rho_d': 26780339562198.375, 'fission_rate': 7.944466857308745e+19, 'Dg_D1_scale': 1.7048354492892661, 'Dg_D3_scale': 2.4749848172589672, 'Dv_D1_scale': 0.932836713767853, 'Dv_D2_scale': 3.902350252419899, 'b_bulk_scale': 0.03612251241908322, 'b_dislocation_scale': 0.501218826531566, 'gb_scale': 7.095137337952379, 'gd_bubble_scale': 7.367385775123142, 'gd_line_scale': 0.43356347972899795, 'gd_line_alpha': 0.9701178137306772, 'coalescence_d_scale': 0.611659456596812, 'capture_scale': 0.046265091339331085}. Best is trial 342 with value: 2.4428822172672136.
