[I 2026-05-03 11:10:44,796] Trial 17 finished with value: 5.176595900419918 and parameters: {'f_n': 6.4315993730519e-08, 'K_d': 1457641.9306433727, 'rho_d': 14905436683575.777, 'fission_rate': 4.046922016147575e+19, 'Dg_D1_scale': 2.112675441665106, 'Dg_D3_scale': 2.3748973135321663, 'Dv_D1_scale': 0.20430752361277382, 'Dv_D2_scale': 2.0356162272561686, 'b_bulk_scale': 0.5384520055264296, 'b_dislocation_scale': 0.7475703692254603, 'gb_scale': 3.115805911002335, 'gd_bubble_scale': 0.1264460817143375, 'gd_line_scale': 0.21885376196441594, 'gd_line_alpha': 0.16475755254160007, 'coalescence_d_scale': 0.11390087214490183, 'capture_scale': 0.20004896550466092}. Best is trial 16 with value: 3.885751470258675.
[I 2026-05-03 11:10:51,011] Trial 18 finished with value: 3.4691038404765857 and parameters: {'f_n': 4.780755857457556e-09, 'K_d': 239001.67373563373, 'rho_d': 7915881244987.361, 'fission_rate': 7.291831573529112e+19, 'Dg_D1_scale': 3.496290097750323, 'Dg_D3_scale': 2.660580710079577, 'Dv_D1_scale': 0.30484256271239585, 'Dv_D2_scale': 0.37750215470030885, 'b_bulk_scale': 0.23180089504753398, 'b_dislocation_scale': 0.1716779264619559, 'gb_scale': 6.433103008107859, 'gd_bubble_scale': 5.274487498173971, 'gd_line_scale': 0.10062178070037311, 'gd_line_alpha': 0.20403803884727426, 'coalescence_d_scale': 0.4027061076295246, 'capture_scale': 0.05193778377131318}. Best is trial 18 with value: 3.4691038404765857.
[I 2026-05-03 11:10:58,207] Trial 19 finished with value: 3.1652918396233614 and parameters: {'f_n': 4.852744989644566e-10, 'K_d': 198915.8410315806, 'rho_d': 8027555284277.638, 'fission_rate': 6.172862361146586e+19, 'Dg_D1_scale': 3.5106871434425835, 'Dg_D3_scale': 2.9316140648960793, 'Dv_D1_scale': 0.2919870475496825, 'Dv_D2_scale': 0.3844104107379507, 'b_bulk_scale': 0.5527047289214626, 'b_dislocation_scale': 0.14878108161059522, 'gb_scale': 6.823149699703697, 'gd_bubble_scale': 4.806750005199509, 'gd_line_scale': 0.10595418260412448, 'gd_line_alpha': 0.011979779908060456, 'coalescence_d_scale': 0.34265863407342423, 'capture_scale': 0.010626246318718441}. Best is trial 19 with value: 3.1652918396233614.
[I 2026-05-03 11:11:04,603] Trial 20 finished with value: 3.856359750163819 and parameters: {'f_n': 2.500709481998108e-10, 'K_d': 163135.41682262905, 'rho_d': 7139357106257.67, 'fission_rate': 7.201588710578266e+19, 'Dg_D1_scale': 3.5683361374683207, 'Dg_D3_scale': 3.109061092700419, 'Dv_D1_scale': 0.3211040106541736, 'Dv_D2_scale': 0.36722762507826395, 'b_bulk_scale': 0.581653717240199, 'b_dislocation_scale': 0.1563211841147423, 'gb_scale': 7.026249802482676, 'gd_bubble_scale': 1.3056477187957916, 'gd_line_scale': 0.09549840600412303, 'gd_line_alpha': 0.009888582531355133, 'coalescence_d_scale': 0.10901128310547929, 'capture_scale': 0.010750383003408878}. Best is trial 19 with value: 3.1652918396233614.
[I 2026-05-03 11:11:09,072] Trial 21 finished with value: 3.78020138288392 and parameters: {'f_n': 2.107198678686982e-10, 'K_d': 160761.93945883668, 'rho_d': 6868861360594.128, 'fission_rate': 7.212932758112003e+19, 'Dg_D1_scale': 3.9997916364518664, 'Dg_D3_scale': 3.0969106072147286, 'Dv_D1_scale': 0.3229532031619247, 'Dv_D2_scale': 0.40817265026290933, 'b_bulk_scale': 0.6101840693988207, 'b_dislocation_scale': 0.13612142511262088, 'gb_scale': 7.64002336565138, 'gd_bubble_scale': 1.2875377552046652, 'gd_line_scale': 0.0977085161378511, 'gd_line_alpha': 0.0005199020009958866, 'coalescence_d_scale': 0.12632828088814668, 'capture_scale': 0.01028948014037183}. Best is trial 19 with value: 3.1652918396233614.
[I 2026-05-03 11:11:15,469] Trial 22 finished with value: 4.099334627074822 and parameters: {'f_n': 5.96913890023574e-10, 'K_d': 222396.11320795276, 'rho_d': 6799769060871.593, 'fission_rate': 7.0799914685215556e+19, 'Dg_D1_scale': 2.9838845229271422, 'Dg_D3_scale': 3.013141022379508, 'Dv_D1_scale': 0.29838810458079185, 'Dv_D2_scale': 0.5388073883596002, 'b_bulk_scale': 1.732481373067484, 'b_dislocation_scale': 0.14232272066458979, 'gb_scale': 5.549430613268125, 'gd_bubble_scale': 0.4809226194283972, 'gd_line_scale': 0.1016347111519021, 'gd_line_alpha': 0.1017783457632224, 'coalescence_d_scale': 0.19466103508008895, 'capture_scale': 0.010588775114211316}. Best is trial 19 with value: 3.1652918396233614.
[I 2026-05-03 11:11:22,909] Trial 23 finished with value: 3.3605132407391625 and parameters: {'f_n': 2.4005899394237963e-09, 'K_d': 126144.97282322579, 'rho_d': 8293768836870.245, 'fission_rate': 6.124016931420053e+19, 'Dg_D1_scale': 3.9540574288845542, 'Dg_D3_scale': 3.9470824732457896, 'Dv_D1_scale': 0.474949987308077, 'Dv_D2_scale': 0.34122573168795195, 'b_bulk_scale': 0.5547976287816968, 'b_dislocation_scale': 0.0850298566150657, 'gb_scale': 4.874849468862505, 'gd_bubble_scale': 4.284835181308703, 'gd_line_scale': 0.1318418919664217, 'gd_line_alpha': 0.10286628870691063, 'coalescence_d_scale': 0.32647100404746804, 'capture_scale': 0.04787694158131966}. Best is trial 19 with value: 3.1652918396233614.
[I 2026-05-03 11:11:30,343] Trial 24 finished with value: 3.762790701836128 and parameters: {'f_n': 3.1646258865451484e-09, 'K_d': 104817.60247694729, 'rho_d': 5039357876773.612, 'fission_rate': 6.207280934600551e+19, 'Dg_D1_scale': 2.7867916321942725, 'Dg_D3_scale': 3.9203081862338123, 'Dv_D1_scale': 0.5066751071787504, 'Dv_D2_scale': 0.32194260121107815, 'b_bulk_scale': 0.24176152754073119, 'b_dislocation_scale': 0.0705158567714734, 'gb_scale': 4.720387143429365, 'gd_bubble_scale': 4.67613847112314, 'gd_line_scale': 0.16281438919245506, 'gd_line_alpha': 0.10882933957076896, 'coalescence_d_scale': 0.3537991256673215, 'capture_scale': 0.07341213527373962}. Best is trial 19 with value: 3.1652918396233614.Best trial: 19. Best value: 3.16529:   6%|▌         | 24/400 [02:36<40:07,  6.40s/it]Best trial: 19. Best value: 3.16529:   6%|▌         | 24/400 [02:36<40:07,  6.40s/it]Best trial: 19. Best value: 3.16529:   6%|▋         | 25/400 [02:36<41:56,  6.71s/it]                                                                                     Best trial: 19. Best value: 3.16529:   6%|▋         | 25/400 [02:44<41:56,  6.71s/it]Best trial: 19. Best value: 3.16529:   6%|▋         | 25/400 [02:44<41:56,  6.71s/it]Best trial: 19. Best value: 3.16529:   6%|▋         | 26/400 [02:44<44:24,  7.12s/it]                                                                                     Best trial: 19. Best value: 3.16529:   6%|▋         | 26/400 [02:49<44:24,  7.12s/it]Best trial: 19. Best value: 3.16529:   6%|▋         | 26/400 [02:49<44:24,  7.12s/it]Best trial: 19. Best value: 3.16529:   7%|▋         | 27/400 [02:49<40:55,  6.58s/it]                                                                                     Best trial: 19. Best value: 3.16529:   7%|▋         | 27/400 [02:56<40:55,  6.58s/it]Best trial: 27. Best value: 2.90351:   7%|▋         | 27/400 [02:56<40:55,  6.58s/it]Best trial: 27. Best value: 2.90351:   7%|▋         | 28/400 [02:56<41:59,  6.77s/it]                                                                                     Best trial: 27. Best value: 2.90351:   7%|▋         | 28/400 [03:03<41:59,  6.77s/it]Best trial: 27. Best value: 2.90351:   7%|▋         | 28/400 [03:03<41:59,  6.77s/it]Best trial: 27. Best value: 2.90351:   7%|▋         | 29/400 [03:03<42:12,  6.83s/it]                                                                                     Best trial: 27. Best value: 2.90351:   7%|▋         | 29/400 [03:11<42:12,  6.83s/it]Best trial: 27. Best value: 2.90351:   7%|▋         | 29/400 [03:11<42:12,  6.83s/it]Best trial: 27. Best value: 2.90351:   8%|▊         | 30/400 [03:11<44:41,  7.25s/it]                                                                                     Best trial: 27. Best value: 2.90351:   8%|▊         | 30/400 [03:17<44:41,  7.25s/it]Best trial: 27. Best value: 2.90351:   8%|▊         | 30/400 [03:17<44:41,  7.25s/it]Best trial: 27. Best value: 2.90351:   8%|▊         | 31/400 [03:17<40:56,  6.66s/it]                                                                                     Best trial: 27. Best value: 2.90351:   8%|▊         | 31/400 [03:24<40:56,  6.66s/it]Best trial: 27. Best value: 2.90351:   8%|▊         | 31/400 [03:24<40:56,  6.66s/it]Best trial: 27. Best value: 2.90351:   8%|▊         | 32/400 [03:24<42:42,  6.96s/it]                                                                                     Best trial: 27. Best value: 2.90351:   8%|▊         | 32/400 [03:33<42:42,  6.96s/it]Best trial: 27. Best value: 2.90351:   8%|▊         | 32/400 [03:33<42:42,  6.96s/it]Best trial: 27. Best value: 2.90351:   8%|▊         | 33/400 [03:33<45:13,  7.39s/it]                                                                                     Best trial: 27. Best value: 2.90351:   8%|▊         | 33/400 [03:41<45:13,  7.39s/it]Best trial: 27. Best value: 2.90351:   8%|▊         | 33/400 [03:41<45:13,  7.39s/it]Best trial: 27. Best value: 2.90351:   8%|▊         | 34/400 [03:41<47:10,  7.73s/it]                                                                                     Best trial: 27. Best value: 2.90351:   8%|▊         | 34/400 [03:47<47:10,  7.73s/it]Best trial: 27. Best value: 2.90351:   8%|▊         | 34/400 [03:47<47:10,  7.73s/it]Best trial: 27. Best value: 2.90351:   9%|▉         | 35/400 [03:47<43:29,  7.15s/it]                                                                                     Best trial: 27. Best value: 2.90351:   9%|▉         | 35/400 [03:56<43:29,  7.15s/it]Best trial: 27. Best value: 2.90351:   9%|▉         | 35/400 [03:56<43:29,  7.15s/it]Best trial: 27. Best value: 2.90351:   9%|▉         | 36/400 [03:56<46:17,  7.63s/it]                                                                                     
[I 2026-05-03 11:11:38,426] Trial 25 finished with value: 3.7492417361297243 and parameters: {'f_n': 1.0859840194171416e-09, 'K_d': 131587.35284054422, 'rho_d': 8659766186695.31, 'fission_rate': 5.592426900223587e+19, 'Dg_D1_scale': 1.7149760420327345, 'Dg_D3_scale': 1.0771763231645286, 'Dv_D1_scale': 0.4927636750308773, 'Dv_D2_scale': 0.6617302913768274, 'b_bulk_scale': 1.6354815178317577, 'b_dislocation_scale': 0.2286044499550996, 'gb_scale': 2.100765959440374, 'gd_bubble_scale': 4.322064207378683, 'gd_line_scale': 0.3228173693263497, 'gd_line_alpha': 0.2558869345313828, 'coalescence_d_scale': 0.5109698926817452, 'capture_scale': 0.052435036372624456}. Best is trial 19 with value: 3.1652918396233614.
[I 2026-05-03 11:11:43,746] Trial 26 finished with value: 3.236870429075936 and parameters: {'f_n': 2.5983490174261556e-09, 'K_d': 301388.4674192381, 'rho_d': 12876826671272.842, 'fission_rate': 6.39913843905751e+19, 'Dg_D1_scale': 2.729473394569176, 'Dg_D3_scale': 0.7860396896866899, 'Dv_D1_scale': 0.2780367591697352, 'Dv_D2_scale': 0.332645378516491, 'b_bulk_scale': 0.4394008137569999, 'b_dislocation_scale': 0.08574846720256882, 'gb_scale': 4.575595078286295, 'gd_bubble_scale': 5.625594860408126, 'gd_line_scale': 0.07154517229032392, 'gd_line_alpha': 0.08442714927157068, 'coalescence_d_scale': 0.16758872486264242, 'capture_scale': 0.045834533121433166}. Best is trial 19 with value: 3.1652918396233614.
[I 2026-05-03 11:11:50,963] Trial 27 finished with value: 2.903514334413736 and parameters: {'f_n': 2.1402188902007577e-09, 'K_d': 311008.1145416376, 'rho_d': 12443045156169.076, 'fission_rate': 6.309429025396545e+19, 'Dg_D1_scale': 2.5354743420528894, 'Dg_D3_scale': 0.6055903368311438, 'Dv_D1_scale': 0.2512584658745324, 'Dv_D2_scale': 0.29893786481737145, 'b_bulk_scale': 0.44710359089932233, 'b_dislocation_scale': 0.0846664412194674, 'gb_scale': 4.778948329473533, 'gd_bubble_scale': 3.2998742354990496, 'gd_line_scale': 0.0689903830935141, 'gd_line_alpha': 0.08471424592835672, 'coalescence_d_scale': 0.19467969320394005, 'capture_scale': 0.0948059846165403}. Best is trial 27 with value: 2.903514334413736.
[I 2026-05-03 11:11:57,915] Trial 28 finished with value: 3.8374825257290084 and parameters: {'f_n': 4.6119204145664684e-10, 'K_d': 324097.1431512632, 'rho_d': 13598958843015.756, 'fission_rate': 6.43276361742569e+19, 'Dg_D1_scale': 2.7045461126075696, 'Dg_D3_scale': 0.626751624812446, 'Dv_D1_scale': 0.25739552681505495, 'Dv_D2_scale': 0.20022144618243412, 'b_bulk_scale': 0.4073392885758363, 'b_dislocation_scale': 0.04366084928861256, 'gb_scale': 2.4159893017887066, 'gd_bubble_scale': 2.9533914606268272, 'gd_line_scale': 0.07357889934734184, 'gd_line_alpha': 0.10449767875978307, 'coalescence_d_scale': 0.17299980401672177, 'capture_scale': 0.09964590528408598}. Best is trial 27 with value: 2.903514334413736.
[I 2026-05-03 11:12:06,142] Trial 29 finished with value: 4.816774542164137 and parameters: {'f_n': 5.733304726598093e-09, 'K_d': 280467.60205956, 'rho_d': 23140281167795.562, 'fission_rate': 5.465547254358886e+19, 'Dg_D1_scale': 2.4370920850240894, 'Dg_D3_scale': 0.4883593737019125, 'Dv_D1_scale': 0.3999634274460315, 'Dv_D2_scale': 0.29928187203540574, 'b_bulk_scale': 1.2739270024637206, 'b_dislocation_scale': 0.0865313017134778, 'gb_scale': 2.040510810098636, 'gd_bubble_scale': 6.6740390217006205, 'gd_line_scale': 1.2494086377814517, 'gd_line_alpha': 0.05233135732350336, 'coalescence_d_scale': 0.18015091616745946, 'capture_scale': 0.030826829869317136}. Best is trial 27 with value: 2.903514334413736.
[I 2026-05-03 11:12:11,426] Trial 30 finished with value: 4.416356673793215 and parameters: {'f_n': 1.3746395897226579e-09, 'K_d': 184329.50910039726, 'rho_d': 10331010322970.951, 'fission_rate': 6.359264346841478e+19, 'Dg_D1_scale': 1.1456194090431486, 'Dg_D3_scale': 0.28425233487300505, 'Dv_D1_scale': 0.2544547021044174, 'Dv_D2_scale': 0.5026927974522114, 'b_bulk_scale': 2.869059261008473, 'b_dislocation_scale': 0.23796275047140725, 'gb_scale': 4.07681195106554, 'gd_bubble_scale': 0.5764631542440257, 'gd_line_scale': 0.07113220516026078, 'gd_line_alpha': 0.40298136511376137, 'coalescence_d_scale': 0.2534448211664508, 'capture_scale': 0.034624068540919185}. Best is trial 27 with value: 2.903514334413736.
[I 2026-05-03 11:12:19,103] Trial 31 finished with value: 4.705409334545073 and parameters: {'f_n': 2.111916311950607e-09, 'K_d': 147965.65497417504, 'rho_d': 11915357344183.674, 'fission_rate': 5.866096655875798e+19, 'Dg_D1_scale': 2.9827294434924734, 'Dg_D3_scale': 0.8752858737495157, 'Dv_D1_scale': 0.42347247720562853, 'Dv_D2_scale': 0.2990247185613714, 'b_bulk_scale': 0.7006275208029284, 'b_dislocation_scale': 0.08315113596025851, 'gb_scale': 4.84544643715332, 'gd_bubble_scale': 4.895550072158681, 'gd_line_scale': 4.785022448194726, 'gd_line_alpha': 0.1209964389442634, 'coalescence_d_scale': 0.29744008563646246, 'capture_scale': 0.01729443089938861}. Best is trial 27 with value: 2.903514334413736.
[I 2026-05-03 11:12:27,502] Trial 32 finished with value: 3.122754981196464 and parameters: {'f_n': 7.528022306517077e-09, 'K_d': 276879.23317055573, 'rho_d': 9514177838660.332, 'fission_rate': 5.330179584226876e+19, 'Dg_D1_scale': 1.6313384450352288, 'Dg_D3_scale': 0.37324201251290234, 'Dv_D1_scale': 0.6192375561482917, 'Dv_D2_scale': 0.30648431984722674, 'b_bulk_scale': 0.45894126885614533, 'b_dislocation_scale': 0.05182466268306224, 'gb_scale': 4.585431282964787, 'gd_bubble_scale': 3.621180775437747, 'gd_line_scale': 0.1597226506845753, 'gd_line_alpha': 0.2764279998403286, 'coalescence_d_scale': 0.1640400884140687, 'capture_scale': 0.0850384927895482}. Best is trial 27 with value: 2.903514334413736.
[I 2026-05-03 11:12:36,021] Trial 33 finished with value: 23.217788551510722 and parameters: {'f_n': 7.26815182930978e-09, 'K_d': 270131.8716246383, 'rho_d': 9964767075485.07, 'fission_rate': 5.263650320124677e+19, 'Dg_D1_scale': 1.724213537342669, 'Dg_D3_scale': 0.4047955507910617, 'Dv_D1_scale': 0.609407616056277, 'Dv_D2_scale': 0.26509636511408274, 'b_bulk_scale': 0.44054172411853004, 'b_dislocation_scale': 0.057144309341853175, 'gb_scale': 1.734944851695195, 'gd_bubble_scale': 3.6081682314516628, 'gd_line_scale': 0.1421941576149707, 'gd_line_alpha': 0.29009448116826575, 'coalescence_d_scale': 18.424591372724464, 'capture_scale': 0.09181673919125263}. Best is trial 27 with value: 2.903514334413736.
[I 2026-05-03 11:12:41,818] Trial 34 finished with value: 3.068687354612534 and parameters: {'f_n': 2.2296106831493556e-08, 'K_d': 337176.2660590114, 'rho_d': 14201303179480.047, 'fission_rate': 5.925179032494184e+19, 'Dg_D1_scale': 2.0659340779163125, 'Dg_D3_scale': 0.2614962910948485, 'Dv_D1_scale': 0.34072997811841227, 'Dv_D2_scale': 0.4732027246159911, 'b_bulk_scale': 0.8024515692411791, 'b_dislocation_scale': 0.03661935300116826, 'gb_scale': 3.7466485535462204, 'gd_bubble_scale': 2.154133563661432, 'gd_line_scale': 0.07467846749096871, 'gd_line_alpha': 0.16371548622473628, 'coalescence_d_scale': 0.14903081668043092, 'capture_scale': 0.11182959784337808}. Best is trial 27 with value: 2.903514334413736.
[I 2026-05-03 11:12:50,563] Trial 35 finished with value: 4.366850457028933 and parameters: {'f_n': 2.1559457465544635e-08, 'K_d': 363215.2061071818, 'rho_d': 22268746426220.508, 'fission_rate': 5.2182944638728086e+19, 'Dg_D1_scale': 1.9567154171960541, 'Dg_D3_scale': 0.24081445180320238, 'Dv_D1_scale': 0.3753886307017497, 'Dv_D2_scale': 0.4610442344442049, 'b_bulk_scale': 0.8331563313498714, 'b_dislocation_scale': 0.03463563844664384, 'gb_scale': 3.3627239019915067, 'gd_bubble_scale': 2.3189928217224693, 'gd_line_scale': 0.34268214912132106, 'gd_line_alpha': 0.5305293148549728, 'coalescence_d_scale': 0.14183081139754344, 'capture_scale': 0.10686598469927276}. Best is trial 27 with value: 2.903514334413736.
