[I 2026-05-03 11:08:54,159] A new study created in RDB with name: UN_M7_capture_only
########################################################################################################################
V8 rhoFT diagnostic wrapper settings
family                    = capture_only
rhoFT enabled/strength     = True / 1.0
rhoFT candidate scale      = True
rhoFT T clipped            = True
rhoFT fabrication floor    = 3e+13 m^-2
rhoT factors               = 940K 0.929, 1025K 1, 1300K 1.23, 1600K 1.23, 2000K 1.23
rho_RB base/effective 1.1% FIMA: 1025K 3.0000e+13 m^-2, 1600K(no cand scale) 3.6896e+13 m^-2
rho_RB base/effective 1.3% FIMA: 1025K 3.0000e+13 m^-2, 1600K(no cand scale) 3.6896e+13 m^-2
rho_RB base/effective 3.2% FIMA: 1025K 1.2800e+14 m^-2, 1600K(no cand scale) 1.5742e+14 m^-2
source                    = Ray & Blank: rho_d=C1(F-F0) at 1025 K + weak fixed-burnup T trend; no needles added
output dir                = UN_M7_optuna_v8_rhoFT_results/capture_only/rhoFT_scaled_clipT_s1_fab3.0e+13_dv0.2-2_pW0.7_pF2_part0.8_qgb0.7_prior0.2_R800_sat
########################################################################################################################
########################################################################################################################
OPTUNA CALIBRATION: capture_only
########################################################################################################################
Output dir        = UN_M7_optuna_v8_rhoFT_results/capture_only/rhoFT_scaled_clipT_s1_fab3.0e+13_dv0.2-2_pW0.7_pF2_part0.8_qgb0.7_prior0.2_R800_sat
Trials requested  = 400
FAST dt/modes     = 12 h / 22
FINAL dt/modes    = 1 h / 40
Pressure weight   = 0.7; free factor = 2
D2 Xe             = included, with D2_xe_scale
Coalescence       = active, scale never zero
Family switches   = phi_gas:False, nuc_mass:False, capture:True
########################################################################################################################
  0%|          | 0/400 [00:00<?, ?it/s]                                         0%|          | 0/400 [00:09<?, ?it/s]Best trial: 0. Best value: 13.878:   0%|          | 0/400 [00:09<?, ?it/s]Best trial: 0. Best value: 13.878:   0%|          | 1/400 [00:09<1:01:31,  9.25s/it]                                                                                    Best trial: 0. Best value: 13.878:   0%|          | 1/400 [00:11<1:01:31,  9.25s/it]Best trial: 1. Best value: 4.56293:   0%|          | 1/400 [00:11<1:01:31,  9.25s/it]Best trial: 1. Best value: 4.56293:   0%|          | 2/400 [00:11<33:07,  4.99s/it]                                                                                     Best trial: 1. Best value: 4.56293:   0%|          | 2/400 [00:15<33:07,  4.99s/it]Best trial: 1. Best value: 4.56293:   0%|          | 2/400 [00:15<33:07,  4.99s/it]Best trial: 1. Best value: 4.56293:   1%|          | 3/400 [00:15<30:38,  4.63s/it]                                                                                   Best trial: 1. Best value: 4.56293:   1%|          | 3/400 [00:24<30:38,  4.63s/it]Best trial: 1. Best value: 4.56293:   1%|          | 3/400 [00:24<30:38,  4.63s/it]Best trial: 1. Best value: 4.56293:   1%|          | 4/400 [00:24<42:33,  6.45s/it]                                                                                   Best trial: 1. Best value: 4.56293:   1%|          | 4/400 [00:30<42:33,  6.45s/it]Best trial: 1. Best value: 4.56293:   1%|          | 4/400 [00:31<42:33,  6.45s/it]Best trial: 1. Best value: 4.56293:   1%|▏         | 5/400 [00:31<42:09,  6.40s/it]                                                                                   Best trial: 1. Best value: 4.56293:   1%|▏         | 5/400 [00:37<42:09,  6.40s/it]Best trial: 1. Best value: 4.56293:   1%|▏         | 5/400 [00:37<42:09,  6.40s/it]Best trial: 1. Best value: 4.56293:   2%|▏         | 6/400 [00:37<42:49,  6.52s/it]                                                                                   Best trial: 1. Best value: 4.56293:   2%|▏         | 6/400 [00:41<42:49,  6.52s/it]Best trial: 1. Best value: 4.56293:   2%|▏         | 6/400 [00:41<42:49,  6.52s/it]Best trial: 1. Best value: 4.56293:   2%|▏         | 7/400 [00:41<37:28,  5.72s/it]                                                                                   Best trial: 1. Best value: 4.56293:   2%|▏         | 7/400 [00:48<37:28,  5.72s/it]Best trial: 1. Best value: 4.56293:   2%|▏         | 7/400 [00:48<37:28,  5.72s/it]Best trial: 1. Best value: 4.56293:   2%|▏         | 8/400 [00:48<38:50,  5.94s/it]                                                                                   Best trial: 1. Best value: 4.56293:   2%|▏         | 8/400 [00:54<38:50,  5.94s/it]Best trial: 1. Best value: 4.56293:   2%|▏         | 8/400 [00:54<38:50,  5.94s/it]Best trial: 1. Best value: 4.56293:   2%|▏         | 9/400 [00:54<39:49,  6.11s/it]                                                                                   Best trial: 1. Best value: 4.56293:   2%|▏         | 9/400 [01:01<39:49,  6.11s/it]Best trial: 1. Best value: 4.56293:   2%|▏         | 9/400 [01:01<39:49,  6.11s/it]Best trial: 1. Best value: 4.56293:   2%|▎         | 10/400 [01:01<41:06,  6.33s/it]                                                                                    Best trial: 1. Best value: 4.56293:   2%|▎         | 10/400 [01:05<41:06,  6.33s/it]Best trial: 1. Best value: 4.56293:   2%|▎         | 10/400 [01:05<41:06,  6.33s/it]Best trial: 1. Best value: 4.56293:   3%|▎         | 11/400 [01:05<36:56,  5.70s/it]                                                                                    Best trial: 1. Best value: 4.56293:   3%|▎         | 11/400 [01:14<36:56,  5.70s/it]Best trial: 1. Best value: 4.56293:   3%|▎         | 11/400 [01:14<36:56,  5.70s/it]Best trial: 1. Best value: 4.56293:   3%|▎         | 12/400 [01:14<42:10,  6.52s/it]                                                                                    [I 2026-05-03 11:09:03,487] Trial 0 finished with value: 13.877961701564066 and parameters: {'f_n': 4.7e-08, 'K_d': 575000.0, 'rho_d': 30400000000000.0, 'fission_rate': 4.76e+19, 'Dg_D1_scale': 0.5344876532568302, 'Dg_D3_scale': 0.20699059254785238, 'Dv_D1_scale': 0.42147212992178423, 'Dv_D2_scale': 1.07155542488168, 'b_bulk_scale': 0.14793763940171167, 'b_dislocation_scale': 0.26611456130470695, 'gb_scale': 1.588, 'gd_bubble_scale': 4.40296060705386, 'gd_line_scale': 7.808184585263028, 'gd_line_alpha': 0.8644121694741725, 'coalescence_d_scale': 8.15, 'capture_scale': 2.97}. Best is trial 0 with value: 13.877961701564066.
[I 2026-05-03 11:09:05,501] Trial 1 finished with value: 4.562929425348836 and parameters: {'f_n': 1e-08, 'K_d': 800000.0, 'rho_d': 10000000000000.0, 'fission_rate': 7.5e+19, 'Dg_D1_scale': 0.9299305822847931, 'Dg_D3_scale': 2.0605156784434118, 'Dv_D1_scale': 0.6929489887500077, 'Dv_D2_scale': 0.2451805963633531, 'b_bulk_scale': 0.24434105273201254, 'b_dislocation_scale': 2.214882306529103, 'gb_scale': 1.0, 'gd_bubble_scale': 9.418993225055466, 'gd_line_scale': 0.05140377616768248, 'gd_line_alpha': 0.33578979336471904, 'coalescence_d_scale': 1.0, 'capture_scale': 0.3}. Best is trial 1 with value: 4.562929425348836.
[I 2026-05-03 11:09:09,710] Trial 2 finished with value: 4.631607486707925 and parameters: {'f_n': 1e-06, 'K_d': 500000.0, 'rho_d': 30000000000000.0, 'fission_rate': 5e+19, 'Dg_D1_scale': 0.8845377100702527, 'Dg_D3_scale': 1.427279464713899, 'Dv_D1_scale': 2.2087976480556955, 'Dv_D2_scale': 3.3695131887927166, 'b_bulk_scale': 0.15601636350968084, 'b_dislocation_scale': 1.3129634570764503, 'gb_scale': 1.0, 'gd_bubble_scale': 2.5828570578879875, 'gd_line_scale': 0.5639346790419878, 'gd_line_alpha': 0.7248101215320929, 'coalescence_d_scale': 1.0, 'capture_scale': 1.0}. Best is trial 1 with value: 4.562929425348836.
[I 2026-05-03 11:09:18,939] Trial 3 finished with value: 21.791661853055253 and parameters: {'f_n': 1.3333e-08, 'K_d': 714300.0, 'rho_d': 46135000000000.0, 'fission_rate': 4.9558e+19, 'Dg_D1_scale': 0.8503420918707363, 'Dg_D3_scale': 1.1414540989390807, 'Dv_D1_scale': 2.2224539380191928, 'Dv_D2_scale': 1.337924084373274, 'b_bulk_scale': 0.8729573127008053, 'b_dislocation_scale': 0.8396369133983835, 'gb_scale': 0.8994, 'gd_bubble_scale': 2.1014601108003, 'gd_line_scale': 0.4571461431068726, 'gd_line_alpha': 0.9436672801162465, 'coalescence_d_scale': 10.99, 'capture_scale': 3.247}. Best is trial 1 with value: 4.562929425348836.
[I 2026-05-03 11:09:25,264] Trial 4 finished with value: 19.553323309737177 and parameters: {'f_n': 2.5466e-07, 'K_d': 648460.0, 'rho_d': 35350000000000.0, 'fission_rate': 7.4799e+19, 'Dg_D1_scale': 0.40485030906542374, 'Dg_D3_scale': 2.5506033863453985, 'Dv_D1_scale': 3.220010030293716, 'Dv_D2_scale': 0.6834758386617503, 'b_bulk_scale': 3.9192297702089434, 'b_dislocation_scale': 0.907286108704858, 'gb_scale': 0.4625, 'gd_bubble_scale': 6.068260116637667, 'gd_line_scale': 2.0205722419691967, 'gd_line_alpha': 0.013969512048944699, 'coalescence_d_scale': 6.997, 'capture_scale': 0.1401}. Best is trial 1 with value: 4.562929425348836.
[I 2026-05-03 11:09:32,019] Trial 5 finished with value: 9.166922253849412 and parameters: {'f_n': 1.9043e-07, 'K_d': 633680.0, 'rho_d': 48099000000000.0, 'fission_rate': 6.8347e+19, 'Dg_D1_scale': 0.43965852904703817, 'Dg_D3_scale': 1.9032588821397167, 'Dv_D1_scale': 1.1131745229796597, 'Dv_D2_scale': 2.981885900872532, 'b_bulk_scale': 0.964393363235453, 'b_dislocation_scale': 0.4787762394903657, 'gb_scale': 0.3881, 'gd_bubble_scale': 1.6202738301331825, 'gd_line_scale': 0.13142519240299844, 'gd_line_alpha': 0.46600961791226725, 'coalescence_d_scale': 7.005, 'capture_scale': 0.0608}. Best is trial 1 with value: 4.562929425348836.
[I 2026-05-03 11:09:36,088] Trial 6 finished with value: 8.62786614743348 and parameters: {'f_n': 1.3237e-08, 'K_d': 558920.0, 'rho_d': 24815000000000.0, 'fission_rate': 7.6621e+19, 'Dg_D1_scale': 0.6775103040935334, 'Dg_D3_scale': 0.518452869016303, 'Dv_D1_scale': 0.2257650093334838, 'Dv_D2_scale': 0.8963082735643169, 'b_bulk_scale': 0.23742403581338406, 'b_dislocation_scale': 0.3130704634899646, 'gb_scale': 0.4151, 'gd_bubble_scale': 7.366140864492104, 'gd_line_scale': 0.7766700514050408, 'gd_line_alpha': 0.9214746897235537, 'coalescence_d_scale': 9.772, 'capture_scale': 0.1557}. Best is trial 1 with value: 4.562929425348836.
[I 2026-05-03 11:09:42,512] Trial 7 finished with value: 6.974917022035673 and parameters: {'f_n': 2.940436e-07, 'K_d': 1033314.0, 'rho_d': 12059490000000.0, 'fission_rate': 6.730293e+19, 'Dg_D1_scale': 0.30217989181305976, 'Dg_D3_scale': 0.36546708736327654, 'Dv_D1_scale': 0.7665893302527733, 'Dv_D2_scale': 1.734170921664922, 'b_bulk_scale': 0.03165041616518857, 'b_dislocation_scale': 0.057713424452397036, 'gb_scale': 1.445601, 'gd_bubble_scale': 1.8885296527518303, 'gd_line_scale': 0.7296936540712321, 'gd_line_alpha': 0.1881710490205445, 'coalescence_d_scale': 3.880728, 'capture_scale': 0.024136}. Best is trial 1 with value: 4.562929425348836.
[I 2026-05-03 11:09:48,990] Trial 8 finished with value: 5.2156826539126655 and parameters: {'f_n': 5.96478e-07, 'K_d': 1198283.0, 'rho_d': 9976134000000.0, 'fission_rate': 6.685431e+19, 'Dg_D1_scale': 0.7294614961593372, 'Dg_D3_scale': 0.17020902674613062, 'Dv_D1_scale': 2.1856018010445504, 'Dv_D2_scale': 0.2482349723228697, 'b_bulk_scale': 0.9596374993666941, 'b_dislocation_scale': 0.429178137030847, 'gb_scale': 1.009685, 'gd_bubble_scale': 0.2739724818545533, 'gd_line_scale': 0.09413299379854217, 'gd_line_alpha': 0.35150721944847985, 'coalescence_d_scale': 2.916475, 'capture_scale': 0.027787}. Best is trial 1 with value: 4.562929425348836.
[I 2026-05-03 11:09:55,796] Trial 9 finished with value: 4.948765991230395 and parameters: {'f_n': 7.392651e-07, 'K_d': 1166892.0, 'rho_d': 11803530000000.0, 'fission_rate': 6.574543e+19, 'Dg_D1_scale': 0.590138024898814, 'Dg_D3_scale': 0.2801639710532956, 'Dv_D1_scale': 1.7489566065962585, 'Dv_D2_scale': 0.3938264327735406, 'b_bulk_scale': 1.8727063457882014, 'b_dislocation_scale': 0.03238683699429849, 'gb_scale': 1.30495, 'gd_bubble_scale': 0.057343123594705135, 'gd_line_scale': 0.054153298312575836, 'gd_line_alpha': 0.8559094482758534, 'coalescence_d_scale': 2.726375, 'capture_scale': 0.023283}. Best is trial 1 with value: 4.562929425348836.
[I 2026-05-03 11:10:00,074] Trial 10 finished with value: 5.624093445744886 and parameters: {'f_n': 6.504274876355704e-10, 'K_d': 200132.41375761095, 'rho_d': 5974050238578.267, 'fission_rate': 5.710256811460656e+19, 'Dg_D1_scale': 2.3364013027102146, 'Dg_D3_scale': 3.7987121895842533, 'Dv_D1_scale': 0.5520454058364391, 'Dv_D2_scale': 0.25154735646787146, 'b_bulk_scale': 0.047228840146075764, 'b_dislocation_scale': 3.605342037899567, 'gb_scale': 7.712343708117725, 'gd_bubble_scale': 0.3815239316071535, 'gd_line_scale': 0.18081544509723302, 'gd_line_alpha': 0.6255601839657736, 'coalescence_d_scale': 0.22244905138820206, 'capture_scale': 0.865686923817314}. Best is trial 1 with value: 4.562929425348836.
[I 2026-05-03 11:10:08,478] Trial 11 finished with value: 4.668534851805123 and parameters: {'f_n': 1.6059008298229806e-09, 'K_d': 275405.3364549792, 'rho_d': 17731205739752.59, 'fission_rate': 4.224060438560374e+19, 'Dg_D1_scale': 1.5123499402100518, 'Dg_D3_scale': 1.0332090728286623, 'Dv_D1_scale': 1.0514405854150044, 'Dv_D2_scale': 3.8648100451042784, 'b_bulk_scale': 0.11761941819251485, 'b_dislocation_scale': 2.8428276901801315, 'gb_scale': 0.054668443527607725, 'gd_bubble_scale': 9.85569011493285, 'gd_line_scale': 2.279588608421048, 'gd_line_alpha': 0.6298969148017841, 'coalescence_d_scale': 0.5613579264556798, 'capture_scale': 0.6246745108391544}. Best is trial 1 with value: 4.562929425348836.
[I 2026-05-03 11:10:15,824] Trial 12 finished with value: 5.415163196824003 and parameters: {'f_n': 2.2391339864018597e-06, 'K_d': 117565.50425177699, 'rho_d': 5448422184322.415, 'fission_rate': 5.68805428319554e+19, 'Dg_D1_scale': 0.16776151006754794, 'Dg_D3_scale': 1.6381483002156922, 'Dv_D1_scale': 0.3818586870886368, 'Dv_D2_scale': 0.5676881322307917, 'b_bulk_scale': 0.3502248192178842, 'b_dislocation_scale': 1.7352675765997427, 'gb_scale': 3.627668209703416, 'gd_bubble_scale': 2.7474227949332937, 'gd_line_scale': 0.31682770366946467, 'gd_line_alpha': 0.6711236639737203, 'coalescence_d_scale': 0.7318263045333825, 'capture_scale': 0.7271944124058036}. Best is trial 1 with value: 4.562929425348836.Best trial: 1. Best value: 4.56293:   3%|▎         | 12/400 [01:21<42:10,  6.52s/it]Best trial: 1. Best value: 4.56293:   3%|▎         | 12/400 [01:21<42:10,  6.52s/it]Best trial: 1. Best value: 4.56293:   3%|▎         | 13/400 [01:21<43:40,  6.77s/it]                                                                                    Best trial: 1. Best value: 4.56293:   3%|▎         | 13/400 [01:30<43:40,  6.77s/it]Best trial: 1. Best value: 4.56293:   3%|▎         | 13/400 [01:30<43:40,  6.77s/it]Best trial: 1. Best value: 4.56293:   4%|▎         | 14/400 [01:30<47:24,  7.37s/it]                                                                                    Best trial: 1. Best value: 4.56293:   4%|▎         | 14/400 [01:36<47:24,  7.37s/it]Best trial: 1. Best value: 4.56293:   4%|▎         | 14/400 [01:36<47:24,  7.37s/it]Best trial: 1. Best value: 4.56293:   4%|▍         | 15/400 [01:36<44:41,  6.97s/it]                                                                                    Best trial: 1. Best value: 4.56293:   4%|▍         | 15/400 [01:39<44:41,  6.97s/it]Best trial: 1. Best value: 4.56293:   4%|▍         | 15/400 [01:39<44:41,  6.97s/it]Best trial: 1. Best value: 4.56293:   4%|▍         | 16/400 [01:39<37:51,  5.91s/it]                                                                                    Best trial: 1. Best value: 4.56293:   4%|▍         | 16/400 [01:43<37:51,  5.91s/it]Best trial: 16. Best value: 3.88575:   4%|▍         | 16/400 [01:43<37:51,  5.91s/it]Best trial: 16. Best value: 3.88575:   4%|▍         | 17/400 [01:43<33:40,  5.27s/it]                                                                                     Best trial: 16. Best value: 3.88575:   4%|▍         | 17/400 [01:50<33:40,  5.27s/it]Best trial: 16. Best value: 3.88575:   4%|▍         | 17/400 [01:50<33:40,  5.27s/it]Best trial: 16. Best value: 3.88575:   4%|▍         | 18/400 [01:50<36:45,  5.77s/it]                                                                                     Best trial: 16. Best value: 3.88575:   4%|▍         | 18/400 [01:56<36:45,  5.77s/it]Best trial: 18. Best value: 3.4691:   4%|▍         | 18/400 [01:56<36:45,  5.77s/it] Best trial: 18. Best value: 3.4691:   5%|▍         | 19/400 [01:56<37:30,  5.91s/it]                                                                                    Best trial: 18. Best value: 3.4691:   5%|▍         | 19/400 [02:03<37:30,  5.91s/it]Best trial: 19. Best value: 3.16529:   5%|▍         | 19/400 [02:03<37:30,  5.91s/it]Best trial: 19. Best value: 3.16529:   5%|▌         | 20/400 [02:03<39:52,  6.30s/it]                                                                                     Best trial: 19. Best value: 3.16529:   5%|▌         | 20/400 [02:10<39:52,  6.30s/it]Best trial: 19. Best value: 3.16529:   5%|▌         | 20/400 [02:10<39:52,  6.30s/it]Best trial: 19. Best value: 3.16529:   5%|▌         | 21/400 [02:10<39:56,  6.32s/it]                                                                                     Best trial: 19. Best value: 3.16529:   5%|▌         | 21/400 [02:14<39:56,  6.32s/it]Best trial: 19. Best value: 3.16529:   5%|▌         | 21/400 [02:14<39:56,  6.32s/it]Best trial: 19. Best value: 3.16529:   6%|▌         | 22/400 [02:14<36:19,  5.77s/it]                                                                                     Best trial: 19. Best value: 3.16529:   6%|▌         | 22/400 [02:21<36:19,  5.77s/it]Best trial: 19. Best value: 3.16529:   6%|▌         | 22/400 [02:21<36:19,  5.77s/it]Best trial: 19. Best value: 3.16529:   6%|▌         | 23/400 [02:21<37:25,  5.96s/it]                                                                                     Best trial: 19. Best value: 3.16529:   6%|▌         | 23/400 [02:28<37:25,  5.96s/it]Best trial: 19. Best value: 3.16529:   6%|▌         | 23/400 [02:28<37:25,  5.96s/it]Best trial: 19. Best value: 3.16529:   6%|▌         | 24/400 [02:28<40:07,  6.40s/it]                                                                                     
[I 2026-05-03 11:10:24,577] Trial 13 finished with value: 8.075262146946717 and parameters: {'f_n': 1.2697891800484647e-10, 'K_d': 347808.3094042965, 'rho_d': 75680850816028.94, 'fission_rate': 4.98383704697194e+19, 'Dg_D1_scale': 1.2811944489226037, 'Dg_D3_scale': 0.7135688858527613, 'Dv_D1_scale': 3.690501313136435, 'Dv_D2_scale': 2.0447819922117882, 'b_bulk_scale': 0.09444107877639826, 'b_dislocation_scale': 1.3775072529312324, 'gb_scale': 0.17246106023039698, 'gd_bubble_scale': 0.7989646066288482, 'gd_line_scale': 1.7230824607599937, 'gd_line_alpha': 0.32044445579582465, 'coalescence_d_scale': 1.0925526100176453, 'capture_scale': 7.310661825722725}. Best is trial 1 with value: 4.562929425348836.
[I 2026-05-03 11:10:30,603] Trial 14 finished with value: 5.98720121625836 and parameters: {'f_n': 3.8293295685845025e-09, 'K_d': 413210.5884053378, 'rho_d': 18561422898632.277, 'fission_rate': 7.999394010091717e+19, 'Dg_D1_scale': 3.4968435114445002, 'Dg_D3_scale': 3.7688908137617747, 'Dv_D1_scale': 1.4435123195959807, 'Dv_D2_scale': 0.42646941050370596, 'b_bulk_scale': 0.36694661850746485, 'b_dislocation_scale': 0.1121232761649229, 'gb_scale': 3.243503494660029, 'gd_bubble_scale': 0.9683011688337911, 'gd_line_scale': 9.793357546019454, 'gd_line_alpha': 0.4481939152518052, 'coalescence_d_scale': 0.2796519178734234, 'capture_scale': 0.4037593435264995}. Best is trial 1 with value: 4.562929425348836.
[I 2026-05-03 11:10:34,080] Trial 15 finished with value: 5.009593633925376 and parameters: {'f_n': 4.466475406606602e-08, 'K_d': 871210.7899316348, 'rho_d': 8508362296655.968, 'fission_rate': 6.085069785094011e+19, 'Dg_D1_scale': 1.228064926482739, 'Dg_D3_scale': 1.5507270624690062, 'Dv_D1_scale': 0.7347625193484617, 'Dv_D2_scale': 0.2138892502502944, 'b_bulk_scale': 0.06798884629864271, 'b_dislocation_scale': 1.9895398087114868, 'gb_scale': 0.18671108469363243, 'gd_bubble_scale': 3.4152020096378854, 'gd_line_scale': 0.0555131921538739, 'gd_line_alpha': 0.7531817307570563, 'coalescence_d_scale': 1.489556432554084, 'capture_scale': 1.4977022343884565}. Best is trial 1 with value: 4.562929425348836.
[I 2026-05-03 11:10:37,857] Trial 16 finished with value: 3.885751470258675 and parameters: {'f_n': 4.446254378912826e-08, 'K_d': 436312.01688771567, 'rho_d': 16032520058901.521, 'fission_rate': 4.2477943744220004e+19, 'Dg_D1_scale': 1.956072906871791, 'Dg_D3_scale': 2.4470167208264555, 'Dv_D1_scale': 0.22708573340646546, 'Dv_D2_scale': 2.3595227961478975, 'b_bulk_scale': 0.16860339678743833, 'b_dislocation_scale': 0.8486560115572296, 'gb_scale': 2.6856394822381, 'gd_bubble_scale': 9.76511651527948, 'gd_line_scale': 0.2411381872004278, 'gd_line_alpha': 0.23692657374471232, 'coalescence_d_scale': 0.4089794183331835, 'capture_scale': 0.27147524866590306}. Best is trial 16 with value: 3.885751470258675.
