[I 2026-05-03 11:29:23,287] Trial 192 finished with value: 4.323006916898657 and parameters: {'f_n': 1.902827645369544e-06, 'K_d': 101095.96709080879, 'rho_d': 45123732713773.31, 'fission_rate': 7.223514109090064e+19, 'Dg_D1_scale': 3.744042686441789, 'Dg_D3_scale': 0.7630866025644122, 'Dv_D1_scale': 0.29990631386545, 'Dv_D2_scale': 2.543802354250194, 'b_bulk_scale': 1.3337119709280834, 'b_dislocation_scale': 0.5512467983882626, 'gb_scale': 3.1430494080956675, 'gd_bubble_scale': 4.03123851591205, 'gd_line_scale': 0.07223253879994933, 'gd_line_alpha': 0.8062528363192017, 'coalescence_d_scale': 0.12582973501651148, 'capture_scale': 0.3181768403729043}. Best is trial 178 with value: 2.644935340136405.Best trial: 178. Best value: 2.64494:  48%|████▊     | 192/400 [20:29<21:57,  6.33s/it]Best trial: 178. Best value: 2.64494:  48%|████▊     | 192/400 [20:29<21:57,  6.33s/it]Best trial: 178. Best value: 2.64494:  48%|████▊     | 193/400 [20:29<20:01,  5.80s/it]                                                                                       Best trial: 178. Best value: 2.64494:  48%|████▊     | 193/400 [20:35<20:01,  5.80s/it]Best trial: 178. Best value: 2.64494:  48%|████▊     | 193/400 [20:35<20:01,  5.80s/it]Best trial: 178. Best value: 2.64494:  48%|████▊     | 194/400 [20:35<20:22,  5.93s/it]                                                                                       Best trial: 178. Best value: 2.64494:  48%|████▊     | 194/400 [20:41<20:22,  5.93s/it]Best trial: 178. Best value: 2.64494:  48%|████▊     | 194/400 [20:41<20:22,  5.93s/it]Best trial: 178. Best value: 2.64494:  49%|████▉     | 195/400 [20:41<20:47,  6.09s/it]                                                                                       Best trial: 178. Best value: 2.64494:  49%|████▉     | 195/400 [20:48<20:47,  6.09s/it]Best trial: 178. Best value: 2.64494:  49%|████▉     | 195/400 [20:48<20:47,  6.09s/it]Best trial: 178. Best value: 2.64494:  49%|████▉     | 196/400 [20:48<21:11,  6.23s/it]                                                                                       Best trial: 178. Best value: 2.64494:  49%|████▉     | 196/400 [20:57<21:11,  6.23s/it]Best trial: 178. Best value: 2.64494:  49%|████▉     | 196/400 [20:57<21:11,  6.23s/it]Best trial: 178. Best value: 2.64494:  49%|████▉     | 197/400 [20:57<23:46,  7.03s/it]                                                                                       Best trial: 178. Best value: 2.64494:  49%|████▉     | 197/400 [21:03<23:46,  7.03s/it]Best trial: 178. Best value: 2.64494:  49%|████▉     | 197/400 [21:03<23:46,  7.03s/it]Best trial: 178. Best value: 2.64494:  50%|████▉     | 198/400 [21:03<23:09,  6.88s/it]                                                                                       Best trial: 178. Best value: 2.64494:  50%|████▉     | 198/400 [21:10<23:09,  6.88s/it]Best trial: 178. Best value: 2.64494:  50%|████▉     | 198/400 [21:10<23:09,  6.88s/it]Best trial: 178. Best value: 2.64494:  50%|████▉     | 199/400 [21:10<22:57,  6.85s/it]                                                                                       Best trial: 178. Best value: 2.64494:  50%|████▉     | 199/400 [21:17<22:57,  6.85s/it]Best trial: 178. Best value: 2.64494:  50%|████▉     | 199/400 [21:17<22:57,  6.85s/it]Best trial: 178. Best value: 2.64494:  50%|█████     | 200/400 [21:17<22:41,  6.81s/it]                                                                                       Best trial: 178. Best value: 2.64494:  50%|█████     | 200/400 [21:23<22:41,  6.81s/it]Best trial: 178. Best value: 2.64494:  50%|█████     | 200/400 [21:23<22:41,  6.81s/it]Best trial: 178. Best value: 2.64494:  50%|█████     | 201/400 [21:23<22:25,  6.76s/it]                                                                                       Best trial: 178. Best value: 2.64494:  50%|█████     | 201/400 [21:28<22:25,  6.76s/it]Best trial: 178. Best value: 2.64494:  50%|█████     | 201/400 [21:28<22:25,  6.76s/it]Best trial: 178. Best value: 2.64494:  50%|█████     | 202/400 [21:28<20:33,  6.23s/it]                                                                                       Best trial: 178. Best value: 2.64494:  50%|█████     | 202/400 [21:35<20:33,  6.23s/it]Best trial: 178. Best value: 2.64494:  50%|█████     | 202/400 [21:35<20:33,  6.23s/it]Best trial: 178. Best value: 2.64494:  51%|█████     | 203/400 [21:35<21:02,  6.41s/it]                                                                                       Best trial: 178. Best value: 2.64494:  51%|█████     | 203/400 [21:42<21:02,  6.41s/it]Best trial: 178. Best value: 2.64494:  51%|█████     | 203/400 [21:42<21:02,  6.41s/it]Best trial: 178. Best value: 2.64494:  51%|█████     | 204/400 [21:42<21:17,  6.52s/it]                                                                                       
[I 2026-05-03 11:29:29,520] Trial 193 finished with value: 2.7124584137457766 and parameters: {'f_n': 2.129833393464806e-06, 'K_d': 107418.66778036191, 'rho_d': 49928864345727.484, 'fission_rate': 7.385401639895332e+19, 'Dg_D1_scale': 3.375514892239528, 'Dg_D3_scale': 0.9671255347658001, 'Dv_D1_scale': 0.26766385990426944, 'Dv_D2_scale': 3.012580624578109, 'b_bulk_scale': 0.8628199396303228, 'b_dislocation_scale': 0.08215810284298206, 'gb_scale': 2.243330471207463, 'gd_bubble_scale': 2.9157452304083855, 'gd_line_scale': 0.08733118110221018, 'gd_line_alpha': 0.8526879419588178, 'coalescence_d_scale': 0.14609123525027398, 'capture_scale': 0.2609968847993721}. Best is trial 178 with value: 2.644935340136405.
[I 2026-05-03 11:29:35,944] Trial 194 finished with value: 2.8191479245265416 and parameters: {'f_n': 2.343704743484625e-06, 'K_d': 108061.16165764519, 'rho_d': 47493775814810.91, 'fission_rate': 7.410669923936208e+19, 'Dg_D1_scale': 3.3618669196286772, 'Dg_D3_scale': 0.9374441928681512, 'Dv_D1_scale': 0.3552864367498567, 'Dv_D2_scale': 3.010653769490249, 'b_bulk_scale': 1.1572386241446562, 'b_dislocation_scale': 0.08204321091539879, 'gb_scale': 2.3767202184850476, 'gd_bubble_scale': 4.545855655547484, 'gd_line_scale': 0.08968170029302047, 'gd_line_alpha': 0.5518535050362385, 'coalescence_d_scale': 0.1489309605121398, 'capture_scale': 0.284886957447213}. Best is trial 178 with value: 2.644935340136405.
[I 2026-05-03 11:29:42,535] Trial 195 finished with value: 2.702474084973854 and parameters: {'f_n': 1.874748069363314e-06, 'K_d': 113536.81185664493, 'rho_d': 50455324737450.875, 'fission_rate': 7.184774525315404e+19, 'Dg_D1_scale': 3.784937835503168, 'Dg_D3_scale': 0.865340560222137, 'Dv_D1_scale': 0.2765104216418094, 'Dv_D2_scale': 3.7346266411630378, 'b_bulk_scale': 0.895908338125026, 'b_dislocation_scale': 0.09170780061450245, 'gb_scale': 1.6545213310578428, 'gd_bubble_scale': 2.8501120685766907, 'gd_line_scale': 0.09534875409710167, 'gd_line_alpha': 0.830445987466958, 'coalescence_d_scale': 0.17250308174832832, 'capture_scale': 0.18995408923995294}. Best is trial 178 with value: 2.644935340136405.
[I 2026-05-03 11:29:51,398] Trial 196 finished with value: 2.8545037470249905 and parameters: {'f_n': 1.7612040391009326e-06, 'K_d': 113112.16261138812, 'rho_d': 50549768011301.375, 'fission_rate': 4.380354350945507e+19, 'Dg_D1_scale': 3.9952425763566106, 'Dg_D3_scale': 0.8769825722927727, 'Dv_D1_scale': 0.2833228262596704, 'Dv_D2_scale': 3.2866157168913643, 'b_bulk_scale': 0.8723223181567242, 'b_dislocation_scale': 0.10338584628964528, 'gb_scale': 1.533858078981207, 'gd_bubble_scale': 3.357873452243835, 'gd_line_scale': 0.09365925816892574, 'gd_line_alpha': 0.8440256937805497, 'coalescence_d_scale': 0.17338460126704855, 'capture_scale': 0.2175168325517216}. Best is trial 178 with value: 2.644935340136405.
[I 2026-05-03 11:29:57,954] Trial 197 finished with value: 3.363297161712475 and parameters: {'f_n': 2.081613678131478e-06, 'K_d': 124368.72790658583, 'rho_d': 50377213125248.27, 'fission_rate': 7.362522988303687e+19, 'Dg_D1_scale': 3.525072219530016, 'Dg_D3_scale': 0.9597195939818247, 'Dv_D1_scale': 0.26302275659730007, 'Dv_D2_scale': 3.8557640310326993, 'b_bulk_scale': 2.313373347228309, 'b_dislocation_scale': 0.08130555007989032, 'gb_scale': 1.806646867791157, 'gd_bubble_scale': 2.869655503236781, 'gd_line_scale': 0.11292937064022175, 'gd_line_alpha': 0.8240315950864402, 'coalescence_d_scale': 0.15741391980668776, 'capture_scale': 0.19090647049068102}. Best is trial 178 with value: 2.644935340136405.
[I 2026-05-03 11:30:04,743] Trial 198 finished with value: 3.3388041569504057 and parameters: {'f_n': 1.6379347185724748e-07, 'K_d': 106055.35826053141, 'rho_d': 45878114143012.92, 'fission_rate': 7.133112431499058e+19, 'Dg_D1_scale': 3.411220137418881, 'Dg_D3_scale': 0.850912991645103, 'Dv_D1_scale': 0.2765930205335297, 'Dv_D2_scale': 2.7949235334098765, 'b_bulk_scale': 1.2581628929315816, 'b_dislocation_scale': 0.09176548076670758, 'gb_scale': 2.144321417008607, 'gd_bubble_scale': 3.668949267645689, 'gd_line_scale': 0.10438998695614966, 'gd_line_alpha': 0.8787244639701025, 'coalescence_d_scale': 0.1421831080309319, 'capture_scale': 0.25959542105838107}. Best is trial 178 with value: 2.644935340136405.
[I 2026-05-03 11:30:11,443] Trial 199 finished with value: 2.7048893321155774 and parameters: {'f_n': 1.494093636734985e-06, 'K_d': 100074.0944720538, 'rho_d': 48375590208075.87, 'fission_rate': 7.213459656485553e+19, 'Dg_D1_scale': 3.615598592001574, 'Dg_D3_scale': 0.8034715969418491, 'Dv_D1_scale': 0.2991797239107659, 'Dv_D2_scale': 3.7275653792207013, 'b_bulk_scale': 1.4097438913457094, 'b_dislocation_scale': 0.11152974576098339, 'gb_scale': 1.421790521814517, 'gd_bubble_scale': 3.184630120775813, 'gd_line_scale': 0.07346735232974039, 'gd_line_alpha': 0.8574096693197405, 'coalescence_d_scale': 0.19195302563077504, 'capture_scale': 0.17184603294232492}. Best is trial 178 with value: 2.644935340136405.
[I 2026-05-03 11:30:18,103] Trial 200 finished with value: 2.887127090066019 and parameters: {'f_n': 1.081387078819609e-06, 'K_d': 100881.30581217224, 'rho_d': 50932237582244.69, 'fission_rate': 7.208987011182436e+19, 'Dg_D1_scale': 3.1673374037218656, 'Dg_D3_scale': 0.8010395936935876, 'Dv_D1_scale': 0.30746860893511374, 'Dv_D2_scale': 3.7747834890355976, 'b_bulk_scale': 1.452448096756383, 'b_dislocation_scale': 0.11028300775239538, 'gb_scale': 1.4191008918350085, 'gd_bubble_scale': 3.2819395713103265, 'gd_line_scale': 0.08479089405068652, 'gd_line_alpha': 0.8491505939240581, 'coalescence_d_scale': 0.2134916242740683, 'capture_scale': 0.17244771131782824}. Best is trial 178 with value: 2.644935340136405.
[I 2026-05-03 11:30:23,091] Trial 201 finished with value: 2.8455742780652864 and parameters: {'f_n': 1.5171585726044515e-06, 'K_d': 114332.69023295371, 'rho_d': 47994959778140.79, 'fission_rate': 7.2983069198845805e+19, 'Dg_D1_scale': 3.662374794615118, 'Dg_D3_scale': 0.8659019675150365, 'Dv_D1_scale': 0.28930721583330965, 'Dv_D2_scale': 3.714822847821269, 'b_bulk_scale': 1.8545287795395233, 'b_dislocation_scale': 0.09771226506452853, 'gb_scale': 1.644455709184612, 'gd_bubble_scale': 2.8848618217238355, 'gd_line_scale': 0.07038758302212995, 'gd_line_alpha': 0.7926933668771494, 'coalescence_d_scale': 0.18673368253665815, 'capture_scale': 0.13403852701241004}. Best is trial 178 with value: 2.644935340136405.
[I 2026-05-03 11:30:29,912] Trial 202 finished with value: 2.746837089424865 and parameters: {'f_n': 2.3986834900105456e-06, 'K_d': 108320.76752161693, 'rho_d': 44516256826509.83, 'fission_rate': 7.160502327911362e+19, 'Dg_D1_scale': 3.773104977782475, 'Dg_D3_scale': 0.7653217976671446, 'Dv_D1_scale': 0.261620513299358, 'Dv_D2_scale': 3.130364796522984, 'b_bulk_scale': 1.0851974865270915, 'b_dislocation_scale': 0.11931915040995526, 'gb_scale': 2.624630345142197, 'gd_bubble_scale': 3.9596599620980246, 'gd_line_scale': 0.07405127955306848, 'gd_line_alpha': 0.8595062507311807, 'coalescence_d_scale': 0.16498755145665484, 'capture_scale': 0.3315316643664355}. Best is trial 178 with value: 2.644935340136405.
[I 2026-05-03 11:30:36,693] Trial 203 finished with value: 2.736689269627412 and parameters: {'f_n': 1.8358725031072608e-06, 'K_d': 118607.7966184433, 'rho_d': 47722942874593.92, 'fission_rate': 7.053834148264596e+19, 'Dg_D1_scale': 3.515767879562613, 'Dg_D3_scale': 0.9845712029933745, 'Dv_D1_scale': 0.2776815075749415, 'Dv_D2_scale': 3.5544838841315407, 'b_bulk_scale': 1.4091908849194963, 'b_dislocation_scale': 0.10252661278648821, 'gb_scale': 1.9480251975177865, 'gd_bubble_scale': 3.521695258151758, 'gd_line_scale': 0.08026685040134582, 'gd_line_alpha': 0.8440615173267593, 'coalescence_d_scale': 0.1298325055425931, 'capture_scale': 0.2434883706337483}. Best is trial 178 with value: 2.644935340136405.
[I 2026-05-03 11:30:43,150] Trial 204 finished with value: 2.695861063377571 and parameters: {'f_n': 1.4313275401225332e-06, 'K_d': 100307.84597895536, 'rho_d': 42991969860414.66, 'fission_rate': 7.425864999343497e+19, 'Dg_D1_scale': 3.2982157993418126, 'Dg_D3_scale': 0.7989351488490559, 'Dv_D1_scale': 0.32787469529977975, 'Dv_D2_scale': 3.3648624998495316, 'b_bulk_scale': 1.2335322358433767, 'b_dislocation_scale': 0.08650281616333819, 'gb_scale': 2.3294361946112825, 'gd_bubble_scale': 3.1457242761774964, 'gd_line_scale': 0.09759943409306121, 'gd_line_alpha': 0.8127287330581261, 'coalescence_d_scale': 0.1441091988698374, 'capture_scale': 0.28019843273772943}. Best is trial 178 with value: 2.644935340136405.Best trial: 178. Best value: 2.64494:  51%|█████     | 204/400 [21:48<21:17,  6.52s/it]Best trial: 178. Best value: 2.64494:  51%|█████     | 204/400 [21:48<21:17,  6.52s/it]Best trial: 178. Best value: 2.64494:  51%|█████▏    | 205/400 [21:48<21:07,  6.50s/it]                                                                                       Best trial: 178. Best value: 2.64494:  51%|█████▏    | 205/400 [21:55<21:07,  6.50s/it]Best trial: 178. Best value: 2.64494:  51%|█████▏    | 205/400 [21:55<21:07,  6.50s/it]Best trial: 178. Best value: 2.64494:  52%|█████▏    | 206/400 [21:55<20:59,  6.49s/it]                                                                                       Best trial: 178. Best value: 2.64494:  52%|█████▏    | 206/400 [21:59<20:59,  6.49s/it]Best trial: 178. Best value: 2.64494:  52%|█████▏    | 206/400 [22:00<20:59,  6.49s/it]Best trial: 178. Best value: 2.64494:  52%|█████▏    | 207/400 [22:00<19:03,  5.93s/it]                                                                                       Best trial: 178. Best value: 2.64494:  52%|█████▏    | 207/400 [22:06<19:03,  5.93s/it]Best trial: 178. Best value: 2.64494:  52%|█████▏    | 207/400 [22:06<19:03,  5.93s/it]Best trial: 178. Best value: 2.64494:  52%|█████▏    | 208/400 [22:06<19:34,  6.12s/it]                                                                                       Best trial: 178. Best value: 2.64494:  52%|█████▏    | 208/400 [22:13<19:34,  6.12s/it]Best trial: 208. Best value: 2.64206:  52%|█████▏    | 208/400 [22:13<19:34,  6.12s/it]Best trial: 208. Best value: 2.64206:  52%|█████▏    | 209/400 [22:13<19:55,  6.26s/it]                                                                                       Best trial: 208. Best value: 2.64206:  52%|█████▏    | 209/400 [22:19<19:55,  6.26s/it]Best trial: 208. Best value: 2.64206:  52%|█████▏    | 209/400 [22:19<19:55,  6.26s/it]Best trial: 208. Best value: 2.64206:  52%|█████▎    | 210/400 [22:19<20:06,  6.35s/it]                                                                                       Best trial: 208. Best value: 2.64206:  52%|█████▎    | 210/400 [22:26<20:06,  6.35s/it]Best trial: 208. Best value: 2.64206:  52%|█████▎    | 210/400 [22:26<20:06,  6.35s/it]Best trial: 208. Best value: 2.64206:  53%|█████▎    | 211/400 [22:26<20:12,  6.41s/it]                                                                                       Best trial: 208. Best value: 2.64206:  53%|█████▎    | 211/400 [22:31<20:12,  6.41s/it]Best trial: 208. Best value: 2.64206:  53%|█████▎    | 211/400 [22:31<20:12,  6.41s/it]Best trial: 208. Best value: 2.64206:  53%|█████▎    | 212/400 [22:31<18:39,  5.96s/it]                                                                                       Best trial: 208. Best value: 2.64206:  53%|█████▎    | 212/400 [22:37<18:39,  5.96s/it]Best trial: 208. Best value: 2.64206:  53%|█████▎    | 212/400 [22:37<18:39,  5.96s/it]Best trial: 208. Best value: 2.64206:  53%|█████▎    | 213/400 [22:37<19:20,  6.21s/it]                                                                                       Best trial: 208. Best value: 2.64206:  53%|█████▎    | 213/400 [22:44<19:20,  6.21s/it]Best trial: 208. Best value: 2.64206:  53%|█████▎    | 213/400 [22:44<19:20,  6.21s/it]Best trial: 208. Best value: 2.64206:  54%|█████▎    | 214/400 [22:44<19:39,  6.34s/it]                                                                                       Best trial: 208. Best value: 2.64206:  54%|█████▎    | 214/400 [22:51<19:39,  6.34s/it]Best trial: 208. Best value: 2.64206:  54%|█████▎    | 214/400 [22:51<19:39,  6.34s/it]Best trial: 208. Best value: 2.64206:  54%|█████▍    | 215/400 [22:51<20:03,  6.51s/it]                                                                                       Best trial: 208. Best value: 2.64206:  54%|█████▍    | 215/400 [22:58<20:03,  6.51s/it]Best trial: 208. Best value: 2.64206:  54%|█████▍    | 215/400 [22:58<20:03,  6.51s/it]Best trial: 208. Best value: 2.64206:  54%|█████▍    | 216/400 [22:58<20:11,  6.58s/it]                                                                                       
[I 2026-05-03 11:30:49,619] Trial 205 finished with value: 3.0124621301027257 and parameters: {'f_n': 1.3738730994178475e-06, 'K_d': 104850.43780233753, 'rho_d': 56744256609777.0, 'fission_rate': 7.437464529263863e+19, 'Dg_D1_scale': 3.276690170423233, 'Dg_D3_scale': 0.7265889077977923, 'Dv_D1_scale': 0.33304250470986996, 'Dv_D2_scale': 3.456672788143987, 'b_bulk_scale': 1.2605498734609615, 'b_dislocation_scale': 0.07485279458387152, 'gb_scale': 2.317181685031191, 'gd_bubble_scale': 3.1440781380293306, 'gd_line_scale': 0.09683349184407998, 'gd_line_alpha': 0.8146183043313628, 'coalescence_d_scale': 0.19016675142432907, 'capture_scale': 0.1797965909717039}. Best is trial 178 with value: 2.644935340136405.
[I 2026-05-03 11:30:54,226] Trial 206 finished with value: 2.866047265864873 and parameters: {'f_n': 1.1531844644619843e-06, 'K_d': 111094.26917578375, 'rho_d': 51783593722842.31, 'fission_rate': 7.539367784841717e+19, 'Dg_D1_scale': 3.1089374675053074, 'Dg_D3_scale': 0.9019023183106453, 'Dv_D1_scale': 0.2978732921976418, 'Dv_D2_scale': 3.9859032765082767, 'b_bulk_scale': 1.6437805845768225, 'b_dislocation_scale': 0.10979300097036405, 'gb_scale': 1.6817934891898412, 'gd_bubble_scale': 0.08121472231607355, 'gd_line_scale': 0.12974118061402562, 'gd_line_alpha': 0.8209100526329568, 'coalescence_d_scale': 0.14405203497991803, 'capture_scale': 0.21623420692682435}. Best is trial 178 with value: 2.644935340136405.
[I 2026-05-03 11:31:00,793] Trial 207 finished with value: 2.7472227919382313 and parameters: {'f_n': 1.5844364563873206e-06, 'K_d': 101022.81744339886, 'rho_d': 49614968698988.414, 'fission_rate': 7.330357230571679e+19, 'Dg_D1_scale': 3.4194136182259913, 'Dg_D3_scale': 0.8302503237964134, 'Dv_D1_scale': 0.2674489621374139, 'Dv_D2_scale': 2.9682824987821297, 'b_bulk_scale': 1.1809088845907687, 'b_dislocation_scale': 0.08435974905817951, 'gb_scale': 2.7746433979246627, 'gd_bubble_scale': 4.36711842172532, 'gd_line_scale': 0.08897021971492065, 'gd_line_alpha': 0.7882968716836842, 'coalescence_d_scale': 0.1695493610112924, 'capture_scale': 0.28223950555910843}. Best is trial 178 with value: 2.644935340136405.
[I 2026-05-03 11:31:07,372] Trial 208 finished with value: 2.642055900738926 and parameters: {'f_n': 1.932687691876398e-06, 'K_d': 114140.57916203444, 'rho_d': 43016106828813.47, 'fission_rate': 7.377191355312329e+19, 'Dg_D1_scale': 3.5936219596400236, 'Dg_D3_scale': 0.7948154011005617, 'Dv_D1_scale': 0.31008234587829514, 'Dv_D2_scale': 3.3288134732317185, 'b_bulk_scale': 2.126324395659515, 'b_dislocation_scale': 0.13291279772804376, 'gb_scale': 2.0932927861406205, 'gd_bubble_scale': 2.814399266192568, 'gd_line_scale': 0.10919400248376106, 'gd_line_alpha': 0.8306096041689394, 'coalescence_d_scale': 0.14739291173006627, 'capture_scale': 0.15440132106155838}. Best is trial 208 with value: 2.642055900738926.
[I 2026-05-03 11:31:13,936] Trial 209 finished with value: 2.720731129752717 and parameters: {'f_n': 1.7838064067738695e-06, 'K_d': 100172.04462871699, 'rho_d': 43360210791145.41, 'fission_rate': 7.465963174913032e+19, 'Dg_D1_scale': 2.834783530369332, 'Dg_D3_scale': 0.7940544472030767, 'Dv_D1_scale': 0.37112267971517854, 'Dv_D2_scale': 3.310289519336932, 'b_bulk_scale': 2.0371419724855557, 'b_dislocation_scale': 0.12738170663530782, 'gb_scale': 2.0937670625029887, 'gd_bubble_scale': 3.7603387172035316, 'gd_line_scale': 0.11982296943984373, 'gd_line_alpha': 0.8915164520680092, 'coalescence_d_scale': 0.15265740934376348, 'capture_scale': 0.1900230623484124}. Best is trial 208 with value: 2.642055900738926.
