[I 2026-05-03 11:41:02,139] Trial 302 finished with value: 2.6967911594392064 and parameters: {'f_n': 2.3100032681455732e-07, 'K_d': 145968.88183114282, 'rho_d': 45919475430477.19, 'fission_rate': 7.571395522829545e+19, 'Dg_D1_scale': 2.6095378502949225, 'Dg_D3_scale': 1.1986430081720405, 'Dv_D1_scale': 0.5503301102026961, 'Dv_D2_scale': 2.6828369879080913, 'b_bulk_scale': 2.6365913267771277, 'b_dislocation_scale': 0.21830816408128068, 'gb_scale': 6.141448276120855, 'gd_bubble_scale': 2.0689483056409035, 'gd_line_scale': 0.2520759549604178, 'gd_line_alpha': 0.9032534687322448, 'coalescence_d_scale': 0.3557141799893048, 'capture_scale': 0.08967665793905163}. Best is trial 272 with value: 2.6222389481247.
[I 2026-05-03 11:41:08,414] Trial 303 finished with value: 2.709298908910064 and parameters: {'f_n': 1.379635537526948e-07, 'K_d': 151329.3112053401, 'rho_d': 42476436744944.19, 'fission_rate': 7.471923007058217e+19, 'Dg_D1_scale': 1.8016172671896917, 'Dg_D3_scale': 1.1076357357211863, 'Dv_D1_scale': 0.6609822637758531, 'Dv_D2_scale': 2.484345327354657, 'b_bulk_scale': 3.5618430375892087, 'b_dislocation_scale': 0.2545255695535239, 'gb_scale': 7.575723746599757, 'gd_bubble_scale': 1.8742720135192197, 'gd_line_scale': 0.22354161920291865, 'gd_line_alpha': 0.9362981649280052, 'coalescence_d_scale': 0.4403688288143627, 'capture_scale': 0.055031858380736896}. Best is trial 272 with value: 2.6222389481247.
[I 2026-05-03 11:41:14,666] Trial 304 finished with value: 2.7547658157953623 and parameters: {'f_n': 2.691819740958901e-07, 'K_d': 145666.56696421685, 'rho_d': 45154647941455.805, 'fission_rate': 7.501704074222233e+19, 'Dg_D1_scale': 2.4041189674443864, 'Dg_D3_scale': 1.2293954135818885, 'Dv_D1_scale': 0.584257865528107, 'Dv_D2_scale': 2.730779788722038, 'b_bulk_scale': 2.3942255217766935, 'b_dislocation_scale': 0.2086051469950728, 'gb_scale': 7.992479044106471, 'gd_bubble_scale': 2.260103502717658, 'gd_line_scale': 0.35464247925623715, 'gd_line_alpha': 0.8930680175710657, 'coalescence_d_scale': 0.38530028987697273, 'capture_scale': 0.07063988026498579}. Best is trial 272 with value: 2.6222389481247.
[I 2026-05-03 11:41:20,904] Trial 305 finished with value: 2.8229747898026027 and parameters: {'f_n': 1.5526267343011469e-07, 'K_d': 116046.05791806724, 'rho_d': 41794558721646.266, 'fission_rate': 7.686130782851223e+19, 'Dg_D1_scale': 0.48436147349372827, 'Dg_D3_scale': 1.0417507906842258, 'Dv_D1_scale': 0.543291127629393, 'Dv_D2_scale': 2.9576541074126683, 'b_bulk_scale': 2.841377719348555, 'b_dislocation_scale': 0.18812411549927763, 'gb_scale': 7.004794788108237, 'gd_bubble_scale': 1.5925561428547699, 'gd_line_scale': 0.2064674746506779, 'gd_line_alpha': 0.9170667951105206, 'coalescence_d_scale': 0.3105301331246248, 'capture_scale': 0.10699596939089162}. Best is trial 272 with value: 2.6222389481247.
[I 2026-05-03 11:41:27,188] Trial 306 finished with value: 2.828297730238725 and parameters: {'f_n': 2.0240117511168475e-07, 'K_d': 133983.1118099559, 'rho_d': 45452997573905.96, 'fission_rate': 7.56448358733401e+19, 'Dg_D1_scale': 2.203735941141042, 'Dg_D3_scale': 1.166396034693267, 'Dv_D1_scale': 0.48088220247023616, 'Dv_D2_scale': 2.745221368379743, 'b_bulk_scale': 2.2392910086581046, 'b_dislocation_scale': 0.2832924069868512, 'gb_scale': 5.861872325508277, 'gd_bubble_scale': 2.425034097830514, 'gd_line_scale': 0.1873624213170095, 'gd_line_alpha': 0.9533874124801301, 'coalescence_d_scale': 0.40765037243028573, 'capture_scale': 0.06259420003639829}. Best is trial 272 with value: 2.6222389481247.
[I 2026-05-03 11:41:31,693] Trial 307 finished with value: 2.6223545874727385 and parameters: {'f_n': 2.749153641587657e-07, 'K_d': 116961.72595128171, 'rho_d': 35203441047794.34, 'fission_rate': 7.490496634044183e+19, 'Dg_D1_scale': 2.5808308304658745, 'Dg_D3_scale': 1.1314653678548736, 'Dv_D1_scale': 0.5142909180663561, 'Dv_D2_scale': 2.5652893704788706, 'b_bulk_scale': 2.561132211821362, 'b_dislocation_scale': 0.22811149799128946, 'gb_scale': 5.4103280342674385, 'gd_bubble_scale': 2.107708517486491, 'gd_line_scale': 0.287366824813732, 'gd_line_alpha': 0.9141440111795478, 'coalescence_d_scale': 0.33721263417580266, 'capture_scale': 0.09945151836274903}. Best is trial 272 with value: 2.6222389481247.
[I 2026-05-03 11:41:38,063] Trial 308 finished with value: 2.6793123589208983 and parameters: {'f_n': 3.5882731492341556e-07, 'K_d': 116373.86191355024, 'rho_d': 38245471025928.28, 'fission_rate': 7.422827682130221e+19, 'Dg_D1_scale': 2.711281206154797, 'Dg_D3_scale': 1.4600954572045381, 'Dv_D1_scale': 0.5125602396607583, 'Dv_D2_scale': 2.4107097331984257, 'b_bulk_scale': 2.4085435075435027, 'b_dislocation_scale': 0.18063755037525311, 'gb_scale': 5.014782474529746, 'gd_bubble_scale': 1.8710610048467804, 'gd_line_scale': 0.2773461695956119, 'gd_line_alpha': 0.9242076919045513, 'coalescence_d_scale': 0.32804062398486505, 'capture_scale': 0.11627451610273484}. Best is trial 272 with value: 2.6222389481247.
[I 2026-05-03 11:41:44,504] Trial 309 finished with value: 3.3537666610176258 and parameters: {'f_n': 9.157942982351531e-07, 'K_d': 446764.7373323933, 'rho_d': 36195728924216.95, 'fission_rate': 7.469203062248342e+19, 'Dg_D1_scale': 2.5913132823427545, 'Dg_D3_scale': 1.230995707998247, 'Dv_D1_scale': 0.4769734785942492, 'Dv_D2_scale': 2.4873733172979478, 'b_bulk_scale': 2.1611823906907355, 'b_dislocation_scale': 0.16982800304858134, 'gb_scale': 5.349754886340781, 'gd_bubble_scale': 0.2941693516857589, 'gd_line_scale': 0.30355232917880093, 'gd_line_alpha': 0.9688549960947831, 'coalescence_d_scale': 0.5918355782247021, 'capture_scale': 0.10338204287901043}. Best is trial 272 with value: 2.6222389481247.
[I 2026-05-03 11:41:51,074] Trial 310 finished with value: 2.6355130966264344 and parameters: {'f_n': 4.4870177242742607e-07, 'K_d': 119429.99350137456, 'rho_d': 41346174227034.6, 'fission_rate': 7.369449789143271e+19, 'Dg_D1_scale': 2.4962176606109843, 'Dg_D3_scale': 2.6320432280369723, 'Dv_D1_scale': 0.5546889895192814, 'Dv_D2_scale': 2.634235442329851, 'b_bulk_scale': 1.8865500723539739, 'b_dislocation_scale': 0.20105793563620422, 'gb_scale': 4.278720682887646, 'gd_bubble_scale': 2.348184770352148, 'gd_line_scale': 0.21270069889243448, 'gd_line_alpha': 0.9469897866784749, 'coalescence_d_scale': 0.3622044463988695, 'capture_scale': 0.08039308454616523}. Best is trial 272 with value: 2.6222389481247.
[I 2026-05-03 11:41:57,533] Trial 311 finished with value: 2.659393569065057 and parameters: {'f_n': 2.7695999056137413e-07, 'K_d': 109080.95483768206, 'rho_d': 34721204819484.812, 'fission_rate': 7.428811998879954e+19, 'Dg_D1_scale': 2.4982375916579636, 'Dg_D3_scale': 1.1471214739931284, 'Dv_D1_scale': 0.5432088755635323, 'Dv_D2_scale': 3.1676494827154604, 'b_bulk_scale': 2.4243492355367393, 'b_dislocation_scale': 0.23858621579930456, 'gb_scale': 4.3617779461424115, 'gd_bubble_scale': 2.3843471670570775, 'gd_line_scale': 0.2142219058877586, 'gd_line_alpha': 0.8850353673025377, 'coalescence_d_scale': 0.3544725624176292, 'capture_scale': 0.08079573350959496}. Best is trial 272 with value: 2.6222389481247.
[I 2026-05-03 11:42:02,085] Trial 312 finished with value: 2.7189856188854393 and parameters: {'f_n': 3.2617408064051376e-07, 'K_d': 116859.3839084579, 'rho_d': 42333219643209.52, 'fission_rate': 7.360170986942969e+19, 'Dg_D1_scale': 2.1792570368373596, 'Dg_D3_scale': 1.3010576825699685, 'Dv_D1_scale': 0.5197639972477508, 'Dv_D2_scale': 2.9506703820749287, 'b_bulk_scale': 2.5668963938620784, 'b_dislocation_scale': 0.20200497680675894, 'gb_scale': 6.1657518481002676, 'gd_bubble_scale': 2.0475809668636265, 'gd_line_scale': 0.1794171278889055, 'gd_line_alpha': 0.9477927300950195, 'coalescence_d_scale': 0.5070783095616381, 'capture_scale': 0.06809370961667889}. Best is trial 272 with value: 2.6222389481247.Best trial: 272. Best value: 2.62224:  78%|███████▊  | 312/400 [33:07<09:11,  6.26s/it]Best trial: 272. Best value: 2.62224:  78%|███████▊  | 312/400 [33:07<09:11,  6.26s/it]Best trial: 272. Best value: 2.62224:  78%|███████▊  | 313/400 [33:07<08:20,  5.75s/it]                                                                                       Best trial: 272. Best value: 2.62224:  78%|███████▊  | 313/400 [33:14<08:20,  5.75s/it]Best trial: 272. Best value: 2.62224:  78%|███████▊  | 313/400 [33:14<08:20,  5.75s/it]Best trial: 272. Best value: 2.62224:  78%|███████▊  | 314/400 [33:14<08:32,  5.96s/it]                                                                                       Best trial: 272. Best value: 2.62224:  78%|███████▊  | 314/400 [33:20<08:32,  5.96s/it]Best trial: 272. Best value: 2.62224:  78%|███████▊  | 314/400 [33:20<08:32,  5.96s/it]Best trial: 272. Best value: 2.62224:  79%|███████▉  | 315/400 [33:20<08:39,  6.11s/it]                                                                                       Best trial: 272. Best value: 2.62224:  79%|███████▉  | 315/400 [33:26<08:39,  6.11s/it]Best trial: 272. Best value: 2.62224:  79%|███████▉  | 315/400 [33:27<08:39,  6.11s/it]Best trial: 272. Best value: 2.62224:  79%|███████▉  | 316/400 [33:27<08:36,  6.15s/it]                                                                                       Best trial: 272. Best value: 2.62224:  79%|███████▉  | 316/400 [33:33<08:36,  6.15s/it]Best trial: 272. Best value: 2.62224:  79%|███████▉  | 316/400 [33:33<08:36,  6.15s/it]Best trial: 272. Best value: 2.62224:  79%|███████▉  | 317/400 [33:33<08:37,  6.23s/it]                                                                                       Best trial: 272. Best value: 2.62224:  79%|███████▉  | 317/400 [33:37<08:37,  6.23s/it]Best trial: 272. Best value: 2.62224:  79%|███████▉  | 317/400 [33:37<08:37,  6.23s/it]Best trial: 272. Best value: 2.62224:  80%|███████▉  | 318/400 [33:37<07:46,  5.69s/it]                                                                                       Best trial: 272. Best value: 2.62224:  80%|███████▉  | 318/400 [33:44<07:46,  5.69s/it]Best trial: 272. Best value: 2.62224:  80%|███████▉  | 318/400 [33:44<07:46,  5.69s/it]Best trial: 272. Best value: 2.62224:  80%|███████▉  | 319/400 [33:44<08:00,  5.93s/it]                                                                                       Best trial: 272. Best value: 2.62224:  80%|███████▉  | 319/400 [33:52<08:00,  5.93s/it]Best trial: 272. Best value: 2.62224:  80%|███████▉  | 319/400 [33:52<08:00,  5.93s/it]Best trial: 272. Best value: 2.62224:  80%|████████  | 320/400 [33:52<08:38,  6.48s/it]                                                                                       Best trial: 272. Best value: 2.62224:  80%|████████  | 320/400 [33:59<08:38,  6.48s/it]Best trial: 272. Best value: 2.62224:  80%|████████  | 320/400 [33:59<08:38,  6.48s/it]Best trial: 272. Best value: 2.62224:  80%|████████  | 321/400 [33:59<08:54,  6.77s/it]                                                                                       Best trial: 272. Best value: 2.62224:  80%|████████  | 321/400 [34:07<08:54,  6.77s/it]Best trial: 272. Best value: 2.62224:  80%|████████  | 321/400 [34:07<08:54,  6.77s/it]Best trial: 272. Best value: 2.62224:  80%|████████  | 322/400 [34:07<09:09,  7.04s/it]                                                                                       Best trial: 272. Best value: 2.62224:  80%|████████  | 322/400 [34:12<09:09,  7.04s/it]Best trial: 272. Best value: 2.62224:  80%|████████  | 322/400 [34:12<09:09,  7.04s/it]Best trial: 272. Best value: 2.62224:  81%|████████  | 323/400 [34:12<08:24,  6.55s/it]                                                                                       Best trial: 272. Best value: 2.62224:  81%|████████  | 323/400 [34:19<08:24,  6.55s/it]Best trial: 272. Best value: 2.62224:  81%|████████  | 323/400 [34:19<08:24,  6.55s/it]Best trial: 272. Best value: 2.62224:  81%|████████  | 324/400 [34:19<08:31,  6.73s/it]                                                                                       
[I 2026-05-03 11:42:08,529] Trial 313 finished with value: 2.6879014573054194 and parameters: {'f_n': 2.5637713436563856e-07, 'K_d': 120913.72798141901, 'rho_d': 36725941080635.305, 'fission_rate': 7.447745679164237e+19, 'Dg_D1_scale': 1.9507199864257476, 'Dg_D3_scale': 3.3048929377549183, 'Dv_D1_scale': 0.5725192173423895, 'Dv_D2_scale': 3.212020372761895, 'b_bulk_scale': 2.0930106878953594, 'b_dislocation_scale': 0.18688850698960255, 'gb_scale': 4.7248886646360555, 'gd_bubble_scale': 2.184988020096198, 'gd_line_scale': 0.2204704430037282, 'gd_line_alpha': 0.9578043108110379, 'coalescence_d_scale': 0.38582096375588176, 'capture_scale': 0.07846264370134766}. Best is trial 272 with value: 2.6222389481247.
[I 2026-05-03 11:42:14,983] Trial 314 finished with value: 2.7709713775869287 and parameters: {'f_n': 4.035566343740393e-07, 'K_d': 129000.22629350079, 'rho_d': 39060601215896.48, 'fission_rate': 7.3678300727191904e+19, 'Dg_D1_scale': 0.7486706835319831, 'Dg_D3_scale': 2.236000532602372, 'Dv_D1_scale': 0.49752744162836754, 'Dv_D2_scale': 2.617293525460485, 'b_bulk_scale': 1.986015009204178, 'b_dislocation_scale': 0.15758063663948502, 'gb_scale': 5.753122091011239, 'gd_bubble_scale': 1.7605984302047963, 'gd_line_scale': 0.254295238508221, 'gd_line_alpha': 0.9129701357941827, 'coalescence_d_scale': 0.30971570099658136, 'capture_scale': 0.09663511589284954}. Best is trial 272 with value: 2.6222389481247.
[I 2026-05-03 11:42:21,223] Trial 315 finished with value: 2.8637121210632226 and parameters: {'f_n': 3.2964623618090606e-07, 'K_d': 110994.2890617965, 'rho_d': 40394215534789.81, 'fission_rate': 7.521347514809436e+19, 'Dg_D1_scale': 2.4089992335599932, 'Dg_D3_scale': 3.3031264593071263, 'Dv_D1_scale': 0.4654725301600897, 'Dv_D2_scale': 2.9468320843842135, 'b_bulk_scale': 2.2918851316843423, 'b_dislocation_scale': 0.23121664169525505, 'gb_scale': 4.161575677198434, 'gd_bubble_scale': 2.487252727746163, 'gd_line_scale': 0.34494506535455743, 'gd_line_alpha': 0.8901070314848321, 'coalescence_d_scale': 0.2768214587987938, 'capture_scale': 0.10483029620740493}. Best is trial 272 with value: 2.6222389481247.
[I 2026-05-03 11:42:27,644] Trial 316 finished with value: 2.65105673891877 and parameters: {'f_n': 4.730531054968865e-07, 'K_d': 120925.64953258818, 'rho_d': 42487392827999.02, 'fission_rate': 7.344261628268633e+19, 'Dg_D1_scale': 2.6023500188272672, 'Dg_D3_scale': 1.2265518306718055, 'Dv_D1_scale': 0.6230686804495663, 'Dv_D2_scale': 2.352324167016653, 'b_bulk_scale': 2.6381076537705663, 'b_dislocation_scale': 0.16622875140556986, 'gb_scale': 5.214861121938149, 'gd_bubble_scale': 1.9667042363455547, 'gd_line_scale': 0.1900640910144312, 'gd_line_alpha': 0.9346067402058423, 'coalescence_d_scale': 0.3320142881331203, 'capture_scale': 0.12030320372877644}. Best is trial 272 with value: 2.6222389481247.
[I 2026-05-03 11:42:32,066] Trial 317 finished with value: 2.7093943857022307 and parameters: {'f_n': 3.9839394736928925e-07, 'K_d': 114825.87349151517, 'rho_d': 43124678274863.86, 'fission_rate': 7.3466068422909395e+19, 'Dg_D1_scale': 2.6123671424874138, 'Dg_D3_scale': 2.9150406386026866, 'Dv_D1_scale': 0.6533800905282707, 'Dv_D2_scale': 3.504942679664108, 'b_bulk_scale': 2.5547287474723945, 'b_dislocation_scale': 0.19416096629356455, 'gb_scale': 5.548940986439597, 'gd_bubble_scale': 1.5646126805344451, 'gd_line_scale': 0.19932691657482418, 'gd_line_alpha': 0.9392948342779367, 'coalescence_d_scale': 0.3504791102267159, 'capture_scale': 0.11720472875001701}. Best is trial 272 with value: 2.6222389481247.
[I 2026-05-03 11:42:38,552] Trial 318 finished with value: 3.949873809865498 and parameters: {'f_n': 4.7529918107216125e-07, 'K_d': 122615.95900172979, 'rho_d': 46787009425747.945, 'fission_rate': 7.497137388967202e+19, 'Dg_D1_scale': 2.478279579264282, 'Dg_D3_scale': 1.1042883703546493, 'Dv_D1_scale': 0.5435579716082893, 'Dv_D2_scale': 2.3015742963873516, 'b_bulk_scale': 2.853697808577285, 'b_dislocation_scale': 0.16824865337061345, 'gb_scale': 5.21898327668063, 'gd_bubble_scale': 1.9761179720011461, 'gd_line_scale': 0.6845451935454108, 'gd_line_alpha': 0.9732214576570698, 'coalescence_d_scale': 0.2909232960223132, 'capture_scale': 0.08616440177328932}. Best is trial 272 with value: 2.6222389481247.
[I 2026-05-03 11:42:46,285] Trial 319 finished with value: 2.7915889051154834 and parameters: {'f_n': 5.318563929491777e-07, 'K_d': 109236.74387205005, 'rho_d': 43931705301946.16, 'fission_rate': 7.426825895359545e+19, 'Dg_D1_scale': 2.2519814726772123, 'Dg_D3_scale': 1.1886943822043479, 'Dv_D1_scale': 0.6076017967943109, 'Dv_D2_scale': 3.0878441307143967, 'b_bulk_scale': 2.1795534275957125, 'b_dislocation_scale': 0.21165031971803283, 'gb_scale': 4.5966881048218875, 'gd_bubble_scale': 1.8045579931435396, 'gd_line_scale': 0.18331948302420045, 'gd_line_alpha': 0.9167126449327909, 'coalescence_d_scale': 0.3255971533565281, 'capture_scale': 0.09874218251898718}. Best is trial 272 with value: 2.6222389481247.
[I 2026-05-03 11:42:53,757] Trial 320 finished with value: 2.6236470718284317 and parameters: {'f_n': 2.9157355184278786e-07, 'K_d': 118913.29448877242, 'rho_d': 41475295954058.586, 'fission_rate': 7.310256684909794e+19, 'Dg_D1_scale': 2.697031086745833, 'Dg_D3_scale': 1.242439809679894, 'Dv_D1_scale': 0.5086586557150058, 'Dv_D2_scale': 2.7833233607202943, 'b_bulk_scale': 1.9434060080793039, 'b_dislocation_scale': 0.17579337605084228, 'gb_scale': 6.4876885812173715, 'gd_bubble_scale': 2.195196489153105, 'gd_line_scale': 0.2427802539036522, 'gd_line_alpha': 0.9369778425736907, 'coalescence_d_scale': 0.2686773416281854, 'capture_scale': 0.12803494256533043}. Best is trial 272 with value: 2.6222389481247.
[I 2026-05-03 11:43:01,318] Trial 321 finished with value: 2.71844490256766 and parameters: {'f_n': 2.486488979950514e-07, 'K_d': 116289.32668381401, 'rho_d': 41477701286568.25, 'fission_rate': 7.347732774863349e+19, 'Dg_D1_scale': 2.752972368459391, 'Dg_D3_scale': 2.619093935137413, 'Dv_D1_scale': 0.5591829053431862, 'Dv_D2_scale': 2.371464929206211, 'b_bulk_scale': 1.9060279319791404, 'b_dislocation_scale': 0.1629407003334467, 'gb_scale': 6.654308257378782, 'gd_bubble_scale': 2.1521860699617013, 'gd_line_scale': 0.24405924954741287, 'gd_line_alpha': 0.9296029723074481, 'coalescence_d_scale': 0.40682893552094723, 'capture_scale': 0.13389577323206656}. Best is trial 272 with value: 2.6222389481247.
[I 2026-05-03 11:43:06,815] Trial 322 finished with value: 2.9130712202680225 and parameters: {'f_n': 3.4308886311503675e-07, 'K_d': 112542.12387050055, 'rho_d': 47184915399823.46, 'fission_rate': 7.2948876404487995e+19, 'Dg_D1_scale': 2.620395278009636, 'Dg_D3_scale': 1.391254811239502, 'Dv_D1_scale': 0.5134133347911988, 'Dv_D2_scale': 3.2487728776599067, 'b_bulk_scale': 2.9613037391655648, 'b_dislocation_scale': 0.16209415566795776, 'gb_scale': 5.198365070886554, 'gd_bubble_scale': 2.270041966696541, 'gd_line_scale': 0.2124291919934067, 'gd_line_alpha': 0.9081428667232396, 'coalescence_d_scale': 0.35554078343551115, 'capture_scale': 0.1193404272018484}. Best is trial 272 with value: 2.6222389481247.
[I 2026-05-03 11:43:13,977] Trial 323 finished with value: 3.1979480399440687 and parameters: {'f_n': 2.9479515830794627e-07, 'K_d': 127132.26690642917, 'rho_d': 35535432765127.1, 'fission_rate': 7.413574146149004e+19, 'Dg_D1_scale': 2.4799959971546572, 'Dg_D3_scale': 1.1214105911704648, 'Dv_D1_scale': 0.5259334314635713, 'Dv_D2_scale': 3.00853260351948, 'b_bulk_scale': 2.549701450384, 'b_dislocation_scale': 0.19524801885709786, 'gb_scale': 4.051406422636326, 'gd_bubble_scale': 0.3546361800410681, 'gd_line_scale': 0.16702924038243705, 'gd_line_alpha': 0.976001366300699, 'coalescence_d_scale': 0.3121687609218757, 'capture_scale': 0.1384471421590577}. Best is trial 272 with value: 2.6222389481247.
