[I 2026-05-03 11:21:23,403] Trial 115 finished with value: 3.5382067927987695 and parameters: {'f_n': 2.4305443289546092e-06, 'K_d': 221478.0088837803, 'rho_d': 67042016090087.22, 'fission_rate': 7.531421489925438e+19, 'Dg_D1_scale': 3.081973816820393, 'Dg_D3_scale': 0.5103611960514413, 'Dv_D1_scale': 0.25296739618219066, 'Dv_D2_scale': 1.6462292462820869, 'b_bulk_scale': 0.5572444162577449, 'b_dislocation_scale': 0.1356980323912853, 'gb_scale': 0.33032605525788483, 'gd_bubble_scale': 3.754933417759684, 'gd_line_scale': 0.09347670781929884, 'gd_line_alpha': 0.6956271188851001, 'coalescence_d_scale': 0.15571777573016465, 'capture_scale': 0.6473165074703774}. Best is trial 92 with value: 2.7058288933810783.
[I 2026-05-03 11:21:29,656] Trial 116 finished with value: 2.763934742331142 and parameters: {'f_n': 1.3374119497270236e-06, 'K_d': 241975.88837356487, 'rho_d': 39918187602765.15, 'fission_rate': 7.337550469646679e+19, 'Dg_D1_scale': 3.6744188328851903, 'Dg_D3_scale': 0.5990204961804929, 'Dv_D1_scale': 0.2729060611402057, 'Dv_D2_scale': 1.5782721404632893, 'b_bulk_scale': 0.7542561193811181, 'b_dislocation_scale': 0.10786797232882696, 'gb_scale': 1.1454535886588189, 'gd_bubble_scale': 2.5797564324304783, 'gd_line_scale': 0.07163496877969945, 'gd_line_alpha': 0.9033501413278554, 'coalescence_d_scale': 0.131590976710098, 'capture_scale': 0.3303544505408237}. Best is trial 92 with value: 2.7058288933810783.
[I 2026-05-03 11:21:36,050] Trial 117 finished with value: 2.8783932466565543 and parameters: {'f_n': 1.3776370483094523e-06, 'K_d': 247731.40869710216, 'rho_d': 39363505261461.22, 'fission_rate': 7.189396406660356e+19, 'Dg_D1_scale': 3.5698733741138056, 'Dg_D3_scale': 0.6319414306676315, 'Dv_D1_scale': 0.2755328369164961, 'Dv_D2_scale': 1.5655541060794675, 'b_bulk_scale': 1.3568134188386405, 'b_dislocation_scale': 0.2008282215203467, 'gb_scale': 1.2047227119631254, 'gd_bubble_scale': 2.4593582040268585, 'gd_line_scale': 0.07217899725323597, 'gd_line_alpha': 0.9050081939278667, 'coalescence_d_scale': 0.25040218908873163, 'capture_scale': 0.33391316641502106}. Best is trial 92 with value: 2.7058288933810783.
[I 2026-05-03 11:21:42,490] Trial 118 finished with value: 2.896369154040991 and parameters: {'f_n': 9.317279033085465e-07, 'K_d': 214578.79680748758, 'rho_d': 48755593341436.63, 'fission_rate': 7.403242122395915e+19, 'Dg_D1_scale': 3.7716639008455206, 'Dg_D3_scale': 0.5705328373845308, 'Dv_D1_scale': 0.22489122067361678, 'Dv_D2_scale': 1.3912776182906752, 'b_bulk_scale': 0.7149592115450937, 'b_dislocation_scale': 0.16785489348499438, 'gb_scale': 0.9822268018534832, 'gd_bubble_scale': 2.204813792010215, 'gd_line_scale': 0.06383333102197719, 'gd_line_alpha': 0.6248383694253736, 'coalescence_d_scale': 0.1913922819603172, 'capture_scale': 0.4954872267303314}. Best is trial 92 with value: 2.7058288933810783.
[I 2026-05-03 11:21:47,175] Trial 119 finished with value: 4.622456087287694 and parameters: {'f_n': 5.980177040768698e-07, 'K_d': 268419.795829721, 'rho_d': 34508225854733.027, 'fission_rate': 7.279001192116264e+19, 'Dg_D1_scale': 3.3100406315299438, 'Dg_D3_scale': 0.7603406938824088, 'Dv_D1_scale': 0.26626895214834595, 'Dv_D2_scale': 1.2506971690988806, 'b_bulk_scale': 0.8366304818064874, 'b_dislocation_scale': 0.10892357035261835, 'gb_scale': 0.49093651324630855, 'gd_bubble_scale': 4.91319851276832, 'gd_line_scale': 5.791081593379772, 'gd_line_alpha': 0.9646510327793653, 'coalescence_d_scale': 0.13532238124011256, 'capture_scale': 0.2713176550540184}. Best is trial 92 with value: 2.7058288933810783.
[I 2026-05-03 11:21:53,309] Trial 120 finished with value: 4.894721860151802 and parameters: {'f_n': 1.2733445843066184e-06, 'K_d': 233647.09515013578, 'rho_d': 30804032977966.617, 'fission_rate': 6.95584280716954e+19, 'Dg_D1_scale': 2.4280744901878513, 'Dg_D3_scale': 0.362540677200563, 'Dv_D1_scale': 0.32372924053778324, 'Dv_D2_scale': 1.5574914267090005, 'b_bulk_scale': 0.9307851271982877, 'b_dislocation_scale': 1.1829436608195014, 'gb_scale': 1.0951732665328773, 'gd_bubble_scale': 2.99920758745004, 'gd_line_scale': 0.07321405076961052, 'gd_line_alpha': 0.7990369765566006, 'coalescence_d_scale': 0.17221708461320392, 'capture_scale': 0.44026354942871476}. Best is trial 92 with value: 2.7058288933810783.Best trial: 92. Best value: 2.70583:  30%|███       | 120/400 [12:59<26:42,  5.72s/it]Best trial: 92. Best value: 2.70583:  30%|███       | 120/400 [12:59<26:42,  5.72s/it]Best trial: 92. Best value: 2.70583:  30%|███       | 121/400 [12:59<27:11,  5.85s/it]                                                                                      Best trial: 92. Best value: 2.70583:  30%|███       | 121/400 [13:05<27:11,  5.85s/it]Best trial: 92. Best value: 2.70583:  30%|███       | 121/400 [13:05<27:11,  5.85s/it]Best trial: 92. Best value: 2.70583:  30%|███       | 122/400 [13:05<27:50,  6.01s/it]                                                                                      Best trial: 92. Best value: 2.70583:  30%|███       | 122/400 [13:11<27:50,  6.01s/it]Best trial: 92. Best value: 2.70583:  30%|███       | 122/400 [13:12<27:50,  6.01s/it]Best trial: 92. Best value: 2.70583:  31%|███       | 123/400 [13:12<28:30,  6.17s/it]                                                                                      Best trial: 92. Best value: 2.70583:  31%|███       | 123/400 [13:18<28:30,  6.17s/it]Best trial: 92. Best value: 2.70583:  31%|███       | 123/400 [13:18<28:30,  6.17s/it]Best trial: 92. Best value: 2.70583:  31%|███       | 124/400 [13:18<28:54,  6.28s/it]                                                                                      Best trial: 92. Best value: 2.70583:  31%|███       | 124/400 [13:23<28:54,  6.28s/it]Best trial: 92. Best value: 2.70583:  31%|███       | 124/400 [13:23<28:54,  6.28s/it]Best trial: 92. Best value: 2.70583:  31%|███▏      | 125/400 [13:23<26:34,  5.80s/it]                                                                                      Best trial: 92. Best value: 2.70583:  31%|███▏      | 125/400 [13:29<26:34,  5.80s/it]Best trial: 92. Best value: 2.70583:  31%|███▏      | 125/400 [13:29<26:34,  5.80s/it]Best trial: 92. Best value: 2.70583:  32%|███▏      | 126/400 [13:29<27:23,  6.00s/it]                                                                                      Best trial: 92. Best value: 2.70583:  32%|███▏      | 126/400 [13:36<27:23,  6.00s/it]Best trial: 92. Best value: 2.70583:  32%|███▏      | 126/400 [13:36<27:23,  6.00s/it]Best trial: 92. Best value: 2.70583:  32%|███▏      | 127/400 [13:36<28:01,  6.16s/it]                                                                                      Best trial: 92. Best value: 2.70583:  32%|███▏      | 127/400 [13:42<28:01,  6.16s/it]Best trial: 92. Best value: 2.70583:  32%|███▏      | 127/400 [13:42<28:01,  6.16s/it]Best trial: 92. Best value: 2.70583:  32%|███▏      | 128/400 [13:42<28:34,  6.30s/it]                                                                                      Best trial: 92. Best value: 2.70583:  32%|███▏      | 128/400 [13:49<28:34,  6.30s/it]Best trial: 92. Best value: 2.70583:  32%|███▏      | 128/400 [13:49<28:34,  6.30s/it]Best trial: 92. Best value: 2.70583:  32%|███▏      | 129/400 [13:49<28:25,  6.30s/it]                                                                                      Best trial: 92. Best value: 2.70583:  32%|███▏      | 129/400 [13:54<28:25,  6.30s/it]Best trial: 92. Best value: 2.70583:  32%|███▏      | 129/400 [13:54<28:25,  6.30s/it]Best trial: 92. Best value: 2.70583:  32%|███▎      | 130/400 [13:54<26:43,  5.94s/it]                                                                                      Best trial: 92. Best value: 2.70583:  32%|███▎      | 130/400 [14:00<26:43,  5.94s/it]Best trial: 92. Best value: 2.70583:  32%|███▎      | 130/400 [14:00<26:43,  5.94s/it]Best trial: 92. Best value: 2.70583:  33%|███▎      | 131/400 [14:00<27:37,  6.16s/it]                                                                                      Best trial: 92. Best value: 2.70583:  33%|███▎      | 131/400 [14:07<27:37,  6.16s/it]Best trial: 92. Best value: 2.70583:  33%|███▎      | 131/400 [14:07<27:37,  6.16s/it]Best trial: 92. Best value: 2.70583:  33%|███▎      | 132/400 [14:07<28:20,  6.34s/it]                                                                                      
[I 2026-05-03 11:21:59,698] Trial 121 finished with value: 3.145744468756008 and parameters: {'f_n': 2.1295998213084483e-06, 'K_d': 194176.09568409697, 'rho_d': 37828559035975.766, 'fission_rate': 7.3333705887823544e+19, 'Dg_D1_scale': 2.6319889796005187, 'Dg_D3_scale': 0.4721843603216291, 'Dv_D1_scale': 0.2392249867819112, 'Dv_D2_scale': 1.2575263336155416, 'b_bulk_scale': 0.43835270372025176, 'b_dislocation_scale': 0.14439313837575377, 'gb_scale': 0.24429681498173922, 'gd_bubble_scale': 1.2966421152370384, 'gd_line_scale': 0.05909681461985517, 'gd_line_alpha': 0.8661816124398056, 'coalescence_d_scale': 0.1226926295330046, 'capture_scale': 0.7716757723942022}. Best is trial 92 with value: 2.7058288933810783.
[I 2026-05-03 11:22:06,258] Trial 122 finished with value: 2.86761980211875 and parameters: {'f_n': 1.940842089901449e-06, 'K_d': 208158.65179963066, 'rho_d': 40962433623867.57, 'fission_rate': 7.088566444320936e+19, 'Dg_D1_scale': 3.048327229821693, 'Dg_D3_scale': 0.6191207283839253, 'Dv_D1_scale': 0.21078669148802867, 'Dv_D2_scale': 0.6644383011721633, 'b_bulk_scale': 0.49567682698008575, 'b_dislocation_scale': 0.12061429670510901, 'gb_scale': 0.8697654178273475, 'gd_bubble_scale': 2.610296664523579, 'gd_line_scale': 0.08186940024648981, 'gd_line_alpha': 0.7602712096447378, 'coalescence_d_scale': 0.10891114062170874, 'capture_scale': 0.9993503762733588}. Best is trial 92 with value: 2.7058288933810783.
[I 2026-05-03 11:22:12,800] Trial 123 finished with value: 2.74857193678104 and parameters: {'f_n': 1.6209288319873036e-06, 'K_d': 206575.36810158935, 'rho_d': 45356413791907.24, 'fission_rate': 7.073510009241425e+19, 'Dg_D1_scale': 3.022831819089255, 'Dg_D3_scale': 0.6197123732658455, 'Dv_D1_scale': 0.21034117523186166, 'Dv_D2_scale': 1.8477450020550827, 'b_bulk_scale': 0.6425024501372184, 'b_dislocation_scale': 0.12018268276848255, 'gb_scale': 0.6766208463689167, 'gd_bubble_scale': 2.7349100718185473, 'gd_line_scale': 0.08390705028931003, 'gd_line_alpha': 0.7527259216914834, 'coalescence_d_scale': 0.10802535223211682, 'capture_scale': 1.0542183456839134}. Best is trial 92 with value: 2.7058288933810783.
[I 2026-05-03 11:22:17,465] Trial 124 finished with value: 2.791293433865831 and parameters: {'f_n': 1.7612664147066261e-06, 'K_d': 202393.24738672606, 'rho_d': 41057997248481.766, 'fission_rate': 7.062133168745899e+19, 'Dg_D1_scale': 3.048495963361052, 'Dg_D3_scale': 0.5917800940875926, 'Dv_D1_scale': 0.20052347327155884, 'Dv_D2_scale': 1.4087717089435, 'b_bulk_scale': 0.6560253401621005, 'b_dislocation_scale': 0.12192180906064248, 'gb_scale': 0.9130819288093157, 'gd_bubble_scale': 2.6632734915359544, 'gd_line_scale': 0.06735308518890389, 'gd_line_alpha': 0.7442124158151403, 'coalescence_d_scale': 0.11103680249402706, 'capture_scale': 1.0097628223768342}. Best is trial 92 with value: 2.7058288933810783.
[I 2026-05-03 11:22:23,932] Trial 125 finished with value: 2.8863886422448655 and parameters: {'f_n': 1.5351077129774578e-06, 'K_d': 200019.02109973054, 'rho_d': 34973744984088.01, 'fission_rate': 7.24371719402418e+19, 'Dg_D1_scale': 2.804967019635691, 'Dg_D3_scale': 0.6935047327888332, 'Dv_D1_scale': 0.20278274015363376, 'Dv_D2_scale': 1.8177242341749837, 'b_bulk_scale': 0.6379698587329522, 'b_dislocation_scale': 0.13102976978021474, 'gb_scale': 1.4320338309155414, 'gd_bubble_scale': 3.541162915979564, 'gd_line_scale': 0.06552375734064791, 'gd_line_alpha': 0.7641987242463827, 'coalescence_d_scale': 0.14892784755358698, 'capture_scale': 0.6128768008662077}. Best is trial 92 with value: 2.7058288933810783.
[I 2026-05-03 11:22:30,463] Trial 126 finished with value: 2.798680416735748 and parameters: {'f_n': 2.9804293389150986e-06, 'K_d': 188347.79441312494, 'rho_d': 28680796424880.297, 'fission_rate': 7.156460730868002e+19, 'Dg_D1_scale': 3.635545795917875, 'Dg_D3_scale': 0.5729432071464512, 'Dv_D1_scale': 0.22573626860271062, 'Dv_D2_scale': 1.4216086333435385, 'b_bulk_scale': 0.7507103008191315, 'b_dislocation_scale': 0.10753218020933837, 'gb_scale': 0.6710576057425198, 'gd_bubble_scale': 2.836176904809731, 'gd_line_scale': 0.0548214866904127, 'gd_line_alpha': 0.8560988596535881, 'coalescence_d_scale': 0.1335537327548159, 'capture_scale': 0.38134339264659306}. Best is trial 92 with value: 2.7058288933810783.
[I 2026-05-03 11:22:37,101] Trial 127 finished with value: 6.555653816921214 and parameters: {'f_n': 2.5493067973604323e-06, 'K_d': 162248.8695714162, 'rho_d': 46196885226076.61, 'fission_rate': 7.051167178133195e+19, 'Dg_D1_scale': 3.6681806992831927, 'Dg_D3_scale': 0.49801448719958274, 'Dv_D1_scale': 0.22757188538665635, 'Dv_D2_scale': 1.4383003265768737, 'b_bulk_scale': 0.7481406051826832, 'b_dislocation_scale': 0.115116036026491, 'gb_scale': 0.6770884658693926, 'gd_bubble_scale': 2.862019206504552, 'gd_line_scale': 0.05472837343656785, 'gd_line_alpha': 0.8734947430958958, 'coalescence_d_scale': 10.575034446183524, 'capture_scale': 0.3874500523035254}. Best is trial 92 with value: 2.7058288933810783.
[I 2026-05-03 11:22:43,376] Trial 128 finished with value: 2.8688447824390204 and parameters: {'f_n': 1.61031055006796e-06, 'K_d': 188039.9271973624, 'rho_d': 29263836864960.52, 'fission_rate': 7.562320835394608e+19, 'Dg_D1_scale': 3.022442070112576, 'Dg_D3_scale': 0.5370474578415311, 'Dv_D1_scale': 0.23051587414929997, 'Dv_D2_scale': 1.6043144009870403, 'b_bulk_scale': 1.1548910449504406, 'b_dislocation_scale': 0.103239644303774, 'gb_scale': 0.7261099634023175, 'gd_bubble_scale': 4.172916275601213, 'gd_line_scale': 0.06877469502038981, 'gd_line_alpha': 0.9066643264216072, 'coalescence_d_scale': 0.11220997893420206, 'capture_scale': 0.32416890459122744}. Best is trial 92 with value: 2.7058288933810783.
[I 2026-05-03 11:22:48,486] Trial 129 finished with value: 2.7200468263376325 and parameters: {'f_n': 2.856247151199509e-06, 'K_d': 154908.8894667418, 'rho_d': 39784643836108.73, 'fission_rate': 6.890836433302587e+19, 'Dg_D1_scale': 3.948668323585629, 'Dg_D3_scale': 0.5692044456320535, 'Dv_D1_scale': 0.20030253784547103, 'Dv_D2_scale': 2.148804420283074, 'b_bulk_scale': 1.0020705193423363, 'b_dislocation_scale': 0.08870028264495912, 'gb_scale': 0.8223282789065696, 'gd_bubble_scale': 2.441428909421416, 'gd_line_scale': 0.05174236515489916, 'gd_line_alpha': 0.6894344178434414, 'coalescence_d_scale': 0.1310757249149712, 'capture_scale': 0.4882178333028721}. Best is trial 92 with value: 2.7058288933810783.
[I 2026-05-03 11:22:55,173] Trial 130 finished with value: 2.724476023449851 and parameters: {'f_n': 2.9472294708889296e-06, 'K_d': 155635.21798719378, 'rho_d': 42258555540213.57, 'fission_rate': 7.002332923897054e+19, 'Dg_D1_scale': 3.8473835617169407, 'Dg_D3_scale': 0.6625059332329147, 'Dv_D1_scale': 0.2005442374812313, 'Dv_D2_scale': 2.191062708739509, 'b_bulk_scale': 1.0150685687289773, 'b_dislocation_scale': 0.09216547462777044, 'gb_scale': 0.7845317984500407, 'gd_bubble_scale': 2.488198534082458, 'gd_line_scale': 0.05159325370913771, 'gd_line_alpha': 0.7078027308854972, 'coalescence_d_scale': 0.10505180480473954, 'capture_scale': 0.4745333151393231}. Best is trial 92 with value: 2.7058288933810783.
[I 2026-05-03 11:23:01,940] Trial 131 finished with value: 2.879014851251556 and parameters: {'f_n': 2.600487426496978e-06, 'K_d': 155096.66349949667, 'rho_d': 43387767721461.266, 'fission_rate': 6.90264976899745e+19, 'Dg_D1_scale': 3.97550668703458, 'Dg_D3_scale': 0.6621335832229943, 'Dv_D1_scale': 0.20055926612729685, 'Dv_D2_scale': 2.491533549390958, 'b_bulk_scale': 1.5075869748647301, 'b_dislocation_scale': 0.08343794652896974, 'gb_scale': 0.7991385998146774, 'gd_bubble_scale': 2.3206258503313184, 'gd_line_scale': 0.05055806568719563, 'gd_line_alpha': 0.6809321588296452, 'coalescence_d_scale': 0.10205202574981503, 'capture_scale': 0.24911281387636106}. Best is trial 92 with value: 2.7058288933810783.
[I 2026-05-03 11:23:08,624] Trial 132 finished with value: 2.805687567664726 and parameters: {'f_n': 2.962856601679262e-06, 'K_d': 128871.98347678014, 'rho_d': 53574274732466.15, 'fission_rate': 6.994873203616585e+19, 'Dg_D1_scale': 3.5244307483325787, 'Dg_D3_scale': 0.7305091096286345, 'Dv_D1_scale': 0.2157754812001651, 'Dv_D2_scale': 2.09788885683696, 'b_bulk_scale': 1.0294700276964848, 'b_dislocation_scale': 0.07617802123061831, 'gb_scale': 1.0623887337773752, 'gd_bubble_scale': 2.706263182474, 'gd_line_scale': 0.05822228101440543, 'gd_line_alpha': 0.7092008896410329, 'coalescence_d_scale': 0.1280601525014746, 'capture_scale': 0.4160944482840877}. Best is trial 92 with value: 2.7058288933810783.Best trial: 92. Best value: 2.70583:  33%|███▎      | 132/400 [14:14<28:20,  6.34s/it]Best trial: 92. Best value: 2.70583:  33%|███▎      | 132/400 [14:14<28:20,  6.34s/it]Best trial: 92. Best value: 2.70583:  33%|███▎      | 133/400 [14:14<28:41,  6.45s/it]                                                                                      Best trial: 92. Best value: 2.70583:  33%|███▎      | 133/400 [14:21<28:41,  6.45s/it]Best trial: 92. Best value: 2.70583:  33%|███▎      | 133/400 [14:21<28:41,  6.45s/it]Best trial: 92. Best value: 2.70583:  34%|███▎      | 134/400 [14:21<28:57,  6.53s/it]                                                                                      Best trial: 92. Best value: 2.70583:  34%|███▎      | 134/400 [14:26<28:57,  6.53s/it]Best trial: 92. Best value: 2.70583:  34%|███▎      | 134/400 [14:26<28:57,  6.53s/it]Best trial: 92. Best value: 2.70583:  34%|███▍      | 135/400 [14:26<26:45,  6.06s/it]                                                                                      Best trial: 92. Best value: 2.70583:  34%|███▍      | 135/400 [14:32<26:45,  6.06s/it]Best trial: 92. Best value: 2.70583:  34%|███▍      | 135/400 [14:32<26:45,  6.06s/it]Best trial: 92. Best value: 2.70583:  34%|███▍      | 136/400 [14:32<27:36,  6.27s/it]                                                                                      Best trial: 92. Best value: 2.70583:  34%|███▍      | 136/400 [14:39<27:36,  6.27s/it]Best trial: 92. Best value: 2.70583:  34%|███▍      | 136/400 [14:39<27:36,  6.27s/it]Best trial: 92. Best value: 2.70583:  34%|███▍      | 137/400 [14:39<27:51,  6.35s/it]                                                                                      Best trial: 92. Best value: 2.70583:  34%|███▍      | 137/400 [14:46<27:51,  6.35s/it]Best trial: 92. Best value: 2.70583:  34%|███▍      | 137/400 [14:46<27:51,  6.35s/it]Best trial: 92. Best value: 2.70583:  34%|███▍      | 138/400 [14:46<28:18,  6.48s/it]                                                                                      Best trial: 92. Best value: 2.70583:  34%|███▍      | 138/400 [14:52<28:18,  6.48s/it]Best trial: 92. Best value: 2.70583:  34%|███▍      | 138/400 [14:52<28:18,  6.48s/it]Best trial: 92. Best value: 2.70583:  35%|███▍      | 139/400 [14:52<28:20,  6.51s/it]                                                                                      Best trial: 92. Best value: 2.70583:  35%|███▍      | 139/400 [14:57<28:20,  6.51s/it]Best trial: 139. Best value: 2.70047:  35%|███▍      | 139/400 [14:57<28:20,  6.51s/it]Best trial: 139. Best value: 2.70047:  35%|███▌      | 140/400 [14:57<26:14,  6.05s/it]                                                                                       Best trial: 139. Best value: 2.70047:  35%|███▌      | 140/400 [15:04<26:14,  6.05s/it]Best trial: 139. Best value: 2.70047:  35%|███▌      | 140/400 [15:04<26:14,  6.05s/it]Best trial: 139. Best value: 2.70047:  35%|███▌      | 141/400 [15:04<26:53,  6.23s/it]                                                                                       Best trial: 139. Best value: 2.70047:  35%|███▌      | 141/400 [15:10<26:53,  6.23s/it]Best trial: 139. Best value: 2.70047:  35%|███▌      | 141/400 [15:10<26:53,  6.23s/it]Best trial: 139. Best value: 2.70047:  36%|███▌      | 142/400 [15:10<27:08,  6.31s/it]                                                                                       Best trial: 139. Best value: 2.70047:  36%|███▌      | 142/400 [15:17<27:08,  6.31s/it]Best trial: 139. Best value: 2.70047:  36%|███▌      | 142/400 [15:17<27:08,  6.31s/it]Best trial: 139. Best value: 2.70047:  36%|███▌      | 143/400 [15:17<27:41,  6.46s/it]                                                                                       Best trial: 139. Best value: 2.70047:  36%|███▌      | 143/400 [15:22<27:41,  6.46s/it]Best trial: 143. Best value: 2.69131:  36%|███▌      | 143/400 [15:22<27:41,  6.46s/it]Best trial: 143. Best value: 2.69131:  36%|███▌      | 144/400 [15:22<25:23,  5.95s/it]                                                                                       
[I 2026-05-03 11:23:15,354] Trial 133 finished with value: 2.714242799936844 and parameters: {'f_n': 2.7802796122521207e-06, 'K_d': 134128.94910867044, 'rho_d': 48757817916114.97, 'fission_rate': 6.963246747250825e+19, 'Dg_D1_scale': 3.591986145520952, 'Dg_D3_scale': 0.7223271633552314, 'Dv_D1_scale': 0.21701929895668207, 'Dv_D2_scale': 2.2641102485570603, 'b_bulk_scale': 1.016478802766628, 'b_dislocation_scale': 0.09609739873928479, 'gb_scale': 0.9211119064233696, 'gd_bubble_scale': 2.779986326540608, 'gd_line_scale': 0.06005503665205155, 'gd_line_alpha': 0.7059869456527736, 'coalescence_d_scale': 0.11539628984472196, 'capture_scale': 0.4265275293455831}. Best is trial 92 with value: 2.7058288933810783.
