[I 2026-05-03 11:27:33,849] Trial 174 finished with value: 2.800612715574594 and parameters: {'f_n': 2.3643273650705553e-06, 'K_d': 131534.78469458388, 'rho_d': 51450432609450.04, 'fission_rate': 7.092467636406007e+19, 'Dg_D1_scale': 3.509463516272519, 'Dg_D3_scale': 0.6689169078810588, 'Dv_D1_scale': 0.25443422501360363, 'Dv_D2_scale': 1.9941326942749438, 'b_bulk_scale': 0.9919684066360847, 'b_dislocation_scale': 0.06575061087748342, 'gb_scale': 1.6654840189133626, 'gd_bubble_scale': 2.9535951818013806, 'gd_line_scale': 0.056544379925065946, 'gd_line_alpha': 0.798073142273791, 'coalescence_d_scale': 0.16267276520987128, 'capture_scale': 0.43420721284965696}. Best is trial 144 with value: 2.665281004024817.
[I 2026-05-03 11:27:40,534] Trial 175 finished with value: 2.675295107130556 and parameters: {'f_n': 2.0183100640829655e-06, 'K_d': 126651.1397606969, 'rho_d': 46270287173307.36, 'fission_rate': 7.0117118671949005e+19, 'Dg_D1_scale': 3.9838795632870907, 'Dg_D3_scale': 0.7625183566886912, 'Dv_D1_scale': 0.24159049058965507, 'Dv_D2_scale': 2.3103701569713135, 'b_bulk_scale': 1.1064899040631857, 'b_dislocation_scale': 0.09815363526282628, 'gb_scale': 2.1104290195668676, 'gd_bubble_scale': 3.582271653388862, 'gd_line_scale': 0.0695671725441836, 'gd_line_alpha': 0.8342841954299128, 'coalescence_d_scale': 0.1326161738566689, 'capture_scale': 0.335627640399461}. Best is trial 144 with value: 2.665281004024817.
[I 2026-05-03 11:27:46,911] Trial 176 finished with value: 2.676101804345563 and parameters: {'f_n': 1.8991349090279632e-06, 'K_d': 112123.45037500613, 'rho_d': 47375314750273.64, 'fission_rate': 7.237063409166969e+19, 'Dg_D1_scale': 3.9757682554479725, 'Dg_D3_scale': 0.8621573396678501, 'Dv_D1_scale': 0.2823028290300243, 'Dv_D2_scale': 2.383624624901657, 'b_bulk_scale': 1.301620710150106, 'b_dislocation_scale': 0.09967837974227518, 'gb_scale': 2.110900015497018, 'gd_bubble_scale': 3.5773787556820875, 'gd_line_scale': 0.0739010193290788, 'gd_line_alpha': 0.8350633940541172, 'coalescence_d_scale': 0.13659182565306305, 'capture_scale': 0.33624885714743163}. Best is trial 144 with value: 2.665281004024817.
[I 2026-05-03 11:27:51,517] Trial 177 finished with value: 2.648117815970592 and parameters: {'f_n': 1.8817316536230544e-06, 'K_d': 100945.52716329783, 'rho_d': 45967523599527.15, 'fission_rate': 7.30214236764701e+19, 'Dg_D1_scale': 3.3389403504111232, 'Dg_D3_scale': 0.7889436600929677, 'Dv_D1_scale': 0.28383386888827467, 'Dv_D2_scale': 2.342178688866581, 'b_bulk_scale': 1.3169806029621272, 'b_dislocation_scale': 0.11280243101628781, 'gb_scale': 2.071139439751789, 'gd_bubble_scale': 4.658715972493824, 'gd_line_scale': 0.07750617942519378, 'gd_line_alpha': 0.8439846390182508, 'coalescence_d_scale': 0.1417910803632261, 'capture_scale': 0.26859330946177595}. Best is trial 177 with value: 2.648117815970592.
[I 2026-05-03 11:27:58,057] Trial 178 finished with value: 2.644935340136405 and parameters: {'f_n': 1.9633736293017445e-06, 'K_d': 102781.0974784828, 'rho_d': 46909482905342.96, 'fission_rate': 7.2579668538736116e+19, 'Dg_D1_scale': 3.8610389183527, 'Dg_D3_scale': 0.7825262255352383, 'Dv_D1_scale': 0.2790397530445175, 'Dv_D2_scale': 2.3653863231235324, 'b_bulk_scale': 1.402257912618569, 'b_dislocation_scale': 0.11376408033662616, 'gb_scale': 2.0539411241492576, 'gd_bubble_scale': 3.63451876511641, 'gd_line_scale': 0.09092727430019905, 'gd_line_alpha': 0.8770449725312143, 'coalescence_d_scale': 0.1445904070153143, 'capture_scale': 0.24947358679504736}. Best is trial 178 with value: 2.644935340136405.
[I 2026-05-03 11:28:04,615] Trial 179 finished with value: 2.745823086776643 and parameters: {'f_n': 1.919841801409812e-06, 'K_d': 104942.14517835871, 'rho_d': 46570071962983.414, 'fission_rate': 7.252409038813497e+19, 'Dg_D1_scale': 3.974276892351621, 'Dg_D3_scale': 0.8700328688433652, 'Dv_D1_scale': 0.2907519080504528, 'Dv_D2_scale': 2.3547485748621444, 'b_bulk_scale': 1.4697403849302415, 'b_dislocation_scale': 0.11740085644768626, 'gb_scale': 2.1055358572182326, 'gd_bubble_scale': 5.2323648574902215, 'gd_line_scale': 0.08928030594380809, 'gd_line_alpha': 0.8491041967807987, 'coalescence_d_scale': 0.16726186235843704, 'capture_scale': 0.20286407073518517}. Best is trial 178 with value: 2.644935340136405.
[I 2026-05-03 11:28:11,188] Trial 180 finished with value: 2.6743076031897446 and parameters: {'f_n': 1.9657072175571676e-06, 'K_d': 101590.3976348866, 'rho_d': 43664227323510.03, 'fission_rate': 7.280081535689194e+19, 'Dg_D1_scale': 3.9909829071151304, 'Dg_D3_scale': 0.8025522812196205, 'Dv_D1_scale': 0.2768103186153318, 'Dv_D2_scale': 2.4967899653034022, 'b_bulk_scale': 1.3493089586317506, 'b_dislocation_scale': 0.11313297681922459, 'gb_scale': 2.6656978209856024, 'gd_bubble_scale': 3.5931605277425023, 'gd_line_scale': 0.08313311415038419, 'gd_line_alpha': 0.8437267803468588, 'coalescence_d_scale': 0.14615399170898122, 'capture_scale': 0.26892444462097165}. Best is trial 178 with value: 2.644935340136405.Best trial: 178. Best value: 2.64494:  45%|████▌     | 180/400 [19:16<22:46,  6.21s/it]Best trial: 178. Best value: 2.64494:  45%|████▌     | 180/400 [19:16<22:46,  6.21s/it]Best trial: 178. Best value: 2.64494:  45%|████▌     | 181/400 [19:16<23:04,  6.32s/it]                                                                                       Best trial: 178. Best value: 2.64494:  45%|████▌     | 181/400 [19:23<23:04,  6.32s/it]Best trial: 178. Best value: 2.64494:  45%|████▌     | 181/400 [19:23<23:04,  6.32s/it]Best trial: 178. Best value: 2.64494:  46%|████▌     | 182/400 [19:23<23:14,  6.40s/it]                                                                                       Best trial: 178. Best value: 2.64494:  46%|████▌     | 182/400 [19:28<23:14,  6.40s/it]Best trial: 178. Best value: 2.64494:  46%|████▌     | 182/400 [19:28<23:14,  6.40s/it]Best trial: 178. Best value: 2.64494:  46%|████▌     | 183/400 [19:28<21:20,  5.90s/it]                                                                                       Best trial: 178. Best value: 2.64494:  46%|████▌     | 183/400 [19:34<21:20,  5.90s/it]Best trial: 178. Best value: 2.64494:  46%|████▌     | 183/400 [19:34<21:20,  5.90s/it]Best trial: 178. Best value: 2.64494:  46%|████▌     | 184/400 [19:34<21:50,  6.07s/it]                                                                                       Best trial: 178. Best value: 2.64494:  46%|████▌     | 184/400 [19:41<21:50,  6.07s/it]Best trial: 178. Best value: 2.64494:  46%|████▌     | 184/400 [19:41<21:50,  6.07s/it]Best trial: 178. Best value: 2.64494:  46%|████▋     | 185/400 [19:41<22:22,  6.25s/it]                                                                                       Best trial: 178. Best value: 2.64494:  46%|████▋     | 185/400 [19:47<22:22,  6.25s/it]Best trial: 178. Best value: 2.64494:  46%|████▋     | 185/400 [19:47<22:22,  6.25s/it]Best trial: 178. Best value: 2.64494:  46%|████▋     | 186/400 [19:47<21:59,  6.17s/it]                                                                                       Best trial: 178. Best value: 2.64494:  46%|████▋     | 186/400 [19:53<21:59,  6.17s/it]Best trial: 178. Best value: 2.64494:  46%|████▋     | 186/400 [19:53<21:59,  6.17s/it]Best trial: 178. Best value: 2.64494:  47%|████▋     | 187/400 [19:53<22:05,  6.22s/it]                                                                                       Best trial: 178. Best value: 2.64494:  47%|████▋     | 187/400 [19:58<22:05,  6.22s/it]Best trial: 178. Best value: 2.64494:  47%|████▋     | 187/400 [19:58<22:05,  6.22s/it]Best trial: 178. Best value: 2.64494:  47%|████▋     | 188/400 [19:58<20:17,  5.74s/it]                                                                                       Best trial: 178. Best value: 2.64494:  47%|████▋     | 188/400 [20:04<20:17,  5.74s/it]Best trial: 178. Best value: 2.64494:  47%|████▋     | 188/400 [20:04<20:17,  5.74s/it]Best trial: 178. Best value: 2.64494:  47%|████▋     | 189/400 [20:04<20:53,  5.94s/it]                                                                                       Best trial: 178. Best value: 2.64494:  47%|████▋     | 189/400 [20:11<20:53,  5.94s/it]Best trial: 178. Best value: 2.64494:  47%|████▋     | 189/400 [20:11<20:53,  5.94s/it]Best trial: 178. Best value: 2.64494:  48%|████▊     | 190/400 [20:11<21:40,  6.19s/it]                                                                                       Best trial: 178. Best value: 2.64494:  48%|████▊     | 190/400 [20:17<21:40,  6.19s/it]Best trial: 178. Best value: 2.64494:  48%|████▊     | 190/400 [20:18<21:40,  6.19s/it]Best trial: 178. Best value: 2.64494:  48%|████▊     | 191/400 [20:18<21:52,  6.28s/it]                                                                                       Best trial: 178. Best value: 2.64494:  48%|████▊     | 191/400 [20:24<21:52,  6.28s/it]Best trial: 178. Best value: 2.64494:  48%|████▊     | 191/400 [20:24<21:52,  6.28s/it]Best trial: 178. Best value: 2.64494:  48%|████▊     | 192/400 [20:24<21:57,  6.33s/it]                                                                                       
[I 2026-05-03 11:28:17,760] Trial 181 finished with value: 2.672340421837307 and parameters: {'f_n': 1.892022407954483e-06, 'K_d': 100876.97879427961, 'rho_d': 46685790056021.48, 'fission_rate': 7.328949186199641e+19, 'Dg_D1_scale': 3.9698543780670867, 'Dg_D3_scale': 0.7803174889399025, 'Dv_D1_scale': 0.2797398776473905, 'Dv_D2_scale': 2.3345657666914916, 'b_bulk_scale': 1.8300665576610597, 'b_dislocation_scale': 0.11027485242125622, 'gb_scale': 2.6779996029428084, 'gd_bubble_scale': 3.7373063496182612, 'gd_line_scale': 0.09712487026786028, 'gd_line_alpha': 0.8485747117340021, 'coalescence_d_scale': 0.14579127696730035, 'capture_scale': 0.24955276950476413}. Best is trial 178 with value: 2.644935340136405.
[I 2026-05-03 11:28:22,516] Trial 182 finished with value: 2.743439323974422 and parameters: {'f_n': 1.8437572785292294e-06, 'K_d': 121588.91131380519, 'rho_d': 44466286948854.195, 'fission_rate': 7.319759601669506e+19, 'Dg_D1_scale': 3.7089817976710466, 'Dg_D3_scale': 0.693148445051973, 'Dv_D1_scale': 0.27837432746933766, 'Dv_D2_scale': 2.2512151725148266, 'b_bulk_scale': 1.7785630622847914, 'b_dislocation_scale': 0.11095184792235736, 'gb_scale': 2.1006982212814598, 'gd_bubble_scale': 3.749459767004273, 'gd_line_scale': 0.10008820708332104, 'gd_line_alpha': 0.8401222025240166, 'coalescence_d_scale': 0.14709263886556426, 'capture_scale': 0.1789032098345541}. Best is trial 178 with value: 2.644935340136405.
[I 2026-05-03 11:28:28,971] Trial 183 finished with value: 2.8128751040880324 and parameters: {'f_n': 2.0804497097185535e-06, 'K_d': 107164.9167563024, 'rho_d': 47128559505421.87, 'fission_rate': 7.311529590773669e+19, 'Dg_D1_scale': 0.868087067086973, 'Dg_D3_scale': 0.8075081228103771, 'Dv_D1_scale': 0.30305780374708563, 'Dv_D2_scale': 2.532207417948297, 'b_bulk_scale': 3.81019049825768, 'b_dislocation_scale': 0.11268203558154798, 'gb_scale': 2.7845793437385105, 'gd_bubble_scale': 4.24270963032445, 'gd_line_scale': 0.08039288334332183, 'gd_line_alpha': 0.8737736754596614, 'coalescence_d_scale': 0.1732349758163174, 'capture_scale': 0.26252998763267227}. Best is trial 178 with value: 2.644935340136405.
[I 2026-05-03 11:28:35,628] Trial 184 finished with value: 4.62674236889003 and parameters: {'f_n': 1.418755110707888e-06, 'K_d': 118766.76754812422, 'rho_d': 37676914273126.266, 'fission_rate': 7.1732641498796425e+19, 'Dg_D1_scale': 3.9903256615275997, 'Dg_D3_scale': 0.885341566226656, 'Dv_D1_scale': 0.27295009012363225, 'Dv_D2_scale': 3.410918117899046, 'b_bulk_scale': 1.4200324747000073, 'b_dislocation_scale': 0.12463904953474073, 'gb_scale': 2.24818211348683, 'gd_bubble_scale': 3.6646375369010222, 'gd_line_scale': 0.09389160804589283, 'gd_line_alpha': 0.8872480139842116, 'coalescence_d_scale': 5.722167413558262, 'capture_scale': 0.2158805953937631}. Best is trial 178 with value: 2.644935340136405.
[I 2026-05-03 11:28:41,618] Trial 185 finished with value: 5.112142503068349 and parameters: {'f_n': 1.791982844968154e-06, 'K_d': 100285.60645040395, 'rho_d': 43732646958394.586, 'fission_rate': 7.167648749239006e+19, 'Dg_D1_scale': 3.2913686649688714, 'Dg_D3_scale': 0.7589891658688066, 'Dv_D1_scale': 0.263640323003067, 'Dv_D2_scale': 1.9549476775962786, 'b_bulk_scale': 1.969677816466839, 'b_dislocation_scale': 2.37183552548606, 'gb_scale': 1.9457893597427205, 'gd_bubble_scale': 3.292195649650729, 'gd_line_scale': 0.07716766277591894, 'gd_line_alpha': 0.8050310333357826, 'coalescence_d_scale': 0.1410482499392117, 'capture_scale': 0.3070532668412717}. Best is trial 178 with value: 2.644935340136405.
[I 2026-05-03 11:28:47,967] Trial 186 finished with value: 2.9683972925280555 and parameters: {'f_n': 2.2112655750563587e-06, 'K_d': 126005.7396365969, 'rho_d': 48793462201611.49, 'fission_rate': 7.339050467382561e+19, 'Dg_D1_scale': 3.4637405676923576, 'Dg_D3_scale': 0.6936778743914623, 'Dv_D1_scale': 0.28757620338575385, 'Dv_D2_scale': 2.3226906842235877, 'b_bulk_scale': 1.5684254309505576, 'b_dislocation_scale': 0.10106475079666583, 'gb_scale': 1.901813190854718, 'gd_bubble_scale': 4.981589980854295, 'gd_line_scale': 0.08357180361112096, 'gd_line_alpha': 0.8447963255752924, 'coalescence_d_scale': 0.15491776726092674, 'capture_scale': 0.25124610721266516}. Best is trial 178 with value: 2.644935340136405.
[I 2026-05-03 11:28:52,587] Trial 187 finished with value: 6.397816136887604 and parameters: {'f_n': 1.2770226457482506e-06, 'K_d': 137781.422297986, 'rho_d': 41288360841872.74, 'fission_rate': 7.26454957118485e+19, 'Dg_D1_scale': 3.805633611429362, 'Dg_D3_scale': 0.8126604035425337, 'Dv_D1_scale': 2.6551387687913723, 'Dv_D2_scale': 3.2291055571726694, 'b_bulk_scale': 1.3227192651711552, 'b_dislocation_scale': 0.10542609666183743, 'gb_scale': 1.6859191843848542, 'gd_bubble_scale': 4.0841913085147965, 'gd_line_scale': 0.9031512301322118, 'gd_line_alpha': 0.8190316075258671, 'coalescence_d_scale': 0.13616084180837984, 'capture_scale': 0.28865176819213884}. Best is trial 178 with value: 2.644935340136405.
[I 2026-05-03 11:28:58,988] Trial 188 finished with value: 4.995299851224907 and parameters: {'f_n': 2.0121575933723238e-10, 'K_d': 108008.54867609724, 'rho_d': 46241498232316.1, 'fission_rate': 7.489026096694108e+19, 'Dg_D1_scale': 3.1694986933415317, 'Dg_D3_scale': 0.9284148558006636, 'Dv_D1_scale': 0.7820221121570533, 'Dv_D2_scale': 2.1456640633536113, 'b_bulk_scale': 1.5833165407442313, 'b_dislocation_scale': 0.11646598045213254, 'gb_scale': 2.659478802232857, 'gd_bubble_scale': 3.609907872032509, 'gd_line_scale': 0.10824313366658217, 'gd_line_alpha': 0.8656154320985098, 'coalescence_d_scale': 0.18310064737221177, 'capture_scale': 0.14879963342932223}. Best is trial 178 with value: 2.644935340136405.
[I 2026-05-03 11:29:05,782] Trial 189 finished with value: 5.498609326929713 and parameters: {'f_n': 1.599134838032216e-06, 'K_d': 117253.94484743668, 'rho_d': 49434286847935.43, 'fission_rate': 7.0293728787407544e+19, 'Dg_D1_scale': 3.6099983123224173, 'Dg_D3_scale': 0.8360227010532837, 'Dv_D1_scale': 0.9613179646304609, 'Dv_D2_scale': 2.3982720580707126, 'b_bulk_scale': 0.9439228569196738, 'b_dislocation_scale': 0.12877563003370598, 'gb_scale': 2.2024944584614436, 'gd_bubble_scale': 6.502858867150329, 'gd_line_scale': 2.3971495265236786, 'gd_line_alpha': 0.9359012720215429, 'coalescence_d_scale': 0.15903944718325266, 'capture_scale': 0.3506378521388743}. Best is trial 178 with value: 2.644935340136405.
[I 2026-05-03 11:29:12,268] Trial 190 finished with value: 3.529118083159203 and parameters: {'f_n': 2.330321875455277e-06, 'K_d': 149923.9600712834, 'rho_d': 38797191034361.086, 'fission_rate': 7.110154526052155e+19, 'Dg_D1_scale': 2.934404504615604, 'Dg_D3_scale': 0.6620610810489383, 'Dv_D1_scale': 0.3290093761048127, 'Dv_D2_scale': 2.1270113815952048, 'b_bulk_scale': 1.7216670746957465, 'b_dislocation_scale': 0.09357885090325853, 'gb_scale': 1.9959042550832797, 'gd_bubble_scale': 3.1316656442030872, 'gd_line_scale': 0.39769491533767937, 'gd_line_alpha': 0.8905212397649637, 'coalescence_d_scale': 0.13527509566450474, 'capture_scale': 0.23528484398518565}. Best is trial 178 with value: 2.644935340136405.
[I 2026-05-03 11:29:18,714] Trial 191 finished with value: 2.705087635964094 and parameters: {'f_n': 2.517523716332653e-06, 'K_d': 100371.92774043551, 'rho_d': 50722102158886.83, 'fission_rate': 7.2076794988363596e+19, 'Dg_D1_scale': 3.931274720985862, 'Dg_D3_scale': 0.7800677088884574, 'Dv_D1_scale': 0.2689473314387185, 'Dv_D2_scale': 2.4522312514857516, 'b_bulk_scale': 1.0967868635752211, 'b_dislocation_scale': 0.08070111009510196, 'gb_scale': 2.402889640961421, 'gd_bubble_scale': 3.421383985557906, 'gd_line_scale': 0.07359296932694379, 'gd_line_alpha': 0.5483193902298834, 'coalescence_d_scale': 0.12534579751372849, 'capture_scale': 0.33009813215045797}. Best is trial 178 with value: 2.644935340136405.
