number,value,params_Dg_dislocation_scale,params_Dv_dislocation_scale,params_K_d,params_f_n,params_first_gas_pressure_factor,params_rho_T_amp_scale,params_rho_T_shift,params_rho_T_tau_scale,params_rho_blank_def_scale,params_rho_blank_scale,params_rho_const_scale,params_rho_mode,user_attrs_first_gas_pressure_factor,user_attrs_max_Rd_nm,user_attrs_max_f_cap_step,user_attrs_max_psi_d,user_attrs_min_Nd,user_attrs_rho_cfg,user_attrs_score_Nd_drop,user_attrs_score_guards,user_attrs_score_partition,user_attrs_score_pressure,user_attrs_score_radius_T,user_attrs_score_swelling_T,user_attrs_score_swelling_burnup,state
163,58.733468770699425,1.2239428587846855,9.29059646496525,2671550.213451696,5.482016174546031e-08,0.241589030340563,1.9739989395662094,155.03047610003483,0.8247346923752997,2.0268313285782535,,,blank_sat_deformed,0.241589030340563,31.84947320334842,0.00101842729776199,0.4918564612122708,8.114303312455681e+18,"{""rho_mode"": ""blank_sat_deformed"", ""rho_blank_def_scale"": 2.0268313285782535, ""rho_T_shift"": 155.03047610003483, ""rho_T_tau_scale"": 0.8247346923752997, ""rho_T_amp_scale"": 1.9739989395662094, ""rho_max"": 1000000000000000.0, ""rho_fab_base"": 30000000000000.0, ""first_gas_pressure_factor"": 0.241589030340563}",0.23511176646297596,0.0,7.365527665158077,0.00010124714111179882,0.9640222357600727,0.37155769433888786,0.16740768527265043,COMPLETE
164,9127.447588231758,2.2312633667161186,4.272389937644662,556700.6097077809,2.7695399302805734e-06,0.18404593248861517,2.009469903868733,103.8219996301161,0.8245641365632571,1.487411384388409,,,blank_sat_deformed,0.18404593248861517,71269.16521858258,0.35437491834728974,0.9417757351216972,550869674369.2833,"{""rho_mode"": ""blank_sat_deformed"", ""rho_blank_def_scale"": 1.487411384388409, ""rho_T_shift"": 103.8219996301161, ""rho_T_tau_scale"": 0.8245641365632571, ""rho_T_amp_scale"": 2.009469903868733, ""rho_max"": 1000000000000000.0, ""rho_fab_base"": 30000000000000.0, ""first_gas_pressure_factor"": 0.18404593248861517}",0.8174673337337186,1818.9816949628143,3.7240812649902515,0.298671746776788,0.4335654020349183,0.36683038075630703,0.31589453289881175,COMPLETE
165,52.95376607098386,1.3334607757911547,1.1487798907391953,2793404.1457894915,4.573806278101885e-08,0.6791051456796025,,,,,0.691326384230107,,blank_sat,0.6791051456796025,86.48473877307549,0.008342564500944425,0.6134840200247218,4.541515462418686e+19,"{""rho_mode"": ""blank_sat"", ""rho_blank_scale"": 0.691326384230107, ""rho_max"": 1000000000000000.0, ""rho_fab_base"": 30000000000000.0, ""first_gas_pressure_factor"": 0.6791051456796025}",0.10975745042482521,0.0,4.4134377233651625,5.215284751142574e-05,0.9015278241037196,0.593501494735284,0.7426574050111825,COMPLETE
166,48.36377929003769,2.4104558291880487,1.0415044747245599,2516661.78543673,9.583708588595933e-07,0.6118726115966115,,,,,2.3313310257022546,,blank_sat,0.6118726115966115,48.53774921497807,0.00267912826056738,0.5636973233075121,1.3695617453297844e+20,"{""rho_mode"": ""blank_sat"", ""rho_blank_scale"": 2.3313310257022546, ""rho_max"": 1000000000000000.0, ""rho_fab_base"": 30000000000000.0, ""first_gas_pressure_factor"": 0.6118726115966115}",0.12200223564663724,0.0,4.9523015329639035,0.0011770799546732993,0.9180709707413496,0.2809558620336888,0.28345013045372175,COMPLETE
167,60.25445543537863,1.653325574992657,5.248753187941662,2643931.8397084484,5.742975507955566e-08,0.12661993711120537,2.1088882262920907,166.84803367037068,1.0496951360868043,2.2687200749493948,,,blank_sat_deformed,0.12661993711120537,30.880414557159376,0.0009403673024387459,0.48919211505682747,8.984765875510166e+18,"{""rho_mode"": ""blank_sat_deformed"", ""rho_blank_def_scale"": 2.2687200749493948, ""rho_T_shift"": 166.84803367037068, ""rho_T_tau_scale"": 1.0496951360868043, ""rho_T_amp_scale"": 2.1088882262920907, ""rho_max"": 1000000000000000.0, ""rho_fab_base"": 30000000000000.0, ""first_gas_pressure_factor"": 0.12661993711120537}",0.27831702613516923,0.0,7.816121027379441,0.0004299134306476025,0.9545547193878989,0.39292147719937764,0.17143280111755405,COMPLETE
168,69.05459571046396,3.2873046432095383,1.4590653155145294,1053442.1758897102,4.3843447316054804e-08,0.4515183170490405,,,,,,29.942363042990493,constant,0.4515183170490405,53.79336012830889,0.0040581593361652575,0.5902298831225226,3.153471818165101e+20,"{""rho_mode"": ""constant"", ""rho_const_scale"": 29.942363042990493, ""rho_max"": 1000000000000000.0, ""rho_fab_base"": 30000000000000.0, ""first_gas_pressure_factor"": 0.4515183170490405}",0.15758144643763122,0.0,8.598863902962234,0.002337587739077736,1.1926824200179498,0.3584976879960573,0.22644933015972527,COMPLETE
169,1803018718248.3262,3.6799269290319283,12.799564880867603,1372004.1614829248,1.884269805997303e-06,0.9803409282611718,,,,,1.2358967448266402,,blank_sat,0.9803409282611718,984971098.1367853,0.4152285985345388,1.5877654851352643,0.23477568455659922,"{""rho_mode"": ""blank_sat"", ""rho_blank_scale"": 1.2358967448266402, ""rho_max"": 1000000000000000.0, ""rho_fab_base"": 30000000000000.0, ""first_gas_pressure_factor"": 0.9803409282611718}",2.050456294855739,360603743642.4349,2.871949461751885,1.543433474033254,0.6023337833235818,0.326884519346127,0.3596060137230401,COMPLETE
170,608.4391672039736,1.920676739037321,1.6612817492920595,1169159.9258256191,7.02933310711142e-07,0.44791951987137785,,,,,1.8407383668831385,,blank_sat,0.44791951987137785,18975.08370306835,0.3414029353037462,0.9277822302137619,27906054649321.316,"{""rho_mode"": ""blank_sat"", ""rho_blank_scale"": 1.8407383668831385, ""rho_max"": 1000000000000000.0, ""rho_fab_base"": 30000000000000.0, ""first_gas_pressure_factor"": 0.44791951987137785}",0.07036427559526871,114.35699804600253,3.324777520834104,0.14449462815344144,0.6728272458658618,0.2987504410954155,0.34034144762333995,COMPLETE
171,1856.7556543841235,1.545586240809273,2.878025834041,1058754.836124384,3.327009529451594e-08,0.7236936017205946,,,,,1.4353364802033037,,blank_sat,0.7236936017205946,32696.378595996026,0.34781667868037763,0.933653155828113,5558647557256.619,"{""rho_mode"": ""blank_sat"", ""rho_blank_scale"": 1.4353364802033037, ""rho_max"": 1000000000000000.0, ""rho_fab_base"": 30000000000000.0, ""first_gas_pressure_factor"": 0.7236936017205946}",0.09071426935609618,364.0740152903773,5.398622689490334,0.19834440623377675,0.45146918141779246,0.30570732525871613,0.2877863751461647,COMPLETE
172,46.1026132337776,1.1392309746404221,2.8976237826881333,2475829.5922959377,3.786749600096118e-08,0.5808754890506671,,,,,1.4162554709750277,,blank_sat,0.5808754890506671,60.757361742658325,0.003787180107690471,0.5771725820397405,8.20223913300144e+19,"{""rho_mode"": ""blank_sat"", ""rho_blank_scale"": 1.4162554709750277, ""rho_max"": 1000000000000000.0, ""rho_fab_base"": 30000000000000.0, ""first_gas_pressure_factor"": 0.5808754890506671}",0.11621970744448895,0.0,4.441218275616199,0.00014427118832377467,0.8579080621786341,0.33043451437677684,0.3747721291238741,COMPLETE
173,128.75525910050936,1.8296619254182087,3.5749695532386045,2248591.768764095,2.4837101310287704e-06,0.29334138696312834,1.2105012262949322,83.67141346315685,0.6358185758884737,1.0740075690229027,,,blank_sat_deformed,0.29334138696312834,7858.453875394654,0.38006767780015455,0.9520787451902757,424540057839648.7,"{""rho_mode"": ""blank_sat_deformed"", ""rho_blank_def_scale"": 1.0740075690229027, ""rho_T_shift"": 83.67141346315685, ""rho_T_tau_scale"": 0.6358185758884737, ""rho_T_amp_scale"": 1.2105012262949322, ""rho_max"": 1000000000000000.0, ""rho_fab_base"": 30000000000000.0, ""first_gas_pressure_factor"": 0.29334138696312834}",0.1054194312629755,15.358484637628942,1.1314111156617987,0.07003456663010528,1.076692921982486,0.7624102185814191,0.896866252014712,COMPLETE
174,2288.1043817139225,7.502322877750463,2.65435428318884,1916165.638528835,7.8756736276183e-07,0.5991687521680927,,,,,1.1195880695971157,,blank_sat,0.5991687521680927,36176.34031629256,0.36007761445291864,0.9396472717495372,4183425801434.6455,"{""rho_mode"": ""blank_sat"", ""rho_blank_scale"": 1.1195880695971157, ""rho_max"": 1000000000000000.0, ""rho_fab_base"": 30000000000000.0, ""first_gas_pressure_factor"": 0.5991687521680927}",0.06939328450908641,449.2875148084969,6.437435008618659,0.21345919127112606,0.4546726094705124,0.4049381927108987,0.3674046737230043,COMPLETE
175,101.4347651133064,1.1899192633254716,1.1708282728970416,2000012.519719855,5.828381096600198e-08,0.5146982556962836,,,,,,0.25231683402748106,constant,0.5146982556962836,98.67109789991903,0.0009006282643777575,0.3668944223656978,1.2273398563149808e+19,"{""rho_mode"": ""constant"", ""rho_const_scale"": 0.25231683402748106, ""rho_max"": 1000000000000000.0, ""rho_fab_base"": 30000000000000.0, ""first_gas_pressure_factor"": 0.5146982556962836}",0.21191623864348363,0.0,10.786615576917258,8.808527113638221e-07,0.8820467602942699,2.0127057910839405,2.2534407518732635,COMPLETE
176,48.31174401318246,1.2273662131313128,5.891334256161376,2311114.508253247,4.603522412126846e-08,0.2740433113143514,,,,,2.183883895346479,,blank_sat,0.2740433113143514,49.915980138490134,0.0026125969309856874,0.557894562415916,1.1726700368693402e+20,"{""rho_mode"": ""blank_sat"", ""rho_blank_scale"": 2.183883895346479, ""rho_max"": 1000000000000000.0, ""rho_fab_base"": 30000000000000.0, ""first_gas_pressure_factor"": 0.2740433113143514}",0.13858587547806273,0.0,5.811817457341967,0.0002161777494191033,0.8265125791994152,0.28868886563527146,0.2376278369802213,COMPLETE
177,397.37912002592844,2.691943983303074,2.3804330129188647,2310378.7158030537,2.904624747851894e-06,0.296294111905252,,,,,1.214787093080683,,blank_sat,0.296294111905252,15200.457426876515,0.3664001365192368,0.9405834239332302,56563123147407.99,"{""rho_mode"": ""blank_sat"", ""rho_blank_scale"": 1.214787093080683, ""rho_max"": 1000000000000000.0, ""rho_fab_base"": 30000000000000.0, ""first_gas_pressure_factor"": 0.296294111905252}",0.0966211208374525,70.43001653569809,1.3990254616176065,0.10405586174016204,0.9712227340296083,0.5531864195132662,0.6791841292726996,COMPLETE
178,47.4661327057797,1.0953968122571873,3.3384405553199037,2668273.8912226334,4.406462396732123e-08,0.5208307296475541,,,,,1.551289703392098,,blank_sat,0.5208307296475541,52.91615253277512,0.002666321908546372,0.5558472884494974,9.677248524758943e+19,"{""rho_mode"": ""blank_sat"", ""rho_blank_scale"": 1.551289703392098, ""rho_max"": 1000000000000000.0, ""rho_fab_base"": 30000000000000.0, ""first_gas_pressure_factor"": 0.5208307296475541}",0.12537866494064698,0.0,4.373870910267252,8.16904049428909e-05,0.9064950454012117,0.33540836868644963,0.37873021633733495,COMPLETE
179,51.085531816118994,2.121745583979563,8.39532031991626,2820039.7966091465,3.2983552304690915e-08,0.42740456629039825,2.1511799091411485,80.2211380494424,1.066879490134663,1.3507244203250375,,,blank_sat_deformed,0.42740456629039825,47.38812646366211,0.0024411156702643993,0.5562903269756194,3.3195992099681927e+19,"{""rho_mode"": ""blank_sat_deformed"", ""rho_blank_def_scale"": 1.3507244203250375, ""rho_T_shift"": 80.2211380494424, ""rho_T_tau_scale"": 1.066879490134663, ""rho_T_amp_scale"": 2.1511799091411485, ""rho_max"": 1000000000000000.0, ""rho_fab_base"": 30000000000000.0, ""first_gas_pressure_factor"": 0.42740456629039825}",0.19183174563331648,0.0,6.919029766649695,0.00038674855170870104,0.7531831000460498,0.37050297124772014,0.22658746846564137,COMPLETE
180,58.57984666961946,2.865971038208612,1.6959940593242095,2576211.67600109,4.469570943410386e-07,0.6155100550680681,,,,,4.10234082149707,,blank_sat,0.6155100550680681,34.53409041876229,0.0011606001446831603,0.5094334619776064,2.4296324077975857e+20,"{""rho_mode"": ""blank_sat"", ""rho_blank_scale"": 4.10234082149707, ""rho_max"": 1000000000000000.0, ""rho_fab_base"": 30000000000000.0, ""first_gas_pressure_factor"": 0.6155100550680681}",0.18629117836097495,0.0,7.979106242008259,0.0019279579287677577,0.9214987426247296,0.3353358876148211,0.19577436544711269,COMPLETE
181,47.16438722166563,2.525145561663834,5.121755107166617,2638905.9819690986,6.04187119453268e-08,0.7599505022445386,,,,,1.5718049178090892,,blank_sat,0.7599505022445386,67.76223511057711,0.008018815957339293,0.6159210136618046,9.616565589242986e+19,"{""rho_mode"": ""blank_sat"", ""rho_blank_scale"": 1.5718049178090892, ""rho_max"": 1000000000000000.0, ""rho_fab_base"": 30000000000000.0, ""first_gas_pressure_factor"": 0.7599505022445386}",0.11997270239992315,0.0,6.390107598221472,0.0008202256923337205,0.7027502583750593,0.33053180115281255,0.2401140758008875,COMPLETE
182,1766.1360909494126,1.8506715414853916,2.877835215991173,1249811.4737496225,3.475667035653008e-08,0.49140711234166057,,,,,1.5142744599310216,,blank_sat,0.49140711234166057,31901.373640666807,0.35665480632572455,0.9383013545338841,6074496264200.284,"{""rho_mode"": ""blank_sat"", ""rho_blank_scale"": 1.5142744599310216, ""rho_max"": 1000000000000000.0, ""rho_fab_base"": 30000000000000.0, ""first_gas_pressure_factor"": 0.49140711234166057}",0.07761460258378063,345.3174325608359,6.032641634180709,0.18741720832065767,0.46807598577227516,0.34374404176310736,0.30761832464795535,COMPLETE
183,44.87407970758216,2.509651326307192,9.311676446102895,1765577.860600229,2.7379352127700884e-06,0.20571537808066065,0.3108839026873957,167.1068486616466,0.9881681775595816,2.433843173606765,,,blank_sat_deformed,0.20571537808066065,80.93601863129288,0.02395162760493811,0.6549766130557534,9.855936904805482e+19,"{""rho_mode"": ""blank_sat_deformed"", ""rho_blank_def_scale"": 2.433843173606765, ""rho_T_shift"": 167.1068486616466, ""rho_T_tau_scale"": 0.9881681775595816, ""rho_T_amp_scale"": 0.3108839026873957, ""rho_max"": 1000000000000000.0, ""rho_fab_base"": 30000000000000.0, ""first_gas_pressure_factor"": 0.20571537808066065}",0.09616073423326764,0.0,4.288931487701956,7.68388137678043e-05,0.8428215913266118,0.31755892696971144,0.32330175935330996,COMPLETE
184,41323.5138013435,25.332467306695385,20.01646605338862,124127.63138288468,4.340380885297678e-07,0.749917682437487,,,,,,1.5120167721424997,constant,0.749917682437487,144076.9245587184,0.2775958730581662,0.914411676044743,61031408208.49941,"{""rho_mode"": ""constant"", ""rho_const_scale"": 1.5120167721424997, ""rho_max"": 1000000000000000.0, ""rho_fab_base"": 30000000000000.0, ""first_gas_pressure_factor"": 0.749917682437487}",4.357433425264484,8253.699182028286,7.196747351977436,0.8681365716897409,0.33964065275784194,0.9514648813196067,1.1622786526918163,COMPLETE
185,5609.906198164706,3.085513843936898,14.755818268476261,1344149.9756308915,1.2472605384056823e-06,0.14090943847923776,,,,,,0.7550766287314572,constant,0.14090943847923776,56160.151922428646,0.3432369896692345,0.9306940693374117,1086544225882.6923,"{""rho_mode"": ""constant"", ""rho_const_scale"": 0.7550766287314572, ""rho_max"": 1000000000000000.0, ""rho_fab_base"": 30000000000000.0, ""first_gas_pressure_factor"": 0.14090943847923776}",0.093005204650238,1113.0745141672633,2.5053978131752053,0.13921857576838126,0.6616380068415343,0.7970733175676806,1.0411061541710946,COMPLETE
186,50.366114914121425,1.1121077479076953,1.0878376902042286,2517133.0039755665,3.854955112109459e-08,0.46380687134026516,,,,,0.9054515404906436,,blank_sat,0.46380687134026516,76.82004602939517,0.005958826414013804,0.5991217582078999,5.355695544015289e+19,"{""rho_mode"": ""blank_sat"", ""rho_blank_scale"": 0.9054515404906436, ""rho_max"": 1000000000000000.0, ""rho_fab_base"": 30000000000000.0, ""first_gas_pressure_factor"": 0.46380687134026516}",0.10863834856524018,0.0,4.315365424149159,0.00012398328793737184,0.8919827951551527,0.4993572432031854,0.618946765385101,COMPLETE
187,50.361647480901716,1.3113154521578314,1.0148143315974767,1486377.189900533,3.7382850882355583e-07,0.27125439845420607,0.3323158547618206,184.7677999905933,0.9211213299819843,3.7614893088197565,,,blank_sat_deformed,0.27125439845420607,47.828768270980326,0.002603016840494765,0.5625416249177522,1.1009474283703203e+20,"{""rho_mode"": ""blank_sat_deformed"", ""rho_blank_def_scale"": 3.7614893088197565, ""rho_T_shift"": 184.7677999905933, ""rho_T_tau_scale"": 0.9211213299819843, ""rho_T_amp_scale"": 0.3323158547618206, ""rho_max"": 1000000000000000.0, ""rho_fab_base"": 30000000000000.0, ""first_gas_pressure_factor"": 0.27125439845420607}",0.13397695706422041,0.0,6.464517389244645,0.0028131752992376683,0.837036840879368,0.2785421489493858,0.21634545396767513,COMPLETE
188,5503.104058152407,6.478762830109219,12.840300102719894,509652.8208547237,4.12600071963183e-08,0.8867426605868096,,,,,,0.27994264735499597,constant,0.8867426605868096,52618.19539445631,0.22838658768263606,0.8997116672286897,1193475751603.2832,"{""rho_mode"": ""constant"", ""rho_const_scale"": 0.27994264735499597, ""rho_max"": 1000000000000000.0, ""rho_fab_base"": 30000000000000.0, ""first_gas_pressure_factor"": 0.8867426605868096}",1.9171952166905826,1095.0120097486379,7.655778315740305,0.3009456350339743,0.029846293121789675,0.1411697542174221,0.09834734061487874,COMPLETE
189,49.46898058831952,1.2442068065899852,5.397590249750871,1776707.3110995959,2.784230996096383e-06,0.23015145388085873,0.33964510374058476,175.37849418391886,1.0246667120940982,2.760768911772156,,,blank_sat_deformed,0.23015145388085873,52.81714252633058,0.0032469343445021186,0.5732007716600057,1.1026919315657081e+20,"{""rho_mode"": ""blank_sat_deformed"", ""rho_blank_def_scale"": 2.760768911772156, ""rho_T_shift"": 175.37849418391886, ""rho_T_tau_scale"": 1.0246667120940982, ""rho_T_amp_scale"": 0.33964510374058476, ""rho_max"": 1000000000000000.0, ""rho_fab_base"": 30000000000000.0, ""first_gas_pressure_factor"": 0.23015145388085873}",0.11307208025424487,0.0,2.0656839916866283,1.9002938287496927e-06,1.0858139520665255,0.502077532214801,0.5994214665468965,COMPLETE
190,115.42139717291631,1.449553645470929,4.158779950548585,2262013.80459947,5.725136390673118e-08,0.3290308071858428,,,,,,0.10751390532415121,constant,0.3290308071858428,99.59278064684207,0.0008675187788066612,0.3000215065246539,6.525966330246731e+18,"{""rho_mode"": ""constant"", ""rho_const_scale"": 0.10751390532415121, ""rho_max"": 1000000000000000.0, ""rho_fab_base"": 30000000000000.0, ""first_gas_pressure_factor"": 0.3290308071858428}",0.2376589712070369,0.0,11.471111539458077,8.996620589903162e-07,0.8781170244215185,2.5859475084571915,2.826771267487121,COMPLETE
191,31113.051552401368,1.5306799482834936,7.077925281929811,1163366.8572128727,1.097524093208564e-06,0.1524002969164588,0.41352761790257214,169.8638106155239,0.7687882225556084,2.3321493404183267,,,blank_sat_deformed,0.1524002969164588,130738.62573936816,0.40286792026272583,0.9745696784322394,98886801413.80328,"{""rho_mode"": ""blank_sat_deformed"", ""rho_blank_def_scale"": 2.3321493404183267, ""rho_T_shift"": 169.8638106155239, ""rho_T_tau_scale"": 0.7687882225556084, ""rho_T_amp_scale"": 0.41352761790257214, ""rho_max"": 1000000000000000.0, ""rho_fab_base"": 30000000000000.0, ""first_gas_pressure_factor"": 0.1524002969164588}",0.08466828371417272,6214.309708293412,3.821515118232923,0.23790318167825428,0.7617565794121364,0.32849658090328643,0.335599255645909,COMPLETE
192,1.2655923041603154e+215,6.474458791032356,21.63998274106679,1959735.6095574044,2.9076513546346865e-06,0.5001491490828105,0.39659318608309385,124.03381810837362,1.1757938238406875,1.913406502670262,,,blank_sat_deformed,0.5001491490828105,2.6095741896251808e+110,0.25935522179483594,4.20661259708484e+101,1.5050185287800887e-305,"{""rho_mode"": ""blank_sat_deformed"", ""rho_blank_def_scale"": 1.913406502670262, ""rho_T_shift"": 124.03381810837362, ""rho_T_tau_scale"": 1.1757938238406875, ""rho_T_amp_scale"": 0.39659318608309385, ""rho_max"": 1000000000000000.0, ""rho_fab_base"": 30000000000000.0, ""first_gas_pressure_factor"": 0.5001491490828105}",0.09904572282156739,2.531184608320631e+214,6.984045904304616,388.12303937050507,0.5911253946759718,0.4661887120843139,0.31827718782530356,COMPLETE
193,48.70943349138974,1.9167029633571933,13.477047790058766,1872477.6584457487,2.6368664610980723e-06,0.34288268781068837,2.1500992103765135,126.98545983481397,0.763008148754486,1.6081084057295487,,,blank_sat_deformed,0.34288268781068837,49.84808408229809,0.0029284076061951397,0.5696316754657025,4.5150276531525417e+18,"{""rho_mode"": ""blank_sat_deformed"", ""rho_blank_def_scale"": 1.6081084057295487, ""rho_T_shift"": 126.98545983481397, ""rho_T_tau_scale"": 0.763008148754486, ""rho_T_amp_scale"": 2.1500992103765135, ""rho_max"": 1000000000000000.0, ""rho_fab_base"": 30000000000000.0, ""first_gas_pressure_factor"": 0.34288268781068837}",0.12908972650522496,0.0,4.037569665048427,9.51891201098533e-06,0.9494680163331053,0.3854377842033774,0.33937394001912313,COMPLETE
194,6029933186775.225,15.45733436245861,25.23316642935124,1109923.9844549873,2.1356503685038925e-07,0.2663074902095474,,,,,,2.973341508093282,constant,0.2663074902095474,1801272141.4975057,0.4053254652467652,2.9036361990879946,0.03766147206369576,"{""rho_mode"": ""constant"", ""rho_const_scale"": 2.973341508093282, ""rho_max"": 1000000000000000.0, ""rho_fab_base"": 30000000000000.0, ""first_gas_pressure_factor"": 0.2663074902095474}",6.164043832276656,1205986637343.9597,7.900104005721843,1.7964995703209838,0.3449650000262176,0.7867524764338055,0.7632462956485937,COMPLETE
