number,value,params_Dg_dislocation_scale,params_Dv_dislocation_scale,params_K_d,params_f_n,params_first_gas_pressure_factor,params_rho_T_amp_scale,params_rho_T_shift,params_rho_T_tau_scale,params_rho_blank_def_scale,params_rho_blank_scale,params_rho_const_scale,params_rho_mode,user_attrs_first_gas_pressure_factor,user_attrs_max_Rd_nm,user_attrs_max_f_cap_step,user_attrs_max_psi_d,user_attrs_min_Nd,user_attrs_rho_cfg,user_attrs_score_Nd_drop,user_attrs_score_guards,user_attrs_score_partition,user_attrs_score_pressure,user_attrs_score_radius_T,user_attrs_score_swelling_T,user_attrs_score_swelling_burnup,state
195,53.432833495514515,2.821468616008599,9.024995884665996,1575878.3016179237,2.127926623326797e-06,0.11278090401135787,0.30333336334874694,182.75501122667424,1.1405635182056295,3.9544603611240734,,,blank_sat_deformed,0.11278090401135787,48.9728134162945,0.0029148115191612693,0.5717532256469127,1.482912781678435e+20,"{""rho_mode"": ""blank_sat_deformed"", ""rho_blank_def_scale"": 3.9544603611240734, ""rho_T_shift"": 182.75501122667424, ""rho_T_tau_scale"": 1.1405635182056295, ""rho_T_amp_scale"": 0.30333336334874694, ""rho_max"": 1000000000000000.0, ""rho_fab_base"": 30000000000000.0, ""first_gas_pressure_factor"": 0.11278090401135787}",0.14764729884763533,0.0,7.422400685758018,0.00038474148455080624,0.7632393349378179,0.39729788706848024,0.24828525782795224,COMPLETE
196,546.2406779838258,2.5288487037500382,1.0677449041276643,825673.6778600962,2.1535616910934265e-06,0.8439660598544363,2.938977929326934,66.9155065267351,0.8480843244513628,0.8073007231054465,,,blank_sat_deformed,0.8439660598544363,18057.10025491444,0.2944719018412199,0.9101775905820183,30573543623631.03,"{""rho_mode"": ""blank_sat_deformed"", ""rho_blank_def_scale"": 0.8073007231054465, ""rho_T_shift"": 66.9155065267351, ""rho_T_tau_scale"": 0.8480843244513628, ""rho_T_amp_scale"": 2.938977929326934, ""rho_max"": 1000000000000000.0, ""rho_fab_base"": 30000000000000.0, ""first_gas_pressure_factor"": 0.8439660598544363}",0.046363209239429735,102.9819921154545,1.8140830892776785,0.16645333129164555,0.5672215950783294,0.413327620385636,0.41563294274630463,COMPLETE
197,49.76787409656308,1.508741369388704,1.2148566081251089,2714485.7155811773,7.468993478157163e-07,0.33234112679584416,,,,,2.2940150705331916,,blank_sat,0.33234112679584416,43.558310938803984,0.0019646030564827665,0.5400785775381047,1.4582259874744305e+20,"{""rho_mode"": ""blank_sat"", ""rho_blank_scale"": 2.2940150705331916, ""rho_max"": 1000000000000000.0, ""rho_fab_base"": 30000000000000.0, ""first_gas_pressure_factor"": 0.33234112679584416}",0.12748146264929947,0.0,3.1052124206287224,0.00013310025012249052,1.067651785392479,0.3947113217314463,0.4645830066988421,COMPLETE
198,105958991.43387768,1.9473776964350014,29.17087143204019,208917.6589020373,2.993143059829984e-06,0.15225887474888017,,,,,,9.46784797201498,constant,0.15225887474888017,7552172.615155856,0.3900752383117524,0.9627421450287987,494567.5516245293,"{""rho_mode"": ""constant"", ""rho_const_scale"": 9.46784797201498, ""rho_max"": 1000000000000000.0, ""rho_fab_base"": 30000000000000.0, ""first_gas_pressure_factor"": 0.15225887474888017}",6.688487649968738,21191791.19057356,3.1960816798128926,0.9085984757749695,0.18695165081494697,0.7631932582007236,0.7675078524199306,COMPLETE
199,45.94431091629892,2.044799403401483,3.144392763260215,2903209.974519355,6.000536971953256e-08,0.20080825028300603,,,,,1.457267863780559,,blank_sat,0.20080825028300603,59.4233151999779,0.004345717481486803,0.5871217097453925,9.854136427432447e+19,"{""rho_mode"": ""blank_sat"", ""rho_blank_scale"": 1.457267863780559, ""rho_max"": 1000000000000000.0, ""rho_fab_base"": 30000000000000.0, ""first_gas_pressure_factor"": 0.20080825028300603}",0.12062411456383827,0.0,5.413657743676945,0.0005805283338350626,0.7915692278984638,0.2820729989372982,0.25390828395244835,COMPLETE
200,462.8988943736703,1.0900709987313126,1.1966945736858483,718309.2312944842,1.8936283291647351e-06,0.7401421713045953,,,,,1.0375565130278985,,blank_sat,0.7401421713045953,16323.71315358623,0.283456417303123,0.9050969618133193,40694887121499.18,"{""rho_mode"": ""blank_sat"", ""rho_blank_scale"": 1.0375565130278985, ""rho_max"": 1000000000000000.0, ""rho_fab_base"": 30000000000000.0, ""first_gas_pressure_factor"": 0.7401421713045953}",0.1175428200144698,82.47978837097307,1.456423541762913,0.13095259529253114,0.8163692563932528,1.0121276315047876,1.2073275663230965,COMPLETE
201,57.2093159173194,1.0003722729132698,1.2623727030072331,1896595.2424221837,1.3400054331771576e-06,0.6743228786240294,,,,,1.5752627619134993,,blank_sat,0.6743228786240294,75.99845015432608,0.008844742822331112,0.6170804514954272,7.0323955941006746e+19,"{""rho_mode"": ""blank_sat"", ""rho_blank_scale"": 1.5752627619134993, ""rho_max"": 1000000000000000.0, ""rho_fab_base"": 30000000000000.0, ""first_gas_pressure_factor"": 0.6743228786240294}",0.1206704688218559,0.0,1.284443377495899,1.0788549081525734e-06,1.1483839754647083,0.8871969381762181,1.1001914441002532,COMPLETE
202,45.83363525099468,1.6341046176411669,1.8007899701546368,2232422.832927152,3.4408487607997536e-08,0.6025112276885901,,,,,1.7363178341849432,,blank_sat,0.6025112276885901,67.5230642910258,0.007135419155268143,0.6101231589414547,9.025313378810411e+19,"{""rho_mode"": ""blank_sat"", ""rho_blank_scale"": 1.7363178341849432, ""rho_max"": 1000000000000000.0, ""rho_fab_base"": 30000000000000.0, ""first_gas_pressure_factor"": 0.6025112276885901}",0.1158145722305628,0.0,6.073615991435547,0.0021414525960473246,0.7253737333474185,0.27805086607200163,0.230509216114119,COMPLETE
203,47.684331654667034,1.317310960491509,3.657716761483557,2238902.7041164967,1.6040304347805288e-07,0.6277952420791068,,,,,2.365968452088644,,blank_sat,0.6277952420791068,49.242261558694025,0.0025957216409186385,0.5585598418693226,1.234648954488296e+20,"{""rho_mode"": ""blank_sat"", ""rho_blank_scale"": 2.365968452088644, ""rho_max"": 1000000000000000.0, ""rho_fab_base"": 30000000000000.0, ""first_gas_pressure_factor"": 0.6277952420791068}",0.12912655889086053,0.0,4.846583646343809,0.00020107911210505712,0.8961335648583275,0.2951156010330712,0.2934973906668222,COMPLETE
204,47.796438418709776,2.950429402611687,3.3031493749639966,2957209.9144239533,6.918184364617551e-08,0.15347543894004806,,,,,1.495223444639304,,blank_sat,0.15347543894004806,62.655899152807294,0.005888339255079527,0.6031084653288582,1.0256677330390054e+20,"{""rho_mode"": ""blank_sat"", ""rho_blank_scale"": 1.495223444639304, ""rho_max"": 1000000000000000.0, ""rho_fab_base"": 30000000000000.0, ""first_gas_pressure_factor"": 0.15347543894004806}",0.12274600256779959,0.0,6.489108652900997,0.001348246853314716,0.7202155049000386,0.32114757115485976,0.2369746417712167,COMPLETE
205,53.536382345264755,2.485079391352585,2.9703660241415717,2951303.0624025213,3.0556576248599496e-08,0.5365010491592609,,,,,2.2292156631943136,,blank_sat,0.5365010491592609,43.803709825574494,0.002061942704384969,0.5466094951606235,1.5151258200569702e+20,"{""rho_mode"": ""blank_sat"", ""rho_blank_scale"": 2.2292156631943136, ""rho_max"": 1000000000000000.0, ""rho_fab_base"": 30000000000000.0, ""first_gas_pressure_factor"": 0.5365010491592609}",0.16253348309678264,0.0,7.520529165161193,0.0018374040116163792,0.7808896089264982,0.36159854929216456,0.23303145058293523,COMPLETE
206,2394.8790652476514,6.712912919923071,5.792053776828152,2933143.779515732,1.0515922776590822e-07,0.9645225044876149,,,,,,0.5591990128140237,constant,0.9645225044876149,37037.18756331729,0.32101160701174186,0.9174378806798008,3628502211244.023,"{""rho_mode"": ""constant"", ""rho_const_scale"": 0.5591990128140237, ""rho_max"": 1000000000000000.0, ""rho_fab_base"": 30000000000000.0, ""first_gas_pressure_factor"": 0.9645225044876149}",0.2411751034347736,472.9593074583557,3.798769658334496,0.16663888899431323,0.5046617110461419,0.15090721025242973,0.24099700372496974,COMPLETE
207,10522.345599109432,16.7799742495808,5.605211768880663,2024836.8276677355,2.333995607673666e-06,0.845952992983694,,,,,,1.4022588732559476,constant,0.845952992983694,76263.84456831797,0.33197749305727786,0.9299873658252622,432898869555.9524,"{""rho_mode"": ""constant"", ""rho_const_scale"": 1.4022588732559476, ""rho_max"": 1000000000000000.0, ""rho_fab_base"": 30000000000000.0, ""first_gas_pressure_factor"": 0.845952992983694}",1.7984195406507093,2098.5238997285487,2.4427481257693984,0.3390206073872093,0.3640207604782579,0.48854775452794386,0.4680478067618297,COMPLETE
208,44.34614796456857,1.704955847548106,2.698516952952302,2495697.595839647,1.556994816681562e-07,0.1911811167528847,,,,,1.0726469931750415,,blank_sat,0.1911811167528847,535.6539419183199,0.2984601821323836,0.8762149959429694,1.0449379923677884e+18,"{""rho_mode"": ""blank_sat"", ""rho_blank_scale"": 1.0726469931750415, ""rho_max"": 1000000000000000.0, ""rho_fab_base"": 30000000000000.0, ""first_gas_pressure_factor"": 0.1911811167528847}",0.10034415303086851,0.0027793577167240986,2.8577506328279134,0.004734791368480374,0.8802904685561964,0.4383527060720131,0.5283242314911459,COMPLETE
209,65.84005736630732,2.7231263125686636,2.4484237492448186,2936616.8638216243,2.4304551894064228e-06,0.11345600935235843,,,,,,14.973628589914023,constant,0.11345600935235843,37.89784646712029,0.0015295752604518465,0.5275792775894808,6.44066901227323e+20,"{""rho_mode"": ""constant"", ""rho_const_scale"": 14.973628589914023, ""rho_max"": 1000000000000000.0, ""rho_fab_base"": 30000000000000.0, ""first_gas_pressure_factor"": 0.11345600935235843}",0.17872475527230702,0.0,6.590981379216269,0.0003522876231757046,1.3115052222648975,0.32279153519851267,0.17641119148201284,COMPLETE
210,688.7297564227242,1.731902496809265,2.220264087708363,1699206.8319865582,2.1539163929415526e-07,0.11420127526989163,,,,,0.8653579813942974,,blank_sat,0.11420127526989163,20093.566150984127,0.3353680940706263,0.9257426478630557,23345928043555.074,"{""rho_mode"": ""blank_sat"", ""rho_blank_scale"": 0.8653579813942974, ""rho_max"": 1000000000000000.0, ""rho_fab_base"": 30000000000000.0, ""first_gas_pressure_factor"": 0.11420127526989163}",0.08731255959215616,129.40219188585255,2.505461712281772,0.13566935343369763,0.7742203415021722,0.50859720030333,0.6245319722546078,COMPLETE
211,48.10119608856958,2.0385731301690098,3.671730643859181,2356860.516475939,1.3944269976629233e-06,0.9022031821287283,0.7452549609915671,101.85972775120216,0.5065055774763526,1.8642424501133241,,,blank_sat_deformed,0.9022031821287283,55.04301627443103,0.003749390096303345,0.5815090612208724,6.587260579948872e+18,"{""rho_mode"": ""blank_sat_deformed"", ""rho_blank_def_scale"": 1.8642424501133241, ""rho_T_shift"": 101.85972775120216, ""rho_T_tau_scale"": 0.5065055774763526, ""rho_T_amp_scale"": 0.7452549609915671, ""rho_max"": 1000000000000000.0, ""rho_fab_base"": 30000000000000.0, ""first_gas_pressure_factor"": 0.9022031821287283}",0.09860894400314942,0.0,3.3003728061720685,5.78555773352765e-05,0.9734466746041536,0.4263193694586546,0.4209277151767655,COMPLETE
212,138.29930843713814,1.269803037179441,2.508510028099438,1972262.8546282349,9.240107656101428e-08,0.23362605612270296,,,,,1.1311271938500025,,blank_sat,0.23362605612270296,8544.738507303775,0.36172585134095053,0.9342364881699563,312022230365790.4,"{""rho_mode"": ""blank_sat"", ""rho_blank_scale"": 1.1311271938500025, ""rho_max"": 1000000000000000.0, ""rho_fab_base"": 30000000000000.0, ""first_gas_pressure_factor"": 0.23362605612270296}",0.09792146447967882,18.798042874730786,3.241626523316035,0.07285291915328103,0.8361191354421906,0.4421933493141043,0.5349597925951777,COMPLETE
213,14105.464374377561,2.1415383175957965,6.063242790863277,935974.4309023682,1.1589287101754089e-06,0.36581027909128855,0.3102233634580567,237.77527320005987,1.435001752807362,1.0904346509760623,,,blank_sat_deformed,0.36581027909128855,88303.34472420045,0.36654444431681676,0.9446488832520046,292274667639.7294,"{""rho_mode"": ""blank_sat_deformed"", ""rho_blank_def_scale"": 1.0904346509760623, ""rho_T_shift"": 237.77527320005987, ""rho_T_tau_scale"": 1.435001752807362, ""rho_T_amp_scale"": 0.3102233634580567, ""rho_max"": 1000000000000000.0, ""rho_fab_base"": 30000000000000.0, ""first_gas_pressure_factor"": 0.36581027909128855}",1.179622883004688,2814.4017126272543,1.6894505722622373,0.30676523969488567,0.6123818226850578,0.4300410911226565,0.5186063403008706,COMPLETE
214,2807.6898320111645,8.352413044800093,7.336537494389616,236793.25423147005,1.7945483687698107e-06,0.9450114201833668,,,,,,0.289182453028265,constant,0.9450114201833668,36709.61383284899,0.13746326002794876,0.8907157885074529,3410274945621.1733,"{""rho_mode"": ""constant"", ""rho_const_scale"": 0.289182453028265, ""rho_max"": 1000000000000000.0, ""rho_fab_base"": 30000000000000.0, ""first_gas_pressure_factor"": 0.9450114201833668}",0.732964446910308,558.412998346213,2.4391353204471367,0.25726367522928834,0.04147704391730329,0.30872928582981274,0.264791385957886,COMPLETE
215,42.943074214484746,2.5555502127639187,1.1817687923290132,2588653.381137296,8.809075523594935e-08,0.22466989361755482,,,,,1.2893149166943878,,blank_sat,0.22466989361755482,1198.3385698532647,0.3270050751341195,0.9092569236721783,1.0428758907695648e+17,"{""rho_mode"": ""blank_sat"", ""rho_blank_scale"": 1.2893149166943878, ""rho_max"": 1000000000000000.0, ""rho_fab_base"": 30000000000000.0, ""first_gas_pressure_factor"": 0.22466989361755482}",0.10030211211435437,0.0108879630306542,5.156250967303194,0.019511087946870797,0.7263238987922992,0.2652435245071007,0.25563189950685317,COMPLETE
216,887.5404738422941,4.270878660798679,1.4478645372930397,1113190.5734509735,1.8619122860039962e-07,0.3461008415387555,,,,,1.214966101812778,,blank_sat,0.3461008415387555,22793.72357068452,0.31646326027815064,0.9184297125980168,15617205877331.473,"{""rho_mode"": ""blank_sat"", ""rho_blank_scale"": 1.214966101812778, ""rho_max"": 1000000000000000.0, ""rho_fab_base"": 30000000000000.0, ""first_gas_pressure_factor"": 0.3461008415387555}",0.041398662360302305,170.15564691924072,6.229294131043344,0.20189995761421883,0.32070782630173195,0.3910063379173442,0.41039601676712845,COMPLETE
217,745.2862959614772,2.1971135101774832,2.510565284321429,1870521.7598765718,1.1006303517456057e-07,0.25584051908280847,,,,,1.2622523953488864,,blank_sat,0.25584051908280847,20932.129665556604,0.36211942314122897,0.9388229794583254,21538838274901.14,"{""rho_mode"": ""blank_sat"", ""rho_blank_scale"": 1.2622523953488864, ""rho_max"": 1000000000000000.0, ""rho_fab_base"": 30000000000000.0, ""first_gas_pressure_factor"": 0.25584051908280847}",0.08552918699667411,141.28113563463364,4.35692382630804,0.12487804075768133,0.6553514133731583,0.2843378170684927,0.2949049325642177,COMPLETE
218,631.0396872564621,3.4814287767453203,1.495432795861193,1544185.818122216,7.485098762639182e-08,0.11163509069128287,,,,,1.2749197071743623,,blank_sat,0.11163509069128287,19255.519764775658,0.3301327268072709,0.9242200781403744,26398050164024.7,"{""rho_mode"": ""blank_sat"", ""rho_blank_scale"": 1.2749197071743623, ""rho_max"": 1000000000000000.0, ""rho_fab_base"": 30000000000000.0, ""first_gas_pressure_factor"": 0.11163509069128287}",0.06918170024124369,118.09247946121219,6.478468787185774,0.16364541509624103,0.4429422580162183,0.3650496138515049,0.35438730611025926,COMPLETE
219,128.8039708382903,2.187578055573108,1.1739988761737912,1782114.5515758102,1.13987239528887e-07,0.6009923651537477,,,,,1.686102396511022,,blank_sat,0.6009923651537477,8255.60979758526,0.3415584193979586,0.9238179889681434,334520826871169.6,"{""rho_mode"": ""blank_sat"", ""rho_blank_scale"": 1.686102396511022, ""rho_max"": 1000000000000000.0, ""rho_fab_base"": 30000000000000.0, ""first_gas_pressure_factor"": 0.6009923651537477}",0.09250461271594074,17.299691703488513,5.6034460164570685,0.08307936285147899,0.6533192316538741,0.2758032825233027,0.2502000021847956,COMPLETE
220,57.181175774631804,1.4564835964469787,1.8325857944373185,2796983.4091280503,5.8035436320579144e-08,0.16870048017966927,,,,,0.5436090423560144,,blank_sat,0.16870048017966927,112.600290454007,0.02579333196237802,0.6513047318576812,3.5780069120625095e+19,"{""rho_mode"": ""blank_sat"", ""rho_blank_scale"": 0.5436090423560144, ""rho_max"": 1000000000000000.0, ""rho_fab_base"": 30000000000000.0, ""first_gas_pressure_factor"": 0.16870048017966927}",0.1138018146310048,0.0,4.677147668239702,7.912849926870565e-06,0.9070887579683168,0.7472125402029623,0.9359104066385185,COMPLETE
221,72.79056626196797,1.8639103815776872,1.0641760445904382,1930988.4210589633,7.393296231554215e-07,0.9930194981756675,,,,,1.5472316742808,,blank_sat,0.9930194981756675,5464.296861731432,0.33355333738978016,0.9192382534623702,1136561134812295.5,"{""rho_mode"": ""blank_sat"", ""rho_blank_scale"": 1.5472316742808, ""rho_max"": 1000000000000000.0, ""rho_fab_base"": 30000000000000.0, ""first_gas_pressure_factor"": 0.9930194981756675}",0.09274681857735854,6.047874645509589,2.3481367895279077,0.06115315164024838,0.8886256176541717,0.4121640769901481,0.4972060354792605,COMPLETE
222,2.0549530861833088e+24,4.673103896752367,14.007184676803819,1354608.2126426427,1.8986152352865921e-06,0.23525834442851737,1.4557568966510375,12.17866495757633,0.9679763014811634,2.4628506553071516,,,blank_sat_deformed,0.23525834442851737,1051534900186355.2,0.30234113506677973,1695065.798467916,2.022673084891277e-19,"{""rho_mode"": ""blank_sat_deformed"", ""rho_blank_def_scale"": 2.4628506553071516, ""rho_T_shift"": 12.17866495757633, ""rho_T_tau_scale"": 0.9679763014811634, ""rho_T_amp_scale"": 1.4557568966510375, ""rho_max"": 1000000000000000.0, ""rho_fab_base"": 30000000000000.0, ""first_gas_pressure_factor"": 0.23525834442851737}",0.10916620378602589,4.109906172366618e+23,7.6222179164343755,5.2679552524139375,0.5411102897944998,0.5304114839419699,0.3918028029428173,COMPLETE
223,586.831651411871,1.249008936133432,2.5322440557713692,1578755.2568102172,3.2883043908983595e-08,0.6655948807591904,,,,,0.8886772218061622,,blank_sat,0.6655948807591904,18556.25347706182,0.34614656593888565,0.9268859354577439,29752220119109.75,"{""rho_mode"": ""blank_sat"", ""rho_blank_scale"": 0.8886772218061622, ""rho_max"": 1000000000000000.0, ""rho_fab_base"": 30000000000000.0, ""first_gas_pressure_factor"": 0.6655948807591904}",0.0869349559358048,108.94555795129195,4.463547761738327,0.1162996809813075,0.6746797622549379,0.3920995877256689,0.47106658908554366,COMPLETE
224,49.76530720694059,2.0136781829802297,1.907446836605676,2694180.854727559,3.4716907007315585e-08,0.3206335170283346,,,,,1.9220605912451814,,blank_sat,0.3206335170283346,51.51302540345774,0.002998723906439548,0.5683024040238196,1.2008415872043121e+20,"{""rho_mode"": ""blank_sat"", ""rho_blank_scale"": 1.9220605912451814, ""rho_max"": 1000000000000000.0, ""rho_fab_base"": 30000000000000.0, ""first_gas_pressure_factor"": 0.3206335170283346}",0.13884583400960596,0.0,6.845700985117339,0.002327756178589333,0.7608728285298428,0.30535491256654257,0.22317047117904854,COMPLETE
225,54.06795462745999,1.4299447756969508,9.36398617645869,2125785.021947131,1.6440127041491248e-06,0.2218569950846051,,,,,1.2960326150813128,,blank_sat,0.2218569950846051,728.9945984308333,0.28260028894349537,0.923273564815751,4.8498651427480864e+17,"{""rho_mode"": ""blank_sat"", ""rho_blank_scale"": 1.2960326150813128, ""rho_max"": 1000000000000000.0, ""rho_fab_base"": 30000000000000.0, ""first_gas_pressure_factor"": 0.2218569950846051}",0.11632693826957165,0.007071295284289374,1.2025558882993581,0.0065557479640194994,1.0997049548874895,0.8174242273344083,1.0205780757288085,COMPLETE
226,40.9057524040654,1.069978108927309,3.076240669099094,2263579.1931167603,1.6219298260601823e-07,0.1159138988963192,,,,,,3.264771078972497,constant,0.1159138988963192,104.70221411769809,0.013218047340469528,0.6308928818890355,5.2228875555065725e+19,"{""rho_mode"": ""constant"", ""rho_const_scale"": 3.264771078972497, ""rho_max"": 1000000000000000.0, ""rho_fab_base"": 30000000000000.0, ""first_gas_pressure_factor"": 0.1159138988963192}",0.10584309841944704,0.0,2.4517082659652067,1.353991110897121e-05,0.9610244247396741,0.21542628461584015,0.3584340825419253,COMPLETE
227,45.988468827873966,1.0942673424263354,2.570581788979289,2747347.9420586647,1.235728357749367e-07,0.2617787722691096,,,,,,2.6292745956923675,constant,0.2617787722691096,82.29056759604073,0.003305151273043491,0.5739376808973247,8.099448209514385e+19,"{""rho_mode"": ""constant"", ""rho_const_scale"": 2.6292745956923675, ""rho_max"": 1000000000000000.0, ""rho_fab_base"": 30000000000000.0, ""first_gas_pressure_factor"": 0.2617787722691096}",0.11022468735509693,0.0,3.028237775144931,5.522590781984919e-06,1.0042386274041026,0.3115673312961933,0.49013218812389825,COMPLETE
228,849.7395790662239,2.1718803022781974,1.8586408594971757,1245388.8281437897,2.13304635104145e-07,0.1927519793451992,,,,,,3.292146574741421,constant,0.1927519793451992,22415.15398259321,0.30855362567881844,0.9129975173332612,16132252115088.535,"{""rho_mode"": ""constant"", ""rho_const_scale"": 3.292146574741421, ""rho_max"": 1000000000000000.0, ""rho_fab_base"": 30000000000000.0, ""first_gas_pressure_factor"": 0.1927519793451992}",0.09095434444970661,164.3032194250019,2.1366952062523135,0.1694268518216614,0.5876479170289494,0.19199452762221023,0.12916423509821653,COMPLETE
229,192.30201072667813,1.5127940620696403,1.5307322478124545,2047930.264461037,8.097150513046806e-08,0.188031780582199,,,,,,3.296484480181347,constant,0.188031780582199,10650.029684428655,0.3226410814709576,0.9126696090902042,150244887757964.25,"{""rho_mode"": ""constant"", ""rho_const_scale"": 3.296484480181347, ""rho_max"": 1000000000000000.0, ""rho_fab_base"": 30000000000000.0, ""first_gas_pressure_factor"": 0.188031780582199}",0.108411688591739,31.565079372743707,2.7291508266247235,0.08145544220555757,0.7980456558978269,0.10709386171519121,0.07025318534535081,COMPLETE
