number,value,params_Dg_dislocation_scale,params_Dv_dislocation_scale,params_K_d,params_f_n,params_first_gas_pressure_factor,params_rho_T_amp_scale,params_rho_T_shift,params_rho_T_tau_scale,params_rho_blank_def_scale,params_rho_blank_scale,params_rho_const_scale,params_rho_mode,user_attrs_first_gas_pressure_factor,user_attrs_max_Rd_nm,user_attrs_max_f_cap_step,user_attrs_max_psi_d,user_attrs_min_Nd,user_attrs_rho_cfg,user_attrs_score_Nd_drop,user_attrs_score_guards,user_attrs_score_partition,user_attrs_score_pressure,user_attrs_score_radius_T,user_attrs_score_swelling_T,user_attrs_score_swelling_burnup,state
130,47.77251157502502,1.3403041032298764,4.3602725576622365,2968349.366118001,7.30268892102773e-08,0.12973872437456446,,,,,1.6399805516708312,,blank_sat,0.12973872437456446,48.7837488462603,0.0023426368899635364,0.5485701062577533,1.1364272719991733e+20,"{""rho_mode"": ""blank_sat"", ""rho_blank_scale"": 1.6399805516708312, ""rho_max"": 1000000000000000.0, ""rho_fab_base"": 30000000000000.0, ""first_gas_pressure_factor"": 0.12973872437456446}",0.13056993229668196,0.0,4.3240148497563045,5.992122677512753e-05,0.930488035639596,0.3232900209584423,0.3546806500242661,COMPLETE
131,12689.54813027208,1.9714234912564716,5.981000210589565,1491996.7404566961,4.229936643882685e-08,0.3543218553253773,2.9824488578464665,6.800563112401978,1.8550772579550625,1.4163455032790775,,,blank_sat_deformed,0.3543218553253773,83922.05738462327,0.4110169053331807,0.9748382940839285,374180169232.1581,"{""rho_mode"": ""blank_sat_deformed"", ""rho_blank_def_scale"": 1.4163455032790775, ""rho_T_shift"": 6.800563112401978, ""rho_T_tau_scale"": 1.8550772579550625, ""rho_T_amp_scale"": 2.9824488578464665, ""rho_max"": 1000000000000000.0, ""rho_fab_base"": 30000000000000.0, ""first_gas_pressure_factor"": 0.3543218553253773}",0.17047502790670765,2528.951577383548,6.574218373749572,0.20637486214345382,0.5409373626124873,0.4110281954579132,0.32729106946278536,COMPLETE
132,568221.987064469,13.636952560181012,10.750621885557857,521296.5328516762,1.1050017826584426e-07,0.7736553990315169,2.9768187219445044,-78.99314699132474,1.5616055297005722,1.203060751879822,,,blank_sat_deformed,0.7736553990315169,554212.2843096025,0.37863201404525465,0.9550268018859025,1221601694.80968,"{""rho_mode"": ""blank_sat_deformed"", ""rho_blank_def_scale"": 1.203060751879822, ""rho_T_shift"": -78.99314699132474, ""rho_T_tau_scale"": 1.5616055297005722, ""rho_T_amp_scale"": 2.9768187219445044, ""rho_max"": 1000000000000000.0, ""rho_fab_base"": 30000000000000.0, ""first_gas_pressure_factor"": 0.7736553990315169}",3.328066017576531,113635.16056358875,8.411476448653117,0.6151402365892594,0.022765303377723308,0.8510946439794841,0.9657919530277717,COMPLETE
133,47.473500555552505,1.2964011409006122,5.3399172742537875,2931824.70748911,5.132646174659592e-08,0.39592128735292165,2.8623087682181856,29.4992440313683,2.0201517051445554,1.304284494673862,,,blank_sat_deformed,0.39592128735292165,42.98130230684933,0.0018562539001732014,0.5333704695622228,7.199119192214138e+19,"{""rho_mode"": ""blank_sat_deformed"", ""rho_blank_def_scale"": 1.304284494673862, ""rho_T_shift"": 29.4992440313683, ""rho_T_tau_scale"": 2.0201517051445554, ""rho_T_amp_scale"": 2.8623087682181856, ""rho_max"": 1000000000000000.0, ""rho_fab_base"": 30000000000000.0, ""first_gas_pressure_factor"": 0.39592128735292165}",0.24763222714612773,0.0,4.695996129062264,5.422898317181501e-05,0.9057739742758018,0.290343176702103,0.2815590634933669,COMPLETE
134,49.06523498442434,3.0125123575430712,5.507803667962835,2740511.0388591094,4.289990757625336e-08,0.35896724560902016,2.9707169362134977,43.89486239479719,1.1664785389586914,1.0585960677400548,,,blank_sat_deformed,0.35896724560902016,60.96286372149026,0.005515838557179788,0.6008080928193784,2.5390063792713945e+19,"{""rho_mode"": ""blank_sat_deformed"", ""rho_blank_def_scale"": 1.0585960677400548, ""rho_T_shift"": 43.89486239479719, ""rho_T_tau_scale"": 1.1664785389586914, ""rho_T_amp_scale"": 2.9707169362134977, ""rho_max"": 1000000000000000.0, ""rho_fab_base"": 30000000000000.0, ""first_gas_pressure_factor"": 0.35896724560902016}",0.17491058245777236,0.0,6.921429668227186,0.0011911763109335974,0.6669313344433578,0.3967192635024304,0.269974208853625,COMPLETE
135,154.45714472789595,1.6230877052819728,1.158670078185186,1357924.9687104,5.031295907219647e-07,0.9074942966766621,2.0542410797232176,-101.89651627168615,1.3178466308001906,1.9354917068423094,,,blank_sat_deformed,0.9074942966766621,9297.985277714153,0.335805426214723,0.9230397195075265,233564049856795.28,"{""rho_mode"": ""blank_sat_deformed"", ""rho_blank_def_scale"": 1.9354917068423094, ""rho_T_shift"": -101.89651627168615, ""rho_T_tau_scale"": 1.3178466308001906, ""rho_T_amp_scale"": 2.0542410797232176, ""rho_max"": 1000000000000000.0, ""rho_fab_base"": 30000000000000.0, ""first_gas_pressure_factor"": 0.9074942966766621}",0.09697680011007193,22.986539315775545,3.4785479250652034,0.08544753055120276,0.7546521562770867,0.29883446471785974,0.3386144605465766,COMPLETE
136,142.27026678987977,6.1928490209612574,1.3172866567534347,233303.80108903497,7.952134573650058e-08,0.13073427147337724,,,,,,0.10153016195563694,constant,0.13073427147337724,8183.921843226138,0.024605346739804274,0.8480154130057378,265606200018353.88,"{""rho_mode"": ""constant"", ""rho_const_scale"": 0.10153016195563694, ""rho_max"": 1000000000000000.0, ""rho_fab_base"": 30000000000000.0, ""first_gas_pressure_factor"": 0.13073427147337724}",0.008689496482586009,18.526145246726916,9.641016822989709,0.063036041557482,0.06542375180956793,0.8982225108136245,0.7219465269177583,COMPLETE
137,3948.513746051505,6.009707724194962,4.899308160290989,110239.44146665392,8.627970774867566e-08,0.4954439578036796,,,,,,1.260330684628056,constant,0.4954439578036796,44851.95066530395,0.1569964006417575,0.8932665887381641,1885865231978.2048,"{""rho_mode"": ""constant"", ""rho_const_scale"": 1.260330684628056, ""rho_max"": 1000000000000000.0, ""rho_fab_base"": 30000000000000.0, ""first_gas_pressure_factor"": 0.4954439578036796}",1.6397205901350582,784.0527835638234,2.8800044799188975,0.5335921891981847,0.22975676724268645,0.5299208566512166,0.7652421580612386,COMPLETE
138,770913.5705446881,18.803426359166934,12.152398005160949,467606.0545812951,7.963471421858509e-07,0.3917289641146409,2.1804481301614587,-9.525769798055034,2.269740704028974,1.0781635987949698,,,blank_sat_deformed,0.3917289641146409,645228.7659996563,0.3713926485165151,0.9542100909488197,772151007.1450925,"{""rho_mode"": ""blank_sat_deformed"", ""rho_blank_def_scale"": 1.0781635987949698, ""rho_T_shift"": -9.525769798055034, ""rho_T_tau_scale"": 2.269740704028974, ""rho_T_amp_scale"": 2.1804481301614587, ""rho_max"": 1000000000000000.0, ""rho_fab_base"": 30000000000000.0, ""first_gas_pressure_factor"": 0.3917289641146409}",3.8466766888847816,154173.30841491173,8.432829005656272,0.67805364316698,0.012679447547450364,0.8863110170506474,1.021987357444264,COMPLETE
139,10192414.00736617,1.5827264501371796,17.923213892401982,176333.21793862438,2.2791281308721824e-07,0.23380340636048413,,,,,3.114936026005576,,blank_sat,0.23380340636048413,2343194.4699692945,0.3789549496849357,0.9602998262381641,16432624.841291407,"{""rho_mode"": ""blank_sat"", ""rho_blank_scale"": 3.114936026005576, ""rho_max"": 1000000000000000.0, ""rho_fab_base"": 30000000000000.0, ""first_gas_pressure_factor"": 0.23380340636048413}",4.902556693219101,2038474.5911756924,6.888574981602811,0.808657266487522,0.013562640654410745,0.7918968763313037,0.8810104027120582,COMPLETE
140,364.9077300257034,1.7475008475994431,3.17743442070519,2438983.353365411,1.8708651051204516e-07,0.3437501871020856,,,,,0.7978765942724574,,blank_sat,0.3437501871020856,14506.998857053673,0.36370089786274323,0.9381908220612338,64573183884034.195,"{""rho_mode"": ""blank_sat"", ""rho_blank_scale"": 0.7978765942724574, ""rho_max"": 1000000000000000.0, ""rho_fab_base"": 30000000000000.0, ""first_gas_pressure_factor"": 0.3437501871020856}",0.10250239141380198,63.51281196095042,2.6376415415412033,0.0954245597878591,0.8954757829704454,0.5845809858910295,0.7281766338990125,COMPLETE
141,60231289.39600823,2.32254957389072,21.428544781584186,368564.12751869694,2.587868520220332e-06,0.7736335247656958,,,,,,8.252968343144714,constant,0.7736335247656958,5694308.167661158,0.3934110085395509,0.9641920377824181,1158988.4622747216,"{""rho_mode"": ""constant"", ""rho_const_scale"": 8.252968343144714, ""rho_max"": 1000000000000000.0, ""rho_fab_base"": 30000000000000.0, ""first_gas_pressure_factor"": 0.7736335247656958}",5.317420691748212,12046250.421180751,3.2785593776557103,0.8375537161826876,0.34213538494256884,0.6546795130314658,0.6005104700814017,COMPLETE
142,50.63807902234927,1.245660982506618,12.196819966165268,1631331.82345634,6.582179644924267e-08,0.5120155937754198,2.0624629614794108,105.97360267734157,0.8938859859437397,1.9572650048973126,,,blank_sat_deformed,0.5120155937754198,52.413162181788536,0.0032518090857887984,0.5739901411732354,4.784709685890127e+18,"{""rho_mode"": ""blank_sat_deformed"", ""rho_blank_def_scale"": 1.9572650048973126, ""rho_T_shift"": 105.97360267734157, ""rho_T_tau_scale"": 0.8938859859437397, ""rho_T_amp_scale"": 2.0624629614794108, ""rho_max"": 1000000000000000.0, ""rho_fab_base"": 30000000000000.0, ""first_gas_pressure_factor"": 0.5120155937754198}",0.1650485730167909,0.0,6.673268375828982,0.00022484445601484083,0.7370152975472037,0.4095884927865827,0.23329598175014463,COMPLETE
143,45.26470500552866,1.8599693233522556,1.528468879299858,2630306.061521145,3.282609448431172e-08,0.47267224322828727,,,,,1.430095526433417,,blank_sat,0.47267224322828727,67.12928838638518,0.006631387745627215,0.6065440986133261,8.769965673017274e+19,"{""rho_mode"": ""blank_sat"", ""rho_blank_scale"": 1.430095526433417, ""rho_max"": 1000000000000000.0, ""rho_fab_base"": 30000000000000.0, ""first_gas_pressure_factor"": 0.47267224322828727}",0.11457144627704698,0.0,5.77326774023639,0.0020568266435531334,0.7437423735083656,0.2667916892120329,0.2374542455457894,COMPLETE
144,46.60140203978393,2.843614498363998,1.6443795986594723,2628604.997637415,3.370497712099636e-08,0.5897052896857153,,,,,1.4084618684499326,,blank_sat,0.5897052896857153,109.74521011661257,0.07698229908658662,0.6985487464363243,6.156655040573223e+19,"{""rho_mode"": ""blank_sat"", ""rho_blank_scale"": 1.4084618684499326, ""rho_max"": 1000000000000000.0, ""rho_fab_base"": 30000000000000.0, ""first_gas_pressure_factor"": 0.5897052896857153}",0.11023721237409088,0.0,6.76924427174248,0.0045750940468457365,0.6517355107683112,0.3210339818996234,0.26123056328079325,COMPLETE
145,389.6039669621007,2.688449595690932,2.0748236982765014,2100530.26121607,5.052133184985387e-08,0.7161577883837861,,,,,1.3307921439046482,,blank_sat,0.7161577883837861,15091.753995103541,0.35947594713892694,0.9370817398689781,57151109296824.48,"{""rho_mode"": ""blank_sat"", ""rho_blank_scale"": 1.3307921439046482, ""rho_max"": 1000000000000000.0, ""rho_fab_base"": 30000000000000.0, ""first_gas_pressure_factor"": 0.7161577883837861}",0.09519477681631372,69.32063339715151,6.166161158778928,0.10876202218039485,0.5915313959606868,0.31650301570730016,0.2699548964512074,COMPLETE
146,133.08025510510333,4.086464154265567,1.6046233576142903,2525354.218923634,6.183588612613548e-08,0.5779585406213654,,,,,1.377800368505742,,blank_sat,0.5779585406213654,8238.77808164978,0.35614112189809644,0.9342841089041074,348144759346776.56,"{""rho_mode"": ""blank_sat"", ""rho_blank_scale"": 1.377800368505742, ""rho_max"": 1000000000000000.0, ""rho_fab_base"": 30000000000000.0, ""first_gas_pressure_factor"": 0.5779585406213654}",0.1030099956709327,17.21636545229012,7.118285834248526,0.08477491984285827,0.5958172432804434,0.36598645458864215,0.3130440330426978,COMPLETE
147,47.108217185521326,1.5788191901155815,2.8559764974213238,2979811.4758544983,4.904504354863593e-08,0.595913891534153,,,,,1.5608872973472834,,blank_sat,0.595913891534153,51.757886963939185,0.0027603869696471396,0.5602554511331228,1.084619536705411e+20,"{""rho_mode"": ""blank_sat"", ""rho_blank_scale"": 1.5608872973472834, ""rho_max"": 1000000000000000.0, ""rho_fab_base"": 30000000000000.0, ""first_gas_pressure_factor"": 0.595913891534153}",0.1301738401140041,0.0,5.134576411511793,0.00034704963685960795,0.8557172018647028,0.2843525272971599,0.2804873794078034,COMPLETE
148,217.3151124636658,1.7279118902026633,1.595339637243129,1747000.2356376364,5.7816944956846106e-08,0.41013345554406966,,,,,1.4771821309156627,,blank_sat,0.41013345554406966,11186.901511011183,0.34509333015859994,0.9282299428619665,136379366356787.84,"{""rho_mode"": ""blank_sat"", ""rho_blank_scale"": 1.4771821309156627, ""rho_max"": 1000000000000000.0, ""rho_fab_base"": 30000000000000.0, ""first_gas_pressure_factor"": 0.41013345554406966}",0.0919431375128712,35.35074014136721,5.0460636448918255,0.09257112840004708,0.6538693057658301,0.2702107464813956,0.2643840223949647,COMPLETE
149,47.821162256345254,1.1153660462053587,2.79805213327735,2287234.0919734985,3.0964266662322084e-08,0.34388872813135174,,,,,2.066902878200951,,blank_sat,0.34388872813135174,51.29377027808276,0.0027130325341794548,0.5593170642056945,1.1009724849818573e+20,"{""rho_mode"": ""blank_sat"", ""rho_blank_scale"": 2.066902878200951, ""rho_max"": 1000000000000000.0, ""rho_fab_base"": 30000000000000.0, ""first_gas_pressure_factor"": 0.34388872813135174}",0.13543479835844274,0.0,5.785823122080095,0.000582393933355775,0.8213594695213443,0.27565983261050303,0.24141235914200315,COMPLETE
150,494.6829396267768,6.39016633462367,1.8814377808074796,1335864.0930282513,2.4491441391304843e-06,0.3715815623291325,,,,,,0.4507396580776604,constant,0.3715815623291325,17131.498796463035,0.19332602360043608,0.8918686693401099,33684339332784.137,"{""rho_mode"": ""constant"", ""rho_const_scale"": 0.4507396580776604, ""rho_max"": 1000000000000000.0, ""rho_fab_base"": 30000000000000.0, ""first_gas_pressure_factor"": 0.3715815623291325}",0.07038118573243336,91.56452866450192,1.9837507191147483,0.08433327938860645,0.49890460038952217,0.7446701736364082,0.928978790254223,COMPLETE
151,283.93687363794055,3.4227885877070383,1.2233248961451524,2382042.4922437053,3.9213566902172863e-08,0.5267424251844172,,,,,0.8986479112838752,,blank_sat,0.5267424251844172,12902.91464474893,0.33058572625741783,0.9200864723697685,86563309919929.3,"{""rho_mode"": ""blank_sat"", ""rho_blank_scale"": 0.8986479112838752, ""rho_max"": 1000000000000000.0, ""rho_fab_base"": 30000000000000.0, ""first_gas_pressure_factor"": 0.5267424251844172}",0.08286299757179501,48.881611263172665,5.642879734568292,0.11596548185411679,0.5551328242170781,0.27634185996067245,0.26195921200656885,COMPLETE
152,1046.1778883870504,4.240362028870692,2.1313475083751574,2315532.132206747,4.965600511724919e-07,0.5917552487692083,0.4863193296185573,64.27757167096382,1.3434186839525826,0.7205512661492436,,,blank_sat_deformed,0.5917552487692083,24738.489239101233,0.33787656895248813,0.9275990069497752,12585564322145.186,"{""rho_mode"": ""blank_sat_deformed"", ""rho_blank_def_scale"": 0.7205512661492436, ""rho_T_shift"": 64.27757167096382, ""rho_T_tau_scale"": 1.3434186839525826, ""rho_T_amp_scale"": 0.4863193296185573, ""rho_max"": 1000000000000000.0, ""rho_fab_base"": 30000000000000.0, ""first_gas_pressure_factor"": 0.5917552487692083}",0.07249140901123928,202.14208372676958,2.3170132057533412,0.17018544237600539,0.6824899319521459,0.36948295999785447,0.44564183053947365,COMPLETE
153,49.228320363686585,3.001454721786826,1.4523316829910706,2981720.2799447402,2.681543222260676e-07,0.44184210998484413,,,,,1.883567772743241,,blank_sat,0.44184210998484413,50.200998070906415,0.002924758559055037,0.568626869836618,1.3060919336940338e+20,"{""rho_mode"": ""blank_sat"", ""rho_blank_scale"": 1.883567772743241, ""rho_max"": 1000000000000000.0, ""rho_fab_base"": 30000000000000.0, ""first_gas_pressure_factor"": 0.44184210998484413}",0.12948221670687327,0.0,6.196127373769919,0.001869151146128488,0.8254377707407674,0.27942913107554457,0.22161223914334816,COMPLETE
154,2150.0218347849755,1.0973922983574014,2.857945982118274,127223.70088351393,1.556019784802438e-06,0.3264231764850148,,,,,1.1392630032489952,,blank_sat,0.3264231764850148,34757.96061556678,0.23563616023770537,0.9016703263241911,4167655977786.5234,"{""rho_mode"": ""blank_sat"", ""rho_blank_scale"": 1.1392630032489952, ""rho_max"": 1000000000000000.0, ""rho_fab_base"": 30000000000000.0, ""first_gas_pressure_factor"": 0.3264231764850148}",0.773736937397058,425.9050990515493,1.4729702095178996,0.2770688368273854,0.16514688894191762,0.4945061941932327,0.5689610410272897,COMPLETE
155,570.8198188390829,2.900519465921331,1.8884395390996696,1355676.1615020873,9.746618378303757e-07,0.9186797602927319,2.8054975199050216,-34.51327647261166,0.9153055481603785,1.7582807640998177,,,blank_sat_deformed,0.9186797602927319,18307.322201188075,0.3495187118609103,0.9368527553385845,31992702749791.74,"{""rho_mode"": ""blank_sat_deformed"", ""rho_blank_def_scale"": 1.7582807640998177, ""rho_T_shift"": -34.51327647261166, ""rho_T_tau_scale"": 0.9153055481603785, ""rho_T_amp_scale"": 2.8054975199050216, ""rho_max"": 1000000000000000.0, ""rho_fab_base"": 30000000000000.0, ""first_gas_pressure_factor"": 0.9186797602927319}",0.08646962670297176,105.80311885565634,5.47579446048927,0.1272723638251601,0.6209833884740245,0.3152768156391551,0.2712960351528981,COMPLETE
156,577577.5973598362,10.116757347083094,22.537669731541012,117116.37304034835,6.718687257870385e-08,0.26820320144115156,,,,,1.952323878101359,,blank_sat,0.26820320144115156,557079.1508470324,0.3619200107796898,0.9455364485657907,1167334980.9549758,"{""rho_mode"": ""blank_sat"", ""rho_blank_scale"": 1.952323878101359, ""rho_max"": 1000000000000000.0, ""rho_fab_base"": 30000000000000.0, ""first_gas_pressure_factor"": 0.26820320144115156}",5.223314608709741,115503.98716316954,8.464081482761218,0.9287346204561457,0.23912958278270213,1.017824946261229,1.1985212067313795,COMPLETE
157,1107.1111169883013,2.3029299474458287,2.095906119023129,410017.36709217203,3.039186964465991e-08,0.8253129282380527,,,,,,2.080510679809754,constant,0.8253129282380527,25464.621054314408,0.2201222738831279,0.8972511891603879,10443398865046.336,"{""rho_mode"": ""constant"", ""rho_const_scale"": 2.080510679809754, ""rho_max"": 1000000000000000.0, ""rho_fab_base"": 30000000000000.0, ""first_gas_pressure_factor"": 0.8253129282380527}",0.30870362107644655,217.08006535077988,3.692527712074566,0.21786955604765468,0.07521643536090594,0.374761325089428,0.5092661689764928,COMPLETE
158,62.41599419470619,1.0918404565013429,3.4145337015726347,1636827.9112733335,3.345065452429819e-08,0.3745477398662855,2.987548180738453,-191.0361974273086,1.9448671440173084,8.38456748293679,,,blank_sat_deformed,0.3745477398662855,32.938550648436596,0.0011773935633142944,0.508000444827018,3.186886283973767e+20,"{""rho_mode"": ""blank_sat_deformed"", ""rho_blank_def_scale"": 8.38456748293679, ""rho_T_shift"": -191.0361974273086, ""rho_T_tau_scale"": 1.9448671440173084, ""rho_T_amp_scale"": 2.987548180738453, ""rho_max"": 1000000000000000.0, ""rho_fab_base"": 30000000000000.0, ""first_gas_pressure_factor"": 0.3745477398662855}",0.2521264709711389,0.0,8.062683539030257,0.0007561498301184031,1.0239463093618313,0.3600673560954243,0.18138778953630316,COMPLETE
159,416.4782963588294,3.1406612902279543,3.208690402177737,2739979.917837924,6.536701387798585e-08,0.33160543625156214,,,,,1.1150165721773106,,blank_sat,0.33160543625156214,15611.45905314633,0.372780640626655,0.9516956603299962,54084793353686.54,"{""rho_mode"": ""blank_sat"", ""rho_blank_scale"": 1.1150165721773106, ""rho_max"": 1000000000000000.0, ""rho_fab_base"": 30000000000000.0, ""first_gas_pressure_factor"": 0.33160543625156214}",0.0998317927248072,74.70595921687297,5.628018205367196,0.1051554568030724,0.65642484136383,0.29820502913639,0.2525284815547611,COMPLETE
160,53.301315095892456,1.4169030570719807,18.49662078171342,2616195.9257215955,1.2108819585992378e-07,0.9812513855558691,,,,,2.987868280842721,,blank_sat,0.9812513855558691,38.16237281071509,0.0015080254422750463,0.5221585015394902,1.8032886047358275e+20,"{""rho_mode"": ""blank_sat"", ""rho_blank_scale"": 2.987868280842721, ""rho_max"": 1000000000000000.0, ""rho_fab_base"": 30000000000000.0, ""first_gas_pressure_factor"": 0.9812513855558691}",0.1688158596848982,0.0,6.454967345061113,2.7584377252841967e-05,0.916883190916199,0.306992748701573,0.20562684497198475,COMPLETE
161,293.4538561739435,3.308761225804308,1.0263042161281952,1463147.6213653248,9.597957854284921e-07,0.8336793606755785,,,,,1.606237617573173,,blank_sat,0.8336793606755785,13158.740083430768,0.32578493985539014,0.9190033472545263,81324189626707.33,"{""rho_mode"": ""blank_sat"", ""rho_blank_scale"": 1.606237617573173, ""rho_max"": 1000000000000000.0, ""rho_fab_base"": 30000000000000.0, ""first_gas_pressure_factor"": 0.8336793606755785}",0.06854271997029775,51.08877735659883,4.535472543384616,0.12546561134494338,0.6193171630393344,0.2696040576681917,0.2722187449215566,COMPLETE
162,134911.71814044827,1.9301963250384386,8.892523793478825,672593.591588495,3.257527609346885e-08,0.4857971883413949,,,,,,9.024086634240751,constant,0.4857971883413949,270709.8946982571,0.38367849654916086,0.956544997181453,10532105841.489206,"{""rho_mode"": ""constant"", ""rho_const_scale"": 9.024086634240751, ""rho_max"": 1000000000000000.0, ""rho_fab_base"": 30000000000000.0, ""first_gas_pressure_factor"": 0.4857971883413949}",2.0575720531043804,26971.733117545165,7.166131272718955,0.4320694552782319,0.6013120774608441,0.5775831901188098,0.5022772962703542,COMPLETE
