number,value,params_Dg_dislocation_scale,params_Dv_dislocation_scale,params_K_d,params_f_n,params_first_gas_pressure_factor,params_rho_T_amp_scale,params_rho_T_shift,params_rho_T_tau_scale,params_rho_blank_def_scale,params_rho_blank_scale,params_rho_const_scale,params_rho_mode,user_attrs_first_gas_pressure_factor,user_attrs_max_Rd_nm,user_attrs_max_f_cap_step,user_attrs_max_psi_d,user_attrs_min_Nd,user_attrs_rho_cfg,user_attrs_score_Nd_drop,user_attrs_score_guards,user_attrs_score_partition,user_attrs_score_pressure,user_attrs_score_radius_T,user_attrs_score_swelling_T,user_attrs_score_swelling_burnup,state
98,61.27310813309752,1.4228770791099716,10.594178803837565,2392220.860459152,2.9950251304921613e-06,0.12189160660111238,1.6935502463690317,174.6939764389652,0.7397824908221434,2.7126046216132433,,,blank_sat_deformed,0.12189160660111238,28.04116714914206,0.0008223540339677326,0.47878824070639026,9.729209746371045e+18,"{""rho_mode"": ""blank_sat_deformed"", ""rho_blank_def_scale"": 2.7126046216132433, ""rho_T_shift"": 174.6939764389652, ""rho_T_tau_scale"": 0.7397824908221434, ""rho_T_amp_scale"": 1.6935502463690317, ""rho_max"": 1000000000000000.0, ""rho_fab_base"": 30000000000000.0, ""first_gas_pressure_factor"": 0.12189160660111238}",0.2037818306632491,0.0,6.551055224690854,1.2012058908917256e-05,1.1505703222634054,0.3394742542417227,0.21144477889781033,COMPLETE
99,66.25625799702209,1.6275110397595816,1.4752734829597247,2777236.591639819,1.1940745846969179e-07,0.24928222211370793,,,,,8.398460712285505,,blank_sat,0.24928222211370793,24.22517865418482,0.0007303375253832132,0.468910032863459,5.3254913598702617e+20,"{""rho_mode"": ""blank_sat"", ""rho_blank_scale"": 8.398460712285505, ""rho_max"": 1000000000000000.0, ""rho_fab_base"": 30000000000000.0, ""first_gas_pressure_factor"": 0.24928222211370793}",0.21860775724267537,0.0,8.199762950722791,0.0007881513455756563,1.1739611045818166,0.30930541244983056,0.14193572843570038,COMPLETE
100,1629.3986374768212,1.329142860922681,2.699438421995964,884827.8037018941,2.6755079585091662e-06,0.37490745505229645,1.266867290922598,51.46370661353865,1.2028877800309576,1.027493526942916,,,blank_sat_deformed,0.37490745505229645,30560.833996487843,0.3310738178903054,0.9252871549119291,6625907746286.724,"{""rho_mode"": ""blank_sat_deformed"", ""rho_blank_def_scale"": 1.027493526942916, ""rho_T_shift"": 51.46370661353865, ""rho_T_tau_scale"": 1.2028877800309576, ""rho_T_amp_scale"": 1.266867290922598, ""rho_max"": 1000000000000000.0, ""rho_fab_base"": 30000000000000.0, ""first_gas_pressure_factor"": 0.37490745505229645}",0.17491415215958814,316.4171675088318,1.0450957532092477,0.18134155681430716,0.8486745433803462,0.8704177892732667,1.040121953264601,COMPLETE
101,9211.481256263309,4.529420270240976,4.1062214803040655,1129736.7198456053,7.827882923056543e-07,0.2648566700257119,,,,,1.9021277303405233,,blank_sat,0.2648566700257119,71628.8505873146,0.37458120407487283,0.951380779790016,559384675063.132,"{""rho_mode"": ""blank_sat"", ""rho_blank_scale"": 1.9021277303405233, ""rho_max"": 1000000000000000.0, ""rho_fab_base"": 30000000000000.0, ""first_gas_pressure_factor"": 0.2648566700257119}",0.27847969286600277,1833.5040272800616,7.052823569211938,0.2727977437215367,0.40425669085332533,0.49052667346641105,0.4523773702831001,COMPLETE
102,49.141919060305284,4.549084689905429,3.6534016832359315,2871674.654657322,1.0022724031299493e-06,0.13573837678633066,,,,,1.8258905408106756,,blank_sat,0.13573837678633066,56.863881634785784,0.0045847246681440445,0.5937271068224337,1.2164409729453597e+20,"{""rho_mode"": ""blank_sat"", ""rho_blank_scale"": 1.8258905408106756, ""rho_max"": 1000000000000000.0, ""rho_fab_base"": 30000000000000.0, ""first_gas_pressure_factor"": 0.13573837678633066}",0.12002884655777078,0.0,6.357787824016902,0.0008213074585261469,0.7810651199098654,0.3170713085546505,0.23434008912819265,COMPLETE
103,42.395368532396944,2.018578941955594,1.2038554933693653,2127782.7595654484,3.90686859647334e-07,0.553329844986387,,,,,1.6316682082390206,,blank_sat,0.553329844986387,284.4453972509555,0.26496044785833145,0.8218317105978761,5.75788972022096e+18,"{""rho_mode"": ""blank_sat"", ""rho_blank_scale"": 1.6316682082390206, ""rho_max"": 1000000000000000.0, ""rho_fab_base"": 30000000000000.0, ""first_gas_pressure_factor"": 0.553329844986387}",0.09623728385679664,0.00041909397881331924,3.492329178704106,0.0025167490147563667,0.8385557535896033,0.31726484533784294,0.3636806210024447,COMPLETE
104,348.69550499508716,1.949347900591263,1.2094824038355312,1494129.696068583,3.731758196925038e-07,0.7012193346966701,,,,,1.1116713724190133,,blank_sat,0.7012193346966701,14373.270855014056,0.31756010169383897,0.9160130635294208,61794463162797.0,"{""rho_mode"": ""blank_sat"", ""rho_blank_scale"": 1.1116713724190133, ""rho_max"": 1000000000000000.0, ""rho_fab_base"": 30000000000000.0, ""first_gas_pressure_factor"": 0.7012193346966701}",0.07561255255536486,62.22512222415718,2.311419946598101,0.1235815445615774,0.7295132174559011,0.40490373474333724,0.4907749951239061,COMPLETE
105,2372.866782365852,1.7874545971984896,2.1442090714163067,117531.12093372676,4.031390791700171e-08,0.38843105288778157,2.022803520443109,152.58541031062077,0.8869948661375693,2.6481642029603103,,,blank_sat_deformed,0.38843105288778157,36640.888339737096,0.3017022045092136,0.9160130906667365,3730082591928.8374,"{""rho_mode"": ""blank_sat_deformed"", ""rho_blank_def_scale"": 2.6481642029603103, ""rho_T_shift"": 152.58541031062077, ""rho_T_tau_scale"": 0.8869948661375693, ""rho_T_amp_scale"": 2.022803520443109, ""rho_max"": 1000000000000000.0, ""rho_fab_base"": 30000000000000.0, ""first_gas_pressure_factor"": 0.38843105288778157}",0.5387429040728944,466.52985674852596,8.19701933634835,0.34862864946135613,0.026600873709361997,0.6723771296939006,0.7628717075205986,COMPLETE
106,685.3617052572267,1.450999936668048,1.2420148681052494,515059.6009724555,3.9552685109927425e-08,0.1420293211753098,,,,,1.4138138882120777,,blank_sat,0.1420293211753098,20187.04321408089,0.28170491081336213,0.9071141618178125,21661029514085.383,"{""rho_mode"": ""blank_sat"", ""rho_blank_scale"": 1.4138138882120777, ""rho_max"": 1000000000000000.0, ""rho_fab_base"": 30000000000000.0, ""first_gas_pressure_factor"": 0.1420293211753098}",0.033604954389310195,131.35916907673166,4.9601795484934,0.1932322429720788,0.24290532891583475,0.2938669900361693,0.310786839723104,COMPLETE
107,58.05852767902098,22.413801513620474,21.430768431810428,2236780.695230071,6.150090001962168e-07,0.8472130248074935,,,,,2.9215366036459507,,blank_sat,0.8472130248074935,49.5893578868059,0.003130358596176754,0.5782896338964635,1.4725353804409564e+20,"{""rho_mode"": ""blank_sat"", ""rho_blank_scale"": 2.9215366036459507, ""rho_max"": 1000000000000000.0, ""rho_fab_base"": 30000000000000.0, ""first_gas_pressure_factor"": 0.8472130248074935}",0.16172339611549352,0.0,8.703613302500518,0.0005072863830795188,0.6721560714030057,0.56739436856521,0.3537492736842339,COMPLETE
108,45.053427442979036,1.409383275526311,4.014954502384579,2571921.586591252,6.960960070716129e-08,0.25394606385207596,,,,,1.2951557733382504,,blank_sat,0.25394606385207596,67.0819752698426,0.00553757210650338,0.5970202280642087,7.7929064180205e+19,"{""rho_mode"": ""blank_sat"", ""rho_blank_scale"": 1.2951557733382504, ""rho_max"": 1000000000000000.0, ""rho_fab_base"": 30000000000000.0, ""first_gas_pressure_factor"": 0.25394606385207596}",0.10866397857578149,0.0,3.8242159340410637,6.0551829649846995e-05,0.8657341288917528,0.3571129577507441,0.41210407797083526,COMPLETE
109,1225.1697560606297,1.079239820295611,5.195554033109387,1640558.490941065,9.912522930819199e-08,0.3387761805224381,,,,,1.1979051870945723,,blank_sat,0.3387761805224381,26640.649331472072,0.38071863623915086,0.9531108327768221,10932190467186.975,"{""rho_mode"": ""blank_sat"", ""rho_blank_scale"": 1.1979051870945723, ""rho_max"": 1000000000000000.0, ""rho_fab_base"": 30000000000000.0, ""first_gas_pressure_factor"": 0.3387761805224381}",0.09585954026508058,236.13105693331227,3.173800953936513,0.1252628259569253,0.8238329646318158,0.4763462830427282,0.5779613363602318,COMPLETE
110,40569.211468440924,3.9963666689137516,13.34528427402851,133522.38936702267,8.386569691590567e-07,0.873942851358881,,,,,1.1811821355448886,,blank_sat,0.873942851358881,146231.02497173092,0.3263244832554411,0.9273402140252188,60884970286.652596,"{""rho_mode"": ""blank_sat"", ""rho_blank_scale"": 1.1811821355448886, ""rho_max"": 1000000000000000.0, ""rho_fab_base"": 30000000000000.0, ""first_gas_pressure_factor"": 0.873942851358881}",3.861996937365872,8107.01743028045,4.588196199139036,0.67500133060083,0.11436247683548226,0.6751568362260733,0.8197176123852346,COMPLETE
111,1718.1617676094509,1.9348733793089252,2.683573963011839,1163038.895914254,6.082631168860451e-08,0.18987826687553844,,,,,1.555346839928015,,blank_sat,0.18987826687553844,31478.643381476802,0.35159675039547056,0.93578662633643,6271824117889.953,"{""rho_mode"": ""blank_sat"", ""rho_blank_scale"": 1.555346839928015, ""rho_max"": 1000000000000000.0, ""rho_fab_base"": 30000000000000.0, ""first_gas_pressure_factor"": 0.18987826687553844}",0.06266462225660825,335.98900477933086,5.66757227137393,0.193454383662072,0.4684506205454869,0.33168677123260454,0.3019861628677619,COMPLETE
112,48.1234614946977,1.3940251233844878,1.3045725640653796,2623578.3077457645,3.6712749635582176e-07,0.530026180032813,,,,,1.678774972249842,,blank_sat,0.530026180032813,54.182854797711975,0.0031006887654456017,0.5674180595428441,1.0330661719322098e+20,"{""rho_mode"": ""blank_sat"", ""rho_blank_scale"": 1.678774972249842, ""rho_max"": 1000000000000000.0, ""rho_fab_base"": 30000000000000.0, ""first_gas_pressure_factor"": 0.530026180032813}",0.11441511216370044,0.0,2.5488024467219565,7.082607598715945e-05,1.0264531237028982,0.45385664489342614,0.5490491634185237,COMPLETE
113,517.5003338124764,8.0278605841009,1.3002532591325222,2599643.1581564597,2.4284282221069e-07,0.39829495766794576,,,,,0.7945700557407158,,blank_sat,0.39829495766794576,17462.793118088262,0.3264763311893865,0.9222306233131439,35163239718572.367,"{""rho_mode"": ""blank_sat"", ""rho_blank_scale"": 0.7945700557407158, ""rho_max"": 1000000000000000.0, ""rho_fab_base"": 30000000000000.0, ""first_gas_pressure_factor"": 0.39829495766794576}",0.06635587784755069,95.50716103232399,6.0863396018566,0.1563755034335033,0.48313916087316877,0.33514556711930676,0.31887023434807693,COMPLETE
114,49.468287000132236,2.5041360283902425,9.758093709090073,2254445.1332182046,3.023586197123708e-08,0.2832326635402648,,,,,1.816173493692424,,blank_sat,0.2832326635402648,76.80378660616151,0.016068107463179004,0.6411995112835169,9.425698432795283e+19,"{""rho_mode"": ""blank_sat"", ""rho_blank_scale"": 1.816173493692424, ""rho_max"": 1000000000000000.0, ""rho_fab_base"": 30000000000000.0, ""first_gas_pressure_factor"": 0.2832326635402648}",0.1273086663161224,0.0,7.237920255181976,0.0008719976743557801,0.6227981046395428,0.4355218780847932,0.2956192028717426,COMPLETE
115,1482.6431390174012,1.5009931469090783,4.5125290217353395,185342.84116233248,1.1025440491145185e-07,0.5914755474329086,,,,,0.2094230709341317,,blank_sat,0.5914755474329086,29064.90073274597,0.17438215520064096,0.8908663528729301,6874522342393.159,"{""rho_mode"": ""blank_sat"", ""rho_blank_scale"": 0.2094230709341317, ""rho_max"": 1000000000000000.0, ""rho_fab_base"": 30000000000000.0, ""first_gas_pressure_factor"": 0.5914755474329086}",0.5307787244868785,286.97252517351495,7.959065177181196,0.13439305411080313,0.08210078950363618,0.9982697282838163,1.075116951143244,COMPLETE
116,59.40682751538329,1.4828216870776976,2.3828989990133906,2633808.4683738714,1.3082203844092955e-06,0.5040895307243882,,,,,1.0389029880731278,,blank_sat,0.5040895307243882,79.81774808820256,0.009975009958712755,0.6213605167557433,6.4410724677100995e+19,"{""rho_mode"": ""blank_sat"", ""rho_blank_scale"": 1.0389029880731278, ""rho_max"": 1000000000000000.0, ""rho_fab_base"": 30000000000000.0, ""first_gas_pressure_factor"": 0.5040895307243882}",0.12636281356977763,0.0,1.3304599417506695,7.994256177409963e-07,1.1566552913185475,0.9725959639678553,1.2006874650072419,COMPLETE
117,47.8816225111262,1.8136230372651654,6.2424724647251235,1975416.2449596254,7.922105237598008e-08,0.2517313897514066,,,,,2.2103034232806835,,blank_sat,0.2517313897514066,64.56921037070407,0.006723798432119637,0.6089954496944863,1.0113484919020323e+20,"{""rho_mode"": ""blank_sat"", ""rho_blank_scale"": 2.2103034232806835, ""rho_max"": 1000000000000000.0, ""rho_fab_base"": 30000000000000.0, ""first_gas_pressure_factor"": 0.2517313897514066}",0.12274880372923708,0.0,6.492305054514434,0.0006418759144423832,0.7089191520562861,0.34170703326037394,0.24097584290777896,COMPLETE
118,46.92985221874026,1.2461223426347596,5.345183343539055,2549205.75914504,3.837104159415234e-08,0.2999066383605593,2.8896418044454837,23.18604976996079,1.1336455844915603,1.2766025689303004,,,blank_sat_deformed,0.2999066383605593,50.083894539347014,0.0025563003908421955,0.5554144301056961,3.6013068325992247e+19,"{""rho_mode"": ""blank_sat_deformed"", ""rho_blank_def_scale"": 1.2766025689303004, ""rho_T_shift"": 23.18604976996079, ""rho_T_tau_scale"": 1.1336455844915603, ""rho_T_amp_scale"": 2.8896418044454837, ""rho_max"": 1000000000000000.0, ""rho_fab_base"": 30000000000000.0, ""first_gas_pressure_factor"": 0.2999066383605593}",0.17076187627461245,0.0,5.148031908050285,0.00012624693210322812,0.8409510697188127,0.29542883247485047,0.26314056845860384,COMPLETE
119,13619.43471436573,4.488703000173862,6.630447257389365,2029136.3690836048,4.2934032909248334e-08,0.23898053356587606,2.7547103780439595,-43.42607543602119,1.287582757173388,0.38312403989449767,,,blank_sat_deformed,0.23898053356587606,86793.76564148725,0.3680763039962419,0.9450489484241387,308183020204.9231,"{""rho_mode"": ""blank_sat_deformed"", ""rho_blank_def_scale"": 0.38312403989449767, ""rho_T_shift"": -43.42607543602119, ""rho_T_tau_scale"": 1.287582757173388, ""rho_T_amp_scale"": 2.7547103780439595, ""rho_max"": 1000000000000000.0, ""rho_fab_base"": 30000000000000.0, ""first_gas_pressure_factor"": 0.23898053356587606}",1.1673241231989269,2717.5613845561443,4.15590719670169,0.30163389195106555,0.4014165614716513,0.2960279237000548,0.311718723203392,COMPLETE
120,43.41364914180698,1.85125592169691,7.5204408318971465,2730614.2907419316,3.177933969628513e-08,0.26085370209385317,2.964427543982228,-4.27000448074358,2.188239601879674,0.9502886790410872,,,blank_sat_deformed,0.26085370209385317,62.62037063402787,0.005070972688453409,0.5943480445581885,5.258240859814433e+19,"{""rho_mode"": ""blank_sat_deformed"", ""rho_blank_def_scale"": 0.9502886790410872, ""rho_T_shift"": -4.27000448074358, ""rho_T_tau_scale"": 2.188239601879674, ""rho_T_amp_scale"": 2.964427543982228, ""rho_max"": 1000000000000000.0, ""rho_fab_base"": 30000000000000.0, ""first_gas_pressure_factor"": 0.26085370209385317}",0.20896824525034272,0.0,5.059521670405094,0.00014076994097743934,0.7398483441803118,0.2839681798977749,0.25564531466069523,COMPLETE
121,585907.5322939405,1.2720249939630075,9.899664154090642,1663712.246921921,4.2734476993961304e-08,0.17513492697999627,2.9299873668460505,0.7346710078931099,2.7940327311444455,0.9133836567828587,,,blank_sat_deformed,0.17513492697999627,562902.3433680688,0.42061316155280193,0.9817132462902572,1266386212.928907,"{""rho_mode"": ""blank_sat_deformed"", ""rho_blank_def_scale"": 0.9133836567828587, ""rho_T_shift"": 0.7346710078931099, ""rho_T_tau_scale"": 2.7940327311444455, ""rho_T_amp_scale"": 2.9299873668460505, ""rho_max"": 1000000000000000.0, ""rho_fab_base"": 30000000000000.0, ""first_gas_pressure_factor"": 0.17513492697999627}",0.1773427327449318,117173.57412340971,3.8086067644561235,0.3518387016813372,0.6930990152940313,0.33162852393816666,0.3698055930072302,COMPLETE
122,3198.7973338841257,1.9344750825235397,3.8941707334344637,1410083.444948925,2.6849869100191135e-07,0.894844966188322,2.8720111911362416,-15.138950744572043,2.1081868214377324,0.959951504201916,,,blank_sat_deformed,0.894844966188322,42680.23675699449,0.3687551982810151,0.9470031416125261,2607865507535.8633,"{""rho_mode"": ""blank_sat_deformed"", ""rho_blank_def_scale"": 0.959951504201916, ""rho_T_shift"": -15.138950744572043, ""rho_T_tau_scale"": 2.1081868214377324, ""rho_T_amp_scale"": 2.8720111911362416, ""rho_max"": 1000000000000000.0, ""rho_fab_base"": 30000000000000.0, ""first_gas_pressure_factor"": 0.894844966188322}",0.1324698753907815,632.6971862043839,2.7013513471173516,0.19811483130433918,0.6633088771069887,0.3331971350421216,0.3797900378023891,COMPLETE
123,44.38794316745323,2.271368969910236,8.239863178139938,2607238.4758096077,3.39668782135275e-08,0.35025193449030534,2.8881836386820723,-140.74028522472457,2.240330766067932,1.1447892132277153,,,blank_sat_deformed,0.35025193449030534,72.90510767496589,0.010517791661786714,0.6259929610515044,6.986393113097187e+19,"{""rho_mode"": ""blank_sat_deformed"", ""rho_blank_def_scale"": 1.1447892132277153, ""rho_T_shift"": -140.74028522472457, ""rho_T_tau_scale"": 2.240330766067932, ""rho_T_amp_scale"": 2.8881836386820723, ""rho_max"": 1000000000000000.0, ""rho_fab_base"": 30000000000000.0, ""first_gas_pressure_factor"": 0.35025193449030534}",0.17854673536918417,0.0,5.850871051093402,0.0003763539867162652,0.6740444206947885,0.31410871494314674,0.24217337279512122,COMPLETE
124,19213.322329574894,2.906387835379956,6.686390326167359,2163293.124845563,1.8894966726682596e-07,0.36253811634398675,2.9760584791862916,-151.37938615621238,2.6766950701098726,0.7056134213990389,,,blank_sat_deformed,0.36253811634398675,103006.38060635501,0.39379211998493574,0.9618473845733816,194373705366.9716,"{""rho_mode"": ""blank_sat_deformed"", ""rho_blank_def_scale"": 0.7056134213990389, ""rho_T_shift"": -151.37938615621238, ""rho_T_tau_scale"": 2.6766950701098726, ""rho_T_amp_scale"": 2.9760584791862916, ""rho_max"": 1000000000000000.0, ""rho_fab_base"": 30000000000000.0, ""first_gas_pressure_factor"": 0.36253811634398675}",0.14693649753125465,3835.411535436677,2.789311191014152,0.25716069914988954,0.6773006160620328,0.34260816348273493,0.39490811903727435,COMPLETE
125,50.1590465728265,2.0236077645020014,2.962891404907734,2710856.7001543758,1.3929661432650042e-06,0.18091219314857662,,,,,1.1542460007502637,,blank_sat,0.18091219314857662,94.35381917830394,0.033735091341745245,0.6632759994651689,7.351982183902637e+19,"{""rho_mode"": ""blank_sat"", ""rho_blank_scale"": 1.1542460007502637, ""rho_max"": 1000000000000000.0, ""rho_fab_base"": 30000000000000.0, ""first_gas_pressure_factor"": 0.18091219314857662}",0.10990408764628808,0.0,1.3856943621356492,8.274463563601314e-06,1.0630822405951426,0.661467547511453,0.8251850000495063,COMPLETE
126,1.5410039761139342e+84,2.2357866806485838,13.15242026909592,2115945.1202365677,7.508547876493934e-08,0.2647244589936475,2.9526362185621493,-140.25347191847604,2.3480265895795407,1.1803725169150119,,,blank_sat_deformed,0.2647244589936475,9.105936454300491e+44,0.270862305592476,1.4678696298117652e+36,3.2199620322472215e-109,"{""rho_mode"": ""blank_sat_deformed"", ""rho_blank_def_scale"": 1.1803725169150119, ""rho_T_shift"": -140.25347191847604, ""rho_T_tau_scale"": 2.3480265895795407, ""rho_T_amp_scale"": 2.9526362185621493, ""rho_max"": 1000000000000000.0, ""rho_fab_base"": 30000000000000.0, ""first_gas_pressure_factor"": 0.2647244589936475}",0.15593377761829733,3.0820079522278684e+83,5.065837780281342,60.09182211280244,0.6530440890947488,0.3087655197588176,0.25975581018007926,COMPLETE
127,46603.695321257714,3.5531882833642086,16.827847122066526,2731760.696318558,4.625580298320138e-08,0.5294376781215845,2.006056784625468,-158.94552054047216,2.13435172269608,0.2240972848252652,,,blank_sat_deformed,0.5294376781215845,159613.3947305906,0.3870921612312622,0.9587704759695146,51742492272.29823,"{""rho_mode"": ""blank_sat_deformed"", ""rho_blank_def_scale"": 0.2240972848252652, ""rho_T_shift"": -158.94552054047216, ""rho_T_tau_scale"": 2.13435172269608, ""rho_T_amp_scale"": 2.006056784625468, ""rho_max"": 1000000000000000.0, ""rho_fab_base"": 30000000000000.0, ""first_gas_pressure_factor"": 0.5294376781215845}",1.3602943197718003,9310.649514805256,5.545214209883525,0.28749678074250595,0.6325778399512549,0.6529212545259614,0.8087003720927609,COMPLETE
128,492.76477275233805,1.781329530463922,1.6349632154229212,1587333.0859267474,5.06099715160223e-08,0.4634414562149135,2.144430097187403,-225.4362022958549,2.8750342428138276,0.732411514323298,,,blank_sat_deformed,0.4634414562149135,17085.9807482158,0.32321377328210266,0.9175728594621761,36975438271278.4,"{""rho_mode"": ""blank_sat_deformed"", ""rho_blank_def_scale"": 0.732411514323298, ""rho_T_shift"": -225.4362022958549, ""rho_T_tau_scale"": 2.8750342428138276, ""rho_T_amp_scale"": 2.144430097187403, ""rho_max"": 1000000000000000.0, ""rho_fab_base"": 30000000000000.0, ""first_gas_pressure_factor"": 0.4634414562149135}",0.11139994765596888,91.06457115573356,3.7240820199494116,0.13187111791038947,0.6142859464163826,0.3609916376025102,0.4336886775419664,COMPLETE
129,50.77061762702758,2.3871638909680106,10.125855611928829,2770730.128418054,3.527173710079953e-08,0.2124292219034332,2.9038877663115756,-98.49785082562536,1.8558829067460187,1.584248235987465,,,blank_sat_deformed,0.2124292219034332,48.5264277840743,0.0026336254116292404,0.5618178374359019,9.514147292470557e+19,"{""rho_mode"": ""blank_sat_deformed"", ""rho_blank_def_scale"": 1.584248235987465, ""rho_T_shift"": -98.49785082562536, ""rho_T_tau_scale"": 1.8558829067460187, ""rho_T_amp_scale"": 2.9038877663115756, ""rho_max"": 1000000000000000.0, ""rho_fab_base"": 30000000000000.0, ""first_gas_pressure_factor"": 0.2124292219034332}",0.2236286130704527,0.0,7.029641756200594,0.00039758729245501585,0.7242620293699358,0.379971176598951,0.24219605152102397,COMPLETE
