[I 2026-05-02 22:22:37,902] Trial 630 finished with value: 3.275736701129127 and parameters: {'f_n': 2.1211581742091136e-06, 'K_d': 179974.07475895528, 'rho_d': 15999925418618.818, 'fission_rate': 6.420393382074332e+19, 'Dg_D1_scale': 2.369729407113451, 'Dg_D3_scale': 3.0275342411741657, 'Dv_D1_scale': 0.22248980696366719, 'Dv_D2_scale': 2.2884076049040694, 'b_bulk_scale': 0.1734600669968673, 'b_dislocation_scale': 0.2064996153526287, 'gb_scale': 7.411590784637814, 'gd_bubble_scale': 0.4690700965986792, 'gd_line_scale': 4.673114095073007, 'gd_line_alpha': 0.8845683915539336, 'coalescence_d_scale': 0.39163623844353185, 'capture_scale': 2.7010797330857526}. Best is trial 444 with value: 2.0614202321115003.
[I 2026-05-02 22:22:41,511] Trial 631 finished with value: 3.5742622230661163 and parameters: {'f_n': 1.4208292151025065e-06, 'K_d': 207970.67270727115, 'rho_d': 38917543849336.664, 'fission_rate': 6.3235836510438375e+19, 'Dg_D1_scale': 2.657241139336106, 'Dg_D3_scale': 3.8022141962145133, 'Dv_D1_scale': 0.24650667490136755, 'Dv_D2_scale': 3.1020104044316774, 'b_bulk_scale': 0.11122478366063546, 'b_dislocation_scale': 0.18027900159472707, 'gb_scale': 6.467490823190941, 'gd_bubble_scale': 0.27907155219581775, 'gd_line_scale': 1.3384523666098036, 'gd_line_alpha': 0.8362562314944151, 'coalescence_d_scale': 0.24506067631431003, 'capture_scale': 2.0232735168272806}. Best is trial 444 with value: 2.0614202321115003.
[I 2026-05-02 22:22:46,787] Trial 632 finished with value: 2.144844030713649 and parameters: {'f_n': 2.5587002697580976e-06, 'K_d': 195312.19776083733, 'rho_d': 41400275643562.07, 'fission_rate': 5.848527288046453e+19, 'Dg_D1_scale': 2.0975711472516783, 'Dg_D3_scale': 3.9741798020826433, 'Dv_D1_scale': 0.2714566539439025, 'Dv_D2_scale': 2.7195924247513874, 'b_bulk_scale': 0.19241935427159781, 'b_dislocation_scale': 0.16758370255217453, 'gb_scale': 7.963792518860702, 'gd_bubble_scale': 0.3740892872747383, 'gd_line_scale': 5.307463841341508, 'gd_line_alpha': 0.44539324882710013, 'coalescence_d_scale': 0.2835912040570441, 'capture_scale': 2.3705193796139126}. Best is trial 444 with value: 2.0614202321115003.
[I 2026-05-02 22:22:52,350] Trial 633 finished with value: 3.838713941237743 and parameters: {'f_n': 1.1831350336960886e-06, 'K_d': 169823.01401004498, 'rho_d': 35938310837541.68, 'fission_rate': 5.713480214649858e+19, 'Dg_D1_scale': 0.3946272040530523, 'Dg_D3_scale': 3.220755986440637, 'Dv_D1_scale': 0.29370911612410516, 'Dv_D2_scale': 2.927079220771101, 'b_bulk_scale': 0.13899595059941286, 'b_dislocation_scale': 0.19303673530341398, 'gb_scale': 0.25858792635194316, 'gd_bubble_scale': 0.17297374989647082, 'gd_line_scale': 5.780020717630522, 'gd_line_alpha': 0.8174097140788253, 'coalescence_d_scale': 0.34919562153837674, 'capture_scale': 1.7485954014401435}. Best is trial 444 with value: 2.0614202321115003.
[I 2026-05-02 22:22:55,418] Trial 634 finished with value: 2.3621005344887878 and parameters: {'f_n': 1.7538716935386782e-06, 'K_d': 216281.07746802355, 'rho_d': 38294375965074.375, 'fission_rate': 6.260502386359564e+19, 'Dg_D1_scale': 1.732160698614323, 'Dg_D3_scale': 3.508933660533402, 'Dv_D1_scale': 0.22381198539201408, 'Dv_D2_scale': 2.5417546617437794, 'b_bulk_scale': 0.15974691465249463, 'b_dislocation_scale': 0.2391978766276041, 'gb_scale': 6.411782342831787, 'gd_bubble_scale': 0.4346367192880962, 'gd_line_scale': 4.479785523771237, 'gd_line_alpha': 0.850678388130825, 'coalescence_d_scale': 0.31411479948265786, 'capture_scale': 2.171666724105614}. Best is trial 444 with value: 2.0614202321115003.
[I 2026-05-02 22:23:00,069] Trial 635 finished with value: 2.306869023367556 and parameters: {'f_n': 2.108105437884219e-06, 'K_d': 204968.5611673478, 'rho_d': 41124925023292.66, 'fission_rate': 6.540867217606398e+19, 'Dg_D1_scale': 1.8860768234409009, 'Dg_D3_scale': 3.542955760147593, 'Dv_D1_scale': 0.23786881293254133, 'Dv_D2_scale': 3.056490742520021, 'b_bulk_scale': 0.1916503416037005, 'b_dislocation_scale': 0.21418169196093875, 'gb_scale': 7.2989109316098455, 'gd_bubble_scale': 0.5570828895753658, 'gd_line_scale': 3.8512286189910636, 'gd_line_alpha': 0.4109081312182883, 'coalescence_d_scale': 0.3819471281560399, 'capture_scale': 3.034786535812453}. Best is trial 444 with value: 2.0614202321115003.
[I 2026-05-02 22:23:04,862] Trial 636 finished with value: 2.09232369812379 and parameters: {'f_n': 2.9613228778723637e-06, 'K_d': 192031.1471572978, 'rho_d': 35793018851695.42, 'fission_rate': 6.1997653669446705e+19, 'Dg_D1_scale': 0.913805628471894, 'Dg_D3_scale': 3.2245635557640457, 'Dv_D1_scale': 0.22150779364894413, 'Dv_D2_scale': 2.8323361865911822, 'b_bulk_scale': 0.1752269709062484, 'b_dislocation_scale': 0.1517300521417355, 'gb_scale': 5.776303602996835, 'gd_bubble_scale': 0.48317183714271417, 'gd_line_scale': 5.005821046734007, 'gd_line_alpha': 0.7957703585139778, 'coalescence_d_scale': 0.25991312411807266, 'capture_scale': 2.583642774199197}. Best is trial 444 with value: 2.0614202321115003.Best trial: 444. Best value: 2.06142:  42%|████▏     | 636/1500 [45:24<1:03:44,  4.43s/it]Best trial: 444. Best value: 2.06142:  42%|████▏     | 636/1500 [45:24<1:03:44,  4.43s/it]Best trial: 444. Best value: 2.06142:  42%|████▏     | 637/1500 [45:24<1:05:16,  4.54s/it]                                                                                          Best trial: 444. Best value: 2.06142:  42%|████▏     | 637/1500 [45:29<1:05:16,  4.54s/it]Best trial: 444. Best value: 2.06142:  42%|████▏     | 637/1500 [45:29<1:05:16,  4.54s/it]Best trial: 444. Best value: 2.06142:  43%|████▎     | 638/1500 [45:29<1:06:13,  4.61s/it]                                                                                          Best trial: 444. Best value: 2.06142:  43%|████▎     | 638/1500 [45:34<1:06:13,  4.61s/it]Best trial: 444. Best value: 2.06142:  43%|████▎     | 638/1500 [45:34<1:06:13,  4.61s/it]Best trial: 444. Best value: 2.06142:  43%|████▎     | 639/1500 [45:34<1:06:57,  4.67s/it]                                                                                          Best trial: 444. Best value: 2.06142:  43%|████▎     | 639/1500 [45:39<1:06:57,  4.67s/it]Best trial: 444. Best value: 2.06142:  43%|████▎     | 639/1500 [45:39<1:06:57,  4.67s/it]Best trial: 444. Best value: 2.06142:  43%|████▎     | 640/1500 [45:39<1:07:57,  4.74s/it]                                                                                          Best trial: 444. Best value: 2.06142:  43%|████▎     | 640/1500 [45:44<1:07:57,  4.74s/it]Best trial: 444. Best value: 2.06142:  43%|████▎     | 640/1500 [45:44<1:07:57,  4.74s/it]Best trial: 444. Best value: 2.06142:  43%|████▎     | 641/1500 [45:44<1:08:12,  4.76s/it]                                                                                          Best trial: 444. Best value: 2.06142:  43%|████▎     | 641/1500 [45:47<1:08:12,  4.76s/it]Best trial: 444. Best value: 2.06142:  43%|████▎     | 641/1500 [45:47<1:08:12,  4.76s/it]Best trial: 444. Best value: 2.06142:  43%|████▎     | 642/1500 [45:47<1:01:14,  4.28s/it]                                                                                          Best trial: 444. Best value: 2.06142:  43%|████▎     | 642/1500 [45:52<1:01:14,  4.28s/it]Best trial: 444. Best value: 2.06142:  43%|████▎     | 642/1500 [45:52<1:01:14,  4.28s/it]Best trial: 444. Best value: 2.06142:  43%|████▎     | 643/1500 [45:52<1:03:30,  4.45s/it]                                                                                          Best trial: 444. Best value: 2.06142:  43%|████▎     | 643/1500 [45:56<1:03:30,  4.45s/it]Best trial: 444. Best value: 2.06142:  43%|████▎     | 643/1500 [45:56<1:03:30,  4.45s/it]Best trial: 444. Best value: 2.06142:  43%|████▎     | 644/1500 [45:56<1:04:35,  4.53s/it]                                                                                          Best trial: 444. Best value: 2.06142:  43%|████▎     | 644/1500 [46:01<1:04:35,  4.53s/it]Best trial: 444. Best value: 2.06142:  43%|████▎     | 644/1500 [46:01<1:04:35,  4.53s/it]Best trial: 444. Best value: 2.06142:  43%|████▎     | 645/1500 [46:01<1:05:14,  4.58s/it]                                                                                          Best trial: 444. Best value: 2.06142:  43%|████▎     | 645/1500 [46:06<1:05:14,  4.58s/it]Best trial: 444. Best value: 2.06142:  43%|████▎     | 645/1500 [46:06<1:05:14,  4.58s/it]Best trial: 444. Best value: 2.06142:  43%|████▎     | 646/1500 [46:06<1:05:52,  4.63s/it]                                                                                          Best trial: 444. Best value: 2.06142:  43%|████▎     | 646/1500 [46:11<1:05:52,  4.63s/it]Best trial: 444. Best value: 2.06142:  43%|████▎     | 646/1500 [46:11<1:05:52,  4.63s/it]Best trial: 444. Best value: 2.06142:  43%|████▎     | 647/1500 [46:11<1:06:23,  4.67s/it]                                                                                          Best trial: 444. Best value: 2.06142:  43%|████▎     | 647/1500 [46:15<1:06:23,  4.67s/it]Best trial: 444. Best value: 2.06142:  43%|████▎     | 647/1500 [46:15<1:06:23,  4.67s/it]Best trial: 444. Best value: 2.06142:  43%|████▎     | 648/1500 [46:15<1:07:05,  4.73s/it]                                                                                          
[I 2026-05-02 22:23:09,645] Trial 637 finished with value: 3.271373666596457 and parameters: {'f_n': 2.9889297241968345e-06, 'K_d': 185642.5346382961, 'rho_d': 77228153366368.64, 'fission_rate': 6.172067986047715e+19, 'Dg_D1_scale': 0.9630744758981429, 'Dg_D3_scale': 2.8555141760359293, 'Dv_D1_scale': 0.257101669757485, 'Dv_D2_scale': 3.2327207221668597, 'b_bulk_scale': 0.17667115680814344, 'b_dislocation_scale': 0.14475751612112017, 'gb_scale': 4.695898843667442, 'gd_bubble_scale': 0.4671915160486741, 'gd_line_scale': 5.084550735637293, 'gd_line_alpha': 0.7970203938415529, 'coalescence_d_scale': 0.24686307522451525, 'capture_scale': 2.7171302355866667}. Best is trial 444 with value: 2.0614202321115003.
[I 2026-05-02 22:23:14,443] Trial 638 finished with value: 2.0749620461076597 and parameters: {'f_n': 2.9812669682239684e-06, 'K_d': 175358.99216437215, 'rho_d': 37295514745274.414, 'fission_rate': 6.188331471746229e+19, 'Dg_D1_scale': 0.36049124513231673, 'Dg_D3_scale': 2.9951291098580097, 'Dv_D1_scale': 0.24656852454903042, 'Dv_D2_scale': 2.9140185527115388, 'b_bulk_scale': 0.19984053517196962, 'b_dislocation_scale': 0.12988533596177493, 'gb_scale': 5.326655052325715, 'gd_bubble_scale': 0.4941684736525934, 'gd_line_scale': 4.765364847531424, 'gd_line_alpha': 0.8219401212211898, 'coalescence_d_scale': 0.26545758760552085, 'capture_scale': 2.94452617040075}. Best is trial 444 with value: 2.0614202321115003.
[I 2026-05-02 22:23:19,351] Trial 639 finished with value: 2.324118954589675 and parameters: {'f_n': 2.869025154023502e-06, 'K_d': 167439.68794847289, 'rho_d': 39465320821585.89, 'fission_rate': 6.1666068287079e+19, 'Dg_D1_scale': 2.627275491871241, 'Dg_D3_scale': 3.1105496692498313, 'Dv_D1_scale': 0.2523258593018818, 'Dv_D2_scale': 2.9872132445981223, 'b_bulk_scale': 0.20875969430010988, 'b_dislocation_scale': 0.11566984411855805, 'gb_scale': 5.136131955074712, 'gd_bubble_scale': 0.5009020760797112, 'gd_line_scale': 4.282298540923779, 'gd_line_alpha': 0.8633215373753054, 'coalescence_d_scale': 0.26262069159635665, 'capture_scale': 3.4006829158508527}. Best is trial 444 with value: 2.0614202321115003.
[I 2026-05-02 22:23:24,176] Trial 640 finished with value: 2.0952655265133253 and parameters: {'f_n': 2.5270316257052404e-06, 'K_d': 172785.47154869756, 'rho_d': 38024973123301.1, 'fission_rate': 6.246514877964258e+19, 'Dg_D1_scale': 0.5408221987707121, 'Dg_D3_scale': 2.9850527722776965, 'Dv_D1_scale': 0.2312490366396245, 'Dv_D2_scale': 3.1345205769414752, 'b_bulk_scale': 0.20198227738526503, 'b_dislocation_scale': 0.12764286568000946, 'gb_scale': 5.3589327291807125, 'gd_bubble_scale': 0.5415463170101585, 'gd_line_scale': 4.679032739629695, 'gd_line_alpha': 0.845112713266353, 'coalescence_d_scale': 0.2685898022027922, 'capture_scale': 3.192781493973671}. Best is trial 444 with value: 2.0614202321115003.
[I 2026-05-02 22:23:27,335] Trial 641 finished with value: 3.2021493338109948 and parameters: {'f_n': 2.9790962045932227e-06, 'K_d': 165757.8602031982, 'rho_d': 41387057042740.445, 'fission_rate': 6.277047696289941e+19, 'Dg_D1_scale': 0.28642636987978665, 'Dg_D3_scale': 2.8998229057956855, 'Dv_D1_scale': 0.9440469837270153, 'Dv_D2_scale': 3.229845738445662, 'b_bulk_scale': 0.2082662712786879, 'b_dislocation_scale': 0.089278973623624, 'gb_scale': 4.928098973719764, 'gd_bubble_scale': 0.5571828332857313, 'gd_line_scale': 4.515364930171731, 'gd_line_alpha': 0.8729954337635011, 'coalescence_d_scale': 0.2293962222230926, 'capture_scale': 2.846971180366173}. Best is trial 444 with value: 2.0614202321115003.
[I 2026-05-02 22:23:32,161] Trial 642 finished with value: 3.0454046819320237 and parameters: {'f_n': 9.0823286464428e-07, 'K_d': 167645.03860883394, 'rho_d': 37713262516272.625, 'fission_rate': 6.217850613923235e+19, 'Dg_D1_scale': 2.895073733382979, 'Dg_D3_scale': 2.9576943770845667, 'Dv_D1_scale': 0.2691612123901205, 'Dv_D2_scale': 3.159275926172502, 'b_bulk_scale': 0.22439686832142697, 'b_dislocation_scale': 0.11676171666568891, 'gb_scale': 4.083506617055941, 'gd_bubble_scale': 0.4947107309026042, 'gd_line_scale': 4.090405316294905, 'gd_line_alpha': 0.8491201701411191, 'coalescence_d_scale': 1.0429418723561685, 'capture_scale': 3.0383195445592315}. Best is trial 444 with value: 2.0614202321115003.
[I 2026-05-02 22:23:36,880] Trial 643 finished with value: 2.084434835969143 and parameters: {'f_n': 2.369512903132842e-06, 'K_d': 173763.68630875935, 'rho_d': 39973179910354.12, 'fission_rate': 6.326954889153672e+19, 'Dg_D1_scale': 0.6008448508450583, 'Dg_D3_scale': 3.0859696569366424, 'Dv_D1_scale': 0.24477615418609158, 'Dv_D2_scale': 3.25640259763276, 'b_bulk_scale': 0.1981105340595827, 'b_dislocation_scale': 0.1352691155264431, 'gb_scale': 5.526061382966312, 'gd_bubble_scale': 0.5514145504927952, 'gd_line_scale': 4.477828430713773, 'gd_line_alpha': 0.8839933969227574, 'coalescence_d_scale': 0.26136002764370875, 'capture_scale': 3.444835777157594}. Best is trial 444 with value: 2.0614202321115003.
[I 2026-05-02 22:23:41,575] Trial 644 finished with value: 2.591760088634953 and parameters: {'f_n': 1.5021661111000013e-06, 'K_d': 174677.65055042066, 'rho_d': 42733324654434.25, 'fission_rate': 6.362541806800763e+19, 'Dg_D1_scale': 0.6264247354975749, 'Dg_D3_scale': 2.718146805084478, 'Dv_D1_scale': 0.2770873160925043, 'Dv_D2_scale': 3.270814870801104, 'b_bulk_scale': 0.20450486595522455, 'b_dislocation_scale': 0.12554812220617315, 'gb_scale': 4.2200234519064805, 'gd_bubble_scale': 0.5462041598161376, 'gd_line_scale': 4.849518212500396, 'gd_line_alpha': 0.8847483832728643, 'coalescence_d_scale': 0.2384881413964351, 'capture_scale': 3.596678480503504}. Best is trial 444 with value: 2.0614202321115003.
[I 2026-05-02 22:23:46,318] Trial 645 finished with value: 2.2394753112346324 and parameters: {'f_n': 1.136797605189391e-06, 'K_d': 163017.44226894138, 'rho_d': 40290954331023.46, 'fission_rate': 6.305576751353213e+19, 'Dg_D1_scale': 0.3495227109772027, 'Dg_D3_scale': 2.910286489505182, 'Dv_D1_scale': 0.29865047723008853, 'Dv_D2_scale': 3.328228744023687, 'b_bulk_scale': 0.21989814408249314, 'b_dislocation_scale': 0.11387162038851047, 'gb_scale': 5.491097305305821, 'gd_bubble_scale': 0.58626467710035, 'gd_line_scale': 3.7823215802423933, 'gd_line_alpha': 0.8848176396617767, 'coalescence_d_scale': 0.26422257084802436, 'capture_scale': 3.641435224557454}. Best is trial 444 with value: 2.0614202321115003.
[I 2026-05-02 22:23:51,086] Trial 646 finished with value: 2.5856337285865547 and parameters: {'f_n': 1.7960348069435268e-06, 'K_d': 1466246.107517372, 'rho_d': 42305534649918.375, 'fission_rate': 6.2221896666215514e+19, 'Dg_D1_scale': 0.4087730272095268, 'Dg_D3_scale': 3.149895596850876, 'Dv_D1_scale': 0.2608150919417121, 'Dv_D2_scale': 3.1269900308228387, 'b_bulk_scale': 0.19365893463325567, 'b_dislocation_scale': 0.10988500156510222, 'gb_scale': 5.232568411333212, 'gd_bubble_scale': 0.5059892301889629, 'gd_line_scale': 4.6265909118566055, 'gd_line_alpha': 0.8638720581628324, 'coalescence_d_scale': 0.22286986304829892, 'capture_scale': 3.4970930791456545}. Best is trial 444 with value: 2.0614202321115003.
[I 2026-05-02 22:23:55,941] Trial 647 finished with value: 2.2568305541061373 and parameters: {'f_n': 1.4174647686205426e-06, 'K_d': 172064.41987426623, 'rho_d': 39409684367596.695, 'fission_rate': 6.1372673464978e+19, 'Dg_D1_scale': 0.7096329683050145, 'Dg_D3_scale': 3.03260419565365, 'Dv_D1_scale': 0.252922122869976, 'Dv_D2_scale': 3.2898413535592512, 'b_bulk_scale': 0.21708484763911698, 'b_dislocation_scale': 0.12852011011047276, 'gb_scale': 4.506528163089524, 'gd_bubble_scale': 0.4731445004213002, 'gd_line_scale': 4.103844309856396, 'gd_line_alpha': 0.8823105979228136, 'coalescence_d_scale': 0.26049464853382065, 'capture_scale': 3.230709707327847}. Best is trial 444 with value: 2.0614202321115003.
