[I 2026-05-02 23:42:03,200] Trial 1476 finished with value: 2.125529831538241 and parameters: {'f_n': 1.8925271713643857e-07, 'K_d': 131374.59017438744, 'rho_d': 62321416055035.5, 'fission_rate': 4.917397011477339e+19, 'Dg_D1_scale': 0.23734670831054874, 'Dg_D3_scale': 1.451977054934663, 'Dv_D1_scale': 0.4159489595089125, 'Dv_D2_scale': 3.3548438583948945, 'b_bulk_scale': 0.34151454785040797, 'b_dislocation_scale': 0.0445607083171474, 'gb_scale': 2.9254922612750995, 'gd_bubble_scale': 0.17561527139548871, 'gd_line_scale': 0.4128567513558994, 'gd_line_alpha': 0.6007814948118986, 'coalescence_d_scale': 0.49849723682429814, 'capture_scale': 0.06837413899753325}. Best is trial 1282 with value: 2.0082570421242427.Best trial: 1282. Best value: 2.00826:  98%|█████████▊| 1476/1500 [2:04:23<02:15,  5.63s/it]Best trial: 1282. Best value: 2.00826:  98%|█████████▊| 1476/1500 [2:04:23<02:15,  5.63s/it]Best trial: 1282. Best value: 2.00826:  98%|█████████▊| 1477/1500 [2:04:23<02:01,  5.27s/it]                                                                                            Best trial: 1282. Best value: 2.00826:  98%|█████████▊| 1477/1500 [2:04:29<02:01,  5.27s/it]Best trial: 1282. Best value: 2.00826:  98%|█████████▊| 1477/1500 [2:04:29<02:01,  5.27s/it]Best trial: 1282. Best value: 2.00826:  99%|█████████▊| 1478/1500 [2:04:29<01:59,  5.45s/it]                                                                                            Best trial: 1282. Best value: 2.00826:  99%|█████████▊| 1478/1500 [2:04:34<01:59,  5.45s/it]Best trial: 1282. Best value: 2.00826:  99%|█████████▊| 1478/1500 [2:04:35<01:59,  5.45s/it]Best trial: 1282. Best value: 2.00826:  99%|█████████▊| 1479/1500 [2:04:35<01:57,  5.61s/it]                                                                                            Best trial: 1282. Best value: 2.00826:  99%|█████████▊| 1479/1500 [2:04:40<01:57,  5.61s/it]Best trial: 1282. Best value: 2.00826:  99%|█████████▊| 1479/1500 [2:04:41<01:57,  5.61s/it]Best trial: 1282. Best value: 2.00826:  99%|█████████▊| 1480/1500 [2:04:41<01:54,  5.71s/it]                                                                                            Best trial: 1282. Best value: 2.00826:  99%|█████████▊| 1480/1500 [2:04:46<01:54,  5.71s/it]Best trial: 1282. Best value: 2.00826:  99%|█████████▊| 1480/1500 [2:04:46<01:54,  5.71s/it]Best trial: 1282. Best value: 2.00826:  99%|█████████▊| 1481/1500 [2:04:46<01:49,  5.75s/it]                                                                                            Best trial: 1282. Best value: 2.00826:  99%|█████████▊| 1481/1500 [2:04:51<01:49,  5.75s/it]Best trial: 1282. Best value: 2.00826:  99%|█████████▊| 1481/1500 [2:04:51<01:49,  5.75s/it]Best trial: 1282. Best value: 2.00826:  99%|█████████▉| 1482/1500 [2:04:51<01:36,  5.36s/it]                                                                                            Best trial: 1282. Best value: 2.00826:  99%|█████████▉| 1482/1500 [2:04:56<01:36,  5.36s/it]Best trial: 1282. Best value: 2.00826:  99%|█████████▉| 1482/1500 [2:04:57<01:36,  5.36s/it]Best trial: 1282. Best value: 2.00826:  99%|█████████▉| 1483/1500 [2:04:57<01:33,  5.47s/it]                                                                                            Best trial: 1282. Best value: 2.00826:  99%|█████████▉| 1483/1500 [2:05:02<01:33,  5.47s/it]Best trial: 1282. Best value: 2.00826:  99%|█████████▉| 1483/1500 [2:05:02<01:33,  5.47s/it]Best trial: 1282. Best value: 2.00826:  99%|█████████▉| 1484/1500 [2:05:02<01:28,  5.51s/it]                                                                                            Best trial: 1282. Best value: 2.00826:  99%|█████████▉| 1484/1500 [2:05:08<01:28,  5.51s/it]Best trial: 1282. Best value: 2.00826:  99%|█████████▉| 1484/1500 [2:05:08<01:28,  5.51s/it]Best trial: 1282. Best value: 2.00826:  99%|█████████▉| 1485/1500 [2:05:08<01:24,  5.64s/it]                                                                                            Best trial: 1282. Best value: 2.00826:  99%|█████████▉| 1485/1500 [2:05:14<01:24,  5.64s/it]Best trial: 1282. Best value: 2.00826:  99%|█████████▉| 1485/1500 [2:05:15<01:24,  5.64s/it]Best trial: 1282. Best value: 2.00826:  99%|█████████▉| 1486/1500 [2:05:15<01:21,  5.86s/it]                                                                                            Best trial: 1282. Best value: 2.00826:  99%|█████████▉| 1486/1500 [2:05:21<01:21,  5.86s/it]Best trial: 1282. Best value: 2.00826:  99%|█████████▉| 1486/1500 [2:05:21<01:21,  5.86s/it]Best trial: 1282. Best value: 2.00826:  99%|█████████▉| 1487/1500 [2:05:21<01:17,  5.95s/it]                                                                                            Best trial: 1282. Best value: 2.00826:  99%|█████████▉| 1487/1500 [2:05:25<01:17,  5.95s/it]Best trial: 1282. Best value: 2.00826:  99%|█████████▉| 1487/1500 [2:05:25<01:17,  5.95s/it]Best trial: 1282. Best value: 2.00826:  99%|█████████▉| 1488/1500 [2:05:25<01:05,  5.43s/it]                                                                                            
[I 2026-05-02 23:42:09,072] Trial 1477 finished with value: 4.965370813466914 and parameters: {'f_n': 2.9976127306588283e-10, 'K_d': 156367.82039352233, 'rho_d': 66965231699771.97, 'fission_rate': 5.100663208010506e+19, 'Dg_D1_scale': 0.26664135894183705, 'Dg_D3_scale': 1.2862356357261315, 'Dv_D1_scale': 0.3699814437860837, 'Dv_D2_scale': 3.637638996240771, 'b_bulk_scale': 0.36605344156988867, 'b_dislocation_scale': 0.04261848676911264, 'gb_scale': 2.1401089181020834, 'gd_bubble_scale': 0.1382237694914227, 'gd_line_scale': 0.5543597731956361, 'gd_line_alpha': 0.5752431217196653, 'coalescence_d_scale': 0.4360064215553735, 'capture_scale': 0.08519946713667223}. Best is trial 1282 with value: 2.0082570421242427.
[I 2026-05-02 23:42:15,038] Trial 1478 finished with value: 2.4184009991820172 and parameters: {'f_n': 4.707373973201072e-07, 'K_d': 141428.2135581942, 'rho_d': 72233488460631.6, 'fission_rate': 4.955225235022489e+19, 'Dg_D1_scale': 0.2904331165740598, 'Dg_D3_scale': 1.1951697327130435, 'Dv_D1_scale': 0.39122231669842783, 'Dv_D2_scale': 3.7618326617106312, 'b_bulk_scale': 0.31537751855822904, 'b_dislocation_scale': 0.07031446212065297, 'gb_scale': 2.506849481318396, 'gd_bubble_scale': 0.16127256952711622, 'gd_line_scale': 0.33404502134248815, 'gd_line_alpha': 0.6442442062792103, 'coalescence_d_scale': 0.3827967805449851, 'capture_scale': 0.043169967180408206}. Best is trial 1282 with value: 2.0082570421242427.
[I 2026-05-02 23:42:20,983] Trial 1479 finished with value: 2.3370560206737774 and parameters: {'f_n': 3.807835496508886e-07, 'K_d': 134397.61639026777, 'rho_d': 76709250728325.05, 'fission_rate': 5.015286696763341e+19, 'Dg_D1_scale': 0.25405931305244667, 'Dg_D3_scale': 1.491541732430478, 'Dv_D1_scale': 0.37138566545557394, 'Dv_D2_scale': 3.509101406713703, 'b_bulk_scale': 0.4500910023405179, 'b_dislocation_scale': 0.05245507493465717, 'gb_scale': 3.180666539048437, 'gd_bubble_scale': 0.21197491053559478, 'gd_line_scale': 0.4775134706018778, 'gd_line_alpha': 0.6257616626772405, 'coalescence_d_scale': 0.5308368733990945, 'capture_scale': 0.07361558525550836}. Best is trial 1282 with value: 2.0082570421242427.
[I 2026-05-02 23:42:26,839] Trial 1480 finished with value: 3.132878460786736 and parameters: {'f_n': 2.687733497137526e-07, 'K_d': 127994.65146723151, 'rho_d': 63491643107263.586, 'fission_rate': 5.097896922575442e+19, 'Dg_D1_scale': 0.27379206268078365, 'Dg_D3_scale': 1.6792815163798769, 'Dv_D1_scale': 1.1729469660262988, 'Dv_D2_scale': 3.756320765766603, 'b_bulk_scale': 0.37565934110490307, 'b_dislocation_scale': 0.06520101900880633, 'gb_scale': 2.7348157571909772, 'gd_bubble_scale': 0.14548861993689652, 'gd_line_scale': 0.38101665528419604, 'gd_line_alpha': 0.6567273275278979, 'coalescence_d_scale': 1.437633317929339, 'capture_scale': 0.0607633973183899}. Best is trial 1282 with value: 2.0082570421242427.
[I 2026-05-02 23:42:31,282] Trial 1481 finished with value: 3.9585126494233767 and parameters: {'f_n': 4.742772108812232e-07, 'K_d': 149784.1878261863, 'rho_d': 10049304719519.477, 'fission_rate': 4.9196714951816544e+19, 'Dg_D1_scale': 0.2981624424674325, 'Dg_D3_scale': 1.5174051952043512, 'Dv_D1_scale': 0.39420815538041476, 'Dv_D2_scale': 3.3176105121977275, 'b_bulk_scale': 0.2848911143196553, 'b_dislocation_scale': 0.07332153735363525, 'gb_scale': 2.322714222347601, 'gd_bubble_scale': 0.1333401231856385, 'gd_line_scale': 0.6419692552936138, 'gd_line_alpha': 0.5920235939838697, 'coalescence_d_scale': 0.4685139016533869, 'capture_scale': 0.08409002823273751}. Best is trial 1282 with value: 2.0082570421242427.
[I 2026-05-02 23:42:37,016] Trial 1482 finished with value: 2.7118023620557157 and parameters: {'f_n': 1.9130504766867975e-07, 'K_d': 941662.8875218303, 'rho_d': 67594875343302.18, 'fission_rate': 5.1703796239827165e+19, 'Dg_D1_scale': 0.24276784303850074, 'Dg_D3_scale': 1.3869415264140759, 'Dv_D1_scale': 0.3663746943786463, 'Dv_D2_scale': 3.7782548074305837, 'b_bulk_scale': 0.4553798841381503, 'b_dislocation_scale': 0.060828942260407415, 'gb_scale': 3.044448552252474, 'gd_bubble_scale': 0.1853192656531008, 'gd_line_scale': 0.44453764774069476, 'gd_line_alpha': 0.6191548274146484, 'coalescence_d_scale': 0.4134698994460263, 'capture_scale': 0.06936730155910631}. Best is trial 1282 with value: 2.0082570421242427.
[I 2026-05-02 23:42:42,617] Trial 1483 finished with value: 2.402134345673318 and parameters: {'f_n': 3.421099952426166e-07, 'K_d': 127871.04638912212, 'rho_d': 79985333435596.5, 'fission_rate': 5.313919556584277e+19, 'Dg_D1_scale': 0.22633958667126408, 'Dg_D3_scale': 1.3022719321337892, 'Dv_D1_scale': 0.4287505322565617, 'Dv_D2_scale': 3.483673618765301, 'b_bulk_scale': 0.3387563383909757, 'b_dislocation_scale': 0.07696079893696668, 'gb_scale': 2.06824489653762, 'gd_bubble_scale': 0.16610502263705793, 'gd_line_scale': 0.5583697316125047, 'gd_line_alpha': 0.6782425152835643, 'coalescence_d_scale': 0.5248467962745489, 'capture_scale': 0.055087805554938994}. Best is trial 1282 with value: 2.0082570421242427.
[I 2026-05-02 23:42:48,577] Trial 1484 finished with value: 2.148694471781593 and parameters: {'f_n': 2.4036559867782403e-07, 'K_d': 161581.53322300114, 'rho_d': 63068923147433.27, 'fission_rate': 4.976691247046933e+19, 'Dg_D1_scale': 0.25977843139167295, 'Dg_D3_scale': 1.6529967310370954, 'Dv_D1_scale': 0.36281912463266885, 'Dv_D2_scale': 3.6205123452046473, 'b_bulk_scale': 0.27307214973813165, 'b_dislocation_scale': 0.06727796936680638, 'gb_scale': 3.533727196184355, 'gd_bubble_scale': 0.13153244636014289, 'gd_line_scale': 0.49300714449461475, 'gd_line_alpha': 0.6387880378657602, 'coalescence_d_scale': 0.37399046035852845, 'capture_scale': 0.08155023330115832}. Best is trial 1282 with value: 2.0082570421242427.
[I 2026-05-02 23:42:54,925] Trial 1485 finished with value: 2.0524114612922406 and parameters: {'f_n': 4.926013860813468e-07, 'K_d': 139724.5615141344, 'rho_d': 73102570285602.92, 'fission_rate': 5.04551179700393e+19, 'Dg_D1_scale': 0.23399067311269614, 'Dg_D3_scale': 1.7262125269372781, 'Dv_D1_scale': 0.39824364801049766, 'Dv_D2_scale': 3.7941885145281864, 'b_bulk_scale': 0.310934393278229, 'b_dislocation_scale': 0.05768628185838032, 'gb_scale': 2.6613610383153805, 'gd_bubble_scale': 0.14739578397240322, 'gd_line_scale': 0.3992048584033297, 'gd_line_alpha': 0.7235451029095625, 'coalescence_d_scale': 0.4588677263469419, 'capture_scale': 0.04804298450211906}. Best is trial 1282 with value: 2.0082570421242427.
[I 2026-05-02 23:43:01,097] Trial 1486 finished with value: 2.3955220077584047 and parameters: {'f_n': 3.0558221813513057e-07, 'K_d': 127529.5140271415, 'rho_d': 67571124927170.23, 'fission_rate': 4.908055810649922e+19, 'Dg_D1_scale': 0.2758285945922137, 'Dg_D3_scale': 1.543804678275192, 'Dv_D1_scale': 0.42751063318079774, 'Dv_D2_scale': 3.2486937690669877, 'b_bulk_scale': 0.3566599668527849, 'b_dislocation_scale': 0.04083568670428667, 'gb_scale': 4.652867389440529, 'gd_bubble_scale': 0.18768248650393682, 'gd_line_scale': 0.2827864152734194, 'gd_line_alpha': 0.6011843110216989, 'coalescence_d_scale': 0.413783042021927, 'capture_scale': 0.08797586650895686}. Best is trial 1282 with value: 2.0082570421242427.
[I 2026-05-02 23:43:05,217] Trial 1487 finished with value: 4.118250595183672 and parameters: {'f_n': 4.014120872517259e-07, 'K_d': 135082.88777407946, 'rho_d': 9078415861712.53, 'fission_rate': 5.251965809311841e+19, 'Dg_D1_scale': 0.29290205215532, 'Dg_D3_scale': 1.4308891389279976, 'Dv_D1_scale': 0.36182680535200146, 'Dv_D2_scale': 3.998902705387867, 'b_bulk_scale': 0.4527795069334476, 'b_dislocation_scale': 0.07648964097575867, 'gb_scale': 2.988032104417471, 'gd_bubble_scale': 0.158500218052252, 'gd_line_scale': 0.5286416528703572, 'gd_line_alpha': 0.5783211304567657, 'coalescence_d_scale': 0.4785114213979873, 'capture_scale': 0.06409345673123634}. Best is trial 1282 with value: 2.0082570421242427.
[I 2026-05-02 23:43:11,228] Trial 1488 finished with value: 2.092324952207471 and parameters: {'f_n': 1.7000832399123367e-07, 'K_d': 149500.92035054823, 'rho_d': 61585663441698.6, 'fission_rate': 5.03719970277133e+19, 'Dg_D1_scale': 0.24531051250486346, 'Dg_D3_scale': 1.740989472860009, 'Dv_D1_scale': 0.4028312073893393, 'Dv_D2_scale': 3.4886272699143928, 'b_bulk_scale': 0.39815514383114875, 'b_dislocation_scale': 0.07142442048857933, 'gb_scale': 2.3805707586667295, 'gd_bubble_scale': 0.1321813114592931, 'gd_line_scale': 0.4562876050758411, 'gd_line_alpha': 0.6573292764718769, 'coalescence_d_scale': 0.5315629204254827, 'capture_scale': 0.07420169790306101}. Best is trial 1282 with value: 2.0082570421242427.Best trial: 1282. Best value: 2.00826:  99%|█████████▉| 1488/1500 [2:05:31<01:05,  5.43s/it]Best trial: 1282. Best value: 2.00826:  99%|█████████▉| 1488/1500 [2:05:31<01:05,  5.43s/it]Best trial: 1282. Best value: 2.00826:  99%|█████████▉| 1489/1500 [2:05:31<01:01,  5.57s/it]                                                                                            Best trial: 1282. Best value: 2.00826:  99%|█████████▉| 1489/1500 [2:05:37<01:01,  5.57s/it]Best trial: 1282. Best value: 2.00826:  99%|█████████▉| 1489/1500 [2:05:37<01:01,  5.57s/it]Best trial: 1282. Best value: 2.00826:  99%|█████████▉| 1490/1500 [2:05:37<00:57,  5.73s/it]                                                                                            Best trial: 1282. Best value: 2.00826:  99%|█████████▉| 1490/1500 [2:05:43<00:57,  5.73s/it]Best trial: 1282. Best value: 2.00826:  99%|█████████▉| 1490/1500 [2:05:43<00:57,  5.73s/it]Best trial: 1282. Best value: 2.00826:  99%|█████████▉| 1491/1500 [2:05:43<00:51,  5.78s/it]                                                                                            Best trial: 1282. Best value: 2.00826:  99%|█████████▉| 1491/1500 [2:05:49<00:51,  5.78s/it]Best trial: 1282. Best value: 2.00826:  99%|█████████▉| 1491/1500 [2:05:49<00:51,  5.78s/it]Best trial: 1282. Best value: 2.00826:  99%|█████████▉| 1492/1500 [2:05:49<00:46,  5.84s/it]                                                                                            Best trial: 1282. Best value: 2.00826:  99%|█████████▉| 1492/1500 [2:05:53<00:46,  5.84s/it]Best trial: 1282. Best value: 2.00826:  99%|█████████▉| 1492/1500 [2:05:53<00:46,  5.84s/it]Best trial: 1282. Best value: 2.00826: 100%|█████████▉| 1493/1500 [2:05:53<00:38,  5.44s/it]                                                                                            Best trial: 1282. Best value: 2.00826: 100%|█████████▉| 1493/1500 [2:05:59<00:38,  5.44s/it]Best trial: 1282. Best value: 2.00826: 100%|█████████▉| 1493/1500 [2:05:59<00:38,  5.44s/it]Best trial: 1282. Best value: 2.00826: 100%|█████████▉| 1494/1500 [2:05:59<00:33,  5.53s/it]                                                                                            Best trial: 1282. Best value: 2.00826: 100%|█████████▉| 1494/1500 [2:06:05<00:33,  5.53s/it]Best trial: 1282. Best value: 2.00826: 100%|█████████▉| 1494/1500 [2:06:05<00:33,  5.53s/it]Best trial: 1282. Best value: 2.00826: 100%|█████████▉| 1495/1500 [2:06:05<00:28,  5.64s/it]                                                                                            Best trial: 1282. Best value: 2.00826: 100%|█████████▉| 1495/1500 [2:06:11<00:28,  5.64s/it]Best trial: 1282. Best value: 2.00826: 100%|█████████▉| 1495/1500 [2:06:11<00:28,  5.64s/it]Best trial: 1282. Best value: 2.00826: 100%|█████████▉| 1496/1500 [2:06:11<00:23,  5.75s/it]                                                                                            Best trial: 1282. Best value: 2.00826: 100%|█████████▉| 1496/1500 [2:06:17<00:23,  5.75s/it]Best trial: 1282. Best value: 2.00826: 100%|█████████▉| 1496/1500 [2:06:17<00:23,  5.75s/it]Best trial: 1282. Best value: 2.00826: 100%|█████████▉| 1497/1500 [2:06:17<00:17,  5.76s/it]                                                                                            Best trial: 1282. Best value: 2.00826: 100%|█████████▉| 1497/1500 [2:06:23<00:17,  5.76s/it]Best trial: 1282. Best value: 2.00826: 100%|█████████▉| 1497/1500 [2:06:23<00:17,  5.76s/it]Best trial: 1282. Best value: 2.00826: 100%|█████████▉| 1498/1500 [2:06:23<00:11,  5.86s/it]                                                                                            Best trial: 1282. Best value: 2.00826: 100%|█████████▉| 1498/1500 [2:06:27<00:11,  5.86s/it]Best trial: 1282. Best value: 2.00826: 100%|█████████▉| 1498/1500 [2:06:27<00:11,  5.86s/it]Best trial: 1282. Best value: 2.00826: 100%|█████████▉| 1499/1500 [2:06:27<00:05,  5.41s/it]                                                                                            Best trial: 1282. Best value: 2.00826: 100%|█████████▉| 1499/1500 [2:06:33<00:05,  5.41s/it]Best trial: 1282. Best value: 2.00826: 100%|█████████▉| 1499/1500 [2:06:33<00:05,  5.41s/it]Best trial: 1282. Best value: 2.00826: 100%|██████████| 1500/1500 [2:06:33<00:00,  5.61s/it]Best trial: 1282. Best value: 2.00826: 100%|██████████| 1500/1500 [2:06:33<00:00,  5.06s/it]

[I 2026-05-02 23:43:17,308] Trial 1489 finished with value: 2.0122211640154277 and parameters: {'f_n': 5.250439962621458e-07, 'K_d': 125317.02356104685, 'rho_d': 65258879830325.914, 'fission_rate': 4.8994128990232175e+19, 'Dg_D1_scale': 0.2993107589635369, 'Dg_D3_scale': 1.5808342086891332, 'Dv_D1_scale': 0.38753302508604176, 'Dv_D2_scale': 3.642429018138786, 'b_bulk_scale': 0.3382292681102664, 'b_dislocation_scale': 0.08305730062506705, 'gb_scale': 2.727839393877226, 'gd_bubble_scale': 0.17082022302606303, 'gd_line_scale': 0.6034037080769896, 'gd_line_alpha': 0.6173732241432748, 'coalescence_d_scale': 0.4318646301624187, 'capture_scale': 0.08978892450623388}. Best is trial 1282 with value: 2.0082570421242427.
[I 2026-05-02 23:43:23,198] Trial 1490 finished with value: 2.2564018676941897 and parameters: {'f_n': 5.452238612914194e-07, 'K_d': 133558.74272251432, 'rho_d': 74097488139533.7, 'fission_rate': 5.092046158542494e+19, 'Dg_D1_scale': 0.3054232757232015, 'Dg_D3_scale': 1.5494362991548607, 'Dv_D1_scale': 0.4228899057989653, 'Dv_D2_scale': 3.1012032947151424, 'b_bulk_scale': 0.41875357261950846, 'b_dislocation_scale': 0.09785225618634387, 'gb_scale': 2.216991652384415, 'gd_bubble_scale': 0.17764530464165712, 'gd_line_scale': 0.6732103416352654, 'gd_line_alpha': 0.6333462575870364, 'coalescence_d_scale': 0.37702148533325447, 'capture_scale': 0.09287966179035569}. Best is trial 1282 with value: 2.0082570421242427.
[I 2026-05-02 23:43:29,200] Trial 1491 finished with value: 2.145924968266328 and parameters: {'f_n': 5.826215940340157e-07, 'K_d': 141884.0814749164, 'rho_d': 69291940445235.65, 'fission_rate': 4.97374983030141e+19, 'Dg_D1_scale': 0.3060162713029654, 'Dg_D3_scale': 1.590707711547601, 'Dv_D1_scale': 0.4562828601215409, 'Dv_D2_scale': 3.1113531420419855, 'b_bulk_scale': 0.38318462087155236, 'b_dislocation_scale': 0.09350389131104579, 'gb_scale': 2.4403996362982703, 'gd_bubble_scale': 0.19846770641517938, 'gd_line_scale': 0.6937477810285034, 'gd_line_alpha': 0.6494316912574579, 'coalescence_d_scale': 0.39795898411397884, 'capture_scale': 0.19929913142146885}. Best is trial 1282 with value: 2.0082570421242427.
[I 2026-05-02 23:43:33,692] Trial 1492 finished with value: 2.20578150317101 and parameters: {'f_n': 5.39218681452441e-07, 'K_d': 395425.5578919863, 'rho_d': 67158961787344.79, 'fission_rate': 4.919383221771934e+19, 'Dg_D1_scale': 0.2989991340149551, 'Dg_D3_scale': 1.439401367263859, 'Dv_D1_scale': 0.41436319490720463, 'Dv_D2_scale': 3.2674746922269198, 'b_bulk_scale': 0.46087299417969074, 'b_dislocation_scale': 0.08522126758280713, 'gb_scale': 2.0203748527404986, 'gd_bubble_scale': 0.19130277892877492, 'gd_line_scale': 0.6285912437861164, 'gd_line_alpha': 0.6126031509904346, 'coalescence_d_scale': 0.4238787289900769, 'capture_scale': 0.09011505153427984}. Best is trial 1282 with value: 2.0082570421242427.
[I 2026-05-02 23:43:39,440] Trial 1493 finished with value: 4.338670065172192 and parameters: {'f_n': 4.980488863452239e-07, 'K_d': 138022.42244225612, 'rho_d': 5402640674780.546, 'fission_rate': 5.18370477528597e+19, 'Dg_D1_scale': 0.30312462676330687, 'Dg_D3_scale': 1.58704624756327, 'Dv_D1_scale': 0.3893724372753111, 'Dv_D2_scale': 3.308286780138377, 'b_bulk_scale': 0.3706901859546787, 'b_dislocation_scale': 0.08444401093139212, 'gb_scale': 2.5716984203670954, 'gd_bubble_scale': 0.2162678489196639, 'gd_line_scale': 0.7377718030205991, 'gd_line_alpha': 0.6663938248727276, 'coalescence_d_scale': 0.48658205569069335, 'capture_scale': 0.1294920696040103}. Best is trial 1282 with value: 2.0082570421242427.
