[I 2026-05-02 23:27:00,377] Trial 1314 finished with value: 2.1669778226118344 and parameters: {'f_n': 7.280711681027503e-07, 'K_d': 138457.42044709445, 'rho_d': 71953276849973.31, 'fission_rate': 5.058347802257706e+19, 'Dg_D1_scale': 0.3259362363817526, 'Dg_D3_scale': 2.4049679599369385, 'Dv_D1_scale': 0.33508386918756494, 'Dv_D2_scale': 3.595985086070386, 'b_bulk_scale': 0.6121102093450685, 'b_dislocation_scale': 0.05342088241296925, 'gb_scale': 2.7556912242971756, 'gd_bubble_scale': 0.11139199852238432, 'gd_line_scale': 0.40955764949455287, 'gd_line_alpha': 0.46866438644960096, 'coalescence_d_scale': 0.5063415833086728, 'capture_scale': 0.16111783380631908}. Best is trial 1282 with value: 2.0082570421242427.
[I 2026-05-02 23:27:05,970] Trial 1315 finished with value: 2.069404838003589 and parameters: {'f_n': 5.335244444120113e-07, 'K_d': 127269.55384922925, 'rho_d': 67781794930833.12, 'fission_rate': 5.3871260727771824e+19, 'Dg_D1_scale': 0.25087639473986395, 'Dg_D3_scale': 2.125442252878754, 'Dv_D1_scale': 0.3646291597044221, 'Dv_D2_scale': 3.986721688198392, 'b_bulk_scale': 0.525968174669445, 'b_dislocation_scale': 0.0646277120648179, 'gb_scale': 2.4967399821887963, 'gd_bubble_scale': 0.17480742789058004, 'gd_line_scale': 0.4508006639621871, 'gd_line_alpha': 0.5452223831310731, 'coalescence_d_scale': 0.46210486303374443, 'capture_scale': 0.09615587094365335}. Best is trial 1282 with value: 2.0082570421242427.
[I 2026-05-02 23:27:12,007] Trial 1316 finished with value: 7.628826461025502 and parameters: {'f_n': 2.2181258333316496e-10, 'K_d': 344520.46513513935, 'rho_d': 62543694886967.47, 'fission_rate': 4.901974910163316e+19, 'Dg_D1_scale': 0.34384381338456194, 'Dg_D3_scale': 2.577116002234454, 'Dv_D1_scale': 2.5637936394846466, 'Dv_D2_scale': 3.37703255748313, 'b_bulk_scale': 0.5593500147999185, 'b_dislocation_scale': 0.07001845519013229, 'gb_scale': 2.7791715626975284, 'gd_bubble_scale': 0.15044262800820238, 'gd_line_scale': 0.4696136812947582, 'gd_line_alpha': 0.5749315733940711, 'coalescence_d_scale': 0.5593372052722158, 'capture_scale': 0.13566928745733597}. Best is trial 1282 with value: 2.0082570421242427.
[I 2026-05-02 23:27:16,232] Trial 1317 finished with value: 2.0777439118657512 and parameters: {'f_n': 2.114803977190445e-07, 'K_d': 131753.30932471674, 'rho_d': 65636579582992.875, 'fission_rate': 5.002003800915094e+19, 'Dg_D1_scale': 0.27662680384690774, 'Dg_D3_scale': 2.3139762513234694, 'Dv_D1_scale': 0.30286751559292646, 'Dv_D2_scale': 3.9994936321114665, 'b_bulk_scale': 0.637761597474304, 'b_dislocation_scale': 0.07795997835814747, 'gb_scale': 2.347508585812403, 'gd_bubble_scale': 0.12536504119387118, 'gd_line_scale': 0.2936179398794242, 'gd_line_alpha': 0.5111421031132406, 'coalescence_d_scale': 0.4475821156630184, 'capture_scale': 0.1169981964444859}. Best is trial 1282 with value: 2.0082570421242427.
[I 2026-05-02 23:27:22,293] Trial 1318 finished with value: 2.1853565655118703 and parameters: {'f_n': 7.789043695174335e-07, 'K_d': 147838.5089538429, 'rho_d': 79863521223504.06, 'fission_rate': 4.873865291629445e+19, 'Dg_D1_scale': 0.3010147395273441, 'Dg_D3_scale': 0.9095947256885178, 'Dv_D1_scale': 0.28069098257776404, 'Dv_D2_scale': 3.6273605502513915, 'b_bulk_scale': 0.6935727313709911, 'b_dislocation_scale': 0.06302150233704291, 'gb_scale': 2.0941446293838495, 'gd_bubble_scale': 0.09810883135818292, 'gd_line_scale': 0.4006476344218282, 'gd_line_alpha': 0.5532375642107406, 'coalescence_d_scale': 0.5052449151446655, 'capture_scale': 0.10716983557660982}. Best is trial 1282 with value: 2.0082570421242427.
[I 2026-05-02 23:27:28,413] Trial 1319 finished with value: 2.0833203111567333 and parameters: {'f_n': 3.342506283913269e-07, 'K_d': 135664.01214608407, 'rho_d': 62653789304847.09, 'fission_rate': 4.832844631894497e+19, 'Dg_D1_scale': 0.35111151312960526, 'Dg_D3_scale': 1.7951578017377658, 'Dv_D1_scale': 0.3886712760398539, 'Dv_D2_scale': 3.799349719121523, 'b_bulk_scale': 0.512312303746589, 'b_dislocation_scale': 0.07509801152130247, 'gb_scale': 2.58200867488317, 'gd_bubble_scale': 0.1674861151585903, 'gd_line_scale': 0.48339629790395705, 'gd_line_alpha': 0.6339742809723042, 'coalescence_d_scale': 0.4215129677625218, 'capture_scale': 0.14681468157956593}. Best is trial 1282 with value: 2.0082570421242427.
[I 2026-05-02 23:27:34,397] Trial 1320 finished with value: 2.3733652873841518 and parameters: {'f_n': 6.228517939478876e-07, 'K_d': 126633.84925048672, 'rho_d': 70572714876174.73, 'fission_rate': 4.940725690788812e+19, 'Dg_D1_scale': 0.19097684838288861, 'Dg_D3_scale': 0.37129800704838356, 'Dv_D1_scale': 0.32788595662920844, 'Dv_D2_scale': 3.464256295301452, 'b_bulk_scale': 0.5960373678336329, 'b_dislocation_scale': 0.0690649908542378, 'gb_scale': 2.8574141448950616, 'gd_bubble_scale': 0.1407055270457157, 'gd_line_scale': 0.33744967463446646, 'gd_line_alpha': 0.5959471829905069, 'coalescence_d_scale': 0.6207453522306413, 'capture_scale': 0.17804461636339589}. Best is trial 1282 with value: 2.0082570421242427.Best trial: 1282. Best value: 2.00826:  88%|████████▊ | 1320/1500 [1:49:54<17:08,  5.72s/it]Best trial: 1282. Best value: 2.00826:  88%|████████▊ | 1320/1500 [1:49:54<17:08,  5.72s/it]Best trial: 1282. Best value: 2.00826:  88%|████████▊ | 1321/1500 [1:49:54<17:17,  5.80s/it]                                                                                            Best trial: 1282. Best value: 2.00826:  88%|████████▊ | 1321/1500 [1:50:00<17:17,  5.80s/it]Best trial: 1282. Best value: 2.00826:  88%|████████▊ | 1321/1500 [1:50:00<17:17,  5.80s/it]Best trial: 1282. Best value: 2.00826:  88%|████████▊ | 1322/1500 [1:50:00<17:27,  5.89s/it]                                                                                            Best trial: 1282. Best value: 2.00826:  88%|████████▊ | 1322/1500 [1:50:04<17:27,  5.89s/it]Best trial: 1282. Best value: 2.00826:  88%|████████▊ | 1322/1500 [1:50:04<17:27,  5.89s/it]Best trial: 1282. Best value: 2.00826:  88%|████████▊ | 1323/1500 [1:50:04<15:55,  5.40s/it]                                                                                            Best trial: 1282. Best value: 2.00826:  88%|████████▊ | 1323/1500 [1:50:10<15:55,  5.40s/it]Best trial: 1282. Best value: 2.00826:  88%|████████▊ | 1323/1500 [1:50:10<15:55,  5.40s/it]Best trial: 1282. Best value: 2.00826:  88%|████████▊ | 1324/1500 [1:50:10<16:23,  5.59s/it]                                                                                            Best trial: 1282. Best value: 2.00826:  88%|████████▊ | 1324/1500 [1:50:16<16:23,  5.59s/it]Best trial: 1282. Best value: 2.00826:  88%|████████▊ | 1324/1500 [1:50:16<16:23,  5.59s/it]Best trial: 1282. Best value: 2.00826:  88%|████████▊ | 1325/1500 [1:50:16<16:25,  5.63s/it]                                                                                            Best trial: 1282. Best value: 2.00826:  88%|████████▊ | 1325/1500 [1:50:22<16:25,  5.63s/it]Best trial: 1282. Best value: 2.00826:  88%|████████▊ | 1325/1500 [1:50:22<16:25,  5.63s/it]Best trial: 1282. Best value: 2.00826:  88%|████████▊ | 1326/1500 [1:50:22<16:56,  5.84s/it]                                                                                            Best trial: 1282. Best value: 2.00826:  88%|████████▊ | 1326/1500 [1:50:28<16:56,  5.84s/it]Best trial: 1282. Best value: 2.00826:  88%|████████▊ | 1326/1500 [1:50:28<16:56,  5.84s/it]Best trial: 1282. Best value: 2.00826:  88%|████████▊ | 1327/1500 [1:50:28<16:50,  5.84s/it]                                                                                            Best trial: 1282. Best value: 2.00826:  88%|████████▊ | 1327/1500 [1:50:34<16:50,  5.84s/it]Best trial: 1282. Best value: 2.00826:  88%|████████▊ | 1327/1500 [1:50:34<16:50,  5.84s/it]Best trial: 1282. Best value: 2.00826:  89%|████████▊ | 1328/1500 [1:50:34<16:43,  5.84s/it]                                                                                            Best trial: 1282. Best value: 2.00826:  89%|████████▊ | 1328/1500 [1:50:37<16:43,  5.84s/it]Best trial: 1282. Best value: 2.00826:  89%|████████▊ | 1328/1500 [1:50:37<16:43,  5.84s/it]Best trial: 1282. Best value: 2.00826:  89%|████████▊ | 1329/1500 [1:50:37<14:20,  5.03s/it]                                                                                            Best trial: 1282. Best value: 2.00826:  89%|████████▊ | 1329/1500 [1:50:43<14:20,  5.03s/it]Best trial: 1282. Best value: 2.00826:  89%|████████▊ | 1329/1500 [1:50:43<14:20,  5.03s/it]Best trial: 1282. Best value: 2.00826:  89%|████████▊ | 1330/1500 [1:50:43<14:51,  5.24s/it]                                                                                            Best trial: 1282. Best value: 2.00826:  89%|████████▊ | 1330/1500 [1:50:48<14:51,  5.24s/it]Best trial: 1282. Best value: 2.00826:  89%|████████▊ | 1330/1500 [1:50:49<14:51,  5.24s/it]Best trial: 1282. Best value: 2.00826:  89%|████████▊ | 1331/1500 [1:50:49<15:05,  5.36s/it]                                                                                            Best trial: 1282. Best value: 2.00826:  89%|████████▊ | 1331/1500 [1:50:54<15:05,  5.36s/it]Best trial: 1282. Best value: 2.00826:  89%|████████▊ | 1331/1500 [1:50:54<15:05,  5.36s/it]Best trial: 1282. Best value: 2.00826:  89%|████████▉ | 1332/1500 [1:50:54<15:23,  5.50s/it]                                                                                            
[I 2026-05-02 23:27:40,498] Trial 1321 finished with value: 4.934854868914709 and parameters: {'f_n': 4.399916742846512e-09, 'K_d': 126661.33842852165, 'rho_d': 66601292355751.805, 'fission_rate': 4.837856385308692e+19, 'Dg_D1_scale': 0.24365386164481528, 'Dg_D3_scale': 1.9957715979588502, 'Dv_D1_scale': 0.35125379303953685, 'Dv_D2_scale': 3.7831563603644343, 'b_bulk_scale': 0.5177262565648794, 'b_dislocation_scale': 0.04921876158830713, 'gb_scale': 0.1415410549540944, 'gd_bubble_scale': 0.11738636780171591, 'gd_line_scale': 0.4245499479843376, 'gd_line_alpha': 0.5187705212470957, 'coalescence_d_scale': 0.479683419620898, 'capture_scale': 0.09463892968975744}. Best is trial 1282 with value: 2.0082570421242427.
[I 2026-05-02 23:27:44,760] Trial 1322 finished with value: 2.9607075007196055 and parameters: {'f_n': 1.7266502575392574e-07, 'K_d': 140994.3732466884, 'rho_d': 62295020177157.836, 'fission_rate': 5.002995059949601e+19, 'Dg_D1_scale': 0.3213197046896912, 'Dg_D3_scale': 2.5436254746882905, 'Dv_D1_scale': 0.3176900551116086, 'Dv_D2_scale': 3.564666904668989, 'b_bulk_scale': 0.5846441830709512, 'b_dislocation_scale': 0.05819069409990735, 'gb_scale': 1.935387060144473, 'gd_bubble_scale': 0.10830946222725664, 'gd_line_scale': 0.4983808880160227, 'gd_line_alpha': 0.5667265938236, 'coalescence_d_scale': 0.5398400333960887, 'capture_scale': 0.047364746378368315}. Best is trial 1282 with value: 2.0082570421242427.
[I 2026-05-02 23:27:50,784] Trial 1323 finished with value: 6.394649716333249 and parameters: {'f_n': 7.418862384230295e-10, 'K_d': 133107.96626986557, 'rho_d': 74956240430651.53, 'fission_rate': 4.794845027974928e+19, 'Dg_D1_scale': 0.28185943683810766, 'Dg_D3_scale': 2.197056289336654, 'Dv_D1_scale': 0.3729885321070063, 'Dv_D2_scale': 3.798011460952681, 'b_bulk_scale': 0.7120092513158508, 'b_dislocation_scale': 0.07667447795749874, 'gb_scale': 2.4454897819220274, 'gd_bubble_scale': 0.1342263540025453, 'gd_line_scale': 0.37204285928651026, 'gd_line_alpha': 0.6319854995973924, 'coalescence_d_scale': 3.067091560954359, 'capture_scale': 0.12149869612496317}. Best is trial 1282 with value: 2.0082570421242427.
[I 2026-05-02 23:27:56,510] Trial 1324 finished with value: 2.0306290925542148 and parameters: {'f_n': 4.3312348715678257e-07, 'K_d': 152163.604150076, 'rho_d': 59354351909443.38, 'fission_rate': 5.204362745760501e+19, 'Dg_D1_scale': 0.30151197525034545, 'Dg_D3_scale': 2.4175566954045182, 'Dv_D1_scale': 0.339778431598478, 'Dv_D2_scale': 3.438154976006831, 'b_bulk_scale': 0.5573979264557104, 'b_dislocation_scale': 0.06721464607021808, 'gb_scale': 2.8576591378196334, 'gd_bubble_scale': 0.12105652823797226, 'gd_line_scale': 0.45393766304123534, 'gd_line_alpha': 0.6820813122276946, 'coalescence_d_scale': 0.4256961388143753, 'capture_scale': 0.1388270323603296}. Best is trial 1282 with value: 2.0082570421242427.
[I 2026-05-02 23:28:02,763] Trial 1325 finished with value: 3.8505043035493216 and parameters: {'f_n': 1.2563580549510202e-08, 'K_d': 125419.9851347519, 'rho_d': 68472008190463.64, 'fission_rate': 4.879727750282908e+19, 'Dg_D1_scale': 0.2578862481055021, 'Dg_D3_scale': 2.6671832167670044, 'Dv_D1_scale': 0.4089394719901839, 'Dv_D2_scale': 3.9994979278424627, 'b_bulk_scale': 0.6276925396729566, 'b_dislocation_scale': 0.07807415145872443, 'gb_scale': 2.8115211313104056, 'gd_bubble_scale': 0.1501318192007327, 'gd_line_scale': 0.5021003930190456, 'gd_line_alpha': 0.5892419801023268, 'coalescence_d_scale': 0.47815233968432097, 'capture_scale': 0.11156685098451934}. Best is trial 1282 with value: 2.0082570421242427.
[I 2026-05-02 23:28:08,681] Trial 1326 finished with value: 2.0219528281895838 and parameters: {'f_n': 5.260657415370059e-07, 'K_d': 135833.15637334468, 'rho_d': 63851068233858.25, 'fission_rate': 5.102452060789217e+19, 'Dg_D1_scale': 0.23015917868239413, 'Dg_D3_scale': 1.8977536692242083, 'Dv_D1_scale': 0.29317943916470074, 'Dv_D2_scale': 3.999843883529842, 'b_bulk_scale': 0.5028622111823037, 'b_dislocation_scale': 0.061127787188496985, 'gb_scale': 2.275119108428464, 'gd_bubble_scale': 0.08819121670567776, 'gd_line_scale': 0.40613148739034616, 'gd_line_alpha': 0.6576385530870705, 'coalescence_d_scale': 0.42502098421691575, 'capture_scale': 0.08560908951030353}. Best is trial 1282 with value: 2.0082570421242427.
[I 2026-05-02 23:28:14,514] Trial 1327 finished with value: 2.2495267194358433 and parameters: {'f_n': 2.9075465011070145e-07, 'K_d': 145558.69457970423, 'rho_d': 74256718076431.06, 'fission_rate': 5.103832826726442e+19, 'Dg_D1_scale': 0.21193219347001832, 'Dg_D3_scale': 1.7685878348113648, 'Dv_D1_scale': 0.29504610405186404, 'Dv_D2_scale': 3.990713410322746, 'b_bulk_scale': 0.4994752912782573, 'b_dislocation_scale': 0.058268395515772474, 'gb_scale': 1.9029743829134187, 'gd_bubble_scale': 0.09489131418517092, 'gd_line_scale': 0.34317327202748465, 'gd_line_alpha': 0.6772471292558492, 'coalescence_d_scale': 0.8444990056330128, 'capture_scale': 0.08115930893147157}. Best is trial 1282 with value: 2.0082570421242427.
[I 2026-05-02 23:28:17,660] Trial 1328 finished with value: 4.634339763016204 and parameters: {'f_n': 6.424499714070554e-07, 'K_d': 152026.20368847094, 'rho_d': 69200479761885.695, 'fission_rate': 5.1279064633408954e+19, 'Dg_D1_scale': 0.20713206200039286, 'Dg_D3_scale': 1.867717755651396, 'Dv_D1_scale': 0.2910393965144291, 'Dv_D2_scale': 3.803661232129341, 'b_bulk_scale': 0.4639166179203534, 'b_dislocation_scale': 1.9789189526104354, 'gb_scale': 1.9039872420947708, 'gd_bubble_scale': 0.09320878131730527, 'gd_line_scale': 0.3173033147765028, 'gd_line_alpha': 0.6445089717697443, 'coalescence_d_scale': 0.4089604472591744, 'capture_scale': 0.07127554473429136}. Best is trial 1282 with value: 2.0082570421242427.
[I 2026-05-02 23:28:23,394] Trial 1329 finished with value: 2.2228359418639023 and parameters: {'f_n': 3.921402020544428e-07, 'K_d': 135068.64456613126, 'rho_d': 65133919730323.57, 'fission_rate': 5.1708363387253604e+19, 'Dg_D1_scale': 0.22752186432427346, 'Dg_D3_scale': 1.8742063456881248, 'Dv_D1_scale': 0.2782624679038288, 'Dv_D2_scale': 0.860416895167587, 'b_bulk_scale': 0.4919643254322415, 'b_dislocation_scale': 0.05139024467107857, 'gb_scale': 2.2085325405886516, 'gd_bubble_scale': 0.08246365637978778, 'gd_line_scale': 0.3745381374209564, 'gd_line_alpha': 0.652645926063097, 'coalescence_d_scale': 0.5249318135343707, 'capture_scale': 0.08155386517041666}. Best is trial 1282 with value: 2.0082570421242427.
[I 2026-05-02 23:28:29,033] Trial 1330 finished with value: 2.0591606427364915 and parameters: {'f_n': 4.880999165749328e-07, 'K_d': 145669.24549630418, 'rho_d': 64923983861266.305, 'fission_rate': 5.2661771948412535e+19, 'Dg_D1_scale': 0.23681418411706154, 'Dg_D3_scale': 1.9604985997789326, 'Dv_D1_scale': 0.28306190034562856, 'Dv_D2_scale': 3.789564880530876, 'b_bulk_scale': 0.49079272325979706, 'b_dislocation_scale': 0.05357893043485729, 'gb_scale': 2.1161121395505256, 'gd_bubble_scale': 0.09938486485723716, 'gd_line_scale': 0.4089076040225174, 'gd_line_alpha': 0.6674107249832616, 'coalescence_d_scale': 0.41987344179422714, 'capture_scale': 0.06895386734237736}. Best is trial 1282 with value: 2.0082570421242427.
[I 2026-05-02 23:28:34,841] Trial 1331 finished with value: 2.044821444032633 and parameters: {'f_n': 7.886209161368894e-07, 'K_d': 136599.17190199008, 'rho_d': 71794061016153.73, 'fission_rate': 5.07203538301512e+19, 'Dg_D1_scale': 0.19451823896297385, 'Dg_D3_scale': 1.805774125523786, 'Dv_D1_scale': 0.3006543095081223, 'Dv_D2_scale': 3.9850245110204923, 'b_bulk_scale': 0.4493304985716663, 'b_dislocation_scale': 0.058500599918508055, 'gb_scale': 2.084784738415343, 'gd_bubble_scale': 0.08452972116850717, 'gd_line_scale': 0.37592382959859555, 'gd_line_alpha': 0.6591695878673, 'coalescence_d_scale': 0.6695769430884323, 'capture_scale': 0.08858198336034993}. Best is trial 1282 with value: 2.0082570421242427.
