[I 2026-05-02 22:43:40,749] Trial 864 finished with value: 2.043042487352939 and parameters: {'f_n': 8.79344116445072e-07, 'K_d': 129510.92794537405, 'rho_d': 52452148577762.37, 'fission_rate': 4.689879006507102e+19, 'Dg_D1_scale': 0.4293328402533848, 'Dg_D3_scale': 2.985702407902106, 'Dv_D1_scale': 0.4074704877002894, 'Dv_D2_scale': 3.994362192305569, 'b_bulk_scale': 0.6369915971757485, 'b_dislocation_scale': 0.07133954845767825, 'gb_scale': 3.6531482505652435, 'gd_bubble_scale': 0.3498736645152904, 'gd_line_scale': 0.5148437352043749, 'gd_line_alpha': 0.9779704979990481, 'coalescence_d_scale': 0.47308065384718184, 'capture_scale': 0.18651178696491283}. Best is trial 756 with value: 2.012228641160978.Best trial: 756. Best value: 2.01223:  58%|█████▊    | 864/1500 [1:06:00<1:05:25,  6.17s/it]Best trial: 756. Best value: 2.01223:  58%|█████▊    | 864/1500 [1:06:00<1:05:25,  6.17s/it]Best trial: 756. Best value: 2.01223:  58%|█████▊    | 865/1500 [1:06:00<1:05:24,  6.18s/it]                                                                                            Best trial: 756. Best value: 2.01223:  58%|█████▊    | 865/1500 [1:06:04<1:05:24,  6.18s/it]Best trial: 756. Best value: 2.01223:  58%|█████▊    | 865/1500 [1:06:04<1:05:24,  6.18s/it]Best trial: 756. Best value: 2.01223:  58%|█████▊    | 866/1500 [1:06:04<58:56,  5.58s/it]                                                                                            Best trial: 756. Best value: 2.01223:  58%|█████▊    | 866/1500 [1:06:09<58:56,  5.58s/it]Best trial: 756. Best value: 2.01223:  58%|█████▊    | 866/1500 [1:06:09<58:56,  5.58s/it]Best trial: 756. Best value: 2.01223:  58%|█████▊    | 867/1500 [1:06:09<54:43,  5.19s/it]                                                                                          Best trial: 756. Best value: 2.01223:  58%|█████▊    | 867/1500 [1:06:13<54:43,  5.19s/it]Best trial: 756. Best value: 2.01223:  58%|█████▊    | 867/1500 [1:06:13<54:43,  5.19s/it]Best trial: 756. Best value: 2.01223:  58%|█████▊    | 868/1500 [1:06:13<52:36,  5.00s/it]                                                                                          Best trial: 756. Best value: 2.01223:  58%|█████▊    | 868/1500 [1:06:20<52:36,  5.00s/it]Best trial: 756. Best value: 2.01223:  58%|█████▊    | 868/1500 [1:06:20<52:36,  5.00s/it]Best trial: 756. Best value: 2.01223:  58%|█████▊    | 869/1500 [1:06:20<56:42,  5.39s/it]                                                                                          Best trial: 756. Best value: 2.01223:  58%|█████▊    | 869/1500 [1:06:26<56:42,  5.39s/it]Best trial: 756. Best value: 2.01223:  58%|█████▊    | 869/1500 [1:06:27<56:42,  5.39s/it]Best trial: 756. Best value: 2.01223:  58%|█████▊    | 870/1500 [1:06:27<1:01:27,  5.85s/it]                                                                                            Best trial: 756. Best value: 2.01223:  58%|█████▊    | 870/1500 [1:06:33<1:01:27,  5.85s/it]Best trial: 756. Best value: 2.01223:  58%|█████▊    | 870/1500 [1:06:33<1:01:27,  5.85s/it]Best trial: 756. Best value: 2.01223:  58%|█████▊    | 871/1500 [1:06:33<1:03:20,  6.04s/it]                                                                                            Best trial: 756. Best value: 2.01223:  58%|█████▊    | 871/1500 [1:06:39<1:03:20,  6.04s/it]Best trial: 756. Best value: 2.01223:  58%|█████▊    | 871/1500 [1:06:40<1:03:20,  6.04s/it]Best trial: 756. Best value: 2.01223:  58%|█████▊    | 872/1500 [1:06:40<1:04:46,  6.19s/it]                                                                                            Best trial: 756. Best value: 2.01223:  58%|█████▊    | 872/1500 [1:06:44<1:04:46,  6.19s/it]Best trial: 756. Best value: 2.01223:  58%|█████▊    | 872/1500 [1:06:44<1:04:46,  6.19s/it]Best trial: 756. Best value: 2.01223:  58%|█████▊    | 873/1500 [1:06:44<59:45,  5.72s/it]                                                                                            Best trial: 756. Best value: 2.01223:  58%|█████▊    | 873/1500 [1:06:50<59:45,  5.72s/it]Best trial: 756. Best value: 2.01223:  58%|█████▊    | 873/1500 [1:06:50<59:45,  5.72s/it]Best trial: 756. Best value: 2.01223:  58%|█████▊    | 874/1500 [1:06:50<1:00:59,  5.85s/it]                                                                                            Best trial: 756. Best value: 2.01223:  58%|█████▊    | 874/1500 [1:06:56<1:00:59,  5.85s/it]Best trial: 756. Best value: 2.01223:  58%|█████▊    | 874/1500 [1:06:57<1:00:59,  5.85s/it]Best trial: 756. Best value: 2.01223:  58%|█████▊    | 875/1500 [1:06:57<1:02:06,  5.96s/it]                                                                                            Best trial: 756. Best value: 2.01223:  58%|█████▊    | 875/1500 [1:07:02<1:02:06,  5.96s/it]Best trial: 756. Best value: 2.01223:  58%|█████▊    | 875/1500 [1:07:03<1:02:06,  5.96s/it]Best trial: 756. Best value: 2.01223:  58%|█████▊    | 876/1500 [1:07:03<1:02:08,  5.98s/it]                                                                                            
[I 2026-05-02 22:43:44,921] Trial 865 finished with value: 2.175361420454776 and parameters: {'f_n': 3.8456258677530737e-07, 'K_d': 132700.70057123998, 'rho_d': 49907772469908.67, 'fission_rate': 7.438586438968502e+19, 'Dg_D1_scale': 0.4216997305273065, 'Dg_D3_scale': 3.051247680822955, 'Dv_D1_scale': 0.38988311667386444, 'Dv_D2_scale': 3.4314325841698325, 'b_bulk_scale': 0.901378010671972, 'b_dislocation_scale': 0.06314275897882346, 'gb_scale': 3.7259894194053462, 'gd_bubble_scale': 0.3579530440880882, 'gd_line_scale': 0.5417588981026326, 'gd_line_alpha': 0.9403013040656699, 'coalescence_d_scale': 0.48027135413578786, 'capture_scale': 0.15640857560538435}. Best is trial 756 with value: 2.012228641160978.
[I 2026-05-02 22:43:49,195] Trial 866 finished with value: 3.3252036312643343 and parameters: {'f_n': 7.975642409428994e-07, 'K_d': 119350.31804340993, 'rho_d': 53850391595563.82, 'fission_rate': 7.294093025675041e+19, 'Dg_D1_scale': 0.48751566788812906, 'Dg_D3_scale': 3.020849964139049, 'Dv_D1_scale': 0.3460162181695002, 'Dv_D2_scale': 3.6406341596505913, 'b_bulk_scale': 0.6663629449959233, 'b_dislocation_scale': 0.056055203233787536, 'gb_scale': 3.895353214009895, 'gd_bubble_scale': 0.407854966970752, 'gd_line_scale': 1.5109577052256011, 'gd_line_alpha': 0.9637610079104814, 'coalescence_d_scale': 0.4649364212675793, 'capture_scale': 0.18152566761903183}. Best is trial 756 with value: 2.012228641160978.
[I 2026-05-02 22:43:53,745] Trial 867 finished with value: 2.1279037319756893 and parameters: {'f_n': 6.788868316783478e-07, 'K_d': 105258.27353855841, 'rho_d': 51536786663693.72, 'fission_rate': 4.72168758291133e+19, 'Dg_D1_scale': 0.38703386978728627, 'Dg_D3_scale': 2.61883158473991, 'Dv_D1_scale': 0.4089814876289927, 'Dv_D2_scale': 3.4585993481922452, 'b_bulk_scale': 0.7062308666011679, 'b_dislocation_scale': 0.06990674495407813, 'gb_scale': 3.3520433237350926, 'gd_bubble_scale': 0.3422394762632228, 'gd_line_scale': 0.580563290084785, 'gd_line_alpha': 0.929426884061566, 'coalescence_d_scale': 0.45507011505025347, 'capture_scale': 0.19447159659602678}. Best is trial 756 with value: 2.012228641160978.
[I 2026-05-02 22:44:00,064] Trial 868 finished with value: 2.404809794524939 and parameters: {'f_n': 6.196733459418336e-07, 'K_d': 132565.23721979142, 'rho_d': 52878870029228.484, 'fission_rate': 4.554712246594738e+19, 'Dg_D1_scale': 0.4278945908743463, 'Dg_D3_scale': 3.0272359305423535, 'Dv_D1_scale': 0.36514013530922074, 'Dv_D2_scale': 3.7653623181944584, 'b_bulk_scale': 0.794941935297005, 'b_dislocation_scale': 0.06955325528454552, 'gb_scale': 3.659933585047027, 'gd_bubble_scale': 0.38160707160370994, 'gd_line_scale': 0.6868192210088003, 'gd_line_alpha': 0.9519060263234059, 'coalescence_d_scale': 0.522446814733987, 'capture_scale': 0.13578513132644182}. Best is trial 756 with value: 2.012228641160978.
[I 2026-05-02 22:44:06,992] Trial 869 finished with value: 4.541620487623028 and parameters: {'f_n': 5.104615253121409e-07, 'K_d': 142057.06131055168, 'rho_d': 50501539266779.25, 'fission_rate': 4.186436144180799e+19, 'Dg_D1_scale': 0.5265541497799585, 'Dg_D3_scale': 2.4120595879972258, 'Dv_D1_scale': 0.4151944096700173, 'Dv_D2_scale': 3.611553870192693, 'b_bulk_scale': 1.0632596239829215, 'b_dislocation_scale': 0.059226233614741705, 'gb_scale': 4.146208429829191, 'gd_bubble_scale': 0.4101689521701377, 'gd_line_scale': 1.7668394101471103, 'gd_line_alpha': 0.9733962641533607, 'coalescence_d_scale': 0.4635837666709576, 'capture_scale': 0.15887279507938765}. Best is trial 756 with value: 2.012228641160978.
[I 2026-05-02 22:44:13,473] Trial 870 finished with value: 2.2471450565398983 and parameters: {'f_n': 8.19176033688113e-07, 'K_d': 125444.81564287892, 'rho_d': 54716699625833.45, 'fission_rate': 4.48041157917305e+19, 'Dg_D1_scale': 0.5028383275652983, 'Dg_D3_scale': 2.8244332694950756, 'Dv_D1_scale': 0.43690683559224214, 'Dv_D2_scale': 3.8001174008517205, 'b_bulk_scale': 0.7331362655493556, 'b_dislocation_scale': 0.07417092731069297, 'gb_scale': 3.244062969715753, 'gd_bubble_scale': 0.3524502577484513, 'gd_line_scale': 0.614112417979258, 'gd_line_alpha': 0.9189535774199085, 'coalescence_d_scale': 0.4459680960049176, 'capture_scale': 0.20269201562073202}. Best is trial 756 with value: 2.012228641160978.
[I 2026-05-02 22:44:20,005] Trial 871 finished with value: 4.320985434179826 and parameters: {'f_n': 9.236195238970201e-07, 'K_d': 112168.22962434146, 'rho_d': 57031728679996.06, 'fission_rate': 4.4348196810231276e+19, 'Dg_D1_scale': 0.4631071319309739, 'Dg_D3_scale': 3.025098491143453, 'Dv_D1_scale': 0.3323684711443103, 'Dv_D2_scale': 3.425921112913446, 'b_bulk_scale': 0.8270305687371337, 'b_dislocation_scale': 0.06450864447957032, 'gb_scale': 3.4385352005955983, 'gd_bubble_scale': 0.30994828960338555, 'gd_line_scale': 1.9758022106587847, 'gd_line_alpha': 0.9425559430634917, 'coalescence_d_scale': 0.5284947925189649, 'capture_scale': 0.4271940259316894}. Best is trial 756 with value: 2.012228641160978.
[I 2026-05-02 22:44:24,630] Trial 872 finished with value: 2.0531131210439937 and parameters: {'f_n': 9.26448393679797e-07, 'K_d': 116436.55984980256, 'rho_d': 57038475713840.91, 'fission_rate': 4.643433955812392e+19, 'Dg_D1_scale': 0.4008252992422984, 'Dg_D3_scale': 2.6665437618285277, 'Dv_D1_scale': 0.379370147545264, 'Dv_D2_scale': 3.596132030775391, 'b_bulk_scale': 0.6120937661427417, 'b_dislocation_scale': 0.07440983260498901, 'gb_scale': 3.089513560902216, 'gd_bubble_scale': 0.4237576517066741, 'gd_line_scale': 0.5039770337946605, 'gd_line_alpha': 0.9686517637591392, 'coalescence_d_scale': 0.49266172346862835, 'capture_scale': 0.8273049143375276}. Best is trial 756 with value: 2.012228641160978.
[I 2026-05-02 22:44:30,769] Trial 873 finished with value: 2.6541898281467367 and parameters: {'f_n': 4.969285893103039e-07, 'K_d': 105455.72997182889, 'rho_d': 49825422213801.38, 'fission_rate': 4.707794103492599e+19, 'Dg_D1_scale': 0.3808281603360178, 'Dg_D3_scale': 2.2059532525113132, 'Dv_D1_scale': 0.37959130887870146, 'Dv_D2_scale': 3.9996613812987634, 'b_bulk_scale': 0.577648688530326, 'b_dislocation_scale': 0.08321790526417892, 'gb_scale': 3.5066635025985833, 'gd_bubble_scale': 0.4125787422361642, 'gd_line_scale': 0.335616781936863, 'gd_line_alpha': 0.9212590948358608, 'coalescence_d_scale': 0.44871977531688884, 'capture_scale': 0.169522061167428}. Best is trial 756 with value: 2.012228641160978.
[I 2026-05-02 22:44:37,004] Trial 874 finished with value: 2.091463091260578 and parameters: {'f_n': 5.961839415747467e-07, 'K_d': 115762.48120622787, 'rho_d': 53619199076386.85, 'fission_rate': 4.625204538416575e+19, 'Dg_D1_scale': 0.40186365656968337, 'Dg_D3_scale': 2.508309134206921, 'Dv_D1_scale': 0.376790569741781, 'Dv_D2_scale': 3.3802651675223196, 'b_bulk_scale': 0.624418973706985, 'b_dislocation_scale': 0.05228970110059437, 'gb_scale': 3.793327624269217, 'gd_bubble_scale': 0.42603794915818355, 'gd_line_scale': 0.41445196909830406, 'gd_line_alpha': 0.9104761685674674, 'coalescence_d_scale': 0.48354041174227635, 'capture_scale': 0.9601527701079217}. Best is trial 756 with value: 2.012228641160978.
[I 2026-05-02 22:44:43,010] Trial 875 finished with value: 2.291810816319057 and parameters: {'f_n': 7.871260024434301e-07, 'K_d': 109925.22216349361, 'rho_d': 56359177819167.016, 'fission_rate': 4.8297900071278305e+19, 'Dg_D1_scale': 0.4164990449525549, 'Dg_D3_scale': 2.6620315922784012, 'Dv_D1_scale': 0.34271595621369216, 'Dv_D2_scale': 3.602157626712145, 'b_bulk_scale': 0.4226909225146666, 'b_dislocation_scale': 0.06695473542434739, 'gb_scale': 4.169527978469135, 'gd_bubble_scale': 0.42304237837608233, 'gd_line_scale': 0.4497012884753752, 'gd_line_alpha': 0.9517237538531804, 'coalescence_d_scale': 0.43951401993563793, 'capture_scale': 0.7375158585260242}. Best is trial 756 with value: 2.012228641160978.
[I 2026-05-02 22:44:49,278] Trial 876 finished with value: 3.6732652378311843 and parameters: {'f_n': 9.08024590748054e-07, 'K_d': 118414.89215645015, 'rho_d': 52357929305324.98, 'fission_rate': 4.628495022515165e+19, 'Dg_D1_scale': 0.37413083271228653, 'Dg_D3_scale': 2.618598148271438, 'Dv_D1_scale': 0.3584780265133205, 'Dv_D2_scale': 3.402812531922618, 'b_bulk_scale': 0.4583489952466591, 'b_dislocation_scale': 0.05786341392549076, 'gb_scale': 2.8901132913615855, 'gd_bubble_scale': 0.3804453023961965, 'gd_line_scale': 1.6822954753788002, 'gd_line_alpha': 0.9304057817588833, 'coalescence_d_scale': 0.44938205344300386, 'capture_scale': 0.8479797831954525}. Best is trial 756 with value: 2.012228641160978.Best trial: 756. Best value: 2.01223:  58%|█████▊    | 876/1500 [1:07:09<1:02:08,  5.98s/it]Best trial: 756. Best value: 2.01223:  58%|█████▊    | 876/1500 [1:07:09<1:02:08,  5.98s/it]Best trial: 756. Best value: 2.01223:  58%|█████▊    | 877/1500 [1:07:09<1:02:57,  6.06s/it]                                                                                            Best trial: 756. Best value: 2.01223:  58%|█████▊    | 877/1500 [1:07:13<1:02:57,  6.06s/it]Best trial: 756. Best value: 2.01223:  58%|█████▊    | 877/1500 [1:07:13<1:02:57,  6.06s/it]Best trial: 756. Best value: 2.01223:  59%|█████▊    | 878/1500 [1:07:13<58:01,  5.60s/it]                                                                                            Best trial: 756. Best value: 2.01223:  59%|█████▊    | 878/1500 [1:07:20<58:01,  5.60s/it]Best trial: 756. Best value: 2.01223:  59%|█████▊    | 878/1500 [1:07:20<58:01,  5.60s/it]Best trial: 756. Best value: 2.01223:  59%|█████▊    | 879/1500 [1:07:20<1:00:08,  5.81s/it]                                                                                            Best trial: 756. Best value: 2.01223:  59%|█████▊    | 879/1500 [1:07:24<1:00:08,  5.81s/it]Best trial: 756. Best value: 2.01223:  59%|█████▊    | 879/1500 [1:07:24<1:00:08,  5.81s/it]Best trial: 756. Best value: 2.01223:  59%|█████▊    | 880/1500 [1:07:24<55:26,  5.37s/it]                                                                                            Best trial: 756. Best value: 2.01223:  59%|█████▊    | 880/1500 [1:07:30<55:26,  5.37s/it]Best trial: 756. Best value: 2.01223:  59%|█████▊    | 880/1500 [1:07:30<55:26,  5.37s/it]Best trial: 756. Best value: 2.01223:  59%|█████▊    | 881/1500 [1:07:30<57:40,  5.59s/it]                                                                                          Best trial: 756. Best value: 2.01223:  59%|█████▊    | 881/1500 [1:07:36<57:40,  5.59s/it]Best trial: 756. Best value: 2.01223:  59%|█████▊    | 881/1500 [1:07:36<57:40,  5.59s/it]Best trial: 756. Best value: 2.01223:  59%|█████▉    | 882/1500 [1:07:36<59:33,  5.78s/it]                                                                                          Best trial: 756. Best value: 2.01223:  59%|█████▉    | 882/1500 [1:07:41<59:33,  5.78s/it]Best trial: 756. Best value: 2.01223:  59%|█████▉    | 882/1500 [1:07:41<59:33,  5.78s/it]Best trial: 756. Best value: 2.01223:  59%|█████▉    | 883/1500 [1:07:41<56:03,  5.45s/it]                                                                                          Best trial: 756. Best value: 2.01223:  59%|█████▉    | 883/1500 [1:07:47<56:03,  5.45s/it]Best trial: 756. Best value: 2.01223:  59%|█████▉    | 883/1500 [1:07:47<56:03,  5.45s/it]Best trial: 756. Best value: 2.01223:  59%|█████▉    | 884/1500 [1:07:47<58:39,  5.71s/it]                                                                                          Best trial: 756. Best value: 2.01223:  59%|█████▉    | 884/1500 [1:07:53<58:39,  5.71s/it]Best trial: 756. Best value: 2.01223:  59%|█████▉    | 884/1500 [1:07:53<58:39,  5.71s/it]Best trial: 756. Best value: 2.01223:  59%|█████▉    | 885/1500 [1:07:53<59:32,  5.81s/it]                                                                                          Best trial: 756. Best value: 2.01223:  59%|█████▉    | 885/1500 [1:07:59<59:32,  5.81s/it]Best trial: 756. Best value: 2.01223:  59%|█████▉    | 885/1500 [1:08:00<59:32,  5.81s/it]Best trial: 756. Best value: 2.01223:  59%|█████▉    | 886/1500 [1:08:00<1:00:39,  5.93s/it]                                                                                            Best trial: 756. Best value: 2.01223:  59%|█████▉    | 886/1500 [1:08:06<1:00:39,  5.93s/it]Best trial: 756. Best value: 2.01223:  59%|█████▉    | 886/1500 [1:08:06<1:00:39,  5.93s/it]Best trial: 756. Best value: 2.01223:  59%|█████▉    | 887/1500 [1:08:06<1:01:27,  6.02s/it]                                                                                            Best trial: 756. Best value: 2.01223:  59%|█████▉    | 887/1500 [1:08:12<1:01:27,  6.02s/it]Best trial: 756. Best value: 2.01223:  59%|█████▉    | 887/1500 [1:08:12<1:01:27,  6.02s/it]Best trial: 756. Best value: 2.01223:  59%|█████▉    | 888/1500 [1:08:12<1:01:57,  6.07s/it]                                                                                            
[I 2026-05-02 22:44:53,791] Trial 877 finished with value: 3.190638366127308 and parameters: {'f_n': 6.871149166583362e-07, 'K_d': 112065.06226868015, 'rho_d': 60256414207155.95, 'fission_rate': 4.757385455561944e+19, 'Dg_D1_scale': 0.4388217271128167, 'Dg_D3_scale': 2.2959926135008093, 'Dv_D1_scale': 0.35973152378178497, 'Dv_D2_scale': 3.6151028504915326, 'b_bulk_scale': 0.3133473373707797, 'b_dislocation_scale': 0.07317138566456276, 'gb_scale': 4.045089904757801, 'gd_bubble_scale': 0.3933748266092599, 'gd_line_scale': 1.3684436819601422, 'gd_line_alpha': 0.9775156672195621, 'coalescence_d_scale': 1.1924747952919006, 'capture_scale': 0.8050754884137411}. Best is trial 756 with value: 2.012228641160978.
[I 2026-05-02 22:45:00,097] Trial 878 finished with value: 2.8066429005699525 and parameters: {'f_n': 8.986286868932987e-07, 'K_d': 101438.70653911978, 'rho_d': 55840514752732.47, 'fission_rate': 4.566223137021587e+19, 'Dg_D1_scale': 0.39740301690936247, 'Dg_D3_scale': 2.096249232150809, 'Dv_D1_scale': 0.3966879501604518, 'Dv_D2_scale': 0.2568329439117696, 'b_bulk_scale': 0.5380200811075204, 'b_dislocation_scale': 0.08714115998816065, 'gb_scale': 3.2689989880842387, 'gd_bubble_scale': 0.4425720385063311, 'gd_line_scale': 0.36774477383669174, 'gd_line_alpha': 0.9624078286012643, 'coalescence_d_scale': 0.4959019246331193, 'capture_scale': 0.10867276393007391}. Best is trial 756 with value: 2.012228641160978.
[I 2026-05-02 22:45:04,424] Trial 879 finished with value: 3.9585185447609597 and parameters: {'f_n': 7.174794403580366e-07, 'K_d': 314663.53572482744, 'rho_d': 49611413067458.664, 'fission_rate': 7.154212998427189e+19, 'Dg_D1_scale': 0.4373562150969503, 'Dg_D3_scale': 2.4239580434968926, 'Dv_D1_scale': 0.41259674411635205, 'Dv_D2_scale': 3.4268355297980326, 'b_bulk_scale': 0.6353301016336619, 'b_dislocation_scale': 0.06569712639432211, 'gb_scale': 2.9194284471368706, 'gd_bubble_scale': 0.3748325574244567, 'gd_line_scale': 2.062421613290258, 'gd_line_alpha': 0.9418010290617683, 'coalescence_d_scale': 0.4235324032107314, 'capture_scale': 0.6521935744221103}. Best is trial 756 with value: 2.012228641160978.
[I 2026-05-02 22:45:10,538] Trial 880 finished with value: 2.147799923337398 and parameters: {'f_n': 1.04505766687412e-06, 'K_d': 137179.73887930298, 'rho_d': 52431667873317.305, 'fission_rate': 4.731633677852151e+19, 'Dg_D1_scale': 0.5403176928686118, 'Dg_D3_scale': 3.0294710325397536, 'Dv_D1_scale': 0.6241853589240884, 'Dv_D2_scale': 3.9946969944934247, 'b_bulk_scale': 0.35154390227956256, 'b_dislocation_scale': 0.07183346680049767, 'gb_scale': 3.6195388076863413, 'gd_bubble_scale': 0.43745240533187885, 'gd_line_scale': 0.5825353746311706, 'gd_line_alpha': 0.9153003080429237, 'coalescence_d_scale': 0.5070350053512288, 'capture_scale': 0.17886997955267553}. Best is trial 756 with value: 2.012228641160978.
[I 2026-05-02 22:45:16,764] Trial 881 finished with value: 2.016592124146796 and parameters: {'f_n': 9.277488314607509e-07, 'K_d': 126428.69289750086, 'rho_d': 58089879208397.67, 'fission_rate': 4.636470673365539e+19, 'Dg_D1_scale': 0.4639676827917721, 'Dg_D3_scale': 2.841122755159539, 'Dv_D1_scale': 0.3678281319562936, 'Dv_D2_scale': 3.6004459802013646, 'b_bulk_scale': 0.5931695819012158, 'b_dislocation_scale': 0.08088075349285936, 'gb_scale': 4.110241127981119, 'gd_bubble_scale': 0.43946335927067764, 'gd_line_scale': 0.667259140739874, 'gd_line_alpha': 0.9823554887373147, 'coalescence_d_scale': 0.4325990330070368, 'capture_scale': 0.15236506536744343}. Best is trial 756 with value: 2.012228641160978.
