[I 2026-05-02 21:40:18,192] Trial 36 finished with value: 3.7831603155831037 and parameters: {'f_n': 3.548974411877295e-08, 'K_d': 441505.6702922634, 'rho_d': 20784739182036.77, 'fission_rate': 4.720909567563303e+19, 'Dg_D1_scale': 0.46431125899968084, 'Dg_D3_scale': 1.4315260189711985, 'Dv_D1_scale': 0.31710537084710133, 'Dv_D2_scale': 0.3559377854343657, 'b_bulk_scale': 0.030603603962075992, 'b_dislocation_scale': 0.09450739352876013, 'gb_scale': 1.6473714495447929, 'gd_bubble_scale': 1.6309866852139827, 'gd_line_scale': 0.541819517387754, 'gd_line_alpha': 0.21394833216907766, 'coalescence_d_scale': 1.9569958315046045, 'capture_scale': 1.127551915894093}. Best is trial 16 with value: 2.6293409308463893.Best trial: 16. Best value: 2.62934:   2%|▏         | 36/1500 [02:38<1:51:50,  4.58s/it]Best trial: 16. Best value: 2.62934:   2%|▏         | 36/1500 [02:38<1:51:50,  4.58s/it]Best trial: 16. Best value: 2.62934:   2%|▏         | 37/1500 [02:38<1:56:43,  4.79s/it]                                                                                        Best trial: 16. Best value: 2.62934:   2%|▏         | 37/1500 [02:44<1:56:43,  4.79s/it]Best trial: 16. Best value: 2.62934:   2%|▏         | 37/1500 [02:44<1:56:43,  4.79s/it]Best trial: 16. Best value: 2.62934:   3%|▎         | 38/1500 [02:44<2:08:37,  5.28s/it]                                                                                        Best trial: 16. Best value: 2.62934:   3%|▎         | 38/1500 [02:51<2:08:37,  5.28s/it]Best trial: 16. Best value: 2.62934:   3%|▎         | 38/1500 [02:51<2:08:37,  5.28s/it]Best trial: 16. Best value: 2.62934:   3%|▎         | 39/1500 [02:51<2:20:57,  5.79s/it]                                                                                        Best trial: 16. Best value: 2.62934:   3%|▎         | 39/1500 [02:53<2:20:57,  5.79s/it]Best trial: 16. Best value: 2.62934:   3%|▎         | 39/1500 [02:53<2:20:57,  5.79s/it]Best trial: 16. Best value: 2.62934:   3%|▎         | 40/1500 [02:53<1:50:30,  4.54s/it]                                                                                        Best trial: 16. Best value: 2.62934:   3%|▎         | 40/1500 [02:56<1:50:30,  4.54s/it]Best trial: 16. Best value: 2.62934:   3%|▎         | 40/1500 [02:56<1:50:30,  4.54s/it]Best trial: 16. Best value: 2.62934:   3%|▎         | 41/1500 [02:56<1:40:14,  4.12s/it]                                                                                        Best trial: 16. Best value: 2.62934:   3%|▎         | 41/1500 [03:02<1:40:14,  4.12s/it]Best trial: 16. Best value: 2.62934:   3%|▎         | 41/1500 [03:02<1:40:14,  4.12s/it]Best trial: 16. Best value: 2.62934:   3%|▎         | 42/1500 [03:02<1:57:19,  4.83s/it]                                                                                        Best trial: 16. Best value: 2.62934:   3%|▎         | 42/1500 [03:09<1:57:19,  4.83s/it]Best trial: 16. Best value: 2.62934:   3%|▎         | 42/1500 [03:09<1:57:19,  4.83s/it]Best trial: 16. Best value: 2.62934:   3%|▎         | 43/1500 [03:09<2:10:23,  5.37s/it]                                                                                        Best trial: 16. Best value: 2.62934:   3%|▎         | 43/1500 [03:16<2:10:23,  5.37s/it]Best trial: 16. Best value: 2.62934:   3%|▎         | 43/1500 [03:16<2:10:23,  5.37s/it]Best trial: 16. Best value: 2.62934:   3%|▎         | 44/1500 [03:16<2:19:52,  5.76s/it]                                                                                        Best trial: 16. Best value: 2.62934:   3%|▎         | 44/1500 [03:22<2:19:52,  5.76s/it]Best trial: 16. Best value: 2.62934:   3%|▎         | 44/1500 [03:22<2:19:52,  5.76s/it]Best trial: 16. Best value: 2.62934:   3%|▎         | 45/1500 [03:22<2:25:48,  6.01s/it]                                                                                        Best trial: 16. Best value: 2.62934:   3%|▎         | 45/1500 [03:27<2:25:48,  6.01s/it]Best trial: 16. Best value: 2.62934:   3%|▎         | 45/1500 [03:27<2:25:48,  6.01s/it]Best trial: 16. Best value: 2.62934:   3%|▎         | 46/1500 [03:27<2:17:10,  5.66s/it]                                                                                        Best trial: 16. Best value: 2.62934:   3%|▎         | 46/1500 [03:33<2:17:10,  5.66s/it]Best trial: 16. Best value: 2.62934:   3%|▎         | 46/1500 [03:33<2:17:10,  5.66s/it]Best trial: 16. Best value: 2.62934:   3%|▎         | 47/1500 [03:33<2:18:40,  5.73s/it]                                                                                        Best trial: 16. Best value: 2.62934:   3%|▎         | 47/1500 [03:39<2:18:40,  5.73s/it]Best trial: 16. Best value: 2.62934:   3%|▎         | 47/1500 [03:39<2:18:40,  5.73s/it]Best trial: 16. Best value: 2.62934:   3%|▎         | 48/1500 [03:39<2:18:22,  5.72s/it]                                                                                        
[I 2026-05-02 21:40:24,618] Trial 37 finished with value: 2.9384087298369392 and parameters: {'f_n': 1.5305200976181938e-08, 'K_d': 547783.3793019239, 'rho_d': 13756113457104.436, 'fission_rate': 4.4890753868782305e+19, 'Dg_D1_scale': 0.24523036829442835, 'Dg_D3_scale': 0.9956051120457551, 'Dv_D1_scale': 0.41687239868750364, 'Dv_D2_scale': 0.20172091887493726, 'b_bulk_scale': 0.040661083770671326, 'b_dislocation_scale': 0.04106602257482611, 'gb_scale': 1.1153304361042935, 'gd_bubble_scale': 3.7024211698359473, 'gd_line_scale': 0.9430715058966994, 'gd_line_alpha': 0.29949667125834145, 'coalescence_d_scale': 1.1032346981636247, 'capture_scale': 0.4077227965352019}. Best is trial 16 with value: 2.6293409308463893.
[I 2026-05-02 21:40:31,597] Trial 38 finished with value: 8.012339164101634 and parameters: {'f_n': 1.570572092649974e-08, 'K_d': 759201.9959312301, 'rho_d': 13680210276579.137, 'fission_rate': 4.077493838248869e+19, 'Dg_D1_scale': 0.23344977059625574, 'Dg_D3_scale': 0.9107024484219464, 'Dv_D1_scale': 1.113045741449317, 'Dv_D2_scale': 0.23073002734642392, 'b_bulk_scale': 0.038344862074695986, 'b_dislocation_scale': 0.04077989324045471, 'gb_scale': 0.481147470087076, 'gd_bubble_scale': 0.056890984995081315, 'gd_line_scale': 0.3756370828902469, 'gd_line_alpha': 0.3230750483263798, 'coalescence_d_scale': 4.731240335532342, 'capture_scale': 0.37258008825384625}. Best is trial 16 with value: 2.6293409308463893.
[I 2026-05-02 21:40:33,229] Trial 39 finished with value: 4.7968797072793095 and parameters: {'f_n': 1.1871187153019927e-07, 'K_d': 557423.2678590321, 'rho_d': 27027868380632.4, 'fission_rate': 4.5427678854592045e+19, 'Dg_D1_scale': 0.15029282072566014, 'Dg_D3_scale': 0.7187811856825002, 'Dv_D1_scale': 1.2974957679060901, 'Dv_D2_scale': 0.7095644707055836, 'b_bulk_scale': 0.07499936644291652, 'b_dislocation_scale': 2.7142257249711936, 'gb_scale': 1.1054456380830886, 'gd_bubble_scale': 7.376855819093923, 'gd_line_scale': 0.913082658082221, 'gd_line_alpha': 0.2531669422336059, 'coalescence_d_scale': 1.1832729832336406, 'capture_scale': 0.25526261398113514}. Best is trial 16 with value: 2.6293409308463893.
[I 2026-05-02 21:40:36,371] Trial 40 finished with value: 4.315932734516226 and parameters: {'f_n': 1.8660361643390526e-07, 'K_d': 627446.6212838899, 'rho_d': 37062316582955.49, 'fission_rate': 4.9638713135309865e+19, 'Dg_D1_scale': 0.3310549908232452, 'Dg_D3_scale': 0.5643252275965828, 'Dv_D1_scale': 0.4411392602569082, 'Dv_D2_scale': 0.26385876255607943, 'b_bulk_scale': 0.057280262839555146, 'b_dislocation_scale': 0.6894960838329884, 'gb_scale': 0.8138135971438244, 'gd_bubble_scale': 8.82949965022482, 'gd_line_scale': 0.1982222817652547, 'gd_line_alpha': 0.38089381571236863, 'coalescence_d_scale': 2.4132307337434087, 'capture_scale': 0.11683128682967393}. Best is trial 16 with value: 2.6293409308463893.
[I 2026-05-02 21:40:42,848] Trial 41 finished with value: 2.82311324100489 and parameters: {'f_n': 3.598564915273726e-07, 'K_d': 330187.2903892129, 'rho_d': 11078719761406.562, 'fission_rate': 4.459153838055786e+19, 'Dg_D1_scale': 1.7908157231841217, 'Dg_D3_scale': 1.1474566184298651, 'Dv_D1_scale': 0.4005300782316021, 'Dv_D2_scale': 0.20844022553899721, 'b_bulk_scale': 0.045543709428697676, 'b_dislocation_scale': 0.030558129596711697, 'gb_scale': 1.198928973438499, 'gd_bubble_scale': 3.957492462573294, 'gd_line_scale': 1.6332908553617387, 'gd_line_alpha': 0.1891181196025814, 'coalescence_d_scale': 0.8628857897023192, 'capture_scale': 0.5353323690450955}. Best is trial 16 with value: 2.6293409308463893.
[I 2026-05-02 21:40:49,480] Trial 42 finished with value: 2.7561691538560904 and parameters: {'f_n': 3.390699865695739e-07, 'K_d': 331089.1956988664, 'rho_d': 12993676547375.326, 'fission_rate': 4.3411685717795316e+19, 'Dg_D1_scale': 0.27700517287609067, 'Dg_D3_scale': 1.1333764114923222, 'Dv_D1_scale': 0.2335294618242963, 'Dv_D2_scale': 0.20214622302239002, 'b_bulk_scale': 0.03928638230538736, 'b_dislocation_scale': 0.03853947527114702, 'gb_scale': 1.1229503984474347, 'gd_bubble_scale': 3.9020782598191968, 'gd_line_scale': 1.3415717828714007, 'gd_line_alpha': 0.18285006498217876, 'coalescence_d_scale': 0.8167619948376509, 'capture_scale': 0.550320137304847}. Best is trial 16 with value: 2.6293409308463893.
[I 2026-05-02 21:40:56,165] Trial 43 finished with value: 3.0229717410966375 and parameters: {'f_n': 3.8793493945088514e-07, 'K_d': 358315.98641734774, 'rho_d': 12975974374899.904, 'fission_rate': 4.291177072107161e+19, 'Dg_D1_scale': 0.2885582649843634, 'Dg_D3_scale': 1.1168156849422708, 'Dv_D1_scale': 0.22371847238011153, 'Dv_D2_scale': 0.222386326958298, 'b_bulk_scale': 0.0391520617313011, 'b_dislocation_scale': 0.030435653680182546, 'gb_scale': 0.5720538393192649, 'gd_bubble_scale': 3.4483032651341863, 'gd_line_scale': 0.44984795425302826, 'gd_line_alpha': 0.28746886605284494, 'coalescence_d_scale': 1.0057022625464014, 'capture_scale': 0.5601966854281993}. Best is trial 16 with value: 2.6293409308463893.
[I 2026-05-02 21:41:02,758] Trial 44 finished with value: 3.569178844279081 and parameters: {'f_n': 1.6925582110677608e-06, 'K_d': 865295.7915117173, 'rho_d': 15810193146775.037, 'fission_rate': 4.3103232001879785e+19, 'Dg_D1_scale': 0.23416326001651694, 'Dg_D3_scale': 0.9009976287999489, 'Dv_D1_scale': 0.281251027307811, 'Dv_D2_scale': 0.3263896440271878, 'b_bulk_scale': 0.031015156711753922, 'b_dislocation_scale': 0.03916281068826028, 'gb_scale': 0.332842804923077, 'gd_bubble_scale': 6.032459068478959, 'gd_line_scale': 1.3463128355042095, 'gd_line_alpha': 0.2044534163906866, 'coalescence_d_scale': 3.6191165807594503, 'capture_scale': 0.189615759068168}. Best is trial 16 with value: 2.6293409308463893.
[I 2026-05-02 21:41:07,595] Trial 45 finished with value: 2.831171069825655 and parameters: {'f_n': 4.667631112976748e-07, 'K_d': 524406.4424380452, 'rho_d': 18689333255463.598, 'fission_rate': 4.445796079967746e+19, 'Dg_D1_scale': 0.362343672373703, 'Dg_D3_scale': 1.7940174811253502, 'Dv_D1_scale': 0.24066118602339417, 'Dv_D2_scale': 0.21249350638105516, 'b_bulk_scale': 0.05011886466685476, 'b_dislocation_scale': 0.053080595231659054, 'gb_scale': 1.2363979243952428, 'gd_bubble_scale': 3.6342971735863467, 'gd_line_scale': 0.9509612363935732, 'gd_line_alpha': 0.16363564320392066, 'coalescence_d_scale': 1.648123259716785, 'capture_scale': 0.6288394165309829}. Best is trial 16 with value: 2.6293409308463893.
[I 2026-05-02 21:41:13,467] Trial 46 finished with value: 4.415521565044868 and parameters: {'f_n': 1.0476988458862257e-06, 'K_d': 337908.33199030726, 'rho_d': 23408454058107.027, 'fission_rate': 5.010025661489915e+19, 'Dg_D1_scale': 0.4700946889396759, 'Dg_D3_scale': 1.727659567144491, 'Dv_D1_scale': 0.2539344832933396, 'Dv_D2_scale': 0.2638692679878326, 'b_bulk_scale': 0.053822839389288626, 'b_dislocation_scale': 0.05646467739842874, 'gb_scale': 1.351020799138874, 'gd_bubble_scale': 2.278712123444658, 'gd_line_scale': 1.7372453723285712, 'gd_line_alpha': 0.14455341491654686, 'coalescence_d_scale': 4.876897219043253, 'capture_scale': 0.7737598120827411}. Best is trial 16 with value: 2.6293409308463893.
[I 2026-05-02 21:41:19,173] Trial 47 finished with value: 3.6452699683325966 and parameters: {'f_n': 4.4069182078980173e-07, 'K_d': 215946.67522681292, 'rho_d': 8944246165240.455, 'fission_rate': 5.131472649723584e+19, 'Dg_D1_scale': 0.3667437977033334, 'Dg_D3_scale': 3.1463352704022753, 'Dv_D1_scale': 0.3185263639444796, 'Dv_D2_scale': 0.20179185900498917, 'b_bulk_scale': 0.0742228548469091, 'b_dislocation_scale': 0.03157769020941842, 'gb_scale': 0.8455248421980792, 'gd_bubble_scale': 5.762723179622149, 'gd_line_scale': 0.27170263579168635, 'gd_line_alpha': 0.17979681831114802, 'coalescence_d_scale': 1.5309634742720066, 'capture_scale': 0.11227396467728233}. Best is trial 16 with value: 2.6293409308463893.
[I 2026-05-02 21:41:23,126] Trial 48 finished with value: 3.4468069579733895 and parameters: {'f_n': 1.0025382192948007e-06, 'K_d': 660235.872603408, 'rho_d': 17444548866096.426, 'fission_rate': 7.754314624854255e+19, 'Dg_D1_scale': 0.5623131120339048, 'Dg_D3_scale': 0.19636879458930476, 'Dv_D1_scale': 0.20048031048123863, 'Dv_D2_scale': 0.2606596202592619, 'b_bulk_scale': 0.709086540400137, 'b_dislocation_scale': 0.06530614386929275, 'gb_scale': 0.3431492021256803, 'gd_bubble_scale': 1.3495476630254175, 'gd_line_scale': 2.0446487668622675, 'gd_line_alpha': 0.25182273133508504, 'coalescence_d_scale': 2.2609631528434675, 'capture_scale': 0.5257208186638743}. Best is trial 16 with value: 2.6293409308463893.Best trial: 16. Best value: 2.62934:   3%|▎         | 48/1500 [03:43<2:18:22,  5.72s/it]Best trial: 16. Best value: 2.62934:   3%|▎         | 48/1500 [03:43<2:18:22,  5.72s/it]Best trial: 16. Best value: 2.62934:   3%|▎         | 49/1500 [03:43<2:05:27,  5.19s/it]                                                                                        Best trial: 16. Best value: 2.62934:   3%|▎         | 49/1500 [03:49<2:05:27,  5.19s/it]Best trial: 16. Best value: 2.62934:   3%|▎         | 49/1500 [03:49<2:05:27,  5.19s/it]Best trial: 16. Best value: 2.62934:   3%|▎         | 50/1500 [03:49<2:15:52,  5.62s/it]                                                                                        Best trial: 16. Best value: 2.62934:   3%|▎         | 50/1500 [03:54<2:15:52,  5.62s/it]Best trial: 16. Best value: 2.62934:   3%|▎         | 50/1500 [03:54<2:15:52,  5.62s/it]Best trial: 16. Best value: 2.62934:   3%|▎         | 51/1500 [03:54<2:07:18,  5.27s/it]                                                                                        Best trial: 16. Best value: 2.62934:   3%|▎         | 51/1500 [04:00<2:07:18,  5.27s/it]Best trial: 16. Best value: 2.62934:   3%|▎         | 51/1500 [04:00<2:07:18,  5.27s/it]Best trial: 16. Best value: 2.62934:   3%|▎         | 52/1500 [04:00<2:15:15,  5.60s/it]                                                                                        Best trial: 16. Best value: 2.62934:   3%|▎         | 52/1500 [04:07<2:15:15,  5.60s/it]Best trial: 16. Best value: 2.62934:   3%|▎         | 52/1500 [04:07<2:15:15,  5.60s/it]Best trial: 16. Best value: 2.62934:   4%|▎         | 53/1500 [04:07<2:25:54,  6.05s/it]                                                                                        Best trial: 16. Best value: 2.62934:   4%|▎         | 53/1500 [04:14<2:25:54,  6.05s/it]Best trial: 16. Best value: 2.62934:   4%|▎         | 53/1500 [04:14<2:25:54,  6.05s/it]Best trial: 16. Best value: 2.62934:   4%|▎         | 54/1500 [04:14<2:28:21,  6.16s/it]                                                                                        Best trial: 16. Best value: 2.62934:   4%|▎         | 54/1500 [04:20<2:28:21,  6.16s/it]Best trial: 16. Best value: 2.62934:   4%|▎         | 54/1500 [04:20<2:28:21,  6.16s/it]Best trial: 16. Best value: 2.62934:   4%|▎         | 55/1500 [04:20<2:32:51,  6.35s/it]                                                                                        Best trial: 16. Best value: 2.62934:   4%|▎         | 55/1500 [04:25<2:32:51,  6.35s/it]Best trial: 16. Best value: 2.62934:   4%|▎         | 55/1500 [04:25<2:32:51,  6.35s/it]Best trial: 16. Best value: 2.62934:   4%|▎         | 56/1500 [04:25<2:20:38,  5.84s/it]                                                                                        Best trial: 16. Best value: 2.62934:   4%|▎         | 56/1500 [04:31<2:20:38,  5.84s/it]Best trial: 56. Best value: 2.44955:   4%|▎         | 56/1500 [04:31<2:20:38,  5.84s/it]Best trial: 56. Best value: 2.44955:   4%|▍         | 57/1500 [04:31<2:21:46,  5.90s/it]                                                                                        Best trial: 56. Best value: 2.44955:   4%|▍         | 57/1500 [04:37<2:21:46,  5.90s/it]Best trial: 56. Best value: 2.44955:   4%|▍         | 57/1500 [04:37<2:21:46,  5.90s/it]Best trial: 56. Best value: 2.44955:   4%|▍         | 58/1500 [04:37<2:22:43,  5.94s/it]                                                                                        Best trial: 56. Best value: 2.44955:   4%|▍         | 58/1500 [04:41<2:22:43,  5.94s/it]Best trial: 56. Best value: 2.44955:   4%|▍         | 58/1500 [04:42<2:22:43,  5.94s/it]Best trial: 56. Best value: 2.44955:   4%|▍         | 59/1500 [04:42<2:11:40,  5.48s/it]                                                                                        Best trial: 56. Best value: 2.44955:   4%|▍         | 59/1500 [04:45<2:11:40,  5.48s/it]Best trial: 56. Best value: 2.44955:   4%|▍         | 59/1500 [04:45<2:11:40,  5.48s/it]Best trial: 56. Best value: 2.44955:   4%|▍         | 60/1500 [04:45<2:00:48,  5.03s/it]                                                                                        
[I 2026-05-02 21:41:29,763] Trial 49 finished with value: 3.8751351817648305 and parameters: {'f_n': 2.3262478756973533e-07, 'K_d': 431631.9771592243, 'rho_d': 11633184137158.482, 'fission_rate': 4.328916992523937e+19, 'Dg_D1_scale': 2.491317463124058, 'Dg_D3_scale': 1.8507818251145467, 'Dv_D1_scale': 0.24015291104778783, 'Dv_D2_scale': 0.4601596704415296, 'b_bulk_scale': 0.09643877675144834, 'b_dislocation_scale': 0.044391185113751265, 'gb_scale': 1.1585914582355612, 'gd_bubble_scale': 2.7274621609089893, 'gd_line_scale': 0.09954622162904574, 'gd_line_alpha': 0.4205098771881627, 'coalescence_d_scale': 3.234367669157808, 'capture_scale': 0.7833773824918142}. Best is trial 16 with value: 2.6293409308463893.
[I 2026-05-02 21:41:34,210] Trial 50 finished with value: 4.287595800776889 and parameters: {'f_n': 6.153870706685985e-07, 'K_d': 282585.3015266786, 'rho_d': 36056337438183.33, 'fission_rate': 4.821940308842085e+19, 'Dg_D1_scale': 0.9933848639106095, 'Dg_D3_scale': 0.5155577407713979, 'Dv_D1_scale': 0.29964972061102313, 'Dv_D2_scale': 3.0543679750327737, 'b_bulk_scale': 0.1255320631651916, 'b_dislocation_scale': 0.046109947153960884, 'gb_scale': 0.5029352676653458, 'gd_bubble_scale': 9.920196506864448, 'gd_line_scale': 1.0946705288113872, 'gd_line_alpha': 0.12926942398558847, 'coalescence_d_scale': 0.8210113674784548, 'capture_scale': 0.29183565161084524}. Best is trial 16 with value: 2.6293409308463893.
[I 2026-05-02 21:41:40,598] Trial 51 finished with value: 2.782270250958107 and parameters: {'f_n': 3.6670478925697553e-07, 'K_d': 520114.6496458429, 'rho_d': 14956886331282.941, 'fission_rate': 4.497318418711264e+19, 'Dg_D1_scale': 0.265236583638683, 'Dg_D3_scale': 1.11589910717377, 'Dv_D1_scale': 0.3738670224863327, 'Dv_D2_scale': 0.20373968347194352, 'b_bulk_scale': 0.04214754808746369, 'b_dislocation_scale': 0.03369477399990663, 'gb_scale': 1.0223421891810367, 'gd_bubble_scale': 3.9405711410877293, 'gd_line_scale': 0.9965146418282106, 'gd_line_alpha': 0.3135145411112486, 'coalescence_d_scale': 1.4306598770483812, 'capture_scale': 0.43345554942169934}. Best is trial 16 with value: 2.6293409308463893.
[I 2026-05-02 21:41:47,684] Trial 52 finished with value: 2.858558379759118 and parameters: {'f_n': 2.8179129331002223e-07, 'K_d': 518586.4092804127, 'rho_d': 19317597383089.67, 'fission_rate': 4.001616184061231e+19, 'Dg_D1_scale': 0.2872214328182432, 'Dg_D3_scale': 1.3882552758942348, 'Dv_D1_scale': 0.3373882796112221, 'Dv_D2_scale': 0.30512512936386643, 'b_bulk_scale': 0.04813265486122863, 'b_dislocation_scale': 0.0326833228290991, 'gb_scale': 1.4943380190857158, 'gd_bubble_scale': 6.917364008829837, 'gd_line_scale': 0.8071431571710861, 'gd_line_alpha': 0.221813523852789, 'coalescence_d_scale': 1.6693709935457923, 'capture_scale': 0.6452334859248803}. Best is trial 16 with value: 2.6293409308463893.
[I 2026-05-02 21:41:54,084] Trial 53 finished with value: 2.6356406621053106 and parameters: {'f_n': 4.3050440242849245e-07, 'K_d': 366785.89598471316, 'rho_d': 15458881646709.66, 'fission_rate': 4.472820947469391e+19, 'Dg_D1_scale': 0.39294900811386746, 'Dg_D3_scale': 0.7014241492951471, 'Dv_D1_scale': 0.22735859229063093, 'Dv_D2_scale': 0.23254143211563233, 'b_bulk_scale': 0.06437600891374483, 'b_dislocation_scale': 0.07286754268293975, 'gb_scale': 0.846621734500199, 'gd_bubble_scale': 4.829254974444584, 'gd_line_scale': 1.338363864443242, 'gd_line_alpha': 0.2556644127931397, 'coalescence_d_scale': 1.3112915453601437, 'capture_scale': 0.039862412973223196}. Best is trial 16 with value: 2.6293409308463893.
