[I 2026-05-02 21:44:53,120] Trial 90 finished with value: 2.5440633271283972 and parameters: {'f_n': 3.7928142903990526e-08, 'K_d': 113837.20290263263, 'rho_d': 41066824054726.945, 'fission_rate': 7.8237952714379e+19, 'Dg_D1_scale': 0.5399920292790462, 'Dg_D3_scale': 0.5605582821638113, 'Dv_D1_scale': 0.2148890060120746, 'Dv_D2_scale': 1.4809923106642682, 'b_bulk_scale': 0.06022332224088868, 'b_dislocation_scale': 1.016806178903749, 'gb_scale': 0.21691317830814524, 'gd_bubble_scale': 0.11929801470601202, 'gd_line_scale': 4.984421946299333, 'gd_line_alpha': 0.10245115967862961, 'coalescence_d_scale': 0.412086517858523, 'capture_scale': 0.03657409618548113}. Best is trial 61 with value: 2.286562733614546.
[I 2026-05-02 21:44:57,075] Trial 91 finished with value: 2.7056642085824594 and parameters: {'f_n': 4.0848748394146615e-08, 'K_d': 144777.3885987439, 'rho_d': 41812195935731.17, 'fission_rate': 7.872549132760564e+19, 'Dg_D1_scale': 0.5371579280883646, 'Dg_D3_scale': 0.598490329371118, 'Dv_D1_scale': 0.21215492654393456, 'Dv_D2_scale': 2.151833391805296, 'b_bulk_scale': 0.07040772711210162, 'b_dislocation_scale': 0.9595959502536784, 'gb_scale': 0.11316822847481714, 'gd_bubble_scale': 0.12139620528345428, 'gd_line_scale': 5.026538484368484, 'gd_line_alpha': 0.06368915447935145, 'coalescence_d_scale': 0.38391708761073445, 'capture_scale': 0.03678765410001622}. Best is trial 61 with value: 2.286562733614546.
[I 2026-05-02 21:45:01,002] Trial 92 finished with value: 3.0372615116039916 and parameters: {'f_n': 2.6259447179914404e-08, 'K_d': 120293.04292313442, 'rho_d': 50024495135795.74, 'fission_rate': 7.8403167722725e+19, 'Dg_D1_scale': 0.6541650218054076, 'Dg_D3_scale': 0.5500577729200884, 'Dv_D1_scale': 0.2354112101829478, 'Dv_D2_scale': 1.4856746874915303, 'b_bulk_scale': 0.05820250375630982, 'b_dislocation_scale': 0.6664003542703626, 'gb_scale': 0.1484450117814015, 'gd_bubble_scale': 0.08307923652452467, 'gd_line_scale': 4.726358261843429, 'gd_line_alpha': 0.11110834813950848, 'coalescence_d_scale': 0.25614330270256364, 'capture_scale': 0.030431260802680632}. Best is trial 61 with value: 2.286562733614546.
[I 2026-05-02 21:45:04,940] Trial 93 finished with value: 2.551971243648292 and parameters: {'f_n': 1.9587433435615923e-08, 'K_d': 139550.59736673586, 'rho_d': 33185331636748.72, 'fission_rate': 7.667507275910693e+19, 'Dg_D1_scale': 0.6825646947245043, 'Dg_D3_scale': 0.463947870284611, 'Dv_D1_scale': 0.20342757975526357, 'Dv_D2_scale': 1.9852382265354356, 'b_bulk_scale': 0.08217846452634515, 'b_dislocation_scale': 0.877228589701017, 'gb_scale': 0.2338028284361948, 'gd_bubble_scale': 0.10636309219515797, 'gd_line_scale': 3.458909823733551, 'gd_line_alpha': 0.03246049938908209, 'coalescence_d_scale': 0.4137384500587524, 'capture_scale': 0.035769400560347664}. Best is trial 61 with value: 2.286562733614546.
[I 2026-05-02 21:45:07,312] Trial 94 finished with value: 2.601592675199886 and parameters: {'f_n': 3.2326519855196364e-08, 'K_d': 140117.87769501895, 'rho_d': 32732863111140.293, 'fission_rate': 7.697944212610051e+19, 'Dg_D1_scale': 0.5844207470872482, 'Dg_D3_scale': 0.47097070355333703, 'Dv_D1_scale': 0.20979436139683402, 'Dv_D2_scale': 1.9854653813054222, 'b_bulk_scale': 0.10423494337037234, 'b_dislocation_scale': 0.9720807226956889, 'gb_scale': 0.22947521676104501, 'gd_bubble_scale': 0.10292212218685658, 'gd_line_scale': 3.382845190119133, 'gd_line_alpha': 0.029418317920538898, 'coalescence_d_scale': 0.3209579672400206, 'capture_scale': 0.02419983210549895}. Best is trial 61 with value: 2.286562733614546.
[I 2026-05-02 21:45:11,256] Trial 95 finished with value: 2.6282374887285123 and parameters: {'f_n': 6.437962414679535e-08, 'K_d': 114295.39376547502, 'rho_d': 29773507837645.418, 'fission_rate': 7.669878519926828e+19, 'Dg_D1_scale': 0.5962680127198305, 'Dg_D3_scale': 0.47836220313483724, 'Dv_D1_scale': 0.2026966933215542, 'Dv_D2_scale': 1.9015145521592047, 'b_bulk_scale': 0.10693305855799169, 'b_dislocation_scale': 0.766223088219109, 'gb_scale': 0.21523192424549067, 'gd_bubble_scale': 0.10403806659632563, 'gd_line_scale': 3.348942742072278, 'gd_line_alpha': 0.02642920233256385, 'coalescence_d_scale': 0.31464861270885003, 'capture_scale': 0.024055006521513853}. Best is trial 61 with value: 2.286562733614546.
[I 2026-05-02 21:45:15,244] Trial 96 finished with value: 2.725736947198272 and parameters: {'f_n': 1.9427058098878147e-08, 'K_d': 106510.15493566732, 'rho_d': 39619834904227.05, 'fission_rate': 7.65558361167335e+19, 'Dg_D1_scale': 0.6750583201907872, 'Dg_D3_scale': 0.3839036879226838, 'Dv_D1_scale': 0.21719540224247672, 'Dv_D2_scale': 2.0715600117684705, 'b_bulk_scale': 0.0846294419005343, 'b_dislocation_scale': 0.565748301947891, 'gb_scale': 0.18535352256852988, 'gd_bubble_scale': 0.0698470544793199, 'gd_line_scale': 3.0811700453584705, 'gd_line_alpha': 0.005080266188006454, 'coalescence_d_scale': 0.44073812326091427, 'capture_scale': 0.012790040053032858}. Best is trial 61 with value: 2.286562733614546.Best trial: 61. Best value: 2.28656:   6%|▋         | 96/1500 [07:35<1:24:52,  3.63s/it]Best trial: 61. Best value: 2.28656:   6%|▋         | 96/1500 [07:35<1:24:52,  3.63s/it]Best trial: 61. Best value: 2.28656:   6%|▋         | 97/1500 [07:35<1:27:21,  3.74s/it]                                                                                        Best trial: 61. Best value: 2.28656:   6%|▋         | 97/1500 [07:39<1:27:21,  3.74s/it]Best trial: 61. Best value: 2.28656:   6%|▋         | 97/1500 [07:39<1:27:21,  3.74s/it]Best trial: 61. Best value: 2.28656:   7%|▋         | 98/1500 [07:39<1:28:19,  3.78s/it]                                                                                        Best trial: 61. Best value: 2.28656:   7%|▋         | 98/1500 [07:42<1:28:19,  3.78s/it]Best trial: 61. Best value: 2.28656:   7%|▋         | 98/1500 [07:43<1:28:19,  3.78s/it]Best trial: 61. Best value: 2.28656:   7%|▋         | 99/1500 [07:43<1:29:00,  3.81s/it]                                                                                        Best trial: 61. Best value: 2.28656:   7%|▋         | 99/1500 [07:46<1:29:00,  3.81s/it]Best trial: 61. Best value: 2.28656:   7%|▋         | 99/1500 [07:46<1:29:00,  3.81s/it]Best trial: 61. Best value: 2.28656:   7%|▋         | 100/1500 [07:46<1:28:12,  3.78s/it]                                                                                         Best trial: 61. Best value: 2.28656:   7%|▋         | 100/1500 [07:50<1:28:12,  3.78s/it]Best trial: 61. Best value: 2.28656:   7%|▋         | 100/1500 [07:50<1:28:12,  3.78s/it]Best trial: 61. Best value: 2.28656:   7%|▋         | 101/1500 [07:50<1:29:44,  3.85s/it]                                                                                         Best trial: 61. Best value: 2.28656:   7%|▋         | 101/1500 [07:54<1:29:44,  3.85s/it]Best trial: 61. Best value: 2.28656:   7%|▋         | 101/1500 [07:54<1:29:44,  3.85s/it]Best trial: 61. Best value: 2.28656:   7%|▋         | 102/1500 [07:54<1:28:19,  3.79s/it]                                                                                         Best trial: 61. Best value: 2.28656:   7%|▋         | 102/1500 [07:58<1:28:19,  3.79s/it]Best trial: 61. Best value: 2.28656:   7%|▋         | 102/1500 [07:58<1:28:19,  3.79s/it]Best trial: 61. Best value: 2.28656:   7%|▋         | 103/1500 [07:58<1:27:39,  3.76s/it]                                                                                         Best trial: 61. Best value: 2.28656:   7%|▋         | 103/1500 [08:00<1:27:39,  3.76s/it]Best trial: 61. Best value: 2.28656:   7%|▋         | 103/1500 [08:00<1:27:39,  3.76s/it]Best trial: 61. Best value: 2.28656:   7%|▋         | 104/1500 [08:00<1:16:47,  3.30s/it]                                                                                         Best trial: 61. Best value: 2.28656:   7%|▋         | 104/1500 [08:04<1:16:47,  3.30s/it]Best trial: 61. Best value: 2.28656:   7%|▋         | 104/1500 [08:04<1:16:47,  3.30s/it]Best trial: 61. Best value: 2.28656:   7%|▋         | 105/1500 [08:04<1:23:52,  3.61s/it]                                                                                         Best trial: 61. Best value: 2.28656:   7%|▋         | 105/1500 [08:08<1:23:52,  3.61s/it]Best trial: 61. Best value: 2.28656:   7%|▋         | 105/1500 [08:08<1:23:52,  3.61s/it]Best trial: 61. Best value: 2.28656:   7%|▋         | 106/1500 [08:08<1:26:23,  3.72s/it]                                                                                         Best trial: 61. Best value: 2.28656:   7%|▋         | 106/1500 [08:12<1:26:23,  3.72s/it]Best trial: 61. Best value: 2.28656:   7%|▋         | 106/1500 [08:12<1:26:23,  3.72s/it]Best trial: 61. Best value: 2.28656:   7%|▋         | 107/1500 [08:12<1:27:52,  3.78s/it]                                                                                         Best trial: 61. Best value: 2.28656:   7%|▋         | 107/1500 [08:16<1:27:52,  3.78s/it]Best trial: 61. Best value: 2.28656:   7%|▋         | 107/1500 [08:16<1:27:52,  3.78s/it]Best trial: 61. Best value: 2.28656:   7%|▋         | 108/1500 [08:16<1:28:30,  3.82s/it]                                                                                         
[I 2026-05-02 21:45:19,130] Trial 97 finished with value: 2.5325560595602545 and parameters: {'f_n': 2.90540579900056e-08, 'K_d': 137029.20929769144, 'rho_d': 31674030453373.754, 'fission_rate': 7.747802688765637e+19, 'Dg_D1_scale': 0.7404693120215708, 'Dg_D3_scale': 0.424773262741157, 'Dv_D1_scale': 0.2861009329836313, 'Dv_D2_scale': 1.7446290435157823, 'b_bulk_scale': 0.04238039729549264, 'b_dislocation_scale': 0.9284623027810804, 'gb_scale': 0.3015164043334129, 'gd_bubble_scale': 0.1684128563021722, 'gd_line_scale': 6.135743371410188, 'gd_line_alpha': 0.08145359251997376, 'coalescence_d_scale': 0.24259860622411342, 'capture_scale': 0.01933320781163304}. Best is trial 61 with value: 2.286562733614546.
[I 2026-05-02 21:45:23,009] Trial 98 finished with value: 2.8115875884152994 and parameters: {'f_n': 1.5917091257876152e-08, 'K_d': 161787.27352090666, 'rho_d': 48524647856096.99, 'fission_rate': 7.793753188147837e+19, 'Dg_D1_scale': 0.5203514426770277, 'Dg_D3_scale': 0.4398074597905998, 'Dv_D1_scale': 0.28316930347943325, 'Dv_D2_scale': 1.6663624689167482, 'b_bulk_scale': 0.041452688600791376, 'b_dislocation_scale': 1.1441032153513242, 'gb_scale': 0.27667417808821493, 'gd_bubble_scale': 0.12949168669609123, 'gd_line_scale': 6.907416626541286, 'gd_line_alpha': 0.069247614981801, 'coalescence_d_scale': 0.23520621312002904, 'capture_scale': 0.018365680932769007}. Best is trial 61 with value: 2.286562733614546.
[I 2026-05-02 21:45:26,716] Trial 99 finished with value: 2.5986348868296636 and parameters: {'f_n': 3.8741306477901826e-08, 'K_d': 133306.0983292518, 'rho_d': 34088406723926.47, 'fission_rate': 7.933246848168098e+19, 'Dg_D1_scale': 0.7372209478936135, 'Dg_D3_scale': 0.3326403288633669, 'Dv_D1_scale': 0.2408812875282384, 'Dv_D2_scale': 1.262105807123016, 'b_bulk_scale': 0.03003911339043686, 'b_dislocation_scale': 1.3707851074664936, 'gb_scale': 0.1877771759495354, 'gd_bubble_scale': 0.17316725752677564, 'gd_line_scale': 6.021373480621391, 'gd_line_alpha': 0.08292079189920842, 'coalescence_d_scale': 0.40676375925733066, 'capture_scale': 0.0332117337894862}. Best is trial 61 with value: 2.286562733614546.
[I 2026-05-02 21:45:30,731] Trial 100 finished with value: 2.9247530956806185 and parameters: {'f_n': 2.5867870357738997e-08, 'K_d': 110979.29433100452, 'rho_d': 44886586178603.586, 'fission_rate': 7.58655520848301e+19, 'Dg_D1_scale': 0.8074747229121685, 'Dg_D3_scale': 0.41587498753401564, 'Dv_D1_scale': 0.27077278138775984, 'Dv_D2_scale': 1.533044897246867, 'b_bulk_scale': 0.04618001041320393, 'b_dislocation_scale': 0.8157041505813002, 'gb_scale': 0.3975328891882786, 'gd_bubble_scale': 0.08253682028072232, 'gd_line_scale': 8.272877462107928, 'gd_line_alpha': 0.13804062060354663, 'coalescence_d_scale': 0.5543101167088367, 'capture_scale': 0.06173454182771509}. Best is trial 61 with value: 2.286562733614546.
[I 2026-05-02 21:45:34,382] Trial 101 finished with value: 2.794066190466668 and parameters: {'f_n': 4.07670729964278e-08, 'K_d': 129975.68263220444, 'rho_d': 33129481600500.42, 'fission_rate': 7.918553987110912e+19, 'Dg_D1_scale': 0.7318434405778368, 'Dg_D3_scale': 0.36174033929626054, 'Dv_D1_scale': 0.23952012539533477, 'Dv_D2_scale': 1.7698319162536154, 'b_bulk_scale': 0.03314757984148427, 'b_dislocation_scale': 1.4364871317986656, 'gb_scale': 0.17582659667809167, 'gd_bubble_scale': 0.17980742761072174, 'gd_line_scale': 4.363260550473946, 'gd_line_alpha': 0.10564458967572822, 'coalescence_d_scale': 0.39549438668640235, 'capture_scale': 0.028612879828485226}. Best is trial 61 with value: 2.286562733614546.
[I 2026-05-02 21:45:38,088] Trial 102 finished with value: 2.492873873188746 and parameters: {'f_n': 6.964557591230474e-08, 'K_d': 134508.40153959612, 'rho_d': 53883787110479.4, 'fission_rate': 7.98786452800868e+19, 'Dg_D1_scale': 0.8913781015337953, 'Dg_D3_scale': 0.3338057248961077, 'Dv_D1_scale': 0.201177001916555, 'Dv_D2_scale': 2.232996957733352, 'b_bulk_scale': 0.030208921914085276, 'b_dislocation_scale': 1.454689504046798, 'gb_scale': 0.29034613631594464, 'gd_bubble_scale': 0.15158603534651593, 'gd_line_scale': 5.600878023059711, 'gd_line_alpha': 0.16568015795118968, 'coalescence_d_scale': 0.18424887990915603, 'capture_scale': 0.034610457405386}. Best is trial 61 with value: 2.286562733614546.
[I 2026-05-02 21:45:40,305] Trial 103 finished with value: 2.6070141286234505 and parameters: {'f_n': 4.7666247336143874e-08, 'K_d': 116968.62986768405, 'rho_d': 52553340704499.27, 'fission_rate': 7.997613832503565e+19, 'Dg_D1_scale': 0.6240596398700052, 'Dg_D3_scale': 0.4065908975228275, 'Dv_D1_scale': 0.20058412691408428, 'Dv_D2_scale': 2.242550336390141, 'b_bulk_scale': 0.04209885547283014, 'b_dislocation_scale': 1.8182823084653907, 'gb_scale': 0.3521902322335029, 'gd_bubble_scale': 0.06062238291965584, 'gd_line_scale': 5.348407782073284, 'gd_line_alpha': 0.1634665133512583, 'coalescence_d_scale': 0.20528513140730792, 'capture_scale': 0.0207734408731207}. Best is trial 61 with value: 2.286562733614546.
[I 2026-05-02 21:45:44,630] Trial 104 finished with value: 2.836070458024126 and parameters: {'f_n': 9.663066144338148e-08, 'K_d': 149231.9018035796, 'rho_d': 57010796316237.43, 'fission_rate': 7.48850760170543e+19, 'Dg_D1_scale': 0.9816120337695384, 'Dg_D3_scale': 0.2912287354401857, 'Dv_D1_scale': 0.22218457146595463, 'Dv_D2_scale': 2.443841851000628, 'b_bulk_scale': 0.03751395507395412, 'b_dislocation_scale': 0.8811065225100201, 'gb_scale': 0.29312818598518553, 'gd_bubble_scale': 0.1492402506558108, 'gd_line_scale': 9.009604261204027, 'gd_line_alpha': 0.048081539902944184, 'coalescence_d_scale': 0.2824014065869734, 'capture_scale': 0.03527996746187808}. Best is trial 61 with value: 2.286562733614546.
[I 2026-05-02 21:45:48,606] Trial 105 finished with value: 3.1315146987286124 and parameters: {'f_n': 1.3405103534590857e-08, 'K_d': 197691.64574413816, 'rho_d': 39009579296412.04, 'fission_rate': 7.750770790628683e+19, 'Dg_D1_scale': 0.4915636857217379, 'Dg_D3_scale': 0.5296419707884885, 'Dv_D1_scale': 0.2131576776232774, 'Dv_D2_scale': 2.7003781124065225, 'b_bulk_scale': 0.05995511953398377, 'b_dislocation_scale': 0.5501779034117437, 'gb_scale': 0.2564064526333162, 'gd_bubble_scale': 0.26736878296889516, 'gd_line_scale': 6.454645062478674, 'gd_line_alpha': 0.15244172622129867, 'coalescence_d_scale': 0.17446331203901683, 'capture_scale': 0.0455450028279079}. Best is trial 61 with value: 2.286562733614546.
[I 2026-05-02 21:45:52,547] Trial 106 finished with value: 3.017864088564984 and parameters: {'f_n': 7.229560083849191e-08, 'K_d': 103994.79179255097, 'rho_d': 44634073811961.72, 'fission_rate': 7.836932551708172e+19, 'Dg_D1_scale': 0.8735849681360611, 'Dg_D3_scale': 0.5917150053767177, 'Dv_D1_scale': 0.31494841984590793, 'Dv_D2_scale': 2.16796456829187, 'b_bulk_scale': 0.07413463091995003, 'b_dislocation_scale': 0.45970844535563266, 'gb_scale': 0.2072820176185093, 'gd_bubble_scale': 0.09180965032428619, 'gd_line_scale': 4.025097982957741, 'gd_line_alpha': 0.20044580478260665, 'coalescence_d_scale': 0.457987446899764, 'capture_scale': 0.027455728499019724}. Best is trial 61 with value: 2.286562733614546.
[I 2026-05-02 21:45:56,432] Trial 107 finished with value: 2.528535053827886 and parameters: {'f_n': 5.695382745237374e-08, 'K_d': 139405.86795742658, 'rho_d': 59681153151265.94, 'fission_rate': 7.620881733724922e+19, 'Dg_D1_scale': 0.5373839414042794, 'Dg_D3_scale': 0.3698217546046743, 'Dv_D1_scale': 0.23112871860697987, 'Dv_D2_scale': 1.89135106254374, 'b_bulk_scale': 0.03417133575307102, 'b_dislocation_scale': 1.111847008762186, 'gb_scale': 0.1490847191112853, 'gd_bubble_scale': 0.11997379413781595, 'gd_line_scale': 2.787871373715499, 'gd_line_alpha': 0.17067974903280803, 'coalescence_d_scale': 0.3701387867067596, 'capture_scale': 0.08383372021714472}. Best is trial 61 with value: 2.286562733614546.
