[I 2026-05-02 22:06:07,150] Trial 414 finished with value: 4.370893404394189 and parameters: {'f_n': 1.9162166959836247e-06, 'K_d': 194356.8281194621, 'rho_d': 32168742146850.54, 'fission_rate': 6.050189544351478e+19, 'Dg_D1_scale': 2.039953961470645, 'Dg_D3_scale': 2.651974531278548, 'Dv_D1_scale': 0.24804216804725565, 'Dv_D2_scale': 3.0491970308308463, 'b_bulk_scale': 0.2018930752002036, 'b_dislocation_scale': 0.25754439814275537, 'gb_scale': 7.934894536042547, 'gd_bubble_scale': 0.3571011019093495, 'gd_line_scale': 0.6562312497742804, 'gd_line_alpha': 0.7491741402765302, 'coalescence_d_scale': 0.1189648276886298, 'capture_scale': 3.9872704071872964}. Best is trial 394 with value: 2.105730963119322.
[I 2026-05-02 22:06:12,272] Trial 415 finished with value: 2.253651130065667 and parameters: {'f_n': 1.3989031279136113e-06, 'K_d': 183098.5044565109, 'rho_d': 34567419825867.082, 'fission_rate': 5.745340945811324e+19, 'Dg_D1_scale': 2.242589874750815, 'Dg_D3_scale': 2.5286402576826656, 'Dv_D1_scale': 0.2330885529777997, 'Dv_D2_scale': 2.8677367155197424, 'b_bulk_scale': 0.1862327088881675, 'b_dislocation_scale': 0.21049031917558086, 'gb_scale': 7.1732858687463334, 'gd_bubble_scale': 0.38577196631905686, 'gd_line_scale': 8.13217326155528, 'gd_line_alpha': 0.7594900854711555, 'coalescence_d_scale': 0.1892899129806794, 'capture_scale': 3.5509386064682116}. Best is trial 394 with value: 2.105730963119322.
[I 2026-05-02 22:06:15,966] Trial 416 finished with value: 4.680591367837534 and parameters: {'f_n': 1.8072182939835865e-06, 'K_d': 212470.16200506117, 'rho_d': 34403688830091.97, 'fission_rate': 6.888994580092362e+19, 'Dg_D1_scale': 2.0224837670922704, 'Dg_D3_scale': 2.5739047373705666, 'Dv_D1_scale': 2.103195508171891, 'Dv_D2_scale': 3.045343711325205, 'b_bulk_scale': 0.2221978105037066, 'b_dislocation_scale': 0.23663570390804162, 'gb_scale': 7.994478544934565, 'gd_bubble_scale': 0.4248317095721518, 'gd_line_scale': 0.14579804891997164, 'gd_line_alpha': 0.726879717416977, 'coalescence_d_scale': 0.1321929123691563, 'capture_scale': 2.222898181643461}. Best is trial 394 with value: 2.105730963119322.
[I 2026-05-02 22:06:20,392] Trial 417 finished with value: 2.14894737339532 and parameters: {'f_n': 2.434808381896624e-06, 'K_d': 193946.38701919824, 'rho_d': 30964194037908.32, 'fission_rate': 6.757070787560222e+19, 'Dg_D1_scale': 1.9038947693675523, 'Dg_D3_scale': 2.756051151253026, 'Dv_D1_scale': 0.2281911404728411, 'Dv_D2_scale': 2.802969888202754, 'b_bulk_scale': 0.19645789567322847, 'b_dislocation_scale': 0.274252859305272, 'gb_scale': 6.9935790444834565, 'gd_bubble_scale': 0.2721391528681763, 'gd_line_scale': 9.101018518766853, 'gd_line_alpha': 0.7433494674790371, 'coalescence_d_scale': 0.15905986382414794, 'capture_scale': 2.831219471433393}. Best is trial 394 with value: 2.105730963119322.
[I 2026-05-02 22:06:25,660] Trial 418 finished with value: 2.113655756344543 and parameters: {'f_n': 2.5271738492626853e-06, 'K_d': 181732.0384612026, 'rho_d': 32889168927380.42, 'fission_rate': 5.55459323171853e+19, 'Dg_D1_scale': 2.098050870660123, 'Dg_D3_scale': 2.1369525342276345, 'Dv_D1_scale': 0.2432442828947779, 'Dv_D2_scale': 2.5578103127063305, 'b_bulk_scale': 0.18317422690307766, 'b_dislocation_scale': 0.2158464796127317, 'gb_scale': 6.351219151352025, 'gd_bubble_scale': 0.42721844292690586, 'gd_line_scale': 6.799291579859547, 'gd_line_alpha': 0.7652279328158853, 'coalescence_d_scale': 0.19919933121178637, 'capture_scale': 1.8550642025539132}. Best is trial 394 with value: 2.105730963119322.
[I 2026-05-02 22:06:30,925] Trial 419 finished with value: 2.365383847787432 and parameters: {'f_n': 2.9947839901114766e-06, 'K_d': 180742.34888309435, 'rho_d': 32668633252969.887, 'fission_rate': 5.517547271875391e+19, 'Dg_D1_scale': 2.29144778924083, 'Dg_D3_scale': 2.0460561646633995, 'Dv_D1_scale': 0.24619823421993361, 'Dv_D2_scale': 0.4482961852986647, 'b_bulk_scale': 0.21897324247281388, 'b_dislocation_scale': 0.22296492643158727, 'gb_scale': 6.200396601581313, 'gd_bubble_scale': 0.43519186407767035, 'gd_line_scale': 5.957301252163337, 'gd_line_alpha': 0.7561966991882854, 'coalescence_d_scale': 0.11469521543052771, 'capture_scale': 1.5812072481671444}. Best is trial 394 with value: 2.105730963119322.
[I 2026-05-02 22:06:34,260] Trial 420 finished with value: 2.2101247385351326 and parameters: {'f_n': 2.468875752283236e-06, 'K_d': 174426.60392477617, 'rho_d': 32848876352901.445, 'fission_rate': 5.952102390896386e+19, 'Dg_D1_scale': 2.1660515450846605, 'Dg_D3_scale': 2.173849218805202, 'Dv_D1_scale': 0.24776955559777566, 'Dv_D2_scale': 2.3708617577981466, 'b_bulk_scale': 0.18555822685025403, 'b_dislocation_scale': 0.24037029416876793, 'gb_scale': 7.243474788149944, 'gd_bubble_scale': 0.5113194310897028, 'gd_line_scale': 6.772815102651089, 'gd_line_alpha': 0.761239359311997, 'coalescence_d_scale': 0.13593565675395708, 'capture_scale': 1.8910168845470805}. Best is trial 394 with value: 2.105730963119322.Best trial: 394. Best value: 2.10573:  28%|██▊       | 420/1500 [28:54<1:26:03,  4.78s/it]Best trial: 394. Best value: 2.10573:  28%|██▊       | 420/1500 [28:54<1:26:03,  4.78s/it]Best trial: 394. Best value: 2.10573:  28%|██▊       | 421/1500 [28:54<1:18:11,  4.35s/it]                                                                                          Best trial: 394. Best value: 2.10573:  28%|██▊       | 421/1500 [28:59<1:18:11,  4.35s/it]Best trial: 394. Best value: 2.10573:  28%|██▊       | 421/1500 [28:59<1:18:11,  4.35s/it]Best trial: 394. Best value: 2.10573:  28%|██▊       | 422/1500 [28:59<1:22:32,  4.59s/it]                                                                                          Best trial: 394. Best value: 2.10573:  28%|██▊       | 422/1500 [29:04<1:22:32,  4.59s/it]Best trial: 394. Best value: 2.10573:  28%|██▊       | 422/1500 [29:04<1:22:32,  4.59s/it]Best trial: 394. Best value: 2.10573:  28%|██▊       | 423/1500 [29:04<1:24:54,  4.73s/it]                                                                                          Best trial: 394. Best value: 2.10573:  28%|██▊       | 423/1500 [29:09<1:24:54,  4.73s/it]Best trial: 394. Best value: 2.10573:  28%|██▊       | 423/1500 [29:09<1:24:54,  4.73s/it]Best trial: 394. Best value: 2.10573:  28%|██▊       | 424/1500 [29:09<1:28:09,  4.92s/it]                                                                                          Best trial: 394. Best value: 2.10573:  28%|██▊       | 424/1500 [29:14<1:28:09,  4.92s/it]Best trial: 394. Best value: 2.10573:  28%|██▊       | 424/1500 [29:14<1:28:09,  4.92s/it]Best trial: 394. Best value: 2.10573:  28%|██▊       | 425/1500 [29:14<1:26:35,  4.83s/it]                                                                                          Best trial: 394. Best value: 2.10573:  28%|██▊       | 425/1500 [29:19<1:26:35,  4.83s/it]Best trial: 394. Best value: 2.10573:  28%|██▊       | 425/1500 [29:19<1:26:35,  4.83s/it]Best trial: 394. Best value: 2.10573:  28%|██▊       | 426/1500 [29:19<1:28:26,  4.94s/it]                                                                                          Best trial: 394. Best value: 2.10573:  28%|██▊       | 426/1500 [29:24<1:28:26,  4.94s/it]Best trial: 394. Best value: 2.10573:  28%|██▊       | 426/1500 [29:24<1:28:26,  4.94s/it]Best trial: 394. Best value: 2.10573:  28%|██▊       | 427/1500 [29:24<1:25:27,  4.78s/it]                                                                                          Best trial: 394. Best value: 2.10573:  28%|██▊       | 427/1500 [29:27<1:25:27,  4.78s/it]Best trial: 394. Best value: 2.10573:  28%|██▊       | 427/1500 [29:27<1:25:27,  4.78s/it]Best trial: 394. Best value: 2.10573:  29%|██▊       | 428/1500 [29:27<1:20:35,  4.51s/it]                                                                                          Best trial: 394. Best value: 2.10573:  29%|██▊       | 428/1500 [29:32<1:20:35,  4.51s/it]Best trial: 394. Best value: 2.10573:  29%|██▊       | 428/1500 [29:32<1:20:35,  4.51s/it]Best trial: 394. Best value: 2.10573:  29%|██▊       | 429/1500 [29:32<1:19:24,  4.45s/it]                                                                                          Best trial: 394. Best value: 2.10573:  29%|██▊       | 429/1500 [29:37<1:19:24,  4.45s/it]Best trial: 394. Best value: 2.10573:  29%|██▊       | 429/1500 [29:37<1:19:24,  4.45s/it]Best trial: 394. Best value: 2.10573:  29%|██▊       | 430/1500 [29:37<1:24:56,  4.76s/it]                                                                                          Best trial: 394. Best value: 2.10573:  29%|██▊       | 430/1500 [29:42<1:24:56,  4.76s/it]Best trial: 394. Best value: 2.10573:  29%|██▊       | 430/1500 [29:42<1:24:56,  4.76s/it]Best trial: 394. Best value: 2.10573:  29%|██▊       | 431/1500 [29:42<1:23:06,  4.66s/it]                                                                                          Best trial: 394. Best value: 2.10573:  29%|██▊       | 431/1500 [29:47<1:23:06,  4.66s/it]Best trial: 394. Best value: 2.10573:  29%|██▊       | 431/1500 [29:47<1:23:06,  4.66s/it]Best trial: 394. Best value: 2.10573:  29%|██▉       | 432/1500 [29:47<1:28:16,  4.96s/it]                                                                                          
[I 2026-05-02 22:06:39,429] Trial 421 finished with value: 2.148015586226518 and parameters: {'f_n': 2.5202577153386724e-06, 'K_d': 180236.2719821299, 'rho_d': 34438452196389.047, 'fission_rate': 5.6530253628363596e+19, 'Dg_D1_scale': 2.0461074984941257, 'Dg_D3_scale': 2.3540186003863672, 'Dv_D1_scale': 0.231268267026534, 'Dv_D2_scale': 2.529219996134315, 'b_bulk_scale': 0.20588658824780964, 'b_dislocation_scale': 0.20759021343396977, 'gb_scale': 5.615975088073559, 'gd_bubble_scale': 0.3310065406186088, 'gd_line_scale': 6.723465523734997, 'gd_line_alpha': 0.7088740592647489, 'coalescence_d_scale': 0.1936124449363844, 'capture_scale': 4.5032109261643685}. Best is trial 394 with value: 2.105730963119322.
[I 2026-05-02 22:06:44,474] Trial 422 finished with value: 4.955060198559403 and parameters: {'f_n': 4.0459091596663246e-09, 'K_d': 193172.41513327448, 'rho_d': 30200400663630.64, 'fission_rate': 5.8045241405093265e+19, 'Dg_D1_scale': 2.3623956959147083, 'Dg_D3_scale': 2.6153241884684006, 'Dv_D1_scale': 1.1086676409220735, 'Dv_D2_scale': 2.921786584945321, 'b_bulk_scale': 0.17573808685511466, 'b_dislocation_scale': 0.276215440530804, 'gb_scale': 6.473679911161902, 'gd_bubble_scale': 0.29438827217512237, 'gd_line_scale': 7.880088191138179, 'gd_line_alpha': 0.8080618262415964, 'coalescence_d_scale': 0.19377498757897105, 'capture_scale': 1.2837897024771545}. Best is trial 394 with value: 2.105730963119322.
[I 2026-05-02 22:06:49,828] Trial 423 finished with value: 2.1394752013498133 and parameters: {'f_n': 1.8807081613189146e-06, 'K_d': 183208.54679051257, 'rho_d': 31751349327353.836, 'fission_rate': 5.551878432969375e+19, 'Dg_D1_scale': 1.9587427598110458, 'Dg_D3_scale': 2.481510991077083, 'Dv_D1_scale': 0.23566174409796514, 'Dv_D2_scale': 3.016558327069205, 'b_bulk_scale': 0.18180148481682387, 'b_dislocation_scale': 0.22297413485851234, 'gb_scale': 7.9949629527118375, 'gd_bubble_scale': 0.3524305182549985, 'gd_line_scale': 9.017296311120337, 'gd_line_alpha': 0.7693095290364445, 'coalescence_d_scale': 0.15753018174261865, 'capture_scale': 5.788697942913848}. Best is trial 394 with value: 2.105730963119322.
[I 2026-05-02 22:06:54,458] Trial 424 finished with value: 4.585334497611981 and parameters: {'f_n': 2.538790244427972e-06, 'K_d': 207103.93673722201, 'rho_d': 34505238577559.14, 'fission_rate': 5.404839929302014e+19, 'Dg_D1_scale': 2.132796055697742, 'Dg_D3_scale': 2.9036112163526986, 'Dv_D1_scale': 0.7317594861782156, 'Dv_D2_scale': 2.817107521535015, 'b_bulk_scale': 0.23014289055169987, 'b_dislocation_scale': 0.2539064833888611, 'gb_scale': 7.246363974507254, 'gd_bubble_scale': 0.43928898486791057, 'gd_line_scale': 0.24908013758071185, 'gd_line_alpha': 0.733179755554704, 'coalescence_d_scale': 0.1839678383928209, 'capture_scale': 0.25192082055184584}. Best is trial 394 with value: 2.105730963119322.
[I 2026-05-02 22:06:59,658] Trial 425 finished with value: 2.3073224042386764 and parameters: {'f_n': 2.998223552845548e-06, 'K_d': 196939.63498526253, 'rho_d': 32354142020312.055, 'fission_rate': 5.605020072991664e+19, 'Dg_D1_scale': 1.9707655855158355, 'Dg_D3_scale': 2.771618789508473, 'Dv_D1_scale': 0.2537692371659659, 'Dv_D2_scale': 2.5349993337337513, 'b_bulk_scale': 0.20775040536155975, 'b_dislocation_scale': 0.21299781884998795, 'gb_scale': 6.1489957808418305, 'gd_bubble_scale': 0.40950017615133333, 'gd_line_scale': 9.942651807870615, 'gd_line_alpha': 0.7395759953916646, 'coalescence_d_scale': 0.21048564528091315, 'capture_scale': 3.3157470659520625}. Best is trial 394 with value: 2.105730963119322.
[I 2026-05-02 22:07:04,056] Trial 426 finished with value: 2.1269138135341414 and parameters: {'f_n': 1.4460028625588321e-06, 'K_d': 172814.58358951155, 'rho_d': 30405452653867.766, 'fission_rate': 6.843587307361565e+19, 'Dg_D1_scale': 1.9044128628114692, 'Dg_D3_scale': 3.0719072021798226, 'Dv_D1_scale': 0.22956374196099863, 'Dv_D2_scale': 3.055219231635853, 'b_bulk_scale': 0.17512297744774694, 'b_dislocation_scale': 0.17101969320484886, 'gb_scale': 7.220339775258009, 'gd_bubble_scale': 0.3437479881142601, 'gd_line_scale': 6.133652491165356, 'gd_line_alpha': 0.7924014720232783, 'coalescence_d_scale': 0.2301506920528929, 'capture_scale': 2.1238257454489147}. Best is trial 394 with value: 2.105730963119322.
[I 2026-05-02 22:07:07,944] Trial 427 finished with value: 2.1266934849831047 and parameters: {'f_n': 1.501503140164628e-06, 'K_d': 174303.22889406484, 'rho_d': 35096735642873.945, 'fission_rate': 5.256691114216933e+19, 'Dg_D1_scale': 1.9111513695143219, 'Dg_D3_scale': 3.0658392497458804, 'Dv_D1_scale': 0.22426424889666205, 'Dv_D2_scale': 2.9900696861768834, 'b_bulk_scale': 0.1945499012785796, 'b_dislocation_scale': 0.17158564568423157, 'gb_scale': 6.908028976752288, 'gd_bubble_scale': 0.5817026615740046, 'gd_line_scale': 5.596636043170091, 'gd_line_alpha': 0.793761841829011, 'coalescence_d_scale': 0.23287389052322616, 'capture_scale': 1.9529639886701198}. Best is trial 394 with value: 2.105730963119322.
[I 2026-05-02 22:07:12,247] Trial 428 finished with value: 2.1421519350621425 and parameters: {'f_n': 1.4094221694311832e-06, 'K_d': 168777.54437190716, 'rho_d': 30424047492755.17, 'fission_rate': 6.967746084137023e+19, 'Dg_D1_scale': 1.8858264260966104, 'Dg_D3_scale': 2.350697473907384, 'Dv_D1_scale': 0.2258442289982719, 'Dv_D2_scale': 2.9782900891595268, 'b_bulk_scale': 0.19557194500359068, 'b_dislocation_scale': 0.16359201094181988, 'gb_scale': 5.693377900298279, 'gd_bubble_scale': 0.2928312448307545, 'gd_line_scale': 5.678253453573102, 'gd_line_alpha': 0.8276118099501574, 'coalescence_d_scale': 0.2252794262865384, 'capture_scale': 1.6645291763476906}. Best is trial 394 with value: 2.105730963119322.
[I 2026-05-02 22:07:17,746] Trial 429 finished with value: 2.2087918451944577 and parameters: {'f_n': 1.3756578155267236e-06, 'K_d': 173679.84153649956, 'rho_d': 34275471393205.465, 'fission_rate': 5.287909669246192e+19, 'Dg_D1_scale': 1.9221278137591882, 'Dg_D3_scale': 3.0779580515286398, 'Dv_D1_scale': 0.2229287163262413, 'Dv_D2_scale': 3.1125170461422225, 'b_bulk_scale': 0.21389577113204075, 'b_dislocation_scale': 0.16635951177032646, 'gb_scale': 6.549616627438716, 'gd_bubble_scale': 0.23893317561158453, 'gd_line_scale': 5.922801085296672, 'gd_line_alpha': 0.7936589416016328, 'coalescence_d_scale': 0.2400950615150396, 'capture_scale': 1.9161922230118593}. Best is trial 394 with value: 2.105730963119322.
[I 2026-05-02 22:07:22,181] Trial 430 finished with value: 2.208187631835856 and parameters: {'f_n': 1.647315067057422e-06, 'K_d': 176134.17032032707, 'rho_d': 37981416116573.484, 'fission_rate': 6.738604587511991e+19, 'Dg_D1_scale': 2.058872187666389, 'Dg_D3_scale': 3.2492597425591105, 'Dv_D1_scale': 0.22260393569336226, 'Dv_D2_scale': 3.0964627257227453, 'b_bulk_scale': 0.16728740999279226, 'b_dislocation_scale': 0.15001694555658895, 'gb_scale': 6.759893733610967, 'gd_bubble_scale': 0.5909626856178404, 'gd_line_scale': 5.826139727168758, 'gd_line_alpha': 0.7627333484177798, 'coalescence_d_scale': 0.22189977251467993, 'capture_scale': 2.260926074871674}. Best is trial 394 with value: 2.105730963119322.
[I 2026-05-02 22:07:27,825] Trial 431 finished with value: 2.3184364251924086 and parameters: {'f_n': 1.3403345700111075e-06, 'K_d': 168038.10018884, 'rho_d': 35705831206163.2, 'fission_rate': 5.145342010952317e+19, 'Dg_D1_scale': 1.904326861178075, 'Dg_D3_scale': 2.629589558954274, 'Dv_D1_scale': 0.2514821754214533, 'Dv_D2_scale': 2.774201407129896, 'b_bulk_scale': 0.23715627787233368, 'b_dislocation_scale': 0.17380349632704914, 'gb_scale': 7.205338438714732, 'gd_bubble_scale': 0.48131353070515226, 'gd_line_scale': 6.251122567608757, 'gd_line_alpha': 0.7865631701108233, 'coalescence_d_scale': 0.17636211519477127, 'capture_scale': 2.0711614807978953}. Best is trial 394 with value: 2.105730963119322.
