[I 2026-05-02 22:23:59,068] Trial 648 finished with value: 2.169756258785263 and parameters: {'f_n': 1.9705441600567903e-06, 'K_d': 178407.3467506794, 'rho_d': 40707210060131.805, 'fission_rate': 6.3043504217367224e+19, 'Dg_D1_scale': 0.45291939787770313, 'Dg_D3_scale': 2.9137196386862594, 'Dv_D1_scale': 0.23560477423185536, 'Dv_D2_scale': 3.096047507607394, 'b_bulk_scale': 0.19644017284126938, 'b_dislocation_scale': 0.12947399014395133, 'gb_scale': 4.556880492351379, 'gd_bubble_scale': 0.5894217914342434, 'gd_line_scale': 4.398810091007825, 'gd_line_alpha': 0.8471860955823266, 'coalescence_d_scale': 0.2672846930104066, 'capture_scale': 3.871116737293169}. Best is trial 444 with value: 2.0614202321115003.Best trial: 444. Best value: 2.06142:  43%|████▎     | 648/1500 [46:19<1:07:05,  4.73s/it]Best trial: 444. Best value: 2.06142:  43%|████▎     | 648/1500 [46:19<1:07:05,  4.73s/it]Best trial: 444. Best value: 2.06142:  43%|████▎     | 649/1500 [46:19<1:00:13,  4.25s/it]                                                                                          Best trial: 444. Best value: 2.06142:  43%|████▎     | 649/1500 [46:23<1:00:13,  4.25s/it]Best trial: 444. Best value: 2.06142:  43%|████▎     | 649/1500 [46:23<1:00:13,  4.25s/it]Best trial: 444. Best value: 2.06142:  43%|████▎     | 650/1500 [46:23<1:01:53,  4.37s/it]                                                                                          Best trial: 444. Best value: 2.06142:  43%|████▎     | 650/1500 [46:28<1:01:53,  4.37s/it]Best trial: 444. Best value: 2.06142:  43%|████▎     | 650/1500 [46:28<1:01:53,  4.37s/it]Best trial: 444. Best value: 2.06142:  43%|████▎     | 651/1500 [46:28<1:03:30,  4.49s/it]                                                                                          Best trial: 444. Best value: 2.06142:  43%|████▎     | 651/1500 [46:33<1:03:30,  4.49s/it]Best trial: 444. Best value: 2.06142:  43%|████▎     | 651/1500 [46:33<1:03:30,  4.49s/it]Best trial: 444. Best value: 2.06142:  43%|████▎     | 652/1500 [46:33<1:04:54,  4.59s/it]                                                                                          Best trial: 444. Best value: 2.06142:  43%|████▎     | 652/1500 [46:37<1:04:54,  4.59s/it]Best trial: 444. Best value: 2.06142:  43%|████▎     | 652/1500 [46:37<1:04:54,  4.59s/it]Best trial: 444. Best value: 2.06142:  44%|████▎     | 653/1500 [46:37<1:05:01,  4.61s/it]                                                                                          Best trial: 444. Best value: 2.06142:  44%|████▎     | 653/1500 [46:42<1:05:01,  4.61s/it]Best trial: 444. Best value: 2.06142:  44%|████▎     | 653/1500 [46:42<1:05:01,  4.61s/it]Best trial: 444. Best value: 2.06142:  44%|████▎     | 654/1500 [46:42<1:05:59,  4.68s/it]                                                                                          Best trial: 444. Best value: 2.06142:  44%|████▎     | 654/1500 [46:46<1:05:59,  4.68s/it]Best trial: 444. Best value: 2.06142:  44%|████▎     | 654/1500 [46:46<1:05:59,  4.68s/it]Best trial: 444. Best value: 2.06142:  44%|████▎     | 655/1500 [46:46<1:00:27,  4.29s/it]                                                                                          Best trial: 444. Best value: 2.06142:  44%|████▎     | 655/1500 [46:51<1:00:27,  4.29s/it]Best trial: 444. Best value: 2.06142:  44%|████▎     | 655/1500 [46:51<1:00:27,  4.29s/it]Best trial: 444. Best value: 2.06142:  44%|████▎     | 656/1500 [46:51<1:02:46,  4.46s/it]                                                                                          Best trial: 444. Best value: 2.06142:  44%|████▎     | 656/1500 [46:55<1:02:46,  4.46s/it]Best trial: 444. Best value: 2.06142:  44%|████▎     | 656/1500 [46:56<1:02:46,  4.46s/it]Best trial: 444. Best value: 2.06142:  44%|████▍     | 657/1500 [46:56<1:04:34,  4.60s/it]                                                                                          Best trial: 444. Best value: 2.06142:  44%|████▍     | 657/1500 [47:00<1:04:34,  4.60s/it]Best trial: 444. Best value: 2.06142:  44%|████▍     | 657/1500 [47:00<1:04:34,  4.60s/it]Best trial: 444. Best value: 2.06142:  44%|████▍     | 658/1500 [47:00<1:06:02,  4.71s/it]                                                                                          Best trial: 444. Best value: 2.06142:  44%|████▍     | 658/1500 [47:05<1:06:02,  4.71s/it]Best trial: 444. Best value: 2.06142:  44%|████▍     | 658/1500 [47:05<1:06:02,  4.71s/it]Best trial: 444. Best value: 2.06142:  44%|████▍     | 659/1500 [47:05<1:06:50,  4.77s/it]                                                                                          Best trial: 444. Best value: 2.06142:  44%|████▍     | 659/1500 [47:10<1:06:50,  4.77s/it]Best trial: 444. Best value: 2.06142:  44%|████▍     | 659/1500 [47:10<1:06:50,  4.77s/it]Best trial: 444. Best value: 2.06142:  44%|████▍     | 660/1500 [47:10<1:06:56,  4.78s/it]                                                                                          
[I 2026-05-02 22:24:03,718] Trial 649 finished with value: 2.3848255804131053 and parameters: {'f_n': 8.491933170754565e-07, 'K_d': 174664.9626682373, 'rho_d': 37768326750202.45, 'fission_rate': 6.382272117179635e+19, 'Dg_D1_scale': 0.43355701508232286, 'Dg_D3_scale': 3.082791636538054, 'Dv_D1_scale': 0.24667793324134185, 'Dv_D2_scale': 3.3596309335927987, 'b_bulk_scale': 0.2259739696066828, 'b_dislocation_scale': 0.13094240248346062, 'gb_scale': 5.13937881419096, 'gd_bubble_scale': 0.5375608574535982, 'gd_line_scale': 4.819399864027652, 'gd_line_alpha': 0.8693463541208954, 'coalescence_d_scale': 0.24373541866554269, 'capture_scale': 3.1192804462832804}. Best is trial 444 with value: 2.0614202321115003.
[I 2026-05-02 22:24:08,488] Trial 650 finished with value: 2.301442666781153 and parameters: {'f_n': 2.246973057912714e-06, 'K_d': 161852.1061913983, 'rho_d': 41845383673695.12, 'fission_rate': 6.235900582925632e+19, 'Dg_D1_scale': 0.5953790473153565, 'Dg_D3_scale': 0.6444537852131648, 'Dv_D1_scale': 0.2706456014760662, 'Dv_D2_scale': 3.0595032056658695, 'b_bulk_scale': 0.19038429808053167, 'b_dislocation_scale': 0.10325765979472509, 'gb_scale': 3.645286149507296, 'gd_bubble_scale': 0.49186385136102095, 'gd_line_scale': 3.9862681154639437, 'gd_line_alpha': 0.8905974556407794, 'coalescence_d_scale': 0.426735001785086, 'capture_scale': 2.760431668526414}. Best is trial 444 with value: 2.0614202321115003.
[I 2026-05-02 22:24:13,328] Trial 651 finished with value: 2.9530791464847628 and parameters: {'f_n': 1.189741876438199e-06, 'K_d': 179220.79602770865, 'rho_d': 10896077848401.23, 'fission_rate': 6.127481395294545e+19, 'Dg_D1_scale': 0.4741023309697305, 'Dg_D3_scale': 2.7713445196068567, 'Dv_D1_scale': 0.2411989058750455, 'Dv_D2_scale': 2.9566787402011068, 'b_bulk_scale': 0.20496066831326068, 'b_dislocation_scale': 0.11837442624611248, 'gb_scale': 4.777408914251239, 'gd_bubble_scale': 0.6031778533216184, 'gd_line_scale': 5.030616680902324, 'gd_line_alpha': 0.8389238036925143, 'coalescence_d_scale': 0.3304493713565256, 'capture_scale': 2.5538875017025133}. Best is trial 444 with value: 2.0614202321115003.
[I 2026-05-02 22:24:17,962] Trial 652 finished with value: 2.2086727339281205 and parameters: {'f_n': 1.5547298285690866e-06, 'K_d': 186103.09033852917, 'rho_d': 39027820379620.836, 'fission_rate': 6.422916088236373e+19, 'Dg_D1_scale': 0.8137511438028413, 'Dg_D3_scale': 3.2218172923927497, 'Dv_D1_scale': 0.28871315480655724, 'Dv_D2_scale': 3.18175442415741, 'b_bulk_scale': 0.22720305552279244, 'b_dislocation_scale': 0.13372275137375372, 'gb_scale': 5.657046264714456, 'gd_bubble_scale': 0.410868779838331, 'gd_line_scale': 4.347021722352629, 'gd_line_alpha': 0.8587117849135445, 'coalescence_d_scale': 0.28505526271956083, 'capture_scale': 3.1199178895515844}. Best is trial 444 with value: 2.0614202321115003.
[I 2026-05-02 22:24:22,817] Trial 653 finished with value: 2.078642214221828 and parameters: {'f_n': 1.7315234799498954e-06, 'K_d': 167425.53238771483, 'rho_d': 37366707727156.73, 'fission_rate': 6.169263551851966e+19, 'Dg_D1_scale': 0.3688942840662072, 'Dg_D3_scale': 3.284556175634182, 'Dv_D1_scale': 0.2647818584930329, 'Dv_D2_scale': 3.412625651197952, 'b_bulk_scale': 0.18700350948222325, 'b_dislocation_scale': 0.11436156016549565, 'gb_scale': 5.450428069515193, 'gd_bubble_scale': 0.5380130010451668, 'gd_line_scale': 3.7488207447824564, 'gd_line_alpha': 0.8382070534504958, 'coalescence_d_scale': 0.36564661486908934, 'capture_scale': 3.750186257750026}. Best is trial 444 with value: 2.0614202321115003.
[I 2026-05-02 22:24:26,198] Trial 654 finished with value: 2.106751607411594 and parameters: {'f_n': 1.3347111925669e-06, 'K_d': 170980.5948484259, 'rho_d': 37000138897798.336, 'fission_rate': 6.07563617336329e+19, 'Dg_D1_scale': 0.3329041088782097, 'Dg_D3_scale': 3.028505050994316, 'Dv_D1_scale': 0.23381448453196704, 'Dv_D2_scale': 3.532738031147287, 'b_bulk_scale': 0.19467080354808394, 'b_dislocation_scale': 0.12893422149845504, 'gb_scale': 4.186644468490742, 'gd_bubble_scale': 0.548048015272502, 'gd_line_scale': 3.7797009912994706, 'gd_line_alpha': 0.8415304714662526, 'coalescence_d_scale': 0.40995476286493593, 'capture_scale': 3.8055118419798486}. Best is trial 444 with value: 2.0614202321115003.
[I 2026-05-02 22:24:31,062] Trial 655 finished with value: 2.5945255079311274 and parameters: {'f_n': 1.0524860329997058e-06, 'K_d': 168939.34013136302, 'rho_d': 43125686226055.64, 'fission_rate': 6.118273023050362e+19, 'Dg_D1_scale': 0.358922522068235, 'Dg_D3_scale': 2.7662069323375187, 'Dv_D1_scale': 0.2580343725395926, 'Dv_D2_scale': 3.6545007717923323, 'b_bulk_scale': 0.23834261546086788, 'b_dislocation_scale': 0.11225910584579726, 'gb_scale': 4.2067944214217, 'gd_bubble_scale': 0.5434271818688046, 'gd_line_scale': 3.7517873268219506, 'gd_line_alpha': 0.860937387901781, 'coalescence_d_scale': 0.4729502114245113, 'capture_scale': 4.010150734412424}. Best is trial 444 with value: 2.0614202321115003.
[I 2026-05-02 22:24:35,972] Trial 656 finished with value: 2.320337371447565 and parameters: {'f_n': 7.524302530092964e-07, 'K_d': 163384.84829323846, 'rho_d': 37047916677905.375, 'fission_rate': 6.020064312643804e+19, 'Dg_D1_scale': 0.567162222169871, 'Dg_D3_scale': 2.9033508573136126, 'Dv_D1_scale': 0.24390429316077353, 'Dv_D2_scale': 3.5767950159363724, 'b_bulk_scale': 0.20934063841088718, 'b_dislocation_scale': 0.11081136879674672, 'gb_scale': 4.750417186304914, 'gd_bubble_scale': 0.46775272957691055, 'gd_line_scale': 3.5443669108463487, 'gd_line_alpha': 0.8984317190479842, 'coalescence_d_scale': 0.476458112515937, 'capture_scale': 3.865583825713549}. Best is trial 444 with value: 2.0614202321115003.
[I 2026-05-02 22:24:40,933] Trial 657 finished with value: 2.3896175306565968 and parameters: {'f_n': 1.2995296953699508e-06, 'K_d': 156202.6844765638, 'rho_d': 39846757924897.23, 'fission_rate': 6.055804559097308e+19, 'Dg_D1_scale': 0.3626905766132546, 'Dg_D3_scale': 3.104890188117138, 'Dv_D1_scale': 0.2567007330402592, 'Dv_D2_scale': 3.482628798077011, 'b_bulk_scale': 0.20297755921034297, 'b_dislocation_scale': 0.09739922591250834, 'gb_scale': 5.001653212272089, 'gd_bubble_scale': 0.6311568475448361, 'gd_line_scale': 3.826232283347597, 'gd_line_alpha': 0.8449920951805642, 'coalescence_d_scale': 0.424862853370386, 'capture_scale': 3.4631136198157897}. Best is trial 444 with value: 2.0614202321115003.
[I 2026-05-02 22:24:45,849] Trial 658 finished with value: 2.356911356807087 and parameters: {'f_n': 9.597290989243046e-07, 'K_d': 165854.8112775435, 'rho_d': 37110641878647.61, 'fission_rate': 6.124950041592121e+19, 'Dg_D1_scale': 0.3518261993798666, 'Dg_D3_scale': 2.7358489845336815, 'Dv_D1_scale': 0.23398842326178007, 'Dv_D2_scale': 3.4250001217916615, 'b_bulk_scale': 0.18846510253646556, 'b_dislocation_scale': 0.09499908141965158, 'gb_scale': 4.0661520359109735, 'gd_bubble_scale': 0.5395229021235673, 'gd_line_scale': 3.6505179586455285, 'gd_line_alpha': 0.8704183351929757, 'coalescence_d_scale': 0.4108052772197002, 'capture_scale': 3.4193021347003643}. Best is trial 444 with value: 2.0614202321115003.
[I 2026-05-02 22:24:50,662] Trial 659 finished with value: 2.318632164649603 and parameters: {'f_n': 1.2644348587244812e-06, 'K_d': 171888.31206285677, 'rho_d': 40911812833928.234, 'fission_rate': 6.208113071499424e+19, 'Dg_D1_scale': 0.48851501872989617, 'Dg_D3_scale': 3.0479643445202007, 'Dv_D1_scale': 0.24480401993198345, 'Dv_D2_scale': 3.7042805676709105, 'b_bulk_scale': 0.23482480459028585, 'b_dislocation_scale': 0.12577594093037847, 'gb_scale': 4.593629994885582, 'gd_bubble_scale': 0.5916257298329174, 'gd_line_scale': 3.958813608535083, 'gd_line_alpha': 0.8335562079867318, 'coalescence_d_scale': 0.3924375190511291, 'capture_scale': 2.826099986684714}. Best is trial 444 with value: 2.0614202321115003.
[I 2026-05-02 22:24:55,599] Trial 660 finished with value: 2.351008577684482 and parameters: {'f_n': 1.0346407700285635e-06, 'K_d': 168022.46122772893, 'rho_d': 38422787207278.086, 'fission_rate': 5.971698063071351e+19, 'Dg_D1_scale': 0.303973023274444, 'Dg_D3_scale': 2.9432413557034587, 'Dv_D1_scale': 0.26131428252580036, 'Dv_D2_scale': 3.419007939987625, 'b_bulk_scale': 0.18995765831148687, 'b_dislocation_scale': 0.10728223801393415, 'gb_scale': 5.258792909242889, 'gd_bubble_scale': 0.44964980118369907, 'gd_line_scale': 4.183841830612354, 'gd_line_alpha': 0.8475699427686437, 'coalescence_d_scale': 0.45769633678310895, 'capture_scale': 3.431614945504944}. Best is trial 444 with value: 2.0614202321115003.Best trial: 444. Best value: 2.06142:  44%|████▍     | 660/1500 [47:15<1:06:56,  4.78s/it]Best trial: 444. Best value: 2.06142:  44%|████▍     | 660/1500 [47:15<1:06:56,  4.78s/it]Best trial: 444. Best value: 2.06142:  44%|████▍     | 661/1500 [47:15<1:07:32,  4.83s/it]                                                                                          Best trial: 444. Best value: 2.06142:  44%|████▍     | 661/1500 [47:18<1:07:32,  4.83s/it]Best trial: 444. Best value: 2.06142:  44%|████▍     | 661/1500 [47:18<1:07:32,  4.83s/it]Best trial: 444. Best value: 2.06142:  44%|████▍     | 662/1500 [47:18<1:00:38,  4.34s/it]                                                                                          Best trial: 444. Best value: 2.06142:  44%|████▍     | 662/1500 [47:23<1:00:38,  4.34s/it]Best trial: 444. Best value: 2.06142:  44%|████▍     | 662/1500 [47:23<1:00:38,  4.34s/it]Best trial: 444. Best value: 2.06142:  44%|████▍     | 663/1500 [47:23<1:02:33,  4.48s/it]                                                                                          Best trial: 444. Best value: 2.06142:  44%|████▍     | 663/1500 [47:28<1:02:33,  4.48s/it]Best trial: 444. Best value: 2.06142:  44%|████▍     | 663/1500 [47:28<1:02:33,  4.48s/it]Best trial: 444. Best value: 2.06142:  44%|████▍     | 664/1500 [47:28<1:04:12,  4.61s/it]                                                                                          Best trial: 444. Best value: 2.06142:  44%|████▍     | 664/1500 [47:33<1:04:12,  4.61s/it]Best trial: 444. Best value: 2.06142:  44%|████▍     | 664/1500 [47:33<1:04:12,  4.61s/it]Best trial: 444. Best value: 2.06142:  44%|████▍     | 665/1500 [47:33<1:05:05,  4.68s/it]                                                                                          Best trial: 444. Best value: 2.06142:  44%|████▍     | 665/1500 [47:38<1:05:05,  4.68s/it]Best trial: 444. Best value: 2.06142:  44%|████▍     | 665/1500 [47:38<1:05:05,  4.68s/it]Best trial: 444. Best value: 2.06142:  44%|████▍     | 666/1500 [47:38<1:06:13,  4.76s/it]                                                                                          Best trial: 444. Best value: 2.06142:  44%|████▍     | 666/1500 [47:43<1:06:13,  4.76s/it]Best trial: 444. Best value: 2.06142:  44%|████▍     | 666/1500 [47:43<1:06:13,  4.76s/it]Best trial: 444. Best value: 2.06142:  44%|████▍     | 667/1500 [47:43<1:06:48,  4.81s/it]                                                                                          Best trial: 444. Best value: 2.06142:  44%|████▍     | 667/1500 [47:46<1:06:48,  4.81s/it]Best trial: 444. Best value: 2.06142:  44%|████▍     | 667/1500 [47:46<1:06:48,  4.81s/it]Best trial: 444. Best value: 2.06142:  45%|████▍     | 668/1500 [47:46<59:51,  4.32s/it]                                                                                          Best trial: 444. Best value: 2.06142:  45%|████▍     | 668/1500 [47:51<59:51,  4.32s/it]Best trial: 444. Best value: 2.06142:  45%|████▍     | 668/1500 [47:51<59:51,  4.32s/it]Best trial: 444. Best value: 2.06142:  45%|████▍     | 669/1500 [47:51<1:02:12,  4.49s/it]                                                                                          Best trial: 444. Best value: 2.06142:  45%|████▍     | 669/1500 [47:56<1:02:12,  4.49s/it]Best trial: 444. Best value: 2.06142:  45%|████▍     | 669/1500 [47:56<1:02:12,  4.49s/it]Best trial: 444. Best value: 2.06142:  45%|████▍     | 670/1500 [47:56<1:04:00,  4.63s/it]                                                                                          Best trial: 444. Best value: 2.06142:  45%|████▍     | 670/1500 [48:01<1:04:00,  4.63s/it]Best trial: 444. Best value: 2.06142:  45%|████▍     | 670/1500 [48:01<1:04:00,  4.63s/it]Best trial: 444. Best value: 2.06142:  45%|████▍     | 671/1500 [48:01<1:04:43,  4.68s/it]                                                                                          Best trial: 444. Best value: 2.06142:  45%|████▍     | 671/1500 [48:05<1:04:43,  4.68s/it]Best trial: 444. Best value: 2.06142:  45%|████▍     | 671/1500 [48:06<1:04:43,  4.68s/it]Best trial: 444. Best value: 2.06142:  45%|████▍     | 672/1500 [48:06<1:05:41,  4.76s/it]                                                                                          
[I 2026-05-02 22:24:58,807] Trial 661 finished with value: 2.0643880616281676 and parameters: {'f_n': 1.5123146548818053e-06, 'K_d': 162988.8557987969, 'rho_d': 36689301716266.87, 'fission_rate': 6.1780355890311725e+19, 'Dg_D1_scale': 0.33116154635977346, 'Dg_D3_scale': 3.234324164809656, 'Dv_D1_scale': 0.2317087381524249, 'Dv_D2_scale': 3.3680588563010034, 'b_bulk_scale': 0.2158998590334636, 'b_dislocation_scale': 0.11994243830634141, 'gb_scale': 5.4558936379727605, 'gd_bubble_scale': 0.5074917595246604, 'gd_line_scale': 3.3225323329067393, 'gd_line_alpha': 0.8362050510261148, 'coalescence_d_scale': 0.3690173992927626, 'capture_scale': 3.7868772000225768}. Best is trial 444 with value: 2.0614202321115003.
[I 2026-05-02 22:25:03,624] Trial 662 finished with value: 2.395110016624028 and parameters: {'f_n': 1.4086103440967718e-06, 'K_d': 165851.20411437584, 'rho_d': 43673858281048.41, 'fission_rate': 6.175728241213831e+19, 'Dg_D1_scale': 0.35211013471043306, 'Dg_D3_scale': 2.6431515697055206, 'Dv_D1_scale': 0.2348994558525034, 'Dv_D2_scale': 3.571349473743474, 'b_bulk_scale': 0.2409133000415489, 'b_dislocation_scale': 0.12068622734239533, 'gb_scale': 3.804613780251037, 'gd_bubble_scale': 0.5143011949228499, 'gd_line_scale': 3.58581308012565, 'gd_line_alpha': 0.2828732775919597, 'coalescence_d_scale': 0.4094181561939408, 'capture_scale': 4.666665725393993}. Best is trial 444 with value: 2.0614202321115003.
[I 2026-05-02 22:25:08,517] Trial 663 finished with value: 2.4141725688724254 and parameters: {'f_n': 1.134197322250714e-06, 'K_d': 162289.9277737909, 'rho_d': 41451119419234.93, 'fission_rate': 6.068531449722184e+19, 'Dg_D1_scale': 0.3323462813457907, 'Dg_D3_scale': 3.214350956781848, 'Dv_D1_scale': 0.28498803577790716, 'Dv_D2_scale': 3.4473124098804533, 'b_bulk_scale': 0.22311831006506033, 'b_dislocation_scale': 0.09940874975400815, 'gb_scale': 4.4555642018783885, 'gd_bubble_scale': 0.4513659704035012, 'gd_line_scale': 3.2604567310305734, 'gd_line_alpha': 0.8955777899510968, 'coalescence_d_scale': 0.37275622907072503, 'capture_scale': 4.156877574115621}. Best is trial 444 with value: 2.0614202321115003.
[I 2026-05-02 22:25:13,357] Trial 664 finished with value: 2.784612425651325 and parameters: {'f_n': 1.4506827404636171e-06, 'K_d': 163193.77457995087, 'rho_d': 37183303374730.87, 'fission_rate': 6.168978353607297e+19, 'Dg_D1_scale': 0.34708975834863415, 'Dg_D3_scale': 2.8363445103889164, 'Dv_D1_scale': 1.0676405913454905, 'Dv_D2_scale': 3.32389146775438, 'b_bulk_scale': 0.21635482098831496, 'b_dislocation_scale': 0.10833881949962489, 'gb_scale': 5.2651619636160305, 'gd_bubble_scale': 0.555282309078367, 'gd_line_scale': 3.4105716162439306, 'gd_line_alpha': 0.2632070354655248, 'coalescence_d_scale': 0.462435799835535, 'capture_scale': 3.8591779551489656}. Best is trial 444 with value: 2.0614202321115003.
[I 2026-05-02 22:25:18,323] Trial 665 finished with value: 2.090047123672841 and parameters: {'f_n': 9.384042188418969e-07, 'K_d': 176163.0116714299, 'rho_d': 39403643458274.63, 'fission_rate': 6.01635646934932e+19, 'Dg_D1_scale': 0.3878236047949791, 'Dg_D3_scale': 3.000819063611749, 'Dv_D1_scale': 0.2538123547449155, 'Dv_D2_scale': 3.628287219818459, 'b_bulk_scale': 0.2052923189947737, 'b_dislocation_scale': 0.12369173759359567, 'gb_scale': 4.847903804249388, 'gd_bubble_scale': 0.6248184386044477, 'gd_line_scale': 3.1129760477894624, 'gd_line_alpha': 0.8671714148815697, 'coalescence_d_scale': 0.41656566889992763, 'capture_scale': 3.7057320754634566}. Best is trial 444 with value: 2.0614202321115003.
