[I 2026-05-02 21:53:47,092] Trial 234 finished with value: 2.230420413746847 and parameters: {'f_n': 8.746598220473706e-07, 'K_d': 144150.19142572492, 'rho_d': 28536599908777.3, 'fission_rate': 7.925222798991827e+19, 'Dg_D1_scale': 3.6687566642742775, 'Dg_D3_scale': 0.1759187422648885, 'Dv_D1_scale': 0.26954137478238754, 'Dv_D2_scale': 3.778699605918848, 'b_bulk_scale': 0.2670440222125359, 'b_dislocation_scale': 0.3385999727848323, 'gb_scale': 1.4103401385451226, 'gd_bubble_scale': 0.13631907924351966, 'gd_line_scale': 4.542858115064459, 'gd_line_alpha': 0.9312748603134875, 'coalescence_d_scale': 0.5356628749527205, 'capture_scale': 0.01260808137565864}. Best is trial 209 with value: 2.20705021826913.
[I 2026-05-02 21:53:51,028] Trial 235 finished with value: 2.239691181020692 and parameters: {'f_n': 7.887151061307696e-07, 'K_d': 141590.6396839584, 'rho_d': 28530703278190.445, 'fission_rate': 7.907991080591077e+19, 'Dg_D1_scale': 3.5617357349870664, 'Dg_D3_scale': 0.17260228059378302, 'Dv_D1_scale': 0.2591897655473494, 'Dv_D2_scale': 3.719161829546513, 'b_bulk_scale': 0.2628793523211927, 'b_dislocation_scale': 0.33507703780870696, 'gb_scale': 1.8213330531078502, 'gd_bubble_scale': 0.13982261692724574, 'gd_line_scale': 4.430804828790917, 'gd_line_alpha': 0.9262877885751964, 'coalescence_d_scale': 0.511288199486252, 'capture_scale': 0.01691354001940826}. Best is trial 209 with value: 2.20705021826913.
[I 2026-05-02 21:53:54,991] Trial 236 finished with value: 2.2894027169083144 and parameters: {'f_n': 8.13751670488083e-07, 'K_d': 141999.06084011492, 'rho_d': 28559340994617.793, 'fission_rate': 7.911506153980364e+19, 'Dg_D1_scale': 3.871235539549152, 'Dg_D3_scale': 0.174150413342617, 'Dv_D1_scale': 0.24857578086598214, 'Dv_D2_scale': 3.669687765799247, 'b_bulk_scale': 0.2590289730825854, 'b_dislocation_scale': 0.3409092759630683, 'gb_scale': 1.8266469147530828, 'gd_bubble_scale': 0.1407912930260259, 'gd_line_scale': 4.033836584426005, 'gd_line_alpha': 0.920848744238272, 'coalescence_d_scale': 0.5085446764964283, 'capture_scale': 0.017046677239894635}. Best is trial 209 with value: 2.20705021826913.
[I 2026-05-02 21:53:58,932] Trial 237 finished with value: 2.2672826547301517 and parameters: {'f_n': 8.603338825681258e-07, 'K_d': 144568.39492046216, 'rho_d': 29125140367601.523, 'fission_rate': 7.911701973090497e+19, 'Dg_D1_scale': 3.6725227971205805, 'Dg_D3_scale': 0.15027821927407972, 'Dv_D1_scale': 0.2659215832566163, 'Dv_D2_scale': 3.7673688739802063, 'b_bulk_scale': 0.26565770502917546, 'b_dislocation_scale': 0.3924105051078118, 'gb_scale': 1.4014090718811454, 'gd_bubble_scale': 0.1339993502699898, 'gd_line_scale': 4.469005476760166, 'gd_line_alpha': 0.9350191923789262, 'coalescence_d_scale': 0.613688891591453, 'capture_scale': 0.012502454691710957}. Best is trial 209 with value: 2.20705021826913.
[I 2026-05-02 21:54:02,856] Trial 238 finished with value: 2.27076790935395 and parameters: {'f_n': 7.96110916418965e-07, 'K_d': 142789.35357064332, 'rho_d': 29490194129811.992, 'fission_rate': 7.908910542887654e+19, 'Dg_D1_scale': 3.5260878484694613, 'Dg_D3_scale': 0.1536002967053534, 'Dv_D1_scale': 0.26173399988737667, 'Dv_D2_scale': 3.7572971272044993, 'b_bulk_scale': 0.265596519944635, 'b_dislocation_scale': 0.4136534880686093, 'gb_scale': 1.4266768834060337, 'gd_bubble_scale': 0.13822956681869988, 'gd_line_scale': 4.497272883941841, 'gd_line_alpha': 0.8770971420263118, 'coalescence_d_scale': 0.5991439520440115, 'capture_scale': 0.012146384372569893}. Best is trial 209 with value: 2.20705021826913.
[I 2026-05-02 21:54:06,794] Trial 239 finished with value: 2.2625997431195723 and parameters: {'f_n': 7.430255723994775e-07, 'K_d': 139280.2925856175, 'rho_d': 29243909952902.0, 'fission_rate': 7.90066567662866e+19, 'Dg_D1_scale': 3.6145131515392297, 'Dg_D3_scale': 0.15056840732757049, 'Dv_D1_scale': 0.25894467472700644, 'Dv_D2_scale': 3.7266712115221488, 'b_bulk_scale': 0.2701809902915836, 'b_dislocation_scale': 0.40459985460461034, 'gb_scale': 1.431054975552124, 'gd_bubble_scale': 0.1443170719374685, 'gd_line_scale': 4.599066863822877, 'gd_line_alpha': 0.8787733209834724, 'coalescence_d_scale': 0.5988415967336084, 'capture_scale': 0.012053778171316684}. Best is trial 209 with value: 2.20705021826913.
[I 2026-05-02 21:54:10,723] Trial 240 finished with value: 2.2831722226578983 and parameters: {'f_n': 7.641939521673572e-07, 'K_d': 140394.5613251021, 'rho_d': 29296182116104.727, 'fission_rate': 7.89766425835451e+19, 'Dg_D1_scale': 3.6349685144434605, 'Dg_D3_scale': 0.15027915783489712, 'Dv_D1_scale': 0.25956032706920046, 'Dv_D2_scale': 3.741793774572682, 'b_bulk_scale': 0.27392333161977683, 'b_dislocation_scale': 0.39447017383476246, 'gb_scale': 1.3914480198445616, 'gd_bubble_scale': 0.1513871023172255, 'gd_line_scale': 4.511960961348767, 'gd_line_alpha': 0.8823261923808168, 'coalescence_d_scale': 0.7208434688743369, 'capture_scale': 0.012239135268337822}. Best is trial 209 with value: 2.20705021826913.Best trial: 209. Best value: 2.20705:  16%|█▌        | 240/1500 [16:30<1:20:56,  3.85s/it]Best trial: 209. Best value: 2.20705:  16%|█▌        | 240/1500 [16:30<1:20:56,  3.85s/it]Best trial: 209. Best value: 2.20705:  16%|█▌        | 241/1500 [16:30<1:21:20,  3.88s/it]                                                                                          Best trial: 209. Best value: 2.20705:  16%|█▌        | 241/1500 [16:34<1:21:20,  3.88s/it]Best trial: 209. Best value: 2.20705:  16%|█▌        | 241/1500 [16:34<1:21:20,  3.88s/it]Best trial: 209. Best value: 2.20705:  16%|█▌        | 242/1500 [16:34<1:21:37,  3.89s/it]                                                                                          Best trial: 209. Best value: 2.20705:  16%|█▌        | 242/1500 [16:38<1:21:37,  3.89s/it]Best trial: 209. Best value: 2.20705:  16%|█▌        | 242/1500 [16:38<1:21:37,  3.89s/it]Best trial: 209. Best value: 2.20705:  16%|█▌        | 243/1500 [16:38<1:21:45,  3.90s/it]                                                                                          Best trial: 209. Best value: 2.20705:  16%|█▌        | 243/1500 [16:40<1:21:45,  3.90s/it]Best trial: 209. Best value: 2.20705:  16%|█▌        | 243/1500 [16:40<1:21:45,  3.90s/it]Best trial: 209. Best value: 2.20705:  16%|█▋        | 244/1500 [16:40<1:11:06,  3.40s/it]                                                                                          Best trial: 209. Best value: 2.20705:  16%|█▋        | 244/1500 [16:44<1:11:06,  3.40s/it]Best trial: 209. Best value: 2.20705:  16%|█▋        | 244/1500 [16:44<1:11:06,  3.40s/it]Best trial: 209. Best value: 2.20705:  16%|█▋        | 245/1500 [16:44<1:14:30,  3.56s/it]                                                                                          Best trial: 209. Best value: 2.20705:  16%|█▋        | 245/1500 [16:48<1:14:30,  3.56s/it]Best trial: 209. Best value: 2.20705:  16%|█▋        | 245/1500 [16:48<1:14:30,  3.56s/it]Best trial: 209. Best value: 2.20705:  16%|█▋        | 246/1500 [16:48<1:18:02,  3.73s/it]                                                                                          Best trial: 209. Best value: 2.20705:  16%|█▋        | 246/1500 [16:52<1:18:02,  3.73s/it]Best trial: 209. Best value: 2.20705:  16%|█▋        | 246/1500 [16:52<1:18:02,  3.73s/it]Best trial: 209. Best value: 2.20705:  16%|█▋        | 247/1500 [16:52<1:19:16,  3.80s/it]                                                                                          Best trial: 209. Best value: 2.20705:  16%|█▋        | 247/1500 [16:56<1:19:16,  3.80s/it]Best trial: 209. Best value: 2.20705:  16%|█▋        | 247/1500 [16:56<1:19:16,  3.80s/it]Best trial: 209. Best value: 2.20705:  17%|█▋        | 248/1500 [16:56<1:20:14,  3.85s/it]                                                                                          Best trial: 209. Best value: 2.20705:  17%|█▋        | 248/1500 [17:00<1:20:14,  3.85s/it]Best trial: 209. Best value: 2.20705:  17%|█▋        | 248/1500 [17:00<1:20:14,  3.85s/it]Best trial: 209. Best value: 2.20705:  17%|█▋        | 249/1500 [17:00<1:20:50,  3.88s/it]                                                                                          Best trial: 209. Best value: 2.20705:  17%|█▋        | 249/1500 [17:04<1:20:50,  3.88s/it]Best trial: 209. Best value: 2.20705:  17%|█▋        | 249/1500 [17:04<1:20:50,  3.88s/it]Best trial: 209. Best value: 2.20705:  17%|█▋        | 250/1500 [17:04<1:21:36,  3.92s/it]                                                                                          Best trial: 209. Best value: 2.20705:  17%|█▋        | 250/1500 [17:08<1:21:36,  3.92s/it]Best trial: 209. Best value: 2.20705:  17%|█▋        | 250/1500 [17:08<1:21:36,  3.92s/it]Best trial: 209. Best value: 2.20705:  17%|█▋        | 251/1500 [17:08<1:21:46,  3.93s/it]                                                                                          Best trial: 209. Best value: 2.20705:  17%|█▋        | 251/1500 [17:10<1:21:46,  3.93s/it]Best trial: 209. Best value: 2.20705:  17%|█▋        | 251/1500 [17:11<1:21:46,  3.93s/it]Best trial: 209. Best value: 2.20705:  17%|█▋        | 252/1500 [17:11<1:11:51,  3.45s/it]                                                                                          
[I 2026-05-02 21:54:14,648] Trial 241 finished with value: 2.4104476599427644 and parameters: {'f_n': 9.236432114889993e-07, 'K_d': 142878.43434067717, 'rho_d': 28253119740304.81, 'fission_rate': 7.92110957408635e+19, 'Dg_D1_scale': 3.643500699915677, 'Dg_D3_scale': 0.16712433771034532, 'Dv_D1_scale': 0.24175506600574168, 'Dv_D2_scale': 3.7364724056235827, 'b_bulk_scale': 0.21453613773526178, 'b_dislocation_scale': 0.41428020838441915, 'gb_scale': 1.6296198362151313, 'gd_bubble_scale': 0.1373400180981676, 'gd_line_scale': 4.422641205600953, 'gd_line_alpha': 0.8878144392746231, 'coalescence_d_scale': 0.6150096062673849, 'capture_scale': 0.011953092374282635}. Best is trial 209 with value: 2.20705021826913.
[I 2026-05-02 21:54:18,577] Trial 242 finished with value: 2.3132119136321236 and parameters: {'f_n': 7.702871136171438e-07, 'K_d': 133816.95324807952, 'rho_d': 24292363259835.812, 'fission_rate': 7.894147368540155e+19, 'Dg_D1_scale': 2.875434956584742, 'Dg_D3_scale': 0.15091280560237857, 'Dv_D1_scale': 0.26435287584903905, 'Dv_D2_scale': 3.75599649953056, 'b_bulk_scale': 0.3345167365192556, 'b_dislocation_scale': 0.36108125028345783, 'gb_scale': 1.363872130217861, 'gd_bubble_scale': 0.13550310660927398, 'gd_line_scale': 4.610500874086306, 'gd_line_alpha': 0.9293821697551865, 'coalescence_d_scale': 0.5904385328997976, 'capture_scale': 0.01700149335089027}. Best is trial 209 with value: 2.20705021826913.
[I 2026-05-02 21:54:20,798] Trial 243 finished with value: 2.387167454428717 and parameters: {'f_n': 9.307869018473884e-07, 'K_d': 145349.6267134527, 'rho_d': 29835305414822.504, 'fission_rate': 7.910707809959902e+19, 'Dg_D1_scale': 3.516299395270534, 'Dg_D3_scale': 0.16792353351641057, 'Dv_D1_scale': 0.24650558735551145, 'Dv_D2_scale': 3.7571236588269734, 'b_bulk_scale': 0.25489858044736835, 'b_dislocation_scale': 0.43025011196177865, 'gb_scale': 1.5044382611138842, 'gd_bubble_scale': 0.15464810148297142, 'gd_line_scale': 3.9848407543400794, 'gd_line_alpha': 0.9967076570737069, 'coalescence_d_scale': 0.6513488278515258, 'capture_scale': 0.012752414630181712}. Best is trial 209 with value: 2.20705021826913.
[I 2026-05-02 21:54:24,744] Trial 244 finished with value: 2.252264636723788 and parameters: {'f_n': 7.20821758682639e-07, 'K_d': 159876.0142740313, 'rho_d': 27920502566683.19, 'fission_rate': 7.902487583981981e+19, 'Dg_D1_scale': 2.8091364225689084, 'Dg_D3_scale': 0.1594101364327759, 'Dv_D1_scale': 0.25831878082166415, 'Dv_D2_scale': 3.726216180739064, 'b_bulk_scale': 0.2402419248697486, 'b_dislocation_scale': 0.3641655511598893, 'gb_scale': 1.3070624410795477, 'gd_bubble_scale': 0.11609544610524988, 'gd_line_scale': 4.326710204597336, 'gd_line_alpha': 0.9743911188356542, 'coalescence_d_scale': 0.5613985703626598, 'capture_scale': 0.01657565052599165}. Best is trial 209 with value: 2.20705021826913.
[I 2026-05-02 21:54:28,879] Trial 245 finished with value: 2.2795806208942007 and parameters: {'f_n': 8.322710943525526e-07, 'K_d': 162439.6083040522, 'rho_d': 27926233103402.348, 'fission_rate': 7.909508314788941e+19, 'Dg_D1_scale': 2.783205966176385, 'Dg_D3_scale': 0.15821644780934824, 'Dv_D1_scale': 0.2617764338358225, 'Dv_D2_scale': 3.7160197654217035, 'b_bulk_scale': 0.232759388571225, 'b_dislocation_scale': 0.36730737051415446, 'gb_scale': 1.3056916288626466, 'gd_bubble_scale': 0.11283218029805085, 'gd_line_scale': 4.244357179692653, 'gd_line_alpha': 0.8872208276877701, 'coalescence_d_scale': 0.5716688959209316, 'capture_scale': 0.0161510728926254}. Best is trial 209 with value: 2.20705021826913.
[I 2026-05-02 21:54:32,819] Trial 246 finished with value: 2.56028432743105 and parameters: {'f_n': 7.180151584449507e-07, 'K_d': 161255.54086717448, 'rho_d': 29708077966176.35, 'fission_rate': 7.907226933603248e+19, 'Dg_D1_scale': 3.948272452905372, 'Dg_D3_scale': 0.15018922286934092, 'Dv_D1_scale': 0.26427205223367484, 'Dv_D2_scale': 3.7270120895949077, 'b_bulk_scale': 0.26449702665073194, 'b_dislocation_scale': 0.45674156279976696, 'gb_scale': 2.0379010957125385, 'gd_bubble_scale': 0.13584240899290634, 'gd_line_scale': 3.669405874717305, 'gd_line_alpha': 0.9721542162899073, 'coalescence_d_scale': 0.7687820609306836, 'capture_scale': 0.011535754889963994}. Best is trial 209 with value: 2.20705021826913.
[I 2026-05-02 21:54:36,779] Trial 247 finished with value: 2.4563201584443872 and parameters: {'f_n': 1.0602086511611872e-06, 'K_d': 138655.29820918484, 'rho_d': 27701888270674.562, 'fission_rate': 7.918236339891624e+19, 'Dg_D1_scale': 2.9688742230897853, 'Dg_D3_scale': 0.17421425324409315, 'Dv_D1_scale': 0.2458189502592046, 'Dv_D2_scale': 3.6132774919032595, 'b_bulk_scale': 0.22165193520820334, 'b_dislocation_scale': 0.39529271761198115, 'gb_scale': 1.7407187123953465, 'gd_bubble_scale': 0.11398014731451994, 'gd_line_scale': 4.5010024517139, 'gd_line_alpha': 0.9703190069291343, 'coalescence_d_scale': 0.5365080746764148, 'capture_scale': 0.01640819655125304}. Best is trial 209 with value: 2.20705021826913.
[I 2026-05-02 21:54:40,732] Trial 248 finished with value: 2.3232688154203043 and parameters: {'f_n': 6.185557746226817e-07, 'K_d': 145645.37261234413, 'rho_d': 23035781675851.867, 'fission_rate': 7.898088203768604e+19, 'Dg_D1_scale': 2.673948944511799, 'Dg_D3_scale': 0.1629611153625575, 'Dv_D1_scale': 0.26928622552095166, 'Dv_D2_scale': 3.993868315730578, 'b_bulk_scale': 0.33961218868235626, 'b_dislocation_scale': 0.28521223371170135, 'gb_scale': 1.478535072391724, 'gd_bubble_scale': 0.10439417651649975, 'gd_line_scale': 4.820005248824836, 'gd_line_alpha': 0.9289547528036078, 'coalescence_d_scale': 0.6561725098764137, 'capture_scale': 0.013284883487464545}. Best is trial 209 with value: 2.20705021826913.
[I 2026-05-02 21:54:44,744] Trial 249 finished with value: 2.285120971394597 and parameters: {'f_n': 9.605209935668173e-07, 'K_d': 132550.8936756002, 'rho_d': 25074579232601.684, 'fission_rate': 7.916362183258815e+19, 'Dg_D1_scale': 3.3651643033654843, 'Dg_D3_scale': 0.17398932381294976, 'Dv_D1_scale': 0.25357006965656637, 'Dv_D2_scale': 3.7623125535691258, 'b_bulk_scale': 0.40294786000635213, 'b_dislocation_scale': 0.3515808548220467, 'gb_scale': 1.2241111295725269, 'gd_bubble_scale': 0.14522408558946004, 'gd_line_scale': 4.185974564035044, 'gd_line_alpha': 0.9001905936370592, 'coalescence_d_scale': 0.49986803002600355, 'capture_scale': 0.017524746634441753}. Best is trial 209 with value: 2.20705021826913.
[I 2026-05-02 21:54:48,697] Trial 250 finished with value: 2.22162709035091 and parameters: {'f_n': 7.331737038210304e-07, 'K_d': 160147.6798570751, 'rho_d': 29210644239844.793, 'fission_rate': 7.998811229242029e+19, 'Dg_D1_scale': 3.752627106226006, 'Dg_D3_scale': 0.1618693524825983, 'Dv_D1_scale': 0.23441431225940929, 'Dv_D2_scale': 3.5956101168872165, 'b_bulk_scale': 0.2560703320520365, 'b_dislocation_scale': 0.3409459536094743, 'gb_scale': 1.585023062049817, 'gd_bubble_scale': 0.12947480004363732, 'gd_line_scale': 4.549319113797558, 'gd_line_alpha': 0.9369301809780664, 'coalescence_d_scale': 0.5797196668147252, 'capture_scale': 0.012890230920663048}. Best is trial 209 with value: 2.20705021826913.
[I 2026-05-02 21:54:51,046] Trial 251 finished with value: 2.2920108460489286 and parameters: {'f_n': 1.036800395274705e-06, 'K_d': 160155.14122315365, 'rho_d': 27423514548024.066, 'fission_rate': 7.93035987308217e+19, 'Dg_D1_scale': 3.7872555847646585, 'Dg_D3_scale': 0.17431665882692277, 'Dv_D1_scale': 0.23564947128922492, 'Dv_D2_scale': 3.566628629542097, 'b_bulk_scale': 0.2396870553101339, 'b_dislocation_scale': 0.22883279163117826, 'gb_scale': 1.6992221566088417, 'gd_bubble_scale': 0.11385110824243155, 'gd_line_scale': 5.519001686300592, 'gd_line_alpha': 0.966819518596185, 'coalescence_d_scale': 0.4813813320348807, 'capture_scale': 0.010047187172988201}. Best is trial 209 with value: 2.20705021826913.
