[I 2026-05-02 22:36:24,643] Trial 792 finished with value: 2.1471299083055566 and parameters: {'f_n': 2.278837810622648e-06, 'K_d': 126575.76079460577, 'rho_d': 54390005411135.27, 'fission_rate': 4.568092460714264e+19, 'Dg_D1_scale': 0.5086996544023348, 'Dg_D3_scale': 2.3793214749176723, 'Dv_D1_scale': 0.4332157607474317, 'Dv_D2_scale': 3.9996817481737756, 'b_bulk_scale': 0.5915230308598095, 'b_dislocation_scale': 0.05780176691263192, 'gb_scale': 2.711556480323456, 'gd_bubble_scale': 0.3142635520551538, 'gd_line_scale': 0.5907501980192872, 'gd_line_alpha': 0.9714166229644192, 'coalescence_d_scale': 0.5963539318089505, 'capture_scale': 0.41455154521339377}. Best is trial 756 with value: 2.012228641160978.Best trial: 756. Best value: 2.01223:  53%|█████▎    | 792/1500 [58:44<1:08:39,  5.82s/it]Best trial: 756. Best value: 2.01223:  53%|█████▎    | 792/1500 [58:44<1:08:39,  5.82s/it]Best trial: 756. Best value: 2.01223:  53%|█████▎    | 793/1500 [58:44<1:10:15,  5.96s/it]                                                                                          Best trial: 756. Best value: 2.01223:  53%|█████▎    | 793/1500 [58:51<1:10:15,  5.96s/it]Best trial: 756. Best value: 2.01223:  53%|█████▎    | 793/1500 [58:51<1:10:15,  5.96s/it]Best trial: 756. Best value: 2.01223:  53%|█████▎    | 794/1500 [58:51<1:11:57,  6.12s/it]                                                                                          Best trial: 756. Best value: 2.01223:  53%|█████▎    | 794/1500 [58:57<1:11:57,  6.12s/it]Best trial: 756. Best value: 2.01223:  53%|█████▎    | 794/1500 [58:57<1:11:57,  6.12s/it]Best trial: 756. Best value: 2.01223:  53%|█████▎    | 795/1500 [58:57<1:13:46,  6.28s/it]                                                                                          Best trial: 756. Best value: 2.01223:  53%|█████▎    | 795/1500 [59:02<1:13:46,  6.28s/it]Best trial: 756. Best value: 2.01223:  53%|█████▎    | 795/1500 [59:02<1:13:46,  6.28s/it]Best trial: 756. Best value: 2.01223:  53%|█████▎    | 796/1500 [59:02<1:08:19,  5.82s/it]                                                                                          Best trial: 756. Best value: 2.01223:  53%|█████▎    | 796/1500 [59:08<1:08:19,  5.82s/it]Best trial: 756. Best value: 2.01223:  53%|█████▎    | 796/1500 [59:09<1:08:19,  5.82s/it]Best trial: 756. Best value: 2.01223:  53%|█████▎    | 797/1500 [59:09<1:10:20,  6.00s/it]                                                                                          Best trial: 756. Best value: 2.01223:  53%|█████▎    | 797/1500 [59:15<1:10:20,  6.00s/it]Best trial: 756. Best value: 2.01223:  53%|█████▎    | 797/1500 [59:15<1:10:20,  6.00s/it]Best trial: 756. Best value: 2.01223:  53%|█████▎    | 798/1500 [59:15<1:11:45,  6.13s/it]                                                                                          Best trial: 756. Best value: 2.01223:  53%|█████▎    | 798/1500 [59:21<1:11:45,  6.13s/it]Best trial: 756. Best value: 2.01223:  53%|█████▎    | 798/1500 [59:21<1:11:45,  6.13s/it]Best trial: 756. Best value: 2.01223:  53%|█████▎    | 799/1500 [59:21<1:12:46,  6.23s/it]                                                                                          Best trial: 756. Best value: 2.01223:  53%|█████▎    | 799/1500 [59:28<1:12:46,  6.23s/it]Best trial: 756. Best value: 2.01223:  53%|█████▎    | 799/1500 [59:28<1:12:46,  6.23s/it]Best trial: 756. Best value: 2.01223:  53%|█████▎    | 800/1500 [59:28<1:13:32,  6.30s/it]                                                                                          Best trial: 756. Best value: 2.01223:  53%|█████▎    | 800/1500 [59:33<1:13:32,  6.30s/it]Best trial: 756. Best value: 2.01223:  53%|█████▎    | 800/1500 [59:33<1:13:32,  6.30s/it]Best trial: 756. Best value: 2.01223:  53%|█████▎    | 801/1500 [59:33<1:07:57,  5.83s/it]                                                                                          Best trial: 756. Best value: 2.01223:  53%|█████▎    | 801/1500 [59:39<1:07:57,  5.83s/it]Best trial: 756. Best value: 2.01223:  53%|█████▎    | 801/1500 [59:39<1:07:57,  5.83s/it]Best trial: 756. Best value: 2.01223:  53%|█████▎    | 802/1500 [59:39<1:09:51,  6.00s/it]                                                                                          Best trial: 756. Best value: 2.01223:  53%|█████▎    | 802/1500 [59:45<1:09:51,  6.00s/it]Best trial: 756. Best value: 2.01223:  53%|█████▎    | 802/1500 [59:45<1:09:51,  6.00s/it]Best trial: 756. Best value: 2.01223:  54%|█████▎    | 803/1500 [59:45<1:10:20,  6.06s/it]                                                                                          Best trial: 756. Best value: 2.01223:  54%|█████▎    | 803/1500 [59:52<1:10:20,  6.06s/it]Best trial: 756. Best value: 2.01223:  54%|█████▎    | 803/1500 [59:52<1:10:20,  6.06s/it]Best trial: 756. Best value: 2.01223:  54%|█████▎    | 804/1500 [59:52<1:12:09,  6.22s/it]                                                                                          
[I 2026-05-02 22:36:31,077] Trial 793 finished with value: 2.1554946172019043 and parameters: {'f_n': 2.0407698616866823e-06, 'K_d': 123326.12108527042, 'rho_d': 51568376194296.555, 'fission_rate': 4.620627542449623e+19, 'Dg_D1_scale': 0.4730847792880797, 'Dg_D3_scale': 2.4160778526019664, 'Dv_D1_scale': 0.43238907627544393, 'Dv_D2_scale': 3.744912027337529, 'b_bulk_scale': 1.004746331590423, 'b_dislocation_scale': 0.06766376526600751, 'gb_scale': 2.901220756062816, 'gd_bubble_scale': 0.2590151786293386, 'gd_line_scale': 0.5701596652068562, 'gd_line_alpha': 0.9892780141496526, 'coalescence_d_scale': 0.5415274371437789, 'capture_scale': 0.3423119180277231}. Best is trial 756 with value: 2.012228641160978.
[I 2026-05-02 22:36:37,799] Trial 794 finished with value: 2.106330978543618 and parameters: {'f_n': 1.8562375842562525e-06, 'K_d': 132521.48225937618, 'rho_d': 55669415602526.81, 'fission_rate': 4.3316421103358755e+19, 'Dg_D1_scale': 0.5084674859893434, 'Dg_D3_scale': 2.5522538721215677, 'Dv_D1_scale': 0.47471440550236016, 'Dv_D2_scale': 3.7495617880599528, 'b_bulk_scale': 0.5921605044904086, 'b_dislocation_scale': 0.08361145553321496, 'gb_scale': 2.343961354656647, 'gd_bubble_scale': 0.26611844170673016, 'gd_line_scale': 0.647454342882065, 'gd_line_alpha': 0.9980809978263134, 'coalescence_d_scale': 0.46236256118599706, 'capture_scale': 0.3477276473541}. Best is trial 756 with value: 2.012228641160978.
[I 2026-05-02 22:36:42,559] Trial 795 finished with value: 2.123256791028737 and parameters: {'f_n': 2.0842884055948372e-06, 'K_d': 119663.65244693564, 'rho_d': 52779225968576.04, 'fission_rate': 4.531659163932136e+19, 'Dg_D1_scale': 0.4494055349966348, 'Dg_D3_scale': 2.572186563004054, 'Dv_D1_scale': 0.45750126357946047, 'Dv_D2_scale': 3.970240381320735, 'b_bulk_scale': 0.866418571430263, 'b_dislocation_scale': 0.0718270138922559, 'gb_scale': 2.969889902893179, 'gd_bubble_scale': 0.3679170896126912, 'gd_line_scale': 0.49950370662431265, 'gd_line_alpha': 0.9800063121907397, 'coalescence_d_scale': 0.6574609850089241, 'capture_scale': 0.35765155403212934}. Best is trial 756 with value: 2.012228641160978.
[I 2026-05-02 22:36:48,985] Trial 796 finished with value: 2.0706941992141235 and parameters: {'f_n': 1.734979972290884e-06, 'K_d': 123555.60216288311, 'rho_d': 58498641141979.11, 'fission_rate': 4.449984383254066e+19, 'Dg_D1_scale': 0.4953865882028279, 'Dg_D3_scale': 2.7931417470716946, 'Dv_D1_scale': 0.4430589929104981, 'Dv_D2_scale': 3.8244450349397274, 'b_bulk_scale': 0.7390913861731639, 'b_dislocation_scale': 0.0743044021388291, 'gb_scale': 3.08754949744216, 'gd_bubble_scale': 0.27561037665670135, 'gd_line_scale': 0.5101952705923367, 'gd_line_alpha': 0.9713508914552895, 'coalescence_d_scale': 0.5419699426964768, 'capture_scale': 0.5086820549680063}. Best is trial 756 with value: 2.012228641160978.
[I 2026-05-02 22:36:55,416] Trial 797 finished with value: 2.464199314596058 and parameters: {'f_n': 2.2217256836353903e-06, 'K_d': 119752.49401460667, 'rho_d': 61426386360858.94, 'fission_rate': 4.462534276783965e+19, 'Dg_D1_scale': 0.48228352232871535, 'Dg_D3_scale': 2.249274888232766, 'Dv_D1_scale': 0.4085522527428702, 'Dv_D2_scale': 3.7677453893791415, 'b_bulk_scale': 0.7665977366216267, 'b_dislocation_scale': 0.07727441337899278, 'gb_scale': 2.5664544602170962, 'gd_bubble_scale': 0.29162465196200354, 'gd_line_scale': 0.684195515276047, 'gd_line_alpha': 0.9463567151332473, 'coalescence_d_scale': 0.7221782553829595, 'capture_scale': 0.5017294450520854}. Best is trial 756 with value: 2.012228641160978.
[I 2026-05-02 22:37:01,874] Trial 798 finished with value: 2.448344353469443 and parameters: {'f_n': 1.834740698187124e-06, 'K_d': 127196.05083800165, 'rho_d': 57798228057175.54, 'fission_rate': 4.443766233544894e+19, 'Dg_D1_scale': 0.5251376976072644, 'Dg_D3_scale': 2.6705123707404526, 'Dv_D1_scale': 0.4529215837068567, 'Dv_D2_scale': 3.7561157399110767, 'b_bulk_scale': 0.8584245177330289, 'b_dislocation_scale': 0.07705890354822789, 'gb_scale': 3.10795300758549, 'gd_bubble_scale': 0.2808165572435527, 'gd_line_scale': 0.7057157873329998, 'gd_line_alpha': 0.9504713933130979, 'coalescence_d_scale': 0.6189843488429707, 'capture_scale': 0.30497137747831193}. Best is trial 756 with value: 2.012228641160978.
[I 2026-05-02 22:37:08,350] Trial 799 finished with value: 2.162760424285012 and parameters: {'f_n': 2.215848248785438e-06, 'K_d': 113188.5241292313, 'rho_d': 53584834727968.3, 'fission_rate': 4.416643119637734e+19, 'Dg_D1_scale': 0.4352748261197818, 'Dg_D3_scale': 2.7260836615441257, 'Dv_D1_scale': 0.5073430430562264, 'Dv_D2_scale': 3.5714860137638147, 'b_bulk_scale': 0.6080838303444238, 'b_dislocation_scale': 0.07490717549613456, 'gb_scale': 3.3633137283494556, 'gd_bubble_scale': 0.30192771957390674, 'gd_line_scale': 0.750478645541846, 'gd_line_alpha': 0.9863403108148856, 'coalescence_d_scale': 0.546218610032624, 'capture_scale': 0.4545909904047323}. Best is trial 756 with value: 2.012228641160978.
[I 2026-05-02 22:37:13,088] Trial 800 finished with value: 2.3060582165519077 and parameters: {'f_n': 1.6800044712811527e-06, 'K_d': 115422.09558850784, 'rho_d': 56782664410072.95, 'fission_rate': 4.558170096604263e+19, 'Dg_D1_scale': 0.4976335532481157, 'Dg_D3_scale': 2.493496857600215, 'Dv_D1_scale': 0.43498960980986023, 'Dv_D2_scale': 3.8122518329259347, 'b_bulk_scale': 0.6961956594159975, 'b_dislocation_scale': 0.06270762810048268, 'gb_scale': 2.901638890002891, 'gd_bubble_scale': 0.2729652918142768, 'gd_line_scale': 0.6224485123968376, 'gd_line_alpha': 0.9613376985511279, 'coalescence_d_scale': 0.5394088038000058, 'capture_scale': 0.3743470990113984}. Best is trial 756 with value: 2.012228641160978.
[I 2026-05-02 22:37:19,492] Trial 801 finished with value: 2.084782631839638 and parameters: {'f_n': 2.3376042808148352e-06, 'K_d': 131393.40258741847, 'rho_d': 51166188921721.086, 'fission_rate': 4.4892874649526936e+19, 'Dg_D1_scale': 0.5336534789384442, 'Dg_D3_scale': 2.8028847146555296, 'Dv_D1_scale': 0.4104801506926439, 'Dv_D2_scale': 3.567691996360298, 'b_bulk_scale': 0.6843850413230973, 'b_dislocation_scale': 0.08850799985701337, 'gb_scale': 3.1366110589516385, 'gd_bubble_scale': 0.3086052609155071, 'gd_line_scale': 0.8146850642835084, 'gd_line_alpha': 0.9687598358358664, 'coalescence_d_scale': 0.49964692462225474, 'capture_scale': 0.5628379684122196}. Best is trial 756 with value: 2.012228641160978.
[I 2026-05-02 22:37:25,665] Trial 802 finished with value: 2.0713742717415164 and parameters: {'f_n': 1.676126340697555e-06, 'K_d': 125792.9352814611, 'rho_d': 63462821024445.914, 'fission_rate': 4.665273031161818e+19, 'Dg_D1_scale': 0.45392798872559414, 'Dg_D3_scale': 2.8463051535034625, 'Dv_D1_scale': 0.4731688147929843, 'Dv_D2_scale': 3.9972796629188547, 'b_bulk_scale': 0.614780907928934, 'b_dislocation_scale': 0.08267371191711963, 'gb_scale': 2.596231165604009, 'gd_bubble_scale': 0.2723211410096453, 'gd_line_scale': 0.46691657264122144, 'gd_line_alpha': 0.9979204575576817, 'coalescence_d_scale': 0.6168196895852535, 'capture_scale': 0.2937772533993575}. Best is trial 756 with value: 2.012228641160978.
[I 2026-05-02 22:37:32,271] Trial 803 finished with value: 2.0672501786133144 and parameters: {'f_n': 1.7999218658400184e-06, 'K_d': 136471.51996441666, 'rho_d': 63176332379922.85, 'fission_rate': 4.36132028986971e+19, 'Dg_D1_scale': 0.462896770437022, 'Dg_D3_scale': 2.6508219593837987, 'Dv_D1_scale': 0.47471271833350204, 'Dv_D2_scale': 3.9395007808855333, 'b_bulk_scale': 0.7639309104130036, 'b_dislocation_scale': 0.07820762718612707, 'gb_scale': 2.497930056832211, 'gd_bubble_scale': 0.2985639358184333, 'gd_line_scale': 0.4263128185922374, 'gd_line_alpha': 0.9848150809191024, 'coalescence_d_scale': 0.5815335820602191, 'capture_scale': 0.271480752888776}. Best is trial 756 with value: 2.012228641160978.
[I 2026-05-02 22:37:39,033] Trial 804 finished with value: 2.1184011550017607 and parameters: {'f_n': 2.2603039010520365e-06, 'K_d': 126512.06162415045, 'rho_d': 67009373197020.46, 'fission_rate': 4.312087126507473e+19, 'Dg_D1_scale': 0.46196667198357655, 'Dg_D3_scale': 2.3540406500183946, 'Dv_D1_scale': 0.45935555105034304, 'Dv_D2_scale': 3.993480729407969, 'b_bulk_scale': 0.7941979294185358, 'b_dislocation_scale': 0.08037715373527678, 'gb_scale': 2.1858260267301173, 'gd_bubble_scale': 0.3029653688761803, 'gd_line_scale': 0.3977521272307826, 'gd_line_alpha': 0.9989513704758145, 'coalescence_d_scale': 0.6986692955011085, 'capture_scale': 0.26879972770644645}. Best is trial 756 with value: 2.012228641160978.Best trial: 756. Best value: 2.01223:  54%|█████▎    | 804/1500 [59:58<1:12:09,  6.22s/it]Best trial: 756. Best value: 2.01223:  54%|█████▎    | 804/1500 [59:59<1:12:09,  6.22s/it]Best trial: 756. Best value: 2.01223:  54%|█████▎    | 805/1500 [59:59<1:13:56,  6.38s/it]                                                                                          Best trial: 756. Best value: 2.01223:  54%|█████▎    | 805/1500 [1:00:04<1:13:56,  6.38s/it]Best trial: 756. Best value: 2.01223:  54%|█████▎    | 805/1500 [1:00:04<1:13:56,  6.38s/it]Best trial: 756. Best value: 2.01223:  54%|█████▎    | 806/1500 [1:00:04<1:09:32,  6.01s/it]                                                                                            Best trial: 756. Best value: 2.01223:  54%|█████▎    | 806/1500 [1:00:10<1:09:32,  6.01s/it]Best trial: 756. Best value: 2.01223:  54%|█████▎    | 806/1500 [1:00:10<1:09:32,  6.01s/it]Best trial: 756. Best value: 2.01223:  54%|█████▍    | 807/1500 [1:00:10<1:11:14,  6.17s/it]                                                                                            Best trial: 756. Best value: 2.01223:  54%|█████▍    | 807/1500 [1:00:17<1:11:14,  6.17s/it]Best trial: 756. Best value: 2.01223:  54%|█████▍    | 807/1500 [1:00:17<1:11:14,  6.17s/it]Best trial: 756. Best value: 2.01223:  54%|█████▍    | 808/1500 [1:00:17<1:12:56,  6.32s/it]                                                                                            Best trial: 756. Best value: 2.01223:  54%|█████▍    | 808/1500 [1:00:23<1:12:56,  6.32s/it]Best trial: 756. Best value: 2.01223:  54%|█████▍    | 808/1500 [1:00:23<1:12:56,  6.32s/it]Best trial: 756. Best value: 2.01223:  54%|█████▍    | 809/1500 [1:00:23<1:12:38,  6.31s/it]                                                                                            Best trial: 756. Best value: 2.01223:  54%|█████▍    | 809/1500 [1:00:30<1:12:38,  6.31s/it]Best trial: 756. Best value: 2.01223:  54%|█████▍    | 809/1500 [1:00:30<1:12:38,  6.31s/it]Best trial: 756. Best value: 2.01223:  54%|█████▍    | 810/1500 [1:00:30<1:12:55,  6.34s/it]                                                                                            Best trial: 756. Best value: 2.01223:  54%|█████▍    | 810/1500 [1:00:34<1:12:55,  6.34s/it]Best trial: 756. Best value: 2.01223:  54%|█████▍    | 810/1500 [1:00:34<1:12:55,  6.34s/it]Best trial: 756. Best value: 2.01223:  54%|█████▍    | 811/1500 [1:00:34<1:06:48,  5.82s/it]                                                                                            Best trial: 756. Best value: 2.01223:  54%|█████▍    | 811/1500 [1:00:41<1:06:48,  5.82s/it]Best trial: 756. Best value: 2.01223:  54%|█████▍    | 811/1500 [1:00:41<1:06:48,  5.82s/it]Best trial: 756. Best value: 2.01223:  54%|█████▍    | 812/1500 [1:00:41<1:09:12,  6.03s/it]                                                                                            Best trial: 756. Best value: 2.01223:  54%|█████▍    | 812/1500 [1:00:47<1:09:12,  6.03s/it]Best trial: 756. Best value: 2.01223:  54%|█████▍    | 812/1500 [1:00:47<1:09:12,  6.03s/it]Best trial: 756. Best value: 2.01223:  54%|█████▍    | 813/1500 [1:00:47<1:10:29,  6.16s/it]                                                                                            Best trial: 756. Best value: 2.01223:  54%|█████▍    | 813/1500 [1:00:53<1:10:29,  6.16s/it]Best trial: 756. Best value: 2.01223:  54%|█████▍    | 813/1500 [1:00:54<1:10:29,  6.16s/it]Best trial: 756. Best value: 2.01223:  54%|█████▍    | 814/1500 [1:00:54<1:10:53,  6.20s/it]                                                                                            Best trial: 756. Best value: 2.01223:  54%|█████▍    | 814/1500 [1:00:59<1:10:53,  6.20s/it]Best trial: 756. Best value: 2.01223:  54%|█████▍    | 814/1500 [1:01:00<1:10:53,  6.20s/it]Best trial: 756. Best value: 2.01223:  54%|█████▍    | 815/1500 [1:01:00<1:10:16,  6.16s/it]                                                                                            Best trial: 756. Best value: 2.01223:  54%|█████▍    | 815/1500 [1:01:04<1:10:16,  6.16s/it]Best trial: 756. Best value: 2.01223:  54%|█████▍    | 815/1500 [1:01:04<1:10:16,  6.16s/it]Best trial: 756. Best value: 2.01223:  54%|█████▍    | 816/1500 [1:01:04<1:04:54,  5.69s/it]                                                                                            
[I 2026-05-02 22:37:44,179] Trial 805 finished with value: 2.217323799739029 and parameters: {'f_n': 1.8717587278206427e-06, 'K_d': 135469.15264922017, 'rho_d': 63063377288195.56, 'fission_rate': 4.2326077551868944e+19, 'Dg_D1_scale': 0.48395985821699683, 'Dg_D3_scale': 2.4818018120843743, 'Dv_D1_scale': 0.4825017090094238, 'Dv_D2_scale': 3.9961101015779543, 'b_bulk_scale': 0.7647500399588236, 'b_dislocation_scale': 0.08319212777061384, 'gb_scale': 2.4633502409628654, 'gd_bubble_scale': 0.2869321649449474, 'gd_line_scale': 0.35712458761471666, 'gd_line_alpha': 0.9985086950825606, 'coalescence_d_scale': 0.6397416730138875, 'capture_scale': 0.29162095025997126}. Best is trial 756 with value: 2.012228641160978.
[I 2026-05-02 22:37:50,710] Trial 806 finished with value: 2.081329607224993 and parameters: {'f_n': 2.418984454365751e-06, 'K_d': 122876.77518060808, 'rho_d': 70289619967575.36, 'fission_rate': 4.374105724981229e+19, 'Dg_D1_scale': 0.45845753290760105, 'Dg_D3_scale': 2.6501152712704172, 'Dv_D1_scale': 0.43714614088629256, 'Dv_D2_scale': 3.9624085677548724, 'b_bulk_scale': 0.7060917648599796, 'b_dislocation_scale': 0.07167965616985528, 'gb_scale': 2.697776728627182, 'gd_bubble_scale': 0.25707892970221025, 'gd_line_scale': 0.45867296357262033, 'gd_line_alpha': 0.977842639213313, 'coalescence_d_scale': 0.5765515625932449, 'capture_scale': 0.23943778403915802}. Best is trial 756 with value: 2.012228641160978.
[I 2026-05-02 22:37:57,398] Trial 807 finished with value: 2.530145922437974 and parameters: {'f_n': 1.5768954837771465e-06, 'K_d': 137519.40244086014, 'rho_d': 61960320717058.125, 'fission_rate': 4.274661849121418e+19, 'Dg_D1_scale': 0.43881894587764747, 'Dg_D3_scale': 2.6248895522309517, 'Dv_D1_scale': 0.5033577595551643, 'Dv_D2_scale': 3.8024170165251587, 'b_bulk_scale': 0.721044385675511, 'b_dislocation_scale': 0.06895265193296363, 'gb_scale': 2.0162634912463844, 'gd_bubble_scale': 0.25403510959659037, 'gd_line_scale': 0.524188171374497, 'gd_line_alpha': 0.9695975593649552, 'coalescence_d_scale': 0.6142416886791461, 'capture_scale': 0.3110092659156874}. Best is trial 756 with value: 2.012228641160978.
[I 2026-05-02 22:38:03,669] Trial 808 finished with value: 4.976260552114301 and parameters: {'f_n': 3.2663686911953793e-10, 'K_d': 124335.521914439, 'rho_d': 65405591565969.016, 'fission_rate': 4.587642326953425e+19, 'Dg_D1_scale': 0.510547118339037, 'Dg_D3_scale': 2.313477620573523, 'Dv_D1_scale': 0.46439495535183606, 'Dv_D2_scale': 3.781366458061072, 'b_bulk_scale': 0.622592838355024, 'b_dislocation_scale': 0.08575309491861784, 'gb_scale': 2.429529022701897, 'gd_bubble_scale': 0.2722694462294212, 'gd_line_scale': 0.4544230205463004, 'gd_line_alpha': 0.9831750822346197, 'coalescence_d_scale': 0.6628091201173653, 'capture_scale': 0.4044022742807955}. Best is trial 756 with value: 2.012228641160978.
[I 2026-05-02 22:38:10,089] Trial 809 finished with value: 2.1013556459083182 and parameters: {'f_n': 1.9488300147863957e-06, 'K_d': 119046.82380588156, 'rho_d': 59837786831825.836, 'fission_rate': 4.473456992032392e+19, 'Dg_D1_scale': 0.5482766933709267, 'Dg_D3_scale': 2.5258530445601144, 'Dv_D1_scale': 0.39374672652241033, 'Dv_D2_scale': 3.9761138669771023, 'b_bulk_scale': 0.8777028347492034, 'b_dislocation_scale': 0.05415900767267384, 'gb_scale': 2.9818553974357194, 'gd_bubble_scale': 0.24550805686957347, 'gd_line_scale': 0.4022505337192122, 'gd_line_alpha': 0.9662073738041204, 'coalescence_d_scale': 0.6008115475677716, 'capture_scale': 0.19504916223323013}. Best is trial 756 with value: 2.012228641160978.
