[I 2026-05-02 21:58:31,931] Trial 306 finished with value: 2.1556145573715066 and parameters: {'f_n': 2.2893235172251535e-06, 'K_d': 195063.23920297893, 'rho_d': 35031546658467.785, 'fission_rate': 6.808353138703027e+19, 'Dg_D1_scale': 1.9113096174843816, 'Dg_D3_scale': 3.95300564887354, 'Dv_D1_scale': 0.21550132972290284, 'Dv_D2_scale': 2.86557425187179, 'b_bulk_scale': 0.1714391016682317, 'b_dislocation_scale': 0.16051361312092777, 'gb_scale': 7.293446900003624, 'gd_bubble_scale': 0.08105103265633191, 'gd_line_scale': 7.004711057174281, 'gd_line_alpha': 0.8629455207554356, 'coalescence_d_scale': 0.3093234195817074, 'capture_scale': 0.011968557292645154}. Best is trial 283 with value: 2.1163483255866327.
[I 2026-05-02 21:58:36,303] Trial 307 finished with value: 2.1647789404995743 and parameters: {'f_n': 2.9591729762821054e-06, 'K_d': 195389.60553283629, 'rho_d': 34865959889593.973, 'fission_rate': 6.821390569222818e+19, 'Dg_D1_scale': 1.9222980893552597, 'Dg_D3_scale': 3.8574102199416433, 'Dv_D1_scale': 0.21762190994832395, 'Dv_D2_scale': 2.8823958305376767, 'b_bulk_scale': 0.17009542194275298, 'b_dislocation_scale': 0.18962955305754167, 'gb_scale': 7.981691346043879, 'gd_bubble_scale': 0.0808992282580093, 'gd_line_scale': 7.005819627176382, 'gd_line_alpha': 0.8074994893348967, 'coalescence_d_scale': 0.3102885605331147, 'capture_scale': 0.01178292811726828}. Best is trial 283 with value: 2.1163483255866327.
[I 2026-05-02 21:58:40,721] Trial 308 finished with value: 2.151792371355958 and parameters: {'f_n': 2.849741780061792e-06, 'K_d': 194588.0044043765, 'rho_d': 35034683638912.26, 'fission_rate': 6.7888309178265846e+19, 'Dg_D1_scale': 1.9244177361877686, 'Dg_D3_scale': 3.9666565503034352, 'Dv_D1_scale': 0.20086318617924773, 'Dv_D2_scale': 2.820422658468778, 'b_bulk_scale': 0.17441478177263572, 'b_dislocation_scale': 0.1914679745677599, 'gb_scale': 7.358671925810543, 'gd_bubble_scale': 0.08284848469601264, 'gd_line_scale': 6.984529392458918, 'gd_line_alpha': 0.8107067609800711, 'coalescence_d_scale': 0.30420512309452297, 'capture_scale': 0.012283578901102448}. Best is trial 283 with value: 2.1163483255866327.
[I 2026-05-02 21:58:45,130] Trial 309 finished with value: 2.1463602961370016 and parameters: {'f_n': 2.9715547027025247e-06, 'K_d': 196651.86981881305, 'rho_d': 35006594364745.88, 'fission_rate': 6.7057939503598944e+19, 'Dg_D1_scale': 1.8758626362528446, 'Dg_D3_scale': 3.576270909940591, 'Dv_D1_scale': 0.2190480721718765, 'Dv_D2_scale': 2.8364509382037424, 'b_bulk_scale': 0.1651605956579693, 'b_dislocation_scale': 0.18721197223272437, 'gb_scale': 7.793671110561092, 'gd_bubble_scale': 0.07923132689313951, 'gd_line_scale': 7.249370881418649, 'gd_line_alpha': 0.812952067993045, 'coalescence_d_scale': 0.32304664825658247, 'capture_scale': 0.011967974266278608}. Best is trial 283 with value: 2.1163483255866327.
[I 2026-05-02 21:58:49,538] Trial 310 finished with value: 2.145622114753844 and parameters: {'f_n': 2.8683817008776147e-06, 'K_d': 198806.90478194007, 'rho_d': 35404447978377.29, 'fission_rate': 6.738978596530995e+19, 'Dg_D1_scale': 2.003323109557663, 'Dg_D3_scale': 3.95649951564602, 'Dv_D1_scale': 0.22058317781021838, 'Dv_D2_scale': 2.7671402689656457, 'b_bulk_scale': 0.16019925345927766, 'b_dislocation_scale': 0.1880787230876895, 'gb_scale': 7.969286740334796, 'gd_bubble_scale': 0.08119385897490736, 'gd_line_scale': 7.446680127711, 'gd_line_alpha': 0.8169330255889224, 'coalescence_d_scale': 0.3015592625294125, 'capture_scale': 0.011332808145255776}. Best is trial 283 with value: 2.1163483255866327.
[I 2026-05-02 21:58:54,022] Trial 311 finished with value: 2.1572558648005034 and parameters: {'f_n': 2.988069383567656e-06, 'K_d': 197410.47868594225, 'rho_d': 35257389202728.51, 'fission_rate': 6.717245550148144e+19, 'Dg_D1_scale': 1.8827079535948583, 'Dg_D3_scale': 3.9715575132951875, 'Dv_D1_scale': 0.2003155955264358, 'Dv_D2_scale': 2.802860019351745, 'b_bulk_scale': 0.16371285042838699, 'b_dislocation_scale': 0.18615395108083854, 'gb_scale': 7.989066855317596, 'gd_bubble_scale': 0.07644864046896187, 'gd_line_scale': 7.177345330582036, 'gd_line_alpha': 0.8021866841994676, 'coalescence_d_scale': 0.3037704546394669, 'capture_scale': 0.011472148269119147}. Best is trial 283 with value: 2.1163483255866327.
[I 2026-05-02 21:58:56,873] Trial 312 finished with value: 2.1135033280350695 and parameters: {'f_n': 2.96765878331753e-06, 'K_d': 197246.71991749117, 'rho_d': 35430835208854.055, 'fission_rate': 6.735074328214787e+19, 'Dg_D1_scale': 1.8061132077322417, 'Dg_D3_scale': 3.9401832227561027, 'Dv_D1_scale': 0.22242960582922114, 'Dv_D2_scale': 2.771171458989278, 'b_bulk_scale': 0.16063992518663256, 'b_dislocation_scale': 0.1917492013325961, 'gb_scale': 7.625964515042594, 'gd_bubble_scale': 0.07359902463559974, 'gd_line_scale': 7.091290844839217, 'gd_line_alpha': 0.7928896993037635, 'coalescence_d_scale': 0.30088734913390974, 'capture_scale': 2.2362898882039746}. Best is trial 312 with value: 2.1135033280350695.Best trial: 283. Best value: 2.11635:  21%|██        | 312/1500 [21:16<1:26:51,  4.39s/it]Best trial: 312. Best value: 2.1135:  21%|██        | 312/1500 [21:16<1:26:51,  4.39s/it] Best trial: 312. Best value: 2.1135:  21%|██        | 313/1500 [21:16<1:17:37,  3.92s/it]                                                                                         Best trial: 312. Best value: 2.1135:  21%|██        | 313/1500 [21:21<1:17:37,  3.92s/it]Best trial: 312. Best value: 2.1135:  21%|██        | 313/1500 [21:21<1:17:37,  3.92s/it]Best trial: 312. Best value: 2.1135:  21%|██        | 314/1500 [21:21<1:20:32,  4.07s/it]                                                                                         Best trial: 312. Best value: 2.1135:  21%|██        | 314/1500 [21:25<1:20:32,  4.07s/it]Best trial: 312. Best value: 2.1135:  21%|██        | 314/1500 [21:25<1:20:32,  4.07s/it]Best trial: 312. Best value: 2.1135:  21%|██        | 315/1500 [21:25<1:22:59,  4.20s/it]                                                                                         Best trial: 312. Best value: 2.1135:  21%|██        | 315/1500 [21:30<1:22:59,  4.20s/it]Best trial: 312. Best value: 2.1135:  21%|██        | 315/1500 [21:30<1:22:59,  4.20s/it]Best trial: 312. Best value: 2.1135:  21%|██        | 316/1500 [21:30<1:24:47,  4.30s/it]                                                                                         Best trial: 312. Best value: 2.1135:  21%|██        | 316/1500 [21:34<1:24:47,  4.30s/it]Best trial: 316. Best value: 2.1122:  21%|██        | 316/1500 [21:34<1:24:47,  4.30s/it]Best trial: 316. Best value: 2.1122:  21%|██        | 317/1500 [21:34<1:25:23,  4.33s/it]                                                                                         Best trial: 316. Best value: 2.1122:  21%|██        | 317/1500 [21:39<1:25:23,  4.33s/it]Best trial: 316. Best value: 2.1122:  21%|██        | 317/1500 [21:39<1:25:23,  4.33s/it]Best trial: 316. Best value: 2.1122:  21%|██        | 318/1500 [21:39<1:25:58,  4.36s/it]                                                                                         Best trial: 316. Best value: 2.1122:  21%|██        | 318/1500 [21:43<1:25:58,  4.36s/it]Best trial: 316. Best value: 2.1122:  21%|██        | 318/1500 [21:43<1:25:58,  4.36s/it]Best trial: 316. Best value: 2.1122:  21%|██▏       | 319/1500 [21:43<1:26:10,  4.38s/it]                                                                                         Best trial: 316. Best value: 2.1122:  21%|██▏       | 319/1500 [21:46<1:26:10,  4.38s/it]Best trial: 316. Best value: 2.1122:  21%|██▏       | 319/1500 [21:46<1:26:10,  4.38s/it]Best trial: 316. Best value: 2.1122:  21%|██▏       | 320/1500 [21:46<1:16:42,  3.90s/it]                                                                                         Best trial: 316. Best value: 2.1122:  21%|██▏       | 320/1500 [21:50<1:16:42,  3.90s/it]Best trial: 316. Best value: 2.1122:  21%|██▏       | 320/1500 [21:50<1:16:42,  3.90s/it]Best trial: 316. Best value: 2.1122:  21%|██▏       | 321/1500 [21:50<1:19:55,  4.07s/it]                                                                                         Best trial: 316. Best value: 2.1122:  21%|██▏       | 321/1500 [21:55<1:19:55,  4.07s/it]Best trial: 316. Best value: 2.1122:  21%|██▏       | 321/1500 [21:55<1:19:55,  4.07s/it]Best trial: 316. Best value: 2.1122:  21%|██▏       | 322/1500 [21:55<1:21:58,  4.18s/it]                                                                                         Best trial: 316. Best value: 2.1122:  21%|██▏       | 322/1500 [21:59<1:21:58,  4.18s/it]Best trial: 316. Best value: 2.1122:  21%|██▏       | 322/1500 [21:59<1:21:58,  4.18s/it]Best trial: 316. Best value: 2.1122:  22%|██▏       | 323/1500 [21:59<1:23:29,  4.26s/it]                                                                                         Best trial: 316. Best value: 2.1122:  22%|██▏       | 323/1500 [22:04<1:23:29,  4.26s/it]Best trial: 316. Best value: 2.1122:  22%|██▏       | 323/1500 [22:04<1:23:29,  4.26s/it]Best trial: 316. Best value: 2.1122:  22%|██▏       | 324/1500 [22:04<1:24:30,  4.31s/it]                                                                                         
[I 2026-05-02 21:59:01,308] Trial 313 finished with value: 2.145078235803156 and parameters: {'f_n': 2.1298293606419753e-06, 'K_d': 198824.71082474128, 'rho_d': 36012817246886.28, 'fission_rate': 6.741112025516926e+19, 'Dg_D1_scale': 1.7742061812489778, 'Dg_D3_scale': 3.617910020183566, 'Dv_D1_scale': 0.20127251618956907, 'Dv_D2_scale': 2.7687967909273783, 'b_bulk_scale': 0.1589259490748989, 'b_dislocation_scale': 0.1899905813675334, 'gb_scale': 7.8131046375928195, 'gd_bubble_scale': 0.07877012033850526, 'gd_line_scale': 7.115009456100003, 'gd_line_alpha': 0.7918847165892192, 'coalescence_d_scale': 0.29498504511817697, 'capture_scale': 0.011600514090893929}. Best is trial 312 with value: 2.1135033280350695.
[I 2026-05-02 21:59:05,807] Trial 314 finished with value: 2.1391998968504855 and parameters: {'f_n': 2.1608676291950638e-06, 'K_d': 199594.0395973494, 'rho_d': 35908453480228.99, 'fission_rate': 6.714460415866206e+19, 'Dg_D1_scale': 1.8190766704636252, 'Dg_D3_scale': 3.5393169884327325, 'Dv_D1_scale': 0.20150584270099134, 'Dv_D2_scale': 2.7748536117206637, 'b_bulk_scale': 0.16603799316757795, 'b_dislocation_scale': 0.1908304107579508, 'gb_scale': 7.397974317407584, 'gd_bubble_scale': 0.07693315989460447, 'gd_line_scale': 7.369855701767641, 'gd_line_alpha': 0.8024714629103917, 'coalescence_d_scale': 0.29389344467437195, 'capture_scale': 0.011091700718445684}. Best is trial 312 with value: 2.1135033280350695.
[I 2026-05-02 21:59:10,326] Trial 315 finished with value: 2.114399390070547 and parameters: {'f_n': 2.185973162128597e-06, 'K_d': 198702.7542772515, 'rho_d': 35200993864977.445, 'fission_rate': 6.7353440856200086e+19, 'Dg_D1_scale': 1.8324836538768419, 'Dg_D3_scale': 3.5167493713766396, 'Dv_D1_scale': 0.2012459117647749, 'Dv_D2_scale': 2.7777133580730826, 'b_bulk_scale': 0.16533871273782058, 'b_dislocation_scale': 0.19230319388127756, 'gb_scale': 7.5925420466668925, 'gd_bubble_scale': 0.07834899627898258, 'gd_line_scale': 7.205742644607951, 'gd_line_alpha': 0.791842823666701, 'coalescence_d_scale': 0.29095098511573886, 'capture_scale': 2.279127586021831}. Best is trial 312 with value: 2.1135033280350695.
[I 2026-05-02 21:59:14,727] Trial 316 finished with value: 2.112201451402938 and parameters: {'f_n': 2.958188076468748e-06, 'K_d': 196669.46230951074, 'rho_d': 35790596908126.91, 'fission_rate': 6.7382738467562996e+19, 'Dg_D1_scale': 1.8183264453033958, 'Dg_D3_scale': 3.513117380422679, 'Dv_D1_scale': 0.22462912323090453, 'Dv_D2_scale': 2.735924346671899, 'b_bulk_scale': 0.1614323888131111, 'b_dislocation_scale': 0.19138633324980675, 'gb_scale': 7.712605126694767, 'gd_bubble_scale': 0.07794778954240633, 'gd_line_scale': 7.287876147623663, 'gd_line_alpha': 0.7922437727206962, 'coalescence_d_scale': 0.2915404667050822, 'capture_scale': 2.9563709384032313}. Best is trial 316 with value: 2.112201451402938.
[I 2026-05-02 21:59:19,176] Trial 317 finished with value: 2.113607352474415 and parameters: {'f_n': 2.999251571501599e-06, 'K_d': 197555.12220528678, 'rho_d': 35801421534438.74, 'fission_rate': 6.724340244640708e+19, 'Dg_D1_scale': 1.772930764218772, 'Dg_D3_scale': 3.454311539524873, 'Dv_D1_scale': 0.2018244457494874, 'Dv_D2_scale': 2.80160256020852, 'b_bulk_scale': 0.1699451345749527, 'b_dislocation_scale': 0.1913832381635373, 'gb_scale': 7.823930240191217, 'gd_bubble_scale': 0.0770161569881459, 'gd_line_scale': 6.952477969896119, 'gd_line_alpha': 0.7927958639999158, 'coalescence_d_scale': 0.2898964435787218, 'capture_scale': 3.191103082678007}. Best is trial 316 with value: 2.112201451402938.
[I 2026-05-02 21:59:23,586] Trial 318 finished with value: 2.1192468147814907 and parameters: {'f_n': 2.1118563677505494e-06, 'K_d': 201195.5044044882, 'rho_d': 36168969661855.49, 'fission_rate': 6.72056609920281e+19, 'Dg_D1_scale': 1.8664596223402241, 'Dg_D3_scale': 3.496720202367163, 'Dv_D1_scale': 0.20206488087952743, 'Dv_D2_scale': 2.7562420823759477, 'b_bulk_scale': 0.15985571374979254, 'b_dislocation_scale': 0.19724391729652563, 'gb_scale': 7.993534943694871, 'gd_bubble_scale': 0.07745763746430029, 'gd_line_scale': 7.685905132850118, 'gd_line_alpha': 0.7857228829382186, 'coalescence_d_scale': 0.29067191491828287, 'capture_scale': 4.137076600160942}. Best is trial 316 with value: 2.112201451402938.
[I 2026-05-02 21:59:26,371] Trial 319 finished with value: 2.1178491404192936 and parameters: {'f_n': 2.1021372211309746e-06, 'K_d': 199595.134287804, 'rho_d': 36120025306215.75, 'fission_rate': 6.734538738686678e+19, 'Dg_D1_scale': 1.831325564872745, 'Dg_D3_scale': 3.5741890526870725, 'Dv_D1_scale': 0.20492075494992287, 'Dv_D2_scale': 2.731801258040778, 'b_bulk_scale': 0.15977599051258792, 'b_dislocation_scale': 0.19543411182014803, 'gb_scale': 7.701888985253831, 'gd_bubble_scale': 0.07671864261316827, 'gd_line_scale': 7.369295332724436, 'gd_line_alpha': 0.7882055194481367, 'coalescence_d_scale': 0.28364045580140107, 'capture_scale': 5.33717413995619}. Best is trial 316 with value: 2.112201451402938.
[I 2026-05-02 21:59:30,828] Trial 320 finished with value: 2.1124979015269525 and parameters: {'f_n': 2.9911303768885614e-06, 'K_d': 196928.02054037905, 'rho_d': 35841714219712.36, 'fission_rate': 6.732330659332193e+19, 'Dg_D1_scale': 1.8362776476597076, 'Dg_D3_scale': 3.5111852719692425, 'Dv_D1_scale': 0.20106007524989564, 'Dv_D2_scale': 2.7179901142258283, 'b_bulk_scale': 0.15949171302678225, 'b_dislocation_scale': 0.1932862623484053, 'gb_scale': 7.672063138599287, 'gd_bubble_scale': 0.07673447141330401, 'gd_line_scale': 7.516211933948592, 'gd_line_alpha': 0.7816086484754378, 'coalescence_d_scale': 0.27700615488163105, 'capture_scale': 4.526070977871721}. Best is trial 316 with value: 2.112201451402938.
[I 2026-05-02 21:59:35,255] Trial 321 finished with value: 2.1174942311604985 and parameters: {'f_n': 2.1695951510618383e-06, 'K_d': 199755.2126724512, 'rho_d': 36107860968809.055, 'fission_rate': 6.7059770521858425e+19, 'Dg_D1_scale': 1.8256748308496438, 'Dg_D3_scale': 3.361670495688678, 'Dv_D1_scale': 0.20042056943678696, 'Dv_D2_scale': 2.6917549578641142, 'b_bulk_scale': 0.15908991508273834, 'b_dislocation_scale': 0.19139243025771502, 'gb_scale': 7.783892227580256, 'gd_bubble_scale': 0.0767271954208499, 'gd_line_scale': 7.168412030929514, 'gd_line_alpha': 0.7839206443620369, 'coalescence_d_scale': 0.289229236160498, 'capture_scale': 2.667833165163471}. Best is trial 316 with value: 2.112201451402938.
[I 2026-05-02 21:59:39,701] Trial 322 finished with value: 2.1210971283076825 and parameters: {'f_n': 2.1200923011497276e-06, 'K_d': 200173.60723578525, 'rho_d': 36096078310946.92, 'fission_rate': 6.726746585494602e+19, 'Dg_D1_scale': 1.7944588333628382, 'Dg_D3_scale': 3.3492615339338405, 'Dv_D1_scale': 0.20520100402221722, 'Dv_D2_scale': 2.6787666282892015, 'b_bulk_scale': 0.15836528123592075, 'b_dislocation_scale': 0.19417104784319036, 'gb_scale': 7.989341127999758, 'gd_bubble_scale': 0.07423934550947102, 'gd_line_scale': 7.365079621558642, 'gd_line_alpha': 0.7836095830672659, 'coalescence_d_scale': 0.2806530009031904, 'capture_scale': 2.376645469639785}. Best is trial 316 with value: 2.112201451402938.
[I 2026-05-02 21:59:44,142] Trial 323 finished with value: 2.1393279038559605 and parameters: {'f_n': 2.211168418390983e-06, 'K_d': 200404.2881259284, 'rho_d': 36199396922019.63, 'fission_rate': 6.7070476506450936e+19, 'Dg_D1_scale': 1.8107849840771066, 'Dg_D3_scale': 3.4287926171602243, 'Dv_D1_scale': 0.20010980831562464, 'Dv_D2_scale': 2.6694516604332317, 'b_bulk_scale': 0.15755048846495578, 'b_dislocation_scale': 0.19706648476660973, 'gb_scale': 6.995108964499917, 'gd_bubble_scale': 0.07634558201699942, 'gd_line_scale': 7.7473239003020264, 'gd_line_alpha': 0.7823482270347677, 'coalescence_d_scale': 0.27415565419380655, 'capture_scale': 2.5495246725307275}. Best is trial 316 with value: 2.112201451402938.
