[I 2026-05-02 23:37:06,484] Trial 1422 finished with value: 2.052269020189472 and parameters: {'f_n': 3.1470362046635557e-07, 'K_d': 146231.45930568734, 'rho_d': 73089170043588.73, 'fission_rate': 5.0591918972278686e+19, 'Dg_D1_scale': 0.19293440584959778, 'Dg_D3_scale': 1.4452148661515025, 'Dv_D1_scale': 0.43585660719161773, 'Dv_D2_scale': 3.8065160656705026, 'b_bulk_scale': 0.4079156518743018, 'b_dislocation_scale': 0.04641117532144286, 'gb_scale': 3.342310953926804, 'gd_bubble_scale': 0.24463337810119223, 'gd_line_scale': 0.3940954300338259, 'gd_line_alpha': 0.624175466702114, 'coalescence_d_scale': 0.31361147524534005, 'capture_scale': 0.09702300820137039}. Best is trial 1282 with value: 2.0082570421242427.
[I 2026-05-02 23:37:12,220] Trial 1423 finished with value: 2.3713348484809167 and parameters: {'f_n': 2.548859776988884e-07, 'K_d': 156259.7475173534, 'rho_d': 69169585239970.984, 'fission_rate': 5.1745195734822986e+19, 'Dg_D1_scale': 0.21304378070999924, 'Dg_D3_scale': 1.3045771954188852, 'Dv_D1_scale': 0.4133947919528063, 'Dv_D2_scale': 3.9940566922019953, 'b_bulk_scale': 0.4138654776049147, 'b_dislocation_scale': 0.03516535856088374, 'gb_scale': 2.93231263144705, 'gd_bubble_scale': 0.18243400542568136, 'gd_line_scale': 0.4165515234283014, 'gd_line_alpha': 0.6519191518184227, 'coalescence_d_scale': 0.3380712900972104, 'capture_scale': 0.10775186014031947}. Best is trial 1282 with value: 2.0082570421242427.
[I 2026-05-02 23:37:17,908] Trial 1424 finished with value: 2.0642980412801686 and parameters: {'f_n': 3.3365468913615593e-07, 'K_d': 139967.28308717225, 'rho_d': 73262878077734.81, 'fission_rate': 5.2790418904340816e+19, 'Dg_D1_scale': 0.20835239435028727, 'Dg_D3_scale': 1.57537137578883, 'Dv_D1_scale': 0.44594512929344793, 'Dv_D2_scale': 3.6163454297124766, 'b_bulk_scale': 0.4136308630635405, 'b_dislocation_scale': 0.05013982044062554, 'gb_scale': 3.4124108823179027, 'gd_bubble_scale': 0.2025513949742469, 'gd_line_scale': 0.34016810670780173, 'gd_line_alpha': 0.6138255478804772, 'coalescence_d_scale': 0.36370363993310745, 'capture_scale': 0.07739471084687334}. Best is trial 1282 with value: 2.0082570421242427.
[I 2026-05-02 23:37:23,397] Trial 1425 finished with value: 2.168762333338149 and parameters: {'f_n': 3.264260605660085e-07, 'K_d': 145999.4011332368, 'rho_d': 68251752235622.34, 'fission_rate': 5.450085280041543e+19, 'Dg_D1_scale': 0.18282554442253138, 'Dg_D3_scale': 1.6331152036969059, 'Dv_D1_scale': 0.4340024603605742, 'Dv_D2_scale': 3.6224626240670763, 'b_bulk_scale': 0.3667825031681213, 'b_dislocation_scale': 0.04223098003205186, 'gb_scale': 2.7267149900199303, 'gd_bubble_scale': 0.18832208625342478, 'gd_line_scale': 0.43660863167906494, 'gd_line_alpha': 0.6739608123615992, 'coalescence_d_scale': 0.3679865189049876, 'capture_scale': 0.0902590150908552}. Best is trial 1282 with value: 2.0082570421242427.
[I 2026-05-02 23:37:27,550] Trial 1426 finished with value: 2.0208448870837223 and parameters: {'f_n': 2.4820653862954423e-07, 'K_d': 154691.12385929833, 'rho_d': 67418325897453.92, 'fission_rate': 5.169785545821779e+19, 'Dg_D1_scale': 0.22810746736904894, 'Dg_D3_scale': 1.3953377239161384, 'Dv_D1_scale': 0.4265002232615414, 'Dv_D2_scale': 3.7624133124438583, 'b_bulk_scale': 0.39546970236069295, 'b_dislocation_scale': 0.051661096872042914, 'gb_scale': 3.188192711283301, 'gd_bubble_scale': 0.17618648026734732, 'gd_line_scale': 0.3942989972239381, 'gd_line_alpha': 0.6404059817869188, 'coalescence_d_scale': 0.35303172586925147, 'capture_scale': 0.1127038231050939}. Best is trial 1282 with value: 2.0082570421242427.
[I 2026-05-02 23:37:33,242] Trial 1427 finished with value: 2.326053985716187 and parameters: {'f_n': 2.2586683959102046e-07, 'K_d': 157770.8833600542, 'rho_d': 71092556033300.27, 'fission_rate': 5.1787843267884335e+19, 'Dg_D1_scale': 0.20785314916580003, 'Dg_D3_scale': 1.3974668751797945, 'Dv_D1_scale': 0.45192856609911014, 'Dv_D2_scale': 3.999089133804625, 'b_bulk_scale': 0.35579998885484165, 'b_dislocation_scale': 0.0540607669990833, 'gb_scale': 3.5202669154677335, 'gd_bubble_scale': 0.20181519026360678, 'gd_line_scale': 0.29547588254942836, 'gd_line_alpha': 0.644179426285692, 'coalescence_d_scale': 0.33214403143008153, 'capture_scale': 0.052468834665386085}. Best is trial 1282 with value: 2.0082570421242427.
[I 2026-05-02 23:37:38,966] Trial 1428 finished with value: 2.0540057045527615 and parameters: {'f_n': 2.1460989020854553e-07, 'K_d': 154392.36544991628, 'rho_d': 75537112029880.22, 'fission_rate': 5.234877033105848e+19, 'Dg_D1_scale': 0.19856376405009693, 'Dg_D3_scale': 1.3521792615789645, 'Dv_D1_scale': 0.46978745021165796, 'Dv_D2_scale': 3.4834124309347874, 'b_bulk_scale': 0.3773188320934805, 'b_dislocation_scale': 0.04057496462604983, 'gb_scale': 3.431968354891747, 'gd_bubble_scale': 0.19832106779394357, 'gd_line_scale': 0.3173054294640186, 'gd_line_alpha': 0.6300319496451136, 'coalescence_d_scale': 0.3031562094297835, 'capture_scale': 0.09050495210634805}. Best is trial 1282 with value: 2.0082570421242427.Best trial: 1282. Best value: 2.00826:  95%|█████████▌| 1428/1500 [1:59:58<06:21,  5.29s/it]Best trial: 1282. Best value: 2.00826:  95%|█████████▌| 1428/1500 [1:59:59<06:21,  5.29s/it]Best trial: 1282. Best value: 2.00826:  95%|█████████▌| 1429/1500 [1:59:59<06:24,  5.42s/it]                                                                                            Best trial: 1282. Best value: 2.00826:  95%|█████████▌| 1429/1500 [2:00:04<06:24,  5.42s/it]Best trial: 1282. Best value: 2.00826:  95%|█████████▌| 1429/1500 [2:00:04<06:24,  5.42s/it]Best trial: 1282. Best value: 2.00826:  95%|█████████▌| 1430/1500 [2:00:04<06:23,  5.48s/it]                                                                                            Best trial: 1282. Best value: 2.00826:  95%|█████████▌| 1430/1500 [2:00:10<06:23,  5.48s/it]Best trial: 1282. Best value: 2.00826:  95%|█████████▌| 1430/1500 [2:00:10<06:23,  5.48s/it]Best trial: 1282. Best value: 2.00826:  95%|█████████▌| 1431/1500 [2:00:10<06:21,  5.53s/it]                                                                                            Best trial: 1282. Best value: 2.00826:  95%|█████████▌| 1431/1500 [2:00:15<06:21,  5.53s/it]Best trial: 1282. Best value: 2.00826:  95%|█████████▌| 1431/1500 [2:00:15<06:21,  5.53s/it]Best trial: 1282. Best value: 2.00826:  95%|█████████▌| 1432/1500 [2:00:15<06:17,  5.55s/it]                                                                                            Best trial: 1282. Best value: 2.00826:  95%|█████████▌| 1432/1500 [2:00:19<06:17,  5.55s/it]Best trial: 1282. Best value: 2.00826:  95%|█████████▌| 1432/1500 [2:00:20<06:17,  5.55s/it]Best trial: 1282. Best value: 2.00826:  96%|█████████▌| 1433/1500 [2:00:20<05:42,  5.12s/it]                                                                                            Best trial: 1282. Best value: 2.00826:  96%|█████████▌| 1433/1500 [2:00:25<05:42,  5.12s/it]Best trial: 1282. Best value: 2.00826:  96%|█████████▌| 1433/1500 [2:00:25<05:42,  5.12s/it]Best trial: 1282. Best value: 2.00826:  96%|█████████▌| 1434/1500 [2:00:25<05:51,  5.33s/it]                                                                                            Best trial: 1282. Best value: 2.00826:  96%|█████████▌| 1434/1500 [2:00:31<05:51,  5.33s/it]Best trial: 1282. Best value: 2.00826:  96%|█████████▌| 1434/1500 [2:00:31<05:51,  5.33s/it]Best trial: 1282. Best value: 2.00826:  96%|█████████▌| 1435/1500 [2:00:31<05:55,  5.46s/it]                                                                                            Best trial: 1282. Best value: 2.00826:  96%|█████████▌| 1435/1500 [2:00:37<05:55,  5.46s/it]Best trial: 1282. Best value: 2.00826:  96%|█████████▌| 1435/1500 [2:00:37<05:55,  5.46s/it]Best trial: 1282. Best value: 2.00826:  96%|█████████▌| 1436/1500 [2:00:37<05:57,  5.58s/it]                                                                                            Best trial: 1282. Best value: 2.00826:  96%|█████████▌| 1436/1500 [2:00:43<05:57,  5.58s/it]Best trial: 1282. Best value: 2.00826:  96%|█████████▌| 1436/1500 [2:00:43<05:57,  5.58s/it]Best trial: 1282. Best value: 2.00826:  96%|█████████▌| 1437/1500 [2:00:43<05:55,  5.65s/it]                                                                                            Best trial: 1282. Best value: 2.00826:  96%|█████████▌| 1437/1500 [2:00:47<05:55,  5.65s/it]Best trial: 1282. Best value: 2.00826:  96%|█████████▌| 1437/1500 [2:00:47<05:55,  5.65s/it]Best trial: 1282. Best value: 2.00826:  96%|█████████▌| 1438/1500 [2:00:47<05:18,  5.14s/it]                                                                                            Best trial: 1282. Best value: 2.00826:  96%|█████████▌| 1438/1500 [2:00:52<05:18,  5.14s/it]Best trial: 1282. Best value: 2.00826:  96%|█████████▌| 1438/1500 [2:00:53<05:18,  5.14s/it]Best trial: 1282. Best value: 2.00826:  96%|█████████▌| 1439/1500 [2:00:53<05:24,  5.32s/it]                                                                                            Best trial: 1282. Best value: 2.00826:  96%|█████████▌| 1439/1500 [2:00:58<05:24,  5.32s/it]Best trial: 1282. Best value: 2.00826:  96%|█████████▌| 1439/1500 [2:00:58<05:24,  5.32s/it]Best trial: 1282. Best value: 2.00826:  96%|█████████▌| 1440/1500 [2:00:58<05:28,  5.47s/it]                                                                                            
[I 2026-05-02 23:37:44,593] Trial 1429 finished with value: 2.036233604419125 and parameters: {'f_n': 2.569070885974321e-07, 'K_d': 147881.94740072195, 'rho_d': 70181282536071.36, 'fission_rate': 5.323403989248005e+19, 'Dg_D1_scale': 0.2191822466262191, 'Dg_D3_scale': 1.3764481897004806, 'Dv_D1_scale': 0.4434833806490313, 'Dv_D2_scale': 3.7783957341265695, 'b_bulk_scale': 0.3918803551316821, 'b_dislocation_scale': 0.044193606195187, 'gb_scale': 3.1350214517745565, 'gd_bubble_scale': 0.18461420850950344, 'gd_line_scale': 0.3560617519590048, 'gd_line_alpha': 0.6518867523251213, 'coalescence_d_scale': 0.3438440655963122, 'capture_scale': 0.06420711992164539}. Best is trial 1282 with value: 2.0082570421242427.
[I 2026-05-02 23:37:50,248] Trial 1430 finished with value: 2.128420458023523 and parameters: {'f_n': 2.4108358824735573e-07, 'K_d': 156499.90180484514, 'rho_d': 66769049636647.4, 'fission_rate': 5.272133098318455e+19, 'Dg_D1_scale': 0.2254312870059914, 'Dg_D3_scale': 1.1608955295525833, 'Dv_D1_scale': 0.4304538710721164, 'Dv_D2_scale': 3.800268659425688, 'b_bulk_scale': 0.36389241594200195, 'b_dislocation_scale': 0.048116540140199796, 'gb_scale': 3.991179072643005, 'gd_bubble_scale': 0.2052489176287613, 'gd_line_scale': 0.3739066597756946, 'gd_line_alpha': 0.6183528633984269, 'coalescence_d_scale': 0.33014138669121523, 'capture_scale': 0.08121886286566314}. Best is trial 1282 with value: 2.0082570421242427.
[I 2026-05-02 23:37:55,852] Trial 1431 finished with value: 2.282695406217346 and parameters: {'f_n': 2.7487275840274804e-07, 'K_d': 146241.1706097526, 'rho_d': 68351526294278.33, 'fission_rate': 5.294982854743032e+19, 'Dg_D1_scale': 0.22558617906073633, 'Dg_D3_scale': 1.265293170843652, 'Dv_D1_scale': 0.41119492271482805, 'Dv_D2_scale': 3.558467204973739, 'b_bulk_scale': 0.3910808847977521, 'b_dislocation_scale': 0.038038258221615294, 'gb_scale': 3.193418315432292, 'gd_bubble_scale': 0.2030957767507454, 'gd_line_scale': 0.24733283657284097, 'gd_line_alpha': 0.6694591018070728, 'coalescence_d_scale': 0.31333983170210256, 'capture_scale': 0.10857561815240413}. Best is trial 1282 with value: 2.0082570421242427.
[I 2026-05-02 23:37:59,948] Trial 1432 finished with value: 2.0817188009644254 and parameters: {'f_n': 2.678883296980567e-07, 'K_d': 146385.65809966178, 'rho_d': 72635958808373.14, 'fission_rate': 5.1400785274413335e+19, 'Dg_D1_scale': 0.1885336908635003, 'Dg_D3_scale': 1.244349338393463, 'Dv_D1_scale': 0.42042878971971903, 'Dv_D2_scale': 3.9995186171421775, 'b_bulk_scale': 0.42046149814237266, 'b_dislocation_scale': 0.048370139951902986, 'gb_scale': 3.6957180218553316, 'gd_bubble_scale': 0.17247343167675716, 'gd_line_scale': 0.33354039561661547, 'gd_line_alpha': 0.6346324617152637, 'coalescence_d_scale': 0.3393164966903157, 'capture_scale': 0.0951555944354535}. Best is trial 1282 with value: 2.0082570421242427.
[I 2026-05-02 23:38:05,774] Trial 1433 finished with value: 2.1505327033198487 and parameters: {'f_n': 2.05046955087448e-07, 'K_d': 159272.83882563468, 'rho_d': 75467084167968.94, 'fission_rate': 5.181542357783266e+19, 'Dg_D1_scale': 0.20120237171596161, 'Dg_D3_scale': 1.5594667747542772, 'Dv_D1_scale': 0.4250240357315232, 'Dv_D2_scale': 3.9993212317253133, 'b_bulk_scale': 0.4338884142439243, 'b_dislocation_scale': 0.051728715101012214, 'gb_scale': 3.157089167275946, 'gd_bubble_scale': 0.18012140705611845, 'gd_line_scale': 0.3869810796606148, 'gd_line_alpha': 0.6581550678579489, 'coalescence_d_scale': 0.343619540001401, 'capture_scale': 0.04116080021352559}. Best is trial 1282 with value: 2.0082570421242427.
[I 2026-05-02 23:38:11,543] Trial 1434 finished with value: 2.0383396163307284 and parameters: {'f_n': 3.3098629687857776e-07, 'K_d': 145377.16440245646, 'rho_d': 66626851665863.42, 'fission_rate': 5.155349253082981e+19, 'Dg_D1_scale': 0.2387448675662046, 'Dg_D3_scale': 1.318935841624655, 'Dv_D1_scale': 0.4612733749934839, 'Dv_D2_scale': 3.652185937439053, 'b_bulk_scale': 0.34458497271777055, 'b_dislocation_scale': 0.04430471703810917, 'gb_scale': 3.483795896582758, 'gd_bubble_scale': 0.192772977458378, 'gd_line_scale': 0.4000422710369777, 'gd_line_alpha': 0.607351238766343, 'coalescence_d_scale': 0.31829339389762984, 'capture_scale': 0.07339033501673092}. Best is trial 1282 with value: 2.0082570421242427.
[I 2026-05-02 23:38:17,410] Trial 1435 finished with value: 2.2993626742053457 and parameters: {'f_n': 3.2767226580378607e-07, 'K_d': 156671.88939813446, 'rho_d': 66995814617732.79, 'fission_rate': 5.079462341989024e+19, 'Dg_D1_scale': 0.19383066641031715, 'Dg_D3_scale': 1.4804590289041866, 'Dv_D1_scale': 0.41076631382133116, 'Dv_D2_scale': 3.994118914872568, 'b_bulk_scale': 0.38678879079604456, 'b_dislocation_scale': 0.05162662123948727, 'gb_scale': 2.9912749029210004, 'gd_bubble_scale': 0.1679840172485812, 'gd_line_scale': 0.29758549741420814, 'gd_line_alpha': 0.6297651539053618, 'coalescence_d_scale': 0.3683821797515386, 'capture_scale': 0.11887465038840626}. Best is trial 1282 with value: 2.0082570421242427.
[I 2026-05-02 23:38:23,217] Trial 1436 finished with value: 3.0720375237490116 and parameters: {'f_n': 2.1217972684669588e-07, 'K_d': 143888.25915099226, 'rho_d': 71906133435482.38, 'fission_rate': 5.121835161349091e+19, 'Dg_D1_scale': 0.21413953014015608, 'Dg_D3_scale': 1.4421049822215668, 'Dv_D1_scale': 0.42491679173694763, 'Dv_D2_scale': 3.451231782909842, 'b_bulk_scale': 0.43135810850335676, 'b_dislocation_scale': 0.050655129788627164, 'gb_scale': 0.8742135129485819, 'gd_bubble_scale': 0.17631334111456556, 'gd_line_scale': 0.3454505260658933, 'gd_line_alpha': 0.679114773880674, 'coalescence_d_scale': 0.3636131538683893, 'capture_scale': 0.06069522363746145}. Best is trial 1282 with value: 2.0082570421242427.
[I 2026-05-02 23:38:27,181] Trial 1437 finished with value: 2.1688453165863875 and parameters: {'f_n': 2.715344830639927e-07, 'K_d': 150021.13818876236, 'rho_d': 64915697102827.016, 'fission_rate': 5.3794042578226184e+19, 'Dg_D1_scale': 0.23443825328479473, 'Dg_D3_scale': 1.3588728872233182, 'Dv_D1_scale': 0.4579821117838242, 'Dv_D2_scale': 3.6350139780240656, 'b_bulk_scale': 0.34983485781633306, 'b_dislocation_scale': 0.05444475679558088, 'gb_scale': 4.243375230944229, 'gd_bubble_scale': 0.18037396153999755, 'gd_line_scale': 0.4192628281889692, 'gd_line_alpha': 0.6022930017253051, 'coalescence_d_scale': 0.38200770796132344, 'capture_scale': 0.08682689056525093}. Best is trial 1282 with value: 2.0082570421242427.
[I 2026-05-02 23:38:32,906] Trial 1438 finished with value: 2.0885344364414222 and parameters: {'f_n': 1.8823358105229145e-07, 'K_d': 142192.86248455322, 'rho_d': 69736567805498.88, 'fission_rate': 5.215331781800693e+19, 'Dg_D1_scale': 0.23648216548395107, 'Dg_D3_scale': 1.487852929105723, 'Dv_D1_scale': 0.4173660956532549, 'Dv_D2_scale': 3.8091550131517122, 'b_bulk_scale': 0.3983865663654917, 'b_dislocation_scale': 0.04827772369094268, 'gb_scale': 2.8250721024828045, 'gd_bubble_scale': 0.20556513038148289, 'gd_line_scale': 0.3618273493220439, 'gd_line_alpha': 0.6479568349330527, 'coalescence_d_scale': 0.35057641667716527, 'capture_scale': 0.10660296666328847}. Best is trial 1282 with value: 2.0082570421242427.
[I 2026-05-02 23:38:38,735] Trial 1439 finished with value: 3.3268708696001688 and parameters: {'f_n': 2.6635302317875387e-07, 'K_d': 158679.2114218014, 'rho_d': 75060219984516.05, 'fission_rate': 5.11014287680447e+19, 'Dg_D1_scale': 0.19649890881470425, 'Dg_D3_scale': 1.2906911490876558, 'Dv_D1_scale': 0.4360212371477929, 'Dv_D2_scale': 3.6177400169752083, 'b_bulk_scale': 0.353621158339544, 'b_dislocation_scale': 0.0550959131383235, 'gb_scale': 3.5063372975571796, 'gd_bubble_scale': 0.21390558893588915, 'gd_line_scale': 0.41970331067248595, 'gd_line_alpha': 0.6198174801540305, 'coalescence_d_scale': 2.6016886811700477, 'capture_scale': 0.07564056647921333}. Best is trial 1282 with value: 2.0082570421242427.
