[I 2026-05-02 21:59:48,600] Trial 324 finished with value: 2.1350666381009824 and parameters: {'f_n': 2.108491076642028e-06, 'K_d': 202131.30591358148, 'rho_d': 36272834313019.53, 'fission_rate': 6.6994199052753986e+19, 'Dg_D1_scale': 1.6901537069137862, 'Dg_D3_scale': 3.4249313741030076, 'Dv_D1_scale': 0.2027407460800267, 'Dv_D2_scale': 2.6627981917112704, 'b_bulk_scale': 0.15928399412306013, 'b_dislocation_scale': 0.18914480409258563, 'gb_scale': 7.032882228770177, 'gd_bubble_scale': 0.07562901949888039, 'gd_line_scale': 7.336950712640264, 'gd_line_alpha': 0.7825591643445476, 'coalescence_d_scale': 0.27432992540844214, 'capture_scale': 2.6931742625913704}. Best is trial 316 with value: 2.112201451402938.Best trial: 316. Best value: 2.1122:  22%|██▏       | 324/1500 [22:08<1:24:30,  4.31s/it]Best trial: 316. Best value: 2.1122:  22%|██▏       | 324/1500 [22:08<1:24:30,  4.31s/it]Best trial: 316. Best value: 2.1122:  22%|██▏       | 325/1500 [22:08<1:25:18,  4.36s/it]                                                                                         Best trial: 316. Best value: 2.1122:  22%|██▏       | 325/1500 [22:12<1:25:18,  4.36s/it]Best trial: 316. Best value: 2.1122:  22%|██▏       | 325/1500 [22:13<1:25:18,  4.36s/it]Best trial: 316. Best value: 2.1122:  22%|██▏       | 326/1500 [22:13<1:25:43,  4.38s/it]                                                                                         Best trial: 316. Best value: 2.1122:  22%|██▏       | 326/1500 [22:15<1:25:43,  4.38s/it]Best trial: 316. Best value: 2.1122:  22%|██▏       | 326/1500 [22:15<1:25:43,  4.38s/it]Best trial: 316. Best value: 2.1122:  22%|██▏       | 327/1500 [22:15<1:17:07,  3.95s/it]                                                                                         Best trial: 316. Best value: 2.1122:  22%|██▏       | 327/1500 [22:20<1:17:07,  3.95s/it]Best trial: 316. Best value: 2.1122:  22%|██▏       | 327/1500 [22:20<1:17:07,  3.95s/it]Best trial: 316. Best value: 2.1122:  22%|██▏       | 328/1500 [22:20<1:20:23,  4.12s/it]                                                                                         Best trial: 316. Best value: 2.1122:  22%|██▏       | 328/1500 [22:24<1:20:23,  4.12s/it]Best trial: 316. Best value: 2.1122:  22%|██▏       | 328/1500 [22:24<1:20:23,  4.12s/it]Best trial: 316. Best value: 2.1122:  22%|██▏       | 329/1500 [22:24<1:22:30,  4.23s/it]                                                                                         Best trial: 316. Best value: 2.1122:  22%|██▏       | 329/1500 [22:29<1:22:30,  4.23s/it]Best trial: 316. Best value: 2.1122:  22%|██▏       | 329/1500 [22:29<1:22:30,  4.23s/it]Best trial: 316. Best value: 2.1122:  22%|██▏       | 330/1500 [22:29<1:24:20,  4.33s/it]                                                                                         Best trial: 316. Best value: 2.1122:  22%|██▏       | 330/1500 [22:34<1:24:20,  4.33s/it]Best trial: 316. Best value: 2.1122:  22%|██▏       | 330/1500 [22:34<1:24:20,  4.33s/it]Best trial: 316. Best value: 2.1122:  22%|██▏       | 331/1500 [22:34<1:26:46,  4.45s/it]                                                                                         Best trial: 316. Best value: 2.1122:  22%|██▏       | 331/1500 [22:38<1:26:46,  4.45s/it]Best trial: 316. Best value: 2.1122:  22%|██▏       | 331/1500 [22:39<1:26:46,  4.45s/it]Best trial: 316. Best value: 2.1122:  22%|██▏       | 332/1500 [22:39<1:28:30,  4.55s/it]                                                                                         Best trial: 316. Best value: 2.1122:  22%|██▏       | 332/1500 [22:43<1:28:30,  4.55s/it]Best trial: 316. Best value: 2.1122:  22%|██▏       | 332/1500 [22:43<1:28:30,  4.55s/it]Best trial: 316. Best value: 2.1122:  22%|██▏       | 333/1500 [22:43<1:29:13,  4.59s/it]                                                                                         Best trial: 316. Best value: 2.1122:  22%|██▏       | 333/1500 [22:46<1:29:13,  4.59s/it]Best trial: 316. Best value: 2.1122:  22%|██▏       | 333/1500 [22:46<1:29:13,  4.59s/it]Best trial: 316. Best value: 2.1122:  22%|██▏       | 334/1500 [22:46<1:18:36,  4.04s/it]                                                                                         Best trial: 316. Best value: 2.1122:  22%|██▏       | 334/1500 [22:50<1:18:36,  4.04s/it]Best trial: 316. Best value: 2.1122:  22%|██▏       | 334/1500 [22:51<1:18:36,  4.04s/it]Best trial: 316. Best value: 2.1122:  22%|██▏       | 335/1500 [22:51<1:21:23,  4.19s/it]                                                                                         Best trial: 316. Best value: 2.1122:  22%|██▏       | 335/1500 [22:55<1:21:23,  4.19s/it]Best trial: 316. Best value: 2.1122:  22%|██▏       | 335/1500 [22:55<1:21:23,  4.19s/it]Best trial: 316. Best value: 2.1122:  22%|██▏       | 336/1500 [22:55<1:22:51,  4.27s/it]                                                                                         
[I 2026-05-02 21:59:53,043] Trial 325 finished with value: 2.141103723895843 and parameters: {'f_n': 2.0917689601511696e-06, 'K_d': 202899.44204343803, 'rho_d': 36354764074942.79, 'fission_rate': 6.729973134914096e+19, 'Dg_D1_scale': 1.829581637471637, 'Dg_D3_scale': 3.3495703424861447, 'Dv_D1_scale': 0.20241933637131537, 'Dv_D2_scale': 2.6702599176899597, 'b_bulk_scale': 0.16185761980109528, 'b_dislocation_scale': 0.1897783482065997, 'gb_scale': 7.015017000989853, 'gd_bubble_scale': 0.07627467692374751, 'gd_line_scale': 7.3703823122571785, 'gd_line_alpha': 0.7840352844747092, 'coalescence_d_scale': 0.27913982754863864, 'capture_scale': 2.363545538176773}. Best is trial 316 with value: 2.112201451402938.
[I 2026-05-02 21:59:55,969] Trial 326 finished with value: 2.1419931708099167 and parameters: {'f_n': 2.0346667300903894e-06, 'K_d': 201475.0307842198, 'rho_d': 36282420470418.875, 'fission_rate': 6.557413724408241e+19, 'Dg_D1_scale': 1.81036611442311, 'Dg_D3_scale': 3.422560587832474, 'Dv_D1_scale': 0.20258295424238723, 'Dv_D2_scale': 2.6593993855508895, 'b_bulk_scale': 0.15718148937771467, 'b_dislocation_scale': 0.19167283479758948, 'gb_scale': 6.971935938922718, 'gd_bubble_scale': 0.07618193143780667, 'gd_line_scale': 7.418498787776456, 'gd_line_alpha': 0.7812185878048028, 'coalescence_d_scale': 0.26895272143215315, 'capture_scale': 2.5196883797055585}. Best is trial 316 with value: 2.112201451402938.
[I 2026-05-02 22:00:00,484] Trial 327 finished with value: 2.1342439655540426 and parameters: {'f_n': 2.033972271181524e-06, 'K_d': 201913.14470606623, 'rho_d': 36256406803143.195, 'fission_rate': 6.592933583579758e+19, 'Dg_D1_scale': 1.819388455210003, 'Dg_D3_scale': 3.416874684624146, 'Dv_D1_scale': 0.2003547049069094, 'Dv_D2_scale': 2.627213104901477, 'b_bulk_scale': 0.1573321017121111, 'b_dislocation_scale': 0.19923927555158677, 'gb_scale': 6.841275588014744, 'gd_bubble_scale': 0.07490488634481622, 'gd_line_scale': 7.38064826685279, 'gd_line_alpha': 0.7786872434452516, 'coalescence_d_scale': 0.2729245744286643, 'capture_scale': 2.4906673164620385}. Best is trial 316 with value: 2.112201451402938.
[I 2026-05-02 22:00:04,973] Trial 328 finished with value: 2.1372640779812464 and parameters: {'f_n': 2.0634936117392476e-06, 'K_d': 204195.18847060783, 'rho_d': 36408170608888.23, 'fission_rate': 6.564740436714087e+19, 'Dg_D1_scale': 1.8030792851933373, 'Dg_D3_scale': 3.3735568401340847, 'Dv_D1_scale': 0.20019751479739947, 'Dv_D2_scale': 2.6215865074138556, 'b_bulk_scale': 0.15647312791502385, 'b_dislocation_scale': 0.20067428707948776, 'gb_scale': 6.688148887982268, 'gd_bubble_scale': 0.0742568251271793, 'gd_line_scale': 7.431223505838579, 'gd_line_alpha': 0.7812728407659821, 'coalescence_d_scale': 0.2663162242199275, 'capture_scale': 2.5127219863628905}. Best is trial 316 with value: 2.112201451402938.
[I 2026-05-02 22:00:09,527] Trial 329 finished with value: 2.1558212971487887 and parameters: {'f_n': 2.0282660018331526e-06, 'K_d': 205128.03214751644, 'rho_d': 36928572202041.02, 'fission_rate': 6.5792334473765134e+19, 'Dg_D1_scale': 1.7813015212977983, 'Dg_D3_scale': 3.3676668650977737, 'Dv_D1_scale': 0.20324430710982, 'Dv_D2_scale': 2.6181663014711183, 'b_bulk_scale': 0.1531952164778048, 'b_dislocation_scale': 0.1946200372216159, 'gb_scale': 6.808241847241996, 'gd_bubble_scale': 0.07436041380995033, 'gd_line_scale': 7.560057388937439, 'gd_line_alpha': 0.7744713150195769, 'coalescence_d_scale': 0.25736254311629225, 'capture_scale': 2.4111776251208625}. Best is trial 316 with value: 2.112201451402938.
[I 2026-05-02 22:00:14,278] Trial 330 finished with value: 2.1382383491799337 and parameters: {'f_n': 2.028266885594139e-06, 'K_d': 204153.4981838511, 'rho_d': 36542643945149.07, 'fission_rate': 6.662817917276912e+19, 'Dg_D1_scale': 1.7360133885580191, 'Dg_D3_scale': 3.2216994561354246, 'Dv_D1_scale': 0.20028766870966344, 'Dv_D2_scale': 2.621400746748315, 'b_bulk_scale': 0.1550609265845773, 'b_dislocation_scale': 0.1903343404108885, 'gb_scale': 7.220381885521958, 'gd_bubble_scale': 0.0697736276035061, 'gd_line_scale': 7.440185984381813, 'gd_line_alpha': 0.778171026968741, 'coalescence_d_scale': 0.2704276467339995, 'capture_scale': 3.514515330817554}. Best is trial 316 with value: 2.112201451402938.
[I 2026-05-02 22:00:19,021] Trial 331 finished with value: 2.170080820533415 and parameters: {'f_n': 1.96678603889154e-06, 'K_d': 206268.50703923847, 'rho_d': 36596429665621.12, 'fission_rate': 6.375359116213042e+19, 'Dg_D1_scale': 1.7670234889459486, 'Dg_D3_scale': 3.215594767471363, 'Dv_D1_scale': 0.20269010488583777, 'Dv_D2_scale': 2.6449563228226265, 'b_bulk_scale': 0.15885279288458515, 'b_dislocation_scale': 0.18519225793204683, 'gb_scale': 7.07153660376173, 'gd_bubble_scale': 0.06852972601692692, 'gd_line_scale': 7.624036799402701, 'gd_line_alpha': 0.7862716841221233, 'coalescence_d_scale': 0.2719341419878722, 'capture_scale': 3.4113858336554257}. Best is trial 316 with value: 2.112201451402938.
[I 2026-05-02 22:00:23,717] Trial 332 finished with value: 2.162012481250506 and parameters: {'f_n': 2.0306677152805926e-06, 'K_d': 206101.9207114922, 'rho_d': 36805755003962.3, 'fission_rate': 6.559421036657648e+19, 'Dg_D1_scale': 1.8050327716949086, 'Dg_D3_scale': 3.499350496253606, 'Dv_D1_scale': 0.20118226745063522, 'Dv_D2_scale': 2.4343924387653813, 'b_bulk_scale': 0.15482326771206117, 'b_dislocation_scale': 0.2057797483640989, 'gb_scale': 6.393280138500855, 'gd_bubble_scale': 0.07266827673369525, 'gd_line_scale': 7.552906719754904, 'gd_line_alpha': 0.7599962193187696, 'coalescence_d_scale': 0.2502785984077423, 'capture_scale': 5.14312994347456}. Best is trial 316 with value: 2.112201451402938.
[I 2026-05-02 22:00:26,505] Trial 333 finished with value: 2.1418616907674823 and parameters: {'f_n': 2.0298720449109234e-06, 'K_d': 202333.72271882123, 'rho_d': 36536605939932.49, 'fission_rate': 6.745017338468678e+19, 'Dg_D1_scale': 1.6975688984717896, 'Dg_D3_scale': 3.5059866610534685, 'Dv_D1_scale': 0.20147607522474445, 'Dv_D2_scale': 2.645325836144586, 'b_bulk_scale': 0.15180928994349216, 'b_dislocation_scale': 0.18607707162475481, 'gb_scale': 7.560168326095992, 'gd_bubble_scale': 0.06757385228475978, 'gd_line_scale': 7.591871103094094, 'gd_line_alpha': 0.7846919013798419, 'coalescence_d_scale': 0.27587157525590844, 'capture_scale': 2.4867509961503984}. Best is trial 316 with value: 2.112201451402938.
[I 2026-05-02 22:00:31,037] Trial 334 finished with value: 4.108115478190585 and parameters: {'f_n': 1.7069952245782013e-09, 'K_d': 205510.47632429583, 'rho_d': 37812649270042.74, 'fission_rate': 6.548260527275612e+19, 'Dg_D1_scale': 1.755047056510458, 'Dg_D3_scale': 3.503822536886953, 'Dv_D1_scale': 0.2003933444261159, 'Dv_D2_scale': 2.5740227512627265, 'b_bulk_scale': 0.15327590788811613, 'b_dislocation_scale': 0.18240824754450172, 'gb_scale': 7.969252953078307, 'gd_bubble_scale': 0.06544648547699476, 'gd_line_scale': 7.605987172952524, 'gd_line_alpha': 0.7845623001159797, 'coalescence_d_scale': 0.2721442150283966, 'capture_scale': 2.2548350007526197}. Best is trial 316 with value: 2.112201451402938.
[I 2026-05-02 22:00:35,494] Trial 335 finished with value: 2.129362591229769 and parameters: {'f_n': 2.05645157100043e-06, 'K_d': 213114.04742070453, 'rho_d': 36591334598589.26, 'fission_rate': 6.643339613522183e+19, 'Dg_D1_scale': 1.6351873014131124, 'Dg_D3_scale': 3.134227398956186, 'Dv_D1_scale': 0.20036701473772356, 'Dv_D2_scale': 2.6375687505321794, 'b_bulk_scale': 0.15326086378957415, 'b_dislocation_scale': 0.20890635186331902, 'gb_scale': 6.8895804822188405, 'gd_bubble_scale': 0.07367604404663043, 'gd_line_scale': 7.595902378390225, 'gd_line_alpha': 0.7663969710759926, 'coalescence_d_scale': 0.24579356288235812, 'capture_scale': 2.734141419061494}. Best is trial 316 with value: 2.112201451402938.
[I 2026-05-02 22:00:40,001] Trial 336 finished with value: 2.1409920710847175 and parameters: {'f_n': 1.9271439739178223e-06, 'K_d': 216226.73489391178, 'rho_d': 37536560236900.234, 'fission_rate': 6.6086551068553445e+19, 'Dg_D1_scale': 1.6346109865635332, 'Dg_D3_scale': 3.1524317974129685, 'Dv_D1_scale': 0.20048612818429676, 'Dv_D2_scale': 2.658358986517168, 'b_bulk_scale': 0.1505168374262131, 'b_dislocation_scale': 0.21178211717061593, 'gb_scale': 6.8795982454172515, 'gd_bubble_scale': 0.07028133674190232, 'gd_line_scale': 7.760374211915372, 'gd_line_alpha': 0.7551780823429953, 'coalescence_d_scale': 0.24256020586620125, 'capture_scale': 2.7769358148955336}. Best is trial 316 with value: 2.112201451402938.Best trial: 316. Best value: 2.1122:  22%|██▏       | 336/1500 [22:59<1:22:51,  4.27s/it]Best trial: 316. Best value: 2.1122:  22%|██▏       | 336/1500 [23:00<1:22:51,  4.27s/it]Best trial: 316. Best value: 2.1122:  22%|██▏       | 337/1500 [23:00<1:24:10,  4.34s/it]                                                                                         Best trial: 316. Best value: 2.1122:  22%|██▏       | 337/1500 [23:04<1:24:10,  4.34s/it]Best trial: 316. Best value: 2.1122:  22%|██▏       | 337/1500 [23:04<1:24:10,  4.34s/it]Best trial: 316. Best value: 2.1122:  23%|██▎       | 338/1500 [23:04<1:24:42,  4.37s/it]                                                                                         Best trial: 316. Best value: 2.1122:  23%|██▎       | 338/1500 [23:07<1:24:42,  4.37s/it]Best trial: 316. Best value: 2.1122:  23%|██▎       | 338/1500 [23:07<1:24:42,  4.37s/it]Best trial: 316. Best value: 2.1122:  23%|██▎       | 339/1500 [23:07<1:19:45,  4.12s/it]                                                                                         Best trial: 316. Best value: 2.1122:  23%|██▎       | 339/1500 [23:12<1:19:45,  4.12s/it]Best trial: 316. Best value: 2.1122:  23%|██▎       | 339/1500 [23:12<1:19:45,  4.12s/it]Best trial: 316. Best value: 2.1122:  23%|██▎       | 340/1500 [23:12<1:22:47,  4.28s/it]                                                                                         Best trial: 316. Best value: 2.1122:  23%|██▎       | 340/1500 [23:17<1:22:47,  4.28s/it]Best trial: 316. Best value: 2.1122:  23%|██▎       | 340/1500 [23:17<1:22:47,  4.28s/it]Best trial: 316. Best value: 2.1122:  23%|██▎       | 341/1500 [23:17<1:24:11,  4.36s/it]                                                                                         Best trial: 316. Best value: 2.1122:  23%|██▎       | 341/1500 [23:19<1:24:11,  4.36s/it]Best trial: 316. Best value: 2.1122:  23%|██▎       | 341/1500 [23:20<1:24:11,  4.36s/it]Best trial: 316. Best value: 2.1122:  23%|██▎       | 342/1500 [23:20<1:15:30,  3.91s/it]                                                                                         Best trial: 316. Best value: 2.1122:  23%|██▎       | 342/1500 [23:24<1:15:30,  3.91s/it]Best trial: 316. Best value: 2.1122:  23%|██▎       | 342/1500 [23:24<1:15:30,  3.91s/it]Best trial: 316. Best value: 2.1122:  23%|██▎       | 343/1500 [23:24<1:18:37,  4.08s/it]                                                                                         Best trial: 316. Best value: 2.1122:  23%|██▎       | 343/1500 [23:28<1:18:37,  4.08s/it]Best trial: 316. Best value: 2.1122:  23%|██▎       | 343/1500 [23:28<1:18:37,  4.08s/it]Best trial: 316. Best value: 2.1122:  23%|██▎       | 344/1500 [23:28<1:20:35,  4.18s/it]                                                                                         Best trial: 316. Best value: 2.1122:  23%|██▎       | 344/1500 [23:33<1:20:35,  4.18s/it]Best trial: 316. Best value: 2.1122:  23%|██▎       | 344/1500 [23:33<1:20:35,  4.18s/it]Best trial: 316. Best value: 2.1122:  23%|██▎       | 345/1500 [23:33<1:23:04,  4.32s/it]                                                                                         Best trial: 316. Best value: 2.1122:  23%|██▎       | 345/1500 [23:38<1:23:04,  4.32s/it]Best trial: 316. Best value: 2.1122:  23%|██▎       | 345/1500 [23:38<1:23:04,  4.32s/it]Best trial: 316. Best value: 2.1122:  23%|██▎       | 346/1500 [23:38<1:24:11,  4.38s/it]                                                                                         Best trial: 316. Best value: 2.1122:  23%|██▎       | 346/1500 [23:42<1:24:11,  4.38s/it]Best trial: 316. Best value: 2.1122:  23%|██▎       | 346/1500 [23:42<1:24:11,  4.38s/it]Best trial: 316. Best value: 2.1122:  23%|██▎       | 347/1500 [23:42<1:26:19,  4.49s/it]                                                                                         Best trial: 316. Best value: 2.1122:  23%|██▎       | 347/1500 [23:47<1:26:19,  4.49s/it]Best trial: 316. Best value: 2.1122:  23%|██▎       | 347/1500 [23:47<1:26:19,  4.49s/it]Best trial: 316. Best value: 2.1122:  23%|██▎       | 348/1500 [23:47<1:26:12,  4.49s/it]                                                                                         
[I 2026-05-02 22:00:44,453] Trial 337 finished with value: 2.162904747712 and parameters: {'f_n': 1.971579345472845e-06, 'K_d': 214254.69665024476, 'rho_d': 37892806807755.45, 'fission_rate': 6.6143912244973584e+19, 'Dg_D1_scale': 1.6656103533577427, 'Dg_D3_scale': 3.1903543381819115, 'Dv_D1_scale': 0.20021793218072792, 'Dv_D2_scale': 2.4552658811431787, 'b_bulk_scale': 0.14870984528593809, 'b_dislocation_scale': 0.21174404008894807, 'gb_scale': 6.74511505069313, 'gd_bubble_scale': 0.06869557216642884, 'gd_line_scale': 7.902257406419625, 'gd_line_alpha': 0.7572835697622438, 'coalescence_d_scale': 0.23556515256373475, 'capture_scale': 2.873018801558536}. Best is trial 316 with value: 2.112201451402938.
[I 2026-05-02 22:00:47,986] Trial 338 finished with value: 4.486748217594209 and parameters: {'f_n': 2.0532407659797673e-06, 'K_d': 216881.0733985917, 'rho_d': 36679929333438.375, 'fission_rate': 6.643241120330186e+19, 'Dg_D1_scale': 1.6812765031207033, 'Dg_D3_scale': 3.14845316241349, 'Dv_D1_scale': 0.20184397521358755, 'Dv_D2_scale': 2.6364974218458643, 'b_bulk_scale': 0.1416704908715035, 'b_dislocation_scale': 0.209682285137435, 'gb_scale': 6.994187114469562, 'gd_bubble_scale': 0.06311192837533189, 'gd_line_scale': 0.46451834654820123, 'gd_line_alpha': 0.783730281054725, 'coalescence_d_scale': 0.2494374910735367, 'capture_scale': 1.9547500307269357}. Best is trial 316 with value: 2.112201451402938.
[I 2026-05-02 22:00:52,643] Trial 339 finished with value: 2.2303689211739908 and parameters: {'f_n': 1.9581113879800458e-06, 'K_d': 207468.33808022778, 'rho_d': 39504870674107.086, 'fission_rate': 6.352947823107005e+19, 'Dg_D1_scale': 1.7728135063299406, 'Dg_D3_scale': 3.311526568250476, 'Dv_D1_scale': 0.20058173194247592, 'Dv_D2_scale': 2.5021211561302756, 'b_bulk_scale': 0.1563025295993869, 'b_dislocation_scale': 0.2088858338401174, 'gb_scale': 5.947017713660278, 'gd_bubble_scale': 0.07308947613304166, 'gd_line_scale': 7.7561743666678025, 'gd_line_alpha': 0.770272620530322, 'coalescence_d_scale': 0.2758520591542238, 'capture_scale': 3.893432643122037}. Best is trial 316 with value: 2.112201451402938.
[I 2026-05-02 22:00:57,177] Trial 340 finished with value: 2.221641516657636 and parameters: {'f_n': 2.0326142814324237e-06, 'K_d': 203695.1861255878, 'rho_d': 36830888007695.49, 'fission_rate': 6.54921677249216e+19, 'Dg_D1_scale': 1.6445073562398933, 'Dg_D3_scale': 3.4411537071292253, 'Dv_D1_scale': 0.20010793625213277, 'Dv_D2_scale': 2.648659626135124, 'b_bulk_scale': 0.14872631759843213, 'b_dislocation_scale': 0.17884676932090493, 'gb_scale': 6.545906554520502, 'gd_bubble_scale': 0.06696145559963547, 'gd_line_scale': 8.014097793141657, 'gd_line_alpha': 0.7885056805920649, 'coalescence_d_scale': 0.24734111885252788, 'capture_scale': 2.9014482366521968}. Best is trial 316 with value: 2.112201451402938.
[I 2026-05-02 22:01:00,050] Trial 341 finished with value: 2.185429797267695 and parameters: {'f_n': 1.7742650898030861e-06, 'K_d': 217526.14165838942, 'rho_d': 38626983619658.695, 'fission_rate': 6.7467858552610365e+19, 'Dg_D1_scale': 1.7849927270470873, 'Dg_D3_scale': 3.183812015620081, 'Dv_D1_scale': 0.22750431998150092, 'Dv_D2_scale': 2.3624992085848646, 'b_bulk_scale': 0.16250825711044778, 'b_dislocation_scale': 0.204507115043758, 'gb_scale': 7.23150150599022, 'gd_bubble_scale': 0.07356132026663327, 'gd_line_scale': 7.492940560453977, 'gd_line_alpha': 0.791766255502065, 'coalescence_d_scale': 0.2745429830411023, 'capture_scale': 2.079941640644638}. Best is trial 316 with value: 2.112201451402938.
