[I 2026-05-02 23:21:52,250] Trial 1260 finished with value: 2.0647438394186324 and parameters: {'f_n': 5.322508693003702e-07, 'K_d': 148407.1874981421, 'rho_d': 75627948598939.22, 'fission_rate': 4.9976454176921305e+19, 'Dg_D1_scale': 0.33487449593842417, 'Dg_D3_scale': 2.455523354141027, 'Dv_D1_scale': 0.3769418862692018, 'Dv_D2_scale': 3.4537507766812303, 'b_bulk_scale': 0.5557154087580102, 'b_dislocation_scale': 0.05450005162675936, 'gb_scale': 2.70783917094672, 'gd_bubble_scale': 0.17357948166829704, 'gd_line_scale': 0.2774118825498456, 'gd_line_alpha': 0.5246804922457348, 'coalescence_d_scale': 0.6255227869800118, 'capture_scale': 0.08943344934327119}. Best is trial 756 with value: 2.012228641160978.Best trial: 756. Best value: 2.01223:  84%|████████▍ | 1260/1500 [1:44:12<22:10,  5.54s/it]Best trial: 756. Best value: 2.01223:  84%|████████▍ | 1260/1500 [1:44:12<22:10,  5.54s/it]Best trial: 756. Best value: 2.01223:  84%|████████▍ | 1261/1500 [1:44:12<22:38,  5.68s/it]                                                                                           Best trial: 756. Best value: 2.01223:  84%|████████▍ | 1261/1500 [1:44:18<22:38,  5.68s/it]Best trial: 756. Best value: 2.01223:  84%|████████▍ | 1261/1500 [1:44:18<22:38,  5.68s/it]Best trial: 756. Best value: 2.01223:  84%|████████▍ | 1262/1500 [1:44:18<22:39,  5.71s/it]                                                                                           Best trial: 756. Best value: 2.01223:  84%|████████▍ | 1262/1500 [1:44:24<22:39,  5.71s/it]Best trial: 756. Best value: 2.01223:  84%|████████▍ | 1262/1500 [1:44:24<22:39,  5.71s/it]Best trial: 756. Best value: 2.01223:  84%|████████▍ | 1263/1500 [1:44:24<22:57,  5.81s/it]                                                                                           Best trial: 756. Best value: 2.01223:  84%|████████▍ | 1263/1500 [1:44:28<22:57,  5.81s/it]Best trial: 756. Best value: 2.01223:  84%|████████▍ | 1263/1500 [1:44:28<22:57,  5.81s/it]Best trial: 756. Best value: 2.01223:  84%|████████▍ | 1264/1500 [1:44:28<20:59,  5.34s/it]                                                                                           Best trial: 756. Best value: 2.01223:  84%|████████▍ | 1264/1500 [1:44:34<20:59,  5.34s/it]Best trial: 756. Best value: 2.01223:  84%|████████▍ | 1264/1500 [1:44:34<20:59,  5.34s/it]Best trial: 756. Best value: 2.01223:  84%|████████▍ | 1265/1500 [1:44:34<21:39,  5.53s/it]                                                                                           Best trial: 756. Best value: 2.01223:  84%|████████▍ | 1265/1500 [1:44:40<21:39,  5.53s/it]Best trial: 756. Best value: 2.01223:  84%|████████▍ | 1265/1500 [1:44:40<21:39,  5.53s/it]Best trial: 756. Best value: 2.01223:  84%|████████▍ | 1266/1500 [1:44:40<22:06,  5.67s/it]                                                                                           Best trial: 756. Best value: 2.01223:  84%|████████▍ | 1266/1500 [1:44:46<22:06,  5.67s/it]Best trial: 756. Best value: 2.01223:  84%|████████▍ | 1266/1500 [1:44:46<22:06,  5.67s/it]Best trial: 756. Best value: 2.01223:  84%|████████▍ | 1267/1500 [1:44:46<22:18,  5.75s/it]                                                                                           Best trial: 756. Best value: 2.01223:  84%|████████▍ | 1267/1500 [1:44:51<22:18,  5.75s/it]Best trial: 756. Best value: 2.01223:  84%|████████▍ | 1267/1500 [1:44:52<22:18,  5.75s/it]Best trial: 756. Best value: 2.01223:  85%|████████▍ | 1268/1500 [1:44:52<22:08,  5.73s/it]                                                                                           Best trial: 756. Best value: 2.01223:  85%|████████▍ | 1268/1500 [1:44:57<22:08,  5.73s/it]Best trial: 756. Best value: 2.01223:  85%|████████▍ | 1268/1500 [1:44:58<22:08,  5.73s/it]Best trial: 756. Best value: 2.01223:  85%|████████▍ | 1269/1500 [1:44:58<22:27,  5.83s/it]                                                                                           Best trial: 756. Best value: 2.01223:  85%|████████▍ | 1269/1500 [1:45:02<22:27,  5.83s/it]Best trial: 756. Best value: 2.01223:  85%|████████▍ | 1269/1500 [1:45:02<22:27,  5.83s/it]Best trial: 756. Best value: 2.01223:  85%|████████▍ | 1270/1500 [1:45:02<20:56,  5.46s/it]                                                                                           Best trial: 756. Best value: 2.01223:  85%|████████▍ | 1270/1500 [1:45:08<20:56,  5.46s/it]Best trial: 756. Best value: 2.01223:  85%|████████▍ | 1270/1500 [1:45:08<20:56,  5.46s/it]Best trial: 756. Best value: 2.01223:  85%|████████▍ | 1271/1500 [1:45:08<21:40,  5.68s/it]                                                                                           Best trial: 756. Best value: 2.01223:  85%|████████▍ | 1271/1500 [1:45:15<21:40,  5.68s/it]Best trial: 756. Best value: 2.01223:  85%|████████▍ | 1271/1500 [1:45:15<21:40,  5.68s/it]Best trial: 756. Best value: 2.01223:  85%|████████▍ | 1272/1500 [1:45:15<22:30,  5.92s/it]                                                                                           
[I 2026-05-02 23:21:58,090] Trial 1261 finished with value: 2.0740284192582115 and parameters: {'f_n': 3.8879443650308026e-07, 'K_d': 133468.94732319837, 'rho_d': 67187868277741.47, 'fission_rate': 5.1353620753108165e+19, 'Dg_D1_scale': 0.3527863429610908, 'Dg_D3_scale': 2.429406629720786, 'Dv_D1_scale': 0.3514815928488068, 'Dv_D2_scale': 3.4607162579464905, 'b_bulk_scale': 0.6200761134574744, 'b_dislocation_scale': 0.06394058041708005, 'gb_scale': 2.385317157635548, 'gd_bubble_scale': 0.1777905464337317, 'gd_line_scale': 0.33924187089367075, 'gd_line_alpha': 0.5368678767533588, 'coalescence_d_scale': 0.5371550695330122, 'capture_scale': 0.1361447361828501}. Best is trial 756 with value: 2.012228641160978.
[I 2026-05-02 23:22:04,129] Trial 1262 finished with value: 2.0754923559705567 and parameters: {'f_n': 4.3943852714774947e-07, 'K_d': 138433.64474061577, 'rho_d': 66028757711975.69, 'fission_rate': 4.911816885599701e+19, 'Dg_D1_scale': 0.30613771322859895, 'Dg_D3_scale': 2.645882872981309, 'Dv_D1_scale': 0.39888956012850124, 'Dv_D2_scale': 3.263802919020064, 'b_bulk_scale': 0.51542802440274, 'b_dislocation_scale': 0.08062892878590691, 'gb_scale': 2.642095604954663, 'gd_bubble_scale': 0.1494964280673538, 'gd_line_scale': 0.3827516886696752, 'gd_line_alpha': 0.5683061185190206, 'coalescence_d_scale': 0.5550680468339071, 'capture_scale': 0.09945528895443331}. Best is trial 756 with value: 2.012228641160978.
[I 2026-05-02 23:22:08,359] Trial 1263 finished with value: 2.4023878488631953 and parameters: {'f_n': 4.800972728271258e-07, 'K_d': 148283.62872713283, 'rho_d': 72039053214828.81, 'fission_rate': 5.058898899131661e+19, 'Dg_D1_scale': 0.36178078626365817, 'Dg_D3_scale': 2.612858022432797, 'Dv_D1_scale': 0.35937207630406687, 'Dv_D2_scale': 3.540219284754448, 'b_bulk_scale': 0.5460385574613404, 'b_dislocation_scale': 0.07154925592446891, 'gb_scale': 2.6526546332703114, 'gd_bubble_scale': 0.16323464916053157, 'gd_line_scale': 0.5291502230338727, 'gd_line_alpha': 0.560028751208312, 'coalescence_d_scale': 0.5022438274820197, 'capture_scale': 0.15362743191790124}. Best is trial 756 with value: 2.012228641160978.
[I 2026-05-02 23:22:14,344] Trial 1264 finished with value: 2.070447050354389 and parameters: {'f_n': 5.859780988920474e-07, 'K_d': 132883.15398656137, 'rho_d': 63498671436972.62, 'fission_rate': 4.960602687888432e+19, 'Dg_D1_scale': 0.33814102057739, 'Dg_D3_scale': 2.1623920855493255, 'Dv_D1_scale': 0.34710580272611047, 'Dv_D2_scale': 3.247575530071796, 'b_bulk_scale': 0.6172498491078967, 'b_dislocation_scale': 0.08619611854320287, 'gb_scale': 2.2628539430339254, 'gd_bubble_scale': 0.14688556731786057, 'gd_line_scale': 0.4012806717808036, 'gd_line_alpha': 0.5563025137251789, 'coalescence_d_scale': 0.5135229231939321, 'capture_scale': 0.12146055648781333}. Best is trial 756 with value: 2.012228641160978.
[I 2026-05-02 23:22:20,337] Trial 1265 finished with value: 2.3697789627023162 and parameters: {'f_n': 3.72711992262194e-07, 'K_d': 147954.13862621828, 'rho_d': 59672590299853.7, 'fission_rate': 4.8983542331602805e+19, 'Dg_D1_scale': 0.3100360578967288, 'Dg_D3_scale': 2.4268836965546017, 'Dv_D1_scale': 1.6384216980261834, 'Dv_D2_scale': 3.6221194745881933, 'b_bulk_scale': 0.4889412633236949, 'b_dislocation_scale': 0.07785928662504958, 'gb_scale': 2.698092957488913, 'gd_bubble_scale': 0.16928832389268314, 'gd_line_scale': 0.3086243610380097, 'gd_line_alpha': 0.5542021988346086, 'coalescence_d_scale': 0.6180007600330691, 'capture_scale': 0.07737835484594463}. Best is trial 756 with value: 2.012228641160978.
[I 2026-05-02 23:22:26,263] Trial 1266 finished with value: 2.1229278741370514 and parameters: {'f_n': 6.210375781518043e-07, 'K_d': 130460.12730749763, 'rho_d': 63994787104980.45, 'fission_rate': 4.963049059537139e+19, 'Dg_D1_scale': 0.2801101850494976, 'Dg_D3_scale': 1.0283092244046481, 'Dv_D1_scale': 0.38009210539455535, 'Dv_D2_scale': 3.64333846883504, 'b_bulk_scale': 0.5034251312354294, 'b_dislocation_scale': 0.06758748810283727, 'gb_scale': 2.395789443673116, 'gd_bubble_scale': 0.15714713653198803, 'gd_line_scale': 0.5438967881726035, 'gd_line_alpha': 0.5405537382705872, 'coalescence_d_scale': 0.5465723003360605, 'capture_scale': 0.08637736801323172}. Best is trial 756 with value: 2.012228641160978.
[I 2026-05-02 23:22:31,943] Trial 1267 finished with value: 2.284034513277514 and parameters: {'f_n': 4.3029794416491593e-07, 'K_d': 129003.2885386801, 'rho_d': 69218069108674.42, 'fission_rate': 5.22844642282261e+19, 'Dg_D1_scale': 0.3689679476439928, 'Dg_D3_scale': 2.354445018062892, 'Dv_D1_scale': 0.32416169037211495, 'Dv_D2_scale': 3.207804378127893, 'b_bulk_scale': 0.46848669286983835, 'b_dislocation_scale': 0.0890206856801656, 'gb_scale': 2.890712777240969, 'gd_bubble_scale': 0.14507076786931658, 'gd_line_scale': 0.36057265756749385, 'gd_line_alpha': 0.6038451699841709, 'coalescence_d_scale': 0.4980815252239136, 'capture_scale': 0.10736584680347125}. Best is trial 756 with value: 2.012228641160978.
[I 2026-05-02 23:22:38,019] Trial 1268 finished with value: 2.148402819624742 and parameters: {'f_n': 5.034429000226553e-07, 'K_d': 135866.39481531602, 'rho_d': 57223450765518.58, 'fission_rate': 4.8479376278654984e+19, 'Dg_D1_scale': 0.34463253500841934, 'Dg_D3_scale': 2.257649725635277, 'Dv_D1_scale': 0.34910366574522284, 'Dv_D2_scale': 3.441218073084204, 'b_bulk_scale': 0.564727834850211, 'b_dislocation_scale': 0.05942512618491079, 'gb_scale': 2.4925246735508, 'gd_bubble_scale': 0.16577708750572875, 'gd_line_scale': 0.4751197352912891, 'gd_line_alpha': 0.5303189267241945, 'coalescence_d_scale': 0.5646361497033795, 'capture_scale': 0.1389014319266737}. Best is trial 756 with value: 2.012228641160978.
[I 2026-05-02 23:22:42,616] Trial 1269 finished with value: 2.348044548436826 and parameters: {'f_n': 3.576196195718658e-07, 'K_d': 124875.99651113906, 'rho_d': 60457710283961.34, 'fission_rate': 4.7997820141044875e+19, 'Dg_D1_scale': 0.2536074365946654, 'Dg_D3_scale': 2.6390938617452413, 'Dv_D1_scale': 0.3644597090868913, 'Dv_D2_scale': 3.7328590850082453, 'b_bulk_scale': 0.6906923244472668, 'b_dislocation_scale': 0.07711471109714244, 'gb_scale': 2.7759062143220543, 'gd_bubble_scale': 0.14090432954374957, 'gd_line_scale': 0.5420732276000444, 'gd_line_alpha': 0.5807537054797722, 'coalescence_d_scale': 0.6563848899659148, 'capture_scale': 0.096129174323694}. Best is trial 756 with value: 2.012228641160978.
[I 2026-05-02 23:22:48,798] Trial 1270 finished with value: 2.1721098639831613 and parameters: {'f_n': 4.7248413405052686e-07, 'K_d': 119303.08281661445, 'rho_d': 65491935439937.37, 'fission_rate': 4.928170147081904e+19, 'Dg_D1_scale': 0.3187166329619377, 'Dg_D3_scale': 2.0204571952293024, 'Dv_D1_scale': 0.404614126144351, 'Dv_D2_scale': 3.758762851838589, 'b_bulk_scale': 0.4462716860691867, 'b_dislocation_scale': 0.08816989543873492, 'gb_scale': 2.82727403825544, 'gd_bubble_scale': 0.13347736613269692, 'gd_line_scale': 0.4139322719086984, 'gd_line_alpha': 0.5150814647299525, 'coalescence_d_scale': 0.49678687006118205, 'capture_scale': 0.11426723132116322}. Best is trial 756 with value: 2.012228641160978.
[I 2026-05-02 23:22:55,287] Trial 1271 finished with value: 2.1408427856829206 and parameters: {'f_n': 6.376286056406977e-07, 'K_d': 140784.92736785617, 'rho_d': 57477746924100.52, 'fission_rate': 4.854869689023896e+19, 'Dg_D1_scale': 0.2903582408621997, 'Dg_D3_scale': 2.4481229024883344, 'Dv_D1_scale': 0.32530899101500527, 'Dv_D2_scale': 3.4329656933523545, 'b_bulk_scale': 0.5279288068659892, 'b_dislocation_scale': 0.07071734197009606, 'gb_scale': 2.523511337895544, 'gd_bubble_scale': 1.9916587282276061, 'gd_line_scale': 0.5010691262009839, 'gd_line_alpha': 0.568362871682314, 'coalescence_d_scale': 0.48307738688585217, 'capture_scale': 0.0762924592962593}. Best is trial 756 with value: 2.012228641160978.
[I 2026-05-02 23:23:01,262] Trial 1272 finished with value: 2.0579390506463757 and parameters: {'f_n': 5.168250992249449e-07, 'K_d': 127355.40986125192, 'rho_d': 62099759065027.06, 'fission_rate': 5.010578337361243e+19, 'Dg_D1_scale': 0.2678306829897562, 'Dg_D3_scale': 1.8999687072411038, 'Dv_D1_scale': 0.3441407547119647, 'Dv_D2_scale': 3.6194863236391104, 'b_bulk_scale': 0.6175540114229677, 'b_dislocation_scale': 0.07998802940496592, 'gb_scale': 2.319377555598634, 'gd_bubble_scale': 0.17644502014478344, 'gd_line_scale': 0.47393096286120523, 'gd_line_alpha': 0.5220115977227033, 'coalescence_d_scale': 0.5800867301493922, 'capture_scale': 0.038314930219512634}. Best is trial 756 with value: 2.012228641160978.Best trial: 756. Best value: 2.01223:  85%|████████▍ | 1272/1500 [1:45:21<22:30,  5.92s/it]Best trial: 756. Best value: 2.01223:  85%|████████▍ | 1272/1500 [1:45:21<22:30,  5.92s/it]Best trial: 756. Best value: 2.01223:  85%|████████▍ | 1273/1500 [1:45:21<22:28,  5.94s/it]                                                                                           Best trial: 756. Best value: 2.01223:  85%|████████▍ | 1273/1500 [1:45:27<22:28,  5.94s/it]Best trial: 756. Best value: 2.01223:  85%|████████▍ | 1273/1500 [1:45:27<22:28,  5.94s/it]Best trial: 756. Best value: 2.01223:  85%|████████▍ | 1274/1500 [1:45:27<22:29,  5.97s/it]                                                                                           Best trial: 756. Best value: 2.01223:  85%|████████▍ | 1274/1500 [1:45:31<22:29,  5.97s/it]Best trial: 756. Best value: 2.01223:  85%|████████▍ | 1274/1500 [1:45:31<22:29,  5.97s/it]Best trial: 756. Best value: 2.01223:  85%|████████▌ | 1275/1500 [1:45:31<20:32,  5.48s/it]                                                                                           Best trial: 756. Best value: 2.01223:  85%|████████▌ | 1275/1500 [1:45:37<20:32,  5.48s/it]Best trial: 756. Best value: 2.01223:  85%|████████▌ | 1275/1500 [1:45:37<20:32,  5.48s/it]Best trial: 756. Best value: 2.01223:  85%|████████▌ | 1276/1500 [1:45:37<21:11,  5.68s/it]                                                                                           Best trial: 756. Best value: 2.01223:  85%|████████▌ | 1276/1500 [1:45:43<21:11,  5.68s/it]Best trial: 756. Best value: 2.01223:  85%|████████▌ | 1276/1500 [1:45:43<21:11,  5.68s/it]Best trial: 756. Best value: 2.01223:  85%|████████▌ | 1277/1500 [1:45:43<21:14,  5.71s/it]                                                                                           Best trial: 756. Best value: 2.01223:  85%|████████▌ | 1277/1500 [1:45:49<21:14,  5.71s/it]Best trial: 756. Best value: 2.01223:  85%|████████▌ | 1277/1500 [1:45:49<21:14,  5.71s/it]Best trial: 756. Best value: 2.01223:  85%|████████▌ | 1278/1500 [1:45:49<21:40,  5.86s/it]                                                                                           Best trial: 756. Best value: 2.01223:  85%|████████▌ | 1278/1500 [1:45:55<21:40,  5.86s/it]Best trial: 756. Best value: 2.01223:  85%|████████▌ | 1278/1500 [1:45:55<21:40,  5.86s/it]Best trial: 756. Best value: 2.01223:  85%|████████▌ | 1279/1500 [1:45:55<21:49,  5.93s/it]                                                                                           Best trial: 756. Best value: 2.01223:  85%|████████▌ | 1279/1500 [1:46:00<21:49,  5.93s/it]Best trial: 756. Best value: 2.01223:  85%|████████▌ | 1279/1500 [1:46:00<21:49,  5.93s/it]Best trial: 756. Best value: 2.01223:  85%|████████▌ | 1280/1500 [1:46:00<20:14,  5.52s/it]                                                                                           Best trial: 756. Best value: 2.01223:  85%|████████▌ | 1280/1500 [1:46:06<20:14,  5.52s/it]Best trial: 756. Best value: 2.01223:  85%|████████▌ | 1280/1500 [1:46:06<20:14,  5.52s/it]Best trial: 756. Best value: 2.01223:  85%|████████▌ | 1281/1500 [1:46:06<20:37,  5.65s/it]                                                                                           Best trial: 756. Best value: 2.01223:  85%|████████▌ | 1281/1500 [1:46:13<20:37,  5.65s/it]Best trial: 756. Best value: 2.01223:  85%|████████▌ | 1281/1500 [1:46:13<20:37,  5.65s/it]Best trial: 756. Best value: 2.01223:  85%|████████▌ | 1282/1500 [1:46:13<22:10,  6.11s/it]                                                                                           Best trial: 756. Best value: 2.01223:  85%|████████▌ | 1282/1500 [1:46:19<22:10,  6.11s/it]Best trial: 1282. Best value: 2.00826:  85%|████████▌ | 1282/1500 [1:46:19<22:10,  6.11s/it]Best trial: 1282. Best value: 2.00826:  86%|████████▌ | 1283/1500 [1:46:19<22:07,  6.12s/it]                                                                                            Best trial: 1282. Best value: 2.00826:  86%|████████▌ | 1283/1500 [1:46:26<22:07,  6.12s/it]Best trial: 1282. Best value: 2.00826:  86%|████████▌ | 1283/1500 [1:46:26<22:07,  6.12s/it]Best trial: 1282. Best value: 2.00826:  86%|████████▌ | 1284/1500 [1:46:26<22:17,  6.19s/it]                                                                                            
[I 2026-05-02 23:23:07,313] Trial 1273 finished with value: 2.4237274390307126 and parameters: {'f_n': 3.5292379591940923e-07, 'K_d': 121629.11117784187, 'rho_d': 68367888074972.86, 'fission_rate': 4.839451984165598e+19, 'Dg_D1_scale': 0.34601655663923747, 'Dg_D3_scale': 2.1403237619659436, 'Dv_D1_scale': 0.37944735262531337, 'Dv_D2_scale': 3.768145416363756, 'b_bulk_scale': 0.4855717941897891, 'b_dislocation_scale': 0.06558063096330509, 'gb_scale': 2.9208671690774657, 'gd_bubble_scale': 0.13084327964347028, 'gd_line_scale': 0.5485842690449485, 'gd_line_alpha': 0.6003888965842549, 'coalescence_d_scale': 0.49606785329986464, 'capture_scale': 0.12488530940821634}. Best is trial 756 with value: 2.012228641160978.
[I 2026-05-02 23:23:11,638] Trial 1274 finished with value: 3.955758793973544 and parameters: {'f_n': 6.049093259114237e-07, 'K_d': 132603.91536155302, 'rho_d': 14184690178054.56, 'fission_rate': 4.907402579748753e+19, 'Dg_D1_scale': 0.3758579942291084, 'Dg_D3_scale': 2.3302830896731734, 'Dv_D1_scale': 0.31951224139254764, 'Dv_D2_scale': 3.1927040499354353, 'b_bulk_scale': 0.5712420844791529, 'b_dislocation_scale': 0.0835676037607431, 'gb_scale': 2.6867024507599035, 'gd_bubble_scale': 0.15981074754165825, 'gd_line_scale': 0.3707792397575404, 'gd_line_alpha': 0.6108865702927733, 'coalescence_d_scale': 0.7834251517490984, 'capture_scale': 0.15464780656658475}. Best is trial 756 with value: 2.012228641160978.
[I 2026-05-02 23:23:17,779] Trial 1275 finished with value: 2.2858218809939888 and parameters: {'f_n': 3.8858482302822174e-07, 'K_d': 116233.61838647681, 'rho_d': 59685168554764.09, 'fission_rate': 4.786011000087613e+19, 'Dg_D1_scale': 0.3026196864926262, 'Dg_D3_scale': 2.571229197254669, 'Dv_D1_scale': 0.36561348147071177, 'Dv_D2_scale': 3.4545104042674675, 'b_bulk_scale': 0.677402775506738, 'b_dislocation_scale': 0.056042877078656246, 'gb_scale': 2.986306932723638, 'gd_bubble_scale': 0.1447275369043237, 'gd_line_scale': 0.453366004934505, 'gd_line_alpha': 0.5931030777532241, 'coalescence_d_scale': 0.5288797238476063, 'capture_scale': 0.08902081998398689}. Best is trial 756 with value: 2.012228641160978.
[I 2026-05-02 23:23:23,578] Trial 1276 finished with value: 2.3170984003933666 and parameters: {'f_n': 4.2038321169081817e-07, 'K_d': 121855.46061909843, 'rho_d': 56691551825756.984, 'fission_rate': 5.074595974705054e+19, 'Dg_D1_scale': 0.3761350019897432, 'Dg_D3_scale': 2.1975553546010036, 'Dv_D1_scale': 0.3364372108434126, 'Dv_D2_scale': 3.755902120580206, 'b_bulk_scale': 0.42898880322436017, 'b_dislocation_scale': 0.07319529540174544, 'gb_scale': 2.2655825361459105, 'gd_bubble_scale': 0.12565184627769213, 'gd_line_scale': 0.3331248318511434, 'gd_line_alpha': 0.5505700499379165, 'coalescence_d_scale': 0.4617831570046125, 'capture_scale': 0.10310783152508196}. Best is trial 756 with value: 2.012228641160978.
[I 2026-05-02 23:23:29,772] Trial 1277 finished with value: 2.08715646516646 and parameters: {'f_n': 5.167369233240619e-07, 'K_d': 116635.15234800192, 'rho_d': 63876026545121.48, 'fission_rate': 4.762534183171254e+19, 'Dg_D1_scale': 0.3286763946460283, 'Dg_D3_scale': 2.4815526862546475, 'Dv_D1_scale': 0.40814599008742325, 'Dv_D2_scale': 3.613141550888368, 'b_bulk_scale': 0.5085340276620773, 'b_dislocation_scale': 0.09028097957846175, 'gb_scale': 2.5726819973212516, 'gd_bubble_scale': 0.15447446095879064, 'gd_line_scale': 0.5645624292583448, 'gd_line_alpha': 0.5291157555085213, 'coalescence_d_scale': 0.4446200117911008, 'capture_scale': 0.12333454844954454}. Best is trial 756 with value: 2.012228641160978.
