[I 2026-05-02 22:55:37,736] Trial 990 finished with value: 2.135441893340355 and parameters: {'f_n': 4.3463558332639435e-07, 'K_d': 109246.61862717918, 'rho_d': 47620284125585.95, 'fission_rate': 4.700348133133652e+19, 'Dg_D1_scale': 0.47722266093219196, 'Dg_D3_scale': 1.8269881455207495, 'Dv_D1_scale': 0.3749116503456808, 'Dv_D2_scale': 3.7332042009527733, 'b_bulk_scale': 0.5720493371906998, 'b_dislocation_scale': 0.08284354491666629, 'gb_scale': 2.1323387289992124, 'gd_bubble_scale': 0.1532778551422539, 'gd_line_scale': 0.44257891137528316, 'gd_line_alpha': 0.9621627576589296, 'coalescence_d_scale': 0.4134915213206882, 'capture_scale': 0.17343863518265346}. Best is trial 756 with value: 2.012228641160978.
[I 2026-05-02 22:55:43,516] Trial 991 finished with value: 2.018087952484959 and parameters: {'f_n': 6.845542701192079e-07, 'K_d': 121189.23213530207, 'rho_d': 52925023933184.64, 'fission_rate': 5.0367147755755676e+19, 'Dg_D1_scale': 0.3937903545735223, 'Dg_D3_scale': 1.5204450482782088, 'Dv_D1_scale': 0.3531890182611386, 'Dv_D2_scale': 3.9993064992067855, 'b_bulk_scale': 0.4520280821140322, 'b_dislocation_scale': 0.06702059771709487, 'gb_scale': 2.3275896613224076, 'gd_bubble_scale': 0.18436281264123883, 'gd_line_scale': 0.545934336576016, 'gd_line_alpha': 0.9238062775235825, 'coalescence_d_scale': 0.44847009946796507, 'capture_scale': 0.12020918060450313}. Best is trial 756 with value: 2.012228641160978.
[I 2026-05-02 22:55:49,180] Trial 992 finished with value: 2.1485025757952636 and parameters: {'f_n': 6.400782358369839e-07, 'K_d': 130548.34583002502, 'rho_d': 53060387361636.93, 'fission_rate': 5.148111430271827e+19, 'Dg_D1_scale': 0.38604200526715016, 'Dg_D3_scale': 1.9601248874879078, 'Dv_D1_scale': 0.3331014565516804, 'Dv_D2_scale': 3.675313753496883, 'b_bulk_scale': 0.4280114392285925, 'b_dislocation_scale': 0.04977348131689922, 'gb_scale': 2.539892585109613, 'gd_bubble_scale': 0.1836998344656557, 'gd_line_scale': 0.5968015428045371, 'gd_line_alpha': 0.9109663142821366, 'coalescence_d_scale': 0.5026029114096762, 'capture_scale': 0.09861014091949274}. Best is trial 756 with value: 2.012228641160978.
[I 2026-05-02 22:55:54,976] Trial 993 finished with value: 2.1307395830436695 and parameters: {'f_n': 6.947828145412283e-07, 'K_d': 122139.27221651787, 'rho_d': 56904442160447.49, 'fission_rate': 5.048582931149926e+19, 'Dg_D1_scale': 0.39255779321137774, 'Dg_D3_scale': 1.5289533762870804, 'Dv_D1_scale': 0.3491307275727699, 'Dv_D2_scale': 3.999767274111497, 'b_bulk_scale': 0.459446192757096, 'b_dislocation_scale': 0.05598825192719417, 'gb_scale': 2.210779391057425, 'gd_bubble_scale': 0.15760113037439066, 'gd_line_scale': 0.5500866652975654, 'gd_line_alpha': 0.9187184276093061, 'coalescence_d_scale': 0.45999645646036785, 'capture_scale': 0.11855071636522328}. Best is trial 756 with value: 2.012228641160978.
[I 2026-05-02 22:56:00,848] Trial 994 finished with value: 2.0653306647089007 and parameters: {'f_n': 5.038196756357608e-07, 'K_d': 123355.5410061995, 'rho_d': 56610362834457.4, 'fission_rate': 4.996322763505228e+19, 'Dg_D1_scale': 0.4154935517500688, 'Dg_D3_scale': 1.8235223617670964, 'Dv_D1_scale': 0.3939843140262217, 'Dv_D2_scale': 3.6640586774156714, 'b_bulk_scale': 0.4041130234672715, 'b_dislocation_scale': 0.06708032150905412, 'gb_scale': 2.459311010748425, 'gd_bubble_scale': 0.1780277838037058, 'gd_line_scale': 0.5453628330572022, 'gd_line_alpha': 0.9287018835826689, 'coalescence_d_scale': 0.5049389752223193, 'capture_scale': 0.11113848948585542}. Best is trial 756 with value: 2.012228641160978.
[I 2026-05-02 22:56:05,023] Trial 995 finished with value: 2.045571384116321 and parameters: {'f_n': 4.357664391517837e-07, 'K_d': 110309.52160519602, 'rho_d': 52793370781528.54, 'fission_rate': 5.085039096982919e+19, 'Dg_D1_scale': 0.4549813859570736, 'Dg_D3_scale': 2.076773992519129, 'Dv_D1_scale': 0.3255556873835739, 'Dv_D2_scale': 3.6835003273760156, 'b_bulk_scale': 0.4793756779301057, 'b_dislocation_scale': 0.0622566106095813, 'gb_scale': 2.363999386344817, 'gd_bubble_scale': 0.14925039998812836, 'gd_line_scale': 0.4748593601389647, 'gd_line_alpha': 0.9658978432584977, 'coalescence_d_scale': 0.3974455407180983, 'capture_scale': 0.1307802219752649}. Best is trial 756 with value: 2.012228641160978.
[I 2026-05-02 22:56:10,727] Trial 996 finished with value: 13.967149250477565 and parameters: {'f_n': 2.5878116561623376e-07, 'K_d': 105315.115355019, 'rho_d': 54709558559528.38, 'fission_rate': 5.121997937569883e+19, 'Dg_D1_scale': 0.48828398453473965, 'Dg_D3_scale': 2.1064129787134123, 'Dv_D1_scale': 0.31589183349764494, 'Dv_D2_scale': 3.668291816147803, 'b_bulk_scale': 0.38772305437301813, 'b_dislocation_scale': 0.061880385105721004, 'gb_scale': 2.58447683249892, 'gd_bubble_scale': 0.13878694527769758, 'gd_line_scale': 0.6124190040296593, 'gd_line_alpha': 0.9631013254816256, 'coalescence_d_scale': 11.988856270252384, 'capture_scale': 0.12937996090004975}. Best is trial 756 with value: 2.012228641160978.Best trial: 756. Best value: 2.01223:  66%|██████▋   | 996/1500 [1:18:30<44:10,  5.26s/it]Best trial: 756. Best value: 2.01223:  66%|██████▋   | 996/1500 [1:18:30<44:10,  5.26s/it]Best trial: 756. Best value: 2.01223:  66%|██████▋   | 997/1500 [1:18:30<45:12,  5.39s/it]                                                                                          Best trial: 756. Best value: 2.01223:  66%|██████▋   | 997/1500 [1:18:36<45:12,  5.39s/it]Best trial: 756. Best value: 2.01223:  66%|██████▋   | 997/1500 [1:18:36<45:12,  5.39s/it]Best trial: 756. Best value: 2.01223:  67%|██████▋   | 998/1500 [1:18:36<46:13,  5.53s/it]                                                                                          Best trial: 756. Best value: 2.01223:  67%|██████▋   | 998/1500 [1:18:42<46:13,  5.53s/it]Best trial: 756. Best value: 2.01223:  67%|██████▋   | 998/1500 [1:18:42<46:13,  5.53s/it]Best trial: 756. Best value: 2.01223:  67%|██████▋   | 999/1500 [1:18:42<46:24,  5.56s/it]                                                                                          Best trial: 756. Best value: 2.01223:  67%|██████▋   | 999/1500 [1:18:48<46:24,  5.56s/it]Best trial: 756. Best value: 2.01223:  67%|██████▋   | 999/1500 [1:18:48<46:24,  5.56s/it]Best trial: 756. Best value: 2.01223:  67%|██████▋   | 1000/1500 [1:18:48<47:14,  5.67s/it]                                                                                           Best trial: 756. Best value: 2.01223:  67%|██████▋   | 1000/1500 [1:18:53<47:14,  5.67s/it]Best trial: 756. Best value: 2.01223:  67%|██████▋   | 1000/1500 [1:18:53<47:14,  5.67s/it]Best trial: 756. Best value: 2.01223:  67%|██████▋   | 1001/1500 [1:18:53<47:25,  5.70s/it]                                                                                           Best trial: 756. Best value: 2.01223:  67%|██████▋   | 1001/1500 [1:18:58<47:25,  5.70s/it]Best trial: 756. Best value: 2.01223:  67%|██████▋   | 1001/1500 [1:18:58<47:25,  5.70s/it]Best trial: 756. Best value: 2.01223:  67%|██████▋   | 1002/1500 [1:18:58<43:45,  5.27s/it]                                                                                           Best trial: 756. Best value: 2.01223:  67%|██████▋   | 1002/1500 [1:19:04<43:45,  5.27s/it]Best trial: 756. Best value: 2.01223:  67%|██████▋   | 1002/1500 [1:19:04<43:45,  5.27s/it]Best trial: 756. Best value: 2.01223:  67%|██████▋   | 1003/1500 [1:19:04<45:11,  5.46s/it]                                                                                           Best trial: 756. Best value: 2.01223:  67%|██████▋   | 1003/1500 [1:19:09<45:11,  5.46s/it]Best trial: 756. Best value: 2.01223:  67%|██████▋   | 1003/1500 [1:19:09<45:11,  5.46s/it]Best trial: 756. Best value: 2.01223:  67%|██████▋   | 1004/1500 [1:19:09<45:41,  5.53s/it]                                                                                           Best trial: 756. Best value: 2.01223:  67%|██████▋   | 1004/1500 [1:19:15<45:41,  5.53s/it]Best trial: 756. Best value: 2.01223:  67%|██████▋   | 1004/1500 [1:19:15<45:41,  5.53s/it]Best trial: 756. Best value: 2.01223:  67%|██████▋   | 1005/1500 [1:19:15<45:45,  5.55s/it]                                                                                           Best trial: 756. Best value: 2.01223:  67%|██████▋   | 1005/1500 [1:19:21<45:45,  5.55s/it]Best trial: 756. Best value: 2.01223:  67%|██████▋   | 1005/1500 [1:19:21<45:45,  5.55s/it]Best trial: 756. Best value: 2.01223:  67%|██████▋   | 1006/1500 [1:19:21<47:12,  5.73s/it]                                                                                           Best trial: 756. Best value: 2.01223:  67%|██████▋   | 1006/1500 [1:19:25<47:12,  5.73s/it]Best trial: 756. Best value: 2.01223:  67%|██████▋   | 1006/1500 [1:19:25<47:12,  5.73s/it]Best trial: 756. Best value: 2.01223:  67%|██████▋   | 1007/1500 [1:19:25<43:42,  5.32s/it]                                                                                           Best trial: 756. Best value: 2.01223:  67%|██████▋   | 1007/1500 [1:19:31<43:42,  5.32s/it]Best trial: 756. Best value: 2.01223:  67%|██████▋   | 1007/1500 [1:19:31<43:42,  5.32s/it]Best trial: 756. Best value: 2.01223:  67%|██████▋   | 1008/1500 [1:19:31<45:16,  5.52s/it]                                                                                           
[I 2026-05-02 22:56:16,561] Trial 997 finished with value: 2.1872097552676677 and parameters: {'f_n': 3.620681792706154e-07, 'K_d': 110737.82760682899, 'rho_d': 52968718275841.43, 'fission_rate': 5.052722432347608e+19, 'Dg_D1_scale': 0.45150775288378253, 'Dg_D3_scale': 2.0084229130286606, 'Dv_D1_scale': 0.3272640699469449, 'Dv_D2_scale': 3.63636192815475, 'b_bulk_scale': 0.4515783025396573, 'b_dislocation_scale': 0.08107926517168867, 'gb_scale': 2.375891559072125, 'gd_bubble_scale': 0.15961283239835536, 'gd_line_scale': 0.4185167839699018, 'gd_line_alpha': 0.9662505294972139, 'coalescence_d_scale': 0.4008427074234753, 'capture_scale': 0.10162358052499967}. Best is trial 756 with value: 2.012228641160978.
[I 2026-05-02 22:56:22,191] Trial 998 finished with value: 3.8075376804078265 and parameters: {'f_n': 3.455186586684132e-07, 'K_d': 105165.24196097055, 'rho_d': 9305063682528.012, 'fission_rate': 5.3394795650343215e+19, 'Dg_D1_scale': 0.38797126441514496, 'Dg_D3_scale': 2.0577708967645263, 'Dv_D1_scale': 0.3128662712951559, 'Dv_D2_scale': 3.6841963313926462, 'b_bulk_scale': 0.46369535837461584, 'b_dislocation_scale': 0.05321577352754914, 'gb_scale': 2.649664105600254, 'gd_bubble_scale': 0.1681037683632016, 'gd_line_scale': 0.5966998739506096, 'gd_line_alpha': 0.9671086592687558, 'coalescence_d_scale': 0.39475891305965116, 'capture_scale': 0.12631318499422034}. Best is trial 756 with value: 2.012228641160978.
[I 2026-05-02 22:56:28,122] Trial 999 finished with value: 2.074136343247657 and parameters: {'f_n': 4.5626287294817517e-07, 'K_d': 111148.89945120025, 'rho_d': 57251762275201.35, 'fission_rate': 4.966782799004355e+19, 'Dg_D1_scale': 0.4181042166568271, 'Dg_D3_scale': 2.103951736514937, 'Dv_D1_scale': 0.3299076701752726, 'Dv_D2_scale': 3.6634948782399364, 'b_bulk_scale': 0.4292663440756374, 'b_dislocation_scale': 0.07125940197287238, 'gb_scale': 2.263270266433842, 'gd_bubble_scale': 0.15514852228210446, 'gd_line_scale': 0.5380791675934323, 'gd_line_alpha': 0.9495241941885477, 'coalescence_d_scale': 0.4621629151487173, 'capture_scale': 0.09984969714502055}. Best is trial 756 with value: 2.012228641160978.
[I 2026-05-02 22:56:33,902] Trial 1000 finished with value: 2.8153448743644516 and parameters: {'f_n': 4.523792531711286e-07, 'K_d': 130230.39241006115, 'rho_d': 52121844937399.94, 'fission_rate': 5.092406616035257e+19, 'Dg_D1_scale': 0.48160843701160627, 'Dg_D3_scale': 1.8847010334634284, 'Dv_D1_scale': 0.3403863073739359, 'Dv_D2_scale': 3.7118711703466905, 'b_bulk_scale': 1.906222369549164, 'b_dislocation_scale': 0.05953344707416266, 'gb_scale': 2.6176360359292805, 'gd_bubble_scale': 0.18133205836566305, 'gd_line_scale': 0.47344225729389355, 'gd_line_alpha': 0.9674590398256726, 'coalescence_d_scale': 0.40274563013541287, 'capture_scale': 0.22065888994416205}. Best is trial 756 with value: 2.012228641160978.
[I 2026-05-02 22:56:38,170] Trial 1001 finished with value: 2.1946763853952773 and parameters: {'f_n': 4.113784514279721e-07, 'K_d': 120749.35802763692, 'rho_d': 57241489217356.125, 'fission_rate': 4.958349014117072e+19, 'Dg_D1_scale': 0.4568755146580176, 'Dg_D3_scale': 2.083695263810561, 'Dv_D1_scale': 0.41737686923896417, 'Dv_D2_scale': 3.773175415511228, 'b_bulk_scale': 0.6437083144533146, 'b_dislocation_scale': 0.08218003948822798, 'gb_scale': 2.3690697304604527, 'gd_bubble_scale': 0.15172321656044202, 'gd_line_scale': 0.5149220331567494, 'gd_line_alpha': 0.945159756961829, 'coalescence_d_scale': 0.5074282457278434, 'capture_scale': 0.11541968368660037}. Best is trial 756 with value: 2.012228641160978.
[I 2026-05-02 22:56:44,055] Trial 1002 finished with value: 2.3595777270733023 and parameters: {'f_n': 6.999425919151725e-07, 'K_d': 110643.97816126174, 'rho_d': 52832356898559.86, 'fission_rate': 5.01897714740983e+19, 'Dg_D1_scale': 0.39758784117171225, 'Dg_D3_scale': 2.1544886962450307, 'Dv_D1_scale': 0.38202636023741077, 'Dv_D2_scale': 1.8854658462992901, 'b_bulk_scale': 0.48403902690042916, 'b_dislocation_scale': 0.06636417763039236, 'gb_scale': 2.6028861225976136, 'gd_bubble_scale': 0.2611309769740213, 'gd_line_scale': 0.3776518659235113, 'gd_line_alpha': 0.9105442888119888, 'coalescence_d_scale': 0.45127230656992656, 'capture_scale': 0.1368860182675063}. Best is trial 756 with value: 2.012228641160978.
[I 2026-05-02 22:56:49,751] Trial 1003 finished with value: 2.259685243316347 and parameters: {'f_n': 5.268692356285175e-07, 'K_d': 105982.2554756744, 'rho_d': 58500915345763.17, 'fission_rate': 5.154903604272135e+19, 'Dg_D1_scale': 0.42130429626861765, 'Dg_D3_scale': 1.9611093202014276, 'Dv_D1_scale': 0.34590807100819765, 'Dv_D2_scale': 3.6221582049941183, 'b_bulk_scale': 0.3842035602295315, 'b_dislocation_scale': 0.0767039569355594, 'gb_scale': 2.748013320471451, 'gd_bubble_scale': 0.14052834240424247, 'gd_line_scale': 0.424601503869701, 'gd_line_alpha': 0.9476298694252605, 'coalescence_d_scale': 0.399164657949889, 'capture_scale': 0.11637996942568118}. Best is trial 756 with value: 2.012228641160978.
[I 2026-05-02 22:56:55,343] Trial 1004 finished with value: 2.6734038692648063 and parameters: {'f_n': 3.015807992250083e-07, 'K_d': 116706.22922744157, 'rho_d': 55598675692621.164, 'fission_rate': 5.24627727111832e+19, 'Dg_D1_scale': 0.452123934020089, 'Dg_D3_scale': 1.8875924369644546, 'Dv_D1_scale': 0.36684419120253015, 'Dv_D2_scale': 3.786008313970901, 'b_bulk_scale': 0.5727575284633223, 'b_dislocation_scale': 0.07107436655962787, 'gb_scale': 2.3542846824541486, 'gd_bubble_scale': 0.18938211308365321, 'gd_line_scale': 0.7037571146338306, 'gd_line_alpha': 0.9711955551786662, 'coalescence_d_scale': 0.4612537997307478, 'capture_scale': 0.1940951875268407}. Best is trial 756 with value: 2.012228641160978.
[I 2026-05-02 22:57:01,508] Trial 1005 finished with value: 2.851550088985491 and parameters: {'f_n': 6.78448903804449e-07, 'K_d': 719681.8654586361, 'rho_d': 50935501920564.586, 'fission_rate': 4.701584018739853e+19, 'Dg_D1_scale': 0.47912283491494945, 'Dg_D3_scale': 2.031773077098088, 'Dv_D1_scale': 0.30578701738059705, 'Dv_D2_scale': 3.599043241157953, 'b_bulk_scale': 0.4861142316387681, 'b_dislocation_scale': 0.08323776872327476, 'gb_scale': 2.7489811437590186, 'gd_bubble_scale': 0.1469491635023115, 'gd_line_scale': 0.6087228284436149, 'gd_line_alpha': 0.9256936303320823, 'coalescence_d_scale': 0.5177055025465994, 'capture_scale': 0.09284922966128262}. Best is trial 756 with value: 2.012228641160978.
[I 2026-05-02 22:57:05,856] Trial 1006 finished with value: 2.8629093201149174 and parameters: {'f_n': 3.9270428083569375e-07, 'K_d': 124683.40138827947, 'rho_d': 54509558850103.305, 'fission_rate': 4.918671252804933e+19, 'Dg_D1_scale': 0.3912346431261728, 'Dg_D3_scale': 1.6196303786703865, 'Dv_D1_scale': 0.39710958748386427, 'Dv_D2_scale': 0.7200695183532786, 'b_bulk_scale': 0.4199008154885062, 'b_dislocation_scale': 0.057670066764311495, 'gb_scale': 1.9659213528314332, 'gd_bubble_scale': 0.1347618165774088, 'gd_line_scale': 0.5293792311418929, 'gd_line_alpha': 0.9715275054885457, 'coalescence_d_scale': 1.4201256145847378, 'capture_scale': 0.1399401561036344}. Best is trial 756 with value: 2.012228641160978.
[I 2026-05-02 22:57:11,858] Trial 1007 finished with value: 2.1703031018436376 and parameters: {'f_n': 5.376390303979122e-07, 'K_d': 110592.7369963667, 'rho_d': 58347031157765.75, 'fission_rate': 4.8605516217602105e+19, 'Dg_D1_scale': 0.42927792339516496, 'Dg_D3_scale': 2.1621954623183615, 'Dv_D1_scale': 0.3582502518504296, 'Dv_D2_scale': 3.772153123737705, 'b_bulk_scale': 0.5937814482699609, 'b_dislocation_scale': 0.06358747537142886, 'gb_scale': 2.2401660864158264, 'gd_bubble_scale': 0.26569883453476073, 'gd_line_scale': 0.464485795407567, 'gd_line_alpha': 0.9464310273378073, 'coalescence_d_scale': 0.4044640522805665, 'capture_scale': 0.16661104328240928}. Best is trial 756 with value: 2.012228641160978.
