[I 2026-05-02 22:59:02,213] Trial 1026 finished with value: 2.0433357105033023 and parameters: {'f_n': 7.545754142476522e-07, 'K_d': 122942.33238644598, 'rho_d': 56210689187150.56, 'fission_rate': 4.774092757309528e+19, 'Dg_D1_scale': 0.41352684106658666, 'Dg_D3_scale': 1.4090315593668132, 'Dv_D1_scale': 0.39375455690973393, 'Dv_D2_scale': 3.770821435312752, 'b_bulk_scale': 0.3786618344683592, 'b_dislocation_scale': 0.052374352157455235, 'gb_scale': 2.6167756858199884, 'gd_bubble_scale': 0.2064495425755649, 'gd_line_scale': 0.5212948679781221, 'gd_line_alpha': 0.9759834380984012, 'coalescence_d_scale': 0.4576138610695273, 'capture_scale': 0.10627834650865359}. Best is trial 756 with value: 2.012228641160978.
[I 2026-05-02 22:59:08,281] Trial 1027 finished with value: 2.388968230086916 and parameters: {'f_n': 7.750784249997207e-07, 'K_d': 127746.57775648416, 'rho_d': 58753213712736.57, 'fission_rate': 4.7709417893449286e+19, 'Dg_D1_scale': 0.3965942302216344, 'Dg_D3_scale': 1.389971034530804, 'Dv_D1_scale': 0.4149579546663264, 'Dv_D2_scale': 3.4996023889747683, 'b_bulk_scale': 0.3718180664855511, 'b_dislocation_scale': 0.04669766893581456, 'gb_scale': 2.636686241484789, 'gd_bubble_scale': 0.17343643932944156, 'gd_line_scale': 0.655602305758145, 'gd_line_alpha': 0.9666105527202473, 'coalescence_d_scale': 0.5565944781472726, 'capture_scale': 0.08153552217802972}. Best is trial 756 with value: 2.012228641160978.
[I 2026-05-02 22:59:12,871] Trial 1028 finished with value: 2.089426766733578 and parameters: {'f_n': 7.108568323310782e-07, 'K_d': 138116.2753368455, 'rho_d': 56099991808571.62, 'fission_rate': 4.676563623735207e+19, 'Dg_D1_scale': 0.34496911135482694, 'Dg_D3_scale': 1.4087866259266386, 'Dv_D1_scale': 0.3899471643756091, 'Dv_D2_scale': 3.5086268949579664, 'b_bulk_scale': 0.3675466696983237, 'b_dislocation_scale': 0.043944745594318144, 'gb_scale': 2.7075795906591478, 'gd_bubble_scale': 0.2016817069940932, 'gd_line_scale': 0.5385296550781029, 'gd_line_alpha': 0.977226715397769, 'coalescence_d_scale': 0.481633315999096, 'capture_scale': 0.07665545707244226}. Best is trial 756 with value: 2.012228641160978.
[I 2026-05-02 22:59:18,991] Trial 1029 finished with value: 2.9998769480721172 and parameters: {'f_n': 7.163343580790943e-07, 'K_d': 123750.81689390229, 'rho_d': 62556803893627.36, 'fission_rate': 4.78104440451676e+19, 'Dg_D1_scale': 0.4113480687607099, 'Dg_D3_scale': 1.4793529329418416, 'Dv_D1_scale': 0.4328159376188306, 'Dv_D2_scale': 3.7514024387164024, 'b_bulk_scale': 0.39603607403816266, 'b_dislocation_scale': 0.03848387978138816, 'gb_scale': 2.9985727294103364, 'gd_bubble_scale': 0.1821479957362691, 'gd_line_scale': 0.7788491726080556, 'gd_line_alpha': 0.981492782416901, 'coalescence_d_scale': 0.4483280616500139, 'capture_scale': 0.10741750898079533}. Best is trial 756 with value: 2.012228641160978.
[I 2026-05-02 22:59:25,219] Trial 1030 finished with value: 2.170091539691991 and parameters: {'f_n': 5.9041614585396e-07, 'K_d': 124871.27193999595, 'rho_d': 56006875659770.71, 'fission_rate': 4.667998920392589e+19, 'Dg_D1_scale': 0.37319571786620764, 'Dg_D3_scale': 1.5752560727791447, 'Dv_D1_scale': 0.4029426831253562, 'Dv_D2_scale': 3.757251535599478, 'b_bulk_scale': 0.43132871570831227, 'b_dislocation_scale': 0.05935959371249208, 'gb_scale': 2.559429610485056, 'gd_bubble_scale': 0.17970808132390842, 'gd_line_scale': 0.5884143708933244, 'gd_line_alpha': 0.9756695610147512, 'coalescence_d_scale': 0.5140843040611649, 'capture_scale': 0.08539443444679125}. Best is trial 756 with value: 2.012228641160978.
[I 2026-05-02 22:59:31,270] Trial 1031 finished with value: 2.1235032866305117 and parameters: {'f_n': 7.241308318572941e-07, 'K_d': 130375.67081060122, 'rho_d': 59224698054019.15, 'fission_rate': 4.816208581688726e+19, 'Dg_D1_scale': 0.411980613360182, 'Dg_D3_scale': 1.5872755228502438, 'Dv_D1_scale': 0.3361661849732773, 'Dv_D2_scale': 3.5564558716824646, 'b_bulk_scale': 0.3487094236588921, 'b_dislocation_scale': 0.04252396132250812, 'gb_scale': 2.971046695125974, 'gd_bubble_scale': 0.25154961297906675, 'gd_line_scale': 0.39035169407183024, 'gd_line_alpha': 0.9596528197293172, 'coalescence_d_scale': 0.4647639976252783, 'capture_scale': 0.09679392467258863}. Best is trial 756 with value: 2.012228641160978.
[I 2026-05-02 22:59:37,481] Trial 1032 finished with value: 2.4945791378897333 and parameters: {'f_n': 4.304733725027002e-07, 'K_d': 123918.32334217818, 'rho_d': 54304351474866.445, 'fission_rate': 4.739499795838174e+19, 'Dg_D1_scale': 0.3870672109535009, 'Dg_D3_scale': 1.4150236721618286, 'Dv_D1_scale': 0.39281917695580854, 'Dv_D2_scale': 0.8834906529082047, 'b_bulk_scale': 0.38331247921261946, 'b_dislocation_scale': 0.03560789094309254, 'gb_scale': 2.607385503962519, 'gd_bubble_scale': 0.14340592839683453, 'gd_line_scale': 0.5279514983911655, 'gd_line_alpha': 0.9807982263524431, 'coalescence_d_scale': 0.5655069393570396, 'capture_scale': 0.10965333655928562}. Best is trial 756 with value: 2.012228641160978.Best trial: 756. Best value: 2.01223:  69%|██████▉   | 1032/1500 [1:21:57<46:17,  5.94s/it]Best trial: 756. Best value: 2.01223:  69%|██████▉   | 1032/1500 [1:21:57<46:17,  5.94s/it]Best trial: 756. Best value: 2.01223:  69%|██████▉   | 1033/1500 [1:21:57<46:51,  6.02s/it]                                                                                           Best trial: 756. Best value: 2.01223:  69%|██████▉   | 1033/1500 [1:22:02<46:51,  6.02s/it]Best trial: 756. Best value: 2.01223:  69%|██████▉   | 1033/1500 [1:22:02<46:51,  6.02s/it]Best trial: 756. Best value: 2.01223:  69%|██████▉   | 1034/1500 [1:22:02<43:24,  5.59s/it]                                                                                           Best trial: 756. Best value: 2.01223:  69%|██████▉   | 1034/1500 [1:22:08<43:24,  5.59s/it]Best trial: 756. Best value: 2.01223:  69%|██████▉   | 1034/1500 [1:22:08<43:24,  5.59s/it]Best trial: 756. Best value: 2.01223:  69%|██████▉   | 1035/1500 [1:22:08<44:24,  5.73s/it]                                                                                           Best trial: 756. Best value: 2.01223:  69%|██████▉   | 1035/1500 [1:22:14<44:24,  5.73s/it]Best trial: 756. Best value: 2.01223:  69%|██████▉   | 1035/1500 [1:22:14<44:24,  5.73s/it]Best trial: 756. Best value: 2.01223:  69%|██████▉   | 1036/1500 [1:22:14<44:50,  5.80s/it]                                                                                           Best trial: 756. Best value: 2.01223:  69%|██████▉   | 1036/1500 [1:22:20<44:50,  5.80s/it]Best trial: 756. Best value: 2.01223:  69%|██████▉   | 1036/1500 [1:22:20<44:50,  5.80s/it]Best trial: 756. Best value: 2.01223:  69%|██████▉   | 1037/1500 [1:22:20<45:38,  5.92s/it]                                                                                           Best trial: 756. Best value: 2.01223:  69%|██████▉   | 1037/1500 [1:22:26<45:38,  5.92s/it]Best trial: 756. Best value: 2.01223:  69%|██████▉   | 1037/1500 [1:22:26<45:38,  5.92s/it]Best trial: 756. Best value: 2.01223:  69%|██████▉   | 1038/1500 [1:22:26<45:26,  5.90s/it]                                                                                           Best trial: 756. Best value: 2.01223:  69%|██████▉   | 1038/1500 [1:22:30<45:26,  5.90s/it]Best trial: 756. Best value: 2.01223:  69%|██████▉   | 1038/1500 [1:22:30<45:26,  5.90s/it]Best trial: 756. Best value: 2.01223:  69%|██████▉   | 1039/1500 [1:22:30<42:30,  5.53s/it]                                                                                           Best trial: 756. Best value: 2.01223:  69%|██████▉   | 1039/1500 [1:22:36<42:30,  5.53s/it]Best trial: 756. Best value: 2.01223:  69%|██████▉   | 1039/1500 [1:22:36<42:30,  5.53s/it]Best trial: 756. Best value: 2.01223:  69%|██████▉   | 1040/1500 [1:22:36<43:40,  5.70s/it]                                                                                           Best trial: 756. Best value: 2.01223:  69%|██████▉   | 1040/1500 [1:22:43<43:40,  5.70s/it]Best trial: 756. Best value: 2.01223:  69%|██████▉   | 1040/1500 [1:22:43<43:40,  5.70s/it]Best trial: 756. Best value: 2.01223:  69%|██████▉   | 1041/1500 [1:22:43<45:24,  5.93s/it]                                                                                           Best trial: 756. Best value: 2.01223:  69%|██████▉   | 1041/1500 [1:22:49<45:24,  5.93s/it]Best trial: 756. Best value: 2.01223:  69%|██████▉   | 1041/1500 [1:22:49<45:24,  5.93s/it]Best trial: 756. Best value: 2.01223:  69%|██████▉   | 1042/1500 [1:22:49<46:05,  6.04s/it]                                                                                           Best trial: 756. Best value: 2.01223:  69%|██████▉   | 1042/1500 [1:22:55<46:05,  6.04s/it]Best trial: 756. Best value: 2.01223:  69%|██████▉   | 1042/1500 [1:22:55<46:05,  6.04s/it]Best trial: 756. Best value: 2.01223:  70%|██████▉   | 1043/1500 [1:22:55<45:54,  6.03s/it]                                                                                           Best trial: 756. Best value: 2.01223:  70%|██████▉   | 1043/1500 [1:23:00<45:54,  6.03s/it]Best trial: 756. Best value: 2.01223:  70%|██████▉   | 1043/1500 [1:23:00<45:54,  6.03s/it]Best trial: 756. Best value: 2.01223:  70%|██████▉   | 1044/1500 [1:23:00<43:56,  5.78s/it]                                                                                           
[I 2026-05-02 22:59:42,069] Trial 1033 finished with value: 3.6309250490200564 and parameters: {'f_n': 6.176752594689865e-07, 'K_d': 120316.71285799213, 'rho_d': 59506640840321.04, 'fission_rate': 4.672049808703379e+19, 'Dg_D1_scale': 0.41808669651416724, 'Dg_D3_scale': 1.6908098647182113, 'Dv_D1_scale': 0.348935772994915, 'Dv_D2_scale': 3.9993075690534647, 'b_bulk_scale': 0.4249863879769679, 'b_dislocation_scale': 0.0644034070851833, 'gb_scale': 2.9943643244718126, 'gd_bubble_scale': 0.2182778493923313, 'gd_line_scale': 0.6452501957801079, 'gd_line_alpha': 0.9518778300016826, 'coalescence_d_scale': 2.7811266171808344, 'capture_scale': 0.09374001653849262}. Best is trial 756 with value: 2.012228641160978.
[I 2026-05-02 22:59:48,132] Trial 1034 finished with value: 2.856302355029063 and parameters: {'f_n': 7.085700186131163e-07, 'K_d': 138120.00109024643, 'rho_d': 56097266866948.85, 'fission_rate': 4.788788970053342e+19, 'Dg_D1_scale': 0.3797488583004389, 'Dg_D3_scale': 1.4864587397188664, 'Dv_D1_scale': 0.3235218385507857, 'Dv_D2_scale': 3.759041289681151, 'b_bulk_scale': 0.4518198308592962, 'b_dislocation_scale': 0.031185212367974238, 'gb_scale': 2.6998915339031715, 'gd_bubble_scale': 0.1992381540101415, 'gd_line_scale': 0.7203061480373265, 'gd_line_alpha': 0.009430167844635073, 'coalescence_d_scale': 0.40743970411522207, 'capture_scale': 0.11396707783450424}. Best is trial 756 with value: 2.012228641160978.
[I 2026-05-02 22:59:54,084] Trial 1035 finished with value: 3.1253811402484355 and parameters: {'f_n': 5.058815407013651e-07, 'K_d': 120907.15765702057, 'rho_d': 62388771461401.61, 'fission_rate': 4.8489434021515125e+19, 'Dg_D1_scale': 0.42196180140074324, 'Dg_D3_scale': 1.6538511480140914, 'Dv_D1_scale': 0.38009558055350656, 'Dv_D2_scale': 3.4645819734577903, 'b_bulk_scale': 0.40735384047146805, 'b_dislocation_scale': 0.05172584320428287, 'gb_scale': 3.0350274618227604, 'gd_bubble_scale': 0.15949065964663345, 'gd_line_scale': 0.5778227434859651, 'gd_line_alpha': 0.9539576841011915, 'coalescence_d_scale': 1.8938648476417552, 'capture_scale': 0.10736137999559656}. Best is trial 756 with value: 2.012228641160978.
[I 2026-05-02 23:00:00,273] Trial 1036 finished with value: 2.044784570901987 and parameters: {'f_n': 4.569034980066638e-07, 'K_d': 130931.44478318421, 'rho_d': 57901856785285.516, 'fission_rate': 4.727509606637106e+19, 'Dg_D1_scale': 0.3678276204614899, 'Dg_D3_scale': 1.580852689600072, 'Dv_D1_scale': 0.41530184321880176, 'Dv_D2_scale': 3.7374735859043637, 'b_bulk_scale': 0.36226463968442674, 'b_dislocation_scale': 0.05261285249031905, 'gb_scale': 2.7940449314922846, 'gd_bubble_scale': 0.20482411568555217, 'gd_line_scale': 0.44841156388872583, 'gd_line_alpha': 0.9240705406907163, 'coalescence_d_scale': 0.5015899399501174, 'capture_scale': 0.08409496659957483}. Best is trial 756 with value: 2.012228641160978.
[I 2026-05-02 23:00:06,140] Trial 1037 finished with value: 2.291834567265153 and parameters: {'f_n': 3.6585608160867093e-07, 'K_d': 114613.02282080521, 'rho_d': 62744626015431.97, 'fission_rate': 4.945816669144823e+19, 'Dg_D1_scale': 0.4040857838455994, 'Dg_D3_scale': 1.3005634402406847, 'Dv_D1_scale': 0.30249183340579755, 'Dv_D2_scale': 3.6181860678015405, 'b_bulk_scale': 0.49140720737075594, 'b_dislocation_scale': 0.05752556249404643, 'gb_scale': 2.500774767303558, 'gd_bubble_scale': 0.25303664210333754, 'gd_line_scale': 0.5277366617035535, 'gd_line_alpha': 0.9826186986059092, 'coalescence_d_scale': 0.4408346739478861, 'capture_scale': 0.11769096876828075}. Best is trial 756 with value: 2.012228641160978.
[I 2026-05-02 23:00:10,808] Trial 1038 finished with value: 5.236424820026579 and parameters: {'f_n': 7.639088851189507e-07, 'K_d': 104102.80993632296, 'rho_d': 54459588831066.44, 'fission_rate': 4.646474491699361e+19, 'Dg_D1_scale': 0.3450011820225104, 'Dg_D3_scale': 1.7035188033368835, 'Dv_D1_scale': 0.3542215814964722, 'Dv_D2_scale': 3.488645208263274, 'b_bulk_scale': 0.4569484554545945, 'b_dislocation_scale': 0.0472763925520674, 'gb_scale': 3.087007182076804, 'gd_bubble_scale': 0.1768577710928191, 'gd_line_scale': 0.6205445032110404, 'gd_line_alpha': 0.9544799763372739, 'coalescence_d_scale': 4.321071696269426, 'capture_scale': 0.0987497077270891}. Best is trial 756 with value: 2.012228641160978.
[I 2026-05-02 23:00:16,900] Trial 1039 finished with value: 2.6645759000198157 and parameters: {'f_n': 5.961225560046528e-07, 'K_d': 122956.53706883975, 'rho_d': 58372667209024.09, 'fission_rate': 4.80367928401897e+19, 'Dg_D1_scale': 0.1780949127084319, 'Dg_D3_scale': 1.7207379801476048, 'Dv_D1_scale': 0.4363841912202939, 'Dv_D2_scale': 0.955071838838022, 'b_bulk_scale': 0.41374053512876224, 'b_dislocation_scale': 0.0870829297197161, 'gb_scale': 2.7226203623005865, 'gd_bubble_scale': 0.1286429744814228, 'gd_line_scale': 0.41682412044537065, 'gd_line_alpha': 0.978166620365017, 'coalescence_d_scale': 0.4020616416278206, 'capture_scale': 0.07069841550170763}. Best is trial 756 with value: 2.012228641160978.
[I 2026-05-02 23:00:23,383] Trial 1040 finished with value: 2.317607192440389 and parameters: {'f_n': 4.930277974652171e-07, 'K_d': 100431.69227327316, 'rho_d': 53968396920002.125, 'fission_rate': 4.8832270862765646e+19, 'Dg_D1_scale': 0.46746261007785905, 'Dg_D3_scale': 1.5425028864970698, 'Dv_D1_scale': 0.3747351755909807, 'Dv_D2_scale': 1.3438199703841915, 'b_bulk_scale': 0.5215233255396002, 'b_dislocation_scale': 0.06920632606265943, 'gb_scale': 2.5345864930428625, 'gd_bubble_scale': 0.20591609527922, 'gd_line_scale': 0.3664316249903438, 'gd_line_alpha': 0.9016322752508769, 'coalescence_d_scale': 0.5419503383872444, 'capture_scale': 0.12323993868991208}. Best is trial 756 with value: 2.012228641160978.
[I 2026-05-02 23:00:29,662] Trial 1041 finished with value: 2.0480398903066637 and parameters: {'f_n': 7.732201620353126e-07, 'K_d': 109923.04111049742, 'rho_d': 62765261061541.88, 'fission_rate': 4.720463622498073e+19, 'Dg_D1_scale': 0.4436942111218805, 'Dg_D3_scale': 1.7673415010671365, 'Dv_D1_scale': 0.33763906187188353, 'Dv_D2_scale': 3.7175209761934487, 'b_bulk_scale': 0.3439218805115358, 'b_dislocation_scale': 0.04977210440987992, 'gb_scale': 3.1116797162784158, 'gd_bubble_scale': 0.2692716296549287, 'gd_line_scale': 0.5199398194856748, 'gd_line_alpha': 0.9494699196145665, 'coalescence_d_scale': 0.4717129378459547, 'capture_scale': 0.09269782183603852}. Best is trial 756 with value: 2.012228641160978.
[I 2026-05-02 23:00:35,660] Trial 1042 finished with value: 2.5686821648932994 and parameters: {'f_n': 6.033381838220447e-07, 'K_d': 130613.96519816622, 'rho_d': 55826960876019.39, 'fission_rate': 4.819177995443592e+19, 'Dg_D1_scale': 0.4217611076820294, 'Dg_D3_scale': 1.6218095641528203, 'Dv_D1_scale': 0.3937735837749665, 'Dv_D2_scale': 3.7807437605470646, 'b_bulk_scale': 0.4915635080906833, 'b_dislocation_scale': 0.054936048171273885, 'gb_scale': 2.3864711505774903, 'gd_bubble_scale': 0.17186277447183623, 'gd_line_scale': 0.6981976770393984, 'gd_line_alpha': 0.9297776315105006, 'coalescence_d_scale': 0.38814097390864255, 'capture_scale': 0.10605744278692447}. Best is trial 756 with value: 2.012228641160978.
[I 2026-05-02 23:00:40,868] Trial 1043 finished with value: 4.541701624777494 and parameters: {'f_n': 4.022199285901548e-07, 'K_d': 142012.29307087287, 'rho_d': 59643274306651.48, 'fission_rate': 4.65913399433294e+19, 'Dg_D1_scale': 0.4920230998809777, 'Dg_D3_scale': 2.2124957074413536, 'Dv_D1_scale': 0.32173914408734855, 'Dv_D2_scale': 3.9976325086195033, 'b_bulk_scale': 0.44282321563251215, 'b_dislocation_scale': 2.593174144306304, 'gb_scale': 2.855253081495767, 'gd_bubble_scale': 0.23619919008035659, 'gd_line_scale': 0.5727632476731044, 'gd_line_alpha': 0.9634339162427316, 'coalescence_d_scale': 0.4394699683536971, 'capture_scale': 0.07571927873817871}. Best is trial 756 with value: 2.012228641160978.
