[I 2026-05-02 23:20:08,806] Trial 1242 finished with value: 2.0802152276662 and parameters: {'f_n': 1.4669343888073875e-07, 'K_d': 131976.25669274558, 'rho_d': 58393248901642.195, 'fission_rate': 4.722810932348655e+19, 'Dg_D1_scale': 0.3582449796453629, 'Dg_D3_scale': 2.5732765786516234, 'Dv_D1_scale': 0.39110588682970643, 'Dv_D2_scale': 3.619329608456055, 'b_bulk_scale': 0.5252180104870838, 'b_dislocation_scale': 0.06419232606075266, 'gb_scale': 2.5032836868315993, 'gd_bubble_scale': 0.10956744023849187, 'gd_line_scale': 0.3166951240482173, 'gd_line_alpha': 0.64288424774281, 'coalescence_d_scale': 0.5563877652088673, 'capture_scale': 0.10640345019022227}. Best is trial 756 with value: 2.012228641160978.
[I 2026-05-02 23:20:14,864] Trial 1243 finished with value: 2.1130892135071235 and parameters: {'f_n': 1.740926343252255e-07, 'K_d': 130189.91940451883, 'rho_d': 61391664881882.63, 'fission_rate': 4.843621047449072e+19, 'Dg_D1_scale': 0.33614458402961356, 'Dg_D3_scale': 0.9494696205417973, 'Dv_D1_scale': 0.36473576990262047, 'Dv_D2_scale': 3.773949134961943, 'b_bulk_scale': 0.6032179138582972, 'b_dislocation_scale': 0.07475141403127765, 'gb_scale': 2.9280939406405184, 'gd_bubble_scale': 0.11807014329954467, 'gd_line_scale': 0.44560612749703776, 'gd_line_alpha': 0.5877996482925953, 'coalescence_d_scale': 0.4939146288400503, 'capture_scale': 0.12193058897762199}. Best is trial 756 with value: 2.012228641160978.
[I 2026-05-02 23:20:20,968] Trial 1244 finished with value: 2.1717128571604984 and parameters: {'f_n': 1.1375423138199064e-07, 'K_d': 126020.60374114595, 'rho_d': 69648154658847.51, 'fission_rate': 4.7826520646084035e+19, 'Dg_D1_scale': 0.2790524653509709, 'Dg_D3_scale': 2.622207393331895, 'Dv_D1_scale': 0.5725463134864025, 'Dv_D2_scale': 3.5219561871638234, 'b_bulk_scale': 0.49918132174439744, 'b_dislocation_scale': 0.08238270454116813, 'gb_scale': 3.3562277854567517, 'gd_bubble_scale': 0.14329924480939488, 'gd_line_scale': 0.3868457678105008, 'gd_line_alpha': 0.5697940945160049, 'coalescence_d_scale': 0.49952914014659083, 'capture_scale': 0.10187832820514074}. Best is trial 756 with value: 2.012228641160978.
[I 2026-05-02 23:20:26,988] Trial 1245 finished with value: 3.6513624956408974 and parameters: {'f_n': 1.7480631279232513e-09, 'K_d': 137164.55311942258, 'rho_d': 54536604891943.12, 'fission_rate': 4.937180366162414e+19, 'Dg_D1_scale': 0.36479433478646595, 'Dg_D3_scale': 2.3711651423976643, 'Dv_D1_scale': 0.35028204430042725, 'Dv_D2_scale': 3.77208861990682, 'b_bulk_scale': 0.43080714155207706, 'b_dislocation_scale': 0.07291036780012479, 'gb_scale': 3.059546722611973, 'gd_bubble_scale': 0.1330434653727943, 'gd_line_scale': 0.47097631809556156, 'gd_line_alpha': 0.636285648937654, 'coalescence_d_scale': 0.46161397945707827, 'capture_scale': 0.14269387164619482}. Best is trial 756 with value: 2.012228641160978.
[I 2026-05-02 23:20:33,001] Trial 1246 finished with value: 2.8626225184105802 and parameters: {'f_n': 6.715497743023861e-08, 'K_d': 124354.34956944539, 'rho_d': 21137335791646.707, 'fission_rate': 5.011225365760543e+19, 'Dg_D1_scale': 0.29745203871497633, 'Dg_D3_scale': 2.601128688502766, 'Dv_D1_scale': 0.33724073774943647, 'Dv_D2_scale': 3.4122046022811316, 'b_bulk_scale': 0.6742930864524141, 'b_dislocation_scale': 0.06400233424402087, 'gb_scale': 3.7140226706167967, 'gd_bubble_scale': 0.1659490676349823, 'gd_line_scale': 0.43111286302375995, 'gd_line_alpha': 0.6035183764900254, 'coalescence_d_scale': 0.5778040762801386, 'capture_scale': 0.11316431960286}. Best is trial 756 with value: 2.012228641160978.
[I 2026-05-02 23:20:37,566] Trial 1247 finished with value: 2.096562288771636 and parameters: {'f_n': 1.716413645006042e-07, 'K_d': 143822.14464024588, 'rho_d': 63934855446448.25, 'fission_rate': 4.730921723588396e+19, 'Dg_D1_scale': 0.2599939367586271, 'Dg_D3_scale': 1.8794779648530024, 'Dv_D1_scale': 0.3713930989192455, 'Dv_D2_scale': 3.2445693874975303, 'b_bulk_scale': 0.3814437583214582, 'b_dislocation_scale': 0.08797138587529486, 'gb_scale': 2.7084306806625777, 'gd_bubble_scale': 0.29020065638688436, 'gd_line_scale': 0.5093633025079726, 'gd_line_alpha': 0.6134432991301438, 'coalescence_d_scale': 0.6414617914543688, 'capture_scale': 0.1262520975060722}. Best is trial 756 with value: 2.012228641160978.
[I 2026-05-02 23:20:43,698] Trial 1248 finished with value: 4.484906430602334 and parameters: {'f_n': 9.118227890043019e-08, 'K_d': 123231.17430416831, 'rho_d': 57209816873055.445, 'fission_rate': 4.802146041204355e+19, 'Dg_D1_scale': 0.3110463331292231, 'Dg_D3_scale': 2.454952258749387, 'Dv_D1_scale': 0.3379593800636207, 'Dv_D2_scale': 3.9982331102711903, 'b_bulk_scale': 0.5398184879087337, 'b_dislocation_scale': 0.07774690801221809, 'gb_scale': 0.11774494295129274, 'gd_bubble_scale': 1.161976577853545, 'gd_line_scale': 0.3630002241932744, 'gd_line_alpha': 0.5882159563720519, 'coalescence_d_scale': 0.4950265098907054, 'capture_scale': 0.1020020437634306}. Best is trial 756 with value: 2.012228641160978.Best trial: 756. Best value: 2.01223:  83%|████████▎ | 1248/1500 [1:43:03<23:11,  5.52s/it]Best trial: 756. Best value: 2.01223:  83%|████████▎ | 1248/1500 [1:43:03<23:11,  5.52s/it]Best trial: 756. Best value: 2.01223:  83%|████████▎ | 1249/1500 [1:43:03<23:51,  5.71s/it]                                                                                           Best trial: 756. Best value: 2.01223:  83%|████████▎ | 1249/1500 [1:43:09<23:51,  5.71s/it]Best trial: 756. Best value: 2.01223:  83%|████████▎ | 1249/1500 [1:43:10<23:51,  5.71s/it]Best trial: 756. Best value: 2.01223:  83%|████████▎ | 1250/1500 [1:43:10<24:24,  5.86s/it]                                                                                           Best trial: 756. Best value: 2.01223:  83%|████████▎ | 1250/1500 [1:43:15<24:24,  5.86s/it]Best trial: 756. Best value: 2.01223:  83%|████████▎ | 1250/1500 [1:43:16<24:24,  5.86s/it]Best trial: 756. Best value: 2.01223:  83%|████████▎ | 1251/1500 [1:43:16<24:31,  5.91s/it]                                                                                           Best trial: 756. Best value: 2.01223:  83%|████████▎ | 1251/1500 [1:43:21<24:31,  5.91s/it]Best trial: 756. Best value: 2.01223:  83%|████████▎ | 1251/1500 [1:43:21<24:31,  5.91s/it]Best trial: 756. Best value: 2.01223:  83%|████████▎ | 1252/1500 [1:43:21<24:20,  5.89s/it]                                                                                           Best trial: 756. Best value: 2.01223:  83%|████████▎ | 1252/1500 [1:43:26<24:20,  5.89s/it]Best trial: 756. Best value: 2.01223:  83%|████████▎ | 1252/1500 [1:43:26<24:20,  5.89s/it]Best trial: 756. Best value: 2.01223:  84%|████████▎ | 1253/1500 [1:43:26<22:32,  5.48s/it]                                                                                           Best trial: 756. Best value: 2.01223:  84%|████████▎ | 1253/1500 [1:43:32<22:32,  5.48s/it]Best trial: 756. Best value: 2.01223:  84%|████████▎ | 1253/1500 [1:43:32<22:32,  5.48s/it]Best trial: 756. Best value: 2.01223:  84%|████████▎ | 1254/1500 [1:43:32<22:59,  5.61s/it]                                                                                           Best trial: 756. Best value: 2.01223:  84%|████████▎ | 1254/1500 [1:43:38<22:59,  5.61s/it]Best trial: 756. Best value: 2.01223:  84%|████████▎ | 1254/1500 [1:43:38<22:59,  5.61s/it]Best trial: 756. Best value: 2.01223:  84%|████████▎ | 1255/1500 [1:43:38<23:20,  5.71s/it]                                                                                           Best trial: 756. Best value: 2.01223:  84%|████████▎ | 1255/1500 [1:43:44<23:20,  5.71s/it]Best trial: 756. Best value: 2.01223:  84%|████████▎ | 1255/1500 [1:43:44<23:20,  5.71s/it]Best trial: 756. Best value: 2.01223:  84%|████████▎ | 1256/1500 [1:43:44<23:46,  5.84s/it]                                                                                           Best trial: 756. Best value: 2.01223:  84%|████████▎ | 1256/1500 [1:43:50<23:46,  5.84s/it]Best trial: 756. Best value: 2.01223:  84%|████████▎ | 1256/1500 [1:43:50<23:46,  5.84s/it]Best trial: 756. Best value: 2.01223:  84%|████████▍ | 1257/1500 [1:43:50<23:45,  5.87s/it]                                                                                           Best trial: 756. Best value: 2.01223:  84%|████████▍ | 1257/1500 [1:43:56<23:45,  5.87s/it]Best trial: 756. Best value: 2.01223:  84%|████████▍ | 1257/1500 [1:43:56<23:45,  5.87s/it]Best trial: 756. Best value: 2.01223:  84%|████████▍ | 1258/1500 [1:43:56<23:41,  5.87s/it]                                                                                           Best trial: 756. Best value: 2.01223:  84%|████████▍ | 1258/1500 [1:44:00<23:41,  5.87s/it]Best trial: 756. Best value: 2.01223:  84%|████████▍ | 1258/1500 [1:44:00<23:41,  5.87s/it]Best trial: 756. Best value: 2.01223:  84%|████████▍ | 1259/1500 [1:44:00<21:38,  5.39s/it]                                                                                           Best trial: 756. Best value: 2.01223:  84%|████████▍ | 1259/1500 [1:44:06<21:38,  5.39s/it]Best trial: 756. Best value: 2.01223:  84%|████████▍ | 1259/1500 [1:44:06<21:38,  5.39s/it]Best trial: 756. Best value: 2.01223:  84%|████████▍ | 1260/1500 [1:44:06<22:10,  5.54s/it]                                                                                           
[I 2026-05-02 23:20:49,913] Trial 1249 finished with value: 2.2917552383251385 and parameters: {'f_n': 1.4731027815157246e-07, 'K_d': 119409.00358354692, 'rho_d': 60483004634636.96, 'fission_rate': 4.685992794318695e+19, 'Dg_D1_scale': 0.376646931819587, 'Dg_D3_scale': 2.2290062804034614, 'Dv_D1_scale': 0.38664153712928173, 'Dv_D2_scale': 0.45587999562119896, 'b_bulk_scale': 0.4500896812020633, 'b_dislocation_scale': 0.06770715419381775, 'gb_scale': 4.330637576406342, 'gd_bubble_scale': 0.09662200708233334, 'gd_line_scale': 0.48625363735994204, 'gd_line_alpha': 0.5562821820790369, 'coalescence_d_scale': 0.4440094777040108, 'capture_scale': 0.15304801528149364}. Best is trial 756 with value: 2.012228641160978.
[I 2026-05-02 23:20:55,942] Trial 1250 finished with value: 4.262632762497957 and parameters: {'f_n': 1.1036059158151998e-10, 'K_d': 125724.77847512941, 'rho_d': 55374855839740.57, 'fission_rate': 4.878840270726419e+19, 'Dg_D1_scale': 0.34880390616621815, 'Dg_D3_scale': 2.0598047144712646, 'Dv_D1_scale': 0.35802002910836594, 'Dv_D2_scale': 3.9988973375662726, 'b_bulk_scale': 0.5954732208461937, 'b_dislocation_scale': 0.08844383217977793, 'gb_scale': 3.559529600086169, 'gd_bubble_scale': 0.11858096177773303, 'gd_line_scale': 0.41048822202045904, 'gd_line_alpha': 0.6407891033676865, 'coalescence_d_scale': 0.5468880823100548, 'capture_scale': 0.11290761344400543}. Best is trial 756 with value: 2.012228641160978.
[I 2026-05-02 23:21:01,794] Trial 1251 finished with value: 2.3259002300904896 and parameters: {'f_n': 1.1640122567883763e-07, 'K_d': 118471.9450687898, 'rho_d': 65901969965057.3, 'fission_rate': 5.125729552017477e+19, 'Dg_D1_scale': 0.2754356740814179, 'Dg_D3_scale': 2.3053930969829874, 'Dv_D1_scale': 0.3292477607618266, 'Dv_D2_scale': 3.6453026553308843, 'b_bulk_scale': 0.5034645768616839, 'b_dislocation_scale': 0.07823880288488791, 'gb_scale': 3.250550984833099, 'gd_bubble_scale': 0.10974906036353647, 'gd_line_scale': 0.5269285359771061, 'gd_line_alpha': 0.5114820107277377, 'coalescence_d_scale': 0.44711487279194756, 'capture_scale': 0.13268800141458173}. Best is trial 756 with value: 2.012228641160978.
[I 2026-05-02 23:21:06,307] Trial 1252 finished with value: 2.0180911529437333 and parameters: {'f_n': 4.818485528931815e-07, 'K_d': 137039.9364616994, 'rho_d': 58923755877207.75, 'fission_rate': 4.7997371369944515e+19, 'Dg_D1_scale': 0.33091022083870225, 'Dg_D3_scale': 2.4850336236581656, 'Dv_D1_scale': 0.397629808051482, 'Dv_D2_scale': 3.7369094193849763, 'b_bulk_scale': 0.4131002270705622, 'b_dislocation_scale': 0.07420697596651156, 'gb_scale': 2.4769258899246807, 'gd_bubble_scale': 0.14271217819735543, 'gd_line_scale': 0.47599633622686144, 'gd_line_alpha': 0.5746442395248819, 'coalescence_d_scale': 0.5000336213871994, 'capture_scale': 0.09305083250790859}. Best is trial 756 with value: 2.012228641160978.
[I 2026-05-02 23:21:12,214] Trial 1253 finished with value: 2.2253684226746704 and parameters: {'f_n': 4.5343974198266233e-07, 'K_d': 144426.31599506465, 'rho_d': 62508918570529.19, 'fission_rate': 4.996322232589682e+19, 'Dg_D1_scale': 0.33526173623739625, 'Dg_D3_scale': 2.421726112473438, 'Dv_D1_scale': 0.39933045806362016, 'Dv_D2_scale': 3.253431748823359, 'b_bulk_scale': 0.4619299765459326, 'b_dislocation_scale': 0.05772728281581064, 'gb_scale': 2.3804730992205694, 'gd_bubble_scale': 0.153047985611896, 'gd_line_scale': 0.45068383366463943, 'gd_line_alpha': 0.5439203656268419, 'coalescence_d_scale': 0.6941921889681789, 'capture_scale': 0.09085161697932773}. Best is trial 756 with value: 2.012228641160978.
[I 2026-05-02 23:21:18,183] Trial 1254 finished with value: 2.068755264628742 and parameters: {'f_n': 5.002402017471706e-07, 'K_d': 138346.92033846994, 'rho_d': 72138680082953.67, 'fission_rate': 4.89233810661284e+19, 'Dg_D1_scale': 0.32232727302340397, 'Dg_D3_scale': 2.282726445543523, 'Dv_D1_scale': 0.37482226042121436, 'Dv_D2_scale': 3.3939750612873354, 'b_bulk_scale': 0.4193962575952747, 'b_dislocation_scale': 0.07022377516327033, 'gb_scale': 2.4266958846140283, 'gd_bubble_scale': 0.14335447461298417, 'gd_line_scale': 0.4272195979725051, 'gd_line_alpha': 0.5719189109661174, 'coalescence_d_scale': 0.602269450322593, 'capture_scale': 0.09705876484186883}. Best is trial 756 with value: 2.012228641160978.
[I 2026-05-02 23:21:24,327] Trial 1255 finished with value: 2.1065671557632757 and parameters: {'f_n': 5.149377138287821e-07, 'K_d': 138466.89673759, 'rho_d': 59509016388895.445, 'fission_rate': 4.812702854369845e+19, 'Dg_D1_scale': 0.29694373781408323, 'Dg_D3_scale': 0.2826273901373249, 'Dv_D1_scale': 0.3931581545992434, 'Dv_D2_scale': 3.535251752429488, 'b_bulk_scale': 0.4780407667972887, 'b_dislocation_scale': 0.060822141719619235, 'gb_scale': 2.5262386798659624, 'gd_bubble_scale': 0.13725588326180405, 'gd_line_scale': 0.48704755667815836, 'gd_line_alpha': 0.5882181070671998, 'coalescence_d_scale': 0.5585699675053728, 'capture_scale': 0.08418959197513111}. Best is trial 756 with value: 2.012228641160978.
[I 2026-05-02 23:21:30,249] Trial 1256 finished with value: 2.0217676668965057 and parameters: {'f_n': 4.4000998302129507e-07, 'K_d': 134371.43899140917, 'rho_d': 66972440049555.94, 'fission_rate': 4.939339276091912e+19, 'Dg_D1_scale': 0.31161985450742097, 'Dg_D3_scale': 2.473170900332457, 'Dv_D1_scale': 0.3537897558664451, 'Dv_D2_scale': 3.4700214937436944, 'b_bulk_scale': 0.5535099234572599, 'b_dislocation_scale': 0.07319512477936005, 'gb_scale': 2.4294364877975165, 'gd_bubble_scale': 0.17169076306526557, 'gd_line_scale': 0.3739511515688052, 'gd_line_alpha': 0.5519950269764541, 'coalescence_d_scale': 0.5179556123284239, 'capture_scale': 0.10668759879244365}. Best is trial 756 with value: 2.012228641160978.
[I 2026-05-02 23:21:36,133] Trial 1257 finished with value: 2.323877296710834 and parameters: {'f_n': 4.1391365463977764e-07, 'K_d': 142173.72153855689, 'rho_d': 73681614850605.92, 'fission_rate': 5.088276044383144e+19, 'Dg_D1_scale': 0.3284131101866882, 'Dg_D3_scale': 2.561364261335213, 'Dv_D1_scale': 0.37060001059988407, 'Dv_D2_scale': 0.6630780939029431, 'b_bulk_scale': 0.6539047144596097, 'b_dislocation_scale': 0.06610757875863348, 'gb_scale': 2.3706276513018563, 'gd_bubble_scale': 0.15911887392671145, 'gd_line_scale': 0.23468774427433242, 'gd_line_alpha': 0.5471624296527878, 'coalescence_d_scale': 0.5893668934259004, 'capture_scale': 0.1085546461113654}. Best is trial 756 with value: 2.012228641160978.
[I 2026-05-02 23:21:40,390] Trial 1258 finished with value: 2.133955545818189 and parameters: {'f_n': 4.144005454040292e-07, 'K_d': 146874.8656465972, 'rho_d': 67665474846237.875, 'fission_rate': 5.0375088987818385e+19, 'Dg_D1_scale': 0.32263782653828277, 'Dg_D3_scale': 2.473755388315378, 'Dv_D1_scale': 0.3955251981909696, 'Dv_D2_scale': 3.3011674069846326, 'b_bulk_scale': 0.5920950809856619, 'b_dislocation_scale': 0.08211569871191748, 'gb_scale': 2.4168006673722218, 'gd_bubble_scale': 0.17490866538690908, 'gd_line_scale': 0.3221730651450806, 'gd_line_alpha': 0.49884478563777973, 'coalescence_d_scale': 0.7308833603895153, 'capture_scale': 0.12267141636431242}. Best is trial 756 with value: 2.012228641160978.
[I 2026-05-02 23:21:46,302] Trial 1259 finished with value: 2.0542891921194593 and parameters: {'f_n': 4.651477726099255e-07, 'K_d': 136029.18880132033, 'rho_d': 69952173827842.57, 'fission_rate': 4.961258989266336e+19, 'Dg_D1_scale': 0.16275524032449254, 'Dg_D3_scale': 2.626481572806974, 'Dv_D1_scale': 0.35939231419278456, 'Dv_D2_scale': 3.2959965276586933, 'b_bulk_scale': 0.5451306976719853, 'b_dislocation_scale': 0.0727591745639807, 'gb_scale': 2.4897636102533607, 'gd_bubble_scale': 0.17146031061072747, 'gd_line_scale': 0.3575513320753441, 'gd_line_alpha': 0.5051637428527019, 'coalescence_d_scale': 0.6594286811611187, 'capture_scale': 0.11136871342323451}. Best is trial 756 with value: 2.012228641160978.
