[I 2026-05-02 22:48:46,075] Trial 918 finished with value: 2.0809190724605546 and parameters: {'f_n': 3.322537837103192e-07, 'K_d': 103784.22680601773, 'rho_d': 55322588670396.0, 'fission_rate': 4.8438394238316085e+19, 'Dg_D1_scale': 0.3927017854003816, 'Dg_D3_scale': 1.864909003678873, 'Dv_D1_scale': 0.30938813515951374, 'Dv_D2_scale': 3.6200524546284956, 'b_bulk_scale': 0.40912915705331243, 'b_dislocation_scale': 0.09118547911978471, 'gb_scale': 3.5935960331890278, 'gd_bubble_scale': 0.38307670033443936, 'gd_line_scale': 0.7091933850815875, 'gd_line_alpha': 0.9641526366098107, 'coalescence_d_scale': 0.6114068425991537, 'capture_scale': 0.08098897346304827}. Best is trial 756 with value: 2.012228641160978.
[I 2026-05-02 22:48:51,891] Trial 919 finished with value: 2.2977172546443274 and parameters: {'f_n': 3.4546634423291586e-07, 'K_d': 106283.95865912916, 'rho_d': 58018410271778.375, 'fission_rate': 5.013956079529027e+19, 'Dg_D1_scale': 0.4078412362300423, 'Dg_D3_scale': 1.9552772329512933, 'Dv_D1_scale': 0.3358523634740347, 'Dv_D2_scale': 3.2908725833964008, 'b_bulk_scale': 0.5306595545087517, 'b_dislocation_scale': 0.07951080441270313, 'gb_scale': 4.154862967869698, 'gd_bubble_scale': 0.334901665651759, 'gd_line_scale': 0.8043903957435963, 'gd_line_alpha': 0.9841581882022359, 'coalescence_d_scale': 0.5320384952642381, 'capture_scale': 0.11737402738021112}. Best is trial 756 with value: 2.012228641160978.
[I 2026-05-02 22:48:56,141] Trial 920 finished with value: 2.1916269901641314 and parameters: {'f_n': 3.667903769285516e-07, 'K_d': 100012.04662561517, 'rho_d': 68554327245666.31, 'fission_rate': 4.956337160242997e+19, 'Dg_D1_scale': 0.4230343136965656, 'Dg_D3_scale': 2.3314998947642405, 'Dv_D1_scale': 0.3105631799308518, 'Dv_D2_scale': 3.5298444516345624, 'b_bulk_scale': 0.3948768913993354, 'b_dislocation_scale': 0.08824430799782645, 'gb_scale': 2.8777913184740953, 'gd_bubble_scale': 0.29104925682634225, 'gd_line_scale': 0.6496294081726455, 'gd_line_alpha': 0.9598843520262669, 'coalescence_d_scale': 0.46608501589229906, 'capture_scale': 0.09158729900966071}. Best is trial 756 with value: 2.012228641160978.
[I 2026-05-02 22:49:02,089] Trial 921 finished with value: 2.359471698340551 and parameters: {'f_n': 4.7529345057527385e-07, 'K_d': 113158.25583471212, 'rho_d': 62614376975598.37, 'fission_rate': 4.902342463798035e+19, 'Dg_D1_scale': 0.3653596767920999, 'Dg_D3_scale': 2.1866894027789807, 'Dv_D1_scale': 0.355705941064237, 'Dv_D2_scale': 0.36356177791021344, 'b_bulk_scale': 0.4639375585652658, 'b_dislocation_scale': 0.0993084054647525, 'gb_scale': 3.4257288230754277, 'gd_bubble_scale': 0.36997098635150405, 'gd_line_scale': 0.7715100642493363, 'gd_line_alpha': 0.9976962719619569, 'coalescence_d_scale': 0.5663931506853572, 'capture_scale': 0.06554416205564692}. Best is trial 756 with value: 2.012228641160978.
[I 2026-05-02 22:49:08,119] Trial 922 finished with value: 2.10644732084455 and parameters: {'f_n': 5.011780533111795e-07, 'K_d': 106387.26085089467, 'rho_d': 54398297769811.0, 'fission_rate': 4.835590403569501e+19, 'Dg_D1_scale': 0.4195548578114019, 'Dg_D3_scale': 2.032307457972463, 'Dv_D1_scale': 0.3322786575443771, 'Dv_D2_scale': 3.7424310650774486, 'b_bulk_scale': 0.4396843927772239, 'b_dislocation_scale': 0.07827134913752021, 'gb_scale': 3.131783687189987, 'gd_bubble_scale': 0.327699405347328, 'gd_line_scale': 0.5223484775235164, 'gd_line_alpha': 0.9997458531375464, 'coalescence_d_scale': 0.46802579481599405, 'capture_scale': 0.10289075247917392}. Best is trial 756 with value: 2.012228641160978.
[I 2026-05-02 22:49:14,166] Trial 923 finished with value: 2.282484985212265 and parameters: {'f_n': 5.455302288970485e-07, 'K_d': 113868.77542165323, 'rho_d': 59271086279931.54, 'fission_rate': 4.775088840930453e+19, 'Dg_D1_scale': 0.3450253934317528, 'Dg_D3_scale': 2.3524874494890406, 'Dv_D1_scale': 0.35937476146787745, 'Dv_D2_scale': 0.48184495642989705, 'b_bulk_scale': 0.5232860775368298, 'b_dislocation_scale': 0.08517755780889942, 'gb_scale': 3.7728417149380595, 'gd_bubble_scale': 0.39471284289139547, 'gd_line_scale': 0.5647810983779132, 'gd_line_alpha': 0.9525469358312199, 'coalescence_d_scale': 0.5164574072767644, 'capture_scale': 0.12426814240456396}. Best is trial 756 with value: 2.012228641160978.
[I 2026-05-02 22:49:19,936] Trial 924 finished with value: 2.1132878632117262 and parameters: {'f_n': 3.9923102483183793e-07, 'K_d': 109636.56344896692, 'rho_d': 57260248104672.95, 'fission_rate': 5.093309739826823e+19, 'Dg_D1_scale': 0.3804434450242206, 'Dg_D3_scale': 2.200744892564288, 'Dv_D1_scale': 0.3059282437894392, 'Dv_D2_scale': 3.467271926198684, 'b_bulk_scale': 0.40293706513764405, 'b_dislocation_scale': 0.09242264980412236, 'gb_scale': 3.489730521708163, 'gd_bubble_scale': 0.35678223362786937, 'gd_line_scale': 0.6062332158286414, 'gd_line_alpha': 0.9726189739715091, 'coalescence_d_scale': 0.6632735266414851, 'capture_scale': 0.0728965050255302}. Best is trial 756 with value: 2.012228641160978.Best trial: 756. Best value: 2.01223:  62%|██████▏   | 924/1500 [1:11:39<55:32,  5.79s/it]Best trial: 756. Best value: 2.01223:  62%|██████▏   | 924/1500 [1:11:39<55:32,  5.79s/it]Best trial: 756. Best value: 2.01223:  62%|██████▏   | 925/1500 [1:11:39<55:23,  5.78s/it]                                                                                          Best trial: 756. Best value: 2.01223:  62%|██████▏   | 925/1500 [1:11:45<55:23,  5.78s/it]Best trial: 756. Best value: 2.01223:  62%|██████▏   | 925/1500 [1:11:46<55:23,  5.78s/it]Best trial: 756. Best value: 2.01223:  62%|██████▏   | 926/1500 [1:11:46<56:09,  5.87s/it]                                                                                          Best trial: 756. Best value: 2.01223:  62%|██████▏   | 926/1500 [1:11:50<56:09,  5.87s/it]Best trial: 756. Best value: 2.01223:  62%|██████▏   | 926/1500 [1:11:50<56:09,  5.87s/it]Best trial: 756. Best value: 2.01223:  62%|██████▏   | 927/1500 [1:11:50<51:38,  5.41s/it]                                                                                          Best trial: 756. Best value: 2.01223:  62%|██████▏   | 927/1500 [1:11:56<51:38,  5.41s/it]Best trial: 756. Best value: 2.01223:  62%|██████▏   | 927/1500 [1:11:56<51:38,  5.41s/it]Best trial: 756. Best value: 2.01223:  62%|██████▏   | 928/1500 [1:11:56<53:31,  5.61s/it]                                                                                          Best trial: 756. Best value: 2.01223:  62%|██████▏   | 928/1500 [1:12:02<53:31,  5.61s/it]Best trial: 756. Best value: 2.01223:  62%|██████▏   | 928/1500 [1:12:02<53:31,  5.61s/it]Best trial: 756. Best value: 2.01223:  62%|██████▏   | 929/1500 [1:12:02<54:58,  5.78s/it]                                                                                          Best trial: 756. Best value: 2.01223:  62%|██████▏   | 929/1500 [1:12:08<54:58,  5.78s/it]Best trial: 756. Best value: 2.01223:  62%|██████▏   | 929/1500 [1:12:08<54:58,  5.78s/it]Best trial: 756. Best value: 2.01223:  62%|██████▏   | 930/1500 [1:12:08<55:43,  5.87s/it]                                                                                          Best trial: 756. Best value: 2.01223:  62%|██████▏   | 930/1500 [1:12:14<55:43,  5.87s/it]Best trial: 756. Best value: 2.01223:  62%|██████▏   | 930/1500 [1:12:14<55:43,  5.87s/it]Best trial: 756. Best value: 2.01223:  62%|██████▏   | 931/1500 [1:12:14<56:13,  5.93s/it]                                                                                          Best trial: 756. Best value: 2.01223:  62%|██████▏   | 931/1500 [1:12:19<56:13,  5.93s/it]Best trial: 756. Best value: 2.01223:  62%|██████▏   | 931/1500 [1:12:19<56:13,  5.93s/it]Best trial: 756. Best value: 2.01223:  62%|██████▏   | 932/1500 [1:12:19<51:41,  5.46s/it]                                                                                          Best trial: 756. Best value: 2.01223:  62%|██████▏   | 932/1500 [1:12:25<51:41,  5.46s/it]Best trial: 756. Best value: 2.01223:  62%|██████▏   | 932/1500 [1:12:25<51:41,  5.46s/it]Best trial: 756. Best value: 2.01223:  62%|██████▏   | 933/1500 [1:12:25<53:22,  5.65s/it]                                                                                          Best trial: 756. Best value: 2.01223:  62%|██████▏   | 933/1500 [1:12:31<53:22,  5.65s/it]Best trial: 756. Best value: 2.01223:  62%|██████▏   | 933/1500 [1:12:31<53:22,  5.65s/it]Best trial: 756. Best value: 2.01223:  62%|██████▏   | 934/1500 [1:12:31<54:23,  5.77s/it]                                                                                          Best trial: 756. Best value: 2.01223:  62%|██████▏   | 934/1500 [1:12:37<54:23,  5.77s/it]Best trial: 756. Best value: 2.01223:  62%|██████▏   | 934/1500 [1:12:37<54:23,  5.77s/it]Best trial: 756. Best value: 2.01223:  62%|██████▏   | 935/1500 [1:12:37<54:57,  5.84s/it]                                                                                          Best trial: 756. Best value: 2.01223:  62%|██████▏   | 935/1500 [1:12:43<54:57,  5.84s/it]Best trial: 756. Best value: 2.01223:  62%|██████▏   | 935/1500 [1:12:43<54:57,  5.84s/it]Best trial: 756. Best value: 2.01223:  62%|██████▏   | 936/1500 [1:12:43<55:41,  5.93s/it]                                                                                          
[I 2026-05-02 22:49:26,013] Trial 925 finished with value: 2.456621911813925 and parameters: {'f_n': 3.0271133089980627e-07, 'K_d': 100008.47767455217, 'rho_d': 65069296886651.52, 'fission_rate': 4.809733578959429e+19, 'Dg_D1_scale': 0.428690210623041, 'Dg_D3_scale': 2.3841031269220645, 'Dv_D1_scale': 0.351664357727159, 'Dv_D2_scale': 3.7521055565157515, 'b_bulk_scale': 0.5511933622526354, 'b_dislocation_scale': 0.07846881358930445, 'gb_scale': 4.127641283404041, 'gd_bubble_scale': 0.3042026165857097, 'gd_line_scale': 0.7113535398321538, 'gd_line_alpha': 0.9579373530642709, 'coalescence_d_scale': 0.45020048495398357, 'capture_scale': 0.05906994892018671}. Best is trial 756 with value: 2.012228641160978.
[I 2026-05-02 22:49:30,338] Trial 926 finished with value: 2.153718555326386 and parameters: {'f_n': 3.893582163677247e-07, 'K_d': 114610.07358421585, 'rho_d': 53657292271708.25, 'fission_rate': 4.935415871709533e+19, 'Dg_D1_scale': 0.35036807591955804, 'Dg_D3_scale': 2.3267620448856348, 'Dv_D1_scale': 0.3229482245577485, 'Dv_D2_scale': 3.2968295611923955, 'b_bulk_scale': 0.48852364516763486, 'b_dislocation_scale': 0.09917064960136403, 'gb_scale': 2.882411579636213, 'gd_bubble_scale': 0.39719250995811034, 'gd_line_scale': 0.5330979774363138, 'gd_line_alpha': 0.9983140882196296, 'coalescence_d_scale': 0.5815029432927192, 'capture_scale': 0.09308497014830155}. Best is trial 756 with value: 2.012228641160978.
[I 2026-05-02 22:49:36,435] Trial 927 finished with value: 2.0412448403692856 and parameters: {'f_n': 5.381304478558741e-07, 'K_d': 107043.93011255255, 'rho_d': 60788974238871.84, 'fission_rate': 4.7793597704760566e+19, 'Dg_D1_scale': 0.3900815048696243, 'Dg_D3_scale': 2.0349517444121137, 'Dv_D1_scale': 0.36692643474027486, 'Dv_D2_scale': 3.6227100585237957, 'b_bulk_scale': 0.44617304077398207, 'b_dislocation_scale': 0.08686695746854037, 'gb_scale': 3.256925636887646, 'gd_bubble_scale': 0.34046921505682726, 'gd_line_scale': 0.6062107140909261, 'gd_line_alpha': 0.9769146429907773, 'coalescence_d_scale': 0.5105727617654517, 'capture_scale': 0.12046862098512712}. Best is trial 756 with value: 2.012228641160978.
[I 2026-05-02 22:49:42,584] Trial 928 finished with value: 2.030412176720166 and parameters: {'f_n': 5.311125567344884e-07, 'K_d': 113457.22286498627, 'rho_d': 57872567202010.77, 'fission_rate': 4.8114626843242906e+19, 'Dg_D1_scale': 0.4298586046920145, 'Dg_D3_scale': 2.3752048366660055, 'Dv_D1_scale': 0.36848132605646394, 'Dv_D2_scale': 3.7653072256270526, 'b_bulk_scale': 0.5455466976126031, 'b_dislocation_scale': 0.08409962998476425, 'gb_scale': 3.0580751945703692, 'gd_bubble_scale': 0.3207400176024058, 'gd_line_scale': 0.5146141212602487, 'gd_line_alpha': 0.9496971192311402, 'coalescence_d_scale': 0.44369188806748666, 'capture_scale': 0.11351718609797075}. Best is trial 756 with value: 2.012228641160978.
[I 2026-05-02 22:49:48,665] Trial 929 finished with value: 2.025696845515639 and parameters: {'f_n': 5.604394640077044e-07, 'K_d': 115655.52960222776, 'rho_d': 55203644940899.195, 'fission_rate': 4.795121128626471e+19, 'Dg_D1_scale': 0.4396225948463268, 'Dg_D3_scale': 2.376419916734232, 'Dv_D1_scale': 0.3563296157150971, 'Dv_D2_scale': 3.7761437962606803, 'b_bulk_scale': 0.555184677767811, 'b_dislocation_scale': 0.07606599007321468, 'gb_scale': 2.853934332107369, 'gd_bubble_scale': 0.2892393720710324, 'gd_line_scale': 0.5111160729805408, 'gd_line_alpha': 0.9443978661215079, 'coalescence_d_scale': 0.4434842273353167, 'capture_scale': 0.11909260758383501}. Best is trial 756 with value: 2.012228641160978.
[I 2026-05-02 22:49:54,741] Trial 930 finished with value: 2.161790160165444 and parameters: {'f_n': 2.4117455704962474e-07, 'K_d': 115101.63517068913, 'rho_d': 53891364575534.164, 'fission_rate': 4.789746955400252e+19, 'Dg_D1_scale': 0.4333645546121184, 'Dg_D3_scale': 2.3973868580141313, 'Dv_D1_scale': 0.3663148233137428, 'Dv_D2_scale': 3.7844919664989853, 'b_bulk_scale': 0.5628564938881104, 'b_dislocation_scale': 0.07630441506943887, 'gb_scale': 2.708475924637682, 'gd_bubble_scale': 0.28530703272001073, 'gd_line_scale': 0.5113918042044361, 'gd_line_alpha': 0.9532756502778118, 'coalescence_d_scale': 0.44057615085759666, 'capture_scale': 0.12603804470985597}. Best is trial 756 with value: 2.012228641160978.
[I 2026-05-02 22:49:59,104] Trial 931 finished with value: 2.0189342685449567 and parameters: {'f_n': 5.948112652622337e-07, 'K_d': 114638.19508191856, 'rho_d': 55826994208229.78, 'fission_rate': 4.860516308896337e+19, 'Dg_D1_scale': 0.4381723255466399, 'Dg_D3_scale': 2.3497604145991233, 'Dv_D1_scale': 0.37501070701919714, 'Dv_D2_scale': 3.999009600847924, 'b_bulk_scale': 0.5588654412439473, 'b_dislocation_scale': 0.07398310496922669, 'gb_scale': 2.7815580424561803, 'gd_bubble_scale': 0.29040547270774636, 'gd_line_scale': 0.5031886220334676, 'gd_line_alpha': 0.9442938428298221, 'coalescence_d_scale': 0.4382555909155225, 'capture_scale': 0.14565334909412136}. Best is trial 756 with value: 2.012228641160978.
[I 2026-05-02 22:50:05,200] Trial 932 finished with value: 2.0842779163319287 and parameters: {'f_n': 2.6662869554473576e-07, 'K_d': 110267.69456795725, 'rho_d': 53262452365356.28, 'fission_rate': 4.8348059985907384e+19, 'Dg_D1_scale': 0.4403110655853637, 'Dg_D3_scale': 2.0624178224796004, 'Dv_D1_scale': 0.3761237896592804, 'Dv_D2_scale': 3.840739928098964, 'b_bulk_scale': 0.5297042867525025, 'b_dislocation_scale': 0.08554020037711269, 'gb_scale': 2.7503578760750895, 'gd_bubble_scale': 0.30219814484346574, 'gd_line_scale': 0.5504128092145302, 'gd_line_alpha': 0.9470053374095597, 'coalescence_d_scale': 0.42543404271844015, 'capture_scale': 0.12107685464877682}. Best is trial 756 with value: 2.012228641160978.
[I 2026-05-02 22:50:11,235] Trial 933 finished with value: 2.054887737808874 and parameters: {'f_n': 4.048363350857737e-07, 'K_d': 109009.50136425829, 'rho_d': 55342618352310.086, 'fission_rate': 4.903713457732363e+19, 'Dg_D1_scale': 0.4374852647263041, 'Dg_D3_scale': 2.3025972239786388, 'Dv_D1_scale': 0.36348785389119415, 'Dv_D2_scale': 3.959294188095073, 'b_bulk_scale': 0.573061977738094, 'b_dislocation_scale': 0.08196971934067387, 'gb_scale': 2.7292354475745113, 'gd_bubble_scale': 0.2782756052906132, 'gd_line_scale': 0.5178641784661749, 'gd_line_alpha': 0.94220494652849, 'coalescence_d_scale': 0.4628532299705412, 'capture_scale': 0.13072300867811665}. Best is trial 756 with value: 2.012228641160978.
[I 2026-05-02 22:50:17,239] Trial 934 finished with value: 2.029959613759499 and parameters: {'f_n': 5.903277312605446e-07, 'K_d': 115275.68016546016, 'rho_d': 51011704526405.664, 'fission_rate': 4.818727989976395e+19, 'Dg_D1_scale': 0.44546490511836323, 'Dg_D3_scale': 2.200569402404731, 'Dv_D1_scale': 0.3533329341182136, 'Dv_D2_scale': 3.9832178124467257, 'b_bulk_scale': 0.5526315789288072, 'b_dislocation_scale': 0.0743110194631271, 'gb_scale': 2.918032207524176, 'gd_bubble_scale': 0.2806707172398775, 'gd_line_scale': 0.5524177460201465, 'gd_line_alpha': 0.9397455264233924, 'coalescence_d_scale': 0.4297129659956238, 'capture_scale': 0.13691628681028353}. Best is trial 756 with value: 2.012228641160978.
[I 2026-05-02 22:50:23,372] Trial 935 finished with value: 2.0458262438286354 and parameters: {'f_n': 5.945322253258948e-07, 'K_d': 116261.61509558193, 'rho_d': 50714207905385.32, 'fission_rate': 4.779357219240303e+19, 'Dg_D1_scale': 0.4579788309204099, 'Dg_D3_scale': 2.087390635935627, 'Dv_D1_scale': 0.3787195143906069, 'Dv_D2_scale': 3.9996109880129147, 'b_bulk_scale': 0.5801922119194471, 'b_dislocation_scale': 0.07505787353310851, 'gb_scale': 2.6680206691497137, 'gd_bubble_scale': 0.26950453779654915, 'gd_line_scale': 0.5680986413907007, 'gd_line_alpha': 0.9459573774574285, 'coalescence_d_scale': 0.42242039514273394, 'capture_scale': 0.14008975617258967}. Best is trial 756 with value: 2.012228641160978.
