[I 2026-05-02 23:02:31,699] Trial 1062 finished with value: 2.1886123042400376 and parameters: {'f_n': 1.5503786886481104e-07, 'K_d': 114218.70499464245, 'rho_d': 58990575320991.75, 'fission_rate': 4.8973820655056765e+19, 'Dg_D1_scale': 0.19876343306883734, 'Dg_D3_scale': 2.2192543322534473, 'Dv_D1_scale': 0.34447735218927, 'Dv_D2_scale': 3.4489668213319242, 'b_bulk_scale': 0.665672355366004, 'b_dislocation_scale': 0.08206840934781415, 'gb_scale': 3.2349728932375856, 'gd_bubble_scale': 0.1295097072802256, 'gd_line_scale': 0.4945146554426635, 'gd_line_alpha': 0.9338361663380683, 'coalescence_d_scale': 0.644198382554918, 'capture_scale': 0.0892581514847609}. Best is trial 756 with value: 2.012228641160978.
[I 2026-05-02 23:02:37,883] Trial 1063 finished with value: 2.2078590206094466 and parameters: {'f_n': 3.234222914390099e-07, 'K_d': 105815.52885077463, 'rho_d': 52675807613069.54, 'fission_rate': 4.693340569476179e+19, 'Dg_D1_scale': 0.5066741653814157, 'Dg_D3_scale': 2.0056748750885647, 'Dv_D1_scale': 0.30160748583623537, 'Dv_D2_scale': 3.982866477512732, 'b_bulk_scale': 0.46413977737698914, 'b_dislocation_scale': 0.09065674437585741, 'gb_scale': 2.2560078862033497, 'gd_bubble_scale': 0.16037755891356456, 'gd_line_scale': 0.682768855850278, 'gd_line_alpha': 0.9180424373947329, 'coalescence_d_scale': 0.5336559278002251, 'capture_scale': 0.05506319136444251}. Best is trial 756 with value: 2.012228641160978.
[I 2026-05-02 23:02:43,773] Trial 1064 finished with value: 2.1807418283581925 and parameters: {'f_n': 5.041683719134447e-07, 'K_d': 118138.43891837433, 'rho_d': 64129099584815.336, 'fission_rate': 4.963518845296952e+19, 'Dg_D1_scale': 0.30884151830789086, 'Dg_D3_scale': 2.191994528762502, 'Dv_D1_scale': 0.35718265867631654, 'Dv_D2_scale': 3.6193448650265303, 'b_bulk_scale': 0.5798102707222225, 'b_dislocation_scale': 0.0725415565594748, 'gb_scale': 2.778238505251975, 'gd_bubble_scale': 0.11984377423263734, 'gd_line_scale': 0.5444317683059927, 'gd_line_alpha': 0.8998123094693197, 'coalescence_d_scale': 0.4796053876474352, 'capture_scale': 0.22586829456493093}. Best is trial 756 with value: 2.012228641160978.
[I 2026-05-02 23:02:48,504] Trial 1065 finished with value: 2.029066335004565 and parameters: {'f_n': 4.241301936520685e-07, 'K_d': 107993.29799488456, 'rho_d': 57269639817648.32, 'fission_rate': 4.638501927421785e+19, 'Dg_D1_scale': 0.3184513146736944, 'Dg_D3_scale': 1.9464224240827506, 'Dv_D1_scale': 0.33161552469546085, 'Dv_D2_scale': 3.9954383682664636, 'b_bulk_scale': 0.4521905852972419, 'b_dislocation_scale': 0.08547281132505521, 'gb_scale': 3.2371072795524034, 'gd_bubble_scale': 0.1417971335935469, 'gd_line_scale': 0.6096678043105258, 'gd_line_alpha': 0.9295799832122972, 'coalescence_d_scale': 0.4331418465820858, 'capture_scale': 0.12305600585646875}. Best is trial 756 with value: 2.012228641160978.
[I 2026-05-02 23:02:55,340] Trial 1066 finished with value: 2.031277547928123 and parameters: {'f_n': 2.8897059678367554e-07, 'K_d': 105951.23086312127, 'rho_d': 59949951575850.13, 'fission_rate': 4.634256085438698e+19, 'Dg_D1_scale': 0.29697755584623836, 'Dg_D3_scale': 2.1371193016282968, 'Dv_D1_scale': 0.324448845481319, 'Dv_D2_scale': 3.995540352230761, 'b_bulk_scale': 0.4294178324462683, 'b_dislocation_scale': 0.09834130056497255, 'gb_scale': 3.232462376528742, 'gd_bubble_scale': 0.13759570214635683, 'gd_line_scale': 0.6518176186627893, 'gd_line_alpha': 0.9158575851003923, 'coalescence_d_scale': 0.3954965251066962, 'capture_scale': 0.08102226404640013}. Best is trial 756 with value: 2.012228641160978.
[I 2026-05-02 23:03:01,832] Trial 1067 finished with value: 2.220539415120257 and parameters: {'f_n': 2.4654940112169216e-07, 'K_d': 104486.79371101163, 'rho_d': 65271690736971.26, 'fission_rate': 4.5888411948132565e+19, 'Dg_D1_scale': 0.26819044400891007, 'Dg_D3_scale': 2.1014916509487063, 'Dv_D1_scale': 0.3025638981813565, 'Dv_D2_scale': 3.380095175613712, 'b_bulk_scale': 0.4214666251671193, 'b_dislocation_scale': 0.1003733534598997, 'gb_scale': 3.2145170498943547, 'gd_bubble_scale': 0.11540872923131659, 'gd_line_scale': 0.7766927140068435, 'gd_line_alpha': 0.9047320304070382, 'coalescence_d_scale': 0.38116493587659017, 'capture_scale': 0.06478668221510171}. Best is trial 756 with value: 2.012228641160978.
[I 2026-05-02 23:03:08,177] Trial 1068 finished with value: 2.2041534536438827 and parameters: {'f_n': 3.510672369988262e-07, 'K_d': 100470.33285198807, 'rho_d': 61541022608144.14, 'fission_rate': 4.602635119167846e+19, 'Dg_D1_scale': 0.2914835409819433, 'Dg_D3_scale': 2.013146230579356, 'Dv_D1_scale': 0.3180654720831571, 'Dv_D2_scale': 3.624724707357876, 'b_bulk_scale': 0.4214952027919099, 'b_dislocation_scale': 0.09487244786792444, 'gb_scale': 3.2614918564817286, 'gd_bubble_scale': 0.12908945457784674, 'gd_line_scale': 0.8384334021334483, 'gd_line_alpha': 0.8965897319439534, 'coalescence_d_scale': 0.388192708165495, 'capture_scale': 0.09264748192448485}. Best is trial 756 with value: 2.012228641160978.Best trial: 756. Best value: 2.01223:  71%|███████   | 1068/1500 [1:25:28<44:05,  6.12s/it]Best trial: 756. Best value: 2.01223:  71%|███████   | 1068/1500 [1:25:28<44:05,  6.12s/it]Best trial: 756. Best value: 2.01223:  71%|███████▏  | 1069/1500 [1:25:28<44:22,  6.18s/it]                                                                                           Best trial: 756. Best value: 2.01223:  71%|███████▏  | 1069/1500 [1:25:34<44:22,  6.18s/it]Best trial: 756. Best value: 2.01223:  71%|███████▏  | 1069/1500 [1:25:34<44:22,  6.18s/it]Best trial: 756. Best value: 2.01223:  71%|███████▏  | 1070/1500 [1:25:34<44:32,  6.22s/it]                                                                                           Best trial: 756. Best value: 2.01223:  71%|███████▏  | 1070/1500 [1:25:39<44:32,  6.22s/it]Best trial: 756. Best value: 2.01223:  71%|███████▏  | 1070/1500 [1:25:39<44:32,  6.22s/it]Best trial: 756. Best value: 2.01223:  71%|███████▏  | 1071/1500 [1:25:39<41:15,  5.77s/it]                                                                                           Best trial: 756. Best value: 2.01223:  71%|███████▏  | 1071/1500 [1:25:45<41:15,  5.77s/it]Best trial: 756. Best value: 2.01223:  71%|███████▏  | 1071/1500 [1:25:45<41:15,  5.77s/it]Best trial: 756. Best value: 2.01223:  71%|███████▏  | 1072/1500 [1:25:45<42:17,  5.93s/it]                                                                                           Best trial: 756. Best value: 2.01223:  71%|███████▏  | 1072/1500 [1:25:51<42:17,  5.93s/it]Best trial: 756. Best value: 2.01223:  71%|███████▏  | 1072/1500 [1:25:51<42:17,  5.93s/it]Best trial: 756. Best value: 2.01223:  72%|███████▏  | 1073/1500 [1:25:51<43:09,  6.06s/it]                                                                                           Best trial: 756. Best value: 2.01223:  72%|███████▏  | 1073/1500 [1:25:58<43:09,  6.06s/it]Best trial: 756. Best value: 2.01223:  72%|███████▏  | 1073/1500 [1:25:58<43:09,  6.06s/it]Best trial: 756. Best value: 2.01223:  72%|███████▏  | 1074/1500 [1:25:58<43:34,  6.14s/it]                                                                                           Best trial: 756. Best value: 2.01223:  72%|███████▏  | 1074/1500 [1:26:04<43:34,  6.14s/it]Best trial: 756. Best value: 2.01223:  72%|███████▏  | 1074/1500 [1:26:04<43:34,  6.14s/it]Best trial: 756. Best value: 2.01223:  72%|███████▏  | 1075/1500 [1:26:04<43:48,  6.19s/it]                                                                                           Best trial: 756. Best value: 2.01223:  72%|███████▏  | 1075/1500 [1:26:09<43:48,  6.19s/it]Best trial: 756. Best value: 2.01223:  72%|███████▏  | 1075/1500 [1:26:09<43:48,  6.19s/it]Best trial: 756. Best value: 2.01223:  72%|███████▏  | 1076/1500 [1:26:09<40:36,  5.75s/it]                                                                                           Best trial: 756. Best value: 2.01223:  72%|███████▏  | 1076/1500 [1:26:15<40:36,  5.75s/it]Best trial: 756. Best value: 2.01223:  72%|███████▏  | 1076/1500 [1:26:15<40:36,  5.75s/it]Best trial: 756. Best value: 2.01223:  72%|███████▏  | 1077/1500 [1:26:15<41:23,  5.87s/it]                                                                                           Best trial: 756. Best value: 2.01223:  72%|███████▏  | 1077/1500 [1:26:21<41:23,  5.87s/it]Best trial: 756. Best value: 2.01223:  72%|███████▏  | 1077/1500 [1:26:21<41:23,  5.87s/it]Best trial: 756. Best value: 2.01223:  72%|███████▏  | 1078/1500 [1:26:21<42:25,  6.03s/it]                                                                                           Best trial: 756. Best value: 2.01223:  72%|███████▏  | 1078/1500 [1:26:28<42:25,  6.03s/it]Best trial: 756. Best value: 2.01223:  72%|███████▏  | 1078/1500 [1:26:28<42:25,  6.03s/it]Best trial: 756. Best value: 2.01223:  72%|███████▏  | 1079/1500 [1:26:28<43:05,  6.14s/it]                                                                                           Best trial: 756. Best value: 2.01223:  72%|███████▏  | 1079/1500 [1:26:34<43:05,  6.14s/it]Best trial: 756. Best value: 2.01223:  72%|███████▏  | 1079/1500 [1:26:34<43:05,  6.14s/it]Best trial: 756. Best value: 2.01223:  72%|███████▏  | 1080/1500 [1:26:34<43:07,  6.16s/it]                                                                                           
[I 2026-05-02 23:03:14,476] Trial 1069 finished with value: 2.430399418735756 and parameters: {'f_n': 2.2069205265308284e-07, 'K_d': 107485.3203931592, 'rho_d': 68284914273795.984, 'fission_rate': 4.656071589991563e+19, 'Dg_D1_scale': 0.2499913432903358, 'Dg_D3_scale': 2.159719849590286, 'Dv_D1_scale': 0.3202536553366165, 'Dv_D2_scale': 0.3132771059947718, 'b_bulk_scale': 0.4440799053935217, 'b_dislocation_scale': 0.10389008845075226, 'gb_scale': 2.904249805594758, 'gd_bubble_scale': 0.13695213987152635, 'gd_line_scale': 0.686895134137232, 'gd_line_alpha': 0.9190094359161962, 'coalescence_d_scale': 0.3948074650863482, 'capture_scale': 0.0694160221877828}. Best is trial 756 with value: 2.012228641160978.
[I 2026-05-02 23:03:19,208] Trial 1070 finished with value: 2.0332450623690423 and parameters: {'f_n': 2.885260097179162e-07, 'K_d': 108048.0791888396, 'rho_d': 60387501404509.58, 'fission_rate': 4.6502063445919556e+19, 'Dg_D1_scale': 0.3141658457981548, 'Dg_D3_scale': 2.2192853061002387, 'Dv_D1_scale': 0.3055589213288398, 'Dv_D2_scale': 3.787845421135931, 'b_bulk_scale': 0.4205457309978436, 'b_dislocation_scale': 0.10031015065185125, 'gb_scale': 3.2061733105808354, 'gd_bubble_scale': 0.12680693860070802, 'gd_line_scale': 0.6401626908637839, 'gd_line_alpha': 0.9189054634404217, 'coalescence_d_scale': 0.41385318559119444, 'capture_scale': 0.07852020500367189}. Best is trial 756 with value: 2.012228641160978.
[I 2026-05-02 23:03:25,508] Trial 1071 finished with value: 3.9951556166157567 and parameters: {'f_n': 2.8915521601522816e-07, 'K_d': 107378.77370571402, 'rho_d': 66174835270576.05, 'fission_rate': 4.608043758166856e+19, 'Dg_D1_scale': 0.2948458585164462, 'Dg_D3_scale': 2.3572214562427685, 'Dv_D1_scale': 0.32589740049743754, 'Dv_D2_scale': 3.3998536889954396, 'b_bulk_scale': 0.3929694267338227, 'b_dislocation_scale': 0.10248598703316153, 'gb_scale': 3.178916042956707, 'gd_bubble_scale': 0.11860987142171199, 'gd_line_scale': 0.7669960409319895, 'gd_line_alpha': 0.9042972665132496, 'coalescence_d_scale': 3.3348260327176518, 'capture_scale': 0.06272100839950058}. Best is trial 756 with value: 2.012228641160978.
[I 2026-05-02 23:03:31,890] Trial 1072 finished with value: 2.040086217548663 and parameters: {'f_n': 3.1237218213577765e-07, 'K_d': 100207.51424280807, 'rho_d': 70231925470696.16, 'fission_rate': 4.657839173128644e+19, 'Dg_D1_scale': 0.2782315826410497, 'Dg_D3_scale': 2.1689105933003354, 'Dv_D1_scale': 0.29412133184637035, 'Dv_D2_scale': 3.4911959914288353, 'b_bulk_scale': 0.36422385492738707, 'b_dislocation_scale': 0.10401063403402126, 'gb_scale': 3.33559991354791, 'gd_bubble_scale': 0.11624588473040084, 'gd_line_scale': 0.6574917023565346, 'gd_line_alpha': 0.8995380567707156, 'coalescence_d_scale': 0.38343709194318293, 'capture_scale': 0.07422587676270402}. Best is trial 756 with value: 2.012228641160978.
[I 2026-05-02 23:03:38,199] Trial 1073 finished with value: 2.191388573276775 and parameters: {'f_n': 1.6379134376025613e-07, 'K_d': 100556.82226296514, 'rho_d': 72734712203029.53, 'fission_rate': 4.611571976055147e+19, 'Dg_D1_scale': 0.2875562815430483, 'Dg_D3_scale': 2.236992749214686, 'Dv_D1_scale': 0.2935171741864088, 'Dv_D2_scale': 3.3441299295932385, 'b_bulk_scale': 0.3507001139114237, 'b_dislocation_scale': 0.10547480642238485, 'gb_scale': 3.327523042460917, 'gd_bubble_scale': 0.10877914556312039, 'gd_line_scale': 0.6962878475587152, 'gd_line_alpha': 0.8966909929764628, 'coalescence_d_scale': 0.37881245174478706, 'capture_scale': 0.05485858155808217}. Best is trial 756 with value: 2.012228641160978.
[I 2026-05-02 23:03:44,497] Trial 1074 finished with value: 2.6653422680669054 and parameters: {'f_n': 2.2713509187503066e-07, 'K_d': 100352.56221000463, 'rho_d': 75545768729912.5, 'fission_rate': 4.6412030317830545e+19, 'Dg_D1_scale': 0.28202347742888906, 'Dg_D3_scale': 2.218852125854917, 'Dv_D1_scale': 0.3085822347156052, 'Dv_D2_scale': 0.20861352799458752, 'b_bulk_scale': 0.3631796749926731, 'b_dislocation_scale': 0.09711202654417471, 'gb_scale': 3.4281803750855815, 'gd_bubble_scale': 0.11603585075951427, 'gd_line_scale': 0.8202135181622441, 'gd_line_alpha': 0.8960764765368562, 'coalescence_d_scale': 0.3907668085856912, 'capture_scale': 0.07402107030376062}. Best is trial 756 with value: 2.012228641160978.
[I 2026-05-02 23:03:49,215] Trial 1075 finished with value: 2.0940469568786293 and parameters: {'f_n': 3.8177961915482054e-07, 'K_d': 105384.14477368696, 'rho_d': 75708212031848.84, 'fission_rate': 4.608669507438877e+19, 'Dg_D1_scale': 0.2569798860226993, 'Dg_D3_scale': 2.2270069087869397, 'Dv_D1_scale': 0.299810129524212, 'Dv_D2_scale': 3.306098655783359, 'b_bulk_scale': 0.3891995530014296, 'b_dislocation_scale': 0.10017849089900094, 'gb_scale': 3.116338739785512, 'gd_bubble_scale': 0.10695381183509448, 'gd_line_scale': 0.6610812492226134, 'gd_line_alpha': 0.917213943856445, 'coalescence_d_scale': 0.3704802216117795, 'capture_scale': 0.07735796778769463}. Best is trial 756 with value: 2.012228641160978.
[I 2026-05-02 23:03:55,380] Trial 1076 finished with value: 2.597207705925205 and parameters: {'f_n': 2.096646131633489e-07, 'K_d': 107003.770395071, 'rho_d': 70639956416616.08, 'fission_rate': 4.705098991648073e+19, 'Dg_D1_scale': 0.28345325788012843, 'Dg_D3_scale': 2.3317715236869203, 'Dv_D1_scale': 0.2996591599197272, 'Dv_D2_scale': 3.427403124407603, 'b_bulk_scale': 0.41047214348487787, 'b_dislocation_scale': 0.10447485102695794, 'gb_scale': 3.4998934410283993, 'gd_bubble_scale': 0.11938981989519318, 'gd_line_scale': 0.9482182294603213, 'gd_line_alpha': 0.9003413933742496, 'coalescence_d_scale': 0.38287129473611353, 'capture_scale': 0.069055297159855}. Best is trial 756 with value: 2.012228641160978.
[I 2026-05-02 23:04:01,782] Trial 1077 finished with value: 2.1817585438041056 and parameters: {'f_n': 2.154056410859975e-07, 'K_d': 100558.86369605432, 'rho_d': 72197389983392.28, 'fission_rate': 4.639090520668955e+19, 'Dg_D1_scale': 0.2664805384538197, 'Dg_D3_scale': 2.1341975099102646, 'Dv_D1_scale': 0.2937215165137822, 'Dv_D2_scale': 3.500392049609958, 'b_bulk_scale': 0.33725608068730883, 'b_dislocation_scale': 0.09118536181295603, 'gb_scale': 2.9542856247090006, 'gd_bubble_scale': 0.13209846284730659, 'gd_line_scale': 0.6429964258041829, 'gd_line_alpha': 0.9189356456179577, 'coalescence_d_scale': 0.4157523339931302, 'capture_scale': 0.07933561100751135}. Best is trial 756 with value: 2.012228641160978.
[I 2026-05-02 23:04:08,179] Trial 1078 finished with value: 2.1846158897798844 and parameters: {'f_n': 2.7816058846784765e-07, 'K_d': 104775.98710652573, 'rho_d': 68178324127683.19, 'fission_rate': 4.53948848228846e+19, 'Dg_D1_scale': 0.3057520577095122, 'Dg_D3_scale': 2.399524972441653, 'Dv_D1_scale': 0.29491763377561697, 'Dv_D2_scale': 3.3507668381407343, 'b_bulk_scale': 0.3642064080904901, 'b_dislocation_scale': 0.09310255384128083, 'gb_scale': 3.281547152665197, 'gd_bubble_scale': 0.12184633904899339, 'gd_line_scale': 0.7271979085354575, 'gd_line_alpha': 0.9186624091491141, 'coalescence_d_scale': 0.41637114761198085, 'capture_scale': 0.09032402200859302}. Best is trial 756 with value: 2.012228641160978.
[I 2026-05-02 23:04:14,385] Trial 1079 finished with value: 2.0397456845682647 and parameters: {'f_n': 2.564978963879468e-07, 'K_d': 110140.48790522889, 'rho_d': 64996908218523.25, 'fission_rate': 4.698785054147755e+19, 'Dg_D1_scale': 0.3123540133092543, 'Dg_D3_scale': 2.1114893687580647, 'Dv_D1_scale': 0.31687292059675315, 'Dv_D2_scale': 3.561031694656357, 'b_bulk_scale': 0.4220256599910442, 'b_dislocation_scale': 0.10592947391663007, 'gb_scale': 3.0320883952610953, 'gd_bubble_scale': 0.1047594392951603, 'gd_line_scale': 0.6215641354952831, 'gd_line_alpha': 0.8966782824669438, 'coalescence_d_scale': 0.41761733435937415, 'capture_scale': 0.08052930932490873}. Best is trial 756 with value: 2.012228641160978.
