[I 2026-05-02 22:38:14,683] Trial 810 finished with value: 2.148305738731588 and parameters: {'f_n': 1.4555976456136226e-06, 'K_d': 131895.03971581926, 'rho_d': 59155434273649.02, 'fission_rate': 4.6580531945988555e+19, 'Dg_D1_scale': 0.41687986838094687, 'Dg_D3_scale': 2.733440064649808, 'Dv_D1_scale': 0.5234632266550756, 'Dv_D2_scale': 3.9759577015855476, 'b_bulk_scale': 0.7887345761469143, 'b_dislocation_scale': 0.07832437883727407, 'gb_scale': 2.553889073451166, 'gd_bubble_scale': 0.3237652862945926, 'gd_line_scale': 0.5186747169054264, 'gd_line_alpha': 0.9944962461462407, 'coalescence_d_scale': 0.53559867657435, 'capture_scale': 0.3215266573905844}. Best is trial 756 with value: 2.012228641160978.
[I 2026-05-02 22:38:21,227] Trial 811 finished with value: 2.104236519201019 and parameters: {'f_n': 1.2173839378381574e-06, 'K_d': 109680.78786782219, 'rho_d': 56672996335970.38, 'fission_rate': 4.383125761807369e+19, 'Dg_D1_scale': 0.48252142904485407, 'Dg_D3_scale': 2.697602528716616, 'Dv_D1_scale': 0.4445102697149124, 'Dv_D2_scale': 3.729315925098024, 'b_bulk_scale': 0.6172457721754272, 'b_dislocation_scale': 0.06933387646415534, 'gb_scale': 2.6961627522474054, 'gd_bubble_scale': 0.285016341909032, 'gd_line_scale': 0.4405631804945732, 'gd_line_alpha': 0.9668497205801185, 'coalescence_d_scale': 0.5683644426885656, 'capture_scale': 0.45078722370229424}. Best is trial 756 with value: 2.012228641160978.
[I 2026-05-02 22:38:27,659] Trial 812 finished with value: 2.1715659550965194 and parameters: {'f_n': 1.7456455197139206e-06, 'K_d': 114301.98102432794, 'rho_d': 62742671907700.97, 'fission_rate': 4.5205496848620315e+19, 'Dg_D1_scale': 0.5268094288697137, 'Dg_D3_scale': 2.8249821434327123, 'Dv_D1_scale': 0.42931644135212543, 'Dv_D2_scale': 3.7521210018729336, 'b_bulk_scale': 0.5559434311832046, 'b_dislocation_scale': 0.06469046347691244, 'gb_scale': 3.3734971434309515, 'gd_bubble_scale': 0.3349665202320943, 'gd_line_scale': 0.5505484724915946, 'gd_line_alpha': 0.9811446126856002, 'coalescence_d_scale': 0.7090558754125207, 'capture_scale': 0.37067671775524885}. Best is trial 756 with value: 2.012228641160978.
[I 2026-05-02 22:38:33,965] Trial 813 finished with value: 2.5089521446404106 and parameters: {'f_n': 2.3470000496904473e-06, 'K_d': 125488.33079402556, 'rho_d': 55306691117114.2, 'fission_rate': 4.603169176992181e+19, 'Dg_D1_scale': 0.5664686344876272, 'Dg_D3_scale': 2.478618403277834, 'Dv_D1_scale': 0.46235494591328463, 'Dv_D2_scale': 3.9839422231551733, 'b_bulk_scale': 0.9410618815191649, 'b_dislocation_scale': 0.07660787073354691, 'gb_scale': 2.8020378677322917, 'gd_bubble_scale': 0.3136154651820011, 'gd_line_scale': 0.7522276766288075, 'gd_line_alpha': 0.949513324969574, 'coalescence_d_scale': 0.5636637918747887, 'capture_scale': 0.2481792303573569}. Best is trial 756 with value: 2.012228641160978.
[I 2026-05-02 22:38:40,017] Trial 814 finished with value: 2.140393141454669 and parameters: {'f_n': 1.4447296293497015e-06, 'K_d': 120301.53223998829, 'rho_d': 73242109661710.1, 'fission_rate': 4.799371955605907e+19, 'Dg_D1_scale': 0.46309738050393656, 'Dg_D3_scale': 2.8309991525694347, 'Dv_D1_scale': 0.40714324797347606, 'Dv_D2_scale': 3.619754409942615, 'b_bulk_scale': 0.5234099948208348, 'b_dislocation_scale': 0.08379333885072829, 'gb_scale': 2.9552750345532597, 'gd_bubble_scale': 0.25578504669144225, 'gd_line_scale': 0.605787729035516, 'gd_line_alpha': 0.9839193475881521, 'coalescence_d_scale': 0.5035540771458678, 'capture_scale': 0.4845273124621307}. Best is trial 756 with value: 2.012228641160978.
[I 2026-05-02 22:38:44,631] Trial 815 finished with value: 3.183147080621833 and parameters: {'f_n': 2.0134740136771714e-06, 'K_d': 137142.9417676347, 'rho_d': 66597057285787.31, 'fission_rate': 4.698098523340763e+19, 'Dg_D1_scale': 0.4938142103218695, 'Dg_D3_scale': 2.2500207793157103, 'Dv_D1_scale': 0.5038703431439978, 'Dv_D2_scale': 3.7454780012493374, 'b_bulk_scale': 1.1415299290909695, 'b_dislocation_scale': 0.07575336813620843, 'gb_scale': 2.311730893659906, 'gd_bubble_scale': 0.29778621364570934, 'gd_line_scale': 0.6925478638833936, 'gd_line_alpha': 0.9634417638224285, 'coalescence_d_scale': 0.5394513512382729, 'capture_scale': 0.34794456894311765}. Best is trial 756 with value: 2.012228641160978.
[I 2026-05-02 22:38:50,900] Trial 816 finished with value: 2.1508231864273117 and parameters: {'f_n': 1.133846457797853e-06, 'K_d': 111941.17220005566, 'rho_d': 60176174649824.43, 'fission_rate': 4.58403092249512e+19, 'Dg_D1_scale': 0.5253536854813539, 'Dg_D3_scale': 2.6347849679798383, 'Dv_D1_scale': 0.47690248599022494, 'Dv_D2_scale': 3.986459123764846, 'b_bulk_scale': 0.7275604639302259, 'b_dislocation_scale': 0.05891000172927713, 'gb_scale': 3.4076652377505643, 'gd_bubble_scale': 0.24151196200185227, 'gd_line_scale': 0.4281619844943739, 'gd_line_alpha': 0.9570138837793444, 'coalescence_d_scale': 0.6281215452200622, 'capture_scale': 0.4058121378384295}. Best is trial 756 with value: 2.012228641160978.Best trial: 756. Best value: 2.01223:  54%|█████▍    | 816/1500 [1:01:10<1:04:54,  5.69s/it]Best trial: 756. Best value: 2.01223:  54%|█████▍    | 816/1500 [1:01:10<1:04:54,  5.69s/it]Best trial: 756. Best value: 2.01223:  54%|█████▍    | 817/1500 [1:01:10<1:06:46,  5.87s/it]                                                                                            Best trial: 756. Best value: 2.01223:  54%|█████▍    | 817/1500 [1:01:17<1:06:46,  5.87s/it]Best trial: 756. Best value: 2.01223:  54%|█████▍    | 817/1500 [1:01:17<1:06:46,  5.87s/it]Best trial: 756. Best value: 2.01223:  55%|█████▍    | 818/1500 [1:01:17<1:08:40,  6.04s/it]                                                                                            Best trial: 756. Best value: 2.01223:  55%|█████▍    | 818/1500 [1:01:23<1:08:40,  6.04s/it]Best trial: 756. Best value: 2.01223:  55%|█████▍    | 818/1500 [1:01:23<1:08:40,  6.04s/it]Best trial: 756. Best value: 2.01223:  55%|█████▍    | 819/1500 [1:01:23<1:09:49,  6.15s/it]                                                                                            Best trial: 756. Best value: 2.01223:  55%|█████▍    | 819/1500 [1:01:29<1:09:49,  6.15s/it]Best trial: 756. Best value: 2.01223:  55%|█████▍    | 819/1500 [1:01:29<1:09:49,  6.15s/it]Best trial: 756. Best value: 2.01223:  55%|█████▍    | 820/1500 [1:01:29<1:09:37,  6.14s/it]                                                                                            Best trial: 756. Best value: 2.01223:  55%|█████▍    | 820/1500 [1:01:34<1:09:37,  6.14s/it]Best trial: 756. Best value: 2.01223:  55%|█████▍    | 820/1500 [1:01:34<1:09:37,  6.14s/it]Best trial: 756. Best value: 2.01223:  55%|█████▍    | 821/1500 [1:01:34<1:03:44,  5.63s/it]                                                                                            Best trial: 756. Best value: 2.01223:  55%|█████▍    | 821/1500 [1:01:40<1:03:44,  5.63s/it]Best trial: 756. Best value: 2.01223:  55%|█████▍    | 821/1500 [1:01:40<1:03:44,  5.63s/it]Best trial: 756. Best value: 2.01223:  55%|█████▍    | 822/1500 [1:01:40<1:06:52,  5.92s/it]                                                                                            Best trial: 756. Best value: 2.01223:  55%|█████▍    | 822/1500 [1:01:47<1:06:52,  5.92s/it]Best trial: 756. Best value: 2.01223:  55%|█████▍    | 822/1500 [1:01:47<1:06:52,  5.92s/it]Best trial: 756. Best value: 2.01223:  55%|█████▍    | 823/1500 [1:01:47<1:07:39,  6.00s/it]                                                                                            Best trial: 756. Best value: 2.01223:  55%|█████▍    | 823/1500 [1:01:52<1:07:39,  6.00s/it]Best trial: 756. Best value: 2.01223:  55%|█████▍    | 823/1500 [1:01:52<1:07:39,  6.00s/it]Best trial: 756. Best value: 2.01223:  55%|█████▍    | 824/1500 [1:01:52<1:06:40,  5.92s/it]                                                                                            Best trial: 756. Best value: 2.01223:  55%|█████▍    | 824/1500 [1:01:59<1:06:40,  5.92s/it]Best trial: 756. Best value: 2.01223:  55%|█████▍    | 824/1500 [1:01:59<1:06:40,  5.92s/it]Best trial: 756. Best value: 2.01223:  55%|█████▌    | 825/1500 [1:01:59<1:09:56,  6.22s/it]                                                                                            Best trial: 756. Best value: 2.01223:  55%|█████▌    | 825/1500 [1:02:05<1:09:56,  6.22s/it]Best trial: 756. Best value: 2.01223:  55%|█████▌    | 825/1500 [1:02:04<1:09:56,  6.22s/it]Best trial: 756. Best value: 2.01223:  55%|█████▌    | 826/1500 [1:02:04<1:04:03,  5.70s/it]                                                                                            Best trial: 756. Best value: 2.01223:  55%|█████▌    | 826/1500 [1:02:10<1:04:03,  5.70s/it]Best trial: 756. Best value: 2.01223:  55%|█████▌    | 826/1500 [1:02:10<1:04:03,  5.70s/it]Best trial: 756. Best value: 2.01223:  55%|█████▌    | 827/1500 [1:02:10<1:06:34,  5.94s/it]                                                                                            Best trial: 756. Best value: 2.01223:  55%|█████▌    | 827/1500 [1:02:16<1:06:34,  5.94s/it]Best trial: 756. Best value: 2.01223:  55%|█████▌    | 827/1500 [1:02:16<1:06:34,  5.94s/it]Best trial: 756. Best value: 2.01223:  55%|█████▌    | 828/1500 [1:02:16<1:06:27,  5.93s/it]                                                                                            
[I 2026-05-02 22:38:57,355] Trial 817 finished with value: 2.1758081763025037 and parameters: {'f_n': 1.7778967726495316e-06, 'K_d': 130015.20009320094, 'rho_d': 57536571106377.03, 'fission_rate': 4.4222637038444536e+19, 'Dg_D1_scale': 0.42337974922381094, 'Dg_D3_scale': 2.913501885019928, 'Dv_D1_scale': 0.4278816152098937, 'Dv_D2_scale': 3.5816411229464937, 'b_bulk_scale': 0.6195920526420953, 'b_dislocation_scale': 0.06764567088055229, 'gb_scale': 3.1825145264411683, 'gd_bubble_scale': 0.3347825348076271, 'gd_line_scale': 0.48322282360028856, 'gd_line_alpha': 0.9880168026740813, 'coalescence_d_scale': 0.7699847858408889, 'capture_scale': 0.29788259503919473}. Best is trial 756 with value: 2.012228641160978.
[I 2026-05-02 22:39:03,765] Trial 818 finished with value: 2.123759074144673 and parameters: {'f_n': 2.4125853664029336e-06, 'K_d': 104883.27081553139, 'rho_d': 53614441518806.01, 'fission_rate': 4.505709107609154e+19, 'Dg_D1_scale': 0.565087600958783, 'Dg_D3_scale': 2.8285878541434495, 'Dv_D1_scale': 0.4928805909877785, 'Dv_D2_scale': 3.987567891535117, 'b_bulk_scale': 0.6763205313746834, 'b_dislocation_scale': 0.09043745694698889, 'gb_scale': 2.1067735640774132, 'gd_bubble_scale': 0.2786158680218531, 'gd_line_scale': 0.622637248049143, 'gd_line_alpha': 0.9962976725833793, 'coalescence_d_scale': 0.5067071037339598, 'capture_scale': 0.36478280930472534}. Best is trial 756 with value: 2.012228641160978.
[I 2026-05-02 22:39:09,887] Trial 819 finished with value: 2.1833855612438793 and parameters: {'f_n': 1.3726660848737062e-06, 'K_d': 123265.12079968576, 'rho_d': 64397824193292.33, 'fission_rate': 4.686221236954711e+19, 'Dg_D1_scale': 0.4531607603724721, 'Dg_D3_scale': 0.3067468158620684, 'Dv_D1_scale': 0.38282289075831183, 'Dv_D2_scale': 3.6027206060861037, 'b_bulk_scale': 0.5132741949168067, 'b_dislocation_scale': 0.08348497985791223, 'gb_scale': 2.7943751245626607, 'gd_bubble_scale': 0.3256693070466123, 'gd_line_scale': 0.5458251359362472, 'gd_line_alpha': 0.9549245826877745, 'coalescence_d_scale': 0.4979786696955129, 'capture_scale': 0.5320087550770476}. Best is trial 756 with value: 2.012228641160978.
[I 2026-05-02 22:39:14,327] Trial 820 finished with value: 2.4179559780767734 and parameters: {'f_n': 9.760654155326722e-07, 'K_d': 118594.05951067452, 'rho_d': 50974192404940.72, 'fission_rate': 4.795823122098796e+19, 'Dg_D1_scale': 0.4986194736713361, 'Dg_D3_scale': 2.435549673667371, 'Dv_D1_scale': 0.41863395275499915, 'Dv_D2_scale': 3.995282588952575, 'b_bulk_scale': 0.5642809116196601, 'b_dislocation_scale': 0.0791566748511405, 'gb_scale': 2.52063632082045, 'gd_bubble_scale': 0.284621923138074, 'gd_line_scale': 0.36264213366593134, 'gd_line_alpha': 0.9718629678777534, 'coalescence_d_scale': 0.4843848470594571, 'capture_scale': 0.42683344766380593}. Best is trial 756 with value: 2.012228641160978.
[I 2026-05-02 22:39:20,916] Trial 821 finished with value: 2.9904440650088255 and parameters: {'f_n': 1.5871543946616576e-06, 'K_d': 109527.8581702786, 'rho_d': 61220187511778.32, 'fission_rate': 4.35088434294386e+19, 'Dg_D1_scale': 0.4088455229521727, 'Dg_D3_scale': 2.656488597515992, 'Dv_D1_scale': 0.5340111086976922, 'Dv_D2_scale': 3.7244219026066077, 'b_bulk_scale': 0.7815215692860419, 'b_dislocation_scale': 0.08664821768082043, 'gb_scale': 3.6046896106166297, 'gd_bubble_scale': 0.34817877701911726, 'gd_line_scale': 1.001310013206782, 'gd_line_alpha': 0.946816646975544, 'coalescence_d_scale': 0.5850054858799947, 'capture_scale': 0.2861116066798119}. Best is trial 756 with value: 2.012228641160978.
[I 2026-05-02 22:39:27,091] Trial 822 finished with value: 2.8007277906377843 and parameters: {'f_n': 1.9442497906839697e-06, 'K_d': 115375.12011944699, 'rho_d': 54862362243487.016, 'fission_rate': 4.62166324812892e+19, 'Dg_D1_scale': 0.5405481511673307, 'Dg_D3_scale': 2.887351483139487, 'Dv_D1_scale': 0.4532801334796886, 'Dv_D2_scale': 3.5643378405375636, 'b_bulk_scale': 0.7382367241655906, 'b_dislocation_scale': 0.06525154707950906, 'gb_scale': 3.246887596554516, 'gd_bubble_scale': 0.25966723937257663, 'gd_line_scale': 0.8872899895820969, 'gd_line_alpha': 0.938102614830577, 'coalescence_d_scale': 0.6772197486563725, 'capture_scale': 0.3245426738580646}. Best is trial 756 with value: 2.012228641160978.
[I 2026-05-02 22:39:32,806] Trial 823 finished with value: 2.1394508039864237 and parameters: {'f_n': 1.2145992566643544e-06, 'K_d': 126570.09874833538, 'rho_d': 69296100779654.26, 'fission_rate': 5.111947723546605e+19, 'Dg_D1_scale': 0.47081195633616724, 'Dg_D3_scale': 2.5690566454882804, 'Dv_D1_scale': 0.5807834907804919, 'Dv_D2_scale': 3.518291797848925, 'b_bulk_scale': 0.5855098963443145, 'b_dislocation_scale': 0.07157737442447545, 'gb_scale': 3.008556174328249, 'gd_bubble_scale': 0.32122620560564885, 'gd_line_scale': 0.4828442712865452, 'gd_line_alpha': 0.996545464896309, 'coalescence_d_scale': 0.5258073126138859, 'capture_scale': 0.5080778676516139}. Best is trial 756 with value: 2.012228641160978.
[I 2026-05-02 22:39:39,741] Trial 824 finished with value: 2.478416764573436 and parameters: {'f_n': 9.209454286943254e-07, 'K_d': 133201.64169685368, 'rho_d': 57511944057720.45, 'fission_rate': 4.106221793187727e+19, 'Dg_D1_scale': 0.4955010863419403, 'Dg_D3_scale': 2.82842573727163, 'Dv_D1_scale': 0.48689154082189723, 'Dv_D2_scale': 3.699619284578701, 'b_bulk_scale': 0.4822628454124155, 'b_dislocation_scale': 0.09175066560966456, 'gb_scale': 2.6810923217198406, 'gd_bubble_scale': 0.30131933282385537, 'gd_line_scale': 0.8216860700493731, 'gd_line_alpha': 0.9675222209070338, 'coalescence_d_scale': 0.47151576924318167, 'capture_scale': 0.8262530853154966}. Best is trial 756 with value: 2.012228641160978.
[I 2026-05-02 22:39:45,869] Trial 825 finished with value: 4.561307615231114 and parameters: {'f_n': 2.4851831686081517e-09, 'K_d': 100333.0800357348, 'rho_d': 52619055070294.234, 'fission_rate': 4.759786486660743e+19, 'Dg_D1_scale': 0.5980307529710472, 'Dg_D3_scale': 2.946442510507452, 'Dv_D1_scale': 0.45511790691551113, 'Dv_D2_scale': 3.7843444513372546, 'b_bulk_scale': 0.8817909505696231, 'b_dislocation_scale': 0.07752241117016138, 'gb_scale': 3.68164312061196, 'gd_bubble_scale': 0.3571364571394071, 'gd_line_scale': 0.645506970429063, 'gd_line_alpha': 0.936657811823258, 'coalescence_d_scale': 0.5580780419517712, 'capture_scale': 0.2529529585971583}. Best is trial 756 with value: 2.012228641160978.
[I 2026-05-02 22:39:50,725] Trial 826 finished with value: 5.252214326647558 and parameters: {'f_n': 3.4303983605580435e-09, 'K_d': 116057.47588628888, 'rho_d': 61026324520499.125, 'fission_rate': 4.514255366116353e+19, 'Dg_D1_scale': 0.5548844016108216, 'Dg_D3_scale': 2.7083260311643644, 'Dv_D1_scale': 0.4312525939427849, 'Dv_D2_scale': 3.9976391015052894, 'b_bulk_scale': 1.0193294218131461, 'b_dislocation_scale': 0.05051495210171231, 'gb_scale': 2.293785767681348, 'gd_bubble_scale': 0.2742899223758848, 'gd_line_scale': 0.7567280597399884, 'gd_line_alpha': 0.9763170855891935, 'coalescence_d_scale': 0.4762205791512937, 'capture_scale': 0.39298553840149747}. Best is trial 756 with value: 2.012228641160978.
[I 2026-05-02 22:39:56,652] Trial 827 finished with value: 2.93721687250711 and parameters: {'f_n': 2.375152331095684e-06, 'K_d': 121633.80602704236, 'rho_d': 79937131930262.03, 'fission_rate': 4.900089033450027e+19, 'Dg_D1_scale': 0.43533590624300955, 'Dg_D3_scale': 2.9039145239070274, 'Dv_D1_scale': 0.48168055675172633, 'Dv_D2_scale': 3.5735310119935613, 'b_bulk_scale': 0.6780615743859325, 'b_dislocation_scale': 0.09975528237799396, 'gb_scale': 3.405005002756918, 'gd_bubble_scale': 0.23810207926015967, 'gd_line_scale': 1.0408192031696384, 'gd_line_alpha': 0.9528723098963826, 'coalescence_d_scale': 0.46857598449382404, 'capture_scale': 0.3317333373728638}. Best is trial 756 with value: 2.012228641160978.
