[I 2026-05-02 22:52:11,526] Trial 954 finished with value: 2.0525547018688104 and parameters: {'f_n': 5.988184700779524e-07, 'K_d': 109832.40470506028, 'rho_d': 51508689001995.75, 'fission_rate': 4.839385445459857e+19, 'Dg_D1_scale': 0.4220047409605698, 'Dg_D3_scale': 1.8900891478663717, 'Dv_D1_scale': 0.3466184555885834, 'Dv_D2_scale': 3.984444162388211, 'b_bulk_scale': 0.4892370427833383, 'b_dislocation_scale': 0.07446637486712351, 'gb_scale': 1.9587050462907876, 'gd_bubble_scale': 0.18329614709036218, 'gd_line_scale': 0.5256541360631807, 'gd_line_alpha': 0.9233673933131682, 'coalescence_d_scale': 0.45693516932242767, 'capture_scale': 0.1400198829436089}. Best is trial 756 with value: 2.012228641160978.
[I 2026-05-02 22:52:17,609] Trial 955 finished with value: 2.054702001138741 and parameters: {'f_n': 4.291364975205523e-07, 'K_d': 120154.40169889922, 'rho_d': 51718471786246.17, 'fission_rate': 4.762729839387158e+19, 'Dg_D1_scale': 0.45959878828146783, 'Dg_D3_scale': 1.6646168215815857, 'Dv_D1_scale': 0.38862714290998285, 'Dv_D2_scale': 3.9979915375913038, 'b_bulk_scale': 0.6038478559283655, 'b_dislocation_scale': 0.0747333193065779, 'gb_scale': 2.160134530446217, 'gd_bubble_scale': 0.21472375975913313, 'gd_line_scale': 0.4528460837774141, 'gd_line_alpha': 0.9392236564128673, 'coalescence_d_scale': 0.42763676605415274, 'capture_scale': 0.17063640898368468}. Best is trial 756 with value: 2.012228641160978.
[I 2026-05-02 22:52:23,598] Trial 956 finished with value: 2.2043274287873538 and parameters: {'f_n': 5.958288904744719e-07, 'K_d': 106997.43486075722, 'rho_d': 48238835254302.836, 'fission_rate': 4.880567560412893e+19, 'Dg_D1_scale': 0.4188735766563412, 'Dg_D3_scale': 1.7701359165016601, 'Dv_D1_scale': 0.3673617868929906, 'Dv_D2_scale': 3.7959223462555602, 'b_bulk_scale': 0.5486564103038752, 'b_dislocation_scale': 0.06337576580897815, 'gb_scale': 1.829600402697874, 'gd_bubble_scale': 0.22923590218857806, 'gd_line_scale': 0.5546314393659842, 'gd_line_alpha': 0.9190924690132494, 'coalescence_d_scale': 0.4637859598902875, 'capture_scale': 0.12347160320918056}. Best is trial 756 with value: 2.012228641160978.
[I 2026-05-02 22:52:29,514] Trial 957 finished with value: 2.040852995505452 and parameters: {'f_n': 4.399441960128335e-07, 'K_d': 114175.1910425081, 'rho_d': 50842201157767.56, 'fission_rate': 4.924462140299333e+19, 'Dg_D1_scale': 0.4622514963288896, 'Dg_D3_scale': 1.8376486017305795, 'Dv_D1_scale': 0.3465659093951456, 'Dv_D2_scale': 3.7431096831974457, 'b_bulk_scale': 0.48430157699941373, 'b_dislocation_scale': 0.06877762991106152, 'gb_scale': 2.3522534243465305, 'gd_bubble_scale': 0.19776792106944224, 'gd_line_scale': 0.5017023032234865, 'gd_line_alpha': 0.9448688505266081, 'coalescence_d_scale': 0.41821423869105245, 'capture_scale': 0.11080146980408782}. Best is trial 756 with value: 2.012228641160978.
[I 2026-05-02 22:52:33,800] Trial 958 finished with value: 2.1612625991451715 and parameters: {'f_n': 4.053624112564604e-07, 'K_d': 112669.06037586274, 'rho_d': 52480337484294.09, 'fission_rate': 4.953592246693945e+19, 'Dg_D1_scale': 0.46038515928725315, 'Dg_D3_scale': 1.9095088886792373, 'Dv_D1_scale': 0.35321279445861015, 'Dv_D2_scale': 3.7978964537175477, 'b_bulk_scale': 0.48872333344539387, 'b_dislocation_scale': 0.05352487854328716, 'gb_scale': 2.2499733612896438, 'gd_bubble_scale': 0.19328899629111235, 'gd_line_scale': 0.4837862845014022, 'gd_line_alpha': 0.94105341140271, 'coalescence_d_scale': 0.4133879677570374, 'capture_scale': 0.10884719465566724}. Best is trial 756 with value: 2.012228641160978.
[I 2026-05-02 22:52:39,773] Trial 959 finished with value: 2.1583676175908035 and parameters: {'f_n': 5.104850918486191e-07, 'K_d': 120632.1141637436, 'rho_d': 50787000424894.836, 'fission_rate': 4.863836048964425e+19, 'Dg_D1_scale': 0.43311786942418395, 'Dg_D3_scale': 1.7068718597147912, 'Dv_D1_scale': 0.39261676097666426, 'Dv_D2_scale': 3.7909609803506576, 'b_bulk_scale': 0.4993702910503503, 'b_dislocation_scale': 0.06518612329912438, 'gb_scale': 2.0727413711823646, 'gd_bubble_scale': 0.21228925911819774, 'gd_line_scale': 0.5536651451893277, 'gd_line_alpha': 0.9497555793521737, 'coalescence_d_scale': 0.46648658070792054, 'capture_scale': 0.14717671601767565}. Best is trial 756 with value: 2.012228641160978.
[I 2026-05-02 22:52:45,921] Trial 960 finished with value: 2.057709916414915 and parameters: {'f_n': 3.984306494977805e-07, 'K_d': 114099.72260953396, 'rho_d': 48357077187502.62, 'fission_rate': 4.746600415557422e+19, 'Dg_D1_scale': 0.4680050099887106, 'Dg_D3_scale': 1.8999784288562707, 'Dv_D1_scale': 0.33977855029946497, 'Dv_D2_scale': 3.9990474557523767, 'b_bulk_scale': 0.5611963788548543, 'b_dislocation_scale': 0.07035111252071159, 'gb_scale': 2.226312117674502, 'gd_bubble_scale': 0.1776174672115539, 'gd_line_scale': 0.45572318179466287, 'gd_line_alpha': 0.9496709984339089, 'coalescence_d_scale': 0.41925471388031904, 'capture_scale': 0.11963215843291632}. Best is trial 756 with value: 2.012228641160978.Best trial: 756. Best value: 2.01223:  64%|██████▍   | 960/1500 [1:15:05<50:14,  5.58s/it]Best trial: 756. Best value: 2.01223:  64%|██████▍   | 960/1500 [1:15:05<50:14,  5.58s/it]Best trial: 756. Best value: 2.01223:  64%|██████▍   | 961/1500 [1:15:05<51:39,  5.75s/it]                                                                                          Best trial: 756. Best value: 2.01223:  64%|██████▍   | 961/1500 [1:15:12<51:39,  5.75s/it]Best trial: 756. Best value: 2.01223:  64%|██████▍   | 961/1500 [1:15:12<51:39,  5.75s/it]Best trial: 756. Best value: 2.01223:  64%|██████▍   | 962/1500 [1:15:12<52:56,  5.90s/it]                                                                                          Best trial: 756. Best value: 2.01223:  64%|██████▍   | 962/1500 [1:15:18<52:56,  5.90s/it]Best trial: 756. Best value: 2.01223:  64%|██████▍   | 962/1500 [1:15:18<52:56,  5.90s/it]Best trial: 756. Best value: 2.01223:  64%|██████▍   | 963/1500 [1:15:18<53:19,  5.96s/it]                                                                                          Best trial: 756. Best value: 2.01223:  64%|██████▍   | 963/1500 [1:15:22<53:19,  5.96s/it]Best trial: 756. Best value: 2.01223:  64%|██████▍   | 963/1500 [1:15:22<53:19,  5.96s/it]Best trial: 756. Best value: 2.01223:  64%|██████▍   | 964/1500 [1:15:22<49:22,  5.53s/it]                                                                                          Best trial: 756. Best value: 2.01223:  64%|██████▍   | 964/1500 [1:15:28<49:22,  5.53s/it]Best trial: 756. Best value: 2.01223:  64%|██████▍   | 964/1500 [1:15:28<49:22,  5.53s/it]Best trial: 756. Best value: 2.01223:  64%|██████▍   | 965/1500 [1:15:28<50:43,  5.69s/it]                                                                                          Best trial: 756. Best value: 2.01223:  64%|██████▍   | 965/1500 [1:15:34<50:43,  5.69s/it]Best trial: 756. Best value: 2.01223:  64%|██████▍   | 965/1500 [1:15:34<50:43,  5.69s/it]Best trial: 756. Best value: 2.01223:  64%|██████▍   | 966/1500 [1:15:34<51:19,  5.77s/it]                                                                                          Best trial: 756. Best value: 2.01223:  64%|██████▍   | 966/1500 [1:15:41<51:19,  5.77s/it]Best trial: 756. Best value: 2.01223:  64%|██████▍   | 966/1500 [1:15:41<51:19,  5.77s/it]Best trial: 756. Best value: 2.01223:  64%|██████▍   | 967/1500 [1:15:41<52:31,  5.91s/it]                                                                                          Best trial: 756. Best value: 2.01223:  64%|██████▍   | 967/1500 [1:15:47<52:31,  5.91s/it]Best trial: 756. Best value: 2.01223:  64%|██████▍   | 967/1500 [1:15:47<52:31,  5.91s/it]Best trial: 756. Best value: 2.01223:  65%|██████▍   | 968/1500 [1:15:47<52:46,  5.95s/it]                                                                                          Best trial: 756. Best value: 2.01223:  65%|██████▍   | 968/1500 [1:15:51<52:46,  5.95s/it]Best trial: 756. Best value: 2.01223:  65%|██████▍   | 968/1500 [1:15:51<52:46,  5.95s/it]Best trial: 756. Best value: 2.01223:  65%|██████▍   | 969/1500 [1:15:51<48:19,  5.46s/it]                                                                                          Best trial: 756. Best value: 2.01223:  65%|██████▍   | 969/1500 [1:15:57<48:19,  5.46s/it]Best trial: 756. Best value: 2.01223:  65%|██████▍   | 969/1500 [1:15:57<48:19,  5.46s/it]Best trial: 756. Best value: 2.01223:  65%|██████▍   | 970/1500 [1:15:57<49:54,  5.65s/it]                                                                                          Best trial: 756. Best value: 2.01223:  65%|██████▍   | 970/1500 [1:16:03<49:54,  5.65s/it]Best trial: 756. Best value: 2.01223:  65%|██████▍   | 970/1500 [1:16:03<49:54,  5.65s/it]Best trial: 756. Best value: 2.01223:  65%|██████▍   | 971/1500 [1:16:03<50:40,  5.75s/it]                                                                                          Best trial: 756. Best value: 2.01223:  65%|██████▍   | 971/1500 [1:16:09<50:40,  5.75s/it]Best trial: 756. Best value: 2.01223:  65%|██████▍   | 971/1500 [1:16:09<50:40,  5.75s/it]Best trial: 756. Best value: 2.01223:  65%|██████▍   | 972/1500 [1:16:09<51:34,  5.86s/it]                                                                                          
[I 2026-05-02 22:52:52,182] Trial 961 finished with value: 2.2423660300490207 and parameters: {'f_n': 4.955254174796638e-07, 'K_d': 107597.90342994385, 'rho_d': 51896867461192.15, 'fission_rate': 4.987424371891342e+19, 'Dg_D1_scale': 0.42316283850418906, 'Dg_D3_scale': 1.9787159712034452, 'Dv_D1_scale': 0.3688166349380163, 'Dv_D2_scale': 3.990167618885987, 'b_bulk_scale': 0.6017837895696742, 'b_dislocation_scale': 0.07580278565069118, 'gb_scale': 1.7077584392476013, 'gd_bubble_scale': 0.19723412916780247, 'gd_line_scale': 0.5340279444616691, 'gd_line_alpha': 0.9520851403544056, 'coalescence_d_scale': 0.4703182906511349, 'capture_scale': 0.13116063809432954}. Best is trial 756 with value: 2.012228641160978.
[I 2026-05-02 22:52:58,262] Trial 962 finished with value: 2.0468639155717625 and parameters: {'f_n': 6.04673920519992e-07, 'K_d': 119924.89189926896, 'rho_d': 52770561002610.02, 'fission_rate': 4.826517555300094e+19, 'Dg_D1_scale': 0.4461169287315158, 'Dg_D3_scale': 1.53089417738296, 'Dv_D1_scale': 0.3448196087452863, 'Dv_D2_scale': 3.7849659307511314, 'b_bulk_scale': 0.4772173747862966, 'b_dislocation_scale': 0.056936109329578106, 'gb_scale': 2.2638051977431366, 'gd_bubble_scale': 0.2397322666987113, 'gd_line_scale': 0.48756151675970205, 'gd_line_alpha': 0.9191142664245192, 'coalescence_d_scale': 0.42280045919317366, 'capture_scale': 0.10897107840377769}. Best is trial 756 with value: 2.012228641160978.
[I 2026-05-02 22:53:02,793] Trial 963 finished with value: 2.0852991573204678 and parameters: {'f_n': 6.242915620233454e-07, 'K_d': 121738.66317348213, 'rho_d': 51254125026678.57, 'fission_rate': 4.906761116957105e+19, 'Dg_D1_scale': 0.46482211272184576, 'Dg_D3_scale': 1.6133020491369892, 'Dv_D1_scale': 0.3952434456491732, 'Dv_D2_scale': 3.7712037484824474, 'b_bulk_scale': 0.5218192946388183, 'b_dislocation_scale': 0.05489635045575987, 'gb_scale': 2.2771039832521973, 'gd_bubble_scale': 0.2315371316522096, 'gd_line_scale': 0.4876387693742023, 'gd_line_alpha': 0.919328331910775, 'coalescence_d_scale': 0.42821224915234457, 'capture_scale': 0.10625327178207894}. Best is trial 756 with value: 2.012228641160978.
[I 2026-05-02 22:53:08,851] Trial 964 finished with value: 2.037809257973474 and parameters: {'f_n': 4.3082915682855123e-07, 'K_d': 124139.81626674368, 'rho_d': 48774013226403.664, 'fission_rate': 4.8394908850034524e+19, 'Dg_D1_scale': 0.44776509974308476, 'Dg_D3_scale': 1.7362894904496913, 'Dv_D1_scale': 0.34945906749383193, 'Dv_D2_scale': 3.9979680702336817, 'b_bulk_scale': 0.4816436253268897, 'b_dislocation_scale': 0.06531310260718648, 'gb_scale': 1.8907338300682235, 'gd_bubble_scale': 0.16675638081143082, 'gd_line_scale': 0.44549142104634976, 'gd_line_alpha': 0.919902906011352, 'coalescence_d_scale': 0.42619922844250563, 'capture_scale': 0.1769321864071999}. Best is trial 756 with value: 2.012228641160978.
[I 2026-05-02 22:53:14,803] Trial 965 finished with value: 3.583955707272644 and parameters: {'f_n': 4.021931232181306e-07, 'K_d': 124837.29183503352, 'rho_d': 12181443845442.193, 'fission_rate': 4.941873179401157e+19, 'Dg_D1_scale': 0.4416127706620365, 'Dg_D3_scale': 1.4756898435523247, 'Dv_D1_scale': 0.3726632935607347, 'Dv_D2_scale': 3.9872469363483645, 'b_bulk_scale': 0.6038592372991808, 'b_dislocation_scale': 0.062311108915979824, 'gb_scale': 1.9116094635600573, 'gd_bubble_scale': 0.16499130942178744, 'gd_line_scale': 0.4337166617309493, 'gd_line_alpha': 0.9307111440029756, 'coalescence_d_scale': 0.41109506900458753, 'capture_scale': 0.18576714576247302}. Best is trial 756 with value: 2.012228641160978.
[I 2026-05-02 22:53:21,055] Trial 966 finished with value: 2.0738216189880156 and parameters: {'f_n': 4.407214894357693e-07, 'K_d': 116361.90770277637, 'rho_d': 48228705166667.82, 'fission_rate': 4.723721395908375e+19, 'Dg_D1_scale': 0.47215310696739543, 'Dg_D3_scale': 1.767286300437503, 'Dv_D1_scale': 0.35809175960067413, 'Dv_D2_scale': 3.7812457314132897, 'b_bulk_scale': 0.5455570647115165, 'b_dislocation_scale': 0.06791687728004325, 'gb_scale': 1.9416017909945738, 'gd_bubble_scale': 0.14984052409325904, 'gd_line_scale': 0.4452867413544734, 'gd_line_alpha': 0.9158424078489866, 'coalescence_d_scale': 0.45497541791316265, 'capture_scale': 0.15677181367573112}. Best is trial 756 with value: 2.012228641160978.
[I 2026-05-02 22:53:27,095] Trial 967 finished with value: 2.242338774326545 and parameters: {'f_n': 4.672993906536645e-07, 'K_d': 124034.10227053106, 'rho_d': 47802192014304.49, 'fission_rate': 4.8450568138153255e+19, 'Dg_D1_scale': 0.4205217808400107, 'Dg_D3_scale': 1.6773367284190874, 'Dv_D1_scale': 0.4033959073091407, 'Dv_D2_scale': 3.986414297745157, 'b_bulk_scale': 0.5045097517447074, 'b_dislocation_scale': 0.06296732562808824, 'gb_scale': 1.713531485978942, 'gd_bubble_scale': 0.1539349194469694, 'gd_line_scale': 0.5610420267846938, 'gd_line_alpha': 0.9451616279660141, 'coalescence_d_scale': 0.40755541888038355, 'capture_scale': 0.17912931191476897}. Best is trial 756 with value: 2.012228641160978.
[I 2026-05-02 22:53:31,408] Trial 968 finished with value: 2.1123075347621842 and parameters: {'f_n': 3.551871239474343e-07, 'K_d': 113737.69870005084, 'rho_d': 49140852779555.59, 'fission_rate': 4.968309292015304e+19, 'Dg_D1_scale': 0.4092986551447639, 'Dg_D3_scale': 1.8479360687680908, 'Dv_D1_scale': 0.37425379816298, 'Dv_D2_scale': 3.7874339889806854, 'b_bulk_scale': 0.5752592364144238, 'b_dislocation_scale': 0.07116457803133905, 'gb_scale': 2.1131692805270608, 'gd_bubble_scale': 0.17666983872378242, 'gd_line_scale': 0.4988138474309466, 'gd_line_alpha': 0.9328306253807545, 'coalescence_d_scale': 0.45708231972613755, 'capture_scale': 0.15307535946537285}. Best is trial 756 with value: 2.012228641160978.
[I 2026-05-02 22:53:37,496] Trial 969 finished with value: 2.0695113416943918 and parameters: {'f_n': 5.986763851888396e-07, 'K_d': 116730.12894772248, 'rho_d': 52104071522130.21, 'fission_rate': 4.760391425977599e+19, 'Dg_D1_scale': 0.47111025860714356, 'Dg_D3_scale': 1.9451467066616996, 'Dv_D1_scale': 0.35535589137101126, 'Dv_D2_scale': 3.7828334378706363, 'b_bulk_scale': 0.4718786553261983, 'b_dislocation_scale': 0.06742335136602229, 'gb_scale': 2.399242352239342, 'gd_bubble_scale': 0.19086691393293015, 'gd_line_scale': 0.4533892415522949, 'gd_line_alpha': 0.953313876675093, 'coalescence_d_scale': 0.470279909310336, 'capture_scale': 0.1661581927366586}. Best is trial 756 with value: 2.012228641160978.
[I 2026-05-02 22:53:43,477] Trial 970 finished with value: 2.2509075236259615 and parameters: {'f_n': 5.167316232831894e-07, 'K_d': 125729.10779138448, 'rho_d': 51996533097078.09, 'fission_rate': 4.886096067673416e+19, 'Dg_D1_scale': 0.44118175086154643, 'Dg_D3_scale': 1.9930918624659946, 'Dv_D1_scale': 0.34251722427779546, 'Dv_D2_scale': 3.7751358640931865, 'b_bulk_scale': 0.5294018134307559, 'b_dislocation_scale': 0.058958779363523596, 'gb_scale': 2.034983046848614, 'gd_bubble_scale': 0.16249869589791865, 'gd_line_scale': 0.5579922999650406, 'gd_line_alpha': 0.9139696874875204, 'coalescence_d_scale': 0.40723133714260845, 'capture_scale': 0.14118634001151506}. Best is trial 756 with value: 2.012228641160978.
[I 2026-05-02 22:53:49,604] Trial 971 finished with value: 2.2457117393936192 and parameters: {'f_n': 3.9421818784289935e-07, 'K_d': 111738.98921231466, 'rho_d': 48052575994909.65, 'fission_rate': 4.746617709068507e+19, 'Dg_D1_scale': 0.407446309480766, 'Dg_D3_scale': 1.770272008652507, 'Dv_D1_scale': 0.39184213417667924, 'Dv_D2_scale': 3.9870965384273447, 'b_bulk_scale': 0.6108417550779853, 'b_dislocation_scale': 0.0754511108371726, 'gb_scale': 1.6206634990341184, 'gd_bubble_scale': 0.20785406984911578, 'gd_line_scale': 0.5106034049720065, 'gd_line_alpha': 0.9345390141584707, 'coalescence_d_scale': 0.4682357008409364, 'capture_scale': 0.18024379783779676}. Best is trial 756 with value: 2.012228641160978.
