[I 2026-05-02 23:14:56,990] Trial 1188 finished with value: 3.0360836172169807 and parameters: {'f_n': 1.686573632495065e-08, 'K_d': 121834.28959261542, 'rho_d': 59783744454540.88, 'fission_rate': 4.813062212832195e+19, 'Dg_D1_scale': 0.302117100214224, 'Dg_D3_scale': 2.3875492535972827, 'Dv_D1_scale': 0.30034327765375507, 'Dv_D2_scale': 3.592026613447146, 'b_bulk_scale': 0.31590322832966344, 'b_dislocation_scale': 0.1021224996859932, 'gb_scale': 3.6811963091674906, 'gd_bubble_scale': 0.1055016609740655, 'gd_line_scale': 0.890522915433986, 'gd_line_alpha': 0.6539921893110889, 'coalescence_d_scale': 0.4672352621534925, 'capture_scale': 0.11560260427205761}. Best is trial 756 with value: 2.012228641160978.Best trial: 756. Best value: 2.01223:  79%|███████▉  | 1188/1500 [1:37:16<31:22,  6.03s/it]Best trial: 756. Best value: 2.01223:  79%|███████▉  | 1188/1500 [1:37:17<31:22,  6.03s/it]Best trial: 756. Best value: 2.01223:  79%|███████▉  | 1189/1500 [1:37:17<31:20,  6.05s/it]                                                                                           Best trial: 756. Best value: 2.01223:  79%|███████▉  | 1189/1500 [1:37:21<31:20,  6.05s/it]Best trial: 756. Best value: 2.01223:  79%|███████▉  | 1189/1500 [1:37:21<31:20,  6.05s/it]Best trial: 756. Best value: 2.01223:  79%|███████▉  | 1190/1500 [1:37:21<28:35,  5.54s/it]                                                                                           Best trial: 756. Best value: 2.01223:  79%|███████▉  | 1190/1500 [1:37:27<28:35,  5.54s/it]Best trial: 756. Best value: 2.01223:  79%|███████▉  | 1190/1500 [1:37:27<28:35,  5.54s/it]Best trial: 756. Best value: 2.01223:  79%|███████▉  | 1191/1500 [1:37:27<29:32,  5.74s/it]                                                                                           Best trial: 756. Best value: 2.01223:  79%|███████▉  | 1191/1500 [1:37:33<29:32,  5.74s/it]Best trial: 756. Best value: 2.01223:  79%|███████▉  | 1191/1500 [1:37:33<29:32,  5.74s/it]Best trial: 756. Best value: 2.01223:  79%|███████▉  | 1192/1500 [1:37:33<29:52,  5.82s/it]                                                                                           Best trial: 756. Best value: 2.01223:  79%|███████▉  | 1192/1500 [1:37:39<29:52,  5.82s/it]Best trial: 756. Best value: 2.01223:  79%|███████▉  | 1192/1500 [1:37:40<29:52,  5.82s/it]Best trial: 756. Best value: 2.01223:  80%|███████▉  | 1193/1500 [1:37:40<30:39,  5.99s/it]                                                                                           Best trial: 756. Best value: 2.01223:  80%|███████▉  | 1193/1500 [1:37:46<30:39,  5.99s/it]Best trial: 756. Best value: 2.01223:  80%|███████▉  | 1193/1500 [1:37:46<30:39,  5.99s/it]Best trial: 756. Best value: 2.01223:  80%|███████▉  | 1194/1500 [1:37:46<30:56,  6.07s/it]                                                                                           Best trial: 756. Best value: 2.01223:  80%|███████▉  | 1194/1500 [1:37:50<30:56,  6.07s/it]Best trial: 756. Best value: 2.01223:  80%|███████▉  | 1194/1500 [1:37:50<30:56,  6.07s/it]Best trial: 756. Best value: 2.01223:  80%|███████▉  | 1195/1500 [1:37:50<28:24,  5.59s/it]                                                                                           Best trial: 756. Best value: 2.01223:  80%|███████▉  | 1195/1500 [1:37:57<28:24,  5.59s/it]Best trial: 756. Best value: 2.01223:  80%|███████▉  | 1195/1500 [1:37:57<28:24,  5.59s/it]Best trial: 756. Best value: 2.01223:  80%|███████▉  | 1196/1500 [1:37:57<29:41,  5.86s/it]                                                                                           Best trial: 756. Best value: 2.01223:  80%|███████▉  | 1196/1500 [1:38:03<29:41,  5.86s/it]Best trial: 756. Best value: 2.01223:  80%|███████▉  | 1196/1500 [1:38:03<29:41,  5.86s/it]Best trial: 756. Best value: 2.01223:  80%|███████▉  | 1197/1500 [1:38:03<29:53,  5.92s/it]                                                                                           Best trial: 756. Best value: 2.01223:  80%|███████▉  | 1197/1500 [1:38:09<29:53,  5.92s/it]Best trial: 756. Best value: 2.01223:  80%|███████▉  | 1197/1500 [1:38:09<29:53,  5.92s/it]Best trial: 756. Best value: 2.01223:  80%|███████▉  | 1198/1500 [1:38:09<29:49,  5.92s/it]                                                                                           Best trial: 756. Best value: 2.01223:  80%|███████▉  | 1198/1500 [1:38:15<29:49,  5.92s/it]Best trial: 756. Best value: 2.01223:  80%|███████▉  | 1198/1500 [1:38:15<29:49,  5.92s/it]Best trial: 756. Best value: 2.01223:  80%|███████▉  | 1199/1500 [1:38:15<30:05,  6.00s/it]                                                                                           Best trial: 756. Best value: 2.01223:  80%|███████▉  | 1199/1500 [1:38:19<30:05,  6.00s/it]Best trial: 756. Best value: 2.01223:  80%|███████▉  | 1199/1500 [1:38:19<30:05,  6.00s/it]Best trial: 756. Best value: 2.01223:  80%|████████  | 1200/1500 [1:38:19<27:47,  5.56s/it]                                                                                           
[I 2026-05-02 23:15:01,334] Trial 1189 finished with value: 3.209628956762501 and parameters: {'f_n': 2.8166794863078133e-07, 'K_d': 105866.59891258023, 'rho_d': 70771968402623.12, 'fission_rate': 5.027658333375518e+19, 'Dg_D1_scale': 0.318001339204222, 'Dg_D3_scale': 0.6737003582511574, 'Dv_D1_scale': 0.3169505469206632, 'Dv_D2_scale': 3.3047594190753014, 'b_bulk_scale': 3.436218642474819, 'b_dislocation_scale': 0.07649680219628606, 'gb_scale': 4.086757494223547, 'gd_bubble_scale': 0.12233772744053928, 'gd_line_scale': 0.5137997882827928, 'gd_line_alpha': 0.5940807086723564, 'coalescence_d_scale': 0.4099222024623814, 'capture_scale': 0.05530715199241995}. Best is trial 756 with value: 2.012228641160978.
[I 2026-05-02 23:15:07,539] Trial 1190 finished with value: 2.6706005442329994 and parameters: {'f_n': 1.9734893775408502e-07, 'K_d': 1067587.792268925, 'rho_d': 56681395049143.4, 'fission_rate': 4.715201248481166e+19, 'Dg_D1_scale': 0.34079761940984193, 'Dg_D3_scale': 2.0677153537620536, 'Dv_D1_scale': 0.3378439391822207, 'Dv_D2_scale': 3.8048193078942716, 'b_bulk_scale': 0.40717944764215575, 'b_dislocation_scale': 0.09081494567442003, 'gb_scale': 2.571999583425203, 'gd_bubble_scale': 0.15897297054367568, 'gd_line_scale': 0.6869952469036515, 'gd_line_alpha': 0.6970982723240888, 'coalescence_d_scale': 0.535607616029168, 'capture_scale': 0.07544990995387439}. Best is trial 756 with value: 2.012228641160978.
[I 2026-05-02 23:15:13,553] Trial 1191 finished with value: 2.846494502931341 and parameters: {'f_n': 2.4379876359530064e-07, 'K_d': 115605.71761975015, 'rho_d': 65223327470872.3, 'fission_rate': 4.905999831343035e+19, 'Dg_D1_scale': 0.2654386582516818, 'Dg_D3_scale': 2.5420214427827252, 'Dv_D1_scale': 2.350755828493567, 'Dv_D2_scale': 3.456859004022415, 'b_bulk_scale': 0.33931220938543344, 'b_dislocation_scale': 0.08494551285576357, 'gb_scale': 3.2297081597161057, 'gd_bubble_scale': 0.13998713909610974, 'gd_line_scale': 0.5737776813219144, 'gd_line_alpha': 0.49311360252359676, 'coalescence_d_scale': 0.591439131600473, 'capture_scale': 0.08248151610216886}. Best is trial 756 with value: 2.012228641160978.
[I 2026-05-02 23:15:19,947] Trial 1192 finished with value: 2.1443290158847734 and parameters: {'f_n': 3.8364099634855265e-07, 'K_d': 130139.19865833182, 'rho_d': 59891762224413.83, 'fission_rate': 4.571125084209268e+19, 'Dg_D1_scale': 0.21826449052941344, 'Dg_D3_scale': 2.2316243233495427, 'Dv_D1_scale': 0.2877319307316188, 'Dv_D2_scale': 3.6295667011694026, 'b_bulk_scale': 0.5070269920313341, 'b_dislocation_scale': 0.07133035121322998, 'gb_scale': 4.350139042243434, 'gd_bubble_scale': 0.11747988208637639, 'gd_line_scale': 0.4869185252283057, 'gd_line_alpha': 0.6196680934085709, 'coalescence_d_scale': 0.4359413419246658, 'capture_scale': 0.11353680044237965}. Best is trial 756 with value: 2.012228641160978.
[I 2026-05-02 23:15:26,186] Trial 1193 finished with value: 4.007230220856071 and parameters: {'f_n': 1.3749874179868906e-07, 'K_d': 105520.62889740191, 'rho_d': 55900268995762.37, 'fission_rate': 4.669017312655246e+19, 'Dg_D1_scale': 0.2485298621353813, 'Dg_D3_scale': 2.4089432202797427, 'Dv_D1_scale': 0.36117473395205735, 'Dv_D2_scale': 3.9995891498520413, 'b_bulk_scale': 0.2722407390531786, 'b_dislocation_scale': 0.10156744005419323, 'gb_scale': 0.28233216383014464, 'gd_bubble_scale': 0.10706099524360425, 'gd_line_scale': 0.8157115278788534, 'gd_line_alpha': 0.5241621467848823, 'coalescence_d_scale': 0.3733181295765085, 'capture_scale': 0.06590709324482072}. Best is trial 756 with value: 2.012228641160978.
[I 2026-05-02 23:15:30,663] Trial 1194 finished with value: 3.427939815110786 and parameters: {'f_n': 4.0283900707494116e-07, 'K_d': 113091.40190045616, 'rho_d': 18243038578538.52, 'fission_rate': 4.781528882544506e+19, 'Dg_D1_scale': 0.2763103043545961, 'Dg_D3_scale': 2.154711304913199, 'Dv_D1_scale': 0.32239043245987153, 'Dv_D2_scale': 3.7650606829437523, 'b_bulk_scale': 0.44201997476036886, 'b_dislocation_scale': 0.08040563810015092, 'gb_scale': 3.4984643545370107, 'gd_bubble_scale': 0.12821861996564504, 'gd_line_scale': 0.6143396437043669, 'gd_line_alpha': 0.6631884329074678, 'coalescence_d_scale': 0.49088839549019225, 'capture_scale': 0.09139436936328733}. Best is trial 756 with value: 2.012228641160978.
[I 2026-05-02 23:15:37,149] Trial 1195 finished with value: 2.1707447907837496 and parameters: {'f_n': 3.1501553350094176e-07, 'K_d': 120107.66001452507, 'rho_d': 63393213203958.914, 'fission_rate': 4.4617013916833505e+19, 'Dg_D1_scale': 0.3337161866707078, 'Dg_D3_scale': 1.9551222969143096, 'Dv_D1_scale': 0.346950866400052, 'Dv_D2_scale': 3.9997999259421793, 'b_bulk_scale': 0.3842703438053987, 'b_dislocation_scale': 0.09489477160754362, 'gb_scale': 2.9559998857203142, 'gd_bubble_scale': 0.09144635563852925, 'gd_line_scale': 0.530031637755768, 'gd_line_alpha': 0.5615987867939236, 'coalescence_d_scale': 0.9280462028205153, 'capture_scale': 0.053696165621110216}. Best is trial 756 with value: 2.012228641160978.
[I 2026-05-02 23:15:43,215] Trial 1196 finished with value: 2.060288546041915 and parameters: {'f_n': 1.838702905746025e-07, 'K_d': 110245.02431451264, 'rho_d': 59351088051866.45, 'fission_rate': 4.856311124806421e+19, 'Dg_D1_scale': 0.2884326779217103, 'Dg_D3_scale': 2.58228423283273, 'Dv_D1_scale': 0.30361535900827646, 'Dv_D2_scale': 3.5788802680091854, 'b_bulk_scale': 0.3006847572473839, 'b_dislocation_scale': 0.11294911096494491, 'gb_scale': 2.598815324033356, 'gd_bubble_scale': 0.15061677456943046, 'gd_line_scale': 0.7305689469565759, 'gd_line_alpha': 0.04992020452160739, 'coalescence_d_scale': 0.40252580784832925, 'capture_scale': 0.09808952765181114}. Best is trial 756 with value: 2.012228641160978.
[I 2026-05-02 23:15:49,149] Trial 1197 finished with value: 2.304093685959783 and parameters: {'f_n': 4.359556492127907e-07, 'K_d': 105466.59205146789, 'rho_d': 66975466227947.66, 'fission_rate': 4.953287683598334e+19, 'Dg_D1_scale': 0.24738209402021258, 'Dg_D3_scale': 0.34412509365787763, 'Dv_D1_scale': 0.3691701338743462, 'Dv_D2_scale': 3.273035448862294, 'b_bulk_scale': 0.4812121175094719, 'b_dislocation_scale': 0.06659237428548197, 'gb_scale': 3.243321745950542, 'gd_bubble_scale': 8.220492644231552, 'gd_line_scale': 0.07447326949176229, 'gd_line_alpha': 0.9440821206056158, 'coalescence_d_scale': 0.33141339743549525, 'capture_scale': 0.07854323573719436}. Best is trial 756 with value: 2.012228641160978.
[I 2026-05-02 23:15:55,323] Trial 1198 finished with value: 2.0321285877667914 and parameters: {'f_n': 1.161854161068354e-07, 'K_d': 126873.46243709754, 'rho_d': 62615641974335.65, 'fission_rate': 4.704339205583494e+19, 'Dg_D1_scale': 0.30072501165175697, 'Dg_D3_scale': 2.2533404696470867, 'Dv_D1_scale': 0.3349022695738006, 'Dv_D2_scale': 3.7622962930635637, 'b_bulk_scale': 0.33670653702002956, 'b_dislocation_scale': 0.07386993567209539, 'gb_scale': 3.7694876270544877, 'gd_bubble_scale': 0.11671729279475554, 'gd_line_scale': 0.4401961135227884, 'gd_line_alpha': 0.5787055329119785, 'coalescence_d_scale': 0.4536678770297776, 'capture_scale': 0.09928206703266317}. Best is trial 756 with value: 2.012228641160978.
[I 2026-05-02 23:15:59,849] Trial 1199 finished with value: 2.0463176419140536 and parameters: {'f_n': 1.1253046884704444e-07, 'K_d': 133898.754457223, 'rho_d': 56370178460800.17, 'fission_rate': 4.760102013032674e+19, 'Dg_D1_scale': 0.31942985158204473, 'Dg_D3_scale': 2.3516541735559713, 'Dv_D1_scale': 0.3677292912677676, 'Dv_D2_scale': 3.429961167803257, 'b_bulk_scale': 0.4017995599611703, 'b_dislocation_scale': 0.06519263872350003, 'gb_scale': 4.153220606478797, 'gd_bubble_scale': 0.137182824407253, 'gd_line_scale': 0.4514431828771821, 'gd_line_alpha': 0.5772082512577723, 'coalescence_d_scale': 0.5439242900729392, 'capture_scale': 0.12226096528038857}. Best is trial 756 with value: 2.012228641160978.
[I 2026-05-02 23:16:06,024] Trial 1200 finished with value: 2.0286154866059154 and parameters: {'f_n': 1.1741819601349503e-07, 'K_d': 127272.31902094252, 'rho_d': 61040566527380.37, 'fission_rate': 4.832992891086711e+19, 'Dg_D1_scale': 0.31134178544926105, 'Dg_D3_scale': 2.5299182227149153, 'Dv_D1_scale': 0.3460993709898887, 'Dv_D2_scale': 3.7621454014467597, 'b_bulk_scale': 0.5199284093832314, 'b_dislocation_scale': 0.0727829050705895, 'gb_scale': 3.8640603371278046, 'gd_bubble_scale': 0.12624341924097385, 'gd_line_scale': 0.40756612883584054, 'gd_line_alpha': 0.5896787647545816, 'coalescence_d_scale': 0.4936504850750588, 'capture_scale': 0.10867429657335234}. Best is trial 756 with value: 2.012228641160978.Best trial: 756. Best value: 2.01223:  80%|████████  | 1200/1500 [1:38:25<27:47,  5.56s/it]Best trial: 756. Best value: 2.01223:  80%|████████  | 1200/1500 [1:38:26<27:47,  5.56s/it]Best trial: 756. Best value: 2.01223:  80%|████████  | 1201/1500 [1:38:26<28:38,  5.75s/it]                                                                                           Best trial: 756. Best value: 2.01223:  80%|████████  | 1201/1500 [1:38:31<28:38,  5.75s/it]Best trial: 756. Best value: 2.01223:  80%|████████  | 1201/1500 [1:38:32<28:38,  5.75s/it]Best trial: 756. Best value: 2.01223:  80%|████████  | 1202/1500 [1:38:32<28:56,  5.83s/it]                                                                                           Best trial: 756. Best value: 2.01223:  80%|████████  | 1202/1500 [1:38:37<28:56,  5.83s/it]Best trial: 756. Best value: 2.01223:  80%|████████  | 1202/1500 [1:38:38<28:56,  5.83s/it]Best trial: 756. Best value: 2.01223:  80%|████████  | 1203/1500 [1:38:38<28:56,  5.85s/it]                                                                                           Best trial: 756. Best value: 2.01223:  80%|████████  | 1203/1500 [1:38:43<28:56,  5.85s/it]Best trial: 756. Best value: 2.01223:  80%|████████  | 1203/1500 [1:38:44<28:56,  5.85s/it]Best trial: 756. Best value: 2.01223:  80%|████████  | 1204/1500 [1:38:44<29:11,  5.92s/it]                                                                                           Best trial: 756. Best value: 2.01223:  80%|████████  | 1204/1500 [1:38:50<29:11,  5.92s/it]Best trial: 756. Best value: 2.01223:  80%|████████  | 1204/1500 [1:38:50<29:11,  5.92s/it]Best trial: 756. Best value: 2.01223:  80%|████████  | 1205/1500 [1:38:50<29:15,  5.95s/it]                                                                                           Best trial: 756. Best value: 2.01223:  80%|████████  | 1205/1500 [1:38:54<29:15,  5.95s/it]Best trial: 756. Best value: 2.01223:  80%|████████  | 1205/1500 [1:38:54<29:15,  5.95s/it]Best trial: 756. Best value: 2.01223:  80%|████████  | 1206/1500 [1:38:54<26:45,  5.46s/it]                                                                                           Best trial: 756. Best value: 2.01223:  80%|████████  | 1206/1500 [1:39:00<26:45,  5.46s/it]Best trial: 756. Best value: 2.01223:  80%|████████  | 1206/1500 [1:39:00<26:45,  5.46s/it]Best trial: 756. Best value: 2.01223:  80%|████████  | 1207/1500 [1:39:00<27:42,  5.67s/it]                                                                                           Best trial: 756. Best value: 2.01223:  80%|████████  | 1207/1500 [1:39:06<27:42,  5.67s/it]Best trial: 756. Best value: 2.01223:  80%|████████  | 1207/1500 [1:39:06<27:42,  5.67s/it]Best trial: 756. Best value: 2.01223:  81%|████████  | 1208/1500 [1:39:06<28:01,  5.76s/it]                                                                                           Best trial: 756. Best value: 2.01223:  81%|████████  | 1208/1500 [1:39:12<28:01,  5.76s/it]Best trial: 756. Best value: 2.01223:  81%|████████  | 1208/1500 [1:39:12<28:01,  5.76s/it]Best trial: 756. Best value: 2.01223:  81%|████████  | 1209/1500 [1:39:12<28:33,  5.89s/it]                                                                                           Best trial: 756. Best value: 2.01223:  81%|████████  | 1209/1500 [1:39:18<28:33,  5.89s/it]Best trial: 756. Best value: 2.01223:  81%|████████  | 1209/1500 [1:39:18<28:33,  5.89s/it]Best trial: 756. Best value: 2.01223:  81%|████████  | 1210/1500 [1:39:18<28:50,  5.97s/it]                                                                                           Best trial: 756. Best value: 2.01223:  81%|████████  | 1210/1500 [1:39:23<28:50,  5.97s/it]Best trial: 756. Best value: 2.01223:  81%|████████  | 1210/1500 [1:39:23<28:50,  5.97s/it]Best trial: 756. Best value: 2.01223:  81%|████████  | 1211/1500 [1:39:23<26:43,  5.55s/it]                                                                                           Best trial: 756. Best value: 2.01223:  81%|████████  | 1211/1500 [1:39:29<26:43,  5.55s/it]Best trial: 756. Best value: 2.01223:  81%|████████  | 1211/1500 [1:39:29<26:43,  5.55s/it]Best trial: 756. Best value: 2.01223:  81%|████████  | 1212/1500 [1:39:29<27:23,  5.71s/it]                                                                                           
[I 2026-05-02 23:16:12,052] Trial 1201 finished with value: 2.0628404462755583 and parameters: {'f_n': 8.081718375070299e-08, 'K_d': 135374.8671417309, 'rho_d': 62613537179531.92, 'fission_rate': 4.9155468111155e+19, 'Dg_D1_scale': 0.3086306294669451, 'Dg_D3_scale': 2.5110468549854557, 'Dv_D1_scale': 0.34840904201333356, 'Dv_D2_scale': 3.7911707278337254, 'b_bulk_scale': 0.47843158991864426, 'b_dislocation_scale': 0.07218937759424932, 'gb_scale': 4.326220660009429, 'gd_bubble_scale': 0.1237145557724317, 'gd_line_scale': 0.4225348359022016, 'gd_line_alpha': 0.5706973157247686, 'coalescence_d_scale': 0.5610953421369976, 'capture_scale': 0.11385091840630279}. Best is trial 756 with value: 2.012228641160978.
[I 2026-05-02 23:16:17,940] Trial 1202 finished with value: 2.0473820167565524 and parameters: {'f_n': 1.1355280910419038e-07, 'K_d': 129425.82506601157, 'rho_d': 60384303516432.54, 'fission_rate': 5.005112018644953e+19, 'Dg_D1_scale': 0.2962701037894456, 'Dg_D3_scale': 2.3628196903158787, 'Dv_D1_scale': 0.34120586288143506, 'Dv_D2_scale': 3.79127118079174, 'b_bulk_scale': 0.5480201563545795, 'b_dislocation_scale': 0.06369652310761563, 'gb_scale': 3.9650953444509103, 'gd_bubble_scale': 0.1391631350285889, 'gd_line_scale': 0.3709578133367835, 'gd_line_alpha': 0.5967466449139963, 'coalescence_d_scale': 0.5824060648568894, 'capture_scale': 0.10178414888666547}. Best is trial 756 with value: 2.012228641160978.
[I 2026-05-02 23:16:24,028] Trial 1203 finished with value: 2.161035285442822 and parameters: {'f_n': 9.096115858326386e-08, 'K_d': 136766.1368087834, 'rho_d': 63728554745382.63, 'fission_rate': 4.8486926935386186e+19, 'Dg_D1_scale': 0.3334662099051249, 'Dg_D3_scale': 2.544933003452438, 'Dv_D1_scale': 0.37238767407446116, 'Dv_D2_scale': 3.769533956945026, 'b_bulk_scale': 0.5137639823873928, 'b_dislocation_scale': 0.06819389021568806, 'gb_scale': 3.8756910665542366, 'gd_bubble_scale': 0.11581270861643482, 'gd_line_scale': 0.39715099647544233, 'gd_line_alpha': 0.5856421993058216, 'coalescence_d_scale': 0.6194872157614233, 'capture_scale': 0.12071657524524616}. Best is trial 756 with value: 2.012228641160978.
[I 2026-05-02 23:16:30,054] Trial 1204 finished with value: 2.2697889784656815 and parameters: {'f_n': 1.7397629746983016e-07, 'K_d': 144698.7802615993, 'rho_d': 58752468437495.73, 'fission_rate': 4.827448247868953e+19, 'Dg_D1_scale': 0.30513642668614727, 'Dg_D3_scale': 2.291738491111861, 'Dv_D1_scale': 0.3338943108947219, 'Dv_D2_scale': 3.792908201219961, 'b_bulk_scale': 0.5063624033694824, 'b_dislocation_scale': 0.07469739030707359, 'gb_scale': 4.389671624142148, 'gd_bubble_scale': 0.12170753443001041, 'gd_line_scale': 0.36588954531940626, 'gd_line_alpha': 0.5507753829534862, 'coalescence_d_scale': 0.5023406211528514, 'capture_scale': 0.10457821240377918}. Best is trial 756 with value: 2.012228641160978.
[I 2026-05-02 23:16:34,375] Trial 1205 finished with value: 2.102335311929243 and parameters: {'f_n': 6.82236234493296e-08, 'K_d': 141099.80714435136, 'rho_d': 55750146838226.875, 'fission_rate': 4.935709511481421e+19, 'Dg_D1_scale': 0.33506853095655637, 'Dg_D3_scale': 2.395739641420268, 'Dv_D1_scale': 0.3532430747733058, 'Dv_D2_scale': 3.6094117486063233, 'b_bulk_scale': 0.5868202547169611, 'b_dislocation_scale': 0.07198708491720193, 'gb_scale': 3.844528312788528, 'gd_bubble_scale': 0.15301749248092475, 'gd_line_scale': 0.40540162873933017, 'gd_line_alpha': 0.5735103087943284, 'coalescence_d_scale': 0.5239179032049618, 'capture_scale': 0.11606410130737595}. Best is trial 756 with value: 2.012228641160978.
