[I 2026-05-02 21:51:34,137] Trial 198 finished with value: 2.4290789964987156 and parameters: {'f_n': 3.3062467121048873e-07, 'K_d': 167617.31772785418, 'rho_d': 31734000880864.465, 'fission_rate': 7.3728441252035944e+19, 'Dg_D1_scale': 1.1276485914766783, 'Dg_D3_scale': 0.24193612371108558, 'Dv_D1_scale': 0.2657087011262954, 'Dv_D2_scale': 3.7206679324925727, 'b_bulk_scale': 0.1187670716413754, 'b_dislocation_scale': 0.6362368766487494, 'gb_scale': 0.5420174842335352, 'gd_bubble_scale': 0.08959554703238992, 'gd_line_scale': 9.99968573292931, 'gd_line_alpha': 0.5430196628712424, 'coalescence_d_scale': 0.34574456928831065, 'capture_scale': 0.04086005329052742}. Best is trial 166 with value: 2.2788634746890937.
[I 2026-05-02 21:51:38,174] Trial 199 finished with value: 2.3765117552502795 and parameters: {'f_n': 2.2032171180436802e-07, 'K_d': 183217.26184682103, 'rho_d': 47916523771810.01, 'fission_rate': 7.5789877015355e+19, 'Dg_D1_scale': 2.653001794783276, 'Dg_D3_scale': 0.20585924042024975, 'Dv_D1_scale': 0.2879657614169117, 'Dv_D2_scale': 3.558065925245364, 'b_bulk_scale': 0.15073892801717784, 'b_dislocation_scale': 1.1185465182929564, 'gb_scale': 0.618590120123451, 'gd_bubble_scale': 0.06584493492959331, 'gd_line_scale': 6.207230593102411, 'gd_line_alpha': 0.5919438697364396, 'coalescence_d_scale': 0.40544379690696647, 'capture_scale': 0.052745130376325514}. Best is trial 166 with value: 2.2788634746890937.
[I 2026-05-02 21:51:42,211] Trial 200 finished with value: 2.55950526813752 and parameters: {'f_n': 1.8865083682489243e-06, 'K_d': 196509.77869567272, 'rho_d': 33591998632263.574, 'fission_rate': 7.490842453528899e+19, 'Dg_D1_scale': 1.8379024362947147, 'Dg_D3_scale': 0.28112984556258197, 'Dv_D1_scale': 0.27430731243334716, 'Dv_D2_scale': 2.753276598518501, 'b_bulk_scale': 0.06940832905049193, 'b_dislocation_scale': 0.925113451606413, 'gb_scale': 0.44336376038480785, 'gd_bubble_scale': 0.07782972816476175, 'gd_line_scale': 7.800673472380691, 'gd_line_alpha': 0.6126305903855264, 'coalescence_d_scale': 0.48790008394142176, 'capture_scale': 0.028319294602873687}. Best is trial 166 with value: 2.2788634746890937.
[I 2026-05-02 21:51:45,164] Trial 201 finished with value: 4.912304749671008 and parameters: {'f_n': 3.500338875682315e-07, 'K_d': 223484.17498544868, 'rho_d': 39839272977600.69, 'fission_rate': 7.797654777698627e+19, 'Dg_D1_scale': 2.200404109006107, 'Dg_D3_scale': 0.22333379071722315, 'Dv_D1_scale': 0.3026477021808416, 'Dv_D2_scale': 3.394716241509122, 'b_bulk_scale': 0.11137807442600277, 'b_dislocation_scale': 0.7184905127911434, 'gb_scale': 0.7626757291561708, 'gd_bubble_scale': 0.05931918022110386, 'gd_line_scale': 0.06863941582726535, 'gd_line_alpha': 0.6488230902666826, 'coalescence_d_scale': 0.28167927673272547, 'capture_scale': 0.03433017368188635}. Best is trial 166 with value: 2.2788634746890937.
[I 2026-05-02 21:51:47,415] Trial 202 finished with value: 2.2831344762242396 and parameters: {'f_n': 1.147070040508025e-06, 'K_d': 187718.82933639528, 'rho_d': 35793760917907.41, 'fission_rate': 7.99462148779203e+19, 'Dg_D1_scale': 2.4110351708145883, 'Dg_D3_scale': 0.18796461253102553, 'Dv_D1_scale': 0.3231925664478246, 'Dv_D2_scale': 3.625936873875293, 'b_bulk_scale': 0.1388474269026132, 'b_dislocation_scale': 0.7340269659160655, 'gb_scale': 0.6427311795119709, 'gd_bubble_scale': 0.05553591575211676, 'gd_line_scale': 8.654409430679976, 'gd_line_alpha': 0.687226061564603, 'coalescence_d_scale': 0.32041995991027983, 'capture_scale': 0.03368324309028871}. Best is trial 166 with value: 2.2788634746890937.
[I 2026-05-02 21:51:51,246] Trial 203 finished with value: 2.3228391719853807 and parameters: {'f_n': 9.808863102125224e-07, 'K_d': 171329.70277140793, 'rho_d': 35361838147335.77, 'fission_rate': 7.987292522018134e+19, 'Dg_D1_scale': 2.2710327050042647, 'Dg_D3_scale': 0.19263743176866782, 'Dv_D1_scale': 0.32363485162594524, 'Dv_D2_scale': 3.772470825519466, 'b_bulk_scale': 0.13974441630860623, 'b_dislocation_scale': 0.6318974076951508, 'gb_scale': 0.6749584261622962, 'gd_bubble_scale': 0.06893185608477385, 'gd_line_scale': 8.696701011800881, 'gd_line_alpha': 0.4807201305639608, 'coalescence_d_scale': 0.33960692827917766, 'capture_scale': 0.03590764455113461}. Best is trial 166 with value: 2.2788634746890937.
[I 2026-05-02 21:51:55,129] Trial 204 finished with value: 2.227233020495818 and parameters: {'f_n': 9.829911185689733e-07, 'K_d': 156101.8377211844, 'rho_d': 32311737550068.23, 'fission_rate': 7.97585249842803e+19, 'Dg_D1_scale': 2.303238648758361, 'Dg_D3_scale': 0.1953510999805546, 'Dv_D1_scale': 0.3149504794980694, 'Dv_D2_scale': 3.992957230307824, 'b_bulk_scale': 0.17517179830078983, 'b_dislocation_scale': 0.6475993034346184, 'gb_scale': 0.6800309223134653, 'gd_bubble_scale': 0.06917769996018318, 'gd_line_scale': 7.107384947483954, 'gd_line_alpha': 0.9777782307193381, 'coalescence_d_scale': 0.3273501575281567, 'capture_scale': 0.0248217687009934}. Best is trial 204 with value: 2.227233020495818.Best trial: 166. Best value: 2.27886:  14%|█▎        | 204/1500 [14:15<1:13:58,  3.42s/it]Best trial: 204. Best value: 2.22723:  14%|█▎        | 204/1500 [14:15<1:13:58,  3.42s/it]Best trial: 204. Best value: 2.22723:  14%|█▎        | 205/1500 [14:15<1:16:55,  3.56s/it]                                                                                          Best trial: 204. Best value: 2.22723:  14%|█▎        | 205/1500 [14:18<1:16:55,  3.56s/it]Best trial: 205. Best value: 2.22203:  14%|█▎        | 205/1500 [14:19<1:16:55,  3.56s/it]Best trial: 205. Best value: 2.22203:  14%|█▎        | 206/1500 [14:19<1:19:01,  3.66s/it]                                                                                          Best trial: 205. Best value: 2.22203:  14%|█▎        | 206/1500 [14:22<1:19:01,  3.66s/it]Best trial: 205. Best value: 2.22203:  14%|█▎        | 206/1500 [14:22<1:19:01,  3.66s/it]Best trial: 205. Best value: 2.22203:  14%|█▍        | 207/1500 [14:22<1:20:32,  3.74s/it]                                                                                          Best trial: 205. Best value: 2.22203:  14%|█▍        | 207/1500 [14:26<1:20:32,  3.74s/it]Best trial: 205. Best value: 2.22203:  14%|█▍        | 207/1500 [14:26<1:20:32,  3.74s/it]Best trial: 205. Best value: 2.22203:  14%|█▍        | 208/1500 [14:26<1:21:26,  3.78s/it]                                                                                          Best trial: 205. Best value: 2.22203:  14%|█▍        | 208/1500 [14:30<1:21:26,  3.78s/it]Best trial: 205. Best value: 2.22203:  14%|█▍        | 208/1500 [14:30<1:21:26,  3.78s/it]Best trial: 205. Best value: 2.22203:  14%|█▍        | 209/1500 [14:30<1:22:15,  3.82s/it]                                                                                          Best trial: 205. Best value: 2.22203:  14%|█▍        | 209/1500 [14:34<1:22:15,  3.82s/it]Best trial: 209. Best value: 2.20705:  14%|█▍        | 209/1500 [14:34<1:22:15,  3.82s/it]Best trial: 209. Best value: 2.20705:  14%|█▍        | 210/1500 [14:34<1:22:59,  3.86s/it]                                                                                          Best trial: 209. Best value: 2.20705:  14%|█▍        | 210/1500 [14:36<1:22:59,  3.86s/it]Best trial: 209. Best value: 2.20705:  14%|█▍        | 210/1500 [14:36<1:22:59,  3.86s/it]Best trial: 209. Best value: 2.20705:  14%|█▍        | 211/1500 [14:36<1:12:47,  3.39s/it]                                                                                          Best trial: 209. Best value: 2.20705:  14%|█▍        | 211/1500 [14:40<1:12:47,  3.39s/it]Best trial: 209. Best value: 2.20705:  14%|█▍        | 211/1500 [14:40<1:12:47,  3.39s/it]Best trial: 209. Best value: 2.20705:  14%|█▍        | 212/1500 [14:40<1:16:02,  3.54s/it]                                                                                          Best trial: 209. Best value: 2.20705:  14%|█▍        | 212/1500 [14:44<1:16:02,  3.54s/it]Best trial: 209. Best value: 2.20705:  14%|█▍        | 212/1500 [14:44<1:16:02,  3.54s/it]Best trial: 209. Best value: 2.20705:  14%|█▍        | 213/1500 [14:44<1:18:32,  3.66s/it]                                                                                          Best trial: 209. Best value: 2.20705:  14%|█▍        | 213/1500 [14:48<1:18:32,  3.66s/it]Best trial: 209. Best value: 2.20705:  14%|█▍        | 213/1500 [14:48<1:18:32,  3.66s/it]Best trial: 209. Best value: 2.20705:  14%|█▍        | 214/1500 [14:48<1:19:55,  3.73s/it]                                                                                          Best trial: 209. Best value: 2.20705:  14%|█▍        | 214/1500 [14:52<1:19:55,  3.73s/it]Best trial: 209. Best value: 2.20705:  14%|█▍        | 214/1500 [14:52<1:19:55,  3.73s/it]Best trial: 209. Best value: 2.20705:  14%|█▍        | 215/1500 [14:52<1:21:15,  3.79s/it]                                                                                          Best trial: 209. Best value: 2.20705:  14%|█▍        | 215/1500 [14:56<1:21:15,  3.79s/it]Best trial: 209. Best value: 2.20705:  14%|█▍        | 215/1500 [14:56<1:21:15,  3.79s/it]Best trial: 209. Best value: 2.20705:  14%|█▍        | 216/1500 [14:56<1:22:14,  3.84s/it]                                                                                          
[I 2026-05-02 21:51:59,029] Trial 205 finished with value: 2.222030765564015 and parameters: {'f_n': 1.208957250252212e-06, 'K_d': 158725.11726937778, 'rho_d': 30693953330327.13, 'fission_rate': 7.975021481097098e+19, 'Dg_D1_scale': 2.386114814189111, 'Dg_D3_scale': 0.21144292873474999, 'Dv_D1_scale': 0.29490695940027806, 'Dv_D2_scale': 3.9081250580211124, 'b_bulk_scale': 0.1800022891467824, 'b_dislocation_scale': 0.626428708470622, 'gb_scale': 0.6668117514701511, 'gd_bubble_scale': 0.07019312610651715, 'gd_line_scale': 8.24043702779387, 'gd_line_alpha': 0.454682528725116, 'coalescence_d_scale': 0.35036822434966586, 'capture_scale': 0.02314095313647483}. Best is trial 205 with value: 2.222030765564015.
[I 2026-05-02 21:52:02,939] Trial 206 finished with value: 2.2252805491385477 and parameters: {'f_n': 1.0387062497921334e-06, 'K_d': 156454.1376350865, 'rho_d': 30935857897147.266, 'fission_rate': 7.997502956807366e+19, 'Dg_D1_scale': 2.2893599177338713, 'Dg_D3_scale': 0.23057014156212455, 'Dv_D1_scale': 0.28947919589338716, 'Dv_D2_scale': 3.9563721241067253, 'b_bulk_scale': 0.17223924786553224, 'b_dislocation_scale': 0.6090841429987001, 'gb_scale': 0.674764761657668, 'gd_bubble_scale': 0.0847906639779697, 'gd_line_scale': 8.215404372360807, 'gd_line_alpha': 0.9230867836446444, 'coalescence_d_scale': 0.3508478022275195, 'capture_scale': 0.018063351833290935}. Best is trial 205 with value: 2.222030765564015.
[I 2026-05-02 21:52:06,827] Trial 207 finished with value: 2.282125532087583 and parameters: {'f_n': 1.0059624081750497e-06, 'K_d': 154399.56873032026, 'rho_d': 30844597627601.348, 'fission_rate': 7.997770188248185e+19, 'Dg_D1_scale': 2.4914653754270852, 'Dg_D3_scale': 0.19650008170081518, 'Dv_D1_scale': 0.28858968940409857, 'Dv_D2_scale': 3.9716493509315898, 'b_bulk_scale': 0.22937570325386206, 'b_dislocation_scale': 0.5266013294450086, 'gb_scale': 0.6712208845124452, 'gd_bubble_scale': 0.08468603997708518, 'gd_line_scale': 6.9615199703843755, 'gd_line_alpha': 0.9745982607111263, 'coalescence_d_scale': 0.36571436394490625, 'capture_scale': 0.0197454392294902}. Best is trial 205 with value: 2.222030765564015.
[I 2026-05-02 21:52:10,745] Trial 208 finished with value: 2.256686301562199 and parameters: {'f_n': 1.1167799453847514e-06, 'K_d': 157815.2891216734, 'rho_d': 25832290633134.68, 'fission_rate': 7.990932123374223e+19, 'Dg_D1_scale': 2.3006065770548285, 'Dg_D3_scale': 0.19286189974264994, 'Dv_D1_scale': 0.2905404404290118, 'Dv_D2_scale': 3.8462988005154535, 'b_bulk_scale': 0.17974294593265855, 'b_dislocation_scale': 0.5461789212974086, 'gb_scale': 0.6826586906778037, 'gd_bubble_scale': 0.08402770441736238, 'gd_line_scale': 6.829640205406984, 'gd_line_alpha': 0.9996498743256922, 'coalescence_d_scale': 0.3750830216201494, 'capture_scale': 0.017198481236175383}. Best is trial 205 with value: 2.222030765564015.
[I 2026-05-02 21:52:14,685] Trial 209 finished with value: 2.20705021826913 and parameters: {'f_n': 1.0421067010193602e-06, 'K_d': 153717.51574769054, 'rho_d': 28219535076548.426, 'fission_rate': 7.942190498349593e+19, 'Dg_D1_scale': 2.312144597265651, 'Dg_D3_scale': 0.20101971948633687, 'Dv_D1_scale': 0.26380310555461234, 'Dv_D2_scale': 3.8929879828351797, 'b_bulk_scale': 0.21539864986087998, 'b_dislocation_scale': 0.5148640375846583, 'gb_scale': 0.6822663206345556, 'gd_bubble_scale': 0.10015698422632857, 'gd_line_scale': 6.350664306335903, 'gd_line_alpha': 0.9980796098288596, 'coalescence_d_scale': 0.36353192430452047, 'capture_scale': 0.014635557472863643}. Best is trial 209 with value: 2.20705021826913.
[I 2026-05-02 21:52:16,979] Trial 210 finished with value: 2.3462413856284825 and parameters: {'f_n': 9.77906135859144e-07, 'K_d': 167044.57357950427, 'rho_d': 24672350469515.305, 'fission_rate': 7.991076860834311e+19, 'Dg_D1_scale': 2.3533223547254813, 'Dg_D3_scale': 0.19726453455670143, 'Dv_D1_scale': 0.25691432632104755, 'Dv_D2_scale': 3.9847160434964186, 'b_bulk_scale': 0.23707688247414632, 'b_dislocation_scale': 0.5614577007644164, 'gb_scale': 0.9301268301268255, 'gd_bubble_scale': 0.09515324924203729, 'gd_line_scale': 6.305584743287224, 'gd_line_alpha': 0.9848229243352358, 'coalescence_d_scale': 0.35508055216219486, 'capture_scale': 0.011178185004411801}. Best is trial 209 with value: 2.20705021826913.
[I 2026-05-02 21:52:20,881] Trial 211 finished with value: 2.3699163861206616 and parameters: {'f_n': 1.0208218233384522e-06, 'K_d': 157082.38347882085, 'rho_d': 24671322372324.7, 'fission_rate': 7.951300975591281e+19, 'Dg_D1_scale': 2.3103937571018434, 'Dg_D3_scale': 0.19728233218541855, 'Dv_D1_scale': 0.2561574412387593, 'Dv_D2_scale': 3.918968645561077, 'b_bulk_scale': 0.20672424489613223, 'b_dislocation_scale': 0.5465714714572639, 'gb_scale': 0.8873758024201053, 'gd_bubble_scale': 0.09304981585553003, 'gd_line_scale': 6.25247586064368, 'gd_line_alpha': 0.986890525497005, 'coalescence_d_scale': 0.35449148140520886, 'capture_scale': 0.010841406141171963}. Best is trial 209 with value: 2.20705021826913.
[I 2026-05-02 21:52:24,820] Trial 212 finished with value: 2.2699669975722037 and parameters: {'f_n': 1.0788781887844588e-06, 'K_d': 151910.4711271404, 'rho_d': 27604874563491.734, 'fission_rate': 7.985460909815969e+19, 'Dg_D1_scale': 2.5312902069487246, 'Dg_D3_scale': 0.19561497006850118, 'Dv_D1_scale': 0.2737654525927614, 'Dv_D2_scale': 3.996216446968569, 'b_bulk_scale': 0.1844780023720253, 'b_dislocation_scale': 0.49678402926193643, 'gb_scale': 0.7173405658132721, 'gd_bubble_scale': 0.10059419184936899, 'gd_line_scale': 5.461484553249807, 'gd_line_alpha': 0.9710111656947391, 'coalescence_d_scale': 0.37923048642306567, 'capture_scale': 0.013933335388517978}. Best is trial 209 with value: 2.20705021826913.
[I 2026-05-02 21:52:28,706] Trial 213 finished with value: 2.2302401049707106 and parameters: {'f_n': 1.05174219699685e-06, 'K_d': 152610.93257798988, 'rho_d': 27771098102603.51, 'fission_rate': 7.996487632302852e+19, 'Dg_D1_scale': 2.6312094077186243, 'Dg_D3_scale': 0.1770067932772872, 'Dv_D1_scale': 0.2953178952578754, 'Dv_D2_scale': 3.981632369694778, 'b_bulk_scale': 0.258373987690013, 'b_dislocation_scale': 0.4930713820104597, 'gb_scale': 0.6943080687110968, 'gd_bubble_scale': 0.09986985244030512, 'gd_line_scale': 5.173219551052997, 'gd_line_alpha': 0.9581705516432952, 'coalescence_d_scale': 0.42607297424984897, 'capture_scale': 0.013829833851060043}. Best is trial 209 with value: 2.20705021826913.
[I 2026-05-02 21:52:32,651] Trial 214 finished with value: 2.2285435694511406 and parameters: {'f_n': 1.1016113646833418e-06, 'K_d': 149808.51070712975, 'rho_d': 26292751048516.54, 'fission_rate': 7.996771854728063e+19, 'Dg_D1_scale': 2.552937540291352, 'Dg_D3_scale': 0.18022738376716385, 'Dv_D1_scale': 0.2850324299197012, 'Dv_D2_scale': 3.922465044143299, 'b_bulk_scale': 0.24276073510050594, 'b_dislocation_scale': 0.4223044886885041, 'gb_scale': 0.7035162439040465, 'gd_bubble_scale': 0.1002114474789598, 'gd_line_scale': 5.133075126683891, 'gd_line_alpha': 0.9381301129241533, 'coalescence_d_scale': 0.37009490839918135, 'capture_scale': 0.012793245194756053}. Best is trial 209 with value: 2.20705021826913.
[I 2026-05-02 21:52:36,611] Trial 215 finished with value: 2.220441336372559 and parameters: {'f_n': 1.050452841280258e-06, 'K_d': 155599.56126812886, 'rho_d': 26059162839462.68, 'fission_rate': 7.982187847366812e+19, 'Dg_D1_scale': 3.0311837022432413, 'Dg_D3_scale': 0.17633192687850177, 'Dv_D1_scale': 0.28605460994396087, 'Dv_D2_scale': 3.9038240651588834, 'b_bulk_scale': 0.24611278788500598, 'b_dislocation_scale': 0.393020739102725, 'gb_scale': 0.9543210707279359, 'gd_bubble_scale': 0.110055012100186, 'gd_line_scale': 5.576804736220338, 'gd_line_alpha': 0.9542527449912961, 'coalescence_d_scale': 0.4403061213008022, 'capture_scale': 0.014424008117312155}. Best is trial 209 with value: 2.20705021826913.
