[I 2026-05-02 23:32:04,882] Trial 1368 finished with value: 2.1383199390675474 and parameters: {'f_n': 8.634546106708328e-07, 'K_d': 135203.0862938884, 'rho_d': 79020051445701.61, 'fission_rate': 5.259799764028246e+19, 'Dg_D1_scale': 0.2682359315923264, 'Dg_D3_scale': 1.702882803320272, 'Dv_D1_scale': 0.32015570427151074, 'Dv_D2_scale': 3.2135552495293314, 'b_bulk_scale': 0.3578944443447319, 'b_dislocation_scale': 0.09176074623959826, 'gb_scale': 2.3529213169203653, 'gd_bubble_scale': 0.1389815960696476, 'gd_line_scale': 0.4824965974278488, 'gd_line_alpha': 0.6595464430125941, 'coalescence_d_scale': 0.6574393565244644, 'capture_scale': 0.08785837526871794}. Best is trial 1282 with value: 2.0082570421242427.Best trial: 1282. Best value: 2.00826:  91%|█████████ | 1368/1500 [1:54:24<12:02,  5.47s/it]Best trial: 1282. Best value: 2.00826:  91%|█████████ | 1368/1500 [1:54:24<12:02,  5.47s/it]Best trial: 1282. Best value: 2.00826:  91%|█████████▏| 1369/1500 [1:54:24<12:03,  5.52s/it]                                                                                            Best trial: 1282. Best value: 2.00826:  91%|█████████▏| 1369/1500 [1:54:30<12:03,  5.52s/it]Best trial: 1282. Best value: 2.00826:  91%|█████████▏| 1369/1500 [1:54:30<12:03,  5.52s/it]Best trial: 1282. Best value: 2.00826:  91%|█████████▏| 1370/1500 [1:54:30<12:09,  5.61s/it]                                                                                            Best trial: 1282. Best value: 2.00826:  91%|█████████▏| 1370/1500 [1:54:36<12:09,  5.61s/it]Best trial: 1282. Best value: 2.00826:  91%|█████████▏| 1370/1500 [1:54:36<12:09,  5.61s/it]Best trial: 1282. Best value: 2.00826:  91%|█████████▏| 1371/1500 [1:54:36<12:14,  5.70s/it]                                                                                            Best trial: 1282. Best value: 2.00826:  91%|█████████▏| 1371/1500 [1:54:40<12:14,  5.70s/it]Best trial: 1282. Best value: 2.00826:  91%|█████████▏| 1371/1500 [1:54:40<12:14,  5.70s/it]Best trial: 1282. Best value: 2.00826:  91%|█████████▏| 1372/1500 [1:54:40<11:12,  5.26s/it]                                                                                            Best trial: 1282. Best value: 2.00826:  91%|█████████▏| 1372/1500 [1:54:46<11:12,  5.26s/it]Best trial: 1282. Best value: 2.00826:  91%|█████████▏| 1372/1500 [1:54:46<11:12,  5.26s/it]Best trial: 1282. Best value: 2.00826:  92%|█████████▏| 1373/1500 [1:54:46<11:25,  5.40s/it]                                                                                            Best trial: 1282. Best value: 2.00826:  92%|█████████▏| 1373/1500 [1:54:52<11:25,  5.40s/it]Best trial: 1282. Best value: 2.00826:  92%|█████████▏| 1373/1500 [1:54:52<11:25,  5.40s/it]Best trial: 1282. Best value: 2.00826:  92%|█████████▏| 1374/1500 [1:54:52<11:40,  5.56s/it]                                                                                            Best trial: 1282. Best value: 2.00826:  92%|█████████▏| 1374/1500 [1:54:58<11:40,  5.56s/it]Best trial: 1282. Best value: 2.00826:  92%|█████████▏| 1374/1500 [1:54:58<11:40,  5.56s/it]Best trial: 1282. Best value: 2.00826:  92%|█████████▏| 1375/1500 [1:54:58<11:48,  5.66s/it]                                                                                            Best trial: 1282. Best value: 2.00826:  92%|█████████▏| 1375/1500 [1:55:04<11:48,  5.66s/it]Best trial: 1282. Best value: 2.00826:  92%|█████████▏| 1375/1500 [1:55:04<11:48,  5.66s/it]Best trial: 1282. Best value: 2.00826:  92%|█████████▏| 1376/1500 [1:55:04<11:54,  5.76s/it]                                                                                            Best trial: 1282. Best value: 2.00826:  92%|█████████▏| 1376/1500 [1:55:10<11:54,  5.76s/it]Best trial: 1282. Best value: 2.00826:  92%|█████████▏| 1376/1500 [1:55:10<11:54,  5.76s/it]Best trial: 1282. Best value: 2.00826:  92%|█████████▏| 1377/1500 [1:55:10<11:50,  5.78s/it]                                                                                            Best trial: 1282. Best value: 2.00826:  92%|█████████▏| 1377/1500 [1:55:14<11:50,  5.78s/it]Best trial: 1282. Best value: 2.00826:  92%|█████████▏| 1377/1500 [1:55:14<11:50,  5.78s/it]Best trial: 1282. Best value: 2.00826:  92%|█████████▏| 1378/1500 [1:55:14<11:04,  5.44s/it]                                                                                            Best trial: 1282. Best value: 2.00826:  92%|█████████▏| 1378/1500 [1:55:20<11:04,  5.44s/it]Best trial: 1282. Best value: 2.00826:  92%|█████████▏| 1378/1500 [1:55:20<11:04,  5.44s/it]Best trial: 1282. Best value: 2.00826:  92%|█████████▏| 1379/1500 [1:55:20<11:14,  5.58s/it]                                                                                            Best trial: 1282. Best value: 2.00826:  92%|█████████▏| 1379/1500 [1:55:26<11:14,  5.58s/it]Best trial: 1282. Best value: 2.00826:  92%|█████████▏| 1379/1500 [1:55:26<11:14,  5.58s/it]Best trial: 1282. Best value: 2.00826:  92%|█████████▏| 1380/1500 [1:55:26<11:23,  5.69s/it]                                                                                            
[I 2026-05-02 23:32:10,692] Trial 1369 finished with value: 2.032869925567778 and parameters: {'f_n': 8.098859487763809e-07, 'K_d': 144062.1076256926, 'rho_d': 72480556826477.44, 'fission_rate': 5.1234823163652964e+19, 'Dg_D1_scale': 0.2564987402433668, 'Dg_D3_scale': 1.569563913938314, 'Dv_D1_scale': 0.29594477244045614, 'Dv_D2_scale': 3.3190049807098125, 'b_bulk_scale': 0.3419697624997558, 'b_dislocation_scale': 0.08117637174879994, 'gb_scale': 1.7997047964186241, 'gd_bubble_scale': 0.14335737071273957, 'gd_line_scale': 0.5203892517009326, 'gd_line_alpha': 0.6718443886930322, 'coalescence_d_scale': 0.6000313564160709, 'capture_scale': 0.07690881926438868}. Best is trial 1282 with value: 2.0082570421242427.
[I 2026-05-02 23:32:16,589] Trial 1370 finished with value: 2.147404195650193 and parameters: {'f_n': 8.557690144772288e-07, 'K_d': 133544.70462354197, 'rho_d': 77134455254043.2, 'fission_rate': 5.025156995151969e+19, 'Dg_D1_scale': 0.243431223219594, 'Dg_D3_scale': 1.6136426598584233, 'Dv_D1_scale': 0.3131106976235622, 'Dv_D2_scale': 3.2571712491562304, 'b_bulk_scale': 0.36054291502429014, 'b_dislocation_scale': 0.08908553713914084, 'gb_scale': 2.078731699620742, 'gd_bubble_scale': 0.16616768820053734, 'gd_line_scale': 0.4475016540843086, 'gd_line_alpha': 0.708600037251036, 'coalescence_d_scale': 0.5939656962460768, 'capture_scale': 0.06305033791409438}. Best is trial 1282 with value: 2.0082570421242427.
[I 2026-05-02 23:32:20,818] Trial 1371 finished with value: 2.102371247161712 and parameters: {'f_n': 8.45074508791893e-07, 'K_d': 153261.24676758103, 'rho_d': 79969203279025.98, 'fission_rate': 5.068623534640743e+19, 'Dg_D1_scale': 0.26402140373097666, 'Dg_D3_scale': 1.6469177048579504, 'Dv_D1_scale': 0.31579441695515753, 'Dv_D2_scale': 3.1468361551734447, 'b_bulk_scale': 0.3544263284356003, 'b_dislocation_scale': 0.07685911975494146, 'gb_scale': 2.4862414374964703, 'gd_bubble_scale': 0.1318893768340856, 'gd_line_scale': 0.5708769096176567, 'gd_line_alpha': 0.6446195715292559, 'coalescence_d_scale': 0.736185600561013, 'capture_scale': 0.08317490380213902}. Best is trial 1282 with value: 2.0082570421242427.
[I 2026-05-02 23:32:26,554] Trial 1372 finished with value: 2.316829140564059 and parameters: {'f_n': 8.089794393233701e-07, 'K_d': 139020.68791408424, 'rho_d': 78902505740033.5, 'fission_rate': 5.222993324002163e+19, 'Dg_D1_scale': 0.23056069682093666, 'Dg_D3_scale': 1.777046528807041, 'Dv_D1_scale': 0.3349055885538506, 'Dv_D2_scale': 3.3398448825121947, 'b_bulk_scale': 0.39885416885259706, 'b_dislocation_scale': 0.06106677772815547, 'gb_scale': 1.946905516272128, 'gd_bubble_scale': 0.1516350134048443, 'gd_line_scale': 0.5174048767162452, 'gd_line_alpha': 0.6809350907801013, 'coalescence_d_scale': 0.5269036940919406, 'capture_scale': 0.07060708419705193}. Best is trial 1282 with value: 2.0082570421242427.
[I 2026-05-02 23:32:32,469] Trial 1373 finished with value: 2.2119191918292667 and parameters: {'f_n': 7.139748281289153e-07, 'K_d': 146775.58909284443, 'rho_d': 79201252308697.7, 'fission_rate': 5.031284816822515e+19, 'Dg_D1_scale': 0.24847918550997253, 'Dg_D3_scale': 1.1783927529806015, 'Dv_D1_scale': 0.27756171654104095, 'Dv_D2_scale': 1.9410624527182119, 'b_bulk_scale': 0.38242651821514806, 'b_dislocation_scale': 0.08357694162837752, 'gb_scale': 2.3376994498433703, 'gd_bubble_scale': 0.18470730896547252, 'gd_line_scale': 0.43712800346575037, 'gd_line_alpha': 0.631236498782002, 'coalescence_d_scale': 0.5545986204360727, 'capture_scale': 0.09169571854036793}. Best is trial 1282 with value: 2.0082570421242427.
[I 2026-05-02 23:32:38,390] Trial 1374 finished with value: 4.069416097363984 and parameters: {'f_n': 1.5391704062666528e-07, 'K_d': 137178.53261227228, 'rho_d': 74313262844166.25, 'fission_rate': 5.0255257153579114e+19, 'Dg_D1_scale': 0.2648973868313152, 'Dg_D3_scale': 1.8308780152801072, 'Dv_D1_scale': 0.30670842498223283, 'Dv_D2_scale': 3.412007128942373, 'b_bulk_scale': 0.3436054478094738, 'b_dislocation_scale': 0.07208748556469213, 'gb_scale': 2.108694955584338, 'gd_bubble_scale': 0.11882247747651316, 'gd_line_scale': 0.5974165311904392, 'gd_line_alpha': 0.6512910221529933, 'coalescence_d_scale': 2.3465809746738464, 'capture_scale': 7.991790083612984}. Best is trial 1282 with value: 2.0082570421242427.
[I 2026-05-02 23:32:44,378] Trial 1375 finished with value: 3.3806607484136957 and parameters: {'f_n': 6.793044426855766e-07, 'K_d': 133753.8454607388, 'rho_d': 74173644897051.67, 'fission_rate': 4.975969784919294e+19, 'Dg_D1_scale': 0.27650597578779595, 'Dg_D3_scale': 2.7122060667256367, 'Dv_D1_scale': 0.34198261446613254, 'Dv_D2_scale': 3.4108898729804897, 'b_bulk_scale': 0.40333993652038835, 'b_dislocation_scale': 0.09208657580257121, 'gb_scale': 2.5152571097148537, 'gd_bubble_scale': 0.12899687808467875, 'gd_line_scale': 0.18599500318941917, 'gd_line_alpha': 0.6401929136609121, 'coalescence_d_scale': 0.7734297419703007, 'capture_scale': 0.08792428137604733}. Best is trial 1282 with value: 2.0082570421242427.
[I 2026-05-02 23:32:50,193] Trial 1376 finished with value: 2.36479755710597 and parameters: {'f_n': 1.373476899158562e-07, 'K_d': 146188.7259025522, 'rho_d': 73290742243096.31, 'fission_rate': 5.086125432524565e+19, 'Dg_D1_scale': 0.24115649387010046, 'Dg_D3_scale': 1.711858905604474, 'Dv_D1_scale': 0.3258550626565297, 'Dv_D2_scale': 3.1470108651904463, 'b_bulk_scale': 0.33541529370160716, 'b_dislocation_scale': 0.06721146643340777, 'gb_scale': 2.53788798415215, 'gd_bubble_scale': 0.1440256242551034, 'gd_line_scale': 0.5014417187337915, 'gd_line_alpha': 0.615760991590771, 'coalescence_d_scale': 0.5150969886077817, 'capture_scale': 0.07558562338628051}. Best is trial 1282 with value: 2.0082570421242427.
[I 2026-05-02 23:32:54,862] Trial 1377 finished with value: 2.1704175608656477 and parameters: {'f_n': 8.534668854847394e-07, 'K_d': 131086.9491263692, 'rho_d': 73797589451022.45, 'fission_rate': 4.9808228606549205e+19, 'Dg_D1_scale': 0.2818297052809877, 'Dg_D3_scale': 1.5743605161294691, 'Dv_D1_scale': 0.2923368502055468, 'Dv_D2_scale': 3.420878627189646, 'b_bulk_scale': 0.3738107864363237, 'b_dislocation_scale': 0.07761174258643584, 'gb_scale': 2.2617375279132212, 'gd_bubble_scale': 0.16547708745152434, 'gd_line_scale': 0.412265089544743, 'gd_line_alpha': 0.6698762715715069, 'coalescence_d_scale': 0.6468826801098494, 'capture_scale': 0.06913230888790008}. Best is trial 1282 with value: 2.0082570421242427.
[I 2026-05-02 23:33:00,746] Trial 1378 finished with value: 2.272250289304664 and parameters: {'f_n': 1.827544309816868e-07, 'K_d': 154692.12423094106, 'rho_d': 71071784317986.7, 'fission_rate': 5.117816399632537e+19, 'Dg_D1_scale': 0.21655527821549392, 'Dg_D3_scale': 1.8293448343778012, 'Dv_D1_scale': 0.34496175284518216, 'Dv_D2_scale': 3.423378714437104, 'b_bulk_scale': 0.4245028525484352, 'b_dislocation_scale': 0.08298792784769386, 'gb_scale': 2.605517332359163, 'gd_bubble_scale': 0.13064380736650227, 'gd_line_scale': 0.5482689924237512, 'gd_line_alpha': 0.6282489032793361, 'coalescence_d_scale': 0.562767331055148, 'capture_scale': 0.05085602399744039}. Best is trial 1282 with value: 2.0082570421242427.
[I 2026-05-02 23:33:06,714] Trial 1379 finished with value: 2.679039508973491 and parameters: {'f_n': 8.511039132582905e-07, 'K_d': 137586.78440403135, 'rho_d': 71619493454273.33, 'fission_rate': 4.979446350839557e+19, 'Dg_D1_scale': 0.26434848248124965, 'Dg_D3_scale': 2.0598034323342693, 'Dv_D1_scale': 2.9941182795742405, 'Dv_D2_scale': 3.2011865408500904, 'b_bulk_scale': 0.34434547452248054, 'b_dislocation_scale': 0.06242568061662743, 'gb_scale': 2.3008405392478966, 'gd_bubble_scale': 0.10890708890895405, 'gd_line_scale': 0.4766867011484177, 'gd_line_alpha': 0.6510473616414498, 'coalescence_d_scale': 0.5104050178925086, 'capture_scale': 0.08575554272117258}. Best is trial 1282 with value: 2.0082570421242427.
[I 2026-05-02 23:33:12,690] Trial 1380 finished with value: 2.1484923229694126 and parameters: {'f_n': 6.446035922378938e-07, 'K_d': 130126.66094963618, 'rho_d': 78366772180776.2, 'fission_rate': 4.937733108359295e+19, 'Dg_D1_scale': 0.22757640409858293, 'Dg_D3_scale': 1.7332687850933597, 'Dv_D1_scale': 0.31343844044115704, 'Dv_D2_scale': 3.4666861344322175, 'b_bulk_scale': 0.40710692160041584, 'b_dislocation_scale': 0.07462923472539111, 'gb_scale': 2.6504159328334853, 'gd_bubble_scale': 0.12193834251570272, 'gd_line_scale': 0.5773795065342692, 'gd_line_alpha': 0.6972168367253262, 'coalescence_d_scale': 0.581139959583512, 'capture_scale': 0.09396828054803294}. Best is trial 1282 with value: 2.0082570421242427.Best trial: 1282. Best value: 2.00826:  92%|█████████▏| 1380/1500 [1:55:32<11:23,  5.69s/it]Best trial: 1282. Best value: 2.00826:  92%|█████████▏| 1380/1500 [1:55:32<11:23,  5.69s/it]Best trial: 1282. Best value: 2.00826:  92%|█████████▏| 1381/1500 [1:55:32<11:27,  5.78s/it]                                                                                            Best trial: 1282. Best value: 2.00826:  92%|█████████▏| 1381/1500 [1:55:38<11:27,  5.78s/it]Best trial: 1282. Best value: 2.00826:  92%|█████████▏| 1381/1500 [1:55:38<11:27,  5.78s/it]Best trial: 1282. Best value: 2.00826:  92%|█████████▏| 1382/1500 [1:55:38<11:25,  5.81s/it]                                                                                            Best trial: 1282. Best value: 2.00826:  92%|█████████▏| 1382/1500 [1:55:42<11:25,  5.81s/it]Best trial: 1282. Best value: 2.00826:  92%|█████████▏| 1382/1500 [1:55:42<11:25,  5.81s/it]Best trial: 1282. Best value: 2.00826:  92%|█████████▏| 1383/1500 [1:55:42<10:22,  5.32s/it]                                                                                            Best trial: 1282. Best value: 2.00826:  92%|█████████▏| 1383/1500 [1:55:48<10:22,  5.32s/it]Best trial: 1282. Best value: 2.00826:  92%|█████████▏| 1383/1500 [1:55:48<10:22,  5.32s/it]Best trial: 1282. Best value: 2.00826:  92%|█████████▏| 1384/1500 [1:55:48<10:43,  5.55s/it]                                                                                            Best trial: 1282. Best value: 2.00826:  92%|█████████▏| 1384/1500 [1:55:54<10:43,  5.55s/it]Best trial: 1282. Best value: 2.00826:  92%|█████████▏| 1384/1500 [1:55:54<10:43,  5.55s/it]Best trial: 1282. Best value: 2.00826:  92%|█████████▏| 1385/1500 [1:55:54<10:51,  5.66s/it]                                                                                            Best trial: 1282. Best value: 2.00826:  92%|█████████▏| 1385/1500 [1:56:00<10:51,  5.66s/it]Best trial: 1282. Best value: 2.00826:  92%|█████████▏| 1385/1500 [1:56:00<10:51,  5.66s/it]Best trial: 1282. Best value: 2.00826:  92%|█████████▏| 1386/1500 [1:56:00<10:52,  5.72s/it]                                                                                            Best trial: 1282. Best value: 2.00826:  92%|█████████▏| 1386/1500 [1:56:06<10:52,  5.72s/it]Best trial: 1282. Best value: 2.00826:  92%|█████████▏| 1386/1500 [1:56:06<10:52,  5.72s/it]Best trial: 1282. Best value: 2.00826:  92%|█████████▏| 1387/1500 [1:56:06<10:57,  5.82s/it]                                                                                            Best trial: 1282. Best value: 2.00826:  92%|█████████▏| 1387/1500 [1:56:12<10:57,  5.82s/it]Best trial: 1282. Best value: 2.00826:  92%|█████████▏| 1387/1500 [1:56:12<10:57,  5.82s/it]Best trial: 1282. Best value: 2.00826:  93%|█████████▎| 1388/1500 [1:56:12<10:43,  5.75s/it]                                                                                            Best trial: 1282. Best value: 2.00826:  93%|█████████▎| 1388/1500 [1:56:16<10:43,  5.75s/it]Best trial: 1282. Best value: 2.00826:  93%|█████████▎| 1388/1500 [1:56:16<10:43,  5.75s/it]Best trial: 1282. Best value: 2.00826:  93%|█████████▎| 1389/1500 [1:56:16<09:53,  5.35s/it]                                                                                            Best trial: 1282. Best value: 2.00826:  93%|█████████▎| 1389/1500 [1:56:22<09:53,  5.35s/it]Best trial: 1282. Best value: 2.00826:  93%|█████████▎| 1389/1500 [1:56:22<09:53,  5.35s/it]Best trial: 1282. Best value: 2.00826:  93%|█████████▎| 1390/1500 [1:56:22<10:08,  5.53s/it]                                                                                            Best trial: 1282. Best value: 2.00826:  93%|█████████▎| 1390/1500 [1:56:28<10:08,  5.53s/it]Best trial: 1282. Best value: 2.00826:  93%|█████████▎| 1390/1500 [1:56:28<10:08,  5.53s/it]Best trial: 1282. Best value: 2.00826:  93%|█████████▎| 1391/1500 [1:56:28<10:10,  5.60s/it]                                                                                            Best trial: 1282. Best value: 2.00826:  93%|█████████▎| 1391/1500 [1:56:34<10:10,  5.60s/it]Best trial: 1282. Best value: 2.00826:  93%|█████████▎| 1391/1500 [1:56:34<10:10,  5.60s/it]Best trial: 1282. Best value: 2.00826:  93%|█████████▎| 1392/1500 [1:56:34<10:20,  5.75s/it]                                                                                            
[I 2026-05-02 23:33:18,566] Trial 1381 finished with value: 2.1668273784667043 and parameters: {'f_n': 7.086243311869725e-07, 'K_d': 129310.22510476256, 'rho_d': 75436969108842.47, 'fission_rate': 5.0539171493013905e+19, 'Dg_D1_scale': 0.25178954265955883, 'Dg_D3_scale': 2.524925219638078, 'Dv_D1_scale': 0.3682261354770855, 'Dv_D2_scale': 3.446393271624065, 'b_bulk_scale': 0.30192974642708287, 'b_dislocation_scale': 0.09131969870780718, 'gb_scale': 2.0034115847435485, 'gd_bubble_scale': 0.1564167948783361, 'gd_line_scale': 0.4297296158341112, 'gd_line_alpha': 0.6052355558281138, 'coalescence_d_scale': 0.5007867913176652, 'capture_scale': 0.06452932075196764}. Best is trial 1282 with value: 2.0082570421242427.
[I 2026-05-02 23:33:22,752] Trial 1382 finished with value: 2.6911515184495194 and parameters: {'f_n': 6.04406429956484e-07, 'K_d': 141584.56762006143, 'rho_d': 71898664344502.16, 'fission_rate': 5.199776582093091e+19, 'Dg_D1_scale': 0.2758899424384967, 'Dg_D3_scale': 1.8920439313090878, 'Dv_D1_scale': 0.3330592449432386, 'Dv_D2_scale': 3.200602286213074, 'b_bulk_scale': 0.3658327598156921, 'b_dislocation_scale': 0.06864508480118768, 'gb_scale': 2.3795080137482643, 'gd_bubble_scale': 3.4406273239817313, 'gd_line_scale': 0.6067645541245693, 'gd_line_alpha': 0.6267991684830319, 'coalescence_d_scale': 0.4883041405406689, 'capture_scale': 0.05573063489836187}. Best is trial 1282 with value: 2.0082570421242427.
[I 2026-05-02 23:33:28,843] Trial 1383 finished with value: 3.5541170329073406 and parameters: {'f_n': 1.0833218385941271e-07, 'K_d': 133222.4651356269, 'rho_d': 70014746047368.14, 'fission_rate': 4.931600384821869e+19, 'Dg_D1_scale': 0.23903145867436099, 'Dg_D3_scale': 2.6894584257516176, 'Dv_D1_scale': 0.29974226368043544, 'Dv_D2_scale': 3.537267543646996, 'b_bulk_scale': 0.3987289473289002, 'b_dislocation_scale': 0.058385129204414986, 'gb_scale': 2.6661174394707254, 'gd_bubble_scale': 4.466317730198107, 'gd_line_scale': 0.48902017921344765, 'gd_line_alpha': 0.6691146526728287, 'coalescence_d_scale': 0.5427919113006763, 'capture_scale': 0.07985286915615744}. Best is trial 1282 with value: 2.0082570421242427.
[I 2026-05-02 23:33:34,769] Trial 1384 finished with value: 2.145675402813294 and parameters: {'f_n': 1.9166567884409733e-07, 'K_d': 147058.40702464816, 'rho_d': 70609245418403.11, 'fission_rate': 4.995989619366917e+19, 'Dg_D1_scale': 0.1835134928311549, 'Dg_D3_scale': 1.3177977797766622, 'Dv_D1_scale': 0.3856259044217223, 'Dv_D2_scale': 3.5526640042481503, 'b_bulk_scale': 0.32403793070014164, 'b_dislocation_scale': 0.08294696186547237, 'gb_scale': 2.2995686732367746, 'gd_bubble_scale': 0.10165349130242389, 'gd_line_scale': 0.38055075933466437, 'gd_line_alpha': 0.6137253776391602, 'coalescence_d_scale': 0.4837509121500511, 'capture_scale': 0.09509490635754529}. Best is trial 1282 with value: 2.0082570421242427.
[I 2026-05-02 23:33:40,625] Trial 1385 finished with value: 2.3342883717670637 and parameters: {'f_n': 7.345482788684254e-07, 'K_d': 129767.85772922647, 'rho_d': 78904882331100.5, 'fission_rate': 5.0986044527811486e+19, 'Dg_D1_scale': 0.2852635272198936, 'Dg_D3_scale': 2.023327382235543, 'Dv_D1_scale': 0.2760552940448478, 'Dv_D2_scale': 3.382214561969497, 'b_bulk_scale': 0.42370575122909226, 'b_dislocation_scale': 0.0761389025375462, 'gb_scale': 2.7118424758272512, 'gd_bubble_scale': 0.14235779005093896, 'gd_line_scale': 0.32914108967995825, 'gd_line_alpha': 0.6358261768812266, 'coalescence_d_scale': 0.6208167431321249, 'capture_scale': 0.07681578362671383}. Best is trial 1282 with value: 2.0082570421242427.
