[I 2026-05-02 21:52:40,534] Trial 216 finished with value: 2.219649513424698 and parameters: {'f_n': 1.069356356520069e-06, 'K_d': 153531.851161892, 'rho_d': 25913316181944.26, 'fission_rate': 7.999885053266323e+19, 'Dg_D1_scale': 3.1601955199062886, 'Dg_D3_scale': 0.18575101120224988, 'Dv_D1_scale': 0.27947472343450147, 'Dv_D2_scale': 3.9187016450642496, 'b_bulk_scale': 0.23962806292367725, 'b_dislocation_scale': 0.408899576283843, 'gb_scale': 0.9495319263365847, 'gd_bubble_scale': 0.10107072081151623, 'gd_line_scale': 5.5815948527628265, 'gd_line_alpha': 0.9422018863049979, 'coalescence_d_scale': 0.43572911043560686, 'capture_scale': 0.01459387071890118}. Best is trial 209 with value: 2.20705021826913.Best trial: 209. Best value: 2.20705:  14%|█▍        | 216/1500 [15:00<1:22:14,  3.84s/it]Best trial: 209. Best value: 2.20705:  14%|█▍        | 216/1500 [15:00<1:22:14,  3.84s/it]Best trial: 209. Best value: 2.20705:  14%|█▍        | 217/1500 [15:00<1:22:52,  3.88s/it]                                                                                          Best trial: 209. Best value: 2.20705:  14%|█▍        | 217/1500 [15:04<1:22:52,  3.88s/it]Best trial: 209. Best value: 2.20705:  14%|█▍        | 217/1500 [15:04<1:22:52,  3.88s/it]Best trial: 209. Best value: 2.20705:  15%|█▍        | 218/1500 [15:04<1:22:59,  3.88s/it]                                                                                          Best trial: 209. Best value: 2.20705:  15%|█▍        | 218/1500 [15:06<1:22:59,  3.88s/it]Best trial: 209. Best value: 2.20705:  15%|█▍        | 218/1500 [15:06<1:22:59,  3.88s/it]Best trial: 209. Best value: 2.20705:  15%|█▍        | 219/1500 [15:06<1:13:26,  3.44s/it]                                                                                          Best trial: 209. Best value: 2.20705:  15%|█▍        | 219/1500 [15:11<1:13:26,  3.44s/it]Best trial: 209. Best value: 2.20705:  15%|█▍        | 219/1500 [15:11<1:13:26,  3.44s/it]Best trial: 209. Best value: 2.20705:  15%|█▍        | 220/1500 [15:11<1:18:54,  3.70s/it]                                                                                          Best trial: 209. Best value: 2.20705:  15%|█▍        | 220/1500 [15:15<1:18:54,  3.70s/it]Best trial: 209. Best value: 2.20705:  15%|█▍        | 220/1500 [15:15<1:18:54,  3.70s/it]Best trial: 209. Best value: 2.20705:  15%|█▍        | 221/1500 [15:15<1:20:23,  3.77s/it]                                                                                          Best trial: 209. Best value: 2.20705:  15%|█▍        | 221/1500 [15:19<1:20:23,  3.77s/it]Best trial: 209. Best value: 2.20705:  15%|█▍        | 221/1500 [15:19<1:20:23,  3.77s/it]Best trial: 209. Best value: 2.20705:  15%|█▍        | 222/1500 [15:19<1:22:09,  3.86s/it]                                                                                          Best trial: 209. Best value: 2.20705:  15%|█▍        | 222/1500 [15:23<1:22:09,  3.86s/it]Best trial: 209. Best value: 2.20705:  15%|█▍        | 222/1500 [15:23<1:22:09,  3.86s/it]Best trial: 209. Best value: 2.20705:  15%|█▍        | 223/1500 [15:23<1:22:33,  3.88s/it]                                                                                          Best trial: 209. Best value: 2.20705:  15%|█▍        | 223/1500 [15:26<1:22:33,  3.88s/it]Best trial: 209. Best value: 2.20705:  15%|█▍        | 223/1500 [15:26<1:22:33,  3.88s/it]Best trial: 209. Best value: 2.20705:  15%|█▍        | 224/1500 [15:26<1:22:29,  3.88s/it]                                                                                          Best trial: 209. Best value: 2.20705:  15%|█▍        | 224/1500 [15:30<1:22:29,  3.88s/it]Best trial: 209. Best value: 2.20705:  15%|█▍        | 224/1500 [15:30<1:22:29,  3.88s/it]Best trial: 209. Best value: 2.20705:  15%|█▌        | 225/1500 [15:30<1:22:34,  3.89s/it]                                                                                          Best trial: 209. Best value: 2.20705:  15%|█▌        | 225/1500 [15:34<1:22:34,  3.89s/it]Best trial: 209. Best value: 2.20705:  15%|█▌        | 225/1500 [15:34<1:22:34,  3.89s/it]Best trial: 209. Best value: 2.20705:  15%|█▌        | 226/1500 [15:34<1:22:47,  3.90s/it]                                                                                          Best trial: 209. Best value: 2.20705:  15%|█▌        | 226/1500 [15:37<1:22:47,  3.90s/it]Best trial: 209. Best value: 2.20705:  15%|█▌        | 226/1500 [15:37<1:22:47,  3.90s/it]Best trial: 209. Best value: 2.20705:  15%|█▌        | 227/1500 [15:37<1:12:41,  3.43s/it]                                                                                          Best trial: 209. Best value: 2.20705:  15%|█▌        | 227/1500 [15:41<1:12:41,  3.43s/it]Best trial: 209. Best value: 2.20705:  15%|█▌        | 227/1500 [15:41<1:12:41,  3.43s/it]Best trial: 209. Best value: 2.20705:  15%|█▌        | 228/1500 [15:41<1:15:50,  3.58s/it]                                                                                          
[I 2026-05-02 21:52:44,466] Trial 217 finished with value: 2.312358893193987 and parameters: {'f_n': 1.1694145148625113e-06, 'K_d': 148459.95693305368, 'rho_d': 26218123348384.137, 'fission_rate': 7.9862160804802e+19, 'Dg_D1_scale': 3.112834395398605, 'Dg_D3_scale': 0.18389397605048377, 'Dv_D1_scale': 0.2837862157085588, 'Dv_D2_scale': 3.984870545527498, 'b_bulk_scale': 0.28168467473489794, 'b_dislocation_scale': 0.31446429889188116, 'gb_scale': 0.9852445280639114, 'gd_bubble_scale': 0.10550333993720253, 'gd_line_scale': 5.544331805604706, 'gd_line_alpha': 0.9538219065701414, 'coalescence_d_scale': 0.461342800071903, 'capture_scale': 0.014435513643252889}. Best is trial 209 with value: 2.20705021826913.
[I 2026-05-02 21:52:46,868] Trial 218 finished with value: 2.283629757101883 and parameters: {'f_n': 1.2118642390250294e-06, 'K_d': 151778.70221581977, 'rho_d': 26791211726669.664, 'fission_rate': 7.988848595396e+19, 'Dg_D1_scale': 3.1201592061715506, 'Dg_D3_scale': 0.1839991229878034, 'Dv_D1_scale': 0.2836137802996005, 'Dv_D2_scale': 3.9630777877964225, 'b_bulk_scale': 0.2886350278046495, 'b_dislocation_scale': 0.3101004433531925, 'gb_scale': 0.9591474188722305, 'gd_bubble_scale': 0.10885351904765525, 'gd_line_scale': 5.114929283887421, 'gd_line_alpha': 0.9531087836804398, 'coalescence_d_scale': 0.4416774912150825, 'capture_scale': 0.014539703627434609}. Best is trial 209 with value: 2.20705021826913.
[I 2026-05-02 21:52:51,172] Trial 219 finished with value: 2.2095942321170146 and parameters: {'f_n': 1.206184707805418e-06, 'K_d': 154421.18793525005, 'rho_d': 29011043649257.01, 'fission_rate': 7.992620786335883e+19, 'Dg_D1_scale': 3.14165491852751, 'Dg_D3_scale': 0.17868241122012138, 'Dv_D1_scale': 0.27922090972573094, 'Dv_D2_scale': 3.9860115285295143, 'b_bulk_scale': 0.281953583817245, 'b_dislocation_scale': 0.43657186902158335, 'gb_scale': 0.9883569344104388, 'gd_bubble_scale': 0.12094476967976377, 'gd_line_scale': 5.047547177117115, 'gd_line_alpha': 0.9444030535146845, 'coalescence_d_scale': 0.46565496716549004, 'capture_scale': 0.013850006663486377}. Best is trial 209 with value: 2.20705021826913.
[I 2026-05-02 21:52:55,112] Trial 220 finished with value: 2.264790384195355 and parameters: {'f_n': 1.291866022542239e-06, 'K_d': 154629.61397266365, 'rho_d': 25838824663457.996, 'fission_rate': 7.995729044801418e+19, 'Dg_D1_scale': 3.083679271054661, 'Dg_D3_scale': 0.18638061432445366, 'Dv_D1_scale': 0.28058465035056723, 'Dv_D2_scale': 3.941616944828179, 'b_bulk_scale': 0.30034150567770396, 'b_dislocation_scale': 0.3155427846450299, 'gb_scale': 1.0066990872377968, 'gd_bubble_scale': 0.12331674742327728, 'gd_line_scale': 5.283938328398601, 'gd_line_alpha': 0.9478751506891753, 'coalescence_d_scale': 0.45679925390071824, 'capture_scale': 0.013840175027387913}. Best is trial 209 with value: 2.20705021826913.
[I 2026-05-02 21:52:59,162] Trial 221 finished with value: 2.2798614939826902 and parameters: {'f_n': 1.2452277017442876e-06, 'K_d': 152773.82527478432, 'rho_d': 25755128820691.867, 'fission_rate': 7.995738502947788e+19, 'Dg_D1_scale': 3.233475130601493, 'Dg_D3_scale': 0.18473659163149753, 'Dv_D1_scale': 0.28025021420597207, 'Dv_D2_scale': 3.9196836029450743, 'b_bulk_scale': 0.29733565596884814, 'b_dislocation_scale': 0.32030420207563626, 'gb_scale': 1.0028045989937215, 'gd_bubble_scale': 0.12021827451025864, 'gd_line_scale': 5.209076159513078, 'gd_line_alpha': 0.9425270228372093, 'coalescence_d_scale': 0.5198816282856432, 'capture_scale': 0.014394688787134466}. Best is trial 209 with value: 2.20705021826913.
[I 2026-05-02 21:53:03,097] Trial 222 finished with value: 2.2807188462953123 and parameters: {'f_n': 1.1772289736619631e-06, 'K_d': 152554.96586952472, 'rho_d': 26490790263288.746, 'fission_rate': 7.98471568408608e+19, 'Dg_D1_scale': 3.222629062686832, 'Dg_D3_scale': 0.1864621313666226, 'Dv_D1_scale': 0.2791988568360542, 'Dv_D2_scale': 3.9954665728775436, 'b_bulk_scale': 0.30326386492548474, 'b_dislocation_scale': 0.32193091644248895, 'gb_scale': 1.0106164153090356, 'gd_bubble_scale': 0.12446192855105531, 'gd_line_scale': 5.259737254611802, 'gd_line_alpha': 0.949246444897652, 'coalescence_d_scale': 0.46335564786491135, 'capture_scale': 0.014289488582461925}. Best is trial 209 with value: 2.20705021826913.
[I 2026-05-02 21:53:06,978] Trial 223 finished with value: 2.2829444106338075 and parameters: {'f_n': 1.2356431424102884e-06, 'K_d': 152997.7536072901, 'rho_d': 26116854426516.258, 'fission_rate': 7.995239079566862e+19, 'Dg_D1_scale': 3.2092898723981373, 'Dg_D3_scale': 0.18405825331749254, 'Dv_D1_scale': 0.2791933844823496, 'Dv_D2_scale': 3.9672004971308032, 'b_bulk_scale': 0.3051913101642357, 'b_dislocation_scale': 0.2847008882203984, 'gb_scale': 1.2557122553713245, 'gd_bubble_scale': 0.12558122063834107, 'gd_line_scale': 5.153943092368954, 'gd_line_alpha': 0.9551941850237691, 'coalescence_d_scale': 0.5539454106431375, 'capture_scale': 0.014145343886187245}. Best is trial 209 with value: 2.20705021826913.
[I 2026-05-02 21:53:10,881] Trial 224 finished with value: 2.2381303920298623 and parameters: {'f_n': 1.2914626967812092e-06, 'K_d': 155978.5981903482, 'rho_d': 26287682395130.14, 'fission_rate': 7.940203461446851e+19, 'Dg_D1_scale': 3.114071484450824, 'Dg_D3_scale': 0.1843950085348051, 'Dv_D1_scale': 0.2819537714420399, 'Dv_D2_scale': 3.9539391834378304, 'b_bulk_scale': 0.3104572267214613, 'b_dislocation_scale': 0.2978195258593787, 'gb_scale': 1.370137227681423, 'gd_bubble_scale': 0.12518881711097574, 'gd_line_scale': 5.014466806780622, 'gd_line_alpha': 0.9554527923042619, 'coalescence_d_scale': 0.5600390060210082, 'capture_scale': 0.013688540020042406}. Best is trial 209 with value: 2.20705021826913.
[I 2026-05-02 21:53:14,812] Trial 225 finished with value: 2.250666659184892 and parameters: {'f_n': 1.3436547084828058e-06, 'K_d': 154050.72904232133, 'rho_d': 27521758295149.582, 'fission_rate': 7.998875017981911e+19, 'Dg_D1_scale': 3.203966670278914, 'Dg_D3_scale': 0.18134506056806093, 'Dv_D1_scale': 0.2748397947572779, 'Dv_D2_scale': 3.997358609635721, 'b_bulk_scale': 0.3237639940649454, 'b_dislocation_scale': 0.2745126130875486, 'gb_scale': 1.4224334407769397, 'gd_bubble_scale': 0.11573765724007186, 'gd_line_scale': 4.668329396707846, 'gd_line_alpha': 0.9552928038619778, 'coalescence_d_scale': 0.6048694609758527, 'capture_scale': 0.012456600251005309}. Best is trial 209 with value: 2.20705021826913.
[I 2026-05-02 21:53:17,135] Trial 226 finished with value: 2.315090430068118 and parameters: {'f_n': 1.2837153725260404e-06, 'K_d': 151673.01781725287, 'rho_d': 27699559449527.066, 'fission_rate': 7.995079352055302e+19, 'Dg_D1_scale': 3.3696665603303204, 'Dg_D3_scale': 0.18477365114301997, 'Dv_D1_scale': 0.2711934414996623, 'Dv_D2_scale': 3.9151167339393953, 'b_bulk_scale': 0.3240905113816915, 'b_dislocation_scale': 0.2759208702538998, 'gb_scale': 1.2224493866636825, 'gd_bubble_scale': 0.1269189666325379, 'gd_line_scale': 4.894964580199692, 'gd_line_alpha': 0.9452536009149317, 'coalescence_d_scale': 0.5782753249071299, 'capture_scale': 0.012382963058596675}. Best is trial 209 with value: 2.20705021826913.
[I 2026-05-02 21:53:21,063] Trial 227 finished with value: 2.241878661337153 and parameters: {'f_n': 7.830458239667419e-07, 'K_d': 152122.34045654297, 'rho_d': 26142162420790.152, 'fission_rate': 7.932781520603803e+19, 'Dg_D1_scale': 2.8663203365386463, 'Dg_D3_scale': 0.18042746781969946, 'Dv_D1_scale': 0.27507472338363853, 'Dv_D2_scale': 3.994870692171471, 'b_bulk_scale': 0.252766034363815, 'b_dislocation_scale': 0.3787541241799898, 'gb_scale': 1.4448401432055125, 'gd_bubble_scale': 0.12372540544877968, 'gd_line_scale': 5.1421437280166185, 'gd_line_alpha': 0.918970275594235, 'coalescence_d_scale': 0.5268931186804651, 'capture_scale': 0.015667673487571546}. Best is trial 209 with value: 2.20705021826913.
[I 2026-05-02 21:53:25,010] Trial 228 finished with value: 2.4097253375598027 and parameters: {'f_n': 8.150441271954753e-07, 'K_d': 154746.16787389826, 'rho_d': 26195289476002.805, 'fission_rate': 7.928092900275695e+19, 'Dg_D1_scale': 2.9246493496300214, 'Dg_D3_scale': 0.18148656383243975, 'Dv_D1_scale': 0.2825995468025632, 'Dv_D2_scale': 3.9600664462222843, 'b_bulk_scale': 0.3645089274532976, 'b_dislocation_scale': 0.24556894012414798, 'gb_scale': 1.4490058683821494, 'gd_bubble_scale': 0.11960403469918189, 'gd_line_scale': 5.0858901904537595, 'gd_line_alpha': 0.9143860139100137, 'coalescence_d_scale': 0.5214593922273714, 'capture_scale': 0.015218311731281802}. Best is trial 209 with value: 2.20705021826913.Best trial: 209. Best value: 2.20705:  15%|█▌        | 228/1500 [15:44<1:15:50,  3.58s/it]Best trial: 209. Best value: 2.20705:  15%|█▌        | 228/1500 [15:45<1:15:50,  3.58s/it]Best trial: 209. Best value: 2.20705:  15%|█▌        | 229/1500 [15:45<1:18:07,  3.69s/it]                                                                                          Best trial: 209. Best value: 2.20705:  15%|█▌        | 229/1500 [15:48<1:18:07,  3.69s/it]Best trial: 209. Best value: 2.20705:  15%|█▌        | 229/1500 [15:48<1:18:07,  3.69s/it]Best trial: 209. Best value: 2.20705:  15%|█▌        | 230/1500 [15:48<1:19:30,  3.76s/it]                                                                                          Best trial: 209. Best value: 2.20705:  15%|█▌        | 230/1500 [15:52<1:19:30,  3.76s/it]Best trial: 209. Best value: 2.20705:  15%|█▌        | 230/1500 [15:52<1:19:30,  3.76s/it]Best trial: 209. Best value: 2.20705:  15%|█▌        | 231/1500 [15:52<1:20:23,  3.80s/it]                                                                                          Best trial: 209. Best value: 2.20705:  15%|█▌        | 231/1500 [15:56<1:20:23,  3.80s/it]Best trial: 209. Best value: 2.20705:  15%|█▌        | 231/1500 [15:56<1:20:23,  3.80s/it]Best trial: 209. Best value: 2.20705:  15%|█▌        | 232/1500 [15:56<1:21:19,  3.85s/it]                                                                                          Best trial: 209. Best value: 2.20705:  15%|█▌        | 232/1500 [16:00<1:21:19,  3.85s/it]Best trial: 209. Best value: 2.20705:  15%|█▌        | 232/1500 [16:00<1:21:19,  3.85s/it]Best trial: 209. Best value: 2.20705:  16%|█▌        | 233/1500 [16:00<1:22:08,  3.89s/it]                                                                                          Best trial: 209. Best value: 2.20705:  16%|█▌        | 233/1500 [16:04<1:22:08,  3.89s/it]Best trial: 209. Best value: 2.20705:  16%|█▌        | 233/1500 [16:04<1:22:08,  3.89s/it]Best trial: 209. Best value: 2.20705:  16%|█▌        | 234/1500 [16:04<1:22:49,  3.92s/it]                                                                                          Best trial: 209. Best value: 2.20705:  16%|█▌        | 234/1500 [16:07<1:22:49,  3.92s/it]Best trial: 209. Best value: 2.20705:  16%|█▌        | 234/1500 [16:07<1:22:49,  3.92s/it]Best trial: 209. Best value: 2.20705:  16%|█▌        | 235/1500 [16:07<1:12:31,  3.44s/it]                                                                                          Best trial: 209. Best value: 2.20705:  16%|█▌        | 235/1500 [16:10<1:12:31,  3.44s/it]Best trial: 209. Best value: 2.20705:  16%|█▌        | 235/1500 [16:11<1:12:31,  3.44s/it]Best trial: 209. Best value: 2.20705:  16%|█▌        | 236/1500 [16:11<1:15:37,  3.59s/it]                                                                                          Best trial: 209. Best value: 2.20705:  16%|█▌        | 236/1500 [16:14<1:15:37,  3.59s/it]Best trial: 209. Best value: 2.20705:  16%|█▌        | 236/1500 [16:14<1:15:37,  3.59s/it]Best trial: 209. Best value: 2.20705:  16%|█▌        | 237/1500 [16:14<1:17:55,  3.70s/it]                                                                                          Best trial: 209. Best value: 2.20705:  16%|█▌        | 237/1500 [16:18<1:17:55,  3.70s/it]Best trial: 209. Best value: 2.20705:  16%|█▌        | 237/1500 [16:18<1:17:55,  3.70s/it]Best trial: 209. Best value: 2.20705:  16%|█▌        | 238/1500 [16:18<1:19:21,  3.77s/it]                                                                                          Best trial: 209. Best value: 2.20705:  16%|█▌        | 238/1500 [16:22<1:19:21,  3.77s/it]Best trial: 209. Best value: 2.20705:  16%|█▌        | 238/1500 [16:22<1:19:21,  3.77s/it]Best trial: 209. Best value: 2.20705:  16%|█▌        | 239/1500 [16:22<1:20:15,  3.82s/it]                                                                                          Best trial: 209. Best value: 2.20705:  16%|█▌        | 239/1500 [16:26<1:20:15,  3.82s/it]Best trial: 209. Best value: 2.20705:  16%|█▌        | 239/1500 [16:26<1:20:15,  3.82s/it]Best trial: 209. Best value: 2.20705:  16%|█▌        | 240/1500 [16:26<1:20:56,  3.85s/it]                                                                                          
[I 2026-05-02 21:53:28,926] Trial 229 finished with value: 2.2528490351836856 and parameters: {'f_n': 1.1348188615150761e-06, 'K_d': 155495.2355011395, 'rho_d': 28277051588664.906, 'fission_rate': 7.988775993056893e+19, 'Dg_D1_scale': 2.664911539341139, 'Dg_D3_scale': 0.1915660367947578, 'Dv_D1_scale': 0.25598133688753366, 'Dv_D2_scale': 3.996621485927505, 'b_bulk_scale': 0.27535232145548594, 'b_dislocation_scale': 0.3743336746478916, 'gb_scale': 1.3921614205616744, 'gd_bubble_scale': 0.12397949329360677, 'gd_line_scale': 4.645759023092774, 'gd_line_alpha': 0.9580178411722478, 'coalescence_d_scale': 0.6187271768558605, 'capture_scale': 0.016636917165286216}. Best is trial 209 with value: 2.20705021826913.
[I 2026-05-02 21:53:32,830] Trial 230 finished with value: 2.4487216927833138 and parameters: {'f_n': 1.423954480227209e-06, 'K_d': 159352.9617406627, 'rho_d': 23214303546067.6, 'fission_rate': 7.942380208997712e+19, 'Dg_D1_scale': 2.598081178608185, 'Dg_D3_scale': 0.19392833055792552, 'Dv_D1_scale': 0.2544855742792372, 'Dv_D2_scale': 3.9839826001480665, 'b_bulk_scale': 0.24733676355339113, 'b_dislocation_scale': 0.37839364894058275, 'gb_scale': 1.5979653092289234, 'gd_bubble_scale': 0.1233258776750658, 'gd_line_scale': 5.247526708505488, 'gd_line_alpha': 0.9143608007527722, 'coalescence_d_scale': 0.635072518119441, 'capture_scale': 0.010057590648836724}. Best is trial 209 with value: 2.20705021826913.
[I 2026-05-02 21:53:36,790] Trial 231 finished with value: 2.2208655144830836 and parameters: {'f_n': 1.118578381972421e-06, 'K_d': 150870.15144332324, 'rho_d': 28527260400466.12, 'fission_rate': 7.928915121136828e+19, 'Dg_D1_scale': 3.2215813806142597, 'Dg_D3_scale': 0.17722465128998827, 'Dv_D1_scale': 0.27050120413963397, 'Dv_D2_scale': 3.7450146686458545, 'b_bulk_scale': 0.27575870220500776, 'b_dislocation_scale': 0.2937208525331238, 'gb_scale': 1.407663960112381, 'gd_bubble_scale': 0.13520192978972947, 'gd_line_scale': 4.580614780899033, 'gd_line_alpha': 0.9601000841759971, 'coalescence_d_scale': 0.5322554296934864, 'capture_scale': 0.01662475032341217}. Best is trial 209 with value: 2.20705021826913.
[I 2026-05-02 21:53:40,770] Trial 232 finished with value: 2.235147775782109 and parameters: {'f_n': 1.0647764267114344e-06, 'K_d': 144079.69641370318, 'rho_d': 28665884183300.047, 'fission_rate': 7.923706465863046e+19, 'Dg_D1_scale': 3.651817587027037, 'Dg_D3_scale': 0.17632344512341194, 'Dv_D1_scale': 0.26639258940404975, 'Dv_D2_scale': 3.7275007410998753, 'b_bulk_scale': 0.2565581625840294, 'b_dislocation_scale': 0.33173992504739147, 'gb_scale': 1.408268236111814, 'gd_bubble_scale': 0.13413729521273357, 'gd_line_scale': 4.325953061569569, 'gd_line_alpha': 0.9333981895232278, 'coalescence_d_scale': 0.5314908787913567, 'capture_scale': 0.016884169334093025}. Best is trial 209 with value: 2.20705021826913.
[I 2026-05-02 21:53:44,781] Trial 233 finished with value: 2.237304882284848 and parameters: {'f_n': 1.044658336100737e-06, 'K_d': 139810.5815011668, 'rho_d': 29011164951897.25, 'fission_rate': 7.92223910471808e+19, 'Dg_D1_scale': 3.891449431080577, 'Dg_D3_scale': 0.17972557629197697, 'Dv_D1_scale': 0.26391868566199955, 'Dv_D2_scale': 3.753822363897359, 'b_bulk_scale': 0.3231434889980067, 'b_dislocation_scale': 0.35422718483745613, 'gb_scale': 1.3171102399895946, 'gd_bubble_scale': 0.137825801586953, 'gd_line_scale': 4.523855288270791, 'gd_line_alpha': 0.9312096704130265, 'coalescence_d_scale': 0.5388227601487052, 'capture_scale': 0.016550249111422253}. Best is trial 209 with value: 2.20705021826913.
