[I 2026-05-02 22:26:45,226] Trial 684 finished with value: 2.220040623457145 and parameters: {'f_n': 6.927917809838643e-07, 'K_d': 174480.92425776858, 'rho_d': 36203479239115.15, 'fission_rate': 5.947765034309675e+19, 'Dg_D1_scale': 0.32152945946783906, 'Dg_D3_scale': 2.797516237326117, 'Dv_D1_scale': 0.2837949515057986, 'Dv_D2_scale': 3.5457692515672825, 'b_bulk_scale': 0.23357335256439246, 'b_dislocation_scale': 0.12623892002640136, 'gb_scale': 4.566505641515597, 'gd_bubble_scale': 2.2682122119909627, 'gd_line_scale': 3.31063375653548, 'gd_line_alpha': 0.9070687556392361, 'coalescence_d_scale': 0.4068709729148979, 'capture_scale': 3.724731881816149}. Best is trial 444 with value: 2.0614202321115003.Best trial: 444. Best value: 2.06142:  46%|████▌     | 684/1500 [49:05<1:01:51,  4.55s/it]Best trial: 444. Best value: 2.06142:  46%|████▌     | 684/1500 [49:05<1:01:51,  4.55s/it]Best trial: 444. Best value: 2.06142:  46%|████▌     | 685/1500 [49:05<1:03:33,  4.68s/it]                                                                                          Best trial: 444. Best value: 2.06142:  46%|████▌     | 685/1500 [49:09<1:03:33,  4.68s/it]Best trial: 444. Best value: 2.06142:  46%|████▌     | 685/1500 [49:10<1:03:33,  4.68s/it]Best trial: 444. Best value: 2.06142:  46%|████▌     | 686/1500 [49:10<1:03:55,  4.71s/it]                                                                                          Best trial: 444. Best value: 2.06142:  46%|████▌     | 686/1500 [49:16<1:03:55,  4.71s/it]Best trial: 444. Best value: 2.06142:  46%|████▌     | 686/1500 [49:16<1:03:55,  4.71s/it]Best trial: 444. Best value: 2.06142:  46%|████▌     | 687/1500 [49:16<1:09:38,  5.14s/it]                                                                                          Best trial: 444. Best value: 2.06142:  46%|████▌     | 687/1500 [49:20<1:09:38,  5.14s/it]Best trial: 444. Best value: 2.06142:  46%|████▌     | 687/1500 [49:20<1:09:38,  5.14s/it]Best trial: 444. Best value: 2.06142:  46%|████▌     | 688/1500 [49:20<1:04:54,  4.80s/it]                                                                                          Best trial: 444. Best value: 2.06142:  46%|████▌     | 688/1500 [49:26<1:04:54,  4.80s/it]Best trial: 444. Best value: 2.06142:  46%|████▌     | 688/1500 [49:27<1:04:54,  4.80s/it]Best trial: 444. Best value: 2.06142:  46%|████▌     | 689/1500 [49:27<1:13:03,  5.40s/it]                                                                                          Best trial: 444. Best value: 2.06142:  46%|████▌     | 689/1500 [49:32<1:13:03,  5.40s/it]Best trial: 444. Best value: 2.06142:  46%|████▌     | 689/1500 [49:32<1:13:03,  5.40s/it]Best trial: 444. Best value: 2.06142:  46%|████▌     | 690/1500 [49:32<1:15:05,  5.56s/it]                                                                                          Best trial: 444. Best value: 2.06142:  46%|████▌     | 690/1500 [49:37<1:15:05,  5.56s/it]Best trial: 444. Best value: 2.06142:  46%|████▌     | 690/1500 [49:37<1:15:05,  5.56s/it]Best trial: 444. Best value: 2.06142:  46%|████▌     | 691/1500 [49:37<1:12:07,  5.35s/it]                                                                                          Best trial: 444. Best value: 2.06142:  46%|████▌     | 691/1500 [49:44<1:12:07,  5.35s/it]Best trial: 444. Best value: 2.06142:  46%|████▌     | 691/1500 [49:44<1:12:07,  5.35s/it]Best trial: 444. Best value: 2.06142:  46%|████▌     | 692/1500 [49:44<1:16:33,  5.69s/it]                                                                                          Best trial: 444. Best value: 2.06142:  46%|████▌     | 692/1500 [49:49<1:16:33,  5.69s/it]Best trial: 444. Best value: 2.06142:  46%|████▌     | 692/1500 [49:49<1:16:33,  5.69s/it]Best trial: 444. Best value: 2.06142:  46%|████▌     | 693/1500 [49:49<1:15:17,  5.60s/it]                                                                                          Best trial: 444. Best value: 2.06142:  46%|████▌     | 693/1500 [49:54<1:15:17,  5.60s/it]Best trial: 444. Best value: 2.06142:  46%|████▌     | 693/1500 [49:54<1:15:17,  5.60s/it]Best trial: 444. Best value: 2.06142:  46%|████▋     | 694/1500 [49:54<1:11:35,  5.33s/it]                                                                                          Best trial: 444. Best value: 2.06142:  46%|████▋     | 694/1500 [49:59<1:11:35,  5.33s/it]Best trial: 444. Best value: 2.06142:  46%|████▋     | 694/1500 [49:59<1:11:35,  5.33s/it]Best trial: 444. Best value: 2.06142:  46%|████▋     | 695/1500 [49:59<1:09:16,  5.16s/it]                                                                                          Best trial: 444. Best value: 2.06142:  46%|████▋     | 695/1500 [50:04<1:09:16,  5.16s/it]Best trial: 444. Best value: 2.06142:  46%|████▋     | 695/1500 [50:04<1:09:16,  5.16s/it]Best trial: 444. Best value: 2.06142:  46%|████▋     | 696/1500 [50:04<1:08:25,  5.11s/it]                                                                                          
[I 2026-05-02 22:26:50,009] Trial 685 finished with value: 2.876467526452403 and parameters: {'f_n': 1.2735889378464648e-06, 'K_d': 159191.0685115879, 'rho_d': 14442096784078.32, 'fission_rate': 6.083714503557946e+19, 'Dg_D1_scale': 0.5207499625793017, 'Dg_D3_scale': 3.0384330594373834, 'Dv_D1_scale': 0.30181871346873473, 'Dv_D2_scale': 3.3254348176721686, 'b_bulk_scale': 0.21413100975030844, 'b_dislocation_scale': 0.14092109083854373, 'gb_scale': 5.392247714249931, 'gd_bubble_scale': 0.43236493092482486, 'gd_line_scale': 3.9057782295070145, 'gd_line_alpha': 0.8643875398870843, 'coalescence_d_scale': 0.3522931009476165, 'capture_scale': 5.2197457180889435}. Best is trial 444 with value: 2.0614202321115003.
[I 2026-05-02 22:26:56,151] Trial 686 finished with value: 2.0789460662379744 and parameters: {'f_n': 1.5841688056878746e-06, 'K_d': 174681.84228090988, 'rho_d': 42134223604203.27, 'fission_rate': 4.69682435189382e+19, 'Dg_D1_scale': 0.3395091862553173, 'Dg_D3_scale': 3.2073808890931215, 'Dv_D1_scale': 0.2804689088246902, 'Dv_D2_scale': 3.2902857648126695, 'b_bulk_scale': 0.20396172773971183, 'b_dislocation_scale': 0.10683399315409133, 'gb_scale': 5.631693297835674, 'gd_bubble_scale': 0.4775207814055544, 'gd_line_scale': 2.787759031645516, 'gd_line_alpha': 0.847892564781402, 'coalescence_d_scale': 0.3912368121243699, 'capture_scale': 4.28815946045847}. Best is trial 444 with value: 2.0614202321115003.
[I 2026-05-02 22:27:00,145] Trial 687 finished with value: 2.4021263246573534 and parameters: {'f_n': 1.6483253720387158e-06, 'K_d': 172680.83739201294, 'rho_d': 45769085610231.16, 'fission_rate': 5.192688929337646e+19, 'Dg_D1_scale': 0.33316809264325326, 'Dg_D3_scale': 2.851676362285853, 'Dv_D1_scale': 0.2986501486725324, 'Dv_D2_scale': 3.5773061617210313, 'b_bulk_scale': 0.2563050154278422, 'b_dislocation_scale': 0.11285445408155888, 'gb_scale': 3.9176462224202178, 'gd_bubble_scale': 0.38778510823412987, 'gd_line_scale': 2.9013141961517577, 'gd_line_alpha': 0.8749411603575332, 'coalescence_d_scale': 0.42995546903578585, 'capture_scale': 4.606807014411715}. Best is trial 444 with value: 2.0614202321115003.
[I 2026-05-02 22:27:06,969] Trial 688 finished with value: 2.535748855685947 and parameters: {'f_n': 1.6407004862763336e-06, 'K_d': 158452.88028043386, 'rho_d': 43289561489152.17, 'fission_rate': 4.186247931785329e+19, 'Dg_D1_scale': 0.3681471230450189, 'Dg_D3_scale': 3.1082516165156897, 'Dv_D1_scale': 0.28100835011898956, 'Dv_D2_scale': 3.3789195683623316, 'b_bulk_scale': 0.20958472622480587, 'b_dislocation_scale': 0.07882469843959691, 'gb_scale': 4.899349114717836, 'gd_bubble_scale': 0.46126733630338806, 'gd_line_scale': 2.8045351333892943, 'gd_line_alpha': 0.8508577362276216, 'coalescence_d_scale': 0.38602689257499195, 'capture_scale': 4.24306252606425}. Best is trial 444 with value: 2.0614202321115003.
[I 2026-05-02 22:27:12,899] Trial 689 finished with value: 2.2366242508621785 and parameters: {'f_n': 1.6682443028869705e-06, 'K_d': 171928.5465007978, 'rho_d': 41549165335712.47, 'fission_rate': 4.881480547656752e+19, 'Dg_D1_scale': 0.28953110270446947, 'Dg_D3_scale': 2.924984133932895, 'Dv_D1_scale': 0.26994468323761506, 'Dv_D2_scale': 3.7592200867209833, 'b_bulk_scale': 0.23370358516365267, 'b_dislocation_scale': 0.10268392557857987, 'gb_scale': 5.564861714909667, 'gd_bubble_scale': 0.4309264621684736, 'gd_line_scale': 3.2738679440373826, 'gd_line_alpha': 0.848243675390855, 'coalescence_d_scale': 0.4354864332192498, 'capture_scale': 5.51227943781826}. Best is trial 444 with value: 2.0614202321115003.
[I 2026-05-02 22:27:17,748] Trial 690 finished with value: 3.3521295092801733 and parameters: {'f_n': 1.3907830285242134e-06, 'K_d': 178817.58943233322, 'rho_d': 40745652948260.71, 'fission_rate': 6.117164983736413e+19, 'Dg_D1_scale': 0.3375428219690666, 'Dg_D3_scale': 2.668582046436642, 'Dv_D1_scale': 0.28483363106545434, 'Dv_D2_scale': 3.2730237750761364, 'b_bulk_scale': 2.780890603749497, 'b_dislocation_scale': 0.11086978271101455, 'gb_scale': 5.608321554929552, 'gd_bubble_scale': 0.475217259893222, 'gd_line_scale': 2.446635716365678, 'gd_line_alpha': 0.8828025621208919, 'coalescence_d_scale': 0.5117614651297918, 'capture_scale': 4.892859859424918}. Best is trial 444 with value: 2.0614202321115003.
[I 2026-05-02 22:27:24,221] Trial 691 finished with value: 2.470077325476927 and parameters: {'f_n': 4.794825662452161e-07, 'K_d': 163294.98943341247, 'rho_d': 43739102806662.47, 'fission_rate': 4.438763930320905e+19, 'Dg_D1_scale': 0.3694268403070879, 'Dg_D3_scale': 3.1933013847305913, 'Dv_D1_scale': 0.2583302128439714, 'Dv_D2_scale': 3.469887266866347, 'b_bulk_scale': 0.20650506840162447, 'b_dislocation_scale': 0.12457201763583256, 'gb_scale': 4.715400691779314, 'gd_bubble_scale': 0.4024086292859979, 'gd_line_scale': 2.931535514651855, 'gd_line_alpha': 0.8219421207172116, 'coalescence_d_scale': 0.38664679602882457, 'capture_scale': 4.103300007837093}. Best is trial 444 with value: 2.0614202321115003.
[I 2026-05-02 22:27:29,616] Trial 692 finished with value: 4.323966016194201 and parameters: {'f_n': 1.0404138902501693e-06, 'K_d': 178565.13779526702, 'rho_d': 47036799864072.98, 'fission_rate': 4.055228054219757e+19, 'Dg_D1_scale': 0.39108386977442805, 'Dg_D3_scale': 3.227120165845363, 'Dv_D1_scale': 1.9988889247978947, 'Dv_D2_scale': 3.2456596918228056, 'b_bulk_scale': 0.25591893269855337, 'b_dislocation_scale': 0.0928255966415025, 'gb_scale': 5.202394383250385, 'gd_bubble_scale': 0.44472698782384734, 'gd_line_scale': 2.216274349514385, 'gd_line_alpha': 0.8578417432105556, 'coalescence_d_scale': 0.46208134449677285, 'capture_scale': 6.655075379982505}. Best is trial 444 with value: 2.0614202321115003.
[I 2026-05-02 22:27:34,315] Trial 693 finished with value: 3.368097527841992 and parameters: {'f_n': 1.686090692822626e-06, 'K_d': 165482.2019397651, 'rho_d': 13360309056944.803, 'fission_rate': 6.145388293112282e+19, 'Dg_D1_scale': 0.30384136390207606, 'Dg_D3_scale': 2.940013916503249, 'Dv_D1_scale': 0.27310044778095816, 'Dv_D2_scale': 3.2411708810742583, 'b_bulk_scale': 0.19827410131518222, 'b_dislocation_scale': 0.09806987775363496, 'gb_scale': 5.658936534188302, 'gd_bubble_scale': 0.5014787180643241, 'gd_line_scale': 2.6818871317836606, 'gd_line_alpha': 0.8980465365076603, 'coalescence_d_scale': 0.35869503750115067, 'capture_scale': 3.397785177818012}. Best is trial 444 with value: 2.0614202321115003.
[I 2026-05-02 22:27:39,096] Trial 694 finished with value: 2.145497235448317 and parameters: {'f_n': 1.2556651546386003e-06, 'K_d': 148649.1641233446, 'rho_d': 39504729591883.45, 'fission_rate': 6.207197774968781e+19, 'Dg_D1_scale': 0.3097841203943952, 'Dg_D3_scale': 2.52663966095035, 'Dv_D1_scale': 0.2472374080161279, 'Dv_D2_scale': 3.5682939664745814, 'b_bulk_scale': 0.2262985939750532, 'b_dislocation_scale': 0.136959063855761, 'gb_scale': 4.1129123307494275, 'gd_bubble_scale': 0.36577716954818756, 'gd_line_scale': 3.6446909727565644, 'gd_line_alpha': 0.8459657318771421, 'coalescence_d_scale': 0.40892666317125503, 'capture_scale': 3.883899342317401}. Best is trial 444 with value: 2.0614202321115003.
[I 2026-05-02 22:27:44,069] Trial 695 finished with value: 2.2606269683092126 and parameters: {'f_n': 1.6950468163375766e-06, 'K_d': 176565.46834720715, 'rho_d': 37312287410105.53, 'fission_rate': 6.057570968463815e+19, 'Dg_D1_scale': 0.33963141725263696, 'Dg_D3_scale': 3.2424551542145763, 'Dv_D1_scale': 0.29980777909538847, 'Dv_D2_scale': 3.3842117460253682, 'b_bulk_scale': 0.19256342290759645, 'b_dislocation_scale': 0.1141137737431587, 'gb_scale': 4.732909648785579, 'gd_bubble_scale': 0.5061324983732177, 'gd_line_scale': 3.401460314837584, 'gd_line_alpha': 0.8238569873891592, 'coalescence_d_scale': 0.9115162600556569, 'capture_scale': 2.947224851166488}. Best is trial 444 with value: 2.0614202321115003.
[I 2026-05-02 22:27:50,588] Trial 696 finished with value: 2.701333087487689 and parameters: {'f_n': 8.442658793374966e-07, 'K_d': 157007.72580205122, 'rho_d': 41837486758089.8, 'fission_rate': 4.373101752413273e+19, 'Dg_D1_scale': 0.33726104749587554, 'Dg_D3_scale': 2.7737866212409035, 'Dv_D1_scale': 0.25791435230802867, 'Dv_D2_scale': 3.7311198958047203, 'b_bulk_scale': 0.2731801637398869, 'b_dislocation_scale': 0.1225473254087633, 'gb_scale': 5.684281890087638, 'gd_bubble_scale': 0.4686029287267001, 'gd_line_scale': 3.9796179839353836, 'gd_line_alpha': 0.8269113081730858, 'coalescence_d_scale': 0.509759342624074, 'capture_scale': 3.4688213338507845}. Best is trial 444 with value: 2.0614202321115003.Best trial: 444. Best value: 2.06142:  46%|████▋     | 696/1500 [50:10<1:08:25,  5.11s/it]Best trial: 444. Best value: 2.06142:  46%|████▋     | 696/1500 [50:10<1:08:25,  5.11s/it]Best trial: 444. Best value: 2.06142:  46%|████▋     | 697/1500 [50:10<1:14:03,  5.53s/it]                                                                                          Best trial: 444. Best value: 2.06142:  46%|████▋     | 697/1500 [50:15<1:14:03,  5.53s/it]Best trial: 697. Best value: 2.05191:  46%|████▋     | 697/1500 [50:15<1:14:03,  5.53s/it]Best trial: 697. Best value: 2.05191:  47%|████▋     | 698/1500 [50:15<1:11:44,  5.37s/it]                                                                                          Best trial: 697. Best value: 2.05191:  47%|████▋     | 698/1500 [50:20<1:11:44,  5.37s/it]Best trial: 697. Best value: 2.05191:  47%|████▋     | 698/1500 [50:20<1:11:44,  5.37s/it]Best trial: 697. Best value: 2.05191:  47%|████▋     | 699/1500 [50:20<1:09:30,  5.21s/it]                                                                                          Best trial: 697. Best value: 2.05191:  47%|████▋     | 699/1500 [50:25<1:09:30,  5.21s/it]Best trial: 697. Best value: 2.05191:  47%|████▋     | 699/1500 [50:25<1:09:30,  5.21s/it]Best trial: 697. Best value: 2.05191:  47%|████▋     | 700/1500 [50:25<1:07:26,  5.06s/it]                                                                                          Best trial: 697. Best value: 2.05191:  47%|████▋     | 700/1500 [50:30<1:07:26,  5.06s/it]Best trial: 697. Best value: 2.05191:  47%|████▋     | 700/1500 [50:31<1:07:26,  5.06s/it]Best trial: 697. Best value: 2.05191:  47%|████▋     | 701/1500 [50:31<1:10:29,  5.29s/it]                                                                                          Best trial: 697. Best value: 2.05191:  47%|████▋     | 701/1500 [50:35<1:10:29,  5.29s/it]Best trial: 697. Best value: 2.05191:  47%|████▋     | 701/1500 [50:35<1:10:29,  5.29s/it]Best trial: 697. Best value: 2.05191:  47%|████▋     | 702/1500 [50:35<1:08:01,  5.11s/it]                                                                                          Best trial: 697. Best value: 2.05191:  47%|████▋     | 702/1500 [50:41<1:08:01,  5.11s/it]Best trial: 697. Best value: 2.05191:  47%|████▋     | 702/1500 [50:41<1:08:01,  5.11s/it]Best trial: 697. Best value: 2.05191:  47%|████▋     | 703/1500 [50:41<1:12:18,  5.44s/it]                                                                                          Best trial: 697. Best value: 2.05191:  47%|████▋     | 703/1500 [50:47<1:12:18,  5.44s/it]Best trial: 697. Best value: 2.05191:  47%|████▋     | 703/1500 [50:47<1:12:18,  5.44s/it]Best trial: 697. Best value: 2.05191:  47%|████▋     | 704/1500 [50:47<1:13:50,  5.57s/it]                                                                                          Best trial: 697. Best value: 2.05191:  47%|████▋     | 704/1500 [50:50<1:13:50,  5.57s/it]Best trial: 697. Best value: 2.05191:  47%|████▋     | 704/1500 [50:50<1:13:50,  5.57s/it]Best trial: 697. Best value: 2.05191:  47%|████▋     | 705/1500 [50:50<1:04:04,  4.84s/it]                                                                                          Best trial: 697. Best value: 2.05191:  47%|████▋     | 705/1500 [50:55<1:04:04,  4.84s/it]Best trial: 697. Best value: 2.05191:  47%|████▋     | 705/1500 [50:55<1:04:04,  4.84s/it]Best trial: 697. Best value: 2.05191:  47%|████▋     | 706/1500 [50:55<1:03:26,  4.79s/it]                                                                                          Best trial: 697. Best value: 2.05191:  47%|████▋     | 706/1500 [51:00<1:03:26,  4.79s/it]Best trial: 697. Best value: 2.05191:  47%|████▋     | 706/1500 [51:00<1:03:26,  4.79s/it]Best trial: 697. Best value: 2.05191:  47%|████▋     | 707/1500 [51:00<1:03:34,  4.81s/it]                                                                                          Best trial: 697. Best value: 2.05191:  47%|████▋     | 707/1500 [51:07<1:03:34,  4.81s/it]Best trial: 697. Best value: 2.05191:  47%|████▋     | 707/1500 [51:07<1:03:34,  4.81s/it]Best trial: 697. Best value: 2.05191:  47%|████▋     | 708/1500 [51:07<1:10:52,  5.37s/it]                                                                                          
[I 2026-05-02 22:27:55,518] Trial 697 finished with value: 2.0519059429914352 and parameters: {'f_n': 1.015414327463292e-06, 'K_d': 183056.54963311693, 'rho_d': 39139038364189.52, 'fission_rate': 6.1739815648749036e+19, 'Dg_D1_scale': 0.35854530621583125, 'Dg_D3_scale': 3.024876597049697, 'Dv_D1_scale': 0.245908706240144, 'Dv_D2_scale': 3.202285373730111, 'b_bulk_scale': 0.232192674151288, 'b_dislocation_scale': 0.13841799108042385, 'gb_scale': 5.641920044892923, 'gd_bubble_scale': 0.41924204551122224, 'gd_line_scale': 3.1243162358700935, 'gd_line_alpha': 0.8661904972605983, 'coalescence_d_scale': 0.3556565848617284, 'capture_scale': 4.501608140066708}. Best is trial 697 with value: 2.0519059429914352.
[I 2026-05-02 22:28:00,407] Trial 698 finished with value: 2.251549128367161 and parameters: {'f_n': 6.826959126465941e-07, 'K_d': 182226.98999357322, 'rho_d': 44767645014195.79, 'fission_rate': 6.184157901182835e+19, 'Dg_D1_scale': 0.41468843118954707, 'Dg_D3_scale': 3.2470979667166273, 'Dv_D1_scale': 0.28583233575349976, 'Dv_D2_scale': 3.1851670280880136, 'b_bulk_scale': 0.24899102095959477, 'b_dislocation_scale': 0.14311066809383743, 'gb_scale': 5.476151820052349, 'gd_bubble_scale': 0.4143151280723814, 'gd_line_scale': 1.8607553182589662, 'gd_line_alpha': 0.9088867798632063, 'coalescence_d_scale': 0.7818459707370276, 'capture_scale': 4.494229594132761}. Best is trial 697 with value: 2.0519059429914352.
[I 2026-05-02 22:28:05,122] Trial 699 finished with value: 3.3327359677260686 and parameters: {'f_n': 9.758026549736366e-07, 'K_d': 182174.341433266, 'rho_d': 42207377821740.7, 'fission_rate': 4.538205083140096e+19, 'Dg_D1_scale': 0.3714013806438314, 'Dg_D3_scale': 3.0423219221860425, 'Dv_D1_scale': 0.2658012469110144, 'Dv_D2_scale': 3.16549097457199, 'b_bulk_scale': 0.23478021470267937, 'b_dislocation_scale': 0.10271828986418176, 'gb_scale': 5.7088764302569865, 'gd_bubble_scale': 0.353363177134929, 'gd_line_scale': 2.6828513422900206, 'gd_line_alpha': 0.8712543704003884, 'coalescence_d_scale': 2.4530591215465813, 'capture_scale': 3.069098493375214}. Best is trial 697 with value: 2.0519059429914352.
[I 2026-05-02 22:28:10,963] Trial 700 finished with value: 2.1820826796985084 and parameters: {'f_n': 8.541139609466486e-07, 'K_d': 183023.9218056459, 'rho_d': 39877954760894.68, 'fission_rate': 4.954451731095407e+19, 'Dg_D1_scale': 0.353389092932802, 'Dg_D3_scale': 3.2889158266616714, 'Dv_D1_scale': 0.25024181603204165, 'Dv_D2_scale': 3.1750144237406914, 'b_bulk_scale': 0.28766362671873463, 'b_dislocation_scale': 0.13650585393510786, 'gb_scale': 5.088552021041852, 'gd_bubble_scale': 0.398039762225591, 'gd_line_scale': 3.177443509936256, 'gd_line_alpha': 0.8691844011629152, 'coalescence_d_scale': 0.3429982820924957, 'capture_scale': 5.145761185200333}. Best is trial 697 with value: 2.0519059429914352.
[I 2026-05-02 22:28:15,662] Trial 701 finished with value: 2.1532605331168377 and parameters: {'f_n': 1.0679003885570422e-06, 'K_d': 185870.81121506236, 'rho_d': 47327873906541.69, 'fission_rate': 6.36240071557324e+19, 'Dg_D1_scale': 0.397374239611514, 'Dg_D3_scale': 2.8218401081439546, 'Dv_D1_scale': 0.27551478011706665, 'Dv_D2_scale': 3.3317391848839266, 'b_bulk_scale': 0.22214810662101533, 'b_dislocation_scale': 0.1125777332046465, 'gb_scale': 5.800633425993897, 'gd_bubble_scale': 0.42288478476540853, 'gd_line_scale': 2.8954969209933856, 'gd_line_alpha': 0.8900101874830668, 'coalescence_d_scale': 0.34438816552630586, 'capture_scale': 4.351435256761817}. Best is trial 697 with value: 2.0519059429914352.
