[I 2026-05-02 21:37:39,933] A new study created in RDB with name: UN_M7_capture_only
########################################################################################################################
V5 wrapper settings
family                 = capture_only
Dv fixed/range          = None / [0.2, 2.0]
pressure weight/free    = 0.7 / 2.0
partition/qgb weights   = 0.8 / 0.7
Rizk prior weight       = 0.2
radius guard weight     = 0.55
radius saturation weight= 0.75
Nd drop target weight    = 0.55
bulk plateau weight      = 0.55
highT pressure weight    = 0.45
Rd2000/Rratio guard      = 800.0 nm / 2.8
Rd1900/delta/slope guard = 700.0 nm / 350.0 nm / 0.75
output dir              = UN_M7_optuna_v7_results/capture_only/global_split_D2Xe_v1_NdBulkPressure
q_gb interpretation     = grain-boundary bubbles + fission gas release
capture law             = v6 Barani dR_d geometry; active for capture_only and M7_no_phi
nucleation mass coupling= depends on family switch in base module
########################################################################################################################
########################################################################################################################
OPTUNA CALIBRATION: capture_only
########################################################################################################################
Output dir        = UN_M7_optuna_v7_results/capture_only/global_split_D2Xe_v1_NdBulkPressure
Trials requested  = 1500
FAST dt/modes     = 12 h / 22
FINAL dt/modes    = 1 h / 40
Pressure weight   = 0.7; free factor = 2
D2 Xe             = included, with D2_xe_scale
Coalescence       = active, scale never zero
Family switches   = phi_gas:False, nuc_mass:False, capture:True
########################################################################################################################
  0%|          | 0/1500 [00:00<?, ?it/s]                                          0%|          | 0/1500 [00:06<?, ?it/s]Best trial: 0. Best value: 4.78661:   0%|          | 0/1500 [00:06<?, ?it/s]Best trial: 0. Best value: 4.78661:   0%|          | 1/1500 [00:06<2:32:41,  6.11s/it]                                                                                      Best trial: 0. Best value: 4.78661:   0%|          | 1/1500 [00:10<2:32:41,  6.11s/it]Best trial: 1. Best value: 2.67687:   0%|          | 1/1500 [00:10<2:32:41,  6.11s/it]Best trial: 1. Best value: 2.67687:   0%|          | 2/1500 [00:10<2:05:24,  5.02s/it]                                                                                      Best trial: 1. Best value: 2.67687:   0%|          | 2/1500 [00:15<2:05:24,  5.02s/it]Best trial: 1. Best value: 2.67687:   0%|          | 2/1500 [00:15<2:05:24,  5.02s/it]Best trial: 1. Best value: 2.67687:   0%|          | 3/1500 [00:15<2:08:54,  5.17s/it]                                                                                      Best trial: 1. Best value: 2.67687:   0%|          | 3/1500 [00:19<2:08:54,  5.17s/it]Best trial: 1. Best value: 2.67687:   0%|          | 3/1500 [00:19<2:08:54,  5.17s/it]Best trial: 1. Best value: 2.67687:   0%|          | 4/1500 [00:19<1:59:59,  4.81s/it]                                                                                      Best trial: 1. Best value: 2.67687:   0%|          | 4/1500 [00:22<1:59:59,  4.81s/it]Best trial: 1. Best value: 2.67687:   0%|          | 4/1500 [00:22<1:59:59,  4.81s/it]Best trial: 1. Best value: 2.67687:   0%|          | 5/1500 [00:22<1:37:30,  3.91s/it]                                                                                      Best trial: 1. Best value: 2.67687:   0%|          | 5/1500 [00:24<1:37:30,  3.91s/it]Best trial: 1. Best value: 2.67687:   0%|          | 5/1500 [00:24<1:37:30,  3.91s/it]Best trial: 1. Best value: 2.67687:   0%|          | 6/1500 [00:24<1:22:10,  3.30s/it]                                                                                      Best trial: 1. Best value: 2.67687:   0%|          | 6/1500 [00:28<1:22:10,  3.30s/it]Best trial: 1. Best value: 2.67687:   0%|          | 6/1500 [00:28<1:22:10,  3.30s/it]Best trial: 1. Best value: 2.67687:   0%|          | 7/1500 [00:28<1:27:34,  3.52s/it]                                                                                      Best trial: 1. Best value: 2.67687:   0%|          | 7/1500 [00:32<1:27:34,  3.52s/it]Best trial: 1. Best value: 2.67687:   0%|          | 7/1500 [00:32<1:27:34,  3.52s/it]Best trial: 1. Best value: 2.67687:   1%|          | 8/1500 [00:32<1:34:55,  3.82s/it]                                                                                      Best trial: 1. Best value: 2.67687:   1%|          | 8/1500 [00:37<1:34:55,  3.82s/it]Best trial: 1. Best value: 2.67687:   1%|          | 8/1500 [00:37<1:34:55,  3.82s/it]Best trial: 1. Best value: 2.67687:   1%|          | 9/1500 [00:37<1:40:37,  4.05s/it]                                                                                      Best trial: 1. Best value: 2.67687:   1%|          | 9/1500 [00:41<1:40:37,  4.05s/it]Best trial: 1. Best value: 2.67687:   1%|          | 9/1500 [00:41<1:40:37,  4.05s/it]Best trial: 1. Best value: 2.67687:   1%|          | 10/1500 [00:41<1:43:08,  4.15s/it]                                                                                       Best trial: 1. Best value: 2.67687:   1%|          | 10/1500 [00:46<1:43:08,  4.15s/it]Best trial: 1. Best value: 2.67687:   1%|          | 10/1500 [00:46<1:43:08,  4.15s/it]Best trial: 1. Best value: 2.67687:   1%|          | 11/1500 [00:46<1:49:39,  4.42s/it]                                                                                       Best trial: 1. Best value: 2.67687:   1%|          | 11/1500 [00:49<1:49:39,  4.42s/it]Best trial: 1. Best value: 2.67687:   1%|          | 11/1500 [00:49<1:49:39,  4.42s/it]Best trial: 1. Best value: 2.67687:   1%|          | 12/1500 [00:49<1:33:39,  3.78s/it]                                                                                       [I 2026-05-02 21:37:46,106] Trial 0 finished with value: 4.786608857074011 and parameters: {'f_n': 4.7e-08, 'K_d': 575000.0, 'rho_d': 30400000000000.0, 'fission_rate': 4.76e+19, 'Dg_D1_scale': 0.3329802473772669, 'Dg_D3_scale': 0.4212456121226378, 'Dv_D1_scale': 1.3860075672122432, 'Dv_D2_scale': 0.4195574595842848, 'b_bulk_scale': 3.2744411176850834, 'b_dislocation_scale': 3.3445543539697806, 'gb_scale': 1.588, 'gd_bubble_scale': 5.721294316814149, 'gd_line_scale': 0.6498365008091632, 'gd_line_alpha': 0.6073332014377677, 'coalescence_d_scale': 8.15, 'capture_scale': 2.97}. Best is trial 0 with value: 4.786608857074011.
[I 2026-05-02 21:37:50,384] Trial 1 finished with value: 2.6768709066745284 and parameters: {'f_n': 1e-08, 'K_d': 800000.0, 'rho_d': 10000000000000.0, 'fission_rate': 7.5e+19, 'Dg_D1_scale': 1.3526959987717777, 'Dg_D3_scale': 0.6123937302018526, 'Dv_D1_scale': 1.287469170581846, 'Dv_D2_scale': 2.144393801962407, 'b_bulk_scale': 0.1657580932855154, 'b_dislocation_scale': 0.21092967297232987, 'gb_scale': 1.0, 'gd_bubble_scale': 2.001909135828692, 'gd_line_scale': 1.969550372379789, 'gd_line_alpha': 0.17807471926057328, 'coalescence_d_scale': 1.0, 'capture_scale': 0.3}. Best is trial 1 with value: 2.6768709066745284.
[I 2026-05-02 21:37:55,725] Trial 2 finished with value: 5.1918096672595455 and parameters: {'f_n': 1e-06, 'K_d': 500000.0, 'rho_d': 30000000000000.0, 'fission_rate': 5e+19, 'Dg_D1_scale': 0.5018212055197574, 'Dg_D3_scale': 0.8136794783068726, 'Dv_D1_scale': 0.46306168763808897, 'Dv_D2_scale': 0.28589384510039034, 'b_bulk_scale': 0.22577892037716119, 'b_dislocation_scale': 3.211233234777608, 'gb_scale': 1.0, 'gd_bubble_scale': 0.10062824637477617, 'gd_line_scale': 0.19055689998099942, 'gd_line_alpha': 0.3568426350306202, 'coalescence_d_scale': 1.0, 'capture_scale': 1.0}. Best is trial 1 with value: 2.6768709066745284.
[I 2026-05-02 21:37:59,998] Trial 3 finished with value: 8.571857503811735 and parameters: {'f_n': 1.3333e-08, 'K_d': 714300.0, 'rho_d': 46135000000000.0, 'fission_rate': 4.9558e+19, 'Dg_D1_scale': 0.4067010234704066, 'Dg_D3_scale': 0.646352241990623, 'Dv_D1_scale': 0.46001675903649447, 'Dv_D2_scale': 0.24013259692570577, 'b_bulk_scale': 0.9462933519011738, 'b_dislocation_scale': 0.1042719964615854, 'gb_scale': 0.8994, 'gd_bubble_scale': 0.07587584905624378, 'gd_line_scale': 0.07874998559576922, 'gd_line_alpha': 0.19869373769052223, 'coalescence_d_scale': 10.99, 'capture_scale': 3.247}. Best is trial 1 with value: 2.6768709066745284.
[I 2026-05-02 21:38:02,319] Trial 4 finished with value: 6.417451630914322 and parameters: {'f_n': 2.5466e-07, 'K_d': 648460.0, 'rho_d': 35350000000000.0, 'fission_rate': 7.4799e+19, 'Dg_D1_scale': 0.18488095297329663, 'Dg_D3_scale': 0.9743336757220107, 'Dv_D1_scale': 1.1575082615192507, 'Dv_D2_scale': 0.7875722761635414, 'b_bulk_scale': 0.030216898743272696, 'b_dislocation_scale': 0.5181360827320619, 'gb_scale': 0.4625, 'gd_bubble_scale': 7.461144064771346, 'gd_line_scale': 0.3689855534180112, 'gd_line_alpha': 0.8827536902655941, 'coalescence_d_scale': 6.997, 'capture_scale': 0.1401}. Best is trial 1 with value: 2.6768709066745284.
[I 2026-05-02 21:38:04,427] Trial 5 finished with value: 5.265064705877526 and parameters: {'f_n': 1.9043e-07, 'K_d': 633680.0, 'rho_d': 48099000000000.0, 'fission_rate': 6.8347e+19, 'Dg_D1_scale': 0.3468268940997701, 'Dg_D3_scale': 1.7236262464910588, 'Dv_D1_scale': 0.26454513856848627, 'Dv_D2_scale': 0.5881030776792429, 'b_bulk_scale': 0.049219444358767635, 'b_dislocation_scale': 2.538784679598733, 'gb_scale': 0.3881, 'gd_bubble_scale': 1.1868036362388121, 'gd_line_scale': 0.24361319089059855, 'gd_line_alpha': 0.1860095014139691, 'coalescence_d_scale': 7.005, 'capture_scale': 0.0608}. Best is trial 1 with value: 2.6768709066745284.
[I 2026-05-02 21:38:08,400] Trial 6 finished with value: 11.953097942083044 and parameters: {'f_n': 1.3237e-08, 'K_d': 558920.0, 'rho_d': 24815000000000.0, 'fission_rate': 7.6621e+19, 'Dg_D1_scale': 1.4153725304233358, 'Dg_D3_scale': 1.8072491221716684, 'Dv_D1_scale': 0.859284517067492, 'Dv_D2_scale': 2.037859588487463, 'b_bulk_scale': 2.3143646991792846, 'b_dislocation_scale': 0.030410173570229314, 'gb_scale': 0.4151, 'gd_bubble_scale': 0.15100555216569878, 'gd_line_scale': 0.1119732589308511, 'gd_line_alpha': 0.23258187403948904, 'coalescence_d_scale': 9.772, 'capture_scale': 0.1557}. Best is trial 1 with value: 2.6768709066745284.
[I 2026-05-02 21:38:12,855] Trial 7 finished with value: 3.2994955586371777 and parameters: {'f_n': 2.940436e-07, 'K_d': 1033314.0, 'rho_d': 12059490000000.0, 'fission_rate': 6.730293e+19, 'Dg_D1_scale': 1.685835958479882, 'Dg_D3_scale': 1.627284408485191, 'Dv_D1_scale': 0.27595535729513415, 'Dv_D2_scale': 0.9937430139132136, 'b_bulk_scale': 0.72912673579156, 'b_dislocation_scale': 0.8113491737857238, 'gb_scale': 1.445601, 'gd_bubble_scale': 9.456108485209544, 'gd_line_scale': 3.4283895822165, 'gd_line_alpha': 0.004891912974389845, 'coalescence_d_scale': 3.880728, 'capture_scale': 0.024136}. Best is trial 1 with value: 2.6768709066745284.
[I 2026-05-02 21:38:17,409] Trial 8 finished with value: 6.000190429343447 and parameters: {'f_n': 5.96478e-07, 'K_d': 1198283.0, 'rho_d': 9976134000000.0, 'fission_rate': 6.685431e+19, 'Dg_D1_scale': 1.1542473922123755, 'Dg_D3_scale': 0.22902331675006551, 'Dv_D1_scale': 1.9629449037608253, 'Dv_D2_scale': 0.8097441378489185, 'b_bulk_scale': 2.5833330023163894, 'b_dislocation_scale': 0.3949707227339713, 'gb_scale': 1.009685, 'gd_bubble_scale': 0.16091137168855613, 'gd_line_scale': 2.008957281434857, 'gd_line_alpha': 0.3043035604592761, 'coalescence_d_scale': 2.916475, 'capture_scale': 0.027787}. Best is trial 1 with value: 2.6768709066745284.
[I 2026-05-02 21:38:21,798] Trial 9 finished with value: 5.201473524248029 and parameters: {'f_n': 7.392651e-07, 'K_d': 1166892.0, 'rho_d': 11803530000000.0, 'fission_rate': 6.574543e+19, 'Dg_D1_scale': 1.600293405386864, 'Dg_D3_scale': 0.24256050167217863, 'Dv_D1_scale': 2.427327640193883, 'Dv_D2_scale': 2.1994007171020344, 'b_bulk_scale': 2.1802820518850035, 'b_dislocation_scale': 0.3618007209519941, 'gb_scale': 1.30495, 'gd_bubble_scale': 0.128367275917675, 'gd_line_scale': 0.05792328593690536, 'gd_line_alpha': 0.2458474479325905, 'coalescence_d_scale': 2.726375, 'capture_scale': 0.023283}. Best is trial 1 with value: 2.6768709066745284.
[I 2026-05-02 21:38:26,820] Trial 10 finished with value: 6.052316196769816 and parameters: {'f_n': 4.767994198269267e-10, 'K_d': 260513.4513516357, 'rho_d': 5482086769353.188, 'fission_rate': 5.85634618025967e+19, 'Dg_D1_scale': 3.7364762434560634, 'Dg_D3_scale': 3.521828295509938, 'Dv_D1_scale': 3.927834678053962, 'Dv_D2_scale': 3.5292686502403194, 'b_bulk_scale': 0.12359114744047431, 'b_dislocation_scale': 0.12120800443427673, 'gb_scale': 7.367947470054402, 'gd_bubble_scale': 1.4017179064278267, 'gd_line_scale': 8.541452703736223, 'gd_line_alpha': 0.5913871231666201, 'coalescence_d_scale': 0.2642820769348001, 'capture_scale': 0.6116622412442675}. Best is trial 1 with value: 2.6768709066745284.
[I 2026-05-02 21:38:29,126] Trial 11 finished with value: 3.532446266439954 and parameters: {'f_n': 1.5069063620786278e-09, 'K_d': 1490552.8888895782, 'rho_d': 13752209246340.908, 'fission_rate': 7.872926219275664e+19, 'Dg_D1_scale': 2.9206271660769048, 'Dg_D3_scale': 1.5402165828796277, 'Dv_D1_scale': 0.20210382428389453, 'Dv_D2_scale': 1.4628680095502427, 'b_bulk_scale': 0.6065968451382886, 'b_dislocation_scale': 1.0542595391195408, 'gb_scale': 0.12328063102453032, 'gd_bubble_scale': 2.989375660658926, 'gd_line_scale': 2.6655253688853078, 'gd_line_alpha': 0.008580237200007283, 'coalescence_d_scale': 0.6366472234058586, 'capture_scale': 0.46034760577176864}. Best is trial 1 with value: 2.6768709066745284.
[I 2026-05-02 21:38:34,072] Trial 12 finished with value: 3.291738952104419 and parameters: {'f_n': 3.0958063964480513e-09, 'K_d': 109849.83241149037, 'rho_d': 6613342702755.991, 'fission_rate': 6.038576927808747e+19, 'Dg_D1_scale': 2.140210903894388, 'Dg_D3_scale': 3.761165109679351, 'Dv_D1_scale': 0.5581849223173405, 'Dv_D2_scale': 1.2033118873032442, 'b_bulk_scale': 0.2292189319083253, 'b_dislocation_scale': 0.1391394698483545, 'gb_scale': 3.152097327065549, 'gd_bubble_scale': 0.46661224374231397, 'gd_line_scale': 2.4383910964650175, 'gd_line_alpha': 0.024793986811155792, 'coalescence_d_scale': 0.1056097738976572, 'capture_scale': 0.01000504842761628}. Best is trial 1 with value: 2.6768709066745284.Best trial: 1. Best value: 2.67687:   1%|          | 12/1500 [00:54<1:33:39,  3.78s/it]Best trial: 1. Best value: 2.67687:   1%|          | 12/1500 [00:54<1:33:39,  3.78s/it]Best trial: 1. Best value: 2.67687:   1%|          | 13/1500 [00:54<1:42:22,  4.13s/it]                                                                                       Best trial: 1. Best value: 2.67687:   1%|          | 13/1500 [01:00<1:42:22,  4.13s/it]Best trial: 1. Best value: 2.67687:   1%|          | 13/1500 [01:00<1:42:22,  4.13s/it]Best trial: 1. Best value: 2.67687:   1%|          | 14/1500 [01:00<2:02:16,  4.94s/it]                                                                                       Best trial: 1. Best value: 2.67687:   1%|          | 14/1500 [01:05<2:02:16,  4.94s/it]Best trial: 1. Best value: 2.67687:   1%|          | 14/1500 [01:05<2:02:16,  4.94s/it]Best trial: 1. Best value: 2.67687:   1%|          | 15/1500 [01:05<2:03:33,  4.99s/it]                                                                                       Best trial: 1. Best value: 2.67687:   1%|          | 15/1500 [01:10<2:03:33,  4.99s/it]Best trial: 1. Best value: 2.67687:   1%|          | 15/1500 [01:10<2:03:33,  4.99s/it]Best trial: 1. Best value: 2.67687:   1%|          | 16/1500 [01:10<2:01:55,  4.93s/it]                                                                                       Best trial: 1. Best value: 2.67687:   1%|          | 16/1500 [01:14<2:01:55,  4.93s/it]Best trial: 16. Best value: 2.62934:   1%|          | 16/1500 [01:14<2:01:55,  4.93s/it]Best trial: 16. Best value: 2.62934:   1%|          | 17/1500 [01:14<1:56:01,  4.69s/it]                                                                                        Best trial: 16. Best value: 2.62934:   1%|          | 17/1500 [01:19<1:56:01,  4.69s/it]Best trial: 16. Best value: 2.62934:   1%|          | 17/1500 [01:19<1:56:01,  4.69s/it]Best trial: 16. Best value: 2.62934:   1%|          | 18/1500 [01:19<1:51:56,  4.53s/it]                                                                                        Best trial: 16. Best value: 2.62934:   1%|          | 18/1500 [01:21<1:51:56,  4.53s/it]Best trial: 16. Best value: 2.62934:   1%|          | 18/1500 [01:21<1:51:56,  4.53s/it]Best trial: 16. Best value: 2.62934:   1%|▏         | 19/1500 [01:21<1:35:09,  3.85s/it]                                                                                        Best trial: 16. Best value: 2.62934:   1%|▏         | 19/1500 [01:25<1:35:09,  3.85s/it]Best trial: 16. Best value: 2.62934:   1%|▏         | 19/1500 [01:25<1:35:09,  3.85s/it]Best trial: 16. Best value: 2.62934:   1%|▏         | 20/1500 [01:25<1:37:41,  3.96s/it]                                                                                        Best trial: 16. Best value: 2.62934:   1%|▏         | 20/1500 [01:29<1:37:41,  3.96s/it]Best trial: 16. Best value: 2.62934:   1%|▏         | 20/1500 [01:29<1:37:41,  3.96s/it]Best trial: 16. Best value: 2.62934:   1%|▏         | 21/1500 [01:29<1:39:27,  4.03s/it]                                                                                        Best trial: 16. Best value: 2.62934:   1%|▏         | 21/1500 [01:35<1:39:27,  4.03s/it]Best trial: 16. Best value: 2.62934:   1%|▏         | 21/1500 [01:35<1:39:27,  4.03s/it]Best trial: 16. Best value: 2.62934:   1%|▏         | 22/1500 [01:35<1:49:48,  4.46s/it]                                                                                        Best trial: 16. Best value: 2.62934:   1%|▏         | 22/1500 [01:39<1:49:48,  4.46s/it]Best trial: 16. Best value: 2.62934:   1%|▏         | 22/1500 [01:39<1:49:48,  4.46s/it]Best trial: 16. Best value: 2.62934:   2%|▏         | 23/1500 [01:39<1:51:44,  4.54s/it]                                                                                        Best trial: 16. Best value: 2.62934:   2%|▏         | 23/1500 [01:44<1:51:44,  4.54s/it]Best trial: 16. Best value: 2.62934:   2%|▏         | 23/1500 [01:44<1:51:44,  4.54s/it]Best trial: 16. Best value: 2.62934:   2%|▏         | 24/1500 [01:44<1:50:01,  4.47s/it]                                                                                        
[I 2026-05-02 21:38:40,871] Trial 13 finished with value: 3.792325245988863 and parameters: {'f_n': 2.2843733886400717e-09, 'K_d': 131259.97308664836, 'rho_d': 5635792392393.8545, 'fission_rate': 4.088231993958303e+19, 'Dg_D1_scale': 0.8680148355531112, 'Dg_D3_scale': 3.9844236141905767, 'Dv_D1_scale': 0.6975465789676176, 'Dv_D2_scale': 3.2375381721346397, 'b_bulk_scale': 0.12366667342194955, 'b_dislocation_scale': 0.13746527529691446, 'gb_scale': 4.6216652523733694, 'gd_bubble_scale': 0.43799732526110585, 'gd_line_scale': 1.2058049679416165, 'gd_line_alpha': 0.441298942818108, 'coalescence_d_scale': 0.19077458372713776, 'capture_scale': 0.010561295343835991}. Best is trial 1 with value: 2.6768709066745284.
[I 2026-05-02 21:38:45,991] Trial 14 finished with value: 5.04568047032352 and parameters: {'f_n': 2.0279268466438697e-10, 'K_d': 100699.4970499496, 'rho_d': 7099478805281.874, 'fission_rate': 5.816962651106858e+19, 'Dg_D1_scale': 2.400911334234645, 'Dg_D3_scale': 0.4396621731424865, 'Dv_D1_scale': 0.5690202807467136, 'Dv_D2_scale': 1.5581169897286482, 'b_bulk_scale': 0.2515281830277384, 'b_dislocation_scale': 0.05546330546212056, 'gb_scale': 3.098698712489337, 'gd_bubble_scale': 0.42444893249412885, 'gd_line_scale': 7.24750974995078, 'gd_line_alpha': 0.0837111433448347, 'coalescence_d_scale': 0.40364289933438824, 'capture_scale': 0.1660691201077988}. Best is trial 1 with value: 2.6768709066745284.
[I 2026-05-02 21:38:50,775] Trial 15 finished with value: 4.286870780439227 and parameters: {'f_n': 3.777775881849822e-09, 'K_d': 255295.9370853802, 'rho_d': 15878418653299.398, 'fission_rate': 6.186966966829333e+19, 'Dg_D1_scale': 0.7075099119777857, 'Dg_D3_scale': 0.4428919602172266, 'Dv_D1_scale': 1.2124738387342269, 'Dv_D2_scale': 1.2066237088704244, 'b_bulk_scale': 0.09461263328888406, 'b_dislocation_scale': 0.19927828825243668, 'gb_scale': 0.18233391050436035, 'gd_bubble_scale': 2.137413727012609, 'gd_line_scale': 1.0353403261078657, 'gd_line_alpha': 0.7866799703551552, 'coalescence_d_scale': 1.3242219693101607, 'capture_scale': 1.062811823398533}. Best is trial 1 with value: 2.6768709066745284.
[I 2026-05-02 21:38:54,916] Trial 16 finished with value: 2.6293409308463893 and parameters: {'f_n': 3.289093906744066e-08, 'K_d': 224953.67400636227, 'rho_d': 8181620984078.079, 'fission_rate': 7.372478318833673e+19, 'Dg_D1_scale': 2.15979121348166, 'Dg_D3_scale': 0.16015278250292492, 'Dv_D1_scale': 0.8221121744091854, 'Dv_D2_scale': 2.2013600895681544, 'b_bulk_scale': 0.4035725335956042, 'b_dislocation_scale': 0.2091620001523426, 'gb_scale': 2.8669755539948665, 'gd_bubble_scale': 0.6729874762228524, 'gd_line_scale': 4.49681788092847, 'gd_line_alpha': 0.1052437471369671, 'coalescence_d_scale': 0.10921334120366967, 'capture_scale': 6.759644049547284}. Best is trial 16 with value: 2.6293409308463893.
