[I 2026-05-02 23:33:46,676] Trial 1386 finished with value: 4.73526516824228 and parameters: {'f_n': 5.492207224022378e-07, 'K_d': 139223.95843549614, 'rho_d': 75817008448080.66, 'fission_rate': 4.940896105254935e+19, 'Dg_D1_scale': 0.22918668170476594, 'Dg_D3_scale': 1.4862544586268052, 'Dv_D1_scale': 0.3547272870714546, 'Dv_D2_scale': 3.592035686320377, 'b_bulk_scale': 0.32996783731144175, 'b_dislocation_scale': 0.06593598729688924, 'gb_scale': 0.07180608946090099, 'gd_bubble_scale': 0.18315847574933847, 'gd_line_scale': 0.534365772898706, 'gd_line_alpha': 0.6471800360254436, 'coalescence_d_scale': 0.4719403722974102, 'capture_scale': 0.08789216856388003}. Best is trial 1282 with value: 2.0082570421242427.
[I 2026-05-02 23:33:52,246] Trial 1387 finished with value: 2.077487059260557 and parameters: {'f_n': 1.5446646685956218e-07, 'K_d': 126591.76739425623, 'rho_d': 67842067867985.44, 'fission_rate': 5.341594029881127e+19, 'Dg_D1_scale': 0.2037325464370745, 'Dg_D3_scale': 2.673615974279326, 'Dv_D1_scale': 0.32962604179523747, 'Dv_D2_scale': 3.1944500934095728, 'b_bulk_scale': 0.38348701026229937, 'b_dislocation_scale': 0.0912197568984976, 'gb_scale': 2.0858038523905327, 'gd_bubble_scale': 0.11734766765857242, 'gd_line_scale': 0.4408783395788254, 'gd_line_alpha': 0.6616671084029497, 'coalescence_d_scale': 0.5573167404284022, 'capture_scale': 0.06483938129844438}. Best is trial 1282 with value: 2.0082570421242427.
[I 2026-05-02 23:33:56,664] Trial 1388 finished with value: 2.3802099886703303 and parameters: {'f_n': 7.297591194178981e-07, 'K_d': 137134.86049143958, 'rho_d': 75263066019953.92, 'fission_rate': 4.903361757737523e+19, 'Dg_D1_scale': 0.25998843258170384, 'Dg_D3_scale': 2.390538086806789, 'Dv_D1_scale': 0.3090308420184924, 'Dv_D2_scale': 3.3719558801221883, 'b_bulk_scale': 0.29177345500515905, 'b_dislocation_scale': 0.052256609669267075, 'gb_scale': 2.5113924199183546, 'gd_bubble_scale': 0.08756759634928855, 'gd_line_scale': 0.6010773833368789, 'gd_line_alpha': 0.713032265408819, 'coalescence_d_scale': 0.7206205534516451, 'capture_scale': 0.09937624730746639}. Best is trial 1282 with value: 2.0082570421242427.
[I 2026-05-02 23:34:02,619] Trial 1389 finished with value: 2.991385113331035 and parameters: {'f_n': 9.011201082383366e-07, 'K_d': 126567.48175984167, 'rho_d': 69722689866779.664, 'fission_rate': 5.002850466983308e+19, 'Dg_D1_scale': 0.28226699228642366, 'Dg_D3_scale': 2.5118778723192863, 'Dv_D1_scale': 0.36467503270106505, 'Dv_D2_scale': 3.599453643540796, 'b_bulk_scale': 2.1281418328844395, 'b_dislocation_scale': 0.07294302407510378, 'gb_scale': 2.7905853631474113, 'gd_bubble_scale': 0.13340660143599167, 'gd_line_scale': 0.4778761921145573, 'gd_line_alpha': 0.6795933646035315, 'coalescence_d_scale': 0.4702076324141031, 'capture_scale': 0.09562539073026416}. Best is trial 1282 with value: 2.0082570421242427.
[I 2026-05-02 23:34:08,385] Trial 1390 finished with value: 3.2197484357822415 and parameters: {'f_n': 2.9151803544187446e-08, 'K_d': 150729.12806767918, 'rho_d': 72578109372611.44, 'fission_rate': 5.148720636671607e+19, 'Dg_D1_scale': 0.28660665944441943, 'Dg_D3_scale': 1.6069678660501905, 'Dv_D1_scale': 0.3420070831482271, 'Dv_D2_scale': 3.5918445984520755, 'b_bulk_scale': 0.36459587472190924, 'b_dislocation_scale': 0.08272807763426941, 'gb_scale': 1.9424594945755485, 'gd_bubble_scale': 0.15204378839553986, 'gd_line_scale': 0.5297905205783143, 'gd_line_alpha': 0.6031922489844024, 'coalescence_d_scale': 0.5348254932760587, 'capture_scale': 0.05961871732931883}. Best is trial 1282 with value: 2.0082570421242427.
[I 2026-05-02 23:34:14,477] Trial 1391 finished with value: 2.7216665695167856 and parameters: {'f_n': 2.1443989084502532e-07, 'K_d': 124458.73709121505, 'rho_d': 69702747303201.91, 'fission_rate': 4.880312434539962e+19, 'Dg_D1_scale': 0.26743215394173425, 'Dg_D3_scale': 2.0955898921065104, 'Dv_D1_scale': 0.39724994335881175, 'Dv_D2_scale': 3.390387694321315, 'b_bulk_scale': 0.42871067183988365, 'b_dislocation_scale': 0.0405259428826455, 'gb_scale': 2.4629712694229933, 'gd_bubble_scale': 0.10979008743416432, 'gd_line_scale': 0.4031947395037957, 'gd_line_alpha': 0.5872612900931004, 'coalescence_d_scale': 0.5998875915476174, 'capture_scale': 0.07472097035947087}. Best is trial 1282 with value: 2.0082570421242427.
[I 2026-05-02 23:34:20,329] Trial 1392 finished with value: 2.0363716888749206 and parameters: {'f_n': 1.3754797745679683e-07, 'K_d': 132196.11646390415, 'rho_d': 66997198439808.35, 'fission_rate': 5.0502740337812414e+19, 'Dg_D1_scale': 0.25015917406208277, 'Dg_D3_scale': 1.9047353696769567, 'Dv_D1_scale': 0.29169043595461064, 'Dv_D2_scale': 3.641221994842655, 'b_bulk_scale': 0.27298335992020906, 'b_dislocation_scale': 0.06766570654210385, 'gb_scale': 2.8004707732052148, 'gd_bubble_scale': 1.03364529546221, 'gd_line_scale': 0.3617244137356712, 'gd_line_alpha': 0.6168977375473236, 'coalescence_d_scale': 0.476778964225229, 'capture_scale': 0.04300651577748282}. Best is trial 1282 with value: 2.0082570421242427.Best trial: 1282. Best value: 2.00826:  93%|█████████▎| 1392/1500 [1:56:40<10:20,  5.75s/it]Best trial: 1282. Best value: 2.00826:  93%|█████████▎| 1392/1500 [1:56:40<10:20,  5.75s/it]Best trial: 1282. Best value: 2.00826:  93%|█████████▎| 1393/1500 [1:56:40<10:18,  5.78s/it]                                                                                            Best trial: 1282. Best value: 2.00826:  93%|█████████▎| 1393/1500 [1:56:44<10:18,  5.78s/it]Best trial: 1282. Best value: 2.00826:  93%|█████████▎| 1393/1500 [1:56:44<10:18,  5.78s/it]Best trial: 1282. Best value: 2.00826:  93%|█████████▎| 1394/1500 [1:56:44<09:26,  5.34s/it]                                                                                            Best trial: 1282. Best value: 2.00826:  93%|█████████▎| 1394/1500 [1:56:50<09:26,  5.34s/it]Best trial: 1282. Best value: 2.00826:  93%|█████████▎| 1394/1500 [1:56:50<09:26,  5.34s/it]Best trial: 1282. Best value: 2.00826:  93%|█████████▎| 1395/1500 [1:56:50<09:43,  5.56s/it]                                                                                            Best trial: 1282. Best value: 2.00826:  93%|█████████▎| 1395/1500 [1:56:56<09:43,  5.56s/it]Best trial: 1282. Best value: 2.00826:  93%|█████████▎| 1395/1500 [1:56:56<09:43,  5.56s/it]Best trial: 1282. Best value: 2.00826:  93%|█████████▎| 1396/1500 [1:56:56<09:50,  5.68s/it]                                                                                            Best trial: 1282. Best value: 2.00826:  93%|█████████▎| 1396/1500 [1:57:02<09:50,  5.68s/it]Best trial: 1282. Best value: 2.00826:  93%|█████████▎| 1396/1500 [1:57:02<09:50,  5.68s/it]Best trial: 1282. Best value: 2.00826:  93%|█████████▎| 1397/1500 [1:57:02<09:57,  5.80s/it]                                                                                            Best trial: 1282. Best value: 2.00826:  93%|█████████▎| 1397/1500 [1:57:08<09:57,  5.80s/it]Best trial: 1282. Best value: 2.00826:  93%|█████████▎| 1397/1500 [1:57:08<09:57,  5.80s/it]Best trial: 1282. Best value: 2.00826:  93%|█████████▎| 1398/1500 [1:57:08<09:56,  5.84s/it]                                                                                            Best trial: 1282. Best value: 2.00826:  93%|█████████▎| 1398/1500 [1:57:12<09:56,  5.84s/it]Best trial: 1282. Best value: 2.00826:  93%|█████████▎| 1398/1500 [1:57:12<09:56,  5.84s/it]Best trial: 1282. Best value: 2.00826:  93%|█████████▎| 1399/1500 [1:57:12<08:58,  5.33s/it]                                                                                            Best trial: 1282. Best value: 2.00826:  93%|█████████▎| 1399/1500 [1:57:18<08:58,  5.33s/it]Best trial: 1282. Best value: 2.00826:  93%|█████████▎| 1399/1500 [1:57:19<08:58,  5.33s/it]Best trial: 1282. Best value: 2.00826:  93%|█████████▎| 1400/1500 [1:57:19<09:15,  5.55s/it]                                                                                            Best trial: 1282. Best value: 2.00826:  93%|█████████▎| 1400/1500 [1:57:24<09:15,  5.55s/it]Best trial: 1282. Best value: 2.00826:  93%|█████████▎| 1400/1500 [1:57:24<09:15,  5.55s/it]Best trial: 1282. Best value: 2.00826:  93%|█████████▎| 1401/1500 [1:57:24<09:20,  5.66s/it]                                                                                            Best trial: 1282. Best value: 2.00826:  93%|█████████▎| 1401/1500 [1:57:30<09:20,  5.66s/it]Best trial: 1282. Best value: 2.00826:  93%|█████████▎| 1401/1500 [1:57:30<09:20,  5.66s/it]Best trial: 1282. Best value: 2.00826:  93%|█████████▎| 1402/1500 [1:57:30<09:23,  5.75s/it]                                                                                            Best trial: 1282. Best value: 2.00826:  93%|█████████▎| 1402/1500 [1:57:36<09:23,  5.75s/it]Best trial: 1282. Best value: 2.00826:  93%|█████████▎| 1402/1500 [1:57:36<09:23,  5.75s/it]Best trial: 1282. Best value: 2.00826:  94%|█████████▎| 1403/1500 [1:57:36<09:26,  5.84s/it]                                                                                            Best trial: 1282. Best value: 2.00826:  94%|█████████▎| 1403/1500 [1:57:42<09:26,  5.84s/it]Best trial: 1282. Best value: 2.00826:  94%|█████████▎| 1403/1500 [1:57:43<09:26,  5.84s/it]Best trial: 1282. Best value: 2.00826:  94%|█████████▎| 1404/1500 [1:57:43<09:30,  5.94s/it]                                                                                            
[I 2026-05-02 23:34:24,646] Trial 1393 finished with value: 2.1516279881252536 and parameters: {'f_n': 6.159231051330611e-07, 'K_d': 142993.05706002473, 'rho_d': 68288122303763.76, 'fission_rate': 4.942403551494645e+19, 'Dg_D1_scale': 0.23236073034157895, 'Dg_D3_scale': 2.334595558303984, 'Dv_D1_scale': 0.32109347929197435, 'Dv_D2_scale': 3.662211476524834, 'b_bulk_scale': 0.44128340469879995, 'b_dislocation_scale': 0.09193635379802145, 'gb_scale': 4.628616635217506, 'gd_bubble_scale': 0.172636307185122, 'gd_line_scale': 0.623300445959218, 'gd_line_alpha': 0.6337624037313107, 'coalescence_d_scale': 0.5197737285396735, 'capture_scale': 0.08013575353772474}. Best is trial 1282 with value: 2.0082570421242427.
[I 2026-05-02 23:34:30,712] Trial 1394 finished with value: 2.8090548606140002 and parameters: {'f_n': 1.2599617572841542e-07, 'K_d': 446904.3511695456, 'rho_d': 79747416661835.11, 'fission_rate': 4.851335815364791e+19, 'Dg_D1_scale': 0.25407447865950045, 'Dg_D3_scale': 1.82479271444206, 'Dv_D1_scale': 0.3751844154152593, 'Dv_D2_scale': 3.1848393491663285, 'b_bulk_scale': 0.3111398314168206, 'b_dislocation_scale': 0.058927690263624856, 'gb_scale': 2.223260105094897, 'gd_bubble_scale': 0.19497879833268045, 'gd_line_scale': 0.471358222772673, 'gd_line_alpha': 0.6903011355168851, 'coalescence_d_scale': 0.678346131125712, 'capture_scale': 0.09717907312910484}. Best is trial 1282 with value: 2.0082570421242427.
[I 2026-05-02 23:34:36,679] Trial 1395 finished with value: 2.3068127675260954 and parameters: {'f_n': 4.951480481962881e-07, 'K_d': 136434.91671111455, 'rho_d': 72497037027749.55, 'fission_rate': 4.9747109231721595e+19, 'Dg_D1_scale': 0.2215356390789023, 'Dg_D3_scale': 2.673150846045771, 'Dv_D1_scale': 0.34564440333013385, 'Dv_D2_scale': 3.571331343287334, 'b_bulk_scale': 0.3582768396939553, 'b_dislocation_scale': 0.07635822441369974, 'gb_scale': 1.6928848038164537, 'gd_bubble_scale': 0.13708851994363105, 'gd_line_scale': 0.540234791493104, 'gd_line_alpha': 0.6039570354736894, 'coalescence_d_scale': 0.4411595954700057, 'capture_scale': 0.05052061881320083}. Best is trial 1282 with value: 2.0082570421242427.
[I 2026-05-02 23:34:42,751] Trial 1396 finished with value: 2.380561721086185 and parameters: {'f_n': 8.773355799636831e-07, 'K_d': 123803.29065025518, 'rho_d': 65775144984707.64, 'fission_rate': 4.880068131067919e+19, 'Dg_D1_scale': 0.27159549796469745, 'Dg_D3_scale': 2.0505908773724717, 'Dv_D1_scale': 0.31877082987259564, 'Dv_D2_scale': 3.355935514729483, 'b_bulk_scale': 0.4019963817909048, 'b_dislocation_scale': 0.08477648009333474, 'gb_scale': 2.615558495995477, 'gd_bubble_scale': 0.12423864958318936, 'gd_line_scale': 0.4238703005323461, 'gd_line_alpha': 0.583623631223301, 'coalescence_d_scale': 0.45973622064401215, 'capture_scale': 0.0871516773063003}. Best is trial 1282 with value: 2.0082570421242427.
[I 2026-05-02 23:34:48,706] Trial 1397 finished with value: 2.7531701001239575 and parameters: {'f_n': 9.1062826514546e-08, 'K_d': 128487.72177764738, 'rho_d': 75868689488576.23, 'fission_rate': 5.099995151408315e+19, 'Dg_D1_scale': 0.3005852935143322, 'Dg_D3_scale': 1.6934919696383164, 'Dv_D1_scale': 0.2965393351627732, 'Dv_D2_scale': 3.6328091146967205, 'b_bulk_scale': 0.4809970305230393, 'b_dislocation_scale': 0.06908236764144733, 'gb_scale': 2.9598762836733297, 'gd_bubble_scale': 0.09455984024511768, 'gd_line_scale': 0.5146034004967799, 'gd_line_alpha': 0.6628951001143191, 'coalescence_d_scale': 0.5176672862518013, 'capture_scale': 0.06922610692627147}. Best is trial 1282 with value: 2.0082570421242427.
[I 2026-05-02 23:34:52,830] Trial 1398 finished with value: 2.575719527628756 and parameters: {'f_n': 5.46130421782182e-07, 'K_d': 121367.14390698512, 'rho_d': 65487749251600.164, 'fission_rate': 5.219011120903981e+19, 'Dg_D1_scale': 0.7945485583431748, 'Dg_D3_scale': 2.267283813888894, 'Dv_D1_scale': 0.3573213080221027, 'Dv_D2_scale': 3.775053678980431, 'b_bulk_scale': 0.4345473677505035, 'b_dislocation_scale': 0.06264136794552115, 'gb_scale': 2.372665493255376, 'gd_bubble_scale': 0.11736055571143267, 'gd_line_scale': 0.5976561847275379, 'gd_line_alpha': 0.6243369641802872, 'coalescence_d_scale': 0.5801082279284158, 'capture_scale': 0.10238580778398824}. Best is trial 1282 with value: 2.0082570421242427.
[I 2026-05-02 23:34:58,904] Trial 1399 finished with value: 2.0208889842287654 and parameters: {'f_n': 2.5047388555992007e-07, 'K_d': 141530.0684390368, 'rho_d': 69583884125297.234, 'fission_rate': 4.838770123565942e+19, 'Dg_D1_scale': 0.24487194276974175, 'Dg_D3_scale': 2.5430823587182405, 'Dv_D1_scale': 0.41541450430932125, 'Dv_D2_scale': 3.486412068785816, 'b_bulk_scale': 0.32845034217971786, 'b_dislocation_scale': 0.07711850633725359, 'gb_scale': 2.7721142043251863, 'gd_bubble_scale': 0.1475132697017395, 'gd_line_scale': 0.463603057572565, 'gd_line_alpha': 0.6579300763584708, 'coalescence_d_scale': 0.4082964391869704, 'capture_scale': 0.08463125569134708}. Best is trial 1282 with value: 2.0082570421242427.
[I 2026-05-02 23:35:04,819] Trial 1400 finished with value: 2.044376638496991 and parameters: {'f_n': 2.6777660262481554e-07, 'K_d': 154639.1094107642, 'rho_d': 71833642742451.69, 'fission_rate': 5.0183634630789276e+19, 'Dg_D1_scale': 0.20319427446255767, 'Dg_D3_scale': 2.417496935025526, 'Dv_D1_scale': 0.41629714674784035, 'Dv_D2_scale': 3.1360792353054205, 'b_bulk_scale': 0.3199718203574909, 'b_dislocation_scale': 0.09529679917483784, 'gb_scale': 2.6767278302839848, 'gd_bubble_scale': 0.17094602283316615, 'gd_line_scale': 0.5497629110219677, 'gd_line_alpha': 0.6818705182564634, 'coalescence_d_scale': 0.3737990294859866, 'capture_scale': 0.06219283773405213}. Best is trial 1282 with value: 2.0082570421242427.
[I 2026-05-02 23:35:10,783] Trial 1401 finished with value: 2.104952501097962 and parameters: {'f_n': 2.614754899079291e-07, 'K_d': 148707.34875719235, 'rho_d': 79992773268184.6, 'fission_rate': 4.9580907763323855e+19, 'Dg_D1_scale': 0.24266221622046863, 'Dg_D3_scale': 2.1784571889242885, 'Dv_D1_scale': 0.40062744030293324, 'Dv_D2_scale': 3.1791378548825513, 'b_bulk_scale': 0.27542712003867426, 'b_dislocation_scale': 0.08346693217974427, 'gb_scale': 2.1091537436636063, 'gd_bubble_scale': 0.15791426022530347, 'gd_line_scale': 0.4804248798168638, 'gd_line_alpha': 0.7220223796353117, 'coalescence_d_scale': 0.3972006761759165, 'capture_scale': 0.0706035281649682}. Best is trial 1282 with value: 2.0082570421242427.
[I 2026-05-02 23:35:16,815] Trial 1402 finished with value: 2.5426823452015768 and parameters: {'f_n': 2.1450565451550686e-07, 'K_d': 139469.8281376569, 'rho_d': 72165328369049.27, 'fission_rate': 4.8938810513437975e+19, 'Dg_D1_scale': 0.21982818244273306, 'Dg_D3_scale': 2.0476398986846194, 'Dv_D1_scale': 0.41897335808493963, 'Dv_D2_scale': 0.4906119039923421, 'b_bulk_scale': 0.3000878814741701, 'b_dislocation_scale': 0.07889612251477299, 'gb_scale': 2.471332591403229, 'gd_bubble_scale': 0.1943303501059737, 'gd_line_scale': 0.6358253289203354, 'gd_line_alpha': 0.6626788788668042, 'coalescence_d_scale': 0.4107863704684375, 'capture_scale': 0.08050849511606607}. Best is trial 1282 with value: 2.0082570421242427.
[I 2026-05-02 23:35:23,003] Trial 1403 finished with value: 2.0663603611726447 and parameters: {'f_n': 3.601197251629226e-07, 'K_d': 156688.81861339984, 'rho_d': 69643550878793.734, 'fission_rate': 4.790389591381463e+19, 'Dg_D1_scale': 0.2453876000456834, 'Dg_D3_scale': 2.319148723653145, 'Dv_D1_scale': 0.39158832875924265, 'Dv_D2_scale': 3.297651416675711, 'b_bulk_scale': 0.3361196532868927, 'b_dislocation_scale': 0.09285308262826189, 'gb_scale': 2.778936711893217, 'gd_bubble_scale': 0.17451561334568852, 'gd_line_scale': 0.5330990726104345, 'gd_line_alpha': 0.6516551153827883, 'coalescence_d_scale': 0.3712234045461524, 'capture_scale': 0.056896325644686205}. Best is trial 1282 with value: 2.0082570421242427.
