[I 2026-05-02 22:13:08,816] Trial 504 finished with value: 2.107926989350321 and parameters: {'f_n': 1.521613146960841e-06, 'K_d': 212126.06439862523, 'rho_d': 37185722183788.31, 'fission_rate': 6.029104622648217e+19, 'Dg_D1_scale': 2.2829148847285112, 'Dg_D3_scale': 3.458291207222782, 'Dv_D1_scale': 0.25575233934287844, 'Dv_D2_scale': 3.1826401784827523, 'b_bulk_scale': 0.1921302993294832, 'b_dislocation_scale': 0.1869876278232799, 'gb_scale': 7.268208574268476, 'gd_bubble_scale': 0.6001125828287969, 'gd_line_scale': 5.4549512564658675, 'gd_line_alpha': 0.8098025441230858, 'coalescence_d_scale': 0.2803868788266117, 'capture_scale': 2.5180216202982586}. Best is trial 444 with value: 2.0614202321115003.Best trial: 444. Best value: 2.06142:  34%|███▎      | 504/1500 [35:28<1:12:12,  4.35s/it]Best trial: 444. Best value: 2.06142:  34%|███▎      | 504/1500 [35:28<1:12:12,  4.35s/it]Best trial: 444. Best value: 2.06142:  34%|███▎      | 505/1500 [35:28<1:14:50,  4.51s/it]                                                                                          Best trial: 444. Best value: 2.06142:  34%|███▎      | 505/1500 [35:32<1:14:50,  4.51s/it]Best trial: 444. Best value: 2.06142:  34%|███▎      | 505/1500 [35:32<1:14:50,  4.51s/it]Best trial: 444. Best value: 2.06142:  34%|███▎      | 506/1500 [35:32<1:08:37,  4.14s/it]                                                                                          Best trial: 444. Best value: 2.06142:  34%|███▎      | 506/1500 [35:37<1:08:37,  4.14s/it]Best trial: 444. Best value: 2.06142:  34%|███▎      | 506/1500 [35:37<1:08:37,  4.14s/it]Best trial: 444. Best value: 2.06142:  34%|███▍      | 507/1500 [35:37<1:12:39,  4.39s/it]                                                                                          Best trial: 444. Best value: 2.06142:  34%|███▍      | 507/1500 [35:42<1:12:39,  4.39s/it]Best trial: 444. Best value: 2.06142:  34%|███▍      | 507/1500 [35:42<1:12:39,  4.39s/it]Best trial: 444. Best value: 2.06142:  34%|███▍      | 508/1500 [35:42<1:15:47,  4.58s/it]                                                                                          Best trial: 444. Best value: 2.06142:  34%|███▍      | 508/1500 [35:47<1:15:47,  4.58s/it]Best trial: 444. Best value: 2.06142:  34%|███▍      | 508/1500 [35:47<1:15:47,  4.58s/it]Best trial: 444. Best value: 2.06142:  34%|███▍      | 509/1500 [35:47<1:18:40,  4.76s/it]                                                                                          Best trial: 444. Best value: 2.06142:  34%|███▍      | 509/1500 [35:52<1:18:40,  4.76s/it]Best trial: 444. Best value: 2.06142:  34%|███▍      | 509/1500 [35:52<1:18:40,  4.76s/it]Best trial: 444. Best value: 2.06142:  34%|███▍      | 510/1500 [35:52<1:19:06,  4.79s/it]                                                                                          Best trial: 444. Best value: 2.06142:  34%|███▍      | 510/1500 [35:56<1:19:06,  4.79s/it]Best trial: 444. Best value: 2.06142:  34%|███▍      | 510/1500 [35:57<1:19:06,  4.79s/it]Best trial: 444. Best value: 2.06142:  34%|███▍      | 511/1500 [35:57<1:19:32,  4.83s/it]                                                                                          Best trial: 444. Best value: 2.06142:  34%|███▍      | 511/1500 [36:01<1:19:32,  4.83s/it]Best trial: 444. Best value: 2.06142:  34%|███▍      | 511/1500 [36:01<1:19:32,  4.83s/it]Best trial: 444. Best value: 2.06142:  34%|███▍      | 512/1500 [36:01<1:19:06,  4.80s/it]                                                                                          Best trial: 444. Best value: 2.06142:  34%|███▍      | 512/1500 [36:04<1:19:06,  4.80s/it]Best trial: 444. Best value: 2.06142:  34%|███▍      | 512/1500 [36:05<1:19:06,  4.80s/it]Best trial: 444. Best value: 2.06142:  34%|███▍      | 513/1500 [36:05<1:11:06,  4.32s/it]                                                                                          Best trial: 444. Best value: 2.06142:  34%|███▍      | 513/1500 [36:09<1:11:06,  4.32s/it]Best trial: 444. Best value: 2.06142:  34%|███▍      | 513/1500 [36:09<1:11:06,  4.32s/it]Best trial: 444. Best value: 2.06142:  34%|███▍      | 514/1500 [36:09<1:12:42,  4.42s/it]                                                                                          Best trial: 444. Best value: 2.06142:  34%|███▍      | 514/1500 [36:14<1:12:42,  4.42s/it]Best trial: 444. Best value: 2.06142:  34%|███▍      | 514/1500 [36:14<1:12:42,  4.42s/it]Best trial: 444. Best value: 2.06142:  34%|███▍      | 515/1500 [36:14<1:14:08,  4.52s/it]                                                                                          Best trial: 444. Best value: 2.06142:  34%|███▍      | 515/1500 [36:19<1:14:08,  4.52s/it]Best trial: 444. Best value: 2.06142:  34%|███▍      | 515/1500 [36:19<1:14:08,  4.52s/it]Best trial: 444. Best value: 2.06142:  34%|███▍      | 516/1500 [36:19<1:14:48,  4.56s/it]                                                                                          
[I 2026-05-02 22:13:12,093] Trial 505 finished with value: 2.327437382947932 and parameters: {'f_n': 1.2759010025534733e-06, 'K_d': 197644.18099706565, 'rho_d': 38989092657913.52, 'fission_rate': 6.050589975101561e+19, 'Dg_D1_scale': 2.2390634609745725, 'Dg_D3_scale': 3.43950820550218, 'Dv_D1_scale': 0.26967396827321166, 'Dv_D2_scale': 3.292553389626144, 'b_bulk_scale': 0.21231878553742128, 'b_dislocation_scale': 0.14764703859960854, 'gb_scale': 7.39311181094531, 'gd_bubble_scale': 0.5993447613777053, 'gd_line_scale': 5.099001618084348, 'gd_line_alpha': 0.8601432507190472, 'coalescence_d_scale': 0.2921343002620701, 'capture_scale': 2.4652331478838305}. Best is trial 444 with value: 2.0614202321115003.
[I 2026-05-02 22:13:17,055] Trial 506 finished with value: 4.226904652812694 and parameters: {'f_n': 1.0756496934950699e-06, 'K_d': 208909.8739464275, 'rho_d': 37365989999388.5, 'fission_rate': 5.627011144553005e+19, 'Dg_D1_scale': 2.4980897240447066, 'Dg_D3_scale': 3.1282990385793883, 'Dv_D1_scale': 0.2596513296857488, 'Dv_D2_scale': 3.134200856001167, 'b_bulk_scale': 0.19230064517938722, 'b_dislocation_scale': 0.1623932644369117, 'gb_scale': 7.284624378803776, 'gd_bubble_scale': 0.7607259659605068, 'gd_line_scale': 0.38555626947988353, 'gd_line_alpha': 0.8169597620671394, 'coalescence_d_scale': 0.33591315529759347, 'capture_scale': 2.023054979195602}. Best is trial 444 with value: 2.0614202321115003.
[I 2026-05-02 22:13:22,101] Trial 507 finished with value: 2.448555367765811 and parameters: {'f_n': 1.543171372581797e-06, 'K_d': 225764.26088338858, 'rho_d': 42247232845883.12, 'fission_rate': 5.892133579722296e+19, 'Dg_D1_scale': 2.39931347641145, 'Dg_D3_scale': 3.7295157592695745, 'Dv_D1_scale': 0.27756810755700106, 'Dv_D2_scale': 2.4279065914006166, 'b_bulk_scale': 0.2204789453986513, 'b_dislocation_scale': 0.18396946714150364, 'gb_scale': 6.193956293735161, 'gd_bubble_scale': 0.6142911086453283, 'gd_line_scale': 5.557347752086202, 'gd_line_alpha': 0.8373192498298393, 'coalescence_d_scale': 0.3611387306472526, 'capture_scale': 1.6541838330969119}. Best is trial 444 with value: 2.0614202321115003.
[I 2026-05-02 22:13:27,282] Trial 508 finished with value: 2.2135999350515436 and parameters: {'f_n': 1.3973911553961753e-06, 'K_d': 198231.05831773925, 'rho_d': 33200586764788.62, 'fission_rate': 5.819940624071647e+19, 'Dg_D1_scale': 2.2183408557989153, 'Dg_D3_scale': 3.3292004129624857, 'Dv_D1_scale': 0.2504631608546568, 'Dv_D2_scale': 2.72572730509865, 'b_bulk_scale': 0.18786370107066844, 'b_dislocation_scale': 0.17407740965747093, 'gb_scale': 5.42516482943421, 'gd_bubble_scale': 0.688667222213944, 'gd_line_scale': 5.721459506136209, 'gd_line_alpha': 0.8012126346400288, 'coalescence_d_scale': 0.28855256753806907, 'capture_scale': 2.6424671923153737}. Best is trial 444 with value: 2.0614202321115003.
[I 2026-05-02 22:13:32,148] Trial 509 finished with value: 2.0802332898366003 and parameters: {'f_n': 1.64939699583227e-06, 'K_d': 218083.47971258848, 'rho_d': 39744401841119.38, 'fission_rate': 6.157204316446565e+19, 'Dg_D1_scale': 2.117623961276185, 'Dg_D3_scale': 3.5561913616728416, 'Dv_D1_scale': 0.24177117300593304, 'Dv_D2_scale': 3.269687816423953, 'b_bulk_scale': 0.17507441022232767, 'b_dislocation_scale': 0.18705979495288988, 'gb_scale': 6.686674829055727, 'gd_bubble_scale': 0.2101546201939681, 'gd_line_scale': 4.967267367750746, 'gd_line_alpha': 0.8217165349787459, 'coalescence_d_scale': 0.31750456398668864, 'capture_scale': 2.2073845769538147}. Best is trial 444 with value: 2.0614202321115003.
[I 2026-05-02 22:13:37,038] Trial 510 finished with value: 9.37145480883435 and parameters: {'f_n': 9.268491565813812e-07, 'K_d': 210394.1923889419, 'rho_d': 42783453581764.12, 'fission_rate': 6.013642016134201e+19, 'Dg_D1_scale': 2.283966393701402, 'Dg_D3_scale': 3.076401766071906, 'Dv_D1_scale': 0.24141659984981628, 'Dv_D2_scale': 3.327630758259191, 'b_bulk_scale': 0.1669836425524425, 'b_dislocation_scale': 0.15980476589253095, 'gb_scale': 6.588950923129117, 'gd_bubble_scale': 0.23487291866127416, 'gd_line_scale': 4.698680143453045, 'gd_line_alpha': 0.8124290700368508, 'coalescence_d_scale': 9.188904534519333, 'capture_scale': 1.4357549148508304}. Best is trial 444 with value: 2.0614202321115003.
[I 2026-05-02 22:13:41,799] Trial 511 finished with value: 5.833360003674892 and parameters: {'f_n': 2.123430578247632e-09, 'K_d': 223506.9210179423, 'rho_d': 43560124776266.33, 'fission_rate': 6.280338318838924e+19, 'Dg_D1_scale': 2.184459001255336, 'Dg_D3_scale': 3.4930645796788364, 'Dv_D1_scale': 0.2336667169294878, 'Dv_D2_scale': 3.3614565082486583, 'b_bulk_scale': 0.20245012535766904, 'b_dislocation_scale': 0.1882881273005526, 'gb_scale': 5.6708429397437214, 'gd_bubble_scale': 0.20781684045923948, 'gd_line_scale': 5.096971570961752, 'gd_line_alpha': 0.7907980206026869, 'coalescence_d_scale': 3.3441206108416144, 'capture_scale': 1.8594908816658744}. Best is trial 444 with value: 2.0614202321115003.
[I 2026-05-02 22:13:44,996] Trial 512 finished with value: 2.253079740353952 and parameters: {'f_n': 1.180856359334007e-06, 'K_d': 372474.2912376145, 'rho_d': 39156506538311.36, 'fission_rate': 6.150553221748815e+19, 'Dg_D1_scale': 2.3709932956050457, 'Dg_D3_scale': 3.1802038632226717, 'Dv_D1_scale': 0.24448683596008036, 'Dv_D2_scale': 3.153183809175953, 'b_bulk_scale': 0.2380405647718448, 'b_dislocation_scale': 0.17062414916133484, 'gb_scale': 7.9967081821086055, 'gd_bubble_scale': 0.29612495797985317, 'gd_line_scale': 5.509614436867787, 'gd_line_alpha': 0.8216015864138105, 'coalescence_d_scale': 0.3868699493006137, 'capture_scale': 0.30696088987574127}. Best is trial 444 with value: 2.0614202321115003.
[I 2026-05-02 22:13:49,660] Trial 513 finished with value: 3.9507995421269104 and parameters: {'f_n': 1.5276874371364105e-06, 'K_d': 201088.0644413921, 'rho_d': 5112032333616.312, 'fission_rate': 6.113491137891562e+19, 'Dg_D1_scale': 2.071231183364964, 'Dg_D3_scale': 2.9013759990359063, 'Dv_D1_scale': 0.21133289260021026, 'Dv_D2_scale': 3.1051922831543273, 'b_bulk_scale': 0.1752913970317479, 'b_dislocation_scale': 0.14337235887508576, 'gb_scale': 6.593900852517781, 'gd_bubble_scale': 0.27062442513056134, 'gd_line_scale': 5.112057520250442, 'gd_line_alpha': 0.780890868056662, 'coalescence_d_scale': 0.3286654210038302, 'capture_scale': 2.068267376303044}. Best is trial 444 with value: 2.0614202321115003.
[I 2026-05-02 22:13:54,390] Trial 514 finished with value: 2.0895168832449293 and parameters: {'f_n': 1.7231076103762645e-06, 'K_d': 195339.50244046963, 'rho_d': 39756163556136.19, 'fission_rate': 6.2749830718701e+19, 'Dg_D1_scale': 2.082365347392991, 'Dg_D3_scale': 3.384699714048874, 'Dv_D1_scale': 0.22903260395007863, 'Dv_D2_scale': 2.9415990264236456, 'b_bulk_scale': 0.19430241285884498, 'b_dislocation_scale': 0.18942028179522452, 'gb_scale': 7.304824758251455, 'gd_bubble_scale': 0.22090347693921542, 'gd_line_scale': 4.87016469175823, 'gd_line_alpha': 0.8065066992657295, 'coalescence_d_scale': 0.26126612032326346, 'capture_scale': 2.9578394193478723}. Best is trial 444 with value: 2.0614202321115003.
[I 2026-05-02 22:13:59,060] Trial 515 finished with value: 2.118381554598087 and parameters: {'f_n': 1.2464364518418872e-06, 'K_d': 194256.72537864564, 'rho_d': 40623341768393.72, 'fission_rate': 6.328717525241711e+19, 'Dg_D1_scale': 2.0458763881170245, 'Dg_D3_scale': 3.5439396621286035, 'Dv_D1_scale': 0.22471149833721413, 'Dv_D2_scale': 3.19593871865477, 'b_bulk_scale': 0.21224159699756534, 'b_dislocation_scale': 0.18825666113383624, 'gb_scale': 5.023606468993965, 'gd_bubble_scale': 0.4971492209209677, 'gd_line_scale': 4.100727861962988, 'gd_line_alpha': 0.8125819950128705, 'coalescence_d_scale': 0.2667534281905141, 'capture_scale': 2.8560011968490975}. Best is trial 444 with value: 2.0614202321115003.
[I 2026-05-02 22:14:03,806] Trial 516 finished with value: 2.26843581687936 and parameters: {'f_n': 1.103397200299167e-06, 'K_d': 194238.83296907775, 'rho_d': 40853957226662.37, 'fission_rate': 6.2123651000766685e+19, 'Dg_D1_scale': 2.0689100411684525, 'Dg_D3_scale': 3.4934298375511457, 'Dv_D1_scale': 0.2126999115096838, 'Dv_D2_scale': 3.3174107926289906, 'b_bulk_scale': 0.16134795728319626, 'b_dislocation_scale': 0.16520529482799406, 'gb_scale': 4.65454618735856, 'gd_bubble_scale': 0.500889977372662, 'gd_line_scale': 4.705378922297928, 'gd_line_alpha': 0.8260530811116062, 'coalescence_d_scale': 0.26831548454676163, 'capture_scale': 2.4969321737021994}. Best is trial 444 with value: 2.0614202321115003.Best trial: 444. Best value: 2.06142:  34%|███▍      | 516/1500 [36:23<1:14:48,  4.56s/it]Best trial: 444. Best value: 2.06142:  34%|███▍      | 516/1500 [36:23<1:14:48,  4.56s/it]Best trial: 444. Best value: 2.06142:  34%|███▍      | 517/1500 [36:23<1:15:39,  4.62s/it]                                                                                          Best trial: 444. Best value: 2.06142:  34%|███▍      | 517/1500 [36:28<1:15:39,  4.62s/it]Best trial: 444. Best value: 2.06142:  34%|███▍      | 517/1500 [36:28<1:15:39,  4.62s/it]Best trial: 444. Best value: 2.06142:  35%|███▍      | 518/1500 [36:28<1:15:46,  4.63s/it]                                                                                          Best trial: 444. Best value: 2.06142:  35%|███▍      | 518/1500 [36:33<1:15:46,  4.63s/it]Best trial: 444. Best value: 2.06142:  35%|███▍      | 518/1500 [36:33<1:15:46,  4.63s/it]Best trial: 444. Best value: 2.06142:  35%|███▍      | 519/1500 [36:33<1:16:10,  4.66s/it]                                                                                          Best trial: 444. Best value: 2.06142:  35%|███▍      | 519/1500 [36:36<1:16:10,  4.66s/it]Best trial: 444. Best value: 2.06142:  35%|███▍      | 519/1500 [36:36<1:16:10,  4.66s/it]Best trial: 444. Best value: 2.06142:  35%|███▍      | 520/1500 [36:36<1:08:39,  4.20s/it]                                                                                          Best trial: 444. Best value: 2.06142:  35%|███▍      | 520/1500 [36:40<1:08:39,  4.20s/it]Best trial: 444. Best value: 2.06142:  35%|███▍      | 520/1500 [36:41<1:08:39,  4.20s/it]Best trial: 444. Best value: 2.06142:  35%|███▍      | 521/1500 [36:41<1:11:03,  4.36s/it]                                                                                          Best trial: 444. Best value: 2.06142:  35%|███▍      | 521/1500 [36:45<1:11:03,  4.36s/it]Best trial: 444. Best value: 2.06142:  35%|███▍      | 521/1500 [36:45<1:11:03,  4.36s/it]Best trial: 444. Best value: 2.06142:  35%|███▍      | 522/1500 [36:45<1:12:53,  4.47s/it]                                                                                          Best trial: 444. Best value: 2.06142:  35%|███▍      | 522/1500 [36:50<1:12:53,  4.47s/it]Best trial: 444. Best value: 2.06142:  35%|███▍      | 522/1500 [36:50<1:12:53,  4.47s/it]Best trial: 444. Best value: 2.06142:  35%|███▍      | 523/1500 [36:50<1:14:38,  4.58s/it]                                                                                          Best trial: 444. Best value: 2.06142:  35%|███▍      | 523/1500 [36:55<1:14:38,  4.58s/it]Best trial: 444. Best value: 2.06142:  35%|███▍      | 523/1500 [36:55<1:14:38,  4.58s/it]Best trial: 444. Best value: 2.06142:  35%|███▍      | 524/1500 [36:55<1:15:49,  4.66s/it]                                                                                          Best trial: 444. Best value: 2.06142:  35%|███▍      | 524/1500 [37:00<1:15:49,  4.66s/it]Best trial: 444. Best value: 2.06142:  35%|███▍      | 524/1500 [37:00<1:15:49,  4.66s/it]Best trial: 444. Best value: 2.06142:  35%|███▌      | 525/1500 [37:00<1:16:14,  4.69s/it]                                                                                          Best trial: 444. Best value: 2.06142:  35%|███▌      | 525/1500 [37:03<1:16:14,  4.69s/it]Best trial: 444. Best value: 2.06142:  35%|███▌      | 525/1500 [37:03<1:16:14,  4.69s/it]Best trial: 444. Best value: 2.06142:  35%|███▌      | 526/1500 [37:03<1:08:43,  4.23s/it]                                                                                          Best trial: 444. Best value: 2.06142:  35%|███▌      | 526/1500 [37:08<1:08:43,  4.23s/it]Best trial: 444. Best value: 2.06142:  35%|███▌      | 526/1500 [37:08<1:08:43,  4.23s/it]Best trial: 444. Best value: 2.06142:  35%|███▌      | 527/1500 [37:08<1:11:37,  4.42s/it]                                                                                          Best trial: 444. Best value: 2.06142:  35%|███▌      | 527/1500 [37:12<1:11:37,  4.42s/it]Best trial: 444. Best value: 2.06142:  35%|███▌      | 527/1500 [37:13<1:11:37,  4.42s/it]Best trial: 444. Best value: 2.06142:  35%|███▌      | 528/1500 [37:13<1:13:13,  4.52s/it]                                                                                          
[I 2026-05-02 22:14:08,466] Trial 517 finished with value: 2.856550459992488 and parameters: {'f_n': 9.661173552644768e-07, 'K_d': 206159.33361025224, 'rho_d': 41062363655931.61, 'fission_rate': 6.349208985750104e+19, 'Dg_D1_scale': 2.0746897120508514, 'Dg_D3_scale': 3.5993692659044534, 'Dv_D1_scale': 0.22096214452898788, 'Dv_D2_scale': 3.1703253091391153, 'b_bulk_scale': 0.6915723594830311, 'b_dislocation_scale': 0.18776715228255897, 'gb_scale': 4.893543226808034, 'gd_bubble_scale': 0.19118729225978354, 'gd_line_scale': 4.54866869780202, 'gd_line_alpha': 0.8055228686450567, 'coalescence_d_scale': 0.2664061496953099, 'capture_scale': 3.0066785438516272}. Best is trial 444 with value: 2.0614202321115003.
[I 2026-05-02 22:14:13,191] Trial 518 finished with value: 2.3234009051866114 and parameters: {'f_n': 1.264711310240297e-06, 'K_d': 197021.2726355916, 'rho_d': 42953594012137.96, 'fission_rate': 6.234084587015775e+19, 'Dg_D1_scale': 1.9761626477503438, 'Dg_D3_scale': 3.332188088374152, 'Dv_D1_scale': 0.22606599234615188, 'Dv_D2_scale': 3.3940048572173693, 'b_bulk_scale': 0.20633744518564545, 'b_dislocation_scale': 0.15199503775339065, 'gb_scale': 5.305518166590759, 'gd_bubble_scale': 0.5510871381137601, 'gd_line_scale': 4.372261972659197, 'gd_line_alpha': 0.8443539826277362, 'coalescence_d_scale': 0.313607615041965, 'capture_scale': 2.6425671893428277}. Best is trial 444 with value: 2.0614202321115003.
[I 2026-05-02 22:14:16,335] Trial 519 finished with value: 2.0852065203214996 and parameters: {'f_n': 1.39580026662703e-06, 'K_d': 208243.83727894851, 'rho_d': 39540842781345.81, 'fission_rate': 6.263381797766128e+19, 'Dg_D1_scale': 2.2968866025328594, 'Dg_D3_scale': 3.681847893864273, 'Dv_D1_scale': 0.2127399603126422, 'Dv_D2_scale': 3.021436226563507, 'b_bulk_scale': 0.19446517743109115, 'b_dislocation_scale': 0.17687578478051494, 'gb_scale': 5.554426659103237, 'gd_bubble_scale': 0.4804232568419152, 'gd_line_scale': 3.87321236328812, 'gd_line_alpha': 0.8129304853659798, 'coalescence_d_scale': 0.28554314348784726, 'capture_scale': 2.028602816329708}. Best is trial 444 with value: 2.0614202321115003.
[I 2026-05-02 22:14:21,043] Trial 520 finished with value: 2.2113296915880993 and parameters: {'f_n': 1.0531455113545243e-06, 'K_d': 214796.44998388956, 'rho_d': 45076020879873.74, 'fission_rate': 6.323248773363829e+19, 'Dg_D1_scale': 2.5424891983735725, 'Dg_D3_scale': 3.7779200090624068, 'Dv_D1_scale': 0.22821454045768652, 'Dv_D2_scale': 3.2400578848871335, 'b_bulk_scale': 0.24730121555473417, 'b_dislocation_scale': 0.1731688767735353, 'gb_scale': 4.997615381145168, 'gd_bubble_scale': 0.4748197984871491, 'gd_line_scale': 3.4133567724321416, 'gd_line_alpha': 0.8267141405475755, 'coalescence_d_scale': 0.3396428067279741, 'capture_scale': 1.6940508141488242}. Best is trial 444 with value: 2.0614202321115003.
[I 2026-05-02 22:14:25,787] Trial 521 finished with value: 2.2801421995026696 and parameters: {'f_n': 1.297052264475737e-06, 'K_d': 214832.87281264603, 'rho_d': 44054799099091.46, 'fission_rate': 6.277191104530404e+19, 'Dg_D1_scale': 2.3643382577410685, 'Dg_D3_scale': 3.6034094874314575, 'Dv_D1_scale': 0.21223702673674166, 'Dv_D2_scale': 3.0543451749232693, 'b_bulk_scale': 0.20635651406361147, 'b_dislocation_scale': 0.1482426981662754, 'gb_scale': 4.604676591047347, 'gd_bubble_scale': 0.5008271954712586, 'gd_line_scale': 3.650810086369811, 'gd_line_alpha': 0.8506426745463043, 'coalescence_d_scale': 0.253254897634666, 'capture_scale': 2.114939752278244}. Best is trial 444 with value: 2.0614202321115003.
