[I 2026-05-02 23:16:40,542] Trial 1206 finished with value: 2.141411521191596 and parameters: {'f_n': 1.0027858119936332e-07, 'K_d': 129556.69555777416, 'rho_d': 61686562869250.24, 'fission_rate': 4.789253664999082e+19, 'Dg_D1_scale': 0.3142855879901527, 'Dg_D3_scale': 2.5623028913311487, 'Dv_D1_scale': 0.3262395945542106, 'Dv_D2_scale': 3.792919852806402, 'b_bulk_scale': 0.4431565436583163, 'b_dislocation_scale': 0.06485716262265122, 'gb_scale': 3.7639595653522107, 'gd_bubble_scale': 0.13010574832622038, 'gd_line_scale': 0.4332074741482937, 'gd_line_alpha': 0.542315813353634, 'coalescence_d_scale': 0.6265234110324539, 'capture_scale': 0.09493106127034509}. Best is trial 756 with value: 2.012228641160978.
[I 2026-05-02 23:16:46,499] Trial 1207 finished with value: 2.0660792757397797 and parameters: {'f_n': 1.0354933750886579e-07, 'K_d': 126465.84416925641, 'rho_d': 55907270751478.695, 'fission_rate': 4.881977730553759e+19, 'Dg_D1_scale': 0.34694441651890395, 'Dg_D3_scale': 2.2719735916482353, 'Dv_D1_scale': 0.37151283330806123, 'Dv_D2_scale': 3.5904020400314276, 'b_bulk_scale': 0.5032186025717761, 'b_dislocation_scale': 0.07799348704390217, 'gb_scale': 2.824836881485015, 'gd_bubble_scale': 0.1458454012752056, 'gd_line_scale': 0.400461994275769, 'gd_line_alpha': 0.6030267961077861, 'coalescence_d_scale': 0.48516208431035046, 'capture_scale': 0.12143624129586335}. Best is trial 756 with value: 2.012228641160978.
[I 2026-05-02 23:16:52,693] Trial 1208 finished with value: 2.0167496036710464 and parameters: {'f_n': 1.2723218712483545e-07, 'K_d': 128319.81088117724, 'rho_d': 64099343963609.0, 'fission_rate': 4.7415166935533036e+19, 'Dg_D1_scale': 0.29694100153187486, 'Dg_D3_scale': 2.0558548772783367, 'Dv_D1_scale': 0.3479053896591835, 'Dv_D2_scale': 3.9977113035499103, 'b_bulk_scale': 0.4609800830496563, 'b_dislocation_scale': 0.07403148400732777, 'gb_scale': 4.433251383443786, 'gd_bubble_scale': 0.11306118949585552, 'gd_line_scale': 0.44035896154310283, 'gd_line_alpha': 0.6127162259016106, 'coalescence_d_scale': 0.5429776806181505, 'capture_scale': 0.10383391825137787}. Best is trial 756 with value: 2.012228641160978.
[I 2026-05-02 23:16:58,844] Trial 1209 finished with value: 2.1062179196699655 and parameters: {'f_n': 8.784939470412939e-08, 'K_d': 135901.3040759739, 'rho_d': 58712855815179.41, 'fission_rate': 4.709189916218104e+19, 'Dg_D1_scale': 0.30615595061081874, 'Dg_D3_scale': 1.9065133674562673, 'Dv_D1_scale': 0.3744566715750791, 'Dv_D2_scale': 3.9824740329358086, 'b_bulk_scale': 0.46356858530512, 'b_dislocation_scale': 0.0615859149038181, 'gb_scale': 4.328990776015432, 'gd_bubble_scale': 0.10080507224473918, 'gd_line_scale': 0.32975595436794036, 'gd_line_alpha': 0.5682595768119076, 'coalescence_d_scale': 0.6244071297036727, 'capture_scale': 0.10636446098497332}. Best is trial 756 with value: 2.012228641160978.
[I 2026-05-02 23:17:03,420] Trial 1210 finished with value: 2.1363359660410524 and parameters: {'f_n': 1.1397337326350905e-07, 'K_d': 130695.76026218443, 'rho_d': 66184022555024.6, 'fission_rate': 4.729999901643256e+19, 'Dg_D1_scale': 0.32473076183809607, 'Dg_D3_scale': 2.042716024596303, 'Dv_D1_scale': 0.3529419005143612, 'Dv_D2_scale': 3.7985499534432288, 'b_bulk_scale': 0.5226066079842926, 'b_dislocation_scale': 0.06870111994661933, 'gb_scale': 4.463324865710867, 'gd_bubble_scale': 0.10959661423426661, 'gd_line_scale': 0.30935588399915004, 'gd_line_alpha': 0.5845340150566336, 'coalescence_d_scale': 0.7058277340926102, 'capture_scale': 0.10744065159299694}. Best is trial 756 with value: 2.012228641160978.
[I 2026-05-02 23:17:09,482] Trial 1211 finished with value: 2.49437730897982 and parameters: {'f_n': 9.436979854665937e-08, 'K_d': 144366.72005071508, 'rho_d': 61413809837865.48, 'fission_rate': 4.864232082027201e+19, 'Dg_D1_scale': 0.28790354189636014, 'Dg_D3_scale': 2.039874342476497, 'Dv_D1_scale': 0.37642951449735573, 'Dv_D2_scale': 3.8154820374891623, 'b_bulk_scale': 0.46516394247259946, 'b_dislocation_scale': 0.07020003356206168, 'gb_scale': 4.420939590353129, 'gd_bubble_scale': 0.11142362768760979, 'gd_line_scale': 0.26375761984803886, 'gd_line_alpha': 0.6073361706776864, 'coalescence_d_scale': 0.5865878287463931, 'capture_scale': 0.12458064505314216}. Best is trial 756 with value: 2.012228641160978.
[I 2026-05-02 23:17:15,393] Trial 1212 finished with value: 2.177932368840225 and parameters: {'f_n': 6.796868558687731e-08, 'K_d': 127046.23408483666, 'rho_d': 55430479379421.945, 'fission_rate': 5.041105803766167e+19, 'Dg_D1_scale': 0.2966036713212112, 'Dg_D3_scale': 1.898785202750074, 'Dv_D1_scale': 0.3487180045045895, 'Dv_D2_scale': 3.608461128606248, 'b_bulk_scale': 0.5332497681291837, 'b_dislocation_scale': 0.07470595882139473, 'gb_scale': 2.586867281594181, 'gd_bubble_scale': 0.09740080214851411, 'gd_line_scale': 0.4016006906473744, 'gd_line_alpha': 0.5531176684375765, 'coalescence_d_scale': 0.5416724041031282, 'capture_scale': 0.10054051755109171}. Best is trial 756 with value: 2.012228641160978.Best trial: 756. Best value: 2.01223:  81%|████████  | 1212/1500 [1:39:35<27:23,  5.71s/it]Best trial: 756. Best value: 2.01223:  81%|████████  | 1212/1500 [1:39:35<27:23,  5.71s/it]Best trial: 756. Best value: 2.01223:  81%|████████  | 1213/1500 [1:39:35<27:34,  5.77s/it]                                                                                           Best trial: 756. Best value: 2.01223:  81%|████████  | 1213/1500 [1:39:41<27:34,  5.77s/it]Best trial: 756. Best value: 2.01223:  81%|████████  | 1213/1500 [1:39:41<27:34,  5.77s/it]Best trial: 756. Best value: 2.01223:  81%|████████  | 1214/1500 [1:39:41<27:59,  5.87s/it]                                                                                           Best trial: 756. Best value: 2.01223:  81%|████████  | 1214/1500 [1:39:47<27:59,  5.87s/it]Best trial: 756. Best value: 2.01223:  81%|████████  | 1214/1500 [1:39:47<27:59,  5.87s/it]Best trial: 756. Best value: 2.01223:  81%|████████  | 1215/1500 [1:39:47<27:38,  5.82s/it]                                                                                           Best trial: 756. Best value: 2.01223:  81%|████████  | 1215/1500 [1:39:51<27:38,  5.82s/it]Best trial: 756. Best value: 2.01223:  81%|████████  | 1215/1500 [1:39:51<27:38,  5.82s/it]Best trial: 756. Best value: 2.01223:  81%|████████  | 1216/1500 [1:39:51<25:51,  5.46s/it]                                                                                           Best trial: 756. Best value: 2.01223:  81%|████████  | 1216/1500 [1:39:57<25:51,  5.46s/it]Best trial: 756. Best value: 2.01223:  81%|████████  | 1216/1500 [1:39:57<25:51,  5.46s/it]Best trial: 756. Best value: 2.01223:  81%|████████  | 1217/1500 [1:39:57<25:53,  5.49s/it]                                                                                           Best trial: 756. Best value: 2.01223:  81%|████████  | 1217/1500 [1:40:03<25:53,  5.49s/it]Best trial: 756. Best value: 2.01223:  81%|████████  | 1217/1500 [1:40:03<25:53,  5.49s/it]Best trial: 756. Best value: 2.01223:  81%|████████  | 1218/1500 [1:40:03<26:49,  5.71s/it]                                                                                           Best trial: 756. Best value: 2.01223:  81%|████████  | 1218/1500 [1:40:09<26:49,  5.71s/it]Best trial: 756. Best value: 2.01223:  81%|████████  | 1218/1500 [1:40:09<26:49,  5.71s/it]Best trial: 756. Best value: 2.01223:  81%|████████▏ | 1219/1500 [1:40:09<26:59,  5.76s/it]                                                                                           Best trial: 756. Best value: 2.01223:  81%|████████▏ | 1219/1500 [1:40:15<26:59,  5.76s/it]Best trial: 756. Best value: 2.01223:  81%|████████▏ | 1219/1500 [1:40:15<26:59,  5.76s/it]Best trial: 756. Best value: 2.01223:  81%|████████▏ | 1220/1500 [1:40:15<27:20,  5.86s/it]                                                                                           Best trial: 756. Best value: 2.01223:  81%|████████▏ | 1220/1500 [1:40:21<27:20,  5.86s/it]Best trial: 756. Best value: 2.01223:  81%|████████▏ | 1220/1500 [1:40:21<27:20,  5.86s/it]Best trial: 756. Best value: 2.01223:  81%|████████▏ | 1221/1500 [1:40:21<27:51,  5.99s/it]                                                                                           Best trial: 756. Best value: 2.01223:  81%|████████▏ | 1221/1500 [1:40:26<27:51,  5.99s/it]Best trial: 756. Best value: 2.01223:  81%|████████▏ | 1221/1500 [1:40:26<27:51,  5.99s/it]Best trial: 756. Best value: 2.01223:  81%|████████▏ | 1222/1500 [1:40:26<25:35,  5.52s/it]                                                                                           Best trial: 756. Best value: 2.01223:  81%|████████▏ | 1222/1500 [1:40:32<25:35,  5.52s/it]Best trial: 756. Best value: 2.01223:  81%|████████▏ | 1222/1500 [1:40:32<25:35,  5.52s/it]Best trial: 756. Best value: 2.01223:  82%|████████▏ | 1223/1500 [1:40:32<26:10,  5.67s/it]                                                                                           Best trial: 756. Best value: 2.01223:  82%|████████▏ | 1223/1500 [1:40:38<26:10,  5.67s/it]Best trial: 756. Best value: 2.01223:  82%|████████▏ | 1223/1500 [1:40:38<26:10,  5.67s/it]Best trial: 756. Best value: 2.01223:  82%|████████▏ | 1224/1500 [1:40:38<27:01,  5.87s/it]                                                                                           
[I 2026-05-02 23:17:21,519] Trial 1213 finished with value: 2.047672505967351 and parameters: {'f_n': 1.2684074868529916e-07, 'K_d': 133155.30558472773, 'rho_d': 58379183132697.016, 'fission_rate': 4.80222428687773e+19, 'Dg_D1_scale': 0.3474789401355437, 'Dg_D3_scale': 2.0719866210179, 'Dv_D1_scale': 0.33991068389521145, 'Dv_D2_scale': 3.9857141708437127, 'b_bulk_scale': 0.6048118177410539, 'b_dislocation_scale': 0.06125152923788077, 'gb_scale': 4.335446517070516, 'gd_bubble_scale': 0.11751623812615912, 'gd_line_scale': 0.35463701179014423, 'gd_line_alpha': 0.5917094376924479, 'coalescence_d_scale': 0.5740780383403082, 'capture_scale': 0.12757172039348802}. Best is trial 756 with value: 2.012228641160978.
[I 2026-05-02 23:17:27,210] Trial 1214 finished with value: 2.2441298889940873 and parameters: {'f_n': 1.0419385431827225e-07, 'K_d': 126144.64071158791, 'rho_d': 63060480382564.12, 'fission_rate': 5.180137203884181e+19, 'Dg_D1_scale': 0.2886307610794697, 'Dg_D3_scale': 2.1447150220315656, 'Dv_D1_scale': 0.3647065796627746, 'Dv_D2_scale': 3.788821008133468, 'b_bulk_scale': 0.4347318724028399, 'b_dislocation_scale': 0.0648162204836904, 'gb_scale': 2.9472833443520288, 'gd_bubble_scale': 0.11318282918466253, 'gd_line_scale': 0.44119750692611853, 'gd_line_alpha': 0.5814759285604033, 'coalescence_d_scale': 0.5127117926333131, 'capture_scale': 0.09136565336351624}. Best is trial 756 with value: 2.012228641160978.
[I 2026-05-02 23:17:31,843] Trial 1215 finished with value: 2.111726980561262 and parameters: {'f_n': 1.2761511099214507e-07, 'K_d': 124056.80262913699, 'rho_d': 65994499480793.125, 'fission_rate': 4.677568574473808e+19, 'Dg_D1_scale': 0.32408838028194864, 'Dg_D3_scale': 1.910245346608315, 'Dv_D1_scale': 0.3811217902944682, 'Dv_D2_scale': 3.988799398211191, 'b_bulk_scale': 0.4811634450170622, 'b_dislocation_scale': 0.0746101153355091, 'gb_scale': 3.9471084089068813, 'gd_bubble_scale': 0.12672005085360297, 'gd_line_scale': 0.4319915865095235, 'gd_line_alpha': 0.560404964637702, 'coalescence_d_scale': 0.663630659734806, 'capture_scale': 0.09521361857547636}. Best is trial 756 with value: 2.012228641160978.
[I 2026-05-02 23:17:37,397] Trial 1216 finished with value: 2.061595904935475 and parameters: {'f_n': 1.329855848083279e-07, 'K_d': 132408.07355757142, 'rho_d': 56395264459550.19, 'fission_rate': 5.323835513960469e+19, 'Dg_D1_scale': 0.2932888622695356, 'Dg_D3_scale': 2.205141010693098, 'Dv_D1_scale': 0.3346499325804381, 'Dv_D2_scale': 3.5808720382844865, 'b_bulk_scale': 0.5242727509270917, 'b_dislocation_scale': 0.07658738218481198, 'gb_scale': 2.5365359996357064, 'gd_bubble_scale': 0.0993430238788445, 'gd_line_scale': 0.3824340760607072, 'gd_line_alpha': 0.525562324186206, 'coalescence_d_scale': 0.5565301892892669, 'capture_scale': 0.11490213259681172}. Best is trial 756 with value: 2.012228641160978.
[I 2026-05-02 23:17:43,613] Trial 1217 finished with value: 3.3043585998755556 and parameters: {'f_n': 8.254392595911102e-08, 'K_d': 123927.13753476982, 'rho_d': 16461210985391.822, 'fission_rate': 4.7402948330876944e+19, 'Dg_D1_scale': 0.30774986226518886, 'Dg_D3_scale': 1.9228852541445793, 'Dv_D1_scale': 0.35563170020495677, 'Dv_D2_scale': 3.5634424076020625, 'b_bulk_scale': 0.434353879007002, 'b_dislocation_scale': 0.05850802164174278, 'gb_scale': 3.464286912950181, 'gd_bubble_scale': 0.11039513708624353, 'gd_line_scale': 0.4438227286701144, 'gd_line_alpha': 0.6017975879928786, 'coalescence_d_scale': 0.4973928728798656, 'capture_scale': 0.11024366673876455}. Best is trial 756 with value: 2.012228641160978.
[I 2026-05-02 23:17:49,508] Trial 1218 finished with value: 4.186091467103661 and parameters: {'f_n': 1.4024866135457957e-07, 'K_d': 143366.9789231188, 'rho_d': 60963653551627.65, 'fission_rate': 4.953011632040239e+19, 'Dg_D1_scale': 0.3448402773769487, 'Dg_D3_scale': 2.08333017134406, 'Dv_D1_scale': 1.0398166655660916, 'Dv_D2_scale': 3.7930986867068666, 'b_bulk_scale': 0.5574143841920158, 'b_dislocation_scale': 0.06686385454309196, 'gb_scale': 1.1143677783752506, 'gd_bubble_scale': 0.08961944856443581, 'gd_line_scale': 0.4655520344631754, 'gd_line_alpha': 0.614720542818925, 'coalescence_d_scale': 0.4828204576097719, 'capture_scale': 0.13138170244130992}. Best is trial 756 with value: 2.012228641160978.
[I 2026-05-02 23:17:55,589] Trial 1219 finished with value: 2.1236824433843147 and parameters: {'f_n': 1.4535219848898206e-07, 'K_d': 122817.21939903118, 'rho_d': 55218075071435.805, 'fission_rate': 4.85589025981441e+19, 'Dg_D1_scale': 0.2833084483587734, 'Dg_D3_scale': 2.2571785261682815, 'Dv_D1_scale': 0.322833232037845, 'Dv_D2_scale': 3.9991564577700416, 'b_bulk_scale': 0.6125927621238384, 'b_dislocation_scale': 0.07920642124842438, 'gb_scale': 3.1597265995222323, 'gd_bubble_scale': 0.12490226416587626, 'gd_line_scale': 0.351691960881671, 'gd_line_alpha': 0.5478709275532547, 'coalescence_d_scale': 0.59169922922962, 'capture_scale': 0.0937917312824404}. Best is trial 756 with value: 2.012228641160978.
[I 2026-05-02 23:18:01,889] Trial 1220 finished with value: 3.0360126560388605 and parameters: {'f_n': 1.1837327334490635e-07, 'K_d': 1258160.2416095436, 'rho_d': 58990001570446.85, 'fission_rate': 4.689262138620882e+19, 'Dg_D1_scale': 0.33088850597306263, 'Dg_D3_scale': 2.4553716773242438, 'Dv_D1_scale': 0.34306934876211687, 'Dv_D2_scale': 3.4713710614820243, 'b_bulk_scale': 0.4708103197961409, 'b_dislocation_scale': 0.07011516672582842, 'gb_scale': 2.792062772585471, 'gd_bubble_scale': 0.1309094156956403, 'gd_line_scale': 0.3857221891647532, 'gd_line_alpha': 0.5782471185628622, 'coalescence_d_scale': 0.5333338419588793, 'capture_scale': 0.10243151858066753}. Best is trial 756 with value: 2.012228641160978.
[I 2026-05-02 23:18:06,323] Trial 1221 finished with value: 2.41254845725117 and parameters: {'f_n': 1.102968721611064e-07, 'K_d': 131352.80308041678, 'rho_d': 65541397680000.586, 'fission_rate': 4.782039058419433e+19, 'Dg_D1_scale': 0.30863968682746173, 'Dg_D3_scale': 2.17273824682157, 'Dv_D1_scale': 0.37817318181741477, 'Dv_D2_scale': 3.9948339995955253, 'b_bulk_scale': 0.5171586776722623, 'b_dislocation_scale': 0.06098975906521102, 'gb_scale': 4.030556731875009, 'gd_bubble_scale': 0.15793511120037584, 'gd_line_scale': 0.47602091985457146, 'gd_line_alpha': 0.6188109126409105, 'coalescence_d_scale': 0.4761542800474592, 'capture_scale': 0.08840117154414301}. Best is trial 756 with value: 2.012228641160978.
[I 2026-05-02 23:18:12,334] Trial 1222 finished with value: 2.214756632148226 and parameters: {'f_n': 5.510421867581429e-08, 'K_d': 121900.21526589239, 'rho_d': 61610324323770.86, 'fission_rate': 4.8804696392762065e+19, 'Dg_D1_scale': 0.3465918186401117, 'Dg_D3_scale': 1.9690614659875163, 'Dv_D1_scale': 0.31290750075252477, 'Dv_D2_scale': 3.643351529213818, 'b_bulk_scale': 0.4373948568288982, 'b_dislocation_scale': 0.07975032177467617, 'gb_scale': 3.5220771256853087, 'gd_bubble_scale': 0.11216324561993626, 'gd_line_scale': 0.47728107903904465, 'gd_line_alpha': 0.5292755359896122, 'coalescence_d_scale': 0.5354962151403652, 'capture_scale': 0.12424387788478428}. Best is trial 756 with value: 2.012228641160978.
[I 2026-05-02 23:18:18,676] Trial 1223 finished with value: 2.1162408747605457 and parameters: {'f_n': 1.395918746123444e-07, 'K_d': 127597.66432037992, 'rho_d': 68919050040397.07, 'fission_rate': 4.706689132387923e+19, 'Dg_D1_scale': 0.276784844159958, 'Dg_D3_scale': 2.5974446626519345, 'Dv_D1_scale': 0.3592623710596911, 'Dv_D2_scale': 3.7674337077740896, 'b_bulk_scale': 0.5762579131227927, 'b_dislocation_scale': 0.07188008969975146, 'gb_scale': 4.470609411494682, 'gd_bubble_scale': 0.12631567896807186, 'gd_line_scale': 0.4363751770149803, 'gd_line_alpha': 0.5942516709926486, 'coalescence_d_scale': 0.4593554599191127, 'capture_scale': 0.11083747421244446}. Best is trial 756 with value: 2.012228641160978.
