[I 2026-05-02 22:07:33,483] Trial 432 finished with value: 3.077938851617104 and parameters: {'f_n': 1.724769225579281e-06, 'K_d': 179812.26987834513, 'rho_d': 33217011800424.508, 'fission_rate': 5.067544581073107e+19, 'Dg_D1_scale': 2.08036064430342, 'Dg_D3_scale': 1.6264809641620213, 'Dv_D1_scale': 1.2280846829677405, 'Dv_D2_scale': 3.098848109808965, 'b_bulk_scale': 0.19828184058942283, 'b_dislocation_scale': 0.18199220939794095, 'gb_scale': 6.3339146666178765, 'gd_bubble_scale': 0.7410271432231814, 'gd_line_scale': 6.381415174691844, 'gd_line_alpha': 0.8197901077782749, 'coalescence_d_scale': 0.21050642169165437, 'capture_scale': 1.8597756322216317}. Best is trial 394 with value: 2.105730963119322.Best trial: 394. Best value: 2.10573:  29%|██▉       | 432/1500 [29:53<1:28:16,  4.96s/it]Best trial: 394. Best value: 2.10573:  29%|██▉       | 432/1500 [29:53<1:28:16,  4.96s/it]Best trial: 394. Best value: 2.10573:  29%|██▉       | 433/1500 [29:53<1:31:55,  5.17s/it]                                                                                          Best trial: 394. Best value: 2.10573:  29%|██▉       | 433/1500 [29:56<1:31:55,  5.17s/it]Best trial: 394. Best value: 2.10573:  29%|██▉       | 433/1500 [29:56<1:31:55,  5.17s/it]Best trial: 394. Best value: 2.10573:  29%|██▉       | 434/1500 [29:56<1:19:05,  4.45s/it]                                                                                          Best trial: 394. Best value: 2.10573:  29%|██▉       | 434/1500 [30:01<1:19:05,  4.45s/it]Best trial: 394. Best value: 2.10573:  29%|██▉       | 434/1500 [30:01<1:19:05,  4.45s/it]Best trial: 394. Best value: 2.10573:  29%|██▉       | 435/1500 [30:01<1:22:19,  4.64s/it]                                                                                          Best trial: 394. Best value: 2.10573:  29%|██▉       | 435/1500 [30:05<1:22:19,  4.64s/it]Best trial: 394. Best value: 2.10573:  29%|██▉       | 435/1500 [30:05<1:22:19,  4.64s/it]Best trial: 394. Best value: 2.10573:  29%|██▉       | 436/1500 [30:05<1:21:21,  4.59s/it]                                                                                          Best trial: 394. Best value: 2.10573:  29%|██▉       | 436/1500 [30:10<1:21:21,  4.59s/it]Best trial: 394. Best value: 2.10573:  29%|██▉       | 436/1500 [30:10<1:21:21,  4.59s/it]Best trial: 394. Best value: 2.10573:  29%|██▉       | 437/1500 [30:10<1:20:04,  4.52s/it]                                                                                          Best trial: 394. Best value: 2.10573:  29%|██▉       | 437/1500 [30:15<1:20:04,  4.52s/it]Best trial: 394. Best value: 2.10573:  29%|██▉       | 437/1500 [30:15<1:20:04,  4.52s/it]Best trial: 394. Best value: 2.10573:  29%|██▉       | 438/1500 [30:15<1:25:37,  4.84s/it]                                                                                          Best trial: 394. Best value: 2.10573:  29%|██▉       | 438/1500 [30:20<1:25:37,  4.84s/it]Best trial: 394. Best value: 2.10573:  29%|██▉       | 438/1500 [30:20<1:25:37,  4.84s/it]Best trial: 394. Best value: 2.10573:  29%|██▉       | 439/1500 [30:20<1:26:43,  4.90s/it]                                                                                          Best trial: 394. Best value: 2.10573:  29%|██▉       | 439/1500 [30:25<1:26:43,  4.90s/it]Best trial: 439. Best value: 2.08492:  29%|██▉       | 439/1500 [30:25<1:26:43,  4.90s/it]Best trial: 439. Best value: 2.08492:  29%|██▉       | 440/1500 [30:25<1:27:00,  4.93s/it]                                                                                          Best trial: 439. Best value: 2.08492:  29%|██▉       | 440/1500 [30:28<1:27:00,  4.93s/it]Best trial: 439. Best value: 2.08492:  29%|██▉       | 440/1500 [30:29<1:27:00,  4.93s/it]Best trial: 439. Best value: 2.08492:  29%|██▉       | 441/1500 [30:29<1:17:51,  4.41s/it]                                                                                          Best trial: 439. Best value: 2.08492:  29%|██▉       | 441/1500 [30:33<1:17:51,  4.41s/it]Best trial: 441. Best value: 2.06344:  29%|██▉       | 441/1500 [30:33<1:17:51,  4.41s/it]Best trial: 441. Best value: 2.06344:  29%|██▉       | 442/1500 [30:33<1:20:42,  4.58s/it]                                                                                          Best trial: 441. Best value: 2.06344:  29%|██▉       | 442/1500 [30:38<1:20:42,  4.58s/it]Best trial: 441. Best value: 2.06344:  29%|██▉       | 442/1500 [30:38<1:20:42,  4.58s/it]Best trial: 441. Best value: 2.06344:  30%|██▉       | 443/1500 [30:38<1:22:48,  4.70s/it]                                                                                          Best trial: 441. Best value: 2.06344:  30%|██▉       | 443/1500 [30:43<1:22:48,  4.70s/it]Best trial: 441. Best value: 2.06344:  30%|██▉       | 443/1500 [30:43<1:22:48,  4.70s/it]Best trial: 441. Best value: 2.06344:  30%|██▉       | 444/1500 [30:43<1:24:12,  4.78s/it]                                                                                          
[I 2026-05-02 22:07:36,262] Trial 433 finished with value: 2.521082885924877 and parameters: {'f_n': 1.9230968225286794e-06, 'K_d': 240096.26750789548, 'rho_d': 30310470941312.617, 'fission_rate': 6.8908415374657e+19, 'Dg_D1_scale': 1.8948213901518598, 'Dg_D3_scale': 3.6907892299334786, 'Dv_D1_scale': 0.22232424839986661, 'Dv_D2_scale': 0.27972176677997257, 'b_bulk_scale': 0.17070109125666258, 'b_dislocation_scale': 0.12105289175768143, 'gb_scale': 5.86015343771805, 'gd_bubble_scale': 0.6580382398835575, 'gd_line_scale': 6.751522628002276, 'gd_line_alpha': 0.7678345738791401, 'coalescence_d_scale': 0.2507805615963697, 'capture_scale': 2.303056753536172}. Best is trial 394 with value: 2.105730963119322.
[I 2026-05-02 22:07:41,332] Trial 434 finished with value: 4.503017038982108 and parameters: {'f_n': 1.3969723814909187e-06, 'K_d': 167422.41945879313, 'rho_d': 36071413267930.52, 'fission_rate': 5.728607599638686e+19, 'Dg_D1_scale': 1.7563639246458045, 'Dg_D3_scale': 3.9998883904760794, 'Dv_D1_scale': 0.23823240687472527, 'Dv_D2_scale': 2.904907245928675, 'b_bulk_scale': 0.189682652046158, 'b_dislocation_scale': 0.169902236603238, 'gb_scale': 0.05838385013113588, 'gd_bubble_scale': 0.40825768353469705, 'gd_line_scale': 6.8444320215274495, 'gd_line_alpha': 0.7952464986443769, 'coalescence_d_scale': 0.23403085214494931, 'capture_scale': 0.45192837773038247}. Best is trial 394 with value: 2.105730963119322.
[I 2026-05-02 22:07:45,801] Trial 435 finished with value: 2.1686403345191265 and parameters: {'f_n': 1.725725564231172e-06, 'K_d': 185308.72680248966, 'rho_d': 33318852563693.35, 'fission_rate': 6.742290486999796e+19, 'Dg_D1_scale': 2.027839573892788, 'Dg_D3_scale': 3.067911407363614, 'Dv_D1_scale': 0.22188307715535688, 'Dv_D2_scale': 2.737199413269509, 'b_bulk_scale': 0.2108080398781291, 'b_dislocation_scale': 0.20174698775153396, 'gb_scale': 7.977587407113608, 'gd_bubble_scale': 0.9938258403945519, 'gd_line_scale': 5.524561191352215, 'gd_line_alpha': 0.8116923625738177, 'coalescence_d_scale': 0.20207151152181013, 'capture_scale': 2.0735950381263395}. Best is trial 394 with value: 2.105730963119322.
[I 2026-05-02 22:07:50,166] Trial 436 finished with value: 2.540575012877859 and parameters: {'f_n': 1.9670332929699167e-06, 'K_d': 1097491.427499475, 'rho_d': 39545044100850.016, 'fission_rate': 6.944340830174778e+19, 'Dg_D1_scale': 2.1543950999261394, 'Dg_D3_scale': 2.8812839158630004, 'Dv_D1_scale': 0.25429283577048284, 'Dv_D2_scale': 3.0751826934471094, 'b_bulk_scale': 0.16863835600121857, 'b_dislocation_scale': 0.1304605742530012, 'gb_scale': 7.077879284378888, 'gd_bubble_scale': 0.5670838289989081, 'gd_line_scale': 6.101098988923354, 'gd_line_alpha': 0.7754299660966837, 'coalescence_d_scale': 0.1411343163409534, 'capture_scale': 1.5382000980700603}. Best is trial 394 with value: 2.105730963119322.
[I 2026-05-02 22:07:55,743] Trial 437 finished with value: 3.6228023210382863 and parameters: {'f_n': 2.0817491385568776e-06, 'K_d': 211027.48915574662, 'rho_d': 37462143348668.96, 'fission_rate': 5.297269926121121e+19, 'Dg_D1_scale': 1.9061512482664036, 'Dg_D3_scale': 3.2897152261783376, 'Dv_D1_scale': 0.224624171617672, 'Dv_D2_scale': 1.2686716742512345, 'b_bulk_scale': 0.22815504950037996, 'b_dislocation_scale': 0.15321945990783806, 'gb_scale': 6.625756572168712, 'gd_bubble_scale': 0.3703143859238474, 'gd_line_scale': 7.028007122659525, 'gd_line_alpha': 0.7518445182610191, 'coalescence_d_scale': 2.461344158409932, 'capture_scale': 2.7555688405753638}. Best is trial 394 with value: 2.105730963119322.
[I 2026-05-02 22:08:00,805] Trial 438 finished with value: 2.108802264623056 and parameters: {'f_n': 1.5725313570731135e-06, 'K_d': 222640.6136649716, 'rho_d': 34591705836775.05, 'fission_rate': 5.882275168139781e+19, 'Dg_D1_scale': 1.8181007403475438, 'Dg_D3_scale': 3.738553758508089, 'Dv_D1_scale': 0.23689640350728108, 'Dv_D2_scale': 2.8714157091583985, 'b_bulk_scale': 0.1471786986434008, 'b_dislocation_scale': 0.17979342643983792, 'gb_scale': 7.98500463001775, 'gd_bubble_scale': 0.4098652522588258, 'gd_line_scale': 6.822881847431451, 'gd_line_alpha': 0.8281467922481115, 'coalescence_d_scale': 0.3010162999852142, 'capture_scale': 2.37570475725158}. Best is trial 394 with value: 2.105730963119322.
[I 2026-05-02 22:08:05,769] Trial 439 finished with value: 2.0849222767781237 and parameters: {'f_n': 1.3726948472446405e-06, 'K_d': 219182.17689425958, 'rho_d': 31346122747696.12, 'fission_rate': 5.929336452478303e+19, 'Dg_D1_scale': 1.7350973901136395, 'Dg_D3_scale': 3.6141274540137744, 'Dv_D1_scale': 0.24042362247294458, 'Dv_D2_scale': 2.6694599601728046, 'b_bulk_scale': 0.18972556503510582, 'b_dislocation_scale': 0.17493739098507774, 'gb_scale': 7.189787299109751, 'gd_bubble_scale': 0.4496353109443909, 'gd_line_scale': 5.499322440256136, 'gd_line_alpha': 0.8338888879204872, 'coalescence_d_scale': 0.33151878830237025, 'capture_scale': 1.879538852289119}. Best is trial 439 with value: 2.0849222767781237.
[I 2026-05-02 22:08:08,988] Trial 440 finished with value: 2.135544421634508 and parameters: {'f_n': 1.3376741501228454e-06, 'K_d': 222696.3926454462, 'rho_d': 30398403007825.895, 'fission_rate': 6.13861735893976e+19, 'Dg_D1_scale': 1.8108871912655338, 'Dg_D3_scale': 3.731505683333408, 'Dv_D1_scale': 0.25272544966134664, 'Dv_D2_scale': 2.8290304016155092, 'b_bulk_scale': 0.19364719848138875, 'b_dislocation_scale': 0.14746339787600796, 'gb_scale': 7.2729317647591, 'gd_bubble_scale': 0.4552896076488266, 'gd_line_scale': 5.88641564848533, 'gd_line_alpha': 0.8222210015337001, 'coalescence_d_scale': 0.3405569067009155, 'capture_scale': 1.2848330579076062}. Best is trial 439 with value: 2.0849222767781237.
[I 2026-05-02 22:08:13,948] Trial 441 finished with value: 2.0634440853616987 and parameters: {'f_n': 1.4695256119770139e-06, 'K_d': 237461.69395166807, 'rho_d': 31796675758084.348, 'fission_rate': 5.986007711013218e+19, 'Dg_D1_scale': 1.7894227765945008, 'Dg_D3_scale': 3.6137143846346382, 'Dv_D1_scale': 0.2411357474483121, 'Dv_D2_scale': 3.122627639301, 'b_bulk_scale': 0.18364464435813213, 'b_dislocation_scale': 0.17075279981145927, 'gb_scale': 6.231492072053609, 'gd_bubble_scale': 0.528474393285148, 'gd_line_scale': 5.214747320380268, 'gd_line_alpha': 0.8303159751117964, 'coalescence_d_scale': 0.3331831754544263, 'capture_scale': 1.789667159986449}. Best is trial 441 with value: 2.0634440853616987.
[I 2026-05-02 22:08:18,943] Trial 442 finished with value: 2.176633550262607 and parameters: {'f_n': 1.2839142754804004e-06, 'K_d': 227244.01965693224, 'rho_d': 31610999345501.062, 'fission_rate': 5.891428524357561e+19, 'Dg_D1_scale': 1.734559526870038, 'Dg_D3_scale': 3.7752714046031506, 'Dv_D1_scale': 0.25511006446788115, 'Dv_D2_scale': 3.199467551677484, 'b_bulk_scale': 0.22897860737734047, 'b_dislocation_scale': 0.16213453972813907, 'gb_scale': 5.460434096485773, 'gd_bubble_scale': 0.5346092861736802, 'gd_line_scale': 5.269021801451298, 'gd_line_alpha': 0.8232422134058335, 'coalescence_d_scale': 0.3297112942822504, 'capture_scale': 1.7287656810888286}. Best is trial 441 with value: 2.0634440853616987.
[I 2026-05-02 22:08:23,924] Trial 443 finished with value: 2.1426116902683097 and parameters: {'f_n': 1.4938835667882913e-06, 'K_d': 234277.24888852128, 'rho_d': 30468041237878.89, 'fission_rate': 5.922245003249596e+19, 'Dg_D1_scale': 1.7879361896002135, 'Dg_D3_scale': 3.666268164641145, 'Dv_D1_scale': 0.2443362793236777, 'Dv_D2_scale': 2.7083613881909474, 'b_bulk_scale': 0.19807564603904387, 'b_dislocation_scale': 0.1406408787731031, 'gb_scale': 6.083145946618544, 'gd_bubble_scale': 0.5171541226066115, 'gd_line_scale': 5.410047978917435, 'gd_line_alpha': 0.8403633943285485, 'coalescence_d_scale': 0.31091016681000666, 'capture_scale': 1.52386294285352}. Best is trial 441 with value: 2.0634440853616987.
[I 2026-05-02 22:08:28,994] Trial 444 finished with value: 2.0614202321115003 and parameters: {'f_n': 1.5439363470902208e-06, 'K_d': 256689.54907378476, 'rho_d': 32055160985300.832, 'fission_rate': 5.8501685922483765e+19, 'Dg_D1_scale': 1.7102971559888613, 'Dg_D3_scale': 3.7707435376934932, 'Dv_D1_scale': 0.23766383453508746, 'Dv_D2_scale': 3.1198138839290253, 'b_bulk_scale': 0.18547724361903925, 'b_dislocation_scale': 0.17400426492887539, 'gb_scale': 6.2714216010052475, 'gd_bubble_scale': 0.6128547401563453, 'gd_line_scale': 5.455386870028649, 'gd_line_alpha': 0.8346701657903689, 'coalescence_d_scale': 0.34983347599545106, 'capture_scale': 1.9092991415433034}. Best is trial 444 with value: 2.0614202321115003.Best trial: 441. Best value: 2.06344:  30%|██▉       | 444/1500 [30:48<1:24:12,  4.78s/it]Best trial: 444. Best value: 2.06142:  30%|██▉       | 444/1500 [30:49<1:24:12,  4.78s/it]Best trial: 444. Best value: 2.06142:  30%|██▉       | 445/1500 [30:49<1:25:40,  4.87s/it]                                                                                          Best trial: 444. Best value: 2.06142:  30%|██▉       | 445/1500 [30:54<1:25:40,  4.87s/it]Best trial: 444. Best value: 2.06142:  30%|██▉       | 445/1500 [30:54<1:25:40,  4.87s/it]Best trial: 444. Best value: 2.06142:  30%|██▉       | 446/1500 [30:54<1:26:42,  4.94s/it]                                                                                          Best trial: 444. Best value: 2.06142:  30%|██▉       | 446/1500 [30:57<1:26:42,  4.94s/it]Best trial: 444. Best value: 2.06142:  30%|██▉       | 446/1500 [30:57<1:26:42,  4.94s/it]Best trial: 444. Best value: 2.06142:  30%|██▉       | 447/1500 [30:57<1:18:32,  4.47s/it]                                                                                          Best trial: 444. Best value: 2.06142:  30%|██▉       | 447/1500 [31:01<1:18:32,  4.47s/it]Best trial: 444. Best value: 2.06142:  30%|██▉       | 447/1500 [31:02<1:18:32,  4.47s/it]Best trial: 444. Best value: 2.06142:  30%|██▉       | 448/1500 [31:02<1:18:46,  4.49s/it]                                                                                          Best trial: 444. Best value: 2.06142:  30%|██▉       | 448/1500 [31:07<1:18:46,  4.49s/it]Best trial: 444. Best value: 2.06142:  30%|██▉       | 448/1500 [31:07<1:18:46,  4.49s/it]Best trial: 444. Best value: 2.06142:  30%|██▉       | 449/1500 [31:07<1:21:39,  4.66s/it]                                                                                          Best trial: 444. Best value: 2.06142:  30%|██▉       | 449/1500 [31:12<1:21:39,  4.66s/it]Best trial: 444. Best value: 2.06142:  30%|██▉       | 449/1500 [31:12<1:21:39,  4.66s/it]Best trial: 444. Best value: 2.06142:  30%|███       | 450/1500 [31:12<1:23:48,  4.79s/it]                                                                                          Best trial: 444. Best value: 2.06142:  30%|███       | 450/1500 [31:17<1:23:48,  4.79s/it]Best trial: 444. Best value: 2.06142:  30%|███       | 450/1500 [31:17<1:23:48,  4.79s/it]Best trial: 444. Best value: 2.06142:  30%|███       | 451/1500 [31:17<1:25:19,  4.88s/it]                                                                                          Best trial: 444. Best value: 2.06142:  30%|███       | 451/1500 [31:22<1:25:19,  4.88s/it]Best trial: 444. Best value: 2.06142:  30%|███       | 451/1500 [31:22<1:25:19,  4.88s/it]Best trial: 444. Best value: 2.06142:  30%|███       | 452/1500 [31:22<1:25:35,  4.90s/it]                                                                                          Best trial: 444. Best value: 2.06142:  30%|███       | 452/1500 [31:26<1:25:35,  4.90s/it]Best trial: 444. Best value: 2.06142:  30%|███       | 452/1500 [31:26<1:25:35,  4.90s/it]Best trial: 444. Best value: 2.06142:  30%|███       | 453/1500 [31:26<1:21:56,  4.70s/it]                                                                                          Best trial: 444. Best value: 2.06142:  30%|███       | 453/1500 [31:29<1:21:56,  4.70s/it]Best trial: 444. Best value: 2.06142:  30%|███       | 453/1500 [31:29<1:21:56,  4.70s/it]Best trial: 444. Best value: 2.06142:  30%|███       | 454/1500 [31:29<1:12:40,  4.17s/it]                                                                                          Best trial: 444. Best value: 2.06142:  30%|███       | 454/1500 [31:34<1:12:40,  4.17s/it]Best trial: 444. Best value: 2.06142:  30%|███       | 454/1500 [31:34<1:12:40,  4.17s/it]Best trial: 444. Best value: 2.06142:  30%|███       | 455/1500 [31:34<1:17:18,  4.44s/it]                                                                                          Best trial: 444. Best value: 2.06142:  30%|███       | 455/1500 [31:39<1:17:18,  4.44s/it]Best trial: 444. Best value: 2.06142:  30%|███       | 455/1500 [31:39<1:17:18,  4.44s/it]Best trial: 444. Best value: 2.06142:  30%|███       | 456/1500 [31:39<1:20:06,  4.60s/it]                                                                                          
[I 2026-05-02 22:08:34,086] Trial 445 finished with value: 2.1168028350006014 and parameters: {'f_n': 1.3091549597242387e-06, 'K_d': 225701.15220476076, 'rho_d': 31492512869177.043, 'fission_rate': 5.8166168173146186e+19, 'Dg_D1_scale': 1.5600882422886022, 'Dg_D3_scale': 3.973971829865038, 'Dv_D1_scale': 0.25751941252190663, 'Dv_D2_scale': 2.7428262712567384, 'b_bulk_scale': 0.18109763155938113, 'b_dislocation_scale': 0.17743498175812, 'gb_scale': 6.236496791543842, 'gd_bubble_scale': 0.4476383833881868, 'gd_line_scale': 5.533879365949328, 'gd_line_alpha': 0.8329550977245914, 'coalescence_d_scale': 0.1002000438083984, 'capture_scale': 1.9637797829230654}. Best is trial 444 with value: 2.0614202321115003.
[I 2026-05-02 22:08:37,485] Trial 446 finished with value: 2.3021596550235492 and parameters: {'f_n': 1.5095238083110331e-06, 'K_d': 249407.30201079696, 'rho_d': 31998542656130.68, 'fission_rate': 5.8516148144745734e+19, 'Dg_D1_scale': 1.5082999839063964, 'Dg_D3_scale': 3.963332026654099, 'Dv_D1_scale': 0.2595494175570203, 'Dv_D2_scale': 0.555461249694611, 'b_bulk_scale': 0.1793159133507936, 'b_dislocation_scale': 0.1848628210305282, 'gb_scale': 6.2320287733632895, 'gd_bubble_scale': 0.6448783211048198, 'gd_line_scale': 5.444862530337656, 'gd_line_alpha': 0.8248660193623757, 'coalescence_d_scale': 0.12694587493361298, 'capture_scale': 1.793025454413323}. Best is trial 444 with value: 2.0614202321115003.
[I 2026-05-02 22:08:42,023] Trial 447 finished with value: 3.872500284965366 and parameters: {'f_n': 1.2624158323393142e-06, 'K_d': 246220.60741979541, 'rho_d': 33057031608255.848, 'fission_rate': 6.00910677535962e+19, 'Dg_D1_scale': 1.6005352801415482, 'Dg_D3_scale': 3.9613116817795704, 'Dv_D1_scale': 0.24566216835459617, 'Dv_D2_scale': 2.562024053544385, 'b_bulk_scale': 0.18875168312795274, 'b_dislocation_scale': 0.15433272300818568, 'gb_scale': 6.079169972425519, 'gd_bubble_scale': 0.47368258614854947, 'gd_line_scale': 0.876297773359403, 'gd_line_alpha': 0.8420892566146776, 'coalescence_d_scale': 0.10858945148254397, 'capture_scale': 1.4318739526222652}. Best is trial 444 with value: 2.0614202321115003.
[I 2026-05-02 22:08:47,076] Trial 448 finished with value: 2.106809432936548 and parameters: {'f_n': 1.2455687057954462e-06, 'K_d': 240818.85139686914, 'rho_d': 30278640006176.156, 'fission_rate': 5.788631357957975e+19, 'Dg_D1_scale': 1.72965352488458, 'Dg_D3_scale': 3.6958186167956435, 'Dv_D1_scale': 0.26261118041287046, 'Dv_D2_scale': 2.2881506734753887, 'b_bulk_scale': 0.16673308522897853, 'b_dislocation_scale': 0.18187364291928595, 'gb_scale': 6.679767033894103, 'gd_bubble_scale': 0.5964641635972064, 'gd_line_scale': 5.662487670126886, 'gd_line_alpha': 0.8352973119680374, 'coalescence_d_scale': 0.33971288770818414, 'capture_scale': 1.8771131529684526}. Best is trial 444 with value: 2.0614202321115003.
[I 2026-05-02 22:08:52,161] Trial 449 finished with value: 2.1456370429013103 and parameters: {'f_n': 1.2928818208409428e-06, 'K_d': 259142.4709345949, 'rho_d': 29686878540251.883, 'fission_rate': 5.757164077660329e+19, 'Dg_D1_scale': 1.5574258907105631, 'Dg_D3_scale': 3.7904391344482717, 'Dv_D1_scale': 0.26571564796098, 'Dv_D2_scale': 2.1558482582210687, 'b_bulk_scale': 0.16702660921403795, 'b_dislocation_scale': 0.18729865512952018, 'gb_scale': 5.683991577331498, 'gd_bubble_scale': 0.6350856698929227, 'gd_line_scale': 5.565192984179028, 'gd_line_alpha': 0.8373675750275745, 'coalescence_d_scale': 0.12225400621773845, 'capture_scale': 1.745824088024328}. Best is trial 444 with value: 2.0614202321115003.
