[I 2026-05-02 23:35:27,514] Trial 1404 finished with value: 2.0767297202800776 and parameters: {'f_n': 2.813638643090171e-07, 'K_d': 146151.03261740057, 'rho_d': 75146790458135.61, 'fission_rate': 4.849408421569238e+19, 'Dg_D1_scale': 0.21854623623227043, 'Dg_D3_scale': 2.6314366110494767, 'Dv_D1_scale': 0.43402427857195014, 'Dv_D2_scale': 3.3995361527911543, 'b_bulk_scale': 0.34865908468763973, 'b_dislocation_scale': 0.08380000084925057, 'gb_scale': 2.232828779953671, 'gd_bubble_scale': 0.15110477924361593, 'gd_line_scale': 0.4551127245350528, 'gd_line_alpha': 0.6940846337593434, 'coalescence_d_scale': 0.4340186403608732, 'capture_scale': 0.07561738604645468}. Best is trial 1282 with value: 2.0082570421242427.Best trial: 1282. Best value: 2.00826:  94%|█████████▎| 1404/1500 [1:57:47<09:30,  5.94s/it]Best trial: 1282. Best value: 2.00826:  94%|█████████▎| 1404/1500 [1:57:47<09:30,  5.94s/it]Best trial: 1282. Best value: 2.00826:  94%|█████████▎| 1405/1500 [1:57:47<08:43,  5.51s/it]                                                                                            Best trial: 1282. Best value: 2.00826:  94%|█████████▎| 1405/1500 [1:57:53<08:43,  5.51s/it]Best trial: 1282. Best value: 2.00826:  94%|█████████▎| 1405/1500 [1:57:53<08:43,  5.51s/it]Best trial: 1282. Best value: 2.00826:  94%|█████████▎| 1406/1500 [1:57:53<08:48,  5.62s/it]                                                                                            Best trial: 1282. Best value: 2.00826:  94%|█████████▎| 1406/1500 [1:57:59<08:48,  5.62s/it]Best trial: 1282. Best value: 2.00826:  94%|█████████▎| 1406/1500 [1:57:59<08:48,  5.62s/it]Best trial: 1282. Best value: 2.00826:  94%|█████████▍| 1407/1500 [1:57:59<08:57,  5.78s/it]                                                                                            Best trial: 1282. Best value: 2.00826:  94%|█████████▍| 1407/1500 [1:58:05<08:57,  5.78s/it]Best trial: 1282. Best value: 2.00826:  94%|█████████▍| 1407/1500 [1:58:05<08:57,  5.78s/it]Best trial: 1282. Best value: 2.00826:  94%|█████████▍| 1408/1500 [1:58:05<08:57,  5.85s/it]                                                                                            Best trial: 1282. Best value: 2.00826:  94%|█████████▍| 1408/1500 [1:58:11<08:57,  5.85s/it]Best trial: 1282. Best value: 2.00826:  94%|█████████▍| 1408/1500 [1:58:11<08:57,  5.85s/it]Best trial: 1282. Best value: 2.00826:  94%|█████████▍| 1409/1500 [1:58:11<08:57,  5.91s/it]                                                                                            Best trial: 1282. Best value: 2.00826:  94%|█████████▍| 1409/1500 [1:58:15<08:57,  5.91s/it]Best trial: 1282. Best value: 2.00826:  94%|█████████▍| 1409/1500 [1:58:16<08:57,  5.91s/it]Best trial: 1282. Best value: 2.00826:  94%|█████████▍| 1410/1500 [1:58:16<08:10,  5.44s/it]                                                                                            Best trial: 1282. Best value: 2.00826:  94%|█████████▍| 1410/1500 [1:58:22<08:10,  5.44s/it]Best trial: 1282. Best value: 2.00826:  94%|█████████▍| 1410/1500 [1:58:22<08:10,  5.44s/it]Best trial: 1282. Best value: 2.00826:  94%|█████████▍| 1411/1500 [1:58:22<08:24,  5.67s/it]                                                                                            Best trial: 1282. Best value: 2.00826:  94%|█████████▍| 1411/1500 [1:58:28<08:24,  5.67s/it]Best trial: 1282. Best value: 2.00826:  94%|█████████▍| 1411/1500 [1:58:28<08:24,  5.67s/it]Best trial: 1282. Best value: 2.00826:  94%|█████████▍| 1412/1500 [1:58:28<08:31,  5.82s/it]                                                                                            Best trial: 1282. Best value: 2.00826:  94%|█████████▍| 1412/1500 [1:58:34<08:31,  5.82s/it]Best trial: 1282. Best value: 2.00826:  94%|█████████▍| 1412/1500 [1:58:34<08:31,  5.82s/it]Best trial: 1282. Best value: 2.00826:  94%|█████████▍| 1413/1500 [1:58:34<08:26,  5.83s/it]                                                                                            Best trial: 1282. Best value: 2.00826:  94%|█████████▍| 1413/1500 [1:58:39<08:26,  5.83s/it]Best trial: 1282. Best value: 2.00826:  94%|█████████▍| 1413/1500 [1:58:40<08:26,  5.83s/it]Best trial: 1282. Best value: 2.00826:  94%|█████████▍| 1414/1500 [1:58:40<08:20,  5.82s/it]                                                                                            Best trial: 1282. Best value: 2.00826:  94%|█████████▍| 1414/1500 [1:58:44<08:20,  5.82s/it]Best trial: 1282. Best value: 2.00826:  94%|█████████▍| 1414/1500 [1:58:44<08:20,  5.82s/it]Best trial: 1282. Best value: 2.00826:  94%|█████████▍| 1415/1500 [1:58:44<07:32,  5.32s/it]                                                                                            Best trial: 1282. Best value: 2.00826:  94%|█████████▍| 1415/1500 [1:58:49<07:32,  5.32s/it]Best trial: 1282. Best value: 2.00826:  94%|█████████▍| 1415/1500 [1:58:49<07:32,  5.32s/it]Best trial: 1282. Best value: 2.00826:  94%|█████████▍| 1416/1500 [1:58:49<07:36,  5.43s/it]                                                                                            
[I 2026-05-02 23:35:33,371] Trial 1405 finished with value: 2.117095017042563 and parameters: {'f_n': 2.3800520505328258e-07, 'K_d': 154416.87932492397, 'rho_d': 69507240780225.03, 'fission_rate': 5.0788154477309e+19, 'Dg_D1_scale': 0.17235045028427656, 'Dg_D3_scale': 1.9521593404907442, 'Dv_D1_scale': 0.4237812226788766, 'Dv_D2_scale': 3.4146120938177558, 'b_bulk_scale': 0.2931299728003556, 'b_dislocation_scale': 0.07767649311020254, 'gb_scale': 2.5239248886661008, 'gd_bubble_scale': 0.14622029234691958, 'gd_line_scale': 0.5914540696532573, 'gd_line_alpha': 0.6842248651558781, 'coalescence_d_scale': 0.3753093317545816, 'capture_scale': 0.09112363252597219}. Best is trial 1282 with value: 2.0082570421242427.
[I 2026-05-02 23:35:39,544] Trial 1406 finished with value: 3.574188017347548 and parameters: {'f_n': 2.998917197551598e-07, 'K_d': 145843.78400963265, 'rho_d': 74532837273095.19, 'fission_rate': 4.7700374942389445e+19, 'Dg_D1_scale': 0.24018942273920227, 'Dg_D3_scale': 1.794545286986702, 'Dv_D1_scale': 0.4051348325302862, 'Dv_D2_scale': 3.141353274455783, 'b_bulk_scale': 0.3292568544971058, 'b_dislocation_scale': 0.09026242416784004, 'gb_scale': 2.8773362767894364, 'gd_bubble_scale': 2.427161880293844, 'gd_line_scale': 0.06310799217241957, 'gd_line_alpha': 0.6694463661429633, 'coalescence_d_scale': 0.4150128571188771, 'capture_scale': 0.06801234631642997}. Best is trial 1282 with value: 2.0082570421242427.
[I 2026-05-02 23:35:45,538] Trial 1407 finished with value: 2.108357787185075 and parameters: {'f_n': 2.4771385109366795e-07, 'K_d': 140830.18210183785, 'rho_d': 69164899226442.63, 'fission_rate': 4.941734497144423e+19, 'Dg_D1_scale': 0.23198292352147956, 'Dg_D3_scale': 2.19338289202688, 'Dv_D1_scale': 0.3785645898055933, 'Dv_D2_scale': 3.4994383951772203, 'b_bulk_scale': 0.3687758973571599, 'b_dislocation_scale': 0.07350115612616935, 'gb_scale': 2.6595855838637905, 'gd_bubble_scale': 0.1635844332084975, 'gd_line_scale': 0.5100345881757123, 'gd_line_alpha': 0.6507668045193427, 'coalescence_d_scale': 0.3939888291725703, 'capture_scale': 0.08608642566653292}. Best is trial 1282 with value: 2.0082570421242427.
[I 2026-05-02 23:35:51,592] Trial 1408 finished with value: 10.328025939128537 and parameters: {'f_n': 4.7340021189195043e-07, 'K_d': 136171.40448779913, 'rho_d': 74561913212038.23, 'fission_rate': 4.880198851447321e+19, 'Dg_D1_scale': 0.25528616267753296, 'Dg_D3_scale': 2.4730943952015, 'Dv_D1_scale': 0.38916519293301394, 'Dv_D2_scale': 3.3090408885474982, 'b_bulk_scale': 0.30177293421403184, 'b_dislocation_scale': 0.06870934644401096, 'gb_scale': 0.1937702044088527, 'gd_bubble_scale': 0.18884231324427525, 'gd_line_scale': 0.4688705301710467, 'gd_line_alpha': 0.7125578567648038, 'coalescence_d_scale': 6.605786028312423, 'capture_scale': 0.07851069423272944}. Best is trial 1282 with value: 2.0082570421242427.
[I 2026-05-02 23:35:55,953] Trial 1409 finished with value: 2.090586110908942 and parameters: {'f_n': 2.1445511923840622e-07, 'K_d': 143713.13354712797, 'rho_d': 67874772923269.63, 'fission_rate': 5.003057651179432e+19, 'Dg_D1_scale': 0.25999736341669216, 'Dg_D3_scale': 2.714972097996434, 'Dv_D1_scale': 0.37132689661661883, 'Dv_D2_scale': 3.599470642971838, 'b_bulk_scale': 0.2722884671716389, 'b_dislocation_scale': 0.0853281698327098, 'gb_scale': 2.408634414160224, 'gd_bubble_scale': 0.14617888917879995, 'gd_line_scale': 0.5811888564703136, 'gd_line_alpha': 0.6399949602765423, 'coalescence_d_scale': 0.4425161638520296, 'capture_scale': 0.057287053330176016}. Best is trial 1282 with value: 2.0082570421242427.
[I 2026-05-02 23:36:02,156] Trial 1410 finished with value: 2.2164950357561866 and parameters: {'f_n': 3.715860128211485e-07, 'K_d': 133019.2272280263, 'rho_d': 65579859984851.86, 'fission_rate': 4.7584491325785506e+19, 'Dg_D1_scale': 0.23251057820637547, 'Dg_D3_scale': 1.958591149630134, 'Dv_D1_scale': 0.27994148833114535, 'Dv_D2_scale': 3.621954525789855, 'b_bulk_scale': 0.3444017352649088, 'b_dislocation_scale': 0.09542562167497193, 'gb_scale': 2.993553787081579, 'gd_bubble_scale': 0.16609879740335773, 'gd_line_scale': 0.5171228326634875, 'gd_line_alpha': 0.6620456077856798, 'coalescence_d_scale': 0.37437534789261295, 'capture_scale': 0.06827964075063117}. Best is trial 1282 with value: 2.0082570421242427.
[I 2026-05-02 23:36:08,314] Trial 1411 finished with value: 3.1483024709517005 and parameters: {'f_n': 4.992244970865302e-07, 'K_d': 138329.59533868646, 'rho_d': 19348872897711.445, 'fission_rate': 4.827984917517829e+19, 'Dg_D1_scale': 0.2070988171311413, 'Dg_D3_scale': 1.238160216912415, 'Dv_D1_scale': 0.4268959510252918, 'Dv_D2_scale': 3.454802181069444, 'b_bulk_scale': 0.31695149041500686, 'b_dislocation_scale': 0.06411124771455856, 'gb_scale': 2.0570628753091404, 'gd_bubble_scale': 0.1362787404175666, 'gd_line_scale': 0.649547931152845, 'gd_line_alpha': 0.6906728009068839, 'coalescence_d_scale': 0.4190414577194503, 'capture_scale': 0.0866271176693493}. Best is trial 1282 with value: 2.0082570421242427.
[I 2026-05-02 23:36:14,163] Trial 1412 finished with value: 2.0145154205729163 and parameters: {'f_n': 3.227853052064572e-07, 'K_d': 147847.92684363772, 'rho_d': 72585953522199.14, 'fission_rate': 5.051469620688849e+19, 'Dg_D1_scale': 0.24473978753131298, 'Dg_D3_scale': 1.6558133981156127, 'Dv_D1_scale': 0.39779728061078945, 'Dv_D2_scale': 3.7703792135291634, 'b_bulk_scale': 0.37806607275629084, 'b_dislocation_scale': 0.07750712040508242, 'gb_scale': 2.756733355829442, 'gd_bubble_scale': 0.15485343465534596, 'gd_line_scale': 0.44945862203058345, 'gd_line_alpha': 0.6437854283895109, 'coalescence_d_scale': 0.45453608927703093, 'capture_scale': 0.09677194086893186}. Best is trial 1282 with value: 2.0082570421242427.
[I 2026-05-02 23:36:19,982] Trial 1413 finished with value: 2.0251895751960447 and parameters: {'f_n': 2.9575488087830244e-07, 'K_d': 122730.36170497365, 'rho_d': 66968670693656.055, 'fission_rate': 5.124484550783327e+19, 'Dg_D1_scale': 0.21565410454620945, 'Dg_D3_scale': 1.6509048730173606, 'Dv_D1_scale': 0.4157927380079735, 'Dv_D2_scale': 3.735826305775477, 'b_bulk_scale': 0.40414660040263717, 'b_dislocation_scale': 0.054777131724785086, 'gb_scale': 2.9900083706592793, 'gd_bubble_scale': 0.1972401274537389, 'gd_line_scale': 0.415742930062947, 'gd_line_alpha': 0.6451710635892892, 'coalescence_d_scale': 0.3623776397490188, 'capture_scale': 0.09789923869965766}. Best is trial 1282 with value: 2.0082570421242427.
[I 2026-05-02 23:36:24,137] Trial 1414 finished with value: 3.780121399960663 and parameters: {'f_n': 2.617167806752592e-07, 'K_d': 152439.76786889537, 'rho_d': 70394380295309.34, 'fission_rate': 5.133619679332969e+19, 'Dg_D1_scale': 0.21055178425470195, 'Dg_D3_scale': 1.5535698173951211, 'Dv_D1_scale': 0.43762680215627264, 'Dv_D2_scale': 3.7772936215591257, 'b_bulk_scale': 0.3874013516805119, 'b_dislocation_scale': 0.0511270576639364, 'gb_scale': 0.44851972723281686, 'gd_bubble_scale': 0.19572864554056285, 'gd_line_scale': 0.3942962361817883, 'gd_line_alpha': 0.6261965952088843, 'coalescence_d_scale': 0.35207864229493246, 'capture_scale': 0.04705508998093899}. Best is trial 1282 with value: 2.0082570421242427.
[I 2026-05-02 23:36:29,821] Trial 1415 finished with value: 2.050994111558327 and parameters: {'f_n': 2.94400882529506e-07, 'K_d': 152850.82952941436, 'rho_d': 67791822952987.7, 'fission_rate': 5.254545155693982e+19, 'Dg_D1_scale': 0.21838301454170259, 'Dg_D3_scale': 1.4186790696372484, 'Dv_D1_scale': 0.4428978092697609, 'Dv_D2_scale': 3.783665225433893, 'b_bulk_scale': 0.3862568998335539, 'b_dislocation_scale': 0.05146167767618115, 'gb_scale': 2.9932172339547893, 'gd_bubble_scale': 0.21136408108599397, 'gd_line_scale': 0.3614421968911958, 'gd_line_alpha': 0.6383167117610383, 'coalescence_d_scale': 0.3399724111652405, 'capture_scale': 0.1010812539816401}. Best is trial 1282 with value: 2.0082570421242427.
[I 2026-05-02 23:36:35,533] Trial 1416 finished with value: 2.2137187667951337 and parameters: {'f_n': 3.073973969156597e-07, 'K_d': 151143.9135939306, 'rho_d': 66704544400320.53, 'fission_rate': 5.191349113380687e+19, 'Dg_D1_scale': 0.19663095513624854, 'Dg_D3_scale': 1.5686000029510263, 'Dv_D1_scale': 0.41852296778588066, 'Dv_D2_scale': 3.794926504106443, 'b_bulk_scale': 0.35052609403167234, 'b_dislocation_scale': 0.04681040238564953, 'gb_scale': 3.1209862002178346, 'gd_bubble_scale': 0.18433301329517096, 'gd_line_scale': 0.3155201645029847, 'gd_line_alpha': 0.6379003024356769, 'coalescence_d_scale': 0.36228413776676255, 'capture_scale': 0.101425466083295}. Best is trial 1282 with value: 2.0082570421242427.Best trial: 1282. Best value: 2.00826:  94%|█████████▍| 1416/1500 [1:58:55<07:36,  5.43s/it]Best trial: 1282. Best value: 2.00826:  94%|█████████▍| 1416/1500 [1:58:55<07:36,  5.43s/it]Best trial: 1282. Best value: 2.00826:  94%|█████████▍| 1417/1500 [1:58:55<07:37,  5.52s/it]                                                                                            Best trial: 1282. Best value: 2.00826:  94%|█████████▍| 1417/1500 [1:59:01<07:37,  5.52s/it]Best trial: 1282. Best value: 2.00826:  94%|█████████▍| 1417/1500 [1:59:01<07:37,  5.52s/it]Best trial: 1282. Best value: 2.00826:  95%|█████████▍| 1418/1500 [1:59:01<07:41,  5.63s/it]                                                                                            Best trial: 1282. Best value: 2.00826:  95%|█████████▍| 1418/1500 [1:59:04<07:41,  5.63s/it]Best trial: 1282. Best value: 2.00826:  95%|█████████▍| 1418/1500 [1:59:05<07:41,  5.63s/it]Best trial: 1282. Best value: 2.00826:  95%|█████████▍| 1419/1500 [1:59:05<06:44,  4.99s/it]                                                                                            Best trial: 1282. Best value: 2.00826:  95%|█████████▍| 1419/1500 [1:59:10<06:44,  4.99s/it]Best trial: 1282. Best value: 2.00826:  95%|█████████▍| 1419/1500 [1:59:10<06:44,  4.99s/it]Best trial: 1282. Best value: 2.00826:  95%|█████████▍| 1420/1500 [1:59:10<06:59,  5.25s/it]                                                                                            Best trial: 1282. Best value: 2.00826:  95%|█████████▍| 1420/1500 [1:59:14<06:59,  5.25s/it]Best trial: 1282. Best value: 2.00826:  95%|█████████▍| 1420/1500 [1:59:14<06:59,  5.25s/it]Best trial: 1282. Best value: 2.00826:  95%|█████████▍| 1421/1500 [1:59:14<06:24,  4.87s/it]                                                                                            Best trial: 1282. Best value: 2.00826:  95%|█████████▍| 1421/1500 [1:59:20<06:24,  4.87s/it]Best trial: 1282. Best value: 2.00826:  95%|█████████▍| 1421/1500 [1:59:20<06:24,  4.87s/it]Best trial: 1282. Best value: 2.00826:  95%|█████████▍| 1422/1500 [1:59:20<06:41,  5.14s/it]                                                                                            Best trial: 1282. Best value: 2.00826:  95%|█████████▍| 1422/1500 [1:59:26<06:41,  5.14s/it]Best trial: 1282. Best value: 2.00826:  95%|█████████▍| 1422/1500 [1:59:26<06:41,  5.14s/it]Best trial: 1282. Best value: 2.00826:  95%|█████████▍| 1423/1500 [1:59:26<06:54,  5.38s/it]                                                                                            Best trial: 1282. Best value: 2.00826:  95%|█████████▍| 1423/1500 [1:59:32<06:54,  5.38s/it]Best trial: 1282. Best value: 2.00826:  95%|█████████▍| 1423/1500 [1:59:32<06:54,  5.38s/it]Best trial: 1282. Best value: 2.00826:  95%|█████████▍| 1424/1500 [1:59:32<06:57,  5.49s/it]                                                                                            Best trial: 1282. Best value: 2.00826:  95%|█████████▍| 1424/1500 [1:59:37<06:57,  5.49s/it]Best trial: 1282. Best value: 2.00826:  95%|█████████▍| 1424/1500 [1:59:38<06:57,  5.49s/it]Best trial: 1282. Best value: 2.00826:  95%|█████████▌| 1425/1500 [1:59:38<06:56,  5.55s/it]                                                                                            Best trial: 1282. Best value: 2.00826:  95%|█████████▌| 1425/1500 [1:59:43<06:56,  5.55s/it]Best trial: 1282. Best value: 2.00826:  95%|█████████▌| 1425/1500 [1:59:43<06:56,  5.55s/it]Best trial: 1282. Best value: 2.00826:  95%|█████████▌| 1426/1500 [1:59:43<06:49,  5.53s/it]                                                                                            Best trial: 1282. Best value: 2.00826:  95%|█████████▌| 1426/1500 [1:59:47<06:49,  5.53s/it]Best trial: 1282. Best value: 2.00826:  95%|█████████▌| 1426/1500 [1:59:47<06:49,  5.53s/it]Best trial: 1282. Best value: 2.00826:  95%|█████████▌| 1427/1500 [1:59:47<06:13,  5.12s/it]                                                                                            Best trial: 1282. Best value: 2.00826:  95%|█████████▌| 1427/1500 [1:59:53<06:13,  5.12s/it]Best trial: 1282. Best value: 2.00826:  95%|█████████▌| 1427/1500 [1:59:53<06:13,  5.12s/it]Best trial: 1282. Best value: 2.00826:  95%|█████████▌| 1428/1500 [1:59:53<06:21,  5.29s/it]                                                                                            
[I 2026-05-02 23:36:41,416] Trial 1417 finished with value: 2.048628012373054 and parameters: {'f_n': 2.2570156677228822e-07, 'K_d': 118717.70125725525, 'rho_d': 71668367538083.95, 'fission_rate': 5.075967016093143e+19, 'Dg_D1_scale': 0.20819992562940984, 'Dg_D3_scale': 1.5226030793468044, 'Dv_D1_scale': 0.39975006849518746, 'Dv_D2_scale': 3.5862221311667875, 'b_bulk_scale': 0.3761068895484164, 'b_dislocation_scale': 0.04756870929836657, 'gb_scale': 3.2043456523537337, 'gd_bubble_scale': 0.17582874330204978, 'gd_line_scale': 0.38067719980728276, 'gd_line_alpha': 0.6423519544239714, 'coalescence_d_scale': 0.3655461334199316, 'capture_scale': 0.10069586392356526}. Best is trial 1282 with value: 2.0082570421242427.
[I 2026-05-02 23:36:44,928] Trial 1418 finished with value: 4.1479792937263245 and parameters: {'f_n': 2.5145379206357245e-07, 'K_d': 150042.33742829436, 'rho_d': 65540926369273.73, 'fission_rate': 5.176224793793633e+19, 'Dg_D1_scale': 0.2208716631914109, 'Dg_D3_scale': 1.4637098652653346, 'Dv_D1_scale': 0.41180564596220903, 'Dv_D2_scale': 3.791794534603067, 'b_bulk_scale': 0.3322778791166626, 'b_dislocation_scale': 0.46284146723995495, 'gb_scale': 2.907932701767676, 'gd_bubble_scale': 0.20697816637195926, 'gd_line_scale': 0.4254949546198409, 'gd_line_alpha': 0.6525409596177284, 'coalescence_d_scale': 0.3353057472420382, 'capture_scale': 0.10179708677867648}. Best is trial 1282 with value: 2.0082570421242427.
[I 2026-05-02 23:36:50,778] Trial 1419 finished with value: 2.0243959160790115 and parameters: {'f_n': 2.6872785033255396e-07, 'K_d': 144402.19629852305, 'rho_d': 69820516391912.914, 'fission_rate': 5.111650839916228e+19, 'Dg_D1_scale': 0.22575416587243893, 'Dg_D3_scale': 1.3756780148068728, 'Dv_D1_scale': 0.4413296088740182, 'Dv_D2_scale': 3.9972227977387194, 'b_bulk_scale': 0.39620704982001825, 'b_dislocation_scale': 0.05477161255459138, 'gb_scale': 3.2619323280154497, 'gd_bubble_scale': 0.19733709091476517, 'gd_line_scale': 0.4271447762489033, 'gd_line_alpha': 0.6175745938883026, 'coalescence_d_scale': 0.33450180163648585, 'capture_scale': 0.10746998154009985}. Best is trial 1282 with value: 2.0082570421242427.
[I 2026-05-02 23:36:54,756] Trial 1420 finished with value: 2.052111746190848 and parameters: {'f_n': 3.115253263048266e-07, 'K_d': 153516.6542610394, 'rho_d': 72401250318089.56, 'fission_rate': 5.3802812581277475e+19, 'Dg_D1_scale': 0.18125424358730965, 'Dg_D3_scale': 1.4010429799576776, 'Dv_D1_scale': 0.4452250060543284, 'Dv_D2_scale': 3.836121394140893, 'b_bulk_scale': 0.4109082825983629, 'b_dislocation_scale': 0.04365749259295596, 'gb_scale': 3.3349206021408664, 'gd_bubble_scale': 0.21769514386664335, 'gd_line_scale': 0.3401429766990846, 'gd_line_alpha': 0.6152300117735707, 'coalescence_d_scale': 0.318815300411142, 'capture_scale': 0.11238956013309603}. Best is trial 1282 with value: 2.0082570421242427.
[I 2026-05-02 23:37:00,548] Trial 1421 finished with value: 2.040030322903163 and parameters: {'f_n': 2.9989220572975967e-07, 'K_d': 157593.3817720528, 'rho_d': 70046499965332.8, 'fission_rate': 5.270151925166327e+19, 'Dg_D1_scale': 0.2252080081081368, 'Dg_D3_scale': 1.5420615335148236, 'Dv_D1_scale': 0.44736467564145954, 'Dv_D2_scale': 3.8064815557051737, 'b_bulk_scale': 0.3972841935456406, 'b_dislocation_scale': 0.04391601460261084, 'gb_scale': 3.2432821755694916, 'gd_bubble_scale': 0.22234249965623362, 'gd_line_scale': 0.3700611370236379, 'gd_line_alpha': 0.6295964312494887, 'coalescence_d_scale': 0.31962763820403567, 'capture_scale': 0.10964860239561312}. Best is trial 1282 with value: 2.0082570421242427.
