[I 2026-05-02 23:30:21,358] Trial 1350 finished with value: 2.008677916637124 and parameters: {'f_n': 5.48140944184235e-07, 'K_d': 129532.53043461003, 'rho_d': 74355030022647.25, 'fission_rate': 4.9814803783704396e+19, 'Dg_D1_scale': 0.247626245978925, 'Dg_D3_scale': 1.9432820677692386, 'Dv_D1_scale': 0.30204186786227283, 'Dv_D2_scale': 3.747189535963507, 'b_bulk_scale': 0.4143630435451848, 'b_dislocation_scale': 0.07868194522078237, 'gb_scale': 3.039654374636824, 'gd_bubble_scale': 0.15758465846974493, 'gd_line_scale': 0.5412883392988116, 'gd_line_alpha': 0.6932688886764167, 'coalescence_d_scale': 0.4321876564933439, 'capture_scale': 0.07738595507276701}. Best is trial 1282 with value: 2.0082570421242427.
[I 2026-05-02 23:30:27,448] Trial 1351 finished with value: 2.20900276444177 and parameters: {'f_n': 8.038596996691781e-07, 'K_d': 122823.62544067357, 'rho_d': 67969172032522.31, 'fission_rate': 4.872606417253656e+19, 'Dg_D1_scale': 0.2391739898734024, 'Dg_D3_scale': 1.6207082027413278, 'Dv_D1_scale': 0.2821060255133817, 'Dv_D2_scale': 1.2801552089530208, 'b_bulk_scale': 0.4552121349165658, 'b_dislocation_scale': 0.07979847763082108, 'gb_scale': 3.0638543707586092, 'gd_bubble_scale': 0.1877019352177564, 'gd_line_scale': 0.5457533779426341, 'gd_line_alpha': 0.7109080765771101, 'coalescence_d_scale': 0.42141180968021447, 'capture_scale': 0.06321184397661363}. Best is trial 1282 with value: 2.0082570421242427.
[I 2026-05-02 23:30:33,620] Trial 1352 finished with value: 2.132269099899285 and parameters: {'f_n': 6.669271800684448e-07, 'K_d': 129284.29024174185, 'rho_d': 75581548052057.48, 'fission_rate': 4.783522922603578e+19, 'Dg_D1_scale': 0.2304780575279782, 'Dg_D3_scale': 1.8933069532962292, 'Dv_D1_scale': 0.2785550663629328, 'Dv_D2_scale': 1.5296158750030402, 'b_bulk_scale': 0.39550711774237596, 'b_dislocation_scale': 0.07945564180385538, 'gb_scale': 3.022334783055356, 'gd_bubble_scale': 0.16993262327627154, 'gd_line_scale': 0.5409714254216459, 'gd_line_alpha': 0.7126131203282396, 'coalescence_d_scale': 0.3927669571466986, 'capture_scale': 0.06658380973531124}. Best is trial 1282 with value: 2.0082570421242427.
[I 2026-05-02 23:30:39,670] Trial 1353 finished with value: 4.084331628249452 and parameters: {'f_n': 8.018452706751891e-07, 'K_d': 121633.46229175935, 'rho_d': 73538325694835.9, 'fission_rate': 4.885493426423473e+19, 'Dg_D1_scale': 0.21833081526190629, 'Dg_D3_scale': 1.6946967684753227, 'Dv_D1_scale': 0.29565327821661247, 'Dv_D2_scale': 3.999443417669534, 'b_bulk_scale': 0.37728278445952174, 'b_dislocation_scale': 0.07619840120585969, 'gb_scale': 4.5176490678994, 'gd_bubble_scale': 0.16334903515893867, 'gd_line_scale': 0.11072482999754805, 'gd_line_alpha': 0.690170627230623, 'coalescence_d_scale': 0.38946855564942184, 'capture_scale': 0.054412197612864546}. Best is trial 1282 with value: 2.0082570421242427.
[I 2026-05-02 23:30:45,878] Trial 1354 finished with value: 3.0778227802128613 and parameters: {'f_n': 5.248181003631461e-07, 'K_d': 128707.9708507959, 'rho_d': 75024756545405.14, 'fission_rate': 4.737874406668214e+19, 'Dg_D1_scale': 0.256717283193178, 'Dg_D3_scale': 1.8153833422301737, 'Dv_D1_scale': 3.6874386433286506, 'Dv_D2_scale': 3.562021135705378, 'b_bulk_scale': 0.41372038749497836, 'b_dislocation_scale': 0.07946562714666726, 'gb_scale': 2.9990096388747323, 'gd_bubble_scale': 0.1910592297478244, 'gd_line_scale': 0.5562067422966674, 'gd_line_alpha': 0.6625000168573602, 'coalescence_d_scale': 0.43227850512596516, 'capture_scale': 0.07774073481932774}. Best is trial 1282 with value: 2.0082570421242427.
[I 2026-05-02 23:30:50,259] Trial 1355 finished with value: 2.376487242820468 and parameters: {'f_n': 6.233726237092222e-07, 'K_d': 496501.7014438691, 'rho_d': 78622658995518.89, 'fission_rate': 4.984651831581731e+19, 'Dg_D1_scale': 0.24140670876446485, 'Dg_D3_scale': 1.7489744178259847, 'Dv_D1_scale': 0.35368647940680853, 'Dv_D2_scale': 1.0089939092993954, 'b_bulk_scale': 0.4191481101053759, 'b_dislocation_scale': 0.08091851619811172, 'gb_scale': 1.257655540243272, 'gd_bubble_scale': 0.15784336881388178, 'gd_line_scale': 0.4871182788340877, 'gd_line_alpha': 0.7006690084741989, 'coalescence_d_scale': 0.3939139006768076, 'capture_scale': 0.0731206189326843}. Best is trial 1282 with value: 2.0082570421242427.
[I 2026-05-02 23:30:56,314] Trial 1356 finished with value: 4.333820545579521 and parameters: {'f_n': 8.07673889371886e-07, 'K_d': 120551.060571752, 'rho_d': 71018199511498.22, 'fission_rate': 4.815864646824937e+19, 'Dg_D1_scale': 0.24696298551458187, 'Dg_D3_scale': 1.9589542375032651, 'Dv_D1_scale': 0.3283223209801519, 'Dv_D2_scale': 3.7926739633411266, 'b_bulk_scale': 0.3718298126899798, 'b_dislocation_scale': 0.07284072403350868, 'gb_scale': 0.09394134822418479, 'gd_bubble_scale': 0.1854677143779217, 'gd_line_scale': 0.5105513248879295, 'gd_line_alpha': 0.6695936516903227, 'coalescence_d_scale': 0.4503709234322238, 'capture_scale': 0.04607039388121736}. Best is trial 1282 with value: 2.0082570421242427.Best trial: 1282. Best value: 2.00826:  90%|█████████ | 1356/1500 [1:53:16<13:12,  5.50s/it]Best trial: 1282. Best value: 2.00826:  90%|█████████ | 1356/1500 [1:53:16<13:12,  5.50s/it]Best trial: 1282. Best value: 2.00826:  90%|█████████ | 1357/1500 [1:53:16<13:30,  5.67s/it]                                                                                            Best trial: 1282. Best value: 2.00826:  90%|█████████ | 1357/1500 [1:53:22<13:30,  5.67s/it]Best trial: 1282. Best value: 2.00826:  90%|█████████ | 1357/1500 [1:53:22<13:30,  5.67s/it]Best trial: 1282. Best value: 2.00826:  91%|█████████ | 1358/1500 [1:53:22<13:49,  5.84s/it]                                                                                            Best trial: 1282. Best value: 2.00826:  91%|█████████ | 1358/1500 [1:53:28<13:49,  5.84s/it]Best trial: 1282. Best value: 2.00826:  91%|█████████ | 1358/1500 [1:53:28<13:49,  5.84s/it]Best trial: 1282. Best value: 2.00826:  91%|█████████ | 1359/1500 [1:53:28<13:48,  5.88s/it]                                                                                            Best trial: 1282. Best value: 2.00826:  91%|█████████ | 1359/1500 [1:53:34<13:48,  5.88s/it]Best trial: 1282. Best value: 2.00826:  91%|█████████ | 1359/1500 [1:53:34<13:48,  5.88s/it]Best trial: 1282. Best value: 2.00826:  91%|█████████ | 1360/1500 [1:53:34<13:53,  5.95s/it]                                                                                            Best trial: 1282. Best value: 2.00826:  91%|█████████ | 1360/1500 [1:53:39<13:53,  5.95s/it]Best trial: 1282. Best value: 2.00826:  91%|█████████ | 1360/1500 [1:53:39<13:53,  5.95s/it]Best trial: 1282. Best value: 2.00826:  91%|█████████ | 1361/1500 [1:53:39<12:53,  5.56s/it]                                                                                            Best trial: 1282. Best value: 2.00826:  91%|█████████ | 1361/1500 [1:53:45<12:53,  5.56s/it]Best trial: 1282. Best value: 2.00826:  91%|█████████ | 1361/1500 [1:53:45<12:53,  5.56s/it]Best trial: 1282. Best value: 2.00826:  91%|█████████ | 1362/1500 [1:53:45<13:14,  5.76s/it]                                                                                            Best trial: 1282. Best value: 2.00826:  91%|█████████ | 1362/1500 [1:53:51<13:14,  5.76s/it]Best trial: 1282. Best value: 2.00826:  91%|█████████ | 1362/1500 [1:53:51<13:14,  5.76s/it]Best trial: 1282. Best value: 2.00826:  91%|█████████ | 1363/1500 [1:53:51<13:25,  5.88s/it]                                                                                            Best trial: 1282. Best value: 2.00826:  91%|█████████ | 1363/1500 [1:53:57<13:25,  5.88s/it]Best trial: 1282. Best value: 2.00826:  91%|█████████ | 1363/1500 [1:53:57<13:25,  5.88s/it]Best trial: 1282. Best value: 2.00826:  91%|█████████ | 1364/1500 [1:53:57<13:23,  5.91s/it]                                                                                            Best trial: 1282. Best value: 2.00826:  91%|█████████ | 1364/1500 [1:54:03<13:23,  5.91s/it]Best trial: 1282. Best value: 2.00826:  91%|█████████ | 1364/1500 [1:54:03<13:23,  5.91s/it]Best trial: 1282. Best value: 2.00826:  91%|█████████ | 1365/1500 [1:54:03<13:14,  5.89s/it]                                                                                            Best trial: 1282. Best value: 2.00826:  91%|█████████ | 1365/1500 [1:54:09<13:14,  5.89s/it]Best trial: 1282. Best value: 2.00826:  91%|█████████ | 1365/1500 [1:54:09<13:14,  5.89s/it]Best trial: 1282. Best value: 2.00826:  91%|█████████ | 1366/1500 [1:54:09<13:07,  5.88s/it]                                                                                            Best trial: 1282. Best value: 2.00826:  91%|█████████ | 1366/1500 [1:54:13<13:07,  5.88s/it]Best trial: 1282. Best value: 2.00826:  91%|█████████ | 1366/1500 [1:54:13<13:07,  5.88s/it]Best trial: 1282. Best value: 2.00826:  91%|█████████ | 1367/1500 [1:54:13<11:53,  5.36s/it]                                                                                            Best trial: 1282. Best value: 2.00826:  91%|█████████ | 1367/1500 [1:54:19<11:53,  5.36s/it]Best trial: 1282. Best value: 2.00826:  91%|█████████ | 1367/1500 [1:54:19<11:53,  5.36s/it]Best trial: 1282. Best value: 2.00826:  91%|█████████ | 1368/1500 [1:54:19<12:02,  5.47s/it]                                                                                            
[I 2026-05-02 23:31:02,560] Trial 1357 finished with value: 2.0338510565990644 and parameters: {'f_n': 5.703603767682079e-07, 'K_d': 129356.77007462985, 'rho_d': 70161972262744.85, 'fission_rate': 4.6926588813418815e+19, 'Dg_D1_scale': 0.26022807289433175, 'Dg_D3_scale': 1.8635000715874837, 'Dv_D1_scale': 0.30594043286715206, 'Dv_D2_scale': 3.4126737602030732, 'b_bulk_scale': 0.43107263382367444, 'b_dislocation_scale': 0.08362347396561053, 'gb_scale': 3.1822762195374876, 'gd_bubble_scale': 0.14656897063599894, 'gd_line_scale': 0.5578618412352485, 'gd_line_alpha': 0.6742683368822278, 'coalescence_d_scale': 0.38932728857858795, 'capture_scale': 0.07277133264599703}. Best is trial 1282 with value: 2.0082570421242427.
[I 2026-05-02 23:31:08,531] Trial 1358 finished with value: 2.581543232204917 and parameters: {'f_n': 1.417664491227508e-07, 'K_d': 122542.15309439375, 'rho_d': 77627288491753.8, 'fission_rate': 4.9172052423298466e+19, 'Dg_D1_scale': 0.23522291894856978, 'Dg_D3_scale': 1.541137883602567, 'Dv_D1_scale': 0.35136296857460664, 'Dv_D2_scale': 3.20679275654963, 'b_bulk_scale': 0.3877910541190339, 'b_dislocation_scale': 0.07348190292126243, 'gb_scale': 2.930921419522457, 'gd_bubble_scale': 0.1601159582043959, 'gd_line_scale': 0.5695550157684333, 'gd_line_alpha': 0.6932903373169206, 'coalescence_d_scale': 0.45476801319214505, 'capture_scale': 0.06101775223632231}. Best is trial 1282 with value: 2.0082570421242427.
[I 2026-05-02 23:31:14,654] Trial 1359 finished with value: 2.330369921611494 and parameters: {'f_n': 6.82688080906319e-07, 'K_d': 131414.9487833621, 'rho_d': 77900900180612.61, 'fission_rate': 4.822285233543251e+19, 'Dg_D1_scale': 0.2772937331450174, 'Dg_D3_scale': 1.9947305952348884, 'Dv_D1_scale': 0.38162620890923127, 'Dv_D2_scale': 0.3334552080118117, 'b_bulk_scale': 0.45855641261180563, 'b_dislocation_scale': 0.08306658738668808, 'gb_scale': 1.9959946293901805, 'gd_bubble_scale': 0.1467410442120858, 'gd_line_scale': 0.4678730190467432, 'gd_line_alpha': 0.702671773161624, 'coalescence_d_scale': 0.5162222800594888, 'capture_scale': 0.08159437975261619}. Best is trial 1282 with value: 2.0082570421242427.
[I 2026-05-02 23:31:19,303] Trial 1360 finished with value: 2.2393125217538326 and parameters: {'f_n': 4.905067111168104e-07, 'K_d': 117688.45591660247, 'rho_d': 74392946347622.81, 'fission_rate': 4.6592076959810896e+19, 'Dg_D1_scale': 0.2166138239548884, 'Dg_D3_scale': 1.819359261719986, 'Dv_D1_scale': 0.32708778430913915, 'Dv_D2_scale': 3.996661517374479, 'b_bulk_scale': 0.37431788354397666, 'b_dislocation_scale': 0.07072894887653565, 'gb_scale': 2.4573671809528013, 'gd_bubble_scale': 0.1790769216423755, 'gd_line_scale': 0.5828850018508867, 'gd_line_alpha': 0.672346348566531, 'coalescence_d_scale': 0.4405309037594974, 'capture_scale': 0.05689077703803896}. Best is trial 1282 with value: 2.0082570421242427.
[I 2026-05-02 23:31:25,518] Trial 1361 finished with value: 3.840471446311384 and parameters: {'f_n': 5.990427301729888e-07, 'K_d': 125792.84331029847, 'rho_d': 79592418492891.33, 'fission_rate': 4.7512308319307416e+19, 'Dg_D1_scale': 0.20511329248674445, 'Dg_D3_scale': 1.9548201551218978, 'Dv_D1_scale': 0.36209405619503826, 'Dv_D2_scale': 3.6468997307139515, 'b_bulk_scale': 0.4132739583712794, 'b_dislocation_scale': 0.07620555818769763, 'gb_scale': 0.35067770493284656, 'gd_bubble_scale': 0.1386226619002181, 'gd_line_scale': 0.505878435780193, 'gd_line_alpha': 0.6935191762349678, 'coalescence_d_scale': 0.38821959476756285, 'capture_scale': 0.08356366620271007}. Best is trial 1282 with value: 2.0082570421242427.
[I 2026-05-02 23:31:31,683] Trial 1362 finished with value: 2.0490723859677393 and parameters: {'f_n': 1.7739667798305329e-07, 'K_d': 120102.66887289626, 'rho_d': 54663335584546.945, 'fission_rate': 4.878086429256324e+19, 'Dg_D1_scale': 0.2478764833982772, 'Dg_D3_scale': 1.6768093446967112, 'Dv_D1_scale': 0.3023334453818962, 'Dv_D2_scale': 3.7870898224805267, 'b_bulk_scale': 0.4625360209513364, 'b_dislocation_scale': 0.06789485245435606, 'gb_scale': 3.024620651669597, 'gd_bubble_scale': 0.15488209339453712, 'gd_line_scale': 0.45768624942687397, 'gd_line_alpha': 0.6474655735472504, 'coalescence_d_scale': 0.5675693373182196, 'capture_scale': 0.06843804543950932}. Best is trial 1282 with value: 2.0082570421242427.
[I 2026-05-02 23:31:37,652] Trial 1363 finished with value: 2.018418828874996 and parameters: {'f_n': 8.20754758165242e-07, 'K_d': 132124.6886920526, 'rho_d': 73033160660469.45, 'fission_rate': 4.9689581080655946e+19, 'Dg_D1_scale': 0.26989997699193097, 'Dg_D3_scale': 2.057236895972865, 'Dv_D1_scale': 0.3364425530303285, 'Dv_D2_scale': 3.445224379758802, 'b_bulk_scale': 0.36481510315115934, 'b_dislocation_scale': 0.08602437904833364, 'gb_scale': 2.6370144705941443, 'gd_bubble_scale': 0.14127830082036288, 'gd_line_scale': 0.5823835354608939, 'gd_line_alpha': 0.6304982649893568, 'coalescence_d_scale': 0.4655146628441987, 'capture_scale': 0.08866069140928919}. Best is trial 1282 with value: 2.0082570421242427.
[I 2026-05-02 23:31:43,491] Trial 1364 finished with value: 2.058301431583143 and parameters: {'f_n': 6.986825678083273e-07, 'K_d': 142958.99015978913, 'rho_d': 74133247794292.7, 'fission_rate': 5.113924930166112e+19, 'Dg_D1_scale': 0.26921297837355584, 'Dg_D3_scale': 1.8912657281119705, 'Dv_D1_scale': 0.279537634722735, 'Dv_D2_scale': 3.128658805549479, 'b_bulk_scale': 0.3725475148676037, 'b_dislocation_scale': 0.08596965939405235, 'gb_scale': 2.2111974572911333, 'gd_bubble_scale': 0.16362241128123925, 'gd_line_scale': 0.5081020910319962, 'gd_line_alpha': 0.6293221334764644, 'coalescence_d_scale': 0.6918597031098835, 'capture_scale': 0.07602807625163435}. Best is trial 1282 with value: 2.0082570421242427.
[I 2026-05-02 23:31:49,352] Trial 1365 finished with value: 2.0279596561654007 and parameters: {'f_n': 7.852457733422629e-07, 'K_d': 135865.96154477852, 'rho_d': 77994613102866.14, 'fission_rate': 5.03146594757434e+19, 'Dg_D1_scale': 0.26173344185579767, 'Dg_D3_scale': 1.76257040570459, 'Dv_D1_scale': 0.3188548653886428, 'Dv_D2_scale': 3.2385705549365746, 'b_bulk_scale': 0.3713481989894604, 'b_dislocation_scale': 0.08754844576888793, 'gb_scale': 2.4795045060029883, 'gd_bubble_scale': 0.14564788764252987, 'gd_line_scale': 0.5668382885909555, 'gd_line_alpha': 0.6596354539255763, 'coalescence_d_scale': 0.5722027597313617, 'capture_scale': 0.08589006469982799}. Best is trial 1282 with value: 2.0082570421242427.
[I 2026-05-02 23:31:53,516] Trial 1366 finished with value: 2.0881915985181583 and parameters: {'f_n': 8.536753918861398e-07, 'K_d': 150657.0140713631, 'rho_d': 76550450758875.78, 'fission_rate': 5.133916562233065e+19, 'Dg_D1_scale': 0.24906401508267742, 'Dg_D3_scale': 1.5433836589807914, 'Dv_D1_scale': 0.2975242036314173, 'Dv_D2_scale': 3.2436712894588164, 'b_bulk_scale': 0.36403490015795, 'b_dislocation_scale': 0.08775694752693623, 'gb_scale': 1.80123299911718, 'gd_bubble_scale': 0.17177123678250722, 'gd_line_scale': 0.45642564900475047, 'gd_line_alpha': 0.683203364483761, 'coalescence_d_scale': 0.6462067347962024, 'capture_scale': 0.069988126147205}. Best is trial 1282 with value: 2.0082570421242427.
[I 2026-05-02 23:31:59,241] Trial 1367 finished with value: 2.0287319980944702 and parameters: {'f_n': 8.69251328430447e-07, 'K_d': 140497.94857361307, 'rho_d': 74179371135667.69, 'fission_rate': 5.169051872329913e+19, 'Dg_D1_scale': 0.22895607622616304, 'Dg_D3_scale': 1.7439417742774932, 'Dv_D1_scale': 0.2783398172530646, 'Dv_D2_scale': 3.182994119143347, 'b_bulk_scale': 0.3511722044948912, 'b_dislocation_scale': 0.08128696794968668, 'gb_scale': 2.1789022973336216, 'gd_bubble_scale': 0.15389324807085994, 'gd_line_scale': 0.5786316762538545, 'gd_line_alpha': 0.6520531186492222, 'coalescence_d_scale': 0.5835581809545354, 'capture_scale': 0.080441706075821}. Best is trial 1282 with value: 2.0082570421242427.
