[I 2026-05-02 23:25:19,160] Trial 1296 finished with value: 2.46582195321329 and parameters: {'f_n': 5.01206097937536e-07, 'K_d': 136701.660522819, 'rho_d': 66152831380028.875, 'fission_rate': 5.114225157792935e+19, 'Dg_D1_scale': 0.31840563723318605, 'Dg_D3_scale': 2.4385263525558982, 'Dv_D1_scale': 0.3171713997432226, 'Dv_D2_scale': 0.38312744953649636, 'b_bulk_scale': 0.5958747370864609, 'b_dislocation_scale': 0.06521190726648039, 'gb_scale': 2.387152172250111, 'gd_bubble_scale': 0.12805308997273637, 'gd_line_scale': 0.27197168750217504, 'gd_line_alpha': 0.5301478240453692, 'coalescence_d_scale': 0.48744002572225265, 'capture_scale': 0.1108975579064983}. Best is trial 1282 with value: 2.0082570421242427.Best trial: 1282. Best value: 2.00826:  86%|████████▋ | 1296/1500 [1:47:39<17:58,  5.29s/it]Best trial: 1282. Best value: 2.00826:  86%|████████▋ | 1296/1500 [1:47:39<17:58,  5.29s/it]Best trial: 1282. Best value: 2.00826:  86%|████████▋ | 1297/1500 [1:47:39<18:25,  5.45s/it]                                                                                            Best trial: 1282. Best value: 2.00826:  86%|████████▋ | 1297/1500 [1:47:45<18:25,  5.45s/it]Best trial: 1282. Best value: 2.00826:  86%|████████▋ | 1297/1500 [1:47:45<18:25,  5.45s/it]Best trial: 1282. Best value: 2.00826:  87%|████████▋ | 1298/1500 [1:47:45<18:49,  5.59s/it]                                                                                            Best trial: 1282. Best value: 2.00826:  87%|████████▋ | 1298/1500 [1:47:50<18:49,  5.59s/it]Best trial: 1282. Best value: 2.00826:  87%|████████▋ | 1298/1500 [1:47:51<18:49,  5.59s/it]Best trial: 1282. Best value: 2.00826:  87%|████████▋ | 1299/1500 [1:47:51<19:04,  5.69s/it]                                                                                            Best trial: 1282. Best value: 2.00826:  87%|████████▋ | 1299/1500 [1:47:56<19:04,  5.69s/it]Best trial: 1282. Best value: 2.00826:  87%|████████▋ | 1299/1500 [1:47:57<19:04,  5.69s/it]Best trial: 1282. Best value: 2.00826:  87%|████████▋ | 1300/1500 [1:47:57<19:16,  5.78s/it]                                                                                            Best trial: 1282. Best value: 2.00826:  87%|████████▋ | 1300/1500 [1:48:01<19:16,  5.78s/it]Best trial: 1282. Best value: 2.00826:  87%|████████▋ | 1300/1500 [1:48:01<19:16,  5.78s/it]Best trial: 1282. Best value: 2.00826:  87%|████████▋ | 1301/1500 [1:48:01<17:33,  5.29s/it]                                                                                            Best trial: 1282. Best value: 2.00826:  87%|████████▋ | 1301/1500 [1:48:06<17:33,  5.29s/it]Best trial: 1282. Best value: 2.00826:  87%|████████▋ | 1301/1500 [1:48:07<17:33,  5.29s/it]Best trial: 1282. Best value: 2.00826:  87%|████████▋ | 1302/1500 [1:48:07<18:03,  5.47s/it]                                                                                            Best trial: 1282. Best value: 2.00826:  87%|████████▋ | 1302/1500 [1:48:12<18:03,  5.47s/it]Best trial: 1282. Best value: 2.00826:  87%|████████▋ | 1302/1500 [1:48:12<18:03,  5.47s/it]Best trial: 1282. Best value: 2.00826:  87%|████████▋ | 1303/1500 [1:48:12<18:10,  5.53s/it]                                                                                            Best trial: 1282. Best value: 2.00826:  87%|████████▋ | 1303/1500 [1:48:18<18:10,  5.53s/it]Best trial: 1282. Best value: 2.00826:  87%|████████▋ | 1303/1500 [1:48:18<18:10,  5.53s/it]Best trial: 1282. Best value: 2.00826:  87%|████████▋ | 1304/1500 [1:48:18<18:30,  5.66s/it]                                                                                            Best trial: 1282. Best value: 2.00826:  87%|████████▋ | 1304/1500 [1:48:24<18:30,  5.66s/it]Best trial: 1282. Best value: 2.00826:  87%|████████▋ | 1304/1500 [1:48:24<18:30,  5.66s/it]Best trial: 1282. Best value: 2.00826:  87%|████████▋ | 1305/1500 [1:48:24<18:32,  5.71s/it]                                                                                            Best trial: 1282. Best value: 2.00826:  87%|████████▋ | 1305/1500 [1:48:30<18:32,  5.71s/it]Best trial: 1282. Best value: 2.00826:  87%|████████▋ | 1305/1500 [1:48:30<18:32,  5.71s/it]Best trial: 1282. Best value: 2.00826:  87%|████████▋ | 1306/1500 [1:48:30<18:38,  5.77s/it]                                                                                            Best trial: 1282. Best value: 2.00826:  87%|████████▋ | 1306/1500 [1:48:34<18:38,  5.77s/it]Best trial: 1282. Best value: 2.00826:  87%|████████▋ | 1306/1500 [1:48:34<18:38,  5.77s/it]Best trial: 1282. Best value: 2.00826:  87%|████████▋ | 1307/1500 [1:48:34<17:08,  5.33s/it]                                                                                            Best trial: 1282. Best value: 2.00826:  87%|████████▋ | 1307/1500 [1:48:40<17:08,  5.33s/it]Best trial: 1282. Best value: 2.00826:  87%|████████▋ | 1307/1500 [1:48:40<17:08,  5.33s/it]Best trial: 1282. Best value: 2.00826:  87%|████████▋ | 1308/1500 [1:48:40<17:37,  5.51s/it]                                                                                            
[I 2026-05-02 23:25:25,087] Trial 1297 finished with value: 3.5238165665527177 and parameters: {'f_n': 4.3656873892981467e-07, 'K_d': 152105.15026071927, 'rho_d': 69094724044791.64, 'fission_rate': 5.031227899512851e+19, 'Dg_D1_scale': 0.3481092528580934, 'Dg_D3_scale': 2.061423606282033, 'Dv_D1_scale': 1.7815464111373185, 'Dv_D2_scale': 3.5825886131885443, 'b_bulk_scale': 0.6577484811609554, 'b_dislocation_scale': 0.054974582786920655, 'gb_scale': 2.656116131251432, 'gd_bubble_scale': 0.1173700194096098, 'gd_line_scale': 0.4234642077967796, 'gd_line_alpha': 0.5102930231155345, 'coalescence_d_scale': 0.6028247652886876, 'capture_scale': 0.1532056704580305}. Best is trial 1282 with value: 2.0082570421242427.
[I 2026-05-02 23:25:31,017] Trial 1298 finished with value: 3.768677199011185 and parameters: {'f_n': 6.264349698354032e-07, 'K_d': 133014.93287459543, 'rho_d': 73649600518265.98, 'fission_rate': 4.9941478053055504e+19, 'Dg_D1_scale': 0.36946887204437445, 'Dg_D3_scale': 2.2564294811000076, 'Dv_D1_scale': 0.3386901893510767, 'Dv_D2_scale': 3.1986334263375165, 'b_bulk_scale': 0.6296336077245661, 'b_dislocation_scale': 0.06584937020508518, 'gb_scale': 2.747933011076074, 'gd_bubble_scale': 0.10191156598761301, 'gd_line_scale': 0.3021083698788107, 'gd_line_alpha': 0.505960195409639, 'coalescence_d_scale': 3.7559443232982046, 'capture_scale': 0.10484609623874717}. Best is trial 1282 with value: 2.0082570421242427.
[I 2026-05-02 23:25:37,008] Trial 1299 finished with value: 2.019185162103721 and parameters: {'f_n': 7.313383726671703e-07, 'K_d': 137934.39529303656, 'rho_d': 65179678589708.25, 'fission_rate': 4.945387422033093e+19, 'Dg_D1_scale': 0.3155031825442658, 'Dg_D3_scale': 2.508817055344151, 'Dv_D1_scale': 0.28540976170638993, 'Dv_D2_scale': 3.7485071773623146, 'b_bulk_scale': 0.5863865611954827, 'b_dislocation_scale': 0.06845558807151318, 'gb_scale': 2.276914609281244, 'gd_bubble_scale': 0.12803822731167405, 'gd_line_scale': 0.3911348131528641, 'gd_line_alpha': 0.47346643806120436, 'coalescence_d_scale': 0.525229042944069, 'capture_scale': 0.12443593168919145}. Best is trial 1282 with value: 2.0082570421242427.
[I 2026-05-02 23:25:41,162] Trial 1300 finished with value: 2.1011859639595616 and parameters: {'f_n': 7.896208653775882e-07, 'K_d': 142977.71203905562, 'rho_d': 72289109040353.8, 'fission_rate': 5.1002868717505946e+19, 'Dg_D1_scale': 0.3161253147515909, 'Dg_D3_scale': 2.371343579475647, 'Dv_D1_scale': 0.27894582134905554, 'Dv_D2_scale': 3.729950210466701, 'b_bulk_scale': 0.6517877387154253, 'b_dislocation_scale': 0.05918256342643846, 'gb_scale': 2.203040598042501, 'gd_bubble_scale': 0.1391380803499618, 'gd_line_scale': 0.35401704428133907, 'gd_line_alpha': 0.5296446074105698, 'coalescence_d_scale': 0.7153160232264372, 'capture_scale': 0.16568224824799815}. Best is trial 1282 with value: 2.0082570421242427.
[I 2026-05-02 23:25:47,048] Trial 1301 finished with value: 2.04614545184013 and parameters: {'f_n': 7.1061759615763e-07, 'K_d': 145379.86115986158, 'rho_d': 66128885050947.89, 'fission_rate': 5.035270068540864e+19, 'Dg_D1_scale': 0.3077492647674833, 'Dg_D3_scale': 2.010589884764628, 'Dv_D1_scale': 0.2811522357134535, 'Dv_D2_scale': 3.793418332863645, 'b_bulk_scale': 0.5983071010168792, 'b_dislocation_scale': 0.05192336090108101, 'gb_scale': 2.067627298542963, 'gd_bubble_scale': 0.12701328447704538, 'gd_line_scale': 0.2974964913817605, 'gd_line_alpha': 0.48471560064312585, 'coalescence_d_scale': 0.5657297758822313, 'capture_scale': 0.14173976862593224}. Best is trial 1282 with value: 2.0082570421242427.
[I 2026-05-02 23:25:52,731] Trial 1302 finished with value: 3.3223810828292915 and parameters: {'f_n': 7.853472921981331e-07, 'K_d': 148950.16114264942, 'rho_d': 78970044503040.2, 'fission_rate': 5.191874226104197e+19, 'Dg_D1_scale': 0.3205915072608611, 'Dg_D3_scale': 2.161379068836602, 'Dv_D1_scale': 0.2940147750306343, 'Dv_D2_scale': 3.795274173570754, 'b_bulk_scale': 2.445760168838583, 'b_dislocation_scale': 0.062059525106738726, 'gb_scale': 1.946093087708695, 'gd_bubble_scale': 0.1470638046067179, 'gd_line_scale': 0.35107340918038027, 'gd_line_alpha': 0.4942875932832317, 'coalescence_d_scale': 0.5385872953862295, 'capture_scale': 0.13018222912495545}. Best is trial 1282 with value: 2.0082570421242427.
[I 2026-05-02 23:25:58,698] Trial 1303 finished with value: 2.1279246031985224 and parameters: {'f_n': 5.353745116845772e-07, 'K_d': 137868.8121783113, 'rho_d': 68896570546844.586, 'fission_rate': 4.981359558281529e+19, 'Dg_D1_scale': 0.2816359122999216, 'Dg_D3_scale': 2.4753741772520486, 'Dv_D1_scale': 0.2911218966103869, 'Dv_D2_scale': 3.7932146891621437, 'b_bulk_scale': 0.6774334670480886, 'b_dislocation_scale': 0.06653630373010427, 'gb_scale': 2.2371247228317332, 'gd_bubble_scale': 0.10995710189617204, 'gd_line_scale': 0.38586211860262754, 'gd_line_alpha': 0.47604182256877353, 'coalescence_d_scale': 0.6236429523370827, 'capture_scale': 0.1495498653509062}. Best is trial 1282 with value: 2.0082570421242427.
[I 2026-05-02 23:26:04,508] Trial 1304 finished with value: 2.1032818316147814 and parameters: {'f_n': 3.4660574816602003e-07, 'K_d': 152109.03206020515, 'rho_d': 65158830041687.04, 'fission_rate': 5.130757631114281e+19, 'Dg_D1_scale': 0.3006607304449674, 'Dg_D3_scale': 1.912703040996774, 'Dv_D1_scale': 0.3086955333008018, 'Dv_D2_scale': 3.6151050591538882, 'b_bulk_scale': 0.5851863307442144, 'b_dislocation_scale': 0.05771725747088492, 'gb_scale': 2.2064356683397084, 'gd_bubble_scale': 0.12269822701420055, 'gd_line_scale': 0.37059864085946514, 'gd_line_alpha': 0.4818861867309042, 'coalescence_d_scale': 0.47282744711993735, 'capture_scale': 0.12263131886355437}. Best is trial 1282 with value: 2.0082570421242427.
[I 2026-05-02 23:26:10,407] Trial 1305 finished with value: 2.037566569456988 and parameters: {'f_n': 3.975171440965958e-07, 'K_d': 135885.55386271805, 'rho_d': 69213048839952.08, 'fission_rate': 5.037171588408434e+19, 'Dg_D1_scale': 0.320365273164431, 'Dg_D3_scale': 2.271274118114527, 'Dv_D1_scale': 0.3100135886369822, 'Dv_D2_scale': 3.800948537113667, 'b_bulk_scale': 0.668191324918276, 'b_dislocation_scale': 0.06712878060329876, 'gb_scale': 2.301575308431548, 'gd_bubble_scale': 0.14680049849008456, 'gd_line_scale': 0.32559132284431436, 'gd_line_alpha': 0.48883066047585266, 'coalescence_d_scale': 0.4435742472198281, 'capture_scale': 0.107603925029663}. Best is trial 1282 with value: 2.0082570421242427.
[I 2026-05-02 23:26:14,720] Trial 1306 finished with value: 2.1695600192793707 and parameters: {'f_n': 7.313308538160625e-07, 'K_d': 137884.3287187999, 'rho_d': 65089782837855.79, 'fission_rate': 4.942860265798838e+19, 'Dg_D1_scale': 0.263814082661056, 'Dg_D3_scale': 2.491879981689065, 'Dv_D1_scale': 0.3642168112866082, 'Dv_D2_scale': 1.7598309207492229, 'b_bulk_scale': 0.7189772657301496, 'b_dislocation_scale': 0.0694380633897099, 'gb_scale': 2.0154507595677345, 'gd_bubble_scale': 0.09773684257803866, 'gd_line_scale': 0.40244963563363156, 'gd_line_alpha': 0.515880113642631, 'coalescence_d_scale': 0.5257504843667479, 'capture_scale': 0.16885536487394295}. Best is trial 1282 with value: 2.0082570421242427.
[I 2026-05-02 23:26:20,650] Trial 1307 finished with value: 2.448734964708362 and parameters: {'f_n': 5.644780864904341e-07, 'K_d': 133801.53959926538, 'rho_d': 74972638189579.22, 'fission_rate': 4.968097460236433e+19, 'Dg_D1_scale': 0.33611750034310806, 'Dg_D3_scale': 2.1234176654787698, 'Dv_D1_scale': 0.3369112410592738, 'Dv_D2_scale': 0.25116737171554615, 'b_bulk_scale': 0.5831482787748739, 'b_dislocation_scale': 0.06185839336442316, 'gb_scale': 2.448664218081793, 'gd_bubble_scale': 0.1166968778472673, 'gd_line_scale': 0.4195444329870856, 'gd_line_alpha': 0.4755797083377472, 'coalescence_d_scale': 0.47102901203938036, 'capture_scale': 0.12712558407501784}. Best is trial 1282 with value: 2.0082570421242427.
[I 2026-05-02 23:26:26,372] Trial 1308 finished with value: 2.0598553213701125 and parameters: {'f_n': 4.7218367272034246e-07, 'K_d': 141760.44782767023, 'rho_d': 63830099473248.734, 'fission_rate': 5.167096952067664e+19, 'Dg_D1_scale': 0.23799515748952543, 'Dg_D3_scale': 2.3254297857001336, 'Dv_D1_scale': 0.28897856668708716, 'Dv_D2_scale': 3.6056535152507294, 'b_bulk_scale': 0.5561330034813365, 'b_dislocation_scale': 0.06818128380827286, 'gb_scale': 2.4237644679370263, 'gd_bubble_scale': 0.13220692639623766, 'gd_line_scale': 0.43235223266984674, 'gd_line_alpha': 0.4603363769775288, 'coalescence_d_scale': 0.6892988616083718, 'capture_scale': 0.10011666652671246}. Best is trial 1282 with value: 2.0082570421242427.Best trial: 1282. Best value: 2.00826:  87%|████████▋ | 1308/1500 [1:48:46<17:37,  5.51s/it]Best trial: 1282. Best value: 2.00826:  87%|████████▋ | 1308/1500 [1:48:46<17:37,  5.51s/it]Best trial: 1282. Best value: 2.00826:  87%|████████▋ | 1309/1500 [1:48:46<17:44,  5.58s/it]                                                                                            Best trial: 1282. Best value: 2.00826:  87%|████████▋ | 1309/1500 [1:48:52<17:44,  5.58s/it]Best trial: 1282. Best value: 2.00826:  87%|████████▋ | 1309/1500 [1:48:52<17:44,  5.58s/it]Best trial: 1282. Best value: 2.00826:  87%|████████▋ | 1310/1500 [1:48:52<18:00,  5.69s/it]                                                                                            Best trial: 1282. Best value: 2.00826:  87%|████████▋ | 1310/1500 [1:48:58<18:00,  5.69s/it]Best trial: 1282. Best value: 2.00826:  87%|████████▋ | 1310/1500 [1:48:58<18:00,  5.69s/it]Best trial: 1282. Best value: 2.00826:  87%|████████▋ | 1311/1500 [1:48:58<18:06,  5.75s/it]                                                                                            Best trial: 1282. Best value: 2.00826:  87%|████████▋ | 1311/1500 [1:49:02<18:06,  5.75s/it]Best trial: 1282. Best value: 2.00826:  87%|████████▋ | 1311/1500 [1:49:02<18:06,  5.75s/it]Best trial: 1282. Best value: 2.00826:  87%|████████▋ | 1312/1500 [1:49:02<16:40,  5.32s/it]                                                                                            Best trial: 1282. Best value: 2.00826:  87%|████████▋ | 1312/1500 [1:49:08<16:40,  5.32s/it]Best trial: 1282. Best value: 2.00826:  87%|████████▋ | 1312/1500 [1:49:08<16:40,  5.32s/it]Best trial: 1282. Best value: 2.00826:  88%|████████▊ | 1313/1500 [1:49:08<17:13,  5.53s/it]                                                                                            Best trial: 1282. Best value: 2.00826:  88%|████████▊ | 1313/1500 [1:49:14<17:13,  5.53s/it]Best trial: 1282. Best value: 2.00826:  88%|████████▊ | 1313/1500 [1:49:14<17:13,  5.53s/it]Best trial: 1282. Best value: 2.00826:  88%|████████▊ | 1314/1500 [1:49:14<17:31,  5.65s/it]                                                                                            Best trial: 1282. Best value: 2.00826:  88%|████████▊ | 1314/1500 [1:49:20<17:31,  5.65s/it]Best trial: 1282. Best value: 2.00826:  88%|████████▊ | 1314/1500 [1:49:20<17:31,  5.65s/it]Best trial: 1282. Best value: 2.00826:  88%|████████▊ | 1315/1500 [1:49:20<17:38,  5.72s/it]                                                                                            Best trial: 1282. Best value: 2.00826:  88%|████████▊ | 1315/1500 [1:49:25<17:38,  5.72s/it]Best trial: 1282. Best value: 2.00826:  88%|████████▊ | 1315/1500 [1:49:26<17:38,  5.72s/it]Best trial: 1282. Best value: 2.00826:  88%|████████▊ | 1316/1500 [1:49:26<17:25,  5.68s/it]                                                                                            Best trial: 1282. Best value: 2.00826:  88%|████████▊ | 1316/1500 [1:49:31<17:25,  5.68s/it]Best trial: 1282. Best value: 2.00826:  88%|████████▊ | 1316/1500 [1:49:32<17:25,  5.68s/it]Best trial: 1282. Best value: 2.00826:  88%|████████▊ | 1317/1500 [1:49:32<17:39,  5.79s/it]                                                                                            Best trial: 1282. Best value: 2.00826:  88%|████████▊ | 1317/1500 [1:49:36<17:39,  5.79s/it]Best trial: 1282. Best value: 2.00826:  88%|████████▊ | 1317/1500 [1:49:36<17:39,  5.79s/it]Best trial: 1282. Best value: 2.00826:  88%|████████▊ | 1318/1500 [1:49:36<16:08,  5.32s/it]                                                                                            Best trial: 1282. Best value: 2.00826:  88%|████████▊ | 1318/1500 [1:49:42<16:08,  5.32s/it]Best trial: 1282. Best value: 2.00826:  88%|████████▊ | 1318/1500 [1:49:42<16:08,  5.32s/it]Best trial: 1282. Best value: 2.00826:  88%|████████▊ | 1319/1500 [1:49:42<16:43,  5.54s/it]                                                                                            Best trial: 1282. Best value: 2.00826:  88%|████████▊ | 1319/1500 [1:49:48<16:43,  5.54s/it]Best trial: 1282. Best value: 2.00826:  88%|████████▊ | 1319/1500 [1:49:48<16:43,  5.54s/it]Best trial: 1282. Best value: 2.00826:  88%|████████▊ | 1320/1500 [1:49:48<17:08,  5.72s/it]                                                                                            
[I 2026-05-02 23:26:32,324] Trial 1309 finished with value: 2.369724424645728 and parameters: {'f_n': 1.9652646933651116e-07, 'K_d': 130981.5349297426, 'rho_d': 71154015844410.84, 'fission_rate': 4.968447759199497e+19, 'Dg_D1_scale': 0.2926198219442538, 'Dg_D3_scale': 1.851820731492161, 'Dv_D1_scale': 0.4073014507650587, 'Dv_D2_scale': 3.7862756184871986, 'b_bulk_scale': 0.6794846772822801, 'b_dislocation_scale': 0.07126833122795793, 'gb_scale': 2.5350889463440285, 'gd_bubble_scale': 0.10944471659946069, 'gd_line_scale': 0.3760739391397229, 'gd_line_alpha': 0.5021313975712975, 'coalescence_d_scale': 0.5588737675788976, 'capture_scale': 0.14340488786621242}. Best is trial 1282 with value: 2.0082570421242427.
[I 2026-05-02 23:26:38,211] Trial 1310 finished with value: 2.3128567599535756 and parameters: {'f_n': 6.49954924663033e-07, 'K_d': 141143.15158529376, 'rho_d': 65271027087909.96, 'fission_rate': 5.066109260772205e+19, 'Dg_D1_scale': 0.3437260977717139, 'Dg_D3_scale': 2.6361828636777465, 'Dv_D1_scale': 0.37452931434817865, 'Dv_D2_scale': 3.6220549330859613, 'b_bulk_scale': 0.5967421376720876, 'b_dislocation_scale': 0.05689569437882315, 'gb_scale': 2.0813131344715154, 'gd_bubble_scale': 0.1515317971022058, 'gd_line_scale': 0.43650478366289813, 'gd_line_alpha': 0.4531441306332162, 'coalescence_d_scale': 0.4342266878469871, 'capture_scale': 0.0919748763969075}. Best is trial 1282 with value: 2.0082570421242427.
[I 2026-05-02 23:26:42,538] Trial 1311 finished with value: 2.3732332348074845 and parameters: {'f_n': 3.14913574092822e-07, 'K_d': 150641.04533217495, 'rho_d': 63985791841225.14, 'fission_rate': 4.910900944150586e+19, 'Dg_D1_scale': 0.31605312937238356, 'Dg_D3_scale': 2.0128383590363397, 'Dv_D1_scale': 1.9124486292343148, 'Dv_D2_scale': 3.4834786161301845, 'b_bulk_scale': 0.5332377194416943, 'b_dislocation_scale': 0.06238662345152409, 'gb_scale': 2.5244750533170643, 'gd_bubble_scale': 0.1266089257813764, 'gd_line_scale': 0.33984938997994474, 'gd_line_alpha': 0.45843114462212586, 'coalescence_d_scale': 0.49110625657515333, 'capture_scale': 0.11303174024066197}. Best is trial 1282 with value: 2.0082570421242427.
[I 2026-05-02 23:26:48,546] Trial 1312 finished with value: 2.0621989739031723 and parameters: {'f_n': 4.4668072519685084e-07, 'K_d': 130001.26016115773, 'rho_d': 67990487068893.99, 'fission_rate': 4.892701547875762e+19, 'Dg_D1_scale': 0.2721951109489838, 'Dg_D3_scale': 0.7258050191168256, 'Dv_D1_scale': 0.3492737584199246, 'Dv_D2_scale': 3.7882737253886622, 'b_bulk_scale': 0.5398497607616103, 'b_dislocation_scale': 0.07207968287559714, 'gb_scale': 2.694418494752355, 'gd_bubble_scale': 0.09345710868530716, 'gd_line_scale': 0.4533719695809808, 'gd_line_alpha': 0.4857126033863447, 'coalescence_d_scale': 0.606797684971866, 'capture_scale': 0.1251182921083734}. Best is trial 1282 with value: 2.0082570421242427.
[I 2026-05-02 23:26:54,490] Trial 1313 finished with value: 2.0456900652363146 and parameters: {'f_n': 3.792916160855192e-07, 'K_d': 129442.54118718179, 'rho_d': 62630958737677.836, 'fission_rate': 4.948483962783402e+19, 'Dg_D1_scale': 0.29371436540803264, 'Dg_D3_scale': 2.206848365091715, 'Dv_D1_scale': 0.31460194096186367, 'Dv_D2_scale': 3.7944270156876025, 'b_bulk_scale': 0.7043671963607264, 'b_dislocation_scale': 0.07480739593610172, 'gb_scale': 2.2646335555477335, 'gd_bubble_scale': 0.1354477648003193, 'gd_line_scale': 0.37942784209897995, 'gd_line_alpha': 0.4772646825028462, 'coalescence_d_scale': 0.4324057789410974, 'capture_scale': 0.09939650606278323}. Best is trial 1282 with value: 2.0082570421242427.
