[I 2026-05-02 22:34:40,040] Trial 774 finished with value: 2.0721028399949843 and parameters: {'f_n': 1.3077963582786242e-06, 'K_d': 115431.23094823612, 'rho_d': 61542749535263.04, 'fission_rate': 4.768907150446198e+19, 'Dg_D1_scale': 0.5664333010814174, 'Dg_D3_scale': 2.8713034809565254, 'Dv_D1_scale': 0.24377421536512975, 'Dv_D2_scale': 3.4682178311768976, 'b_bulk_scale': 0.5080902074382561, 'b_dislocation_scale': 0.11877901132922992, 'gb_scale': 3.4330239768086748, 'gd_bubble_scale': 0.31200191732846855, 'gd_line_scale': 1.0886451798609305, 'gd_line_alpha': 0.9049419644822561, 'coalescence_d_scale': 0.3428983603437318, 'capture_scale': 0.3648892621375769}. Best is trial 756 with value: 2.012228641160978.
[I 2026-05-02 22:34:45,935] Trial 775 finished with value: 2.0748432969282034 and parameters: {'f_n': 1.975572453157879e-06, 'K_d': 119250.24987967045, 'rho_d': 57423118679087.66, 'fission_rate': 4.896304938332198e+19, 'Dg_D1_scale': 0.5944361062581957, 'Dg_D3_scale': 2.6923011654770086, 'Dv_D1_scale': 0.41817895178166237, 'Dv_D2_scale': 3.986061625331585, 'b_bulk_scale': 0.5889597398563845, 'b_dislocation_scale': 0.11366288403568367, 'gb_scale': 2.794904168978057, 'gd_bubble_scale': 0.29750069461150863, 'gd_line_scale': 0.9552362242976394, 'gd_line_alpha': 0.9178444209435505, 'coalescence_d_scale': 0.33155269763566164, 'capture_scale': 0.3538759981288859}. Best is trial 756 with value: 2.012228641160978.
[I 2026-05-02 22:34:51,822] Trial 776 finished with value: 2.8088849258810202 and parameters: {'f_n': 2.112610194979781e-06, 'K_d': 117396.76811428687, 'rho_d': 60056347087158.664, 'fission_rate': 4.9640269497659875e+19, 'Dg_D1_scale': 0.6073373467798971, 'Dg_D3_scale': 2.491106232783526, 'Dv_D1_scale': 0.9973029417051902, 'Dv_D2_scale': 3.9419712108872336, 'b_bulk_scale': 0.824601116747777, 'b_dislocation_scale': 0.10655795164650309, 'gb_scale': 2.920382301561987, 'gd_bubble_scale': 0.2985047970516191, 'gd_line_scale': 0.9238049776867465, 'gd_line_alpha': 0.9182237982648651, 'coalescence_d_scale': 0.33758778588155, 'capture_scale': 0.3150124875529154}. Best is trial 756 with value: 2.012228641160978.
[I 2026-05-02 22:34:57,873] Trial 777 finished with value: 3.113175052078096 and parameters: {'f_n': 2.070768110667355e-06, 'K_d': 115755.3405408907, 'rho_d': 67664558693025.95, 'fission_rate': 4.768922132651068e+19, 'Dg_D1_scale': 0.5814842806602429, 'Dg_D3_scale': 2.3448320661681064, 'Dv_D1_scale': 0.5434982371493904, 'Dv_D2_scale': 3.988070542166577, 'b_bulk_scale': 0.45812947802197046, 'b_dislocation_scale': 0.09130193624306744, 'gb_scale': 2.1140737333998803, 'gd_bubble_scale': 0.3393303142119371, 'gd_line_scale': 1.1177835817350992, 'gd_line_alpha': 0.9736228054682788, 'coalescence_d_scale': 0.3575884789055572, 'capture_scale': 0.40124632046249936}. Best is trial 756 with value: 2.012228641160978.
[I 2026-05-02 22:35:04,102] Trial 778 finished with value: 2.5533813415394992 and parameters: {'f_n': 1.8118025675534135e-06, 'K_d': 110806.08871712716, 'rho_d': 59162310450920.5, 'fission_rate': 4.628697489791272e+19, 'Dg_D1_scale': 0.6233129355052748, 'Dg_D3_scale': 2.681365545189524, 'Dv_D1_scale': 0.7223196193055001, 'Dv_D2_scale': 3.6681624895219684, 'b_bulk_scale': 0.42603163205247335, 'b_dislocation_scale': 0.10889540567430729, 'gb_scale': 2.4741666088809295, 'gd_bubble_scale': 0.3146502339294575, 'gd_line_scale': 1.0773648010118322, 'gd_line_alpha': 0.9017664867695994, 'coalescence_d_scale': 0.31833447613245736, 'capture_scale': 0.38512798704313206}. Best is trial 756 with value: 2.012228641160978.
[I 2026-05-02 22:35:08,432] Trial 779 finished with value: 2.5365313468064996 and parameters: {'f_n': 2.124959908521122e-06, 'K_d': 105124.82988790258, 'rho_d': 66439176084634.945, 'fission_rate': 4.878189606725676e+19, 'Dg_D1_scale': 0.6512683739081593, 'Dg_D3_scale': 2.5751931046263907, 'Dv_D1_scale': 0.26476922087077326, 'Dv_D2_scale': 3.7109830365831695, 'b_bulk_scale': 0.5407872429648574, 'b_dislocation_scale': 0.0961165687162247, 'gb_scale': 2.5181730346319773, 'gd_bubble_scale': 0.30458929460353895, 'gd_line_scale': 1.1233579799417102, 'gd_line_alpha': 0.9445099821184479, 'coalescence_d_scale': 0.405998414753113, 'capture_scale': 0.41802864193086786}. Best is trial 756 with value: 2.012228641160978.
[I 2026-05-02 22:35:14,537] Trial 780 finished with value: 2.2238295512112813 and parameters: {'f_n': 1.779417934613114e-06, 'K_d': 114071.28551891459, 'rho_d': 63224493466754.7, 'fission_rate': 4.720301289069801e+19, 'Dg_D1_scale': 0.545469641726121, 'Dg_D3_scale': 2.700293634383537, 'Dv_D1_scale': 0.6862647544443707, 'Dv_D2_scale': 3.5977875181662418, 'b_bulk_scale': 0.6515061313423366, 'b_dislocation_scale': 0.11642853403745851, 'gb_scale': 2.9959045376596083, 'gd_bubble_scale': 0.274914896987467, 'gd_line_scale': 0.8274992505617657, 'gd_line_alpha': 0.9166694384518814, 'coalescence_d_scale': 0.335907879988737, 'capture_scale': 0.37655688128486087}. Best is trial 756 with value: 2.012228641160978.Best trial: 756. Best value: 2.01223:  52%|█████▏    | 780/1500 [57:34<1:05:43,  5.48s/it]Best trial: 756. Best value: 2.01223:  52%|█████▏    | 780/1500 [57:34<1:05:43,  5.48s/it]Best trial: 756. Best value: 2.01223:  52%|█████▏    | 781/1500 [57:34<1:07:55,  5.67s/it]                                                                                          Best trial: 756. Best value: 2.01223:  52%|█████▏    | 781/1500 [57:40<1:07:55,  5.67s/it]Best trial: 756. Best value: 2.01223:  52%|█████▏    | 781/1500 [57:40<1:07:55,  5.67s/it]Best trial: 756. Best value: 2.01223:  52%|█████▏    | 782/1500 [57:40<1:09:06,  5.78s/it]                                                                                          Best trial: 756. Best value: 2.01223:  52%|█████▏    | 782/1500 [57:46<1:09:06,  5.78s/it]Best trial: 756. Best value: 2.01223:  52%|█████▏    | 782/1500 [57:46<1:09:06,  5.78s/it]Best trial: 756. Best value: 2.01223:  52%|█████▏    | 783/1500 [57:46<1:09:30,  5.82s/it]                                                                                          Best trial: 756. Best value: 2.01223:  52%|█████▏    | 783/1500 [57:52<1:09:30,  5.82s/it]Best trial: 756. Best value: 2.01223:  52%|█████▏    | 783/1500 [57:52<1:09:30,  5.82s/it]Best trial: 756. Best value: 2.01223:  52%|█████▏    | 784/1500 [57:52<1:10:46,  5.93s/it]                                                                                          Best trial: 756. Best value: 2.01223:  52%|█████▏    | 784/1500 [57:58<1:10:46,  5.93s/it]Best trial: 756. Best value: 2.01223:  52%|█████▏    | 784/1500 [57:58<1:10:46,  5.93s/it]Best trial: 756. Best value: 2.01223:  52%|█████▏    | 785/1500 [57:58<1:10:34,  5.92s/it]                                                                                          Best trial: 756. Best value: 2.01223:  52%|█████▏    | 785/1500 [58:02<1:10:34,  5.92s/it]Best trial: 756. Best value: 2.01223:  52%|█████▏    | 785/1500 [58:02<1:10:34,  5.92s/it]Best trial: 756. Best value: 2.01223:  52%|█████▏    | 786/1500 [58:02<1:04:32,  5.42s/it]                                                                                          Best trial: 756. Best value: 2.01223:  52%|█████▏    | 786/1500 [58:08<1:04:32,  5.42s/it]Best trial: 756. Best value: 2.01223:  52%|█████▏    | 786/1500 [58:08<1:04:32,  5.42s/it]Best trial: 756. Best value: 2.01223:  52%|█████▏    | 787/1500 [58:08<1:06:47,  5.62s/it]                                                                                          Best trial: 756. Best value: 2.01223:  52%|█████▏    | 787/1500 [58:14<1:06:47,  5.62s/it]Best trial: 756. Best value: 2.01223:  52%|█████▏    | 787/1500 [58:15<1:06:47,  5.62s/it]Best trial: 756. Best value: 2.01223:  53%|█████▎    | 788/1500 [58:15<1:08:25,  5.77s/it]                                                                                          Best trial: 756. Best value: 2.01223:  53%|█████▎    | 788/1500 [58:20<1:08:25,  5.77s/it]Best trial: 756. Best value: 2.01223:  53%|█████▎    | 788/1500 [58:21<1:08:25,  5.77s/it]Best trial: 756. Best value: 2.01223:  53%|█████▎    | 789/1500 [58:21<1:09:04,  5.83s/it]                                                                                          Best trial: 756. Best value: 2.01223:  53%|█████▎    | 789/1500 [58:27<1:09:04,  5.83s/it]Best trial: 756. Best value: 2.01223:  53%|█████▎    | 789/1500 [58:27<1:09:04,  5.83s/it]Best trial: 756. Best value: 2.01223:  53%|█████▎    | 790/1500 [58:27<1:10:33,  5.96s/it]                                                                                          Best trial: 756. Best value: 2.01223:  53%|█████▎    | 790/1500 [58:31<1:10:33,  5.96s/it]Best trial: 756. Best value: 2.01223:  53%|█████▎    | 790/1500 [58:32<1:10:33,  5.96s/it]Best trial: 756. Best value: 2.01223:  53%|█████▎    | 791/1500 [58:32<1:06:13,  5.60s/it]                                                                                          Best trial: 756. Best value: 2.01223:  53%|█████▎    | 791/1500 [58:38<1:06:13,  5.60s/it]Best trial: 756. Best value: 2.01223:  53%|█████▎    | 791/1500 [58:38<1:06:13,  5.60s/it]Best trial: 756. Best value: 2.01223:  53%|█████▎    | 792/1500 [58:38<1:08:39,  5.82s/it]                                                                                          
[I 2026-05-02 22:35:20,571] Trial 781 finished with value: 2.2664296247923543 and parameters: {'f_n': 1.6433757754734748e-06, 'K_d': 120818.94804661597, 'rho_d': 59793012822915.49, 'fission_rate': 4.800971747851031e+19, 'Dg_D1_scale': 0.5790841143993436, 'Dg_D3_scale': 2.756570113413825, 'Dv_D1_scale': 0.48293309490634945, 'Dv_D2_scale': 3.7650165141316156, 'b_bulk_scale': 0.623743049202846, 'b_dislocation_scale': 0.11844829964941823, 'gb_scale': 2.7584445630527274, 'gd_bubble_scale': 0.29797471170764417, 'gd_line_scale': 0.9572695957640012, 'gd_line_alpha': 0.8944991500488247, 'coalescence_d_scale': 0.3737655051155461, 'capture_scale': 0.44884484096097754}. Best is trial 756 with value: 2.012228641160978.
[I 2026-05-02 22:35:26,485] Trial 782 finished with value: 2.426605133153071 and parameters: {'f_n': 1.9640428670528827e-06, 'K_d': 100100.5853175598, 'rho_d': 58480755514933.37, 'fission_rate': 4.9954289314739e+19, 'Dg_D1_scale': 0.5069632201136912, 'Dg_D3_scale': 2.855870198428639, 'Dv_D1_scale': 0.3833951854458975, 'Dv_D2_scale': 3.5608197155168506, 'b_bulk_scale': 0.5338575691124622, 'b_dislocation_scale': 0.10304870909063384, 'gb_scale': 3.34582172965682, 'gd_bubble_scale': 0.2831057066841057, 'gd_line_scale': 1.2540676497319305, 'gd_line_alpha': 0.9453230514906227, 'coalescence_d_scale': 0.5891375137703032, 'capture_scale': 0.34932520034283615}. Best is trial 756 with value: 2.012228641160978.
[I 2026-05-02 22:35:32,684] Trial 783 finished with value: 2.3646357621479135 and parameters: {'f_n': 1.5718599377681725e-06, 'K_d': 114401.52104099774, 'rho_d': 54821891786402.375, 'fission_rate': 4.649490812883916e+19, 'Dg_D1_scale': 0.5374383584203728, 'Dg_D3_scale': 2.85084107195817, 'Dv_D1_scale': 0.4198950553329907, 'Dv_D2_scale': 1.7616243167744146, 'b_bulk_scale': 0.6442176897762021, 'b_dislocation_scale': 0.12019855872653396, 'gb_scale': 3.503169371980507, 'gd_bubble_scale': 0.3402210568336616, 'gd_line_scale': 1.2444047017579956, 'gd_line_alpha': 0.9272489916166424, 'coalescence_d_scale': 0.4104962101589849, 'capture_scale': 0.2556934336937468}. Best is trial 756 with value: 2.012228641160978.
[I 2026-05-02 22:35:38,586] Trial 784 finished with value: 2.7467501337353304 and parameters: {'f_n': 2.1641458067252047e-06, 'K_d': 119989.73336026842, 'rho_d': 62190967640740.5, 'fission_rate': 4.93992622680701e+19, 'Dg_D1_scale': 0.5790242188079044, 'Dg_D3_scale': 2.5145062528168367, 'Dv_D1_scale': 0.49473287122436993, 'Dv_D2_scale': 3.636616271094273, 'b_bulk_scale': 0.512614012865108, 'b_dislocation_scale': 0.10794712750638692, 'gb_scale': 3.095787792732098, 'gd_bubble_scale': 0.3366394133698739, 'gd_line_scale': 1.4381618349227907, 'gd_line_alpha': 0.8876800319564371, 'coalescence_d_scale': 0.3260887860474765, 'capture_scale': 0.3319198489565445}. Best is trial 756 with value: 2.012228641160978.
[I 2026-05-02 22:35:42,845] Trial 785 finished with value: 2.885111973239333 and parameters: {'f_n': 1.3740555234836378e-06, 'K_d': 127023.18430811632, 'rho_d': 52529744988109.83, 'fission_rate': 4.864816084717988e+19, 'Dg_D1_scale': 0.4861562817634027, 'Dg_D3_scale': 2.5841338105824003, 'Dv_D1_scale': 0.7735051100501962, 'Dv_D2_scale': 3.483551163019578, 'b_bulk_scale': 0.39091192957810056, 'b_dislocation_scale': 0.1274189466422462, 'gb_scale': 2.684175751380906, 'gd_bubble_scale': 9.677344394061235, 'gd_line_scale': 1.0362847516394231, 'gd_line_alpha': 0.8972251955672247, 'coalescence_d_scale': 0.44028241767505705, 'capture_scale': 0.2737459405083943}. Best is trial 756 with value: 2.012228641160978.
[I 2026-05-02 22:35:48,927] Trial 786 finished with value: 4.165368901006303 and parameters: {'f_n': 1.6603309361149167e-06, 'K_d': 107321.98025799329, 'rho_d': 73908868782111.28, 'fission_rate': 4.7698145108968505e+19, 'Dg_D1_scale': 0.4521187338152686, 'Dg_D3_scale': 2.9274254643240827, 'Dv_D1_scale': 0.7029205097714285, 'Dv_D2_scale': 3.975632609867536, 'b_bulk_scale': 0.6635329284680238, 'b_dislocation_scale': 0.11767858693723815, 'gb_scale': 2.284897710929133, 'gd_bubble_scale': 0.3631958238567797, 'gd_line_scale': 1.4974408556517527, 'gd_line_alpha': 0.9197952106776313, 'coalescence_d_scale': 0.35964739286894504, 'capture_scale': 0.5894782415495833}. Best is trial 756 with value: 2.012228641160978.
[I 2026-05-02 22:35:55,033] Trial 787 finished with value: 2.898892994641237 and parameters: {'f_n': 2.1496410875071934e-06, 'K_d': 112591.16176877642, 'rho_d': 65914534182736.71, 'fission_rate': 4.708658226509807e+19, 'Dg_D1_scale': 0.6265925555025562, 'Dg_D3_scale': 2.2460386540651927, 'Dv_D1_scale': 0.5454544286057923, 'Dv_D2_scale': 3.6993895372817667, 'b_bulk_scale': 0.5614247470519078, 'b_dislocation_scale': 0.09412488468393301, 'gb_scale': 3.6945893764508866, 'gd_bubble_scale': 0.32329223253319533, 'gd_line_scale': 1.2849129844483709, 'gd_line_alpha': 0.8921468975358557, 'coalescence_d_scale': 0.3188222160559332, 'capture_scale': 0.46148727740906814}. Best is trial 756 with value: 2.012228641160978.
[I 2026-05-02 22:36:01,006] Trial 788 finished with value: 3.2705632814190784 and parameters: {'f_n': 1.2839893530866948e-06, 'K_d': 103679.32860707313, 'rho_d': 57308152400184.94, 'fission_rate': 4.8602674364999156e+19, 'Dg_D1_scale': 0.5532095641380527, 'Dg_D3_scale': 2.747618716463043, 'Dv_D1_scale': 0.6645180951006555, 'Dv_D2_scale': 3.9941386093282505, 'b_bulk_scale': 0.49712157159852594, 'b_dislocation_scale': 0.07342886050226466, 'gb_scale': 3.4747812822759556, 'gd_bubble_scale': 0.37884032551980346, 'gd_line_scale': 1.1935329225620832, 'gd_line_alpha': 0.9110536035152207, 'coalescence_d_scale': 0.4938908225873985, 'capture_scale': 0.5474299252588897}. Best is trial 756 with value: 2.012228641160978.
[I 2026-05-02 22:36:07,283] Trial 789 finished with value: 2.0505698387249773 and parameters: {'f_n': 1.6999677109757316e-06, 'K_d': 121446.09816010922, 'rho_d': 54561828964586.445, 'fission_rate': 4.589675439625439e+19, 'Dg_D1_scale': 0.5087666728570868, 'Dg_D3_scale': 3.0035616248689516, 'Dv_D1_scale': 0.4261139105332243, 'Dv_D2_scale': 3.4596301166431616, 'b_bulk_scale': 0.6061538287231427, 'b_dislocation_scale': 0.08098087853047908, 'gb_scale': 3.0586653199709812, 'gd_bubble_scale': 0.29447589976942673, 'gd_line_scale': 0.6969450375924751, 'gd_line_alpha': 0.9527734344069436, 'coalescence_d_scale': 0.3959507975377062, 'capture_scale': 0.37209363413159197}. Best is trial 756 with value: 2.012228641160978.
[I 2026-05-02 22:36:12,052] Trial 790 finished with value: 2.0417240001834296 and parameters: {'f_n': 2.2106983896787494e-06, 'K_d': 123554.27485675101, 'rho_d': 54631183333340.99, 'fission_rate': 4.567252216662062e+19, 'Dg_D1_scale': 0.5071357511565144, 'Dg_D3_scale': 2.909271188284089, 'Dv_D1_scale': 0.45592149779271646, 'Dv_D2_scale': 3.488068886432183, 'b_bulk_scale': 0.8395201121705809, 'b_dislocation_scale': 0.09810341413352497, 'gb_scale': 2.926926520901998, 'gd_bubble_scale': 0.3861285945844163, 'gd_line_scale': 0.6341448169806506, 'gd_line_alpha': 0.9638153238086605, 'coalescence_d_scale': 0.4540058106336596, 'capture_scale': 0.3732991212705865}. Best is trial 756 with value: 2.012228641160978.
[I 2026-05-02 22:36:18,369] Trial 791 finished with value: 2.0497774568137817 and parameters: {'f_n': 2.1854900709920813e-06, 'K_d': 124868.76913767544, 'rho_d': 54013362519371.46, 'fission_rate': 4.581959326162838e+19, 'Dg_D1_scale': 0.5048214439272206, 'Dg_D3_scale': 2.669954601980663, 'Dv_D1_scale': 0.4628873145724086, 'Dv_D2_scale': 3.9893000098441127, 'b_bulk_scale': 0.5781919146049221, 'b_dislocation_scale': 0.07629446557886325, 'gb_scale': 2.956276910831356, 'gd_bubble_scale': 0.2940865195637609, 'gd_line_scale': 0.6444530633219014, 'gd_line_alpha': 0.9919984300915119, 'coalescence_d_scale': 0.5071553280712912, 'capture_scale': 0.3564821065003646}. Best is trial 756 with value: 2.012228641160978.
