[I 2026-05-02 23:40:24,957] Trial 1458 finished with value: 2.017810499492552 and parameters: {'f_n': 3.98460913845073e-07, 'K_d': 147674.4278735873, 'rho_d': 64650013119423.734, 'fission_rate': 5.178164487379918e+19, 'Dg_D1_scale': 0.2529674858925628, 'Dg_D3_scale': 1.464860829682158, 'Dv_D1_scale': 0.42518451715794836, 'Dv_D2_scale': 3.5939518761324765, 'b_bulk_scale': 0.3082925777258076, 'b_dislocation_scale': 0.05068097804596564, 'gb_scale': 2.815462113948233, 'gd_bubble_scale': 0.18205635068253637, 'gd_line_scale': 0.4478835322878054, 'gd_line_alpha': 0.6178932840622295, 'coalescence_d_scale': 0.4528988148073097, 'capture_scale': 0.0733833280582096}. Best is trial 1282 with value: 2.0082570421242427.
[I 2026-05-02 23:40:29,032] Trial 1459 finished with value: 2.214673767576085 and parameters: {'f_n': 4.23435312795175e-07, 'K_d': 159929.6254797214, 'rho_d': 64294164371873.18, 'fission_rate': 5.251980076464823e+19, 'Dg_D1_scale': 0.28026144543743714, 'Dg_D3_scale': 1.4462821458313817, 'Dv_D1_scale': 0.40250664715583667, 'Dv_D2_scale': 3.2532312961968195, 'b_bulk_scale': 0.32787705084955493, 'b_dislocation_scale': 0.04422190909148403, 'gb_scale': 2.065730524084787, 'gd_bubble_scale': 0.15334447633881554, 'gd_line_scale': 0.46600992898221055, 'gd_line_alpha': 0.5856817091554609, 'coalescence_d_scale': 0.4587553641192972, 'capture_scale': 0.05115302809305638}. Best is trial 1282 with value: 2.0082570421242427.
[I 2026-05-02 23:40:34,732] Trial 1460 finished with value: 2.140887651017509 and parameters: {'f_n': 3.80999722428378e-07, 'K_d': 323178.9424911509, 'rho_d': 63235908419935.83, 'fission_rate': 5.246232210948622e+19, 'Dg_D1_scale': 0.25260962959306044, 'Dg_D3_scale': 1.4912862848903723, 'Dv_D1_scale': 0.3817486260707997, 'Dv_D2_scale': 3.098227817146791, 'b_bulk_scale': 0.26834971537507213, 'b_dislocation_scale': 0.050129806124044454, 'gb_scale': 2.3368805626551405, 'gd_bubble_scale': 0.1467083792170282, 'gd_line_scale': 0.4868783033129522, 'gd_line_alpha': 0.6558374651560288, 'coalescence_d_scale': 0.4571969347536451, 'capture_scale': 0.07076138103259187}. Best is trial 1282 with value: 2.0082570421242427.
[I 2026-05-02 23:40:40,365] Trial 1461 finished with value: 2.048770173868087 and parameters: {'f_n': 4.2850945650720794e-07, 'K_d': 150098.00942070736, 'rho_d': 63510654880726.6, 'fission_rate': 5.335341025942969e+19, 'Dg_D1_scale': 0.287142484981789, 'Dg_D3_scale': 1.0675336582899426, 'Dv_D1_scale': 0.37814284269921566, 'Dv_D2_scale': 3.1080382872407175, 'b_bulk_scale': 0.28942499416019557, 'b_dislocation_scale': 0.05020474307548825, 'gb_scale': 2.59236064631839, 'gd_bubble_scale': 0.15825874432557485, 'gd_line_scale': 0.47785351843261786, 'gd_line_alpha': 0.637534355667473, 'coalescence_d_scale': 0.47203035968261375, 'capture_scale': 0.0599549435011218}. Best is trial 1282 with value: 2.0082570421242427.
[I 2026-05-02 23:40:46,342] Trial 1462 finished with value: 2.081902657142298 and parameters: {'f_n': 3.986467423246656e-07, 'K_d': 132264.5972549782, 'rho_d': 66747166847739.92, 'fission_rate': 4.978796866353519e+19, 'Dg_D1_scale': 0.26305677004017386, 'Dg_D3_scale': 1.5066769485025444, 'Dv_D1_scale': 0.40399229679927917, 'Dv_D2_scale': 3.317952996652644, 'b_bulk_scale': 0.27950893349251604, 'b_dislocation_scale': 0.061356883088108674, 'gb_scale': 2.2425166813020434, 'gd_bubble_scale': 0.18190651449008916, 'gd_line_scale': 0.3994558139959109, 'gd_line_alpha': 0.6716066287345138, 'coalescence_d_scale': 0.44357702057693127, 'capture_scale': 0.06849757514167436}. Best is trial 1282 with value: 2.0082570421242427.
[I 2026-05-02 23:40:52,073] Trial 1463 finished with value: 2.061033780076485 and parameters: {'f_n': 3.467634356855099e-07, 'K_d': 132652.34029481048, 'rho_d': 62652783183609.06, 'fission_rate': 5.215928424844184e+19, 'Dg_D1_scale': 0.25052075391537443, 'Dg_D3_scale': 1.469428928550056, 'Dv_D1_scale': 0.42184361643363705, 'Dv_D2_scale': 3.363123239018255, 'b_bulk_scale': 0.3015340966202899, 'b_dislocation_scale': 0.0488654425215024, 'gb_scale': 2.7229804122191856, 'gd_bubble_scale': 0.1470474726910469, 'gd_line_scale': 0.4815016357104611, 'gd_line_alpha': 0.6092864439098704, 'coalescence_d_scale': 0.4795942158577897, 'capture_scale': 0.055433204875233136}. Best is trial 1282 with value: 2.0082570421242427.
[I 2026-05-02 23:40:57,863] Trial 1464 finished with value: 2.06378589218834 and parameters: {'f_n': 4.2999545744366405e-07, 'K_d': 159481.52436955355, 'rho_d': 67390063902239.22, 'fission_rate': 5.1555963371085275e+19, 'Dg_D1_scale': 0.28613399102848636, 'Dg_D3_scale': 1.3213572365201525, 'Dv_D1_scale': 0.3774196050694853, 'Dv_D2_scale': 3.4673579721525587, 'b_bulk_scale': 0.2662223820750797, 'b_dislocation_scale': 0.039264773454101995, 'gb_scale': 2.460940348173048, 'gd_bubble_scale': 0.1749472795140582, 'gd_line_scale': 0.35912093059574973, 'gd_line_alpha': 0.09448988577847561, 'coalescence_d_scale': 0.422998524183022, 'capture_scale': 0.07294091974874953}. Best is trial 1282 with value: 2.0082570421242427.Best trial: 1282. Best value: 2.00826:  98%|█████████▊| 1464/1500 [2:03:17<03:23,  5.64s/it]Best trial: 1282. Best value: 2.00826:  98%|█████████▊| 1464/1500 [2:03:17<03:23,  5.64s/it]Best trial: 1282. Best value: 2.00826:  98%|█████████▊| 1465/1500 [2:03:17<03:19,  5.69s/it]                                                                                            Best trial: 1282. Best value: 2.00826:  98%|█████████▊| 1465/1500 [2:03:22<03:19,  5.69s/it]Best trial: 1282. Best value: 2.00826:  98%|█████████▊| 1465/1500 [2:03:22<03:19,  5.69s/it]Best trial: 1282. Best value: 2.00826:  98%|█████████▊| 1466/1500 [2:03:22<02:58,  5.25s/it]                                                                                            Best trial: 1282. Best value: 2.00826:  98%|█████████▊| 1466/1500 [2:03:27<02:58,  5.25s/it]Best trial: 1282. Best value: 2.00826:  98%|█████████▊| 1466/1500 [2:03:27<02:58,  5.25s/it]Best trial: 1282. Best value: 2.00826:  98%|█████████▊| 1467/1500 [2:03:27<02:55,  5.33s/it]                                                                                            Best trial: 1282. Best value: 2.00826:  98%|█████████▊| 1467/1500 [2:03:33<02:55,  5.33s/it]Best trial: 1282. Best value: 2.00826:  98%|█████████▊| 1467/1500 [2:03:33<02:55,  5.33s/it]Best trial: 1282. Best value: 2.00826:  98%|█████████▊| 1468/1500 [2:03:33<02:56,  5.53s/it]                                                                                            Best trial: 1282. Best value: 2.00826:  98%|█████████▊| 1468/1500 [2:03:39<02:56,  5.53s/it]Best trial: 1282. Best value: 2.00826:  98%|█████████▊| 1468/1500 [2:03:39<02:56,  5.53s/it]Best trial: 1282. Best value: 2.00826:  98%|█████████▊| 1469/1500 [2:03:39<02:54,  5.64s/it]                                                                                            Best trial: 1282. Best value: 2.00826:  98%|█████████▊| 1469/1500 [2:03:45<02:54,  5.64s/it]Best trial: 1282. Best value: 2.00826:  98%|█████████▊| 1469/1500 [2:03:45<02:54,  5.64s/it]Best trial: 1282. Best value: 2.00826:  98%|█████████▊| 1470/1500 [2:03:45<02:50,  5.69s/it]                                                                                            Best trial: 1282. Best value: 2.00826:  98%|█████████▊| 1470/1500 [2:03:51<02:50,  5.69s/it]Best trial: 1282. Best value: 2.00826:  98%|█████████▊| 1470/1500 [2:03:51<02:50,  5.69s/it]Best trial: 1282. Best value: 2.00826:  98%|█████████▊| 1471/1500 [2:03:51<02:47,  5.78s/it]                                                                                            Best trial: 1282. Best value: 2.00826:  98%|█████████▊| 1471/1500 [2:03:55<02:47,  5.78s/it]Best trial: 1282. Best value: 2.00826:  98%|█████████▊| 1471/1500 [2:03:55<02:47,  5.78s/it]Best trial: 1282. Best value: 2.00826:  98%|█████████▊| 1472/1500 [2:03:55<02:28,  5.31s/it]                                                                                            Best trial: 1282. Best value: 2.00826:  98%|█████████▊| 1472/1500 [2:04:01<02:28,  5.31s/it]Best trial: 1282. Best value: 2.00826:  98%|█████████▊| 1472/1500 [2:04:01<02:28,  5.31s/it]Best trial: 1282. Best value: 2.00826:  98%|█████████▊| 1473/1500 [2:04:01<02:29,  5.53s/it]                                                                                            Best trial: 1282. Best value: 2.00826:  98%|█████████▊| 1473/1500 [2:04:07<02:29,  5.53s/it]Best trial: 1282. Best value: 2.00826:  98%|█████████▊| 1473/1500 [2:04:07<02:29,  5.53s/it]Best trial: 1282. Best value: 2.00826:  98%|█████████▊| 1474/1500 [2:04:07<02:26,  5.64s/it]                                                                                            Best trial: 1282. Best value: 2.00826:  98%|█████████▊| 1474/1500 [2:04:13<02:26,  5.64s/it]Best trial: 1282. Best value: 2.00826:  98%|█████████▊| 1474/1500 [2:04:13<02:26,  5.64s/it]Best trial: 1282. Best value: 2.00826:  98%|█████████▊| 1475/1500 [2:04:13<02:22,  5.69s/it]                                                                                            Best trial: 1282. Best value: 2.00826:  98%|█████████▊| 1475/1500 [2:04:18<02:22,  5.69s/it]Best trial: 1282. Best value: 2.00826:  98%|█████████▊| 1475/1500 [2:04:18<02:22,  5.69s/it]Best trial: 1282. Best value: 2.00826:  98%|█████████▊| 1476/1500 [2:04:18<02:15,  5.63s/it]                                                                                            
[I 2026-05-02 23:41:02,109] Trial 1465 finished with value: 2.317039582982526 and parameters: {'f_n': 3.402442631113518e-07, 'K_d': 141249.93242890897, 'rho_d': 63078552468552.97, 'fission_rate': 5.027278533879599e+19, 'Dg_D1_scale': 0.26979102438574437, 'Dg_D3_scale': 1.5785683226441718, 'Dv_D1_scale': 0.415323460180001, 'Dv_D2_scale': 0.2316333551993621, 'b_bulk_scale': 0.30055957575133346, 'b_dislocation_scale': 0.0634642019639476, 'gb_scale': 1.975516807718205, 'gd_bubble_scale': 0.13878508703979542, 'gd_line_scale': 0.4533612268748474, 'gd_line_alpha': 0.6248461767188368, 'coalescence_d_scale': 0.4909410263353289, 'capture_scale': 0.06233718343649573}. Best is trial 1282 with value: 2.0082570421242427.
[I 2026-05-02 23:41:07,618] Trial 1466 finished with value: 4.611820071430223 and parameters: {'f_n': 4.3374698063169375e-07, 'K_d': 148238.25316727388, 'rho_d': 63925849644662.59, 'fission_rate': 5.407450715462351e+19, 'Dg_D1_scale': 0.25122558215993523, 'Dg_D3_scale': 1.572029742342943, 'Dv_D1_scale': 0.3994593409749171, 'Dv_D2_scale': 3.494110987818028, 'b_bulk_scale': 0.2698774230912165, 'b_dislocation_scale': 0.046545448047405735, 'gb_scale': 0.05009418392378942, 'gd_bubble_scale': 0.16228998469894934, 'gd_line_scale': 0.4040119174694431, 'gd_line_alpha': 0.5933027046616846, 'coalescence_d_scale': 0.42112782534335513, 'capture_scale': 0.07197255791950019}. Best is trial 1282 with value: 2.0082570421242427.
[I 2026-05-02 23:41:13,599] Trial 1467 finished with value: 2.371501735983014 and parameters: {'f_n': 3.295149588784382e-07, 'K_d': 131198.6217913073, 'rho_d': 69947274910387.55, 'fission_rate': 4.953506194530389e+19, 'Dg_D1_scale': 0.2858213805548932, 'Dg_D3_scale': 1.2409917021789554, 'Dv_D1_scale': 0.46843204035399383, 'Dv_D2_scale': 3.1226828134240807, 'b_bulk_scale': 0.32408164004945256, 'b_dislocation_scale': 0.0628161997889791, 'gb_scale': 2.8466409936431956, 'gd_bubble_scale': 0.17193731969733664, 'gd_line_scale': 0.30469997619513234, 'gd_line_alpha': 0.6411557570614207, 'coalescence_d_scale': 0.47144519123489115, 'capture_scale': 0.07492888462470822}. Best is trial 1282 with value: 2.0082570421242427.
[I 2026-05-02 23:41:19,513] Trial 1468 finished with value: 2.039046960831404 and parameters: {'f_n': 4.262347246410459e-07, 'K_d': 138482.87596940054, 'rho_d': 66587742345553.39, 'fission_rate': 5.054980310850037e+19, 'Dg_D1_scale': 0.26719338143696636, 'Dg_D3_scale': 1.6517388579045462, 'Dv_D1_scale': 0.43005924597539535, 'Dv_D2_scale': 3.640790895628047, 'b_bulk_scale': 0.2887988734927681, 'b_dislocation_scale': 0.059030337955231015, 'gb_scale': 2.3547489231208174, 'gd_bubble_scale': 0.13988927842849447, 'gd_line_scale': 0.5035525724686616, 'gd_line_alpha': 0.6854516050223514, 'coalescence_d_scale': 0.43259177890260664, 'capture_scale': 0.07740203020537109}. Best is trial 1282 with value: 2.0082570421242427.
[I 2026-05-02 23:41:25,313] Trial 1469 finished with value: 3.8676856263764194 and parameters: {'f_n': 3.197814862777471e-07, 'K_d': 129380.1490377655, 'rho_d': 73105359203450.56, 'fission_rate': 5.172538767957896e+19, 'Dg_D1_scale': 1.0303477201792695, 'Dg_D3_scale': 1.4275178078561777, 'Dv_D1_scale': 1.4711906742462502, 'Dv_D2_scale': 3.4500749420417844, 'b_bulk_scale': 0.32605716237915855, 'b_dislocation_scale': 0.036138792462670634, 'gb_scale': 2.8139538282821444, 'gd_bubble_scale': 0.18271961489550315, 'gd_line_scale': 0.44376693883423196, 'gd_line_alpha': 0.5801862696776968, 'coalescence_d_scale': 0.5025812160496423, 'capture_scale': 0.06156465382604474}. Best is trial 1282 with value: 2.0082570421242427.
[I 2026-05-02 23:41:31,294] Trial 1470 finished with value: 2.4231530082482364 and parameters: {'f_n': 4.526819793869773e-07, 'K_d': 149650.68187266332, 'rho_d': 63305597246668.1, 'fission_rate': 4.9667601823265145e+19, 'Dg_D1_scale': 0.24594733992071655, 'Dg_D3_scale': 1.3307546190713706, 'Dv_D1_scale': 0.37616752181619606, 'Dv_D2_scale': 3.6123301943335338, 'b_bulk_scale': 0.3109951410730735, 'b_dislocation_scale': 0.06885009304743404, 'gb_scale': 2.586691536766115, 'gd_bubble_scale': 0.15017481491000184, 'gd_line_scale': 0.3867192637735807, 'gd_line_alpha': 0.7085225705927279, 'coalescence_d_scale': 0.3915163651584201, 'capture_scale': 0.049301549325141886}. Best is trial 1282 with value: 2.0082570421242427.
[I 2026-05-02 23:41:35,520] Trial 1471 finished with value: 2.4336076666014206 and parameters: {'f_n': 3.558714033599253e-07, 'K_d': 751647.9418901707, 'rho_d': 66644631317883.57, 'fission_rate': 5.077830662406468e+19, 'Dg_D1_scale': 0.29011752741127356, 'Dg_D3_scale': 1.4336212561763553, 'Dv_D1_scale': 0.3739239349917924, 'Dv_D2_scale': 3.2705967307453117, 'b_bulk_scale': 0.3488008303791124, 'b_dislocation_scale': 0.03348313721420331, 'gb_scale': 2.927373970088882, 'gd_bubble_scale': 0.137770279404088, 'gd_line_scale': 0.49535622973871996, 'gd_line_alpha': 0.6143674790694147, 'coalescence_d_scale': 0.4580037133701805, 'capture_scale': 0.052568471324868915}. Best is trial 1282 with value: 2.0082570421242427.
[I 2026-05-02 23:41:41,559] Trial 1472 finished with value: 2.1750628184444447 and parameters: {'f_n': 2.578360723575761e-07, 'K_d': 140374.27354465763, 'rho_d': 63084573457976.32, 'fission_rate': 4.9469552005406015e+19, 'Dg_D1_scale': 0.23720244138400462, 'Dg_D3_scale': 1.5281206312208118, 'Dv_D1_scale': 0.38907037758204205, 'Dv_D2_scale': 3.6179212017901157, 'b_bulk_scale': 0.2933933505491139, 'b_dislocation_scale': 0.06361896725296183, 'gb_scale': 2.2470249531093573, 'gd_bubble_scale': 0.16188239270947247, 'gd_line_scale': 0.3539007055359811, 'gd_line_alpha': 0.6555805212935298, 'coalescence_d_scale': 0.41073655535741865, 'capture_scale': 0.06577339431038501}. Best is trial 1282 with value: 2.0082570421242427.
[I 2026-05-02 23:41:47,441] Trial 1473 finished with value: 2.2484851243932784 and parameters: {'f_n': 3.974663285171222e-07, 'K_d': 131258.98917002982, 'rho_d': 69058040552362.875, 'fission_rate': 5.005026522018729e+19, 'Dg_D1_scale': 0.25431432563805084, 'Dg_D3_scale': 1.5864522797345955, 'Dv_D1_scale': 0.37235197253681623, 'Dv_D2_scale': 3.461323032985448, 'b_bulk_scale': 0.26268816072316575, 'b_dislocation_scale': 0.06826142198324309, 'gb_scale': 1.5266957879155545, 'gd_bubble_scale': 0.18560522325936007, 'gd_line_scale': 0.534463856113582, 'gd_line_alpha': 0.6354692272132403, 'coalescence_d_scale': 0.5137791162628306, 'capture_scale': 0.07981672813945029}. Best is trial 1282 with value: 2.0082570421242427.
[I 2026-05-02 23:41:53,267] Trial 1474 finished with value: 4.17047971965629 and parameters: {'f_n': 2.2109791625524642e-07, 'K_d': 147018.61795909412, 'rho_d': 6454193757302.054, 'fission_rate': 5.203037582920456e+19, 'Dg_D1_scale': 0.2675026801922458, 'Dg_D3_scale': 1.6743575265608397, 'Dv_D1_scale': 0.45428913575935154, 'Dv_D2_scale': 3.64986344470247, 'b_bulk_scale': 0.3578521829301258, 'b_dislocation_scale': 0.05342374561186863, 'gb_scale': 1.8426660344280028, 'gd_bubble_scale': 0.13720975263996082, 'gd_line_scale': 0.43826452576193786, 'gd_line_alpha': 0.6742793985034702, 'coalescence_d_scale': 0.4554122449440024, 'capture_scale': 0.05694403221513601}. Best is trial 1282 with value: 2.0082570421242427.
[I 2026-05-02 23:41:58,765] Trial 1475 finished with value: 2.1827530440351435 and parameters: {'f_n': 3.055385518094468e-07, 'K_d': 138631.0164827098, 'rho_d': 71341939509435.08, 'fission_rate': 5.473656670571779e+19, 'Dg_D1_scale': 0.2920601219684276, 'Dg_D3_scale': 1.6716385206360092, 'Dv_D1_scale': 0.49994152636650946, 'Dv_D2_scale': 3.130781473284784, 'b_bulk_scale': 0.3109869316198726, 'b_dislocation_scale': 0.05958220433796842, 'gb_scale': 2.5746387649265463, 'gd_bubble_scale': 0.15415426211295388, 'gd_line_scale': 0.4911357792944142, 'gd_line_alpha': 0.6132453423019542, 'coalescence_d_scale': 0.3973559974093477, 'capture_scale': 0.079755601945286}. Best is trial 1282 with value: 2.0082570421242427.
