[I 2026-05-02 22:10:21,955] Trial 468 finished with value: 2.6965018916999415 and parameters: {'f_n': 2.9461923518709355e-06, 'K_d': 229243.88246966753, 'rho_d': 35003017367327.58, 'fission_rate': 5.789949536369259e+19, 'Dg_D1_scale': 1.679858158830995, 'Dg_D3_scale': 3.5594054097272516, 'Dv_D1_scale': 0.7864299041691284, 'Dv_D2_scale': 2.402034774371949, 'b_bulk_scale': 0.16311791273273057, 'b_dislocation_scale': 0.14860035946681896, 'gb_scale': 5.691321963959788, 'gd_bubble_scale': 0.7352144380251651, 'gd_line_scale': 6.085481015074657, 'gd_line_alpha': 0.8675645318382151, 'coalescence_d_scale': 0.29147148735826073, 'capture_scale': 2.0203464444087964}. Best is trial 444 with value: 2.0614202321115003.Best trial: 444. Best value: 2.06142:  31%|███       | 468/1500 [32:41<1:20:00,  4.65s/it]Best trial: 444. Best value: 2.06142:  31%|███       | 468/1500 [32:41<1:20:00,  4.65s/it]Best trial: 444. Best value: 2.06142:  31%|███▏      | 469/1500 [32:41<1:22:07,  4.78s/it]                                                                                          Best trial: 444. Best value: 2.06142:  31%|███▏      | 469/1500 [32:47<1:22:07,  4.78s/it]Best trial: 444. Best value: 2.06142:  31%|███▏      | 469/1500 [32:47<1:22:07,  4.78s/it]Best trial: 444. Best value: 2.06142:  31%|███▏      | 470/1500 [32:47<1:25:28,  4.98s/it]                                                                                          Best trial: 444. Best value: 2.06142:  31%|███▏      | 470/1500 [32:52<1:25:28,  4.98s/it]Best trial: 444. Best value: 2.06142:  31%|███▏      | 470/1500 [32:52<1:25:28,  4.98s/it]Best trial: 444. Best value: 2.06142:  31%|███▏      | 471/1500 [32:52<1:27:21,  5.09s/it]                                                                                          Best trial: 444. Best value: 2.06142:  31%|███▏      | 471/1500 [32:57<1:27:21,  5.09s/it]Best trial: 444. Best value: 2.06142:  31%|███▏      | 471/1500 [32:57<1:27:21,  5.09s/it]Best trial: 444. Best value: 2.06142:  31%|███▏      | 472/1500 [32:57<1:25:54,  5.01s/it]                                                                                          Best trial: 444. Best value: 2.06142:  31%|███▏      | 472/1500 [33:00<1:25:54,  5.01s/it]Best trial: 444. Best value: 2.06142:  31%|███▏      | 472/1500 [33:01<1:25:54,  5.01s/it]Best trial: 444. Best value: 2.06142:  32%|███▏      | 473/1500 [33:01<1:17:34,  4.53s/it]                                                                                          Best trial: 444. Best value: 2.06142:  32%|███▏      | 473/1500 [33:06<1:17:34,  4.53s/it]Best trial: 444. Best value: 2.06142:  32%|███▏      | 473/1500 [33:06<1:17:34,  4.53s/it]Best trial: 444. Best value: 2.06142:  32%|███▏      | 474/1500 [33:06<1:21:12,  4.75s/it]                                                                                          Best trial: 444. Best value: 2.06142:  32%|███▏      | 474/1500 [33:10<1:21:12,  4.75s/it]Best trial: 444. Best value: 2.06142:  32%|███▏      | 474/1500 [33:11<1:21:12,  4.75s/it]Best trial: 444. Best value: 2.06142:  32%|███▏      | 475/1500 [33:11<1:21:13,  4.75s/it]                                                                                          Best trial: 444. Best value: 2.06142:  32%|███▏      | 475/1500 [33:16<1:21:13,  4.75s/it]Best trial: 444. Best value: 2.06142:  32%|███▏      | 475/1500 [33:16<1:21:13,  4.75s/it]Best trial: 444. Best value: 2.06142:  32%|███▏      | 476/1500 [33:16<1:24:21,  4.94s/it]                                                                                          Best trial: 444. Best value: 2.06142:  32%|███▏      | 476/1500 [33:21<1:24:21,  4.94s/it]Best trial: 444. Best value: 2.06142:  32%|███▏      | 476/1500 [33:21<1:24:21,  4.94s/it]Best trial: 444. Best value: 2.06142:  32%|███▏      | 477/1500 [33:21<1:25:30,  5.02s/it]                                                                                          Best trial: 444. Best value: 2.06142:  32%|███▏      | 477/1500 [33:26<1:25:30,  5.02s/it]Best trial: 444. Best value: 2.06142:  32%|███▏      | 477/1500 [33:26<1:25:30,  5.02s/it]Best trial: 444. Best value: 2.06142:  32%|███▏      | 478/1500 [33:26<1:24:04,  4.94s/it]                                                                                          Best trial: 444. Best value: 2.06142:  32%|███▏      | 478/1500 [33:29<1:24:04,  4.94s/it]Best trial: 444. Best value: 2.06142:  32%|███▏      | 478/1500 [33:29<1:24:04,  4.94s/it]Best trial: 444. Best value: 2.06142:  32%|███▏      | 479/1500 [33:29<1:12:38,  4.27s/it]                                                                                          Best trial: 444. Best value: 2.06142:  32%|███▏      | 479/1500 [33:33<1:12:38,  4.27s/it]Best trial: 444. Best value: 2.06142:  32%|███▏      | 479/1500 [33:34<1:12:38,  4.27s/it]Best trial: 444. Best value: 2.06142:  32%|███▏      | 480/1500 [33:34<1:16:09,  4.48s/it]                                                                                          
[I 2026-05-02 22:10:27,393] Trial 469 finished with value: 4.0281478845165815 and parameters: {'f_n': 2.8883619406115132e-09, 'K_d': 236269.8761244083, 'rho_d': 38038570224847.016, 'fission_rate': 5.637192733208535e+19, 'Dg_D1_scale': 1.5923055981845884, 'Dg_D3_scale': 3.971290420546423, 'Dv_D1_scale': 0.22203648255320138, 'Dv_D2_scale': 2.2531670768905725, 'b_bulk_scale': 0.18572334756534298, 'b_dislocation_scale': 0.19448347418024137, 'gb_scale': 7.239491848293233, 'gd_bubble_scale': 0.6148410250052362, 'gd_line_scale': 6.1348745109999365, 'gd_line_alpha': 0.8397193532435228, 'coalescence_d_scale': 0.32456252029147825, 'capture_scale': 3.3778308902788967}. Best is trial 444 with value: 2.0614202321115003.
[I 2026-05-02 22:10:32,765] Trial 470 finished with value: 2.186046517893527 and parameters: {'f_n': 1.511666748816087e-06, 'K_d': 267820.38400873414, 'rho_d': 33065383824635.227, 'fission_rate': 5.744550617312212e+19, 'Dg_D1_scale': 1.449236142468365, 'Dg_D3_scale': 3.3412243804821533, 'Dv_D1_scale': 0.2699348942403349, 'Dv_D2_scale': 2.50088786284119, 'b_bulk_scale': 0.1455981015279986, 'b_dislocation_scale': 0.1787371147438752, 'gb_scale': 7.997636330342478, 'gd_bubble_scale': 0.8970500524869247, 'gd_line_scale': 7.639400056812778, 'gd_line_alpha': 0.8175046231916208, 'coalescence_d_scale': 0.36043064557136945, 'capture_scale': 2.6798837866154064}. Best is trial 444 with value: 2.0614202321115003.
[I 2026-05-02 22:10:37,594] Trial 471 finished with value: 2.372456863911628 and parameters: {'f_n': 2.2213407671511196e-06, 'K_d': 255054.73657569126, 'rho_d': 29597934057749.707, 'fission_rate': 5.958581746232981e+19, 'Dg_D1_scale': 1.712395921398332, 'Dg_D3_scale': 3.5240174393408146, 'Dv_D1_scale': 0.2324948772359217, 'Dv_D2_scale': 2.563658157945403, 'b_bulk_scale': 0.16730137897809724, 'b_dislocation_scale': 0.21728867964092993, 'gb_scale': 6.499813149384574, 'gd_bubble_scale': 0.46905399572264117, 'gd_line_scale': 5.40776395042224, 'gd_line_alpha': 0.8677878576046263, 'coalescence_d_scale': 0.2896253921223625, 'capture_scale': 4.2435173229573335}. Best is trial 444 with value: 2.0614202321115003.
[I 2026-05-02 22:10:41,003] Trial 472 finished with value: 2.712202721256761 and parameters: {'f_n': 1.9016265197186754e-06, 'K_d': 218534.10107383152, 'rho_d': 35901968745775.68, 'fission_rate': 5.865985178344755e+19, 'Dg_D1_scale': 1.6116192585886628, 'Dg_D3_scale': 3.998277794680566, 'Dv_D1_scale': 0.21933419671174662, 'Dv_D2_scale': 2.3941265138768517, 'b_bulk_scale': 0.5536134365618172, 'b_dislocation_scale': 0.1619670340640216, 'gb_scale': 7.164438052818206, 'gd_bubble_scale': 0.7859800564262446, 'gd_line_scale': 6.563910008718838, 'gd_line_alpha': 0.7976367498501113, 'coalescence_d_scale': 0.34827140186102606, 'capture_scale': 2.305763834456961}. Best is trial 444 with value: 2.0614202321115003.
[I 2026-05-02 22:10:46,259] Trial 473 finished with value: 2.505539403872035 and parameters: {'f_n': 2.493873197325153e-06, 'K_d': 283758.00481135544, 'rho_d': 41250089710815.18, 'fission_rate': 5.525715195383277e+19, 'Dg_D1_scale': 1.8080326550258141, 'Dg_D3_scale': 3.7038400015849544, 'Dv_D1_scale': 0.2457760601516173, 'Dv_D2_scale': 2.63789503686274, 'b_bulk_scale': 0.19259522857815037, 'b_dislocation_scale': 0.19828500163139842, 'gb_scale': 5.964523193111553, 'gd_bubble_scale': 0.8754210102902461, 'gd_line_scale': 7.560396487128155, 'gd_line_alpha': 0.7758867383376352, 'coalescence_d_scale': 0.3117482454783278, 'capture_scale': 6.3299109375563045}. Best is trial 444 with value: 2.0614202321115003.
[I 2026-05-02 22:10:51,026] Trial 474 finished with value: 2.5712365023916584 and parameters: {'f_n': 1.495573483967588e-06, 'K_d': 225897.35375941178, 'rho_d': 18866747870592.965, 'fission_rate': 6.115309723737334e+19, 'Dg_D1_scale': 1.8770294391746312, 'Dg_D3_scale': 3.3770706320432717, 'Dv_D1_scale': 0.21562054890156343, 'Dv_D2_scale': 2.6783729705709662, 'b_bulk_scale': 0.1615915335491396, 'b_dislocation_scale': 0.21412668207622682, 'gb_scale': 5.34361226100924, 'gd_bubble_scale': 0.6676744802443526, 'gd_line_scale': 5.929073056389299, 'gd_line_alpha': 0.8486078630867562, 'coalescence_d_scale': 0.27112615197154244, 'capture_scale': 2.915473502555287}. Best is trial 444 with value: 2.0614202321115003.
[I 2026-05-02 22:10:56,403] Trial 475 finished with value: 2.806009972397174 and parameters: {'f_n': 1.2267452670200226e-06, 'K_d': 207122.9850577598, 'rho_d': 31962922394532.74, 'fission_rate': 5.44645755488906e+19, 'Dg_D1_scale': 1.7588175230325487, 'Dg_D3_scale': 3.715803383693725, 'Dv_D1_scale': 0.49628385052128104, 'Dv_D2_scale': 2.4496218021685605, 'b_bulk_scale': 0.17921904134101896, 'b_dislocation_scale': 0.17596483323720205, 'gb_scale': 6.775233648851574, 'gd_bubble_scale': 0.3792230521342712, 'gd_line_scale': 7.939691357606622, 'gd_line_alpha': 0.8113635086973959, 'coalescence_d_scale': 0.2984769213189429, 'capture_scale': 3.756915152940944}. Best is trial 444 with value: 2.0614202321115003.
[I 2026-05-02 22:11:01,591] Trial 476 finished with value: 2.179277104040331 and parameters: {'f_n': 2.9777675677720746e-06, 'K_d': 213726.62701810442, 'rho_d': 34681623206981.387, 'fission_rate': 5.677348635439399e+19, 'Dg_D1_scale': 1.6287633596986082, 'Dg_D3_scale': 3.3186016462757246, 'Dv_D1_scale': 0.252637517678506, 'Dv_D2_scale': 2.137372129124345, 'b_bulk_scale': 0.14360716284480907, 'b_dislocation_scale': 0.22062432848383476, 'gb_scale': 7.334377278079531, 'gd_bubble_scale': 1.2400220217289715, 'gd_line_scale': 6.844185190756331, 'gd_line_alpha': 0.7873792035200081, 'coalescence_d_scale': 0.26754641908217713, 'capture_scale': 1.9806641421534186}. Best is trial 444 with value: 2.0614202321115003.
[I 2026-05-02 22:11:06,344] Trial 477 finished with value: 2.1760469539856624 and parameters: {'f_n': 2.0533678941841004e-06, 'K_d': 431215.58553338, 'rho_d': 37905087760655.91, 'fission_rate': 6.200658799471504e+19, 'Dg_D1_scale': 1.456084699578525, 'Dg_D3_scale': 3.993040634170724, 'Dv_D1_scale': 0.23247026634397597, 'Dv_D2_scale': 2.7811855019086256, 'b_bulk_scale': 0.1984237291479035, 'b_dislocation_scale': 0.1564060652472191, 'gb_scale': 6.26450237399846, 'gd_bubble_scale': 0.5880739886665799, 'gd_line_scale': 5.356783595445571, 'gd_line_alpha': 0.8349753644157005, 'coalescence_d_scale': 0.33873150731251744, 'capture_scale': 2.4714033574198955}. Best is trial 444 with value: 2.0614202321115003.
[I 2026-05-02 22:11:09,053] Trial 478 finished with value: 4.235402902606783 and parameters: {'f_n': 1.731219161371989e-06, 'K_d': 232402.3608162709, 'rho_d': 30948762198385.96, 'fission_rate': 5.8286672681076875e+19, 'Dg_D1_scale': 2.0020938554969954, 'Dg_D3_scale': 3.554515470013134, 'Dv_D1_scale': 0.21691988673668602, 'Dv_D2_scale': 2.5611372884997383, 'b_bulk_scale': 0.15875605216763167, 'b_dislocation_scale': 0.1865648400548424, 'gb_scale': 7.330825077078734, 'gd_bubble_scale': 0.2955496384776291, 'gd_line_scale': 0.7558833879751274, 'gd_line_alpha': 0.8046589332884035, 'coalescence_d_scale': 0.3024505533647761, 'capture_scale': 3.254849048959173}. Best is trial 444 with value: 2.0614202321115003.
[I 2026-05-02 22:11:14,023] Trial 479 finished with value: 2.4841083219497104 and parameters: {'f_n': 2.992620265783039e-06, 'K_d': 246486.981621457, 'rho_d': 20545647699750.535, 'fission_rate': 6.02618436488708e+19, 'Dg_D1_scale': 1.8633915498142202, 'Dg_D3_scale': 3.211548975468468, 'Dv_D1_scale': 0.2334487098995976, 'Dv_D2_scale': 0.8327061527186622, 'b_bulk_scale': 0.17721741873096014, 'b_dislocation_scale': 0.19666614684410585, 'gb_scale': 6.707837866224588, 'gd_bubble_scale': 0.5014352462263706, 'gd_line_scale': 7.869658159860495, 'gd_line_alpha': 0.8192563889823388, 'coalescence_d_scale': 0.35947128808398976, 'capture_scale': 2.1826389250146696}. Best is trial 444 with value: 2.0614202321115003.
[I 2026-05-02 22:11:19,189] Trial 480 finished with value: 2.203311817124466 and parameters: {'f_n': 2.4506552334667857e-06, 'K_d': 214037.8000493447, 'rho_d': 33657148564439.383, 'fission_rate': 5.745675521753186e+19, 'Dg_D1_scale': 1.731033405902014, 'Dg_D3_scale': 3.475075416956929, 'Dv_D1_scale': 0.2541743749587363, 'Dv_D2_scale': 2.863142646949291, 'b_bulk_scale': 0.14675398603164608, 'b_dislocation_scale': 0.1378145355582063, 'gb_scale': 5.930131830719622, 'gd_bubble_scale': 0.3316610182321968, 'gd_line_scale': 6.324660480527802, 'gd_line_alpha': 0.8797716065385233, 'coalescence_d_scale': 0.25950755986473345, 'capture_scale': 2.710491419217192}. Best is trial 444 with value: 2.0614202321115003.Best trial: 444. Best value: 2.06142:  32%|███▏      | 480/1500 [33:39<1:16:09,  4.48s/it]Best trial: 444. Best value: 2.06142:  32%|███▏      | 480/1500 [33:39<1:16:09,  4.48s/it]Best trial: 444. Best value: 2.06142:  32%|███▏      | 481/1500 [33:39<1:19:33,  4.68s/it]                                                                                          Best trial: 444. Best value: 2.06142:  32%|███▏      | 481/1500 [33:43<1:19:33,  4.68s/it]Best trial: 444. Best value: 2.06142:  32%|███▏      | 481/1500 [33:43<1:19:33,  4.68s/it]Best trial: 444. Best value: 2.06142:  32%|███▏      | 482/1500 [33:43<1:19:51,  4.71s/it]                                                                                          Best trial: 444. Best value: 2.06142:  32%|███▏      | 482/1500 [33:49<1:19:51,  4.71s/it]Best trial: 444. Best value: 2.06142:  32%|███▏      | 482/1500 [33:49<1:19:51,  4.71s/it]Best trial: 444. Best value: 2.06142:  32%|███▏      | 483/1500 [33:49<1:22:03,  4.84s/it]                                                                                          Best trial: 444. Best value: 2.06142:  32%|███▏      | 483/1500 [33:53<1:22:03,  4.84s/it]Best trial: 444. Best value: 2.06142:  32%|███▏      | 483/1500 [33:54<1:22:03,  4.84s/it]Best trial: 444. Best value: 2.06142:  32%|███▏      | 484/1500 [33:54<1:22:29,  4.87s/it]                                                                                          Best trial: 444. Best value: 2.06142:  32%|███▏      | 484/1500 [33:59<1:22:29,  4.87s/it]Best trial: 444. Best value: 2.06142:  32%|███▏      | 484/1500 [33:59<1:22:29,  4.87s/it]Best trial: 444. Best value: 2.06142:  32%|███▏      | 485/1500 [33:59<1:23:27,  4.93s/it]                                                                                          Best trial: 444. Best value: 2.06142:  32%|███▏      | 485/1500 [34:02<1:23:27,  4.93s/it]Best trial: 444. Best value: 2.06142:  32%|███▏      | 485/1500 [34:02<1:23:27,  4.93s/it]Best trial: 444. Best value: 2.06142:  32%|███▏      | 486/1500 [34:02<1:16:34,  4.53s/it]                                                                                          Best trial: 444. Best value: 2.06142:  32%|███▏      | 486/1500 [34:07<1:16:34,  4.53s/it]Best trial: 444. Best value: 2.06142:  32%|███▏      | 486/1500 [34:07<1:16:34,  4.53s/it]Best trial: 444. Best value: 2.06142:  32%|███▏      | 487/1500 [34:07<1:18:28,  4.65s/it]                                                                                          Best trial: 444. Best value: 2.06142:  32%|███▏      | 487/1500 [34:12<1:18:28,  4.65s/it]Best trial: 444. Best value: 2.06142:  32%|███▏      | 487/1500 [34:12<1:18:28,  4.65s/it]Best trial: 444. Best value: 2.06142:  33%|███▎      | 488/1500 [34:12<1:20:35,  4.78s/it]                                                                                          Best trial: 444. Best value: 2.06142:  33%|███▎      | 488/1500 [34:17<1:20:35,  4.78s/it]Best trial: 444. Best value: 2.06142:  33%|███▎      | 488/1500 [34:17<1:20:35,  4.78s/it]Best trial: 444. Best value: 2.06142:  33%|███▎      | 489/1500 [34:17<1:20:49,  4.80s/it]                                                                                          Best trial: 444. Best value: 2.06142:  33%|███▎      | 489/1500 [34:22<1:20:49,  4.80s/it]Best trial: 444. Best value: 2.06142:  33%|███▎      | 489/1500 [34:22<1:20:49,  4.80s/it]Best trial: 444. Best value: 2.06142:  33%|███▎      | 490/1500 [34:22<1:22:56,  4.93s/it]                                                                                          Best trial: 444. Best value: 2.06142:  33%|███▎      | 490/1500 [34:27<1:22:56,  4.93s/it]Best trial: 444. Best value: 2.06142:  33%|███▎      | 490/1500 [34:27<1:22:56,  4.93s/it]Best trial: 444. Best value: 2.06142:  33%|███▎      | 491/1500 [34:27<1:23:07,  4.94s/it]                                                                                          Best trial: 444. Best value: 2.06142:  33%|███▎      | 491/1500 [34:31<1:23:07,  4.94s/it]Best trial: 444. Best value: 2.06142:  33%|███▎      | 491/1500 [34:31<1:23:07,  4.94s/it]Best trial: 444. Best value: 2.06142:  33%|███▎      | 492/1500 [34:31<1:16:11,  4.54s/it]                                                                                          
[I 2026-05-02 22:11:23,950] Trial 481 finished with value: 2.402778602609807 and parameters: {'f_n': 2.053017721105438e-06, 'K_d': 720430.5633812187, 'rho_d': 36062048495307.8, 'fission_rate': 5.869398974989565e+19, 'Dg_D1_scale': 1.9380100382383085, 'Dg_D3_scale': 3.7147189416415083, 'Dv_D1_scale': 0.21506538884267948, 'Dv_D2_scale': 3.154340387098244, 'b_bulk_scale': 0.1228350121962989, 'b_dislocation_scale': 0.17039398687225968, 'gb_scale': 7.2159838448962486, 'gd_bubble_scale': 0.43991180918593387, 'gd_line_scale': 6.994463588084588, 'gd_line_alpha': 0.7711659478348487, 'coalescence_d_scale': 0.12357925902571142, 'capture_scale': 3.5724962031008967}. Best is trial 444 with value: 2.0614202321115003.
[I 2026-05-02 22:11:29,105] Trial 482 finished with value: 2.2075805151955943 and parameters: {'f_n': 1.4857291758601574e-06, 'K_d': 208979.92158980598, 'rho_d': 29567677800360.82, 'fission_rate': 5.702926121834243e+19, 'Dg_D1_scale': 2.2845046833831804, 'Dg_D3_scale': 3.335232006247213, 'Dv_D1_scale': 0.27380474856780623, 'Dv_D2_scale': 2.344803747365266, 'b_bulk_scale': 0.1962221585774602, 'b_dislocation_scale': 0.20975388054121527, 'gb_scale': 7.9657182549383805, 'gd_bubble_scale': 0.38570207806783496, 'gd_line_scale': 8.393735103125474, 'gd_line_alpha': 0.792965465967936, 'coalescence_d_scale': 0.28868286573843416, 'capture_scale': 4.332172353785248}. Best is trial 444 with value: 2.0614202321115003.
[I 2026-05-02 22:11:34,045] Trial 483 finished with value: 2.1687985218678136 and parameters: {'f_n': 2.4784957457515734e-06, 'K_d': 224159.03145376057, 'rho_d': 38199968318862.19, 'fission_rate': 5.9217052015065194e+19, 'Dg_D1_scale': 1.6178724915320486, 'Dg_D3_scale': 1.9380179119505916, 'Dv_D1_scale': 0.23147814199767264, 'Dv_D2_scale': 2.901958306231899, 'b_bulk_scale': 0.23901484835555192, 'b_dislocation_scale': 0.22915795077605924, 'gb_scale': 6.614573451617146, 'gd_bubble_scale': 0.5633391942382685, 'gd_line_scale': 4.970434835697841, 'gd_line_alpha': 0.8567499853029302, 'coalescence_d_scale': 0.3275403842971538, 'capture_scale': 4.951140754173543}. Best is trial 444 with value: 2.0614202321115003.
[I 2026-05-02 22:11:39,118] Trial 484 finished with value: 2.257951438423856 and parameters: {'f_n': 1.8389861897512497e-06, 'K_d': 237917.98370629264, 'rho_d': 32903236903657.53, 'fission_rate': 5.8097000312784994e+19, 'Dg_D1_scale': 1.7773332139747506, 'Dg_D3_scale': 3.717990339106937, 'Dv_D1_scale': 0.2482457900971636, 'Dv_D2_scale': 2.6545343741737564, 'b_bulk_scale': 0.16843331610452852, 'b_dislocation_scale': 0.18639939385538415, 'gb_scale': 5.256161711846342, 'gd_bubble_scale': 0.4895754468198318, 'gd_line_scale': 7.405559975941228, 'gd_line_alpha': 0.8419426763495924, 'coalescence_d_scale': 0.2677210437475088, 'capture_scale': 2.8934481767214284}. Best is trial 444 with value: 2.0614202321115003.
[I 2026-05-02 22:11:42,713] Trial 485 finished with value: 2.548375095450822 and parameters: {'f_n': 1.180198577541056e-06, 'K_d': 206887.98105997767, 'rho_d': 35598553219506.19, 'fission_rate': 5.605933567170102e+19, 'Dg_D1_scale': 2.132627553172385, 'Dg_D3_scale': 3.2119537487805148, 'Dv_D1_scale': 0.21453177604690699, 'Dv_D2_scale': 3.0414163632384557, 'b_bulk_scale': 0.18264342707430037, 'b_dislocation_scale': 0.16500598482167927, 'gb_scale': 7.299379115377637, 'gd_bubble_scale': 0.7062897271655918, 'gd_line_scale': 5.774528022342964, 'gd_line_alpha': 0.7799466612487007, 'coalescence_d_scale': 1.4492385645137087, 'capture_scale': 1.8426557017923173}. Best is trial 444 with value: 2.0614202321115003.
