[I 2026-05-02 22:01:04,507] Trial 342 finished with value: 2.2211370285564125 and parameters: {'f_n': 2.1072770313579607e-06, 'K_d': 200560.5241507415, 'rho_d': 36428087497510.266, 'fission_rate': 6.653718011241172e+19, 'Dg_D1_scale': 1.6826816444795778, 'Dg_D3_scale': 3.5835395514073185, 'Dv_D1_scale': 0.2296870741812233, 'Dv_D2_scale': 2.6826179018009495, 'b_bulk_scale': 0.14707281464707705, 'b_dislocation_scale': 0.17398513288277395, 'gb_scale': 6.3635743543935135, 'gd_bubble_scale': 0.06369832119414212, 'gd_line_scale': 7.65481931274831, 'gd_line_alpha': 0.7491377731027548, 'coalescence_d_scale': 0.27329971698086336, 'capture_scale': 1.7144070028822467}. Best is trial 316 with value: 2.112201451402938.
[I 2026-05-02 22:01:08,943] Trial 343 finished with value: 2.219138375940184 and parameters: {'f_n': 2.1948556956454885e-06, 'K_d': 214517.5531586882, 'rho_d': 39364700149770.35, 'fission_rate': 6.718951920297712e+19, 'Dg_D1_scale': 1.8169981036865523, 'Dg_D3_scale': 3.0526848552953494, 'Dv_D1_scale': 0.20667140658749272, 'Dv_D2_scale': 2.523878987926867, 'b_bulk_scale': 0.16046336593551994, 'b_dislocation_scale': 0.19717260316890833, 'gb_scale': 7.189791114731035, 'gd_bubble_scale': 0.07526269613274307, 'gd_line_scale': 8.203219543475353, 'gd_line_alpha': 0.7704648779121104, 'coalescence_d_scale': 0.24173868745903634, 'capture_scale': 2.678626234380555}. Best is trial 316 with value: 2.112201451402938.
[I 2026-05-02 22:01:13,566] Trial 344 finished with value: 2.1684210677917637 and parameters: {'f_n': 1.766441478800879e-06, 'K_d': 201668.81427311205, 'rho_d': 36701295176398.9, 'fission_rate': 6.428078346336376e+19, 'Dg_D1_scale': 1.665575132693805, 'Dg_D3_scale': 2.643694632639528, 'Dv_D1_scale': 0.22702711400447617, 'Dv_D2_scale': 2.658213273124513, 'b_bulk_scale': 0.14105405427108403, 'b_dislocation_scale': 0.17816583566138194, 'gb_scale': 7.152015228915355, 'gd_bubble_scale': 0.07017715316795119, 'gd_line_scale': 7.394958225906074, 'gd_line_alpha': 0.7655501169480124, 'coalescence_d_scale': 0.27924867203522286, 'capture_scale': 3.4463133448126184}. Best is trial 316 with value: 2.112201451402938.
[I 2026-05-02 22:01:18,084] Trial 345 finished with value: 3.7669653693351624 and parameters: {'f_n': 2.227399429463599e-06, 'K_d': 222283.78879332027, 'rho_d': 40656543662844.19, 'fission_rate': 6.605749989141278e+19, 'Dg_D1_scale': 1.5644037218444513, 'Dg_D3_scale': 3.3990317834849133, 'Dv_D1_scale': 0.21218564046156954, 'Dv_D2_scale': 2.3892922527279117, 'b_bulk_scale': 2.6300833902676497, 'b_dislocation_scale': 0.21414282582329286, 'gb_scale': 6.54989165111243, 'gd_bubble_scale': 0.06111722202063944, 'gd_line_scale': 8.583667530281074, 'gd_line_alpha': 0.7950620664666168, 'coalescence_d_scale': 0.24057039031095528, 'capture_scale': 1.448905859705149}. Best is trial 316 with value: 2.112201451402938.
[I 2026-05-02 22:01:22,821] Trial 346 finished with value: 2.200310545528824 and parameters: {'f_n': 1.7403800230908347e-06, 'K_d': 194273.37831390172, 'rho_d': 36260067618227.17, 'fission_rate': 6.550555465173266e+19, 'Dg_D1_scale': 1.8318289218789876, 'Dg_D3_scale': 3.314783435312741, 'Dv_D1_scale': 0.20043381598624796, 'Dv_D2_scale': 2.736678485830623, 'b_bulk_scale': 0.16785487892940965, 'b_dislocation_scale': 0.19062486037517126, 'gb_scale': 5.9620769717342315, 'gd_bubble_scale': 0.0758610921962999, 'gd_line_scale': 7.329824390674845, 'gd_line_alpha': 0.7793658133575775, 'coalescence_d_scale': 0.279792405783243, 'capture_scale': 4.109036809016813}. Best is trial 316 with value: 2.112201451402938.
[I 2026-05-02 22:01:27,328] Trial 347 finished with value: 2.3103811837710717 and parameters: {'f_n': 2.084970545245761e-06, 'K_d': 208672.6514492409, 'rho_d': 39319387495870.81, 'fission_rate': 6.666346668144786e+19, 'Dg_D1_scale': 1.7211474936447302, 'Dg_D3_scale': 3.6040805183052718, 'Dv_D1_scale': 0.2283648441679573, 'Dv_D2_scale': 2.525851747133893, 'b_bulk_scale': 0.15201447049158193, 'b_dislocation_scale': 0.17175159380615287, 'gb_scale': 7.392215208646279, 'gd_bubble_scale': 0.0693446689488229, 'gd_line_scale': 8.095680588557107, 'gd_line_alpha': 0.7411338992110662, 'coalescence_d_scale': 0.26099718914836073, 'capture_scale': 2.4057406180719223}. Best is trial 316 with value: 2.112201451402938.
[I 2026-05-02 22:01:30,017] Trial 348 finished with value: 2.1370163560059723 and parameters: {'f_n': 2.2336112203218943e-06, 'K_d': 193345.47375876273, 'rho_d': 37996576548653.06, 'fission_rate': 7.041807787673626e+19, 'Dg_D1_scale': 1.8304586250342347, 'Dg_D3_scale': 3.153178196646545, 'Dv_D1_scale': 0.20907803086300375, 'Dv_D2_scale': 2.7354771452901296, 'b_bulk_scale': 0.13590669119563223, 'b_dislocation_scale': 0.2148296347945542, 'gb_scale': 6.549517786728774, 'gd_bubble_scale': 0.07532961177508224, 'gd_line_scale': 7.333740243591887, 'gd_line_alpha': 0.791685050092713, 'coalescence_d_scale': 0.22488008909837837, 'capture_scale': 3.120752769387208}. Best is trial 316 with value: 2.112201451402938.Best trial: 316. Best value: 2.1122:  23%|██▎       | 348/1500 [23:49<1:26:12,  4.49s/it]Best trial: 316. Best value: 2.1122:  23%|██▎       | 348/1500 [23:50<1:26:12,  4.49s/it]Best trial: 316. Best value: 2.1122:  23%|██▎       | 349/1500 [23:50<1:15:44,  3.95s/it]                                                                                         Best trial: 316. Best value: 2.1122:  23%|██▎       | 349/1500 [23:54<1:15:44,  3.95s/it]Best trial: 316. Best value: 2.1122:  23%|██▎       | 349/1500 [23:54<1:15:44,  3.95s/it]Best trial: 316. Best value: 2.1122:  23%|██▎       | 350/1500 [23:54<1:19:14,  4.13s/it]                                                                                         Best trial: 316. Best value: 2.1122:  23%|██▎       | 350/1500 [23:58<1:19:14,  4.13s/it]Best trial: 316. Best value: 2.1122:  23%|██▎       | 350/1500 [23:58<1:19:14,  4.13s/it]Best trial: 316. Best value: 2.1122:  23%|██▎       | 351/1500 [23:58<1:19:54,  4.17s/it]                                                                                         Best trial: 316. Best value: 2.1122:  23%|██▎       | 351/1500 [24:03<1:19:54,  4.17s/it]Best trial: 316. Best value: 2.1122:  23%|██▎       | 351/1500 [24:03<1:19:54,  4.17s/it]Best trial: 316. Best value: 2.1122:  23%|██▎       | 352/1500 [24:03<1:23:02,  4.34s/it]                                                                                         Best trial: 316. Best value: 2.1122:  23%|██▎       | 352/1500 [24:07<1:23:02,  4.34s/it]Best trial: 316. Best value: 2.1122:  23%|██▎       | 352/1500 [24:07<1:23:02,  4.34s/it]Best trial: 316. Best value: 2.1122:  24%|██▎       | 353/1500 [24:07<1:22:39,  4.32s/it]                                                                                         Best trial: 316. Best value: 2.1122:  24%|██▎       | 353/1500 [24:12<1:22:39,  4.32s/it]Best trial: 316. Best value: 2.1122:  24%|██▎       | 353/1500 [24:12<1:22:39,  4.32s/it]Best trial: 316. Best value: 2.1122:  24%|██▎       | 354/1500 [24:12<1:23:38,  4.38s/it]                                                                                         Best trial: 316. Best value: 2.1122:  24%|██▎       | 354/1500 [24:16<1:23:38,  4.38s/it]Best trial: 316. Best value: 2.1122:  24%|██▎       | 354/1500 [24:16<1:23:38,  4.38s/it]Best trial: 316. Best value: 2.1122:  24%|██▎       | 355/1500 [24:16<1:23:54,  4.40s/it]                                                                                         Best trial: 316. Best value: 2.1122:  24%|██▎       | 355/1500 [24:18<1:23:54,  4.40s/it]Best trial: 316. Best value: 2.1122:  24%|██▎       | 355/1500 [24:18<1:23:54,  4.40s/it]Best trial: 316. Best value: 2.1122:  24%|██▎       | 356/1500 [24:18<1:10:40,  3.71s/it]                                                                                         Best trial: 316. Best value: 2.1122:  24%|██▎       | 356/1500 [24:23<1:10:40,  3.71s/it]Best trial: 316. Best value: 2.1122:  24%|██▎       | 356/1500 [24:23<1:10:40,  3.71s/it]Best trial: 316. Best value: 2.1122:  24%|██▍       | 357/1500 [24:23<1:14:59,  3.94s/it]                                                                                         Best trial: 316. Best value: 2.1122:  24%|██▍       | 357/1500 [24:27<1:14:59,  3.94s/it]Best trial: 316. Best value: 2.1122:  24%|██▍       | 357/1500 [24:27<1:14:59,  3.94s/it]Best trial: 316. Best value: 2.1122:  24%|██▍       | 358/1500 [24:27<1:18:41,  4.13s/it]                                                                                         Best trial: 316. Best value: 2.1122:  24%|██▍       | 358/1500 [24:32<1:18:41,  4.13s/it]Best trial: 316. Best value: 2.1122:  24%|██▍       | 358/1500 [24:32<1:18:41,  4.13s/it]Best trial: 316. Best value: 2.1122:  24%|██▍       | 359/1500 [24:32<1:20:20,  4.23s/it]                                                                                         Best trial: 316. Best value: 2.1122:  24%|██▍       | 359/1500 [24:36<1:20:20,  4.23s/it]Best trial: 316. Best value: 2.1122:  24%|██▍       | 359/1500 [24:36<1:20:20,  4.23s/it]Best trial: 316. Best value: 2.1122:  24%|██▍       | 360/1500 [24:36<1:22:04,  4.32s/it]                                                                                         
[I 2026-05-02 22:01:34,586] Trial 349 finished with value: 17.429474221077154 and parameters: {'f_n': 1.7295676334052326e-06, 'K_d': 192034.7172628303, 'rho_d': 37635474255287.484, 'fission_rate': 6.501143203298396e+19, 'Dg_D1_scale': 1.8263410491839773, 'Dg_D3_scale': 3.0926795370631703, 'Dv_D1_scale': 1.8134479929064757, 'Dv_D2_scale': 2.573026373684957, 'b_bulk_scale': 0.13755785781310512, 'b_dislocation_scale': 0.2183700806324574, 'gb_scale': 6.3370125872905945, 'gd_bubble_scale': 0.0637076298080201, 'gd_line_scale': 8.578870219593144, 'gd_line_alpha': 0.7517602139446808, 'coalescence_d_scale': 7.504346508839426, 'capture_scale': 3.225482092906625}. Best is trial 316 with value: 2.112201451402938.
[I 2026-05-02 22:01:38,846] Trial 350 finished with value: 2.184422145273155 and parameters: {'f_n': 2.3099100710523084e-06, 'K_d': 222260.8904799517, 'rho_d': 38364177176064.36, 'fission_rate': 7.0979341134840275e+19, 'Dg_D1_scale': 1.606122263707279, 'Dg_D3_scale': 3.3239701260862664, 'Dv_D1_scale': 0.22694924210721906, 'Dv_D2_scale': 2.660729978833592, 'b_bulk_scale': 0.17016693185523837, 'b_dislocation_scale': 0.20888853014311273, 'gb_scale': 5.8747594574365465, 'gd_bubble_scale': 0.07507280056154715, 'gd_line_scale': 7.52610471760125, 'gd_line_alpha': 0.8294300328177941, 'coalescence_d_scale': 0.2254439603168215, 'capture_scale': 2.599981819027142}. Best is trial 316 with value: 2.112201451402938.
[I 2026-05-02 22:01:43,577] Trial 351 finished with value: 2.4429963201149922 and parameters: {'f_n': 1.6953512287712368e-06, 'K_d': 209803.62516743797, 'rho_d': 41732531722348.37, 'fission_rate': 6.230421853140742e+19, 'Dg_D1_scale': 1.6968500705539187, 'Dg_D3_scale': 3.0432408893800384, 'Dv_D1_scale': 0.20881152953650922, 'Dv_D2_scale': 2.4414356782593134, 'b_bulk_scale': 0.149667081993055, 'b_dislocation_scale': 0.1748413858843371, 'gb_scale': 6.834453017073731, 'gd_bubble_scale': 0.06772891845475634, 'gd_line_scale': 8.119212488144651, 'gd_line_alpha': 0.7691999622860092, 'coalescence_d_scale': 0.24382726027081975, 'capture_scale': 3.8198781048093395}. Best is trial 316 with value: 2.112201451402938.
[I 2026-05-02 22:01:47,863] Trial 352 finished with value: 11.452466742609866 and parameters: {'f_n': 2.3559006706294313e-06, 'K_d': 194229.93787281442, 'rho_d': 35852431377323.34, 'fission_rate': 7.0369286591136195e+19, 'Dg_D1_scale': 1.8182193412593983, 'Dg_D3_scale': 3.4333713305923044, 'Dv_D1_scale': 2.681604815208546, 'Dv_D2_scale': 2.717616251207146, 'b_bulk_scale': 0.13275706163730408, 'b_dislocation_scale': 0.20325560742649063, 'gb_scale': 7.215110393571297, 'gd_bubble_scale': 0.060446581956626326, 'gd_line_scale': 7.330397260632862, 'gd_line_alpha': 0.7902562656629359, 'coalescence_d_scale': 4.3706051684937615, 'capture_scale': 5.580103206025632}. Best is trial 316 with value: 2.112201451402938.
[I 2026-05-02 22:01:52,371] Trial 353 finished with value: 2.2269320833592356 and parameters: {'f_n': 2.360529759285391e-06, 'K_d': 212838.62598797702, 'rho_d': 38767106047871.61, 'fission_rate': 6.650188500051255e+19, 'Dg_D1_scale': 1.589581648351057, 'Dg_D3_scale': 3.2715954298407053, 'Dv_D1_scale': 0.20936884200991146, 'Dv_D2_scale': 2.48971490249469, 'b_bulk_scale': 0.17559539963534035, 'b_dislocation_scale': 0.22343381925096875, 'gb_scale': 6.534508431991669, 'gd_bubble_scale': 0.48903537405047576, 'gd_line_scale': 9.036990262891479, 'gd_line_alpha': 0.8223068613011941, 'coalescence_d_scale': 0.2573195142010386, 'capture_scale': 2.1449064908676827}. Best is trial 316 with value: 2.112201451402938.
[I 2026-05-02 22:01:56,807] Trial 354 finished with value: 2.181580540664404 and parameters: {'f_n': 1.8190664373224404e-06, 'K_d': 203578.53436747674, 'rho_d': 36618239345849.56, 'fission_rate': 6.7526449341127025e+19, 'Dg_D1_scale': 1.8342799329396668, 'Dg_D3_scale': 2.8963469968769915, 'Dv_D1_scale': 0.22591927914754809, 'Dv_D2_scale': 2.2848111350931677, 'b_bulk_scale': 0.14594174389275924, 'b_dislocation_scale': 0.17116736713821873, 'gb_scale': 7.98875739824257, 'gd_bubble_scale': 0.07638120958014266, 'gd_line_scale': 7.206878443145069, 'gd_line_alpha': 0.7584180840447781, 'coalescence_d_scale': 0.21757481515919258, 'capture_scale': 2.985038884404384}. Best is trial 316 with value: 2.112201451402938.
[I 2026-05-02 22:01:58,906] Trial 355 finished with value: 4.607911240101155 and parameters: {'f_n': 2.3274488371883098e-06, 'K_d': 190125.2978951303, 'rho_d': 41170720451479.99, 'fission_rate': 6.5853430189957456e+19, 'Dg_D1_scale': 1.698135651034917, 'Dg_D3_scale': 3.65853127896166, 'Dv_D1_scale': 3.555000500285693, 'Dv_D2_scale': 2.7484522547857484, 'b_bulk_scale': 0.17467721342884984, 'b_dislocation_scale': 0.19297377205717717, 'gb_scale': 5.7475822984859315, 'gd_bubble_scale': 0.0705079574410104, 'gd_line_scale': 0.19388538259581814, 'gd_line_alpha': 0.7946483387981301, 'coalescence_d_scale': 0.268615879444607, 'capture_scale': 4.589112230773866}. Best is trial 316 with value: 2.112201451402938.
[I 2026-05-02 22:02:03,368] Trial 356 finished with value: 2.1590614351754667 and parameters: {'f_n': 1.9060729794570615e-06, 'K_d': 223781.21319376145, 'rho_d': 35693708915237.84, 'fission_rate': 6.6810616077100925e+19, 'Dg_D1_scale': 2.196646924731488, 'Dg_D3_scale': 3.178249625186639, 'Dv_D1_scale': 0.2107096362702352, 'Dv_D2_scale': 2.611552248697382, 'b_bulk_scale': 0.15827520236690865, 'b_dislocation_scale': 0.21803284950460347, 'gb_scale': 7.1041239137775305, 'gd_bubble_scale': 0.07706038968757763, 'gd_line_scale': 8.194613785595696, 'gd_line_alpha': 0.7747448057022754, 'coalescence_d_scale': 0.22558050428336562, 'capture_scale': 2.649226183338661}. Best is trial 316 with value: 2.112201451402938.
[I 2026-05-02 22:02:07,975] Trial 357 finished with value: 4.382420709803021 and parameters: {'f_n': 1.0035839436610579e-10, 'K_d': 190366.8206327137, 'rho_d': 38404740558329.38, 'fission_rate': 6.425760975954863e+19, 'Dg_D1_scale': 1.5715577988171252, 'Dg_D3_scale': 3.4751227590759997, 'Dv_D1_scale': 0.20018375090126822, 'Dv_D2_scale': 2.3488383382276434, 'b_bulk_scale': 0.13320755809610585, 'b_dislocation_scale': 0.14678116770370947, 'gb_scale': 6.297513269981276, 'gd_bubble_scale': 0.0660237353017537, 'gd_line_scale': 7.179799070067281, 'gd_line_alpha': 0.8016921941851689, 'coalescence_d_scale': 0.28456056530277735, 'capture_scale': 7.115957628900992}. Best is trial 316 with value: 2.112201451402938.
[I 2026-05-02 22:02:12,412] Trial 358 finished with value: 2.3767963028930277 and parameters: {'f_n': 1.600337868551405e-06, 'K_d': 203218.6081244412, 'rho_d': 35510616343954.695, 'fission_rate': 6.748252702899574e+19, 'Dg_D1_scale': 1.8051411787538707, 'Dg_D3_scale': 3.6269127174705393, 'Dv_D1_scale': 0.22788229673389432, 'Dv_D2_scale': 2.7567158775200293, 'b_bulk_scale': 0.17209446835524228, 'b_dislocation_scale': 0.17898036542195006, 'gb_scale': 7.369468524405188, 'gd_bubble_scale': 0.05846054111547934, 'gd_line_scale': 9.066089392824868, 'gd_line_alpha': 0.7355462098771838, 'coalescence_d_scale': 0.24680492463923512, 'capture_scale': 3.2986272950984965}. Best is trial 316 with value: 2.112201451402938.
[I 2026-05-02 22:02:16,951] Trial 359 finished with value: 2.179436650963711 and parameters: {'f_n': 2.208928885654303e-06, 'K_d': 215644.85225314242, 'rho_d': 37920232947120.64, 'fission_rate': 6.619671690253733e+19, 'Dg_D1_scale': 1.8573103059048441, 'Dg_D3_scale': 2.6905170854372447, 'Dv_D1_scale': 0.21121590356513298, 'Dv_D2_scale': 2.5298906453250725, 'b_bulk_scale': 0.14885864578232239, 'b_dislocation_scale': 0.19626574088530332, 'gb_scale': 6.671923437557996, 'gd_bubble_scale': 0.07796259056600768, 'gd_line_scale': 7.979526271960976, 'gd_line_alpha': 0.8239740334161137, 'coalescence_d_scale': 0.28490014414608134, 'capture_scale': 2.1943482054158276}. Best is trial 316 with value: 2.112201451402938.
