[I 2026-05-02 22:57:18,059] Trial 1008 finished with value: 2.0421460100552205 and parameters: {'f_n': 6.882082434028606e-07, 'K_d': 118160.3220129164, 'rho_d': 51240470821866.67, 'fission_rate': 4.711318009887801e+19, 'Dg_D1_scale': 0.48575040814768095, 'Dg_D3_scale': 1.7543932457923799, 'Dv_D1_scale': 0.32958993812290827, 'Dv_D2_scale': 3.603340571443267, 'b_bulk_scale': 0.5462881589910755, 'b_dislocation_scale': 0.07822073687590925, 'gb_scale': 2.575708564480232, 'gd_bubble_scale': 0.16962421842117575, 'gd_line_scale': 0.5887512242977653, 'gd_line_alpha': 0.9109143563376045, 'coalescence_d_scale': 0.446316971194833, 'capture_scale': 0.12934698996797753}. Best is trial 756 with value: 2.012228641160978.Best trial: 756. Best value: 2.01223:  67%|██████▋   | 1008/1500 [1:19:38<45:16,  5.52s/it]Best trial: 756. Best value: 2.01223:  67%|██████▋   | 1008/1500 [1:19:38<45:16,  5.52s/it]Best trial: 756. Best value: 2.01223:  67%|██████▋   | 1009/1500 [1:19:38<46:51,  5.73s/it]                                                                                           Best trial: 756. Best value: 2.01223:  67%|██████▋   | 1009/1500 [1:19:44<46:51,  5.73s/it]Best trial: 756. Best value: 2.01223:  67%|██████▋   | 1009/1500 [1:19:44<46:51,  5.73s/it]Best trial: 756. Best value: 2.01223:  67%|██████▋   | 1010/1500 [1:19:44<48:03,  5.89s/it]                                                                                           Best trial: 756. Best value: 2.01223:  67%|██████▋   | 1010/1500 [1:19:50<48:03,  5.89s/it]Best trial: 756. Best value: 2.01223:  67%|██████▋   | 1010/1500 [1:19:50<48:03,  5.89s/it]Best trial: 756. Best value: 2.01223:  67%|██████▋   | 1011/1500 [1:19:50<47:44,  5.86s/it]                                                                                           Best trial: 756. Best value: 2.01223:  67%|██████▋   | 1011/1500 [1:19:56<47:44,  5.86s/it]Best trial: 756. Best value: 2.01223:  67%|██████▋   | 1011/1500 [1:19:56<47:44,  5.86s/it]Best trial: 756. Best value: 2.01223:  67%|██████▋   | 1012/1500 [1:19:56<48:18,  5.94s/it]                                                                                           Best trial: 756. Best value: 2.01223:  67%|██████▋   | 1012/1500 [1:20:00<48:18,  5.94s/it]Best trial: 756. Best value: 2.01223:  67%|██████▋   | 1012/1500 [1:20:00<48:18,  5.94s/it]Best trial: 756. Best value: 2.01223:  68%|██████▊   | 1013/1500 [1:20:00<43:29,  5.36s/it]                                                                                           Best trial: 756. Best value: 2.01223:  68%|██████▊   | 1013/1500 [1:20:06<43:29,  5.36s/it]Best trial: 756. Best value: 2.01223:  68%|██████▊   | 1013/1500 [1:20:06<43:29,  5.36s/it]Best trial: 756. Best value: 2.01223:  68%|██████▊   | 1014/1500 [1:20:06<44:53,  5.54s/it]                                                                                           Best trial: 756. Best value: 2.01223:  68%|██████▊   | 1014/1500 [1:20:12<44:53,  5.54s/it]Best trial: 756. Best value: 2.01223:  68%|██████▊   | 1014/1500 [1:20:12<44:53,  5.54s/it]Best trial: 756. Best value: 2.01223:  68%|██████▊   | 1015/1500 [1:20:12<45:52,  5.67s/it]                                                                                           Best trial: 756. Best value: 2.01223:  68%|██████▊   | 1015/1500 [1:20:18<45:52,  5.67s/it]Best trial: 756. Best value: 2.01223:  68%|██████▊   | 1015/1500 [1:20:18<45:52,  5.67s/it]Best trial: 756. Best value: 2.01223:  68%|██████▊   | 1016/1500 [1:20:18<47:17,  5.86s/it]                                                                                           Best trial: 756. Best value: 2.01223:  68%|██████▊   | 1016/1500 [1:20:24<47:17,  5.86s/it]Best trial: 756. Best value: 2.01223:  68%|██████▊   | 1016/1500 [1:20:24<47:17,  5.86s/it]Best trial: 756. Best value: 2.01223:  68%|██████▊   | 1017/1500 [1:20:24<47:11,  5.86s/it]                                                                                           Best trial: 756. Best value: 2.01223:  68%|██████▊   | 1017/1500 [1:20:28<47:11,  5.86s/it]Best trial: 756. Best value: 2.01223:  68%|██████▊   | 1017/1500 [1:20:29<47:11,  5.86s/it]Best trial: 756. Best value: 2.01223:  68%|██████▊   | 1018/1500 [1:20:29<43:59,  5.48s/it]                                                                                           Best trial: 756. Best value: 2.01223:  68%|██████▊   | 1018/1500 [1:20:34<43:59,  5.48s/it]Best trial: 756. Best value: 2.01223:  68%|██████▊   | 1018/1500 [1:20:34<43:59,  5.48s/it]Best trial: 756. Best value: 2.01223:  68%|██████▊   | 1019/1500 [1:20:34<43:17,  5.40s/it]                                                                                           Best trial: 756. Best value: 2.01223:  68%|██████▊   | 1019/1500 [1:20:40<43:17,  5.40s/it]Best trial: 756. Best value: 2.01223:  68%|██████▊   | 1019/1500 [1:20:40<43:17,  5.40s/it]Best trial: 756. Best value: 2.01223:  68%|██████▊   | 1020/1500 [1:20:40<44:53,  5.61s/it]                                                                                           
[I 2026-05-02 22:57:24,318] Trial 1009 finished with value: 2.0739753634691276 and parameters: {'f_n': 6.719588030953221e-07, 'K_d': 132048.05681572392, 'rho_d': 55184916205134.15, 'fission_rate': 4.700029726869838e+19, 'Dg_D1_scale': 0.49324000888906316, 'Dg_D3_scale': 1.6882111937571544, 'Dv_D1_scale': 0.31838264644187436, 'Dv_D2_scale': 3.5958788509721176, 'b_bulk_scale': 0.49502584009817713, 'b_dislocation_scale': 0.0841199787813629, 'gb_scale': 2.4532897999554875, 'gd_bubble_scale': 0.15545007009776585, 'gd_line_scale': 0.6619305391968373, 'gd_line_alpha': 0.9065835856226573, 'coalescence_d_scale': 0.5131212292379381, 'capture_scale': 0.10849524388614157}. Best is trial 756 with value: 2.012228641160978.
[I 2026-05-02 22:57:30,113] Trial 1010 finished with value: 2.0625110838321863 and parameters: {'f_n': 4.354968470051191e-07, 'K_d': 104850.71460680844, 'rho_d': 58944201304176.37, 'fission_rate': 5.082463362032909e+19, 'Dg_D1_scale': 0.5017483526793672, 'Dg_D3_scale': 1.4589973228080737, 'Dv_D1_scale': 0.303891382167731, 'Dv_D2_scale': 3.6146871517661268, 'b_bulk_scale': 0.4369778822993086, 'b_dislocation_scale': 0.07634052295478624, 'gb_scale': 2.1165929340431417, 'gd_bubble_scale': 0.16827281689669057, 'gd_line_scale': 0.5080725989884594, 'gd_line_alpha': 0.9040856175792547, 'coalescence_d_scale': 0.46727164149070716, 'capture_scale': 0.12280173993608955}. Best is trial 756 with value: 2.012228641160978.
[I 2026-05-02 22:57:36,239] Trial 1011 finished with value: 3.5752201218542274 and parameters: {'f_n': 7.0713771824797e-07, 'K_d': 781263.8836536927, 'rho_d': 52192998704045.76, 'fission_rate': 4.714146658533096e+19, 'Dg_D1_scale': 0.41252902354542015, 'Dg_D3_scale': 1.6473685362870907, 'Dv_D1_scale': 0.32671400839536213, 'Dv_D2_scale': 3.5897937552687975, 'b_bulk_scale': 0.37938266247503033, 'b_dislocation_scale': 0.06656416042615171, 'gb_scale': 2.450909254834337, 'gd_bubble_scale': 0.181515472152775, 'gd_line_scale': 0.3440913607451154, 'gd_line_alpha': 0.9234843787301222, 'coalescence_d_scale': 0.44926670899671173, 'capture_scale': 0.09513953587887237}. Best is trial 756 with value: 2.012228641160978.
[I 2026-05-02 22:57:40,240] Trial 1012 finished with value: 2.1731813585258455 and parameters: {'f_n': 2.9076965007355084e-07, 'K_d': 121530.74119042659, 'rho_d': 53799740896470.64, 'fission_rate': 5.2103877916747194e+19, 'Dg_D1_scale': 0.4521424110060549, 'Dg_D3_scale': 1.7866073122995894, 'Dv_D1_scale': 0.33557426193949513, 'Dv_D2_scale': 3.602727187154145, 'b_bulk_scale': 0.5399379354143785, 'b_dislocation_scale': 0.08470023226112058, 'gb_scale': 2.85823397318531, 'gd_bubble_scale': 0.13634705811061532, 'gd_line_scale': 0.4231998485038723, 'gd_line_alpha': 0.925223635826635, 'coalescence_d_scale': 0.4841667048185698, 'capture_scale': 0.1281065478125345}. Best is trial 756 with value: 2.012228641160978.
[I 2026-05-02 22:57:46,212] Trial 1013 finished with value: 2.83151758480009 and parameters: {'f_n': 5.515498063495643e-07, 'K_d': 126187.56078400693, 'rho_d': 57769348158665.35, 'fission_rate': 4.939124577351933e+19, 'Dg_D1_scale': 0.3875194858517021, 'Dg_D3_scale': 1.54174585871029, 'Dv_D1_scale': 0.3477113540195995, 'Dv_D2_scale': 3.777251486788795, 'b_bulk_scale': 0.4706301304549056, 'b_dislocation_scale': 0.048597952990266896, 'gb_scale': 1.9080340528234478, 'gd_bubble_scale': 1.4199438004595488, 'gd_line_scale': 0.6014842514006269, 'gd_line_alpha': 0.9027304682550122, 'coalescence_d_scale': 0.39547850004756113, 'capture_scale': 0.16817040455129795}. Best is trial 756 with value: 2.012228641160978.
[I 2026-05-02 22:57:52,195] Trial 1014 finished with value: 2.422223814260336 and parameters: {'f_n': 1.8966066426760835e-07, 'K_d': 112342.96803106964, 'rho_d': 49917754221412.984, 'fission_rate': 4.8582067076276535e+19, 'Dg_D1_scale': 0.42116664939197285, 'Dg_D3_scale': 1.8159825889655201, 'Dv_D1_scale': 0.3134216532828089, 'Dv_D2_scale': 3.5755606640445783, 'b_bulk_scale': 0.5292527860414794, 'b_dislocation_scale': 0.06990108452495417, 'gb_scale': 2.7989077117316388, 'gd_bubble_scale': 0.1666014402465324, 'gd_line_scale': 0.6898939501117616, 'gd_line_alpha': 0.9752481833992641, 'coalescence_d_scale': 0.5232731154469413, 'capture_scale': 0.10524587908208549}. Best is trial 756 with value: 2.012228641160978.
[I 2026-05-02 22:57:58,421] Trial 1015 finished with value: 19.232184381108738 and parameters: {'f_n': 3.6651836923146265e-07, 'K_d': 105120.98295728155, 'rho_d': 55737074528268.19, 'fission_rate': 4.772053169469527e+19, 'Dg_D1_scale': 0.4872276952125473, 'Dg_D3_scale': 1.9059454859880265, 'Dv_D1_scale': 0.3382989084894087, 'Dv_D2_scale': 3.778536001991379, 'b_bulk_scale': 0.41208466565664836, 'b_dislocation_scale': 0.08569411332221986, 'gb_scale': 2.2554008150285414, 'gd_bubble_scale': 0.19490176680249105, 'gd_line_scale': 0.4806745834207595, 'gd_line_alpha': 0.9326079075761387, 'coalescence_d_scale': 18.902325537779767, 'capture_scale': 0.14342217204037752}. Best is trial 756 with value: 2.012228641160978.
[I 2026-05-02 22:58:04,364] Trial 1016 finished with value: 2.1655541285677096 and parameters: {'f_n': 4.784415872553678e-07, 'K_d': 118146.63714311377, 'rho_d': 60061150525483.5, 'fission_rate': 5.010740862627116e+19, 'Dg_D1_scale': 0.44953241819447665, 'Dg_D3_scale': 1.6186204049914998, 'Dv_D1_scale': 0.355711481246122, 'Dv_D2_scale': 3.9924997931102264, 'b_bulk_scale': 0.6204631875595139, 'b_dislocation_scale': 0.07470118292860872, 'gb_scale': 2.4957982684004385, 'gd_bubble_scale': 0.15285269614100808, 'gd_line_scale': 0.5424476425801193, 'gd_line_alpha': 0.959591701673004, 'coalescence_d_scale': 0.39304890781080065, 'capture_scale': 0.12018352252861228}. Best is trial 756 with value: 2.012228641160978.
[I 2026-05-02 22:58:08,935] Trial 1017 finished with value: 4.590823824888243 and parameters: {'f_n': 7.19412566403293e-07, 'K_d': 134880.14462554682, 'rho_d': 52350374876227.15, 'fission_rate': 4.704249337420488e+19, 'Dg_D1_scale': 0.37887385473201374, 'Dg_D3_scale': 1.6825689218256408, 'Dv_D1_scale': 0.4213091154838455, 'Dv_D2_scale': 3.5173072771217915, 'b_bulk_scale': 0.4880129050002811, 'b_dislocation_scale': 0.05730312027968656, 'gb_scale': 0.17891485500906965, 'gd_bubble_scale': 0.1926923945854739, 'gd_line_scale': 0.7476024327134898, 'gd_line_alpha': 0.9108783871820597, 'coalescence_d_scale': 0.44405228737785596, 'capture_scale': 0.18680883764101344}. Best is trial 756 with value: 2.012228641160978.
[I 2026-05-02 22:58:14,159] Trial 1018 finished with value: 4.6056637751677405 and parameters: {'f_n': 7.019278071073475e-07, 'K_d': 113362.24477187084, 'rho_d': 49818419615009.86, 'fission_rate': 4.90886122983679e+19, 'Dg_D1_scale': 0.4877041245531364, 'Dg_D3_scale': 1.7545102440400242, 'Dv_D1_scale': 0.30806214778257224, 'Dv_D2_scale': 1.5636891431896718, 'b_bulk_scale': 0.6460765270092442, 'b_dislocation_scale': 3.9998984024337956, 'gb_scale': 2.146465408806641, 'gd_bubble_scale': 0.16885314491679018, 'gd_line_scale': 0.6033651173646709, 'gd_line_alpha': 0.9475603475005987, 'coalescence_d_scale': 0.5192389989935051, 'capture_scale': 0.15589491576751424}. Best is trial 756 with value: 2.012228641160978.
[I 2026-05-02 22:58:20,260] Trial 1019 finished with value: 2.026598926755524 and parameters: {'f_n': 5.320692652748608e-07, 'K_d': 125341.92968149055, 'rho_d': 56038407269482.03, 'fission_rate': 4.8030964054528836e+19, 'Dg_D1_scale': 0.41744345694104795, 'Dg_D3_scale': 1.9231162111360867, 'Dv_D1_scale': 0.3233323408414633, 'Dv_D2_scale': 3.770272490295454, 'b_bulk_scale': 0.536952821985109, 'b_dislocation_scale': 0.06514504141327229, 'gb_scale': 2.7248548932143444, 'gd_bubble_scale': 0.1257028742357983, 'gd_line_scale': 0.45676111329677677, 'gd_line_alpha': 0.9702380758016232, 'coalescence_d_scale': 0.45664931268929276, 'capture_scale': 0.08854569154226316}. Best is trial 756 with value: 2.012228641160978.
[I 2026-05-02 22:58:26,542] Trial 1020 finished with value: 2.1538737088015605 and parameters: {'f_n': 5.355357430841476e-07, 'K_d': 128571.00848198838, 'rho_d': 60085484470123.516, 'fission_rate': 4.780323142225569e+19, 'Dg_D1_scale': 0.4002966504144575, 'Dg_D3_scale': 1.8765267010626798, 'Dv_D1_scale': 0.3764770665411269, 'Dv_D2_scale': 3.7864950933969754, 'b_bulk_scale': 0.5646009094995437, 'b_dislocation_scale': 0.07783117877219947, 'gb_scale': 2.7683062959880202, 'gd_bubble_scale': 2.6883888933077666, 'gd_line_scale': 0.4318591640157838, 'gd_line_alpha': 0.9313849398967157, 'coalescence_d_scale': 0.5226395651297898, 'capture_scale': 0.09400642816747597}. Best is trial 756 with value: 2.012228641160978.Best trial: 756. Best value: 2.01223:  68%|██████▊   | 1020/1500 [1:20:46<44:53,  5.61s/it]Best trial: 756. Best value: 2.01223:  68%|██████▊   | 1020/1500 [1:20:46<44:53,  5.61s/it]Best trial: 756. Best value: 2.01223:  68%|██████▊   | 1021/1500 [1:20:46<46:23,  5.81s/it]                                                                                           Best trial: 756. Best value: 2.01223:  68%|██████▊   | 1021/1500 [1:20:52<46:23,  5.81s/it]Best trial: 756. Best value: 2.01223:  68%|██████▊   | 1021/1500 [1:20:52<46:23,  5.81s/it]Best trial: 756. Best value: 2.01223:  68%|██████▊   | 1022/1500 [1:20:52<47:29,  5.96s/it]                                                                                           Best trial: 756. Best value: 2.01223:  68%|██████▊   | 1022/1500 [1:20:59<47:29,  5.96s/it]Best trial: 756. Best value: 2.01223:  68%|██████▊   | 1022/1500 [1:20:59<47:29,  5.96s/it]Best trial: 756. Best value: 2.01223:  68%|██████▊   | 1023/1500 [1:20:59<47:58,  6.03s/it]                                                                                           Best trial: 756. Best value: 2.01223:  68%|██████▊   | 1023/1500 [1:21:03<47:58,  6.03s/it]Best trial: 756. Best value: 2.01223:  68%|██████▊   | 1023/1500 [1:21:03<47:58,  6.03s/it]Best trial: 756. Best value: 2.01223:  68%|██████▊   | 1024/1500 [1:21:03<44:33,  5.62s/it]                                                                                           Best trial: 756. Best value: 2.01223:  68%|██████▊   | 1024/1500 [1:21:09<44:33,  5.62s/it]Best trial: 756. Best value: 2.01223:  68%|██████▊   | 1024/1500 [1:21:09<44:33,  5.62s/it]Best trial: 756. Best value: 2.01223:  68%|██████▊   | 1025/1500 [1:21:09<45:52,  5.80s/it]                                                                                           Best trial: 756. Best value: 2.01223:  68%|██████▊   | 1025/1500 [1:21:16<45:52,  5.80s/it]Best trial: 756. Best value: 2.01223:  68%|██████▊   | 1025/1500 [1:21:16<45:52,  5.80s/it]Best trial: 756. Best value: 2.01223:  68%|██████▊   | 1026/1500 [1:21:16<46:46,  5.92s/it]                                                                                           Best trial: 756. Best value: 2.01223:  68%|██████▊   | 1026/1500 [1:21:22<46:46,  5.92s/it]Best trial: 756. Best value: 2.01223:  68%|██████▊   | 1026/1500 [1:21:22<46:46,  5.92s/it]Best trial: 756. Best value: 2.01223:  68%|██████▊   | 1027/1500 [1:21:22<47:04,  5.97s/it]                                                                                           Best trial: 756. Best value: 2.01223:  68%|██████▊   | 1027/1500 [1:21:28<47:04,  5.97s/it]Best trial: 756. Best value: 2.01223:  68%|██████▊   | 1027/1500 [1:21:28<47:04,  5.97s/it]Best trial: 756. Best value: 2.01223:  69%|██████▊   | 1028/1500 [1:21:28<47:11,  6.00s/it]                                                                                           Best trial: 756. Best value: 2.01223:  69%|██████▊   | 1028/1500 [1:21:32<47:11,  6.00s/it]Best trial: 756. Best value: 2.01223:  69%|██████▊   | 1028/1500 [1:21:32<47:11,  6.00s/it]Best trial: 756. Best value: 2.01223:  69%|██████▊   | 1029/1500 [1:21:32<43:46,  5.58s/it]                                                                                           Best trial: 756. Best value: 2.01223:  69%|██████▊   | 1029/1500 [1:21:38<43:46,  5.58s/it]Best trial: 756. Best value: 2.01223:  69%|██████▊   | 1029/1500 [1:21:39<43:46,  5.58s/it]Best trial: 756. Best value: 2.01223:  69%|██████▊   | 1030/1500 [1:21:39<44:57,  5.74s/it]                                                                                           Best trial: 756. Best value: 2.01223:  69%|██████▊   | 1030/1500 [1:21:45<44:57,  5.74s/it]Best trial: 756. Best value: 2.01223:  69%|██████▊   | 1030/1500 [1:21:45<44:57,  5.74s/it]Best trial: 756. Best value: 2.01223:  69%|██████▊   | 1031/1500 [1:21:45<46:00,  5.89s/it]                                                                                           Best trial: 756. Best value: 2.01223:  69%|██████▊   | 1031/1500 [1:21:51<46:00,  5.89s/it]Best trial: 756. Best value: 2.01223:  69%|██████▊   | 1031/1500 [1:21:51<46:00,  5.89s/it]Best trial: 756. Best value: 2.01223:  69%|██████▉   | 1032/1500 [1:21:51<46:17,  5.94s/it]                                                                                           
[I 2026-05-02 22:58:32,852] Trial 1021 finished with value: 2.0134729624422785 and parameters: {'f_n': 7.267505970858267e-07, 'K_d': 133289.40191517127, 'rho_d': 56776302573945.04, 'fission_rate': 4.68613029419149e+19, 'Dg_D1_scale': 0.37685844233971283, 'Dg_D3_scale': 1.5857565014329298, 'Dv_D1_scale': 0.34875524311009376, 'Dv_D2_scale': 3.7839010682077143, 'b_bulk_scale': 0.5324421677281922, 'b_dislocation_scale': 0.06881426498590257, 'gb_scale': 2.8438544747163506, 'gd_bubble_scale': 0.21554022415240917, 'gd_line_scale': 0.5404692676056528, 'gd_line_alpha': 0.9631613610306932, 'coalescence_d_scale': 0.4576162671188702, 'capture_scale': 0.08506790882117442}. Best is trial 756 with value: 2.012228641160978.
[I 2026-05-02 22:58:39,055] Trial 1022 finished with value: 2.1099583078677004 and parameters: {'f_n': 7.586825159605943e-07, 'K_d': 134734.4966922292, 'rho_d': 57435491072058.88, 'fission_rate': 4.680605711500804e+19, 'Dg_D1_scale': 0.37299992103696905, 'Dg_D3_scale': 1.3938332624713874, 'Dv_D1_scale': 0.30123664304327713, 'Dv_D2_scale': 3.510649518158472, 'b_bulk_scale': 0.5349945427986251, 'b_dislocation_scale': 0.06733213470398175, 'gb_scale': 2.847569490994847, 'gd_bubble_scale': 0.12586612989186294, 'gd_line_scale': 0.6703262464805052, 'gd_line_alpha': 0.9712361110390071, 'coalescence_d_scale': 0.4791229817212025, 'capture_scale': 0.08320251996397231}. Best is trial 756 with value: 2.012228641160978.
[I 2026-05-02 22:58:43,700] Trial 1023 finished with value: 2.06089937315388 and parameters: {'f_n': 6.654540112161847e-07, 'K_d': 132942.88610927117, 'rho_d': 61219078679449.11, 'fission_rate': 4.675504148233032e+19, 'Dg_D1_scale': 0.39230969715911024, 'Dg_D3_scale': 1.5066163640530448, 'Dv_D1_scale': 0.33401262797877945, 'Dv_D2_scale': 3.5688728232891744, 'b_bulk_scale': 0.45286569404662513, 'b_dislocation_scale': 0.06826915889163547, 'gb_scale': 2.8382268248119726, 'gd_bubble_scale': 0.19220139094548497, 'gd_line_scale': 0.564674021508804, 'gd_line_alpha': 0.977679336606833, 'coalescence_d_scale': 0.554280518246981, 'capture_scale': 0.09019373511404712}. Best is trial 756 with value: 2.012228641160978.
[I 2026-05-02 22:58:49,907] Trial 1024 finished with value: 2.3796283995211684 and parameters: {'f_n': 7.004768914715098e-07, 'K_d': 127122.62287519584, 'rho_d': 56936703528738.055, 'fission_rate': 4.746725150721594e+19, 'Dg_D1_scale': 0.3650065454334363, 'Dg_D3_scale': 1.59830012642291, 'Dv_D1_scale': 0.3526326887368853, 'Dv_D2_scale': 3.775124098014648, 'b_bulk_scale': 0.6515666564720021, 'b_dislocation_scale': 0.08523828879359617, 'gb_scale': 2.9837878305925734, 'gd_bubble_scale': 0.2044227506274346, 'gd_line_scale': 0.8601190945286816, 'gd_line_alpha': 0.9746935302292953, 'coalescence_d_scale': 0.4815803300721325, 'capture_scale': 0.09033334265300995}. Best is trial 756 with value: 2.012228641160978.
[I 2026-05-02 22:58:56,118] Trial 1025 finished with value: 2.235864255289001 and parameters: {'f_n': 5.395668133082447e-07, 'K_d': 137419.16840389365, 'rho_d': 60634508861317.32, 'fission_rate': 4.68828896509087e+19, 'Dg_D1_scale': 0.3806391716111019, 'Dg_D3_scale': 1.5055289758724333, 'Dv_D1_scale': 0.31638134098744014, 'Dv_D2_scale': 3.557335679935251, 'b_bulk_scale': 0.50878595254245, 'b_dislocation_scale': 0.060429755689644246, 'gb_scale': 2.929453826334503, 'gd_bubble_scale': 0.1278825219343742, 'gd_line_scale': 0.6107794253967331, 'gd_line_alpha': 0.9551122955011726, 'coalescence_d_scale': 0.5240510232035592, 'capture_scale': 0.10032498652531008}. Best is trial 756 with value: 2.012228641160978.
