[I 2026-05-02 22:17:15,214] Trial 558 finished with value: 2.4267818982510145 and parameters: {'f_n': 1.5394731958066025e-06, 'K_d': 277460.56237054424, 'rho_d': 48894357345653.62, 'fission_rate': 6.214592590882677e+19, 'Dg_D1_scale': 2.825034963595363, 'Dg_D3_scale': 1.7223063155248732, 'Dv_D1_scale': 0.20931575783641346, 'Dv_D2_scale': 2.9709330822672766, 'b_bulk_scale': 0.2586377350471312, 'b_dislocation_scale': 0.18031043605591315, 'gb_scale': 5.624566550607832, 'gd_bubble_scale': 0.6618405253304256, 'gd_line_scale': 1.9628476811327014, 'gd_line_alpha': 0.3582766999236052, 'coalescence_d_scale': 0.42009261765533024, 'capture_scale': 1.913529519923782}. Best is trial 444 with value: 2.0614202321115003.
[I 2026-05-02 22:17:18,503] Trial 559 finished with value: 2.2948975688018645 and parameters: {'f_n': 7.881055105719628e-07, 'K_d': 246765.53854894172, 'rho_d': 42219413917437.6, 'fission_rate': 5.982039351382228e+19, 'Dg_D1_scale': 2.4738812323844805, 'Dg_D3_scale': 1.458124564495939, 'Dv_D1_scale': 0.22338959745580134, 'Dv_D2_scale': 3.3282940045203966, 'b_bulk_scale': 0.2377153853366959, 'b_dislocation_scale': 0.162673978247514, 'gb_scale': 6.3050937144201376, 'gd_bubble_scale': 0.6273276719826208, 'gd_line_scale': 2.123423130217245, 'gd_line_alpha': 0.43681396142838036, 'coalescence_d_scale': 0.3207603388940548, 'capture_scale': 1.0232889623769394}. Best is trial 444 with value: 2.0614202321115003.
[I 2026-05-02 22:17:23,367] Trial 560 finished with value: 2.1714471062264904 and parameters: {'f_n': 1.1731193697736885e-06, 'K_d': 240778.00087455875, 'rho_d': 41575992296120.67, 'fission_rate': 6.111578394589927e+19, 'Dg_D1_scale': 2.2876985230328537, 'Dg_D3_scale': 3.7836101401623474, 'Dv_D1_scale': 0.2398751046941403, 'Dv_D2_scale': 3.1364538089570426, 'b_bulk_scale': 0.21592564267379005, 'b_dislocation_scale': 0.19430976698539595, 'gb_scale': 5.175908656789117, 'gd_bubble_scale': 0.7863189643208991, 'gd_line_scale': 2.6730084800616116, 'gd_line_alpha': 0.44427676202209304, 'coalescence_d_scale': 0.46017773621414676, 'capture_scale': 1.6528387360913344}. Best is trial 444 with value: 2.0614202321115003.
[I 2026-05-02 22:17:28,147] Trial 561 finished with value: 2.1419803045836456 and parameters: {'f_n': 1.612947339222688e-06, 'K_d': 213890.51897454518, 'rho_d': 46372961132703.375, 'fission_rate': 6.169902398785569e+19, 'Dg_D1_scale': 2.4961301474832918, 'Dg_D3_scale': 1.150944718948318, 'Dv_D1_scale': 0.20045666438882614, 'Dv_D2_scale': 3.4698016994238348, 'b_bulk_scale': 0.3003791384436574, 'b_dislocation_scale': 0.13060165562958512, 'gb_scale': 6.565964011534571, 'gd_bubble_scale': 0.5885000595300297, 'gd_line_scale': 3.1624441396603533, 'gd_line_alpha': 0.4952680028328965, 'coalescence_d_scale': 0.3875553101830141, 'capture_scale': 0.5155155501809865}. Best is trial 444 with value: 2.0614202321115003.
[I 2026-05-02 22:17:32,924] Trial 562 finished with value: 2.175249347354324 and parameters: {'f_n': 1.330250001319121e-06, 'K_d': 221701.23651153076, 'rho_d': 43349359504992.086, 'fission_rate': 6.296898648536287e+19, 'Dg_D1_scale': 2.1996802970209113, 'Dg_D3_scale': 3.749388868600579, 'Dv_D1_scale': 0.22382867342811252, 'Dv_D2_scale': 2.986089828749415, 'b_bulk_scale': 0.2407013139923064, 'b_dislocation_scale': 0.1788741064894575, 'gb_scale': 5.908530079402255, 'gd_bubble_scale': 0.6946298433079863, 'gd_line_scale': 2.787895542503571, 'gd_line_alpha': 0.40651901277690455, 'coalescence_d_scale': 0.8402514278289731, 'capture_scale': 1.8219217212597565}. Best is trial 444 with value: 2.0614202321115003.
[I 2026-05-02 22:17:37,881] Trial 563 finished with value: 2.4994329104240025 and parameters: {'f_n': 1.0369751567091305e-06, 'K_d': 234606.78935271286, 'rho_d': 40004838654228.63, 'fission_rate': 5.942802424409371e+19, 'Dg_D1_scale': 2.6313382642466783, 'Dg_D3_scale': 0.9540675374793386, 'Dv_D1_scale': 0.23550804021595872, 'Dv_D2_scale': 2.9509001694937216, 'b_bulk_scale': 0.2636908919089733, 'b_dislocation_scale': 0.14461917167932997, 'gb_scale': 6.4304014808363865, 'gd_bubble_scale': 1.115086590259376, 'gd_line_scale': 1.6366194191670582, 'gd_line_alpha': 0.391729485981022, 'coalescence_d_scale': 0.35494047496095216, 'capture_scale': 1.4928174089412865}. Best is trial 444 with value: 2.0614202321115003.
[I 2026-05-02 22:17:42,754] Trial 564 finished with value: 3.7125401378447496 and parameters: {'f_n': 7.930706333348168e-09, 'K_d': 209980.01125993137, 'rho_d': 39442646012762.0, 'fission_rate': 6.09080682273328e+19, 'Dg_D1_scale': 2.3610211432288417, 'Dg_D3_scale': 1.1034697611542372, 'Dv_D1_scale': 0.21126060794564833, 'Dv_D2_scale': 3.2304314602051107, 'b_bulk_scale': 0.21452823106024238, 'b_dislocation_scale': 0.11880744467471221, 'gb_scale': 4.525291270849012, 'gd_bubble_scale': 0.5494133927831352, 'gd_line_scale': 3.477509139502817, 'gd_line_alpha': 0.4746583248473814, 'coalescence_d_scale': 0.3291700061321637, 'capture_scale': 1.2071182337717312}. Best is trial 444 with value: 2.0614202321115003.Best trial: 444. Best value: 2.06142:  38%|███▊      | 564/1500 [40:02<1:13:47,  4.73s/it]Best trial: 444. Best value: 2.06142:  38%|███▊      | 564/1500 [40:02<1:13:47,  4.73s/it]Best trial: 444. Best value: 2.06142:  38%|███▊      | 565/1500 [40:02<1:14:23,  4.77s/it]                                                                                          Best trial: 444. Best value: 2.06142:  38%|███▊      | 565/1500 [40:07<1:14:23,  4.77s/it]Best trial: 444. Best value: 2.06142:  38%|███▊      | 565/1500 [40:07<1:14:23,  4.77s/it]Best trial: 444. Best value: 2.06142:  38%|███▊      | 566/1500 [40:07<1:14:08,  4.76s/it]                                                                                          Best trial: 444. Best value: 2.06142:  38%|███▊      | 566/1500 [40:10<1:14:08,  4.76s/it]Best trial: 444. Best value: 2.06142:  38%|███▊      | 566/1500 [40:10<1:14:08,  4.76s/it]Best trial: 444. Best value: 2.06142:  38%|███▊      | 567/1500 [40:10<1:07:34,  4.35s/it]                                                                                          Best trial: 444. Best value: 2.06142:  38%|███▊      | 567/1500 [40:15<1:07:34,  4.35s/it]Best trial: 444. Best value: 2.06142:  38%|███▊      | 567/1500 [40:15<1:07:34,  4.35s/it]Best trial: 444. Best value: 2.06142:  38%|███▊      | 568/1500 [40:15<1:08:56,  4.44s/it]                                                                                          Best trial: 444. Best value: 2.06142:  38%|███▊      | 568/1500 [40:19<1:08:56,  4.44s/it]Best trial: 444. Best value: 2.06142:  38%|███▊      | 568/1500 [40:19<1:08:56,  4.44s/it]Best trial: 444. Best value: 2.06142:  38%|███▊      | 569/1500 [40:19<1:07:50,  4.37s/it]                                                                                          Best trial: 444. Best value: 2.06142:  38%|███▊      | 569/1500 [40:24<1:07:50,  4.37s/it]Best trial: 444. Best value: 2.06142:  38%|███▊      | 569/1500 [40:24<1:07:50,  4.37s/it]Best trial: 444. Best value: 2.06142:  38%|███▊      | 570/1500 [40:24<1:10:00,  4.52s/it]                                                                                          Best trial: 444. Best value: 2.06142:  38%|███▊      | 570/1500 [40:29<1:10:00,  4.52s/it]Best trial: 444. Best value: 2.06142:  38%|███▊      | 570/1500 [40:29<1:10:00,  4.52s/it]Best trial: 444. Best value: 2.06142:  38%|███▊      | 571/1500 [40:29<1:10:54,  4.58s/it]                                                                                          Best trial: 444. Best value: 2.06142:  38%|███▊      | 571/1500 [40:34<1:10:54,  4.58s/it]Best trial: 444. Best value: 2.06142:  38%|███▊      | 571/1500 [40:34<1:10:54,  4.58s/it]Best trial: 444. Best value: 2.06142:  38%|███▊      | 572/1500 [40:34<1:12:28,  4.69s/it]                                                                                          Best trial: 444. Best value: 2.06142:  38%|███▊      | 572/1500 [40:38<1:12:28,  4.69s/it]Best trial: 444. Best value: 2.06142:  38%|███▊      | 572/1500 [40:38<1:12:28,  4.69s/it]Best trial: 444. Best value: 2.06142:  38%|███▊      | 573/1500 [40:38<1:11:35,  4.63s/it]                                                                                          Best trial: 444. Best value: 2.06142:  38%|███▊      | 573/1500 [40:41<1:11:35,  4.63s/it]Best trial: 444. Best value: 2.06142:  38%|███▊      | 573/1500 [40:41<1:11:35,  4.63s/it]Best trial: 444. Best value: 2.06142:  38%|███▊      | 574/1500 [40:41<1:04:50,  4.20s/it]                                                                                          Best trial: 444. Best value: 2.06142:  38%|███▊      | 574/1500 [40:46<1:04:50,  4.20s/it]Best trial: 444. Best value: 2.06142:  38%|███▊      | 574/1500 [40:47<1:04:50,  4.20s/it]Best trial: 444. Best value: 2.06142:  38%|███▊      | 575/1500 [40:47<1:08:47,  4.46s/it]                                                                                          Best trial: 444. Best value: 2.06142:  38%|███▊      | 575/1500 [40:51<1:08:47,  4.46s/it]Best trial: 444. Best value: 2.06142:  38%|███▊      | 575/1500 [40:51<1:08:47,  4.46s/it]Best trial: 444. Best value: 2.06142:  38%|███▊      | 576/1500 [40:51<1:10:27,  4.58s/it]                                                                                          
[I 2026-05-02 22:17:47,487] Trial 565 finished with value: 2.1642382917516825 and parameters: {'f_n': 1.6120869181550769e-06, 'K_d': 254782.79474153387, 'rho_d': 45010080627754.69, 'fission_rate': 6.254500203946236e+19, 'Dg_D1_scale': 2.191449073875887, 'Dg_D3_scale': 1.042544174074339, 'Dv_D1_scale': 0.25030420775625595, 'Dv_D2_scale': 2.9279771171986, 'b_bulk_scale': 0.21854673363284963, 'b_dislocation_scale': 0.19790069557580606, 'gb_scale': 5.504492843343665, 'gd_bubble_scale': 0.6265219913854282, 'gd_line_scale': 3.984025005015965, 'gd_line_alpha': 0.38679763731095784, 'coalescence_d_scale': 0.3915812517344332, 'capture_scale': 2.101115295036738}. Best is trial 444 with value: 2.0614202321115003.
[I 2026-05-02 22:17:50,860] Trial 566 finished with value: 2.29544231080278 and parameters: {'f_n': 1.2552292794662712e-06, 'K_d': 229552.73342529533, 'rho_d': 48892658938154.086, 'fission_rate': 6.02453082488067e+19, 'Dg_D1_scale': 2.500101829812998, 'Dg_D3_scale': 3.3184168536125984, 'Dv_D1_scale': 0.2224239921967835, 'Dv_D2_scale': 3.158095243505403, 'b_bulk_scale': 0.2840297184207027, 'b_dislocation_scale': 0.16776770403297764, 'gb_scale': 6.2134044516547835, 'gd_bubble_scale': 0.5057487379922401, 'gd_line_scale': 3.5717756905052847, 'gd_line_alpha': 0.43578882409029773, 'coalescence_d_scale': 0.32316753171714346, 'capture_scale': 1.3324288380036535}. Best is trial 444 with value: 2.0614202321115003.
[I 2026-05-02 22:17:55,520] Trial 567 finished with value: 2.3046120517957775 and parameters: {'f_n': 1.5702374234883464e-06, 'K_d': 214701.86542538417, 'rho_d': 42281295693289.24, 'fission_rate': 6.44015357478235e+19, 'Dg_D1_scale': 2.871721723855971, 'Dg_D3_scale': 3.576707985705578, 'Dv_D1_scale': 0.2726112570558894, 'Dv_D2_scale': 3.465313738055382, 'b_bulk_scale': 0.24810216266711518, 'b_dislocation_scale': 0.15207099123859338, 'gb_scale': 6.492723972364756, 'gd_bubble_scale': 0.7482104650333008, 'gd_line_scale': 4.1231695828772255, 'gd_line_alpha': 0.36778282681493507, 'coalescence_d_scale': 0.35001312294221776, 'capture_scale': 1.839459002266814}. Best is trial 444 with value: 2.0614202321115003.
[I 2026-05-02 22:17:59,734] Trial 568 finished with value: 3.3850133991217275 and parameters: {'f_n': 6.936488247740642e-07, 'K_d': 234467.1220961172, 'rho_d': 39734209450147.664, 'fission_rate': 6.385451854603737e+19, 'Dg_D1_scale': 2.1354580845219195, 'Dg_D3_scale': 3.2252133308254285, 'Dv_D1_scale': 0.21068671276771003, 'Dv_D2_scale': 2.9772723449367433, 'b_bulk_scale': 0.2008725492064369, 'b_dislocation_scale': 0.18384775668981557, 'gb_scale': 5.026007487902234, 'gd_bubble_scale': 0.4997435066923108, 'gd_line_scale': 1.0269343088680232, 'gd_line_alpha': 0.53801028476318, 'coalescence_d_scale': 0.45373681954775313, 'capture_scale': 2.1280733737078963}. Best is trial 444 with value: 2.0614202321115003.
[I 2026-05-02 22:18:04,590] Trial 569 finished with value: 2.282512927434191 and parameters: {'f_n': 9.233903676255271e-07, 'K_d': 210269.64810563985, 'rho_d': 41548341889674.63, 'fission_rate': 6.15310129300744e+19, 'Dg_D1_scale': 2.300571427914135, 'Dg_D3_scale': 0.8121720645752567, 'Dv_D1_scale': 0.2355104163007914, 'Dv_D2_scale': 3.281259951188914, 'b_bulk_scale': 0.2272147031455334, 'b_dislocation_scale': 0.20112586927424791, 'gb_scale': 6.616099736492721, 'gd_bubble_scale': 0.5878376263705571, 'gd_line_scale': 2.90167702535089, 'gd_line_alpha': 0.4243526639362034, 'coalescence_d_scale': 0.3691616329629416, 'capture_scale': 1.6920947925353038}. Best is trial 444 with value: 2.0614202321115003.
[I 2026-05-02 22:18:09,319] Trial 570 finished with value: 2.128895109149774 and parameters: {'f_n': 1.636209970559778e-06, 'K_d': 248160.4603193615, 'rho_d': 44917613850480.89, 'fission_rate': 6.319536071966498e+19, 'Dg_D1_scale': 2.3042238051841863, 'Dg_D3_scale': 3.7658642686680417, 'Dv_D1_scale': 0.2510817814298777, 'Dv_D2_scale': 3.577355543363875, 'b_bulk_scale': 0.19849406385450807, 'b_dislocation_scale': 0.16842460747504118, 'gb_scale': 5.585257500520124, 'gd_bubble_scale': 0.6460172331672762, 'gd_line_scale': 3.7108085437339757, 'gd_line_alpha': 0.5124079399943134, 'coalescence_d_scale': 0.3176525741133891, 'capture_scale': 1.8961800358663858}. Best is trial 444 with value: 2.0614202321115003.
[I 2026-05-02 22:18:14,253] Trial 571 finished with value: 3.6682885523629754 and parameters: {'f_n': 1.2315629474698497e-08, 'K_d': 221617.407273984, 'rho_d': 39743546526883.48, 'fission_rate': 6.057668775604927e+19, 'Dg_D1_scale': 2.1410194616217684, 'Dg_D3_scale': 3.4828524522125655, 'Dv_D1_scale': 0.22226485007722618, 'Dv_D2_scale': 3.107191433324323, 'b_bulk_scale': 0.3270129778074614, 'b_dislocation_scale': 0.1828519847900679, 'gb_scale': 5.686524202927065, 'gd_bubble_scale': 0.5282994784569081, 'gd_line_scale': 4.210292566517038, 'gd_line_alpha': 0.3565603092147452, 'coalescence_d_scale': 0.42071600951724447, 'capture_scale': 1.4103236144037035}. Best is trial 444 with value: 2.0614202321115003.
[I 2026-05-02 22:18:18,764] Trial 572 finished with value: 2.9558651695348104 and parameters: {'f_n': 1.3172477182841543e-06, 'K_d': 867480.0466045934, 'rho_d': 42457682098335.92, 'fission_rate': 5.961076089014829e+19, 'Dg_D1_scale': 2.5134888829381583, 'Dg_D3_scale': 3.366410348955064, 'Dv_D1_scale': 0.21033718792560394, 'Dv_D2_scale': 2.9125891028139517, 'b_bulk_scale': 0.21282797274958137, 'b_dislocation_scale': 0.20426981491864576, 'gb_scale': 6.670016690108706, 'gd_bubble_scale': 0.45708218693124253, 'gd_line_scale': 3.19522502030604, 'gd_line_alpha': 0.4016120969728254, 'coalescence_d_scale': 0.31928683926363205, 'capture_scale': 2.079163897615292}. Best is trial 444 with value: 2.0614202321115003.
[I 2026-05-02 22:18:21,956] Trial 573 finished with value: 4.925262942013855 and parameters: {'f_n': 1.132379488083048e-06, 'K_d': 585878.3137436034, 'rho_d': 56627143559613.76, 'fission_rate': 6.20568180612083e+19, 'Dg_D1_scale': 2.7268696637466445, 'Dg_D3_scale': 3.7821355378781316, 'Dv_D1_scale': 0.20044070032920794, 'Dv_D2_scale': 3.287816406336965, 'b_bulk_scale': 0.19595904253873014, 'b_dislocation_scale': 0.15616482964897738, 'gb_scale': 0.10568784143706186, 'gd_bubble_scale': 0.8311394391959194, 'gd_line_scale': 2.899524783427593, 'gd_line_alpha': 0.8857052478917091, 'coalescence_d_scale': 0.3662409259336209, 'capture_scale': 1.6193556256392048}. Best is trial 444 with value: 2.0614202321115003.
[I 2026-05-02 22:18:27,025] Trial 574 finished with value: 2.1827144627014397 and parameters: {'f_n': 1.6352862235730787e-06, 'K_d': 206486.94380516844, 'rho_d': 48325231122299.79, 'fission_rate': 5.932616538568596e+19, 'Dg_D1_scale': 2.134762715351047, 'Dg_D3_scale': 3.6013823399786338, 'Dv_D1_scale': 0.23163110112992122, 'Dv_D2_scale': 3.114119130124109, 'b_bulk_scale': 0.2497822712150172, 'b_dislocation_scale': 0.18153210949189674, 'gb_scale': 4.905913225570404, 'gd_bubble_scale': 0.6817624667288216, 'gd_line_scale': 3.4152785474171368, 'gd_line_alpha': 0.4126442369246536, 'coalescence_d_scale': 0.32096771180355893, 'capture_scale': 2.3483008121292506}. Best is trial 444 with value: 2.0614202321115003.
[I 2026-05-02 22:18:31,867] Trial 575 finished with value: 2.661600255579472 and parameters: {'f_n': 1.3659905928533741e-06, 'K_d': 330846.34123972704, 'rho_d': 38794867993272.04, 'fission_rate': 6.0535721552087835e+19, 'Dg_D1_scale': 2.3108018282027656, 'Dg_D3_scale': 1.2863996832490536, 'Dv_D1_scale': 0.2000992423937598, 'Dv_D2_scale': 2.900503362396643, 'b_bulk_scale': 0.273647869752894, 'b_dislocation_scale': 0.20248331090254537, 'gb_scale': 6.071840344531326, 'gd_bubble_scale': 0.5680640363952596, 'gd_line_scale': 2.458901441750583, 'gd_line_alpha': 0.3813524395812941, 'coalescence_d_scale': 0.39401068005114, 'capture_scale': 1.763449362518718}. Best is trial 444 with value: 2.0614202321115003.
