[I 2026-05-02 21:57:16,470] Trial 288 finished with value: 2.20841801361832 and parameters: {'f_n': 2.5212221353249447e-06, 'K_d': 176769.83813800084, 'rho_d': 33417656654252.348, 'fission_rate': 6.645435186675289e+19, 'Dg_D1_scale': 2.137813568519697, 'Dg_D3_scale': 2.838321167631254, 'Dv_D1_scale': 0.20140149457916567, 'Dv_D2_scale': 3.196161246166756, 'b_bulk_scale': 0.1948591121467243, 'b_dislocation_scale': 0.1381439821807094, 'gb_scale': 5.5127632756658835, 'gd_bubble_scale': 0.09018909367718513, 'gd_line_scale': 6.409914832583522, 'gd_line_alpha': 0.840823619383784, 'coalescence_d_scale': 0.37595471723250395, 'capture_scale': 0.01441214445861173}. Best is trial 283 with value: 2.1163483255866327.Best trial: 283. Best value: 2.11635:  19%|█▉        | 288/1500 [19:36<1:29:03,  4.41s/it]Best trial: 283. Best value: 2.11635:  19%|█▉        | 288/1500 [19:36<1:29:03,  4.41s/it]Best trial: 283. Best value: 2.11635:  19%|█▉        | 289/1500 [19:36<1:30:03,  4.46s/it]                                                                                          Best trial: 283. Best value: 2.11635:  19%|█▉        | 289/1500 [19:40<1:30:03,  4.46s/it]Best trial: 283. Best value: 2.11635:  19%|█▉        | 289/1500 [19:41<1:30:03,  4.46s/it]Best trial: 283. Best value: 2.11635:  19%|█▉        | 290/1500 [19:41<1:30:39,  4.50s/it]                                                                                          Best trial: 283. Best value: 2.11635:  19%|█▉        | 290/1500 [19:43<1:30:39,  4.50s/it]Best trial: 283. Best value: 2.11635:  19%|█▉        | 290/1500 [19:44<1:30:39,  4.50s/it]Best trial: 283. Best value: 2.11635:  19%|█▉        | 291/1500 [19:44<1:21:33,  4.05s/it]                                                                                          Best trial: 283. Best value: 2.11635:  19%|█▉        | 291/1500 [19:48<1:21:33,  4.05s/it]Best trial: 283. Best value: 2.11635:  19%|█▉        | 291/1500 [19:48<1:21:33,  4.05s/it]Best trial: 283. Best value: 2.11635:  19%|█▉        | 292/1500 [19:48<1:25:07,  4.23s/it]                                                                                          Best trial: 283. Best value: 2.11635:  19%|█▉        | 292/1500 [19:53<1:25:07,  4.23s/it]Best trial: 283. Best value: 2.11635:  19%|█▉        | 292/1500 [19:53<1:25:07,  4.23s/it]Best trial: 283. Best value: 2.11635:  20%|█▉        | 293/1500 [19:53<1:26:47,  4.31s/it]                                                                                          Best trial: 283. Best value: 2.11635:  20%|█▉        | 293/1500 [19:57<1:26:47,  4.31s/it]Best trial: 283. Best value: 2.11635:  20%|█▉        | 293/1500 [19:57<1:26:47,  4.31s/it]Best trial: 283. Best value: 2.11635:  20%|█▉        | 294/1500 [19:57<1:27:33,  4.36s/it]                                                                                          Best trial: 283. Best value: 2.11635:  20%|█▉        | 294/1500 [20:02<1:27:33,  4.36s/it]Best trial: 283. Best value: 2.11635:  20%|█▉        | 294/1500 [20:02<1:27:33,  4.36s/it]Best trial: 283. Best value: 2.11635:  20%|█▉        | 295/1500 [20:02<1:28:02,  4.38s/it]                                                                                          Best trial: 283. Best value: 2.11635:  20%|█▉        | 295/1500 [20:06<1:28:02,  4.38s/it]Best trial: 283. Best value: 2.11635:  20%|█▉        | 295/1500 [20:06<1:28:02,  4.38s/it]Best trial: 283. Best value: 2.11635:  20%|█▉        | 296/1500 [20:06<1:28:23,  4.41s/it]                                                                                          Best trial: 283. Best value: 2.11635:  20%|█▉        | 296/1500 [20:11<1:28:23,  4.41s/it]Best trial: 283. Best value: 2.11635:  20%|█▉        | 296/1500 [20:11<1:28:23,  4.41s/it]Best trial: 283. Best value: 2.11635:  20%|█▉        | 297/1500 [20:11<1:30:12,  4.50s/it]                                                                                          Best trial: 283. Best value: 2.11635:  20%|█▉        | 297/1500 [20:14<1:30:12,  4.50s/it]Best trial: 283. Best value: 2.11635:  20%|█▉        | 297/1500 [20:14<1:30:12,  4.50s/it]Best trial: 283. Best value: 2.11635:  20%|█▉        | 298/1500 [20:14<1:20:40,  4.03s/it]                                                                                          Best trial: 283. Best value: 2.11635:  20%|█▉        | 298/1500 [20:18<1:20:40,  4.03s/it]Best trial: 283. Best value: 2.11635:  20%|█▉        | 298/1500 [20:18<1:20:40,  4.03s/it]Best trial: 283. Best value: 2.11635:  20%|█▉        | 299/1500 [20:18<1:23:12,  4.16s/it]                                                                                          Best trial: 283. Best value: 2.11635:  20%|█▉        | 299/1500 [20:23<1:23:12,  4.16s/it]Best trial: 283. Best value: 2.11635:  20%|█▉        | 299/1500 [20:23<1:23:12,  4.16s/it]Best trial: 283. Best value: 2.11635:  20%|██        | 300/1500 [20:23<1:24:34,  4.23s/it]                                                                                          
[I 2026-05-02 21:57:21,046] Trial 289 finished with value: 2.27876665454645 and parameters: {'f_n': 2.475891692138998e-06, 'K_d': 178088.56137180165, 'rho_d': 33879217801168.914, 'fission_rate': 6.7138930632727134e+19, 'Dg_D1_scale': 2.061986177980325, 'Dg_D3_scale': 2.769316795601058, 'Dv_D1_scale': 0.2002429042408812, 'Dv_D2_scale': 3.1930813256975297, 'b_bulk_scale': 0.20286931050222193, 'b_dislocation_scale': 0.1442193055389357, 'gb_scale': 4.8603706918967, 'gd_bubble_scale': 0.08929927269397496, 'gd_line_scale': 6.656354752344956, 'gd_line_alpha': 0.8313973049856358, 'coalescence_d_scale': 0.3815668533019957, 'capture_scale': 0.01437603887075673}. Best is trial 283 with value: 2.1163483255866327.
[I 2026-05-02 21:57:24,048] Trial 290 finished with value: 2.2744950417137404 and parameters: {'f_n': 2.9022546483696244e-06, 'K_d': 178453.65481566955, 'rho_d': 33121436892793.31, 'fission_rate': 6.624039212215655e+19, 'Dg_D1_scale': 2.1520946760859014, 'Dg_D3_scale': 2.894149060627633, 'Dv_D1_scale': 0.2105617656882517, 'Dv_D2_scale': 3.207647241251529, 'b_bulk_scale': 0.19328778996203413, 'b_dislocation_scale': 0.11432007230172143, 'gb_scale': 6.079281979567211, 'gd_bubble_scale': 0.08969559347820594, 'gd_line_scale': 6.4492425893632435, 'gd_line_alpha': 0.806039388496438, 'coalescence_d_scale': 0.3780472537871135, 'capture_scale': 0.014216844410522409}. Best is trial 283 with value: 2.1163483255866327.
[I 2026-05-02 21:57:28,697] Trial 291 finished with value: 2.3765270845724675 and parameters: {'f_n': 2.319869808999358e-06, 'K_d': 177167.2383004989, 'rho_d': 33858056109755.797, 'fission_rate': 6.474903967239073e+19, 'Dg_D1_scale': 2.089156804115733, 'Dg_D3_scale': 3.2848476443296555, 'Dv_D1_scale': 0.20071081758996936, 'Dv_D2_scale': 3.1758174271327633, 'b_bulk_scale': 0.19132725907355738, 'b_dislocation_scale': 0.130334148701566, 'gb_scale': 4.520286112844536, 'gd_bubble_scale': 0.09055929386783779, 'gd_line_scale': 6.374035673698752, 'gd_line_alpha': 0.844408142802804, 'coalescence_d_scale': 0.3759704096764607, 'capture_scale': 0.01181363301292168}. Best is trial 283 with value: 2.1163483255866327.
[I 2026-05-02 21:57:33,213] Trial 292 finished with value: 2.1284634371567863 and parameters: {'f_n': 2.4014675656397777e-06, 'K_d': 179659.13716162086, 'rho_d': 33128130522422.523, 'fission_rate': 6.662392880146948e+19, 'Dg_D1_scale': 1.9991518131768868, 'Dg_D3_scale': 0.2181466015633403, 'Dv_D1_scale': 0.21719169773036912, 'Dv_D2_scale': 3.2129487838825166, 'b_bulk_scale': 0.21092794774626186, 'b_dislocation_scale': 0.17190488728772974, 'gb_scale': 5.38183234831999, 'gd_bubble_scale': 0.08867730849076098, 'gd_line_scale': 6.341124377548341, 'gd_line_alpha': 0.8644349687568785, 'coalescence_d_scale': 0.3902082530677649, 'capture_scale': 0.014311901338192604}. Best is trial 283 with value: 2.1163483255866327.
[I 2026-05-02 21:57:37,667] Trial 293 finished with value: 2.204713521920235 and parameters: {'f_n': 2.3467525751303128e-06, 'K_d': 179659.2752507418, 'rho_d': 33580593699061.543, 'fission_rate': 6.9037769770872635e+19, 'Dg_D1_scale': 2.170978490812682, 'Dg_D3_scale': 2.4530357806713097, 'Dv_D1_scale': 0.21532428044507732, 'Dv_D2_scale': 3.1340793669875104, 'b_bulk_scale': 0.2076093425985434, 'b_dislocation_scale': 0.15228786552860168, 'gb_scale': 5.160861969742173, 'gd_bubble_scale': 0.09124730179670044, 'gd_line_scale': 6.463481672651967, 'gd_line_alpha': 0.8519572590010529, 'coalescence_d_scale': 0.3357195945608631, 'capture_scale': 0.013852176270664478}. Best is trial 283 with value: 2.1163483255866327.
[I 2026-05-02 21:57:42,116] Trial 294 finished with value: 2.187813839802877 and parameters: {'f_n': 2.4783541663945706e-06, 'K_d': 183314.5195142628, 'rho_d': 33580800353977.934, 'fission_rate': 6.91278437580935e+19, 'Dg_D1_scale': 1.9970779854933824, 'Dg_D3_scale': 2.9496092277702854, 'Dv_D1_scale': 0.21194033552902056, 'Dv_D2_scale': 3.2124590035111993, 'b_bulk_scale': 0.1925466640496482, 'b_dislocation_scale': 0.1678834258527562, 'gb_scale': 4.109078804282948, 'gd_bubble_scale': 0.0861458199390976, 'gd_line_scale': 6.368467412064933, 'gd_line_alpha': 0.8572368308472268, 'coalescence_d_scale': 0.3460732818199331, 'capture_scale': 0.014376890109883942}. Best is trial 283 with value: 2.1163483255866327.
[I 2026-05-02 21:57:46,570] Trial 295 finished with value: 2.189248892377706 and parameters: {'f_n': 2.4123166384733396e-06, 'K_d': 183910.41221368386, 'rho_d': 33335853930529.086, 'fission_rate': 6.836586674103652e+19, 'Dg_D1_scale': 1.9733857929076486, 'Dg_D3_scale': 3.074625238485225, 'Dv_D1_scale': 0.21510567786390947, 'Dv_D2_scale': 3.223680086189134, 'b_bulk_scale': 0.21778254781670023, 'b_dislocation_scale': 0.15967636760561246, 'gb_scale': 5.143892571583526, 'gd_bubble_scale': 0.08970266867041661, 'gd_line_scale': 6.477168185942967, 'gd_line_alpha': 0.8586200102385768, 'coalescence_d_scale': 0.32807250704008506, 'capture_scale': 0.01428943588327162}. Best is trial 283 with value: 2.1163483255866327.
[I 2026-05-02 21:57:51,288] Trial 296 finished with value: 2.172950742873517 and parameters: {'f_n': 2.8707470974790013e-06, 'K_d': 181209.24455423746, 'rho_d': 34040659853994.504, 'fission_rate': 6.821434536434433e+19, 'Dg_D1_scale': 1.9675642950729455, 'Dg_D3_scale': 2.953876703080018, 'Dv_D1_scale': 0.2124484833252434, 'Dv_D2_scale': 3.1874447346225154, 'b_bulk_scale': 0.21654833751149927, 'b_dislocation_scale': 0.16070986025863512, 'gb_scale': 5.125039980298939, 'gd_bubble_scale': 0.0879202061665807, 'gd_line_scale': 6.475854814009913, 'gd_line_alpha': 0.8523380739756125, 'coalescence_d_scale': 0.314955608023206, 'capture_scale': 0.014341451649943859}. Best is trial 283 with value: 2.1163483255866327.
[I 2026-05-02 21:57:54,192] Trial 297 finished with value: 2.189809477582122 and parameters: {'f_n': 2.456876227322902e-06, 'K_d': 177062.54079843048, 'rho_d': 33937495753616.97, 'fission_rate': 6.8258254786824225e+19, 'Dg_D1_scale': 1.9865225035528289, 'Dg_D3_scale': 3.6928328058835005, 'Dv_D1_scale': 0.21633280530101526, 'Dv_D2_scale': 3.192828289938691, 'b_bulk_scale': 0.21127168716816283, 'b_dislocation_scale': 0.16086215690542882, 'gb_scale': 5.258711444704165, 'gd_bubble_scale': 0.08399952925960898, 'gd_line_scale': 6.368060724840761, 'gd_line_alpha': 0.8522360918600658, 'coalescence_d_scale': 0.3192673536602976, 'capture_scale': 0.014678233389878467}. Best is trial 283 with value: 2.1163483255866327.
[I 2026-05-02 21:57:58,679] Trial 298 finished with value: 2.1648308104370235 and parameters: {'f_n': 2.894889951428656e-06, 'K_d': 178864.8797672253, 'rho_d': 33138067904962.953, 'fission_rate': 6.873276490193079e+19, 'Dg_D1_scale': 1.9656114401381783, 'Dg_D3_scale': 3.9019847765638467, 'Dv_D1_scale': 0.21501670601943607, 'Dv_D2_scale': 3.1316940132117446, 'b_bulk_scale': 0.20231344824707304, 'b_dislocation_scale': 0.15759470981778925, 'gb_scale': 5.665518289869029, 'gd_bubble_scale': 0.08866094024299151, 'gd_line_scale': 6.717270697087875, 'gd_line_alpha': 0.8569638967380249, 'coalescence_d_scale': 0.33342831530985606, 'capture_scale': 0.014561450850293443}. Best is trial 283 with value: 2.1163483255866327.
[I 2026-05-02 21:58:03,074] Trial 299 finished with value: 2.1665807144887443 and parameters: {'f_n': 2.9338345643750046e-06, 'K_d': 180218.18360437537, 'rho_d': 33818204935809.367, 'fission_rate': 6.854769918928677e+19, 'Dg_D1_scale': 1.9743842490663401, 'Dg_D3_scale': 3.589932832696488, 'Dv_D1_scale': 0.21482941727732105, 'Dv_D2_scale': 2.906812063609982, 'b_bulk_scale': 0.19153217890483837, 'b_dislocation_scale': 0.15833346591514053, 'gb_scale': 5.36248264839355, 'gd_bubble_scale': 0.08991307686446386, 'gd_line_scale': 6.520490792519465, 'gd_line_alpha': 0.81880491930472, 'coalescence_d_scale': 0.31926122133644436, 'capture_scale': 0.01471777926376267}. Best is trial 283 with value: 2.1163483255866327.
[I 2026-05-02 21:58:07,286] Trial 300 finished with value: 4.4550994745654435 and parameters: {'f_n': 2.737743585349302e-06, 'K_d': 182467.02496040508, 'rho_d': 34720159068440.176, 'fission_rate': 6.83542196576041e+19, 'Dg_D1_scale': 1.974195284297819, 'Dg_D3_scale': 3.4217427859467096, 'Dv_D1_scale': 0.21180199884966128, 'Dv_D2_scale': 2.8865363435200266, 'b_bulk_scale': 0.1996162576457821, 'b_dislocation_scale': 0.15758806442433163, 'gb_scale': 5.255368829408057, 'gd_bubble_scale': 0.08702791026085786, 'gd_line_scale': 0.3019027933301298, 'gd_line_alpha': 0.819777549142253, 'coalescence_d_scale': 0.3188343555058033, 'capture_scale': 0.014501098804618714}. Best is trial 283 with value: 2.1163483255866327.Best trial: 283. Best value: 2.11635:  20%|██        | 300/1500 [20:27<1:24:34,  4.23s/it]Best trial: 283. Best value: 2.11635:  20%|██        | 300/1500 [20:27<1:24:34,  4.23s/it]Best trial: 283. Best value: 2.11635:  20%|██        | 301/1500 [20:27<1:24:27,  4.23s/it]                                                                                          Best trial: 283. Best value: 2.11635:  20%|██        | 301/1500 [20:31<1:24:27,  4.23s/it]Best trial: 283. Best value: 2.11635:  20%|██        | 301/1500 [20:31<1:24:27,  4.23s/it]Best trial: 283. Best value: 2.11635:  20%|██        | 302/1500 [20:31<1:25:21,  4.28s/it]                                                                                          Best trial: 283. Best value: 2.11635:  20%|██        | 302/1500 [20:35<1:25:21,  4.28s/it]Best trial: 283. Best value: 2.11635:  20%|██        | 302/1500 [20:35<1:25:21,  4.28s/it]Best trial: 283. Best value: 2.11635:  20%|██        | 303/1500 [20:35<1:25:21,  4.28s/it]                                                                                          Best trial: 283. Best value: 2.11635:  20%|██        | 303/1500 [20:40<1:25:21,  4.28s/it]Best trial: 283. Best value: 2.11635:  20%|██        | 303/1500 [20:40<1:25:21,  4.28s/it]Best trial: 283. Best value: 2.11635:  20%|██        | 304/1500 [20:40<1:26:10,  4.32s/it]                                                                                          Best trial: 283. Best value: 2.11635:  20%|██        | 304/1500 [20:43<1:26:10,  4.32s/it]Best trial: 283. Best value: 2.11635:  20%|██        | 304/1500 [20:43<1:26:10,  4.32s/it]Best trial: 283. Best value: 2.11635:  20%|██        | 305/1500 [20:43<1:16:34,  3.85s/it]                                                                                          Best trial: 283. Best value: 2.11635:  20%|██        | 305/1500 [20:47<1:16:34,  3.85s/it]Best trial: 283. Best value: 2.11635:  20%|██        | 305/1500 [20:47<1:16:34,  3.85s/it]Best trial: 283. Best value: 2.11635:  20%|██        | 306/1500 [20:47<1:19:54,  4.02s/it]                                                                                          Best trial: 283. Best value: 2.11635:  20%|██        | 306/1500 [20:51<1:19:54,  4.02s/it]Best trial: 283. Best value: 2.11635:  20%|██        | 306/1500 [20:51<1:19:54,  4.02s/it]Best trial: 283. Best value: 2.11635:  20%|██        | 307/1500 [20:51<1:22:05,  4.13s/it]                                                                                          Best trial: 283. Best value: 2.11635:  20%|██        | 307/1500 [20:56<1:22:05,  4.13s/it]Best trial: 283. Best value: 2.11635:  20%|██        | 307/1500 [20:56<1:22:05,  4.13s/it]Best trial: 283. Best value: 2.11635:  21%|██        | 308/1500 [20:56<1:23:28,  4.20s/it]                                                                                          Best trial: 283. Best value: 2.11635:  21%|██        | 308/1500 [21:00<1:23:28,  4.20s/it]Best trial: 283. Best value: 2.11635:  21%|██        | 308/1500 [21:00<1:23:28,  4.20s/it]Best trial: 283. Best value: 2.11635:  21%|██        | 309/1500 [21:00<1:24:41,  4.27s/it]                                                                                          Best trial: 283. Best value: 2.11635:  21%|██        | 309/1500 [21:05<1:24:41,  4.27s/it]Best trial: 283. Best value: 2.11635:  21%|██        | 309/1500 [21:05<1:24:41,  4.27s/it]Best trial: 283. Best value: 2.11635:  21%|██        | 310/1500 [21:05<1:25:28,  4.31s/it]                                                                                          Best trial: 283. Best value: 2.11635:  21%|██        | 310/1500 [21:09<1:25:28,  4.31s/it]Best trial: 283. Best value: 2.11635:  21%|██        | 310/1500 [21:09<1:25:28,  4.31s/it]Best trial: 283. Best value: 2.11635:  21%|██        | 311/1500 [21:09<1:25:59,  4.34s/it]                                                                                          Best trial: 283. Best value: 2.11635:  21%|██        | 311/1500 [21:13<1:25:59,  4.34s/it]Best trial: 283. Best value: 2.11635:  21%|██        | 311/1500 [21:14<1:25:59,  4.34s/it]Best trial: 283. Best value: 2.11635:  21%|██        | 312/1500 [21:14<1:26:51,  4.39s/it]                                                                                          
[I 2026-05-02 21:58:11,683] Trial 301 finished with value: 2.1846287485054177 and parameters: {'f_n': 2.9663516694386487e-06, 'K_d': 180931.2609429995, 'rho_d': 33520385378084.69, 'fission_rate': 6.933228383156706e+19, 'Dg_D1_scale': 1.957673443813656, 'Dg_D3_scale': 3.8492068352936992, 'Dv_D1_scale': 0.2167109250068524, 'Dv_D2_scale': 3.126042556460551, 'b_bulk_scale': 0.1873313530997095, 'b_dislocation_scale': 0.171745025510874, 'gb_scale': 3.9735085514580253, 'gd_bubble_scale': 0.08889066789025975, 'gd_line_scale': 6.39772735189898, 'gd_line_alpha': 0.854597327692556, 'coalescence_d_scale': 0.31152995109871684, 'capture_scale': 0.012479487235100605}. Best is trial 283 with value: 2.1163483255866327.
[I 2026-05-02 21:58:15,970] Trial 302 finished with value: 2.184350214903151 and parameters: {'f_n': 2.8850183008658513e-06, 'K_d': 181289.152374368, 'rho_d': 32953799864415.09, 'fission_rate': 6.98145041842889e+19, 'Dg_D1_scale': 1.9604178414583124, 'Dg_D3_scale': 3.90614338698601, 'Dv_D1_scale': 0.21414658806151562, 'Dv_D2_scale': 3.092394454813254, 'b_bulk_scale': 0.1813821009954757, 'b_dislocation_scale': 0.17439681376207936, 'gb_scale': 4.071517543398935, 'gd_bubble_scale': 0.08568939698416303, 'gd_line_scale': 6.694339759895789, 'gd_line_alpha': 0.8529239225742727, 'coalescence_d_scale': 0.30792450653119574, 'capture_scale': 0.012979809403786199}. Best is trial 283 with value: 2.1163483255866327.
[I 2026-05-02 21:58:20,398] Trial 303 finished with value: 2.213907385299322 and parameters: {'f_n': 2.8100524806784103e-06, 'K_d': 184162.6175959247, 'rho_d': 33649693165171.91, 'fission_rate': 6.974239327339773e+19, 'Dg_D1_scale': 2.052855426849951, 'Dg_D3_scale': 3.7382598875368873, 'Dv_D1_scale': 0.2141572967827046, 'Dv_D2_scale': 3.086918809178686, 'b_bulk_scale': 0.18578736370572912, 'b_dislocation_scale': 0.17130006999103678, 'gb_scale': 4.0280403101967615, 'gd_bubble_scale': 0.08642795692200346, 'gd_line_scale': 6.675480353809699, 'gd_line_alpha': 0.8532305876727446, 'coalescence_d_scale': 0.3185705629185937, 'capture_scale': 0.012500825070716426}. Best is trial 283 with value: 2.1163483255866327.
[I 2026-05-02 21:58:23,126] Trial 304 finished with value: 2.1944189238703458 and parameters: {'f_n': 2.9535985181948022e-06, 'K_d': 192959.65707038663, 'rho_d': 33540049409343.305, 'fission_rate': 6.810662165089499e+19, 'Dg_D1_scale': 1.9343876866594318, 'Dg_D3_scale': 3.840629417215695, 'Dv_D1_scale': 0.20104443220345505, 'Dv_D2_scale': 2.926471107963394, 'b_bulk_scale': 0.16919610474351715, 'b_dislocation_scale': 0.13529722496468907, 'gb_scale': 6.12431062661971, 'gd_bubble_scale': 0.08425723589619687, 'gd_line_scale': 6.996574453338139, 'gd_line_alpha': 0.8572598297918033, 'coalescence_d_scale': 0.30943316785376335, 'capture_scale': 0.014899028273988821}. Best is trial 283 with value: 2.1163483255866327.
[I 2026-05-02 21:58:27,537] Trial 305 finished with value: 2.1533500446031923 and parameters: {'f_n': 2.975685968675901e-06, 'K_d': 192818.65065842404, 'rho_d': 34228900028009.57, 'fission_rate': 6.806522242453641e+19, 'Dg_D1_scale': 1.9019142673888259, 'Dg_D3_scale': 3.8980340432074496, 'Dv_D1_scale': 0.21605189418551643, 'Dv_D2_scale': 2.887826911712978, 'b_bulk_scale': 0.17115446827853315, 'b_dislocation_scale': 0.15418322642331347, 'gb_scale': 6.662179385483597, 'gd_bubble_scale': 0.0810896494892521, 'gd_line_scale': 7.099808057816555, 'gd_line_alpha': 0.806256773647156, 'coalescence_d_scale': 0.31714058888364866, 'capture_scale': 0.012500633933187637}. Best is trial 283 with value: 2.1163483255866327.
