[I 2026-05-02 22:40:03,394] Trial 828 finished with value: 2.9706614689507838 and parameters: {'f_n': 8.611898345628955e-08, 'K_d': 112894.48904356608, 'rho_d': 50518383673143.81, 'fission_rate': 4.246861706279043e+19, 'Dg_D1_scale': 0.5221681241908864, 'Dg_D3_scale': 2.5457028577336644, 'Dv_D1_scale': 0.5298546260504139, 'Dv_D2_scale': 3.480753425947403, 'b_bulk_scale': 0.5690997295710937, 'b_dislocation_scale': 0.0834692146988535, 'gb_scale': 2.8482461408094046, 'gd_bubble_scale': 0.344032347186553, 'gd_line_scale': 0.5759344040189843, 'gd_line_alpha': 0.9403498454072221, 'coalescence_d_scale': 0.6171396447395936, 'capture_scale': 0.5901429744499282}. Best is trial 756 with value: 2.012228641160978.Best trial: 756. Best value: 2.01223:  55%|█████▌    | 828/1500 [1:02:23<1:06:27,  5.93s/it]Best trial: 756. Best value: 2.01223:  55%|█████▌    | 828/1500 [1:02:23<1:06:27,  5.93s/it]Best trial: 756. Best value: 2.01223:  55%|█████▌    | 829/1500 [1:02:23<1:09:04,  6.18s/it]                                                                                            Best trial: 756. Best value: 2.01223:  55%|█████▌    | 829/1500 [1:02:27<1:09:04,  6.18s/it]Best trial: 756. Best value: 2.01223:  55%|█████▌    | 829/1500 [1:02:27<1:09:04,  6.18s/it]Best trial: 756. Best value: 2.01223:  55%|█████▌    | 830/1500 [1:02:27<1:02:24,  5.59s/it]                                                                                            Best trial: 756. Best value: 2.01223:  55%|█████▌    | 830/1500 [1:02:34<1:02:24,  5.59s/it]Best trial: 756. Best value: 2.01223:  55%|█████▌    | 830/1500 [1:02:34<1:02:24,  5.59s/it]Best trial: 756. Best value: 2.01223:  55%|█████▌    | 831/1500 [1:02:34<1:05:28,  5.87s/it]                                                                                            Best trial: 756. Best value: 2.01223:  55%|█████▌    | 831/1500 [1:02:38<1:05:28,  5.87s/it]Best trial: 756. Best value: 2.01223:  55%|█████▌    | 831/1500 [1:02:38<1:05:28,  5.87s/it]Best trial: 756. Best value: 2.01223:  55%|█████▌    | 832/1500 [1:02:38<1:00:45,  5.46s/it]                                                                                            Best trial: 756. Best value: 2.01223:  55%|█████▌    | 832/1500 [1:02:44<1:00:45,  5.46s/it]Best trial: 756. Best value: 2.01223:  55%|█████▌    | 832/1500 [1:02:44<1:00:45,  5.46s/it]Best trial: 756. Best value: 2.01223:  56%|█████▌    | 833/1500 [1:02:44<1:02:51,  5.65s/it]                                                                                            Best trial: 756. Best value: 2.01223:  56%|█████▌    | 833/1500 [1:02:50<1:02:51,  5.65s/it]Best trial: 756. Best value: 2.01223:  56%|█████▌    | 833/1500 [1:02:51<1:02:51,  5.65s/it]Best trial: 756. Best value: 2.01223:  56%|█████▌    | 834/1500 [1:02:51<1:04:36,  5.82s/it]                                                                                            Best trial: 756. Best value: 2.01223:  56%|█████▌    | 834/1500 [1:02:57<1:04:36,  5.82s/it]Best trial: 756. Best value: 2.01223:  56%|█████▌    | 834/1500 [1:02:57<1:04:36,  5.82s/it]Best trial: 756. Best value: 2.01223:  56%|█████▌    | 835/1500 [1:02:57<1:06:11,  5.97s/it]                                                                                            Best trial: 756. Best value: 2.01223:  56%|█████▌    | 835/1500 [1:03:03<1:06:11,  5.97s/it]Best trial: 756. Best value: 2.01223:  56%|█████▌    | 835/1500 [1:03:03<1:06:11,  5.97s/it]Best trial: 756. Best value: 2.01223:  56%|█████▌    | 836/1500 [1:03:03<1:07:22,  6.09s/it]                                                                                            Best trial: 756. Best value: 2.01223:  56%|█████▌    | 836/1500 [1:03:08<1:07:22,  6.09s/it]Best trial: 756. Best value: 2.01223:  56%|█████▌    | 836/1500 [1:03:08<1:07:22,  6.09s/it]Best trial: 756. Best value: 2.01223:  56%|█████▌    | 837/1500 [1:03:08<1:02:37,  5.67s/it]                                                                                            Best trial: 756. Best value: 2.01223:  56%|█████▌    | 837/1500 [1:03:14<1:02:37,  5.67s/it]Best trial: 756. Best value: 2.01223:  56%|█████▌    | 837/1500 [1:03:14<1:02:37,  5.67s/it]Best trial: 756. Best value: 2.01223:  56%|█████▌    | 838/1500 [1:03:14<1:04:59,  5.89s/it]                                                                                            Best trial: 756. Best value: 2.01223:  56%|█████▌    | 838/1500 [1:03:21<1:04:59,  5.89s/it]Best trial: 756. Best value: 2.01223:  56%|█████▌    | 838/1500 [1:03:21<1:04:59,  5.89s/it]Best trial: 756. Best value: 2.01223:  56%|█████▌    | 839/1500 [1:03:21<1:06:44,  6.06s/it]                                                                                            Best trial: 756. Best value: 2.01223:  56%|█████▌    | 839/1500 [1:03:27<1:06:44,  6.06s/it]Best trial: 756. Best value: 2.01223:  56%|█████▌    | 839/1500 [1:03:27<1:06:44,  6.06s/it]Best trial: 756. Best value: 2.01223:  56%|█████▌    | 840/1500 [1:03:27<1:06:39,  6.06s/it]                                                                                            
[I 2026-05-02 22:40:07,614] Trial 829 finished with value: 3.2821477037582287 and parameters: {'f_n': 1.4280267126961455e-06, 'K_d': 106985.217792541, 'rho_d': 57181943361785.41, 'fission_rate': 7.298347839793096e+19, 'Dg_D1_scale': 0.5791798241823625, 'Dg_D3_scale': 2.3331048708577318, 'Dv_D1_scale': 0.5060705325569468, 'Dv_D2_scale': 3.775759481662806, 'b_bulk_scale': 0.799392741732061, 'b_dislocation_scale': 0.09431874159735303, 'gb_scale': 3.0772444902402514, 'gd_bubble_scale': 0.31278914057042156, 'gd_line_scale': 1.6229109277194922, 'gd_line_alpha': 0.97352488201869, 'coalescence_d_scale': 0.5102098364597688, 'capture_scale': 0.21645150763566937}. Best is trial 756 with value: 2.012228641160978.
[I 2026-05-02 22:40:14,146] Trial 830 finished with value: 2.5812981553244283 and parameters: {'f_n': 1.8344706377039105e-06, 'K_d': 129356.21770998438, 'rho_d': 55028073850517.87, 'fission_rate': 4.4400508138960445e+19, 'Dg_D1_scale': 0.6626652970849947, 'Dg_D3_scale': 2.1486354370208294, 'Dv_D1_scale': 0.39335289371070276, 'Dv_D2_scale': 3.5107993543795892, 'b_bulk_scale': 0.6172788531230322, 'b_dislocation_scale': 0.06157769074290178, 'gb_scale': 3.6372178253718137, 'gd_bubble_scale': 0.35340042390777343, 'gd_line_scale': 0.32312447225105206, 'gd_line_alpha': 0.9328504014641584, 'coalescence_d_scale': 0.4590703520154176, 'capture_scale': 0.4738239820225049}. Best is trial 756 with value: 2.012228641160978.
[I 2026-05-02 22:40:18,637] Trial 831 finished with value: 2.073180858044557 and parameters: {'f_n': 1.179062726050079e-06, 'K_d': 122246.18160580039, 'rho_d': 59039553157997.45, 'fission_rate': 4.6769505600189964e+19, 'Dg_D1_scale': 0.4497419067870985, 'Dg_D3_scale': 2.785927122535409, 'Dv_D1_scale': 0.41739513950201634, 'Dv_D2_scale': 3.7712779350204593, 'b_bulk_scale': 0.6599462815532678, 'b_dislocation_scale': 0.07838433746650578, 'gb_scale': 2.4971365096105163, 'gd_bubble_scale': 0.2867420035646881, 'gd_line_scale': 0.4164888485948125, 'gd_line_alpha': 0.9591833741183665, 'coalescence_d_scale': 0.5656753103242386, 'capture_scale': 0.2853842939494135}. Best is trial 756 with value: 2.012228641160978.
[I 2026-05-02 22:40:24,749] Trial 832 finished with value: 2.08388265772282 and parameters: {'f_n': 8.667704628246827e-07, 'K_d': 139196.9276591508, 'rho_d': 63090721880449.21, 'fission_rate': 4.730211304248913e+19, 'Dg_D1_scale': 0.4654407054415759, 'Dg_D3_scale': 2.4631184098830974, 'Dv_D1_scale': 0.3691417682423392, 'Dv_D2_scale': 3.765078757067975, 'b_bulk_scale': 0.6623712496021725, 'b_dislocation_scale': 0.07441282984128196, 'gb_scale': 2.02551528023736, 'gd_bubble_scale': 0.2730471037716992, 'gd_line_scale': 0.38593538309999625, 'gd_line_alpha': 0.9973300666412511, 'coalescence_d_scale': 0.6373689276087596, 'capture_scale': 0.277835021684058}. Best is trial 756 with value: 2.012228641160978.
[I 2026-05-02 22:40:30,956] Trial 833 finished with value: 2.0600615336417607 and parameters: {'f_n': 1.0841543317057277e-06, 'K_d': 123082.48423106127, 'rho_d': 59922629287341.05, 'fission_rate': 4.641015629382837e+19, 'Dg_D1_scale': 0.44128199521713596, 'Dg_D3_scale': 2.709234752135493, 'Dv_D1_scale': 0.39959920671001625, 'Dv_D2_scale': 3.684293123352431, 'b_bulk_scale': 0.7302550702257993, 'b_dislocation_scale': 0.07025189081732408, 'gb_scale': 2.3738719231067673, 'gd_bubble_scale': 0.23183562175771186, 'gd_line_scale': 0.40832004778519243, 'gd_line_alpha': 0.9649143807406283, 'coalescence_d_scale': 0.541574230024661, 'capture_scale': 0.16614264353395689}. Best is trial 756 with value: 2.012228641160978.
[I 2026-05-02 22:40:37,287] Trial 834 finished with value: 2.2256621030218273 and parameters: {'f_n': 6.871450249206472e-07, 'K_d': 127223.40751596827, 'rho_d': 60800995208483.87, 'fission_rate': 4.5741466218400326e+19, 'Dg_D1_scale': 0.4047719926675396, 'Dg_D3_scale': 2.741701954353023, 'Dv_D1_scale': 0.4425065845321635, 'Dv_D2_scale': 3.4663156393454595, 'b_bulk_scale': 0.7494105118660233, 'b_dislocation_scale': 0.07274041506510374, 'gb_scale': 2.337927827186659, 'gd_bubble_scale': 0.2541891723131615, 'gd_line_scale': 0.41421986756282636, 'gd_line_alpha': 0.9605400048522862, 'coalescence_d_scale': 0.6597810413679025, 'capture_scale': 0.20493264180131238}. Best is trial 756 with value: 2.012228641160978.
[I 2026-05-02 22:40:43,573] Trial 835 finished with value: 2.286610706213462 and parameters: {'f_n': 7.33118299866911e-07, 'K_d': 134948.28651331912, 'rho_d': 67347814349142.74, 'fission_rate': 4.674702730446196e+19, 'Dg_D1_scale': 0.4497642337130136, 'Dg_D3_scale': 2.9519409969590966, 'Dv_D1_scale': 0.42104978345057115, 'Dv_D2_scale': 3.747265942631037, 'b_bulk_scale': 0.8216078487017064, 'b_dislocation_scale': 0.05940427293839591, 'gb_scale': 2.526558659096833, 'gd_bubble_scale': 0.2548076969676159, 'gd_line_scale': 0.35603076838598374, 'gd_line_alpha': 0.9786320402050047, 'coalescence_d_scale': 0.5740429291020364, 'capture_scale': 0.12355662110017869}. Best is trial 756 with value: 2.012228641160978.
[I 2026-05-02 22:40:48,328] Trial 836 finished with value: 2.471754961291475 and parameters: {'f_n': 9.591338288625952e-07, 'K_d': 126305.1605439624, 'rho_d': 64945907990786.7, 'fission_rate': 4.619008114403933e+19, 'Dg_D1_scale': 0.4328742086786769, 'Dg_D3_scale': 2.5564227423411783, 'Dv_D1_scale': 0.408078339901186, 'Dv_D2_scale': 3.5780580379150875, 'b_bulk_scale': 0.9236151164579545, 'b_dislocation_scale': 0.07859230077419396, 'gb_scale': 2.2120731179116975, 'gd_bubble_scale': 0.2806137961587395, 'gd_line_scale': 0.48700043339819604, 'gd_line_alpha': 0.9997749666704132, 'coalescence_d_scale': 0.5760150587003406, 'capture_scale': 0.1636993347975489}. Best is trial 756 with value: 2.012228641160978.
[I 2026-05-02 22:40:54,734] Trial 837 finished with value: 2.243618738055952 and parameters: {'f_n': 1.0668144377472047e-06, 'K_d': 114215.619279343, 'rho_d': 54104455278478.45, 'fission_rate': 4.583660381667874e+19, 'Dg_D1_scale': 0.4738340192977785, 'Dg_D3_scale': 2.759104896558401, 'Dv_D1_scale': 0.4642471320446968, 'Dv_D2_scale': 3.468130128685361, 'b_bulk_scale': 0.7168840361959457, 'b_dislocation_scale': 0.06794774838323793, 'gb_scale': 1.9230562894703507, 'gd_bubble_scale': 0.2345099060963694, 'gd_line_scale': 0.27890539033587736, 'gd_line_alpha': 0.9545281449152927, 'coalescence_d_scale': 0.5395142306230216, 'capture_scale': 0.24214905522094005}. Best is trial 756 with value: 2.012228641160978.
[I 2026-05-02 22:41:01,194] Trial 838 finished with value: 2.1761105460054786 and parameters: {'f_n': 4.661501310513249e-07, 'K_d': 106844.14134906033, 'rho_d': 59494764658571.34, 'fission_rate': 4.502160660600469e+19, 'Dg_D1_scale': 0.492836886986797, 'Dg_D3_scale': 2.9396891883474288, 'Dv_D1_scale': 0.448832524162306, 'Dv_D2_scale': 3.6426871574721456, 'b_bulk_scale': 0.6776649914339824, 'b_dislocation_scale': 0.06624997900701897, 'gb_scale': 2.7209429711584128, 'gd_bubble_scale': 0.23115867298351658, 'gd_line_scale': 0.35309873456758667, 'gd_line_alpha': 0.9744081272811381, 'coalescence_d_scale': 0.6744617158839086, 'capture_scale': 0.13278131411060273}. Best is trial 756 with value: 2.012228641160978.
[I 2026-05-02 22:41:07,249] Trial 839 finished with value: 2.597923650296657 and parameters: {'f_n': 8.018623929725148e-07, 'K_d': 116662.99170892991, 'rho_d': 64473010038917.48, 'fission_rate': 4.757245960223163e+19, 'Dg_D1_scale': 0.4295101290925193, 'Dg_D3_scale': 2.37812549777224, 'Dv_D1_scale': 0.36744585401884, 'Dv_D2_scale': 3.739234250877264, 'b_bulk_scale': 1.1412369552085873, 'b_dislocation_scale': 0.06324025842193189, 'gb_scale': 3.175181663804701, 'gd_bubble_scale': 0.2226437957757002, 'gd_line_scale': 0.4789667382313025, 'gd_line_alpha': 0.9550841693172135, 'coalescence_d_scale': 0.7258698874333271, 'capture_scale': 0.2851289705354604}. Best is trial 756 with value: 2.012228641160978.
[I 2026-05-02 22:41:13,675] Trial 840 finished with value: 2.2052075632283823 and parameters: {'f_n': 1.0869520490705362e-06, 'K_d': 124558.97508345955, 'rho_d': 51501262130903.914, 'fission_rate': 4.659195432894228e+19, 'Dg_D1_scale': 0.508258645873377, 'Dg_D3_scale': 2.6388682510922217, 'Dv_D1_scale': 0.3850768161015417, 'Dv_D2_scale': 3.7539678566027024, 'b_bulk_scale': 0.7219029171617029, 'b_dislocation_scale': 0.08108008585842885, 'gb_scale': 2.619065874418231, 'gd_bubble_scale': 0.30153092699944145, 'gd_line_scale': 0.5768907203183364, 'gd_line_alpha': 0.9786341203266707, 'coalescence_d_scale': 0.8194359164423154, 'capture_scale': 0.4077885067629436}. Best is trial 756 with value: 2.012228641160978.Best trial: 756. Best value: 2.01223:  56%|█████▌    | 840/1500 [1:03:33<1:06:39,  6.06s/it]Best trial: 756. Best value: 2.01223:  56%|█████▌    | 840/1500 [1:03:33<1:06:39,  6.06s/it]Best trial: 756. Best value: 2.01223:  56%|█████▌    | 841/1500 [1:03:33<1:07:46,  6.17s/it]                                                                                            Best trial: 756. Best value: 2.01223:  56%|█████▌    | 841/1500 [1:03:38<1:07:46,  6.17s/it]Best trial: 756. Best value: 2.01223:  56%|█████▌    | 841/1500 [1:03:38<1:07:46,  6.17s/it]Best trial: 756. Best value: 2.01223:  56%|█████▌    | 842/1500 [1:03:38<1:03:48,  5.82s/it]                                                                                            Best trial: 756. Best value: 2.01223:  56%|█████▌    | 842/1500 [1:03:45<1:03:48,  5.82s/it]Best trial: 756. Best value: 2.01223:  56%|█████▌    | 842/1500 [1:03:45<1:03:48,  5.82s/it]Best trial: 756. Best value: 2.01223:  56%|█████▌    | 843/1500 [1:03:45<1:05:45,  6.01s/it]                                                                                            Best trial: 756. Best value: 2.01223:  56%|█████▌    | 843/1500 [1:03:51<1:05:45,  6.01s/it]Best trial: 756. Best value: 2.01223:  56%|█████▌    | 843/1500 [1:03:51<1:05:45,  6.01s/it]Best trial: 756. Best value: 2.01223:  56%|█████▋    | 844/1500 [1:03:51<1:07:47,  6.20s/it]                                                                                            Best trial: 756. Best value: 2.01223:  56%|█████▋    | 844/1500 [1:03:58<1:07:47,  6.20s/it]Best trial: 756. Best value: 2.01223:  56%|█████▋    | 844/1500 [1:03:58<1:07:47,  6.20s/it]Best trial: 756. Best value: 2.01223:  56%|█████▋    | 845/1500 [1:03:58<1:08:17,  6.26s/it]                                                                                            Best trial: 756. Best value: 2.01223:  56%|█████▋    | 845/1500 [1:04:04<1:08:17,  6.26s/it]Best trial: 756. Best value: 2.01223:  56%|█████▋    | 845/1500 [1:04:04<1:08:17,  6.26s/it]Best trial: 756. Best value: 2.01223:  56%|█████▋    | 846/1500 [1:04:04<1:08:42,  6.30s/it]                                                                                            Best trial: 756. Best value: 2.01223:  56%|█████▋    | 846/1500 [1:04:09<1:08:42,  6.30s/it]Best trial: 756. Best value: 2.01223:  56%|█████▋    | 846/1500 [1:04:09<1:08:42,  6.30s/it]Best trial: 756. Best value: 2.01223:  56%|█████▋    | 847/1500 [1:04:09<1:02:55,  5.78s/it]                                                                                            Best trial: 756. Best value: 2.01223:  56%|█████▋    | 847/1500 [1:04:15<1:02:55,  5.78s/it]Best trial: 756. Best value: 2.01223:  56%|█████▋    | 847/1500 [1:04:15<1:02:55,  5.78s/it]Best trial: 756. Best value: 2.01223:  57%|█████▋    | 848/1500 [1:04:15<1:05:21,  6.01s/it]                                                                                            Best trial: 756. Best value: 2.01223:  57%|█████▋    | 848/1500 [1:04:22<1:05:21,  6.01s/it]Best trial: 756. Best value: 2.01223:  57%|█████▋    | 848/1500 [1:04:22<1:05:21,  6.01s/it]Best trial: 756. Best value: 2.01223:  57%|█████▋    | 849/1500 [1:04:22<1:06:25,  6.12s/it]                                                                                            Best trial: 756. Best value: 2.01223:  57%|█████▋    | 849/1500 [1:04:28<1:06:25,  6.12s/it]Best trial: 756. Best value: 2.01223:  57%|█████▋    | 849/1500 [1:04:28<1:06:25,  6.12s/it]Best trial: 756. Best value: 2.01223:  57%|█████▋    | 850/1500 [1:04:28<1:06:56,  6.18s/it]                                                                                            Best trial: 756. Best value: 2.01223:  57%|█████▋    | 850/1500 [1:04:34<1:06:56,  6.18s/it]Best trial: 756. Best value: 2.01223:  57%|█████▋    | 850/1500 [1:04:34<1:06:56,  6.18s/it]Best trial: 756. Best value: 2.01223:  57%|█████▋    | 851/1500 [1:04:34<1:07:55,  6.28s/it]                                                                                            Best trial: 756. Best value: 2.01223:  57%|█████▋    | 851/1500 [1:04:39<1:07:55,  6.28s/it]Best trial: 756. Best value: 2.01223:  57%|█████▋    | 851/1500 [1:04:39<1:07:55,  6.28s/it]Best trial: 756. Best value: 2.01223:  57%|█████▋    | 852/1500 [1:04:39<1:02:45,  5.81s/it]                                                                                            
[I 2026-05-02 22:41:18,681] Trial 841 finished with value: 2.0837251308882934 and parameters: {'f_n': 9.622553037442875e-07, 'K_d': 137417.2010477027, 'rho_d': 58159677957988.14, 'fission_rate': 4.4318239843043795e+19, 'Dg_D1_scale': 0.46568914980210246, 'Dg_D3_scale': 2.9639380536419146, 'Dv_D1_scale': 0.47844097883456194, 'Dv_D2_scale': 3.4803142193817407, 'b_bulk_scale': 0.7859226484554319, 'b_dislocation_scale': 0.07160704105725431, 'gb_scale': 2.39150785647925, 'gd_bubble_scale': 0.24738490082181713, 'gd_line_scale': 0.3843074910545811, 'gd_line_alpha': 0.9388414191626678, 'coalescence_d_scale': 0.5377175734913794, 'capture_scale': 0.16997551364953123}. Best is trial 756 with value: 2.012228641160978.
[I 2026-05-02 22:41:25,121] Trial 842 finished with value: 2.0639678678151543 and parameters: {'f_n': 1.0784528005001389e-06, 'K_d': 121469.97730081558, 'rho_d': 71745916477220.94, 'fission_rate': 4.50840404290775e+19, 'Dg_D1_scale': 0.40481737031321724, 'Dg_D3_scale': 2.760626873535582, 'Dv_D1_scale': 0.40276790561789655, 'Dv_D2_scale': 3.7687508466384054, 'b_bulk_scale': 0.646132837962268, 'b_dislocation_scale': 0.0698730117640399, 'gb_scale': 3.8360207372787256, 'gd_bubble_scale': 0.32938314593462936, 'gd_line_scale': 0.44294714471641006, 'gd_line_alpha': 0.9592209694764352, 'coalescence_d_scale': 0.6036136448852328, 'capture_scale': 0.32213743656626204}. Best is trial 756 with value: 2.012228641160978.
[I 2026-05-02 22:41:31,779] Trial 843 finished with value: 2.469303358520449 and parameters: {'f_n': 6.173084028370487e-07, 'K_d': 121430.57545593163, 'rho_d': 74283073523349.78, 'fission_rate': 4.317693995786587e+19, 'Dg_D1_scale': 0.411955346297613, 'Dg_D3_scale': 2.4346779047687392, 'Dv_D1_scale': 0.4019174940674926, 'Dv_D2_scale': 3.8285263734243564, 'b_bulk_scale': 0.6476480692800926, 'b_dislocation_scale': 0.05875039591850594, 'gb_scale': 3.7994038973728133, 'gd_bubble_scale': 0.32928213953231406, 'gd_line_scale': 0.47168332699382226, 'gd_line_alpha': 0.956698014683443, 'coalescence_d_scale': 0.5588376145059991, 'capture_scale': 0.23743831927253664}. Best is trial 756 with value: 2.012228641160978.
[I 2026-05-02 22:41:38,161] Trial 844 finished with value: 2.2358284989208217 and parameters: {'f_n': 7.435291487667353e-07, 'K_d': 130664.5326111094, 'rho_d': 70518900676047.3, 'fission_rate': 4.537040455346043e+19, 'Dg_D1_scale': 0.39608238765669984, 'Dg_D3_scale': 2.633696281607525, 'Dv_D1_scale': 0.3960851496633153, 'Dv_D2_scale': 3.780366294648524, 'b_bulk_scale': 0.5021980762532549, 'b_dislocation_scale': 0.07907870543021973, 'gb_scale': 3.383905417913368, 'gd_bubble_scale': 3.1374629939722696, 'gd_line_scale': 0.44758815951675995, 'gd_line_alpha': 0.9667061317672114, 'coalescence_d_scale': 0.6382529751563156, 'capture_scale': 0.16141994411985783}. Best is trial 756 with value: 2.012228641160978.
[I 2026-05-02 22:41:44,578] Trial 845 finished with value: 2.101838852952811 and parameters: {'f_n': 8.681991737771463e-07, 'K_d': 111106.38687528993, 'rho_d': 76962399013847.42, 'fission_rate': 4.506641975883248e+19, 'Dg_D1_scale': 0.4378251488108141, 'Dg_D3_scale': 2.800121080356969, 'Dv_D1_scale': 0.4288188652307048, 'Dv_D2_scale': 3.569123602701744, 'b_bulk_scale': 0.8505731690226224, 'b_dislocation_scale': 0.06846960238894048, 'gb_scale': 3.971259751218507, 'gd_bubble_scale': 0.34910904223376754, 'gd_line_scale': 0.345204256816802, 'gd_line_alpha': 0.9384796643482582, 'coalescence_d_scale': 0.6365479370601355, 'capture_scale': 0.1844751095875543}. Best is trial 756 with value: 2.012228641160978.
