[I 2026-05-02 22:53:55,642] Trial 972 finished with value: 2.0790014533658794 and parameters: {'f_n': 4.864895634892008e-07, 'K_d': 119244.98590317035, 'rho_d': 54169433022564.164, 'fission_rate': 4.823546808675219e+19, 'Dg_D1_scale': 0.47751809836130477, 'Dg_D3_scale': 1.6045892538629414, 'Dv_D1_scale': 0.37474206319364634, 'Dv_D2_scale': 3.7813766753507503, 'b_bulk_scale': 0.4688643221480511, 'b_dislocation_scale': 0.0749521496236925, 'gb_scale': 2.3652550728940342, 'gd_bubble_scale': 0.1914861761951992, 'gd_line_scale': 0.4458501085074112, 'gd_line_alpha': 0.9570181774140664, 'coalescence_d_scale': 0.41470325609521114, 'capture_scale': 0.11298560093167796}. Best is trial 756 with value: 2.012228641160978.Best trial: 756. Best value: 2.01223:  65%|██████▍   | 972/1500 [1:16:15<51:34,  5.86s/it]Best trial: 756. Best value: 2.01223:  65%|██████▍   | 972/1500 [1:16:15<51:34,  5.86s/it]Best trial: 756. Best value: 2.01223:  65%|██████▍   | 973/1500 [1:16:15<51:56,  5.91s/it]                                                                                          Best trial: 756. Best value: 2.01223:  65%|██████▍   | 973/1500 [1:16:21<51:56,  5.91s/it]Best trial: 756. Best value: 2.01223:  65%|██████▍   | 973/1500 [1:16:21<51:56,  5.91s/it]Best trial: 756. Best value: 2.01223:  65%|██████▍   | 974/1500 [1:16:21<51:48,  5.91s/it]                                                                                          Best trial: 756. Best value: 2.01223:  65%|██████▍   | 974/1500 [1:16:25<51:48,  5.91s/it]Best trial: 756. Best value: 2.01223:  65%|██████▍   | 974/1500 [1:16:26<51:48,  5.91s/it]Best trial: 756. Best value: 2.01223:  65%|██████▌   | 975/1500 [1:16:26<47:47,  5.46s/it]                                                                                          Best trial: 756. Best value: 2.01223:  65%|██████▌   | 975/1500 [1:16:32<47:47,  5.46s/it]Best trial: 756. Best value: 2.01223:  65%|██████▌   | 975/1500 [1:16:32<47:47,  5.46s/it]Best trial: 756. Best value: 2.01223:  65%|██████▌   | 976/1500 [1:16:32<49:33,  5.67s/it]                                                                                          Best trial: 756. Best value: 2.01223:  65%|██████▌   | 976/1500 [1:16:38<49:33,  5.67s/it]Best trial: 756. Best value: 2.01223:  65%|██████▌   | 976/1500 [1:16:38<49:33,  5.67s/it]Best trial: 756. Best value: 2.01223:  65%|██████▌   | 977/1500 [1:16:38<50:21,  5.78s/it]                                                                                          Best trial: 756. Best value: 2.01223:  65%|██████▌   | 977/1500 [1:16:44<50:21,  5.78s/it]Best trial: 756. Best value: 2.01223:  65%|██████▌   | 977/1500 [1:16:44<50:21,  5.78s/it]Best trial: 756. Best value: 2.01223:  65%|██████▌   | 978/1500 [1:16:44<51:22,  5.91s/it]                                                                                          Best trial: 756. Best value: 2.01223:  65%|██████▌   | 978/1500 [1:16:50<51:22,  5.91s/it]Best trial: 756. Best value: 2.01223:  65%|██████▌   | 978/1500 [1:16:50<51:22,  5.91s/it]Best trial: 756. Best value: 2.01223:  65%|██████▌   | 979/1500 [1:16:50<51:05,  5.88s/it]                                                                                          Best trial: 756. Best value: 2.01223:  65%|██████▌   | 979/1500 [1:16:54<51:05,  5.88s/it]Best trial: 756. Best value: 2.01223:  65%|██████▌   | 979/1500 [1:16:54<51:05,  5.88s/it]Best trial: 756. Best value: 2.01223:  65%|██████▌   | 980/1500 [1:16:54<47:02,  5.43s/it]                                                                                          Best trial: 756. Best value: 2.01223:  65%|██████▌   | 980/1500 [1:17:00<47:02,  5.43s/it]Best trial: 756. Best value: 2.01223:  65%|██████▌   | 980/1500 [1:17:00<47:02,  5.43s/it]Best trial: 756. Best value: 2.01223:  65%|██████▌   | 981/1500 [1:17:00<48:53,  5.65s/it]                                                                                          Best trial: 756. Best value: 2.01223:  65%|██████▌   | 981/1500 [1:17:06<48:53,  5.65s/it]Best trial: 756. Best value: 2.01223:  65%|██████▌   | 981/1500 [1:17:06<48:53,  5.65s/it]Best trial: 756. Best value: 2.01223:  65%|██████▌   | 982/1500 [1:17:06<50:00,  5.79s/it]                                                                                          Best trial: 756. Best value: 2.01223:  65%|██████▌   | 982/1500 [1:17:12<50:00,  5.79s/it]Best trial: 756. Best value: 2.01223:  65%|██████▌   | 982/1500 [1:17:12<50:00,  5.79s/it]Best trial: 756. Best value: 2.01223:  66%|██████▌   | 983/1500 [1:17:12<49:55,  5.79s/it]                                                                                          Best trial: 756. Best value: 2.01223:  66%|██████▌   | 983/1500 [1:17:18<49:55,  5.79s/it]Best trial: 756. Best value: 2.01223:  66%|██████▌   | 983/1500 [1:17:18<49:55,  5.79s/it]Best trial: 756. Best value: 2.01223:  66%|██████▌   | 984/1500 [1:17:18<50:16,  5.85s/it]                                                                                          
[I 2026-05-02 22:54:01,541] Trial 973 finished with value: 2.608315209755728 and parameters: {'f_n': 6.562366345696187e-07, 'K_d': 108652.29275481318, 'rho_d': 49304059637616.375, 'fission_rate': 4.9786304308929266e+19, 'Dg_D1_scale': 0.44133389567932, 'Dg_D3_scale': 1.8625284289905009, 'Dv_D1_scale': 0.40489809484950606, 'Dv_D2_scale': 3.9902098816310616, 'b_bulk_scale': 0.6202057582568821, 'b_dislocation_scale': 0.04754080352109499, 'gb_scale': 1.8240176872012241, 'gd_bubble_scale': 0.22973433149932052, 'gd_line_scale': 0.5644228603916298, 'gd_line_alpha': 0.9144774605305535, 'coalescence_d_scale': 0.4742833973813548, 'capture_scale': 0.13586515811407046}. Best is trial 756 with value: 2.012228641160978.
[I 2026-05-02 22:54:05,956] Trial 974 finished with value: 2.103599797586322 and parameters: {'f_n': 6.471869809603111e-07, 'K_d': 125636.31242543964, 'rho_d': 53084631973481.64, 'fission_rate': 4.8975409909579825e+19, 'Dg_D1_scale': 0.40501355071923534, 'Dg_D3_scale': 1.7731232032293642, 'Dv_D1_scale': 0.34437378152082, 'Dv_D2_scale': 3.7953479909932817, 'b_bulk_scale': 0.5413334050412855, 'b_dislocation_scale': 0.0668778131292952, 'gb_scale': 2.0485405760334396, 'gd_bubble_scale': 0.24176431347774618, 'gd_line_scale': 0.38465125921892984, 'gd_line_alpha': 0.9509450593506811, 'coalescence_d_scale': 0.4130428219938375, 'capture_scale': 0.20191872934253893}. Best is trial 756 with value: 2.012228641160978.
[I 2026-05-02 22:54:12,127] Trial 975 finished with value: 2.1417619920030475 and parameters: {'f_n': 3.4092929660056845e-07, 'K_d': 113863.53231399959, 'rho_d': 47789362227478.89, 'fission_rate': 4.757970202687077e+19, 'Dg_D1_scale': 0.45486898394944164, 'Dg_D3_scale': 2.056675862987696, 'Dv_D1_scale': 0.3753923492895337, 'Dv_D2_scale': 3.735918986773672, 'b_bulk_scale': 0.5015201166187095, 'b_dislocation_scale': 0.061457449446798415, 'gb_scale': 2.239440263651331, 'gd_bubble_scale': 0.20163942993009665, 'gd_line_scale': 0.4928684476287672, 'gd_line_alpha': 0.9305038557677062, 'coalescence_d_scale': 0.48471233286032667, 'capture_scale': 0.15438373910265335}. Best is trial 756 with value: 2.012228641160978.
[I 2026-05-02 22:54:18,147] Trial 976 finished with value: 2.1165518445261498 and parameters: {'f_n': 4.362230704731276e-07, 'K_d': 106391.01650957334, 'rho_d': 54883686071457.516, 'fission_rate': 4.831244275631266e+19, 'Dg_D1_scale': 0.4239308479164248, 'Dg_D3_scale': 1.6610406894230845, 'Dv_D1_scale': 0.34578073243092217, 'Dv_D2_scale': 3.9911865371029247, 'b_bulk_scale': 0.5832721168155274, 'b_dislocation_scale': 0.07953387353313744, 'gb_scale': 2.3881425102715195, 'gd_bubble_scale': 0.21276888642559097, 'gd_line_scale': 0.5643152354186977, 'gd_line_alpha': 0.9566550310903574, 'coalescence_d_scale': 0.4102406996639796, 'capture_scale': 0.12284982000461583}. Best is trial 756 with value: 2.012228641160978.
[I 2026-05-02 22:54:24,350] Trial 977 finished with value: 2.632438667543751 and parameters: {'f_n': 5.409434630019158e-07, 'K_d': 120554.63370404311, 'rho_d': 50565887639436.54, 'fission_rate': 4.7359954976113656e+19, 'Dg_D1_scale': 0.4779232962885424, 'Dg_D3_scale': 1.973569005813968, 'Dv_D1_scale': 0.40219191869033116, 'Dv_D2_scale': 3.996007094558915, 'b_bulk_scale': 0.4679158404450723, 'b_dislocation_scale': 0.07104519497753312, 'gb_scale': 1.876544483982554, 'gd_bubble_scale': 0.17089068672124136, 'gd_line_scale': 0.4344501352148332, 'gd_line_alpha': 0.9121275118625553, 'coalescence_d_scale': 1.6561699457203252, 'capture_scale': 0.13790866287377407}. Best is trial 756 with value: 2.012228641160978.
[I 2026-05-02 22:54:30,183] Trial 978 finished with value: 4.301944190736867 and parameters: {'f_n': 6.392520001056221e-07, 'K_d': 112836.93926510285, 'rho_d': 6095514491152.573, 'fission_rate': 4.993749232640029e+19, 'Dg_D1_scale': 0.4407356665378531, 'Dg_D3_scale': 1.8396472219186266, 'Dv_D1_scale': 0.3649439911984678, 'Dv_D2_scale': 3.7570782533235745, 'b_bulk_scale': 0.5440671083535741, 'b_dislocation_scale': 0.07859821868539499, 'gb_scale': 2.135881668849799, 'gd_bubble_scale': 0.25100925539388547, 'gd_line_scale': 0.5145843540560116, 'gd_line_alpha': 0.9380090509459234, 'coalescence_d_scale': 0.4689487088647277, 'capture_scale': 0.1613818463571822}. Best is trial 756 with value: 2.012228641160978.
[I 2026-05-02 22:54:34,549] Trial 979 finished with value: 2.363142004179336 and parameters: {'f_n': 4.4448958802848997e-07, 'K_d': 128588.78270022565, 'rho_d': 52719802727695.71, 'fission_rate': 4.902800108821517e+19, 'Dg_D1_scale': 0.4002164330018926, 'Dg_D3_scale': 1.7086649584194835, 'Dv_D1_scale': 0.3400283872623886, 'Dv_D2_scale': 0.5619988429507622, 'b_bulk_scale': 0.6408342024207371, 'b_dislocation_scale': 0.06913455200307188, 'gb_scale': 2.3718019687150576, 'gd_bubble_scale': 0.18090305068062393, 'gd_line_scale': 0.5769483052638084, 'gd_line_alpha': 0.9590257107865805, 'coalescence_d_scale': 0.4075267649853032, 'capture_scale': 0.1136371170435963}. Best is trial 756 with value: 2.012228641160978.
[I 2026-05-02 22:54:40,723] Trial 980 finished with value: 2.2678363892200517 and parameters: {'f_n': 6.463647087942807e-07, 'K_d': 118871.38776387404, 'rho_d': 48131180041299.54, 'fission_rate': 4.714442670658936e+19, 'Dg_D1_scale': 0.4766964333576929, 'Dg_D3_scale': 1.8951980252291574, 'Dv_D1_scale': 0.38761901947371225, 'Dv_D2_scale': 3.7511113893255086, 'b_bulk_scale': 0.510347148472849, 'b_dislocation_scale': 0.05331122992493706, 'gb_scale': 1.6132199047935238, 'gd_bubble_scale': 0.22690770333903498, 'gd_line_scale': 0.4997911780619488, 'gd_line_alpha': 0.9305918149428987, 'coalescence_d_scale': 0.44742164927866696, 'capture_scale': 0.18241490090062992}. Best is trial 756 with value: 2.012228641160978.
[I 2026-05-02 22:54:46,844] Trial 981 finished with value: 2.115542426894173 and parameters: {'f_n': 2.720231248416722e-07, 'K_d': 105672.04552667095, 'rho_d': 55232217841283.336, 'fission_rate': 4.791270499940326e+19, 'Dg_D1_scale': 0.42520971602040175, 'Dg_D3_scale': 2.0015687054985025, 'Dv_D1_scale': 0.35954718164205707, 'Dv_D2_scale': 3.7727261580175093, 'b_bulk_scale': 0.45022283976894745, 'b_dislocation_scale': 0.05985840992722142, 'gb_scale': 2.403880184920467, 'gd_bubble_scale': 0.24422195472554387, 'gd_line_scale': 0.4445752685764583, 'gd_line_alpha': 0.911509125384947, 'coalescence_d_scale': 0.40369400934251465, 'capture_scale': 0.13484708019859568}. Best is trial 756 with value: 2.012228641160978.
[I 2026-05-02 22:54:52,642] Trial 982 finished with value: 2.225845254770451 and parameters: {'f_n': 3.620137688088625e-07, 'K_d': 112000.62850381534, 'rho_d': 51779374747442.44, 'fission_rate': 5.063034756243454e+19, 'Dg_D1_scale': 0.40054004958296807, 'Dg_D3_scale': 1.5316447774546524, 'Dv_D1_scale': 0.33570889003907856, 'Dv_D2_scale': 3.99417072360928, 'b_bulk_scale': 0.6037610540404642, 'b_dislocation_scale': 0.07997459766085288, 'gb_scale': 1.9659881643277606, 'gd_bubble_scale': 0.21980639559538487, 'gd_line_scale': 0.5882347977341379, 'gd_line_alpha': 0.9635401132705315, 'coalescence_d_scale': 0.4759622923310073, 'capture_scale': 0.10075634326900292}. Best is trial 756 with value: 2.012228641160978.
[I 2026-05-02 22:54:58,605] Trial 983 finished with value: 2.042766452490943 and parameters: {'f_n': 5.437678489411081e-07, 'K_d': 123236.87964393382, 'rho_d': 55425685456264.94, 'fission_rate': 4.853714545112281e+19, 'Dg_D1_scale': 0.4472589942362338, 'Dg_D3_scale': 2.018386006848209, 'Dv_D1_scale': 0.4110741261265118, 'Dv_D2_scale': 3.9942530147216084, 'b_bulk_scale': 0.5501973674058385, 'b_dislocation_scale': 0.07409059050265082, 'gb_scale': 2.1657932534176654, 'gd_bubble_scale': 0.16047913297910496, 'gd_line_scale': 0.40998434980769344, 'gd_line_alpha': 0.9427788630640059, 'coalescence_d_scale': 0.4956275172282002, 'capture_scale': 0.15203903992906395}. Best is trial 756 with value: 2.012228641160978.
[I 2026-05-02 22:55:04,511] Trial 984 finished with value: 6.0441790499972 and parameters: {'f_n': 4.815650828306032e-07, 'K_d': 127509.45886729237, 'rho_d': 55168839679558.87, 'fission_rate': 4.908413833217182e+19, 'Dg_D1_scale': 0.4792282519077152, 'Dg_D3_scale': 1.7380499593739434, 'Dv_D1_scale': 0.41251014502768585, 'Dv_D2_scale': 3.986737197747243, 'b_bulk_scale': 0.47113568615385437, 'b_dislocation_scale': 0.06598273973834368, 'gb_scale': 2.0730978699876035, 'gd_bubble_scale': 0.1707349054111102, 'gd_line_scale': 0.3926896792603083, 'gd_line_alpha': 0.9633939136884079, 'coalescence_d_scale': 6.042088729218793, 'capture_scale': 0.19596454141985253}. Best is trial 756 with value: 2.012228641160978.Best trial: 756. Best value: 2.01223:  66%|██████▌   | 984/1500 [1:17:24<50:16,  5.85s/it]Best trial: 756. Best value: 2.01223:  66%|██████▌   | 984/1500 [1:17:24<50:16,  5.85s/it]Best trial: 756. Best value: 2.01223:  66%|██████▌   | 985/1500 [1:17:24<50:19,  5.86s/it]                                                                                          Best trial: 756. Best value: 2.01223:  66%|██████▌   | 985/1500 [1:17:29<50:19,  5.86s/it]Best trial: 756. Best value: 2.01223:  66%|██████▌   | 985/1500 [1:17:29<50:19,  5.86s/it]Best trial: 756. Best value: 2.01223:  66%|██████▌   | 986/1500 [1:17:29<46:53,  5.47s/it]                                                                                          Best trial: 756. Best value: 2.01223:  66%|██████▌   | 986/1500 [1:17:35<46:53,  5.47s/it]Best trial: 756. Best value: 2.01223:  66%|██████▌   | 986/1500 [1:17:35<46:53,  5.47s/it]Best trial: 756. Best value: 2.01223:  66%|██████▌   | 987/1500 [1:17:35<48:09,  5.63s/it]                                                                                          Best trial: 756. Best value: 2.01223:  66%|██████▌   | 987/1500 [1:17:41<48:09,  5.63s/it]Best trial: 756. Best value: 2.01223:  66%|██████▌   | 987/1500 [1:17:41<48:09,  5.63s/it]Best trial: 756. Best value: 2.01223:  66%|██████▌   | 988/1500 [1:17:41<49:07,  5.76s/it]                                                                                          Best trial: 756. Best value: 2.01223:  66%|██████▌   | 988/1500 [1:17:47<49:07,  5.76s/it]Best trial: 756. Best value: 2.01223:  66%|██████▌   | 988/1500 [1:17:47<49:07,  5.76s/it]Best trial: 756. Best value: 2.01223:  66%|██████▌   | 989/1500 [1:17:47<49:39,  5.83s/it]                                                                                          Best trial: 756. Best value: 2.01223:  66%|██████▌   | 989/1500 [1:17:53<49:39,  5.83s/it]Best trial: 756. Best value: 2.01223:  66%|██████▌   | 989/1500 [1:17:53<49:39,  5.83s/it]Best trial: 756. Best value: 2.01223:  66%|██████▌   | 990/1500 [1:17:53<50:09,  5.90s/it]                                                                                          Best trial: 756. Best value: 2.01223:  66%|██████▌   | 990/1500 [1:17:57<50:09,  5.90s/it]Best trial: 756. Best value: 2.01223:  66%|██████▌   | 990/1500 [1:17:57<50:09,  5.90s/it]Best trial: 756. Best value: 2.01223:  66%|██████▌   | 991/1500 [1:17:57<46:35,  5.49s/it]                                                                                          Best trial: 756. Best value: 2.01223:  66%|██████▌   | 991/1500 [1:18:03<46:35,  5.49s/it]Best trial: 756. Best value: 2.01223:  66%|██████▌   | 991/1500 [1:18:03<46:35,  5.49s/it]Best trial: 756. Best value: 2.01223:  66%|██████▌   | 992/1500 [1:18:03<47:14,  5.58s/it]                                                                                          Best trial: 756. Best value: 2.01223:  66%|██████▌   | 992/1500 [1:18:09<47:14,  5.58s/it]Best trial: 756. Best value: 2.01223:  66%|██████▌   | 992/1500 [1:18:09<47:14,  5.58s/it]Best trial: 756. Best value: 2.01223:  66%|██████▌   | 993/1500 [1:18:09<47:21,  5.60s/it]                                                                                          Best trial: 756. Best value: 2.01223:  66%|██████▌   | 993/1500 [1:18:14<47:21,  5.60s/it]Best trial: 756. Best value: 2.01223:  66%|██████▌   | 993/1500 [1:18:15<47:21,  5.60s/it]Best trial: 756. Best value: 2.01223:  66%|██████▋   | 994/1500 [1:18:15<47:45,  5.66s/it]                                                                                          Best trial: 756. Best value: 2.01223:  66%|██████▋   | 994/1500 [1:18:20<47:45,  5.66s/it]Best trial: 756. Best value: 2.01223:  66%|██████▋   | 994/1500 [1:18:20<47:45,  5.66s/it]Best trial: 756. Best value: 2.01223:  66%|██████▋   | 995/1500 [1:18:20<48:11,  5.72s/it]                                                                                          Best trial: 756. Best value: 2.01223:  66%|██████▋   | 995/1500 [1:18:24<48:11,  5.72s/it]Best trial: 756. Best value: 2.01223:  66%|██████▋   | 995/1500 [1:18:25<48:11,  5.72s/it]Best trial: 756. Best value: 2.01223:  66%|██████▋   | 996/1500 [1:18:25<44:10,  5.26s/it]                                                                                          
[I 2026-05-02 22:55:09,073] Trial 985 finished with value: 2.228500232098566 and parameters: {'f_n': 3.8296916134319877e-07, 'K_d': 123662.16260006759, 'rho_d': 54317184510923.6, 'fission_rate': 4.728604521115317e+19, 'Dg_D1_scale': 0.4548113163812618, 'Dg_D3_scale': 1.8245915077386248, 'Dv_D1_scale': 0.3894235781922444, 'Dv_D2_scale': 3.9990700477662444, 'b_bulk_scale': 0.5398327678664202, 'b_dislocation_scale': 0.05777606129013657, 'gb_scale': 1.6846639663848766, 'gd_bubble_scale': 0.14325085742337645, 'gd_line_scale': 0.3973101819395509, 'gd_line_alpha': 0.9248703540151422, 'coalescence_d_scale': 0.4969087891611835, 'capture_scale': 0.16248466715098156}. Best is trial 756 with value: 2.012228641160978.
[I 2026-05-02 22:55:15,079] Trial 986 finished with value: 2.0803769075012393 and parameters: {'f_n': 5.32686100791109e-07, 'K_d': 120728.87433492111, 'rho_d': 54824083208234.36, 'fission_rate': 4.965395901494401e+19, 'Dg_D1_scale': 0.47361613823372334, 'Dg_D3_scale': 1.9605104492641927, 'Dv_D1_scale': 0.42040535453171674, 'Dv_D2_scale': 3.7057881101451327, 'b_bulk_scale': 0.4300822386068469, 'b_dislocation_scale': 0.08039574087320145, 'gb_scale': 2.0770907627362623, 'gd_bubble_scale': 0.1649470983364964, 'gd_line_scale': 0.44634700997170135, 'gd_line_alpha': 0.938493275731869, 'coalescence_d_scale': 0.5118893300515345, 'capture_scale': 0.11829942194726499}. Best is trial 756 with value: 2.012228641160978.
[I 2026-05-02 22:55:21,127] Trial 987 finished with value: 2.1320048276683394 and parameters: {'f_n': 6.73589323328872e-07, 'K_d': 105811.99373763801, 'rho_d': 56111905729737.9, 'fission_rate': 4.8177418830166065e+19, 'Dg_D1_scale': 0.4170537954678407, 'Dg_D3_scale': 1.6610677363061104, 'Dv_D1_scale': 0.3812907356556172, 'Dv_D2_scale': 3.9994348727290037, 'b_bulk_scale': 0.5214491138746222, 'b_dislocation_scale': 0.0707298289971811, 'gb_scale': 2.521820317296147, 'gd_bubble_scale': 0.20942623733523014, 'gd_line_scale': 0.5905457828861292, 'gd_line_alpha': 0.9094588653534874, 'coalescence_d_scale': 0.4858188371207657, 'capture_scale': 0.12725218538215943}. Best is trial 756 with value: 2.012228641160978.
[I 2026-05-02 22:55:27,127] Trial 988 finished with value: 2.0545101786461006 and parameters: {'f_n': 5.200059493592945e-07, 'K_d': 129497.75319486155, 'rho_d': 50727864159829.51, 'fission_rate': 4.88974978772832e+19, 'Dg_D1_scale': 0.39682039468199176, 'Dg_D3_scale': 1.9431519575968377, 'Dv_D1_scale': 0.4049026793889124, 'Dv_D2_scale': 3.7722692362657746, 'b_bulk_scale': 0.6306093554959123, 'b_dislocation_scale': 0.06196286640294373, 'gb_scale': 1.81653125073002, 'gd_bubble_scale': 0.15643862592957905, 'gd_line_scale': 0.38065192937675324, 'gd_line_alpha': 0.9587255242383615, 'coalescence_d_scale': 0.4438586412408264, 'capture_scale': 0.152940075239652}. Best is trial 756 with value: 2.012228641160978.
[I 2026-05-02 22:55:33,197] Trial 989 finished with value: 2.1939782268827477 and parameters: {'f_n': 3.164656070910583e-07, 'K_d': 116629.63639189536, 'rho_d': 56395306032951.37, 'fission_rate': 4.8005696310080635e+19, 'Dg_D1_scale': 0.4442108047090873, 'Dg_D3_scale': 2.0540934311229617, 'Dv_D1_scale': 0.41178681247185833, 'Dv_D2_scale': 3.993388123370424, 'b_bulk_scale': 0.49986856973524213, 'b_dislocation_scale': 0.07293142132820792, 'gb_scale': 2.554670899040055, 'gd_bubble_scale': 0.18867582592338722, 'gd_line_scale': 0.5263176749914765, 'gd_line_alpha': 0.9435936493615074, 'coalescence_d_scale': 0.4923474344888964, 'capture_scale': 0.1070375598308137}. Best is trial 756 with value: 2.012228641160978.
