[I 2026-05-02 22:47:04,470] Trial 900 finished with value: 2.0840321757274114 and parameters: {'f_n': 4.449226669641351e-07, 'K_d': 103441.21411499601, 'rho_d': 57240602663806.56, 'fission_rate': 4.994569216087355e+19, 'Dg_D1_scale': 0.380273496795407, 'Dg_D3_scale': 2.119260529991665, 'Dv_D1_scale': 0.3348571428563713, 'Dv_D2_scale': 3.3561348402654523, 'b_bulk_scale': 0.4168440417951681, 'b_dislocation_scale': 0.0975083381216376, 'gb_scale': 3.049533882975994, 'gd_bubble_scale': 0.3199439857474554, 'gd_line_scale': 0.7314185014162422, 'gd_line_alpha': 0.9995424622475688, 'coalescence_d_scale': 0.5841125508442139, 'capture_scale': 0.09226022217508305}. Best is trial 756 with value: 2.012228641160978.Best trial: 756. Best value: 2.01223:  60%|██████    | 900/1500 [1:09:24<53:36,  5.36s/it]Best trial: 756. Best value: 2.01223:  60%|██████    | 900/1500 [1:09:24<53:36,  5.36s/it]Best trial: 756. Best value: 2.01223:  60%|██████    | 901/1500 [1:09:24<55:13,  5.53s/it]                                                                                          Best trial: 756. Best value: 2.01223:  60%|██████    | 901/1500 [1:09:30<55:13,  5.53s/it]Best trial: 756. Best value: 2.01223:  60%|██████    | 901/1500 [1:09:30<55:13,  5.53s/it]Best trial: 756. Best value: 2.01223:  60%|██████    | 902/1500 [1:09:30<55:59,  5.62s/it]                                                                                          Best trial: 756. Best value: 2.01223:  60%|██████    | 902/1500 [1:09:36<55:59,  5.62s/it]Best trial: 756. Best value: 2.01223:  60%|██████    | 902/1500 [1:09:36<55:59,  5.62s/it]Best trial: 756. Best value: 2.01223:  60%|██████    | 903/1500 [1:09:36<56:53,  5.72s/it]                                                                                          Best trial: 756. Best value: 2.01223:  60%|██████    | 903/1500 [1:09:41<56:53,  5.72s/it]Best trial: 756. Best value: 2.01223:  60%|██████    | 903/1500 [1:09:42<56:53,  5.72s/it]Best trial: 756. Best value: 2.01223:  60%|██████    | 904/1500 [1:09:42<57:11,  5.76s/it]                                                                                          Best trial: 756. Best value: 2.01223:  60%|██████    | 904/1500 [1:09:46<57:11,  5.76s/it]Best trial: 756. Best value: 2.01223:  60%|██████    | 904/1500 [1:09:46<57:11,  5.76s/it]Best trial: 756. Best value: 2.01223:  60%|██████    | 905/1500 [1:09:46<52:29,  5.29s/it]                                                                                          Best trial: 756. Best value: 2.01223:  60%|██████    | 905/1500 [1:09:52<52:29,  5.29s/it]Best trial: 756. Best value: 2.01223:  60%|██████    | 905/1500 [1:09:52<52:29,  5.29s/it]Best trial: 756. Best value: 2.01223:  60%|██████    | 906/1500 [1:09:52<54:37,  5.52s/it]                                                                                          Best trial: 756. Best value: 2.01223:  60%|██████    | 906/1500 [1:09:58<54:37,  5.52s/it]Best trial: 756. Best value: 2.01223:  60%|██████    | 906/1500 [1:09:58<54:37,  5.52s/it]Best trial: 756. Best value: 2.01223:  60%|██████    | 907/1500 [1:09:58<55:27,  5.61s/it]                                                                                          Best trial: 756. Best value: 2.01223:  60%|██████    | 907/1500 [1:10:04<55:27,  5.61s/it]Best trial: 756. Best value: 2.01223:  60%|██████    | 907/1500 [1:10:04<55:27,  5.61s/it]Best trial: 756. Best value: 2.01223:  61%|██████    | 908/1500 [1:10:04<56:17,  5.71s/it]                                                                                          Best trial: 756. Best value: 2.01223:  61%|██████    | 908/1500 [1:10:10<56:17,  5.71s/it]Best trial: 756. Best value: 2.01223:  61%|██████    | 908/1500 [1:10:10<56:17,  5.71s/it]Best trial: 756. Best value: 2.01223:  61%|██████    | 909/1500 [1:10:10<56:59,  5.79s/it]                                                                                          Best trial: 756. Best value: 2.01223:  61%|██████    | 909/1500 [1:10:14<56:59,  5.79s/it]Best trial: 756. Best value: 2.01223:  61%|██████    | 909/1500 [1:10:14<56:59,  5.79s/it]Best trial: 756. Best value: 2.01223:  61%|██████    | 910/1500 [1:10:14<52:40,  5.36s/it]                                                                                          Best trial: 756. Best value: 2.01223:  61%|██████    | 910/1500 [1:10:20<52:40,  5.36s/it]Best trial: 756. Best value: 2.01223:  61%|██████    | 910/1500 [1:10:20<52:40,  5.36s/it]Best trial: 756. Best value: 2.01223:  61%|██████    | 911/1500 [1:10:20<53:28,  5.45s/it]                                                                                          Best trial: 756. Best value: 2.01223:  61%|██████    | 911/1500 [1:10:25<53:28,  5.45s/it]Best trial: 756. Best value: 2.01223:  61%|██████    | 911/1500 [1:10:26<53:28,  5.45s/it]Best trial: 756. Best value: 2.01223:  61%|██████    | 912/1500 [1:10:26<54:48,  5.59s/it]                                                                                          
[I 2026-05-02 22:47:10,288] Trial 901 finished with value: 2.0229656336909354 and parameters: {'f_n': 4.7706441024751e-07, 'K_d': 106477.36470821517, 'rho_d': 64410679334608.9, 'fission_rate': 5.025196177002277e+19, 'Dg_D1_scale': 0.3990503194595338, 'Dg_D3_scale': 2.26574993948114, 'Dv_D1_scale': 0.32463213998375856, 'Dv_D2_scale': 3.5487152583606676, 'b_bulk_scale': 0.48941683424467713, 'b_dislocation_scale': 0.09071269382851779, 'gb_scale': 3.578633085714053, 'gd_bubble_scale': 0.36141825882138745, 'gd_line_scale': 0.5760567056447938, 'gd_line_alpha': 0.9756384176692627, 'coalescence_d_scale': 0.507991069668854, 'capture_scale': 0.1111103847745855}. Best is trial 756 with value: 2.012228641160978.
[I 2026-05-02 22:47:16,243] Trial 902 finished with value: 2.096695303819458 and parameters: {'f_n': 4.402284084660741e-07, 'K_d': 100527.84472799273, 'rho_d': 67735951858114.31, 'fission_rate': 4.948547234659872e+19, 'Dg_D1_scale': 0.38382161363278167, 'Dg_D3_scale': 2.2273746448544522, 'Dv_D1_scale': 0.32450773397624855, 'Dv_D2_scale': 3.3595281796411873, 'b_bulk_scale': 0.4907372591127188, 'b_dislocation_scale': 0.09071380947847103, 'gb_scale': 3.5195397846302696, 'gd_bubble_scale': 0.35920122428095197, 'gd_line_scale': 0.6312786246845719, 'gd_line_alpha': 0.9789911384258794, 'coalescence_d_scale': 0.4894123096782982, 'capture_scale': 0.11516812704808586}. Best is trial 756 with value: 2.012228641160978.
[I 2026-05-02 22:47:22,023] Trial 903 finished with value: 2.093399936865999 and parameters: {'f_n': 5.048699246701949e-07, 'K_d': 108036.56410001144, 'rho_d': 64995258405371.39, 'fission_rate': 5.129229328990553e+19, 'Dg_D1_scale': 0.3559160079167815, 'Dg_D3_scale': 2.2789707531975187, 'Dv_D1_scale': 0.31369569116757007, 'Dv_D2_scale': 3.515654529061782, 'b_bulk_scale': 0.4086325031027609, 'b_dislocation_scale': 0.08810837289853873, 'gb_scale': 3.7300938265173746, 'gd_bubble_scale': 0.32036188452997766, 'gd_line_scale': 0.5639194343952735, 'gd_line_alpha': 0.9809510347383626, 'coalescence_d_scale': 0.6612001249928939, 'capture_scale': 0.083272944200812}. Best is trial 756 with value: 2.012228641160978.
[I 2026-05-02 22:47:26,301] Trial 904 finished with value: 2.1304569450511286 and parameters: {'f_n': 3.855044444478021e-07, 'K_d': 106764.96442507295, 'rho_d': 64344611218416.79, 'fission_rate': 5.009739006338024e+19, 'Dg_D1_scale': 0.35334678364158884, 'Dg_D3_scale': 2.2854826822741634, 'Dv_D1_scale': 0.3419352881481095, 'Dv_D2_scale': 3.340922475552085, 'b_bulk_scale': 0.4931224301715233, 'b_dislocation_scale': 0.09767752406081093, 'gb_scale': 3.3296586994164445, 'gd_bubble_scale': 0.35864935162772865, 'gd_line_scale': 0.6925457071367364, 'gd_line_alpha': 0.9791212282723851, 'coalescence_d_scale': 0.4973971504762015, 'capture_scale': 0.0966837971072042}. Best is trial 756 with value: 2.012228641160978.
[I 2026-05-02 22:47:32,342] Trial 905 finished with value: 2.051399048180702 and parameters: {'f_n': 3.463696659817141e-07, 'K_d': 108920.61956502912, 'rho_d': 58551737963437.12, 'fission_rate': 4.8755616125470245e+19, 'Dg_D1_scale': 0.40742318319603815, 'Dg_D3_scale': 2.134099277139634, 'Dv_D1_scale': 0.30871179091914785, 'Dv_D2_scale': 3.555023239434905, 'b_bulk_scale': 0.4566036395108086, 'b_dislocation_scale': 0.08977391018224, 'gb_scale': 3.8063219961880934, 'gd_bubble_scale': 0.3585052524031187, 'gd_line_scale': 0.6339696446672337, 'gd_line_alpha': 0.9989959303544604, 'coalescence_d_scale': 0.5742998314402531, 'capture_scale': 0.06744321793376122}. Best is trial 756 with value: 2.012228641160978.
[I 2026-05-02 22:47:38,167] Trial 906 finished with value: 2.0716080302696596 and parameters: {'f_n': 2.2724097961468333e-07, 'K_d': 108904.37614804854, 'rho_d': 55545279705686.75, 'fission_rate': 5.05417388147835e+19, 'Dg_D1_scale': 0.39582291563233574, 'Dg_D3_scale': 1.9181055513092513, 'Dv_D1_scale': 0.3155121175215651, 'Dv_D2_scale': 3.5479763562329416, 'b_bulk_scale': 0.48260842749803384, 'b_dislocation_scale': 0.08576121768746162, 'gb_scale': 3.961207538087325, 'gd_bubble_scale': 0.3103811733410424, 'gd_line_scale': 0.6223629645960148, 'gd_line_alpha': 0.9927591650796918, 'coalescence_d_scale': 0.5892829605245137, 'capture_scale': 0.06117405407508152}. Best is trial 756 with value: 2.012228641160978.
[I 2026-05-02 22:47:44,098] Trial 907 finished with value: 2.160270455380127 and parameters: {'f_n': 3.0805307075600436e-07, 'K_d': 108001.49385528378, 'rho_d': 57808265294759.57, 'fission_rate': 4.936874119262714e+19, 'Dg_D1_scale': 0.3923047225994495, 'Dg_D3_scale': 2.098657113268581, 'Dv_D1_scale': 0.3123753122660467, 'Dv_D2_scale': 3.561498267232474, 'b_bulk_scale': 0.44238300595356284, 'b_dislocation_scale': 0.0938782870108889, 'gb_scale': 3.1533685590123457, 'gd_bubble_scale': 0.3613813934291642, 'gd_line_scale': 0.7204829165254515, 'gd_line_alpha': 0.9993577362616108, 'coalescence_d_scale': 0.6687058785133391, 'capture_scale': 0.06422192097393106}. Best is trial 756 with value: 2.012228641160978.
[I 2026-05-02 22:47:50,070] Trial 908 finished with value: 2.0996699477598617 and parameters: {'f_n': 4.376256641373724e-07, 'K_d': 100776.81859350688, 'rho_d': 54964680202804.586, 'fission_rate': 4.871235887195465e+19, 'Dg_D1_scale': 0.4082798232056571, 'Dg_D3_scale': 1.9917126446501896, 'Dv_D1_scale': 0.3392828244711112, 'Dv_D2_scale': 3.3617799093724776, 'b_bulk_scale': 0.5125540059596259, 'b_dislocation_scale': 0.08767211131349657, 'gb_scale': 3.5637841120957567, 'gd_bubble_scale': 0.3250656435964222, 'gd_line_scale': 0.5660769980056062, 'gd_line_alpha': 0.9609169993099343, 'coalescence_d_scale': 0.5422232443861708, 'capture_scale': 0.07309662866769906}. Best is trial 756 with value: 2.012228641160978.
[I 2026-05-02 22:47:54,427] Trial 909 finished with value: 2.066228766077855 and parameters: {'f_n': 4.95018053837543e-07, 'K_d': 108625.4175736245, 'rho_d': 59929302608160.99, 'fission_rate': 4.859998772423795e+19, 'Dg_D1_scale': 0.37319185132378246, 'Dg_D3_scale': 2.1130276707670816, 'Dv_D1_scale': 0.3416005762544351, 'Dv_D2_scale': 3.3038159868619177, 'b_bulk_scale': 0.4566394364109324, 'b_dislocation_scale': 0.09644411618725311, 'gb_scale': 3.0350868219492613, 'gd_bubble_scale': 0.38530865523110636, 'gd_line_scale': 0.6653294976616779, 'gd_line_alpha': 0.971562898715861, 'coalescence_d_scale': 0.5547273509688443, 'capture_scale': 0.10063019323988802}. Best is trial 756 with value: 2.012228641160978.
[I 2026-05-02 22:48:00,085] Trial 910 finished with value: 2.200335214506657 and parameters: {'f_n': 4.296532572741423e-07, 'K_d': 104689.30283306834, 'rho_d': 56074941044613.05, 'fission_rate': 5.2109063580241445e+19, 'Dg_D1_scale': 0.3481169941903931, 'Dg_D3_scale': 1.9951726417907998, 'Dv_D1_scale': 0.3087611866976927, 'Dv_D2_scale': 3.638820520061182, 'b_bulk_scale': 0.4016892435900773, 'b_dislocation_scale': 0.08952347976596718, 'gb_scale': 4.032125628247619, 'gd_bubble_scale': 0.35538709885511477, 'gd_line_scale': 0.6106343241500085, 'gd_line_alpha': 0.995969134467499, 'coalescence_d_scale': 0.6224724910444361, 'capture_scale': 0.11988550979687466}. Best is trial 756 with value: 2.012228641160978.
[I 2026-05-02 22:48:05,933] Trial 911 finished with value: 2.1858408933751523 and parameters: {'f_n': 5.162093776674618e-07, 'K_d': 100029.80566336676, 'rho_d': 62092452886604.37, 'fission_rate': 5.0664243998961525e+19, 'Dg_D1_scale': 0.3772328332592815, 'Dg_D3_scale': 1.8132868832190858, 'Dv_D1_scale': 0.3344152389920432, 'Dv_D2_scale': 3.3496855408950936, 'b_bulk_scale': 0.5163892136641466, 'b_dislocation_scale': 0.09866237811805352, 'gb_scale': 3.3758312554489014, 'gd_bubble_scale': 0.31147911610364803, 'gd_line_scale': 0.8254405745625238, 'gd_line_alpha': 0.9636358240980869, 'coalescence_d_scale': 0.5006627005312858, 'capture_scale': 0.08358102983485048}. Best is trial 756 with value: 2.012228641160978.
[I 2026-05-02 22:48:11,975] Trial 912 finished with value: 2.052564379429685 and parameters: {'f_n': 3.1670514355886884e-07, 'K_d': 111285.21044129749, 'rho_d': 57981099645302.93, 'fission_rate': 4.941188827586092e+19, 'Dg_D1_scale': 0.4075067153317882, 'Dg_D3_scale': 2.3157274595113155, 'Dv_D1_scale': 0.3517487883091787, 'Dv_D2_scale': 3.655606657982787, 'b_bulk_scale': 0.40105448870681293, 'b_dislocation_scale': 0.08357151623193637, 'gb_scale': 3.6659391623841335, 'gd_bubble_scale': 0.38045075660933914, 'gd_line_scale': 0.5490067734321222, 'gd_line_alpha': 0.9993581813331914, 'coalescence_d_scale': 0.49363461962889477, 'capture_scale': 0.11481472782681229}. Best is trial 756 with value: 2.012228641160978.Best trial: 756. Best value: 2.01223:  61%|██████    | 912/1500 [1:10:31<54:48,  5.59s/it]Best trial: 756. Best value: 2.01223:  61%|██████    | 912/1500 [1:10:32<54:48,  5.59s/it]Best trial: 756. Best value: 2.01223:  61%|██████    | 913/1500 [1:10:32<55:48,  5.70s/it]                                                                                          Best trial: 756. Best value: 2.01223:  61%|██████    | 913/1500 [1:10:37<55:48,  5.70s/it]Best trial: 756. Best value: 2.01223:  61%|██████    | 913/1500 [1:10:37<55:48,  5.70s/it]Best trial: 756. Best value: 2.01223:  61%|██████    | 914/1500 [1:10:37<56:17,  5.76s/it]                                                                                          Best trial: 756. Best value: 2.01223:  61%|██████    | 914/1500 [1:10:43<56:17,  5.76s/it]Best trial: 756. Best value: 2.01223:  61%|██████    | 914/1500 [1:10:43<56:17,  5.76s/it]Best trial: 756. Best value: 2.01223:  61%|██████    | 915/1500 [1:10:43<56:27,  5.79s/it]                                                                                          Best trial: 756. Best value: 2.01223:  61%|██████    | 915/1500 [1:10:47<56:27,  5.79s/it]Best trial: 756. Best value: 2.01223:  61%|██████    | 915/1500 [1:10:47<56:27,  5.79s/it]Best trial: 756. Best value: 2.01223:  61%|██████    | 916/1500 [1:10:47<51:41,  5.31s/it]                                                                                          Best trial: 756. Best value: 2.01223:  61%|██████    | 916/1500 [1:10:53<51:41,  5.31s/it]Best trial: 756. Best value: 2.01223:  61%|██████    | 916/1500 [1:10:53<51:41,  5.31s/it]Best trial: 756. Best value: 2.01223:  61%|██████    | 917/1500 [1:10:53<53:26,  5.50s/it]                                                                                          Best trial: 756. Best value: 2.01223:  61%|██████    | 917/1500 [1:11:00<53:26,  5.50s/it]Best trial: 756. Best value: 2.01223:  61%|██████    | 917/1500 [1:11:00<53:26,  5.50s/it]Best trial: 756. Best value: 2.01223:  61%|██████    | 918/1500 [1:11:00<55:20,  5.71s/it]                                                                                          Best trial: 756. Best value: 2.01223:  61%|██████    | 918/1500 [1:11:06<55:20,  5.71s/it]Best trial: 756. Best value: 2.01223:  61%|██████    | 918/1500 [1:11:06<55:20,  5.71s/it]Best trial: 756. Best value: 2.01223:  61%|██████▏   | 919/1500 [1:11:06<56:09,  5.80s/it]                                                                                          Best trial: 756. Best value: 2.01223:  61%|██████▏   | 919/1500 [1:11:11<56:09,  5.80s/it]Best trial: 756. Best value: 2.01223:  61%|██████▏   | 919/1500 [1:11:11<56:09,  5.80s/it]Best trial: 756. Best value: 2.01223:  61%|██████▏   | 920/1500 [1:11:11<56:06,  5.80s/it]                                                                                          Best trial: 756. Best value: 2.01223:  61%|██████▏   | 920/1500 [1:11:16<56:06,  5.80s/it]Best trial: 756. Best value: 2.01223:  61%|██████▏   | 920/1500 [1:11:16<56:06,  5.80s/it]Best trial: 756. Best value: 2.01223:  61%|██████▏   | 921/1500 [1:11:16<51:32,  5.34s/it]                                                                                          Best trial: 756. Best value: 2.01223:  61%|██████▏   | 921/1500 [1:11:22<51:32,  5.34s/it]Best trial: 756. Best value: 2.01223:  61%|██████▏   | 921/1500 [1:11:22<51:32,  5.34s/it]Best trial: 756. Best value: 2.01223:  61%|██████▏   | 922/1500 [1:11:22<53:10,  5.52s/it]                                                                                          Best trial: 756. Best value: 2.01223:  61%|██████▏   | 922/1500 [1:11:28<53:10,  5.52s/it]Best trial: 756. Best value: 2.01223:  61%|██████▏   | 922/1500 [1:11:28<53:10,  5.52s/it]Best trial: 756. Best value: 2.01223:  62%|██████▏   | 923/1500 [1:11:28<54:33,  5.67s/it]                                                                                          Best trial: 756. Best value: 2.01223:  62%|██████▏   | 923/1500 [1:11:34<54:33,  5.67s/it]Best trial: 756. Best value: 2.01223:  62%|██████▏   | 923/1500 [1:11:34<54:33,  5.67s/it]Best trial: 756. Best value: 2.01223:  62%|██████▏   | 924/1500 [1:11:34<55:32,  5.79s/it]                                                                                          
[I 2026-05-02 22:48:17,884] Trial 913 finished with value: 2.271158315321248 and parameters: {'f_n': 3.040607843839108e-07, 'K_d': 111990.41187660972, 'rho_d': 59002578296988.914, 'fission_rate': 4.97870762423807e+19, 'Dg_D1_scale': 0.4085945453526368, 'Dg_D3_scale': 2.1367667146789016, 'Dv_D1_scale': 0.34686907363624603, 'Dv_D2_scale': 0.6231942136170497, 'b_bulk_scale': 0.4144549197700904, 'b_dislocation_scale': 0.08194916469964544, 'gb_scale': 3.787545357658075, 'gd_bubble_scale': 0.34925088455116576, 'gd_line_scale': 0.5532834844507062, 'gd_line_alpha': 0.9983960920771806, 'coalescence_d_scale': 0.5856471556092712, 'capture_scale': 0.10179347635373757}. Best is trial 756 with value: 2.012228641160978.
[I 2026-05-02 22:48:23,741] Trial 914 finished with value: 2.139728753111155 and parameters: {'f_n': 2.4380862308784446e-07, 'K_d': 110594.53620945642, 'rho_d': 61635006846140.414, 'fission_rate': 4.9995209949674815e+19, 'Dg_D1_scale': 0.4105458027568784, 'Dg_D3_scale': 2.0113064020702054, 'Dv_D1_scale': 0.3198417882864975, 'Dv_D2_scale': 3.545891720342039, 'b_bulk_scale': 0.4746461078367295, 'b_dislocation_scale': 0.08604341716713411, 'gb_scale': 4.075540971350764, 'gd_bubble_scale': 0.31164993960405085, 'gd_line_scale': 0.6930545429132609, 'gd_line_alpha': 0.9994180479055859, 'coalescence_d_scale': 0.4741884976996363, 'capture_scale': 0.07437695615800377}. Best is trial 756 with value: 2.012228641160978.
[I 2026-05-02 22:48:27,930] Trial 915 finished with value: 2.110007412692525 and parameters: {'f_n': 3.104578943011275e-07, 'K_d': 106587.4959196291, 'rho_d': 57591953361266.72, 'fission_rate': 5.114799733833491e+19, 'Dg_D1_scale': 0.37577456099475715, 'Dg_D3_scale': 2.016107405395681, 'Dv_D1_scale': 0.3633791872342212, 'Dv_D2_scale': 3.352063326425801, 'b_bulk_scale': 0.5302303098928243, 'b_dislocation_scale': 0.08313133137209666, 'gb_scale': 3.718510051082991, 'gd_bubble_scale': 0.3880852528576892, 'gd_line_scale': 0.529411584869806, 'gd_line_alpha': 0.9784899267472932, 'coalescence_d_scale': 0.6862514561162154, 'capture_scale': 0.11409070185010144}. Best is trial 756 with value: 2.012228641160978.
[I 2026-05-02 22:48:33,871] Trial 916 finished with value: 2.214130827508926 and parameters: {'f_n': 4.417077974656402e-07, 'K_d': 112205.87854076801, 'rho_d': 65402058583223.05, 'fission_rate': 4.906034890650231e+19, 'Dg_D1_scale': 0.3980690221168971, 'Dg_D3_scale': 2.238194700074984, 'Dv_D1_scale': 0.3548326974640053, 'Dv_D2_scale': 3.575590767245902, 'b_bulk_scale': 0.44515001561581924, 'b_dislocation_scale': 0.08224138381430313, 'gb_scale': 2.914847012195896, 'gd_bubble_scale': 0.352954801561585, 'gd_line_scale': 0.6293593449252933, 'gd_line_alpha': 0.9722831069723669, 'coalescence_d_scale': 0.5453464901841562, 'capture_scale': 0.08900875497157927}. Best is trial 756 with value: 2.012228641160978.
[I 2026-05-02 22:48:40,055] Trial 917 finished with value: 2.097834058479733 and parameters: {'f_n': 1.9434223723327986e-07, 'K_d': 111530.12800137742, 'rho_d': 61614718705051.016, 'fission_rate': 4.7992076030352744e+19, 'Dg_D1_scale': 0.3568433031290122, 'Dg_D3_scale': 2.305879683955524, 'Dv_D1_scale': 0.3232895392128671, 'Dv_D2_scale': 3.292476879134531, 'b_bulk_scale': 0.48554828522436627, 'b_dislocation_scale': 0.09941680700912878, 'gb_scale': 3.1803249522835086, 'gd_bubble_scale': 0.3097854786526794, 'gd_line_scale': 0.585341077601461, 'gd_line_alpha': 0.9814718224696749, 'coalescence_d_scale': 0.49300214134822207, 'capture_scale': 0.10521676937975843}. Best is trial 756 with value: 2.012228641160978.
