[I 2026-05-02 21:54:54,962] Trial 252 finished with value: 2.5028927616019954 and parameters: {'f_n': 6.982666626341494e-07, 'K_d': 149686.18422930504, 'rho_d': 30204537922729.637, 'fission_rate': 7.989573334811052e+19, 'Dg_D1_scale': 2.8166601639550533, 'Dg_D3_scale': 0.16078289558343126, 'Dv_D1_scale': 0.2956079475616566, 'Dv_D2_scale': 3.786528091607563, 'b_bulk_scale': 0.18941217905327087, 'b_dislocation_scale': 0.34536994341407357, 'gb_scale': 2.1986175335918445, 'gd_bubble_scale': 0.1269949380959267, 'gd_line_scale': 3.637897288843696, 'gd_line_alpha': 0.9997961907632752, 'coalescence_d_scale': 0.5449490199977859, 'capture_scale': 0.015687724186138136}. Best is trial 209 with value: 2.20705021826913.Best trial: 209. Best value: 2.20705:  17%|█▋        | 252/1500 [17:14<1:11:51,  3.45s/it]Best trial: 209. Best value: 2.20705:  17%|█▋        | 252/1500 [17:14<1:11:51,  3.45s/it]Best trial: 209. Best value: 2.20705:  17%|█▋        | 253/1500 [17:14<1:14:40,  3.59s/it]                                                                                          Best trial: 209. Best value: 2.20705:  17%|█▋        | 253/1500 [17:18<1:14:40,  3.59s/it]Best trial: 209. Best value: 2.20705:  17%|█▋        | 253/1500 [17:18<1:14:40,  3.59s/it]Best trial: 209. Best value: 2.20705:  17%|█▋        | 254/1500 [17:18<1:16:34,  3.69s/it]                                                                                          Best trial: 209. Best value: 2.20705:  17%|█▋        | 254/1500 [17:22<1:16:34,  3.69s/it]Best trial: 209. Best value: 2.20705:  17%|█▋        | 254/1500 [17:22<1:16:34,  3.69s/it]Best trial: 209. Best value: 2.20705:  17%|█▋        | 255/1500 [17:22<1:18:08,  3.77s/it]                                                                                          Best trial: 209. Best value: 2.20705:  17%|█▋        | 255/1500 [17:26<1:18:08,  3.77s/it]Best trial: 209. Best value: 2.20705:  17%|█▋        | 255/1500 [17:26<1:18:08,  3.77s/it]Best trial: 209. Best value: 2.20705:  17%|█▋        | 256/1500 [17:26<1:18:54,  3.81s/it]                                                                                          Best trial: 209. Best value: 2.20705:  17%|█▋        | 256/1500 [17:30<1:18:54,  3.81s/it]Best trial: 209. Best value: 2.20705:  17%|█▋        | 256/1500 [17:30<1:18:54,  3.81s/it]Best trial: 209. Best value: 2.20705:  17%|█▋        | 257/1500 [17:30<1:19:29,  3.84s/it]                                                                                          Best trial: 209. Best value: 2.20705:  17%|█▋        | 257/1500 [17:34<1:19:29,  3.84s/it]Best trial: 209. Best value: 2.20705:  17%|█▋        | 257/1500 [17:34<1:19:29,  3.84s/it]Best trial: 209. Best value: 2.20705:  17%|█▋        | 258/1500 [17:34<1:20:01,  3.87s/it]                                                                                          Best trial: 209. Best value: 2.20705:  17%|█▋        | 258/1500 [17:38<1:20:01,  3.87s/it]Best trial: 209. Best value: 2.20705:  17%|█▋        | 258/1500 [17:38<1:20:01,  3.87s/it]Best trial: 209. Best value: 2.20705:  17%|█▋        | 259/1500 [17:38<1:20:36,  3.90s/it]                                                                                          Best trial: 209. Best value: 2.20705:  17%|█▋        | 259/1500 [17:40<1:20:36,  3.90s/it]Best trial: 209. Best value: 2.20705:  17%|█▋        | 259/1500 [17:40<1:20:36,  3.90s/it]Best trial: 209. Best value: 2.20705:  17%|█▋        | 260/1500 [17:40<1:10:34,  3.42s/it]                                                                                          Best trial: 209. Best value: 2.20705:  17%|█▋        | 260/1500 [17:44<1:10:34,  3.42s/it]Best trial: 209. Best value: 2.20705:  17%|█▋        | 260/1500 [17:44<1:10:34,  3.42s/it]Best trial: 209. Best value: 2.20705:  17%|█▋        | 261/1500 [17:44<1:13:50,  3.58s/it]                                                                                          Best trial: 209. Best value: 2.20705:  17%|█▋        | 261/1500 [17:48<1:13:50,  3.58s/it]Best trial: 209. Best value: 2.20705:  17%|█▋        | 261/1500 [17:48<1:13:50,  3.58s/it]Best trial: 209. Best value: 2.20705:  17%|█▋        | 262/1500 [17:48<1:15:55,  3.68s/it]                                                                                          Best trial: 209. Best value: 2.20705:  17%|█▋        | 262/1500 [17:52<1:15:55,  3.68s/it]Best trial: 209. Best value: 2.20705:  17%|█▋        | 262/1500 [17:52<1:15:55,  3.68s/it]Best trial: 209. Best value: 2.20705:  18%|█▊        | 263/1500 [17:52<1:17:25,  3.76s/it]                                                                                          Best trial: 209. Best value: 2.20705:  18%|█▊        | 263/1500 [17:56<1:17:25,  3.76s/it]Best trial: 209. Best value: 2.20705:  18%|█▊        | 263/1500 [17:56<1:17:25,  3.76s/it]Best trial: 209. Best value: 2.20705:  18%|█▊        | 264/1500 [17:56<1:18:37,  3.82s/it]                                                                                          
[I 2026-05-02 21:54:58,871] Trial 253 finished with value: 2.22258762521817 and parameters: {'f_n': 1.4559884050754176e-06, 'K_d': 159749.77234109025, 'rho_d': 28394148956281.61, 'fission_rate': 7.997541190086279e+19, 'Dg_D1_scale': 2.4895104285913194, 'Dg_D3_scale': 0.1761425151704522, 'Dv_D1_scale': 0.23767628733172844, 'Dv_D2_scale': 3.977108052150358, 'b_bulk_scale': 0.21487789096893015, 'b_dislocation_scale': 0.2915583960599326, 'gb_scale': 1.5640794279576251, 'gd_bubble_scale': 0.10247173523551943, 'gd_line_scale': 4.797218301087882, 'gd_line_alpha': 0.9319046315637948, 'coalescence_d_scale': 0.4245679817192702, 'capture_scale': 0.013382813916372908}. Best is trial 209 with value: 2.20705021826913.
[I 2026-05-02 21:55:02,815] Trial 254 finished with value: 2.243500881454802 and parameters: {'f_n': 1.4926417852676958e-06, 'K_d': 162680.24892383735, 'rho_d': 24311658145668.938, 'fission_rate': 7.874574265746235e+19, 'Dg_D1_scale': 3.0548280384438717, 'Dg_D3_scale': 0.17665204298066553, 'Dv_D1_scale': 0.23639089895065293, 'Dv_D2_scale': 3.6412991100544843, 'b_bulk_scale': 0.3170415359630609, 'b_dislocation_scale': 0.29136747940198576, 'gb_scale': 1.5804279708719893, 'gd_bubble_scale': 0.16212213519610455, 'gd_line_scale': 4.675806042004181, 'gd_line_alpha': 0.932010081978849, 'coalescence_d_scale': 0.440794039351947, 'capture_scale': 0.018988607006146466}. Best is trial 209 with value: 2.20705021826913.
[I 2026-05-02 21:55:06,717] Trial 255 finished with value: 2.223288917404074 and parameters: {'f_n': 1.461197090378028e-06, 'K_d': 165534.67544957716, 'rho_d': 23832900194301.71, 'fission_rate': 7.998703501027315e+19, 'Dg_D1_scale': 2.990998301897311, 'Dg_D3_scale': 0.1761284792584788, 'Dv_D1_scale': 0.2353466554526102, 'Dv_D2_scale': 3.552819784328184, 'b_bulk_scale': 0.3092952021350056, 'b_dislocation_scale': 0.25529967665945796, 'gb_scale': 1.8956413818869016, 'gd_bubble_scale': 0.16509325461448798, 'gd_line_scale': 4.877367543486014, 'gd_line_alpha': 0.9069779617491598, 'coalescence_d_scale': 0.4288995249271129, 'capture_scale': 0.018593053646937203}. Best is trial 209 with value: 2.20705021826913.
[I 2026-05-02 21:55:10,628] Trial 256 finished with value: 2.304620322836015 and parameters: {'f_n': 1.5806986157411645e-06, 'K_d': 165398.66112379113, 'rho_d': 24487553248742.09, 'fission_rate': 7.868160173401037e+19, 'Dg_D1_scale': 3.3654486457786543, 'Dg_D3_scale': 0.17391922580443386, 'Dv_D1_scale': 0.24057165218218568, 'Dv_D2_scale': 3.5619390796752564, 'b_bulk_scale': 0.21437232254446745, 'b_dislocation_scale': 0.2495653271261612, 'gb_scale': 1.9731653622819185, 'gd_bubble_scale': 0.16332336616470475, 'gd_line_scale': 4.735349381487178, 'gd_line_alpha': 0.9082802311673704, 'coalescence_d_scale': 0.4161283850518705, 'capture_scale': 0.01747510720755577}. Best is trial 209 with value: 2.20705021826913.
[I 2026-05-02 21:55:14,562] Trial 257 finished with value: 2.4225918097518817 and parameters: {'f_n': 1.4895674275091663e-06, 'K_d': 169411.5298307789, 'rho_d': 22046839616638.332, 'fission_rate': 7.861066467591314e+19, 'Dg_D1_scale': 2.741510882170284, 'Dg_D3_scale': 0.1637614792195614, 'Dv_D1_scale': 0.22595394914391567, 'Dv_D2_scale': 3.5280035576292086, 'b_bulk_scale': 0.32001815083085067, 'b_dislocation_scale': 0.2741526067445557, 'gb_scale': 1.6110696989086695, 'gd_bubble_scale': 0.15781758342174448, 'gd_line_scale': 3.9725704812924523, 'gd_line_alpha': 0.9254906657507702, 'coalescence_d_scale': 0.47731632275345826, 'capture_scale': 0.0191380927702767}. Best is trial 209 with value: 2.20705021826913.
[I 2026-05-02 21:55:18,530] Trial 258 finished with value: 2.3842248653508054 and parameters: {'f_n': 1.5023479489183373e-06, 'K_d': 162193.3758531144, 'rho_d': 24157505980132.88, 'fission_rate': 7.872283311774029e+19, 'Dg_D1_scale': 2.9407004863583714, 'Dg_D3_scale': 0.17338552819889952, 'Dv_D1_scale': 0.23213345363405555, 'Dv_D2_scale': 3.565588491496763, 'b_bulk_scale': 0.2444869265027712, 'b_dislocation_scale': 0.2938703990114192, 'gb_scale': 1.8875520375433237, 'gd_bubble_scale': 0.19149221374848804, 'gd_line_scale': 4.734419138140815, 'gd_line_alpha': 0.9043550328853458, 'coalescence_d_scale': 0.42437126299706396, 'capture_scale': 0.015818849206254926}. Best is trial 209 with value: 2.20705021826913.
[I 2026-05-02 21:55:20,822] Trial 259 finished with value: 2.4567234637525073 and parameters: {'f_n': 1.0602742870341545e-06, 'K_d': 160377.55668527354, 'rho_d': 27127774556510.1, 'fission_rate': 7.994568943453499e+19, 'Dg_D1_scale': 2.5364880402480052, 'Dg_D3_scale': 0.17795230146101768, 'Dv_D1_scale': 0.24617268854071797, 'Dv_D2_scale': 0.5193465419689158, 'b_bulk_scale': 0.36158108348168505, 'b_dislocation_scale': 0.2594178272226284, 'gb_scale': 1.5668656064081286, 'gd_bubble_scale': 0.10743136967437365, 'gd_line_scale': 4.11160343352522, 'gd_line_alpha': 0.868911515790844, 'coalescence_d_scale': 0.5235970546495463, 'capture_scale': 0.018872957547398907}. Best is trial 209 with value: 2.20705021826913.
[I 2026-05-02 21:55:24,774] Trial 260 finished with value: 2.309674037056733 and parameters: {'f_n': 8.969282145931105e-07, 'K_d': 136601.3849304133, 'rho_d': 30797600940815.02, 'fission_rate': 7.860728362535677e+19, 'Dg_D1_scale': 3.4260011755347137, 'Dg_D3_scale': 0.2023004256283419, 'Dv_D1_scale': 0.23886890702187377, 'Dv_D2_scale': 3.993730182698865, 'b_bulk_scale': 0.28699340125370354, 'b_dislocation_scale': 0.3418116600434389, 'gb_scale': 1.1538902374314424, 'gd_bubble_scale': 0.1496898331433224, 'gd_line_scale': 4.834865805957602, 'gd_line_alpha': 0.9624769073936864, 'coalescence_d_scale': 0.6943907931043907, 'capture_scale': 0.015865136504370447}. Best is trial 209 with value: 2.20705021826913.
[I 2026-05-02 21:55:28,696] Trial 261 finished with value: 2.2208485726187095 and parameters: {'f_n': 1.4083498941856242e-06, 'K_d': 148241.19336698312, 'rho_d': 28854544828460.945, 'fission_rate': 7.929295167328238e+19, 'Dg_D1_scale': 3.00644067356108, 'Dg_D3_scale': 0.1648332400439936, 'Dv_D1_scale': 0.25434023214371837, 'Dv_D2_scale': 3.584748329013857, 'b_bulk_scale': 0.22678065381957202, 'b_dislocation_scale': 0.30168359307319453, 'gb_scale': 2.4119056061669233, 'gd_bubble_scale': 0.11403948757806162, 'gd_line_scale': 5.799701054894591, 'gd_line_alpha': 0.9348123642312006, 'coalescence_d_scale': 0.43337192542404296, 'capture_scale': 0.011211803991630322}. Best is trial 209 with value: 2.20705021826913.
[I 2026-05-02 21:55:32,625] Trial 262 finished with value: 2.4111470266420163 and parameters: {'f_n': 1.4650400815994806e-06, 'K_d': 158410.47648898425, 'rho_d': 25192930392168.65, 'fission_rate': 7.996325961740288e+19, 'Dg_D1_scale': 3.0237679492797165, 'Dg_D3_scale': 0.16495306736001752, 'Dv_D1_scale': 0.25249691488448534, 'Dv_D2_scale': 3.5253151761645807, 'b_bulk_scale': 0.2174278757033397, 'b_dislocation_scale': 0.306252435200042, 'gb_scale': 2.7956725744971394, 'gd_bubble_scale': 0.1012888539686996, 'gd_line_scale': 5.744023693545089, 'gd_line_alpha': 0.9353447040398374, 'coalescence_d_scale': 0.4150305660141321, 'capture_scale': 0.018672794948851247}. Best is trial 209 with value: 2.20705021826913.
[I 2026-05-02 21:55:36,583] Trial 263 finished with value: 2.2764583739115043 and parameters: {'f_n': 1.3130342152923529e-06, 'K_d': 148113.75091321993, 'rho_d': 27128996015291.848, 'fission_rate': 7.924282649551167e+19, 'Dg_D1_scale': 2.8062015264352196, 'Dg_D3_scale': 0.2095807209857402, 'Dv_D1_scale': 0.29395488960289834, 'Dv_D2_scale': 3.7609283591644576, 'b_bulk_scale': 0.23712657006626073, 'b_dislocation_scale': 0.19910057991109958, 'gb_scale': 2.5541849839882897, 'gd_bubble_scale': 0.11386225975119414, 'gd_line_scale': 5.932001629402696, 'gd_line_alpha': 0.9794167168173636, 'coalescence_d_scale': 0.4439012647221606, 'capture_scale': 0.013687923301011507}. Best is trial 209 with value: 2.20705021826913.
[I 2026-05-02 21:55:40,564] Trial 264 finished with value: 2.183681567427373 and parameters: {'f_n': 1.7122603899716782e-06, 'K_d': 168760.81603858073, 'rho_d': 28411313927598.55, 'fission_rate': 7.839400136153353e+19, 'Dg_D1_scale': 2.6974425588721043, 'Dg_D3_scale': 0.1809392757290697, 'Dv_D1_scale': 0.23330200843914786, 'Dv_D2_scale': 3.9980058134972096, 'b_bulk_scale': 0.1975974359075152, 'b_dislocation_scale': 0.22576126817130882, 'gb_scale': 1.7847431786169812, 'gd_bubble_scale': 0.11358212178704086, 'gd_line_scale': 5.709430259834834, 'gd_line_alpha': 0.9270272278408415, 'coalescence_d_scale': 0.5021626517998353, 'capture_scale': 0.01071787292232374}. Best is trial 264 with value: 2.183681567427373.Best trial: 209. Best value: 2.20705:  18%|█▊        | 264/1500 [18:00<1:18:37,  3.82s/it]Best trial: 264. Best value: 2.18368:  18%|█▊        | 264/1500 [18:00<1:18:37,  3.82s/it]Best trial: 264. Best value: 2.18368:  18%|█▊        | 265/1500 [18:00<1:19:36,  3.87s/it]                                                                                          Best trial: 264. Best value: 2.18368:  18%|█▊        | 265/1500 [18:04<1:19:36,  3.87s/it]Best trial: 264. Best value: 2.18368:  18%|█▊        | 265/1500 [18:04<1:19:36,  3.87s/it]Best trial: 264. Best value: 2.18368:  18%|█▊        | 266/1500 [18:04<1:20:08,  3.90s/it]                                                                                          Best trial: 264. Best value: 2.18368:  18%|█▊        | 266/1500 [18:08<1:20:08,  3.90s/it]Best trial: 264. Best value: 2.18368:  18%|█▊        | 266/1500 [18:08<1:20:08,  3.90s/it]Best trial: 264. Best value: 2.18368:  18%|█▊        | 267/1500 [18:08<1:20:40,  3.93s/it]                                                                                          Best trial: 264. Best value: 2.18368:  18%|█▊        | 267/1500 [18:10<1:20:40,  3.93s/it]Best trial: 264. Best value: 2.18368:  18%|█▊        | 267/1500 [18:10<1:20:40,  3.93s/it]Best trial: 264. Best value: 2.18368:  18%|█▊        | 268/1500 [18:10<1:11:15,  3.47s/it]                                                                                          Best trial: 264. Best value: 2.18368:  18%|█▊        | 268/1500 [18:14<1:11:15,  3.47s/it]Best trial: 264. Best value: 2.18368:  18%|█▊        | 268/1500 [18:14<1:11:15,  3.47s/it]Best trial: 264. Best value: 2.18368:  18%|█▊        | 269/1500 [18:14<1:14:38,  3.64s/it]                                                                                          Best trial: 264. Best value: 2.18368:  18%|█▊        | 269/1500 [18:18<1:14:38,  3.64s/it]Best trial: 264. Best value: 2.18368:  18%|█▊        | 269/1500 [18:18<1:14:38,  3.64s/it]Best trial: 264. Best value: 2.18368:  18%|█▊        | 270/1500 [18:18<1:16:48,  3.75s/it]                                                                                          Best trial: 264. Best value: 2.18368:  18%|█▊        | 270/1500 [18:22<1:16:48,  3.75s/it]Best trial: 264. Best value: 2.18368:  18%|█▊        | 270/1500 [18:22<1:16:48,  3.75s/it]Best trial: 264. Best value: 2.18368:  18%|█▊        | 271/1500 [18:22<1:18:12,  3.82s/it]                                                                                          Best trial: 264. Best value: 2.18368:  18%|█▊        | 271/1500 [18:26<1:18:12,  3.82s/it]Best trial: 264. Best value: 2.18368:  18%|█▊        | 271/1500 [18:27<1:18:12,  3.82s/it]Best trial: 264. Best value: 2.18368:  18%|█▊        | 272/1500 [18:27<1:20:08,  3.92s/it]                                                                                          Best trial: 264. Best value: 2.18368:  18%|█▊        | 272/1500 [18:31<1:20:08,  3.92s/it]Best trial: 264. Best value: 2.18368:  18%|█▊        | 272/1500 [18:31<1:20:08,  3.92s/it]Best trial: 264. Best value: 2.18368:  18%|█▊        | 273/1500 [18:31<1:20:57,  3.96s/it]                                                                                          Best trial: 264. Best value: 2.18368:  18%|█▊        | 273/1500 [18:35<1:20:57,  3.96s/it]Best trial: 273. Best value: 2.16972:  18%|█▊        | 273/1500 [18:35<1:20:57,  3.96s/it]Best trial: 273. Best value: 2.16972:  18%|█▊        | 274/1500 [18:35<1:21:04,  3.97s/it]                                                                                          Best trial: 273. Best value: 2.16972:  18%|█▊        | 274/1500 [18:39<1:21:04,  3.97s/it]Best trial: 273. Best value: 2.16972:  18%|█▊        | 274/1500 [18:39<1:21:04,  3.97s/it]Best trial: 273. Best value: 2.16972:  18%|█▊        | 275/1500 [18:39<1:21:21,  3.98s/it]                                                                                          Best trial: 273. Best value: 2.16972:  18%|█▊        | 275/1500 [18:41<1:21:21,  3.98s/it]Best trial: 273. Best value: 2.16972:  18%|█▊        | 275/1500 [18:41<1:21:21,  3.98s/it]Best trial: 273. Best value: 2.16972:  18%|█▊        | 276/1500 [18:41<1:11:32,  3.51s/it]                                                                                          
[I 2026-05-02 21:55:44,536] Trial 265 finished with value: 2.2709348980289206 and parameters: {'f_n': 1.6592509403121681e-06, 'K_d': 169309.43082322643, 'rho_d': 28439072354802.645, 'fission_rate': 7.832478643654595e+19, 'Dg_D1_scale': 2.624225561578479, 'Dg_D3_scale': 0.17781897928576557, 'Dv_D1_scale': 0.2281342160299787, 'Dv_D2_scale': 3.997177036677825, 'b_bulk_scale': 0.20425003079717194, 'b_dislocation_scale': 0.227587258258528, 'gb_scale': 1.7649651128162218, 'gd_bubble_scale': 0.12718522110045125, 'gd_line_scale': 3.7885282257433, 'gd_line_alpha': 0.9252242704867998, 'coalescence_d_scale': 0.5030416657693542, 'capture_scale': 0.010711141486136173}. Best is trial 264 with value: 2.183681567427373.
[I 2026-05-02 21:55:48,529] Trial 266 finished with value: 2.238646816429716 and parameters: {'f_n': 1.5977230801797565e-06, 'K_d': 168280.19480896607, 'rho_d': 30655319666200.91, 'fission_rate': 7.842871245519931e+19, 'Dg_D1_scale': 3.2597069709066813, 'Dg_D3_scale': 0.16768979457105465, 'Dv_D1_scale': 0.24308764372642758, 'Dv_D2_scale': 3.551123894041197, 'b_bulk_scale': 0.32013136949367593, 'b_dislocation_scale': 0.2661536917516041, 'gb_scale': 2.24388813078183, 'gd_bubble_scale': 0.117257364340821, 'gd_line_scale': 5.834601719138345, 'gd_line_alpha': 0.9387787147805418, 'coalescence_d_scale': 0.5498438803630011, 'capture_scale': 0.011387337617790622}. Best is trial 264 with value: 2.183681567427373.
[I 2026-05-02 21:55:50,935] Trial 267 finished with value: 2.2260644338537467 and parameters: {'f_n': 1.7783436267461075e-06, 'K_d': 172054.62068323698, 'rho_d': 31272263385199.453, 'fission_rate': 7.830720145966118e+19, 'Dg_D1_scale': 3.186768884078936, 'Dg_D3_scale': 0.16245165005356144, 'Dv_D1_scale': 0.22887096959299422, 'Dv_D2_scale': 3.535793144226889, 'b_bulk_scale': 0.329681365344499, 'b_dislocation_scale': 0.25285722648640174, 'gb_scale': 2.244790526191261, 'gd_bubble_scale': 0.10103034366568035, 'gd_line_scale': 5.6165063179171115, 'gd_line_alpha': 0.937511845289711, 'coalescence_d_scale': 0.5461866050053141, 'capture_scale': 0.01007797865216844}. Best is trial 264 with value: 2.183681567427373.
[I 2026-05-02 21:55:54,965] Trial 268 finished with value: 2.214623668989373 and parameters: {'f_n': 1.8770342569430951e-06, 'K_d': 171019.56255215962, 'rho_d': 31339483832695.336, 'fission_rate': 7.792307609428056e+19, 'Dg_D1_scale': 3.2845182407840294, 'Dg_D3_scale': 0.16824422128009334, 'Dv_D1_scale': 0.22690084490231116, 'Dv_D2_scale': 3.4972155587118023, 'b_bulk_scale': 0.31485004151988794, 'b_dislocation_scale': 0.2562234030815325, 'gb_scale': 2.2351277567176773, 'gd_bubble_scale': 0.10005773394717775, 'gd_line_scale': 5.825713615888004, 'gd_line_alpha': 0.9077218676336752, 'coalescence_d_scale': 0.48183629896770064, 'capture_scale': 0.011018101381221303}. Best is trial 264 with value: 2.183681567427373.
[I 2026-05-02 21:55:58,966] Trial 269 finished with value: 2.406993075363474 and parameters: {'f_n': 1.7385678711124328e-06, 'K_d': 170014.64037567977, 'rho_d': 31481567288241.055, 'fission_rate': 7.790347856615968e+19, 'Dg_D1_scale': 3.3205714585959116, 'Dg_D3_scale': 0.1654531243913665, 'Dv_D1_scale': 0.22852923082048376, 'Dv_D2_scale': 3.4824744692234444, 'b_bulk_scale': 0.4575371190907327, 'b_dislocation_scale': 0.2266941116348612, 'gb_scale': 2.1898465038027846, 'gd_bubble_scale': 0.10031956946265409, 'gd_line_scale': 5.743425745873648, 'gd_line_alpha': 0.8609668891704183, 'coalescence_d_scale': 0.4835311906238234, 'capture_scale': 0.010801786693639664}. Best is trial 264 with value: 2.183681567427373.
