[I 2026-05-02 22:32:55,710] Trial 756 finished with value: 2.012228641160978 and parameters: {'f_n': 1.0719571875534616e-06, 'K_d': 113942.82779640662, 'rho_d': 56343681601523.87, 'fission_rate': 4.739087826976938e+19, 'Dg_D1_scale': 0.43002942466818667, 'Dg_D3_scale': 3.1521372576398665, 'Dv_D1_scale': 0.23831414304911056, 'Dv_D2_scale': 3.7638131306274185, 'b_bulk_scale': 0.3237184190033655, 'b_dislocation_scale': 0.14000104686183001, 'gb_scale': 2.7317087848414685, 'gd_bubble_scale': 0.4536115554239392, 'gd_line_scale': 1.2780757182708813, 'gd_line_alpha': 0.8959854422317632, 'coalescence_d_scale': 0.39859495047542515, 'capture_scale': 0.8593184695869225}. Best is trial 756 with value: 2.012228641160978.Best trial: 737. Best value: 2.03481:  50%|█████     | 756/1500 [55:15<1:14:23,  6.00s/it]Best trial: 756. Best value: 2.01223:  50%|█████     | 756/1500 [55:15<1:14:23,  6.00s/it]Best trial: 756. Best value: 2.01223:  50%|█████     | 757/1500 [55:15<1:16:21,  6.17s/it]                                                                                          Best trial: 756. Best value: 2.01223:  50%|█████     | 757/1500 [55:21<1:16:21,  6.17s/it]Best trial: 756. Best value: 2.01223:  50%|█████     | 757/1500 [55:22<1:16:21,  6.17s/it]Best trial: 756. Best value: 2.01223:  51%|█████     | 758/1500 [55:22<1:17:00,  6.23s/it]                                                                                          Best trial: 756. Best value: 2.01223:  51%|█████     | 758/1500 [55:26<1:17:00,  6.23s/it]Best trial: 756. Best value: 2.01223:  51%|█████     | 758/1500 [55:26<1:17:00,  6.23s/it]Best trial: 756. Best value: 2.01223:  51%|█████     | 759/1500 [55:26<1:09:57,  5.67s/it]                                                                                          Best trial: 756. Best value: 2.01223:  51%|█████     | 759/1500 [55:32<1:09:57,  5.67s/it]Best trial: 756. Best value: 2.01223:  51%|█████     | 759/1500 [55:32<1:09:57,  5.67s/it]Best trial: 756. Best value: 2.01223:  51%|█████     | 760/1500 [55:32<1:10:26,  5.71s/it]                                                                                          Best trial: 756. Best value: 2.01223:  51%|█████     | 760/1500 [55:38<1:10:26,  5.71s/it]Best trial: 756. Best value: 2.01223:  51%|█████     | 760/1500 [55:38<1:10:26,  5.71s/it]Best trial: 756. Best value: 2.01223:  51%|█████     | 761/1500 [55:38<1:12:00,  5.85s/it]                                                                                          Best trial: 756. Best value: 2.01223:  51%|█████     | 761/1500 [55:44<1:12:00,  5.85s/it]Best trial: 756. Best value: 2.01223:  51%|█████     | 761/1500 [55:44<1:12:00,  5.85s/it]Best trial: 756. Best value: 2.01223:  51%|█████     | 762/1500 [55:44<1:12:42,  5.91s/it]                                                                                          Best trial: 756. Best value: 2.01223:  51%|█████     | 762/1500 [55:50<1:12:42,  5.91s/it]Best trial: 756. Best value: 2.01223:  51%|█████     | 762/1500 [55:50<1:12:42,  5.91s/it]Best trial: 756. Best value: 2.01223:  51%|█████     | 763/1500 [55:50<1:13:34,  5.99s/it]                                                                                          Best trial: 756. Best value: 2.01223:  51%|█████     | 763/1500 [55:56<1:13:34,  5.99s/it]Best trial: 756. Best value: 2.01223:  51%|█████     | 763/1500 [55:56<1:13:34,  5.99s/it]Best trial: 756. Best value: 2.01223:  51%|█████     | 764/1500 [55:56<1:13:56,  6.03s/it]                                                                                          Best trial: 756. Best value: 2.01223:  51%|█████     | 764/1500 [56:01<1:13:56,  6.03s/it]Best trial: 756. Best value: 2.01223:  51%|█████     | 764/1500 [56:01<1:13:56,  6.03s/it]Best trial: 756. Best value: 2.01223:  51%|█████     | 765/1500 [56:01<1:07:51,  5.54s/it]                                                                                          Best trial: 756. Best value: 2.01223:  51%|█████     | 765/1500 [56:07<1:07:51,  5.54s/it]Best trial: 756. Best value: 2.01223:  51%|█████     | 765/1500 [56:07<1:07:51,  5.54s/it]Best trial: 756. Best value: 2.01223:  51%|█████     | 766/1500 [56:07<1:10:32,  5.77s/it]                                                                                          Best trial: 756. Best value: 2.01223:  51%|█████     | 766/1500 [56:13<1:10:32,  5.77s/it]Best trial: 756. Best value: 2.01223:  51%|█████     | 766/1500 [56:13<1:10:32,  5.77s/it]Best trial: 756. Best value: 2.01223:  51%|█████     | 767/1500 [56:13<1:11:30,  5.85s/it]                                                                                          Best trial: 756. Best value: 2.01223:  51%|█████     | 767/1500 [56:19<1:11:30,  5.85s/it]Best trial: 756. Best value: 2.01223:  51%|█████     | 767/1500 [56:19<1:11:30,  5.85s/it]Best trial: 756. Best value: 2.01223:  51%|█████     | 768/1500 [56:19<1:11:43,  5.88s/it]                                                                                          
[I 2026-05-02 22:33:02,028] Trial 757 finished with value: 2.143480098126146 and parameters: {'f_n': 1.3212596174588542e-06, 'K_d': 206083.40466328606, 'rho_d': 66276205440565.04, 'fission_rate': 4.6873400339470025e+19, 'Dg_D1_scale': 0.43483126967752894, 'Dg_D3_scale': 3.4273362626765382, 'Dv_D1_scale': 0.22330411484990723, 'Dv_D2_scale': 3.883013652657065, 'b_bulk_scale': 0.40522859678001594, 'b_dislocation_scale': 0.1528583142906526, 'gb_scale': 2.9745758194686474, 'gd_bubble_scale': 0.3776668129763664, 'gd_line_scale': 0.9773792790526928, 'gd_line_alpha': 0.90954459920579, 'coalescence_d_scale': 0.3581763058879118, 'capture_scale': 0.8927765104342374}. Best is trial 756 with value: 2.012228641160978.
[I 2026-05-02 22:33:06,443] Trial 758 finished with value: 2.0314901876824534 and parameters: {'f_n': 1.7393149590530592e-06, 'K_d': 112163.41796869152, 'rho_d': 57043076371485.86, 'fission_rate': 4.833224624125867e+19, 'Dg_D1_scale': 0.4847494477158611, 'Dg_D3_scale': 3.1631110460475087, 'Dv_D1_scale': 0.6865662452550703, 'Dv_D2_scale': 3.998738556623054, 'b_bulk_scale': 0.3082677070209452, 'b_dislocation_scale': 0.14044659146715263, 'gb_scale': 3.0426730793129466, 'gd_bubble_scale': 0.42004533081206646, 'gd_line_scale': 1.2105945257893402, 'gd_line_alpha': 0.9215616213890476, 'coalescence_d_scale': 0.3766729007962369, 'capture_scale': 0.4134573807128532}. Best is trial 756 with value: 2.012228641160978.
[I 2026-05-02 22:33:12,262] Trial 759 finished with value: 3.7867503882681914 and parameters: {'f_n': 1.9016712916284318e-06, 'K_d': 108758.8891260685, 'rho_d': 56042328006621.586, 'fission_rate': 4.926195577376286e+19, 'Dg_D1_scale': 0.45015795212380266, 'Dg_D3_scale': 3.13334183754578, 'Dv_D1_scale': 3.9031478794061227, 'Dv_D2_scale': 3.974907937473625, 'b_bulk_scale': 0.32494048177552026, 'b_dislocation_scale': 0.13994994694802537, 'gb_scale': 2.636675039955335, 'gd_bubble_scale': 0.4083123929987219, 'gd_line_scale': 1.6143103555733693, 'gd_line_alpha': 0.9347910167697391, 'coalescence_d_scale': 0.4017200281253169, 'capture_scale': 0.3312681799422936}. Best is trial 756 with value: 2.012228641160978.
[I 2026-05-02 22:33:18,427] Trial 760 finished with value: 2.7699536347178357 and parameters: {'f_n': 1.1245279932641407e-06, 'K_d': 110622.19643997635, 'rho_d': 57250881767801.39, 'fission_rate': 4.728321164308724e+19, 'Dg_D1_scale': 0.47290498460525293, 'Dg_D3_scale': 2.62071687397134, 'Dv_D1_scale': 0.8917449638424869, 'Dv_D2_scale': 3.961581904326423, 'b_bulk_scale': 0.4137602973340947, 'b_dislocation_scale': 0.13385215348955248, 'gb_scale': 2.819151145548661, 'gd_bubble_scale': 0.4088718301303337, 'gd_line_scale': 1.3588595245176007, 'gd_line_alpha': 0.9574980954877693, 'coalescence_d_scale': 0.3826321601918344, 'capture_scale': 0.41277190422225446}. Best is trial 756 with value: 2.012228641160978.
[I 2026-05-02 22:33:24,484] Trial 761 finished with value: 2.3576108792713977 and parameters: {'f_n': 1.3724259203471245e-06, 'K_d': 100012.14410274464, 'rho_d': 62564885398029.06, 'fission_rate': 4.792555364468519e+19, 'Dg_D1_scale': 0.5149727719215178, 'Dg_D3_scale': 3.2256764451675473, 'Dv_D1_scale': 0.6021605227534758, 'Dv_D2_scale': 3.969309038476443, 'b_bulk_scale': 0.32751643094977195, 'b_dislocation_scale': 0.14353274522543616, 'gb_scale': 2.551899821602741, 'gd_bubble_scale': 0.36551868556925776, 'gd_line_scale': 1.2499631299574976, 'gd_line_alpha': 0.9272411610874374, 'coalescence_d_scale': 0.45137355385976946, 'capture_scale': 0.5189436371788447}. Best is trial 756 with value: 2.012228641160978.
[I 2026-05-02 22:33:30,660] Trial 762 finished with value: 2.413136086833224 and parameters: {'f_n': 1.5663021944856475e-06, 'K_d': 106901.71400142419, 'rho_d': 59531342205073.99, 'fission_rate': 4.83499757060176e+19, 'Dg_D1_scale': 0.4742070731733745, 'Dg_D3_scale': 0.5001189299748229, 'Dv_D1_scale': 0.20911561490924965, 'Dv_D2_scale': 0.7708351391819794, 'b_bulk_scale': 0.31227810230301883, 'b_dislocation_scale': 0.15449663595498028, 'gb_scale': 2.410239487178062, 'gd_bubble_scale': 0.44916072583925465, 'gd_line_scale': 1.1244989243319483, 'gd_line_alpha': 0.9277985304168878, 'coalescence_d_scale': 0.3611613087347613, 'capture_scale': 0.2725611003002592}. Best is trial 756 with value: 2.012228641160978.
[I 2026-05-02 22:33:36,779] Trial 763 finished with value: 2.0329331220878384 and parameters: {'f_n': 1.1421878421436824e-06, 'K_d': 112411.24128898556, 'rho_d': 53932722296553.53, 'fission_rate': 4.745190596722349e+19, 'Dg_D1_scale': 0.4254656463150133, 'Dg_D3_scale': 2.8558210540365137, 'Dv_D1_scale': 0.48054007039023916, 'Dv_D2_scale': 3.9963192539596815, 'b_bulk_scale': 0.355662228459422, 'b_dislocation_scale': 0.13642592545361135, 'gb_scale': 3.1905046454711945, 'gd_bubble_scale': 0.32320396456835004, 'gd_line_scale': 1.2324044808618877, 'gd_line_alpha': 0.9484532550827398, 'coalescence_d_scale': 0.40247438133519925, 'capture_scale': 0.3686890982923746}. Best is trial 756 with value: 2.012228641160978.
[I 2026-05-02 22:33:41,175] Trial 764 finished with value: 2.1648398831107256 and parameters: {'f_n': 1.9461915983890815e-06, 'K_d': 121570.21399596256, 'rho_d': 55034005541227.09, 'fission_rate': 4.746056009662338e+19, 'Dg_D1_scale': 0.4285113390230522, 'Dg_D3_scale': 2.8007217367477417, 'Dv_D1_scale': 0.8334911832141042, 'Dv_D2_scale': 3.80621534935307, 'b_bulk_scale': 0.36500141833287636, 'b_dislocation_scale': 0.11767445033711667, 'gb_scale': 2.7740817699197957, 'gd_bubble_scale': 0.3252043243930618, 'gd_line_scale': 1.1759022471398586, 'gd_line_alpha': 0.923831673029999, 'coalescence_d_scale': 0.34313934117179257, 'capture_scale': 0.44482374885585085}. Best is trial 756 with value: 2.012228641160978.
[I 2026-05-02 22:33:47,475] Trial 765 finished with value: 4.237784256895026 and parameters: {'f_n': 8.842978596369226e-09, 'K_d': 121176.1542776801, 'rho_d': 55565018560211.6, 'fission_rate': 4.570463590847104e+19, 'Dg_D1_scale': 0.41698172944968015, 'Dg_D3_scale': 2.9066976644133407, 'Dv_D1_scale': 0.5216066633493778, 'Dv_D2_scale': 3.9563831589552776, 'b_bulk_scale': 0.38033737737849244, 'b_dislocation_scale': 0.13214186741239378, 'gb_scale': 3.249810741026282, 'gd_bubble_scale': 0.33651056548226504, 'gd_line_scale': 1.2653434268068815, 'gd_line_alpha': 0.9156977447771246, 'coalescence_d_scale': 0.38024808002760263, 'capture_scale': 0.3695349076493127}. Best is trial 756 with value: 2.012228641160978.
[I 2026-05-02 22:33:53,528] Trial 766 finished with value: 3.0265544737138614 and parameters: {'f_n': 1.349391738788629e-06, 'K_d': 105563.80190529006, 'rho_d': 71540993873870.06, 'fission_rate': 4.731246355678557e+19, 'Dg_D1_scale': 0.4663446247588746, 'Dg_D3_scale': 2.628982164362503, 'Dv_D1_scale': 1.1933521898590373, 'Dv_D2_scale': 3.767254094003791, 'b_bulk_scale': 0.34988914818944167, 'b_dislocation_scale': 0.12291330835293023, 'gb_scale': 3.1935766179992577, 'gd_bubble_scale': 0.3887088189775002, 'gd_line_scale': 1.1988564941560385, 'gd_line_alpha': 0.964331451349036, 'coalescence_d_scale': 0.44866140045192693, 'capture_scale': 0.40704838441340785}. Best is trial 756 with value: 2.012228641160978.
[I 2026-05-02 22:33:59,466] Trial 767 finished with value: 2.1094359800429627 and parameters: {'f_n': 1.862665316189522e-06, 'K_d': 123618.97583966723, 'rho_d': 62183372435054.72, 'fission_rate': 4.883943108589821e+19, 'Dg_D1_scale': 0.5019084587533571, 'Dg_D3_scale': 3.180588424765088, 'Dv_D1_scale': 0.24444332989687081, 'Dv_D2_scale': 3.7855719271465307, 'b_bulk_scale': 0.47160253632134513, 'b_dislocation_scale': 0.1395092163497719, 'gb_scale': 2.9107017942496407, 'gd_bubble_scale': 0.35972802141181487, 'gd_line_scale': 0.8825202004675053, 'gd_line_alpha': 0.9478475734182058, 'coalescence_d_scale': 0.33873825770816, 'capture_scale': 0.30206475501614605}. Best is trial 756 with value: 2.012228641160978.
[I 2026-05-02 22:34:05,720] Trial 768 finished with value: 2.388022759854393 and parameters: {'f_n': 1.1916151512955323e-06, 'K_d': 117512.85616306843, 'rho_d': 55077560839742.48, 'fission_rate': 4.660696614669384e+19, 'Dg_D1_scale': 0.5443985856776393, 'Dg_D3_scale': 2.951511770264722, 'Dv_D1_scale': 0.5619265605774391, 'Dv_D2_scale': 3.7578946720516995, 'b_bulk_scale': 0.40521047255056397, 'b_dislocation_scale': 0.14124207309492656, 'gb_scale': 2.579342216216978, 'gd_bubble_scale': 0.4248714668081447, 'gd_line_scale': 1.3290697121106998, 'gd_line_alpha': 0.9599894164740533, 'coalescence_d_scale': 0.3907791660464935, 'capture_scale': 0.4551987854105421}. Best is trial 756 with value: 2.012228641160978.Best trial: 756. Best value: 2.01223:  51%|█████     | 768/1500 [56:25<1:11:43,  5.88s/it]Best trial: 756. Best value: 2.01223:  51%|█████     | 768/1500 [56:25<1:11:43,  5.88s/it]Best trial: 756. Best value: 2.01223:  51%|█████▏    | 769/1500 [56:25<1:12:59,  5.99s/it]                                                                                          Best trial: 756. Best value: 2.01223:  51%|█████▏    | 769/1500 [56:30<1:12:59,  5.99s/it]Best trial: 756. Best value: 2.01223:  51%|█████▏    | 769/1500 [56:30<1:12:59,  5.99s/it]Best trial: 756. Best value: 2.01223:  51%|█████▏    | 770/1500 [56:30<1:07:27,  5.54s/it]                                                                                          Best trial: 756. Best value: 2.01223:  51%|█████▏    | 770/1500 [56:36<1:07:27,  5.54s/it]Best trial: 756. Best value: 2.01223:  51%|█████▏    | 770/1500 [56:36<1:07:27,  5.54s/it]Best trial: 756. Best value: 2.01223:  51%|█████▏    | 771/1500 [56:36<1:10:01,  5.76s/it]                                                                                          Best trial: 756. Best value: 2.01223:  51%|█████▏    | 771/1500 [56:42<1:10:01,  5.76s/it]Best trial: 756. Best value: 2.01223:  51%|█████▏    | 771/1500 [56:42<1:10:01,  5.76s/it]Best trial: 756. Best value: 2.01223:  51%|█████▏    | 772/1500 [56:42<1:12:27,  5.97s/it]                                                                                          Best trial: 756. Best value: 2.01223:  51%|█████▏    | 772/1500 [56:49<1:12:27,  5.97s/it]Best trial: 756. Best value: 2.01223:  51%|█████▏    | 772/1500 [56:49<1:12:27,  5.97s/it]Best trial: 756. Best value: 2.01223:  52%|█████▏    | 773/1500 [56:49<1:13:17,  6.05s/it]                                                                                          Best trial: 756. Best value: 2.01223:  52%|█████▏    | 773/1500 [56:55<1:13:17,  6.05s/it]Best trial: 756. Best value: 2.01223:  52%|█████▏    | 773/1500 [56:55<1:13:17,  6.05s/it]Best trial: 756. Best value: 2.01223:  52%|█████▏    | 774/1500 [56:55<1:14:24,  6.15s/it]                                                                                          Best trial: 756. Best value: 2.01223:  52%|█████▏    | 774/1500 [56:59<1:14:24,  6.15s/it]Best trial: 756. Best value: 2.01223:  52%|█████▏    | 774/1500 [57:00<1:14:24,  6.15s/it]Best trial: 756. Best value: 2.01223:  52%|█████▏    | 775/1500 [57:00<1:08:14,  5.65s/it]                                                                                          Best trial: 756. Best value: 2.01223:  52%|█████▏    | 775/1500 [57:05<1:08:14,  5.65s/it]Best trial: 756. Best value: 2.01223:  52%|█████▏    | 775/1500 [57:05<1:08:14,  5.65s/it]Best trial: 756. Best value: 2.01223:  52%|█████▏    | 776/1500 [57:05<1:09:02,  5.72s/it]                                                                                          Best trial: 756. Best value: 2.01223:  52%|█████▏    | 776/1500 [57:11<1:09:02,  5.72s/it]Best trial: 756. Best value: 2.01223:  52%|█████▏    | 776/1500 [57:11<1:09:02,  5.72s/it]Best trial: 756. Best value: 2.01223:  52%|█████▏    | 777/1500 [57:11<1:09:32,  5.77s/it]                                                                                          Best trial: 756. Best value: 2.01223:  52%|█████▏    | 777/1500 [57:17<1:09:32,  5.77s/it]Best trial: 756. Best value: 2.01223:  52%|█████▏    | 777/1500 [57:17<1:09:32,  5.77s/it]Best trial: 756. Best value: 2.01223:  52%|█████▏    | 778/1500 [57:17<1:10:27,  5.86s/it]                                                                                          Best trial: 756. Best value: 2.01223:  52%|█████▏    | 778/1500 [57:24<1:10:27,  5.86s/it]Best trial: 756. Best value: 2.01223:  52%|█████▏    | 778/1500 [57:24<1:10:27,  5.86s/it]Best trial: 756. Best value: 2.01223:  52%|█████▏    | 779/1500 [57:24<1:11:42,  5.97s/it]                                                                                          Best trial: 756. Best value: 2.01223:  52%|█████▏    | 779/1500 [57:28<1:11:42,  5.97s/it]Best trial: 756. Best value: 2.01223:  52%|█████▏    | 779/1500 [57:28<1:11:42,  5.97s/it]Best trial: 756. Best value: 2.01223:  52%|█████▏    | 780/1500 [57:28<1:05:43,  5.48s/it]                                                                                          
[I 2026-05-02 22:34:10,217] Trial 769 finished with value: 2.6221910860199347 and parameters: {'f_n': 1.544458162787995e-06, 'K_d': 109672.86454188728, 'rho_d': 53283165964309.52, 'fission_rate': 4.804023653676766e+19, 'Dg_D1_scale': 0.5705317471992828, 'Dg_D3_scale': 3.081033778563368, 'Dv_D1_scale': 0.4608036354554645, 'Dv_D2_scale': 3.6712525522164188, 'b_bulk_scale': 0.3487202392236218, 'b_dislocation_scale': 0.10892645730080507, 'gb_scale': 3.221036432213899, 'gd_bubble_scale': 0.46420228140742475, 'gd_line_scale': 1.6797352858036299, 'gd_line_alpha': 0.9352040368857751, 'coalescence_d_scale': 0.5257737778558473, 'capture_scale': 0.3044657843702195}. Best is trial 756 with value: 2.012228641160978.
[I 2026-05-02 22:34:16,487] Trial 770 finished with value: 2.481809086038846 and parameters: {'f_n': 2.096202211148815e-06, 'K_d': 111067.12460462758, 'rho_d': 58289717966280.47, 'fission_rate': 4.608091481941854e+19, 'Dg_D1_scale': 0.4443727822738141, 'Dg_D3_scale': 2.735336457132534, 'Dv_D1_scale': 0.6157426546487668, 'Dv_D2_scale': 3.8338323560658316, 'b_bulk_scale': 0.3204331278483088, 'b_dislocation_scale': 0.09629429981490474, 'gb_scale': 3.119984173554614, 'gd_bubble_scale': 0.4016788104737309, 'gd_line_scale': 1.3690568606616753, 'gd_line_alpha': 0.9821047565126061, 'coalescence_d_scale': 0.33997603568479967, 'capture_scale': 0.5988987507360035}. Best is trial 756 with value: 2.012228641160978.
[I 2026-05-02 22:34:22,953] Trial 771 finished with value: 4.296740623927661 and parameters: {'f_n': 3.549849348625045e-08, 'K_d': 127979.8487667344, 'rho_d': 63744014893643.68, 'fission_rate': 4.532342623094553e+19, 'Dg_D1_scale': 0.4839691610308932, 'Dg_D3_scale': 3.362373989221527, 'Dv_D1_scale': 0.439370147000049, 'Dv_D2_scale': 3.958561586711934, 'b_bulk_scale': 0.38564266389281426, 'b_dislocation_scale': 0.12424762159116257, 'gb_scale': 3.4962933152297784, 'gd_bubble_scale': 0.33615252569693255, 'gd_line_scale': 1.5556165098363988, 'gd_line_alpha': 0.9396641530513963, 'coalescence_d_scale': 0.48578599181237286, 'capture_scale': 0.36144342033912036}. Best is trial 756 with value: 2.012228641160978.
[I 2026-05-02 22:34:29,178] Trial 772 finished with value: 2.1915686130364094 and parameters: {'f_n': 1.032246729996579e-06, 'K_d': 116114.30181819803, 'rho_d': 57188527643482.61, 'fission_rate': 4.691327298248104e+19, 'Dg_D1_scale': 0.5255434702366412, 'Dg_D3_scale': 3.1693382388806683, 'Dv_D1_scale': 0.39866089975895347, 'Dv_D2_scale': 3.6624367276398253, 'b_bulk_scale': 0.3482132398584926, 'b_dislocation_scale': 0.1542492471395224, 'gb_scale': 3.7091725773270805, 'gd_bubble_scale': 0.4414270513501261, 'gd_line_scale': 1.01917508997677, 'gd_line_alpha': 0.9043935126973061, 'coalescence_d_scale': 0.37558183721322486, 'capture_scale': 0.1474454476250206}. Best is trial 756 with value: 2.012228641160978.
[I 2026-05-02 22:34:35,565] Trial 773 finished with value: 2.550942557633698 and parameters: {'f_n': 1.5214020503859834e-06, 'K_d': 106646.98272512783, 'rho_d': 53851776908681.18, 'fission_rate': 4.513807978111446e+19, 'Dg_D1_scale': 0.41737176621428773, 'Dg_D3_scale': 2.4651685005064397, 'Dv_D1_scale': 0.4815885207648892, 'Dv_D2_scale': 3.9606479395290304, 'b_bulk_scale': 0.3075361232033017, 'b_dislocation_scale': 0.13434417857612152, 'gb_scale': 2.7473109614192763, 'gd_bubble_scale': 0.378793914117233, 'gd_line_scale': 1.8900675603842956, 'gd_line_alpha': 0.950599950111872, 'coalescence_d_scale': 0.42516994246080136, 'capture_scale': 0.6707091052645191}. Best is trial 756 with value: 2.012228641160978.
