[I 2026-05-02 21:48:10,462] Trial 144 finished with value: 3.0108233594892173 and parameters: {'f_n': 5.693419057393645e-07, 'K_d': 201644.14761652405, 'rho_d': 43697078102373.76, 'fission_rate': 7.86298323958926e+19, 'Dg_D1_scale': 1.9222635045013527, 'Dg_D3_scale': 0.18704344239234033, 'Dv_D1_scale': 0.3438711187976675, 'Dv_D2_scale': 3.7781826457280485, 'b_bulk_scale': 0.11920597114215925, 'b_dislocation_scale': 0.6213616168347877, 'gb_scale': 0.40965429856317365, 'gd_bubble_scale': 0.0716817048917309, 'gd_line_scale': 9.827846352436154, 'gd_line_alpha': 0.6576032780786665, 'coalescence_d_scale': 0.24012284997847236, 'capture_scale': 0.04538256940019026}. Best is trial 61 with value: 2.286562733614546.Best trial: 61. Best value: 2.28656:  10%|▉         | 144/1500 [10:30<1:27:54,  3.89s/it]Best trial: 61. Best value: 2.28656:  10%|▉         | 144/1500 [10:30<1:27:54,  3.89s/it]Best trial: 61. Best value: 2.28656:  10%|▉         | 145/1500 [10:30<1:28:41,  3.93s/it]                                                                                         Best trial: 61. Best value: 2.28656:  10%|▉         | 145/1500 [10:32<1:28:41,  3.93s/it]Best trial: 61. Best value: 2.28656:  10%|▉         | 145/1500 [10:32<1:28:41,  3.93s/it]Best trial: 61. Best value: 2.28656:  10%|▉         | 146/1500 [10:32<1:18:01,  3.46s/it]                                                                                         Best trial: 61. Best value: 2.28656:  10%|▉         | 146/1500 [10:36<1:18:01,  3.46s/it]Best trial: 61. Best value: 2.28656:  10%|▉         | 146/1500 [10:36<1:18:01,  3.46s/it]Best trial: 61. Best value: 2.28656:  10%|▉         | 147/1500 [10:36<1:21:31,  3.62s/it]                                                                                         Best trial: 61. Best value: 2.28656:  10%|▉         | 147/1500 [10:40<1:21:31,  3.62s/it]Best trial: 61. Best value: 2.28656:  10%|▉         | 147/1500 [10:40<1:21:31,  3.62s/it]Best trial: 61. Best value: 2.28656:  10%|▉         | 148/1500 [10:40<1:24:23,  3.75s/it]                                                                                         Best trial: 61. Best value: 2.28656:  10%|▉         | 148/1500 [10:44<1:24:23,  3.75s/it]Best trial: 61. Best value: 2.28656:  10%|▉         | 148/1500 [10:44<1:24:23,  3.75s/it]Best trial: 61. Best value: 2.28656:  10%|▉         | 149/1500 [10:44<1:25:50,  3.81s/it]                                                                                         Best trial: 61. Best value: 2.28656:  10%|▉         | 149/1500 [10:48<1:25:50,  3.81s/it]Best trial: 61. Best value: 2.28656:  10%|▉         | 149/1500 [10:48<1:25:50,  3.81s/it]Best trial: 61. Best value: 2.28656:  10%|█         | 150/1500 [10:48<1:27:01,  3.87s/it]                                                                                         Best trial: 61. Best value: 2.28656:  10%|█         | 150/1500 [10:52<1:27:01,  3.87s/it]Best trial: 61. Best value: 2.28656:  10%|█         | 150/1500 [10:52<1:27:01,  3.87s/it]Best trial: 61. Best value: 2.28656:  10%|█         | 151/1500 [10:52<1:27:48,  3.91s/it]                                                                                         Best trial: 61. Best value: 2.28656:  10%|█         | 151/1500 [10:56<1:27:48,  3.91s/it]Best trial: 61. Best value: 2.28656:  10%|█         | 151/1500 [10:56<1:27:48,  3.91s/it]Best trial: 61. Best value: 2.28656:  10%|█         | 152/1500 [10:56<1:28:07,  3.92s/it]                                                                                         Best trial: 61. Best value: 2.28656:  10%|█         | 152/1500 [11:00<1:28:07,  3.92s/it]Best trial: 61. Best value: 2.28656:  10%|█         | 152/1500 [11:00<1:28:07,  3.92s/it]Best trial: 61. Best value: 2.28656:  10%|█         | 153/1500 [11:00<1:28:07,  3.93s/it]                                                                                         Best trial: 61. Best value: 2.28656:  10%|█         | 153/1500 [11:02<1:28:07,  3.93s/it]Best trial: 61. Best value: 2.28656:  10%|█         | 153/1500 [11:03<1:28:07,  3.93s/it]Best trial: 61. Best value: 2.28656:  10%|█         | 154/1500 [11:03<1:17:08,  3.44s/it]                                                                                         Best trial: 61. Best value: 2.28656:  10%|█         | 154/1500 [11:06<1:17:08,  3.44s/it]Best trial: 61. Best value: 2.28656:  10%|█         | 154/1500 [11:06<1:17:08,  3.44s/it]Best trial: 61. Best value: 2.28656:  10%|█         | 155/1500 [11:06<1:20:19,  3.58s/it]                                                                                         Best trial: 61. Best value: 2.28656:  10%|█         | 155/1500 [11:10<1:20:19,  3.58s/it]Best trial: 61. Best value: 2.28656:  10%|█         | 155/1500 [11:10<1:20:19,  3.58s/it]Best trial: 61. Best value: 2.28656:  10%|█         | 156/1500 [11:10<1:22:35,  3.69s/it]                                                                                         
[I 2026-05-02 21:48:12,823] Trial 145 finished with value: 2.3992429771422863 and parameters: {'f_n': 2.827063338668343e-07, 'K_d': 225199.18342397007, 'rho_d': 37541667473444.96, 'fission_rate': 7.802558028556195e+19, 'Dg_D1_scale': 1.5513257227135882, 'Dg_D3_scale': 0.17448532248646664, 'Dv_D1_scale': 0.3847150207644125, 'Dv_D2_scale': 2.780560171734928, 'b_bulk_scale': 0.09277638565780649, 'b_dislocation_scale': 0.9815109376476895, 'gb_scale': 0.5920985274148297, 'gd_bubble_scale': 0.05953253704379453, 'gd_line_scale': 8.318075627290492, 'gd_line_alpha': 0.6046747898532262, 'coalescence_d_scale': 0.3001123379752509, 'capture_scale': 0.05575364714115022}. Best is trial 61 with value: 2.286562733614546.
[I 2026-05-02 21:48:16,809] Trial 146 finished with value: 2.547299220115248 and parameters: {'f_n': 2.730215693121626e-07, 'K_d': 227807.39113653783, 'rho_d': 37698629238747.96, 'fission_rate': 7.688616972463807e+19, 'Dg_D1_scale': 1.5965751865705946, 'Dg_D3_scale': 0.17570801525229293, 'Dv_D1_scale': 0.38839688791386107, 'Dv_D2_scale': 3.2691103236615096, 'b_bulk_scale': 0.09027748647692747, 'b_dislocation_scale': 0.7142557775019872, 'gb_scale': 0.5935147033035464, 'gd_bubble_scale': 0.07987570863989044, 'gd_line_scale': 8.322987748151613, 'gd_line_alpha': 0.6001591917031212, 'coalescence_d_scale': 0.2927107483690727, 'capture_scale': 0.024839396898360976}. Best is trial 61 with value: 2.286562733614546.
[I 2026-05-02 21:48:20,854] Trial 147 finished with value: 2.9139489558759153 and parameters: {'f_n': 5.069755449190079e-07, 'K_d': 259770.79861494157, 'rho_d': 45578588928880.92, 'fission_rate': 7.809355241890452e+19, 'Dg_D1_scale': 1.8733945052899172, 'Dg_D3_scale': 0.24897573652082447, 'Dv_D1_scale': 0.463290979831725, 'Dv_D2_scale': 2.783436043659645, 'b_bulk_scale': 0.1475631386703698, 'b_dislocation_scale': 0.930402398922017, 'gb_scale': 0.5243520032025466, 'gd_bubble_scale': 0.062256483874950336, 'gd_line_scale': 9.979836339118044, 'gd_line_alpha': 0.6257422693650087, 'coalescence_d_scale': 0.20287125991830568, 'capture_scale': 0.03919858346596908}. Best is trial 61 with value: 2.286562733614546.
[I 2026-05-02 21:48:24,824] Trial 148 finished with value: 2.402242704388981 and parameters: {'f_n': 8.28261782942951e-07, 'K_d': 285208.9284224742, 'rho_d': 41223522779489.69, 'fission_rate': 7.780573175169183e+19, 'Dg_D1_scale': 1.510568869988169, 'Dg_D3_scale': 0.22351119971381056, 'Dv_D1_scale': 0.3301459840438238, 'Dv_D2_scale': 3.1302009372925577, 'b_bulk_scale': 0.09820113402324263, 'b_dislocation_scale': 0.9884790640140547, 'gb_scale': 0.4470998428714001, 'gd_bubble_scale': 0.050595895530890035, 'gd_line_scale': 8.816905054494978, 'gd_line_alpha': 0.6755793962502267, 'coalescence_d_scale': 0.26486009010539013, 'capture_scale': 0.05522981994132203}. Best is trial 61 with value: 2.286562733614546.
[I 2026-05-02 21:48:28,818] Trial 149 finished with value: 2.50435574281122 and parameters: {'f_n': 8.632211196954739e-07, 'K_d': 289155.5687447064, 'rho_d': 41001920815491.58, 'fission_rate': 7.637379273288244e+19, 'Dg_D1_scale': 1.5267589656659522, 'Dg_D3_scale': 0.198937098630909, 'Dv_D1_scale': 0.3308682882941404, 'Dv_D2_scale': 3.0778591707063585, 'b_bulk_scale': 0.12879828003545463, 'b_dislocation_scale': 0.9791089410592861, 'gb_scale': 0.5800645839928839, 'gd_bubble_scale': 0.09191568915338044, 'gd_line_scale': 6.667522736244185, 'gd_line_alpha': 0.5660788981439013, 'coalescence_d_scale': 0.25698478186027884, 'capture_scale': 0.05263027032131104}. Best is trial 61 with value: 2.286562733614546.
[I 2026-05-02 21:48:32,815] Trial 150 finished with value: 2.350430285756049 and parameters: {'f_n': 6.438487116417948e-07, 'K_d': 242205.64569346927, 'rho_d': 35230341468446.58, 'fission_rate': 7.787576260157196e+19, 'Dg_D1_scale': 1.313121137437745, 'Dg_D3_scale': 0.16725032887517385, 'Dv_D1_scale': 0.3597155177145044, 'Dv_D2_scale': 3.4627674941099866, 'b_bulk_scale': 0.10699233419851406, 'b_dislocation_scale': 0.8006987301774621, 'gb_scale': 0.7816010877999078, 'gd_bubble_scale': 0.07497114412486157, 'gd_line_scale': 8.398181044168313, 'gd_line_alpha': 0.683139662917354, 'coalescence_d_scale': 0.3311927630033958, 'capture_scale': 0.033037508141027835}. Best is trial 61 with value: 2.286562733614546.
[I 2026-05-02 21:48:36,776] Trial 151 finished with value: 2.3742297300815562 and parameters: {'f_n': 6.52942239284017e-07, 'K_d': 271964.8281304572, 'rho_d': 37776013256909.63, 'fission_rate': 7.795254549751197e+19, 'Dg_D1_scale': 1.4046290133983883, 'Dg_D3_scale': 0.16214741671218347, 'Dv_D1_scale': 0.36972982113663694, 'Dv_D2_scale': 3.3944478695010303, 'b_bulk_scale': 0.0998104590664254, 'b_dislocation_scale': 0.7283175992478383, 'gb_scale': 0.8044474688296919, 'gd_bubble_scale': 0.05807266726445181, 'gd_line_scale': 8.428916671213594, 'gd_line_alpha': 0.683622387485098, 'coalescence_d_scale': 0.2714510005106847, 'capture_scale': 0.03197833269095102}. Best is trial 61 with value: 2.286562733614546.
[I 2026-05-02 21:48:40,708] Trial 152 finished with value: 2.4195911986389125 and parameters: {'f_n': 1.1502193187372727e-06, 'K_d': 272664.2444056246, 'rho_d': 37553382008369.7, 'fission_rate': 7.770153434958973e+19, 'Dg_D1_scale': 1.3580517717113798, 'Dg_D3_scale': 0.16425054739136827, 'Dv_D1_scale': 0.35071040738521436, 'Dv_D2_scale': 3.317479481855936, 'b_bulk_scale': 0.09720392039039134, 'b_dislocation_scale': 0.7782144771778056, 'gb_scale': 0.7568833845879198, 'gd_bubble_scale': 0.058241482656626216, 'gd_line_scale': 8.52171771298177, 'gd_line_alpha': 0.6905999009804002, 'coalescence_d_scale': 0.31841040252408503, 'capture_scale': 0.028059669430624934}. Best is trial 61 with value: 2.286562733614546.
[I 2026-05-02 21:48:43,011] Trial 153 finished with value: 2.3832784821580613 and parameters: {'f_n': 8.285987788221099e-07, 'K_d': 301003.5779739144, 'rho_d': 42296601199696.49, 'fission_rate': 7.888835765198635e+19, 'Dg_D1_scale': 1.2634822050053336, 'Dg_D3_scale': 0.15629536799290705, 'Dv_D1_scale': 0.3224770380619869, 'Dv_D2_scale': 3.5883243180837576, 'b_bulk_scale': 0.13153271913408196, 'b_dislocation_scale': 0.6025790378965956, 'gb_scale': 0.6326334103063843, 'gd_bubble_scale': 0.078502870668648, 'gd_line_scale': 6.501775328918149, 'gd_line_alpha': 0.7479601870564683, 'coalescence_d_scale': 0.2896341474555656, 'capture_scale': 0.031773868786057896}. Best is trial 61 with value: 2.286562733614546.
[I 2026-05-02 21:48:46,932] Trial 154 finished with value: 2.380173695970144 and parameters: {'f_n': 6.466517793354462e-07, 'K_d': 247185.4495829287, 'rho_d': 38773765769075.76, 'fission_rate': 7.8956697976313e+19, 'Dg_D1_scale': 1.2599855815991503, 'Dg_D3_scale': 0.1748560764118274, 'Dv_D1_scale': 0.37383515689003877, 'Dv_D2_scale': 3.7530203193937206, 'b_bulk_scale': 0.12914662833524548, 'b_dislocation_scale': 0.5794361779511572, 'gb_scale': 0.6238661010699859, 'gd_bubble_scale': 0.0780533912700083, 'gd_line_scale': 6.722636601958658, 'gd_line_alpha': 0.7326600165604401, 'coalescence_d_scale': 0.3049400552183651, 'capture_scale': 0.030031689792782364}. Best is trial 61 with value: 2.286562733614546.
[I 2026-05-02 21:48:50,859] Trial 155 finished with value: 2.612995843375221 and parameters: {'f_n': 6.499429754145887e-07, 'K_d': 308697.0396813027, 'rho_d': 43081433056641.87, 'fission_rate': 7.888315677966244e+19, 'Dg_D1_scale': 1.4286515389883334, 'Dg_D3_scale': 0.15245439652953788, 'Dv_D1_scale': 0.32069295800399766, 'Dv_D2_scale': 3.951508400184981, 'b_bulk_scale': 0.13717175206330134, 'b_dislocation_scale': 0.44903279386333683, 'gb_scale': 0.7660870678902689, 'gd_bubble_scale': 0.07650075727617942, 'gd_line_scale': 6.471035511653172, 'gd_line_alpha': 0.7397533701528696, 'coalescence_d_scale': 0.22245707488789765, 'capture_scale': 0.03275533684130347}. Best is trial 61 with value: 2.286562733614546.
[I 2026-05-02 21:48:54,788] Trial 156 finished with value: 2.5984866829685367 and parameters: {'f_n': 4.813211944441965e-07, 'K_d': 242106.68530723412, 'rho_d': 48403054484849.4, 'fission_rate': 7.896741260452846e+19, 'Dg_D1_scale': 1.246957846627401, 'Dg_D3_scale': 0.18970345373990988, 'Dv_D1_scale': 0.3594269732116851, 'Dv_D2_scale': 3.451791407981119, 'b_bulk_scale': 0.16581547964789953, 'b_dislocation_scale': 0.6014627017260988, 'gb_scale': 0.8229944233806085, 'gd_bubble_scale': 0.08894009504570212, 'gd_line_scale': 6.901022827514777, 'gd_line_alpha': 0.7325693311664695, 'coalescence_d_scale': 0.33380622089279705, 'capture_scale': 0.03088661309223823}. Best is trial 61 with value: 2.286562733614546.Best trial: 61. Best value: 2.28656:  10%|█         | 156/1500 [11:14<1:22:35,  3.69s/it]Best trial: 61. Best value: 2.28656:  10%|█         | 156/1500 [11:14<1:22:35,  3.69s/it]Best trial: 61. Best value: 2.28656:  10%|█         | 157/1500 [11:14<1:24:08,  3.76s/it]                                                                                         Best trial: 61. Best value: 2.28656:  10%|█         | 157/1500 [11:18<1:24:08,  3.76s/it]Best trial: 61. Best value: 2.28656:  10%|█         | 157/1500 [11:18<1:24:08,  3.76s/it]Best trial: 61. Best value: 2.28656:  11%|█         | 158/1500 [11:18<1:25:27,  3.82s/it]                                                                                         Best trial: 61. Best value: 2.28656:  11%|█         | 158/1500 [11:22<1:25:27,  3.82s/it]Best trial: 61. Best value: 2.28656:  11%|█         | 158/1500 [11:22<1:25:27,  3.82s/it]Best trial: 61. Best value: 2.28656:  11%|█         | 159/1500 [11:22<1:26:10,  3.86s/it]                                                                                         Best trial: 61. Best value: 2.28656:  11%|█         | 159/1500 [11:25<1:26:10,  3.86s/it]Best trial: 61. Best value: 2.28656:  11%|█         | 159/1500 [11:25<1:26:10,  3.86s/it]Best trial: 61. Best value: 2.28656:  11%|█         | 160/1500 [11:25<1:21:19,  3.64s/it]                                                                                         Best trial: 61. Best value: 2.28656:  11%|█         | 160/1500 [11:29<1:21:19,  3.64s/it]Best trial: 61. Best value: 2.28656:  11%|█         | 160/1500 [11:29<1:21:19,  3.64s/it]Best trial: 61. Best value: 2.28656:  11%|█         | 161/1500 [11:29<1:23:51,  3.76s/it]                                                                                         Best trial: 61. Best value: 2.28656:  11%|█         | 161/1500 [11:32<1:23:51,  3.76s/it]Best trial: 61. Best value: 2.28656:  11%|█         | 161/1500 [11:32<1:23:51,  3.76s/it]Best trial: 61. Best value: 2.28656:  11%|█         | 162/1500 [11:32<1:15:23,  3.38s/it]                                                                                         Best trial: 61. Best value: 2.28656:  11%|█         | 162/1500 [11:36<1:15:23,  3.38s/it]Best trial: 61. Best value: 2.28656:  11%|█         | 162/1500 [11:36<1:15:23,  3.38s/it]Best trial: 61. Best value: 2.28656:  11%|█         | 163/1500 [11:36<1:19:46,  3.58s/it]                                                                                         Best trial: 61. Best value: 2.28656:  11%|█         | 163/1500 [11:40<1:19:46,  3.58s/it]Best trial: 61. Best value: 2.28656:  11%|█         | 163/1500 [11:40<1:19:46,  3.58s/it]Best trial: 61. Best value: 2.28656:  11%|█         | 164/1500 [11:40<1:21:33,  3.66s/it]                                                                                         Best trial: 61. Best value: 2.28656:  11%|█         | 164/1500 [11:44<1:21:33,  3.66s/it]Best trial: 61. Best value: 2.28656:  11%|█         | 164/1500 [11:44<1:21:33,  3.66s/it]Best trial: 61. Best value: 2.28656:  11%|█         | 165/1500 [11:44<1:24:17,  3.79s/it]                                                                                         Best trial: 61. Best value: 2.28656:  11%|█         | 165/1500 [11:48<1:24:17,  3.79s/it]Best trial: 61. Best value: 2.28656:  11%|█         | 165/1500 [11:48<1:24:17,  3.79s/it]Best trial: 61. Best value: 2.28656:  11%|█         | 166/1500 [11:48<1:25:16,  3.84s/it]                                                                                         Best trial: 61. Best value: 2.28656:  11%|█         | 166/1500 [11:52<1:25:16,  3.84s/it]Best trial: 166. Best value: 2.27886:  11%|█         | 166/1500 [11:52<1:25:16,  3.84s/it]Best trial: 166. Best value: 2.27886:  11%|█         | 167/1500 [11:52<1:26:08,  3.88s/it]                                                                                          Best trial: 166. Best value: 2.27886:  11%|█         | 167/1500 [11:56<1:26:08,  3.88s/it]Best trial: 166. Best value: 2.27886:  11%|█         | 167/1500 [11:56<1:26:08,  3.88s/it]Best trial: 166. Best value: 2.27886:  11%|█         | 168/1500 [11:56<1:26:13,  3.88s/it]                                                                                          
[I 2026-05-02 21:48:58,752] Trial 157 finished with value: 2.506909759413156 and parameters: {'f_n': 2.479410685119996e-06, 'K_d': 267608.75139595894, 'rho_d': 30809158437058.723, 'fission_rate': 7.628611868304468e+19, 'Dg_D1_scale': 1.3005002584874943, 'Dg_D3_scale': 0.16118555376257593, 'Dv_D1_scale': 0.2932014425084604, 'Dv_D2_scale': 3.726048563706297, 'b_bulk_scale': 0.1176483753776087, 'b_dislocation_scale': 0.5124960571708037, 'gb_scale': 0.6877704848570106, 'gd_bubble_scale': 0.0672017997986532, 'gd_line_scale': 6.294718256619138, 'gd_line_alpha': 0.7642135060125398, 'coalescence_d_scale': 0.2887826510143617, 'capture_scale': 0.03448290811300327}. Best is trial 61 with value: 2.286562733614546.
[I 2026-05-02 21:49:02,692] Trial 158 finished with value: 3.1162431874908934 and parameters: {'f_n': 6.358115109921882e-07, 'K_d': 256876.6715157473, 'rho_d': 39058386580340.84, 'fission_rate': 7.915057775882368e+19, 'Dg_D1_scale': 1.2198300540548879, 'Dg_D3_scale': 0.17215388652218647, 'Dv_D1_scale': 0.3082490217987407, 'Dv_D2_scale': 3.4560370298831247, 'b_bulk_scale': 0.20267650773676463, 'b_dislocation_scale': 0.42805325737737043, 'gb_scale': 0.6343922737499883, 'gd_bubble_scale': 0.07878018769905994, 'gd_line_scale': 9.97853993142372, 'gd_line_alpha': 0.7114692593815419, 'coalescence_d_scale': 0.1877971499590211, 'capture_scale': 0.023184248182944248}. Best is trial 61 with value: 2.286562733614546.
[I 2026-05-02 21:49:05,832] Trial 159 finished with value: 4.915166790602063 and parameters: {'f_n': 1.1854525968130154e-06, 'K_d': 209250.11480021273, 'rho_d': 34790593965891.43, 'fission_rate': 7.992646666383226e+19, 'Dg_D1_scale': 1.4082621884358044, 'Dg_D3_scale': 0.20906341673482665, 'Dv_D1_scale': 0.43691806048141874, 'Dv_D2_scale': 3.5276215570707214, 'b_bulk_scale': 0.14780274459214077, 'b_dislocation_scale': 0.6447162290395738, 'gb_scale': 0.5265139704061492, 'gd_bubble_scale': 0.0665715616984739, 'gd_line_scale': 0.055385051680186245, 'gd_line_alpha': 0.8315855038818597, 'coalescence_d_scale': 0.2399582647932143, 'capture_scale': 0.0277200682171507}. Best is trial 61 with value: 2.286562733614546.
[I 2026-05-02 21:49:09,862] Trial 160 finished with value: 2.3788537368461307 and parameters: {'f_n': 8.219642482192318e-07, 'K_d': 241496.97050940926, 'rho_d': 40902105368677.84, 'fission_rate': 7.52903018002282e+19, 'Dg_D1_scale': 1.6920009003285823, 'Dg_D3_scale': 0.18382820645298453, 'Dv_D1_scale': 0.3629722165624312, 'Dv_D2_scale': 3.855582945332995, 'b_bulk_scale': 0.13014856098946095, 'b_dislocation_scale': 0.7076536984698616, 'gb_scale': 1.0942755116127263, 'gd_bubble_scale': 0.056285137997373336, 'gd_line_scale': 7.064241467910608, 'gd_line_alpha': 0.6652787789437953, 'coalescence_d_scale': 0.17293048417244378, 'capture_scale': 0.036217893586586385}. Best is trial 61 with value: 2.286562733614546.
[I 2026-05-02 21:49:12,360] Trial 161 finished with value: 2.5746385017861937 and parameters: {'f_n': 3.6999442741730196e-07, 'K_d': 245069.749502091, 'rho_d': 47116015721131.79, 'fission_rate': 7.541960116535042e+19, 'Dg_D1_scale': 1.7073097032867637, 'Dg_D3_scale': 0.18141426263500018, 'Dv_D1_scale': 0.3614670749179516, 'Dv_D2_scale': 3.750882767406628, 'b_bulk_scale': 0.12747712714160617, 'b_dislocation_scale': 0.6888681155277433, 'gb_scale': 0.9478919569756841, 'gd_bubble_scale': 0.05864753171621231, 'gd_line_scale': 7.29819113777513, 'gd_line_alpha': 0.6623744929143984, 'coalescence_d_scale': 0.16809948670353705, 'capture_scale': 0.046634381528530076}. Best is trial 61 with value: 2.286562733614546.
