[I 2026-05-02 22:18:36,625] Trial 576 finished with value: 2.275581460745649 and parameters: {'f_n': 8.429679686405078e-07, 'K_d': 273989.3709731488, 'rho_d': 38993517781250.23, 'fission_rate': 6.272322456604376e+19, 'Dg_D1_scale': 2.4949372814056825, 'Dg_D3_scale': 3.1744552937229367, 'Dv_D1_scale': 0.24282713805338382, 'Dv_D2_scale': 3.3715502700595747, 'b_bulk_scale': 0.22549117456883386, 'b_dislocation_scale': 0.16575917991909284, 'gb_scale': 6.6357051396920355, 'gd_bubble_scale': 0.4692152711649882, 'gd_line_scale': 4.6918347024027245, 'gd_line_alpha': 0.8552314218319147, 'coalescence_d_scale': 0.34049227801105447, 'capture_scale': 1.318662858335366}. Best is trial 444 with value: 2.0614202321115003.Best trial: 444. Best value: 2.06142:  38%|███▊      | 576/1500 [40:56<1:10:27,  4.58s/it]Best trial: 444. Best value: 2.06142:  38%|███▊      | 576/1500 [40:56<1:10:27,  4.58s/it]Best trial: 444. Best value: 2.06142:  38%|███▊      | 577/1500 [40:56<1:11:13,  4.63s/it]                                                                                          Best trial: 444. Best value: 2.06142:  38%|███▊      | 577/1500 [41:01<1:11:13,  4.63s/it]Best trial: 444. Best value: 2.06142:  38%|███▊      | 577/1500 [41:01<1:11:13,  4.63s/it]Best trial: 444. Best value: 2.06142:  39%|███▊      | 578/1500 [41:01<1:12:01,  4.69s/it]                                                                                          Best trial: 444. Best value: 2.06142:  39%|███▊      | 578/1500 [41:06<1:12:01,  4.69s/it]Best trial: 444. Best value: 2.06142:  39%|███▊      | 578/1500 [41:06<1:12:01,  4.69s/it]Best trial: 444. Best value: 2.06142:  39%|███▊      | 579/1500 [41:06<1:13:32,  4.79s/it]                                                                                          Best trial: 444. Best value: 2.06142:  39%|███▊      | 579/1500 [41:09<1:13:32,  4.79s/it]Best trial: 444. Best value: 2.06142:  39%|███▊      | 579/1500 [41:09<1:13:32,  4.79s/it]Best trial: 444. Best value: 2.06142:  39%|███▊      | 580/1500 [41:09<1:05:33,  4.28s/it]                                                                                          Best trial: 444. Best value: 2.06142:  39%|███▊      | 580/1500 [41:14<1:05:33,  4.28s/it]Best trial: 444. Best value: 2.06142:  39%|███▊      | 580/1500 [41:14<1:05:33,  4.28s/it]Best trial: 444. Best value: 2.06142:  39%|███▊      | 581/1500 [41:14<1:07:18,  4.39s/it]                                                                                          Best trial: 444. Best value: 2.06142:  39%|███▊      | 581/1500 [41:19<1:07:18,  4.39s/it]Best trial: 444. Best value: 2.06142:  39%|███▊      | 581/1500 [41:19<1:07:18,  4.39s/it]Best trial: 444. Best value: 2.06142:  39%|███▉      | 582/1500 [41:19<1:09:25,  4.54s/it]                                                                                          Best trial: 444. Best value: 2.06142:  39%|███▉      | 582/1500 [41:23<1:09:25,  4.54s/it]Best trial: 444. Best value: 2.06142:  39%|███▉      | 582/1500 [41:24<1:09:25,  4.54s/it]Best trial: 444. Best value: 2.06142:  39%|███▉      | 583/1500 [41:24<1:11:15,  4.66s/it]                                                                                          Best trial: 444. Best value: 2.06142:  39%|███▉      | 583/1500 [41:28<1:11:15,  4.66s/it]Best trial: 444. Best value: 2.06142:  39%|███▉      | 583/1500 [41:28<1:11:15,  4.66s/it]Best trial: 444. Best value: 2.06142:  39%|███▉      | 584/1500 [41:28<1:11:38,  4.69s/it]                                                                                          Best trial: 444. Best value: 2.06142:  39%|███▉      | 584/1500 [41:33<1:11:38,  4.69s/it]Best trial: 444. Best value: 2.06142:  39%|███▉      | 584/1500 [41:33<1:11:38,  4.69s/it]Best trial: 444. Best value: 2.06142:  39%|███▉      | 585/1500 [41:33<1:11:57,  4.72s/it]                                                                                          Best trial: 444. Best value: 2.06142:  39%|███▉      | 585/1500 [41:38<1:11:57,  4.72s/it]Best trial: 444. Best value: 2.06142:  39%|███▉      | 585/1500 [41:38<1:11:57,  4.72s/it]Best trial: 444. Best value: 2.06142:  39%|███▉      | 586/1500 [41:38<1:12:20,  4.75s/it]                                                                                          Best trial: 444. Best value: 2.06142:  39%|███▉      | 586/1500 [41:41<1:12:20,  4.75s/it]Best trial: 444. Best value: 2.06142:  39%|███▉      | 586/1500 [41:41<1:12:20,  4.75s/it]Best trial: 444. Best value: 2.06142:  39%|███▉      | 587/1500 [41:41<1:04:40,  4.25s/it]                                                                                          Best trial: 444. Best value: 2.06142:  39%|███▉      | 587/1500 [41:46<1:04:40,  4.25s/it]Best trial: 444. Best value: 2.06142:  39%|███▉      | 587/1500 [41:46<1:04:40,  4.25s/it]Best trial: 444. Best value: 2.06142:  39%|███▉      | 588/1500 [41:46<1:07:33,  4.44s/it]                                                                                          
[I 2026-05-02 22:18:41,445] Trial 577 finished with value: 3.2039242384725175 and parameters: {'f_n': 1.705390808052321e-06, 'K_d': 227529.50445873686, 'rho_d': 45670652204667.27, 'fission_rate': 6.167963120715909e+19, 'Dg_D1_scale': 2.1549898665191733, 'Dg_D3_scale': 3.9842159528042913, 'Dv_D1_scale': 0.2611309755019256, 'Dv_D2_scale': 3.0576730217053303, 'b_bulk_scale': 0.9321160965126463, 'b_dislocation_scale': 0.14675194616413723, 'gb_scale': 5.804247141364728, 'gd_bubble_scale': 0.6024007039931375, 'gd_line_scale': 3.925346007314029, 'gd_line_alpha': 0.8657252333047958, 'coalescence_d_scale': 0.3060709220854609, 'capture_scale': 2.278747525585931}. Best is trial 444 with value: 2.0614202321115003.
[I 2026-05-02 22:18:46,479] Trial 578 finished with value: 3.7553933453512447 and parameters: {'f_n': 1.8888779013655303e-08, 'K_d': 200092.8550737197, 'rho_d': 42379243365052.27, 'fission_rate': 5.900464487160565e+19, 'Dg_D1_scale': 2.3267554015225227, 'Dg_D3_scale': 3.4381433618056785, 'Dv_D1_scale': 0.5820069566399906, 'Dv_D2_scale': 2.8594034918337723, 'b_bulk_scale': 0.19455454483675413, 'b_dislocation_scale': 0.18921614104655854, 'gb_scale': 6.842985831588592, 'gd_bubble_scale': 0.18171696367825893, 'gd_line_scale': 3.345958364996298, 'gd_line_alpha': 0.4473044810257608, 'coalescence_d_scale': 0.475308398546517, 'capture_scale': 1.9567379471466795}. Best is trial 444 with value: 2.0614202321115003.
[I 2026-05-02 22:18:49,548] Trial 579 finished with value: 4.5527088773638775 and parameters: {'f_n': 1.2633551707736228e-09, 'K_d': 219052.0997082026, 'rho_d': 38913488419688.75, 'fission_rate': 6.372716352019983e+19, 'Dg_D1_scale': 2.627143019995344, 'Dg_D3_scale': 3.1119624977935527, 'Dv_D1_scale': 0.21835051624001262, 'Dv_D2_scale': 3.491991813942421, 'b_bulk_scale': 0.21559786548301246, 'b_dislocation_scale': 0.08292079262985255, 'gb_scale': 5.324416242630838, 'gd_bubble_scale': 0.7467662240332507, 'gd_line_scale': 4.818962650386486, 'gd_line_alpha': 0.48290722707384603, 'coalescence_d_scale': 0.35778029244580345, 'capture_scale': 1.4967458842572743}. Best is trial 444 with value: 2.0614202321115003.
[I 2026-05-02 22:18:54,220] Trial 580 finished with value: 2.441340590850848 and parameters: {'f_n': 1.0929160083054521e-06, 'K_d': 191296.10648387982, 'rho_d': 53597887191501.57, 'fission_rate': 6.452383245847461e+19, 'Dg_D1_scale': 2.080423626963335, 'Dg_D3_scale': 3.691877425306676, 'Dv_D1_scale': 0.23136572350474466, 'Dv_D2_scale': 3.1889685974918405, 'b_bulk_scale': 0.18533004705301462, 'b_dislocation_scale': 0.1690240196899761, 'gb_scale': 4.364527767956649, 'gd_bubble_scale': 0.5361935575124473, 'gd_line_scale': 3.590808610798313, 'gd_line_alpha': 0.8494692448937501, 'coalescence_d_scale': 0.40785338200914506, 'capture_scale': 2.187092666313772}. Best is trial 444 with value: 2.0614202321115003.
[I 2026-05-02 22:18:59,095] Trial 581 finished with value: 2.5013626337546166 and parameters: {'f_n': 1.764554788227709e-06, 'K_d': 207982.29070682928, 'rho_d': 42250748086200.5, 'fission_rate': 6.148002378595802e+19, 'Dg_D1_scale': 2.4059127929700383, 'Dg_D3_scale': 3.377008952116598, 'Dv_D1_scale': 2.602038098334592, 'Dv_D2_scale': 2.90650472801382, 'b_bulk_scale': 0.30581286300552624, 'b_dislocation_scale': 0.21117900617046315, 'gb_scale': 6.18563704667625, 'gd_bubble_scale': 0.45047409234717195, 'gd_line_scale': 3.031584784276918, 'gd_line_alpha': 0.8444222040351888, 'coalescence_d_scale': 0.3100133650222851, 'capture_scale': 1.1489761653115396}. Best is trial 444 with value: 2.0614202321115003.
[I 2026-05-02 22:19:04,048] Trial 582 finished with value: 2.5259038223326313 and parameters: {'f_n': 1.406835240240852e-06, 'K_d': 239183.43783133934, 'rho_d': 47311056586507.63, 'fission_rate': 6.013668589825884e+19, 'Dg_D1_scale': 2.2009393134614372, 'Dg_D3_scale': 3.7371979855811697, 'Dv_D1_scale': 0.24724243055564993, 'Dv_D2_scale': 3.0588780666351543, 'b_bulk_scale': 0.23853834643408325, 'b_dislocation_scale': 0.13565757353816432, 'gb_scale': 6.841272411284722, 'gd_bubble_scale': 0.6842026775701783, 'gd_line_scale': 4.1317059324780265, 'gd_line_alpha': 0.33353357787578203, 'coalescence_d_scale': 0.35476456785953564, 'capture_scale': 1.8238790228781931}. Best is trial 444 with value: 2.0614202321115003.
[I 2026-05-02 22:19:08,791] Trial 583 finished with value: 2.1161421108043905 and parameters: {'f_n': 1.1024035675964788e-06, 'K_d': 254972.55470340326, 'rho_d': 38333274959896.75, 'fission_rate': 6.23989673964163e+19, 'Dg_D1_scale': 2.0885291093655636, 'Dg_D3_scale': 3.4574968030328246, 'Dv_D1_scale': 0.21429719954955012, 'Dv_D2_scale': 3.571648085319115, 'b_bulk_scale': 0.20143998608982389, 'b_dislocation_scale': 0.1575999609643189, 'gb_scale': 6.761600836115689, 'gd_bubble_scale': 0.5159603857207454, 'gd_line_scale': 4.472850855607014, 'gd_line_alpha': 0.8288915786090783, 'coalescence_d_scale': 0.2959715287215626, 'capture_scale': 1.5437573937744489}. Best is trial 444 with value: 2.0614202321115003.
[I 2026-05-02 22:19:13,592] Trial 584 finished with value: 2.5367551088742446 and parameters: {'f_n': 7.868500135875798e-07, 'K_d': 260883.84415649745, 'rho_d': 40024285056752.14, 'fission_rate': 6.264655383278367e+19, 'Dg_D1_scale': 2.8888948604279507, 'Dg_D3_scale': 3.535877096459151, 'Dv_D1_scale': 0.2104518704961988, 'Dv_D2_scale': 0.23895143420957898, 'b_bulk_scale': 0.17907669794956776, 'b_dislocation_scale': 0.12687606513414146, 'gb_scale': 6.83585736719851, 'gd_bubble_scale': 0.5048795943167681, 'gd_line_scale': 4.086163749954717, 'gd_line_alpha': 0.8301128038748072, 'coalescence_d_scale': 0.29071054131654683, 'capture_scale': 1.4432574659381647}. Best is trial 444 with value: 2.0614202321115003.
[I 2026-05-02 22:19:18,408] Trial 585 finished with value: 3.1811051091354323 and parameters: {'f_n': 5.159878915744546e-07, 'K_d': 275156.52765949426, 'rho_d': 38208112256432.1, 'fission_rate': 6.213446073607724e+19, 'Dg_D1_scale': 2.033181538864625, 'Dg_D3_scale': 3.989531278380871, 'Dv_D1_scale': 0.6477770798786445, 'Dv_D2_scale': 1.10216315178629, 'b_bulk_scale': 0.27130647217271203, 'b_dislocation_scale': 0.14905643126684454, 'gb_scale': 6.877808941893646, 'gd_bubble_scale': 0.5739086205432973, 'gd_line_scale': 4.584325130143375, 'gd_line_alpha': 0.8219490117902564, 'coalescence_d_scale': 0.28585064124905657, 'capture_scale': 1.6001953629231558}. Best is trial 444 with value: 2.0614202321115003.
[I 2026-05-02 22:19:21,496] Trial 586 finished with value: 2.968828069525532 and parameters: {'f_n': 6.594194764984148e-07, 'K_d': 260755.0015323303, 'rho_d': 44291269036257.53, 'fission_rate': 6.321788614235019e+19, 'Dg_D1_scale': 2.30257102404154, 'Dg_D3_scale': 3.3987514212875105, 'Dv_D1_scale': 0.22054700718813847, 'Dv_D2_scale': 3.6130511156915097, 'b_bulk_scale': 0.20279035821898198, 'b_dislocation_scale': 0.15863936708194434, 'gb_scale': 6.140849461927689, 'gd_bubble_scale': 0.4192097182721232, 'gd_line_scale': 4.264338174663166, 'gd_line_alpha': 0.41548325888757537, 'coalescence_d_scale': 1.9836478462370968, 'capture_scale': 1.0729686546118211}. Best is trial 444 with value: 2.0614202321115003.
[I 2026-05-02 22:19:26,396] Trial 587 finished with value: 2.170588316136521 and parameters: {'f_n': 9.307029686349947e-07, 'K_d': 250054.2921572428, 'rho_d': 40687388494552.38, 'fission_rate': 6.0934553265832894e+19, 'Dg_D1_scale': 0.1569897770200358, 'Dg_D3_scale': 3.661781239174352, 'Dv_D1_scale': 0.2096596783950185, 'Dv_D2_scale': 3.3922546648702685, 'b_bulk_scale': 0.22820232551067185, 'b_dislocation_scale': 0.1378958168604936, 'gb_scale': 6.860225405229821, 'gd_bubble_scale': 0.4852669515604366, 'gd_line_scale': 4.781392501014852, 'gd_line_alpha': 0.820686032045829, 'coalescence_d_scale': 0.30907767269506564, 'capture_scale': 1.3174662387170641}. Best is trial 444 with value: 2.0614202321115003.
[I 2026-05-02 22:19:30,847] Trial 588 finished with value: 3.866055789338023 and parameters: {'f_n': 1.0544948675164183e-06, 'K_d': 248876.01657760463, 'rho_d': 7590796941654.439, 'fission_rate': 6.2050077960772485e+19, 'Dg_D1_scale': 2.1069797832189066, 'Dg_D3_scale': 3.2803963952129687, 'Dv_D1_scale': 0.23235764363621408, 'Dv_D2_scale': 3.561603335130821, 'b_bulk_scale': 0.18130918088543277, 'b_dislocation_scale': 0.17513729895472038, 'gb_scale': 6.420450664015378, 'gd_bubble_scale': 0.6024777789672717, 'gd_line_scale': 3.8494437299819904, 'gd_line_alpha': 0.839255542084958, 'coalescence_d_scale': 0.2740065982635273, 'capture_scale': 1.7583640978827904}. Best is trial 444 with value: 2.0614202321115003.Best trial: 444. Best value: 2.06142:  39%|███▉      | 588/1500 [41:50<1:07:33,  4.44s/it]Best trial: 444. Best value: 2.06142:  39%|███▉      | 588/1500 [41:50<1:07:33,  4.44s/it]Best trial: 444. Best value: 2.06142:  39%|███▉      | 589/1500 [41:50<1:07:30,  4.45s/it]                                                                                          Best trial: 444. Best value: 2.06142:  39%|███▉      | 589/1500 [41:55<1:07:30,  4.45s/it]Best trial: 444. Best value: 2.06142:  39%|███▉      | 589/1500 [41:55<1:07:30,  4.45s/it]Best trial: 444. Best value: 2.06142:  39%|███▉      | 590/1500 [41:55<1:08:35,  4.52s/it]                                                                                          Best trial: 444. Best value: 2.06142:  39%|███▉      | 590/1500 [42:00<1:08:35,  4.52s/it]Best trial: 444. Best value: 2.06142:  39%|███▉      | 590/1500 [42:00<1:08:35,  4.52s/it]Best trial: 444. Best value: 2.06142:  39%|███▉      | 591/1500 [42:00<1:08:55,  4.55s/it]                                                                                          Best trial: 444. Best value: 2.06142:  39%|███▉      | 591/1500 [42:04<1:08:55,  4.55s/it]Best trial: 444. Best value: 2.06142:  39%|███▉      | 591/1500 [42:05<1:08:55,  4.55s/it]Best trial: 444. Best value: 2.06142:  39%|███▉      | 592/1500 [42:05<1:10:07,  4.63s/it]                                                                                          Best trial: 444. Best value: 2.06142:  39%|███▉      | 592/1500 [42:09<1:10:07,  4.63s/it]Best trial: 444. Best value: 2.06142:  39%|███▉      | 592/1500 [42:09<1:10:07,  4.63s/it]Best trial: 444. Best value: 2.06142:  40%|███▉      | 593/1500 [42:09<1:10:01,  4.63s/it]                                                                                          Best trial: 444. Best value: 2.06142:  40%|███▉      | 593/1500 [42:12<1:10:01,  4.63s/it]Best trial: 444. Best value: 2.06142:  40%|███▉      | 593/1500 [42:12<1:10:01,  4.63s/it]Best trial: 444. Best value: 2.06142:  40%|███▉      | 594/1500 [42:12<1:03:13,  4.19s/it]                                                                                          Best trial: 444. Best value: 2.06142:  40%|███▉      | 594/1500 [42:17<1:03:13,  4.19s/it]Best trial: 444. Best value: 2.06142:  40%|███▉      | 594/1500 [42:17<1:03:13,  4.19s/it]Best trial: 444. Best value: 2.06142:  40%|███▉      | 595/1500 [42:17<1:07:04,  4.45s/it]                                                                                          Best trial: 444. Best value: 2.06142:  40%|███▉      | 595/1500 [42:22<1:07:04,  4.45s/it]Best trial: 444. Best value: 2.06142:  40%|███▉      | 595/1500 [42:22<1:07:04,  4.45s/it]Best trial: 444. Best value: 2.06142:  40%|███▉      | 596/1500 [42:22<1:06:48,  4.43s/it]                                                                                          Best trial: 444. Best value: 2.06142:  40%|███▉      | 596/1500 [42:27<1:06:48,  4.43s/it]Best trial: 444. Best value: 2.06142:  40%|███▉      | 596/1500 [42:27<1:06:48,  4.43s/it]Best trial: 444. Best value: 2.06142:  40%|███▉      | 597/1500 [42:27<1:08:34,  4.56s/it]                                                                                          Best trial: 444. Best value: 2.06142:  40%|███▉      | 597/1500 [42:31<1:08:34,  4.56s/it]Best trial: 444. Best value: 2.06142:  40%|███▉      | 597/1500 [42:31<1:08:34,  4.56s/it]Best trial: 444. Best value: 2.06142:  40%|███▉      | 598/1500 [42:31<1:10:03,  4.66s/it]                                                                                          Best trial: 444. Best value: 2.06142:  40%|███▉      | 598/1500 [42:36<1:10:03,  4.66s/it]Best trial: 444. Best value: 2.06142:  40%|███▉      | 598/1500 [42:36<1:10:03,  4.66s/it]Best trial: 444. Best value: 2.06142:  40%|███▉      | 599/1500 [42:36<1:10:12,  4.68s/it]                                                                                          Best trial: 444. Best value: 2.06142:  40%|███▉      | 599/1500 [42:40<1:10:12,  4.68s/it]Best trial: 444. Best value: 2.06142:  40%|███▉      | 599/1500 [42:41<1:10:12,  4.68s/it]Best trial: 444. Best value: 2.06142:  40%|████      | 600/1500 [42:41<1:08:32,  4.57s/it]                                                                                          
[I 2026-05-02 22:19:35,547] Trial 589 finished with value: 2.1343719838863553 and parameters: {'f_n': 1.1729222070573568e-06, 'K_d': 235492.55898649502, 'rho_d': 38797334203368.05, 'fission_rate': 6.395447699570603e+19, 'Dg_D1_scale': 2.647741717012883, 'Dg_D3_scale': 1.5720889085820229, 'Dv_D1_scale': 0.2790936962824458, 'Dv_D2_scale': 2.839618875829444, 'b_bulk_scale': 0.19953362866233776, 'b_dislocation_scale': 0.15601998034519898, 'gb_scale': 7.123685449025084, 'gd_bubble_scale': 0.5170197927795286, 'gd_line_scale': 3.460011498376626, 'gd_line_alpha': 0.810006053547138, 'coalescence_d_scale': 0.317986537985916, 'capture_scale': 1.9939372478573238}. Best is trial 444 with value: 2.0614202321115003.
[I 2026-05-02 22:19:40,157] Trial 590 finished with value: 5.463649720784788 and parameters: {'f_n': 8.758329488630204e-07, 'K_d': 226135.73179030223, 'rho_d': 41286857012137.086, 'fission_rate': 6.485306477871937e+19, 'Dg_D1_scale': 2.021990706312835, 'Dg_D3_scale': 3.7437540453314164, 'Dv_D1_scale': 0.21839987459223814, 'Dv_D2_scale': 3.1365270112903474, 'b_bulk_scale': 0.34373550399592395, 'b_dislocation_scale': 0.17320575363077578, 'gb_scale': 5.9835183014777265, 'gd_bubble_scale': 0.646985849445814, 'gd_line_scale': 4.479733264801647, 'gd_line_alpha': 0.8573210310390216, 'coalescence_d_scale': 5.403792191563481, 'capture_scale': 2.355836139414355}. Best is trial 444 with value: 2.0614202321115003.
[I 2026-05-02 22:19:44,988] Trial 591 finished with value: 2.307316102485647 and parameters: {'f_n': 1.250950906135088e-06, 'K_d': 294155.6101217578, 'rho_d': 43968924485869.21, 'fission_rate': 6.108399756422602e+19, 'Dg_D1_scale': 2.4563749264215597, 'Dg_D3_scale': 3.5375594962397234, 'Dv_D1_scale': 0.24414276453427952, 'Dv_D2_scale': 2.913983102156441, 'b_bulk_scale': 0.24864743654878135, 'b_dislocation_scale': 0.18479766086255234, 'gb_scale': 7.017417190369026, 'gd_bubble_scale': 0.4278120411047314, 'gd_line_scale': 2.67397936587101, 'gd_line_alpha': 0.8298039113145804, 'coalescence_d_scale': 0.2820983531585014, 'capture_scale': 1.641974827275562}. Best is trial 444 with value: 2.0614202321115003.
[I 2026-05-02 22:19:49,617] Trial 592 finished with value: 3.7443291131517262 and parameters: {'f_n': 1.0841458518389704e-06, 'K_d': 240771.25805077414, 'rho_d': 9909833030477.777, 'fission_rate': 5.97896331051603e+19, 'Dg_D1_scale': 0.7531381053121514, 'Dg_D3_scale': 3.174562490254105, 'Dv_D1_scale': 0.26220178702928465, 'Dv_D2_scale': 3.3105783577838244, 'b_bulk_scale': 0.17064768474686515, 'b_dislocation_scale': 0.1543498590493349, 'gb_scale': 5.678544953790041, 'gd_bubble_scale': 0.9298151464909595, 'gd_line_scale': 3.2259516114623277, 'gd_line_alpha': 0.3780608730977548, 'coalescence_d_scale': 0.3384751374914164, 'capture_scale': 1.5152213135102366}. Best is trial 444 with value: 2.0614202321115003.
[I 2026-05-02 22:19:52,766] Trial 593 finished with value: 2.4057269977612514 and parameters: {'f_n': 1.5466800129717135e-06, 'K_d': 216314.99281506764, 'rho_d': 37443650402477.33, 'fission_rate': 6.291474572344396e+19, 'Dg_D1_scale': 2.300079719192585, 'Dg_D3_scale': 3.7750206835009257, 'Dv_D1_scale': 0.20971836784539608, 'Dv_D2_scale': 0.22127341558771055, 'b_bulk_scale': 0.21708620995204783, 'b_dislocation_scale': 0.20403827205116748, 'gb_scale': 6.291605442975242, 'gd_bubble_scale': 0.5364504517161738, 'gd_line_scale': 5.019424188247642, 'gd_line_alpha': 0.8096139628509856, 'coalescence_d_scale': 0.30630385426265144, 'capture_scale': 1.247313985885806}. Best is trial 444 with value: 2.0614202321115003.
