[I 2026-05-02 21:50:25,013] Trial 180 finished with value: 2.7851093911640286 and parameters: {'f_n': 2.930469791710169e-06, 'K_d': 253647.02074547156, 'rho_d': 27581640057786.617, 'fission_rate': 7.51647310594012e+19, 'Dg_D1_scale': 1.2408608393144738, 'Dg_D3_scale': 0.18774269445659203, 'Dv_D1_scale': 0.36135535465207563, 'Dv_D2_scale': 2.8054618956717468, 'b_bulk_scale': 0.11900834524555755, 'b_dislocation_scale': 0.5443466554039932, 'gb_scale': 0.6763956671518273, 'gd_bubble_scale': 0.06594660598147421, 'gd_line_scale': 5.826606504469873, 'gd_line_alpha': 0.6689347680510633, 'coalescence_d_scale': 0.4429120322603747, 'capture_scale': 0.018856239207436967}. Best is trial 166 with value: 2.2788634746890937.Best trial: 166. Best value: 2.27886:  12%|█▏        | 180/1500 [12:44<1:21:33,  3.71s/it]Best trial: 166. Best value: 2.27886:  12%|█▏        | 180/1500 [12:45<1:21:33,  3.71s/it]Best trial: 166. Best value: 2.27886:  12%|█▏        | 181/1500 [12:45<1:22:50,  3.77s/it]                                                                                          Best trial: 166. Best value: 2.27886:  12%|█▏        | 181/1500 [12:48<1:22:50,  3.77s/it]Best trial: 166. Best value: 2.27886:  12%|█▏        | 181/1500 [12:48<1:22:50,  3.77s/it]Best trial: 166. Best value: 2.27886:  12%|█▏        | 182/1500 [12:48<1:23:39,  3.81s/it]                                                                                          Best trial: 166. Best value: 2.27886:  12%|█▏        | 182/1500 [12:52<1:23:39,  3.81s/it]Best trial: 166. Best value: 2.27886:  12%|█▏        | 182/1500 [12:52<1:23:39,  3.81s/it]Best trial: 166. Best value: 2.27886:  12%|█▏        | 183/1500 [12:52<1:24:42,  3.86s/it]                                                                                          Best trial: 166. Best value: 2.27886:  12%|█▏        | 183/1500 [12:56<1:24:42,  3.86s/it]Best trial: 166. Best value: 2.27886:  12%|█▏        | 183/1500 [12:56<1:24:42,  3.86s/it]Best trial: 166. Best value: 2.27886:  12%|█▏        | 184/1500 [12:56<1:25:52,  3.92s/it]                                                                                          Best trial: 166. Best value: 2.27886:  12%|█▏        | 184/1500 [13:01<1:25:52,  3.92s/it]Best trial: 166. Best value: 2.27886:  12%|█▏        | 184/1500 [13:01<1:25:52,  3.92s/it]Best trial: 166. Best value: 2.27886:  12%|█▏        | 185/1500 [13:01<1:32:17,  4.21s/it]                                                                                          Best trial: 166. Best value: 2.27886:  12%|█▏        | 185/1500 [13:04<1:32:17,  4.21s/it]Best trial: 166. Best value: 2.27886:  12%|█▏        | 185/1500 [13:04<1:32:17,  4.21s/it]Best trial: 166. Best value: 2.27886:  12%|█▏        | 186/1500 [13:04<1:20:16,  3.67s/it]                                                                                          Best trial: 166. Best value: 2.27886:  12%|█▏        | 186/1500 [13:08<1:20:16,  3.67s/it]Best trial: 166. Best value: 2.27886:  12%|█▏        | 186/1500 [13:08<1:20:16,  3.67s/it]Best trial: 166. Best value: 2.27886:  12%|█▏        | 187/1500 [13:08<1:22:27,  3.77s/it]                                                                                          Best trial: 166. Best value: 2.27886:  12%|█▏        | 187/1500 [13:12<1:22:27,  3.77s/it]Best trial: 166. Best value: 2.27886:  12%|█▏        | 187/1500 [13:12<1:22:27,  3.77s/it]Best trial: 166. Best value: 2.27886:  13%|█▎        | 188/1500 [13:12<1:24:21,  3.86s/it]                                                                                          Best trial: 166. Best value: 2.27886:  13%|█▎        | 188/1500 [13:16<1:24:21,  3.86s/it]Best trial: 166. Best value: 2.27886:  13%|█▎        | 188/1500 [13:16<1:24:21,  3.86s/it]Best trial: 166. Best value: 2.27886:  13%|█▎        | 189/1500 [13:16<1:24:54,  3.89s/it]                                                                                          Best trial: 166. Best value: 2.27886:  13%|█▎        | 189/1500 [13:20<1:24:54,  3.89s/it]Best trial: 166. Best value: 2.27886:  13%|█▎        | 189/1500 [13:20<1:24:54,  3.89s/it]Best trial: 166. Best value: 2.27886:  13%|█▎        | 190/1500 [13:20<1:25:24,  3.91s/it]                                                                                          Best trial: 166. Best value: 2.27886:  13%|█▎        | 190/1500 [13:24<1:25:24,  3.91s/it]Best trial: 166. Best value: 2.27886:  13%|█▎        | 190/1500 [13:24<1:25:24,  3.91s/it]Best trial: 166. Best value: 2.27886:  13%|█▎        | 191/1500 [13:24<1:25:19,  3.91s/it]                                                                                          Best trial: 166. Best value: 2.27886:  13%|█▎        | 191/1500 [13:28<1:25:19,  3.91s/it]Best trial: 166. Best value: 2.27886:  13%|█▎        | 191/1500 [13:28<1:25:19,  3.91s/it]Best trial: 166. Best value: 2.27886:  13%|█▎        | 192/1500 [13:28<1:26:46,  3.98s/it]                                                                                          
[I 2026-05-02 21:50:28,914] Trial 181 finished with value: 2.3250938441469704 and parameters: {'f_n': 1.6097813308868713e-06, 'K_d': 215549.21182069727, 'rho_d': 37779292730462.14, 'fission_rate': 7.826640023174e+19, 'Dg_D1_scale': 1.7598269452400892, 'Dg_D3_scale': 0.17353788454094543, 'Dv_D1_scale': 0.34300664471367953, 'Dv_D2_scale': 3.0591971592911515, 'b_bulk_scale': 0.14326095651171308, 'b_dislocation_scale': 0.8799268397329912, 'gb_scale': 0.509927451891384, 'gd_bubble_scale': 0.07458714431313294, 'gd_line_scale': 9.14494166275481, 'gd_line_alpha': 0.6951931390379793, 'coalescence_d_scale': 0.20047622802449888, 'capture_scale': 0.03418364126530142}. Best is trial 166 with value: 2.2788634746890937.
[I 2026-05-02 21:50:32,892] Trial 182 finished with value: 2.4487389262987125 and parameters: {'f_n': 1.7703260895436606e-06, 'K_d': 192783.1930021003, 'rho_d': 34499281931010.195, 'fission_rate': 7.803416815542288e+19, 'Dg_D1_scale': 1.75470467117171, 'Dg_D3_scale': 0.17091767432450744, 'Dv_D1_scale': 0.3752921575779789, 'Dv_D2_scale': 0.8408572642388501, 'b_bulk_scale': 0.14821143982227541, 'b_dislocation_scale': 0.6719688386256164, 'gb_scale': 0.5090451322613863, 'gd_bubble_scale': 0.07451287999151812, 'gd_line_scale': 8.819400352538965, 'gd_line_alpha': 0.7269078227337084, 'coalescence_d_scale': 0.1991486823588584, 'capture_scale': 0.034183506192451175}. Best is trial 166 with value: 2.2788634746890937.
[I 2026-05-02 21:50:36,937] Trial 183 finished with value: 2.2833613333550487 and parameters: {'f_n': 1.3904088710450045e-06, 'K_d': 209760.12020254135, 'rho_d': 40296663166690.94, 'fission_rate': 7.663848192982575e+19, 'Dg_D1_scale': 1.5675670548817815, 'Dg_D3_scale': 0.21859784610672278, 'Dv_D1_scale': 0.3454025558517582, 'Dv_D2_scale': 3.711959327860491, 'b_bulk_scale': 0.16822332264433582, 'b_dislocation_scale': 0.8437842908939353, 'gb_scale': 0.6077720823105736, 'gd_bubble_scale': 0.0854874884325838, 'gd_line_scale': 7.983396703220855, 'gd_line_alpha': 0.6153575696839125, 'coalescence_d_scale': 0.257307681592065, 'capture_scale': 0.02131849762602061}. Best is trial 166 with value: 2.2788634746890937.
[I 2026-05-02 21:50:41,833] Trial 184 finished with value: 2.427009329198953 and parameters: {'f_n': 1.6116191272112231e-06, 'K_d': 174399.28549680935, 'rho_d': 40998171790332.93, 'fission_rate': 6.109993055804933e+19, 'Dg_D1_scale': 1.8368562988897366, 'Dg_D3_scale': 0.22433054563318597, 'Dv_D1_scale': 0.34479810043712233, 'Dv_D2_scale': 2.983801744646998, 'b_bulk_scale': 0.1687538399092336, 'b_dislocation_scale': 0.8872393258762731, 'gb_scale': 0.41184448861458234, 'gd_bubble_scale': 0.09392267167271602, 'gd_line_scale': 8.057283513044442, 'gd_line_alpha': 0.6206788287906644, 'coalescence_d_scale': 0.2571605107242391, 'capture_scale': 0.02152513515805792}. Best is trial 166 with value: 2.2788634746890937.
[I 2026-05-02 21:50:44,230] Trial 185 finished with value: 2.3721506751342507 and parameters: {'f_n': 1.263643050019178e-06, 'K_d': 208480.07173997306, 'rho_d': 46675109256661.66, 'fission_rate': 7.632752626402276e+19, 'Dg_D1_scale': 1.6435681071539652, 'Dg_D3_scale': 0.21181307850857006, 'Dv_D1_scale': 0.3158991231875685, 'Dv_D2_scale': 3.387443284589187, 'b_bulk_scale': 0.08831247924074158, 'b_dislocation_scale': 0.7933535755368221, 'gb_scale': 0.7523617755029904, 'gd_bubble_scale': 0.06904309144897136, 'gd_line_scale': 9.060719048932732, 'gd_line_alpha': 0.6522183642209163, 'coalescence_d_scale': 0.1806746071740634, 'capture_scale': 0.027317610021091995}. Best is trial 166 with value: 2.2788634746890937.
[I 2026-05-02 21:50:48,239] Trial 186 finished with value: 2.3894993748074733 and parameters: {'f_n': 1.2084843380869493e-06, 'K_d': 207042.82557769743, 'rho_d': 49398678352756.71, 'fission_rate': 7.669590541159535e+19, 'Dg_D1_scale': 2.0215789449126644, 'Dg_D3_scale': 0.21396646766098196, 'Dv_D1_scale': 0.2947399208532655, 'Dv_D2_scale': 3.2298363933736187, 'b_bulk_scale': 0.09109182057932749, 'b_dislocation_scale': 0.8512685827254053, 'gb_scale': 0.7495396747581632, 'gd_bubble_scale': 0.06895816220977431, 'gd_line_scale': 9.162693081432982, 'gd_line_alpha': 0.5813887019020044, 'coalescence_d_scale': 0.23554439099639415, 'capture_scale': 0.013672103298265018}. Best is trial 166 with value: 2.2788634746890937.
[I 2026-05-02 21:50:52,306] Trial 187 finished with value: 2.391005603104171 and parameters: {'f_n': 2.1797561642596153e-06, 'K_d': 187674.77854924565, 'rho_d': 45562126501151.91, 'fission_rate': 7.605107633338933e+19, 'Dg_D1_scale': 1.546534750474053, 'Dg_D3_scale': 0.24320327089142676, 'Dv_D1_scale': 0.31350264979111264, 'Dv_D2_scale': 2.692207118487638, 'b_bulk_scale': 0.0834356098524366, 'b_dislocation_scale': 0.7688064410399083, 'gb_scale': 0.49151568155757697, 'gd_bubble_scale': 0.096382238699237, 'gd_line_scale': 9.91536096725505, 'gd_line_alpha': 0.6417130174122078, 'coalescence_d_scale': 0.19988787315677112, 'capture_scale': 0.01802719630673733}. Best is trial 166 with value: 2.2788634746890937.
[I 2026-05-02 21:50:56,259] Trial 188 finished with value: 2.4828986885055446 and parameters: {'f_n': 1.4561500885490746e-06, 'K_d': 162281.17916668954, 'rho_d': 43263205085303.664, 'fission_rate': 7.769375379696647e+19, 'Dg_D1_scale': 1.578231138809779, 'Dg_D3_scale': 0.26620711840894, 'Dv_D1_scale': 0.27599025970960517, 'Dv_D2_scale': 2.5098652683117817, 'b_bulk_scale': 0.10678707017663966, 'b_dislocation_scale': 1.1191089976326118, 'gb_scale': 0.6906691185366935, 'gd_bubble_scale': 0.08318244341295021, 'gd_line_scale': 8.016481317578664, 'gd_line_alpha': 0.609944440138454, 'coalescence_d_scale': 0.3784726824156585, 'capture_scale': 0.02471317529316999}. Best is trial 166 with value: 2.2788634746890937.
[I 2026-05-02 21:51:00,228] Trial 189 finished with value: 2.4234162609568592 and parameters: {'f_n': 2.4223442296181802e-06, 'K_d': 216598.93503434348, 'rho_d': 36622949971695.055, 'fission_rate': 7.715290567923161e+19, 'Dg_D1_scale': 1.4394597953520338, 'Dg_D3_scale': 0.2024903140224176, 'Dv_D1_scale': 0.3108269168216765, 'Dv_D2_scale': 3.0179388985449753, 'b_bulk_scale': 0.1130066893498078, 'b_dislocation_scale': 0.9171371036448971, 'gb_scale': 0.5449725603535743, 'gd_bubble_scale': 0.07312453806983056, 'gd_line_scale': 8.841476340772084, 'gd_line_alpha': 0.6906019594423006, 'coalescence_d_scale': 0.2838344156808412, 'capture_scale': 0.025702313924066456}. Best is trial 166 with value: 2.2788634746890937.
[I 2026-05-02 21:51:04,138] Trial 190 finished with value: 2.4746930366611357 and parameters: {'f_n': 1.6752621919896325e-06, 'K_d': 201885.96456465402, 'rho_d': 45670255469282.92, 'fission_rate': 7.819002440913922e+19, 'Dg_D1_scale': 1.636481669670174, 'Dg_D3_scale': 0.2296326007177923, 'Dv_D1_scale': 0.3281692040569203, 'Dv_D2_scale': 3.4105253771195554, 'b_bulk_scale': 0.07797728176636974, 'b_dislocation_scale': 0.8032113120835909, 'gb_scale': 0.8482671342076229, 'gd_bubble_scale': 0.06352367840608512, 'gd_line_scale': 7.603997086215176, 'gd_line_alpha': 0.7001543073674302, 'coalescence_d_scale': 0.25729235611687296, 'capture_scale': 0.02868963160258272}. Best is trial 166 with value: 2.2788634746890937.
[I 2026-05-02 21:51:08,282] Trial 191 finished with value: 2.3728102042501806 and parameters: {'f_n': 9.577570316711392e-07, 'K_d': 228990.88244487636, 'rho_d': 39516251461411.45, 'fission_rate': 7.391457915646519e+19, 'Dg_D1_scale': 1.7493451686147483, 'Dg_D3_scale': 0.19218735649206592, 'Dv_D1_scale': 0.34521259696817536, 'Dv_D2_scale': 3.6847384717941014, 'b_bulk_scale': 0.14095426968227442, 'b_dislocation_scale': 0.7094975263211996, 'gb_scale': 0.6084048438416619, 'gd_bubble_scale': 0.05740466870600461, 'gd_line_scale': 7.336194983059462, 'gd_line_alpha': 0.6538870267210136, 'coalescence_d_scale': 0.17919444642194218, 'capture_scale': 0.03472626073053145}. Best is trial 166 with value: 2.2788634746890937.
[I 2026-05-02 21:51:12,313] Trial 192 finished with value: 2.484452164256729 and parameters: {'f_n': 1.016438640154072e-06, 'K_d': 180014.52540448782, 'rho_d': 38278361896454.836, 'fission_rate': 7.659593774973465e+19, 'Dg_D1_scale': 1.4898130143949064, 'Dg_D3_scale': 0.19393315905307015, 'Dv_D1_scale': 0.29143019672421633, 'Dv_D2_scale': 3.562282457290323, 'b_bulk_scale': 0.1577574796271593, 'b_dislocation_scale': 0.6514149500185252, 'gb_scale': 0.6055231547581655, 'gd_bubble_scale': 0.06113069126359483, 'gd_line_scale': 9.996146969592392, 'gd_line_alpha': 0.6551932097633152, 'coalescence_d_scale': 0.15496685548678726, 'capture_scale': 0.02177147895144053}. Best is trial 166 with value: 2.2788634746890937.Best trial: 166. Best value: 2.27886:  13%|█▎        | 192/1500 [13:32<1:26:46,  3.98s/it]Best trial: 166. Best value: 2.27886:  13%|█▎        | 192/1500 [13:32<1:26:46,  3.98s/it]Best trial: 166. Best value: 2.27886:  13%|█▎        | 193/1500 [13:32<1:27:04,  4.00s/it]                                                                                          Best trial: 166. Best value: 2.27886:  13%|█▎        | 193/1500 [13:33<1:27:04,  4.00s/it]Best trial: 166. Best value: 2.27886:  13%|█▎        | 193/1500 [13:33<1:27:04,  4.00s/it]Best trial: 166. Best value: 2.27886:  13%|█▎        | 194/1500 [13:33<1:11:21,  3.28s/it]                                                                                          Best trial: 166. Best value: 2.27886:  13%|█▎        | 194/1500 [13:37<1:11:21,  3.28s/it]Best trial: 166. Best value: 2.27886:  13%|█▎        | 194/1500 [13:37<1:11:21,  3.28s/it]Best trial: 166. Best value: 2.27886:  13%|█▎        | 195/1500 [13:37<1:16:29,  3.52s/it]                                                                                          Best trial: 166. Best value: 2.27886:  13%|█▎        | 195/1500 [13:41<1:16:29,  3.52s/it]Best trial: 166. Best value: 2.27886:  13%|█▎        | 195/1500 [13:41<1:16:29,  3.52s/it]Best trial: 166. Best value: 2.27886:  13%|█▎        | 196/1500 [13:41<1:18:51,  3.63s/it]                                                                                          Best trial: 166. Best value: 2.27886:  13%|█▎        | 196/1500 [13:45<1:18:51,  3.63s/it]Best trial: 166. Best value: 2.27886:  13%|█▎        | 196/1500 [13:45<1:18:51,  3.63s/it]Best trial: 166. Best value: 2.27886:  13%|█▎        | 197/1500 [13:45<1:21:13,  3.74s/it]                                                                                          Best trial: 166. Best value: 2.27886:  13%|█▎        | 197/1500 [13:49<1:21:13,  3.74s/it]Best trial: 166. Best value: 2.27886:  13%|█▎        | 197/1500 [13:49<1:21:13,  3.74s/it]Best trial: 166. Best value: 2.27886:  13%|█▎        | 198/1500 [13:49<1:23:33,  3.85s/it]                                                                                          Best trial: 166. Best value: 2.27886:  13%|█▎        | 198/1500 [13:54<1:23:33,  3.85s/it]Best trial: 166. Best value: 2.27886:  13%|█▎        | 198/1500 [13:54<1:23:33,  3.85s/it]Best trial: 166. Best value: 2.27886:  13%|█▎        | 199/1500 [13:54<1:25:25,  3.94s/it]                                                                                          Best trial: 166. Best value: 2.27886:  13%|█▎        | 199/1500 [13:58<1:25:25,  3.94s/it]Best trial: 166. Best value: 2.27886:  13%|█▎        | 199/1500 [13:58<1:25:25,  3.94s/it]Best trial: 166. Best value: 2.27886:  13%|█▎        | 200/1500 [13:58<1:25:59,  3.97s/it]                                                                                          Best trial: 166. Best value: 2.27886:  13%|█▎        | 200/1500 [14:02<1:25:59,  3.97s/it]Best trial: 166. Best value: 2.27886:  13%|█▎        | 200/1500 [14:02<1:25:59,  3.97s/it]Best trial: 166. Best value: 2.27886:  13%|█▎        | 201/1500 [14:02<1:26:22,  3.99s/it]                                                                                          Best trial: 166. Best value: 2.27886:  13%|█▎        | 201/1500 [14:05<1:26:22,  3.99s/it]Best trial: 166. Best value: 2.27886:  13%|█▎        | 201/1500 [14:05<1:26:22,  3.99s/it]Best trial: 166. Best value: 2.27886:  13%|█▎        | 202/1500 [14:05<1:19:34,  3.68s/it]                                                                                          Best trial: 166. Best value: 2.27886:  13%|█▎        | 202/1500 [14:07<1:19:34,  3.68s/it]Best trial: 166. Best value: 2.27886:  13%|█▎        | 202/1500 [14:07<1:19:34,  3.68s/it]Best trial: 166. Best value: 2.27886:  14%|█▎        | 203/1500 [14:07<1:10:15,  3.25s/it]                                                                                          Best trial: 166. Best value: 2.27886:  14%|█▎        | 203/1500 [14:11<1:10:15,  3.25s/it]Best trial: 166. Best value: 2.27886:  14%|█▎        | 203/1500 [14:11<1:10:15,  3.25s/it]Best trial: 166. Best value: 2.27886:  14%|█▎        | 204/1500 [14:11<1:13:58,  3.42s/it]                                                                                          
[I 2026-05-02 21:51:13,914] Trial 193 finished with value: 4.779218154455024 and parameters: {'f_n': 1.4106223313686405e-06, 'K_d': 222926.2307358417, 'rho_d': 34437150320145.04, 'fission_rate': 7.849589501803251e+19, 'Dg_D1_scale': 1.9863934857458125, 'Dg_D3_scale': 0.21616480463667564, 'Dv_D1_scale': 0.32991276530212943, 'Dv_D2_scale': 3.2483202561746065, 'b_bulk_scale': 0.14096576839494343, 'b_dislocation_scale': 0.7584950607239507, 'gb_scale': 0.7466896617640908, 'gd_bubble_scale': 0.07044921112420399, 'gd_line_scale': 0.1454861784434381, 'gd_line_alpha': 0.6814434299984324, 'coalescence_d_scale': 0.1822701475063497, 'capture_scale': 0.04670027553919476}. Best is trial 166 with value: 2.2788634746890937.
[I 2026-05-02 21:51:17,990] Trial 194 finished with value: 2.4100525876604864 and parameters: {'f_n': 1.2547666946488198e-06, 'K_d': 195316.8901527005, 'rho_d': 39887568377564.88, 'fission_rate': 7.423110420025295e+19, 'Dg_D1_scale': 1.3747886147348314, 'Dg_D3_scale': 0.159190868989193, 'Dv_D1_scale': 0.34672815891582287, 'Dv_D2_scale': 2.9240048527449933, 'b_bulk_scale': 0.10041344948938428, 'b_dislocation_scale': 0.9101172069524417, 'gb_scale': 0.6710454062771821, 'gd_bubble_scale': 0.08471439413980614, 'gd_line_scale': 8.468875704010268, 'gd_line_alpha': 0.6440205700260199, 'coalescence_d_scale': 0.14073816757052773, 'capture_scale': 0.03237648565294221}. Best is trial 166 with value: 2.2788634746890937.
[I 2026-05-02 21:51:21,880] Trial 195 finished with value: 2.3921298410225553 and parameters: {'f_n': 2.112760288387568e-06, 'K_d': 209893.05814756954, 'rho_d': 36809861745350.76, 'fission_rate': 7.93369904930491e+19, 'Dg_D1_scale': 1.7496660970865328, 'Dg_D3_scale': 0.18530861649614586, 'Dv_D1_scale': 0.3160144259488324, 'Dv_D2_scale': 3.389082589899424, 'b_bulk_scale': 0.087937406857544, 'b_dislocation_scale': 0.8359490738945272, 'gb_scale': 0.5767759611379264, 'gd_bubble_scale': 0.10915514134100138, 'gd_line_scale': 9.049733936614883, 'gd_line_alpha': 0.6242351434455382, 'coalescence_d_scale': 0.22834397858447603, 'capture_scale': 0.0381385934734145}. Best is trial 166 with value: 2.2788634746890937.
[I 2026-05-02 21:51:25,881] Trial 196 finished with value: 2.600167380196348 and parameters: {'f_n': 2.4237327021689927e-07, 'K_d': 235498.164117376, 'rho_d': 42665411948278.55, 'fission_rate': 7.745799383361652e+19, 'Dg_D1_scale': 1.6104866085238738, 'Dg_D3_scale': 0.16562199296330746, 'Dv_D1_scale': 0.34757918811565164, 'Dv_D2_scale': 3.1114173022796745, 'b_bulk_scale': 0.19662072227839758, 'b_dislocation_scale': 1.0480052630607575, 'gb_scale': 0.4764266114398755, 'gd_bubble_scale': 0.07758345040695015, 'gd_line_scale': 7.426191281184497, 'gd_line_alpha': 0.6722620123817147, 'coalescence_d_scale': 0.20267698792120614, 'capture_scale': 0.043074252917044295}. Best is trial 166 with value: 2.2788634746890937.
[I 2026-05-02 21:51:29,989] Trial 197 finished with value: 2.3569593975175276 and parameters: {'f_n': 3.3401308212030956e-07, 'K_d': 182412.56553652024, 'rho_d': 32001664458347.59, 'fission_rate': 7.615017191959516e+19, 'Dg_D1_scale': 2.1797515352573287, 'Dg_D3_scale': 0.20392979248934306, 'Dv_D1_scale': 0.26730164059515643, 'Dv_D2_scale': 3.656141941107631, 'b_bulk_scale': 0.12088184893488883, 'b_dislocation_scale': 0.6367788521440952, 'gb_scale': 0.6233843144514432, 'gd_bubble_scale': 0.06146290998306063, 'gd_line_scale': 8.535050494085668, 'gd_line_alpha': 0.5921326701531937, 'coalescence_d_scale': 0.34802487596935194, 'capture_scale': 0.0347677927853827}. Best is trial 166 with value: 2.2788634746890937.
