[I 2026-05-02 22:41:49,141] Trial 846 finished with value: 2.1328260290853387 and parameters: {'f_n': 1.1337613671257742e-06, 'K_d': 119402.08684619048, 'rho_d': 70482327703156.14, 'fission_rate': 4.643003344729329e+19, 'Dg_D1_scale': 0.4018039376812267, 'Dg_D3_scale': 2.538821722712933, 'Dv_D1_scale': 0.44652207077118733, 'Dv_D2_scale': 3.795531047339627, 'b_bulk_scale': 0.6374869605401516, 'b_dislocation_scale': 0.08879319482799383, 'gb_scale': 3.209254862400044, 'gd_bubble_scale': 0.2724459724344857, 'gd_line_scale': 0.4414913825583522, 'gd_line_alpha': 0.9845345681719354, 'coalescence_d_scale': 0.7528518562828651, 'capture_scale': 0.2998171224775115}. Best is trial 756 with value: 2.012228641160978.
[I 2026-05-02 22:41:55,691] Trial 847 finished with value: 2.167537192024719 and parameters: {'f_n': 8.308167646729002e-07, 'K_d': 103845.70903069033, 'rho_d': 67789705201961.44, 'fission_rate': 4.383580232034139e+19, 'Dg_D1_scale': 0.45148434142219673, 'Dg_D3_scale': 2.7773775745991465, 'Dv_D1_scale': 0.40035651981734416, 'Dv_D2_scale': 3.438248726611824, 'b_bulk_scale': 0.5500730458695235, 'b_dislocation_scale': 0.05573067398861339, 'gb_scale': 3.562589778612933, 'gd_bubble_scale': 0.30957378285988635, 'gd_line_scale': 0.4332898042142903, 'gd_line_alpha': 0.9633846855913403, 'coalescence_d_scale': 0.5699164416919272, 'capture_scale': 0.3362901114146124}. Best is trial 756 with value: 2.012228641160978.
[I 2026-05-02 22:42:02,074] Trial 848 finished with value: 2.062633071334952 and parameters: {'f_n': 1.097569360567734e-06, 'K_d': 130475.90586875386, 'rho_d': 63263505017372.086, 'fission_rate': 4.578600840506253e+19, 'Dg_D1_scale': 0.4790553853182042, 'Dg_D3_scale': 2.651945608644147, 'Dv_D1_scale': 0.3720566239505111, 'Dv_D2_scale': 3.7893814018451213, 'b_bulk_scale': 0.7508961222019868, 'b_dislocation_scale': 0.06731853363767985, 'gb_scale': 3.0051255607023313, 'gd_bubble_scale': 0.3850671101149062, 'gd_line_scale': 0.4114353872153967, 'gd_line_alpha': 0.9313925289060886, 'coalescence_d_scale': 0.6080876201048538, 'capture_scale': 0.14532641887506312}. Best is trial 756 with value: 2.012228641160978.
[I 2026-05-02 22:42:08,381] Trial 849 finished with value: 2.743764206815003 and parameters: {'f_n': 6.256618069419658e-07, 'K_d': 133518.28191380727, 'rho_d': 65024970589985.42, 'fission_rate': 4.586045347846503e+19, 'Dg_D1_scale': 0.4937906606523696, 'Dg_D3_scale': 2.518207154518171, 'Dv_D1_scale': 0.3752161997102668, 'Dv_D2_scale': 1.2900903321171682, 'b_bulk_scale': 0.8072535398398173, 'b_dislocation_scale': 0.06269772429849263, 'gb_scale': 3.0389373281577488, 'gd_bubble_scale': 0.3751106728142983, 'gd_line_scale': 0.507114209899705, 'gd_line_alpha': 0.9342677399522717, 'coalescence_d_scale': 0.8567945889898415, 'capture_scale': 0.11662674650837696}. Best is trial 756 with value: 2.012228641160978.
[I 2026-05-02 22:42:14,899] Trial 850 finished with value: 2.811372319605696 and parameters: {'f_n': 9.897437200479832e-07, 'K_d': 139196.37418040397, 'rho_d': 70784639590701.73, 'fission_rate': 4.439671031941252e+19, 'Dg_D1_scale': 0.5398870086725763, 'Dg_D3_scale': 2.3954323314575188, 'Dv_D1_scale': 0.3609784960873126, 'Dv_D2_scale': 3.6164403926365747, 'b_bulk_scale': 0.7018563316801896, 'b_dislocation_scale': 0.044673615099307826, 'gb_scale': 3.862889507461285, 'gd_bubble_scale': 0.3832108240883727, 'gd_line_scale': 0.5337552823721893, 'gd_line_alpha': 0.9288720821774392, 'coalescence_d_scale': 0.747715875279189, 'capture_scale': 0.13860635452704462}. Best is trial 756 with value: 2.012228641160978.
[I 2026-05-02 22:42:19,614] Trial 851 finished with value: 4.939418947830956 and parameters: {'f_n': 8.284831158000748e-07, 'K_d': 130414.28227196602, 'rho_d': 62291401233844.445, 'fission_rate': 4.5098734095454994e+19, 'Dg_D1_scale': 0.5140936356544027, 'Dg_D3_scale': 2.1891444713093886, 'Dv_D1_scale': 0.5623883641402588, 'Dv_D2_scale': 3.9959601494926225, 'b_bulk_scale': 0.7486253959633437, 'b_dislocation_scale': 0.06655976529689149, 'gb_scale': 2.973924875515669, 'gd_bubble_scale': 0.36101414281537325, 'gd_line_scale': 1.7222388508502544, 'gd_line_alpha': 0.9237800497511365, 'coalescence_d_scale': 0.6546369507502342, 'capture_scale': 0.1454820603263397}. Best is trial 756 with value: 2.012228641160978.
[I 2026-05-02 22:42:25,897] Trial 852 finished with value: 5.543767715011963 and parameters: {'f_n': 1.1375850218539363e-09, 'K_d': 112526.55498911155, 'rho_d': 67684244486023.82, 'fission_rate': 4.592869515024762e+19, 'Dg_D1_scale': 0.47897340510000896, 'Dg_D3_scale': 2.607642403367569, 'Dv_D1_scale': 0.4772836457511478, 'Dv_D2_scale': 3.447586539623856, 'b_bulk_scale': 0.9665870797084953, 'b_dislocation_scale': 0.07136465130365967, 'gb_scale': 3.4240013286669413, 'gd_bubble_scale': 0.3803755156555711, 'gd_line_scale': 1.4134026820232979, 'gd_line_alpha': 0.9433754610932767, 'coalescence_d_scale': 0.6184249336542093, 'capture_scale': 0.15778891283792806}. Best is trial 756 with value: 2.012228641160978.Best trial: 756. Best value: 2.01223:  57%|█████▋    | 852/1500 [1:04:45<1:02:45,  5.81s/it]Best trial: 756. Best value: 2.01223:  57%|█████▋    | 852/1500 [1:04:45<1:02:45,  5.81s/it]Best trial: 756. Best value: 2.01223:  57%|█████▋    | 853/1500 [1:04:45<1:04:11,  5.95s/it]                                                                                            Best trial: 756. Best value: 2.01223:  57%|█████▋    | 853/1500 [1:04:52<1:04:11,  5.95s/it]Best trial: 756. Best value: 2.01223:  57%|█████▋    | 853/1500 [1:04:52<1:04:11,  5.95s/it]Best trial: 756. Best value: 2.01223:  57%|█████▋    | 854/1500 [1:04:52<1:05:42,  6.10s/it]                                                                                            Best trial: 756. Best value: 2.01223:  57%|█████▋    | 854/1500 [1:04:58<1:05:42,  6.10s/it]Best trial: 756. Best value: 2.01223:  57%|█████▋    | 854/1500 [1:04:58<1:05:42,  6.10s/it]Best trial: 756. Best value: 2.01223:  57%|█████▋    | 855/1500 [1:04:58<1:07:03,  6.24s/it]                                                                                            Best trial: 756. Best value: 2.01223:  57%|█████▋    | 855/1500 [1:05:05<1:07:03,  6.24s/it]Best trial: 756. Best value: 2.01223:  57%|█████▋    | 855/1500 [1:05:05<1:07:03,  6.24s/it]Best trial: 756. Best value: 2.01223:  57%|█████▋    | 856/1500 [1:05:05<1:07:27,  6.28s/it]                                                                                            Best trial: 756. Best value: 2.01223:  57%|█████▋    | 856/1500 [1:05:10<1:07:27,  6.28s/it]Best trial: 756. Best value: 2.01223:  57%|█████▋    | 856/1500 [1:05:10<1:07:27,  6.28s/it]Best trial: 756. Best value: 2.01223:  57%|█████▋    | 857/1500 [1:05:10<1:04:17,  6.00s/it]                                                                                            Best trial: 756. Best value: 2.01223:  57%|█████▋    | 857/1500 [1:05:17<1:04:17,  6.00s/it]Best trial: 756. Best value: 2.01223:  57%|█████▋    | 857/1500 [1:05:17<1:04:17,  6.00s/it]Best trial: 756. Best value: 2.01223:  57%|█████▋    | 858/1500 [1:05:17<1:06:09,  6.18s/it]                                                                                            Best trial: 756. Best value: 2.01223:  57%|█████▋    | 858/1500 [1:05:23<1:06:09,  6.18s/it]Best trial: 756. Best value: 2.01223:  57%|█████▋    | 858/1500 [1:05:23<1:06:09,  6.18s/it]Best trial: 756. Best value: 2.01223:  57%|█████▋    | 859/1500 [1:05:23<1:07:15,  6.30s/it]                                                                                            Best trial: 756. Best value: 2.01223:  57%|█████▋    | 859/1500 [1:05:30<1:07:15,  6.30s/it]Best trial: 756. Best value: 2.01223:  57%|█████▋    | 859/1500 [1:05:30<1:07:15,  6.30s/it]Best trial: 756. Best value: 2.01223:  57%|█████▋    | 860/1500 [1:05:30<1:08:47,  6.45s/it]                                                                                            Best trial: 756. Best value: 2.01223:  57%|█████▋    | 860/1500 [1:05:36<1:08:47,  6.45s/it]Best trial: 756. Best value: 2.01223:  57%|█████▋    | 860/1500 [1:05:36<1:08:47,  6.45s/it]Best trial: 756. Best value: 2.01223:  57%|█████▋    | 861/1500 [1:05:36<1:07:57,  6.38s/it]                                                                                            Best trial: 756. Best value: 2.01223:  57%|█████▋    | 861/1500 [1:05:41<1:07:57,  6.38s/it]Best trial: 756. Best value: 2.01223:  57%|█████▋    | 861/1500 [1:05:41<1:07:57,  6.38s/it]Best trial: 756. Best value: 2.01223:  57%|█████▋    | 862/1500 [1:05:41<1:03:09,  5.94s/it]                                                                                            Best trial: 756. Best value: 2.01223:  57%|█████▋    | 862/1500 [1:05:48<1:03:09,  5.94s/it]Best trial: 756. Best value: 2.01223:  57%|█████▋    | 862/1500 [1:05:48<1:03:09,  5.94s/it]Best trial: 756. Best value: 2.01223:  58%|█████▊    | 863/1500 [1:05:48<1:04:44,  6.10s/it]                                                                                            Best trial: 756. Best value: 2.01223:  58%|█████▊    | 863/1500 [1:05:54<1:04:44,  6.10s/it]Best trial: 756. Best value: 2.01223:  58%|█████▊    | 863/1500 [1:05:54<1:04:44,  6.10s/it]Best trial: 756. Best value: 2.01223:  58%|█████▊    | 864/1500 [1:05:54<1:05:25,  6.17s/it]                                                                                            
[I 2026-05-02 22:42:32,354] Trial 853 finished with value: 4.578653007662966 and parameters: {'f_n': 1.1774920189099385e-06, 'K_d': 100119.87419403184, 'rho_d': 62576649718626.875, 'fission_rate': 4.476242166325796e+19, 'Dg_D1_scale': 0.42929725752812187, 'Dg_D3_scale': 2.9692771859530875, 'Dv_D1_scale': 0.4441645621645851, 'Dv_D2_scale': 3.7737256835821498, 'b_bulk_scale': 0.821546622088553, 'b_dislocation_scale': 0.06278584862896311, 'gb_scale': 3.8304788950271917, 'gd_bubble_scale': 0.3361180520673811, 'gd_line_scale': 1.9091275890158197, 'gd_line_alpha': 0.9813056497502542, 'coalescence_d_scale': 0.5087279996100271, 'capture_scale': 0.3746138515772287}. Best is trial 756 with value: 2.012228641160978.
[I 2026-05-02 22:42:38,908] Trial 854 finished with value: 2.4547066146018284 and parameters: {'f_n': 9.835172778685055e-07, 'K_d': 125386.2735501419, 'rho_d': 55895661724382.99, 'fission_rate': 4.364109049638335e+19, 'Dg_D1_scale': 0.5243503583328177, 'Dg_D3_scale': 2.27467363763689, 'Dv_D1_scale': 0.5142795155064867, 'Dv_D2_scale': 3.998429479720089, 'b_bulk_scale': 0.584172780222388, 'b_dislocation_scale': 0.07427318203426261, 'gb_scale': 2.9018393392028505, 'gd_bubble_scale': 0.3793913050556693, 'gd_line_scale': 0.6660794433527257, 'gd_line_alpha': 0.9222830866304854, 'coalescence_d_scale': 0.7229203325063223, 'capture_scale': 0.12194537698461598}. Best is trial 756 with value: 2.012228641160978.
[I 2026-05-02 22:42:45,296] Trial 855 finished with value: 2.0520823736902467 and parameters: {'f_n': 1.2331631714522868e-06, 'K_d': 115634.01423273954, 'rho_d': 65158259244625.72, 'fission_rate': 4.551390819169508e+19, 'Dg_D1_scale': 0.3969410153865011, 'Dg_D3_scale': 2.724378467474951, 'Dv_D1_scale': 0.35154840105357704, 'Dv_D2_scale': 3.5992752284083798, 'b_bulk_scale': 0.6932578775517508, 'b_dislocation_scale': 0.058017409156479204, 'gb_scale': 3.2083467685205598, 'gd_bubble_scale': 0.40418186528923, 'gd_line_scale': 0.40418241341598743, 'gd_line_alpha': 0.9526783429105488, 'coalescence_d_scale': 0.5103345579132753, 'capture_scale': 0.41421529825977865}. Best is trial 756 with value: 2.012228641160978.
[I 2026-05-02 22:42:50,512] Trial 856 finished with value: 2.8636799966137296 and parameters: {'f_n': 5.820653747747254e-07, 'K_d': 139060.30886504205, 'rho_d': 73448449187785.03, 'fission_rate': 4.541304044598849e+19, 'Dg_D1_scale': 0.3914147146665257, 'Dg_D3_scale': 2.5951221699641587, 'Dv_D1_scale': 0.3826711395454042, 'Dv_D2_scale': 3.6546763001480986, 'b_bulk_scale': 0.8876736380570237, 'b_dislocation_scale': 0.053711813851519886, 'gb_scale': 2.7757634716205932, 'gd_bubble_scale': 0.39430832366221297, 'gd_line_scale': 0.4008946927424862, 'gd_line_alpha': 0.9596065244147117, 'coalescence_d_scale': 0.6104568441838848, 'capture_scale': 0.44358744714249454}. Best is trial 756 with value: 2.012228641160978.
[I 2026-05-02 22:42:57,245] Trial 857 finished with value: 2.3259783992262224 and parameters: {'f_n': 7.748265637562731e-07, 'K_d': 109832.88993571703, 'rho_d': 75292899150797.23, 'fission_rate': 4.443085604276986e+19, 'Dg_D1_scale': 0.4219054728233859, 'Dg_D3_scale': 2.3606836531121544, 'Dv_D1_scale': 0.3512487638400633, 'Dv_D2_scale': 3.806327033995629, 'b_bulk_scale': 1.293556735228699, 'b_dislocation_scale': 0.06011211781827683, 'gb_scale': 3.0938197774801717, 'gd_bubble_scale': 0.408991133810729, 'gd_line_scale': 0.3010602051091946, 'gd_line_alpha': 0.9855622619440281, 'coalescence_d_scale': 0.5081614453184999, 'capture_scale': 0.14182696840249087}. Best is trial 756 with value: 2.012228641160978.
[I 2026-05-02 22:43:03,739] Trial 858 finished with value: 2.154506038200874 and parameters: {'f_n': 1.1427976652343384e-06, 'K_d': 130479.53162068062, 'rho_d': 67531809661479.11, 'fission_rate': 4.566755300653145e+19, 'Dg_D1_scale': 0.4130730780269749, 'Dg_D3_scale': 2.7495129296077128, 'Dv_D1_scale': 0.3458175587109006, 'Dv_D2_scale': 3.6261710516715726, 'b_bulk_scale': 0.7452143795230917, 'b_dislocation_scale': 0.046583535385823965, 'gb_scale': 3.1697758807501413, 'gd_bubble_scale': 0.35706198965733416, 'gd_line_scale': 0.3698119953361114, 'gd_line_alpha': 0.9574514397550553, 'coalescence_d_scale': 0.5870265815276351, 'capture_scale': 0.18571348783519953}. Best is trial 756 with value: 2.012228641160978.
[I 2026-05-02 22:43:10,613] Trial 859 finished with value: 2.109063686092185 and parameters: {'f_n': 9.688322721638762e-07, 'K_d': 118839.50123517377, 'rho_d': 50524054332501.08, 'fission_rate': 4.287918491233718e+19, 'Dg_D1_scale': 0.46790714462958816, 'Dg_D3_scale': 2.6666293767113087, 'Dv_D1_scale': 0.39785289869585205, 'Dv_D2_scale': 3.97251350003642, 'b_bulk_scale': 0.8478042818280106, 'b_dislocation_scale': 0.06120670639713835, 'gb_scale': 2.6065155199996877, 'gd_bubble_scale': 0.38358030118044295, 'gd_line_scale': 0.4043329633956385, 'gd_line_alpha': 0.9964957715751743, 'coalescence_d_scale': 0.507362973044249, 'capture_scale': 0.6099440017635092}. Best is trial 756 with value: 2.012228641160978.
[I 2026-05-02 22:43:16,832] Trial 860 finished with value: 2.1444921445238396 and parameters: {'f_n': 1.3453157792850435e-06, 'K_d': 123723.92544252252, 'rho_d': 65111815085239.92, 'fission_rate': 4.663950888207148e+19, 'Dg_D1_scale': 0.39257983940967817, 'Dg_D3_scale': 2.501155430948295, 'Dv_D1_scale': 0.37224303952671217, 'Dv_D2_scale': 3.416626248191985, 'b_bulk_scale': 0.7396482519208236, 'b_dislocation_scale': 0.05029938261613065, 'gb_scale': 3.990628639659937, 'gd_bubble_scale': 0.3909615178877154, 'gd_line_scale': 0.32137962952714544, 'gd_line_alpha': 0.9442701029572083, 'coalescence_d_scale': 0.5322068377318407, 'capture_scale': 0.5135588813779426}. Best is trial 756 with value: 2.012228641160978.
[I 2026-05-02 22:43:21,740] Trial 861 finished with value: 2.5797696374676287 and parameters: {'f_n': 1.111773821638628e-06, 'K_d': 107876.60885789119, 'rho_d': 54422082932051.19, 'fission_rate': 4.383219078947322e+19, 'Dg_D1_scale': 0.45051044137996343, 'Dg_D3_scale': 2.9742687757038833, 'Dv_D1_scale': 0.4193833381424654, 'Dv_D2_scale': 3.9900048924591878, 'b_bulk_scale': 0.9590312089614889, 'b_dislocation_scale': 0.051605817171536665, 'gb_scale': 3.490939228303163, 'gd_bubble_scale': 0.4114152280974242, 'gd_line_scale': 0.5395006814941108, 'gd_line_alpha': 0.9765968435881897, 'coalescence_d_scale': 0.6918224892107322, 'capture_scale': 0.08919099654720931}. Best is trial 756 with value: 2.012228641160978.
[I 2026-05-02 22:43:28,198] Trial 862 finished with value: 2.1386049486322234 and parameters: {'f_n': 7.251765079453382e-07, 'K_d': 143106.10317507925, 'rho_d': 59277695291670.414, 'fission_rate': 4.490590383547376e+19, 'Dg_D1_scale': 0.4908686185912105, 'Dg_D3_scale': 0.4442845484220281, 'Dv_D1_scale': 0.38524493519854286, 'Dv_D2_scale': 3.6225989949900703, 'b_bulk_scale': 0.6739925324865669, 'b_dislocation_scale': 0.05631229366760372, 'gb_scale': 2.9623450480083924, 'gd_bubble_scale': 0.344153897582651, 'gd_line_scale': 0.42023385592701146, 'gd_line_alpha': 0.9281818440034479, 'coalescence_d_scale': 0.5954178433748745, 'capture_scale': 0.44232569042743525}. Best is trial 756 with value: 2.012228641160978.
[I 2026-05-02 22:43:34,551] Trial 863 finished with value: 2.358442282940189 and parameters: {'f_n': 1.2834159672156979e-06, 'K_d': 115501.77179807598, 'rho_d': 70400707275636.53, 'fission_rate': 4.584948503603535e+19, 'Dg_D1_scale': 0.39663278229990173, 'Dg_D3_scale': 2.7619184523775187, 'Dv_D1_scale': 0.3579726785448994, 'Dv_D2_scale': 3.7785369064489, 'b_bulk_scale': 0.7641327968569984, 'b_dislocation_scale': 0.06641708467969655, 'gb_scale': 2.522473064240768, 'gd_bubble_scale': 0.42077178527460846, 'gd_line_scale': 0.4770892676502745, 'gd_line_alpha': 0.9501630570771393, 'coalescence_d_scale': 0.4937887574822332, 'capture_scale': 0.32896606478756757}. Best is trial 756 with value: 2.012228641160978.
