[I 2026-05-02 22:31:07,304] Trial 738 finished with value: 2.0579668949821133 and parameters: {'f_n': 1.7666556977198879e-06, 'K_d': 193378.21950615334, 'rho_d': 52791303439429.86, 'fission_rate': 4.550688169892524e+19, 'Dg_D1_scale': 0.5853660260113263, 'Dg_D3_scale': 2.813992505169432, 'Dv_D1_scale': 0.22247800559684508, 'Dv_D2_scale': 3.8260141868459137, 'b_bulk_scale': 0.37205469242319467, 'b_dislocation_scale': 0.11488512300429872, 'gb_scale': 3.33578503476866, 'gd_bubble_scale': 0.4046982175070387, 'gd_line_scale': 1.5624691337015983, 'gd_line_alpha': 0.9210989969133763, 'coalescence_d_scale': 0.4956879741698374, 'capture_scale': 0.14957078808405702}. Best is trial 737 with value: 2.0348058191592893.
[I 2026-05-02 22:31:13,418] Trial 739 finished with value: 2.2820208796682784 and parameters: {'f_n': 1.4262895596750913e-06, 'K_d': 196567.86230467207, 'rho_d': 58440118209050.77, 'fission_rate': 4.721710956881313e+19, 'Dg_D1_scale': 0.5891211732747705, 'Dg_D3_scale': 2.7583139874620692, 'Dv_D1_scale': 0.21291851243639828, 'Dv_D2_scale': 3.841209440553428, 'b_bulk_scale': 0.3683842299635865, 'b_dislocation_scale': 0.10790664447659139, 'gb_scale': 2.876220332303011, 'gd_bubble_scale': 0.41506822687094097, 'gd_line_scale': 1.455762553768848, 'gd_line_alpha': 0.9242136401769623, 'coalescence_d_scale': 0.5097855885236223, 'capture_scale': 0.10660846556600967}. Best is trial 737 with value: 2.0348058191592893.
[I 2026-05-02 22:31:19,438] Trial 740 finished with value: 2.1172979822591635 and parameters: {'f_n': 1.7349720830425788e-06, 'K_d': 356914.25478748523, 'rho_d': 56402859676576.5, 'fission_rate': 4.746346135192158e+19, 'Dg_D1_scale': 0.581052840047157, 'Dg_D3_scale': 2.5121251829821225, 'Dv_D1_scale': 0.21995517865029277, 'Dv_D2_scale': 3.861632399715906, 'b_bulk_scale': 0.355921598116157, 'b_dislocation_scale': 0.11856758157739272, 'gb_scale': 2.6937362110082343, 'gd_bubble_scale': 0.39819950665880344, 'gd_line_scale': 1.4147822773573642, 'gd_line_alpha': 0.9178741225441933, 'coalescence_d_scale': 0.42988675626956735, 'capture_scale': 0.3268093455660789}. Best is trial 737 with value: 2.0348058191592893.
[I 2026-05-02 22:31:25,641] Trial 741 finished with value: 2.1898968984072886 and parameters: {'f_n': 1.4692426183987813e-06, 'K_d': 185619.8182823814, 'rho_d': 52991613246193.47, 'fission_rate': 4.632119709878892e+19, 'Dg_D1_scale': 0.6993592516842152, 'Dg_D3_scale': 2.8523614982573364, 'Dv_D1_scale': 0.2097610133005166, 'Dv_D2_scale': 3.7944214979680035, 'b_bulk_scale': 0.28758680528067126, 'b_dislocation_scale': 0.14919164488539263, 'gb_scale': 3.408651868743925, 'gd_bubble_scale': 0.38315271998143763, 'gd_line_scale': 2.354126865721207, 'gd_line_alpha': 0.9204384378739028, 'coalescence_d_scale': 0.46445823747315373, 'capture_scale': 0.49254668072654473}. Best is trial 737 with value: 2.0348058191592893.
[I 2026-05-02 22:31:31,948] Trial 742 finished with value: 2.152809893492638 and parameters: {'f_n': 1.8424256340773396e-06, 'K_d': 197670.4131016425, 'rho_d': 53121536741630.73, 'fission_rate': 4.543156200438433e+19, 'Dg_D1_scale': 0.63259569252225, 'Dg_D3_scale': 2.79573787697051, 'Dv_D1_scale': 0.2245840571720436, 'Dv_D2_scale': 3.6364710758922993, 'b_bulk_scale': 0.40968581620826483, 'b_dislocation_scale': 0.11647584751161942, 'gb_scale': 3.205577750350544, 'gd_bubble_scale': 0.45329598620630945, 'gd_line_scale': 1.6399915947810904, 'gd_line_alpha': 0.8978846110649509, 'coalescence_d_scale': 0.40342087663462767, 'capture_scale': 0.06661385433501338}. Best is trial 737 with value: 2.0348058191592893.
[I 2026-05-02 22:31:36,422] Trial 743 finished with value: 2.3622523586835618 and parameters: {'f_n': 1.3952224236255498e-06, 'K_d': 133924.2059920802, 'rho_d': 59718755056215.164, 'fission_rate': 4.7699228947193676e+19, 'Dg_D1_scale': 0.5399519808219175, 'Dg_D3_scale': 2.420868984705909, 'Dv_D1_scale': 0.23108175551814875, 'Dv_D2_scale': 3.7976134618170043, 'b_bulk_scale': 0.33802329636846923, 'b_dislocation_scale': 0.10087895042381771, 'gb_scale': 3.2738214650995516, 'gd_bubble_scale': 0.47261088107070154, 'gd_line_scale': 1.5592451785742838, 'gd_line_alpha': 0.8999259782306006, 'coalescence_d_scale': 0.49269252642896366, 'capture_scale': 0.641179141208958}. Best is trial 737 with value: 2.0348058191592893.
[I 2026-05-02 22:31:42,790] Trial 744 finished with value: 2.1634853527782885 and parameters: {'f_n': 1.5866121694050058e-06, 'K_d': 116898.00542405185, 'rho_d': 60368433316453.516, 'fission_rate': 4.461025731071321e+19, 'Dg_D1_scale': 0.5183863518850281, 'Dg_D3_scale': 2.602392079300865, 'Dv_D1_scale': 0.2137303115801354, 'Dv_D2_scale': 3.505272085084944, 'b_bulk_scale': 0.38503167933477184, 'b_dislocation_scale': 0.13744178835000925, 'gb_scale': 3.6429946961582846, 'gd_bubble_scale': 0.39725487221330774, 'gd_line_scale': 1.7475869475368015, 'gd_line_alpha': 0.8849515466832218, 'coalescence_d_scale': 0.4231677522949429, 'capture_scale': 0.28117498598672236}. Best is trial 737 with value: 2.0348058191592893.Best trial: 737. Best value: 2.03481:  50%|████▉     | 744/1500 [54:02<1:09:50,  5.54s/it]Best trial: 737. Best value: 2.03481:  50%|████▉     | 744/1500 [54:02<1:09:50,  5.54s/it]Best trial: 737. Best value: 2.03481:  50%|████▉     | 745/1500 [54:02<1:12:52,  5.79s/it]                                                                                          Best trial: 737. Best value: 2.03481:  50%|████▉     | 745/1500 [54:09<1:12:52,  5.79s/it]Best trial: 737. Best value: 2.03481:  50%|████▉     | 745/1500 [54:09<1:12:52,  5.79s/it]Best trial: 737. Best value: 2.03481:  50%|████▉     | 746/1500 [54:09<1:14:58,  5.97s/it]                                                                                          Best trial: 737. Best value: 2.03481:  50%|████▉     | 746/1500 [54:15<1:14:58,  5.97s/it]Best trial: 737. Best value: 2.03481:  50%|████▉     | 746/1500 [54:15<1:14:58,  5.97s/it]Best trial: 737. Best value: 2.03481:  50%|████▉     | 747/1500 [54:15<1:16:22,  6.09s/it]                                                                                          Best trial: 737. Best value: 2.03481:  50%|████▉     | 747/1500 [54:21<1:16:22,  6.09s/it]Best trial: 737. Best value: 2.03481:  50%|████▉     | 747/1500 [54:21<1:16:22,  6.09s/it]Best trial: 737. Best value: 2.03481:  50%|████▉     | 748/1500 [54:21<1:17:01,  6.15s/it]                                                                                          Best trial: 737. Best value: 2.03481:  50%|████▉     | 748/1500 [54:26<1:17:01,  6.15s/it]Best trial: 737. Best value: 2.03481:  50%|████▉     | 748/1500 [54:26<1:17:01,  6.15s/it]Best trial: 737. Best value: 2.03481:  50%|████▉     | 749/1500 [54:26<1:12:25,  5.79s/it]                                                                                          Best trial: 737. Best value: 2.03481:  50%|████▉     | 749/1500 [54:33<1:12:25,  5.79s/it]Best trial: 737. Best value: 2.03481:  50%|████▉     | 749/1500 [54:33<1:12:25,  5.79s/it]Best trial: 737. Best value: 2.03481:  50%|█████     | 750/1500 [54:33<1:14:29,  5.96s/it]                                                                                          Best trial: 737. Best value: 2.03481:  50%|█████     | 750/1500 [54:39<1:14:29,  5.96s/it]Best trial: 737. Best value: 2.03481:  50%|█████     | 750/1500 [54:39<1:14:29,  5.96s/it]Best trial: 737. Best value: 2.03481:  50%|█████     | 751/1500 [54:39<1:15:44,  6.07s/it]                                                                                          Best trial: 737. Best value: 2.03481:  50%|█████     | 751/1500 [54:45<1:15:44,  6.07s/it]Best trial: 737. Best value: 2.03481:  50%|█████     | 751/1500 [54:45<1:15:44,  6.07s/it]Best trial: 737. Best value: 2.03481:  50%|█████     | 752/1500 [54:45<1:16:20,  6.12s/it]                                                                                          Best trial: 737. Best value: 2.03481:  50%|█████     | 752/1500 [54:52<1:16:20,  6.12s/it]Best trial: 737. Best value: 2.03481:  50%|█████     | 752/1500 [54:52<1:16:20,  6.12s/it]Best trial: 737. Best value: 2.03481:  50%|█████     | 753/1500 [54:52<1:17:17,  6.21s/it]                                                                                          Best trial: 737. Best value: 2.03481:  50%|█████     | 753/1500 [54:56<1:17:17,  6.21s/it]Best trial: 737. Best value: 2.03481:  50%|█████     | 753/1500 [54:56<1:17:17,  6.21s/it]Best trial: 737. Best value: 2.03481:  50%|█████     | 754/1500 [54:56<1:10:16,  5.65s/it]                                                                                          Best trial: 737. Best value: 2.03481:  50%|█████     | 754/1500 [55:02<1:10:16,  5.65s/it]Best trial: 737. Best value: 2.03481:  50%|█████     | 754/1500 [55:02<1:10:16,  5.65s/it]Best trial: 737. Best value: 2.03481:  50%|█████     | 755/1500 [55:02<1:13:12,  5.90s/it]                                                                                          Best trial: 737. Best value: 2.03481:  50%|█████     | 755/1500 [55:09<1:13:12,  5.90s/it]Best trial: 737. Best value: 2.03481:  50%|█████     | 755/1500 [55:09<1:13:12,  5.90s/it]Best trial: 737. Best value: 2.03481:  50%|█████     | 756/1500 [55:09<1:14:23,  6.00s/it]                                                                                          
[I 2026-05-02 22:31:49,163] Trial 745 finished with value: 3.0144970970345777 and parameters: {'f_n': 1.2632596350003867e-06, 'K_d': 112069.50675048075, 'rho_d': 61578831606515.64, 'fission_rate': 4.535947952196242e+19, 'Dg_D1_scale': 0.5862157336535727, 'Dg_D3_scale': 2.7361433699239393, 'Dv_D1_scale': 0.22409289328080248, 'Dv_D2_scale': 3.989875854735837, 'b_bulk_scale': 0.486613571375274, 'b_dislocation_scale': 0.0860137194791539, 'gb_scale': 3.6409300456293097, 'gd_bubble_scale': 0.5022034550199324, 'gd_line_scale': 1.679151671533451, 'gd_line_alpha': 0.9173140793368797, 'coalescence_d_scale': 0.5465840125367334, 'capture_scale': 0.10023144235902526}. Best is trial 737 with value: 2.0348058191592893.
[I 2026-05-02 22:31:55,528] Trial 746 finished with value: 2.058262744732295 and parameters: {'f_n': 1.8605422996043928e-06, 'K_d': 196336.6879208509, 'rho_d': 64498245692948.984, 'fission_rate': 4.5491430761805365e+19, 'Dg_D1_scale': 0.49513309369680475, 'Dg_D3_scale': 2.8838689359445797, 'Dv_D1_scale': 0.2359543490353297, 'Dv_D2_scale': 3.5274833204857385, 'b_bulk_scale': 0.3702518237154026, 'b_dislocation_scale': 0.13994770429197376, 'gb_scale': 3.702633993065376, 'gd_bubble_scale': 0.4432640869152975, 'gd_line_scale': 1.2712771170561237, 'gd_line_alpha': 0.8745385280510595, 'coalescence_d_scale': 0.37857964773620595, 'capture_scale': 0.8569765968408203}. Best is trial 737 with value: 2.0348058191592893.
[I 2026-05-02 22:32:01,813] Trial 747 finished with value: 2.2933876503857076 and parameters: {'f_n': 1.531096591830278e-06, 'K_d': 202234.69470961197, 'rho_d': 69150519320348.2, 'fission_rate': 4.60849535828006e+19, 'Dg_D1_scale': 0.49565841159642904, 'Dg_D3_scale': 2.5377556835377497, 'Dv_D1_scale': 0.2404957221342515, 'Dv_D2_scale': 3.6330218173276028, 'b_bulk_scale': 0.374148703998496, 'b_dislocation_scale': 0.11195142394623459, 'gb_scale': 3.4810329163958023, 'gd_bubble_scale': 0.4354657389343274, 'gd_line_scale': 1.390138234891264, 'gd_line_alpha': 0.883070899741573, 'coalescence_d_scale': 0.39691114923811993, 'capture_scale': 0.2354445712220451}. Best is trial 737 with value: 2.0348058191592893.
[I 2026-05-02 22:32:06,762] Trial 748 finished with value: 3.6784340121984234 and parameters: {'f_n': 1.2760771481726495e-06, 'K_d': 107461.82707994345, 'rho_d': 65591800977721.44, 'fission_rate': 4.41430722398856e+19, 'Dg_D1_scale': 0.44385753160806973, 'Dg_D3_scale': 2.8205734854702653, 'Dv_D1_scale': 1.343928807411595, 'Dv_D2_scale': 3.481141811503229, 'b_bulk_scale': 0.368932489700717, 'b_dislocation_scale': 0.1323272502128819, 'gb_scale': 3.128772576241008, 'gd_bubble_scale': 0.3718665233015391, 'gd_line_scale': 1.561650495292576, 'gd_line_alpha': 0.9097456934884578, 'coalescence_d_scale': 0.4597379688560221, 'capture_scale': 0.21687277155776308}. Best is trial 737 with value: 2.0348058191592893.
[I 2026-05-02 22:32:13,122] Trial 749 finished with value: 2.1252775021317967 and parameters: {'f_n': 1.8361720648469332e-06, 'K_d': 102985.73048727887, 'rho_d': 64533464391562.29, 'fission_rate': 4.482133966389377e+19, 'Dg_D1_scale': 0.5622183124306522, 'Dg_D3_scale': 2.6687099395252813, 'Dv_D1_scale': 0.24168856994251497, 'Dv_D2_scale': 3.775754306829337, 'b_bulk_scale': 0.45969784828465826, 'b_dislocation_scale': 0.12024902814505645, 'gb_scale': 3.8204892652623337, 'gd_bubble_scale': 0.4342877128274816, 'gd_line_scale': 1.291715608010507, 'gd_line_alpha': 0.8716109915230384, 'coalescence_d_scale': 0.37526992770797024, 'capture_scale': 0.7372114905123656}. Best is trial 737 with value: 2.0348058191592893.
[I 2026-05-02 22:32:19,444] Trial 750 finished with value: 2.772105359819196 and parameters: {'f_n': 1.0449085594029086e-06, 'K_d': 657911.0217517305, 'rho_d': 63251244451895.87, 'fission_rate': 4.575144435560138e+19, 'Dg_D1_scale': 0.6745928357975634, 'Dg_D3_scale': 2.9592105944025238, 'Dv_D1_scale': 0.23822094239161595, 'Dv_D2_scale': 3.487797954100434, 'b_bulk_scale': 0.3296811423116956, 'b_dislocation_scale': 0.1476502663591134, 'gb_scale': 3.312583682603268, 'gd_bubble_scale': 0.3914290559255883, 'gd_line_scale': 1.1542781652258445, 'gd_line_alpha': 0.9003027911785645, 'coalescence_d_scale': 0.4183044396397052, 'capture_scale': 0.39576815529454085}. Best is trial 737 with value: 2.0348058191592893.
[I 2026-05-02 22:32:25,702] Trial 751 finished with value: 4.719085671702719 and parameters: {'f_n': 1.478559597717115e-08, 'K_d': 197135.47815638938, 'rho_d': 70122290508008.55, 'fission_rate': 4.600902474534072e+19, 'Dg_D1_scale': 0.46835628150162584, 'Dg_D3_scale': 2.8674710849743343, 'Dv_D1_scale': 0.7577221748446957, 'Dv_D2_scale': 3.6768515173581084, 'b_bulk_scale': 0.42503614316482347, 'b_dislocation_scale': 0.1340536363905745, 'gb_scale': 3.893428860274729, 'gd_bubble_scale': 0.3421624390830758, 'gd_line_scale': 1.1389742296097305, 'gd_line_alpha': 0.8745650441608497, 'coalescence_d_scale': 0.3460485331855381, 'capture_scale': 0.17206712591403106}. Best is trial 737 with value: 2.0348058191592893.
[I 2026-05-02 22:32:32,104] Trial 752 finished with value: 2.4317727514079643 and parameters: {'f_n': 1.5440338343273423e-06, 'K_d': 101510.75405919742, 'rho_d': 56202833523860.234, 'fission_rate': 4.4821393748279206e+19, 'Dg_D1_scale': 0.614616710421775, 'Dg_D3_scale': 2.401157444427188, 'Dv_D1_scale': 0.23140508273876542, 'Dv_D2_scale': 3.45961129658213, 'b_bulk_scale': 0.3778861176699781, 'b_dislocation_scale': 0.1008896493054919, 'gb_scale': 3.7671966276589735, 'gd_bubble_scale': 0.49664280071694206, 'gd_line_scale': 1.7781490893714553, 'gd_line_alpha': 0.8700339132776197, 'coalescence_d_scale': 0.3810476491785704, 'capture_scale': 0.7220088653185328}. Best is trial 737 with value: 2.0348058191592893.
[I 2026-05-02 22:32:36,458] Trial 753 finished with value: 2.509465731772512 and parameters: {'f_n': 1.2689404808434048e-06, 'K_d': 203758.27628175763, 'rho_d': 59229541610832.56, 'fission_rate': 4.836079721722571e+19, 'Dg_D1_scale': 0.5093999893190584, 'Dg_D3_scale': 2.730454259206524, 'Dv_D1_scale': 0.20885542690547942, 'Dv_D2_scale': 3.8163449191237584, 'b_bulk_scale': 0.4351391917153163, 'b_dislocation_scale': 0.15305535938844464, 'gb_scale': 3.0951332433869263, 'gd_bubble_scale': 7.505669353992816, 'gd_line_scale': 1.4859226875617793, 'gd_line_alpha': 0.897670865842422, 'coalescence_d_scale': 0.4854417698701511, 'capture_scale': 0.13110099096681377}. Best is trial 737 with value: 2.0348058191592893.
[I 2026-05-02 22:32:42,924] Trial 754 finished with value: 2.228008701923178 and parameters: {'f_n': 1.9124956011344495e-06, 'K_d': 192524.4924310371, 'rho_d': 54786454460442.31, 'fission_rate': 4.389945990063318e+19, 'Dg_D1_scale': 0.5444681992848077, 'Dg_D3_scale': 3.0219446581525733, 'Dv_D1_scale': 0.25714130066693813, 'Dv_D2_scale': 3.4238740304972177, 'b_bulk_scale': 0.32052646947180147, 'b_dislocation_scale': 0.1269366154658263, 'gb_scale': 3.4453281609398876, 'gd_bubble_scale': 0.4385785203226335, 'gd_line_scale': 1.9504466154222075, 'gd_line_alpha': 0.8691407847234544, 'coalescence_d_scale': 0.4350960905133709, 'capture_scale': 1.0561488640788084}. Best is trial 737 with value: 2.0348058191592893.
[I 2026-05-02 22:32:49,164] Trial 755 finished with value: 2.238532206373525 and parameters: {'f_n': 1.6084513217389927e-06, 'K_d': 129318.382521495, 'rho_d': 57023597169934.336, 'fission_rate': 4.639348011545234e+19, 'Dg_D1_scale': 0.49819931673395235, 'Dg_D3_scale': 2.8917251883644393, 'Dv_D1_scale': 0.5121056215865181, 'Dv_D2_scale': 3.5884083204532744, 'b_bulk_scale': 0.3484261705442653, 'b_dislocation_scale': 0.11078564192624178, 'gb_scale': 3.939825766350012, 'gd_bubble_scale': 0.5036235450526704, 'gd_line_scale': 1.465060498191302, 'gd_line_alpha': 0.9363763110941372, 'coalescence_d_scale': 0.3570862459201138, 'capture_scale': 0.21267520607453136}. Best is trial 737 with value: 2.0348058191592893.
