[I 2026-05-02 23:07:53,131] Trial 1116 finished with value: 2.097945645468383 and parameters: {'f_n': 1.9505743360142397e-07, 'K_d': 106552.44871594851, 'rho_d': 66132605363196.125, 'fission_rate': 4.663494489642852e+19, 'Dg_D1_scale': 0.23835458111958757, 'Dg_D3_scale': 2.2775429785366086, 'Dv_D1_scale': 0.32500405775367663, 'Dv_D2_scale': 3.9905568549905333, 'b_bulk_scale': 0.3325883608240851, 'b_dislocation_scale': 0.0840650525442388, 'gb_scale': 4.249063839826544, 'gd_bubble_scale': 0.12178474166587802, 'gd_line_scale': 0.7267351418552748, 'gd_line_alpha': 0.940582956504779, 'coalescence_d_scale': 0.3577997797583305, 'capture_scale': 0.04463884324478127}. Best is trial 756 with value: 2.012228641160978.Best trial: 756. Best value: 2.01223:  74%|███████▍  | 1116/1500 [1:30:13<39:15,  6.13s/it]Best trial: 756. Best value: 2.01223:  74%|███████▍  | 1116/1500 [1:30:13<39:15,  6.13s/it]Best trial: 756. Best value: 2.01223:  74%|███████▍  | 1117/1500 [1:30:13<36:08,  5.66s/it]                                                                                           Best trial: 756. Best value: 2.01223:  74%|███████▍  | 1117/1500 [1:30:19<36:08,  5.66s/it]Best trial: 756. Best value: 2.01223:  74%|███████▍  | 1117/1500 [1:30:19<36:08,  5.66s/it]Best trial: 756. Best value: 2.01223:  75%|███████▍  | 1118/1500 [1:30:19<37:30,  5.89s/it]                                                                                           Best trial: 756. Best value: 2.01223:  75%|███████▍  | 1118/1500 [1:30:25<37:30,  5.89s/it]Best trial: 756. Best value: 2.01223:  75%|███████▍  | 1118/1500 [1:30:25<37:30,  5.89s/it]Best trial: 756. Best value: 2.01223:  75%|███████▍  | 1119/1500 [1:30:25<38:07,  6.00s/it]                                                                                           Best trial: 756. Best value: 2.01223:  75%|███████▍  | 1119/1500 [1:30:32<38:07,  6.00s/it]Best trial: 756. Best value: 2.01223:  75%|███████▍  | 1119/1500 [1:30:32<38:07,  6.00s/it]Best trial: 756. Best value: 2.01223:  75%|███████▍  | 1120/1500 [1:30:32<38:40,  6.11s/it]                                                                                           Best trial: 756. Best value: 2.01223:  75%|███████▍  | 1120/1500 [1:30:38<38:40,  6.11s/it]Best trial: 756. Best value: 2.01223:  75%|███████▍  | 1120/1500 [1:30:38<38:40,  6.11s/it]Best trial: 756. Best value: 2.01223:  75%|███████▍  | 1121/1500 [1:30:38<38:55,  6.16s/it]                                                                                           Best trial: 756. Best value: 2.01223:  75%|███████▍  | 1121/1500 [1:30:43<38:55,  6.16s/it]Best trial: 756. Best value: 2.01223:  75%|███████▍  | 1121/1500 [1:30:43<38:55,  6.16s/it]Best trial: 756. Best value: 2.01223:  75%|███████▍  | 1122/1500 [1:30:43<36:18,  5.76s/it]                                                                                           Best trial: 756. Best value: 2.01223:  75%|███████▍  | 1122/1500 [1:30:49<36:18,  5.76s/it]Best trial: 756. Best value: 2.01223:  75%|███████▍  | 1122/1500 [1:30:49<36:18,  5.76s/it]Best trial: 756. Best value: 2.01223:  75%|███████▍  | 1123/1500 [1:30:49<36:53,  5.87s/it]                                                                                           Best trial: 756. Best value: 2.01223:  75%|███████▍  | 1123/1500 [1:30:55<36:53,  5.87s/it]Best trial: 756. Best value: 2.01223:  75%|███████▍  | 1123/1500 [1:30:55<36:53,  5.87s/it]Best trial: 756. Best value: 2.01223:  75%|███████▍  | 1124/1500 [1:30:55<37:37,  6.00s/it]                                                                                           Best trial: 756. Best value: 2.01223:  75%|███████▍  | 1124/1500 [1:31:02<37:37,  6.00s/it]Best trial: 756. Best value: 2.01223:  75%|███████▍  | 1124/1500 [1:31:02<37:37,  6.00s/it]Best trial: 756. Best value: 2.01223:  75%|███████▌  | 1125/1500 [1:31:02<38:20,  6.13s/it]                                                                                           Best trial: 756. Best value: 2.01223:  75%|███████▌  | 1125/1500 [1:31:08<38:20,  6.13s/it]Best trial: 756. Best value: 2.01223:  75%|███████▌  | 1125/1500 [1:31:08<38:20,  6.13s/it]Best trial: 756. Best value: 2.01223:  75%|███████▌  | 1126/1500 [1:31:08<38:19,  6.15s/it]                                                                                           Best trial: 756. Best value: 2.01223:  75%|███████▌  | 1126/1500 [1:31:12<38:19,  6.15s/it]Best trial: 756. Best value: 2.01223:  75%|███████▌  | 1126/1500 [1:31:13<38:19,  6.15s/it]Best trial: 756. Best value: 2.01223:  75%|███████▌  | 1127/1500 [1:31:13<35:28,  5.71s/it]                                                                                           Best trial: 756. Best value: 2.01223:  75%|███████▌  | 1127/1500 [1:31:19<35:28,  5.71s/it]Best trial: 756. Best value: 2.01223:  75%|███████▌  | 1127/1500 [1:31:19<35:28,  5.71s/it]Best trial: 756. Best value: 2.01223:  75%|███████▌  | 1128/1500 [1:31:19<36:06,  5.83s/it]                                                                                           
[I 2026-05-02 23:07:59,557] Trial 1117 finished with value: 2.1368761947185755 and parameters: {'f_n': 1.3754898990958394e-07, 'K_d': 100513.45271840984, 'rho_d': 73265008030985.56, 'fission_rate': 4.503294922603398e+19, 'Dg_D1_scale': 0.21439874742668585, 'Dg_D3_scale': 2.255125392499701, 'Dv_D1_scale': 0.3047946562151596, 'Dv_D2_scale': 3.998045905908458, 'b_bulk_scale': 0.3058611612257133, 'b_dislocation_scale': 0.0834038719060115, 'gb_scale': 3.8043019631507464, 'gd_bubble_scale': 0.12267983934358301, 'gd_line_scale': 0.598021996806451, 'gd_line_alpha': 0.6464870208246684, 'coalescence_d_scale': 0.4575657154801319, 'capture_scale': 0.04919348251112125}. Best is trial 756 with value: 2.012228641160978.
[I 2026-05-02 23:08:05,821] Trial 1118 finished with value: 2.0404893567740574 and parameters: {'f_n': 1.2226329401790953e-07, 'K_d': 112595.38669681856, 'rho_d': 64471875436866.82, 'fission_rate': 4.706074197170784e+19, 'Dg_D1_scale': 0.22578582431995728, 'Dg_D3_scale': 0.542001803487287, 'Dv_D1_scale': 0.3248019275366843, 'Dv_D2_scale': 3.7905604112430997, 'b_bulk_scale': 0.34135941826414323, 'b_dislocation_scale': 0.09514827587568624, 'gb_scale': 3.5126517651013622, 'gd_bubble_scale': 0.14042150526434044, 'gd_line_scale': 0.6730857231980591, 'gd_line_alpha': 0.5882596202816497, 'coalescence_d_scale': 0.3959367355289669, 'capture_scale': 0.06122443599405411}. Best is trial 756 with value: 2.012228641160978.
[I 2026-05-02 23:08:12,174] Trial 1119 finished with value: 3.6035766283088733 and parameters: {'f_n': 1.792292151041083e-07, 'K_d': 105147.47853610497, 'rho_d': 68600333439226.664, 'fission_rate': 4.5623022828682535e+19, 'Dg_D1_scale': 0.2577362860815324, 'Dg_D3_scale': 2.4598363113774813, 'Dv_D1_scale': 0.9015819916391796, 'Dv_D2_scale': 3.7462754490011054, 'b_bulk_scale': 0.29714620713369205, 'b_dislocation_scale': 0.09148915252374584, 'gb_scale': 3.585917440212559, 'gd_bubble_scale': 0.11696801299747153, 'gd_line_scale': 1.0576349196979404, 'gd_line_alpha': 0.666706513148613, 'coalescence_d_scale': 0.34832285561313314, 'capture_scale': 0.05621235483182855}. Best is trial 756 with value: 2.012228641160978.
[I 2026-05-02 23:08:18,460] Trial 1120 finished with value: 2.1494019063224172 and parameters: {'f_n': 1.8285825288105267e-07, 'K_d': 112256.16994165593, 'rho_d': 63141504220637.62, 'fission_rate': 4.7080086440319754e+19, 'Dg_D1_scale': 0.19465164131905963, 'Dg_D3_scale': 2.356635576007623, 'Dv_D1_scale': 0.28618883708745263, 'Dv_D2_scale': 2.012921136335653, 'b_bulk_scale': 0.33921162819619144, 'b_dislocation_scale': 0.08291210772065719, 'gb_scale': 4.124390567562582, 'gd_bubble_scale': 0.12432630039126175, 'gd_line_scale': 0.5641225274376852, 'gd_line_alpha': 0.6410925715474477, 'coalescence_d_scale': 0.4502684896631261, 'capture_scale': 0.041900876242087146}. Best is trial 756 with value: 2.012228641160978.
[I 2026-05-02 23:08:23,298] Trial 1121 finished with value: 3.1036180718636763 and parameters: {'f_n': 2.2740931599962718e-07, 'K_d': 100187.45412722636, 'rho_d': 63448582478140.59, 'fission_rate': 4.620439751862586e+19, 'Dg_D1_scale': 0.2876614722434732, 'Dg_D3_scale': 2.214592191804769, 'Dv_D1_scale': 0.33570475437401975, 'Dv_D2_scale': 3.7567841777792768, 'b_bulk_scale': 0.3250350386092219, 'b_dislocation_scale': 0.09221731195296858, 'gb_scale': 3.251751165096526, 'gd_bubble_scale': 0.10110549765601266, 'gd_line_scale': 1.336186284865508, 'gd_line_alpha': 0.5951549948966758, 'coalescence_d_scale': 0.3997330090188771, 'capture_scale': 0.050619599562642205}. Best is trial 756 with value: 2.012228641160978.
[I 2026-05-02 23:08:29,417] Trial 1122 finished with value: 2.899085553426356 and parameters: {'f_n': 1.378535195207313e-07, 'K_d': 967742.2485529685, 'rho_d': 67080250898501.266, 'fission_rate': 4.771303841881049e+19, 'Dg_D1_scale': 0.23193792510137037, 'Dg_D3_scale': 2.389698716537031, 'Dv_D1_scale': 0.28728643829385064, 'Dv_D2_scale': 3.7792251945623163, 'b_bulk_scale': 0.2916609100814377, 'b_dislocation_scale': 0.0827519536674414, 'gb_scale': 3.6610290502000895, 'gd_bubble_scale': 0.11032550141961998, 'gd_line_scale': 0.6259633876350381, 'gd_line_alpha': 0.6175378616539894, 'coalescence_d_scale': 0.43755011514313386, 'capture_scale': 0.06574443431902564}. Best is trial 756 with value: 2.012228641160978.
[I 2026-05-02 23:08:35,733] Trial 1123 finished with value: 2.342155199740683 and parameters: {'f_n': 1.527977278809639e-07, 'K_d': 110370.29577677527, 'rho_d': 61769986935471.91, 'fission_rate': 4.680335024550908e+19, 'Dg_D1_scale': 0.25403871267079997, 'Dg_D3_scale': 2.499107342972125, 'Dv_D1_scale': 0.3082480171229481, 'Dv_D2_scale': 3.666404161100732, 'b_bulk_scale': 0.35261788988966863, 'b_dislocation_scale': 0.093878258050443, 'gb_scale': 3.114524817402553, 'gd_bubble_scale': 0.14449328260799707, 'gd_line_scale': 0.7835474235276781, 'gd_line_alpha': 0.625659967781776, 'coalescence_d_scale': 0.476890407311384, 'capture_scale': 0.06451218718839481}. Best is trial 756 with value: 2.012228641160978.
[I 2026-05-02 23:08:42,171] Trial 1124 finished with value: 2.0425914143487427 and parameters: {'f_n': 1.8650484143685067e-07, 'K_d': 106138.94427719798, 'rho_d': 70541571659898.94, 'fission_rate': 4.536341302730404e+19, 'Dg_D1_scale': 0.24779612332685277, 'Dg_D3_scale': 2.4495934008566973, 'Dv_D1_scale': 0.33105422839235527, 'Dv_D2_scale': 3.8035428131886633, 'b_bulk_scale': 0.2975532511447968, 'b_dislocation_scale': 0.08790449032879209, 'gb_scale': 4.195703135301334, 'gd_bubble_scale': 0.09518709577659651, 'gd_line_scale': 0.5505773611074065, 'gd_line_alpha': 0.6618279370868442, 'coalescence_d_scale': 0.3507808875362906, 'capture_scale': 0.05370738708054553}. Best is trial 756 with value: 2.012228641160978.
[I 2026-05-02 23:08:48,350] Trial 1125 finished with value: 2.0773213021165775 and parameters: {'f_n': 1.4797504800188916e-07, 'K_d': 113612.11983598326, 'rho_d': 61716822589542.766, 'fission_rate': 4.760944869223234e+19, 'Dg_D1_scale': 0.2777634330178546, 'Dg_D3_scale': 2.2250051626307403, 'Dv_D1_scale': 0.31414081446339504, 'Dv_D2_scale': 3.6712534230675793, 'b_bulk_scale': 0.35981164889827594, 'b_dislocation_scale': 0.09704058655267986, 'gb_scale': 3.3395842731850847, 'gd_bubble_scale': 0.13230304675157004, 'gd_line_scale': 0.670555650767794, 'gd_line_alpha': 0.5517665855790564, 'coalescence_d_scale': 0.39870224791394865, 'capture_scale': 0.06631951152312104}. Best is trial 756 with value: 2.012228641160978.
[I 2026-05-02 23:08:53,025] Trial 1126 finished with value: 2.434920083832723 and parameters: {'f_n': 1.637142665409932e-07, 'K_d': 105770.49071370388, 'rho_d': 74072875522111.58, 'fission_rate': 4.617738234901083e+19, 'Dg_D1_scale': 0.22305448165395542, 'Dg_D3_scale': 2.0993923932167493, 'Dv_D1_scale': 0.6430778178274168, 'Dv_D2_scale': 3.9858543424095996, 'b_bulk_scale': 0.32495727795539886, 'b_dislocation_scale': 0.0805591505897744, 'gb_scale': 3.8176009117785816, 'gd_bubble_scale': 0.11119291509067351, 'gd_line_scale': 0.5992592665091546, 'gd_line_alpha': 0.6328740009840886, 'coalescence_d_scale': 0.4612931477778361, 'capture_scale': 0.04786971388594172}. Best is trial 756 with value: 2.012228641160978.
[I 2026-05-02 23:08:59,127] Trial 1127 finished with value: 4.157400578355525 and parameters: {'f_n': 1.0131182806683234e-07, 'K_d': 100307.37808518276, 'rho_d': 66158189979188.914, 'fission_rate': 4.789769274218232e+19, 'Dg_D1_scale': 0.29038012168825966, 'Dg_D3_scale': 2.262428421823795, 'Dv_D1_scale': 0.330998617034376, 'Dv_D2_scale': 3.98517386297483, 'b_bulk_scale': 0.2943494826724012, 'b_dislocation_scale': 0.08368127908110799, 'gb_scale': 0.3799085600033004, 'gd_bubble_scale': 0.13306835064895084, 'gd_line_scale': 0.7145356134855386, 'gd_line_alpha': 0.6855807205782702, 'coalescence_d_scale': 0.3508804835221417, 'capture_scale': 0.06975750938466888}. Best is trial 756 with value: 2.012228641160978.
[I 2026-05-02 23:09:05,366] Trial 1128 finished with value: 2.1074715130283823 and parameters: {'f_n': 2.3413570145379023e-07, 'K_d': 113428.72220849892, 'rho_d': 60708225144677.28, 'fission_rate': 4.696142662322091e+19, 'Dg_D1_scale': 0.26126195887498144, 'Dg_D3_scale': 2.422557437576902, 'Dv_D1_scale': 0.2889772633555775, 'Dv_D2_scale': 3.999202283538801, 'b_bulk_scale': 0.3596068372087038, 'b_dislocation_scale': 0.09795216485549187, 'gb_scale': 3.1622324494121457, 'gd_bubble_scale': 0.14409654715815898, 'gd_line_scale': 0.5353819555898215, 'gd_line_alpha': 0.6083047234477755, 'coalescence_d_scale': 0.4168651496107267, 'capture_scale': 0.05778265024616339}. Best is trial 756 with value: 2.012228641160978.Best trial: 756. Best value: 2.01223:  75%|███████▌  | 1128/1500 [1:31:25<36:06,  5.83s/it]Best trial: 756. Best value: 2.01223:  75%|███████▌  | 1128/1500 [1:31:25<36:06,  5.83s/it]Best trial: 756. Best value: 2.01223:  75%|███████▌  | 1129/1500 [1:31:25<36:47,  5.95s/it]                                                                                           Best trial: 756. Best value: 2.01223:  75%|███████▌  | 1129/1500 [1:31:31<36:47,  5.95s/it]Best trial: 756. Best value: 2.01223:  75%|███████▌  | 1129/1500 [1:31:31<36:47,  5.95s/it]Best trial: 756. Best value: 2.01223:  75%|███████▌  | 1130/1500 [1:31:31<37:36,  6.10s/it]                                                                                           Best trial: 756. Best value: 2.01223:  75%|███████▌  | 1130/1500 [1:31:38<37:36,  6.10s/it]Best trial: 756. Best value: 2.01223:  75%|███████▌  | 1130/1500 [1:31:38<37:36,  6.10s/it]Best trial: 756. Best value: 2.01223:  75%|███████▌  | 1131/1500 [1:31:38<37:59,  6.18s/it]                                                                                           Best trial: 756. Best value: 2.01223:  75%|███████▌  | 1131/1500 [1:31:42<37:59,  6.18s/it]Best trial: 756. Best value: 2.01223:  75%|███████▌  | 1131/1500 [1:31:42<37:59,  6.18s/it]Best trial: 756. Best value: 2.01223:  75%|███████▌  | 1132/1500 [1:31:42<34:47,  5.67s/it]                                                                                           Best trial: 756. Best value: 2.01223:  75%|███████▌  | 1132/1500 [1:31:48<34:47,  5.67s/it]Best trial: 756. Best value: 2.01223:  75%|███████▌  | 1132/1500 [1:31:49<34:47,  5.67s/it]Best trial: 756. Best value: 2.01223:  76%|███████▌  | 1133/1500 [1:31:49<35:48,  5.85s/it]                                                                                           Best trial: 756. Best value: 2.01223:  76%|███████▌  | 1133/1500 [1:31:55<35:48,  5.85s/it]Best trial: 756. Best value: 2.01223:  76%|███████▌  | 1133/1500 [1:31:55<35:48,  5.85s/it]Best trial: 756. Best value: 2.01223:  76%|███████▌  | 1134/1500 [1:31:55<36:23,  5.97s/it]                                                                                           Best trial: 756. Best value: 2.01223:  76%|███████▌  | 1134/1500 [1:32:01<36:23,  5.97s/it]Best trial: 756. Best value: 2.01223:  76%|███████▌  | 1134/1500 [1:32:01<36:23,  5.97s/it]Best trial: 756. Best value: 2.01223:  76%|███████▌  | 1135/1500 [1:32:01<36:31,  6.00s/it]                                                                                           Best trial: 756. Best value: 2.01223:  76%|███████▌  | 1135/1500 [1:32:07<36:31,  6.00s/it]Best trial: 756. Best value: 2.01223:  76%|███████▌  | 1135/1500 [1:32:07<36:31,  6.00s/it]Best trial: 756. Best value: 2.01223:  76%|███████▌  | 1136/1500 [1:32:07<37:22,  6.16s/it]                                                                                           Best trial: 756. Best value: 2.01223:  76%|███████▌  | 1136/1500 [1:32:12<37:22,  6.16s/it]Best trial: 756. Best value: 2.01223:  76%|███████▌  | 1136/1500 [1:32:12<37:22,  6.16s/it]Best trial: 756. Best value: 2.01223:  76%|███████▌  | 1137/1500 [1:32:12<34:33,  5.71s/it]                                                                                           Best trial: 756. Best value: 2.01223:  76%|███████▌  | 1137/1500 [1:32:18<34:33,  5.71s/it]Best trial: 756. Best value: 2.01223:  76%|███████▌  | 1137/1500 [1:32:18<34:33,  5.71s/it]Best trial: 756. Best value: 2.01223:  76%|███████▌  | 1138/1500 [1:32:18<35:16,  5.85s/it]                                                                                           Best trial: 756. Best value: 2.01223:  76%|███████▌  | 1138/1500 [1:32:24<35:16,  5.85s/it]Best trial: 756. Best value: 2.01223:  76%|███████▌  | 1138/1500 [1:32:25<35:16,  5.85s/it]Best trial: 756. Best value: 2.01223:  76%|███████▌  | 1139/1500 [1:32:25<36:01,  5.99s/it]                                                                                           Best trial: 756. Best value: 2.01223:  76%|███████▌  | 1139/1500 [1:32:30<36:01,  5.99s/it]Best trial: 756. Best value: 2.01223:  76%|███████▌  | 1139/1500 [1:32:31<36:01,  5.99s/it]Best trial: 756. Best value: 2.01223:  76%|███████▌  | 1140/1500 [1:32:31<36:04,  6.01s/it]                                                                                           
[I 2026-05-02 23:09:11,812] Trial 1129 finished with value: 2.6305474459764064 and parameters: {'f_n': 1.4434638106807751e-07, 'K_d': 835057.8428193423, 'rho_d': 63549845782823.9, 'fission_rate': 4.4696567117393625e+19, 'Dg_D1_scale': 0.3002359752269091, 'Dg_D3_scale': 2.485014401793369, 'Dv_D1_scale': 0.3107108374400727, 'Dv_D2_scale': 3.620100008875514, 'b_bulk_scale': 0.3174467954455375, 'b_dislocation_scale': 0.08907001629261031, 'gb_scale': 2.8549058678379344, 'gd_bubble_scale': 0.11646070366257955, 'gd_line_scale': 0.6230707454085197, 'gd_line_alpha': 0.6441165447818266, 'coalescence_d_scale': 0.478277697469708, 'capture_scale': 0.06625817454327741}. Best is trial 756 with value: 2.012228641160978.
[I 2026-05-02 23:09:18,170] Trial 1130 finished with value: 2.1037423717569377 and parameters: {'f_n': 2.1781257818147556e-07, 'K_d': 100043.80487005973, 'rho_d': 69344783109579.53, 'fission_rate': 4.572460286758997e+19, 'Dg_D1_scale': 0.24020481573446698, 'Dg_D3_scale': 2.1923443808257956, 'Dv_D1_scale': 0.34150806747278956, 'Dv_D2_scale': 3.6088788244117858, 'b_bulk_scale': 0.33292722352527937, 'b_dislocation_scale': 0.11071749803507008, 'gb_scale': 3.3987450746562278, 'gd_bubble_scale': 0.12647999724248776, 'gd_line_scale': 0.5444337803352369, 'gd_line_alpha': 0.6361022597753887, 'coalescence_d_scale': 0.38790547217353905, 'capture_scale': 0.07472116868819996}. Best is trial 756 with value: 2.012228641160978.
[I 2026-05-02 23:09:22,665] Trial 1131 finished with value: 2.7769118579498264 and parameters: {'f_n': 3.2721433720383455e-07, 'K_d': 108691.04221704154, 'rho_d': 66564326996745.28, 'fission_rate': 4.786562184713368e+19, 'Dg_D1_scale': 0.27452101342587915, 'Dg_D3_scale': 2.0422431589939887, 'Dv_D1_scale': 0.3377172263245608, 'Dv_D2_scale': 3.770506216651867, 'b_bulk_scale': 0.29625905222335486, 'b_dislocation_scale': 0.08189662007949637, 'gb_scale': 3.769151540693827, 'gd_bubble_scale': 0.1478496573778736, 'gd_line_scale': 1.2130160033699913, 'gd_line_alpha': 0.5888506447698503, 'coalescence_d_scale': 0.43254958063792776, 'capture_scale': 0.04020751027070218}. Best is trial 756 with value: 2.012228641160978.
[I 2026-05-02 23:09:28,940] Trial 1132 finished with value: 3.654153017000202 and parameters: {'f_n': 2.316061274887881e-07, 'K_d': 114519.82482561925, 'rho_d': 79628836891633.06, 'fission_rate': 4.658004482106102e+19, 'Dg_D1_scale': 0.3197350742418403, 'Dg_D3_scale': 2.302905074066393, 'Dv_D1_scale': 0.3034669226045279, 'Dv_D2_scale': 3.9995191748182672, 'b_bulk_scale': 0.35868252680208995, 'b_dislocation_scale': 0.09608185085123898, 'gb_scale': 3.0229452856425443, 'gd_bubble_scale': 0.11233693039885562, 'gd_line_scale': 0.7998551193451188, 'gd_line_alpha': 0.53020348490791, 'coalescence_d_scale': 2.1806771503475915, 'capture_scale': 0.08651907377759295}. Best is trial 756 with value: 2.012228641160978.
[I 2026-05-02 23:09:35,174] Trial 1133 finished with value: 2.168758727834992 and parameters: {'f_n': 3.3397385814956504e-07, 'K_d': 105329.10343502322, 'rho_d': 60579701636718.05, 'fission_rate': 4.716063781746965e+19, 'Dg_D1_scale': 0.2561095088581373, 'Dg_D3_scale': 2.090119837216248, 'Dv_D1_scale': 0.3186012451301539, 'Dv_D2_scale': 1.4360957346615193, 'b_bulk_scale': 0.3706739574709668, 'b_dislocation_scale': 0.08070490358129143, 'gb_scale': 4.212787113678645, 'gd_bubble_scale': 0.09472259799856333, 'gd_line_scale': 0.6714334029120084, 'gd_line_alpha': 0.676220772638489, 'coalescence_d_scale': 0.3451571172494269, 'capture_scale': 0.05421093082354193}. Best is trial 756 with value: 2.012228641160978.
