[I 2026-05-02 23:13:10,063] Trial 1170 finished with value: 2.0673332090743806 and parameters: {'f_n': 2.4663799229709417e-07, 'K_d': 122542.51064836634, 'rho_d': 57421443077719.055, 'fission_rate': 4.673506975248786e+19, 'Dg_D1_scale': 0.3131125095862409, 'Dg_D3_scale': 2.336806976334591, 'Dv_D1_scale': 0.3103393416302349, 'Dv_D2_scale': 3.3954592559757666, 'b_bulk_scale': 0.44992131653854983, 'b_dislocation_scale': 0.09274318543589041, 'gb_scale': 2.6634920084123634, 'gd_bubble_scale': 0.09953004872641166, 'gd_line_scale': 0.6103848063743157, 'gd_line_alpha': 0.6520947324423665, 'coalescence_d_scale': 0.4177751409375385, 'capture_scale': 0.10815409772461572}. Best is trial 756 with value: 2.012228641160978.
[I 2026-05-02 23:13:16,076] Trial 1171 finished with value: 2.285489497721 and parameters: {'f_n': 3.169779353665149e-07, 'K_d': 109005.09333235148, 'rho_d': 60080984246986.016, 'fission_rate': 4.898728588770523e+19, 'Dg_D1_scale': 0.3334642987781107, 'Dg_D3_scale': 2.5340459581659114, 'Dv_D1_scale': 0.3370723004116441, 'Dv_D2_scale': 3.807411886637434, 'b_bulk_scale': 0.34208605028341627, 'b_dislocation_scale': 0.06978518672268426, 'gb_scale': 3.459640954927094, 'gd_bubble_scale': 0.15142158873594208, 'gd_line_scale': 0.7935756943070703, 'gd_line_alpha': 0.598459210277701, 'coalescence_d_scale': 0.3442183424250303, 'capture_scale': 0.08125120202952536}. Best is trial 756 with value: 2.012228641160978.
[I 2026-05-02 23:13:22,261] Trial 1172 finished with value: 2.165540763918657 and parameters: {'f_n': 1.8409695981176506e-07, 'K_d': 115468.65632832285, 'rho_d': 64764966323421.81, 'fission_rate': 4.737787154582055e+19, 'Dg_D1_scale': 0.2665634010411483, 'Dg_D3_scale': 2.1157214317406443, 'Dv_D1_scale': 0.360726521434853, 'Dv_D2_scale': 3.5866344362538487, 'b_bulk_scale': 0.3859312818485593, 'b_dislocation_scale': 0.10949910460136687, 'gb_scale': 3.9376901471488064, 'gd_bubble_scale': 0.13234114545246972, 'gd_line_scale': 0.5202765930467882, 'gd_line_alpha': 0.5019101864235959, 'coalescence_d_scale': 0.491519454061929, 'capture_scale': 0.09049146971913999}. Best is trial 756 with value: 2.012228641160978.
[I 2026-05-02 23:13:27,027] Trial 1173 finished with value: 2.0419330682765264 and parameters: {'f_n': 2.191005840793373e-07, 'K_d': 108512.76705414284, 'rho_d': 57211331586218.195, 'fission_rate': 4.544036448890335e+19, 'Dg_D1_scale': 0.23980992335608334, 'Dg_D3_scale': 1.9702969320853945, 'Dv_D1_scale': 0.3033304905567039, 'Dv_D2_scale': 3.9896011884455764, 'b_bulk_scale': 0.2844784310204804, 'b_dislocation_scale': 0.07859563874405152, 'gb_scale': 3.044621900390645, 'gd_bubble_scale': 0.11636360959918646, 'gd_line_scale': 0.6943152411449186, 'gd_line_alpha': 0.5726309913008047, 'coalescence_d_scale': 0.39155784079376377, 'capture_scale': 0.057782775728556605}. Best is trial 756 with value: 2.012228641160978.
[I 2026-05-02 23:13:33,117] Trial 1174 finished with value: 2.0386649162312684 and parameters: {'f_n': 1.2110820866590897e-07, 'K_d': 124358.27161110382, 'rho_d': 60912072541982.7, 'fission_rate': 4.812794672147916e+19, 'Dg_D1_scale': 0.2822047821041772, 'Dg_D3_scale': 2.2356829374279483, 'Dv_D1_scale': 0.33406890888970664, 'Dv_D2_scale': 3.785591188801764, 'b_bulk_scale': 0.4177187117021668, 'b_dislocation_scale': 0.09737175827042457, 'gb_scale': 2.79706441921118, 'gd_bubble_scale': 0.10669036422242686, 'gd_line_scale': 0.4691570958322189, 'gd_line_alpha': 0.6515461257756521, 'coalescence_d_scale': 0.4498962914654755, 'capture_scale': 0.10985974365597435}. Best is trial 756 with value: 2.012228641160978.
[I 2026-05-02 23:13:39,430] Trial 1175 finished with value: 2.0580018663815887 and parameters: {'f_n': 2.6610145791474346e-07, 'K_d': 112690.42698338402, 'rho_d': 64800634483453.94, 'fission_rate': 4.63594255041041e+19, 'Dg_D1_scale': 0.3012374814525108, 'Dg_D3_scale': 2.5119432804948914, 'Dv_D1_scale': 0.36031294914726886, 'Dv_D2_scale': 3.425383342787219, 'b_bulk_scale': 0.3227259311338399, 'b_dislocation_scale': 0.08565696861281512, 'gb_scale': 3.344118658509393, 'gd_bubble_scale': 0.12863628889577547, 'gd_line_scale': 0.5909286183266524, 'gd_line_alpha': 0.5177361731000103, 'coalescence_d_scale': 0.5678872085035948, 'capture_scale': 0.06675083769944748}. Best is trial 756 with value: 2.012228641160978.
[I 2026-05-02 23:13:45,632] Trial 1176 finished with value: 3.3470779443380496 and parameters: {'f_n': 3.6615258630531413e-07, 'K_d': 118216.76766957615, 'rho_d': 57100153008279.32, 'fission_rate': 4.726001092439256e+19, 'Dg_D1_scale': 0.3308292126936833, 'Dg_D3_scale': 2.0833726037380758, 'Dv_D1_scale': 1.2772532020636074, 'Dv_D2_scale': 3.625447312254321, 'b_bulk_scale': 0.4645628753712069, 'b_dislocation_scale': 0.07082913608486684, 'gb_scale': 3.8278058101682073, 'gd_bubble_scale': 0.15994176578136465, 'gd_line_scale': 0.5446383359437339, 'gd_line_alpha': 0.63919591503326, 'coalescence_d_scale': 1.3061716854253766, 'capture_scale': 0.09895321148775033}. Best is trial 756 with value: 2.012228641160978.Best trial: 756. Best value: 2.01223:  78%|███████▊  | 1176/1500 [1:36:05<32:04,  5.94s/it]Best trial: 756. Best value: 2.01223:  78%|███████▊  | 1176/1500 [1:36:05<32:04,  5.94s/it]Best trial: 756. Best value: 2.01223:  78%|███████▊  | 1177/1500 [1:36:05<32:24,  6.02s/it]                                                                                           Best trial: 756. Best value: 2.01223:  78%|███████▊  | 1177/1500 [1:36:11<32:24,  6.02s/it]Best trial: 756. Best value: 2.01223:  78%|███████▊  | 1177/1500 [1:36:11<32:24,  6.02s/it]Best trial: 756. Best value: 2.01223:  79%|███████▊  | 1178/1500 [1:36:11<32:16,  6.01s/it]                                                                                           Best trial: 756. Best value: 2.01223:  79%|███████▊  | 1178/1500 [1:36:17<32:16,  6.01s/it]Best trial: 756. Best value: 2.01223:  79%|███████▊  | 1178/1500 [1:36:17<32:16,  6.01s/it]Best trial: 756. Best value: 2.01223:  79%|███████▊  | 1179/1500 [1:36:17<32:29,  6.07s/it]                                                                                           Best trial: 756. Best value: 2.01223:  79%|███████▊  | 1179/1500 [1:36:22<32:29,  6.07s/it]Best trial: 756. Best value: 2.01223:  79%|███████▊  | 1179/1500 [1:36:22<32:29,  6.07s/it]Best trial: 756. Best value: 2.01223:  79%|███████▊  | 1180/1500 [1:36:22<30:32,  5.73s/it]                                                                                           Best trial: 756. Best value: 2.01223:  79%|███████▊  | 1180/1500 [1:36:29<30:32,  5.73s/it]Best trial: 756. Best value: 2.01223:  79%|███████▊  | 1180/1500 [1:36:29<30:32,  5.73s/it]Best trial: 756. Best value: 2.01223:  79%|███████▊  | 1181/1500 [1:36:29<31:22,  5.90s/it]                                                                                           Best trial: 756. Best value: 2.01223:  79%|███████▊  | 1181/1500 [1:36:35<31:22,  5.90s/it]Best trial: 756. Best value: 2.01223:  79%|███████▊  | 1181/1500 [1:36:35<31:22,  5.90s/it]Best trial: 756. Best value: 2.01223:  79%|███████▉  | 1182/1500 [1:36:35<32:04,  6.05s/it]                                                                                           Best trial: 756. Best value: 2.01223:  79%|███████▉  | 1182/1500 [1:36:41<32:04,  6.05s/it]Best trial: 756. Best value: 2.01223:  79%|███████▉  | 1182/1500 [1:36:41<32:04,  6.05s/it]Best trial: 756. Best value: 2.01223:  79%|███████▉  | 1183/1500 [1:36:41<31:49,  6.02s/it]                                                                                           Best trial: 756. Best value: 2.01223:  79%|███████▉  | 1183/1500 [1:36:47<31:49,  6.02s/it]Best trial: 756. Best value: 2.01223:  79%|███████▉  | 1183/1500 [1:36:47<31:49,  6.02s/it]Best trial: 756. Best value: 2.01223:  79%|███████▉  | 1184/1500 [1:36:47<32:02,  6.08s/it]                                                                                           Best trial: 756. Best value: 2.01223:  79%|███████▉  | 1184/1500 [1:36:52<32:02,  6.08s/it]Best trial: 756. Best value: 2.01223:  79%|███████▉  | 1184/1500 [1:36:52<32:02,  6.08s/it]Best trial: 756. Best value: 2.01223:  79%|███████▉  | 1185/1500 [1:36:52<29:21,  5.59s/it]                                                                                           Best trial: 756. Best value: 2.01223:  79%|███████▉  | 1185/1500 [1:36:58<29:21,  5.59s/it]Best trial: 756. Best value: 2.01223:  79%|███████▉  | 1185/1500 [1:36:58<29:21,  5.59s/it]Best trial: 756. Best value: 2.01223:  79%|███████▉  | 1186/1500 [1:36:58<30:29,  5.83s/it]                                                                                           Best trial: 756. Best value: 2.01223:  79%|███████▉  | 1186/1500 [1:37:04<30:29,  5.83s/it]Best trial: 756. Best value: 2.01223:  79%|███████▉  | 1186/1500 [1:37:04<30:29,  5.83s/it]Best trial: 756. Best value: 2.01223:  79%|███████▉  | 1187/1500 [1:37:04<30:54,  5.92s/it]                                                                                           Best trial: 756. Best value: 2.01223:  79%|███████▉  | 1187/1500 [1:37:10<30:54,  5.92s/it]Best trial: 756. Best value: 2.01223:  79%|███████▉  | 1187/1500 [1:37:10<30:54,  5.92s/it]Best trial: 756. Best value: 2.01223:  79%|███████▉  | 1188/1500 [1:37:10<31:22,  6.03s/it]                                                                                           
[I 2026-05-02 23:13:51,635] Trial 1177 finished with value: 2.75134264796245 and parameters: {'f_n': 3.531075515250929e-07, 'K_d': 107522.13788803313, 'rho_d': 69649221261635.82, 'fission_rate': 4.914447457677684e+19, 'Dg_D1_scale': 0.2499483824803572, 'Dg_D3_scale': 2.3647196235609296, 'Dv_D1_scale': 0.322732845405637, 'Dv_D2_scale': 0.614982420285826, 'b_bulk_scale': 0.359175656994434, 'b_dislocation_scale': 0.08938623920013758, 'gb_scale': 4.254828264511703, 'gd_bubble_scale': 0.1395178757783807, 'gd_line_scale': 1.2007406854788738, 'gd_line_alpha': 0.6378381962905026, 'coalescence_d_scale': 0.42733010204222643, 'capture_scale': 0.08786247124896275}. Best is trial 756 with value: 2.012228641160978.
[I 2026-05-02 23:13:57,844] Trial 1178 finished with value: 2.05195532664701 and parameters: {'f_n': 1.9488459939405494e-07, 'K_d': 114453.02111102328, 'rho_d': 61247530498112.24, 'fission_rate': 4.805721728749221e+19, 'Dg_D1_scale': 0.22510642637713216, 'Dg_D3_scale': 2.5462432125883514, 'Dv_D1_scale': 0.30657155902580596, 'Dv_D2_scale': 3.772136693031602, 'b_bulk_scale': 0.28652344719510325, 'b_dislocation_scale': 0.07817761561220492, 'gb_scale': 3.003910342546033, 'gd_bubble_scale': 0.09804234397185727, 'gd_line_scale': 0.6279569244220946, 'gd_line_alpha': 0.624369730525487, 'coalescence_d_scale': 0.375232168873917, 'capture_scale': 0.07438531256424516}. Best is trial 756 with value: 2.012228641160978.
[I 2026-05-02 23:14:02,767] Trial 1179 finished with value: 2.0996512489500456 and parameters: {'f_n': 2.922659143654993e-07, 'K_d': 106275.81515902205, 'rho_d': 67130703809669.64, 'fission_rate': 4.411871069852158e+19, 'Dg_D1_scale': 0.2733092950008205, 'Dg_D3_scale': 2.193613876577362, 'Dv_D1_scale': 0.3461845739018927, 'Dv_D2_scale': 3.98909288028107, 'b_bulk_scale': 0.4214727496064261, 'b_dislocation_scale': 0.11284782319391926, 'gb_scale': 3.510739241964317, 'gd_bubble_scale': 0.12103123875986853, 'gd_line_scale': 0.736641956246398, 'gd_line_alpha': 0.6153601706833677, 'coalescence_d_scale': 0.5060889091548878, 'capture_scale': 0.10721956976536492}. Best is trial 756 with value: 2.012228641160978.
[I 2026-05-02 23:14:09,075] Trial 1180 finished with value: 2.0802652185709154 and parameters: {'f_n': 1.382431884994823e-07, 'K_d': 126147.22270613728, 'rho_d': 57343601448775.23, 'fission_rate': 4.635730301378867e+19, 'Dg_D1_scale': 0.31597907482752563, 'Dg_D3_scale': 2.3013331469346534, 'Dv_D1_scale': 0.6777816865167575, 'Dv_D2_scale': 3.4610896291487303, 'b_bulk_scale': 0.45253409041496545, 'b_dislocation_scale': 0.09907356063039796, 'gb_scale': 2.646963084166, 'gd_bubble_scale': 0.15582573097616167, 'gd_line_scale': 0.47016680925170523, 'gd_line_alpha': 0.5612704391053063, 'coalescence_d_scale': 0.3452747631898737, 'capture_scale': 0.0831922199260461}. Best is trial 756 with value: 2.012228641160978.
[I 2026-05-02 23:14:15,481] Trial 1181 finished with value: 2.082161230590851 and parameters: {'f_n': 3.695142455281646e-07, 'K_d': 120179.214366518, 'rho_d': 62531293212579.35, 'fission_rate': 4.54587824834066e+19, 'Dg_D1_scale': 0.29851597484906944, 'Dg_D3_scale': 1.9889721235593003, 'Dv_D1_scale': 0.3677927629652018, 'Dv_D2_scale': 3.610842567030504, 'b_bulk_scale': 0.3680600996146627, 'b_dislocation_scale': 0.0858801610641785, 'gb_scale': 3.223842460049326, 'gd_bubble_scale': 0.10845162536006546, 'gd_line_scale': 0.5298807515248098, 'gd_line_alpha': 0.604736566182782, 'coalescence_d_scale': 0.47355729565972704, 'capture_scale': 0.04995094116942277}. Best is trial 756 with value: 2.012228641160978.
[I 2026-05-02 23:14:21,435] Trial 1182 finished with value: 5.034985717941447 and parameters: {'f_n': 9.352309159517108e-08, 'K_d': 110426.9304903923, 'rho_d': 59779664774645.89, 'fission_rate': 4.9706196243020055e+19, 'Dg_D1_scale': 0.2082636479270656, 'Dg_D3_scale': 2.36403318019997, 'Dv_D1_scale': 0.9729268345509418, 'Dv_D2_scale': 3.9968273244061576, 'b_bulk_scale': 0.3145367361333845, 'b_dislocation_scale': 0.06984936678583167, 'gb_scale': 2.931453649731707, 'gd_bubble_scale': 0.13728814854489585, 'gd_line_scale': 1.4808965830125889, 'gd_line_alpha': 0.6760643501699506, 'coalescence_d_scale': 0.405188899549864, 'capture_scale': 0.06118945285572338}. Best is trial 756 with value: 2.012228641160978.
[I 2026-05-02 23:14:27,653] Trial 1183 finished with value: 3.8547842339871243 and parameters: {'f_n': 2.487808529847744e-07, 'K_d': 105694.5085934222, 'rho_d': 10591155143594.047, 'fission_rate': 4.7179303374092255e+19, 'Dg_D1_scale': 0.2478563213849907, 'Dg_D3_scale': 2.509346542426022, 'Dv_D1_scale': 0.3000525682691385, 'Dv_D2_scale': 3.786039160869261, 'b_bulk_scale': 0.49250142199433217, 'b_dislocation_scale': 0.07784949101543837, 'gb_scale': 3.816570078517357, 'gd_bubble_scale': 0.11707599725295598, 'gd_line_scale': 0.6246897121629759, 'gd_line_alpha': 0.5727302021987596, 'coalescence_d_scale': 0.44227584388957947, 'capture_scale': 0.11363176085435732}. Best is trial 756 with value: 2.012228641160978.
[I 2026-05-02 23:14:32,101] Trial 1184 finished with value: 2.6022797967840043 and parameters: {'f_n': 2.1361029782719497e-07, 'K_d': 116825.64205847663, 'rho_d': 56648068222740.984, 'fission_rate': 4.861425869187552e+19, 'Dg_D1_scale': 0.25722092929661244, 'Dg_D3_scale': 2.1152545545693875, 'Dv_D1_scale': 0.3340938590051685, 'Dv_D2_scale': 3.369192629823963, 'b_bulk_scale': 0.2801204125042056, 'b_dislocation_scale': 0.11044872940320284, 'gb_scale': 2.6176368321947283, 'gd_bubble_scale': 0.0939010057043665, 'gd_line_scale': 0.43986160444041683, 'gd_line_alpha': 0.6214877512902116, 'coalescence_d_scale': 0.5258953119065775, 'capture_scale': 0.042786883659052415}. Best is trial 756 with value: 2.012228641160978.
[I 2026-05-02 23:14:38,475] Trial 1185 finished with value: 4.548982037991413 and parameters: {'f_n': 3.8390882755438765e-07, 'K_d': 124998.39405606042, 'rho_d': 5006570419994.305, 'fission_rate': 4.587157934292438e+19, 'Dg_D1_scale': 0.27952989725571376, 'Dg_D3_scale': 1.955724403609632, 'Dv_D1_scale': 0.32545310350759626, 'Dv_D2_scale': 3.998905145777861, 'b_bulk_scale': 0.3829276944091425, 'b_dislocation_scale': 0.09294926230353935, 'gb_scale': 3.4190438618977956, 'gd_bubble_scale': 0.12801229613127926, 'gd_line_scale': 0.567867250426263, 'gd_line_alpha': 0.5371867969509514, 'coalescence_d_scale': 0.37538254673151566, 'capture_scale': 0.09036094039970967}. Best is trial 756 with value: 2.012228641160978.
[I 2026-05-02 23:14:44,628] Trial 1186 finished with value: 3.0100942715255123 and parameters: {'f_n': 1.6231187948158695e-07, 'K_d': 113408.92933862671, 'rho_d': 67104383028347.14, 'fission_rate': 4.752520749010896e+19, 'Dg_D1_scale': 0.33813420275465206, 'Dg_D3_scale': 0.8460356572190119, 'Dv_D1_scale': 0.34955050219727485, 'Dv_D2_scale': 3.661136547439146, 'b_bulk_scale': 0.34848071548804666, 'b_dislocation_scale': 0.08327586124997574, 'gb_scale': 3.1121363079606637, 'gd_bubble_scale': 0.13905975356017414, 'gd_line_scale': 1.0908328774455867, 'gd_line_alpha': 0.6818997472125501, 'coalescence_d_scale': 0.3304185378407981, 'capture_scale': 0.06895970066680056}. Best is trial 756 with value: 2.012228641160978.
[I 2026-05-02 23:14:50,914] Trial 1187 finished with value: 2.8566509530901563 and parameters: {'f_n': 3.132241235083616e-07, 'K_d': 108717.79787224982, 'rho_d': 63000612644470.9, 'fission_rate': 4.64899449144205e+19, 'Dg_D1_scale': 0.23258411243094454, 'Dg_D3_scale': 2.2170812560187776, 'Dv_D1_scale': 0.36596217412794296, 'Dv_D2_scale': 3.99952082616794, 'b_bulk_scale': 0.4531851164425007, 'b_dislocation_scale': 0.06647972435215295, 'gb_scale': 2.858467494420999, 'gd_bubble_scale': 0.15637024458472562, 'gd_line_scale': 0.6639058395274162, 'gd_line_alpha': 0.5966113038434113, 'coalescence_d_scale': 1.1291701437444086, 'capture_scale': 0.10057347913785757}. Best is trial 756 with value: 2.012228641160978.
