[I 2026-05-02 22:50:27,873] Trial 936 finished with value: 2.0752271074676134 and parameters: {'f_n': 5.653074716429843e-07, 'K_d': 116264.17600585807, 'rho_d': 49605580752994.46, 'fission_rate': 4.79305248961713e+19, 'Dg_D1_scale': 0.449613763183017, 'Dg_D3_scale': 2.294618294250467, 'Dv_D1_scale': 0.3779041048693982, 'Dv_D2_scale': 3.9551731131305474, 'b_bulk_scale': 0.5311417105041051, 'b_dislocation_scale': 0.07257116758388893, 'gb_scale': 2.4566824447317726, 'gd_bubble_scale': 0.26032690221158195, 'gd_line_scale': 0.5857622116092438, 'gd_line_alpha': 0.9539926375610037, 'coalescence_d_scale': 0.4306852482839099, 'capture_scale': 0.1404132912850374}. Best is trial 756 with value: 2.012228641160978.Best trial: 756. Best value: 2.01223:  62%|██████▏   | 936/1500 [1:12:47<55:41,  5.93s/it]Best trial: 756. Best value: 2.01223:  62%|██████▏   | 936/1500 [1:12:47<55:41,  5.93s/it]Best trial: 756. Best value: 2.01223:  62%|██████▏   | 937/1500 [1:12:47<51:36,  5.50s/it]                                                                                          Best trial: 756. Best value: 2.01223:  62%|██████▏   | 937/1500 [1:12:53<51:36,  5.50s/it]Best trial: 756. Best value: 2.01223:  62%|██████▏   | 937/1500 [1:12:53<51:36,  5.50s/it]Best trial: 756. Best value: 2.01223:  63%|██████▎   | 938/1500 [1:12:53<53:00,  5.66s/it]                                                                                          Best trial: 756. Best value: 2.01223:  63%|██████▎   | 938/1500 [1:12:59<53:00,  5.66s/it]Best trial: 756. Best value: 2.01223:  63%|██████▎   | 938/1500 [1:13:00<53:00,  5.66s/it]Best trial: 756. Best value: 2.01223:  63%|██████▎   | 939/1500 [1:13:00<54:07,  5.79s/it]                                                                                          Best trial: 756. Best value: 2.01223:  63%|██████▎   | 939/1500 [1:13:05<54:07,  5.79s/it]Best trial: 756. Best value: 2.01223:  63%|██████▎   | 939/1500 [1:13:06<54:07,  5.79s/it]Best trial: 756. Best value: 2.01223:  63%|██████▎   | 940/1500 [1:13:06<54:35,  5.85s/it]                                                                                          Best trial: 756. Best value: 2.01223:  63%|██████▎   | 940/1500 [1:13:12<54:35,  5.85s/it]Best trial: 756. Best value: 2.01223:  63%|██████▎   | 940/1500 [1:13:12<54:35,  5.85s/it]Best trial: 756. Best value: 2.01223:  63%|██████▎   | 941/1500 [1:13:12<55:18,  5.94s/it]                                                                                          Best trial: 756. Best value: 2.01223:  63%|██████▎   | 941/1500 [1:13:18<55:18,  5.94s/it]Best trial: 756. Best value: 2.01223:  63%|██████▎   | 941/1500 [1:13:18<55:18,  5.94s/it]Best trial: 756. Best value: 2.01223:  63%|██████▎   | 942/1500 [1:13:18<55:24,  5.96s/it]                                                                                          Best trial: 756. Best value: 2.01223:  63%|██████▎   | 942/1500 [1:13:22<55:24,  5.96s/it]Best trial: 756. Best value: 2.01223:  63%|██████▎   | 942/1500 [1:13:22<55:24,  5.96s/it]Best trial: 756. Best value: 2.01223:  63%|██████▎   | 943/1500 [1:13:22<50:55,  5.49s/it]                                                                                          Best trial: 756. Best value: 2.01223:  63%|██████▎   | 943/1500 [1:13:28<50:55,  5.49s/it]Best trial: 756. Best value: 2.01223:  63%|██████▎   | 943/1500 [1:13:28<50:55,  5.49s/it]Best trial: 756. Best value: 2.01223:  63%|██████▎   | 944/1500 [1:13:28<52:06,  5.62s/it]                                                                                          Best trial: 756. Best value: 2.01223:  63%|██████▎   | 944/1500 [1:13:34<52:06,  5.62s/it]Best trial: 756. Best value: 2.01223:  63%|██████▎   | 944/1500 [1:13:34<52:06,  5.62s/it]Best trial: 756. Best value: 2.01223:  63%|██████▎   | 945/1500 [1:13:34<53:10,  5.75s/it]                                                                                          Best trial: 756. Best value: 2.01223:  63%|██████▎   | 945/1500 [1:13:40<53:10,  5.75s/it]Best trial: 756. Best value: 2.01223:  63%|██████▎   | 945/1500 [1:13:40<53:10,  5.75s/it]Best trial: 756. Best value: 2.01223:  63%|██████▎   | 946/1500 [1:13:40<54:02,  5.85s/it]                                                                                          Best trial: 756. Best value: 2.01223:  63%|██████▎   | 946/1500 [1:13:46<54:02,  5.85s/it]Best trial: 756. Best value: 2.01223:  63%|██████▎   | 946/1500 [1:13:46<54:02,  5.85s/it]Best trial: 756. Best value: 2.01223:  63%|██████▎   | 947/1500 [1:13:46<54:28,  5.91s/it]                                                                                          Best trial: 756. Best value: 2.01223:  63%|██████▎   | 947/1500 [1:13:50<54:28,  5.91s/it]Best trial: 756. Best value: 2.01223:  63%|██████▎   | 947/1500 [1:13:51<54:28,  5.91s/it]Best trial: 756. Best value: 2.01223:  63%|██████▎   | 948/1500 [1:13:51<50:01,  5.44s/it]                                                                                          
[I 2026-05-02 22:50:33,910] Trial 937 finished with value: 2.057170276170598 and parameters: {'f_n': 5.337490873658002e-07, 'K_d': 108418.3538085675, 'rho_d': 50127783706438.48, 'fission_rate': 4.772873157736414e+19, 'Dg_D1_scale': 0.4573102880561037, 'Dg_D3_scale': 1.9204030228192677, 'Dv_D1_scale': 0.3811322721433621, 'Dv_D2_scale': 3.9724907232842184, 'b_bulk_scale': 0.5708321358190185, 'b_dislocation_scale': 0.07843357407686966, 'gb_scale': 2.6860598947476, 'gd_bubble_scale': 0.2573878822648116, 'gd_line_scale': 0.5769885087655786, 'gd_line_alpha': 0.9397538110298493, 'coalescence_d_scale': 0.4273089798756338, 'capture_scale': 0.13707653519714172}. Best is trial 756 with value: 2.012228641160978.
[I 2026-05-02 22:50:39,977] Trial 938 finished with value: 2.0464668116872806 and parameters: {'f_n': 5.915852482947077e-07, 'K_d': 115114.25311007822, 'rho_d': 50854336619379.37, 'fission_rate': 4.830611346767671e+19, 'Dg_D1_scale': 0.435214822267279, 'Dg_D3_scale': 2.1019642211997978, 'Dv_D1_scale': 0.3605933443674815, 'Dv_D2_scale': 3.82099614350406, 'b_bulk_scale': 0.5692208590359804, 'b_dislocation_scale': 0.0754122270089255, 'gb_scale': 2.3318537487746993, 'gd_bubble_scale': 0.2387224484483609, 'gd_line_scale': 0.49519669029589164, 'gd_line_alpha': 0.943286700125416, 'coalescence_d_scale': 0.42247448109226216, 'capture_scale': 0.14208394413832884}. Best is trial 756 with value: 2.012228641160978.
[I 2026-05-02 22:50:45,991] Trial 939 finished with value: 2.043130403572439 and parameters: {'f_n': 5.594948232388747e-07, 'K_d': 116038.80080226548, 'rho_d': 51322307909498.02, 'fission_rate': 4.856042151217765e+19, 'Dg_D1_scale': 0.45021369620408147, 'Dg_D3_scale': 1.8186392949787447, 'Dv_D1_scale': 0.37198331695070463, 'Dv_D2_scale': 3.9967213126331798, 'b_bulk_scale': 0.5595649794461746, 'b_dislocation_scale': 0.07331987828602661, 'gb_scale': 2.2508341559104745, 'gd_bubble_scale': 0.22917092058329605, 'gd_line_scale': 0.488952915065629, 'gd_line_alpha': 0.9354548476654295, 'coalescence_d_scale': 0.4563807648865269, 'capture_scale': 0.14389817392504248}. Best is trial 756 with value: 2.012228641160978.
[I 2026-05-02 22:50:52,131] Trial 940 finished with value: 2.0441670881383076 and parameters: {'f_n': 5.482532861559096e-07, 'K_d': 117133.1073340323, 'rho_d': 50023653510950.266, 'fission_rate': 4.864389942526276e+19, 'Dg_D1_scale': 0.44088097161362017, 'Dg_D3_scale': 1.8429129252435823, 'Dv_D1_scale': 0.36712424993390963, 'Dv_D2_scale': 3.9510465302006255, 'b_bulk_scale': 0.573812683634572, 'b_dislocation_scale': 0.07514120010687862, 'gb_scale': 2.1080061183746985, 'gd_bubble_scale': 0.2296947894027405, 'gd_line_scale': 0.49192896931380686, 'gd_line_alpha': 0.9392373047588002, 'coalescence_d_scale': 0.4395644631436678, 'capture_scale': 0.14838108174612333}. Best is trial 756 with value: 2.012228641160978.
[I 2026-05-02 22:50:58,139] Trial 941 finished with value: 2.0642122547414954 and parameters: {'f_n': 5.172566912211369e-07, 'K_d': 118163.5342137519, 'rho_d': 49299638922969.55, 'fission_rate': 4.8507003459363684e+19, 'Dg_D1_scale': 0.45600741020927, 'Dg_D3_scale': 1.820570424382581, 'Dv_D1_scale': 0.3808700832597896, 'Dv_D2_scale': 3.971174644763112, 'b_bulk_scale': 0.5701715218630298, 'b_dislocation_scale': 0.0723899884115556, 'gb_scale': 2.1484110052449696, 'gd_bubble_scale': 0.21866678929944006, 'gd_line_scale': 0.48472012603427284, 'gd_line_alpha': 0.9365932326904634, 'coalescence_d_scale': 0.488544998140725, 'capture_scale': 0.13929264918664694}. Best is trial 756 with value: 2.012228641160978.
[I 2026-05-02 22:51:02,525] Trial 942 finished with value: 2.0449281858929234 and parameters: {'f_n': 5.703173297892829e-07, 'K_d': 117913.18482047992, 'rho_d': 49200618921853.87, 'fission_rate': 4.855245766607828e+19, 'Dg_D1_scale': 0.42990312116143736, 'Dg_D3_scale': 1.954051973517851, 'Dv_D1_scale': 0.3654203190918911, 'Dv_D2_scale': 3.991604022989657, 'b_bulk_scale': 0.5688386177243799, 'b_dislocation_scale': 0.07481423609382343, 'gb_scale': 2.128032361543801, 'gd_bubble_scale': 0.2301209930967057, 'gd_line_scale': 0.4880145641283342, 'gd_line_alpha': 0.9378949969151246, 'coalescence_d_scale': 0.43529832377142696, 'capture_scale': 0.14729876180293258}. Best is trial 756 with value: 2.012228641160978.
[I 2026-05-02 22:51:08,458] Trial 943 finished with value: 2.0463907284233263 and parameters: {'f_n': 6.010200675892595e-07, 'K_d': 116030.37325120986, 'rho_d': 48650826861582.266, 'fission_rate': 4.8756421731252765e+19, 'Dg_D1_scale': 0.43437510465781937, 'Dg_D3_scale': 1.7056661707132579, 'Dv_D1_scale': 0.3636012710669044, 'Dv_D2_scale': 3.9989366273885376, 'b_bulk_scale': 0.5195096718039014, 'b_dislocation_scale': 0.07351610678937916, 'gb_scale': 1.8204399976565246, 'gd_bubble_scale': 0.21546463433964422, 'gd_line_scale': 0.4900065588321716, 'gd_line_alpha': 0.9427675218624604, 'coalescence_d_scale': 0.432792384113326, 'capture_scale': 0.14904949848355403}. Best is trial 756 with value: 2.012228641160978.
[I 2026-05-02 22:51:14,502] Trial 944 finished with value: 2.0654199159610003 and parameters: {'f_n': 5.837470278790678e-07, 'K_d': 115058.95651913836, 'rho_d': 49327223693249.516, 'fission_rate': 4.874003956513487e+19, 'Dg_D1_scale': 0.43995849733440373, 'Dg_D3_scale': 1.7824540290790902, 'Dv_D1_scale': 0.3669886418662632, 'Dv_D2_scale': 3.98459861508415, 'b_bulk_scale': 0.5663786565655446, 'b_dislocation_scale': 0.0717344753079392, 'gb_scale': 1.9741689164153196, 'gd_bubble_scale': 0.20533563735046598, 'gd_line_scale': 0.5122634030869329, 'gd_line_alpha': 0.9371174579692767, 'coalescence_d_scale': 0.434425107567913, 'capture_scale': 0.14839259314228376}. Best is trial 756 with value: 2.012228641160978.
[I 2026-05-02 22:51:20,605] Trial 945 finished with value: 2.0463357986383035 and parameters: {'f_n': 5.735698218343566e-07, 'K_d': 116089.74176670994, 'rho_d': 48288394387905.67, 'fission_rate': 4.811659615556073e+19, 'Dg_D1_scale': 0.43663201624418047, 'Dg_D3_scale': 1.7769267272935931, 'Dv_D1_scale': 0.362128105251779, 'Dv_D2_scale': 3.9733299295990387, 'b_bulk_scale': 0.5230058652335309, 'b_dislocation_scale': 0.06452972935610099, 'gb_scale': 2.1265220100221445, 'gd_bubble_scale': 0.20479378296924258, 'gd_line_scale': 0.47871284480230714, 'gd_line_alpha': 0.9318064102116637, 'coalescence_d_scale': 0.43210268527127005, 'capture_scale': 0.15092836643621713}. Best is trial 756 with value: 2.012228641160978.
[I 2026-05-02 22:51:26,650] Trial 946 finished with value: 2.0579336119154483 and parameters: {'f_n': 6.219634053951784e-07, 'K_d': 115251.90413774055, 'rho_d': 47756131174003.984, 'fission_rate': 4.815535365403651e+19, 'Dg_D1_scale': 0.4348995148979583, 'Dg_D3_scale': 1.6525165670711013, 'Dv_D1_scale': 0.36186486384493044, 'Dv_D2_scale': 3.979974295041365, 'b_bulk_scale': 0.5265333491207739, 'b_dislocation_scale': 0.06545747601555726, 'gb_scale': 2.0134801017653405, 'gd_bubble_scale': 0.2261752488437996, 'gd_line_scale': 0.4635660637315116, 'gd_line_alpha': 0.9368018019313675, 'coalescence_d_scale': 0.434137674864478, 'capture_scale': 0.152745660992323}. Best is trial 756 with value: 2.012228641160978.
[I 2026-05-02 22:51:30,985] Trial 947 finished with value: 2.0426372636551258 and parameters: {'f_n': 5.909750050243447e-07, 'K_d': 118127.17682187923, 'rho_d': 48558426096698.86, 'fission_rate': 4.898644926022547e+19, 'Dg_D1_scale': 0.4294207880405733, 'Dg_D3_scale': 1.693202955008107, 'Dv_D1_scale': 0.383664815296839, 'Dv_D2_scale': 3.9664842014663435, 'b_bulk_scale': 0.4993879092456781, 'b_dislocation_scale': 0.06523181200044763, 'gb_scale': 2.088562111636923, 'gd_bubble_scale': 0.19254085779853183, 'gd_line_scale': 0.4837447101454685, 'gd_line_alpha': 0.9357824920835599, 'coalescence_d_scale': 0.4349566856540489, 'capture_scale': 0.13225649620604768}. Best is trial 756 with value: 2.012228641160978.
[I 2026-05-02 22:51:36,943] Trial 948 finished with value: 2.080122527864991 and parameters: {'f_n': 5.766008753267746e-07, 'K_d': 118072.28469934332, 'rho_d': 48632337642828.695, 'fission_rate': 4.911171926278649e+19, 'Dg_D1_scale': 0.44236224987642153, 'Dg_D3_scale': 1.7059078869257926, 'Dv_D1_scale': 0.38565857051436314, 'Dv_D2_scale': 3.9903047096883486, 'b_bulk_scale': 0.5145907401320616, 'b_dislocation_scale': 0.06325929621336651, 'gb_scale': 1.7949445659901144, 'gd_bubble_scale': 0.19300830692602372, 'gd_line_scale': 0.48982692482517015, 'gd_line_alpha': 0.9313662408272122, 'coalescence_d_scale': 0.4262965039976799, 'capture_scale': 0.1303727402895365}. Best is trial 756 with value: 2.012228641160978.Best trial: 756. Best value: 2.01223:  63%|██████▎   | 948/1500 [1:13:56<50:01,  5.44s/it]Best trial: 756. Best value: 2.01223:  63%|██████▎   | 948/1500 [1:13:57<50:01,  5.44s/it]Best trial: 756. Best value: 2.01223:  63%|██████▎   | 949/1500 [1:13:57<51:22,  5.59s/it]                                                                                          Best trial: 756. Best value: 2.01223:  63%|██████▎   | 949/1500 [1:14:02<51:22,  5.59s/it]Best trial: 756. Best value: 2.01223:  63%|██████▎   | 949/1500 [1:14:03<51:22,  5.59s/it]Best trial: 756. Best value: 2.01223:  63%|██████▎   | 950/1500 [1:14:03<52:27,  5.72s/it]                                                                                          Best trial: 756. Best value: 2.01223:  63%|██████▎   | 950/1500 [1:14:08<52:27,  5.72s/it]Best trial: 756. Best value: 2.01223:  63%|██████▎   | 950/1500 [1:14:08<52:27,  5.72s/it]Best trial: 756. Best value: 2.01223:  63%|██████▎   | 951/1500 [1:14:08<52:59,  5.79s/it]                                                                                          Best trial: 756. Best value: 2.01223:  63%|██████▎   | 951/1500 [1:14:14<52:59,  5.79s/it]Best trial: 756. Best value: 2.01223:  63%|██████▎   | 951/1500 [1:14:15<52:59,  5.79s/it]Best trial: 756. Best value: 2.01223:  63%|██████▎   | 952/1500 [1:14:15<53:47,  5.89s/it]                                                                                          Best trial: 756. Best value: 2.01223:  63%|██████▎   | 952/1500 [1:14:19<53:47,  5.89s/it]Best trial: 756. Best value: 2.01223:  63%|██████▎   | 952/1500 [1:14:19<53:47,  5.89s/it]Best trial: 756. Best value: 2.01223:  64%|██████▎   | 953/1500 [1:14:19<49:33,  5.44s/it]                                                                                          Best trial: 756. Best value: 2.01223:  64%|██████▎   | 953/1500 [1:14:25<49:33,  5.44s/it]Best trial: 756. Best value: 2.01223:  64%|██████▎   | 953/1500 [1:14:25<49:33,  5.44s/it]Best trial: 756. Best value: 2.01223:  64%|██████▎   | 954/1500 [1:14:25<51:20,  5.64s/it]                                                                                          Best trial: 756. Best value: 2.01223:  64%|██████▎   | 954/1500 [1:14:31<51:20,  5.64s/it]Best trial: 756. Best value: 2.01223:  64%|██████▎   | 954/1500 [1:14:31<51:20,  5.64s/it]Best trial: 756. Best value: 2.01223:  64%|██████▎   | 955/1500 [1:14:31<52:11,  5.75s/it]                                                                                          Best trial: 756. Best value: 2.01223:  64%|██████▎   | 955/1500 [1:14:37<52:11,  5.75s/it]Best trial: 756. Best value: 2.01223:  64%|██████▎   | 955/1500 [1:14:37<52:11,  5.75s/it]Best trial: 756. Best value: 2.01223:  64%|██████▎   | 956/1500 [1:14:37<53:00,  5.85s/it]                                                                                          Best trial: 756. Best value: 2.01223:  64%|██████▎   | 956/1500 [1:14:43<53:00,  5.85s/it]Best trial: 756. Best value: 2.01223:  64%|██████▎   | 956/1500 [1:14:43<53:00,  5.85s/it]Best trial: 756. Best value: 2.01223:  64%|██████▍   | 957/1500 [1:14:43<53:19,  5.89s/it]                                                                                          Best trial: 756. Best value: 2.01223:  64%|██████▍   | 957/1500 [1:14:49<53:19,  5.89s/it]Best trial: 756. Best value: 2.01223:  64%|██████▍   | 957/1500 [1:14:49<53:19,  5.89s/it]Best trial: 756. Best value: 2.01223:  64%|██████▍   | 958/1500 [1:14:49<53:16,  5.90s/it]                                                                                          Best trial: 756. Best value: 2.01223:  64%|██████▍   | 958/1500 [1:14:53<53:16,  5.90s/it]Best trial: 756. Best value: 2.01223:  64%|██████▍   | 958/1500 [1:14:53<53:16,  5.90s/it]Best trial: 756. Best value: 2.01223:  64%|██████▍   | 959/1500 [1:14:53<48:48,  5.41s/it]                                                                                          Best trial: 756. Best value: 2.01223:  64%|██████▍   | 959/1500 [1:14:59<48:48,  5.41s/it]Best trial: 756. Best value: 2.01223:  64%|██████▍   | 959/1500 [1:14:59<48:48,  5.41s/it]Best trial: 756. Best value: 2.01223:  64%|██████▍   | 960/1500 [1:14:59<50:14,  5.58s/it]                                                                                          
[I 2026-05-02 22:51:42,966] Trial 949 finished with value: 2.084402316183045 and parameters: {'f_n': 5.594232496190771e-07, 'K_d': 119245.74497940294, 'rho_d': 50473831005984.71, 'fission_rate': 4.826220284676296e+19, 'Dg_D1_scale': 0.4279334981759873, 'Dg_D3_scale': 1.7637883806554402, 'Dv_D1_scale': 0.35863031885921126, 'Dv_D2_scale': 3.993486651677807, 'b_bulk_scale': 0.5088799579696093, 'b_dislocation_scale': 0.06352661767429375, 'gb_scale': 1.8035781271889535, 'gd_bubble_scale': 0.17644384798916243, 'gd_line_scale': 0.48456821986857485, 'gd_line_alpha': 0.9273918958154894, 'coalescence_d_scale': 0.4431896189505977, 'capture_scale': 0.15206957641576435}. Best is trial 756 with value: 2.012228641160978.
[I 2026-05-02 22:51:48,918] Trial 950 finished with value: 2.0538671689430053 and parameters: {'f_n': 5.985358696876213e-07, 'K_d': 112972.69445505692, 'rho_d': 50962427437139.98, 'fission_rate': 4.890484622741409e+19, 'Dg_D1_scale': 0.4572427298591635, 'Dg_D3_scale': 1.720570195545614, 'Dv_D1_scale': 0.3868014867718532, 'Dv_D2_scale': 3.961790082498608, 'b_bulk_scale': 0.5822481624324902, 'b_dislocation_scale': 0.06853179254783959, 'gb_scale': 2.10839349153165, 'gd_bubble_scale': 0.16995837036569172, 'gd_line_scale': 0.4688062478313284, 'gd_line_alpha': 0.9349690943192793, 'coalescence_d_scale': 0.4334033122929884, 'capture_scale': 0.12917104594278023}. Best is trial 756 with value: 2.012228641160978.
[I 2026-05-02 22:51:55,039] Trial 951 finished with value: 2.053378498069585 and parameters: {'f_n': 4.712731172313111e-07, 'K_d': 118892.84114467718, 'rho_d': 49435301457164.68, 'fission_rate': 4.7793459280841744e+19, 'Dg_D1_scale': 0.4250307221409968, 'Dg_D3_scale': 1.834513163478662, 'Dv_D1_scale': 0.3536931205455581, 'Dv_D2_scale': 3.822217886822779, 'b_bulk_scale': 0.5016357682520197, 'b_dislocation_scale': 0.07386689258694223, 'gb_scale': 1.9198531817489604, 'gd_bubble_scale': 0.20574521108871135, 'gd_line_scale': 0.5033905489989228, 'gd_line_alpha': 0.923875893419824, 'coalescence_d_scale': 0.4351429975768541, 'capture_scale': 0.14862487732491636}. Best is trial 756 with value: 2.012228641160978.
[I 2026-05-02 22:51:59,418] Trial 952 finished with value: 2.1756538614568033 and parameters: {'f_n': 5.98468438361104e-07, 'K_d': 110390.81039797337, 'rho_d': 50621794820879.37, 'fission_rate': 4.9286516477527065e+19, 'Dg_D1_scale': 0.43303676773227573, 'Dg_D3_scale': 1.8664803520401037, 'Dv_D1_scale': 0.3854015288364014, 'Dv_D2_scale': 3.9831927747470925, 'b_bulk_scale': 0.5287867796013703, 'b_dislocation_scale': 0.06728686961324792, 'gb_scale': 1.7059965980869354, 'gd_bubble_scale': 0.20145724901041104, 'gd_line_scale': 0.5232131129137163, 'gd_line_alpha': 0.9379044874325732, 'coalescence_d_scale': 0.45427968722971007, 'capture_scale': 0.17302302063690758}. Best is trial 756 with value: 2.012228641160978.
[I 2026-05-02 22:52:05,536] Trial 953 finished with value: 2.088121606547854 and parameters: {'f_n': 4.720428702974777e-07, 'K_d': 115867.06079145525, 'rho_d': 48495358349861.164, 'fission_rate': 4.763828533761076e+19, 'Dg_D1_scale': 0.46606305356114974, 'Dg_D3_scale': 1.5777080459809332, 'Dv_D1_scale': 0.3683025871418304, 'Dv_D2_scale': 3.8287151944013322, 'b_bulk_scale': 0.5654358508531475, 'b_dislocation_scale': 0.06001879034851561, 'gb_scale': 2.1875297246661827, 'gd_bubble_scale': 0.2233409504552658, 'gd_line_scale': 0.4724002708616199, 'gd_line_alpha': 0.9432047212897937, 'coalescence_d_scale': 0.4242143556670076, 'capture_scale': 0.124821871718426}. Best is trial 756 with value: 2.012228641160978.
