[I 2026-05-02 22:21:19,661] Trial 612 finished with value: 2.1030561653021027 and parameters: {'f_n': 1.19117927447279e-06, 'K_d': 193497.674830705, 'rho_d': 37615620559258.836, 'fission_rate': 6.263942888498806e+19, 'Dg_D1_scale': 2.537429293704984, 'Dg_D3_scale': 3.739905426167851, 'Dv_D1_scale': 0.25389856354662654, 'Dv_D2_scale': 2.9457881643383197, 'b_bulk_scale': 0.15228114816977517, 'b_dislocation_scale': 0.20337074496738228, 'gb_scale': 7.243598104369235, 'gd_bubble_scale': 0.22641267517821678, 'gd_line_scale': 4.780617561950343, 'gd_line_alpha': 0.40165817222378686, 'coalescence_d_scale': 0.3198963432457801, 'capture_scale': 1.8801249486964706}. Best is trial 444 with value: 2.0614202321115003.Best trial: 444. Best value: 2.06142:  41%|████      | 612/1500 [43:39<1:09:08,  4.67s/it]Best trial: 444. Best value: 2.06142:  41%|████      | 612/1500 [43:39<1:09:08,  4.67s/it]Best trial: 444. Best value: 2.06142:  41%|████      | 613/1500 [43:39<1:09:27,  4.70s/it]                                                                                          Best trial: 444. Best value: 2.06142:  41%|████      | 613/1500 [43:42<1:09:27,  4.70s/it]Best trial: 444. Best value: 2.06142:  41%|████      | 613/1500 [43:42<1:09:27,  4.70s/it]Best trial: 444. Best value: 2.06142:  41%|████      | 614/1500 [43:42<1:02:01,  4.20s/it]                                                                                          Best trial: 444. Best value: 2.06142:  41%|████      | 614/1500 [43:47<1:02:01,  4.20s/it]Best trial: 444. Best value: 2.06142:  41%|████      | 614/1500 [43:47<1:02:01,  4.20s/it]Best trial: 444. Best value: 2.06142:  41%|████      | 615/1500 [43:47<1:03:41,  4.32s/it]                                                                                          Best trial: 444. Best value: 2.06142:  41%|████      | 615/1500 [43:51<1:03:41,  4.32s/it]Best trial: 444. Best value: 2.06142:  41%|████      | 615/1500 [43:51<1:03:41,  4.32s/it]Best trial: 444. Best value: 2.06142:  41%|████      | 616/1500 [43:51<1:04:56,  4.41s/it]                                                                                          Best trial: 444. Best value: 2.06142:  41%|████      | 616/1500 [43:56<1:04:56,  4.41s/it]Best trial: 444. Best value: 2.06142:  41%|████      | 616/1500 [43:56<1:04:56,  4.41s/it]Best trial: 444. Best value: 2.06142:  41%|████      | 617/1500 [43:56<1:06:10,  4.50s/it]                                                                                          Best trial: 444. Best value: 2.06142:  41%|████      | 617/1500 [44:00<1:06:10,  4.50s/it]Best trial: 444. Best value: 2.06142:  41%|████      | 617/1500 [44:00<1:06:10,  4.50s/it]Best trial: 444. Best value: 2.06142:  41%|████      | 618/1500 [44:00<1:03:42,  4.33s/it]                                                                                          Best trial: 444. Best value: 2.06142:  41%|████      | 618/1500 [44:05<1:03:42,  4.33s/it]Best trial: 444. Best value: 2.06142:  41%|████      | 618/1500 [44:05<1:03:42,  4.33s/it]Best trial: 444. Best value: 2.06142:  41%|████▏     | 619/1500 [44:05<1:05:10,  4.44s/it]                                                                                          Best trial: 444. Best value: 2.06142:  41%|████▏     | 619/1500 [44:09<1:05:10,  4.44s/it]Best trial: 444. Best value: 2.06142:  41%|████▏     | 619/1500 [44:10<1:05:10,  4.44s/it]Best trial: 444. Best value: 2.06142:  41%|████▏     | 620/1500 [44:10<1:06:26,  4.53s/it]                                                                                          Best trial: 444. Best value: 2.06142:  41%|████▏     | 620/1500 [44:12<1:06:26,  4.53s/it]Best trial: 444. Best value: 2.06142:  41%|████▏     | 620/1500 [44:13<1:06:26,  4.53s/it]Best trial: 444. Best value: 2.06142:  41%|████▏     | 621/1500 [44:13<59:40,  4.07s/it]                                                                                          Best trial: 444. Best value: 2.06142:  41%|████▏     | 621/1500 [44:17<59:40,  4.07s/it]Best trial: 444. Best value: 2.06142:  41%|████▏     | 621/1500 [44:17<59:40,  4.07s/it]Best trial: 444. Best value: 2.06142:  41%|████▏     | 622/1500 [44:17<1:02:07,  4.25s/it]                                                                                          Best trial: 444. Best value: 2.06142:  41%|████▏     | 622/1500 [44:22<1:02:07,  4.25s/it]Best trial: 444. Best value: 2.06142:  41%|████▏     | 622/1500 [44:22<1:02:07,  4.25s/it]Best trial: 444. Best value: 2.06142:  42%|████▏     | 623/1500 [44:22<1:04:18,  4.40s/it]                                                                                          Best trial: 444. Best value: 2.06142:  42%|████▏     | 623/1500 [44:27<1:04:18,  4.40s/it]Best trial: 444. Best value: 2.06142:  42%|████▏     | 623/1500 [44:27<1:04:18,  4.40s/it]Best trial: 444. Best value: 2.06142:  42%|████▏     | 624/1500 [44:27<1:05:52,  4.51s/it]                                                                                          
[I 2026-05-02 22:21:22,700] Trial 613 finished with value: 2.1570443779252306 and parameters: {'f_n': 1.323160661503758e-06, 'K_d': 183251.6234930714, 'rho_d': 37508080614809.05, 'fission_rate': 6.426306609523239e+19, 'Dg_D1_scale': 2.7395543291992692, 'Dg_D3_scale': 3.7229631357059314, 'Dv_D1_scale': 0.28331291351609766, 'Dv_D2_scale': 2.87095115647099, 'b_bulk_scale': 0.14975116536289704, 'b_dislocation_scale': 0.220900275999686, 'gb_scale': 7.453143174397077, 'gd_bubble_scale': 0.2121808612248641, 'gd_line_scale': 4.804641049006001, 'gd_line_alpha': 0.42539631254830934, 'coalescence_d_scale': 0.3120534751602838, 'capture_scale': 1.9442288491321598}. Best is trial 444 with value: 2.0614202321115003.
[I 2026-05-02 22:21:27,292] Trial 614 finished with value: 2.1306025483320816 and parameters: {'f_n': 1.0688553955717745e-06, 'K_d': 192195.9998814244, 'rho_d': 36931353716080.695, 'fission_rate': 6.4988941816924275e+19, 'Dg_D1_scale': 2.549893687801991, 'Dg_D3_scale': 3.9840866986735923, 'Dv_D1_scale': 0.26187030028373054, 'Dv_D2_scale': 2.5850422241828377, 'b_bulk_scale': 0.14078930623490443, 'b_dislocation_scale': 0.19867400286598513, 'gb_scale': 7.385686706942333, 'gd_bubble_scale': 0.23858662318465512, 'gd_line_scale': 4.742427327472239, 'gd_line_alpha': 0.4350607913836297, 'coalescence_d_scale': 0.32547641290608526, 'capture_scale': 2.2583438738437125}. Best is trial 444 with value: 2.0614202321115003.
[I 2026-05-02 22:21:31,912] Trial 615 finished with value: 2.362718134068554 and parameters: {'f_n': 1.6227448383379079e-06, 'K_d': 198676.2798240135, 'rho_d': 38986942089698.93, 'fission_rate': 6.296255950778819e+19, 'Dg_D1_scale': 2.932118510360104, 'Dg_D3_scale': 3.4813093139243265, 'Dv_D1_scale': 0.2576858377941731, 'Dv_D2_scale': 2.937325887263247, 'b_bulk_scale': 0.1211949537751206, 'b_dislocation_scale': 0.2299765167766139, 'gb_scale': 6.656802211398287, 'gd_bubble_scale': 0.21099751627777083, 'gd_line_scale': 4.202812107885505, 'gd_line_alpha': 0.42349181915281314, 'coalescence_d_scale': 0.2693085320457739, 'capture_scale': 2.528031451137653}. Best is trial 444 with value: 2.0614202321115003.
[I 2026-05-02 22:21:36,612] Trial 616 finished with value: 2.1131390772046306 and parameters: {'f_n': 1.9075228907966592e-06, 'K_d': 184105.48428239016, 'rho_d': 38746363636444.39, 'fission_rate': 6.362108719191856e+19, 'Dg_D1_scale': 2.521247829983916, 'Dg_D3_scale': 3.697786219474013, 'Dv_D1_scale': 0.2723090624685964, 'Dv_D2_scale': 2.737408900434546, 'b_bulk_scale': 0.1535088052729587, 'b_dislocation_scale': 0.20399443426297587, 'gb_scale': 7.404887119144313, 'gd_bubble_scale': 0.19182837122555527, 'gd_line_scale': 5.222745145226202, 'gd_line_alpha': 0.4580011272940422, 'coalescence_d_scale': 0.3435971858132269, 'capture_scale': 1.7909332110748675}. Best is trial 444 with value: 2.0614202321115003.
[I 2026-05-02 22:21:40,568] Trial 617 finished with value: 3.972232694335324 and parameters: {'f_n': 1.977202052461245e-06, 'K_d': 182774.16864052188, 'rho_d': 8639878348560.757, 'fission_rate': 6.3734754976562184e+19, 'Dg_D1_scale': 1.9285191958832106, 'Dg_D3_scale': 3.1588275584861973, 'Dv_D1_scale': 0.29412315388467364, 'Dv_D2_scale': 2.6948168389237552, 'b_bulk_scale': 0.1329580909414163, 'b_dislocation_scale': 0.23533603745839615, 'gb_scale': 7.3129124919990325, 'gd_bubble_scale': 0.18750116621226456, 'gd_line_scale': 5.425070913399502, 'gd_line_alpha': 0.5164958994633813, 'coalescence_d_scale': 0.29417202447151203, 'capture_scale': 3.2041539962417027}. Best is trial 444 with value: 2.0614202321115003.
[I 2026-05-02 22:21:45,251] Trial 618 finished with value: 2.161602051763467 and parameters: {'f_n': 1.931626791732254e-06, 'K_d': 182235.00619009693, 'rho_d': 37482245518656.76, 'fission_rate': 6.425791020676059e+19, 'Dg_D1_scale': 2.6884093777905687, 'Dg_D3_scale': 3.482747206529078, 'Dv_D1_scale': 0.2791791614598073, 'Dv_D2_scale': 2.575076842767144, 'b_bulk_scale': 0.15083802903815988, 'b_dislocation_scale': 0.20654695168081594, 'gb_scale': 7.982035659349412, 'gd_bubble_scale': 0.24215367775558846, 'gd_line_scale': 5.171958513168843, 'gd_line_alpha': 0.4530334008122919, 'coalescence_d_scale': 0.3489646505704109, 'capture_scale': 2.152408385159737}. Best is trial 444 with value: 2.0614202321115003.
[I 2026-05-02 22:21:49,993] Trial 619 finished with value: 2.1874342136378795 and parameters: {'f_n': 1.764837317196369e-06, 'K_d': 186609.44617201108, 'rho_d': 36480873274028.45, 'fission_rate': 6.3154373782875546e+19, 'Dg_D1_scale': 2.2475233644619763, 'Dg_D3_scale': 3.3148124946101114, 'Dv_D1_scale': 0.27140059867367855, 'Dv_D2_scale': 2.767748257077585, 'b_bulk_scale': 0.15596004697056576, 'b_dislocation_scale': 0.20994155432537528, 'gb_scale': 7.344004810270938, 'gd_bubble_scale': 0.4060603606705467, 'gd_line_scale': 4.952626062055001, 'gd_line_alpha': 0.46013767339063555, 'coalescence_d_scale': 0.26358509421051357, 'capture_scale': 1.7994135788213674}. Best is trial 444 with value: 2.0614202321115003.
[I 2026-05-02 22:21:53,001] Trial 620 finished with value: 2.1266867701791954 and parameters: {'f_n': 2.115554535133613e-06, 'K_d': 190406.80300170992, 'rho_d': 39250740857043.09, 'fission_rate': 6.493626448148133e+19, 'Dg_D1_scale': 1.9477614448503502, 'Dg_D3_scale': 3.621102865167435, 'Dv_D1_scale': 0.25584896591305545, 'Dv_D2_scale': 2.429175877816678, 'b_bulk_scale': 0.16425185269166404, 'b_dislocation_scale': 0.19685140174136279, 'gb_scale': 6.750829991780336, 'gd_bubble_scale': 0.1957082047144087, 'gd_line_scale': 5.464680797146421, 'gd_line_alpha': 0.48877802487313193, 'coalescence_d_scale': 0.2472582120604358, 'capture_scale': 2.8218346283123967}. Best is trial 444 with value: 2.0614202321115003.
[I 2026-05-02 22:21:57,645] Trial 621 finished with value: 2.257603186039366 and parameters: {'f_n': 1.246793644442835e-06, 'K_d': 197081.84004856605, 'rho_d': 38185155791667.3, 'fission_rate': 6.350363917014291e+19, 'Dg_D1_scale': 2.9065910771952783, 'Dg_D3_scale': 3.020392739699259, 'Dv_D1_scale': 0.2721108006640711, 'Dv_D2_scale': 2.7685739220220467, 'b_bulk_scale': 0.12603432605879938, 'b_dislocation_scale': 0.2281558169705383, 'gb_scale': 7.124576622977981, 'gd_bubble_scale': 0.21626056310490335, 'gd_line_scale': 4.577906277070597, 'gd_line_alpha': 0.4748703061725802, 'coalescence_d_scale': 0.3039656590511033, 'capture_scale': 2.4253877843671545}. Best is trial 444 with value: 2.0614202321115003.
[I 2026-05-02 22:22:02,411] Trial 622 finished with value: 4.091516205246134 and parameters: {'f_n': 5.902548928708511e-10, 'K_d': 200919.62529427442, 'rho_d': 36790664516952.914, 'fission_rate': 6.270469783635757e+19, 'Dg_D1_scale': 1.7369947116221143, 'Dg_D3_scale': 3.796654076800095, 'Dv_D1_scale': 0.25115773843821265, 'Dv_D2_scale': 2.594175973996955, 'b_bulk_scale': 0.1415347569406164, 'b_dislocation_scale': 0.18657078011841263, 'gb_scale': 7.994424305686405, 'gd_bubble_scale': 0.2299668487271395, 'gd_line_scale': 4.972193115968691, 'gd_line_alpha': 0.4385705521555419, 'coalescence_d_scale': 0.36008459957725253, 'capture_scale': 2.0246138465219787}. Best is trial 444 with value: 2.0614202321115003.
[I 2026-05-02 22:22:07,182] Trial 623 finished with value: 2.161701705863415 and parameters: {'f_n': 1.508427933553178e-06, 'K_d': 176202.67887819203, 'rho_d': 38651395029866.8, 'fission_rate': 6.246683247461638e+19, 'Dg_D1_scale': 2.5034412474270167, 'Dg_D3_scale': 3.422748257852609, 'Dv_D1_scale': 0.2857913395983599, 'Dv_D2_scale': 2.8131353586556704, 'b_bulk_scale': 0.1709902148736834, 'b_dislocation_scale': 0.2119613551238809, 'gb_scale': 7.075390253935995, 'gd_bubble_scale': 0.19682711751089138, 'gd_line_scale': 4.236614537454183, 'gd_line_alpha': 0.8061977396261938, 'coalescence_d_scale': 0.31734440963601607, 'capture_scale': 2.9944048844791475}. Best is trial 444 with value: 2.0614202321115003.
[I 2026-05-02 22:22:10,544] Trial 624 finished with value: 4.3101284066561 and parameters: {'f_n': 2.0214262545997463e-06, 'K_d': 191607.25849107056, 'rho_d': 40249256255396.31, 'fission_rate': 6.527903470015384e+19, 'Dg_D1_scale': 2.319671011344277, 'Dg_D3_scale': 3.669809756867342, 'Dv_D1_scale': 0.2477827712702202, 'Dv_D2_scale': 2.9575512789303926, 'b_bulk_scale': 0.15473651614513467, 'b_dislocation_scale': 3.069927781052204, 'gb_scale': 6.621743656762529, 'gd_bubble_scale': 0.24408918012632175, 'gd_line_scale': 5.537167671695931, 'gd_line_alpha': 0.4556524758222708, 'coalescence_d_scale': 0.28352452902538294, 'capture_scale': 1.7063931390523146}. Best is trial 444 with value: 2.0614202321115003.Best trial: 444. Best value: 2.06142:  42%|████▏     | 624/1500 [44:30<1:05:52,  4.51s/it]Best trial: 444. Best value: 2.06142:  42%|████▏     | 624/1500 [44:30<1:05:52,  4.51s/it]Best trial: 444. Best value: 2.06142:  42%|████▏     | 625/1500 [44:30<1:00:46,  4.17s/it]                                                                                          Best trial: 444. Best value: 2.06142:  42%|████▏     | 625/1500 [44:34<1:00:46,  4.17s/it]Best trial: 444. Best value: 2.06142:  42%|████▏     | 625/1500 [44:34<1:00:46,  4.17s/it]Best trial: 444. Best value: 2.06142:  42%|████▏     | 626/1500 [44:34<1:00:52,  4.18s/it]                                                                                          Best trial: 444. Best value: 2.06142:  42%|████▏     | 626/1500 [44:39<1:00:52,  4.18s/it]Best trial: 444. Best value: 2.06142:  42%|████▏     | 626/1500 [44:40<1:00:52,  4.18s/it]Best trial: 444. Best value: 2.06142:  42%|████▏     | 627/1500 [44:40<1:05:37,  4.51s/it]                                                                                          Best trial: 444. Best value: 2.06142:  42%|████▏     | 627/1500 [44:43<1:05:37,  4.51s/it]Best trial: 444. Best value: 2.06142:  42%|████▏     | 627/1500 [44:43<1:05:37,  4.51s/it]Best trial: 444. Best value: 2.06142:  42%|████▏     | 628/1500 [44:43<1:00:58,  4.20s/it]                                                                                          Best trial: 444. Best value: 2.06142:  42%|████▏     | 628/1500 [44:48<1:00:58,  4.20s/it]Best trial: 444. Best value: 2.06142:  42%|████▏     | 628/1500 [44:48<1:00:58,  4.20s/it]Best trial: 444. Best value: 2.06142:  42%|████▏     | 629/1500 [44:48<1:03:38,  4.38s/it]                                                                                          Best trial: 444. Best value: 2.06142:  42%|████▏     | 629/1500 [44:53<1:03:38,  4.38s/it]Best trial: 444. Best value: 2.06142:  42%|████▏     | 629/1500 [44:53<1:03:38,  4.38s/it]Best trial: 444. Best value: 2.06142:  42%|████▏     | 630/1500 [44:53<1:06:47,  4.61s/it]                                                                                          Best trial: 444. Best value: 2.06142:  42%|████▏     | 630/1500 [44:57<1:06:47,  4.61s/it]Best trial: 444. Best value: 2.06142:  42%|████▏     | 630/1500 [44:57<1:06:47,  4.61s/it]Best trial: 444. Best value: 2.06142:  42%|████▏     | 631/1500 [44:57<1:06:04,  4.56s/it]                                                                                          Best trial: 444. Best value: 2.06142:  42%|████▏     | 631/1500 [45:01<1:06:04,  4.56s/it]Best trial: 444. Best value: 2.06142:  42%|████▏     | 631/1500 [45:01<1:06:04,  4.56s/it]Best trial: 444. Best value: 2.06142:  42%|████▏     | 632/1500 [45:01<1:01:51,  4.28s/it]                                                                                          Best trial: 444. Best value: 2.06142:  42%|████▏     | 632/1500 [45:06<1:01:51,  4.28s/it]Best trial: 444. Best value: 2.06142:  42%|████▏     | 632/1500 [45:06<1:01:51,  4.28s/it]Best trial: 444. Best value: 2.06142:  42%|████▏     | 633/1500 [45:06<1:06:07,  4.58s/it]                                                                                          Best trial: 444. Best value: 2.06142:  42%|████▏     | 633/1500 [45:12<1:06:07,  4.58s/it]Best trial: 444. Best value: 2.06142:  42%|████▏     | 633/1500 [45:12<1:06:07,  4.58s/it]Best trial: 444. Best value: 2.06142:  42%|████▏     | 634/1500 [45:12<1:10:19,  4.87s/it]                                                                                          Best trial: 444. Best value: 2.06142:  42%|████▏     | 634/1500 [45:15<1:10:19,  4.87s/it]Best trial: 444. Best value: 2.06142:  42%|████▏     | 634/1500 [45:15<1:10:19,  4.87s/it]Best trial: 444. Best value: 2.06142:  42%|████▏     | 635/1500 [45:15<1:02:26,  4.33s/it]                                                                                          Best trial: 444. Best value: 2.06142:  42%|████▏     | 635/1500 [45:20<1:02:26,  4.33s/it]Best trial: 444. Best value: 2.06142:  42%|████▏     | 635/1500 [45:20<1:02:26,  4.33s/it]Best trial: 444. Best value: 2.06142:  42%|████▏     | 636/1500 [45:20<1:03:44,  4.43s/it]                                                                                          
[I 2026-05-02 22:22:14,747] Trial 625 finished with value: 4.086946088215848 and parameters: {'f_n': 1.5700690743321403e-06, 'K_d': 204502.1623362747, 'rho_d': 6862722649489.331, 'fission_rate': 6.37831831055804e+19, 'Dg_D1_scale': 1.8618228143402078, 'Dg_D3_scale': 3.141519262044813, 'Dv_D1_scale': 0.25581842122248394, 'Dv_D2_scale': 0.6429704441606859, 'b_bulk_scale': 0.18293811352862754, 'b_dislocation_scale': 0.24735867837516984, 'gb_scale': 7.357515469299165, 'gd_bubble_scale': 0.21604805435805216, 'gd_line_scale': 5.590074456910709, 'gd_line_alpha': 0.8566990172533634, 'coalescence_d_scale': 0.2429672678234948, 'capture_scale': 2.186602521471831}. Best is trial 444 with value: 2.0614202321115003.
[I 2026-05-02 22:22:20,035] Trial 626 finished with value: 2.2374643476909464 and parameters: {'f_n': 2.4023144476087218e-06, 'K_d': 205632.898472148, 'rho_d': 37042092305411.38, 'fission_rate': 5.474170843343428e+19, 'Dg_D1_scale': 0.6879655058456147, 'Dg_D3_scale': 3.3462623500869513, 'Dv_D1_scale': 0.2430312464005541, 'Dv_D2_scale': 2.5109544053166486, 'b_bulk_scale': 0.1671519531831098, 'b_dislocation_scale': 0.18558192757466463, 'gb_scale': 6.4174299037033675, 'gd_bubble_scale': 0.18078144290057865, 'gd_line_scale': 4.541802797295119, 'gd_line_alpha': 0.8216061986749099, 'coalescence_d_scale': 0.32449963335205684, 'capture_scale': 2.4567663020944446}. Best is trial 444 with value: 2.0614202321115003.
[I 2026-05-02 22:22:23,496] Trial 627 finished with value: 7.57791756658957 and parameters: {'f_n': 1.2095414193762629e-06, 'K_d': 182211.27017771723, 'rho_d': 35591089314095.586, 'fission_rate': 5.774436839311346e+19, 'Dg_D1_scale': 1.9959219540641533, 'Dg_D3_scale': 3.587278482267228, 'Dv_D1_scale': 3.1984085843026873, 'Dv_D2_scale': 3.0641459558950483, 'b_bulk_scale': 0.14230894566925495, 'b_dislocation_scale': 0.20059103444766493, 'gb_scale': 0.13142392259940514, 'gd_bubble_scale': 0.25715666481245747, 'gd_line_scale': 5.039725259583422, 'gd_line_alpha': 0.8022011947491987, 'coalescence_d_scale': 0.36290678994494086, 'capture_scale': 1.913407874819993}. Best is trial 444 with value: 2.0614202321115003.
[I 2026-05-02 22:22:28,321] Trial 628 finished with value: 2.1992685195056594 and parameters: {'f_n': 1.831201822327538e-06, 'K_d': 192339.32117583044, 'rho_d': 40244847197580.65, 'fission_rate': 6.2189201447641104e+19, 'Dg_D1_scale': 2.1843561588295075, 'Dg_D3_scale': 3.7668257706535746, 'Dv_D1_scale': 0.26733483739692016, 'Dv_D2_scale': 2.6573679082446025, 'b_bulk_scale': 0.18854086663928918, 'b_dislocation_scale': 0.17665574159402425, 'gb_scale': 7.464093682057602, 'gd_bubble_scale': 0.16854182421262198, 'gd_line_scale': 5.662214270879588, 'gd_line_alpha': 0.7976330283789443, 'coalescence_d_scale': 0.28716930023685955, 'capture_scale': 3.247117019134126}. Best is trial 444 with value: 2.0614202321115003.
[I 2026-05-02 22:22:33,437] Trial 629 finished with value: 2.31098979484198 and parameters: {'f_n': 1.0052089851128985e-06, 'K_d': 211111.08331353357, 'rho_d': 35835035447279.47, 'fission_rate': 5.5902125745906385e+19, 'Dg_D1_scale': 1.7854255335007843, 'Dg_D3_scale': 3.3908346787475185, 'Dv_D1_scale': 0.23692445026359885, 'Dv_D2_scale': 2.8301325748525774, 'b_bulk_scale': 0.15562607574767218, 'b_dislocation_scale': 0.2274659165348758, 'gb_scale': 6.786804308581234, 'gd_bubble_scale': 0.19979363295005484, 'gd_line_scale': 4.060275539727626, 'gd_line_alpha': 0.46974452209226747, 'coalescence_d_scale': 0.31696279763094215, 'capture_scale': 1.6718803663871207}. Best is trial 444 with value: 2.0614202321115003.
