[I 2026-05-02 22:08:57,253] Trial 450 finished with value: 2.139108018060955 and parameters: {'f_n': 1.6441843507934611e-06, 'K_d': 240478.24781906052, 'rho_d': 31388600311358.098, 'fission_rate': 5.83378736644101e+19, 'Dg_D1_scale': 1.6831184072491499, 'Dg_D3_scale': 3.672836853833892, 'Dv_D1_scale': 0.2586301846002515, 'Dv_D2_scale': 2.3451640373560316, 'b_bulk_scale': 0.16378021739308435, 'b_dislocation_scale': 0.17942138952838307, 'gb_scale': 6.389764556959897, 'gd_bubble_scale': 0.4333408420126404, 'gd_line_scale': 5.233885561030505, 'gd_line_alpha': 0.874660238459952, 'coalescence_d_scale': 0.33796421450744574, 'capture_scale': 1.0437235031628647}. Best is trial 444 with value: 2.0614202321115003.
[I 2026-05-02 22:09:02,201] Trial 451 finished with value: 2.2266628997097833 and parameters: {'f_n': 1.270984919313201e-06, 'K_d': 395211.1684099221, 'rho_d': 29795251509607.875, 'fission_rate': 5.956522680427296e+19, 'Dg_D1_scale': 1.7008861228289136, 'Dg_D3_scale': 3.5850221882395137, 'Dv_D1_scale': 0.24123478613804747, 'Dv_D2_scale': 2.4265974598576396, 'b_bulk_scale': 0.16576124387413657, 'b_dislocation_scale': 0.19950161596440796, 'gb_scale': 7.234262634072787, 'gd_bubble_scale': 0.5209824429925098, 'gd_line_scale': 6.037613975918116, 'gd_line_alpha': 0.8362270487149659, 'coalescence_d_scale': 0.3509582700791609, 'capture_scale': 2.190718813263868}. Best is trial 444 with value: 2.0614202321115003.
[I 2026-05-02 22:09:06,422] Trial 452 finished with value: 4.548068979972112 and parameters: {'f_n': 1.7972237055357372e-06, 'K_d': 234795.74619692686, 'rho_d': 31856657611441.984, 'fission_rate': 5.69568684436974e+19, 'Dg_D1_scale': 1.4788081537244528, 'Dg_D3_scale': 3.7398473219280386, 'Dv_D1_scale': 0.2396415491747224, 'Dv_D2_scale': 2.600738599490839, 'b_bulk_scale': 0.15178356547049598, 'b_dislocation_scale': 0.19945098433446057, 'gb_scale': 6.480403956776751, 'gd_bubble_scale': 0.4980754766487546, 'gd_line_scale': 0.3134081995635507, 'gd_line_alpha': 0.8332776325208389, 'coalescence_d_scale': 0.11419760108867821, 'capture_scale': 1.3160740341158377}. Best is trial 444 with value: 2.0614202321115003.
[I 2026-05-02 22:09:09,362] Trial 453 finished with value: 4.398025700445049 and parameters: {'f_n': 2.9991748437970024e-06, 'K_d': 256104.41232329473, 'rho_d': 33315088316508.637, 'fission_rate': 6.0801298106224976e+19, 'Dg_D1_scale': 1.7228836607117106, 'Dg_D3_scale': 3.5600168328326154, 'Dv_D1_scale': 0.9967224426643073, 'Dv_D2_scale': 2.7224394188972902, 'b_bulk_scale': 0.1812897589215095, 'b_dislocation_scale': 0.16048850804203663, 'gb_scale': 7.99899481005045, 'gd_bubble_scale': 0.4200496342233467, 'gd_line_scale': 0.530755273112486, 'gd_line_alpha': 0.8104608994606888, 'coalescence_d_scale': 0.3117970104786044, 'capture_scale': 1.691262912605577}. Best is trial 444 with value: 2.0614202321115003.
[I 2026-05-02 22:09:14,428] Trial 454 finished with value: 3.27260019316539 and parameters: {'f_n': 2.1266070926323757e-06, 'K_d': 248731.81540904747, 'rho_d': 29652040907539.2, 'fission_rate': 5.787264844932499e+19, 'Dg_D1_scale': 1.5844673163579106, 'Dg_D3_scale': 3.9426639148560216, 'Dv_D1_scale': 0.2602173053910554, 'Dv_D2_scale': 2.268234756174268, 'b_bulk_scale': 1.9560243379570075, 'b_dislocation_scale': 0.1755718713054897, 'gb_scale': 6.728861238579943, 'gd_bubble_scale': 0.7175853195090767, 'gd_line_scale': 6.707995636280168, 'gd_line_alpha': 0.8136365998848679, 'coalescence_d_scale': 0.10654091813892234, 'capture_scale': 2.319826082338988}. Best is trial 444 with value: 2.0614202321115003.
[I 2026-05-02 22:09:19,417] Trial 455 finished with value: 3.49173515619413 and parameters: {'f_n': 1.6859364506936415e-06, 'K_d': 232655.54144830187, 'rho_d': 31693899685078.234, 'fission_rate': 5.9181642441649955e+19, 'Dg_D1_scale': 1.7733532539571497, 'Dg_D3_scale': 3.5057945362508853, 'Dv_D1_scale': 0.24009462833884115, 'Dv_D2_scale': 2.54035853596721, 'b_bulk_scale': 3.9533814171843367, 'b_dislocation_scale': 0.19982123844039829, 'gb_scale': 5.5008674404014615, 'gd_bubble_scale': 0.4630483367196393, 'gd_line_scale': 5.240387338955552, 'gd_line_alpha': 0.8741188275787778, 'coalescence_d_scale': 0.3422802009330927, 'capture_scale': 5.384792522674023}. Best is trial 444 with value: 2.0614202321115003.
[I 2026-05-02 22:09:24,474] Trial 456 finished with value: 2.291137174180917 and parameters: {'f_n': 1.2187231925503132e-06, 'K_d': 239362.69799919566, 'rho_d': 33526024653486.34, 'fission_rate': 5.840304558286784e+19, 'Dg_D1_scale': 1.6765061889447548, 'Dg_D3_scale': 3.99961282571969, 'Dv_D1_scale': 0.25779752262014005, 'Dv_D2_scale': 2.733564208008117, 'b_bulk_scale': 0.20700623971817167, 'b_dislocation_scale': 0.1457172919792942, 'gb_scale': 7.331604804046506, 'gd_bubble_scale': 0.5869715975663815, 'gd_line_scale': 6.106512637850838, 'gd_line_alpha': 0.8329641754437498, 'coalescence_d_scale': 0.30391500832792334, 'capture_scale': 0.6763148713144864}. Best is trial 444 with value: 2.0614202321115003.Best trial: 444. Best value: 2.06142:  30%|███       | 456/1500 [31:44<1:20:06,  4.60s/it]Best trial: 444. Best value: 2.06142:  30%|███       | 456/1500 [31:44<1:20:06,  4.60s/it]Best trial: 444. Best value: 2.06142:  30%|███       | 457/1500 [31:44<1:22:23,  4.74s/it]                                                                                          Best trial: 444. Best value: 2.06142:  30%|███       | 457/1500 [31:49<1:22:23,  4.74s/it]Best trial: 444. Best value: 2.06142:  30%|███       | 457/1500 [31:49<1:22:23,  4.74s/it]Best trial: 444. Best value: 2.06142:  31%|███       | 458/1500 [31:49<1:24:40,  4.88s/it]                                                                                          Best trial: 444. Best value: 2.06142:  31%|███       | 458/1500 [31:54<1:24:40,  4.88s/it]Best trial: 444. Best value: 2.06142:  31%|███       | 458/1500 [31:54<1:24:40,  4.88s/it]Best trial: 444. Best value: 2.06142:  31%|███       | 459/1500 [31:54<1:24:48,  4.89s/it]                                                                                          Best trial: 444. Best value: 2.06142:  31%|███       | 459/1500 [31:57<1:24:48,  4.89s/it]Best trial: 444. Best value: 2.06142:  31%|███       | 459/1500 [31:58<1:24:48,  4.89s/it]Best trial: 444. Best value: 2.06142:  31%|███       | 460/1500 [31:58<1:17:19,  4.46s/it]                                                                                          Best trial: 444. Best value: 2.06142:  31%|███       | 460/1500 [32:03<1:17:19,  4.46s/it]Best trial: 444. Best value: 2.06142:  31%|███       | 460/1500 [32:03<1:17:19,  4.46s/it]Best trial: 444. Best value: 2.06142:  31%|███       | 461/1500 [32:03<1:21:01,  4.68s/it]                                                                                          Best trial: 444. Best value: 2.06142:  31%|███       | 461/1500 [32:08<1:21:01,  4.68s/it]Best trial: 444. Best value: 2.06142:  31%|███       | 461/1500 [32:08<1:21:01,  4.68s/it]Best trial: 444. Best value: 2.06142:  31%|███       | 462/1500 [32:08<1:22:49,  4.79s/it]                                                                                          Best trial: 444. Best value: 2.06142:  31%|███       | 462/1500 [32:13<1:22:49,  4.79s/it]Best trial: 444. Best value: 2.06142:  31%|███       | 462/1500 [32:13<1:22:49,  4.79s/it]Best trial: 444. Best value: 2.06142:  31%|███       | 463/1500 [32:13<1:23:24,  4.83s/it]                                                                                          Best trial: 444. Best value: 2.06142:  31%|███       | 463/1500 [32:18<1:23:24,  4.83s/it]Best trial: 444. Best value: 2.06142:  31%|███       | 463/1500 [32:18<1:23:24,  4.83s/it]Best trial: 444. Best value: 2.06142:  31%|███       | 464/1500 [32:18<1:24:59,  4.92s/it]                                                                                          Best trial: 444. Best value: 2.06142:  31%|███       | 464/1500 [32:23<1:24:59,  4.92s/it]Best trial: 444. Best value: 2.06142:  31%|███       | 464/1500 [32:23<1:24:59,  4.92s/it]Best trial: 444. Best value: 2.06142:  31%|███       | 465/1500 [32:23<1:25:17,  4.94s/it]                                                                                          Best trial: 444. Best value: 2.06142:  31%|███       | 465/1500 [32:28<1:25:17,  4.94s/it]Best trial: 444. Best value: 2.06142:  31%|███       | 465/1500 [32:28<1:25:17,  4.94s/it]Best trial: 444. Best value: 2.06142:  31%|███       | 466/1500 [32:28<1:26:18,  5.01s/it]                                                                                          Best trial: 444. Best value: 2.06142:  31%|███       | 466/1500 [32:31<1:26:18,  5.01s/it]Best trial: 444. Best value: 2.06142:  31%|███       | 466/1500 [32:32<1:26:18,  5.01s/it]Best trial: 444. Best value: 2.06142:  31%|███       | 467/1500 [32:32<1:18:41,  4.57s/it]                                                                                          Best trial: 444. Best value: 2.06142:  31%|███       | 467/1500 [32:36<1:18:41,  4.57s/it]Best trial: 444. Best value: 2.06142:  31%|███       | 467/1500 [32:36<1:18:41,  4.57s/it]Best trial: 444. Best value: 2.06142:  31%|███       | 468/1500 [32:36<1:20:00,  4.65s/it]                                                                                          
[I 2026-05-02 22:09:29,668] Trial 457 finished with value: 2.1461601798849457 and parameters: {'f_n': 2.4429646062491694e-06, 'K_d': 270166.6713580172, 'rho_d': 34150632223778.023, 'fission_rate': 5.653225349822439e+19, 'Dg_D1_scale': 1.8103985228136772, 'Dg_D3_scale': 3.7166246531962313, 'Dv_D1_scale': 0.23887856465317045, 'Dv_D2_scale': 2.4141712983739385, 'b_bulk_scale': 0.1879984041865933, 'b_dislocation_scale': 0.1785446803665693, 'gb_scale': 6.126222298043985, 'gd_bubble_scale': 0.39258854052743947, 'gd_line_scale': 6.475637386325368, 'gd_line_alpha': 0.8093997301707354, 'coalescence_d_scale': 0.34588957682896576, 'capture_scale': 2.0590510441700256}. Best is trial 444 with value: 2.0614202321115003.
[I 2026-05-02 22:09:34,586] Trial 458 finished with value: 2.1349665623638665 and parameters: {'f_n': 2.982170279236128e-06, 'K_d': 220112.5111765444, 'rho_d': 31346559785389.51, 'fission_rate': 5.925329038080536e+19, 'Dg_D1_scale': 1.6402504784269902, 'Dg_D3_scale': 3.5154776461401847, 'Dv_D1_scale': 0.26573403784279265, 'Dv_D2_scale': 2.809316126166226, 'b_bulk_scale': 0.16660872072642371, 'b_dislocation_scale': 0.20427269164479656, 'gb_scale': 7.282717395067483, 'gd_bubble_scale': 0.4650806835375784, 'gd_line_scale': 6.875000108192739, 'gd_line_alpha': 0.8336723985609862, 'coalescence_d_scale': 0.11309690826704179, 'capture_scale': 7.631565170489686}. Best is trial 444 with value: 2.0614202321115003.
[I 2026-05-02 22:09:38,052] Trial 459 finished with value: 2.1400988098094595 and parameters: {'f_n': 2.1867982495259425e-06, 'K_d': 226344.5469245463, 'rho_d': 34502726503384.688, 'fission_rate': 5.789070124903907e+19, 'Dg_D1_scale': 1.7897647045835672, 'Dg_D3_scale': 3.7372981979779913, 'Dv_D1_scale': 0.2483231088405887, 'Dv_D2_scale': 2.6636376507237567, 'b_bulk_scale': 0.15109482476562264, 'b_dislocation_scale': 0.16435414658581513, 'gb_scale': 7.986889312394826, 'gd_bubble_scale': 0.4071376917284187, 'gd_line_scale': 5.542802449279136, 'gd_line_alpha': 0.8081456740193402, 'coalescence_d_scale': 0.10117887052376637, 'capture_scale': 1.59132592264323}. Best is trial 444 with value: 2.0614202321115003.
[I 2026-05-02 22:09:43,238] Trial 460 finished with value: 2.2714908447549744 and parameters: {'f_n': 1.6526187581451945e-06, 'K_d': 233407.36658565752, 'rho_d': 32695333301092.39, 'fission_rate': 5.5852336066091565e+19, 'Dg_D1_scale': 1.5575180456340767, 'Dg_D3_scale': 3.4283495681387164, 'Dv_D1_scale': 0.23509255298544862, 'Dv_D2_scale': 0.6832633945909651, 'b_bulk_scale': 0.18384281122282647, 'b_dislocation_scale': 0.1881599432361771, 'gb_scale': 6.776664921986176, 'gd_bubble_scale': 0.5419066111379502, 'gd_line_scale': 6.747531643474151, 'gd_line_alpha': 0.8372520177332002, 'coalescence_d_scale': 0.3000273383694729, 'capture_scale': 0.19081463243862856}. Best is trial 444 with value: 2.0614202321115003.
[I 2026-05-02 22:09:48,278] Trial 461 finished with value: 2.145008909495247 and parameters: {'f_n': 2.1679752439555907e-06, 'K_d': 261127.58648978546, 'rho_d': 30001036431428.996, 'fission_rate': 5.8570436682546315e+19, 'Dg_D1_scale': 1.8432158131209861, 'Dg_D3_scale': 3.553729447226264, 'Dv_D1_scale': 0.2522388924107899, 'Dv_D2_scale': 2.5473535950230186, 'b_bulk_scale': 0.22389596495545439, 'b_dislocation_scale': 0.21272924629309495, 'gb_scale': 5.884146225914914, 'gd_bubble_scale': 0.5132652991847629, 'gd_line_scale': 5.820625579461248, 'gd_line_alpha': 0.8038633217096028, 'coalescence_d_scale': 0.14339141861463775, 'capture_scale': 1.8611503130509288}. Best is trial 444 with value: 2.0614202321115003.
[I 2026-05-02 22:09:53,175] Trial 462 finished with value: 2.5563656547807625 and parameters: {'f_n': 1.6759992814211123e-06, 'K_d': 223854.64811617395, 'rho_d': 34362542985052.72, 'fission_rate': 6.016804432459088e+19, 'Dg_D1_scale': 1.7181348056613357, 'Dg_D3_scale': 3.772086871556156, 'Dv_D1_scale': 0.23342046772877983, 'Dv_D2_scale': 2.8576076967608732, 'b_bulk_scale': 0.14972454427563436, 'b_dislocation_scale': 0.12959735772123182, 'gb_scale': 4.887246858977041, 'gd_bubble_scale': 0.6246682303668352, 'gd_line_scale': 6.859720970137011, 'gd_line_alpha': 0.8738328379211069, 'coalescence_d_scale': 0.33791418571411763, 'capture_scale': 2.446561435926589}. Best is trial 444 with value: 2.0614202321115003.
[I 2026-05-02 22:09:58,340] Trial 463 finished with value: 2.1539395150602716 and parameters: {'f_n': 2.425153969351794e-06, 'K_d': 248632.80985876976, 'rho_d': 31879071836254.86, 'fission_rate': 5.667421416871255e+19, 'Dg_D1_scale': 2.00185549213763, 'Dg_D3_scale': 2.175838755338259, 'Dv_D1_scale': 0.23667393446383508, 'Dv_D2_scale': 2.7405939403270705, 'b_bulk_scale': 0.16781793133633235, 'b_dislocation_scale': 0.1594781914218848, 'gb_scale': 7.293082757689298, 'gd_bubble_scale': 0.43261800004986917, 'gd_line_scale': 5.114750082135263, 'gd_line_alpha': 0.8146907067198813, 'coalescence_d_scale': 0.30665044160941957, 'capture_scale': 4.83794657380419}. Best is trial 444 with value: 2.0614202321115003.
[I 2026-05-02 22:10:03,335] Trial 464 finished with value: 2.3068384745668498 and parameters: {'f_n': 1.2413367723464683e-06, 'K_d': 220632.15990459363, 'rho_d': 34856894246743.543, 'fission_rate': 5.881470536675823e+19, 'Dg_D1_scale': 1.8526641244411979, 'Dg_D3_scale': 3.340600269927586, 'Dv_D1_scale': 0.22019019252513325, 'Dv_D2_scale': 2.873868460975949, 'b_bulk_scale': 0.2074400158784801, 'b_dislocation_scale': 0.18928660170919082, 'gb_scale': 6.695577245749001, 'gd_bubble_scale': 0.35166750150329307, 'gd_line_scale': 7.129500120538216, 'gd_line_alpha': 0.7894073575117052, 'coalescence_d_scale': 0.10414092829292057, 'capture_scale': 3.7557347263690586}. Best is trial 444 with value: 2.0614202321115003.
[I 2026-05-02 22:10:08,491] Trial 465 finished with value: 2.1257987768725553 and parameters: {'f_n': 1.9524059496838804e-06, 'K_d': 240141.4955940428, 'rho_d': 32922783949451.074, 'fission_rate': 5.725471120884348e+19, 'Dg_D1_scale': 1.4804300815091982, 'Dg_D3_scale': 3.9885491942709503, 'Dv_D1_scale': 0.26049934931923896, 'Dv_D2_scale': 2.388330520728677, 'b_bulk_scale': 0.1801230834612527, 'b_dislocation_scale': 0.21208035318493954, 'gb_scale': 7.360208064435326, 'gd_bubble_scale': 0.6970166851040829, 'gd_line_scale': 6.1492006406162085, 'gd_line_alpha': 0.8436239051576683, 'coalescence_d_scale': 0.300115720075316, 'capture_scale': 2.322235406200268}. Best is trial 444 with value: 2.0614202321115003.
[I 2026-05-02 22:10:12,042] Trial 466 finished with value: 2.1685770556047217 and parameters: {'f_n': 2.550969833465954e-06, 'K_d': 247778.61779805468, 'rho_d': 30506427188527.434, 'fission_rate': 5.730575549122949e+19, 'Dg_D1_scale': 1.53140794774634, 'Dg_D3_scale': 3.9071970883653444, 'Dv_D1_scale': 0.26805855262405787, 'Dv_D2_scale': 2.0616028214545645, 'b_bulk_scale': 0.17653385629368146, 'b_dislocation_scale': 0.17732968966025078, 'gb_scale': 7.990070976853956, 'gd_bubble_scale': 0.6890628329192586, 'gd_line_scale': 6.013712598754255, 'gd_line_alpha': 0.8310584678250358, 'coalescence_d_scale': 0.302932758955056, 'capture_scale': 2.397028971551563}. Best is trial 444 with value: 2.0614202321115003.
[I 2026-05-02 22:10:16,880] Trial 467 finished with value: 2.287728863269725 and parameters: {'f_n': 2.101435641767266e-06, 'K_d': 239933.55182361163, 'rho_d': 32352498913421.43, 'fission_rate': 5.9906114387795075e+19, 'Dg_D1_scale': 1.5002113736660396, 'Dg_D3_scale': 3.715608718787873, 'Dv_D1_scale': 0.2610533399865822, 'Dv_D2_scale': 2.2664723763053125, 'b_bulk_scale': 0.14972489665061584, 'b_dislocation_scale': 0.20574971868073066, 'gb_scale': 6.511674656137107, 'gd_bubble_scale': 0.5418339892884994, 'gd_line_scale': 5.255824531426667, 'gd_line_alpha': 0.849218094294643, 'coalescence_d_scale': 0.3388402559523141, 'capture_scale': 3.1253201129382844}. Best is trial 444 with value: 2.0614202321115003.
