[I 2026-05-02 23:04:19,050] Trial 1080 finished with value: 2.1685775088927053 and parameters: {'f_n': 1.7588166571257977e-07, 'K_d': 107031.81400138684, 'rho_d': 71920067174805.69, 'fission_rate': 4.64109597411438e+19, 'Dg_D1_scale': 0.30838781068033877, 'Dg_D3_scale': 2.180264720889325, 'Dv_D1_scale': 0.2960205571442807, 'Dv_D2_scale': 3.5839567938427335, 'b_bulk_scale': 0.33511531562054686, 'b_dislocation_scale': 0.10562479111598772, 'gb_scale': 3.4149359377275004, 'gd_bubble_scale': 0.11181825886837947, 'gd_line_scale': 0.7305824013497934, 'gd_line_alpha': 0.8872281481329188, 'coalescence_d_scale': 0.37567640052027895, 'capture_scale': 0.05537620119833719}. Best is trial 756 with value: 2.012228641160978.Best trial: 756. Best value: 2.01223:  72%|███████▏  | 1080/1500 [1:26:38<43:07,  6.16s/it]Best trial: 756. Best value: 2.01223:  72%|███████▏  | 1080/1500 [1:26:39<43:07,  6.16s/it]Best trial: 756. Best value: 2.01223:  72%|███████▏  | 1081/1500 [1:26:39<39:53,  5.71s/it]                                                                                           Best trial: 756. Best value: 2.01223:  72%|███████▏  | 1081/1500 [1:26:45<39:53,  5.71s/it]Best trial: 756. Best value: 2.01223:  72%|███████▏  | 1081/1500 [1:26:45<39:53,  5.71s/it]Best trial: 756. Best value: 2.01223:  72%|███████▏  | 1082/1500 [1:26:45<40:42,  5.84s/it]                                                                                           Best trial: 756. Best value: 2.01223:  72%|███████▏  | 1082/1500 [1:26:51<40:42,  5.84s/it]Best trial: 756. Best value: 2.01223:  72%|███████▏  | 1082/1500 [1:26:51<40:42,  5.84s/it]Best trial: 756. Best value: 2.01223:  72%|███████▏  | 1083/1500 [1:26:51<41:40,  6.00s/it]                                                                                           Best trial: 756. Best value: 2.01223:  72%|███████▏  | 1083/1500 [1:26:57<41:40,  6.00s/it]Best trial: 756. Best value: 2.01223:  72%|███████▏  | 1083/1500 [1:26:57<41:40,  6.00s/it]Best trial: 756. Best value: 2.01223:  72%|███████▏  | 1084/1500 [1:26:57<41:53,  6.04s/it]                                                                                           Best trial: 756. Best value: 2.01223:  72%|███████▏  | 1084/1500 [1:27:03<41:53,  6.04s/it]Best trial: 756. Best value: 2.01223:  72%|███████▏  | 1084/1500 [1:27:04<41:53,  6.04s/it]Best trial: 756. Best value: 2.01223:  72%|███████▏  | 1085/1500 [1:27:04<42:14,  6.11s/it]                                                                                           Best trial: 756. Best value: 2.01223:  72%|███████▏  | 1085/1500 [1:27:08<42:14,  6.11s/it]Best trial: 756. Best value: 2.01223:  72%|███████▏  | 1085/1500 [1:27:08<42:14,  6.11s/it]Best trial: 756. Best value: 2.01223:  72%|███████▏  | 1086/1500 [1:27:08<39:11,  5.68s/it]                                                                                           Best trial: 756. Best value: 2.01223:  72%|███████▏  | 1086/1500 [1:27:14<39:11,  5.68s/it]Best trial: 756. Best value: 2.01223:  72%|███████▏  | 1086/1500 [1:27:15<39:11,  5.68s/it]Best trial: 756. Best value: 2.01223:  72%|███████▏  | 1087/1500 [1:27:15<40:30,  5.88s/it]                                                                                           Best trial: 756. Best value: 2.01223:  72%|███████▏  | 1087/1500 [1:27:21<40:30,  5.88s/it]Best trial: 756. Best value: 2.01223:  72%|███████▏  | 1087/1500 [1:27:21<40:30,  5.88s/it]Best trial: 756. Best value: 2.01223:  73%|███████▎  | 1088/1500 [1:27:21<41:35,  6.06s/it]                                                                                           Best trial: 756. Best value: 2.01223:  73%|███████▎  | 1088/1500 [1:27:27<41:35,  6.06s/it]Best trial: 756. Best value: 2.01223:  73%|███████▎  | 1088/1500 [1:27:27<41:35,  6.06s/it]Best trial: 756. Best value: 2.01223:  73%|███████▎  | 1089/1500 [1:27:27<42:10,  6.16s/it]                                                                                           Best trial: 756. Best value: 2.01223:  73%|███████▎  | 1089/1500 [1:27:34<42:10,  6.16s/it]Best trial: 756. Best value: 2.01223:  73%|███████▎  | 1089/1500 [1:27:34<42:10,  6.16s/it]Best trial: 756. Best value: 2.01223:  73%|███████▎  | 1090/1500 [1:27:34<42:40,  6.25s/it]                                                                                           Best trial: 756. Best value: 2.01223:  73%|███████▎  | 1090/1500 [1:27:39<42:40,  6.25s/it]Best trial: 756. Best value: 2.01223:  73%|███████▎  | 1090/1500 [1:27:39<42:40,  6.25s/it]Best trial: 756. Best value: 2.01223:  73%|███████▎  | 1091/1500 [1:27:39<39:43,  5.83s/it]                                                                                           Best trial: 756. Best value: 2.01223:  73%|███████▎  | 1091/1500 [1:27:45<39:43,  5.83s/it]Best trial: 756. Best value: 2.01223:  73%|███████▎  | 1091/1500 [1:27:45<39:43,  5.83s/it]Best trial: 756. Best value: 2.01223:  73%|███████▎  | 1092/1500 [1:27:45<40:55,  6.02s/it]                                                                                           
[I 2026-05-02 23:04:25,197] Trial 1081 finished with value: 2.1510735480102623 and parameters: {'f_n': 2.7903975721682684e-07, 'K_d': 104772.46968055353, 'rho_d': 66787659283289.13, 'fission_rate': 4.730428974555924e+19, 'Dg_D1_scale': 0.23153747760338586, 'Dg_D3_scale': 2.348076970181563, 'Dv_D1_scale': 0.3004648699243872, 'Dv_D2_scale': 3.2974062687919967, 'b_bulk_scale': 0.39840521024373493, 'b_dislocation_scale': 0.10821814816381108, 'gb_scale': 3.178541047419747, 'gd_bubble_scale': 0.11167383428146457, 'gd_line_scale': 0.8027879072964901, 'gd_line_alpha': 0.8946388724758666, 'coalescence_d_scale': 0.366589239045065, 'capture_scale': 0.07808811147679302}. Best is trial 756 with value: 2.012228641160978.
[I 2026-05-02 23:04:31,549] Trial 1082 finished with value: 2.0389332058820178 and parameters: {'f_n': 2.887462022689598e-07, 'K_d': 100116.55846151357, 'rho_d': 68607170308540.17, 'fission_rate': 4.59272935538583e+19, 'Dg_D1_scale': 0.2684545585519232, 'Dg_D3_scale': 2.101887375098664, 'Dv_D1_scale': 0.3157551306503228, 'Dv_D2_scale': 3.4805243310206415, 'b_bulk_scale': 0.37203548303080863, 'b_dislocation_scale': 0.10043646485571286, 'gb_scale': 3.5645421389307974, 'gd_bubble_scale': 0.10612457676203457, 'gd_line_scale': 0.6459803453201551, 'gd_line_alpha': 0.924896457701753, 'coalescence_d_scale': 0.4073401072086223, 'capture_scale': 0.07631957812979714}. Best is trial 756 with value: 2.012228641160978.
[I 2026-05-02 23:04:37,692] Trial 1083 finished with value: 2.2666175130723354 and parameters: {'f_n': 2.654287905184568e-07, 'K_d': 100518.6951396564, 'rho_d': 71815563332579.12, 'fission_rate': 4.7549104895079875e+19, 'Dg_D1_scale': 0.2715180945576196, 'Dg_D3_scale': 2.0750802796431134, 'Dv_D1_scale': 0.3116215800191903, 'Dv_D2_scale': 3.2698018177810577, 'b_bulk_scale': 0.36833463404500366, 'b_dislocation_scale': 0.10396084590944978, 'gb_scale': 3.6951515639133823, 'gd_bubble_scale': 0.1133118750930268, 'gd_line_scale': 0.8700627458695408, 'gd_line_alpha': 0.899685667272812, 'coalescence_d_scale': 0.3748267798998607, 'capture_scale': 0.0680908109176036}. Best is trial 756 with value: 2.012228641160978.
[I 2026-05-02 23:04:43,953] Trial 1084 finished with value: 2.085946698538901 and parameters: {'f_n': 2.285218301216986e-07, 'K_d': 100304.76597915519, 'rho_d': 76090397030954.84, 'fission_rate': 4.665912447200394e+19, 'Dg_D1_scale': 0.21893301647176205, 'Dg_D3_scale': 2.159002236666371, 'Dv_D1_scale': 0.3134566450121998, 'Dv_D2_scale': 3.6094822052401403, 'b_bulk_scale': 0.3437833058946198, 'b_dislocation_scale': 0.10777953488528781, 'gb_scale': 3.616176495707536, 'gd_bubble_scale': 0.10097105634875533, 'gd_line_scale': 0.7032313476253045, 'gd_line_alpha': 0.8912051529087902, 'coalescence_d_scale': 0.3800698462656261, 'capture_scale': 0.057882033249065795}. Best is trial 756 with value: 2.012228641160978.
[I 2026-05-02 23:04:48,646] Trial 1085 finished with value: 2.037480733754598 and parameters: {'f_n': 2.861420973031996e-07, 'K_d': 100049.26890695121, 'rho_d': 67595526492356.48, 'fission_rate': 4.607597710633758e+19, 'Dg_D1_scale': 0.2632940718114743, 'Dg_D3_scale': 2.25294282488267, 'Dv_D1_scale': 0.29033134936458194, 'Dv_D2_scale': 3.6293553093517876, 'b_bulk_scale': 0.3861049255670402, 'b_dislocation_scale': 0.09634187517138644, 'gb_scale': 3.456057786068232, 'gd_bubble_scale': 0.10069144242392264, 'gd_line_scale': 0.6273897078823416, 'gd_line_alpha': 0.9205012760801273, 'coalescence_d_scale': 0.39822818270701055, 'capture_scale': 0.0747766194090746}. Best is trial 756 with value: 2.012228641160978.
[I 2026-05-02 23:04:55,006] Trial 1086 finished with value: 2.172066962084012 and parameters: {'f_n': 2.1339000720315927e-07, 'K_d': 104488.29137245294, 'rho_d': 70623992725223.45, 'fission_rate': 4.576027013348019e+19, 'Dg_D1_scale': 0.24150579225745442, 'Dg_D3_scale': 2.2987553416365323, 'Dv_D1_scale': 0.2910262115150729, 'Dv_D2_scale': 1.1934946031602787, 'b_bulk_scale': 0.3590132809520333, 'b_dislocation_scale': 0.10460500802332612, 'gb_scale': 3.6404659610470307, 'gd_bubble_scale': 0.09549547502131539, 'gd_line_scale': 0.6566392703741795, 'gd_line_alpha': 0.8931820439297283, 'coalescence_d_scale': 0.3691194431621432, 'capture_scale': 0.06548700969503084}. Best is trial 756 with value: 2.012228641160978.
[I 2026-05-02 23:05:01,468] Trial 1087 finished with value: 2.396298359054815 and parameters: {'f_n': 1.9906456389135606e-07, 'K_d': 100742.52969358691, 'rho_d': 78273719475866.47, 'fission_rate': 4.544851847470163e+19, 'Dg_D1_scale': 0.25127064159261797, 'Dg_D3_scale': 2.252583424363553, 'Dv_D1_scale': 0.309931748490341, 'Dv_D2_scale': 3.767802388302689, 'b_bulk_scale': 0.3906411738873907, 'b_dislocation_scale': 0.09661492943825085, 'gb_scale': 3.934964889587461, 'gd_bubble_scale': 0.10753526998506746, 'gd_line_scale': 0.7409275233483873, 'gd_line_alpha': 0.9168713758051634, 'coalescence_d_scale': 0.4110904720582095, 'capture_scale': 0.07317392275633278}. Best is trial 756 with value: 2.012228641160978.
[I 2026-05-02 23:05:07,857] Trial 1088 finished with value: 2.1227496344729726 and parameters: {'f_n': 1.2683734591023647e-07, 'K_d': 108839.30343144655, 'rho_d': 72286370520639.31, 'fission_rate': 4.6225481157859566e+19, 'Dg_D1_scale': 0.27104287668534255, 'Dg_D3_scale': 2.3820700829513934, 'Dv_D1_scale': 0.3168854007828038, 'Dv_D2_scale': 3.439308436491156, 'b_bulk_scale': 0.3149153832627318, 'b_dislocation_scale': 0.09541357663794219, 'gb_scale': 3.5734383356653856, 'gd_bubble_scale': 0.10305788056839012, 'gd_line_scale': 0.6142638967234169, 'gd_line_alpha': 0.9173695234385305, 'coalescence_d_scale': 0.40076737130817763, 'capture_scale': 0.04980498699087051}. Best is trial 756 with value: 2.012228641160978.
[I 2026-05-02 23:05:14,310] Trial 1089 finished with value: 2.0359945337808734 and parameters: {'f_n': 2.4764888249251016e-07, 'K_d': 103780.75132818778, 'rho_d': 68619938711102.57, 'fission_rate': 4.5388970017402225e+19, 'Dg_D1_scale': 0.2646519132879128, 'Dg_D3_scale': 2.161156602493332, 'Dv_D1_scale': 0.29401709587677777, 'Dv_D2_scale': 3.7561366249715378, 'b_bulk_scale': 0.3258549746290798, 'b_dislocation_scale': 0.10832555279651374, 'gb_scale': 3.3207160102957, 'gd_bubble_scale': 0.10504442639424086, 'gd_line_scale': 0.679373810391597, 'gd_line_alpha': 0.8925384968350717, 'coalescence_d_scale': 0.35806090752423503, 'capture_scale': 0.08112945976134608}. Best is trial 756 with value: 2.012228641160978.
[I 2026-05-02 23:05:19,165] Trial 1090 finished with value: 2.1503119171158 and parameters: {'f_n': 2.458397186230325e-07, 'K_d': 100679.62641914135, 'rho_d': 70658511885844.36, 'fission_rate': 4.4752504861350265e+19, 'Dg_D1_scale': 0.25797432448481855, 'Dg_D3_scale': 2.301585382662188, 'Dv_D1_scale': 0.28820885665275786, 'Dv_D2_scale': 3.446155831475373, 'b_bulk_scale': 0.32924236322892736, 'b_dislocation_scale': 0.10551536150326477, 'gb_scale': 3.480392662201384, 'gd_bubble_scale': 0.09789475893922496, 'gd_line_scale': 0.8047642931521294, 'gd_line_alpha': 0.8939496907106101, 'coalescence_d_scale': 0.3753352176065507, 'capture_scale': 0.06015320738885032}. Best is trial 756 with value: 2.012228641160978.
[I 2026-05-02 23:05:25,622] Trial 1091 finished with value: 2.4380934031969175 and parameters: {'f_n': 2.5297700142136496e-07, 'K_d': 104422.95191018817, 'rho_d': 75268146107140.06, 'fission_rate': 4.470573435611949e+19, 'Dg_D1_scale': 0.23443521694098438, 'Dg_D3_scale': 2.158363688794538, 'Dv_D1_scale': 0.2955745384573847, 'Dv_D2_scale': 3.7646528475391685, 'b_bulk_scale': 0.328771673819604, 'b_dislocation_scale': 0.09544271241658969, 'gb_scale': 3.863557192696249, 'gd_bubble_scale': 0.10611252408730579, 'gd_line_scale': 0.9132831492080571, 'gd_line_alpha': 0.8958414377725682, 'coalescence_d_scale': 0.39186408397525785, 'capture_scale': 0.0751702796469096}. Best is trial 756 with value: 2.012228641160978.
[I 2026-05-02 23:05:32,150] Trial 1092 finished with value: 2.1602727079888315 and parameters: {'f_n': 1.6078740177856232e-07, 'K_d': 105024.81651622354, 'rho_d': 68383201116964.01, 'fission_rate': 4.498903943230188e+19, 'Dg_D1_scale': 0.2750084373391172, 'Dg_D3_scale': 2.261025033025731, 'Dv_D1_scale': 0.2888426426987964, 'Dv_D2_scale': 3.5857179401641037, 'b_bulk_scale': 0.3523932545182654, 'b_dislocation_scale': 0.1060265851850965, 'gb_scale': 3.186518674140233, 'gd_bubble_scale': 0.12325097569548361, 'gd_line_scale': 0.7047308249053303, 'gd_line_alpha': 0.9000842194443813, 'coalescence_d_scale': 0.3538263585604092, 'capture_scale': 0.06186438793098843}. Best is trial 756 with value: 2.012228641160978.Best trial: 756. Best value: 2.01223:  73%|███████▎  | 1092/1500 [1:27:52<40:55,  6.02s/it]Best trial: 756. Best value: 2.01223:  73%|███████▎  | 1092/1500 [1:27:52<40:55,  6.02s/it]Best trial: 756. Best value: 2.01223:  73%|███████▎  | 1093/1500 [1:27:52<41:51,  6.17s/it]                                                                                           Best trial: 756. Best value: 2.01223:  73%|███████▎  | 1093/1500 [1:27:58<41:51,  6.17s/it]Best trial: 756. Best value: 2.01223:  73%|███████▎  | 1093/1500 [1:27:58<41:51,  6.17s/it]Best trial: 756. Best value: 2.01223:  73%|███████▎  | 1094/1500 [1:27:58<42:11,  6.23s/it]                                                                                           Best trial: 756. Best value: 2.01223:  73%|███████▎  | 1094/1500 [1:28:04<42:11,  6.23s/it]Best trial: 756. Best value: 2.01223:  73%|███████▎  | 1094/1500 [1:28:04<42:11,  6.23s/it]Best trial: 756. Best value: 2.01223:  73%|███████▎  | 1095/1500 [1:28:04<42:22,  6.28s/it]                                                                                           Best trial: 756. Best value: 2.01223:  73%|███████▎  | 1095/1500 [1:28:09<42:22,  6.28s/it]Best trial: 756. Best value: 2.01223:  73%|███████▎  | 1095/1500 [1:28:09<42:22,  6.28s/it]Best trial: 756. Best value: 2.01223:  73%|███████▎  | 1096/1500 [1:28:09<38:57,  5.79s/it]                                                                                           Best trial: 756. Best value: 2.01223:  73%|███████▎  | 1096/1500 [1:28:15<38:57,  5.79s/it]Best trial: 756. Best value: 2.01223:  73%|███████▎  | 1096/1500 [1:28:16<38:57,  5.79s/it]Best trial: 756. Best value: 2.01223:  73%|███████▎  | 1097/1500 [1:28:16<40:10,  5.98s/it]                                                                                           Best trial: 756. Best value: 2.01223:  73%|███████▎  | 1097/1500 [1:28:22<40:10,  5.98s/it]Best trial: 756. Best value: 2.01223:  73%|███████▎  | 1097/1500 [1:28:22<40:10,  5.98s/it]Best trial: 756. Best value: 2.01223:  73%|███████▎  | 1098/1500 [1:28:22<40:34,  6.06s/it]                                                                                           Best trial: 756. Best value: 2.01223:  73%|███████▎  | 1098/1500 [1:28:28<40:34,  6.06s/it]Best trial: 756. Best value: 2.01223:  73%|███████▎  | 1098/1500 [1:28:28<40:34,  6.06s/it]Best trial: 756. Best value: 2.01223:  73%|███████▎  | 1099/1500 [1:28:28<40:58,  6.13s/it]                                                                                           Best trial: 756. Best value: 2.01223:  73%|███████▎  | 1099/1500 [1:28:35<40:58,  6.13s/it]Best trial: 756. Best value: 2.01223:  73%|███████▎  | 1099/1500 [1:28:35<40:58,  6.13s/it]Best trial: 756. Best value: 2.01223:  73%|███████▎  | 1100/1500 [1:28:35<41:47,  6.27s/it]                                                                                           Best trial: 756. Best value: 2.01223:  73%|███████▎  | 1100/1500 [1:28:39<41:47,  6.27s/it]Best trial: 756. Best value: 2.01223:  73%|███████▎  | 1100/1500 [1:28:39<41:47,  6.27s/it]Best trial: 756. Best value: 2.01223:  73%|███████▎  | 1101/1500 [1:28:39<38:18,  5.76s/it]                                                                                           Best trial: 756. Best value: 2.01223:  73%|███████▎  | 1101/1500 [1:28:45<38:18,  5.76s/it]Best trial: 756. Best value: 2.01223:  73%|███████▎  | 1101/1500 [1:28:46<38:18,  5.76s/it]Best trial: 756. Best value: 2.01223:  73%|███████▎  | 1102/1500 [1:28:46<39:21,  5.93s/it]                                                                                           Best trial: 756. Best value: 2.01223:  73%|███████▎  | 1102/1500 [1:28:52<39:21,  5.93s/it]Best trial: 756. Best value: 2.01223:  73%|███████▎  | 1102/1500 [1:28:52<39:21,  5.93s/it]Best trial: 756. Best value: 2.01223:  74%|███████▎  | 1103/1500 [1:28:52<39:50,  6.02s/it]                                                                                           Best trial: 756. Best value: 2.01223:  74%|███████▎  | 1103/1500 [1:28:58<39:50,  6.02s/it]Best trial: 756. Best value: 2.01223:  74%|███████▎  | 1103/1500 [1:28:58<39:50,  6.02s/it]Best trial: 756. Best value: 2.01223:  74%|███████▎  | 1104/1500 [1:28:58<39:55,  6.05s/it]                                                                                           
[I 2026-05-02 23:05:38,530] Trial 1093 finished with value: 2.3262015132871654 and parameters: {'f_n': 1.7908680337805227e-07, 'K_d': 100141.74329524326, 'rho_d': 68582777409124.77, 'fission_rate': 4.5440457206112535e+19, 'Dg_D1_scale': 0.25961997768442724, 'Dg_D3_scale': 2.098080392478483, 'Dv_D1_scale': 0.29099169289949683, 'Dv_D2_scale': 3.2528849757287284, 'b_bulk_scale': 0.372614166148614, 'b_dislocation_scale': 0.1005086764192191, 'gb_scale': 3.395911296070364, 'gd_bubble_scale': 0.10587607227693917, 'gd_line_scale': 0.8091138749222738, 'gd_line_alpha': 0.9169951820801072, 'coalescence_d_scale': 0.3637728603337285, 'capture_scale': 0.08085367526647215}. Best is trial 756 with value: 2.012228641160978.
[I 2026-05-02 23:05:44,915] Trial 1094 finished with value: 2.0481550159928377 and parameters: {'f_n': 2.938293050237584e-07, 'K_d': 109523.879748618, 'rho_d': 67070315853094.805, 'fission_rate': 4.597643682943859e+19, 'Dg_D1_scale': 0.30225310352486595, 'Dg_D3_scale': 2.408569252582212, 'Dv_D1_scale': 0.2934955534944001, 'Dv_D2_scale': 3.7883763952278797, 'b_bulk_scale': 0.3134885507770836, 'b_dislocation_scale': 0.10826175270741839, 'gb_scale': 3.891910434934424, 'gd_bubble_scale': 0.12222647032242474, 'gd_line_scale': 0.7115651940773697, 'gd_line_alpha': 0.8910276011948494, 'coalescence_d_scale': 0.361942612443482, 'capture_scale': 0.06781239909105728}. Best is trial 756 with value: 2.012228641160978.
[I 2026-05-02 23:05:49,555] Trial 1095 finished with value: 2.045312798910779 and parameters: {'f_n': 2.9688920958182613e-07, 'K_d': 100175.50912316993, 'rho_d': 72330914894847.05, 'fission_rate': 4.647845698824544e+19, 'Dg_D1_scale': 0.24607813854739896, 'Dg_D3_scale': 2.195647022565649, 'Dv_D1_scale': 0.313416295481786, 'Dv_D2_scale': 3.446731782895014, 'b_bulk_scale': 0.38708933257078376, 'b_dislocation_scale': 0.10976638971186613, 'gb_scale': 3.0841860424176897, 'gd_bubble_scale': 0.09575792561485025, 'gd_line_scale': 0.6282037425366075, 'gd_line_alpha': 0.8871167817768784, 'coalescence_d_scale': 0.4103984439762885, 'capture_scale': 0.08161855174788876}. Best is trial 756 with value: 2.012228641160978.
[I 2026-05-02 23:05:55,990] Trial 1096 finished with value: 2.378139936079993 and parameters: {'f_n': 1.9267906465507548e-07, 'K_d': 109018.36017580821, 'rho_d': 77020005167640.72, 'fission_rate': 4.549199079196666e+19, 'Dg_D1_scale': 0.2780495518293398, 'Dg_D3_scale': 2.0797778992233655, 'Dv_D1_scale': 0.315367358368914, 'Dv_D2_scale': 3.758385300112753, 'b_bulk_scale': 0.32781318423006095, 'b_dislocation_scale': 0.09510325557733645, 'gb_scale': 3.532564349651958, 'gd_bubble_scale': 0.11197379770741202, 'gd_line_scale': 0.7559842216342443, 'gd_line_alpha': 0.9157255853022515, 'coalescence_d_scale': 0.3579727837028381, 'capture_scale': 0.07212210272980445}. Best is trial 756 with value: 2.012228641160978.
[I 2026-05-02 23:06:02,220] Trial 1097 finished with value: 2.4081152791217315 and parameters: {'f_n': 2.39510192135163e-07, 'K_d': 106607.93651930058, 'rho_d': 65423934564346.08, 'fission_rate': 4.6825641863730864e+19, 'Dg_D1_scale': 0.29283914157493324, 'Dg_D3_scale': 2.4368228800571354, 'Dv_D1_scale': 0.2905260364809721, 'Dv_D2_scale': 0.2793179168022055, 'b_bulk_scale': 0.4121036024850931, 'b_dislocation_scale': 0.09190337278384415, 'gb_scale': 3.0129130670788413, 'gd_bubble_scale': 0.1279250006287332, 'gd_line_scale': 0.6673879273344419, 'gd_line_alpha': 0.9196428438605887, 'coalescence_d_scale': 0.4084866787112145, 'capture_scale': 0.08349790475099636}. Best is trial 756 with value: 2.012228641160978.
