[I 2026-05-02 21:38:59,077] Trial 17 finished with value: 4.729501035853347 and parameters: {'f_n': 5.0281879939084767e-08, 'K_d': 320446.66793354653, 'rho_d': 8737680694583.333, 'fission_rate': 7.297650857669462e+19, 'Dg_D1_scale': 0.9824653944231643, 'Dg_D3_scale': 0.17149008315175507, 'Dv_D1_scale': 1.651920420101859, 'Dv_D2_scale': 2.6175861377288627, 'b_bulk_scale': 0.4012035338018645, 'b_dislocation_scale': 0.2431152720111872, 'gb_scale': 0.06020507508344257, 'gd_bubble_scale': 0.7991111998651904, 'gd_line_scale': 4.97411291726024, 'gd_line_alpha': 0.4526322570813272, 'coalescence_d_scale': 0.1078970161021578, 'capture_scale': 5.767359641737463}. Best is trial 16 with value: 2.6293409308463893.
[I 2026-05-02 21:39:01,355] Trial 18 finished with value: 4.8264640517685535 and parameters: {'f_n': 5.0679984362691934e-08, 'K_d': 174437.32790229958, 'rho_d': 20366466467996.484, 'fission_rate': 7.963104194299971e+19, 'Dg_D1_scale': 0.6300398947544837, 'Dg_D3_scale': 0.15904319169236764, 'Dv_D1_scale': 2.7056910697178385, 'Dv_D2_scale': 2.0013655812361586, 'b_bulk_scale': 0.44300016431014516, 'b_dislocation_scale': 0.059140059647959854, 'gb_scale': 2.3588086595501028, 'gd_bubble_scale': 3.068440156368849, 'gd_line_scale': 1.2223322148804592, 'gd_line_alpha': 0.1577948123145156, 'coalescence_d_scale': 0.613711849381642, 'capture_scale': 7.477722544909057}. Best is trial 16 with value: 2.6293409308463893.
[I 2026-05-02 21:39:05,560] Trial 19 finished with value: 30.27558303846882 and parameters: {'f_n': 2.4172233067900958e-08, 'K_d': 392195.81429340097, 'rho_d': 73110737792530.61, 'fission_rate': 7.226895057610404e+19, 'Dg_D1_scale': 3.9434371728233977, 'Dg_D3_scale': 0.27536938814452605, 'Dv_D1_scale': 0.8798448305222947, 'Dv_D2_scale': 3.6144159348244185, 'b_bulk_scale': 1.084374899458573, 'b_dislocation_scale': 1.234240277311205, 'gb_scale': 7.031256359525672, 'gd_bubble_scale': 0.2983729159653373, 'gd_line_scale': 4.662710382544, 'gd_line_alpha': 0.3531091856716671, 'coalescence_d_scale': 19.06098611059343, 'capture_scale': 1.5779970963719738}. Best is trial 16 with value: 2.6293409308463893.
[I 2026-05-02 21:39:09,769] Trial 20 finished with value: 4.2076678784606765 and parameters: {'f_n': 7.2095856501559616e-09, 'K_d': 185736.35899921172, 'rho_d': 7912800961238.091, 'fission_rate': 7.098613948228434e+19, 'Dg_D1_scale': 2.0917946525954294, 'Dg_D3_scale': 0.3202245412777675, 'Dv_D1_scale': 1.0939270355986017, 'Dv_D2_scale': 2.6575413816640174, 'b_bulk_scale': 1.3926716582316776, 'b_dislocation_scale': 0.6400676037443919, 'gb_scale': 0.2496058843218038, 'gd_bubble_scale': 0.8697583202869346, 'gd_line_scale': 0.5715692127938246, 'gd_line_alpha': 0.5801314936943713, 'coalescence_d_scale': 0.22618980869172453, 'capture_scale': 0.33400053104499444}. Best is trial 16 with value: 2.6293409308463893.
[I 2026-05-02 21:39:15,214] Trial 21 finished with value: 3.4600128789513622 and parameters: {'f_n': 6.728383235869456e-10, 'K_d': 101533.7527302484, 'rho_d': 6465030122835.312, 'fission_rate': 5.382140621827411e+19, 'Dg_D1_scale': 2.0982300603532056, 'Dg_D3_scale': 2.5928474205841985, 'Dv_D1_scale': 0.5267836599880151, 'Dv_D2_scale': 1.6115963742897976, 'b_bulk_scale': 0.23133993993443766, 'b_dislocation_scale': 0.21185958370523034, 'gb_scale': 2.8740015052027426, 'gd_bubble_scale': 0.32314047794087725, 'gd_line_scale': 2.12640522540849, 'gd_line_alpha': 0.04853861378004599, 'coalescence_d_scale': 0.11740245734955487, 'capture_scale': 0.07379395702931313}. Best is trial 16 with value: 2.6293409308463893.
[I 2026-05-02 21:39:19,945] Trial 22 finished with value: 3.8818027132059862 and parameters: {'f_n': 2.8201157164430513e-06, 'K_d': 194791.0226040021, 'rho_d': 9895940855944.63, 'fission_rate': 6.308750384976344e+19, 'Dg_D1_scale': 1.3504392002387666, 'Dg_D3_scale': 1.1407402962755593, 'Dv_D1_scale': 0.356796860575444, 'Dv_D2_scale': 1.19315478079334, 'b_bulk_scale': 0.16227051004743287, 'b_dislocation_scale': 0.07687238156827798, 'gb_scale': 4.124095124081008, 'gd_bubble_scale': 0.5796548847932284, 'gd_line_scale': 1.718088351811001, 'gd_line_alpha': 0.1040517523155044, 'coalescence_d_scale': 0.16609835020527738, 'capture_scale': 0.012178423697623746}. Best is trial 16 with value: 2.6293409308463893.
[I 2026-05-02 21:39:24,261] Trial 23 finished with value: 3.4877516925220102 and parameters: {'f_n': 5.068554111013701e-09, 'K_d': 137570.92913973515, 'rho_d': 5006107381388.233, 'fission_rate': 7.032198787646815e+19, 'Dg_D1_scale': 3.034916409093393, 'Dg_D3_scale': 0.6041287090545874, 'Dv_D1_scale': 0.7177560227374292, 'Dv_D2_scale': 1.8112136276216184, 'b_bulk_scale': 0.07549208387134428, 'b_dislocation_scale': 0.25197761623848147, 'gb_scale': 2.0803932029716523, 'gd_bubble_scale': 1.5518808544099045, 'gd_line_scale': 3.925466508242651, 'gd_line_alpha': 0.11760793666304781, 'coalescence_d_scale': 0.36134358246391723, 'capture_scale': 0.06957071497978873}. Best is trial 16 with value: 2.6293409308463893.
[I 2026-05-02 21:39:28,322] Trial 24 finished with value: 5.029984597967983 and parameters: {'f_n': 8.461142416553599e-10, 'K_d': 391846.88426880125, 'rho_d': 16564010178574.64, 'fission_rate': 7.556891248715284e+19, 'Dg_D1_scale': 1.9102844482310761, 'Dg_D3_scale': 2.6953055948141014, 'Dv_D1_scale': 0.7414947536397207, 'Dv_D2_scale': 2.6458387708550286, 'b_bulk_scale': 0.3030656560210293, 'b_dislocation_scale': 0.15965252626899135, 'gb_scale': 0.6874035454581043, 'gd_bubble_scale': 0.24257759678316634, 'gd_line_scale': 6.437864226186305, 'gd_line_alpha': 0.2776163789917047, 'coalescence_d_scale': 0.14021349977431552, 'capture_scale': 3.0327430834660682}. Best is trial 16 with value: 2.6293409308463893.Best trial: 16. Best value: 2.62934:   2%|▏         | 24/1500 [01:48<1:50:01,  4.47s/it]Best trial: 16. Best value: 2.62934:   2%|▏         | 24/1500 [01:48<1:50:01,  4.47s/it]Best trial: 16. Best value: 2.62934:   2%|▏         | 25/1500 [01:48<1:46:55,  4.35s/it]                                                                                        Best trial: 16. Best value: 2.62934:   2%|▏         | 25/1500 [01:52<1:46:55,  4.35s/it]Best trial: 16. Best value: 2.62934:   2%|▏         | 25/1500 [01:52<1:46:55,  4.35s/it]Best trial: 16. Best value: 2.62934:   2%|▏         | 26/1500 [01:52<1:42:26,  4.17s/it]                                                                                        Best trial: 16. Best value: 2.62934:   2%|▏         | 26/1500 [01:56<1:42:26,  4.17s/it]Best trial: 16. Best value: 2.62934:   2%|▏         | 26/1500 [01:56<1:42:26,  4.17s/it]Best trial: 16. Best value: 2.62934:   2%|▏         | 27/1500 [01:56<1:45:13,  4.29s/it]                                                                                        Best trial: 16. Best value: 2.62934:   2%|▏         | 27/1500 [02:00<1:45:13,  4.29s/it]Best trial: 16. Best value: 2.62934:   2%|▏         | 27/1500 [02:00<1:45:13,  4.29s/it]Best trial: 16. Best value: 2.62934:   2%|▏         | 28/1500 [02:00<1:40:38,  4.10s/it]                                                                                        Best trial: 16. Best value: 2.62934:   2%|▏         | 28/1500 [02:03<1:40:38,  4.10s/it]Best trial: 16. Best value: 2.62934:   2%|▏         | 28/1500 [02:03<1:40:38,  4.10s/it]Best trial: 16. Best value: 2.62934:   2%|▏         | 29/1500 [02:03<1:33:11,  3.80s/it]                                                                                        Best trial: 16. Best value: 2.62934:   2%|▏         | 29/1500 [02:06<1:33:11,  3.80s/it]Best trial: 16. Best value: 2.62934:   2%|▏         | 29/1500 [02:06<1:33:11,  3.80s/it]Best trial: 16. Best value: 2.62934:   2%|▏         | 30/1500 [02:06<1:26:22,  3.53s/it]                                                                                        Best trial: 16. Best value: 2.62934:   2%|▏         | 30/1500 [02:10<1:26:22,  3.53s/it]Best trial: 16. Best value: 2.62934:   2%|▏         | 30/1500 [02:10<1:26:22,  3.53s/it]Best trial: 16. Best value: 2.62934:   2%|▏         | 31/1500 [02:10<1:30:58,  3.72s/it]                                                                                        Best trial: 16. Best value: 2.62934:   2%|▏         | 31/1500 [02:15<1:30:58,  3.72s/it]Best trial: 16. Best value: 2.62934:   2%|▏         | 31/1500 [02:15<1:30:58,  3.72s/it]Best trial: 16. Best value: 2.62934:   2%|▏         | 32/1500 [02:15<1:39:18,  4.06s/it]                                                                                        Best trial: 16. Best value: 2.62934:   2%|▏         | 32/1500 [02:19<1:39:18,  4.06s/it]Best trial: 16. Best value: 2.62934:   2%|▏         | 32/1500 [02:19<1:39:18,  4.06s/it]Best trial: 16. Best value: 2.62934:   2%|▏         | 33/1500 [02:19<1:41:23,  4.15s/it]                                                                                        Best trial: 16. Best value: 2.62934:   2%|▏         | 33/1500 [02:21<1:41:23,  4.15s/it]Best trial: 16. Best value: 2.62934:   2%|▏         | 33/1500 [02:21<1:41:23,  4.15s/it]Best trial: 16. Best value: 2.62934:   2%|▏         | 34/1500 [02:21<1:26:21,  3.53s/it]                                                                                        Best trial: 16. Best value: 2.62934:   2%|▏         | 34/1500 [02:27<1:26:21,  3.53s/it]Best trial: 16. Best value: 2.62934:   2%|▏         | 34/1500 [02:27<1:26:21,  3.53s/it]Best trial: 16. Best value: 2.62934:   2%|▏         | 35/1500 [02:27<1:41:02,  4.14s/it]                                                                                        Best trial: 16. Best value: 2.62934:   2%|▏         | 35/1500 [02:32<1:41:02,  4.14s/it]Best trial: 16. Best value: 2.62934:   2%|▏         | 35/1500 [02:32<1:41:02,  4.14s/it]Best trial: 16. Best value: 2.62934:   2%|▏         | 36/1500 [02:32<1:51:50,  4.58s/it]                                                                                        
[I 2026-05-02 21:39:32,073] Trial 25 finished with value: 5.535242328568377 and parameters: {'f_n': 2.293936000888812e-08, 'K_d': 907085.4141714581, 'rho_d': 7322382158664.306, 'fission_rate': 5.493179461062811e+19, 'Dg_D1_scale': 2.758179123299131, 'Dg_D3_scale': 1.258653704432859, 'Dv_D1_scale': 1.5955289875871415, 'Dv_D2_scale': 1.1257041082393489, 'b_bulk_scale': 0.49427143336519824, 'b_dislocation_scale': 0.08076340979972878, 'gb_scale': 4.211390740132767, 'gd_bubble_scale': 0.6494292392976493, 'gd_line_scale': 9.930851718944785, 'gd_line_alpha': 0.14588202070499492, 'coalescence_d_scale': 0.4173245771072881, 'capture_scale': 0.2300224649498081}. Best is trial 16 with value: 2.6293409308463893.
[I 2026-05-02 21:39:36,615] Trial 26 finished with value: 3.0421702421746635 and parameters: {'f_n': 7.382924260747841e-08, 'K_d': 258348.81145232482, 'rho_d': 10492463296061.87, 'fission_rate': 6.312292632405728e+19, 'Dg_D1_scale': 1.2179104982382323, 'Dg_D3_scale': 2.40242693421744, 'Dv_D1_scale': 0.9712181660737161, 'Dv_D2_scale': 0.5894629451016918, 'b_bulk_scale': 0.17004487524192577, 'b_dislocation_scale': 0.3218409527834815, 'gb_scale': 1.8416088207383325, 'gd_bubble_scale': 4.308690377671755, 'gd_line_scale': 2.919796612236404, 'gd_line_alpha': 0.07429021593630686, 'coalescence_d_scale': 0.7634199972207609, 'capture_scale': 1.9140967459759854}. Best is trial 16 with value: 2.6293409308463893.
[I 2026-05-02 21:39:40,301] Trial 27 finished with value: 4.065480701392859 and parameters: {'f_n': 8.672147589111827e-08, 'K_d': 251343.68339314326, 'rho_d': 10107283447949.658, 'fission_rate': 6.455567963633743e+19, 'Dg_D1_scale': 1.1297998350363578, 'Dg_D3_scale': 2.5152143226807415, 'Dv_D1_scale': 0.9314328963878565, 'Dv_D2_scale': 0.6272183082195518, 'b_bulk_scale': 0.06378352494135872, 'b_dislocation_scale': 0.33202278681710445, 'gb_scale': 1.6585757745355254, 'gd_bubble_scale': 2.95835732965337, 'gd_line_scale': 3.311854614083943, 'gd_line_alpha': 0.3667728352839909, 'coalescence_d_scale': 1.8385165926879128, 'capture_scale': 4.6142249842268175}. Best is trial 16 with value: 2.6293409308463893.
[I 2026-05-02 21:39:43,403] Trial 28 finished with value: 3.5775258627531605 and parameters: {'f_n': 1.282801193667508e-07, 'K_d': 301936.3891104612, 'rho_d': 17276979884893.701, 'fission_rate': 7.62237040923611e+19, 'Dg_D1_scale': 1.1362081927016792, 'Dg_D3_scale': 0.5899699950317787, 'Dv_D1_scale': 1.5537908658187196, 'Dv_D2_scale': 0.4537084002522131, 'b_bulk_scale': 0.15428532524191851, 'b_dislocation_scale': 0.516074771145385, 'gb_scale': 0.7170622212547945, 'gd_bubble_scale': 4.361182045247634, 'gd_line_scale': 1.4889130592120439, 'gd_line_alpha': 0.0948168001101177, 'coalescence_d_scale': 0.8637254922698966, 'capture_scale': 1.7213988780395044}. Best is trial 16 with value: 2.6293409308463893.
[I 2026-05-02 21:39:46,283] Trial 29 finished with value: 4.528379949334175 and parameters: {'f_n': 2.989986708366689e-08, 'K_d': 485335.10414503695, 'rho_d': 11705813568882.525, 'fission_rate': 7.031821989289551e+19, 'Dg_D1_scale': 0.6371312164768482, 'Dg_D3_scale': 0.3415978603874682, 'Dv_D1_scale': 1.394546939733003, 'Dv_D2_scale': 0.38861411937785023, 'b_bulk_scale': 0.16055182513713703, 'b_dislocation_scale': 1.4341037602808455, 'gb_scale': 1.967075341960491, 'gd_bubble_scale': 5.559513219900172, 'gd_line_scale': 0.7160365790221379, 'gd_line_alpha': 0.5227025399352361, 'coalescence_d_scale': 1.5869907871733182, 'capture_scale': 1.8211983595616654}. Best is trial 16 with value: 2.6293409308463893.
[I 2026-05-02 21:39:50,444] Trial 30 finished with value: 3.625886883322565 and parameters: {'f_n': 1.0490220061296979e-08, 'K_d': 220384.3052325737, 'rho_d': 9026304589895.912, 'fission_rate': 7.345077453596981e+19, 'Dg_D1_scale': 0.18831333392810987, 'Dg_D3_scale': 0.780965169638693, 'Dv_D1_scale': 2.1421549207372017, 'Dv_D2_scale': 0.5710544327433772, 'b_bulk_scale': 0.3377096889597944, 'b_dislocation_scale': 0.2734584725685528, 'gb_scale': 1.2973360801067582, 'gd_bubble_scale': 2.230920178834787, 'gd_line_scale': 5.411250951244645, 'gd_line_alpha': 0.7287620329060296, 'coalescence_d_scale': 0.5769806270885993, 'capture_scale': 0.786133045341298}. Best is trial 16 with value: 2.6293409308463893.
[I 2026-05-02 21:39:55,300] Trial 31 finished with value: 3.1938679399599605 and parameters: {'f_n': 2.7089206215550413e-09, 'K_d': 136539.74424821607, 'rho_d': 6455726909465.447, 'fission_rate': 6.148662065059106e+19, 'Dg_D1_scale': 1.6046703725365843, 'Dg_D3_scale': 2.1215822578102346, 'Dv_D1_scale': 0.606463891777657, 'Dv_D2_scale': 1.343203743713049, 'b_bulk_scale': 0.22700150701477556, 'b_dislocation_scale': 0.18763380889755435, 'gb_scale': 3.1768808602056486, 'gd_bubble_scale': 1.0455854765375256, 'gd_line_scale': 2.4608513310919538, 'gd_line_alpha': 0.00950504201442147, 'coalescence_d_scale': 0.28074265491926526, 'capture_scale': 4.577040306548586}. Best is trial 16 with value: 2.6293409308463893.
[I 2026-05-02 21:39:59,655] Trial 32 finished with value: 4.012993002125077 and parameters: {'f_n': 6.921091441854332e-09, 'K_d': 157443.35184211476, 'rho_d': 8207359045716.643, 'fission_rate': 6.276458181145001e+19, 'Dg_D1_scale': 1.5019299608882266, 'Dg_D3_scale': 2.23045486713366, 'Dv_D1_scale': 0.9729180604481781, 'Dv_D2_scale': 1.415855696121663, 'b_bulk_scale': 0.19123400621630116, 'b_dislocation_scale': 0.18159592360454194, 'gb_scale': 5.474873917790772, 'gd_bubble_scale': 1.10976786291424, 'gd_line_scale': 0.7873795193093546, 'gd_line_alpha': 0.060824863572759034, 'coalescence_d_scale': 0.29076216759627516, 'capture_scale': 3.9263608442195563}. Best is trial 16 with value: 2.6293409308463893.
[I 2026-05-02 21:40:01,762] Trial 33 finished with value: 4.03482181442759 and parameters: {'f_n': 7.545192140339584e-08, 'K_d': 302370.568321353, 'rho_d': 6425337677352.095, 'fission_rate': 5.630835273311826e+19, 'Dg_D1_scale': 1.2588971070885078, 'Dg_D3_scale': 2.1547846536607724, 'Dv_D1_scale': 0.6426489427259445, 'Dv_D2_scale': 0.3979438988174315, 'b_bulk_scale': 0.10308620342432943, 'b_dislocation_scale': 0.45262618153947454, 'gb_scale': 0.9506292069286632, 'gd_bubble_scale': 1.9103947696116512, 'gd_line_scale': 2.5339556304417994, 'gd_line_alpha': 0.15331019459777712, 'coalescence_d_scale': 0.771668901409866, 'capture_scale': 7.2657158902303385}. Best is trial 16 with value: 2.6293409308463893.
[I 2026-05-02 21:40:07,307] Trial 34 finished with value: 3.332231903213222 and parameters: {'f_n': 1.5468081598700287e-09, 'K_d': 777127.6773199092, 'rho_d': 13693007038616.703, 'fission_rate': 5.260851717552316e+19, 'Dg_D1_scale': 0.893913023997351, 'Dg_D3_scale': 0.9621469871723392, 'Dv_D1_scale': 0.45588370121976324, 'Dv_D2_scale': 0.9068273371466684, 'b_bulk_scale': 0.28868832113795856, 'b_dislocation_scale': 0.3069906311965877, 'gb_scale': 2.3183533949527404, 'gd_bubble_scale': 4.537468999938808, 'gd_line_scale': 3.2090686072463965, 'gd_line_alpha': 0.9804160303911034, 'coalescence_d_scale': 1.0967924462058878, 'capture_scale': 2.4658166223222207}. Best is trial 16 with value: 2.6293409308463893.
[I 2026-05-02 21:40:12,931] Trial 35 finished with value: 3.0632245030813143 and parameters: {'f_n': 3.493874007787962e-08, 'K_d': 446063.25657037715, 'rho_d': 10918424166450.076, 'fission_rate': 4.664421571985408e+19, 'Dg_D1_scale': 1.6866186445954323, 'Dg_D3_scale': 1.2797911550408247, 'Dv_D1_scale': 0.39127418514955614, 'Dv_D2_scale': 0.2972412655083002, 'b_bulk_scale': 0.044871646560429225, 'b_dislocation_scale': 0.09719133889342695, 'gb_scale': 3.643062200027194, 'gd_bubble_scale': 0.9357494572648533, 'gd_line_scale': 1.66073022653616, 'gd_line_alpha': 0.20097938485519928, 'coalescence_d_scale': 0.4938625366241717, 'capture_scale': 1.1984265776133736}. Best is trial 16 with value: 2.6293409308463893.
