[I 2026-05-02 22:11:47,626] Trial 486 finished with value: 2.459077023853658 and parameters: {'f_n': 2.113790618034632e-06, 'K_d': 259610.20087748245, 'rho_d': 31479999347314.746, 'fission_rate': 5.976277468182275e+19, 'Dg_D1_scale': 1.9328019593665777, 'Dg_D3_scale': 3.517748842901521, 'Dv_D1_scale': 0.23634118401688783, 'Dv_D2_scale': 3.3327041989625714, 'b_bulk_scale': 0.20908305063926663, 'b_dislocation_scale': 0.2021784207013606, 'gb_scale': 6.28502659190709, 'gd_bubble_scale': 0.2585067016760427, 'gd_line_scale': 6.413549012052685, 'gd_line_alpha': 0.8203882991576454, 'coalescence_d_scale': 1.6873640188029073, 'capture_scale': 2.33075226354054}. Best is trial 444 with value: 2.0614202321115003.
[I 2026-05-02 22:11:52,718] Trial 487 finished with value: 2.1261507944154543 and parameters: {'f_n': 1.5744152372622198e-06, 'K_d': 220772.7385952558, 'rho_d': 39636693749314.12, 'fission_rate': 5.779784004882864e+19, 'Dg_D1_scale': 1.5371439102408557, 'Dg_D3_scale': 3.7729349715061313, 'Dv_D1_scale': 0.2668718861331717, 'Dv_D2_scale': 2.708060632197839, 'b_bulk_scale': 0.15908993512638955, 'b_dislocation_scale': 0.24063827115205064, 'gb_scale': 7.374263076289745, 'gd_bubble_scale': 0.4036505437555112, 'gd_line_scale': 7.0467060435592845, 'gd_line_alpha': 0.7959247227435292, 'coalescence_d_scale': 0.3184297103337816, 'capture_scale': 2.5669448218776436}. Best is trial 444 with value: 2.0614202321115003.
[I 2026-05-02 22:11:57,556] Trial 488 finished with value: 2.2888334860667414 and parameters: {'f_n': 2.4918704898010736e-06, 'K_d': 204578.8704308527, 'rho_d': 34037999074894.625, 'fission_rate': 6.072629447534603e+19, 'Dg_D1_scale': 1.69089809603186, 'Dg_D3_scale': 2.9733866810990834, 'Dv_D1_scale': 0.22224807810731353, 'Dv_D2_scale': 0.7616424982727463, 'b_bulk_scale': 0.13338414545388155, 'b_dislocation_scale': 0.18020556768903903, 'gb_scale': 7.997063048808309, 'gd_bubble_scale': 0.35146957195889644, 'gd_line_scale': 8.240284311345366, 'gd_line_alpha': 0.7690542688521004, 'coalescence_d_scale': 0.35396434916351044, 'capture_scale': 3.143912644515591}. Best is trial 444 with value: 2.0614202321115003.
[I 2026-05-02 22:12:02,789] Trial 489 finished with value: 4.40971239455376 and parameters: {'f_n': 1.824419108047977e-06, 'K_d': 213855.22833620515, 'rho_d': 35850243730404.44, 'fission_rate': 5.569618862674016e+19, 'Dg_D1_scale': 1.823005415842987, 'Dg_D3_scale': 3.435620638894845, 'Dv_D1_scale': 0.21412542209453553, 'Dv_D2_scale': 2.5397004270631305, 'b_bulk_scale': 0.149975507250618, 'b_dislocation_scale': 0.1459022011459974, 'gb_scale': 0.07056276689595364, 'gd_bubble_scale': 0.6396696969131714, 'gd_line_scale': 5.990461739956165, 'gd_line_alpha': 0.8242432542940217, 'coalescence_d_scale': 0.2863581236768947, 'capture_scale': 1.1695364855175867}. Best is trial 444 with value: 2.0614202321115003.
[I 2026-05-02 22:12:07,768] Trial 490 finished with value: 2.1746547158694938 and parameters: {'f_n': 2.978676695526062e-06, 'K_d': 232141.22680889105, 'rho_d': 31469849758875.297, 'fission_rate': 5.877149657167252e+19, 'Dg_D1_scale': 1.9970593785877924, 'Dg_D3_scale': 3.1842371070203757, 'Dv_D1_scale': 0.5370367817511769, 'Dv_D2_scale': 2.8520531176234627, 'b_bulk_scale': 0.18151088393898362, 'b_dislocation_scale': 0.22176040496175006, 'gb_scale': 6.545679621916734, 'gd_bubble_scale': 0.5290781202827279, 'gd_line_scale': 7.500810702874873, 'gd_line_alpha': 0.7590867529197715, 'coalescence_d_scale': 0.2578607556336534, 'capture_scale': 1.9936110534741749}. Best is trial 444 with value: 2.0614202321115003.
[I 2026-05-02 22:12:11,353] Trial 491 finished with value: 2.2194566156756 and parameters: {'f_n': 1.2893203315375657e-06, 'K_d': 199768.0479068941, 'rho_d': 33730368262530.684, 'fission_rate': 5.697471632997124e+19, 'Dg_D1_scale': 2.1954847178198738, 'Dg_D3_scale': 3.9978691580656824, 'Dv_D1_scale': 0.24838612248732897, 'Dv_D2_scale': 3.045438436958968, 'b_bulk_scale': 0.16784927448772274, 'b_dislocation_scale': 0.1990320308022518, 'gb_scale': 5.904400192429049, 'gd_bubble_scale': 0.4471270802558066, 'gd_line_scale': 6.614258530118702, 'gd_line_alpha': 0.7943017979930983, 'coalescence_d_scale': 0.30248576456090664, 'capture_scale': 3.4514539470561756}. Best is trial 444 with value: 2.0614202321115003.
[I 2026-05-02 22:12:16,675] Trial 492 finished with value: 2.153992025574716 and parameters: {'f_n': 2.0986815377871763e-06, 'K_d': 222883.2937845026, 'rho_d': 42234256405263.36, 'fission_rate': 5.498858383947368e+19, 'Dg_D1_scale': 1.860342458352897, 'Dg_D3_scale': 2.823105468438619, 'Dv_D1_scale': 0.22853403915158882, 'Dv_D2_scale': 2.738337715180314, 'b_bulk_scale': 0.2236204139915576, 'b_dislocation_scale': 0.16650288623559534, 'gb_scale': 7.9847292425857805, 'gd_bubble_scale': 0.7913712405856005, 'gd_line_scale': 5.084999394386249, 'gd_line_alpha': 0.8582504898970337, 'coalescence_d_scale': 0.3657466278431364, 'capture_scale': 2.264308744530297}. Best is trial 444 with value: 2.0614202321115003.Best trial: 444. Best value: 2.06142:  33%|███▎      | 492/1500 [34:36<1:16:11,  4.54s/it]Best trial: 444. Best value: 2.06142:  33%|███▎      | 492/1500 [34:36<1:16:11,  4.54s/it]Best trial: 444. Best value: 2.06142:  33%|███▎      | 493/1500 [34:36<1:20:04,  4.77s/it]                                                                                          Best trial: 444. Best value: 2.06142:  33%|███▎      | 493/1500 [34:41<1:20:04,  4.77s/it]Best trial: 444. Best value: 2.06142:  33%|███▎      | 493/1500 [34:41<1:20:04,  4.77s/it]Best trial: 444. Best value: 2.06142:  33%|███▎      | 494/1500 [34:41<1:19:07,  4.72s/it]                                                                                          Best trial: 444. Best value: 2.06142:  33%|███▎      | 494/1500 [34:45<1:19:07,  4.72s/it]Best trial: 444. Best value: 2.06142:  33%|███▎      | 494/1500 [34:45<1:19:07,  4.72s/it]Best trial: 444. Best value: 2.06142:  33%|███▎      | 495/1500 [34:45<1:17:32,  4.63s/it]                                                                                          Best trial: 444. Best value: 2.06142:  33%|███▎      | 495/1500 [34:49<1:17:32,  4.63s/it]Best trial: 444. Best value: 2.06142:  33%|███▎      | 495/1500 [34:50<1:17:32,  4.63s/it]Best trial: 444. Best value: 2.06142:  33%|███▎      | 496/1500 [34:50<1:15:52,  4.53s/it]                                                                                          Best trial: 444. Best value: 2.06142:  33%|███▎      | 496/1500 [34:54<1:15:52,  4.53s/it]Best trial: 444. Best value: 2.06142:  33%|███▎      | 496/1500 [34:54<1:15:52,  4.53s/it]Best trial: 444. Best value: 2.06142:  33%|███▎      | 497/1500 [34:54<1:17:40,  4.65s/it]                                                                                          Best trial: 444. Best value: 2.06142:  33%|███▎      | 497/1500 [34:58<1:17:40,  4.65s/it]Best trial: 444. Best value: 2.06142:  33%|███▎      | 497/1500 [34:58<1:17:40,  4.65s/it]Best trial: 444. Best value: 2.06142:  33%|███▎      | 498/1500 [34:58<1:12:12,  4.32s/it]                                                                                          Best trial: 444. Best value: 2.06142:  33%|███▎      | 498/1500 [35:01<1:12:12,  4.32s/it]Best trial: 444. Best value: 2.06142:  33%|███▎      | 498/1500 [35:01<1:12:12,  4.32s/it]Best trial: 444. Best value: 2.06142:  33%|███▎      | 499/1500 [35:01<1:04:35,  3.87s/it]                                                                                          Best trial: 444. Best value: 2.06142:  33%|███▎      | 499/1500 [35:06<1:04:35,  3.87s/it]Best trial: 444. Best value: 2.06142:  33%|███▎      | 499/1500 [35:06<1:04:35,  3.87s/it]Best trial: 444. Best value: 2.06142:  33%|███▎      | 500/1500 [35:06<1:10:23,  4.22s/it]                                                                                          Best trial: 444. Best value: 2.06142:  33%|███▎      | 500/1500 [35:11<1:10:23,  4.22s/it]Best trial: 444. Best value: 2.06142:  33%|███▎      | 500/1500 [35:11<1:10:23,  4.22s/it]Best trial: 444. Best value: 2.06142:  33%|███▎      | 501/1500 [35:11<1:14:14,  4.46s/it]                                                                                          Best trial: 444. Best value: 2.06142:  33%|███▎      | 501/1500 [35:14<1:14:14,  4.46s/it]Best trial: 444. Best value: 2.06142:  33%|███▎      | 501/1500 [35:14<1:14:14,  4.46s/it]Best trial: 444. Best value: 2.06142:  33%|███▎      | 502/1500 [35:14<1:09:26,  4.17s/it]                                                                                          Best trial: 444. Best value: 2.06142:  33%|███▎      | 502/1500 [35:19<1:09:26,  4.17s/it]Best trial: 444. Best value: 2.06142:  33%|███▎      | 502/1500 [35:19<1:09:26,  4.17s/it]Best trial: 444. Best value: 2.06142:  34%|███▎      | 503/1500 [35:19<1:11:28,  4.30s/it]                                                                                          Best trial: 444. Best value: 2.06142:  34%|███▎      | 503/1500 [35:23<1:11:28,  4.30s/it]Best trial: 444. Best value: 2.06142:  34%|███▎      | 503/1500 [35:23<1:11:28,  4.30s/it]Best trial: 444. Best value: 2.06142:  34%|███▎      | 504/1500 [35:23<1:12:12,  4.35s/it]                                                                                          
[I 2026-05-02 22:12:21,269] Trial 493 finished with value: 2.208886857561848 and parameters: {'f_n': 2.502795913078865e-06, 'K_d': 202880.24537468937, 'rho_d': 36930040210310.484, 'fission_rate': 6.703387595000165e+19, 'Dg_D1_scale': 2.409269895720267, 'Dg_D3_scale': 3.5646400630257964, 'Dv_D1_scale': 0.21366670959892267, 'Dv_D2_scale': 3.2739253138443094, 'b_bulk_scale': 0.19852971618475404, 'b_dislocation_scale': 0.21485568673327457, 'gb_scale': 6.832438067204191, 'gd_bubble_scale': 0.3046522337823748, 'gd_line_scale': 8.46926135206677, 'gd_line_alpha': 0.8059509950194376, 'coalescence_d_scale': 0.24415271532445984, 'capture_scale': 3.9997567500788187}. Best is trial 444 with value: 2.0614202321115003.
[I 2026-05-02 22:12:25,688] Trial 494 finished with value: 3.8759220177039655 and parameters: {'f_n': 1.6514739828534544e-06, 'K_d': 213308.71928177634, 'rho_d': 29228494212051.867, 'fission_rate': 6.8539105319779525e+19, 'Dg_D1_scale': 1.7481559558491586, 'Dg_D3_scale': 2.31126934159732, 'Dv_D1_scale': 3.4363542092432597, 'Dv_D2_scale': 2.4375331508635334, 'b_bulk_scale': 1.0785365821992114, 'b_dislocation_scale': 0.2492636628706282, 'gb_scale': 7.281466860348703, 'gd_bubble_scale': 0.359102409150459, 'gd_line_scale': 5.468562947893641, 'gd_line_alpha': 0.7761616017089897, 'coalescence_d_scale': 0.2794153847630731, 'capture_scale': 1.4990600647364105}. Best is trial 444 with value: 2.0614202321115003.
[I 2026-05-02 22:12:30,004] Trial 495 finished with value: 2.1731643632934796 and parameters: {'f_n': 2.13428038927386e-06, 'K_d': 230832.81251945213, 'rho_d': 32806281442105.625, 'fission_rate': 7.0121551120847725e+19, 'Dg_D1_scale': 2.029338250776252, 'Dg_D3_scale': 3.3035087484930203, 'Dv_D1_scale': 0.23942856507259086, 'Dv_D2_scale': 2.85675762233293, 'b_bulk_scale': 0.14350196183934405, 'b_dislocation_scale': 0.18314833690144008, 'gb_scale': 5.5074870620651275, 'gd_bubble_scale': 0.586989570060644, 'gd_line_scale': 7.14798325111046, 'gd_line_alpha': 0.8401045606285447, 'coalescence_d_scale': 0.10215866228772084, 'capture_scale': 5.371779250757232}. Best is trial 444 with value: 2.0614202321115003.
[I 2026-05-02 22:12:34,913] Trial 496 finished with value: 2.214130474797977 and parameters: {'f_n': 1.3829053696969254e-06, 'K_d': 253428.22807346616, 'rho_d': 38263324830454.49, 'fission_rate': 5.941905682962559e+19, 'Dg_D1_scale': 1.6368574198431163, 'Dg_D3_scale': 3.7287022720687566, 'Dv_D1_scale': 0.2655446168299241, 'Dv_D2_scale': 3.1202373483636987, 'b_bulk_scale': 0.18465673376820144, 'b_dislocation_scale': 0.1967340354708378, 'gb_scale': 6.66219013056264, 'gd_bubble_scale': 0.4788577306945842, 'gd_line_scale': 6.235237328615473, 'gd_line_alpha': 0.7446495992880844, 'coalescence_d_scale': 0.3178997095411525, 'capture_scale': 2.881945000046603}. Best is trial 444 with value: 2.0614202321115003.
[I 2026-05-02 22:12:38,485] Trial 497 finished with value: 4.797162014590279 and parameters: {'f_n': 2.542977210682065e-06, 'K_d': 202034.30671195575, 'rho_d': 30612441640010.355, 'fission_rate': 6.7312967702321316e+19, 'Dg_D1_scale': 1.9117593975175817, 'Dg_D3_scale': 3.0127790947053135, 'Dv_D1_scale': 0.22523416552754158, 'Dv_D2_scale': 2.2853884410240846, 'b_bulk_scale': 0.15908428905377536, 'b_dislocation_scale': 0.15558772325759132, 'gb_scale': 4.837687901215445, 'gd_bubble_scale': 0.37931708804923736, 'gd_line_scale': 0.06220472799511118, 'gd_line_alpha': 0.815519740917122, 'coalescence_d_scale': 0.2522262956064571, 'capture_scale': 2.499173224769034}. Best is trial 444 with value: 2.0614202321115003.
[I 2026-05-02 22:12:41,298] Trial 498 finished with value: 4.2641585537055935 and parameters: {'f_n': 8.977022701107112e-10, 'K_d': 307575.1106473241, 'rho_d': 34800880342305.965, 'fission_rate': 6.826634305920054e+19, 'Dg_D1_scale': 1.4992307947366674, 'Dg_D3_scale': 3.9947444048251, 'Dv_D1_scale': 0.251984755993683, 'Dv_D2_scale': 2.6105551619025835, 'b_bulk_scale': 0.12960825157882597, 'b_dislocation_scale': 0.22477047482240914, 'gb_scale': 6.051496060312526, 'gd_bubble_scale': 0.4219993968187361, 'gd_line_scale': 7.9433971586716305, 'gd_line_alpha': 0.7945371840713371, 'coalescence_d_scale': 0.3351635039064635, 'capture_scale': 0.9107789300335138}. Best is trial 444 with value: 2.0614202321115003.
[I 2026-05-02 22:12:46,344] Trial 499 finished with value: 2.355669222196529 and parameters: {'f_n': 1.751427314994819e-06, 'K_d': 238936.44105565568, 'rho_d': 36540412154209.055, 'fission_rate': 5.774167876763409e+19, 'Dg_D1_scale': 1.760902701213759, 'Dg_D3_scale': 3.4906565021568796, 'Dv_D1_scale': 0.21304306872484535, 'Dv_D2_scale': 2.9705344895325037, 'b_bulk_scale': 0.17308030402267408, 'b_dislocation_scale': 0.1757138711860239, 'gb_scale': 7.991940568036327, 'gd_bubble_scale': 0.3287584427750299, 'gd_line_scale': 8.87360378458513, 'gd_line_alpha': 0.8789630437851861, 'coalescence_d_scale': 0.2873060607560358, 'capture_scale': 1.8616592257162465}. Best is trial 444 with value: 2.0614202321115003.
[I 2026-05-02 22:12:51,303] Trial 500 finished with value: 2.659435121762331 and parameters: {'f_n': 1.076448254627805e-06, 'K_d': 278408.7645250073, 'rho_d': 32576601767223.19, 'fission_rate': 6.9441015534952595e+19, 'Dg_D1_scale': 2.1164773887895185, 'Dg_D3_scale': 2.525086913278835, 'Dv_D1_scale': 0.23876328200624827, 'Dv_D2_scale': 2.7236635704779713, 'b_bulk_scale': 0.20373514597422038, 'b_dislocation_scale': 0.10799480131184976, 'gb_scale': 7.127614226670051, 'gd_bubble_scale': 0.5463913792266692, 'gd_line_scale': 6.849173543365932, 'gd_line_alpha': 0.7580446972985, 'coalescence_d_scale': 0.3699067203414677, 'capture_scale': 4.463198748415595}. Best is trial 444 with value: 2.0614202321115003.
[I 2026-05-02 22:12:54,866] Trial 501 finished with value: 4.666311193046832 and parameters: {'f_n': 2.1283978247992353e-06, 'K_d': 217985.43790329742, 'rho_d': 34791620047055.47, 'fission_rate': 7.2535111882302505e+19, 'Dg_D1_scale': 1.6540077859945344, 'Dg_D3_scale': 3.2636042938903937, 'Dv_D1_scale': 1.3735929141147816, 'Dv_D2_scale': 2.547048836584634, 'b_bulk_scale': 0.2372024437246623, 'b_dislocation_scale': 0.252302322995867, 'gb_scale': 6.789838909361183, 'gd_bubble_scale': 0.674764049611951, 'gd_line_scale': 0.15821296285339836, 'gd_line_alpha': 0.831610202861309, 'coalescence_d_scale': 0.2621855651723263, 'capture_scale': 3.6074553768889155}. Best is trial 444 with value: 2.0614202321115003.
[I 2026-05-02 22:12:59,460] Trial 502 finished with value: 4.473065285411162 and parameters: {'f_n': 2.448394408543106e-10, 'K_d': 198230.24637219575, 'rho_d': 40494115162257.77, 'fission_rate': 6.674960400921161e+19, 'Dg_D1_scale': 1.8672691833254045, 'Dg_D3_scale': 3.7164121070849148, 'Dv_D1_scale': 0.22551430472630088, 'Dv_D2_scale': 2.8784573341547333, 'b_bulk_scale': 0.1584536035962547, 'b_dislocation_scale': 0.12738208918793284, 'gb_scale': 7.96542467317567, 'gd_bubble_scale': 0.45599450848625295, 'gd_line_scale': 6.1690951695163525, 'gd_line_alpha': 0.7784230797042547, 'coalescence_d_scale': 0.3134727958074672, 'capture_scale': 2.184337006247826}. Best is trial 444 with value: 2.0614202321115003.
[I 2026-05-02 22:13:03,923] Trial 503 finished with value: 2.275824237083868 and parameters: {'f_n': 2.5532087163637496e-06, 'K_d': 243521.65669067757, 'rho_d': 30992231018233.926, 'fission_rate': 6.77804335149556e+19, 'Dg_D1_scale': 1.9637866179989927, 'Dg_D3_scale': 2.774643584904949, 'Dv_D1_scale': 0.2111324758281024, 'Dv_D2_scale': 0.9846870476570566, 'b_bulk_scale': 0.13929072209754306, 'b_dislocation_scale': 0.20195215039282388, 'gb_scale': 6.13130728977516, 'gd_bubble_scale': 0.5215758996020357, 'gd_line_scale': 7.701300615902966, 'gd_line_alpha': 0.7337075654257935, 'coalescence_d_scale': 0.21810468886182738, 'capture_scale': 2.906526068000619}. Best is trial 444 with value: 2.0614202321115003.
