[I 2026-05-02 22:02:21,531] Trial 360 finished with value: 2.2810081571354908 and parameters: {'f_n': 2.4898597785630864e-06, 'K_d': 230421.56401747628, 'rho_d': 40368278869316.92, 'fission_rate': 6.5312965648051495e+19, 'Dg_D1_scale': 1.680569397883486, 'Dg_D3_scale': 3.0295104925429337, 'Dv_D1_scale': 0.20004539184146305, 'Dv_D2_scale': 2.8386619382907075, 'b_bulk_scale': 0.17871268788772085, 'b_dislocation_scale': 0.1736048302525672, 'gb_scale': 5.873782920005084, 'gd_bubble_scale': 0.07060609917543055, 'gd_line_scale': 7.171178056878161, 'gd_line_alpha': 0.7736042574183474, 'coalescence_d_scale': 0.2319674691389273, 'capture_scale': 1.7992095369656262}. Best is trial 316 with value: 2.112201451402938.Best trial: 316. Best value: 2.1122:  24%|██▍       | 360/1500 [24:41<1:22:04,  4.32s/it]Best trial: 316. Best value: 2.1122:  24%|██▍       | 360/1500 [24:41<1:22:04,  4.32s/it]Best trial: 316. Best value: 2.1122:  24%|██▍       | 361/1500 [24:41<1:23:30,  4.40s/it]                                                                                         Best trial: 316. Best value: 2.1122:  24%|██▍       | 361/1500 [24:45<1:23:30,  4.40s/it]Best trial: 316. Best value: 2.1122:  24%|██▍       | 361/1500 [24:46<1:23:30,  4.40s/it]Best trial: 316. Best value: 2.1122:  24%|██▍       | 362/1500 [24:46<1:23:46,  4.42s/it]                                                                                         Best trial: 316. Best value: 2.1122:  24%|██▍       | 362/1500 [24:49<1:23:46,  4.42s/it]Best trial: 316. Best value: 2.1122:  24%|██▍       | 362/1500 [24:49<1:23:46,  4.42s/it]Best trial: 316. Best value: 2.1122:  24%|██▍       | 363/1500 [24:49<1:18:00,  4.12s/it]                                                                                         Best trial: 316. Best value: 2.1122:  24%|██▍       | 363/1500 [24:52<1:18:00,  4.12s/it]Best trial: 316. Best value: 2.1122:  24%|██▍       | 363/1500 [24:52<1:18:00,  4.12s/it]Best trial: 316. Best value: 2.1122:  24%|██▍       | 364/1500 [24:52<1:10:21,  3.72s/it]                                                                                         Best trial: 316. Best value: 2.1122:  24%|██▍       | 364/1500 [24:56<1:10:21,  3.72s/it]Best trial: 316. Best value: 2.1122:  24%|██▍       | 364/1500 [24:56<1:10:21,  3.72s/it]Best trial: 316. Best value: 2.1122:  24%|██▍       | 365/1500 [24:56<1:14:53,  3.96s/it]                                                                                         Best trial: 316. Best value: 2.1122:  24%|██▍       | 365/1500 [25:01<1:14:53,  3.96s/it]Best trial: 316. Best value: 2.1122:  24%|██▍       | 365/1500 [25:01<1:14:53,  3.96s/it]Best trial: 316. Best value: 2.1122:  24%|██▍       | 366/1500 [25:01<1:17:49,  4.12s/it]                                                                                         Best trial: 316. Best value: 2.1122:  24%|██▍       | 366/1500 [25:05<1:17:49,  4.12s/it]Best trial: 316. Best value: 2.1122:  24%|██▍       | 366/1500 [25:05<1:17:49,  4.12s/it]Best trial: 316. Best value: 2.1122:  24%|██▍       | 367/1500 [25:05<1:18:49,  4.17s/it]                                                                                         Best trial: 316. Best value: 2.1122:  24%|██▍       | 367/1500 [25:10<1:18:49,  4.17s/it]Best trial: 316. Best value: 2.1122:  24%|██▍       | 367/1500 [25:10<1:18:49,  4.17s/it]Best trial: 316. Best value: 2.1122:  25%|██▍       | 368/1500 [25:10<1:20:55,  4.29s/it]                                                                                         Best trial: 316. Best value: 2.1122:  25%|██▍       | 368/1500 [25:14<1:20:55,  4.29s/it]Best trial: 316. Best value: 2.1122:  25%|██▍       | 368/1500 [25:14<1:20:55,  4.29s/it]Best trial: 316. Best value: 2.1122:  25%|██▍       | 369/1500 [25:14<1:22:40,  4.39s/it]                                                                                         Best trial: 316. Best value: 2.1122:  25%|██▍       | 369/1500 [25:18<1:22:40,  4.39s/it]Best trial: 316. Best value: 2.1122:  25%|██▍       | 369/1500 [25:18<1:22:40,  4.39s/it]Best trial: 316. Best value: 2.1122:  25%|██▍       | 370/1500 [25:18<1:20:36,  4.28s/it]                                                                                         Best trial: 316. Best value: 2.1122:  25%|██▍       | 370/1500 [25:21<1:20:36,  4.28s/it]Best trial: 316. Best value: 2.1122:  25%|██▍       | 370/1500 [25:21<1:20:36,  4.28s/it]Best trial: 316. Best value: 2.1122:  25%|██▍       | 371/1500 [25:21<1:13:11,  3.89s/it]                                                                                         Best trial: 316. Best value: 2.1122:  25%|██▍       | 371/1500 [25:25<1:13:11,  3.89s/it]Best trial: 316. Best value: 2.1122:  25%|██▍       | 371/1500 [25:26<1:13:11,  3.89s/it]Best trial: 316. Best value: 2.1122:  25%|██▍       | 372/1500 [25:26<1:15:35,  4.02s/it]                                                                                         
[I 2026-05-02 22:02:25,988] Trial 361 finished with value: 2.1291506465856305 and parameters: {'f_n': 1.8545454100115175e-06, 'K_d': 190404.62302044083, 'rho_d': 35839033270506.75, 'fission_rate': 6.751071866644717e+19, 'Dg_D1_scale': 2.0757857132644957, 'Dg_D3_scale': 3.312770536138593, 'Dv_D1_scale': 0.22514790974840584, 'Dv_D2_scale': 2.959129763618379, 'b_bulk_scale': 0.1316619744621061, 'b_dislocation_scale': 0.22406293692215634, 'gb_scale': 7.952911482838116, 'gd_bubble_scale': 0.06306855280712732, 'gd_line_scale': 8.832300525588728, 'gd_line_alpha': 0.7517467785522054, 'coalescence_d_scale': 0.28988401958155363, 'capture_scale': 2.5656458702818914}. Best is trial 316 with value: 2.112201451402938.
[I 2026-05-02 22:02:29,409] Trial 362 finished with value: 4.871335595494348 and parameters: {'f_n': 1.6398000940807941e-06, 'K_d': 191244.87768783583, 'rho_d': 35599417971198.84, 'fission_rate': 6.9756250657906794e+19, 'Dg_D1_scale': 1.7126928342068606, 'Dg_D3_scale': 3.306184587726451, 'Dv_D1_scale': 0.6755263093610403, 'Dv_D2_scale': 2.8957966211936137, 'b_bulk_scale': 0.13632197739385277, 'b_dislocation_scale': 0.2231008179809961, 'gb_scale': 7.9242541761171505, 'gd_bubble_scale': 0.059938667160334906, 'gd_line_scale': 0.09832779052988974, 'gd_line_alpha': 0.7505512812865693, 'coalescence_d_scale': 0.28163062683749995, 'capture_scale': 2.657682531999755}. Best is trial 316 with value: 2.112201451402938.
[I 2026-05-02 22:02:32,191] Trial 363 finished with value: 3.3647459418978247 and parameters: {'f_n': 1.887597213530919e-06, 'K_d': 204831.9545616534, 'rho_d': 37792969191659.25, 'fission_rate': 6.758480495319384e+19, 'Dg_D1_scale': 1.8439040752595486, 'Dg_D3_scale': 3.4615090799208863, 'Dv_D1_scale': 0.22757325832615327, 'Dv_D2_scale': 2.647084085343734, 'b_bulk_scale': 0.13145842654754358, 'b_dislocation_scale': 0.20337340841647347, 'gb_scale': 7.225583637746254, 'gd_bubble_scale': 0.06561363827955513, 'gd_line_scale': 8.844515646260794, 'gd_line_alpha': 0.731897278010958, 'coalescence_d_scale': 2.908538820229639, 'capture_scale': 3.161443844165824}. Best is trial 316 with value: 2.112201451402938.
[I 2026-05-02 22:02:36,695] Trial 364 finished with value: 2.202784065179795 and parameters: {'f_n': 2.0101669190621864e-06, 'K_d': 190690.2497800307, 'rho_d': 35684044995383.23, 'fission_rate': 6.6231369758272365e+19, 'Dg_D1_scale': 1.5595853428249862, 'Dg_D3_scale': 3.1686581412256234, 'Dv_D1_scale': 0.22578082046602396, 'Dv_D2_scale': 2.9370143208794244, 'b_bulk_scale': 0.15860010206827388, 'b_dislocation_scale': 0.19031666362688124, 'gb_scale': 6.651558164410909, 'gd_bubble_scale': 0.07530612906139832, 'gd_line_scale': 8.38770021070562, 'gd_line_alpha': 0.7841987694064533, 'coalescence_d_scale': 0.2530852934925112, 'capture_scale': 2.422858284093289}. Best is trial 316 with value: 2.112201451402938.
[I 2026-05-02 22:02:41,203] Trial 365 finished with value: 5.197370811912531 and parameters: {'f_n': 8.921199950681575e-10, 'K_d': 213422.59081332508, 'rho_d': 39724109836294.52, 'fission_rate': 6.665301365547777e+19, 'Dg_D1_scale': 1.8797097913313392, 'Dg_D3_scale': 3.669145784197252, 'Dv_D1_scale': 0.6016492959883133, 'Dv_D2_scale': 2.490027360570976, 'b_bulk_scale': 0.7451230784052519, 'b_dislocation_scale': 0.22912457974878228, 'gb_scale': 7.992325836696219, 'gd_bubble_scale': 0.05523166677323648, 'gd_line_scale': 9.248857910700483, 'gd_line_alpha': 0.761250095818435, 'coalescence_d_scale': 0.2057425615216446, 'capture_scale': 3.748492765578056}. Best is trial 316 with value: 2.112201451402938.
[I 2026-05-02 22:02:45,510] Trial 366 finished with value: 2.1756513978011705 and parameters: {'f_n': 1.6121700417033205e-06, 'K_d': 200471.47973721547, 'rho_d': 37001015562038.13, 'fission_rate': 6.920917310678351e+19, 'Dg_D1_scale': 2.073687823901593, 'Dg_D3_scale': 2.886066986208058, 'Dv_D1_scale': 0.21256124470008939, 'Dv_D2_scale': 2.732001480464834, 'b_bulk_scale': 0.14317904495302852, 'b_dislocation_scale': 0.20508054046458957, 'gb_scale': 7.2696886456709615, 'gd_bubble_scale': 0.06457297492097147, 'gd_line_scale': 8.046738519925283, 'gd_line_alpha': 0.7995592195429713, 'coalescence_d_scale': 0.2817070210474152, 'capture_scale': 6.224870732586651}. Best is trial 316 with value: 2.112201451402938.
[I 2026-05-02 22:02:50,067] Trial 367 finished with value: 2.2452749698569514 and parameters: {'f_n': 2.5076566828891435e-06, 'K_d': 225115.39064595447, 'rho_d': 41692668966414.195, 'fission_rate': 6.501899689590702e+19, 'Dg_D1_scale': 1.7210661528331448, 'Dg_D3_scale': 3.351047028700024, 'Dv_D1_scale': 0.20012172807523435, 'Dv_D2_scale': 2.421921390727729, 'b_bulk_scale': 0.12927483089564562, 'b_dislocation_scale': 0.1720575590955249, 'gb_scale': 6.239708168073036, 'gd_bubble_scale': 0.07104911374995097, 'gd_line_scale': 7.20113874957375, 'gd_line_alpha': 0.7724364350871984, 'coalescence_d_scale': 0.25830561352660086, 'capture_scale': 4.381464337769939}. Best is trial 316 with value: 2.112201451402938.
[I 2026-05-02 22:02:54,674] Trial 368 finished with value: 2.5714257684566717 and parameters: {'f_n': 1.9629247070468386e-06, 'K_d': 1311492.4586699337, 'rho_d': 35323003810963.1, 'fission_rate': 6.7590554866474844e+19, 'Dg_D1_scale': 1.6131018134767676, 'Dg_D3_scale': 3.63816444177113, 'Dv_D1_scale': 0.2353238624149908, 'Dv_D2_scale': 2.941173101840115, 'b_bulk_scale': 0.16052838094253843, 'b_dislocation_scale': 0.18471544467564896, 'gb_scale': 6.813870855666072, 'gd_bubble_scale': 0.06157107567118585, 'gd_line_scale': 9.07968913736358, 'gd_line_alpha': 0.8143749550535051, 'coalescence_d_scale': 0.22888538348805215, 'capture_scale': 2.9249425035796706}. Best is trial 316 with value: 2.112201451402938.
[I 2026-05-02 22:02:58,705] Trial 369 finished with value: 2.536879485812474 and parameters: {'f_n': 2.5097423500551473e-06, 'K_d': 917266.5228130827, 'rho_d': 38497728296508.17, 'fission_rate': 7.1749335121821516e+19, 'Dg_D1_scale': 2.061914231479388, 'Dg_D3_scale': 3.069093722545136, 'Dv_D1_scale': 0.21202502183342892, 'Dv_D2_scale': 2.6509800492989752, 'b_bulk_scale': 0.15012559183040697, 'b_dislocation_scale': 0.21533825478799196, 'gb_scale': 5.9004727636618615, 'gd_bubble_scale': 0.07831798593578919, 'gd_line_scale': 7.764958005211042, 'gd_line_alpha': 0.7457023459449201, 'coalescence_d_scale': 0.2875038267723156, 'capture_scale': 2.364575988101531}. Best is trial 316 with value: 2.112201451402938.
[I 2026-05-02 22:03:01,691] Trial 370 finished with value: 2.216057973263522 and parameters: {'f_n': 1.5570033035284875e-06, 'K_d': 190976.29666653083, 'rho_d': 35105208303789.754, 'fission_rate': 6.588902519884845e+19, 'Dg_D1_scale': 1.8788717618289457, 'Dg_D3_scale': 3.307393971776337, 'Dv_D1_scale': 0.22440163571896687, 'Dv_D2_scale': 2.775536107964015, 'b_bulk_scale': 0.17234939884580724, 'b_dislocation_scale': 0.1628630774128344, 'gb_scale': 7.294304813291037, 'gd_bubble_scale': 0.06925327274999586, 'gd_line_scale': 7.065143724161776, 'gd_line_alpha': 0.788510396433454, 'coalescence_d_scale': 0.25629853630884075, 'capture_scale': 1.4550202034415023}. Best is trial 316 with value: 2.112201451402938.
[I 2026-05-02 22:03:06,017] Trial 371 finished with value: 2.178203133827968 and parameters: {'f_n': 2.9934904461225696e-06, 'K_d': 202953.80496787268, 'rho_d': 37246105604575.32, 'fission_rate': 6.88823201100882e+19, 'Dg_D1_scale': 2.199073072600667, 'Dg_D3_scale': 3.4790744242064013, 'Dv_D1_scale': 0.21319102809145105, 'Dv_D2_scale': 2.3019881906252007, 'b_bulk_scale': 0.125606025147731, 'b_dislocation_scale': 0.2314938479532684, 'gb_scale': 7.962007274731481, 'gd_bubble_scale': 0.07963148503701137, 'gd_line_scale': 8.16606823824443, 'gd_line_alpha': 0.8009049304471538, 'coalescence_d_scale': 0.29048710188584725, 'capture_scale': 1.9812009300402187}. Best is trial 316 with value: 2.112201451402938.
[I 2026-05-02 22:03:10,491] Trial 372 finished with value: 2.1555050486372886 and parameters: {'f_n': 2.0233248277289647e-06, 'K_d': 210264.0047753557, 'rho_d': 40174587235298.38, 'fission_rate': 6.687602835339367e+19, 'Dg_D1_scale': 1.7433118227282072, 'Dg_D3_scale': 1.9095969254612917, 'Dv_D1_scale': 0.20005177815850186, 'Dv_D2_scale': 2.5886684047588875, 'b_bulk_scale': 0.14252868224383494, 'b_dislocation_scale': 0.19636934155019478, 'gb_scale': 6.524697553629384, 'gd_bubble_scale': 0.055543607156581506, 'gd_line_scale': 6.971399304090358, 'gd_line_alpha': 0.7638756186523525, 'coalescence_d_scale': 0.2219932611049898, 'capture_scale': 4.936576873813054}. Best is trial 316 with value: 2.112201451402938.Best trial: 316. Best value: 2.1122:  25%|██▍       | 372/1500 [25:30<1:15:35,  4.02s/it]Best trial: 316. Best value: 2.1122:  25%|██▍       | 372/1500 [25:30<1:15:35,  4.02s/it]Best trial: 316. Best value: 2.1122:  25%|██▍       | 373/1500 [25:30<1:18:06,  4.16s/it]                                                                                         Best trial: 316. Best value: 2.1122:  25%|██▍       | 373/1500 [25:34<1:18:06,  4.16s/it]Best trial: 316. Best value: 2.1122:  25%|██▍       | 373/1500 [25:34<1:18:06,  4.16s/it]Best trial: 316. Best value: 2.1122:  25%|██▍       | 374/1500 [25:34<1:19:42,  4.25s/it]                                                                                         Best trial: 316. Best value: 2.1122:  25%|██▍       | 374/1500 [25:39<1:19:42,  4.25s/it]Best trial: 316. Best value: 2.1122:  25%|██▍       | 374/1500 [25:39<1:19:42,  4.25s/it]Best trial: 316. Best value: 2.1122:  25%|██▌       | 375/1500 [25:39<1:19:48,  4.26s/it]                                                                                         Best trial: 316. Best value: 2.1122:  25%|██▌       | 375/1500 [25:43<1:19:48,  4.26s/it]Best trial: 316. Best value: 2.1122:  25%|██▌       | 375/1500 [25:43<1:19:48,  4.26s/it]Best trial: 316. Best value: 2.1122:  25%|██▌       | 376/1500 [25:43<1:21:22,  4.34s/it]                                                                                         Best trial: 316. Best value: 2.1122:  25%|██▌       | 376/1500 [25:48<1:21:22,  4.34s/it]Best trial: 316. Best value: 2.1122:  25%|██▌       | 376/1500 [25:48<1:21:22,  4.34s/it]Best trial: 316. Best value: 2.1122:  25%|██▌       | 377/1500 [25:48<1:22:58,  4.43s/it]                                                                                         Best trial: 316. Best value: 2.1122:  25%|██▌       | 377/1500 [25:51<1:22:58,  4.43s/it]Best trial: 316. Best value: 2.1122:  25%|██▌       | 377/1500 [25:51<1:22:58,  4.43s/it]Best trial: 316. Best value: 2.1122:  25%|██▌       | 378/1500 [25:51<1:14:21,  3.98s/it]                                                                                         Best trial: 316. Best value: 2.1122:  25%|██▌       | 378/1500 [25:55<1:14:21,  3.98s/it]Best trial: 316. Best value: 2.1122:  25%|██▌       | 378/1500 [25:55<1:14:21,  3.98s/it]Best trial: 316. Best value: 2.1122:  25%|██▌       | 379/1500 [25:55<1:16:39,  4.10s/it]                                                                                         Best trial: 316. Best value: 2.1122:  25%|██▌       | 379/1500 [26:00<1:16:39,  4.10s/it]Best trial: 316. Best value: 2.1122:  25%|██▌       | 379/1500 [26:00<1:16:39,  4.10s/it]Best trial: 316. Best value: 2.1122:  25%|██▌       | 380/1500 [26:00<1:18:12,  4.19s/it]                                                                                         Best trial: 316. Best value: 2.1122:  25%|██▌       | 380/1500 [26:04<1:18:12,  4.19s/it]Best trial: 316. Best value: 2.1122:  25%|██▌       | 380/1500 [26:04<1:18:12,  4.19s/it]Best trial: 316. Best value: 2.1122:  25%|██▌       | 381/1500 [26:04<1:18:39,  4.22s/it]                                                                                         Best trial: 316. Best value: 2.1122:  25%|██▌       | 381/1500 [26:08<1:18:39,  4.22s/it]Best trial: 316. Best value: 2.1122:  25%|██▌       | 381/1500 [26:08<1:18:39,  4.22s/it]Best trial: 316. Best value: 2.1122:  25%|██▌       | 382/1500 [26:08<1:19:45,  4.28s/it]                                                                                         Best trial: 316. Best value: 2.1122:  25%|██▌       | 382/1500 [26:13<1:19:45,  4.28s/it]Best trial: 316. Best value: 2.1122:  25%|██▌       | 382/1500 [26:13<1:19:45,  4.28s/it]Best trial: 316. Best value: 2.1122:  26%|██▌       | 383/1500 [26:13<1:20:06,  4.30s/it]                                                                                         Best trial: 316. Best value: 2.1122:  26%|██▌       | 383/1500 [26:17<1:20:06,  4.30s/it]Best trial: 316. Best value: 2.1122:  26%|██▌       | 383/1500 [26:17<1:20:06,  4.30s/it]Best trial: 316. Best value: 2.1122:  26%|██▌       | 384/1500 [26:17<1:20:34,  4.33s/it]                                                                                         
[I 2026-05-02 22:03:14,951] Trial 373 finished with value: 2.1444291613435444 and parameters: {'f_n': 2.3527548402260517e-06, 'K_d': 190976.65609509364, 'rho_d': 35166636941963.93, 'fission_rate': 6.765178362378617e+19, 'Dg_D1_scale': 1.8736181729629438, 'Dg_D3_scale': 2.802639115391395, 'Dv_D1_scale': 0.23653743805684962, 'Dv_D2_scale': 2.959823186452952, 'b_bulk_scale': 0.16085587114202426, 'b_dislocation_scale': 0.18404181693400884, 'gb_scale': 7.188785309170507, 'gd_bubble_scale': 0.07696989833212234, 'gd_line_scale': 7.8309257288912955, 'gd_line_alpha': 0.8215348116999327, 'coalescence_d_scale': 0.29276723332578936, 'capture_scale': 2.699350569249044}. Best is trial 316 with value: 2.112201451402938.
[I 2026-05-02 22:03:19,230] Trial 374 finished with value: 2.493418140233127 and parameters: {'f_n': 1.6075820999510268e-06, 'K_d': 216768.5127497054, 'rho_d': 37700997180279.305, 'fission_rate': 7.0093339074554544e+19, 'Dg_D1_scale': 1.532403267190809, 'Dg_D3_scale': 3.136369773210142, 'Dv_D1_scale': 0.22179612055614784, 'Dv_D2_scale': 0.9322918667206297, 'b_bulk_scale': 0.17612496685366216, 'b_dislocation_scale': 0.20323567574232226, 'gb_scale': 5.787209196928259, 'gd_bubble_scale': 0.06469486470418573, 'gd_line_scale': 9.212325253837419, 'gd_line_alpha': 0.7800887680964216, 'coalescence_d_scale': 0.25138742917292345, 'capture_scale': 3.51449036136654}. Best is trial 316 with value: 2.112201451402938.
[I 2026-05-02 22:03:23,756] Trial 375 finished with value: 2.2942622292829906 and parameters: {'f_n': 2.4407326533456877e-06, 'K_d': 615354.546245612, 'rho_d': 35177699442554.39, 'fission_rate': 6.592190218249124e+19, 'Dg_D1_scale': 1.6507311987443436, 'Dg_D3_scale': 3.72149270647514, 'Dv_D1_scale': 0.2111461634824375, 'Dv_D2_scale': 2.7751802056945287, 'b_bulk_scale': 0.14592999704008883, 'b_dislocation_scale': 0.16399825510184077, 'gb_scale': 6.5728119779096765, 'gd_bubble_scale': 0.07107890072567015, 'gd_line_scale': 7.163697754109508, 'gd_line_alpha': 0.7306744184882551, 'coalescence_d_scale': 0.2086707638666157, 'capture_scale': 3.049656640448498}. Best is trial 316 with value: 2.112201451402938.
[I 2026-05-02 22:03:28,418] Trial 376 finished with value: 2.3145797388557052 and parameters: {'f_n': 1.9214508875250164e-06, 'K_d': 201412.84295486784, 'rho_d': 42970915797877.59, 'fission_rate': 6.439855797994874e+19, 'Dg_D1_scale': 2.0589081802244973, 'Dg_D3_scale': 3.443037447854375, 'Dv_D1_scale': 0.2248459489844826, 'Dv_D2_scale': 2.5494145754719493, 'b_bulk_scale': 0.16121583308994464, 'b_dislocation_scale': 0.21867142207877538, 'gb_scale': 7.366895978551447, 'gd_bubble_scale': 0.07986556804195036, 'gd_line_scale': 8.456895849545706, 'gd_line_alpha': 0.7545188170811364, 'coalescence_d_scale': 0.29250927240596375, 'capture_scale': 2.1764956402477558}. Best is trial 316 with value: 2.112201451402938.
[I 2026-05-02 22:03:31,326] Trial 377 finished with value: 2.173088278872172 and parameters: {'f_n': 2.47978709689327e-06, 'K_d': 230048.32044924216, 'rho_d': 39560565859987.664, 'fission_rate': 6.674034053400482e+19, 'Dg_D1_scale': 1.7428340240469469, 'Dg_D3_scale': 3.0118335395789426, 'Dv_D1_scale': 0.2002916145109621, 'Dv_D2_scale': 2.1991724733811795, 'b_bulk_scale': 0.11923274240746655, 'b_dislocation_scale': 0.18351960965017147, 'gb_scale': 6.2745644495893895, 'gd_bubble_scale': 0.061021420061459275, 'gd_line_scale': 6.9827673149755585, 'gd_line_alpha': 0.8065897636602289, 'coalescence_d_scale': 0.23542943295257002, 'capture_scale': 2.6050621159616894}. Best is trial 316 with value: 2.112201451402938.
