[I 2026-05-02 23:11:24,391] Trial 1152 finished with value: 2.254491449065487 and parameters: {'f_n': 1.0467908423255008e-07, 'K_d': 119656.80128279958, 'rho_d': 63013778752592.55, 'fission_rate': 4.743327521178518e+19, 'Dg_D1_scale': 0.22196833338490815, 'Dg_D3_scale': 2.524252204545275, 'Dv_D1_scale': 0.3289155093904856, 'Dv_D2_scale': 3.995725388870426, 'b_bulk_scale': 0.35266073792486935, 'b_dislocation_scale': 0.0800930969345161, 'gb_scale': 2.7542677736777526, 'gd_bubble_scale': 0.14941990045359793, 'gd_line_scale': 0.5535975784451116, 'gd_line_alpha': 0.5100925039315419, 'coalescence_d_scale': 0.4402260408407469, 'capture_scale': 0.08611063478258965}. Best is trial 756 with value: 2.012228641160978.Best trial: 756. Best value: 2.01223:  77%|███████▋  | 1152/1500 [1:33:44<33:29,  5.77s/it]Best trial: 756. Best value: 2.01223:  77%|███████▋  | 1152/1500 [1:33:44<33:29,  5.77s/it]Best trial: 756. Best value: 2.01223:  77%|███████▋  | 1153/1500 [1:33:44<31:09,  5.39s/it]                                                                                           Best trial: 756. Best value: 2.01223:  77%|███████▋  | 1153/1500 [1:33:50<31:09,  5.39s/it]Best trial: 756. Best value: 2.01223:  77%|███████▋  | 1153/1500 [1:33:50<31:09,  5.39s/it]Best trial: 756. Best value: 2.01223:  77%|███████▋  | 1154/1500 [1:33:50<32:07,  5.57s/it]                                                                                           Best trial: 756. Best value: 2.01223:  77%|███████▋  | 1154/1500 [1:33:56<32:07,  5.57s/it]Best trial: 756. Best value: 2.01223:  77%|███████▋  | 1154/1500 [1:33:56<32:07,  5.57s/it]Best trial: 756. Best value: 2.01223:  77%|███████▋  | 1155/1500 [1:33:56<33:03,  5.75s/it]                                                                                           Best trial: 756. Best value: 2.01223:  77%|███████▋  | 1155/1500 [1:34:02<33:03,  5.75s/it]Best trial: 756. Best value: 2.01223:  77%|███████▋  | 1155/1500 [1:34:02<33:03,  5.75s/it]Best trial: 756. Best value: 2.01223:  77%|███████▋  | 1156/1500 [1:34:02<33:41,  5.88s/it]                                                                                           Best trial: 756. Best value: 2.01223:  77%|███████▋  | 1156/1500 [1:34:08<33:41,  5.88s/it]Best trial: 756. Best value: 2.01223:  77%|███████▋  | 1156/1500 [1:34:09<33:41,  5.88s/it]Best trial: 756. Best value: 2.01223:  77%|███████▋  | 1157/1500 [1:34:09<34:18,  6.00s/it]                                                                                           Best trial: 756. Best value: 2.01223:  77%|███████▋  | 1157/1500 [1:34:15<34:18,  6.00s/it]Best trial: 756. Best value: 2.01223:  77%|███████▋  | 1157/1500 [1:34:15<34:18,  6.00s/it]Best trial: 756. Best value: 2.01223:  77%|███████▋  | 1158/1500 [1:34:15<34:21,  6.03s/it]                                                                                           Best trial: 756. Best value: 2.01223:  77%|███████▋  | 1158/1500 [1:34:19<34:21,  6.03s/it]Best trial: 756. Best value: 2.01223:  77%|███████▋  | 1158/1500 [1:34:19<34:21,  6.03s/it]Best trial: 756. Best value: 2.01223:  77%|███████▋  | 1159/1500 [1:34:19<31:26,  5.53s/it]                                                                                           Best trial: 756. Best value: 2.01223:  77%|███████▋  | 1159/1500 [1:34:25<31:26,  5.53s/it]Best trial: 756. Best value: 2.01223:  77%|███████▋  | 1159/1500 [1:34:25<31:26,  5.53s/it]Best trial: 756. Best value: 2.01223:  77%|███████▋  | 1160/1500 [1:34:25<32:33,  5.74s/it]                                                                                           Best trial: 756. Best value: 2.01223:  77%|███████▋  | 1160/1500 [1:34:31<32:33,  5.74s/it]Best trial: 756. Best value: 2.01223:  77%|███████▋  | 1160/1500 [1:34:31<32:33,  5.74s/it]Best trial: 756. Best value: 2.01223:  77%|███████▋  | 1161/1500 [1:34:31<33:05,  5.86s/it]                                                                                           Best trial: 756. Best value: 2.01223:  77%|███████▋  | 1161/1500 [1:34:38<33:05,  5.86s/it]Best trial: 756. Best value: 2.01223:  77%|███████▋  | 1161/1500 [1:34:38<33:05,  5.86s/it]Best trial: 756. Best value: 2.01223:  77%|███████▋  | 1162/1500 [1:34:38<33:43,  5.99s/it]                                                                                           Best trial: 756. Best value: 2.01223:  77%|███████▋  | 1162/1500 [1:34:44<33:43,  5.99s/it]Best trial: 756. Best value: 2.01223:  77%|███████▋  | 1162/1500 [1:34:44<33:43,  5.99s/it]Best trial: 756. Best value: 2.01223:  78%|███████▊  | 1163/1500 [1:34:44<33:51,  6.03s/it]                                                                                           Best trial: 756. Best value: 2.01223:  78%|███████▊  | 1163/1500 [1:34:47<33:51,  6.03s/it]Best trial: 756. Best value: 2.01223:  78%|███████▊  | 1163/1500 [1:34:47<33:51,  6.03s/it]Best trial: 756. Best value: 2.01223:  78%|███████▊  | 1164/1500 [1:34:47<29:20,  5.24s/it]                                                                                           
[I 2026-05-02 23:11:30,385] Trial 1153 finished with value: 2.849410560414905 and parameters: {'f_n': 1.2438112143197505e-07, 'K_d': 536086.2082620659, 'rho_d': 59009632143309.234, 'fission_rate': 4.874948284492153e+19, 'Dg_D1_scale': 0.18297780265342542, 'Dg_D3_scale': 1.956794407093941, 'Dv_D1_scale': 0.7246073395267643, 'Dv_D2_scale': 3.7829447100153195, 'b_bulk_scale': 0.28537015899008505, 'b_dislocation_scale': 0.08355669422113216, 'gb_scale': 3.0512272369131543, 'gd_bubble_scale': 0.13080072273515486, 'gd_line_scale': 0.48021104408933213, 'gd_line_alpha': 0.5076455980587499, 'coalescence_d_scale': 0.4329339167671931, 'capture_scale': 0.10397792564150937}. Best is trial 756 with value: 2.012228641160978.
[I 2026-05-02 23:11:36,556] Trial 1154 finished with value: 2.1283606671205515 and parameters: {'f_n': 1.3722816247814e-07, 'K_d': 114167.90924323218, 'rho_d': 63371573482797.164, 'fission_rate': 4.7445450795900445e+19, 'Dg_D1_scale': 0.21158169602652904, 'Dg_D3_scale': 2.1508794020605775, 'Dv_D1_scale': 0.35352879627120326, 'Dv_D2_scale': 3.772507137221033, 'b_bulk_scale': 0.2744338465242383, 'b_dislocation_scale': 0.07557681933624277, 'gb_scale': 2.683672813532915, 'gd_bubble_scale': 0.14868302131557526, 'gd_line_scale': 0.5520050049199042, 'gd_line_alpha': 0.5581786437599645, 'coalescence_d_scale': 0.5334541143981945, 'capture_scale': 0.09692839992278127}. Best is trial 756 with value: 2.012228641160978.
[I 2026-05-02 23:11:42,727] Trial 1155 finished with value: 8.165926296759862 and parameters: {'f_n': 1.649572286032852e-07, 'K_d': 118628.42720020298, 'rho_d': 58534172142656.3, 'fission_rate': 4.83197118835034e+19, 'Dg_D1_scale': 0.2642422046349735, 'Dg_D3_scale': 2.383695543831372, 'Dv_D1_scale': 0.3325536993462379, 'Dv_D2_scale': 3.7937234299730074, 'b_bulk_scale': 0.4314486056716929, 'b_dislocation_scale': 0.08464691233296169, 'gb_scale': 3.76749240891934, 'gd_bubble_scale': 0.11473143746086394, 'gd_line_scale': 0.4748131543847356, 'gd_line_alpha': 0.5960613413592755, 'coalescence_d_scale': 9.751053577577661, 'capture_scale': 0.07631116627783016}. Best is trial 756 with value: 2.012228641160978.
[I 2026-05-02 23:11:49,023] Trial 1156 finished with value: 4.792335187627037 and parameters: {'f_n': 2.7543823525711635e-08, 'K_d': 112302.60744566814, 'rho_d': 61458485157578.484, 'fission_rate': 4.679263093343244e+19, 'Dg_D1_scale': 0.19438878555210165, 'Dg_D3_scale': 2.4977948721882677, 'Dv_D1_scale': 0.3327485583798138, 'Dv_D2_scale': 3.577510405801112, 'b_bulk_scale': 0.3480158212951307, 'b_dislocation_scale': 0.07661982187325558, 'gb_scale': 0.08368986678827102, 'gd_bubble_scale': 0.12328171880150308, 'gd_line_scale': 0.5716211574755015, 'gd_line_alpha': 0.6998860396281013, 'coalescence_d_scale': 0.48934953493956357, 'capture_scale': 0.0887164761935689}. Best is trial 756 with value: 2.012228641160978.
[I 2026-05-02 23:11:55,111] Trial 1157 finished with value: 15.512948504293172 and parameters: {'f_n': 2.1106354724399656e-07, 'K_d': 376028.5723858234, 'rho_d': 58115566252294.22, 'fission_rate': 4.788775308030422e+19, 'Dg_D1_scale': 0.23401265708678265, 'Dg_D3_scale': 2.1437491052131135, 'Dv_D1_scale': 0.35683094808194127, 'Dv_D2_scale': 3.983372645763332, 'b_bulk_scale': 0.28519480278559106, 'b_dislocation_scale': 0.08262946562102266, 'gb_scale': 3.080540171757352, 'gd_bubble_scale': 0.14561474927131374, 'gd_line_scale': 1.0020949932525316, 'gd_line_alpha': 0.5278975917220862, 'coalescence_d_scale': 13.427433750176181, 'capture_scale': 0.10132964730966658}. Best is trial 756 with value: 2.012228641160978.
[I 2026-05-02 23:11:59,477] Trial 1158 finished with value: 2.0407871816511203 and parameters: {'f_n': 2.1321670456620387e-07, 'K_d': 120267.97551653325, 'rho_d': 64203532666117.69, 'fission_rate': 4.91525827167256e+19, 'Dg_D1_scale': 0.21884844531644493, 'Dg_D3_scale': 2.3233197442688027, 'Dv_D1_scale': 0.3251688075530262, 'Dv_D2_scale': 3.6063333225192324, 'b_bulk_scale': 0.4340896580499157, 'b_dislocation_scale': 0.08669579130152218, 'gb_scale': 3.51680407640114, 'gd_bubble_scale': 0.1336880774471904, 'gd_line_scale': 0.5091904982784212, 'gd_line_alpha': 0.6168616464118106, 'coalescence_d_scale': 0.41410524341840926, 'capture_scale': 0.049486110557054486}. Best is trial 756 with value: 2.012228641160978.
[I 2026-05-02 23:12:05,722] Trial 1159 finished with value: 3.3000005938677304 and parameters: {'f_n': 1.6253201079700858e-07, 'K_d': 111157.37552792134, 'rho_d': 58095937578443.5, 'fission_rate': 4.69791577171302e+19, 'Dg_D1_scale': 0.2490901606016756, 'Dg_D3_scale': 2.0595035693164907, 'Dv_D1_scale': 0.3533707478326551, 'Dv_D2_scale': 3.996939801955575, 'b_bulk_scale': 0.316227772012408, 'b_dislocation_scale': 0.07185601791216797, 'gb_scale': 3.2392100116946754, 'gd_bubble_scale': 0.11648776768026946, 'gd_line_scale': 1.2945484774876124, 'gd_line_alpha': 0.4950380532317451, 'coalescence_d_scale': 0.36363714251349555, 'capture_scale': 0.07856388625917458}. Best is trial 756 with value: 2.012228641160978.
[I 2026-05-02 23:12:11,833] Trial 1160 finished with value: 2.317995955836589 and parameters: {'f_n': 1.1418814283179254e-07, 'K_d': 120352.1783006822, 'rho_d': 61878032185125.53, 'fission_rate': 4.824605929899924e+19, 'Dg_D1_scale': 0.27321511914637286, 'Dg_D3_scale': 2.3868956983076046, 'Dv_D1_scale': 0.3375277755027646, 'Dv_D2_scale': 3.792729604353057, 'b_bulk_scale': 0.37271718324979836, 'b_dislocation_scale': 0.08030122818884151, 'gb_scale': 2.6888655991262436, 'gd_bubble_scale': 0.14967152009910112, 'gd_line_scale': 0.5746121529357257, 'gd_line_alpha': 0.6864215828181044, 'coalescence_d_scale': 0.46420227054365104, 'capture_scale': 0.06234872606081897}. Best is trial 756 with value: 2.012228641160978.
[I 2026-05-02 23:12:18,128] Trial 1161 finished with value: 3.3573270471544503 and parameters: {'f_n': 2.483224836749392e-07, 'K_d': 609103.2539568272, 'rho_d': 58514003512271.125, 'fission_rate': 4.6422071394620514e+19, 'Dg_D1_scale': 0.32418073594539204, 'Dg_D3_scale': 1.9753038426907013, 'Dv_D1_scale': 0.35816904251539133, 'Dv_D2_scale': 3.616679082614644, 'b_bulk_scale': 0.33986844947003314, 'b_dislocation_scale': 0.08669231267780173, 'gb_scale': 4.105283022154321, 'gd_bubble_scale': 0.11553746805727556, 'gd_line_scale': 0.4575863504388207, 'gd_line_alpha': 0.5413917868520591, 'coalescence_d_scale': 0.38743329308034713, 'capture_scale': 0.08964571440959522}. Best is trial 756 with value: 2.012228641160978.
[I 2026-05-02 23:12:24,254] Trial 1162 finished with value: 3.6751840128362487 and parameters: {'f_n': 1.903113172114016e-07, 'K_d': 111632.90863245302, 'rho_d': 64774790789694.24, 'fission_rate': 4.761585481000305e+19, 'Dg_D1_scale': 0.24829221059874249, 'Dg_D3_scale': 2.2018819600736546, 'Dv_D1_scale': 0.3182674531653269, 'Dv_D2_scale': 3.990019604875363, 'b_bulk_scale': 2.94131961480805, 'b_dislocation_scale': 0.0765230256942866, 'gb_scale': 2.9664003590473436, 'gd_bubble_scale': 0.13182412339165864, 'gd_line_scale': 0.513890047653608, 'gd_line_alpha': 0.6349461476234928, 'coalescence_d_scale': 0.44145548774863114, 'capture_scale': 0.10481750867820863}. Best is trial 756 with value: 2.012228641160978.
[I 2026-05-02 23:12:27,655] Trial 1163 finished with value: 4.60137121681305 and parameters: {'f_n': 2.4965356792916035e-07, 'K_d': 114152.24401305827, 'rho_d': 60705488180540.19, 'fission_rate': 4.887601695912388e+19, 'Dg_D1_scale': 0.32095308232205655, 'Dg_D3_scale': 2.5200464362951176, 'Dv_D1_scale': 0.33432359525646504, 'Dv_D2_scale': 3.766336269362561, 'b_bulk_scale': 0.2837608709444763, 'b_dislocation_scale': 3.547346328380121, 'gb_scale': 3.624262701658318, 'gd_bubble_scale': 0.1267865773635519, 'gd_line_scale': 0.6559713064317336, 'gd_line_alpha': 0.5717977246519991, 'coalescence_d_scale': 0.5193189850708699, 'capture_scale': 0.05701578649268513}. Best is trial 756 with value: 2.012228641160978.
[I 2026-05-02 23:12:33,873] Trial 1164 finished with value: 2.108107855953801 and parameters: {'f_n': 3.3563773724425964e-07, 'K_d': 119015.66414528058, 'rho_d': 64761292070612.5, 'fission_rate': 4.677384116174306e+19, 'Dg_D1_scale': 0.26976721561058364, 'Dg_D3_scale': 0.4017564606269759, 'Dv_D1_scale': 0.3601713227837832, 'Dv_D2_scale': 3.4240571700885254, 'b_bulk_scale': 0.4489256442417389, 'b_dislocation_scale': 0.0900551219389658, 'gb_scale': 3.1852784238287124, 'gd_bubble_scale': 0.11253897574252303, 'gd_line_scale': 0.5622071752003707, 'gd_line_alpha': 0.6062214178814018, 'coalescence_d_scale': 0.3395744383965192, 'capture_scale': 0.03949033750960857}. Best is trial 756 with value: 2.012228641160978.Best trial: 756. Best value: 2.01223:  78%|███████▊  | 1164/1500 [1:34:53<29:20,  5.24s/it]Best trial: 756. Best value: 2.01223:  78%|███████▊  | 1164/1500 [1:34:53<29:20,  5.24s/it]Best trial: 756. Best value: 2.01223:  78%|███████▊  | 1165/1500 [1:34:53<30:53,  5.53s/it]                                                                                           Best trial: 756. Best value: 2.01223:  78%|███████▊  | 1165/1500 [1:35:00<30:53,  5.53s/it]Best trial: 756. Best value: 2.01223:  78%|███████▊  | 1165/1500 [1:35:00<30:53,  5.53s/it]Best trial: 756. Best value: 2.01223:  78%|███████▊  | 1166/1500 [1:35:00<32:08,  5.77s/it]                                                                                           Best trial: 756. Best value: 2.01223:  78%|███████▊  | 1166/1500 [1:35:06<32:08,  5.77s/it]Best trial: 756. Best value: 2.01223:  78%|███████▊  | 1166/1500 [1:35:06<32:08,  5.77s/it]Best trial: 756. Best value: 2.01223:  78%|███████▊  | 1167/1500 [1:35:06<32:44,  5.90s/it]                                                                                           Best trial: 756. Best value: 2.01223:  78%|███████▊  | 1167/1500 [1:35:12<32:44,  5.90s/it]Best trial: 756. Best value: 2.01223:  78%|███████▊  | 1167/1500 [1:35:13<32:44,  5.90s/it]Best trial: 756. Best value: 2.01223:  78%|███████▊  | 1168/1500 [1:35:13<33:41,  6.09s/it]                                                                                           Best trial: 756. Best value: 2.01223:  78%|███████▊  | 1168/1500 [1:35:17<33:41,  6.09s/it]Best trial: 756. Best value: 2.01223:  78%|███████▊  | 1168/1500 [1:35:17<33:41,  6.09s/it]Best trial: 756. Best value: 2.01223:  78%|███████▊  | 1169/1500 [1:35:17<31:45,  5.76s/it]                                                                                           Best trial: 756. Best value: 2.01223:  78%|███████▊  | 1169/1500 [1:35:23<31:45,  5.76s/it]Best trial: 756. Best value: 2.01223:  78%|███████▊  | 1169/1500 [1:35:23<31:45,  5.76s/it]Best trial: 756. Best value: 2.01223:  78%|███████▊  | 1170/1500 [1:35:23<31:53,  5.80s/it]                                                                                           Best trial: 756. Best value: 2.01223:  78%|███████▊  | 1170/1500 [1:35:30<31:53,  5.80s/it]Best trial: 756. Best value: 2.01223:  78%|███████▊  | 1170/1500 [1:35:30<31:53,  5.80s/it]Best trial: 756. Best value: 2.01223:  78%|███████▊  | 1171/1500 [1:35:30<32:34,  5.94s/it]                                                                                           Best trial: 756. Best value: 2.01223:  78%|███████▊  | 1171/1500 [1:35:36<32:34,  5.94s/it]Best trial: 756. Best value: 2.01223:  78%|███████▊  | 1171/1500 [1:35:36<32:34,  5.94s/it]Best trial: 756. Best value: 2.01223:  78%|███████▊  | 1172/1500 [1:35:36<32:33,  5.96s/it]                                                                                           Best trial: 756. Best value: 2.01223:  78%|███████▊  | 1172/1500 [1:35:42<32:33,  5.96s/it]Best trial: 756. Best value: 2.01223:  78%|███████▊  | 1172/1500 [1:35:42<32:33,  5.96s/it]Best trial: 756. Best value: 2.01223:  78%|███████▊  | 1173/1500 [1:35:42<32:50,  6.03s/it]                                                                                           Best trial: 756. Best value: 2.01223:  78%|███████▊  | 1173/1500 [1:35:46<32:50,  6.03s/it]Best trial: 756. Best value: 2.01223:  78%|███████▊  | 1173/1500 [1:35:47<32:50,  6.03s/it]Best trial: 756. Best value: 2.01223:  78%|███████▊  | 1174/1500 [1:35:47<30:40,  5.65s/it]                                                                                           Best trial: 756. Best value: 2.01223:  78%|███████▊  | 1174/1500 [1:35:53<30:40,  5.65s/it]Best trial: 756. Best value: 2.01223:  78%|███████▊  | 1174/1500 [1:35:53<30:40,  5.65s/it]Best trial: 756. Best value: 2.01223:  78%|███████▊  | 1175/1500 [1:35:53<31:18,  5.78s/it]                                                                                           Best trial: 756. Best value: 2.01223:  78%|███████▊  | 1175/1500 [1:35:59<31:18,  5.78s/it]Best trial: 756. Best value: 2.01223:  78%|███████▊  | 1175/1500 [1:35:59<31:18,  5.78s/it]Best trial: 756. Best value: 2.01223:  78%|███████▊  | 1176/1500 [1:35:59<32:04,  5.94s/it]                                                                                           
[I 2026-05-02 23:12:40,210] Trial 1165 finished with value: 2.244574583708277 and parameters: {'f_n': 1.6915495243159128e-07, 'K_d': 109766.33285039116, 'rho_d': 58230433560843.49, 'fission_rate': 4.5965395512196645e+19, 'Dg_D1_scale': 0.2058884577902301, 'Dg_D3_scale': 2.3026646799958423, 'Dv_D1_scale': 0.3170725805755866, 'Dv_D2_scale': 3.6473067337383296, 'b_bulk_scale': 0.3931632164513466, 'b_dislocation_scale': 0.07237837849833088, 'gb_scale': 2.65133726661155, 'gd_bubble_scale': 0.1431700629053144, 'gd_line_scale': 0.5942263682466133, 'gd_line_alpha': 0.5353894954151605, 'coalescence_d_scale': 0.40890298421766036, 'capture_scale': 0.0792107052020122}. Best is trial 756 with value: 2.012228641160978.
[I 2026-05-02 23:12:46,396] Trial 1166 finished with value: 2.055539261980064 and parameters: {'f_n': 4.80266898254912e-08, 'K_d': 123610.81308322413, 'rho_d': 61417087691172.49, 'fission_rate': 4.763370190190324e+19, 'Dg_D1_scale': 0.22622862923444026, 'Dg_D3_scale': 1.9720609275582837, 'Dv_D1_scale': 0.3470057823638268, 'Dv_D2_scale': 3.8044445925502166, 'b_bulk_scale': 0.31693336966068125, 'b_dislocation_scale': 0.08575653354343252, 'gb_scale': 4.301597892558471, 'gd_bubble_scale': 0.15220767389509918, 'gd_line_scale': 0.4507267963763508, 'gd_line_alpha': 0.5587197783784973, 'coalescence_d_scale': 0.4905357534427627, 'capture_scale': 0.04763373986858807}. Best is trial 756 with value: 2.012228641160978.
[I 2026-05-02 23:12:52,927] Trial 1167 finished with value: 2.0363235472887187 and parameters: {'f_n': 1.4673975216886288e-07, 'K_d': 114386.60783983103, 'rho_d': 56657720580657.47, 'fission_rate': 4.836102474635519e+19, 'Dg_D1_scale': 0.2985301699678755, 'Dg_D3_scale': 2.488605786094989, 'Dv_D1_scale': 0.32127321229029776, 'Dv_D2_scale': 3.9927228668245447, 'b_bulk_scale': 0.3568445912132345, 'b_dislocation_scale': 0.0997402455440218, 'gb_scale': 3.7081854570583044, 'gd_bubble_scale': 0.10748161535748708, 'gd_line_scale': 0.6871522804640001, 'gd_line_alpha': 0.5631131654194229, 'coalescence_d_scale': 0.5541252353044985, 'capture_scale': 0.07298708945019004}. Best is trial 756 with value: 2.012228641160978.
[I 2026-05-02 23:12:57,914] Trial 1168 finished with value: 3.91622382873298 and parameters: {'f_n': 1.0403626103769151e-08, 'K_d': 109740.0226885921, 'rho_d': 65589129800007.88, 'fission_rate': 4.488404417494685e+19, 'Dg_D1_scale': 0.2356658328257815, 'Dg_D3_scale': 2.1814154292163987, 'Dv_D1_scale': 0.5974800406330385, 'Dv_D2_scale': 3.6001222136931985, 'b_bulk_scale': 0.4077470393508232, 'b_dislocation_scale': 0.07247447450629926, 'gb_scale': 2.933574513838418, 'gd_bubble_scale': 0.1362384335516269, 'gd_line_scale': 0.5117400188181862, 'gd_line_alpha': 0.5845938286863797, 'coalescence_d_scale': 0.4449944751386246, 'capture_scale': 0.09541160383405664}. Best is trial 756 with value: 2.012228641160978.
[I 2026-05-02 23:13:03,809] Trial 1169 finished with value: 4.942522787247387 and parameters: {'f_n': 8.050716457557377e-08, 'K_d': 117579.76667605856, 'rho_d': 62226225991433.52, 'fission_rate': 4.992625483930543e+19, 'Dg_D1_scale': 0.2584495310644515, 'Dg_D3_scale': 0.7790397346317921, 'Dv_D1_scale': 1.4318733698416422, 'Dv_D2_scale': 0.8005591857872718, 'b_bulk_scale': 0.30651649095569855, 'b_dislocation_scale': 0.08006612355337468, 'gb_scale': 3.288109296277397, 'gd_bubble_scale': 0.12129957249055677, 'gd_line_scale': 1.3918313819364518, 'gd_line_alpha': 0.6657580765274052, 'coalescence_d_scale': 0.3754338964999377, 'capture_scale': 0.06785651205376607}. Best is trial 756 with value: 2.012228641160978.
