[I 2026-05-02 22:15:51,770] Trial 540 finished with value: 2.539294628776865 and parameters: {'f_n': 6.972932059690476e-07, 'K_d': 243559.28190552056, 'rho_d': 51529207425287.805, 'fission_rate': 6.1678515453861175e+19, 'Dg_D1_scale': 2.6023179905376654, 'Dg_D3_scale': 1.3360778854546533, 'Dv_D1_scale': 0.2543347728537517, 'Dv_D2_scale': 3.4519832278585336, 'b_bulk_scale': 0.27719633767173396, 'b_dislocation_scale': 0.12447191994826737, 'gb_scale': 5.144514760657345, 'gd_bubble_scale': 0.6705787752891916, 'gd_line_scale': 2.560534401991975, 'gd_line_alpha': 0.888444684843914, 'coalescence_d_scale': 0.4443994253342657, 'capture_scale': 1.1498547778243908}. Best is trial 444 with value: 2.0614202321115003.Best trial: 444. Best value: 2.06142:  36%|███▌      | 540/1500 [38:11<1:07:59,  4.25s/it]Best trial: 444. Best value: 2.06142:  36%|███▌      | 540/1500 [38:11<1:07:59,  4.25s/it]Best trial: 444. Best value: 2.06142:  36%|███▌      | 541/1500 [38:11<1:10:43,  4.43s/it]                                                                                          Best trial: 444. Best value: 2.06142:  36%|███▌      | 541/1500 [38:16<1:10:43,  4.43s/it]Best trial: 444. Best value: 2.06142:  36%|███▌      | 541/1500 [38:16<1:10:43,  4.43s/it]Best trial: 444. Best value: 2.06142:  36%|███▌      | 542/1500 [38:16<1:12:14,  4.53s/it]                                                                                          Best trial: 444. Best value: 2.06142:  36%|███▌      | 542/1500 [38:21<1:12:14,  4.53s/it]Best trial: 444. Best value: 2.06142:  36%|███▌      | 542/1500 [38:21<1:12:14,  4.53s/it]Best trial: 444. Best value: 2.06142:  36%|███▌      | 543/1500 [38:21<1:13:44,  4.62s/it]                                                                                          Best trial: 444. Best value: 2.06142:  36%|███▌      | 543/1500 [38:26<1:13:44,  4.62s/it]Best trial: 444. Best value: 2.06142:  36%|███▌      | 543/1500 [38:26<1:13:44,  4.62s/it]Best trial: 444. Best value: 2.06142:  36%|███▋      | 544/1500 [38:26<1:14:18,  4.66s/it]                                                                                          Best trial: 444. Best value: 2.06142:  36%|███▋      | 544/1500 [38:30<1:14:18,  4.66s/it]Best trial: 444. Best value: 2.06142:  36%|███▋      | 544/1500 [38:30<1:14:18,  4.66s/it]Best trial: 444. Best value: 2.06142:  36%|███▋      | 545/1500 [38:30<1:14:48,  4.70s/it]                                                                                          Best trial: 444. Best value: 2.06142:  36%|███▋      | 545/1500 [38:35<1:14:48,  4.70s/it]Best trial: 444. Best value: 2.06142:  36%|███▋      | 545/1500 [38:35<1:14:48,  4.70s/it]Best trial: 444. Best value: 2.06142:  36%|███▋      | 546/1500 [38:35<1:14:38,  4.69s/it]                                                                                          Best trial: 444. Best value: 2.06142:  36%|███▋      | 546/1500 [38:38<1:14:38,  4.69s/it]Best trial: 444. Best value: 2.06142:  36%|███▋      | 546/1500 [38:38<1:14:38,  4.69s/it]Best trial: 444. Best value: 2.06142:  36%|███▋      | 547/1500 [38:38<1:06:56,  4.21s/it]                                                                                          Best trial: 444. Best value: 2.06142:  36%|███▋      | 547/1500 [38:43<1:06:56,  4.21s/it]Best trial: 444. Best value: 2.06142:  36%|███▋      | 547/1500 [38:43<1:06:56,  4.21s/it]Best trial: 444. Best value: 2.06142:  37%|███▋      | 548/1500 [38:43<1:10:19,  4.43s/it]                                                                                          Best trial: 444. Best value: 2.06142:  37%|███▋      | 548/1500 [38:48<1:10:19,  4.43s/it]Best trial: 444. Best value: 2.06142:  37%|███▋      | 548/1500 [38:48<1:10:19,  4.43s/it]Best trial: 444. Best value: 2.06142:  37%|███▋      | 549/1500 [38:48<1:12:22,  4.57s/it]                                                                                          Best trial: 444. Best value: 2.06142:  37%|███▋      | 549/1500 [38:53<1:12:22,  4.57s/it]Best trial: 444. Best value: 2.06142:  37%|███▋      | 549/1500 [38:53<1:12:22,  4.57s/it]Best trial: 444. Best value: 2.06142:  37%|███▋      | 550/1500 [38:53<1:13:41,  4.65s/it]                                                                                          Best trial: 444. Best value: 2.06142:  37%|███▋      | 550/1500 [38:57<1:13:41,  4.65s/it]Best trial: 444. Best value: 2.06142:  37%|███▋      | 550/1500 [38:58<1:13:41,  4.65s/it]Best trial: 444. Best value: 2.06142:  37%|███▋      | 551/1500 [38:58<1:13:39,  4.66s/it]                                                                                          Best trial: 444. Best value: 2.06142:  37%|███▋      | 551/1500 [39:02<1:13:39,  4.66s/it]Best trial: 444. Best value: 2.06142:  37%|███▋      | 551/1500 [39:02<1:13:39,  4.66s/it]Best trial: 444. Best value: 2.06142:  37%|███▋      | 552/1500 [39:02<1:14:22,  4.71s/it]                                                                                          
[I 2026-05-02 22:15:56,527] Trial 541 finished with value: 2.124127504538201 and parameters: {'f_n': 9.4859837018161e-07, 'K_d': 234889.79458777973, 'rho_d': 46540520201712.51, 'fission_rate': 6.233473464720516e+19, 'Dg_D1_scale': 2.591396189931679, 'Dg_D3_scale': 1.4418709766109812, 'Dv_D1_scale': 0.23802584934279977, 'Dv_D2_scale': 3.4670014273051395, 'b_bulk_scale': 0.24264248167905253, 'b_dislocation_scale': 0.16283722404968767, 'gb_scale': 4.55655288628667, 'gd_bubble_scale': 0.624462831372138, 'gd_line_scale': 2.4900725618567185, 'gd_line_alpha': 0.4496152634807058, 'coalescence_d_scale': 0.4175002291765702, 'capture_scale': 1.3345332017300773}. Best is trial 444 with value: 2.0614202321115003.
[I 2026-05-02 22:16:01,369] Trial 542 finished with value: 2.5473457931426515 and parameters: {'f_n': 5.759018131305049e-07, 'K_d': 258090.793261017, 'rho_d': 48446521166212.96, 'fission_rate': 6.110462471718499e+19, 'Dg_D1_scale': 2.490935839753285, 'Dg_D3_scale': 1.7119454424611344, 'Dv_D1_scale': 0.21487331237189933, 'Dv_D2_scale': 3.3393944501500736, 'b_bulk_scale': 0.24951728651462332, 'b_dislocation_scale': 0.13972451218023685, 'gb_scale': 5.697518554493487, 'gd_bubble_scale': 0.6866104886040933, 'gd_line_scale': 3.334986574540095, 'gd_line_alpha': 0.392593376479197, 'coalescence_d_scale': 0.39628275837577603, 'capture_scale': 1.1448684860838296}. Best is trial 444 with value: 2.0614202321115003.
[I 2026-05-02 22:16:06,135] Trial 543 finished with value: 2.217107696053729 and parameters: {'f_n': 7.021782174607636e-07, 'K_d': 233679.2625426326, 'rho_d': 44436558277100.3, 'fission_rate': 6.1782906963803546e+19, 'Dg_D1_scale': 2.7289061956550777, 'Dg_D3_scale': 1.5636244680796514, 'Dv_D1_scale': 0.23546682915452055, 'Dv_D2_scale': 3.279491133903925, 'b_bulk_scale': 0.27707634693546684, 'b_dislocation_scale': 0.15385761601043585, 'gb_scale': 5.821788263257254, 'gd_bubble_scale': 0.5871877618003247, 'gd_line_scale': 2.909834753855546, 'gd_line_alpha': 0.42358508017261737, 'coalescence_d_scale': 0.41356231556177037, 'capture_scale': 1.5589722033718805}. Best is trial 444 with value: 2.0614202321115003.
[I 2026-05-02 22:16:10,920] Trial 544 finished with value: 2.143567481210731 and parameters: {'f_n': 7.966160667701396e-07, 'K_d': 236082.43214760415, 'rho_d': 46133018144495.27, 'fission_rate': 6.314410165047129e+19, 'Dg_D1_scale': 2.3871216942910167, 'Dg_D3_scale': 1.0904119289207324, 'Dv_D1_scale': 0.21326382760680704, 'Dv_D2_scale': 3.245099870710585, 'b_bulk_scale': 0.2545023450627815, 'b_dislocation_scale': 0.17499926741818572, 'gb_scale': 5.358543750124989, 'gd_bubble_scale': 0.830077896913417, 'gd_line_scale': 2.361255684895525, 'gd_line_alpha': 0.4291253016932057, 'coalescence_d_scale': 0.3885611929590666, 'capture_scale': 1.0032581021979243}. Best is trial 444 with value: 2.0614202321115003.
[I 2026-05-02 22:16:15,602] Trial 545 finished with value: 2.1655904601640743 and parameters: {'f_n': 9.696572264326569e-07, 'K_d': 226800.64159713002, 'rho_d': 52439520256370.49, 'fission_rate': 6.35898571865965e+19, 'Dg_D1_scale': 2.6263957598564964, 'Dg_D3_scale': 1.2694254467277504, 'Dv_D1_scale': 0.24942301361565852, 'Dv_D2_scale': 3.418375354191229, 'b_bulk_scale': 0.2866955654045784, 'b_dislocation_scale': 0.16459456592751287, 'gb_scale': 6.126218452793, 'gd_bubble_scale': 0.7175261333336149, 'gd_line_scale': 2.54282171012738, 'gd_line_alpha': 0.3858993609599459, 'coalescence_d_scale': 0.4510008302782055, 'capture_scale': 0.8534881920184043}. Best is trial 444 with value: 2.0614202321115003.
[I 2026-05-02 22:16:18,695] Trial 546 finished with value: 4.601131746805404 and parameters: {'f_n': 1.1142439083925169e-06, 'K_d': 255539.71282136368, 'rho_d': 49870146101196.66, 'fission_rate': 6.24782830289844e+19, 'Dg_D1_scale': 2.389054043834749, 'Dg_D3_scale': 1.4494371562198287, 'Dv_D1_scale': 0.2286922152431516, 'Dv_D2_scale': 3.1115057136542146, 'b_bulk_scale': 0.2641426641181958, 'b_dislocation_scale': 0.14835366109801873, 'gb_scale': 0.05087777096411308, 'gd_bubble_scale': 0.6260769886734322, 'gd_line_scale': 3.0641019099370856, 'gd_line_alpha': 0.3943966108233429, 'coalescence_d_scale': 0.45881003138016885, 'capture_scale': 1.3785094798381685}. Best is trial 444 with value: 2.0614202321115003.
[I 2026-05-02 22:16:23,636] Trial 547 finished with value: 2.1511839404617596 and parameters: {'f_n': 1.1227095332424338e-06, 'K_d': 225053.57920426156, 'rho_d': 47386559442684.164, 'fission_rate': 5.986255773235264e+19, 'Dg_D1_scale': 2.778324233556026, 'Dg_D3_scale': 1.3426779399787203, 'Dv_D1_scale': 0.21233472303686116, 'Dv_D2_scale': 3.5116302622350544, 'b_bulk_scale': 0.22948426993556467, 'b_dislocation_scale': 0.1712651843494556, 'gb_scale': 6.097651014646491, 'gd_bubble_scale': 0.5827583962427237, 'gd_line_scale': 3.4220370573738323, 'gd_line_alpha': 0.36913309234286346, 'coalescence_d_scale': 0.3746060059407333, 'capture_scale': 1.5485613220860437}. Best is trial 444 with value: 2.0614202321115003.
[I 2026-05-02 22:16:28,516] Trial 548 finished with value: 2.1374392464857346 and parameters: {'f_n': 1.157799739387635e-06, 'K_d': 222154.1646756127, 'rho_d': 42866795930701.91, 'fission_rate': 6.027522012901028e+19, 'Dg_D1_scale': 2.4295844601693233, 'Dg_D3_scale': 1.2203616960338433, 'Dv_D1_scale': 0.22241777729556736, 'Dv_D2_scale': 3.1302621115060565, 'b_bulk_scale': 0.24253849577633083, 'b_dislocation_scale': 0.13633499119087092, 'gb_scale': 4.368466046916585, 'gd_bubble_scale': 0.5111630299758542, 'gd_line_scale': 2.7171411548886955, 'gd_line_alpha': 0.46547099199077907, 'coalescence_d_scale': 0.3672029610017678, 'capture_scale': 1.225053895483522}. Best is trial 444 with value: 2.0614202321115003.
[I 2026-05-02 22:16:33,375] Trial 549 finished with value: 2.151533131514674 and parameters: {'f_n': 8.291906096988237e-07, 'K_d': 244775.34255373594, 'rho_d': 43942947139708.26, 'fission_rate': 6.117819684087603e+19, 'Dg_D1_scale': 2.298605491857183, 'Dg_D3_scale': 1.3460134649142368, 'Dv_D1_scale': 0.25813642690860245, 'Dv_D2_scale': 3.038205383915973, 'b_bulk_scale': 0.2549408980782069, 'b_dislocation_scale': 0.17110089216999186, 'gb_scale': 5.325890536904544, 'gd_bubble_scale': 0.5453287484200241, 'gd_line_scale': 2.8312308465941, 'gd_line_alpha': 0.33828601950033743, 'coalescence_d_scale': 0.45643582332872107, 'capture_scale': 1.71333433770862}. Best is trial 444 with value: 2.0614202321115003.
[I 2026-05-02 22:16:38,038] Trial 550 finished with value: 2.1402777417506544 and parameters: {'f_n': 1.0389280633410241e-06, 'K_d': 231170.34906782347, 'rho_d': 45983190324915.664, 'fission_rate': 6.450980493870813e+19, 'Dg_D1_scale': 2.5811666804871902, 'Dg_D3_scale': 1.7841764863688256, 'Dv_D1_scale': 0.24346128406164944, 'Dv_D2_scale': 3.4629147578844583, 'b_bulk_scale': 0.22572209933532492, 'b_dislocation_scale': 0.15796286081239364, 'gb_scale': 6.014686903919627, 'gd_bubble_scale': 0.6635388006389474, 'gd_line_scale': 3.1295617269729195, 'gd_line_alpha': 0.4201112991758193, 'coalescence_d_scale': 0.39869131550984777, 'capture_scale': 1.569954204481552}. Best is trial 444 with value: 2.0614202321115003.
[I 2026-05-02 22:16:42,857] Trial 551 finished with value: 2.216434107697086 and parameters: {'f_n': 1.3213632178091344e-06, 'K_d': 217211.0474974112, 'rho_d': 52996678316439.086, 'fission_rate': 6.257441371546597e+19, 'Dg_D1_scale': 2.34052269087426, 'Dg_D3_scale': 0.8841892378779003, 'Dv_D1_scale': 0.21111906308335607, 'Dv_D2_scale': 3.2313236317706653, 'b_bulk_scale': 0.23125507437545867, 'b_dislocation_scale': 0.1784477617551972, 'gb_scale': 4.815457980271657, 'gd_bubble_scale': 0.5585421930575835, 'gd_line_scale': 3.3917280671036383, 'gd_line_alpha': 0.46045459866792104, 'coalescence_d_scale': 0.35635951474539035, 'capture_scale': 1.3930905856219633}. Best is trial 444 with value: 2.0614202321115003.
[I 2026-05-02 22:16:46,202] Trial 552 finished with value: 2.1154384640704933 and parameters: {'f_n': 1.425311858281951e-06, 'K_d': 249825.17933007173, 'rho_d': 43831395177003.39, 'fission_rate': 6.051778754078239e+19, 'Dg_D1_scale': 2.4945914941813805, 'Dg_D3_scale': 3.7870765430785265, 'Dv_D1_scale': 0.23470688192435354, 'Dv_D2_scale': 2.9855343743984313, 'b_bulk_scale': 0.2758439598085193, 'b_dislocation_scale': 0.18268939634557269, 'gb_scale': 6.039784284909318, 'gd_bubble_scale': 0.7593833490180927, 'gd_line_scale': 3.43675171531585, 'gd_line_alpha': 0.40904472092510386, 'coalescence_d_scale': 0.3402364765948792, 'capture_scale': 1.818601510436684}. Best is trial 444 with value: 2.0614202321115003.Best trial: 444. Best value: 2.06142:  37%|███▋      | 552/1500 [39:06<1:14:22,  4.71s/it]Best trial: 444. Best value: 2.06142:  37%|███▋      | 552/1500 [39:06<1:14:22,  4.71s/it]Best trial: 444. Best value: 2.06142:  37%|███▋      | 553/1500 [39:06<1:07:49,  4.30s/it]                                                                                          Best trial: 444. Best value: 2.06142:  37%|███▋      | 553/1500 [39:11<1:07:49,  4.30s/it]Best trial: 444. Best value: 2.06142:  37%|███▋      | 553/1500 [39:11<1:07:49,  4.30s/it]Best trial: 444. Best value: 2.06142:  37%|███▋      | 554/1500 [39:11<1:10:33,  4.47s/it]                                                                                          Best trial: 444. Best value: 2.06142:  37%|███▋      | 554/1500 [39:15<1:10:33,  4.47s/it]Best trial: 444. Best value: 2.06142:  37%|███▋      | 554/1500 [39:15<1:10:33,  4.47s/it]Best trial: 444. Best value: 2.06142:  37%|███▋      | 555/1500 [39:15<1:12:08,  4.58s/it]                                                                                          Best trial: 444. Best value: 2.06142:  37%|███▋      | 555/1500 [39:20<1:12:08,  4.58s/it]Best trial: 444. Best value: 2.06142:  37%|███▋      | 555/1500 [39:20<1:12:08,  4.58s/it]Best trial: 444. Best value: 2.06142:  37%|███▋      | 556/1500 [39:20<1:13:39,  4.68s/it]                                                                                          Best trial: 444. Best value: 2.06142:  37%|███▋      | 556/1500 [39:25<1:13:39,  4.68s/it]Best trial: 444. Best value: 2.06142:  37%|███▋      | 556/1500 [39:25<1:13:39,  4.68s/it]Best trial: 444. Best value: 2.06142:  37%|███▋      | 557/1500 [39:25<1:13:37,  4.68s/it]                                                                                          Best trial: 444. Best value: 2.06142:  37%|███▋      | 557/1500 [39:30<1:13:37,  4.68s/it]Best trial: 444. Best value: 2.06142:  37%|███▋      | 557/1500 [39:30<1:13:37,  4.68s/it]Best trial: 444. Best value: 2.06142:  37%|███▋      | 558/1500 [39:30<1:14:25,  4.74s/it]                                                                                          Best trial: 444. Best value: 2.06142:  37%|███▋      | 558/1500 [39:35<1:14:25,  4.74s/it]Best trial: 444. Best value: 2.06142:  37%|███▋      | 558/1500 [39:35<1:14:25,  4.74s/it]Best trial: 444. Best value: 2.06142:  37%|███▋      | 559/1500 [39:35<1:14:42,  4.76s/it]                                                                                          Best trial: 444. Best value: 2.06142:  37%|███▋      | 559/1500 [39:38<1:14:42,  4.76s/it]Best trial: 444. Best value: 2.06142:  37%|███▋      | 559/1500 [39:38<1:14:42,  4.76s/it]Best trial: 444. Best value: 2.06142:  37%|███▋      | 560/1500 [39:38<1:07:42,  4.32s/it]                                                                                          Best trial: 444. Best value: 2.06142:  37%|███▋      | 560/1500 [39:43<1:07:42,  4.32s/it]Best trial: 444. Best value: 2.06142:  37%|███▋      | 560/1500 [39:43<1:07:42,  4.32s/it]Best trial: 444. Best value: 2.06142:  37%|███▋      | 561/1500 [39:43<1:10:09,  4.48s/it]                                                                                          Best trial: 444. Best value: 2.06142:  37%|███▋      | 561/1500 [39:48<1:10:09,  4.48s/it]Best trial: 444. Best value: 2.06142:  37%|███▋      | 561/1500 [39:48<1:10:09,  4.48s/it]Best trial: 444. Best value: 2.06142:  37%|███▋      | 562/1500 [39:48<1:11:28,  4.57s/it]                                                                                          Best trial: 444. Best value: 2.06142:  37%|███▋      | 562/1500 [39:52<1:11:28,  4.57s/it]Best trial: 444. Best value: 2.06142:  37%|███▋      | 562/1500 [39:52<1:11:28,  4.57s/it]Best trial: 444. Best value: 2.06142:  38%|███▊      | 563/1500 [39:52<1:12:22,  4.63s/it]                                                                                          Best trial: 444. Best value: 2.06142:  38%|███▊      | 563/1500 [39:57<1:12:22,  4.63s/it]Best trial: 444. Best value: 2.06142:  38%|███▊      | 563/1500 [39:57<1:12:22,  4.63s/it]Best trial: 444. Best value: 2.06142:  38%|███▊      | 564/1500 [39:57<1:13:47,  4.73s/it]                                                                                          
[I 2026-05-02 22:16:51,093] Trial 553 finished with value: 2.307918428072684 and parameters: {'f_n': 5.716256967712337e-07, 'K_d': 245882.40589618817, 'rho_d': 44278835313969.484, 'fission_rate': 6.049587686368696e+19, 'Dg_D1_scale': 2.7409811407288758, 'Dg_D3_scale': 1.3970397438669415, 'Dv_D1_scale': 0.2249214015865308, 'Dv_D2_scale': 3.0287050112348903, 'b_bulk_scale': 0.2889094040993772, 'b_dislocation_scale': 0.18656760225576777, 'gb_scale': 5.347740883506282, 'gd_bubble_scale': 0.8204239163298475, 'gd_line_scale': 3.4476021777832764, 'gd_line_alpha': 0.43031475293747573, 'coalescence_d_scale': 0.3562110157867239, 'capture_scale': 1.7525631545900695}. Best is trial 444 with value: 2.0614202321115003.
[I 2026-05-02 22:16:55,920] Trial 554 finished with value: 2.3279043367937886 and parameters: {'f_n': 1.451695528020043e-06, 'K_d': 263370.08960135345, 'rho_d': 50482994612164.84, 'fission_rate': 6.1604313324979356e+19, 'Dg_D1_scale': 2.6345159022485167, 'Dg_D3_scale': 1.5399042119034563, 'Dv_D1_scale': 0.23236160980889828, 'Dv_D2_scale': 3.245226133007824, 'b_bulk_scale': 0.35065844399261853, 'b_dislocation_scale': 0.15615246718626927, 'gb_scale': 5.885385054963111, 'gd_bubble_scale': 0.733677623274093, 'gd_line_scale': 3.1137758775851934, 'gd_line_alpha': 0.3989972938488939, 'coalescence_d_scale': 0.4060823571004863, 'capture_scale': 1.2285188822022803}. Best is trial 444 with value: 2.0614202321115003.
[I 2026-05-02 22:17:00,835] Trial 555 finished with value: 2.1421343133756525 and parameters: {'f_n': 1.0940305612419476e-06, 'K_d': 264440.9149387465, 'rho_d': 44649701366895.484, 'fission_rate': 6.0056471327604015e+19, 'Dg_D1_scale': 2.4153962588317954, 'Dg_D3_scale': 1.1876122990591096, 'Dv_D1_scale': 0.2209414984255779, 'Dv_D2_scale': 3.4647557193642906, 'b_bulk_scale': 0.2669572568921685, 'b_dislocation_scale': 0.1662980631478825, 'gb_scale': 4.898675450247564, 'gd_bubble_scale': 0.8688179314015999, 'gd_line_scale': 2.3259038012735527, 'gd_line_alpha': 0.37070146535475385, 'coalescence_d_scale': 0.3371562649343221, 'capture_scale': 1.7410864322318982}. Best is trial 444 with value: 2.0614202321115003.
[I 2026-05-02 22:17:05,528] Trial 556 finished with value: 2.3305318612089008 and parameters: {'f_n': 1.4543077364771331e-06, 'K_d': 267090.69313065155, 'rho_d': 46559916120838.81, 'fission_rate': 6.372949085034934e+19, 'Dg_D1_scale': 2.5641347708994457, 'Dg_D3_scale': 1.649877372400202, 'Dv_D1_scale': 0.2102421875686965, 'Dv_D2_scale': 2.9588947445276923, 'b_bulk_scale': 0.2974902371552727, 'b_dislocation_scale': 0.14335269669072587, 'gb_scale': 6.114270275336266, 'gd_bubble_scale': 0.9722823135546294, 'gd_line_scale': 3.67188345046964, 'gd_line_alpha': 0.4187792095961468, 'coalescence_d_scale': 0.3656287202076267, 'capture_scale': 1.46979019076914}. Best is trial 444 with value: 2.0614202321115003.
[I 2026-05-02 22:17:10,398] Trial 557 finished with value: 2.243281672194063 and parameters: {'f_n': 9.347380019999648e-07, 'K_d': 290674.5906793368, 'rho_d': 43268642945568.72, 'fission_rate': 6.0874363906739405e+19, 'Dg_D1_scale': 2.2921765353822665, 'Dg_D3_scale': 2.009009172763907, 'Dv_D1_scale': 0.23862641421983452, 'Dv_D2_scale': 3.1779275568326186, 'b_bulk_scale': 0.2683308806904424, 'b_dislocation_scale': 0.19318955768460794, 'gb_scale': 3.7663668196859694, 'gd_bubble_scale': 0.7368559059148229, 'gd_line_scale': 3.2886949494966973, 'gd_line_alpha': 0.40634931357838505, 'coalescence_d_scale': 0.33193504040848437, 'capture_scale': 1.5391926262207838}. Best is trial 444 with value: 2.0614202321115003.
