[I 2026-05-02 23:00:45,562] Trial 1044 finished with value: 2.2656870322461113 and parameters: {'f_n': 3.444450111005149e-07, 'K_d': 117188.71268984891, 'rho_d': 53342523960334.695, 'fission_rate': 4.916751876432541e+19, 'Dg_D1_scale': 0.385026684783744, 'Dg_D3_scale': 1.8629933648808887, 'Dv_D1_scale': 0.3585970983984037, 'Dv_D2_scale': 3.5199819002092747, 'b_bulk_scale': 0.39451268725965344, 'b_dislocation_scale': 0.08093572317231026, 'gb_scale': 2.5419660884931297, 'gd_bubble_scale': 5.552178220416342, 'gd_line_scale': 0.4514319789764909, 'gd_line_alpha': 0.9069683846217788, 'coalescence_d_scale': 0.5043088060141911, 'capture_scale': 0.12625032810964193}. Best is trial 756 with value: 2.012228641160978.Best trial: 756. Best value: 2.01223:  70%|██████▉   | 1044/1500 [1:23:05<43:56,  5.78s/it]Best trial: 756. Best value: 2.01223:  70%|██████▉   | 1044/1500 [1:23:05<43:56,  5.78s/it]Best trial: 756. Best value: 2.01223:  70%|██████▉   | 1045/1500 [1:23:05<41:26,  5.47s/it]                                                                                           Best trial: 756. Best value: 2.01223:  70%|██████▉   | 1045/1500 [1:23:12<41:26,  5.47s/it]Best trial: 756. Best value: 2.01223:  70%|██████▉   | 1045/1500 [1:23:12<41:26,  5.47s/it]Best trial: 756. Best value: 2.01223:  70%|██████▉   | 1046/1500 [1:23:12<43:52,  5.80s/it]                                                                                           Best trial: 756. Best value: 2.01223:  70%|██████▉   | 1046/1500 [1:23:18<43:52,  5.80s/it]Best trial: 756. Best value: 2.01223:  70%|██████▉   | 1046/1500 [1:23:18<43:52,  5.80s/it]Best trial: 756. Best value: 2.01223:  70%|██████▉   | 1047/1500 [1:23:18<45:26,  6.02s/it]                                                                                           Best trial: 756. Best value: 2.01223:  70%|██████▉   | 1047/1500 [1:23:25<45:26,  6.02s/it]Best trial: 756. Best value: 2.01223:  70%|██████▉   | 1047/1500 [1:23:25<45:26,  6.02s/it]Best trial: 756. Best value: 2.01223:  70%|██████▉   | 1048/1500 [1:23:25<46:04,  6.12s/it]                                                                                           Best trial: 756. Best value: 2.01223:  70%|██████▉   | 1048/1500 [1:23:30<46:04,  6.12s/it]Best trial: 756. Best value: 2.01223:  70%|██████▉   | 1048/1500 [1:23:31<46:04,  6.12s/it]Best trial: 756. Best value: 2.01223:  70%|██████▉   | 1049/1500 [1:23:31<45:30,  6.05s/it]                                                                                           Best trial: 756. Best value: 2.01223:  70%|██████▉   | 1049/1500 [1:23:35<45:30,  6.05s/it]Best trial: 756. Best value: 2.01223:  70%|██████▉   | 1049/1500 [1:23:35<45:30,  6.05s/it]Best trial: 756. Best value: 2.01223:  70%|███████   | 1050/1500 [1:23:35<42:12,  5.63s/it]                                                                                           Best trial: 756. Best value: 2.01223:  70%|███████   | 1050/1500 [1:23:41<42:12,  5.63s/it]Best trial: 756. Best value: 2.01223:  70%|███████   | 1050/1500 [1:23:41<42:12,  5.63s/it]Best trial: 756. Best value: 2.01223:  70%|███████   | 1051/1500 [1:23:41<43:07,  5.76s/it]                                                                                           Best trial: 756. Best value: 2.01223:  70%|███████   | 1051/1500 [1:23:47<43:07,  5.76s/it]Best trial: 756. Best value: 2.01223:  70%|███████   | 1051/1500 [1:23:47<43:07,  5.76s/it]Best trial: 756. Best value: 2.01223:  70%|███████   | 1052/1500 [1:23:47<43:47,  5.87s/it]                                                                                           Best trial: 756. Best value: 2.01223:  70%|███████   | 1052/1500 [1:23:53<43:47,  5.87s/it]Best trial: 756. Best value: 2.01223:  70%|███████   | 1052/1500 [1:23:54<43:47,  5.87s/it]Best trial: 756. Best value: 2.01223:  70%|███████   | 1053/1500 [1:23:54<44:30,  5.97s/it]                                                                                           Best trial: 756. Best value: 2.01223:  70%|███████   | 1053/1500 [1:24:00<44:30,  5.97s/it]Best trial: 756. Best value: 2.01223:  70%|███████   | 1053/1500 [1:24:00<44:30,  5.97s/it]Best trial: 756. Best value: 2.01223:  70%|███████   | 1054/1500 [1:24:00<45:09,  6.08s/it]                                                                                           Best trial: 756. Best value: 2.01223:  70%|███████   | 1054/1500 [1:24:04<45:09,  6.08s/it]Best trial: 756. Best value: 2.01223:  70%|███████   | 1054/1500 [1:24:04<45:09,  6.08s/it]Best trial: 756. Best value: 2.01223:  70%|███████   | 1055/1500 [1:24:04<41:17,  5.57s/it]                                                                                           Best trial: 756. Best value: 2.01223:  70%|███████   | 1055/1500 [1:24:10<41:17,  5.57s/it]Best trial: 756. Best value: 2.01223:  70%|███████   | 1055/1500 [1:24:10<41:17,  5.57s/it]Best trial: 756. Best value: 2.01223:  70%|███████   | 1056/1500 [1:24:10<42:10,  5.70s/it]                                                                                           
[I 2026-05-02 23:00:52,164] Trial 1045 finished with value: 10.459382319440175 and parameters: {'f_n': 7.498776467970165e-07, 'K_d': 109993.62223610288, 'rho_d': 65834458017170.234, 'fission_rate': 4.764647398049461e+19, 'Dg_D1_scale': 0.44529801019834137, 'Dg_D3_scale': 1.7420834493901856, 'Dv_D1_scale': 0.34574181567619533, 'Dv_D2_scale': 3.794099078995619, 'b_bulk_scale': 1.2846388276567977, 'b_dislocation_scale': 0.06293961401749809, 'gb_scale': 3.094301634952337, 'gd_bubble_scale': 0.18881480276096707, 'gd_line_scale': 0.5267196749397967, 'gd_line_alpha': 0.9795930634961326, 'coalescence_d_scale': 8.064042920452415, 'capture_scale': 0.11209060569636004}. Best is trial 756 with value: 2.012228641160978.
[I 2026-05-02 23:00:58,591] Trial 1046 finished with value: 2.244260991713493 and parameters: {'f_n': 5.418578625302789e-07, 'K_d': 122886.69885865609, 'rho_d': 57816318429949.516, 'fission_rate': 4.854570893331028e+19, 'Dg_D1_scale': 0.41602052958064684, 'Dg_D3_scale': 1.495182955679623, 'Dv_D1_scale': 0.2998670926318062, 'Dv_D2_scale': 3.467113370738175, 'b_bulk_scale': 0.5366281667655657, 'b_dislocation_scale': 0.08837983896678295, 'gb_scale': 2.343730997513192, 'gd_bubble_scale': 0.14226427589040536, 'gd_line_scale': 0.47045547108046604, 'gd_line_alpha': 0.9396901147887772, 'coalescence_d_scale': 1.0480546997259979, 'capture_scale': 0.2152175631903894}. Best is trial 756 with value: 2.012228641160978.
[I 2026-05-02 23:01:05,054] Trial 1047 finished with value: 3.1656634136510946 and parameters: {'f_n': 2.712106733330739e-07, 'K_d': 116079.9520653291, 'rho_d': 53169433245212.51, 'fission_rate': 4.732061926728716e+19, 'Dg_D1_scale': 0.46614939508180997, 'Dg_D3_scale': 2.223139796954292, 'Dv_D1_scale': 0.4281180228738106, 'Dv_D2_scale': 3.7493893305923813, 'b_bulk_scale': 0.6100786463903438, 'b_dislocation_scale': 0.07258655186547558, 'gb_scale': 2.761577899876631, 'gd_bubble_scale': 0.21604695506156915, 'gd_line_scale': 0.8891846340144351, 'gd_line_alpha': 0.9212625864754073, 'coalescence_d_scale': 0.44094959896297947, 'capture_scale': 0.09306452293852005}. Best is trial 756 with value: 2.012228641160978.
[I 2026-05-02 23:01:10,958] Trial 1048 finished with value: 2.10724764057544 and parameters: {'f_n': 6.277147377111362e-07, 'K_d': 135305.85698907656, 'rho_d': 61087059404844.53, 'fission_rate': 4.965620825777921e+19, 'Dg_D1_scale': 0.3950832060213069, 'Dg_D3_scale': 1.9588855785701613, 'Dv_D1_scale': 0.37403381620364323, 'Dv_D2_scale': 3.4893896598285, 'b_bulk_scale': 0.4876686389513923, 'b_dislocation_scale': 0.07867596401427554, 'gb_scale': 3.0415058330531206, 'gd_bubble_scale': 0.16120712903110135, 'gd_line_scale': 0.6397537528647929, 'gd_line_alpha': 0.9607349997473088, 'coalescence_d_scale': 0.6092457949541208, 'capture_scale': 0.1282190143601028}. Best is trial 756 with value: 2.012228641160978.
[I 2026-05-02 23:01:15,597] Trial 1049 finished with value: 3.594024779415198 and parameters: {'f_n': 4.598383121248982e-07, 'K_d': 105002.92005269117, 'rho_d': 55678500219766.53, 'fission_rate': 4.649861947815968e+19, 'Dg_D1_scale': 0.3630679192012377, 'Dg_D3_scale': 1.4372464605606603, 'Dv_D1_scale': 0.391519137359943, 'Dv_D2_scale': 3.800437617536916, 'b_bulk_scale': 0.3523946257538892, 'b_dislocation_scale': 0.0675605194871672, 'gb_scale': 0.32836816623731596, 'gd_bubble_scale': 0.257663162346613, 'gd_line_scale': 0.5848707127726378, 'gd_line_alpha': 0.9823204940393728, 'coalescence_d_scale': 0.394191681186521, 'capture_scale': 0.10398079674285551}. Best is trial 756 with value: 2.012228641160978.
[I 2026-05-02 23:01:21,669] Trial 1050 finished with value: 2.0830878048087254 and parameters: {'f_n': 7.524656734698051e-07, 'K_d': 128264.35190357617, 'rho_d': 52180345027069.3, 'fission_rate': 4.8037057348502905e+19, 'Dg_D1_scale': 0.5021261716529798, 'Dg_D3_scale': 1.642084939455795, 'Dv_D1_scale': 0.3213055683864567, 'Dv_D2_scale': 3.6260259682415397, 'b_bulk_scale': 0.5499917270013274, 'b_dislocation_scale': 0.055275046165355654, 'gb_scale': 2.518421380143539, 'gd_bubble_scale': 0.2367000556085852, 'gd_line_scale': 0.4082285669308786, 'gd_line_alpha': 0.9441389351498132, 'coalescence_d_scale': 0.5337560876368506, 'capture_scale': 0.0819375811605366}. Best is trial 756 with value: 2.012228641160978.
[I 2026-05-02 23:01:27,774] Trial 1051 finished with value: 2.0586154667298646 and parameters: {'f_n': 5.80486439600192e-07, 'K_d': 112373.52215884488, 'rho_d': 56899254022093.8, 'fission_rate': 4.893514526040369e+19, 'Dg_D1_scale': 0.43880293766706974, 'Dg_D3_scale': 1.7760139609202543, 'Dv_D1_scale': 0.3485035579438938, 'Dv_D2_scale': 3.7909283671697884, 'b_bulk_scale': 0.4471840371929679, 'b_dislocation_scale': 0.09766440675007478, 'gb_scale': 2.8207377796628568, 'gd_bubble_scale': 0.2807181114595428, 'gd_line_scale': 0.756562158304795, 'gd_line_alpha': 0.9049233835755449, 'coalescence_d_scale': 0.4791043972356633, 'capture_scale': 0.11648569831485578}. Best is trial 756 with value: 2.012228641160978.
[I 2026-05-02 23:01:34,005] Trial 1052 finished with value: 4.054422585352044 and parameters: {'f_n': 3.331740571903291e-07, 'K_d': 122342.91083926513, 'rho_d': 63137333193200.41, 'fission_rate': 4.728231667583444e+19, 'Dg_D1_scale': 0.46746647353136916, 'Dg_D3_scale': 1.9940830848803734, 'Dv_D1_scale': 0.4158035020050583, 'Dv_D2_scale': 3.4414577194797134, 'b_bulk_scale': 0.3933175138051623, 'b_dislocation_scale': 0.08498429196430167, 'gb_scale': 0.20927070969571954, 'gd_bubble_scale': 0.1872813870476279, 'gd_line_scale': 0.4954142810290899, 'gd_line_alpha': 0.9278591587185018, 'coalescence_d_scale': 0.5830428552678592, 'capture_scale': 0.13389460544399254}. Best is trial 756 with value: 2.012228641160978.
[I 2026-05-02 23:01:40,316] Trial 1053 finished with value: 2.1978467342350214 and parameters: {'f_n': 4.6963566957975025e-07, 'K_d': 108006.44044785277, 'rho_d': 58874800038871.766, 'fission_rate': 4.6404322560812425e+19, 'Dg_D1_scale': 0.40263519299121964, 'Dg_D3_scale': 1.364190976931898, 'Dv_D1_scale': 0.3719962534481362, 'Dv_D2_scale': 3.791650592471194, 'b_bulk_scale': 0.653721928339126, 'b_dislocation_scale': 0.07082838784473254, 'gb_scale': 3.077635370308832, 'gd_bubble_scale': 0.2901091436389438, 'gd_line_scale': 0.5585048986853298, 'gd_line_alpha': 0.9637499010558981, 'coalescence_d_scale': 0.4309370453424272, 'capture_scale': 0.17532943993680145}. Best is trial 756 with value: 2.012228641160978.
[I 2026-05-02 23:01:44,694] Trial 1054 finished with value: 2.7467864139513023 and parameters: {'f_n': 6.548495618839886e-07, 'K_d': 118024.30898002822, 'rho_d': 67623755214684.81, 'fission_rate': 4.839132368275925e+19, 'Dg_D1_scale': 0.4300706062057018, 'Dg_D3_scale': 2.1746381986154426, 'Dv_D1_scale': 0.33722872792416086, 'Dv_D2_scale': 3.5780468376710766, 'b_bulk_scale': 0.5186602429177914, 'b_dislocation_scale': 0.060943198122887746, 'gb_scale': 2.313496958355439, 'gd_bubble_scale': 0.22097500922128155, 'gd_line_scale': 0.6542784634444339, 'gd_line_alpha': 0.9436079166078184, 'coalescence_d_scale': 0.38846551874968127, 'capture_scale': 0.10089844189986348}. Best is trial 756 with value: 2.012228641160978.
[I 2026-05-02 23:01:50,708] Trial 1055 finished with value: 2.244033592955721 and parameters: {'f_n': 7.69254161565238e-07, 'K_d': 127650.27730088079, 'rho_d': 54036947440080.37, 'fission_rate': 4.933285576566633e+19, 'Dg_D1_scale': 0.369878423496148, 'Dg_D3_scale': 1.6270868113278094, 'Dv_D1_scale': 0.4009803857090645, 'Dv_D2_scale': 3.994819887244231, 'b_bulk_scale': 0.6006811767575124, 'b_dislocation_scale': 0.07849182794269119, 'gb_scale': 3.1508267061348714, 'gd_bubble_scale': 0.11912228078163481, 'gd_line_scale': 0.45701032166860733, 'gd_line_alpha': 0.9821316886608868, 'coalescence_d_scale': 0.4749319300873689, 'capture_scale': 0.13824578137418658}. Best is trial 756 with value: 2.012228641160978.
[I 2026-05-02 23:01:56,839] Trial 1056 finished with value: 2.0231526026371482 and parameters: {'f_n': 4.190411296842577e-07, 'K_d': 113642.85734888335, 'rho_d': 60760412927249.52, 'fission_rate': 4.758232805192939e+19, 'Dg_D1_scale': 0.336740743012301, 'Dg_D3_scale': 1.800974772085999, 'Dv_D1_scale': 0.3160333944859841, 'Dv_D2_scale': 3.992231694463403, 'b_bulk_scale': 0.46984199637719914, 'b_dislocation_scale': 0.08895375322375747, 'gb_scale': 2.6282639683445153, 'gd_bubble_scale': 0.15647320077906407, 'gd_line_scale': 0.5237522581643006, 'gd_line_alpha': 0.9182827718369627, 'coalescence_d_scale': 0.5282078618885618, 'capture_scale': 0.08530906443128204}. Best is trial 756 with value: 2.012228641160978.Best trial: 756. Best value: 2.01223:  70%|███████   | 1056/1500 [1:24:16<42:10,  5.70s/it]Best trial: 756. Best value: 2.01223:  70%|███████   | 1056/1500 [1:24:16<42:10,  5.70s/it]Best trial: 756. Best value: 2.01223:  70%|███████   | 1057/1500 [1:24:16<43:03,  5.83s/it]                                                                                           Best trial: 756. Best value: 2.01223:  70%|███████   | 1057/1500 [1:24:23<43:03,  5.83s/it]Best trial: 756. Best value: 2.01223:  70%|███████   | 1057/1500 [1:24:23<43:03,  5.83s/it]Best trial: 756. Best value: 2.01223:  71%|███████   | 1058/1500 [1:24:23<44:03,  5.98s/it]                                                                                           Best trial: 756. Best value: 2.01223:  71%|███████   | 1058/1500 [1:24:29<44:03,  5.98s/it]Best trial: 756. Best value: 2.01223:  71%|███████   | 1058/1500 [1:24:29<44:03,  5.98s/it]Best trial: 756. Best value: 2.01223:  71%|███████   | 1059/1500 [1:24:29<43:47,  5.96s/it]                                                                                           Best trial: 756. Best value: 2.01223:  71%|███████   | 1059/1500 [1:24:33<43:47,  5.96s/it]Best trial: 756. Best value: 2.01223:  71%|███████   | 1059/1500 [1:24:33<43:47,  5.96s/it]Best trial: 756. Best value: 2.01223:  71%|███████   | 1060/1500 [1:24:33<40:33,  5.53s/it]                                                                                           Best trial: 756. Best value: 2.01223:  71%|███████   | 1060/1500 [1:24:39<40:33,  5.53s/it]Best trial: 756. Best value: 2.01223:  71%|███████   | 1060/1500 [1:24:39<40:33,  5.53s/it]Best trial: 756. Best value: 2.01223:  71%|███████   | 1061/1500 [1:24:39<41:33,  5.68s/it]                                                                                           Best trial: 756. Best value: 2.01223:  71%|███████   | 1061/1500 [1:24:45<41:33,  5.68s/it]Best trial: 756. Best value: 2.01223:  71%|███████   | 1061/1500 [1:24:45<41:33,  5.68s/it]Best trial: 756. Best value: 2.01223:  71%|███████   | 1062/1500 [1:24:45<42:23,  5.81s/it]                                                                                           Best trial: 756. Best value: 2.01223:  71%|███████   | 1062/1500 [1:24:51<42:23,  5.81s/it]Best trial: 756. Best value: 2.01223:  71%|███████   | 1062/1500 [1:24:51<42:23,  5.81s/it]Best trial: 756. Best value: 2.01223:  71%|███████   | 1063/1500 [1:24:51<42:38,  5.85s/it]                                                                                           Best trial: 756. Best value: 2.01223:  71%|███████   | 1063/1500 [1:24:57<42:38,  5.85s/it]Best trial: 756. Best value: 2.01223:  71%|███████   | 1063/1500 [1:24:57<42:38,  5.85s/it]Best trial: 756. Best value: 2.01223:  71%|███████   | 1064/1500 [1:24:57<43:15,  5.95s/it]                                                                                           Best trial: 756. Best value: 2.01223:  71%|███████   | 1064/1500 [1:25:03<43:15,  5.95s/it]Best trial: 756. Best value: 2.01223:  71%|███████   | 1064/1500 [1:25:03<43:15,  5.95s/it]Best trial: 756. Best value: 2.01223:  71%|███████   | 1065/1500 [1:25:03<43:00,  5.93s/it]                                                                                           Best trial: 756. Best value: 2.01223:  71%|███████   | 1065/1500 [1:25:08<43:00,  5.93s/it]Best trial: 756. Best value: 2.01223:  71%|███████   | 1065/1500 [1:25:08<43:00,  5.93s/it]Best trial: 756. Best value: 2.01223:  71%|███████   | 1066/1500 [1:25:08<40:17,  5.57s/it]                                                                                           Best trial: 756. Best value: 2.01223:  71%|███████   | 1066/1500 [1:25:15<40:17,  5.57s/it]Best trial: 756. Best value: 2.01223:  71%|███████   | 1066/1500 [1:25:15<40:17,  5.57s/it]Best trial: 756. Best value: 2.01223:  71%|███████   | 1067/1500 [1:25:15<42:58,  5.95s/it]                                                                                           Best trial: 756. Best value: 2.01223:  71%|███████   | 1067/1500 [1:25:21<42:58,  5.95s/it]Best trial: 756. Best value: 2.01223:  71%|███████   | 1067/1500 [1:25:21<42:58,  5.95s/it]Best trial: 756. Best value: 2.01223:  71%|███████   | 1068/1500 [1:25:21<44:05,  6.12s/it]                                                                                           
[I 2026-05-02 23:02:03,170] Trial 1057 finished with value: 2.228318240715965 and parameters: {'f_n': 2.3970326600941334e-07, 'K_d': 105554.72285024928, 'rho_d': 66349764928602.7, 'fission_rate': 4.633709930131713e+19, 'Dg_D1_scale': 0.33623996993459254, 'Dg_D3_scale': 1.8458027659822738, 'Dv_D1_scale': 0.30017399867236055, 'Dv_D2_scale': 3.7987120454438377, 'b_bulk_scale': 0.5438247047320844, 'b_dislocation_scale': 0.10108663143344901, 'gb_scale': 2.793022227416944, 'gd_bubble_scale': 0.1537562299632817, 'gd_line_scale': 0.5995166538013552, 'gd_line_alpha': 0.9059306757832745, 'coalescence_d_scale': 0.5863939635681127, 'capture_scale': 0.07792818260911771}. Best is trial 756 with value: 2.012228641160978.
[I 2026-05-02 23:02:09,078] Trial 1058 finished with value: 2.475934930675255 and parameters: {'f_n': 3.732834798360454e-07, 'K_d': 100706.95012784874, 'rho_d': 62977273091719.625, 'fission_rate': 5.004808646865504e+19, 'Dg_D1_scale': 0.3302268345844194, 'Dg_D3_scale': 1.9118355086514078, 'Dv_D1_scale': 0.3231572584803131, 'Dv_D2_scale': 3.9895123450259495, 'b_bulk_scale': 0.48307634076570255, 'b_dislocation_scale': 0.09044704937327577, 'gb_scale': 3.2771455639463483, 'gd_bubble_scale': 0.14965609076559627, 'gd_line_scale': 0.34557420632423497, 'gd_line_alpha': 0.9099146517708052, 'coalescence_d_scale': 0.5351992581389613, 'capture_scale': 0.06873608785114375}. Best is trial 756 with value: 2.012228641160978.
[I 2026-05-02 23:02:13,612] Trial 1059 finished with value: 2.695272743478628 and parameters: {'f_n': 2.838064512858139e-07, 'K_d': 112857.75224971151, 'rho_d': 62041936497109.68, 'fission_rate': 4.714352167887755e+19, 'Dg_D1_scale': 0.355642940316025, 'Dg_D3_scale': 2.03537160944087, 'Dv_D1_scale': 0.307272478292115, 'Dv_D2_scale': 3.6195736824165037, 'b_bulk_scale': 0.5971564401938392, 'b_dislocation_scale': 0.09065788566991713, 'gb_scale': 2.4079405844679878, 'gd_bubble_scale': 0.1409069894763038, 'gd_line_scale': 0.739403060805126, 'gd_line_alpha': 0.9261970777322872, 'coalescence_d_scale': 0.5990438811862363, 'capture_scale': 0.08929815778926942}. Best is trial 756 with value: 2.012228641160978.
[I 2026-05-02 23:02:19,636] Trial 1060 finished with value: 2.84094552752085 and parameters: {'f_n': 3.7026001152274243e-07, 'K_d': 100014.73889875354, 'rho_d': 60845847292244.74, 'fission_rate': 4.84179549010247e+19, 'Dg_D1_scale': 0.3505164593468157, 'Dg_D3_scale': 1.8400719858295447, 'Dv_D1_scale': 0.31472838684920335, 'Dv_D2_scale': 3.772234892272421, 'b_bulk_scale': 0.5024188324471462, 'b_dislocation_scale': 0.07888891136232538, 'gb_scale': 2.920779315059388, 'gd_bubble_scale': 0.13611788742839245, 'gd_line_scale': 0.2266258270168157, 'gd_line_alpha': 0.2242113269787434, 'coalescence_d_scale': 0.5570602561839586, 'capture_scale': 0.20004327175190725}. Best is trial 756 with value: 2.012228641160978.
[I 2026-05-02 23:02:25,747] Trial 1061 finished with value: 2.0921303340207027 and parameters: {'f_n': 4.272280565278153e-07, 'K_d': 110008.69035791238, 'rho_d': 68767274857380.766, 'fission_rate': 4.77448456992886e+19, 'Dg_D1_scale': 0.3410232796969055, 'Dg_D3_scale': 1.767785291073572, 'Dv_D1_scale': 0.3327576647489074, 'Dv_D2_scale': 3.974278969071762, 'b_bulk_scale': 0.544500035030747, 'b_dislocation_scale': 0.10245740025957205, 'gb_scale': 2.590765267199816, 'gd_bubble_scale': 0.16733415451319555, 'gd_line_scale': 0.41553154057525116, 'gd_line_alpha': 0.8999395067460831, 'coalescence_d_scale': 0.5088596306814825, 'capture_scale': 0.16127996594584923}. Best is trial 756 with value: 2.012228641160978.
