[I 2026-05-02 21:49:16,409] Trial 162 finished with value: 2.4289472421792486 and parameters: {'f_n': 7.506800571540948e-07, 'K_d': 219700.27208268674, 'rho_d': 40690358668021.86, 'fission_rate': 7.733089268847963e+19, 'Dg_D1_scale': 1.2916834659720837, 'Dg_D3_scale': 0.15874017445647204, 'Dv_D1_scale': 0.3306318490613803, 'Dv_D2_scale': 3.304627086670362, 'b_bulk_scale': 0.11258441152121969, 'b_dislocation_scale': 0.5135902268687181, 'gb_scale': 1.0777452742702394, 'gd_bubble_scale': 0.0842703528454482, 'gd_line_scale': 8.789801882953748, 'gd_line_alpha': 0.7169733221743874, 'coalescence_d_scale': 0.19542166548813927, 'capture_scale': 0.03624588709327957}. Best is trial 61 with value: 2.286562733614546.
[I 2026-05-02 21:49:20,263] Trial 163 finished with value: 2.559981203234791 and parameters: {'f_n': 5.41051044996784e-07, 'K_d': 322035.48960715166, 'rho_d': 44267215690589.79, 'fission_rate': 6.4688986960903864e+19, 'Dg_D1_scale': 1.4150011219145555, 'Dg_D3_scale': 0.26939660741297844, 'Dv_D1_scale': 0.2820067593091516, 'Dv_D2_scale': 3.9020178256600935, 'b_bulk_scale': 0.08300686580055955, 'b_dislocation_scale': 0.8222443298159161, 'gb_scale': 0.7942353107478478, 'gd_bubble_scale': 0.096512271430191, 'gd_line_scale': 5.925006821612612, 'gd_line_alpha': 0.8050179814956564, 'coalescence_d_scale': 0.230905837954376, 'capture_scale': 0.030885027282666053}. Best is trial 61 with value: 2.286562733614546.
[I 2026-05-02 21:49:24,345] Trial 164 finished with value: 2.2926986009404016 and parameters: {'f_n': 1.727111989118036e-06, 'K_d': 188432.82627443527, 'rho_d': 38883656172825.5, 'fission_rate': 7.837245179266844e+19, 'Dg_D1_scale': 1.1561394144272181, 'Dg_D3_scale': 0.20201507428067644, 'Dv_D1_scale': 0.34719707208959905, 'Dv_D2_scale': 3.5649998532694407, 'b_bulk_scale': 0.10340662501452297, 'b_dislocation_scale': 0.6636841903764423, 'gb_scale': 0.7002357351566206, 'gd_bubble_scale': 0.0758978529843113, 'gd_line_scale': 7.902249339490057, 'gd_line_alpha': 0.6760809438544474, 'coalescence_d_scale': 0.28273596848611654, 'capture_scale': 0.044936788810522876}. Best is trial 61 with value: 2.286562733614546.
[I 2026-05-02 21:49:28,289] Trial 165 finished with value: 2.4857046530120224 and parameters: {'f_n': 2.2934136858846932e-06, 'K_d': 186033.37124415353, 'rho_d': 38638154185618.02, 'fission_rate': 7.66268954009574e+19, 'Dg_D1_scale': 1.2099568069120026, 'Dg_D3_scale': 0.1940301874911722, 'Dv_D1_scale': 0.36883263889870505, 'Dv_D2_scale': 3.59182357530315, 'b_bulk_scale': 0.15923468621631898, 'b_dislocation_scale': 0.7354266136290627, 'gb_scale': 0.9019730766666084, 'gd_bubble_scale': 0.056829094648785904, 'gd_line_scale': 6.643107501058973, 'gd_line_alpha': 0.747849222047235, 'coalescence_d_scale': 0.27499537442492, 'capture_scale': 0.03577799441068798}. Best is trial 61 with value: 2.286562733614546.
[I 2026-05-02 21:49:32,260] Trial 166 finished with value: 2.2788634746890937 and parameters: {'f_n': 1.8719728107141884e-06, 'K_d': 240575.3914948318, 'rho_d': 36031037430545.74, 'fission_rate': 7.829341241178746e+19, 'Dg_D1_scale': 1.337496501318319, 'Dg_D3_scale': 0.16954443976246542, 'Dv_D1_scale': 0.4152742613084072, 'Dv_D2_scale': 3.3037860181000607, 'b_bulk_scale': 0.13386000382233673, 'b_dislocation_scale': 0.5876698311658483, 'gb_scale': 0.7069481981458086, 'gd_bubble_scale': 0.06370249138903707, 'gd_line_scale': 7.770991190258601, 'gd_line_alpha': 0.6763589886784703, 'coalescence_d_scale': 0.45289653144675013, 'capture_scale': 0.026052485769139207}. Best is trial 166 with value: 2.2788634746890937.
[I 2026-05-02 21:49:36,163] Trial 167 finished with value: 2.3956538330866324 and parameters: {'f_n': 1.6816548334677889e-06, 'K_d': 216961.23430441308, 'rho_d': 35453985468417.52, 'fission_rate': 7.806318481627842e+19, 'Dg_D1_scale': 1.6603466460257323, 'Dg_D3_scale': 0.1674970599085482, 'Dv_D1_scale': 0.5531191627288431, 'Dv_D2_scale': 2.904195985581282, 'b_bulk_scale': 0.10465990533317986, 'b_dislocation_scale': 0.5618898924354688, 'gb_scale': 0.7234604346718836, 'gd_bubble_scale': 0.06454326904363349, 'gd_line_scale': 7.889493502194847, 'gd_line_alpha': 0.6754119396127772, 'coalescence_d_scale': 0.46564538266825256, 'capture_scale': 0.025609045726808364}. Best is trial 166 with value: 2.2788634746890937.
[I 2026-05-02 21:49:40,200] Trial 168 finished with value: 2.4224667837087486 and parameters: {'f_n': 1.0977030626181487e-06, 'K_d': 241258.0004863863, 'rho_d': 32613227788696.055, 'fission_rate': 7.561962573561992e+19, 'Dg_D1_scale': 1.4765257492059642, 'Dg_D3_scale': 0.20660899385684994, 'Dv_D1_scale': 0.4514115490034168, 'Dv_D2_scale': 3.2967994267119587, 'b_bulk_scale': 0.1195236942852531, 'b_dislocation_scale': 0.3546313991613135, 'gb_scale': 1.1819278698253974, 'gd_bubble_scale': 0.06981831204305089, 'gd_line_scale': 7.743964675066351, 'gd_line_alpha': 0.6865550487448118, 'coalescence_d_scale': 0.3863834785079153, 'capture_scale': 0.021820285108751503}. Best is trial 166 with value: 2.2788634746890937.Best trial: 166. Best value: 2.27886:  11%|█         | 168/1500 [12:00<1:26:13,  3.88s/it]Best trial: 166. Best value: 2.27886:  11%|█         | 168/1500 [12:00<1:26:13,  3.88s/it]Best trial: 166. Best value: 2.27886:  11%|█▏        | 169/1500 [12:00<1:27:10,  3.93s/it]                                                                                          Best trial: 166. Best value: 2.27886:  11%|█▏        | 169/1500 [12:02<1:27:10,  3.93s/it]Best trial: 166. Best value: 2.27886:  11%|█▏        | 169/1500 [12:02<1:27:10,  3.93s/it]Best trial: 166. Best value: 2.27886:  11%|█▏        | 170/1500 [12:02<1:17:12,  3.48s/it]                                                                                          Best trial: 166. Best value: 2.27886:  11%|█▏        | 170/1500 [12:06<1:17:12,  3.48s/it]Best trial: 166. Best value: 2.27886:  11%|█▏        | 170/1500 [12:06<1:17:12,  3.48s/it]Best trial: 166. Best value: 2.27886:  11%|█▏        | 171/1500 [12:06<1:19:33,  3.59s/it]                                                                                          Best trial: 166. Best value: 2.27886:  11%|█▏        | 171/1500 [12:10<1:19:33,  3.59s/it]Best trial: 166. Best value: 2.27886:  11%|█▏        | 171/1500 [12:10<1:19:33,  3.59s/it]Best trial: 166. Best value: 2.27886:  11%|█▏        | 172/1500 [12:10<1:21:52,  3.70s/it]                                                                                          Best trial: 166. Best value: 2.27886:  11%|█▏        | 172/1500 [12:15<1:21:52,  3.70s/it]Best trial: 166. Best value: 2.27886:  11%|█▏        | 172/1500 [12:15<1:21:52,  3.70s/it]Best trial: 166. Best value: 2.27886:  12%|█▏        | 173/1500 [12:15<1:33:17,  4.22s/it]                                                                                          Best trial: 166. Best value: 2.27886:  12%|█▏        | 173/1500 [12:19<1:33:17,  4.22s/it]Best trial: 166. Best value: 2.27886:  12%|█▏        | 173/1500 [12:19<1:33:17,  4.22s/it]Best trial: 166. Best value: 2.27886:  12%|█▏        | 174/1500 [12:19<1:30:05,  4.08s/it]                                                                                          Best trial: 166. Best value: 2.27886:  12%|█▏        | 174/1500 [12:23<1:30:05,  4.08s/it]Best trial: 166. Best value: 2.27886:  12%|█▏        | 174/1500 [12:23<1:30:05,  4.08s/it]Best trial: 166. Best value: 2.27886:  12%|█▏        | 175/1500 [12:23<1:27:59,  3.98s/it]                                                                                          Best trial: 166. Best value: 2.27886:  12%|█▏        | 175/1500 [12:27<1:27:59,  3.98s/it]Best trial: 166. Best value: 2.27886:  12%|█▏        | 175/1500 [12:27<1:27:59,  3.98s/it]Best trial: 166. Best value: 2.27886:  12%|█▏        | 176/1500 [12:27<1:27:51,  3.98s/it]                                                                                          Best trial: 166. Best value: 2.27886:  12%|█▏        | 176/1500 [12:30<1:27:51,  3.98s/it]Best trial: 166. Best value: 2.27886:  12%|█▏        | 176/1500 [12:30<1:27:51,  3.98s/it]Best trial: 166. Best value: 2.27886:  12%|█▏        | 177/1500 [12:30<1:23:09,  3.77s/it]                                                                                          Best trial: 166. Best value: 2.27886:  12%|█▏        | 177/1500 [12:33<1:23:09,  3.77s/it]Best trial: 166. Best value: 2.27886:  12%|█▏        | 177/1500 [12:33<1:23:09,  3.77s/it]Best trial: 166. Best value: 2.27886:  12%|█▏        | 178/1500 [12:33<1:14:16,  3.37s/it]                                                                                          Best trial: 166. Best value: 2.27886:  12%|█▏        | 178/1500 [12:36<1:14:16,  3.37s/it]Best trial: 166. Best value: 2.27886:  12%|█▏        | 178/1500 [12:36<1:14:16,  3.37s/it]Best trial: 166. Best value: 2.27886:  12%|█▏        | 179/1500 [12:36<1:17:52,  3.54s/it]                                                                                          Best trial: 166. Best value: 2.27886:  12%|█▏        | 179/1500 [12:41<1:17:52,  3.54s/it]Best trial: 166. Best value: 2.27886:  12%|█▏        | 179/1500 [12:41<1:17:52,  3.54s/it]Best trial: 166. Best value: 2.27886:  12%|█▏        | 180/1500 [12:41<1:21:33,  3.71s/it]                                                                                          
[I 2026-05-02 21:49:42,642] Trial 169 finished with value: 2.4000914410782803 and parameters: {'f_n': 1.3778050956076512e-06, 'K_d': 234923.43477017558, 'rho_d': 29222574192557.07, 'fission_rate': 7.711881039888967e+19, 'Dg_D1_scale': 1.3371715215437194, 'Dg_D3_scale': 0.18183827340155384, 'Dv_D1_scale': 0.4113789672832527, 'Dv_D2_scale': 2.648973243123248, 'b_bulk_scale': 0.18381076913512776, 'b_dislocation_scale': 0.4902106965114112, 'gb_scale': 0.8023288609771507, 'gd_bubble_scale': 0.05037351353579843, 'gd_line_scale': 5.164808369755621, 'gd_line_alpha': 0.6455797313916138, 'coalescence_d_scale': 0.42646643985326416, 'capture_scale': 0.04489677471744482}. Best is trial 166 with value: 2.2788634746890937.
[I 2026-05-02 21:49:46,488] Trial 170 finished with value: 2.533550568689747 and parameters: {'f_n': 2.849993148984904e-06, 'K_d': 184123.77186738516, 'rho_d': 36165949980534.93, 'fission_rate': 7.831313972069578e+19, 'Dg_D1_scale': 1.1571057896148995, 'Dg_D3_scale': 0.19917225909869637, 'Dv_D1_scale': 0.35092787481116994, 'Dv_D2_scale': 2.505343995981362, 'b_bulk_scale': 0.10444097539375809, 'b_dislocation_scale': 0.711682075296515, 'gb_scale': 0.6548507950789151, 'gd_bubble_scale': 0.05659513178431504, 'gd_line_scale': 7.253807403003709, 'gd_line_alpha': 0.7177286380696094, 'coalescence_d_scale': 0.327715098982758, 'capture_scale': 0.02692008854315155}. Best is trial 166 with value: 2.2788634746890937.
[I 2026-05-02 21:49:50,438] Trial 171 finished with value: 2.3512536266119874 and parameters: {'f_n': 2.1247889632675462e-06, 'K_d': 270439.5188871618, 'rho_d': 41989585654784.69, 'fission_rate': 7.891893994405421e+19, 'Dg_D1_scale': 0.9993871102608216, 'Dg_D3_scale': 0.15814983375575914, 'Dv_D1_scale': 0.3107578355556722, 'Dv_D2_scale': 3.472664983395573, 'b_bulk_scale': 0.1348436549891144, 'b_dislocation_scale': 0.6035002867760199, 'gb_scale': 0.711312882058986, 'gd_bubble_scale': 0.07963277736724798, 'gd_line_scale': 6.790288518974077, 'gd_line_alpha': 0.6721329614760126, 'coalescence_d_scale': 0.2914958485712493, 'capture_scale': 0.03128617749352199}. Best is trial 166 with value: 2.2788634746890937.
[I 2026-05-02 21:49:55,866] Trial 172 finished with value: 2.787019731822869 and parameters: {'f_n': 1.995382459917401e-06, 'K_d': 262999.6486969063, 'rho_d': 39543085865206.77, 'fission_rate': 5.426940047999419e+19, 'Dg_D1_scale': 0.9711399979222892, 'Dg_D3_scale': 0.16762374395325585, 'Dv_D1_scale': 0.3016701790016166, 'Dv_D2_scale': 3.438406833294317, 'b_bulk_scale': 0.15432089388027634, 'b_dislocation_scale': 0.40464392213893113, 'gb_scale': 0.6995995710932252, 'gd_bubble_scale': 0.100731834589318, 'gd_line_scale': 8.845667887356347, 'gd_line_alpha': 0.6421680768019594, 'coalescence_d_scale': 0.3746787055867492, 'capture_scale': 0.037524336523807836}. Best is trial 166 with value: 2.2788634746890937.
[I 2026-05-02 21:49:59,611] Trial 173 finished with value: 2.7895573374181675 and parameters: {'f_n': 1.8699954831896142e-06, 'K_d': 212500.05128504525, 'rho_d': 33527569809685.35, 'fission_rate': 7.876468965640398e+19, 'Dg_D1_scale': 1.0509787110661166, 'Dg_D3_scale': 0.1765553917642535, 'Dv_D1_scale': 0.37404240289066765, 'Dv_D2_scale': 3.8178188555558643, 'b_bulk_scale': 0.13838986879755877, 'b_dislocation_scale': 0.6627518913772944, 'gb_scale': 0.8919744679622633, 'gd_bubble_scale': 0.06315791502585345, 'gd_line_scale': 5.736280963174119, 'gd_line_alpha': 0.6704966191043364, 'coalescence_d_scale': 0.3372087889841067, 'capture_scale': 0.03156139127201956}. Best is trial 166 with value: 2.2788634746890937.
[I 2026-05-02 21:50:03,381] Trial 174 finished with value: 2.610648780031935 and parameters: {'f_n': 1.43881176092173e-06, 'K_d': 253810.554581324, 'rho_d': 41795710418161.34, 'fission_rate': 7.777819597032563e+19, 'Dg_D1_scale': 1.1841526023541906, 'Dg_D3_scale': 0.1893934117501232, 'Dv_D1_scale': 0.3429114355727311, 'Dv_D2_scale': 3.1983207033712917, 'b_bulk_scale': 0.12587454147295363, 'b_dislocation_scale': 0.850608869367583, 'gb_scale': 1.0500154401559285, 'gd_bubble_scale': 0.07319609377545507, 'gd_line_scale': 7.830644410775542, 'gd_line_alpha': 0.7096886911791374, 'coalescence_d_scale': 0.17213697600264272, 'capture_scale': 0.016109986603763286}. Best is trial 166 with value: 2.2788634746890937.
[I 2026-05-02 21:50:07,358] Trial 175 finished with value: 2.818335302047589 and parameters: {'f_n': 4.272843194698098e-07, 'K_d': 291662.9011347202, 'rho_d': 51315008691327.91, 'fission_rate': 7.687588555397128e+19, 'Dg_D1_scale': 1.3588516254792715, 'Dg_D3_scale': 0.24847314119711855, 'Dv_D1_scale': 0.30367145870648377, 'Dv_D2_scale': 2.934155268493707, 'b_bulk_scale': 0.11234306087835152, 'b_dislocation_scale': 0.5903273829920694, 'gb_scale': 0.561711045144233, 'gd_bubble_scale': 0.056248847420818135, 'gd_line_scale': 7.05754219134301, 'gd_line_alpha': 0.5268669449420061, 'coalescence_d_scale': 0.5499569118142233, 'capture_scale': 0.04818078889527796}. Best is trial 166 with value: 2.2788634746890937.
[I 2026-05-02 21:50:10,635] Trial 176 finished with value: 2.6756140614709327 and parameters: {'f_n': 9.695035308797e-07, 'K_d': 272851.79031563154, 'rho_d': 36483384287918.73, 'fission_rate': 7.917087443085202e+19, 'Dg_D1_scale': 1.0226771673915331, 'Dg_D3_scale': 0.20531647755928045, 'Dv_D1_scale': 0.28197351857048747, 'Dv_D2_scale': 3.9841953471185567, 'b_bulk_scale': 0.08047826255648349, 'b_dislocation_scale': 1.1031728806779004, 'gb_scale': 0.7303719521494088, 'gd_bubble_scale': 0.08884472990915336, 'gd_line_scale': 9.923922418879318, 'gd_line_alpha': 0.682583948692753, 'coalescence_d_scale': 0.3105032755284911, 'capture_scale': 0.0384152421883207}. Best is trial 166 with value: 2.2788634746890937.
[I 2026-05-02 21:50:13,071] Trial 177 finished with value: 2.3127842027695382 and parameters: {'f_n': 2.075368141463669e-06, 'K_d': 230458.9772704709, 'rho_d': 38346309807610.42, 'fission_rate': 7.607807346344391e+19, 'Dg_D1_scale': 1.446023053960284, 'Dg_D3_scale': 0.16807815660333256, 'Dv_D1_scale': 0.3452451845560703, 'Dv_D2_scale': 3.3935496540174173, 'b_bulk_scale': 0.12037494170438173, 'b_dislocation_scale': 0.757393026199066, 'gb_scale': 0.6414427166047052, 'gd_bubble_scale': 0.08294263840766739, 'gd_line_scale': 8.853050120193098, 'gd_line_alpha': 0.6508738820582711, 'coalescence_d_scale': 0.26389120749468886, 'capture_scale': 0.02497484409517101}. Best is trial 166 with value: 2.2788634746890937.
[I 2026-05-02 21:50:16,999] Trial 178 finished with value: 2.4301298929525195 and parameters: {'f_n': 2.1807234201857607e-06, 'K_d': 201018.69960928275, 'rho_d': 43499485992243.14, 'fission_rate': 7.605679228611052e+19, 'Dg_D1_scale': 1.122164862315354, 'Dg_D3_scale': 0.15265100715776, 'Dv_D1_scale': 0.4115226137010144, 'Dv_D2_scale': 3.555112706913995, 'b_bulk_scale': 0.10182946696888358, 'b_dislocation_scale': 0.7781138642090292, 'gb_scale': 0.8158541981113131, 'gd_bubble_scale': 0.08314430792499958, 'gd_line_scale': 8.05006610060993, 'gd_line_alpha': 0.6367782374561541, 'coalescence_d_scale': 0.2755753987274796, 'capture_scale': 0.024408512004105175}. Best is trial 166 with value: 2.2788634746890937.
[I 2026-05-02 21:50:21,101] Trial 179 finished with value: 3.7885604135222546 and parameters: {'f_n': 3.9518305709279185e-10, 'K_d': 231958.97359264348, 'rho_d': 31216700629931.844, 'fission_rate': 7.730471480547359e+19, 'Dg_D1_scale': 1.51097293129661, 'Dg_D3_scale': 0.16252267862856937, 'Dv_D1_scale': 0.3137520951265364, 'Dv_D2_scale': 3.3449078596083237, 'b_bulk_scale': 0.07241759741335274, 'b_dislocation_scale': 0.48221456997709805, 'gb_scale': 0.6240517407714334, 'gd_bubble_scale': 0.10746584555104587, 'gd_line_scale': 6.757452127268729, 'gd_line_alpha': 0.6577705138957465, 'coalescence_d_scale': 0.2402211283585957, 'capture_scale': 0.028860626485206917}. Best is trial 166 with value: 2.2788634746890937.
