[I 2026-05-02 21:42:00,883] Trial 54 finished with value: 3.3127581162031015 and parameters: {'f_n': 1.5851745634562562e-06, 'K_d': 371662.7960294865, 'rho_d': 14988779012453.059, 'fission_rate': 4.224217250005604e+19, 'Dg_D1_scale': 0.2886679705567053, 'Dg_D3_scale': 0.7559142988409515, 'Dv_D1_scale': 0.37211446420181143, 'Dv_D2_scale': 0.25687399589620075, 'b_bulk_scale': 0.06662731242723542, 'b_dislocation_scale': 0.12053184062498401, 'gb_scale': 0.5963404719175365, 'gd_bubble_scale': 5.065271750946517, 'gd_line_scale': 1.3273667306801467, 'gd_line_alpha': 0.3172511419095134, 'coalescence_d_scale': 1.3091891782731113, 'capture_scale': 0.018519616214021307}. Best is trial 16 with value: 2.6293409308463893.
[I 2026-05-02 21:42:05,551] Trial 55 finished with value: 2.7413444778476967 and parameters: {'f_n': 3.168147700130747e-07, 'K_d': 230300.16942936648, 'rho_d': 12402906307693.273, 'fission_rate': 4.5809577744742285e+19, 'Dg_D1_scale': 0.21238592813261856, 'Dg_D3_scale': 0.6821617069727073, 'Dv_D1_scale': 0.798388589551016, 'Dv_D2_scale': 2.2990433037511613, 'b_bulk_scale': 0.036029326188692076, 'b_dislocation_scale': 0.0717819432222374, 'gb_scale': 0.8231328389525517, 'gd_bubble_scale': 2.4856768071819437, 'gd_line_scale': 3.784431769965002, 'gd_line_alpha': 0.25830353602537304, 'coalescence_d_scale': 0.6832959452823526, 'capture_scale': 0.04115552610192566}. Best is trial 16 with value: 2.6293409308463893.
[I 2026-05-02 21:42:11,560] Trial 56 finished with value: 2.4495534422462883 and parameters: {'f_n': 1.3287940391392622e-07, 'K_d': 226051.51645963034, 'rho_d': 12767647385914.11, 'fission_rate': 4.816038352441436e+19, 'Dg_D1_scale': 0.19730208995431053, 'Dg_D3_scale': 0.3935185064541263, 'Dv_D1_scale': 0.22090639566380965, 'Dv_D2_scale': 2.214019383192672, 'b_bulk_scale': 0.03523646986006346, 'b_dislocation_scale': 0.06602416342997247, 'gb_scale': 0.779455563680526, 'gd_bubble_scale': 2.6852671475957415, 'gd_line_scale': 4.125588185920046, 'gd_line_alpha': 0.39355908780834353, 'coalescence_d_scale': 0.5068617253087768, 'capture_scale': 0.03926262846694851}. Best is trial 56 with value: 2.4495534422462883.
[I 2026-05-02 21:42:17,607] Trial 57 finished with value: 2.8493888947807804 and parameters: {'f_n': 1.7331192112168117e-07, 'K_d': 229780.28134917156, 'rho_d': 12813367269653.143, 'fission_rate': 4.805630934356997e+19, 'Dg_D1_scale': 0.1676900860342851, 'Dg_D3_scale': 0.362023289317165, 'Dv_D1_scale': 0.7834811714316359, 'Dv_D2_scale': 2.2055381348869223, 'b_bulk_scale': 0.03223872527608338, 'b_dislocation_scale': 0.07669861564508872, 'gb_scale': 0.6103899687769665, 'gd_bubble_scale': 1.7915823960897497, 'gd_line_scale': 4.052383744159423, 'gd_line_alpha': 0.4146308898327604, 'coalescence_d_scale': 0.49959465645284157, 'capture_scale': 0.03963984698316596}. Best is trial 56 with value: 2.4495534422462883.
[I 2026-05-02 21:42:22,026] Trial 58 finished with value: 3.6074644531490705 and parameters: {'f_n': 1.2206970744740294e-07, 'K_d': 167682.7001429075, 'rho_d': 9651786578010.293, 'fission_rate': 6.792724322749501e+19, 'Dg_D1_scale': 0.19863709134494412, 'Dg_D3_scale': 0.4537241382894319, 'Dv_D1_scale': 2.8122901341786233, 'Dv_D2_scale': 3.9880722644901008, 'b_bulk_scale': 0.035513977186807655, 'b_dislocation_scale': 0.11985215158203694, 'gb_scale': 0.7997756178491497, 'gd_bubble_scale': 2.7974222928844545, 'gd_line_scale': 5.591363762315943, 'gd_line_alpha': 0.49502138592344064, 'coalescence_d_scale': 0.6521355424676014, 'capture_scale': 0.0427902999293359}. Best is trial 56 with value: 2.4495534422462883.
[I 2026-05-02 21:42:26,011] Trial 59 finished with value: 4.511868204832632 and parameters: {'f_n': 5.8579771435221525e-08, 'K_d': 205448.40348274665, 'rho_d': 7650430069246.5205, 'fission_rate': 7.768445708391567e+19, 'Dg_D1_scale': 0.21326972060360153, 'Dg_D3_scale': 0.6482106107022264, 'Dv_D1_scale': 0.5062310631339815, 'Dv_D2_scale': 1.817143677384218, 'b_bulk_scale': 3.9779622264612566, 'b_dislocation_scale': 0.06994439463947316, 'gb_scale': 0.24645928354618465, 'gd_bubble_scale': 2.4432232809263446, 'gd_line_scale': 4.056034651918227, 'gd_line_alpha': 0.2573037547879121, 'coalescence_d_scale': 0.21601816994731038, 'capture_scale': 0.041650553963904303}. Best is trial 56 with value: 2.4495534422462883.
[I 2026-05-02 21:42:32,344] Trial 60 finished with value: 5.072734067326838 and parameters: {'f_n': 7.004118645339292e-07, 'K_d': 239107.47196033786, 'rho_d': 74695010812323.62, 'fission_rate': 4.652599023220595e+19, 'Dg_D1_scale': 0.40909356820319914, 'Dg_D3_scale': 0.25741531136249834, 'Dv_D1_scale': 0.22130768217753777, 'Dv_D2_scale': 2.3218432956956354, 'b_bulk_scale': 0.586567564966037, 'b_dislocation_scale': 0.09065487758817134, 'gb_scale': 0.4336882785948473, 'gd_bubble_scale': 1.3301955416631912, 'gd_line_scale': 6.111594057156209, 'gd_line_alpha': 0.3488512693975334, 'coalescence_d_scale': 0.452026901427882, 'capture_scale': 0.030720348702371184}. Best is trial 56 with value: 2.4495534422462883.Best trial: 56. Best value: 2.44955:   4%|▍         | 60/1500 [04:52<2:00:48,  5.03s/it]Best trial: 56. Best value: 2.44955:   4%|▍         | 60/1500 [04:52<2:00:48,  5.03s/it]Best trial: 56. Best value: 2.44955:   4%|▍         | 61/1500 [04:52<2:10:05,  5.42s/it]                                                                                        Best trial: 56. Best value: 2.44955:   4%|▍         | 61/1500 [04:57<2:10:05,  5.42s/it]Best trial: 61. Best value: 2.28656:   4%|▍         | 61/1500 [04:57<2:10:05,  5.42s/it]Best trial: 61. Best value: 2.28656:   4%|▍         | 62/1500 [04:57<2:10:08,  5.43s/it]                                                                                        Best trial: 61. Best value: 2.28656:   4%|▍         | 62/1500 [05:04<2:10:08,  5.43s/it]Best trial: 61. Best value: 2.28656:   4%|▍         | 62/1500 [05:04<2:10:08,  5.43s/it]Best trial: 61. Best value: 2.28656:   4%|▍         | 63/1500 [05:04<2:17:24,  5.74s/it]                                                                                        Best trial: 61. Best value: 2.28656:   4%|▍         | 63/1500 [05:08<2:17:24,  5.74s/it]Best trial: 61. Best value: 2.28656:   4%|▍         | 63/1500 [05:08<2:17:24,  5.74s/it]Best trial: 61. Best value: 2.28656:   4%|▍         | 64/1500 [05:08<2:05:49,  5.26s/it]                                                                                        Best trial: 61. Best value: 2.28656:   4%|▍         | 64/1500 [05:12<2:05:49,  5.26s/it]Best trial: 61. Best value: 2.28656:   4%|▍         | 64/1500 [05:12<2:05:49,  5.26s/it]Best trial: 61. Best value: 2.28656:   4%|▍         | 65/1500 [05:12<1:58:46,  4.97s/it]                                                                                        Best trial: 61. Best value: 2.28656:   4%|▍         | 65/1500 [05:18<1:58:46,  4.97s/it]Best trial: 61. Best value: 2.28656:   4%|▍         | 65/1500 [05:18<1:58:46,  4.97s/it]Best trial: 61. Best value: 2.28656:   4%|▍         | 66/1500 [05:18<2:06:17,  5.28s/it]                                                                                        Best trial: 61. Best value: 2.28656:   4%|▍         | 66/1500 [05:25<2:06:17,  5.28s/it]Best trial: 61. Best value: 2.28656:   4%|▍         | 66/1500 [05:25<2:06:17,  5.28s/it]Best trial: 61. Best value: 2.28656:   4%|▍         | 67/1500 [05:25<2:14:12,  5.62s/it]                                                                                        Best trial: 61. Best value: 2.28656:   4%|▍         | 67/1500 [05:27<2:14:12,  5.62s/it]Best trial: 61. Best value: 2.28656:   4%|▍         | 67/1500 [05:28<2:14:12,  5.62s/it]Best trial: 61. Best value: 2.28656:   5%|▍         | 68/1500 [05:28<1:54:56,  4.82s/it]                                                                                        Best trial: 61. Best value: 2.28656:   5%|▍         | 68/1500 [05:31<1:54:56,  4.82s/it]Best trial: 61. Best value: 2.28656:   5%|▍         | 68/1500 [05:31<1:54:56,  4.82s/it]Best trial: 61. Best value: 2.28656:   5%|▍         | 69/1500 [05:31<1:48:19,  4.54s/it]                                                                                        Best trial: 61. Best value: 2.28656:   5%|▍         | 69/1500 [05:38<1:48:19,  4.54s/it]Best trial: 61. Best value: 2.28656:   5%|▍         | 69/1500 [05:38<1:48:19,  4.54s/it]Best trial: 61. Best value: 2.28656:   5%|▍         | 70/1500 [05:38<2:03:19,  5.17s/it]                                                                                        Best trial: 61. Best value: 2.28656:   5%|▍         | 70/1500 [05:44<2:03:19,  5.17s/it]Best trial: 61. Best value: 2.28656:   5%|▍         | 70/1500 [05:44<2:03:19,  5.17s/it]Best trial: 61. Best value: 2.28656:   5%|▍         | 71/1500 [05:44<2:07:06,  5.34s/it]                                                                                        Best trial: 61. Best value: 2.28656:   5%|▍         | 71/1500 [05:51<2:07:06,  5.34s/it]Best trial: 61. Best value: 2.28656:   5%|▍         | 71/1500 [05:51<2:07:06,  5.34s/it]Best trial: 61. Best value: 2.28656:   5%|▍         | 72/1500 [05:51<2:18:16,  5.81s/it]                                                                                        
[I 2026-05-02 21:42:37,784] Trial 61 finished with value: 2.286562733614546 and parameters: {'f_n': 1.8459065426795615e-07, 'K_d': 287775.8942303155, 'rho_d': 15060831602551.938, 'fission_rate': 4.177579540217818e+19, 'Dg_D1_scale': 0.2599785586913552, 'Dg_D3_scale': 0.8238596644380761, 'Dv_D1_scale': 0.2702956281648859, 'Dv_D2_scale': 2.413373177706002, 'b_bulk_scale': 0.03695823152721851, 'b_dislocation_scale': 0.04983793558076003, 'gb_scale': 0.8439647296368905, 'gd_bubble_scale': 0.6822103709852598, 'gd_line_scale': 2.1871401157508945, 'gd_line_alpha': 0.38021282976609466, 'coalescence_d_scale': 0.6960016203996453, 'capture_scale': 0.08634094835941075}. Best is trial 61 with value: 2.286562733614546.
[I 2026-05-02 21:42:44,241] Trial 62 finished with value: 2.7851857979604837 and parameters: {'f_n': 1.661212286303962e-07, 'K_d': 276653.797997956, 'rho_d': 12610053089552.344, 'fission_rate': 4.162129450356179e+19, 'Dg_D1_scale': 0.21147964782221723, 'Dg_D3_scale': 0.5030768953330167, 'Dv_D1_scale': 0.26942662377844623, 'Dv_D2_scale': 2.9588378414581826, 'b_bulk_scale': 0.03678470145096825, 'b_dislocation_scale': 0.15016114656873047, 'gb_scale': 0.7343960665480059, 'gd_bubble_scale': 0.796347472377498, 'gd_line_scale': 3.0084827487841324, 'gd_line_alpha': 0.3745633343215169, 'coalescence_d_scale': 0.34647044947577343, 'capture_scale': 0.07784397084809658}. Best is trial 61 with value: 2.286562733614546.
[I 2026-05-02 21:42:48,381] Trial 63 finished with value: 3.0243005982420272 and parameters: {'f_n': 2.6586399357171516e-07, 'K_d': 1419007.344139009, 'rho_d': 14576081813121.459, 'fission_rate': 7.403359547718561e+19, 'Dg_D1_scale': 0.17251530247040445, 'Dg_D3_scale': 0.38697733556683755, 'Dv_D1_scale': 1.8978588043942497, 'Dv_D2_scale': 2.39770136725629, 'b_bulk_scale': 0.059157658656567885, 'b_dislocation_scale': 0.06140525394560089, 'gb_scale': 0.9804372553412665, 'gd_bubble_scale': 0.6610764075293315, 'gd_line_scale': 2.195982116515704, 'gd_line_alpha': 0.4630160118378102, 'coalescence_d_scale': 0.5954430954028614, 'capture_scale': 0.05474395334148854}. Best is trial 61 with value: 2.286562733614546.
[I 2026-05-02 21:42:52,669] Trial 64 finished with value: 4.319436038669431 and parameters: {'f_n': 1.0507161996882647e-08, 'K_d': 278971.79536737874, 'rho_d': 22002763518624.164, 'fission_rate': 7.992312434540554e+19, 'Dg_D1_scale': 0.3248218611067756, 'Dg_D3_scale': 0.7030414527917889, 'Dv_D1_scale': 0.2192829362909312, 'Dv_D2_scale': 1.8689613279279949, 'b_bulk_scale': 0.4247044595360937, 'b_dislocation_scale': 0.05046279553195445, 'gb_scale': 0.8955297319558341, 'gd_bubble_scale': 0.5216965376443764, 'gd_line_scale': 7.212859015729767, 'gd_line_alpha': 0.393779534576565, 'coalescence_d_scale': 0.6779087416652615, 'capture_scale': 0.020296818070126718}. Best is trial 61 with value: 2.286562733614546.
[I 2026-05-02 21:42:58,688] Trial 65 finished with value: 8.961083556628548 and parameters: {'f_n': 9.356093770256893e-08, 'K_d': 190856.04966456577, 'rho_d': 9317246617196.168, 'fission_rate': 4.898403168941377e+19, 'Dg_D1_scale': 0.2531680163677349, 'Dg_D3_scale': 0.28478945995400357, 'Dv_D1_scale': 3.8689306554480094, 'Dv_D2_scale': 1.6483796661176722, 'b_bulk_scale': 1.0263220961545163, 'b_dislocation_scale': 0.10655806603862035, 'gb_scale': 0.5469051282919739, 'gd_bubble_scale': 0.37251651727205143, 'gd_line_scale': 4.431992918924347, 'gd_line_alpha': 0.536190663015419, 'coalescence_d_scale': 0.9445596533433721, 'capture_scale': 0.09763741725865797}. Best is trial 61 with value: 2.286562733614546.
[I 2026-05-02 21:43:05,095] Trial 66 finished with value: 4.3508082183935 and parameters: {'f_n': 2.1429224131464362e-08, 'K_d': 310374.23721605144, 'rho_d': 8293589276233.294, 'fission_rate': 4.609649014895882e+19, 'Dg_D1_scale': 0.15319213605980656, 'Dg_D3_scale': 0.8574468653198448, 'Dv_D1_scale': 0.8188350588955869, 'Dv_D2_scale': 2.04465603873888, 'b_bulk_scale': 0.06481793004141322, 'b_dislocation_scale': 0.08178154483357074, 'gb_scale': 0.06631480618894006, 'gd_bubble_scale': 0.20748149001104238, 'gd_line_scale': 3.6154010533014556, 'gd_line_alpha': 0.6520541291258184, 'coalescence_d_scale': 0.14902952933618838, 'capture_scale': 0.014999536481964271}. Best is trial 61 with value: 2.286562733614546.
[I 2026-05-02 21:43:08,031] Trial 67 finished with value: 2.8811444522980527 and parameters: {'f_n': 4.577263804831916e-08, 'K_d': 234631.8064227936, 'rho_d': 10565489926975.17, 'fission_rate': 6.5974707197813326e+19, 'Dg_D1_scale': 3.4261723312623094, 'Dg_D3_scale': 0.6375684064472541, 'Dv_D1_scale': 0.2841264629340661, 'Dv_D2_scale': 2.9029269061524863, 'b_bulk_scale': 0.08708058969334384, 'b_dislocation_scale': 0.2153436274843806, 'gb_scale': 0.636961976916183, 'gd_bubble_scale': 0.5671692445249552, 'gd_line_scale': 1.8323842330464368, 'gd_line_alpha': 0.04122632060463975, 'coalescence_d_scale': 0.3430734892453116, 'capture_scale': 0.027371551541755173}. Best is trial 61 with value: 2.286562733614546.
[I 2026-05-02 21:43:11,937] Trial 68 finished with value: 3.4699736446769154 and parameters: {'f_n': 5.306985880232376e-07, 'K_d': 403806.12160360947, 'rho_d': 12236109871470.234, 'fission_rate': 6.906779058520265e+19, 'Dg_D1_scale': 0.20857056140197544, 'Dg_D3_scale': 0.20628755262512796, 'Dv_D1_scale': 1.4230049689842637, 'Dv_D2_scale': 2.5649583761361217, 'b_bulk_scale': 0.03432947114704789, 'b_dislocation_scale': 0.06778461394514432, 'gb_scale': 2.427678797734741, 'gd_bubble_scale': 1.939823466351683, 'gd_line_scale': 2.7821009492768156, 'gd_line_alpha': 0.3416126336969517, 'coalescence_d_scale': 0.5020760679127331, 'capture_scale': 0.05618726045308995}. Best is trial 61 with value: 2.286562733614546.
[I 2026-05-02 21:43:18,587] Trial 69 finished with value: 5.291375033419407 and parameters: {'f_n': 8.773143738602735e-07, 'K_d': 154901.5125964151, 'rho_d': 16474200832466.281, 'fission_rate': 4.3802498108091965e+19, 'Dg_D1_scale': 0.1773861669727467, 'Dg_D3_scale': 0.8048111114864142, 'Dv_D1_scale': 1.0333739893652243, 'Dv_D2_scale': 2.015492074255482, 'b_bulk_scale': 1.6639267111829508, 'b_dislocation_scale': 0.1673955377233593, 'gb_scale': 0.3798857801917036, 'gd_bubble_scale': 0.7695666612076245, 'gd_line_scale': 2.3317305955452827, 'gd_line_alpha': 0.09178335412657715, 'coalescence_d_scale': 1.2566784113806584, 'capture_scale': 0.03217078973348218}. Best is trial 61 with value: 2.286562733614546.
[I 2026-05-02 21:43:24,305] Trial 70 finished with value: 2.8236450668564714 and parameters: {'f_n': 1.3597357642879336e-06, 'K_d': 351386.48087645636, 'rho_d': 7009609724089.871, 'fission_rate': 5.121532919400045e+19, 'Dg_D1_scale': 0.4110928334942282, 'Dg_D3_scale': 0.5252260206749961, 'Dv_D1_scale': 0.6510397035058405, 'Dv_D2_scale': 2.4291034961603066, 'b_bulk_scale': 0.11618544580920552, 'b_dislocation_scale': 0.05039019841221832, 'gb_scale': 6.093155492960896, 'gd_bubble_scale': 0.9512065791657436, 'gd_line_scale': 8.109659267453136, 'gd_line_alpha': 0.23507382971173585, 'coalescence_d_scale': 0.714711023627014, 'capture_scale': 0.18199203190042612}. Best is trial 61 with value: 2.286562733614546.
[I 2026-05-02 21:43:31,218] Trial 71 finished with value: 2.520991572984203 and parameters: {'f_n': 3.3694314499333673e-07, 'K_d': 205975.33564306318, 'rho_d': 14960452102993.152, 'fission_rate': 4.214870074970878e+19, 'Dg_D1_scale': 0.26050213906775915, 'Dg_D3_scale': 1.0251932021623336, 'Dv_D1_scale': 0.2428791900050523, 'Dv_D2_scale': 2.8093948876725965, 'b_bulk_scale': 0.04237056460347795, 'b_dislocation_scale': 0.03476501596650646, 'gb_scale': 0.9915092239884347, 'gd_bubble_scale': 4.899892628818336, 'gd_line_scale': 1.1496771336740745, 'gd_line_alpha': 0.2856876787932026, 'coalescence_d_scale': 0.936451212454384, 'capture_scale': 0.04987812324518419}. Best is trial 61 with value: 2.286562733614546.
