[I 2026-05-02 23:43:45,340] Trial 1494 finished with value: 2.039543726356159 and parameters: {'f_n': 6.419085737146025e-07, 'K_d': 127220.94327228995, 'rho_d': 70944709453902.55, 'fission_rate': 5.034551177307054e+19, 'Dg_D1_scale': 0.3195652113063761, 'Dg_D3_scale': 1.6624234024158226, 'Dv_D1_scale': 0.43277438682752095, 'Dv_D2_scale': 3.4983108379133796, 'b_bulk_scale': 0.3468129090663804, 'b_dislocation_scale': 0.09638038412901356, 'gb_scale': 2.73325611442641, 'gd_bubble_scale': 0.1719510912990295, 'gd_line_scale': 0.6083892393407359, 'gd_line_alpha': 0.6313060206623202, 'coalescence_d_scale': 0.3618781458091297, 'capture_scale': 0.037933000941444056}. Best is trial 1282 with value: 2.0082570421242427.
[I 2026-05-02 23:43:51,338] Trial 1495 finished with value: 2.65868767660183 and parameters: {'f_n': 4.551417809486057e-07, 'K_d': 146977.31126308543, 'rho_d': 65230417939391.05, 'fission_rate': 4.935406009977443e+19, 'Dg_D1_scale': 0.30723998911283307, 'Dg_D3_scale': 1.390805241628147, 'Dv_D1_scale': 0.4615102405871901, 'Dv_D2_scale': 3.3606949014027543, 'b_bulk_scale': 0.4148715324568802, 'b_dislocation_scale': 0.052096373970171535, 'gb_scale': 2.3878591663579827, 'gd_bubble_scale': 0.16840511219099855, 'gd_line_scale': 0.5991291030037679, 'gd_line_alpha': 0.14251805402369833, 'coalescence_d_scale': 0.4353892044796591, 'capture_scale': 0.09643046702082296}. Best is trial 1282 with value: 2.0082570421242427.
[I 2026-05-02 23:43:57,129] Trial 1496 finished with value: 2.4074294391164197 and parameters: {'f_n': 6.569566680816041e-07, 'K_d': 134683.1511963058, 'rho_d': 74772068287226.42, 'fission_rate': 5.120571884631296e+19, 'Dg_D1_scale': 0.2835960010052374, 'Dg_D3_scale': 1.542683460374239, 'Dv_D1_scale': 0.39153115528647364, 'Dv_D2_scale': 3.485265674524746, 'b_bulk_scale': 0.47719078064376313, 'b_dislocation_scale': 0.08889397900399107, 'gb_scale': 2.181131335465343, 'gd_bubble_scale': 0.21441822678881187, 'gd_line_scale': 0.6628285977616734, 'gd_line_alpha': 0.6258763913086943, 'coalescence_d_scale': 0.533469301041109, 'capture_scale': 0.11382260112689152}. Best is trial 1282 with value: 2.0082570421242427.
[I 2026-05-02 23:44:03,223] Trial 1497 finished with value: 2.0425184614301775 and parameters: {'f_n': 4.622309961930418e-07, 'K_d': 125080.00644893658, 'rho_d': 70758333190588.86, 'fission_rate': 4.8847043562519675e+19, 'Dg_D1_scale': 0.33405812198483165, 'Dg_D3_scale': 1.6387470031029456, 'Dv_D1_scale': 0.37133286772165897, 'Dv_D2_scale': 3.6206562433489964, 'b_bulk_scale': 0.4262480274436828, 'b_dislocation_scale': 0.04712506816976295, 'gb_scale': 2.7025493954766397, 'gd_bubble_scale': 0.18233533385632025, 'gd_line_scale': 0.3444768862496344, 'gd_line_alpha': 0.6535098009247228, 'coalescence_d_scale': 0.47824704546520347, 'capture_scale': 0.1437297049929327}. Best is trial 1282 with value: 2.0082570421242427.
[I 2026-05-02 23:44:07,581] Trial 1498 finished with value: 2.095663732281295 and parameters: {'f_n': 5.699044673560044e-07, 'K_d': 131269.7378694363, 'rho_d': 65461453454128.44, 'fission_rate': 4.998650683132873e+19, 'Dg_D1_scale': 0.2813454483048907, 'Dg_D3_scale': 1.4776876065534161, 'Dv_D1_scale': 0.4016943285152809, 'Dv_D2_scale': 3.0956341979926343, 'b_bulk_scale': 0.34219297752249045, 'b_dislocation_scale': 0.08005356383767513, 'gb_scale': 1.7355400511668637, 'gd_bubble_scale': 0.15805333382262848, 'gd_line_scale': 0.5830565410503068, 'gd_line_alpha': 0.6163185250421409, 'coalescence_d_scale': 0.3750868438933731, 'capture_scale': 0.0905944749321718}. Best is trial 1282 with value: 2.0082570421242427.
[I 2026-05-02 23:44:13,665] Trial 1499 finished with value: 2.4876511221737188 and parameters: {'f_n': 4.4308187908367733e-07, 'K_d': 158723.48659008354, 'rho_d': 60871647505286.44, 'fission_rate': 4.900093816171385e+19, 'Dg_D1_scale': 0.28396093327801264, 'Dg_D3_scale': 1.747531063277758, 'Dv_D1_scale': 0.4091455079793051, 'Dv_D2_scale': 3.3215239826746457, 'b_bulk_scale': 0.379391036532181, 'b_dislocation_scale': 0.06494268401108155, 'gb_scale': 2.430155776455234, 'gd_bubble_scale': 0.19619765285517723, 'gd_line_scale': 0.3056159205254595, 'gd_line_alpha': 0.6811189196750413, 'coalescence_d_scale': 0.40732882778239693, 'capture_scale': 0.10376392124631889}. Best is trial 1282 with value: 2.0082570421242427.
Fast trials written to: UN_M7_optuna_v7_results/capture_only/global_split_D2Xe_v1_NdBulkPressure/optuna_fast_trials_capture_only.csv
--------------------------------------------------------------------------------------------------------------------------------------------------------------------------
rank |     score |                        label |       f_n |       K_d |     rho_d |      Fdot |    Dv |    Dg |     b |    gb |    gd |  coal |   cap |  swD1600 |   Rd1600 |   NdDrop
--------------------------------------------------------------------------------------------------------------------------------------------------------------------------
   1 |     2.008 |  capture_only_v6_trial_01282 |   3.1e-07 |   1.5e+05 |   6.7e+13 |   4.8e+19 |     1 |     1 |     1 |   2.5 |     1 |  0.44 |  0.14 |     2.66 |     87.5 |  -0.0418
   2 |     2.009 |  capture_only_v6_trial_01350 |   5.5e-07 |   1.3e+05 |   7.4e+13 |   5.0e+19 |     1 |     1 |     1 |     3 |     1 |  0.43 | 0.077 |     2.61 |     87.9 |  -0.0407
   3 |     2.012 |  capture_only_v6_trial_01489 |   5.3e-07 |   1.3e+05 |   6.5e+13 |   4.9e+19 |     1 |     1 |     1 |   2.7 |     1 |  0.43 |  0.09 |     2.54 |     91.8 |  -0.0427
   4 |     2.012 |  capture_only_v6_trial_00756 |   1.1e-06 |   1.1e+05 |   5.6e+13 |   4.7e+19 |     1 |     1 |     1 |   2.7 |     1 |   0.4 |  0.86 |     2.63 |      101 |  -0.0415
   5 |     2.013 |  capture_only_v6_trial_01021 |   7.3e-07 |   1.3e+05 |   5.7e+13 |   4.7e+19 |     1 |     1 |     1 |   2.8 |     1 |  0.46 | 0.085 |      2.5 |     93.9 |  -0.0464
   6 |     2.015 |  capture_only_v6_trial_01412 |   3.2e-07 |   1.5e+05 |   7.3e+13 |   5.1e+19 |     1 |     1 |     1 |   2.8 |     1 |  0.45 | 0.097 |     2.51 |     83.7 |  -0.0402
   7 |     2.017 |  capture_only_v6_trial_00881 |   9.3e-07 |   1.3e+05 |   5.8e+13 |   4.6e+19 |     1 |     1 |     1 |   4.1 |     1 |  0.43 |  0.15 |     2.64 |     96.5 |  -0.0452
   8 |     2.017 |  capture_only_v6_trial_01208 |   1.3e-07 |   1.3e+05 |   6.4e+13 |   4.7e+19 |     1 |     1 |     1 |   4.4 |     1 |  0.54 |   0.1 |     2.52 |     91.8 |   -0.051
   9 |     2.018 |  capture_only_v6_trial_01458 |   4.0e-07 |   1.5e+05 |   6.5e+13 |   5.2e+19 |     1 |     1 |     1 |   2.8 |     1 |  0.45 | 0.073 |     2.43 |     85.9 |  -0.0407
  10 |     2.018 |  capture_only_v6_trial_00991 |   6.8e-07 |   1.2e+05 |   5.3e+13 |   5.0e+19 |     1 |     1 |     1 |   2.3 |     1 |  0.45 |  0.12 |     2.45 |     98.4 |  -0.0454
  11 |     2.018 |  capture_only_v6_trial_01252 |   4.8e-07 |   1.4e+05 |   5.9e+13 |   4.8e+19 |     1 |     1 |     1 |   2.5 |     1 |   0.5 | 0.093 |     2.47 |     91.5 |  -0.0454
  12 |     2.018 |  capture_only_v6_trial_01363 |   8.2e-07 |   1.3e+05 |   7.3e+13 |   5.0e+19 |     1 |     1 |     1 |   2.6 |     1 |  0.47 | 0.089 |     2.51 |     86.7 |  -0.0421
  13 |     2.019 |  capture_only_v6_trial_01103 |   2.2e-07 |   1.1e+05 |   6.5e+13 |   4.7e+19 |     1 |     1 |     1 |   3.1 |     1 |  0.43 | 0.061 |     2.64 |     97.5 |  -0.0427
  14 |     2.019 |  capture_only_v6_trial_00931 |   5.9e-07 |   1.1e+05 |   5.6e+13 |   4.9e+19 |     1 |     1 |     1 |   2.8 |     1 |  0.44 |  0.15 |     2.57 |      100 |  -0.0456
  15 |     2.019 |  capture_only_v6_trial_01445 |   3.3e-07 |   1.3e+05 |   7.0e+13 |   5.1e+19 |     1 |     1 |     1 |   2.7 |     1 |   0.4 | 0.065 |     2.46 |     86.7 |  -0.0365
--------------------------------------------------------------------------------------------------------------------------------------------------------------------------
Final rows written to: UN_M7_optuna_v7_results/capture_only/global_split_D2Xe_v1_NdBulkPressure/optuna_final_top_capture_only.csv
--------------------------------------------------------------------------------------------------------------------------------------------------------------------------
rank |     score |                        label |       f_n |       K_d |     rho_d |      Fdot |    Dv |    Dg |     b |    gb |    gd |  coal |   cap |  swD1600 |   Rd1600 |   NdDrop
--------------------------------------------------------------------------------------------------------------------------------------------------------------------------
--------------------------------------------------------------------------------------------------------------------------------------------------------------------------
Summary written to: UN_M7_optuna_v7_results/capture_only/global_split_D2Xe_v1_NdBulkPressure/optuna_summary_capture_only.md
