[I 2026-05-02 23:23:35,862] Trial 1278 finished with value: 3.1118184257396617 and parameters: {'f_n': 2.1170228449052234e-08, 'K_d': 130050.67412240956, 'rho_d': 70871375231486.36, 'fission_rate': 4.869346512449071e+19, 'Dg_D1_scale': 0.27711070534842075, 'Dg_D3_scale': 2.000783695990543, 'Dv_D1_scale': 0.34899340546371693, 'Dv_D2_scale': 1.1323750993295028, 'b_bulk_scale': 0.4548801286684038, 'b_dislocation_scale': 0.06276789095266051, 'gb_scale': 2.876404201851792, 'gd_bubble_scale': 0.12636815439095062, 'gd_line_scale': 0.4080238920004809, 'gd_line_alpha': 0.5673790261897618, 'coalescence_d_scale': 0.6024466804316589, 'capture_scale': 0.07365137154173002}. Best is trial 756 with value: 2.012228641160978.
[I 2026-05-02 23:23:40,428] Trial 1279 finished with value: 2.0470776393511207 and parameters: {'f_n': 6.160030930167097e-07, 'K_d': 139709.06270242282, 'rho_d': 61072821229807.94, 'fission_rate': 4.7219201246690116e+19, 'Dg_D1_scale': 0.24469196824267564, 'Dg_D3_scale': 2.295885421252483, 'Dv_D1_scale': 0.30577856038178003, 'Dv_D2_scale': 3.8014690758811884, 'b_bulk_scale': 0.5655131668061988, 'b_dislocation_scale': 0.07952284083070608, 'gb_scale': 3.2357616614714164, 'gd_bubble_scale': 0.13903119389671087, 'gd_line_scale': 0.5203270912725257, 'gd_line_alpha': 0.6290452885434695, 'coalescence_d_scale': 0.5182211943853997, 'capture_scale': 0.043850084701062386}. Best is trial 756 with value: 2.012228641160978.
[I 2026-05-02 23:23:46,381] Trial 1280 finished with value: 4.005348850010101 and parameters: {'f_n': 3.5507411757573737e-07, 'K_d': 124622.61667589877, 'rho_d': 54832698035638.31, 'fission_rate': 4.9767155607960486e+19, 'Dg_D1_scale': 0.3450975288335666, 'Dg_D3_scale': 2.6756040555692495, 'Dv_D1_scale': 0.3808114339730209, 'Dv_D2_scale': 3.4594875706770267, 'b_bulk_scale': 0.4330331149314425, 'b_dislocation_scale': 0.07287196887047136, 'gb_scale': 0.1575158796171695, 'gd_bubble_scale': 0.18228143192369678, 'gd_line_scale': 0.4698128328078104, 'gd_line_alpha': 0.5827407297801984, 'coalescence_d_scale': 0.46447227154542664, 'capture_scale': 0.08521380661748185}. Best is trial 756 with value: 2.012228641160978.
[I 2026-05-02 23:23:53,552] Trial 1281 finished with value: 2.32648647436958 and parameters: {'f_n': 4.6207083099743477e-07, 'K_d': 116280.02860057313, 'rho_d': 76229478251047.84, 'fission_rate': 4.029528799515419e+19, 'Dg_D1_scale': 0.3077218708428017, 'Dg_D3_scale': 1.848877836363881, 'Dv_D1_scale': 0.32538254031453073, 'Dv_D2_scale': 3.7794291988517354, 'b_bulk_scale': 0.5357877132562214, 'b_dislocation_scale': 0.08943129298722843, 'gb_scale': 2.9709968171987953, 'gd_bubble_scale': 0.16346026024728844, 'gd_line_scale': 0.5751526715103396, 'gd_line_alpha': 0.6601074030626909, 'coalescence_d_scale': 0.5359278341427038, 'capture_scale': 0.1038259382062734}. Best is trial 756 with value: 2.012228641160978.
[I 2026-05-02 23:23:59,693] Trial 1282 finished with value: 2.0082570421242427 and parameters: {'f_n': 3.1431559335221406e-07, 'K_d': 148193.83075400506, 'rho_d': 67184620773668.875, 'fission_rate': 4.821036402294881e+19, 'Dg_D1_scale': 0.28765224902658865, 'Dg_D3_scale': 2.098538175930038, 'Dv_D1_scale': 0.3533790626973382, 'Dv_D2_scale': 3.9985665847743306, 'b_bulk_scale': 0.4013753283246312, 'b_dislocation_scale': 0.06745803046389724, 'gb_scale': 2.494390606104657, 'gd_bubble_scale': 0.12569251685725086, 'gd_line_scale': 0.42377748526824593, 'gd_line_alpha': 0.6125358536897839, 'coalescence_d_scale': 0.43712065052848836, 'capture_scale': 0.13694705032160745}. Best is trial 1282 with value: 2.0082570421242427.
[I 2026-05-02 23:24:06,060] Trial 1283 finished with value: 2.138010659755774 and parameters: {'f_n': 3.1326263639038443e-07, 'K_d': 143764.05423832624, 'rho_d': 74735428281346.17, 'fission_rate': 4.621613600343287e+19, 'Dg_D1_scale': 0.2722953820933555, 'Dg_D3_scale': 2.0997297898964136, 'Dv_D1_scale': 0.3652227810235788, 'Dv_D2_scale': 3.599897444909548, 'b_bulk_scale': 0.39763942682681375, 'b_dislocation_scale': 0.05639380499303612, 'gb_scale': 2.2899877795669363, 'gd_bubble_scale': 0.1237229152789157, 'gd_line_scale': 0.3595623357098159, 'gd_line_alpha': 0.6186704423826016, 'coalescence_d_scale': 0.4803392700810167, 'capture_scale': 0.15713490728485355}. Best is trial 1282 with value: 2.0082570421242427.
[I 2026-05-02 23:24:10,527] Trial 1284 finished with value: 2.356931610059563 and parameters: {'f_n': 2.1577411190246042e-07, 'K_d': 149738.7265910987, 'rho_d': 71242522331666.3, 'fission_rate': 4.798753878592634e+19, 'Dg_D1_scale': 0.2893794275510291, 'Dg_D3_scale': 1.9890398977304424, 'Dv_D1_scale': 0.3448542307483479, 'Dv_D2_scale': 3.2959823807040336, 'b_bulk_scale': 0.42426413475026115, 'b_dislocation_scale': 0.06067165622266397, 'gb_scale': 2.2094569464421485, 'gd_bubble_scale': 0.1225421398104906, 'gd_line_scale': 0.40158040794770605, 'gd_line_alpha': 0.6157598035737692, 'coalescence_d_scale': 0.6694126244640443, 'capture_scale': 0.1392448510277711}. Best is trial 1282 with value: 2.0082570421242427.Best trial: 1282. Best value: 2.00826:  86%|████████▌ | 1284/1500 [1:46:30<22:17,  6.19s/it]Best trial: 1282. Best value: 2.00826:  86%|████████▌ | 1284/1500 [1:46:30<22:17,  6.19s/it]Best trial: 1282. Best value: 2.00826:  86%|████████▌ | 1285/1500 [1:46:30<20:19,  5.67s/it]                                                                                            Best trial: 1282. Best value: 2.00826:  86%|████████▌ | 1285/1500 [1:46:36<20:19,  5.67s/it]Best trial: 1282. Best value: 2.00826:  86%|████████▌ | 1285/1500 [1:46:36<20:19,  5.67s/it]Best trial: 1282. Best value: 2.00826:  86%|████████▌ | 1286/1500 [1:46:36<20:54,  5.86s/it]                                                                                            Best trial: 1282. Best value: 2.00826:  86%|████████▌ | 1286/1500 [1:46:42<20:54,  5.86s/it]Best trial: 1282. Best value: 2.00826:  86%|████████▌ | 1286/1500 [1:46:42<20:54,  5.86s/it]Best trial: 1282. Best value: 2.00826:  86%|████████▌ | 1287/1500 [1:46:42<20:57,  5.91s/it]                                                                                            Best trial: 1282. Best value: 2.00826:  86%|████████▌ | 1287/1500 [1:46:48<20:57,  5.91s/it]Best trial: 1282. Best value: 2.00826:  86%|████████▌ | 1287/1500 [1:46:49<20:57,  5.91s/it]Best trial: 1282. Best value: 2.00826:  86%|████████▌ | 1288/1500 [1:46:49<21:08,  5.98s/it]                                                                                            Best trial: 1282. Best value: 2.00826:  86%|████████▌ | 1288/1500 [1:46:54<21:08,  5.98s/it]Best trial: 1282. Best value: 2.00826:  86%|████████▌ | 1288/1500 [1:46:55<21:08,  5.98s/it]Best trial: 1282. Best value: 2.00826:  86%|████████▌ | 1289/1500 [1:46:55<21:04,  5.99s/it]                                                                                            Best trial: 1282. Best value: 2.00826:  86%|████████▌ | 1289/1500 [1:46:59<21:04,  5.99s/it]Best trial: 1282. Best value: 2.00826:  86%|████████▌ | 1289/1500 [1:46:59<21:04,  5.99s/it]Best trial: 1282. Best value: 2.00826:  86%|████████▌ | 1290/1500 [1:46:59<19:38,  5.61s/it]                                                                                            Best trial: 1282. Best value: 2.00826:  86%|████████▌ | 1290/1500 [1:47:05<19:38,  5.61s/it]Best trial: 1282. Best value: 2.00826:  86%|████████▌ | 1290/1500 [1:47:06<19:38,  5.61s/it]Best trial: 1282. Best value: 2.00826:  86%|████████▌ | 1291/1500 [1:47:06<20:10,  5.79s/it]                                                                                            Best trial: 1282. Best value: 2.00826:  86%|████████▌ | 1291/1500 [1:47:11<20:10,  5.79s/it]Best trial: 1282. Best value: 2.00826:  86%|████████▌ | 1291/1500 [1:47:11<20:10,  5.79s/it]Best trial: 1282. Best value: 2.00826:  86%|████████▌ | 1292/1500 [1:47:11<20:09,  5.81s/it]                                                                                            Best trial: 1282. Best value: 2.00826:  86%|████████▌ | 1292/1500 [1:47:17<20:09,  5.81s/it]Best trial: 1282. Best value: 2.00826:  86%|████████▌ | 1292/1500 [1:47:17<20:09,  5.81s/it]Best trial: 1282. Best value: 2.00826:  86%|████████▌ | 1293/1500 [1:47:17<20:06,  5.83s/it]                                                                                            Best trial: 1282. Best value: 2.00826:  86%|████████▌ | 1293/1500 [1:47:23<20:06,  5.83s/it]Best trial: 1282. Best value: 2.00826:  86%|████████▌ | 1293/1500 [1:47:23<20:06,  5.83s/it]Best trial: 1282. Best value: 2.00826:  86%|████████▋ | 1294/1500 [1:47:23<19:56,  5.81s/it]                                                                                            Best trial: 1282. Best value: 2.00826:  86%|████████▋ | 1294/1500 [1:47:29<19:56,  5.81s/it]Best trial: 1282. Best value: 2.00826:  86%|████████▋ | 1294/1500 [1:47:29<19:56,  5.81s/it]Best trial: 1282. Best value: 2.00826:  86%|████████▋ | 1295/1500 [1:47:29<19:55,  5.83s/it]                                                                                            Best trial: 1282. Best value: 2.00826:  86%|████████▋ | 1295/1500 [1:47:33<19:55,  5.83s/it]Best trial: 1282. Best value: 2.00826:  86%|████████▋ | 1295/1500 [1:47:33<19:55,  5.83s/it]Best trial: 1282. Best value: 2.00826:  86%|████████▋ | 1296/1500 [1:47:33<17:58,  5.29s/it]                                                                                            
[I 2026-05-02 23:24:16,828] Trial 1285 finished with value: 3.012631767656009 and parameters: {'f_n': 3.026600282768012e-07, 'K_d': 143064.25210946388, 'rho_d': 67984971925335.28, 'fission_rate': 4.6704500909703905e+19, 'Dg_D1_scale': 0.26084498752253193, 'Dg_D3_scale': 2.1305323191942733, 'Dv_D1_scale': 2.115296290844978, 'Dv_D2_scale': 3.997129509191866, 'b_bulk_scale': 0.46122294581978573, 'b_dislocation_scale': 0.06651263268715654, 'gb_scale': 2.426685232665961, 'gd_bubble_scale': 0.1373752728899493, 'gd_line_scale': 0.4220432224571147, 'gd_line_alpha': 0.6288151989438147, 'coalescence_d_scale': 0.5381712974914918, 'capture_scale': 0.16225955174065887}. Best is trial 1282 with value: 2.0082570421242427.
[I 2026-05-02 23:24:22,836] Trial 1286 finished with value: 4.227591684905232 and parameters: {'f_n': 2.564355918141612e-07, 'K_d': 134921.591251661, 'rho_d': 8434209729044.394, 'fission_rate': 4.913776854584533e+19, 'Dg_D1_scale': 0.3004926836177009, 'Dg_D3_scale': 1.9427858183471007, 'Dv_D1_scale': 0.38517781947884994, 'Dv_D2_scale': 3.9987719317796833, 'b_bulk_scale': 0.48849491593862615, 'b_dislocation_scale': 0.06185280943965944, 'gb_scale': 2.559658150922011, 'gd_bubble_scale': 0.10456433794786009, 'gd_line_scale': 0.32503274718989444, 'gd_line_alpha': 0.6005314550983801, 'coalescence_d_scale': 0.5888034398992084, 'capture_scale': 0.13150988781002274}. Best is trial 1282 with value: 2.0082570421242427.
[I 2026-05-02 23:24:29,002] Trial 1287 finished with value: 2.3387440002368973 and parameters: {'f_n': 3.2711403857370696e-07, 'K_d': 144004.41256849462, 'rho_d': 67427176733818.69, 'fission_rate': 4.749448929862305e+19, 'Dg_D1_scale': 0.2830682585794449, 'Dg_D3_scale': 2.1290421832933375, 'Dv_D1_scale': 0.35117361166181044, 'Dv_D2_scale': 3.625830243677784, 'b_bulk_scale': 0.4204061163938777, 'b_dislocation_scale': 0.05302799453331906, 'gb_scale': 2.213179632708533, 'gd_bubble_scale': 0.11841536009389557, 'gd_line_scale': 0.4434142812563451, 'gd_line_alpha': 0.6465124718405777, 'coalescence_d_scale': 0.4398019868809555, 'capture_scale': 0.11377203391802687}. Best is trial 1282 with value: 2.0082570421242427.
[I 2026-05-02 23:24:35,012] Trial 1288 finished with value: 2.077188809913933 and parameters: {'f_n': 2.1162538760861161e-07, 'K_d': 138007.51938038773, 'rho_d': 71774263831268.77, 'fission_rate': 4.84933069936006e+19, 'Dg_D1_scale': 0.3113124864063904, 'Dg_D3_scale': 1.8146043612156404, 'Dv_D1_scale': 0.3230688754717772, 'Dv_D2_scale': 3.769380623223623, 'b_bulk_scale': 0.40465080230345557, 'b_dislocation_scale': 0.06734522930554289, 'gb_scale': 2.4296079716651113, 'gd_bubble_scale': 0.13443887784449024, 'gd_line_scale': 0.38942562301345107, 'gd_line_alpha': 0.5937617969291779, 'coalescence_d_scale': 0.48489265842131896, 'capture_scale': 0.14409198244185625}. Best is trial 1282 with value: 2.0082570421242427.
[I 2026-05-02 23:24:39,735] Trial 1289 finished with value: 4.810603176988568 and parameters: {'f_n': 3.74173912138127e-07, 'K_d': 150484.71874263237, 'rho_d': 66981741823603.234, 'fission_rate': 4.615405631377382e+19, 'Dg_D1_scale': 0.2866117324012742, 'Dg_D3_scale': 2.2991241944806626, 'Dv_D1_scale': 0.370848450251804, 'Dv_D2_scale': 3.227433694356438, 'b_bulk_scale': 0.4755100058298497, 'b_dislocation_scale': 0.07207601415768815, 'gb_scale': 0.06289286952233258, 'gd_bubble_scale': 0.10822134685256497, 'gd_line_scale': 0.4668903782303917, 'gd_line_alpha': 0.6515244022162398, 'coalescence_d_scale': 0.4402866049625987, 'capture_scale': 0.12809986548758467}. Best is trial 1282 with value: 2.0082570421242427.
[I 2026-05-02 23:24:45,953] Trial 1290 finished with value: 3.267007711217884 and parameters: {'f_n': 2.568066349683809e-07, 'K_d': 131155.41831897234, 'rho_d': 12924297907943.494, 'fission_rate': 4.706382063003495e+19, 'Dg_D1_scale': 0.25554285340954597, 'Dg_D3_scale': 2.013155349625423, 'Dv_D1_scale': 0.3364665705912845, 'Dv_D2_scale': 3.4547063175577515, 'b_bulk_scale': 1.6167894378672745, 'b_dislocation_scale': 0.07488532712759714, 'gb_scale': 2.6236293564196074, 'gd_bubble_scale': 0.15484768149746053, 'gd_line_scale': 0.5005115196100792, 'gd_line_alpha': 0.6110055289283939, 'coalescence_d_scale': 0.5266635262276224, 'capture_scale': 0.17069778459942994}. Best is trial 1282 with value: 2.0082570421242427.
[I 2026-05-02 23:24:51,820] Trial 1291 finished with value: 2.030028056337768 and parameters: {'f_n': 4.143153838980909e-07, 'K_d': 137660.54345553907, 'rho_d': 66060100990541.375, 'fission_rate': 5.02014466859368e+19, 'Dg_D1_scale': 0.32763095718857255, 'Dg_D3_scale': 2.1740602249773584, 'Dv_D1_scale': 0.30955463276750916, 'Dv_D2_scale': 3.760401895398738, 'b_bulk_scale': 0.6231659837333404, 'b_dislocation_scale': 0.06689304353267943, 'gb_scale': 2.706034695842933, 'gd_bubble_scale': 0.12638897435835827, 'gd_line_scale': 0.4003513643197034, 'gd_line_alpha': 0.48203407589893776, 'coalescence_d_scale': 0.4778105362395865, 'capture_scale': 0.11361278214746455}. Best is trial 1282 with value: 2.0082570421242427.
[I 2026-05-02 23:24:57,686] Trial 1292 finished with value: 2.2513165564830007 and parameters: {'f_n': 4.526558080066452e-07, 'K_d': 141042.06740149856, 'rho_d': 71685215156131.64, 'fission_rate': 5.108070268685496e+19, 'Dg_D1_scale': 0.33136489192224977, 'Dg_D3_scale': 2.2925528604517025, 'Dv_D1_scale': 0.30368161231526203, 'Dv_D2_scale': 3.4197303842271674, 'b_bulk_scale': 0.6485242688780877, 'b_dislocation_scale': 0.05486943886673812, 'gb_scale': 2.2224289174576866, 'gd_bubble_scale': 0.10608256946454604, 'gd_line_scale': 0.3510385573189927, 'gd_line_alpha': 0.4651018065632757, 'coalescence_d_scale': 0.5851222519398421, 'capture_scale': 0.1397737204361192}. Best is trial 1282 with value: 2.0082570421242427.
[I 2026-05-02 23:25:03,447] Trial 1293 finished with value: 2.2611911330543197 and parameters: {'f_n': 5.166599572828388e-07, 'K_d': 148884.5941685452, 'rho_d': 69622818158027.13, 'fission_rate': 5.167406545389618e+19, 'Dg_D1_scale': 0.371720088006674, 'Dg_D3_scale': 2.367399490329121, 'Dv_D1_scale': 0.39492313791175276, 'Dv_D2_scale': 3.2204388571021396, 'b_bulk_scale': 0.6707397224604339, 'b_dislocation_scale': 0.061049868265797724, 'gb_scale': 2.398473939060895, 'gd_bubble_scale': 0.09171659038190487, 'gd_line_scale': 0.37979783567388875, 'gd_line_alpha': 0.4920971347342529, 'coalescence_d_scale': 0.648469393252455, 'capture_scale': 0.1218775694081789}. Best is trial 1282 with value: 2.0082570421242427.
[I 2026-05-02 23:25:09,334] Trial 1294 finished with value: 2.453593560173072 and parameters: {'f_n': 4.012129739324355e-07, 'K_d': 680193.1404326538, 'rho_d': 75443935625992.84, 'fission_rate': 5.050649889767323e+19, 'Dg_D1_scale': 0.3301847218178249, 'Dg_D3_scale': 2.1991960857208706, 'Dv_D1_scale': 0.3028657754558048, 'Dv_D2_scale': 3.5752934430844086, 'b_bulk_scale': 0.613238252373987, 'b_dislocation_scale': 0.05944257479702103, 'gb_scale': 2.096826339001086, 'gd_bubble_scale': 0.12198903628104678, 'gd_line_scale': 0.32728929395425926, 'gd_line_alpha': 0.49250248379703604, 'coalescence_d_scale': 0.5530585600732429, 'capture_scale': 0.1152370348079729}. Best is trial 1282 with value: 2.0082570421242427.
[I 2026-05-02 23:25:13,342] Trial 1295 finished with value: 2.27480924976596 and parameters: {'f_n': 6.307321719173153e-07, 'K_d': 145944.9725350141, 'rho_d': 77564328636399.22, 'fission_rate': 5.2621775253661475e+19, 'Dg_D1_scale': 0.3499229352592527, 'Dg_D3_scale': 1.8662948978288973, 'Dv_D1_scale': 0.3556897722756586, 'Dv_D2_scale': 3.422548685301767, 'b_bulk_scale': 0.5479280224984028, 'b_dislocation_scale': 0.04880148195378885, 'gb_scale': 2.6372146516274113, 'gd_bubble_scale': 0.1115179912074724, 'gd_line_scale': 0.3933012796106905, 'gd_line_alpha': 0.4814666284214818, 'coalescence_d_scale': 0.5043195020360044, 'capture_scale': 0.13290799293816008}. Best is trial 1282 with value: 2.0082570421242427.
