[I 2026-05-02 21:56:02,952] Trial 270 finished with value: 2.233369570994142 and parameters: {'f_n': 1.8227327165102455e-06, 'K_d': 170304.84252135633, 'rho_d': 30469234852517.855, 'fission_rate': 7.811624545285531e+19, 'Dg_D1_scale': 3.976600680861578, 'Dg_D3_scale': 0.1689028451941374, 'Dv_D1_scale': 0.2119861171874488, 'Dv_D2_scale': 3.5108374547747054, 'b_bulk_scale': 0.3760330850536463, 'b_dislocation_scale': 0.24449574721452857, 'gb_scale': 2.3625372670548686, 'gd_bubble_scale': 0.1015158770309895, 'gd_line_scale': 5.786423468795465, 'gd_line_alpha': 0.9078077724213506, 'coalescence_d_scale': 0.4134918158876402, 'capture_scale': 0.01103212022782679}. Best is trial 264 with value: 2.183681567427373.
[I 2026-05-02 21:56:07,043] Trial 271 finished with value: 2.263599277175105 and parameters: {'f_n': 2.615809689491267e-06, 'K_d': 175630.1275666346, 'rho_d': 30808708566720.652, 'fission_rate': 7.777199581384502e+19, 'Dg_D1_scale': 3.858249751497166, 'Dg_D3_scale': 0.16751307842785698, 'Dv_D1_scale': 0.2106867670398369, 'Dv_D2_scale': 3.3785608471066855, 'b_bulk_scale': 0.3615737332106607, 'b_dislocation_scale': 0.20198476676660018, 'gb_scale': 2.5402759176883176, 'gd_bubble_scale': 0.10009331476113449, 'gd_line_scale': 5.924208353536141, 'gd_line_alpha': 0.9077115623932779, 'coalescence_d_scale': 0.4011362562460487, 'capture_scale': 0.010886769307166918}. Best is trial 264 with value: 2.183681567427373.
[I 2026-05-02 21:56:11,152] Trial 272 finished with value: 2.301783830499305 and parameters: {'f_n': 1.8682639472953097e-06, 'K_d': 129554.47627196212, 'rho_d': 32435778999879.98, 'fission_rate': 7.807079625503657e+19, 'Dg_D1_scale': 3.9429352769745143, 'Dg_D3_scale': 0.16319986723013327, 'Dv_D1_scale': 0.21613522218666034, 'Dv_D2_scale': 3.4778071032345634, 'b_bulk_scale': 0.37849370508994185, 'b_dislocation_scale': 0.2540666579456601, 'gb_scale': 2.31000933738308, 'gd_bubble_scale': 0.09787510876645901, 'gd_line_scale': 5.483718900365696, 'gd_line_alpha': 0.8452068198902409, 'coalescence_d_scale': 0.5194485768465732, 'capture_scale': 0.010254669975917684}. Best is trial 264 with value: 2.183681567427373.
[I 2026-05-02 21:56:15,132] Trial 273 finished with value: 2.1697237012085933 and parameters: {'f_n': 2.320727686003329e-06, 'K_d': 145931.21838623745, 'rho_d': 30306411137680.555, 'fission_rate': 7.846678224160653e+19, 'Dg_D1_scale': 3.4860135097184552, 'Dg_D3_scale': 0.17603650677711657, 'Dv_D1_scale': 0.22105541292894057, 'Dv_D2_scale': 3.532364626238646, 'b_bulk_scale': 0.28682413634805887, 'b_dislocation_scale': 0.23666128102975129, 'gb_scale': 3.2839084118377384, 'gd_bubble_scale': 0.10744267116315116, 'gd_line_scale': 5.973951963086117, 'gd_line_alpha': 0.9011648974642454, 'coalescence_d_scale': 0.4107132524128795, 'capture_scale': 0.013225849772573527}. Best is trial 273 with value: 2.1697237012085933.
[I 2026-05-02 21:56:19,164] Trial 274 finished with value: 2.174675764407629 and parameters: {'f_n': 2.423856475445704e-06, 'K_d': 170617.46669136468, 'rho_d': 30660050724609.047, 'fission_rate': 7.823204654617615e+19, 'Dg_D1_scale': 3.505606591790799, 'Dg_D3_scale': 0.17071713172383154, 'Dv_D1_scale': 0.21975457573528834, 'Dv_D2_scale': 3.2809911373194844, 'b_bulk_scale': 0.2963098434743647, 'b_dislocation_scale': 0.24038489658091755, 'gb_scale': 3.6330158625307045, 'gd_bubble_scale': 0.10701493784655149, 'gd_line_scale': 5.920587637375141, 'gd_line_alpha': 0.9010323452153232, 'coalescence_d_scale': 0.40040685387214087, 'capture_scale': 0.012834240778474698}. Best is trial 273 with value: 2.1697237012085933.
[I 2026-05-02 21:56:21,558] Trial 275 finished with value: 2.2437283401572916 and parameters: {'f_n': 2.939857232714629e-06, 'K_d': 172344.3157000377, 'rho_d': 30430938123320.453, 'fission_rate': 7.78897337594822e+19, 'Dg_D1_scale': 3.4408645563551437, 'Dg_D3_scale': 0.1621310797534245, 'Dv_D1_scale': 0.20180962873269456, 'Dv_D2_scale': 3.268791347528295, 'b_bulk_scale': 0.41827129702473437, 'b_dislocation_scale': 0.17863499296900728, 'gb_scale': 3.183637120594882, 'gd_bubble_scale': 0.10532773000208644, 'gd_line_scale': 5.820647868843941, 'gd_line_alpha': 0.8949398299159869, 'coalescence_d_scale': 0.3985034580149288, 'capture_scale': 0.01273850775252339}. Best is trial 273 with value: 2.1697237012085933.
[I 2026-05-02 21:56:25,607] Trial 276 finished with value: 2.2359208594096818 and parameters: {'f_n': 1.857013516910669e-06, 'K_d': 169346.88600154102, 'rho_d': 32729151739693.97, 'fission_rate': 7.742435027210976e+19, 'Dg_D1_scale': 3.9880434127775093, 'Dg_D3_scale': 0.2033227328921182, 'Dv_D1_scale': 0.21894567119945937, 'Dv_D2_scale': 3.4441109674941264, 'b_bulk_scale': 0.29839996276935493, 'b_dislocation_scale': 0.2211013555398811, 'gb_scale': 3.035866397149891, 'gd_bubble_scale': 0.09651506990357858, 'gd_line_scale': 6.051771027674304, 'gd_line_alpha': 0.9405124109811814, 'coalescence_d_scale': 0.410232575125894, 'capture_scale': 0.012077546586784994}. Best is trial 273 with value: 2.1697237012085933.Best trial: 273. Best value: 2.16972:  18%|█▊        | 276/1500 [18:45<1:11:32,  3.51s/it]Best trial: 273. Best value: 2.16972:  18%|█▊        | 276/1500 [18:45<1:11:32,  3.51s/it]Best trial: 273. Best value: 2.16972:  18%|█▊        | 277/1500 [18:45<1:14:49,  3.67s/it]                                                                                          Best trial: 273. Best value: 2.16972:  18%|█▊        | 277/1500 [18:49<1:14:49,  3.67s/it]Best trial: 273. Best value: 2.16972:  18%|█▊        | 277/1500 [18:49<1:14:49,  3.67s/it]Best trial: 273. Best value: 2.16972:  19%|█▊        | 278/1500 [18:49<1:16:46,  3.77s/it]                                                                                          Best trial: 273. Best value: 2.16972:  19%|█▊        | 278/1500 [18:53<1:16:46,  3.77s/it]Best trial: 278. Best value: 2.16673:  19%|█▊        | 278/1500 [18:53<1:16:46,  3.77s/it]Best trial: 278. Best value: 2.16673:  19%|█▊        | 279/1500 [18:53<1:17:53,  3.83s/it]                                                                                          Best trial: 278. Best value: 2.16673:  19%|█▊        | 279/1500 [18:57<1:17:53,  3.83s/it]Best trial: 278. Best value: 2.16673:  19%|█▊        | 279/1500 [18:57<1:17:53,  3.83s/it]Best trial: 278. Best value: 2.16673:  19%|█▊        | 280/1500 [18:57<1:19:00,  3.89s/it]                                                                                          Best trial: 278. Best value: 2.16673:  19%|█▊        | 280/1500 [19:01<1:19:00,  3.89s/it]Best trial: 280. Best value: 2.16453:  19%|█▊        | 280/1500 [19:01<1:19:00,  3.89s/it]Best trial: 280. Best value: 2.16453:  19%|█▊        | 281/1500 [19:01<1:20:04,  3.94s/it]                                                                                          Best trial: 280. Best value: 2.16453:  19%|█▊        | 281/1500 [19:06<1:20:04,  3.94s/it]Best trial: 281. Best value: 2.1529:  19%|█▊        | 281/1500 [19:06<1:20:04,  3.94s/it] Best trial: 281. Best value: 2.1529:  19%|█▉        | 282/1500 [19:06<1:23:51,  4.13s/it]                                                                                         Best trial: 281. Best value: 2.1529:  19%|█▉        | 282/1500 [19:10<1:23:51,  4.13s/it]Best trial: 282. Best value: 2.13637:  19%|█▉        | 282/1500 [19:10<1:23:51,  4.13s/it]Best trial: 282. Best value: 2.13637:  19%|█▉        | 283/1500 [19:10<1:26:38,  4.27s/it]                                                                                          Best trial: 282. Best value: 2.13637:  19%|█▉        | 283/1500 [19:13<1:26:38,  4.27s/it]Best trial: 283. Best value: 2.11635:  19%|█▉        | 283/1500 [19:13<1:26:38,  4.27s/it]Best trial: 283. Best value: 2.11635:  19%|█▉        | 284/1500 [19:13<1:17:12,  3.81s/it]                                                                                          Best trial: 283. Best value: 2.11635:  19%|█▉        | 284/1500 [19:18<1:17:12,  3.81s/it]Best trial: 283. Best value: 2.11635:  19%|█▉        | 284/1500 [19:18<1:17:12,  3.81s/it]Best trial: 283. Best value: 2.11635:  19%|█▉        | 285/1500 [19:18<1:21:36,  4.03s/it]                                                                                          Best trial: 283. Best value: 2.11635:  19%|█▉        | 285/1500 [19:22<1:21:36,  4.03s/it]Best trial: 283. Best value: 2.11635:  19%|█▉        | 285/1500 [19:22<1:21:36,  4.03s/it]Best trial: 283. Best value: 2.11635:  19%|█▉        | 286/1500 [19:22<1:24:40,  4.18s/it]                                                                                          Best trial: 283. Best value: 2.11635:  19%|█▉        | 286/1500 [19:27<1:24:40,  4.18s/it]Best trial: 283. Best value: 2.11635:  19%|█▉        | 286/1500 [19:27<1:24:40,  4.18s/it]Best trial: 283. Best value: 2.11635:  19%|█▉        | 287/1500 [19:27<1:26:48,  4.29s/it]                                                                                          Best trial: 283. Best value: 2.11635:  19%|█▉        | 287/1500 [19:31<1:26:48,  4.29s/it]Best trial: 283. Best value: 2.11635:  19%|█▉        | 287/1500 [19:31<1:26:48,  4.29s/it]Best trial: 283. Best value: 2.11635:  19%|█▉        | 288/1500 [19:31<1:29:03,  4.41s/it]                                                                                          
[I 2026-05-02 21:56:29,613] Trial 277 finished with value: 2.3989320400441514 and parameters: {'f_n': 2.4599783217030888e-06, 'K_d': 147365.2498266772, 'rho_d': 32102327797810.887, 'fission_rate': 7.754164654150536e+19, 'Dg_D1_scale': 3.7924341092445815, 'Dg_D3_scale': 0.2131315792544864, 'Dv_D1_scale': 0.2203557506253915, 'Dv_D2_scale': 0.6933907018836974, 'b_bulk_scale': 0.29364806202027793, 'b_dislocation_scale': 0.22388067422161137, 'gb_scale': 3.5809877063829316, 'gd_bubble_scale': 0.09584676927723394, 'gd_line_scale': 6.311748992398289, 'gd_line_alpha': 0.9032734250412998, 'coalescence_d_scale': 0.42505130964612886, 'capture_scale': 0.010072870023160695}. Best is trial 273 with value: 2.1697237012085933.
[I 2026-05-02 21:56:33,568] Trial 278 finished with value: 2.166727242144305 and parameters: {'f_n': 2.0682975701184703e-06, 'K_d': 168195.78739304355, 'rho_d': 32296469733786.867, 'fission_rate': 7.82729862888818e+19, 'Dg_D1_scale': 3.982686839575397, 'Dg_D3_scale': 0.19923160584985375, 'Dv_D1_scale': 0.21794177849957572, 'Dv_D2_scale': 3.2575493500250823, 'b_bulk_scale': 0.22158835896884035, 'b_dislocation_scale': 0.24565984374552186, 'gb_scale': 3.2015392203810187, 'gd_bubble_scale': 0.09279149090715264, 'gd_line_scale': 6.199392548773111, 'gd_line_alpha': 0.9456970439482418, 'coalescence_d_scale': 0.389781889212928, 'capture_scale': 0.013610011585614281}. Best is trial 278 with value: 2.166727242144305.
[I 2026-05-02 21:56:37,591] Trial 279 finished with value: 2.200594890455485 and parameters: {'f_n': 2.0893591699908366e-06, 'K_d': 173711.0062292726, 'rho_d': 32473610043736.875, 'fission_rate': 7.761910001359824e+19, 'Dg_D1_scale': 3.943280120995821, 'Dg_D3_scale': 0.20297108842243872, 'Dv_D1_scale': 0.21599984740126016, 'Dv_D2_scale': 3.33888796790853, 'b_bulk_scale': 0.2138445181661527, 'b_dislocation_scale': 0.2426199017206724, 'gb_scale': 4.385395809858505, 'gd_bubble_scale': 0.09337474711700766, 'gd_line_scale': 6.255286105866755, 'gd_line_alpha': 0.9365425324523059, 'coalescence_d_scale': 0.3817671158839715, 'capture_scale': 0.011906805333805571}. Best is trial 278 with value: 2.166727242144305.
[I 2026-05-02 21:56:41,654] Trial 280 finished with value: 2.1645283398076987 and parameters: {'f_n': 2.2894418030498125e-06, 'K_d': 175064.06073566494, 'rho_d': 32245269548721.633, 'fission_rate': 7.735890401919212e+19, 'Dg_D1_scale': 3.648151778789452, 'Dg_D3_scale': 0.2050286087403413, 'Dv_D1_scale': 0.22193005753497644, 'Dv_D2_scale': 3.2572470110187544, 'b_bulk_scale': 0.19823363182706563, 'b_dislocation_scale': 0.2080184798479467, 'gb_scale': 3.977449684671013, 'gd_bubble_scale': 0.09996720563355155, 'gd_line_scale': 6.385388403615097, 'gd_line_alpha': 0.9100097853654283, 'coalescence_d_scale': 0.38765787437252974, 'capture_scale': 0.011790401658182322}. Best is trial 280 with value: 2.1645283398076987.
[I 2026-05-02 21:56:46,230] Trial 281 finished with value: 2.152898606220331 and parameters: {'f_n': 2.2434851876691323e-06, 'K_d': 178097.393215604, 'rho_d': 32434328959827.92, 'fission_rate': 6.675533347252612e+19, 'Dg_D1_scale': 3.6267030836855563, 'Dg_D3_scale': 0.20832610111523522, 'Dv_D1_scale': 0.21600977798356313, 'Dv_D2_scale': 3.2528669919484985, 'b_bulk_scale': 0.20507012506776495, 'b_dislocation_scale': 0.19750059179951307, 'gb_scale': 4.810957616029024, 'gd_bubble_scale': 0.09128737192182193, 'gd_line_scale': 6.255643297823848, 'gd_line_alpha': 0.9002122679709259, 'coalescence_d_scale': 0.38164753822619596, 'capture_scale': 0.012936993721349105}. Best is trial 281 with value: 2.152898606220331.
[I 2026-05-02 21:56:50,833] Trial 282 finished with value: 2.136370652833909 and parameters: {'f_n': 2.3690020710890754e-06, 'K_d': 176118.88331388045, 'rho_d': 32459909580482.45, 'fission_rate': 6.6313464006465044e+19, 'Dg_D1_scale': 2.4327184503321075, 'Dg_D3_scale': 0.20959889486212704, 'Dv_D1_scale': 0.21206677527725942, 'Dv_D2_scale': 3.2409443963272806, 'b_bulk_scale': 0.19855209032061522, 'b_dislocation_scale': 0.1861503259258616, 'gb_scale': 4.5043389023393265, 'gd_bubble_scale': 0.09046859168240955, 'gd_line_scale': 6.493114154557516, 'gd_line_alpha': 0.8561732061537974, 'coalescence_d_scale': 0.3743609573080919, 'capture_scale': 0.013376869597448533}. Best is trial 282 with value: 2.136370652833909.
[I 2026-05-02 21:56:53,558] Trial 283 finished with value: 2.1163483255866327 and parameters: {'f_n': 2.3671655456411034e-06, 'K_d': 175256.6111553404, 'rho_d': 32721866531870.434, 'fission_rate': 6.974181658557876e+19, 'Dg_D1_scale': 2.14558510074504, 'Dg_D3_scale': 2.9533802247181336, 'Dv_D1_scale': 0.22275949224761019, 'Dv_D2_scale': 3.336635357316127, 'b_bulk_scale': 0.2021527379102663, 'b_dislocation_scale': 0.191001147887953, 'gb_scale': 5.333291501554273, 'gd_bubble_scale': 0.08996999837170226, 'gd_line_scale': 6.43695983591913, 'gd_line_alpha': 0.8560266797303167, 'coalescence_d_scale': 0.38565330686765853, 'capture_scale': 0.013463478584187345}. Best is trial 283 with value: 2.1163483255866327.
[I 2026-05-02 21:56:58,114] Trial 284 finished with value: 2.1573709653159567 and parameters: {'f_n': 2.4292805954715346e-06, 'K_d': 176525.19851338965, 'rho_d': 33158752598901.348, 'fission_rate': 6.842839556531787e+19, 'Dg_D1_scale': 2.0514007313836107, 'Dg_D3_scale': 0.2107874869674915, 'Dv_D1_scale': 0.21310861020307473, 'Dv_D2_scale': 3.173245941536737, 'b_bulk_scale': 0.19317282319076579, 'b_dislocation_scale': 0.15245900241597513, 'gb_scale': 4.717429672231852, 'gd_bubble_scale': 0.08848465147265053, 'gd_line_scale': 6.452612119395672, 'gd_line_alpha': 0.8487779058446987, 'coalescence_d_scale': 0.3823127491504255, 'capture_scale': 0.013820022133849242}. Best is trial 283 with value: 2.1163483255866327.
[I 2026-05-02 21:57:02,658] Trial 285 finished with value: 2.144712721511461 and parameters: {'f_n': 2.3433080156308774e-06, 'K_d': 175204.51623981874, 'rho_d': 33333858131801.43, 'fission_rate': 6.71055618230013e+19, 'Dg_D1_scale': 2.1228919286995365, 'Dg_D3_scale': 0.21549916920721734, 'Dv_D1_scale': 0.2129091200745445, 'Dv_D2_scale': 3.3266071000331503, 'b_bulk_scale': 0.18869767724902461, 'b_dislocation_scale': 0.14542507551803663, 'gb_scale': 5.266715684855326, 'gd_bubble_scale': 0.08891892329809213, 'gd_line_scale': 6.3340298111237425, 'gd_line_alpha': 0.8405278982087281, 'coalescence_d_scale': 0.3717582986732394, 'capture_scale': 0.01409250039938545}. Best is trial 283 with value: 2.1163483255866327.
[I 2026-05-02 21:57:07,209] Trial 286 finished with value: 2.1576055400284133 and parameters: {'f_n': 2.7201560850050115e-06, 'K_d': 177389.98414015802, 'rho_d': 33161067273435.246, 'fission_rate': 6.70108955291156e+19, 'Dg_D1_scale': 2.125760108949354, 'Dg_D3_scale': 0.22014995043659352, 'Dv_D1_scale': 0.20115438529244584, 'Dv_D2_scale': 3.209412694389327, 'b_bulk_scale': 0.18994013253678357, 'b_dislocation_scale': 0.137541033675324, 'gb_scale': 4.980790056768633, 'gd_bubble_scale': 0.09019432220611016, 'gd_line_scale': 6.511577705384263, 'gd_line_alpha': 0.8420489454178272, 'coalescence_d_scale': 0.35745594546703063, 'capture_scale': 0.014332501586810872}. Best is trial 283 with value: 2.1163483255866327.
[I 2026-05-02 21:57:11,884] Trial 287 finished with value: 2.181907672322291 and parameters: {'f_n': 2.441411939854833e-06, 'K_d': 177386.51536544837, 'rho_d': 33857600820085.74, 'fission_rate': 6.497833891774901e+19, 'Dg_D1_scale': 2.0989566734337823, 'Dg_D3_scale': 0.22456881223379302, 'Dv_D1_scale': 0.20333037072864885, 'Dv_D2_scale': 3.276602551411861, 'b_bulk_scale': 0.19329506479895614, 'b_dislocation_scale': 0.13653524200878614, 'gb_scale': 5.137451150914304, 'gd_bubble_scale': 0.08944833290987539, 'gd_line_scale': 6.465046787017416, 'gd_line_alpha': 0.8755319608047558, 'coalescence_d_scale': 0.3728855114083, 'capture_scale': 0.01427598458287387}. Best is trial 283 with value: 2.1163483255866327.
