[I 2026-05-02 22:14:30,630] Trial 522 finished with value: 2.4456250307277516 and parameters: {'f_n': 9.219651857591325e-07, 'K_d': 190766.08533135251, 'rho_d': 41053860555453.83, 'fission_rate': 6.182169290104081e+19, 'Dg_D1_scale': 2.4897354023883227, 'Dg_D3_scale': 3.7529922686068633, 'Dv_D1_scale': 0.23299543511286522, 'Dv_D2_scale': 3.3543133913648258, 'b_bulk_scale': 0.19037805981716435, 'b_dislocation_scale': 0.13271057240907308, 'gb_scale': 5.490844523671572, 'gd_bubble_scale': 0.4246699126046136, 'gd_line_scale': 4.233424035322676, 'gd_line_alpha': 0.8059167483872373, 'coalescence_d_scale': 0.30363480337629056, 'capture_scale': 1.8358857099333372}. Best is trial 444 with value: 2.0614202321115003.
[I 2026-05-02 22:14:35,473] Trial 523 finished with value: 2.0737263726724815 and parameters: {'f_n': 1.494070104595856e-06, 'K_d': 207304.32788918825, 'rho_d': 40416538136018.66, 'fission_rate': 6.143473133086577e+19, 'Dg_D1_scale': 2.192707726036873, 'Dg_D3_scale': 3.5131158426181495, 'Dv_D1_scale': 0.22283740644559563, 'Dv_D2_scale': 2.984353069406033, 'b_bulk_scale': 0.2290630192698793, 'b_dislocation_scale': 0.17708521455125142, 'gb_scale': 5.766268850906954, 'gd_bubble_scale': 0.5670105260787714, 'gd_line_scale': 3.734242309882814, 'gd_line_alpha': 0.8197778918899528, 'coalescence_d_scale': 0.35243764321198606, 'capture_scale': 1.3959559255632124}. Best is trial 444 with value: 2.0614202321115003.
[I 2026-05-02 22:14:40,237] Trial 524 finished with value: 2.0876691114690082 and parameters: {'f_n': 1.330077075308304e-06, 'K_d': 213953.752620399, 'rho_d': 43128157549482.56, 'fission_rate': 6.20410379255166e+19, 'Dg_D1_scale': 2.2440358639306006, 'Dg_D3_scale': 3.555293379700812, 'Dv_D1_scale': 0.21230914404463175, 'Dv_D2_scale': 3.146357900205612, 'b_bulk_scale': 0.23611997821869316, 'b_dislocation_scale': 0.16086558154760755, 'gb_scale': 5.492351451401588, 'gd_bubble_scale': 0.5708486849449449, 'gd_line_scale': 3.236962242781361, 'gd_line_alpha': 0.4286347112585304, 'coalescence_d_scale': 0.3780756155023523, 'capture_scale': 1.5822742412599475}. Best is trial 444 with value: 2.0614202321115003.
[I 2026-05-02 22:14:43,403] Trial 525 finished with value: 2.497587046076783 and parameters: {'f_n': 8.934779693854703e-07, 'K_d': 221982.4938475452, 'rho_d': 45732262788392.22, 'fission_rate': 6.187335894712213e+19, 'Dg_D1_scale': 2.3532932201612997, 'Dg_D3_scale': 3.7066334973787822, 'Dv_D1_scale': 0.21985666001418652, 'Dv_D2_scale': 3.3638379700961014, 'b_bulk_scale': 0.24863975284664344, 'b_dislocation_scale': 0.1555242577983365, 'gb_scale': 5.1086880777463355, 'gd_bubble_scale': 0.5590157362490645, 'gd_line_scale': 3.82135035994176, 'gd_line_alpha': 0.45766922130773896, 'coalescence_d_scale': 0.3808775300359897, 'capture_scale': 1.2790421313384508}. Best is trial 444 with value: 2.0614202321115003.
[I 2026-05-02 22:14:48,242] Trial 526 finished with value: 3.6653704925425172 and parameters: {'f_n': 1.1664195635103012e-06, 'K_d': 212296.16554145637, 'rho_d': 43399329258205.42, 'fission_rate': 6.118861428877981e+19, 'Dg_D1_scale': 2.2964522996651797, 'Dg_D3_scale': 3.522185128817362, 'Dv_D1_scale': 1.7335266100817706, 'Dv_D2_scale': 3.1904692548422147, 'b_bulk_scale': 0.25423949875286933, 'b_dislocation_scale': 0.14005165203131992, 'gb_scale': 4.960941918141427, 'gd_bubble_scale': 0.6092057843476707, 'gd_line_scale': 3.1526122915639156, 'gd_line_alpha': 0.32360144706463945, 'coalescence_d_scale': 0.3747769343517248, 'capture_scale': 1.4139677230173557}. Best is trial 444 with value: 2.0614202321115003.
[I 2026-05-02 22:14:53,006] Trial 527 finished with value: 2.480804190864377 and parameters: {'f_n': 1.1759544997732448e-06, 'K_d': 224737.21310554413, 'rho_d': 48465003997187.47, 'fission_rate': 6.300813057848604e+19, 'Dg_D1_scale': 2.499043974464972, 'Dg_D3_scale': 3.7853771716991624, 'Dv_D1_scale': 0.22174726684930038, 'Dv_D2_scale': 3.091402079154353, 'b_bulk_scale': 0.23088865759000154, 'b_dislocation_scale': 0.1619522222151856, 'gb_scale': 4.284184645724449, 'gd_bubble_scale': 0.21585683241384765, 'gd_line_scale': 3.675986248012163, 'gd_line_alpha': 0.3740201957068022, 'coalescence_d_scale': 0.35430508848030556, 'capture_scale': 1.6040311134372516}. Best is trial 444 with value: 2.0614202321115003.
[I 2026-05-02 22:14:57,658] Trial 528 finished with value: 2.2362165614417013 and parameters: {'f_n': 9.263140341794515e-07, 'K_d': 214170.57350693966, 'rho_d': 44182547715890.93, 'fission_rate': 6.381003241985335e+19, 'Dg_D1_scale': 2.2594952617687505, 'Dg_D3_scale': 3.333003327646913, 'Dv_D1_scale': 0.21184604328473663, 'Dv_D2_scale': 3.389113791047685, 'b_bulk_scale': 0.23149517098696704, 'b_dislocation_scale': 0.1747325130100024, 'gb_scale': 5.616862238854399, 'gd_bubble_scale': 0.5420698864189715, 'gd_line_scale': 3.844530516718766, 'gd_line_alpha': 0.8760934103225384, 'coalescence_d_scale': 0.1001625781295686, 'capture_scale': 1.6502668700924745}. Best is trial 444 with value: 2.0614202321115003.Best trial: 444. Best value: 2.06142:  35%|███▌      | 528/1500 [37:17<1:13:13,  4.52s/it]Best trial: 444. Best value: 2.06142:  35%|███▌      | 528/1500 [37:17<1:13:13,  4.52s/it]Best trial: 444. Best value: 2.06142:  35%|███▌      | 529/1500 [37:17<1:13:47,  4.56s/it]                                                                                          Best trial: 444. Best value: 2.06142:  35%|███▌      | 529/1500 [37:22<1:13:47,  4.56s/it]Best trial: 444. Best value: 2.06142:  35%|███▌      | 529/1500 [37:22<1:13:47,  4.56s/it]Best trial: 444. Best value: 2.06142:  35%|███▌      | 530/1500 [37:22<1:14:46,  4.62s/it]                                                                                          Best trial: 444. Best value: 2.06142:  35%|███▌      | 530/1500 [37:27<1:14:46,  4.62s/it]Best trial: 444. Best value: 2.06142:  35%|███▌      | 530/1500 [37:27<1:14:46,  4.62s/it]Best trial: 444. Best value: 2.06142:  35%|███▌      | 531/1500 [37:27<1:15:36,  4.68s/it]                                                                                          Best trial: 444. Best value: 2.06142:  35%|███▌      | 531/1500 [37:32<1:15:36,  4.68s/it]Best trial: 444. Best value: 2.06142:  35%|███▌      | 531/1500 [37:32<1:15:36,  4.68s/it]Best trial: 444. Best value: 2.06142:  35%|███▌      | 532/1500 [37:32<1:16:36,  4.75s/it]                                                                                          Best trial: 444. Best value: 2.06142:  35%|███▌      | 532/1500 [37:35<1:16:36,  4.75s/it]Best trial: 444. Best value: 2.06142:  35%|███▌      | 532/1500 [37:35<1:16:36,  4.75s/it]Best trial: 444. Best value: 2.06142:  36%|███▌      | 533/1500 [37:35<1:08:33,  4.25s/it]                                                                                          Best trial: 444. Best value: 2.06142:  36%|███▌      | 533/1500 [37:40<1:08:33,  4.25s/it]Best trial: 444. Best value: 2.06142:  36%|███▌      | 533/1500 [37:40<1:08:33,  4.25s/it]Best trial: 444. Best value: 2.06142:  36%|███▌      | 534/1500 [37:40<1:11:24,  4.44s/it]                                                                                          Best trial: 444. Best value: 2.06142:  36%|███▌      | 534/1500 [37:44<1:11:24,  4.44s/it]Best trial: 444. Best value: 2.06142:  36%|███▌      | 534/1500 [37:44<1:11:24,  4.44s/it]Best trial: 444. Best value: 2.06142:  36%|███▌      | 535/1500 [37:44<1:12:26,  4.50s/it]                                                                                          Best trial: 444. Best value: 2.06142:  36%|███▌      | 535/1500 [37:49<1:12:26,  4.50s/it]Best trial: 444. Best value: 2.06142:  36%|███▌      | 535/1500 [37:49<1:12:26,  4.50s/it]Best trial: 444. Best value: 2.06142:  36%|███▌      | 536/1500 [37:49<1:13:00,  4.54s/it]                                                                                          Best trial: 444. Best value: 2.06142:  36%|███▌      | 536/1500 [37:54<1:13:00,  4.54s/it]Best trial: 444. Best value: 2.06142:  36%|███▌      | 536/1500 [37:54<1:13:00,  4.54s/it]Best trial: 444. Best value: 2.06142:  36%|███▌      | 537/1500 [37:54<1:13:35,  4.58s/it]                                                                                          Best trial: 444. Best value: 2.06142:  36%|███▌      | 537/1500 [37:58<1:13:35,  4.58s/it]Best trial: 444. Best value: 2.06142:  36%|███▌      | 537/1500 [37:58<1:13:35,  4.58s/it]Best trial: 444. Best value: 2.06142:  36%|███▌      | 538/1500 [37:58<1:14:47,  4.66s/it]                                                                                          Best trial: 444. Best value: 2.06142:  36%|███▌      | 538/1500 [38:03<1:14:47,  4.66s/it]Best trial: 444. Best value: 2.06142:  36%|███▌      | 538/1500 [38:03<1:14:47,  4.66s/it]Best trial: 444. Best value: 2.06142:  36%|███▌      | 539/1500 [38:03<1:15:24,  4.71s/it]                                                                                          Best trial: 444. Best value: 2.06142:  36%|███▌      | 539/1500 [38:06<1:15:24,  4.71s/it]Best trial: 444. Best value: 2.06142:  36%|███▌      | 539/1500 [38:06<1:15:24,  4.71s/it]Best trial: 444. Best value: 2.06142:  36%|███▌      | 540/1500 [38:06<1:07:59,  4.25s/it]                                                                                          
[I 2026-05-02 22:15:02,436] Trial 529 finished with value: 2.1654874369090646 and parameters: {'f_n': 1.507455590295269e-06, 'K_d': 207995.81846969604, 'rho_d': 40819195970939.62, 'fission_rate': 6.2455851549135905e+19, 'Dg_D1_scale': 2.189697033445981, 'Dg_D3_scale': 3.5489584688370073, 'Dv_D1_scale': 0.2305989757987867, 'Dv_D2_scale': 2.981590565697662, 'b_bulk_scale': 0.21422628187058199, 'b_dislocation_scale': 0.11421973342588426, 'gb_scale': 5.7593499042646865, 'gd_bubble_scale': 0.4803455485057184, 'gd_line_scale': 3.1392493509715425, 'gd_line_alpha': 0.5023690193829158, 'coalescence_d_scale': 0.3901245129238283, 'capture_scale': 1.8533882908951027}. Best is trial 444 with value: 2.0614202321115003.
[I 2026-05-02 22:15:07,249] Trial 530 finished with value: 2.182272840200266 and parameters: {'f_n': 1.310092230425139e-06, 'K_d': 228675.93132273658, 'rho_d': 42459635008116.836, 'fission_rate': 6.145282552090769e+19, 'Dg_D1_scale': 2.174626182591454, 'Dg_D3_scale': 3.9689374660355696, 'Dv_D1_scale': 0.22933660811707807, 'Dv_D2_scale': 3.1954839845065384, 'b_bulk_scale': 0.23300557851642065, 'b_dislocation_scale': 0.12879260829446795, 'gb_scale': 4.434494511549228, 'gd_bubble_scale': 0.5547531943454569, 'gd_line_scale': 2.7592713708286154, 'gd_line_alpha': 0.8654433517839479, 'coalescence_d_scale': 0.4212239694120566, 'capture_scale': 2.007485609626728}. Best is trial 444 with value: 2.0614202321115003.
[I 2026-05-02 22:15:12,154] Trial 531 finished with value: 2.3302059025941126 and parameters: {'f_n': 1.0599866516330885e-06, 'K_d': 187503.46026821906, 'rho_d': 44863291132503.06, 'fission_rate': 6.070408915459485e+19, 'Dg_D1_scale': 2.4240417937318437, 'Dg_D3_scale': 3.3294566522949887, 'Dv_D1_scale': 0.21252441788069046, 'Dv_D2_scale': 3.079883148669606, 'b_bulk_scale': 0.21437318686923257, 'b_dislocation_scale': 0.15941706473430142, 'gb_scale': 5.4864900217492885, 'gd_bubble_scale': 0.5636297443592251, 'gd_line_scale': 4.131850973649526, 'gd_line_alpha': 0.8382948304608722, 'coalescence_d_scale': 0.3524407785422027, 'capture_scale': 1.1556123543512447}. Best is trial 444 with value: 2.0614202321115003.
[I 2026-05-02 22:15:15,255] Trial 532 finished with value: 2.5751793806727705 and parameters: {'f_n': 1.34331864939027e-06, 'K_d': 204909.8569107239, 'rho_d': 50248050477738.85, 'fission_rate': 6.282762543267413e+19, 'Dg_D1_scale': 2.6004115594556594, 'Dg_D3_scale': 3.99807116213451, 'Dv_D1_scale': 0.23620452596152544, 'Dv_D2_scale': 1.3876874341578291, 'b_bulk_scale': 0.2020102529245987, 'b_dislocation_scale': 0.13998707113836387, 'gb_scale': 5.178963490682664, 'gd_bubble_scale': 0.6222144603065927, 'gd_line_scale': 3.79091410809222, 'gd_line_alpha': 0.43858608897180507, 'coalescence_d_scale': 0.3994437392180911, 'capture_scale': 1.4301876918879808}. Best is trial 444 with value: 2.0614202321115003.
[I 2026-05-02 22:15:20,114] Trial 533 finished with value: 17.836821046703797 and parameters: {'f_n': 1.4959083652057516e-06, 'K_d': 218293.34467300074, 'rho_d': 40160285705074.39, 'fission_rate': 6.0821955322392986e+19, 'Dg_D1_scale': 2.2326883121385617, 'Dg_D3_scale': 3.7212951181375344, 'Dv_D1_scale': 0.22281916775371433, 'Dv_D2_scale': 3.349725445755874, 'b_bulk_scale': 0.25608146233420676, 'b_dislocation_scale': 0.17844917087610598, 'gb_scale': 5.984160068043618, 'gd_bubble_scale': 0.46050673312647816, 'gd_line_scale': 4.104148502781739, 'gd_line_alpha': 0.3499342269428684, 'coalescence_d_scale': 17.73342980564747, 'capture_scale': 2.1663729938782477}. Best is trial 444 with value: 2.0614202321115003.
[I 2026-05-02 22:15:24,779] Trial 534 finished with value: 2.085880932012188 and parameters: {'f_n': 1.1655437710079e-06, 'K_d': 195330.13059172244, 'rho_d': 39423880412941.125, 'fission_rate': 6.382936645862464e+19, 'Dg_D1_scale': 2.3701859420892877, 'Dg_D3_scale': 3.523546854172534, 'Dv_D1_scale': 0.2113779179089931, 'Dv_D2_scale': 2.9539772612519792, 'b_bulk_scale': 0.2223025720483862, 'b_dislocation_scale': 0.1807583351778048, 'gb_scale': 5.899724195016569, 'gd_bubble_scale': 0.517187138650698, 'gd_line_scale': 3.4687384605488, 'gd_line_alpha': 0.4150172370912782, 'coalescence_d_scale': 0.3299989598274107, 'capture_scale': 1.5337394556047577}. Best is trial 444 with value: 2.0614202321115003.
[I 2026-05-02 22:15:29,414] Trial 535 finished with value: 2.319498059202846 and parameters: {'f_n': 8.820699261168993e-07, 'K_d': 206264.48687385034, 'rho_d': 41080047182813.67, 'fission_rate': 6.422666353518599e+19, 'Dg_D1_scale': 2.449151075646776, 'Dg_D3_scale': 3.532282704094802, 'Dv_D1_scale': 0.2111751585220481, 'Dv_D2_scale': 2.99443011373327, 'b_bulk_scale': 0.23010287861539871, 'b_dislocation_scale': 0.1545286800387082, 'gb_scale': 4.674517931964255, 'gd_bubble_scale': 0.5172384042849175, 'gd_line_scale': 3.7976732703769867, 'gd_line_alpha': 0.4021312537455813, 'coalescence_d_scale': 0.3390984606805699, 'capture_scale': 1.5815990522383248}. Best is trial 444 with value: 2.0614202321115003.
[I 2026-05-02 22:15:34,095] Trial 536 finished with value: 2.0988510594208236 and parameters: {'f_n': 1.045277878885206e-06, 'K_d': 223779.28634283345, 'rho_d': 44292020143352.24, 'fission_rate': 6.406164244832164e+19, 'Dg_D1_scale': 2.60089784392286, 'Dg_D3_scale': 1.3289173116439872, 'Dv_D1_scale': 0.21193236489085332, 'Dv_D2_scale': 3.219372226247963, 'b_bulk_scale': 0.2662117540483733, 'b_dislocation_scale': 0.1783201869076686, 'gb_scale': 5.661235768426252, 'gd_bubble_scale': 0.6127886848727985, 'gd_line_scale': 3.1154924594032036, 'gd_line_alpha': 0.4301303884854744, 'coalescence_d_scale': 0.40501185962707126, 'capture_scale': 1.5720770604224819}. Best is trial 444 with value: 2.0614202321115003.
[I 2026-05-02 22:15:38,941] Trial 537 finished with value: 2.0890736766638462 and parameters: {'f_n': 1.0661981722965244e-06, 'K_d': 230390.87816134444, 'rho_d': 46311319713391.734, 'fission_rate': 6.17264788772548e+19, 'Dg_D1_scale': 2.5839036685845773, 'Dg_D3_scale': 1.571001658654005, 'Dv_D1_scale': 0.20995332480451895, 'Dv_D2_scale': 3.4230823827739116, 'b_bulk_scale': 0.25385338084281095, 'b_dislocation_scale': 0.167951091231163, 'gb_scale': 5.7225408877970265, 'gd_bubble_scale': 0.5888248280276377, 'gd_line_scale': 2.7215226248900573, 'gd_line_alpha': 0.8508948780591506, 'coalescence_d_scale': 0.41205409796079956, 'capture_scale': 1.4017630452496512}. Best is trial 444 with value: 2.0614202321115003.
[I 2026-05-02 22:15:43,755] Trial 538 finished with value: 2.27135409383404 and parameters: {'f_n': 9.10914946610111e-07, 'K_d': 249676.0861946249, 'rho_d': 47641927375423.34, 'fission_rate': 6.2069076777882255e+19, 'Dg_D1_scale': 2.733343624026607, 'Dg_D3_scale': 1.8846630213067552, 'Dv_D1_scale': 0.21057791215377747, 'Dv_D2_scale': 3.392833895699092, 'b_bulk_scale': 0.26916430059111873, 'b_dislocation_scale': 0.14547526499942656, 'gb_scale': 5.590782811072798, 'gd_bubble_scale': 0.6189645203819621, 'gd_line_scale': 2.9589195185902626, 'gd_line_alpha': 0.4151095672082935, 'coalescence_d_scale': 0.41740231390269955, 'capture_scale': 1.3356284028406238}. Best is trial 444 with value: 2.0614202321115003.
[I 2026-05-02 22:15:46,936] Trial 539 finished with value: 2.115702870119608 and parameters: {'f_n': 6.216566361388398e-07, 'K_d': 234484.31776751883, 'rho_d': 46136220489132.48, 'fission_rate': 6.16938296172013e+19, 'Dg_D1_scale': 2.3718949307483768, 'Dg_D3_scale': 1.1357278328104317, 'Dv_D1_scale': 0.20956714166255705, 'Dv_D2_scale': 3.4564336617772438, 'b_bulk_scale': 0.2674535604131348, 'b_dislocation_scale': 0.16802136501739398, 'gb_scale': 5.921358394732634, 'gd_bubble_scale': 0.646719945324337, 'gd_line_scale': 2.6509709935603003, 'gd_line_alpha': 0.3767859682822888, 'coalescence_d_scale': 0.4515092411273938, 'capture_scale': 1.3364688209606046}. Best is trial 444 with value: 2.0614202321115003.
