[I 2026-05-02 22:28:21,871] Trial 702 finished with value: 2.1708201715470277 and parameters: {'f_n': 5.434664189255733e-07, 'K_d': 170092.37372147787, 'rho_d': 39017604035092.87, 'fission_rate': 4.6764008461615915e+19, 'Dg_D1_scale': 0.43856149862258825, 'Dg_D3_scale': 3.326947812530999, 'Dv_D1_scale': 0.2504679862450012, 'Dv_D2_scale': 3.1412085856229015, 'b_bulk_scale': 0.2358697719432224, 'b_dislocation_scale': 0.138830843162437, 'gb_scale': 5.0676334481681, 'gd_bubble_scale': 0.43860177016984, 'gd_line_scale': 2.905924286981511, 'gd_line_alpha': 0.860151332338899, 'coalescence_d_scale': 0.3541385424865112, 'capture_scale': 6.065871647465411}. Best is trial 697 with value: 2.0519059429914352.
[I 2026-05-02 22:28:27,694] Trial 703 finished with value: 3.28301063360601 and parameters: {'f_n': 2.339775464015263e-08, 'K_d': 180093.67876360883, 'rho_d': 42499931310864.9, 'fission_rate': 5.042838300222065e+19, 'Dg_D1_scale': 0.34993768343451787, 'Dg_D3_scale': 3.047719242972277, 'Dv_D1_scale': 0.23983037150114295, 'Dv_D2_scale': 3.0866144051576323, 'b_bulk_scale': 0.25128719287449697, 'b_dislocation_scale': 0.14531966818875974, 'gb_scale': 5.811540408932342, 'gd_bubble_scale': 0.4778845569677997, 'gd_line_scale': 3.150924235769863, 'gd_line_alpha': 0.8850612380933639, 'coalescence_d_scale': 0.3267009430788643, 'capture_scale': 4.995147843701718}. Best is trial 697 with value: 2.0519059429914352.
[I 2026-05-02 22:28:30,850] Trial 704 finished with value: 2.3428425970027034 and parameters: {'f_n': 7.235056451205881e-07, 'K_d': 187786.13039075493, 'rho_d': 44767024023486.07, 'fission_rate': 6.2836279968537936e+19, 'Dg_D1_scale': 0.3773006342666828, 'Dg_D3_scale': 3.2919824398486432, 'Dv_D1_scale': 0.2621639914663677, 'Dv_D2_scale': 3.3858374797532464, 'b_bulk_scale': 0.21612456718016454, 'b_dislocation_scale': 0.11705115383631423, 'gb_scale': 5.820730770786324, 'gd_bubble_scale': 0.3673682780552596, 'gd_line_scale': 3.477905690541291, 'gd_line_alpha': 0.824208533003011, 'coalescence_d_scale': 0.3755857926335884, 'capture_scale': 2.848446452074463}. Best is trial 697 with value: 2.0519059429914352.
[I 2026-05-02 22:28:35,527] Trial 705 finished with value: 2.1386473966688837 and parameters: {'f_n': 1.8205838765327877e-06, 'K_d': 159626.27126777824, 'rho_d': 40320248969099.2, 'fission_rate': 6.434378705680063e+19, 'Dg_D1_scale': 0.7631454138347302, 'Dg_D3_scale': 2.664604007248739, 'Dv_D1_scale': 0.30263250171529776, 'Dv_D2_scale': 3.2505283453132012, 'b_bulk_scale': 0.2079620206931898, 'b_dislocation_scale': 0.14573775303869008, 'gb_scale': 5.003906515533897, 'gd_bubble_scale': 0.5114636627236252, 'gd_line_scale': 4.231760996825366, 'gd_line_alpha': 0.8485926172565323, 'coalescence_d_scale': 0.36486793975070886, 'capture_scale': 1.0696860602646576}. Best is trial 697 with value: 2.0519059429914352.
[I 2026-05-02 22:28:40,399] Trial 706 finished with value: 4.087150396748702 and parameters: {'f_n': 1.5301958629742286e-10, 'K_d': 165534.28774782183, 'rho_d': 37940706062669.62, 'fission_rate': 6.176696135763757e+19, 'Dg_D1_scale': 0.3138628964385848, 'Dg_D3_scale': 2.916544275203091, 'Dv_D1_scale': 0.23523600434514924, 'Dv_D2_scale': 0.4238065217222463, 'b_bulk_scale': 0.268809400742736, 'b_dislocation_scale': 0.12957853886920412, 'gb_scale': 5.883368406777842, 'gd_bubble_scale': 0.4586316109188974, 'gd_line_scale': 2.6813239181874566, 'gd_line_alpha': 0.8186822161404851, 'coalescence_d_scale': 0.3183156896229031, 'capture_scale': 3.4980378929666722}. Best is trial 697 with value: 2.0519059429914352.
[I 2026-05-02 22:28:47,068] Trial 707 finished with value: 2.2519501653042475 and parameters: {'f_n': 1.0458417756071177e-06, 'K_d': 188831.98807460058, 'rho_d': 19604459441413.266, 'fission_rate': 4.300419874934999e+19, 'Dg_D1_scale': 0.40990074227952505, 'Dg_D3_scale': 3.1333774542228556, 'Dv_D1_scale': 0.2560563075794631, 'Dv_D2_scale': 3.1050194946622347, 'b_bulk_scale': 0.22389557158360832, 'b_dislocation_scale': 0.10467774224128477, 'gb_scale': 5.265831409113055, 'gd_bubble_scale': 0.5247060427968304, 'gd_line_scale': 3.5606766340857976, 'gd_line_alpha': 0.84104747063319, 'coalescence_d_scale': 0.3912593910927145, 'capture_scale': 3.0435067873621584}. Best is trial 697 with value: 2.0519059429914352.
[I 2026-05-02 22:28:51,871] Trial 708 finished with value: 2.6094373833292424 and parameters: {'f_n': 1.4792780823574967e-06, 'K_d': 174811.77315129837, 'rho_d': 48221972808276.88, 'fission_rate': 6.269207209724085e+19, 'Dg_D1_scale': 0.28625191442097886, 'Dg_D3_scale': 3.3584923299083824, 'Dv_D1_scale': 1.550009261333651, 'Dv_D2_scale': 0.29916459255640404, 'b_bulk_scale': 0.18977219150772134, 'b_dislocation_scale': 0.12382206654890535, 'gb_scale': 4.433731804693218, 'gd_bubble_scale': 0.42791578949609155, 'gd_line_scale': 2.2989445963993007, 'gd_line_alpha': 0.9078126990382974, 'coalescence_d_scale': 0.34176306752273167, 'capture_scale': 4.209382182041882}. Best is trial 697 with value: 2.0519059429914352.Best trial: 697. Best value: 2.05191:  47%|████▋     | 708/1500 [51:11<1:10:52,  5.37s/it]Best trial: 697. Best value: 2.05191:  47%|████▋     | 708/1500 [51:11<1:10:52,  5.37s/it]Best trial: 697. Best value: 2.05191:  47%|████▋     | 709/1500 [51:11<1:08:31,  5.20s/it]                                                                                          Best trial: 697. Best value: 2.05191:  47%|████▋     | 709/1500 [51:16<1:08:31,  5.20s/it]Best trial: 697. Best value: 2.05191:  47%|████▋     | 709/1500 [51:16<1:08:31,  5.20s/it]Best trial: 697. Best value: 2.05191:  47%|████▋     | 710/1500 [51:16<1:07:15,  5.11s/it]                                                                                          Best trial: 697. Best value: 2.05191:  47%|████▋     | 710/1500 [51:21<1:07:15,  5.11s/it]Best trial: 697. Best value: 2.05191:  47%|████▋     | 710/1500 [51:21<1:07:15,  5.11s/it]Best trial: 697. Best value: 2.05191:  47%|████▋     | 711/1500 [51:21<1:05:40,  4.99s/it]                                                                                          Best trial: 697. Best value: 2.05191:  47%|████▋     | 711/1500 [51:24<1:05:40,  4.99s/it]Best trial: 697. Best value: 2.05191:  47%|████▋     | 711/1500 [51:24<1:05:40,  4.99s/it]Best trial: 697. Best value: 2.05191:  47%|████▋     | 712/1500 [51:24<58:20,  4.44s/it]                                                                                          Best trial: 697. Best value: 2.05191:  47%|████▋     | 712/1500 [51:29<58:20,  4.44s/it]Best trial: 697. Best value: 2.05191:  47%|████▋     | 712/1500 [51:29<58:20,  4.44s/it]Best trial: 697. Best value: 2.05191:  48%|████▊     | 713/1500 [51:29<1:00:15,  4.59s/it]                                                                                          Best trial: 697. Best value: 2.05191:  48%|████▊     | 713/1500 [51:33<1:00:15,  4.59s/it]Best trial: 697. Best value: 2.05191:  48%|████▊     | 713/1500 [51:33<1:00:15,  4.59s/it]Best trial: 697. Best value: 2.05191:  48%|████▊     | 714/1500 [51:33<58:46,  4.49s/it]                                                                                          Best trial: 697. Best value: 2.05191:  48%|████▊     | 714/1500 [51:39<58:46,  4.49s/it]Best trial: 697. Best value: 2.05191:  48%|████▊     | 714/1500 [51:39<58:46,  4.49s/it]Best trial: 697. Best value: 2.05191:  48%|████▊     | 715/1500 [51:39<1:04:41,  4.94s/it]                                                                                          Best trial: 697. Best value: 2.05191:  48%|████▊     | 715/1500 [51:44<1:04:41,  4.94s/it]Best trial: 697. Best value: 2.05191:  48%|████▊     | 715/1500 [51:44<1:04:41,  4.94s/it]Best trial: 697. Best value: 2.05191:  48%|████▊     | 716/1500 [51:44<1:03:32,  4.86s/it]                                                                                          Best trial: 697. Best value: 2.05191:  48%|████▊     | 716/1500 [51:49<1:03:32,  4.86s/it]Best trial: 716. Best value: 2.04821:  48%|████▊     | 716/1500 [51:49<1:03:32,  4.86s/it]Best trial: 716. Best value: 2.04821:  48%|████▊     | 717/1500 [51:49<1:03:08,  4.84s/it]                                                                                          Best trial: 716. Best value: 2.04821:  48%|████▊     | 717/1500 [51:52<1:03:08,  4.84s/it]Best trial: 716. Best value: 2.04821:  48%|████▊     | 717/1500 [51:52<1:03:08,  4.84s/it]Best trial: 716. Best value: 2.04821:  48%|████▊     | 718/1500 [51:52<56:18,  4.32s/it]                                                                                          Best trial: 716. Best value: 2.04821:  48%|████▊     | 718/1500 [51:57<56:18,  4.32s/it]Best trial: 716. Best value: 2.04821:  48%|████▊     | 718/1500 [51:57<56:18,  4.32s/it]Best trial: 716. Best value: 2.04821:  48%|████▊     | 719/1500 [51:57<58:10,  4.47s/it]                                                                                        Best trial: 716. Best value: 2.04821:  48%|████▊     | 719/1500 [52:01<58:10,  4.47s/it]Best trial: 716. Best value: 2.04821:  48%|████▊     | 719/1500 [52:01<58:10,  4.47s/it]Best trial: 716. Best value: 2.04821:  48%|████▊     | 720/1500 [52:01<57:18,  4.41s/it]                                                                                        
[I 2026-05-02 22:28:56,768] Trial 709 finished with value: 2.341567744656599 and parameters: {'f_n': 1.1930117487300572e-06, 'K_d': 178222.76275434197, 'rho_d': 41696102657353.516, 'fission_rate': 6.164499114513424e+19, 'Dg_D1_scale': 0.4563767220858187, 'Dg_D3_scale': 3.094812832394628, 'Dv_D1_scale': 0.2739129002550857, 'Dv_D2_scale': 3.447870299228851, 'b_bulk_scale': 0.293297294386802, 'b_dislocation_scale': 0.09327477646103564, 'gb_scale': 5.9495650584910695, 'gd_bubble_scale': 0.37782223257240183, 'gd_line_scale': 3.2266404628454586, 'gd_line_alpha': 0.8683349811310215, 'coalescence_d_scale': 0.3177137125707915, 'capture_scale': 1.3087759124501064}. Best is trial 697 with value: 2.0519059429914352.
[I 2026-05-02 22:29:01,496] Trial 710 finished with value: 2.798161048306203 and parameters: {'f_n': 1.8976067797960771e-06, 'K_d': 169466.49300966042, 'rho_d': 38518505259153.6, 'fission_rate': 6.3384884423208526e+19, 'Dg_D1_scale': 0.3612151349125321, 'Dg_D3_scale': 2.855157364384919, 'Dv_D1_scale': 0.245806840405946, 'Dv_D2_scale': 3.0722503009454742, 'b_bulk_scale': 0.24868999067003256, 'b_dislocation_scale': 0.07050188025258118, 'gb_scale': 4.954436792892982, 'gd_bubble_scale': 0.4875602930091333, 'gd_line_scale': 4.353282554694239, 'gd_line_alpha': 0.8192746791408801, 'coalescence_d_scale': 0.44840923499990487, 'capture_scale': 5.669163062569483}. Best is trial 697 with value: 2.0519059429914352.
[I 2026-05-02 22:29:04,648] Trial 711 finished with value: 2.444199708266235 and parameters: {'f_n': 7.977051192747526e-07, 'K_d': 187119.8265259036, 'rho_d': 35701499936824.68, 'fission_rate': 6.213065986994572e+19, 'Dg_D1_scale': 0.37868566965443573, 'Dg_D3_scale': 3.3345979957379117, 'Dv_D1_scale': 0.22622538099551845, 'Dv_D2_scale': 0.8901877459691828, 'b_bulk_scale': 0.20814920949631135, 'b_dislocation_scale': 0.14508252333767913, 'gb_scale': 5.859211263045583, 'gd_bubble_scale': 0.33500883206277715, 'gd_line_scale': 2.54503692925674, 'gd_line_alpha': 0.8523575845820502, 'coalescence_d_scale': 0.39203035284368415, 'capture_scale': 3.642116375059421}. Best is trial 697 with value: 2.0519059429914352.
[I 2026-05-02 22:29:09,594] Trial 712 finished with value: 2.1538100592267484 and parameters: {'f_n': 1.399614407747777e-06, 'K_d': 157491.30336350182, 'rho_d': 44490319602243.34, 'fission_rate': 6.089631869701129e+19, 'Dg_D1_scale': 0.33071167337058865, 'Dg_D3_scale': 3.1489165213707873, 'Dv_D1_scale': 0.23719834138515708, 'Dv_D2_scale': 3.3063534232739658, 'b_bulk_scale': 0.19134009492179838, 'b_dislocation_scale': 0.12748168186284356, 'gb_scale': 5.174150179854747, 'gd_bubble_scale': 0.5561033426960612, 'gd_line_scale': 3.8334218580860258, 'gd_line_alpha': 0.8362112574808965, 'coalescence_d_scale': 0.32826104723405886, 'capture_scale': 2.772281014621238}. Best is trial 697 with value: 2.0519059429914352.
[I 2026-05-02 22:29:13,836] Trial 713 finished with value: 2.0667853907959994 and parameters: {'f_n': 1.131608646541776e-06, 'K_d': 190834.32785988043, 'rho_d': 40904807425580.19, 'fission_rate': 7.28693756206139e+19, 'Dg_D1_scale': 0.5449024341695573, 'Dg_D3_scale': 2.5129517751981485, 'Dv_D1_scale': 0.22408762876016325, 'Dv_D2_scale': 3.6473798258721692, 'b_bulk_scale': 0.22284736956316153, 'b_dislocation_scale': 0.14849442745394437, 'gb_scale': 4.583389027839429, 'gd_bubble_scale': 0.44170900128766344, 'gd_line_scale': 3.109283500742273, 'gd_line_alpha': 0.8871723110252, 'coalescence_d_scale': 0.366461532538329, 'capture_scale': 3.2423546601912867}. Best is trial 697 with value: 2.0519059429914352.
[I 2026-05-02 22:29:19,848] Trial 714 finished with value: 2.143223069954522 and parameters: {'f_n': 9.072786864885663e-07, 'K_d': 427631.1027574387, 'rho_d': 42067734062241.04, 'fission_rate': 4.827742918113049e+19, 'Dg_D1_scale': 0.6049541574745975, 'Dg_D3_scale': 2.330413832439082, 'Dv_D1_scale': 0.2215131516441154, 'Dv_D2_scale': 3.7185804039904227, 'b_bulk_scale': 0.25968768440993073, 'b_dislocation_scale': 0.141438284337242, 'gb_scale': 4.64079686722724, 'gd_bubble_scale': 0.5650286276437028, 'gd_line_scale': 3.0036386658317986, 'gd_line_alpha': 0.8904690785072669, 'coalescence_d_scale': 0.362122080050809, 'capture_scale': 4.860697177750945}. Best is trial 697 with value: 2.0519059429914352.
[I 2026-05-02 22:29:24,522] Trial 715 finished with value: 2.1140661256869517 and parameters: {'f_n': 1.0770275729032748e-06, 'K_d': 174151.3846438593, 'rho_d': 40599030774069.06, 'fission_rate': 6.4242828125811425e+19, 'Dg_D1_scale': 0.5843935577224652, 'Dg_D3_scale': 2.4566493933432403, 'Dv_D1_scale': 0.2242353804340649, 'Dv_D2_scale': 3.802459576399619, 'b_bulk_scale': 0.23669724674501552, 'b_dislocation_scale': 0.1424194697428266, 'gb_scale': 3.3903454406057563, 'gd_bubble_scale': 0.4924824526289061, 'gd_line_scale': 3.139672116967749, 'gd_line_alpha': 0.9087013423739404, 'coalescence_d_scale': 0.3197055804453155, 'capture_scale': 4.018197302850628}. Best is trial 697 with value: 2.0519059429914352.
[I 2026-05-02 22:29:29,290] Trial 716 finished with value: 2.048210345037246 and parameters: {'f_n': 6.682583859971145e-07, 'K_d': 184667.319914988, 'rho_d': 43873067275948.17, 'fission_rate': 6.255303571835062e+19, 'Dg_D1_scale': 0.5501736550221912, 'Dg_D3_scale': 3.33397892484276, 'Dv_D1_scale': 0.25031525584108627, 'Dv_D2_scale': 3.6168852253352877, 'b_bulk_scale': 0.27418758970489726, 'b_dislocation_scale': 0.14834900266215656, 'gb_scale': 4.254680793760748, 'gd_bubble_scale': 0.45447140957918675, 'gd_line_scale': 2.322217984272538, 'gd_line_alpha': 0.8742419216481495, 'coalescence_d_scale': 0.3636724595661553, 'capture_scale': 3.3103776336602433}. Best is trial 716 with value: 2.048210345037246.
[I 2026-05-02 22:29:32,414] Trial 717 finished with value: 2.7043832844964637 and parameters: {'f_n': 1.268217110651193e-07, 'K_d': 184878.2035585018, 'rho_d': 49207673587177.03, 'fission_rate': 6.3468992946307334e+19, 'Dg_D1_scale': 0.5103236550539736, 'Dg_D3_scale': 3.3681694393558663, 'Dv_D1_scale': 0.24778440760998258, 'Dv_D2_scale': 3.4922396629072563, 'b_bulk_scale': 0.3147811321534612, 'b_dislocation_scale': 0.15362788081215356, 'gb_scale': 3.6817421283395677, 'gd_bubble_scale': 0.43312874316291494, 'gd_line_scale': 2.186533010505753, 'gd_line_alpha': 0.9143072923956672, 'coalescence_d_scale': 0.4318874663428278, 'capture_scale': 3.594546441221985}. Best is trial 716 with value: 2.048210345037246.
[I 2026-05-02 22:29:37,230] Trial 718 finished with value: 2.4395583653514783 and parameters: {'f_n': 7.1110073427332e-07, 'K_d': 190344.76807153106, 'rho_d': 45516204340899.97, 'fission_rate': 6.274683113264021e+19, 'Dg_D1_scale': 0.5573343985056679, 'Dg_D3_scale': 3.365228273920971, 'Dv_D1_scale': 0.2216571711590986, 'Dv_D2_scale': 3.764876683228062, 'b_bulk_scale': 0.304188563883691, 'b_dislocation_scale': 0.12043967659805, 'gb_scale': 4.276494881516198, 'gd_bubble_scale': 0.5410477186088148, 'gd_line_scale': 2.837139584654633, 'gd_line_alpha': 0.88393004780035, 'coalescence_d_scale': 0.3084214462079064, 'capture_scale': 3.289247892271105}. Best is trial 716 with value: 2.048210345037246.
[I 2026-05-02 22:29:41,496] Trial 719 finished with value: 2.048426506758091 and parameters: {'f_n': 1.2130541596334232e-06, 'K_d': 191031.53507721602, 'rho_d': 46542263184748.29, 'fission_rate': 7.1485114773860614e+19, 'Dg_D1_scale': 0.5222461619937059, 'Dg_D3_scale': 2.9659914173816277, 'Dv_D1_scale': 0.23545549736423413, 'Dv_D2_scale': 3.7951027027646798, 'b_bulk_scale': 0.281417495829176, 'b_dislocation_scale': 0.151575749655954, 'gb_scale': 3.996677886581025, 'gd_bubble_scale': 0.6105169704793924, 'gd_line_scale': 2.46406487065342, 'gd_line_alpha': 0.8866679441918942, 'coalescence_d_scale': 0.40442971124568755, 'capture_scale': 4.102181029129751}. Best is trial 716 with value: 2.048210345037246.
