[I 2026-05-02 22:19:57,808] Trial 594 finished with value: 2.3811506682474755 and parameters: {'f_n': 1.293002719346095e-06, 'K_d': 265461.478732721, 'rho_d': 38617653329652.836, 'fission_rate': 5.894210866646232e+19, 'Dg_D1_scale': 2.199963608437864, 'Dg_D3_scale': 1.8206356520191371, 'Dv_D1_scale': 0.829645252351579, 'Dv_D2_scale': 1.626015768648125, 'b_bulk_scale': 0.19046484155729848, 'b_dislocation_scale': 0.14204242675081966, 'gb_scale': 7.116719532195225, 'gd_bubble_scale': 0.46898277498157226, 'gd_line_scale': 3.7502650043692287, 'gd_line_alpha': 0.3016476154922005, 'coalescence_d_scale': 0.2582316436721316, 'capture_scale': 0.7647317981301023}. Best is trial 444 with value: 2.0614202321115003.
[I 2026-05-02 22:20:02,221] Trial 595 finished with value: 4.754828087660358 and parameters: {'f_n': 9.702042422651016e-07, 'K_d': 207312.6234464143, 'rho_d': 46415259007215.99, 'fission_rate': 6.151243862342704e+19, 'Dg_D1_scale': 0.8496126708326305, 'Dg_D3_scale': 3.4830713251776984, 'Dv_D1_scale': 0.2007167962448834, 'Dv_D2_scale': 3.001173358696701, 'b_bulk_scale': 0.24933306951651174, 'b_dislocation_scale': 0.17307141231261092, 'gb_scale': 6.367677021791083, 'gd_bubble_scale': 0.6278998573946482, 'gd_line_scale': 0.05083839378659478, 'gd_line_alpha': 0.443920959760533, 'coalescence_d_scale': 0.34284847163525983, 'capture_scale': 1.9409115281147047}. Best is trial 444 with value: 2.0614202321115003.
[I 2026-05-02 22:20:07,062] Trial 596 finished with value: 2.235583523600165 and parameters: {'f_n': 1.4033640775844015e-06, 'K_d': 232858.20323791404, 'rho_d': 40406392106615.734, 'fission_rate': 6.222229051555708e+19, 'Dg_D1_scale': 2.017698349356163, 'Dg_D3_scale': 3.2999738869258164, 'Dv_D1_scale': 0.22961545851402562, 'Dv_D2_scale': 2.744507517302036, 'b_bulk_scale': 0.27811832754100274, 'b_dislocation_scale': 0.19346820426870842, 'gb_scale': 5.468394763522267, 'gd_bubble_scale': 0.7820105759405751, 'gd_line_scale': 4.803880651373796, 'gd_line_alpha': 0.8686853520181379, 'coalescence_d_scale': 0.29337271599301845, 'capture_scale': 2.2549901801310224}. Best is trial 444 with value: 2.0614202321115003.
[I 2026-05-02 22:20:11,965] Trial 597 finished with value: 2.1363426845663023 and parameters: {'f_n': 1.7290202077642196e-06, 'K_d': 220205.63287364267, 'rho_d': 50024365260630.44, 'fission_rate': 6.0507922989415285e+19, 'Dg_D1_scale': 2.442928610451912, 'Dg_D3_scale': 3.8177642135015106, 'Dv_D1_scale': 0.22182612016415748, 'Dv_D2_scale': 3.579259493957864, 'b_bulk_scale': 0.18052728726862843, 'b_dislocation_scale': 0.11937440322614075, 'gb_scale': 7.114380722321173, 'gd_bubble_scale': 0.5362354036815465, 'gd_line_scale': 2.9687894628074987, 'gd_line_alpha': 0.4723177846021413, 'coalescence_d_scale': 0.37456404969205687, 'capture_scale': 2.4632105945542313}. Best is trial 444 with value: 2.0614202321115003.
[I 2026-05-02 22:20:16,675] Trial 598 finished with value: 2.585702756589488 and parameters: {'f_n': 1.1450112788519994e-06, 'K_d': 252873.44219459748, 'rho_d': 43448177038667.64, 'fission_rate': 6.3335248234704085e+19, 'Dg_D1_scale': 2.6855664096512, 'Dg_D3_scale': 3.5353805913647633, 'Dv_D1_scale': 0.24061263124142532, 'Dv_D2_scale': 3.214115228618542, 'b_bulk_scale': 0.218199961887169, 'b_dislocation_scale': 0.16221602898888948, 'gb_scale': 5.938311984814787, 'gd_bubble_scale': 0.3995534895886595, 'gd_line_scale': 4.2610804262711195, 'gd_line_alpha': 0.8312109746909666, 'coalescence_d_scale': 1.252848387703251, 'capture_scale': 1.735658984982005}. Best is trial 444 with value: 2.0614202321115003.
[I 2026-05-02 22:20:21,001] Trial 599 finished with value: 2.9443631178179483 and parameters: {'f_n': 7.830376696568945e-07, 'K_d': 197776.8346065712, 'rho_d': 37666075221118.03, 'fission_rate': 6.508075605888747e+19, 'Dg_D1_scale': 2.1143850485363127, 'Dg_D3_scale': 3.2867538780905767, 'Dv_D1_scale': 0.2002507577221706, 'Dv_D2_scale': 2.8361924683300663, 'b_bulk_scale': 0.17197922025838402, 'b_dislocation_scale': 0.2172881883605002, 'gb_scale': 7.122099833182814, 'gd_bubble_scale': 0.5644075854548594, 'gd_line_scale': 2.237502002162327, 'gd_line_alpha': 0.8102750369423357, 'coalescence_d_scale': 0.32617146536908187, 'capture_scale': 2.0268246342788157}. Best is trial 444 with value: 2.0614202321115003.
[I 2026-05-02 22:20:24,358] Trial 600 finished with value: 3.7205906833524516 and parameters: {'f_n': 4.7912165774946995e-09, 'K_d': 216936.53683804188, 'rho_d': 42362058068413.27, 'fission_rate': 5.966286623786667e+19, 'Dg_D1_scale': 1.9812354231951168, 'Dg_D3_scale': 3.992943332536743, 'Dv_D1_scale': 0.2551231968507589, 'Dv_D2_scale': 1.202856298243217, 'b_bulk_scale': 0.19711837210187497, 'b_dislocation_scale': 0.19091919174607486, 'gb_scale': 4.924499593585166, 'gd_bubble_scale': 0.6953585444152425, 'gd_line_scale': 3.831977836709018, 'gd_line_alpha': 0.8406021117426885, 'coalescence_d_scale': 0.26247173737569934, 'capture_scale': 1.4607455507289333}. Best is trial 444 with value: 2.0614202321115003.Best trial: 444. Best value: 2.06142:  40%|████      | 600/1500 [42:44<1:08:32,  4.57s/it]Best trial: 444. Best value: 2.06142:  40%|████      | 600/1500 [42:44<1:08:32,  4.57s/it]Best trial: 444. Best value: 2.06142:  40%|████      | 601/1500 [42:44<1:03:01,  4.21s/it]                                                                                          Best trial: 444. Best value: 2.06142:  40%|████      | 601/1500 [42:49<1:03:01,  4.21s/it]Best trial: 444. Best value: 2.06142:  40%|████      | 601/1500 [42:49<1:03:01,  4.21s/it]Best trial: 444. Best value: 2.06142:  40%|████      | 602/1500 [42:49<1:06:01,  4.41s/it]                                                                                          Best trial: 444. Best value: 2.06142:  40%|████      | 602/1500 [42:54<1:06:01,  4.41s/it]Best trial: 444. Best value: 2.06142:  40%|████      | 602/1500 [42:54<1:06:01,  4.41s/it]Best trial: 444. Best value: 2.06142:  40%|████      | 603/1500 [42:54<1:08:39,  4.59s/it]                                                                                          Best trial: 444. Best value: 2.06142:  40%|████      | 603/1500 [42:58<1:08:39,  4.59s/it]Best trial: 444. Best value: 2.06142:  40%|████      | 603/1500 [42:59<1:08:39,  4.59s/it]Best trial: 444. Best value: 2.06142:  40%|████      | 604/1500 [42:59<1:09:19,  4.64s/it]                                                                                          Best trial: 444. Best value: 2.06142:  40%|████      | 604/1500 [43:03<1:09:19,  4.64s/it]Best trial: 444. Best value: 2.06142:  40%|████      | 604/1500 [43:03<1:09:19,  4.64s/it]Best trial: 444. Best value: 2.06142:  40%|████      | 605/1500 [43:03<1:09:23,  4.65s/it]                                                                                          Best trial: 444. Best value: 2.06142:  40%|████      | 605/1500 [43:08<1:09:23,  4.65s/it]Best trial: 444. Best value: 2.06142:  40%|████      | 605/1500 [43:08<1:09:23,  4.65s/it]Best trial: 444. Best value: 2.06142:  40%|████      | 606/1500 [43:08<1:10:36,  4.74s/it]                                                                                          Best trial: 444. Best value: 2.06142:  40%|████      | 606/1500 [43:11<1:10:36,  4.74s/it]Best trial: 444. Best value: 2.06142:  40%|████      | 606/1500 [43:12<1:10:36,  4.74s/it]Best trial: 444. Best value: 2.06142:  40%|████      | 607/1500 [43:12<1:04:33,  4.34s/it]                                                                                          Best trial: 444. Best value: 2.06142:  40%|████      | 607/1500 [43:16<1:04:33,  4.34s/it]Best trial: 444. Best value: 2.06142:  40%|████      | 607/1500 [43:16<1:04:33,  4.34s/it]Best trial: 444. Best value: 2.06142:  41%|████      | 608/1500 [43:16<1:03:04,  4.24s/it]                                                                                          Best trial: 444. Best value: 2.06142:  41%|████      | 608/1500 [43:20<1:03:04,  4.24s/it]Best trial: 444. Best value: 2.06142:  41%|████      | 608/1500 [43:20<1:03:04,  4.24s/it]Best trial: 444. Best value: 2.06142:  41%|████      | 609/1500 [43:20<1:01:58,  4.17s/it]                                                                                          Best trial: 444. Best value: 2.06142:  41%|████      | 609/1500 [43:24<1:01:58,  4.17s/it]Best trial: 444. Best value: 2.06142:  41%|████      | 609/1500 [43:25<1:01:58,  4.17s/it]Best trial: 444. Best value: 2.06142:  41%|████      | 610/1500 [43:25<1:05:30,  4.42s/it]                                                                                          Best trial: 444. Best value: 2.06142:  41%|████      | 610/1500 [43:29<1:05:30,  4.42s/it]Best trial: 444. Best value: 2.06142:  41%|████      | 610/1500 [43:30<1:05:30,  4.42s/it]Best trial: 444. Best value: 2.06142:  41%|████      | 611/1500 [43:30<1:07:49,  4.58s/it]                                                                                          Best trial: 444. Best value: 2.06142:  41%|████      | 611/1500 [43:34<1:07:49,  4.58s/it]Best trial: 444. Best value: 2.06142:  41%|████      | 611/1500 [43:34<1:07:49,  4.58s/it]Best trial: 444. Best value: 2.06142:  41%|████      | 612/1500 [43:34<1:09:08,  4.67s/it]                                                                                          
[I 2026-05-02 22:20:29,244] Trial 601 finished with value: 2.4530872841044706 and parameters: {'f_n': 1.8169618320139625e-06, 'K_d': 285353.3690476736, 'rho_d': 40752399760616.414, 'fission_rate': 6.1293816018538406e+19, 'Dg_D1_scale': 2.2314655852006595, 'Dg_D3_scale': 0.9879286425024583, 'Dv_D1_scale': 0.21922709616302988, 'Dv_D2_scale': 3.0825109289408346, 'b_bulk_scale': 0.23866901913687286, 'b_dislocation_scale': 0.0995383473211877, 'gb_scale': 6.450572482960094, 'gd_bubble_scale': 0.5087464595635969, 'gd_line_scale': 4.332999654108743, 'gd_line_alpha': 0.4034076665598562, 'coalescence_d_scale': 0.417427159698987, 'capture_scale': 2.21366972652116}. Best is trial 444 with value: 2.0614202321115003.
[I 2026-05-02 22:20:34,264] Trial 602 finished with value: 2.364843086381069 and parameters: {'f_n': 1.4109470889160037e-06, 'K_d': 234788.4985857521, 'rho_d': 37197538786193.52, 'fission_rate': 5.853516078373946e+19, 'Dg_D1_scale': 2.088760916360714, 'Dg_D3_scale': 0.7220974553601778, 'Dv_D1_scale': 0.23300300175162691, 'Dv_D2_scale': 0.33686721363627964, 'b_bulk_scale': 0.21069898484133717, 'b_dislocation_scale': 0.16754481672997718, 'gb_scale': 5.537405583385443, 'gd_bubble_scale': 0.44951436238823883, 'gd_line_scale': 3.519777257519101, 'gd_line_alpha': 0.8041294387854777, 'coalescence_d_scale': 0.2842194177336353, 'capture_scale': 1.57665520300543}. Best is trial 444 with value: 2.0614202321115003.
[I 2026-05-02 22:20:39,022] Trial 603 finished with value: 2.107262051315718 and parameters: {'f_n': 9.328869710865982e-07, 'K_d': 205642.7274599633, 'rho_d': 38531008313635.14, 'fission_rate': 6.263865878024972e+19, 'Dg_D1_scale': 2.455250542629845, 'Dg_D3_scale': 3.5542050360309307, 'Dv_D1_scale': 0.21235101667323952, 'Dv_D2_scale': 2.6271370188674834, 'b_bulk_scale': 0.17363088247513195, 'b_dislocation_scale': 0.2101238490927516, 'gb_scale': 7.225744045204268, 'gd_bubble_scale': 0.6077751587871233, 'gd_line_scale': 4.937409766412479, 'gd_line_alpha': 0.35367890662667356, 'coalescence_d_scale': 0.3641360753651177, 'capture_scale': 2.54344368746705}. Best is trial 444 with value: 2.0614202321115003.
[I 2026-05-02 22:20:43,697] Trial 604 finished with value: 2.2211872687333836 and parameters: {'f_n': 7.73865068293678e-07, 'K_d': 202168.150842181, 'rho_d': 46984251278447.555, 'fission_rate': 6.395405717595941e+19, 'Dg_D1_scale': 2.8454405550942776, 'Dg_D3_scale': 3.7621603240191313, 'Dv_D1_scale': 0.24467564381154155, 'Dv_D2_scale': 2.602969816688695, 'b_bulk_scale': 0.1495792911855442, 'b_dislocation_scale': 0.21169645865200437, 'gb_scale': 7.31972141090939, 'gd_bubble_scale': 0.7403917940295982, 'gd_line_scale': 2.9855618794192575, 'gd_line_alpha': 0.3113231652701295, 'coalescence_d_scale': 0.44840402384658884, 'capture_scale': 2.3605423426547176}. Best is trial 444 with value: 2.0614202321115003.
[I 2026-05-02 22:20:48,638] Trial 605 finished with value: 2.4163763578204676 and parameters: {'f_n': 6.318616040341466e-07, 'K_d': 192603.06501502616, 'rho_d': 44025962410332.78, 'fission_rate': 6.0282391386940916e+19, 'Dg_D1_scale': 2.527765355554494, 'Dg_D3_scale': 3.5805979148535876, 'Dv_D1_scale': 0.20011805828872672, 'Dv_D2_scale': 0.5041034634524353, 'b_bulk_scale': 0.1674746281342951, 'b_dislocation_scale': 0.20487910038744073, 'gb_scale': 7.2433625590175605, 'gd_bubble_scale': 0.8508586415531109, 'gd_line_scale': 5.001207258614163, 'gd_line_alpha': 0.38673046631430796, 'coalescence_d_scale': 0.38348914234119463, 'capture_scale': 2.48073338174745}. Best is trial 444 with value: 2.0614202321115003.
[I 2026-05-02 22:20:52,042] Trial 606 finished with value: 2.416045797279385 and parameters: {'f_n': 9.401488264468607e-07, 'K_d': 211289.3838834148, 'rho_d': 40928072062813.34, 'fission_rate': 5.8830394303920775e+19, 'Dg_D1_scale': 2.652045338236749, 'Dg_D3_scale': 3.9887886028448354, 'Dv_D1_scale': 0.46421094003273333, 'Dv_D2_scale': 2.65849713081783, 'b_bulk_scale': 0.16290842043729428, 'b_dislocation_scale': 0.22579943118584136, 'gb_scale': 6.171959065502667, 'gd_bubble_scale': 0.656183392209597, 'gd_line_scale': 5.060568355446249, 'gd_line_alpha': 0.3571027707754551, 'coalescence_d_scale': 0.35044764293782965, 'capture_scale': 2.6570104918892987}. Best is trial 444 with value: 2.0614202321115003.
[I 2026-05-02 22:20:56,063] Trial 607 finished with value: 4.640275036702293 and parameters: {'f_n': 1.7832808180581764e-06, 'K_d': 186224.25646617124, 'rho_d': 37611774827823.38, 'fission_rate': 6.31384469627673e+19, 'Dg_D1_scale': 2.412074787579725, 'Dg_D3_scale': 3.1134374238629072, 'Dv_D1_scale': 0.27074807852568145, 'Dv_D2_scale': 0.3936573236683707, 'b_bulk_scale': 0.17494779047311468, 'b_dislocation_scale': 0.18789183711471621, 'gb_scale': 6.552856421213999, 'gd_bubble_scale': 1.7781017269860262, 'gd_line_scale': 0.08494014363547263, 'gd_line_alpha': 0.327908202511648, 'coalescence_d_scale': 0.42435576274870945, 'capture_scale': 2.0585946739095515}. Best is trial 444 with value: 2.0614202321115003.
[I 2026-05-02 22:21:00,070] Trial 608 finished with value: 3.22733329251135 and parameters: {'f_n': 1.3268521529244662e-06, 'K_d': 484722.19668848906, 'rho_d': 40042220804733.48, 'fission_rate': 6.109140149611938e+19, 'Dg_D1_scale': 2.5678375121199855, 'Dg_D3_scale': 3.6349564862802124, 'Dv_D1_scale': 0.22887539161182602, 'Dv_D2_scale': 2.761836013681167, 'b_bulk_scale': 0.1831309815176711, 'b_dislocation_scale': 0.21771132659490255, 'gb_scale': 7.24478655757789, 'gd_bubble_scale': 0.5949629024385673, 'gd_line_scale': 2.5140623142090357, 'gd_line_alpha': 0.36745332336811315, 'coalescence_d_scale': 0.3769172396937569, 'capture_scale': 1.891076886885206}. Best is trial 444 with value: 2.0614202321115003.
[I 2026-05-02 22:21:05,047] Trial 609 finished with value: 2.6121918242710733 and parameters: {'f_n': 9.19290550608866e-07, 'K_d': 198275.50068163424, 'rho_d': 42643334458477.516, 'fission_rate': 5.9511043943105946e+19, 'Dg_D1_scale': 2.3870679041959484, 'Dg_D3_scale': 3.3059805356139322, 'Dv_D1_scale': 0.21384110155017214, 'Dv_D2_scale': 2.8745234003386972, 'b_bulk_scale': 0.2989718281501965, 'b_dislocation_scale': 0.19614739825098493, 'gb_scale': 5.216813874149338, 'gd_bubble_scale': 0.6584073237876285, 'gd_line_scale': 5.326402332996179, 'gd_line_alpha': 0.33951878776408145, 'coalescence_d_scale': 0.33886259221220355, 'capture_scale': 2.6321070366129535}. Best is trial 444 with value: 2.0614202321115003.
[I 2026-05-02 22:21:09,981] Trial 610 finished with value: 8.459811928892263 and parameters: {'f_n': 1.5385129198962038e-06, 'K_d': 208120.5308123881, 'rho_d': 50305017486179.46, 'fission_rate': 6.193919312607541e+19, 'Dg_D1_scale': 2.7789682247263006, 'Dg_D3_scale': 1.2224731896513403, 'Dv_D1_scale': 0.23332739875664518, 'Dv_D2_scale': 2.676832130218164, 'b_bulk_scale': 0.1470002066979786, 'b_dislocation_scale': 0.17808326845496283, 'gb_scale': 5.947870453434807, 'gd_bubble_scale': 0.5960446108844605, 'gd_line_scale': 2.6544002354039176, 'gd_line_alpha': 0.37209947405819066, 'coalescence_d_scale': 11.508599341431134, 'capture_scale': 2.2156618968703095}. Best is trial 444 with value: 2.0614202321115003.
[I 2026-05-02 22:21:14,902] Trial 611 finished with value: 6.775287916611701 and parameters: {'f_n': 1.8345204129766691e-06, 'K_d': 221726.3150658543, 'rho_d': 45591504673011.93, 'fission_rate': 6.0791146261638504e+19, 'Dg_D1_scale': 2.2582037039379936, 'Dg_D3_scale': 2.1168433308955086, 'Dv_D1_scale': 2.3499698767569064, 'Dv_D2_scale': 2.5344930842083624, 'b_bulk_scale': 0.17256509099794018, 'b_dislocation_scale': 0.22247193732973802, 'gb_scale': 0.08550101953086653, 'gd_bubble_scale': 0.751069154210295, 'gd_line_scale': 3.3083983301709634, 'gd_line_alpha': 0.3509779127394284, 'coalescence_d_scale': 0.39400758815600256, 'capture_scale': 2.6868791804711183}. Best is trial 444 with value: 2.0614202321115003.
