[I 2026-05-02 23:38:44,421] Trial 1440 finished with value: 2.2570747241337368 and parameters: {'f_n': 2.2936074932913443e-07, 'K_d': 138983.23052967573, 'rho_d': 65964531771176.914, 'fission_rate': 5.242932633477241e+19, 'Dg_D1_scale': 0.22455946694691004, 'Dg_D3_scale': 1.5897198068236897, 'Dv_D1_scale': 0.41241765517241336, 'Dv_D2_scale': 3.4143209499754574, 'b_bulk_scale': 0.43731796083902374, 'b_dislocation_scale': 0.038808738912091544, 'gb_scale': 2.7015537404041434, 'gd_bubble_scale': 0.16841026700476702, 'gd_line_scale': 0.38494313165543936, 'gd_line_alpha': 0.6932846958967528, 'coalescence_d_scale': 0.3052737921955822, 'capture_scale': 0.0941721631982908}. Best is trial 1282 with value: 2.0082570421242427.Best trial: 1282. Best value: 2.00826:  96%|█████████▌| 1440/1500 [2:01:04<05:28,  5.47s/it]Best trial: 1282. Best value: 2.00826:  96%|█████████▌| 1440/1500 [2:01:04<05:28,  5.47s/it]Best trial: 1282. Best value: 2.00826:  96%|█████████▌| 1441/1500 [2:01:04<05:26,  5.54s/it]                                                                                            Best trial: 1282. Best value: 2.00826:  96%|█████████▌| 1441/1500 [2:01:10<05:26,  5.54s/it]Best trial: 1282. Best value: 2.00826:  96%|█████████▌| 1441/1500 [2:01:10<05:26,  5.54s/it]Best trial: 1282. Best value: 2.00826:  96%|█████████▌| 1442/1500 [2:01:10<05:25,  5.61s/it]                                                                                            Best trial: 1282. Best value: 2.00826:  96%|█████████▌| 1442/1500 [2:01:16<05:25,  5.61s/it]Best trial: 1282. Best value: 2.00826:  96%|█████████▌| 1442/1500 [2:01:16<05:25,  5.61s/it]Best trial: 1282. Best value: 2.00826:  96%|█████████▌| 1443/1500 [2:01:16<05:24,  5.69s/it]                                                                                            Best trial: 1282. Best value: 2.00826:  96%|█████████▌| 1443/1500 [2:01:20<05:24,  5.69s/it]Best trial: 1282. Best value: 2.00826:  96%|█████████▌| 1443/1500 [2:01:20<05:24,  5.69s/it]Best trial: 1282. Best value: 2.00826:  96%|█████████▋| 1444/1500 [2:01:20<04:54,  5.26s/it]                                                                                            Best trial: 1282. Best value: 2.00826:  96%|█████████▋| 1444/1500 [2:01:25<04:54,  5.26s/it]Best trial: 1282. Best value: 2.00826:  96%|█████████▋| 1444/1500 [2:01:26<04:54,  5.26s/it]Best trial: 1282. Best value: 2.00826:  96%|█████████▋| 1445/1500 [2:01:26<04:56,  5.39s/it]                                                                                            Best trial: 1282. Best value: 2.00826:  96%|█████████▋| 1445/1500 [2:01:31<04:56,  5.39s/it]Best trial: 1282. Best value: 2.00826:  96%|█████████▋| 1445/1500 [2:01:32<04:56,  5.39s/it]Best trial: 1282. Best value: 2.00826:  96%|█████████▋| 1446/1500 [2:01:32<04:59,  5.55s/it]                                                                                            Best trial: 1282. Best value: 2.00826:  96%|█████████▋| 1446/1500 [2:01:37<04:59,  5.55s/it]Best trial: 1282. Best value: 2.00826:  96%|█████████▋| 1446/1500 [2:01:37<04:59,  5.55s/it]Best trial: 1282. Best value: 2.00826:  96%|█████████▋| 1447/1500 [2:01:37<04:59,  5.65s/it]                                                                                            Best trial: 1282. Best value: 2.00826:  96%|█████████▋| 1447/1500 [2:01:43<04:59,  5.65s/it]Best trial: 1282. Best value: 2.00826:  96%|█████████▋| 1447/1500 [2:01:43<04:59,  5.65s/it]Best trial: 1282. Best value: 2.00826:  97%|█████████▋| 1448/1500 [2:01:43<04:56,  5.71s/it]                                                                                            Best trial: 1282. Best value: 2.00826:  97%|█████████▋| 1448/1500 [2:01:47<04:56,  5.71s/it]Best trial: 1282. Best value: 2.00826:  97%|█████████▋| 1448/1500 [2:01:48<04:56,  5.71s/it]Best trial: 1282. Best value: 2.00826:  97%|█████████▋| 1449/1500 [2:01:48<04:29,  5.28s/it]                                                                                            Best trial: 1282. Best value: 2.00826:  97%|█████████▋| 1449/1500 [2:01:53<04:29,  5.28s/it]Best trial: 1282. Best value: 2.00826:  97%|█████████▋| 1449/1500 [2:01:53<04:29,  5.28s/it]Best trial: 1282. Best value: 2.00826:  97%|█████████▋| 1450/1500 [2:01:53<04:31,  5.42s/it]                                                                                            Best trial: 1282. Best value: 2.00826:  97%|█████████▋| 1450/1500 [2:01:59<04:31,  5.42s/it]Best trial: 1282. Best value: 2.00826:  97%|█████████▋| 1450/1500 [2:01:59<04:31,  5.42s/it]Best trial: 1282. Best value: 2.00826:  97%|█████████▋| 1451/1500 [2:01:59<04:32,  5.57s/it]                                                                                            Best trial: 1282. Best value: 2.00826:  97%|█████████▋| 1451/1500 [2:02:05<04:32,  5.57s/it]Best trial: 1282. Best value: 2.00826:  97%|█████████▋| 1451/1500 [2:02:05<04:32,  5.57s/it]Best trial: 1282. Best value: 2.00826:  97%|█████████▋| 1452/1500 [2:02:05<04:31,  5.66s/it]                                                                                            
[I 2026-05-02 23:38:50,216] Trial 1441 finished with value: 2.0795878722977026 and parameters: {'f_n': 2.951936307404777e-07, 'K_d': 142085.14543807087, 'rho_d': 69927706937252.2, 'fission_rate': 5.1375928407000244e+19, 'Dg_D1_scale': 0.21262921727687617, 'Dg_D3_scale': 1.3689434328152439, 'Dv_D1_scale': 0.40502160108399166, 'Dv_D2_scale': 3.8190794068528024, 'b_bulk_scale': 0.3752149422904755, 'b_dislocation_scale': 0.047169712461557586, 'gb_scale': 3.125509179592559, 'gd_bubble_scale': 0.1872817143701921, 'gd_line_scale': 0.44126462867710625, 'gd_line_alpha': 0.6695101161197188, 'coalescence_d_scale': 0.32658763129001583, 'capture_scale': 0.12392176108657867}. Best is trial 1282 with value: 2.0082570421242427.
[I 2026-05-02 23:38:56,074] Trial 1442 finished with value: 3.589214727075878 and parameters: {'f_n': 1.875252765111627e-07, 'K_d': 136431.64255046836, 'rho_d': 64589991633777.87, 'fission_rate': 5.0974650509915275e+19, 'Dg_D1_scale': 0.24343882135622918, 'Dg_D3_scale': 1.6439178878946714, 'Dv_D1_scale': 0.40378192373656663, 'Dv_D2_scale': 3.8009709011237867, 'b_bulk_scale': 0.3350747355992046, 'b_dislocation_scale': 0.05454671007578549, 'gb_scale': 0.2593761646526956, 'gd_bubble_scale': 0.16818574110301243, 'gd_line_scale': 0.3154155517087034, 'gd_line_alpha': 0.6042403417367852, 'coalescence_d_scale': 0.389816681605553, 'capture_scale': 0.1060425952096431}. Best is trial 1282 with value: 2.0082570421242427.
[I 2026-05-02 23:39:00,335] Trial 1443 finished with value: 2.077787588263472 and parameters: {'f_n': 3.5007978101856217e-07, 'K_d': 151207.70294005572, 'rho_d': 64711852828057.984, 'fission_rate': 5.079692167157332e+19, 'Dg_D1_scale': 0.2402243205018619, 'Dg_D3_scale': 1.4725905486299289, 'Dv_D1_scale': 0.4368562938567291, 'Dv_D2_scale': 3.990611693872262, 'b_bulk_scale': 0.4091717911214848, 'b_dislocation_scale': 0.05707949694819337, 'gb_scale': 3.940627699875617, 'gd_bubble_scale': 0.16589956334933229, 'gd_line_scale': 0.4382048472383196, 'gd_line_alpha': 0.6376338808930501, 'coalescence_d_scale': 0.35391453796811073, 'capture_scale': 0.04944802460941514}. Best is trial 1282 with value: 2.0082570421242427.
[I 2026-05-02 23:39:06,033] Trial 1444 finished with value: 2.0302075532756585 and parameters: {'f_n': 2.4003826344689953e-07, 'K_d': 140786.69474020822, 'rho_d': 74973291478414.84, 'fission_rate': 5.218360110517688e+19, 'Dg_D1_scale': 0.23280532154847564, 'Dg_D3_scale': 1.484633657191665, 'Dv_D1_scale': 0.4532786683498502, 'Dv_D2_scale': 3.993275926174226, 'b_bulk_scale': 0.45134996059669386, 'b_dislocation_scale': 0.05726029031850484, 'gb_scale': 3.2503167224086087, 'gd_bubble_scale': 0.19767470141768734, 'gd_line_scale': 0.3698840114313051, 'gd_line_alpha': 0.656817369801855, 'coalescence_d_scale': 0.40466941838182074, 'capture_scale': 0.08166917549822064}. Best is trial 1282 with value: 2.0082570421242427.
[I 2026-05-02 23:39:11,961] Trial 1445 finished with value: 2.019121612137121 and parameters: {'f_n': 3.314269369908923e-07, 'K_d': 133578.84393121357, 'rho_d': 70157581862108.49, 'fission_rate': 5.0792676750764786e+19, 'Dg_D1_scale': 0.25282994584027135, 'Dg_D3_scale': 1.3693167096338648, 'Dv_D1_scale': 0.39773300294077535, 'Dv_D2_scale': 3.5824304795893065, 'b_bulk_scale': 0.3150717584497238, 'b_dislocation_scale': 0.05453512686134562, 'gb_scale': 2.670970161450047, 'gd_bubble_scale': 0.16011188594892817, 'gd_line_scale': 0.40235132186327344, 'gd_line_alpha': 0.6240315858585841, 'coalescence_d_scale': 0.395528612536988, 'capture_scale': 0.06474905699791639}. Best is trial 1282 with value: 2.0082570421242427.
[I 2026-05-02 23:39:17,829] Trial 1446 finished with value: 2.0295087429033196 and parameters: {'f_n': 3.8015736826331673e-07, 'K_d': 145155.2291435518, 'rho_d': 76181450697216.31, 'fission_rate': 5.046284334121517e+19, 'Dg_D1_scale': 0.25162414893549934, 'Dg_D3_scale': 1.2312320696954169, 'Dv_D1_scale': 0.3916380269170446, 'Dv_D2_scale': 3.328375555473825, 'b_bulk_scale': 0.3112327027693753, 'b_dislocation_scale': 0.04543328426251261, 'gb_scale': 2.350819842069864, 'gd_bubble_scale': 0.15689943415854524, 'gd_line_scale': 0.3430848805238397, 'gd_line_alpha': 0.5973247399278949, 'coalescence_d_scale': 0.4058422147967061, 'capture_scale': 0.05814454857274344}. Best is trial 1282 with value: 2.0082570421242427.
[I 2026-05-02 23:39:23,680] Trial 1447 finished with value: 2.439545671144385 and parameters: {'f_n': 3.7410125990684735e-07, 'K_d': 137043.3223353736, 'rho_d': 71910523156611.03, 'fission_rate': 5.085942725294185e+19, 'Dg_D1_scale': 0.2597994138166844, 'Dg_D3_scale': 1.2693946153009712, 'Dv_D1_scale': 0.3938896479244411, 'Dv_D2_scale': 3.5651739697605493, 'b_bulk_scale': 0.30978719241555325, 'b_dislocation_scale': 0.05585933824452103, 'gb_scale': 2.559514030765371, 'gd_bubble_scale': 0.1584674526000075, 'gd_line_scale': 0.27271060652101625, 'gd_line_alpha': 0.6212843441400938, 'coalescence_d_scale': 0.3982774781825312, 'capture_scale': 0.05126882252954686}. Best is trial 1282 with value: 2.0082570421242427.
[I 2026-05-02 23:39:27,955] Trial 1448 finished with value: 2.066907842867564 and parameters: {'f_n': 3.489506427430938e-07, 'K_d': 153175.93257579097, 'rho_d': 75965135358136.88, 'fission_rate': 5.001136601338384e+19, 'Dg_D1_scale': 0.24657829149699195, 'Dg_D3_scale': 1.3153797014214625, 'Dv_D1_scale': 0.38463913926983706, 'Dv_D2_scale': 3.3616221350377913, 'b_bulk_scale': 0.32295788435953293, 'b_dislocation_scale': 0.04926627992588482, 'gb_scale': 2.2576498052718112, 'gd_bubble_scale': 0.160467218118837, 'gd_line_scale': 0.3791908904217945, 'gd_line_alpha': 0.6078912829672755, 'coalescence_d_scale': 0.39793077862879495, 'capture_scale': 0.06125946180855407}. Best is trial 1282 with value: 2.0082570421242427.
[I 2026-05-02 23:39:33,717] Trial 1449 finished with value: 2.7592052822555195 and parameters: {'f_n': 1.928305922276594e-07, 'K_d': 133358.3709279857, 'rho_d': 79760454672193.62, 'fission_rate': 5.1447149772016435e+19, 'Dg_D1_scale': 0.2634405025788579, 'Dg_D3_scale': 1.502147765315934, 'Dv_D1_scale': 0.4378158153579339, 'Dv_D2_scale': 3.4807036822726287, 'b_bulk_scale': 0.28990313859631445, 'b_dislocation_scale': 0.05485246858172384, 'gb_scale': 1.8581096870665268, 'gd_bubble_scale': 0.15643855793690675, 'gd_line_scale': 0.46021561638590824, 'gd_line_alpha': 0.6240115572423335, 'coalescence_d_scale': 0.4030040478428424, 'capture_scale': 0.0353218162913545}. Best is trial 1282 with value: 2.0082570421242427.
[I 2026-05-02 23:39:39,619] Trial 1450 finished with value: 2.0274176809002546 and parameters: {'f_n': 2.89597692165377e-07, 'K_d': 147178.9496554761, 'rho_d': 69818352324567.664, 'fission_rate': 5.0458789270422585e+19, 'Dg_D1_scale': 0.2565036102817649, 'Dg_D3_scale': 1.3671786515839137, 'Dv_D1_scale': 0.40397514294760895, 'Dv_D2_scale': 3.2559091447819077, 'b_bulk_scale': 0.3378747086943033, 'b_dislocation_scale': 0.058231177975198, 'gb_scale': 2.5676568836285916, 'gd_bubble_scale': 0.17924591180260152, 'gd_line_scale': 0.4009446693000163, 'gd_line_alpha': 0.6214678999787787, 'coalescence_d_scale': 0.3932231783811914, 'capture_scale': 0.054686896222938014}. Best is trial 1282 with value: 2.0082570421242427.
[I 2026-05-02 23:39:45,497] Trial 1451 finished with value: 2.0730541799990436 and parameters: {'f_n': 3.7711757961758833e-07, 'K_d': 139377.4231680146, 'rho_d': 72472129553999.61, 'fission_rate': 5.039013466971977e+19, 'Dg_D1_scale': 0.24459894601354487, 'Dg_D3_scale': 1.1325635385458004, 'Dv_D1_scale': 0.38616766048367474, 'Dv_D2_scale': 3.5941060425818026, 'b_bulk_scale': 0.2645814226115956, 'b_dislocation_scale': 0.04274442514650333, 'gb_scale': 2.6339880915779106, 'gd_bubble_scale': 0.16296341904358697, 'gd_line_scale': 0.44858533252569227, 'gd_line_alpha': 0.6019381724628996, 'coalescence_d_scale': 0.41876342192927907, 'capture_scale': 0.0661862184880229}. Best is trial 1282 with value: 2.0082570421242427.
[I 2026-05-02 23:39:51,468] Trial 1452 finished with value: 2.3349276130160916 and parameters: {'f_n': 2.458074688930136e-07, 'K_d': 133988.51664170937, 'rho_d': 68606554159371.72, 'fission_rate': 5.170596301751936e+19, 'Dg_D1_scale': 0.2724181270872418, 'Dg_D3_scale': 1.4533212693516513, 'Dv_D1_scale': 0.39647041521314735, 'Dv_D2_scale': 0.5903018104987552, 'b_bulk_scale': 0.27527992379105715, 'b_dislocation_scale': 0.0589675828568379, 'gb_scale': 2.1948299317927273, 'gd_bubble_scale': 0.17368228006452566, 'gd_line_scale': 0.3221918934301433, 'gd_line_alpha': 0.6328741894831278, 'coalescence_d_scale': 0.3733856723377541, 'capture_scale': 0.04388685136183607}. Best is trial 1282 with value: 2.0082570421242427.Best trial: 1282. Best value: 2.00826:  97%|█████████▋| 1452/1500 [2:02:11<04:31,  5.66s/it]Best trial: 1282. Best value: 2.00826:  97%|█████████▋| 1452/1500 [2:02:11<04:31,  5.66s/it]Best trial: 1282. Best value: 2.00826:  97%|█████████▋| 1453/1500 [2:02:11<04:30,  5.76s/it]                                                                                            Best trial: 1282. Best value: 2.00826:  97%|█████████▋| 1453/1500 [2:02:17<04:30,  5.76s/it]Best trial: 1282. Best value: 2.00826:  97%|█████████▋| 1453/1500 [2:02:17<04:30,  5.76s/it]Best trial: 1282. Best value: 2.00826:  97%|█████████▋| 1454/1500 [2:02:17<04:27,  5.80s/it]                                                                                            Best trial: 1282. Best value: 2.00826:  97%|█████████▋| 1454/1500 [2:02:21<04:27,  5.80s/it]Best trial: 1282. Best value: 2.00826:  97%|█████████▋| 1454/1500 [2:02:21<04:27,  5.80s/it]Best trial: 1282. Best value: 2.00826:  97%|█████████▋| 1455/1500 [2:02:21<04:01,  5.36s/it]                                                                                            Best trial: 1282. Best value: 2.00826:  97%|█████████▋| 1455/1500 [2:02:27<04:01,  5.36s/it]Best trial: 1282. Best value: 2.00826:  97%|█████████▋| 1455/1500 [2:02:27<04:01,  5.36s/it]Best trial: 1282. Best value: 2.00826:  97%|█████████▋| 1456/1500 [2:02:27<03:59,  5.45s/it]                                                                                            Best trial: 1282. Best value: 2.00826:  97%|█████████▋| 1456/1500 [2:02:33<03:59,  5.45s/it]Best trial: 1282. Best value: 2.00826:  97%|█████████▋| 1456/1500 [2:02:33<03:59,  5.45s/it]Best trial: 1282. Best value: 2.00826:  97%|█████████▋| 1457/1500 [2:02:33<03:59,  5.57s/it]                                                                                            Best trial: 1282. Best value: 2.00826:  97%|█████████▋| 1457/1500 [2:02:39<03:59,  5.57s/it]Best trial: 1282. Best value: 2.00826:  97%|█████████▋| 1457/1500 [2:02:39<03:59,  5.57s/it]Best trial: 1282. Best value: 2.00826:  97%|█████████▋| 1458/1500 [2:02:39<03:59,  5.70s/it]                                                                                            Best trial: 1282. Best value: 2.00826:  97%|█████████▋| 1458/1500 [2:02:44<03:59,  5.70s/it]Best trial: 1282. Best value: 2.00826:  97%|█████████▋| 1458/1500 [2:02:45<03:59,  5.70s/it]Best trial: 1282. Best value: 2.00826:  97%|█████████▋| 1459/1500 [2:02:45<03:54,  5.71s/it]                                                                                            Best trial: 1282. Best value: 2.00826:  97%|█████████▋| 1459/1500 [2:02:48<03:54,  5.71s/it]Best trial: 1282. Best value: 2.00826:  97%|█████████▋| 1459/1500 [2:02:49<03:54,  5.71s/it]Best trial: 1282. Best value: 2.00826:  97%|█████████▋| 1460/1500 [2:02:49<03:28,  5.22s/it]                                                                                            Best trial: 1282. Best value: 2.00826:  97%|█████████▋| 1460/1500 [2:02:54<03:28,  5.22s/it]Best trial: 1282. Best value: 2.00826:  97%|█████████▋| 1460/1500 [2:02:54<03:28,  5.22s/it]Best trial: 1282. Best value: 2.00826:  97%|█████████▋| 1461/1500 [2:02:54<03:29,  5.36s/it]                                                                                            Best trial: 1282. Best value: 2.00826:  97%|█████████▋| 1461/1500 [2:03:00<03:29,  5.36s/it]Best trial: 1282. Best value: 2.00826:  97%|█████████▋| 1461/1500 [2:03:00<03:29,  5.36s/it]Best trial: 1282. Best value: 2.00826:  97%|█████████▋| 1462/1500 [2:03:00<03:26,  5.44s/it]                                                                                            Best trial: 1282. Best value: 2.00826:  97%|█████████▋| 1462/1500 [2:03:06<03:26,  5.44s/it]Best trial: 1282. Best value: 2.00826:  97%|█████████▋| 1462/1500 [2:03:06<03:26,  5.44s/it]Best trial: 1282. Best value: 2.00826:  98%|█████████▊| 1463/1500 [2:03:06<03:27,  5.60s/it]                                                                                            Best trial: 1282. Best value: 2.00826:  98%|█████████▊| 1463/1500 [2:03:12<03:27,  5.60s/it]Best trial: 1282. Best value: 2.00826:  98%|█████████▊| 1463/1500 [2:03:12<03:27,  5.60s/it]Best trial: 1282. Best value: 2.00826:  98%|█████████▊| 1464/1500 [2:03:12<03:23,  5.64s/it]                                                                                            
[I 2026-05-02 23:39:57,396] Trial 1453 finished with value: 2.061930676068365 and parameters: {'f_n': 3.1886141250449115e-07, 'K_d': 155574.0260437986, 'rho_d': 64293803907509.695, 'fission_rate': 5.050442373738381e+19, 'Dg_D1_scale': 0.2505523045584228, 'Dg_D3_scale': 1.3702781088364784, 'Dv_D1_scale': 0.38672150059254123, 'Dv_D2_scale': 3.513049911808579, 'b_bulk_scale': 0.3339676160089614, 'b_dislocation_scale': 0.05859478805201976, 'gb_scale': 2.8436156208869607, 'gd_bubble_scale': 0.15419348539757013, 'gd_line_scale': 0.4298834677398295, 'gd_line_alpha': 0.6037057215086636, 'coalescence_d_scale': 0.4230603011323729, 'capture_scale': 0.06753384482209096}. Best is trial 1282 with value: 2.0082570421242427.
[I 2026-05-02 23:40:01,712] Trial 1454 finished with value: 2.326300374377318 and parameters: {'f_n': 1.9092865146036633e-07, 'K_d': 143826.05625296093, 'rho_d': 71320041406430.66, 'fission_rate': 4.993127675573126e+19, 'Dg_D1_scale': 0.22830625929909726, 'Dg_D3_scale': 1.347394786522736, 'Dv_D1_scale': 0.42387325595448383, 'Dv_D2_scale': 3.7754964989111337, 'b_bulk_scale': 0.30044351912182427, 'b_dislocation_scale': 0.0509837935899053, 'gb_scale': 2.4007720000795203, 'gd_bubble_scale': 0.15523204604897206, 'gd_line_scale': 0.4642520541841934, 'gd_line_alpha': 0.5929273056088212, 'coalescence_d_scale': 0.34512450029666286, 'capture_scale': 0.05771064099906528}. Best is trial 1282 with value: 2.0082570421242427.
[I 2026-05-02 23:40:07,365] Trial 1455 finished with value: 2.0345011112875575 and parameters: {'f_n': 4.0798520145501853e-07, 'K_d': 133708.44168373055, 'rho_d': 67946937475136.64, 'fission_rate': 5.315579228248122e+19, 'Dg_D1_scale': 0.2685379535256742, 'Dg_D3_scale': 1.603787509166711, 'Dv_D1_scale': 0.4734784467258305, 'Dv_D2_scale': 3.3406872445301294, 'b_bulk_scale': 0.35811686230284057, 'b_dislocation_scale': 0.05410298472376047, 'gb_scale': 2.7709728903566933, 'gd_bubble_scale': 1.3587073744936355, 'gd_line_scale': 0.3538409229770275, 'gd_line_alpha': 0.6649601392924642, 'coalescence_d_scale': 0.4372083134097745, 'capture_scale': 0.06861126471933301}. Best is trial 1282 with value: 2.0082570421242427.
[I 2026-05-02 23:40:13,212] Trial 1456 finished with value: 2.0906742999583616 and parameters: {'f_n': 2.1831638064590263e-07, 'K_d': 156676.51271738444, 'rho_d': 64857940078447.53, 'fission_rate': 5.1232365062449504e+19, 'Dg_D1_scale': 0.23303898531608705, 'Dg_D3_scale': 1.2117163314667676, 'Dv_D1_scale': 0.39635515718094044, 'Dv_D2_scale': 3.998189917515968, 'b_bulk_scale': 0.3219395914229095, 'b_dislocation_scale': 0.06221378440407656, 'gb_scale': 2.5493694592041725, 'gd_bubble_scale': 0.1463282839067357, 'gd_line_scale': 0.3821885590170283, 'gd_line_alpha': 0.640979626645219, 'coalescence_d_scale': 0.39108074218680605, 'capture_scale': 0.06185030844384422}. Best is trial 1282 with value: 2.0082570421242427.
[I 2026-05-02 23:40:19,218] Trial 1457 finished with value: 2.866594037267301 and parameters: {'f_n': 2.9128945339462453e-07, 'K_d': 139847.46683478338, 'rho_d': 75721317557814.81, 'fission_rate': 5.002603064945714e+19, 'Dg_D1_scale': 0.27541238129661827, 'Dg_D3_scale': 1.408409453227367, 'Dv_D1_scale': 0.3883290961377006, 'Dv_D2_scale': 3.10552196903033, 'b_bulk_scale': 0.36996902140256255, 'b_dislocation_scale': 0.05916529570034209, 'gb_scale': 4.363731479327128, 'gd_bubble_scale': 0.16907550685209702, 'gd_line_scale': 0.4208396388957056, 'gd_line_alpha': 0.6969613139513184, 'coalescence_d_scale': 2.0679972409698517, 'capture_scale': 0.044818541257221955}. Best is trial 1282 with value: 2.0082570421242427.
