[I 2026-05-02 21:46:00,560] Trial 108 finished with value: 2.925390472426577 and parameters: {'f_n': 5.53761881659323e-08, 'K_d': 152951.9580836218, 'rho_d': 69657023129024.81, 'fission_rate': 7.878191552898602e+19, 'Dg_D1_scale': 0.42588735746072415, 'Dg_D3_scale': 0.36293369887685223, 'Dv_D1_scale': 0.26734127398474306, 'Dv_D2_scale': 1.39233313151341, 'b_bulk_scale': 0.03386897323418015, 'b_dislocation_scale': 1.1837290686934643, 'gb_scale': 0.11938366895224614, 'gd_bubble_scale': 0.13657731216389768, 'gd_line_scale': 5.577940164632245, 'gd_line_alpha': 0.16288074328397043, 'coalescence_d_scale': 0.247277436769718, 'capture_scale': 0.08328548813777488}. Best is trial 61 with value: 2.286562733614546.Best trial: 61. Best value: 2.28656:   7%|▋         | 108/1500 [08:20<1:28:30,  3.82s/it]Best trial: 61. Best value: 2.28656:   7%|▋         | 108/1500 [08:20<1:28:30,  3.82s/it]Best trial: 61. Best value: 2.28656:   7%|▋         | 109/1500 [08:20<1:30:53,  3.92s/it]                                                                                         Best trial: 61. Best value: 2.28656:   7%|▋         | 109/1500 [08:24<1:30:53,  3.92s/it]Best trial: 61. Best value: 2.28656:   7%|▋         | 109/1500 [08:24<1:30:53,  3.92s/it]Best trial: 61. Best value: 2.28656:   7%|▋         | 110/1500 [08:24<1:31:08,  3.93s/it]                                                                                         Best trial: 61. Best value: 2.28656:   7%|▋         | 110/1500 [08:28<1:31:08,  3.93s/it]Best trial: 61. Best value: 2.28656:   7%|▋         | 110/1500 [08:28<1:31:08,  3.93s/it]Best trial: 61. Best value: 2.28656:   7%|▋         | 111/1500 [08:28<1:30:17,  3.90s/it]                                                                                         Best trial: 61. Best value: 2.28656:   7%|▋         | 111/1500 [08:30<1:30:17,  3.90s/it]Best trial: 61. Best value: 2.28656:   7%|▋         | 111/1500 [08:30<1:30:17,  3.90s/it]Best trial: 61. Best value: 2.28656:   7%|▋         | 112/1500 [08:30<1:19:29,  3.44s/it]                                                                                         Best trial: 61. Best value: 2.28656:   7%|▋         | 112/1500 [08:35<1:19:29,  3.44s/it]Best trial: 61. Best value: 2.28656:   7%|▋         | 112/1500 [08:35<1:19:29,  3.44s/it]Best trial: 61. Best value: 2.28656:   8%|▊         | 113/1500 [08:35<1:27:15,  3.77s/it]                                                                                         Best trial: 61. Best value: 2.28656:   8%|▊         | 113/1500 [08:39<1:27:15,  3.77s/it]Best trial: 61. Best value: 2.28656:   8%|▊         | 113/1500 [08:39<1:27:15,  3.77s/it]Best trial: 61. Best value: 2.28656:   8%|▊         | 114/1500 [08:39<1:28:33,  3.83s/it]                                                                                         Best trial: 61. Best value: 2.28656:   8%|▊         | 114/1500 [08:42<1:28:33,  3.83s/it]Best trial: 61. Best value: 2.28656:   8%|▊         | 114/1500 [08:43<1:28:33,  3.83s/it]Best trial: 61. Best value: 2.28656:   8%|▊         | 115/1500 [08:43<1:28:02,  3.81s/it]                                                                                         Best trial: 61. Best value: 2.28656:   8%|▊         | 115/1500 [08:46<1:28:02,  3.81s/it]Best trial: 61. Best value: 2.28656:   8%|▊         | 115/1500 [08:46<1:28:02,  3.81s/it]Best trial: 61. Best value: 2.28656:   8%|▊         | 116/1500 [08:46<1:23:16,  3.61s/it]                                                                                         Best trial: 61. Best value: 2.28656:   8%|▊         | 116/1500 [08:49<1:23:16,  3.61s/it]Best trial: 61. Best value: 2.28656:   8%|▊         | 116/1500 [08:49<1:23:16,  3.61s/it]Best trial: 61. Best value: 2.28656:   8%|▊         | 117/1500 [08:49<1:20:05,  3.47s/it]                                                                                         Best trial: 61. Best value: 2.28656:   8%|▊         | 117/1500 [08:52<1:20:05,  3.47s/it]Best trial: 61. Best value: 2.28656:   8%|▊         | 117/1500 [08:52<1:20:05,  3.47s/it]Best trial: 61. Best value: 2.28656:   8%|▊         | 118/1500 [08:52<1:19:03,  3.43s/it]                                                                                         Best trial: 61. Best value: 2.28656:   8%|▊         | 118/1500 [08:56<1:19:03,  3.43s/it]Best trial: 61. Best value: 2.28656:   8%|▊         | 118/1500 [08:56<1:19:03,  3.43s/it]Best trial: 61. Best value: 2.28656:   8%|▊         | 119/1500 [08:56<1:19:54,  3.47s/it]                                                                                         Best trial: 61. Best value: 2.28656:   8%|▊         | 119/1500 [08:58<1:19:54,  3.47s/it]Best trial: 61. Best value: 2.28656:   8%|▊         | 119/1500 [08:58<1:19:54,  3.47s/it]Best trial: 61. Best value: 2.28656:   8%|▊         | 120/1500 [08:58<1:10:24,  3.06s/it]                                                                                         
[I 2026-05-02 21:46:04,563] Trial 109 finished with value: 2.68620826322696 and parameters: {'f_n': 2.721294669384052e-08, 'K_d': 166993.2277622272, 'rho_d': 64666063892817.9, 'fission_rate': 7.595232422163009e+19, 'Dg_D1_scale': 0.5033781396798208, 'Dg_D3_scale': 0.3023850942409366, 'Dv_D1_scale': 0.292766003491999, 'Dv_D2_scale': 1.760118686284817, 'b_bulk_scale': 0.04176170763220242, 'b_dislocation_scale': 1.0580859045961026, 'gb_scale': 0.15343766858994, 'gd_bubble_scale': 0.11678973969575676, 'gd_line_scale': 2.8492203439089554, 'gd_line_alpha': 0.18148059467832767, 'coalescence_d_scale': 0.3009590445389993, 'capture_scale': 0.05658330547977736}. Best is trial 61 with value: 2.286562733614546.
[I 2026-05-02 21:46:08,388] Trial 110 finished with value: 2.524779752100614 and parameters: {'f_n': 6.702190524104053e-08, 'K_d': 127944.48636872057, 'rho_d': 54507885557276.5, 'fission_rate': 7.73848275043736e+19, 'Dg_D1_scale': 0.5599405166399659, 'Dg_D3_scale': 1.246506115136252, 'Dv_D1_scale': 0.24482641920359025, 'Dv_D2_scale': 1.8955850977166828, 'b_bulk_scale': 0.04472345932764851, 'b_dislocation_scale': 1.8713584185057395, 'gb_scale': 0.1589834444706275, 'gd_bubble_scale': 0.21595181223807336, 'gd_line_scale': 4.546574011355508, 'gd_line_alpha': 0.11660023700000821, 'coalescence_d_scale': 0.18844023942166935, 'capture_scale': 0.12811663434261802}. Best is trial 61 with value: 2.286562733614546.
[I 2026-05-02 21:46:10,740] Trial 111 finished with value: 3.735893226401455 and parameters: {'f_n': 1.510251796922094e-10, 'K_d': 129765.31205772434, 'rho_d': 54544129606882.39, 'fission_rate': 7.754233260096722e+19, 'Dg_D1_scale': 0.5513972285493732, 'Dg_D3_scale': 1.2699079692473771, 'Dv_D1_scale': 0.2438813111877154, 'Dv_D2_scale': 2.348027300763786, 'b_bulk_scale': 0.037693317336429534, 'b_dislocation_scale': 1.9631431001059703, 'gb_scale': 0.08643555730906666, 'gd_bubble_scale': 0.2206663183296311, 'gd_line_scale': 5.04789902397172, 'gd_line_alpha': 0.12750841975341048, 'coalescence_d_scale': 0.12841792820618386, 'capture_scale': 0.13642888703902856}. Best is trial 61 with value: 2.286562733614546.
[I 2026-05-02 21:46:15,300] Trial 112 finished with value: 2.8314360706770936 and parameters: {'f_n': 6.985534725657048e-08, 'K_d': 142147.71679699633, 'rho_d': 42569329393500.35, 'fission_rate': 5.681818813633226e+19, 'Dg_D1_scale': 0.47287737123405416, 'Dg_D3_scale': 1.4006162293789994, 'Dv_D1_scale': 0.2280440084812676, 'Dv_D2_scale': 1.9149907704931781, 'b_bulk_scale': 0.045630373903597476, 'b_dislocation_scale': 2.2389011850220073, 'gb_scale': 0.1565378518761355, 'gd_bubble_scale': 0.15238098606072562, 'gd_line_scale': 4.238698051636483, 'gd_line_alpha': 0.0885103351621606, 'coalescence_d_scale': 0.18677228836712012, 'capture_scale': 0.12133465371596407}. Best is trial 61 with value: 2.286562733614546.
[I 2026-05-02 21:46:19,277] Trial 113 finished with value: 2.5004251655146934 and parameters: {'f_n': 4.940218080906436e-08, 'K_d': 119213.08348896015, 'rho_d': 57956407881988.76, 'fission_rate': 7.451221774908367e+19, 'Dg_D1_scale': 1.0395758064647116, 'Dg_D3_scale': 0.8735755854378653, 'Dv_D1_scale': 0.26475649266681694, 'Dv_D2_scale': 1.556872032569767, 'b_bulk_scale': 0.05640231521295033, 'b_dislocation_scale': 1.3794417711279252, 'gb_scale': 0.32187940505518764, 'gd_bubble_scale': 0.178071039808238, 'gd_line_scale': 3.829635261091565, 'gd_line_alpha': 0.11359474255588667, 'coalescence_d_scale': 0.14484683442908478, 'capture_scale': 0.08699360980538841}. Best is trial 61 with value: 2.286562733614546.
[I 2026-05-02 21:46:23,043] Trial 114 finished with value: 2.5609455435688786 and parameters: {'f_n': 1.1016034389748313e-07, 'K_d': 177185.61757344002, 'rho_d': 62528100399996.32, 'fission_rate': 7.456758035980272e+19, 'Dg_D1_scale': 0.34860264993337203, 'Dg_D3_scale': 0.8707131018741119, 'Dv_D1_scale': 0.26627504951385256, 'Dv_D2_scale': 2.496914893314829, 'b_bulk_scale': 0.03002118305772046, 'b_dislocation_scale': 1.5970785601416881, 'gb_scale': 0.10392554220187646, 'gd_bubble_scale': 0.20114939699368017, 'gd_line_scale': 3.7440717187929797, 'gd_line_alpha': 0.21674816948117048, 'coalescence_d_scale': 0.15205686179961694, 'capture_scale': 0.08615809882286359}. Best is trial 61 with value: 2.286562733614546.
[I 2026-05-02 21:46:26,179] Trial 115 finished with value: 2.9407282966243593 and parameters: {'f_n': 8.890542321733101e-08, 'K_d': 121905.78313128286, 'rho_d': 55667419463740.34, 'fission_rate': 7.348233634248851e+19, 'Dg_D1_scale': 0.9568486419740924, 'Dg_D3_scale': 1.035561272264471, 'Dv_D1_scale': 0.32102156053509767, 'Dv_D2_scale': 1.5891493386805315, 'b_bulk_scale': 0.033718241011243065, 'b_dislocation_scale': 1.3227787989014501, 'gb_scale': 0.4690554136230963, 'gd_bubble_scale': 0.3144235486864788, 'gd_line_scale': 2.7166268018211923, 'gd_line_alpha': 0.17239956123097772, 'coalescence_d_scale': 0.19805390834898182, 'capture_scale': 0.07176436667525116}. Best is trial 61 with value: 2.286562733614546.
[I 2026-05-02 21:46:29,336] Trial 116 finished with value: 2.980284148446433 and parameters: {'f_n': 5.146877854791435e-08, 'K_d': 162173.82458675967, 'rho_d': 51337530153092.82, 'fission_rate': 7.73159270507379e+19, 'Dg_D1_scale': 0.6020050108278712, 'Dg_D3_scale': 1.1778759783026773, 'Dv_D1_scale': 0.23381303157274763, 'Dv_D2_scale': 2.6424930337715655, 'b_bulk_scale': 0.04899040967022113, 'b_dislocation_scale': 2.530191899641529, 'gb_scale': 0.3152291651148153, 'gd_bubble_scale': 0.17520476471755023, 'gd_line_scale': 4.5108383165298145, 'gd_line_alpha': 0.1360395984395923, 'coalescence_d_scale': 0.17421527609693946, 'capture_scale': 0.22191806369346698}. Best is trial 61 with value: 2.286562733614546.
[I 2026-05-02 21:46:32,669] Trial 117 finished with value: 2.749586009936172 and parameters: {'f_n': 3.0829496138149145e-08, 'K_d': 133055.09252949824, 'rho_d': 68317182983669.234, 'fission_rate': 7.565744514943076e+19, 'Dg_D1_scale': 1.0422245087584288, 'Dg_D3_scale': 1.5353078742482822, 'Dv_D1_scale': 0.2827083186879742, 'Dv_D2_scale': 2.243119084546046, 'b_bulk_scale': 0.03995273530057273, 'b_dislocation_scale': 1.5707267939125409, 'gb_scale': 0.364430264650723, 'gd_bubble_scale': 0.2815639846740018, 'gd_line_scale': 2.255334897438019, 'gd_line_alpha': 0.3909129906914421, 'coalescence_d_scale': 0.13154492183047498, 'capture_scale': 0.10795805802271992}. Best is trial 61 with value: 2.286562733614546.
[I 2026-05-02 21:46:36,233] Trial 118 finished with value: 2.510288288694973 and parameters: {'f_n': 8.300569991904723e-08, 'K_d': 144220.0300246028, 'rho_d': 59109747552645.66, 'fission_rate': 7.933389531884578e+19, 'Dg_D1_scale': 1.0746744042846637, 'Dg_D3_scale': 0.3351549258478764, 'Dv_D1_scale': 0.3501155801621083, 'Dv_D2_scale': 2.8920217370972665, 'b_bulk_scale': 0.055425401702188876, 'b_dislocation_scale': 2.073771195393935, 'gb_scale': 0.6440795314062855, 'gd_bubble_scale': 0.14072891276247448, 'gd_line_scale': 7.707502896438928, 'gd_line_alpha': 0.1933334054286745, 'coalescence_d_scale': 0.1597593589194264, 'capture_scale': 0.12615831049996293}. Best is trial 61 with value: 2.286562733614546.
[I 2026-05-02 21:46:38,334] Trial 119 finished with value: 2.6839852290528796 and parameters: {'f_n': 1.258524742179045e-07, 'K_d': 190652.22399929812, 'rho_d': 79705970752140.52, 'fission_rate': 7.940143124576974e+19, 'Dg_D1_scale': 1.0761139119318799, 'Dg_D3_scale': 0.26068348709111877, 'Dv_D1_scale': 0.3458001301486632, 'Dv_D2_scale': 2.9328326656117905, 'b_bulk_scale': 0.05568518172482093, 'b_dislocation_scale': 2.1314800063403787, 'gb_scale': 0.54981470195564, 'gd_bubble_scale': 0.14365148355192162, 'gd_line_scale': 9.243318187488342, 'gd_line_alpha': 0.2066021916998414, 'coalescence_d_scale': 0.15722962164030285, 'capture_scale': 0.13062652348767517}. Best is trial 61 with value: 2.286562733614546.
[I 2026-05-02 21:46:41,659] Trial 120 finished with value: 2.8769885423132946 and parameters: {'f_n': 8.059691496791991e-08, 'K_d': 147037.5528993998, 'rho_d': 55844398057987.17, 'fission_rate': 7.631390568332997e+19, 'Dg_D1_scale': 1.345474572215635, 'Dg_D3_scale': 1.0715319247898378, 'Dv_D1_scale': 0.2495038574780898, 'Dv_D2_scale': 2.0993382100611218, 'b_bulk_scale': 0.0695398069794276, 'b_dislocation_scale': 3.4441773943432343, 'gb_scale': 0.6207827992660099, 'gd_bubble_scale': 0.0901106140545853, 'gd_line_scale': 7.543167579242989, 'gd_line_alpha': 0.19203412329089736, 'coalescence_d_scale': 0.12410457575957498, 'capture_scale': 0.16060167334387604}. Best is trial 61 with value: 2.286562733614546.Best trial: 61. Best value: 2.28656:   8%|▊         | 120/1500 [09:01<1:10:24,  3.06s/it]Best trial: 61. Best value: 2.28656:   8%|▊         | 120/1500 [09:01<1:10:24,  3.06s/it]Best trial: 61. Best value: 2.28656:   8%|▊         | 121/1500 [09:01<1:12:09,  3.14s/it]                                                                                         Best trial: 61. Best value: 2.28656:   8%|▊         | 121/1500 [09:05<1:12:09,  3.14s/it]Best trial: 61. Best value: 2.28656:   8%|▊         | 121/1500 [09:05<1:12:09,  3.14s/it]Best trial: 61. Best value: 2.28656:   8%|▊         | 122/1500 [09:05<1:18:31,  3.42s/it]                                                                                         Best trial: 61. Best value: 2.28656:   8%|▊         | 122/1500 [09:09<1:18:31,  3.42s/it]Best trial: 61. Best value: 2.28656:   8%|▊         | 122/1500 [09:09<1:18:31,  3.42s/it]Best trial: 61. Best value: 2.28656:   8%|▊         | 123/1500 [09:09<1:22:38,  3.60s/it]                                                                                         Best trial: 61. Best value: 2.28656:   8%|▊         | 123/1500 [09:13<1:22:38,  3.60s/it]Best trial: 61. Best value: 2.28656:   8%|▊         | 123/1500 [09:13<1:22:38,  3.60s/it]Best trial: 61. Best value: 2.28656:   8%|▊         | 124/1500 [09:13<1:24:05,  3.67s/it]                                                                                         Best trial: 61. Best value: 2.28656:   8%|▊         | 124/1500 [09:16<1:24:05,  3.67s/it]Best trial: 61. Best value: 2.28656:   8%|▊         | 124/1500 [09:16<1:24:05,  3.67s/it]Best trial: 61. Best value: 2.28656:   8%|▊         | 125/1500 [09:16<1:19:00,  3.45s/it]                                                                                         Best trial: 61. Best value: 2.28656:   8%|▊         | 125/1500 [09:20<1:19:00,  3.45s/it]Best trial: 61. Best value: 2.28656:   8%|▊         | 125/1500 [09:20<1:19:00,  3.45s/it]Best trial: 61. Best value: 2.28656:   8%|▊         | 126/1500 [09:20<1:21:46,  3.57s/it]                                                                                         Best trial: 61. Best value: 2.28656:   8%|▊         | 126/1500 [09:24<1:21:46,  3.57s/it]Best trial: 61. Best value: 2.28656:   8%|▊         | 126/1500 [09:24<1:21:46,  3.57s/it]Best trial: 61. Best value: 2.28656:   8%|▊         | 127/1500 [09:24<1:23:36,  3.65s/it]                                                                                         Best trial: 61. Best value: 2.28656:   8%|▊         | 127/1500 [09:28<1:23:36,  3.65s/it]Best trial: 61. Best value: 2.28656:   8%|▊         | 127/1500 [09:28<1:23:36,  3.65s/it]Best trial: 61. Best value: 2.28656:   9%|▊         | 128/1500 [09:28<1:24:51,  3.71s/it]                                                                                         Best trial: 61. Best value: 2.28656:   9%|▊         | 128/1500 [09:30<1:24:51,  3.71s/it]Best trial: 61. Best value: 2.28656:   9%|▊         | 128/1500 [09:30<1:24:51,  3.71s/it]Best trial: 61. Best value: 2.28656:   9%|▊         | 129/1500 [09:30<1:15:26,  3.30s/it]                                                                                         Best trial: 61. Best value: 2.28656:   9%|▊         | 129/1500 [09:33<1:15:26,  3.30s/it]Best trial: 61. Best value: 2.28656:   9%|▊         | 129/1500 [09:33<1:15:26,  3.30s/it]Best trial: 61. Best value: 2.28656:   9%|▊         | 130/1500 [09:33<1:12:21,  3.17s/it]                                                                                         Best trial: 61. Best value: 2.28656:   9%|▊         | 130/1500 [09:37<1:12:21,  3.17s/it]Best trial: 61. Best value: 2.28656:   9%|▊         | 130/1500 [09:37<1:12:21,  3.17s/it]Best trial: 61. Best value: 2.28656:   9%|▊         | 131/1500 [09:37<1:16:51,  3.37s/it]                                                                                         Best trial: 61. Best value: 2.28656:   9%|▊         | 131/1500 [09:40<1:16:51,  3.37s/it]Best trial: 61. Best value: 2.28656:   9%|▊         | 131/1500 [09:40<1:16:51,  3.37s/it]Best trial: 61. Best value: 2.28656:   9%|▉         | 132/1500 [09:40<1:20:24,  3.53s/it]                                                                                         
[I 2026-05-02 21:46:45,730] Trial 121 finished with value: 3.1356151926151 and parameters: {'f_n': 6.12796957027915e-08, 'K_d': 135494.02493120113, 'rho_d': 59110720773176.63, 'fission_rate': 7.477118968957438e+19, 'Dg_D1_scale': 1.1874667577956877, 'Dg_D3_scale': 0.3292950276324767, 'Dv_D1_scale': 0.2240788244196566, 'Dv_D2_scale': 2.747265173753768, 'b_bulk_scale': 0.042438847065300454, 'b_dislocation_scale': 0.7694922011857303, 'gb_scale': 0.134883784462043, 'gd_bubble_scale': 0.19301634282589777, 'gd_line_scale': 5.869792658615867, 'gd_line_alpha': 0.23934552997905734, 'coalescence_d_scale': 0.10650105421401986, 'capture_scale': 0.08962746119395101}. Best is trial 61 with value: 2.286562733614546.
[I 2026-05-02 21:46:49,755] Trial 122 finished with value: 2.685675793507802 and parameters: {'f_n': 4.957797579439889e-08, 'K_d': 154528.6261500705, 'rho_d': 48934027794403.96, 'fission_rate': 6.0040925176405344e+19, 'Dg_D1_scale': 0.8359406443793048, 'Dg_D3_scale': 0.9383200291608472, 'Dv_D1_scale': 0.2582355197914434, 'Dv_D2_scale': 1.883807414488367, 'b_bulk_scale': 0.03730978109385723, 'b_dislocation_scale': 2.7960408453450323, 'gb_scale': 0.40873425894862453, 'gd_bubble_scale': 0.2302205010508883, 'gd_line_scale': 6.735083444138492, 'gd_line_alpha': 0.15075779873469547, 'coalescence_d_scale': 0.6220661297433032, 'capture_scale': 0.10602977445653702}. Best is trial 61 with value: 2.286562733614546.
[I 2026-05-02 21:46:53,576] Trial 123 finished with value: 2.4380574926264176 and parameters: {'f_n': 9.962451041666258e-08, 'K_d': 125681.93815056149, 'rho_d': 65091224940235.33, 'fission_rate': 7.877619687542964e+19, 'Dg_D1_scale': 1.086365047339504, 'Dg_D3_scale': 0.3488656409673637, 'Dv_D1_scale': 0.3076236081190831, 'Dv_D2_scale': 2.345490908649952, 'b_bulk_scale': 0.05114336632110581, 'b_dislocation_scale': 1.1889445253245494, 'gb_scale': 0.8640004405843971, 'gd_bubble_scale': 0.169171306700313, 'gd_line_scale': 7.646254389054978, 'gd_line_alpha': 0.12039329162103839, 'coalescence_d_scale': 0.3579799738745557, 'capture_scale': 0.07322152751915206}. Best is trial 61 with value: 2.286562733614546.
[I 2026-05-02 21:46:56,511] Trial 124 finished with value: 2.9183187026191755 and parameters: {'f_n': 1.0399466301714541e-07, 'K_d': 123194.2917226268, 'rho_d': 65042357393587.26, 'fission_rate': 7.882623570715075e+19, 'Dg_D1_scale': 0.9312953700953173, 'Dg_D3_scale': 0.3834702774469038, 'Dv_D1_scale': 0.2274383136213395, 'Dv_D2_scale': 2.3984676812396306, 'b_bulk_scale': 0.05174242833636037, 'b_dislocation_scale': 1.2485682830927467, 'gb_scale': 0.8711877370038401, 'gd_bubble_scale': 0.3645575890040797, 'gd_line_scale': 3.067264168278972, 'gd_line_alpha': 0.12204915184458956, 'coalescence_d_scale': 0.4926349675996634, 'capture_scale': 0.06697356431323362}. Best is trial 61 with value: 2.286562733614546.
[I 2026-05-02 21:47:00,370] Trial 125 finished with value: 2.4585472013349468 and parameters: {'f_n': 1.74213207209586e-07, 'K_d': 168181.92946871996, 'rho_d': 59349900104147.78, 'fission_rate': 7.94185578328833e+19, 'Dg_D1_scale': 1.1549402107035773, 'Dg_D3_scale': 1.1860744973057313, 'Dv_D1_scale': 0.3001480550159347, 'Dv_D2_scale': 2.2952092685126826, 'b_bulk_scale': 0.06091599672593505, 'b_dislocation_scale': 1.107114550774397, 'gb_scale': 0.6809768195735322, 'gd_bubble_scale': 0.11518655065480339, 'gd_line_scale': 7.563186181685232, 'gd_line_alpha': 0.11305458693252608, 'coalescence_d_scale': 0.35519838527840497, 'capture_scale': 0.07545424353761919}. Best is trial 61 with value: 2.286562733614546.
