[I 2026-05-02 23:28:40,656] Trial 1332 finished with value: 3.168913107672456 and parameters: {'f_n': 2.39196062405073e-07, 'K_d': 577839.4283382032, 'rho_d': 67715792509586.3, 'fission_rate': 5.076936719863224e+19, 'Dg_D1_scale': 0.21554789623808157, 'Dg_D3_scale': 1.6845690480496127, 'Dv_D1_scale': 0.2771761703149208, 'Dv_D2_scale': 3.998286378183217, 'b_bulk_scale': 0.3806383368707893, 'b_dislocation_scale': 0.06121365668141755, 'gb_scale': 2.3826403796736058, 'gd_bubble_scale': 0.08331612563897886, 'gd_line_scale': 0.2654615158308286, 'gd_line_alpha': 0.6310142292810591, 'coalescence_d_scale': 0.5776879681588404, 'capture_scale': 0.09260513931760299}. Best is trial 1282 with value: 2.0082570421242427.Best trial: 1282. Best value: 2.00826:  89%|████████▉ | 1332/1500 [1:51:00<15:23,  5.50s/it]Best trial: 1282. Best value: 2.00826:  89%|████████▉ | 1332/1500 [1:51:00<15:23,  5.50s/it]Best trial: 1282. Best value: 2.00826:  89%|████████▉ | 1333/1500 [1:51:00<15:33,  5.59s/it]                                                                                            Best trial: 1282. Best value: 2.00826:  89%|████████▉ | 1333/1500 [1:51:04<15:33,  5.59s/it]Best trial: 1282. Best value: 2.00826:  89%|████████▉ | 1333/1500 [1:51:04<15:33,  5.59s/it]Best trial: 1282. Best value: 2.00826:  89%|████████▉ | 1334/1500 [1:51:04<14:10,  5.12s/it]                                                                                            Best trial: 1282. Best value: 2.00826:  89%|████████▉ | 1334/1500 [1:51:10<14:10,  5.12s/it]Best trial: 1282. Best value: 2.00826:  89%|████████▉ | 1334/1500 [1:51:10<14:10,  5.12s/it]Best trial: 1282. Best value: 2.00826:  89%|████████▉ | 1335/1500 [1:51:10<14:46,  5.37s/it]                                                                                            Best trial: 1282. Best value: 2.00826:  89%|████████▉ | 1335/1500 [1:51:16<14:46,  5.37s/it]Best trial: 1282. Best value: 2.00826:  89%|████████▉ | 1335/1500 [1:51:16<14:46,  5.37s/it]Best trial: 1282. Best value: 2.00826:  89%|████████▉ | 1336/1500 [1:51:16<15:01,  5.50s/it]                                                                                            Best trial: 1282. Best value: 2.00826:  89%|████████▉ | 1336/1500 [1:51:22<15:01,  5.50s/it]Best trial: 1282. Best value: 2.00826:  89%|████████▉ | 1336/1500 [1:51:22<15:01,  5.50s/it]Best trial: 1282. Best value: 2.00826:  89%|████████▉ | 1337/1500 [1:51:22<15:17,  5.63s/it]                                                                                            Best trial: 1282. Best value: 2.00826:  89%|████████▉ | 1337/1500 [1:51:28<15:17,  5.63s/it]Best trial: 1282. Best value: 2.00826:  89%|████████▉ | 1337/1500 [1:51:28<15:17,  5.63s/it]Best trial: 1282. Best value: 2.00826:  89%|████████▉ | 1338/1500 [1:51:28<15:30,  5.75s/it]                                                                                            Best trial: 1282. Best value: 2.00826:  89%|████████▉ | 1338/1500 [1:51:34<15:30,  5.75s/it]Best trial: 1282. Best value: 2.00826:  89%|████████▉ | 1338/1500 [1:51:34<15:30,  5.75s/it]Best trial: 1282. Best value: 2.00826:  89%|████████▉ | 1339/1500 [1:51:34<15:28,  5.77s/it]                                                                                            Best trial: 1282. Best value: 2.00826:  89%|████████▉ | 1339/1500 [1:51:38<15:28,  5.77s/it]Best trial: 1282. Best value: 2.00826:  89%|████████▉ | 1339/1500 [1:51:38<15:28,  5.77s/it]Best trial: 1282. Best value: 2.00826:  89%|████████▉ | 1340/1500 [1:51:38<14:20,  5.38s/it]                                                                                            Best trial: 1282. Best value: 2.00826:  89%|████████▉ | 1340/1500 [1:51:44<14:20,  5.38s/it]Best trial: 1282. Best value: 2.00826:  89%|████████▉ | 1340/1500 [1:51:44<14:20,  5.38s/it]Best trial: 1282. Best value: 2.00826:  89%|████████▉ | 1341/1500 [1:51:44<14:44,  5.56s/it]                                                                                            Best trial: 1282. Best value: 2.00826:  89%|████████▉ | 1341/1500 [1:51:50<14:44,  5.56s/it]Best trial: 1282. Best value: 2.00826:  89%|████████▉ | 1341/1500 [1:51:50<14:44,  5.56s/it]Best trial: 1282. Best value: 2.00826:  89%|████████▉ | 1342/1500 [1:51:50<14:47,  5.62s/it]                                                                                            Best trial: 1282. Best value: 2.00826:  89%|████████▉ | 1342/1500 [1:51:56<14:47,  5.62s/it]Best trial: 1282. Best value: 2.00826:  89%|████████▉ | 1342/1500 [1:51:56<14:47,  5.62s/it]Best trial: 1282. Best value: 2.00826:  90%|████████▉ | 1343/1500 [1:51:56<14:53,  5.69s/it]                                                                                            Best trial: 1282. Best value: 2.00826:  90%|████████▉ | 1343/1500 [1:52:02<14:53,  5.69s/it]Best trial: 1282. Best value: 2.00826:  90%|████████▉ | 1343/1500 [1:52:02<14:53,  5.69s/it]Best trial: 1282. Best value: 2.00826:  90%|████████▉ | 1344/1500 [1:52:02<15:01,  5.78s/it]                                                                                            
[I 2026-05-02 23:28:44,681] Trial 1333 finished with value: 2.0807866819568064 and parameters: {'f_n': 3.313914073313374e-07, 'K_d': 141630.21018477398, 'rho_d': 61894681409287.42, 'fission_rate': 5.2982961635366396e+19, 'Dg_D1_scale': 0.22271803675812343, 'Dg_D3_scale': 1.9630974538963217, 'Dv_D1_scale': 0.3042937631540765, 'Dv_D2_scale': 3.602902387559082, 'b_bulk_scale': 0.39306311105440367, 'b_dislocation_scale': 0.04474776948344345, 'gb_scale': 2.2335152247329653, 'gd_bubble_scale': 0.08580572261884538, 'gd_line_scale': 0.32391875465469416, 'gd_line_alpha': 0.6749833476357203, 'coalescence_d_scale': 0.4721586430709288, 'capture_scale': 0.059391808248766075}. Best is trial 1282 with value: 2.0082570421242427.
[I 2026-05-02 23:28:50,646] Trial 1334 finished with value: 2.649806083701357 and parameters: {'f_n': 1.6133031083250608e-07, 'K_d': 141648.6208019326, 'rho_d': 64231863153954.64, 'fission_rate': 5.007145222433114e+19, 'Dg_D1_scale': 0.24163738915568703, 'Dg_D3_scale': 1.7962192994328392, 'Dv_D1_scale': 0.31270217201531814, 'Dv_D2_scale': 3.6341038070074156, 'b_bulk_scale': 0.52307004523197, 'b_dislocation_scale': 0.055119185352930845, 'gb_scale': 1.7454673158252914, 'gd_bubble_scale': 0.16528613775843945, 'gd_line_scale': 0.42235350788904824, 'gd_line_alpha': 0.6098583374463111, 'coalescence_d_scale': 0.41200675340554355, 'capture_scale': 0.07222022869648691}. Best is trial 1282 with value: 2.0082570421242427.
[I 2026-05-02 23:28:56,423] Trial 1335 finished with value: 2.0903410451519195 and parameters: {'f_n': 5.544718536650282e-07, 'K_d': 131731.6052931344, 'rho_d': 69779264424458.76, 'fission_rate': 5.16860567445383e+19, 'Dg_D1_scale': 0.23444775456213554, 'Dg_D3_scale': 1.9123628536972892, 'Dv_D1_scale': 0.2928765540364474, 'Dv_D2_scale': 3.768534018144711, 'b_bulk_scale': 0.47015777534857056, 'b_dislocation_scale': 0.06387220724957353, 'gb_scale': 2.377861230006348, 'gd_bubble_scale': 0.09065139940734326, 'gd_line_scale': 0.35478807531941575, 'gd_line_alpha': 0.6423128175970179, 'coalescence_d_scale': 0.5066299740629906, 'capture_scale': 0.08779701334612307}. Best is trial 1282 with value: 2.0082570421242427.
[I 2026-05-02 23:29:02,355] Trial 1336 finished with value: 2.3376303315449336 and parameters: {'f_n': 1.9626020307125194e-07, 'K_d': 134071.9659962013, 'rho_d': 62821000296698.27, 'fission_rate': 5.007277811786385e+19, 'Dg_D1_scale': 0.2701756082468884, 'Dg_D3_scale': 2.060781092995439, 'Dv_D1_scale': 0.32063059549322376, 'Dv_D2_scale': 3.578351174563313, 'b_bulk_scale': 0.5663655689824807, 'b_dislocation_scale': 0.06315223118202153, 'gb_scale': 2.0042408381132786, 'gd_bubble_scale': 0.10359607287903298, 'gd_line_scale': 0.41295704525971366, 'gd_line_alpha': 0.6297499232982416, 'coalescence_d_scale': 0.4421083970253541, 'capture_scale': 0.05287492737459036}. Best is trial 1282 with value: 2.0082570421242427.
[I 2026-05-02 23:29:08,377] Trial 1337 finished with value: 3.888118220520132 and parameters: {'f_n': 6.556797209374585e-09, 'K_d': 128825.40670844939, 'rho_d': 66601321711844.04, 'fission_rate': 4.975633633478506e+19, 'Dg_D1_scale': 0.20370364811263136, 'Dg_D3_scale': 2.0481521291409726, 'Dv_D1_scale': 0.2777261128545459, 'Dv_D2_scale': 3.9984353695124817, 'b_bulk_scale': 0.445853040191592, 'b_dislocation_scale': 0.04763818845028295, 'gb_scale': 2.2920530800616943, 'gd_bubble_scale': 0.1127397534738649, 'gd_line_scale': 0.4336432308086583, 'gd_line_alpha': 0.6102070989158138, 'coalescence_d_scale': 0.5927592015949044, 'capture_scale': 0.07881638351958324}. Best is trial 1282 with value: 2.0082570421242427.
[I 2026-05-02 23:29:14,200] Trial 1338 finished with value: 2.3828701303626203 and parameters: {'f_n': 4.3712321731727065e-07, 'K_d': 152134.52700137664, 'rho_d': 60865470083021.62, 'fission_rate': 5.077708839468458e+19, 'Dg_D1_scale': 0.25849028055854756, 'Dg_D3_scale': 1.779021865158766, 'Dv_D1_scale': 0.3140152599238446, 'Dv_D2_scale': 0.740094448358744, 'b_bulk_scale': 0.39236657809278014, 'b_dislocation_scale': 0.06594993912275589, 'gb_scale': 2.4506086246928045, 'gd_bubble_scale': 0.17649129611898615, 'gd_line_scale': 0.384149659463693, 'gd_line_alpha': 0.6593820427347303, 'coalescence_d_scale': 0.472489236832844, 'capture_scale': 0.09923774968232617}. Best is trial 1282 with value: 2.0082570421242427.
[I 2026-05-02 23:29:18,675] Trial 1339 finished with value: 2.2299233872590043 and parameters: {'f_n': 6.931255025057975e-07, 'K_d': 139340.426530918, 'rho_d': 72904328607532.22, 'fission_rate': 4.935541177560217e+19, 'Dg_D1_scale': 0.880079895661626, 'Dg_D3_scale': 0.5673061096680064, 'Dv_D1_scale': 0.2950009410005341, 'Dv_D2_scale': 3.7861641444252006, 'b_bulk_scale': 0.4882281607761562, 'b_dislocation_scale': 0.05626349234819559, 'gb_scale': 2.5743560055937693, 'gd_bubble_scale': 0.1269620252669034, 'gd_line_scale': 0.4596292613711401, 'gd_line_alpha': 0.687383880545938, 'coalescence_d_scale': 0.5296756310937941, 'capture_scale': 0.09773713184870574}. Best is trial 1282 with value: 2.0082570421242427.
[I 2026-05-02 23:29:24,656] Trial 1340 finished with value: 2.063428867717449 and parameters: {'f_n': 3.787042088708721e-07, 'K_d': 125540.8299239848, 'rho_d': 66237568765301.06, 'fission_rate': 4.91170714000806e+19, 'Dg_D1_scale': 0.22796826750706314, 'Dg_D3_scale': 1.9240185989760794, 'Dv_D1_scale': 0.3241903904260723, 'Dv_D2_scale': 3.342487199386466, 'b_bulk_scale': 0.5373074150511369, 'b_dislocation_scale': 0.07029171406018514, 'gb_scale': 2.634924317292888, 'gd_bubble_scale': 0.10180745509676228, 'gd_line_scale': 0.4695110095843462, 'gd_line_alpha': 0.6301350143471368, 'coalescence_d_scale': 0.4187625624367807, 'capture_scale': 0.08819832967696808}. Best is trial 1282 with value: 2.0082570421242427.
[I 2026-05-02 23:29:30,408] Trial 1341 finished with value: 2.532154132262827 and parameters: {'f_n': 8.002674890336498e-07, 'K_d': 131832.80247137725, 'rho_d': 60650085480153.0, 'fission_rate': 5.192032166205411e+19, 'Dg_D1_scale': 0.25553646384029804, 'Dg_D3_scale': 1.7013632309923694, 'Dv_D1_scale': 0.33626750027629776, 'Dv_D2_scale': 3.9967917561444533, 'b_bulk_scale': 0.5929426258489008, 'b_dislocation_scale': 0.06035044728701641, 'gb_scale': 2.0463154744929293, 'gd_bubble_scale': 0.14710885310597288, 'gd_line_scale': 0.40272883475462196, 'gd_line_alpha': 0.6128576099804524, 'coalescence_d_scale': 1.752574125541253, 'capture_scale': 0.06284033110608998}. Best is trial 1282 with value: 2.0082570421242427.
[I 2026-05-02 23:29:36,265] Trial 1342 finished with value: 2.0952112655652146 and parameters: {'f_n': 2.81559042727321e-07, 'K_d': 142610.45124682438, 'rho_d': 63706140565769.664, 'fission_rate': 5.055305262862734e+19, 'Dg_D1_scale': 0.22252071796948206, 'Dg_D3_scale': 2.1108275285616864, 'Dv_D1_scale': 0.297457338068552, 'Dv_D2_scale': 3.999405708323207, 'b_bulk_scale': 0.42328118990859837, 'b_dislocation_scale': 0.06890269442767132, 'gb_scale': 2.246333934133222, 'gd_bubble_scale': 0.13508297681566328, 'gd_line_scale': 0.34963234183865616, 'gd_line_alpha': 0.6626801277670641, 'coalescence_d_scale': 0.47757296234129587, 'capture_scale': 0.07103372289399339}. Best is trial 1282 with value: 2.0082570421242427.
[I 2026-05-02 23:29:42,242] Trial 1343 finished with value: 2.623373298829872 and parameters: {'f_n': 5.531880061739762e-07, 'K_d': 125879.74146445584, 'rho_d': 70534066297970.4, 'fission_rate': 4.9383575478068806e+19, 'Dg_D1_scale': 0.28978417701372355, 'Dg_D3_scale': 1.9073049024359523, 'Dv_D1_scale': 0.3121422437810613, 'Dv_D2_scale': 3.5804764448624478, 'b_bulk_scale': 0.6346462322134869, 'b_dislocation_scale': 0.05029013890847434, 'gb_scale': 2.5566819828877088, 'gd_bubble_scale': 0.1183009819661265, 'gd_line_scale': 0.5145861681522482, 'gd_line_alpha': 0.6435764629378593, 'coalescence_d_scale': 0.40818369631326235, 'capture_scale': 0.10731007655113584}. Best is trial 1282 with value: 2.0082570421242427.
[I 2026-05-02 23:29:46,597] Trial 1344 finished with value: 2.0924246960208297 and parameters: {'f_n': 1.4967735922923663e-07, 'K_d': 123205.01286709207, 'rho_d': 58102674937137.805, 'fission_rate': 4.8640315365451874e+19, 'Dg_D1_scale': 0.25082174508700195, 'Dg_D3_scale': 2.1399379831872127, 'Dv_D1_scale': 0.33239045904610204, 'Dv_D2_scale': 3.24787016976933, 'b_bulk_scale': 0.4512185316290681, 'b_dislocation_scale': 0.0718540995783194, 'gb_scale': 1.5565406096194945, 'gd_bubble_scale': 0.15855151038562248, 'gd_line_scale': 0.2896777695992231, 'gd_line_alpha': 0.5839282005856551, 'coalescence_d_scale': 0.5438728365695714, 'capture_scale': 0.12603286121318727}. Best is trial 1282 with value: 2.0082570421242427.Best trial: 1282. Best value: 2.00826:  90%|████████▉ | 1344/1500 [1:52:06<15:01,  5.78s/it]Best trial: 1282. Best value: 2.00826:  90%|████████▉ | 1344/1500 [1:52:06<15:01,  5.78s/it]Best trial: 1282. Best value: 2.00826:  90%|████████▉ | 1345/1500 [1:52:06<13:49,  5.35s/it]                                                                                            Best trial: 1282. Best value: 2.00826:  90%|████████▉ | 1345/1500 [1:52:12<13:49,  5.35s/it]Best trial: 1282. Best value: 2.00826:  90%|████████▉ | 1345/1500 [1:52:12<13:49,  5.35s/it]Best trial: 1282. Best value: 2.00826:  90%|████████▉ | 1346/1500 [1:52:12<14:23,  5.60s/it]                                                                                            Best trial: 1282. Best value: 2.00826:  90%|████████▉ | 1346/1500 [1:52:18<14:23,  5.60s/it]Best trial: 1282. Best value: 2.00826:  90%|████████▉ | 1346/1500 [1:52:18<14:23,  5.60s/it]Best trial: 1282. Best value: 2.00826:  90%|████████▉ | 1347/1500 [1:52:18<14:28,  5.67s/it]                                                                                            Best trial: 1282. Best value: 2.00826:  90%|████████▉ | 1347/1500 [1:52:24<14:28,  5.67s/it]Best trial: 1282. Best value: 2.00826:  90%|████████▉ | 1347/1500 [1:52:24<14:28,  5.67s/it]Best trial: 1282. Best value: 2.00826:  90%|████████▉ | 1348/1500 [1:52:24<14:36,  5.77s/it]                                                                                            Best trial: 1282. Best value: 2.00826:  90%|████████▉ | 1348/1500 [1:52:30<14:36,  5.77s/it]Best trial: 1282. Best value: 2.00826:  90%|████████▉ | 1348/1500 [1:52:30<14:36,  5.77s/it]Best trial: 1282. Best value: 2.00826:  90%|████████▉ | 1349/1500 [1:52:30<14:47,  5.88s/it]                                                                                            Best trial: 1282. Best value: 2.00826:  90%|████████▉ | 1349/1500 [1:52:36<14:47,  5.88s/it]Best trial: 1282. Best value: 2.00826:  90%|████████▉ | 1349/1500 [1:52:37<14:47,  5.88s/it]Best trial: 1282. Best value: 2.00826:  90%|█████████ | 1350/1500 [1:52:37<14:59,  5.99s/it]                                                                                            Best trial: 1282. Best value: 2.00826:  90%|█████████ | 1350/1500 [1:52:41<14:59,  5.99s/it]Best trial: 1282. Best value: 2.00826:  90%|█████████ | 1350/1500 [1:52:41<14:59,  5.99s/it]Best trial: 1282. Best value: 2.00826:  90%|█████████ | 1351/1500 [1:52:41<13:39,  5.50s/it]                                                                                            Best trial: 1282. Best value: 2.00826:  90%|█████████ | 1351/1500 [1:52:47<13:39,  5.50s/it]Best trial: 1282. Best value: 2.00826:  90%|█████████ | 1351/1500 [1:52:47<13:39,  5.50s/it]Best trial: 1282. Best value: 2.00826:  90%|█████████ | 1352/1500 [1:52:47<13:59,  5.67s/it]                                                                                            Best trial: 1282. Best value: 2.00826:  90%|█████████ | 1352/1500 [1:52:53<13:59,  5.67s/it]Best trial: 1282. Best value: 2.00826:  90%|█████████ | 1352/1500 [1:52:53<13:59,  5.67s/it]Best trial: 1282. Best value: 2.00826:  90%|█████████ | 1353/1500 [1:52:53<14:16,  5.82s/it]                                                                                            Best trial: 1282. Best value: 2.00826:  90%|█████████ | 1353/1500 [1:52:59<14:16,  5.82s/it]Best trial: 1282. Best value: 2.00826:  90%|█████████ | 1353/1500 [1:52:59<14:16,  5.82s/it]Best trial: 1282. Best value: 2.00826:  90%|█████████ | 1354/1500 [1:52:59<14:20,  5.89s/it]                                                                                            Best trial: 1282. Best value: 2.00826:  90%|█████████ | 1354/1500 [1:53:05<14:20,  5.89s/it]Best trial: 1282. Best value: 2.00826:  90%|█████████ | 1354/1500 [1:53:06<14:20,  5.89s/it]Best trial: 1282. Best value: 2.00826:  90%|█████████ | 1355/1500 [1:53:06<14:30,  6.01s/it]                                                                                            Best trial: 1282. Best value: 2.00826:  90%|█████████ | 1355/1500 [1:53:10<14:30,  6.01s/it]Best trial: 1282. Best value: 2.00826:  90%|█████████ | 1355/1500 [1:53:10<14:30,  6.01s/it]Best trial: 1282. Best value: 2.00826:  90%|█████████ | 1356/1500 [1:53:10<13:12,  5.50s/it]                                                                                            
[I 2026-05-02 23:29:52,795] Trial 1345 finished with value: 2.2256527762866125 and parameters: {'f_n': 4.7658934753838576e-07, 'K_d': 147697.92836786044, 'rho_d': 66784383974682.695, 'fission_rate': 4.750584927473326e+19, 'Dg_D1_scale': 0.3369971018559104, 'Dg_D3_scale': 2.0237130238138112, 'Dv_D1_scale': 0.28386968294489734, 'Dv_D2_scale': 3.7737978213290573, 'b_bulk_scale': 0.5451541787509115, 'b_dislocation_scale': 0.06322284136475713, 'gb_scale': 2.7713832950247066, 'gd_bubble_scale': 0.10686782075625373, 'gd_line_scale': 0.4523866527883711, 'gd_line_alpha': 0.6182083182309157, 'coalescence_d_scale': 0.9742234371116796, 'capture_scale': 0.15880289682059712}. Best is trial 1282 with value: 2.0082570421242427.
[I 2026-05-02 23:29:58,626] Trial 1346 finished with value: 2.208206260002987 and parameters: {'f_n': 2.1287353716126818e-07, 'K_d': 134804.32164894533, 'rho_d': 61435200543606.01, 'fission_rate': 5.041977116273977e+19, 'Dg_D1_scale': 0.32225414072944136, 'Dg_D3_scale': 2.2294785461139504, 'Dv_D1_scale': 0.34601559183041625, 'Dv_D2_scale': 3.48930628863778, 'b_bulk_scale': 0.4980570446574626, 'b_dislocation_scale': 0.07361505701282958, 'gb_scale': 2.4026617307956095, 'gd_bubble_scale': 0.08839293288002419, 'gd_line_scale': 0.4872034464765822, 'gd_line_alpha': 0.608849261754981, 'coalescence_d_scale': 0.4792454749841602, 'capture_scale': 0.08582844801467271}. Best is trial 1282 with value: 2.0082570421242427.
[I 2026-05-02 23:30:04,616] Trial 1347 finished with value: 2.3417502679031563 and parameters: {'f_n': 6.457799070142566e-07, 'K_d': 125422.44390358255, 'rho_d': 63458902835934.7, 'fission_rate': 4.938322572211765e+19, 'Dg_D1_scale': 0.15008102156143888, 'Dg_D3_scale': 1.7756025038007588, 'Dv_D1_scale': 0.3148777617059853, 'Dv_D2_scale': 3.799229349312733, 'b_bulk_scale': 0.3872842294804964, 'b_dislocation_scale': 0.07028156560087793, 'gb_scale': 2.2286645994992536, 'gd_bubble_scale': 0.13181242447622096, 'gd_line_scale': 0.37479111583712904, 'gd_line_alpha': 0.5878838857563976, 'coalescence_d_scale': 0.4248497754868498, 'capture_scale': 0.037627898106555625}. Best is trial 1282 with value: 2.0082570421242427.
[I 2026-05-02 23:30:10,760] Trial 1348 finished with value: 2.090353446497531 and parameters: {'f_n': 3.579278826014434e-07, 'K_d': 137235.81039065667, 'rho_d': 58325987957721.87, 'fission_rate': 4.808728474701135e+19, 'Dg_D1_scale': 0.3059617092700892, 'Dg_D3_scale': 2.068936628530156, 'Dv_D1_scale': 0.3318995465334959, 'Dv_D2_scale': 3.598054016963948, 'b_bulk_scale': 0.5076911664018919, 'b_dislocation_scale': 0.05570130715280248, 'gb_scale': 2.6385674710989298, 'gd_bubble_scale': 0.11605315456252191, 'gd_line_scale': 0.4212640782874726, 'gd_line_alpha': 0.6440429325484631, 'coalescence_d_scale': 0.6268582400392478, 'capture_scale': 0.09974336425015973}. Best is trial 1282 with value: 2.0082570421242427.
[I 2026-05-02 23:30:16,949] Trial 1349 finished with value: 2.756516437136554 and parameters: {'f_n': 2.4228645906908925e-07, 'K_d': 122182.42874187288, 'rho_d': 68869460050255.92, 'fission_rate': 4.725205489945923e+19, 'Dg_D1_scale': 0.27162120388925326, 'Dg_D3_scale': 2.2399406326829463, 'Dv_D1_scale': 0.35263608955269, 'Dv_D2_scale': 3.363620166669179, 'b_bulk_scale': 0.6101098199625486, 'b_dislocation_scale': 0.06401862223457408, 'gb_scale': 2.801975768167779, 'gd_bubble_scale': 0.18272102273729685, 'gd_line_scale': 0.5268113580936704, 'gd_line_alpha': 0.5592916618782998, 'coalescence_d_scale': 0.521017481980049, 'capture_scale': 0.11882788784756451}. Best is trial 1282 with value: 2.0082570421242427.
