[I 2026-05-02 23:18:24,881] Trial 1224 finished with value: 2.095331664221491 and parameters: {'f_n': 9.909532838929711e-08, 'K_d': 136710.5993548566, 'rho_d': 54814418185329.195, 'fission_rate': 4.7951966691407135e+19, 'Dg_D1_scale': 0.3235086421124609, 'Dg_D3_scale': 2.4001622454542337, 'Dv_D1_scale': 0.3304534528077092, 'Dv_D2_scale': 3.3688103804112033, 'b_bulk_scale': 0.4058324631341275, 'b_dislocation_scale': 0.07896811708258265, 'gb_scale': 2.924053724992826, 'gd_bubble_scale': 0.10026175136156623, 'gd_line_scale': 0.480240799917109, 'gd_line_alpha': 0.6356206187435147, 'coalescence_d_scale': 0.6199595060939892, 'capture_scale': 0.09026440774124798}. Best is trial 756 with value: 2.012228641160978.Best trial: 756. Best value: 2.01223:  82%|████████▏ | 1224/1500 [1:40:44<27:01,  5.87s/it]Best trial: 756. Best value: 2.01223:  82%|████████▏ | 1224/1500 [1:40:44<27:01,  5.87s/it]Best trial: 756. Best value: 2.01223:  82%|████████▏ | 1225/1500 [1:40:44<27:22,  5.97s/it]                                                                                           Best trial: 756. Best value: 2.01223:  82%|████████▏ | 1225/1500 [1:40:51<27:22,  5.97s/it]Best trial: 756. Best value: 2.01223:  82%|████████▏ | 1225/1500 [1:40:51<27:22,  5.97s/it]Best trial: 756. Best value: 2.01223:  82%|████████▏ | 1226/1500 [1:40:51<28:17,  6.19s/it]                                                                                           Best trial: 756. Best value: 2.01223:  82%|████████▏ | 1226/1500 [1:40:55<28:17,  6.19s/it]Best trial: 756. Best value: 2.01223:  82%|████████▏ | 1226/1500 [1:40:56<28:17,  6.19s/it]Best trial: 756. Best value: 2.01223:  82%|████████▏ | 1227/1500 [1:40:56<25:42,  5.65s/it]                                                                                           Best trial: 756. Best value: 2.01223:  82%|████████▏ | 1227/1500 [1:41:02<25:42,  5.65s/it]Best trial: 756. Best value: 2.01223:  82%|████████▏ | 1227/1500 [1:41:02<25:42,  5.65s/it]Best trial: 756. Best value: 2.01223:  82%|████████▏ | 1228/1500 [1:41:02<26:19,  5.81s/it]                                                                                           Best trial: 756. Best value: 2.01223:  82%|████████▏ | 1228/1500 [1:41:07<26:19,  5.81s/it]Best trial: 756. Best value: 2.01223:  82%|████████▏ | 1228/1500 [1:41:08<26:19,  5.81s/it]Best trial: 756. Best value: 2.01223:  82%|████████▏ | 1229/1500 [1:41:08<26:14,  5.81s/it]                                                                                           Best trial: 756. Best value: 2.01223:  82%|████████▏ | 1229/1500 [1:41:13<26:14,  5.81s/it]Best trial: 756. Best value: 2.01223:  82%|████████▏ | 1229/1500 [1:41:14<26:14,  5.81s/it]Best trial: 756. Best value: 2.01223:  82%|████████▏ | 1230/1500 [1:41:14<26:29,  5.89s/it]                                                                                           Best trial: 756. Best value: 2.01223:  82%|████████▏ | 1230/1500 [1:41:20<26:29,  5.89s/it]Best trial: 756. Best value: 2.01223:  82%|████████▏ | 1230/1500 [1:41:20<26:29,  5.89s/it]Best trial: 756. Best value: 2.01223:  82%|████████▏ | 1231/1500 [1:41:20<26:53,  6.00s/it]                                                                                           Best trial: 756. Best value: 2.01223:  82%|████████▏ | 1231/1500 [1:41:24<26:53,  6.00s/it]Best trial: 756. Best value: 2.01223:  82%|████████▏ | 1231/1500 [1:41:24<26:53,  6.00s/it]Best trial: 756. Best value: 2.01223:  82%|████████▏ | 1232/1500 [1:41:24<24:37,  5.51s/it]                                                                                           Best trial: 756. Best value: 2.01223:  82%|████████▏ | 1232/1500 [1:41:30<24:37,  5.51s/it]Best trial: 756. Best value: 2.01223:  82%|████████▏ | 1232/1500 [1:41:30<24:37,  5.51s/it]Best trial: 756. Best value: 2.01223:  82%|████████▏ | 1233/1500 [1:41:30<25:18,  5.69s/it]                                                                                           Best trial: 756. Best value: 2.01223:  82%|████████▏ | 1233/1500 [1:41:36<25:18,  5.69s/it]Best trial: 756. Best value: 2.01223:  82%|████████▏ | 1233/1500 [1:41:37<25:18,  5.69s/it]Best trial: 756. Best value: 2.01223:  82%|████████▏ | 1234/1500 [1:41:37<26:00,  5.87s/it]                                                                                           Best trial: 756. Best value: 2.01223:  82%|████████▏ | 1234/1500 [1:41:43<26:00,  5.87s/it]Best trial: 756. Best value: 2.01223:  82%|████████▏ | 1234/1500 [1:41:43<26:00,  5.87s/it]Best trial: 756. Best value: 2.01223:  82%|████████▏ | 1235/1500 [1:41:43<26:19,  5.96s/it]                                                                                           Best trial: 756. Best value: 2.01223:  82%|████████▏ | 1235/1500 [1:41:49<26:19,  5.96s/it]Best trial: 756. Best value: 2.01223:  82%|████████▏ | 1235/1500 [1:41:49<26:19,  5.96s/it]Best trial: 756. Best value: 2.01223:  82%|████████▏ | 1236/1500 [1:41:49<26:22,  6.00s/it]                                                                                           
[I 2026-05-02 23:18:31,586] Trial 1225 finished with value: 3.6278142210438693 and parameters: {'f_n': 1.32710879724519e-07, 'K_d': 122828.61152294402, 'rho_d': 15181763482808.086, 'fission_rate': 4.671806870979238e+19, 'Dg_D1_scale': 0.2737540434252479, 'Dg_D3_scale': 2.054107667921501, 'Dv_D1_scale': 0.3161078863682843, 'Dv_D2_scale': 3.7825355591471364, 'b_bulk_scale': 0.4843065062511571, 'b_dislocation_scale': 0.06840745134158173, 'gb_scale': 3.1493178435850435, 'gd_bubble_scale': 0.13568524824031666, 'gd_line_scale': 0.4087871464286056, 'gd_line_alpha': 0.5851219894278253, 'coalescence_d_scale': 1.566536622266908, 'capture_scale': 0.13175382439841152}. Best is trial 756 with value: 2.012228641160978.
[I 2026-05-02 23:18:35,975] Trial 1226 finished with value: 2.2014881833747917 and parameters: {'f_n': 4.0208395969166524e-08, 'K_d': 117647.84471282762, 'rho_d': 58449563495518.15, 'fission_rate': 4.976911496859545e+19, 'Dg_D1_scale': 0.30434502423815085, 'Dg_D3_scale': 2.253546799590293, 'Dv_D1_scale': 0.3520542241934421, 'Dv_D2_scale': 3.595198540769683, 'b_bulk_scale': 0.6520370023569088, 'b_dislocation_scale': 0.08357614572802712, 'gb_scale': 2.6909769709017186, 'gd_bubble_scale': 0.11387698373518114, 'gd_line_scale': 0.328382494733703, 'gd_line_alpha': 0.5637076607386383, 'coalescence_d_scale': 0.4717417681090144, 'capture_scale': 0.0978828613470598}. Best is trial 756 with value: 2.012228641160978.
[I 2026-05-02 23:18:42,142] Trial 1227 finished with value: 2.835731594347548 and parameters: {'f_n': 7.796416821443559e-08, 'K_d': 120010.56352197027, 'rho_d': 64982477611874.836, 'fission_rate': 4.758240087431985e+19, 'Dg_D1_scale': 0.3472503455792792, 'Dg_D3_scale': 2.5592224434824007, 'Dv_D1_scale': 0.38183884557317116, 'Dv_D2_scale': 3.9837825768787627, 'b_bulk_scale': 0.5152036764330364, 'b_dislocation_scale': 0.06342297532127757, 'gb_scale': 3.4927061191377424, 'gd_bubble_scale': 0.159976487367112, 'gd_line_scale': 0.5017816342829086, 'gd_line_alpha': 0.5730732955509483, 'coalescence_d_scale': 0.5390603610390777, 'capture_scale': 0.08514750062170827}. Best is trial 756 with value: 2.012228641160978.
[I 2026-05-02 23:18:47,959] Trial 1228 finished with value: 2.1648109502053745 and parameters: {'f_n': 1.3557238209099913e-07, 'K_d': 135965.33663923622, 'rho_d': 61435126898720.85, 'fission_rate': 5.085257077610422e+19, 'Dg_D1_scale': 0.3606026274530325, 'Dg_D3_scale': 1.9111934738295726, 'Dv_D1_scale': 0.33804599405657143, 'Dv_D2_scale': 3.4048770745188692, 'b_bulk_scale': 0.4321445330549081, 'b_dislocation_scale': 0.07381023363515211, 'gb_scale': 4.0132964314559905, 'gd_bubble_scale': 0.12346710924917241, 'gd_line_scale': 0.3745019957994655, 'gd_line_alpha': 0.6001864658126619, 'coalescence_d_scale': 0.45564244544901294, 'capture_scale': 0.11235881815426929}. Best is trial 756 with value: 2.012228641160978.
[I 2026-05-02 23:18:54,024] Trial 1229 finished with value: 14.680457766682673 and parameters: {'f_n': 1.6263460674048475e-07, 'K_d': 127921.0099102886, 'rho_d': 22616916956514.754, 'fission_rate': 4.855246427022798e+19, 'Dg_D1_scale': 0.3199380104478905, 'Dg_D3_scale': 2.1588686027681403, 'Dv_D1_scale': 0.3111411370416245, 'Dv_D2_scale': 3.6214770516749732, 'b_bulk_scale': 0.5649055826173751, 'b_dislocation_scale': 0.08361205578476082, 'gb_scale': 0.23170786775692204, 'gd_bubble_scale': 0.1031747425945807, 'gd_line_scale': 0.29887917096666955, 'gd_line_alpha': 0.5443498430679757, 'coalescence_d_scale': 16.642217096487695, 'capture_scale': 0.1405448785565547}. Best is trial 756 with value: 2.012228641160978.
[I 2026-05-02 23:19:00,280] Trial 1230 finished with value: 3.811651472767912 and parameters: {'f_n': 9.728965079884787e-08, 'K_d': 120833.12597038341, 'rho_d': 11249444289524.113, 'fission_rate': 4.667013888256748e+19, 'Dg_D1_scale': 0.2891808811712058, 'Dg_D3_scale': 2.4074939571723966, 'Dv_D1_scale': 0.3676730048149942, 'Dv_D2_scale': 3.9895931293960496, 'b_bulk_scale': 0.4686743725830156, 'b_dislocation_scale': 0.0746710284911209, 'gb_scale': 3.1811597099065465, 'gd_bubble_scale': 0.15597158394135222, 'gd_line_scale': 0.43556980587968386, 'gd_line_alpha': 0.6029415238299023, 'coalescence_d_scale': 0.5216972226361168, 'capture_scale': 0.10399452034724885}. Best is trial 756 with value: 2.012228641160978.
[I 2026-05-02 23:19:04,665] Trial 1231 finished with value: 2.5797261306177535 and parameters: {'f_n': 1.3001404775681772e-07, 'K_d': 128683.06577953974, 'rho_d': 71225675689050.12, 'fission_rate': 4.9351730833015865e+19, 'Dg_D1_scale': 0.26895915743065973, 'Dg_D3_scale': 2.068431043836094, 'Dv_D1_scale': 0.33978894531839954, 'Dv_D2_scale': 3.761005986266885, 'b_bulk_scale': 0.40892106066841205, 'b_dislocation_scale': 0.06881175704942576, 'gb_scale': 2.4879169978223272, 'gd_bubble_scale': 0.08997814642461394, 'gd_line_scale': 0.5066531299219036, 'gd_line_alpha': 0.6144330758111329, 'coalescence_d_scale': 0.44771308274475435, 'capture_scale': 0.0825405830593228}. Best is trial 756 with value: 2.012228641160978.
[I 2026-05-02 23:19:10,763] Trial 1232 finished with value: 3.740703603326309 and parameters: {'f_n': 1.1075536846576665e-07, 'K_d': 118643.14195894181, 'rho_d': 57774653822244.43, 'fission_rate': 4.810378649459028e+19, 'Dg_D1_scale': 0.35445784344385134, 'Dg_D3_scale': 2.2701681788236385, 'Dv_D1_scale': 0.3194647647143065, 'Dv_D2_scale': 3.4551135683996854, 'b_bulk_scale': 0.5177888261297412, 'b_dislocation_scale': 0.05952965406495852, 'gb_scale': 2.808702827727234, 'gd_bubble_scale': 6.730078094138094, 'gd_line_scale': 0.5028022595762602, 'gd_line_alpha': 0.5384853212404812, 'coalescence_d_scale': 0.8090974591836815, 'capture_scale': 0.11850780542560754}. Best is trial 756 with value: 2.012228641160978.
[I 2026-05-02 23:19:17,044] Trial 1233 finished with value: 2.064053669623613 and parameters: {'f_n': 1.4312494580817618e-07, 'K_d': 118570.74651100652, 'rho_d': 54466835164694.01, 'fission_rate': 4.621106906278545e+19, 'Dg_D1_scale': 0.292085110421118, 'Dg_D3_scale': 2.424776426179508, 'Dv_D1_scale': 0.3569423144676587, 'Dv_D2_scale': 3.995609037926672, 'b_bulk_scale': 0.6084980012197195, 'b_dislocation_scale': 0.08495768642349182, 'gb_scale': 3.67981844561552, 'gd_bubble_scale': 0.14282082329253953, 'gd_line_scale': 0.4543113580601412, 'gd_line_alpha': 0.5677951488711142, 'coalescence_d_scale': 0.5912670650659169, 'capture_scale': 0.09463621995464917}. Best is trial 756 with value: 2.012228641160978.
[I 2026-05-02 23:19:23,227] Trial 1234 finished with value: 2.0228451825096045 and parameters: {'f_n': 1.6323640407352392e-07, 'K_d': 140295.1124328817, 'rho_d': 62999594589876.086, 'fission_rate': 4.763192431263536e+19, 'Dg_D1_scale': 0.3261112837876934, 'Dg_D3_scale': 2.5928249438173077, 'Dv_D1_scale': 0.3796070440795392, 'Dv_D2_scale': 3.6298819313685264, 'b_bulk_scale': 0.4602235805120856, 'b_dislocation_scale': 0.0786606878929871, 'gb_scale': 3.0871805185667864, 'gd_bubble_scale': 0.11783107385577689, 'gd_line_scale': 0.3981112578269584, 'gd_line_alpha': 0.6254226317463732, 'coalescence_d_scale': 0.5007631358053657, 'capture_scale': 0.12626930704635017}. Best is trial 756 with value: 2.012228641160978.
[I 2026-05-02 23:19:29,269] Trial 1235 finished with value: 4.108911164653671 and parameters: {'f_n': 1.601071461798145e-07, 'K_d': 142734.23698002897, 'rho_d': 7276584580150.526, 'fission_rate': 4.9283904770415346e+19, 'Dg_D1_scale': 0.3616399048851739, 'Dg_D3_scale': 2.5668589850575505, 'Dv_D1_scale': 0.3832147969518109, 'Dv_D2_scale': 3.344120423314568, 'b_bulk_scale': 0.5268661532130209, 'b_dislocation_scale': 0.06487099580358507, 'gb_scale': 2.486086333940966, 'gd_bubble_scale': 0.10153322897221231, 'gd_line_scale': 0.4056090944326656, 'gd_line_alpha': 0.6078245352859031, 'coalescence_d_scale': 0.622711169672141, 'capture_scale': 0.1309447671640424}. Best is trial 756 with value: 2.012228641160978.
[I 2026-05-02 23:19:33,766] Trial 1236 finished with value: 3.0532118090039626 and parameters: {'f_n': 1.591581502189109e-07, 'K_d': 1162863.9373177967, 'rho_d': 67884563138692.86, 'fission_rate': 4.851959130433895e+19, 'Dg_D1_scale': 0.3363359314822487, 'Dg_D3_scale': 2.5942492247260125, 'Dv_D1_scale': 0.3845815033177238, 'Dv_D2_scale': 3.292350488541902, 'b_bulk_scale': 0.5751164175261173, 'b_dislocation_scale': 0.07594706271194322, 'gb_scale': 2.910371369859835, 'gd_bubble_scale': 0.11706228668238426, 'gd_line_scale': 0.3538322161950558, 'gd_line_alpha': 0.622838106390792, 'coalescence_d_scale': 0.6543362368787011, 'capture_scale': 0.1435700284262318}. Best is trial 756 with value: 2.012228641160978.Best trial: 756. Best value: 2.01223:  82%|████████▏ | 1236/1500 [1:41:53<26:22,  6.00s/it]Best trial: 756. Best value: 2.01223:  82%|████████▏ | 1236/1500 [1:41:53<26:22,  6.00s/it]Best trial: 756. Best value: 2.01223:  82%|████████▏ | 1237/1500 [1:41:53<24:15,  5.54s/it]                                                                                           Best trial: 756. Best value: 2.01223:  82%|████████▏ | 1237/1500 [1:41:59<24:15,  5.54s/it]Best trial: 756. Best value: 2.01223:  82%|████████▏ | 1237/1500 [1:41:59<24:15,  5.54s/it]Best trial: 756. Best value: 2.01223:  83%|████████▎ | 1238/1500 [1:41:59<24:55,  5.71s/it]                                                                                           Best trial: 756. Best value: 2.01223:  83%|████████▎ | 1238/1500 [1:42:05<24:55,  5.71s/it]Best trial: 756. Best value: 2.01223:  83%|████████▎ | 1238/1500 [1:42:05<24:55,  5.71s/it]Best trial: 756. Best value: 2.01223:  83%|████████▎ | 1239/1500 [1:42:05<25:04,  5.77s/it]                                                                                           Best trial: 756. Best value: 2.01223:  83%|████████▎ | 1239/1500 [1:42:11<25:04,  5.77s/it]Best trial: 756. Best value: 2.01223:  83%|████████▎ | 1239/1500 [1:42:11<25:04,  5.77s/it]Best trial: 756. Best value: 2.01223:  83%|████████▎ | 1240/1500 [1:42:11<25:27,  5.88s/it]                                                                                           Best trial: 756. Best value: 2.01223:  83%|████████▎ | 1240/1500 [1:42:18<25:27,  5.88s/it]Best trial: 756. Best value: 2.01223:  83%|████████▎ | 1240/1500 [1:42:18<25:27,  5.88s/it]Best trial: 756. Best value: 2.01223:  83%|████████▎ | 1241/1500 [1:42:18<25:47,  5.97s/it]                                                                                           Best trial: 756. Best value: 2.01223:  83%|████████▎ | 1241/1500 [1:42:24<25:47,  5.97s/it]Best trial: 756. Best value: 2.01223:  83%|████████▎ | 1241/1500 [1:42:24<25:47,  5.97s/it]Best trial: 756. Best value: 2.01223:  83%|████████▎ | 1242/1500 [1:42:24<25:49,  6.01s/it]                                                                                           Best trial: 756. Best value: 2.01223:  83%|████████▎ | 1242/1500 [1:42:28<25:49,  6.01s/it]Best trial: 756. Best value: 2.01223:  83%|████████▎ | 1242/1500 [1:42:28<25:49,  6.01s/it]Best trial: 756. Best value: 2.01223:  83%|████████▎ | 1243/1500 [1:42:28<23:56,  5.59s/it]                                                                                           Best trial: 756. Best value: 2.01223:  83%|████████▎ | 1243/1500 [1:42:34<23:56,  5.59s/it]Best trial: 756. Best value: 2.01223:  83%|████████▎ | 1243/1500 [1:42:34<23:56,  5.59s/it]Best trial: 756. Best value: 2.01223:  83%|████████▎ | 1244/1500 [1:42:34<24:26,  5.73s/it]                                                                                           Best trial: 756. Best value: 2.01223:  83%|████████▎ | 1244/1500 [1:42:40<24:26,  5.73s/it]Best trial: 756. Best value: 2.01223:  83%|████████▎ | 1244/1500 [1:42:41<24:26,  5.73s/it]Best trial: 756. Best value: 2.01223:  83%|████████▎ | 1245/1500 [1:42:41<24:49,  5.84s/it]                                                                                           Best trial: 756. Best value: 2.01223:  83%|████████▎ | 1245/1500 [1:42:46<24:49,  5.84s/it]Best trial: 756. Best value: 2.01223:  83%|████████▎ | 1245/1500 [1:42:47<24:49,  5.84s/it]Best trial: 756. Best value: 2.01223:  83%|████████▎ | 1246/1500 [1:42:47<24:57,  5.90s/it]                                                                                           Best trial: 756. Best value: 2.01223:  83%|████████▎ | 1246/1500 [1:42:52<24:57,  5.90s/it]Best trial: 756. Best value: 2.01223:  83%|████████▎ | 1246/1500 [1:42:53<24:57,  5.90s/it]Best trial: 756. Best value: 2.01223:  83%|████████▎ | 1247/1500 [1:42:53<25:00,  5.93s/it]                                                                                           Best trial: 756. Best value: 2.01223:  83%|████████▎ | 1247/1500 [1:42:57<25:00,  5.93s/it]Best trial: 756. Best value: 2.01223:  83%|████████▎ | 1247/1500 [1:42:57<25:00,  5.93s/it]Best trial: 756. Best value: 2.01223:  83%|████████▎ | 1248/1500 [1:42:57<23:11,  5.52s/it]                                                                                           
[I 2026-05-02 23:19:39,876] Trial 1237 finished with value: 2.0666058204211506 and parameters: {'f_n': 1.659301410768032e-07, 'K_d': 133914.24831964992, 'rho_d': 63832849933470.05, 'fission_rate': 4.7592115220499644e+19, 'Dg_D1_scale': 0.3653806077955955, 'Dg_D3_scale': 2.6149658566813065, 'Dv_D1_scale': 0.3854169749711858, 'Dv_D2_scale': 3.5904233872212608, 'b_bulk_scale': 0.4722667784049261, 'b_dislocation_scale': 0.07006412296181093, 'gb_scale': 4.533041784227735, 'gd_bubble_scale': 0.11071769377996366, 'gd_line_scale': 0.3791609840897317, 'gd_line_alpha': 0.6236035254781663, 'coalescence_d_scale': 0.5294991924464802, 'capture_scale': 0.13200316798215944}. Best is trial 756 with value: 2.012228641160978.
[I 2026-05-02 23:19:45,774] Trial 1238 finished with value: 4.3115187256978285 and parameters: {'f_n': 1.2007963900394512e-07, 'K_d': 135712.09658547683, 'rho_d': 5764130022280.25, 'fission_rate': 5.034305780692474e+19, 'Dg_D1_scale': 0.3167936780191836, 'Dg_D3_scale': 0.4760462601882995, 'Dv_D1_scale': 0.3650197099077934, 'Dv_D2_scale': 3.559096437321539, 'b_bulk_scale': 0.661599486966513, 'b_dislocation_scale': 0.057741797674678866, 'gb_scale': 2.700406129548538, 'gd_bubble_scale': 0.2885084382907909, 'gd_line_scale': 0.3440766076405821, 'gd_line_alpha': 0.5879266003668562, 'coalescence_d_scale': 0.5768388432269078, 'capture_scale': 0.11872171096491971}. Best is trial 756 with value: 2.012228641160978.
[I 2026-05-02 23:19:51,910] Trial 1239 finished with value: 4.460394885674789 and parameters: {'f_n': 4.94731758159923e-10, 'K_d': 143141.02610053887, 'rho_d': 72333720888851.7, 'fission_rate': 4.849281999541864e+19, 'Dg_D1_scale': 0.32512036850931664, 'Dg_D3_scale': 2.6117376696400285, 'Dv_D1_scale': 0.39043082659708983, 'Dv_D2_scale': 3.2996342583650464, 'b_bulk_scale': 0.48772364529757334, 'b_dislocation_scale': 0.07736353814500001, 'gb_scale': 3.09676805315926, 'gd_bubble_scale': 0.08869444645445686, 'gd_line_scale': 0.39476998943619096, 'gd_line_alpha': 0.6227548417005399, 'coalescence_d_scale': 0.5002518663325711, 'capture_scale': 0.14887669775115453}. Best is trial 756 with value: 2.012228641160978.
[I 2026-05-02 23:19:58,110] Trial 1240 finished with value: 4.80414262356992 and parameters: {'f_n': 8.248816599901494e-08, 'K_d': 140897.11920694183, 'rho_d': 67089719415046.98, 'fission_rate': 4.757806070803361e+19, 'Dg_D1_scale': 0.2637403301586606, 'Dg_D3_scale': 2.444974495687641, 'Dv_D1_scale': 0.3633332729405031, 'Dv_D2_scale': 3.9991696759389606, 'b_bulk_scale': 0.5614743044147942, 'b_dislocation_scale': 0.06856704214780543, 'gb_scale': 3.4898859071118284, 'gd_bubble_scale': 0.13049667408473134, 'gd_line_scale': 0.2899780631725754, 'gd_line_alpha': 0.6236366242885663, 'coalescence_d_scale': 5.010802623734146, 'capture_scale': 0.11744475022829884}. Best is trial 756 with value: 2.012228641160978.
[I 2026-05-02 23:20:04,193] Trial 1241 finished with value: 2.068479082341322 and parameters: {'f_n': 1.0590194573585498e-07, 'K_d': 129297.94988957392, 'rho_d': 64258554802709.08, 'fission_rate': 4.907631822733543e+19, 'Dg_D1_scale': 0.2925583100117925, 'Dg_D3_scale': 2.3692096542581687, 'Dv_D1_scale': 0.34640157718075254, 'Dv_D2_scale': 3.997593532766345, 'b_bulk_scale': 0.4596437826751201, 'b_dislocation_scale': 0.08252972966953005, 'gb_scale': 3.912027923194189, 'gd_bubble_scale': 0.09800756786758756, 'gd_line_scale': 0.4286544193095817, 'gd_line_alpha': 0.6308122034783239, 'coalescence_d_scale': 0.7271672630473008, 'capture_scale': 0.1352555676586972}. Best is trial 756 with value: 2.012228641160978.
