[I 2026-05-02 23:09:41,264] Trial 1134 finished with value: 2.0897008450534944 and parameters: {'f_n': 9.653258759025562e-08, 'K_d': 115477.70659867607, 'rho_d': 64147606678226.41, 'fission_rate': 4.81075099169687e+19, 'Dg_D1_scale': 0.2961066113879214, 'Dg_D3_scale': 2.489851009360704, 'Dv_D1_scale': 0.28869216112007984, 'Dv_D2_scale': 3.5949738927314083, 'b_bulk_scale': 0.33189309553403096, 'b_dislocation_scale': 0.08909608938426836, 'gb_scale': 3.58457613585677, 'gd_bubble_scale': 0.12624636368950465, 'gd_line_scale': 0.5905319181382946, 'gd_line_alpha': 0.6209800426386612, 'coalescence_d_scale': 0.47703123731250535, 'capture_scale': 0.06129605091076313}. Best is trial 756 with value: 2.012228641160978.
[I 2026-05-02 23:09:47,790] Trial 1135 finished with value: 2.474008503467866 and parameters: {'f_n': 2.504319908351279e-07, 'K_d': 109017.09851457889, 'rho_d': 71746008862588.81, 'fission_rate': 4.439307585076386e+19, 'Dg_D1_scale': 0.2799531620332209, 'Dg_D3_scale': 2.2672406789905377, 'Dv_D1_scale': 0.33926035095560575, 'Dv_D2_scale': 0.5310798619374955, 'b_bulk_scale': 0.38817215967163776, 'b_dislocation_scale': 0.09836272001596079, 'gb_scale': 3.2101676627436713, 'gd_bubble_scale': 0.1056507812764048, 'gd_line_scale': 0.7376214782501953, 'gd_line_alpha': 0.5591104000353817, 'coalescence_d_scale': 0.3900032474608158, 'capture_scale': 0.07227528876784711}. Best is trial 756 with value: 2.012228641160978.
[I 2026-05-02 23:09:52,460] Trial 1136 finished with value: 2.1188363552927756 and parameters: {'f_n': 7.22070902087764e-08, 'K_d': 115083.91449515738, 'rho_d': 60987281098869.84, 'fission_rate': 4.59468390164918e+19, 'Dg_D1_scale': 0.2307165754307477, 'Dg_D3_scale': 2.168412849819189, 'Dv_D1_scale': 0.8522698180131101, 'Dv_D2_scale': 3.7782641678402564, 'b_bulk_scale': 0.2914299735326277, 'b_dislocation_scale': 0.11300975057043114, 'gb_scale': 2.8400565839452856, 'gd_bubble_scale': 0.14086265835763426, 'gd_line_scale': 0.5396703508282799, 'gd_line_alpha': 0.6610508022655204, 'coalescence_d_scale': 0.43503979555725547, 'capture_scale': 0.045179433011903594}. Best is trial 756 with value: 2.012228641160978.
[I 2026-05-02 23:09:58,623] Trial 1137 finished with value: 2.144613670150211 and parameters: {'f_n': 2.780401181717778e-07, 'K_d': 105216.44793004726, 'rho_d': 67674912865281.76, 'fission_rate': 4.71956044065931e+19, 'Dg_D1_scale': 0.24661861841835042, 'Dg_D3_scale': 2.4791796474822982, 'Dv_D1_scale': 0.31007464256111494, 'Dv_D2_scale': 1.6745336422417785, 'b_bulk_scale': 0.31053034746534247, 'b_dislocation_scale': 0.07959951394049924, 'gb_scale': 3.4130857576984135, 'gd_bubble_scale': 0.09572457313571782, 'gd_line_scale': 0.654323215865425, 'gd_line_alpha': 0.6547184253639664, 'coalescence_d_scale': 0.38311902641737283, 'capture_scale': 0.08834966256040366}. Best is trial 756 with value: 2.012228641160978.
[I 2026-05-02 23:10:04,933] Trial 1138 finished with value: 2.3149602908809954 and parameters: {'f_n': 1.893468032262031e-07, 'K_d': 109992.44735658962, 'rho_d': 60473076110253.36, 'fission_rate': 4.6552049520571834e+19, 'Dg_D1_scale': 0.30959409289293793, 'Dg_D3_scale': 2.331348034109334, 'Dv_D1_scale': 0.34003699275118626, 'Dv_D2_scale': 3.554948935715393, 'b_bulk_scale': 0.34375789291513353, 'b_dislocation_scale': 0.09133841668779838, 'gb_scale': 3.8092362525765444, 'gd_bubble_scale': 0.12298077375340571, 'gd_line_scale': 0.8710662671743339, 'gd_line_alpha': 0.596796924141883, 'coalescence_d_scale': 0.48186978751751114, 'capture_scale': 0.06058931848073689}. Best is trial 756 with value: 2.012228641160978.
[I 2026-05-02 23:10:11,005] Trial 1139 finished with value: 3.15185699216784 and parameters: {'f_n': 1.5975974548452092e-07, 'K_d': 116193.70600905092, 'rho_d': 63729950589653.695, 'fission_rate': 4.809873120743194e+19, 'Dg_D1_scale': 0.28563366644327215, 'Dg_D3_scale': 2.124806026836578, 'Dv_D1_scale': 0.31604753500580857, 'Dv_D2_scale': 3.7579648112456567, 'b_bulk_scale': 0.2920553623455724, 'b_dislocation_scale': 0.10132295281117631, 'gb_scale': 2.8284864905677756, 'gd_bubble_scale': 0.146036364463118, 'gd_line_scale': 1.4012620338890067, 'gd_line_alpha': 0.624848861024655, 'coalescence_d_scale': 0.34662346353394824, 'capture_scale': 0.06862960874924964}. Best is trial 756 with value: 2.012228641160978.
[I 2026-05-02 23:10:17,402] Trial 1140 finished with value: 2.1726581794896744 and parameters: {'f_n': 3.3975352786872074e-07, 'K_d': 105468.47104619777, 'rho_d': 75034319547381.9, 'fission_rate': 4.519638699402061e+19, 'Dg_D1_scale': 0.32664683322406274, 'Dg_D3_scale': 1.97129511281474, 'Dv_D1_scale': 0.2833211934274079, 'Dv_D2_scale': 3.99433793017475, 'b_bulk_scale': 0.37239533858297963, 'b_dislocation_scale': 0.08000047487940867, 'gb_scale': 3.0023130911110902, 'gd_bubble_scale': 0.113453782115608, 'gd_line_scale': 0.588544684057501, 'gd_line_alpha': 0.5795374275554603, 'coalescence_d_scale': 0.4277623913438401, 'capture_scale': 0.08470366558090253}. Best is trial 756 with value: 2.012228641160978.Best trial: 756. Best value: 2.01223:  76%|███████▌  | 1140/1500 [1:32:37<36:04,  6.01s/it]Best trial: 756. Best value: 2.01223:  76%|███████▌  | 1140/1500 [1:32:37<36:04,  6.01s/it]Best trial: 756. Best value: 2.01223:  76%|███████▌  | 1141/1500 [1:32:37<36:40,  6.13s/it]                                                                                           Best trial: 756. Best value: 2.01223:  76%|███████▌  | 1141/1500 [1:32:43<36:40,  6.13s/it]Best trial: 756. Best value: 2.01223:  76%|███████▌  | 1141/1500 [1:32:42<36:40,  6.13s/it]Best trial: 756. Best value: 2.01223:  76%|███████▌  | 1142/1500 [1:32:42<33:43,  5.65s/it]                                                                                           Best trial: 756. Best value: 2.01223:  76%|███████▌  | 1142/1500 [1:32:48<33:43,  5.65s/it]Best trial: 756. Best value: 2.01223:  76%|███████▌  | 1142/1500 [1:32:48<33:43,  5.65s/it]Best trial: 756. Best value: 2.01223:  76%|███████▌  | 1143/1500 [1:32:48<34:48,  5.85s/it]                                                                                           Best trial: 756. Best value: 2.01223:  76%|███████▌  | 1143/1500 [1:32:54<34:48,  5.85s/it]Best trial: 756. Best value: 2.01223:  76%|███████▌  | 1143/1500 [1:32:54<34:48,  5.85s/it]Best trial: 756. Best value: 2.01223:  76%|███████▋  | 1144/1500 [1:32:54<35:44,  6.02s/it]                                                                                           Best trial: 756. Best value: 2.01223:  76%|███████▋  | 1144/1500 [1:33:00<35:44,  6.02s/it]Best trial: 756. Best value: 2.01223:  76%|███████▋  | 1144/1500 [1:33:00<35:44,  6.02s/it]Best trial: 756. Best value: 2.01223:  76%|███████▋  | 1145/1500 [1:33:00<35:51,  6.06s/it]                                                                                           Best trial: 756. Best value: 2.01223:  76%|███████▋  | 1145/1500 [1:33:06<35:51,  6.06s/it]Best trial: 756. Best value: 2.01223:  76%|███████▋  | 1145/1500 [1:33:06<35:51,  6.06s/it]Best trial: 756. Best value: 2.01223:  76%|███████▋  | 1146/1500 [1:33:06<35:44,  6.06s/it]                                                                                           Best trial: 756. Best value: 2.01223:  76%|███████▋  | 1146/1500 [1:33:12<35:44,  6.06s/it]Best trial: 756. Best value: 2.01223:  76%|███████▋  | 1146/1500 [1:33:13<35:44,  6.06s/it]Best trial: 756. Best value: 2.01223:  76%|███████▋  | 1147/1500 [1:33:13<35:45,  6.08s/it]                                                                                           Best trial: 756. Best value: 2.01223:  76%|███████▋  | 1147/1500 [1:33:17<35:45,  6.08s/it]Best trial: 756. Best value: 2.01223:  76%|███████▋  | 1147/1500 [1:33:17<35:45,  6.08s/it]Best trial: 756. Best value: 2.01223:  77%|███████▋  | 1148/1500 [1:33:17<33:08,  5.65s/it]                                                                                           Best trial: 756. Best value: 2.01223:  77%|███████▋  | 1148/1500 [1:33:21<33:08,  5.65s/it]Best trial: 756. Best value: 2.01223:  77%|███████▋  | 1148/1500 [1:33:21<33:08,  5.65s/it]Best trial: 756. Best value: 2.01223:  77%|███████▋  | 1149/1500 [1:33:21<30:04,  5.14s/it]                                                                                           Best trial: 756. Best value: 2.01223:  77%|███████▋  | 1149/1500 [1:33:27<30:04,  5.14s/it]Best trial: 756. Best value: 2.01223:  77%|███████▋  | 1149/1500 [1:33:27<30:04,  5.14s/it]Best trial: 756. Best value: 2.01223:  77%|███████▋  | 1150/1500 [1:33:27<31:39,  5.43s/it]                                                                                           Best trial: 756. Best value: 2.01223:  77%|███████▋  | 1150/1500 [1:33:33<31:39,  5.43s/it]Best trial: 756. Best value: 2.01223:  77%|███████▋  | 1150/1500 [1:33:33<31:39,  5.43s/it]Best trial: 756. Best value: 2.01223:  77%|███████▋  | 1151/1500 [1:33:33<32:37,  5.61s/it]                                                                                           Best trial: 756. Best value: 2.01223:  77%|███████▋  | 1151/1500 [1:33:39<32:37,  5.61s/it]Best trial: 756. Best value: 2.01223:  77%|███████▋  | 1151/1500 [1:33:39<32:37,  5.61s/it]Best trial: 756. Best value: 2.01223:  77%|███████▋  | 1152/1500 [1:33:39<33:29,  5.77s/it]                                                                                           
[I 2026-05-02 23:10:23,559] Trial 1141 finished with value: 2.336350210757218 and parameters: {'f_n': 1.3084142605362842e-07, 'K_d': 110827.74602544919, 'rho_d': 59656530989985.23, 'fission_rate': 4.733402456165617e+19, 'Dg_D1_scale': 0.21352586341563684, 'Dg_D3_scale': 2.345192007511975, 'Dv_D1_scale': 1.1171480827507756, 'Dv_D2_scale': 3.442115044263617, 'b_bulk_scale': 0.4016969319257334, 'b_dislocation_scale': 0.08665901547273411, 'gb_scale': 3.236590562220865, 'gd_bubble_scale': 0.12764745653575635, 'gd_line_scale': 0.5320876132486122, 'gd_line_alpha': 0.6674057796639135, 'coalescence_d_scale': 0.40001679081139896, 'capture_scale': 0.05263836229365642}. Best is trial 756 with value: 2.012228641160978.
[I 2026-05-02 23:10:28,257] Trial 1142 finished with value: 2.042340886955127 and parameters: {'f_n': 3.222771438714593e-07, 'K_d': 106035.27178168356, 'rho_d': 67018410595493.695, 'fission_rate': 4.634354276656727e+19, 'Dg_D1_scale': 0.25985210232308226, 'Dg_D3_scale': 2.012154829936871, 'Dv_D1_scale': 0.3258020116385277, 'Dv_D2_scale': 3.618196715503677, 'b_bulk_scale': 0.3470723929170562, 'b_dislocation_scale': 0.10679180790022672, 'gb_scale': 4.083730348175086, 'gd_bubble_scale': 0.1041875419009855, 'gd_line_scale': 0.7246274473395125, 'gd_line_alpha': 0.6320545782939324, 'coalescence_d_scale': 0.4819402695715123, 'capture_scale': 0.07354333312336553}. Best is trial 756 with value: 2.012228641160978.
[I 2026-05-02 23:10:34,684] Trial 1143 finished with value: 4.157348521205331 and parameters: {'f_n': 2.008973447517077e-07, 'K_d': 100048.61903773088, 'rho_d': 7950621322746.555, 'fission_rate': 4.551017865814093e+19, 'Dg_D1_scale': 0.32398463439541075, 'Dg_D3_scale': 2.491295044026746, 'Dv_D1_scale': 0.2976845474473762, 'Dv_D2_scale': 3.7901647215417715, 'b_bulk_scale': 0.39663600566274837, 'b_dislocation_scale': 0.09043310093758246, 'gb_scale': 3.4950105073055844, 'gd_bubble_scale': 0.14553866562346637, 'gd_line_scale': 0.6292684878606225, 'gd_line_alpha': 0.6042202765678417, 'coalescence_d_scale': 0.3685909924584989, 'capture_scale': 0.09516095919864721}. Best is trial 756 with value: 2.012228641160978.
[I 2026-05-02 23:10:40,834] Trial 1144 finished with value: 2.024332927553833 and parameters: {'f_n': 2.548774924403215e-07, 'K_d': 115573.82063954804, 'rho_d': 63384168851737.695, 'fission_rate': 4.811178301233483e+19, 'Dg_D1_scale': 0.26595546379471124, 'Dg_D3_scale': 2.20613423139331, 'Dv_D1_scale': 0.3361387932689717, 'Dv_D2_scale': 3.9902326582015086, 'b_bulk_scale': 0.32223469659186155, 'b_dislocation_scale': 0.077187938944551, 'gb_scale': 3.212956006879819, 'gd_bubble_scale': 0.11385140369554128, 'gd_line_scale': 0.5209734341243671, 'gd_line_alpha': 0.5720123156804767, 'coalescence_d_scale': 0.4418431916710874, 'capture_scale': 0.07505070490919723}. Best is trial 756 with value: 2.012228641160978.
[I 2026-05-02 23:10:46,887] Trial 1145 finished with value: 2.0421974791303326 and parameters: {'f_n': 2.302574935104791e-07, 'K_d': 118953.78394303349, 'rho_d': 59889643784231.38, 'fission_rate': 4.8575822071417545e+19, 'Dg_D1_scale': 0.2933745661882982, 'Dg_D3_scale': 2.0764569122681134, 'Dv_D1_scale': 0.3452121101166528, 'Dv_D2_scale': 3.9874238277424685, 'b_bulk_scale': 0.28572196671367905, 'b_dislocation_scale': 0.0752985340960949, 'gb_scale': 2.796855052238005, 'gd_bubble_scale': 0.12830368968970718, 'gd_line_scale': 0.4993178627587907, 'gd_line_alpha': 0.5860443502233843, 'coalescence_d_scale': 0.47487494064116237, 'capture_scale': 0.06256346362414614}. Best is trial 756 with value: 2.012228641160978.
[I 2026-05-02 23:10:53,006] Trial 1146 finished with value: 2.3320788316135994 and parameters: {'f_n': 1.803953466705684e-07, 'K_d': 413568.19585052214, 'rho_d': 63031903006260.695, 'fission_rate': 4.813833444633591e+19, 'Dg_D1_scale': 0.2806502923539351, 'Dg_D3_scale': 2.2278220590143203, 'Dv_D1_scale': 0.3446929422297854, 'Dv_D2_scale': 3.9858618941213737, 'b_bulk_scale': 0.32202326261590397, 'b_dislocation_scale': 0.07970219009323692, 'gb_scale': 3.0345838448498506, 'gd_bubble_scale': 0.14411180303699267, 'gd_line_scale': 0.5193596264716467, 'gd_line_alpha': 0.5469815784182199, 'coalescence_d_scale': 0.5113625759066324, 'capture_scale': 0.0865232644880596}. Best is trial 756 with value: 2.012228641160978.
[I 2026-05-02 23:10:57,626] Trial 1147 finished with value: 2.0262038256067663 and parameters: {'f_n': 1.5609436576847987e-07, 'K_d': 116640.53647899252, 'rho_d': 60107012902680.51, 'fission_rate': 4.692017313679297e+19, 'Dg_D1_scale': 0.2417481309213377, 'Dg_D3_scale': 2.474968183715888, 'Dv_D1_scale': 0.3501415735179329, 'Dv_D2_scale': 3.7390303099781312, 'b_bulk_scale': 0.3057558220976441, 'b_dislocation_scale': 0.07919740903334141, 'gb_scale': 2.998142833833399, 'gd_bubble_scale': 0.11651526714491649, 'gd_line_scale': 0.5257151295811824, 'gd_line_alpha': 0.5281872483821217, 'coalescence_d_scale': 0.4383625259568234, 'capture_scale': 0.09815180846865343}. Best is trial 756 with value: 2.012228641160978.
[I 2026-05-02 23:11:01,617] Trial 1148 finished with value: 4.38253396554794 and parameters: {'f_n': 8.789130081044941e-08, 'K_d': 116853.7685464626, 'rho_d': 58153494115943.84, 'fission_rate': 4.822476048049825e+19, 'Dg_D1_scale': 0.22316323137432548, 'Dg_D3_scale': 2.5194288443701076, 'Dv_D1_scale': 0.35146346753688223, 'Dv_D2_scale': 3.9945151836579447, 'b_bulk_scale': 0.31284127901000847, 'b_dislocation_scale': 1.7125447948009926, 'gb_scale': 2.708083047459287, 'gd_bubble_scale': 0.11847218621663104, 'gd_line_scale': 0.5087880995542736, 'gd_line_alpha': 0.5594877654981281, 'coalescence_d_scale': 0.508469323131771, 'capture_scale': 0.09535435223796913}. Best is trial 756 with value: 2.012228641160978.
[I 2026-05-02 23:11:07,711] Trial 1149 finished with value: 2.041614312625856 and parameters: {'f_n': 1.655747525614233e-07, 'K_d': 118520.54134525274, 'rho_d': 59635746026636.62, 'fission_rate': 4.778161863618346e+19, 'Dg_D1_scale': 0.23589775472119515, 'Dg_D3_scale': 2.385884402854156, 'Dv_D1_scale': 0.3502291836200878, 'Dv_D2_scale': 3.806923652624946, 'b_bulk_scale': 0.3048648516259139, 'b_dislocation_scale': 0.07731606403722747, 'gb_scale': 2.8997643288576667, 'gd_bubble_scale': 0.13233668854217404, 'gd_line_scale': 0.47701534597086925, 'gd_line_alpha': 0.539092805845839, 'coalescence_d_scale': 0.4585397039376687, 'capture_scale': 0.09920264954180763}. Best is trial 756 with value: 2.012228641160978.
[I 2026-05-02 23:11:13,738] Trial 1150 finished with value: 2.1615276699498778 and parameters: {'f_n': 1.3154619353428924e-07, 'K_d': 117740.15316650517, 'rho_d': 61488283615473.53, 'fission_rate': 4.852875501683951e+19, 'Dg_D1_scale': 0.2378010583437528, 'Dg_D3_scale': 0.6119376765756315, 'Dv_D1_scale': 0.7888972829092598, 'Dv_D2_scale': 3.7866737014313534, 'b_bulk_scale': 0.29161373889283293, 'b_dislocation_scale': 0.07640716358018526, 'gb_scale': 2.7888898470618986, 'gd_bubble_scale': 0.13396592062427462, 'gd_line_scale': 0.529167574082439, 'gd_line_alpha': 0.5163662593162814, 'coalescence_d_scale': 0.45972683427454786, 'capture_scale': 0.09810668023111067}. Best is trial 756 with value: 2.012228641160978.
[I 2026-05-02 23:11:19,899] Trial 1151 finished with value: 3.200296843593995 and parameters: {'f_n': 1.5324778894210374e-07, 'K_d': 114377.42255150591, 'rho_d': 58863692193042.64, 'fission_rate': 4.75631140657927e+19, 'Dg_D1_scale': 0.24832526850070477, 'Dg_D3_scale': 2.504530451109634, 'Dv_D1_scale': 0.35063854669769506, 'Dv_D2_scale': 3.766389031809073, 'b_bulk_scale': 0.33250259241274605, 'b_dislocation_scale': 0.07534756849712335, 'gb_scale': 3.1389332336488356, 'gd_bubble_scale': 0.11776443579145236, 'gd_line_scale': 1.1303884561411226, 'gd_line_alpha': 0.5409901108800539, 'coalescence_d_scale': 0.5072253677452822, 'capture_scale': 0.08426250262146472}. Best is trial 756 with value: 2.012228641160978.
