[I 2026-05-02 22:45:21,446] Trial 882 finished with value: 2.8991640064216866 and parameters: {'f_n': 7.211940653466013e-07, 'K_d': 126412.50281653575, 'rho_d': 60891457119570.41, 'fission_rate': 4.65546057563633e+19, 'Dg_D1_scale': 0.42268590792164995, 'Dg_D3_scale': 2.733733198369708, 'Dv_D1_scale': 0.37291510967759345, 'Dv_D2_scale': 3.7646274747121717, 'b_bulk_scale': 0.5708437931920791, 'b_dislocation_scale': 0.08207242689282661, 'gb_scale': 3.188689697298678, 'gd_bubble_scale': 3.9592821836926078, 'gd_line_scale': 0.7700768507430533, 'gd_line_alpha': 0.9959659258725712, 'coalescence_d_scale': 0.5715691096860135, 'capture_scale': 0.16204684511671372}. Best is trial 756 with value: 2.012228641160978.
[I 2026-05-02 22:45:27,771] Trial 883 finished with value: 3.023034422037892 and parameters: {'f_n': 5.952204043901952e-07, 'K_d': 131398.61339325988, 'rho_d': 65937210805173.75, 'fission_rate': 4.560117103711214e+19, 'Dg_D1_scale': 0.4599436710052285, 'Dg_D3_scale': 2.5348568868276744, 'Dv_D1_scale': 0.395970352634868, 'Dv_D2_scale': 3.431023168420265, 'b_bulk_scale': 0.525871023413313, 'b_dislocation_scale': 0.0401252582414424, 'gb_scale': 3.943874379221671, 'gd_bubble_scale': 0.3606907548230964, 'gd_line_scale': 0.6669518921176967, 'gd_line_alpha': 0.9802416411279441, 'coalescence_d_scale': 0.44318526931223173, 'capture_scale': 0.13428468607123026}. Best is trial 756 with value: 2.012228641160978.
[I 2026-05-02 22:45:33,801] Trial 884 finished with value: 2.395254477181964 and parameters: {'f_n': 8.807535253934423e-07, 'K_d': 118279.66724582182, 'rho_d': 57819752298367.29, 'fission_rate': 4.828038229584444e+19, 'Dg_D1_scale': 0.3854712579546978, 'Dg_D3_scale': 2.843784779133397, 'Dv_D1_scale': 0.34405504778590884, 'Dv_D2_scale': 1.0541794599114909, 'b_bulk_scale': 0.6338149658853727, 'b_dislocation_scale': 0.07941863019458939, 'gb_scale': 2.7461376550416343, 'gd_bubble_scale': 0.42403253098256644, 'gd_line_scale': 0.7262304638826423, 'gd_line_alpha': 0.9987906061927838, 'coalescence_d_scale': 0.47812448519006256, 'capture_scale': 0.2119773071070125}. Best is trial 756 with value: 2.012228641160978.
[I 2026-05-02 22:45:40,005] Trial 885 finished with value: 2.055042898033456 and parameters: {'f_n': 5.096705291249628e-07, 'K_d': 141795.1026246406, 'rho_d': 64387771179438.09, 'fission_rate': 4.688933406786994e+19, 'Dg_D1_scale': 0.4092465099704551, 'Dg_D3_scale': 2.63575820661944, 'Dv_D1_scale': 0.3317714871372351, 'Dv_D2_scale': 3.564978831523289, 'b_bulk_scale': 0.48462984439338125, 'b_dislocation_scale': 0.08820152149872679, 'gb_scale': 3.5838288379946897, 'gd_bubble_scale': 0.33488528413512963, 'gd_line_scale': 0.641176286491133, 'gd_line_alpha': 0.9712893779817219, 'coalescence_d_scale': 0.5263690923235702, 'capture_scale': 0.10984911768043247}. Best is trial 756 with value: 2.012228641160978.
[I 2026-05-02 22:45:46,226] Trial 886 finished with value: 2.097853099897798 and parameters: {'f_n': 5.695258636192548e-07, 'K_d': 121043.1941687583, 'rho_d': 56518522747466.24, 'fission_rate': 4.719388043842129e+19, 'Dg_D1_scale': 0.36224948385536077, 'Dg_D3_scale': 2.3591775488085838, 'Dv_D1_scale': 0.3257926700594359, 'Dv_D2_scale': 3.3386210643707854, 'b_bulk_scale': 0.466486350804627, 'b_dislocation_scale': 0.08971293640059742, 'gb_scale': 3.711133699244602, 'gd_bubble_scale': 0.3998370970575914, 'gd_line_scale': 0.6170319733881807, 'gd_line_alpha': 0.9614095545606718, 'coalescence_d_scale': 0.5096135238682956, 'capture_scale': 0.10334408418150698}. Best is trial 756 with value: 2.012228641160978.
[I 2026-05-02 22:45:52,440] Trial 887 finished with value: 2.456638676633836 and parameters: {'f_n': 3.992725748043717e-07, 'K_d': 127751.27486731339, 'rho_d': 68058132685696.97, 'fission_rate': 4.6346509520677356e+19, 'Dg_D1_scale': 0.40910065278719937, 'Dg_D3_scale': 2.877997317458885, 'Dv_D1_scale': 0.33666755504327883, 'Dv_D2_scale': 3.5732714410315056, 'b_bulk_scale': 0.5437594181209311, 'b_dislocation_scale': 0.08106375625736353, 'gb_scale': 4.151204432234466, 'gd_bubble_scale': 0.34093757107524786, 'gd_line_scale': 0.7358781706859622, 'gd_line_alpha': 0.9517252656338652, 'coalescence_d_scale': 0.4519502175545565, 'capture_scale': 0.07665090633084913}. Best is trial 756 with value: 2.012228641160978.
[I 2026-05-02 22:45:56,882] Trial 888 finished with value: 2.030511238264252 and parameters: {'f_n': 5.799284666001255e-07, 'K_d': 110579.91426279188, 'rho_d': 60916448330515.71, 'fission_rate': 4.8028537300526e+19, 'Dg_D1_scale': 0.4039012447769732, 'Dg_D3_scale': 2.5313362164021114, 'Dv_D1_scale': 0.32327387462837565, 'Dv_D2_scale': 3.4097602542889125, 'b_bulk_scale': 0.47894482815622996, 'b_dislocation_scale': 0.09096283368384012, 'gb_scale': 3.4378311456378494, 'gd_bubble_scale': 0.3765270339179241, 'gd_line_scale': 0.6283187813391624, 'gd_line_alpha': 0.9680557245664141, 'coalescence_d_scale': 0.503967851307713, 'capture_scale': 0.11481886138863813}. Best is trial 756 with value: 2.012228641160978.Best trial: 756. Best value: 2.01223:  59%|█████▉    | 888/1500 [1:08:16<1:01:57,  6.07s/it]Best trial: 756. Best value: 2.01223:  59%|█████▉    | 888/1500 [1:08:16<1:01:57,  6.07s/it]Best trial: 756. Best value: 2.01223:  59%|█████▉    | 889/1500 [1:08:16<56:52,  5.59s/it]                                                                                            Best trial: 756. Best value: 2.01223:  59%|█████▉    | 889/1500 [1:08:22<56:52,  5.59s/it]Best trial: 756. Best value: 2.01223:  59%|█████▉    | 889/1500 [1:08:22<56:52,  5.59s/it]Best trial: 756. Best value: 2.01223:  59%|█████▉    | 890/1500 [1:08:22<58:09,  5.72s/it]                                                                                          Best trial: 756. Best value: 2.01223:  59%|█████▉    | 890/1500 [1:08:28<58:09,  5.72s/it]Best trial: 756. Best value: 2.01223:  59%|█████▉    | 890/1500 [1:08:29<58:09,  5.72s/it]Best trial: 756. Best value: 2.01223:  59%|█████▉    | 891/1500 [1:08:29<59:05,  5.82s/it]                                                                                          Best trial: 756. Best value: 2.01223:  59%|█████▉    | 891/1500 [1:08:34<59:05,  5.82s/it]Best trial: 756. Best value: 2.01223:  59%|█████▉    | 891/1500 [1:08:34<59:05,  5.82s/it]Best trial: 756. Best value: 2.01223:  59%|█████▉    | 892/1500 [1:08:34<58:57,  5.82s/it]                                                                                          Best trial: 756. Best value: 2.01223:  59%|█████▉    | 892/1500 [1:08:40<58:57,  5.82s/it]Best trial: 756. Best value: 2.01223:  59%|█████▉    | 892/1500 [1:08:40<58:57,  5.82s/it]Best trial: 756. Best value: 2.01223:  60%|█████▉    | 893/1500 [1:08:40<58:52,  5.82s/it]                                                                                          Best trial: 756. Best value: 2.01223:  60%|█████▉    | 893/1500 [1:08:44<58:52,  5.82s/it]Best trial: 756. Best value: 2.01223:  60%|█████▉    | 893/1500 [1:08:44<58:52,  5.82s/it]Best trial: 756. Best value: 2.01223:  60%|█████▉    | 894/1500 [1:08:44<54:12,  5.37s/it]                                                                                          Best trial: 756. Best value: 2.01223:  60%|█████▉    | 894/1500 [1:08:50<54:12,  5.37s/it]Best trial: 756. Best value: 2.01223:  60%|█████▉    | 894/1500 [1:08:50<54:12,  5.37s/it]Best trial: 756. Best value: 2.01223:  60%|█████▉    | 895/1500 [1:08:50<55:29,  5.50s/it]                                                                                          Best trial: 756. Best value: 2.01223:  60%|█████▉    | 895/1500 [1:08:56<55:29,  5.50s/it]Best trial: 756. Best value: 2.01223:  60%|█████▉    | 895/1500 [1:08:56<55:29,  5.50s/it]Best trial: 756. Best value: 2.01223:  60%|█████▉    | 896/1500 [1:08:56<56:37,  5.63s/it]                                                                                          Best trial: 756. Best value: 2.01223:  60%|█████▉    | 896/1500 [1:09:02<56:37,  5.63s/it]Best trial: 756. Best value: 2.01223:  60%|█████▉    | 896/1500 [1:09:02<56:37,  5.63s/it]Best trial: 756. Best value: 2.01223:  60%|█████▉    | 897/1500 [1:09:02<56:57,  5.67s/it]                                                                                          Best trial: 756. Best value: 2.01223:  60%|█████▉    | 897/1500 [1:09:08<56:57,  5.67s/it]Best trial: 756. Best value: 2.01223:  60%|█████▉    | 897/1500 [1:09:08<56:57,  5.67s/it]Best trial: 756. Best value: 2.01223:  60%|█████▉    | 898/1500 [1:09:08<57:36,  5.74s/it]                                                                                          Best trial: 756. Best value: 2.01223:  60%|█████▉    | 898/1500 [1:09:14<57:36,  5.74s/it]Best trial: 756. Best value: 2.01223:  60%|█████▉    | 898/1500 [1:09:14<57:36,  5.74s/it]Best trial: 756. Best value: 2.01223:  60%|█████▉    | 899/1500 [1:09:14<57:26,  5.73s/it]                                                                                          Best trial: 756. Best value: 2.01223:  60%|█████▉    | 899/1500 [1:09:18<57:26,  5.73s/it]Best trial: 756. Best value: 2.01223:  60%|█████▉    | 899/1500 [1:09:18<57:26,  5.73s/it]Best trial: 756. Best value: 2.01223:  60%|██████    | 900/1500 [1:09:18<53:36,  5.36s/it]                                                                                          
[I 2026-05-02 22:46:02,919] Trial 889 finished with value: 2.038852336863999 and parameters: {'f_n': 4.1668068508812345e-07, 'K_d': 106736.01357374502, 'rho_d': 61448384503106.445, 'fission_rate': 4.795108107308188e+19, 'Dg_D1_scale': 0.3641829482405658, 'Dg_D3_scale': 2.693918749908687, 'Dv_D1_scale': 0.3397933395235511, 'Dv_D2_scale': 3.5295168159180617, 'b_bulk_scale': 0.46762789726267057, 'b_dislocation_scale': 0.09621178847567265, 'gb_scale': 3.397141278120702, 'gd_bubble_scale': 0.36113640822372933, 'gd_line_scale': 0.6122760053302283, 'gd_line_alpha': 0.9707079284928467, 'coalescence_d_scale': 0.5301495405406066, 'capture_scale': 0.09194406066173169}. Best is trial 756 with value: 2.012228641160978.
[I 2026-05-02 22:46:08,982] Trial 890 finished with value: 2.0469892515145065 and parameters: {'f_n': 5.285796869803522e-07, 'K_d': 104907.68930204396, 'rho_d': 61780358328759.74, 'fission_rate': 4.811876931623012e+19, 'Dg_D1_scale': 0.38265583705038536, 'Dg_D3_scale': 2.4406093812813343, 'Dv_D1_scale': 0.33520884388577243, 'Dv_D2_scale': 3.403582074328359, 'b_bulk_scale': 0.43819067011194673, 'b_dislocation_scale': 0.09302146107936642, 'gb_scale': 3.3697535672963577, 'gd_bubble_scale': 0.33112035417185326, 'gd_line_scale': 0.6199183462691698, 'gd_line_alpha': 0.9757809019629909, 'coalescence_d_scale': 0.544408878558115, 'capture_scale': 0.1275503447517318}. Best is trial 756 with value: 2.012228641160978.
[I 2026-05-02 22:46:14,789] Trial 891 finished with value: 2.050347147967792 and parameters: {'f_n': 4.2652046278287435e-07, 'K_d': 103925.15433372573, 'rho_d': 60140982996167.51, 'fission_rate': 5.021795655488924e+19, 'Dg_D1_scale': 0.37176308487478843, 'Dg_D3_scale': 2.2949543953264846, 'Dv_D1_scale': 0.3244576665649214, 'Dv_D2_scale': 3.399246073482363, 'b_bulk_scale': 0.42719443498833476, 'b_dislocation_scale': 0.09223742228835903, 'gb_scale': 3.412731484678411, 'gd_bubble_scale': 0.3518410281566292, 'gd_line_scale': 0.6408665031078543, 'gd_line_alpha': 0.9773927963673024, 'coalescence_d_scale': 0.5525088977407007, 'capture_scale': 0.09581046874705196}. Best is trial 756 with value: 2.012228641160978.
[I 2026-05-02 22:46:20,612] Trial 892 finished with value: 2.057434312411621 and parameters: {'f_n': 5.126060830178629e-07, 'K_d': 100949.12064346674, 'rho_d': 61560688846084.01, 'fission_rate': 5.032683053257895e+19, 'Dg_D1_scale': 0.37054570907313683, 'Dg_D3_scale': 2.101335062716825, 'Dv_D1_scale': 0.3295491282540576, 'Dv_D2_scale': 3.3397505914897585, 'b_bulk_scale': 0.4431921563370173, 'b_dislocation_scale': 0.09339933700636718, 'gb_scale': 3.3515295929608935, 'gd_bubble_scale': 0.35108084340604007, 'gd_line_scale': 0.6510141001626591, 'gd_line_alpha': 0.9995853833629951, 'coalescence_d_scale': 0.5587163395464751, 'capture_scale': 0.08203016562192568}. Best is trial 756 with value: 2.012228641160978.
[I 2026-05-02 22:46:24,924] Trial 893 finished with value: 2.055715427000925 and parameters: {'f_n': 4.928049195285355e-07, 'K_d': 100243.04285604926, 'rho_d': 60332089880139.92, 'fission_rate': 5.0031938226148295e+19, 'Dg_D1_scale': 0.3590479621959157, 'Dg_D3_scale': 2.1996338740277537, 'Dv_D1_scale': 0.32413684288854333, 'Dv_D2_scale': 3.313029340882623, 'b_bulk_scale': 0.4520592096457812, 'b_dislocation_scale': 0.09343817716944475, 'gb_scale': 3.36810113368771, 'gd_bubble_scale': 0.33388793239749237, 'gd_line_scale': 0.6429480385581293, 'gd_line_alpha': 0.9825017572659206, 'coalescence_d_scale': 0.5442003316637344, 'capture_scale': 0.08208924802196821}. Best is trial 756 with value: 2.012228641160978.
[I 2026-05-02 22:46:30,744] Trial 894 finished with value: 2.094684286197797 and parameters: {'f_n': 3.5634872957487785e-07, 'K_d': 100482.7089894468, 'rho_d': 62158139792540.266, 'fission_rate': 5.043496743459743e+19, 'Dg_D1_scale': 0.362576423343702, 'Dg_D3_scale': 2.128075266951767, 'Dv_D1_scale': 0.31783470714669526, 'Dv_D2_scale': 3.332526410136981, 'b_bulk_scale': 0.44597938513876695, 'b_dislocation_scale': 0.0900778678348391, 'gb_scale': 3.349624657257882, 'gd_bubble_scale': 0.32790400861270114, 'gd_line_scale': 0.6674180812927735, 'gd_line_alpha': 0.995239504457326, 'coalescence_d_scale': 0.5232218706833182, 'capture_scale': 0.0730474787381889}. Best is trial 756 with value: 2.012228641160978.
[I 2026-05-02 22:46:36,656] Trial 895 finished with value: 2.066094918117322 and parameters: {'f_n': 4.360538959163894e-07, 'K_d': 104043.28341843272, 'rho_d': 60008248981806.0, 'fission_rate': 4.909824738822225e+19, 'Dg_D1_scale': 0.36466258497302706, 'Dg_D3_scale': 2.1820489520261295, 'Dv_D1_scale': 0.353225149569885, 'Dv_D2_scale': 3.372928330442571, 'b_bulk_scale': 0.43942208302342284, 'b_dislocation_scale': 0.09301381874889393, 'gb_scale': 3.4635692481481857, 'gd_bubble_scale': 0.3392590988427123, 'gd_line_scale': 0.6673040839314732, 'gd_line_alpha': 0.9738539168135834, 'coalescence_d_scale': 0.5613560436751736, 'capture_scale': 0.09975578564208754}. Best is trial 756 with value: 2.012228641160978.
[I 2026-05-02 22:46:42,424] Trial 896 finished with value: 2.0752245694189386 and parameters: {'f_n': 3.516424701205789e-07, 'K_d': 101756.63938017118, 'rho_d': 59987904977542.484, 'fission_rate': 5.060885413596558e+19, 'Dg_D1_scale': 0.3788005033922575, 'Dg_D3_scale': 2.076788846338929, 'Dv_D1_scale': 0.32098280831729625, 'Dv_D2_scale': 3.356668363571689, 'b_bulk_scale': 0.48713559090497904, 'b_dislocation_scale': 0.08982565849520872, 'gb_scale': 3.4458390160315155, 'gd_bubble_scale': 0.3547076773294702, 'gd_line_scale': 0.6278654350772539, 'gd_line_alpha': 0.9976680462414038, 'coalescence_d_scale': 0.5475960125945373, 'capture_scale': 0.0892663511150555}. Best is trial 756 with value: 2.012228641160978.
[I 2026-05-02 22:46:48,334] Trial 897 finished with value: 2.2564619361484617 and parameters: {'f_n': 4.534927729158758e-07, 'K_d': 100174.59375564281, 'rho_d': 64609849367815.6, 'fission_rate': 4.946195070843218e+19, 'Dg_D1_scale': 0.36463504453821843, 'Dg_D3_scale': 2.1940036925941513, 'Dv_D1_scale': 0.32846705389287484, 'Dv_D2_scale': 3.3635253466096984, 'b_bulk_scale': 0.42866562195199714, 'b_dislocation_scale': 0.09544732210341862, 'gb_scale': 3.2444924416087946, 'gd_bubble_scale': 0.34189341517291527, 'gd_line_scale': 0.8273549041690553, 'gd_line_alpha': 0.9781707688394875, 'coalescence_d_scale': 0.5258297323425997, 'capture_scale': 0.08916711258773073}. Best is trial 756 with value: 2.012228641160978.
[I 2026-05-02 22:46:54,054] Trial 898 finished with value: 2.218203694375563 and parameters: {'f_n': 2.887641418150303e-07, 'K_d': 105918.26689691382, 'rho_d': 58732290923144.83, 'fission_rate': 5.161119997105161e+19, 'Dg_D1_scale': 0.3839263037031234, 'Dg_D3_scale': 2.2445091774012846, 'Dv_D1_scale': 0.3225282213863227, 'Dv_D2_scale': 3.4791165162123385, 'b_bulk_scale': 0.4759413674960002, 'b_dislocation_scale': 0.09613850996661293, 'gb_scale': 3.21953939932292, 'gd_bubble_scale': 0.3256437078918359, 'gd_line_scale': 0.7665176774097668, 'gd_line_alpha': 0.9790527929266504, 'coalescence_d_scale': 0.5528331824132403, 'capture_scale': 0.07967672668778682}. Best is trial 756 with value: 2.012228641160978.
[I 2026-05-02 22:46:58,541] Trial 899 finished with value: 2.068251620271066 and parameters: {'f_n': 3.6920879005768063e-07, 'K_d': 105847.11130520835, 'rho_d': 61176185855812.21, 'fission_rate': 4.840424785757001e+19, 'Dg_D1_scale': 0.3545731308030329, 'Dg_D3_scale': 1.9478319683521033, 'Dv_D1_scale': 0.3282378947059802, 'Dv_D2_scale': 3.53823286786709, 'b_bulk_scale': 0.44488952454329894, 'b_dislocation_scale': 0.09971878972403204, 'gb_scale': 3.608209953348541, 'gd_bubble_scale': 0.37543885738675825, 'gd_line_scale': 0.5955356009104497, 'gd_line_alpha': 0.978943804716626, 'coalescence_d_scale': 0.5026019334028943, 'capture_scale': 0.11348833723970954}. Best is trial 756 with value: 2.012228641160978.
