[I 2026-05-02 22:03:35,724] Trial 378 finished with value: 2.130920943658641 and parameters: {'f_n': 1.9236950616731397e-06, 'K_d': 188477.62105258866, 'rho_d': 36638455077013.86, 'fission_rate': 6.875778720619929e+19, 'Dg_D1_scale': 1.9187272523954209, 'Dg_D3_scale': 3.225904016899711, 'Dv_D1_scale': 0.21070856134417162, 'Dv_D2_scale': 2.9364322950279194, 'b_bulk_scale': 0.13800425346278594, 'b_dislocation_scale': 0.2358313756650987, 'gb_scale': 7.993132939701362, 'gd_bubble_scale': 0.07081397525036917, 'gd_line_scale': 7.698377054413775, 'gd_line_alpha': 0.7818757251328923, 'coalescence_d_scale': 0.2616366793438507, 'capture_scale': 3.11547413586717}. Best is trial 316 with value: 2.112201451402938.
[I 2026-05-02 22:03:40,118] Trial 379 finished with value: 3.3546934548499774 and parameters: {'f_n': 1.630322765187855e-06, 'K_d': 189963.1728125868, 'rho_d': 37446231183242.516, 'fission_rate': 6.8600127282186535e+19, 'Dg_D1_scale': 1.9667769465796705, 'Dg_D3_scale': 3.2183159843004634, 'Dv_D1_scale': 0.23617733635384475, 'Dv_D2_scale': 2.896947303164255, 'b_bulk_scale': 1.4642552305079208, 'b_dislocation_scale': 0.23268324176301744, 'gb_scale': 7.953861268979803, 'gd_bubble_scale': 0.06777402123482644, 'gd_line_scale': 9.626562224301583, 'gd_line_alpha': 0.8252832138424683, 'coalescence_d_scale': 0.25695703971835254, 'capture_scale': 4.178255805049618}. Best is trial 316 with value: 2.112201451402938.
[I 2026-05-02 22:03:44,401] Trial 380 finished with value: 2.161570726659992 and parameters: {'f_n': 2.9272227163829533e-06, 'K_d': 188217.19578395458, 'rho_d': 40657637713187.09, 'fission_rate': 7.094802162772324e+19, 'Dg_D1_scale': 2.2254161102437395, 'Dg_D3_scale': 3.570245454560279, 'Dv_D1_scale': 0.21159458886160581, 'Dv_D2_scale': 2.423397716256515, 'b_bulk_scale': 0.13051159173974128, 'b_dislocation_scale': 0.20693482809399336, 'gb_scale': 7.9516032019229295, 'gd_bubble_scale': 0.05500329876356988, 'gd_line_scale': 8.2692700892018, 'gd_line_alpha': 0.799093196483171, 'coalescence_d_scale': 0.2975750274149363, 'capture_scale': 3.120458330605924}. Best is trial 316 with value: 2.112201451402938.
[I 2026-05-02 22:03:48,829] Trial 381 finished with value: 2.1258336851773367 and parameters: {'f_n': 2.990840169449302e-06, 'K_d': 211931.6726439591, 'rho_d': 35119330173632.234, 'fission_rate': 6.777788276593625e+19, 'Dg_D1_scale': 1.8512375662109828, 'Dg_D3_scale': 2.2997022071183064, 'Dv_D1_scale': 0.2233537462018709, 'Dv_D2_scale': 2.9948819018938737, 'b_bulk_scale': 0.1383820689392933, 'b_dislocation_scale': 0.23489097841826315, 'gb_scale': 6.958038099163379, 'gd_bubble_scale': 0.07096700595396241, 'gd_line_scale': 9.989007362739914, 'gd_line_alpha': 0.7617895316206732, 'coalescence_d_scale': 0.23328685904991633, 'capture_scale': 3.6848516717662694}. Best is trial 316 with value: 2.112201451402938.
[I 2026-05-02 22:03:53,184] Trial 382 finished with value: 2.5309832616055106 and parameters: {'f_n': 2.4336506046928912e-06, 'K_d': 209367.57538818757, 'rho_d': 34941917273647.766, 'fission_rate': 6.896141093032653e+19, 'Dg_D1_scale': 2.0470838767143276, 'Dg_D3_scale': 2.4897970745308053, 'Dv_D1_scale': 0.8981475369819786, 'Dv_D2_scale': 2.9281921672320856, 'b_bulk_scale': 0.12477671609059039, 'b_dislocation_scale': 0.23788932803235857, 'gb_scale': 5.737171806257519, 'gd_bubble_scale': 0.08033812982877293, 'gd_line_scale': 8.857247912903917, 'gd_line_alpha': 0.7506902456399588, 'coalescence_d_scale': 0.19858409509052843, 'capture_scale': 3.6042217754681163}. Best is trial 316 with value: 2.112201451402938.
[I 2026-05-02 22:03:57,582] Trial 383 finished with value: 2.252429364006071 and parameters: {'f_n': 2.978432158453582e-06, 'K_d': 220798.29518093207, 'rho_d': 34582179123110.24, 'fission_rate': 6.788916416229377e+19, 'Dg_D1_scale': 1.9143641863763974, 'Dg_D3_scale': 2.2551982769965253, 'Dv_D1_scale': 0.22356344972784545, 'Dv_D2_scale': 1.1195278392900883, 'b_bulk_scale': 0.1393189342880549, 'b_dislocation_scale': 0.22917553177446298, 'gb_scale': 6.770657656444047, 'gd_bubble_scale': 0.07391794296142641, 'gd_line_scale': 9.75020159307734, 'gd_line_alpha': 0.7226166129236277, 'coalescence_d_scale': 0.22975744468932566, 'capture_scale': 3.077069903225487}. Best is trial 316 with value: 2.112201451402938.
[I 2026-05-02 22:04:00,272] Trial 384 finished with value: 2.2481310754826307 and parameters: {'f_n': 2.972429368852966e-06, 'K_d': 186254.13531889883, 'rho_d': 39156526393650.805, 'fission_rate': 6.953934037054981e+19, 'Dg_D1_scale': 1.8515917927080259, 'Dg_D3_scale': 2.8191785193949292, 'Dv_D1_scale': 0.2383716003605399, 'Dv_D2_scale': 2.9663187042523105, 'b_bulk_scale': 0.17952813417129052, 'b_dislocation_scale': 0.21448648177775848, 'gb_scale': 6.167074393864804, 'gd_bubble_scale': 0.06034489576799282, 'gd_line_scale': 8.728209343956324, 'gd_line_alpha': 0.7662002127553242, 'coalescence_d_scale': 0.23580193483480924, 'capture_scale': 5.354807304869001}. Best is trial 316 with value: 2.112201451402938.Best trial: 316. Best value: 2.1122:  26%|██▌       | 384/1500 [26:20<1:20:34,  4.33s/it]Best trial: 316. Best value: 2.1122:  26%|██▌       | 384/1500 [26:20<1:20:34,  4.33s/it]Best trial: 316. Best value: 2.1122:  26%|██▌       | 385/1500 [26:20<1:11:20,  3.84s/it]                                                                                         Best trial: 316. Best value: 2.1122:  26%|██▌       | 385/1500 [26:24<1:11:20,  3.84s/it]Best trial: 316. Best value: 2.1122:  26%|██▌       | 385/1500 [26:24<1:11:20,  3.84s/it]Best trial: 316. Best value: 2.1122:  26%|██▌       | 386/1500 [26:24<1:14:28,  4.01s/it]                                                                                         Best trial: 316. Best value: 2.1122:  26%|██▌       | 386/1500 [26:29<1:14:28,  4.01s/it]Best trial: 316. Best value: 2.1122:  26%|██▌       | 386/1500 [26:29<1:14:28,  4.01s/it]Best trial: 316. Best value: 2.1122:  26%|██▌       | 387/1500 [26:29<1:17:02,  4.15s/it]                                                                                         Best trial: 316. Best value: 2.1122:  26%|██▌       | 387/1500 [26:33<1:17:02,  4.15s/it]Best trial: 316. Best value: 2.1122:  26%|██▌       | 387/1500 [26:33<1:17:02,  4.15s/it]Best trial: 316. Best value: 2.1122:  26%|██▌       | 388/1500 [26:33<1:18:43,  4.25s/it]                                                                                         Best trial: 316. Best value: 2.1122:  26%|██▌       | 388/1500 [26:37<1:18:43,  4.25s/it]Best trial: 316. Best value: 2.1122:  26%|██▌       | 388/1500 [26:38<1:18:43,  4.25s/it]Best trial: 316. Best value: 2.1122:  26%|██▌       | 389/1500 [26:38<1:19:18,  4.28s/it]                                                                                         Best trial: 316. Best value: 2.1122:  26%|██▌       | 389/1500 [26:42<1:19:18,  4.28s/it]Best trial: 316. Best value: 2.1122:  26%|██▌       | 389/1500 [26:42<1:19:18,  4.28s/it]Best trial: 316. Best value: 2.1122:  26%|██▌       | 390/1500 [26:42<1:20:37,  4.36s/it]                                                                                         Best trial: 316. Best value: 2.1122:  26%|██▌       | 390/1500 [26:46<1:20:37,  4.36s/it]Best trial: 316. Best value: 2.1122:  26%|██▌       | 390/1500 [26:46<1:20:37,  4.36s/it]Best trial: 316. Best value: 2.1122:  26%|██▌       | 391/1500 [26:46<1:20:45,  4.37s/it]                                                                                         Best trial: 316. Best value: 2.1122:  26%|██▌       | 391/1500 [26:51<1:20:45,  4.37s/it]Best trial: 316. Best value: 2.1122:  26%|██▌       | 391/1500 [26:51<1:20:45,  4.37s/it]Best trial: 316. Best value: 2.1122:  26%|██▌       | 392/1500 [26:51<1:20:41,  4.37s/it]                                                                                         Best trial: 316. Best value: 2.1122:  26%|██▌       | 392/1500 [26:53<1:20:41,  4.37s/it]Best trial: 316. Best value: 2.1122:  26%|██▌       | 392/1500 [26:53<1:20:41,  4.37s/it]Best trial: 316. Best value: 2.1122:  26%|██▌       | 393/1500 [26:53<1:11:07,  3.86s/it]                                                                                         Best trial: 316. Best value: 2.1122:  26%|██▌       | 393/1500 [26:58<1:11:07,  3.86s/it]Best trial: 316. Best value: 2.1122:  26%|██▌       | 393/1500 [26:58<1:11:07,  3.86s/it]Best trial: 316. Best value: 2.1122:  26%|██▋       | 394/1500 [26:58<1:14:51,  4.06s/it]                                                                                         Best trial: 316. Best value: 2.1122:  26%|██▋       | 394/1500 [27:02<1:14:51,  4.06s/it]Best trial: 394. Best value: 2.10573:  26%|██▋       | 394/1500 [27:02<1:14:51,  4.06s/it]Best trial: 394. Best value: 2.10573:  26%|██▋       | 395/1500 [27:02<1:16:54,  4.18s/it]                                                                                          Best trial: 394. Best value: 2.10573:  26%|██▋       | 395/1500 [27:07<1:16:54,  4.18s/it]Best trial: 394. Best value: 2.10573:  26%|██▋       | 395/1500 [27:07<1:16:54,  4.18s/it]Best trial: 394. Best value: 2.10573:  26%|██▋       | 396/1500 [27:07<1:17:49,  4.23s/it]                                                                                          
[I 2026-05-02 22:04:04,685] Trial 385 finished with value: 6.1863471275739865 and parameters: {'f_n': 2.3834015900010884e-06, 'K_d': 196530.99758753055, 'rho_d': 37601539178330.125, 'fission_rate': 6.779684260340427e+19, 'Dg_D1_scale': 2.109977908151886, 'Dg_D3_scale': 2.657620961807093, 'Dv_D1_scale': 0.22074363127350977, 'Dv_D2_scale': 2.9860853163073733, 'b_bulk_scale': 0.1422482138144381, 'b_dislocation_scale': 0.1690623148162837, 'gb_scale': 6.941198144943057, 'gd_bubble_scale': 0.08083269947975533, 'gd_line_scale': 7.972864079967575, 'gd_line_alpha': 0.8277990545678823, 'coalescence_d_scale': 6.30567938642908, 'capture_scale': 3.99221497373185}. Best is trial 316 with value: 2.112201451402938.
[I 2026-05-02 22:04:09,167] Trial 386 finished with value: 2.1373294997659293 and parameters: {'f_n': 1.5266174722734896e-06, 'K_d': 213836.28154716786, 'rho_d': 31856724604651.832, 'fission_rate': 6.674958161940422e+19, 'Dg_D1_scale': 1.9450626844245793, 'Dg_D3_scale': 2.994746449821561, 'Dv_D1_scale': 0.21242729556410428, 'Dv_D2_scale': 2.766049116744143, 'b_bulk_scale': 0.1719763278294428, 'b_dislocation_scale': 0.25054148136875914, 'gb_scale': 7.992142162165074, 'gd_bubble_scale': 0.06975983330957834, 'gd_line_scale': 9.978047568348485, 'gd_line_alpha': 0.7443553667560857, 'coalescence_d_scale': 0.21193182220963205, 'capture_scale': 4.582018084706171}. Best is trial 316 with value: 2.112201451402938.
[I 2026-05-02 22:04:13,637] Trial 387 finished with value: 2.1517882991941715 and parameters: {'f_n': 1.5901012737369094e-06, 'K_d': 215731.67289175905, 'rho_d': 32784406622730.008, 'fission_rate': 6.662893579815498e+19, 'Dg_D1_scale': 2.296009785458724, 'Dg_D3_scale': 3.177236002566548, 'Dv_D1_scale': 0.23507994291731008, 'Dv_D2_scale': 2.7660593230548236, 'b_bulk_scale': 0.17836824857585887, 'b_dislocation_scale': 0.2650778198942694, 'gb_scale': 7.417145759493389, 'gd_bubble_scale': 0.06667109403620125, 'gd_line_scale': 9.574885242756505, 'gd_line_alpha': 0.7200299414659331, 'coalescence_d_scale': 0.21308487620965683, 'capture_scale': 4.598493350382799}. Best is trial 316 with value: 2.112201451402938.
[I 2026-05-02 22:04:18,002] Trial 388 finished with value: 2.143406483068288 and parameters: {'f_n': 1.7804753293316633e-06, 'K_d': 224714.16947274993, 'rho_d': 31800444003415.438, 'fission_rate': 6.886783602371999e+19, 'Dg_D1_scale': 2.0231961845563853, 'Dg_D3_scale': 2.9552296239688602, 'Dv_D1_scale': 0.2190154616284761, 'Dv_D2_scale': 2.8247277556750907, 'b_bulk_scale': 0.11856619517249706, 'b_dislocation_scale': 0.24605086365144072, 'gb_scale': 6.349999995012359, 'gd_bubble_scale': 0.06155905588760857, 'gd_line_scale': 9.792208414377937, 'gd_line_alpha': 0.7447480574646809, 'coalescence_d_scale': 0.1932417948539381, 'capture_scale': 6.166534775901806}. Best is trial 316 with value: 2.112201451402938.
[I 2026-05-02 22:04:22,527] Trial 389 finished with value: 2.4415822093545656 and parameters: {'f_n': 7.672750531734283e-09, 'K_d': 482499.1450913745, 'rho_d': 6116914014142.112, 'fission_rate': 6.639776736625742e+19, 'Dg_D1_scale': 1.9408358658342606, 'Dg_D3_scale': 3.695744756498515, 'Dv_D1_scale': 0.21219100259471788, 'Dv_D2_scale': 2.9963036039783852, 'b_bulk_scale': 0.13914616533253715, 'b_dislocation_scale': 0.21472188742532103, 'gb_scale': 7.952124739774252, 'gd_bubble_scale': 1.5915134464252023, 'gd_line_scale': 9.030455365362712, 'gd_line_alpha': 0.7570991078424708, 'coalescence_d_scale': 0.21697342296095937, 'capture_scale': 3.474337165320123}. Best is trial 316 with value: 2.112201451402938.
[I 2026-05-02 22:04:26,929] Trial 390 finished with value: 2.132040030049582 and parameters: {'f_n': 2.460544553133166e-06, 'K_d': 190721.43626660388, 'rho_d': 35226787728603.18, 'fission_rate': 6.8030110102903235e+19, 'Dg_D1_scale': 1.6340763391382929, 'Dg_D3_scale': 3.039881255868698, 'Dv_D1_scale': 0.23960820105962874, 'Dv_D2_scale': 2.5016695054752236, 'b_bulk_scale': 0.17989089429264163, 'b_dislocation_scale': 0.2394015622112645, 'gb_scale': 7.269634714623764, 'gd_bubble_scale': 0.37231151158112274, 'gd_line_scale': 8.024802115042117, 'gd_line_alpha': 0.7999023095407723, 'coalescence_d_scale': 0.2471503237572273, 'capture_scale': 2.795395691739535}. Best is trial 316 with value: 2.112201451402938.
[I 2026-05-02 22:04:31,300] Trial 391 finished with value: 2.1482545072082613 and parameters: {'f_n': 2.5021242688823048e-06, 'K_d': 186890.05807253523, 'rho_d': 31919236582680.56, 'fission_rate': 6.818052101992474e+19, 'Dg_D1_scale': 1.7649780326277222, 'Dg_D3_scale': 2.8528144276270124, 'Dv_D1_scale': 0.23770163716918694, 'Dv_D2_scale': 2.447105083427878, 'b_bulk_scale': 0.17832135090835544, 'b_dislocation_scale': 0.2408639703414875, 'gb_scale': 7.397881184454281, 'gd_bubble_scale': 0.08202978906536885, 'gd_line_scale': 8.709388729845784, 'gd_line_alpha': 0.8074510034919172, 'coalescence_d_scale': 0.32616441142606667, 'capture_scale': 4.4778334647404625}. Best is trial 316 with value: 2.112201451402938.
[I 2026-05-02 22:04:33,955] Trial 392 finished with value: 2.6554758550098203 and parameters: {'f_n': 2.9917442965208014e-06, 'K_d': 189024.12847957204, 'rho_d': 34647819287703.19, 'fission_rate': 7.0336996057967346e+19, 'Dg_D1_scale': 2.1806614647194182, 'Dg_D3_scale': 2.6256210519504597, 'Dv_D1_scale': 0.22381442787969721, 'Dv_D2_scale': 0.3528003318921582, 'b_bulk_scale': 0.16936817682231575, 'b_dislocation_scale': 0.14934167158545858, 'gb_scale': 5.875259870647263, 'gd_bubble_scale': 0.5629956265728134, 'gd_line_scale': 9.918907736146505, 'gd_line_alpha': 0.8042018228779403, 'coalescence_d_scale': 0.25815900150089155, 'capture_scale': 3.7754281956279874}. Best is trial 316 with value: 2.112201451402938.
[I 2026-05-02 22:04:38,493] Trial 393 finished with value: 2.1193983875547215 and parameters: {'f_n': 2.401144404138063e-06, 'K_d': 198122.51496942388, 'rho_d': 33954483514707.52, 'fission_rate': 6.705804200722183e+19, 'Dg_D1_scale': 1.9107483668605536, 'Dg_D3_scale': 3.069015781592974, 'Dv_D1_scale': 0.24180512438990254, 'Dv_D2_scale': 2.8033514893961216, 'b_bulk_scale': 0.18327441127169095, 'b_dislocation_scale': 0.2552491009433045, 'gb_scale': 7.9955261534030635, 'gd_bubble_scale': 0.07075380693488224, 'gd_line_scale': 8.426491130195721, 'gd_line_alpha': 0.7767035894564344, 'coalescence_d_scale': 0.30107661492529286, 'capture_scale': 3.2294709007175926}. Best is trial 316 with value: 2.112201451402938.
[I 2026-05-02 22:04:42,929] Trial 394 finished with value: 2.105730963119322 and parameters: {'f_n': 2.4604170190800376e-06, 'K_d': 187745.43458672726, 'rho_d': 34122063250176.316, 'fission_rate': 6.8528765762295095e+19, 'Dg_D1_scale': 1.9646443247064407, 'Dg_D3_scale': 2.98834304771281, 'Dv_D1_scale': 0.24351023634801816, 'Dv_D2_scale': 3.006859014579474, 'b_bulk_scale': 0.1847738577581425, 'b_dislocation_scale': 0.2415085832432977, 'gb_scale': 7.96503788119019, 'gd_bubble_scale': 0.054749490484823485, 'gd_line_scale': 8.731757001495765, 'gd_line_alpha': 0.7747272757331317, 'coalescence_d_scale': 0.3027649354839159, 'capture_scale': 3.068729915019702}. Best is trial 394 with value: 2.105730963119322.
[I 2026-05-02 22:04:47,295] Trial 395 finished with value: 10.99508831728543 and parameters: {'f_n': 2.5260579728208675e-06, 'K_d': 188382.501202299, 'rho_d': 31805180303436.297, 'fission_rate': 6.945290900193759e+19, 'Dg_D1_scale': 2.0284582701709857, 'Dg_D3_scale': 2.993175415779689, 'Dv_D1_scale': 0.24701088626723858, 'Dv_D2_scale': 2.9634750378478714, 'b_bulk_scale': 0.18279839970024242, 'b_dislocation_scale': 0.26229819364457696, 'gb_scale': 7.860219108123382, 'gd_bubble_scale': 0.054190334290760145, 'gd_line_scale': 8.915453235968934, 'gd_line_alpha': 0.7744690936857916, 'coalescence_d_scale': 13.847681629607989, 'capture_scale': 3.3166895652119353}. Best is trial 394 with value: 2.105730963119322.
