[I 2026-05-02 21:47:04,214] Trial 126 finished with value: 2.4789332279072678 and parameters: {'f_n': 1.6956446886637817e-07, 'K_d': 176734.39995340075, 'rho_d': 68932809843742.16, 'fission_rate': 7.993039804332102e+19, 'Dg_D1_scale': 1.2646617872964445, 'Dg_D3_scale': 0.7486213333664445, 'Dv_D1_scale': 0.3103932435748228, 'Dv_D2_scale': 2.6059152854991243, 'b_bulk_scale': 0.06141748976387079, 'b_dislocation_scale': 1.4649143790551455, 'gb_scale': 0.6701070080989361, 'gd_bubble_scale': 0.15865003234578967, 'gd_line_scale': 7.590854880981469, 'gd_line_alpha': 0.06334841712634136, 'coalescence_d_scale': 0.27196643532806947, 'capture_scale': 0.050045283085365405}. Best is trial 61 with value: 2.286562733614546.
[I 2026-05-02 21:47:08,065] Trial 127 finished with value: 2.5508240619412024 and parameters: {'f_n': 1.769884723308885e-07, 'K_d': 169475.848364685, 'rho_d': 73150102396116.06, 'fission_rate': 7.973193004457486e+19, 'Dg_D1_scale': 1.4807027518042564, 'Dg_D3_scale': 0.7651218841943345, 'Dv_D1_scale': 0.3664290665452259, 'Dv_D2_scale': 2.589344390894852, 'b_bulk_scale': 0.06258543091670743, 'b_dislocation_scale': 1.4961920626707756, 'gb_scale': 0.655858060509126, 'gd_bubble_scale': 0.13383964936564566, 'gd_line_scale': 7.406675724993802, 'gd_line_alpha': 0.06267999995979251, 'coalescence_d_scale': 0.35267962142898795, 'capture_scale': 0.05078619657608332}. Best is trial 61 with value: 2.286562733614546.
[I 2026-05-02 21:47:10,409] Trial 128 finished with value: 2.343217297542091 and parameters: {'f_n': 2.708237304412213e-07, 'K_d': 176648.11823371687, 'rho_d': 46452478456096.11, 'fission_rate': 7.831765941181925e+19, 'Dg_D1_scale': 1.1236030236525094, 'Dg_D3_scale': 0.23196423008694453, 'Dv_D1_scale': 0.31291081299754564, 'Dv_D2_scale': 2.979555916188097, 'b_bulk_scale': 0.09464713661009959, 'b_dislocation_scale': 1.270492708754686, 'gb_scale': 0.5154878516796544, 'gd_bubble_scale': 0.06549463047858346, 'gd_line_scale': 8.192074655548875, 'gd_line_alpha': 0.48188965637880943, 'coalescence_d_scale': 0.2741457833139709, 'capture_scale': 0.056067602165251675}. Best is trial 61 with value: 2.286562733614546.
[I 2026-05-02 21:47:13,267] Trial 129 finished with value: 3.0016174093764 and parameters: {'f_n': 1.5360032492618842e-07, 'K_d': 178433.49792230595, 'rho_d': 68285513711675.14, 'fission_rate': 7.82312203577722e+19, 'Dg_D1_scale': 1.289238422171898, 'Dg_D3_scale': 0.19804260725978334, 'Dv_D1_scale': 0.42591190994874306, 'Dv_D2_scale': 2.9596521933153497, 'b_bulk_scale': 0.07670120344229035, 'b_dislocation_scale': 3.924667878316719, 'gb_scale': 0.5223303277427939, 'gd_bubble_scale': 0.06452167215870831, 'gd_line_scale': 7.105308601270034, 'gd_line_alpha': 0.49765172177271666, 'coalescence_d_scale': 0.27653326342078044, 'capture_scale': 0.06368843926623244}. Best is trial 61 with value: 2.286562733614546.
[I 2026-05-02 21:47:17,101] Trial 130 finished with value: 2.3834791613260466 and parameters: {'f_n': 2.9534740798233706e-07, 'K_d': 197899.3009801477, 'rho_d': 47432345917721.57, 'fission_rate': 7.997237328739775e+19, 'Dg_D1_scale': 1.1109416061175068, 'Dg_D3_scale': 0.21875850629017107, 'Dv_D1_scale': 0.33035640460029747, 'Dv_D2_scale': 3.072087929710296, 'b_bulk_scale': 0.09009065038549308, 'b_dislocation_scale': 1.3013931284863776, 'gb_scale': 0.5823413577314561, 'gd_bubble_scale': 0.0761529544797851, 'gd_line_scale': 8.693815440114252, 'gd_line_alpha': 0.6039533803492362, 'coalescence_d_scale': 0.2153368774496106, 'capture_scale': 0.043226591598204495}. Best is trial 61 with value: 2.286562733614546.
[I 2026-05-02 21:47:21,000] Trial 131 finished with value: 2.3631293929792 and parameters: {'f_n': 2.771258547532789e-07, 'K_d': 187088.6065936591, 'rho_d': 47123649123320.3, 'fission_rate': 7.994380334769806e+19, 'Dg_D1_scale': 1.0769005445472406, 'Dg_D3_scale': 0.22943191446241284, 'Dv_D1_scale': 0.31678790285652947, 'Dv_D2_scale': 3.068923690541748, 'b_bulk_scale': 0.09356559702868189, 'b_dislocation_scale': 1.2723397685401878, 'gb_scale': 0.5797199428419809, 'gd_bubble_scale': 0.07429281165707152, 'gd_line_scale': 8.277284655495299, 'gd_line_alpha': 0.5911310999215995, 'coalescence_d_scale': 0.2168109704394186, 'capture_scale': 0.04285273678588499}. Best is trial 61 with value: 2.286562733614546.
[I 2026-05-02 21:47:24,865] Trial 132 finished with value: 2.5018867221869967 and parameters: {'f_n': 2.5416361092359664e-07, 'K_d': 195937.62146001443, 'rho_d': 46583249121653.68, 'fission_rate': 7.925985561913003e+19, 'Dg_D1_scale': 1.1369527438843718, 'Dg_D3_scale': 0.21352044847090404, 'Dv_D1_scale': 0.3889975671485228, 'Dv_D2_scale': 2.3006442085932792, 'b_bulk_scale': 0.09647465507222698, 'b_dislocation_scale': 1.2136423898527013, 'gb_scale': 0.45897511489757065, 'gd_bubble_scale': 0.05573051522935475, 'gd_line_scale': 9.330064090513446, 'gd_line_alpha': 0.6257339230587221, 'coalescence_d_scale': 0.3159755858882754, 'capture_scale': 0.04253350377634299}. Best is trial 61 with value: 2.286562733614546.Best trial: 61. Best value: 2.28656:   9%|▉         | 132/1500 [09:44<1:20:24,  3.53s/it]Best trial: 61. Best value: 2.28656:   9%|▉         | 132/1500 [09:44<1:20:24,  3.53s/it]Best trial: 61. Best value: 2.28656:   9%|▉         | 133/1500 [09:44<1:22:41,  3.63s/it]                                                                                         Best trial: 61. Best value: 2.28656:   9%|▉         | 133/1500 [09:48<1:22:41,  3.63s/it]Best trial: 61. Best value: 2.28656:   9%|▉         | 133/1500 [09:48<1:22:41,  3.63s/it]Best trial: 61. Best value: 2.28656:   9%|▉         | 134/1500 [09:48<1:23:57,  3.69s/it]                                                                                         Best trial: 61. Best value: 2.28656:   9%|▉         | 134/1500 [09:52<1:23:57,  3.69s/it]Best trial: 61. Best value: 2.28656:   9%|▉         | 134/1500 [09:52<1:23:57,  3.69s/it]Best trial: 61. Best value: 2.28656:   9%|▉         | 135/1500 [09:52<1:25:16,  3.75s/it]                                                                                         Best trial: 61. Best value: 2.28656:   9%|▉         | 135/1500 [09:56<1:25:16,  3.75s/it]Best trial: 61. Best value: 2.28656:   9%|▉         | 135/1500 [09:56<1:25:16,  3.75s/it]Best trial: 61. Best value: 2.28656:   9%|▉         | 136/1500 [09:56<1:26:20,  3.80s/it]                                                                                         Best trial: 61. Best value: 2.28656:   9%|▉         | 136/1500 [10:00<1:26:20,  3.80s/it]Best trial: 61. Best value: 2.28656:   9%|▉         | 136/1500 [10:00<1:26:20,  3.80s/it]Best trial: 61. Best value: 2.28656:   9%|▉         | 137/1500 [10:00<1:27:18,  3.84s/it]                                                                                         Best trial: 61. Best value: 2.28656:   9%|▉         | 137/1500 [10:02<1:27:18,  3.84s/it]Best trial: 61. Best value: 2.28656:   9%|▉         | 137/1500 [10:02<1:27:18,  3.84s/it]Best trial: 61. Best value: 2.28656:   9%|▉         | 138/1500 [10:02<1:17:50,  3.43s/it]                                                                                         Best trial: 61. Best value: 2.28656:   9%|▉         | 138/1500 [10:06<1:17:50,  3.43s/it]Best trial: 61. Best value: 2.28656:   9%|▉         | 138/1500 [10:06<1:17:50,  3.43s/it]Best trial: 61. Best value: 2.28656:   9%|▉         | 139/1500 [10:06<1:21:05,  3.58s/it]                                                                                         Best trial: 61. Best value: 2.28656:   9%|▉         | 139/1500 [10:10<1:21:05,  3.58s/it]Best trial: 61. Best value: 2.28656:   9%|▉         | 139/1500 [10:10<1:21:05,  3.58s/it]Best trial: 61. Best value: 2.28656:   9%|▉         | 140/1500 [10:10<1:22:59,  3.66s/it]                                                                                         Best trial: 61. Best value: 2.28656:   9%|▉         | 140/1500 [10:14<1:22:59,  3.66s/it]Best trial: 61. Best value: 2.28656:   9%|▉         | 140/1500 [10:14<1:22:59,  3.66s/it]Best trial: 61. Best value: 2.28656:   9%|▉         | 141/1500 [10:14<1:23:59,  3.71s/it]                                                                                         Best trial: 61. Best value: 2.28656:   9%|▉         | 141/1500 [10:18<1:23:59,  3.71s/it]Best trial: 61. Best value: 2.28656:   9%|▉         | 141/1500 [10:18<1:23:59,  3.71s/it]Best trial: 61. Best value: 2.28656:   9%|▉         | 142/1500 [10:18<1:25:36,  3.78s/it]                                                                                         Best trial: 61. Best value: 2.28656:   9%|▉         | 142/1500 [10:22<1:25:36,  3.78s/it]Best trial: 61. Best value: 2.28656:   9%|▉         | 142/1500 [10:22<1:25:36,  3.78s/it]Best trial: 61. Best value: 2.28656:  10%|▉         | 143/1500 [10:22<1:27:04,  3.85s/it]                                                                                         Best trial: 61. Best value: 2.28656:  10%|▉         | 143/1500 [10:26<1:27:04,  3.85s/it]Best trial: 61. Best value: 2.28656:  10%|▉         | 143/1500 [10:26<1:27:04,  3.85s/it]Best trial: 61. Best value: 2.28656:  10%|▉         | 144/1500 [10:26<1:27:54,  3.89s/it]                                                                                         
[I 2026-05-02 21:47:28,687] Trial 133 finished with value: 2.425903883209544 and parameters: {'f_n': 3.972184834034973e-07, 'K_d': 194145.10255088596, 'rho_d': 45285442925396.41, 'fission_rate': 7.990214232936753e+19, 'Dg_D1_scale': 1.1909441892271004, 'Dg_D3_scale': 0.2345769783819265, 'Dv_D1_scale': 0.3914111137087746, 'Dv_D2_scale': 2.3230369917704032, 'b_bulk_scale': 0.09578017924032978, 'b_dislocation_scale': 1.2814446374784005, 'gb_scale': 0.4525080489276834, 'gd_bubble_scale': 0.0518722577342566, 'gd_line_scale': 9.433129175900374, 'gd_line_alpha': 0.6292903905197534, 'coalescence_d_scale': 0.21566570473361732, 'capture_scale': 0.04048656240471838}. Best is trial 61 with value: 2.286562733614546.
[I 2026-05-02 21:47:32,579] Trial 134 finished with value: 2.367559594392209 and parameters: {'f_n': 4.4766466537317445e-07, 'K_d': 189415.4023404793, 'rho_d': 37856948676730.05, 'fission_rate': 7.98445896542683e+19, 'Dg_D1_scale': 1.2712662467784148, 'Dg_D3_scale': 0.2366770424528901, 'Dv_D1_scale': 0.3137300975452712, 'Dv_D2_scale': 2.5173313671276514, 'b_bulk_scale': 0.13523751241160684, 'b_dislocation_scale': 1.355854961835735, 'gb_scale': 0.5773733403944357, 'gd_bubble_scale': 0.050928349923688845, 'gd_line_scale': 9.556390407397716, 'gd_line_alpha': 0.6607776217841704, 'coalescence_d_scale': 0.2172958350856444, 'capture_scale': 0.041332414243240086}. Best is trial 61 with value: 2.286562733614546.
[I 2026-05-02 21:47:36,494] Trial 135 finished with value: 2.359992092791369 and parameters: {'f_n': 3.95753672203034e-07, 'K_d': 187715.67365772236, 'rho_d': 46068104924795.42, 'fission_rate': 7.847507734637797e+19, 'Dg_D1_scale': 1.2529551346002599, 'Dg_D3_scale': 0.23161367024964988, 'Dv_D1_scale': 0.319445782286236, 'Dv_D2_scale': 2.574719036928367, 'b_bulk_scale': 0.1221613475272476, 'b_dislocation_scale': 1.1460100595583356, 'gb_scale': 0.5639492469899297, 'gd_bubble_scale': 0.07361500821102639, 'gd_line_scale': 8.523129718757536, 'gd_line_alpha': 0.6950199990728219, 'coalescence_d_scale': 0.20786762782410725, 'capture_scale': 0.04033591883129397}. Best is trial 61 with value: 2.286562733614546.
[I 2026-05-02 21:47:40,443] Trial 136 finished with value: 2.3365743178398275 and parameters: {'f_n': 2.954440853633792e-07, 'K_d': 186245.41218023485, 'rho_d': 37394056020559.086, 'fission_rate': 7.821248121592439e+19, 'Dg_D1_scale': 1.4066071915984388, 'Dg_D3_scale': 0.17631422038500325, 'Dv_D1_scale': 0.3128005278239891, 'Dv_D2_scale': 3.0875953213624348, 'b_bulk_scale': 0.12414739473612105, 'b_dislocation_scale': 1.1053614928618938, 'gb_scale': 0.5965073492788182, 'gd_bubble_scale': 0.0731630082836418, 'gd_line_scale': 9.900314423259674, 'gd_line_alpha': 0.6917036275556504, 'coalescence_d_scale': 0.2283925652337136, 'capture_scale': 0.04326596403364307}. Best is trial 61 with value: 2.286562733614546.
[I 2026-05-02 21:47:42,908] Trial 137 finished with value: 2.3734308387869296 and parameters: {'f_n': 2.9814391901613124e-07, 'K_d': 221569.34661904443, 'rho_d': 37032418236979.76, 'fission_rate': 7.850708624588884e+19, 'Dg_D1_scale': 1.4773494752855008, 'Dg_D3_scale': 0.18125495811442602, 'Dv_D1_scale': 0.32574599525662146, 'Dv_D2_scale': 3.015231579149296, 'b_bulk_scale': 0.1296631504500192, 'b_dislocation_scale': 1.0719912278261197, 'gb_scale': 0.5870693702423743, 'gd_bubble_scale': 0.05302816009265552, 'gd_line_scale': 9.522184824940588, 'gd_line_alpha': 0.6976841664320497, 'coalescence_d_scale': 0.22504234947876284, 'capture_scale': 0.04359920015771255}. Best is trial 61 with value: 2.286562733614546.
[I 2026-05-02 21:47:46,823] Trial 138 finished with value: 2.383262988090359 and parameters: {'f_n': 4.2908818553645754e-07, 'K_d': 221192.9439104644, 'rho_d': 38247432055203.79, 'fission_rate': 7.859907329688276e+19, 'Dg_D1_scale': 1.4066237499441803, 'Dg_D3_scale': 0.17522836514440043, 'Dv_D1_scale': 0.3341341483925347, 'Dv_D2_scale': 3.1636945848626885, 'b_bulk_scale': 0.13139339511003786, 'b_dislocation_scale': 1.290357820030891, 'gb_scale': 0.5502975451386332, 'gd_bubble_scale': 0.05080442724346081, 'gd_line_scale': 8.975375692200506, 'gd_line_alpha': 0.699330189616904, 'coalescence_d_scale': 0.21516739790341752, 'capture_scale': 0.041414578969610975}. Best is trial 61 with value: 2.286562733614546.
[I 2026-05-02 21:47:50,684] Trial 139 finished with value: 2.559596682967712 and parameters: {'f_n': 7.225719870419462e-07, 'K_d': 189679.07184551147, 'rho_d': 28780699231547.895, 'fission_rate': 7.824118241248297e+19, 'Dg_D1_scale': 1.605868285214866, 'Dg_D3_scale': 0.15021151604814723, 'Dv_D1_scale': 0.4875034678621878, 'Dv_D2_scale': 3.689136304017055, 'b_bulk_scale': 0.12874684247790477, 'b_dislocation_scale': 1.2802997186999252, 'gb_scale': 0.5743272966792073, 'gd_bubble_scale': 0.05350139545872994, 'gd_line_scale': 9.505620931714596, 'gd_line_alpha': 0.699378072855764, 'coalescence_d_scale': 0.21558371878062188, 'capture_scale': 0.04386424749745927}. Best is trial 61 with value: 2.286562733614546.
[I 2026-05-02 21:47:54,503] Trial 140 finished with value: 2.603205074746974 and parameters: {'f_n': 4.4791080246416695e-07, 'K_d': 215652.0325602256, 'rho_d': 39402739852255.836, 'fission_rate': 7.849914646506052e+19, 'Dg_D1_scale': 1.4299813996180626, 'Dg_D3_scale': 0.1826355131939602, 'Dv_D1_scale': 0.3322504292283629, 'Dv_D2_scale': 3.1225598438467497, 'b_bulk_scale': 0.14267957916829052, 'b_dislocation_scale': 1.7345155825389256, 'gb_scale': 0.5762083480638245, 'gd_bubble_scale': 0.050834764855608255, 'gd_line_scale': 8.643675279314765, 'gd_line_alpha': 0.6976486499151943, 'coalescence_d_scale': 0.2258008977588434, 'capture_scale': 0.05894902217983874}. Best is trial 61 with value: 2.286562733614546.
[I 2026-05-02 21:47:58,458] Trial 141 finished with value: 2.423764520736192 and parameters: {'f_n': 2.924822163112874e-07, 'K_d': 230666.41730080315, 'rho_d': 35653357122216.54, 'fission_rate': 7.700344968087049e+19, 'Dg_D1_scale': 1.8763245285341419, 'Dg_D3_scale': 0.2327268145047517, 'Dv_D1_scale': 0.3975122273792877, 'Dv_D2_scale': 3.075305235542138, 'b_bulk_scale': 0.10856796999633317, 'b_dislocation_scale': 1.007065109147831, 'gb_scale': 0.5035653937282416, 'gd_bubble_scale': 0.07185620662394311, 'gd_line_scale': 8.191668732121222, 'gd_line_alpha': 0.5616156369255537, 'coalescence_d_scale': 0.2556471715277176, 'capture_scale': 0.04015160549483515}. Best is trial 61 with value: 2.286562733614546.
[I 2026-05-02 21:48:02,466] Trial 142 finished with value: 2.5078739342170384 and parameters: {'f_n': 3.158701201622081e-07, 'K_d': 245480.76168119177, 'rho_d': 36751079431374.914, 'fission_rate': 7.702755638657104e+19, 'Dg_D1_scale': 1.7078510783874998, 'Dg_D3_scale': 0.23605682332094804, 'Dv_D1_scale': 0.41086432486608027, 'Dv_D2_scale': 3.455082749103681, 'b_bulk_scale': 0.11139187742474146, 'b_dislocation_scale': 1.0517458071097283, 'gb_scale': 0.5004598642254946, 'gd_bubble_scale': 0.07073050708179178, 'gd_line_scale': 9.827076091950032, 'gd_line_alpha': 0.5644937969257361, 'coalescence_d_scale': 0.2525957796001986, 'capture_scale': 0.030465093782554534}. Best is trial 61 with value: 2.286562733614546.
[I 2026-05-02 21:48:06,448] Trial 143 finished with value: 2.4730030117389274 and parameters: {'f_n': 3.923735587738238e-07, 'K_d': 206356.83082236245, 'rho_d': 35050229575941.39, 'fission_rate': 7.769826836450574e+19, 'Dg_D1_scale': 1.3593852532147739, 'Dg_D3_scale': 0.2192415195232796, 'Dv_D1_scale': 0.3644183680165341, 'Dv_D2_scale': 3.0536107807684933, 'b_bulk_scale': 0.17764872464559486, 'b_dislocation_scale': 0.8526043489784234, 'gb_scale': 0.47432017319362824, 'gd_bubble_scale': 0.06381542024136312, 'gd_line_scale': 8.439213318877432, 'gd_line_alpha': 0.7734727595898795, 'coalescence_d_scale': 0.2138511284012864, 'capture_scale': 0.03965993675764255}. Best is trial 61 with value: 2.286562733614546.
