[I 2026-05-02 22:04:51,654] Trial 396 finished with value: 2.1809361725257106 and parameters: {'f_n': 1.4754876808353071e-06, 'K_d': 186107.10168584043, 'rho_d': 33831375483278.664, 'fission_rate': 6.870116011470037e+19, 'Dg_D1_scale': 2.372834312307355, 'Dg_D3_scale': 2.7578553330142026, 'Dv_D1_scale': 0.2404594016052342, 'Dv_D2_scale': 3.009556914148872, 'b_bulk_scale': 0.18580982207287566, 'b_dislocation_scale': 0.26105422747452955, 'gb_scale': 6.353599818013318, 'gd_bubble_scale': 0.05928165679070455, 'gd_line_scale': 8.875073736423808, 'gd_line_alpha': 0.7680504290570926, 'coalescence_d_scale': 0.33857988166306235, 'capture_scale': 2.9105334789551662}. Best is trial 394 with value: 2.105730963119322.Best trial: 394. Best value: 2.10573:  26%|██▋       | 396/1500 [27:11<1:17:49,  4.23s/it]Best trial: 394. Best value: 2.10573:  26%|██▋       | 396/1500 [27:11<1:17:49,  4.23s/it]Best trial: 394. Best value: 2.10573:  26%|██▋       | 397/1500 [27:11<1:18:28,  4.27s/it]                                                                                          Best trial: 394. Best value: 2.10573:  26%|██▋       | 397/1500 [27:16<1:18:28,  4.27s/it]Best trial: 394. Best value: 2.10573:  26%|██▋       | 397/1500 [27:16<1:18:28,  4.27s/it]Best trial: 394. Best value: 2.10573:  27%|██▋       | 398/1500 [27:16<1:19:16,  4.32s/it]                                                                                          Best trial: 394. Best value: 2.10573:  27%|██▋       | 398/1500 [27:20<1:19:16,  4.32s/it]Best trial: 394. Best value: 2.10573:  27%|██▋       | 398/1500 [27:20<1:19:16,  4.32s/it]Best trial: 394. Best value: 2.10573:  27%|██▋       | 399/1500 [27:20<1:19:46,  4.35s/it]                                                                                          Best trial: 394. Best value: 2.10573:  27%|██▋       | 399/1500 [27:23<1:19:46,  4.35s/it]Best trial: 394. Best value: 2.10573:  27%|██▋       | 399/1500 [27:23<1:19:46,  4.35s/it]Best trial: 394. Best value: 2.10573:  27%|██▋       | 400/1500 [27:23<1:10:26,  3.84s/it]                                                                                          Best trial: 394. Best value: 2.10573:  27%|██▋       | 400/1500 [27:27<1:10:26,  3.84s/it]Best trial: 394. Best value: 2.10573:  27%|██▋       | 400/1500 [27:27<1:10:26,  3.84s/it]Best trial: 394. Best value: 2.10573:  27%|██▋       | 401/1500 [27:27<1:13:00,  3.99s/it]                                                                                          Best trial: 394. Best value: 2.10573:  27%|██▋       | 401/1500 [27:31<1:13:00,  3.99s/it]Best trial: 394. Best value: 2.10573:  27%|██▋       | 401/1500 [27:31<1:13:00,  3.99s/it]Best trial: 394. Best value: 2.10573:  27%|██▋       | 402/1500 [27:31<1:15:13,  4.11s/it]                                                                                          Best trial: 394. Best value: 2.10573:  27%|██▋       | 402/1500 [27:36<1:15:13,  4.11s/it]Best trial: 394. Best value: 2.10573:  27%|██▋       | 402/1500 [27:36<1:15:13,  4.11s/it]Best trial: 394. Best value: 2.10573:  27%|██▋       | 403/1500 [27:36<1:16:44,  4.20s/it]                                                                                          Best trial: 394. Best value: 2.10573:  27%|██▋       | 403/1500 [27:40<1:16:44,  4.20s/it]Best trial: 394. Best value: 2.10573:  27%|██▋       | 403/1500 [27:40<1:16:44,  4.20s/it]Best trial: 394. Best value: 2.10573:  27%|██▋       | 404/1500 [27:40<1:17:28,  4.24s/it]                                                                                          Best trial: 394. Best value: 2.10573:  27%|██▋       | 404/1500 [27:44<1:17:28,  4.24s/it]Best trial: 394. Best value: 2.10573:  27%|██▋       | 404/1500 [27:44<1:17:28,  4.24s/it]Best trial: 394. Best value: 2.10573:  27%|██▋       | 405/1500 [27:44<1:17:21,  4.24s/it]                                                                                          Best trial: 394. Best value: 2.10573:  27%|██▋       | 405/1500 [27:49<1:17:21,  4.24s/it]Best trial: 394. Best value: 2.10573:  27%|██▋       | 405/1500 [27:49<1:17:21,  4.24s/it]Best trial: 394. Best value: 2.10573:  27%|██▋       | 406/1500 [27:49<1:18:00,  4.28s/it]                                                                                          Best trial: 394. Best value: 2.10573:  27%|██▋       | 406/1500 [27:51<1:18:00,  4.28s/it]Best trial: 394. Best value: 2.10573:  27%|██▋       | 406/1500 [27:52<1:18:00,  4.28s/it]Best trial: 394. Best value: 2.10573:  27%|██▋       | 407/1500 [27:52<1:09:55,  3.84s/it]                                                                                          Best trial: 394. Best value: 2.10573:  27%|██▋       | 407/1500 [27:56<1:09:55,  3.84s/it]Best trial: 394. Best value: 2.10573:  27%|██▋       | 407/1500 [27:56<1:09:55,  3.84s/it]Best trial: 394. Best value: 2.10573:  27%|██▋       | 408/1500 [27:56<1:12:59,  4.01s/it]                                                                                          
[I 2026-05-02 22:04:56,085] Trial 397 finished with value: 2.125745743626029 and parameters: {'f_n': 2.5254344350483652e-06, 'K_d': 237983.52232383014, 'rho_d': 34340403402223.17, 'fission_rate': 6.805645330326787e+19, 'Dg_D1_scale': 2.1900958976010765, 'Dg_D3_scale': 2.9504172815856786, 'Dv_D1_scale': 0.2428908146056764, 'Dv_D2_scale': 2.8287940491496357, 'b_bulk_scale': 0.18460626732159582, 'b_dislocation_scale': 0.23888106014563137, 'gb_scale': 7.9948299993457885, 'gd_bubble_scale': 0.25976382107671786, 'gd_line_scale': 8.302994406954236, 'gd_line_alpha': 0.7342700845584617, 'coalescence_d_scale': 0.18575035137169846, 'capture_scale': 4.186756112792354}. Best is trial 394 with value: 2.105730963119322.
[I 2026-05-02 22:05:00,502] Trial 398 finished with value: 2.144567157347639 and parameters: {'f_n': 2.9724833608895092e-06, 'K_d': 211668.5957532094, 'rho_d': 31851923243665.77, 'fission_rate': 6.795109199715249e+19, 'Dg_D1_scale': 2.113722116753529, 'Dg_D3_scale': 2.9870930679059358, 'Dv_D1_scale': 0.23780177766264635, 'Dv_D2_scale': 3.0217032954264287, 'b_bulk_scale': 0.18755410439134246, 'b_dislocation_scale': 0.24375019521813154, 'gb_scale': 7.790236496674047, 'gd_bubble_scale': 0.3919443538186331, 'gd_line_scale': 9.611951333357995, 'gd_line_alpha': 0.7413471601895176, 'coalescence_d_scale': 0.18048562534796347, 'capture_scale': 0.3628496504448249}. Best is trial 394 with value: 2.105730963119322.
[I 2026-05-02 22:05:03,167] Trial 399 finished with value: 2.6745536375001726 and parameters: {'f_n': 2.469179996101726e-06, 'K_d': 232932.9273961054, 'rho_d': 34073897050894.652, 'fission_rate': 7.01190300670351e+19, 'Dg_D1_scale': 2.319650492007911, 'Dg_D3_scale': 2.50676548533433, 'Dv_D1_scale': 1.5081319601564038, 'Dv_D2_scale': 2.780650114277147, 'b_bulk_scale': 0.18671490439586433, 'b_dislocation_scale': 0.23437663180883742, 'gb_scale': 7.956919723926328, 'gd_bubble_scale': 0.25134337813792557, 'gd_line_scale': 8.65088535047878, 'gd_line_alpha': 0.8290523734233343, 'coalescence_d_scale': 0.1650421824566144, 'capture_scale': 5.108243916007863}. Best is trial 394 with value: 2.105730963119322.
[I 2026-05-02 22:05:07,489] Trial 400 finished with value: 2.133581282989974 and parameters: {'f_n': 2.464065465919947e-06, 'K_d': 194365.81797631338, 'rho_d': 32120019095893.816, 'fission_rate': 6.838718014153359e+19, 'Dg_D1_scale': 2.2088671781087927, 'Dg_D3_scale': 2.873994083752302, 'Dv_D1_scale': 0.23217212791414424, 'Dv_D2_scale': 2.8390508874688907, 'b_bulk_scale': 0.17451618815022596, 'b_dislocation_scale': 0.27197992811731103, 'gb_scale': 7.976757613429191, 'gd_bubble_scale': 0.3262254433155586, 'gd_line_scale': 9.724922038775654, 'gd_line_alpha': 0.7182110809373866, 'coalescence_d_scale': 0.19412156337212347, 'capture_scale': 4.079803758861838}. Best is trial 394 with value: 2.105730963119322.
[I 2026-05-02 22:05:11,887] Trial 401 finished with value: 2.150325218074207 and parameters: {'f_n': 2.966119398509714e-06, 'K_d': 186272.8594417568, 'rho_d': 33900401507795.254, 'fission_rate': 6.875535290465077e+19, 'Dg_D1_scale': 2.2159374676110986, 'Dg_D3_scale': 2.7568344020477906, 'Dv_D1_scale': 0.2444899370515826, 'Dv_D2_scale': 2.919079641472457, 'b_bulk_scale': 0.20110424566259846, 'b_dislocation_scale': 0.22638207033444263, 'gb_scale': 6.629259980596278, 'gd_bubble_scale': 0.36008989644095707, 'gd_line_scale': 8.521581657492982, 'gd_line_alpha': 0.7251719323282648, 'coalescence_d_scale': 0.1538756016296235, 'capture_scale': 0.9580965122999999}. Best is trial 394 with value: 2.105730963119322.
[I 2026-05-02 22:05:16,291] Trial 402 finished with value: 2.2161095658111316 and parameters: {'f_n': 2.3695184535599805e-06, 'K_d': 191992.58733835365, 'rho_d': 32183402409069.355, 'fission_rate': 6.798825285554507e+19, 'Dg_D1_scale': 2.4482619812717767, 'Dg_D3_scale': 2.3474876075312254, 'Dv_D1_scale': 0.24609874348561503, 'Dv_D2_scale': 3.0084129509866067, 'b_bulk_scale': 0.13307089933139932, 'b_dislocation_scale': 0.22425698755137527, 'gb_scale': 5.590279266093706, 'gd_bubble_scale': 0.7915555487503428, 'gd_line_scale': 9.971873474382267, 'gd_line_alpha': 0.7964266183502174, 'coalescence_d_scale': 0.33008440459226784, 'capture_scale': 4.092279316092708}. Best is trial 394 with value: 2.105730963119322.
[I 2026-05-02 22:05:20,624] Trial 403 finished with value: 2.1844881357424213 and parameters: {'f_n': 2.4808743084483005e-06, 'K_d': 197582.85719145354, 'rho_d': 34138495105307.086, 'fission_rate': 6.9499015574134555e+19, 'Dg_D1_scale': 2.1773398740015493, 'Dg_D3_scale': 3.2008372585705165, 'Dv_D1_scale': 0.2287515032710831, 'Dv_D2_scale': 2.5093244890176716, 'b_bulk_scale': 0.16003280095432254, 'b_dislocation_scale': 0.27001157060102027, 'gb_scale': 6.726451159328218, 'gd_bubble_scale': 0.2697894305895166, 'gd_line_scale': 8.169117195321366, 'gd_line_alpha': 0.7666936593810108, 'coalescence_d_scale': 0.18124501687436842, 'capture_scale': 1.9658331762118144}. Best is trial 394 with value: 2.105730963119322.
[I 2026-05-02 22:05:24,866] Trial 404 finished with value: 2.18917235831435 and parameters: {'f_n': 2.9955470723887267e-06, 'K_d': 185815.79147023842, 'rho_d': 34999038128657.66, 'fission_rate': 7.122825138656087e+19, 'Dg_D1_scale': 2.038731394255806, 'Dg_D3_scale': 3.763451893497131, 'Dv_D1_scale': 0.24335702100254655, 'Dv_D2_scale': 2.837059995330185, 'b_bulk_scale': 0.17894603589471245, 'b_dislocation_scale': 0.24277147351923722, 'gb_scale': 7.166762730164357, 'gd_bubble_scale': 0.32020888729999963, 'gd_line_scale': 6.8066091857291795, 'gd_line_alpha': 0.7123395457862294, 'coalescence_d_scale': 0.20113940402922748, 'capture_scale': 3.0600736558484907}. Best is trial 394 with value: 2.105730963119322.
[I 2026-05-02 22:05:29,239] Trial 405 finished with value: 4.324422250426268 and parameters: {'f_n': 3.4852468364230156e-10, 'K_d': 197647.26724353016, 'rho_d': 38859690960481.414, 'fission_rate': 6.849731291643437e+19, 'Dg_D1_scale': 2.238346923011827, 'Dg_D3_scale': 2.9124346116325213, 'Dv_D1_scale': 0.22865541702717865, 'Dv_D2_scale': 3.027418584474004, 'b_bulk_scale': 0.14373334981023467, 'b_dislocation_scale': 0.26770768915554766, 'gb_scale': 6.196216244948433, 'gd_bubble_scale': 0.0503390263872821, 'gd_line_scale': 8.242904082428423, 'gd_line_alpha': 0.8190506321884599, 'coalescence_d_scale': 0.3047433226700459, 'capture_scale': 3.7440532772300776}. Best is trial 394 with value: 2.105730963119322.
[I 2026-05-02 22:05:32,046] Trial 406 finished with value: 2.1190713498567466 and parameters: {'f_n': 1.8646424088863164e-06, 'K_d': 184685.4247322111, 'rho_d': 34702143757169.867, 'fission_rate': 6.774059272629588e+19, 'Dg_D1_scale': 1.938817012210643, 'Dg_D3_scale': 3.226971256176393, 'Dv_D1_scale': 0.22505199252674993, 'Dv_D2_scale': 2.8206903851885623, 'b_bulk_scale': 0.19668068466303223, 'b_dislocation_scale': 0.2131978552421826, 'gb_scale': 7.224523038388291, 'gd_bubble_scale': 0.307221779233744, 'gd_line_scale': 6.913047196757447, 'gd_line_alpha': 0.7883775306074231, 'coalescence_d_scale': 0.23387134925211714, 'capture_scale': 2.8486496616291688}. Best is trial 394 with value: 2.105730963119322.
[I 2026-05-02 22:05:36,460] Trial 407 finished with value: 2.1250753577230004 and parameters: {'f_n': 1.7925352312118143e-06, 'K_d': 183730.8309434179, 'rho_d': 32064418491212.156, 'fission_rate': 6.786357248659447e+19, 'Dg_D1_scale': 1.9810139673453018, 'Dg_D3_scale': 2.6268570508658446, 'Dv_D1_scale': 0.24653204392612849, 'Dv_D2_scale': 2.8359203801700845, 'b_bulk_scale': 0.22016467212326873, 'b_dislocation_scale': 0.2132120730998473, 'gb_scale': 7.996426540712407, 'gd_bubble_scale': 0.3975364193506684, 'gd_line_scale': 6.9245983892482466, 'gd_line_alpha': 0.7385659498748182, 'coalescence_d_scale': 0.1944665803561653, 'capture_scale': 2.9501718870880396}. Best is trial 394 with value: 2.105730963119322.
[I 2026-05-02 22:05:40,888] Trial 408 finished with value: 2.1261795121420355 and parameters: {'f_n': 1.7982210064048739e-06, 'K_d': 187968.77681105325, 'rho_d': 33351310536390.926, 'fission_rate': 6.778051285933629e+19, 'Dg_D1_scale': 2.070506463106892, 'Dg_D3_scale': 2.58593433839734, 'Dv_D1_scale': 0.24483265335485097, 'Dv_D2_scale': 3.0113628583486745, 'b_bulk_scale': 0.21403227161642577, 'b_dislocation_scale': 0.23433682853538082, 'gb_scale': 7.404374447779493, 'gd_bubble_scale': 0.42010459025751085, 'gd_line_scale': 6.913643264406241, 'gd_line_alpha': 0.7408859283439757, 'coalescence_d_scale': 0.17407565112134893, 'capture_scale': 1.6954116434951831}. Best is trial 394 with value: 2.105730963119322.Best trial: 394. Best value: 2.10573:  27%|██▋       | 408/1500 [28:00<1:12:59,  4.01s/it]Best trial: 394. Best value: 2.10573:  27%|██▋       | 408/1500 [28:00<1:12:59,  4.01s/it]Best trial: 394. Best value: 2.10573:  27%|██▋       | 409/1500 [28:00<1:15:11,  4.14s/it]                                                                                          Best trial: 394. Best value: 2.10573:  27%|██▋       | 409/1500 [28:05<1:15:11,  4.14s/it]Best trial: 394. Best value: 2.10573:  27%|██▋       | 409/1500 [28:05<1:15:11,  4.14s/it]Best trial: 394. Best value: 2.10573:  27%|██▋       | 410/1500 [28:05<1:17:15,  4.25s/it]                                                                                          Best trial: 394. Best value: 2.10573:  27%|██▋       | 410/1500 [28:09<1:17:15,  4.25s/it]Best trial: 394. Best value: 2.10573:  27%|██▋       | 410/1500 [28:09<1:17:15,  4.25s/it]Best trial: 394. Best value: 2.10573:  27%|██▋       | 411/1500 [28:09<1:17:33,  4.27s/it]                                                                                          Best trial: 394. Best value: 2.10573:  27%|██▋       | 411/1500 [28:14<1:17:33,  4.27s/it]Best trial: 394. Best value: 2.10573:  27%|██▋       | 411/1500 [28:14<1:17:33,  4.27s/it]Best trial: 394. Best value: 2.10573:  27%|██▋       | 412/1500 [28:14<1:22:30,  4.55s/it]                                                                                          Best trial: 394. Best value: 2.10573:  27%|██▋       | 412/1500 [28:20<1:22:30,  4.55s/it]Best trial: 394. Best value: 2.10573:  27%|██▋       | 412/1500 [28:20<1:22:30,  4.55s/it]Best trial: 394. Best value: 2.10573:  28%|██▊       | 413/1500 [28:20<1:27:12,  4.81s/it]                                                                                          Best trial: 394. Best value: 2.10573:  28%|██▊       | 413/1500 [28:23<1:27:12,  4.81s/it]Best trial: 394. Best value: 2.10573:  28%|██▊       | 413/1500 [28:23<1:27:12,  4.81s/it]Best trial: 394. Best value: 2.10573:  28%|██▊       | 414/1500 [28:23<1:16:09,  4.21s/it]                                                                                          Best trial: 394. Best value: 2.10573:  28%|██▊       | 414/1500 [28:27<1:16:09,  4.21s/it]Best trial: 394. Best value: 2.10573:  28%|██▊       | 414/1500 [28:27<1:16:09,  4.21s/it]Best trial: 394. Best value: 2.10573:  28%|██▊       | 415/1500 [28:27<1:14:57,  4.14s/it]                                                                                          Best trial: 394. Best value: 2.10573:  28%|██▊       | 415/1500 [28:32<1:14:57,  4.14s/it]Best trial: 394. Best value: 2.10573:  28%|██▊       | 415/1500 [28:32<1:14:57,  4.14s/it]Best trial: 394. Best value: 2.10573:  28%|██▊       | 416/1500 [28:32<1:20:10,  4.44s/it]                                                                                          Best trial: 394. Best value: 2.10573:  28%|██▊       | 416/1500 [28:35<1:20:10,  4.44s/it]Best trial: 394. Best value: 2.10573:  28%|██▊       | 416/1500 [28:35<1:20:10,  4.44s/it]Best trial: 394. Best value: 2.10573:  28%|██▊       | 417/1500 [28:35<1:16:04,  4.21s/it]                                                                                          Best trial: 394. Best value: 2.10573:  28%|██▊       | 417/1500 [28:40<1:16:04,  4.21s/it]Best trial: 394. Best value: 2.10573:  28%|██▊       | 417/1500 [28:40<1:16:04,  4.21s/it]Best trial: 394. Best value: 2.10573:  28%|██▊       | 418/1500 [28:40<1:17:08,  4.28s/it]                                                                                          Best trial: 394. Best value: 2.10573:  28%|██▊       | 418/1500 [28:45<1:17:08,  4.28s/it]Best trial: 394. Best value: 2.10573:  28%|██▊       | 418/1500 [28:45<1:17:08,  4.28s/it]Best trial: 394. Best value: 2.10573:  28%|██▊       | 419/1500 [28:45<1:22:27,  4.58s/it]                                                                                          Best trial: 394. Best value: 2.10573:  28%|██▊       | 419/1500 [28:50<1:22:27,  4.58s/it]Best trial: 394. Best value: 2.10573:  28%|██▊       | 419/1500 [28:50<1:22:27,  4.58s/it]Best trial: 394. Best value: 2.10573:  28%|██▊       | 420/1500 [28:50<1:26:03,  4.78s/it]                                                                                          
[I 2026-05-02 22:05:45,415] Trial 409 finished with value: 2.24224636178071 and parameters: {'f_n': 1.759554757167338e-06, 'K_d': 184572.12237515763, 'rho_d': 31122655354389.207, 'fission_rate': 6.788308523372811e+19, 'Dg_D1_scale': 2.0915540241039303, 'Dg_D3_scale': 2.2691551220042983, 'Dv_D1_scale': 0.24783213318580327, 'Dv_D2_scale': 3.0073887570198647, 'b_bulk_scale': 0.2126392679775047, 'b_dislocation_scale': 0.26282834344646056, 'gb_scale': 7.3637043138610005, 'gd_bubble_scale': 0.46085918751153, 'gd_line_scale': 6.765577549713804, 'gd_line_alpha': 0.7299706402561706, 'coalescence_d_scale': 0.1445980784278635, 'capture_scale': 1.729781332512917}. Best is trial 394 with value: 2.105730963119322.
[I 2026-05-02 22:05:49,735] Trial 410 finished with value: 2.151365164620833 and parameters: {'f_n': 1.7558696649075264e-06, 'K_d': 187383.5803450129, 'rho_d': 32963985813616.61, 'fission_rate': 6.896822019846226e+19, 'Dg_D1_scale': 1.959440479815931, 'Dg_D3_scale': 2.4277390162314596, 'Dv_D1_scale': 0.24788684756427226, 'Dv_D2_scale': 2.8199762893086997, 'b_bulk_scale': 0.22824355529868098, 'b_dislocation_scale': 0.23869037340039137, 'gb_scale': 7.449707244327324, 'gd_bubble_scale': 0.32115566862974654, 'gd_line_scale': 8.416244889846594, 'gd_line_alpha': 0.7375783854205569, 'coalescence_d_scale': 0.17099649272433282, 'capture_scale': 2.151645835196395}. Best is trial 394 with value: 2.105730963119322.
[I 2026-05-02 22:05:54,931] Trial 411 finished with value: 2.1062578583829064 and parameters: {'f_n': 1.4187395064182397e-06, 'K_d': 197268.87966467688, 'rho_d': 34312204047080.098, 'fission_rate': 5.722309839224794e+19, 'Dg_D1_scale': 1.950405587383897, 'Dg_D3_scale': 2.591513199575475, 'Dv_D1_scale': 0.23643683055794962, 'Dv_D2_scale': 3.0362099807594403, 'b_bulk_scale': 0.2042947559841006, 'b_dislocation_scale': 0.22169731033635898, 'gb_scale': 7.920411757977704, 'gd_bubble_scale': 0.35109058963761863, 'gd_line_scale': 6.758945960425485, 'gd_line_alpha': 0.7152641633606253, 'coalescence_d_scale': 0.1193328311385531, 'capture_scale': 2.724354610377104}. Best is trial 394 with value: 2.105730963119322.
[I 2026-05-02 22:06:00,358] Trial 412 finished with value: 2.1944275014703347 and parameters: {'f_n': 1.5416500771712303e-06, 'K_d': 184508.65711582123, 'rho_d': 30893083674511.395, 'fission_rate': 5.357682928217299e+19, 'Dg_D1_scale': 2.1362078911594806, 'Dg_D3_scale': 2.0619125197212256, 'Dv_D1_scale': 0.24534172569045665, 'Dv_D2_scale': 3.078074387717346, 'b_bulk_scale': 0.22281595627879044, 'b_dislocation_scale': 0.28122747500506573, 'gb_scale': 7.911972836825711, 'gd_bubble_scale': 0.30829787654605173, 'gd_line_scale': 6.694765157056372, 'gd_line_alpha': 0.7149655718201245, 'coalescence_d_scale': 0.10356922189044349, 'capture_scale': 3.261609932669905}. Best is trial 394 with value: 2.105730963119322.
[I 2026-05-02 22:06:03,153] Trial 413 finished with value: 2.2500011858736872 and parameters: {'f_n': 1.4264086166017948e-06, 'K_d': 345441.181201679, 'rho_d': 34061191279009.883, 'fission_rate': 6.7857417745861935e+19, 'Dg_D1_scale': 1.9377065377105627, 'Dg_D3_scale': 2.739379944213891, 'Dv_D1_scale': 0.2330149275214168, 'Dv_D2_scale': 2.8613747623685843, 'b_bulk_scale': 0.20270908455588565, 'b_dislocation_scale': 0.22671170709201688, 'gb_scale': 7.9758143882843475, 'gd_bubble_scale': 0.3891740974705984, 'gd_line_scale': 6.079073059516929, 'gd_line_alpha': 0.7166148457037241, 'coalescence_d_scale': 0.1683988438175184, 'capture_scale': 2.8818840387800377}. Best is trial 394 with value: 2.105730963119322.
