[I 2026-05-02 22:25:23,248] Trial 666 finished with value: 2.77822146779439 and parameters: {'f_n': 6.775697075692493e-07, 'K_d': 162878.97411230695, 'rho_d': 42471948267389.74, 'fission_rate': 6.072251138346387e+19, 'Dg_D1_scale': 0.38026347557975493, 'Dg_D3_scale': 3.035342393708815, 'Dv_D1_scale': 0.2662473175420011, 'Dv_D2_scale': 3.5784876636479623, 'b_bulk_scale': 0.24280818129450013, 'b_dislocation_scale': 0.08687392398271222, 'gb_scale': 4.689421952298646, 'gd_bubble_scale': 0.6639661676134755, 'gd_line_scale': 3.1845727254238163, 'gd_line_alpha': 0.866606496304612, 'coalescence_d_scale': 0.4743615217385235, 'capture_scale': 4.12287374355497}. Best is trial 444 with value: 2.0614202321115003.
[I 2026-05-02 22:25:26,409] Trial 667 finished with value: 2.314628444984564 and parameters: {'f_n': 7.510087030935874e-07, 'K_d': 171819.55922075655, 'rho_d': 39987778313035.82, 'fission_rate': 6.263025354354244e+19, 'Dg_D1_scale': 0.263405522227975, 'Dg_D3_scale': 2.841645473506073, 'Dv_D1_scale': 0.2532163104518207, 'Dv_D2_scale': 3.6665681144600963, 'b_bulk_scale': 0.21583250279561553, 'b_dislocation_scale': 0.10436660529204835, 'gb_scale': 4.1209994530900085, 'gd_bubble_scale': 0.626860785412948, 'gd_line_scale': 3.0570255240997617, 'gd_line_alpha': 0.8779589569618799, 'coalescence_d_scale': 0.4225337015070504, 'capture_scale': 4.751479310975784}. Best is trial 444 with value: 2.0614202321115003.
[I 2026-05-02 22:25:31,307] Trial 668 finished with value: 2.5157702561253363 and parameters: {'f_n': 5.425246753884548e-07, 'K_d': 177052.82930289174, 'rho_d': 43795345638227.17, 'fission_rate': 6.154333620354024e+19, 'Dg_D1_scale': 0.3820782206005595, 'Dg_D3_scale': 2.5856175432567947, 'Dv_D1_scale': 0.2799767760469869, 'Dv_D2_scale': 3.449743429146709, 'b_bulk_scale': 0.2074958706445746, 'b_dislocation_scale': 0.12190028009044594, 'gb_scale': 4.888703666028846, 'gd_bubble_scale': 0.6646781990290863, 'gd_line_scale': 3.515208434871231, 'gd_line_alpha': 0.8834039518694647, 'coalescence_d_scale': 0.4788699613731201, 'capture_scale': 3.9507400858212187}. Best is trial 444 with value: 2.0614202321115003.
[I 2026-05-02 22:25:36,245] Trial 669 finished with value: 3.7794298359134553 and parameters: {'f_n': 8.025272152286675e-07, 'K_d': 158382.6628906167, 'rho_d': 39445305028805.01, 'fission_rate': 6.02124593028372e+19, 'Dg_D1_scale': 0.31292279143772433, 'Dg_D3_scale': 2.9829908814962223, 'Dv_D1_scale': 0.2646300626600785, 'Dv_D2_scale': 3.631727370457521, 'b_bulk_scale': 0.20512884064329379, 'b_dislocation_scale': 0.12102219261065528, 'gb_scale': 5.362754441343023, 'gd_bubble_scale': 0.5858831260501457, 'gd_line_scale': 2.892784637006515, 'gd_line_alpha': 0.8536054279568484, 'coalescence_d_scale': 3.8948435146168303, 'capture_scale': 3.370840369594238}. Best is trial 444 with value: 2.0614202321115003.
[I 2026-05-02 22:25:41,070] Trial 670 finished with value: 2.7166232921265347 and parameters: {'f_n': 8.84139736425439e-07, 'K_d': 156220.3658202878, 'rho_d': 44735458191368.57, 'fission_rate': 6.220025308846016e+19, 'Dg_D1_scale': 0.3175886350222306, 'Dg_D3_scale': 3.213956245033001, 'Dv_D1_scale': 0.25149388394185773, 'Dv_D2_scale': 3.638127409614875, 'b_bulk_scale': 0.24604493820554021, 'b_dislocation_scale': 0.10379190293055537, 'gb_scale': 4.986084148591693, 'gd_bubble_scale': 0.515007984482587, 'gd_line_scale': 3.829376414917172, 'gd_line_alpha': 0.8441935123818505, 'coalescence_d_scale': 0.40473164942126133, 'capture_scale': 3.6828725685556964}. Best is trial 444 with value: 2.0614202321115003.
[I 2026-05-02 22:25:46,000] Trial 671 finished with value: 2.403767201804112 and parameters: {'f_n': 9.684242610378024e-07, 'K_d': 174655.00042045134, 'rho_d': 38050545367394.85, 'fission_rate': 6.005203408663269e+19, 'Dg_D1_scale': 0.653268922571581, 'Dg_D3_scale': 2.6979485166684736, 'Dv_D1_scale': 0.2995704908465965, 'Dv_D2_scale': 3.292277077437254, 'b_bulk_scale': 0.2223184214954721, 'b_dislocation_scale': 0.13215183290797297, 'gb_scale': 5.435572474167418, 'gd_bubble_scale': 0.6628390795027864, 'gd_line_scale': 4.393975020205401, 'gd_line_alpha': 0.8978906513836318, 'coalescence_d_scale': 0.43454822531608517, 'capture_scale': 4.573259199233694}. Best is trial 444 with value: 2.0614202321115003.
[I 2026-05-02 22:25:50,879] Trial 672 finished with value: 2.113111232241097 and parameters: {'f_n': 1.0971726493787553e-06, 'K_d': 174683.1912992829, 'rho_d': 41010408993087.375, 'fission_rate': 6.115248685887892e+19, 'Dg_D1_scale': 0.33197593312759505, 'Dg_D3_scale': 3.1813402049257022, 'Dv_D1_scale': 0.2311405901613095, 'Dv_D2_scale': 3.3187549294038705, 'b_bulk_scale': 0.19298711641155758, 'b_dislocation_scale': 0.12472300763101202, 'gb_scale': 4.410932958430221, 'gd_bubble_scale': 0.5884490753427204, 'gd_line_scale': 3.1589972709397314, 'gd_line_alpha': 0.8615090359804842, 'coalescence_d_scale': 0.49445614546628874, 'capture_scale': 3.330826798198107}. Best is trial 444 with value: 2.0614202321115003.Best trial: 444. Best value: 2.06142:  45%|████▍     | 672/1500 [48:10<1:05:41,  4.76s/it]Best trial: 444. Best value: 2.06142:  45%|████▍     | 672/1500 [48:10<1:05:41,  4.76s/it]Best trial: 444. Best value: 2.06142:  45%|████▍     | 673/1500 [48:10<1:06:04,  4.79s/it]                                                                                          Best trial: 444. Best value: 2.06142:  45%|████▍     | 673/1500 [48:15<1:06:04,  4.79s/it]Best trial: 444. Best value: 2.06142:  45%|████▍     | 673/1500 [48:15<1:06:04,  4.79s/it]Best trial: 444. Best value: 2.06142:  45%|████▍     | 674/1500 [48:15<1:05:55,  4.79s/it]                                                                                          Best trial: 444. Best value: 2.06142:  45%|████▍     | 674/1500 [48:18<1:05:55,  4.79s/it]Best trial: 444. Best value: 2.06142:  45%|████▍     | 674/1500 [48:18<1:05:55,  4.79s/it]Best trial: 444. Best value: 2.06142:  45%|████▌     | 675/1500 [48:18<59:04,  4.30s/it]                                                                                          Best trial: 444. Best value: 2.06142:  45%|████▌     | 675/1500 [48:23<59:04,  4.30s/it]Best trial: 444. Best value: 2.06142:  45%|████▌     | 675/1500 [48:23<59:04,  4.30s/it]Best trial: 444. Best value: 2.06142:  45%|████▌     | 676/1500 [48:23<1:00:48,  4.43s/it]                                                                                          Best trial: 444. Best value: 2.06142:  45%|████▌     | 676/1500 [48:28<1:00:48,  4.43s/it]Best trial: 444. Best value: 2.06142:  45%|████▌     | 676/1500 [48:28<1:00:48,  4.43s/it]Best trial: 444. Best value: 2.06142:  45%|████▌     | 677/1500 [48:28<1:01:52,  4.51s/it]                                                                                          Best trial: 444. Best value: 2.06142:  45%|████▌     | 677/1500 [48:33<1:01:52,  4.51s/it]Best trial: 444. Best value: 2.06142:  45%|████▌     | 677/1500 [48:33<1:01:52,  4.51s/it]Best trial: 444. Best value: 2.06142:  45%|████▌     | 678/1500 [48:33<1:03:10,  4.61s/it]                                                                                          Best trial: 444. Best value: 2.06142:  45%|████▌     | 678/1500 [48:37<1:03:10,  4.61s/it]Best trial: 444. Best value: 2.06142:  45%|████▌     | 678/1500 [48:37<1:03:10,  4.61s/it]Best trial: 444. Best value: 2.06142:  45%|████▌     | 679/1500 [48:37<1:03:43,  4.66s/it]                                                                                          Best trial: 444. Best value: 2.06142:  45%|████▌     | 679/1500 [48:42<1:03:43,  4.66s/it]Best trial: 444. Best value: 2.06142:  45%|████▌     | 679/1500 [48:42<1:03:43,  4.66s/it]Best trial: 444. Best value: 2.06142:  45%|████▌     | 680/1500 [48:42<1:04:35,  4.73s/it]                                                                                          Best trial: 444. Best value: 2.06142:  45%|████▌     | 680/1500 [48:47<1:04:35,  4.73s/it]Best trial: 444. Best value: 2.06142:  45%|████▌     | 680/1500 [48:47<1:04:35,  4.73s/it]Best trial: 444. Best value: 2.06142:  45%|████▌     | 681/1500 [48:47<1:04:21,  4.71s/it]                                                                                          Best trial: 444. Best value: 2.06142:  45%|████▌     | 681/1500 [48:50<1:04:21,  4.71s/it]Best trial: 444. Best value: 2.06142:  45%|████▌     | 681/1500 [48:50<1:04:21,  4.71s/it]Best trial: 444. Best value: 2.06142:  45%|████▌     | 682/1500 [48:50<57:56,  4.25s/it]                                                                                          Best trial: 444. Best value: 2.06142:  45%|████▌     | 682/1500 [48:55<57:56,  4.25s/it]Best trial: 444. Best value: 2.06142:  45%|████▌     | 682/1500 [48:55<57:56,  4.25s/it]Best trial: 444. Best value: 2.06142:  46%|████▌     | 683/1500 [48:55<59:58,  4.40s/it]                                                                                        Best trial: 444. Best value: 2.06142:  46%|████▌     | 683/1500 [49:00<59:58,  4.40s/it]Best trial: 444. Best value: 2.06142:  46%|████▌     | 683/1500 [49:00<59:58,  4.40s/it]Best trial: 444. Best value: 2.06142:  46%|████▌     | 684/1500 [49:00<1:01:51,  4.55s/it]                                                                                          
[I 2026-05-02 22:25:55,657] Trial 673 finished with value: 2.100079863454707 and parameters: {'f_n': 1.22369042363839e-06, 'K_d': 161626.27662149223, 'rho_d': 39597280278069.43, 'fission_rate': 6.266822251178487e+19, 'Dg_D1_scale': 0.32174613395051216, 'Dg_D3_scale': 3.008564401724911, 'Dv_D1_scale': 0.2455596926484343, 'Dv_D2_scale': 3.747174285133005, 'b_bulk_scale': 0.2346516581229798, 'b_dislocation_scale': 0.13530341924027162, 'gb_scale': 5.361592001229958, 'gd_bubble_scale': 0.5406468353572174, 'gd_line_scale': 3.850042056289898, 'gd_line_alpha': 0.8258733539647904, 'coalescence_d_scale': 0.3726138117273627, 'capture_scale': 3.1196021989093428}. Best is trial 444 with value: 2.0614202321115003.
[I 2026-05-02 22:25:58,801] Trial 674 finished with value: 2.55441187004406 and parameters: {'f_n': 9.474375304076757e-07, 'K_d': 155277.9904818986, 'rho_d': 43216633201687.7, 'fission_rate': 6.285777523598247e+19, 'Dg_D1_scale': 0.42009167064562597, 'Dg_D3_scale': 2.89651365606728, 'Dv_D1_scale': 0.2395160315661807, 'Dv_D2_scale': 3.729762479436695, 'b_bulk_scale': 0.24829752712986444, 'b_dislocation_scale': 0.11553618920083795, 'gb_scale': 4.452650433157666, 'gd_bubble_scale': 0.5033775052753309, 'gd_line_scale': 3.818986609416389, 'gd_line_alpha': 0.8301968522548598, 'coalescence_d_scale': 0.38122996296067824, 'capture_scale': 3.8212041248394133}. Best is trial 444 with value: 2.0614202321115003.
[I 2026-05-02 22:26:03,537] Trial 675 finished with value: 2.1636641217710193 and parameters: {'f_n': 7.930947839341997e-07, 'K_d': 152487.00800348286, 'rho_d': 41201694162480.52, 'fission_rate': 6.26295729094105e+19, 'Dg_D1_scale': 0.2931962137825812, 'Dg_D3_scale': 2.719476455627442, 'Dv_D1_scale': 0.22886547970437252, 'Dv_D2_scale': 3.724656458598108, 'b_bulk_scale': 0.25253715039001967, 'b_dislocation_scale': 0.1353536959467681, 'gb_scale': 5.049345831416894, 'gd_bubble_scale': 0.5465327644057253, 'gd_line_scale': 3.4500871622413145, 'gd_line_alpha': 0.8793644612056559, 'coalescence_d_scale': 0.4312446666495427, 'capture_scale': 3.317644206317632}. Best is trial 444 with value: 2.0614202321115003.
[I 2026-05-02 22:26:08,243] Trial 676 finished with value: 2.275558728949314 and parameters: {'f_n': 6.252880892295219e-07, 'K_d': 161871.64610245466, 'rho_d': 39378611834755.695, 'fission_rate': 6.3208369897910804e+19, 'Dg_D1_scale': 0.3267810924439551, 'Dg_D3_scale': 2.4633712422622964, 'Dv_D1_scale': 0.24667837233294349, 'Dv_D2_scale': 3.7322328020526596, 'b_bulk_scale': 0.22538921340039317, 'b_dislocation_scale': 0.13576425744521764, 'gb_scale': 5.427197062332214, 'gd_bubble_scale': 0.4857774511348884, 'gd_line_scale': 3.9823598919664605, 'gd_line_alpha': 0.8597646541652231, 'coalescence_d_scale': 0.5187344242367448, 'capture_scale': 4.549487527513819}. Best is trial 444 with value: 2.0614202321115003.
[I 2026-05-02 22:26:13,087] Trial 677 finished with value: 2.8041911978341383 and parameters: {'f_n': 1.108525979142522e-06, 'K_d': 163012.17800740545, 'rho_d': 46253565743507.05, 'fission_rate': 6.195393297154045e+19, 'Dg_D1_scale': 0.27764416239988954, 'Dg_D3_scale': 2.9527834018619177, 'Dv_D1_scale': 0.22898213508980805, 'Dv_D2_scale': 3.507489525567797, 'b_bulk_scale': 0.22948099441058079, 'b_dislocation_scale': 0.09319246112952842, 'gb_scale': 3.5914590092569516, 'gd_bubble_scale': 0.5468664751764993, 'gd_line_scale': 3.5072325506517212, 'gd_line_alpha': 0.838776858914611, 'coalescence_d_scale': 0.3843448242100286, 'capture_scale': 3.8035089087152296}. Best is trial 444 with value: 2.0614202321115003.
[I 2026-05-02 22:26:17,851] Trial 678 finished with value: 2.150369715320398 and parameters: {'f_n': 1.3090943697350792e-06, 'K_d': 169663.521894439, 'rho_d': 41583459379934.66, 'fission_rate': 6.23504306700911e+19, 'Dg_D1_scale': 0.3937250156281687, 'Dg_D3_scale': 3.054307384850628, 'Dv_D1_scale': 0.24358157804551342, 'Dv_D2_scale': 3.754857586339189, 'b_bulk_scale': 0.2506279017997379, 'b_dislocation_scale': 0.10750923083426696, 'gb_scale': 4.800722095189808, 'gd_bubble_scale': 0.47992590471706736, 'gd_line_scale': 3.0011566376517105, 'gd_line_alpha': 0.8475974605617553, 'coalescence_d_scale': 0.3693539625456833, 'capture_scale': 3.1447023276156836}. Best is trial 444 with value: 2.0614202321115003.
[I 2026-05-02 22:26:22,742] Trial 679 finished with value: 2.208349422614044 and parameters: {'f_n': 8.761702285496287e-07, 'K_d': 166691.2479026503, 'rho_d': 39223470935937.336, 'fission_rate': 6.123173944130841e+19, 'Dg_D1_scale': 0.3071572819958503, 'Dg_D3_scale': 2.7874790757589314, 'Dv_D1_scale': 0.26716454583380533, 'Dv_D2_scale': 3.43643549237681, 'b_bulk_scale': 0.20636415732436614, 'b_dislocation_scale': 0.1348009370819537, 'gb_scale': 5.656271646558041, 'gd_bubble_scale': 0.6303259577233974, 'gd_line_scale': 4.176894287898775, 'gd_line_alpha': 0.826106856196318, 'coalescence_d_scale': 0.4196646785233439, 'capture_scale': 4.187880342960309}. Best is trial 444 with value: 2.0614202321115003.
[I 2026-05-02 22:26:27,429] Trial 680 finished with value: 2.2757315619587617 and parameters: {'f_n': 1.106992358066907e-06, 'K_d': 524419.4782728974, 'rho_d': 44498797095954.45, 'fission_rate': 6.3444194520375796e+19, 'Dg_D1_scale': 0.37277146645943177, 'Dg_D3_scale': 3.2215036336769636, 'Dv_D1_scale': 0.2244458647312561, 'Dv_D2_scale': 3.4099368862334183, 'b_bulk_scale': 0.22784692489598046, 'b_dislocation_scale': 0.11899833109043303, 'gb_scale': 4.238106074558881, 'gd_bubble_scale': 0.5594005745862576, 'gd_line_scale': 3.208199929158455, 'gd_line_alpha': 0.8930539385017192, 'coalescence_d_scale': 0.3767460269839139, 'capture_scale': 3.1886790017681834}. Best is trial 444 with value: 2.0614202321115003.
[I 2026-05-02 22:26:30,590] Trial 681 finished with value: 3.077719033451053 and parameters: {'f_n': 1.3613459823674259e-06, 'K_d': 1001099.3225838041, 'rho_d': 17272968023285.658, 'fission_rate': 6.199755713399269e+19, 'Dg_D1_scale': 0.3215620914891588, 'Dg_D3_scale': 3.0091421454486507, 'Dv_D1_scale': 0.24257742955489167, 'Dv_D2_scale': 1.484183348441053, 'b_bulk_scale': 0.44821199926217387, 'b_dislocation_scale': 0.13824805126002573, 'gb_scale': 5.305109470800097, 'gd_bubble_scale': 0.6832418977493526, 'gd_line_scale': 3.6955047003806554, 'gd_line_alpha': 0.8708068699101339, 'coalescence_d_scale': 0.4414664450054079, 'capture_scale': 2.8889521985894846}. Best is trial 444 with value: 2.0614202321115003.
[I 2026-05-02 22:26:35,350] Trial 682 finished with value: 2.2938286087788327 and parameters: {'f_n': 1.1931335994155477e-06, 'K_d': 148146.5324099777, 'rho_d': 21687215720311.855, 'fission_rate': 6.293749828314857e+19, 'Dg_D1_scale': 0.24631994320345132, 'Dg_D3_scale': 2.586710609275472, 'Dv_D1_scale': 0.22575046094016307, 'Dv_D2_scale': 3.7227700111234436, 'b_bulk_scale': 0.26580587232685504, 'b_dislocation_scale': 0.12355822589705817, 'gb_scale': 4.915043316340547, 'gd_bubble_scale': 0.5191908130512904, 'gd_line_scale': 4.382259602487332, 'gd_line_alpha': 0.8296415267978986, 'coalescence_d_scale': 0.48755362687353987, 'capture_scale': 3.5553571726733173}. Best is trial 444 with value: 2.0614202321115003.
[I 2026-05-02 22:26:40,241] Trial 683 finished with value: 2.1061398159953577 and parameters: {'f_n': 8.886762564613482e-07, 'K_d': 176822.3884521498, 'rho_d': 37685316061704.76, 'fission_rate': 6.11275082605304e+19, 'Dg_D1_scale': 0.33645423512811534, 'Dg_D3_scale': 3.153218554819378, 'Dv_D1_scale': 0.2803322528400509, 'Dv_D2_scale': 3.2847417057682486, 'b_bulk_scale': 0.2066105161240246, 'b_dislocation_scale': 0.14023427206105032, 'gb_scale': 5.69496054038928, 'gd_bubble_scale': 0.4703276064402929, 'gd_line_scale': 4.007470931921191, 'gd_line_alpha': 0.8498424689683934, 'coalescence_d_scale': 0.3632125585448862, 'capture_scale': 2.8515781909831963}. Best is trial 444 with value: 2.0614202321115003.
