[I 2026-05-02 22:29:45,749] Trial 720 finished with value: 2.249313288219007 and parameters: {'f_n': 1.0387626072308918e-06, 'K_d': 148741.0090535589, 'rho_d': 54137610711780.97, 'fission_rate': 7.233563849186945e+19, 'Dg_D1_scale': 0.5414588184558383, 'Dg_D3_scale': 3.372878228188214, 'Dv_D1_scale': 0.22845290871369403, 'Dv_D2_scale': 3.8059508318689357, 'b_bulk_scale': 0.33147738488673173, 'b_dislocation_scale': 0.1510177777636944, 'gb_scale': 3.802706039011674, 'gd_bubble_scale': 0.6145359449198156, 'gd_line_scale': 2.3687370822756844, 'gd_line_alpha': 0.9138496850435283, 'coalescence_d_scale': 0.47775193532063215, 'capture_scale': 4.3591314032322135}. Best is trial 716 with value: 2.048210345037246.Best trial: 716. Best value: 2.04821:  48%|████▊     | 720/1500 [52:05<57:18,  4.41s/it]Best trial: 716. Best value: 2.04821:  48%|████▊     | 720/1500 [52:05<57:18,  4.41s/it]Best trial: 716. Best value: 2.04821:  48%|████▊     | 721/1500 [52:05<56:37,  4.36s/it]                                                                                        Best trial: 716. Best value: 2.04821:  48%|████▊     | 721/1500 [52:10<56:37,  4.36s/it]Best trial: 716. Best value: 2.04821:  48%|████▊     | 721/1500 [52:10<56:37,  4.36s/it]Best trial: 716. Best value: 2.04821:  48%|████▊     | 722/1500 [52:10<58:17,  4.50s/it]                                                                                        Best trial: 716. Best value: 2.04821:  48%|████▊     | 722/1500 [52:14<58:17,  4.50s/it]Best trial: 716. Best value: 2.04821:  48%|████▊     | 722/1500 [52:14<58:17,  4.50s/it]Best trial: 716. Best value: 2.04821:  48%|████▊     | 723/1500 [52:14<57:37,  4.45s/it]                                                                                        Best trial: 716. Best value: 2.04821:  48%|████▊     | 723/1500 [52:19<57:37,  4.45s/it]Best trial: 716. Best value: 2.04821:  48%|████▊     | 723/1500 [52:19<57:37,  4.45s/it]Best trial: 716. Best value: 2.04821:  48%|████▊     | 724/1500 [52:19<56:46,  4.39s/it]                                                                                        Best trial: 716. Best value: 2.04821:  48%|████▊     | 724/1500 [52:23<56:46,  4.39s/it]Best trial: 716. Best value: 2.04821:  48%|████▊     | 724/1500 [52:23<56:46,  4.39s/it]Best trial: 716. Best value: 2.04821:  48%|████▊     | 725/1500 [52:23<55:44,  4.32s/it]                                                                                        Best trial: 716. Best value: 2.04821:  48%|████▊     | 725/1500 [52:25<55:44,  4.32s/it]Best trial: 716. Best value: 2.04821:  48%|████▊     | 725/1500 [52:25<55:44,  4.32s/it]Best trial: 716. Best value: 2.04821:  48%|████▊     | 726/1500 [52:25<48:52,  3.79s/it]                                                                                        Best trial: 716. Best value: 2.04821:  48%|████▊     | 726/1500 [52:29<48:52,  3.79s/it]Best trial: 716. Best value: 2.04821:  48%|████▊     | 726/1500 [52:30<48:52,  3.79s/it]Best trial: 716. Best value: 2.04821:  48%|████▊     | 727/1500 [52:30<50:08,  3.89s/it]                                                                                        Best trial: 716. Best value: 2.04821:  48%|████▊     | 727/1500 [52:34<50:08,  3.89s/it]Best trial: 716. Best value: 2.04821:  48%|████▊     | 727/1500 [52:34<50:08,  3.89s/it]Best trial: 716. Best value: 2.04821:  49%|████▊     | 728/1500 [52:34<51:19,  3.99s/it]                                                                                        Best trial: 716. Best value: 2.04821:  49%|████▊     | 728/1500 [52:38<51:19,  3.99s/it]Best trial: 716. Best value: 2.04821:  49%|████▊     | 728/1500 [52:38<51:19,  3.99s/it]Best trial: 716. Best value: 2.04821:  49%|████▊     | 729/1500 [52:38<51:48,  4.03s/it]                                                                                        Best trial: 716. Best value: 2.04821:  49%|████▊     | 729/1500 [52:42<51:48,  4.03s/it]Best trial: 716. Best value: 2.04821:  49%|████▊     | 729/1500 [52:42<51:48,  4.03s/it]Best trial: 716. Best value: 2.04821:  49%|████▊     | 730/1500 [52:42<52:07,  4.06s/it]                                                                                        Best trial: 716. Best value: 2.04821:  49%|████▊     | 730/1500 [52:46<52:07,  4.06s/it]Best trial: 716. Best value: 2.04821:  49%|████▊     | 730/1500 [52:46<52:07,  4.06s/it]Best trial: 716. Best value: 2.04821:  49%|████▊     | 731/1500 [52:46<52:48,  4.12s/it]                                                                                        Best trial: 716. Best value: 2.04821:  49%|████▊     | 731/1500 [52:50<52:48,  4.12s/it]Best trial: 716. Best value: 2.04821:  49%|████▊     | 731/1500 [52:50<52:48,  4.12s/it]Best trial: 716. Best value: 2.04821:  49%|████▉     | 732/1500 [52:50<53:03,  4.15s/it]                                                                                        
[I 2026-05-02 22:29:50,559] Trial 721 finished with value: 2.104404872327197 and parameters: {'f_n': 6.127658576495075e-07, 'K_d': 191480.61680795022, 'rho_d': 46090846021454.92, 'fission_rate': 6.236719590824391e+19, 'Dg_D1_scale': 0.5192464081901437, 'Dg_D3_scale': 2.838614851411543, 'Dv_D1_scale': 0.21913622672379068, 'Dv_D2_scale': 3.6992009242616097, 'b_bulk_scale': 0.2946583660481594, 'b_dislocation_scale': 0.12427814082517546, 'gb_scale': 4.392451696661815, 'gd_bubble_scale': 0.685709814697602, 'gd_line_scale': 2.0386795871576933, 'gd_line_alpha': 0.9112628452058226, 'coalescence_d_scale': 0.4498955158678985, 'capture_scale': 4.8292571714580355}. Best is trial 716 with value: 2.048210345037246.
[I 2026-05-02 22:29:54,897] Trial 722 finished with value: 4.040663757820427 and parameters: {'f_n': 1.2311892444812582e-06, 'K_d': 169442.48190454373, 'rho_d': 45491526626325.305, 'fission_rate': 7.188013312043841e+19, 'Dg_D1_scale': 0.4877383543321953, 'Dg_D3_scale': 3.3541233372927324, 'Dv_D1_scale': 3.0037454922828037, 'Dv_D2_scale': 3.6517863666455614, 'b_bulk_scale': 0.3277686602823626, 'b_dislocation_scale': 0.1363630731926154, 'gb_scale': 3.494418739348763, 'gd_bubble_scale': 0.702488144028304, 'gd_line_scale': 2.5018807811673165, 'gd_line_alpha': 0.8911113543785882, 'coalescence_d_scale': 0.40848292732672076, 'capture_scale': 6.059880174488058}. Best is trial 716 with value: 2.048210345037246.
[I 2026-05-02 22:29:59,149] Trial 723 finished with value: 2.4022550475194637 and parameters: {'f_n': 8.097477376416764e-07, 'K_d': 183287.89949735737, 'rho_d': 47552259709987.016, 'fission_rate': 7.3528386236541714e+19, 'Dg_D1_scale': 0.551102857238862, 'Dg_D3_scale': 2.6891834298421378, 'Dv_D1_scale': 0.23441010839406157, 'Dv_D2_scale': 3.815970488726421, 'b_bulk_scale': 0.3862571256065879, 'b_dislocation_scale': 0.10647890363327063, 'gb_scale': 4.148127058621224, 'gd_bubble_scale': 0.5913041919281097, 'gd_line_scale': 2.255711224531368, 'gd_line_alpha': 0.8964045651772418, 'coalescence_d_scale': 0.4137268738354317, 'capture_scale': 4.192144131447467}. Best is trial 716 with value: 2.048210345037246.
[I 2026-05-02 22:30:03,293] Trial 724 finished with value: 2.1224414199590744 and parameters: {'f_n': 9.979255981583097e-07, 'K_d': 162960.37912714845, 'rho_d': 48797791453449.82, 'fission_rate': 7.48604176337131e+19, 'Dg_D1_scale': 0.6409857911697165, 'Dg_D3_scale': 3.026413110356547, 'Dv_D1_scale': 0.2521974009771131, 'Dv_D2_scale': 3.9789601132597965, 'b_bulk_scale': 0.27443618541628134, 'b_dislocation_scale': 0.15037134010343337, 'gb_scale': 3.968199733693325, 'gd_bubble_scale': 0.5248924377194835, 'gd_line_scale': 2.5163049720880957, 'gd_line_alpha': 0.8800972852246334, 'coalescence_d_scale': 0.3882174453873857, 'capture_scale': 5.015143906020839}. Best is trial 716 with value: 2.048210345037246.
[I 2026-05-02 22:30:05,848] Trial 725 finished with value: 2.0705837845359647 and parameters: {'f_n': 1.2824422389944911e-06, 'K_d': 192169.01159174697, 'rho_d': 51056958714631.13, 'fission_rate': 7.271732228760744e+19, 'Dg_D1_scale': 0.557098829315496, 'Dg_D3_scale': 3.2098996248976803, 'Dv_D1_scale': 0.2181427319486771, 'Dv_D2_scale': 3.5905511974195883, 'b_bulk_scale': 0.27355616753079304, 'b_dislocation_scale': 0.13422177872284308, 'gb_scale': 4.532452721038282, 'gd_bubble_scale': 0.6277581265659357, 'gd_line_scale': 1.9824367421818494, 'gd_line_alpha': 0.8841642410232348, 'coalescence_d_scale': 0.3706779401562194, 'capture_scale': 3.738744726706071}. Best is trial 716 with value: 2.048210345037246.
[I 2026-05-02 22:30:09,984] Trial 726 finished with value: 2.178713971890827 and parameters: {'f_n': 1.2603251822873382e-06, 'K_d': 178649.44639244166, 'rho_d': 62139430591328.76, 'fission_rate': 7.409427177276078e+19, 'Dg_D1_scale': 0.5608308133356378, 'Dg_D3_scale': 2.957730724969471, 'Dv_D1_scale': 0.21632694603112926, 'Dv_D2_scale': 3.7826171096494057, 'b_bulk_scale': 0.353124658999712, 'b_dislocation_scale': 0.12952902038417266, 'gb_scale': 4.017334750056765, 'gd_bubble_scale': 0.714704636225097, 'gd_line_scale': 1.7963898211260656, 'gd_line_alpha': 0.8943666337771752, 'coalescence_d_scale': 0.4505541285791865, 'capture_scale': 3.951647150341135}. Best is trial 716 with value: 2.048210345037246.
[I 2026-05-02 22:30:14,201] Trial 727 finished with value: 2.8205597464730032 and parameters: {'f_n': 1.4969690874830845e-06, 'K_d': 165650.77142193075, 'rho_d': 51174945239443.79, 'fission_rate': 7.236982019618583e+19, 'Dg_D1_scale': 0.5972455853608758, 'Dg_D3_scale': 3.155336012129616, 'Dv_D1_scale': 0.21535301404381668, 'Dv_D2_scale': 3.588764561072421, 'b_bulk_scale': 0.3051499595644954, 'b_dislocation_scale': 0.06282866839352426, 'gb_scale': 4.425753094737153, 'gd_bubble_scale': 0.6446141815366745, 'gd_line_scale': 2.4163617884178428, 'gd_line_alpha': 0.9160903529139532, 'coalescence_d_scale': 0.505491605870881, 'capture_scale': 4.39479069664695}. Best is trial 716 with value: 2.048210345037246.
[I 2026-05-02 22:30:18,332] Trial 728 finished with value: 2.2160825210757666 and parameters: {'f_n': 9.549648007637541e-07, 'K_d': 192060.89911418737, 'rho_d': 51817242211547.086, 'fission_rate': 7.360538245643948e+19, 'Dg_D1_scale': 0.5223660755181924, 'Dg_D3_scale': 2.749351165850196, 'Dv_D1_scale': 0.2214878225753378, 'Dv_D2_scale': 3.600427780139333, 'b_bulk_scale': 0.2807630428248256, 'b_dislocation_scale': 0.11392677241066995, 'gb_scale': 3.28523264322067, 'gd_bubble_scale': 0.5798266896402606, 'gd_line_scale': 2.003476464854383, 'gd_line_alpha': 0.9247166869637374, 'coalescence_d_scale': 0.3890447947961494, 'capture_scale': 3.7635613424858003}. Best is trial 716 with value: 2.048210345037246.
[I 2026-05-02 22:30:22,461] Trial 729 finished with value: 2.1284860564413433 and parameters: {'f_n': 1.16097716155551e-06, 'K_d': 150647.91394592013, 'rho_d': 56010179914936.53, 'fission_rate': 7.35205834118444e+19, 'Dg_D1_scale': 0.5000343949877833, 'Dg_D3_scale': 2.9634087172571593, 'Dv_D1_scale': 0.23109435632681538, 'Dv_D2_scale': 3.828046292700259, 'b_bulk_scale': 0.26570846245952423, 'b_dislocation_scale': 0.13114868510623795, 'gb_scale': 4.603594957675392, 'gd_bubble_scale': 0.6396573081612806, 'gd_line_scale': 2.2575784062237636, 'gd_line_alpha': 0.877928604869695, 'coalescence_d_scale': 0.403676772141416, 'capture_scale': 5.529225616166009}. Best is trial 716 with value: 2.048210345037246.
[I 2026-05-02 22:30:26,717] Trial 730 finished with value: 2.7389703452594176 and parameters: {'f_n': 1.4428259178808606e-06, 'K_d': 1321340.141394622, 'rho_d': 51336790255269.15, 'fission_rate': 7.202127259836627e+19, 'Dg_D1_scale': 0.6473131738061461, 'Dg_D3_scale': 3.174572806824727, 'Dv_D1_scale': 0.21342148977691341, 'Dv_D2_scale': 3.575510389681997, 'b_bulk_scale': 0.3180725768116028, 'b_dislocation_scale': 0.1170578974229541, 'gb_scale': 3.907146291184986, 'gd_bubble_scale': 0.5430434392761203, 'gd_line_scale': 2.0725158600070444, 'gd_line_alpha': 0.8739188348818759, 'coalescence_d_scale': 0.35351085293562834, 'capture_scale': 4.678070676694303}. Best is trial 716 with value: 2.048210345037246.
[I 2026-05-02 22:30:30,922] Trial 731 finished with value: 2.6474870587216337 and parameters: {'f_n': 8.225084149756127e-07, 'K_d': 177351.34334461574, 'rho_d': 49627846721516.26, 'fission_rate': 7.277216082760666e+19, 'Dg_D1_scale': 0.4661941008270387, 'Dg_D3_scale': 3.3351018818570393, 'Dv_D1_scale': 0.23099265277731057, 'Dv_D2_scale': 3.9978648655702775, 'b_bulk_scale': 0.2798506194547702, 'b_dislocation_scale': 0.08797092317233102, 'gb_scale': 4.602022669657944, 'gd_bubble_scale': 0.6115573089558602, 'gd_line_scale': 2.6005049679843797, 'gd_line_alpha': 0.8943096617363817, 'coalescence_d_scale': 0.4397169690434817, 'capture_scale': 3.7802797558034786}. Best is trial 716 with value: 2.048210345037246.
[I 2026-05-02 22:30:33,487] Trial 732 finished with value: 2.1179281467559754 and parameters: {'f_n': 1.127933618253406e-06, 'K_d': 191058.43622502356, 'rho_d': 51695752942709.09, 'fission_rate': 7.343279788362174e+19, 'Dg_D1_scale': 0.561597731803246, 'Dg_D3_scale': 2.439835749400427, 'Dv_D1_scale': 0.21434318752712783, 'Dv_D2_scale': 3.535715725340885, 'b_bulk_scale': 0.2841969727787668, 'b_dislocation_scale': 0.15105616771315028, 'gb_scale': 4.614895271127768, 'gd_bubble_scale': 0.7934273597481326, 'gd_line_scale': 2.793867411635123, 'gd_line_alpha': 0.5573758300461964, 'coalescence_d_scale': 0.36744287063068626, 'capture_scale': 3.7174040584408803}. Best is trial 716 with value: 2.048210345037246.Best trial: 716. Best value: 2.04821:  49%|████▉     | 732/1500 [52:53<53:03,  4.15s/it]Best trial: 716. Best value: 2.04821:  49%|████▉     | 732/1500 [52:53<53:03,  4.15s/it]Best trial: 716. Best value: 2.04821:  49%|████▉     | 733/1500 [52:53<46:55,  3.67s/it]                                                                                        Best trial: 716. Best value: 2.04821:  49%|████▉     | 733/1500 [52:57<46:55,  3.67s/it]Best trial: 716. Best value: 2.04821:  49%|████▉     | 733/1500 [52:57<46:55,  3.67s/it]Best trial: 716. Best value: 2.04821:  49%|████▉     | 734/1500 [52:57<49:10,  3.85s/it]                                                                                        Best trial: 716. Best value: 2.04821:  49%|████▉     | 734/1500 [53:03<49:10,  3.85s/it]Best trial: 716. Best value: 2.04821:  49%|████▉     | 734/1500 [53:03<49:10,  3.85s/it]Best trial: 716. Best value: 2.04821:  49%|████▉     | 735/1500 [53:03<57:39,  4.52s/it]                                                                                        Best trial: 716. Best value: 2.04821:  49%|████▉     | 735/1500 [53:09<57:39,  4.52s/it]Best trial: 716. Best value: 2.04821:  49%|████▉     | 735/1500 [53:10<57:39,  4.52s/it]Best trial: 716. Best value: 2.04821:  49%|████▉     | 736/1500 [53:10<1:03:48,  5.01s/it]                                                                                          Best trial: 716. Best value: 2.04821:  49%|████▉     | 736/1500 [53:16<1:03:48,  5.01s/it]Best trial: 716. Best value: 2.04821:  49%|████▉     | 736/1500 [53:16<1:03:48,  5.01s/it]Best trial: 716. Best value: 2.04821:  49%|████▉     | 737/1500 [53:16<1:08:11,  5.36s/it]                                                                                          Best trial: 716. Best value: 2.04821:  49%|████▉     | 737/1500 [53:22<1:08:11,  5.36s/it]Best trial: 737. Best value: 2.03481:  49%|████▉     | 737/1500 [53:22<1:08:11,  5.36s/it]Best trial: 737. Best value: 2.03481:  49%|████▉     | 738/1500 [53:22<1:12:01,  5.67s/it]                                                                                          Best trial: 737. Best value: 2.03481:  49%|████▉     | 738/1500 [53:27<1:12:01,  5.67s/it]Best trial: 737. Best value: 2.03481:  49%|████▉     | 738/1500 [53:27<1:12:01,  5.67s/it]Best trial: 737. Best value: 2.03481:  49%|████▉     | 739/1500 [53:27<1:08:21,  5.39s/it]                                                                                          Best trial: 737. Best value: 2.03481:  49%|████▉     | 739/1500 [53:33<1:08:21,  5.39s/it]Best trial: 737. Best value: 2.03481:  49%|████▉     | 739/1500 [53:33<1:08:21,  5.39s/it]Best trial: 737. Best value: 2.03481:  49%|████▉     | 740/1500 [53:33<1:11:01,  5.61s/it]                                                                                          Best trial: 737. Best value: 2.03481:  49%|████▉     | 740/1500 [53:39<1:11:01,  5.61s/it]Best trial: 737. Best value: 2.03481:  49%|████▉     | 740/1500 [53:39<1:11:01,  5.61s/it]Best trial: 737. Best value: 2.03481:  49%|████▉     | 741/1500 [53:39<1:12:29,  5.73s/it]                                                                                          Best trial: 737. Best value: 2.03481:  49%|████▉     | 741/1500 [53:45<1:12:29,  5.73s/it]Best trial: 737. Best value: 2.03481:  49%|████▉     | 741/1500 [53:45<1:12:29,  5.73s/it]Best trial: 737. Best value: 2.03481:  49%|████▉     | 742/1500 [53:45<1:14:10,  5.87s/it]                                                                                          Best trial: 737. Best value: 2.03481:  49%|████▉     | 742/1500 [53:51<1:14:10,  5.87s/it]Best trial: 737. Best value: 2.03481:  49%|████▉     | 742/1500 [53:51<1:14:10,  5.87s/it]Best trial: 737. Best value: 2.03481:  50%|████▉     | 743/1500 [53:51<1:15:44,  6.00s/it]                                                                                          Best trial: 737. Best value: 2.03481:  50%|████▉     | 743/1500 [53:56<1:15:44,  6.00s/it]Best trial: 737. Best value: 2.03481:  50%|████▉     | 743/1500 [53:56<1:15:44,  6.00s/it]Best trial: 737. Best value: 2.03481:  50%|████▉     | 744/1500 [53:56<1:09:50,  5.54s/it]                                                                                          
[I 2026-05-02 22:30:37,759] Trial 733 finished with value: 2.1011551412738543 and parameters: {'f_n': 1.6156376084717873e-06, 'K_d': 169846.2248970329, 'rho_d': 48291286426756.88, 'fission_rate': 7.128508941472815e+19, 'Dg_D1_scale': 0.6158681414941806, 'Dg_D3_scale': 3.143232305511273, 'Dv_D1_scale': 0.23407466805117416, 'Dv_D2_scale': 3.6270774327499966, 'b_bulk_scale': 0.2586105189803775, 'b_dislocation_scale': 0.1303036795376489, 'gb_scale': 4.961300626377744, 'gd_bubble_scale': 0.7091014797090406, 'gd_line_scale': 2.6764570572253352, 'gd_line_alpha': 0.8595414142554213, 'coalescence_d_scale': 0.48508089577537034, 'capture_scale': 4.336033758665177}. Best is trial 716 with value: 2.048210345037246.
[I 2026-05-02 22:30:43,843] Trial 734 finished with value: 2.05147129538697 and parameters: {'f_n': 1.3643948006963748e-06, 'K_d': 184777.60906769696, 'rho_d': 53759909078380.16, 'fission_rate': 4.741978126294455e+19, 'Dg_D1_scale': 0.527048686996918, 'Dg_D3_scale': 2.779866495081065, 'Dv_D1_scale': 0.22026853811650973, 'Dv_D2_scale': 3.810102559946507, 'b_bulk_scale': 0.2954432282400452, 'b_dislocation_scale': 0.14278159877986746, 'gb_scale': 2.677327703416985, 'gd_bubble_scale': 0.49698627668590467, 'gd_line_scale': 1.637979082199619, 'gd_line_alpha': 0.8729279115663305, 'coalescence_d_scale': 0.40243764138084526, 'capture_scale': 3.325952292250776}. Best is trial 716 with value: 2.048210345037246.
[I 2026-05-02 22:30:49,997] Trial 735 finished with value: 4.16295750452133 and parameters: {'f_n': 6.0502004726997e-09, 'K_d': 186635.25704554, 'rho_d': 59838045586850.18, 'fission_rate': 4.680519582466511e+19, 'Dg_D1_scale': 0.5302919355360842, 'Dg_D3_scale': 2.6004006290024972, 'Dv_D1_scale': 0.21142516071310652, 'Dv_D2_scale': 3.9928142911368836, 'b_bulk_scale': 0.28587418991950264, 'b_dislocation_scale': 0.14762179190157224, 'gb_scale': 3.0173188100435713, 'gd_bubble_scale': 0.4336193339543729, 'gd_line_scale': 1.8474165727079064, 'gd_line_alpha': 0.8996440142084252, 'coalescence_d_scale': 0.5560753231750099, 'capture_scale': 3.483833598568862}. Best is trial 716 with value: 2.048210345037246.
[I 2026-05-02 22:30:56,182] Trial 736 finished with value: 2.749187215932208 and parameters: {'f_n': 1.7104485853558717e-06, 'K_d': 183405.65132392803, 'rho_d': 52684006746832.28, 'fission_rate': 4.633952564363017e+19, 'Dg_D1_scale': 0.4846254803763779, 'Dg_D3_scale': 2.6464404063297735, 'Dv_D1_scale': 0.22153294043714494, 'Dv_D2_scale': 3.5629370152805593, 'b_bulk_scale': 0.34005057198403177, 'b_dislocation_scale': 0.10078838475417466, 'gb_scale': 2.8904730861692003, 'gd_bubble_scale': 0.4723065502376464, 'gd_line_scale': 2.2021360655740687, 'gd_line_alpha': 0.8726729019848863, 'coalescence_d_scale': 0.4478846780621704, 'capture_scale': 4.2498721483677135}. Best is trial 716 with value: 2.048210345037246.
[I 2026-05-02 22:31:02,554] Trial 737 finished with value: 2.0348058191592893 and parameters: {'f_n': 1.3999519937458864e-06, 'K_d': 101572.90092685146, 'rho_d': 58967726189436.516, 'fission_rate': 4.577148048247529e+19, 'Dg_D1_scale': 0.5672051753789457, 'Dg_D3_scale': 2.890224341549855, 'Dv_D1_scale': 0.21463024202802944, 'Dv_D2_scale': 3.4635935165277196, 'b_bulk_scale': 0.31415865206720733, 'b_dislocation_scale': 0.14508855047068983, 'gb_scale': 3.6011700578422494, 'gd_bubble_scale': 0.5054967949414295, 'gd_line_scale': 1.5273257048440643, 'gd_line_alpha': 0.8769358122098674, 'coalescence_d_scale': 0.40333590390042423, 'capture_scale': 0.3768204289208752}. Best is trial 737 with value: 2.0348058191592893.
