[I 2026-05-02 23:06:08,529] Trial 1098 finished with value: 2.137096698112668 and parameters: {'f_n': 2.7844516670755775e-07, 'K_d': 104778.92752263785, 'rho_d': 79883341115176.78, 'fission_rate': 4.611848828781089e+19, 'Dg_D1_scale': 0.3025163453739252, 'Dg_D3_scale': 2.2996379040455515, 'Dv_D1_scale': 0.32170998498169984, 'Dv_D2_scale': 3.604197407718128, 'b_bulk_scale': 0.34771272935120845, 'b_dislocation_scale': 0.10445311850156093, 'gb_scale': 3.3286686006933297, 'gd_bubble_scale': 0.10398494741223308, 'gd_line_scale': 0.6603072304680158, 'gd_line_alpha': 0.904239579393335, 'coalescence_d_scale': 0.36314788855892854, 'capture_scale': 0.05882080382228535}. Best is trial 756 with value: 2.012228641160978.
[I 2026-05-02 23:06:15,116] Trial 1099 finished with value: 2.1815448789168803 and parameters: {'f_n': 1.9902810541316558e-07, 'K_d': 110887.37888422377, 'rho_d': 65885957780536.586, 'fission_rate': 4.5027941670566404e+19, 'Dg_D1_scale': 0.3129632024690478, 'Dg_D3_scale': 2.1826057776458017, 'Dv_D1_scale': 0.30622006123383827, 'Dv_D2_scale': 1.045612703246066, 'b_bulk_scale': 0.42060757667010784, 'b_dislocation_scale': 0.090693555037425, 'gb_scale': 3.9908417436751016, 'gd_bubble_scale': 0.11434951051682758, 'gd_line_scale': 0.6091156888591114, 'gd_line_alpha': 0.9271011201035566, 'coalescence_d_scale': 0.42168913777743916, 'capture_scale': 0.082548291989112}. Best is trial 756 with value: 2.012228641160978.
[I 2026-05-02 23:06:19,687] Trial 1100 finished with value: 2.4194026766136068 and parameters: {'f_n': 2.6325611639026835e-07, 'K_d': 104614.70602843254, 'rho_d': 69981558477786.734, 'fission_rate': 4.714173495087379e+19, 'Dg_D1_scale': 0.3160411628720972, 'Dg_D3_scale': 2.0127824572104935, 'Dv_D1_scale': 0.28762704724099014, 'Dv_D2_scale': 3.280662390278313, 'b_bulk_scale': 0.38077279640126555, 'b_dislocation_scale': 0.1103397304218059, 'gb_scale': 2.9569037687939344, 'gd_bubble_scale': 0.12841333652728595, 'gd_line_scale': 0.913345404657386, 'gd_line_alpha': 0.883672849321144, 'coalescence_d_scale': 0.42415106115515006, 'capture_scale': 0.0678786846050907}. Best is trial 756 with value: 2.012228641160978.
[I 2026-05-02 23:06:26,028] Trial 1101 finished with value: 2.050238105773215 and parameters: {'f_n': 2.900625235272684e-07, 'K_d': 110213.87695559277, 'rho_d': 65273698988023.05, 'fission_rate': 4.609317075751067e+19, 'Dg_D1_scale': 0.2669946352088338, 'Dg_D3_scale': 2.4159592264670597, 'Dv_D1_scale': 0.32873222076801234, 'Dv_D2_scale': 3.7457728945364757, 'b_bulk_scale': 0.4170510550939447, 'b_dislocation_scale': 0.09928872339142626, 'gb_scale': 3.636563575256725, 'gd_bubble_scale': 0.1327688672095333, 'gd_line_scale': 0.6874664627165703, 'gd_line_alpha': 0.9090581653531397, 'coalescence_d_scale': 0.36657254037219983, 'capture_scale': 0.08291470975005524}. Best is trial 756 with value: 2.012228641160978.
[I 2026-05-02 23:06:32,253] Trial 1102 finished with value: 2.0364798091088008 and parameters: {'f_n': 3.1973636280678196e-07, 'K_d': 100701.89752755442, 'rho_d': 69335381214477.914, 'fission_rate': 4.692082225218654e+19, 'Dg_D1_scale': 0.29007940511280683, 'Dg_D3_scale': 2.278232949207204, 'Dv_D1_scale': 0.31155552970399353, 'Dv_D2_scale': 3.489541961536474, 'b_bulk_scale': 0.32070290811928387, 'b_dislocation_scale': 0.09366540311247064, 'gb_scale': 3.297066550275803, 'gd_bubble_scale': 0.10397104840986858, 'gd_line_scale': 0.6015887176614114, 'gd_line_alpha': 0.5802162468820499, 'coalescence_d_scale': 0.42240439515980727, 'capture_scale': 0.07075703274902648}. Best is trial 756 with value: 2.012228641160978.
[I 2026-05-02 23:06:38,368] Trial 1103 finished with value: 2.018839052556784 and parameters: {'f_n': 2.157299467756063e-07, 'K_d': 110598.80414051861, 'rho_d': 64535192784521.15, 'fission_rate': 4.7294443333823185e+19, 'Dg_D1_scale': 0.2842812398010385, 'Dg_D3_scale': 2.420082238182527, 'Dv_D1_scale': 0.3272384703616822, 'Dv_D2_scale': 3.994677639971093, 'b_bulk_scale': 0.3030307438515281, 'b_dislocation_scale': 0.08777868111128005, 'gb_scale': 3.0507957239997885, 'gd_bubble_scale': 0.12113144954440604, 'gd_line_scale': 0.5789003131546637, 'gd_line_alpha': 0.6184621002811588, 'coalescence_d_scale': 0.4273808910811903, 'capture_scale': 0.06145503240754207}. Best is trial 756 with value: 2.012228641160978.
[I 2026-05-02 23:06:44,479] Trial 1104 finished with value: 2.0333410309931867 and parameters: {'f_n': 1.970249736205866e-07, 'K_d': 100042.45609880831, 'rho_d': 63921494554956.875, 'fission_rate': 4.785939467204539e+19, 'Dg_D1_scale': 0.2296421641965277, 'Dg_D3_scale': 2.330752043029383, 'Dv_D1_scale': 0.32438758453970695, 'Dv_D2_scale': 3.813593454471887, 'b_bulk_scale': 0.32750842249305034, 'b_dislocation_scale': 0.08526269986196078, 'gb_scale': 3.6455263574143406, 'gd_bubble_scale': 0.13856170262025527, 'gd_line_scale': 0.5809965894743453, 'gd_line_alpha': 0.6472473927426059, 'coalescence_d_scale': 0.4422210325592669, 'capture_scale': 0.06421371624751139}. Best is trial 756 with value: 2.012228641160978.Best trial: 756. Best value: 2.01223:  74%|███████▎  | 1104/1500 [1:29:04<39:55,  6.05s/it]Best trial: 756. Best value: 2.01223:  74%|███████▎  | 1104/1500 [1:29:04<39:55,  6.05s/it]Best trial: 756. Best value: 2.01223:  74%|███████▎  | 1105/1500 [1:29:04<39:57,  6.07s/it]                                                                                           Best trial: 756. Best value: 2.01223:  74%|███████▎  | 1105/1500 [1:29:07<39:57,  6.07s/it]Best trial: 756. Best value: 2.01223:  74%|███████▎  | 1105/1500 [1:29:07<39:57,  6.07s/it]Best trial: 756. Best value: 2.01223:  74%|███████▎  | 1106/1500 [1:29:07<34:32,  5.26s/it]                                                                                           Best trial: 756. Best value: 2.01223:  74%|███████▎  | 1106/1500 [1:29:13<34:32,  5.26s/it]Best trial: 756. Best value: 2.01223:  74%|███████▎  | 1106/1500 [1:29:14<34:32,  5.26s/it]Best trial: 756. Best value: 2.01223:  74%|███████▍  | 1107/1500 [1:29:14<36:11,  5.53s/it]                                                                                           Best trial: 756. Best value: 2.01223:  74%|███████▍  | 1107/1500 [1:29:20<36:11,  5.53s/it]Best trial: 756. Best value: 2.01223:  74%|███████▍  | 1107/1500 [1:29:20<36:11,  5.53s/it]Best trial: 756. Best value: 2.01223:  74%|███████▍  | 1108/1500 [1:29:20<37:14,  5.70s/it]                                                                                           Best trial: 756. Best value: 2.01223:  74%|███████▍  | 1108/1500 [1:29:26<37:14,  5.70s/it]Best trial: 756. Best value: 2.01223:  74%|███████▍  | 1108/1500 [1:29:26<37:14,  5.70s/it]Best trial: 756. Best value: 2.01223:  74%|███████▍  | 1109/1500 [1:29:26<38:06,  5.85s/it]                                                                                           Best trial: 756. Best value: 2.01223:  74%|███████▍  | 1109/1500 [1:29:32<38:06,  5.85s/it]Best trial: 756. Best value: 2.01223:  74%|███████▍  | 1109/1500 [1:29:32<38:06,  5.85s/it]Best trial: 756. Best value: 2.01223:  74%|███████▍  | 1110/1500 [1:29:32<38:40,  5.95s/it]                                                                                           Best trial: 756. Best value: 2.01223:  74%|███████▍  | 1110/1500 [1:29:38<38:40,  5.95s/it]Best trial: 756. Best value: 2.01223:  74%|███████▍  | 1110/1500 [1:29:38<38:40,  5.95s/it]Best trial: 756. Best value: 2.01223:  74%|███████▍  | 1111/1500 [1:29:38<39:10,  6.04s/it]                                                                                           Best trial: 756. Best value: 2.01223:  74%|███████▍  | 1111/1500 [1:29:43<39:10,  6.04s/it]Best trial: 756. Best value: 2.01223:  74%|███████▍  | 1111/1500 [1:29:43<39:10,  6.04s/it]Best trial: 756. Best value: 2.01223:  74%|███████▍  | 1112/1500 [1:29:43<36:15,  5.61s/it]                                                                                           Best trial: 756. Best value: 2.01223:  74%|███████▍  | 1112/1500 [1:29:49<36:15,  5.61s/it]Best trial: 756. Best value: 2.01223:  74%|███████▍  | 1112/1500 [1:29:49<36:15,  5.61s/it]Best trial: 756. Best value: 2.01223:  74%|███████▍  | 1113/1500 [1:29:49<37:23,  5.80s/it]                                                                                           Best trial: 756. Best value: 2.01223:  74%|███████▍  | 1113/1500 [1:29:55<37:23,  5.80s/it]Best trial: 756. Best value: 2.01223:  74%|███████▍  | 1113/1500 [1:29:56<37:23,  5.80s/it]Best trial: 756. Best value: 2.01223:  74%|███████▍  | 1114/1500 [1:29:56<38:32,  5.99s/it]                                                                                           Best trial: 756. Best value: 2.01223:  74%|███████▍  | 1114/1500 [1:30:02<38:32,  5.99s/it]Best trial: 756. Best value: 2.01223:  74%|███████▍  | 1114/1500 [1:30:02<38:32,  5.99s/it]Best trial: 756. Best value: 2.01223:  74%|███████▍  | 1115/1500 [1:30:02<39:03,  6.09s/it]                                                                                           Best trial: 756. Best value: 2.01223:  74%|███████▍  | 1115/1500 [1:30:08<39:03,  6.09s/it]Best trial: 756. Best value: 2.01223:  74%|███████▍  | 1115/1500 [1:30:08<39:03,  6.09s/it]Best trial: 756. Best value: 2.01223:  74%|███████▍  | 1116/1500 [1:30:08<39:15,  6.13s/it]                                                                                           
[I 2026-05-02 23:06:47,853] Trial 1105 finished with value: 4.500377543683151 and parameters: {'f_n': 1.68332601283639e-07, 'K_d': 110256.59455053658, 'rho_d': 63951645255389.39, 'fission_rate': 4.7825264584945385e+19, 'Dg_D1_scale': 0.2251619032610889, 'Dg_D3_scale': 2.4381557149489907, 'Dv_D1_scale': 0.3286972762445457, 'Dv_D2_scale': 0.4261747451922193, 'b_bulk_scale': 0.31027889491242205, 'b_dislocation_scale': 2.3187707276945013, 'gb_scale': 4.1457233005190695, 'gd_bubble_scale': 0.13984325360188576, 'gd_line_scale': 0.5648460591842528, 'gd_line_alpha': 0.579561905591422, 'coalescence_d_scale': 0.439476903852471, 'capture_scale': 0.048449276520749616}. Best is trial 756 with value: 2.012228641160978.
[I 2026-05-02 23:06:54,000] Trial 1106 finished with value: 2.1008965960922446 and parameters: {'f_n': 1.0699342799152156e-07, 'K_d': 107129.03324852671, 'rho_d': 63124718751620.41, 'fission_rate': 4.755693667567734e+19, 'Dg_D1_scale': 0.23781149217810332, 'Dg_D3_scale': 2.4078405382092503, 'Dv_D1_scale': 0.33445018565704127, 'Dv_D2_scale': 3.804229619102061, 'b_bulk_scale': 0.2987782665038019, 'b_dislocation_scale': 0.08775777292860626, 'gb_scale': 2.903215562894886, 'gd_bubble_scale': 0.1388622558686518, 'gd_line_scale': 0.5759646720463066, 'gd_line_alpha': 0.6324259436854887, 'coalescence_d_scale': 0.4258148200251541, 'capture_scale': 0.0574410889940684}. Best is trial 756 with value: 2.012228641160978.
[I 2026-05-02 23:07:00,110] Trial 1107 finished with value: 3.8298581939684757 and parameters: {'f_n': 2.0991962533148751e-07, 'K_d': 104753.77917610673, 'rho_d': 63935680031067.79, 'fission_rate': 4.756161313786413e+19, 'Dg_D1_scale': 0.2044832861503307, 'Dg_D3_scale': 2.4241075047776097, 'Dv_D1_scale': 0.3294189139391572, 'Dv_D2_scale': 3.9906887068230557, 'b_bulk_scale': 0.33110702899581057, 'b_dislocation_scale': 0.08706452413556069, 'gb_scale': 3.2483795526025334, 'gd_bubble_scale': 0.1319499578334918, 'gd_line_scale': 0.11995093900617308, 'gd_line_alpha': 0.6093014540994426, 'coalescence_d_scale': 0.4532479779980124, 'capture_scale': 0.06103005719108937}. Best is trial 756 with value: 2.012228641160978.
[I 2026-05-02 23:07:06,300] Trial 1108 finished with value: 2.0240575890306367 and parameters: {'f_n': 1.5400975791747364e-07, 'K_d': 112160.88550640376, 'rho_d': 67653271612236.02, 'fission_rate': 4.717087258923675e+19, 'Dg_D1_scale': 0.2415872177458714, 'Dg_D3_scale': 2.3027179031148024, 'Dv_D1_scale': 0.31083610622898183, 'Dv_D2_scale': 3.7659775166960205, 'b_bulk_scale': 0.32079086922935396, 'b_dislocation_scale': 0.08991022145425825, 'gb_scale': 3.6458695445551954, 'gd_bubble_scale': 0.12606326380801441, 'gd_line_scale': 0.5739087534326854, 'gd_line_alpha': 0.6833029567630629, 'coalescence_d_scale': 0.4468131867393489, 'capture_scale': 0.05300654534770531}. Best is trial 756 with value: 2.012228641160978.
[I 2026-05-02 23:07:12,486] Trial 1109 finished with value: 3.2370003035030104 and parameters: {'f_n': 1.8598381530676875e-07, 'K_d': 112745.97539328826, 'rho_d': 74509930880272.3, 'fission_rate': 4.697423856380532e+19, 'Dg_D1_scale': 0.23609987932502702, 'Dg_D3_scale': 2.4173881165505513, 'Dv_D1_scale': 0.30861821670959877, 'Dv_D2_scale': 3.825244658925138, 'b_bulk_scale': 0.3240091066702916, 'b_dislocation_scale': 0.08619679881803255, 'gb_scale': 3.8877754091032175, 'gd_bubble_scale': 0.1235763408371423, 'gd_line_scale': 1.2094388037606105, 'gd_line_alpha': 0.5777979159382896, 'coalescence_d_scale': 0.4368251491307943, 'capture_scale': 0.05254273466451445}. Best is trial 756 with value: 2.012228641160978.
[I 2026-05-02 23:07:18,743] Trial 1110 finished with value: 2.046251528414092 and parameters: {'f_n': 2.1627162305234606e-07, 'K_d': 111574.6770176524, 'rho_d': 68535860459693.58, 'fission_rate': 4.694755118534199e+19, 'Dg_D1_scale': 0.20499855724352478, 'Dg_D3_scale': 2.269909798465248, 'Dv_D1_scale': 0.3050297632392698, 'Dv_D2_scale': 3.9927176055383824, 'b_bulk_scale': 0.30646277410096184, 'b_dislocation_scale': 0.0866484238750429, 'gb_scale': 3.7936049222138375, 'gd_bubble_scale': 0.13981396428684834, 'gd_line_scale': 0.557221969117498, 'gd_line_alpha': 0.6156348084819888, 'coalescence_d_scale': 0.3806894287011583, 'capture_scale': 0.05472393636985387}. Best is trial 756 with value: 2.012228641160978.
[I 2026-05-02 23:07:23,331] Trial 1111 finished with value: 2.1893712504238803 and parameters: {'f_n': 1.1648638000524526e-07, 'K_d': 111366.1971321189, 'rho_d': 73245561127974.5, 'fission_rate': 4.7466415904806765e+19, 'Dg_D1_scale': 0.21991744553967296, 'Dg_D3_scale': 2.2632086827929707, 'Dv_D1_scale': 0.28577645660081763, 'Dv_D2_scale': 3.8006714993104573, 'b_bulk_scale': 0.31326000940463483, 'b_dislocation_scale': 0.08629967725671492, 'gb_scale': 2.8745906501766894, 'gd_bubble_scale': 0.13183478534999304, 'gd_line_scale': 0.5540143345205145, 'gd_line_alpha': 0.6537944925242402, 'coalescence_d_scale': 0.4231961043116445, 'capture_scale': 0.04392426041864909}. Best is trial 756 with value: 2.012228641160978.
[I 2026-05-02 23:07:29,579] Trial 1112 finished with value: 2.02422094320825 and parameters: {'f_n': 1.4016639120043913e-07, 'K_d': 112075.89452422444, 'rho_d': 64881559194779.56, 'fission_rate': 4.654059382397656e+19, 'Dg_D1_scale': 0.24005033127427375, 'Dg_D3_scale': 2.314859757809998, 'Dv_D1_scale': 0.3306152489404028, 'Dv_D2_scale': 3.981839689941914, 'b_bulk_scale': 0.3137864903448439, 'b_dislocation_scale': 0.0891462107599639, 'gb_scale': 4.121411257043743, 'gd_bubble_scale': 0.1201638476904847, 'gd_line_scale': 0.5907949781837675, 'gd_line_alpha': 0.6257276489037765, 'coalescence_d_scale': 0.38685455774158944, 'capture_scale': 0.051174589472754516}. Best is trial 756 with value: 2.012228641160978.
[I 2026-05-02 23:07:36,017] Trial 1113 finished with value: 2.05868668062184 and parameters: {'f_n': 1.4799453680637106e-07, 'K_d': 104516.94880989255, 'rho_d': 67666314836521.555, 'fission_rate': 4.530395159294446e+19, 'Dg_D1_scale': 0.2432765381667247, 'Dg_D3_scale': 2.3408898427734868, 'Dv_D1_scale': 0.3053402797589841, 'Dv_D2_scale': 3.7974671262982023, 'b_bulk_scale': 0.30225219155949345, 'b_dislocation_scale': 0.09148487593324488, 'gb_scale': 4.324441574139593, 'gd_bubble_scale': 0.11981912102327902, 'gd_line_scale': 0.5595319749532504, 'gd_line_alpha': 0.6434671838754984, 'coalescence_d_scale': 0.3519276350819064, 'capture_scale': 0.0514140847877286}. Best is trial 756 with value: 2.012228641160978.
[I 2026-05-02 23:07:42,320] Trial 1114 finished with value: 2.260154328332187 and parameters: {'f_n': 6.111375999794613e-08, 'K_d': 463338.2610245287, 'rho_d': 65047249780882.58, 'fission_rate': 4.61106046360376e+19, 'Dg_D1_scale': 0.2574992574638467, 'Dg_D3_scale': 2.3140649339717787, 'Dv_D1_scale': 0.3247759271616017, 'Dv_D2_scale': 3.997614282296292, 'b_bulk_scale': 0.3036535478121952, 'b_dislocation_scale': 0.08566247187889584, 'gb_scale': 3.9806845576134857, 'gd_bubble_scale': 0.09518371892342492, 'gd_line_scale': 0.5939994042181215, 'gd_line_alpha': 0.6021937065025514, 'coalescence_d_scale': 0.3745172187657561, 'capture_scale': 0.06112054793706902}. Best is trial 756 with value: 2.012228641160978.
[I 2026-05-02 23:07:48,569] Trial 1115 finished with value: 2.0464754128702953 and parameters: {'f_n': 1.1490486063556122e-07, 'K_d': 111824.6096772748, 'rho_d': 69466830348655.34, 'fission_rate': 4.6277347798386246e+19, 'Dg_D1_scale': 0.21201673990574746, 'Dg_D3_scale': 2.4683632002117752, 'Dv_D1_scale': 0.29451721373963086, 'Dv_D2_scale': 3.7772807741974006, 'b_bulk_scale': 0.32195991275398483, 'b_dislocation_scale': 0.09126822542649611, 'gb_scale': 4.199695696997183, 'gd_bubble_scale': 0.10731440039581068, 'gd_line_scale': 0.5980185104799115, 'gd_line_alpha': 0.6178754880139367, 'coalescence_d_scale': 0.38431382764761907, 'capture_scale': 0.048487691793318764}. Best is trial 756 with value: 2.012228641160978.
