[I 2026-05-02 21:43:36,534] Trial 72 finished with value: 2.7132601885873044 and parameters: {'f_n': 1.5156005070288524e-07, 'K_d': 211789.57034262034, 'rho_d': 17719866870843.938, 'fission_rate': 4.157007600203845e+19, 'Dg_D1_scale': 0.2949571029693135, 'Dg_D3_scale': 0.6711621404021216, 'Dv_D1_scale': 0.2540007030934385, 'Dv_D2_scale': 3.2309962117355213, 'b_bulk_scale': 0.05258985111095016, 'b_dislocation_scale': 0.03529021614400581, 'gb_scale': 0.7536028211350502, 'gd_bubble_scale': 4.952064902253245, 'gd_line_scale': 1.3413999003684816, 'gd_line_alpha': 0.2770184347058885, 'coalescence_d_scale': 0.9707333753418547, 'capture_scale': 0.047988910345171734}. Best is trial 61 with value: 2.286562733614546.Best trial: 61. Best value: 2.28656:   5%|▍         | 72/1500 [05:56<2:18:16,  5.81s/it]Best trial: 61. Best value: 2.28656:   5%|▍         | 72/1500 [05:56<2:18:16,  5.81s/it]Best trial: 61. Best value: 2.28656:   5%|▍         | 73/1500 [05:56<2:14:40,  5.66s/it]                                                                                        Best trial: 61. Best value: 2.28656:   5%|▍         | 73/1500 [06:00<2:14:40,  5.66s/it]Best trial: 61. Best value: 2.28656:   5%|▍         | 73/1500 [06:00<2:14:40,  5.66s/it]Best trial: 61. Best value: 2.28656:   5%|▍         | 74/1500 [06:00<2:04:15,  5.23s/it]                                                                                        Best trial: 61. Best value: 2.28656:   5%|▍         | 74/1500 [06:04<2:04:15,  5.23s/it]Best trial: 61. Best value: 2.28656:   5%|▍         | 74/1500 [06:05<2:04:15,  5.23s/it]Best trial: 61. Best value: 2.28656:   5%|▌         | 75/1500 [06:05<1:57:24,  4.94s/it]                                                                                        Best trial: 61. Best value: 2.28656:   5%|▌         | 75/1500 [06:09<1:57:24,  4.94s/it]Best trial: 61. Best value: 2.28656:   5%|▌         | 75/1500 [06:09<1:57:24,  4.94s/it]Best trial: 61. Best value: 2.28656:   5%|▌         | 76/1500 [06:09<1:51:30,  4.70s/it]                                                                                        Best trial: 61. Best value: 2.28656:   5%|▌         | 76/1500 [06:11<1:51:30,  4.70s/it]Best trial: 61. Best value: 2.28656:   5%|▌         | 76/1500 [06:12<1:51:30,  4.70s/it]Best trial: 61. Best value: 2.28656:   5%|▌         | 77/1500 [06:12<1:38:20,  4.15s/it]                                                                                        Best trial: 61. Best value: 2.28656:   5%|▌         | 77/1500 [06:16<1:38:20,  4.15s/it]Best trial: 61. Best value: 2.28656:   5%|▌         | 77/1500 [06:16<1:38:20,  4.15s/it]Best trial: 61. Best value: 2.28656:   5%|▌         | 78/1500 [06:16<1:38:15,  4.15s/it]                                                                                        Best trial: 61. Best value: 2.28656:   5%|▌         | 78/1500 [06:20<1:38:15,  4.15s/it]Best trial: 61. Best value: 2.28656:   5%|▌         | 78/1500 [06:20<1:38:15,  4.15s/it]Best trial: 61. Best value: 2.28656:   5%|▌         | 79/1500 [06:20<1:40:04,  4.23s/it]                                                                                        Best trial: 61. Best value: 2.28656:   5%|▌         | 79/1500 [06:23<1:40:04,  4.23s/it]Best trial: 61. Best value: 2.28656:   5%|▌         | 79/1500 [06:23<1:40:04,  4.23s/it]Best trial: 61. Best value: 2.28656:   5%|▌         | 80/1500 [06:23<1:31:53,  3.88s/it]                                                                                        Best trial: 61. Best value: 2.28656:   5%|▌         | 80/1500 [06:27<1:31:53,  3.88s/it]Best trial: 61. Best value: 2.28656:   5%|▌         | 80/1500 [06:27<1:31:53,  3.88s/it]Best trial: 61. Best value: 2.28656:   5%|▌         | 81/1500 [06:27<1:29:00,  3.76s/it]                                                                                        Best trial: 61. Best value: 2.28656:   5%|▌         | 81/1500 [06:34<1:29:00,  3.76s/it]Best trial: 61. Best value: 2.28656:   5%|▌         | 81/1500 [06:34<1:29:00,  3.76s/it]Best trial: 61. Best value: 2.28656:   5%|▌         | 82/1500 [06:34<1:51:30,  4.72s/it]                                                                                        Best trial: 61. Best value: 2.28656:   5%|▌         | 82/1500 [06:41<1:51:30,  4.72s/it]Best trial: 61. Best value: 2.28656:   5%|▌         | 82/1500 [06:41<1:51:30,  4.72s/it]Best trial: 61. Best value: 2.28656:   6%|▌         | 83/1500 [06:41<2:07:49,  5.41s/it]                                                                                        Best trial: 61. Best value: 2.28656:   6%|▌         | 83/1500 [06:43<2:07:49,  5.41s/it]Best trial: 61. Best value: 2.28656:   6%|▌         | 83/1500 [06:43<2:07:49,  5.41s/it]Best trial: 61. Best value: 2.28656:   6%|▌         | 84/1500 [06:43<1:48:02,  4.58s/it]                                                                                        
[I 2026-05-02 21:43:40,751] Trial 73 finished with value: 2.643496451901818 and parameters: {'f_n': 2.1930074829806883e-07, 'K_d': 178072.97459359092, 'rho_d': 17092600736180.537, 'fission_rate': 7.164508040571565e+19, 'Dg_D1_scale': 0.22870541003721784, 'Dg_D3_scale': 0.6902727210311719, 'Dv_D1_scale': 0.2549452319917624, 'Dv_D2_scale': 3.556230291968665, 'b_bulk_scale': 0.051076172171219625, 'b_dislocation_scale': 0.03636699197282578, 'gb_scale': 0.710658844416931, 'gd_bubble_scale': 4.749454994863481, 'gd_line_scale': 1.9968607475081217, 'gd_line_alpha': 0.2825307758738672, 'coalescence_d_scale': 0.9864522105408835, 'capture_scale': 0.04866061359984781}. Best is trial 61 with value: 2.286562733614546.
[I 2026-05-02 21:43:45,032] Trial 74 finished with value: 2.520293206024132 and parameters: {'f_n': 2.058138237651408e-07, 'K_d': 177927.15271156043, 'rho_d': 17683823923633.773, 'fission_rate': 7.213964219712032e+19, 'Dg_D1_scale': 0.3033011686636239, 'Dg_D3_scale': 1.0111977574883055, 'Dv_D1_scale': 0.20927067622238005, 'Dv_D2_scale': 3.413478684049396, 'b_bulk_scale': 0.05514459373463523, 'b_dislocation_scale': 0.03625880935933282, 'gb_scale': 0.7143860040851253, 'gd_bubble_scale': 5.192015954876085, 'gd_line_scale': 1.1503410235330325, 'gd_line_alpha': 0.33844715786055707, 'coalescence_d_scale': 1.06298819599632, 'capture_scale': 0.08065661018458362}. Best is trial 61 with value: 2.286562733614546.
[I 2026-05-02 21:43:49,159] Trial 75 finished with value: 2.864861456612569 and parameters: {'f_n': 2.0456719524780923e-07, 'K_d': 171949.84233367763, 'rho_d': 26295334055627.82, 'fission_rate': 7.543766096933297e+19, 'Dg_D1_scale': 0.32272046938003235, 'Dg_D3_scale': 1.0179919163801665, 'Dv_D1_scale': 0.20979167706629162, 'Dv_D2_scale': 3.5997552818701704, 'b_bulk_scale': 0.07904215396784622, 'b_dislocation_scale': 0.04421763947513273, 'gb_scale': 0.6600191689474427, 'gd_bubble_scale': 8.686469849600213, 'gd_line_scale': 1.1073833425073942, 'gd_line_alpha': 0.4595838927280035, 'coalescence_d_scale': 1.1317644874571111, 'capture_scale': 0.07709084132828226}. Best is trial 61 with value: 2.286562733614546.
[I 2026-05-02 21:43:52,013] Trial 76 finished with value: 3.9256816980443836 and parameters: {'f_n': 1.0860554682635365e-07, 'K_d': 125977.41948495294, 'rho_d': 20790628740160.684, 'fission_rate': 7.213790173889234e+19, 'Dg_D1_scale': 0.2469591293571343, 'Dg_D3_scale': 0.8420926971353446, 'Dv_D1_scale': 0.30034957692796577, 'Dv_D2_scale': 3.99537805193901, 'b_bulk_scale': 0.04462550191602416, 'b_dislocation_scale': 0.3825983722551589, 'gb_scale': 1.791294147690765, 'gd_bubble_scale': 6.912689060853658, 'gd_line_scale': 1.494156813001146, 'gd_line_alpha': 0.4085064934612881, 'coalescence_d_scale': 2.046684243604715, 'capture_scale': 0.06327925455995793}. Best is trial 61 with value: 2.286562733614546.
[I 2026-05-02 21:43:56,154] Trial 77 finished with value: 4.102856779023048 and parameters: {'f_n': 5.806635715977666e-09, 'K_d': 149212.4946827578, 'rho_d': 18115661749782.312, 'fission_rate': 7.432256005722338e+19, 'Dg_D1_scale': 0.2280434197116083, 'Dg_D3_scale': 0.3129944260176958, 'Dv_D1_scale': 0.2524995193169924, 'Dv_D2_scale': 2.8340636885110535, 'b_bulk_scale': 0.2623302637804126, 'b_dislocation_scale': 0.03770338027924055, 'gb_scale': 1.4973292143592556, 'gd_bubble_scale': 6.180270731232052, 'gd_line_scale': 1.8697504843451147, 'gd_line_alpha': 0.2842613695744134, 'coalescence_d_scale': 1.3604357889639531, 'capture_scale': 0.09640113343365933}. Best is trial 61 with value: 2.286562733614546.
[I 2026-05-02 21:44:00,572] Trial 78 finished with value: 3.1996697813567607 and parameters: {'f_n': 6.043885634372323e-08, 'K_d': 183603.02596115207, 'rho_d': 15848573003228.947, 'fission_rate': 6.92191349371628e+19, 'Dg_D1_scale': 0.8028423954319136, 'Dg_D3_scale': 0.5561389285672592, 'Dv_D1_scale': 0.33535372057989205, 'Dv_D2_scale': 3.3468323576146095, 'b_bulk_scale': 0.37209537820061944, 'b_dislocation_scale': 0.0475141189568428, 'gb_scale': 0.49702685180108747, 'gd_bubble_scale': 3.2855591661571193, 'gd_line_scale': 0.7039714967774117, 'gd_line_alpha': 0.32749988003479313, 'coalescence_d_scale': 0.9423202445604844, 'capture_scale': 0.14692868729133754}. Best is trial 61 with value: 2.286562733614546.
[I 2026-05-02 21:44:03,654] Trial 79 finished with value: 5.5864828798165584 and parameters: {'f_n': 2.3144208818195408e-07, 'K_d': 202479.49886907922, 'rho_d': 13908964021036.398, 'fission_rate': 7.190820053972386e+19, 'Dg_D1_scale': 0.1939838202843934, 'Dg_D3_scale': 0.16525820789446966, 'Dv_D1_scale': 0.27263453983850594, 'Dv_D2_scale': 2.74526560895417, 'b_bulk_scale': 0.20117843441278008, 'b_dislocation_scale': 0.27571236261548615, 'gb_scale': 0.9367291335453058, 'gd_bubble_scale': 1.1960562618682176, 'gd_line_scale': 0.6046804344113569, 'gd_line_alpha': 0.4391157038075431, 'coalescence_d_scale': 9.359733933667174, 'capture_scale': 0.034199929747818054}. Best is trial 61 with value: 2.286562733614546.
[I 2026-05-02 21:44:07,141] Trial 80 finished with value: 3.63022421121938 and parameters: {'f_n': 8.489273210497832e-08, 'K_d': 259629.81206662246, 'rho_d': 16617204653282.27, 'fission_rate': 5.844569106221357e+19, 'Dg_D1_scale': 0.3759147621022541, 'Dg_D3_scale': 0.7505933681294503, 'Dv_D1_scale': 0.2018770906315121, 'Dv_D2_scale': 3.2796598768727168, 'b_bulk_scale': 0.13890315706561596, 'b_dislocation_scale': 0.057338175253830934, 'gb_scale': 0.3038700031412828, 'gd_bubble_scale': 4.987465425009743, 'gd_line_scale': 2.5532316560746593, 'gd_line_alpha': 0.36227232497571665, 'coalescence_d_scale': 0.5369767730760302, 'capture_scale': 0.026378520349180815}. Best is trial 61 with value: 2.286562733614546.
[I 2026-05-02 21:44:14,085] Trial 81 finished with value: 2.7347094994149215 and parameters: {'f_n': 1.4416859240618038e-07, 'K_d': 210271.3538599678, 'rho_d': 18046564329601.07, 'fission_rate': 4.1011235164749545e+19, 'Dg_D1_scale': 0.3033190515772464, 'Dg_D3_scale': 0.9336614475023725, 'Dv_D1_scale': 0.2507126270235245, 'Dv_D2_scale': 3.215633956456672, 'b_bulk_scale': 0.05183492968022747, 'b_dislocation_scale': 0.03556324238051521, 'gb_scale': 0.729936852204633, 'gd_bubble_scale': 5.077540265915777, 'gd_line_scale': 1.217815401980868, 'gd_line_alpha': 0.2787418529380671, 'coalescence_d_scale': 0.9959687605014101, 'capture_scale': 0.05327013900492832}. Best is trial 61 with value: 2.286562733614546.
[I 2026-05-02 21:44:21,119] Trial 82 finished with value: 2.917858283168556 and parameters: {'f_n': 1.4746907265234545e-07, 'K_d': 184189.22914655056, 'rho_d': 20103697358354.65, 'fission_rate': 4.213908197563648e+19, 'Dg_D1_scale': 0.2618481341113605, 'Dg_D3_scale': 0.4832222322025771, 'Dv_D1_scale': 0.2250057160782994, 'Dv_D2_scale': 3.6744611739817077, 'b_bulk_scale': 0.05507805242733916, 'b_dislocation_scale': 0.035708610227121546, 'gb_scale': 0.7406091822444516, 'gd_bubble_scale': 4.396748435642138, 'gd_line_scale': 1.553912704086067, 'gd_line_alpha': 0.22834897936066956, 'coalescence_d_scale': 1.1120073517072049, 'capture_scale': 0.048471709665488596}. Best is trial 61 with value: 2.286562733614546.
[I 2026-05-02 21:44:23,751] Trial 83 finished with value: 3.94881239370618 and parameters: {'f_n': 3.87455943153438e-09, 'K_d': 246486.92196642692, 'rho_d': 22334981979199.625, 'fission_rate': 7.083532297378074e+19, 'Dg_D1_scale': 0.308243891538423, 'Dg_D3_scale': 0.4138098935035024, 'Dv_D1_scale': 0.2992017801094898, 'Dv_D2_scale': 2.525279771176185, 'b_bulk_scale': 0.06504809413123912, 'b_dislocation_scale': 1.6974892249912037, 'gb_scale': 0.5373594707891418, 'gd_bubble_scale': 8.07649616976408, 'gd_line_scale': 0.8386074391554161, 'gd_line_alpha': 0.2992730887773104, 'coalescence_d_scale': 0.9005996253714383, 'capture_scale': 0.06737549778513453}. Best is trial 61 with value: 2.286562733614546.
[I 2026-05-02 21:44:27,950] Trial 84 finished with value: 21.38657753186376 and parameters: {'f_n': 1.1026492031665353e-08, 'K_d': 220635.7471946884, 'rho_d': 14626163390121.246, 'fission_rate': 7.297698549112181e+19, 'Dg_D1_scale': 0.4471114881494412, 'Dg_D3_scale': 0.6264819973708975, 'Dv_D1_scale': 0.25795905519904444, 'Dv_D2_scale': 3.129340197789528, 'b_bulk_scale': 0.5208150031770723, 'b_dislocation_scale': 0.04101203067589968, 'gb_scale': 1.008238440828318, 'gd_bubble_scale': 6.591489440539637, 'gd_line_scale': 1.9036456137435576, 'gd_line_alpha': 0.12681870339923362, 'coalescence_d_scale': 15.34653037568034, 'capture_scale': 0.022137723426836734}. Best is trial 61 with value: 2.286562733614546.Best trial: 61. Best value: 2.28656:   6%|▌         | 84/1500 [06:47<1:48:02,  4.58s/it]Best trial: 61. Best value: 2.28656:   6%|▌         | 84/1500 [06:47<1:48:02,  4.58s/it]Best trial: 61. Best value: 2.28656:   6%|▌         | 85/1500 [06:47<1:45:17,  4.46s/it]                                                                                        Best trial: 61. Best value: 2.28656:   6%|▌         | 85/1500 [06:54<1:45:17,  4.46s/it]Best trial: 61. Best value: 2.28656:   6%|▌         | 85/1500 [06:54<1:45:17,  4.46s/it]Best trial: 61. Best value: 2.28656:   6%|▌         | 86/1500 [06:54<2:03:21,  5.23s/it]                                                                                        Best trial: 61. Best value: 2.28656:   6%|▌         | 86/1500 [06:57<2:03:21,  5.23s/it]Best trial: 61. Best value: 2.28656:   6%|▌         | 86/1500 [06:57<2:03:21,  5.23s/it]Best trial: 61. Best value: 2.28656:   6%|▌         | 87/1500 [06:57<1:43:59,  4.42s/it]                                                                                        Best trial: 61. Best value: 2.28656:   6%|▌         | 87/1500 [07:01<1:43:59,  4.42s/it]Best trial: 61. Best value: 2.28656:   6%|▌         | 87/1500 [07:01<1:43:59,  4.42s/it]Best trial: 61. Best value: 2.28656:   6%|▌         | 88/1500 [07:01<1:40:26,  4.27s/it]                                                                                        Best trial: 61. Best value: 2.28656:   6%|▌         | 88/1500 [07:05<1:40:26,  4.27s/it]Best trial: 61. Best value: 2.28656:   6%|▌         | 88/1500 [07:05<1:40:26,  4.27s/it]Best trial: 61. Best value: 2.28656:   6%|▌         | 89/1500 [07:05<1:37:23,  4.14s/it]                                                                                        Best trial: 61. Best value: 2.28656:   6%|▌         | 89/1500 [07:09<1:37:23,  4.14s/it]Best trial: 61. Best value: 2.28656:   6%|▌         | 89/1500 [07:09<1:37:23,  4.14s/it]Best trial: 61. Best value: 2.28656:   6%|▌         | 90/1500 [07:09<1:36:03,  4.09s/it]                                                                                        Best trial: 61. Best value: 2.28656:   6%|▌         | 90/1500 [07:13<1:36:03,  4.09s/it]Best trial: 61. Best value: 2.28656:   6%|▌         | 90/1500 [07:13<1:36:03,  4.09s/it]Best trial: 61. Best value: 2.28656:   6%|▌         | 91/1500 [07:13<1:34:43,  4.03s/it]                                                                                        Best trial: 61. Best value: 2.28656:   6%|▌         | 91/1500 [07:17<1:34:43,  4.03s/it]Best trial: 61. Best value: 2.28656:   6%|▌         | 91/1500 [07:17<1:34:43,  4.03s/it]Best trial: 61. Best value: 2.28656:   6%|▌         | 92/1500 [07:17<1:34:04,  4.01s/it]                                                                                        Best trial: 61. Best value: 2.28656:   6%|▌         | 92/1500 [07:20<1:34:04,  4.01s/it]Best trial: 61. Best value: 2.28656:   6%|▌         | 92/1500 [07:20<1:34:04,  4.01s/it]Best trial: 61. Best value: 2.28656:   6%|▌         | 93/1500 [07:20<1:33:25,  3.98s/it]                                                                                        Best trial: 61. Best value: 2.28656:   6%|▌         | 93/1500 [07:24<1:33:25,  3.98s/it]Best trial: 61. Best value: 2.28656:   6%|▌         | 93/1500 [07:24<1:33:25,  3.98s/it]Best trial: 61. Best value: 2.28656:   6%|▋         | 94/1500 [07:24<1:33:02,  3.97s/it]                                                                                        Best trial: 61. Best value: 2.28656:   6%|▋         | 94/1500 [07:27<1:33:02,  3.97s/it]Best trial: 61. Best value: 2.28656:   6%|▋         | 94/1500 [07:27<1:33:02,  3.97s/it]Best trial: 61. Best value: 2.28656:   6%|▋         | 95/1500 [07:27<1:21:44,  3.49s/it]                                                                                        Best trial: 61. Best value: 2.28656:   6%|▋         | 95/1500 [07:31<1:21:44,  3.49s/it]Best trial: 61. Best value: 2.28656:   6%|▋         | 95/1500 [07:31<1:21:44,  3.49s/it]Best trial: 61. Best value: 2.28656:   6%|▋         | 96/1500 [07:31<1:24:52,  3.63s/it]                                                                                        
[I 2026-05-02 21:44:34,981] Trial 85 finished with value: 4.115922534469568 and parameters: {'f_n': 5.441178545671163e-07, 'K_d': 123649.66118620618, 'rho_d': 60649693709692.57, 'fission_rate': 4.053552920059396e+19, 'Dg_D1_scale': 0.22637135324384147, 'Dg_D3_scale': 1.012668353355066, 'Dv_D1_scale': 0.23318452037639317, 'Dv_D2_scale': 1.6953086608741015, 'b_bulk_scale': 0.08788170408406594, 'b_dislocation_scale': 0.0545942953264039, 'gb_scale': 0.4388781472495313, 'gd_bubble_scale': 5.328988770860101, 'gd_line_scale': 1.4083988860953072, 'gd_line_alpha': 0.3439496464871432, 'coalescence_d_scale': 0.7458325429926074, 'capture_scale': 0.016337990381794048}. Best is trial 61 with value: 2.286562733614546.
[I 2026-05-02 21:44:37,486] Trial 86 finished with value: 3.900402470994433 and parameters: {'f_n': 2.1529801822215418e-07, 'K_d': 160381.68207388537, 'rho_d': 11316348831642.139, 'fission_rate': 7.529023125250793e+19, 'Dg_D1_scale': 2.354145069486432, 'Dg_D3_scale': 0.8014840062853594, 'Dv_D1_scale': 1.2242065179676636, 'Dv_D2_scale': 1.055250556519093, 'b_bulk_scale': 0.04828638322661463, 'b_dislocation_scale': 0.0436999372086171, 'gb_scale': 1.3110194479261712, 'gd_bubble_scale': 3.3441501982529704, 'gd_line_scale': 1.1465228779719274, 'gd_line_alpha': 0.27832700813512706, 'coalescence_d_scale': 1.8361869027869624, 'capture_scale': 0.09589138094191661}. Best is trial 61 with value: 2.286562733614546.
[I 2026-05-02 21:44:41,408] Trial 87 finished with value: 2.3384895055802284 and parameters: {'f_n': 4.212627125967952e-08, 'K_d': 196501.65019779038, 'rho_d': 31426644871905.918, 'fission_rate': 7.756039472568695e+19, 'Dg_D1_scale': 0.5448867590200409, 'Dg_D3_scale': 0.5735748704243812, 'Dv_D1_scale': 0.21231089630399022, 'Dv_D2_scale': 2.1995332841182784, 'b_bulk_scale': 0.05991801663531232, 'b_dislocation_scale': 0.44122669149541893, 'gb_scale': 0.6786385737742144, 'gd_bubble_scale': 4.659290301544393, 'gd_line_scale': 3.101973793194783, 'gd_line_alpha': 0.1623519173921758, 'coalescence_d_scale': 0.40122131385954746, 'capture_scale': 0.035734025163449284}. Best is trial 61 with value: 2.286562733614546.
[I 2026-05-02 21:44:45,255] Trial 88 finished with value: 2.3633861789415787 and parameters: {'f_n': 3.314946175129913e-08, 'K_d': 144750.55588959184, 'rho_d': 40351754225004.13, 'fission_rate': 7.810201078704287e+19, 'Dg_D1_scale': 0.5183668210379033, 'Dg_D3_scale': 0.5853079764608118, 'Dv_D1_scale': 0.2181496279491862, 'Dv_D2_scale': 2.1293332917009296, 'b_bulk_scale': 0.07215518706857779, 'b_dislocation_scale': 0.8771448430390154, 'gb_scale': 0.6590827334036502, 'gd_bubble_scale': 0.10978379446004041, 'gd_line_scale': 4.840229629467868, 'gd_line_alpha': 0.1758060525013645, 'coalescence_d_scale': 0.40359394826821254, 'capture_scale': 0.03482396630249966}. Best is trial 61 with value: 2.286562733614546.
[I 2026-05-02 21:44:49,217] Trial 89 finished with value: 2.3537988046365452 and parameters: {'f_n': 4.724693619924776e-08, 'K_d': 145581.76353519698, 'rho_d': 46956803786263.23, 'fission_rate': 7.700875821389965e+19, 'Dg_D1_scale': 0.5337791388489133, 'Dg_D3_scale': 0.5741250562061377, 'Dv_D1_scale': 0.21242678190169315, 'Dv_D2_scale': 2.1915816782702313, 'b_bulk_scale': 0.07297875937972209, 'b_dislocation_scale': 0.7081212645368359, 'gb_scale': 0.3808402270989835, 'gd_bubble_scale': 0.0984140201832438, 'gd_line_scale': 3.3858344570655947, 'gd_line_alpha': 0.1122546417096168, 'coalescence_d_scale': 0.41551120441239336, 'capture_scale': 0.03621460403735403}. Best is trial 61 with value: 2.286562733614546.
