[I 2026-05-01 20:32:21,601] Trial 160 finished with value: 1.9065734545450377 and parameters: {'f_n': 6.958141332193002e-07, 'K_d': 985231.6245049748, 'rho_d': 9861693315989.701, 'fission_rate': 6.782664768292567e+19, 'Dv_scale': 0.2516990761780328, 'Dg_scale': 2.63174766699752, 'D2_xe_scale': 0.1791081503983554, 'b_scale': 0.1007327068053376, 'gb_scale': 0.8518288023022406, 'gd_scale': 4.664666440190495, 'coalescence_d_scale': 2.6682758835641, 'capture_scale': 0.03596590583971562}. Best is trial 149 with value: 1.8685419634302836.Best trial: 149. Best value: 1.86854:  53%|█████▎    | 160/300 [11:31<09:43,  4.17s/it]Best trial: 149. Best value: 1.86854:  53%|█████▎    | 160/300 [11:31<09:43,  4.17s/it]Best trial: 149. Best value: 1.86854:  54%|█████▎    | 161/300 [11:31<09:37,  4.16s/it]                                                                                       Best trial: 149. Best value: 1.86854:  54%|█████▎    | 161/300 [11:35<09:37,  4.16s/it]Best trial: 149. Best value: 1.86854:  54%|█████▎    | 161/300 [11:35<09:37,  4.16s/it]Best trial: 149. Best value: 1.86854:  54%|█████▍    | 162/300 [11:35<09:31,  4.14s/it]                                                                                       Best trial: 149. Best value: 1.86854:  54%|█████▍    | 162/300 [11:39<09:31,  4.14s/it]Best trial: 149. Best value: 1.86854:  54%|█████▍    | 162/300 [11:39<09:31,  4.14s/it]Best trial: 149. Best value: 1.86854:  54%|█████▍    | 163/300 [11:39<08:53,  3.90s/it]                                                                                       Best trial: 149. Best value: 1.86854:  54%|█████▍    | 163/300 [11:43<08:53,  3.90s/it]Best trial: 149. Best value: 1.86854:  54%|█████▍    | 163/300 [11:43<08:53,  3.90s/it]Best trial: 149. Best value: 1.86854:  55%|█████▍    | 164/300 [11:43<09:09,  4.04s/it]                                                                                       Best trial: 149. Best value: 1.86854:  55%|█████▍    | 164/300 [11:47<09:09,  4.04s/it]Best trial: 149. Best value: 1.86854:  55%|█████▍    | 164/300 [11:47<09:09,  4.04s/it]Best trial: 149. Best value: 1.86854:  55%|█████▌    | 165/300 [11:47<09:12,  4.09s/it]                                                                                       Best trial: 149. Best value: 1.86854:  55%|█████▌    | 165/300 [11:52<09:12,  4.09s/it]Best trial: 149. Best value: 1.86854:  55%|█████▌    | 165/300 [11:52<09:12,  4.09s/it]Best trial: 149. Best value: 1.86854:  55%|█████▌    | 166/300 [11:52<09:16,  4.15s/it]                                                                                       Best trial: 149. Best value: 1.86854:  55%|█████▌    | 166/300 [11:56<09:16,  4.15s/it]Best trial: 149. Best value: 1.86854:  55%|█████▌    | 166/300 [11:56<09:16,  4.15s/it]Best trial: 149. Best value: 1.86854:  56%|█████▌    | 167/300 [11:56<09:17,  4.19s/it]                                                                                       Best trial: 149. Best value: 1.86854:  56%|█████▌    | 167/300 [12:00<09:17,  4.19s/it]Best trial: 149. Best value: 1.86854:  56%|█████▌    | 167/300 [12:00<09:17,  4.19s/it]Best trial: 149. Best value: 1.86854:  56%|█████▌    | 168/300 [12:00<09:21,  4.26s/it]                                                                                       Best trial: 149. Best value: 1.86854:  56%|█████▌    | 168/300 [12:04<09:21,  4.26s/it]Best trial: 149. Best value: 1.86854:  56%|█████▌    | 168/300 [12:04<09:21,  4.26s/it]Best trial: 149. Best value: 1.86854:  56%|█████▋    | 169/300 [12:04<09:11,  4.21s/it]                                                                                       Best trial: 149. Best value: 1.86854:  56%|█████▋    | 169/300 [12:08<09:11,  4.21s/it]Best trial: 149. Best value: 1.86854:  56%|█████▋    | 169/300 [12:08<09:11,  4.21s/it]Best trial: 149. Best value: 1.86854:  57%|█████▋    | 170/300 [12:08<08:31,  3.94s/it]                                                                                       Best trial: 149. Best value: 1.86854:  57%|█████▋    | 170/300 [12:12<08:31,  3.94s/it]Best trial: 170. Best value: 1.8475:  57%|█████▋    | 170/300 [12:12<08:31,  3.94s/it] Best trial: 170. Best value: 1.8475:  57%|█████▋    | 171/300 [12:12<08:46,  4.08s/it]                                                                                      Best trial: 170. Best value: 1.8475:  57%|█████▋    | 171/300 [12:16<08:46,  4.08s/it]Best trial: 170. Best value: 1.8475:  57%|█████▋    | 171/300 [12:16<08:46,  4.08s/it]Best trial: 170. Best value: 1.8475:  57%|█████▋    | 172/300 [12:16<08:42,  4.08s/it]                                                                                      Best trial: 170. Best value: 1.8475:  57%|█████▋    | 172/300 [12:20<08:42,  4.08s/it]Best trial: 170. Best value: 1.8475:  57%|█████▋    | 172/300 [12:20<08:42,  4.08s/it]Best trial: 170. Best value: 1.8475:  58%|█████▊    | 173/300 [12:20<08:34,  4.05s/it]                                                                                      Best trial: 170. Best value: 1.8475:  58%|█████▊    | 173/300 [12:24<08:34,  4.05s/it]Best trial: 170. Best value: 1.8475:  58%|█████▊    | 173/300 [12:24<08:34,  4.05s/it]Best trial: 170. Best value: 1.8475:  58%|█████▊    | 174/300 [12:24<08:32,  4.06s/it]                                                                                      Best trial: 170. Best value: 1.8475:  58%|█████▊    | 174/300 [12:28<08:32,  4.06s/it]Best trial: 170. Best value: 1.8475:  58%|█████▊    | 174/300 [12:28<08:32,  4.06s/it]Best trial: 170. Best value: 1.8475:  58%|█████▊    | 175/300 [12:28<08:32,  4.10s/it]                                                                                      Best trial: 170. Best value: 1.8475:  58%|█████▊    | 175/300 [12:33<08:32,  4.10s/it]Best trial: 170. Best value: 1.8475:  58%|█████▊    | 175/300 [12:33<08:32,  4.10s/it]Best trial: 170. Best value: 1.8475:  59%|█████▊    | 176/300 [12:33<08:30,  4.12s/it]                                                                                      
[I 2026-05-01 20:32:25,705] Trial 161 finished with value: 1.9612610156553745 and parameters: {'f_n': 7.464949848199912e-07, 'K_d': 985399.7896290596, 'rho_d': 10064814337610.754, 'fission_rate': 6.772631873184432e+19, 'Dv_scale': 0.2512966819919446, 'Dg_scale': 2.4455269603606697, 'D2_xe_scale': 0.1749834792961068, 'b_scale': 0.10432170527078712, 'gb_scale': 0.8413274890823411, 'gd_scale': 4.699567068365844, 'coalescence_d_scale': 1.814382247335035, 'capture_scale': 0.0324867023678746}. Best is trial 149 with value: 1.8685419634302836.
[I 2026-05-01 20:32:29,029] Trial 162 finished with value: 1.9042651052343056 and parameters: {'f_n': 7.457018334384575e-07, 'K_d': 1100214.2716557686, 'rho_d': 10914463339739.736, 'fission_rate': 6.618443472222215e+19, 'Dv_scale': 0.22593591971295887, 'Dg_scale': 2.2126926776472615, 'D2_xe_scale': 0.14507414435687302, 'b_scale': 0.1288390827213145, 'gb_scale': 1.2890243721814103, 'gd_scale': 5.556295019206215, 'coalescence_d_scale': 2.704602240464844, 'capture_scale': 0.03391283468266777}. Best is trial 149 with value: 1.8685419634302836.
[I 2026-05-01 20:32:33,404] Trial 163 finished with value: 1.9019484128465038 and parameters: {'f_n': 7.392651280549741e-07, 'K_d': 1166891.6349146534, 'rho_d': 11803529257560.576, 'fission_rate': 6.574542590848616e+19, 'Dv_scale': 0.22154696794833037, 'Dg_scale': 2.17076137613281, 'D2_xe_scale': 0.14987617900628972, 'b_scale': 0.12611381651014913, 'gb_scale': 1.304949863139134, 'gd_scale': 5.541091965944341, 'coalescence_d_scale': 2.7263745717059478, 'capture_scale': 0.023282907333541644}. Best is trial 149 with value: 1.8685419634302836.
[I 2026-05-01 20:32:37,623] Trial 164 finished with value: 1.9420226322941254 and parameters: {'f_n': 7.74954090365191e-07, 'K_d': 1174151.6853781906, 'rho_d': 12972610044231.736, 'fission_rate': 6.530181862698804e+19, 'Dv_scale': 0.22328805059657772, 'Dg_scale': 2.313183615950918, 'D2_xe_scale': 0.1375999693339732, 'b_scale': 0.12702266108007818, 'gb_scale': 1.2230633935553072, 'gd_scale': 5.724035319897878, 'coalescence_d_scale': 2.778317639634047, 'capture_scale': 0.03388653811541819}. Best is trial 149 with value: 1.8685419634302836.
[I 2026-05-01 20:32:41,907] Trial 165 finished with value: 1.9008070462319158 and parameters: {'f_n': 4.492350881250572e-07, 'K_d': 1021043.9065407799, 'rho_d': 11773092848832.398, 'fission_rate': 6.584194349518553e+19, 'Dv_scale': 0.2577854408547976, 'Dg_scale': 2.179398347284445, 'D2_xe_scale': 0.11588247974332329, 'b_scale': 0.09775665897531458, 'gb_scale': 1.3447751752788832, 'gd_scale': 4.593592516496242, 'coalescence_d_scale': 2.721104062746598, 'capture_scale': 0.023446718388291446}. Best is trial 149 with value: 1.8685419634302836.
[I 2026-05-01 20:32:46,184] Trial 166 finished with value: 1.9045261693544362 and parameters: {'f_n': 8.109382579352504e-07, 'K_d': 1030028.2879223098, 'rho_d': 9766310923252.744, 'fission_rate': 6.575866757162633e+19, 'Dv_scale': 0.2561154921989824, 'Dg_scale': 2.098571352862621, 'D2_xe_scale': 0.1202591625113711, 'b_scale': 0.09693664142532703, 'gb_scale': 0.8420336053316791, 'gd_scale': 4.287364239025162, 'coalescence_d_scale': 2.845763575957716, 'capture_scale': 0.023143761097619116}. Best is trial 149 with value: 1.8685419634302836.
[I 2026-05-01 20:32:50,601] Trial 167 finished with value: 1.899004537741099 and parameters: {'f_n': 7.418468267652084e-07, 'K_d': 991256.4844659546, 'rho_d': 11387910214166.467, 'fission_rate': 6.41709264976694e+19, 'Dv_scale': 0.25457390355090975, 'Dg_scale': 2.178926890628809, 'D2_xe_scale': 0.10639378971945856, 'b_scale': 0.09918256448996805, 'gb_scale': 0.8784948271058624, 'gd_scale': 4.369356136596017, 'coalescence_d_scale': 2.6848187753037007, 'capture_scale': 0.023147706485637437}. Best is trial 149 with value: 1.8685419634302836.
[I 2026-05-01 20:32:54,680] Trial 168 finished with value: 1.8934059699302341 and parameters: {'f_n': 4.383536930958677e-07, 'K_d': 1023300.1328810874, 'rho_d': 11888082675086.375, 'fission_rate': 6.8302530451777544e+19, 'Dv_scale': 0.2310463504264186, 'Dg_scale': 2.1616739882360636, 'D2_xe_scale': 0.11499703314081335, 'b_scale': 0.09791096636508335, 'gb_scale': 0.8613483308238606, 'gd_scale': 4.410054078229581, 'coalescence_d_scale': 3.6509697209125207, 'capture_scale': 0.023921633018370206}. Best is trial 149 with value: 1.8685419634302836.
[I 2026-05-01 20:32:57,984] Trial 169 finished with value: 2.0187497879661467 and parameters: {'f_n': 4.2621566767933606e-07, 'K_d': 968230.511062627, 'rho_d': 9776650129412.64, 'fission_rate': 6.8549417077138055e+19, 'Dv_scale': 0.23146099376005172, 'Dg_scale': 2.0007732653290633, 'D2_xe_scale': 0.1157691529659692, 'b_scale': 0.10050270179855755, 'gb_scale': 0.8407955071892012, 'gd_scale': 5.8237811971155695, 'coalescence_d_scale': 2.1540849747849706, 'capture_scale': 0.02320754094895501}. Best is trial 149 with value: 1.8685419634302836.
[I 2026-05-01 20:33:02,416] Trial 170 finished with value: 1.8475020684854397 and parameters: {'f_n': 2.9404362458793125e-07, 'K_d': 1033313.5800943371, 'rho_d': 12059488476283.846, 'fission_rate': 6.73029298773579e+19, 'Dv_scale': 0.2270985793585049, 'Dg_scale': 2.16351747936811, 'D2_xe_scale': 0.11248921531165623, 'b_scale': 0.09929009994067671, 'gb_scale': 1.4456009949135962, 'gd_scale': 4.396731325376496, 'coalescence_d_scale': 3.8807281950820416, 'capture_scale': 0.02413586750952798}. Best is trial 170 with value: 1.8475020684854397.
[I 2026-05-01 20:33:06,507] Trial 171 finished with value: 1.8987541295798003 and parameters: {'f_n': 8.136319462933062e-07, 'K_d': 909229.8571338073, 'rho_d': 11911307865484.443, 'fission_rate': 6.734714084532285e+19, 'Dv_scale': 0.22435025152312832, 'Dg_scale': 2.168699876162356, 'D2_xe_scale': 0.11022796503204471, 'b_scale': 0.09877950887284079, 'gb_scale': 1.3878664659211875, 'gd_scale': 4.4472282291569485, 'coalescence_d_scale': 3.8748706145484393, 'capture_scale': 0.02405726704358133}. Best is trial 170 with value: 1.8475020684854397.
[I 2026-05-01 20:33:10,481] Trial 172 finished with value: 1.9181543046490617 and parameters: {'f_n': 8.35378029878174e-07, 'K_d': 1031836.3849741096, 'rho_d': 11710156932277.31, 'fission_rate': 6.918017517266605e+19, 'Dv_scale': 0.23129803423428483, 'Dg_scale': 2.142684542740937, 'D2_xe_scale': 0.11075967123358661, 'b_scale': 0.09767196216515976, 'gb_scale': 1.454992576333387, 'gd_scale': 4.4331400655123785, 'coalescence_d_scale': 3.784608716501019, 'capture_scale': 0.023501309849329237}. Best is trial 170 with value: 1.8475020684854397.
[I 2026-05-01 20:33:14,579] Trial 173 finished with value: 1.9033590681632353 and parameters: {'f_n': 2.9660987228028195e-07, 'K_d': 910502.1998131225, 'rho_d': 12893587763276.129, 'fission_rate': 6.727050429334592e+19, 'Dv_scale': 0.21927480485096748, 'Dg_scale': 2.1798988505368193, 'D2_xe_scale': 0.11345048594792315, 'b_scale': 0.10340726599054802, 'gb_scale': 1.7810281360386553, 'gd_scale': 5.576221978809178, 'coalescence_d_scale': 3.559749473379708, 'capture_scale': 0.02238500977184277}. Best is trial 170 with value: 1.8475020684854397.
[I 2026-05-01 20:33:18,768] Trial 174 finished with value: 1.960997161396196 and parameters: {'f_n': 2.778245583839999e-07, 'K_d': 829432.1247648823, 'rho_d': 12912565087128.96, 'fission_rate': 6.724267744102575e+19, 'Dv_scale': 0.21319580957601017, 'Dg_scale': 1.9064678584871226, 'D2_xe_scale': 0.1102275510799636, 'b_scale': 0.1054506393040958, 'gb_scale': 1.5951796262091384, 'gd_scale': 6.3289834877294835, 'coalescence_d_scale': 3.713524467773447, 'capture_scale': 0.023768449865848255}. Best is trial 170 with value: 1.8475020684854397.
[I 2026-05-01 20:33:22,924] Trial 175 finished with value: 1.8576594880484025 and parameters: {'f_n': 4.21224442148992e-07, 'K_d': 907405.3272795766, 'rho_d': 12087745871580.447, 'fission_rate': 6.619894818118403e+19, 'Dv_scale': 0.2259438921984375, 'Dg_scale': 2.1903917865611633, 'D2_xe_scale': 0.118568556515366, 'b_scale': 0.1528678504758457, 'gb_scale': 1.7433940021660719, 'gd_scale': 5.513698904591386, 'coalescence_d_scale': 4.039105408572516, 'capture_scale': 0.02732022931582188}. Best is trial 170 with value: 1.8475020684854397.
[I 2026-05-01 20:33:27,143] Trial 176 finished with value: 1.8619517756420243 and parameters: {'f_n': 4.173054797366228e-07, 'K_d': 902283.189204045, 'rho_d': 11971460367296.314, 'fission_rate': 6.803579039960726e+19, 'Dv_scale': 0.22777321577651582, 'Dg_scale': 2.2473201789717594, 'D2_xe_scale': 0.14274049298903924, 'b_scale': 0.15282860983711027, 'gb_scale': 1.7219115905824367, 'gd_scale': 5.5172126773105115, 'coalescence_d_scale': 4.074537734936435, 'capture_scale': 0.028902846198363537}. Best is trial 170 with value: 1.8475020684854397.Best trial: 170. Best value: 1.8475:  59%|█████▊    | 176/300 [12:37<08:30,  4.12s/it]Best trial: 170. Best value: 1.8475:  59%|█████▊    | 176/300 [12:37<08:30,  4.12s/it]Best trial: 170. Best value: 1.8475:  59%|█████▉    | 177/300 [12:37<08:30,  4.15s/it]                                                                                      Best trial: 170. Best value: 1.8475:  59%|█████▉    | 177/300 [12:40<08:30,  4.15s/it]Best trial: 170. Best value: 1.8475:  59%|█████▉    | 177/300 [12:40<08:30,  4.15s/it]Best trial: 170. Best value: 1.8475:  59%|█████▉    | 178/300 [12:40<07:53,  3.88s/it]                                                                                      Best trial: 170. Best value: 1.8475:  59%|█████▉    | 178/300 [12:44<07:53,  3.88s/it]Best trial: 170. Best value: 1.8475:  59%|█████▉    | 178/300 [12:44<07:53,  3.88s/it]Best trial: 170. Best value: 1.8475:  60%|█████▉    | 179/300 [12:44<07:52,  3.91s/it]                                                                                      Best trial: 170. Best value: 1.8475:  60%|█████▉    | 179/300 [12:48<07:52,  3.91s/it]Best trial: 170. Best value: 1.8475:  60%|█████▉    | 179/300 [12:48<07:52,  3.91s/it]Best trial: 170. Best value: 1.8475:  60%|██████    | 180/300 [12:48<07:51,  3.93s/it]                                                                                      Best trial: 170. Best value: 1.8475:  60%|██████    | 180/300 [12:52<07:51,  3.93s/it]Best trial: 170. Best value: 1.8475:  60%|██████    | 180/300 [12:52<07:51,  3.93s/it]Best trial: 170. Best value: 1.8475:  60%|██████    | 181/300 [12:52<07:45,  3.91s/it]                                                                                      Best trial: 170. Best value: 1.8475:  60%|██████    | 181/300 [12:56<07:45,  3.91s/it]Best trial: 170. Best value: 1.8475:  60%|██████    | 181/300 [12:56<07:45,  3.91s/it]Best trial: 170. Best value: 1.8475:  61%|██████    | 182/300 [12:56<07:45,  3.94s/it]                                                                                      Best trial: 170. Best value: 1.8475:  61%|██████    | 182/300 [13:00<07:45,  3.94s/it]Best trial: 170. Best value: 1.8475:  61%|██████    | 182/300 [13:00<07:45,  3.94s/it]Best trial: 170. Best value: 1.8475:  61%|██████    | 183/300 [13:00<07:43,  3.96s/it]                                                                                      Best trial: 170. Best value: 1.8475:  61%|██████    | 183/300 [13:04<07:43,  3.96s/it]Best trial: 170. Best value: 1.8475:  61%|██████    | 183/300 [13:04<07:43,  3.96s/it]Best trial: 170. Best value: 1.8475:  61%|██████▏   | 184/300 [13:04<07:48,  4.04s/it]                                                                                      Best trial: 170. Best value: 1.8475:  61%|██████▏   | 184/300 [13:08<07:48,  4.04s/it]Best trial: 170. Best value: 1.8475:  61%|██████▏   | 184/300 [13:08<07:48,  4.04s/it]Best trial: 170. Best value: 1.8475:  62%|██████▏   | 185/300 [13:08<07:39,  4.00s/it]                                                                                      Best trial: 170. Best value: 1.8475:  62%|██████▏   | 185/300 [13:11<07:39,  4.00s/it]Best trial: 170. Best value: 1.8475:  62%|██████▏   | 185/300 [13:11<07:39,  4.00s/it]Best trial: 170. Best value: 1.8475:  62%|██████▏   | 186/300 [13:11<07:10,  3.77s/it]                                                                                      Best trial: 170. Best value: 1.8475:  62%|██████▏   | 186/300 [13:15<07:10,  3.77s/it]Best trial: 170. Best value: 1.8475:  62%|██████▏   | 186/300 [13:15<07:10,  3.77s/it]Best trial: 170. Best value: 1.8475:  62%|██████▏   | 187/300 [13:15<07:10,  3.81s/it]                                                                                      Best trial: 170. Best value: 1.8475:  62%|██████▏   | 187/300 [13:19<07:10,  3.81s/it]Best trial: 170. Best value: 1.8475:  62%|██████▏   | 187/300 [13:19<07:10,  3.81s/it]Best trial: 170. Best value: 1.8475:  63%|██████▎   | 188/300 [13:19<07:07,  3.82s/it]                                                                                      Best trial: 170. Best value: 1.8475:  63%|██████▎   | 188/300 [13:23<07:07,  3.82s/it]Best trial: 170. Best value: 1.8475:  63%|██████▎   | 188/300 [13:23<07:07,  3.82s/it]Best trial: 170. Best value: 1.8475:  63%|██████▎   | 189/300 [13:23<07:03,  3.81s/it]                                                                                      Best trial: 170. Best value: 1.8475:  63%|██████▎   | 189/300 [13:27<07:03,  3.81s/it]Best trial: 189. Best value: 1.84128:  63%|██████▎   | 189/300 [13:27<07:03,  3.81s/it]Best trial: 189. Best value: 1.84128:  63%|██████▎   | 190/300 [13:27<07:00,  3.83s/it]                                                                                       Best trial: 189. Best value: 1.84128:  63%|██████▎   | 190/300 [13:31<07:00,  3.83s/it]Best trial: 189. Best value: 1.84128:  63%|██████▎   | 190/300 [13:31<07:00,  3.83s/it]Best trial: 189. Best value: 1.84128:  64%|██████▎   | 191/300 [13:31<07:00,  3.86s/it]                                                                                       Best trial: 189. Best value: 1.84128:  64%|██████▎   | 191/300 [13:34<07:00,  3.86s/it]Best trial: 189. Best value: 1.84128:  64%|██████▎   | 191/300 [13:34<07:00,  3.86s/it]Best trial: 189. Best value: 1.84128:  64%|██████▍   | 192/300 [13:34<06:55,  3.85s/it]                                                                                       
[I 2026-05-01 20:33:30,406] Trial 177 finished with value: 1.8509827968205945 and parameters: {'f_n': 2.296983419897149e-07, 'K_d': 913846.9248743004, 'rho_d': 11963863265308.447, 'fission_rate': 6.820373004380064e+19, 'Dv_scale': 0.21632060632829905, 'Dg_scale': 1.9768460596311972, 'D2_xe_scale': 0.20198418478227048, 'b_scale': 0.1471950381497525, 'gb_scale': 1.7519968535922448, 'gd_scale': 5.486841202533009, 'coalescence_d_scale': 3.991935722317011, 'capture_scale': 0.02596034724719721}. Best is trial 170 with value: 1.8475020684854397.
[I 2026-05-01 20:33:34,363] Trial 178 finished with value: 1.87226186849841 and parameters: {'f_n': 3.339632340320975e-07, 'K_d': 896580.3116195804, 'rho_d': 12079888846315.906, 'fission_rate': 6.806867329450212e+19, 'Dv_scale': 0.2143484589372757, 'Dg_scale': 2.016617874502332, 'D2_xe_scale': 0.20349627851810353, 'b_scale': 0.14641893100736975, 'gb_scale': 1.9072256908433733, 'gd_scale': 5.3908547476612485, 'coalescence_d_scale': 4.016988119916549, 'capture_scale': 0.027850537455319676}. Best is trial 170 with value: 1.8475020684854397.
