[I 2026-05-01 20:33:38,353] Trial 179 finished with value: 1.8541631937688798 and parameters: {'f_n': 2.133022284645674e-07, 'K_d': 908873.9885804185, 'rho_d': 11976772060918.883, 'fission_rate': 6.853826658319571e+19, 'Dv_scale': 0.23544752749715486, 'Dg_scale': 1.9391860667940681, 'D2_xe_scale': 0.20331513001568263, 'b_scale': 0.15270614713003808, 'gb_scale': 2.064121586495819, 'gd_scale': 6.451429177917272, 'coalescence_d_scale': 4.212854837192161, 'capture_scale': 0.04415204340013962}. Best is trial 170 with value: 1.8475020684854397.
[I 2026-05-01 20:33:42,204] Trial 180 finished with value: 4.47336713321262 and parameters: {'f_n': 2.044275733424774e-07, 'K_d': 895107.4187991052, 'rho_d': 13618641094861.656, 'fission_rate': 7.0539816733195485e+19, 'Dv_scale': 0.2375085715896445, 'Dg_scale': 1.915572602978365, 'D2_xe_scale': 0.19834717739900795, 'b_scale': 0.14992405158472868, 'gb_scale': 2.054687394851254, 'gd_scale': 0.09864594871815627, 'coalescence_d_scale': 4.1033488457289815, 'capture_scale': 0.02890197469917178}. Best is trial 170 with value: 1.8475020684854397.
[I 2026-05-01 20:33:46,238] Trial 181 finished with value: 1.860996635565889 and parameters: {'f_n': 3.5515606630699903e-07, 'K_d': 838541.3546430208, 'rho_d': 12045901239754.047, 'fission_rate': 6.848356852998395e+19, 'Dv_scale': 0.2123036702826291, 'Dg_scale': 2.005573887361353, 'D2_xe_scale': 0.2033007587124699, 'b_scale': 0.1857955978800594, 'gb_scale': 1.6362030283451647, 'gd_scale': 6.421433395472247, 'coalescence_d_scale': 4.082348937326057, 'capture_scale': 0.04204054287061893}. Best is trial 170 with value: 1.8475020684854397.
[I 2026-05-01 20:33:50,230] Trial 182 finished with value: 1.860484364015967 and parameters: {'f_n': 3.8344406120792e-07, 'K_d': 831207.7024938401, 'rho_d': 12197192759126.367, 'fission_rate': 6.872537891839514e+19, 'Dv_scale': 0.2128863271654396, 'Dg_scale': 1.9992838866114657, 'D2_xe_scale': 0.20838374551936995, 'b_scale': 0.18691461307241505, 'gb_scale': 1.6888441686939082, 'gd_scale': 6.590633281057468, 'coalescence_d_scale': 3.970747075088767, 'capture_scale': 0.04473926181115787}. Best is trial 170 with value: 1.8475020684854397.
[I 2026-05-01 20:33:54,473] Trial 183 finished with value: 1.8679636286718526 and parameters: {'f_n': 2.4754948419434737e-07, 'K_d': 811570.0525471116, 'rho_d': 12326027167441.64, 'fission_rate': 6.938511078433882e+19, 'Dv_scale': 0.2125023009458786, 'Dg_scale': 2.0010672202485282, 'D2_xe_scale': 0.20304315478250828, 'b_scale': 0.18392802699251057, 'gb_scale': 1.631095761557436, 'gd_scale': 6.503704050368782, 'coalescence_d_scale': 4.0228690216539205, 'capture_scale': 0.041784076039254076}. Best is trial 170 with value: 1.8475020684854397.
[I 2026-05-01 20:33:58,369] Trial 184 finished with value: 1.9026108905687495 and parameters: {'f_n': 2.5862508774295896e-07, 'K_d': 782834.7828633941, 'rho_d': 14732969854056.48, 'fission_rate': 6.900908303946306e+19, 'Dv_scale': 0.2138369208021365, 'Dg_scale': 2.002101618423064, 'D2_xe_scale': 0.2154896456744645, 'b_scale': 0.17945305516749563, 'gb_scale': 1.6469214256092488, 'gd_scale': 6.599624269630028, 'coalescence_d_scale': 4.047482834700813, 'capture_scale': 0.043935970787877754}. Best is trial 170 with value: 1.8475020684854397.
[I 2026-05-01 20:34:01,614] Trial 185 finished with value: 1.893260258979874 and parameters: {'f_n': 3.5458591112474486e-07, 'K_d': 845554.2944654737, 'rho_d': 12249337316478.488, 'fission_rate': 7.0117284461260415e+19, 'Dv_scale': 0.23107732978757028, 'Dg_scale': 1.8379107986799226, 'D2_xe_scale': 0.13112150858341853, 'b_scale': 0.20319833281604294, 'gb_scale': 2.024524947674027, 'gd_scale': 6.454999910167356, 'coalescence_d_scale': 5.5994572520993815, 'capture_scale': 0.043971643923067225}. Best is trial 170 with value: 1.8475020684854397.
[I 2026-05-01 20:34:05,485] Trial 186 finished with value: 1.8718018630105548 and parameters: {'f_n': 2.3540496442473597e-07, 'K_d': 834110.8835728429, 'rho_d': 12226976812120.795, 'fission_rate': 7.1805093736512545e+19, 'Dv_scale': 0.22940826134773443, 'Dg_scale': 1.7762719809650556, 'D2_xe_scale': 0.19805496222855407, 'b_scale': 0.19311049098612088, 'gb_scale': 2.0673784295682553, 'gd_scale': 6.3566956602182305, 'coalescence_d_scale': 5.35274672075325, 'capture_scale': 0.04551485993155314}. Best is trial 170 with value: 1.8475020684854397.
[I 2026-05-01 20:34:09,352] Trial 187 finished with value: 1.8804584217737688 and parameters: {'f_n': 1.4902594007212906e-07, 'K_d': 821415.6976620045, 'rho_d': 12224004138600.15, 'fission_rate': 7.12409451205612e+19, 'Dv_scale': 0.21195979015205085, 'Dg_scale': 1.8397695304625297, 'D2_xe_scale': 0.18100958114756457, 'b_scale': 0.21286431468945974, 'gb_scale': 2.156275554880693, 'gd_scale': 6.363587300388845, 'coalescence_d_scale': 3.9209495205011837, 'capture_scale': 0.04471566992676919}. Best is trial 170 with value: 1.8475020684854397.
[I 2026-05-01 20:34:13,132] Trial 188 finished with value: 1.8936799036135876 and parameters: {'f_n': 2.4650837129939806e-07, 'K_d': 824026.4783363023, 'rho_d': 12438693340061.15, 'fission_rate': 7.116999656644657e+19, 'Dv_scale': 0.2110688267003608, 'Dg_scale': 1.8510673827923678, 'D2_xe_scale': 0.19534268914289005, 'b_scale': 0.22435987994959086, 'gb_scale': 2.1861222042815336, 'gd_scale': 6.6110936040003025, 'coalescence_d_scale': 5.310304114179597, 'capture_scale': 0.045510138721325304}. Best is trial 170 with value: 1.8475020684854397.
[I 2026-05-01 20:34:16,972] Trial 189 finished with value: 1.8412811834688472 and parameters: {'f_n': 1.750157934298601e-07, 'K_d': 824783.2353579454, 'rho_d': 13958253542214.11, 'fission_rate': 7.177941129701129e+19, 'Dv_scale': 0.21171634551274082, 'Dg_scale': 1.804383580988203, 'D2_xe_scale': 0.20303067428868385, 'b_scale': 0.2358522425289636, 'gb_scale': 2.2805551360389527, 'gd_scale': 6.5671816214782766, 'coalescence_d_scale': 5.787007637904689, 'capture_scale': 0.046017161710783995}. Best is trial 189 with value: 1.8412811834688472.
[I 2026-05-01 20:34:20,931] Trial 190 finished with value: 1.8457529248116065 and parameters: {'f_n': 1.2288495927120443e-07, 'K_d': 822736.4459076568, 'rho_d': 15311943747609.799, 'fission_rate': 7.1042498081826546e+19, 'Dv_scale': 0.2097493048767959, 'Dg_scale': 1.7957416288405645, 'D2_xe_scale': 0.20117648319152195, 'b_scale': 0.22253299849398575, 'gb_scale': 2.3393422459423943, 'gd_scale': 6.759866233916629, 'coalescence_d_scale': 5.629955675016476, 'capture_scale': 0.05473736299409945}. Best is trial 189 with value: 1.8412811834688472.
[I 2026-05-01 20:34:24,760] Trial 191 finished with value: 1.8508413344624037 and parameters: {'f_n': 2.2916148816893142e-07, 'K_d': 751115.7767322041, 'rho_d': 14368821075506.582, 'fission_rate': 7.15903508414554e+19, 'Dv_scale': 0.2130251164906391, 'Dg_scale': 1.8028107386902037, 'D2_xe_scale': 0.20061906351351316, 'b_scale': 0.22750832888494144, 'gb_scale': 2.3226951685508896, 'gd_scale': 6.572634918358051, 'coalescence_d_scale': 5.3873693759856565, 'capture_scale': 0.05379637115526015}. Best is trial 189 with value: 1.8412811834688472.
[I 2026-05-01 20:34:28,617] Trial 192 finished with value: 1.854732734745617 and parameters: {'f_n': 1.4319906551023974e-07, 'K_d': 698628.2549309874, 'rho_d': 15485980311247.275, 'fission_rate': 7.147235366196639e+19, 'Dv_scale': 0.21139538936449634, 'Dg_scale': 1.7858889050160967, 'D2_xe_scale': 0.20019850468333217, 'b_scale': 0.23017760242369067, 'gb_scale': 2.4095112882944756, 'gd_scale': 6.605425753303501, 'coalescence_d_scale': 5.734564598253478, 'capture_scale': 0.057036052228531725}. Best is trial 189 with value: 1.8412811834688472.Best trial: 189. Best value: 1.84128:  64%|██████▍   | 192/300 [13:38<06:55,  3.85s/it]Best trial: 189. Best value: 1.84128:  64%|██████▍   | 192/300 [13:38<06:55,  3.85s/it]Best trial: 189. Best value: 1.84128:  64%|██████▍   | 193/300 [13:38<06:52,  3.85s/it]                                                                                       Best trial: 189. Best value: 1.84128:  64%|██████▍   | 193/300 [13:41<06:52,  3.85s/it]Best trial: 189. Best value: 1.84128:  64%|██████▍   | 193/300 [13:41<06:52,  3.85s/it]Best trial: 189. Best value: 1.84128:  65%|██████▍   | 194/300 [13:41<06:20,  3.59s/it]                                                                                       Best trial: 189. Best value: 1.84128:  65%|██████▍   | 194/300 [13:45<06:20,  3.59s/it]Best trial: 189. Best value: 1.84128:  65%|██████▍   | 194/300 [13:45<06:20,  3.59s/it]Best trial: 189. Best value: 1.84128:  65%|██████▌   | 195/300 [13:45<06:23,  3.66s/it]                                                                                       Best trial: 189. Best value: 1.84128:  65%|██████▌   | 195/300 [13:49<06:23,  3.66s/it]Best trial: 189. Best value: 1.84128:  65%|██████▌   | 195/300 [13:49<06:23,  3.66s/it]Best trial: 189. Best value: 1.84128:  65%|██████▌   | 196/300 [13:49<06:25,  3.70s/it]                                                                                       Best trial: 189. Best value: 1.84128:  65%|██████▌   | 196/300 [13:53<06:25,  3.70s/it]Best trial: 189. Best value: 1.84128:  65%|██████▌   | 196/300 [13:53<06:25,  3.70s/it]Best trial: 189. Best value: 1.84128:  66%|██████▌   | 197/300 [13:53<06:23,  3.72s/it]                                                                                       Best trial: 189. Best value: 1.84128:  66%|██████▌   | 197/300 [13:57<06:23,  3.72s/it]Best trial: 189. Best value: 1.84128:  66%|██████▌   | 197/300 [13:57<06:23,  3.72s/it]Best trial: 189. Best value: 1.84128:  66%|██████▌   | 198/300 [13:57<06:25,  3.78s/it]                                                                                       Best trial: 189. Best value: 1.84128:  66%|██████▌   | 198/300 [14:00<06:25,  3.78s/it]Best trial: 189. Best value: 1.84128:  66%|██████▌   | 198/300 [14:00<06:25,  3.78s/it]Best trial: 189. Best value: 1.84128:  66%|██████▋   | 199/300 [14:00<06:19,  3.76s/it]                                                                                       Best trial: 189. Best value: 1.84128:  66%|██████▋   | 199/300 [14:04<06:19,  3.76s/it]Best trial: 189. Best value: 1.84128:  66%|██████▋   | 199/300 [14:04<06:19,  3.76s/it]Best trial: 189. Best value: 1.84128:  67%|██████▋   | 200/300 [14:04<06:18,  3.78s/it]                                                                                       Best trial: 189. Best value: 1.84128:  67%|██████▋   | 200/300 [14:08<06:18,  3.78s/it]Best trial: 189. Best value: 1.84128:  67%|██████▋   | 200/300 [14:08<06:18,  3.78s/it]Best trial: 189. Best value: 1.84128:  67%|██████▋   | 201/300 [14:08<06:23,  3.88s/it]                                                                                       Best trial: 189. Best value: 1.84128:  67%|██████▋   | 201/300 [14:12<06:23,  3.88s/it]Best trial: 189. Best value: 1.84128:  67%|██████▋   | 201/300 [14:12<06:23,  3.88s/it]Best trial: 189. Best value: 1.84128:  67%|██████▋   | 202/300 [14:12<06:21,  3.89s/it]                                                                                       Best trial: 189. Best value: 1.84128:  67%|██████▋   | 202/300 [14:15<06:21,  3.89s/it]Best trial: 189. Best value: 1.84128:  67%|██████▋   | 202/300 [14:15<06:21,  3.89s/it]Best trial: 189. Best value: 1.84128:  68%|██████▊   | 203/300 [14:15<05:53,  3.65s/it]                                                                                       Best trial: 189. Best value: 1.84128:  68%|██████▊   | 203/300 [14:19<05:53,  3.65s/it]Best trial: 189. Best value: 1.84128:  68%|██████▊   | 203/300 [14:19<05:53,  3.65s/it]Best trial: 189. Best value: 1.84128:  68%|██████▊   | 204/300 [14:19<05:54,  3.69s/it]                                                                                       Best trial: 189. Best value: 1.84128:  68%|██████▊   | 204/300 [14:23<05:54,  3.69s/it]Best trial: 189. Best value: 1.84128:  68%|██████▊   | 204/300 [14:23<05:54,  3.69s/it]Best trial: 189. Best value: 1.84128:  68%|██████▊   | 205/300 [14:23<05:52,  3.71s/it]                                                                                       Best trial: 189. Best value: 1.84128:  68%|██████▊   | 205/300 [14:27<05:52,  3.71s/it]Best trial: 189. Best value: 1.84128:  68%|██████▊   | 205/300 [14:27<05:52,  3.71s/it]Best trial: 189. Best value: 1.84128:  69%|██████▊   | 206/300 [14:27<05:54,  3.78s/it]                                                                                       Best trial: 189. Best value: 1.84128:  69%|██████▊   | 206/300 [14:31<05:54,  3.78s/it]Best trial: 189. Best value: 1.84128:  69%|██████▊   | 206/300 [14:31<05:54,  3.78s/it]Best trial: 189. Best value: 1.84128:  69%|██████▉   | 207/300 [14:31<05:53,  3.80s/it]                                                                                       Best trial: 189. Best value: 1.84128:  69%|██████▉   | 207/300 [14:34<05:53,  3.80s/it]Best trial: 189. Best value: 1.84128:  69%|██████▉   | 207/300 [14:34<05:53,  3.80s/it]Best trial: 189. Best value: 1.84128:  69%|██████▉   | 208/300 [14:34<05:48,  3.79s/it]                                                                                       
[I 2026-05-01 20:34:31,587] Trial 193 finished with value: 1.861015666855577 and parameters: {'f_n': 1.532620261967532e-07, 'K_d': 693824.1645479081, 'rho_d': 15314457109689.514, 'fission_rate': 7.234436240677683e+19, 'Dv_scale': 0.22932952678559823, 'Dg_scale': 1.771648247230971, 'D2_xe_scale': 0.22492960171839466, 'b_scale': 0.26800840335635934, 'gb_scale': 2.495602909372924, 'gd_scale': 7.303508784747582, 'coalescence_d_scale': 5.719411781298276, 'capture_scale': 0.055413624522155244}. Best is trial 189 with value: 1.8412811834688472.
[I 2026-05-01 20:34:35,408] Trial 194 finished with value: 1.8482284511354645 and parameters: {'f_n': 1.5542454541615956e-07, 'K_d': 709843.6848568895, 'rho_d': 17809936697969.67, 'fission_rate': 7.263233693989268e+19, 'Dv_scale': 0.2098157293190839, 'Dg_scale': 1.7662356539599071, 'D2_xe_scale': 0.21500970272413256, 'b_scale': 0.2674019013459175, 'gb_scale': 2.4568670403801165, 'gd_scale': 7.21448638935142, 'coalescence_d_scale': 5.968105601299629, 'capture_scale': 0.05530338519201676}. Best is trial 189 with value: 1.8412811834688472.
[I 2026-05-01 20:34:39,225] Trial 195 finished with value: 1.8646380392915494 and parameters: {'f_n': 1.492573749769767e-07, 'K_d': 703176.9946453436, 'rho_d': 17615720343574.777, 'fission_rate': 7.2245957408587555e+19, 'Dv_scale': 0.21219311011085154, 'Dg_scale': 1.5234856120825866, 'D2_xe_scale': 0.2163979668827244, 'b_scale': 0.2498496154819683, 'gb_scale': 2.5443942438204674, 'gd_scale': 7.6244789891016325, 'coalescence_d_scale': 5.965513181423435, 'capture_scale': 0.06035241133071478}. Best is trial 189 with value: 1.8412811834688472.
[I 2026-05-01 20:34:42,995] Trial 196 finished with value: 1.9917850934860062 and parameters: {'f_n': 1.549893950875628e-07, 'K_d': 686837.8855497139, 'rho_d': 17963511653677.113, 'fission_rate': 7.408280803736728e+19, 'Dv_scale': 0.21162483647459351, 'Dg_scale': 1.5288499969036013, 'D2_xe_scale': 0.22240636524224375, 'b_scale': 0.26273151138603174, 'gb_scale': 2.481627814705178, 'gd_scale': 7.427230205040833, 'coalescence_d_scale': 8.720861074325944, 'capture_scale': 0.05827881063882957}. Best is trial 189 with value: 1.8412811834688472.
[I 2026-05-01 20:34:46,871] Trial 197 finished with value: 1.8447733092310796 and parameters: {'f_n': 1.2431625245327748e-07, 'K_d': 750070.8210373359, 'rho_d': 15434887959283.738, 'fission_rate': 7.20382825121038e+19, 'Dv_scale': 0.2099228139917042, 'Dg_scale': 1.6926035454837212, 'D2_xe_scale': 0.20743524521983583, 'b_scale': 0.30628155520177625, 'gb_scale': 2.730534552963472, 'gd_scale': 7.28793698188376, 'coalescence_d_scale': 6.020734341853213, 'capture_scale': 0.05198535174252158}. Best is trial 189 with value: 1.8412811834688472.
[I 2026-05-01 20:34:50,609] Trial 198 finished with value: 1.8451069013817016 and parameters: {'f_n': 1.1975428460369015e-07, 'K_d': 744278.6562880609, 'rho_d': 15545630487186.484, 'fission_rate': 7.289593322288914e+19, 'Dv_scale': 0.2083275455773414, 'Dg_scale': 1.6561854908297262, 'D2_xe_scale': 0.22787964818053108, 'b_scale': 0.28443173664380167, 'gb_scale': 2.711892633203569, 'gd_scale': 7.56506700137818, 'coalescence_d_scale': 6.084480416251823, 'capture_scale': 0.0687606697350584}. Best is trial 189 with value: 1.8412811834688472.
[I 2026-05-01 20:34:54,445] Trial 199 finished with value: 1.8606028462172948 and parameters: {'f_n': 1.2320764456206936e-07, 'K_d': 636396.7599084672, 'rho_d': 17795346820914.25, 'fission_rate': 7.225188560372864e+19, 'Dv_scale': 0.20064413639398854, 'Dg_scale': 1.7130015098081202, 'D2_xe_scale': 0.22668092631576464, 'b_scale': 0.29747571249053, 'gb_scale': 2.571265506275362, 'gd_scale': 7.062970549441085, 'coalescence_d_scale': 6.260952542292682, 'capture_scale': 0.052310918012614054}. Best is trial 189 with value: 1.8412811834688472.
[I 2026-05-01 20:34:58,548] Trial 200 finished with value: 1.8871275087054344 and parameters: {'f_n': 9.799745504227936e-08, 'K_d': 630995.5432224213, 'rho_d': 17370249158682.889, 'fission_rate': 7.273468043130733e+19, 'Dv_scale': 0.20608473634177274, 'Dg_scale': 1.6303156278847968, 'D2_xe_scale': 0.2392731761084525, 'b_scale': 0.3625743457280931, 'gb_scale': 2.555590447004492, 'gd_scale': 7.7888730152425625, 'coalescence_d_scale': 6.6387893181694135, 'capture_scale': 0.06670769240637688}. Best is trial 189 with value: 1.8412811834688472.
[I 2026-05-01 20:35:02,475] Trial 201 finished with value: 1.8430177505972212 and parameters: {'f_n': 1.2958009492569377e-07, 'K_d': 742247.968274927, 'rho_d': 15444706303215.332, 'fission_rate': 7.196577563100699e+19, 'Dv_scale': 0.2000976637259391, 'Dg_scale': 1.6878688945841769, 'D2_xe_scale': 0.22364669332041592, 'b_scale': 0.28922735017113127, 'gb_scale': 2.9553984549151817, 'gd_scale': 7.43176345943915, 'coalescence_d_scale': 5.984605770679862, 'capture_scale': 0.055087584924010065}. Best is trial 189 with value: 1.8412811834688472.
[I 2026-05-01 20:35:05,547] Trial 202 finished with value: 1.8481510571301787 and parameters: {'f_n': 1.1935230422497255e-07, 'K_d': 726735.8668203333, 'rho_d': 15523025833756.03, 'fission_rate': 7.202768710157096e+19, 'Dv_scale': 0.22030293928763514, 'Dg_scale': 1.7321333728024728, 'D2_xe_scale': 0.23124169192087826, 'b_scale': 0.280578448353972, 'gb_scale': 2.819729569930001, 'gd_scale': 7.205929946112824, 'coalescence_d_scale': 6.006685632079946, 'capture_scale': 0.05362713212227001}. Best is trial 189 with value: 1.8412811834688472.
[I 2026-05-01 20:35:09,342] Trial 203 finished with value: 1.8463178351955536 and parameters: {'f_n': 1.1836373791168444e-07, 'K_d': 766087.7657970885, 'rho_d': 15341660369986.895, 'fission_rate': 7.374465443254168e+19, 'Dv_scale': 0.2005832417394706, 'Dg_scale': 1.6922858938995964, 'D2_xe_scale': 0.2325224360382543, 'b_scale': 0.310760839774994, 'gb_scale': 2.867103279084348, 'gd_scale': 7.363919367461511, 'coalescence_d_scale': 5.946380276978748, 'capture_scale': 0.054112574623687376}. Best is trial 189 with value: 1.8412811834688472.
[I 2026-05-01 20:35:13,079] Trial 204 finished with value: 1.8505524052537536 and parameters: {'f_n': 1.2412399268141927e-07, 'K_d': 743179.7683461384, 'rho_d': 15391992185159.33, 'fission_rate': 7.343190810524731e+19, 'Dv_scale': 0.200450117137582, 'Dg_scale': 1.5084413359926467, 'D2_xe_scale': 0.2233510132781013, 'b_scale': 0.2945218924535439, 'gb_scale': 2.917163040879404, 'gd_scale': 7.272828472703759, 'coalescence_d_scale': 5.936354138554538, 'capture_scale': 0.054827994737740894}. Best is trial 189 with value: 1.8412811834688472.
[I 2026-05-01 20:35:17,016] Trial 205 finished with value: 1.8446348220478084 and parameters: {'f_n': 1.2305111083369476e-07, 'K_d': 735888.8200106369, 'rho_d': 15701141840295.16, 'fission_rate': 7.38017703186104e+19, 'Dv_scale': 0.20089512413023514, 'Dg_scale': 1.466116898181536, 'D2_xe_scale': 0.2346973080970383, 'b_scale': 0.29404374871900946, 'gb_scale': 2.83399789451969, 'gd_scale': 8.274050712746307, 'coalescence_d_scale': 6.0330381570167955, 'capture_scale': 0.053640813319277655}. Best is trial 189 with value: 1.8412811834688472.
[I 2026-05-01 20:35:20,867] Trial 206 finished with value: 1.8711941563851364 and parameters: {'f_n': 1.139928132119283e-07, 'K_d': 748523.1548753105, 'rho_d': 15631686659826.344, 'fission_rate': 7.367072198125705e+19, 'Dv_scale': 0.2000993747526139, 'Dg_scale': 1.6906748025871245, 'D2_xe_scale': 0.2902770948305254, 'b_scale': 0.2929802717120788, 'gb_scale': 2.9001008611458228, 'gd_scale': 8.664099684725418, 'coalescence_d_scale': 7.121551246247482, 'capture_scale': 0.05318827019743639}. Best is trial 189 with value: 1.8412811834688472.
[I 2026-05-01 20:35:24,644] Trial 207 finished with value: 1.9702725525734082 and parameters: {'f_n': 8.099782273370842e-08, 'K_d': 650775.3027916666, 'rho_d': 15331328919037.73, 'fission_rate': 7.539689938535311e+19, 'Dv_scale': 0.2215304915874733, 'Dg_scale': 1.6822188247591534, 'D2_xe_scale': 0.25173425358908347, 'b_scale': 0.34494148367640676, 'gb_scale': 3.115803854817741, 'gd_scale': 7.005885323833323, 'coalescence_d_scale': 7.8917833399421795, 'capture_scale': 0.07381727406341772}. Best is trial 189 with value: 1.8412811834688472.
