[I 2026-05-01 20:20:49,756] A new study created in RDB with name: UN_M7_capture_only
########################################################################################################################
V4 wrapper settings
family                 = capture_only
Dv fixed/range          = None / [0.2, 2.0]
pressure weight/free    = 0.7 / 2.0
partition/qgb weights   = 0.8 / 0.7
Rizk prior weight       = 0.2
radius guard weight     = 0.45
Rd2000/Rratio guard      = 800.0 nm / 2.8
output dir              = UN_M7_optuna_v4_results/capture_only/dv0.2-2_pW0.7_pF2_part0.8_qgb0.7_prior0.2_R800
q_gb interpretation     = grain-boundary bubbles + fission gas release
capture law             = unchanged; active for capture_only and M7_no_phi
nucleation mass coupling= depends on family switch in base module
########################################################################################################################
########################################################################################################################
OPTUNA CALIBRATION: capture_only
########################################################################################################################
Output dir        = UN_M7_optuna_v4_results/capture_only/dv0.2-2_pW0.7_pF2_part0.8_qgb0.7_prior0.2_R800
Trials requested  = 300
FAST dt/modes     = 12 h / 22
FINAL dt/modes    = 1 h / 40
Pressure weight   = 0.7; free factor = 2
D2 Xe             = included, with D2_xe_scale
Coalescence       = active, scale never zero
Family switches   = phi_gas:False, nuc_mass:False, capture:True
########################################################################################################################
  0%|          | 0/300 [00:00<?, ?it/s]                                         0%|          | 0/300 [00:04<?, ?it/s]Best trial: 0. Best value: 6.89822:   0%|          | 0/300 [00:04<?, ?it/s]Best trial: 0. Best value: 6.89822:   0%|          | 1/300 [00:04<22:21,  4.49s/it]/home/destro/sciantix-official/UN_M7_optuna_calibration_v4.py:116: UserWarning: Fixed parameter Dv_scale with value 3.0 is out of range for distribution FloatDistribution(high=2.0, log=True, low=0.2, step=None).
  "Dv_scale": float(DV_FIXED) if DV_FIXED is not None else trial.suggest_float("Dv_scale", DV_MIN, DV_MAX, log=True),
                                                                                   Best trial: 0. Best value: 6.89822:   0%|          | 1/300 [00:08<22:21,  4.49s/it]Best trial: 1. Best value: 3.51009:   0%|          | 1/300 [00:08<22:21,  4.49s/it]Best trial: 1. Best value: 3.51009:   1%|          | 2/300 [00:08<19:58,  4.02s/it]                                                                                   Best trial: 1. Best value: 3.51009:   1%|          | 2/300 [00:13<19:58,  4.02s/it]Best trial: 1. Best value: 3.51009:   1%|          | 2/300 [00:13<19:58,  4.02s/it]Best trial: 1. Best value: 3.51009:   1%|          | 3/300 [00:13<22:33,  4.56s/it]/home/destro/sciantix-official/UN_M7_optuna_calibration_v4.py:116: UserWarning: Fixed parameter Dv_scale with value 0.05 is out of range for distribution FloatDistribution(high=2.0, log=True, low=0.2, step=None).
  "Dv_scale": float(DV_FIXED) if DV_FIXED is not None else trial.suggest_float("Dv_scale", DV_MIN, DV_MAX, log=True),
                                                                                   Best trial: 1. Best value: 3.51009:   1%|          | 3/300 [00:18<22:33,  4.56s/it]Best trial: 3. Best value: 2.12732:   1%|          | 3/300 [00:18<22:33,  4.56s/it]Best trial: 3. Best value: 2.12732:   1%|▏         | 4/300 [00:18<24:07,  4.89s/it]                                                                                   Best trial: 3. Best value: 2.12732:   1%|▏         | 4/300 [00:22<24:07,  4.89s/it]Best trial: 3. Best value: 2.12732:   1%|▏         | 4/300 [00:22<24:07,  4.89s/it]Best trial: 3. Best value: 2.12732:   2%|▏         | 5/300 [00:22<21:48,  4.44s/it]                                                                                   Best trial: 3. Best value: 2.12732:   2%|▏         | 5/300 [00:26<21:48,  4.44s/it]Best trial: 3. Best value: 2.12732:   2%|▏         | 5/300 [00:26<21:48,  4.44s/it]Best trial: 3. Best value: 2.12732:   2%|▏         | 6/300 [00:26<21:02,  4.29s/it]                                                                                   Best trial: 3. Best value: 2.12732:   2%|▏         | 6/300 [00:30<21:02,  4.29s/it]Best trial: 3. Best value: 2.12732:   2%|▏         | 6/300 [00:30<21:02,  4.29s/it]Best trial: 3. Best value: 2.12732:   2%|▏         | 7/300 [00:30<20:27,  4.19s/it]                                                                                   Best trial: 3. Best value: 2.12732:   2%|▏         | 7/300 [00:34<20:27,  4.19s/it]Best trial: 3. Best value: 2.12732:   2%|▏         | 7/300 [00:34<20:27,  4.19s/it]Best trial: 3. Best value: 2.12732:   3%|▎         | 8/300 [00:34<19:59,  4.11s/it]                                                                                   Best trial: 3. Best value: 2.12732:   3%|▎         | 8/300 [00:39<19:59,  4.11s/it]Best trial: 3. Best value: 2.12732:   3%|▎         | 8/300 [00:39<19:59,  4.11s/it]Best trial: 3. Best value: 2.12732:   3%|▎         | 9/300 [00:39<21:11,  4.37s/it]                                                                                   Best trial: 3. Best value: 2.12732:   3%|▎         | 9/300 [00:44<21:11,  4.37s/it]Best trial: 3. Best value: 2.12732:   3%|▎         | 9/300 [00:44<21:11,  4.37s/it]Best trial: 3. Best value: 2.12732:   3%|▎         | 10/300 [00:44<22:42,  4.70s/it]                                                                                    Best trial: 3. Best value: 2.12732:   3%|▎         | 10/300 [00:51<22:42,  4.70s/it]Best trial: 3. Best value: 2.12732:   3%|▎         | 10/300 [00:51<22:42,  4.70s/it]Best trial: 3. Best value: 2.12732:   4%|▎         | 11/300 [00:51<25:12,  5.23s/it]                                                                                    Best trial: 3. Best value: 2.12732:   4%|▎         | 11/300 [00:54<25:12,  5.23s/it]Best trial: 3. Best value: 2.12732:   4%|▎         | 11/300 [00:54<25:12,  5.23s/it]Best trial: 3. Best value: 2.12732:   4%|▍         | 12/300 [00:54<23:00,  4.79s/it]                                                                                    Best trial: 3. Best value: 2.12732:   4%|▍         | 12/300 [00:59<23:00,  4.79s/it]Best trial: 3. Best value: 2.12732:   4%|▍         | 12/300 [00:59<23:00,  4.79s/it]Best trial: 3. Best value: 2.12732:   4%|▍         | 13/300 [00:59<22:10,  4.64s/it]                                                                                    Best trial: 3. Best value: 2.12732:   4%|▍         | 13/300 [01:02<22:10,  4.64s/it]Best trial: 3. Best value: 2.12732:   4%|▍         | 13/300 [01:02<22:10,  4.64s/it]Best trial: 3. Best value: 2.12732:   5%|▍         | 14/300 [01:02<20:26,  4.29s/it]                                                                                    Best trial: 3. Best value: 2.12732:   5%|▍         | 14/300 [01:07<20:26,  4.29s/it]Best trial: 3. Best value: 2.12732:   5%|▍         | 14/300 [01:07<20:26,  4.29s/it]Best trial: 3. Best value: 2.12732:   5%|▌         | 15/300 [01:07<21:38,  4.56s/it]                                                                                    Best trial: 3. Best value: 2.12732:   5%|▌         | 15/300 [01:12<21:38,  4.56s/it]Best trial: 3. Best value: 2.12732:   5%|▌         | 15/300 [01:12<21:38,  4.56s/it]Best trial: 3. Best value: 2.12732:   5%|▌         | 16/300 [01:12<21:13,  4.48s/it]                                                                                    Best trial: 3. Best value: 2.12732:   5%|▌         | 16/300 [01:15<21:13,  4.48s/it]Best trial: 3. Best value: 2.12732:   5%|▌         | 16/300 [01:15<21:13,  4.48s/it]Best trial: 3. Best value: 2.12732:   6%|▌         | 17/300 [01:15<19:57,  4.23s/it]                                                                                    [I 2026-05-01 20:20:54,295] Trial 0 finished with value: 6.898217752994313 and parameters: {'f_n': 4.7e-08, 'K_d': 575000.0, 'rho_d': 30400000000000.0, 'fission_rate': 4.76e+19, 'Dv_scale': 0.591, 'Dg_scale': 0.552, 'D2_xe_scale': 1.0, 'b_scale': 0.233, 'gb_scale': 1.588, 'gd_scale': 0.328, 'coalescence_d_scale': 8.15, 'capture_scale': 2.97}. Best is trial 0 with value: 6.898217752994313.
[I 2026-05-01 20:20:57,996] Trial 1 finished with value: 3.510085402844417 and parameters: {'f_n': 1e-08, 'K_d': 800000.0, 'rho_d': 10000000000000.0, 'fission_rate': 7.5e+19, 'Dv_scale': 3.0, 'Dg_scale': 0.5, 'D2_xe_scale': 1.0, 'b_scale': 0.3, 'gb_scale': 1.0, 'gd_scale': 1.0, 'coalescence_d_scale': 1.0, 'capture_scale': 0.3}. Best is trial 1 with value: 3.510085402844417.
[I 2026-05-01 20:21:03,201] Trial 2 finished with value: 3.9655077165129367 and parameters: {'f_n': 1e-06, 'K_d': 500000.0, 'rho_d': 30000000000000.0, 'fission_rate': 5e+19, 'Dv_scale': 1.0, 'Dg_scale': 1.0, 'D2_xe_scale': 1.0, 'b_scale': 1.0, 'gb_scale': 1.0, 'gd_scale': 1.0, 'coalescence_d_scale': 1.0, 'capture_scale': 1.0}. Best is trial 1 with value: 3.510085402844417.
[I 2026-05-01 20:21:08,595] Trial 3 finished with value: 2.127321608005827 and parameters: {'f_n': 1.3333e-08, 'K_d': 714300.0, 'rho_d': 46135000000000.0, 'fission_rate': 4.9558e+19, 'Dv_scale': 0.05, 'Dg_scale': 2.012, 'D2_xe_scale': 1.0, 'b_scale': 1.181, 'gb_scale': 0.8994, 'gd_scale': 3.641, 'coalescence_d_scale': 10.99, 'capture_scale': 3.247}. Best is trial 3 with value: 2.127321608005827.
[I 2026-05-01 20:21:12,231] Trial 4 finished with value: 2.5486014078784587 and parameters: {'f_n': 2.5466e-07, 'K_d': 648460.0, 'rho_d': 35350000000000.0, 'fission_rate': 7.4799e+19, 'Dv_scale': 1.0, 'Dg_scale': 0.5333, 'D2_xe_scale': 1.0, 'b_scale': 3.066, 'gb_scale': 0.4625, 'gd_scale': 4.507, 'coalescence_d_scale': 6.997, 'capture_scale': 0.1401}. Best is trial 3 with value: 2.127321608005827.
[I 2026-05-01 20:21:16,237] Trial 5 finished with value: 2.6719732965366516 and parameters: {'f_n': 1.9043e-07, 'K_d': 633680.0, 'rho_d': 48099000000000.0, 'fission_rate': 6.8347e+19, 'Dv_scale': 1.0, 'Dg_scale': 0.3921, 'D2_xe_scale': 1.0, 'b_scale': 3.704, 'gb_scale': 0.3881, 'gd_scale': 3.375, 'coalescence_d_scale': 7.005, 'capture_scale': 0.0608}. Best is trial 3 with value: 2.127321608005827.
[I 2026-05-01 20:21:20,219] Trial 6 finished with value: 2.6555554324589905 and parameters: {'f_n': 1.3237e-08, 'K_d': 558920.0, 'rho_d': 24815000000000.0, 'fission_rate': 7.6621e+19, 'Dv_scale': 0.5, 'Dg_scale': 1.307, 'D2_xe_scale': 1.0, 'b_scale': 1.296, 'gb_scale': 0.4151, 'gd_scale': 1.963, 'coalescence_d_scale': 9.772, 'capture_scale': 0.1557}. Best is trial 3 with value: 2.127321608005827.
[I 2026-05-01 20:21:24,153] Trial 7 finished with value: 4.013578658474439 and parameters: {'f_n': 1.1474857181821314e-07, 'K_d': 774959.4102979078, 'rho_d': 22920441083382.145, 'fission_rate': 5.686829269662127e+19, 'Dv_scale': 0.6164307704184318, 'Dg_scale': 0.15199589335245442, 'D2_xe_scale': 0.12316837947520318, 'b_scale': 0.976716570149392, 'gb_scale': 0.09231051066765632, 'gd_scale': 0.7186316090892545, 'coalescence_d_scale': 0.7273031514795179, 'capture_scale': 0.6905994826134716}. Best is trial 3 with value: 2.127321608005827.
[I 2026-05-01 20:21:29,090] Trial 8 finished with value: 3.8003760592099933 and parameters: {'f_n': 8.462683663034115e-10, 'K_d': 1494899.9108914724, 'rho_d': 23472870032927.242, 'fission_rate': 5.532649716203834e+19, 'Dv_scale': 0.6881746603340204, 'Dg_scale': 1.500569189683717, 'D2_xe_scale': 2.066472478738159, 'b_scale': 0.11848207486176296, 'gb_scale': 2.064028458959096, 'gd_scale': 0.20315055911610866, 'coalescence_d_scale': 0.18216135200284733, 'capture_scale': 0.06911447961241395}. Best is trial 3 with value: 2.127321608005827.
[I 2026-05-01 20:21:34,533] Trial 9 finished with value: 3.164712940256868 and parameters: {'f_n': 2.909685293042959e-10, 'K_d': 513963.83371829987, 'rho_d': 11197516176378.658, 'fission_rate': 5.058999488039317e+19, 'Dv_scale': 1.662029199411903, 'Dg_scale': 1.893755475086298, 'D2_xe_scale': 0.8120352727239212, 'b_scale': 2.2687153141031766, 'gb_scale': 0.3130649913351836, 'gd_scale': 3.030323369259211, 'coalescence_d_scale': 0.8123750913562996, 'capture_scale': 0.02916579582246067}. Best is trial 3 with value: 2.127321608005827.
[I 2026-05-01 20:21:40,977] Trial 10 finished with value: 3.694277791288187 and parameters: {'f_n': 4.30417077215495e-09, 'K_d': 174127.4213371568, 'rho_d': 76933859330134.47, 'fission_rate': 4.049965178927379e+19, 'Dv_scale': 0.202880248755061, 'Dg_scale': 3.8446078706275344, 'D2_xe_scale': 14.587071855988082, 'b_scale': 0.05153809372242398, 'gb_scale': 6.95045251510827, 'gd_scale': 8.194858464116805, 'coalescence_d_scale': 2.722947343639261, 'capture_scale': 5.035167745407199}. Best is trial 3 with value: 2.127321608005827.
[I 2026-05-01 20:21:44,765] Trial 11 finished with value: 5.370710925469445 and parameters: {'f_n': 2.440017793931403e-06, 'K_d': 264289.66190416313, 'rho_d': 53442426565299.766, 'fission_rate': 6.5504824679013925e+19, 'Dv_scale': 0.2389162960828811, 'Dg_scale': 2.9352002235379744, 'D2_xe_scale': 0.21064331178928059, 'b_scale': 7.414946509500087, 'gb_scale': 0.13210873512598936, 'gd_scale': 0.06507679875860789, 'coalescence_d_scale': 16.208345027780638, 'capture_scale': 0.013860795263306979}. Best is trial 3 with value: 2.127321608005827.
[I 2026-05-01 20:21:49,033] Trial 12 finished with value: 2.8554499166470606 and parameters: {'f_n': 3.307490693294269e-07, 'K_d': 1014666.0150928379, 'rho_d': 48211635272575.2, 'fission_rate': 6.534252147266922e+19, 'Dv_scale': 0.3479567508855189, 'Dg_scale': 0.2330003166164541, 'D2_xe_scale': 3.567608132196497, 'b_scale': 3.0225848843466925, 'gb_scale': 3.5217760897449093, 'gd_scale': 9.969401851578956, 'coalescence_d_scale': 3.2352456235911173, 'capture_scale': 1.5095696610099045}. Best is trial 3 with value: 2.127321608005827.
[I 2026-05-01 20:21:52,523] Trial 13 finished with value: 3.7067707005682893 and parameters: {'f_n': 2.438925636041217e-09, 'K_d': 313504.40338261676, 'rho_d': 16542072822205.266, 'fission_rate': 7.997053919636613e+19, 'Dv_scale': 0.9430385354169991, 'Dg_scale': 0.7794689051470199, 'D2_xe_scale': 0.22474180774752736, 'b_scale': 0.5477532995649047, 'gb_scale': 0.14368035790867636, 'gd_scale': 4.713081323310129, 'coalescence_d_scale': 3.4505609541535356, 'capture_scale': 0.36457904412026765}. Best is trial 3 with value: 2.127321608005827.
[I 2026-05-01 20:21:57,700] Trial 14 finished with value: 5.102408835944881 and parameters: {'f_n': 4.6296534072399504e-08, 'K_d': 114424.25944599257, 'rho_d': 6356234711860.994, 'fission_rate': 4.298724232256953e+19, 'Dv_scale': 0.35170358951728026, 'Dg_scale': 2.149978150908634, 'D2_xe_scale': 0.05176016343589909, 'b_scale': 4.270606686623878, 'gb_scale': 0.051796365343553114, 'gd_scale': 1.8003229759399317, 'coalescence_d_scale': 19.517955046729192, 'capture_scale': 0.15563286089956563}. Best is trial 3 with value: 2.127321608005827.
[I 2026-05-01 20:22:02,022] Trial 15 finished with value: 4.794159738664793 and parameters: {'f_n': 4.096735503570908e-08, 'K_d': 1280911.8472904337, 'rho_d': 79063761442452.55, 'fission_rate': 6.08382417722359e+19, 'Dv_scale': 1.3592342683673972, 'Dg_scale': 0.3268544831359105, 'D2_xe_scale': 3.843067523966443, 'b_scale': 1.8204749201542445, 'gb_scale': 0.6555337257605917, 'gd_scale': 5.3406602089772015, 'coalescence_d_scale': 4.010223298447844, 'capture_scale': 6.410701703551688}. Best is trial 3 with value: 2.127321608005827.
[I 2026-05-01 20:22:05,659] Trial 16 finished with value: 2.3265583950846227 and parameters: {'f_n': 8.736724434016894e-07, 'K_d': 371936.5314897182, 'rho_d': 39004805394171.4, 'fission_rate': 7.285654822899469e+19, 'Dv_scale': 0.3923802704752712, 'Dg_scale': 0.7374256712757035, 'D2_xe_scale': 0.37932249328554485, 'b_scale': 0.5227595376052978, 'gb_scale': 0.24998649329179304, 'gd_scale': 1.940557203496677, 'coalescence_d_scale': 0.1993911039717159, 'capture_scale': 2.1069015981310515}. Best is trial 3 with value: 2.127321608005827.
