[I 2026-05-01 20:41:06,639] Trial 299 finished with value: 1.8758164618538737 and parameters: {'f_n': 2.047164769379455e-07, 'K_d': 664541.4935647625, 'rho_d': 22743059598270.414, 'fission_rate': 7.247993786275744e+19, 'Dv_scale': 0.21867130602236437, 'Dg_scale': 1.338472415644792, 'D2_xe_scale': 0.26716415232621643, 'b_scale': 0.2871522425101628, 'gb_scale': 4.779827397317697, 'gd_scale': 9.995421887499647, 'coalescence_d_scale': 5.341117922735478, 'capture_scale': 0.07710930204782727}. Best is trial 256 with value: 1.8091774258484377.
Fast trials written to: UN_M7_optuna_v4_results/capture_only/dv0.2-2_pW0.7_pF2_part0.8_qgb0.7_prior0.2_R800/optuna_fast_trials_capture_only.csv
--------------------------------------------------------------------------------------------------------------------------------------------------------------------------
rank |     score |                        label |       f_n |       K_d |     rho_d |      Fdot |    Dv |    Dg |     b |    gb |    gd |  coal |   cap |  swD1600 |   Rd1600 |   NdDrop
--------------------------------------------------------------------------------------------------------------------------------------------------------------------------
   1 |     1.809 |  capture_only_v4_trial_00256 |   2.0e-07 |   8.2e+05 |   1.6e+13 |   7.2e+19 |  0.24 |   1.7 |  0.26 |   3.7 |   8.2 |   6.1 | 0.058 |     2.71 |     99.1 |   -0.742
   2 |     1.818 |  capture_only_v4_trial_00263 |   2.8e-07 |   7.6e+05 |   1.7e+13 |   7.4e+19 |  0.22 |   1.3 |  0.26 |   3.3 |   9.5 |   6.4 | 0.062 |     2.76 |      101 |   -0.757
   3 |     1.821 |  capture_only_v4_trial_00292 |   1.5e-07 |   7.5e+05 |   1.7e+13 |   7.3e+19 |  0.22 |   1.6 |  0.33 |   4.1 |     8 |   5.9 |  0.08 |     2.53 |     94.8 |   -0.681
   4 |     1.825 |  capture_only_v4_trial_00250 |   1.8e-07 |   9.4e+05 |   1.6e+13 |   7.0e+19 |  0.24 |   1.6 |  0.38 |   3.2 |   7.8 |   6.9 | 0.056 |     2.54 |     93.8 |   -0.794
   5 |     1.828 |  capture_only_v4_trial_00293 |   1.4e-07 |   7.5e+05 |   1.7e+13 |   7.3e+19 |  0.22 |   1.6 |  0.32 |   4.8 |   8.7 |   7.2 |  0.08 |     2.56 |      100 |   -0.817
   6 |     1.828 |  capture_only_v4_trial_00216 |   1.9e-07 |   6.0e+05 |   2.2e+13 |   7.4e+19 |  0.22 |   1.7 |  0.42 |   2.8 |   7.1 |   5.2 | 0.063 |      2.7 |       96 |   -0.621
   7 |      1.83 |  capture_only_v4_trial_00245 |   1.4e-07 |   8.6e+05 |   1.6e+13 |   7.0e+19 |  0.22 |   1.8 |  0.39 |   2.4 |   7.7 |   5.8 | 0.057 |     2.74 |     97.6 |   -0.702
   8 |      1.83 |  capture_only_v4_trial_00267 |   2.0e-07 |   7.5e+05 |   1.7e+13 |   7.4e+19 |  0.22 |   1.2 |  0.32 |   3.1 |   7.9 |   6.8 | 0.064 |     2.48 |     97.8 |   -0.765
   9 |     1.834 |  capture_only_v4_trial_00248 |   1.7e-07 |   8.8e+05 |   1.5e+13 |   7.0e+19 |  0.23 |   1.6 |  0.32 |   2.1 |   7.4 |   6.8 | 0.057 |     2.76 |      102 |   -0.808
  10 |     1.834 |  capture_only_v4_trial_00269 |   1.4e-07 |   7.1e+05 |   1.7e+13 |   7.3e+19 |  0.23 |   1.1 |  0.29 |     3 |   7.6 |   6.2 | 0.069 |     2.57 |      100 |   -0.723
  11 |     1.838 |  capture_only_v4_trial_00236 |   1.6e-07 |   8.8e+05 |   1.5e+13 |   7.0e+19 |  0.24 |   1.8 |  0.38 |   2.3 |     8 |   5.6 | 0.068 |     2.76 |     98.3 |   -0.683
  12 |     1.839 |  capture_only_v4_trial_00277 |   1.8e-07 |   7.2e+05 |   1.6e+13 |   7.6e+19 |  0.24 |   1.4 |   0.3 |   4.1 |   8.8 |   6.1 | 0.076 |     2.54 |     99.4 |   -0.706
  13 |     1.839 |  capture_only_v4_trial_00260 |   2.1e-07 |   6.9e+05 |   2.0e+13 |   7.3e+19 |  0.21 |   1.2 |  0.27 |   3.5 |   8.6 |   7.2 | 0.083 |     2.77 |      103 |   -0.837
  14 |      1.84 |  capture_only_v4_trial_00209 |   1.2e-07 |   7.3e+05 |   2.0e+13 |   7.4e+19 |   0.2 |   1.3 |  0.29 |   2.9 |   7.8 |   6.1 | 0.052 |     2.91 |      100 |   -0.731
  15 |      1.84 |  capture_only_v4_trial_00257 |   2.7e-07 |   7.5e+05 |   1.8e+13 |   7.2e+19 |  0.21 |   1.2 |  0.26 |   3.3 |   8.7 |   7.5 | 0.062 |     2.68 |      102 |   -0.852
--------------------------------------------------------------------------------------------------------------------------------------------------------------------------
Final rows written to: UN_M7_optuna_v4_results/capture_only/dv0.2-2_pW0.7_pF2_part0.8_qgb0.7_prior0.2_R800/optuna_final_top_capture_only.csv
--------------------------------------------------------------------------------------------------------------------------------------------------------------------------
rank |     score |                        label |       f_n |       K_d |     rho_d |      Fdot |    Dv |    Dg |     b |    gb |    gd |  coal |   cap |  swD1600 |   Rd1600 |   NdDrop
--------------------------------------------------------------------------------------------------------------------------------------------------------------------------
   1 |     1.874 | FINAL_rank1_capture_only_capture_only_v4_trial_00256 |   2.0e-07 |   8.2e+05 |   1.6e+13 |   7.2e+19 |  0.24 |   1.7 |  0.26 |   3.7 |   8.2 |   6.1 | 0.058 |     2.69 |     98.7 |   -0.741
   2 |     1.877 | FINAL_rank2_capture_only_capture_only_v4_trial_00263 |   2.8e-07 |   7.6e+05 |   1.7e+13 |   7.4e+19 |  0.22 |   1.3 |  0.26 |   3.3 |   9.5 |   6.4 | 0.062 |     2.74 |      101 |   -0.757
   3 |      1.88 | FINAL_rank3_capture_only_capture_only_v4_trial_00292 |   1.5e-07 |   7.5e+05 |   1.7e+13 |   7.3e+19 |  0.22 |   1.6 |  0.33 |   4.1 |     8 |   5.9 |  0.08 |     2.51 |     94.4 |   -0.678
   4 |     1.908 | FINAL_rank4_capture_only_capture_only_v4_trial_00250 |   1.8e-07 |   9.4e+05 |   1.6e+13 |   7.0e+19 |  0.24 |   1.6 |  0.38 |   3.2 |   7.8 |   6.9 | 0.056 |     2.51 |     93.3 |    -0.79
   5 |     1.913 | FINAL_rank5_capture_only_capture_only_v4_trial_00293 |   1.4e-07 |   7.5e+05 |   1.7e+13 |   7.3e+19 |  0.22 |   1.6 |  0.32 |   4.8 |   8.7 |   7.2 |  0.08 |     2.54 |     99.8 |   -0.815
--------------------------------------------------------------------------------------------------------------------------------------------------------------------------
Summary written to: UN_M7_optuna_v4_results/capture_only/dv0.2-2_pW0.7_pF2_part0.8_qgb0.7_prior0.2_R800/optuna_summary_capture_only.md
