[I 2026-05-01 20:39:39,526] Trial 275 finished with value: 1.9840962185217077 and parameters: {'f_n': 1.9448608506895166e-07, 'K_d': 613648.9717440229, 'rho_d': 15926478076934.541, 'fission_rate': 7.442586315748534e+19, 'Dv_scale': 0.23082067453244032, 'Dg_scale': 1.0326754612031248, 'D2_xe_scale': 0.25324160060880885, 'b_scale': 0.3139055808414801, 'gb_scale': 3.6910468637432112, 'gd_scale': 7.744653801892528, 'coalescence_d_scale': 6.953535888097807, 'capture_scale': 0.06312286995517692}. Best is trial 256 with value: 1.8091774258484377.
[I 2026-05-01 20:39:43,234] Trial 276 finished with value: 2.1433271847786273 and parameters: {'f_n': 1.4528395007615226e-07, 'K_d': 349064.12448623934, 'rho_d': 17080059099019.447, 'fission_rate': 7.206132999757645e+19, 'Dv_scale': 0.22142007356815466, 'Dg_scale': 0.8408852111244098, 'D2_xe_scale': 4.651270792816995, 'b_scale': 0.20894441635916364, 'gb_scale': 3.010837902883422, 'gd_scale': 7.826324377573862, 'coalescence_d_scale': 7.433731941315077, 'capture_scale': 0.04722932303341621}. Best is trial 256 with value: 1.8091774258484377.
[I 2026-05-01 20:39:45,845] Trial 277 finished with value: 1.8386664792407077 and parameters: {'f_n': 1.7960704460944463e-07, 'K_d': 715276.6996457641, 'rho_d': 16287120603486.076, 'fission_rate': 7.646307285387934e+19, 'Dv_scale': 0.2439085339924963, 'Dg_scale': 1.3923350044202785, 'D2_xe_scale': 1.4358369245269496, 'b_scale': 0.29863349950547574, 'gb_scale': 4.119016829933365, 'gd_scale': 8.817323971426168, 'coalescence_d_scale': 6.094441366937189, 'capture_scale': 0.07567991825720542}. Best is trial 256 with value: 1.8091774258484377.
[I 2026-05-01 20:39:49,456] Trial 278 finished with value: 1.8846554175579993 and parameters: {'f_n': 2.396301272503086e-07, 'K_d': 655494.494810866, 'rho_d': 16340429198747.623, 'fission_rate': 7.486593023032155e+19, 'Dv_scale': 0.24657587298691117, 'Dg_scale': 1.229531041498472, 'D2_xe_scale': 9.923557809263823, 'b_scale': 0.31526086085401933, 'gb_scale': 4.009704490435875, 'gd_scale': 8.97037273373895, 'coalescence_d_scale': 6.469854736436965, 'capture_scale': 0.07670840719543381}. Best is trial 256 with value: 1.8091774258484377.
[I 2026-05-01 20:39:53,072] Trial 279 finished with value: 1.9298706131518248 and parameters: {'f_n': 1.813377802899137e-07, 'K_d': 699271.8566904844, 'rho_d': 17354469588420.533, 'fission_rate': 7.687818499701712e+19, 'Dv_scale': 0.23586444003440063, 'Dg_scale': 1.370040314170106, 'D2_xe_scale': 1.94538244883566, 'b_scale': 0.36777177719934045, 'gb_scale': 4.188154988296491, 'gd_scale': 8.421179549160417, 'coalescence_d_scale': 8.080988975997093, 'capture_scale': 0.09266748235903814}. Best is trial 256 with value: 1.8091774258484377.
[I 2026-05-01 20:39:56,620] Trial 280 finished with value: 2.637484300624401 and parameters: {'f_n': 1.890289089530372e-09, 'K_d': 805254.793118083, 'rho_d': 15743562477356.117, 'fission_rate': 7.812490145605802e+19, 'Dv_scale': 0.26646380977881673, 'Dg_scale': 1.2936593948019082, 'D2_xe_scale': 1.3968793888453237, 'b_scale': 0.41787714488044514, 'gb_scale': 3.321074724154655, 'gd_scale': 7.817668945769298, 'coalescence_d_scale': 1.248822114774774, 'capture_scale': 0.06546482695877297}. Best is trial 256 with value: 1.8091774258484377.
[I 2026-05-01 20:40:00,596] Trial 281 finished with value: 3.4509928003245434 and parameters: {'f_n': 2.2678735087215608e-07, 'K_d': 835572.9832856806, 'rho_d': 20030896492687.527, 'fission_rate': 7.360769695622114e+19, 'Dv_scale': 0.24643555218850668, 'Dg_scale': 1.4202872494612537, 'D2_xe_scale': 8.938769190455883, 'b_scale': 5.123457071558126, 'gb_scale': 2.580794545550042, 'gd_scale': 9.285609117410385, 'coalescence_d_scale': 6.083224408159162, 'capture_scale': 0.07507164009243941}. Best is trial 256 with value: 1.8091774258484377.
[I 2026-05-01 20:40:04,264] Trial 282 finished with value: 1.9143992763997155 and parameters: {'f_n': 1.595567471524308e-07, 'K_d': 753552.9407937954, 'rho_d': 15247290206020.045, 'fission_rate': 7.959245834345795e+19, 'Dv_scale': 0.22857855736625346, 'Dg_scale': 1.0970367770575107, 'D2_xe_scale': 0.3352897467697421, 'b_scale': 0.3229874057004568, 'gb_scale': 3.5935113772524954, 'gd_scale': 8.276696380891917, 'coalescence_d_scale': 7.235618054225551, 'capture_scale': 0.10450358224917933}. Best is trial 256 with value: 1.8091774258484377.
[I 2026-05-01 20:40:08,183] Trial 283 finished with value: 2.300416535679088 and parameters: {'f_n': 3.10510509126927e-07, 'K_d': 209640.73442076947, 'rho_d': 18110618912623.03, 'fission_rate': 7.09175169478989e+19, 'Dv_scale': 0.2092649077652153, 'Dg_scale': 1.1365284946652803, 'D2_xe_scale': 6.12081868248602, 'b_scale': 0.23759609628144882, 'gb_scale': 3.0450537630836645, 'gd_scale': 9.92972689947236, 'coalescence_d_scale': 5.725121996712113, 'capture_scale': 0.06196739829001558}. Best is trial 256 with value: 1.8091774258484377.
[I 2026-05-01 20:40:11,745] Trial 284 finished with value: 1.8547108052897694 and parameters: {'f_n': 1.9059672852101371e-07, 'K_d': 689325.4357566882, 'rho_d': 16142051226765.568, 'fission_rate': 7.66263921936133e+19, 'Dv_scale': 0.2398832626384842, 'Dg_scale': 1.4601500444841136, 'D2_xe_scale': 0.28709747141273656, 'b_scale': 0.2905965666048797, 'gb_scale': 2.6451876480258427, 'gd_scale': 7.443878971696494, 'coalescence_d_scale': 6.51036997068379, 'capture_scale': 0.07140703183284679}. Best is trial 256 with value: 1.8091774258484377.
[I 2026-05-01 20:40:15,304] Trial 285 finished with value: 2.0336520595537784 and parameters: {'f_n': 1.3517489796586846e-07, 'K_d': 766707.7316435218, 'rho_d': 15016047222408.18, 'fission_rate': 7.810749612596394e+19, 'Dv_scale': 0.21537372908899322, 'Dg_scale': 1.2058495463015393, 'D2_xe_scale': 0.24217350436310559, 'b_scale': 0.342333931602045, 'gb_scale': 4.586287311154294, 'gd_scale': 8.659669707891396, 'coalescence_d_scale': 8.952867718258371, 'capture_scale': 0.04652019986110044}. Best is trial 256 with value: 1.8091774258484377.
[I 2026-05-01 20:40:18,019] Trial 286 finished with value: 1.8816092927099015 and parameters: {'f_n': 2.935469859755253e-08, 'K_d': 827408.3216771082, 'rho_d': 16908425975266.17, 'fission_rate': 7.298901928790509e+19, 'Dv_scale': 0.20024287273859442, 'Dg_scale': 1.565120237526214, 'D2_xe_scale': 0.36405030574622926, 'b_scale': 0.29253248794081294, 'gb_scale': 3.480215119769342, 'gd_scale': 7.116165255227648, 'coalescence_d_scale': 5.597412107056008, 'capture_scale': 0.05910048766777549}. Best is trial 256 with value: 1.8091774258484377.
[I 2026-05-01 20:40:22,074] Trial 287 finished with value: 1.9211066841868747 and parameters: {'f_n': 6.167492507739762e-08, 'K_d': 932651.4828522427, 'rho_d': 13643882458034.83, 'fission_rate': 6.92054484702641e+19, 'Dv_scale': 0.2269382254829996, 'Dg_scale': 0.9022776746147461, 'D2_xe_scale': 0.24256064808393768, 'b_scale': 0.4654018059746926, 'gb_scale': 2.9226983280278858, 'gd_scale': 7.964357563340629, 'coalescence_d_scale': 7.050766023035964, 'capture_scale': 0.08460376226394017}. Best is trial 256 with value: 1.8091774258484377.
[I 2026-05-01 20:40:25,746] Trial 288 finished with value: 1.9336214028339276 and parameters: {'f_n': 1.0478059424060858e-07, 'K_d': 649186.7737000098, 'rho_d': 18165183545775.492, 'fission_rate': 7.582346068241967e+19, 'Dv_scale': 0.26908286333618603, 'Dg_scale': 1.3076548515100888, 'D2_xe_scale': 0.2831958735027335, 'b_scale': 0.3750082514460487, 'gb_scale': 2.5212938578132715, 'gd_scale': 8.957838588863423, 'coalescence_d_scale': 6.168439451418868, 'capture_scale': 0.06706451545543857}. Best is trial 256 with value: 1.8091774258484377.Best trial: 256. Best value: 1.80918:  96%|█████████▌| 288/300 [19:35<00:42,  3.57s/it]Best trial: 256. Best value: 1.80918:  96%|█████████▌| 288/300 [19:35<00:42,  3.57s/it]Best trial: 256. Best value: 1.80918:  96%|█████████▋| 289/300 [19:35<00:39,  3.60s/it]                                                                                       Best trial: 256. Best value: 1.80918:  96%|█████████▋| 289/300 [19:39<00:39,  3.60s/it]Best trial: 256. Best value: 1.80918:  96%|█████████▋| 289/300 [19:39<00:39,  3.60s/it]Best trial: 256. Best value: 1.80918:  97%|█████████▋| 290/300 [19:39<00:36,  3.64s/it]                                                                                       Best trial: 256. Best value: 1.80918:  97%|█████████▋| 290/300 [19:43<00:36,  3.64s/it]Best trial: 256. Best value: 1.80918:  97%|█████████▋| 290/300 [19:43<00:36,  3.64s/it]Best trial: 256. Best value: 1.80918:  97%|█████████▋| 291/300 [19:43<00:33,  3.72s/it]                                                                                       Best trial: 256. Best value: 1.80918:  97%|█████████▋| 291/300 [19:47<00:33,  3.72s/it]Best trial: 256. Best value: 1.80918:  97%|█████████▋| 291/300 [19:47<00:33,  3.72s/it]Best trial: 256. Best value: 1.80918:  97%|█████████▋| 292/300 [19:47<00:30,  3.77s/it]                                                                                       Best trial: 256. Best value: 1.80918:  97%|█████████▋| 292/300 [19:51<00:30,  3.77s/it]Best trial: 256. Best value: 1.80918:  97%|█████████▋| 292/300 [19:51<00:30,  3.77s/it]Best trial: 256. Best value: 1.80918:  98%|█████████▊| 293/300 [19:51<00:26,  3.76s/it]                                                                                       Best trial: 256. Best value: 1.80918:  98%|█████████▊| 293/300 [19:54<00:26,  3.76s/it]Best trial: 256. Best value: 1.80918:  98%|█████████▊| 293/300 [19:54<00:26,  3.76s/it]Best trial: 256. Best value: 1.80918:  98%|█████████▊| 294/300 [19:54<00:22,  3.75s/it]                                                                                       Best trial: 256. Best value: 1.80918:  98%|█████████▊| 294/300 [19:57<00:22,  3.75s/it]Best trial: 256. Best value: 1.80918:  98%|█████████▊| 294/300 [19:57<00:22,  3.75s/it]Best trial: 256. Best value: 1.80918:  98%|█████████▊| 295/300 [19:57<00:17,  3.51s/it]                                                                                       Best trial: 256. Best value: 1.80918:  98%|█████████▊| 295/300 [20:01<00:17,  3.51s/it]Best trial: 256. Best value: 1.80918:  98%|█████████▊| 295/300 [20:01<00:17,  3.51s/it]Best trial: 256. Best value: 1.80918:  99%|█████████▊| 296/300 [20:01<00:14,  3.57s/it]                                                                                       Best trial: 256. Best value: 1.80918:  99%|█████████▊| 296/300 [20:05<00:14,  3.57s/it]Best trial: 256. Best value: 1.80918:  99%|█████████▊| 296/300 [20:05<00:14,  3.57s/it]Best trial: 256. Best value: 1.80918:  99%|█████████▉| 297/300 [20:05<00:10,  3.62s/it]                                                                                       Best trial: 256. Best value: 1.80918:  99%|█████████▉| 297/300 [20:09<00:10,  3.62s/it]Best trial: 256. Best value: 1.80918:  99%|█████████▉| 297/300 [20:09<00:10,  3.62s/it]Best trial: 256. Best value: 1.80918:  99%|█████████▉| 298/300 [20:09<00:07,  3.69s/it]                                                                                       Best trial: 256. Best value: 1.80918:  99%|█████████▉| 298/300 [20:12<00:07,  3.69s/it]Best trial: 256. Best value: 1.80918:  99%|█████████▉| 298/300 [20:12<00:07,  3.69s/it]Best trial: 256. Best value: 1.80918: 100%|█████████▉| 299/300 [20:12<00:03,  3.72s/it]                                                                                       Best trial: 256. Best value: 1.80918: 100%|█████████▉| 299/300 [20:16<00:03,  3.72s/it]Best trial: 256. Best value: 1.80918: 100%|█████████▉| 299/300 [20:16<00:03,  3.72s/it]Best trial: 256. Best value: 1.80918: 100%|██████████| 300/300 [20:16<00:00,  3.77s/it]Best trial: 256. Best value: 1.80918: 100%|██████████| 300/300 [20:16<00:00,  4.06s/it]

[I 2026-05-01 20:40:29,461] Trial 289 finished with value: 1.8727267567447134 and parameters: {'f_n': 2.36312396722907e-07, 'K_d': 719871.3586301829, 'rho_d': 19448000895329.258, 'fission_rate': 7.385513717926e+19, 'Dv_scale': 0.21085919362901834, 'Dg_scale': 0.7023099253077046, 'D2_xe_scale': 0.31561561249950926, 'b_scale': 0.21712713237961173, 'gb_scale': 3.1487359148110805, 'gd_scale': 9.992134830478674, 'coalescence_d_scale': 5.205643996129688, 'capture_scale': 0.04874441254068866}. Best is trial 256 with value: 1.8091774258484377.
[I 2026-05-01 20:40:33,381] Trial 290 finished with value: 1.9013017695959964 and parameters: {'f_n': 1.708518356209282e-07, 'K_d': 791110.6148851787, 'rho_d': 16279650659898.066, 'fission_rate': 7.043794234217087e+19, 'Dv_scale': 0.2387563310242461, 'Dg_scale': 1.3889928554412634, 'D2_xe_scale': 0.1503847263687351, 'b_scale': 0.2551062312258946, 'gb_scale': 3.7932156607309317, 'gd_scale': 6.870141908535845, 'coalescence_d_scale': 7.826338998092999, 'capture_scale': 0.05757312789283289}. Best is trial 256 with value: 1.8091774258484377.
[I 2026-05-01 20:40:37,250] Trial 291 finished with value: 1.870520353522646 and parameters: {'f_n': 8.162250050691963e-08, 'K_d': 836188.933761742, 'rho_d': 15171408807842.545, 'fission_rate': 7.1056424368816644e+19, 'Dv_scale': 0.25667655669743394, 'Dg_scale': 1.489219717609549, 'D2_xe_scale': 0.24729391244771104, 'b_scale': 0.2826644725834703, 'gb_scale': 2.7633749073882456, 'gd_scale': 7.34288380224257, 'coalescence_d_scale': 6.6539134748322875, 'capture_scale': 0.04016619843997425}. Best is trial 256 with value: 1.8091774258484377.
[I 2026-05-01 20:40:40,984] Trial 292 finished with value: 1.8214621233385087 and parameters: {'f_n': 1.481254742847915e-07, 'K_d': 751675.2196346453, 'rho_d': 17389205227324.732, 'fission_rate': 7.251819144910284e+19, 'Dv_scale': 0.21811438138289263, 'Dg_scale': 1.585965448540153, 'D2_xe_scale': 0.22672192126160234, 'b_scale': 0.33333828807135996, 'gb_scale': 4.1179190774346095, 'gd_scale': 7.950495884193564, 'coalescence_d_scale': 5.868278271227311, 'capture_scale': 0.0800255588415046}. Best is trial 256 with value: 1.8091774258484377.
[I 2026-05-01 20:40:44,714] Trial 293 finished with value: 1.8279223090520254 and parameters: {'f_n': 1.3638843817726027e-07, 'K_d': 747874.398949152, 'rho_d': 17476621357373.8, 'fission_rate': 7.269301175798705e+19, 'Dv_scale': 0.21761871865415017, 'Dg_scale': 1.6114127545909263, 'D2_xe_scale': 0.2707562450790502, 'b_scale': 0.3240255770366492, 'gb_scale': 4.787671499001722, 'gd_scale': 8.717576994517238, 'coalescence_d_scale': 7.234399411463816, 'capture_scale': 0.07995479078082987}. Best is trial 256 with value: 1.8091774258484377.
[I 2026-05-01 20:40:47,648] Trial 294 finished with value: 1.9524179204880583 and parameters: {'f_n': 1.2699927670788656e-07, 'K_d': 494693.7480489647, 'rho_d': 17491029750888.56, 'fission_rate': 7.2835155256692285e+19, 'Dv_scale': 0.20851276562554494, 'Dg_scale': 1.5983079428934097, 'D2_xe_scale': 13.148015226171665, 'b_scale': 0.33528077068872947, 'gb_scale': 4.593258561928802, 'gd_scale': 8.817831103628443, 'coalescence_d_scale': 7.197811544014953, 'capture_scale': 0.09850330226382521}. Best is trial 256 with value: 1.8091774258484377.
[I 2026-05-01 20:40:51,366] Trial 295 finished with value: 1.9205547330488675 and parameters: {'f_n': 1.0227529095305528e-07, 'K_d': 739062.972589195, 'rho_d': 18480888343679.367, 'fission_rate': 7.493084316251431e+19, 'Dv_scale': 0.21873556833364294, 'Dg_scale': 1.4406048595588379, 'D2_xe_scale': 0.27250869480042544, 'b_scale': 0.3074470811950715, 'gb_scale': 4.215748633674536, 'gd_scale': 7.689046184288011, 'coalescence_d_scale': 8.671338754418807, 'capture_scale': 0.081652890100523}. Best is trial 256 with value: 1.8091774258484377.
[I 2026-05-01 20:40:55,124] Trial 296 finished with value: 2.403109199547657 and parameters: {'f_n': 1.3955110893266935e-07, 'K_d': 689971.8152077694, 'rho_d': 16270681889831.512, 'fission_rate': 7.366670560017515e+19, 'Dv_scale': 0.20670005310030906, 'Dg_scale': 0.187869273463302, 'D2_xe_scale': 0.23555797825308913, 'b_scale': 0.23658996018257417, 'gb_scale': 5.018137819916554, 'gd_scale': 6.729845444487819, 'coalescence_d_scale': 6.634274959422545, 'capture_scale': 0.09009135834619743}. Best is trial 256 with value: 1.8091774258484377.
[I 2026-05-01 20:40:58,955] Trial 297 finished with value: 4.1323263456973365 and parameters: {'f_n': 1.1826232290769849e-07, 'K_d': 778924.8051033749, 'rho_d': 17339143591422.033, 'fission_rate': 7.1919825059913335e+19, 'Dv_scale': 1.9405498877732135, 'Dg_scale': 1.6390196423324235, 'D2_xe_scale': 0.32954522824705307, 'b_scale': 0.2612536838837611, 'gb_scale': 3.943805387074559, 'gd_scale': 8.563880925968956, 'coalescence_d_scale': 7.7728482682671896, 'capture_scale': 0.05100810480762697}. Best is trial 256 with value: 1.8091774258484377.
[I 2026-05-01 20:41:02,743] Trial 298 finished with value: 1.843978130289503 and parameters: {'f_n': 1.4840666875465077e-07, 'K_d': 713568.335647901, 'rho_d': 19795730128919.535, 'fission_rate': 7.282582337191216e+19, 'Dv_scale': 0.2170045693653464, 'Dg_scale': 1.5148010687476667, 'D2_xe_scale': 0.22426832697237603, 'b_scale': 0.2896558697587708, 'gb_scale': 5.031183384136988, 'gd_scale': 9.972159159858824, 'coalescence_d_scale': 5.855912327626609, 'capture_scale': 0.0746973624605709}. Best is trial 256 with value: 1.8091774258484377.
