[I 2026-05-01 20:38:29,234] Trial 256 finished with value: 1.8091774258484377 and parameters: {'f_n': 1.992747441868264e-07, 'K_d': 817840.9525319021, 'rho_d': 16179800159521.113, 'fission_rate': 7.227937844460004e+19, 'Dv_scale': 0.24084783929035586, 'Dg_scale': 1.6544710091400943, 'D2_xe_scale': 0.253087306136793, 'b_scale': 0.25596592561736414, 'gb_scale': 3.7322967715795117, 'gd_scale': 8.211317444307003, 'coalescence_d_scale': 6.138991220566013, 'capture_scale': 0.05782883441400184}. Best is trial 256 with value: 1.8091774258484377.Best trial: 250. Best value: 1.82534:  85%|████████▌ | 256/300 [17:39<02:45,  3.77s/it]Best trial: 256. Best value: 1.80918:  85%|████████▌ | 256/300 [17:39<02:45,  3.77s/it]Best trial: 256. Best value: 1.80918:  86%|████████▌ | 257/300 [17:39<02:43,  3.80s/it]                                                                                       Best trial: 256. Best value: 1.80918:  86%|████████▌ | 257/300 [17:43<02:43,  3.80s/it]Best trial: 256. Best value: 1.80918:  86%|████████▌ | 257/300 [17:43<02:43,  3.80s/it]Best trial: 256. Best value: 1.80918:  86%|████████▌ | 258/300 [17:43<02:39,  3.80s/it]                                                                                       Best trial: 256. Best value: 1.80918:  86%|████████▌ | 258/300 [17:46<02:39,  3.80s/it]Best trial: 256. Best value: 1.80918:  86%|████████▌ | 258/300 [17:47<02:39,  3.80s/it]Best trial: 256. Best value: 1.80918:  86%|████████▋ | 259/300 [17:47<02:35,  3.80s/it]                                                                                       Best trial: 256. Best value: 1.80918:  86%|████████▋ | 259/300 [17:50<02:35,  3.80s/it]Best trial: 256. Best value: 1.80918:  86%|████████▋ | 259/300 [17:50<02:35,  3.80s/it]Best trial: 256. Best value: 1.80918:  87%|████████▋ | 260/300 [17:50<02:33,  3.84s/it]                                                                                       Best trial: 256. Best value: 1.80918:  87%|████████▋ | 260/300 [17:53<02:33,  3.84s/it]Best trial: 256. Best value: 1.80918:  87%|████████▋ | 260/300 [17:53<02:33,  3.84s/it]Best trial: 256. Best value: 1.80918:  87%|████████▋ | 261/300 [17:53<02:19,  3.57s/it]                                                                                       Best trial: 256. Best value: 1.80918:  87%|████████▋ | 261/300 [17:57<02:19,  3.57s/it]Best trial: 256. Best value: 1.80918:  87%|████████▋ | 261/300 [17:57<02:19,  3.57s/it]Best trial: 256. Best value: 1.80918:  87%|████████▋ | 262/300 [17:57<02:19,  3.66s/it]                                                                                       Best trial: 256. Best value: 1.80918:  87%|████████▋ | 262/300 [18:01<02:19,  3.66s/it]Best trial: 256. Best value: 1.80918:  87%|████████▋ | 262/300 [18:01<02:19,  3.66s/it]Best trial: 256. Best value: 1.80918:  88%|████████▊ | 263/300 [18:01<02:15,  3.66s/it]                                                                                       Best trial: 256. Best value: 1.80918:  88%|████████▊ | 263/300 [18:05<02:15,  3.66s/it]Best trial: 256. Best value: 1.80918:  88%|████████▊ | 263/300 [18:05<02:15,  3.66s/it]Best trial: 256. Best value: 1.80918:  88%|████████▊ | 264/300 [18:05<02:15,  3.77s/it]                                                                                       Best trial: 256. Best value: 1.80918:  88%|████████▊ | 264/300 [18:09<02:15,  3.77s/it]Best trial: 256. Best value: 1.80918:  88%|████████▊ | 264/300 [18:09<02:15,  3.77s/it]Best trial: 256. Best value: 1.80918:  88%|████████▊ | 265/300 [18:09<02:12,  3.78s/it]                                                                                       Best trial: 256. Best value: 1.80918:  88%|████████▊ | 265/300 [18:13<02:12,  3.78s/it]Best trial: 256. Best value: 1.80918:  88%|████████▊ | 265/300 [18:13<02:12,  3.78s/it]Best trial: 256. Best value: 1.80918:  89%|████████▊ | 266/300 [18:13<02:08,  3.79s/it]                                                                                       Best trial: 256. Best value: 1.80918:  89%|████████▊ | 266/300 [18:16<02:08,  3.79s/it]Best trial: 256. Best value: 1.80918:  89%|████████▊ | 266/300 [18:16<02:08,  3.79s/it]Best trial: 256. Best value: 1.80918:  89%|████████▉ | 267/300 [18:16<02:04,  3.77s/it]                                                                                       Best trial: 256. Best value: 1.80918:  89%|████████▉ | 267/300 [18:20<02:04,  3.77s/it]Best trial: 256. Best value: 1.80918:  89%|████████▉ | 267/300 [18:20<02:04,  3.77s/it]Best trial: 256. Best value: 1.80918:  89%|████████▉ | 268/300 [18:20<02:01,  3.80s/it]                                                                                       Best trial: 256. Best value: 1.80918:  89%|████████▉ | 268/300 [18:23<02:01,  3.80s/it]Best trial: 256. Best value: 1.80918:  89%|████████▉ | 268/300 [18:23<02:01,  3.80s/it]Best trial: 256. Best value: 1.80918:  90%|████████▉ | 269/300 [18:23<01:49,  3.53s/it]                                                                                       Best trial: 256. Best value: 1.80918:  90%|████████▉ | 269/300 [18:27<01:49,  3.53s/it]Best trial: 256. Best value: 1.80918:  90%|████████▉ | 269/300 [18:27<01:49,  3.53s/it]Best trial: 256. Best value: 1.80918:  90%|█████████ | 270/300 [18:27<01:48,  3.61s/it]                                                                                       Best trial: 256. Best value: 1.80918:  90%|█████████ | 270/300 [18:31<01:48,  3.61s/it]Best trial: 256. Best value: 1.80918:  90%|█████████ | 270/300 [18:31<01:48,  3.61s/it]Best trial: 256. Best value: 1.80918:  90%|█████████ | 271/300 [18:31<01:46,  3.67s/it]                                                                                       Best trial: 256. Best value: 1.80918:  90%|█████████ | 271/300 [18:34<01:46,  3.67s/it]Best trial: 256. Best value: 1.80918:  90%|█████████ | 271/300 [18:35<01:46,  3.67s/it]Best trial: 256. Best value: 1.80918:  91%|█████████ | 272/300 [18:35<01:43,  3.71s/it]                                                                                       
[I 2026-05-01 20:38:33,036] Trial 257 finished with value: 1.8401742577793254 and parameters: {'f_n': 2.7353612457937506e-07, 'K_d': 747877.1870486138, 'rho_d': 18351563592695.645, 'fission_rate': 7.2449897137131676e+19, 'Dv_scale': 0.209597395408294, 'Dg_scale': 1.245079990622886, 'D2_xe_scale': 0.2525633695437022, 'b_scale': 0.258507123085109, 'gb_scale': 3.2927879311919965, 'gd_scale': 8.666600501545918, 'coalescence_d_scale': 7.452767952098342, 'capture_scale': 0.06241621499144581}. Best is trial 256 with value: 1.8091774258484377.
[I 2026-05-01 20:38:36,848] Trial 258 finished with value: 1.8501350575500577 and parameters: {'f_n': 2.8522017687626846e-07, 'K_d': 750573.8845147202, 'rho_d': 18731390070572.66, 'fission_rate': 7.245252164500529e+19, 'Dv_scale': 0.21124861807570217, 'Dg_scale': 1.2795087128274545, 'D2_xe_scale': 0.2959790404266329, 'b_scale': 0.25691109899448095, 'gb_scale': 3.764444618628287, 'gd_scale': 8.929916101847597, 'coalescence_d_scale': 7.682165805008976, 'capture_scale': 0.05857150928869855}. Best is trial 256 with value: 1.8091774258484377.
[I 2026-05-01 20:38:40,796] Trial 259 finished with value: 2.0509395661274716 and parameters: {'f_n': 2.883767903068666e-07, 'K_d': 430746.17497938644, 'rho_d': 18401182402858.324, 'fission_rate': 7.251954254741961e+19, 'Dv_scale': 0.20807882450184467, 'Dg_scale': 1.271150639993725, 'D2_xe_scale': 0.3329157054925393, 'b_scale': 0.2524017476182948, 'gb_scale': 4.103174653287244, 'gd_scale': 9.397407435978808, 'coalescence_d_scale': 8.044534323140644, 'capture_scale': 0.0600395840288661}. Best is trial 256 with value: 1.8091774258484377.
[I 2026-05-01 20:38:43,714] Trial 260 finished with value: 1.8391497933754664 and parameters: {'f_n': 2.0939408611865227e-07, 'K_d': 687625.6026112848, 'rho_d': 20132760282393.574, 'fission_rate': 7.297423696971826e+19, 'Dv_scale': 0.209759002062561, 'Dg_scale': 1.1930568605031304, 'D2_xe_scale': 0.2929673629263229, 'b_scale': 0.27485546000562444, 'gb_scale': 3.5418701725479704, 'gd_scale': 8.5974073816214, 'coalescence_d_scale': 7.206929439182896, 'capture_scale': 0.08255050283404457}. Best is trial 256 with value: 1.8091774258484377.
[I 2026-05-01 20:38:47,587] Trial 261 finished with value: 1.9261658241380561 and parameters: {'f_n': 1.1632425602462429e-07, 'K_d': 682637.8112079729, 'rho_d': 20310676178035.242, 'fission_rate': 7.2972757791763775e+19, 'Dv_scale': 0.2072026313194816, 'Dg_scale': 1.22707382891243, 'D2_xe_scale': 0.30386438304631286, 'b_scale': 0.26835867355401577, 'gb_scale': 3.5751792137400638, 'gd_scale': 8.67769355362114, 'coalescence_d_scale': 7.585554816545824, 'capture_scale': 0.07578922098853245}. Best is trial 256 with value: 1.8091774258484377.
[I 2026-05-01 20:38:51,252] Trial 262 finished with value: 1.9149657493845107 and parameters: {'f_n': 4.384566615166869e-08, 'K_d': 711212.2256580761, 'rho_d': 19465020262237.61, 'fission_rate': 7.598701027775683e+19, 'Dv_scale': 0.20107075777418115, 'Dg_scale': 1.0145661770674996, 'D2_xe_scale': 0.2852351414757562, 'b_scale': 0.28541991539805306, 'gb_scale': 3.752835641624209, 'gd_scale': 8.564084619746954, 'coalescence_d_scale': 7.203254130681324, 'capture_scale': 0.08326821316885485}. Best is trial 256 with value: 1.8091774258484377.
[I 2026-05-01 20:38:55,267] Trial 263 finished with value: 1.8184292224201275 and parameters: {'f_n': 2.8369883583163647e-07, 'K_d': 763437.956423034, 'rho_d': 17180514076859.93, 'fission_rate': 7.434300785922184e+19, 'Dv_scale': 0.22158572765074191, 'Dg_scale': 1.3052989258653207, 'D2_xe_scale': 0.2506482986883228, 'b_scale': 0.2594882439850078, 'gb_scale': 3.2598227482251905, 'gd_scale': 9.499174457214886, 'coalescence_d_scale': 6.369012381309157, 'capture_scale': 0.0622759729508069}. Best is trial 256 with value: 1.8091774258484377.
[I 2026-05-01 20:38:59,066] Trial 264 finished with value: 2.062080969586821 and parameters: {'f_n': 2.913772779782512e-07, 'K_d': 788816.7907814245, 'rho_d': 21358076666176.492, 'fission_rate': 7.430314532645011e+19, 'Dv_scale': 0.22186605068364018, 'Dg_scale': 1.1087687255909262, 'D2_xe_scale': 0.38459101436950577, 'b_scale': 0.25689746946326164, 'gb_scale': 3.8805252200162967, 'gd_scale': 9.455513393557272, 'coalescence_d_scale': 10.4765832883092, 'capture_scale': 0.061900318538531465}. Best is trial 256 with value: 1.8091774258484377.
[I 2026-05-01 20:39:02,898] Trial 265 finished with value: 2.0742654846997968 and parameters: {'f_n': 1.936714567404287e-07, 'K_d': 675374.8816862453, 'rho_d': 17830875121819.664, 'fission_rate': 7.219076838725752e+19, 'Dv_scale': 0.2260438253362917, 'Dg_scale': 1.3191278606907166, 'D2_xe_scale': 0.2677786354786651, 'b_scale': 0.24915121025433928, 'gb_scale': 3.347609718020629, 'gd_scale': 9.933230366736687, 'coalescence_d_scale': 8.82809976760298, 'capture_scale': 0.07134974999470409}. Best is trial 256 with value: 1.8091774258484377.
[I 2026-05-01 20:39:06,629] Trial 266 finished with value: 2.427094949576932 and parameters: {'f_n': 2.5699341493397275e-07, 'K_d': 811809.5604966561, 'rho_d': 18808676398912.96, 'fission_rate': 7.504122653123679e+19, 'Dv_scale': 0.2463496073783789, 'Dg_scale': 1.3760323501453122, 'D2_xe_scale': 0.3061850709521019, 'b_scale': 0.36013112241956735, 'gb_scale': 3.248434552200027, 'gd_scale': 8.380797203663539, 'coalescence_d_scale': 14.540448840219359, 'capture_scale': 0.08842868563611309}. Best is trial 256 with value: 1.8091774258484377.
[I 2026-05-01 20:39:10,491] Trial 267 finished with value: 1.8298783617708352 and parameters: {'f_n': 2.019460304045083e-07, 'K_d': 749950.570095392, 'rho_d': 16968097963786.082, 'fission_rate': 7.386035007457139e+19, 'Dv_scale': 0.21763128814311777, 'Dg_scale': 1.1923378349444245, 'D2_xe_scale': 0.24605954870705174, 'b_scale': 0.31551884927410523, 'gb_scale': 3.098080858960698, 'gd_scale': 7.946505261267335, 'coalescence_d_scale': 6.83725773382527, 'capture_scale': 0.06356054684888976}. Best is trial 256 with value: 1.8091774258484377.
[I 2026-05-01 20:39:13,376] Trial 268 finished with value: 2.8465019789372987 and parameters: {'f_n': 2.0078059594006392e-07, 'K_d': 101313.27230049334, 'rho_d': 17253281013413.08, 'fission_rate': 7.398063262363887e+19, 'Dv_scale': 0.21908565920304937, 'Dg_scale': 1.2203904227990108, 'D2_xe_scale': 0.2542134873898718, 'b_scale': 0.31642229097135627, 'gb_scale': 3.096447453582674, 'gd_scale': 8.072771475665522, 'coalescence_d_scale': 6.799310392347356, 'capture_scale': 0.04848384276643723}. Best is trial 256 with value: 1.8091774258484377.
[I 2026-05-01 20:39:17,206] Trial 269 finished with value: 1.83417024669868 and parameters: {'f_n': 1.4084965413055902e-07, 'K_d': 707083.1246390762, 'rho_d': 16615692461457.03, 'fission_rate': 7.316941324310763e+19, 'Dv_scale': 0.22841034031062984, 'Dg_scale': 1.0576367253995458, 'D2_xe_scale': 0.24738828111005537, 'b_scale': 0.29323429768168424, 'gb_scale': 3.0107732149091446, 'gd_scale': 7.640266305609007, 'coalescence_d_scale': 6.235402509864475, 'capture_scale': 0.06901876953149441}. Best is trial 256 with value: 1.8091774258484377.
[I 2026-05-01 20:39:21,009] Trial 270 finished with value: 1.840732099083521 and parameters: {'f_n': 1.501094064383083e-07, 'K_d': 708373.5912885384, 'rho_d': 16545963568030.951, 'fission_rate': 7.3166418053420925e+19, 'Dv_scale': 0.24401586576126746, 'Dg_scale': 1.083185826064252, 'D2_xe_scale': 13.720934344122098, 'b_scale': 0.30967099656856956, 'gb_scale': 3.3529329312349905, 'gd_scale': 7.936116903126696, 'coalescence_d_scale': 6.226768603710969, 'capture_scale': 0.07905751651348944}. Best is trial 256 with value: 1.8091774258484377.
[I 2026-05-01 20:39:24,771] Trial 271 finished with value: 1.9443805868598227 and parameters: {'f_n': 1.4826091673808709e-07, 'K_d': 672390.7110901843, 'rho_d': 16520642537826.562, 'fission_rate': 7.341573898605949e+19, 'Dv_scale': 0.24410367591573373, 'Dg_scale': 0.9577146381480103, 'D2_xe_scale': 3.7585898213957103, 'b_scale': 0.43352688702381514, 'gb_scale': 3.4234613396581586, 'gd_scale': 8.073630572316581, 'coalescence_d_scale': 6.472671548549736, 'capture_scale': 0.10215961462308622}. Best is trial 256 with value: 1.8091774258484377.
[I 2026-05-01 20:39:28,436] Trial 272 finished with value: 1.8544686817683467 and parameters: {'f_n': 2.0865619771119807e-07, 'K_d': 726453.1272522679, 'rho_d': 16623144106219.768, 'fission_rate': 7.556086698975094e+19, 'Dv_scale': 0.22989038175131418, 'Dg_scale': 1.0804327789737191, 'D2_xe_scale': 2.9154399213414344, 'b_scale': 0.30560543707559457, 'gb_scale': 4.458872371466864, 'gd_scale': 9.250930757804365, 'coalescence_d_scale': 6.244968486519996, 'capture_scale': 0.08024207862502733}. Best is trial 256 with value: 1.8091774258484377.Best trial: 256. Best value: 1.80918:  91%|█████████ | 272/300 [18:38<01:43,  3.71s/it]Best trial: 256. Best value: 1.80918:  91%|█████████ | 272/300 [18:38<01:43,  3.71s/it]Best trial: 256. Best value: 1.80918:  91%|█████████ | 273/300 [18:38<01:39,  3.69s/it]                                                                                       Best trial: 256. Best value: 1.80918:  91%|█████████ | 273/300 [18:42<01:39,  3.69s/it]Best trial: 256. Best value: 1.80918:  91%|█████████ | 273/300 [18:42<01:39,  3.69s/it]Best trial: 256. Best value: 1.80918:  91%|█████████▏| 274/300 [18:42<01:35,  3.68s/it]                                                                                       Best trial: 256. Best value: 1.80918:  91%|█████████▏| 274/300 [18:46<01:35,  3.68s/it]Best trial: 256. Best value: 1.80918:  91%|█████████▏| 274/300 [18:46<01:35,  3.68s/it]Best trial: 256. Best value: 1.80918:  92%|█████████▏| 275/300 [18:46<01:32,  3.72s/it]                                                                                       Best trial: 256. Best value: 1.80918:  92%|█████████▏| 275/300 [18:49<01:32,  3.72s/it]Best trial: 256. Best value: 1.80918:  92%|█████████▏| 275/300 [18:49<01:32,  3.72s/it]Best trial: 256. Best value: 1.80918:  92%|█████████▏| 276/300 [18:49<01:28,  3.69s/it]                                                                                       Best trial: 256. Best value: 1.80918:  92%|█████████▏| 276/300 [18:53<01:28,  3.69s/it]Best trial: 256. Best value: 1.80918:  92%|█████████▏| 276/300 [18:53<01:28,  3.69s/it]Best trial: 256. Best value: 1.80918:  92%|█████████▏| 277/300 [18:53<01:24,  3.70s/it]                                                                                       Best trial: 256. Best value: 1.80918:  92%|█████████▏| 277/300 [18:55<01:24,  3.70s/it]Best trial: 256. Best value: 1.80918:  92%|█████████▏| 277/300 [18:56<01:24,  3.70s/it]Best trial: 256. Best value: 1.80918:  93%|█████████▎| 278/300 [18:56<01:14,  3.37s/it]                                                                                       Best trial: 256. Best value: 1.80918:  93%|█████████▎| 278/300 [18:59<01:14,  3.37s/it]Best trial: 256. Best value: 1.80918:  93%|█████████▎| 278/300 [18:59<01:14,  3.37s/it]Best trial: 256. Best value: 1.80918:  93%|█████████▎| 279/300 [18:59<01:12,  3.44s/it]                                                                                       Best trial: 256. Best value: 1.80918:  93%|█████████▎| 279/300 [19:03<01:12,  3.44s/it]Best trial: 256. Best value: 1.80918:  93%|█████████▎| 279/300 [19:03<01:12,  3.44s/it]Best trial: 256. Best value: 1.80918:  93%|█████████▎| 280/300 [19:03<01:09,  3.49s/it]                                                                                       Best trial: 256. Best value: 1.80918:  93%|█████████▎| 280/300 [19:06<01:09,  3.49s/it]Best trial: 256. Best value: 1.80918:  93%|█████████▎| 280/300 [19:06<01:09,  3.49s/it]Best trial: 256. Best value: 1.80918:  94%|█████████▎| 281/300 [19:06<01:06,  3.51s/it]                                                                                       Best trial: 256. Best value: 1.80918:  94%|█████████▎| 281/300 [19:10<01:06,  3.51s/it]Best trial: 256. Best value: 1.80918:  94%|█████████▎| 281/300 [19:10<01:06,  3.51s/it]Best trial: 256. Best value: 1.80918:  94%|█████████▍| 282/300 [19:10<01:05,  3.65s/it]                                                                                       Best trial: 256. Best value: 1.80918:  94%|█████████▍| 282/300 [19:14<01:05,  3.65s/it]Best trial: 256. Best value: 1.80918:  94%|█████████▍| 282/300 [19:14<01:05,  3.65s/it]Best trial: 256. Best value: 1.80918:  94%|█████████▍| 283/300 [19:14<01:02,  3.66s/it]                                                                                       Best trial: 256. Best value: 1.80918:  94%|█████████▍| 283/300 [19:18<01:02,  3.66s/it]Best trial: 256. Best value: 1.80918:  94%|█████████▍| 283/300 [19:18<01:02,  3.66s/it]Best trial: 256. Best value: 1.80918:  95%|█████████▍| 284/300 [19:18<00:59,  3.73s/it]                                                                                       Best trial: 256. Best value: 1.80918:  95%|█████████▍| 284/300 [19:21<00:59,  3.73s/it]Best trial: 256. Best value: 1.80918:  95%|█████████▍| 284/300 [19:21<00:59,  3.73s/it]Best trial: 256. Best value: 1.80918:  95%|█████████▌| 285/300 [19:21<00:55,  3.68s/it]                                                                                       Best trial: 256. Best value: 1.80918:  95%|█████████▌| 285/300 [19:25<00:55,  3.68s/it]Best trial: 256. Best value: 1.80918:  95%|█████████▌| 285/300 [19:25<00:55,  3.68s/it]Best trial: 256. Best value: 1.80918:  95%|█████████▌| 286/300 [19:25<00:51,  3.65s/it]                                                                                       Best trial: 256. Best value: 1.80918:  95%|█████████▌| 286/300 [19:28<00:51,  3.65s/it]Best trial: 256. Best value: 1.80918:  95%|█████████▌| 286/300 [19:28<00:51,  3.65s/it]Best trial: 256. Best value: 1.80918:  96%|█████████▌| 287/300 [19:28<00:43,  3.37s/it]                                                                                       Best trial: 256. Best value: 1.80918:  96%|█████████▌| 287/300 [19:32<00:43,  3.37s/it]Best trial: 256. Best value: 1.80918:  96%|█████████▌| 287/300 [19:32<00:43,  3.37s/it]Best trial: 256. Best value: 1.80918:  96%|█████████▌| 288/300 [19:32<00:42,  3.57s/it]                                                                                       
[I 2026-05-01 20:39:32,112] Trial 273 finished with value: 1.9321586723188096 and parameters: {'f_n': 1.4146806976481878e-07, 'K_d': 828280.7925017244, 'rho_d': 16061432997450.57, 'fission_rate': 7.308653255863276e+19, 'Dv_scale': 0.26270093532903105, 'Dg_scale': 1.161006393400576, 'D2_xe_scale': 16.521925443163912, 'b_scale': 0.3468534380270461, 'gb_scale': 3.0585952335645668, 'gd_scale': 8.493718357392515, 'coalescence_d_scale': 8.185747987768904, 'capture_scale': 0.07210263862294423}. Best is trial 256 with value: 1.8091774258484377.
[I 2026-05-01 20:39:35,907] Trial 274 finished with value: 1.8841455869002561 and parameters: {'f_n': 8.446849474682878e-08, 'K_d': 758579.8313809118, 'rho_d': 17153610857591.453, 'fission_rate': 7.0685065969516134e+19, 'Dv_scale': 0.2463774761627066, 'Dg_scale': 1.1664914974758063, 'D2_xe_scale': 0.2589594460477736, 'b_scale': 0.3719834249107291, 'gb_scale': 3.2848584386008604, 'gd_scale': 9.845711357440264, 'coalescence_d_scale': 6.2411283124329, 'capture_scale': 0.08581029121470428}. Best is trial 256 with value: 1.8091774258484377.
