[I 2026-05-01 20:22:09,503] Trial 17 finished with value: 3.5126884914833085 and parameters: {'f_n': 8.896076470010686e-07, 'K_d': 369571.24497330183, 'rho_d': 40786136006285.125, 'fission_rate': 6.923006856924061e+19, 'Dv_scale': 0.3224968459808848, 'Dg_scale': 0.9573694278987106, 'D2_xe_scale': 0.26618546274468835, 'b_scale': 0.3484541959133493, 'gb_scale': 0.1794811944445595, 'gd_scale': 0.37231680024858044, 'coalescence_d_scale': 0.1379546538000662, 'capture_scale': 2.0987900106295605}. Best is trial 3 with value: 2.127321608005827.Best trial: 3. Best value: 2.12732:   6%|▌         | 17/300 [01:19<19:57,  4.23s/it]Best trial: 3. Best value: 2.12732:   6%|▌         | 17/300 [01:19<19:57,  4.23s/it]Best trial: 3. Best value: 2.12732:   6%|▌         | 18/300 [01:19<19:20,  4.11s/it]                                                                                    Best trial: 3. Best value: 2.12732:   6%|▌         | 18/300 [01:24<19:20,  4.11s/it]Best trial: 3. Best value: 2.12732:   6%|▌         | 18/300 [01:24<19:20,  4.11s/it]Best trial: 3. Best value: 2.12732:   6%|▋         | 19/300 [01:24<19:49,  4.23s/it]                                                                                    Best trial: 3. Best value: 2.12732:   6%|▋         | 19/300 [01:29<19:49,  4.23s/it]Best trial: 3. Best value: 2.12732:   6%|▋         | 19/300 [01:29<19:49,  4.23s/it]Best trial: 3. Best value: 2.12732:   7%|▋         | 20/300 [01:29<20:51,  4.47s/it]                                                                                    Best trial: 3. Best value: 2.12732:   7%|▋         | 20/300 [01:34<20:51,  4.47s/it]Best trial: 3. Best value: 2.12732:   7%|▋         | 20/300 [01:34<20:51,  4.47s/it]Best trial: 3. Best value: 2.12732:   7%|▋         | 21/300 [01:34<21:50,  4.70s/it]                                                                                    Best trial: 3. Best value: 2.12732:   7%|▋         | 21/300 [01:38<21:50,  4.70s/it]Best trial: 3. Best value: 2.12732:   7%|▋         | 21/300 [01:38<21:50,  4.70s/it]Best trial: 3. Best value: 2.12732:   7%|▋         | 22/300 [01:38<20:27,  4.42s/it]                                                                                    Best trial: 3. Best value: 2.12732:   7%|▋         | 22/300 [01:42<20:27,  4.42s/it]Best trial: 3. Best value: 2.12732:   7%|▋         | 22/300 [01:42<20:27,  4.42s/it]Best trial: 3. Best value: 2.12732:   8%|▊         | 23/300 [01:42<19:37,  4.25s/it]                                                                                    Best trial: 3. Best value: 2.12732:   8%|▊         | 23/300 [01:45<19:37,  4.25s/it]Best trial: 3. Best value: 2.12732:   8%|▊         | 23/300 [01:45<19:37,  4.25s/it]Best trial: 3. Best value: 2.12732:   8%|▊         | 24/300 [01:45<19:06,  4.15s/it]                                                                                    Best trial: 3. Best value: 2.12732:   8%|▊         | 24/300 [01:49<19:06,  4.15s/it]Best trial: 3. Best value: 2.12732:   8%|▊         | 24/300 [01:49<19:06,  4.15s/it]Best trial: 3. Best value: 2.12732:   8%|▊         | 25/300 [01:49<18:15,  3.98s/it]                                                                                    Best trial: 3. Best value: 2.12732:   8%|▊         | 25/300 [01:53<18:15,  3.98s/it]Best trial: 3. Best value: 2.12732:   8%|▊         | 25/300 [01:53<18:15,  3.98s/it]Best trial: 3. Best value: 2.12732:   9%|▊         | 26/300 [01:53<18:35,  4.07s/it]                                                                                    Best trial: 3. Best value: 2.12732:   9%|▊         | 26/300 [01:58<18:35,  4.07s/it]Best trial: 3. Best value: 2.12732:   9%|▊         | 26/300 [01:58<18:35,  4.07s/it]Best trial: 3. Best value: 2.12732:   9%|▉         | 27/300 [01:58<18:51,  4.15s/it]                                                                                    Best trial: 3. Best value: 2.12732:   9%|▉         | 27/300 [02:02<18:51,  4.15s/it]Best trial: 3. Best value: 2.12732:   9%|▉         | 27/300 [02:02<18:51,  4.15s/it]Best trial: 3. Best value: 2.12732:   9%|▉         | 28/300 [02:02<19:03,  4.20s/it]                                                                                    Best trial: 3. Best value: 2.12732:   9%|▉         | 28/300 [02:06<19:03,  4.20s/it]Best trial: 3. Best value: 2.12732:   9%|▉         | 28/300 [02:06<19:03,  4.20s/it]Best trial: 3. Best value: 2.12732:  10%|▉         | 29/300 [02:06<18:05,  4.01s/it]                                                                                    Best trial: 3. Best value: 2.12732:  10%|▉         | 29/300 [02:11<18:05,  4.01s/it]Best trial: 3. Best value: 2.12732:  10%|▉         | 29/300 [02:11<18:05,  4.01s/it]Best trial: 3. Best value: 2.12732:  10%|█         | 30/300 [02:11<19:55,  4.43s/it]                                                                                    Best trial: 3. Best value: 2.12732:  10%|█         | 30/300 [02:16<19:55,  4.43s/it]Best trial: 3. Best value: 2.12732:  10%|█         | 30/300 [02:16<19:55,  4.43s/it]Best trial: 3. Best value: 2.12732:  10%|█         | 31/300 [02:16<20:37,  4.60s/it]                                                                                    Best trial: 3. Best value: 2.12732:  10%|█         | 31/300 [02:20<20:37,  4.60s/it]Best trial: 3. Best value: 2.12732:  10%|█         | 31/300 [02:20<20:37,  4.60s/it]Best trial: 3. Best value: 2.12732:  11%|█         | 32/300 [02:20<19:31,  4.37s/it]                                                                                    Best trial: 3. Best value: 2.12732:  11%|█         | 32/300 [02:24<19:31,  4.37s/it]Best trial: 3. Best value: 2.12732:  11%|█         | 32/300 [02:24<19:31,  4.37s/it]Best trial: 3. Best value: 2.12732:  11%|█         | 33/300 [02:24<19:07,  4.30s/it]                                                                                    
[I 2026-05-01 20:22:14,014] Trial 18 finished with value: 2.995146674803578 and parameters: {'f_n': 2.4675837768714004e-09, 'K_d': 240857.99673325455, 'rho_d': 18079503099646.613, 'fission_rate': 6.032081780294286e+19, 'Dv_scale': 0.442500058950939, 'Dg_scale': 2.467274613536474, 'D2_xe_scale': 0.4032089752713449, 'b_scale': 0.6530895097751295, 'gb_scale': 0.22438732052560648, 'gd_scale': 1.4608755795075001, 'coalescence_d_scale': 0.30797158940337205, 'capture_scale': 7.929050425957761}. Best is trial 3 with value: 2.127321608005827.
[I 2026-05-01 20:22:19,031] Trial 19 finished with value: 4.279339126623829 and parameters: {'f_n': 1.0254205220917134e-10, 'K_d': 399427.4725913369, 'rho_d': 65567849474063.04, 'fission_rate': 5.446150462403588e+19, 'Dv_scale': 0.2585668910147257, 'Dg_scale': 1.293657730563346, 'D2_xe_scale': 17.801881626876998, 'b_scale': 0.1628947890531011, 'gb_scale': 0.7537585415490637, 'gd_scale': 2.429446878440401, 'coalescence_d_scale': 0.33920295880221957, 'capture_scale': 3.3014282982910506}. Best is trial 3 with value: 2.127321608005827.
[I 2026-05-01 20:22:24,261] Trial 20 finished with value: 3.491711938912999 and parameters: {'f_n': 6.562129247317618e-09, 'K_d': 189020.06689186662, 'rho_d': 59110909934759.9, 'fission_rate': 4.399522717138497e+19, 'Dv_scale': 1.9429988731487564, 'Dg_scale': 0.729059865117388, 'D2_xe_scale': 0.07472040561316443, 'b_scale': 0.5018819400752529, 'gb_scale': 2.0649645858932093, 'gd_scale': 0.41497966675616016, 'coalescence_d_scale': 2.0250229446042267, 'capture_scale': 0.7323678072198558}. Best is trial 3 with value: 2.127321608005827.
[I 2026-05-01 20:22:28,018] Trial 21 finished with value: 3.5407941712095847 and parameters: {'f_n': 4.002628101410521e-07, 'K_d': 913400.2633076174, 'rho_d': 35707982614581.47, 'fission_rate': 7.3553285773697974e+19, 'Dv_scale': 0.9041649078423052, 'Dg_scale': 0.5475724972132078, 'D2_xe_scale': 0.4519472297357527, 'b_scale': 7.750024664121206, 'gb_scale': 0.4923018358357053, 'gd_scale': 4.956541695768694, 'coalescence_d_scale': 12.14344539516234, 'capture_scale': 0.1434350706091629}. Best is trial 3 with value: 2.127321608005827.
[I 2026-05-01 20:22:31,882] Trial 22 finished with value: 2.3664306885502397 and parameters: {'f_n': 2.8000475137177026e-06, 'K_d': 429492.28956848546, 'rho_d': 40360305592800.81, 'fission_rate': 7.132639718425812e+19, 'Dv_scale': 0.7864052965253047, 'Dg_scale': 0.3332546164930267, 'D2_xe_scale': 2.0719073242301307, 'b_scale': 1.6858205206925225, 'gb_scale': 0.26663021460058406, 'gd_scale': 3.4529548862437207, 'coalescence_d_scale': 5.584284799334212, 'capture_scale': 0.4239729190952095}. Best is trial 3 with value: 2.127321608005827.
[I 2026-05-01 20:22:35,809] Trial 23 finished with value: 4.611882138317162 and parameters: {'f_n': 2.395989943586415e-06, 'K_d': 390009.3172938518, 'rho_d': 43883005751155.266, 'fission_rate': 7.056403132548369e+19, 'Dv_scale': 0.7615794569235332, 'Dg_scale': 0.26015334156600967, 'D2_xe_scale': 2.153509115273521, 'b_scale': 1.441736073711382, 'gb_scale': 0.27525531835905864, 'gd_scale': 1.356163559297186, 'coalescence_d_scale': 4.793134686965381, 'capture_scale': 1.4631787423381466}. Best is trial 3 with value: 2.127321608005827.
[I 2026-05-01 20:22:39,400] Trial 24 finished with value: 2.8149937117546333 and parameters: {'f_n': 9.273154750001895e-07, 'K_d': 403257.3646719667, 'rho_d': 30388908239201.95, 'fission_rate': 7.954487079312828e+19, 'Dv_scale': 0.44109040298040314, 'Dg_scale': 0.157443810882661, 'D2_xe_scale': 7.789466002201456, 'b_scale': 0.7854652992020074, 'gb_scale': 0.08166077348406803, 'gd_scale': 6.990077710472723, 'coalescence_d_scale': 1.6092988952272014, 'capture_scale': 0.5016884874053135}. Best is trial 3 with value: 2.127321608005827.
[I 2026-05-01 20:22:43,677] Trial 25 finished with value: 2.366191795227559 and parameters: {'f_n': 9.301946907912946e-08, 'K_d': 308028.0451397465, 'rho_d': 61543384217063.62, 'fission_rate': 6.512060947366284e+19, 'Dv_scale': 1.2818694677917633, 'Dg_scale': 0.33896497949168963, 'D2_xe_scale': 1.992101685509195, 'b_scale': 1.9707122800798418, 'gb_scale': 1.1703254121406956, 'gd_scale': 2.838383823036639, 'coalescence_d_scale': 0.43028410509741427, 'capture_scale': 1.1475811704457548}. Best is trial 3 with value: 2.127321608005827.
[I 2026-05-01 20:22:47,995] Trial 26 finished with value: 3.4449135949567258 and parameters: {'f_n': 9.858480895497428e-08, 'K_d': 287440.9187920576, 'rho_d': 61792872307311.68, 'fission_rate': 6.461849401323995e+19, 'Dv_scale': 1.2303267645400524, 'Dg_scale': 0.7065332857321945, 'D2_xe_scale': 0.4992917764061589, 'b_scale': 0.4191703198423497, 'gb_scale': 1.2479054741619997, 'gd_scale': 2.391533080475942, 'coalescence_d_scale': 0.40733005883598694, 'capture_scale': 3.5501777241170203}. Best is trial 3 with value: 2.127321608005827.
[I 2026-05-01 20:22:52,329] Trial 27 finished with value: 3.7424899813954626 and parameters: {'f_n': 2.732026586758196e-08, 'K_d': 236321.84433073446, 'rho_d': 68309700836285.48, 'fission_rate': 6.227241844609755e+19, 'Dv_scale': 1.3291655074268771, 'Dg_scale': 0.23305390564742304, 'D2_xe_scale': 3.4090137106628675, 'b_scale': 0.9390853311072995, 'gb_scale': 2.8924982830238686, 'gd_scale': 0.6439599553772999, 'coalescence_d_scale': 0.21763203515880675, 'capture_scale': 1.9264725400445333}. Best is trial 3 with value: 2.127321608005827.
[I 2026-05-01 20:22:55,877] Trial 28 finished with value: 4.272706003463823 and parameters: {'f_n': 1.031448403152009e-07, 'K_d': 181789.07762684408, 'rho_d': 14730885071430.719, 'fission_rate': 5.6946495149668835e+19, 'Dv_scale': 1.8391744641987315, 'Dg_scale': 3.86024684732581, 'D2_xe_scale': 0.636989022550026, 'b_scale': 2.122766795694031, 'gb_scale': 5.018590330052989, 'gd_scale': 1.1977695608076258, 'coalescence_d_scale': 0.5320468036783111, 'capture_scale': 1.1856174785962939}. Best is trial 3 with value: 2.127321608005827.
[I 2026-05-01 20:23:01,290] Trial 29 finished with value: 3.7734552499708798 and parameters: {'f_n': 2.2624440318654443e-08, 'K_d': 119543.66062149213, 'rho_d': 52376564357998.26, 'fission_rate': 4.779203705062905e+19, 'Dv_scale': 0.5389835387837101, 'Dg_scale': 0.39353643507150027, 'D2_xe_scale': 1.6014940387876702, 'b_scale': 0.2084153664457933, 'gb_scale': 1.571197226690141, 'gd_scale': 0.1278383635451492, 'coalescence_d_scale': 0.12430570311161575, 'capture_scale': 2.8253427962540765}. Best is trial 3 with value: 2.127321608005827.
[I 2026-05-01 20:23:06,298] Trial 30 finished with value: 2.963560293138657 and parameters: {'f_n': 5.68755507709179e-07, 'K_d': 350169.2751705023, 'rho_d': 28046803339288.4, 'fission_rate': 5.252831873726672e+19, 'Dv_scale': 0.26773101439912156, 'Dg_scale': 1.0255309014867409, 'D2_xe_scale': 6.65441549742845, 'b_scale': 1.3345910781837127, 'gb_scale': 0.8913271005883062, 'gd_scale': 2.7022111848789874, 'coalescence_d_scale': 0.2623551623804073, 'capture_scale': 4.8505219546039955}. Best is trial 3 with value: 2.127321608005827.
[I 2026-05-01 20:23:10,133] Trial 31 finished with value: 5.197118634676513 and parameters: {'f_n': 2.753697107096217e-06, 'K_d': 457676.561404445, 'rho_d': 36064069999618.6, 'fission_rate': 7.116356458688774e+19, 'Dv_scale': 1.1451109949923308, 'Dg_scale': 0.31784896885544767, 'D2_xe_scale': 1.6354806587311947, 'b_scale': 5.058713936339009, 'gb_scale': 0.5446249076070095, 'gd_scale': 3.1706263983174656, 'coalescence_d_scale': 5.68270522447761, 'capture_scale': 0.6098988964277163}. Best is trial 3 with value: 2.127321608005827.
[I 2026-05-01 20:23:14,252] Trial 32 finished with value: 3.257555669719901 and parameters: {'f_n': 1.5857942519902185e-06, 'K_d': 315375.9101436176, 'rho_d': 43568643755032.39, 'fission_rate': 6.743382316567977e+19, 'Dv_scale': 0.7801131992464748, 'Dg_scale': 0.4344609249781183, 'D2_xe_scale': 1.6647775331793115, 'b_scale': 1.8479876036700955, 'gb_scale': 0.265082028376342, 'gd_scale': 3.850966042313631, 'coalescence_d_scale': 12.386344658882308, 'capture_scale': 0.996377419676321}. Best is trial 3 with value: 2.127321608005827.
[I 2026-05-01 20:23:18,143] Trial 33 finished with value: 4.299494474100983 and parameters: {'f_n': 5.945493843420236e-07, 'K_d': 715983.7066323761, 'rho_d': 37631593586971.625, 'fission_rate': 7.101834083993328e+19, 'Dv_scale': 0.7680412507510334, 'Dg_scale': 0.20099351394533607, 'D2_xe_scale': 2.630708501424571, 'b_scale': 0.7826559740303918, 'gb_scale': 1.1088295741730474, 'gd_scale': 0.7475530953731206, 'coalescence_d_scale': 0.15866208049211375, 'capture_scale': 0.3775003245325731}. Best is trial 3 with value: 2.127321608005827.Best trial: 3. Best value: 2.12732:  11%|█         | 33/300 [02:28<19:07,  4.30s/it]Best trial: 3. Best value: 2.12732:  11%|█         | 33/300 [02:28<19:07,  4.30s/it]Best trial: 3. Best value: 2.12732:  11%|█▏        | 34/300 [02:28<18:30,  4.17s/it]                                                                                    Best trial: 3. Best value: 2.12732:  11%|█▏        | 34/300 [02:32<18:30,  4.17s/it]Best trial: 3. Best value: 2.12732:  11%|█▏        | 34/300 [02:32<18:30,  4.17s/it]Best trial: 3. Best value: 2.12732:  12%|█▏        | 35/300 [02:32<17:56,  4.06s/it]                                                                                    Best trial: 3. Best value: 2.12732:  12%|█▏        | 35/300 [02:36<17:56,  4.06s/it]Best trial: 3. Best value: 2.12732:  12%|█▏        | 35/300 [02:36<17:56,  4.06s/it]Best trial: 3. Best value: 2.12732:  12%|█▏        | 36/300 [02:36<18:16,  4.15s/it]                                                                                    Best trial: 3. Best value: 2.12732:  12%|█▏        | 36/300 [02:40<18:16,  4.15s/it]Best trial: 3. Best value: 2.12732:  12%|█▏        | 36/300 [02:40<18:16,  4.15s/it]Best trial: 3. Best value: 2.12732:  12%|█▏        | 37/300 [02:40<17:31,  4.00s/it]                                                                                    Best trial: 3. Best value: 2.12732:  12%|█▏        | 37/300 [02:43<17:31,  4.00s/it]Best trial: 3. Best value: 2.12732:  12%|█▏        | 37/300 [02:43<17:31,  4.00s/it]Best trial: 3. Best value: 2.12732:  13%|█▎        | 38/300 [02:43<16:56,  3.88s/it]                                                                                    Best trial: 3. Best value: 2.12732:  13%|█▎        | 38/300 [02:47<16:56,  3.88s/it]Best trial: 3. Best value: 2.12732:  13%|█▎        | 38/300 [02:47<16:56,  3.88s/it]Best trial: 3. Best value: 2.12732:  13%|█▎        | 39/300 [02:47<16:30,  3.80s/it]                                                                                    Best trial: 3. Best value: 2.12732:  13%|█▎        | 39/300 [02:50<16:30,  3.80s/it]Best trial: 3. Best value: 2.12732:  13%|█▎        | 39/300 [02:51<16:30,  3.80s/it]Best trial: 3. Best value: 2.12732:  13%|█▎        | 40/300 [02:51<16:18,  3.76s/it]                                                                                    Best trial: 3. Best value: 2.12732:  13%|█▎        | 40/300 [02:54<16:18,  3.76s/it]Best trial: 3. Best value: 2.12732:  13%|█▎        | 40/300 [02:54<16:18,  3.76s/it]Best trial: 3. Best value: 2.12732:  14%|█▎        | 41/300 [02:54<16:17,  3.77s/it]                                                                                    Best trial: 3. Best value: 2.12732:  14%|█▎        | 41/300 [02:58<16:17,  3.77s/it]Best trial: 3. Best value: 2.12732:  14%|█▎        | 41/300 [02:58<16:17,  3.77s/it]Best trial: 3. Best value: 2.12732:  14%|█▍        | 42/300 [02:58<15:56,  3.71s/it]                                                                                    Best trial: 3. Best value: 2.12732:  14%|█▍        | 42/300 [03:02<15:56,  3.71s/it]Best trial: 3. Best value: 2.12732:  14%|█▍        | 42/300 [03:02<15:56,  3.71s/it]Best trial: 3. Best value: 2.12732:  14%|█▍        | 43/300 [03:02<16:00,  3.74s/it]                                                                                    Best trial: 3. Best value: 2.12732:  14%|█▍        | 43/300 [03:05<16:00,  3.74s/it]Best trial: 3. Best value: 2.12732:  14%|█▍        | 43/300 [03:05<16:00,  3.74s/it]Best trial: 3. Best value: 2.12732:  15%|█▍        | 44/300 [03:05<15:21,  3.60s/it]                                                                                    Best trial: 3. Best value: 2.12732:  15%|█▍        | 44/300 [03:08<15:21,  3.60s/it]Best trial: 3. Best value: 2.12732:  15%|█▍        | 44/300 [03:08<15:21,  3.60s/it]Best trial: 3. Best value: 2.12732:  15%|█▌        | 45/300 [03:08<15:13,  3.58s/it]                                                                                    Best trial: 3. Best value: 2.12732:  15%|█▌        | 45/300 [03:12<15:13,  3.58s/it]Best trial: 3. Best value: 2.12732:  15%|█▌        | 45/300 [03:12<15:13,  3.58s/it]Best trial: 3. Best value: 2.12732:  15%|█▌        | 46/300 [03:12<15:38,  3.70s/it]                                                                                    Best trial: 3. Best value: 2.12732:  15%|█▌        | 46/300 [03:16<15:38,  3.70s/it]Best trial: 3. Best value: 2.12732:  15%|█▌        | 46/300 [03:16<15:38,  3.70s/it]Best trial: 3. Best value: 2.12732:  16%|█▌        | 47/300 [03:16<14:59,  3.55s/it]                                                                                    Best trial: 3. Best value: 2.12732:  16%|█▌        | 47/300 [03:20<14:59,  3.55s/it]Best trial: 3. Best value: 2.12732:  16%|█▌        | 47/300 [03:20<14:59,  3.55s/it]Best trial: 3. Best value: 2.12732:  16%|█▌        | 48/300 [03:20<16:04,  3.83s/it]                                                                                    Best trial: 3. Best value: 2.12732:  16%|█▌        | 48/300 [03:24<16:04,  3.83s/it]Best trial: 3. Best value: 2.12732:  16%|█▌        | 48/300 [03:24<16:04,  3.83s/it]Best trial: 3. Best value: 2.12732:  16%|█▋        | 49/300 [03:24<16:13,  3.88s/it]                                                                                    
[I 2026-05-01 20:23:21,944] Trial 34 finished with value: 3.4452860194017236 and parameters: {'f_n': 1.7472516551546316e-07, 'K_d': 473415.64499531564, 'rho_d': 57365595223130.6, 'fission_rate': 7.320676466884322e+19, 'Dv_scale': 1.7132024388606546, 'Dg_scale': 0.3283720090830594, 'D2_xe_scale': 5.541204872562379, 'b_scale': 2.4885514548888144, 'gb_scale': 0.6778439486215958, 'gd_scale': 6.5460644773741, 'coalescence_d_scale': 0.4541464560283362, 'capture_scale': 0.2441676165644599}. Best is trial 3 with value: 2.127321608005827.
[I 2026-05-01 20:23:26,311] Trial 35 finished with value: 3.0891655530895767 and parameters: {'f_n': 6.887793595789419e-08, 'K_d': 927431.3233298876, 'rho_d': 28614151978077.582, 'fission_rate': 6.292397167642487e+19, 'Dv_scale': 1.4868243841461384, 'Dg_scale': 0.644488459043004, 'D2_xe_scale': 1.3508633468110456, 'b_scale': 1.311995126300239, 'gb_scale': 0.3364606774782158, 'gd_scale': 1.7422930119116533, 'coalescence_d_scale': 8.051758620981301, 'capture_scale': 2.3061574428078755}. Best is trial 3 with value: 2.127321608005827.
[I 2026-05-01 20:23:29,947] Trial 36 finished with value: 2.365545115208835 and parameters: {'f_n': 1.5362717749949208e-06, 'K_d': 605939.3950130099, 'rho_d': 33178137238261.223, 'fission_rate': 7.621035474751943e+19, 'Dv_scale': 0.44561062052656075, 'Dg_scale': 0.45870224150068367, 'D2_xe_scale': 0.6188234678272259, 'b_scale': 0.3239327347983383, 'gb_scale': 1.5146429458162363, 'gd_scale': 3.9088621997815762, 'coalescence_d_scale': 0.11225897651827245, 'capture_scale': 0.8856416910178414}. Best is trial 3 with value: 2.127321608005827.
