[I 2026-05-01 20:35:28,483] Trial 208 finished with value: 1.8593916962828905 and parameters: {'f_n': 1.1906058525815537e-07, 'K_d': 743082.3297704502, 'rho_d': 16500747106393.145, 'fission_rate': 7.422746537937378e+19, 'Dv_scale': 0.20044383895868587, 'Dg_scale': 1.4360685603966414, 'D2_xe_scale': 0.23515765302662633, 'b_scale': 0.29984898686776135, 'gb_scale': 2.3702761747842045, 'gd_scale': 8.239221143555486, 'coalescence_d_scale': 6.102080797187501, 'capture_scale': 0.053854194972841586}. Best is trial 189 with value: 1.8412811834688472.Best trial: 189. Best value: 1.84128:  69%|██████▉   | 208/300 [14:38<05:48,  3.79s/it]Best trial: 189. Best value: 1.84128:  69%|██████▉   | 208/300 [14:38<05:48,  3.79s/it]Best trial: 189. Best value: 1.84128:  70%|██████▉   | 209/300 [14:38<05:46,  3.81s/it]                                                                                       Best trial: 189. Best value: 1.84128:  70%|██████▉   | 209/300 [14:42<05:46,  3.81s/it]Best trial: 209. Best value: 1.83959:  70%|██████▉   | 209/300 [14:42<05:46,  3.81s/it]Best trial: 209. Best value: 1.83959:  70%|███████   | 210/300 [14:42<05:42,  3.81s/it]                                                                                       Best trial: 209. Best value: 1.83959:  70%|███████   | 210/300 [14:45<05:42,  3.81s/it]Best trial: 209. Best value: 1.83959:  70%|███████   | 210/300 [14:45<05:42,  3.81s/it]Best trial: 209. Best value: 1.83959:  70%|███████   | 211/300 [14:45<05:15,  3.54s/it]                                                                                       Best trial: 209. Best value: 1.83959:  70%|███████   | 211/300 [14:49<05:15,  3.54s/it]Best trial: 209. Best value: 1.83959:  70%|███████   | 211/300 [14:49<05:15,  3.54s/it]Best trial: 209. Best value: 1.83959:  71%|███████   | 212/300 [14:49<05:22,  3.66s/it]                                                                                       Best trial: 209. Best value: 1.83959:  71%|███████   | 212/300 [14:53<05:22,  3.66s/it]Best trial: 209. Best value: 1.83959:  71%|███████   | 212/300 [14:53<05:22,  3.66s/it]Best trial: 209. Best value: 1.83959:  71%|███████   | 213/300 [14:53<05:25,  3.74s/it]                                                                                       Best trial: 209. Best value: 1.83959:  71%|███████   | 213/300 [14:57<05:25,  3.74s/it]Best trial: 209. Best value: 1.83959:  71%|███████   | 213/300 [14:57<05:25,  3.74s/it]Best trial: 209. Best value: 1.83959:  71%|███████▏  | 214/300 [14:57<05:27,  3.81s/it]                                                                                       Best trial: 209. Best value: 1.83959:  71%|███████▏  | 214/300 [15:00<05:27,  3.81s/it]Best trial: 209. Best value: 1.83959:  71%|███████▏  | 214/300 [15:00<05:27,  3.81s/it]Best trial: 209. Best value: 1.83959:  72%|███████▏  | 215/300 [15:00<05:21,  3.78s/it]                                                                                       Best trial: 209. Best value: 1.83959:  72%|███████▏  | 215/300 [15:04<05:21,  3.78s/it]Best trial: 209. Best value: 1.83959:  72%|███████▏  | 215/300 [15:04<05:21,  3.78s/it]Best trial: 209. Best value: 1.83959:  72%|███████▏  | 216/300 [15:04<05:16,  3.77s/it]                                                                                       Best trial: 209. Best value: 1.83959:  72%|███████▏  | 216/300 [15:08<05:16,  3.77s/it]Best trial: 216. Best value: 1.82817:  72%|███████▏  | 216/300 [15:08<05:16,  3.77s/it]Best trial: 216. Best value: 1.82817:  72%|███████▏  | 217/300 [15:08<05:16,  3.81s/it]                                                                                       Best trial: 216. Best value: 1.82817:  72%|███████▏  | 217/300 [15:12<05:16,  3.81s/it]Best trial: 216. Best value: 1.82817:  72%|███████▏  | 217/300 [15:12<05:16,  3.81s/it]Best trial: 216. Best value: 1.82817:  73%|███████▎  | 218/300 [15:12<05:09,  3.77s/it]                                                                                       Best trial: 216. Best value: 1.82817:  73%|███████▎  | 218/300 [15:14<05:09,  3.77s/it]Best trial: 216. Best value: 1.82817:  73%|███████▎  | 218/300 [15:14<05:09,  3.77s/it]Best trial: 216. Best value: 1.82817:  73%|███████▎  | 219/300 [15:14<04:39,  3.45s/it]                                                                                       Best trial: 216. Best value: 1.82817:  73%|███████▎  | 219/300 [15:18<04:39,  3.45s/it]Best trial: 216. Best value: 1.82817:  73%|███████▎  | 219/300 [15:18<04:39,  3.45s/it]Best trial: 216. Best value: 1.82817:  73%|███████▎  | 220/300 [15:18<04:39,  3.49s/it]                                                                                       Best trial: 216. Best value: 1.82817:  73%|███████▎  | 220/300 [15:22<04:39,  3.49s/it]Best trial: 216. Best value: 1.82817:  73%|███████▎  | 220/300 [15:22<04:39,  3.49s/it]Best trial: 216. Best value: 1.82817:  74%|███████▎  | 221/300 [15:22<04:44,  3.60s/it]                                                                                       Best trial: 216. Best value: 1.82817:  74%|███████▎  | 221/300 [15:26<04:44,  3.60s/it]Best trial: 216. Best value: 1.82817:  74%|███████▎  | 221/300 [15:26<04:44,  3.60s/it]Best trial: 216. Best value: 1.82817:  74%|███████▍  | 222/300 [15:26<04:45,  3.66s/it]                                                                                       Best trial: 216. Best value: 1.82817:  74%|███████▍  | 222/300 [15:30<04:45,  3.66s/it]Best trial: 216. Best value: 1.82817:  74%|███████▍  | 222/300 [15:30<04:45,  3.66s/it]Best trial: 216. Best value: 1.82817:  74%|███████▍  | 223/300 [15:30<04:46,  3.72s/it]                                                                                       Best trial: 216. Best value: 1.82817:  74%|███████▍  | 223/300 [15:33<04:46,  3.72s/it]Best trial: 216. Best value: 1.82817:  74%|███████▍  | 223/300 [15:33<04:46,  3.72s/it]Best trial: 216. Best value: 1.82817:  75%|███████▍  | 224/300 [15:33<04:45,  3.76s/it]                                                                                       
[I 2026-05-01 20:35:32,279] Trial 209 finished with value: 1.83959390751593 and parameters: {'f_n': 1.2295228551788526e-07, 'K_d': 729110.5825955477, 'rho_d': 19658589863980.7, 'fission_rate': 7.410106739053943e+19, 'Dv_scale': 0.20204521031706982, 'Dg_scale': 1.3092066307416936, 'D2_xe_scale': 0.23200461951789392, 'b_scale': 0.28792894761664617, 'gb_scale': 2.8668445865028964, 'gd_scale': 7.823451402259074, 'coalescence_d_scale': 6.103597819248915, 'capture_scale': 0.052229660247301656}. Best is trial 209 with value: 1.83959390751593.
[I 2026-05-01 20:35:35,208] Trial 210 finished with value: 1.8814794239996373 and parameters: {'f_n': 1.2222437595886788e-07, 'K_d': 732798.4048730349, 'rho_d': 19376773493911.88, 'fission_rate': 7.43132935818812e+19, 'Dv_scale': 0.20298323574567473, 'Dg_scale': 1.3667527183236239, 'D2_xe_scale': 0.2371444035389379, 'b_scale': 0.2922465041977162, 'gb_scale': 2.855313230626952, 'gd_scale': 8.784834792175863, 'coalescence_d_scale': 6.451796428086382, 'capture_scale': 0.06406127049757741}. Best is trial 209 with value: 1.83959390751593.
[I 2026-05-01 20:35:39,156] Trial 211 finished with value: 1.8978506363595786 and parameters: {'f_n': 7.135201435204319e-08, 'K_d': 715757.3909637101, 'rho_d': 14399288439386.734, 'fission_rate': 7.317112721691583e+19, 'Dv_scale': 0.20016774858801245, 'Dg_scale': 1.458163652774748, 'D2_xe_scale': 0.23003337439956792, 'b_scale': 0.381272173455654, 'gb_scale': 2.4403491599954776, 'gd_scale': 7.910325788503379, 'coalescence_d_scale': 6.064162865874998, 'capture_scale': 0.05259632073142362}. Best is trial 209 with value: 1.83959390751593.
[I 2026-05-01 20:35:43,069] Trial 212 finished with value: 1.9242107687653685 and parameters: {'f_n': 1.7886667213842015e-07, 'K_d': 770617.4210401711, 'rho_d': 16841382053093.482, 'fission_rate': 7.530587811154959e+19, 'Dv_scale': 0.21681636389428033, 'Dg_scale': 1.2487346797447294, 'D2_xe_scale': 0.27309066221919986, 'b_scale': 0.23691589464559967, 'gb_scale': 2.7719595328060165, 'gd_scale': 7.152180032162238, 'coalescence_d_scale': 8.58617350341269, 'capture_scale': 0.05637533640019346}. Best is trial 209 with value: 1.83959390751593.
[I 2026-05-01 20:35:47,052] Trial 213 finished with value: 1.8851758089463895 and parameters: {'f_n': 9.859825563205164e-08, 'K_d': 656509.8186473113, 'rho_d': 19029172089939.434, 'fission_rate': 7.240457432633053e+19, 'Dv_scale': 0.21074038917057958, 'Dg_scale': 1.549314271764596, 'D2_xe_scale': 0.18274431666589833, 'b_scale': 0.30746446439836495, 'gb_scale': 3.29870929846236, 'gd_scale': 8.225423815369028, 'coalescence_d_scale': 6.956006482129184, 'capture_scale': 0.05065051319319306}. Best is trial 209 with value: 1.83959390751593.
[I 2026-05-01 20:35:50,765] Trial 214 finished with value: 1.8443120704677143 and parameters: {'f_n': 1.2436319101957431e-07, 'K_d': 762255.0435295244, 'rho_d': 16212460173462.244, 'fission_rate': 7.341587270877116e+19, 'Dv_scale': 0.20008278102608446, 'Dg_scale': 1.759174829193442, 'D2_xe_scale': 0.32325219818787426, 'b_scale': 0.2795544909605102, 'gb_scale': 2.383600603406134, 'gd_scale': 7.305939539702613, 'coalescence_d_scale': 5.844737373002683, 'capture_scale': 0.06981308665637345}. Best is trial 209 with value: 1.83959390751593.
[I 2026-05-01 20:35:54,518] Trial 215 finished with value: 1.8897780079117368 and parameters: {'f_n': 1.1701308679344641e-07, 'K_d': 761660.4558963489, 'rho_d': 16647770926393.707, 'fission_rate': 7.3526576302197105e+19, 'Dv_scale': 0.20111859695644135, 'Dg_scale': 1.6116468407457343, 'D2_xe_scale': 0.3309512536093454, 'b_scale': 0.335603643605769, 'gb_scale': 2.322031516646158, 'gd_scale': 9.136737140580667, 'coalescence_d_scale': 6.3203361002438685, 'capture_scale': 0.07791660583772458}. Best is trial 209 with value: 1.83959390751593.
[I 2026-05-01 20:35:58,404] Trial 216 finished with value: 1.8281735809555621 and parameters: {'f_n': 1.862176136191175e-07, 'K_d': 601555.9359118086, 'rho_d': 21534405921920.805, 'fission_rate': 7.413261912758033e+19, 'Dv_scale': 0.21727805941621195, 'Dg_scale': 1.733013839188371, 'D2_xe_scale': 0.3014432095922838, 'b_scale': 0.4153344114912791, 'gb_scale': 2.79547573492157, 'gd_scale': 7.1308711889061165, 'coalescence_d_scale': 5.155897724288043, 'capture_scale': 0.06323049845897304}. Best is trial 216 with value: 1.8281735809555621.
[I 2026-05-01 20:36:02,080] Trial 217 finished with value: 1.9158487588942081 and parameters: {'f_n': 5.715388765947472e-08, 'K_d': 546548.3462363146, 'rho_d': 21786532869457.77, 'fission_rate': 7.483081342787112e+19, 'Dv_scale': 0.22157366634813488, 'Dg_scale': 1.4451971146478917, 'D2_xe_scale': 0.2682304653934252, 'b_scale': 0.40319574278940573, 'gb_scale': 2.863678772242331, 'gd_scale': 7.30444352081346, 'coalescence_d_scale': 5.655888214908036, 'capture_scale': 0.06431277003073044}. Best is trial 216 with value: 1.8281735809555621.
[I 2026-05-01 20:36:04,778] Trial 218 finished with value: 2.0206672168927162 and parameters: {'f_n': 1.867936212701891e-07, 'K_d': 613909.2606817688, 'rho_d': 16076135639925.695, 'fission_rate': 7.588128177460493e+19, 'Dv_scale': 0.20571999367224972, 'Dg_scale': 1.7484797129510112, 'D2_xe_scale': 0.301120358942491, 'b_scale': 0.47486356279754827, 'gb_scale': 3.357041243667663, 'gd_scale': 8.119755737482432, 'coalescence_d_scale': 7.434036506094296, 'capture_scale': 0.07259899534427913}. Best is trial 216 with value: 1.8281735809555621.
[I 2026-05-01 20:36:08,381] Trial 219 finished with value: 1.9676650124728914 and parameters: {'f_n': 1.2810538992141758e-07, 'K_d': 750626.7981732461, 'rho_d': 14408592975293.168, 'fission_rate': 7.716670915392019e+19, 'Dv_scale': 0.20022341015807393, 'Dg_scale': 1.6370237343161722, 'D2_xe_scale': 0.17658823007366822, 'b_scale': 0.29134955204446833, 'gb_scale': 3.7776302267372617, 'gd_scale': 6.844934813399795, 'coalescence_d_scale': 5.280462371488084, 'capture_scale': 0.08435030118835089}. Best is trial 216 with value: 1.8281735809555621.
[I 2026-05-01 20:36:12,228] Trial 220 finished with value: 1.996761365945858 and parameters: {'f_n': 8.781051771082753e-08, 'K_d': 720882.913354263, 'rho_d': 18927467745082.824, 'fission_rate': 7.312075261326668e+19, 'Dv_scale': 0.21429450715467302, 'Dg_scale': 1.347934132035903, 'D2_xe_scale': 0.24051729575944888, 'b_scale': 0.23715735197544427, 'gb_scale': 2.2619986705213506, 'gd_scale': 7.923108920142962, 'coalescence_d_scale': 6.058629667760775, 'capture_scale': 0.050005407605090264}. Best is trial 216 with value: 1.8281735809555621.
[I 2026-05-01 20:36:16,030] Trial 221 finished with value: 1.8496842144008154 and parameters: {'f_n': 1.1258103045204987e-07, 'K_d': 783984.1909938533, 'rho_d': 21574971775682.36, 'fission_rate': 7.422853900868054e+19, 'Dv_scale': 0.21906512024809618, 'Dg_scale': 1.858243228188913, 'D2_xe_scale': 0.21115032266386205, 'b_scale': 0.273791824071416, 'gb_scale': 2.748858596475951, 'gd_scale': 6.126438980501482, 'coalescence_d_scale': 6.90826347024666, 'capture_scale': 0.06721301098789222}. Best is trial 216 with value: 1.8281735809555621.
[I 2026-05-01 20:36:19,891] Trial 222 finished with value: 2.0051635526501204 and parameters: {'f_n': 1.1026442409737777e-07, 'K_d': 789336.5411297164, 'rho_d': 24680349767291.145, 'fission_rate': 7.431256656546632e+19, 'Dv_scale': 0.21963704172404605, 'Dg_scale': 1.7931627045842446, 'D2_xe_scale': 0.2186872717435155, 'b_scale': 0.275607011517758, 'gb_scale': 2.7164943663021495, 'gd_scale': 7.173039671137478, 'coalescence_d_scale': 6.543391612514957, 'capture_scale': 0.06064617633057622}. Best is trial 216 with value: 1.8281735809555621.
[I 2026-05-01 20:36:23,746] Trial 223 finished with value: 1.9174401226747104 and parameters: {'f_n': 1.372896168065221e-07, 'K_d': 670203.2544093895, 'rho_d': 20891668938263.816, 'fission_rate': 7.1781341325509165e+19, 'Dv_scale': 0.20893268681454003, 'Dg_scale': 1.521560185764037, 'D2_xe_scale': 0.2597915900779549, 'b_scale': 0.3150360420623644, 'gb_scale': 3.0019150877506786, 'gd_scale': 8.87662281693797, 'coalescence_d_scale': 5.423657128133033, 'capture_scale': 0.07004628732748085}. Best is trial 216 with value: 1.8281735809555621.
[I 2026-05-01 20:36:27,615] Trial 224 finished with value: 1.9265413090862116 and parameters: {'f_n': 1.8154540891003452e-07, 'K_d': 778908.8484530442, 'rho_d': 13852122662956.316, 'fission_rate': 7.396149052077112e+19, 'Dv_scale': 0.22080835303035007, 'Dg_scale': 1.6876292209267514, 'D2_xe_scale': 0.1726957967508977, 'b_scale': 0.25189832559952896, 'gb_scale': 2.676684453729641, 'gd_scale': 6.121271125471687, 'coalescence_d_scale': 4.945984413625041, 'capture_scale': 0.05071919286360722}. Best is trial 216 with value: 1.8281735809555621.Best trial: 216. Best value: 1.82817:  75%|███████▍  | 224/300 [15:37<04:45,  3.76s/it]Best trial: 216. Best value: 1.82817:  75%|███████▍  | 224/300 [15:37<04:45,  3.76s/it]Best trial: 216. Best value: 1.82817:  75%|███████▌  | 225/300 [15:37<04:44,  3.79s/it]                                                                                       Best trial: 216. Best value: 1.82817:  75%|███████▌  | 225/300 [15:41<04:44,  3.79s/it]Best trial: 216. Best value: 1.82817:  75%|███████▌  | 225/300 [15:41<04:44,  3.79s/it]Best trial: 216. Best value: 1.82817:  75%|███████▌  | 226/300 [15:41<04:44,  3.84s/it]                                                                                       Best trial: 216. Best value: 1.82817:  75%|███████▌  | 226/300 [15:45<04:44,  3.84s/it]Best trial: 216. Best value: 1.82817:  75%|███████▌  | 226/300 [15:45<04:44,  3.84s/it]Best trial: 216. Best value: 1.82817:  76%|███████▌  | 227/300 [15:45<04:40,  3.84s/it]                                                                                       Best trial: 216. Best value: 1.82817:  76%|███████▌  | 227/300 [15:48<04:40,  3.84s/it]Best trial: 216. Best value: 1.82817:  76%|███████▌  | 227/300 [15:48<04:40,  3.84s/it]Best trial: 216. Best value: 1.82817:  76%|███████▌  | 228/300 [15:48<04:14,  3.53s/it]                                                                                       Best trial: 216. Best value: 1.82817:  76%|███████▌  | 228/300 [15:52<04:14,  3.53s/it]Best trial: 216. Best value: 1.82817:  76%|███████▌  | 228/300 [15:52<04:14,  3.53s/it]Best trial: 216. Best value: 1.82817:  76%|███████▋  | 229/300 [15:52<04:19,  3.66s/it]                                                                                       Best trial: 216. Best value: 1.82817:  76%|███████▋  | 229/300 [15:56<04:19,  3.66s/it]Best trial: 216. Best value: 1.82817:  76%|███████▋  | 229/300 [15:56<04:19,  3.66s/it]Best trial: 216. Best value: 1.82817:  77%|███████▋  | 230/300 [15:56<04:18,  3.70s/it]                                                                                       Best trial: 216. Best value: 1.82817:  77%|███████▋  | 230/300 [15:59<04:18,  3.70s/it]Best trial: 216. Best value: 1.82817:  77%|███████▋  | 230/300 [15:59<04:18,  3.70s/it]Best trial: 216. Best value: 1.82817:  77%|███████▋  | 231/300 [15:59<04:17,  3.74s/it]                                                                                       Best trial: 216. Best value: 1.82817:  77%|███████▋  | 231/300 [16:03<04:17,  3.74s/it]Best trial: 216. Best value: 1.82817:  77%|███████▋  | 231/300 [16:03<04:17,  3.74s/it]Best trial: 216. Best value: 1.82817:  77%|███████▋  | 232/300 [16:03<04:17,  3.79s/it]                                                                                       Best trial: 216. Best value: 1.82817:  77%|███████▋  | 232/300 [16:07<04:17,  3.79s/it]Best trial: 216. Best value: 1.82817:  77%|███████▋  | 232/300 [16:07<04:17,  3.79s/it]Best trial: 216. Best value: 1.82817:  78%|███████▊  | 233/300 [16:07<04:18,  3.86s/it]                                                                                       Best trial: 216. Best value: 1.82817:  78%|███████▊  | 233/300 [16:11<04:18,  3.86s/it]Best trial: 216. Best value: 1.82817:  78%|███████▊  | 233/300 [16:11<04:18,  3.86s/it]Best trial: 216. Best value: 1.82817:  78%|███████▊  | 234/300 [16:11<04:15,  3.87s/it]                                                                                       Best trial: 216. Best value: 1.82817:  78%|███████▊  | 234/300 [16:15<04:15,  3.87s/it]Best trial: 216. Best value: 1.82817:  78%|███████▊  | 234/300 [16:15<04:15,  3.87s/it]Best trial: 216. Best value: 1.82817:  78%|███████▊  | 235/300 [16:15<04:11,  3.86s/it]                                                                                       Best trial: 216. Best value: 1.82817:  78%|███████▊  | 235/300 [16:19<04:11,  3.86s/it]Best trial: 216. Best value: 1.82817:  78%|███████▊  | 235/300 [16:19<04:11,  3.86s/it]Best trial: 216. Best value: 1.82817:  79%|███████▊  | 236/300 [16:19<03:58,  3.73s/it]                                                                                       Best trial: 216. Best value: 1.82817:  79%|███████▊  | 236/300 [16:22<03:58,  3.73s/it]Best trial: 216. Best value: 1.82817:  79%|███████▊  | 236/300 [16:23<03:58,  3.73s/it]Best trial: 216. Best value: 1.82817:  79%|███████▉  | 237/300 [16:23<03:58,  3.79s/it]                                                                                       Best trial: 216. Best value: 1.82817:  79%|███████▉  | 237/300 [16:27<03:58,  3.79s/it]Best trial: 216. Best value: 1.82817:  79%|███████▉  | 237/300 [16:27<03:58,  3.79s/it]Best trial: 216. Best value: 1.82817:  79%|███████▉  | 238/300 [16:27<04:03,  3.92s/it]                                                                                       Best trial: 216. Best value: 1.82817:  79%|███████▉  | 238/300 [16:31<04:03,  3.92s/it]Best trial: 216. Best value: 1.82817:  79%|███████▉  | 238/300 [16:31<04:03,  3.92s/it]Best trial: 216. Best value: 1.82817:  80%|███████▉  | 239/300 [16:31<03:59,  3.92s/it]                                                                                       Best trial: 216. Best value: 1.82817:  80%|███████▉  | 239/300 [16:34<03:59,  3.92s/it]Best trial: 216. Best value: 1.82817:  80%|███████▉  | 239/300 [16:35<03:59,  3.92s/it]Best trial: 216. Best value: 1.82817:  80%|████████  | 240/300 [16:35<03:54,  3.91s/it]                                                                                       
[I 2026-05-01 20:36:31,572] Trial 225 finished with value: 1.9382390413091704 and parameters: {'f_n': 7.654706412270008e-08, 'K_d': 730412.3351583784, 'rho_d': 15310183854822.121, 'fission_rate': 7.082501288122538e+19, 'Dv_scale': 0.20772906381359435, 'Dg_scale': 1.874149508881167, 'D2_xe_scale': 0.2986046002408201, 'b_scale': 0.3204957022290217, 'gb_scale': 1.8583216360423394, 'gd_scale': 7.036062412845584, 'coalescence_d_scale': 7.106488146378683, 'capture_scale': 0.06015105258439433}. Best is trial 216 with value: 1.8281735809555621.
[I 2026-05-01 20:36:35,401] Trial 226 finished with value: 1.926581507902575 and parameters: {'f_n': 9.893075529323234e-08, 'K_d': 686286.6765550168, 'rho_d': 16563808868863.473, 'fission_rate': 7.297202747728603e+19, 'Dv_scale': 0.2242780751649206, 'Dg_scale': 1.594212202042405, 'D2_xe_scale': 0.19350318957319712, 'b_scale': 0.27536966791489464, 'gb_scale': 2.3178912187937066, 'gd_scale': 7.987225648483247, 'coalescence_d_scale': 5.848023747045386, 'capture_scale': 0.0678217802238216}. Best is trial 216 with value: 1.8281735809555621.
