[I 2026-05-01 20:27:04,534] Trial 85 finished with value: 3.222065003174838 and parameters: {'f_n': 6.563671845652204e-07, 'K_d': 1074437.4053717013, 'rho_d': 9470100787353.004, 'fission_rate': 5.2171343183936635e+19, 'Dv_scale': 0.4700163610445839, 'Dg_scale': 1.0651890531409387, 'D2_xe_scale': 0.21863903425381295, 'b_scale': 0.17560904090709292, 'gb_scale': 7.040886848647789, 'gd_scale': 5.298108931776639, 'coalescence_d_scale': 0.2923318910053769, 'capture_scale': 0.20062224357819947}. Best is trial 63 with value: 2.06857306140008.
[I 2026-05-01 20:27:09,311] Trial 86 finished with value: 3.139940674796602 and parameters: {'f_n': 3.6956908106821023e-07, 'K_d': 1297232.0696251409, 'rho_d': 8475914285402.183, 'fission_rate': 6.536629843620346e+19, 'Dv_scale': 0.7880665592579732, 'Dg_scale': 2.265329628648737, 'D2_xe_scale': 0.19100784951596045, 'b_scale': 0.059632373090986644, 'gb_scale': 3.1550500067478464, 'gd_scale': 7.088015531827864, 'coalescence_d_scale': 11.181498030550715, 'capture_scale': 0.08731522671774886}. Best is trial 63 with value: 2.06857306140008.
[I 2026-05-01 20:27:12,283] Trial 87 finished with value: 2.9324602000813806 and parameters: {'f_n': 1.8990088095383474e-07, 'K_d': 804299.183345248, 'rho_d': 11365836500421.559, 'fission_rate': 7.039379618304571e+19, 'Dv_scale': 0.6953789415133408, 'Dg_scale': 1.9217562658546827, 'D2_xe_scale': 0.57240118709056, 'b_scale': 0.0767930867707844, 'gb_scale': 5.2607448576112965, 'gd_scale': 9.674900182944816, 'coalescence_d_scale': 0.1423786640608779, 'capture_scale': 0.11816335555155785}. Best is trial 63 with value: 2.06857306140008.
[I 2026-05-01 20:27:16,350] Trial 88 finished with value: 1.96553262706849 and parameters: {'f_n': 1.3094985918941074e-06, 'K_d': 1400684.4167309734, 'rho_d': 7562268804445.8955, 'fission_rate': 6.8207752802275344e+19, 'Dv_scale': 0.5158462310385716, 'Dg_scale': 2.7567941771199327, 'D2_xe_scale': 0.25555788376533006, 'b_scale': 0.08555219154548356, 'gb_scale': 1.794882330226876, 'gd_scale': 7.683413359146906, 'coalescence_d_scale': 3.868833744136354, 'capture_scale': 0.04842837873160925}. Best is trial 88 with value: 1.96553262706849.
[I 2026-05-01 20:27:20,339] Trial 89 finished with value: 2.4807394909493894 and parameters: {'f_n': 1.3812666148497293e-06, 'K_d': 1047939.7791209316, 'rho_d': 7697506282572.492, 'fission_rate': 6.804511761227784e+19, 'Dv_scale': 0.6583136378936773, 'Dg_scale': 1.5907200191538167, 'D2_xe_scale': 0.14339562271817152, 'b_scale': 0.08973289103063302, 'gb_scale': 0.8968283418890703, 'gd_scale': 7.643482960674681, 'coalescence_d_scale': 7.3345194565095095, 'capture_scale': 0.04128109089059591}. Best is trial 88 with value: 1.96553262706849.
[I 2026-05-01 20:27:24,653] Trial 90 finished with value: 2.0608254458305337 and parameters: {'f_n': 2.0052357799110786e-06, 'K_d': 1229845.9275513503, 'rho_d': 7107671523358.521, 'fission_rate': 6.296022321187752e+19, 'Dv_scale': 0.5143576512268644, 'Dg_scale': 3.3091435443100803, 'D2_xe_scale': 0.2768395873622959, 'b_scale': 0.07257547584322567, 'gb_scale': 0.7789521579842302, 'gd_scale': 6.133956981261866, 'coalescence_d_scale': 4.0157753152160796, 'capture_scale': 0.04807710080142705}. Best is trial 88 with value: 1.96553262706849.
[I 2026-05-01 20:27:28,877] Trial 91 finished with value: 2.686963575923976 and parameters: {'f_n': 2.4625000235095216e-06, 'K_d': 1226790.1854043705, 'rho_d': 6244680731725.682, 'fission_rate': 6.2964111922447696e+19, 'Dv_scale': 0.5160860721439785, 'Dg_scale': 3.26888841490253, 'D2_xe_scale': 0.2565784787067692, 'b_scale': 0.06866899584164186, 'gb_scale': 0.5132645307688506, 'gd_scale': 6.071172557886632, 'coalescence_d_scale': 9.925657576708343, 'capture_scale': 0.05603976932402232}. Best is trial 88 with value: 1.96553262706849.
[I 2026-05-01 20:27:33,023] Trial 92 finished with value: 2.100898328477563 and parameters: {'f_n': 2.954522207309778e-06, 'K_d': 1131713.8897775863, 'rho_d': 8605334378074.324, 'fission_rate': 6.614398090311993e+19, 'Dv_scale': 0.5522496858219387, 'Dg_scale': 2.7709447847368747, 'D2_xe_scale': 0.277309128101312, 'b_scale': 0.10801760387797102, 'gb_scale': 0.7493404265497271, 'gd_scale': 7.370909954796627, 'coalescence_d_scale': 3.740985369696462, 'capture_scale': 0.031181198588695672}. Best is trial 88 with value: 1.96553262706849.
[I 2026-05-01 20:27:37,255] Trial 93 finished with value: 2.0716752626471635 and parameters: {'f_n': 2.9727875461248976e-06, 'K_d': 1137765.9037210112, 'rho_d': 7278502020730.651, 'fission_rate': 6.6124291028703986e+19, 'Dv_scale': 0.5460556242025727, 'Dg_scale': 2.760477061346455, 'D2_xe_scale': 0.11702854616055523, 'b_scale': 0.08435966760754965, 'gb_scale': 0.6115830633305618, 'gd_scale': 4.7732553630999774, 'coalescence_d_scale': 5.599797595123055, 'capture_scale': 0.032296288482961004}. Best is trial 88 with value: 1.96553262706849.
[I 2026-05-01 20:27:41,419] Trial 94 finished with value: 2.9813980553462383 and parameters: {'f_n': 2.9493227267996926e-06, 'K_d': 936017.3856408081, 'rho_d': 6235362869924.044, 'fission_rate': 6.6180049005700735e+19, 'Dv_scale': 0.562944693135031, 'Dg_scale': 3.595608754315701, 'D2_xe_scale': 0.07208552633950836, 'b_scale': 0.08118296893497456, 'gb_scale': 0.7568527480739745, 'gd_scale': 2.510839363350032, 'coalescence_d_scale': 3.702178540332075, 'capture_scale': 0.02126187590921903}. Best is trial 88 with value: 1.96553262706849.
[I 2026-05-01 20:27:44,994] Trial 95 finished with value: 2.0843504218233715 and parameters: {'f_n': 2.116271015025642e-06, 'K_d': 1407499.3676302228, 'rho_d': 7252108210762.582, 'fission_rate': 6.119594128949746e+19, 'Dv_scale': 0.468794149658682, 'Dg_scale': 3.988085628879173, 'D2_xe_scale': 0.05349180663640504, 'b_scale': 0.05564919066278105, 'gb_scale': 0.42229364919736107, 'gd_scale': 4.229676110171175, 'coalescence_d_scale': 2.9915313730094684, 'capture_scale': 0.017934017424507523}. Best is trial 88 with value: 1.96553262706849.
[I 2026-05-01 20:27:49,510] Trial 96 finished with value: 1.9984389572033723 and parameters: {'f_n': 2.032676350774977e-06, 'K_d': 1398339.9884879612, 'rho_d': 7084770194781.615, 'fission_rate': 6.146510793339116e+19, 'Dv_scale': 0.47123623261343717, 'Dg_scale': 3.927774688845538, 'D2_xe_scale': 0.05467317643745165, 'b_scale': 0.05724075293093651, 'gb_scale': 0.4180712034467202, 'gd_scale': 3.6136149928777908, 'coalescence_d_scale': 5.245781973634992, 'capture_scale': 0.017810165268873707}. Best is trial 88 with value: 1.96553262706849.
[I 2026-05-01 20:27:54,010] Trial 97 finished with value: 1.937541424318744 and parameters: {'f_n': 2.060420224175444e-06, 'K_d': 1365741.8023539279, 'rho_d': 7012001564579.607, 'fission_rate': 6.136958000927349e+19, 'Dv_scale': 0.42601196989700624, 'Dg_scale': 3.850005917004259, 'D2_xe_scale': 0.060091375502090594, 'b_scale': 0.05290117174950773, 'gb_scale': 0.3909822243947615, 'gd_scale': 2.931907139516651, 'coalescence_d_scale': 2.9633187360487625, 'capture_scale': 0.018561821693532057}. Best is trial 97 with value: 1.937541424318744.Best trial: 88. Best value: 1.96553:  32%|███▏      | 97/300 [07:04<14:02,  4.15s/it]Best trial: 97. Best value: 1.93754:  32%|███▏      | 97/300 [07:04<14:02,  4.15s/it]Best trial: 97. Best value: 1.93754:  33%|███▎      | 98/300 [07:04<14:19,  4.26s/it]                                                                                     Best trial: 97. Best value: 1.93754:  33%|███▎      | 98/300 [07:08<14:19,  4.26s/it]Best trial: 97. Best value: 1.93754:  33%|███▎      | 98/300 [07:08<14:19,  4.26s/it]Best trial: 97. Best value: 1.93754:  33%|███▎      | 99/300 [07:08<14:37,  4.37s/it]                                                                                     Best trial: 97. Best value: 1.93754:  33%|███▎      | 99/300 [07:13<14:37,  4.37s/it]Best trial: 97. Best value: 1.93754:  33%|███▎      | 99/300 [07:13<14:37,  4.37s/it]Best trial: 97. Best value: 1.93754:  33%|███▎      | 100/300 [07:13<14:46,  4.43s/it]                                                                                      Best trial: 97. Best value: 1.93754:  33%|███▎      | 100/300 [07:17<14:46,  4.43s/it]Best trial: 97. Best value: 1.93754:  33%|███▎      | 100/300 [07:17<14:46,  4.43s/it]Best trial: 97. Best value: 1.93754:  34%|███▎      | 101/300 [07:17<14:45,  4.45s/it]                                                                                      Best trial: 97. Best value: 1.93754:  34%|███▎      | 101/300 [07:22<14:45,  4.45s/it]Best trial: 97. Best value: 1.93754:  34%|███▎      | 101/300 [07:22<14:45,  4.45s/it]Best trial: 97. Best value: 1.93754:  34%|███▍      | 102/300 [07:22<14:36,  4.42s/it]                                                                                      Best trial: 97. Best value: 1.93754:  34%|███▍      | 102/300 [07:25<14:36,  4.42s/it]Best trial: 97. Best value: 1.93754:  34%|███▍      | 102/300 [07:25<14:36,  4.42s/it]Best trial: 97. Best value: 1.93754:  34%|███▍      | 103/300 [07:25<13:41,  4.17s/it]                                                                                      Best trial: 97. Best value: 1.93754:  34%|███▍      | 103/300 [07:30<13:41,  4.17s/it]Best trial: 97. Best value: 1.93754:  34%|███▍      | 103/300 [07:30<13:41,  4.17s/it]Best trial: 97. Best value: 1.93754:  35%|███▍      | 104/300 [07:30<14:02,  4.30s/it]                                                                                      Best trial: 97. Best value: 1.93754:  35%|███▍      | 104/300 [07:34<14:02,  4.30s/it]Best trial: 97. Best value: 1.93754:  35%|███▍      | 104/300 [07:34<14:02,  4.30s/it]Best trial: 97. Best value: 1.93754:  35%|███▌      | 105/300 [07:34<14:05,  4.33s/it]                                                                                      Best trial: 97. Best value: 1.93754:  35%|███▌      | 105/300 [07:39<14:05,  4.33s/it]Best trial: 97. Best value: 1.93754:  35%|███▌      | 105/300 [07:39<14:05,  4.33s/it]Best trial: 97. Best value: 1.93754:  35%|███▌      | 106/300 [07:39<14:12,  4.39s/it]                                                                                      Best trial: 97. Best value: 1.93754:  35%|███▌      | 106/300 [07:43<14:12,  4.39s/it]Best trial: 97. Best value: 1.93754:  35%|███▌      | 106/300 [07:43<14:12,  4.39s/it]Best trial: 97. Best value: 1.93754:  36%|███▌      | 107/300 [07:43<14:10,  4.41s/it]                                                                                      Best trial: 97. Best value: 1.93754:  36%|███▌      | 107/300 [07:48<14:10,  4.41s/it]Best trial: 97. Best value: 1.93754:  36%|███▌      | 107/300 [07:48<14:10,  4.41s/it]Best trial: 97. Best value: 1.93754:  36%|███▌      | 108/300 [07:48<14:15,  4.46s/it]                                                                                      Best trial: 97. Best value: 1.93754:  36%|███▌      | 108/300 [07:52<14:15,  4.46s/it]Best trial: 97. Best value: 1.93754:  36%|███▌      | 108/300 [07:52<14:15,  4.46s/it]Best trial: 97. Best value: 1.93754:  36%|███▋      | 109/300 [07:52<14:18,  4.49s/it]                                                                                      Best trial: 97. Best value: 1.93754:  36%|███▋      | 109/300 [07:56<14:18,  4.49s/it]Best trial: 97. Best value: 1.93754:  36%|███▋      | 109/300 [07:56<14:18,  4.49s/it]Best trial: 97. Best value: 1.93754:  37%|███▋      | 110/300 [07:56<13:17,  4.20s/it]                                                                                      Best trial: 97. Best value: 1.93754:  37%|███▋      | 110/300 [08:00<13:17,  4.20s/it]Best trial: 97. Best value: 1.93754:  37%|███▋      | 110/300 [08:01<13:17,  4.20s/it]Best trial: 97. Best value: 1.93754:  37%|███▋      | 111/300 [08:01<13:31,  4.29s/it]                                                                                      Best trial: 97. Best value: 1.93754:  37%|███▋      | 111/300 [08:05<13:31,  4.29s/it]Best trial: 97. Best value: 1.93754:  37%|███▋      | 111/300 [08:05<13:31,  4.29s/it]Best trial: 97. Best value: 1.93754:  37%|███▋      | 112/300 [08:05<13:59,  4.46s/it]                                                                                      Best trial: 97. Best value: 1.93754:  37%|███▋      | 112/300 [08:10<13:59,  4.46s/it]Best trial: 97. Best value: 1.93754:  37%|███▋      | 112/300 [08:10<13:59,  4.46s/it]Best trial: 97. Best value: 1.93754:  38%|███▊      | 113/300 [08:10<14:13,  4.56s/it]                                                                                      
[I 2026-05-01 20:27:58,647] Trial 98 finished with value: 1.9492139561336885 and parameters: {'f_n': 2.0378487413669032e-06, 'K_d': 1426581.6411804692, 'rho_d': 7247212346748.461, 'fission_rate': 6.062271899609968e+19, 'Dv_scale': 0.4497900385464536, 'Dg_scale': 3.944479069880605, 'D2_xe_scale': 0.05492758948638489, 'b_scale': 0.05713663391796455, 'gb_scale': 0.3839598256201207, 'gd_scale': 2.9203875376540194, 'coalescence_d_scale': 4.449184957577472, 'capture_scale': 0.011523758347986154}. Best is trial 97 with value: 1.937541424318744.
[I 2026-05-01 20:28:03,236] Trial 99 finished with value: 1.954524885475318 and parameters: {'f_n': 2.036745849677951e-06, 'K_d': 1406759.5255324484, 'rho_d': 6978992507352.717, 'fission_rate': 6.011349011706494e+19, 'Dv_scale': 0.40732093413010645, 'Dg_scale': 3.993063005101412, 'D2_xe_scale': 0.05283600638340308, 'b_scale': 0.050559939644658075, 'gb_scale': 0.4273333531094663, 'gd_scale': 2.9508949663325774, 'coalescence_d_scale': 4.546570883384072, 'capture_scale': 0.010472592362832678}. Best is trial 97 with value: 1.937541424318744.
[I 2026-05-01 20:28:07,710] Trial 100 finished with value: 1.942426231295378 and parameters: {'f_n': 2.049075204828412e-06, 'K_d': 1413765.9091637577, 'rho_d': 7178591807152.038, 'fission_rate': 6.0765212559675515e+19, 'Dv_scale': 0.42935138242877274, 'Dg_scale': 3.861371267284197, 'D2_xe_scale': 0.050243735175232805, 'b_scale': 0.05023997569475927, 'gb_scale': 0.3535823595827034, 'gd_scale': 2.8920694900211674, 'coalescence_d_scale': 4.563315609929846, 'capture_scale': 0.011394871884957233}. Best is trial 97 with value: 1.937541424318744.
[I 2026-05-01 20:28:12,082] Trial 101 finished with value: 1.9532898884198466 and parameters: {'f_n': 2.0995205819857333e-06, 'K_d': 1375384.601283532, 'rho_d': 7196811106635.124, 'fission_rate': 6.092074781632661e+19, 'Dv_scale': 0.41475782985348775, 'Dg_scale': 3.95678523386515, 'D2_xe_scale': 0.05483257973783823, 'b_scale': 0.05006852828088133, 'gb_scale': 0.3949298209560153, 'gd_scale': 2.8373613162123332, 'coalescence_d_scale': 4.686065323642813, 'capture_scale': 0.01044509992650828}. Best is trial 97 with value: 1.937541424318744.
[I 2026-05-01 20:28:15,663] Trial 102 finished with value: 1.9475925448777558 and parameters: {'f_n': 1.9896967351684464e-06, 'K_d': 1413923.3846699724, 'rho_d': 7084679841202.809, 'fission_rate': 6.169633456697257e+19, 'Dv_scale': 0.4128843916166954, 'Dg_scale': 3.7036616385856576, 'D2_xe_scale': 0.05368701778482905, 'b_scale': 0.05050705989705581, 'gb_scale': 0.4144753124681423, 'gd_scale': 2.9722473521517414, 'coalescence_d_scale': 4.651472228899303, 'capture_scale': 0.011523048469117132}. Best is trial 97 with value: 1.937541424318744.
[I 2026-05-01 20:28:20,249] Trial 103 finished with value: 2.1700216222089903 and parameters: {'f_n': 1.7282728195720407e-06, 'K_d': 1313122.5880611169, 'rho_d': 6576978982145.884, 'fission_rate': 6.066893909589436e+19, 'Dv_scale': 0.3638325981127278, 'Dg_scale': 3.5797925831086497, 'D2_xe_scale': 0.059615680094461845, 'b_scale': 0.05044533712270979, 'gb_scale': 0.35923854635089136, 'gd_scale': 2.1630259144335584, 'coalescence_d_scale': 4.587459520281479, 'capture_scale': 0.010304599711129849}. Best is trial 97 with value: 1.937541424318744.
[I 2026-05-01 20:28:24,673] Trial 104 finished with value: 3.1996806403175824 and parameters: {'f_n': 1.397294436370822e-06, 'K_d': 1426564.961523104, 'rho_d': 5745861379160.683, 'fission_rate': 6.192384002893296e+19, 'Dv_scale': 0.41057686064674725, 'Dg_scale': 3.8273713852603004, 'D2_xe_scale': 0.07122826344913927, 'b_scale': 0.059914168703549014, 'gb_scale': 0.5638921910960432, 'gd_scale': 1.5550867558429602, 'coalescence_d_scale': 6.071224608781237, 'capture_scale': 0.010492084470774644}. Best is trial 97 with value: 1.937541424318744.
[I 2026-05-01 20:28:29,207] Trial 105 finished with value: 1.9697919783493505 and parameters: {'f_n': 2.277802220280174e-06, 'K_d': 1364623.1963750594, 'rho_d': 7051293046303.532, 'fission_rate': 5.980731497865918e+19, 'Dv_scale': 0.4344206092751812, 'Dg_scale': 3.202733718238316, 'D2_xe_scale': 0.09469397252021608, 'b_scale': 0.050250360450247736, 'gb_scale': 0.30072857729846025, 'gd_scale': 2.8600377855937347, 'coalescence_d_scale': 5.047149192119648, 'capture_scale': 0.012928797828550203}. Best is trial 97 with value: 1.937541424318744.
[I 2026-05-01 20:28:33,653] Trial 106 finished with value: 1.9610977052503198 and parameters: {'f_n': 2.3023811591793627e-06, 'K_d': 1335355.0709578535, 'rho_d': 8008432729827.3, 'fission_rate': 5.952901162112146e+19, 'Dv_scale': 0.43239266759889083, 'Dg_scale': 3.2433788427109174, 'D2_xe_scale': 0.08287028784812904, 'b_scale': 0.05089971803906939, 'gb_scale': 0.2926410998988591, 'gd_scale': 2.9474222862255797, 'coalescence_d_scale': 4.5521073734577575, 'capture_scale': 0.012477733638117742}. Best is trial 97 with value: 1.937541424318744.
[I 2026-05-01 20:28:38,214] Trial 107 finished with value: 2.0863113588619115 and parameters: {'f_n': 2.161172123086228e-06, 'K_d': 1497158.432128782, 'rho_d': 5970942324222.849, 'fission_rate': 5.990302262873227e+19, 'Dv_scale': 0.33572912811905464, 'Dg_scale': 3.2014625134880728, 'D2_xe_scale': 0.08450330500424064, 'b_scale': 0.050144330477232726, 'gb_scale': 0.43945779540696217, 'gd_scale': 3.0020488156960092, 'coalescence_d_scale': 4.403020768522867, 'capture_scale': 0.012595594704136636}. Best is trial 97 with value: 1.937541424318744.
[I 2026-05-01 20:28:42,800] Trial 108 finished with value: 2.1318645850503835 and parameters: {'f_n': 2.292142278084507e-06, 'K_d': 1362264.108608934, 'rho_d': 6872621725309.196, 'fission_rate': 5.794170975357254e+19, 'Dv_scale': 0.42545980428546054, 'Dg_scale': 3.7480148707386913, 'D2_xe_scale': 0.061847227283357654, 'b_scale': 0.05666178105199235, 'gb_scale': 0.30280958445664824, 'gd_scale': 2.137251954930808, 'coalescence_d_scale': 5.076341309713729, 'capture_scale': 0.01579043949319856}. Best is trial 97 with value: 1.937541424318744.
[I 2026-05-01 20:28:46,304] Trial 109 finished with value: 1.9489128094092958 and parameters: {'f_n': 1.767112734896388e-06, 'K_d': 1328381.0485774896, 'rho_d': 7888564654053.129, 'fission_rate': 6.301934680223733e+19, 'Dv_scale': 0.3906642711361804, 'Dg_scale': 3.339021383971855, 'D2_xe_scale': 0.05239964496853925, 'b_scale': 0.0711895767204567, 'gb_scale': 0.22863734078542916, 'gd_scale': 2.672765808078005, 'coalescence_d_scale': 2.6055322507463217, 'capture_scale': 0.011817216827250657}. Best is trial 97 with value: 1.937541424318744.
[I 2026-05-01 20:28:50,819] Trial 110 finished with value: 2.0335674099708996 and parameters: {'f_n': 1.2798309044526657e-06, 'K_d': 1337619.6235672403, 'rho_d': 7949055293365.664, 'fission_rate': 6.0056959564869984e+19, 'Dv_scale': 0.3920316499820068, 'Dg_scale': 3.0284568544018966, 'D2_xe_scale': 0.05049999557571873, 'b_scale': 0.06248824102026373, 'gb_scale': 0.22591083552473187, 'gd_scale': 2.8191526521986803, 'coalescence_d_scale': 2.6888577266810336, 'capture_scale': 0.012919317131147535}. Best is trial 97 with value: 1.937541424318744.
[I 2026-05-01 20:28:55,684] Trial 111 finished with value: 2.093741169510678 and parameters: {'f_n': 1.3875327134736344e-06, 'K_d': 1351139.5828329506, 'rho_d': 7900378439178.689, 'fission_rate': 5.6641589555790586e+19, 'Dv_scale': 0.39767417942610683, 'Dg_scale': 3.998210856953706, 'D2_xe_scale': 0.05038563253893355, 'b_scale': 0.050173511312383186, 'gb_scale': 0.22901565769571172, 'gd_scale': 2.671638628820677, 'coalescence_d_scale': 3.099317006140013, 'capture_scale': 0.012308626289336278}. Best is trial 97 with value: 1.937541424318744.
[I 2026-05-01 20:29:00,468] Trial 112 finished with value: 1.969833726074564 and parameters: {'f_n': 1.693876204533189e-06, 'K_d': 1433668.53972493, 'rho_d': 6406853356727.748, 'fission_rate': 5.9277852140403335e+19, 'Dv_scale': 0.3782322492053425, 'Dg_scale': 2.9944603543437256, 'D2_xe_scale': 0.06260659781880358, 'b_scale': 0.06265000463134553, 'gb_scale': 0.388257965100299, 'gd_scale': 3.1523085976170133, 'coalescence_d_scale': 2.5848102092431975, 'capture_scale': 0.018667630204079643}. Best is trial 97 with value: 1.937541424318744.
