[I 2026-05-01 20:25:36,067] Trial 65 finished with value: 2.36510580688013 and parameters: {'f_n': 1.1415344182890563e-06, 'K_d': 725507.2675658363, 'rho_d': 6752324143803.781, 'fission_rate': 4.820040651112726e+19, 'Dv_scale': 0.8214183102832001, 'Dg_scale': 2.107897077434014, 'D2_xe_scale': 0.2410065775560589, 'b_scale': 0.06855004379384079, 'gb_scale': 5.77725402415095, 'gd_scale': 6.815882471719919, 'coalescence_d_scale': 0.12828154611212544, 'capture_scale': 0.02532418417381352}. Best is trial 63 with value: 2.06857306140008.Best trial: 63. Best value: 2.06857:  22%|██▏       | 65/300 [04:46<20:32,  5.24s/it]Best trial: 63. Best value: 2.06857:  22%|██▏       | 65/300 [04:46<20:32,  5.24s/it]Best trial: 63. Best value: 2.06857:  22%|██▏       | 66/300 [04:46<20:41,  5.30s/it]                                                                                     Best trial: 63. Best value: 2.06857:  22%|██▏       | 66/300 [04:50<20:41,  5.30s/it]Best trial: 63. Best value: 2.06857:  22%|██▏       | 66/300 [04:50<20:41,  5.30s/it]Best trial: 63. Best value: 2.06857:  22%|██▏       | 67/300 [04:50<19:23,  4.99s/it]                                                                                     Best trial: 63. Best value: 2.06857:  22%|██▏       | 67/300 [04:54<19:23,  4.99s/it]Best trial: 63. Best value: 2.06857:  22%|██▏       | 67/300 [04:54<19:23,  4.99s/it]Best trial: 63. Best value: 2.06857:  23%|██▎       | 68/300 [04:54<18:34,  4.80s/it]                                                                                     Best trial: 63. Best value: 2.06857:  23%|██▎       | 68/300 [05:00<18:34,  4.80s/it]Best trial: 63. Best value: 2.06857:  23%|██▎       | 68/300 [05:00<18:34,  4.80s/it]Best trial: 63. Best value: 2.06857:  23%|██▎       | 69/300 [05:00<19:23,  5.04s/it]                                                                                     Best trial: 63. Best value: 2.06857:  23%|██▎       | 69/300 [05:05<19:23,  5.04s/it]Best trial: 63. Best value: 2.06857:  23%|██▎       | 69/300 [05:05<19:23,  5.04s/it]Best trial: 63. Best value: 2.06857:  23%|██▎       | 70/300 [05:05<19:49,  5.17s/it]                                                                                     Best trial: 63. Best value: 2.06857:  23%|██▎       | 70/300 [05:11<19:49,  5.17s/it]Best trial: 63. Best value: 2.06857:  23%|██▎       | 70/300 [05:11<19:49,  5.17s/it]Best trial: 63. Best value: 2.06857:  24%|██▎       | 71/300 [05:11<19:53,  5.21s/it]                                                                                     Best trial: 63. Best value: 2.06857:  24%|██▎       | 71/300 [05:15<19:53,  5.21s/it]Best trial: 63. Best value: 2.06857:  24%|██▎       | 71/300 [05:15<19:53,  5.21s/it]Best trial: 63. Best value: 2.06857:  24%|██▍       | 72/300 [05:15<18:14,  4.80s/it]                                                                                     Best trial: 63. Best value: 2.06857:  24%|██▍       | 72/300 [05:18<18:14,  4.80s/it]Best trial: 63. Best value: 2.06857:  24%|██▍       | 72/300 [05:19<18:14,  4.80s/it]Best trial: 63. Best value: 2.06857:  24%|██▍       | 73/300 [05:19<17:09,  4.54s/it]                                                                                     Best trial: 63. Best value: 2.06857:  24%|██▍       | 73/300 [05:22<17:09,  4.54s/it]Best trial: 63. Best value: 2.06857:  24%|██▍       | 73/300 [05:22<17:09,  4.54s/it]Best trial: 63. Best value: 2.06857:  25%|██▍       | 74/300 [05:22<15:25,  4.09s/it]                                                                                     Best trial: 63. Best value: 2.06857:  25%|██▍       | 74/300 [05:25<15:25,  4.09s/it]Best trial: 63. Best value: 2.06857:  25%|██▍       | 74/300 [05:25<15:25,  4.09s/it]Best trial: 63. Best value: 2.06857:  25%|██▌       | 75/300 [05:25<15:04,  4.02s/it]                                                                                     Best trial: 63. Best value: 2.06857:  25%|██▌       | 75/300 [05:30<15:04,  4.02s/it]Best trial: 63. Best value: 2.06857:  25%|██▌       | 75/300 [05:30<15:04,  4.02s/it]Best trial: 63. Best value: 2.06857:  25%|██▌       | 76/300 [05:30<16:10,  4.33s/it]                                                                                     Best trial: 63. Best value: 2.06857:  25%|██▌       | 76/300 [05:35<16:10,  4.33s/it]Best trial: 63. Best value: 2.06857:  25%|██▌       | 76/300 [05:35<16:10,  4.33s/it]Best trial: 63. Best value: 2.06857:  26%|██▌       | 77/300 [05:35<16:20,  4.40s/it]                                                                                     Best trial: 63. Best value: 2.06857:  26%|██▌       | 77/300 [05:40<16:20,  4.40s/it]Best trial: 63. Best value: 2.06857:  26%|██▌       | 77/300 [05:40<16:20,  4.40s/it]Best trial: 63. Best value: 2.06857:  26%|██▌       | 78/300 [05:40<17:16,  4.67s/it]                                                                                     Best trial: 63. Best value: 2.06857:  26%|██▌       | 78/300 [05:45<17:16,  4.67s/it]Best trial: 63. Best value: 2.06857:  26%|██▌       | 78/300 [05:45<17:16,  4.67s/it]Best trial: 63. Best value: 2.06857:  26%|██▋       | 79/300 [05:45<17:29,  4.75s/it]                                                                                     Best trial: 63. Best value: 2.06857:  26%|██▋       | 79/300 [05:50<17:29,  4.75s/it]Best trial: 63. Best value: 2.06857:  26%|██▋       | 79/300 [05:50<17:29,  4.75s/it]Best trial: 63. Best value: 2.06857:  27%|██▋       | 80/300 [05:50<17:20,  4.73s/it]                                                                                     Best trial: 63. Best value: 2.06857:  27%|██▋       | 80/300 [05:53<17:20,  4.73s/it]Best trial: 63. Best value: 2.06857:  27%|██▋       | 80/300 [05:53<17:20,  4.73s/it]Best trial: 63. Best value: 2.06857:  27%|██▋       | 81/300 [05:53<15:44,  4.31s/it]                                                                                     
[I 2026-05-01 20:25:40,332] Trial 66 finished with value: 4.5762107757915365 and parameters: {'f_n': 7.482357908279359e-07, 'K_d': 1166575.4843019766, 'rho_d': 8359275233817.662, 'fission_rate': 5.333253556167996e+19, 'Dv_scale': 0.7167179028069421, 'Dg_scale': 2.6487387720221442, 'D2_xe_scale': 0.584979894860518, 'b_scale': 0.18532660403999565, 'gb_scale': 7.810110031482436, 'gd_scale': 0.18996487078966964, 'coalescence_d_scale': 0.23062509444862656, 'capture_scale': 0.4762333230531828}. Best is trial 63 with value: 2.06857306140008.
[I 2026-05-01 20:25:44,697] Trial 67 finished with value: 2.757899921759317 and parameters: {'f_n': 1.89222607064199e-06, 'K_d': 1059172.8915666484, 'rho_d': 14604632010726.145, 'fission_rate': 6.145830811806448e+19, 'Dv_scale': 1.0807409922882798, 'Dg_scale': 1.3209231072339072, 'D2_xe_scale': 0.26282793460632026, 'b_scale': 0.05450359306003896, 'gb_scale': 3.5653914400592503, 'gd_scale': 8.32020731009579, 'coalescence_d_scale': 0.5646696434303992, 'capture_scale': 0.18228691227952593}. Best is trial 63 with value: 2.06857306140008.
[I 2026-05-01 20:25:50,276] Trial 68 finished with value: 4.369398245449288 and parameters: {'f_n': 1.8007560070431094e-08, 'K_d': 931311.6290750928, 'rho_d': 13611092546734.988, 'fission_rate': 4.645799608006975e+19, 'Dv_scale': 0.939895046147628, 'Dg_scale': 2.6696192836864903, 'D2_xe_scale': 0.10122683779832699, 'b_scale': 0.09325046307434001, 'gb_scale': 2.2796015091925983, 'gd_scale': 5.010108564414539, 'coalescence_d_scale': 0.34165156832027765, 'capture_scale': 0.1240191654657554}. Best is trial 63 with value: 2.06857306140008.
[I 2026-05-01 20:25:55,761] Trial 69 finished with value: 3.105806645701541 and parameters: {'f_n': 2.313312359337522e-07, 'K_d': 1202697.5445725245, 'rho_d': 16266524461284.588, 'fission_rate': 5.132477457572655e+19, 'Dv_scale': 0.6270916751042382, 'Dg_scale': 3.4812607447768196, 'D2_xe_scale': 0.46117263582331497, 'b_scale': 1.1359617999135119, 'gb_scale': 6.980073065732009, 'gd_scale': 7.046263953039474, 'coalescence_d_scale': 0.880811640015521, 'capture_scale': 0.34529343963438497}. Best is trial 63 with value: 2.06857306140008.
[I 2026-05-01 20:26:01,072] Trial 70 finished with value: 3.8175439261289434 and parameters: {'f_n': 1.1667350536560153e-06, 'K_d': 1392627.3963619357, 'rho_d': 12495282889079.613, 'fission_rate': 4.931813767849096e+19, 'Dv_scale': 0.8198482720967492, 'Dg_scale': 1.149155245768981, 'D2_xe_scale': 0.8304695996988832, 'b_scale': 0.4282282894782025, 'gb_scale': 4.6582717981368855, 'gd_scale': 3.3873301995124847, 'coalescence_d_scale': 0.16521237087529664, 'capture_scale': 0.05519165120647062}. Best is trial 63 with value: 2.06857306140008.
[I 2026-05-01 20:26:04,918] Trial 71 finished with value: 2.15260315001237 and parameters: {'f_n': 6.912310221203579e-07, 'K_d': 855049.2244199731, 'rho_d': 11306738307682.81, 'fission_rate': 6.954487899313678e+19, 'Dv_scale': 0.7247131412867456, 'Dg_scale': 1.699234405800259, 'D2_xe_scale': 0.4017238734854718, 'b_scale': 0.10427550376209384, 'gb_scale': 5.801736263198008, 'gd_scale': 8.661264957048807, 'coalescence_d_scale': 0.18330666246430352, 'capture_scale': 0.10112553441144487}. Best is trial 63 with value: 2.06857306140008.
[I 2026-05-01 20:26:08,836] Trial 72 finished with value: 2.19827780612126 and parameters: {'f_n': 7.919821157084157e-07, 'K_d': 1000512.0029150563, 'rho_d': 10572968828060.895, 'fission_rate': 6.8998433886461166e+19, 'Dv_scale': 0.7282973284813392, 'Dg_scale': 1.7253777008261153, 'D2_xe_scale': 0.4174301761554713, 'b_scale': 0.1470830104512017, 'gb_scale': 5.7787273934556325, 'gd_scale': 8.554046289721331, 'coalescence_d_scale': 0.11932850189277469, 'capture_scale': 0.15163891498221185}. Best is trial 63 with value: 2.06857306140008.
[I 2026-05-01 20:26:11,892] Trial 73 finished with value: 2.796298729198731 and parameters: {'f_n': 6.503380646898881e-07, 'K_d': 741261.9439432852, 'rho_d': 8794293634339.493, 'fission_rate': 7.019976193143514e+19, 'Dv_scale': 0.525763418053305, 'Dg_scale': 1.4229812734867036, 'D2_xe_scale': 0.6519027107653854, 'b_scale': 0.11054773822756502, 'gb_scale': 6.639323493504485, 'gd_scale': 5.772806473629359, 'coalescence_d_scale': 0.14382258381482838, 'capture_scale': 0.09689639199297326}. Best is trial 63 with value: 2.06857306140008.
[I 2026-05-01 20:26:15,720] Trial 74 finished with value: 3.3330904253175757 and parameters: {'f_n': 1.0402917667209003e-08, 'K_d': 857028.4082884332, 'rho_d': 9826757592459.473, 'fission_rate': 7.175186945438522e+19, 'Dv_scale': 0.565028893262259, 'Dg_scale': 2.03369256269355, 'D2_xe_scale': 0.541346782268463, 'b_scale': 0.07959922417165326, 'gb_scale': 3.528936880639208, 'gd_scale': 7.159557287174871, 'coalescence_d_scale': 0.20537703607246852, 'capture_scale': 0.1934494700774212}. Best is trial 63 with value: 2.06857306140008.
[I 2026-05-01 20:26:20,797] Trial 75 finished with value: 4.948115940816391 and parameters: {'f_n': 1.998167897656167e-06, 'K_d': 1083890.0144376934, 'rho_d': 8001978415176.352, 'fission_rate': 5.56127726336601e+19, 'Dv_scale': 0.6498277402509703, 'Dg_scale': 2.2690781618765747, 'D2_xe_scale': 0.30950881189283713, 'b_scale': 0.06871130011778434, 'gb_scale': 5.977379793187813, 'gd_scale': 0.05433270498273603, 'coalescence_d_scale': 0.25860953708127926, 'capture_scale': 0.27877696869062396}. Best is trial 63 with value: 2.06857306140008.
[I 2026-05-01 20:26:25,352] Trial 76 finished with value: 2.658960945173612 and parameters: {'f_n': 4.987413728813485e-07, 'K_d': 945701.5128946301, 'rho_d': 6987238344182.89, 'fission_rate': 5.9453104151000875e+19, 'Dv_scale': 0.8305779345004172, 'Dg_scale': 1.6456647595737495, 'D2_xe_scale': 0.9897523481686844, 'b_scale': 0.27146726542091115, 'gb_scale': 5.033878665555094, 'gd_scale': 8.648512339088535, 'coalescence_d_scale': 0.18451211154756336, 'capture_scale': 0.0730731129055716}. Best is trial 63 with value: 2.06857306140008.
[I 2026-05-01 20:26:30,647] Trial 77 finished with value: 3.4671960323671303 and parameters: {'f_n': 2.058186941993025e-07, 'K_d': 1240074.154244873, 'rho_d': 5604689168029.524, 'fission_rate': 4.988621135977407e+19, 'Dv_scale': 0.7291421118689987, 'Dg_scale': 1.4161718923576494, 'D2_xe_scale': 0.1675962070632295, 'b_scale': 0.20084929503402427, 'gb_scale': 7.7041011176640195, 'gd_scale': 4.510803718351168, 'coalescence_d_scale': 0.11955253887466424, 'capture_scale': 0.13470301252011616}. Best is trial 63 with value: 2.06857306140008.
[I 2026-05-01 20:26:35,585] Trial 78 finished with value: 6.3292301452538196 and parameters: {'f_n': 8.118975363777349e-08, 'K_d': 675045.4898410059, 'rho_d': 5038153886264.471, 'fission_rate': 5.39086912349669e+19, 'Dv_scale': 1.0259927602129197, 'Dg_scale': 2.5072291185872566, 'D2_xe_scale': 0.7343083197717126, 'b_scale': 0.0908758720069743, 'gb_scale': 0.05492800375096253, 'gd_scale': 6.686618005446679, 'coalescence_d_scale': 18.54657479433275, 'capture_scale': 0.5798244214428955}. Best is trial 63 with value: 2.06857306140008.
[I 2026-05-01 20:26:40,267] Trial 79 finished with value: 2.906185698546368 and parameters: {'f_n': 1.0796267332006628e-06, 'K_d': 763848.2604147715, 'rho_d': 11125750719520.168, 'fission_rate': 5.5966827292164964e+19, 'Dv_scale': 1.4821833106657583, 'Dg_scale': 2.003483355554686, 'D2_xe_scale': 0.4478284611380457, 'b_scale': 0.12848335576894715, 'gb_scale': 4.483005751850323, 'gd_scale': 3.8389575692676905, 'coalescence_d_scale': 0.22471795105455714, 'capture_scale': 0.06494000617939552}. Best is trial 63 with value: 2.06857306140008.
[I 2026-05-01 20:26:43,610] Trial 80 finished with value: 4.5907785124642 and parameters: {'f_n': 9.223173594712237e-07, 'K_d': 1495399.813772523, 'rho_d': 15830843272744.654, 'fission_rate': 6.4225682912950346e+19, 'Dv_scale': 0.5836743694730094, 'Dg_scale': 1.8046218218821959, 'D2_xe_scale': 0.3729309112319826, 'b_scale': 0.6635204860528451, 'gb_scale': 6.89007394827813, 'gd_scale': 0.484654752745774, 'coalescence_d_scale': 1.617038344413614, 'capture_scale': 0.031167578379979695}. Best is trial 63 with value: 2.06857306140008.
[I 2026-05-01 20:26:47,560] Trial 81 finished with value: 2.300039640495566 and parameters: {'f_n': 1.2983418804445916e-07, 'K_d': 970567.1442162412, 'rho_d': 10080788104183.74, 'fission_rate': 6.976215274669713e+19, 'Dv_scale': 0.7457602338110667, 'Dg_scale': 1.7236101741530545, 'D2_xe_scale': 0.4236270507801766, 'b_scale': 0.14401687822076928, 'gb_scale': 5.5633552479193025, 'gd_scale': 8.191275503910278, 'coalescence_d_scale': 0.11974437288521744, 'capture_scale': 0.1588993444789949}. Best is trial 63 with value: 2.06857306140008.Best trial: 63. Best value: 2.06857:  27%|██▋       | 81/300 [05:57<15:44,  4.31s/it]Best trial: 63. Best value: 2.06857:  27%|██▋       | 81/300 [05:57<15:44,  4.31s/it]Best trial: 63. Best value: 2.06857:  27%|██▋       | 82/300 [05:57<15:16,  4.20s/it]                                                                                     Best trial: 63. Best value: 2.06857:  27%|██▋       | 82/300 [06:01<15:16,  4.20s/it]Best trial: 63. Best value: 2.06857:  27%|██▋       | 82/300 [06:01<15:16,  4.20s/it]Best trial: 63. Best value: 2.06857:  28%|██▊       | 83/300 [06:01<15:10,  4.19s/it]                                                                                     Best trial: 63. Best value: 2.06857:  28%|██▊       | 83/300 [06:05<15:10,  4.19s/it]Best trial: 63. Best value: 2.06857:  28%|██▊       | 83/300 [06:05<15:10,  4.19s/it]Best trial: 63. Best value: 2.06857:  28%|██▊       | 84/300 [06:05<14:50,  4.12s/it]                                                                                     Best trial: 63. Best value: 2.06857:  28%|██▊       | 84/300 [06:09<14:50,  4.12s/it]Best trial: 63. Best value: 2.06857:  28%|██▊       | 84/300 [06:09<14:50,  4.12s/it]Best trial: 63. Best value: 2.06857:  28%|██▊       | 85/300 [06:09<14:27,  4.04s/it]                                                                                     Best trial: 63. Best value: 2.06857:  28%|██▊       | 85/300 [06:14<14:27,  4.04s/it]Best trial: 63. Best value: 2.06857:  28%|██▊       | 85/300 [06:14<14:27,  4.04s/it]Best trial: 63. Best value: 2.06857:  29%|██▊       | 86/300 [06:14<15:26,  4.33s/it]                                                                                     Best trial: 63. Best value: 2.06857:  29%|██▊       | 86/300 [06:19<15:26,  4.33s/it]Best trial: 63. Best value: 2.06857:  29%|██▊       | 86/300 [06:19<15:26,  4.33s/it]Best trial: 63. Best value: 2.06857:  29%|██▉       | 87/300 [06:19<15:50,  4.46s/it]                                                                                     Best trial: 63. Best value: 2.06857:  29%|██▉       | 87/300 [06:22<15:50,  4.46s/it]Best trial: 63. Best value: 2.06857:  29%|██▉       | 87/300 [06:22<15:50,  4.46s/it]Best trial: 63. Best value: 2.06857:  29%|██▉       | 88/300 [06:22<14:11,  4.02s/it]                                                                                     Best trial: 63. Best value: 2.06857:  29%|██▉       | 88/300 [06:26<14:11,  4.02s/it]Best trial: 88. Best value: 1.96553:  29%|██▉       | 88/300 [06:26<14:11,  4.02s/it]Best trial: 88. Best value: 1.96553:  30%|██▉       | 89/300 [06:26<14:10,  4.03s/it]                                                                                     Best trial: 88. Best value: 1.96553:  30%|██▉       | 89/300 [06:30<14:10,  4.03s/it]Best trial: 88. Best value: 1.96553:  30%|██▉       | 89/300 [06:30<14:10,  4.03s/it]Best trial: 88. Best value: 1.96553:  30%|███       | 90/300 [06:30<14:03,  4.02s/it]                                                                                     Best trial: 88. Best value: 1.96553:  30%|███       | 90/300 [06:34<14:03,  4.02s/it]Best trial: 88. Best value: 1.96553:  30%|███       | 90/300 [06:34<14:03,  4.02s/it]Best trial: 88. Best value: 1.96553:  30%|███       | 91/300 [06:34<14:18,  4.11s/it]                                                                                     Best trial: 88. Best value: 1.96553:  30%|███       | 91/300 [06:39<14:18,  4.11s/it]Best trial: 88. Best value: 1.96553:  30%|███       | 91/300 [06:39<14:18,  4.11s/it]Best trial: 88. Best value: 1.96553:  31%|███       | 92/300 [06:39<14:21,  4.14s/it]                                                                                     Best trial: 88. Best value: 1.96553:  31%|███       | 92/300 [06:43<14:21,  4.14s/it]Best trial: 88. Best value: 1.96553:  31%|███       | 92/300 [06:43<14:21,  4.14s/it]Best trial: 88. Best value: 1.96553:  31%|███       | 93/300 [06:43<14:17,  4.14s/it]                                                                                     Best trial: 88. Best value: 1.96553:  31%|███       | 93/300 [06:47<14:17,  4.14s/it]Best trial: 88. Best value: 1.96553:  31%|███       | 93/300 [06:47<14:17,  4.14s/it]Best trial: 88. Best value: 1.96553:  31%|███▏      | 94/300 [06:47<14:18,  4.17s/it]                                                                                     Best trial: 88. Best value: 1.96553:  31%|███▏      | 94/300 [06:51<14:18,  4.17s/it]Best trial: 88. Best value: 1.96553:  31%|███▏      | 94/300 [06:51<14:18,  4.17s/it]Best trial: 88. Best value: 1.96553:  32%|███▏      | 95/300 [06:51<14:14,  4.17s/it]                                                                                     Best trial: 88. Best value: 1.96553:  32%|███▏      | 95/300 [06:55<14:14,  4.17s/it]Best trial: 88. Best value: 1.96553:  32%|███▏      | 95/300 [06:55<14:14,  4.17s/it]Best trial: 88. Best value: 1.96553:  32%|███▏      | 96/300 [06:55<13:33,  3.99s/it]                                                                                     Best trial: 88. Best value: 1.96553:  32%|███▏      | 96/300 [06:59<13:33,  3.99s/it]Best trial: 88. Best value: 1.96553:  32%|███▏      | 96/300 [06:59<13:33,  3.99s/it]Best trial: 88. Best value: 1.96553:  32%|███▏      | 97/300 [06:59<14:02,  4.15s/it]                                                                                     
[I 2026-05-01 20:26:51,730] Trial 82 finished with value: 2.1588313513873114 and parameters: {'f_n': 3.1887678763765085e-07, 'K_d': 1035417.3801960322, 'rho_d': 11906072123329.521, 'fission_rate': 6.8612418749133636e+19, 'Dv_scale': 0.7043516113222682, 'Dg_scale': 1.1536851055102817, 'D2_xe_scale': 0.25457634277161534, 'b_scale': 0.16029537702406257, 'gb_scale': 5.930156017309576, 'gd_scale': 8.65739483523288, 'coalescence_d_scale': 0.14481454342909345, 'capture_scale': 0.11428632719792327}. Best is trial 63 with value: 2.06857306140008.
[I 2026-05-01 20:26:55,696] Trial 83 finished with value: 4.601123951445205 and parameters: {'f_n': 2.9883237608994227e-07, 'K_d': 876018.9864718049, 'rho_d': 12224226211495.459, 'fission_rate': 6.8538918840855994e+19, 'Dv_scale': 1.2059323783468445, 'Dg_scale': 1.1479795749364488, 'D2_xe_scale': 0.2638149726771827, 'b_scale': 0.10629630275266003, 'gb_scale': 0.19018359904521628, 'gd_scale': 6.140833323107259, 'coalescence_d_scale': 0.15163021016516695, 'capture_scale': 0.10833200285130283}. Best is trial 63 with value: 2.06857306140008.
[I 2026-05-01 20:26:59,520] Trial 84 finished with value: 2.459810011746618 and parameters: {'f_n': 4.882087115714652e-07, 'K_d': 1138601.3292558072, 'rho_d': 13454285807846.967, 'fission_rate': 7.2324643529863725e+19, 'Dv_scale': 0.9135246367415562, 'Dg_scale': 1.4592027793227476, 'D2_xe_scale': 0.3299415200322723, 'b_scale': 0.1597963058433118, 'gb_scale': 3.991540751957597, 'gd_scale': 8.89427054439222, 'coalescence_d_scale': 0.17261624784310664, 'capture_scale': 0.2564906636571889}. Best is trial 63 with value: 2.06857306140008.
