[I 2026-05-01 20:29:05,053] Trial 113 finished with value: 2.118668419851438 and parameters: {'f_n': 9.791585780214422e-07, 'K_d': 1433996.456380613, 'rho_d': 6537372504176.139, 'fission_rate': 5.89556190883044e+19, 'Dv_scale': 0.44134584085669754, 'Dg_scale': 3.639835044549741, 'D2_xe_scale': 0.08171078698530283, 'b_scale': 0.05648936738727674, 'gb_scale': 0.38145132138556154, 'gd_scale': 3.2932741972672868, 'coalescence_d_scale': 6.388215268824254, 'capture_scale': 0.018424902163436875}. Best is trial 97 with value: 1.937541424318744.Best trial: 97. Best value: 1.93754:  38%|███▊      | 113/300 [08:15<14:13,  4.56s/it]Best trial: 97. Best value: 1.93754:  38%|███▊      | 113/300 [08:15<14:13,  4.56s/it]Best trial: 97. Best value: 1.93754:  38%|███▊      | 114/300 [08:15<14:09,  4.57s/it]                                                                                      Best trial: 97. Best value: 1.93754:  38%|███▊      | 114/300 [08:19<14:09,  4.57s/it]Best trial: 97. Best value: 1.93754:  38%|███▊      | 114/300 [08:19<14:09,  4.57s/it]Best trial: 97. Best value: 1.93754:  38%|███▊      | 115/300 [08:19<13:58,  4.53s/it]                                                                                      Best trial: 97. Best value: 1.93754:  38%|███▊      | 115/300 [08:23<13:58,  4.53s/it]Best trial: 97. Best value: 1.93754:  38%|███▊      | 115/300 [08:24<13:58,  4.53s/it]Best trial: 97. Best value: 1.93754:  39%|███▊      | 116/300 [08:24<13:43,  4.47s/it]                                                                                      Best trial: 97. Best value: 1.93754:  39%|███▊      | 116/300 [08:27<13:43,  4.47s/it]Best trial: 97. Best value: 1.93754:  39%|███▊      | 116/300 [08:27<13:43,  4.47s/it]Best trial: 97. Best value: 1.93754:  39%|███▉      | 117/300 [08:27<12:39,  4.15s/it]                                                                                      Best trial: 97. Best value: 1.93754:  39%|███▉      | 117/300 [08:31<12:39,  4.15s/it]Best trial: 97. Best value: 1.93754:  39%|███▉      | 117/300 [08:31<12:39,  4.15s/it]Best trial: 97. Best value: 1.93754:  39%|███▉      | 118/300 [08:31<12:57,  4.27s/it]                                                                                      Best trial: 97. Best value: 1.93754:  39%|███▉      | 118/300 [08:36<12:57,  4.27s/it]Best trial: 97. Best value: 1.93754:  39%|███▉      | 118/300 [08:36<12:57,  4.27s/it]Best trial: 97. Best value: 1.93754:  40%|███▉      | 119/300 [08:36<13:04,  4.33s/it]                                                                                      Best trial: 97. Best value: 1.93754:  40%|███▉      | 119/300 [08:40<13:04,  4.33s/it]Best trial: 97. Best value: 1.93754:  40%|███▉      | 119/300 [08:40<13:04,  4.33s/it]Best trial: 97. Best value: 1.93754:  40%|████      | 120/300 [08:40<13:02,  4.35s/it]                                                                                      Best trial: 97. Best value: 1.93754:  40%|████      | 120/300 [08:45<13:02,  4.35s/it]Best trial: 97. Best value: 1.93754:  40%|████      | 120/300 [08:45<13:02,  4.35s/it]Best trial: 97. Best value: 1.93754:  40%|████      | 121/300 [08:45<13:24,  4.50s/it]                                                                                      Best trial: 97. Best value: 1.93754:  40%|████      | 121/300 [08:49<13:24,  4.50s/it]Best trial: 97. Best value: 1.93754:  40%|████      | 121/300 [08:49<13:24,  4.50s/it]Best trial: 97. Best value: 1.93754:  41%|████      | 122/300 [08:49<13:04,  4.41s/it]                                                                                      Best trial: 97. Best value: 1.93754:  41%|████      | 122/300 [08:54<13:04,  4.41s/it]Best trial: 97. Best value: 1.93754:  41%|████      | 122/300 [08:54<13:04,  4.41s/it]Best trial: 97. Best value: 1.93754:  41%|████      | 123/300 [08:54<12:54,  4.38s/it]                                                                                      Best trial: 97. Best value: 1.93754:  41%|████      | 123/300 [08:58<12:54,  4.38s/it]Best trial: 97. Best value: 1.93754:  41%|████      | 123/300 [08:58<12:54,  4.38s/it]Best trial: 97. Best value: 1.93754:  41%|████▏     | 124/300 [08:58<13:03,  4.45s/it]                                                                                      Best trial: 97. Best value: 1.93754:  41%|████▏     | 124/300 [09:02<13:03,  4.45s/it]Best trial: 97. Best value: 1.93754:  41%|████▏     | 124/300 [09:02<13:03,  4.45s/it]Best trial: 97. Best value: 1.93754:  42%|████▏     | 125/300 [09:02<11:57,  4.10s/it]                                                                                      Best trial: 97. Best value: 1.93754:  42%|████▏     | 125/300 [09:06<11:57,  4.10s/it]Best trial: 97. Best value: 1.93754:  42%|████▏     | 125/300 [09:06<11:57,  4.10s/it]Best trial: 97. Best value: 1.93754:  42%|████▏     | 126/300 [09:06<11:58,  4.13s/it]                                                                                      Best trial: 97. Best value: 1.93754:  42%|████▏     | 126/300 [09:10<11:58,  4.13s/it]Best trial: 97. Best value: 1.93754:  42%|████▏     | 126/300 [09:10<11:58,  4.13s/it]Best trial: 97. Best value: 1.93754:  42%|████▏     | 127/300 [09:10<12:12,  4.23s/it]                                                                                      Best trial: 97. Best value: 1.93754:  42%|████▏     | 127/300 [09:15<12:12,  4.23s/it]Best trial: 97. Best value: 1.93754:  42%|████▏     | 127/300 [09:15<12:12,  4.23s/it]Best trial: 97. Best value: 1.93754:  43%|████▎     | 128/300 [09:15<12:14,  4.27s/it]                                                                                      Best trial: 97. Best value: 1.93754:  43%|████▎     | 128/300 [09:19<12:14,  4.27s/it]Best trial: 97. Best value: 1.93754:  43%|████▎     | 128/300 [09:19<12:14,  4.27s/it]Best trial: 97. Best value: 1.93754:  43%|████▎     | 129/300 [09:19<12:23,  4.35s/it]                                                                                      
[I 2026-05-01 20:29:09,505] Trial 114 finished with value: 2.325563081307685 and parameters: {'f_n': 1.737199077085978e-06, 'K_d': 1270806.9076736327, 'rho_d': 5348515270637.747, 'fission_rate': 6.205260521911991e+19, 'Dv_scale': 0.363854396132475, 'Dg_scale': 3.417517519902115, 'D2_xe_scale': 0.06000090255538388, 'b_scale': 0.07266212898425706, 'gb_scale': 0.30118890689121597, 'gd_scale': 2.3955575381704914, 'coalescence_d_scale': 2.552560487968054, 'capture_scale': 0.023342284757801705}. Best is trial 97 with value: 1.937541424318744.
[I 2026-05-01 20:29:13,846] Trial 115 finished with value: 2.6374669219093345 and parameters: {'f_n': 2.297784743401017e-06, 'K_d': 1499719.9199330697, 'rho_d': 6084881544114.0205, 'fission_rate': 6.070606018467316e+19, 'Dv_scale': 0.46011545321760594, 'Dg_scale': 3.180008779548837, 'D2_xe_scale': 0.06588665056391954, 'b_scale': 0.06440711890856433, 'gb_scale': 0.4842479682964188, 'gd_scale': 2.1733958125121853, 'coalescence_d_scale': 1.937101161978061, 'capture_scale': 0.01558203349099556}. Best is trial 97 with value: 1.937541424318744.
[I 2026-05-01 20:29:17,246] Trial 116 finished with value: 1.937750680872215 and parameters: {'f_n': 1.7975832699635266e-06, 'K_d': 1411030.545225643, 'rho_d': 6445228684738.227, 'fission_rate': 6.353066760022251e+19, 'Dv_scale': 0.4210182129554657, 'Dg_scale': 2.9122057351885178, 'D2_xe_scale': 0.09318308706008642, 'b_scale': 0.05567809669311713, 'gb_scale': 0.3418014080192504, 'gd_scale': 3.595115937867609, 'coalescence_d_scale': 3.3547405250973705, 'capture_scale': 0.011383007265296459}. Best is trial 97 with value: 1.937541424318744.
[I 2026-05-01 20:29:21,791] Trial 117 finished with value: 2.6579711094542495 and parameters: {'f_n': 1.7073309445110226e-06, 'K_d': 1276633.8289362849, 'rho_d': 5750825697146.751, 'fission_rate': 5.782580848033851e+19, 'Dv_scale': 0.4174821258284998, 'Dg_scale': 2.973501170822301, 'D2_xe_scale': 0.09495989823073679, 'b_scale': 0.0677373254560119, 'gb_scale': 0.33012462819695, 'gd_scale': 1.8105098143183882, 'coalescence_d_scale': 3.349968667606529, 'capture_scale': 0.011202036649064443}. Best is trial 97 with value: 1.937541424318744.
[I 2026-05-01 20:29:26,270] Trial 118 finished with value: 1.971247342813283 and parameters: {'f_n': 2.58706836678324e-06, 'K_d': 1307752.4831567602, 'rho_d': 6522586052330.615, 'fission_rate': 6.372685358832856e+19, 'Dv_scale': 0.37572234113101133, 'Dg_scale': 3.437331985892132, 'D2_xe_scale': 0.08506961735776644, 'b_scale': 0.05460935742710975, 'gb_scale': 0.1895421329692942, 'gd_scale': 3.077632901072872, 'coalescence_d_scale': 2.232620019854231, 'capture_scale': 0.01454641030745182}. Best is trial 97 with value: 1.937541424318744.
[I 2026-05-01 20:29:30,648] Trial 119 finished with value: 3.6434861959984066 and parameters: {'f_n': 9.98160456036379e-07, 'K_d': 154361.54391579697, 'rho_d': 5238688805061.549, 'fission_rate': 5.93881913012213e+19, 'Dv_scale': 0.31808164925501176, 'Dg_scale': 2.8407846765524782, 'D2_xe_scale': 0.11383608184797428, 'b_scale': 0.06155020123422861, 'gb_scale': 0.2744393975366931, 'gd_scale': 1.1123434204560712, 'coalescence_d_scale': 4.311066867506116, 'capture_scale': 0.01171594609182155}. Best is trial 97 with value: 1.937541424318744.
[I 2026-05-01 20:29:35,495] Trial 120 finished with value: 2.407190556313388 and parameters: {'f_n': 1.1587879551153704e-06, 'K_d': 1424431.0431107257, 'rho_d': 7459585010645.856, 'fission_rate': 5.817515336915846e+19, 'Dv_scale': 0.435440314325066, 'Dg_scale': 3.6644252376964763, 'D2_xe_scale': 0.06856444267723508, 'b_scale': 0.0742540831395602, 'gb_scale': 0.37301337547027036, 'gd_scale': 1.6403385964268271, 'coalescence_d_scale': 2.964015737054637, 'capture_scale': 0.019766412744190366}. Best is trial 97 with value: 1.937541424318744.
[I 2026-05-01 20:29:39,699] Trial 121 finished with value: 1.9666307842307378 and parameters: {'f_n': 2.496598204626373e-06, 'K_d': 1327029.6110579553, 'rho_d': 6535220462946.343, 'fission_rate': 6.385390233532512e+19, 'Dv_scale': 0.34259125034384597, 'Dg_scale': 3.361115595253343, 'D2_xe_scale': 0.08274443845594548, 'b_scale': 0.053905760619307144, 'gb_scale': 0.20548678299352496, 'gd_scale': 3.149316703104274, 'coalescence_d_scale': 2.0726250074479915, 'capture_scale': 0.01570011221381843}. Best is trial 97 with value: 1.937541424318744.
[I 2026-05-01 20:29:44,000] Trial 122 finished with value: 2.0098326325279827 and parameters: {'f_n': 1.6840148358469838e-06, 'K_d': 1351114.18098585, 'rho_d': 7648985974570.202, 'fission_rate': 6.2428800445357244e+19, 'Dv_scale': 0.344574683197209, 'Dg_scale': 3.1207889998163356, 'D2_xe_scale': 0.07651178195619006, 'b_scale': 0.05182615983938789, 'gb_scale': 0.15504952826144466, 'gd_scale': 2.6792736545071607, 'coalescence_d_scale': 3.751957585645188, 'capture_scale': 0.010119955087379152}. Best is trial 97 with value: 1.937541424318744.
[I 2026-05-01 20:29:48,631] Trial 123 finished with value: 2.0404186718375725 and parameters: {'f_n': 2.4533411554713113e-06, 'K_d': 1223574.778688357, 'rho_d': 6338021182798.799, 'fission_rate': 5.694459537572539e+19, 'Dv_scale': 0.49250627321004165, 'Dg_scale': 3.350821396764869, 'D2_xe_scale': 0.05939081078627486, 'b_scale': 0.050471416041938305, 'gb_scale': 0.248509070165053, 'gd_scale': 3.368708218270339, 'coalescence_d_scale': 2.052123062277254, 'capture_scale': 0.0160700045013798}. Best is trial 97 with value: 1.937541424318744.
[I 2026-05-01 20:29:51,908] Trial 124 finished with value: 1.9381225334610186 and parameters: {'f_n': 1.3735386900507953e-06, 'K_d': 1497067.0014533768, 'rho_d': 6866243941723.472, 'fission_rate': 6.4562548605652525e+19, 'Dv_scale': 0.40741317235544133, 'Dg_scale': 2.9011755138124347, 'D2_xe_scale': 0.09347195731893655, 'b_scale': 0.05991003062852536, 'gb_scale': 0.31870510517935124, 'gd_scale': 2.919931179046724, 'coalescence_d_scale': 4.880526498349651, 'capture_scale': 0.013546247309829729}. Best is trial 97 with value: 1.937541424318744.
[I 2026-05-01 20:29:56,105] Trial 125 finished with value: 2.0053460641401473 and parameters: {'f_n': 1.3352650336058853e-06, 'K_d': 1495156.1063074241, 'rho_d': 8031406637976.763, 'fission_rate': 6.467664046790502e+19, 'Dv_scale': 0.39357953262210776, 'Dg_scale': 2.5393682401028617, 'D2_xe_scale': 0.09343693204831804, 'b_scale': 0.056814855948206885, 'gb_scale': 0.3397014606833885, 'gd_scale': 3.7314231767596335, 'coalescence_d_scale': 4.856328835528474, 'capture_scale': 0.013727862770205268}. Best is trial 97 with value: 1.937541424318744.
[I 2026-05-01 20:30:00,588] Trial 126 finished with value: 3.553272558941566 and parameters: {'f_n': 1.8106729197559803e-10, 'K_d': 1275869.5019943079, 'rho_d': 6796273225622.216, 'fission_rate': 6.321173369856701e+19, 'Dv_scale': 0.4558265805031447, 'Dg_scale': 3.719229631905711, 'D2_xe_scale': 0.10703132936509695, 'b_scale': 0.0697867037632468, 'gb_scale': 0.3034061512547943, 'gd_scale': 2.5718169431611195, 'coalescence_d_scale': 6.504176699103059, 'capture_scale': 0.026317161904542925}. Best is trial 97 with value: 1.937541424318744.
[I 2026-05-01 20:30:04,944] Trial 127 finished with value: 2.6150631127311996 and parameters: {'f_n': 9.125643932500566e-07, 'K_d': 1186571.8138212033, 'rho_d': 5605225331744.597, 'fission_rate': 6.40612558176691e+19, 'Dv_scale': 0.4069616649671467, 'Dg_scale': 3.25991511060212, 'D2_xe_scale': 0.07750845255403785, 'b_scale': 0.05841661649481704, 'gb_scale': 0.4626082471399577, 'gd_scale': 1.9764993454182502, 'coalescence_d_scale': 7.487133641134802, 'capture_scale': 0.012896137067980365}. Best is trial 97 with value: 1.937541424318744.
[I 2026-05-01 20:30:09,465] Trial 128 finished with value: 2.023332655694684 and parameters: {'f_n': 2.5147985764907903e-06, 'K_d': 1376992.062300287, 'rho_d': 7063454727806.569, 'fission_rate': 6.042319512311578e+19, 'Dv_scale': 0.36311448087419546, 'Dg_scale': 3.5308719622272644, 'D2_xe_scale': 0.05498577922351765, 'b_scale': 0.07907743207245006, 'gb_scale': 0.20394064502615838, 'gd_scale': 2.299929358575432, 'coalescence_d_scale': 4.118737068825331, 'capture_scale': 0.011492291266538513}. Best is trial 97 with value: 1.937541424318744.
[I 2026-05-01 20:30:13,851] Trial 129 finished with value: 2.008087963555073 and parameters: {'f_n': 1.9969411267546773e-06, 'K_d': 1307067.2250229642, 'rho_d': 5950359278799.428, 'fission_rate': 6.246553032188813e+19, 'Dv_scale': 0.431696891569885, 'Dg_scale': 2.8890008598740375, 'D2_xe_scale': 0.13157426037646114, 'b_scale': 0.06291365289157844, 'gb_scale': 0.2547710872837806, 'gd_scale': 2.9283132309876345, 'coalescence_d_scale': 3.6184029606765553, 'capture_scale': 0.02244180981679662}. Best is trial 97 with value: 1.937541424318744.Best trial: 97. Best value: 1.93754:  43%|████▎     | 129/300 [09:23<12:23,  4.35s/it]Best trial: 97. Best value: 1.93754:  43%|████▎     | 129/300 [09:24<12:23,  4.35s/it]Best trial: 97. Best value: 1.93754:  43%|████▎     | 130/300 [09:24<12:22,  4.37s/it]                                                                                      Best trial: 97. Best value: 1.93754:  43%|████▎     | 130/300 [09:28<12:22,  4.37s/it]Best trial: 97. Best value: 1.93754:  43%|████▎     | 130/300 [09:28<12:22,  4.37s/it]Best trial: 97. Best value: 1.93754:  44%|████▎     | 131/300 [09:28<12:12,  4.33s/it]                                                                                      Best trial: 97. Best value: 1.93754:  44%|████▎     | 131/300 [09:31<12:12,  4.33s/it]Best trial: 131. Best value: 1.92906:  44%|████▎     | 131/300 [09:31<12:12,  4.33s/it]Best trial: 131. Best value: 1.92906:  44%|████▍     | 132/300 [09:31<11:32,  4.12s/it]                                                                                       Best trial: 131. Best value: 1.92906:  44%|████▍     | 132/300 [09:36<11:32,  4.12s/it]Best trial: 131. Best value: 1.92906:  44%|████▍     | 132/300 [09:36<11:32,  4.12s/it]Best trial: 131. Best value: 1.92906:  44%|████▍     | 133/300 [09:36<11:45,  4.22s/it]                                                                                       Best trial: 131. Best value: 1.92906:  44%|████▍     | 133/300 [09:40<11:45,  4.22s/it]Best trial: 131. Best value: 1.92906:  44%|████▍     | 133/300 [09:40<11:45,  4.22s/it]Best trial: 131. Best value: 1.92906:  45%|████▍     | 134/300 [09:40<11:46,  4.26s/it]                                                                                       Best trial: 131. Best value: 1.92906:  45%|████▍     | 134/300 [09:44<11:46,  4.26s/it]Best trial: 134. Best value: 1.89773:  45%|████▍     | 134/300 [09:44<11:46,  4.26s/it]Best trial: 134. Best value: 1.89773:  45%|████▌     | 135/300 [09:44<11:37,  4.23s/it]                                                                                       Best trial: 134. Best value: 1.89773:  45%|████▌     | 135/300 [09:49<11:37,  4.23s/it]Best trial: 134. Best value: 1.89773:  45%|████▌     | 135/300 [09:49<11:37,  4.23s/it]Best trial: 134. Best value: 1.89773:  45%|████▌     | 136/300 [09:49<11:35,  4.24s/it]                                                                                       Best trial: 134. Best value: 1.89773:  45%|████▌     | 136/300 [09:53<11:35,  4.24s/it]Best trial: 134. Best value: 1.89773:  45%|████▌     | 136/300 [09:53<11:35,  4.24s/it]Best trial: 134. Best value: 1.89773:  46%|████▌     | 137/300 [09:53<11:22,  4.19s/it]                                                                                       Best trial: 134. Best value: 1.89773:  46%|████▌     | 137/300 [09:57<11:22,  4.19s/it]Best trial: 134. Best value: 1.89773:  46%|████▌     | 137/300 [09:57<11:22,  4.19s/it]Best trial: 134. Best value: 1.89773:  46%|████▌     | 138/300 [09:57<11:22,  4.21s/it]                                                                                       Best trial: 134. Best value: 1.89773:  46%|████▌     | 138/300 [10:01<11:22,  4.21s/it]Best trial: 134. Best value: 1.89773:  46%|████▌     | 138/300 [10:01<11:22,  4.21s/it]Best trial: 134. Best value: 1.89773:  46%|████▋     | 139/300 [10:01<11:18,  4.22s/it]                                                                                       Best trial: 134. Best value: 1.89773:  46%|████▋     | 139/300 [10:04<11:18,  4.22s/it]Best trial: 134. Best value: 1.89773:  46%|████▋     | 139/300 [10:05<11:18,  4.22s/it]Best trial: 134. Best value: 1.89773:  47%|████▋     | 140/300 [10:05<10:30,  3.94s/it]                                                                                       Best trial: 134. Best value: 1.89773:  47%|████▋     | 140/300 [10:09<10:30,  3.94s/it]Best trial: 134. Best value: 1.89773:  47%|████▋     | 140/300 [10:09<10:30,  3.94s/it]Best trial: 134. Best value: 1.89773:  47%|████▋     | 141/300 [10:09<10:35,  4.00s/it]                                                                                       Best trial: 134. Best value: 1.89773:  47%|████▋     | 141/300 [10:13<10:35,  4.00s/it]Best trial: 134. Best value: 1.89773:  47%|████▋     | 141/300 [10:13<10:35,  4.00s/it]Best trial: 134. Best value: 1.89773:  47%|████▋     | 142/300 [10:13<10:53,  4.13s/it]                                                                                       Best trial: 134. Best value: 1.89773:  47%|████▋     | 142/300 [10:17<10:53,  4.13s/it]Best trial: 134. Best value: 1.89773:  47%|████▋     | 142/300 [10:17<10:53,  4.13s/it]Best trial: 134. Best value: 1.89773:  48%|████▊     | 143/300 [10:17<10:59,  4.20s/it]                                                                                       Best trial: 134. Best value: 1.89773:  48%|████▊     | 143/300 [10:22<10:59,  4.20s/it]Best trial: 134. Best value: 1.89773:  48%|████▊     | 143/300 [10:22<10:59,  4.20s/it]Best trial: 134. Best value: 1.89773:  48%|████▊     | 144/300 [10:22<11:08,  4.28s/it]                                                                                       
[I 2026-05-01 20:30:18,137] Trial 130 finished with value: 2.079086283320577 and parameters: {'f_n': 1.4700433173576023e-06, 'K_d': 1413959.3695139, 'rho_d': 7461406081628.093, 'fission_rate': 6.168565310692137e+19, 'Dv_scale': 0.3376241978414964, 'Dg_scale': 3.9796857610234784, 'D2_xe_scale': 0.09395409596737932, 'b_scale': 0.05063654220095273, 'gb_scale': 0.16792770307605107, 'gd_scale': 1.3915440290746885, 'coalescence_d_scale': 4.700755605137075, 'capture_scale': 0.016308683380491934}. Best is trial 97 with value: 1.937541424318744.
[I 2026-05-01 20:30:21,764] Trial 131 finished with value: 1.9290554216058426 and parameters: {'f_n': 1.8417797948375016e-06, 'K_d': 1440249.6499299495, 'rho_d': 6441563007179.395, 'fission_rate': 5.991165470981542e+19, 'Dv_scale': 0.3815349930269733, 'Dg_scale': 2.980960012279735, 'D2_xe_scale': 0.06405951032486507, 'b_scale': 0.06527122992740202, 'gb_scale': 0.4008466684211726, 'gd_scale': 4.020331859970593, 'coalescence_d_scale': 3.2008952839479803, 'capture_scale': 0.013872212632022029}. Best is trial 131 with value: 1.9290554216058426.
[I 2026-05-01 20:30:26,220] Trial 132 finished with value: 1.937162154697076 and parameters: {'f_n': 2.9678437968332537e-06, 'K_d': 1350604.0798232614, 'rho_d': 6742930273355.118, 'fission_rate': 6.1005597516533236e+19, 'Dv_scale': 0.32024165579362085, 'Dg_scale': 3.1343396659563894, 'D2_xe_scale': 0.0682432971630249, 'b_scale': 0.06680428921848826, 'gb_scale': 0.3486401676650929, 'gd_scale': 3.647567992406253, 'coalescence_d_scale': 3.1482815236061485, 'capture_scale': 0.014400415296148288}. Best is trial 131 with value: 1.9290554216058426.
