[I 2026-05-01 20:36:38,231] Trial 227 finished with value: 4.30475010516974 and parameters: {'f_n': 1.339398692119463e-07, 'K_d': 777966.6796829822, 'rho_d': 22248528270793.566, 'fission_rate': 7.160520817014307e+19, 'Dv_scale': 0.2011621607109644, 'Dg_scale': 1.7296317253568667, 'D2_xe_scale': 0.23566011755560623, 'b_scale': 0.23262879398937086, 'gb_scale': 3.138433007908822, 'gd_scale': 0.2727808060904286, 'coalescence_d_scale': 9.028877258110667, 'capture_scale': 0.049975172203425164}. Best is trial 216 with value: 1.8281735809555621.
[I 2026-05-01 20:36:42,173] Trial 228 finished with value: 1.9921597713555883 and parameters: {'f_n': 1.9137455542434514e-07, 'K_d': 718066.9419882345, 'rho_d': 14923370734560.9, 'fission_rate': 7.351531790049411e+19, 'Dv_scale': 0.2179278970740318, 'Dg_scale': 1.9169636100098457, 'D2_xe_scale': 0.20847202817513916, 'b_scale': 0.3473325537798356, 'gb_scale': 2.612942386391631, 'gd_scale': 6.151090387681117, 'coalescence_d_scale': 6.758992872755351, 'capture_scale': 0.05559371745054616}. Best is trial 216 with value: 1.8281735809555621.
[I 2026-05-01 20:36:45,963] Trial 229 finished with value: 1.9509257606679686 and parameters: {'f_n': 1.6149756224659232e-07, 'K_d': 644082.0836957325, 'rho_d': 18224189513854.234, 'fission_rate': 7.234680058429994e+19, 'Dv_scale': 0.20769268010928402, 'Dg_scale': 1.4440341088389077, 'D2_xe_scale': 0.25489935027495186, 'b_scale': 0.2537921151512727, 'gb_scale': 2.343096388104345, 'gd_scale': 7.365566447145041, 'coalescence_d_scale': 7.8795355819626955, 'capture_scale': 0.08134194569598853}. Best is trial 216 with value: 1.8281735809555621.
[I 2026-05-01 20:36:49,776] Trial 230 finished with value: 1.8864506858572616 and parameters: {'f_n': 2.125897674749663e-07, 'K_d': 591054.7066742117, 'rho_d': 16021502885664.14, 'fission_rate': 7.464283564731051e+19, 'Dv_scale': 0.2006478836557701, 'Dg_scale': 1.5936763663939515, 'D2_xe_scale': 0.35183178329587866, 'b_scale': 0.2217349676086101, 'gb_scale': 3.4139032659111535, 'gd_scale': 8.918827284302631, 'coalescence_d_scale': 5.291071844367469, 'capture_scale': 0.04833407765441835}. Best is trial 216 with value: 1.8281735809555621.
[I 2026-05-01 20:36:53,688] Trial 231 finished with value: 1.9039748881221115 and parameters: {'f_n': 1.0780792662942714e-07, 'K_d': 791824.8589433666, 'rho_d': 20456184206574.613, 'fission_rate': 7.2809969733908505e+19, 'Dv_scale': 0.21152387042928475, 'Dg_scale': 1.9467378371295059, 'D2_xe_scale': 0.19612933476062222, 'b_scale': 0.3035653414876436, 'gb_scale': 2.050140016440312, 'gd_scale': 6.546960364105193, 'coalescence_d_scale': 6.100828790001663, 'capture_scale': 0.06044802112295706}. Best is trial 216 with value: 1.8281735809555621.
[I 2026-05-01 20:36:57,724] Trial 232 finished with value: 1.8546057343756885 and parameters: {'f_n': 1.3123858227431484e-07, 'K_d': 863381.1137346913, 'rho_d': 13863193154120.178, 'fission_rate': 7.05598358996631e+19, 'Dv_scale': 0.2185601252901526, 'Dg_scale': 1.7962522081481862, 'D2_xe_scale': 0.21615435069950614, 'b_scale': 0.2791467315481672, 'gb_scale': 1.9196655318977338, 'gd_scale': 5.990740490336989, 'coalescence_d_scale': 5.240966045595192, 'capture_scale': 0.039610493168656724}. Best is trial 216 with value: 1.8281735809555621.
[I 2026-05-01 20:37:01,613] Trial 233 finished with value: 1.9682942051948196 and parameters: {'f_n': 1.3408535424878698e-07, 'K_d': 744934.9383765886, 'rho_d': 13509300504408.475, 'fission_rate': 7.074871144713163e+19, 'Dv_scale': 0.22359307999058928, 'Dg_scale': 1.8119273989691862, 'D2_xe_scale': 0.22450798740327851, 'b_scale': 0.2765221014653792, 'gb_scale': 3.002042267861788, 'gd_scale': 5.9960839204319445, 'coalescence_d_scale': 4.96453039506895, 'capture_scale': 0.04122507760921622}. Best is trial 216 with value: 1.8281735809555621.
[I 2026-05-01 20:37:05,467] Trial 234 finished with value: 1.8526786176945669 and parameters: {'f_n': 1.7137009856172516e-07, 'K_d': 864391.5820516106, 'rho_d': 14313958780173.242, 'fission_rate': 7.153087911186984e+19, 'Dv_scale': 0.2343461999145098, 'Dg_scale': 1.6952990351450585, 'D2_xe_scale': 0.17269522766386136, 'b_scale': 0.32400465627730896, 'gb_scale': 2.250716094594834, 'gd_scale': 6.903827586461394, 'coalescence_d_scale': 5.766540463832916, 'capture_scale': 0.053428053713717574}. Best is trial 216 with value: 1.8281735809555621.
[I 2026-05-01 20:37:08,895] Trial 235 finished with value: 1.8478645510514493 and parameters: {'f_n': 1.712844877012461e-07, 'K_d': 861744.954301702, 'rho_d': 14232795684157.441, 'fission_rate': 6.99947405186792e+19, 'Dv_scale': 0.23475793266801448, 'Dg_scale': 1.835281871085346, 'D2_xe_scale': 0.17284772640542517, 'b_scale': 0.37673839488267474, 'gb_scale': 2.237861468192871, 'gd_scale': 8.015979142971274, 'coalescence_d_scale': 5.771325506549376, 'capture_scale': 0.0684146764326608}. Best is trial 216 with value: 1.8281735809555621.
[I 2026-05-01 20:37:12,822] Trial 236 finished with value: 1.8384938112017097 and parameters: {'f_n': 1.6285236078273956e-07, 'K_d': 879743.3871325051, 'rho_d': 14862415967035.465, 'fission_rate': 6.9957420485993e+19, 'Dv_scale': 0.23601997522911894, 'Dg_scale': 1.8335060138930757, 'D2_xe_scale': 0.16714302054422925, 'b_scale': 0.379799758961952, 'gb_scale': 2.2780843171958525, 'gd_scale': 8.004952746888756, 'coalescence_d_scale': 5.561355025882567, 'capture_scale': 0.06798734110870457}. Best is trial 216 with value: 1.8281735809555621.
[I 2026-05-01 20:37:17,003] Trial 237 finished with value: 1.8520387281582003 and parameters: {'f_n': 1.6521697755507923e-07, 'K_d': 877711.0111709741, 'rho_d': 14477181236358.516, 'fission_rate': 6.9835781316140065e+19, 'Dv_scale': 0.2370495834249969, 'Dg_scale': 1.824728430938081, 'D2_xe_scale': 0.17164719771387707, 'b_scale': 0.3985610975328654, 'gb_scale': 1.9867100542463094, 'gd_scale': 7.676448212515657, 'coalescence_d_scale': 5.556660939244694, 'capture_scale': 0.06822794796957687}. Best is trial 216 with value: 1.8281735809555621.
[I 2026-05-01 20:37:20,966] Trial 238 finished with value: 1.8679638527373894 and parameters: {'f_n': 1.7398082697183577e-07, 'K_d': 876743.3792664695, 'rho_d': 14081048003908.05, 'fission_rate': 7.027092574770476e+19, 'Dv_scale': 0.2377572206254624, 'Dg_scale': 1.7350703470827404, 'D2_xe_scale': 0.1668385738516691, 'b_scale': 0.43355489341906905, 'gb_scale': 1.9589130371885637, 'gd_scale': 9.46977763091521, 'coalescence_d_scale': 5.545841248091443, 'capture_scale': 0.08955912719815176}. Best is trial 216 with value: 1.8281735809555621.
[I 2026-05-01 20:37:24,848] Trial 239 finished with value: 1.858555490877256 and parameters: {'f_n': 1.5579083059748117e-07, 'K_d': 802602.4630514944, 'rho_d': 14776296758154.822, 'fission_rate': 7.112451193879639e+19, 'Dv_scale': 0.23397415785976, 'Dg_scale': 1.8447886686177817, 'D2_xe_scale': 0.17662920401597054, 'b_scale': 0.38836041856696746, 'gb_scale': 2.219411850477708, 'gd_scale': 7.679904082023608, 'coalescence_d_scale': 5.007128749317534, 'capture_scale': 0.06861848337116926}. Best is trial 216 with value: 1.8281735809555621.
[I 2026-05-01 20:37:28,895] Trial 240 finished with value: 1.8669281192353895 and parameters: {'f_n': 2.0718608881323235e-07, 'K_d': 846037.3059054067, 'rho_d': 15554498031237.473, 'fission_rate': 6.9914213615814435e+19, 'Dv_scale': 0.23352765331582734, 'Dg_scale': 1.617862951584011, 'D2_xe_scale': 0.16526807283516234, 'b_scale': 0.445513481844258, 'gb_scale': 2.8615925923961947, 'gd_scale': 8.278286239524938, 'coalescence_d_scale': 5.595358076036322, 'capture_scale': 0.0729291751677288}. Best is trial 216 with value: 1.8281735809555621.Best trial: 216. Best value: 1.82817:  80%|████████  | 240/300 [16:39<03:54,  3.91s/it]Best trial: 216. Best value: 1.82817:  80%|████████  | 240/300 [16:39<03:54,  3.91s/it]Best trial: 216. Best value: 1.82817:  80%|████████  | 241/300 [16:39<03:53,  3.95s/it]                                                                                       Best trial: 216. Best value: 1.82817:  80%|████████  | 241/300 [16:42<03:53,  3.95s/it]Best trial: 216. Best value: 1.82817:  80%|████████  | 241/300 [16:43<03:53,  3.95s/it]Best trial: 216. Best value: 1.82817:  81%|████████  | 242/300 [16:43<03:48,  3.94s/it]                                                                                       Best trial: 216. Best value: 1.82817:  81%|████████  | 242/300 [16:46<03:48,  3.94s/it]Best trial: 216. Best value: 1.82817:  81%|████████  | 242/300 [16:46<03:48,  3.94s/it]Best trial: 216. Best value: 1.82817:  81%|████████  | 243/300 [16:46<03:42,  3.91s/it]                                                                                       Best trial: 216. Best value: 1.82817:  81%|████████  | 243/300 [16:49<03:42,  3.91s/it]Best trial: 216. Best value: 1.82817:  81%|████████  | 243/300 [16:49<03:42,  3.91s/it]Best trial: 216. Best value: 1.82817:  81%|████████▏ | 244/300 [16:49<03:21,  3.59s/it]                                                                                       Best trial: 216. Best value: 1.82817:  81%|████████▏ | 244/300 [16:53<03:21,  3.59s/it]Best trial: 216. Best value: 1.82817:  81%|████████▏ | 244/300 [16:53<03:21,  3.59s/it]Best trial: 216. Best value: 1.82817:  82%|████████▏ | 245/300 [16:53<03:22,  3.68s/it]                                                                                       Best trial: 216. Best value: 1.82817:  82%|████████▏ | 245/300 [16:57<03:22,  3.68s/it]Best trial: 216. Best value: 1.82817:  82%|████████▏ | 245/300 [16:57<03:22,  3.68s/it]Best trial: 216. Best value: 1.82817:  82%|████████▏ | 246/300 [16:57<03:24,  3.79s/it]                                                                                       Best trial: 216. Best value: 1.82817:  82%|████████▏ | 246/300 [17:01<03:24,  3.79s/it]Best trial: 216. Best value: 1.82817:  82%|████████▏ | 246/300 [17:01<03:24,  3.79s/it]Best trial: 216. Best value: 1.82817:  82%|████████▏ | 247/300 [17:01<03:23,  3.84s/it]                                                                                       Best trial: 216. Best value: 1.82817:  82%|████████▏ | 247/300 [17:05<03:23,  3.84s/it]Best trial: 216. Best value: 1.82817:  82%|████████▏ | 247/300 [17:05<03:23,  3.84s/it]Best trial: 216. Best value: 1.82817:  83%|████████▎ | 248/300 [17:05<03:18,  3.83s/it]                                                                                       Best trial: 216. Best value: 1.82817:  83%|████████▎ | 248/300 [17:09<03:18,  3.83s/it]Best trial: 216. Best value: 1.82817:  83%|████████▎ | 248/300 [17:09<03:18,  3.83s/it]Best trial: 216. Best value: 1.82817:  83%|████████▎ | 249/300 [17:09<03:16,  3.86s/it]                                                                                       Best trial: 216. Best value: 1.82817:  83%|████████▎ | 249/300 [17:13<03:16,  3.86s/it]Best trial: 216. Best value: 1.82817:  83%|████████▎ | 249/300 [17:13<03:16,  3.86s/it]Best trial: 216. Best value: 1.82817:  83%|████████▎ | 250/300 [17:13<03:14,  3.89s/it]                                                                                       Best trial: 216. Best value: 1.82817:  83%|████████▎ | 250/300 [17:17<03:14,  3.89s/it]Best trial: 250. Best value: 1.82534:  83%|████████▎ | 250/300 [17:17<03:14,  3.89s/it]Best trial: 250. Best value: 1.82534:  84%|████████▎ | 251/300 [17:17<03:11,  3.90s/it]                                                                                       Best trial: 250. Best value: 1.82534:  84%|████████▎ | 251/300 [17:20<03:11,  3.90s/it]Best trial: 250. Best value: 1.82534:  84%|████████▎ | 251/300 [17:20<03:11,  3.90s/it]Best trial: 250. Best value: 1.82534:  84%|████████▍ | 252/300 [17:20<02:55,  3.65s/it]                                                                                       Best trial: 250. Best value: 1.82534:  84%|████████▍ | 252/300 [17:24<02:55,  3.65s/it]Best trial: 250. Best value: 1.82534:  84%|████████▍ | 252/300 [17:24<02:55,  3.65s/it]Best trial: 250. Best value: 1.82534:  84%|████████▍ | 253/300 [17:24<02:53,  3.69s/it]                                                                                       Best trial: 250. Best value: 1.82534:  84%|████████▍ | 253/300 [17:28<02:53,  3.69s/it]Best trial: 250. Best value: 1.82534:  84%|████████▍ | 253/300 [17:28<02:53,  3.69s/it]Best trial: 250. Best value: 1.82534:  85%|████████▍ | 254/300 [17:28<02:54,  3.80s/it]                                                                                       Best trial: 250. Best value: 1.82534:  85%|████████▍ | 254/300 [17:31<02:54,  3.80s/it]Best trial: 250. Best value: 1.82534:  85%|████████▍ | 254/300 [17:31<02:54,  3.80s/it]Best trial: 250. Best value: 1.82534:  85%|████████▌ | 255/300 [17:31<02:49,  3.77s/it]                                                                                       Best trial: 250. Best value: 1.82534:  85%|████████▌ | 255/300 [17:35<02:49,  3.77s/it]Best trial: 250. Best value: 1.82534:  85%|████████▌ | 255/300 [17:35<02:49,  3.77s/it]Best trial: 250. Best value: 1.82534:  85%|████████▌ | 256/300 [17:35<02:45,  3.77s/it]                                                                                       
[I 2026-05-01 20:37:32,819] Trial 241 finished with value: 1.9424232431647739 and parameters: {'f_n': 2.145871427787282e-07, 'K_d': 941647.6366356495, 'rho_d': 13919213063020.781, 'fission_rate': 7.15136779446006e+19, 'Dv_scale': 0.2239284715341498, 'Dg_scale': 1.8538645699384895, 'D2_xe_scale': 0.18703249400546604, 'b_scale': 0.3588067914177717, 'gb_scale': 1.9125335066695746, 'gd_scale': 5.933500134448692, 'coalescence_d_scale': 6.651684387836055, 'capture_scale': 0.06258370804793258}. Best is trial 216 with value: 1.8281735809555621.
[I 2026-05-01 20:37:36,655] Trial 242 finished with value: 1.8543713207692818 and parameters: {'f_n': 9.377781768507636e-08, 'K_d': 872362.6225425523, 'rho_d': 14983329869234.021, 'fission_rate': 7.145802590542112e+19, 'Dv_scale': 0.22224003565573008, 'Dg_scale': 1.701756664153988, 'D2_xe_scale': 0.1873638278794711, 'b_scale': 0.335451251980471, 'gb_scale': 2.1782677523166676, 'gd_scale': 7.05792755248065, 'coalescence_d_scale': 4.916471597442088, 'capture_scale': 0.06146664371270887}. Best is trial 216 with value: 1.8281735809555621.
[I 2026-05-01 20:37:39,498] Trial 243 finished with value: 1.9009369180578015 and parameters: {'f_n': 9.57551223230827e-08, 'K_d': 778088.4030832935, 'rho_d': 14745145051177.424, 'fission_rate': 7.181264283955579e+19, 'Dv_scale': 0.218633051563688, 'Dg_scale': 1.7083309615483058, 'D2_xe_scale': 0.17748711930683533, 'b_scale': 0.34373590370981755, 'gb_scale': 2.15339615878072, 'gd_scale': 7.339016924574894, 'coalescence_d_scale': 7.271701256198384, 'capture_scale': 0.06423630360623528}. Best is trial 216 with value: 1.8281735809555621.
[I 2026-05-01 20:37:43,378] Trial 244 finished with value: 1.9427745163325276 and parameters: {'f_n': 1.6347478015656117e-07, 'K_d': 868100.8430140426, 'rho_d': 13257867391580.78, 'fission_rate': 7.0758542584605426e+19, 'Dv_scale': 0.2376747866027116, 'Dg_scale': 1.5448164337202235, 'D2_xe_scale': 0.19853825552844953, 'b_scale': 0.3334170360493894, 'gb_scale': 2.6689280184012554, 'gd_scale': 6.857180290448826, 'coalescence_d_scale': 4.899058079024356, 'capture_scale': 0.07882022306299076}. Best is trial 216 with value: 1.8281735809555621.
[I 2026-05-01 20:37:47,429] Trial 245 finished with value: 1.8295794867500705 and parameters: {'f_n': 1.4032938100557445e-07, 'K_d': 861511.0543448898, 'rho_d': 15809069295814.371, 'fission_rate': 6.977306317818056e+19, 'Dv_scale': 0.21834952800861832, 'Dg_scale': 1.8154078069104607, 'D2_xe_scale': 0.1608430561221218, 'b_scale': 0.38504172081735455, 'gb_scale': 2.378032037895535, 'gd_scale': 7.7039945568376, 'coalescence_d_scale': 5.826764135038462, 'capture_scale': 0.05689265638173259}. Best is trial 216 with value: 1.8281735809555621.
[I 2026-05-01 20:37:51,399] Trial 246 finished with value: 1.8952943618848632 and parameters: {'f_n': 7.120091330918208e-08, 'K_d': 874110.8706294443, 'rho_d': 14331910824260.508, 'fission_rate': 7.0024047642758865e+19, 'Dv_scale': 0.22752492052722173, 'Dg_scale': 1.9101225981705099, 'D2_xe_scale': 0.15757569918344516, 'b_scale': 0.5289863585433773, 'gb_scale': 2.2648754371563027, 'gd_scale': 8.208094236882623, 'coalescence_d_scale': 5.194181389585142, 'capture_scale': 0.06799304155075517}. Best is trial 216 with value: 1.8281735809555621.
[I 2026-05-01 20:37:55,185] Trial 247 finished with value: 1.8954063394138954 and parameters: {'f_n': 9.567243964849785e-08, 'K_d': 809783.0376021336, 'rho_d': 16764674528503.342, 'fission_rate': 7.345772990865863e+19, 'Dv_scale': 0.21847014744485777, 'Dg_scale': 1.7164367015999284, 'D2_xe_scale': 0.27059965109629713, 'b_scale': 0.38967536645146544, 'gb_scale': 2.6897081729693655, 'gd_scale': 9.065606154983579, 'coalescence_d_scale': 4.5425191401557, 'capture_scale': 0.04787008321664732}. Best is trial 216 with value: 1.8281735809555621.
[I 2026-05-01 20:37:59,131] Trial 248 finished with value: 1.833628860916242 and parameters: {'f_n': 1.679365437728397e-07, 'K_d': 875818.5875585886, 'rho_d': 15228784768240.775, 'fission_rate': 6.95587517359558e+19, 'Dv_scale': 0.22974132393715105, 'Dg_scale': 1.6317868544694936, 'D2_xe_scale': 0.1629568320820738, 'b_scale': 0.3200773675784936, 'gb_scale': 2.0857269375316, 'gd_scale': 7.388380869221634, 'coalescence_d_scale': 6.794393718912833, 'capture_scale': 0.05733803543929691}. Best is trial 216 with value: 1.8281735809555621.
[I 2026-05-01 20:38:03,094] Trial 249 finished with value: 1.8445803485548726 and parameters: {'f_n': 1.7963112186157583e-07, 'K_d': 940128.6725257069, 'rho_d': 15390335162610.734, 'fission_rate': 6.9705151680576274e+19, 'Dv_scale': 0.24088697804665396, 'Dg_scale': 1.589136870901154, 'D2_xe_scale': 0.1578328648388071, 'b_scale': 0.33260822057872425, 'gb_scale': 2.126563783823146, 'gd_scale': 7.716660511009221, 'coalescence_d_scale': 6.9877476454598035, 'capture_scale': 0.05932327127018838}. Best is trial 216 with value: 1.8281735809555621.
[I 2026-05-01 20:38:07,015] Trial 250 finished with value: 1.8253372256334117 and parameters: {'f_n': 1.7849300382058145e-07, 'K_d': 938365.6337687437, 'rho_d': 15978638256441.324, 'fission_rate': 6.993783223186486e+19, 'Dv_scale': 0.2389979072529236, 'Dg_scale': 1.5602658929827744, 'D2_xe_scale': 0.16202898930243995, 'b_scale': 0.3769947874802921, 'gb_scale': 3.1965741320354146, 'gd_scale': 7.839984103132216, 'coalescence_d_scale': 6.854942276723768, 'capture_scale': 0.05554151341341408}. Best is trial 250 with value: 1.8253372256334117.
[I 2026-05-01 20:38:10,083] Trial 251 finished with value: 1.8962409176054493 and parameters: {'f_n': 1.7209591156115004e-07, 'K_d': 939410.2520056451, 'rho_d': 15911086552630.951, 'fission_rate': 6.973198348978714e+19, 'Dv_scale': 0.24408249057235729, 'Dg_scale': 1.5229306736428012, 'D2_xe_scale': 0.16016381713020822, 'b_scale': 0.39992098563995715, 'gb_scale': 3.501548400755834, 'gd_scale': 9.919561311229966, 'coalescence_d_scale': 8.076479772648034, 'capture_scale': 0.09418635433248679}. Best is trial 250 with value: 1.8253372256334117.
[I 2026-05-01 20:38:13,859] Trial 252 finished with value: 1.8893804637948883 and parameters: {'f_n': 1.7229574190988767e-07, 'K_d': 766199.1350210179, 'rho_d': 17064907813594.9, 'fission_rate': 7.2801963871632474e+19, 'Dv_scale': 0.2346437570451925, 'Dg_scale': 1.5834652974253538, 'D2_xe_scale': 0.15518308435200018, 'b_scale': 0.4751055824746305, 'gb_scale': 3.152548658767274, 'gd_scale': 7.832801772259591, 'coalescence_d_scale': 7.31489205591246, 'capture_scale': 0.07748385171188306}. Best is trial 250 with value: 1.8253372256334117.
[I 2026-05-01 20:38:17,905] Trial 253 finished with value: 4.050757611520759 and parameters: {'f_n': 2.4378021827734863e-07, 'K_d': 798773.5090783209, 'rho_d': 15866177049100.562, 'fission_rate': 6.961890172216526e+19, 'Dv_scale': 0.20956290027701058, 'Dg_scale': 1.6192876270920256, 'D2_xe_scale': 0.16988222512719708, 'b_scale': 0.32015363840019323, 'gb_scale': 2.886322550834013, 'gd_scale': 0.781857332633816, 'coalescence_d_scale': 6.726534893619581, 'capture_scale': 0.05711100774923744}. Best is trial 250 with value: 1.8253372256334117.
[I 2026-05-01 20:38:21,614] Trial 254 finished with value: 2.092012540917109 and parameters: {'f_n': 1.3794272094037044e-07, 'K_d': 719141.1483237355, 'rho_d': 23488547597506.535, 'fission_rate': 7.500636398644378e+19, 'Dv_scale': 0.21007391701321082, 'Dg_scale': 1.3712431653929884, 'D2_xe_scale': 0.14907133080299637, 'b_scale': 0.36581167844474466, 'gb_scale': 2.4575048696915016, 'gd_scale': 8.694595879799731, 'coalescence_d_scale': 9.540942820738309, 'capture_scale': 0.06837433112357455}. Best is trial 250 with value: 1.8253372256334117.
[I 2026-05-01 20:38:25,388] Trial 255 finished with value: 1.9729860517592044 and parameters: {'f_n': 1.1177361763110307e-07, 'K_d': 952864.0906607215, 'rho_d': 14983190649252.32, 'fission_rate': 7.368296548156357e+19, 'Dv_scale': 0.22990190369609545, 'Dg_scale': 1.4927040381965702, 'D2_xe_scale': 0.1767795881838133, 'b_scale': 0.5949501073057044, 'gb_scale': 2.6963832697226544, 'gd_scale': 7.5379587152108165, 'coalescence_d_scale': 6.620340243179653, 'capture_scale': 0.05294864810943676}. Best is trial 250 with value: 1.8253372256334117.
