[I 2026-05-01 20:30:30,563] Trial 133 finished with value: 1.9359130640457014 and parameters: {'f_n': 1.104346203925806e-06, 'K_d': 1260887.0315961426, 'rho_d': 6740130713031.0, 'fission_rate': 6.4837731058636095e+19, 'Dv_scale': 0.2995916779969405, 'Dg_scale': 3.6658680837341953, 'D2_xe_scale': 0.06606807281034927, 'b_scale': 0.08507938125347096, 'gb_scale': 0.3495089406144898, 'gd_scale': 3.5314701562180146, 'coalescence_d_scale': 3.269398376031599, 'capture_scale': 0.014415018639944904}. Best is trial 131 with value: 1.9290554216058426.
[I 2026-05-01 20:30:34,707] Trial 134 finished with value: 1.8977282121782002 and parameters: {'f_n': 1.166399995894885e-06, 'K_d': 1499044.5475548024, 'rho_d': 8049559098074.243, 'fission_rate': 6.4807154534429835e+19, 'Dv_scale': 0.2682306436594055, 'Dg_scale': 3.6957666524947332, 'D2_xe_scale': 0.06730299762409479, 'b_scale': 0.08627616341917856, 'gb_scale': 0.543281902546103, 'gd_scale': 4.213716967655259, 'coalescence_d_scale': 3.1248194546006136, 'capture_scale': 0.010255740083879597}. Best is trial 134 with value: 1.8977282121782002.
[I 2026-05-01 20:30:38,985] Trial 135 finished with value: 1.9479892209813865 and parameters: {'f_n': 8.218991178608204e-07, 'K_d': 1487534.5790531773, 'rho_d': 8314310917722.587, 'fission_rate': 6.5050904442737254e+19, 'Dv_scale': 0.279831359839581, 'Dg_scale': 3.7201323412455407, 'D2_xe_scale': 0.06587188420721252, 'b_scale': 0.07557694600966908, 'gb_scale': 0.5671277021165004, 'gd_scale': 4.193264404338582, 'coalescence_d_scale': 3.194935267554276, 'capture_scale': 0.010156841873623737}. Best is trial 134 with value: 1.8977282121782002.
[I 2026-05-01 20:30:43,044] Trial 136 finished with value: 1.9366082387167325 and parameters: {'f_n': 1.1282795736994654e-06, 'K_d': 1474614.9830169661, 'rho_d': 9130682834368.166, 'fission_rate': 6.534195394037369e+19, 'Dv_scale': 0.29395403779475143, 'Dg_scale': 3.708346678295496, 'D2_xe_scale': 0.06687695023853248, 'b_scale': 0.07485843533395235, 'gb_scale': 0.5516003553474346, 'gd_scale': 4.008899648034532, 'coalescence_d_scale': 3.385739090824282, 'capture_scale': 0.010255839229353303}. Best is trial 134 with value: 1.8977282121782002.
[I 2026-05-01 20:30:47,311] Trial 137 finished with value: 1.9039025747311045 and parameters: {'f_n': 8.637464437883245e-07, 'K_d': 1494595.5707002094, 'rho_d': 9031634370555.582, 'fission_rate': 6.484942735522481e+19, 'Dv_scale': 0.2852227891707597, 'Dg_scale': 3.7269620492860356, 'D2_xe_scale': 0.06817403827822979, 'b_scale': 0.07716495083644039, 'gb_scale': 0.5982471108334857, 'gd_scale': 3.6108326247779967, 'coalescence_d_scale': 3.2136906795104756, 'capture_scale': 0.014334731080870189}. Best is trial 134 with value: 1.8977282121782002.
[I 2026-05-01 20:30:51,544] Trial 138 finished with value: 1.9228684309549608 and parameters: {'f_n': 1.0254267176581128e-06, 'K_d': 1491808.503899044, 'rho_d': 8880579754651.047, 'fission_rate': 6.538220601572518e+19, 'Dv_scale': 0.2725212146926879, 'Dg_scale': 3.54460485780184, 'D2_xe_scale': 0.06763654060026945, 'b_scale': 0.07502325765386511, 'gb_scale': 0.595477059181809, 'gd_scale': 4.146610393669818, 'coalescence_d_scale': 3.1950370886663295, 'capture_scale': 0.014164258378290887}. Best is trial 134 with value: 1.8977282121782002.
[I 2026-05-01 20:30:54,845] Trial 139 finished with value: 1.9559401136847268 and parameters: {'f_n': 8.86209580830852e-07, 'K_d': 1472622.4667590517, 'rho_d': 9146742503088.867, 'fission_rate': 6.52485172215138e+19, 'Dv_scale': 0.27573887267838953, 'Dg_scale': 3.6406257922355376, 'D2_xe_scale': 0.06589542857197381, 'b_scale': 0.07676853970129856, 'gb_scale': 0.5831288411353123, 'gd_scale': 4.171594023405243, 'coalescence_d_scale': 3.3605818016852993, 'capture_scale': 0.014143207279799203}. Best is trial 134 with value: 1.8977282121782002.
[I 2026-05-01 20:30:58,978] Trial 140 finished with value: 1.90485923444355 and parameters: {'f_n': 7.146352124747697e-07, 'K_d': 1492099.2183315556, 'rho_d': 8371803725988.701, 'fission_rate': 6.4657656776187765e+19, 'Dv_scale': 0.2563076369147561, 'Dg_scale': 3.543528773317144, 'D2_xe_scale': 0.07354039714980912, 'b_scale': 0.09037304691256956, 'gb_scale': 0.6953124229124308, 'gd_scale': 3.9249153819771547, 'coalescence_d_scale': 2.8800591330690786, 'capture_scale': 0.020195861573865218}. Best is trial 134 with value: 1.8977282121782002.
[I 2026-05-01 20:31:03,422] Trial 141 finished with value: 1.9476502600403427 and parameters: {'f_n': 1.0961401954790261e-06, 'K_d': 1495009.610644328, 'rho_d': 8257084462338.7705, 'fission_rate': 6.445329587521834e+19, 'Dv_scale': 0.2585902862483504, 'Dg_scale': 3.4675923933611013, 'D2_xe_scale': 0.06957842459313932, 'b_scale': 0.09268568181406303, 'gb_scale': 0.6534794710544809, 'gd_scale': 3.6524539056760084, 'coalescence_d_scale': 2.8175670945245757, 'capture_scale': 0.020137988201719345}. Best is trial 134 with value: 1.8977282121782002.
[I 2026-05-01 20:31:07,779] Trial 142 finished with value: 1.9012052075157169 and parameters: {'f_n': 7.287314576185984e-07, 'K_d': 1465337.5683893322, 'rho_d': 8382362324559.975, 'fission_rate': 6.4958781375965766e+19, 'Dv_scale': 0.2574931283121932, 'Dg_scale': 3.616213017473296, 'D2_xe_scale': 0.07080018426736684, 'b_scale': 0.09203505936016067, 'gb_scale': 0.6994852223040747, 'gd_scale': 3.9746363473121398, 'coalescence_d_scale': 2.9390188334916405, 'capture_scale': 0.02055144109302357}. Best is trial 134 with value: 1.8977282121782002.
[I 2026-05-01 20:31:12,256] Trial 143 finished with value: 1.9145905286042668 and parameters: {'f_n': 6.084286275747952e-07, 'K_d': 1489851.6934167692, 'rho_d': 8921498491864.479, 'fission_rate': 6.419808693817286e+19, 'Dv_scale': 0.25793492972916204, 'Dg_scale': 3.534040340843907, 'D2_xe_scale': 0.0728633024075384, 'b_scale': 0.08795389358823015, 'gb_scale': 0.6883954417861452, 'gd_scale': 3.65587109779372, 'coalescence_d_scale': 2.8054071783891006, 'capture_scale': 0.020748516373830052}. Best is trial 134 with value: 1.8977282121782002.
[I 2026-05-01 20:31:16,343] Trial 144 finished with value: 2.051014088939017 and parameters: {'f_n': 6.819337316841585e-07, 'K_d': 1228473.4779636431, 'rho_d': 8943697090667.13, 'fission_rate': 6.702940748201383e+19, 'Dv_scale': 0.2394165636055613, 'Dg_scale': 3.0910896893843987, 'D2_xe_scale': 0.07214964499582772, 'b_scale': 0.08758454890665938, 'gb_scale': 0.5027393900172458, 'gd_scale': 4.76551013119708, 'coalescence_d_scale': 2.367711542620545, 'capture_scale': 0.025349287230916725}. Best is trial 134 with value: 1.8977282121782002.Best trial: 134. Best value: 1.89773:  48%|████▊     | 144/300 [10:26<11:08,  4.28s/it]Best trial: 134. Best value: 1.89773:  48%|████▊     | 144/300 [10:26<11:08,  4.28s/it]Best trial: 134. Best value: 1.89773:  48%|████▊     | 145/300 [10:26<10:55,  4.23s/it]                                                                                       Best trial: 134. Best value: 1.89773:  48%|████▊     | 145/300 [10:30<10:55,  4.23s/it]Best trial: 134. Best value: 1.89773:  48%|████▊     | 145/300 [10:30<10:55,  4.23s/it]Best trial: 134. Best value: 1.89773:  49%|████▊     | 146/300 [10:30<10:49,  4.22s/it]                                                                                       Best trial: 134. Best value: 1.89773:  49%|████▊     | 146/300 [10:33<10:49,  4.22s/it]Best trial: 134. Best value: 1.89773:  49%|████▊     | 146/300 [10:33<10:49,  4.22s/it]Best trial: 134. Best value: 1.89773:  49%|████▉     | 147/300 [10:33<09:57,  3.91s/it]                                                                                       Best trial: 134. Best value: 1.89773:  49%|████▉     | 147/300 [10:38<09:57,  3.91s/it]Best trial: 147. Best value: 1.89588:  49%|████▉     | 147/300 [10:38<09:57,  3.91s/it]Best trial: 147. Best value: 1.89588:  49%|████▉     | 148/300 [10:38<10:09,  4.01s/it]                                                                                       Best trial: 147. Best value: 1.89588:  49%|████▉     | 148/300 [10:42<10:09,  4.01s/it]Best trial: 148. Best value: 1.87201:  49%|████▉     | 148/300 [10:42<10:09,  4.01s/it]Best trial: 148. Best value: 1.87201:  50%|████▉     | 149/300 [10:42<10:13,  4.06s/it]                                                                                       Best trial: 148. Best value: 1.87201:  50%|████▉     | 149/300 [10:46<10:13,  4.06s/it]Best trial: 149. Best value: 1.86854:  50%|████▉     | 149/300 [10:46<10:13,  4.06s/it]Best trial: 149. Best value: 1.86854:  50%|█████     | 150/300 [10:46<10:27,  4.18s/it]                                                                                       Best trial: 149. Best value: 1.86854:  50%|█████     | 150/300 [10:50<10:27,  4.18s/it]Best trial: 149. Best value: 1.86854:  50%|█████     | 150/300 [10:50<10:27,  4.18s/it]Best trial: 149. Best value: 1.86854:  50%|█████     | 151/300 [10:50<10:21,  4.17s/it]                                                                                       Best trial: 149. Best value: 1.86854:  50%|█████     | 151/300 [10:55<10:21,  4.17s/it]Best trial: 149. Best value: 1.86854:  50%|█████     | 151/300 [10:55<10:21,  4.17s/it]Best trial: 149. Best value: 1.86854:  51%|█████     | 152/300 [10:55<10:22,  4.21s/it]                                                                                       Best trial: 149. Best value: 1.86854:  51%|█████     | 152/300 [10:59<10:22,  4.21s/it]Best trial: 149. Best value: 1.86854:  51%|█████     | 152/300 [10:59<10:22,  4.21s/it]Best trial: 149. Best value: 1.86854:  51%|█████     | 153/300 [10:59<10:15,  4.19s/it]                                                                                       Best trial: 149. Best value: 1.86854:  51%|█████     | 153/300 [11:03<10:15,  4.19s/it]Best trial: 149. Best value: 1.86854:  51%|█████     | 153/300 [11:03<10:15,  4.19s/it]Best trial: 149. Best value: 1.86854:  51%|█████▏    | 154/300 [11:03<10:06,  4.16s/it]                                                                                       Best trial: 149. Best value: 1.86854:  51%|█████▏    | 154/300 [11:06<10:06,  4.16s/it]Best trial: 149. Best value: 1.86854:  51%|█████▏    | 154/300 [11:06<10:06,  4.16s/it]Best trial: 149. Best value: 1.86854:  52%|█████▏    | 155/300 [11:06<09:23,  3.88s/it]                                                                                       Best trial: 149. Best value: 1.86854:  52%|█████▏    | 155/300 [11:10<09:23,  3.88s/it]Best trial: 149. Best value: 1.86854:  52%|█████▏    | 155/300 [11:10<09:23,  3.88s/it]Best trial: 149. Best value: 1.86854:  52%|█████▏    | 156/300 [11:10<09:31,  3.97s/it]                                                                                       Best trial: 149. Best value: 1.86854:  52%|█████▏    | 156/300 [11:14<09:31,  3.97s/it]Best trial: 149. Best value: 1.86854:  52%|█████▏    | 156/300 [11:14<09:31,  3.97s/it]Best trial: 149. Best value: 1.86854:  52%|█████▏    | 157/300 [11:14<09:29,  3.98s/it]                                                                                       Best trial: 149. Best value: 1.86854:  52%|█████▏    | 157/300 [11:19<09:29,  3.98s/it]Best trial: 149. Best value: 1.86854:  52%|█████▏    | 157/300 [11:19<09:29,  3.98s/it]Best trial: 149. Best value: 1.86854:  53%|█████▎    | 158/300 [11:19<09:36,  4.06s/it]                                                                                       Best trial: 149. Best value: 1.86854:  53%|█████▎    | 158/300 [11:23<09:36,  4.06s/it]Best trial: 149. Best value: 1.86854:  53%|█████▎    | 158/300 [11:23<09:36,  4.06s/it]Best trial: 149. Best value: 1.86854:  53%|█████▎    | 159/300 [11:23<09:36,  4.09s/it]                                                                                       Best trial: 149. Best value: 1.86854:  53%|█████▎    | 159/300 [11:27<09:36,  4.09s/it]Best trial: 149. Best value: 1.86854:  53%|█████▎    | 159/300 [11:27<09:36,  4.09s/it]Best trial: 149. Best value: 1.86854:  53%|█████▎    | 160/300 [11:27<09:43,  4.17s/it]                                                                                       
[I 2026-05-01 20:31:20,543] Trial 145 finished with value: 1.8993770316965266 and parameters: {'f_n': 5.76847685071074e-07, 'K_d': 1268388.1489426717, 'rho_d': 8993483584927.719, 'fission_rate': 6.568208185982783e+19, 'Dv_scale': 0.3040045478531079, 'Dg_scale': 2.9255100463192325, 'D2_xe_scale': 0.10756287317396684, 'b_scale': 0.1004109434444106, 'gb_scale': 0.7158444776031962, 'gd_scale': 3.6077194224874876, 'coalescence_d_scale': 3.1472034271747567, 'capture_scale': 0.01701226387090875}. Best is trial 134 with value: 1.8977282121782002.
[I 2026-05-01 20:31:23,729] Trial 146 finished with value: 2.0013358797669447 and parameters: {'f_n': 5.689035348873411e-07, 'K_d': 1499420.359133954, 'rho_d': 9178479998568.906, 'fission_rate': 6.581694355075277e+19, 'Dv_scale': 0.2975428769597278, 'Dg_scale': 2.8909092489414534, 'D2_xe_scale': 0.10396127439610506, 'b_scale': 0.09634843213186998, 'gb_scale': 0.6901161901121466, 'gd_scale': 3.8371287929428575, 'coalescence_d_scale': 1.8000465716553782, 'capture_scale': 0.017259454678963233}. Best is trial 134 with value: 1.8977282121782002.
[I 2026-05-01 20:31:27,976] Trial 147 finished with value: 1.8958758992786395 and parameters: {'f_n': 7.615821790026994e-07, 'K_d': 1243434.453012357, 'rho_d': 8634467998268.251, 'fission_rate': 6.474208103606309e+19, 'Dv_scale': 0.2429525534081975, 'Dg_scale': 2.586736229070253, 'D2_xe_scale': 0.1232494124213511, 'b_scale': 0.10190113230238376, 'gb_scale': 0.8163087174950493, 'gd_scale': 4.374149298723148, 'coalescence_d_scale': 3.45514305735826, 'capture_scale': 0.02123573026443949}. Best is trial 147 with value: 1.8958758992786395.
[I 2026-05-01 20:31:32,160] Trial 148 finished with value: 1.8720059780655476 and parameters: {'f_n': 6.424926646236366e-07, 'K_d': 1243613.0768140464, 'rho_d': 9959835357344.715, 'fission_rate': 6.479126078311225e+19, 'Dv_scale': 0.24401942013062036, 'Dg_scale': 2.6143033533444635, 'D2_xe_scale': 0.12037834592661106, 'b_scale': 0.10591122335829176, 'gb_scale': 1.02095938401893, 'gd_scale': 5.1146487795178235, 'coalescence_d_scale': 3.333767138427446, 'capture_scale': 0.02750748103134008}. Best is trial 148 with value: 1.8720059780655476.
[I 2026-05-01 20:31:36,619] Trial 149 finished with value: 1.8685419634302836 and parameters: {'f_n': 5.763862477187127e-07, 'K_d': 1185447.9108155507, 'rho_d': 9647369592912.785, 'fission_rate': 6.541483330859898e+19, 'Dv_scale': 0.24631537596883216, 'Dg_scale': 2.5489395592336823, 'D2_xe_scale': 0.12705759371791955, 'b_scale': 0.11820888052302131, 'gb_scale': 1.0171825799848366, 'gd_scale': 5.004944410415747, 'coalescence_d_scale': 3.3863202918028277, 'capture_scale': 0.022214601618402403}. Best is trial 149 with value: 1.8685419634302836.
[I 2026-05-01 20:31:40,756] Trial 150 finished with value: 1.892905726752845 and parameters: {'f_n': 5.964779629490726e-07, 'K_d': 1198283.0447755894, 'rho_d': 9976133947452.605, 'fission_rate': 6.685430987569555e+19, 'Dv_scale': 0.2393741996769595, 'Dg_scale': 2.580361073885914, 'D2_xe_scale': 0.11991102434675353, 'b_scale': 0.11521789262985156, 'gb_scale': 1.009684509474487, 'gd_scale': 4.737461146482994, 'coalescence_d_scale': 2.9164750473018795, 'capture_scale': 0.02778726113403997}. Best is trial 149 with value: 1.8685419634302836.
[I 2026-05-01 20:31:45,063] Trial 151 finished with value: 1.931715580743278 and parameters: {'f_n': 6.061355465074563e-07, 'K_d': 1107602.029685391, 'rho_d': 10636208555468.643, 'fission_rate': 6.669738374658856e+19, 'Dv_scale': 0.20409669950670492, 'Dg_scale': 2.5736431477408033, 'D2_xe_scale': 0.15667557727305567, 'b_scale': 0.1152412475425991, 'gb_scale': 1.113040517733638, 'gd_scale': 5.205200052667909, 'coalescence_d_scale': 2.330777217965677, 'capture_scale': 0.03733248883278886}. Best is trial 149 with value: 1.8685419634302836.
[I 2026-05-01 20:31:49,205] Trial 152 finished with value: 1.9251955071989608 and parameters: {'f_n': 6.042045705725468e-07, 'K_d': 1109115.5888067065, 'rho_d': 10466257906526.26, 'fission_rate': 6.67408602453438e+19, 'Dv_scale': 0.20471054008440318, 'Dg_scale': 2.491182216840087, 'D2_xe_scale': 0.15644015742422276, 'b_scale': 0.11136093616853762, 'gb_scale': 1.0609723207506874, 'gd_scale': 4.836647187253423, 'coalescence_d_scale': 2.4281219247046693, 'capture_scale': 0.02883827677795268}. Best is trial 149 with value: 1.8685419634302836.
[I 2026-05-01 20:31:53,291] Trial 153 finished with value: 1.929040664158383 and parameters: {'f_n': 5.841172439587923e-07, 'K_d': 1102091.0794707697, 'rho_d': 10591936016808.543, 'fission_rate': 6.671200629041813e+19, 'Dv_scale': 0.2007968085239328, 'Dg_scale': 2.551614929168981, 'D2_xe_scale': 0.1251720954095086, 'b_scale': 0.11319698085471347, 'gb_scale': 1.0639331264145377, 'gd_scale': 5.0569595181986315, 'coalescence_d_scale': 2.3932338711692136, 'capture_scale': 0.02988190142605048}. Best is trial 149 with value: 1.8685419634302836.
[I 2026-05-01 20:31:56,529] Trial 154 finished with value: 1.9247327994294852 and parameters: {'f_n': 5.625447581486445e-07, 'K_d': 1104211.0290328073, 'rho_d': 10816469980982.055, 'fission_rate': 6.634863169861905e+19, 'Dv_scale': 0.2004789355462751, 'Dg_scale': 2.552735827428733, 'D2_xe_scale': 0.15656403242907468, 'b_scale': 0.11927024557105309, 'gb_scale': 1.3146645784970157, 'gd_scale': 5.263781179822783, 'coalescence_d_scale': 2.439039239999596, 'capture_scale': 0.035993001852067025}. Best is trial 149 with value: 1.8685419634302836.
[I 2026-05-01 20:32:00,697] Trial 155 finished with value: 1.9294369322176868 and parameters: {'f_n': 4.709374085089939e-07, 'K_d': 1088832.5438133564, 'rho_d': 10754059907783.58, 'fission_rate': 6.69286359951322e+19, 'Dv_scale': 0.20126066237022414, 'Dg_scale': 2.3045081435800174, 'D2_xe_scale': 0.15914765486357757, 'b_scale': 0.1164879581015311, 'gb_scale': 1.0829902180864206, 'gd_scale': 4.965938259458621, 'coalescence_d_scale': 2.3873923050196404, 'capture_scale': 0.027792396017997902}. Best is trial 149 with value: 1.8685419634302836.
[I 2026-05-01 20:32:04,715] Trial 156 finished with value: 2.0269939453381545 and parameters: {'f_n': 4.5698116155422883e-07, 'K_d': 1166163.6763775155, 'rho_d': 10096499763266.74, 'fission_rate': 6.7372732953968976e+19, 'Dv_scale': 0.21632837133658672, 'Dg_scale': 2.1669215110195332, 'D2_xe_scale': 0.12285429388083464, 'b_scale': 0.11583022888768309, 'gb_scale': 1.273440467216408, 'gd_scale': 5.342693667369646, 'coalescence_d_scale': 1.498409529545645, 'capture_scale': 0.026968872987010763}. Best is trial 149 with value: 1.8685419634302836.
[I 2026-05-01 20:32:08,962] Trial 157 finished with value: 1.908732393014156 and parameters: {'f_n': 5.420441427471831e-07, 'K_d': 1093584.399181092, 'rho_d': 10923967794123.158, 'fission_rate': 6.587751281233684e+19, 'Dv_scale': 0.24480737147288967, 'Dg_scale': 2.4850076002932555, 'D2_xe_scale': 0.13434677283236282, 'b_scale': 0.13822200046952954, 'gb_scale': 1.0018521028457863, 'gd_scale': 4.599875252842491, 'coalescence_d_scale': 2.6894669526644863, 'capture_scale': 0.03572818523723947}. Best is trial 149 with value: 1.8685419634302836.
[I 2026-05-01 20:32:13,119] Trial 158 finished with value: 1.8961884913047466 and parameters: {'f_n': 7.283796712692458e-07, 'K_d': 1006006.2133511638, 'rho_d': 9629961035512.447, 'fission_rate': 6.54359640823992e+19, 'Dv_scale': 0.25204961046164787, 'Dg_scale': 2.4687771977504744, 'D2_xe_scale': 0.13424994673097995, 'b_scale': 0.10247971837968582, 'gb_scale': 0.9643471980362636, 'gd_scale': 4.790771769612543, 'coalescence_d_scale': 2.79765691123027, 'capture_scale': 0.0366686989995748}. Best is trial 149 with value: 1.8685419634302836.
[I 2026-05-01 20:32:17,482] Trial 159 finished with value: 1.9695102203041166 and parameters: {'f_n': 5.809669025697454e-07, 'K_d': 1035045.3997723716, 'rho_d': 9552739127403.834, 'fission_rate': 6.574576509644172e+19, 'Dv_scale': 0.24202834707488532, 'Dg_scale': 2.490150540356301, 'D2_xe_scale': 0.1341787341418263, 'b_scale': 0.13637544929822396, 'gb_scale': 0.9795429715624469, 'gd_scale': 4.384552665405752, 'coalescence_d_scale': 2.8353460956757623, 'capture_scale': 0.03658422556226535}. Best is trial 149 with value: 1.8685419634302836.
