[I 2026-05-01 20:23:33,544] Trial 37 finished with value: 2.782626031940177 and parameters: {'f_n': 1.3756514579031244e-08, 'K_d': 591636.808015776, 'rho_d': 31793503989628.0, 'fission_rate': 7.780922975850961e+19, 'Dv_scale': 0.4206750679809806, 'Dg_scale': 0.4654306701467185, 'D2_xe_scale': 0.6906225958439378, 'b_scale': 0.23709384532921807, 'gb_scale': 1.8521212783170737, 'gd_scale': 0.9653303808091612, 'coalescence_d_scale': 0.1020097173938109, 'capture_scale': 0.8688118234978607}. Best is trial 3 with value: 2.127321608005827.
[I 2026-05-01 20:23:37,146] Trial 38 finished with value: 3.9740617295354914 and parameters: {'f_n': 1.2181456584703937e-06, 'K_d': 673101.1254245024, 'rho_d': 5401298244093.156, 'fission_rate': 7.634594605204131e+19, 'Dv_scale': 0.5311580871513846, 'Dg_scale': 0.9127149830348151, 'D2_xe_scale': 0.29854216393516864, 'b_scale': 0.3149801353750674, 'gb_scale': 1.4459027243762532, 'gd_scale': 1.9631944542690585, 'coalescence_d_scale': 0.22808158347810123, 'capture_scale': 1.5134794180535227}. Best is trial 3 with value: 2.127321608005827.
[I 2026-05-01 20:23:40,839] Trial 39 finished with value: 2.3608055876718925 and parameters: {'f_n': 1.781884439630426e-07, 'K_d': 555439.9889932069, 'rho_d': 19879108798860.793, 'fission_rate': 7.505422681849343e+19, 'Dv_scale': 0.39374510169030125, 'Dg_scale': 0.596423480198652, 'D2_xe_scale': 0.1457856329871713, 'b_scale': 0.0821189918940168, 'gb_scale': 3.103644562619543, 'gd_scale': 6.2621495331581665, 'coalescence_d_scale': 1.1751630745579802, 'capture_scale': 0.22960421917395532}. Best is trial 3 with value: 2.127321608005827.
[I 2026-05-01 20:23:44,630] Trial 40 finished with value: 2.5567404137086944 and parameters: {'f_n': 1.602849590913106e-07, 'K_d': 569897.4274174704, 'rho_d': 20503237882944.86, 'fission_rate': 7.488195576482249e+19, 'Dv_scale': 0.37894385554099413, 'Dg_scale': 1.1763088354296574, 'D2_xe_scale': 0.13395945192190548, 'b_scale': 0.08347030331965141, 'gb_scale': 3.1288945030051645, 'gd_scale': 6.201892137174212, 'coalescence_d_scale': 1.1878501443135907, 'capture_scale': 0.06186995613438366}. Best is trial 3 with value: 2.127321608005827.
[I 2026-05-01 20:23:48,184] Trial 41 finished with value: 2.9318994732150663 and parameters: {'f_n': 2.4502482042030815e-07, 'K_d': 515050.3398327375, 'rho_d': 23655739567900.746, 'fission_rate': 7.708043156242466e+19, 'Dv_scale': 0.5609436525379123, 'Dg_scale': 0.5910014554988849, 'D2_xe_scale': 0.1652570294344421, 'b_scale': 0.07565800964624218, 'gb_scale': 0.9647449024184409, 'gd_scale': 3.9840425440012472, 'coalescence_d_scale': 0.6535510984087318, 'capture_scale': 0.3008857637509336}. Best is trial 3 with value: 2.127321608005827.
[I 2026-05-01 20:23:51,998] Trial 42 finished with value: 2.285879001098107 and parameters: {'f_n': 5.308497369093119e-07, 'K_d': 793334.9635000298, 'rho_d': 12464894510347.344, 'fission_rate': 6.75183750845218e+19, 'Dv_scale': 0.49268645092053176, 'Dg_scale': 0.4994360138646712, 'D2_xe_scale': 0.3502496738075147, 'b_scale': 0.11512423106018706, 'gb_scale': 2.699693247188981, 'gd_scale': 9.155197231766074, 'coalescence_d_scale': 0.10104435535053619, 'capture_scale': 0.22019283295079206}. Best is trial 3 with value: 2.127321608005827.
[I 2026-05-01 20:23:55,277] Trial 43 finished with value: 2.218182633059452 and parameters: {'f_n': 5.336628746221337e-07, 'K_d': 827439.0408173817, 'rho_d': 11444446741265.318, 'fission_rate': 7.313442757734235e+19, 'Dv_scale': 0.4815799478164037, 'Dg_scale': 0.4945065612455067, 'D2_xe_scale': 0.36438981959405436, 'b_scale': 0.13699203019113423, 'gb_scale': 2.4829231788068893, 'gd_scale': 9.778882806218379, 'coalescence_d_scale': 0.10601194099502437, 'capture_scale': 0.22183353106565373}. Best is trial 3 with value: 2.127321608005827.
[I 2026-05-01 20:23:58,810] Trial 44 finished with value: 2.2118172152173656 and parameters: {'f_n': 3.7774392959001144e-07, 'K_d': 850763.3884738926, 'rho_d': 11465155288922.244, 'fission_rate': 6.7846542359686275e+19, 'Dv_scale': 0.30285968708666694, 'Dg_scale': 0.8503288132888116, 'D2_xe_scale': 0.3595332815169387, 'b_scale': 0.11446562991035149, 'gb_scale': 4.0702607174594165, 'gd_scale': 9.762005876024336, 'coalescence_d_scale': 0.17644149686964594, 'capture_scale': 0.10101615937503627}. Best is trial 3 with value: 2.127321608005827.
[I 2026-05-01 20:24:02,773] Trial 45 finished with value: 2.1624821551803484 and parameters: {'f_n': 3.544828486687931e-07, 'K_d': 1126524.735213645, 'rho_d': 9862775923083.223, 'fission_rate': 6.774995048136686e+19, 'Dv_scale': 0.6309862097907468, 'Dg_scale': 1.6316097840688304, 'D2_xe_scale': 0.3393829018336827, 'b_scale': 0.12395853048066444, 'gb_scale': 7.737663272230907, 'gd_scale': 9.9154526607115, 'coalescence_d_scale': 0.17665415254626213, 'capture_scale': 0.1120352880521018}. Best is trial 3 with value: 2.127321608005827.
[I 2026-05-01 20:24:05,995] Trial 46 finished with value: 2.1567202061169697 and parameters: {'f_n': 4.784333973379372e-07, 'K_d': 1173096.8342856865, 'rho_d': 8686151073297.646, 'fission_rate': 6.709725708318625e+19, 'Dv_scale': 0.6392633557009086, 'Dg_scale': 1.6584677868875282, 'D2_xe_scale': 0.30253085647933775, 'b_scale': 0.12551755488483182, 'gb_scale': 6.084733218167233, 'gd_scale': 9.98451601392387, 'coalescence_d_scale': 0.15875444116598444, 'capture_scale': 0.0937091592049858}. Best is trial 3 with value: 2.127321608005827.
[I 2026-05-01 20:24:10,462] Trial 47 finished with value: 2.2804316760181433 and parameters: {'f_n': 2.822502605109964e-07, 'K_d': 1215292.2679683531, 'rho_d': 8310375000592.789, 'fission_rate': 5.7757433061944476e+19, 'Dv_scale': 0.6343924652271355, 'Dg_scale': 1.5473189171079662, 'D2_xe_scale': 0.09894101972132528, 'b_scale': 0.1325958571017432, 'gb_scale': 7.780410223978244, 'gd_scale': 8.02051436510307, 'coalescence_d_scale': 0.16291022414440692, 'capture_scale': 0.08047368636484656}. Best is trial 3 with value: 2.127321608005827.
[I 2026-05-01 20:24:14,453] Trial 48 finished with value: 3.9935803112324666 and parameters: {'f_n': 7.730228692254948e-09, 'K_d': 1114588.734201869, 'rho_d': 8875361200475.535, 'fission_rate': 6.898942701856263e+19, 'Dv_scale': 0.6698561578224861, 'Dg_scale': 1.8517409809560819, 'D2_xe_scale': 0.19997972935744818, 'b_scale': 0.05342586046202771, 'gb_scale': 5.295939585973872, 'gd_scale': 9.996280311048048, 'coalescence_d_scale': 0.15201109337508256, 'capture_scale': 0.03939065573431866}. Best is trial 3 with value: 2.127321608005827.
[I 2026-05-01 20:24:18,576] Trial 49 finished with value: 2.222663748638546 and parameters: {'f_n': 5.79560784676521e-08, 'K_d': 1458262.433172148, 'rho_d': 7776401314392.591, 'fission_rate': 6.62806003306681e+19, 'Dv_scale': 0.2211621021174909, 'Dg_scale': 3.120309385862148, 'D2_xe_scale': 0.8610214534579295, 'b_scale': 0.16388308302506854, 'gb_scale': 5.488514790345343, 'gd_scale': 7.819142849986394, 'coalescence_d_scale': 0.30574916153064985, 'capture_scale': 0.08547447499378066}. Best is trial 3 with value: 2.127321608005827.Best trial: 3. Best value: 2.12732:  16%|█▋        | 49/300 [03:28<16:13,  3.88s/it]Best trial: 3. Best value: 2.12732:  16%|█▋        | 49/300 [03:28<16:13,  3.88s/it]Best trial: 3. Best value: 2.12732:  17%|█▋        | 50/300 [03:28<16:27,  3.95s/it]                                                                                    Best trial: 3. Best value: 2.12732:  17%|█▋        | 50/300 [03:32<16:27,  3.95s/it]Best trial: 3. Best value: 2.12732:  17%|█▋        | 50/300 [03:33<16:27,  3.95s/it]Best trial: 3. Best value: 2.12732:  17%|█▋        | 51/300 [03:33<16:46,  4.04s/it]                                                                                    Best trial: 3. Best value: 2.12732:  17%|█▋        | 51/300 [03:36<16:46,  4.04s/it]Best trial: 3. Best value: 2.12732:  17%|█▋        | 51/300 [03:36<16:46,  4.04s/it]Best trial: 3. Best value: 2.12732:  17%|█▋        | 52/300 [03:36<16:37,  4.02s/it]                                                                                    Best trial: 3. Best value: 2.12732:  17%|█▋        | 52/300 [03:40<16:37,  4.02s/it]Best trial: 3. Best value: 2.12732:  17%|█▋        | 52/300 [03:41<16:37,  4.02s/it]Best trial: 3. Best value: 2.12732:  18%|█▊        | 53/300 [03:41<16:32,  4.02s/it]                                                                                    Best trial: 3. Best value: 2.12732:  18%|█▊        | 53/300 [03:44<16:32,  4.02s/it]Best trial: 3. Best value: 2.12732:  18%|█▊        | 53/300 [03:44<16:32,  4.02s/it]Best trial: 3. Best value: 2.12732:  18%|█▊        | 54/300 [03:44<15:32,  3.79s/it]                                                                                    Best trial: 3. Best value: 2.12732:  18%|█▊        | 54/300 [03:48<15:32,  3.79s/it]Best trial: 3. Best value: 2.12732:  18%|█▊        | 54/300 [03:48<15:32,  3.79s/it]Best trial: 3. Best value: 2.12732:  18%|█▊        | 55/300 [03:48<16:25,  4.02s/it]                                                                                    Best trial: 3. Best value: 2.12732:  18%|█▊        | 55/300 [03:53<16:25,  4.02s/it]Best trial: 3. Best value: 2.12732:  18%|█▊        | 55/300 [03:53<16:25,  4.02s/it]Best trial: 3. Best value: 2.12732:  19%|█▊        | 56/300 [03:53<17:09,  4.22s/it]                                                                                    Best trial: 3. Best value: 2.12732:  19%|█▊        | 56/300 [03:58<17:09,  4.22s/it]Best trial: 3. Best value: 2.12732:  19%|█▊        | 56/300 [03:58<17:09,  4.22s/it]Best trial: 3. Best value: 2.12732:  19%|█▉        | 57/300 [03:58<18:13,  4.50s/it]                                                                                    Best trial: 3. Best value: 2.12732:  19%|█▉        | 57/300 [04:04<18:13,  4.50s/it]Best trial: 3. Best value: 2.12732:  19%|█▉        | 57/300 [04:04<18:13,  4.50s/it]Best trial: 3. Best value: 2.12732:  19%|█▉        | 58/300 [04:04<19:24,  4.81s/it]                                                                                    Best trial: 3. Best value: 2.12732:  19%|█▉        | 58/300 [04:09<19:24,  4.81s/it]Best trial: 3. Best value: 2.12732:  19%|█▉        | 58/300 [04:09<19:24,  4.81s/it]Best trial: 3. Best value: 2.12732:  20%|█▉        | 59/300 [04:09<20:19,  5.06s/it]                                                                                    Best trial: 3. Best value: 2.12732:  20%|█▉        | 59/300 [04:14<20:19,  5.06s/it]Best trial: 3. Best value: 2.12732:  20%|█▉        | 59/300 [04:14<20:19,  5.06s/it]Best trial: 3. Best value: 2.12732:  20%|██        | 60/300 [04:14<20:03,  5.01s/it]                                                                                    Best trial: 3. Best value: 2.12732:  20%|██        | 60/300 [04:18<20:03,  5.01s/it]Best trial: 3. Best value: 2.12732:  20%|██        | 60/300 [04:18<20:03,  5.01s/it]Best trial: 3. Best value: 2.12732:  20%|██        | 61/300 [04:18<18:33,  4.66s/it]                                                                                    Best trial: 3. Best value: 2.12732:  20%|██        | 61/300 [04:24<18:33,  4.66s/it]Best trial: 3. Best value: 2.12732:  20%|██        | 61/300 [04:24<18:33,  4.66s/it]Best trial: 3. Best value: 2.12732:  21%|██        | 62/300 [04:24<19:40,  4.96s/it]                                                                                    Best trial: 3. Best value: 2.12732:  21%|██        | 62/300 [04:30<19:40,  4.96s/it]Best trial: 3. Best value: 2.12732:  21%|██        | 62/300 [04:30<19:40,  4.96s/it]Best trial: 3. Best value: 2.12732:  21%|██        | 63/300 [04:30<21:06,  5.34s/it]                                                                                    Best trial: 3. Best value: 2.12732:  21%|██        | 63/300 [04:35<21:06,  5.34s/it]Best trial: 63. Best value: 2.06857:  21%|██        | 63/300 [04:35<21:06,  5.34s/it]Best trial: 63. Best value: 2.06857:  21%|██▏       | 64/300 [04:35<20:56,  5.32s/it]                                                                                     Best trial: 63. Best value: 2.06857:  21%|██▏       | 64/300 [04:40<20:56,  5.32s/it]Best trial: 63. Best value: 2.06857:  21%|██▏       | 64/300 [04:40<20:56,  5.32s/it]Best trial: 63. Best value: 2.06857:  22%|██▏       | 65/300 [04:40<20:32,  5.24s/it]                                                                                     
[I 2026-05-01 20:24:22,830] Trial 50 finished with value: 3.160253746884131 and parameters: {'f_n': 9.939535324741548e-10, 'K_d': 898541.8994822986, 'rho_d': 10636370171214.941, 'fission_rate': 6.3685702378421035e+19, 'Dv_scale': 0.29863758428772913, 'Dg_scale': 1.5909142861579684, 'D2_xe_scale': 0.29231430310478074, 'b_scale': 0.10054938826759587, 'gb_scale': 4.110940021302966, 'gd_scale': 5.445824130682083, 'coalescence_d_scale': 0.19140081629207176, 'capture_scale': 0.10891314251427192}. Best is trial 3 with value: 2.127321608005827.
[I 2026-05-01 20:24:26,807] Trial 51 finished with value: 2.2451045573129007 and parameters: {'f_n': 3.255877805423825e-08, 'K_d': 1477542.6002268682, 'rho_d': 7455101012947.224, 'fission_rate': 6.679000673150593e+19, 'Dv_scale': 0.2020795770339114, 'Dg_scale': 2.973303671844098, 'D2_xe_scale': 0.8818199550573145, 'b_scale': 0.16907806469006967, 'gb_scale': 6.33810613383711, 'gd_scale': 7.86709219749616, 'coalescence_d_scale': 0.25415027521949185, 'capture_scale': 0.041822338709041826}. Best is trial 3 with value: 2.127321608005827.
[I 2026-05-01 20:24:30,822] Trial 52 finished with value: 2.890250517667621 and parameters: {'f_n': 5.561773384369491e-08, 'K_d': 1058452.8863136342, 'rho_d': 12491802456993.588, 'fission_rate': 6.646735820125317e+19, 'Dv_scale': 0.2330902903432088, 'Dg_scale': 2.995497805975159, 'D2_xe_scale': 1.1115164123926558, 'b_scale': 0.06549819282570711, 'gb_scale': 4.296412404787749, 'gd_scale': 7.6512973661934405, 'coalescence_d_scale': 0.30324613118990185, 'capture_scale': 0.0953483264506384}. Best is trial 3 with value: 2.127321608005827.
[I 2026-05-01 20:24:34,072] Trial 53 finished with value: 2.1783466106448044 and parameters: {'f_n': 3.649095394684635e-07, 'K_d': 1377203.8452236254, 'rho_d': 9276383071996.97, 'fission_rate': 6.972479304477051e+19, 'Dv_scale': 0.602377532569857, 'Dg_scale': 2.4242424899215576, 'D2_xe_scale': 0.5442374777414725, 'b_scale': 0.1615330106557613, 'gb_scale': 6.225822972340298, 'gd_scale': 9.428497521988877, 'coalescence_d_scale': 0.1435292683409425, 'capture_scale': 0.17726392624947715}. Best is trial 3 with value: 2.127321608005827.
[I 2026-05-01 20:24:38,644] Trial 54 finished with value: 2.1697135822034546 and parameters: {'f_n': 3.9114870884950584e-07, 'K_d': 1242512.805858636, 'rho_d': 9674289520503.17, 'fission_rate': 5.885835453943964e+19, 'Dv_scale': 0.614193890740212, 'Dg_scale': 2.3605832610652544, 'D2_xe_scale': 0.5277747735551568, 'b_scale': 0.20292047735070923, 'gb_scale': 7.251026794955253, 'gd_scale': 9.945889346644092, 'coalescence_d_scale': 0.11992955269293903, 'capture_scale': 0.1805960274445481}. Best is trial 3 with value: 2.127321608005827.
[I 2026-05-01 20:24:43,313] Trial 55 finished with value: 3.081892495950354 and parameters: {'f_n': 2.64535948060021e-07, 'K_d': 1292145.0145294114, 'rho_d': 9366686877577.615, 'fission_rate': 5.8609246105838035e+19, 'Dv_scale': 0.6100401233625459, 'Dg_scale': 2.296297237293932, 'D2_xe_scale': 0.520722153090743, 'b_scale': 0.2222469602696035, 'gb_scale': 7.985317679877509, 'gd_scale': 5.1008343865200985, 'coalescence_d_scale': 0.1351003382457761, 'capture_scale': 0.12025749103337453}. Best is trial 3 with value: 2.127321608005827.
[I 2026-05-01 20:24:48,469] Trial 56 finished with value: 2.154974719268022 and parameters: {'f_n': 3.749523960485383e-07, 'K_d': 1181481.0026404958, 'rho_d': 10463309840473.91, 'fission_rate': 5.082866550621298e+19, 'Dv_scale': 0.8660601658381007, 'Dg_scale': 1.7759433497310584, 'D2_xe_scale': 0.5091408631606181, 'b_scale': 0.09726920002850936, 'gb_scale': 6.327276151334865, 'gd_scale': 5.903346678160971, 'coalescence_d_scale': 0.19519419997145054, 'capture_scale': 0.17774427583513258}. Best is trial 3 with value: 2.127321608005827.
[I 2026-05-01 20:24:54,010] Trial 57 finished with value: 3.3037546015825945 and parameters: {'f_n': 4.318471099907884e-09, 'K_d': 1185246.5147885403, 'rho_d': 6723989575853.201, 'fission_rate': 4.912868180115526e+19, 'Dv_scale': 0.8739833586739485, 'Dg_scale': 1.8904737591492609, 'D2_xe_scale': 0.22897783660014395, 'b_scale': 0.09581793461632383, 'gb_scale': 6.035021296738195, 'gd_scale': 5.913152228724346, 'coalescence_d_scale': 0.12703480425144287, 'capture_scale': 0.18215077918098221}. Best is trial 3 with value: 2.127321608005827.
[I 2026-05-01 20:24:59,653] Trial 58 finished with value: 2.4684043148035255 and parameters: {'f_n': 1.360301948693028e-07, 'K_d': 993520.889646074, 'rho_d': 14146239357828.355, 'fission_rate': 4.51166272732369e+19, 'Dv_scale': 1.0746048444773255, 'Dg_scale': 2.3806269548033105, 'D2_xe_scale': 0.5239859050402687, 'b_scale': 0.2540757570857633, 'gb_scale': 6.956096212470714, 'gd_scale': 4.512166514952186, 'coalescence_d_scale': 0.20076585185017243, 'capture_scale': 0.01446413344458762}. Best is trial 3 with value: 2.127321608005827.
[I 2026-05-01 20:25:04,556] Trial 59 finished with value: 2.887863200080002 and parameters: {'f_n': 7.603638514897076e-07, 'K_d': 1292705.547147484, 'rho_d': 5973770975485.887, 'fission_rate': 5.27489693058561e+19, 'Dv_scale': 0.6906655944089137, 'Dg_scale': 2.6557202413147456, 'D2_xe_scale': 1.1900584117391257, 'b_scale': 0.1900314760418551, 'gb_scale': 4.9970167166433335, 'gd_scale': 6.8452686237080576, 'coalescence_d_scale': 0.25455886914773895, 'capture_scale': 0.0507365660464897}. Best is trial 3 with value: 2.127321608005827.
[I 2026-05-01 20:25:08,394] Trial 60 finished with value: 2.2604715788504604 and parameters: {'f_n': 3.934315240705773e-07, 'K_d': 1380730.8954173687, 'rho_d': 9760806086066.719, 'fission_rate': 5.494085094709902e+19, 'Dv_scale': 0.8737034661766607, 'Dg_scale': 2.065010998683739, 'D2_xe_scale': 0.7379465953647151, 'b_scale': 0.14580946952563378, 'gb_scale': 3.6628515731834215, 'gd_scale': 8.30375493449092, 'coalescence_d_scale': 2.3605785756823012, 'capture_scale': 0.16531636412628065}. Best is trial 3 with value: 2.127321608005827.
[I 2026-05-01 20:25:14,052] Trial 61 finished with value: 2.82959119904148 and parameters: {'f_n': 4.2876625405392054e-07, 'K_d': 1124553.9848632773, 'rho_d': 10255525206141.29, 'fission_rate': 4.6012921563294474e+19, 'Dv_scale': 0.5884720086386941, 'Dg_scale': 1.7340399493025374, 'D2_xe_scale': 0.42408304202248226, 'b_scale': 0.0982007674002067, 'gb_scale': 4.2194384772115185, 'gd_scale': 9.867004398996487, 'coalescence_d_scale': 0.1787511479092096, 'capture_scale': 0.1352101292404265}. Best is trial 3 with value: 2.127321608005827.
[I 2026-05-01 20:25:20,286] Trial 62 finished with value: 2.7158296206477597 and parameters: {'f_n': 3.403938970344897e-07, 'K_d': 1001000.4675296257, 'rho_d': 7377711687803.517, 'fission_rate': 4.181032030279495e+19, 'Dv_scale': 0.6759861773220587, 'Dg_scale': 1.3089523550949687, 'D2_xe_scale': 0.3164727696947629, 'b_scale': 0.12251484546541658, 'gb_scale': 6.610858251665024, 'gd_scale': 5.670074597840161, 'coalescence_d_scale': 0.14592740441256893, 'capture_scale': 0.07554771391331506}. Best is trial 3 with value: 2.127321608005827.
[I 2026-05-01 20:25:25,558] Trial 63 finished with value: 2.06857306140008 and parameters: {'f_n': 1.4834969119002717e-06, 'K_d': 888161.2014144048, 'rho_d': 8448865174423.423, 'fission_rate': 5.148163103934322e+19, 'Dv_scale': 0.9710547129721733, 'Dg_scale': 2.69817833701515, 'D2_xe_scale': 0.23847407645635427, 'b_scale': 0.06336271722270385, 'gb_scale': 4.627787421102545, 'gd_scale': 6.984140013710647, 'coalescence_d_scale': 0.1653773236270901, 'capture_scale': 0.29393722094287533}. Best is trial 63 with value: 2.06857306140008.
[I 2026-05-01 20:25:30,622] Trial 64 finished with value: 2.487628521874308 and parameters: {'f_n': 1.6235866151561322e-06, 'K_d': 1340585.856267765, 'rho_d': 8997672762079.14, 'fission_rate': 5.117717677567287e+19, 'Dv_scale': 0.9851865829200324, 'Dg_scale': 3.4275166676126947, 'D2_xe_scale': 0.18261800138241852, 'b_scale': 0.06148271472640893, 'gb_scale': 4.778437649034352, 'gd_scale': 4.451558517378903, 'coalescence_d_scale': 0.3829570130499937, 'capture_scale': 0.29605836597241164}. Best is trial 63 with value: 2.06857306140008.
