number,value,params_Dg_dislocation_scale,params_Dv_dislocation_scale,params_K_d,params_f_n,params_first_gas_pressure_factor,params_rho_T_amp_scale,params_rho_T_shift,params_rho_T_tau_scale,params_rho_blank_def_scale,params_rho_blank_scale,params_rho_const_scale,params_rho_mode,user_attrs_error,user_attrs_failed,user_attrs_first_gas_pressure_factor,user_attrs_max_Rd_nm,user_attrs_max_f_cap_step,user_attrs_max_psi_d,user_attrs_min_Nd,user_attrs_rho_cfg,user_attrs_score_Nd_drop,user_attrs_score_guards,user_attrs_score_partition,user_attrs_score_pressure,user_attrs_score_radius_T,user_attrs_score_swelling_T,user_attrs_score_swelling_burnup,state
102,5.27030030119957,1.3008929759649248,4.6984469794467705,1672149.1307332774,2.1241825467544564e-06,0.349929006103118,1.8679525609509366,-94.83909302858956,1.1686804083369402,2.0992953187631835,,,blank_sat_deformed,,,0.349929006103118,80.5057536538663,0.01777339118639344,0.6434043123963875,8.208155283579498e+19,"{""rho_mode"": ""blank_sat_deformed"", ""rho_blank_def_scale"": 2.0992953187631835, ""rho_T_shift"": -94.83909302858956, ""rho_T_tau_scale"": 1.1686804083369402, ""rho_T_amp_scale"": 1.8679525609509366, ""rho_max"": 1000000000000000.0, ""rho_fab_base"": 30000000000000.0, ""first_gas_pressure_factor"": 0.349929006103118}",0.10947775468507447,0.0,1.6061207255360392,3.6963489715412968e-06,2.2642675996850747,0.9712869323446052,1.355752654492882,COMPLETE
103,6.072987210651235,1.0387982733143954,4.411391308103893,1950844.1014449836,1.4312094589965537e-06,0.2192637977326071,1.8629385810374928,-94.29979010161361,1.0926351363829,2.001006680794681,,,blank_sat_deformed,,,0.2192637977326071,59.10169866438317,0.00399618395284746,0.5819079368682416,9.071097013360052e+19,"{""rho_mode"": ""blank_sat_deformed"", ""rho_blank_def_scale"": 2.001006680794681, ""rho_T_shift"": -94.29979010161361, ""rho_T_tau_scale"": 1.0926351363829, ""rho_T_amp_scale"": 1.8629385810374928, ""rho_max"": 1000000000000000.0, ""rho_fab_base"": 30000000000000.0, ""first_gas_pressure_factor"": 0.2192637977326071}",0.11889378380971445,0.0,1.4214757573983512,4.0133592271482894e-07,2.6456828929978795,1.3986162369672444,1.9447772172996474,COMPLETE
104,5.67876600907957,1.7305976247714607,5.306396205192912,2383142.5932518337,1.7877944344775733e-06,0.32940397850671915,1.8262344395197319,-86.39625974765183,1.0828916874667962,2.098212658846526,,,blank_sat_deformed,,,0.32940397850671915,51.577088759910524,0.0030138564432052803,0.5686882872608742,1.149813338252418e+20,"{""rho_mode"": ""blank_sat_deformed"", ""rho_blank_def_scale"": 2.098212658846526, ""rho_T_shift"": -86.39625974765183, ""rho_T_tau_scale"": 1.0828916874667962, ""rho_T_amp_scale"": 1.8262344395197319, ""rho_max"": 1000000000000000.0, ""rho_fab_base"": 30000000000000.0, ""first_gas_pressure_factor"": 0.32940397850671915}",0.11675600593154319,0.0,2.375025510628095,3.761595628622237e-06,2.3360960463824765,0.6703415054899736,0.9131599459902944,COMPLETE
105,5.719052576700734,1.2987582620421791,4.782011808914863,1935949.2019141617,2.568066427963842e-06,0.4832031599617439,1.8490085978558615,-97.99007649603071,1.1039734882904961,2.032778430329011,,,blank_sat_deformed,,,0.4832031599617439,63.35140029311662,0.005519725419173081,0.5989004105937559,9.217711781534766e+19,"{""rho_mode"": ""blank_sat_deformed"", ""rho_blank_def_scale"": 2.032778430329011, ""rho_T_shift"": -97.99007649603071, ""rho_T_tau_scale"": 1.1039734882904961, ""rho_T_amp_scale"": 1.8490085978558615, ""rho_max"": 1000000000000000.0, ""rho_fab_base"": 30000000000000.0, ""first_gas_pressure_factor"": 0.4832031599617439}",0.1141280048914794,0.0,1.368158229543632,6.24614130950329e-07,2.558761706473185,1.2465214483069005,1.7426165559486329,COMPLETE
106,5.864320399189142,1.0755981437900883,3.947008227293296,1743938.142930671,1.8014822835411334e-06,0.2458405383683886,1.8630486533602255,-95.23661550939312,1.0919254361121857,2.001266533294881,,,blank_sat_deformed,,,0.2458405383683886,70.04841331431142,0.00772907723392911,0.612856058965524,8.121862708571349e+19,"{""rho_mode"": ""blank_sat_deformed"", ""rho_blank_def_scale"": 2.001266533294881, ""rho_T_shift"": -95.23661550939312, ""rho_T_tau_scale"": 1.0919254361121857, ""rho_T_amp_scale"": 1.8630486533602255, ""rho_max"": 1000000000000000.0, ""rho_fab_base"": 30000000000000.0, ""first_gas_pressure_factor"": 0.2458405383683886}",0.11489054538905201,0.0,1.3298429682884083,8.165861734904395e-07,2.526865820272442,1.4016262586079278,1.9433547545212695,COMPLETE
107,6.360657335825353,1.3084167173934294,6.485666581037166,2986933.487261709,1.4899841257661962e-06,0.32214930890322463,1.9084363203671948,-95.90433992518032,1.1009404002740872,2.0172499687028322,,,blank_sat_deformed,,,0.32214930890322463,41.957939437309044,0.0017729058157499983,0.5301496445415441,1.3932946456694366e+20,"{""rho_mode"": ""blank_sat_deformed"", ""rho_blank_def_scale"": 2.0172499687028322, ""rho_T_shift"": -95.90433992518032, ""rho_T_tau_scale"": 1.1009404002740872, ""rho_T_amp_scale"": 1.9084363203671948, ""rho_max"": 1000000000000000.0, ""rho_fab_base"": 30000000000000.0, ""first_gas_pressure_factor"": 0.32214930890322463}",0.13574203141011998,0.0,1.6837286793040125,2.626804330963039e-07,2.985641883943355,1.1688579372491203,1.6509338878880262,COMPLETE
108,5.341339051697837,1.334711510428473,2.9660502137324354,1643478.0098213456,2.747246372957758e-06,0.26507630683203454,1.8693963688004764,-91.80693125610459,1.103369063479734,1.984641041113657,,,blank_sat_deformed,,,0.26507630683203454,185.96598367842688,0.20874659674364707,0.7709564824378075,1.7009848638045272e+19,"{""rho_mode"": ""blank_sat_deformed"", ""rho_blank_def_scale"": 1.984641041113657, ""rho_T_shift"": -91.80693125610459, ""rho_T_tau_scale"": 1.103369063479734, ""rho_T_amp_scale"": 1.8693963688004764, ""rho_max"": 1000000000000000.0, ""rho_fab_base"": 30000000000000.0, ""first_gas_pressure_factor"": 0.26507630683203454}",0.1082610155358324,7.724751651528767e-05,1.3605007188379779,0.00048367842195028816,2.3156079895230137,1.1593532028371751,1.6119558797917417,COMPLETE
109,5.354200364373302,1.9632943131028837,4.4662485859147605,2125602.072039095,1.8752835218597409e-06,0.15855103773394016,1.8705726682228627,-91.88315601248044,1.0685266398489417,1.9341043475912663,,,blank_sat_deformed,,,0.15855103773394016,66.55219912746462,0.0075446336975910815,0.6136458057556,9.45260733033927e+19,"{""rho_mode"": ""blank_sat_deformed"", ""rho_blank_def_scale"": 1.9341043475912663, ""rho_T_shift"": -91.88315601248044, ""rho_T_tau_scale"": 1.0685266398489417, ""rho_T_amp_scale"": 1.8705726682228627, ""rho_max"": 1000000000000000.0, ""rho_fab_base"": 30000000000000.0, ""first_gas_pressure_factor"": 0.15855103773394016}",0.10391767026161863,0.0,2.4416322391761867,1.5015578996979384e-05,2.0527778353042505,0.5998557031750972,0.7971201236214901,COMPLETE
110,177.224880855812,1.7951743521039691,2.4733468783421246,1476799.9304213063,2.23985328959253e-06,0.10716530506255956,1.7959884590615012,-98.17760480748093,1.0939128017622912,2.0025311976062303,,,blank_sat_deformed,,,0.10716530506255956,16661.534678570977,0.36797401224423576,0.9440702411565721,43428948144405.625,"{""rho_mode"": ""blank_sat_deformed"", ""rho_blank_def_scale"": 2.0025311976062303, ""rho_T_shift"": -98.17760480748093, ""rho_T_tau_scale"": 1.0939128017622912, ""rho_T_amp_scale"": 1.7959884590615012, ""rho_max"": 1000000000000000.0, ""rho_fab_base"": 30000000000000.0, ""first_gas_pressure_factor"": 0.10716530506255956}",0.0903538927517994,86.17385433762337,2.179751213666994,0.10953481287603702,1.7402050072600623,0.5919834719159832,0.792089654319411,COMPLETE
111,6.1416418406523245,2.4865246559525374,7.47823726887125,1937652.5052995344,1.5580525191737739e-06,0.36410320201717694,1.8131503817001762,-86.52566534593721,1.1214599086530703,2.0198015895789836,,,blank_sat_deformed,,,0.36410320201717694,95.98947884735458,0.05154916346266606,0.6818170153013852,8.555472407268285e+19,"{""rho_mode"": ""blank_sat_deformed"", ""rho_blank_def_scale"": 2.0198015895789836, ""rho_T_shift"": -86.52566534593721, ""rho_T_tau_scale"": 1.1214599086530703, ""rho_T_amp_scale"": 1.8131503817001762, ""rho_max"": 1000000000000000.0, ""rho_fab_base"": 30000000000000.0, ""first_gas_pressure_factor"": 0.36410320201717694}",0.10039043518532874,0.0,3.9375856280429185,0.00010069590876530241,1.5972672430649277,0.4567340153370986,0.43292057087182867,COMPLETE
112,748100695.9027071,3.2268638575694655,11.019040118206402,977639.3768323933,1.9462223737642883e-06,0.3441881441575045,1.8416818927689131,-90.05440023601794,1.1076847336344693,1.9608510738868254,,,blank_sat_deformed,,,0.3441881441575045,31724328.657077305,0.4030550138190887,0.97638902726535,6959.895835478891,"{""rho_mode"": ""blank_sat_deformed"", ""rho_blank_def_scale"": 1.9608510738868254, ""rho_T_shift"": -90.05440023601794, ""rho_T_tau_scale"": 1.1076847336344693, ""rho_T_amp_scale"": 1.8416818927689131, ""rho_max"": 1000000000000000.0, ""rho_fab_base"": 30000000000000.0, ""first_gas_pressure_factor"": 0.3441881441575045}",1.6087742323212493,374050343.97413605,5.11057955678878,0.9633822939843871,0.7106104336350347,0.678129252804884,0.5665952050485247,COMPLETE
113,31.775048903048,1.1486049143715589,1.5021507357792439,1380101.637130633,2.06501187224836e-06,0.5038111285514338,1.9226794675361194,-97.52555226783072,1.1004831232964698,2.007420441618275,,,blank_sat_deformed,,,0.5038111285514338,7401.866502249377,0.34354761521373045,0.9276176876862372,469888384951641.0,"{""rho_mode"": ""blank_sat_deformed"", ""rho_blank_def_scale"": 2.007420441618275, ""rho_T_shift"": -97.52555226783072, ""rho_T_tau_scale"": 1.1004831232964698, ""rho_T_amp_scale"": 1.9226794675361194, ""rho_max"": 1000000000000000.0, ""rho_fab_base"": 30000000000000.0, ""first_gas_pressure_factor"": 0.5038111285514338}",0.10511027245742173,13.244032691599038,1.3595774207950535,0.07161008169409622,2.1652824946437645,1.1813175683155437,1.6272463330332663,COMPLETE
114,1056.2323069147928,1.515599783420633,5.019995778271377,1340173.4929485095,2.6720371293087963e-06,0.4642902230063691,1.8626634294300937,-92.68760908492528,1.1786234837986984,2.1717820629463493,,,blank_sat_deformed,,,0.4642902230063691,39042.12485248549,0.3938728066691864,0.9640880951060797,3594688092747.784,"{""rho_mode"": ""blank_sat_deformed"", ""rho_blank_def_scale"": 2.1717820629463493, ""rho_T_shift"": -92.68760908492528, ""rho_T_tau_scale"": 1.1786234837986984, ""rho_T_amp_scale"": 1.8626634294300937, ""rho_max"": 1000000000000000.0, ""rho_fab_base"": 30000000000000.0, ""first_gas_pressure_factor"": 0.4642902230063691}",0.09624206938641905,525.6597902155307,1.9156479072522299,0.15448645386240475,1.847679435726347,0.6930715122278919,0.941975869284134,COMPLETE
115,5.985520067248975,1.8153019008744202,2.1590295724100166,2673301.4009730117,8.083996294699135e-07,0.4133651760298315,1.9256265565882726,-92.31173121916203,1.073986586604795,1.9422384944707873,,,blank_sat_deformed,,,0.4133651760298315,49.22713527749326,0.0026340210576761614,0.5601458501033698,1.1848565845459762e+20,"{""rho_mode"": ""blank_sat_deformed"", ""rho_blank_def_scale"": 1.9422384944707873, ""rho_T_shift"": -92.31173121916203, ""rho_T_tau_scale"": 1.073986586604795, ""rho_T_amp_scale"": 1.9256265565882726, ""rho_max"": 1000000000000000.0, ""rho_fab_base"": 30000000000000.0, ""first_gas_pressure_factor"": 0.4133651760298315}",0.12254396951823587,0.0,3.0641497474084423,7.264468554955607e-05,2.1790238260776906,0.5185592825560185,0.6640192420587547,COMPLETE
116,1788.1881010555687,1.259309776181062,4.434042527932846,1018613.8781473275,9.203714717465244e-07,0.26004064972727287,1.8770430577686716,-97.54676470167627,1.0871783682190903,1.8732400017000153,,,blank_sat_deformed,,,0.26004064972727287,50404.37829391939,0.375410993628302,0.9498495484177265,1597611085544.3833,"{""rho_mode"": ""blank_sat_deformed"", ""rho_blank_def_scale"": 1.8732400017000153, ""rho_T_shift"": -97.54676470167627, ""rho_T_tau_scale"": 1.0871783682190903, ""rho_T_amp_scale"": 1.8770430577686716, ""rho_max"": 1000000000000000.0, ""rho_fab_base"": 30000000000000.0, ""first_gas_pressure_factor"": 0.26004064972727287}",0.0721086785584056,891.8259765205913,1.981253851067655,0.20848832056324754,1.4340107558579807,0.6393363032382162,0.8621234931573082,COMPLETE
117,6.493905500581054,1.4336647199398804,4.736428932661464,2000504.9685546765,2.476147846303464e-06,0.2963448961834071,,,,,,13.840838022536566,constant,,,0.2963448961834071,51.7870977137072,0.00307167246784313,0.5700590694128016,3.184243355065481e+20,"{""rho_mode"": ""constant"", ""rho_const_scale"": 13.840838022536566, ""rho_max"": 1000000000000000.0, ""rho_fab_base"": 30000000000000.0, ""first_gas_pressure_factor"": 0.2963448961834071}",0.1507457864038549,0.0,3.2894194673797665,7.532408557644818e-05,2.8175561702214327,0.33004416772320083,0.08887071296768849,COMPLETE
118,79.03439424946136,1.9542599639485918,1.0995367552469388,1309190.0351195624,9.697870689351059e-07,0.37369300419400125,1.7838564563651147,-111.57127575745204,0.9895073712017871,2.012761117207594,,,blank_sat_deformed,,,0.37369300419400125,11395.578550187065,0.32817213215276203,0.9211504288887039,126093857036680.08,"{""rho_mode"": ""blank_sat_deformed"", ""rho_blank_def_scale"": 2.012761117207594, ""rho_T_shift"": -111.57127575745204, ""rho_T_tau_scale"": 0.9895073712017871, ""rho_T_amp_scale"": 1.7838564563651147, ""rho_max"": 1000000000000000.0, ""rho_fab_base"": 30000000000000.0, ""first_gas_pressure_factor"": 0.37369300419400125}",0.0768514163427757,36.878570383917015,3.3322453538071195,0.10065342716085109,1.295200578187064,0.39598682869888346,0.45932336834950893,COMPLETE
119,6.187545831080209,1.6734661764011125,1.1197431262528201,2940355.6890478446,2.6649140455764505e-06,0.32336741030249283,1.8465975945404263,-97.49955217331153,1.0796073271099358,1.7432390603200731,,,blank_sat_deformed,,,0.32336741030249283,48.4786361189608,0.002439262663730366,0.5537008806658454,1.1984941691876924e+20,"{""rho_mode"": ""blank_sat_deformed"", ""rho_blank_def_scale"": 1.7432390603200731, ""rho_T_shift"": -97.49955217331153, ""rho_T_tau_scale"": 1.0796073271099358, ""rho_T_amp_scale"": 1.8465975945404263, ""rho_max"": 1000000000000000.0, ""rho_fab_base"": 30000000000000.0, ""first_gas_pressure_factor"": 0.32336741030249283}",0.12518819921665428,0.0,1.3769271669215348,3.531424123981959e-06,2.8975262766878243,1.330580279324031,1.858236456264548,COMPLETE
120,6.319881715974945,1.4725024316980482,1.9815204982657615,2964585.1080660527,8.966601393413444e-07,0.532860218866854,1.7528537714107173,-56.76878700369316,1.0651017199234925,2.217065499404988,,,blank_sat_deformed,,,0.532860218866854,39.991340737035706,0.0016510844502431318,0.5269106052604134,1.4531599351595781e+20,"{""rho_mode"": ""blank_sat_deformed"", ""rho_blank_def_scale"": 2.217065499404988, ""rho_T_shift"": -56.76878700369316, ""rho_T_tau_scale"": 1.0651017199234925, ""rho_T_amp_scale"": 1.7528537714107173, ""rho_max"": 1000000000000000.0, ""rho_fab_base"": 30000000000000.0, ""first_gas_pressure_factor"": 0.532860218866854}",0.14034510741297032,0.0,2.82560104852679,2.332713311157039e-05,2.5929436118149676,0.6216352680403848,0.838698129923657,COMPLETE
121,6.886822196461038,1.006581980399791,5.80302769982373,1682755.9635559549,2.7593842839225854e-06,0.12918004412305714,1.79139610582913,-102.71442065875951,1.1657764912290336,1.7933208859528385,,,blank_sat_deformed,,,0.12918004412305714,84.62730842876032,0.017840234610947418,0.6420711079322816,7.222228743623301e+19,"{""rho_mode"": ""blank_sat_deformed"", ""rho_blank_def_scale"": 1.7933208859528385, ""rho_T_shift"": -102.71442065875951, ""rho_T_tau_scale"": 1.1657764912290336, ""rho_T_amp_scale"": 1.79139610582913, ""rho_max"": 1000000000000000.0, ""rho_fab_base"": 30000000000000.0, ""first_gas_pressure_factor"": 0.12918004412305714}",0.1271589705525139,0.0,0.9838636309842675,2.3508006999743417e-06,2.764423256642463,2.2187639792569698,2.981123948887117,COMPLETE
122,8.298631790655776,2.82992189860876,8.219885073476874,2477026.373187301,7.964983662851692e-07,0.4106352952238788,1.8812026959656982,-70.99110365532421,0.9544598703275188,2.29200019086421,,,blank_sat_deformed,,,0.4106352952238788,49.35424603292009,0.0028550990511276527,0.5683031133795489,1.2244456192311252e+20,"{""rho_mode"": ""blank_sat_deformed"", ""rho_blank_def_scale"": 2.29200019086421, ""rho_T_shift"": -70.99110365532421, ""rho_T_tau_scale"": 0.9544598703275188, ""rho_T_amp_scale"": 1.8812026959656982, ""rho_max"": 1000000000000000.0, ""rho_fab_base"": 30000000000000.0, ""first_gas_pressure_factor"": 0.4106352952238788}",0.13296929284906495,0.0,6.053794561338582,0.00016911039858408285,1.6027127831141845,0.5241930692036988,0.3038946934363803,COMPLETE
123,6.060630420392721,1.4335565236627463,3.1482602099534795,2667788.6148306304,1.4006393594449042e-06,0.3124889953926805,1.609087665761247,-130.17304164915083,1.2095990890438635,1.7244111355120852,,,blank_sat_deformed,,,0.3124889953926805,53.15497153824742,0.002967382779449461,0.5650227141426754,1.1585521420288136e+20,"{""rho_mode"": ""blank_sat_deformed"", ""rho_blank_def_scale"": 1.7244111355120852, ""rho_T_shift"": -130.17304164915083, ""rho_T_tau_scale"": 1.2095990890438635, ""rho_T_amp_scale"": 1.609087665761247, ""rho_max"": 1000000000000000.0, ""rho_fab_base"": 30000000000000.0, ""first_gas_pressure_factor"": 0.3124889953926805}",0.1216554017460889,0.0,1.5040907188817054,5.355263316986369e-07,2.7097369349251466,1.2789240089127183,1.8118238059920047,COMPLETE
124,5.451721220205093,2.433957504075143,2.8951974893661347,2968081.059767527,8.370077680357798e-07,0.19817023365328723,1.4151211079100994,-142.760579726513,1.2879076918222807,1.4840919292538604,,,blank_sat_deformed,,,0.19817023365328723,61.68990685372912,0.005184053640713803,0.5963863238635192,1.1423436712707577e+20,"{""rho_mode"": ""blank_sat_deformed"", ""rho_blank_def_scale"": 1.4840919292538604, ""rho_T_shift"": -142.760579726513, ""rho_T_tau_scale"": 1.2879076918222807, ""rho_T_amp_scale"": 1.4151211079100994, ""rho_max"": 1000000000000000.0, ""rho_fab_base"": 30000000000000.0, ""first_gas_pressure_factor"": 0.19817023365328723}",0.10833716084127136,0.0,2.575727446822509,3.6421858437945046e-05,2.046450654971105,0.5740776871870115,0.7792052573259196,COMPLETE
125,560.2248636441275,4.440746210429004,5.113252975708953,2812547.5077314293,1.153434449512386e-06,0.12237468218179683,1.1716774494385098,-155.29281077694384,1.404572049044212,1.3199500640674235,,,blank_sat_deformed,,,0.12237468218179683,28737.161881308755,0.39824126000600624,0.967825152531663,9119488529191.203,"{""rho_mode"": ""blank_sat_deformed"", ""rho_blank_def_scale"": 1.3199500640674235, ""rho_T_shift"": -155.29281077694384, ""rho_T_tau_scale"": 1.404572049044212, ""rho_T_amp_scale"": 1.1716774494385098, ""rho_max"": 1000000000000000.0, ""rho_fab_base"": 30000000000000.0, ""first_gas_pressure_factor"": 0.12237468218179683}",0.09285963122240974,277.066897984228,3.916144824561305,0.13663148543091208,1.4469738719218432,0.4457836903768799,0.4232062571202828,COMPLETE
126,5.403504316816747,1.8936314041694937,1.69939832643659,2765604.4530987665,5.881635766287676e-07,0.14765224566348717,1.4162621259704986,-166.4298400094518,1.3487064783542264,1.3518134737513827,,,blank_sat_deformed,,,0.14765224566348717,69.16555623982514,0.007155834771743654,0.6094124763086736,9.86688414767194e+19,"{""rho_mode"": ""blank_sat_deformed"", ""rho_blank_def_scale"": 1.3518134737513827, ""rho_T_shift"": -166.4298400094518, ""rho_T_tau_scale"": 1.3487064783542264, ""rho_T_amp_scale"": 1.4162621259704986, ""rho_max"": 1000000000000000.0, ""rho_fab_base"": 30000000000000.0, ""first_gas_pressure_factor"": 0.14765224566348717}",0.10893383542820494,0.0,2.0621417137129976,2.8669009043609238e-05,2.146210663377875,0.8208319663764013,1.17501512418263,COMPLETE
127,9.074661756801927,1.0721627715163669,8.541332709485033,899246.9450421624,1.9122921444601915e-06,0.4828125533704976,,,,,7.585981687096983,,blank_sat,,,0.4828125533704976,53.320694155429294,0.0037266242327549763,0.5839675906595861,1.5748907440596232e+20,"{""rho_mode"": ""blank_sat"", ""rho_blank_scale"": 7.585981687096983, ""rho_max"": 1000000000000000.0, ""rho_fab_base"": 30000000000000.0, ""first_gas_pressure_factor"": 0.4828125533704976}",0.13415974612100454,0.0,6.76575031487011,0.0002656496100803518,1.5601256225600517,0.6257755387287404,0.3197089393624804,COMPLETE
128,6.572963230669363,1.2405528278375013,1.0803270652042707,2719517.05633777,2.109223675695756e-07,0.17039185989613256,1.2845710821406675,-164.6949425090413,1.4526068789537148,1.1725446360780778,,,blank_sat_deformed,,,0.17039185989613256,65.29063681300856,0.004269698953505643,0.5831254042644851,8.542562255796797e+19,"{""rho_mode"": ""blank_sat_deformed"", ""rho_blank_def_scale"": 1.1725446360780778, ""rho_T_shift"": -164.6949425090413, ""rho_T_tau_scale"": 1.4526068789537148, ""rho_T_amp_scale"": 1.2845710821406675, ""rho_max"": 1000000000000000.0, ""rho_fab_base"": 30000000000000.0, ""first_gas_pressure_factor"": 0.17039185989613256}",0.11895620979307008,0.0,2.4668443677808907,1.4836203368246758e-05,2.2833109551852115,1.2627961341189253,1.787352318074512,COMPLETE
129,9.33081743133808,3.0465185574118747,1.8417430992267037,2854069.892122554,4.787513168602638e-07,0.3044077694240509,1.3145240106195561,-154.86731865887413,0.8063573213850668,2.862642904651869,,,blank_sat_deformed,,,0.3044077694240509,41.973805539812105,0.001902791570210849,0.5431632355692197,2.072339028476821e+20,"{""rho_mode"": ""blank_sat_deformed"", ""rho_blank_def_scale"": 2.862642904651869, ""rho_T_shift"": -154.86731865887413, ""rho_T_tau_scale"": 0.8063573213850668, ""rho_T_amp_scale"": 1.3145240106195561, ""rho_max"": 1000000000000000.0, ""rho_fab_base"": 30000000000000.0, ""first_gas_pressure_factor"": 0.3044077694240509}",0.13838774969194056,0.0,7.047386619272845,0.0014983968107800786,1.6735316521001895,0.49933463145689955,0.2712952725299241,COMPLETE
