number,value,params_Dg_dislocation_scale,params_Dv_dislocation_scale,params_K_d,params_f_n,params_first_gas_pressure_factor,params_rho_T_amp_scale,params_rho_T_shift,params_rho_T_tau_scale,params_rho_blank_def_scale,params_rho_blank_scale,params_rho_const_scale,params_rho_mode,user_attrs_error,user_attrs_failed,user_attrs_first_gas_pressure_factor,user_attrs_max_Rd_nm,user_attrs_max_f_cap_step,user_attrs_max_psi_d,user_attrs_min_Nd,user_attrs_rho_cfg,user_attrs_score_Nd_drop,user_attrs_score_guards,user_attrs_score_partition,user_attrs_score_pressure,user_attrs_score_radius_T,user_attrs_score_swelling_T,user_attrs_score_swelling_burnup,state
130,5.323073602701457,2.6296313585629574,1.3613355332760813,2939334.2928778166,8.495699531880236e-07,0.5952692998212652,1.3873604617499862,-13.362457296151433,1.4294617352806585,1.2863200740369856,,,blank_sat_deformed,,,0.5952692998212652,64.84288944280755,0.00643289845089254,0.6063759165312231,8.936494523890154e+19,"{""rho_mode"": ""blank_sat_deformed"", ""rho_blank_def_scale"": 1.2863200740369856, ""rho_T_shift"": -13.362457296151433, ""rho_T_tau_scale"": 1.4294617352806585, ""rho_T_amp_scale"": 1.3873604617499862, ""rho_max"": 1000000000000000.0, ""rho_fab_base"": 30000000000000.0, ""first_gas_pressure_factor"": 0.5952692998212652}",0.12073589779568372,0.0,2.5845806771021853,0.00017398483263814465,1.9625350157753008,0.5389896650133524,0.7088236013961429,COMPLETE
131,1354.313867948372,3.5003232573935663,2.9906105542608756,961730.4113499874,2.8000892557890224e-06,0.3532587250873169,1.3179658523768487,16.343911958642053,1.521734478272947,1.2581414175839223,,,blank_sat_deformed,,,0.3532587250873169,43956.172931864814,0.3461615998533236,0.9336445433238554,2287686243898.4824,"{""rho_mode"": ""blank_sat_deformed"", ""rho_blank_def_scale"": 1.2581414175839223, ""rho_T_shift"": 16.343911958642053, ""rho_T_tau_scale"": 1.521734478272947, ""rho_T_amp_scale"": 1.3179658523768487, ""rho_max"": 1000000000000000.0, ""rho_fab_base"": 30000000000000.0, ""first_gas_pressure_factor"": 0.3532587250873169}",0.3929268855037877,674.9849514794494,2.694359971626569,0.24724538319436054,0.7605516175559602,0.41794764822753594,0.484249972560679,COMPLETE
132,164.11259191118154,5.047769259453209,1.493325923528834,2002006.8145519868,1.1572877141984937e-06,0.7249821247519984,1.3960318617147862,-21.397185687264525,1.3918190537903066,1.256550763670905,,,blank_sat_deformed,,,0.7249821247519984,15986.379065555964,0.34676172886102624,0.9299297483765476,46990654459626.14,"{""rho_mode"": ""blank_sat_deformed"", ""rho_blank_def_scale"": 1.256550763670905, ""rho_T_shift"": -21.397185687264525, ""rho_T_tau_scale"": 1.3918190537903066, ""rho_T_amp_scale"": 1.3960318617147862, ""rho_max"": 1000000000000000.0, ""rho_fab_base"": 30000000000000.0, ""first_gas_pressure_factor"": 0.7249821247519984}",0.08857537958844847,78.69783532593308,5.022433262451669,0.12846912435566396,0.9858622117815864,0.43878392272765193,0.41219220693698455,COMPLETE
133,755.456622446352,3.814092909368009,2.8956515903791034,1623197.0064105378,7.909318440706901e-07,0.21876387560693222,2.3357063344763906,-28.46672717929023,1.28645863864843,1.280796659731147,,,blank_sat_deformed,,,0.21876387560693222,33169.69926587583,0.36705154261027934,0.9460538377333597,5539037993944.19,"{""rho_mode"": ""blank_sat_deformed"", ""rho_blank_def_scale"": 1.280796659731147, ""rho_T_shift"": -28.46672717929023, ""rho_T_tau_scale"": 1.28645863864843, ""rho_T_amp_scale"": 2.3357063344763906, ""rho_max"": 1000000000000000.0, ""rho_fab_base"": 30000000000000.0, ""first_gas_pressure_factor"": 0.21876387560693222}",0.09500605442216752,374.3323937427677,5.046252367684521,0.17883865943956756,0.90354801755179,0.5092361721962287,0.44986177686690504,COMPLETE
134,8.499138021669705,2.002743729075905,1.2620006816054514,2431002.81130778,1.022549355503783e-06,0.5472846985316888,1.4199598274083494,-153.4825192806286,0.8602612987271304,3.563625532151939,,,blank_sat_deformed,,,0.5472846985316888,39.31938161269866,0.001643489419657595,0.5320950933329623,2.2333581636982627e+20,"{""rho_mode"": ""blank_sat_deformed"", ""rho_blank_def_scale"": 3.563625532151939, ""rho_T_shift"": -153.4825192806286, ""rho_T_tau_scale"": 0.8602612987271304, ""rho_T_amp_scale"": 1.4199598274083494, ""rho_max"": 1000000000000000.0, ""rho_fab_base"": 30000000000000.0, ""first_gas_pressure_factor"": 0.5472846985316888}",0.13601144039689425,0.0,5.975367580256888,0.0009453308187623336,2.0068266054380555,0.4026767521297133,0.2870648831563576,COMPLETE
135,6.511004832879838,1.3677993744996875,3.9875514457214365,2425805.5168914315,2.1555503601529908e-06,0.5331749119279705,2.245001432251003,-30.763693750796392,1.4800076868602032,1.3451623775021035,,,blank_sat_deformed,,,0.5331749119279705,58.08575866401448,0.0037868863133767453,0.5790551929284485,6.815470893444103e+19,"{""rho_mode"": ""blank_sat_deformed"", ""rho_blank_def_scale"": 1.3451623775021035, ""rho_T_shift"": -30.763693750796392, ""rho_T_tau_scale"": 1.4800076868602032, ""rho_T_amp_scale"": 2.245001432251003, ""rho_max"": 1000000000000000.0, ""rho_fab_base"": 30000000000000.0, ""first_gas_pressure_factor"": 0.5331749119279705}",0.15455377864869688,0.0,1.124164848373919,2.864171583705588e-07,2.8182616593744365,1.8228520618842161,2.382717403667895,COMPLETE
136,7.650883637606601,1.8940477041294792,1.2425928064919656,2615969.8119947044,6.952735795316373e-07,0.17270038257941467,1.4698470791696348,-148.32908744784675,1.0888279313280695,2.8455091677661395,,,blank_sat_deformed,,,0.17270038257941467,41.6132531094041,0.0018340885710621572,0.5381884930930732,1.9090617344395225e+20,"{""rho_mode"": ""blank_sat_deformed"", ""rho_blank_def_scale"": 2.8455091677661395, ""rho_T_shift"": -148.32908744784675, ""rho_T_tau_scale"": 1.0888279313280695, ""rho_T_amp_scale"": 1.4698470791696348, ""rho_max"": 1000000000000000.0, ""rho_fab_base"": 30000000000000.0, ""first_gas_pressure_factor"": 0.17270038257941467}",0.13540743216778706,0.0,5.08629166551404,0.0006827198931069931,2.0422978299946997,0.39010744184338253,0.3480749797593795,COMPLETE
137,857.2450431102639,2.5497552314358978,2.5302351667691054,916709.9576111058,7.281800257341053e-07,0.5189136506310003,2.3845293925848865,-52.7278761894137,0.8777916798094136,1.4154892846419669,,,blank_sat_deformed,,,0.5189136506310003,35222.998292934644,0.3434955942115271,0.9306088719730313,4402851028331.96,"{""rho_mode"": ""blank_sat_deformed"", ""rho_blank_def_scale"": 1.4154892846419669, ""rho_T_shift"": -52.7278761894137, ""rho_T_tau_scale"": 0.8777916798094136, ""rho_T_amp_scale"": 2.3845293925848865, ""rho_max"": 1000000000000000.0, ""rho_fab_base"": 30000000000000.0, ""first_gas_pressure_factor"": 0.5189136506310003}",0.19269585627973676,425.9930208057348,3.7174381823742784,0.22242389892712824,0.6904214105466928,0.4487186733899108,0.4715338743343452,COMPLETE
138,10.89878846948597,2.1113049590982946,1.4244367740644164,1276782.9926093672,8.930293177407141e-07,0.5413873097948931,,,,,8.708504242045588,,blank_sat,,,0.5413873097948931,40.267618918252154,0.0017600176781456206,0.5414068911926625,2.543105557895977e+20,"{""rho_mode"": ""blank_sat"", ""rho_blank_scale"": 8.708504242045588, ""rho_max"": 1000000000000000.0, ""rho_fab_base"": 30000000000000.0, ""first_gas_pressure_factor"": 0.5413873097948931}",0.1691193412777718,0.0,8.311568917720981,0.003390176413775729,1.8554857700673355,0.6022026703715009,0.307723555522738,COMPLETE
139,5.612118856460701,1.2743982304374728,2.7494584833805327,1503746.234751924,2.571804647987192e-06,0.2763531413397226,1.4916874351473925,-140.7365994679344,1.440822477921499,3.1992946739793475,,,blank_sat_deformed,,,0.2763531413397226,58.49789284269498,0.004682300334030014,0.5930480139807582,1.242914578064572e+20,"{""rho_mode"": ""blank_sat_deformed"", ""rho_blank_def_scale"": 3.1992946739793475, ""rho_T_shift"": -140.7365994679344, ""rho_T_tau_scale"": 1.440822477921499, ""rho_T_amp_scale"": 1.4916874351473925, ""rho_max"": 1000000000000000.0, ""rho_fab_base"": 30000000000000.0, ""first_gas_pressure_factor"": 0.2763531413397226}",0.11189179822101719,0.0,2.641253028224886,4.585847093823936e-05,2.133152716091712,0.582673964742093,0.775383097622895,COMPLETE
140,21.36408609097451,1.4136265072500098,4.847476695042032,2187182.5586561696,1.1960753427154987e-06,0.41228760440978707,,,,,0.22111811283876523,,blank_sat,,,0.41228760440978707,84.47500358853675,0.0008994975963988403,0.48594660214118474,1.1419408175473025e+19,"{""rho_mode"": ""blank_sat"", ""rho_blank_scale"": 0.22111811283876523, ""rho_max"": 1000000000000000.0, ""rho_fab_base"": 30000000000000.0, ""first_gas_pressure_factor"": 0.41228760440978707}",0.23905965543510954,0.0,4.616423286852522,1.8030430776786392e-08,2.7331887192991973,10.311442678384944,12.184064857734642,COMPLETE
141,10.283879213791364,3.522418102373186,1.0371369660421539,2305532.844851942,6.277024765080528e-07,0.5771687879682471,1.4618764226773766,-148.99591056474551,1.3665600087742642,3.7589022162923302,,,blank_sat_deformed,,,0.5771687879682471,38.927074340446254,0.001578779932320483,0.533076315911872,2.2113605302470486e+20,"{""rho_mode"": ""blank_sat_deformed"", ""rho_blank_def_scale"": 3.7589022162923302, ""rho_T_shift"": -148.99591056474551, ""rho_T_tau_scale"": 1.3665600087742642, ""rho_T_amp_scale"": 1.4618764226773766, ""rho_max"": 1000000000000000.0, ""rho_fab_base"": 30000000000000.0, ""first_gas_pressure_factor"": 0.5771687879682471}",0.16979625645801302,0.0,7.985166580260231,0.004666330353120479,1.6289571002464378,0.5399761205516896,0.3038461036276059,COMPLETE
142,516.1912610813974,1.803663344509791,3.6185443624362454,1068719.7854033683,2.8146863359493397e-06,0.3474181562192919,1.484248946453093,-142.79024218723504,1.8684657079683866,3.1070199266354246,,,blank_sat_deformed,,,0.3474181562192919,27628.271513632117,0.38769614809429603,0.9575980879395952,9940312902531.205,"{""rho_mode"": ""blank_sat_deformed"", ""rho_blank_def_scale"": 3.1070199266354246, ""rho_T_shift"": -142.79024218723504, ""rho_T_tau_scale"": 1.8684657079683866, ""rho_T_amp_scale"": 1.484248946453093, ""rho_max"": 1000000000000000.0, ""rho_fab_base"": 30000000000000.0, ""first_gas_pressure_factor"": 0.3474181562192919}",0.09955055355566884,255.00265560525455,4.1092774736428845,0.13769061477853511,1.3476950830904746,0.44401621852993767,0.4245345671179557,COMPLETE
143,6.184413010244786,1.0703819741761624,2.055443874952739,1758746.822577011,1.8479291858245432e-06,0.3136756258595738,2.1260104834882565,-94.3584828925294,1.3936303677170436,1.7067955358278817,,,blank_sat_deformed,,,0.3136756258595738,75.14577121995065,0.010122330990839206,0.623285187087059,6.932730973468614e+19,"{""rho_mode"": ""blank_sat_deformed"", ""rho_blank_def_scale"": 1.7067955358278817, ""rho_T_shift"": -94.3584828925294, ""rho_T_tau_scale"": 1.3936303677170436, ""rho_T_amp_scale"": 2.1260104834882565, ""rho_max"": 1000000000000000.0, ""rho_fab_base"": 30000000000000.0, ""first_gas_pressure_factor"": 0.3136756258595738}",0.13292758962614415,0.0,1.1893180603886597,1.2386705299606699e-06,2.579931114137054,1.703765502169191,2.2827052565137396,COMPLETE
144,10.604925626855897,1.7257786242467523,2.9479673981908356,897305.7979546584,1.3696657462973266e-06,0.24335729666690312,,,,,9.68648743248167,,blank_sat,,,0.24335729666690312,55.75215562083825,0.0045171690408326035,0.5945324144069095,1.987239051266015e+20,"{""rho_mode"": ""blank_sat"", ""rho_blank_scale"": 9.68648743248167, ""rho_max"": 1000000000000000.0, ""rho_fab_base"": 30000000000000.0, ""first_gas_pressure_factor"": 0.24335729666690312}",0.15020577244962138,0.0,8.15940032301366,0.0025148706824325876,1.5629270679942757,0.7265424789358517,0.41166577246584324,COMPLETE
145,43486.22178250881,1.3854300325916653,16.246025466192904,202299.55278475233,4.324568072919857e-07,0.7892020368865609,,,,,,8.035973905982276,constant,,,0.7892020368865609,242782.24842493245,0.3566372055820546,0.9426430720887176,13973411330.829496,"{""rho_mode"": ""constant"", ""rho_const_scale"": 8.035973905982276, ""rho_max"": 1000000000000000.0, ""rho_fab_base"": 30000000000000.0, ""first_gas_pressure_factor"": 0.7892020368865609}",4.44683056192693,21739.938105580353,3.0954874262905245,0.49105406585406025,0.1519516215881923,1.2903934183831027,1.4243956786649288,COMPLETE
146,6.91536759281128,2.9788760178474876,1.0174832594530432,1702315.9831207164,2.8082565192721756e-06,0.5718298468559113,1.4424126769924326,-140.23211305687838,1.2749469038615424,2.4858052911032886,,,blank_sat_deformed,,,0.5718298468559113,1124.283120563255,0.3300728941615067,0.9104775246989552,1.2679204551284566e+17,"{""rho_mode"": ""blank_sat_deformed"", ""rho_blank_def_scale"": 2.4858052911032886, ""rho_T_shift"": -140.23211305687838, ""rho_T_tau_scale"": 1.2749469038615424, ""rho_T_amp_scale"": 1.4424126769924326, ""rho_max"": 1000000000000000.0, ""rho_fab_base"": 30000000000000.0, ""first_gas_pressure_factor"": 0.5718298468559113}",0.09508779113056616,0.009253218164809028,4.921507619721189,0.01920470727837872,1.4399077231183153,0.38880462076501393,0.36139642457550436,COMPLETE
147,5.374622871872268,1.723825306541946,3.34432665754393,2484874.170742384,7.415082999314741e-07,0.3603277999417202,2.0509126837282934,-49.019626130042575,0.9097126801348043,1.383451575579983,,,blank_sat_deformed,,,0.3603277999417202,67.79879821717859,0.006870095927216948,0.6080305632069262,6.742148462720457e+19,"{""rho_mode"": ""blank_sat_deformed"", ""rho_blank_def_scale"": 1.383451575579983, ""rho_T_shift"": -49.019626130042575, ""rho_T_tau_scale"": 0.9097126801348043, ""rho_T_amp_scale"": 2.0509126837282934, ""rho_max"": 1000000000000000.0, ""rho_fab_base"": 30000000000000.0, ""first_gas_pressure_factor"": 0.3603277999417202}",0.10657096122455788,0.0,2.033998506424958,5.854033088884403e-06,2.161436157817172,0.8196646755701152,1.1273449526067416,COMPLETE
148,8.20940051803816,1.0803063278229432,3.4793370185125587,2763647.0700909565,3.0586055601816136e-07,0.20946714173840267,1.6037099243114907,-30.839505710780628,0.7607099824316014,0.9624519145982069,,,blank_sat_deformed,,,0.20946714173840267,64.84486587086002,0.003504178014279082,0.5717047457584904,5.285390642063322e+19,"{""rho_mode"": ""blank_sat_deformed"", ""rho_blank_def_scale"": 0.9624519145982069, ""rho_T_shift"": -30.839505710780628, ""rho_T_tau_scale"": 0.7607099824316014, ""rho_T_amp_scale"": 1.6037099243114907, ""rho_max"": 1000000000000000.0, ""rho_fab_base"": 30000000000000.0, ""first_gas_pressure_factor"": 0.20946714173840267}",0.12020652858648063,0.0,2.4062737476505274,2.8247051806766114e-07,2.632503068323746,2.241767597450296,3.016048388085924,COMPLETE
149,8.909816770253546,2.904798197226244,2.856394399421968,2467924.541341917,1.765820254623858e-06,0.3062579950779097,2.3724081669571215,-32.61882174636239,0.8719608171450804,2.6781274183334904,,,blank_sat_deformed,,,0.3062579950779097,40.725265662317994,0.0017888370163499502,0.5400018880699489,1.0754030265553814e+20,"{""rho_mode"": ""blank_sat_deformed"", ""rho_blank_def_scale"": 2.6781274183334904, ""rho_T_shift"": -32.61882174636239, ""rho_T_tau_scale"": 0.8719608171450804, ""rho_T_amp_scale"": 2.3724081669571215, ""rho_max"": 1000000000000000.0, ""rho_fab_base"": 30000000000000.0, ""first_gas_pressure_factor"": 0.3062579950779097}",0.15248667959340914,0.0,6.510582443992306,0.0005411862968230674,1.8068473808149998,0.480276342701402,0.2702402684311099,COMPLETE
150,592.3966344898279,1.1770034010436083,3.684317062959399,678021.0632491244,5.401645176057576e-08,0.5103962991047467,,,,,0.45874589175631636,,blank_sat,,,0.5103962991047467,29326.236286052856,0.3000124266484232,0.9103112012291986,7140227715381.597,"{""rho_mode"": ""blank_sat"", ""rho_blank_scale"": 0.45874589175631636, ""rho_max"": 1000000000000000.0, ""rho_fab_base"": 30000000000000.0, ""first_gas_pressure_factor"": 0.5103962991047467}",0.3512959314069821,291.47580408346124,6.415290091828774,0.1640335239476043,0.6586509682734245,1.5388626582172584,1.993099647856422,COMPLETE
151,1202.440854006964,1.0841313552962668,4.393172023963779,1032705.0919573209,2.069891856501286e-06,0.839028507433091,2.085130621825071,-83.331342741716,1.1069539660627947,1.1927319423825549,,,blank_sat_deformed,,,0.839028507433091,41526.86265800278,0.3613209149383535,0.9401037691861068,2769819113533.0186,"{""rho_mode"": ""blank_sat_deformed"", ""rho_blank_def_scale"": 1.1927319423825549, ""rho_T_shift"": -83.331342741716, ""rho_T_tau_scale"": 1.1069539660627947, ""rho_T_amp_scale"": 2.085130621825071, ""rho_max"": 1000000000000000.0, ""rho_fab_base"": 30000000000000.0, ""first_gas_pressure_factor"": 0.839028507433091}",0.10685733529330543,597.8885416919496,1.1779280481982168,0.1886642493577194,1.9589158047386652,2.384560881817598,3.1077672396459928,COMPLETE
152,16.33320654827648,1.4169030570719807,18.49662078171342,2616195.9257215955,1.2108819585992378e-07,0.9812513855558691,,,,,0.24667219910899313,,blank_sat,,,0.9812513855558691,102.23386833552479,0.001995393261194799,0.5662488951739564,1.5221758830239848e+19,"{""rho_mode"": ""blank_sat"", ""rho_blank_scale"": 0.24667219910899313, ""rho_max"": 1000000000000000.0, ""rho_fab_base"": 30000000000000.0, ""first_gas_pressure_factor"": 0.9812513855558691}",0.17945271378123354,0.0,6.711892331039282,3.698001919896414e-07,2.0973661336621108,5.457077956444277,6.769930715247899,COMPLETE
153,2318.338201782915,1.5156119413277906,4.596945615025682,145608.4977442489,1.223188895713986e-07,0.32791916663558324,1.8768007873894679,-88.03583310321034,1.0819764069031055,1.576835892889864,,,blank_sat_deformed,,,0.32791916663558324,56281.448719822125,0.2944754335807571,0.9148061728380189,1025186423580.1896,"{""rho_mode"": ""blank_sat_deformed"", ""rho_blank_def_scale"": 1.576835892889864, ""rho_T_shift"": -88.03583310321034, ""rho_T_tau_scale"": 1.0819764069031055, ""rho_T_amp_scale"": 1.8768007873894679, ""rho_max"": 1000000000000000.0, ""rho_fab_base"": 30000000000000.0, ""first_gas_pressure_factor"": 0.32791916663558324}",1.6505663640976145,1156.091180078127,4.345423956023782,0.41382219748532173,0.007131838479963402,0.7511501130862345,1.0273341625533046,COMPLETE
154,2633.7140960581555,1.0529409236902756,6.810481377989169,1333235.9339780833,8.831049878885864e-07,0.5406215605842459,1.9717414283509458,-85.3915613927955,1.6268789678127342,1.7233197589366824,,,blank_sat_deformed,,,0.5406215605842459,60898.95543017795,0.39775699614095067,0.9711109995306763,968029250109.0271,"{""rho_mode"": ""blank_sat_deformed"", ""rho_blank_def_scale"": 1.7233197589366824, ""rho_T_shift"": -85.3915613927955, ""rho_T_tau_scale"": 1.6268789678127342, ""rho_T_amp_scale"": 1.9717414283509458, ""rho_max"": 1000000000000000.0, ""rho_fab_base"": 30000000000000.0, ""first_gas_pressure_factor"": 0.5406215605842459}",0.12222380781230276,1314.238805393429,1.630165952068462,0.17814574463497262,1.948024847369724,1.0319129557759719,1.4126366996205038,COMPLETE
155,5.664442131005646,1.4934958517054555,2.8186007590495166,2507769.64683726,5.690257364337469e-07,0.3973477878559399,1.6314508541750148,-172.87633053787545,1.0247059897970658,1.894614324725698,,,blank_sat_deformed,,,0.3973477878559399,55.8496099827456,0.003495631130256959,0.5751231472659128,1.2280336178153978e+20,"{""rho_mode"": ""blank_sat_deformed"", ""rho_blank_def_scale"": 1.894614324725698, ""rho_T_shift"": -172.87633053787545, ""rho_T_tau_scale"": 1.0247059897970658, ""rho_T_amp_scale"": 1.6314508541750148, ""rho_max"": 1000000000000000.0, ""rho_fab_base"": 30000000000000.0, ""first_gas_pressure_factor"": 0.3973477878559399}",0.10714927854575375,0.0,2.4523242713430875,1.6888316321648808e-05,2.2210811095653753,0.6809198070395328,0.9622339967739251,COMPLETE
156,9.011479762487207,2.5095008376876984,4.9264133600835285,2652824.9088984677,4.1574217699019453e-07,0.1333298410402344,1.307926336332551,-200.41116610961333,0.8736365639837497,2.945770122750588,,,blank_sat_deformed,,,0.1333298410402344,43.41040558356264,0.0020418670803324553,0.5470677235428539,1.9535174879166448e+20,"{""rho_mode"": ""blank_sat_deformed"", ""rho_blank_def_scale"": 2.945770122750588, ""rho_T_shift"": -200.41116610961333, ""rho_T_tau_scale"": 0.8736365639837497, ""rho_T_amp_scale"": 1.307926336332551, ""rho_max"": 1000000000000000.0, ""rho_fab_base"": 30000000000000.0, ""first_gas_pressure_factor"": 0.1333298410402344}",0.13703615500518054,0.0,6.692967668620129,0.0003641470286189375,1.6726383000200895,0.5356973193565784,0.2746836548691858,COMPLETE
157,1529.8681965557078,2.0718198677635775,3.793136685956316,1190968.1378989418,2.1210038290454504e-07,0.37729034346497703,1.5388047564101153,-184.98334415861035,0.9363226151586401,1.9820422777569036,,,blank_sat_deformed,,,0.37729034346497703,46679.32040010902,0.37363587755659194,0.947715999546963,1997894055152.8508,"{""rho_mode"": ""blank_sat_deformed"", ""rho_blank_def_scale"": 1.9820422777569036, ""rho_T_shift"": -184.98334415861035, ""rho_T_tau_scale"": 0.9363226151586401, ""rho_T_amp_scale"": 1.5388047564101153, ""rho_max"": 1000000000000000.0, ""rho_fab_base"": 30000000000000.0, ""first_gas_pressure_factor"": 0.37729034346497703}",0.06733772312342802,761.4736779713664,5.208907095270094,0.21391963120457586,0.816313521409064,0.5306695558845574,0.4585442152732754,COMPLETE
158,5.584175268620588,1.394203077637856,2.9511050259950986,2220531.459200939,5.071445016991884e-07,0.33486411836297086,1.6027568876592824,-151.6589718735816,1.04539356764524,1.9770020400131951,,,blank_sat_deformed,,,0.33486411836297086,60.08786419035048,0.004442663727437885,0.5880452720741163,1.1181609575282285e+20,"{""rho_mode"": ""blank_sat_deformed"", ""rho_blank_def_scale"": 1.9770020400131951, ""rho_T_shift"": -151.6589718735816, ""rho_T_tau_scale"": 1.04539356764524, ""rho_T_amp_scale"": 1.6027568876592824, ""rho_max"": 1000000000000000.0, ""rho_fab_base"": 30000000000000.0, ""first_gas_pressure_factor"": 0.33486411836297086}",0.10487770690990118,0.0,2.593406815028597,2.685495344655817e-05,2.0889725053577495,0.6223053487922476,0.8616273436885586,COMPLETE
