number,value,params_Dg_dislocation_scale,params_Dv_dislocation_scale,params_K_d,params_f_n,params_first_gas_pressure_factor,params_rho_T_amp_scale,params_rho_T_shift,params_rho_T_tau_scale,params_rho_blank_def_scale,params_rho_blank_scale,params_rho_const_scale,params_rho_mode,user_attrs_error,user_attrs_failed,user_attrs_first_gas_pressure_factor,user_attrs_max_Rd_nm,user_attrs_max_f_cap_step,user_attrs_max_psi_d,user_attrs_min_Nd,user_attrs_rho_cfg,user_attrs_score_Nd_drop,user_attrs_score_guards,user_attrs_score_partition,user_attrs_score_pressure,user_attrs_score_radius_T,user_attrs_score_swelling_T,user_attrs_score_swelling_burnup,state
34,10.629778163369362,27.090050459018787,1.681932609181877,2441732.0572060645,7.670617684374853e-07,0.32760675272864626,,,,,1.964087797716501,,blank_sat,,,0.32760675272864626,173.015676776787,0.19892141445919925,0.7765135692993334,2.158252093362252e+19,"{""rho_mode"": ""blank_sat"", ""rho_blank_scale"": 1.964087797716501, ""rho_max"": 1000000000000000.0, ""rho_fab_base"": 30000000000000.0, ""first_gas_pressure_factor"": 0.32760675272864626}",0.10909272238809896,6.39195652139831e-05,8.652039713159667,0.010590278225276752,0.9572548842168442,0.7982763039236435,0.6322353341196141,COMPLETE
35,129.98394405647412,19.95466297486075,1.3204563387909811,2032065.7776089737,4.1285166729242066e-07,0.3185274054166616,,,,,,0.14500789407461778,constant,,,0.3185274054166616,14390.444907388755,0.11179339104427292,0.8792484671789065,54453222593166.32,"{""rho_mode"": ""constant"", ""rho_const_scale"": 0.14500789407461778, ""rho_max"": 1000000000000000.0, ""rho_fab_base"": 30000000000000.0, ""first_gas_pressure_factor"": 0.3185274054166616}",0.02131932083869066,62.39025255356166,3.9122939182778578,0.08960564337304942,0.23741750180953122,0.7157658986378514,0.8136404102825492,COMPLETE
36,10.572208055900445,19.91016003425218,1.4762334495221607,2610947.414396895,5.991563811636589e-07,0.3867433908348732,,,,,1.975649912134395,,blank_sat,,,0.3867433908348732,70.06081440489247,0.013281422906389487,0.6382343295422794,1.1778073832031255e+20,"{""rho_mode"": ""blank_sat"", ""rho_blank_scale"": 1.975649912134395, ""rho_max"": 1000000000000000.0, ""rho_fab_base"": 30000000000000.0, ""first_gas_pressure_factor"": 0.3867433908348732}",0.11489654952032023,0.0,8.579248197724702,0.009877033414904,1.0342025401167156,0.7522360780399033,0.5788829890005165,COMPLETE
37,4136.563278175399,10.123505292677924,4.6569089184211006,2704709.12420943,1.3115898707856088e-06,0.4275569757490626,,,,,,2.8951721729977375,constant,,,0.4275569757490626,75877.28186635874,0.36087866916709566,0.9459325885092104,462547842052.90564,"{""rho_mode"": ""constant"", ""rho_const_scale"": 2.8951721729977375, ""rho_max"": 1000000000000000.0, ""rho_fab_base"": 30000000000000.0, ""first_gas_pressure_factor"": 0.4275569757490626}",0.7465448645931053,2064.936024226247,4.169859136821944,0.29093148076208186,1.2326126955796903,0.6986016910404957,0.4997191526095287,COMPLETE
38,10.541062914299406,15.614425501142334,3.7424719111055564,2744351.2161792116,5.901699024508889e-07,0.5820635535004809,,,,,1.7991323202356597,,blank_sat,,,0.5820635535004809,78.49803698649133,0.02433398322381734,0.6574337374411802,1.125858873982851e+20,"{""rho_mode"": ""blank_sat"", ""rho_blank_scale"": 1.7991323202356597, ""rho_max"": 1000000000000000.0, ""rho_fab_base"": 30000000000000.0, ""first_gas_pressure_factor"": 0.5820635535004809}",0.1217113876199505,0.0,8.458796013355123,0.00473319570224202,0.975969666680848,0.8925105065855728,0.6157041815054356,COMPLETE
39,4407.502819438516,19.270778383395992,4.121772218059742,2584677.015848903,2.1769061273095837e-07,0.6169193294939761,,,,,1.1166655297966015,,blank_sat,,,0.6169193294939761,78338.79039984215,0.38107278020867447,0.9598173628075963,439082989071.8778,"{""rho_mode"": ""blank_sat"", ""rho_blank_scale"": 1.1166655297966015, ""rho_max"": 1000000000000000.0, ""rho_fab_base"": 30000000000000.0, ""first_gas_pressure_factor"": 0.6169193294939761}",0.08779339595622866,2198.5044520351,8.330887791107276,0.2528832495195159,0.567179930517479,1.0452875781154702,0.9337271328836323,COMPLETE
40,33888.267811160644,25.492268843398225,5.522996653965103,1038659.3326265817,1.3432002986212431e-06,0.5474408607147256,,,,,1.9799521245136886,,blank_sat,,,0.5474408607147256,214869.79454682575,0.3764860470314196,0.9597208261391798,21272573973.254925,"{""rho_mode"": ""blank_sat"", ""rho_blank_scale"": 1.9799521245136886, ""rho_max"": 1000000000000000.0, ""rho_fab_base"": 30000000000000.0, ""first_gas_pressure_factor"": 0.5474408607147256}",0.8453616649082473,16938.522615160437,8.664638848555079,0.3935376978894597,0.32581330467270847,1.2821509434180316,1.291225707516252,COMPLETE
41,105.08315258995354,22.829220568176748,1.0742780315261529,1590291.0926973943,1.1908429118608675e-06,0.40676140714526904,,,,,2.0203595590024146,,blank_sat,,,0.40676140714526904,12716.04496566018,0.3329569105229187,0.9256093683429844,92074305243185.98,"{""rho_mode"": ""blank_sat"", ""rho_blank_scale"": 2.0203595590024146, ""rho_max"": 1000000000000000.0, ""rho_fab_base"": 30000000000000.0, ""first_gas_pressure_factor"": 0.40676140714526904}",0.07929883364080986,47.30259682911733,8.633782460220521,0.1344365487378984,0.6688342509677648,0.7891861055839094,0.7861993316021215,COMPLETE
42,12.18722329099027,14.614151532837653,3.066151732855695,2756613.8782699537,1.0014818555755934e-06,0.480015728553024,0.49274087392668187,-76.74214710969395,1.4525314049433058,9.583736640655356,,,blank_sat_deformed,,,0.480015728553024,24.933739484841272,0.0007060005142078245,0.4769010798491044,7.183036517538063e+20,"{""rho_mode"": ""blank_sat_deformed"", ""rho_blank_def_scale"": 9.583736640655356, ""rho_T_shift"": -76.74214710969395, ""rho_T_tau_scale"": 1.4525314049433058, ""rho_T_amp_scale"": 0.49274087392668187, ""rho_max"": 1000000000000000.0, ""rho_fab_base"": 30000000000000.0, ""first_gas_pressure_factor"": 0.480015728553024}",0.2138867828053306,0.0,8.772943015463204,0.00037978022538485404,2.745617926200886,0.5745422049987552,0.16987669180324716,COMPLETE
43,1532.0262603711667,17.088903400206256,5.81527954720482,2247701.1087663504,7.851503591310937e-07,0.6418571656935782,,,,,1.9749482771153182,,blank_sat,,,0.6418571656935782,46670.92658859766,0.422585720789752,0.9836431567636137,2235037660842.58,"{""rho_mode"": ""blank_sat"", ""rho_blank_scale"": 1.9749482771153182, ""rho_max"": 1000000000000000.0, ""rho_fab_base"": 30000000000000.0, ""first_gas_pressure_factor"": 0.6418571656935782}",0.11616447893947057,760.6049384385915,8.539323917519253,0.1710904797644621,0.8610809686331891,1.0100147708237057,0.7054682048510175,COMPLETE
44,10.778308283477017,27.210704901275268,2.1256095870733143,2877959.9703493393,5.052271817864386e-07,0.6615000249151834,,,,,2.0575410201442113,,blank_sat,,,0.6615000249151834,55.2910254467738,0.004568397057962941,0.5966828887252668,1.3494958681553766e+20,"{""rho_mode"": ""blank_sat"", ""rho_blank_scale"": 2.0575410201442113, ""rho_max"": 1000000000000000.0, ""rho_fab_base"": 30000000000000.0, ""first_gas_pressure_factor"": 0.6615000249151834}",0.13114489807572757,0.0,8.659129902550484,0.006317747799024901,1.1365914028872035,0.7892310531344598,0.5360306583023318,COMPLETE
45,10.62069168287675,14.085615408197567,3.3401073588642554,2903432.8072797926,8.92404719797924e-07,0.40879571553276534,,,,,2.0417908790479378,,blank_sat,,,0.40879571553276534,54.0410537790545,0.004140118067224897,0.5913491491268068,1.352258166529414e+20,"{""rho_mode"": ""blank_sat"", ""rho_blank_scale"": 2.0417908790479378, ""rho_max"": 1000000000000000.0, ""rho_fab_base"": 30000000000000.0, ""first_gas_pressure_factor"": 0.40879571553276534}",0.13883830835409558,0.0,8.46141414886869,0.0038974759523540186,1.1480359948885057,0.82463686163238,0.5164651328800037,COMPLETE
46,10.658192495862217,8.053604220701125,17.59017908545189,2833523.2574224877,1.74505988084834e-07,0.2848311851566462,,,,,2.259351328084169,,blank_sat,,,0.2848311851566462,48.779277169127795,0.002912963190713927,0.5724293994063153,1.4498557233300385e+20,"{""rho_mode"": ""blank_sat"", ""rho_blank_scale"": 2.259351328084169, ""rho_max"": 1000000000000000.0, ""rho_fab_base"": 30000000000000.0, ""first_gas_pressure_factor"": 0.2848311851566462}",0.16370554212672628,0.0,8.311531423383801,0.0005289951520795597,1.2031278007453308,0.9697699354880248,0.46831077555878486,COMPLETE
47,13.71857371770869,9.667879121152087,15.653327114090953,2948963.011503755,5.290856977202407e-07,0.16044296134554129,,,,,,25.67166699845257,constant,,,0.16044296134554129,27.83838630825923,0.0008534649539720809,0.4905974600554042,1.306637461934467e+21,"{""rho_mode"": ""constant"", ""rho_const_scale"": 25.67166699845257, ""rho_max"": 1000000000000000.0, ""rho_fab_base"": 30000000000000.0, ""first_gas_pressure_factor"": 0.16044296134554129}",0.20853765375125813,0.0,8.733016471013746,1.7321303659920538e-05,4.265497768696785,0.6086958540166452,0.23212923975867486,COMPLETE
48,376.60954470428305,18.658195064665225,2.043124586864427,2031981.1955588763,1.9796992170145646e-07,0.3569286639895746,,,,,1.5138092190194592,,blank_sat,,,0.3569286639895746,23629.024983873696,0.3584415346031476,0.9404882572646767,15053383243236.799,"{""rho_mode"": ""blank_sat"", ""rho_blank_scale"": 1.5138092190194592, ""rho_max"": 1000000000000000.0, ""rho_fab_base"": 30000000000000.0, ""first_gas_pressure_factor"": 0.3569286639895746}",0.0839780558804251,183.0754534673681,8.484562106906159,0.16841415361541456,0.6210646372084393,0.9095081042482998,0.8609771879747987,COMPLETE
49,5175.70362681163,29.07179234472176,9.069164504106732,126865.42137921852,4.230321613137023e-08,0.15746480390462675,,,,,,1.4595411924009813,constant,,,0.15746480390462675,80935.42296788396,0.22275835336149677,0.9044413480784458,333147604319.3603,"{""rho_mode"": ""constant"", ""rho_const_scale"": 1.4595411924009813, ""rho_max"": 1000000000000000.0, ""rho_fab_base"": 30000000000000.0, ""first_gas_pressure_factor"": 0.15746480390462675}",2.9975813292508167,2581.874809022375,8.033379520892382,0.7408331226146604,0.2808755596638161,1.6369062138829904,2.2083269465879023,COMPLETE
50,12.926654580093075,8.637625566078583,2.9975272743841503,2640560.962427877,2.2258633674245932e-07,0.5915415522383934,,,,,,0.1117873811483257,constant,,,0.5915415522383934,134.30140012662437,0.001125188718939977,0.40634700146030667,6.612427870551646e+18,"{""rho_mode"": ""constant"", ""rho_const_scale"": 0.1117873811483257, ""rho_max"": 1000000000000000.0, ""rho_fab_base"": 30000000000000.0, ""first_gas_pressure_factor"": 0.5915415522383934}",0.18739050872081967,0.0,7.164274106151885,3.402304741614577e-06,0.7678216008913479,3.5660349179353967,4.636808170218463,COMPLETE
51,351.5859302908171,26.183804605902356,1.084119158713884,441103.2379646297,1.2442010866841384e-06,0.49523291126531377,0.3297392353382153,-83.79515244088519,0.6675155489820714,0.6140414687220999,,,blank_sat_deformed,,,0.49523291126531377,22511.229576314498,0.19211931217270037,0.8954849621028335,15027565545471.994,"{""rho_mode"": ""blank_sat_deformed"", ""rho_blank_def_scale"": 0.6140414687220999, ""rho_T_shift"": -83.79515244088519, ""rho_T_tau_scale"": 0.6675155489820714, ""rho_T_amp_scale"": 0.3297392353382153, ""rho_max"": 1000000000000000.0, ""rho_fab_base"": 30000000000000.0, ""first_gas_pressure_factor"": 0.49523291126531377}",0.15884052682160382,171.22095667248175,7.61469443657854,0.40901994441956446,0.01899915956966535,0.7610667710835517,1.0282284294597641,COMPLETE
52,11.14293535242859,12.296486163284067,3.508977145142733,2143532.9317775103,6.934674094801505e-07,0.29308035636546875,,,,,2.1360538328260796,,blank_sat,,,0.29308035636546875,2281.341893793891,0.2676091254323304,0.9598354550676272,1.7779953786340208e+16,"{""rho_mode"": ""blank_sat"", ""rho_blank_scale"": 2.1360538328260796, ""rho_max"": 1000000000000000.0, ""rho_fab_base"": 30000000000000.0, ""first_gas_pressure_factor"": 0.29308035636546875}",0.11466670454714006,0.3083597279396264,8.45446002115054,0.036269548253599175,0.9131392487529055,0.9025318983799738,0.6562727970096403,COMPLETE
53,563.657194819258,14.541678230461072,3.115911172127257,1581924.5884407524,1.218018925378408e-06,0.44503798328124855,,,,,2.416368728400676,,blank_sat,,,0.44503798328124855,28709.423845517915,0.38542725556220214,0.9576120643266006,8859450506883.389,"{""rho_mode"": ""blank_sat"", ""rho_blank_scale"": 2.416368728400676, ""rho_max"": 1000000000000000.0, ""rho_fab_base"": 30000000000000.0, ""first_gas_pressure_factor"": 0.44503798328124855}",0.10086956587890082,276.4868395364577,8.570895583856329,0.15036454391134155,0.756615040585574,0.9511095138945095,0.7811905030637158,COMPLETE
54,11.087807304778808,19.110549743601922,3.8500579208597037,2769824.943204233,9.190631543906248e-07,0.43192545633998614,,,,,3.0624326985358734,,blank_sat,,,0.43192545633998614,40.06315504038135,0.0016732555416531236,0.5408714941603517,1.9275828895237312e+20,"{""rho_mode"": ""blank_sat"", ""rho_blank_scale"": 3.0624326985358734, ""rho_max"": 1000000000000000.0, ""rho_fab_base"": 30000000000000.0, ""first_gas_pressure_factor"": 0.43192545633998614}",0.17276766818890202,0.0,8.679856200405206,0.0020698627755510435,1.4769473729040685,0.7787382185249209,0.38547372177093603,COMPLETE
55,10.085738780375896,11.265360529105818,1.7057486691418016,2982058.1677171667,3.929177573420098e-07,0.4049365116103038,,,,,1.481957404091562,,blank_sat,,,0.4049365116103038,1326.128190026212,0.34552479876035946,0.9293075369216711,8.2154857660782e+16,"{""rho_mode"": ""blank_sat"", ""rho_blank_scale"": 1.481957404091562, ""rho_max"": 1000000000000000.0, ""rho_fab_base"": 30000000000000.0, ""first_gas_pressure_factor"": 0.4049365116103038}",0.1090081141685982,0.01715490301540839,8.132361956746822,0.02814939115817652,0.9539338344552019,0.7391747987080896,0.586691234810236,COMPLETE
56,74.07402756894103,5.7148150146492505,1.03980719129009,2839438.6397926323,3.3534114829310576e-07,0.4034896360517707,,,,,0.9341092465711851,,blank_sat,,,0.4034896360517707,10954.082755155161,0.33152912162127685,0.9204049989805588,141618582887505.28,"{""rho_mode"": ""blank_sat"", ""rho_blank_scale"": 0.9341092465711851, ""rho_max"": 1000000000000000.0, ""rho_fab_base"": 30000000000000.0, ""first_gas_pressure_factor"": 0.4034896360517707}",0.08088290362493779,33.68271112558701,5.058497803407026,0.10226069122888395,1.020820112290881,0.3965211422771639,0.3810966261268883,COMPLETE
57,809.7978450137099,3.864960471034908,2.1620506809419062,122349.25353386017,5.954911754709123e-07,0.7392251289087894,,,,,1.0985990207131104,,blank_sat,,,0.7392251289087894,33410.419097878155,0.208332237910461,0.8990437622329013,4651661640564.665,"{""rho_mode"": ""blank_sat"", ""rho_blank_scale"": 1.0985990207131104, ""rho_max"": 1000000000000000.0, ""rho_fab_base"": 30000000000000.0, ""first_gas_pressure_factor"": 0.7392251289087894}",0.7235639657114963,401.93989297411673,4.352653836881602,0.4215201213648117,0.05249650011358152,0.6693246362171265,0.9245039258568675,COMPLETE
58,6.103193336511463e+33,1.992913013868569,18.248926290541323,1767705.4003506035,3.864034679449177e-07,0.35375609651524736,,,,,,5.713778723353537,constant,,,0.35375609651524736,9.060899299916453e+19,0.4333583127455455,146060967676.1878,3.1352621360767026e-34,"{""rho_mode"": ""constant"", ""rho_const_scale"": 5.713778723353537, ""rho_max"": 1000000000000000.0, ""rho_fab_base"": 30000000000000.0, ""first_gas_pressure_factor"": 0.35375609651524736}",0.7019648619405899,3.0515966682557315e+33,2.682636946352093,10.204221947107499,1.5842817036300292,0.44492078405940333,0.13712965926888815,COMPLETE
59,351.45638629180957,27.61493473612364,1.0470976701926467,166706.03346389628,2.417119205926883e-07,0.8393116730589745,0.7283760858215447,-237.26671152970778,0.3209168684450092,2.299298252560229,,,blank_sat_deformed,,,0.8393116730589745,22522.312286240547,0.2111578412521044,0.8980640909123315,15135419315839.992,"{""rho_mode"": ""blank_sat_deformed"", ""rho_blank_def_scale"": 2.299298252560229, ""rho_T_shift"": -237.26671152970778, ""rho_T_tau_scale"": 0.3209168684450092, ""rho_T_amp_scale"": 0.7283760858215447, ""rho_max"": 1000000000000000.0, ""rho_fab_base"": 30000000000000.0, ""first_gas_pressure_factor"": 0.8393116730589745}",0.1371887394601273,170.5451854849738,8.695304847887588,0.4093682348363227,0.009802096141188963,0.8773915359062966,1.1557028639951081,COMPLETE
60,10.645184080956342,1.5671609483534794,22.53997546056589,1989924.5551582335,1.49866970931595e-07,0.29987643377469636,,,,,5.507287679332675,,blank_sat,,,0.29987643377469636,33.61206813066104,0.0011040099790486078,0.5040220819597182,2.49056282640095e+20,"{""rho_mode"": ""blank_sat"", ""rho_blank_scale"": 5.507287679332675, ""rho_max"": 1000000000000000.0, ""rho_fab_base"": 30000000000000.0, ""first_gas_pressure_factor"": 0.29987643377469636}",0.2035920131738781,0.0,7.9559473198799155,5.427991874346009e-05,1.874683346526324,0.7037134204674659,0.2335577050970597,COMPLETE
61,217.89368707546947,23.826317147611668,1.0776660073166824,1953354.104416201,4.012776961074306e-07,0.1369848399360637,1.9255825129682187,134.35170008732035,1.6698898089687197,0.6005230510348867,,,blank_sat_deformed,,,0.1369848399360637,18150.833950887903,0.3141816036956993,0.9180188140641652,30887046711205.453,"{""rho_mode"": ""blank_sat_deformed"", ""rho_blank_def_scale"": 0.6005230510348867, ""rho_T_shift"": 134.35170008732035, ""rho_T_tau_scale"": 1.6698898089687197, ""rho_T_amp_scale"": 1.9255825129682187, ""rho_max"": 1000000000000000.0, ""rho_fab_base"": 30000000000000.0, ""first_gas_pressure_factor"": 0.1369848399360637}",0.081461054470509,104.00540661717311,8.221685134370343,0.20299806703979412,0.33466193810094264,0.81565905919332,0.9719247717491843,COMPLETE
62,1424.7738068877898,1.0929725552564098,2.822967987601288,183239.6272691974,1.0409126908667562e-07,0.950973893375335,0.6589643858854402,227.31040234198971,0.8641853773599609,2.6778761734336656,,,blank_sat_deformed,,,0.950973893375335,44912.29986029921,0.32745293983961804,0.926142657283487,2093385297258.7554,"{""rho_mode"": ""blank_sat_deformed"", ""rho_blank_def_scale"": 2.6778761734336656, ""rho_T_shift"": 227.31040234198971, ""rho_T_tau_scale"": 0.8641853773599609, ""rho_T_amp_scale"": 0.6589643858854402, ""rho_max"": 1000000000000000.0, ""rho_fab_base"": 30000000000000.0, ""first_gas_pressure_factor"": 0.950973893375335}",0.640979481162209,707.525827659205,7.498979499224506,0.2983637133570049,0.10291023421033753,1.2999466917793687,1.312518448587052,COMPLETE
63,10.513345242585046,16.56851762975929,1.7701853318526966,2982728.58129376,3.356126775200299e-07,0.3924998773306842,,,,,1.7914137557843126,,blank_sat,,,0.3924998773306842,62.991471443206,0.007721019792859414,0.618429176740419,1.2202703556424604e+20,"{""rho_mode"": ""blank_sat"", ""rho_blank_scale"": 1.7914137557843126, ""rho_max"": 1000000000000000.0, ""rho_fab_base"": 30000000000000.0, ""first_gas_pressure_factor"": 0.3924998773306842}",0.12176374492350757,0.0,8.484020275391673,0.007974806391786495,1.0694277496428861,0.7609541931746665,0.5553848966644395,COMPLETE
64,74.88071793749349,14.434696736983874,1.857590297317446,2818527.126389793,2.4946920851415843e-07,0.4404464842572095,,,,,1.4252894267854312,,blank_sat,,,0.4404464842572095,10755.169819845463,0.3678750904221911,0.9424423759254856,160629012990126.97,"{""rho_mode"": ""blank_sat"", ""rho_blank_scale"": 1.4252894267854312, ""rho_max"": 1000000000000000.0, ""rho_fab_base"": 30000000000000.0, ""first_gas_pressure_factor"": 0.4404464842572095}",0.10336535030253968,32.29606334991519,8.31491018987453,0.10174211079814302,0.8443040755389088,0.8047421901056736,0.6740653376178529,COMPLETE
65,10.532820699186606,22.042624212018733,1.1075897030203348,2893761.410914718,3.988375756159176e-07,0.46710687974195836,,,,,1.7914876900829912,,blank_sat,,,0.46710687974195836,68.89783736132449,0.01206671208816297,0.635180173701884,1.1844333884935127e+20,"{""rho_mode"": ""blank_sat"", ""rho_blank_scale"": 1.7914876900829912, ""rho_max"": 1000000000000000.0, ""rho_fab_base"": 30000000000000.0, ""first_gas_pressure_factor"": 0.46710687974195836}",0.11272596264719649,0.0,8.573231165706568,0.012109831214384486,1.0519204091163759,0.7046956029886949,0.56106165877048,COMPLETE
66,1000000000.0,4.730824968379297,13.046601391189386,2326004.5357679664,8.652352023871311e-07,0.2960031115154469,,,,,1.2990325340707185,,blank_sat,"FloatingPointError('Non-finite swelling_d_percent at T=2200.0, bu=3.2: nan')",True,,,,,,,,,,,,,,COMPLETE
67,6.447206494877096,2.674038966713736,4.68374699659025,2660558.339086096,2.90465386979676e-07,0.11505214159351093,,,,,1.4478083384221878,,blank_sat,,,0.11505214159351093,79.46897914819297,0.017798254389377724,0.6439179132026426,8.980944859976455e+19,"{""rho_mode"": ""blank_sat"", ""rho_blank_scale"": 1.4478083384221878, ""rho_max"": 1000000000000000.0, ""rho_fab_base"": 30000000000000.0, ""first_gas_pressure_factor"": 0.11505214159351093}",0.10180126393603817,0.0,4.383122846271379,0.00023744550387108337,1.4945303646072194,0.4334840128834257,0.384905242746642,COMPLETE
68,8.932448325070576,1.217895425299303,3.957953087657292,2859669.3944535707,2.45859842177105e-07,0.1071093717043056,,,,,0.7505417414164,,blank_sat,,,0.1071093717043056,74.48836270169019,0.004600023898399407,0.5870550352883567,5.052411045985249e+19,"{""rho_mode"": ""blank_sat"", ""rho_blank_scale"": 0.7505417414164, ""rho_max"": 1000000000000000.0, ""rho_fab_base"": 30000000000000.0, ""first_gas_pressure_factor"": 0.1071093717043056}",0.12809760870255,0.0,2.874240283260543,3.35987644948277e-07,2.4979637091094835,2.52271039567867,3.3730469309790823,COMPLETE
