number,value,params_Dg_dislocation_scale,params_Dv_dislocation_scale,params_K_d,params_f_n,params_first_gas_pressure_factor,params_rho_T_amp_scale,params_rho_T_shift,params_rho_T_tau_scale,params_rho_blank_def_scale,params_rho_blank_scale,params_rho_const_scale,params_rho_mode,user_attrs_error,user_attrs_failed,user_attrs_first_gas_pressure_factor,user_attrs_max_Rd_nm,user_attrs_max_f_cap_step,user_attrs_max_psi_d,user_attrs_min_Nd,user_attrs_rho_cfg,user_attrs_score_Nd_drop,user_attrs_score_guards,user_attrs_score_partition,user_attrs_score_pressure,user_attrs_score_radius_T,user_attrs_score_swelling_T,user_attrs_score_swelling_burnup,state
217,130148879112.91095,1.125422460412021,27.692302833743643,455508.2076199208,8.363665298400852e-08,0.8520281727443337,1.4257260556834437,-154.42713655219995,1.3240239006441543,1.3561327803290828,,,blank_sat_deformed,,,0.8520281727443337,418421939.1642921,0.403074256270979,0.9748333263725397,3.018972456237428,"{""rho_mode"": ""blank_sat_deformed"", ""rho_blank_def_scale"": 1.3561327803290828, ""rho_T_shift"": -154.42713655219995, ""rho_T_tau_scale"": 1.3240239006441543, ""rho_T_amp_scale"": 1.4257260556834437, ""rho_max"": 1000000000000000.0, ""rho_fab_base"": 30000000000000.0, ""first_gas_pressure_factor"": 0.8520281727443337}",5.237155991103193,65074439552.94364,3.50727152566527,1.4431273671615978,0.3864292659843083,0.48628196175032745,0.5103966720033094,COMPLETE
218,1808.7285870290957,9.162409124984526,2.9190012378435086,265222.5172611711,2.221707640653145e-07,0.2142761328217655,,,,,,22.847726817499918,constant,,,0.2142761328217655,50463.39801154004,0.3381835112257398,0.9304956443293897,1496666202577.7266,"{""rho_mode"": ""constant"", ""rho_const_scale"": 22.847726817499918, ""rho_max"": 1000000000000000.0, ""rho_fab_base"": 30000000000000.0, ""first_gas_pressure_factor"": 0.2142761328217655}",0.7420315339728872,898.6643345177599,8.744030978972512,0.29487852803264053,0.9501467224202584,0.9694088858202244,0.9768219051189191,COMPLETE
219,112.43119645689205,23.887452052199617,1.0840679770546358,204017.96623351693,4.963762729565388e-07,0.3501405194371528,,,,,,0.10965391510332743,constant,,,0.3501405194371528,12705.737221641235,0.028509168441978445,0.8559856629152036,72998049407993.7,"{""rho_mode"": ""constant"", ""rho_const_scale"": 0.10965391510332743, ""rho_max"": 1000000000000000.0, ""rho_fab_base"": 30000000000000.0, ""first_gas_pressure_factor"": 0.3501405194371528}",0.0,53.79325238260757,3.4861363643391523,0.2527737596292723,0.2977909478664979,0.7668727066574296,0.1370597106152019,COMPLETE
220,7.670776524357353,1.5968396837309429,4.542550063884895,2674249.116169881,5.810594587954301e-07,0.5651497204379755,2.006083231942988,-41.284836996342904,1.0260636715469444,2.634401523413316,,,blank_sat_deformed,,,0.5651497204379755,38.25557584657566,0.0015202888813533534,0.5236641514942632,1.4044928053936901e+20,"{""rho_mode"": ""blank_sat_deformed"", ""rho_blank_def_scale"": 2.634401523413316, ""rho_T_shift"": -41.284836996342904, ""rho_T_tau_scale"": 1.0260636715469444, ""rho_T_amp_scale"": 2.006083231942988, ""rho_max"": 1000000000000000.0, ""rho_fab_base"": 30000000000000.0, ""first_gas_pressure_factor"": 0.5651497204379755}",0.15893651105975956,0.0,4.924273375033642,6.804825383325923e-05,2.180387213722551,0.4252451374134691,0.36338482573968767,COMPLETE
221,6.016084614940433,1.4309042555848548,4.304517280099916,2831617.242101389,6.486105058259282e-07,0.3246685596177935,1.8359239505602212,-82.42489228320001,1.1339881157823666,1.9534124704689173,,,blank_sat_deformed,,,0.3246685596177935,44.765458014664034,0.0020421778578679235,0.5413899122150176,1.269894568950516e+20,"{""rho_mode"": ""blank_sat_deformed"", ""rho_blank_def_scale"": 1.9534124704689173, ""rho_T_shift"": -82.42489228320001, ""rho_T_tau_scale"": 1.1339881157823666, ""rho_T_amp_scale"": 1.8359239505602212, ""rho_max"": 1000000000000000.0, ""rho_fab_base"": 30000000000000.0, ""first_gas_pressure_factor"": 0.3246685596177935}",0.1332954430969068,0.0,2.575959348545181,3.733614420599488e-06,2.463745242740235,0.672622889779551,0.9236477054722152,COMPLETE
222,38.21496703973794,1.1601959270063162,2.875796673697317,1505721.5467549597,1.9202645175626454e-06,0.30298649722723464,1.6040957779051261,-106.03356678683366,0.9592036036497662,2.0611608337465874,,,blank_sat_deformed,,,0.30298649722723464,8070.625536393473,0.3735133330883576,0.9463762728867104,384929618228456.1,"{""rho_mode"": ""blank_sat_deformed"", ""rho_blank_def_scale"": 2.0611608337465874, ""rho_T_shift"": -106.03356678683366, ""rho_T_tau_scale"": 0.9592036036497662, ""rho_T_amp_scale"": 1.6040957779051261, ""rho_max"": 1000000000000000.0, ""rho_fab_base"": 30000000000000.0, ""first_gas_pressure_factor"": 0.30298649722723464}",0.10070894308968148,16.383005315246763,1.3726862415122973,0.07240910516077512,2.249685013976287,1.2187137128459107,1.7177351571040298,COMPLETE
223,1298.581039414932,1.792449407233988,4.700223079079137,1652052.5763038164,2.072870019735333e-06,0.29874711386061464,1.9271284270346343,-104.81842019655701,1.2697315206603548,1.439320501179687,,,blank_sat_deformed,,,0.29874711386061464,43152.404741316706,0.3854741060423794,0.9585556775105663,2616666742901.7017,"{""rho_mode"": ""blank_sat_deformed"", ""rho_blank_def_scale"": 1.439320501179687, ""rho_T_shift"": -104.81842019655701, ""rho_T_tau_scale"": 1.2697315206603548, ""rho_T_amp_scale"": 1.9271284270346343, ""rho_max"": 1000000000000000.0, ""rho_fab_base"": 30000000000000.0, ""first_gas_pressure_factor"": 0.29874711386061464}",0.10340697683340332,646.8316556024519,1.410526543503142,0.15992177378197328,1.9186224933456135,0.9940021404835696,1.3799128784912256,COMPLETE
224,5.923057014522907,1.9489102673392746,6.488804865397952,1686948.7049693137,2.1948756089390046e-06,0.17116930057312513,1.4102395994914583,-203.36363168241593,1.195811224863198,2.7152134380469626,,,blank_sat_deformed,,,0.17116930057312513,78.59684847367788,0.019210966132966197,0.6473267228878857,1.13508621621217e+20,"{""rho_mode"": ""blank_sat_deformed"", ""rho_blank_def_scale"": 2.7152134380469626, ""rho_T_shift"": -203.36363168241593, ""rho_T_tau_scale"": 1.195811224863198, ""rho_T_amp_scale"": 1.4102395994914583, ""rho_max"": 1000000000000000.0, ""rho_fab_base"": 30000000000000.0, ""first_gas_pressure_factor"": 0.17116930057312513}",0.09353696448952682,0.0,3.5053488548266634,5.869169713767473e-05,1.7644530013300388,0.47764845838948444,0.5228020512722595,COMPLETE
225,9.112071493067969,1.2137311869491905,2.3487209540771037,1789211.1987831278,2.9856984998144864e-06,0.5127136464454638,2.3671139598525754,-52.14658150313449,0.78314183519958,5.7571358050806545,,,blank_sat_deformed,,,0.5127136464454638,33.22203742224047,0.00108250651437858,0.5016945522909146,1.7821047012078027e+20,"{""rho_mode"": ""blank_sat_deformed"", ""rho_blank_def_scale"": 5.7571358050806545, ""rho_T_shift"": -52.14658150313449, ""rho_T_tau_scale"": 0.78314183519958, ""rho_T_amp_scale"": 2.3671139598525754, ""rho_max"": 1000000000000000.0, ""rho_fab_base"": 30000000000000.0, ""first_gas_pressure_factor"": 0.5127136464454638}",0.16577873001353363,0.0,6.139906302624051,0.00020453568108160558,2.424083041262111,0.4266811666648255,0.29346900277731247,COMPLETE
226,282.8921554214103,2.8903730973569233,2.161206199049597,1627610.272423687,3.8923653210996767e-07,0.37041101443280605,1.6479594849184203,-125.51912058269303,1.5603613579267197,1.6058820484623877,,,blank_sat_deformed,,,0.37041101443280605,20708.221020619192,0.35794832645520275,0.9387781533568383,22241902834692.94,"{""rho_mode"": ""blank_sat_deformed"", ""rho_blank_def_scale"": 1.6058820484623877, ""rho_T_shift"": -125.51912058269303, ""rho_T_tau_scale"": 1.5603613579267197, ""rho_T_amp_scale"": 1.6479594849184203, ""rho_max"": 1000000000000000.0, ""rho_fab_base"": 30000000000000.0, ""first_gas_pressure_factor"": 0.37041101443280605}",0.09392700733584826,138.0557155114959,5.061451403080097,0.13539610454396392,0.9834599205429506,0.45870550551904943,0.40975354421751276,COMPLETE
227,1384831.4970267934,26.67964681375354,7.538009350391907,1849116.7982064423,1.0684665527391203e-07,0.11632065513596956,,,,,,5.4698543087563145,constant,,,0.11632065513596956,1366289.0323309412,0.39313341652856854,0.9678785727597687,84868450.0102265,"{""rho_mode"": ""constant"", ""rho_const_scale"": 5.4698543087563145, ""rho_max"": 1000000000000000.0, ""rho_fab_base"": 30000000000000.0, ""first_gas_pressure_factor"": 0.11632065513596956}",1.4605348651185062,692409.6580354056,8.608631268148015,0.5772799534540963,1.4246560185794443,1.0321108834509434,0.8205696186268566,COMPLETE
228,6.124456052379522,1.476706550335535,2.615169426444765,2826086.517508795,4.802833343720908e-07,0.16856912417654019,1.1202861962444286,-112.8499250015371,1.0362091180005575,2.1302194225638744,,,blank_sat_deformed,,,0.16856912417654019,46.33084699397916,0.0021967863631894018,0.5464158701144627,1.566940958773128e+20,"{""rho_mode"": ""blank_sat_deformed"", ""rho_blank_def_scale"": 2.1302194225638744, ""rho_T_shift"": -112.8499250015371, ""rho_T_tau_scale"": 1.0362091180005575, ""rho_T_amp_scale"": 1.1202861962444286, ""rho_max"": 1000000000000000.0, ""rho_fab_base"": 30000000000000.0, ""first_gas_pressure_factor"": 0.16856912417654019}",0.11932123564956887,0.0,2.9683191398398727,2.971989331454048e-05,2.320126592215192,0.5764962959383221,0.7854001912096904,COMPLETE
229,300.69662211994006,1.8811673153586392,1.3709689006947048,614020.3117501521,2.8450092372122845e-06,0.7167514962998444,1.957107518143667,-16.976372440056892,1.223915441152178,0.8026236434639923,,,blank_sat_deformed,,,0.7167514962998444,21350.186214611127,0.27527843330041835,0.9059594383796528,18240328291843.53,"{""rho_mode"": ""blank_sat_deformed"", ""rho_blank_def_scale"": 0.8026236434639923, ""rho_T_shift"": -16.976372440056892, ""rho_T_tau_scale"": 1.223915441152178, ""rho_T_amp_scale"": 1.957107518143667, ""rho_max"": 1000000000000000.0, ""rho_fab_base"": 30000000000000.0, ""first_gas_pressure_factor"": 0.7167514962998444}",0.11547841112894187,148.27669361986878,1.0308839900676003,0.17545228247952685,0.9533745010003192,1.4380870146853972,1.741138032479643,COMPLETE
230,6.6882505240002645,1.3277202911421302,1.0804769961949852,2797755.744257216,7.085583662700002e-07,0.5122016324346887,1.536781384147093,-158.50110899915595,0.9052662498420478,1.3881180969830358,,,blank_sat_deformed,,,0.5122016324346887,60.12785859507251,0.003647221291581549,0.5751787091704248,1.0058324010098446e+20,"{""rho_mode"": ""blank_sat_deformed"", ""rho_blank_def_scale"": 1.3881180969830358, ""rho_T_shift"": -158.50110899915595, ""rho_T_tau_scale"": 0.9052662498420478, ""rho_T_amp_scale"": 1.536781384147093, ""rho_max"": 1000000000000000.0, ""rho_fab_base"": 30000000000000.0, ""first_gas_pressure_factor"": 0.5122016324346887}",0.11248474584052104,0.0,1.6451734186281772,2.606511118776713e-06,2.672783186314598,1.6502451675235068,2.325163986182531,COMPLETE
231,750.1960664278527,1.2246990489145784,4.163851220133584,1286550.1338881343,1.9352165571074664e-06,0.4217597579300391,1.6605916803237672,-73.97740699042932,1.1991688931894826,1.8523892717183428,,,blank_sat_deformed,,,0.4217597579300391,33095.6823228841,0.3792521661215766,0.9541708802259499,5721051383305.125,"{""rho_mode"": ""blank_sat_deformed"", ""rho_blank_def_scale"": 1.8523892717183428, ""rho_T_shift"": -73.97740699042932, ""rho_T_tau_scale"": 1.1991688931894826, ""rho_T_amp_scale"": 1.6605916803237672, ""rho_max"": 1000000000000000.0, ""rho_fab_base"": 30000000000000.0, ""first_gas_pressure_factor"": 0.4217597579300391}",0.10308300356394866,372.5580541764558,1.3694918079567258,0.1438898740885599,1.9821892607149998,1.10478126840926,1.5299642101958333,COMPLETE
232,454.94985662052505,1.970571633777942,4.162872398161785,1812677.5913815224,2.6107287203028264e-06,0.22994414001727262,1.6893148011631147,-82.22066031623538,1.1786153078801973,1.6051903005645585,,,blank_sat_deformed,,,0.22994414001727262,26039.142912219246,0.38730720434554233,0.9598414698983323,11957210207389.186,"{""rho_mode"": ""blank_sat_deformed"", ""rho_blank_def_scale"": 1.6051903005645585, ""rho_T_shift"": -82.22066031623538, ""rho_T_tau_scale"": 1.1786153078801973, ""rho_T_amp_scale"": 1.6893148011631147, ""rho_max"": 1000000000000000.0, ""rho_fab_base"": 30000000000000.0, ""first_gas_pressure_factor"": 0.22994414001727262}",0.10042719274033947,225.00464562639797,1.6087184457307449,0.1303301197732229,1.983396054182234,0.8449735932816875,1.1768723873772042,COMPLETE
233,6.44895537077219,1.3606810957767743,6.6906261425243985,2945798.1467932444,2.085969735744915e-06,0.40947500202292003,2.0428350457917355,-98.65382309783168,1.0748358117104768,2.5591346115266367,,,blank_sat_deformed,,,0.40947500202292003,37.452764633062394,0.0014370178987560412,0.5164596600496683,1.7084529478857674e+20,"{""rho_mode"": ""blank_sat_deformed"", ""rho_blank_def_scale"": 2.5591346115266367, ""rho_T_shift"": -98.65382309783168, ""rho_T_tau_scale"": 1.0748358117104768, ""rho_T_amp_scale"": 2.0428350457917355, ""rho_max"": 1000000000000000.0, ""rho_fab_base"": 30000000000000.0, ""first_gas_pressure_factor"": 0.40947500202292003}",0.1427690724875871,0.0,2.1992172678846367,4.57699599541189e-07,2.9935319736534,0.8636607006878467,1.213303854497298,COMPLETE
234,137.5220733134778,1.9050284766942394,1.5584282079026144,1612017.4045636565,2.3107510123476707e-06,0.32582661495060544,1.3778002635730262,-127.3938418021718,1.4859622236803778,1.3682997688973277,,,blank_sat_deformed,,,0.32582661495060544,14794.300207899854,0.3396998861207991,0.9256179880838088,58468703910030.68,"{""rho_mode"": ""blank_sat_deformed"", ""rho_blank_def_scale"": 1.3682997688973277, ""rho_T_shift"": -127.3938418021718, ""rho_T_tau_scale"": 1.4859622236803778, ""rho_T_amp_scale"": 1.3778002635730262, ""rho_max"": 1000000000000000.0, ""rho_fab_base"": 30000000000000.0, ""first_gas_pressure_factor"": 0.32582661495060544}",0.10163409998694771,66.33212458477911,1.2579772075867932,0.11115445152697102,1.8780599698134806,1.1214970430048872,1.5626955066335493,COMPLETE
235,28.189214005179355,1.2867135898043396,2.572892845448515,2894586.482259525,2.04989870466325e-06,0.426529279167345,,,,,,0.3019940675133977,constant,,,0.426529279167345,57.240562090071094,0.0006006014691458905,0.2671133010207529,2.425878465862758e+19,"{""rho_mode"": ""constant"", ""rho_const_scale"": 0.3019940675133977, ""rho_max"": 1000000000000000.0, ""rho_fab_base"": 30000000000000.0, ""first_gas_pressure_factor"": 0.426529279167345}",0.247466598069605,0.0,5.062254224431876,9.172551202568983e-09,3.4923679379513923,14.473873912526829,17.03741533827596,COMPLETE
236,5.625966740443117,1.7481643251278958,3.888783090646609,2053631.9031499731,2.1878544023282878e-06,0.26325574642226973,1.664058220890607,-60.01014695564747,0.9658986749514198,2.2894153902528878,,,blank_sat_deformed,,,0.26325574642226973,56.82346331295715,0.004161719657776001,0.5869056431283761,1.0458814181981161e+20,"{""rho_mode"": ""blank_sat_deformed"", ""rho_blank_def_scale"": 2.2894153902528878, ""rho_T_shift"": -60.01014695564747, ""rho_T_tau_scale"": 0.9658986749514198, ""rho_T_amp_scale"": 1.664058220890607, ""rho_max"": 1000000000000000.0, ""rho_fab_base"": 30000000000000.0, ""first_gas_pressure_factor"": 0.26325574642226973}",0.1063331748622134,0.0,2.6049144591147533,1.8516344693629505e-05,2.168473444836021,0.5956139086021475,0.7855992552435285,COMPLETE
237,7.654478947487649,1.3285279484836725,1.9636559896859478,1444502.1923021213,9.63609136771384e-07,0.3929248712509221,2.0964929445192566,-2.719396551318468,0.732013897053381,3.4163979060597063,,,blank_sat_deformed,,,0.3929248712509221,51.043444775631386,0.003120303625363774,0.5729994811444854,6.467933309821332e+19,"{""rho_mode"": ""blank_sat_deformed"", ""rho_blank_def_scale"": 3.4163979060597063, ""rho_T_shift"": -2.719396551318468, ""rho_T_tau_scale"": 0.732013897053381, ""rho_T_amp_scale"": 2.0964929445192566, ""rho_max"": 1000000000000000.0, ""rho_fab_base"": 30000000000000.0, ""first_gas_pressure_factor"": 0.3929248712509221}",0.11758020353649597,0.0,5.36834243390294,0.0007509856538342119,1.7174704552719158,0.44515243163605395,0.33082200105201937,COMPLETE
238,9.12681053190815,3.4845538363591095,5.494256884017902,2514640.4035412953,1.3901169713676801e-06,0.3383536830031235,1.3323995539271,-41.03680203881769,0.9167853808350914,2.681312299295236,,,blank_sat_deformed,,,0.3383536830031235,45.11962202941099,0.0022880936950514866,0.5562984886579538,1.519503325036485e+20,"{""rho_mode"": ""blank_sat_deformed"", ""rho_blank_def_scale"": 2.681312299295236, ""rho_T_shift"": -41.03680203881769, ""rho_T_tau_scale"": 0.9167853808350914, ""rho_T_amp_scale"": 1.3323995539271, ""rho_max"": 1000000000000000.0, ""rho_fab_base"": 30000000000000.0, ""first_gas_pressure_factor"": 0.3383536830031235}",0.14098866695861154,0.0,6.843280003330667,0.000381455751408152,1.6007470078780126,0.566260137089842,0.29314731488832824,COMPLETE
239,7.784237894728825,3.2951911996209677,3.141250004095516,2648801.977547578,8.968078418356868e-07,0.16079710437906006,1.6796067975444402,-189.59664287227884,0.9561736548947464,2.1465067526348816,,,blank_sat_deformed,,,0.16079710437906006,56.00847749987669,0.0042139549895015655,0.5889138956291352,1.4321119733809753e+20,"{""rho_mode"": ""blank_sat_deformed"", ""rho_blank_def_scale"": 2.1465067526348816, ""rho_T_shift"": -189.59664287227884, ""rho_T_tau_scale"": 0.9561736548947464, ""rho_T_amp_scale"": 1.6796067975444402, ""rho_max"": 1000000000000000.0, ""rho_fab_base"": 30000000000000.0, ""first_gas_pressure_factor"": 0.16079710437906006}",0.10964518852218792,0.0,5.623383839128745,0.0005970437217276725,1.576890748439046,0.4640018048903778,0.3247847361483055,COMPLETE
240,9.526425588864333,2.2775771624472303,1.1540390009182389,1666037.3039046596,1.442623116674713e-06,0.5032727276305449,1.6810378352997284,-74.50829469817819,1.4535703283174382,2.0642909105960063,,,blank_sat_deformed,,,0.5032727276305449,3633.4966169869913,0.34717235840291966,0.9243393564675608,3930351975455132.0,"{""rho_mode"": ""blank_sat_deformed"", ""rho_blank_def_scale"": 2.0642909105960063, ""rho_T_shift"": -74.50829469817819, ""rho_T_tau_scale"": 1.4535703283174382, ""rho_T_amp_scale"": 1.6810378352997284, ""rho_max"": 1000000000000000.0, ""rho_fab_base"": 30000000000000.0, ""first_gas_pressure_factor"": 0.5032727276305449}",0.10598293571982671,1.8142323557446585,3.808381333276768,0.04844194316716291,1.5047932261168355,0.3895776388788848,0.41856716263799915,COMPLETE
241,1614.4192162702575,8.363874381901713,2.9413804954174703,585012.4138373884,1.5436027322202846e-06,0.8548262917737228,1.6466510858284595,-89.99889081174715,1.1207765829463625,1.298553130497694,,,blank_sat_deformed,,,0.8548262917737228,47714.05890448069,0.3198292020510893,0.9240883793170529,1734254500796.292,"{""rho_mode"": ""blank_sat_deformed"", ""rho_blank_def_scale"": 1.298553130497694, ""rho_T_shift"": -89.99889081174715, ""rho_T_tau_scale"": 1.1207765829463625, ""rho_T_amp_scale"": 1.6466510858284595, ""rho_max"": 1000000000000000.0, ""rho_fab_base"": 30000000000000.0, ""first_gas_pressure_factor"": 0.8548262917737228}",0.8118420005320877,802.5944210306228,7.225024752686089,0.3250535125264808,0.06928404662112071,1.0516183855674845,1.323417038347639,COMPLETE
242,6.158172129586848,1.5096327177151114,8.79851114512259,2275950.4893189,1.5928127299686608e-07,0.4291022226114763,2.1373014807391195,-107.61120309764291,1.159254568541426,1.652877781497522,,,blank_sat_deformed,,,0.4291022226114763,62.81337426013469,0.005220415996946481,0.5959522093983526,8.562590270194855e+19,"{""rho_mode"": ""blank_sat_deformed"", ""rho_blank_def_scale"": 1.652877781497522, ""rho_T_shift"": -107.61120309764291, ""rho_T_tau_scale"": 1.159254568541426, ""rho_T_amp_scale"": 2.1373014807391195, ""rho_max"": 1000000000000000.0, ""rho_fab_base"": 30000000000000.0, ""first_gas_pressure_factor"": 0.4291022226114763}",0.11794537247671034,0.0,3.875518156614223,2.8493919482656165e-05,1.676102853329264,0.44348407358321223,0.46483159215108216,COMPLETE
243,5.628001962305902,2.2282346882815216,4.134769533939799,2858288.8425345835,2.7218876399600834e-06,0.3376570418208459,1.337592256934803,-153.25619385558917,1.0677300693198064,1.9076196757304238,,,blank_sat_deformed,,,0.3376570418208459,52.900921525596694,0.0032266082158466376,0.5725170267777863,1.4286467502932048e+20,"{""rho_mode"": ""blank_sat_deformed"", ""rho_blank_def_scale"": 1.9076196757304238, ""rho_T_shift"": -153.25619385558917, ""rho_T_tau_scale"": 1.0677300693198064, ""rho_T_amp_scale"": 1.337592256934803, ""rho_max"": 1000000000000000.0, ""rho_fab_base"": 30000000000000.0, ""first_gas_pressure_factor"": 0.3376570418208459}",0.10722273703174688,0.0,1.9875740673483786,2.8414749496230316e-06,2.47118204019288,0.8030894231064277,1.149030142589722,COMPLETE
244,5.927984042675148,1.2362684730754216,1.9917816846004348,2075028.4178001042,2.564711958115573e-06,0.3236927024252413,1.0999409623035696,-183.78001044129803,0.9074978980049506,2.5842925221476705,,,blank_sat_deformed,,,0.3236927024252413,54.312861774848855,0.0033129950339534074,0.5727769171709457,1.3334612777956157e+20,"{""rho_mode"": ""blank_sat_deformed"", ""rho_blank_def_scale"": 2.5842925221476705, ""rho_T_shift"": -183.78001044129803, ""rho_T_tau_scale"": 0.9074978980049506, ""rho_T_amp_scale"": 1.0999409623035696, ""rho_max"": 1000000000000000.0, ""rho_fab_base"": 30000000000000.0, ""first_gas_pressure_factor"": 0.3236927024252413}",0.10438601536963821,0.0,1.4989873432328982,2.7848147348120897e-06,2.70662170852832,1.1854173758099187,1.720258757384497,COMPLETE
