number,value,params_Dg_dislocation_scale,params_Dv_dislocation_scale,params_K_d,params_f_n,params_first_gas_pressure_factor,params_rho_T_amp_scale,params_rho_T_shift,params_rho_T_tau_scale,params_rho_blank_def_scale,params_rho_blank_scale,params_rho_const_scale,params_rho_mode,user_attrs_error,user_attrs_failed,user_attrs_first_gas_pressure_factor,user_attrs_max_Rd_nm,user_attrs_max_f_cap_step,user_attrs_max_psi_d,user_attrs_min_Nd,user_attrs_rho_cfg,user_attrs_score_Nd_drop,user_attrs_score_guards,user_attrs_score_partition,user_attrs_score_pressure,user_attrs_score_radius_T,user_attrs_score_swelling_T,user_attrs_score_swelling_burnup,state
245,133.100691938947,19.24414301327715,1.8007007976811513,2117503.5003029495,3.863719605867916e-08,0.1819182531866198,1.2096465896914077,-164.26343727258066,1.1798555090747915,1.968886938050737,,,blank_sat_deformed,,,0.1819182531866198,14274.30552865548,0.36530967136428,0.9412179211947335,68441101308135.4,"{""rho_mode"": ""blank_sat_deformed"", ""rho_blank_def_scale"": 1.968886938050737, ""rho_T_shift"": -164.26343727258066, ""rho_T_tau_scale"": 1.1798555090747915, ""rho_T_amp_scale"": 1.2096465896914077, ""rho_max"": 1000000000000000.0, ""rho_fab_base"": 30000000000000.0, ""first_gas_pressure_factor"": 0.1819182531866198}",0.09438904853381296,61.27368705525784,8.56169053105214,0.1182234181539491,0.7825085486970944,0.8494346109859311,0.7419430327848286,COMPLETE
246,111.90567181406168,1.9887694226613342,2.8033830365626775,2418965.9976275833,8.538278327132129e-07,0.37673038230456807,1.393735609960215,-141.15144667582305,0.940052092502341,1.0866259828241003,,,blank_sat_deformed,,,0.37673038230456807,13393.797769971678,0.3671057329284733,0.9402897761325502,82601002972220.2,"{""rho_mode"": ""blank_sat_deformed"", ""rho_blank_def_scale"": 1.0866259828241003, ""rho_T_shift"": -141.15144667582305, ""rho_T_tau_scale"": 0.940052092502341, ""rho_T_amp_scale"": 1.393735609960215, ""rho_max"": 1000000000000000.0, ""rho_fab_base"": 30000000000000.0, ""first_gas_pressure_factor"": 0.37673038230456807}",0.09934361783915625,53.1590956651944,1.5877666239410506,0.09442791643264561,2.08017876077127,1.2638139231040755,1.8047484528533673,COMPLETE
247,5.916165575097393,2.0015102506861533,5.31011094859406,2898835.139836543,1.747591694027364e-06,0.16584953342549946,1.490663086442275,-146.63824361313357,0.44800900289798934,2.2701306550313225,,,blank_sat_deformed,,,0.16584953342549946,48.70002851510842,0.00256244927616341,0.5584311706992875,1.5746937968299498e+20,"{""rho_mode"": ""blank_sat_deformed"", ""rho_blank_def_scale"": 2.2701306550313225, ""rho_T_shift"": -146.63824361313357, ""rho_T_tau_scale"": 0.44800900289798934, ""rho_T_amp_scale"": 1.490663086442275, ""rho_max"": 1000000000000000.0, ""rho_fab_base"": 30000000000000.0, ""first_gas_pressure_factor"": 0.16584953342549946}",0.10208042661024824,0.0,2.464549223297368,4.132020344454822e-06,2.448356445640828,0.6907511550312876,0.9736284459517174,COMPLETE
248,36642.48244020181,20.050782871279292,13.735966552601075,116460.82662500117,6.082839993772344e-07,0.16843768345569382,2.1192764729146725,-52.65739355442931,1.546972770176292,1.7864768883950517,,,blank_sat_deformed,,,0.16843768345569382,221165.7420663647,0.3440035828563816,0.9362647119074851,18111473512.665035,"{""rho_mode"": ""blank_sat_deformed"", ""rho_blank_def_scale"": 1.7864768883950517, ""rho_T_shift"": -52.65739355442931, ""rho_T_tau_scale"": 1.546972770176292, ""rho_T_amp_scale"": 2.1192764729146725, ""rho_max"": 1000000000000000.0, ""rho_fab_base"": 30000000000000.0, ""first_gas_pressure_factor"": 0.16843768345569382}",4.146600672601129,18314.587616207813,8.654223974873535,0.7814718641232091,0.19283203424193185,2.0560198638116174,2.644466382061598,COMPLETE
249,41765.889156042744,1.7464227495452473,6.604291860927278,790306.5136638508,1.3770249332708528e-06,0.32098635544831555,1.4823179593242373,-139.75810333089515,1.2052772437464963,3.317559052764475,,,blank_sat_deformed,,,0.32098635544831555,238437.57188084707,0.3998388654440306,0.9675770596462925,15953060356.397541,"{""rho_mode"": ""blank_sat_deformed"", ""rho_blank_def_scale"": 3.317559052764475, ""rho_T_shift"": -139.75810333089515, ""rho_T_tau_scale"": 1.2052772437464963, ""rho_T_amp_scale"": 1.4823179593242373, ""rho_max"": 1000000000000000.0, ""rho_fab_base"": 30000000000000.0, ""first_gas_pressure_factor"": 0.32098635544831555}",0.18637721406737517,20879.270694075585,5.329395234515384,0.3401246539953045,0.8997070526170177,0.5976764852519817,0.4786300745982675,COMPLETE
250,11.200655967298525,1.0681494526069482,4.364557417977079,2942856.80523882,2.080648275699076e-06,0.33832059218448446,1.0305530440764665,-208.69509167796505,0.938208255726998,1.175267795317955,,,blank_sat_deformed,,,0.33832059218448446,58.820670197487935,0.0025849356042980743,0.5546258662001222,8.990920741720731e+19,"{""rho_mode"": ""blank_sat_deformed"", ""rho_blank_def_scale"": 1.175267795317955, ""rho_T_shift"": -208.69509167796505, ""rho_T_tau_scale"": 0.938208255726998, ""rho_T_amp_scale"": 1.0305530440764665, ""rho_max"": 1000000000000000.0, ""rho_fab_base"": 30000000000000.0, ""first_gas_pressure_factor"": 0.33832059218448446}",0.14895268031037687,0.0,1.4184388696971075,9.138957093933345e-08,3.5685304622690484,4.439710053913113,5.8139531798920325,COMPLETE
251,6.38182276848863,1.0088833342138288,1.906685362168585,2343271.696093939,1.0007096607675443e-06,0.14107449772404534,1.7953511758828373,-81.14381895706914,1.3106350670139084,1.9013601732387249,,,blank_sat_deformed,,,0.14107449772404534,49.49318350097576,0.0024223339455421147,0.5511141194138266,1.0514133496289842e+20,"{""rho_mode"": ""blank_sat_deformed"", ""rho_blank_def_scale"": 1.9013601732387249, ""rho_T_shift"": -81.14381895706914, ""rho_T_tau_scale"": 1.3106350670139084, ""rho_T_amp_scale"": 1.7953511758828373, ""rho_max"": 1000000000000000.0, ""rho_fab_base"": 30000000000000.0, ""first_gas_pressure_factor"": 0.14107449772404534}",0.1374818347680164,0.0,1.5552666394941066,7.290871124686349e-07,2.8162078309768916,1.4023783428107672,1.934909530553828,COMPLETE
252,263.49858843175343,2.1245782215258155,4.503235770778104,1827271.769448105,2.6237599569705877e-06,0.3021257059420012,1.409659987047919,-130.2646348406401,2.0551007142419193,1.8016959326868058,,,blank_sat_deformed,,,0.3021257059420012,20083.57648211605,0.39805603357721464,0.9653386706005932,26511075050692.453,"{""rho_mode"": ""blank_sat_deformed"", ""rho_blank_def_scale"": 1.8016959326868058, ""rho_T_shift"": -130.2646348406401, ""rho_T_tau_scale"": 2.0551007142419193, ""rho_T_amp_scale"": 1.409659987047919, ""rho_max"": 1000000000000000.0, ""rho_fab_base"": 30000000000000.0, ""first_gas_pressure_factor"": 0.3021257059420012}",0.11225512942241696,129.27993326713343,1.9992434166179636,0.11589380783194819,1.8867243549787307,0.6481074373993723,0.8876728492469828,COMPLETE
253,9.054288231410638,1.8784258696787568,2.464437282221495,2969874.7189374417,4.1199203232294114e-07,0.4530841050427048,2.2089687628816894,-52.83353112324714,1.0357900358528456,2.8814746559146345,,,blank_sat_deformed,,,0.4530841050427048,34.992589135428865,0.0012259119969700147,0.508606516379378,1.6806902535093587e+20,"{""rho_mode"": ""blank_sat_deformed"", ""rho_blank_def_scale"": 2.8814746559146345, ""rho_T_shift"": -52.83353112324714, ""rho_T_tau_scale"": 1.0357900358528456, ""rho_T_amp_scale"": 2.2089687628816894, ""rho_max"": 1000000000000000.0, ""rho_fab_base"": 30000000000000.0, ""first_gas_pressure_factor"": 0.4530841050427048}",0.1842284332939885,0.0,6.409856171621115,0.0003575681417940581,2.1073135655982123,0.4284304772285802,0.23828254054045953,COMPLETE
254,5.814173533465669,2.026577906206904,4.638350388819586,1825571.82533118,8.278157489779542e-07,0.3756318957454854,1.6925936749161103,171.89335605475483,1.3760246944521644,1.3261063380875506,,,blank_sat_deformed,,,0.3756318957454854,75.16579769118552,0.01469472425574294,0.6386067549932889,2.3819849687899394e+19,"{""rho_mode"": ""blank_sat_deformed"", ""rho_blank_def_scale"": 1.3261063380875506, ""rho_T_shift"": 171.89335605475483, ""rho_T_tau_scale"": 1.3760246944521644, ""rho_T_amp_scale"": 1.6925936749161103, ""rho_max"": 1000000000000000.0, ""rho_fab_base"": 30000000000000.0, ""first_gas_pressure_factor"": 0.3756318957454854}",0.1509680736729909,0.0,3.6067184653648563,0.00010985177039631775,1.56305830973472,0.489799591388751,0.41431233490782554,COMPLETE
255,5.193827953619804,2.173597146101942,2.88300796694284,2530012.8795136777,2.0108519744363924e-06,0.316190661475353,1.4362149470779115,186.03773833659383,1.65653520394026,1.0932234288176508,,,blank_sat_deformed,,,0.316190661475353,62.24559676992781,0.005555379420849362,0.6000769520349842,4.580217846397584e+19,"{""rho_mode"": ""blank_sat_deformed"", ""rho_blank_def_scale"": 1.0932234288176508, ""rho_T_shift"": 186.03773833659383, ""rho_T_tau_scale"": 1.65653520394026, ""rho_T_amp_scale"": 1.4362149470779115, ""rho_max"": 1000000000000000.0, ""rho_fab_base"": 30000000000000.0, ""first_gas_pressure_factor"": 0.316190661475353}",0.1666551042919574,0.0,1.6734009737029165,2.799087933602372e-06,2.244898869120369,0.9057285162688814,1.121552581937706,COMPLETE
256,7536.504115870106,1.8913922238318264,6.8536259857873345,1640458.4259270607,6.358624847881471e-07,0.3086193067800548,1.1743368149321152,181.49396073792184,2.334242069269193,1.0939619450444895,,,blank_sat_deformed,,,0.3086193067800548,102093.9236090923,0.3973700527952437,0.9659940992529706,202225131894.1063,"{""rho_mode"": ""blank_sat_deformed"", ""rho_blank_def_scale"": 1.0939619450444895, ""rho_T_shift"": 181.49396073792184, ""rho_T_tau_scale"": 2.334242069269193, ""rho_T_amp_scale"": 1.1743368149321152, ""rho_max"": 1000000000000000.0, ""rho_fab_base"": 30000000000000.0, ""first_gas_pressure_factor"": 0.3086193067800548}",0.13738175950016196,3765.935429415621,1.9643812214857281,0.23388386664191976,1.5075972461258886,0.6457126454328647,0.847352357592429,COMPLETE
257,10.27239668409892,2.9771809791777724,3.9068793997599296,2211261.4854145255,1.2777127970611348e-06,0.6691055552029602,,,,,4.156969023323941,,blank_sat,,,0.6691055552029602,37.21898872687668,0.0013917623621657977,0.5238447955080314,2.1146231894360785e+20,"{""rho_mode"": ""blank_sat"", ""rho_blank_scale"": 4.156969023323941, ""rho_max"": 1000000000000000.0, ""rho_fab_base"": 30000000000000.0, ""first_gas_pressure_factor"": 0.6691055552029602}",0.1768701767001091,0.0,7.798838282736564,0.0007170912319915928,1.74373070493224,0.6128897223724729,0.2694894916187678,COMPLETE
258,362.09952820251596,1.120236426217174,1.4529601173891369,127632.34845875483,3.6817896844550123e-07,0.47274772677859694,,,,,,6.962774173184906,constant,,,0.47274772677859694,23286.745961761302,0.19419556287927384,0.8947373837231366,13541654353695.027,"{""rho_mode"": ""constant"", ""rho_const_scale"": 6.962774173184906, ""rho_max"": 1000000000000000.0, ""rho_fab_base"": 30000000000000.0, ""first_gas_pressure_factor"": 0.47274772677859694}",0.21169589161780902,179.3721109204577,2.1768917664790917,0.2503002023827944,0.07469113072293077,0.5660833954150523,0.8166689609239277,COMPLETE
259,11.472748894933023,1.224304978600862,12.87636190264358,2787807.192724626,1.8951191890761664e-06,0.45440025974193693,,,,,,26.956360174876288,constant,,,0.45440025974193693,26.822197220038632,0.0008627812823679458,0.4787062170794682,1.357174026770306e+21,"{""rho_mode"": ""constant"", ""rho_const_scale"": 26.956360174876288, ""rho_max"": 1000000000000000.0, ""rho_fab_base"": 30000000000000.0, ""first_gas_pressure_factor"": 0.45440025974193693}",0.20219546667859692,0.0,6.589140738551333,5.872713894661049e-06,4.3055482831309,0.4821719593494555,0.18480982617240252,COMPLETE
260,15.36167600588104,1.0401010282362293,6.60114066642718,112139.47412378319,3.9116710974078915e-07,0.21433748365296929,,,,,,0.275974144521143,constant,,,0.21433748365296929,294.0666630964051,0.0020218222228773615,0.4162843416057363,6.772156194375224e+17,"{""rho_mode"": ""constant"", ""rho_const_scale"": 0.275974144521143, ""rho_max"": 1000000000000000.0, ""rho_fab_base"": 30000000000000.0, ""first_gas_pressure_factor"": 0.21433748365296929}",0.1940092120752479,0.0,7.2182344573363215,4.011239004636674e-05,0.12109128881174103,5.879786871398346,7.012404778431788,COMPLETE
261,417.74037160172986,2.8302520471974426,2.809003964008531,2073194.4885369975,1.1583249101112888e-06,0.4267663393401325,1.3401082880857476,137.7409625663124,1.7428869966455174,0.8497186293441992,,,blank_sat_deformed,,,0.4267663393401325,25014.63493570218,0.36586347915791906,0.9419545314232619,12747314545175.023,"{""rho_mode"": ""blank_sat_deformed"", ""rho_blank_def_scale"": 0.8497186293441992, ""rho_T_shift"": 137.7409625663124, ""rho_T_tau_scale"": 1.7428869966455174, ""rho_T_amp_scale"": 1.3401082880857476, ""rho_max"": 1000000000000000.0, ""rho_fab_base"": 30000000000000.0, ""first_gas_pressure_factor"": 0.4267663393401325}",0.12747607965154636,206.641903219258,1.7708900752776289,0.1417405106877074,1.5686269346754405,0.6864159280164317,0.8779883287543557,COMPLETE
262,760.3520326929264,2.882554655211761,5.792798286448933,2913377.957846297,1.489900164479131e-06,0.3294024012572849,,,,,0.3273835257572419,,blank_sat,,,0.3294024012572849,33185.14307962631,0.364592848777143,0.9389040695665729,5406845647413.789,"{""rho_mode"": ""blank_sat"", ""rho_blank_scale"": 0.3273835257572419, ""rho_max"": 1000000000000000.0, ""rho_fab_base"": 30000000000000.0, ""first_gas_pressure_factor"": 0.3294024012572849}",0.16107471832490364,374.6547452188816,2.3360662863021675,0.1316865948667318,2.283136646988152,4.538892724077522,5.735150197545651,COMPLETE
263,96.31988594277412,2.966585569736611,1.1457202640994255,1594455.11534465,2.682059504712835e-07,0.20064966662974237,1.4357871711072288,244.67050273537325,1.6728421203027513,0.8921908292101671,,,blank_sat_deformed,,,0.20064966662974237,12443.614487456607,0.33459632726180966,0.9226074173231915,97302180446691.6,"{""rho_mode"": ""blank_sat_deformed"", ""rho_blank_def_scale"": 0.8921908292101671, ""rho_T_shift"": 244.67050273537325, ""rho_T_tau_scale"": 1.6728421203027513, ""rho_T_amp_scale"": 1.4357871711072288, ""rho_max"": 1000000000000000.0, ""rho_fab_base"": 30000000000000.0, ""first_gas_pressure_factor"": 0.20064966662974237}",0.14029385275036033,45.04563419390161,4.611038414194569,0.11358894979256984,0.893517584969321,0.45963423988473867,0.4092653185987387,COMPLETE
264,2206721.761288495,2.4911971031658124,11.32151158079468,522487.1666692967,8.06339320926071e-08,0.23662256491876782,1.5122068901969015,240.63555896358233,1.5689068573590783,1.1097636263108746,,,blank_sat_deformed,,,0.23662256491876782,1724329.412974442,0.383618887710686,0.9646002420108504,41791964.02804635,"{""rho_mode"": ""blank_sat_deformed"", ""rho_blank_def_scale"": 1.1097636263108746, ""rho_T_shift"": 240.63555896358233, ""rho_T_tau_scale"": 1.5689068573590783, ""rho_T_amp_scale"": 1.5122068901969015, ""rho_max"": 1000000000000000.0, ""rho_fab_base"": 30000000000000.0, ""first_gas_pressure_factor"": 0.23662256491876782}",2.8755987151041493,1103355.977501821,6.744943967539435,0.647519694789954,0.13950527134562574,1.275374953092814,1.4127374092539218,COMPLETE
265,8.656440010442207,6.880165237933467,3.2417088495836204,2517296.418148475,2.8873275958803477e-06,0.4609744550234262,1.5965623588321438,133.45156552598039,1.3687539966464957,1.2967837248953051,,,blank_sat_deformed,,,0.4609744550234262,68.64061021460196,0.010927896732765183,0.6308507066260935,4.7492837654286115e+19,"{""rho_mode"": ""blank_sat_deformed"", ""rho_blank_def_scale"": 1.2967837248953051, ""rho_T_shift"": 133.45156552598039, ""rho_T_tau_scale"": 1.3687539966464957, ""rho_T_amp_scale"": 1.5965623588321438, ""rho_max"": 1000000000000000.0, ""rho_fab_base"": 30000000000000.0, ""first_gas_pressure_factor"": 0.4609744550234262}",0.1568667187780333,0.0,6.7035984222199625,0.001684396185460754,1.188137249089071,0.6084801308245037,0.4105548945586763,COMPLETE
266,5.725793062500035,1.7577105353014453,4.109558056846071,2426036.909531594,1.459309706816101e-06,0.504505073365127,1.1094479139008595,-214.47078229201384,1.4198530435450796,1.4034281561058242,,,blank_sat_deformed,,,0.504505073365127,101.72301073172602,0.04797235059227433,0.6758331143771927,7.001195034505971e+19,"{""rho_mode"": ""blank_sat_deformed"", ""rho_blank_def_scale"": 1.4034281561058242, ""rho_T_shift"": -214.47078229201384, ""rho_T_tau_scale"": 1.4198530435450796, ""rho_T_amp_scale"": 1.1094479139008595, ""rho_max"": 1000000000000000.0, ""rho_fab_base"": 30000000000000.0, ""first_gas_pressure_factor"": 0.504505073365127}",0.1090926879285038,0.0,1.359162807959985,1.5297363436358512e-05,2.3795156248635747,1.3751833203850625,1.9669915811409182,COMPLETE
267,3.775171485678747,1.762525632685351,7.044950531210412,2869991.9368489077,1.0609704427004406e-06,0.21623790810835175,,,,,,4.195160164942472,constant,,,0.21623790810835175,138.6005576612843,0.10821248694510048,0.7094935325848127,3.202298269329297e+19,"{""rho_mode"": ""constant"", ""rho_const_scale"": 4.195160164942472, ""rho_max"": 1000000000000000.0, ""rho_fab_base"": 30000000000000.0, ""first_gas_pressure_factor"": 0.21623790810835175}",0.11451504133247974,4.4055746177703147e-07,1.0987806029547127,7.284492746592773e-05,2.353422055787738,0.1997576789977684,0.3341147120988067,COMPLETE
268,34.06702728231932,1.8084670283199225,1.2677180590697632,1250309.8024864597,2.660682984463622e-06,0.45314261703193437,0.5253481780453653,-173.24768979678566,0.875691981332258,3.329812181554428,,,blank_sat_deformed,,,0.45314261703193437,7581.9447208182555,0.34800087582300315,0.9283575449125177,438243379140946.1,"{""rho_mode"": ""blank_sat_deformed"", ""rho_blank_def_scale"": 3.329812181554428, ""rho_T_shift"": -173.24768979678566, ""rho_T_tau_scale"": 0.875691981332258, ""rho_T_amp_scale"": 0.5253481780453653, ""rho_max"": 1000000000000000.0, ""rho_fab_base"": 30000000000000.0, ""first_gas_pressure_factor"": 0.45314261703193437}",0.07670209100234698,14.054598693956654,3.7736428770997463,0.07665370242992528,1.538139283022475,0.41351926085461005,0.4684478426626226,COMPLETE
269,810.2042399545072,4.2679995476435835,2.974385443900857,2090034.635388629,2.354028938584207e-06,0.3511664926380682,,,,,,5.612885327316495,constant,,,0.3511664926380682,34323.32938926441,0.35753259563332435,0.9427700087072824,4947211089238.746,"{""rho_mode"": ""constant"", ""rho_const_scale"": 5.612885327316495, ""rho_max"": 1000000000000000.0, ""rho_fab_base"": 30000000000000.0, ""first_gas_pressure_factor"": 0.3511664926380682}",0.12886455227633076,402.2124780157182,3.3392993804938764,0.18555384650725337,1.7015538496459408,0.459509763157059,0.22531390937118115,COMPLETE
270,2247630.18739866,2.0408213052017428,10.461935728950658,1638333.8930254972,1.1601960414402908e-06,0.3439601000753132,,,,,,5.619091670244631,constant,,,0.3439601000753132,1740255.0197884862,0.4087599587149829,0.9746036743111719,41933087.30298183,"{""rho_mode"": ""constant"", ""rho_const_scale"": 5.619091670244631, ""rho_max"": 1000000000000000.0, ""rho_fab_base"": 30000000000000.0, ""first_gas_pressure_factor"": 0.3439601000753132}",0.5729782992876992,1123812.9376273002,1.7753730931670275,0.5236424920347198,1.5926289528004347,0.2833169340308335,0.0752897598112456,COMPLETE
271,94.01959582778493,1.8349403911576865,3.418317304199038,2486099.3202055953,7.292632898198649e-07,0.13629371239969373,,,,,,5.0315778496376655,constant,,,0.13629371239969373,12440.008728373092,0.3739883456937611,0.9450276747621937,104660526703805.97,"{""rho_mode"": ""constant"", ""rho_const_scale"": 5.0315778496376655, ""rho_max"": 1000000000000000.0, ""rho_fab_base"": 30000000000000.0, ""first_gas_pressure_factor"": 0.13629371239969373}",0.1226700672327013,45.022824575683,1.5896687387661488,0.0891779950739534,2.0797826175963467,0.1648624393035788,0.08640290744115675,COMPLETE
272,9.346391797747138,1.1042264330109155,2.9865430190145528,2760402.980680524,1.6374680466846357e-07,0.651629891718297,,,,,4.02058342466684,,blank_sat,,,0.651629891718297,32.16325431108629,0.0010459954647750562,0.49197994094752673,2.57275063610799e+20,"{""rho_mode"": ""blank_sat"", ""rho_blank_scale"": 4.02058342466684, ""rho_max"": 1000000000000000.0, ""rho_fab_base"": 30000000000000.0, ""first_gas_pressure_factor"": 0.651629891718297}",0.18653678332583326,0.0,6.52621465025269,0.00019408466221723365,2.2935257509826674,0.4216242326068503,0.22508574192515252,COMPLETE
273,17.36968262758507,2.3212222987175086,1.2102077046597948,2159579.7230821825,1.0692011341783362e-06,0.8709830533637843,0.3114212393372089,12.217350985685869,0.5998271066531716,0.20583187471563208,,,blank_sat_deformed,,,0.8709830533637843,119.01041112266782,0.0012176067196000952,0.5601393027352889,1.1826704112670431e+19,"{""rho_mode"": ""blank_sat_deformed"", ""rho_blank_def_scale"": 0.20583187471563208, ""rho_T_shift"": 12.217350985685869, ""rho_T_tau_scale"": 0.5998271066531716, ""rho_T_amp_scale"": 0.3114212393372089, ""rho_max"": 1000000000000000.0, ""rho_fab_base"": 30000000000000.0, ""first_gas_pressure_factor"": 0.8709830533637843}",0.19819837305482899,0.0,4.463914456500384,2.6212847392169973e-08,2.098675629331103,7.874359949946809,9.643642969943208,COMPLETE
274,11.351087252293352,3.536342310957329,6.433209493527859,2786335.4134236607,2.2071545813332665e-06,0.3138117018138127,,,,,,14.054176482213379,constant,,,0.3138117018138127,41.799618000293584,0.0018977477406875328,0.5440240335997036,5.2631859081952795e+20,"{""rho_mode"": ""constant"", ""rho_const_scale"": 14.054176482213379, ""rho_max"": 1000000000000000.0, ""rho_fab_base"": 30000000000000.0, ""first_gas_pressure_factor"": 0.3138117018138127}",0.17711361588111108,0.0,7.402253767446268,0.00018608201361169512,3.2252341555682666,0.6121652717594863,0.25275084109832313,COMPLETE
