number,value,params_Dg_dislocation_scale,params_Dv_dislocation_scale,params_K_d,params_f_n,params_first_gas_pressure_factor,params_rho_T_amp_scale,params_rho_T_shift,params_rho_T_tau_scale,params_rho_blank_def_scale,params_rho_blank_scale,params_rho_const_scale,params_rho_mode,user_attrs_error,user_attrs_failed,user_attrs_first_gas_pressure_factor,user_attrs_max_Rd_nm,user_attrs_max_f_cap_step,user_attrs_max_psi_d,user_attrs_min_Nd,user_attrs_rho_cfg,user_attrs_score_Nd_drop,user_attrs_score_guards,user_attrs_score_partition,user_attrs_score_pressure,user_attrs_score_radius_T,user_attrs_score_swelling_T,user_attrs_score_swelling_burnup,state
69,8.33945429393295,1.425930950275452,2.2411867710260576,2760050.533871948,3.278946569300297e-07,0.24763591481145292,,,,,0.7192567666201422,,blank_sat,,,0.24763591481145292,93.61901340582003,0.013943540000156348,0.6323932122962581,4.673965649765479e+19,"{""rho_mode"": ""blank_sat"", ""rho_blank_scale"": 0.7192567666201422, ""rho_max"": 1000000000000000.0, ""rho_fab_base"": 30000000000000.0, ""first_gas_pressure_factor"": 0.24763591481145292}",0.1251928577877768,0.0,2.5475570246178347,1.3520051625347478e-06,2.378645790164212,2.4184656519954832,3.2324863453090122,COMPLETE
70,12.278998788475754,1.3289063336813722,4.618947151540163,2705202.18960632,2.122980940336223e-07,0.22898966752497096,,,,,0.4344834189150912,,blank_sat,,,0.22898966752497096,98.48712532717951,0.006302980325205312,0.605590048825418,2.770501880661816e+19,"{""rho_mode"": ""blank_sat"", ""rho_blank_scale"": 0.4344834189150912, ""rho_max"": 1000000000000000.0, ""rho_fab_base"": 30000000000000.0, ""first_gas_pressure_factor"": 0.22898966752497096}",0.1506336744970494,0.0,4.320080245007449,3.873922489245546e-07,2.350957552605689,4.0337970832608425,5.146789284367046,COMPLETE
71,192.88278049202182,2.2584899595194257,2.42615358641119,2499021.9668556284,6.50223903220416e-07,0.20591752133347369,,,,,0.468424484260237,,blank_sat,,,0.20591752133347369,17185.638920003836,0.33655363692446627,0.9221765425109931,36885574737566.3,"{""rho_mode"": ""blank_sat"", ""rho_blank_scale"": 0.468424484260237, ""rho_max"": 1000000000000000.0, ""rho_fab_base"": 30000000000000.0, ""first_gas_pressure_factor"": 0.20591752133347369}",0.13211687132606117,92.20058369102615,2.3276234992103615,0.10209738006851336,2.0204904317033843,2.8761057469978173,3.7629089257473765,COMPLETE
72,11.942184488884024,2.5087935826830665,2.8010625401255016,2299812.7667948976,1.1875950046257803e-07,0.13926263804894098,2.929300694298698,-246.97873364523656,2.96385687421149,9.437107942272318,,,blank_sat_deformed,,,0.13926263804894098,27.288976542267694,0.0008491678384363382,0.48589044986660057,5.364670686114756e+20,"{""rho_mode"": ""blank_sat_deformed"", ""rho_blank_def_scale"": 9.437107942272318, ""rho_T_shift"": -246.97873364523656, ""rho_T_tau_scale"": 2.96385687421149, ""rho_T_amp_scale"": 2.929300694298698, ""rho_max"": 1000000000000000.0, ""rho_fab_base"": 30000000000000.0, ""first_gas_pressure_factor"": 0.13926263804894098}",0.29335273121460964,0.0,8.446767654627212,0.0004962047042492712,2.815260269723219,0.5664486312420822,0.18180394114779935,COMPLETE
73,10.039327262804264,1.8548502685814554,1.0458508603691847,2894858.373911697,1.9926874577593976e-07,0.35059952595647537,,,,,,0.8156295752366122,constant,,,0.35059952595647537,97.39766071372897,0.0010364490112717984,0.519183584270806,3.6160020598444618e+19,"{""rho_mode"": ""constant"", ""rho_const_scale"": 0.8156295752366122, ""rho_max"": 1000000000000000.0, ""rho_fab_base"": 30000000000000.0, ""first_gas_pressure_factor"": 0.35059952595647537}",0.13694161006951724,0.0,4.91287988230414,1.237709139674838e-06,1.9825023211073416,2.187975908298031,3.095265304572362,COMPLETE
74,10.005110425028324,1.739246522989543,1.5066581904293388,2295084.853613261,7.705498318531237e-08,0.5518795422476928,,,,,,0.7913913722172027,constant,,,0.5518795422476928,121.24246996515987,0.0012486058325610694,0.5554116145370747,2.29504886495745e+19,"{""rho_mode"": ""constant"", ""rho_const_scale"": 0.7913913722172027, ""rho_max"": 1000000000000000.0, ""rho_fab_base"": 30000000000000.0, ""first_gas_pressure_factor"": 0.5518795422476928}",0.11121289361946257,0.0,6.443652825985088,1.3431144743949964e-05,1.4865722179132543,1.423487272847989,2.0971403280445204,COMPLETE
75,15.622242660926128,1.0532226224881627,1.4164091434519408,2435126.437015353,9.40024881041748e-08,0.38423340178716636,,,,,,0.6591153782941951,constant,,,0.38423340178716636,87.15190801189928,0.0008799511922045437,0.4472898994715625,3.227364114622761e+19,"{""rho_mode"": ""constant"", ""rho_const_scale"": 0.6591153782941951, ""rho_max"": 1000000000000000.0, ""rho_fab_base"": 30000000000000.0, ""first_gas_pressure_factor"": 0.38423340178716636}",0.1706960202924103,0.0,7.745612413357692,5.173838460194286e-07,2.1467894033081354,4.0856843877515905,5.366722450221273,COMPLETE
76,84.51249302093177,2.485473672065224,1.7398167138702545,2178694.8949637874,5.970183533421477e-08,0.7127062516369376,,,,,,0.9806476310942762,constant,,,0.7127062516369376,11677.166655901923,0.28129077644058637,0.8969944809231879,108210217001848.47,"{""rho_mode"": ""constant"", ""rho_const_scale"": 0.9806476310942762, ""rho_max"": 1000000000000000.0, ""rho_fab_base"": 30000000000000.0, ""first_gas_pressure_factor"": 0.7127062516369376}",0.07059643622960836,38.98972945321032,4.9583088493120995,0.0721414891873348,1.038721461571849,0.301691367126611,0.49350553355768845,COMPLETE
77,8.793280105777312,3.5130828394412705,1.0932626187176528,2428014.796912299,3.359747524149004e-07,0.25650814736873745,,,,,,0.4874353292514406,constant,,,0.25650814736873745,137.37135089058782,0.0012503396938887204,0.5510262434507015,1.5407768100023243e+19,"{""rho_mode"": ""constant"", ""rho_const_scale"": 0.4874353292514406, ""rho_max"": 1000000000000000.0, ""rho_fab_base"": 30000000000000.0, ""first_gas_pressure_factor"": 0.25650814736873745}",0.12731235531374252,0.0,4.498669004747756,3.0416839685866016e-05,1.3593429618637873,2.053186486139683,2.855295883745503,COMPLETE
78,93.67739030135796,3.723414921993202,1.2571685022133998,993475.8723536523,8.369358335485143e-07,0.20758804972814304,,,,,,0.5470273624465198,constant,,,0.20758804972814304,12305.572123290069,0.15221439684189575,0.8838533879569912,88459942579937.61,"{""rho_mode"": ""constant"", ""rho_const_scale"": 0.5470273624465198, ""rho_max"": 1000000000000000.0, ""rho_fab_base"": 30000000000000.0, ""first_gas_pressure_factor"": 0.20758804972814304}",0.0649169617426253,43.9185756509143,3.129639221966673,0.06605924384878804,0.6650805890504947,1.4073217614285343,1.8638493029545007,COMPLETE
79,75.97565536373091,4.373618661399116,1.1549430212153353,2402772.371277364,1.9623304002564903e-07,0.14471902848761425,,,,,,0.6432072146865285,constant,,,0.14471902848761425,11160.000310509637,0.22686434138193448,0.8894469228286329,120858967986624.64,"{""rho_mode"": ""constant"", ""rho_const_scale"": 0.6432072146865285, ""rho_max"": 1000000000000000.0, ""rho_fab_base"": 30000000000000.0, ""first_gas_pressure_factor"": 0.14471902848761425}",0.05953033617150024,35.1517965742948,3.764361388833179,0.0720457701412374,0.9993085930325135,0.5655535747894296,0.8629560703688544,COMPLETE
80,8.855309481274059,1.548183072784742,1.0114143682885866,1996309.6654711359,3.5100800495181106e-07,0.5121077698735013,,,,,,1.4569750528842877,constant,,,0.5121077698735013,3096.558454251692,0.276177957820934,0.8790591301808628,5461699599451519.0,"{""rho_mode"": ""constant"", ""rho_const_scale"": 1.4569750528842877, ""rho_max"": 1000000000000000.0, ""rho_fab_base"": 30000000000000.0, ""first_gas_pressure_factor"": 0.5121077698735013}",0.10253010320519512,1.0404830513403136,3.1269098365035224,0.02904331349547661,1.8059602293657946,1.2338268217341404,1.860323856178197,COMPLETE
81,7.682196361634881,1.4620131485165353,1.7892643268918886,1954450.8142965445,4.714216961872272e-07,0.45479311698244396,,,,,,1.3603299402542528,constant,,,0.45479311698244396,122.22469689695713,0.002302432907596962,0.5899900685667043,2.6851502204279448e+19,"{""rho_mode"": ""constant"", ""rho_const_scale"": 1.3603299402542528, ""rho_max"": 1000000000000000.0, ""rho_fab_base"": 30000000000000.0, ""first_gas_pressure_factor"": 0.45479311698244396}",0.11899893838432156,0.0,3.1662060360850575,3.9373911797007994e-07,1.9441796030555476,1.7714730527980596,2.5884582942674492,COMPLETE
82,8.946438133534452,1.2486022405396309,1.1568094429249298,1900834.7702921017,7.964339403094656e-07,0.4403130304067322,,,,,,1.435724172902293,constant,,,0.4403130304067322,97.0770703668034,0.001068510434325719,0.5321040924362986,3.931435939174391e+19,"{""rho_mode"": ""constant"", ""rho_const_scale"": 1.435724172902293, ""rho_max"": 1000000000000000.0, ""rho_fab_base"": 30000000000000.0, ""first_gas_pressure_factor"": 0.4403130304067322}",0.14226707788122175,0.0,2.8953589978217296,1.5119736874540364e-07,2.270012274334092,2.648897723930133,3.6790519022496166,COMPLETE
83,10.166535252204648,1.0040256536273375,1.0103423371618234,1948037.786516958,1.0287402106581945e-06,0.330828949113598,,,,,,1.6395041859405555,constant,,,0.330828949113598,82.2742386012903,0.0009193689335877871,0.49951261279855963,5.342679857916612e+19,"{""rho_mode"": ""constant"", ""rho_const_scale"": 1.6395041859405555, ""rho_max"": 1000000000000000.0, ""rho_fab_base"": 30000000000000.0, ""first_gas_pressure_factor"": 0.330828949113598}",0.15852128488657902,0.0,2.757333878901296,9.57795538130005e-08,2.65408777557347,3.357801233011801,4.552026706537369,COMPLETE
84,134.96275052435954,2.747961320457312,1.276334007327613,1449811.8689899542,5.846485365098609e-07,0.5344090367270257,,,,,,1.3364664179917616,constant,,,0.5344090367270257,14721.151791421422,0.24676159116815843,0.8961701377279272,53858893023174.89,"{""rho_mode"": ""constant"", ""rho_const_scale"": 1.3364664179917616, ""rho_max"": 1000000000000000.0, ""rho_fab_base"": 30000000000000.0, ""first_gas_pressure_factor"": 0.5344090367270257}",0.05277668901961138,65.60405820985542,2.007537766293509,0.0965700821082851,1.0456829686405078,0.40408632463394145,0.6340054172283729,COMPLETE
85,69.35921820504274,1.0327514003710645,1.9557160792864698,1447804.5309722805,3.9070931667616913e-07,0.7521523116590839,0.4761275259712006,65.94419689248599,0.5086523901185863,0.5051034429932408,,,blank_sat_deformed,,,0.7521523116590839,10138.318345685293,0.31650963583661285,0.905651254039902,170175328248371.34,"{""rho_mode"": ""blank_sat_deformed"", ""rho_blank_def_scale"": 0.5051034429932408, ""rho_T_shift"": 65.94419689248599, ""rho_T_tau_scale"": 0.5086523901185863, ""rho_T_amp_scale"": 0.4761275259712006, ""rho_max"": 1000000000000000.0, ""rho_fab_base"": 30000000000000.0, ""first_gas_pressure_factor"": 0.7521523116590839}",0.14424714389005008,28.157317671575303,4.173696198611386,0.06969739729261466,2.0437806147739597,4.8895399553580585,6.1300642235936795,COMPLETE
86,9.524060237729143,1.5470315174016458,1.5089968116674095,2793352.2952821497,6.822867011319708e-07,0.6545793909217238,,,,,,1.1907804675801175,constant,,,0.6545793909217238,84.15470797375978,0.0009616951989154173,0.5100728205984336,5.315849620324964e+19,"{""rho_mode"": ""constant"", ""rho_const_scale"": 1.1907804675801175, ""rho_max"": 1000000000000000.0, ""rho_fab_base"": 30000000000000.0, ""first_gas_pressure_factor"": 0.6545793909217238}",0.15065793481291984,0.0,3.0587760393683143,1.2034836882992203e-07,2.5135497106070113,2.7664505709361973,3.850507365022229,COMPLETE
87,8.494238326519811,1.014313716685493,1.7525520604879998,1336168.739301457,1.0647235318288006e-06,0.6587651030920715,,,,,,1.7609365896345288,constant,,,0.6587651030920715,108.21095892884706,0.0011593384442494586,0.5484814757393672,3.108733885555328e+19,"{""rho_mode"": ""constant"", ""rho_const_scale"": 1.7609365896345288, ""rho_max"": 1000000000000000.0, ""rho_fab_base"": 30000000000000.0, ""first_gas_pressure_factor"": 0.6587651030920715}",0.13762614457419747,0.0,2.618869622400221,1.1971372207558213e-07,2.118959704020404,2.6321719907826044,3.655705535626738,COMPLETE
88,412.42605609705834,1.5550308029696074,2.609160553658854,833286.9532642291,1.8498029617527017e-06,0.6004425892116729,,,,,,2.5174590494535476,constant,,,0.6004425892116729,24895.302341663326,0.2948222239624839,0.9091142132248979,11625577048509.299,"{""rho_mode"": ""constant"", ""rho_const_scale"": 2.5174590494535476, ""rho_max"": 1000000000000000.0, ""rho_fab_base"": 30000000000000.0, ""first_gas_pressure_factor"": 0.6004425892116729}",0.05301454511875717,204.54743413733985,1.2170693907181744,0.1176318569258414,1.1878788495726602,0.5337970425078863,0.8806925787677562,COMPLETE
89,23.983911479628798,2.003709059314697,1.1759119846522508,2497423.559827298,1.231891144381605e-06,0.8245296715636395,,,,,,1.8273367841738395,constant,,,0.8245296715636395,6428.648554159866,0.3047477954881431,0.8987855496594578,652409959962771.1,"{""rho_mode"": ""constant"", ""rho_const_scale"": 1.8273367841738395, ""rho_max"": 1000000000000000.0, ""rho_fab_base"": 30000000000000.0, ""first_gas_pressure_factor"": 0.8245296715636395}",0.10501068079677177,9.27796256785438,1.5560361855677702,0.05610730529158132,2.1688840852759994,1.1063463841257435,1.7320341583319685,COMPLETE
90,97.86798758964495,1.950100730543347,3.6272505480503288,2761678.461418156,5.214228236544353e-07,0.5760809002173852,,,,,,2.0109227891006007,constant,,,0.5760809002173852,12623.10176342268,0.35165897319489564,0.9265809743179926,94419843460674.6,"{""rho_mode"": ""constant"", ""rho_const_scale"": 2.0109227891006007, ""rho_max"": 1000000000000000.0, ""rho_fab_base"": 30000000000000.0, ""first_gas_pressure_factor"": 0.5760809002173852}",0.09687982715111092,46.52596343191166,1.838672021077796,0.08133337427138311,2.0223002559864884,0.5602484041563237,0.9804356829980425,COMPLETE
91,10.307503291000677,1.0709446893529153,1.3028053628658123,1083457.392878185,8.138169177908833e-07,0.6969370854347695,,,,,,1.1656808754543766,constant,,,0.6969370854347695,111.9176079437238,0.001058775516932906,0.4990393528329481,2.1165109300119634e+19,"{""rho_mode"": ""constant"", ""rho_const_scale"": 1.1656808754543766, ""rho_max"": 1000000000000000.0, ""rho_fab_base"": 30000000000000.0, ""first_gas_pressure_factor"": 0.6969370854347695}",0.155866536795545,0.0,3.6157281540896165,1.5849881917713317e-07,1.7824095140627532,3.487958983519634,4.634110578235813,COMPLETE
92,22.393222586358263,2.176487510879833,3.780568778829792,2622937.5696419105,2.993750959414141e-07,0.14045308811374524,,,,,,1.1240605211733699,constant,,,0.14045308811374524,6026.941721526726,0.3355555537414546,0.909785992673708,821179601488566.6,"{""rho_mode"": ""constant"", ""rho_const_scale"": 1.1240605211733699, ""rho_max"": 1000000000000000.0, ""rho_fab_base"": 30000000000000.0, ""first_gas_pressure_factor"": 0.14045308811374524}",0.10262359964239716,7.848687268691964,3.2805821684674776,0.04608243523044864,1.7556784421361902,1.080479844147239,1.7083347968816742,COMPLETE
93,8.320712952010117,1.3903946382701933,1.4347525979274098,1602839.4536399355,3.08510786904032e-07,0.5398572554318387,,,,,,1.1719305677380236,constant,,,0.5398572554318387,137.49503897201342,0.0017301534751898312,0.5905030339700084,1.891109626429468e+19,"{""rho_mode"": ""constant"", ""rho_const_scale"": 1.1719305677380236, ""rho_max"": 1000000000000000.0, ""rho_fab_base"": 30000000000000.0, ""first_gas_pressure_factor"": 0.5398572554318387}",0.11499535600073331,0.0,4.035742779250994,3.0357239725594057e-06,1.6537497834578454,1.823395313865279,2.616076561706265,COMPLETE
94,855.6650079286148,2.655738412917194,6.151351363020526,2155669.689602611,2.9468555131350273e-07,0.10786980877055782,,,,,0.23798120384660398,,blank_sat,,,0.10786980877055782,35142.47532411441,0.34199962723876715,0.9268271113045795,4379358842664.979,"{""rho_mode"": ""blank_sat"", ""rho_blank_scale"": 0.23798120384660398, ""rho_max"": 1000000000000000.0, ""rho_fab_base"": 30000000000000.0, ""first_gas_pressure_factor"": 0.10786980877055782}",0.14588237692884465,422.2696685365529,4.401939458147241,0.12874904479969787,1.5092948551179164,3.6578796489483945,4.662104577033455,COMPLETE
95,261.8909993392185,1.0440788679884778,2.7384945920981383,781196.68757217,2.826959646964836e-07,0.5273647617067315,,,,,,2.1208021696639534,constant,,,0.5273647617067315,20017.32595644593,0.2903672647040303,0.9043494006474228,22014152593268.01,"{""rho_mode"": ""constant"", ""rho_const_scale"": 2.1208021696639534, ""rho_max"": 1000000000000000.0, ""rho_fab_base"": 30000000000000.0, ""first_gas_pressure_factor"": 0.5273647617067315}",0.05685227343288196,128.32890010046677,3.1853856663270625,0.09561089018575235,1.0578412886147524,0.5953735571005494,0.9587242712342627,COMPLETE
96,5.996751465126146,2.673690620927832,1.0521976221812022,2860354.548910021,9.822653354843055e-07,0.46038272634224353,2.024811066537467,-89.45993166502602,1.3490779646241102,1.5889356713050558,,,blank_sat_deformed,,,0.46038272634224353,54.58517043359107,0.0036667578326969263,0.5804326184048394,1.0484528256218323e+20,"{""rho_mode"": ""blank_sat_deformed"", ""rho_blank_def_scale"": 1.5889356713050558, ""rho_T_shift"": -89.45993166502602, ""rho_T_tau_scale"": 1.3490779646241102, ""rho_T_amp_scale"": 2.024811066537467, ""rho_max"": 1000000000000000.0, ""rho_fab_base"": 30000000000000.0, ""first_gas_pressure_factor"": 0.46038272634224353}",0.12756286144119325,0.0,3.468801963680071,0.0005358461294767676,1.9269544706364516,0.42538394182241246,0.49854223523165264,COMPLETE
97,53.41723771825471,5.952459521952771,1.1979439343220686,2681234.5102317436,1.2220247823021218e-06,0.4620118708897015,1.8580171166481747,-73.80013963170055,1.430081841578282,1.1105178028285256,,,blank_sat_deformed,,,0.4620118708897015,9360.236897036402,0.34126678296072865,0.9269348131567179,231845381931610.62,"{""rho_mode"": ""blank_sat_deformed"", ""rho_blank_def_scale"": 1.1105178028285256, ""rho_T_shift"": -73.80013963170055, ""rho_T_tau_scale"": 1.430081841578282, ""rho_T_amp_scale"": 1.8580171166481747, ""rho_max"": 1000000000000000.0, ""rho_fab_base"": 30000000000000.0, ""first_gas_pressure_factor"": 0.4620118708897015}",0.10155592420817965,23.35221748933844,4.912826240178778,0.08880007721666748,1.1752529267993042,0.4035291231874012,0.3736106245134778,COMPLETE
98,5.431981086814445,1.6159696098207248,1.1903197037639868,2088957.0748242252,1.192257934332167e-06,0.4779578639543187,1.8220362013313716,-94.27801372144245,1.1133096646227514,2.0228858516201464,,,blank_sat_deformed,,,0.4779578639543187,61.14473538915874,0.005140727340517193,0.5963617559236352,9.882348822914022e+19,"{""rho_mode"": ""blank_sat_deformed"", ""rho_blank_def_scale"": 2.0228858516201464, ""rho_T_shift"": -94.27801372144245, ""rho_T_tau_scale"": 1.1133096646227514, ""rho_T_amp_scale"": 1.8220362013313716, ""rho_max"": 1000000000000000.0, ""rho_fab_base"": 30000000000000.0, ""first_gas_pressure_factor"": 0.4779578639543187}",0.10883577142883556,0.0,2.4376452730037963,0.00015374019635280568,2.1122426549066087,0.6116041474958176,0.8285603897536753,COMPLETE
99,5.232995551345857,1.7818827616193371,1.1351835193562305,1934128.1514731187,1.8276674489339764e-06,0.4239018493469972,1.8633720765541066,-88.64285749021127,1.0746828184548056,1.9977524586915087,,,blank_sat_deformed,,,0.4239018493469972,73.76901516313465,0.011980885588862214,0.6315448675968829,8.87247393944316e+19,"{""rho_mode"": ""blank_sat_deformed"", ""rho_blank_def_scale"": 1.9977524586915087, ""rho_T_shift"": -88.64285749021127, ""rho_T_tau_scale"": 1.0746828184548056, ""rho_T_amp_scale"": 1.8633720765541066, ""rho_max"": 1000000000000000.0, ""rho_fab_base"": 30000000000000.0, ""first_gas_pressure_factor"": 0.4239018493469972}",0.1025895300907757,0.0,2.305899671590393,0.00019344605282609254,2.0371332722530906,0.6186665840756996,0.8352822378523073,COMPLETE
100,7.256763420181059,1.9338770202478934,1.8285249447775889,2434044.874295121,2.2301800282479674e-07,0.5479689928473304,1.8235312398470198,-91.21137957004802,1.076107249748719,1.9843852657265695,,,blank_sat_deformed,,,0.5479689928473304,54.09654178165736,0.003491134547397042,0.5772188112421506,1.114243170895868e+20,"{""rho_mode"": ""blank_sat_deformed"", ""rho_blank_def_scale"": 1.9843852657265695, ""rho_T_shift"": -91.21137957004802, ""rho_T_tau_scale"": 1.076107249748719, ""rho_T_amp_scale"": 1.8235312398470198, ""rho_max"": 1000000000000000.0, ""rho_fab_base"": 30000000000000.0, ""first_gas_pressure_factor"": 0.5479689928473304}",0.12432385426702806,0.0,5.1092548995521785,0.0008481336491643441,1.6247433539096363,0.39893254929932814,0.32706570972448634,COMPLETE
101,5.847069846623802,1.4572339296224741,2.1359065889768973,2582978.4699755395,1.437050869974947e-06,0.3495740889540683,1.8360909501516112,-93.43685778670334,1.0367224708939946,1.9861137301969618,,,blank_sat_deformed,,,0.3495740889540683,48.91192172979507,0.002508492673976117,0.5557154078541466,1.1874646395744895e+20,"{""rho_mode"": ""blank_sat_deformed"", ""rho_blank_def_scale"": 1.9861137301969618, ""rho_T_shift"": -93.43685778670334, ""rho_T_tau_scale"": 1.0367224708939946, ""rho_T_amp_scale"": 1.8360909501516112, ""rho_max"": 1000000000000000.0, ""rho_fab_base"": 30000000000000.0, ""first_gas_pressure_factor"": 0.3495740889540683}",0.12033813958358912,0.0,1.8845468492693185,4.712816219748019e-06,2.6111311637840027,0.9323141237921169,1.3166845634847544,COMPLETE
