number,value,params_Dg_dislocation_scale,params_Dv_dislocation_scale,params_K_d,params_f_n,params_first_gas_pressure_factor,params_rho_T_amp_scale,params_rho_T_shift,params_rho_T_tau_scale,params_rho_blank_def_scale,params_rho_blank_scale,params_rho_const_scale,params_rho_mode,user_attrs_error,user_attrs_failed,user_attrs_first_gas_pressure_factor,user_attrs_max_Rd_nm,user_attrs_max_f_cap_step,user_attrs_max_psi_d,user_attrs_min_Nd,user_attrs_rho_cfg,user_attrs_score_Nd_drop,user_attrs_score_guards,user_attrs_score_partition,user_attrs_score_pressure,user_attrs_score_radius_T,user_attrs_score_swelling_T,user_attrs_score_swelling_burnup,state
0,3602.896869321992,26.58917715447055,9.22192897110859,689602.3095124103,4.6581198742180226e-07,0.7740159737805207,,,,,,0.32115938224715884,constant,,,0.7740159737805207,67746.81770897475,0.2358164418795361,0.9042537685946974,567695790076.8478,"{""rho_mode"": ""constant"", ""rho_const_scale"": 0.32115938224715884, ""rho_max"": 1000000000000000.0, ""rho_fab_base"": 30000000000000.0, ""first_gas_pressure_factor"": 0.7740159737805207}",2.7592020792436074,1799.4987889662002,1.547310222234366,0.5064259375106046,0.10001564731535223,0.8555802971566218,1.1270628984205742,COMPLETE
1,16088.778828697989,26.6012147598406,11.721171155398334,1571054.7991195903,1.6652256129068162e-06,0.6782277951062572,1.3599797374646023,-196.77781165114033,0.5967947149499895,0.20667191435144563,,,blank_sat_deformed,,,0.6782277951062572,147260.27496242427,0.3377307647804463,0.9333375101294538,60781404319.57319,"{""rho_mode"": ""blank_sat_deformed"", ""rho_blank_def_scale"": 0.20667191435144563, ""rho_T_shift"": -196.77781165114033, ""rho_T_tau_scale"": 0.5967947149499895, ""rho_T_amp_scale"": 1.3599797374646023, ""rho_max"": 1000000000000000.0, ""rho_fab_base"": 30000000000000.0, ""first_gas_pressure_factor"": 0.6782277951062572}",3.7197043532171183,8042.344032799127,2.03121128279184,0.5392077457087195,0.11198341909600572,0.47955139054015844,0.6162279698483286,COMPLETE
2,21283.52362029595,9.99596084802561,14.727897392334283,1196297.6606104635,2.918437697817308e-06,0.253822832013191,,,,,,1.2275890269812304,constant,,,0.253822832013191,170075.20553201102,0.34839156063957244,0.9377323387415902,40015206043.62893,"{""rho_mode"": ""constant"", ""rho_const_scale"": 1.2275890269812304, ""rho_max"": 1000000000000000.0, ""rho_fab_base"": 30000000000000.0, ""first_gas_pressure_factor"": 0.253822832013191}",3.9394057655800054,10640.200178675886,1.0827791194955567,0.4255738729422602,0.2825574900763408,0.462919354291879,0.27183984751414325,COMPLETE
3,9162.335587105072,11.905220789116147,16.173432324380165,119329.43771440996,1.85054781424385e-06,0.5502004775510034,1.1843696370974834,-4.126340777057038,1.0078047990145114,0.22026938386999728,,,blank_sat_deformed,,,0.5502004775510034,107140.04577961352,0.2482322643185401,0.9082256885659413,145424390510.2528,"{""rho_mode"": ""blank_sat_deformed"", ""rho_blank_def_scale"": 0.22026938386999728, ""rho_T_shift"": -4.126340777057038, ""rho_T_tau_scale"": 1.0078047990145114, ""rho_T_amp_scale"": 1.1843696370974834, ""rho_max"": 1000000000000000.0, ""rho_fab_base"": 30000000000000.0, ""first_gas_pressure_factor"": 0.5502004775510034}",3.9167011682969877,4579.137272881086,1.3520141261736793,0.6682263686614005,0.4341586899445547,0.5843764779614075,0.7964181549975856,COMPLETE
4,348.81573554828464,11.169454846151165,1.8323392283214979,491415.62214263395,2.4880990185696883e-07,0.5783048959236706,,,,,,0.4373997057072118,constant,,,0.5783048959236706,22335.662711020497,0.11495055580041702,0.8839661143988002,14798636893075.123,"{""rho_mode"": ""constant"", ""rho_const_scale"": 0.4373997057072118, ""rho_max"": 1000000000000000.0, ""rho_fab_base"": 30000000000000.0, ""first_gas_pressure_factor"": 0.5783048959236706}",0.2335871639843778,172.87918054319564,2.319306898586926,0.26966129685074414,0.011959581909185068,0.3127054111937789,0.32341280185287996,COMPLETE
5,366.2491399432577,3.689700411107131,2.924325455417738,1792615.6450895674,1.9921209924726883e-06,0.6115547375158816,0.7152637388963435,-174.90825266555913,0.9262920963361979,2.1704082842946923,,,blank_sat_deformed,,,0.6115547375158816,23416.36935566986,0.3764597556404549,0.9513454624020253,16009120170287.639,"{""rho_mode"": ""blank_sat_deformed"", ""rho_blank_def_scale"": 2.1704082842946923, ""rho_T_shift"": -174.90825266555913, ""rho_T_tau_scale"": 0.9262920963361979, ""rho_T_amp_scale"": 0.7152637388963435, ""rho_max"": 1000000000000000.0, ""rho_fab_base"": 30000000000000.0, ""first_gas_pressure_factor"": 0.6115547375158816}",0.07677885671557483,179.58483491960033,5.124444354416072,0.13008093710356763,1.2131904745841093,0.47911920363988797,0.39093120990113184,COMPLETE
6,10.913444699985034,3.306589252498162,11.350235123017653,2052610.815212538,2.9373166849583073e-07,0.5535362048031239,1.29174155770929,36.768282599321594,2.8206632246942522,4.566020160593916,,,blank_sat_deformed,,,0.5535362048031239,34.70451900273578,0.0011538923359549246,0.5113349795267691,2.3705155187592777e+20,"{""rho_mode"": ""blank_sat_deformed"", ""rho_blank_def_scale"": 4.566020160593916, ""rho_T_shift"": 36.768282599321594, ""rho_T_tau_scale"": 2.8206632246942522, ""rho_T_amp_scale"": 1.29174155770929, ""rho_max"": 1000000000000000.0, ""rho_fab_base"": 30000000000000.0, ""first_gas_pressure_factor"": 0.5535362048031239}",0.2804479379035676,0.0,8.304337420873939,0.00036052044866746415,1.6872935542384688,0.7775265024926983,0.2927903811684886,COMPLETE
7,4380.286063389141,3.4894068380988474,5.452105031418427,236027.26723572257,8.295553548368715e-07,0.30391754271621024,1.024126217994942,207.54683669988822,2.645410595063324,1.387755876022996,,,blank_sat_deformed,,,0.30391754271621024,77355.38095215401,0.32267209315983314,0.9256815294270335,409095401115.9171,"{""rho_mode"": ""blank_sat_deformed"", ""rho_blank_def_scale"": 1.387755876022996, ""rho_T_shift"": 207.54683669988822, ""rho_T_tau_scale"": 2.645410595063324, ""rho_T_amp_scale"": 1.024126217994942, ""rho_max"": 1000000000000000.0, ""rho_fab_base"": 30000000000000.0, ""first_gas_pressure_factor"": 0.30391754271621024}",2.0119748456726767,2186.4372488886515,5.141951129549854,0.44534101929450404,0.007579608333023576,1.01049353336444,1.346017840539155,COMPLETE
8,10.833749805827964,25.300316770565157,1.4405520497030173,1428460.3928008617,1.5203382450984604e-06,0.9196528203688624,,,,,4.046583083699505,,blank_sat,,,0.9196528203688624,58.02862486980719,0.005570583788811143,0.6060018603716378,1.318049886657976e+20,"{""rho_mode"": ""blank_sat"", ""rho_blank_scale"": 4.046583083699505, ""rho_max"": 1000000000000000.0, ""rho_fab_base"": 30000000000000.0, ""first_gas_pressure_factor"": 0.9196528203688624}",0.12235225775472247,0.0,8.769275343687452,0.009122627745212419,1.1179567690742742,0.7482488279081017,0.5489192862065976,COMPLETE
9,3755.8200425856226,5.7801394379155715,10.42895346972528,134079.37634664637,5.794437653546188e-08,0.8709632297108999,1.2709285486517448,-152.1025004556018,0.5910477612636359,0.236375258314763,,,blank_sat_deformed,,,0.8709632297108999,69093.7782979711,0.2152823568979832,0.9014824528549956,530232565456.837,"{""rho_mode"": ""blank_sat_deformed"", ""rho_blank_def_scale"": 0.236375258314763, ""rho_T_shift"": -152.1025004556018, ""rho_T_tau_scale"": 0.5910477612636359, ""rho_T_amp_scale"": 1.2709285486517448, ""rho_max"": 1000000000000000.0, ""rho_fab_base"": 30000000000000.0, ""first_gas_pressure_factor"": 0.8709632297108999}",2.6302597018401213,1874.7032257325332,4.350088967821013,0.5043182669289609,0.37026428363262176,0.4721998179787215,0.6355594794232385,COMPLETE
10,10.957547682553201,25.122612947082537,1.2158667412150401,1471393.297650675,5.344971202602969e-07,0.9260522464337679,,,,,4.787458198855821,,blank_sat,,,0.9260522464337679,46.375527221169335,0.002549303499119625,0.5676707395183744,1.606308669886942e+20,"{""rho_mode"": ""blank_sat"", ""rho_blank_scale"": 4.787458198855821, ""rho_max"": 1000000000000000.0, ""rho_fab_base"": 30000000000000.0, ""first_gas_pressure_factor"": 0.9260522464337679}",0.14043556826315134,0.0,8.784629877408195,0.00804607948396919,1.313013118403295,0.6866893648487729,0.4569404291877954,COMPLETE
11,11.054431961944454,5.21825233844401,23.026243414616125,973699.8263438576,4.920321544254711e-07,0.5774219397673025,0.3045475860606106,77.67721457565816,1.9020717719905724,7.528853480756505,,,blank_sat_deformed,,,0.5774219397673025,53.08005836132525,0.00392335220284683,0.5893108755590376,1.7968555480954847e+20,"{""rho_mode"": ""blank_sat_deformed"", ""rho_blank_def_scale"": 7.528853480756505, ""rho_T_shift"": 77.67721457565816, ""rho_T_tau_scale"": 1.9020717719905724, ""rho_T_amp_scale"": 0.3045475860606106, ""rho_max"": 1000000000000000.0, ""rho_fab_base"": 30000000000000.0, ""first_gas_pressure_factor"": 0.5774219397673025}",0.158014682431927,0.0,8.632821175695785,0.0004273076429688539,1.1794910337953546,1.0555932612774248,0.514987490155117,COMPLETE
12,10.985504429668698,6.793015403522425,5.37589736286982,2096472.089674888,9.781710785292485e-08,0.43702268703255115,2.9368803012636406,-15.591313451847917,0.30664306072202174,4.1125678462594,,,blank_sat_deformed,,,0.43702268703255115,40.323938220255215,0.001735238430838708,0.5419563194727971,1.2845789077258484e+19,"{""rho_mode"": ""blank_sat_deformed"", ""rho_blank_def_scale"": 4.1125678462594, ""rho_T_shift"": -15.591313451847917, ""rho_T_tau_scale"": 0.30664306072202174, ""rho_T_amp_scale"": 2.9368803012636406, ""rho_max"": 1000000000000000.0, ""rho_fab_base"": 30000000000000.0, ""first_gas_pressure_factor"": 0.43702268703255115}",0.15483810606819234,0.0,8.531630377624834,0.0012822630202834657,1.4725558419186522,0.8355554028211475,0.3783764102338047,COMPLETE
13,1004.5460040483783,29.198804825159932,2.2572883799677568,565914.9473006978,2.831881270476306e-06,0.7714323918375825,,,,,0.5140195124343939,,blank_sat,,,0.7714323918375825,37311.63594217765,0.2626132079310995,0.9075328972437418,3435307734957.6167,"{""rho_mode"": ""blank_sat"", ""rho_blank_scale"": 0.5140195124343939, ""rho_max"": 1000000000000000.0, ""rho_fab_base"": 30000000000000.0, ""first_gas_pressure_factor"": 0.7714323918375825}",0.7698173755132801,497.6009482927195,7.3157945700194995,0.42966469544106317,0.014882669496710244,1.0165376697246769,1.3775479438488352,COMPLETE
14,12.197824892744073,8.165880163149442,3.0538580052745647,2836979.842171666,1.2350885159610107e-06,0.8762984562645653,,,,,8.778388606821643,,blank_sat,,,0.8762984562645653,24.461067462284706,0.0006954330262450154,0.474007539318684,5.6506345383026786e+20,"{""rho_mode"": ""blank_sat"", ""rho_blank_scale"": 8.778388606821643, ""rho_max"": 1000000000000000.0, ""rho_fab_base"": 30000000000000.0, ""first_gas_pressure_factor"": 0.8762984562645653}",0.22039819905353797,0.0,8.706722079637363,0.00034617287679395683,2.834511062562438,0.5629512183139407,0.16404906514276746,COMPLETE
15,10.139170405468688,6.1244851864424765,18.139390498632505,2529777.045612384,3.5208224880784043e-07,0.2565631373085123,,,,,2.0095223509791573,,blank_sat,,,0.2565631373085123,63.24670449916528,0.00741353324248102,0.6156799935079866,1.1594170923549444e+20,"{""rho_mode"": ""blank_sat"", ""rho_blank_scale"": 2.0095223509791573, ""rho_max"": 1000000000000000.0, ""rho_fab_base"": 30000000000000.0, ""first_gas_pressure_factor"": 0.2565631373085123}",0.1392657675160848,0.0,7.933880012535637,0.0005232279121084722,1.0522143034434877,0.9695625644764488,0.5171238119926318,COMPLETE
16,1000000000.0,4.22333550909041,18.750651774714814,2126854.227529937,3.9307395286193983e-07,0.12358611330726046,,,,,1.5793987989023508,,blank_sat,"FloatingPointError('Non-finite swelling_d_percent at T=2200.0, bu=3.2: inf')",True,,,,,,,,,,,,,,COMPLETE
17,10.669869289690658,10.038296395813491,22.091427523812335,2760327.2800547103,2.58068229754189e-07,0.5373382816885235,,,,,2.0406420177954785,,blank_sat,,,0.5373382816885235,56.69560297483393,0.0048886637105728225,0.5986551273290754,1.2740585720318103e+20,"{""rho_mode"": ""blank_sat"", ""rho_blank_scale"": 2.0406420177954785, ""rho_max"": 1000000000000000.0, ""rho_fab_base"": 30000000000000.0, ""first_gas_pressure_factor"": 0.5373382816885235}",0.1519042750993567,0.0,8.351428628262687,0.0005459591954207048,1.0693156959873793,1.0555731465549185,0.5420833489012704,COMPLETE
18,1000000000.0,4.93099016991486,23.311819072214547,2659750.380885695,1.470458588011073e-07,0.6329567055791655,,,,,1.2102343255891437,,blank_sat,"FloatingPointError('Non-finite swelling_d_percent at T=2200.0, bu=3.2: nan')",True,,,,,,,,,,,,,,COMPLETE
19,9950029847860.168,18.568040595876692,10.068255713633462,1666361.505991355,5.092481104394327e-07,0.15822399927885056,,,,,1.6707586026269685,,blank_sat,,,0.15822399927885056,3658517210.47941,0.4156470421402579,5.897500306923588,0.0046367042193107165,"{""rho_mode"": ""blank_sat"", ""rho_blank_scale"": 1.6707586026269685, ""rho_max"": 1000000000000000.0, ""rho_fab_base"": 30000000000000.0, ""first_gas_pressure_factor"": 0.15822399927885056}",0.736235317891588,4975014923923.808,8.524004652418457,1.7749496239871623,0.4986475969167407,1.2861810288702544,1.0725693997775767,COMPLETE
20,23268.857369384747,16.72736973513842,14.572333629190053,913484.9682560213,7.621480723589186e-08,0.5448227862490129,,,,,0.2413876289779906,,blank_sat,,,0.5448227862490129,176478.34707563635,0.34114817242092116,0.9342337534582518,35416347537.31582,"{""rho_mode"": ""blank_sat"", ""rho_blank_scale"": 0.2413876289779906, ""rho_max"": 1000000000000000.0, ""rho_fab_base"": 30000000000000.0, ""first_gas_pressure_factor"": 0.5448227862490129}",4.3739489520010935,11630.148464975586,5.271360748136508,0.6280759067880022,0.04358659868303094,1.256338020193309,1.6209612312479875,COMPLETE
21,12.748735284082507,8.225721626888161,18.579959228493607,1992376.2904856775,2.965064658140026e-07,0.6721399150060243,,,,,,19.928822927511455,constant,,,0.6721399150060243,43.343911109592426,0.002116215206296845,0.5550192266876007,5.012463042839599e+20,"{""rho_mode"": ""constant"", ""rho_const_scale"": 19.928822927511455, ""rho_max"": 1000000000000000.0, ""rho_fab_base"": 30000000000000.0, ""first_gas_pressure_factor"": 0.6721399150060243}",0.17979419506596128,0.0,8.673237308766693,8.090678444385461e-05,3.2089962602589694,0.7400394823675954,0.3014082896387093,COMPLETE
22,1009.6919609324978,20.176791510878253,2.254172180202096,1152986.0541300063,1.4383501352037503e-06,0.8751339217106776,,,,,,5.0963554870280285,constant,,,0.8751339217106776,37973.792896667626,0.3230292476422929,0.9245904522688915,3445939683609.3506,"{""rho_mode"": ""constant"", ""rho_const_scale"": 5.0963554870280285, ""rho_max"": 1000000000000000.0, ""rho_fab_base"": 30000000000000.0, ""first_gas_pressure_factor"": 0.8751339217106776}",0.46357882082595403,499.3744204147449,8.464107892294233,0.2660692723766857,0.9403587068544267,0.9008032170415259,0.9302175009195164,COMPLETE
23,11.041018952660416,10.546351797841126,23.44594435793739,2392739.641023831,5.245835358830269e-07,0.5408432456875745,,,,,3.196098294961532,,blank_sat,,,0.5408432456875745,42.48518773942893,0.002010606862860851,0.5518840386068006,1.7235799407845455e+20,"{""rho_mode"": ""blank_sat"", ""rho_blank_scale"": 3.196098294961532, ""rho_max"": 1000000000000000.0, ""rho_fab_base"": 30000000000000.0, ""first_gas_pressure_factor"": 0.5408432456875745}",0.17791332235137855,0.0,8.56564036626218,0.00028538415352159574,1.34293846482469,0.9699310907057821,0.4221366074798864,COMPLETE
24,1000000000.0,9.469934010434296,20.55557817830778,2162921.4998939415,4.847626439194753e-07,0.3103706967704276,0.5200866257598092,243.81890408529887,1.2868647558357404,0.7415325666509888,,,blank_sat_deformed,"FloatingPointError('Non-finite swelling_d_percent at T=2200.0, bu=3.2: nan')",True,,,,,,,,,,,,,,COMPLETE
25,807859.3626265484,7.864641327843261,6.966792882307238,1439147.9054358026,3.923154648372472e-07,0.4633724522012653,,,,,3.012259913064361,,blank_sat,,,0.4633724522012653,1043893.3542055975,0.43279286370292464,0.9911831258672191,204364140.1008294,"{""rho_mode"": ""blank_sat"", ""rho_blank_scale"": 3.012259913064361, ""rho_max"": 1000000000000000.0, ""rho_fab_base"": 30000000000000.0, ""first_gas_pressure_factor"": 0.4633724522012653}",0.11713485696879333,403924.17197167606,8.472108208602217,0.4300115922800907,0.8438392561032976,1.0355306964253654,0.7125549050600621,COMPLETE
26,11.193479090748214,21.493726247757575,19.064184317860924,2685274.0745017184,7.100870391172063e-08,0.8077177100488285,,,,,2.987158573017247,,blank_sat,,,0.8077177100488285,41.32181279743071,0.0018618079775037017,0.5479761607189066,1.8078357233342428e+20,"{""rho_mode"": ""blank_sat"", ""rho_blank_scale"": 2.987158573017247, ""rho_max"": 1000000000000000.0, ""rho_fab_base"": 30000000000000.0, ""first_gas_pressure_factor"": 0.8077177100488285}",0.17949652544798889,0.0,8.697163187259342,0.00036317376420085716,1.3788854894846159,0.9562005949510999,0.4165578006645283,COMPLETE
27,55567820.082289346,4.927752946496212,18.81735544601913,566378.1291693407,5.0169444207667134e-08,0.2019026907090115,,,,,1.117205821503374,,blank_sat,,,0.2019026907090115,8647201.592500405,0.3835102773671909,0.9653805341482133,332185.1789713538,"{""rho_mode"": ""blank_sat"", ""rho_blank_scale"": 1.117205821503374, ""rho_max"": 1000000000000000.0, ""rho_fab_base"": 30000000000000.0, ""first_gas_pressure_factor"": 0.2019026907090115}",4.9107883855355166,27783904.23294903,7.365804791289217,0.9413956501087704,0.018334240094739978,1.7090347880422008,1.9988804531310431,COMPLETE
28,10.748177534091377,17.37379336005622,1.011050838110128,1594222.0726198081,2.329389252079264e-06,0.7396431806106072,,,,,3.7200058729077274,,blank_sat,,,0.7396431806106072,55.56504363030199,0.0046717178413559655,0.5979612397850887,1.353937335513981e+20,"{""rho_mode"": ""blank_sat"", ""rho_blank_scale"": 3.7200058729077274, ""rho_max"": 1000000000000000.0, ""rho_fab_base"": 30000000000000.0, ""first_gas_pressure_factor"": 0.7396431806106072}",0.12207206520294557,0.0,8.71176687147568,0.011333069481481975,1.1636000955305161,0.6825778565344655,0.5149507600954798,COMPLETE
29,10.586355129775075,16.665921809593865,2.798681066304235,2365903.5547200604,1.4283790405056852e-06,0.4478897978781019,,,,,2.0827501474231376,,blank_sat,,,0.4478897978781019,84.13443018447676,0.034803047462100625,0.6699212802371055,1.124246859020445e+20,"{""rho_mode"": ""blank_sat"", ""rho_blank_scale"": 2.0827501474231376, ""rho_max"": 1000000000000000.0, ""rho_fab_base"": 30000000000000.0, ""first_gas_pressure_factor"": 0.4478897978781019}",0.11725810774739724,0.0,8.53668631686313,0.00621793804325516,0.9749653774051359,0.8586962783626987,0.6211253251712515,COMPLETE
30,312.5346757120265,11.033021658578283,1.9042533951667149,2924174.193569918,2.9906631382212606e-06,0.3431117060093297,,,,,0.921182782640353,,blank_sat,,,0.3431117060093297,21705.246450283692,0.3552993130740148,0.9357339071643813,19128209824000.113,"{""rho_mode"": ""blank_sat"", ""rho_blank_scale"": 0.921182782640353, ""rho_max"": 1000000000000000.0, ""rho_fab_base"": 30000000000000.0, ""first_gas_pressure_factor"": 0.3431117060093297}",0.07251747303978691,152.71700090654633,5.351922562507176,0.15365063313330918,0.9628731594193007,0.486556249288063,0.4372259999267588,COMPLETE
31,10.611487470124128,26.549242711827553,1.0268153726254148,2349440.2159682726,6.245776638447598e-07,0.4206550379912916,,,,,2.1544027308460594,,blank_sat,,,0.4206550379912916,78.05447368721609,0.02414822109533076,0.6579198125149197,1.1559452274856101e+20,"{""rho_mode"": ""blank_sat"", ""rho_blank_scale"": 2.1544027308460594, ""rho_max"": 1000000000000000.0, ""rho_fab_base"": 30000000000000.0, ""first_gas_pressure_factor"": 0.4206550379912916}",0.10842162911913851,0.0,8.670130197523905,0.013461048423778144,1.024206440297478,0.7079233660011176,0.5802736401800745,COMPLETE
32,220.10337610078165,13.117889520345036,1.1666765682270517,1244087.9607606558,2.93779072635885e-07,0.469170940987891,,,,,1.7440352562768362,,blank_sat,,,0.469170940987891,18233.00006925284,0.3255445304676441,0.9216526265473782,30834633097036.57,"{""rho_mode"": ""blank_sat"", ""rho_blank_scale"": 1.7440352562768362, ""rho_max"": 1000000000000000.0, ""rho_fab_base"": 30000000000000.0, ""first_gas_pressure_factor"": 0.469170940987891}",0.05517117040668221,104.95763850658737,8.431008156645342,0.18805380065230806,0.43551609006496605,0.8420292320139477,0.934858580496687,COMPLETE
33,10.81843658267294,27.832675371803845,1.3165871554881465,1757741.7436467856,1.287773837177729e-07,0.49137336464479153,2.4854214509917254,129.79036975802268,0.3937703882457405,1.116641889282014,,,blank_sat_deformed,,,0.49137336464479153,55.7952573153311,0.004757244616053652,0.5989891754894989,2.93129623051308e+18,"{""rho_mode"": ""blank_sat_deformed"", ""rho_blank_def_scale"": 1.116641889282014, ""rho_T_shift"": 129.79036975802268, ""rho_T_tau_scale"": 0.3937703882457405, ""rho_T_amp_scale"": 2.4854214509917254, ""rho_max"": 1000000000000000.0, ""rho_fab_base"": 30000000000000.0, ""first_gas_pressure_factor"": 0.49137336464479153}",0.11221855032572253,0.0,8.756604928068827,0.009329258289777211,1.1300253663080133,0.7420429851827862,0.5266344491946401,COMPLETE
