number,value,params_Dg_dislocation_scale,params_Dv_dislocation_scale,params_K_d,params_f_n,params_first_gas_pressure_factor,params_rho_T_amp_scale,params_rho_T_shift,params_rho_T_tau_scale,params_rho_blank_def_scale,params_rho_blank_scale,params_rho_const_scale,params_rho_mode,user_attrs_error,user_attrs_failed,user_attrs_first_gas_pressure_factor,user_attrs_max_Rd_nm,user_attrs_max_f_cap_step,user_attrs_max_psi_d,user_attrs_min_Nd,user_attrs_rho_cfg,user_attrs_score_Nd_drop,user_attrs_score_guards,user_attrs_score_partition,user_attrs_score_pressure,user_attrs_score_radius_T,user_attrs_score_swelling_T,user_attrs_score_swelling_burnup,state
275,783.8022709797322,2.9760316880962043,2.879541768234865,1367225.681199461,2.866985058073008e-06,0.1209059165515842,1.2319446127091551,-146.94346676062622,1.1798147675418342,1.893058576131208,,,blank_sat_deformed,,,0.1209059165515842,33793.07622460017,0.36743794824865317,0.9437457475134703,5199878907516.611,"{""rho_mode"": ""blank_sat_deformed"", ""rho_blank_def_scale"": 1.893058576131208, ""rho_T_shift"": -146.94346676062622, ""rho_T_tau_scale"": 1.1798147675418342, ""rho_T_amp_scale"": 1.2319446127091551, ""rho_max"": 1000000000000000.0, ""rho_fab_base"": 30000000000000.0, ""first_gas_pressure_factor"": 0.1209059165515842}",0.06787676327989074,389.2877308119216,3.2464601991842565,0.1835773591825539,1.210732507524102,0.4300515696443276,0.474707892325665,COMPLETE
276,6399.705439804943,1.871452972079807,8.356856310786304,1391213.9222177698,1.5821584614647916e-06,0.15479255868710667,,,,,,3.7648994780480303,constant,,,0.15479255868710667,94118.27244770527,0.37301537204148905,0.9501504791527127,245621695342.36835,"{""rho_mode"": ""constant"", ""rho_const_scale"": 3.7648994780480303, ""rho_max"": 1000000000000000.0, ""rho_fab_base"": 30000000000000.0, ""first_gas_pressure_factor"": 0.15479255868710667}",0.7579917466621334,3198.3413352248745,0.9346451618772283,0.25992113628696756,1.4562328068952701,0.1569460471766874,0.2114195120862331,COMPLETE
277,7.5059654422660005,3.2939735450832295,5.0854556522144865,2986057.9425006052,2.254122873632232e-06,0.4386726743821854,2.369615891256502,-137.54300400076323,1.1570707087412555,2.140478122997596,,,blank_sat_deformed,,,0.4386726743821854,44.10949604329697,0.0021325607974628795,0.5504962348198179,1.468790028419897e+20,"{""rho_mode"": ""blank_sat_deformed"", ""rho_blank_def_scale"": 2.140478122997596, ""rho_T_shift"": -137.54300400076323, ""rho_T_tau_scale"": 1.1570707087412555, ""rho_T_amp_scale"": 2.369615891256502, ""rho_max"": 1000000000000000.0, ""rho_fab_base"": 30000000000000.0, ""first_gas_pressure_factor"": 0.4386726743821854}",0.1401962520525715,0.0,4.96309744752579,0.00010288702639780388,1.966203510571162,0.44099122476322666,0.35843707322969776,COMPLETE
278,5.29586765042287,2.1806101041297845,3.697548813439437,2529330.903301283,1.5810869320118576e-06,0.3473041721095078,1.6403938476748579,-122.17178295340632,0.8514866534820819,1.6924158959596158,,,blank_sat_deformed,,,0.3473041721095078,68.5321864690513,0.008060412937280173,0.615699314121466,1.0482783654005023e+20,"{""rho_mode"": ""blank_sat_deformed"", ""rho_blank_def_scale"": 1.6924158959596158, ""rho_T_shift"": -122.17178295340632, ""rho_T_tau_scale"": 0.8514866534820819, ""rho_T_amp_scale"": 1.6403938476748579, ""rho_max"": 1000000000000000.0, ""rho_fab_base"": 30000000000000.0, ""first_gas_pressure_factor"": 0.3473041721095078}",0.09614454500584374,0.0,2.1235667373968776,1.0978757395880961e-05,2.148968572405185,0.7060810137622747,0.9933714636665597,COMPLETE
279,1222.5486987267814,1.1186272465354505,4.293280373015466,231573.43555559375,3.3753691362967643e-08,0.9480852071001082,,,,,0.7724840801398125,,blank_sat,,,0.9480852071001082,41529.37159833267,0.27533820426857125,0.9083279407571131,2497890133211.5166,"{""rho_mode"": ""blank_sat"", ""rho_blank_scale"": 0.7724840801398125, ""rho_max"": 1000000000000000.0, ""rho_fab_base"": 30000000000000.0, ""first_gas_pressure_factor"": 0.9480852071001082}",1.095929088966893,608.1801263488883,5.069645814550207,0.2668299852635862,0.0828911211139008,0.40610562855163745,0.4792922057733112,COMPLETE
280,127.1085200431295,2.42496323442059,1.7239934617256774,2479349.4863693686,2.3617699755335537e-06,0.41587976043390673,0.828381735801994,-161.571616526379,0.6809790301311941,0.5498219905175031,,,blank_sat_deformed,,,0.41587976043390673,13995.832589901622,0.3224737814793176,0.9151296211516701,66736436382456.055,"{""rho_mode"": ""blank_sat_deformed"", ""rho_blank_def_scale"": 0.5498219905175031, ""rho_T_shift"": -161.571616526379, ""rho_T_tau_scale"": 0.6809790301311941, ""rho_T_amp_scale"": 0.828381735801994, ""rho_max"": 1000000000000000.0, ""rho_fab_base"": 30000000000000.0, ""first_gas_pressure_factor"": 0.41587976043390673}",0.13619994918055675,58.63929460530348,1.7135149359054336,0.093619266773826,2.373234942318636,4.035109726350378,5.290706571127157,COMPLETE
281,2626.492729244135,23.03639001483662,5.723728548155431,176907.71760886803,4.612534277896734e-07,0.7983426337537876,,,,,0.21051894589325812,,blank_sat,,,0.7983426337537876,58006.39817756947,0.1937035465579083,0.8994222952019381,889968507348.5714,"{""rho_mode"": ""blank_sat"", ""rho_blank_scale"": 0.21051894589325812, ""rho_max"": 1000000000000000.0, ""rho_fab_base"": 30000000000000.0, ""first_gas_pressure_factor"": 0.7983426337537876}",1.9930112339939043,1309.8559877724795,4.037227423933094,0.6369375384296878,0.5186078435026543,0.8330149385061331,1.187879026685577,COMPLETE
282,5.9328532849920625,1.3922069794676721,7.361990459425631,1752836.1777608902,9.003322701252953e-07,0.33282893160941524,,,,,,10.836260229508865,constant,,,0.33282893160941524,88.54194876800629,0.02938971850837527,0.6596704434377758,9.87291139389616e+19,"{""rho_mode"": ""constant"", ""rho_const_scale"": 10.836260229508865, ""rho_max"": 1000000000000000.0, ""rho_fab_base"": 30000000000000.0, ""first_gas_pressure_factor"": 0.33282893160941524}",0.1426862420858941,0.0,3.1822620790653913,9.832059741751098e-05,2.310306792497156,0.3798805580570794,0.10589428785946436,COMPLETE
283,164.10082060439643,3.754310244936402,3.1366310057147837,2675086.768721724,2.7259813770833314e-06,0.2076258792241492,1.4013515620757488,-127.18277399574592,0.7749790059316238,1.378830991259203,,,blank_sat_deformed,,,0.2076258792241492,16060.448456611275,0.3788843013892472,0.9530134910880012,49881043801354.555,"{""rho_mode"": ""blank_sat_deformed"", ""rho_blank_def_scale"": 1.378830991259203, ""rho_T_shift"": -127.18277399574592, ""rho_T_tau_scale"": 0.7749790059316238, ""rho_T_amp_scale"": 1.4013515620757488, ""rho_max"": 1000000000000000.0, ""rho_fab_base"": 30000000000000.0, ""first_gas_pressure_factor"": 0.2076258792241492}",0.082742309143092,79.51306475400817,2.356991413210277,0.10636949420973744,1.8071609751990698,0.5613446493189247,0.7542536753781808,COMPLETE
284,34947.84434602785,5.430693430375222,6.247580028656719,1756657.2064851709,9.328863061557921e-08,0.8217135828426535,1.5880986701690858,-190.08840108083479,0.8668510907199449,1.6617037739754403,,,blank_sat_deformed,,,0.8217135828426535,218220.0257303057,0.40048854906089904,0.9672198317011778,20787543004.41445,"{""rho_mode"": ""blank_sat_deformed"", ""rho_blank_def_scale"": 1.6617037739754403, ""rho_T_shift"": -190.08840108083479, ""rho_T_tau_scale"": 0.8668510907199449, ""rho_T_amp_scale"": 1.5880986701690858, ""rho_max"": 1000000000000000.0, ""rho_fab_base"": 30000000000000.0, ""first_gas_pressure_factor"": 0.8217135828426535}",0.15706986305519782,17468.960230025426,7.716511887361244,0.3351842892165996,0.5728231943099675,1.0135358755166355,0.8480558599398609,COMPLETE
285,10.847190718051175,4.9938566634266826,20.314969476662895,2128380.599339258,2.2793754330589457e-06,0.13187712396593065,1.266821343862376,-71.50694543904518,1.5221620364867114,4.183851722021672,,,blank_sat_deformed,,,0.13187712396593065,38.008172040257136,0.0014516174743528121,0.5290614402597068,2.1990098555112522e+20,"{""rho_mode"": ""blank_sat_deformed"", ""rho_blank_def_scale"": 4.183851722021672, ""rho_T_shift"": -71.50694543904518, ""rho_T_tau_scale"": 1.5221620364867114, ""rho_T_amp_scale"": 1.266821343862376, ""rho_max"": 1000000000000000.0, ""rho_fab_base"": 30000000000000.0, ""first_gas_pressure_factor"": 0.13187712396593065}",0.20883725971870262,0.0,8.301868554658634,0.00015604249524423742,1.568132011824318,0.8367747172629243,0.3283064662210438,COMPLETE
286,5.552966615865053,2.345865877542837,4.030367632910452,2783614.3300398397,1.0499333616297297e-06,0.27360773356232904,1.7573165380442899,-120.75959984743949,0.9673506626045574,1.6359502114273399,,,blank_sat_deformed,,,0.27360773356232904,60.31025347901029,0.004893052962379477,0.5940169942613586,1.0993094832027235e+20,"{""rho_mode"": ""blank_sat_deformed"", ""rho_blank_def_scale"": 1.6359502114273399, ""rho_T_shift"": -120.75959984743949, ""rho_T_tau_scale"": 0.9673506626045574, ""rho_T_amp_scale"": 1.7573165380442899, ""rho_max"": 1000000000000000.0, ""rho_fab_base"": 30000000000000.0, ""first_gas_pressure_factor"": 0.27360773356232904}",0.10281012800058227,0.0,2.693334961113036,2.2931581378748543e-05,2.055546237789245,0.5609048508384336,0.741985363142811,COMPLETE
287,962.6092256459028,4.229946970099935,2.1410511107817625,171939.34004550072,4.563585333323905e-08,0.18327090499913046,,,,,9.552368508755093,,blank_sat,,,0.18327090499913046,37102.25558843603,0.3232152362700961,0.9233594864584662,3679788844100.5747,"{""rho_mode"": ""blank_sat"", ""rho_blank_scale"": 9.552368508755093, ""rho_max"": 1000000000000000.0, ""rho_fab_base"": 30000000000000.0, ""first_gas_pressure_factor"": 0.18327090499913046}",0.4029366021994608,475.9365994484055,8.652975058964172,0.2823712311332492,0.25327974518073737,1.08210946738885,1.2823464199496986,COMPLETE
288,15.866851868188016,2.585785049782547,5.232185479773693,2955837.7963804877,1.5814713629061388e-06,0.16126565888787486,,,,,,0.3964742163429943,constant,,,0.16126565888787486,74.21299736116788,0.0007492203026451896,0.3657226756145346,2.8571111653014168e+19,"{""rho_mode"": ""constant"", ""rho_const_scale"": 0.3964742163429943, ""rho_max"": 1000000000000000.0, ""rho_fab_base"": 30000000000000.0, ""first_gas_pressure_factor"": 0.16126565888787486}",0.21560891336638055,0.0,3.948408937776963,1.7970196361087096e-08,2.4593945727078594,6.837612715693553,8.594379471220563,COMPLETE
289,1501.661502206752,8.526218762593205,3.041865788412211,974478.3505049191,3.235309599285873e-08,0.678391596022653,,,,,0.6798157221033335,,blank_sat,,,0.678391596022653,46042.44653247981,0.3204167584438006,0.9220787636772338,1917521637113.884,"{""rho_mode"": ""blank_sat"", ""rho_blank_scale"": 0.6798157221033335, ""rho_max"": 1000000000000000.0, ""rho_fab_base"": 30000000000000.0, ""first_gas_pressure_factor"": 0.678391596022653}",0.828610029806783,746.1475006331382,7.373001315598033,0.3166102301255599,0.04423756377036539,1.0590229968228615,1.3596894273243896,COMPLETE
290,958.0922356097875,2.5533763119810238,3.7049865980802035,1915523.2085554753,1.3262190897405361e-06,0.36030662376137684,1.6869707199194415,-141.5765474644632,0.8587067999462238,1.0835909746524293,,,blank_sat_deformed,,,0.36030662376137684,37243.283813464426,0.3695306254778265,0.9442679194648606,3890928019293.064,"{""rho_mode"": ""blank_sat_deformed"", ""rho_blank_def_scale"": 1.0835909746524293, ""rho_T_shift"": -141.5765474644632, ""rho_T_tau_scale"": 0.8587067999462238, ""rho_T_amp_scale"": 1.6869707199194415, ""rho_max"": 1000000000000000.0, ""rho_fab_base"": 30000000000000.0, ""first_gas_pressure_factor"": 0.36030662376137684}",0.08085328184512491,476.7285905749205,1.561013976015728,0.182353455903444,1.6336034709539247,0.8696466505222864,1.240887500607128,COMPLETE
291,229.8361346482064,2.266711373689417,2.642597261521113,1986633.0409082442,1.017344970467804e-06,0.3339108160377115,1.596332608379208,-145.68480547952075,0.9771150343805082,1.4266986431728554,,,blank_sat_deformed,,,0.3339108160377115,18833.62704678837,0.3674400268280184,0.9421699306712586,29888024561134.457,"{""rho_mode"": ""blank_sat_deformed"", ""rho_blank_def_scale"": 1.4266986431728554, ""rho_T_shift"": -145.68480547952075, ""rho_T_tau_scale"": 0.9771150343805082, ""rho_T_amp_scale"": 1.596332608379208, ""rho_max"": 1000000000000000.0, ""rho_fab_base"": 30000000000000.0, ""first_gas_pressure_factor"": 0.3339108160377115}",0.08483702380669435,112.50827205392396,2.143814695416434,0.1148745868300251,1.6797908450019758,0.6109470388821925,0.8439865648884217,COMPLETE
292,138702149426.7216,15.553153301169306,27.28940503576185,834658.6358537463,1.223684071037462e-06,0.5077472907893325,,,,,,3.284423921563043,constant,,,0.5077472907893325,431952289.6355645,0.38914807688370606,0.97083992645939,2.7104845466088974,"{""rho_mode"": ""constant"", ""rho_const_scale"": 3.284423921563043, ""rho_max"": 1000000000000000.0, ""rho_fab_base"": 30000000000000.0, ""first_gas_pressure_factor"": 0.5077472907893325}",6.62952394130655,69351074706.8759,7.513283678858396,1.5435932305634101,0.33749758420194076,1.713888038588651,1.7854469790046918,COMPLETE
293,6.03076616804803,2.2944213974519685,7.0980797658150685,2924696.1746313632,6.317781354073243e-07,0.31091467161829334,1.2259365936431221,-119.2998519792926,1.1798696138513536,1.7462843092401406,,,blank_sat_deformed,,,0.31091467161829334,54.57021880057763,0.003513895086710707,0.5770589879664447,1.3217478283441893e+20,"{""rho_mode"": ""blank_sat_deformed"", ""rho_blank_def_scale"": 1.7462843092401406, ""rho_T_shift"": -119.2998519792926, ""rho_T_tau_scale"": 1.1798696138513536, ""rho_T_amp_scale"": 1.2259365936431221, ""rho_max"": 1000000000000000.0, ""rho_fab_base"": 30000000000000.0, ""first_gas_pressure_factor"": 0.31091467161829334}",0.1122844508646928,0.0,3.3773788202713995,1.801945502809208e-05,1.9750134817472211,0.4848102159409699,0.5702958015349074,COMPLETE
294,9.743627953827827,5.78799978072204,2.729484618529934,2709171.266933661,4.979887154145347e-07,0.5738091390196205,1.8739102146067532,-238.2271520903364,0.8940430871224057,2.1810545832826187,,,blank_sat_deformed,,,0.5738091390196205,59.70304055855173,0.005731772112988089,0.6046611029435812,1.4128532273213378e+20,"{""rho_mode"": ""blank_sat_deformed"", ""rho_blank_def_scale"": 2.1810545832826187, ""rho_T_shift"": -238.2271520903364, ""rho_T_tau_scale"": 0.8940430871224057, ""rho_T_amp_scale"": 1.8739102146067532, ""rho_max"": 1000000000000000.0, ""rho_fab_base"": 30000000000000.0, ""first_gas_pressure_factor"": 0.5738091390196205}",0.1167229479886563,0.0,7.710464627236283,0.0030960918352635107,1.1802438007226246,0.6944462005459197,0.4401088129666835,COMPLETE
295,12.84817446305794,1.6208094079781081,8.591325574331762,2753173.5783350216,1.7580717854541615e-06,0.15450280419128942,,,,,,29.113383022064806,constant,,,0.15450280419128942,26.182519545658533,0.0008191608727695093,0.4779078890946559,1.451809656179758e+21,"{""rho_mode"": ""constant"", ""rho_const_scale"": 29.113383022064806, ""rho_max"": 1000000000000000.0, ""rho_fab_base"": 30000000000000.0, ""first_gas_pressure_factor"": 0.15450280419128942}",0.209346784898403,0.0,7.808839620779723,2.214165572374035e-05,4.398360123458602,0.5356739827146121,0.21136412489866313,COMPLETE
296,318.34031189496505,6.7838241718076535,1.1168428146019753,594660.6033611369,7.036757561344235e-07,0.3515823053524648,1.6250633163786943,-112.99772206425293,1.7313994544957036,1.1604798544358048,,,blank_sat_deformed,,,0.3515823053524648,21802.692153876545,0.2729782284676284,0.9069819155444424,17186083023902.676,"{""rho_mode"": ""blank_sat_deformed"", ""rho_blank_def_scale"": 1.1604798544358048, ""rho_T_shift"": -112.99772206425293, ""rho_T_tau_scale"": 1.7313994544957036, ""rho_T_amp_scale"": 1.6250633163786943, ""rho_max"": 1000000000000000.0, ""rho_fab_base"": 30000000000000.0, ""first_gas_pressure_factor"": 0.3515823053524648}",0.0562965923345896,155.14737633406764,6.6822355648046905,0.24835168978856803,0.10094954374320668,0.7183125083542679,0.9481686722403995,COMPLETE
297,6.686275563927452,3.1395191177125787,3.1082293427188548,2888067.53856125,1.4779396358300745e-06,0.42330151997320364,1.1333878467632788,-18.309992275875665,1.2065569617559238,1.8403338884218894,,,blank_sat_deformed,,,0.42330151997320364,52.10469836898798,0.003283694318855389,0.5754444263299514,1.2786814366450324e+20,"{""rho_mode"": ""blank_sat_deformed"", ""rho_blank_def_scale"": 1.8403338884218894, ""rho_T_shift"": -18.309992275875665, ""rho_T_tau_scale"": 1.2065569617559238, ""rho_T_amp_scale"": 1.1333878467632788, ""rho_max"": 1000000000000000.0, ""rho_fab_base"": 30000000000000.0, ""first_gas_pressure_factor"": 0.42330151997320364}",0.12210017408959108,0.0,4.245778035519277,0.0001935417737687993,1.8651543197402185,0.4265204742581341,0.41403052606045004,COMPLETE
298,6.871410444704739,2.176265808275086,2.06469733502958,2881931.7606846145,1.7597534253781481e-06,0.18142675685603799,2.0585793741884997,-181.26587655171824,1.0558658932469311,2.5587118830200857,,,blank_sat_deformed,,,0.18142675685603799,41.34182736596443,0.0018103599682241743,0.5374037799945314,1.8410096437551858e+20,"{""rho_mode"": ""blank_sat_deformed"", ""rho_blank_def_scale"": 2.5587118830200857, ""rho_T_shift"": -181.26587655171824, ""rho_T_tau_scale"": 1.0558658932469311, ""rho_T_amp_scale"": 2.0585793741884997, ""rho_max"": 1000000000000000.0, ""rho_fab_base"": 30000000000000.0, ""first_gas_pressure_factor"": 0.18142675685603799}",0.1303585136105816,0.0,3.927212384054865,0.00012584653820661633,2.3034477328717107,0.45682516158315106,0.5257587231156297,COMPLETE
299,5.592363276942883,1.4543081479677513,5.116467476915726,2112731.3755000583,1.0142219444415398e-06,0.14897739157104667,1.461912557238173,-92.06617975541637,1.3284468326627517,1.4193623846292378,,,blank_sat_deformed,,,0.14897739157104667,106.38214200673235,0.05752863542104553,0.6828019948544687,6.312327784561288e+19,"{""rho_mode"": ""blank_sat_deformed"", ""rho_blank_def_scale"": 1.4193623846292378, ""rho_T_shift"": -92.06617975541637, ""rho_T_tau_scale"": 1.3284468326627517, ""rho_T_amp_scale"": 1.461912557238173, ""rho_max"": 1000000000000000.0, ""rho_fab_base"": 30000000000000.0, ""first_gas_pressure_factor"": 0.14897739157104667}",0.11554064412289548,0.0,1.5226792388010166,2.159106594018368e-05,2.2692810529036525,1.2507928761889302,1.7549346305292133,COMPLETE
