number,value,params_Dg_dislocation_scale,params_Dv_dislocation_scale,params_K_d,params_f_n,params_first_gas_pressure_factor,params_rho_rizk2023_fit_cap,params_rho_rizk2023_fit_scale,params_rho_rizk2023_fit_variant,user_attrs_first_gas_pressure_factor,user_attrs_max_Rd_nm,user_attrs_max_f_cap_step,user_attrs_max_psi_d,user_attrs_min_Nd,user_attrs_rho_cfg,user_attrs_score_Nd_drop,user_attrs_score_guards,user_attrs_score_partition,user_attrs_score_pressure,user_attrs_score_radius_T,user_attrs_score_swelling_T,user_attrs_score_swelling_burnup,state
95,25.03888756348114,6.288490397227964,2.6623039582319423,434851.0103008946,7.006524678854243e-08,0.25881997908062393,1043865897372967.5,0.027801282580510307,normal,0.25881997908062393,514.7855771619454,0.0,0.5477868544266766,2.8765180043215427e+17,"{""rho_mode"": ""rizk2023_fit"", ""rho_rizk2023_fit_variant"": ""normal"", ""rho_rizk2023_fit_scale"": 0.027801282580510307, ""rho_rizk2023_fit_cap"": 1043865897372967.5, ""rho_max"": 1000000000000000.0, ""rho_fab_base"": 30000000000000.0, ""first_gas_pressure_factor"": 0.25881997908062393}",0.0,0.0,4.6932144711788135,0.03274143750747207,0.01515827334621138,0.4733480160811874,1.004794190427138,COMPLETE
96,207.69296402598286,10.6478477147619,1.7127463562723868,872050.1213571376,5.147157644807671e-07,0.5013039652333664,1057946572298296.6,0.05357146135152369,normal,0.5013039652333664,11220.617115518946,0.0,0.8628637371402283,108564494473858.66,"{""rho_mode"": ""rizk2023_fit"", ""rho_rizk2023_fit_variant"": ""normal"", ""rho_rizk2023_fit_scale"": 0.05357146135152369, ""rho_rizk2023_fit_cap"": 1057946572298296.6, ""rho_max"": 1000000000000000.0, ""rho_fab_base"": 30000000000000.0, ""first_gas_pressure_factor"": 0.5013039652333664}",0.0,36.72972041726409,3.9438226075596288,0.08963656995531515,0.12129412985852255,0.39094835228845276,0.6654666055034577,COMPLETE
97,493.89837027476716,4.031350478851542,2.583248632317707,577946.871113498,1.1537087608371779e-07,0.33640107035761,1159918966835377.5,0.11340065932371071,normal,0.33640107035761,16622.439476320327,0.0,0.8749053816516691,34810508995703.844,"{""rho_mode"": ""rizk2023_fit"", ""rho_rizk2023_fit_variant"": ""normal"", ""rho_rizk2023_fit_scale"": 0.11340065932371071, ""rho_rizk2023_fit_cap"": 1159918966835377.5, ""rho_max"": 1000000000000000.0, ""rho_fab_base"": 30000000000000.0, ""first_gas_pressure_factor"": 0.33640107035761}",0.0,93.57325027199585,4.624663112031647,0.12765974945342898,0.1295365407571258,0.3853550688324285,0.4372722298772413,COMPLETE
98,1853.557279364362,7.8704833620332755,7.0404434658317285,400379.1197579206,1.1018557396104375e-07,0.43456670961481814,1031446694214166.2,0.060916159635312175,normal,0.43456670961481814,29653.224764311286,0.0,0.8799002648015578,6237290153899.533,"{""rho_mode"": ""rizk2023_fit"", ""rho_rizk2023_fit_variant"": ""normal"", ""rho_rizk2023_fit_scale"": 0.060916159635312175, ""rho_rizk2023_fit_cap"": 1031446694214166.2, ""rho_max"": 1000000000000000.0, ""rho_fab_base"": 30000000000000.0, ""first_gas_pressure_factor"": 0.43456670961481814}",0.0,366.3259570959513,4.612118234904977,0.20844953387951665,0.015800770202396598,0.36108749392840866,0.18691666137115326,COMPLETE
99,123.01669693499989,12.024446249011307,1.9204030274116894,1009952.0920428489,9.494822539838072e-08,0.20446806054495223,1110856621185702.0,0.027094817111432093,normal,0.20446806054495223,8748.58373804745,0.0,0.8513142890648397,219972251678571.4,"{""rho_mode"": ""rizk2023_fit"", ""rho_rizk2023_fit_variant"": ""normal"", ""rho_rizk2023_fit_scale"": 0.027094817111432093, ""rho_rizk2023_fit_cap"": 1110856621185702.0, ""rho_max"": 1000000000000000.0, ""rho_fab_base"": 30000000000000.0, ""first_gas_pressure_factor"": 0.20446806054495223}",0.0,19.882426485872855,4.338551414056828,0.06432593864717862,0.05519285269434966,0.4044612490225402,0.7795737635366512,COMPLETE
100,26.785965304656237,6.515785812852328,2.2484037588079904,710176.1923580447,3.893921908023086e-07,0.21362752223406323,1196323561252734.0,0.06196593057676876,fig410,0.21362752223406323,362.73394914655773,0.0,0.5627425455362048,8.914069801651268e+17,"{""rho_mode"": ""rizk2023_fit"", ""rho_rizk2023_fit_variant"": ""fig410"", ""rho_rizk2023_fit_scale"": 0.06196593057676876, ""rho_rizk2023_fit_cap"": 1196323561252734.0, ""rho_max"": 1000000000000000.0, ""rho_fab_base"": 30000000000000.0, ""first_gas_pressure_factor"": 0.21362752223406323}",0.0,0.0,4.077259805855298,0.020868537897286855,0.15545089862951303,0.4468783418113077,0.9322235540815123,COMPLETE
101,30.916688744930468,3.2683331594450125,4.2875396897922595,176281.51191105653,9.615823901772806e-08,0.20767970043386094,2301331469318552.0,0.03711697659267704,shifted,0.20767970043386094,483.51758980072793,0.0,0.45097754477115515,1.8027620434547594e+17,"{""rho_mode"": ""rizk2023_fit"", ""rho_rizk2023_fit_variant"": ""shifted"", ""rho_rizk2023_fit_scale"": 0.03711697659267704, ""rho_rizk2023_fit_cap"": 2301331469318552.0, ""rho_max"": 1000000000000000.0, ""rho_fab_base"": 30000000000000.0, ""first_gas_pressure_factor"": 0.20767970043386094}",0.0,0.0,5.375439463645355,0.022498936226738115,0.0323254623081857,0.6241470930879852,1.3151656867623909,COMPLETE
102,52.928433227130576,4.079078682143602,1.799892207765219,766668.9343580515,1.2351023083361018e-06,0.2775716025259336,1014329371994959.6,0.042785180647877404,fig410,0.2775716025259336,169.06475308536707,0.0,0.3092247479636548,1.46074665223635e+18,"{""rho_mode"": ""rizk2023_fit"", ""rho_rizk2023_fit_variant"": ""fig410"", ""rho_rizk2023_fit_scale"": 0.042785180647877404, ""rho_rizk2023_fit_cap"": 1014329371994959.6, ""rho_max"": 1000000000000000.0, ""rho_fab_base"": 30000000000000.0, ""first_gas_pressure_factor"": 0.2775716025259336}",0.0,0.0,5.884394478334045,0.00160676313459441,0.4140718843027267,1.0340726850231075,2.1700327994498956,COMPLETE
103,791.968608081743,10.026203999676332,2.34922723752949,1762738.4986962697,7.842661262881275e-07,0.10973236146734089,1855916446194598.2,0.13866266105319053,fig410,0.10973236146734089,21464.269489024693,0.0,0.8891906907868967,16972576524167.568,"{""rho_mode"": ""rizk2023_fit"", ""rho_rizk2023_fit_variant"": ""fig410"", ""rho_rizk2023_fit_scale"": 0.13866266105319053, ""rho_rizk2023_fit_cap"": 1855916446194598.2, ""rho_max"": 1000000000000000.0, ""rho_fab_base"": 30000000000000.0, ""first_gas_pressure_factor"": 0.10973236146734089}",0.0,150.70994795189833,5.656861818012389,0.12919403312613423,0.4141529054688042,0.42803477675211826,0.33380613598160314,COMPLETE
104,887.6924116324747,9.567846989673132,1.8370345105379868,294563.9683367991,2.9076282756063187e-07,0.1487686103519557,1321067239721772.8,0.16983042753661287,fig410,0.1487686103519557,21828.77953468176,0.0,0.8768748225924771,15475184244848.904,"{""rho_mode"": ""rizk2023_fit"", ""rho_rizk2023_fit_variant"": ""fig410"", ""rho_rizk2023_fit_scale"": 0.16983042753661287, ""rho_rizk2023_fit_cap"": 1321067239721772.8, ""rho_max"": 1000000000000000.0, ""rho_fab_base"": 30000000000000.0, ""first_gas_pressure_factor"": 0.1487686103519557}",0.10575587996403367,171.37903588005872,6.37999617047886,0.2957800058062845,0.0389781991035292,0.4924374377802487,0.2904910462453192,COMPLETE
105,115.90729590656865,3.878913855218582,1.2804018339670218,430114.38811248477,9.295934547122989e-08,0.5291057480110908,2005468927697305.2,0.10923823873922213,shifted,0.5291057480110908,8258.132761089855,0.0,0.8514830740464018,261694061433935.88,"{""rho_mode"": ""rizk2023_fit"", ""rho_rizk2023_fit_variant"": ""shifted"", ""rho_rizk2023_fit_scale"": 0.10923823873922213, ""rho_rizk2023_fit_cap"": 2005468927697305.2, ""rho_max"": 1000000000000000.0, ""rho_fab_base"": 30000000000000.0, ""first_gas_pressure_factor"": 0.5291057480110908}",0.0,18.95670372549611,4.292858730398698,0.09560958011935476,0.06138917545333211,0.2928201548994815,0.4515131461830622,COMPLETE
106,50.49616043738833,2.9092986295773184,4.498952331760995,835565.4500705018,8.078901285741454e-08,0.3028048879097083,1180996157955951.0,0.02936866251327461,shifted,0.3028048879097083,196.15715733054057,0.0,0.31252225573324977,8.450506673136031e+17,"{""rho_mode"": ""rizk2023_fit"", ""rho_rizk2023_fit_variant"": ""shifted"", ""rho_rizk2023_fit_scale"": 0.02936866251327461, ""rho_rizk2023_fit_cap"": 1180996157955951.0, ""rho_max"": 1000000000000000.0, ""rho_fab_base"": 30000000000000.0, ""first_gas_pressure_factor"": 0.3028048879097083}",0.0,0.0,5.6748144520113595,0.0004220189344796632,0.3182742773952321,1.0878956333416874,2.1651540737290667,COMPLETE
107,74.02310309319171,1.3603105301065441,1.9634378270622421,246437.894107117,1.0129173141318083e-06,0.10529310840829523,1996361002866002.8,0.02417256316616755,normal,0.10529310840829523,197.1515503502363,0.0,0.21245745068005967,2.9876292234928557e+17,"{""rho_mode"": ""rizk2023_fit"", ""rho_rizk2023_fit_variant"": ""normal"", ""rho_rizk2023_fit_scale"": 0.02417256316616755, ""rho_rizk2023_fit_cap"": 1996361002866002.8, ""rho_max"": 1000000000000000.0, ""rho_fab_base"": 30000000000000.0, ""first_gas_pressure_factor"": 0.10529310840829523}",0.0,0.0,7.168015232410793,7.797720260933808e-05,0.26424067131688345,2.068386704043413,3.2240251983819608,COMPLETE
108,32.74360867179634,5.991878240593729,1.352648396190467,186682.09969601833,4.756496324930233e-07,0.1641111549148923,2800740702707703.0,0.03002181720205574,shifted,0.1641111549148923,506.57756988383886,0.0,0.4495063272968779,1.5516207534054294e+17,"{""rho_mode"": ""rizk2023_fit"", ""rho_rizk2023_fit_variant"": ""shifted"", ""rho_rizk2023_fit_scale"": 0.03002181720205574, ""rho_rizk2023_fit_cap"": 2800740702707703.0, ""rho_max"": 1000000000000000.0, ""rho_fab_base"": 30000000000000.0, ""first_gas_pressure_factor"": 0.1641111549148923}",0.0,0.0,5.621317469102887,0.04709820477213849,0.02380867827080106,0.6910912895113303,1.2964719213649034,COMPLETE
109,185.14624930775187,5.470115124900998,1.7651903360707144,294177.3025932826,2.33203172805806e-07,0.44555233403189504,1231367192910422.0,0.09288943008738383,shifted,0.44555233403189504,10069.80599419928,0.0,0.8520977743488355,144649312253273.7,"{""rho_mode"": ""rizk2023_fit"", ""rho_rizk2023_fit_variant"": ""shifted"", ""rho_rizk2023_fit_scale"": 0.09288943008738383, ""rho_rizk2023_fit_cap"": 1231367192910422.0, ""rho_max"": 1000000000000000.0, ""rho_fab_base"": 30000000000000.0, ""first_gas_pressure_factor"": 0.44555233403189504}",0.0,33.42529070745479,4.10102256664903,0.12329667908721403,0.0053504479531441135,0.2540672351001224,0.3515732508468355,COMPLETE
110,47.82327690908857,1.5587508055547412,2.9111307263290254,492711.2417197383,2.998389497535215e-07,0.10880317819747924,2136087877116999.5,0.08366210332649679,fig410,0.10880317819747924,180.159287625101,0.0,0.3489836902069469,1.7352290704751035e+18,"{""rho_mode"": ""rizk2023_fit"", ""rho_rizk2023_fit_variant"": ""fig410"", ""rho_rizk2023_fit_scale"": 0.08366210332649679, ""rho_rizk2023_fit_cap"": 2136087877116999.5, ""rho_max"": 1000000000000000.0, ""rho_fab_base"": 30000000000000.0, ""first_gas_pressure_factor"": 0.10880317819747924}",0.0,0.0,5.09028893612256,0.0009992265127516371,0.4165330039284622,0.9017449018740958,2.020522718872357,COMPLETE
111,32.22951001115272,3.992370509709344,3.7006238745978677,689657.6459925701,4.459779404114339e-08,0.40740843833657114,1337501072333354.0,0.03552169189456496,normal,0.40740843833657114,300.87469045948353,0.0,0.4597996495060028,8.490830903858747e+17,"{""rho_mode"": ""rizk2023_fit"", ""rho_rizk2023_fit_variant"": ""normal"", ""rho_rizk2023_fit_scale"": 0.03552169189456496, ""rho_rizk2023_fit_cap"": 1337501072333354.0, ""rho_max"": 1000000000000000.0, ""rho_fab_base"": 30000000000000.0, ""first_gas_pressure_factor"": 0.40740843833657114}",0.0,0.0,4.728015805069177,0.009629486995479894,0.13657633221595444,0.6307723532830108,1.3230960768108573,COMPLETE
112,62.76089835195863,2.6769929758553683,2.825971200921175,1603403.68686883,1.818674140392765e-07,0.2120812933565922,1004947118469098.4,0.03643982837249865,fig410,0.2120812933565922,128.51130379405643,0.0,0.28730657047416824,2.6676206822119214e+18,"{""rho_mode"": ""rizk2023_fit"", ""rho_rizk2023_fit_variant"": ""fig410"", ""rho_rizk2023_fit_scale"": 0.03643982837249865, ""rho_rizk2023_fit_cap"": 1004947118469098.4, ""rho_max"": 1000000000000000.0, ""rho_fab_base"": 30000000000000.0, ""first_gas_pressure_factor"": 0.2120812933565922}",0.0,0.0,5.4636124843157745,1.885458260281818e-05,0.6443742968539693,1.2293613786691977,2.4515855654256735,COMPLETE
113,27.096346037984084,4.7061486694687105,3.6101597947382937,270775.29160798504,9.967219589825331e-08,0.3928051991413555,1468232078733172.5,0.03565618220779203,shifted,0.3928051991413555,489.38033694560676,0.0,0.49397373149121176,2.4015509325444656e+17,"{""rho_mode"": ""rizk2023_fit"", ""rho_rizk2023_fit_variant"": ""shifted"", ""rho_rizk2023_fit_scale"": 0.03565618220779203, ""rho_rizk2023_fit_cap"": 1468232078733172.5, ""rho_max"": 1000000000000000.0, ""rho_fab_base"": 30000000000000.0, ""first_gas_pressure_factor"": 0.3928051991413555}",0.0,0.0,5.004138268318182,0.027277160455030574,0.02019117205809808,0.5168293750148815,1.114331410533938,COMPLETE
114,22.96186016261711,13.308201502319715,1.1006029366908214,573553.3413980188,6.355106665423054e-07,0.1934172862350075,2509780767329813.0,0.028530513261214748,fig410,0.1934172862350075,480.1600848557083,0.0,0.5498540548904636,3.5850525213553875e+17,"{""rho_mode"": ""rizk2023_fit"", ""rho_rizk2023_fit_variant"": ""fig410"", ""rho_rizk2023_fit_scale"": 0.028530513261214748, ""rho_rizk2023_fit_cap"": 2509780767329813.0, ""rho_max"": 1000000000000000.0, ""rho_fab_base"": 30000000000000.0, ""first_gas_pressure_factor"": 0.1934172862350075}",0.0,0.0,4.589732950533709,0.052209225536425465,0.018898241276803535,0.38325265092468036,0.9084518286818426,COMPLETE
115,41.408135483224505,4.868826059087159,1.4442053348228803,779234.1832871767,5.469971580602405e-07,0.14432051107912836,1718821558709019.5,0.0432655543584543,fig410,0.14432051107912836,204.89344305011485,0.0,0.3672797415586312,1.3750488648060675e+18,"{""rho_mode"": ""rizk2023_fit"", ""rho_rizk2023_fit_variant"": ""fig410"", ""rho_rizk2023_fit_scale"": 0.0432655543584543, ""rho_rizk2023_fit_cap"": 1718821558709019.5, ""rho_max"": 1000000000000000.0, ""rho_fab_base"": 30000000000000.0, ""first_gas_pressure_factor"": 0.14432051107912836}",0.0,0.0,5.128917469354202,0.0073024195749539925,0.3036147252376433,0.7586469271246473,1.7327003559647018,COMPLETE
116,947.5518759177028,20.68277377814608,4.077258208387473,271769.35694262804,3.751171025681466e-07,0.144436535793537,2482104105163947.5,0.03390607928307832,fig410,0.144436535793537,21096.68066679068,0.0,0.8644607418758228,16424979227653.068,"{""rho_mode"": ""rizk2023_fit"", ""rho_rizk2023_fit_variant"": ""fig410"", ""rho_rizk2023_fit_scale"": 0.03390607928307832, ""rho_rizk2023_fit_cap"": 2482104105163947.5, ""rho_max"": 1000000000000000.0, ""rho_fab_base"": 30000000000000.0, ""first_gas_pressure_factor"": 0.144436535793537}",0.0009740508681031986,184.53729795856557,4.220089249659248,0.2522753974421622,0.21983411155330787,0.26372121052757674,0.08290839587016921,COMPLETE
117,26.07962229430295,10.610092577932235,1.029901579294739,752356.3286123186,3.757421409974879e-07,0.3699967495227015,2916152190507167.0,0.03087720364579976,fig410,0.3699967495227015,340.066816398266,0.0,0.48448213211942986,6.903223236471277e+17,"{""rho_mode"": ""rizk2023_fit"", ""rho_rizk2023_fit_variant"": ""fig410"", ""rho_rizk2023_fit_scale"": 0.03087720364579976, ""rho_rizk2023_fit_cap"": 2916152190507167.0, ""rho_max"": 1000000000000000.0, ""rho_fab_base"": 30000000000000.0, ""first_gas_pressure_factor"": 0.3699967495227015}",0.0,0.0,4.591830116073656,0.03842568004399896,0.07780861955210537,0.4434338770793354,1.0627701378881114,COMPLETE
118,31.313206199257554,15.432502535527004,1.3197983529658532,994257.0292553033,6.744230491004938e-07,0.27135819664645133,2794653884430390.0,0.020797545238859915,fig410,0.27135819664645133,269.78671911352586,0.0,0.40144162326808797,7.865328952323384e+17,"{""rho_mode"": ""rizk2023_fit"", ""rho_rizk2023_fit_variant"": ""fig410"", ""rho_rizk2023_fit_scale"": 0.020797545238859915, ""rho_rizk2023_fit_cap"": 2794653884430390.0, ""rho_max"": 1000000000000000.0, ""rho_fab_base"": 30000000000000.0, ""first_gas_pressure_factor"": 0.27135819664645133}",0.0,0.0,5.222756732764805,0.024979068263020227,0.10567439435445099,0.5568233652756397,1.3132577965537946,COMPLETE
119,62.13008097802316,2.8798841653374563,1.3817398772346035,2022623.542261146,6.228233209567854e-07,0.31749668656877955,3711809636854288.0,0.069456378951847,fig410,0.31749668656877955,104.13976339624477,0.0,0.3093026694518862,6.254788593008566e+18,"{""rho_mode"": ""rizk2023_fit"", ""rho_rizk2023_fit_variant"": ""fig410"", ""rho_rizk2023_fit_scale"": 0.069456378951847, ""rho_rizk2023_fit_cap"": 3711809636854288.0, ""rho_max"": 1000000000000000.0, ""rho_fab_base"": 30000000000000.0, ""first_gas_pressure_factor"": 0.31749668656877955}",0.0,0.0,4.8842639337023055,0.00010011839674253845,0.8117302919649716,1.0434470413285692,2.2563394729989685,COMPLETE
120,764.3852996382982,25.20961860580833,1.3044683754959958,1238230.3857056547,2.5892437481282804e-07,0.14598698704450802,2685079852974373.0,0.11722996722999994,fig410,0.14598698704450802,20824.565409807685,0.0,0.8829440082671204,18196298033373.96,"{""rho_mode"": ""rizk2023_fit"", ""rho_rizk2023_fit_variant"": ""fig410"", ""rho_rizk2023_fit_scale"": 0.11722996722999994, ""rho_rizk2023_fit_cap"": 2685079852974373.0, ""rho_max"": 1000000000000000.0, ""rho_fab_base"": 30000000000000.0, ""first_gas_pressure_factor"": 0.14598698704450802}",0.10233278402516653,146.12704463863886,6.539591073983861,0.2621946130777269,0.09181718690362711,0.533175163908987,0.39992333277348086,COMPLETE
121,2493.210796260342,7.136045498915741,3.453825111015552,998308.6244470907,3.236652552747829e-07,0.131513000456934,1091054722837915.1,0.314411214767157,fig410,0.131513000456934,37303.73186111411,0.0,0.9000540054385221,3353206159876.929,"{""rho_mode"": ""rizk2023_fit"", ""rho_rizk2023_fit_variant"": ""fig410"", ""rho_rizk2023_fit_scale"": 0.314411214767157, ""rho_rizk2023_fit_cap"": 1091054722837915.1, ""rho_max"": 1000000000000000.0, ""rho_fab_base"": 30000000000000.0, ""first_gas_pressure_factor"": 0.131513000456934}",0.669862394348597,490.7165510723806,6.486749311593618,0.24911988508042676,0.26774659972684645,0.5640111958203528,0.27111997319070835,COMPLETE
122,117.99936760817265,10.502650677861894,1.021396153564949,1080357.2611268898,2.1250477234856076e-07,0.48846234945470857,2275221150384193.0,0.05200865843417618,fig410,0.48846234945470857,8501.163593891577,0.0,0.8565496239503539,244193362955378.4,"{""rho_mode"": ""rizk2023_fit"", ""rho_rizk2023_fit_variant"": ""fig410"", ""rho_rizk2023_fit_scale"": 0.05200865843417618, ""rho_rizk2023_fit_cap"": 2275221150384193.0, ""rho_max"": 1000000000000000.0, ""rho_fab_base"": 30000000000000.0, ""first_gas_pressure_factor"": 0.48846234945470857}",0.0,18.841292502483338,4.095566060544574,0.08976738772820692,0.14026966225084755,0.33087492433232146,0.590851172222165,COMPLETE
123,33.31789377672108,5.933025416781621,4.719604418632051,286637.45909005683,1.8211985357369826e-07,0.5269119373732529,1569587136071646.2,0.0227573534683558,shifted,0.5269119373732529,424.9510674316318,0.0,0.4106901690374953,1.952451643969518e+17,"{""rho_mode"": ""rizk2023_fit"", ""rho_rizk2023_fit_variant"": ""shifted"", ""rho_rizk2023_fit_scale"": 0.0227573534683558, ""rho_rizk2023_fit_cap"": 1569587136071646.2, ""rho_max"": 1000000000000000.0, ""rho_fab_base"": 30000000000000.0, ""first_gas_pressure_factor"": 0.5269119373732529}",0.0,0.0,5.624638461918108,0.01641580033372338,0.02917301503598405,0.7043035884260923,1.4663003710316636,COMPLETE
124,147.63657929810523,11.470950380031857,1.1949751840429226,208861.07308886212,4.295937394065288e-07,0.2732632629038515,2631758676461108.0,0.04724412220170492,fig410,0.2732632629038515,9039.486827775068,0.0,0.8409618646057452,192224601110956.56,"{""rho_mode"": ""rizk2023_fit"", ""rho_rizk2023_fit_variant"": ""fig410"", ""rho_rizk2023_fit_scale"": 0.04724412220170492, ""rho_rizk2023_fit_cap"": 2631758676461108.0, ""rho_max"": 1000000000000000.0, ""rho_fab_base"": 30000000000000.0, ""first_gas_pressure_factor"": 0.2732632629038515}",0.0,25.8402772372044,3.961256526297364,0.1918724099851052,0.09778741517128872,0.1573360597412574,0.2792074732422283,COMPLETE
125,175.5280010962048,9.05598600886704,1.109599657611629,573382.5408125506,6.34685672871317e-07,0.31537363507166016,3348128485633754.5,0.08250130472034153,fig410,0.31537363507166016,10181.82085328379,0.0,0.8598868074561393,143800002711379.44,"{""rho_mode"": ""rizk2023_fit"", ""rho_rizk2023_fit_variant"": ""fig410"", ""rho_rizk2023_fit_scale"": 0.08250130472034153, ""rho_rizk2023_fit_cap"": 3348128485633754.5, ""rho_max"": 1000000000000000.0, ""rho_fab_base"": 30000000000000.0, ""first_gas_pressure_factor"": 0.31537363507166016}",0.0,31.03413998267879,4.2301626711240745,0.13108739744030173,0.0578054188445655,0.2719294751404823,0.36297370385172284,COMPLETE
126,999.3217996476585,11.236020830173617,3.430288794327258,736057.923541802,3.553191060019999e-07,0.3390853892369885,1343671157808402.2,0.07707208152507178,fig410,0.3390853892369885,22777.07465607353,0.0,0.8796751256620589,13752589818199.379,"{""rho_mode"": ""rizk2023_fit"", ""rho_rizk2023_fit_variant"": ""fig410"", ""rho_rizk2023_fit_scale"": 0.07707208152507178, ""rho_rizk2023_fit_cap"": 1343671157808402.2, ""rho_max"": 1000000000000000.0, ""rho_fab_base"": 30000000000000.0, ""first_gas_pressure_factor"": 0.3390853892369885}",0.0,195.09365072599604,4.9705296694013805,0.19012365834616707,0.037921430497345615,0.3710273828512277,0.19364277918315392,COMPLETE
