number,value,params_Dg_dislocation_scale,params_Dv_dislocation_scale,params_K_d,params_f_n,params_first_gas_pressure_factor,params_rho_rizk2023_fit_cap,params_rho_rizk2023_fit_scale,params_rho_rizk2023_fit_variant,user_attrs_first_gas_pressure_factor,user_attrs_max_Rd_nm,user_attrs_max_f_cap_step,user_attrs_max_psi_d,user_attrs_min_Nd,user_attrs_rho_cfg,user_attrs_score_Nd_drop,user_attrs_score_guards,user_attrs_score_partition,user_attrs_score_pressure,user_attrs_score_radius_T,user_attrs_score_swelling_T,user_attrs_score_swelling_burnup,state
223,717.295605208936,15.740874716083203,3.5286042134212043,891712.8799898124,4.190202666447163e-08,0.16475938124128522,2680356506846005.5,0.028098623962462984,fig410,0.16475938124128522,19258.984101058715,0.0,0.8701251762903692,22016915268543.58,"{""rho_mode"": ""rizk2023_fit"", ""rho_rizk2023_fit_variant"": ""fig410"", ""rho_rizk2023_fit_scale"": 0.028098623962462984, ""rho_rizk2023_fit_cap"": 2680356506846005.5, ""rho_max"": 1000000000000000.0, ""rho_fab_base"": 30000000000000.0, ""first_gas_pressure_factor"": 0.16475938124128522}",0.0,139.24316751720752,4.726584869282392,0.17401093120165176,0.00789905474893859,0.3114013826543227,0.261002788294865,COMPLETE
224,25.98766411801098,6.823301972636507,2.117596182291727,954961.1806017078,4.148762702893154e-08,0.1439701972855825,3131429590941301.0,0.034435528443904,fig410,0.1439701972855825,371.1001219419102,0.0,0.5429333055690785,7.476142155729844e+17,"{""rho_mode"": ""rizk2023_fit"", ""rho_rizk2023_fit_variant"": ""fig410"", ""rho_rizk2023_fit_scale"": 0.034435528443904, ""rho_rizk2023_fit_cap"": 3131429590941301.0, ""rho_max"": 1000000000000000.0, ""rho_fab_base"": 30000000000000.0, ""first_gas_pressure_factor"": 0.1439701972855825}",0.0,0.0,4.49368394434715,0.025293930745767447,0.10189710812819926,0.42464089130762683,0.9315872842252484,COMPLETE
225,510.2344711606217,10.18385072321931,1.6835282129034288,608080.2633278714,5.9352961790454164e-08,0.27466471247486723,2906433886207384.0,0.07378585834321207,fig410,0.27466471247486723,16749.407249569456,0.0,0.8709854941141002,33569574010148.023,"{""rho_mode"": ""rizk2023_fit"", ""rho_rizk2023_fit_variant"": ""fig410"", ""rho_rizk2023_fit_scale"": 0.07378585834321207, ""rho_rizk2023_fit_cap"": 2906433886207384.0, ""rho_max"": 1000000000000000.0, ""rho_fab_base"": 30000000000000.0, ""first_gas_pressure_factor"": 0.27466471247486723}",0.0,97.00237403270039,6.019501894054565,0.21540994459500687,0.00808352246479361,0.3311469953773504,0.08323978887024308,COMPLETE
226,38.649487464231576,2.0970400510636353,3.239724266799485,210978.55787223077,5.104422815186479e-08,0.113330119705646,3888569979948491.0,0.028302171117037936,fig410,0.113330119705646,360.2206541237356,0.0,0.3635837509321254,2.4548160628735414e+17,"{""rho_mode"": ""rizk2023_fit"", ""rho_rizk2023_fit_variant"": ""fig410"", ""rho_rizk2023_fit_scale"": 0.028302171117037936, ""rho_rizk2023_fit_cap"": 3888569979948491.0, ""rho_max"": 1000000000000000.0, ""rho_fab_base"": 30000000000000.0, ""first_gas_pressure_factor"": 0.113330119705646}",0.0,0.0,5.847109133492338,0.010365424282081715,0.03468523247001625,0.9099449091470339,1.858339482431315,COMPLETE
227,43.296872066386136,4.917391165444684,4.383697425683573,1725634.7076936841,1.0720731552367209e-07,0.10337805173050565,2449290716328911.5,0.03777081374397633,fig410,0.10337805173050565,165.13373364682255,0.0,0.36847058417875533,2.652237787622498e+18,"{""rho_mode"": ""rizk2023_fit"", ""rho_rizk2023_fit_variant"": ""fig410"", ""rho_rizk2023_fit_scale"": 0.03777081374397633, ""rho_rizk2023_fit_cap"": 2449290716328911.5, ""rho_max"": 1000000000000000.0, ""rho_fab_base"": 30000000000000.0, ""first_gas_pressure_factor"": 0.10337805173050565}",0.0,0.0,4.65765241724677,0.0009296474201989952,0.43408267568006365,0.7305437488505185,1.689629919813345,COMPLETE
228,27.407154307540733,2.7790576809405754,3.541547192240286,103352.13460045405,1.6863204093804442e-07,0.618262063484541,1373852324211387.2,0.0606103163464221,shifted,0.618262063484541,680.1851210814793,0.0,0.546910994695311,1.2410234004019208e+17,"{""rho_mode"": ""rizk2023_fit"", ""rho_rizk2023_fit_variant"": ""shifted"", ""rho_rizk2023_fit_scale"": 0.0606103163464221, ""rho_rizk2023_fit_cap"": 1373852324211387.2, ""rho_max"": 1000000000000000.0, ""rho_fab_base"": 30000000000000.0, ""first_gas_pressure_factor"": 0.618262063484541}",0.0,0.0,5.032884345292985,0.04053124074370747,0.05994356607440422,0.47394117362334715,0.9908395762190031,COMPLETE
229,396.20947767130673,8.991210156933036,2.9575634827609276,955666.0188447076,4.148255674043279e-08,0.30804732549042924,3773456229588734.5,0.038266894496933435,fig410,0.30804732549042924,15004.9994293447,0.0,0.8674195233543344,46120182722371.29,"{""rho_mode"": ""rizk2023_fit"", ""rho_rizk2023_fit_variant"": ""fig410"", ""rho_rizk2023_fit_scale"": 0.038266894496933435, ""rho_rizk2023_fit_cap"": 3773456229588734.5, ""rho_max"": 1000000000000000.0, ""rho_fab_base"": 30000000000000.0, ""first_gas_pressure_factor"": 0.30804732549042924}",0.0,74.69730166831806,4.422164445392059,0.11112531410327506,0.04804847502261281,0.3681859902943913,0.5401766228707402,COMPLETE
230,908.3683048271852,10.300204499086114,5.656626336622701,348050.36004547845,3.138745755910836e-08,0.12973732930653395,3793660032890837.0,0.028059968090862236,fig410,0.12973732930653395,20728.963732299733,0.0,0.8646696327446858,17327233821196.81,"{""rho_mode"": ""rizk2023_fit"", ""rho_rizk2023_fit_variant"": ""fig410"", ""rho_rizk2023_fit_scale"": 0.028059968090862236, ""rho_rizk2023_fit_cap"": 3793660032890837.0, ""rho_max"": 1000000000000000.0, ""rho_fab_base"": 30000000000000.0, ""first_gas_pressure_factor"": 0.12973732930653395}",0.0,177.06654846907472,4.504813426004192,0.17785337607296284,0.1302838697273373,0.26038620189791384,0.2270286979475818,COMPLETE
231,57.31345593626621,4.582509758449266,1.346203665727053,675197.6670553917,8.332163995200694e-07,0.8559524295831002,3205877998627229.0,0.023675531960120295,normal,0.8559524295831002,193.17600990523036,0.0,0.2870923831749914,7.582574448406378e+17,"{""rho_mode"": ""rizk2023_fit"", ""rho_rizk2023_fit_variant"": ""normal"", ""rho_rizk2023_fit_scale"": 0.023675531960120295, ""rho_rizk2023_fit_cap"": 3205877998627229.0, ""rho_max"": 1000000000000000.0, ""rho_fab_base"": 30000000000000.0, ""first_gas_pressure_factor"": 0.8559524295831002}",0.0,0.0,6.340850207468356,0.002672027595114043,0.31659842128456817,1.3199219867401721,2.3918409129255416,COMPLETE
232,262.8772795057786,15.031015731131287,1.2632682625993759,589079.5858711282,4.331463795451944e-07,0.16966502142976694,2683289106431004.0,0.056952267009771504,fig410,0.16966502142976694,12196.566959833915,0.0,0.861461685801095,84121397171990.38,"{""rho_mode"": ""rizk2023_fit"", ""rho_rizk2023_fit_variant"": ""fig410"", ""rho_rizk2023_fit_scale"": 0.056952267009771504, ""rho_rizk2023_fit_cap"": 2683289106431004.0, ""rho_max"": 1000000000000000.0, ""rho_fab_base"": 30000000000000.0, ""first_gas_pressure_factor"": 0.16966502142976694}",0.0,48.74512425479954,4.656378773173549,0.17986376192826412,0.005047226582520877,0.2341931628268292,0.16737809631975503,COMPLETE
233,99.74943900419292,12.95086853714985,2.7583463230415597,306634.12634057965,1.2995615730935966e-07,0.3996584350136345,1795194890330480.8,0.020859923889667863,shifted,0.3996584350136345,7114.533756122801,0.0,0.8222890741916471,368591755772093.0,"{""rho_mode"": ""rizk2023_fit"", ""rho_rizk2023_fit_variant"": ""shifted"", ""rho_rizk2023_fit_scale"": 0.020859923889667863, ""rho_rizk2023_fit_cap"": 1795194890330480.8, ""rho_max"": 1000000000000000.0, ""rho_fab_base"": 30000000000000.0, ""first_gas_pressure_factor"": 0.3996584350136345}",0.0,15.186251260495256,4.518778147493899,0.09143981486788602,0.11407711246047142,0.30691798422415273,0.6097353860698518,COMPLETE
234,2169.828897199712,7.204604211300914,5.032481511889393,804589.0177833723,4.9129891415725695e-08,0.18904791292431433,2657514883968339.5,0.10854306993280761,fig410,0.18904791292431433,33588.634749919736,0.0,0.8899541130447338,4440554237863.622,"{""rho_mode"": ""rizk2023_fit"", ""rho_rizk2023_fit_variant"": ""fig410"", ""rho_rizk2023_fit_scale"": 0.10854306993280761, ""rho_rizk2023_fit_cap"": 2657514883968339.5, ""rho_max"": 1000000000000000.0, ""rho_fab_base"": 30000000000000.0, ""first_gas_pressure_factor"": 0.18904791292431433}",0.3440079234188527,427.93759075099683,6.302877222591174,0.24913861373831028,0.043980474407834445,0.46969079671949315,0.09793903488194565,COMPLETE
235,28.097107990985656,4.100935555201433,3.9348699738656783,226061.44023303027,3.06947107127102e-08,0.4471625958245599,1272307728678156.0,0.029633046590869145,shifted,0.4471625958245599,606.1819468321593,0.0,0.5209292167081188,1.515090390714448e+17,"{""rho_mode"": ""rizk2023_fit"", ""rho_rizk2023_fit_variant"": ""shifted"", ""rho_rizk2023_fit_scale"": 0.029633046590869145, ""rho_rizk2023_fit_cap"": 1272307728678156.0, ""rho_max"": 1000000000000000.0, ""rho_fab_base"": 30000000000000.0, ""first_gas_pressure_factor"": 0.4471625958245599}",0.0,0.0,5.260950450330667,0.03454461035258968,0.049732165514853495,0.4876179402862488,1.0353882584704845,COMPLETE
236,136.01061928733975,2.556169996230224,1.248504772201546,328674.0247249311,3.549226730199358e-08,0.1926477576849232,1585681622565393.0,0.10404027468659202,normal,0.1926477576849232,9039.693594565466,0.0,0.8544190376223221,201587226566412.84,"{""rho_mode"": ""rizk2023_fit"", ""rho_rizk2023_fit_variant"": ""normal"", ""rho_rizk2023_fit_scale"": 0.10404027468659202, ""rho_rizk2023_fit_cap"": 1585681622565393.0, ""rho_max"": 1000000000000000.0, ""rho_fab_base"": 30000000000000.0, ""first_gas_pressure_factor"": 0.1926477576849232}",0.0,22.91146867439302,4.589371555514518,0.10479810576044565,0.03915788914268291,0.29684631007946133,0.4687002672009448,COMPLETE
237,106.15151110243156,4.176979030325683,1.5948570096031882,266665.2584158918,5.1536321469285924e-08,0.595035800542115,2191807304829049.8,0.051035015075634904,normal,0.595035800542115,7961.0926022954745,0.0,0.8409284513776251,281365278522006.4,"{""rho_mode"": ""rizk2023_fit"", ""rho_rizk2023_fit_variant"": ""normal"", ""rho_rizk2023_fit_scale"": 0.051035015075634904, ""rho_rizk2023_fit_cap"": 2191807304829049.8, ""rho_max"": 1000000000000000.0, ""rho_fab_base"": 30000000000000.0, ""first_gas_pressure_factor"": 0.595035800542115}",0.0,17.139216679857316,4.3540402196686845,0.0943117383570358,0.008420977960116746,0.32155885382866994,0.615188890404984,COMPLETE
238,135.20073473179704,5.827859339723221,1.4936727611224274,147748.33156235554,9.403758061994828e-08,0.21749965221636114,1317270027008223.2,0.06387765895400024,shifted,0.21749965221636114,8396.069277388786,0.0,0.8345922560822244,234480322498994.44,"{""rho_mode"": ""rizk2023_fit"", ""rho_rizk2023_fit_variant"": ""shifted"", ""rho_rizk2023_fit_scale"": 0.06387765895400024, ""rho_rizk2023_fit_cap"": 1317270027008223.2, ""rho_max"": 1000000000000000.0, ""rho_fab_base"": 30000000000000.0, ""first_gas_pressure_factor"": 0.21749965221636114}",0.0,23.007972950929652,4.22312680525524,0.17123658043972867,0.12492763660442391,0.16469190360792724,0.27858581065206,COMPLETE
239,245.02121079234448,4.0875866254609905,3.4095553061379977,229208.84386506217,5.0719439509534704e-08,0.8728098123041138,3394333088856189.5,0.04658289783770518,normal,0.8728098123041138,11677.846046300841,0.0,0.8505528850708911,92241662205152.4,"{""rho_mode"": ""rizk2023_fit"", ""rho_rizk2023_fit_variant"": ""normal"", ""rho_rizk2023_fit_scale"": 0.04658289783770518, ""rho_rizk2023_fit_cap"": 3394333088856189.5, ""rho_max"": 1000000000000000.0, ""rho_fab_base"": 30000000000000.0, ""first_gas_pressure_factor"": 0.8728098123041138}",0.0,44.60224596646099,4.453865614249559,0.08944358120355632,0.02775491252767181,0.3538026265188391,0.6502406298803406,COMPLETE
240,31.338846457192112,10.268492319393749,1.047684792572569,435813.0003012117,4.4258024810049547e-07,0.8474125162230615,3819699004306331.5,0.02215600931115064,shifted,0.8474125162230615,396.2212884119212,0.0,0.4294817503992069,2.7906983352716614e+17,"{""rho_mode"": ""rizk2023_fit"", ""rho_rizk2023_fit_variant"": ""shifted"", ""rho_rizk2023_fit_scale"": 0.02215600931115064, ""rho_rizk2023_fit_cap"": 3819699004306331.5, ""rho_max"": 1000000000000000.0, ""rho_fab_base"": 30000000000000.0, ""first_gas_pressure_factor"": 0.8474125162230615}",0.0,0.0,5.447445035655165,0.042895194896129626,0.0135009701290087,0.6626312269541622,1.2959625123769807,COMPLETE
241,27.699297806524402,6.630885924690395,3.1050503413655353,220106.88000477664,7.020062435276246e-07,0.8035581354880341,3905830279141773.5,0.039669527429040154,shifted,0.8035581354880341,513.4441295651816,0.0,0.49833418551049813,2.1591861699169184e+17,"{""rho_mode"": ""rizk2023_fit"", ""rho_rizk2023_fit_variant"": ""shifted"", ""rho_rizk2023_fit_scale"": 0.039669527429040154, ""rho_rizk2023_fit_cap"": 3905830279141773.5, ""rho_max"": 1000000000000000.0, ""rho_fab_base"": 30000000000000.0, ""first_gas_pressure_factor"": 0.8035581354880341}",0.0,0.0,5.210914147084904,0.032390640802425937,0.02215972219727745,0.5138755230869336,1.0918625968102684,COMPLETE
242,58.38053357836696,2.352719661693652,2.2726677752325326,418484.22630492813,1.8663898911022336e-07,0.8154467595488668,3407938839666347.0,0.02319940316198092,shifted,0.8154467595488668,223.0427640885657,0.0,0.26528062324867263,3.487394049329356e+17,"{""rho_mode"": ""rizk2023_fit"", ""rho_rizk2023_fit_variant"": ""shifted"", ""rho_rizk2023_fit_scale"": 0.02319940316198092, ""rho_rizk2023_fit_cap"": 3407938839666347.0, ""rho_max"": 1000000000000000.0, ""rho_fab_base"": 30000000000000.0, ""first_gas_pressure_factor"": 0.8154467595488668}",0.0,0.0,6.373560675370379,0.0011545620792702846,0.22714256666686264,1.493406832221729,2.5762833457360896,COMPLETE
243,32.62662580413887,8.66118024968784,2.7204003350548738,601818.3137403793,2.4464619276460067e-07,0.5293548265563965,3187442660151683.0,0.022723198904383148,shifted,0.5293548265563965,319.7453234563499,0.0,0.3990324099393122,4.1831436317728416e+17,"{""rho_mode"": ""rizk2023_fit"", ""rho_rizk2023_fit_variant"": ""shifted"", ""rho_rizk2023_fit_scale"": 0.022723198904383148, ""rho_rizk2023_fit_cap"": 3187442660151683.0, ""rho_max"": 1000000000000000.0, ""rho_fab_base"": 30000000000000.0, ""first_gas_pressure_factor"": 0.5293548265563965}",0.0,0.0,5.376751063101527,0.016020921505278223,0.05312597900026307,0.6724838790399393,1.436894742522326,COMPLETE
244,1790.9775005156323,6.8397422394622955,10.351134277132266,1453766.3367585007,1.0463594860589435e-07,0.31586807233315306,3832680292839806.5,0.06443527887928761,normal,0.31586807233315306,32187.224723720123,0.0,0.8930497175521228,5099031637002.923,"{""rho_mode"": ""rizk2023_fit"", ""rho_rizk2023_fit_variant"": ""normal"", ""rho_rizk2023_fit_scale"": 0.06443527887928761, ""rho_rizk2023_fit_cap"": 3832680292839806.5, ""rho_max"": 1000000000000000.0, ""rho_fab_base"": 30000000000000.0, ""first_gas_pressure_factor"": 0.31586807233315306}",0.0,351.46625615520117,4.372017944981681,0.08789569319595546,0.27045215270633816,0.5785072180757693,0.7585612687799812,COMPLETE
245,28.85708928454938,3.304693878492326,1.3203510133230079,617117.4845890909,6.739132656124189e-08,0.12197493404008519,3069110088719034.5,0.060310720262661335,fig410,0.12197493404008519,312.396315723116,0.0,0.5058648462038184,1.0136713722190044e+18,"{""rho_mode"": ""rizk2023_fit"", ""rho_rizk2023_fit_variant"": ""fig410"", ""rho_rizk2023_fit_scale"": 0.060310720262661335, ""rho_rizk2023_fit_cap"": 3069110088719034.5, ""rho_max"": 1000000000000000.0, ""rho_fab_base"": 30000000000000.0, ""first_gas_pressure_factor"": 0.12197493404008519}",0.0,0.0,4.255127414533112,0.022422725929738048,0.17766268861094903,0.4794755077183271,1.1498935023252943,COMPLETE
246,34.170715244260016,9.228904176043784,6.569056500228979,552970.8781349149,3.3243731428384024e-07,0.8667100474245354,3790692406705320.0,0.020086880412268845,shifted,0.8667100474245354,326.1906311388179,0.0,0.38392205852452116,3.483457121197804e+17,"{""rho_mode"": ""rizk2023_fit"", ""rho_rizk2023_fit_variant"": ""shifted"", ""rho_rizk2023_fit_scale"": 0.020086880412268845, ""rho_rizk2023_fit_cap"": 3790692406705320.0, ""rho_max"": 1000000000000000.0, ""rho_fab_base"": 30000000000000.0, ""first_gas_pressure_factor"": 0.8667100474245354}",0.0,0.0,5.625769855446009,0.007509753559238882,0.050094675570022756,0.7127451853473339,1.528151950315387,COMPLETE
247,904.5009559465171,22.195997983480332,1.9273311006712432,563016.0305263887,3.071865184980046e-07,0.9992056893767977,3817470757497074.5,0.10085689845689193,shifted,0.9992056893767977,21943.220582720453,0.0,0.8760077166732815,15189171288986.28,"{""rho_mode"": ""rizk2023_fit"", ""rho_rizk2023_fit_variant"": ""shifted"", ""rho_rizk2023_fit_scale"": 0.10085689845689193, ""rho_rizk2023_fit_cap"": 3817470757497074.5, ""rho_max"": 1000000000000000.0, ""rho_fab_base"": 30000000000000.0, ""first_gas_pressure_factor"": 0.9992056893767977}",0.10141912874984838,174.63447525445164,6.442206540589237,0.2944807105630266,0.04397183504400009,0.5003049864315682,0.33151499760182046,COMPLETE
248,76.07146416411967,20.100013332570022,1.1106107121159747,643646.5451318538,5.869498636382092e-07,0.43386643273715825,2765700135471430.5,0.024674585415431816,fig410,0.43386643273715825,6865.64994198835,0.0,0.8366020396647,431939756279274.7,"{""rho_mode"": ""rizk2023_fit"", ""rho_rizk2023_fit_variant"": ""fig410"", ""rho_rizk2023_fit_scale"": 0.024674585415431816, ""rho_rizk2023_fit_cap"": 2765700135471430.5, ""rho_max"": 1000000000000000.0, ""rho_fab_base"": 30000000000000.0, ""first_gas_pressure_factor"": 0.43386643273715825}",0.0,11.51703118284649,3.994721396564543,0.10237695250301734,0.005728197936574492,0.2799188521222278,0.629544127148798,COMPLETE
249,27.992874082078394,8.410296795331755,2.4486496999829024,210927.25949920723,2.4755569901959086e-07,0.17385113847984673,2098281693652188.0,0.031201097195808013,shifted,0.17385113847984673,2542.4532700052187,0.0,0.7637660252156881,6471924756542716.0,"{""rho_mode"": ""rizk2023_fit"", ""rho_rizk2023_fit_variant"": ""shifted"", ""rho_rizk2023_fit_scale"": 0.031201097195808013, ""rho_rizk2023_fit_cap"": 2098281693652188.0, ""rho_max"": 1000000000000000.0, ""rho_fab_base"": 30000000000000.0, ""first_gas_pressure_factor"": 0.17385113847984673}",0.0,0.6805211934757611,4.707505384306125,0.0659967095398879,0.08179994686588553,0.3604434293578929,0.7388882591068993,COMPLETE
250,331.19457693957366,8.255305545244175,2.114463586534023,325562.20506004686,5.134894643069248e-07,0.4904747783938578,3774568245631715.5,0.09211096996239466,shifted,0.4904747783938578,13109.222199083808,0.0,0.8602345940374648,67457668552265.22,"{""rho_mode"": ""rizk2023_fit"", ""rho_rizk2023_fit_variant"": ""shifted"", ""rho_rizk2023_fit_scale"": 0.09211096996239466, ""rho_rizk2023_fit_cap"": 3774568245631715.5, ""rho_max"": 1000000000000000.0, ""rho_fab_base"": 30000000000000.0, ""first_gas_pressure_factor"": 0.4904747783938578}",0.0,62.56388333262517,4.278143503801212,0.15731931020256226,0.004812756534665164,0.2512181115107228,0.2146655285872407,COMPLETE
251,1884.3820265660004,5.330493657076805,3.7501193979477816,380265.743672491,1.244241067489486e-07,0.5984118009360736,3026413759126365.5,0.19457416356541443,normal,0.5984118009360736,31335.177808337023,0.0,0.8873661562610896,5421550197347.182,"{""rho_mode"": ""rizk2023_fit"", ""rho_rizk2023_fit_variant"": ""normal"", ""rho_rizk2023_fit_scale"": 0.19457416356541443, ""rho_rizk2023_fit_cap"": 3026413759126365.5, ""rho_max"": 1000000000000000.0, ""rho_fab_base"": 30000000000000.0, ""first_gas_pressure_factor"": 0.5984118009360736}",0.4017747759709131,370.79069243053544,6.39915731912812,0.28063225586654295,0.01754622286099796,0.5005662273532039,0.2118615791926609,COMPLETE
252,1075.931568431778,23.13888071496356,3.4275209578540027,298297.90449191944,2.619914529141727e-07,0.6041379522520548,2337406052384759.5,0.05108886922525382,shifted,0.6041379522520548,22632.650514370504,0.0,0.8676367958334125,13449899042960.887,"{""rho_mode"": ""rizk2023_fit"", ""rho_rizk2023_fit_variant"": ""shifted"", ""rho_rizk2023_fit_scale"": 0.05108886922525382, ""rho_rizk2023_fit_cap"": 2337406052384759.5, ""rho_max"": 1000000000000000.0, ""rho_fab_base"": 30000000000000.0, ""first_gas_pressure_factor"": 0.6041379522520548}",0.08239715203518817,208.87294070816728,5.685067568278569,0.3109690565149285,0.21123073884093355,0.3837711854560226,0.14714867922483335,COMPLETE
253,27.644817849271863,7.235243405247946,4.015974642362506,1011496.156487227,6.865966455487778e-08,0.14373223907582391,3858507832596689.5,0.0364202070241732,fig410,0.14373223907582391,326.48373068868267,0.0,0.5176461160558191,9.515369049191096e+17,"{""rho_mode"": ""rizk2023_fit"", ""rho_rizk2023_fit_variant"": ""fig410"", ""rho_rizk2023_fit_scale"": 0.0364202070241732, ""rho_rizk2023_fit_cap"": 3858507832596689.5, ""rho_max"": 1000000000000000.0, ""rho_fab_base"": 30000000000000.0, ""first_gas_pressure_factor"": 0.14373223907582391}",0.0,0.0,4.3944613457662225,0.014406469346875886,0.1278649616240344,0.48158031194787865,0.9794722549477142,COMPLETE
254,192.8311585442196,9.00126179107043,1.4694239784346457,397620.1503718396,2.0357903218895673e-07,0.721618001805508,2187087411280705.5,0.0686807805537777,shifted,0.721618001805508,10308.362071399824,0.0,0.8527714885258343,135157581837196.56,"{""rho_mode"": ""rizk2023_fit"", ""rho_rizk2023_fit_variant"": ""shifted"", ""rho_rizk2023_fit_scale"": 0.0686807805537777, ""rho_rizk2023_fit_cap"": 2187087411280705.5, ""rho_max"": 1000000000000000.0, ""rho_fab_base"": 30000000000000.0, ""first_gas_pressure_factor"": 0.721618001805508}",0.0,35.01603261882566,4.300183578017756,0.15136301082387646,0.005274311122587162,0.21539110827180089,0.23303020610051872,COMPLETE
