number,value,params_Dg_dislocation_scale,params_Dv_dislocation_scale,params_K_d,params_f_n,params_first_gas_pressure_factor,params_rho_rizk2023_fit_cap,params_rho_rizk2023_fit_scale,params_rho_rizk2023_fit_variant,user_attrs_first_gas_pressure_factor,user_attrs_max_Rd_nm,user_attrs_max_f_cap_step,user_attrs_max_psi_d,user_attrs_min_Nd,user_attrs_rho_cfg,user_attrs_score_Nd_drop,user_attrs_score_guards,user_attrs_score_partition,user_attrs_score_pressure,user_attrs_score_radius_T,user_attrs_score_swelling_T,user_attrs_score_swelling_burnup,state
255,138.4195223924001,17.683530960123875,2.3795862241368995,376000.6395013236,4.188257317701688e-07,0.5873569190900905,3662169432971421.5,0.0246869049646406,shifted,0.5873569190900905,8499.347982871395,0.0,0.8345559687871987,226006516573179.2,"{""rho_mode"": ""rizk2023_fit"", ""rho_rizk2023_fit_variant"": ""shifted"", ""rho_rizk2023_fit_scale"": 0.0246869049646406, ""rho_rizk2023_fit_cap"": 3662169432971421.5, ""rho_max"": 1000000000000000.0, ""rho_fab_base"": 30000000000000.0, ""first_gas_pressure_factor"": 0.5873569190900905}",0.0,23.543671818895714,4.208530996630977,0.107823764781335,0.06621078924825682,0.2731556703320076,0.5183094591593941,COMPLETE
256,47.95015690826288,3.7955414378282972,1.4966114115583569,978164.1646558851,7.75369978439522e-07,0.32753994115258267,3584407188409450.0,0.07164453042701747,shifted,0.32753994115258267,160.77295407340634,0.0,0.3557714986111231,2.2942000965969213e+18,"{""rho_mode"": ""rizk2023_fit"", ""rho_rizk2023_fit_variant"": ""shifted"", ""rho_rizk2023_fit_scale"": 0.07164453042701747, ""rho_rizk2023_fit_cap"": 3584407188409450.0, ""rho_max"": 1000000000000000.0, ""rho_fab_base"": 30000000000000.0, ""first_gas_pressure_factor"": 0.32753994115258267}",0.0,0.0,4.982130968277212,0.0029018191427763068,0.481441435160064,0.8374716193290309,1.808186742905929,COMPLETE
257,33.97784347685206,4.66092964997209,2.1300956797509105,1145887.4978254384,4.254046935378239e-08,0.3990332690920949,2281525131953531.5,0.03688423338901861,fig410,0.3990332690920949,240.29376272383766,0.0,0.4392444963410102,1.4581522835983163e+18,"{""rho_mode"": ""rizk2023_fit"", ""rho_rizk2023_fit_variant"": ""fig410"", ""rho_rizk2023_fit_scale"": 0.03688423338901861, ""rho_rizk2023_fit_cap"": 2281525131953531.5, ""rho_max"": 1000000000000000.0, ""rho_fab_base"": 30000000000000.0, ""first_gas_pressure_factor"": 0.3990332690920949}",0.0,0.0,4.5846087783534015,0.009945505247911378,0.2487446415082474,0.5705121371444267,1.341489648407984,COMPLETE
258,217.5175187102123,4.77874167678106,1.693537621528,207484.45566932292,4.00641590567444e-07,0.9968776153170109,3650144585339624.5,0.13080652666587902,shifted,0.9968776153170109,10805.453433070257,0.0,0.854114800290121,117904707435713.84,"{""rho_mode"": ""rizk2023_fit"", ""rho_rizk2023_fit_variant"": ""shifted"", ""rho_rizk2023_fit_scale"": 0.13080652666587902, ""rho_rizk2023_fit_cap"": 3650144585339624.5, ""rho_max"": 1000000000000000.0, ""rho_fab_base"": 30000000000000.0, ""first_gas_pressure_factor"": 0.9968776153170109}",0.0,39.94089871870936,4.233055504560104,0.14613195941915896,0.005098833731699328,0.2283856613957041,0.24704840370094922,COMPLETE
259,30.552396571428783,1.0801654465599306,1.2420386182840655,170550.06583522807,4.1430515880076354e-08,0.5480366160043362,2401886181563646.0,0.09062450398870056,fig410,0.5480366160043362,362.37227799191754,0.0,0.4625313422019718,4.964436876949297e+17,"{""rho_mode"": ""rizk2023_fit"", ""rho_rizk2023_fit_variant"": ""fig410"", ""rho_rizk2023_fit_scale"": 0.09062450398870056, ""rho_rizk2023_fit_cap"": 2401886181563646.0, ""rho_max"": 1000000000000000.0, ""rho_fab_base"": 30000000000000.0, ""first_gas_pressure_factor"": 0.5480366160043362}",0.0,0.0,4.908335698642678,0.026247842719927736,0.07194959281179902,0.6120773597783209,1.4011066528604328,COMPLETE
260,1857.393386655634,16.816233799684447,5.0210462796841355,279597.3185278302,3.0291964075098e-08,0.42963297878838,1476135896076920.0,0.03669498641059436,normal,0.42963297878838,29756.34877452909,0.0,0.8730650224674886,6029929544992.101,"{""rho_mode"": ""rizk2023_fit"", ""rho_rizk2023_fit_variant"": ""normal"", ""rho_rizk2023_fit_scale"": 0.03669498641059436, ""rho_rizk2023_fit_cap"": 1476135896076920.0, ""rho_max"": 1000000000000000.0, ""rho_fab_base"": 30000000000000.0, ""first_gas_pressure_factor"": 0.42963297878838}",0.4409007473325565,364.1431963619662,6.220839073028758,0.3538620428620351,0.2999828655333657,0.41300609745503875,0.18096729508678877,COMPLETE
261,37.311500381527544,3.8844001488910798,3.3771575398981053,988997.4608687366,3.487917190259737e-07,0.32732583131526904,1302172394149314.2,0.08322903455426008,fig410,0.32732583131526904,200.0520587601389,0.0,0.45122829866789194,2.7394999752234604e+18,"{""rho_mode"": ""rizk2023_fit"", ""rho_rizk2023_fit_variant"": ""fig410"", ""rho_rizk2023_fit_scale"": 0.08322903455426008, ""rho_rizk2023_fit_cap"": 1302172394149314.2, ""rho_max"": 1000000000000000.0, ""rho_fab_base"": 30000000000000.0, ""first_gas_pressure_factor"": 0.32732583131526904}",0.0,0.0,4.033550738888417,0.004097671796076062,0.39146550799515495,0.6065985611738164,1.3308140297352389,COMPLETE
262,26.76554664241646,4.989785583533008,1.822803151347048,231409.92907272917,7.964620448381525e-08,0.5259946079527811,1266375211593384.5,0.03261015926075299,shifted,0.5259946079527811,599.8166858930058,0.0,0.529209412306628,1.6396020068257635e+17,"{""rho_mode"": ""rizk2023_fit"", ""rho_rizk2023_fit_variant"": ""shifted"", ""rho_rizk2023_fit_scale"": 0.03261015926075299, ""rho_rizk2023_fit_cap"": 1266375211593384.5, ""rho_max"": 1000000000000000.0, ""rho_fab_base"": 30000000000000.0, ""first_gas_pressure_factor"": 0.5259946079527811}",0.0,0.0,5.011817202988779,0.05064239664866644,0.026851944475756166,0.49337709776812005,1.0063523471663713,COMPLETE
263,547.5315581261902,4.590324609666785,3.1689249575064227,932743.2578499872,3.894766183601617e-07,0.9364204081588151,3207410207356773.0,0.18022359420296757,shifted,0.9364204081588151,17769.208854648117,0.0,0.8812410827257182,29119996669305.64,"{""rho_mode"": ""rizk2023_fit"", ""rho_rizk2023_fit_variant"": ""shifted"", ""rho_rizk2023_fit_scale"": 0.18022359420296757, ""rho_rizk2023_fit_cap"": 3207410207356773.0, ""rho_max"": 1000000000000000.0, ""rho_fab_base"": 30000000000000.0, ""first_gas_pressure_factor"": 0.9364204081588151}",0.0,102.6798243111387,4.773572988738238,0.09816361921801214,0.33658508270632753,0.4555792999828614,0.5044155042169578,COMPLETE
264,36.06036444820508,9.435777795166066,1.579342613018305,1278800.915535719,1.9523827514692912e-07,0.3316477129466796,3933712319020040.5,0.023322245799378537,fig410,0.3316477129466796,218.13293913118738,0.0,0.3738163250089048,1.2014962737564572e+18,"{""rho_mode"": ""rizk2023_fit"", ""rho_rizk2023_fit_variant"": ""fig410"", ""rho_rizk2023_fit_scale"": 0.023322245799378537, ""rho_rizk2023_fit_cap"": 3933712319020040.5, ""rho_max"": 1000000000000000.0, ""rho_fab_base"": 30000000000000.0, ""first_gas_pressure_factor"": 0.3316477129466796}",0.0,0.0,5.053894577014447,0.012133433550884335,0.2184345218624927,0.6415066438123578,1.503378751488913,COMPLETE
265,46.473602805291726,7.2619708547777835,2.7001855477662335,973863.0911288566,5.287121436931792e-07,0.10868499537571825,1394985637422287.5,0.02120974533840359,fig410,0.10868499537571825,200.13450672870624,0.0,0.3132806662033287,9.156853084337e+17,"{""rho_mode"": ""rizk2023_fit"", ""rho_rizk2023_fit_variant"": ""fig410"", ""rho_rizk2023_fit_scale"": 0.02120974533840359, ""rho_rizk2023_fit_cap"": 1394985637422287.5, ""rho_max"": 1000000000000000.0, ""rho_fab_base"": 30000000000000.0, ""first_gas_pressure_factor"": 0.10868499537571825}",0.0,0.0,5.879173182769944,0.0025077741396052804,0.26233059354986427,0.9465122420955371,2.033412834435622,COMPLETE
266,30.281821828811157,6.13561064412375,7.875201528324609,603582.7951393991,1.694994342839257e-07,0.5300990646148299,3542254601718972.5,0.031427600527867174,fig410,0.5300990646148299,310.93205819636535,0.0,0.43641462572304407,6.601046259179729e+17,"{""rho_mode"": ""rizk2023_fit"", ""rho_rizk2023_fit_variant"": ""fig410"", ""rho_rizk2023_fit_scale"": 0.031427600527867174, ""rho_rizk2023_fit_cap"": 3542254601718972.5, ""rho_max"": 1000000000000000.0, ""rho_fab_base"": 30000000000000.0, ""first_gas_pressure_factor"": 0.5300990646148299}",0.0,0.0,4.845153469063552,0.006322992309002246,0.08979185114101668,0.5860072792840147,1.3261373094007025,COMPLETE
267,41.57735907088939,1.5641672559035715,1.2897851069513429,357274.0144992368,4.831709537473645e-08,0.2822012802320756,2533769222725081.5,0.05654872682879225,shifted,0.2822012802320756,262.0127993217621,0.0,0.3779126589811905,6.396037013172837e+17,"{""rho_mode"": ""rizk2023_fit"", ""rho_rizk2023_fit_variant"": ""shifted"", ""rho_rizk2023_fit_scale"": 0.05654872682879225, ""rho_rizk2023_fit_cap"": 2533769222725081.5, ""rho_max"": 1000000000000000.0, ""rho_fab_base"": 30000000000000.0, ""first_gas_pressure_factor"": 0.2822012802320756}",0.0,0.0,5.333265939110128,0.010324665162713659,0.1934694589249965,0.8979480117301349,1.804192586043701,COMPLETE
268,67.68780014211524,2.1559356321685885,1.12235121811765,303533.2743807083,1.783901901029466e-07,0.2984806141760932,1182593475773616.2,0.14284947321088837,fig410,0.2984806141760932,6262.464105128384,0.0,0.8447977556966854,586048955384502.5,"{""rho_mode"": ""rizk2023_fit"", ""rho_rizk2023_fit_variant"": ""fig410"", ""rho_rizk2023_fit_scale"": 0.14284947321088837, ""rho_rizk2023_fit_cap"": 1182593475773616.2, ""rho_max"": 1000000000000000.0, ""rho_fab_base"": 30000000000000.0, ""first_gas_pressure_factor"": 0.2984806141760932}",0.0,8.671886731509456,3.976614514026636,0.05608668934257077,0.13448754767017235,0.3745232018339936,0.8173457863604233,COMPLETE
269,23.20525591624777,7.506746834376195,1.6029730394102806,403503.28446291445,1.681088582661348e-07,0.43764100187438865,1409825316102345.8,0.03634541662179257,shifted,0.43764100187438865,556.3210517349398,0.0,0.568500164998153,2.547573324510993e+17,"{""rho_mode"": ""rizk2023_fit"", ""rho_rizk2023_fit_variant"": ""shifted"", ""rho_rizk2023_fit_scale"": 0.03634541662179257, ""rho_rizk2023_fit_cap"": 1409825316102345.8, ""rho_max"": 1000000000000000.0, ""rho_fab_base"": 30000000000000.0, ""first_gas_pressure_factor"": 0.43764100187438865}",0.0,0.0,4.583994101411913,0.04737702080206291,0.009833590025183853,0.4115745906501428,0.8793970774515936,COMPLETE
270,251.29891285864215,5.327901365141795,1.9443251217425166,238078.14208541764,6.093392196847058e-08,0.5396434765102873,1010810138842035.9,0.07926162805056786,shifted,0.5396434765102873,11466.96393924229,0.0,0.8523357829171754,98038851459134.23,"{""rho_mode"": ""rizk2023_fit"", ""rho_rizk2023_fit_variant"": ""shifted"", ""rho_rizk2023_fit_scale"": 0.07926162805056786, ""rho_rizk2023_fit_cap"": 1010810138842035.9, ""rho_max"": 1000000000000000.0, ""rho_fab_base"": 30000000000000.0, ""first_gas_pressure_factor"": 0.5396434765102873}",0.0,46.430267885619635,4.554248088819132,0.1632975212072455,0.03591734780655198,0.20287714084578123,0.18646839176716465,COMPLETE
271,7830.9572492163625,2.4767679350256686,19.26062660315233,198806.8942962361,8.627557216750972e-08,0.778142710370949,1185712616049024.8,0.20900522470437963,fig410,0.778142710370949,59396.53143011881,0.0,0.8970545066912048,822402903544.3143,"{""rho_mode"": ""rizk2023_fit"", ""rho_rizk2023_fit_variant"": ""fig410"", ""rho_rizk2023_fit_scale"": 0.20900522470437963, ""rho_rizk2023_fit_cap"": 1185712616049024.8, ""rho_max"": 1000000000000000.0, ""rho_fab_base"": 30000000000000.0, ""first_gas_pressure_factor"": 0.778142710370949}",1.313821853830223,1560.4030778189722,5.561651664000516,0.3070929717140014,0.010617556757292448,0.5433252028424099,0.10787047130434185,COMPLETE
272,601.7628562768972,11.098653854755247,3.995018041128752,125057.03365131756,2.493296225427917e-07,0.5517174089356918,1389782534160644.5,0.03619978697088302,normal,0.5517174089356918,16809.432703451806,0.0,0.8530888312499074,31205776142887.355,"{""rho_mode"": ""rizk2023_fit"", ""rho_rizk2023_fit_variant"": ""normal"", ""rho_rizk2023_fit_scale"": 0.03619978697088302, ""rho_rizk2023_fit_cap"": 1389782534160644.5, ""rho_max"": 1000000000000000.0, ""rho_fab_base"": 30000000000000.0, ""first_gas_pressure_factor"": 0.5517174089356918}",0.0,115.19295014137879,4.018973901211257,0.21460643713543368,0.3260036275689555,0.17857447873863946,0.17497902739259888,COMPLETE
273,27.59608839121321,5.98542832859084,1.1347251206597695,437794.80150261865,1.1433813317249865e-07,0.4368421539478383,1631634496008378.0,0.03295741303665208,shifted,0.4368421539478383,400.8185114826142,0.0,0.4741607348873096,3.777274610968998e+17,"{""rho_mode"": ""rizk2023_fit"", ""rho_rizk2023_fit_variant"": ""shifted"", ""rho_rizk2023_fit_scale"": 0.03295741303665208, ""rho_rizk2023_fit_cap"": 1631634496008378.0, ""rho_max"": 1000000000000000.0, ""rho_fab_base"": 30000000000000.0, ""first_gas_pressure_factor"": 0.4368421539478383}",0.0,0.0,4.89310346084721,0.04072436475956604,0.02486467309999892,0.5488545854909934,1.1530217410921808,COMPLETE
274,112.07540412684,4.961934107384386,1.0187565291689475,238374.24308633816,1.0148447435380895e-07,0.12925417415072488,2022170774336632.8,0.0755216330314374,fig410,0.12925417415072488,8154.911468977429,0.0,0.8441461963873673,264793086937878.9,"{""rho_mode"": ""rizk2023_fit"", ""rho_rizk2023_fit_variant"": ""fig410"", ""rho_rizk2023_fit_scale"": 0.0755216330314374, ""rho_rizk2023_fit_cap"": 2022170774336632.8, ""rho_max"": 1000000000000000.0, ""rho_fab_base"": 30000000000000.0, ""first_gas_pressure_factor"": 0.12925417415072488}",0.0,18.972778108911076,4.223092370029098,0.15041066794441593,0.011289351626718689,0.18635599784076223,0.3260252986361078,COMPLETE
275,28.4139219824532,10.934715770906813,1.500534294398566,476061.29432754434,2.42734374539525e-07,0.5489836177191655,1274806979468113.2,0.020758736726541892,shifted,0.5489836177191655,427.9648973857964,0.0,0.45568266475325153,2.7058438912138848e+17,"{""rho_mode"": ""rizk2023_fit"", ""rho_rizk2023_fit_variant"": ""shifted"", ""rho_rizk2023_fit_scale"": 0.020758736726541892, ""rho_rizk2023_fit_cap"": 1274806979468113.2, ""rho_max"": 1000000000000000.0, ""rho_fab_base"": 30000000000000.0, ""first_gas_pressure_factor"": 0.5489836177191655}",0.0,0.0,5.21130478823908,0.04194727971961124,0.011367335140719132,0.5620943518099965,1.1551532475948434,COMPLETE
276,38.28673116791626,4.4112368984168135,1.9222233830643158,193910.4201934592,2.525398538432017e-07,0.30702969351779935,1474302324831549.2,0.02479759422992132,shifted,0.30702969351779935,431.08422194609443,0.0,0.3838781127473371,1.5077653990689254e+17,"{""rho_mode"": ""rizk2023_fit"", ""rho_rizk2023_fit_variant"": ""shifted"", ""rho_rizk2023_fit_scale"": 0.02479759422992132, ""rho_rizk2023_fit_cap"": 1474302324831549.2, ""rho_max"": 1000000000000000.0, ""rho_fab_base"": 30000000000000.0, ""first_gas_pressure_factor"": 0.30702969351779935}",0.0,0.0,5.955523140672484,0.026221366111720813,0.02021403144230889,0.9062120620518014,1.6632781954817932,COMPLETE
277,59.06020019581734,2.226631176894044,3.8471720967265846,1340969.935891286,3.499262482543888e-08,0.10103198049118266,2222050504844681.5,0.02458824217267721,normal,0.10103198049118266,164.2297043557322,0.0,0.3082427671343239,1.5302984132981294e+18,"{""rho_mode"": ""rizk2023_fit"", ""rho_rizk2023_fit_variant"": ""normal"", ""rho_rizk2023_fit_scale"": 0.02458824217267721, ""rho_rizk2023_fit_cap"": 2222050504844681.5, ""rho_max"": 1000000000000000.0, ""rho_fab_base"": 30000000000000.0, ""first_gas_pressure_factor"": 0.10103198049118266}",0.0,0.0,5.632198271542262,4.913942499587689e-05,0.4834009796141201,1.2639736398274564,2.382054056792819,COMPLETE
278,171.50116813947602,5.996219295497405,1.2323863546138973,241568.23217234,1.651951424254161e-07,0.10772984615185126,1786121222113540.5,0.07337250469680831,normal,0.10772984615185126,9918.404695052373,0.0,0.8507896834645688,150678942017094.7,"{""rho_mode"": ""rizk2023_fit"", ""rho_rizk2023_fit_variant"": ""normal"", ""rho_rizk2023_fit_scale"": 0.07337250469680831, ""rho_rizk2023_fit_cap"": 1786121222113540.5, ""rho_max"": 1000000000000000.0, ""rho_fab_base"": 30000000000000.0, ""first_gas_pressure_factor"": 0.10772984615185126}",0.0,30.766611543262332,4.261513833578007,0.16458783597886548,0.015980357238291346,0.19876401714237865,0.2642900264551492,COMPLETE
279,53.347811576392445,1.3839577941404269,1.1883433064067208,172377.71705322238,1.299631169815854e-07,0.23321594011660812,1727936274629672.5,0.030375491199373918,normal,0.23321594011660812,290.68555391739994,0.0,0.29677232709706414,2.459228839607631e+17,"{""rho_mode"": ""rizk2023_fit"", ""rho_rizk2023_fit_variant"": ""normal"", ""rho_rizk2023_fit_scale"": 0.030375491199373918, ""rho_rizk2023_fit_cap"": 1727936274629672.5, ""rho_max"": 1000000000000000.0, ""rho_fab_base"": 30000000000000.0, ""first_gas_pressure_factor"": 0.23321594011660812}",0.0,0.0,6.27477325321859,0.00852981067311979,0.09742182642396709,1.457858177520768,2.4351436629291827,COMPLETE
280,46.39892612935097,2.9098255488620546,2.2876222818583556,306588.1863283152,1.2213261232593541e-07,0.6742954791789327,1725010583424660.0,0.023258779835103542,shifted,0.6742954791789327,300.1639182301545,0.0,0.3162632090313498,2.4462500908948595e+17,"{""rho_mode"": ""rizk2023_fit"", ""rho_rizk2023_fit_variant"": ""shifted"", ""rho_rizk2023_fit_scale"": 0.023258779835103542, ""rho_rizk2023_fit_cap"": 1725010583424660.0, ""rho_max"": 1000000000000000.0, ""rho_fab_base"": 30000000000000.0, ""first_gas_pressure_factor"": 0.6742954791789327}",0.0,0.0,6.11671738891071,0.006905649531230447,0.07798861852409078,1.1778062354157404,2.146085049050073,COMPLETE
281,30.132210155672396,3.886830400976551,4.316083935288859,280789.69429019216,1.2893576547819058e-07,0.32318796162679597,1690064909231950.8,0.03891331566036895,shifted,0.32318796162679597,396.11623758802807,0.0,0.44213223585114975,3.079208075266715e+17,"{""rho_mode"": ""rizk2023_fit"", ""rho_rizk2023_fit_variant"": ""shifted"", ""rho_rizk2023_fit_scale"": 0.03891331566036895, ""rho_rizk2023_fit_cap"": 1690064909231950.8, ""rho_max"": 1000000000000000.0, ""rho_fab_base"": 30000000000000.0, ""first_gas_pressure_factor"": 0.32318796162679597}",0.0,0.0,5.177838539801061,0.01578318245917806,0.028351480682793657,0.619668493407045,1.3389970651853265,COMPLETE
282,30.70648692932267,3.5302575075647664,2.8846999581342376,500119.95901304117,2.1468389827123344e-07,0.6061033969294196,2022916330993038.2,0.06710703435878126,normal,0.6061033969294196,308.0162865964846,0.0,0.49852111478301636,1.0121410075822587e+18,"{""rho_mode"": ""rizk2023_fit"", ""rho_rizk2023_fit_variant"": ""normal"", ""rho_rizk2023_fit_scale"": 0.06710703435878126, ""rho_rizk2023_fit_cap"": 2022916330993038.2, ""rho_max"": 1000000000000000.0, ""rho_fab_base"": 30000000000000.0, ""first_gas_pressure_factor"": 0.6061033969294196}",0.0,0.0,4.259685708675199,0.012788514866327913,0.16939928814273933,0.5815782650256303,1.2010973436359615,COMPLETE
283,31.953820667475476,7.84978085079752,24.19715619991094,228823.78449095946,2.427427250848874e-06,0.7576888221559493,2664430662374267.0,0.034985918321272264,fig410,0.7576888221559493,433.39257334296786,0.0,0.450266150403942,2.6771634907533517e+17,"{""rho_mode"": ""rizk2023_fit"", ""rho_rizk2023_fit_variant"": ""fig410"", ""rho_rizk2023_fit_scale"": 0.034985918321272264, ""rho_rizk2023_fit_cap"": 2664430662374267.0, ""rho_max"": 1000000000000000.0, ""rho_fab_base"": 30000000000000.0, ""first_gas_pressure_factor"": 0.7576888221559493}",0.0,0.0,5.6938409695761605,0.004884801906742714,0.055821229085628796,0.5943223774831374,1.306328534608641,COMPLETE
284,36.07791247369211,4.844641822393058,1.413584241091087,1001198.3025399776,5.262327430736568e-08,0.13863322600537695,1020824262803841.2,0.030420481858674,normal,0.13863322600537695,246.99259811134488,0.0,0.42130741560995105,1.1676134238800558e+18,"{""rho_mode"": ""rizk2023_fit"", ""rho_rizk2023_fit_variant"": ""normal"", ""rho_rizk2023_fit_scale"": 0.030420481858674, ""rho_rizk2023_fit_cap"": 1020824262803841.2, ""rho_max"": 1000000000000000.0, ""rho_fab_base"": 30000000000000.0, ""first_gas_pressure_factor"": 0.13863322600537695}",0.0,0.0,4.790705207833645,0.013499226485862654,0.22089748677025187,0.6803475681259191,1.458421658079377,COMPLETE
285,32.04316139031299,4.780054202790095,2.7441128672074786,620092.0236294855,3.466083094221802e-08,0.11545126758229018,3066146130592087.5,0.022320876895233373,fig410,0.11545126758229018,319.3016624401606,0.0,0.41219014188343817,5.1357119122609e+17,"{""rho_mode"": ""rizk2023_fit"", ""rho_rizk2023_fit_variant"": ""fig410"", ""rho_rizk2023_fit_scale"": 0.022320876895233373, ""rho_rizk2023_fit_cap"": 3066146130592087.5, ""rho_max"": 1000000000000000.0, ""rho_fab_base"": 30000000000000.0, ""first_gas_pressure_factor"": 0.11545126758229018}",0.0,0.0,5.278658836861043,0.013672688621732208,0.06817003717236861,0.6339925064201289,1.46856094753449,COMPLETE
286,28.899046616682128,10.071911235823316,2.1593613902119153,447970.6472221786,2.492584586809748e-06,0.14655461211582535,3185689968601633.0,0.03822942171525172,fig410,0.14655461211582535,345.424887264817,0.0,0.45841452268248584,5.579889779354314e+17,"{""rho_mode"": ""rizk2023_fit"", ""rho_rizk2023_fit_variant"": ""fig410"", ""rho_rizk2023_fit_scale"": 0.03822942171525172, ""rho_rizk2023_fit_cap"": 3185689968601633.0, ""rho_max"": 1000000000000000.0, ""rho_fab_base"": 30000000000000.0, ""first_gas_pressure_factor"": 0.14655461211582535}",0.0,0.0,5.1850910488798325,0.022737555759300494,0.05925125897933081,0.5158114602278735,1.2272689403459374,COMPLETE
