number,value,params_Dg_dislocation_scale,params_Dv_dislocation_scale,params_K_d,params_f_n,params_first_gas_pressure_factor,params_rho_rizk2023_fit_cap,params_rho_rizk2023_fit_scale,params_rho_rizk2023_fit_variant,user_attrs_first_gas_pressure_factor,user_attrs_max_Rd_nm,user_attrs_max_f_cap_step,user_attrs_max_psi_d,user_attrs_min_Nd,user_attrs_rho_cfg,user_attrs_score_Nd_drop,user_attrs_score_guards,user_attrs_score_partition,user_attrs_score_pressure,user_attrs_score_radius_T,user_attrs_score_swelling_T,user_attrs_score_swelling_burnup,state
127,73.90335806843044,2.5680418116970403,2.6734952663471194,1125424.4534018657,3.152988086438041e-07,0.5288819338717293,2407843313394328.0,0.021838183347646492,fig410,0.5288819338717293,136.1960404830972,0.0,0.23174468677259405,1.1761082666957768e+18,"{""rho_mode"": ""rizk2023_fit"", ""rho_rizk2023_fit_variant"": ""fig410"", ""rho_rizk2023_fit_scale"": 0.021838183347646492, ""rho_rizk2023_fit_cap"": 2407843313394328.0, ""rho_max"": 1000000000000000.0, ""rho_fab_base"": 30000000000000.0, ""first_gas_pressure_factor"": 0.5288819338717293}",0.0,0.0,6.391196973334668,2.609170002666409e-06,0.5779271420715424,1.722806184778005,2.9358265815500553,COMPLETE
128,868.1107848861868,22.19679551811848,1.5212435748745488,286041.2546122347,2.4104681002726776e-06,0.21071299194888607,2577457203368143.0,0.15938821878684645,fig410,0.21071299194888607,21652.379420928744,0.0,0.8758387389577315,15800359038148.55,"{""rho_mode"": ""rizk2023_fit"", ""rho_rizk2023_fit_variant"": ""fig410"", ""rho_rizk2023_fit_scale"": 0.15938821878684645, ""rho_rizk2023_fit_cap"": 2577457203368143.0, ""rho_max"": 1000000000000000.0, ""rho_fab_base"": 30000000000000.0, ""first_gas_pressure_factor"": 0.21071299194888607}",0.1464355467429995,167.1944577468696,6.447771407588768,0.34395024829985416,0.06386549695174283,0.5050016415448477,0.36201616795195296,COMPLETE
129,23.24581618111407,12.974215139947209,3.4943147127479013,876415.8656013614,1.595931275856649e-07,0.439664440491772,3720425419033532.5,0.026696396408079946,fig410,0.439664440491772,1013.7526491597864,0.0,0.7176249950937099,8.46853048096751e+16,"{""rho_mode"": ""rizk2023_fit"", ""rho_rizk2023_fit_variant"": ""fig410"", ""rho_rizk2023_fit_scale"": 0.026696396408079946, ""rho_rizk2023_fit_cap"": 3720425419033532.5, ""rho_max"": 1000000000000000.0, ""rho_fab_base"": 30000000000000.0, ""first_gas_pressure_factor"": 0.439664440491772}",0.0,0.0015109191475802491,4.377023097768968,0.02772970166706392,0.03700727234845343,0.4078439379213575,0.8123656615214493,COMPLETE
130,26.547420961945264,3.3600417323921206,1.0172780510705202,280820.94909289206,1.5624363719834233e-07,0.12060539002492023,2172379824623435.2,0.0558251685896466,normal,0.12060539002492023,439.7513558121352,0.0,0.5282238922919813,4.137556644829023e+17,"{""rho_mode"": ""rizk2023_fit"", ""rho_rizk2023_fit_variant"": ""normal"", ""rho_rizk2023_fit_scale"": 0.0558251685896466, ""rho_rizk2023_fit_cap"": 2172379824623435.2, ""rho_max"": 1000000000000000.0, ""rho_fab_base"": 30000000000000.0, ""first_gas_pressure_factor"": 0.12060539002492023}",0.0,0.0,4.521366960008883,0.0423617905677545,0.038305202097419236,0.5340030280493812,1.111741667440661,COMPLETE
131,25.76930840850863,9.050567596872224,4.195056033756002,1022470.900664484,5.9224846115028755e-08,0.45662164276134204,3388905517807558.5,0.030314078270161835,fig410,0.45662164276134204,383.74002932556346,0.0,0.5466708357747517,6.902045115628538e+17,"{""rho_mode"": ""rizk2023_fit"", ""rho_rizk2023_fit_variant"": ""fig410"", ""rho_rizk2023_fit_scale"": 0.030314078270161835, ""rho_rizk2023_fit_cap"": 3388905517807558.5, ""rho_max"": 1000000000000000.0, ""rho_fab_base"": 30000000000000.0, ""first_gas_pressure_factor"": 0.45662164276134204}",0.0,0.0,4.4911816243316585,0.01875514276511111,0.07955420191065048,0.4506553333016646,0.8772756693957365,COMPLETE
132,377.3188790924106,6.79552073457328,3.699343293649771,552527.1635454568,2.0438277054443792e-07,0.30317015229957267,3722319207304442.0,0.05478325149041332,fig410,0.30317015229957267,14669.649511851916,0.0,0.8653253066550799,48999358267719.484,"{""rho_mode"": ""rizk2023_fit"", ""rho_rizk2023_fit_variant"": ""fig410"", ""rho_rizk2023_fit_scale"": 0.05478325149041332, ""rho_rizk2023_fit_cap"": 3722319207304442.0, ""rho_max"": 1000000000000000.0, ""rho_fab_base"": 30000000000000.0, ""first_gas_pressure_factor"": 0.30317015229957267}",0.0,71.01546488850809,3.9698128872617806,0.0890839614908149,0.04881492778154888,0.40346028849314103,0.7093784232847458,COMPLETE
133,667.1654962907434,12.085425755359488,5.802915011361647,1030822.4770202574,6.199104110817027e-08,0.4754671748737228,3334582374937902.5,0.027854936269735474,fig410,0.4754671748737228,19543.38270698567,0.0,0.8718094359721243,21192240628468.68,"{""rho_mode"": ""rizk2023_fit"", ""rho_rizk2023_fit_variant"": ""fig410"", ""rho_rizk2023_fit_scale"": 0.027854936269735474, ""rho_rizk2023_fit_cap"": 3334582374937902.5, ""rho_max"": 1000000000000000.0, ""rho_fab_base"": 30000000000000.0, ""first_gas_pressure_factor"": 0.4754671748737228}",0.0,128.78147232633015,4.23102204658169,0.09844689409644478,0.03949499748818792,0.4306622424222962,0.6685268521595762,COMPLETE
134,1019.4623139470539,27.88534184703499,2.351612836130923,389079.7145828281,4.7922909344802045e-08,0.5326850277036196,2702319323918917.5,0.04001399498165444,fig410,0.5326850277036196,22848.45773720098,0.0,0.8696056860596829,13161574035122.648,"{""rho_mode"": ""rizk2023_fit"", ""rho_rizk2023_fit_variant"": ""fig410"", ""rho_rizk2023_fit_scale"": 0.04001399498165444, ""rho_rizk2023_fit_cap"": 2702319323918917.5, ""rho_max"": 1000000000000000.0, ""rho_fab_base"": 30000000000000.0, ""first_gas_pressure_factor"": 0.5326850277036196}",0.20948286868597285,196.84196994933325,6.506584195687407,0.37540594933838795,0.2134963916556289,0.43097504868789044,0.2281715062173519,COMPLETE
135,46.15430731491616,7.323983119582732,1.6844518377175701,2700832.6784931505,5.293411924067535e-08,0.32353610902373253,3838267150457132.0,0.022353550950985398,fig410,0.32353610902373253,146.62649430952143,0.0,0.3262232005194662,2.6291694047096325e+18,"{""rho_mode"": ""rizk2023_fit"", ""rho_rizk2023_fit_variant"": ""fig410"", ""rho_rizk2023_fit_scale"": 0.022353550950985398, ""rho_rizk2023_fit_cap"": 3838267150457132.0, ""rho_max"": 1000000000000000.0, ""rho_fab_base"": 30000000000000.0, ""first_gas_pressure_factor"": 0.32353610902373253}",0.0,0.0,5.13220384205483,0.002851102098397318,0.4548089230230581,0.767553032523795,1.7595163454856284,COMPLETE
136,540.2257351918496,3.3549880760778223,2.126826548612522,183887.87271302877,1.443500828931486e-07,0.2894014785959667,2086967423597869.0,0.1713634464364241,normal,0.2894014785959667,16933.095000543304,0.0,0.8693617968322964,32307548944380.16,"{""rho_mode"": ""rizk2023_fit"", ""rho_rizk2023_fit_variant"": ""normal"", ""rho_rizk2023_fit_scale"": 0.1713634464364241, ""rho_rizk2023_fit_cap"": 2086967423597869.0, ""rho_max"": 1000000000000000.0, ""rho_fab_base"": 30000000000000.0, ""first_gas_pressure_factor"": 0.2894014785959667}",0.0,103.59656335189239,5.407475988645047,0.20378886552033018,0.007752771103017409,0.27475456923717734,0.08902708309809354,COMPLETE
137,22.51533816990522,12.388250565557133,1.9333931111479445,556322.0484998255,2.511151281464967e-07,0.4287098460978928,3290743468025489.0,0.023975359733609484,fig410,0.4287098460978928,547.9026706082652,0.0,0.5666619349612668,2.6410295445376397e+17,"{""rho_mode"": ""rizk2023_fit"", ""rho_rizk2023_fit_variant"": ""fig410"", ""rho_rizk2023_fit_scale"": 0.023975359733609484, ""rho_rizk2023_fit_cap"": 3290743468025489.0, ""rho_max"": 1000000000000000.0, ""rho_fab_base"": 30000000000000.0, ""first_gas_pressure_factor"": 0.4287098460978928}",0.0,0.0,4.577463747966713,0.044657777939422175,0.011131724231798201,0.3763621613511291,0.8770941940891324,COMPLETE
138,2040.9979612898824,18.24321741941981,3.5979289673573116,364659.2815297656,9.852454007003834e-08,0.41064720802370197,3411541168562360.5,0.07682696237005285,normal,0.41064720802370197,32137.472834145556,0.0,0.8809012941613056,4916521776977.183,"{""rho_mode"": ""rizk2023_fit"", ""rho_rizk2023_fit_variant"": ""normal"", ""rho_rizk2023_fit_scale"": 0.07682696237005285, ""rho_rizk2023_fit_cap"": 3411541168562360.5, ""rho_max"": 1000000000000000.0, ""rho_fab_base"": 30000000000000.0, ""first_gas_pressure_factor"": 0.41064720802370197}",0.6407159582737387,400.966525606201,6.485762300510073,0.3823935406639285,0.14433494933962898,0.5627210919829946,0.4208245176975215,COMPLETE
139,29.027970594170075,2.9297109243307298,1.289326451679884,291397.2626195819,2.908865480036163e-07,0.12294272806047674,2042091553613017.5,0.07227589281748671,normal,0.12294272806047674,358.15551005512265,0.0,0.49727795801936503,6.38990068396017e+17,"{""rho_mode"": ""rizk2023_fit"", ""rho_rizk2023_fit_variant"": ""normal"", ""rho_rizk2023_fit_scale"": 0.07227589281748671, ""rho_rizk2023_fit_cap"": 2042091553613017.5, ""rho_max"": 1000000000000000.0, ""rho_fab_base"": 30000000000000.0, ""first_gas_pressure_factor"": 0.12294272806047674}",0.0,0.0,4.495579313002066,0.028181090789740206,0.0945188203496231,0.5729347432763991,1.218792088357461,COMPLETE
140,2325.0322660502784,23.538783603530025,5.062630072178423,1224507.9521187493,2.008421269404809e-07,0.6642871767276303,3169490632225758.5,0.05130774474884913,fig410,0.6642871767276303,34370.70541933288,0.0,0.887850957983841,4114966052215.7095,"{""rho_mode"": ""rizk2023_fit"", ""rho_rizk2023_fit_variant"": ""fig410"", ""rho_rizk2023_fit_scale"": 0.05130774474884913, ""rho_rizk2023_fit_cap"": 3169490632225758.5, ""rho_max"": 1000000000000000.0, ""rho_fab_base"": 30000000000000.0, ""first_gas_pressure_factor"": 0.6642871767276303}",0.36474167879043584,459.4774056740669,5.853607009512083,0.27325925978418814,0.01570489318939618,0.45307845350169457,0.09607068651239797,COMPLETE
141,689.4055808518618,19.42938891229176,5.2982271939231245,1032043.6730111907,2.1971051129910576e-07,0.2239056602322599,3024551654199668.0,0.024522020867264176,fig410,0.2239056602322599,19508.977649925662,0.0,0.8707099526943171,21224056019899.883,"{""rho_mode"": ""rizk2023_fit"", ""rho_rizk2023_fit_variant"": ""fig410"", ""rho_rizk2023_fit_scale"": 0.024522020867264176, ""rho_rizk2023_fit_cap"": 3024551654199668.0, ""rho_max"": 1000000000000000.0, ""rho_fab_base"": 30000000000000.0, ""first_gas_pressure_factor"": 0.2239056602322599}",0.0,133.56808890199844,3.9401306246794596,0.11577705438496703,0.02651354421932359,0.4104483308907524,0.6245944690515594,COMPLETE
142,94.09465166777969,5.693451029057073,1.830927958211648,372865.83033186273,1.1686342467939566e-07,0.188912079711968,2351658484532698.5,0.04250720747919242,normal,0.188912079711968,7638.4466180959225,0.0,0.8410502693480394,318685357652836.94,"{""rho_mode"": ""rizk2023_fit"", ""rho_rizk2023_fit_variant"": ""normal"", ""rho_rizk2023_fit_scale"": 0.04250720747919242, ""rho_rizk2023_fit_cap"": 2351658484532698.5, ""rho_max"": 1000000000000000.0, ""rho_fab_base"": 30000000000000.0, ""first_gas_pressure_factor"": 0.188912079711968}",0.0,14.435313019019398,4.256275254419338,0.06659407068259175,0.012140713027448105,0.3960451535062463,0.7975422777937202,COMPLETE
143,467.5358762439982,15.159051771316383,4.48477686885927,848239.3261141506,2.4048866279528354e-07,0.46984595281060965,3344682485919683.5,0.028211226934927672,fig410,0.46984595281060965,16363.012103599185,0.0,0.8660782947363794,35399171666121.375,"{""rho_mode"": ""rizk2023_fit"", ""rho_rizk2023_fit_variant"": ""fig410"", ""rho_rizk2023_fit_scale"": 0.028211226934927672, ""rho_rizk2023_fit_cap"": 3344682485919683.5, ""rho_max"": 1000000000000000.0, ""rho_fab_base"": 30000000000000.0, ""first_gas_pressure_factor"": 0.46984595281060965}",0.0,89.20923341705148,3.9588857849192265,0.09602778505304033,0.027081047491599838,0.40088138847060745,0.6869648247699593,COMPLETE
144,1128.1343368794112,25.05208136718838,3.6829109251854475,1072954.5437974446,3.0894748966236594e-08,0.30725649829491464,2642129201291738.0,0.032272635906743743,shifted,0.30725649829491464,23841.369450073627,0.0,0.8748019214556224,11793615983283.045,"{""rho_mode"": ""rizk2023_fit"", ""rho_rizk2023_fit_variant"": ""shifted"", ""rho_rizk2023_fit_scale"": 0.032272635906743743, ""rho_rizk2023_fit_cap"": 2642129201291738.0, ""rho_max"": 1000000000000000.0, ""rho_fab_base"": 30000000000000.0, ""first_gas_pressure_factor"": 0.30725649829491464}",0.0,220.3052070072969,6.110967801081033,0.24018972199560407,0.019942841011173,0.36666569558601547,0.10360957563241972,COMPLETE
145,22.981648567886726,5.762154730710143,1.9989116006044596,564613.7072628976,5.995108110755294e-08,0.6090116324612695,3965609845580348.5,0.03883115537667529,fig410,0.6090116324612695,601.3267473803921,0.0,0.6267841329984858,2.7035462667751066e+17,"{""rho_mode"": ""rizk2023_fit"", ""rho_rizk2023_fit_variant"": ""fig410"", ""rho_rizk2023_fit_scale"": 0.03883115537667529, ""rho_rizk2023_fit_cap"": 3965609845580348.5, ""rho_max"": 1000000000000000.0, ""rho_fab_base"": 30000000000000.0, ""first_gas_pressure_factor"": 0.6090116324612695}",0.0,0.0,4.382541612466957,0.03431573890988254,0.03788007492656899,0.38909365615277014,0.881432620723499,COMPLETE
146,31.487192087329515,4.930400781544155,1.557219898837373,798845.4177345267,6.307773465609447e-08,0.6377946289363927,3930472380159219.0,0.03987290318393427,shifted,0.6377946289363927,282.10316918936536,0.0,0.4473612123074619,8.82848932016113e+17,"{""rho_mode"": ""rizk2023_fit"", ""rho_rizk2023_fit_variant"": ""shifted"", ""rho_rizk2023_fit_scale"": 0.03987290318393427, ""rho_rizk2023_fit_cap"": 3930472380159219.0, ""rho_max"": 1000000000000000.0, ""rho_fab_base"": 30000000000000.0, ""first_gas_pressure_factor"": 0.6377946289363927}",0.0,0.0,4.694452428791918,0.018585828933917477,0.1560104879909724,0.57203956326954,1.2641430668998717,COMPLETE
147,32.6591718371791,6.331527116702284,2.827752044280903,876916.5213749842,2.1327889429762398e-07,0.5221020810947808,3910260867033329.0,0.040268861616879974,normal,0.5221020810947808,264.55686274969224,0.0,0.4577242147079937,1.233128161595988e+18,"{""rho_mode"": ""rizk2023_fit"", ""rho_rizk2023_fit_variant"": ""normal"", ""rho_rizk2023_fit_scale"": 0.040268861616879974, ""rho_rizk2023_fit_cap"": 3910260867033329.0, ""rho_max"": 1000000000000000.0, ""rho_fab_base"": 30000000000000.0, ""first_gas_pressure_factor"": 0.5221020810947808}",0.0,0.0,4.46337229891381,0.011015087812443215,0.1953378508251562,0.6068775854203659,1.2603526194632257,COMPLETE
148,41.54205936129326,4.472738920293773,4.276143945487466,913519.4538308003,5.914539505268487e-08,0.4904859113308695,3514432173286534.0,0.021417898227110356,fig410,0.4904859113308695,226.9748928937809,0.0,0.3438769390337587,8.302083327235725e+17,"{""rho_mode"": ""rizk2023_fit"", ""rho_rizk2023_fit_variant"": ""fig410"", ""rho_rizk2023_fit_scale"": 0.021417898227110356, ""rho_rizk2023_fit_cap"": 3514432173286534.0, ""rho_max"": 1000000000000000.0, ""rho_fab_base"": 30000000000000.0, ""first_gas_pressure_factor"": 0.4904859113308695}",0.0,0.0,5.466912406162112,0.002241458501526682,0.21406347769329115,0.8424508227335813,1.868159898835036,COMPLETE
149,223.31560103873431,10.797670154336531,1.0484919995296513,611078.8541364227,3.421112530656387e-08,0.5815282254464785,3853376618131912.5,0.05086307631832995,fig410,0.5815282254464785,11352.003108078348,0.0,0.858843293332721,103379796391450.14,"{""rho_mode"": ""rizk2023_fit"", ""rho_rizk2023_fit_variant"": ""fig410"", ""rho_rizk2023_fit_scale"": 0.05086307631832995, ""rho_rizk2023_fit_cap"": 3853376618131912.5, ""rho_max"": 1000000000000000.0, ""rho_fab_base"": 30000000000000.0, ""first_gas_pressure_factor"": 0.5815282254464785}",0.0,40.25268996134201,5.672991273846274,0.19540480799326967,0.00817716154705275,0.22464966747601636,0.0994644065602585,COMPLETE
150,41.319091759125556,2.6826330329189507,1.0290049698809185,1413949.2706912726,1.549787228844081e-07,0.6254206287818997,3804835848924043.5,0.11554433501011076,fig410,0.6254206287818997,171.40437789136098,0.0,0.4738002328964066,5.04233237644178e+18,"{""rho_mode"": ""rizk2023_fit"", ""rho_rizk2023_fit_variant"": ""fig410"", ""rho_rizk2023_fit_scale"": 0.11554433501011076, ""rho_rizk2023_fit_cap"": 3804835848924043.5, ""rho_max"": 1000000000000000.0, ""rho_fab_base"": 30000000000000.0, ""first_gas_pressure_factor"": 0.6254206287818997}",0.0,0.0,3.673846377203938,0.007063183351240447,0.5819274990522294,0.5757875654999025,1.316913162597566,COMPLETE
151,34.17251744653602,2.2879580755101623,1.9178444218783768,719267.1345989472,4.826793858240385e-08,0.7583556365801036,3095170135642938.0,0.07229483587219382,fig410,0.7583556365801036,251.1408824815558,0.0,0.47396056046591034,1.6046700830523786e+18,"{""rho_mode"": ""rizk2023_fit"", ""rho_rizk2023_fit_variant"": ""fig410"", ""rho_rizk2023_fit_scale"": 0.07229483587219382, ""rho_rizk2023_fit_cap"": 3095170135642938.0, ""rho_max"": 1000000000000000.0, ""rho_fab_base"": 30000000000000.0, ""first_gas_pressure_factor"": 0.7583556365801036}",0.0,0.0,4.2417938019188,0.009617307162584942,0.292505491520814,0.566509547104645,1.3321630458997151,COMPLETE
152,160.158149550406,10.910278305406273,1.3040780273290364,626791.1052664617,2.0309006932088113e-07,0.44942059849252325,2941930802672494.0,0.0457262151061012,fig410,0.44942059849252325,9742.58952935898,0.0,0.8541472496017766,160874205371652.12,"{""rho_mode"": ""rizk2023_fit"", ""rho_rizk2023_fit_variant"": ""fig410"", ""rho_rizk2023_fit_scale"": 0.0457262151061012, ""rho_rizk2023_fit_cap"": 2941930802672494.0, ""rho_max"": 1000000000000000.0, ""rho_fab_base"": 30000000000000.0, ""first_gas_pressure_factor"": 0.44942059849252325}",0.0,28.36877480416071,4.027780108865026,0.125008219640358,0.015021131215396302,0.26149469231309536,0.4253992006432184,COMPLETE
153,1972.6632198560746,7.281912485143209,5.144977938340351,269556.1400909243,7.338219801463321e-08,0.6935259777519212,3432183287511364.0,0.09868098868614049,fig410,0.6935259777519212,30909.654467774075,0.0,0.8800900542982851,5510744546463.456,"{""rho_mode"": ""rizk2023_fit"", ""rho_rizk2023_fit_variant"": ""fig410"", ""rho_rizk2023_fit_scale"": 0.09868098868614049, ""rho_rizk2023_fit_cap"": 3432183287511364.0, ""rho_max"": 1000000000000000.0, ""rho_fab_base"": 30000000000000.0, ""first_gas_pressure_factor"": 0.6935259777519212}",0.36023829184198786,388.4070079937841,6.00925436247884,0.2938150211339791,0.07669414527669324,0.48307632505321324,0.1641317732975502,COMPLETE
154,32.17515749800756,6.96711041068119,2.8132487645005213,567084.8994929569,1.3704534415301158e-07,0.2837473992996705,2451627612622023.0,0.020467969546191962,fig410,0.2837473992996705,322.86272091360985,0.0,0.3974871040976508,4.454785658293671e+17,"{""rho_mode"": ""rizk2023_fit"", ""rho_rizk2023_fit_variant"": ""fig410"", ""rho_rizk2023_fit_scale"": 0.020467969546191962, ""rho_rizk2023_fit_cap"": 2451627612622023.0, ""rho_max"": 1000000000000000.0, ""rho_fab_base"": 30000000000000.0, ""first_gas_pressure_factor"": 0.2837473992996705}",0.0,0.0,5.317101782853554,0.014781030380885915,0.05268622665868033,0.6563387648460248,1.501709022385104,COMPLETE
155,26.655115564353896,8.547704283822034,1.7440246179412486,290666.63988495927,1.7078317096876866e-07,0.3166013916479411,1696606666116106.2,0.024657801871216682,shifted,0.3166013916479411,616.3640202630462,0.0,0.5320647826323591,1.5356530082666422e+17,"{""rho_mode"": ""rizk2023_fit"", ""rho_rizk2023_fit_variant"": ""shifted"", ""rho_rizk2023_fit_scale"": 0.024657801871216682, ""rho_rizk2023_fit_cap"": 1696606666116106.2, ""rho_max"": 1000000000000000.0, ""rho_fab_base"": 30000000000000.0, ""first_gas_pressure_factor"": 0.3166013916479411}",0.0,0.0,5.024063975325958,0.055634780221425574,0.0339979809055257,0.4770916504617169,0.9655164217544886,COMPLETE
156,133.5400984479566,8.430691722896713,2.40518102561862,303460.15828201844,1.2584190477302124e-07,0.7031860870290466,3964892725926293.5,0.029426541572575,fig410,0.7031860870290466,8788.018077156674,0.0,0.8385983878709216,207443884108059.3,"{""rho_mode"": ""rizk2023_fit"", ""rho_rizk2023_fit_variant"": ""fig410"", ""rho_rizk2023_fit_scale"": 0.029426541572575, ""rho_rizk2023_fit_cap"": 3964892725926293.5, ""rho_max"": 1000000000000000.0, ""rho_fab_base"": 30000000000000.0, ""first_gas_pressure_factor"": 0.7031860870290466}",0.0,22.52370718914935,4.320204926081046,0.08913299752722963,0.040930516647537135,0.2989853979631641,0.6641912677501018,COMPLETE
157,38.81111246478318,6.527644346034553,2.585831925351989,475296.72095742286,3.0311106495450614e-07,0.2758218373065775,1951511762474663.5,0.02163063485653418,shifted,0.2758218373065775,305.75635828762273,0.0,0.35670071409925935,3.3571942439844166e+17,"{""rho_mode"": ""rizk2023_fit"", ""rho_rizk2023_fit_variant"": ""shifted"", ""rho_rizk2023_fit_scale"": 0.02163063485653418, ""rho_rizk2023_fit_cap"": 1951511762474663.5, ""rho_max"": 1000000000000000.0, ""rho_fab_base"": 30000000000000.0, ""first_gas_pressure_factor"": 0.2758218373065775}",0.0,0.0,5.833518105458155,0.010951014982701747,0.06661834910726713,0.8770034441617313,1.7609877769733697,COMPLETE
158,254.63606767375447,19.41008939062097,2.844062124999372,180377.73097444387,1.8993874875310128e-07,0.139664825599591,1100653783035926.6,0.02062405636070643,shifted,0.139664825599591,10784.129646912235,0.0,0.8324640103437148,109812679908010.34,"{""rho_mode"": ""rizk2023_fit"", ""rho_rizk2023_fit_variant"": ""shifted"", ""rho_rizk2023_fit_scale"": 0.02062405636070643, ""rho_rizk2023_fit_cap"": 1100653783035926.6, ""rho_max"": 1000000000000000.0, ""rho_fab_base"": 30000000000000.0, ""first_gas_pressure_factor"": 0.139664825599591}",0.0,45.54459149421706,4.1409540888185745,0.190777087945001,0.36144801492805906,0.15843527374617136,0.28732492550325883,COMPLETE
