[I 2026-05-03 13:46:37,881] Trial 390 finished with value: 3.1157695018577973 and parameters: {'f_n': 2.0704688754809911e-07, 'K_d': 285626.7323813838, 'rho_d': 24362018502578.04, 'fission_rate': 7.940233995798335e+19, 'Dg_D1_scale': 0.5519262128236825, 'Dg_D3_scale': 0.9044685284521786, 'Dv_D1_scale': 0.5017550599638911, 'Dv_D2_scale': 1.911099497143032, 'b_bulk_scale': 0.7316933330357674, 'b_dislocation_scale': 0.44285858761904495, 'gb_scale': 0.09941141928513396, 'gd_bubble_scale': 3.147127915452257, 'gd_line_scale': 0.05018550772918416, 'gd_line_alpha': 0.8884928063595159, 'coalescence_d_scale': 2.164264002679871, 'capture_scale': 0.05782755232639739}. Best is trial 390 with value: 3.1157695018577973.
[I 2026-05-03 13:46:42,349] Trial 391 finished with value: 3.107823638439182 and parameters: {'f_n': 2.2237050972856003e-07, 'K_d': 284814.734904526, 'rho_d': 24419736372920.41, 'fission_rate': 7.999616286854827e+19, 'Dg_D1_scale': 0.6075053368676092, 'Dg_D3_scale': 0.8719992091046945, 'Dv_D1_scale': 0.4283828621591823, 'Dv_D2_scale': 1.9221546079374314, 'b_bulk_scale': 0.8406234429030623, 'b_dislocation_scale': 0.44381783162315497, 'gb_scale': 0.10276717953327048, 'gd_bubble_scale': 3.004567857122615, 'gd_line_scale': 0.051469142066346445, 'gd_line_alpha': 0.8930364479513225, 'coalescence_d_scale': 2.3484589128878146, 'capture_scale': 0.06116394254140436}. Best is trial 391 with value: 3.107823638439182.
[I 2026-05-03 13:46:48,592] Trial 392 finished with value: 3.12197753921442 and parameters: {'f_n': 2.0768193269752434e-07, 'K_d': 285740.16529459675, 'rho_d': 24231242193372.086, 'fission_rate': 7.934765440745359e+19, 'Dg_D1_scale': 0.5921157133645659, 'Dg_D3_scale': 0.8769070106528464, 'Dv_D1_scale': 0.4818532434525795, 'Dv_D2_scale': 1.8987023467529032, 'b_bulk_scale': 0.8150585968913907, 'b_dislocation_scale': 0.45662213876243735, 'gb_scale': 0.1000617858532711, 'gd_bubble_scale': 3.010493516856235, 'gd_line_scale': 0.05040792353526834, 'gd_line_alpha': 0.8929795775162762, 'coalescence_d_scale': 2.364819726526148, 'capture_scale': 0.06398526426006683}. Best is trial 391 with value: 3.107823638439182.
[I 2026-05-03 13:46:55,053] Trial 393 finished with value: 3.268623200178069 and parameters: {'f_n': 2.2553333689059052e-07, 'K_d': 286257.44084328035, 'rho_d': 23192044343465.613, 'fission_rate': 7.905672903412426e+19, 'Dg_D1_scale': 0.6047021961137046, 'Dg_D3_scale': 0.86634403424249, 'Dv_D1_scale': 0.4823894974534442, 'Dv_D2_scale': 1.9178646236341748, 'b_bulk_scale': 0.7720864951782725, 'b_dislocation_scale': 0.4668963031306765, 'gb_scale': 0.10267228399395535, 'gd_bubble_scale': 2.862362853856248, 'gd_line_scale': 0.05078085458959003, 'gd_line_alpha': 0.8851907683037702, 'coalescence_d_scale': 2.32993800125611, 'capture_scale': 0.0658728839366503}. Best is trial 391 with value: 3.107823638439182.
[I 2026-05-03 13:47:01,316] Trial 394 finished with value: 3.274975475601869 and parameters: {'f_n': 1.9476071903877213e-07, 'K_d': 282646.72954432137, 'rho_d': 23927162538416.332, 'fission_rate': 7.9274185320861e+19, 'Dg_D1_scale': 0.6321328579670016, 'Dg_D3_scale': 0.9331242519067389, 'Dv_D1_scale': 0.44002991631113325, 'Dv_D2_scale': 1.8707184976061897, 'b_bulk_scale': 0.7386951781517223, 'b_dislocation_scale': 0.43237924275960865, 'gb_scale': 0.09907367077133827, 'gd_bubble_scale': 2.5614662954743532, 'gd_line_scale': 0.05216319118610065, 'gd_line_alpha': 0.8872965283820008, 'coalescence_d_scale': 2.019627304563315, 'capture_scale': 0.05867031672330909}. Best is trial 391 with value: 3.107823638439182.
[I 2026-05-03 13:47:07,627] Trial 395 finished with value: 3.12713873102203 and parameters: {'f_n': 2.7437843843372613e-07, 'K_d': 286489.17496692896, 'rho_d': 22724623129929.203, 'fission_rate': 7.999426183305981e+19, 'Dg_D1_scale': 0.5744974732069079, 'Dg_D3_scale': 0.7569975949877739, 'Dv_D1_scale': 0.4276693415810111, 'Dv_D2_scale': 2.371714899323222, 'b_bulk_scale': 0.8658262709569524, 'b_dislocation_scale': 0.4426556589180323, 'gb_scale': 0.09090377810752298, 'gd_bubble_scale': 3.06193766355156, 'gd_line_scale': 0.061252415530355, 'gd_line_alpha': 0.8842482253024773, 'coalescence_d_scale': 2.218357502818892, 'capture_scale': 0.060818975803296885}. Best is trial 391 with value: 3.107823638439182.
[I 2026-05-03 13:47:12,065] Trial 396 finished with value: 3.1263700709891307 and parameters: {'f_n': 2.1876697429963267e-07, 'K_d': 293337.48873869446, 'rho_d': 22613382973441.188, 'fission_rate': 7.872240814320858e+19, 'Dg_D1_scale': 0.5807556022802747, 'Dg_D3_scale': 0.7646665157531146, 'Dv_D1_scale': 0.4216543151188004, 'Dv_D2_scale': 2.2833064675050125, 'b_bulk_scale': 0.8849572012665987, 'b_dislocation_scale': 0.46211024100209563, 'gb_scale': 0.09256836720038737, 'gd_bubble_scale': 2.8801768105546586, 'gd_line_scale': 0.050230879826719727, 'gd_line_alpha': 0.8835000347424804, 'coalescence_d_scale': 2.9169990602786418, 'capture_scale': 0.05752486432401793}. Best is trial 391 with value: 3.107823638439182.Best trial: 391. Best value: 3.10782:  79%|███████▉  | 396/500 [41:55<10:40,  6.15s/it]Best trial: 391. Best value: 3.10782:  79%|███████▉  | 396/500 [41:55<10:40,  6.15s/it]Best trial: 391. Best value: 3.10782:  79%|███████▉  | 397/500 [41:55<09:40,  5.64s/it]                                                                                       Best trial: 391. Best value: 3.10782:  79%|███████▉  | 397/500 [42:01<09:40,  5.64s/it]Best trial: 391. Best value: 3.10782:  79%|███████▉  | 397/500 [42:01<09:40,  5.64s/it]Best trial: 391. Best value: 3.10782:  80%|███████▉  | 398/500 [42:01<10:01,  5.89s/it]                                                                                       Best trial: 391. Best value: 3.10782:  80%|███████▉  | 398/500 [42:08<10:01,  5.89s/it]Best trial: 391. Best value: 3.10782:  80%|███████▉  | 398/500 [42:08<10:01,  5.89s/it]Best trial: 391. Best value: 3.10782:  80%|███████▉  | 399/500 [42:08<10:14,  6.09s/it]                                                                                       Best trial: 391. Best value: 3.10782:  80%|███████▉  | 399/500 [42:14<10:14,  6.09s/it]Best trial: 391. Best value: 3.10782:  80%|███████▉  | 399/500 [42:14<10:14,  6.09s/it]Best trial: 391. Best value: 3.10782:  80%|████████  | 400/500 [42:14<10:17,  6.18s/it]                                                                                       Best trial: 391. Best value: 3.10782:  80%|████████  | 400/500 [42:20<10:17,  6.18s/it]Best trial: 391. Best value: 3.10782:  80%|████████  | 400/500 [42:21<10:17,  6.18s/it]Best trial: 391. Best value: 3.10782:  80%|████████  | 401/500 [42:21<10:18,  6.25s/it]                                                                                       Best trial: 391. Best value: 3.10782:  80%|████████  | 401/500 [42:25<10:18,  6.25s/it]Best trial: 391. Best value: 3.10782:  80%|████████  | 401/500 [42:25<10:18,  6.25s/it]Best trial: 391. Best value: 3.10782:  80%|████████  | 402/500 [42:25<09:24,  5.76s/it]                                                                                       Best trial: 391. Best value: 3.10782:  80%|████████  | 402/500 [42:31<09:24,  5.76s/it]Best trial: 402. Best value: 3.06319:  80%|████████  | 402/500 [42:31<09:24,  5.76s/it]Best trial: 402. Best value: 3.06319:  81%|████████  | 403/500 [42:31<09:34,  5.93s/it]                                                                                       Best trial: 402. Best value: 3.06319:  81%|████████  | 403/500 [42:38<09:34,  5.93s/it]Best trial: 402. Best value: 3.06319:  81%|████████  | 403/500 [42:38<09:34,  5.93s/it]Best trial: 402. Best value: 3.06319:  81%|████████  | 404/500 [42:38<09:42,  6.07s/it]                                                                                       Best trial: 402. Best value: 3.06319:  81%|████████  | 404/500 [42:44<09:42,  6.07s/it]Best trial: 402. Best value: 3.06319:  81%|████████  | 404/500 [42:44<09:42,  6.07s/it]Best trial: 402. Best value: 3.06319:  81%|████████  | 405/500 [42:44<09:45,  6.16s/it]                                                                                       Best trial: 402. Best value: 3.06319:  81%|████████  | 405/500 [42:50<09:45,  6.16s/it]Best trial: 402. Best value: 3.06319:  81%|████████  | 405/500 [42:51<09:45,  6.16s/it]Best trial: 402. Best value: 3.06319:  81%|████████  | 406/500 [42:51<09:42,  6.20s/it]                                                                                       Best trial: 402. Best value: 3.06319:  81%|████████  | 406/500 [42:55<09:42,  6.20s/it]Best trial: 402. Best value: 3.06319:  81%|████████  | 406/500 [42:55<09:42,  6.20s/it]Best trial: 402. Best value: 3.06319:  81%|████████▏ | 407/500 [42:55<08:45,  5.65s/it]                                                                                       Best trial: 402. Best value: 3.06319:  81%|████████▏ | 407/500 [43:01<08:45,  5.65s/it]Best trial: 402. Best value: 3.06319:  81%|████████▏ | 407/500 [43:01<08:45,  5.65s/it]Best trial: 402. Best value: 3.06319:  82%|████████▏ | 408/500 [43:01<09:01,  5.89s/it]                                                                                       
[I 2026-05-03 13:47:18,551] Trial 397 finished with value: 3.1658398259541247 and parameters: {'f_n': 1.977436423348041e-07, 'K_d': 300269.1223922251, 'rho_d': 22321413462909.434, 'fission_rate': 7.867448453837849e+19, 'Dg_D1_scale': 0.6016830986608162, 'Dg_D3_scale': 0.7087689279940185, 'Dv_D1_scale': 0.4180822066793028, 'Dv_D2_scale': 2.12171118173617, 'b_bulk_scale': 0.8940259078876035, 'b_dislocation_scale': 0.47154933419891004, 'gb_scale': 0.0928195497810609, 'gd_bubble_scale': 2.756842085844731, 'gd_line_scale': 0.050701420847227854, 'gd_line_alpha': 0.88640038883778, 'coalescence_d_scale': 2.965607377256543, 'capture_scale': 0.062376712903705424}. Best is trial 391 with value: 3.107823638439182.
[I 2026-05-03 13:47:25,046] Trial 398 finished with value: 3.410414618253084 and parameters: {'f_n': 2.2137309528845162e-07, 'K_d': 297772.1430089062, 'rho_d': 23210550110871.49, 'fission_rate': 7.862929824863594e+19, 'Dg_D1_scale': 0.6686913635306415, 'Dg_D3_scale': 0.707427554347612, 'Dv_D1_scale': 0.4162752928687524, 'Dv_D2_scale': 2.257372856115745, 'b_bulk_scale': 0.8569595840754802, 'b_dislocation_scale': 0.4801332334800174, 'gb_scale': 0.0997616378833369, 'gd_bubble_scale': 2.3899969839524617, 'gd_line_scale': 0.050489506157215494, 'gd_line_alpha': 0.8867729644614333, 'coalescence_d_scale': 3.1333052717826613, 'capture_scale': 0.06405843071561385}. Best is trial 391 with value: 3.107823638439182.
[I 2026-05-03 13:47:31,485] Trial 399 finished with value: 3.1304444430841913 and parameters: {'f_n': 1.6607590170933535e-07, 'K_d': 291350.8069071277, 'rho_d': 22264737028288.03, 'fission_rate': 7.852408238914334e+19, 'Dg_D1_scale': 0.5953739309634911, 'Dg_D3_scale': 0.7778741060006608, 'Dv_D1_scale': 0.4932214158760947, 'Dv_D2_scale': 2.362998813515284, 'b_bulk_scale': 0.9445636291112571, 'b_dislocation_scale': 0.4639735709827478, 'gb_scale': 0.09245635441884237, 'gd_bubble_scale': 2.7257208103075117, 'gd_line_scale': 0.05987966100672198, 'gd_line_alpha': 0.883062684958012, 'coalescence_d_scale': 2.5375676129949496, 'capture_scale': 0.06067754738562662}. Best is trial 391 with value: 3.107823638439182.
[I 2026-05-03 13:47:37,881] Trial 400 finished with value: 3.1360587993789037 and parameters: {'f_n': 1.6761426416868017e-07, 'K_d': 294067.88796157885, 'rho_d': 22425175661515.098, 'fission_rate': 7.853148116555976e+19, 'Dg_D1_scale': 0.6073569037857336, 'Dg_D3_scale': 0.7711295587772456, 'Dv_D1_scale': 0.5523953241762789, 'Dv_D2_scale': 2.148388379581924, 'b_bulk_scale': 1.014322386905977, 'b_dislocation_scale': 0.4591902668831237, 'gb_scale': 0.0920758319758447, 'gd_bubble_scale': 2.714276901763456, 'gd_line_scale': 0.060854210845033105, 'gd_line_alpha': 0.8923260593929218, 'coalescence_d_scale': 2.4913392243546704, 'capture_scale': 0.06872753280940304}. Best is trial 391 with value: 3.107823638439182.
[I 2026-05-03 13:47:42,481] Trial 401 finished with value: 3.344216923064719 and parameters: {'f_n': 1.8250175925965186e-07, 'K_d': 298166.485182015, 'rho_d': 22225058394035.44, 'fission_rate': 7.852661483407e+19, 'Dg_D1_scale': 0.5933102474637006, 'Dg_D3_scale': 0.7624877349578758, 'Dv_D1_scale': 0.5557091262083129, 'Dv_D2_scale': 2.1486977211061595, 'b_bulk_scale': 0.8968352294921994, 'b_dislocation_scale': 0.5161353693079397, 'gb_scale': 0.1047923272285973, 'gd_bubble_scale': 2.691520910436151, 'gd_line_scale': 0.05844246007729256, 'gd_line_alpha': 0.8812107325507926, 'coalescence_d_scale': 2.6316804704892167, 'capture_scale': 0.0714351051161703}. Best is trial 391 with value: 3.107823638439182.
[I 2026-05-03 13:47:48,810] Trial 402 finished with value: 3.06319451084688 and parameters: {'f_n': 1.5163180395047792e-07, 'K_d': 292134.72423649236, 'rho_d': 22212760316942.13, 'fission_rate': 7.865391244629277e+19, 'Dg_D1_scale': 0.6209902339498098, 'Dg_D3_scale': 0.8298218448010508, 'Dv_D1_scale': 0.5108429616247574, 'Dv_D2_scale': 2.3732536769906196, 'b_bulk_scale': 0.987650228611484, 'b_dislocation_scale': 0.458865497899966, 'gb_scale': 0.09186361381229996, 'gd_bubble_scale': 2.8157367671633526, 'gd_line_scale': 0.061373524886537065, 'gd_line_alpha': 0.8869799066522914, 'coalescence_d_scale': 3.788333744158218, 'capture_scale': 0.059275031264995046}. Best is trial 402 with value: 3.06319451084688.
[I 2026-05-03 13:47:55,214] Trial 403 finished with value: 3.2884021690999816 and parameters: {'f_n': 1.781599556059116e-07, 'K_d': 293558.4320860289, 'rho_d': 22135864535504.684, 'fission_rate': 7.86666460600862e+19, 'Dg_D1_scale': 0.6337144814058203, 'Dg_D3_scale': 0.8144267067149598, 'Dv_D1_scale': 0.49303971515599215, 'Dv_D2_scale': 2.41355708090971, 'b_bulk_scale': 0.9950821257217644, 'b_dislocation_scale': 0.47223351244778533, 'gb_scale': 0.09316774675765631, 'gd_bubble_scale': 2.3323462240290023, 'gd_line_scale': 0.0617083169506973, 'gd_line_alpha': 0.8860075638180681, 'coalescence_d_scale': 3.649418343375232, 'capture_scale': 0.060269678023605236}. Best is trial 402 with value: 3.06319451084688.
[I 2026-05-03 13:48:01,590] Trial 404 finished with value: 3.1442372916551795 and parameters: {'f_n': 1.3787713125070085e-07, 'K_d': 285387.6625170859, 'rho_d': 22560821215730.59, 'fission_rate': 7.844583036413292e+19, 'Dg_D1_scale': 0.5843583243331709, 'Dg_D3_scale': 0.8694177754384887, 'Dv_D1_scale': 0.5425321458475726, 'Dv_D2_scale': 2.395446299473749, 'b_bulk_scale': 0.7880149923424264, 'b_dislocation_scale': 0.44491695930614855, 'gb_scale': 0.10280380014780986, 'gd_bubble_scale': 2.734228486555935, 'gd_line_scale': 0.05524383882272546, 'gd_line_alpha': 0.8521921816696573, 'coalescence_d_scale': 2.563474276044012, 'capture_scale': 0.0673234117762887}. Best is trial 402 with value: 3.06319451084688.
[I 2026-05-03 13:48:07,850] Trial 405 finished with value: 3.4701536322680138 and parameters: {'f_n': 1.5471685080372487e-07, 'K_d': 287285.9621556704, 'rho_d': 22668463722305.914, 'fission_rate': 7.84818650984841e+19, 'Dg_D1_scale': 0.6777927141692605, 'Dg_D3_scale': 0.6773114285131409, 'Dv_D1_scale': 0.6271266253442817, 'Dv_D2_scale': 2.3549699545647527, 'b_bulk_scale': 0.7736105426832197, 'b_dislocation_scale': 0.5586526258947306, 'gb_scale': 0.10586592207283137, 'gd_bubble_scale': 2.736038471221756, 'gd_line_scale': 0.0547758489279155, 'gd_line_alpha': 0.8497909911943844, 'coalescence_d_scale': 2.793202800535664, 'capture_scale': 0.07189093305958005}. Best is trial 402 with value: 3.06319451084688.
[I 2026-05-03 13:48:12,240] Trial 406 finished with value: 3.3558091877845615 and parameters: {'f_n': 1.4885440861239727e-07, 'K_d': 307123.4147793862, 'rho_d': 22521228046785.62, 'fission_rate': 7.872587876430024e+19, 'Dg_D1_scale': 0.5928732242324528, 'Dg_D3_scale': 0.7449622661302946, 'Dv_D1_scale': 0.5500341054989096, 'Dv_D2_scale': 2.598215268076005, 'b_bulk_scale': 0.7068553576939385, 'b_dislocation_scale': 0.4474485407227392, 'gb_scale': 0.09335328451119844, 'gd_bubble_scale': 2.324464724404893, 'gd_line_scale': 0.050154897741543254, 'gd_line_alpha': 0.8470462273963356, 'coalescence_d_scale': 2.246956321630476, 'capture_scale': 0.05919487241678362}. Best is trial 402 with value: 3.06319451084688.
[I 2026-05-03 13:48:18,706] Trial 407 finished with value: 3.186159657640149 and parameters: {'f_n': 2.1049590121712834e-07, 'K_d': 284276.0474894783, 'rho_d': 21624395281701.535, 'fission_rate': 7.847365432028134e+19, 'Dg_D1_scale': 0.6215952359856279, 'Dg_D3_scale': 0.8744212017764976, 'Dv_D1_scale': 0.5095260818684909, 'Dv_D2_scale': 2.0035172129537204, 'b_bulk_scale': 1.0257866618671732, 'b_dislocation_scale': 0.4832415562575352, 'gb_scale': 0.10289994133679127, 'gd_bubble_scale': 2.8723541976017644, 'gd_line_scale': 0.060826280149235, 'gd_line_alpha': 0.8806212868035075, 'coalescence_d_scale': 2.4562451924777267, 'capture_scale': 0.0557710852846883}. Best is trial 402 with value: 3.06319451084688.
