[I 2026-05-03 13:23:57,594] Trial 174 finished with value: 3.4608983304820775 and parameters: {'f_n': 6.283374866141301e-07, 'K_d': 272592.52693064953, 'rho_d': 18931327093030.676, 'fission_rate': 6.468433550574064e+19, 'Dg_D1_scale': 0.49760913701245835, 'Dg_D3_scale': 0.3211715861358167, 'Dv_D1_scale': 0.28243205379115727, 'Dv_D2_scale': 0.2642696602797003, 'b_bulk_scale': 0.3783375028333804, 'b_dislocation_scale': 0.3184344865387134, 'gb_scale': 0.1980035793427858, 'gd_bubble_scale': 2.359446488149383, 'gd_line_scale': 1.084310677016349, 'gd_line_alpha': 0.44487807918375144, 'coalescence_d_scale': 0.6013652929344772, 'capture_scale': 0.025040440478872435}. Best is trial 89 with value: 3.2308694002208087.
[I 2026-05-03 13:24:04,872] Trial 175 finished with value: 3.67496543431473 and parameters: {'f_n': 3.882173637063961e-07, 'K_d': 1013124.4114626629, 'rho_d': 20548198225383.094, 'fission_rate': 6.664106848363681e+19, 'Dg_D1_scale': 0.39392706270676203, 'Dg_D3_scale': 0.4032163326496461, 'Dv_D1_scale': 0.2624180141560513, 'Dv_D2_scale': 0.23904093816209804, 'b_bulk_scale': 0.3411948504611639, 'b_dislocation_scale': 0.3820377762150913, 'gb_scale': 0.14899768845243747, 'gd_bubble_scale': 2.8907431435423137, 'gd_line_scale': 0.8328956062893184, 'gd_line_alpha': 0.48986125053534874, 'coalescence_d_scale': 0.49062336789415023, 'capture_scale': 0.03765517101915144}. Best is trial 89 with value: 3.2308694002208087.
[I 2026-05-03 13:24:11,923] Trial 176 finished with value: 3.58897840893877 and parameters: {'f_n': 6.641558234477937e-10, 'K_d': 382959.4049656252, 'rho_d': 18137423580207.223, 'fission_rate': 6.8891173827343745e+19, 'Dg_D1_scale': 0.5384947907760188, 'Dg_D3_scale': 0.2835792166311761, 'Dv_D1_scale': 0.232872951686789, 'Dv_D2_scale': 0.5916155578159763, 'b_bulk_scale': 0.1880297611988631, 'b_dislocation_scale': 0.34526684043810046, 'gb_scale': 0.21697266862720102, 'gd_bubble_scale': 2.1210489177452283, 'gd_line_scale': 0.4414354402727019, 'gd_line_alpha': 0.414501015541141, 'coalescence_d_scale': 0.7724367678018156, 'capture_scale': 0.019447466510381057}. Best is trial 89 with value: 3.2308694002208087.
[I 2026-05-03 13:24:19,020] Trial 177 finished with value: 3.4783064180614494 and parameters: {'f_n': 2.346561423797474e-07, 'K_d': 346527.22818464483, 'rho_d': 17612074243928.37, 'fission_rate': 7.0567819242971865e+19, 'Dg_D1_scale': 0.647359136966159, 'Dg_D3_scale': 0.49140111016108945, 'Dv_D1_scale': 0.2107695269233126, 'Dv_D2_scale': 0.21981485157881295, 'b_bulk_scale': 0.4629217750229351, 'b_dislocation_scale': 0.5678011438465214, 'gb_scale': 0.19585826878915616, 'gd_bubble_scale': 1.2698087670464342, 'gd_line_scale': 1.32232796585232, 'gd_line_alpha': 0.42963185409627486, 'coalescence_d_scale': 0.2452957073795875, 'capture_scale': 0.026196133445519507}. Best is trial 89 with value: 3.2308694002208087.
[I 2026-05-03 13:24:24,524] Trial 178 finished with value: 3.7989482586199 and parameters: {'f_n': 1.4693843891045932e-07, 'K_d': 314173.39815196744, 'rho_d': 19441552278257.266, 'fission_rate': 6.5705119330570625e+19, 'Dg_D1_scale': 0.6131825604624159, 'Dg_D3_scale': 0.24690516280161315, 'Dv_D1_scale': 0.20015348182211337, 'Dv_D2_scale': 0.26736901513353006, 'b_bulk_scale': 0.32640003887171615, 'b_dislocation_scale': 0.38924622851830337, 'gb_scale': 0.12731053608745538, 'gd_bubble_scale': 8.155637240534672, 'gd_line_scale': 1.152098877399524, 'gd_line_alpha': 0.38596554068789624, 'coalescence_d_scale': 0.34405973621282915, 'capture_scale': 0.03249027727941554}. Best is trial 89 with value: 3.2308694002208087.
[I 2026-05-03 13:24:31,641] Trial 179 finished with value: 3.558509844688677 and parameters: {'f_n': 5.442502331141842e-07, 'K_d': 181198.35673054817, 'rho_d': 21875109989051.156, 'fission_rate': 6.713213314415671e+19, 'Dg_D1_scale': 0.4616378234500784, 'Dg_D3_scale': 0.2248425875385457, 'Dv_D1_scale': 0.26857112242896886, 'Dv_D2_scale': 0.2508774322885815, 'b_bulk_scale': 0.6549296645627056, 'b_dislocation_scale': 0.5136879000301545, 'gb_scale': 0.3043373714365289, 'gd_bubble_scale': 1.858501435716246, 'gd_line_scale': 1.0314150257900043, 'gd_line_alpha': 0.4968095649628459, 'coalescence_d_scale': 0.2883647695800558, 'capture_scale': 0.011684798464033813}. Best is trial 89 with value: 3.2308694002208087.
[I 2026-05-03 13:24:38,725] Trial 180 finished with value: 4.108668814287883 and parameters: {'f_n': 3.141132484579108e-07, 'K_d': 285507.1591552861, 'rho_d': 58164045884122.04, 'fission_rate': 6.838393734038368e+19, 'Dg_D1_scale': 0.2309324838183909, 'Dg_D3_scale': 0.37142915125894915, 'Dv_D1_scale': 0.22605491638025174, 'Dv_D2_scale': 0.2907871363670951, 'b_bulk_scale': 0.21124748139696298, 'b_dislocation_scale': 0.4269955026422326, 'gb_scale': 0.21974956822745495, 'gd_bubble_scale': 1.4851777609869425, 'gd_line_scale': 1.1923157895628371, 'gd_line_alpha': 0.46093846894026314, 'coalescence_d_scale': 0.3957982864972837, 'capture_scale': 0.020962480031677035}. Best is trial 89 with value: 3.2308694002208087.Best trial: 89. Best value: 3.23087:  36%|███▌      | 180/500 [19:21<35:55,  6.74s/it]Best trial: 89. Best value: 3.23087:  36%|███▌      | 180/500 [19:21<35:55,  6.74s/it]Best trial: 89. Best value: 3.23087:  36%|███▌      | 181/500 [19:21<36:22,  6.84s/it]                                                                                      Best trial: 89. Best value: 3.23087:  36%|███▌      | 181/500 [19:28<36:22,  6.84s/it]Best trial: 89. Best value: 3.23087:  36%|███▌      | 181/500 [19:29<36:22,  6.84s/it]Best trial: 89. Best value: 3.23087:  36%|███▋      | 182/500 [19:29<36:50,  6.95s/it]                                                                                      Best trial: 89. Best value: 3.23087:  36%|███▋      | 182/500 [19:34<36:50,  6.95s/it]Best trial: 89. Best value: 3.23087:  36%|███▋      | 182/500 [19:34<36:50,  6.95s/it]Best trial: 89. Best value: 3.23087:  37%|███▋      | 183/500 [19:34<33:54,  6.42s/it]                                                                                      Best trial: 89. Best value: 3.23087:  37%|███▋      | 183/500 [19:41<33:54,  6.42s/it]Best trial: 89. Best value: 3.23087:  37%|███▋      | 183/500 [19:41<33:54,  6.42s/it]Best trial: 89. Best value: 3.23087:  37%|███▋      | 184/500 [19:41<35:13,  6.69s/it]                                                                                      Best trial: 89. Best value: 3.23087:  37%|███▋      | 184/500 [19:48<35:13,  6.69s/it]Best trial: 89. Best value: 3.23087:  37%|███▋      | 184/500 [19:48<35:13,  6.69s/it]Best trial: 89. Best value: 3.23087:  37%|███▋      | 185/500 [19:48<35:20,  6.73s/it]                                                                                      Best trial: 89. Best value: 3.23087:  37%|███▋      | 185/500 [19:54<35:20,  6.73s/it]Best trial: 89. Best value: 3.23087:  37%|███▋      | 185/500 [19:55<35:20,  6.73s/it]Best trial: 89. Best value: 3.23087:  37%|███▋      | 186/500 [19:55<35:04,  6.70s/it]                                                                                      Best trial: 89. Best value: 3.23087:  37%|███▋      | 186/500 [20:02<35:04,  6.70s/it]Best trial: 89. Best value: 3.23087:  37%|███▋      | 186/500 [20:02<35:04,  6.70s/it]Best trial: 89. Best value: 3.23087:  37%|███▋      | 187/500 [20:02<36:03,  6.91s/it]                                                                                      Best trial: 89. Best value: 3.23087:  37%|███▋      | 187/500 [20:07<36:03,  6.91s/it]Best trial: 89. Best value: 3.23087:  37%|███▋      | 187/500 [20:08<36:03,  6.91s/it]Best trial: 89. Best value: 3.23087:  38%|███▊      | 188/500 [20:08<33:55,  6.52s/it]                                                                                      Best trial: 89. Best value: 3.23087:  38%|███▊      | 188/500 [20:15<33:55,  6.52s/it]Best trial: 89. Best value: 3.23087:  38%|███▊      | 188/500 [20:15<33:55,  6.52s/it]Best trial: 89. Best value: 3.23087:  38%|███▊      | 189/500 [20:15<34:46,  6.71s/it]                                                                                      Best trial: 89. Best value: 3.23087:  38%|███▊      | 189/500 [20:22<34:46,  6.71s/it]Best trial: 89. Best value: 3.23087:  38%|███▊      | 189/500 [20:22<34:46,  6.71s/it]Best trial: 89. Best value: 3.23087:  38%|███▊      | 190/500 [20:22<35:48,  6.93s/it]                                                                                      Best trial: 89. Best value: 3.23087:  38%|███▊      | 190/500 [20:29<35:48,  6.93s/it]Best trial: 89. Best value: 3.23087:  38%|███▊      | 190/500 [20:30<35:48,  6.93s/it]Best trial: 89. Best value: 3.23087:  38%|███▊      | 191/500 [20:30<36:27,  7.08s/it]                                                                                      Best trial: 89. Best value: 3.23087:  38%|███▊      | 191/500 [20:35<36:27,  7.08s/it]Best trial: 89. Best value: 3.23087:  38%|███▊      | 191/500 [20:35<36:27,  7.08s/it]Best trial: 89. Best value: 3.23087:  38%|███▊      | 192/500 [20:35<34:06,  6.64s/it]                                                                                      
[I 2026-05-03 13:24:45,927] Trial 181 finished with value: 3.5062445519706507 and parameters: {'f_n': 3.0825632301845387e-07, 'K_d': 297902.56458145, 'rho_d': 15356096823578.281, 'fission_rate': 6.784443359929492e+19, 'Dg_D1_scale': 0.523133045631769, 'Dg_D3_scale': 0.30740822973693926, 'Dv_D1_scale': 0.246751563072669, 'Dv_D2_scale': 0.29148248598619714, 'b_bulk_scale': 0.25573138119822814, 'b_dislocation_scale': 0.47128964279616736, 'gb_scale': 0.24967416647956958, 'gd_bubble_scale': 1.5831409659736122, 'gd_line_scale': 1.5949340710023112, 'gd_line_alpha': 0.5587771025367513, 'coalescence_d_scale': 0.6343375302597652, 'capture_scale': 0.02889276577201859}. Best is trial 89 with value: 3.2308694002208087.
[I 2026-05-03 13:24:51,104] Trial 182 finished with value: 3.6623255385584104 and parameters: {'f_n': 1.8988716537571507e-07, 'K_d': 300976.12484, 'rho_d': 14178649077631.033, 'fission_rate': 6.993335315985808e+19, 'Dg_D1_scale': 0.5853850364993309, 'Dg_D3_scale': 0.3360118217189899, 'Dv_D1_scale': 0.2454476843848689, 'Dv_D2_scale': 0.27302114882891015, 'b_bulk_scale': 0.37959505813556726, 'b_dislocation_scale': 0.42785286380196946, 'gb_scale': 0.1002925304973759, 'gd_bubble_scale': 4.645637479971822, 'gd_line_scale': 1.8488369644819314, 'gd_line_alpha': 0.5310943750314606, 'coalescence_d_scale': 0.566281063778162, 'capture_scale': 0.02535980148828682}. Best is trial 89 with value: 3.2308694002208087.
[I 2026-05-03 13:24:58,425] Trial 183 finished with value: 3.4829559864586117 and parameters: {'f_n': 3.703166864870407e-07, 'K_d': 327888.581605223, 'rho_d': 16778432670673.338, 'fission_rate': 6.63398222316059e+19, 'Dg_D1_scale': 0.5691374963041267, 'Dg_D3_scale': 0.29479261139986446, 'Dv_D1_scale': 0.2826510775651267, 'Dv_D2_scale': 0.31872840443985717, 'b_bulk_scale': 0.2868362808657134, 'b_dislocation_scale': 0.37046803397641787, 'gb_scale': 0.3670114274953786, 'gd_bubble_scale': 2.0422767117304996, 'gd_line_scale': 1.400305155792302, 'gd_line_alpha': 0.5102673012871025, 'coalescence_d_scale': 0.7452354292864136, 'capture_scale': 0.04165961745762497}. Best is trial 89 with value: 3.2308694002208087.
[I 2026-05-03 13:25:05,252] Trial 184 finished with value: 3.730541606306025 and parameters: {'f_n': 4.934072538447261e-07, 'K_d': 260683.87726943666, 'rho_d': 18520840119825.535, 'fission_rate': 7.1423625157781275e+19, 'Dg_D1_scale': 0.6737888507463796, 'Dg_D3_scale': 0.15047215294296346, 'Dv_D1_scale': 0.23602079441629156, 'Dv_D2_scale': 0.36808945971501233, 'b_bulk_scale': 0.3133151564694441, 'b_dislocation_scale': 0.6142239861498077, 'gb_scale': 0.2782551641670857, 'gd_bubble_scale': 1.7197576603980769, 'gd_line_scale': 1.283955738696044, 'gd_line_alpha': 0.4059426769121668, 'coalescence_d_scale': 0.6817585167131097, 'capture_scale': 0.029420233035986107}. Best is trial 89 with value: 3.2308694002208087.
[I 2026-05-03 13:25:11,888] Trial 185 finished with value: 4.06284138953513 and parameters: {'f_n': 2.352752205454065e-07, 'K_d': 312192.22492820444, 'rho_d': 12968192182945.191, 'fission_rate': 6.70827307764872e+19, 'Dg_D1_scale': 0.5640401050118663, 'Dg_D3_scale': 0.3180752353259164, 'Dv_D1_scale': 0.599497469012342, 'Dv_D2_scale': 0.23628205717309048, 'b_bulk_scale': 0.1685205502142494, 'b_dislocation_scale': 0.4642260805899065, 'gb_scale': 0.16760510217176838, 'gd_bubble_scale': 1.3736256957105937, 'gd_line_scale': 0.9183254676439563, 'gd_line_alpha': 0.5977589991743512, 'coalescence_d_scale': 0.835214004726718, 'capture_scale': 0.03613093999551008}. Best is trial 89 with value: 3.2308694002208087.
[I 2026-05-03 13:25:19,281] Trial 186 finished with value: 3.515768633256971 and parameters: {'f_n': 7.140726315856486e-07, 'K_d': 349768.09268868685, 'rho_d': 15666877802315.205, 'fission_rate': 6.899292147712725e+19, 'Dg_D1_scale': 1.3694491717682116, 'Dg_D3_scale': 0.26275190187293707, 'Dv_D1_scale': 0.2602483118327326, 'Dv_D2_scale': 0.33303005686630294, 'b_bulk_scale': 0.2244597286477821, 'b_dislocation_scale': 0.32096846177090443, 'gb_scale': 0.13917320328470095, 'gd_bubble_scale': 1.9191870609326136, 'gd_line_scale': 1.79346653383804, 'gd_line_alpha': 0.4323066562023468, 'coalescence_d_scale': 0.519075515357654, 'capture_scale': 0.08352963938553501}. Best is trial 89 with value: 3.2308694002208087.
[I 2026-05-03 13:25:24,904] Trial 187 finished with value: 3.6461928752707147 and parameters: {'f_n': 6.963236168362446e-08, 'K_d': 278188.02750177326, 'rho_d': 20434861173988.95, 'fission_rate': 6.528425366861914e+19, 'Dg_D1_scale': 0.8291756261049441, 'Dg_D3_scale': 0.280591195502281, 'Dv_D1_scale': 0.22092227709825354, 'Dv_D2_scale': 0.25607132954983475, 'b_bulk_scale': 0.5705513570625567, 'b_dislocation_scale': 0.5475945194759781, 'gb_scale': 0.25233313751305664, 'gd_bubble_scale': 1.1222827921588716, 'gd_line_scale': 1.5370243408260302, 'gd_line_alpha': 0.5725265658134322, 'coalescence_d_scale': 0.21901274404238422, 'capture_scale': 0.017196337279901604}. Best is trial 89 with value: 3.2308694002208087.
[I 2026-05-03 13:25:32,045] Trial 188 finished with value: 4.3254490960288585 and parameters: {'f_n': 1.7791663122467362e-10, 'K_d': 294936.1511602714, 'rho_d': 17139810063009.104, 'fission_rate': 6.779320132777284e+19, 'Dg_D1_scale': 0.306252003450534, 'Dg_D3_scale': 0.16791383134985274, 'Dv_D1_scale': 0.7203462911501852, 'Dv_D2_scale': 0.30003628113496195, 'b_bulk_scale': 0.4217075055838358, 'b_dislocation_scale': 0.4023872019003228, 'gb_scale': 2.305358404591225, 'gd_bubble_scale': 2.2869176198194854, 'gd_line_scale': 1.0059119236638383, 'gd_line_alpha': 0.47886997037220663, 'coalescence_d_scale': 0.4392362911756133, 'capture_scale': 0.023442890624787265}. Best is trial 89 with value: 3.2308694002208087.
[I 2026-05-03 13:25:39,447] Trial 189 finished with value: 4.653387971089499 and parameters: {'f_n': 1.5300185212943082e-07, 'K_d': 1460858.5643613886, 'rho_d': 13873435166163.2, 'fission_rate': 6.629477024894729e+19, 'Dg_D1_scale': 0.16357559121891363, 'Dg_D3_scale': 0.29681270456519454, 'Dv_D1_scale': 0.21219252285494303, 'Dv_D2_scale': 0.27563001366296785, 'b_bulk_scale': 0.2616688456953228, 'b_dislocation_scale': 0.3515202788951476, 'gb_scale': 0.3135693368755867, 'gd_bubble_scale': 9.687598890384601, 'gd_line_scale': 1.1294394770627214, 'gd_line_alpha': 0.45934839533327565, 'coalescence_d_scale': 8.986933067389808, 'capture_scale': 0.1126292152835134}. Best is trial 89 with value: 3.2308694002208087.
[I 2026-05-03 13:25:46,920] Trial 190 finished with value: 3.833833240171854 and parameters: {'f_n': 1.2939449291863873e-06, 'K_d': 250814.6579362032, 'rho_d': 22961831570971.82, 'fission_rate': 6.836862938744689e+19, 'Dg_D1_scale': 0.49325114469982323, 'Dg_D3_scale': 0.3380946441951069, 'Dv_D1_scale': 0.4900941667701472, 'Dv_D2_scale': 0.5533394441180077, 'b_bulk_scale': 0.9508826719479412, 'b_dislocation_scale': 0.4933435535036756, 'gb_scale': 1.7360679916739667, 'gd_bubble_scale': 3.9919059006720987, 'gd_line_scale': 1.3706210594175785, 'gd_line_alpha': 0.3711206059256472, 'coalescence_d_scale': 0.6111254625906669, 'capture_scale': 0.04904672156983143}. Best is trial 89 with value: 3.2308694002208087.
[I 2026-05-03 13:25:52,543] Trial 191 finished with value: 3.5168945200849926 and parameters: {'f_n': 5.32797790113005e-07, 'K_d': 269408.9640392762, 'rho_d': 19287741512392.746, 'fission_rate': 6.686970867389275e+19, 'Dg_D1_scale': 0.49359203479535096, 'Dg_D3_scale': 0.3155214678223515, 'Dv_D1_scale': 0.2955308689557485, 'Dv_D2_scale': 0.258201317704281, 'b_bulk_scale': 0.35139719211664117, 'b_dislocation_scale': 0.27075406935299906, 'gb_scale': 0.22787862628721803, 'gd_bubble_scale': 2.552025563655694, 'gd_line_scale': 1.0829276460602277, 'gd_line_alpha': 0.5405981388957098, 'coalescence_d_scale': 0.5883620260821443, 'capture_scale': 0.024809529734676494}. Best is trial 89 with value: 3.2308694002208087.
[I 2026-05-03 13:26:00,235] Trial 192 finished with value: 3.78127931133123 and parameters: {'f_n': 6.131930743114584e-07, 'K_d': 902506.309093659, 'rho_d': 18648379794771.723, 'fission_rate': 6.4457487015502496e+19, 'Dg_D1_scale': 0.5506606436882145, 'Dg_D3_scale': 0.32502435008785957, 'Dv_D1_scale': 0.28305386860058224, 'Dv_D2_scale': 0.28465532235805124, 'b_bulk_scale': 0.3928553816589908, 'b_dislocation_scale': 0.309568961234394, 'gb_scale': 0.19181055035373332, 'gd_bubble_scale': 2.361461193302399, 'gd_line_scale': 1.2281569622827462, 'gd_line_alpha': 0.4416254949438095, 'coalescence_d_scale': 0.6702988508529993, 'capture_scale': 0.021118850171363696}. Best is trial 89 with value: 3.2308694002208087.Best trial: 89. Best value: 3.23087:  38%|███▊      | 192/500 [20:43<34:06,  6.64s/it]Best trial: 89. Best value: 3.23087:  38%|███▊      | 192/500 [20:43<34:06,  6.64s/it]Best trial: 89. Best value: 3.23087:  39%|███▊      | 193/500 [20:43<35:38,  6.96s/it]                                                                                      Best trial: 89. Best value: 3.23087:  39%|███▊      | 193/500 [20:50<35:38,  6.96s/it]Best trial: 89. Best value: 3.23087:  39%|███▊      | 193/500 [20:50<35:38,  6.96s/it]Best trial: 89. Best value: 3.23087:  39%|███▉      | 194/500 [20:50<36:21,  7.13s/it]                                                                                      Best trial: 89. Best value: 3.23087:  39%|███▉      | 194/500 [20:58<36:21,  7.13s/it]Best trial: 89. Best value: 3.23087:  39%|███▉      | 194/500 [20:58<36:21,  7.13s/it]Best trial: 89. Best value: 3.23087:  39%|███▉      | 195/500 [20:58<36:44,  7.23s/it]                                                                                      Best trial: 89. Best value: 3.23087:  39%|███▉      | 195/500 [21:06<36:44,  7.23s/it]Best trial: 89. Best value: 3.23087:  39%|███▉      | 195/500 [21:06<36:44,  7.23s/it]Best trial: 89. Best value: 3.23087:  39%|███▉      | 196/500 [21:06<37:36,  7.42s/it]                                                                                      Best trial: 89. Best value: 3.23087:  39%|███▉      | 196/500 [21:11<37:36,  7.42s/it]Best trial: 89. Best value: 3.23087:  39%|███▉      | 196/500 [21:11<37:36,  7.42s/it]Best trial: 89. Best value: 3.23087:  39%|███▉      | 197/500 [21:11<34:37,  6.86s/it]                                                                                      Best trial: 89. Best value: 3.23087:  39%|███▉      | 197/500 [21:18<34:37,  6.86s/it]Best trial: 89. Best value: 3.23087:  39%|███▉      | 197/500 [21:18<34:37,  6.86s/it]Best trial: 89. Best value: 3.23087:  40%|███▉      | 198/500 [21:18<34:56,  6.94s/it]                                                                                      Best trial: 89. Best value: 3.23087:  40%|███▉      | 198/500 [21:26<34:56,  6.94s/it]Best trial: 89. Best value: 3.23087:  40%|███▉      | 198/500 [21:26<34:56,  6.94s/it]Best trial: 89. Best value: 3.23087:  40%|███▉      | 199/500 [21:26<35:15,  7.03s/it]                                                                                      Best trial: 89. Best value: 3.23087:  40%|███▉      | 199/500 [21:32<35:15,  7.03s/it]Best trial: 89. Best value: 3.23087:  40%|███▉      | 199/500 [21:32<35:15,  7.03s/it]Best trial: 89. Best value: 3.23087:  40%|████      | 200/500 [21:32<34:27,  6.89s/it]                                                                                      Best trial: 89. Best value: 3.23087:  40%|████      | 200/500 [21:38<34:27,  6.89s/it]Best trial: 89. Best value: 3.23087:  40%|████      | 200/500 [21:38<34:27,  6.89s/it]Best trial: 89. Best value: 3.23087:  40%|████      | 201/500 [21:38<32:06,  6.44s/it]                                                                                      Best trial: 89. Best value: 3.23087:  40%|████      | 201/500 [21:45<32:06,  6.44s/it]Best trial: 89. Best value: 3.23087:  40%|████      | 201/500 [21:45<32:06,  6.44s/it]Best trial: 89. Best value: 3.23087:  40%|████      | 202/500 [21:45<33:19,  6.71s/it]                                                                                      Best trial: 89. Best value: 3.23087:  40%|████      | 202/500 [21:52<33:19,  6.71s/it]Best trial: 89. Best value: 3.23087:  40%|████      | 202/500 [21:52<33:19,  6.71s/it]Best trial: 89. Best value: 3.23087:  41%|████      | 203/500 [21:52<34:06,  6.89s/it]                                                                                      Best trial: 89. Best value: 3.23087:  41%|████      | 203/500 [21:59<34:06,  6.89s/it]Best trial: 89. Best value: 3.23087:  41%|████      | 203/500 [22:00<34:06,  6.89s/it]Best trial: 89. Best value: 3.23087:  41%|████      | 204/500 [22:00<34:33,  7.00s/it]                                                                                      
