[I 2026-05-03 13:17:23,456] Trial 115 finished with value: 4.4884480173457435 and parameters: {'f_n': 6.060230483877069e-08, 'K_d': 345840.0873225684, 'rho_d': 18955729930808.555, 'fission_rate': 7.629451551813063e+19, 'Dg_D1_scale': 0.7317174162390948, 'Dg_D3_scale': 0.26937909874028476, 'Dv_D1_scale': 0.32872897025085357, 'Dv_D2_scale': 0.45635015009979857, 'b_bulk_scale': 0.8474064660047408, 'b_dislocation_scale': 0.5654588908698196, 'gb_scale': 0.25168738846438465, 'gd_bubble_scale': 0.05022914203506556, 'gd_line_scale': 4.922124046599791, 'gd_line_alpha': 0.9114016693494659, 'coalescence_d_scale': 0.4790729219981018, 'capture_scale': 0.12885942455735003}. Best is trial 89 with value: 3.2308694002208087.
[I 2026-05-03 13:17:27,947] Trial 116 finished with value: 4.193793688351389 and parameters: {'f_n': 1.429592616892838e-07, 'K_d': 670045.4808105615, 'rho_d': 13158866581971.076, 'fission_rate': 7.34981815390449e+19, 'Dg_D1_scale': 0.49529974180722947, 'Dg_D3_scale': 0.1580568071092467, 'Dv_D1_scale': 0.2561193153777429, 'Dv_D2_scale': 1.9133451237417114, 'b_bulk_scale': 0.19973650578734328, 'b_dislocation_scale': 0.430396543982861, 'gb_scale': 1.0163118544602603, 'gd_bubble_scale': 0.4370595852494495, 'gd_line_scale': 1.470573611700003, 'gd_line_alpha': 0.8674450571378349, 'coalescence_d_scale': 0.5926551684946566, 'capture_scale': 0.4411474099756745}. Best is trial 89 with value: 3.2308694002208087.
[I 2026-05-03 13:17:34,275] Trial 117 finished with value: 3.8918537097391814 and parameters: {'f_n': 2.1732374609969072e-07, 'K_d': 460104.8522151242, 'rho_d': 23681573977722.78, 'fission_rate': 7.042198674816893e+19, 'Dg_D1_scale': 1.273089462721627, 'Dg_D3_scale': 0.24549427365216836, 'Dv_D1_scale': 0.37319645384478733, 'Dv_D2_scale': 0.34184547318447017, 'b_bulk_scale': 0.18327041053008242, 'b_dislocation_scale': 0.4794624075226354, 'gb_scale': 1.8044261287463101, 'gd_bubble_scale': 0.06823264243534347, 'gd_line_scale': 3.002209646676134, 'gd_line_alpha': 0.9300651016310427, 'coalescence_d_scale': 1.0673617515835332, 'capture_scale': 0.15417578124228057}. Best is trial 89 with value: 3.2308694002208087.
[I 2026-05-03 13:17:38,195] Trial 118 finished with value: 4.32364000697895 and parameters: {'f_n': 5.241798295649001e-07, 'K_d': 224828.5496884702, 'rho_d': 14818827108296.324, 'fission_rate': 7.451469784410189e+19, 'Dg_D1_scale': 0.8903106346674493, 'Dg_D3_scale': 0.21504629476074522, 'Dv_D1_scale': 0.20765609216945938, 'Dv_D2_scale': 1.3993040869039346, 'b_bulk_scale': 0.1455204151844557, 'b_dislocation_scale': 0.7269841113001694, 'gb_scale': 2.0533279512514553, 'gd_bubble_scale': 0.13252302844132482, 'gd_line_scale': 2.236991409095887, 'gd_line_alpha': 0.6669340392049337, 'coalescence_d_scale': 0.9019222019917328, 'capture_scale': 0.10070460411497031}. Best is trial 89 with value: 3.2308694002208087.
[I 2026-05-03 13:17:44,411] Trial 119 finished with value: 3.6046601531318445 and parameters: {'f_n': 9.688912730748552e-08, 'K_d': 334915.5248553691, 'rho_d': 14108882378053.723, 'fission_rate': 7.943733386884009e+19, 'Dg_D1_scale': 1.0141498327562672, 'Dg_D3_scale': 0.18733291389830475, 'Dv_D1_scale': 0.2959359097992077, 'Dv_D2_scale': 0.5941938928829819, 'b_bulk_scale': 0.09145806602889077, 'b_dislocation_scale': 0.36422524296332637, 'gb_scale': 0.46690885351072076, 'gd_bubble_scale': 8.239857755199415, 'gd_line_scale': 3.821572862528179, 'gd_line_alpha': 0.4667748482075668, 'coalescence_d_scale': 2.118586214510712, 'capture_scale': 0.21834197299699207}. Best is trial 89 with value: 3.2308694002208087.
[I 2026-05-03 13:17:49,723] Trial 120 finished with value: 9.730752140130804 and parameters: {'f_n': 3.5536429702755176e-07, 'K_d': 540191.1173993098, 'rho_d': 16749936565485.762, 'fission_rate': 6.902238275307077e+19, 'Dg_D1_scale': 0.8049562011712419, 'Dg_D3_scale': 0.7348540429756387, 'Dv_D1_scale': 3.0045148746240122, 'Dv_D2_scale': 0.8858752144987172, 'b_bulk_scale': 2.3804582891144164, 'b_dislocation_scale': 0.27397766103765986, 'gb_scale': 0.36466161740276143, 'gd_bubble_scale': 2.413589782582277, 'gd_line_scale': 5.632904531249735, 'gd_line_alpha': 0.741934363324952, 'coalescence_d_scale': 1.5170008603599372, 'capture_scale': 0.0766839674152782}. Best is trial 89 with value: 3.2308694002208087.Best trial: 89. Best value: 3.23087:  24%|██▍       | 120/500 [12:32<35:03,  5.54s/it]Best trial: 89. Best value: 3.23087:  24%|██▍       | 120/500 [12:32<35:03,  5.54s/it]Best trial: 89. Best value: 3.23087:  24%|██▍       | 121/500 [12:32<34:32,  5.47s/it]                                                                                      Best trial: 89. Best value: 3.23087:  24%|██▍       | 121/500 [12:39<34:32,  5.47s/it]Best trial: 89. Best value: 3.23087:  24%|██▍       | 121/500 [12:39<34:32,  5.47s/it]Best trial: 89. Best value: 3.23087:  24%|██▍       | 122/500 [12:39<36:02,  5.72s/it]                                                                                      Best trial: 89. Best value: 3.23087:  24%|██▍       | 122/500 [12:45<36:02,  5.72s/it]Best trial: 89. Best value: 3.23087:  24%|██▍       | 122/500 [12:45<36:02,  5.72s/it]Best trial: 89. Best value: 3.23087:  25%|██▍       | 123/500 [12:45<37:12,  5.92s/it]                                                                                      Best trial: 89. Best value: 3.23087:  25%|██▍       | 123/500 [12:51<37:12,  5.92s/it]Best trial: 89. Best value: 3.23087:  25%|██▍       | 123/500 [12:51<37:12,  5.92s/it]Best trial: 89. Best value: 3.23087:  25%|██▍       | 124/500 [12:51<37:57,  6.06s/it]                                                                                      Best trial: 89. Best value: 3.23087:  25%|██▍       | 124/500 [12:58<37:57,  6.06s/it]Best trial: 89. Best value: 3.23087:  25%|██▍       | 124/500 [12:58<37:57,  6.06s/it]Best trial: 89. Best value: 3.23087:  25%|██▌       | 125/500 [12:58<38:54,  6.23s/it]                                                                                      Best trial: 89. Best value: 3.23087:  25%|██▌       | 125/500 [13:03<38:54,  6.23s/it]Best trial: 89. Best value: 3.23087:  25%|██▌       | 125/500 [13:03<38:54,  6.23s/it]Best trial: 89. Best value: 3.23087:  25%|██▌       | 126/500 [13:03<36:09,  5.80s/it]                                                                                      Best trial: 89. Best value: 3.23087:  25%|██▌       | 126/500 [13:10<36:09,  5.80s/it]Best trial: 89. Best value: 3.23087:  25%|██▌       | 126/500 [13:10<36:09,  5.80s/it]Best trial: 89. Best value: 3.23087:  25%|██▌       | 127/500 [13:10<39:07,  6.29s/it]                                                                                      Best trial: 89. Best value: 3.23087:  25%|██▌       | 127/500 [13:17<39:07,  6.29s/it]Best trial: 89. Best value: 3.23087:  25%|██▌       | 127/500 [13:17<39:07,  6.29s/it]Best trial: 89. Best value: 3.23087:  26%|██▌       | 128/500 [13:17<39:23,  6.35s/it]                                                                                      Best trial: 89. Best value: 3.23087:  26%|██▌       | 128/500 [13:23<39:23,  6.35s/it]Best trial: 89. Best value: 3.23087:  26%|██▌       | 128/500 [13:23<39:23,  6.35s/it]Best trial: 89. Best value: 3.23087:  26%|██▌       | 129/500 [13:23<39:46,  6.43s/it]                                                                                      Best trial: 89. Best value: 3.23087:  26%|██▌       | 129/500 [13:30<39:46,  6.43s/it]Best trial: 89. Best value: 3.23087:  26%|██▌       | 129/500 [13:30<39:46,  6.43s/it]Best trial: 89. Best value: 3.23087:  26%|██▌       | 130/500 [13:30<39:47,  6.45s/it]                                                                                      Best trial: 89. Best value: 3.23087:  26%|██▌       | 130/500 [13:34<39:47,  6.45s/it]Best trial: 89. Best value: 3.23087:  26%|██▌       | 130/500 [13:34<39:47,  6.45s/it]Best trial: 89. Best value: 3.23087:  26%|██▌       | 131/500 [13:34<35:39,  5.80s/it]                                                                                      Best trial: 89. Best value: 3.23087:  26%|██▌       | 131/500 [13:41<35:39,  5.80s/it]Best trial: 89. Best value: 3.23087:  26%|██▌       | 131/500 [13:42<35:39,  5.80s/it]Best trial: 89. Best value: 3.23087:  26%|██▋       | 132/500 [13:42<38:26,  6.27s/it]                                                                                      
[I 2026-05-03 13:17:56,038] Trial 121 finished with value: 3.673101055765909 and parameters: {'f_n': 1.214251374090541e-07, 'K_d': 252606.40641855114, 'rho_d': 16606804116734.547, 'fission_rate': 7.83552670891049e+19, 'Dg_D1_scale': 0.6285360474879732, 'Dg_D3_scale': 0.23370341891884952, 'Dv_D1_scale': 0.23715179188053573, 'Dv_D2_scale': 0.43938347017960505, 'b_bulk_scale': 0.2737280587033191, 'b_dislocation_scale': 0.4075059409389564, 'gb_scale': 0.1847965738627876, 'gd_bubble_scale': 0.8369007387075132, 'gd_line_scale': 3.317987369479606, 'gd_line_alpha': 0.8437492041092606, 'coalescence_d_scale': 0.7912617454796221, 'capture_scale': 0.08784308214379372}. Best is trial 89 with value: 3.2308694002208087.
[I 2026-05-03 13:18:02,428] Trial 122 finished with value: 3.47495555780836 and parameters: {'f_n': 1.7209649349819608e-07, 'K_d': 261664.96928984032, 'rho_d': 16248335743870.777, 'fission_rate': 7.724262975783499e+19, 'Dg_D1_scale': 0.6907680769188629, 'Dg_D3_scale': 0.30872290990958456, 'Dv_D1_scale': 0.2503264687650123, 'Dv_D2_scale': 0.49932467162526833, 'b_bulk_scale': 0.245920146678142, 'b_dislocation_scale': 0.5344596494908135, 'gb_scale': 0.38999208607264035, 'gd_bubble_scale': 0.7637343000922805, 'gd_line_scale': 2.066702075072285, 'gd_line_alpha': 0.7808033834591999, 'coalescence_d_scale': 0.6739245130152225, 'capture_scale': 0.06587977901291801}. Best is trial 89 with value: 3.2308694002208087.
[I 2026-05-03 13:18:08,799] Trial 123 finished with value: 3.381446420899758 and parameters: {'f_n': 2.520580505814759e-07, 'K_d': 278107.4679612751, 'rho_d': 18229898986777.99, 'fission_rate': 7.693131461684681e+19, 'Dg_D1_scale': 0.5664391593953675, 'Dg_D3_scale': 0.3010814483040853, 'Dv_D1_scale': 0.2666218136031655, 'Dv_D2_scale': 0.5111795445521382, 'b_bulk_scale': 0.2284340057611079, 'b_dislocation_scale': 0.5139639657121362, 'gb_scale': 0.26579621506801526, 'gd_bubble_scale': 1.2456572226694766, 'gd_line_scale': 2.7489342030482273, 'gd_line_alpha': 0.7780251892631319, 'coalescence_d_scale': 0.5234747597175927, 'capture_scale': 0.04239775532988741}. Best is trial 89 with value: 3.2308694002208087.
[I 2026-05-03 13:18:15,410] Trial 124 finished with value: 3.549070340226283 and parameters: {'f_n': 2.5240871188861703e-07, 'K_d': 235129.7188480107, 'rho_d': 12314694097254.998, 'fission_rate': 7.549794835102838e+19, 'Dg_D1_scale': 0.4629960186328374, 'Dg_D3_scale': 0.3170504738525665, 'Dv_D1_scale': 0.2736785805274618, 'Dv_D2_scale': 0.5022235590307592, 'b_bulk_scale': 0.22414766666876673, 'b_dislocation_scale': 0.5597045726853245, 'gb_scale': 0.2902547782680423, 'gd_bubble_scale': 1.303291262518252, 'gd_line_scale': 2.6610169612494023, 'gd_line_alpha': 0.7823906643561813, 'coalescence_d_scale': 0.4259555639165308, 'capture_scale': 0.0422361581770545}. Best is trial 89 with value: 3.2308694002208087.
[I 2026-05-03 13:18:20,221] Trial 125 finished with value: 3.939491843403354 and parameters: {'f_n': 1.5841630617542311e-09, 'K_d': 212913.17351293648, 'rho_d': 15201605459695.12, 'fission_rate': 7.71197540115471e+19, 'Dg_D1_scale': 0.6892479219397237, 'Dg_D3_scale': 0.4622079416443833, 'Dv_D1_scale': 0.26166914417702175, 'Dv_D2_scale': 0.48611037284847897, 'b_bulk_scale': 0.3229348951536192, 'b_dislocation_scale': 0.6364421415228769, 'gb_scale': 0.16353165205610892, 'gd_bubble_scale': 0.708267576395895, 'gd_line_scale': 2.8921904075400313, 'gd_line_alpha': 0.7691621936675597, 'coalescence_d_scale': 0.6412551810561069, 'capture_scale': 0.06210641940903357}. Best is trial 89 with value: 3.2308694002208087.
[I 2026-05-03 13:18:27,620] Trial 126 finished with value: 3.8963303392343107 and parameters: {'f_n': 1.9172005187323565e-07, 'K_d': 304284.89103495824, 'rho_d': 18433158890782.035, 'fission_rate': 7.198341256245812e+19, 'Dg_D1_scale': 1.164062848075028, 'Dg_D3_scale': 0.3524360086157681, 'Dv_D1_scale': 0.34876490529347265, 'Dv_D2_scale': 0.38778971539760915, 'b_bulk_scale': 0.3562121042549894, 'b_dislocation_scale': 0.31119108759706043, 'gb_scale': 0.3972400259253016, 'gd_bubble_scale': 0.5395660892465339, 'gd_line_scale': 2.1396777445098705, 'gd_line_alpha': 0.7509795812300117, 'coalescence_d_scale': 0.572540443178385, 'capture_scale': 0.0693917873419977}. Best is trial 89 with value: 3.2308694002208087.
[I 2026-05-03 13:18:34,153] Trial 127 finished with value: 3.7869501655138404 and parameters: {'f_n': 8.204524592868214e-07, 'K_d': 281762.9013812589, 'rho_d': 13630958274514.988, 'fission_rate': 7.636213948986912e+19, 'Dg_D1_scale': 0.9140631289951702, 'Dg_D3_scale': 0.17195674867829366, 'Dv_D1_scale': 0.29121197486090217, 'Dv_D2_scale': 0.5322100232621094, 'b_bulk_scale': 0.167532572509614, 'b_dislocation_scale': 0.46237995139348137, 'gb_scale': 0.2933350481626305, 'gd_bubble_scale': 1.0157135025141462, 'gd_line_scale': 1.9409987321003523, 'gd_line_alpha': 0.7228241344661273, 'coalescence_d_scale': 0.5275671718833748, 'capture_scale': 0.047079299095822015}. Best is trial 89 with value: 3.2308694002208087.
[I 2026-05-03 13:18:40,781] Trial 128 finished with value: 3.47408409436583 and parameters: {'f_n': 2.6070474327879385e-07, 'K_d': 274871.3859406499, 'rho_d': 15910295984153.85, 'fission_rate': 7.3824252545263e+19, 'Dg_D1_scale': 0.7562057969495808, 'Dg_D3_scale': 0.387410198119603, 'Dv_D1_scale': 0.31081046475393564, 'Dv_D2_scale': 0.4116482322015067, 'b_bulk_scale': 0.2649293357892153, 'b_dislocation_scale': 0.34551987105986776, 'gb_scale': 0.4545659804260503, 'gd_bubble_scale': 1.1591208045281394, 'gd_line_scale': 1.6291518213793492, 'gd_line_alpha': 0.4951904332940319, 'coalescence_d_scale': 0.6778754633131133, 'capture_scale': 0.05437188789832004}. Best is trial 89 with value: 3.2308694002208087.
[I 2026-05-03 13:18:47,281] Trial 129 finished with value: 4.6462657892240395 and parameters: {'f_n': 2.667857927678407e-07, 'K_d': 418584.7170388677, 'rho_d': 15965484883286.172, 'fission_rate': 7.338535418375288e+19, 'Dg_D1_scale': 0.7549160642609963, 'Dg_D3_scale': 0.274473763329637, 'Dv_D1_scale': 1.4032407305627612, 'Dv_D2_scale': 0.41834841080542173, 'b_bulk_scale': 0.2485121416299729, 'b_dislocation_scale': 0.3416006558639021, 'gb_scale': 0.4444667009351626, 'gd_bubble_scale': 1.1868095114549806, 'gd_line_scale': 2.402363896538945, 'gd_line_alpha': 0.49172614356553856, 'coalescence_d_scale': 0.7075627467671458, 'capture_scale': 0.05203433723276304}. Best is trial 89 with value: 3.2308694002208087.
[I 2026-05-03 13:18:51,546] Trial 130 finished with value: 3.5737535048317204 and parameters: {'f_n': 1.878621850982423e-08, 'K_d': 758097.8026350228, 'rho_d': 11624804821918.5, 'fission_rate': 7.991569862154009e+19, 'Dg_D1_scale': 0.52488894676197, 'Dg_D3_scale': 0.400421320639388, 'Dv_D1_scale': 0.3117872721919075, 'Dv_D2_scale': 0.37179073210156127, 'b_bulk_scale': 0.21533647507123804, 'b_dislocation_scale': 0.3940630448898135, 'gb_scale': 0.21427069217816577, 'gd_bubble_scale': 0.6071101067985173, 'gd_line_scale': 1.2133709634674763, 'gd_line_alpha': 0.6836994483637078, 'coalescence_d_scale': 0.9835488845012141, 'capture_scale': 0.060218293329971966}. Best is trial 89 with value: 3.2308694002208087.
[I 2026-05-03 13:18:58,912] Trial 131 finished with value: 3.421984400027073 and parameters: {'f_n': 1.546376408086949e-07, 'K_d': 268625.68270533846, 'rho_d': 21033097397319.4, 'fission_rate': 6.771789638819162e+19, 'Dg_D1_scale': 0.5786438291691639, 'Dg_D3_scale': 0.2996902269588465, 'Dv_D1_scale': 0.24740706728256745, 'Dv_D2_scale': 0.2949337023055034, 'b_bulk_scale': 0.2638531455289643, 'b_dislocation_scale': 0.519501053748506, 'gb_scale': 0.32654759402910294, 'gd_bubble_scale': 1.193355443512818, 'gd_line_scale': 1.5904713014308531, 'gd_line_alpha': 0.5183242303073617, 'coalescence_d_scale': 0.6937610739802348, 'capture_scale': 0.030000145235016536}. Best is trial 89 with value: 3.2308694002208087.
[I 2026-05-03 13:19:06,009] Trial 132 finished with value: 3.460617984206306 and parameters: {'f_n': 3.0088005784251024e-07, 'K_d': 300579.64145595295, 'rho_d': 14778825455762.916, 'fission_rate': 6.792203183572302e+19, 'Dg_D1_scale': 0.5704158331695051, 'Dg_D3_scale': 0.3070682428125616, 'Dv_D1_scale': 0.2476765166594828, 'Dv_D2_scale': 0.28763673046887256, 'b_bulk_scale': 0.29124994782936076, 'b_dislocation_scale': 0.4364215797953851, 'gb_scale': 0.2665379389765293, 'gd_bubble_scale': 1.6415490669029122, 'gd_line_scale': 1.61592173822156, 'gd_line_alpha': 0.5280911730364036, 'coalescence_d_scale': 0.6657202917616183, 'capture_scale': 0.029213774121968017}. Best is trial 89 with value: 3.2308694002208087.Best trial: 89. Best value: 3.23087:  26%|██▋       | 132/500 [13:49<38:26,  6.27s/it]Best trial: 89. Best value: 3.23087:  26%|██▋       | 132/500 [13:49<38:26,  6.27s/it]Best trial: 89. Best value: 3.23087:  27%|██▋       | 133/500 [13:49<39:51,  6.52s/it]                                                                                      Best trial: 89. Best value: 3.23087:  27%|██▋       | 133/500 [13:56<39:51,  6.52s/it]Best trial: 89. Best value: 3.23087:  27%|██▋       | 133/500 [13:56<39:51,  6.52s/it]Best trial: 89. Best value: 3.23087:  27%|██▋       | 134/500 [13:56<40:52,  6.70s/it]                                                                                      Best trial: 89. Best value: 3.23087:  27%|██▋       | 134/500 [14:01<40:52,  6.70s/it]Best trial: 89. Best value: 3.23087:  27%|██▋       | 134/500 [14:01<40:52,  6.70s/it]Best trial: 89. Best value: 3.23087:  27%|██▋       | 135/500 [14:01<38:42,  6.36s/it]                                                                                      Best trial: 89. Best value: 3.23087:  27%|██▋       | 135/500 [14:09<38:42,  6.36s/it]Best trial: 89. Best value: 3.23087:  27%|██▋       | 135/500 [14:09<38:42,  6.36s/it]Best trial: 89. Best value: 3.23087:  27%|██▋       | 136/500 [14:09<40:25,  6.66s/it]                                                                                      Best trial: 89. Best value: 3.23087:  27%|██▋       | 136/500 [14:16<40:25,  6.66s/it]Best trial: 89. Best value: 3.23087:  27%|██▋       | 136/500 [14:16<40:25,  6.66s/it]Best trial: 89. Best value: 3.23087:  27%|██▋       | 137/500 [14:16<41:30,  6.86s/it]                                                                                      Best trial: 89. Best value: 3.23087:  27%|██▋       | 137/500 [14:23<41:30,  6.86s/it]Best trial: 89. Best value: 3.23087:  27%|██▋       | 137/500 [14:23<41:30,  6.86s/it]Best trial: 89. Best value: 3.23087:  28%|██▊       | 138/500 [14:23<42:20,  7.02s/it]                                                                                      Best trial: 89. Best value: 3.23087:  28%|██▊       | 138/500 [14:31<42:20,  7.02s/it]Best trial: 89. Best value: 3.23087:  28%|██▊       | 138/500 [14:31<42:20,  7.02s/it]Best trial: 89. Best value: 3.23087:  28%|██▊       | 139/500 [14:31<42:31,  7.07s/it]                                                                                      Best trial: 89. Best value: 3.23087:  28%|██▊       | 139/500 [14:36<42:31,  7.07s/it]Best trial: 89. Best value: 3.23087:  28%|██▊       | 139/500 [14:36<42:31,  7.07s/it]Best trial: 89. Best value: 3.23087:  28%|██▊       | 140/500 [14:36<39:08,  6.52s/it]                                                                                      Best trial: 89. Best value: 3.23087:  28%|██▊       | 140/500 [14:43<39:08,  6.52s/it]Best trial: 89. Best value: 3.23087:  28%|██▊       | 140/500 [14:43<39:08,  6.52s/it]Best trial: 89. Best value: 3.23087:  28%|██▊       | 141/500 [14:43<40:42,  6.80s/it]                                                                                      Best trial: 89. Best value: 3.23087:  28%|██▊       | 141/500 [14:51<40:42,  6.80s/it]Best trial: 89. Best value: 3.23087:  28%|██▊       | 141/500 [14:51<40:42,  6.80s/it]Best trial: 89. Best value: 3.23087:  28%|██▊       | 142/500 [14:51<41:45,  7.00s/it]                                                                                      Best trial: 89. Best value: 3.23087:  28%|██▊       | 142/500 [14:58<41:45,  7.00s/it]Best trial: 89. Best value: 3.23087:  28%|██▊       | 142/500 [14:58<41:45,  7.00s/it]Best trial: 89. Best value: 3.23087:  29%|██▊       | 143/500 [14:58<42:14,  7.10s/it]                                                                                      Best trial: 89. Best value: 3.23087:  29%|██▊       | 143/500 [15:04<42:14,  7.10s/it]Best trial: 89. Best value: 3.23087:  29%|██▊       | 143/500 [15:04<42:14,  7.10s/it]Best trial: 89. Best value: 3.23087:  29%|██▉       | 144/500 [15:04<39:41,  6.69s/it]                                                                                      
[I 2026-05-03 13:19:13,136] Trial 133 finished with value: 3.456904643526905 and parameters: {'f_n': 4.1309116939087596e-07, 'K_d': 270406.9183125219, 'rho_d': 17591100753475.264, 'fission_rate': 6.832282079836195e+19, 'Dg_D1_scale': 0.5763561474743354, 'Dg_D3_scale': 0.3026112410733323, 'Dv_D1_scale': 0.23076431518863746, 'Dv_D2_scale': 0.285645391977005, 'b_bulk_scale': 0.3897238965518537, 'b_dislocation_scale': 0.4533521325353729, 'gb_scale': 0.30033444438541135, 'gd_bubble_scale': 1.76494749453378, 'gd_line_scale': 1.335586104450992, 'gd_line_alpha': 0.43491453077653064, 'coalescence_d_scale': 0.6576236117627687, 'capture_scale': 0.028841673224697394}. Best is trial 89 with value: 3.2308694002208087.
