[I 2026-05-03 13:13:11,866] Trial 74 finished with value: 3.3585822078068825 and parameters: {'f_n': 2.2551045080568784e-07, 'K_d': 603516.7764322361, 'rho_d': 14611933732387.078, 'fission_rate': 7.634648410149048e+19, 'Dg_D1_scale': 0.8985811609832522, 'Dg_D3_scale': 0.16339766170725445, 'Dv_D1_scale': 0.3004445814014514, 'Dv_D2_scale': 0.47977588673197846, 'b_bulk_scale': 0.30628078086499616, 'b_dislocation_scale': 0.40323845910907435, 'gb_scale': 1.434210307418593, 'gd_bubble_scale': 9.729278751982784, 'gd_line_scale': 2.3256333139887757, 'gd_line_alpha': 0.8622558924124372, 'coalescence_d_scale': 0.6964681696225163, 'capture_scale': 0.07821511127968396}. Best is trial 74 with value: 3.3585822078068825.
[I 2026-05-03 13:13:16,051] Trial 75 finished with value: 3.712721204981615 and parameters: {'f_n': 2.1392553222884252e-07, 'K_d': 596298.5287835062, 'rho_d': 14456942451710.967, 'fission_rate': 7.493050912091986e+19, 'Dg_D1_scale': 0.912019688779674, 'Dg_D3_scale': 0.16340828603036717, 'Dv_D1_scale': 0.3149163080049437, 'Dv_D2_scale': 0.48048276388235295, 'b_bulk_scale': 0.29428692952142343, 'b_dislocation_scale': 0.6179115470011015, 'gb_scale': 3.617297573220966, 'gd_bubble_scale': 5.01209227882718, 'gd_line_scale': 6.450054386836275, 'gd_line_alpha': 0.753780106664157, 'coalescence_d_scale': 0.32021649981868383, 'capture_scale': 0.9884561258875882}. Best is trial 74 with value: 3.3585822078068825.
[I 2026-05-03 13:13:20,843] Trial 76 finished with value: 4.621830699834252 and parameters: {'f_n': 1.9192652729145544e-06, 'K_d': 498703.76886067865, 'rho_d': 10107856531654.443, 'fission_rate': 7.626540848905691e+19, 'Dg_D1_scale': 0.6584681866099674, 'Dg_D3_scale': 0.1971172099203328, 'Dv_D1_scale': 0.41462961690605643, 'Dv_D2_scale': 0.31030411172891237, 'b_bulk_scale': 0.2097218906249302, 'b_dislocation_scale': 0.41641252151854724, 'gb_scale': 4.923979784663944, 'gd_bubble_scale': 7.1008234851600465, 'gd_line_scale': 2.262036690592984, 'gd_line_alpha': 0.8650019340926852, 'coalescence_d_scale': 0.6938956139142447, 'capture_scale': 0.07756474749551893}. Best is trial 74 with value: 3.3585822078068825.
[I 2026-05-03 13:13:29,038] Trial 77 finished with value: 3.337784500523119 and parameters: {'f_n': 1.1534065794815717e-07, 'K_d': 785846.1558698831, 'rho_d': 12495624098326.828, 'fission_rate': 6.070753169008987e+19, 'Dg_D1_scale': 0.9636797981049586, 'Dg_D3_scale': 0.22148645938572617, 'Dv_D1_scale': 0.20443943337754267, 'Dv_D2_scale': 0.5800146203392015, 'b_bulk_scale': 0.15161454146751693, 'b_dislocation_scale': 0.5124404334555099, 'gb_scale': 0.9205402858732088, 'gd_bubble_scale': 9.659043426431737, 'gd_line_scale': 3.0260692052211384, 'gd_line_alpha': 0.5364849244375332, 'coalescence_d_scale': 0.26500020547614833, 'capture_scale': 0.060452057856537955}. Best is trial 77 with value: 3.337784500523119.
[I 2026-05-03 13:13:37,308] Trial 78 finished with value: 4.4565223997185965 and parameters: {'f_n': 1.1182367058576269e-07, 'K_d': 806459.6276331997, 'rho_d': 12395736736927.297, 'fission_rate': 5.883177281842864e+19, 'Dg_D1_scale': 1.4292126743401075, 'Dg_D3_scale': 1.107541460136526, 'Dv_D1_scale': 0.2909720443110499, 'Dv_D2_scale': 0.6155978967675044, 'b_bulk_scale': 0.13263433237124592, 'b_dislocation_scale': 0.2510647123279513, 'gb_scale': 0.891744578214581, 'gd_bubble_scale': 8.914272209246404, 'gd_line_scale': 3.3624181652249105, 'gd_line_alpha': 0.5214547592250218, 'coalescence_d_scale': 0.17457312763958727, 'capture_scale': 0.05848349333859832}. Best is trial 77 with value: 3.337784500523119.
[I 2026-05-03 13:13:43,549] Trial 79 finished with value: 3.695618268894819 and parameters: {'f_n': 2.762609902928958e-08, 'K_d': 1103041.4621157488, 'rho_d': 8506221659483.88, 'fission_rate': 6.8033779314347e+19, 'Dg_D1_scale': 1.0156172200354618, 'Dg_D3_scale': 0.22068705414431303, 'Dv_D1_scale': 0.7677382174149375, 'Dv_D2_scale': 0.7510051510546047, 'b_bulk_scale': 0.15831049852002618, 'b_dislocation_scale': 0.7006875839563448, 'gb_scale': 0.6985597066839087, 'gd_bubble_scale': 2.950354695827529, 'gd_line_scale': 4.175379944215921, 'gd_line_alpha': 0.37098491765848396, 'coalescence_d_scale': 0.2825332275030852, 'capture_scale': 0.04576840842525799}. Best is trial 77 with value: 3.337784500523119.
[I 2026-05-03 13:13:50,268] Trial 80 finished with value: 4.143942577665253 and parameters: {'f_n': 5.31916318547506e-07, 'K_d': 937279.6389349691, 'rho_d': 15255778091786.438, 'fission_rate': 5.411726985201194e+19, 'Dg_D1_scale': 0.8317234278547168, 'Dg_D3_scale': 0.1669553235255242, 'Dv_D1_scale': 0.20066976611434217, 'Dv_D2_scale': 0.5647923033582011, 'b_bulk_scale': 0.10076851173037055, 'b_dislocation_scale': 0.2933222485981182, 'gb_scale': 0.5858507514138829, 'gd_bubble_scale': 6.4955014624275025, 'gd_line_scale': 6.365485914323731, 'gd_line_alpha': 0.6615794644741287, 'coalescence_d_scale': 0.23919467170469413, 'capture_scale': 0.035715512113513405}. Best is trial 77 with value: 3.337784500523119.
[I 2026-05-03 13:13:57,340] Trial 81 finished with value: 3.543454671442877 and parameters: {'f_n': 1.5837279836926702e-07, 'K_d': 760333.7281746677, 'rho_d': 13620020786002.902, 'fission_rate': 6.399132965001604e+19, 'Dg_D1_scale': 0.9352442413150064, 'Dg_D3_scale': 0.19222499462865758, 'Dv_D1_scale': 0.23338892865203098, 'Dv_D2_scale': 0.4652299578792178, 'b_bulk_scale': 0.13659178407920133, 'b_dislocation_scale': 0.5264628730289098, 'gb_scale': 1.433755925830675, 'gd_bubble_scale': 9.938327377694597, 'gd_line_scale': 2.3183110090622234, 'gd_line_alpha': 0.4696351780457401, 'coalescence_d_scale': 0.5697941189708229, 'capture_scale': 0.0994021624609767}. Best is trial 77 with value: 3.337784500523119.
[I 2026-05-03 13:14:03,621] Trial 82 finished with value: 3.618663902929266 and parameters: {'f_n': 3.05829458174875e-07, 'K_d': 608585.0286918038, 'rho_d': 10701230436607.021, 'fission_rate': 7.402679328056807e+19, 'Dg_D1_scale': 1.1924134672742994, 'Dg_D3_scale': 0.16246755785891923, 'Dv_D1_scale': 0.2506619833882227, 'Dv_D2_scale': 0.5136183195140014, 'b_bulk_scale': 0.18317372937191304, 'b_dislocation_scale': 0.40964315189203016, 'gb_scale': 1.9071554607050567, 'gd_bubble_scale': 7.993234518448394, 'gd_line_scale': 3.234655264892693, 'gd_line_alpha': 0.7860117759823724, 'coalescence_d_scale': 0.8002477495432462, 'capture_scale': 0.024806282247823715}. Best is trial 77 with value: 3.337784500523119.
[I 2026-05-03 13:14:10,380] Trial 83 finished with value: 3.5916185318587104 and parameters: {'f_n': 2.4715865319605603e-07, 'K_d': 539056.7289179388, 'rho_d': 18455067882833.3, 'fission_rate': 6.0220843058740945e+19, 'Dg_D1_scale': 0.6124622430626255, 'Dg_D3_scale': 0.5516561979028471, 'Dv_D1_scale': 0.21820017818390872, 'Dv_D2_scale': 0.4059262979646124, 'b_bulk_scale': 0.09476786406632472, 'b_dislocation_scale': 0.5120380053136002, 'gb_scale': 0.931829163631074, 'gd_bubble_scale': 4.276297378701968, 'gd_line_scale': 2.77805791915097, 'gd_line_alpha': 0.6904484284599112, 'coalescence_d_scale': 0.48160881419129553, 'capture_scale': 0.14804001394382776}. Best is trial 77 with value: 3.337784500523119.
[I 2026-05-03 13:14:17,962] Trial 84 finished with value: 3.618642781869384 and parameters: {'f_n': 8.196366467339983e-09, 'K_d': 698756.6846756256, 'rho_d': 16096047199231.914, 'fission_rate': 4.89228805118009e+19, 'Dg_D1_scale': 1.0661079741941668, 'Dg_D3_scale': 0.29894286460866404, 'Dv_D1_scale': 0.26500211547878627, 'Dv_D2_scale': 0.3600562880401884, 'b_bulk_scale': 0.30680314733256514, 'b_dislocation_scale': 0.5887516902651938, 'gb_scale': 1.061241331139153, 'gd_bubble_scale': 0.9739057997233036, 'gd_line_scale': 1.9690431615531359, 'gd_line_alpha': 0.7331966677458063, 'coalescence_d_scale': 0.41951259812272307, 'capture_scale': 0.20178975540864377}. Best is trial 77 with value: 3.337784500523119.Best trial: 77. Best value: 3.33778:  17%|█▋        | 84/500 [09:01<46:16,  6.68s/it]Best trial: 77. Best value: 3.33778:  17%|█▋        | 84/500 [09:01<46:16,  6.68s/it]Best trial: 77. Best value: 3.33778:  17%|█▋        | 85/500 [09:01<48:03,  6.95s/it]                                                                                     Best trial: 77. Best value: 3.33778:  17%|█▋        | 85/500 [09:07<48:03,  6.95s/it]Best trial: 77. Best value: 3.33778:  17%|█▋        | 85/500 [09:07<48:03,  6.95s/it]Best trial: 77. Best value: 3.33778:  17%|█▋        | 86/500 [09:07<47:36,  6.90s/it]                                                                                     Best trial: 77. Best value: 3.33778:  17%|█▋        | 86/500 [09:14<47:36,  6.90s/it]Best trial: 77. Best value: 3.33778:  17%|█▋        | 86/500 [09:14<47:36,  6.90s/it]Best trial: 77. Best value: 3.33778:  17%|█▋        | 87/500 [09:14<47:44,  6.94s/it]                                                                                     Best trial: 77. Best value: 3.33778:  17%|█▋        | 87/500 [09:20<47:44,  6.94s/it]Best trial: 77. Best value: 3.33778:  17%|█▋        | 87/500 [09:20<47:44,  6.94s/it]Best trial: 77. Best value: 3.33778:  18%|█▊        | 88/500 [09:20<45:54,  6.69s/it]                                                                                     Best trial: 77. Best value: 3.33778:  18%|█▊        | 88/500 [09:26<45:54,  6.69s/it]Best trial: 77. Best value: 3.33778:  18%|█▊        | 88/500 [09:26<45:54,  6.69s/it]Best trial: 77. Best value: 3.33778:  18%|█▊        | 89/500 [09:26<42:54,  6.26s/it]                                                                                     Best trial: 77. Best value: 3.33778:  18%|█▊        | 89/500 [09:32<42:54,  6.26s/it]Best trial: 89. Best value: 3.23087:  18%|█▊        | 89/500 [09:32<42:54,  6.26s/it]Best trial: 89. Best value: 3.23087:  18%|█▊        | 90/500 [09:32<43:23,  6.35s/it]                                                                                     Best trial: 89. Best value: 3.23087:  18%|█▊        | 90/500 [09:39<43:23,  6.35s/it]Best trial: 89. Best value: 3.23087:  18%|█▊        | 90/500 [09:39<43:23,  6.35s/it]Best trial: 89. Best value: 3.23087:  18%|█▊        | 91/500 [09:39<44:20,  6.50s/it]                                                                                     Best trial: 89. Best value: 3.23087:  18%|█▊        | 91/500 [09:46<44:20,  6.50s/it]Best trial: 89. Best value: 3.23087:  18%|█▊        | 91/500 [09:46<44:20,  6.50s/it]Best trial: 89. Best value: 3.23087:  18%|█▊        | 92/500 [09:46<44:36,  6.56s/it]                                                                                     Best trial: 89. Best value: 3.23087:  18%|█▊        | 92/500 [09:52<44:36,  6.56s/it]Best trial: 89. Best value: 3.23087:  18%|█▊        | 92/500 [09:52<44:36,  6.56s/it]Best trial: 89. Best value: 3.23087:  19%|█▊        | 93/500 [09:52<44:34,  6.57s/it]                                                                                     Best trial: 89. Best value: 3.23087:  19%|█▊        | 93/500 [09:56<44:34,  6.57s/it]Best trial: 89. Best value: 3.23087:  19%|█▊        | 93/500 [09:56<44:34,  6.57s/it]Best trial: 89. Best value: 3.23087:  19%|█▉        | 94/500 [09:56<38:59,  5.76s/it]                                                                                     Best trial: 89. Best value: 3.23087:  19%|█▉        | 94/500 [10:01<38:59,  5.76s/it]Best trial: 89. Best value: 3.23087:  19%|█▉        | 94/500 [10:01<38:59,  5.76s/it]Best trial: 89. Best value: 3.23087:  19%|█▉        | 95/500 [10:01<36:59,  5.48s/it]                                                                                     Best trial: 89. Best value: 3.23087:  19%|█▉        | 95/500 [10:07<36:59,  5.48s/it]Best trial: 89. Best value: 3.23087:  19%|█▉        | 95/500 [10:07<36:59,  5.48s/it]Best trial: 89. Best value: 3.23087:  19%|█▉        | 96/500 [10:07<38:18,  5.69s/it]                                                                                     
[I 2026-05-03 13:14:24,747] Trial 85 finished with value: 3.3946383922149974 and parameters: {'f_n': 1.2624752918210677e-08, 'K_d': 397133.7744503487, 'rho_d': 12534265100168.576, 'fission_rate': 7.051222914078035e+19, 'Dg_D1_scale': 0.7390170962188898, 'Dg_D3_scale': 0.2592137148864651, 'Dv_D1_scale': 0.235208164684222, 'Dv_D2_scale': 0.6578285149724562, 'b_bulk_scale': 0.2003335751520803, 'b_dislocation_scale': 0.4559681264680355, 'gb_scale': 1.546152642410649, 'gd_bubble_scale': 6.0511864119388195, 'gd_line_scale': 1.2680540155268052, 'gd_line_alpha': 0.8368281842662314, 'coalescence_d_scale': 0.9251920662584258, 'capture_scale': 0.08310025376236009}. Best is trial 77 with value: 3.337784500523119.
[I 2026-05-03 13:14:31,765] Trial 86 finished with value: 3.6911146564181925 and parameters: {'f_n': 1.2632625056480434e-08, 'K_d': 680020.9724393965, 'rho_d': 11702489099220.781, 'fission_rate': 6.2327606267959165e+19, 'Dg_D1_scale': 0.7997440922147498, 'Dg_D3_scale': 0.261407913771706, 'Dv_D1_scale': 0.301977751019898, 'Dv_D2_scale': 0.8119877662093697, 'b_bulk_scale': 0.19725029691149726, 'b_dislocation_scale': 0.34166934920714975, 'gb_scale': 1.5549822205057555, 'gd_bubble_scale': 1.9828645207435796, 'gd_line_scale': 1.3555632979652974, 'gd_line_alpha': 0.6205415414780654, 'coalescence_d_scale': 0.9382873793212557, 'capture_scale': 0.04875207236809126}. Best is trial 77 with value: 3.337784500523119.
[I 2026-05-03 13:14:37,871] Trial 87 finished with value: 3.655415898661911 and parameters: {'f_n': 1.443503748221563e-08, 'K_d': 1271577.5435294742, 'rho_d': 9796696088176.209, 'fission_rate': 7.023835294813085e+19, 'Dg_D1_scale': 0.7157293550953933, 'Dg_D3_scale': 0.17820239499397614, 'Dv_D1_scale': 0.342170480907511, 'Dv_D2_scale': 0.6742608152812845, 'b_bulk_scale': 0.2513478990951656, 'b_dislocation_scale': 0.7787091938154909, 'gb_scale': 1.4143408165810025, 'gd_bubble_scale': 8.5928305309018, 'gd_line_scale': 1.2374512361351453, 'gd_line_alpha': 0.8288506168077265, 'coalescence_d_scale': 0.13694510354525566, 'capture_scale': 0.08326455003198106}. Best is trial 77 with value: 3.337784500523119.
[I 2026-05-03 13:14:43,148] Trial 88 finished with value: 10.41640311009663 and parameters: {'f_n': 2.511169220820448e-08, 'K_d': 401435.6692788271, 'rho_d': 14386635216029.89, 'fission_rate': 6.588398715603368e+19, 'Dg_D1_scale': 0.882868069687536, 'Dg_D3_scale': 0.36291102484130594, 'Dv_D1_scale': 0.2004466128882086, 'Dv_D2_scale': 0.5501040769783612, 'b_bulk_scale': 0.12145110060957111, 'b_dislocation_scale': 0.4483666522235803, 'gb_scale': 0.4456908667032073, 'gd_bubble_scale': 6.237346852545889, 'gd_line_scale': 1.0820388763860254, 'gd_line_alpha': 0.768366132375025, 'coalescence_d_scale': 17.935011554602976, 'capture_scale': 0.06567629761481314}. Best is trial 77 with value: 3.337784500523119.
[I 2026-05-03 13:14:49,695] Trial 89 finished with value: 3.2308694002208087 and parameters: {'f_n': 2.6480076240740217e-09, 'K_d': 436413.978211699, 'rho_d': 12328562862557.102, 'fission_rate': 7.204613236421745e+19, 'Dg_D1_scale': 1.220244557842553, 'Dg_D3_scale': 0.22670972791935998, 'Dv_D1_scale': 0.24007234691063906, 'Dv_D2_scale': 0.6131234204744814, 'b_bulk_scale': 0.14314998505112078, 'b_dislocation_scale': 0.39177042388858446, 'gb_scale': 2.2755144383612658, 'gd_bubble_scale': 5.265462787798954, 'gd_line_scale': 1.5321126115456891, 'gd_line_alpha': 0.5607673795298082, 'coalescence_d_scale': 0.7923782164428886, 'capture_scale': 0.01883986669115781}. Best is trial 89 with value: 3.2308694002208087.
[I 2026-05-03 13:14:56,562] Trial 90 finished with value: 3.678387182917334 and parameters: {'f_n': 2.0225986250965733e-09, 'K_d': 522625.07568732044, 'rho_d': 12367257961788.291, 'fission_rate': 6.955542116755125e+19, 'Dg_D1_scale': 1.5432248242115567, 'Dg_D3_scale': 0.22802025098383424, 'Dv_D1_scale': 0.24646055245758852, 'Dv_D2_scale': 0.6192686798816134, 'b_bulk_scale': 0.16506597595035563, 'b_dislocation_scale': 0.20790387972240804, 'gb_scale': 2.339541724392231, 'gd_bubble_scale': 5.112341346306511, 'gd_line_scale': 1.489161512513616, 'gd_line_alpha': 0.5780130062747912, 'coalescence_d_scale': 0.8261779940468474, 'capture_scale': 0.010394469800292629}. Best is trial 89 with value: 3.2308694002208087.
[I 2026-05-03 13:15:03,256] Trial 91 finished with value: 3.630949630935545 and parameters: {'f_n': 5.484393810545768e-09, 'K_d': 455455.53541141044, 'rho_d': 13413899413658.871, 'fission_rate': 7.104407734242271e+19, 'Dg_D1_scale': 0.9717170651669201, 'Dg_D3_scale': 0.20747743908628036, 'Dv_D1_scale': 0.2804884871422583, 'Dv_D2_scale': 0.5939613866565555, 'b_bulk_scale': 0.12839680665047878, 'b_dislocation_scale': 0.39175937389043414, 'gb_scale': 1.095992978429724, 'gd_bubble_scale': 7.602052973064917, 'gd_line_scale': 2.4558339583980975, 'gd_line_alpha': 0.5406903187657279, 'coalescence_d_scale': 0.6630926566911111, 'capture_scale': 0.018465137066730433}. Best is trial 89 with value: 3.2308694002208087.
[I 2026-05-03 13:15:09,855] Trial 92 finished with value: 3.657681766102554 and parameters: {'f_n': 2.790158148208835e-09, 'K_d': 557855.825128351, 'rho_d': 10958731498682.941, 'fission_rate': 7.244575574810729e+19, 'Dg_D1_scale': 1.220692485556567, 'Dg_D3_scale': 0.18772093947057544, 'Dv_D1_scale': 0.2276696384792369, 'Dv_D2_scale': 0.8290703560936769, 'b_bulk_scale': 0.2122966930917065, 'b_dislocation_scale': 0.26585015925708244, 'gb_scale': 2.7428281370755743, 'gd_bubble_scale': 6.239528278386951, 'gd_line_scale': 2.95421505864534, 'gd_line_alpha': 0.4021678855769999, 'coalescence_d_scale': 0.5682338412009821, 'capture_scale': 0.016026743314350476}. Best is trial 89 with value: 3.2308694002208087.
[I 2026-05-03 13:15:13,723] Trial 93 finished with value: 4.672366508989334 and parameters: {'f_n': 8.648605732704386e-10, 'K_d': 426773.3971489221, 'rho_d': 12124625851769.514, 'fission_rate': 7.573286633477125e+19, 'Dg_D1_scale': 1.072973498736705, 'Dg_D3_scale': 0.1612898932153643, 'Dv_D1_scale': 0.23573299156403568, 'Dv_D2_scale': 0.6823638562579719, 'b_bulk_scale': 0.14538036050456718, 'b_dislocation_scale': 3.9797492083499297, 'gb_scale': 1.7128840585063054, 'gd_bubble_scale': 4.133091341184966, 'gd_line_scale': 1.562017587821183, 'gd_line_alpha': 0.7082441293649318, 'coalescence_d_scale': 1.0284260278097916, 'capture_scale': 0.5020701507702094}. Best is trial 89 with value: 3.2308694002208087.
[I 2026-05-03 13:15:18,549] Trial 94 finished with value: 3.524533450781433 and parameters: {'f_n': 3.6543678430641076e-08, 'K_d': 360943.45555019577, 'rho_d': 15586443985248.973, 'fission_rate': 7.196894907016729e+19, 'Dg_D1_scale': 0.7802430404276623, 'Dg_D3_scale': 0.2490101589769768, 'Dv_D1_scale': 0.2641399518143404, 'Dv_D2_scale': 0.4259871839924775, 'b_bulk_scale': 0.4390299100014486, 'b_dislocation_scale': 0.3252089233167504, 'gb_scale': 1.3238257485305742, 'gd_bubble_scale': 5.518617277582117, 'gd_line_scale': 2.0088078467805937, 'gd_line_alpha': 0.8455843102247336, 'coalescence_d_scale': 0.7433579343972305, 'capture_scale': 0.03143463772375204}. Best is trial 89 with value: 3.2308694002208087.
[I 2026-05-03 13:15:24,725] Trial 95 finished with value: 3.51662538951697 and parameters: {'f_n': 7.0201750120630666e-09, 'K_d': 326945.83591345476, 'rho_d': 9432699753907.117, 'fission_rate': 7.758020259174454e+19, 'Dg_D1_scale': 1.1323504882901263, 'Dg_D3_scale': 0.17496041923736064, 'Dv_D1_scale': 0.29676656628659004, 'Dv_D2_scale': 0.4792062997512531, 'b_bulk_scale': 0.1736846530194263, 'b_dislocation_scale': 0.47541429617854086, 'gb_scale': 2.1102833469892794, 'gd_bubble_scale': 0.5464063825415251, 'gd_line_scale': 3.901804722279505, 'gd_line_alpha': 0.5103937136258341, 'coalescence_d_scale': 0.8690462624977612, 'capture_scale': 0.06196596532699365}. Best is trial 89 with value: 3.2308694002208087.
