[I 2026-05-03 13:55:07,600] Trial 462 finished with value: 2.934988171679251 and parameters: {'f_n': 3.0250302892666404e-08, 'K_d': 375313.32445060834, 'rho_d': 20673848220195.09, 'fission_rate': 5.687626540494728e+19, 'Dg_D1_scale': 0.8998058354517396, 'Dg_D3_scale': 0.9534906075801762, 'Dv_D1_scale': 0.4929366742814828, 'Dv_D2_scale': 3.2297451915192834, 'b_bulk_scale': 0.7943871670835048, 'b_dislocation_scale': 0.6689308031449848, 'gb_scale': 0.11637818228332142, 'gd_bubble_scale': 3.6633787001969056, 'gd_line_scale': 0.05464387013257167, 'gd_line_alpha': 0.8284833247596674, 'coalescence_d_scale': 3.3132564202971615, 'capture_scale': 0.08595045424866775}. Best is trial 462 with value: 2.934988171679251.
[I 2026-05-03 13:55:14,128] Trial 463 finished with value: 2.8168335844183523 and parameters: {'f_n': 2.7056473330791207e-08, 'K_d': 448406.49835860654, 'rho_d': 20693470511844.098, 'fission_rate': 5.717012851764255e+19, 'Dg_D1_scale': 0.9723063418140699, 'Dg_D3_scale': 0.8763022009140184, 'Dv_D1_scale': 0.5043360297708068, 'Dv_D2_scale': 3.3322478671521765, 'b_bulk_scale': 0.775387609644225, 'b_dislocation_scale': 0.7070805323009491, 'gb_scale': 0.10793608927535132, 'gd_bubble_scale': 3.580596021233557, 'gd_line_scale': 0.05522054370865419, 'gd_line_alpha': 0.7909172419687903, 'coalescence_d_scale': 4.692245124484058, 'capture_scale': 0.082490253661229}. Best is trial 463 with value: 2.8168335844183523.
[I 2026-05-03 13:55:22,701] Trial 464 finished with value: 2.8292269196934567 and parameters: {'f_n': 4.339684905844271e-08, 'K_d': 434590.310167058, 'rho_d': 20621567965759.184, 'fission_rate': 5.676647220558515e+19, 'Dg_D1_scale': 0.9424121201320013, 'Dg_D3_scale': 0.7742038493132958, 'Dv_D1_scale': 0.4988984059002082, 'Dv_D2_scale': 3.2527786372071787, 'b_bulk_scale': 0.8077089793794309, 'b_dislocation_scale': 0.6884771087215876, 'gb_scale': 0.11817444376204045, 'gd_bubble_scale': 3.6078395496316036, 'gd_line_scale': 0.06435502700770288, 'gd_line_alpha': 0.7924522394806105, 'coalescence_d_scale': 4.756094804182866, 'capture_scale': 0.11009361162386434}. Best is trial 463 with value: 2.8168335844183523.
[I 2026-05-03 13:55:31,529] Trial 465 finished with value: 2.9498137609178903 and parameters: {'f_n': 2.4109895056319186e-08, 'K_d': 397958.94241665216, 'rho_d': 20309055867027.84, 'fission_rate': 5.523098194673979e+19, 'Dg_D1_scale': 0.9342141812178403, 'Dg_D3_scale': 0.763126615543008, 'Dv_D1_scale': 0.4891005512406397, 'Dv_D2_scale': 3.3460705575719367, 'b_bulk_scale': 1.0498484866004145, 'b_dislocation_scale': 0.7259311936751369, 'gb_scale': 0.1189573794478766, 'gd_bubble_scale': 3.666450373767704, 'gd_line_scale': 0.06745778137030599, 'gd_line_alpha': 0.7805433877592641, 'coalescence_d_scale': 4.8433245017448145, 'capture_scale': 0.11205446771073477}. Best is trial 463 with value: 2.8168335844183523.
[I 2026-05-03 13:55:40,769] Trial 466 finished with value: 2.873898987744827 and parameters: {'f_n': 3.105706270286576e-08, 'K_d': 429266.4909822369, 'rho_d': 20606920414205.773, 'fission_rate': 5.395794861429787e+19, 'Dg_D1_scale': 0.9128626075567604, 'Dg_D3_scale': 0.8240365086453227, 'Dv_D1_scale': 0.4879037568610971, 'Dv_D2_scale': 3.4426572295674203, 'b_bulk_scale': 0.7943780211403212, 'b_dislocation_scale': 0.7222175460940314, 'gb_scale': 0.11884887463314528, 'gd_bubble_scale': 3.820261607459077, 'gd_line_scale': 0.06861610651030822, 'gd_line_alpha': 0.7936921485957646, 'coalescence_d_scale': 5.787185755151645, 'capture_scale': 0.12598625207710915}. Best is trial 463 with value: 2.8168335844183523.
[I 2026-05-03 13:55:48,078] Trial 467 finished with value: 2.9096442504346784 and parameters: {'f_n': 2.5587271136382012e-08, 'K_d': 448837.0175894633, 'rho_d': 20690666261601.47, 'fission_rate': 5.298413600669083e+19, 'Dg_D1_scale': 0.9781074761286608, 'Dg_D3_scale': 0.8227593242432001, 'Dv_D1_scale': 0.4958693728624701, 'Dv_D2_scale': 3.3166541447401605, 'b_bulk_scale': 0.7781574549949685, 'b_dislocation_scale': 0.7251475473531062, 'gb_scale': 0.1160396577931854, 'gd_bubble_scale': 3.7424941643969354, 'gd_line_scale': 0.06780815685949139, 'gd_line_alpha': 0.8024164375797143, 'coalescence_d_scale': 5.745862227224796, 'capture_scale': 0.1270877049447937}. Best is trial 463 with value: 2.8168335844183523.
[I 2026-05-03 13:55:57,262] Trial 468 finished with value: 2.863269610728912 and parameters: {'f_n': 2.2167312650597493e-08, 'K_d': 444446.56542437756, 'rho_d': 19453543904634.57, 'fission_rate': 5.349938309886555e+19, 'Dg_D1_scale': 0.990232329224978, 'Dg_D3_scale': 0.8175542117475011, 'Dv_D1_scale': 0.48566329133966907, 'Dv_D2_scale': 3.3204668877548063, 'b_bulk_scale': 0.7792187476005872, 'b_dislocation_scale': 0.7448946883119998, 'gb_scale': 0.12144163834621721, 'gd_bubble_scale': 3.5956232889469733, 'gd_line_scale': 0.0714277433954321, 'gd_line_alpha': 0.7671055404638224, 'coalescence_d_scale': 5.454763964865233, 'capture_scale': 0.13151793760139735}. Best is trial 463 with value: 2.8168335844183523.Best trial: 463. Best value: 2.81683:  94%|█████████▎| 468/500 [50:40<04:21,  8.16s/it]Best trial: 463. Best value: 2.81683:  94%|█████████▎| 468/500 [50:40<04:21,  8.16s/it]Best trial: 463. Best value: 2.81683:  94%|█████████▍| 469/500 [50:40<04:22,  8.47s/it]                                                                                       Best trial: 463. Best value: 2.81683:  94%|█████████▍| 469/500 [50:49<04:22,  8.47s/it]Best trial: 469. Best value: 2.81471:  94%|█████████▍| 469/500 [50:49<04:22,  8.47s/it]Best trial: 469. Best value: 2.81471:  94%|█████████▍| 470/500 [50:49<04:20,  8.69s/it]                                                                                       Best trial: 469. Best value: 2.81471:  94%|█████████▍| 470/500 [50:58<04:20,  8.69s/it]Best trial: 469. Best value: 2.81471:  94%|█████████▍| 470/500 [50:58<04:20,  8.69s/it]Best trial: 469. Best value: 2.81471:  94%|█████████▍| 471/500 [50:58<04:14,  8.78s/it]                                                                                       Best trial: 469. Best value: 2.81471:  94%|█████████▍| 471/500 [51:05<04:14,  8.78s/it]Best trial: 469. Best value: 2.81471:  94%|█████████▍| 471/500 [51:05<04:14,  8.78s/it]Best trial: 469. Best value: 2.81471:  94%|█████████▍| 472/500 [51:05<03:53,  8.34s/it]                                                                                       Best trial: 469. Best value: 2.81471:  94%|█████████▍| 472/500 [51:14<03:53,  8.34s/it]Best trial: 469. Best value: 2.81471:  94%|█████████▍| 472/500 [51:15<03:53,  8.34s/it]Best trial: 469. Best value: 2.81471:  95%|█████████▍| 473/500 [51:15<03:51,  8.56s/it]                                                                                       Best trial: 469. Best value: 2.81471:  95%|█████████▍| 473/500 [51:23<03:51,  8.56s/it]Best trial: 469. Best value: 2.81471:  95%|█████████▍| 473/500 [51:24<03:51,  8.56s/it]Best trial: 469. Best value: 2.81471:  95%|█████████▍| 474/500 [51:24<03:46,  8.71s/it]                                                                                       Best trial: 469. Best value: 2.81471:  95%|█████████▍| 474/500 [51:31<03:46,  8.71s/it]Best trial: 469. Best value: 2.81471:  95%|█████████▍| 474/500 [51:31<03:46,  8.71s/it]Best trial: 469. Best value: 2.81471:  95%|█████████▌| 475/500 [51:31<03:27,  8.29s/it]                                                                                       Best trial: 469. Best value: 2.81471:  95%|█████████▌| 475/500 [51:40<03:27,  8.29s/it]Best trial: 469. Best value: 2.81471:  95%|█████████▌| 475/500 [51:40<03:27,  8.29s/it]Best trial: 469. Best value: 2.81471:  95%|█████████▌| 476/500 [51:40<03:25,  8.58s/it]                                                                                       Best trial: 469. Best value: 2.81471:  95%|█████████▌| 476/500 [51:49<03:25,  8.58s/it]Best trial: 469. Best value: 2.81471:  95%|█████████▌| 476/500 [51:49<03:25,  8.58s/it]Best trial: 469. Best value: 2.81471:  95%|█████████▌| 477/500 [51:49<03:21,  8.74s/it]                                                                                       Best trial: 469. Best value: 2.81471:  95%|█████████▌| 477/500 [51:58<03:21,  8.74s/it]Best trial: 469. Best value: 2.81471:  95%|█████████▌| 477/500 [51:58<03:21,  8.74s/it]Best trial: 469. Best value: 2.81471:  96%|█████████▌| 478/500 [51:58<03:14,  8.86s/it]                                                                                       Best trial: 469. Best value: 2.81471:  96%|█████████▌| 478/500 [52:06<03:14,  8.86s/it]Best trial: 469. Best value: 2.81471:  96%|█████████▌| 478/500 [52:06<03:14,  8.86s/it]Best trial: 469. Best value: 2.81471:  96%|█████████▌| 479/500 [52:06<02:56,  8.42s/it]                                                                                       Best trial: 469. Best value: 2.81471:  96%|█████████▌| 479/500 [52:15<02:56,  8.42s/it]Best trial: 469. Best value: 2.81471:  96%|█████████▌| 479/500 [52:15<02:56,  8.42s/it]Best trial: 469. Best value: 2.81471:  96%|█████████▌| 480/500 [52:15<02:52,  8.64s/it]                                                                                       
[I 2026-05-03 13:56:06,398] Trial 469 finished with value: 2.8147132984980083 and parameters: {'f_n': 2.735280910787846e-08, 'K_d': 500180.2624633962, 'rho_d': 20254526459441.23, 'fission_rate': 5.303087803703509e+19, 'Dg_D1_scale': 0.9833225435691412, 'Dg_D3_scale': 0.825183542242563, 'Dv_D1_scale': 0.4972837705282125, 'Dv_D2_scale': 3.3519424625582737, 'b_bulk_scale': 0.7802163083637643, 'b_dislocation_scale': 0.9545679919501937, 'gb_scale': 0.11940305370701262, 'gd_bubble_scale': 3.7105158588850182, 'gd_line_scale': 0.07152487151599007, 'gd_line_alpha': 0.7716187074956293, 'coalescence_d_scale': 6.01393037177353, 'capture_scale': 0.1287574609238445}. Best is trial 469 with value: 2.8147132984980083.
[I 2026-05-03 13:56:15,450] Trial 470 finished with value: 2.960299270925541 and parameters: {'f_n': 2.589791278302446e-08, 'K_d': 434818.49588035553, 'rho_d': 18696483559337.305, 'fission_rate': 5.317337393552376e+19, 'Dg_D1_scale': 0.9396002427742479, 'Dg_D3_scale': 0.8262595001965954, 'Dv_D1_scale': 0.48483748676283767, 'Dv_D2_scale': 3.383455165944817, 'b_bulk_scale': 0.7559572415233161, 'b_dislocation_scale': 0.9694074620815655, 'gb_scale': 0.12094583914761656, 'gd_bubble_scale': 3.7241631014651233, 'gd_line_scale': 0.07582396120958707, 'gd_line_alpha': 0.7663622342177939, 'coalescence_d_scale': 6.516200379895738, 'capture_scale': 0.1297695960834967}. Best is trial 469 with value: 2.8147132984980083.
[I 2026-05-03 13:56:22,789] Trial 471 finished with value: 2.9379338428160415 and parameters: {'f_n': 2.548020472214471e-08, 'K_d': 465124.8437710694, 'rho_d': 19249771942554.227, 'fission_rate': 5.288048720713871e+19, 'Dg_D1_scale': 0.9784925052103616, 'Dg_D3_scale': 0.8239118029870562, 'Dv_D1_scale': 0.5092717332816068, 'Dv_D2_scale': 3.364868544280662, 'b_bulk_scale': 0.7398789840806481, 'b_dislocation_scale': 0.9721261177770951, 'gb_scale': 0.12037138240778802, 'gd_bubble_scale': 3.715552745981593, 'gd_line_scale': 0.0778566911221983, 'gd_line_alpha': 0.7702885288667517, 'coalescence_d_scale': 6.649207737033405, 'capture_scale': 0.1343502746761344}. Best is trial 469 with value: 2.8147132984980083.
[I 2026-05-03 13:56:31,850] Trial 472 finished with value: 3.4642642391413467 and parameters: {'f_n': 2.350365877286453e-08, 'K_d': 483771.9194581082, 'rho_d': 18449142690280.242, 'fission_rate': 5.320119068609098e+19, 'Dg_D1_scale': 0.9799341861288956, 'Dg_D3_scale': 0.8276095986591674, 'Dv_D1_scale': 0.5044330319560327, 'Dv_D2_scale': 3.3453956593355167, 'b_bulk_scale': 0.7265758289655506, 'b_dislocation_scale': 1.3122826671563066, 'gb_scale': 0.12271285311653093, 'gd_bubble_scale': 3.704522663153351, 'gd_line_scale': 0.07135445029568026, 'gd_line_alpha': 0.7617247352297876, 'coalescence_d_scale': 7.685663926486899, 'capture_scale': 0.1913352651605715}. Best is trial 469 with value: 2.8147132984980083.
[I 2026-05-03 13:56:40,926] Trial 473 finished with value: 2.8797279684841444 and parameters: {'f_n': 2.0718524313075238e-08, 'K_d': 452319.30577647197, 'rho_d': 19082602125549.49, 'fission_rate': 5.342720178834519e+19, 'Dg_D1_scale': 1.0251189995422179, 'Dg_D3_scale': 0.8243570033393169, 'Dv_D1_scale': 0.4840325633787141, 'Dv_D2_scale': 3.361335682857897, 'b_bulk_scale': 0.7560531877565118, 'b_dislocation_scale': 0.9852063105131462, 'gb_scale': 0.12538677868862996, 'gd_bubble_scale': 3.7468946000826446, 'gd_line_scale': 0.07473672357801577, 'gd_line_alpha': 0.7762572716478898, 'coalescence_d_scale': 6.396397222295409, 'capture_scale': 0.13834573624092789}. Best is trial 469 with value: 2.8147132984980083.
[I 2026-05-03 13:56:48,211] Trial 474 finished with value: 2.9025167977223147 and parameters: {'f_n': 1.8362295260848965e-08, 'K_d': 435629.0304669969, 'rho_d': 18878399402282.62, 'fission_rate': 5.351453940728653e+19, 'Dg_D1_scale': 1.0341699256915917, 'Dg_D3_scale': 0.8289222180970169, 'Dv_D1_scale': 0.4835031078257931, 'Dv_D2_scale': 3.1695786285919887, 'b_bulk_scale': 0.763033999480599, 'b_dislocation_scale': 0.8584897953652323, 'gb_scale': 0.12492617661898338, 'gd_bubble_scale': 3.749930196357507, 'gd_line_scale': 0.07820298161816774, 'gd_line_alpha': 0.76809268360266, 'coalescence_d_scale': 6.83070463827907, 'capture_scale': 0.1697691901719884}. Best is trial 469 with value: 2.8147132984980083.
[I 2026-05-03 13:56:57,485] Trial 475 finished with value: 2.880930569097598 and parameters: {'f_n': 1.780480600101914e-08, 'K_d': 455389.2056797044, 'rho_d': 18949983636004.215, 'fission_rate': 5.313798427144649e+19, 'Dg_D1_scale': 1.0645395963953623, 'Dg_D3_scale': 0.8129599557085269, 'Dv_D1_scale': 0.4910251054921233, 'Dv_D2_scale': 3.2409893107517402, 'b_bulk_scale': 0.7651473991894489, 'b_dislocation_scale': 0.9991294948670749, 'gb_scale': 0.12556225047718758, 'gd_bubble_scale': 3.6447965546611116, 'gd_line_scale': 0.07336758103227736, 'gd_line_alpha': 0.7786264509316886, 'coalescence_d_scale': 6.277391753588419, 'capture_scale': 0.14399147159545023}. Best is trial 469 with value: 2.8147132984980083.
[I 2026-05-03 13:57:06,596] Trial 476 finished with value: 2.8846364926352206 and parameters: {'f_n': 1.7539196098992547e-08, 'K_d': 454803.2024157027, 'rho_d': 18573392130740.965, 'fission_rate': 5.342788699034661e+19, 'Dg_D1_scale': 1.0166398845790894, 'Dg_D3_scale': 0.7889643398732759, 'Dv_D1_scale': 0.4863273548736712, 'Dv_D2_scale': 3.158092318757245, 'b_bulk_scale': 0.7602203993552373, 'b_dislocation_scale': 0.952604671408202, 'gb_scale': 0.12714433005715328, 'gd_bubble_scale': 3.73064622128023, 'gd_line_scale': 0.07857733652252073, 'gd_line_alpha': 0.7777930128935235, 'coalescence_d_scale': 6.671738236839478, 'capture_scale': 0.16545868300496358}. Best is trial 469 with value: 2.8147132984980083.
[I 2026-05-03 13:57:15,722] Trial 477 finished with value: 2.880513278065542 and parameters: {'f_n': 1.8063550001332546e-08, 'K_d': 447107.48829806066, 'rho_d': 18377729188739.832, 'fission_rate': 5.338407011995377e+19, 'Dg_D1_scale': 1.0513558895160986, 'Dg_D3_scale': 0.8176620086830597, 'Dv_D1_scale': 0.4752762469867458, 'Dv_D2_scale': 3.2129333715326602, 'b_bulk_scale': 0.7616608479434168, 'b_dislocation_scale': 0.9915490205831502, 'gb_scale': 0.12468798985387036, 'gd_bubble_scale': 3.731487826055618, 'gd_line_scale': 0.07962973126670285, 'gd_line_alpha': 0.7628217643031375, 'coalescence_d_scale': 6.022547645414759, 'capture_scale': 0.14392124493338926}. Best is trial 469 with value: 2.8147132984980083.
[I 2026-05-03 13:57:23,119] Trial 478 finished with value: 2.8525666382613983 and parameters: {'f_n': 1.7346034454272726e-08, 'K_d': 456342.82114414306, 'rho_d': 18116660643185.742, 'fission_rate': 5.317532198654178e+19, 'Dg_D1_scale': 1.0489998773711797, 'Dg_D3_scale': 0.8150830976816958, 'Dv_D1_scale': 0.4811002490054031, 'Dv_D2_scale': 3.7714317228701586, 'b_bulk_scale': 0.7027086548822601, 'b_dislocation_scale': 0.9698949903984863, 'gb_scale': 0.12402279455755166, 'gd_bubble_scale': 3.773147684449332, 'gd_line_scale': 0.0780247654367472, 'gd_line_alpha': 0.771957241317082, 'coalescence_d_scale': 6.197511226728824, 'capture_scale': 0.16461109372118535}. Best is trial 469 with value: 2.8147132984980083.
[I 2026-05-03 13:57:32,261] Trial 479 finished with value: 2.927282722185413 and parameters: {'f_n': 1.731364908424808e-08, 'K_d': 461959.8986109067, 'rho_d': 18073895498213.254, 'fission_rate': 5.324755573492514e+19, 'Dg_D1_scale': 1.0620627788693777, 'Dg_D3_scale': 0.7160709191333259, 'Dv_D1_scale': 0.47515771248352484, 'Dv_D2_scale': 3.7558831612050625, 'b_bulk_scale': 0.698416647611128, 'b_dislocation_scale': 1.0113102127287799, 'gb_scale': 0.12992481891388233, 'gd_bubble_scale': 3.774916346447968, 'gd_line_scale': 0.07794238760320817, 'gd_line_alpha': 0.7744484376669792, 'coalescence_d_scale': 6.743049435884575, 'capture_scale': 0.16931292191702615}. Best is trial 469 with value: 2.8147132984980083.
