[I 2026-05-03 13:07:21,545] Trial 17 finished with value: 4.371968141114896 and parameters: {'f_n': 1.248537303531155e-10, 'K_d': 821957.4533619785, 'rho_d': 5431794604428.202, 'fission_rate': 7.99564424992819e+19, 'Dg_D1_scale': 0.5060275962908243, 'Dg_D3_scale': 0.8878824778582854, 'Dv_D1_scale': 0.5634482539234896, 'Dv_D2_scale': 0.571498107128134, 'b_bulk_scale': 0.06399655995701103, 'b_dislocation_scale': 0.10030829958053304, 'gb_scale': 7.775056900788179, 'gd_bubble_scale': 0.4653433312903616, 'gd_line_scale': 0.30241784412483413, 'gd_line_alpha': 0.5937932186090447, 'coalescence_d_scale': 1.5058387077070414, 'capture_scale': 0.010701926628408581}. Best is trial 1 with value: 3.812168466789749.
[I 2026-05-03 13:07:25,016] Trial 18 finished with value: 5.6288778297188236 and parameters: {'f_n': 6.908732319577968e-08, 'K_d': 1407203.4382493077, 'rho_d': 15028035596782.467, 'fission_rate': 7.16785491411683e+19, 'Dg_D1_scale': 0.9478248868320068, 'Dg_D3_scale': 0.5112918936492349, 'Dv_D1_scale': 0.32467885839124366, 'Dv_D2_scale': 0.5712810882763282, 'b_bulk_scale': 0.11841484828486089, 'b_dislocation_scale': 3.812915835804294, 'gb_scale': 0.20020142782484734, 'gd_bubble_scale': 1.3886446664395646, 'gd_line_scale': 0.12882584928566138, 'gd_line_alpha': 0.34961733972057946, 'coalescence_d_scale': 18.977407231261136, 'capture_scale': 0.20813409437496513}. Best is trial 1 with value: 3.812168466789749.
[I 2026-05-03 13:07:30,787] Trial 19 finished with value: 3.8428458021059515 and parameters: {'f_n': 3.2183588787026367e-09, 'K_d': 428985.796104453, 'rho_d': 7400970785911.187, 'fission_rate': 7.146326343397557e+19, 'Dg_D1_scale': 1.8347112966857826, 'Dg_D3_scale': 0.24406241060237974, 'Dv_D1_scale': 1.0159919297568463, 'Dv_D2_scale': 0.3211916151145554, 'b_bulk_scale': 0.03313313523026523, 'b_dislocation_scale': 0.26442595734125446, 'gb_scale': 2.3058825473315387, 'gd_bubble_scale': 0.0805908950308167, 'gd_line_scale': 2.6230273676611326, 'gd_line_alpha': 0.7285679912017033, 'coalescence_d_scale': 0.47712013547226645, 'capture_scale': 0.43737855185898833}. Best is trial 1 with value: 3.812168466789749.
[I 2026-05-03 13:07:37,179] Trial 20 finished with value: 4.07850757087019 and parameters: {'f_n': 4.7351072683689055e-09, 'K_d': 855404.3264351935, 'rho_d': 9195016329105.3, 'fission_rate': 6.260186529384087e+19, 'Dg_D1_scale': 2.971437683505379, 'Dg_D3_scale': 0.15554108332591754, 'Dv_D1_scale': 2.72424873132838, 'Dv_D2_scale': 0.3025023837301755, 'b_bulk_scale': 0.030519956283057925, 'b_dislocation_scale': 0.6864596057782729, 'gb_scale': 0.056324474333531716, 'gd_bubble_scale': 0.0548760419740949, 'gd_line_scale': 1.0128728010495058, 'gd_line_alpha': 0.7811748315707948, 'coalescence_d_scale': 0.39104620214191704, 'capture_scale': 0.37242342243288734}. Best is trial 1 with value: 3.812168466789749.
[I 2026-05-03 13:07:41,882] Trial 21 finished with value: 4.068760283487367 and parameters: {'f_n': 4.431862309743195e-10, 'K_d': 411222.7025988136, 'rho_d': 7245427461640.794, 'fission_rate': 7.155665678478653e+19, 'Dg_D1_scale': 1.6707198611460008, 'Dg_D3_scale': 0.23678549655723505, 'Dv_D1_scale': 1.1114325786926142, 'Dv_D2_scale': 0.2875020022253757, 'b_bulk_scale': 0.06195699192123522, 'b_dislocation_scale': 0.27232713421950183, 'gb_scale': 2.227922330458642, 'gd_bubble_scale': 0.10150415677488972, 'gd_line_scale': 2.217581349936479, 'gd_line_alpha': 0.6304532046203113, 'coalescence_d_scale': 0.7366202394541072, 'capture_scale': 0.07070093658681843}. Best is trial 1 with value: 3.812168466789749.
[I 2026-05-03 13:07:48,618] Trial 22 finished with value: 4.804947247134691 and parameters: {'f_n': 1.4831585563471759e-09, 'K_d': 409503.51471061446, 'rho_d': 6539236473279.124, 'fission_rate': 7.172005384079126e+19, 'Dg_D1_scale': 1.856548178941661, 'Dg_D3_scale': 0.2730178503814587, 'Dv_D1_scale': 1.166328254936979, 'Dv_D2_scale': 0.3890633075131622, 'b_bulk_scale': 0.14856922947284115, 'b_dislocation_scale': 0.14606444937482782, 'gb_scale': 2.5370342618715105, 'gd_bubble_scale': 0.41726190947986186, 'gd_line_scale': 2.576858861274463, 'gd_line_alpha': 0.8279802328893165, 'coalescence_d_scale': 0.4356652773628988, 'capture_scale': 0.5177266213757812}. Best is trial 1 with value: 3.812168466789749.
[I 2026-05-03 13:07:54,969] Trial 23 finished with value: 4.660228452847617 and parameters: {'f_n': 3.095989745071916e-08, 'K_d': 306201.20683576405, 'rho_d': 12879906234355.684, 'fission_rate': 7.708690655011735e+19, 'Dg_D1_scale': 2.617315196024188, 'Dg_D3_scale': 0.6077696773959904, 'Dv_D1_scale': 0.5504257416456959, 'Dv_D2_scale': 0.5303112944784054, 'b_bulk_scale': 0.05330609373571001, 'b_dislocation_scale': 0.07024155596555218, 'gb_scale': 3.937252479706295, 'gd_bubble_scale': 1.4282011562380377, 'gd_line_scale': 3.68495799233145, 'gd_line_alpha': 0.6676688044809345, 'coalescence_d_scale': 0.24670996509091872, 'capture_scale': 2.605818095233369}. Best is trial 1 with value: 3.812168466789749.
[I 2026-05-03 13:08:00,497] Trial 24 finished with value: 3.9697808113817654 and parameters: {'f_n': 5.499100030196199e-09, 'K_d': 240977.2890531012, 'rho_d': 9365377731387.316, 'fission_rate': 7.394652616130978e+19, 'Dg_D1_scale': 1.149914985979137, 'Dg_D3_scale': 0.344542905684191, 'Dv_D1_scale': 0.38395813012953756, 'Dv_D2_scale': 0.27103882884744146, 'b_bulk_scale': 0.03223822935464043, 'b_dislocation_scale': 0.2849033507648122, 'gb_scale': 0.711147465748389, 'gd_bubble_scale': 0.10893505529768047, 'gd_line_scale': 1.1640723850726205, 'gd_line_alpha': 0.9937553674506492, 'coalescence_d_scale': 1.4278452681714306, 'capture_scale': 1.8806942363006094}. Best is trial 1 with value: 3.812168466789749.Best trial: 1. Best value: 3.81217:   5%|▍         | 24/500 [02:43<47:32,  5.99s/it]Best trial: 1. Best value: 3.81217:   5%|▍         | 24/500 [02:43<47:32,  5.99s/it]Best trial: 1. Best value: 3.81217:   5%|▌         | 25/500 [02:43<46:20,  5.85s/it]                                                                                    Best trial: 1. Best value: 3.81217:   5%|▌         | 25/500 [02:51<46:20,  5.85s/it]Best trial: 1. Best value: 3.81217:   5%|▌         | 25/500 [02:51<46:20,  5.85s/it]Best trial: 1. Best value: 3.81217:   5%|▌         | 26/500 [02:51<50:27,  6.39s/it]                                                                                    Best trial: 1. Best value: 3.81217:   5%|▌         | 26/500 [02:55<50:27,  6.39s/it]Best trial: 1. Best value: 3.81217:   5%|▌         | 26/500 [02:55<50:27,  6.39s/it]Best trial: 1. Best value: 3.81217:   5%|▌         | 27/500 [02:55<45:20,  5.75s/it]                                                                                    Best trial: 1. Best value: 3.81217:   5%|▌         | 27/500 [02:59<45:20,  5.75s/it]Best trial: 1. Best value: 3.81217:   5%|▌         | 27/500 [02:59<45:20,  5.75s/it]Best trial: 1. Best value: 3.81217:   6%|▌         | 28/500 [02:59<40:04,  5.09s/it]                                                                                    Best trial: 1. Best value: 3.81217:   6%|▌         | 28/500 [03:03<40:04,  5.09s/it]Best trial: 1. Best value: 3.81217:   6%|▌         | 28/500 [03:03<40:04,  5.09s/it]Best trial: 1. Best value: 3.81217:   6%|▌         | 29/500 [03:03<39:34,  5.04s/it]                                                                                    Best trial: 1. Best value: 3.81217:   6%|▌         | 29/500 [03:11<39:34,  5.04s/it]Best trial: 1. Best value: 3.81217:   6%|▌         | 29/500 [03:11<39:34,  5.04s/it]Best trial: 1. Best value: 3.81217:   6%|▌         | 30/500 [03:11<46:25,  5.93s/it]                                                                                    Best trial: 1. Best value: 3.81217:   6%|▌         | 30/500 [03:19<46:25,  5.93s/it]Best trial: 1. Best value: 3.81217:   6%|▌         | 30/500 [03:19<46:25,  5.93s/it]Best trial: 1. Best value: 3.81217:   6%|▌         | 31/500 [03:19<49:09,  6.29s/it]                                                                                    Best trial: 1. Best value: 3.81217:   6%|▌         | 31/500 [03:22<49:09,  6.29s/it]Best trial: 1. Best value: 3.81217:   6%|▌         | 31/500 [03:22<49:09,  6.29s/it]Best trial: 1. Best value: 3.81217:   6%|▋         | 32/500 [03:22<42:22,  5.43s/it]                                                                                    Best trial: 1. Best value: 3.81217:   6%|▋         | 32/500 [03:28<42:22,  5.43s/it]Best trial: 1. Best value: 3.81217:   6%|▋         | 32/500 [03:28<42:22,  5.43s/it]Best trial: 1. Best value: 3.81217:   7%|▋         | 33/500 [03:28<43:31,  5.59s/it]                                                                                    Best trial: 1. Best value: 3.81217:   7%|▋         | 33/500 [03:34<43:31,  5.59s/it]Best trial: 33. Best value: 3.53324:   7%|▋         | 33/500 [03:34<43:31,  5.59s/it]Best trial: 33. Best value: 3.53324:   7%|▋         | 34/500 [03:34<44:09,  5.69s/it]                                                                                     Best trial: 33. Best value: 3.53324:   7%|▋         | 34/500 [03:41<44:09,  5.69s/it]Best trial: 33. Best value: 3.53324:   7%|▋         | 34/500 [03:41<44:09,  5.69s/it]Best trial: 33. Best value: 3.53324:   7%|▋         | 35/500 [03:41<46:30,  6.00s/it]                                                                                     Best trial: 33. Best value: 3.53324:   7%|▋         | 35/500 [03:47<46:30,  6.00s/it]Best trial: 33. Best value: 3.53324:   7%|▋         | 35/500 [03:47<46:30,  6.00s/it]Best trial: 33. Best value: 3.53324:   7%|▋         | 36/500 [03:47<47:19,  6.12s/it]                                                                                     
[I 2026-05-03 13:08:08,132] Trial 25 finished with value: 5.483088238752601 and parameters: {'f_n': 9.156078448668648e-10, 'K_d': 468154.4896112979, 'rho_d': 5087472128822.787, 'fission_rate': 6.36644133284109e+19, 'Dg_D1_scale': 1.7038107791480372, 'Dg_D3_scale': 0.9666199771953277, 'Dv_D1_scale': 0.6566474226628679, 'Dv_D2_scale': 0.3397400777962815, 'b_bulk_scale': 0.07709428407712415, 'b_dislocation_scale': 0.14037254724099088, 'gb_scale': 1.8296217834670059, 'gd_bubble_scale': 0.29944114995035215, 'gd_line_scale': 9.513516208730683, 'gd_line_alpha': 0.5512070659833792, 'coalescence_d_scale': 0.20651729496836227, 'capture_scale': 0.0889121401016517}. Best is trial 1 with value: 3.812168466789749.
[I 2026-05-03 13:08:12,402] Trial 26 finished with value: 4.599014641223154 and parameters: {'f_n': 2.372345887230624e-10, 'K_d': 115363.56509634673, 'rho_d': 6342350564653.207, 'fission_rate': 7.97655836499435e+19, 'Dg_D1_scale': 3.9929315613292413, 'Dg_D3_scale': 0.2219966220793616, 'Dv_D1_scale': 0.995857987668097, 'Dv_D2_scale': 1.1459835922223276, 'b_bulk_scale': 0.3496758908497181, 'b_dislocation_scale': 0.05329855607413274, 'gb_scale': 3.18077394643488, 'gd_bubble_scale': 0.6452856994558599, 'gd_line_scale': 0.4216397783804742, 'gd_line_alpha': 0.4459599659539674, 'coalescence_d_scale': 0.5218479327957161, 'capture_scale': 0.28476501544720545}. Best is trial 1 with value: 3.812168466789749.
[I 2026-05-03 13:08:15,961] Trial 27 finished with value: 4.450930840804164 and parameters: {'f_n': 9.90760781700959e-09, 'K_d': 887312.2897231209, 'rho_d': 8770140345838.831, 'fission_rate': 7.038423651710834e+19, 'Dg_D1_scale': 0.9126493054224193, 'Dg_D3_scale': 1.8520069598194309, 'Dv_D1_scale': 1.5275569966593923, 'Dv_D2_scale': 0.4433412645119328, 'b_bulk_scale': 0.04415248238629124, 'b_dislocation_scale': 0.572871860451204, 'gb_scale': 5.394148125560046, 'gd_bubble_scale': 0.053550715269090714, 'gd_line_scale': 1.9825402506243, 'gd_line_alpha': 0.8544105017487575, 'coalescence_d_scale': 1.162981818995104, 'capture_scale': 0.7159828975727252}. Best is trial 1 with value: 3.812168466789749.
[I 2026-05-03 13:08:20,882] Trial 28 finished with value: 5.089450378852742 and parameters: {'f_n': 1.4448051570465297e-09, 'K_d': 143371.25556935585, 'rho_d': 14897398829985.795, 'fission_rate': 7.588658504710472e+19, 'Dg_D1_scale': 1.968260541078332, 'Dg_D3_scale': 0.44905691257039965, 'Dv_D1_scale': 0.8612642464457257, 'Dv_D2_scale': 0.7342403793006066, 'b_bulk_scale': 0.11680717681227289, 'b_dislocation_scale': 1.1240993387109752, 'gb_scale': 0.6461749854965071, 'gd_bubble_scale': 0.3223948272607595, 'gd_line_scale': 0.6219873958930632, 'gd_line_alpha': 0.6794246396055443, 'coalescence_d_scale': 4.357792725454736, 'capture_scale': 1.575967645745708}. Best is trial 1 with value: 3.812168466789749.
[I 2026-05-03 13:08:28,874] Trial 29 finished with value: 8.65943331836339 and parameters: {'f_n': 6.20849889768586e-08, 'K_d': 352827.3267765102, 'rho_d': 10764675704945.748, 'fission_rate': 6.037209273977943e+19, 'Dg_D1_scale': 2.9342800076117617, 'Dg_D3_scale': 0.636306637037746, 'Dv_D1_scale': 1.5808463089416287, 'Dv_D2_scale': 0.3705978633321803, 'b_bulk_scale': 0.44346410104538553, 'b_dislocation_scale': 0.08903419869685224, 'gb_scale': 1.449986438643536, 'gd_bubble_scale': 0.1832491050355121, 'gd_line_scale': 7.421345902486991, 'gd_line_alpha': 0.27352845885694765, 'coalescence_d_scale': 1.8461803983282996, 'capture_scale': 4.285268587254644}. Best is trial 1 with value: 3.812168466789749.
[I 2026-05-03 13:08:36,002] Trial 30 finished with value: 4.687722401989072 and parameters: {'f_n': 3.4058217914640555e-08, 'K_d': 514750.0196667983, 'rho_d': 7973157181206.914, 'fission_rate': 6.943298155528616e+19, 'Dg_D1_scale': 0.19554339553072594, 'Dg_D3_scale': 0.7773945041359334, 'Dv_D1_scale': 0.5216152646217679, 'Dv_D2_scale': 0.24858528276635466, 'b_bulk_scale': 0.6403576735344203, 'b_dislocation_scale': 0.34131200222147473, 'gb_scale': 0.2485939502262516, 'gd_bubble_scale': 1.5661640381995823, 'gd_line_scale': 4.006598791842202, 'gd_line_alpha': 0.19892012192071584, 'coalescence_d_scale': 0.13844096466778932, 'capture_scale': 0.04356489997598276}. Best is trial 1 with value: 3.812168466789749.
[I 2026-05-03 13:08:39,443] Trial 31 finished with value: 4.194576017704669 and parameters: {'f_n': 7.324321800120115e-09, 'K_d': 202976.13603805823, 'rho_d': 6300664768122.983, 'fission_rate': 7.383773087096285e+19, 'Dg_D1_scale': 1.1820857032714263, 'Dg_D3_scale': 0.3303119187100095, 'Dv_D1_scale': 0.3937316954398647, 'Dv_D2_scale': 0.28712151887669507, 'b_bulk_scale': 0.03121552792488244, 'b_dislocation_scale': 0.2562181359521032, 'gb_scale': 0.6703902484013514, 'gd_bubble_scale': 0.10967899568099089, 'gd_line_scale': 1.1167737355717304, 'gd_line_alpha': 0.9935440608703303, 'coalescence_d_scale': 1.1827330997502135, 'capture_scale': 2.195628289276119}. Best is trial 1 with value: 3.812168466789749.
[I 2026-05-03 13:08:45,405] Trial 32 finished with value: 3.8555667176220383 and parameters: {'f_n': 4.4412270391656176e-09, 'K_d': 266263.73254199675, 'rho_d': 9997743427005.031, 'fission_rate': 7.351213339287441e+19, 'Dg_D1_scale': 1.4528591781922249, 'Dg_D3_scale': 0.3207975760528565, 'Dv_D1_scale': 0.3080048875115459, 'Dv_D2_scale': 0.201471085311361, 'b_bulk_scale': 0.04130249737538903, 'b_dislocation_scale': 0.30874481046197255, 'gb_scale': 0.9792877545353775, 'gd_bubble_scale': 0.11324994360202582, 'gd_line_scale': 1.3759728479721252, 'gd_line_alpha': 0.7399921822517264, 'coalescence_d_scale': 0.7798486669093851, 'capture_scale': 7.958817320748687}. Best is trial 1 with value: 3.812168466789749.
[I 2026-05-03 13:08:51,298] Trial 33 finished with value: 3.5332443000824045 and parameters: {'f_n': 2.0591634226339084e-08, 'K_d': 228126.33565881135, 'rho_d': 14485975983165.004, 'fission_rate': 7.827386583079577e+19, 'Dg_D1_scale': 1.5557475562545522, 'Dg_D3_scale': 0.19441430860382816, 'Dv_D1_scale': 0.29065087711363746, 'Dv_D2_scale': 0.2004017752759236, 'b_bulk_scale': 0.04221523532646502, 'b_dislocation_scale': 0.22131378188613027, 'gb_scale': 0.9787756857447867, 'gd_bubble_scale': 0.08043096596790189, 'gd_line_scale': 1.6917589862506879, 'gd_line_alpha': 0.7589068464313866, 'coalescence_d_scale': 0.7687212991917087, 'capture_scale': 6.33328782831339}. Best is trial 33 with value: 3.5332443000824045.
[I 2026-05-03 13:08:58,048] Trial 34 finished with value: 3.649584455739606 and parameters: {'f_n': 1.9276056753624544e-08, 'K_d': 241079.23785909696, 'rho_d': 14817928635893.58, 'fission_rate': 7.257008373597187e+19, 'Dg_D1_scale': 1.5088947839833182, 'Dg_D3_scale': 0.2042998363102604, 'Dv_D1_scale': 0.2130429047783978, 'Dv_D2_scale': 0.20011211361512282, 'b_bulk_scale': 3.6349011183525177, 'b_dislocation_scale': 0.3808062392520628, 'gb_scale': 1.0231067247427135, 'gd_bubble_scale': 0.07908260865249726, 'gd_line_scale': 1.4270613435933508, 'gd_line_alpha': 0.7639025425584188, 'coalescence_d_scale': 0.8349664078332362, 'capture_scale': 4.145618673260304}. Best is trial 33 with value: 3.5332443000824045.
[I 2026-05-03 13:09:04,441] Trial 35 finished with value: 3.8733180278964103 and parameters: {'f_n': 1.917247092837802e-08, 'K_d': 158002.2904742006, 'rho_d': 22522798963444.586, 'fission_rate': 7.70894748275772e+19, 'Dg_D1_scale': 1.4969459360423636, 'Dg_D3_scale': 0.19921759253497176, 'Dv_D1_scale': 0.2022428234234811, 'Dv_D2_scale': 0.2039087873919345, 'b_bulk_scale': 3.9078415138335085, 'b_dislocation_scale': 0.45742694521478405, 'gb_scale': 1.0424431228777593, 'gd_bubble_scale': 0.22516409727989495, 'gd_line_scale': 2.3815792764566863, 'gd_line_alpha': 0.8629600539647642, 'coalescence_d_scale': 0.30271815714061323, 'capture_scale': 3.5320090474507944}. Best is trial 33 with value: 3.5332443000824045.
