[I 2026-05-03 13:09:09,592] Trial 36 finished with value: 3.424568662459998 and parameters: {'f_n': 1.1514039166614653e-07, 'K_d': 224616.52134573087, 'rho_d': 14924608108593.178, 'fission_rate': 6.976293605599815e+19, 'Dg_D1_scale': 0.7728712797005383, 'Dg_D3_scale': 0.17612559823055735, 'Dv_D1_scale': 0.23509791442500133, 'Dv_D2_scale': 0.23267882890387673, 'b_bulk_scale': 0.17049171733675267, 'b_dislocation_scale': 0.4245535835606182, 'gb_scale': 0.46005315459182783, 'gd_bubble_scale': 0.0750492610898124, 'gd_line_scale': 3.373204514924805, 'gd_line_alpha': 0.8080573455124238, 'coalescence_d_scale': 0.6140338454987819, 'capture_scale': 0.1223080395924461}. Best is trial 36 with value: 3.424568662459998.Best trial: 33. Best value: 3.53324:   7%|▋         | 36/500 [03:52<47:19,  6.12s/it]Best trial: 36. Best value: 3.42457:   7%|▋         | 36/500 [03:52<47:19,  6.12s/it]Best trial: 36. Best value: 3.42457:   7%|▋         | 37/500 [03:52<45:00,  5.83s/it]                                                                                     Best trial: 36. Best value: 3.42457:   7%|▋         | 37/500 [04:00<45:00,  5.83s/it]Best trial: 36. Best value: 3.42457:   7%|▋         | 37/500 [04:00<45:00,  5.83s/it]Best trial: 36. Best value: 3.42457:   8%|▊         | 38/500 [04:00<48:23,  6.28s/it]                                                                                     Best trial: 36. Best value: 3.42457:   8%|▊         | 38/500 [04:06<48:23,  6.28s/it]Best trial: 36. Best value: 3.42457:   8%|▊         | 38/500 [04:07<48:23,  6.28s/it]Best trial: 36. Best value: 3.42457:   8%|▊         | 39/500 [04:07<49:52,  6.49s/it]                                                                                     Best trial: 36. Best value: 3.42457:   8%|▊         | 39/500 [04:10<49:52,  6.49s/it]Best trial: 36. Best value: 3.42457:   8%|▊         | 39/500 [04:10<49:52,  6.49s/it]Best trial: 36. Best value: 3.42457:   8%|▊         | 40/500 [04:10<42:53,  5.59s/it]                                                                                     Best trial: 36. Best value: 3.42457:   8%|▊         | 40/500 [04:17<42:53,  5.59s/it]Best trial: 36. Best value: 3.42457:   8%|▊         | 40/500 [04:17<42:53,  5.59s/it]Best trial: 36. Best value: 3.42457:   8%|▊         | 41/500 [04:17<46:14,  6.04s/it]                                                                                     Best trial: 36. Best value: 3.42457:   8%|▊         | 41/500 [04:23<46:14,  6.04s/it]Best trial: 36. Best value: 3.42457:   8%|▊         | 41/500 [04:23<46:14,  6.04s/it]Best trial: 36. Best value: 3.42457:   8%|▊         | 42/500 [04:23<46:09,  6.05s/it]                                                                                     Best trial: 36. Best value: 3.42457:   8%|▊         | 42/500 [04:28<46:09,  6.05s/it]Best trial: 36. Best value: 3.42457:   8%|▊         | 42/500 [04:28<46:09,  6.05s/it]Best trial: 36. Best value: 3.42457:   9%|▊         | 43/500 [04:28<43:12,  5.67s/it]                                                                                     Best trial: 36. Best value: 3.42457:   9%|▊         | 43/500 [04:34<43:12,  5.67s/it]Best trial: 36. Best value: 3.42457:   9%|▊         | 43/500 [04:34<43:12,  5.67s/it]Best trial: 36. Best value: 3.42457:   9%|▉         | 44/500 [04:34<44:30,  5.86s/it]                                                                                     Best trial: 36. Best value: 3.42457:   9%|▉         | 44/500 [04:41<44:30,  5.86s/it]Best trial: 36. Best value: 3.42457:   9%|▉         | 44/500 [04:41<44:30,  5.86s/it]Best trial: 36. Best value: 3.42457:   9%|▉         | 45/500 [04:41<45:24,  5.99s/it]                                                                                     Best trial: 36. Best value: 3.42457:   9%|▉         | 45/500 [04:47<45:24,  5.99s/it]Best trial: 36. Best value: 3.42457:   9%|▉         | 45/500 [04:47<45:24,  5.99s/it]Best trial: 36. Best value: 3.42457:   9%|▉         | 46/500 [04:47<46:05,  6.09s/it]                                                                                     Best trial: 36. Best value: 3.42457:   9%|▉         | 46/500 [04:53<46:05,  6.09s/it]Best trial: 36. Best value: 3.42457:   9%|▉         | 46/500 [04:53<46:05,  6.09s/it]Best trial: 36. Best value: 3.42457:   9%|▉         | 47/500 [04:53<46:27,  6.15s/it]                                                                                     Best trial: 36. Best value: 3.42457:   9%|▉         | 47/500 [04:58<46:27,  6.15s/it]Best trial: 36. Best value: 3.42457:   9%|▉         | 47/500 [04:58<46:27,  6.15s/it]Best trial: 36. Best value: 3.42457:  10%|▉         | 48/500 [04:58<42:50,  5.69s/it]                                                                                     
[I 2026-05-03 13:09:16,942] Trial 37 finished with value: 4.342543310379466 and parameters: {'f_n': 1.3838029265175485e-07, 'K_d': 222843.81241731104, 'rho_d': 15526900522494.098, 'fission_rate': 6.514697927022784e+19, 'Dg_D1_scale': 0.6027565756731725, 'Dg_D3_scale': 0.16479124224562766, 'Dv_D1_scale': 0.23992420730845687, 'Dv_D2_scale': 0.23920713851757014, 'b_bulk_scale': 0.8266196905903593, 'b_dislocation_scale': 0.1828807951675971, 'gb_scale': 0.5053082156002857, 'gd_bubble_scale': 0.07232681076467576, 'gd_line_scale': 6.3861578273249835, 'gd_line_alpha': 0.539164026657958, 'coalescence_d_scale': 0.6523917840978897, 'capture_scale': 0.12186937743834377}. Best is trial 36 with value: 3.424568662459998.
[I 2026-05-03 13:09:23,912] Trial 38 finished with value: 3.9957275872322597 and parameters: {'f_n': 1.1027543134263755e-07, 'K_d': 162079.7922783209, 'rho_d': 26574690971636.746, 'fission_rate': 6.96072942822936e+19, 'Dg_D1_scale': 0.48447445889669505, 'Dg_D3_scale': 0.18183141900825783, 'Dv_D1_scale': 0.26872281399267073, 'Dv_D2_scale': 0.23977432268855053, 'b_bulk_scale': 0.1817961685152981, 'b_dislocation_scale': 0.4211304603656509, 'gb_scale': 0.31722351950333555, 'gd_bubble_scale': 0.05154194757215758, 'gd_line_scale': 3.6940772587233965, 'gd_line_alpha': 0.8329252647249575, 'coalescence_d_scale': 0.9405417356680615, 'capture_scale': 0.23140603661749776}. Best is trial 36 with value: 3.424568662459998.
[I 2026-05-03 13:09:27,418] Trial 39 finished with value: 5.185027262598798 and parameters: {'f_n': 2.062547803932002e-08, 'K_d': 233781.66332976345, 'rho_d': 36579911632366.31, 'fission_rate': 7.56885016048416e+19, 'Dg_D1_scale': 0.7905756727662415, 'Dg_D3_scale': 0.20624149836406552, 'Dv_D1_scale': 0.20020605162809177, 'Dv_D2_scale': 0.20147598493768173, 'b_bulk_scale': 0.26440831293404105, 'b_dislocation_scale': 1.072626545985745, 'gb_scale': 0.5322571289754588, 'gd_bubble_scale': 0.1268767222329543, 'gd_line_scale': 0.05993957495041711, 'gd_line_alpha': 0.7945263748836512, 'coalescence_d_scale': 2.181485515304982, 'capture_scale': 5.4446446140113105}. Best is trial 36 with value: 3.424568662459998.
[I 2026-05-03 13:09:34,511] Trial 40 finished with value: 3.999006287946462 and parameters: {'f_n': 3.9791916443334025e-07, 'K_d': 129320.00111547534, 'rho_d': 20429324544175.54, 'fission_rate': 6.863629182822243e+19, 'Dg_D1_scale': 0.784723056253554, 'Dg_D3_scale': 0.27671207254512736, 'Dv_D1_scale': 0.2897086973690517, 'Dv_D2_scale': 0.26019780544666515, 'b_bulk_scale': 3.5941119610182115, 'b_dislocation_scale': 0.5867003463872276, 'gb_scale': 0.80306040437237, 'gd_bubble_scale': 0.22268266087927416, 'gd_line_scale': 0.48403771895889613, 'gd_line_alpha': 0.9163883875977001, 'coalescence_d_scale': 0.6029013813344708, 'capture_scale': 0.14125003803288247}. Best is trial 36 with value: 3.424568662459998.
[I 2026-05-03 13:09:40,565] Trial 41 finished with value: 3.529030194229164 and parameters: {'f_n': 1.3824573576347867e-08, 'K_d': 646600.6879423237, 'rho_d': 12693272500860.37, 'fission_rate': 7.303551323447784e+19, 'Dg_D1_scale': 1.0801927777320237, 'Dg_D3_scale': 0.24504148524907798, 'Dv_D1_scale': 0.2357359942142463, 'Dv_D2_scale': 0.35334953339204905, 'b_bulk_scale': 0.07775472953958447, 'b_dislocation_scale': 0.37811847737027693, 'gb_scale': 1.225206000094451, 'gd_bubble_scale': 0.07522279440628471, 'gd_line_scale': 2.812852773221458, 'gd_line_alpha': 0.712673202277561, 'coalescence_d_scale': 0.8787289202333907, 'capture_scale': 0.5597398268381643}. Best is trial 36 with value: 3.424568662459998.
[I 2026-05-03 13:09:45,362] Trial 42 finished with value: 4.349152499311518 and parameters: {'f_n': 1.0011827394822973e-08, 'K_d': 715995.7649530413, 'rho_d': 13765148522063.701, 'fission_rate': 7.31536304422232e+19, 'Dg_D1_scale': 1.0291991151380315, 'Dg_D3_scale': 0.17986718147577443, 'Dv_D1_scale': 0.23023169319465378, 'Dv_D2_scale': 0.32286206793550276, 'b_bulk_scale': 0.1641755383933381, 'b_dislocation_scale': 0.12144311540402995, 'gb_scale': 1.138954796742834, 'gd_bubble_scale': 0.08813907826221787, 'gd_line_scale': 4.591540017543031, 'gd_line_alpha': 0.6511010245932528, 'coalescence_d_scale': 0.8943826748439794, 'capture_scale': 0.6899704643083255}. Best is trial 36 with value: 3.424568662459998.
[I 2026-05-03 13:09:51,641] Trial 43 finished with value: 3.441807979054408 and parameters: {'f_n': 3.604587229403632e-08, 'K_d': 337899.2567780966, 'rho_d': 16670565505433.709, 'fission_rate': 7.807354358049885e+19, 'Dg_D1_scale': 1.2522515097836713, 'Dg_D3_scale': 0.15425765894544044, 'Dv_D1_scale': 0.2505546887853099, 'Dv_D2_scale': 0.4085999767168023, 'b_bulk_scale': 1.1259612594642172, 'b_dislocation_scale': 0.362275995995459, 'gb_scale': 1.69698819387019, 'gd_bubble_scale': 0.142408021307805, 'gd_line_scale': 1.3673273404280994, 'gd_line_alpha': 0.7107984277931186, 'coalescence_d_scale': 1.2614569373922953, 'capture_scale': 0.10982892079221357}. Best is trial 36 with value: 3.424568662459998.
[I 2026-05-03 13:09:57,945] Trial 44 finished with value: 3.4583193161207277 and parameters: {'f_n': 4.3178269895146795e-08, 'K_d': 308694.2672000941, 'rho_d': 16806763503655.275, 'fission_rate': 7.715708307499724e+19, 'Dg_D1_scale': 1.2810010952595754, 'Dg_D3_scale': 0.15278918690459867, 'Dv_D1_scale': 0.2536833541785983, 'Dv_D2_scale': 0.3868049425326045, 'b_bulk_scale': 1.0964945193031586, 'b_dislocation_scale': 0.3665119465091989, 'gb_scale': 1.8753181204449536, 'gd_bubble_scale': 0.06872754391978171, 'gd_line_scale': 1.409043594301543, 'gd_line_alpha': 0.7046763618603915, 'coalescence_d_scale': 1.1288809037481404, 'capture_scale': 0.10069953288405112}. Best is trial 36 with value: 3.424568662459998.
[I 2026-05-03 13:10:04,273] Trial 45 finished with value: 4.295562125328614 and parameters: {'f_n': 9.854767036538142e-08, 'K_d': 304251.65674790286, 'rho_d': 17413200564140.246, 'fission_rate': 7.812083654183238e+19, 'Dg_D1_scale': 0.8610068820791742, 'Dg_D3_scale': 0.15089230260950784, 'Dv_D1_scale': 0.25736910661298784, 'Dv_D2_scale': 0.4327014418316401, 'b_bulk_scale': 1.2193547870669967, 'b_dislocation_scale': 0.46888387448241486, 'gb_scale': 1.7923747405083312, 'gd_bubble_scale': 0.06228954919561807, 'gd_line_scale': 0.753650137498444, 'gd_line_alpha': 0.6904915927923595, 'coalescence_d_scale': 2.7860134087214314, 'capture_scale': 0.05440002920782778}. Best is trial 36 with value: 3.424568662459998.
[I 2026-05-03 13:10:10,574] Trial 46 finished with value: 4.345008221555102 and parameters: {'f_n': 4.419306805523517e-08, 'K_d': 347509.4508294433, 'rho_d': 11400306707460.777, 'fission_rate': 7.777107425400088e+19, 'Dg_D1_scale': 0.6940816392495311, 'Dg_D3_scale': 0.27093561678850514, 'Dv_D1_scale': 0.3468584881078793, 'Dv_D2_scale': 0.37745738232015286, 'b_bulk_scale': 0.9246421040727728, 'b_dislocation_scale': 0.20130845842402045, 'gb_scale': 0.34512502904670594, 'gd_bubble_scale': 0.14217684835773864, 'gd_line_scale': 3.0237787612035705, 'gd_line_alpha': 0.6227449974302978, 'coalescence_d_scale': 1.1378464007474574, 'capture_scale': 0.08691456710359897}. Best is trial 36 with value: 3.424568662459998.
[I 2026-05-03 13:10:15,171] Trial 47 finished with value: 3.5050799798730963 and parameters: {'f_n': 2.0533963242424368e-07, 'K_d': 273115.2839270571, 'rho_d': 21241693257880.7, 'fission_rate': 7.502759678663256e+19, 'Dg_D1_scale': 1.0924711897766652, 'Dg_D3_scale': 0.1512637511789386, 'Dv_D1_scale': 0.28078363076909674, 'Dv_D2_scale': 2.256347207842783, 'b_bulk_scale': 1.9330438383443656, 'b_dislocation_scale': 0.5299551874095189, 'gb_scale': 1.3421640097698684, 'gd_bubble_scale': 0.06618453507802856, 'gd_line_scale': 1.6600553500221618, 'gd_line_alpha': 0.8096388680706679, 'coalescence_d_scale': 0.5295626723725798, 'capture_scale': 0.03668864246843489}. Best is trial 36 with value: 3.424568662459998.
[I 2026-05-03 13:10:21,595] Trial 48 finished with value: 4.363312622165351 and parameters: {'f_n': 1.3164680123106318e-06, 'K_d': 567232.2213598834, 'rho_d': 21611003934000.34, 'fission_rate': 7.524215932786015e+19, 'Dg_D1_scale': 1.0840358188578059, 'Dg_D3_scale': 0.1514305409391626, 'Dv_D1_scale': 0.24163616197747048, 'Dv_D2_scale': 3.214447319503627, 'b_bulk_scale': 2.2487613585772452, 'b_dislocation_scale': 0.6292994441068198, 'gb_scale': 1.6311536416512755, 'gd_bubble_scale': 0.065760043314165, 'gd_line_scale': 0.9708884768285604, 'gd_line_alpha': 0.8790835700919009, 'coalescence_d_scale': 0.34700812254592045, 'capture_scale': 0.038559044273304574}. Best is trial 36 with value: 3.424568662459998.Best trial: 36. Best value: 3.42457:  10%|▉         | 48/500 [05:04<42:50,  5.69s/it]Best trial: 36. Best value: 3.42457:  10%|▉         | 48/500 [05:04<42:50,  5.69s/it]Best trial: 36. Best value: 3.42457:  10%|▉         | 49/500 [05:04<44:24,  5.91s/it]                                                                                     Best trial: 36. Best value: 3.42457:  10%|▉         | 49/500 [05:11<44:24,  5.91s/it]Best trial: 36. Best value: 3.42457:  10%|▉         | 49/500 [05:11<44:24,  5.91s/it]Best trial: 36. Best value: 3.42457:  10%|█         | 50/500 [05:11<46:49,  6.24s/it]                                                                                     Best trial: 36. Best value: 3.42457:  10%|█         | 50/500 [05:18<46:49,  6.24s/it]Best trial: 36. Best value: 3.42457:  10%|█         | 50/500 [05:18<46:49,  6.24s/it]Best trial: 36. Best value: 3.42457:  10%|█         | 51/500 [05:18<47:18,  6.32s/it]                                                                                     Best trial: 36. Best value: 3.42457:  10%|█         | 51/500 [05:24<47:18,  6.32s/it]Best trial: 36. Best value: 3.42457:  10%|█         | 51/500 [05:24<47:18,  6.32s/it]Best trial: 36. Best value: 3.42457:  10%|█         | 52/500 [05:24<47:22,  6.35s/it]                                                                                     Best trial: 36. Best value: 3.42457:  10%|█         | 52/500 [05:29<47:22,  6.35s/it]Best trial: 36. Best value: 3.42457:  10%|█         | 52/500 [05:29<47:22,  6.35s/it]Best trial: 36. Best value: 3.42457:  11%|█         | 53/500 [05:29<42:58,  5.77s/it]                                                                                     Best trial: 36. Best value: 3.42457:  11%|█         | 53/500 [05:35<42:58,  5.77s/it]Best trial: 36. Best value: 3.42457:  11%|█         | 53/500 [05:35<42:58,  5.77s/it]Best trial: 36. Best value: 3.42457:  11%|█         | 54/500 [05:35<44:19,  5.96s/it]                                                                                     Best trial: 36. Best value: 3.42457:  11%|█         | 54/500 [05:42<44:19,  5.96s/it]Best trial: 36. Best value: 3.42457:  11%|█         | 54/500 [05:42<44:19,  5.96s/it]Best trial: 36. Best value: 3.42457:  11%|█         | 55/500 [05:42<45:35,  6.15s/it]                                                                                     Best trial: 36. Best value: 3.42457:  11%|█         | 55/500 [05:53<45:35,  6.15s/it]Best trial: 36. Best value: 3.42457:  11%|█         | 55/500 [05:53<45:35,  6.15s/it]Best trial: 36. Best value: 3.42457:  11%|█         | 56/500 [05:53<57:51,  7.82s/it]                                                                                     Best trial: 36. Best value: 3.42457:  11%|█         | 56/500 [06:00<57:51,  7.82s/it]Best trial: 36. Best value: 3.42457:  11%|█         | 56/500 [06:00<57:51,  7.82s/it]Best trial: 36. Best value: 3.42457:  11%|█▏        | 57/500 [06:00<56:02,  7.59s/it]                                                                                     Best trial: 36. Best value: 3.42457:  11%|█▏        | 57/500 [06:06<56:02,  7.59s/it]Best trial: 36. Best value: 3.42457:  11%|█▏        | 57/500 [06:06<56:02,  7.59s/it]Best trial: 36. Best value: 3.42457:  12%|█▏        | 58/500 [06:06<52:38,  7.15s/it]                                                                                     Best trial: 36. Best value: 3.42457:  12%|█▏        | 58/500 [06:17<52:38,  7.15s/it]Best trial: 36. Best value: 3.42457:  12%|█▏        | 58/500 [06:17<52:38,  7.15s/it]Best trial: 36. Best value: 3.42457:  12%|█▏        | 59/500 [06:17<59:51,  8.15s/it]                                                                                     Best trial: 36. Best value: 3.42457:  12%|█▏        | 59/500 [06:23<59:51,  8.15s/it]Best trial: 36. Best value: 3.42457:  12%|█▏        | 59/500 [06:23<59:51,  8.15s/it]Best trial: 36. Best value: 3.42457:  12%|█▏        | 60/500 [06:23<55:42,  7.60s/it]                                                                                     
[I 2026-05-03 13:10:28,618] Trial 49 finished with value: 5.081199459675258 and parameters: {'f_n': 4.321768678662599e-07, 'K_d': 345783.3892522913, 'rho_d': 32352996769943.605, 'fission_rate': 6.7049978789033525e+19, 'Dg_D1_scale': 1.254691757510922, 'Dg_D3_scale': 0.17638672937487074, 'Dv_D1_scale': 0.3863965106858739, 'Dv_D2_scale': 2.7551724897530834, 'b_bulk_scale': 1.8112387623384334, 'b_dislocation_scale': 1.612060539070393, 'gb_scale': 3.1596649271700366, 'gd_bubble_scale': 0.182888312416008, 'gd_line_scale': 1.44859619915902, 'gd_line_alpha': 0.8012500960172856, 'coalescence_d_scale': 4.075802049468586, 'capture_scale': 0.014340426892806696}. Best is trial 36 with value: 3.424568662459998.
[I 2026-05-03 13:10:35,117] Trial 50 finished with value: 3.5908939545794745 and parameters: {'f_n': 1.9986137801493492e-07, 'K_d': 271254.4905801001, 'rho_d': 25202896299872.055, 'fission_rate': 7.571028638081185e+19, 'Dg_D1_scale': 0.4782305913737281, 'Dg_D3_scale': 0.22942371179001114, 'Dv_D1_scale': 0.3114372728930762, 'Dv_D2_scale': 2.0221381252420874, 'b_bulk_scale': 2.7702598175242006, 'b_dislocation_scale': 0.7974042713484453, 'gb_scale': 1.4128795452397673, 'gd_bubble_scale': 0.09096187315164607, 'gd_line_scale': 2.0833289895676286, 'gd_line_alpha': 0.7036123247035053, 'coalescence_d_scale': 0.5643429410442111, 'capture_scale': 0.20282398851433575}. Best is trial 36 with value: 3.424568662459998.
[I 2026-05-03 13:10:41,525] Trial 51 finished with value: 3.5200431694338876 and parameters: {'f_n': 6.95293274508986e-08, 'K_d': 194131.48038435366, 'rho_d': 17263122993238.234, 'fission_rate': 7.846383107651196e+19, 'Dg_D1_scale': 1.2953315830757746, 'Dg_D3_scale': 0.18306226853920113, 'Dv_D1_scale': 0.2776110613938199, 'Dv_D2_scale': 1.6638523921784791, 'b_bulk_scale': 1.0484217721052573, 'b_dislocation_scale': 0.3678412113242575, 'gb_scale': 1.2187255974376743, 'gd_bubble_scale': 0.06609957299453692, 'gd_line_scale': 1.7988808332541057, 'gd_line_alpha': 0.9376084866864876, 'coalescence_d_scale': 1.1014241293244373, 'capture_scale': 0.12270516884567025}. Best is trial 36 with value: 3.424568662459998.
[I 2026-05-03 13:10:45,943] Trial 52 finished with value: 3.900245858501758 and parameters: {'f_n': 6.223724340773162e-08, 'K_d': 185467.69966858684, 'rho_d': 17134861637550.176, 'fission_rate': 7.875203744718016e+19, 'Dg_D1_scale': 1.3185866133748656, 'Dg_D3_scale': 0.16709663852387346, 'Dv_D1_scale': 0.26490146175972, 'Dv_D2_scale': 1.9633231069639205, 'b_bulk_scale': 1.162303654186284, 'b_dislocation_scale': 0.37454864884574623, 'gb_scale': 1.2549050029146658, 'gd_bubble_scale': 0.06359301214925962, 'gd_line_scale': 3.0367214030765175, 'gd_line_alpha': 0.9427116792688559, 'coalescence_d_scale': 1.1567276187264217, 'capture_scale': 0.10738611095276279}. Best is trial 36 with value: 3.424568662459998.
[I 2026-05-03 13:10:52,366] Trial 53 finished with value: 3.511118789253563 and parameters: {'f_n': 1.794593722387504e-07, 'K_d': 289665.79121313774, 'rho_d': 19130035770816.36, 'fission_rate': 7.68589060651404e+19, 'Dg_D1_scale': 0.5968581355023913, 'Dg_D3_scale': 0.30208532037012126, 'Dv_D1_scale': 0.22070256068876395, 'Dv_D2_scale': 1.5658211545663072, 'b_bulk_scale': 1.5089273965656476, 'b_dislocation_scale': 0.5143688067011489, 'gb_scale': 1.909810581566984, 'gd_bubble_scale': 0.13251137671632576, 'gd_line_scale': 1.7744857227614521, 'gd_line_alpha': 0.9550173909769767, 'coalescence_d_scale': 1.602602419809867, 'capture_scale': 0.17377851552316415}. Best is trial 36 with value: 3.424568662459998.
[I 2026-05-03 13:10:58,940] Trial 54 finished with value: 4.0213556191311355 and parameters: {'f_n': 2.6480415813549466e-07, 'K_d': 274442.10996141186, 'rho_d': 18812183116144.105, 'fission_rate': 7.6459531470993e+19, 'Dg_D1_scale': 0.578492312284602, 'Dg_D3_scale': 0.21511193540931262, 'Dv_D1_scale': 0.33473698901876187, 'Dv_D2_scale': 1.5391966338815835, 'b_bulk_scale': 1.5542383172386014, 'b_dislocation_scale': 0.5548741579851151, 'gb_scale': 1.8088721925651272, 'gd_bubble_scale': 0.14035651048770223, 'gd_line_scale': 1.2744864257756785, 'gd_line_alpha': 0.947206621278547, 'coalescence_d_scale': 1.7377271233220444, 'capture_scale': 0.17219254616084123}. Best is trial 36 with value: 3.424568662459998.
