[I 2026-05-03 13:19:18,714] Trial 134 finished with value: 3.471659705145468 and parameters: {'f_n': 5.194658640011364e-07, 'K_d': 310518.51919723995, 'rho_d': 17748385967677.74, 'fission_rate': 6.64394392355422e+19, 'Dg_D1_scale': 0.3684150865183051, 'Dg_D3_scale': 0.33155382406200773, 'Dv_D1_scale': 0.23132395123545985, 'Dv_D2_scale': 0.2999208562709238, 'b_bulk_scale': 0.30280599928721447, 'b_dislocation_scale': 0.42895527515495974, 'gb_scale': 0.2397548427640466, 'gd_bubble_scale': 1.6728564877216083, 'gd_line_scale': 1.393005853348019, 'gd_line_alpha': 0.4185861709225628, 'coalescence_d_scale': 0.6029517338236381, 'capture_scale': 0.02898328674540321}. Best is trial 89 with value: 3.2308694002208087.
[I 2026-05-03 13:19:26,082] Trial 135 finished with value: 3.4264954707094137 and parameters: {'f_n': 4.3696978100236314e-07, 'K_d': 312831.3018016165, 'rho_d': 18186781798550.945, 'fission_rate': 6.763694396339013e+19, 'Dg_D1_scale': 0.5713478883098132, 'Dg_D3_scale': 0.2893766106709563, 'Dv_D1_scale': 0.22555193499532378, 'Dv_D2_scale': 0.28429963148404, 'b_bulk_scale': 0.4145596389197099, 'b_dislocation_scale': 0.437441909157756, 'gb_scale': 0.26759633506888475, 'gd_bubble_scale': 1.661468384057475, 'gd_line_scale': 1.3111980986380498, 'gd_line_alpha': 0.41372878659952145, 'coalescence_d_scale': 0.4671964583787693, 'capture_scale': 0.022814490815965077}. Best is trial 89 with value: 3.2308694002208087.
[I 2026-05-03 13:19:33,397] Trial 136 finished with value: 3.4092300928294037 and parameters: {'f_n': 5.01451482852131e-07, 'K_d': 308347.79097098997, 'rho_d': 19813970643531.562, 'fission_rate': 6.6174654342690095e+19, 'Dg_D1_scale': 0.3075077096048706, 'Dg_D3_scale': 0.2963143362627331, 'Dv_D1_scale': 0.20042510367550861, 'Dv_D2_scale': 0.2975773830017925, 'b_bulk_scale': 0.37049627480740877, 'b_dislocation_scale': 0.420622648267008, 'gb_scale': 0.16462036897320337, 'gd_bubble_scale': 1.5382147187470847, 'gd_line_scale': 1.3561970993519592, 'gd_line_alpha': 0.44123104375875344, 'coalescence_d_scale': 0.2748838098383633, 'capture_scale': 0.020873451628036777}. Best is trial 89 with value: 3.2308694002208087.
[I 2026-05-03 13:19:40,784] Trial 137 finished with value: 3.468606530167994 and parameters: {'f_n': 6.597579176042308e-07, 'K_d': 311086.99989472196, 'rho_d': 20336405141001.402, 'fission_rate': 6.638761428598488e+19, 'Dg_D1_scale': 0.27514907874201183, 'Dg_D3_scale': 0.3263671877645461, 'Dv_D1_scale': 0.21844087582595667, 'Dv_D2_scale': 0.25372624235617214, 'b_bulk_scale': 0.43079270445331985, 'b_dislocation_scale': 0.44173801001507307, 'gb_scale': 0.1587416189710595, 'gd_bubble_scale': 1.646814543219216, 'gd_line_scale': 1.1585243247851373, 'gd_line_alpha': 0.42317112638360405, 'coalescence_d_scale': 0.2702360058208319, 'capture_scale': 0.021401807406798506}. Best is trial 89 with value: 3.2308694002208087.
[I 2026-05-03 13:19:47,967] Trial 138 finished with value: 3.4533241587758954 and parameters: {'f_n': 6.873722989510424e-07, 'K_d': 319312.836104507, 'rho_d': 20813595978518.86, 'fission_rate': 6.6925811125507826e+19, 'Dg_D1_scale': 0.24468813225592476, 'Dg_D3_scale': 0.29865202256927353, 'Dv_D1_scale': 0.20194279748272365, 'Dv_D2_scale': 0.2535259137968144, 'b_bulk_scale': 0.5314792996598292, 'b_dislocation_scale': 0.4750285151092582, 'gb_scale': 0.11794877508972557, 'gd_bubble_scale': 1.7219118693321476, 'gd_line_scale': 1.1494409518367166, 'gd_line_alpha': 0.34662261590994353, 'coalescence_d_scale': 0.26796616693834874, 'capture_scale': 0.021626270020372693}. Best is trial 89 with value: 3.2308694002208087.
[I 2026-05-03 13:19:53,224] Trial 139 finished with value: 3.6003239550181383 and parameters: {'f_n': 7.583579010879723e-07, 'K_d': 338676.9945856823, 'rho_d': 25939467354597.63, 'fission_rate': 6.764271224745826e+19, 'Dg_D1_scale': 0.19128791515852223, 'Dg_D3_scale': 0.37188858122597307, 'Dv_D1_scale': 0.2153410888787573, 'Dv_D2_scale': 0.28408723871460834, 'b_bulk_scale': 0.5121889561085493, 'b_dislocation_scale': 0.610402704325739, 'gb_scale': 0.15548449620609972, 'gd_bubble_scale': 1.777092447700597, 'gd_line_scale': 1.0610454635223157, 'gd_line_alpha': 0.31360244492036277, 'coalescence_d_scale': 0.1862509134238297, 'capture_scale': 0.018050823275451048}. Best is trial 89 with value: 3.2308694002208087.
[I 2026-05-03 13:20:00,683] Trial 140 finished with value: 3.588939597401079 and parameters: {'f_n': 1.3244377007307854e-06, 'K_d': 297498.1385911753, 'rho_d': 20096010766752.777, 'fission_rate': 6.51379412068666e+19, 'Dg_D1_scale': 0.24629250052337825, 'Dg_D3_scale': 0.29440537945170964, 'Dv_D1_scale': 0.20105812551757907, 'Dv_D2_scale': 0.22533232122260605, 'b_bulk_scale': 0.38658812154435, 'b_dislocation_scale': 0.47896661904861093, 'gb_scale': 0.08292724372764403, 'gd_bubble_scale': 1.4429837288168252, 'gd_line_scale': 0.948685802239806, 'gd_line_alpha': 0.4490294703002633, 'coalescence_d_scale': 0.22547282286286074, 'capture_scale': 0.023601113997173857}. Best is trial 89 with value: 3.2308694002208087.
[I 2026-05-03 13:20:08,112] Trial 141 finished with value: 3.456297635134688 and parameters: {'f_n': 6.455042388326978e-07, 'K_d': 328057.76814698643, 'rho_d': 21775972714158.953, 'fission_rate': 6.70964138005679e+19, 'Dg_D1_scale': 0.3005337342059595, 'Dg_D3_scale': 0.32582903769505805, 'Dv_D1_scale': 0.21990866504298084, 'Dv_D2_scale': 0.2549540531266469, 'b_bulk_scale': 0.4477678440548388, 'b_dislocation_scale': 0.45324894917758585, 'gb_scale': 0.12494781847627937, 'gd_bubble_scale': 1.588141683504646, 'gd_line_scale': 1.1622873926739605, 'gd_line_alpha': 0.3960336991348516, 'coalescence_d_scale': 0.3307942958438374, 'capture_scale': 0.020187095970594753}. Best is trial 89 with value: 3.2308694002208087.
[I 2026-05-03 13:20:15,469] Trial 142 finished with value: 3.479411741955505 and parameters: {'f_n': 1.0940391266522557e-06, 'K_d': 324436.2124563209, 'rho_d': 28986941445267.836, 'fission_rate': 6.733526559471451e+19, 'Dg_D1_scale': 0.28184083551204103, 'Dg_D3_scale': 0.43152076965641334, 'Dv_D1_scale': 0.20209576451204586, 'Dv_D2_scale': 0.2611706415493771, 'b_bulk_scale': 0.41430053035702913, 'b_dislocation_scale': 0.5619633642869186, 'gb_scale': 0.11618803772082043, 'gd_bubble_scale': 2.178785640277856, 'gd_line_scale': 1.269448968216994, 'gd_line_alpha': 0.37051293220171866, 'coalescence_d_scale': 0.3087922730647472, 'capture_scale': 0.012066656482883829}. Best is trial 89 with value: 3.2308694002208087.
[I 2026-05-03 13:20:21,195] Trial 143 finished with value: 3.719143050688819 and parameters: {'f_n': 4.40812641227378e-07, 'K_d': 367974.7828032904, 'rho_d': 22235006766051.727, 'fission_rate': 6.48253794037643e+19, 'Dg_D1_scale': 0.3210823797449004, 'Dg_D3_scale': 0.2897916810273662, 'Dv_D1_scale': 0.22501578498108307, 'Dv_D2_scale': 0.3079741698434313, 'b_bulk_scale': 0.5076993571460534, 'b_dislocation_scale': 0.3778291931272202, 'gb_scale': 0.1319732725137008, 'gd_bubble_scale': 1.1781947719019312, 'gd_line_scale': 1.4546830738984664, 'gd_line_alpha': 0.39108649424316216, 'coalescence_d_scale': 0.4182779079237161, 'capture_scale': 0.020383773871984767}. Best is trial 89 with value: 3.2308694002208087.
[I 2026-05-03 13:20:28,447] Trial 144 finished with value: 3.6036215230872557 and parameters: {'f_n': 8.604917798886525e-07, 'K_d': 244410.95688303473, 'rho_d': 23416103345959.598, 'fission_rate': 6.870706694293571e+19, 'Dg_D1_scale': 0.21982105006729286, 'Dg_D3_scale': 0.34197513023884424, 'Dv_D1_scale': 0.23545236890907936, 'Dv_D2_scale': 0.24021498913812686, 'b_bulk_scale': 0.3544235187151615, 'b_dislocation_scale': 0.6859119707654849, 'gb_scale': 0.07326772960235689, 'gd_bubble_scale': 1.868461532661669, 'gd_line_scale': 1.0039342499839252, 'gd_line_alpha': 0.3345148095722222, 'coalescence_d_scale': 0.3631259917596926, 'capture_scale': 0.016107859016320104}. Best is trial 89 with value: 3.2308694002208087.Best trial: 89. Best value: 3.23087:  29%|██▉       | 144/500 [15:11<39:41,  6.69s/it]Best trial: 89. Best value: 3.23087:  29%|██▉       | 144/500 [15:11<39:41,  6.69s/it]Best trial: 89. Best value: 3.23087:  29%|██▉       | 145/500 [15:11<40:34,  6.86s/it]                                                                                      Best trial: 89. Best value: 3.23087:  29%|██▉       | 145/500 [15:19<40:34,  6.86s/it]Best trial: 89. Best value: 3.23087:  29%|██▉       | 145/500 [15:19<40:34,  6.86s/it]Best trial: 89. Best value: 3.23087:  29%|██▉       | 146/500 [15:19<42:22,  7.18s/it]                                                                                      Best trial: 89. Best value: 3.23087:  29%|██▉       | 146/500 [15:27<42:22,  7.18s/it]Best trial: 89. Best value: 3.23087:  29%|██▉       | 146/500 [15:27<42:22,  7.18s/it]Best trial: 89. Best value: 3.23087:  29%|██▉       | 147/500 [15:27<43:24,  7.38s/it]                                                                                      Best trial: 89. Best value: 3.23087:  29%|██▉       | 147/500 [15:32<43:24,  7.38s/it]Best trial: 89. Best value: 3.23087:  29%|██▉       | 147/500 [15:32<43:24,  7.38s/it]Best trial: 89. Best value: 3.23087:  30%|██▉       | 148/500 [15:32<40:11,  6.85s/it]                                                                                      Best trial: 89. Best value: 3.23087:  30%|██▉       | 148/500 [15:39<40:11,  6.85s/it]Best trial: 89. Best value: 3.23087:  30%|██▉       | 148/500 [15:39<40:11,  6.85s/it]Best trial: 89. Best value: 3.23087:  30%|██▉       | 149/500 [15:39<40:13,  6.88s/it]                                                                                      Best trial: 89. Best value: 3.23087:  30%|██▉       | 149/500 [15:47<40:13,  6.88s/it]Best trial: 89. Best value: 3.23087:  30%|██▉       | 149/500 [15:47<40:13,  6.88s/it]Best trial: 89. Best value: 3.23087:  30%|███       | 150/500 [15:47<40:51,  7.01s/it]                                                                                      Best trial: 89. Best value: 3.23087:  30%|███       | 150/500 [15:54<40:51,  7.01s/it]Best trial: 89. Best value: 3.23087:  30%|███       | 150/500 [15:54<40:51,  7.01s/it]Best trial: 89. Best value: 3.23087:  30%|███       | 151/500 [15:54<41:46,  7.18s/it]                                                                                      Best trial: 89. Best value: 3.23087:  30%|███       | 151/500 [16:01<41:46,  7.18s/it]Best trial: 89. Best value: 3.23087:  30%|███       | 151/500 [16:02<41:46,  7.18s/it]Best trial: 89. Best value: 3.23087:  30%|███       | 152/500 [16:02<41:41,  7.19s/it]                                                                                      Best trial: 89. Best value: 3.23087:  30%|███       | 152/500 [16:07<41:41,  7.19s/it]Best trial: 89. Best value: 3.23087:  30%|███       | 152/500 [16:07<41:41,  7.19s/it]Best trial: 89. Best value: 3.23087:  31%|███       | 153/500 [16:07<38:26,  6.65s/it]                                                                                      Best trial: 89. Best value: 3.23087:  31%|███       | 153/500 [16:14<38:26,  6.65s/it]Best trial: 89. Best value: 3.23087:  31%|███       | 153/500 [16:14<38:26,  6.65s/it]Best trial: 89. Best value: 3.23087:  31%|███       | 154/500 [16:14<39:53,  6.92s/it]                                                                                      Best trial: 89. Best value: 3.23087:  31%|███       | 154/500 [16:22<39:53,  6.92s/it]Best trial: 89. Best value: 3.23087:  31%|███       | 154/500 [16:22<39:53,  6.92s/it]Best trial: 89. Best value: 3.23087:  31%|███       | 155/500 [16:22<40:18,  7.01s/it]                                                                                      Best trial: 89. Best value: 3.23087:  31%|███       | 155/500 [16:29<40:18,  7.01s/it]Best trial: 89. Best value: 3.23087:  31%|███       | 155/500 [16:29<40:18,  7.01s/it]Best trial: 89. Best value: 3.23087:  31%|███       | 156/500 [16:29<40:38,  7.09s/it]                                                                                      
[I 2026-05-03 13:20:36,383] Trial 145 finished with value: 3.653093063223194 and parameters: {'f_n': 3.6826011698967805e-07, 'K_d': 277598.14176088356, 'rho_d': 21248851576034.152, 'fission_rate': 6.3260071538821734e+19, 'Dg_D1_scale': 0.22632836082817476, 'Dg_D3_scale': 0.30639925761528175, 'Dv_D1_scale': 0.2090345006584844, 'Dv_D2_scale': 0.2690089859614261, 'b_bulk_scale': 0.6149649532183343, 'b_dislocation_scale': 0.4640336042653362, 'gb_scale': 0.09555364283221812, 'gd_bubble_scale': 2.6535356479255583, 'gd_line_scale': 1.3144092535798226, 'gd_line_alpha': 0.5217600066525143, 'coalescence_d_scale': 0.3352718118141981, 'capture_scale': 0.028060335246317115}. Best is trial 89 with value: 3.2308694002208087.
[I 2026-05-03 13:20:44,215] Trial 146 finished with value: 3.5151499975966853 and parameters: {'f_n': 5.932271364848171e-07, 'K_d': 316669.0938491109, 'rho_d': 18604540663377.145, 'fission_rate': 6.7965802084233994e+19, 'Dg_D1_scale': 0.44843503226143544, 'Dg_D3_scale': 0.2634145663341763, 'Dv_D1_scale': 0.22663976621174806, 'Dv_D2_scale': 0.2939132374775156, 'b_bulk_scale': 0.4686973669703499, 'b_dislocation_scale': 0.4046947378527067, 'gb_scale': 0.13697427964423375, 'gd_bubble_scale': 1.5245193817752114, 'gd_line_scale': 1.5472456168474693, 'gd_line_alpha': 0.2836218802735654, 'coalescence_d_scale': 0.27055485387738465, 'capture_scale': 0.024912659536368814}. Best is trial 89 with value: 3.2308694002208087.
[I 2026-05-03 13:20:49,841] Trial 147 finished with value: 3.492918440504413 and parameters: {'f_n': 4.2757213127306316e-07, 'K_d': 291814.73163833364, 'rho_d': 19106120469417.438, 'fission_rate': 6.691278545961998e+19, 'Dg_D1_scale': 0.30288898117259333, 'Dg_D3_scale': 0.2509188369049533, 'Dv_D1_scale': 0.23907114019998496, 'Dv_D2_scale': 0.2128222157636814, 'b_bulk_scale': 0.5498640087226098, 'b_dislocation_scale': 0.3027018947187991, 'gb_scale': 0.2801082583725022, 'gd_bubble_scale': 2.1518233168120204, 'gd_line_scale': 1.132966094918941, 'gd_line_alpha': 0.46163035987314527, 'coalescence_d_scale': 0.1928452665751084, 'capture_scale': 0.0326060348191746}. Best is trial 89 with value: 3.2308694002208087.
[I 2026-05-03 13:20:56,762] Trial 148 finished with value: 3.9204022360807267 and parameters: {'f_n': 5.12029286884724e-07, 'K_d': 344143.9379544383, 'rho_d': 21194376454520.465, 'fission_rate': 6.952116956008007e+19, 'Dg_D1_scale': 0.35751010823360063, 'Dg_D3_scale': 0.3633998214220482, 'Dv_D1_scale': 0.20041200278798008, 'Dv_D2_scale': 0.3162931485025854, 'b_bulk_scale': 0.2833557968841058, 'b_dislocation_scale': 0.508354580547467, 'gb_scale': 0.20979790929855746, 'gd_bubble_scale': 1.2794728154830117, 'gd_line_scale': 0.7793307326408218, 'gd_line_alpha': 0.43730621226633976, 'coalescence_d_scale': 0.25691175179231723, 'capture_scale': 0.01910891976463806}. Best is trial 89 with value: 3.2308694002208087.
[I 2026-05-03 13:21:04,066] Trial 149 finished with value: 3.490681736783806 and parameters: {'f_n': 3.1303574254503284e-07, 'K_d': 265690.3511892874, 'rho_d': 17818197556671.52, 'fission_rate': 6.9667361586536325e+19, 'Dg_D1_scale': 0.5136156755662333, 'Dg_D3_scale': 0.2831014267385548, 'Dv_D1_scale': 0.21807094616837963, 'Dv_D2_scale': 0.24686156030925935, 'b_bulk_scale': 0.3730162410094085, 'b_dislocation_scale': 0.3678764934653173, 'gb_scale': 0.10507785861147002, 'gd_bubble_scale': 1.5207240260757098, 'gd_line_scale': 1.3835575228449728, 'gd_line_alpha': 0.35151192166719436, 'coalescence_d_scale': 0.4782663675026526, 'capture_scale': 0.015343751192700844}. Best is trial 89 with value: 3.2308694002208087.
[I 2026-05-03 13:21:11,687] Trial 150 finished with value: 3.6341635908138388 and parameters: {'f_n': 1.2090538844096738e-06, 'K_d': 294478.4684748161, 'rho_d': 19690087583904.324, 'fission_rate': 6.197470678201105e+19, 'Dg_D1_scale': 0.42022112546334134, 'Dg_D3_scale': 0.3188150189624212, 'Dv_D1_scale': 0.2437016367292353, 'Dv_D2_scale': 0.3308598004123772, 'b_bulk_scale': 0.33135195853563615, 'b_dislocation_scale': 0.4440563528791167, 'gb_scale': 0.17924906082028763, 'gd_bubble_scale': 1.0848393810874506, 'gd_line_scale': 1.1563117431515415, 'gd_line_alpha': 0.40129151368229043, 'coalescence_d_scale': 0.21297100763397903, 'capture_scale': 0.022182453675537336}. Best is trial 89 with value: 3.2308694002208087.
[I 2026-05-03 13:21:18,886] Trial 151 finished with value: 3.42191019910023 and parameters: {'f_n': 9.026440178806526e-07, 'K_d': 302873.0407495377, 'rho_d': 20513926412505.98, 'fission_rate': 6.619819536051495e+19, 'Dg_D1_scale': 0.16274242323898266, 'Dg_D3_scale': 0.3249530563457606, 'Dv_D1_scale': 0.22107943924708157, 'Dv_D2_scale': 0.28406133873039097, 'b_bulk_scale': 0.41801734911143573, 'b_dislocation_scale': 0.4349272636966397, 'gb_scale': 0.13587310696023006, 'gd_bubble_scale': 3.1141190689622182, 'gd_line_scale': 1.20686790072445, 'gd_line_alpha': 0.42655377428601415, 'coalescence_d_scale': 0.28095283945290883, 'capture_scale': 0.021747559562036885}. Best is trial 89 with value: 3.2308694002208087.
[I 2026-05-03 13:21:24,271] Trial 152 finished with value: 3.4252980081771778 and parameters: {'f_n': 1.6339792520137796e-06, 'K_d': 356468.6541903447, 'rho_d': 24990329569947.5, 'fission_rate': 6.594468162713307e+19, 'Dg_D1_scale': 0.20235417214261606, 'Dg_D3_scale': 0.33826451585397505, 'Dv_D1_scale': 0.21788308184834532, 'Dv_D2_scale': 0.279305518537677, 'b_bulk_scale': 0.3880005640748574, 'b_dislocation_scale': 0.41415102540352666, 'gb_scale': 0.12739141692999392, 'gd_bubble_scale': 4.19413394738073, 'gd_line_scale': 0.8725496559394624, 'gd_line_alpha': 0.4241143187907685, 'coalescence_d_scale': 0.24801123967101926, 'capture_scale': 0.027266822098227034}. Best is trial 89 with value: 3.2308694002208087.
[I 2026-05-03 13:21:31,757] Trial 153 finished with value: 3.5980797658873658 and parameters: {'f_n': 1.7630382424443744e-06, 'K_d': 366733.80995351693, 'rho_d': 24851309986794.727, 'fission_rate': 6.419153951680744e+19, 'Dg_D1_scale': 0.15426078505217225, 'Dg_D3_scale': 0.3356263704085893, 'Dv_D1_scale': 0.2148089461554911, 'Dv_D2_scale': 0.276690929178085, 'b_bulk_scale': 0.4621485528982136, 'b_dislocation_scale': 0.5176531374035995, 'gb_scale': 0.14216178495860649, 'gd_bubble_scale': 3.200577490121341, 'gd_line_scale': 0.8990870842424459, 'gd_line_alpha': 0.4193004567147401, 'coalescence_d_scale': 0.2903741075617245, 'capture_scale': 0.01668080157612444}. Best is trial 89 with value: 3.2308694002208087.
[I 2026-05-03 13:21:39,045] Trial 154 finished with value: 3.4435196111710757 and parameters: {'f_n': 2.0307336611656334e-06, 'K_d': 330086.4693055695, 'rho_d': 22027480919099.69, 'fission_rate': 6.5908982865705845e+19, 'Dg_D1_scale': 0.15754240420771015, 'Dg_D3_scale': 0.2552860629654626, 'Dv_D1_scale': 0.2293067605032095, 'Dv_D2_scale': 0.25260302937924456, 'b_bulk_scale': 0.5384283308950963, 'b_dislocation_scale': 0.388073372956119, 'gb_scale': 0.09835903660156596, 'gd_bubble_scale': 4.4266078521597425, 'gd_line_scale': 0.7111418135883649, 'gd_line_alpha': 0.44542203017345866, 'coalescence_d_scale': 0.2396059912293306, 'capture_scale': 0.03911851416858908}. Best is trial 89 with value: 3.2308694002208087.
[I 2026-05-03 13:21:46,319] Trial 155 finished with value: 3.8361785881684556 and parameters: {'f_n': 2.9281900919384197e-06, 'K_d': 335137.2383543068, 'rho_d': 28056856516732.508, 'fission_rate': 6.542269380503456e+19, 'Dg_D1_scale': 0.16854863130982659, 'Dg_D3_scale': 0.2552781876081975, 'Dv_D1_scale': 0.22958509648103267, 'Dv_D2_scale': 0.23104458491748556, 'b_bulk_scale': 0.40793434854178967, 'b_dislocation_scale': 0.5936512015750761, 'gb_scale': 0.11031863929116102, 'gd_bubble_scale': 4.328384018500308, 'gd_line_scale': 0.5345664238228438, 'gd_line_alpha': 0.3859278998990797, 'coalescence_d_scale': 0.24048941903086046, 'capture_scale': 0.02506911097804347}. Best is trial 89 with value: 3.2308694002208087.
