[I 2026-05-03 13:57:41,439] Trial 480 finished with value: 2.962663923708942 and parameters: {'f_n': 1.8105266650968578e-08, 'K_d': 449308.10813451605, 'rho_d': 18284478909430.66, 'fission_rate': 5.336072010569166e+19, 'Dg_D1_scale': 1.0418303209164321, 'Dg_D3_scale': 0.6937276944424134, 'Dv_D1_scale': 0.48172719822563337, 'Dv_D2_scale': 3.8241967936716588, 'b_bulk_scale': 0.695510569007799, 'b_dislocation_scale': 1.012339117433749, 'gb_scale': 0.12736679589022942, 'gd_bubble_scale': 3.7351123398397426, 'gd_line_scale': 0.0781879958764334, 'gd_line_alpha': 0.7441809282749372, 'coalescence_d_scale': 6.38186166328051, 'capture_scale': 0.15881893169349207}. Best is trial 469 with value: 2.8147132984980083.Best trial: 469. Best value: 2.81471:  96%|█████████▌| 480/500 [52:24<02:52,  8.64s/it]Best trial: 469. Best value: 2.81471:  96%|█████████▌| 480/500 [52:24<02:52,  8.64s/it]Best trial: 469. Best value: 2.81471:  96%|█████████▌| 481/500 [52:24<02:47,  8.80s/it]                                                                                       Best trial: 469. Best value: 2.81471:  96%|█████████▌| 481/500 [52:31<02:47,  8.80s/it]Best trial: 469. Best value: 2.81471:  96%|█████████▌| 481/500 [52:32<02:47,  8.80s/it]Best trial: 469. Best value: 2.81471:  96%|█████████▋| 482/500 [52:32<02:30,  8.38s/it]                                                                                       Best trial: 469. Best value: 2.81471:  96%|█████████▋| 482/500 [52:41<02:30,  8.38s/it]Best trial: 469. Best value: 2.81471:  96%|█████████▋| 482/500 [52:41<02:30,  8.38s/it]Best trial: 469. Best value: 2.81471:  97%|█████████▋| 483/500 [52:41<02:26,  8.64s/it]                                                                                       Best trial: 469. Best value: 2.81471:  97%|█████████▋| 483/500 [52:50<02:26,  8.64s/it]Best trial: 469. Best value: 2.81471:  97%|█████████▋| 483/500 [52:50<02:26,  8.64s/it]Best trial: 469. Best value: 2.81471:  97%|█████████▋| 484/500 [52:50<02:21,  8.82s/it]                                                                                       Best trial: 469. Best value: 2.81471:  97%|█████████▋| 484/500 [52:59<02:21,  8.82s/it]Best trial: 469. Best value: 2.81471:  97%|█████████▋| 484/500 [52:59<02:21,  8.82s/it]Best trial: 469. Best value: 2.81471:  97%|█████████▋| 485/500 [52:59<02:12,  8.86s/it]                                                                                       Best trial: 469. Best value: 2.81471:  97%|█████████▋| 485/500 [53:06<02:12,  8.86s/it]Best trial: 469. Best value: 2.81471:  97%|█████████▋| 485/500 [53:06<02:12,  8.86s/it]Best trial: 469. Best value: 2.81471:  97%|█████████▋| 486/500 [53:06<01:57,  8.39s/it]                                                                                       Best trial: 469. Best value: 2.81471:  97%|█████████▋| 486/500 [53:15<01:57,  8.39s/it]Best trial: 469. Best value: 2.81471:  97%|█████████▋| 486/500 [53:15<01:57,  8.39s/it]Best trial: 469. Best value: 2.81471:  97%|█████████▋| 487/500 [53:15<01:51,  8.57s/it]                                                                                       Best trial: 469. Best value: 2.81471:  97%|█████████▋| 487/500 [53:24<01:51,  8.57s/it]Best trial: 469. Best value: 2.81471:  97%|█████████▋| 487/500 [53:24<01:51,  8.57s/it]Best trial: 469. Best value: 2.81471:  98%|█████████▊| 488/500 [53:24<01:44,  8.68s/it]                                                                                       Best trial: 469. Best value: 2.81471:  98%|█████████▊| 488/500 [53:31<01:44,  8.68s/it]Best trial: 469. Best value: 2.81471:  98%|█████████▊| 488/500 [53:31<01:44,  8.68s/it]Best trial: 469. Best value: 2.81471:  98%|█████████▊| 489/500 [53:31<01:30,  8.19s/it]                                                                                       Best trial: 469. Best value: 2.81471:  98%|█████████▊| 489/500 [53:40<01:30,  8.19s/it]Best trial: 489. Best value: 2.80543:  98%|█████████▊| 489/500 [53:40<01:30,  8.19s/it]Best trial: 489. Best value: 2.80543:  98%|█████████▊| 490/500 [53:40<01:24,  8.44s/it]                                                                                       Best trial: 489. Best value: 2.80543:  98%|█████████▊| 490/500 [53:49<01:24,  8.44s/it]Best trial: 489. Best value: 2.80543:  98%|█████████▊| 490/500 [53:49<01:24,  8.44s/it]Best trial: 489. Best value: 2.80543:  98%|█████████▊| 491/500 [53:49<01:17,  8.63s/it]                                                                                       Best trial: 489. Best value: 2.80543:  98%|█████████▊| 491/500 [53:58<01:17,  8.63s/it]Best trial: 489. Best value: 2.80543:  98%|█████████▊| 491/500 [53:59<01:17,  8.63s/it]Best trial: 489. Best value: 2.80543:  98%|█████████▊| 492/500 [53:59<01:10,  8.83s/it]                                                                                       
[I 2026-05-03 13:57:48,833] Trial 481 finished with value: 3.066799274803173 and parameters: {'f_n': 1.8827166230283093e-08, 'K_d': 459641.8085007695, 'rho_d': 17987997735092.19, 'fission_rate': 5.350489204361027e+19, 'Dg_D1_scale': 1.0505237421821063, 'Dg_D3_scale': 0.5834535435993375, 'Dv_D1_scale': 0.4769075635335437, 'Dv_D2_scale': 3.8101880235167083, 'b_bulk_scale': 0.6299128067088136, 'b_dislocation_scale': 1.0192866776495966, 'gb_scale': 0.1254328761767568, 'gd_bubble_scale': 3.687638265219892, 'gd_line_scale': 0.07657011458029511, 'gd_line_alpha': 0.7737218201519848, 'coalescence_d_scale': 6.650235601693074, 'capture_scale': 0.17060812746094609}. Best is trial 469 with value: 2.8147132984980083.
[I 2026-05-03 13:57:58,091] Trial 482 finished with value: 2.990758941966127 and parameters: {'f_n': 1.5702598729118913e-08, 'K_d': 518837.15035888326, 'rho_d': 17818923295917.742, 'fission_rate': 5.2704209374056686e+19, 'Dg_D1_scale': 1.1121505025999014, 'Dg_D3_scale': 0.7004881040191996, 'Dv_D1_scale': 0.4750276705332284, 'Dv_D2_scale': 3.189382642381447, 'b_bulk_scale': 0.6968217991620296, 'b_dislocation_scale': 1.1548906822128335, 'gb_scale': 0.12751548392273396, 'gd_bubble_scale': 3.7818939277935493, 'gd_line_scale': 0.08005421616616819, 'gd_line_alpha': 0.742766907597007, 'coalescence_d_scale': 5.941443291020719, 'capture_scale': 0.15307702576308477}. Best is trial 469 with value: 2.8147132984980083.
[I 2026-05-03 13:58:07,334] Trial 483 finished with value: 3.239655038169393 and parameters: {'f_n': 2.924606378058072e-08, 'K_d': 443483.3011453791, 'rho_d': 18144020690342.91, 'fission_rate': 5.264395032874182e+19, 'Dg_D1_scale': 1.1335794483863944, 'Dg_D3_scale': 0.6494655517347128, 'Dv_D1_scale': 0.4754142117222051, 'Dv_D2_scale': 3.215463121026302, 'b_bulk_scale': 0.722869665040021, 'b_dislocation_scale': 1.1232982422447169, 'gb_scale': 0.12714191175907089, 'gd_bubble_scale': 3.7582294518817454, 'gd_line_scale': 0.07440509000722764, 'gd_line_alpha': 0.751208959642429, 'coalescence_d_scale': 5.906490729221145, 'capture_scale': 0.1464065825179206}. Best is trial 469 with value: 2.8147132984980083.
[I 2026-05-03 13:58:16,266] Trial 484 finished with value: 2.8969818810877284 and parameters: {'f_n': 1.5239097339444453e-08, 'K_d': 511705.04140518355, 'rho_d': 17600845362172.742, 'fission_rate': 5.373537598364585e+19, 'Dg_D1_scale': 1.0027842239691354, 'Dg_D3_scale': 0.713433200275551, 'Dv_D1_scale': 0.47428424819599885, 'Dv_D2_scale': 3.5778976237358955, 'b_bulk_scale': 0.682541275587013, 'b_dislocation_scale': 0.960159601268181, 'gb_scale': 0.1295103110934226, 'gd_bubble_scale': 3.63947814847239, 'gd_line_scale': 0.07919077559979318, 'gd_line_alpha': 0.7307578853317431, 'coalescence_d_scale': 7.1331123653743145, 'capture_scale': 0.22119003004223575}. Best is trial 469 with value: 2.8147132984980083.
[I 2026-05-03 13:58:23,577] Trial 485 finished with value: 2.902652065093063 and parameters: {'f_n': 1.4896184561423869e-08, 'K_d': 515362.1998126855, 'rho_d': 17265973957823.367, 'fission_rate': 5.365259814107466e+19, 'Dg_D1_scale': 1.007837249137958, 'Dg_D3_scale': 0.6726394912358588, 'Dv_D1_scale': 0.44758854278693627, 'Dv_D2_scale': 3.7215538826857837, 'b_bulk_scale': 0.605375387159055, 'b_dislocation_scale': 0.9558778925976221, 'gb_scale': 0.12411701874404951, 'gd_bubble_scale': 3.7370501781979595, 'gd_line_scale': 0.08045757407226073, 'gd_line_alpha': 0.7307871993880668, 'coalescence_d_scale': 7.519185932269914, 'capture_scale': 0.20730205390603204}. Best is trial 469 with value: 2.8147132984980083.
[I 2026-05-03 13:58:32,557] Trial 486 finished with value: 2.894330955656547 and parameters: {'f_n': 1.512642606550939e-08, 'K_d': 525729.8813691736, 'rho_d': 17506812159238.047, 'fission_rate': 5.384375886981257e+19, 'Dg_D1_scale': 0.9988855876805938, 'Dg_D3_scale': 0.6027272057985741, 'Dv_D1_scale': 0.48576424928163564, 'Dv_D2_scale': 3.6809417482333995, 'b_bulk_scale': 0.6076597395222807, 'b_dislocation_scale': 0.9539371790253587, 'gb_scale': 0.12509874059940956, 'gd_bubble_scale': 3.8097412104232586, 'gd_line_scale': 0.08067990827984449, 'gd_line_alpha': 0.7308078660683738, 'coalescence_d_scale': 7.431114181978083, 'capture_scale': 0.22704798907867202}. Best is trial 469 with value: 2.8147132984980083.
[I 2026-05-03 13:58:41,507] Trial 487 finished with value: 2.9457688967763067 and parameters: {'f_n': 1.4685383638579545e-08, 'K_d': 493381.9399379975, 'rho_d': 16937220437940.129, 'fission_rate': 5.3785214614535815e+19, 'Dg_D1_scale': 1.0090991386150534, 'Dg_D3_scale': 0.5767708822296739, 'Dv_D1_scale': 0.4502777056062634, 'Dv_D2_scale': 3.6848767252656645, 'b_bulk_scale': 0.6196878949526249, 'b_dislocation_scale': 0.9445925691418536, 'gb_scale': 0.13083973498565857, 'gd_bubble_scale': 3.791323279392936, 'gd_line_scale': 0.08176303852507999, 'gd_line_alpha': 0.7351518792505825, 'coalescence_d_scale': 7.622295301282294, 'capture_scale': 0.20080200318208766}. Best is trial 469 with value: 2.8147132984980083.
[I 2026-05-03 13:58:48,546] Trial 488 finished with value: 2.92127974272711 and parameters: {'f_n': 1.4450023506267622e-08, 'K_d': 516536.90766902675, 'rho_d': 16927744040707.863, 'fission_rate': 5.373718239430289e+19, 'Dg_D1_scale': 1.0038358134050094, 'Dg_D3_scale': 0.5823048582242801, 'Dv_D1_scale': 0.46988840930849074, 'Dv_D2_scale': 3.9996900726397238, 'b_bulk_scale': 0.5905466565502567, 'b_dislocation_scale': 0.969111457084239, 'gb_scale': 0.1276914340356769, 'gd_bubble_scale': 3.8539589517249673, 'gd_line_scale': 0.08205322072100425, 'gd_line_alpha': 0.7469864244317705, 'coalescence_d_scale': 7.574655224212665, 'capture_scale': 0.2570491517287194}. Best is trial 469 with value: 2.8147132984980083.
[I 2026-05-03 13:58:57,538] Trial 489 finished with value: 2.8054319490426214 and parameters: {'f_n': 1.3208658634684161e-08, 'K_d': 522358.89091111947, 'rho_d': 16753096028244.072, 'fission_rate': 5.36333005417441e+19, 'Dg_D1_scale': 0.986870772655539, 'Dg_D3_scale': 0.6098274261217027, 'Dv_D1_scale': 0.44774673880514665, 'Dv_D2_scale': 3.6952694319918007, 'b_bulk_scale': 0.6646676427671226, 'b_dislocation_scale': 0.9518151056775717, 'gb_scale': 0.12756348691240918, 'gd_bubble_scale': 3.9472400234568807, 'gd_line_scale': 0.07944996356301638, 'gd_line_alpha': 0.7368045545850758, 'coalescence_d_scale': 7.530270641533023, 'capture_scale': 0.24106503264158122}. Best is trial 489 with value: 2.8054319490426214.
[I 2026-05-03 13:59:06,634] Trial 490 finished with value: 2.8677963062461513 and parameters: {'f_n': 1.171693991411597e-08, 'K_d': 497627.9384752851, 'rho_d': 16710525106966.775, 'fission_rate': 5.3607989921222435e+19, 'Dg_D1_scale': 0.9990201465437466, 'Dg_D3_scale': 0.5964537382886181, 'Dv_D1_scale': 0.44294900539338045, 'Dv_D2_scale': 3.99552943239874, 'b_bulk_scale': 0.6068071226591221, 'b_dislocation_scale': 0.9292999928718937, 'gb_scale': 0.12672655023873786, 'gd_bubble_scale': 3.8355422094447658, 'gd_line_scale': 0.07991455425602265, 'gd_line_alpha': 0.7258681157594893, 'coalescence_d_scale': 7.6402840007004, 'capture_scale': 0.23123735545072904}. Best is trial 489 with value: 2.8054319490426214.
[I 2026-05-03 13:59:15,924] Trial 491 finished with value: 2.863281223319726 and parameters: {'f_n': 1.1958921747333637e-08, 'K_d': 495944.2823487711, 'rho_d': 16330826929486.865, 'fission_rate': 5.142449894906383e+19, 'Dg_D1_scale': 0.9668383593373504, 'Dg_D3_scale': 0.5998302577441192, 'Dv_D1_scale': 0.43660609885584306, 'Dv_D2_scale': 3.633233218164004, 'b_bulk_scale': 0.6026988471797081, 'b_dislocation_scale': 0.924304925971741, 'gb_scale': 0.1250159094494114, 'gd_bubble_scale': 3.8726229732240918, 'gd_line_scale': 0.08065046209393267, 'gd_line_alpha': 0.7226860658143033, 'coalescence_d_scale': 7.498689567210729, 'capture_scale': 0.2924630665585461}. Best is trial 489 with value: 2.8054319490426214.
[I 2026-05-03 13:59:23,496] Trial 492 finished with value: 2.781113291633896 and parameters: {'f_n': 1.1117250438401271e-08, 'K_d': 551713.3288732483, 'rho_d': 16242644537910.9, 'fission_rate': 5.144305444698964e+19, 'Dg_D1_scale': 0.9841686664256408, 'Dg_D3_scale': 0.6009011913456695, 'Dv_D1_scale': 0.434342126252215, 'Dv_D2_scale': 3.670795616495611, 'b_bulk_scale': 0.5910915269782776, 'b_dislocation_scale': 0.9128158167206732, 'gb_scale': 0.12727633677859418, 'gd_bubble_scale': 3.8701873580285637, 'gd_line_scale': 0.07916987456514882, 'gd_line_alpha': 0.722461252243822, 'coalescence_d_scale': 7.488032251827148, 'capture_scale': 0.24679979710791342}. Best is trial 492 with value: 2.781113291633896.Best trial: 489. Best value: 2.80543:  98%|█████████▊| 492/500 [54:06<01:10,  8.83s/it]Best trial: 492. Best value: 2.78111:  98%|█████████▊| 492/500 [54:06<01:10,  8.83s/it]Best trial: 492. Best value: 2.78111:  99%|█████████▊| 493/500 [54:06<00:59,  8.45s/it]                                                                                       Best trial: 492. Best value: 2.78111:  99%|█████████▊| 493/500 [54:15<00:59,  8.45s/it]Best trial: 492. Best value: 2.78111:  99%|█████████▊| 493/500 [54:15<00:59,  8.45s/it]Best trial: 492. Best value: 2.78111:  99%|█████████▉| 494/500 [54:15<00:52,  8.69s/it]                                                                                       Best trial: 492. Best value: 2.78111:  99%|█████████▉| 494/500 [54:25<00:52,  8.69s/it]Best trial: 492. Best value: 2.78111:  99%|█████████▉| 494/500 [54:25<00:52,  8.69s/it]Best trial: 492. Best value: 2.78111:  99%|█████████▉| 495/500 [54:25<00:44,  8.87s/it]                                                                                       Best trial: 492. Best value: 2.78111:  99%|█████████▉| 495/500 [54:32<00:44,  8.87s/it]Best trial: 492. Best value: 2.78111:  99%|█████████▉| 495/500 [54:32<00:44,  8.87s/it]Best trial: 492. Best value: 2.78111:  99%|█████████▉| 496/500 [54:32<00:33,  8.48s/it]                                                                                       Best trial: 492. Best value: 2.78111:  99%|█████████▉| 496/500 [54:41<00:33,  8.48s/it]Best trial: 492. Best value: 2.78111:  99%|█████████▉| 496/500 [54:41<00:33,  8.48s/it]Best trial: 492. Best value: 2.78111:  99%|█████████▉| 497/500 [54:41<00:25,  8.62s/it]                                                                                       Best trial: 492. Best value: 2.78111:  99%|█████████▉| 497/500 [54:51<00:25,  8.62s/it]Best trial: 492. Best value: 2.78111:  99%|█████████▉| 497/500 [54:51<00:25,  8.62s/it]Best trial: 492. Best value: 2.78111: 100%|█████████▉| 498/500 [54:51<00:17,  8.91s/it]                                                                                       Best trial: 492. Best value: 2.78111: 100%|█████████▉| 498/500 [55:00<00:17,  8.91s/it]Best trial: 492. Best value: 2.78111: 100%|█████████▉| 498/500 [55:00<00:17,  8.91s/it]Best trial: 492. Best value: 2.78111: 100%|█████████▉| 499/500 [55:00<00:09,  9.01s/it]                                                                                       Best trial: 492. Best value: 2.78111: 100%|█████████▉| 499/500 [55:07<00:09,  9.01s/it]Best trial: 492. Best value: 2.78111: 100%|█████████▉| 499/500 [55:08<00:09,  9.01s/it]Best trial: 492. Best value: 2.78111: 100%|██████████| 500/500 [55:08<00:00,  8.57s/it]Best trial: 492. Best value: 2.78111: 100%|██████████| 500/500 [55:08<00:00,  6.62s/it]

[I 2026-05-03 13:59:32,730] Trial 493 finished with value: 2.8822370533756536 and parameters: {'f_n': 1.1691427656443156e-08, 'K_d': 501368.75155915134, 'rho_d': 16489960768776.305, 'fission_rate': 5.110506551487117e+19, 'Dg_D1_scale': 0.9903446412935966, 'Dg_D3_scale': 0.5818342720201582, 'Dv_D1_scale': 0.4466515106302549, 'Dv_D2_scale': 3.9843587367165156, 'b_bulk_scale': 0.598227683207458, 'b_dislocation_scale': 0.895394095227606, 'gb_scale': 0.13071301866518958, 'gd_bubble_scale': 3.9248430514864605, 'gd_line_scale': 0.08351815378814627, 'gd_line_alpha': 0.7252041781843204, 'coalescence_d_scale': 7.70360764091049, 'capture_scale': 0.264141112029262}. Best is trial 492 with value: 2.781113291633896.
[I 2026-05-03 13:59:42,032] Trial 494 finished with value: 3.0704772922993224 and parameters: {'f_n': 1.1207753306995079e-08, 'K_d': 563277.5160486182, 'rho_d': 16143602307299.023, 'fission_rate': 5.142492082809945e+19, 'Dg_D1_scale': 1.0024520545901374, 'Dg_D3_scale': 0.5670334022006837, 'Dv_D1_scale': 0.40563041659903426, 'Dv_D2_scale': 3.9384104098811377, 'b_bulk_scale': 0.5955796091546385, 'b_dislocation_scale': 0.918089331221047, 'gb_scale': 0.1323359000880867, 'gd_bubble_scale': 3.9476434259683195, 'gd_line_scale': 0.08187971084558326, 'gd_line_alpha': 0.7258845494805212, 'coalescence_d_scale': 10.850354916478736, 'capture_scale': 0.2677426245744643}. Best is trial 492 with value: 2.781113291633896.
[I 2026-05-03 13:59:49,564] Trial 495 finished with value: 3.023123085077022 and parameters: {'f_n': 7.826730212284515e-09, 'K_d': 492435.7911293719, 'rho_d': 16794645573168.693, 'fission_rate': 5.1749121491658826e+19, 'Dg_D1_scale': 0.9896058315551319, 'Dg_D3_scale': 0.5280268428094205, 'Dv_D1_scale': 0.4438146970535478, 'Dv_D2_scale': 3.636113626754015, 'b_bulk_scale': 0.6036773421277185, 'b_dislocation_scale': 1.2157951399119986, 'gb_scale': 0.13238078074833232, 'gd_bubble_scale': 3.964441585300034, 'gd_line_scale': 0.0822409130193366, 'gd_line_alpha': 0.6874093269280265, 'coalescence_d_scale': 7.535952188241403, 'capture_scale': 0.2314919172633183}. Best is trial 492 with value: 2.781113291633896.
[I 2026-05-03 13:59:58,561] Trial 496 finished with value: 3.0143040745686074 and parameters: {'f_n': 1.336169701891501e-08, 'K_d': 515783.52794134506, 'rho_d': 16613081476361.996, 'fission_rate': 5.386784446415455e+19, 'Dg_D1_scale': 1.0743713803117454, 'Dg_D3_scale': 0.48613662001242464, 'Dv_D1_scale': 0.44748737473466077, 'Dv_D2_scale': 3.649745040708448, 'b_bulk_scale': 0.613844087769942, 'b_dislocation_scale': 0.9042654099613336, 'gb_scale': 0.14752907197034262, 'gd_bubble_scale': 3.9106411089260646, 'gd_line_scale': 0.08213329260545636, 'gd_line_alpha': 0.7087274794919736, 'coalescence_d_scale': 9.044116970750041, 'capture_scale': 0.21002377523485205}. Best is trial 492 with value: 2.781113291633896.
[I 2026-05-03 14:00:08,136] Trial 497 finished with value: 2.9995767061423106 and parameters: {'f_n': 1.4917570299341682e-08, 'K_d': 476552.61028042, 'rho_d': 15616539151700.885, 'fission_rate': 5.028072365321741e+19, 'Dg_D1_scale': 1.0133134436144235, 'Dg_D3_scale': 0.6127075752039591, 'Dv_D1_scale': 0.3977971878258565, 'Dv_D2_scale': 3.9934789542985736, 'b_bulk_scale': 0.6075303417591948, 'b_dislocation_scale': 0.9390386469322749, 'gb_scale': 0.12998976656567285, 'gd_bubble_scale': 3.6164310421886787, 'gd_line_scale': 0.0803419920237331, 'gd_line_alpha': 0.7252764665750007, 'coalescence_d_scale': 7.433420859328289, 'capture_scale': 0.3309941377020017}. Best is trial 492 with value: 2.781113291633896.
[I 2026-05-03 14:00:17,377] Trial 498 finished with value: 2.8968066358312323 and parameters: {'f_n': 9.525922689264879e-09, 'K_d': 540490.33509371, 'rho_d': 16982352941185.844, 'fission_rate': 5.208038128175748e+19, 'Dg_D1_scale': 1.1811416255881038, 'Dg_D3_scale': 0.5729545028169286, 'Dv_D1_scale': 0.4417589029846664, 'Dv_D2_scale': 3.6657341044325427, 'b_bulk_scale': 0.6536990052236392, 'b_dislocation_scale': 0.8401356548170847, 'gb_scale': 0.14527765686746974, 'gd_bubble_scale': 4.00745985045273, 'gd_line_scale': 0.07952048669650683, 'gd_line_alpha': 0.7818681023814648, 'coalescence_d_scale': 8.448809738474027, 'capture_scale': 0.23948783324496126}. Best is trial 492 with value: 2.781113291633896.
