[I 2026-05-03 13:21:51,554] Trial 156 finished with value: 3.474940019042986 and parameters: {'f_n': 2.157129249836182e-06, 'K_d': 348892.150464412, 'rho_d': 22936893610304.2, 'fission_rate': 6.6582655435816624e+19, 'Dg_D1_scale': 0.15410401744920718, 'Dg_D3_scale': 0.28892668045040587, 'Dv_D1_scale': 0.21307355664338853, 'Dv_D2_scale': 0.25837888277319654, 'b_bulk_scale': 0.5653608095474979, 'b_dislocation_scale': 0.39379329281503356, 'gb_scale': 0.08492878348329509, 'gd_bubble_scale': 4.640217713896733, 'gd_line_scale': 0.6983244607550532, 'gd_line_alpha': 0.4488086888612466, 'coalescence_d_scale': 0.15082221182704478, 'capture_scale': 0.035164402316178164}. Best is trial 89 with value: 3.2308694002208087.Best trial: 89. Best value: 3.23087:  31%|███       | 156/500 [16:34<40:38,  7.09s/it]Best trial: 89. Best value: 3.23087:  31%|███       | 156/500 [16:34<40:38,  7.09s/it]Best trial: 89. Best value: 3.23087:  31%|███▏      | 157/500 [16:34<37:21,  6.53s/it]                                                                                      Best trial: 89. Best value: 3.23087:  31%|███▏      | 157/500 [16:41<37:21,  6.53s/it]Best trial: 89. Best value: 3.23087:  31%|███▏      | 157/500 [16:42<37:21,  6.53s/it]Best trial: 89. Best value: 3.23087:  32%|███▏      | 158/500 [16:42<38:37,  6.78s/it]                                                                                      Best trial: 89. Best value: 3.23087:  32%|███▏      | 158/500 [16:49<38:37,  6.78s/it]Best trial: 89. Best value: 3.23087:  32%|███▏      | 158/500 [16:49<38:37,  6.78s/it]Best trial: 89. Best value: 3.23087:  32%|███▏      | 159/500 [16:49<39:44,  6.99s/it]                                                                                      Best trial: 89. Best value: 3.23087:  32%|███▏      | 159/500 [16:57<39:44,  6.99s/it]Best trial: 89. Best value: 3.23087:  32%|███▏      | 159/500 [16:57<39:44,  6.99s/it]Best trial: 89. Best value: 3.23087:  32%|███▏      | 160/500 [16:57<41:05,  7.25s/it]                                                                                      Best trial: 89. Best value: 3.23087:  32%|███▏      | 160/500 [17:02<41:05,  7.25s/it]Best trial: 89. Best value: 3.23087:  32%|███▏      | 160/500 [17:02<41:05,  7.25s/it]Best trial: 89. Best value: 3.23087:  32%|███▏      | 161/500 [17:02<37:46,  6.69s/it]                                                                                      Best trial: 89. Best value: 3.23087:  32%|███▏      | 161/500 [17:10<37:46,  6.69s/it]Best trial: 89. Best value: 3.23087:  32%|███▏      | 161/500 [17:10<37:46,  6.69s/it]Best trial: 89. Best value: 3.23087:  32%|███▏      | 162/500 [17:10<39:10,  6.95s/it]                                                                                      Best trial: 89. Best value: 3.23087:  32%|███▏      | 162/500 [17:17<39:10,  6.95s/it]Best trial: 89. Best value: 3.23087:  32%|███▏      | 162/500 [17:17<39:10,  6.95s/it]Best trial: 89. Best value: 3.23087:  33%|███▎      | 163/500 [17:17<39:17,  7.00s/it]                                                                                      Best trial: 89. Best value: 3.23087:  33%|███▎      | 163/500 [17:23<39:17,  7.00s/it]Best trial: 89. Best value: 3.23087:  33%|███▎      | 163/500 [17:23<39:17,  7.00s/it]Best trial: 89. Best value: 3.23087:  33%|███▎      | 164/500 [17:23<38:20,  6.85s/it]                                                                                      Best trial: 89. Best value: 3.23087:  33%|███▎      | 164/500 [17:31<38:20,  6.85s/it]Best trial: 89. Best value: 3.23087:  33%|███▎      | 164/500 [17:31<38:20,  6.85s/it]Best trial: 89. Best value: 3.23087:  33%|███▎      | 165/500 [17:31<38:52,  6.96s/it]                                                                                      Best trial: 89. Best value: 3.23087:  33%|███▎      | 165/500 [17:36<38:52,  6.96s/it]Best trial: 89. Best value: 3.23087:  33%|███▎      | 165/500 [17:36<38:52,  6.96s/it]Best trial: 89. Best value: 3.23087:  33%|███▎      | 166/500 [17:36<36:19,  6.53s/it]                                                                                      Best trial: 89. Best value: 3.23087:  33%|███▎      | 166/500 [17:44<36:19,  6.53s/it]Best trial: 89. Best value: 3.23087:  33%|███▎      | 166/500 [17:44<36:19,  6.53s/it]Best trial: 89. Best value: 3.23087:  33%|███▎      | 167/500 [17:44<39:14,  7.07s/it]                                                                                      Best trial: 89. Best value: 3.23087:  33%|███▎      | 167/500 [17:52<39:14,  7.07s/it]Best trial: 89. Best value: 3.23087:  33%|███▎      | 167/500 [17:52<39:14,  7.07s/it]Best trial: 89. Best value: 3.23087:  34%|███▎      | 168/500 [17:52<40:07,  7.25s/it]                                                                                      
[I 2026-05-03 13:21:58,898] Trial 157 finished with value: 3.759669041037364 and parameters: {'f_n': 1.6136890380206557e-06, 'K_d': 403998.30481447064, 'rho_d': 24298662405665.973, 'fission_rate': 6.611334057164677e+19, 'Dg_D1_scale': 0.18215156294407664, 'Dg_D3_scale': 0.2647517551988202, 'Dv_D1_scale': 0.22630690835896342, 'Dv_D2_scale': 0.24851994042396036, 'b_bulk_scale': 0.4917517233717728, 'b_dislocation_scale': 0.325439218009728, 'gb_scale': 0.0722581293418453, 'gd_bubble_scale': 3.93579467332566, 'gd_line_scale': 0.8570680678957378, 'gd_line_alpha': 0.3645154121205747, 'coalescence_d_scale': 0.3279545529641536, 'capture_scale': 0.038608644345727486}. Best is trial 89 with value: 3.2308694002208087.
[I 2026-05-03 13:22:06,395] Trial 158 finished with value: 3.4714848437535544 and parameters: {'f_n': 9.498699265336169e-07, 'K_d': 384282.2482210374, 'rho_d': 26732892550362.297, 'fission_rate': 6.4698276360103076e+19, 'Dg_D1_scale': 0.20619051920754478, 'Dg_D3_scale': 0.2470422775719945, 'Dv_D1_scale': 0.2009466054688545, 'Dv_D2_scale': 0.21420732484438232, 'b_bulk_scale': 0.4054939730651119, 'b_dislocation_scale': 0.47892410166077143, 'gb_scale': 0.1306199803186634, 'gd_bubble_scale': 3.6677130618149407, 'gd_line_scale': 1.0256758926016813, 'gd_line_alpha': 0.4277482241761577, 'coalescence_d_scale': 0.22945498804804057, 'capture_scale': 0.022332402024816882}. Best is trial 89 with value: 3.2308694002208087.
[I 2026-05-03 13:22:14,248] Trial 159 finished with value: 3.6957037878534664 and parameters: {'f_n': 2.182341808185079e-06, 'K_d': 318841.9595651819, 'rho_d': 22622599743802.926, 'fission_rate': 6.145167655745621e+19, 'Dg_D1_scale': 0.17914048940254326, 'Dg_D3_scale': 0.34715539677719087, 'Dv_D1_scale': 0.23499562340457514, 'Dv_D2_scale': 0.2743737122026013, 'b_bulk_scale': 0.3235544001280516, 'b_dislocation_scale': 0.40604735445864465, 'gb_scale': 0.10290203898555089, 'gd_bubble_scale': 2.4636635900005475, 'gd_line_scale': 0.6433248984265537, 'gd_line_alpha': 0.4712933427566703, 'coalescence_d_scale': 0.3952426125599263, 'capture_scale': 0.013409492662392384}. Best is trial 89 with value: 3.2308694002208087.
[I 2026-05-03 13:22:19,620] Trial 160 finished with value: 4.178537322984732 and parameters: {'f_n': 7.561268535091708e-07, 'K_d': 361311.73334271996, 'rho_d': 33935778455772.53, 'fission_rate': 6.730851292221899e+19, 'Dg_D1_scale': 0.2533237686686764, 'Dg_D3_scale': 0.3772927008448323, 'Dv_D1_scale': 0.26757275085202015, 'Dv_D2_scale': 0.29992058198887145, 'b_bulk_scale': 0.6444890185432302, 'b_dislocation_scale': 0.3431162867124742, 'gb_scale': 0.12094167598202743, 'gd_bubble_scale': 3.2016717698788595, 'gd_line_scale': 0.7601652185016172, 'gd_line_alpha': 0.4865513308724551, 'coalescence_d_scale': 0.3069252855017826, 'capture_scale': 0.026901736433008493}. Best is trial 89 with value: 3.2308694002208087.
[I 2026-05-03 13:22:27,195] Trial 161 finished with value: 7.877263000063074 and parameters: {'f_n': 6.114086222535233e-07, 'K_d': 281820.3535953527, 'rho_d': 21487913474072.344, 'fission_rate': 6.5775977779108954e+19, 'Dg_D1_scale': 0.2043473732202435, 'Dg_D3_scale': 0.29768123826708703, 'Dv_D1_scale': 1.9747989381970212, 'Dv_D2_scale': 0.3172036895508403, 'b_bulk_scale': 0.3648544017999984, 'b_dislocation_scale': 0.04279249067987696, 'gb_scale': 0.14694024684016693, 'gd_bubble_scale': 5.620747322486657, 'gd_line_scale': 1.2089654756901795, 'gd_line_alpha': 0.40767475865396513, 'coalescence_d_scale': 0.2560014979518408, 'capture_scale': 0.018246788113763058}. Best is trial 89 with value: 3.2308694002208087.
[I 2026-05-03 13:22:34,291] Trial 162 finished with value: 3.509694388086574 and parameters: {'f_n': 1.609111879053346e-06, 'K_d': 329223.8565399097, 'rho_d': 19306783426123.414, 'fission_rate': 6.876178697078322e+19, 'Dg_D1_scale': 0.22285145595933567, 'Dg_D3_scale': 0.27638249447782254, 'Dv_D1_scale': 0.21568991007622582, 'Dv_D2_scale': 0.23816294718880943, 'b_bulk_scale': 0.4400494060123732, 'b_dislocation_scale': 0.3738221257949895, 'gb_scale': 0.09274992396758439, 'gd_bubble_scale': 7.248066666947742, 'gd_line_scale': 0.9739409940534447, 'gd_line_alpha': 0.3415626380940241, 'coalescence_d_scale': 0.20079038523774934, 'capture_scale': 0.039327704517351285}. Best is trial 89 with value: 3.2308694002208087.
[I 2026-05-03 13:22:40,782] Trial 163 finished with value: 3.9870565945625116 and parameters: {'f_n': 1.006842636931712e-06, 'K_d': 307411.8286641699, 'rho_d': 21006710562007.12, 'fission_rate': 6.7060458952890835e+19, 'Dg_D1_scale': 0.16762497344301908, 'Dg_D3_scale': 0.3174852102255342, 'Dv_D1_scale': 0.2553275083448228, 'Dv_D2_scale': 0.263651153098393, 'b_bulk_scale': 0.18413506249492798, 'b_dislocation_scale': 0.4829708094229078, 'gb_scale': 0.31171420285548906, 'gd_bubble_scale': 0.9285299490386475, 'gd_line_scale': 1.4139392504962685, 'gd_line_alpha': 0.5086222826121044, 'coalescence_d_scale': 0.3685804763094265, 'capture_scale': 0.03137960983090482}. Best is trial 89 with value: 3.2308694002208087.
[I 2026-05-03 13:22:48,014] Trial 164 finished with value: 3.4728169104771234 and parameters: {'f_n': 1.4376586971518213e-06, 'K_d': 253564.97216551265, 'rho_d': 20168300334263.17, 'fission_rate': 7.030613742433052e+19, 'Dg_D1_scale': 0.17066405837158713, 'Dg_D3_scale': 0.23540274556525917, 'Dv_D1_scale': 0.24246951122161256, 'Dv_D2_scale': 0.3418259445776324, 'b_bulk_scale': 0.722156278998284, 'b_dislocation_scale': 0.5478919978299251, 'gb_scale': 0.12128836300830594, 'gd_bubble_scale': 5.063697323723892, 'gd_line_scale': 1.3071652708487944, 'gd_line_alpha': 0.44776023163769607, 'coalescence_d_scale': 0.17276282136493581, 'capture_scale': 0.02014209531608414}. Best is trial 89 with value: 3.2308694002208087.
[I 2026-05-03 13:22:53,509] Trial 165 finished with value: 5.3274195663625985 and parameters: {'f_n': 3.636849181206668e-07, 'K_d': 335372.35628828744, 'rho_d': 31245833150073.164, 'fission_rate': 6.836838171770417e+19, 'Dg_D1_scale': 0.2860981416031153, 'Dg_D3_scale': 0.27802200794471676, 'Dv_D1_scale': 0.9788785179047685, 'Dv_D2_scale': 0.2797769933825083, 'b_bulk_scale': 0.5099911791512601, 'b_dislocation_scale': 0.4332879684138658, 'gb_scale': 0.18231309716859348, 'gd_bubble_scale': 4.55059988412873, 'gd_line_scale': 1.106987592586715, 'gd_line_alpha': 0.39286657298534344, 'coalescence_d_scale': 0.27944352325175315, 'capture_scale': 0.02273759843680556}. Best is trial 89 with value: 3.2308694002208087.
[I 2026-05-03 13:23:01,864] Trial 166 finished with value: 3.6971500017830468 and parameters: {'f_n': 6.725243850752335e-07, 'K_d': 269523.93268044986, 'rho_d': 17114866264316.9, 'fission_rate': 5.8637735519508726e+19, 'Dg_D1_scale': 0.1595951653322225, 'Dg_D3_scale': 0.30149827022160064, 'Dv_D1_scale': 0.22432567154295938, 'Dv_D2_scale': 0.22815671122503342, 'b_bulk_scale': 0.3518250085028803, 'b_dislocation_scale': 0.2886518638284874, 'gb_scale': 0.09516470403406116, 'gd_bubble_scale': 1.8636431763268821, 'gd_line_scale': 1.7147016564435031, 'gd_line_alpha': 0.2554408650844042, 'coalescence_d_scale': 0.215707983426342, 'capture_scale': 0.02768390750454276}. Best is trial 89 with value: 3.2308694002208087.
[I 2026-05-03 13:23:09,534] Trial 167 finished with value: 3.508042338854758 and parameters: {'f_n': 4.694417938122343e-07, 'K_d': 288732.7346953334, 'rho_d': 18011256315635.863, 'fission_rate': 6.38336795164589e+19, 'Dg_D1_scale': 0.238968011701478, 'Dg_D3_scale': 0.263479439326642, 'Dv_D1_scale': 0.20961274525253043, 'Dv_D2_scale': 0.25195234283611845, 'b_bulk_scale': 0.15518383751551398, 'b_dislocation_scale': 0.35530940689713325, 'gb_scale': 0.23196105433164518, 'gd_bubble_scale': 6.628462994168585, 'gd_line_scale': 0.5742611293966151, 'gd_line_alpha': 0.3256290148816401, 'coalescence_d_scale': 0.242295579974404, 'capture_scale': 0.044191046807877915}. Best is trial 89 with value: 3.2308694002208087.
[I 2026-05-03 13:23:16,527] Trial 168 finished with value: 4.048597674875752 and parameters: {'f_n': 2.3965170558120763e-06, 'K_d': 440126.80249252764, 'rho_d': 22055046135917.547, 'fission_rate': 6.938806032101707e+19, 'Dg_D1_scale': 0.18727611028982333, 'Dg_D3_scale': 0.33590122902141234, 'Dv_D1_scale': 0.2705806903423652, 'Dv_D2_scale': 0.2965780728959352, 'b_bulk_scale': 0.4467649456699685, 'b_dislocation_scale': 0.4115143794120044, 'gb_scale': 0.3267614176821797, 'gd_bubble_scale': 1.4021418222892958, 'gd_line_scale': 0.9342952742002386, 'gd_line_alpha': 0.4737385027746227, 'coalescence_d_scale': 0.4540470532660818, 'capture_scale': 0.03377169452413968}. Best is trial 89 with value: 3.2308694002208087.Best trial: 89. Best value: 3.23087:  34%|███▎      | 168/500 [17:59<40:07,  7.25s/it]Best trial: 89. Best value: 3.23087:  34%|███▎      | 168/500 [17:59<40:07,  7.25s/it]Best trial: 89. Best value: 3.23087:  34%|███▍      | 169/500 [17:59<39:34,  7.17s/it]                                                                                      Best trial: 89. Best value: 3.23087:  34%|███▍      | 169/500 [18:05<39:34,  7.17s/it]Best trial: 89. Best value: 3.23087:  34%|███▍      | 169/500 [18:05<39:34,  7.17s/it]Best trial: 89. Best value: 3.23087:  34%|███▍      | 170/500 [18:05<37:14,  6.77s/it]                                                                                      Best trial: 89. Best value: 3.23087:  34%|███▍      | 170/500 [18:12<37:14,  6.77s/it]Best trial: 89. Best value: 3.23087:  34%|███▍      | 170/500 [18:12<37:14,  6.77s/it]Best trial: 89. Best value: 3.23087:  34%|███▍      | 171/500 [18:12<37:47,  6.89s/it]                                                                                      Best trial: 89. Best value: 3.23087:  34%|███▍      | 171/500 [18:19<37:47,  6.89s/it]Best trial: 89. Best value: 3.23087:  34%|███▍      | 171/500 [18:19<37:47,  6.89s/it]Best trial: 89. Best value: 3.23087:  34%|███▍      | 172/500 [18:19<38:06,  6.97s/it]                                                                                      Best trial: 89. Best value: 3.23087:  34%|███▍      | 172/500 [18:27<38:06,  6.97s/it]Best trial: 89. Best value: 3.23087:  34%|███▍      | 172/500 [18:27<38:06,  6.97s/it]Best trial: 89. Best value: 3.23087:  35%|███▍      | 173/500 [18:27<38:44,  7.11s/it]                                                                                      Best trial: 89. Best value: 3.23087:  35%|███▍      | 173/500 [18:34<38:44,  7.11s/it]Best trial: 89. Best value: 3.23087:  35%|███▍      | 173/500 [18:34<38:44,  7.11s/it]Best trial: 89. Best value: 3.23087:  35%|███▍      | 174/500 [18:34<39:04,  7.19s/it]                                                                                      Best trial: 89. Best value: 3.23087:  35%|███▍      | 174/500 [18:40<39:04,  7.19s/it]Best trial: 89. Best value: 3.23087:  35%|███▍      | 174/500 [18:40<39:04,  7.19s/it]Best trial: 89. Best value: 3.23087:  35%|███▌      | 175/500 [18:40<37:11,  6.86s/it]                                                                                      Best trial: 89. Best value: 3.23087:  35%|███▌      | 175/500 [18:47<37:11,  6.86s/it]Best trial: 89. Best value: 3.23087:  35%|███▌      | 175/500 [18:47<37:11,  6.86s/it]Best trial: 89. Best value: 3.23087:  35%|███▌      | 176/500 [18:47<37:43,  6.99s/it]                                                                                      Best trial: 89. Best value: 3.23087:  35%|███▌      | 176/500 [18:54<37:43,  6.99s/it]Best trial: 89. Best value: 3.23087:  35%|███▌      | 176/500 [18:55<37:43,  6.99s/it]Best trial: 89. Best value: 3.23087:  35%|███▌      | 177/500 [18:55<37:42,  7.01s/it]                                                                                      Best trial: 89. Best value: 3.23087:  35%|███▌      | 177/500 [19:02<37:42,  7.01s/it]Best trial: 89. Best value: 3.23087:  35%|███▌      | 177/500 [19:02<37:42,  7.01s/it]Best trial: 89. Best value: 3.23087:  36%|███▌      | 178/500 [19:02<37:44,  7.03s/it]                                                                                      Best trial: 89. Best value: 3.23087:  36%|███▌      | 178/500 [19:07<37:44,  7.03s/it]Best trial: 89. Best value: 3.23087:  36%|███▌      | 178/500 [19:07<37:44,  7.03s/it]Best trial: 89. Best value: 3.23087:  36%|███▌      | 179/500 [19:07<35:10,  6.57s/it]                                                                                      Best trial: 89. Best value: 3.23087:  36%|███▌      | 179/500 [19:14<35:10,  6.57s/it]Best trial: 89. Best value: 3.23087:  36%|███▌      | 179/500 [19:14<35:10,  6.57s/it]Best trial: 89. Best value: 3.23087:  36%|███▌      | 180/500 [19:14<35:55,  6.74s/it]                                                                                      
[I 2026-05-03 13:23:22,358] Trial 169 finished with value: 3.509659354702703 and parameters: {'f_n': 1.0961471419295373e-06, 'K_d': 235064.82993612078, 'rho_d': 23866017104899.996, 'fission_rate': 6.2968995155154215e+19, 'Dg_D1_scale': 0.327160806676782, 'Dg_D3_scale': 0.1605854694037381, 'Dv_D1_scale': 0.23255669166988652, 'Dv_D2_scale': 0.6322358608076183, 'b_bulk_scale': 0.12461539254288093, 'b_dislocation_scale': 0.5141344207065563, 'gb_scale': 0.11612548642000807, 'gd_bubble_scale': 3.6255450688352315, 'gd_line_scale': 1.2578571363111588, 'gd_line_alpha': 0.5501342999190612, 'coalescence_d_scale': 0.31991766639455016, 'capture_scale': 0.01782483897004999}. Best is trial 89 with value: 3.2308694002208087.
[I 2026-05-03 13:23:29,498] Trial 170 finished with value: 3.7084546252449093 and parameters: {'f_n': 8.599701739098138e-07, 'K_d': 358005.7052980063, 'rho_d': 26030168869019.016, 'fission_rate': 6.765243655941718e+19, 'Dg_D1_scale': 0.26128634187594507, 'Dg_D3_scale': 0.20506758949495893, 'Dv_D1_scale': 0.2522645034130844, 'Dv_D2_scale': 0.35064530314960485, 'b_bulk_scale': 0.404202673487123, 'b_dislocation_scale': 0.4647492948454357, 'gb_scale': 0.16917898826297065, 'gd_bubble_scale': 5.94105897573635, 'gd_line_scale': 1.5043189051254158, 'gd_line_alpha': 0.3618357160461401, 'coalescence_d_scale': 0.2801576551232005, 'capture_scale': 0.014242626817132165}. Best is trial 89 with value: 3.2308694002208087.
[I 2026-05-03 13:23:36,688] Trial 171 finished with value: 4.047497401753284 and parameters: {'f_n': 2.830160690620437e-07, 'K_d': 301392.9048961459, 'rho_d': 41285056708472.41, 'fission_rate': 6.802004120854805e+19, 'Dg_D1_scale': 0.5618238238379767, 'Dg_D3_scale': 0.3050039976055294, 'Dv_D1_scale': 0.24617451455369643, 'Dv_D2_scale': 0.28584638436917614, 'b_bulk_scale': 0.3066097641127791, 'b_dislocation_scale': 0.45308084449675207, 'gb_scale': 0.26440011448754025, 'gd_bubble_scale': 1.7369393974700227, 'gd_line_scale': 1.5188328927254553, 'gd_line_alpha': 0.173630262296527, 'coalescence_d_scale': 0.5361787947489393, 'capture_scale': 0.02954794053596311}. Best is trial 89 with value: 3.2308694002208087.
[I 2026-05-03 13:23:44,110] Trial 172 finished with value: 3.5573276568574004 and parameters: {'f_n': 4.2639039318360947e-07, 'K_d': 320076.1307047961, 'rho_d': 14877520775586.244, 'fission_rate': 6.574973290204543e+19, 'Dg_D1_scale': 0.2047340455390339, 'Dg_D3_scale': 0.357712417732689, 'Dv_D1_scale': 0.21880755712065003, 'Dv_D2_scale': 0.3136539112286781, 'b_bulk_scale': 0.28520584462639564, 'b_dislocation_scale': 0.4262357186972583, 'gb_scale': 0.26359086042385366, 'gd_bubble_scale': 1.6344684906867895, 'gd_line_scale': 1.6724762152583221, 'gd_line_alpha': 0.5284949982688005, 'coalescence_d_scale': 0.8248311547525626, 'capture_scale': 0.0226055628182988}. Best is trial 89 with value: 3.2308694002208087.
[I 2026-05-03 13:23:51,499] Trial 173 finished with value: 3.4290505966309137 and parameters: {'f_n': 3.111009228516802e-07, 'K_d': 298701.6073810345, 'rho_d': 18112790591321.637, 'fission_rate': 6.660663066621244e+19, 'Dg_D1_scale': 0.5408526027536095, 'Dg_D3_scale': 0.32289143454898955, 'Dv_D1_scale': 0.2755431426654518, 'Dv_D2_scale': 0.2683168627984281, 'b_bulk_scale': 0.3289664542449101, 'b_dislocation_scale': 0.38309770208943883, 'gb_scale': 0.22373047071679839, 'gd_bubble_scale': 2.0108208662748077, 'gd_line_scale': 1.0966704993019691, 'gd_line_alpha': 0.4968788593932561, 'coalescence_d_scale': 0.6259413093761296, 'capture_scale': 0.025207818672534087}. Best is trial 89 with value: 3.2308694002208087.
