[I 2026-05-03 13:11:10,630] Trial 55 finished with value: 4.525522412786219 and parameters: {'f_n': 1.6867536011689343e-07, 'K_d': 173501.73605570936, 'rho_d': 27655961213859.73, 'fission_rate': 4.0185692203903795e+19, 'Dg_D1_scale': 0.3884971790370558, 'Dg_D3_scale': 0.1821179683491515, 'Dv_D1_scale': 0.2781568583528386, 'Dv_D2_scale': 2.2385430406578624, 'b_bulk_scale': 0.9748391239068257, 'b_dislocation_scale': 0.7366134957210169, 'gb_scale': 1.9890704039182459, 'gd_bubble_scale': 0.09660935614669504, 'gd_line_scale': 0.8131655371317212, 'gd_line_alpha': 0.8985597920440368, 'coalescence_d_scale': 2.331167929739758, 'capture_scale': 0.06972307551121795}. Best is trial 36 with value: 3.424568662459998.
[I 2026-05-03 13:11:17,714] Trial 56 finished with value: 4.789137537629448 and parameters: {'f_n': 8.479501767674159e-08, 'K_d': 211760.38377286048, 'rho_d': 22476309345695.277, 'fission_rate': 5.396683707566772e+19, 'Dg_D1_scale': 0.752697222106478, 'Dg_D3_scale': 0.41766076575284306, 'Dv_D1_scale': 0.22372496739327566, 'Dv_D2_scale': 1.5241497490333447, 'b_bulk_scale': 1.8997676576191163, 'b_dislocation_scale': 0.5022539865363481, 'gb_scale': 0.11476154867991412, 'gd_bubble_scale': 0.05035296236407136, 'gd_line_scale': 1.7990554270432069, 'gd_line_alpha': 0.9739447631800678, 'coalescence_d_scale': 3.2769422663366945, 'capture_scale': 0.03130284181636825}. Best is trial 36 with value: 3.424568662459998.
[I 2026-05-03 13:11:23,824] Trial 57 finished with value: 5.666500429624169 and parameters: {'f_n': 1.0468092396578516e-06, 'K_d': 318887.9069867791, 'rho_d': 16512919416103.598, 'fission_rate': 7.473974846101768e+19, 'Dg_D1_scale': 0.9809780632132581, 'Dg_D3_scale': 0.2914102126105111, 'Dv_D1_scale': 0.43166542428055743, 'Dv_D2_scale': 0.9107208761567263, 'b_bulk_scale': 0.7264251159840825, 'b_dislocation_scale': 0.9124535326538612, 'gb_scale': 0.825165286797619, 'gd_bubble_scale': 0.12245355369048466, 'gd_line_scale': 1.645490790275932, 'gd_line_alpha': 0.8123197556290696, 'coalescence_d_scale': 5.497154500218737, 'capture_scale': 0.02073735252645297}. Best is trial 36 with value: 3.424568662459998.
[I 2026-05-03 13:11:34,294] Trial 58 finished with value: 3.9008111705206416 and parameters: {'f_n': 4.2042991637461626e-08, 'K_d': 250685.0117904459, 'rho_d': 19860115217390.605, 'fission_rate': 4.488566421841775e+19, 'Dg_D1_scale': 0.5401900467660766, 'Dg_D3_scale': 0.154235301222426, 'Dv_D1_scale': 0.3625210827470637, 'Dv_D2_scale': 1.2723461987583613, 'b_bulk_scale': 1.2952590279897942, 'b_dislocation_scale': 0.32740549796947815, 'gb_scale': 2.931260639915613, 'gd_bubble_scale': 0.17356285328750495, 'gd_line_scale': 1.0105025810857915, 'gd_line_alpha': 0.9090552123731498, 'coalescence_d_scale': 1.5641344510801105, 'capture_scale': 0.05351237741746296}. Best is trial 36 with value: 3.424568662459998.
[I 2026-05-03 13:11:40,620] Trial 59 finished with value: 5.005539115429027 and parameters: {'f_n': 1.2941644044567762e-07, 'K_d': 295040.72935333283, 'rho_d': 68491435305954.76, 'fission_rate': 7.888392235141908e+19, 'Dg_D1_scale': 0.667583701309213, 'Dg_D3_scale': 0.24282166145215658, 'Dv_D1_scale': 0.3007649165212887, 'Dv_D2_scale': 1.0072815756868594, 'b_bulk_scale': 0.4780838616774149, 'b_dislocation_scale': 0.48049828612301965, 'gb_scale': 0.5529473705468119, 'gd_bubble_scale': 0.06400880839346655, 'gd_line_scale': 2.153215066005884, 'gd_line_alpha': 0.8488382251159963, 'coalescence_d_scale': 1.3477939253802262, 'capture_scale': 0.09536941638078429}. Best is trial 36 with value: 3.424568662459998.
[I 2026-05-03 13:11:44,944] Trial 60 finished with value: 4.900775121857946 and parameters: {'f_n': 4.503568688590423e-07, 'K_d': 374061.0034155623, 'rho_d': 23246915062022.754, 'fission_rate': 7.98178580355683e+19, 'Dg_D1_scale': 0.8663380361159659, 'Dg_D3_scale': 0.30716017789993405, 'Dv_D1_scale': 0.22346722724507762, 'Dv_D2_scale': 1.350780962274998, 'b_bulk_scale': 2.6503623929577165, 'b_dislocation_scale': 1.4454255082049468, 'gb_scale': 4.126358791613042, 'gd_bubble_scale': 0.2578624676537204, 'gd_line_scale': 0.6250150439987292, 'gd_line_alpha': 0.9562103187688762, 'coalescence_d_scale': 0.4522847915541317, 'capture_scale': 0.15800808299874988}. Best is trial 36 with value: 3.424568662459998.Best trial: 36. Best value: 3.42457:  12%|█▏        | 60/500 [06:28<55:42,  7.60s/it]Best trial: 36. Best value: 3.42457:  12%|█▏        | 60/500 [06:28<55:42,  7.60s/it]Best trial: 36. Best value: 3.42457:  12%|█▏        | 61/500 [06:28<48:24,  6.62s/it]                                                                                     Best trial: 36. Best value: 3.42457:  12%|█▏        | 61/500 [06:34<48:24,  6.62s/it]Best trial: 36. Best value: 3.42457:  12%|█▏        | 61/500 [06:34<48:24,  6.62s/it]Best trial: 36. Best value: 3.42457:  12%|█▏        | 62/500 [06:34<48:03,  6.58s/it]                                                                                     Best trial: 36. Best value: 3.42457:  12%|█▏        | 62/500 [06:40<48:03,  6.58s/it]Best trial: 36. Best value: 3.42457:  12%|█▏        | 62/500 [06:40<48:03,  6.58s/it]Best trial: 36. Best value: 3.42457:  13%|█▎        | 63/500 [06:40<47:30,  6.52s/it]                                                                                     Best trial: 36. Best value: 3.42457:  13%|█▎        | 63/500 [06:47<47:30,  6.52s/it]Best trial: 36. Best value: 3.42457:  13%|█▎        | 63/500 [06:47<47:30,  6.52s/it]Best trial: 36. Best value: 3.42457:  13%|█▎        | 64/500 [06:47<48:29,  6.67s/it]                                                                                     Best trial: 36. Best value: 3.42457:  13%|█▎        | 64/500 [06:54<48:29,  6.67s/it]Best trial: 36. Best value: 3.42457:  13%|█▎        | 64/500 [06:54<48:29,  6.67s/it]Best trial: 36. Best value: 3.42457:  13%|█▎        | 65/500 [06:54<48:29,  6.69s/it]                                                                                     Best trial: 36. Best value: 3.42457:  13%|█▎        | 65/500 [06:59<48:29,  6.69s/it]Best trial: 36. Best value: 3.42457:  13%|█▎        | 65/500 [06:59<48:29,  6.69s/it]Best trial: 36. Best value: 3.42457:  13%|█▎        | 66/500 [06:59<43:29,  6.01s/it]                                                                                     Best trial: 36. Best value: 3.42457:  13%|█▎        | 66/500 [07:05<43:29,  6.01s/it]Best trial: 36. Best value: 3.42457:  13%|█▎        | 66/500 [07:05<43:29,  6.01s/it]Best trial: 36. Best value: 3.42457:  13%|█▎        | 67/500 [07:05<44:13,  6.13s/it]                                                                                     Best trial: 36. Best value: 3.42457:  13%|█▎        | 67/500 [07:12<44:13,  6.13s/it]Best trial: 36. Best value: 3.42457:  13%|█▎        | 67/500 [07:12<44:13,  6.13s/it]Best trial: 36. Best value: 3.42457:  14%|█▎        | 68/500 [07:12<45:48,  6.36s/it]                                                                                     Best trial: 36. Best value: 3.42457:  14%|█▎        | 68/500 [07:18<45:48,  6.36s/it]Best trial: 36. Best value: 3.42457:  14%|█▎        | 68/500 [07:18<45:48,  6.36s/it]Best trial: 36. Best value: 3.42457:  14%|█▍        | 69/500 [07:18<45:04,  6.27s/it]                                                                                     Best trial: 36. Best value: 3.42457:  14%|█▍        | 69/500 [07:24<45:04,  6.27s/it]Best trial: 36. Best value: 3.42457:  14%|█▍        | 69/500 [07:24<45:04,  6.27s/it]Best trial: 36. Best value: 3.42457:  14%|█▍        | 70/500 [07:24<45:21,  6.33s/it]                                                                                     Best trial: 36. Best value: 3.42457:  14%|█▍        | 70/500 [07:29<45:21,  6.33s/it]Best trial: 36. Best value: 3.42457:  14%|█▍        | 70/500 [07:29<45:21,  6.33s/it]Best trial: 36. Best value: 3.42457:  14%|█▍        | 71/500 [07:29<41:01,  5.74s/it]                                                                                     Best trial: 36. Best value: 3.42457:  14%|█▍        | 71/500 [07:35<41:01,  5.74s/it]Best trial: 36. Best value: 3.42457:  14%|█▍        | 71/500 [07:35<41:01,  5.74s/it]Best trial: 36. Best value: 3.42457:  14%|█▍        | 72/500 [07:35<42:54,  6.02s/it]                                                                                     
[I 2026-05-03 13:11:51,448] Trial 61 finished with value: 3.4913435389990077 and parameters: {'f_n': 2.2228915793892443e-07, 'K_d': 619927.697893513, 'rho_d': 12245758334513.336, 'fission_rate': 7.687826333820579e+19, 'Dg_D1_scale': 1.0741901267055407, 'Dg_D3_scale': 0.1876604153185709, 'Dv_D1_scale': 0.2554540364709559, 'Dv_D2_scale': 2.4750666951898106, 'b_bulk_scale': 1.0310985946059685, 'b_dislocation_scale': 0.3629255946434155, 'gb_scale': 1.2524247579256547, 'gd_bubble_scale': 0.07551950268412334, 'gd_line_scale': 2.6804474510832303, 'gd_line_alpha': 0.7230291930752086, 'coalescence_d_scale': 1.0140585236458153, 'capture_scale': 0.3592215439054706}. Best is trial 36 with value: 3.424568662459998.
[I 2026-05-03 13:11:57,838] Trial 62 finished with value: 3.545120788027287 and parameters: {'f_n': 2.9500918786314876e-07, 'K_d': 498000.43255620566, 'rho_d': 13416413629568.256, 'fission_rate': 7.739207462510882e+19, 'Dg_D1_scale': 1.310389960237377, 'Dg_D3_scale': 0.19694774077313854, 'Dv_D1_scale': 0.25551072014549264, 'Dv_D2_scale': 2.547516950109461, 'b_bulk_scale': 1.108260803947641, 'b_dislocation_scale': 0.32667126078272274, 'gb_scale': 2.1307925614885583, 'gd_bubble_scale': 0.09882206203258918, 'gd_line_scale': 3.5916860565915103, 'gd_line_alpha': 0.5910694117586605, 'coalescence_d_scale': 1.0154504655407743, 'capture_scale': 0.3320046425661641}. Best is trial 36 with value: 3.424568662459998.
[I 2026-05-03 13:12:04,855] Trial 63 finished with value: 4.378102033856768 and parameters: {'f_n': 1.8791084875991704e-07, 'K_d': 256795.31237325666, 'rho_d': 19246321007675.023, 'fission_rate': 7.0835699668364984e+19, 'Dg_D1_scale': 0.41821585040538545, 'Dg_D3_scale': 0.1705077471537306, 'Dv_D1_scale': 0.3263498896538352, 'Dv_D2_scale': 1.7856255915504933, 'b_bulk_scale': 1.4853617188049957, 'b_dislocation_scale': 0.418955052863288, 'gb_scale': 1.6321503867119047, 'gd_bubble_scale': 0.1373057254393576, 'gd_line_scale': 5.344134269037199, 'gd_line_alpha': 0.8860523566162424, 'coalescence_d_scale': 0.6296888523682297, 'capture_scale': 0.2462727492493582}. Best is trial 36 with value: 3.424568662459998.
[I 2026-05-03 13:12:11,583] Trial 64 finished with value: 4.231459901732441 and parameters: {'f_n': 6.77176248382164e-07, 'K_d': 330748.6521483084, 'rho_d': 15904491432746.684, 'fission_rate': 7.491509549758135e+19, 'Dg_D1_scale': 0.7265066005679214, 'Dg_D3_scale': 0.1504305963979434, 'Dv_D1_scale': 0.21168958702803506, 'Dv_D2_scale': 3.60241652391378, 'b_bulk_scale': 1.8164480089749986, 'b_dislocation_scale': 0.6709690873793243, 'gb_scale': 2.757036316150259, 'gd_bubble_scale': 0.062035762614888856, 'gd_line_scale': 1.5695658151091052, 'gd_line_alpha': 0.8102474827946149, 'coalescence_d_scale': 1.3266158909509813, 'capture_scale': 0.1285955975733488}. Best is trial 36 with value: 3.424568662459998.
[I 2026-05-03 13:12:16,017] Trial 65 finished with value: 4.899156478301459 and parameters: {'f_n': 7.750587936578332e-08, 'K_d': 446377.83822667843, 'rho_d': 11871936410585.674, 'fission_rate': 7.686335375386943e+19, 'Dg_D1_scale': 1.1616521138261557, 'Dg_D3_scale': 0.21754527096491008, 'Dv_D1_scale': 0.6206040983825224, 'Dv_D2_scale': 2.5214289720274086, 'b_bulk_scale': 0.9145065130869068, 'b_dislocation_scale': 0.28069565955332093, 'gb_scale': 0.788641068276948, 'gd_bubble_scale': 0.08718437005699194, 'gd_line_scale': 2.556440669325942, 'gd_line_alpha': 0.7221944458852756, 'coalescence_d_scale': 2.4198879420575508, 'capture_scale': 0.1819566177020747}. Best is trial 36 with value: 3.424568662459998.
[I 2026-05-03 13:12:22,409] Trial 66 finished with value: 5.643133490147401 and parameters: {'f_n': 3.168749797707622e-08, 'K_d': 288813.03033414256, 'rho_d': 17859367736428.81, 'fission_rate': 7.627143127800953e+19, 'Dg_D1_scale': 0.9972539638123478, 'Dg_D3_scale': 0.2573553525548701, 'Dv_D1_scale': 2.4699883770003757, 'Dv_D2_scale': 1.712415833630388, 'b_bulk_scale': 0.6051993574585078, 'b_dislocation_scale': 0.5347100733568418, 'gb_scale': 0.4067872460604408, 'gd_bubble_scale': 0.07179099797743231, 'gd_line_scale': 1.1721327529914274, 'gd_line_alpha': 0.6421312764174375, 'coalescence_d_scale': 1.7068012371284988, 'capture_scale': 0.07155410018049785}. Best is trial 36 with value: 3.424568662459998.
[I 2026-05-03 13:12:29,293] Trial 67 finished with value: 4.019840160646315 and parameters: {'f_n': 5.5200010497127794e-08, 'K_d': 966420.5226296152, 'rho_d': 20534931064192.6, 'fission_rate': 7.226470586120005e+19, 'Dg_D1_scale': 0.25102841512635493, 'Dg_D3_scale': 0.18782763156754925, 'Dv_D1_scale': 0.2757559116317972, 'Dv_D2_scale': 0.5072506026973778, 'b_bulk_scale': 0.7814194556098991, 'b_dislocation_scale': 0.2257709490889285, 'gb_scale': 1.4383249356789447, 'gd_bubble_scale': 0.10601039729276855, 'gd_line_scale': 1.9898356686090528, 'gd_line_alpha': 0.7755295511818969, 'coalescence_d_scale': 0.7180054807599637, 'capture_scale': 0.36205555246028764}. Best is trial 36 with value: 3.424568662459998.
[I 2026-05-03 13:12:35,390] Trial 68 finished with value: 4.129979058880194 and parameters: {'f_n': 3.1762372369293644e-07, 'K_d': 375186.9795523678, 'rho_d': 16419216290172.576, 'fission_rate': 7.891085974797563e+19, 'Dg_D1_scale': 0.838701861067427, 'Dg_D3_scale': 3.3154181400870093, 'Dv_D1_scale': 0.24258651720601856, 'Dv_D2_scale': 1.108203028062361, 'b_bulk_scale': 0.3734613880018378, 'b_dislocation_scale': 0.30402401785009253, 'gb_scale': 2.111403540164816, 'gd_bubble_scale': 0.15391702517529002, 'gd_line_scale': 0.9056183742417723, 'gd_line_alpha': 0.9231861439476592, 'coalescence_d_scale': 0.5162863944595676, 'capture_scale': 0.10971066769805425}. Best is trial 36 with value: 3.424568662459998.
[I 2026-05-03 13:12:41,850] Trial 69 finished with value: 4.490190164752084 and parameters: {'f_n': 1.3625503844636792e-07, 'K_d': 216851.41582169707, 'rho_d': 10726934692649.314, 'fission_rate': 7.426798549826093e+19, 'Dg_D1_scale': 2.1098750157250175, 'Dg_D3_scale': 0.3951391111720137, 'Dv_D1_scale': 0.48738047799049133, 'Dv_D2_scale': 2.9681332189726954, 'b_bulk_scale': 0.23236466569190953, 'b_dislocation_scale': 0.1816285669706502, 'gb_scale': 1.1616205411909737, 'gd_bubble_scale': 0.3465823727494657, 'gd_line_scale': 4.731582678550256, 'gd_line_alpha': 0.7416564423665798, 'coalescence_d_scale': 1.00888072015879, 'capture_scale': 0.04115640770213432}. Best is trial 36 with value: 3.424568662459998.
[I 2026-05-03 13:12:46,182] Trial 70 finished with value: 3.7268587332546472 and parameters: {'f_n': 8.791186387963873e-08, 'K_d': 199140.5666498333, 'rho_d': 13790558098848.662, 'fission_rate': 7.987766981451642e+19, 'Dg_D1_scale': 1.6728912665067195, 'Dg_D3_scale': 0.16781700578435915, 'Dv_D1_scale': 0.3653919505288357, 'Dv_D2_scale': 3.9803489149789315, 'b_bulk_scale': 1.0468307005664483, 'b_dislocation_scale': 0.9060564686020384, 'gb_scale': 2.4481609022320683, 'gd_bubble_scale': 0.2025375784616378, 'gd_line_scale': 4.254658919733315, 'gd_line_alpha': 0.8276432318422251, 'coalescence_d_scale': 2.0039229129364604, 'capture_scale': 0.2713149088736091}. Best is trial 36 with value: 3.424568662459998.
[I 2026-05-03 13:12:52,869] Trial 71 finished with value: 3.865147376232595 and parameters: {'f_n': 2.784376048971358e-08, 'K_d': 651509.9256485885, 'rho_d': 12843165358966.867, 'fission_rate': 7.306220909600173e+19, 'Dg_D1_scale': 1.1262513180805622, 'Dg_D3_scale': 0.24090448196873118, 'Dv_D1_scale': 0.21661375729229995, 'Dv_D2_scale': 2.212311372695499, 'b_bulk_scale': 1.4074960471482258, 'b_dislocation_scale': 0.3498495588898424, 'gb_scale': 1.2410394040014103, 'gd_bubble_scale': 0.07257718199976904, 'gd_line_scale': 2.6420080540301827, 'gd_line_alpha': 0.6735913149546601, 'coalescence_d_scale': 1.3104378008748208, 'capture_scale': 0.5751293857189019}. Best is trial 36 with value: 3.424568662459998.
[I 2026-05-03 13:12:58,939] Trial 72 finished with value: 3.4725241830157265 and parameters: {'f_n': 1.1149865798819837e-08, 'K_d': 624429.0197734635, 'rho_d': 12182694542693.62, 'fission_rate': 7.75761256399614e+19, 'Dg_D1_scale': 1.0483263340297824, 'Dg_D3_scale': 0.21775456939457932, 'Dv_D1_scale': 0.24543931763100266, 'Dv_D2_scale': 0.4113972757539353, 'b_bulk_scale': 0.1403753901353561, 'b_dislocation_scale': 0.40275267765921335, 'gb_scale': 1.5329665121632938, 'gd_bubble_scale': 0.056776585056116505, 'gd_line_scale': 3.1573750338120705, 'gd_line_alpha': 0.7115760220943377, 'coalescence_d_scale': 0.711972049851894, 'capture_scale': 0.4741586642158101}. Best is trial 36 with value: 3.424568662459998.Best trial: 36. Best value: 3.42457:  14%|█▍        | 72/500 [07:42<42:54,  6.02s/it]Best trial: 36. Best value: 3.42457:  14%|█▍        | 72/500 [07:42<42:54,  6.02s/it]Best trial: 36. Best value: 3.42457:  15%|█▍        | 73/500 [07:42<42:56,  6.03s/it]                                                                                     Best trial: 36. Best value: 3.42457:  15%|█▍        | 73/500 [07:48<42:56,  6.03s/it]Best trial: 36. Best value: 3.42457:  15%|█▍        | 73/500 [07:48<42:56,  6.03s/it]Best trial: 36. Best value: 3.42457:  15%|█▍        | 74/500 [07:48<43:44,  6.16s/it]                                                                                     Best trial: 36. Best value: 3.42457:  15%|█▍        | 74/500 [07:54<43:44,  6.16s/it]Best trial: 74. Best value: 3.35858:  15%|█▍        | 74/500 [07:54<43:44,  6.16s/it]Best trial: 74. Best value: 3.35858:  15%|█▌        | 75/500 [07:54<44:17,  6.25s/it]                                                                                     Best trial: 74. Best value: 3.35858:  15%|█▌        | 75/500 [07:59<44:17,  6.25s/it]Best trial: 74. Best value: 3.35858:  15%|█▌        | 75/500 [07:59<44:17,  6.25s/it]Best trial: 74. Best value: 3.35858:  15%|█▌        | 76/500 [07:59<39:47,  5.63s/it]                                                                                     Best trial: 74. Best value: 3.35858:  15%|█▌        | 76/500 [08:03<39:47,  5.63s/it]Best trial: 74. Best value: 3.35858:  15%|█▌        | 76/500 [08:03<39:47,  5.63s/it]Best trial: 74. Best value: 3.35858:  15%|█▌        | 77/500 [08:03<37:56,  5.38s/it]                                                                                     Best trial: 74. Best value: 3.35858:  15%|█▌        | 77/500 [08:12<37:56,  5.38s/it]Best trial: 77. Best value: 3.33778:  15%|█▌        | 77/500 [08:12<37:56,  5.38s/it]Best trial: 77. Best value: 3.33778:  16%|█▌        | 78/500 [08:12<43:47,  6.23s/it]                                                                                     Best trial: 77. Best value: 3.33778:  16%|█▌        | 78/500 [08:20<43:47,  6.23s/it]Best trial: 77. Best value: 3.33778:  16%|█▌        | 78/500 [08:20<43:47,  6.23s/it]Best trial: 77. Best value: 3.33778:  16%|█▌        | 79/500 [08:20<47:58,  6.84s/it]                                                                                     Best trial: 77. Best value: 3.33778:  16%|█▌        | 79/500 [08:26<47:58,  6.84s/it]Best trial: 77. Best value: 3.33778:  16%|█▌        | 79/500 [08:26<47:58,  6.84s/it]Best trial: 77. Best value: 3.33778:  16%|█▌        | 80/500 [08:26<46:36,  6.66s/it]                                                                                     Best trial: 77. Best value: 3.33778:  16%|█▌        | 80/500 [08:33<46:36,  6.66s/it]Best trial: 77. Best value: 3.33778:  16%|█▌        | 80/500 [08:33<46:36,  6.66s/it]Best trial: 77. Best value: 3.33778:  16%|█▌        | 81/500 [08:33<46:37,  6.68s/it]                                                                                     Best trial: 77. Best value: 3.33778:  16%|█▌        | 81/500 [08:40<46:37,  6.68s/it]Best trial: 77. Best value: 3.33778:  16%|█▌        | 81/500 [08:40<46:37,  6.68s/it]Best trial: 77. Best value: 3.33778:  16%|█▋        | 82/500 [08:40<47:20,  6.79s/it]                                                                                     Best trial: 77. Best value: 3.33778:  16%|█▋        | 82/500 [08:46<47:20,  6.79s/it]Best trial: 77. Best value: 3.33778:  16%|█▋        | 82/500 [08:46<47:20,  6.79s/it]Best trial: 77. Best value: 3.33778:  17%|█▋        | 83/500 [08:46<46:09,  6.64s/it]                                                                                     Best trial: 77. Best value: 3.33778:  17%|█▋        | 83/500 [08:53<46:09,  6.64s/it]Best trial: 77. Best value: 3.33778:  17%|█▋        | 83/500 [08:53<46:09,  6.64s/it]Best trial: 77. Best value: 3.33778:  17%|█▋        | 84/500 [08:53<46:16,  6.68s/it]                                                                                     
[I 2026-05-03 13:13:05,405] Trial 73 finished with value: 3.7566805651133564 and parameters: {'f_n': 5.134917370365496e-08, 'K_d': 729496.3908344953, 'rho_d': 11308093240990.773, 'fission_rate': 7.743769243200543e+19, 'Dg_D1_scale': 1.3303122647978056, 'Dg_D3_scale': 0.21109753852537394, 'Dv_D1_scale': 0.2555254046595236, 'Dv_D2_scale': 0.41388815492263065, 'b_bulk_scale': 2.4709986440357548, 'b_dislocation_scale': 0.44874776544005784, 'gb_scale': 1.6529131946405209, 'gd_bubble_scale': 0.056749633245044916, 'gd_line_scale': 3.566829287103852, 'gd_line_alpha': 0.5971379260717093, 'coalescence_d_scale': 0.39240883196607534, 'capture_scale': 0.4019516737097054}. Best is trial 36 with value: 3.424568662459998.
