[I 2026-05-03 13:38:44,668] Trial 312 finished with value: 3.303351686781761 and parameters: {'f_n': 7.689071520505131e-07, 'K_d': 213300.566124203, 'rho_d': 29746019397793.06, 'fission_rate': 7.78720131555725e+19, 'Dg_D1_scale': 0.3789092302612345, 'Dg_D3_scale': 0.1564768002044849, 'Dv_D1_scale': 0.3150068538374567, 'Dv_D2_scale': 1.622223906141872, 'b_bulk_scale': 0.30908636387920524, 'b_dislocation_scale': 0.3065647121143208, 'gb_scale': 0.05511651062186995, 'gd_bubble_scale': 4.121993595395478, 'gd_line_scale': 0.12716890616087198, 'gd_line_alpha': 0.9981557039766749, 'coalescence_d_scale': 0.7104380359064545, 'capture_scale': 0.02380254976365769}. Best is trial 89 with value: 3.2308694002208087.Best trial: 89. Best value: 3.23087:  62%|██████▏   | 312/500 [33:27<18:40,  5.96s/it]Best trial: 89. Best value: 3.23087:  62%|██████▏   | 312/500 [33:27<18:40,  5.96s/it]Best trial: 89. Best value: 3.23087:  63%|██████▎   | 313/500 [33:27<18:56,  6.08s/it]                                                                                      Best trial: 89. Best value: 3.23087:  63%|██████▎   | 313/500 [33:34<18:56,  6.08s/it]Best trial: 89. Best value: 3.23087:  63%|██████▎   | 313/500 [33:34<18:56,  6.08s/it]Best trial: 89. Best value: 3.23087:  63%|██████▎   | 314/500 [33:34<19:16,  6.22s/it]                                                                                      Best trial: 89. Best value: 3.23087:  63%|██████▎   | 314/500 [33:40<19:16,  6.22s/it]Best trial: 89. Best value: 3.23087:  63%|██████▎   | 314/500 [33:40<19:16,  6.22s/it]Best trial: 89. Best value: 3.23087:  63%|██████▎   | 315/500 [33:40<19:21,  6.28s/it]                                                                                      Best trial: 89. Best value: 3.23087:  63%|██████▎   | 315/500 [33:44<19:21,  6.28s/it]Best trial: 89. Best value: 3.23087:  63%|██████▎   | 315/500 [33:45<19:21,  6.28s/it]Best trial: 89. Best value: 3.23087:  63%|██████▎   | 316/500 [33:45<17:21,  5.66s/it]                                                                                      Best trial: 89. Best value: 3.23087:  63%|██████▎   | 316/500 [33:51<17:21,  5.66s/it]Best trial: 89. Best value: 3.23087:  63%|██████▎   | 316/500 [33:51<17:21,  5.66s/it]Best trial: 89. Best value: 3.23087:  63%|██████▎   | 317/500 [33:51<17:54,  5.87s/it]                                                                                      Best trial: 89. Best value: 3.23087:  63%|██████▎   | 317/500 [33:57<17:54,  5.87s/it]Best trial: 89. Best value: 3.23087:  63%|██████▎   | 317/500 [33:57<17:54,  5.87s/it]Best trial: 89. Best value: 3.23087:  64%|██████▎   | 318/500 [33:57<18:06,  5.97s/it]                                                                                      Best trial: 89. Best value: 3.23087:  64%|██████▎   | 318/500 [34:03<18:06,  5.97s/it]Best trial: 89. Best value: 3.23087:  64%|██████▎   | 318/500 [34:03<18:06,  5.97s/it]Best trial: 89. Best value: 3.23087:  64%|██████▍   | 319/500 [34:03<18:20,  6.08s/it]                                                                                      Best trial: 89. Best value: 3.23087:  64%|██████▍   | 319/500 [34:10<18:20,  6.08s/it]Best trial: 89. Best value: 3.23087:  64%|██████▍   | 319/500 [34:10<18:20,  6.08s/it]Best trial: 89. Best value: 3.23087:  64%|██████▍   | 320/500 [34:10<18:23,  6.13s/it]                                                                                      Best trial: 89. Best value: 3.23087:  64%|██████▍   | 320/500 [34:16<18:23,  6.13s/it]Best trial: 89. Best value: 3.23087:  64%|██████▍   | 320/500 [34:16<18:23,  6.13s/it]Best trial: 89. Best value: 3.23087:  64%|██████▍   | 321/500 [34:16<18:22,  6.16s/it]                                                                                      Best trial: 89. Best value: 3.23087:  64%|██████▍   | 321/500 [34:20<18:22,  6.16s/it]Best trial: 89. Best value: 3.23087:  64%|██████▍   | 321/500 [34:20<18:22,  6.16s/it]Best trial: 89. Best value: 3.23087:  64%|██████▍   | 322/500 [34:20<16:45,  5.65s/it]                                                                                      Best trial: 89. Best value: 3.23087:  64%|██████▍   | 322/500 [34:26<16:45,  5.65s/it]Best trial: 89. Best value: 3.23087:  64%|██████▍   | 322/500 [34:27<16:45,  5.65s/it]Best trial: 89. Best value: 3.23087:  65%|██████▍   | 323/500 [34:27<17:10,  5.82s/it]                                                                                      Best trial: 89. Best value: 3.23087:  65%|██████▍   | 323/500 [34:33<17:10,  5.82s/it]Best trial: 89. Best value: 3.23087:  65%|██████▍   | 323/500 [34:33<17:10,  5.82s/it]Best trial: 89. Best value: 3.23087:  65%|██████▍   | 324/500 [34:33<17:35,  6.00s/it]                                                                                      
[I 2026-05-03 13:38:51,181] Trial 313 finished with value: 3.347443477771492 and parameters: {'f_n': 7.860473405751066e-07, 'K_d': 209707.5276188971, 'rho_d': 32896788924985.11, 'fission_rate': 7.839247562933641e+19, 'Dg_D1_scale': 0.3975211548434352, 'Dg_D3_scale': 0.15010629553085822, 'Dv_D1_scale': 0.3101532796913008, 'Dv_D2_scale': 1.63043395930764, 'b_bulk_scale': 0.3343288793787169, 'b_dislocation_scale': 0.3119350868934552, 'gb_scale': 0.05434273525528468, 'gd_bubble_scale': 4.197875974405421, 'gd_line_scale': 0.14378767019731065, 'gd_line_alpha': 0.9471349837266474, 'coalescence_d_scale': 0.6947632854301392, 'capture_scale': 0.02332674909159085}. Best is trial 89 with value: 3.2308694002208087.
[I 2026-05-03 13:38:57,636] Trial 314 finished with value: 3.3368731616028513 and parameters: {'f_n': 6.226120249797677e-07, 'K_d': 219253.32366359953, 'rho_d': 29626527269237.97, 'fission_rate': 7.777728168718518e+19, 'Dg_D1_scale': 0.4273979287682547, 'Dg_D3_scale': 0.161133704846767, 'Dv_D1_scale': 0.3498387743715009, 'Dv_D2_scale': 1.3638664852085098, 'b_bulk_scale': 0.2989897300442562, 'b_dislocation_scale': 0.2908022071602493, 'gb_scale': 0.058410028868186845, 'gd_bubble_scale': 3.8584989571061015, 'gd_line_scale': 0.1041712350926411, 'gd_line_alpha': 0.9676545488640159, 'coalescence_d_scale': 0.6684690522605935, 'capture_scale': 0.02117692542342617}. Best is trial 89 with value: 3.2308694002208087.
[I 2026-05-03 13:39:01,861] Trial 315 finished with value: 3.2718521811992893 and parameters: {'f_n': 1.0534015770247232e-06, 'K_d': 226680.01635421102, 'rho_d': 27979761340019.566, 'fission_rate': 7.995470764694751e+19, 'Dg_D1_scale': 0.37596965401810667, 'Dg_D3_scale': 0.1615301224889277, 'Dv_D1_scale': 0.3016785602057363, 'Dv_D2_scale': 1.288393029148098, 'b_bulk_scale': 0.31324983385403965, 'b_dislocation_scale': 0.3148667472231321, 'gb_scale': 0.06380121456688882, 'gd_bubble_scale': 4.694512539394756, 'gd_line_scale': 0.12787647484240394, 'gd_line_alpha': 0.9976028337443538, 'coalescence_d_scale': 0.7886625674843261, 'capture_scale': 0.022884745123424838}. Best is trial 89 with value: 3.2308694002208087.
[I 2026-05-03 13:39:08,227] Trial 316 finished with value: 3.5912675955262405 and parameters: {'f_n': 1.0399970457358389e-06, 'K_d': 241711.2194470336, 'rho_d': 28296612710069.055, 'fission_rate': 7.909058698630445e+19, 'Dg_D1_scale': 2.7208548429408, 'Dg_D3_scale': 0.16165453008952596, 'Dv_D1_scale': 0.32070727888552203, 'Dv_D2_scale': 1.598422103937827, 'b_bulk_scale': 0.3415617116098192, 'b_dislocation_scale': 0.2899702744209182, 'gb_scale': 0.06405489573898211, 'gd_bubble_scale': 4.515220030053616, 'gd_line_scale': 0.13200765963304287, 'gd_line_alpha': 0.9973298775668265, 'coalescence_d_scale': 0.7665524324198612, 'capture_scale': 0.02355606091052072}. Best is trial 89 with value: 3.2308694002208087.
[I 2026-05-03 13:39:14,412] Trial 317 finished with value: 3.287372003651135 and parameters: {'f_n': 7.774502411255635e-07, 'K_d': 226783.0991816616, 'rho_d': 29757659027014.06, 'fission_rate': 7.985867355342163e+19, 'Dg_D1_scale': 0.4663284952969581, 'Dg_D3_scale': 0.17031570838619703, 'Dv_D1_scale': 0.2957456208785842, 'Dv_D2_scale': 1.3060866296593112, 'b_bulk_scale': 0.3282013701775535, 'b_dislocation_scale': 0.3237180983580037, 'gb_scale': 0.052272318634424456, 'gd_bubble_scale': 4.858045879919653, 'gd_line_scale': 0.08787871708995988, 'gd_line_alpha': 0.9996649122258907, 'coalescence_d_scale': 0.7450978764780782, 'capture_scale': 0.02350623973714256}. Best is trial 89 with value: 3.2308694002208087.
[I 2026-05-03 13:39:20,755] Trial 318 finished with value: 3.2682667885017427 and parameters: {'f_n': 7.605283549451672e-07, 'K_d': 230647.15388793685, 'rho_d': 29966168463784.617, 'fission_rate': 7.887592828257647e+19, 'Dg_D1_scale': 0.42259906366456307, 'Dg_D3_scale': 0.1570020130829451, 'Dv_D1_scale': 0.30243627536377793, 'Dv_D2_scale': 1.745483080230323, 'b_bulk_scale': 0.3237834427793256, 'b_dislocation_scale': 0.331785127913259, 'gb_scale': 0.05017552327797775, 'gd_bubble_scale': 4.807609413265519, 'gd_line_scale': 0.09079852678440342, 'gd_line_alpha': 0.9985028502255627, 'coalescence_d_scale': 0.843640702955249, 'capture_scale': 0.02543134112035473}. Best is trial 89 with value: 3.2308694002208087.
[I 2026-05-03 13:39:27,012] Trial 319 finished with value: 3.3332695237464605 and parameters: {'f_n': 6.867585612726196e-07, 'K_d': 113210.95712192616, 'rho_d': 32450953835130.484, 'fission_rate': 7.985071081835182e+19, 'Dg_D1_scale': 0.4793858360068755, 'Dg_D3_scale': 0.15682130717285878, 'Dv_D1_scale': 0.30013852387332257, 'Dv_D2_scale': 1.8560613433513617, 'b_bulk_scale': 0.31820730783145007, 'b_dislocation_scale': 0.32556961832373466, 'gb_scale': 0.05305474180715328, 'gd_bubble_scale': 4.764382784100742, 'gd_line_scale': 0.08694420364885731, 'gd_line_alpha': 0.9982311690783039, 'coalescence_d_scale': 0.8504505801264566, 'capture_scale': 0.02506476916125542}. Best is trial 89 with value: 3.2308694002208087.
[I 2026-05-03 13:39:33,227] Trial 320 finished with value: 3.3257732081559324 and parameters: {'f_n': 8.147687930974049e-07, 'K_d': 230480.27666305765, 'rho_d': 29782639731175.24, 'fission_rate': 7.931029475388275e+19, 'Dg_D1_scale': 0.42200603771535283, 'Dg_D3_scale': 0.16605604398214782, 'Dv_D1_scale': 0.3020155874840926, 'Dv_D2_scale': 1.3076880029179385, 'b_bulk_scale': 0.34482888113236576, 'b_dislocation_scale': 0.3253589497227261, 'gb_scale': 0.06141699449445377, 'gd_bubble_scale': 4.041042401628476, 'gd_line_scale': 0.06453793418229219, 'gd_line_alpha': 0.9784724261513884, 'coalescence_d_scale': 0.8137316709143608, 'capture_scale': 0.024610451318470856}. Best is trial 89 with value: 3.2308694002208087.
[I 2026-05-03 13:39:37,692] Trial 321 finished with value: 3.5887265408778926 and parameters: {'f_n': 6.082594685900311e-07, 'K_d': 223947.3479865653, 'rho_d': 34517594869073.684, 'fission_rate': 7.802720214950558e+19, 'Dg_D1_scale': 0.45895440512345786, 'Dg_D3_scale': 0.15233307075580682, 'Dv_D1_scale': 0.36426762850655164, 'Dv_D2_scale': 1.7297326561708621, 'b_bulk_scale': 0.3111554027788595, 'b_dislocation_scale': 0.31077496207634253, 'gb_scale': 0.050639904090907274, 'gd_bubble_scale': 4.9263565490546295, 'gd_line_scale': 0.11570429536970155, 'gd_line_alpha': 0.9670079103914903, 'coalescence_d_scale': 0.7359234288727919, 'capture_scale': 1.4139872942920695}. Best is trial 89 with value: 3.2308694002208087.
[I 2026-05-03 13:39:43,914] Trial 322 finished with value: 3.3827034358676604 and parameters: {'f_n': 7.796803238680563e-07, 'K_d': 213991.9595473442, 'rho_d': 30476136907362.695, 'fission_rate': 7.989095760065421e+19, 'Dg_D1_scale': 0.44850893901137, 'Dg_D3_scale': 0.16860550134238095, 'Dv_D1_scale': 0.3192464424088598, 'Dv_D2_scale': 1.487721434636962, 'b_bulk_scale': 0.30334441418152674, 'b_dislocation_scale': 0.28312280422595193, 'gb_scale': 0.07153132471606213, 'gd_bubble_scale': 3.399361796921116, 'gd_line_scale': 0.09023397885218075, 'gd_line_alpha': 0.98242078127132, 'coalescence_d_scale': 0.6870780356437088, 'capture_scale': 0.0207872453660485}. Best is trial 89 with value: 3.2308694002208087.
[I 2026-05-03 13:39:50,324] Trial 323 finished with value: 3.3678973098528457 and parameters: {'f_n': 9.887360984553986e-07, 'K_d': 242440.6976961348, 'rho_d': 32389502988071.4, 'fission_rate': 7.873837428823476e+19, 'Dg_D1_scale': 0.3955948923198916, 'Dg_D3_scale': 0.15085585342935467, 'Dv_D1_scale': 0.29758596762490774, 'Dv_D2_scale': 1.3876642162318806, 'b_bulk_scale': 0.3519704966400918, 'b_dislocation_scale': 0.3252629833263986, 'gb_scale': 0.056224329797721996, 'gd_bubble_scale': 5.585689920004437, 'gd_line_scale': 0.12724306176817404, 'gd_line_alpha': 0.9991095833922158, 'coalescence_d_scale': 0.8100051000788159, 'capture_scale': 0.022520786547348473}. Best is trial 89 with value: 3.2308694002208087.
[I 2026-05-03 13:39:56,854] Trial 324 finished with value: 3.282030190365112 and parameters: {'f_n': 8.363677461996172e-07, 'K_d': 227666.9530007122, 'rho_d': 29730472720540.957, 'fission_rate': 7.725292909087369e+19, 'Dg_D1_scale': 0.41517822108168423, 'Dg_D3_scale': 0.16989287448780394, 'Dv_D1_scale': 0.3205391792479886, 'Dv_D2_scale': 1.1328023935695102, 'b_bulk_scale': 0.2918098718158566, 'b_dislocation_scale': 0.2756345254863301, 'gb_scale': 0.06887083996904429, 'gd_bubble_scale': 4.464242995900551, 'gd_line_scale': 0.10236797178161433, 'gd_line_alpha': 0.9583801086518857, 'coalescence_d_scale': 0.7305531582841448, 'capture_scale': 0.025812661452500156}. Best is trial 89 with value: 3.2308694002208087.Best trial: 89. Best value: 3.23087:  65%|██████▍   | 324/500 [34:39<17:35,  6.00s/it]Best trial: 89. Best value: 3.23087:  65%|██████▍   | 324/500 [34:39<17:35,  6.00s/it]Best trial: 89. Best value: 3.23087:  65%|██████▌   | 325/500 [34:39<17:57,  6.16s/it]                                                                                      Best trial: 89. Best value: 3.23087:  65%|██████▌   | 325/500 [34:45<17:57,  6.16s/it]Best trial: 89. Best value: 3.23087:  65%|██████▌   | 325/500 [34:45<17:57,  6.16s/it]Best trial: 89. Best value: 3.23087:  65%|██████▌   | 326/500 [34:45<17:34,  6.06s/it]                                                                                      Best trial: 89. Best value: 3.23087:  65%|██████▌   | 326/500 [34:50<17:34,  6.06s/it]Best trial: 89. Best value: 3.23087:  65%|██████▌   | 326/500 [34:50<17:34,  6.06s/it]Best trial: 89. Best value: 3.23087:  65%|██████▌   | 327/500 [34:50<16:06,  5.59s/it]                                                                                      Best trial: 89. Best value: 3.23087:  65%|██████▌   | 327/500 [34:56<16:06,  5.59s/it]Best trial: 89. Best value: 3.23087:  65%|██████▌   | 327/500 [34:56<16:06,  5.59s/it]Best trial: 89. Best value: 3.23087:  66%|██████▌   | 328/500 [34:56<16:45,  5.85s/it]                                                                                      Best trial: 89. Best value: 3.23087:  66%|██████▌   | 328/500 [35:02<16:45,  5.85s/it]Best trial: 89. Best value: 3.23087:  66%|██████▌   | 328/500 [35:02<16:45,  5.85s/it]Best trial: 89. Best value: 3.23087:  66%|██████▌   | 329/500 [35:02<16:23,  5.75s/it]                                                                                      Best trial: 89. Best value: 3.23087:  66%|██████▌   | 329/500 [35:08<16:23,  5.75s/it]Best trial: 89. Best value: 3.23087:  66%|██████▌   | 329/500 [35:08<16:23,  5.75s/it]Best trial: 89. Best value: 3.23087:  66%|██████▌   | 330/500 [35:08<16:49,  5.94s/it]                                                                                      Best trial: 89. Best value: 3.23087:  66%|██████▌   | 330/500 [35:14<16:49,  5.94s/it]Best trial: 89. Best value: 3.23087:  66%|██████▌   | 330/500 [35:15<16:49,  5.94s/it]Best trial: 89. Best value: 3.23087:  66%|██████▌   | 331/500 [35:15<17:04,  6.06s/it]                                                                                      Best trial: 89. Best value: 3.23087:  66%|██████▌   | 331/500 [35:19<17:04,  6.06s/it]Best trial: 89. Best value: 3.23087:  66%|██████▌   | 331/500 [35:19<17:04,  6.06s/it]Best trial: 89. Best value: 3.23087:  66%|██████▋   | 332/500 [35:19<15:38,  5.59s/it]                                                                                      Best trial: 89. Best value: 3.23087:  66%|██████▋   | 332/500 [35:25<15:38,  5.59s/it]Best trial: 89. Best value: 3.23087:  66%|██████▋   | 332/500 [35:25<15:38,  5.59s/it]Best trial: 89. Best value: 3.23087:  67%|██████▋   | 333/500 [35:25<16:10,  5.81s/it]                                                                                      Best trial: 89. Best value: 3.23087:  67%|██████▋   | 333/500 [35:32<16:10,  5.81s/it]Best trial: 89. Best value: 3.23087:  67%|██████▋   | 333/500 [35:32<16:10,  5.81s/it]Best trial: 89. Best value: 3.23087:  67%|██████▋   | 334/500 [35:32<16:32,  5.98s/it]                                                                                      Best trial: 89. Best value: 3.23087:  67%|██████▋   | 334/500 [35:38<16:32,  5.98s/it]Best trial: 89. Best value: 3.23087:  67%|██████▋   | 334/500 [35:38<16:32,  5.98s/it]Best trial: 89. Best value: 3.23087:  67%|██████▋   | 335/500 [35:38<17:03,  6.21s/it]                                                                                      Best trial: 89. Best value: 3.23087:  67%|██████▋   | 335/500 [35:45<17:03,  6.21s/it]Best trial: 89. Best value: 3.23087:  67%|██████▋   | 335/500 [35:45<17:03,  6.21s/it]Best trial: 89. Best value: 3.23087:  67%|██████▋   | 336/500 [35:45<17:11,  6.29s/it]                                                                                      
[I 2026-05-03 13:40:02,682] Trial 325 finished with value: 3.771634886016539 and parameters: {'f_n': 7.14571347877825e-07, 'K_d': 225966.33527048738, 'rho_d': 27341641446182.83, 'fission_rate': 7.753293866441171e+19, 'Dg_D1_scale': 0.42139449205183854, 'Dg_D3_scale': 0.1637030435907598, 'Dv_D1_scale': 0.32316159573910935, 'Dv_D2_scale': 1.187207628506265, 'b_bulk_scale': 0.06407879457825603, 'b_dislocation_scale': 0.3008595930856964, 'gb_scale': 0.06674914910775055, 'gd_bubble_scale': 4.440148101701567, 'gd_line_scale': 0.1002820272685254, 'gd_line_alpha': 0.9589762019520809, 'coalescence_d_scale': 0.7286871453489385, 'capture_scale': 0.020854573515345927}. Best is trial 89 with value: 3.2308694002208087.
[I 2026-05-03 13:40:07,170] Trial 326 finished with value: 3.313040188651083 and parameters: {'f_n': 1.059112804516059e-06, 'K_d': 235864.43487433027, 'rho_d': 29895094637379.1, 'fission_rate': 7.848252806911826e+19, 'Dg_D1_scale': 0.4613916512078684, 'Dg_D3_scale': 0.17171250789030584, 'Dv_D1_scale': 0.3010812584542655, 'Dv_D2_scale': 1.0857535738173034, 'b_bulk_scale': 0.3232607800287863, 'b_dislocation_scale': 0.273745362780535, 'gb_scale': 0.06178236416175249, 'gd_bubble_scale': 3.9907833939987416, 'gd_line_scale': 0.07917849025493887, 'gd_line_alpha': 0.9324797263944681, 'coalescence_d_scale': 0.6517020811420852, 'capture_scale': 0.026324018415748947}. Best is trial 89 with value: 3.2308694002208087.
[I 2026-05-03 13:40:13,625] Trial 327 finished with value: 3.365501660893246 and parameters: {'f_n': 1.0718841075943161e-06, 'K_d': 234808.01807155737, 'rho_d': 29880809829061.766, 'fission_rate': 7.878859897833606e+19, 'Dg_D1_scale': 0.4658332633925147, 'Dg_D3_scale': 0.17075902944095367, 'Dv_D1_scale': 0.3992143074303167, 'Dv_D2_scale': 1.1102464447082296, 'b_bulk_scale': 0.3291363552407008, 'b_dislocation_scale': 0.27536416027430605, 'gb_scale': 0.05931940424656834, 'gd_bubble_scale': 3.8302542228492995, 'gd_line_scale': 0.07895683797367657, 'gd_line_alpha': 0.9389131447104455, 'coalescence_d_scale': 0.6519454047326128, 'capture_scale': 0.025551232344207756}. Best is trial 89 with value: 3.2308694002208087.
[I 2026-05-03 13:40:19,144] Trial 328 finished with value: 5.116820280178665 and parameters: {'f_n': 5.990502585281064e-07, 'K_d': 213581.26969275688, 'rho_d': 31595418669542.92, 'fission_rate': 7.806022885117213e+19, 'Dg_D1_scale': 0.4496063515245674, 'Dg_D3_scale': 0.15942417449707502, 'Dv_D1_scale': 0.3358774780517281, 'Dv_D2_scale': 1.2039185500676848, 'b_bulk_scale': 0.2955209159094293, 'b_dislocation_scale': 0.3375192239043919, 'gb_scale': 7.451671290604785, 'gd_bubble_scale': 4.289147372482518, 'gd_line_scale': 0.09448463349721167, 'gd_line_alpha': 0.9538279480500493, 'coalescence_d_scale': 0.8604260248561424, 'capture_scale': 0.026526059022157166}. Best is trial 89 with value: 3.2308694002208087.
[I 2026-05-03 13:40:25,524] Trial 329 finished with value: 3.2560079497773238 and parameters: {'f_n': 9.147299390335047e-07, 'K_d': 221834.58411719202, 'rho_d': 28239346893967.13, 'fission_rate': 7.69958392067791e+19, 'Dg_D1_scale': 0.41485748786140914, 'Dg_D3_scale': 0.17062741392945774, 'Dv_D1_scale': 0.34585078049901935, 'Dv_D2_scale': 1.273072137191809, 'b_bulk_scale': 0.34896852498533015, 'b_dislocation_scale': 0.3040083880532001, 'gb_scale': 0.07043185950487997, 'gd_bubble_scale': 5.047598388422886, 'gd_line_scale': 0.10966610963075787, 'gd_line_alpha': 0.9640632141300524, 'coalescence_d_scale': 0.9445324533810617, 'capture_scale': 0.024863157533310223}. Best is trial 89 with value: 3.2308694002208087.
[I 2026-05-03 13:40:31,867] Trial 330 finished with value: 3.2767602890119716 and parameters: {'f_n': 1.0914587171526905e-06, 'K_d': 240327.04517590435, 'rho_d': 27922961077060.184, 'fission_rate': 7.701991789953325e+19, 'Dg_D1_scale': 0.419073162689974, 'Dg_D3_scale': 0.1708744226132919, 'Dv_D1_scale': 0.35046969410757645, 'Dv_D2_scale': 1.2657326861224119, 'b_bulk_scale': 0.3023028548471811, 'b_dislocation_scale': 0.31847567177756114, 'gb_scale': 0.07033796721172764, 'gd_bubble_scale': 5.014009117238207, 'gd_line_scale': 0.1122890027687142, 'gd_line_alpha': 0.9338272542188962, 'coalescence_d_scale': 0.7840089397349849, 'capture_scale': 0.026256564233051637}. Best is trial 89 with value: 3.2308694002208087.
