[I 2026-05-03 14:00:24,903] Trial 499 finished with value: 2.872419093415349 and parameters: {'f_n': 2.0906871860225404e-08, 'K_d': 526676.1581666988, 'rho_d': 15987346531795.467, 'fission_rate': 5.2074096719763464e+19, 'Dg_D1_scale': 1.1761169794205235, 'Dg_D3_scale': 0.6016264835366849, 'Dv_D1_scale': 0.4450449774991196, 'Dv_D2_scale': 3.589253573890329, 'b_bulk_scale': 0.6638941406980573, 'b_dislocation_scale': 0.8396641243899577, 'gb_scale': 0.14685259171834014, 'gd_bubble_scale': 4.039129271598598, 'gd_line_scale': 0.07903188258917887, 'gd_line_alpha': 0.7815204712280783, 'coalescence_d_scale': 8.390823279817537, 'capture_scale': 0.25731799751376694}. Best is trial 492 with value: 2.781113291633896.
Fast trials written to: UN_M7_optuna_v10_rhoFT_burnup_results/capture_only/rhoFT_scaled_clipT_s1_swd1.15_rd0.9_nd0.85_drop0.8_p0.3_part0.4_fig60.45_R700/optuna_fast_trials_capture_only.csv
--------------------------------------------------------------------------------------------------------------------------------------------------------------------------
rank |     score |                        label |       f_n |       K_d |     rho_d |      Fdot |    Dv |    Dg |     b |    gb |    gd |  coal |   cap |  swD1600 |   Rd1600 |   NdDrop
--------------------------------------------------------------------------------------------------------------------------------------------------------------------------
   1 |     2.781 |  capture_only_v6_trial_00492 |   1.1e-08 |   5.5e+05 |   1.6e+13 |   5.1e+19 |     1 |     1 |     1 |  0.13 |     1 |   7.5 |  0.25 |     1.74 |     86.3 |   -0.579
   2 |     2.805 |  capture_only_v6_trial_00489 |   1.3e-08 |   5.2e+05 |   1.7e+13 |   5.4e+19 |     1 |     1 |     1 |  0.13 |     1 |   7.5 |  0.24 |     1.68 |     85.6 |   -0.565
   3 |     2.815 |  capture_only_v6_trial_00469 |   2.7e-08 |   5.0e+05 |   2.0e+13 |   5.3e+19 |     1 |     1 |     1 |  0.12 |     1 |     6 |  0.13 |     1.68 |     78.6 |   -0.465
   4 |     2.817 |  capture_only_v6_trial_00463 |   2.7e-08 |   4.5e+05 |   2.1e+13 |   5.7e+19 |     1 |     1 |     1 |  0.11 |     1 |   4.7 | 0.082 |     2.26 |     90.1 |   -0.475
   5 |     2.829 |  capture_only_v6_trial_00464 |   4.3e-08 |   4.3e+05 |   2.1e+13 |   5.7e+19 |     1 |     1 |     1 |  0.12 |     1 |   4.8 |  0.11 |     2.06 |     87.3 |   -0.459
   6 |     2.853 |  capture_only_v6_trial_00478 |   1.7e-08 |   4.6e+05 |   1.8e+13 |   5.3e+19 |     1 |     1 |     1 |  0.12 |     1 |   6.2 |  0.16 |      1.6 |     82.7 |   -0.462
   7 |     2.863 |  capture_only_v6_trial_00468 |   2.2e-08 |   4.4e+05 |   1.9e+13 |   5.3e+19 |     1 |     1 |     1 |  0.12 |     1 |   5.5 |  0.13 |     2.11 |     91.3 |   -0.517
   8 |     2.863 |  capture_only_v6_trial_00491 |   1.2e-08 |   5.0e+05 |   1.6e+13 |   5.1e+19 |     1 |     1 |     1 |  0.13 |     1 |   7.5 |  0.29 |     1.64 |     86.5 |   -0.557
   9 |     2.868 |  capture_only_v6_trial_00490 |   1.2e-08 |   5.0e+05 |   1.7e+13 |   5.4e+19 |     1 |     1 |     1 |  0.13 |     1 |   7.6 |  0.23 |     1.63 |     85.7 |   -0.559
  10 |     2.872 |  capture_only_v6_trial_00499 |   2.1e-08 |   5.3e+05 |   1.6e+13 |   5.2e+19 |     1 |     1 |     1 |  0.15 |     1 |   8.4 |  0.26 |     1.69 |     88.5 |   -0.627
  11 |     2.874 |  capture_only_v6_trial_00466 |   3.1e-08 |   4.3e+05 |   2.1e+13 |   5.4e+19 |     1 |     1 |     1 |  0.12 |     1 |   5.8 |  0.13 |     2.16 |     92.5 |   -0.552
  12 |      2.88 |  capture_only_v6_trial_00473 |   2.1e-08 |   4.5e+05 |   1.9e+13 |   5.3e+19 |     1 |     1 |     1 |  0.13 |     1 |   6.4 |  0.14 |     1.55 |     80.4 |    -0.46
  13 |     2.881 |  capture_only_v6_trial_00477 |   1.8e-08 |   4.5e+05 |   1.8e+13 |   5.3e+19 |     1 |     1 |     1 |  0.12 |     1 |     6 |  0.14 |     1.58 |     81.9 |   -0.446
  14 |     2.881 |  capture_only_v6_trial_00475 |   1.8e-08 |   4.6e+05 |   1.9e+13 |   5.3e+19 |     1 |     1 |     1 |  0.13 |     1 |   6.3 |  0.14 |     1.55 |     80.3 |   -0.454
  15 |     2.882 |  capture_only_v6_trial_00493 |   1.2e-08 |   5.0e+05 |   1.6e+13 |   5.1e+19 |     1 |     1 |     1 |  0.13 |     1 |   7.7 |  0.26 |     1.73 |     88.8 |   -0.593
--------------------------------------------------------------------------------------------------------------------------------------------------------------------------
Final rows written to: UN_M7_optuna_v10_rhoFT_burnup_results/capture_only/rhoFT_scaled_clipT_s1_swd1.15_rd0.9_nd0.85_drop0.8_p0.3_part0.4_fig60.45_R700/optuna_final_top_capture_only.csv
--------------------------------------------------------------------------------------------------------------------------------------------------------------------------
rank |     score |                        label |       f_n |       K_d |     rho_d |      Fdot |    Dv |    Dg |     b |    gb |    gd |  coal |   cap |  swD1600 |   Rd1600 |   NdDrop
--------------------------------------------------------------------------------------------------------------------------------------------------------------------------
   1 |     3.019 | FINAL_rank4_capture_only_capture_only_v6_trial_00463 |   2.7e-08 |   4.5e+05 |   2.1e+13 |   5.7e+19 |     1 |     1 |     1 |  0.11 |     1 |   4.7 | 0.082 |     1.68 |     78.6 |   -0.386
   2 |     3.074 | FINAL_rank5_capture_only_capture_only_v6_trial_00464 |   4.3e-08 |   4.3e+05 |   2.1e+13 |   5.7e+19 |     1 |     1 |     1 |  0.12 |     1 |   4.8 |  0.11 |     1.58 |     77.5 |    -0.38
   3 |      3.24 | FINAL_rank1_capture_only_capture_only_v6_trial_00492 |   1.1e-08 |   5.5e+05 |   1.6e+13 |   5.1e+19 |     1 |     1 |     1 |  0.13 |     1 |   7.5 |  0.25 |     1.22 |     72.6 |   -0.458
   4 |     3.278 | FINAL_rank2_capture_only_capture_only_v6_trial_00489 |   1.3e-08 |   5.2e+05 |   1.7e+13 |   5.4e+19 |     1 |     1 |     1 |  0.13 |     1 |   7.5 |  0.24 |     1.17 |     71.9 |   -0.444
   5 |      3.32 | FINAL_rank3_capture_only_capture_only_v6_trial_00469 |   2.7e-08 |   5.0e+05 |   2.0e+13 |   5.3e+19 |     1 |     1 |     1 |  0.12 |     1 |     6 |  0.13 |     1.15 |     66.4 |   -0.355
--------------------------------------------------------------------------------------------------------------------------------------------------------------------------
Summary written to: UN_M7_optuna_v10_rhoFT_burnup_results/capture_only/rhoFT_scaled_clipT_s1_swd1.15_rd0.9_nd0.85_drop0.8_p0.3_part0.4_fig60.45_R700/optuna_summary_capture_only.md
[I 2026-05-03 14:13:29,081] Using an existing study with name 'UN_M7_capture_only' instead of creating a new one.
[I 2026-05-03 14:13:31,693] Trial with params {'f_n': 4.7e-08, 'K_d': 575000.0, 'rho_d': 30400000000000.0, 'fission_rate': 4.76e+19, 'Dv_scale': 0.591, 'Dg_scale': 0.552, 'D2_xe_scale': 1.0, 'b_scale': 0.233, 'gb_scale': 1.588, 'gd_scale': 0.328, 'coalescence_d_scale': 8.15, 'capture_scale': 2.97} already exists. Skipping enqueue.
[I 2026-05-03 14:13:31,696] Trial with params {'f_n': 1e-08, 'K_d': 800000.0, 'rho_d': 10000000000000.0, 'fission_rate': 7.5e+19, 'Dv_scale': 3.0, 'Dg_scale': 0.5, 'D2_xe_scale': 1.0, 'b_scale': 0.3, 'gb_scale': 1.0, 'gd_scale': 1.0, 'coalescence_d_scale': 1.0, 'capture_scale': 0.3} already exists. Skipping enqueue.
[I 2026-05-03 14:13:31,698] Trial with params {'f_n': 1e-06, 'K_d': 500000.0, 'rho_d': 30000000000000.0, 'fission_rate': 5e+19, 'Dv_scale': 1.0, 'Dg_scale': 1.0, 'D2_xe_scale': 1.0, 'b_scale': 1.0, 'gb_scale': 1.0, 'gd_scale': 1.0, 'coalescence_d_scale': 1.0, 'capture_scale': 1.0} already exists. Skipping enqueue.
[I 2026-05-03 14:13:31,701] Trial with params {'f_n': 1.3333e-08, 'K_d': 714300.0, 'rho_d': 46135000000000.0, 'fission_rate': 4.9558e+19, 'Dv_scale': 0.05, 'Dg_scale': 2.012, 'D2_xe_scale': 1.0, 'b_scale': 1.181, 'gb_scale': 0.8994, 'gd_scale': 3.641, 'coalescence_d_scale': 10.99, 'capture_scale': 3.247} already exists. Skipping enqueue.
[I 2026-05-03 14:13:31,703] Trial with params {'f_n': 2.5466e-07, 'K_d': 648460.0, 'rho_d': 35350000000000.0, 'fission_rate': 7.4799e+19, 'Dv_scale': 1.0, 'Dg_scale': 0.5333, 'D2_xe_scale': 1.0, 'b_scale': 3.066, 'gb_scale': 0.4625, 'gd_scale': 4.507, 'coalescence_d_scale': 6.997, 'capture_scale': 0.1401} already exists. Skipping enqueue.
[I 2026-05-03 14:13:31,707] Trial with params {'f_n': 1.9043e-07, 'K_d': 633680.0, 'rho_d': 48099000000000.0, 'fission_rate': 6.8347e+19, 'Dv_scale': 1.0, 'Dg_scale': 0.3921, 'D2_xe_scale': 1.0, 'b_scale': 3.704, 'gb_scale': 0.3881, 'gd_scale': 3.375, 'coalescence_d_scale': 7.005, 'capture_scale': 0.0608} already exists. Skipping enqueue.
[I 2026-05-03 14:13:31,711] Trial with params {'f_n': 1.3237e-08, 'K_d': 558920.0, 'rho_d': 24815000000000.0, 'fission_rate': 7.6621e+19, 'Dv_scale': 0.5, 'Dg_scale': 1.307, 'D2_xe_scale': 1.0, 'b_scale': 1.296, 'gb_scale': 0.4151, 'gd_scale': 1.963, 'coalescence_d_scale': 9.772, 'capture_scale': 0.1557} already exists. Skipping enqueue.
[I 2026-05-03 14:13:31,714] Trial with params {'f_n': 2.940436e-07, 'K_d': 1033314.0, 'rho_d': 12059490000000.0, 'fission_rate': 6.730293e+19, 'Dv_scale': 0.227099, 'Dg_scale': 2.163517, 'D2_xe_scale': 0.112489, 'b_scale': 0.09929, 'gb_scale': 1.445601, 'gd_scale': 4.396731, 'coalescence_d_scale': 3.880728, 'capture_scale': 0.024136} already exists. Skipping enqueue.
[I 2026-05-03 14:13:31,718] Trial with params {'f_n': 5.96478e-07, 'K_d': 1198283.0, 'rho_d': 9976134000000.0, 'fission_rate': 6.685431e+19, 'Dv_scale': 0.239374, 'Dg_scale': 2.580361, 'D2_xe_scale': 0.119911, 'b_scale': 0.115218, 'gb_scale': 1.009685, 'gd_scale': 4.737461, 'coalescence_d_scale': 2.916475, 'capture_scale': 0.027787} already exists. Skipping enqueue.
[I 2026-05-03 14:13:31,723] Trial with params {'f_n': 7.392651e-07, 'K_d': 1166892.0, 'rho_d': 11803530000000.0, 'fission_rate': 6.574543e+19, 'Dv_scale': 0.221547, 'Dg_scale': 2.170761, 'D2_xe_scale': 0.149876, 'b_scale': 0.126114, 'gb_scale': 1.30495, 'gd_scale': 5.541092, 'coalescence_d_scale': 2.726375, 'capture_scale': 0.023283} already exists. Skipping enqueue.
########################################################################################################################
V10 rhoFT + Fig6 dislocation-burnup settings
family                         = capture_only
rhoFT enabled/strength/clip     = True / 1.0 / True
direct exp weights              = sw 1.15, Rd 0.9, Nd 0.85, Nd-drop 0.8
partition/qgb/bulk weights      = 0.4 / 0.35 / 0.1
pressure/highT pressure         = 0.3 / 0.3, free factor 3.0
Nd-shape/radius guard           = 0.7 / 1.1
Fig6 dislocation burnup anchors = [(1.1, 2.6), (3.2, 3.85), (6.0, 5.2)], weight 0.45
output dir                      = UN_M7_optuna_v10_rhoFT_burnup_results/capture_only/rhoFT_scaled_clipT_s1_swd1.15_rd0.9_nd0.85_drop0.8_p0.3_part0.4_fig60.45_R700
########################################################################################################################
########################################################################################################################
OPTUNA CALIBRATION: capture_only
########################################################################################################################
Output dir        = UN_M7_optuna_v10_rhoFT_burnup_results/capture_only/rhoFT_scaled_clipT_s1_swd1.15_rd0.9_nd0.85_drop0.8_p0.3_part0.4_fig60.45_R700
Trials requested  = 0
FAST dt/modes     = 12 h / 22
FINAL dt/modes    = 1 h / 40
Pressure weight   = 0.3; free factor = 3
D2 Xe             = included, with D2_xe_scale
Coalescence       = active, scale never zero
Family switches   = phi_gas:False, nuc_mass:False, capture:True
########################################################################################################################
Fast trials written to: UN_M7_optuna_v10_rhoFT_burnup_results/capture_only/rhoFT_scaled_clipT_s1_swd1.15_rd0.9_nd0.85_drop0.8_p0.3_part0.4_fig60.45_R700/optuna_fast_trials_capture_only.csv
--------------------------------------------------------------------------------------------------------------------------------------------------------------------------
rank |     score |                        label |       f_n |       K_d |     rho_d |      Fdot |    Dv |    Dg |     b |    gb |    gd |  coal |   cap |  swD1600 |   Rd1600 |   NdDrop
--------------------------------------------------------------------------------------------------------------------------------------------------------------------------
   1 |     2.781 |  capture_only_v6_trial_00492 |   1.1e-08 |   5.5e+05 |   1.6e+13 |   5.1e+19 |     1 |     1 |     1 |  0.13 |     1 |   7.5 |  0.25 |     1.74 |     86.3 |   -0.579
   2 |     2.805 |  capture_only_v6_trial_00489 |   1.3e-08 |   5.2e+05 |   1.7e+13 |   5.4e+19 |     1 |     1 |     1 |  0.13 |     1 |   7.5 |  0.24 |     1.68 |     85.6 |   -0.565
   3 |     2.815 |  capture_only_v6_trial_00469 |   2.7e-08 |   5.0e+05 |   2.0e+13 |   5.3e+19 |     1 |     1 |     1 |  0.12 |     1 |     6 |  0.13 |     1.68 |     78.6 |   -0.465
   4 |     2.817 |  capture_only_v6_trial_00463 |   2.7e-08 |   4.5e+05 |   2.1e+13 |   5.7e+19 |     1 |     1 |     1 |  0.11 |     1 |   4.7 | 0.082 |     2.26 |     90.1 |   -0.475
   5 |     2.829 |  capture_only_v6_trial_00464 |   4.3e-08 |   4.3e+05 |   2.1e+13 |   5.7e+19 |     1 |     1 |     1 |  0.12 |     1 |   4.8 |  0.11 |     2.06 |     87.3 |   -0.459
   6 |     2.853 |  capture_only_v6_trial_00478 |   1.7e-08 |   4.6e+05 |   1.8e+13 |   5.3e+19 |     1 |     1 |     1 |  0.12 |     1 |   6.2 |  0.16 |      1.6 |     82.7 |   -0.462
   7 |     2.863 |  capture_only_v6_trial_00468 |   2.2e-08 |   4.4e+05 |   1.9e+13 |   5.3e+19 |     1 |     1 |     1 |  0.12 |     1 |   5.5 |  0.13 |     2.11 |     91.3 |   -0.517
   8 |     2.863 |  capture_only_v6_trial_00491 |   1.2e-08 |   5.0e+05 |   1.6e+13 |   5.1e+19 |     1 |     1 |     1 |  0.13 |     1 |   7.5 |  0.29 |     1.64 |     86.5 |   -0.557
   9 |     2.868 |  capture_only_v6_trial_00490 |   1.2e-08 |   5.0e+05 |   1.7e+13 |   5.4e+19 |     1 |     1 |     1 |  0.13 |     1 |   7.6 |  0.23 |     1.63 |     85.7 |   -0.559
  10 |     2.872 |  capture_only_v6_trial_00499 |   2.1e-08 |   5.3e+05 |   1.6e+13 |   5.2e+19 |     1 |     1 |     1 |  0.15 |     1 |   8.4 |  0.26 |     1.69 |     88.5 |   -0.627
  11 |     2.874 |  capture_only_v6_trial_00466 |   3.1e-08 |   4.3e+05 |   2.1e+13 |   5.4e+19 |     1 |     1 |     1 |  0.12 |     1 |   5.8 |  0.13 |     2.16 |     92.5 |   -0.552
  12 |      2.88 |  capture_only_v6_trial_00473 |   2.1e-08 |   4.5e+05 |   1.9e+13 |   5.3e+19 |     1 |     1 |     1 |  0.13 |     1 |   6.4 |  0.14 |     1.55 |     80.4 |    -0.46
  13 |     2.881 |  capture_only_v6_trial_00477 |   1.8e-08 |   4.5e+05 |   1.8e+13 |   5.3e+19 |     1 |     1 |     1 |  0.12 |     1 |     6 |  0.14 |     1.58 |     81.9 |   -0.446
  14 |     2.881 |  capture_only_v6_trial_00475 |   1.8e-08 |   4.6e+05 |   1.9e+13 |   5.3e+19 |     1 |     1 |     1 |  0.13 |     1 |   6.3 |  0.14 |     1.55 |     80.3 |   -0.454
  15 |     2.882 |  capture_only_v6_trial_00493 |   1.2e-08 |   5.0e+05 |   1.6e+13 |   5.1e+19 |     1 |     1 |     1 |  0.13 |     1 |   7.7 |  0.26 |     1.73 |     88.8 |   -0.593
--------------------------------------------------------------------------------------------------------------------------------------------------------------------------
Final rows written to: UN_M7_optuna_v10_rhoFT_burnup_results/capture_only/rhoFT_scaled_clipT_s1_swd1.15_rd0.9_nd0.85_drop0.8_p0.3_part0.4_fig60.45_R700/optuna_final_top_capture_only.csv
--------------------------------------------------------------------------------------------------------------------------------------------------------------------------
rank |     score |                        label |       f_n |       K_d |     rho_d |      Fdot |    Dv |    Dg |     b |    gb |    gd |  coal |   cap |  swD1600 |   Rd1600 |   NdDrop
--------------------------------------------------------------------------------------------------------------------------------------------------------------------------
   1 |     3.019 | FINAL_rank4_capture_only_capture_only_v6_trial_00463 |   2.7e-08 |   4.5e+05 |   2.1e+13 |   5.7e+19 |     1 |     1 |     1 |  0.11 |     1 |   4.7 | 0.082 |     1.68 |     78.6 |   -0.386
   2 |     3.074 | FINAL_rank5_capture_only_capture_only_v6_trial_00464 |   4.3e-08 |   4.3e+05 |   2.1e+13 |   5.7e+19 |     1 |     1 |     1 |  0.12 |     1 |   4.8 |  0.11 |     1.58 |     77.5 |    -0.38
   3 |      3.24 | FINAL_rank1_capture_only_capture_only_v6_trial_00492 |   1.1e-08 |   5.5e+05 |   1.6e+13 |   5.1e+19 |     1 |     1 |     1 |  0.13 |     1 |   7.5 |  0.25 |     1.22 |     72.6 |   -0.458
   4 |     3.278 | FINAL_rank2_capture_only_capture_only_v6_trial_00489 |   1.3e-08 |   5.2e+05 |   1.7e+13 |   5.4e+19 |     1 |     1 |     1 |  0.13 |     1 |   7.5 |  0.24 |     1.17 |     71.9 |   -0.444
   5 |      3.32 | FINAL_rank3_capture_only_capture_only_v6_trial_00469 |   2.7e-08 |   5.0e+05 |   2.0e+13 |   5.3e+19 |     1 |     1 |     1 |  0.12 |     1 |     6 |  0.13 |     1.15 |     66.4 |   -0.355
--------------------------------------------------------------------------------------------------------------------------------------------------------------------------

============================================================================================================================================
CAPTURE CHECK: best_capture_only_rank1_FINAL_rank4_capture_only_capture_only_v6_trial_00463, T=1600.0, burnup=3.2
============================================================================================================================================
f_cap_step is the physical clipped per-step fraction and must be <= 1.
capture_fraction_sum can exceed 1 because it is a diagnostic sum, not a physical fraction.
--------------------------------------------------------------------------------------------------------------------------------------------
final f_cap_step       = 2.033800e-08
max f_cap_step         = 1.978678e-06
final cap_raw_step     = 2.033800e-08
capture_fraction_sum   = 6.818051e-03
capture_raw_sum        = 6.818051e-03
captured bubbles cum.  = 4.857447e+19 m^-3
============================================================================================================================================

============================================================================================================================================
DIAGNOSTICS FOR best_capture_only_rank1
============================================================================================================================================
{'label': 'best_capture_only_rank1_FINAL_rank4_capture_only_capture_only_v6_trial_00463', 'f_n': 2.7056473330791207e-08, 'K_d': 448406.49835860654, 'rho_d': 20693470511844.098, 'fission_rate': 5.717012851764255e+19, 'Dv_scale': 1.0, 'Dg_scale': 1.0, 'b_scale': 1.0, 'gb_scale': 0.10793608927535132, 'gd_scale': 1.0, 'coalescence_d_scale': 4.692245124484058, 'capture_scale': 0.082490253661229, 'D2_xe_scale': 1.0, 'Dg_D1_scale': 0.9723063418140699, 'Dg_D3_scale': 0.8763022009140184, 'Dv_D1_scale': 0.5043360297708068, 'Dv_D2_scale': 3.3322478671521765, 'b_bulk_scale': 0.775387609644225, 'b_dislocation_scale': 0.7070805323009491, 'gd_bubble_scale': 3.580596021233557, 'gd_line_scale': 0.05522054370865419, 'gd_line_alpha': 0.7909172419687903, 'family': 'capture_only'}
============================================================================================================================================

============================================================================================================================================
CAPTURE CHECK: best_capture_only_rank2_FINAL_rank5_capture_only_capture_only_v6_trial_00464, T=1600.0, burnup=3.2
============================================================================================================================================
f_cap_step is the physical clipped per-step fraction and must be <= 1.
capture_fraction_sum can exceed 1 because it is a diagnostic sum, not a physical fraction.
--------------------------------------------------------------------------------------------------------------------------------------------
final f_cap_step       = 5.103172e-07
max f_cap_step         = 2.639086e-06
final cap_raw_step     = 5.103172e-07
capture_fraction_sum   = 8.685975e-03
capture_raw_sum        = 8.685975e-03
captured bubbles cum.  = 8.813941e+19 m^-3
============================================================================================================================================

============================================================================================================================================
DIAGNOSTICS FOR best_capture_only_rank2
============================================================================================================================================
{'label': 'best_capture_only_rank2_FINAL_rank5_capture_only_capture_only_v6_trial_00464', 'f_n': 4.339684905844271e-08, 'K_d': 434590.310167058, 'rho_d': 20621567965759.184, 'fission_rate': 5.676647220558515e+19, 'Dv_scale': 1.0, 'Dg_scale': 1.0, 'b_scale': 1.0, 'gb_scale': 0.11817444376204045, 'gd_scale': 1.0, 'coalescence_d_scale': 4.756094804182866, 'capture_scale': 0.11009361162386434, 'D2_xe_scale': 1.0, 'Dg_D1_scale': 0.9424121201320013, 'Dg_D3_scale': 0.7742038493132958, 'Dv_D1_scale': 0.4988984059002082, 'Dv_D2_scale': 3.2527786372071787, 'b_bulk_scale': 0.8077089793794309, 'b_dislocation_scale': 0.6884771087215876, 'gd_bubble_scale': 3.6078395496316036, 'gd_line_scale': 0.06435502700770288, 'gd_line_alpha': 0.7924522394806105, 'family': 'capture_only'}
============================================================================================================================================

====================================================================