[I 2026-05-03 13:32:32,156] Trial 252 finished with value: 3.3369785980148556 and parameters: {'f_n': 1.44498262720087e-06, 'K_d': 186057.4957466806, 'rho_d': 23499875296806.375, 'fission_rate': 7.415564703174808e+19, 'Dg_D1_scale': 0.35847501122233505, 'Dg_D3_scale': 0.20419111084182934, 'Dv_D1_scale': 0.22470139216667082, 'Dv_D2_scale': 0.23539502811678323, 'b_bulk_scale': 0.23799050119139728, 'b_dislocation_scale': 0.21997231984572616, 'gb_scale': 0.13311031441753277, 'gd_bubble_scale': 9.823150196801532, 'gd_line_scale': 0.39119031039624375, 'gd_line_alpha': 0.8796317123795269, 'coalescence_d_scale': 0.48606505831391683, 'capture_scale': 0.014648794788471267}. Best is trial 89 with value: 3.2308694002208087.Best trial: 89. Best value: 3.23087:  50%|█████     | 252/500 [27:15<26:48,  6.49s/it]Best trial: 89. Best value: 3.23087:  50%|█████     | 252/500 [27:15<26:48,  6.49s/it]Best trial: 89. Best value: 3.23087:  51%|█████     | 253/500 [27:15<24:44,  6.01s/it]                                                                                      Best trial: 89. Best value: 3.23087:  51%|█████     | 253/500 [27:21<24:44,  6.01s/it]Best trial: 89. Best value: 3.23087:  51%|█████     | 253/500 [27:21<24:44,  6.01s/it]Best trial: 89. Best value: 3.23087:  51%|█████     | 254/500 [27:21<25:26,  6.20s/it]                                                                                      Best trial: 89. Best value: 3.23087:  51%|█████     | 254/500 [27:28<25:26,  6.20s/it]Best trial: 89. Best value: 3.23087:  51%|█████     | 254/500 [27:28<25:26,  6.20s/it]Best trial: 89. Best value: 3.23087:  51%|█████     | 255/500 [27:28<25:56,  6.35s/it]                                                                                      Best trial: 89. Best value: 3.23087:  51%|█████     | 255/500 [27:35<25:56,  6.35s/it]Best trial: 89. Best value: 3.23087:  51%|█████     | 255/500 [27:35<25:56,  6.35s/it]Best trial: 89. Best value: 3.23087:  51%|█████     | 256/500 [27:35<26:08,  6.43s/it]                                                                                      Best trial: 89. Best value: 3.23087:  51%|█████     | 256/500 [27:41<26:08,  6.43s/it]Best trial: 89. Best value: 3.23087:  51%|█████     | 256/500 [27:41<26:08,  6.43s/it]Best trial: 89. Best value: 3.23087:  51%|█████▏    | 257/500 [27:41<26:21,  6.51s/it]                                                                                      Best trial: 89. Best value: 3.23087:  51%|█████▏    | 257/500 [27:46<26:21,  6.51s/it]Best trial: 89. Best value: 3.23087:  51%|█████▏    | 257/500 [27:46<26:21,  6.51s/it]Best trial: 89. Best value: 3.23087:  52%|█████▏    | 258/500 [27:46<24:12,  6.00s/it]                                                                                      Best trial: 89. Best value: 3.23087:  52%|█████▏    | 258/500 [27:53<24:12,  6.00s/it]Best trial: 89. Best value: 3.23087:  52%|█████▏    | 258/500 [27:53<24:12,  6.00s/it]Best trial: 89. Best value: 3.23087:  52%|█████▏    | 259/500 [27:53<24:53,  6.20s/it]                                                                                      Best trial: 89. Best value: 3.23087:  52%|█████▏    | 259/500 [27:59<24:53,  6.20s/it]Best trial: 89. Best value: 3.23087:  52%|█████▏    | 259/500 [28:00<24:53,  6.20s/it]Best trial: 89. Best value: 3.23087:  52%|█████▏    | 260/500 [28:00<25:16,  6.32s/it]                                                                                      Best trial: 89. Best value: 3.23087:  52%|█████▏    | 260/500 [28:06<25:16,  6.32s/it]Best trial: 89. Best value: 3.23087:  52%|█████▏    | 260/500 [28:06<25:16,  6.32s/it]Best trial: 89. Best value: 3.23087:  52%|█████▏    | 261/500 [28:06<25:39,  6.44s/it]                                                                                      Best trial: 89. Best value: 3.23087:  52%|█████▏    | 261/500 [28:11<25:39,  6.44s/it]Best trial: 89. Best value: 3.23087:  52%|█████▏    | 261/500 [28:11<25:39,  6.44s/it]Best trial: 89. Best value: 3.23087:  52%|█████▏    | 262/500 [28:11<23:27,  5.91s/it]                                                                                      Best trial: 89. Best value: 3.23087:  52%|█████▏    | 262/500 [28:17<23:27,  5.91s/it]Best trial: 89. Best value: 3.23087:  52%|█████▏    | 262/500 [28:17<23:27,  5.91s/it]Best trial: 89. Best value: 3.23087:  53%|█████▎    | 263/500 [28:17<24:06,  6.10s/it]                                                                                      Best trial: 89. Best value: 3.23087:  53%|█████▎    | 263/500 [28:24<24:06,  6.10s/it]Best trial: 89. Best value: 3.23087:  53%|█████▎    | 263/500 [28:24<24:06,  6.10s/it]Best trial: 89. Best value: 3.23087:  53%|█████▎    | 264/500 [28:24<24:53,  6.33s/it]                                                                                      
[I 2026-05-03 13:32:38,816] Trial 253 finished with value: 3.3617237854949593 and parameters: {'f_n': 1.5021095875518845e-06, 'K_d': 189304.75394353905, 'rho_d': 23599120667415.453, 'fission_rate': 7.3995507182521e+19, 'Dg_D1_scale': 0.351806158617483, 'Dg_D3_scale': 0.20276335303750356, 'Dv_D1_scale': 0.22725532787762065, 'Dv_D2_scale': 0.23832506167308218, 'b_bulk_scale': 0.2332823108881622, 'b_dislocation_scale': 0.20967580401644487, 'gb_scale': 0.1383240832375916, 'gd_bubble_scale': 9.970207614709402, 'gd_line_scale': 0.40545342755356095, 'gd_line_alpha': 0.866602293770643, 'coalescence_d_scale': 0.457883693993922, 'capture_scale': 0.014348111525781512}. Best is trial 89 with value: 3.2308694002208087.
[I 2026-05-03 13:32:45,507] Trial 254 finished with value: 3.325251247215655 and parameters: {'f_n': 1.5336839575698033e-06, 'K_d': 185614.8313036571, 'rho_d': 23843826888090.316, 'fission_rate': 7.423388899138567e+19, 'Dg_D1_scale': 0.3594780848291069, 'Dg_D3_scale': 0.20454031036752726, 'Dv_D1_scale': 0.226511854196831, 'Dv_D2_scale': 0.24240625494563905, 'b_bulk_scale': 0.23434964180823376, 'b_dislocation_scale': 0.22034477438082778, 'gb_scale': 0.14136906661607562, 'gd_bubble_scale': 9.868465014030132, 'gd_line_scale': 0.37139613519070874, 'gd_line_alpha': 0.878600530363237, 'coalescence_d_scale': 0.47042266801802884, 'capture_scale': 0.014719859626264882}. Best is trial 89 with value: 3.2308694002208087.
[I 2026-05-03 13:32:52,113] Trial 255 finished with value: 3.3460450318585933 and parameters: {'f_n': 1.3664242877925538e-06, 'K_d': 190061.39729742176, 'rho_d': 23824923578885.082, 'fission_rate': 7.426609493611769e+19, 'Dg_D1_scale': 0.3548060953331291, 'Dg_D3_scale': 0.1857016183891802, 'Dv_D1_scale': 0.23381884562083166, 'Dv_D2_scale': 0.23653344512290125, 'b_bulk_scale': 0.23831865241323288, 'b_dislocation_scale': 0.22348732276209915, 'gb_scale': 0.13694257599335388, 'gd_bubble_scale': 9.887558187752468, 'gd_line_scale': 0.352631218269913, 'gd_line_alpha': 0.879120544676673, 'coalescence_d_scale': 0.47413978547747815, 'capture_scale': 0.014723165699895738}. Best is trial 89 with value: 3.2308694002208087.
[I 2026-05-03 13:32:58,806] Trial 256 finished with value: 3.340892959396666 and parameters: {'f_n': 1.3727410955163863e-06, 'K_d': 190514.8331214647, 'rho_d': 23742016788233.566, 'fission_rate': 7.420311153701048e+19, 'Dg_D1_scale': 0.3477270455338257, 'Dg_D3_scale': 0.1813964866148989, 'Dv_D1_scale': 0.22853041507800018, 'Dv_D2_scale': 0.23819162057903842, 'b_bulk_scale': 0.24078068015676782, 'b_dislocation_scale': 0.22544138622607235, 'gb_scale': 0.13553745934036782, 'gd_bubble_scale': 9.92015999023586, 'gd_line_scale': 0.3700838862356391, 'gd_line_alpha': 0.8726078466686608, 'coalescence_d_scale': 0.47603407493830646, 'capture_scale': 0.014230103052221214}. Best is trial 89 with value: 3.2308694002208087.
[I 2026-05-03 13:33:03,623] Trial 257 finished with value: 3.3326875322955702 and parameters: {'f_n': 1.361006508164251e-06, 'K_d': 187854.45571032222, 'rho_d': 23783829852692.27, 'fission_rate': 7.418804838458353e+19, 'Dg_D1_scale': 0.35731436296200797, 'Dg_D3_scale': 0.1819664137863159, 'Dv_D1_scale': 0.22445138461304442, 'Dv_D2_scale': 0.23982384702065482, 'b_bulk_scale': 0.24128904220570235, 'b_dislocation_scale': 0.23012503987744157, 'gb_scale': 0.13587859110395378, 'gd_bubble_scale': 9.977701976799604, 'gd_line_scale': 0.36942081583379677, 'gd_line_alpha': 0.9111573359161774, 'coalescence_d_scale': 0.4697204040839316, 'capture_scale': 0.015176969853727794}. Best is trial 89 with value: 3.2308694002208087.
[I 2026-05-03 13:33:10,289] Trial 258 finished with value: 3.364187038136281 and parameters: {'f_n': 1.3219229245340531e-06, 'K_d': 191796.69864810308, 'rho_d': 24163883889935.312, 'fission_rate': 7.429395250300251e+19, 'Dg_D1_scale': 0.35401937358307084, 'Dg_D3_scale': 0.18256055259757228, 'Dv_D1_scale': 0.2274749560484553, 'Dv_D2_scale': 0.23743355738363986, 'b_bulk_scale': 0.24267437291330649, 'b_dislocation_scale': 0.21984138496117372, 'gb_scale': 0.13799160783212897, 'gd_bubble_scale': 9.918843666546572, 'gd_line_scale': 0.383156189093247, 'gd_line_alpha': 0.9192452868311146, 'coalescence_d_scale': 0.4611769626393016, 'capture_scale': 0.0152928218257076}. Best is trial 89 with value: 3.2308694002208087.
[I 2026-05-03 13:33:16,891] Trial 259 finished with value: 3.3902365651717843 and parameters: {'f_n': 1.3394460323850188e-06, 'K_d': 191128.40123562427, 'rho_d': 26706456332438.79, 'fission_rate': 7.430858479361943e+19, 'Dg_D1_scale': 0.3546985190559421, 'Dg_D3_scale': 0.1809237471642392, 'Dv_D1_scale': 0.2281631423720334, 'Dv_D2_scale': 0.2418052942527937, 'b_bulk_scale': 0.2404282815052246, 'b_dislocation_scale': 0.21905844908792343, 'gb_scale': 0.1334281208481157, 'gd_bubble_scale': 9.945554211395406, 'gd_line_scale': 0.355298979069223, 'gd_line_alpha': 0.9117562482552353, 'coalescence_d_scale': 0.48434064759353734, 'capture_scale': 0.015171532991506137}. Best is trial 89 with value: 3.2308694002208087.
[I 2026-05-03 13:33:23,609] Trial 260 finished with value: 3.3954770104001604 and parameters: {'f_n': 1.2071196934154032e-06, 'K_d': 184509.22969334899, 'rho_d': 24005670187744.504, 'fission_rate': 7.399290504749351e+19, 'Dg_D1_scale': 0.3612742910362335, 'Dg_D3_scale': 0.1837792599736888, 'Dv_D1_scale': 0.2414661252657803, 'Dv_D2_scale': 0.2404237289596558, 'b_bulk_scale': 0.24177010950654879, 'b_dislocation_scale': 0.22204188060236976, 'gb_scale': 0.1357203886826155, 'gd_bubble_scale': 9.93965031471303, 'gd_line_scale': 0.39282361062987553, 'gd_line_alpha': 0.8806786205210467, 'coalescence_d_scale': 0.4626851499419517, 'capture_scale': 0.014981470726170313}. Best is trial 89 with value: 3.2308694002208087.
[I 2026-05-03 13:33:28,300] Trial 261 finished with value: 3.3771578521369268 and parameters: {'f_n': 1.497973135175234e-06, 'K_d': 195178.11716528557, 'rho_d': 24611970024630.953, 'fission_rate': 7.522965720510783e+19, 'Dg_D1_scale': 0.38739603894825253, 'Dg_D3_scale': 0.18769720744674306, 'Dv_D1_scale': 0.22752654065536224, 'Dv_D2_scale': 0.23921060246583578, 'b_bulk_scale': 0.23292722586130296, 'b_dislocation_scale': 0.20334958474314033, 'gb_scale': 0.12282751954791798, 'gd_bubble_scale': 9.925265371462592, 'gd_line_scale': 0.2980771232366423, 'gd_line_alpha': 0.9262386389998187, 'coalescence_d_scale': 0.4668116816478898, 'capture_scale': 0.015231597863624399}. Best is trial 89 with value: 3.2308694002208087.
[I 2026-05-03 13:33:34,836] Trial 262 finished with value: 3.3265110316775397 and parameters: {'f_n': 1.4163033228516578e-06, 'K_d': 185442.77142313618, 'rho_d': 25517570827407.492, 'fission_rate': 7.478796696858942e+19, 'Dg_D1_scale': 0.3544702916257555, 'Dg_D3_scale': 0.20018151717665694, 'Dv_D1_scale': 0.24640944685805585, 'Dv_D2_scale': 0.2367983418021287, 'b_bulk_scale': 0.21597178749588983, 'b_dislocation_scale': 0.23848121162947297, 'gb_scale': 0.14084418925096936, 'gd_bubble_scale': 7.260261191464043, 'gd_line_scale': 0.331726938171638, 'gd_line_alpha': 0.877048200152336, 'coalescence_d_scale': 0.4717830851342704, 'capture_scale': 0.014391967762798797}. Best is trial 89 with value: 3.2308694002208087.
[I 2026-05-03 13:33:41,657] Trial 263 finished with value: 3.3554178732540896 and parameters: {'f_n': 1.1437872237560172e-06, 'K_d': 190861.23978015056, 'rho_d': 25233828027663.63, 'fission_rate': 7.491116668918329e+19, 'Dg_D1_scale': 0.4102152867179334, 'Dg_D3_scale': 0.17577248909754126, 'Dv_D1_scale': 0.2509957484917961, 'Dv_D2_scale': 0.24503642029400577, 'b_bulk_scale': 0.25525636104627997, 'b_dislocation_scale': 0.24377067300630617, 'gb_scale': 0.11402799531327783, 'gd_bubble_scale': 7.372733561847752, 'gd_line_scale': 0.32756937448203693, 'gd_line_alpha': 0.8824222238303528, 'coalescence_d_scale': 0.49743775332346035, 'capture_scale': 0.016691371845589092}. Best is trial 89 with value: 3.2308694002208087.
[I 2026-05-03 13:33:48,292] Trial 264 finished with value: 3.332939918052894 and parameters: {'f_n': 1.155662459347744e-06, 'K_d': 194220.85563858575, 'rho_d': 25372135132215.53, 'fission_rate': 7.502760331587512e+19, 'Dg_D1_scale': 0.40446776777271226, 'Dg_D3_scale': 0.1715915484801517, 'Dv_D1_scale': 0.23878140829838773, 'Dv_D2_scale': 0.2456260479677735, 'b_bulk_scale': 0.25253238903403424, 'b_dislocation_scale': 0.24244215415847611, 'gb_scale': 0.11797872816437147, 'gd_bubble_scale': 7.014548359642238, 'gd_line_scale': 0.31895943525969167, 'gd_line_alpha': 0.9026045409919473, 'coalescence_d_scale': 0.4849357719156289, 'capture_scale': 0.015920582721505823}. Best is trial 89 with value: 3.2308694002208087.Best trial: 89. Best value: 3.23087:  53%|█████▎    | 264/500 [28:31<24:53,  6.33s/it]Best trial: 89. Best value: 3.23087:  53%|█████▎    | 264/500 [28:31<24:53,  6.33s/it]Best trial: 89. Best value: 3.23087:  53%|█████▎    | 265/500 [28:31<25:06,  6.41s/it]                                                                                      Best trial: 89. Best value: 3.23087:  53%|█████▎    | 265/500 [28:38<25:06,  6.41s/it]Best trial: 89. Best value: 3.23087:  53%|█████▎    | 265/500 [28:38<25:06,  6.41s/it]Best trial: 89. Best value: 3.23087:  53%|█████▎    | 266/500 [28:38<26:01,  6.67s/it]                                                                                      Best trial: 89. Best value: 3.23087:  53%|█████▎    | 266/500 [28:43<26:01,  6.67s/it]Best trial: 89. Best value: 3.23087:  53%|█████▎    | 266/500 [28:43<26:01,  6.67s/it]Best trial: 89. Best value: 3.23087:  53%|█████▎    | 267/500 [28:43<23:43,  6.11s/it]                                                                                      Best trial: 89. Best value: 3.23087:  53%|█████▎    | 267/500 [28:49<23:43,  6.11s/it]Best trial: 89. Best value: 3.23087:  53%|█████▎    | 267/500 [28:49<23:43,  6.11s/it]Best trial: 89. Best value: 3.23087:  54%|█████▎    | 268/500 [28:49<24:04,  6.22s/it]                                                                                      Best trial: 89. Best value: 3.23087:  54%|█████▎    | 268/500 [28:56<24:04,  6.22s/it]Best trial: 89. Best value: 3.23087:  54%|█████▎    | 268/500 [28:56<24:04,  6.22s/it]Best trial: 89. Best value: 3.23087:  54%|█████▍    | 269/500 [28:56<24:13,  6.29s/it]                                                                                      Best trial: 89. Best value: 3.23087:  54%|█████▍    | 269/500 [29:02<24:13,  6.29s/it]Best trial: 89. Best value: 3.23087:  54%|█████▍    | 269/500 [29:02<24:13,  6.29s/it]Best trial: 89. Best value: 3.23087:  54%|█████▍    | 270/500 [29:02<24:12,  6.31s/it]                                                                                      Best trial: 89. Best value: 3.23087:  54%|█████▍    | 270/500 [29:09<24:12,  6.31s/it]Best trial: 89. Best value: 3.23087:  54%|█████▍    | 270/500 [29:09<24:12,  6.31s/it]Best trial: 89. Best value: 3.23087:  54%|█████▍    | 271/500 [29:09<24:08,  6.33s/it]                                                                                      Best trial: 89. Best value: 3.23087:  54%|█████▍    | 271/500 [29:13<24:08,  6.33s/it]Best trial: 89. Best value: 3.23087:  54%|█████▍    | 271/500 [29:13<24:08,  6.33s/it]Best trial: 89. Best value: 3.23087:  54%|█████▍    | 272/500 [29:13<21:59,  5.79s/it]                                                                                      Best trial: 89. Best value: 3.23087:  54%|█████▍    | 272/500 [29:20<21:59,  5.79s/it]Best trial: 89. Best value: 3.23087:  54%|█████▍    | 272/500 [29:20<21:59,  5.79s/it]Best trial: 89. Best value: 3.23087:  55%|█████▍    | 273/500 [29:20<22:36,  5.97s/it]                                                                                      Best trial: 89. Best value: 3.23087:  55%|█████▍    | 273/500 [29:26<22:36,  5.97s/it]Best trial: 89. Best value: 3.23087:  55%|█████▍    | 273/500 [29:26<22:36,  5.97s/it]Best trial: 89. Best value: 3.23087:  55%|█████▍    | 274/500 [29:26<22:59,  6.10s/it]                                                                                      Best trial: 89. Best value: 3.23087:  55%|█████▍    | 274/500 [29:32<22:59,  6.10s/it]Best trial: 89. Best value: 3.23087:  55%|█████▍    | 274/500 [29:32<22:59,  6.10s/it]Best trial: 89. Best value: 3.23087:  55%|█████▌    | 275/500 [29:32<23:18,  6.21s/it]                                                                                      Best trial: 89. Best value: 3.23087:  55%|█████▌    | 275/500 [29:39<23:18,  6.21s/it]Best trial: 89. Best value: 3.23087:  55%|█████▌    | 275/500 [29:39<23:18,  6.21s/it]Best trial: 89. Best value: 3.23087:  55%|█████▌    | 276/500 [29:39<23:27,  6.28s/it]                                                                                      
[I 2026-05-03 13:33:55,544] Trial 265 finished with value: 3.371762626544499 and parameters: {'f_n': 1.115634639687837e-06, 'K_d': 197274.2002633159, 'rho_d': 25937740771475.855, 'fission_rate': 7.492425899621789e+19, 'Dg_D1_scale': 0.4028469823978346, 'Dg_D3_scale': 0.17478041247312512, 'Dv_D1_scale': 0.25749432264330385, 'Dv_D2_scale': 0.24639031229551536, 'b_bulk_scale': 0.24247264004808214, 'b_dislocation_scale': 0.23682115652452496, 'gb_scale': 0.11291629273358292, 'gd_bubble_scale': 7.113349832624466, 'gd_line_scale': 0.32958282226819796, 'gd_line_alpha': 0.9069980119493102, 'coalescence_d_scale': 0.4926868104642536, 'capture_scale': 0.01691825481509837}. Best is trial 89 with value: 3.2308694002208087.
[I 2026-05-03 13:34:00,363] Trial 266 finished with value: 3.345382491318093 and parameters: {'f_n': 1.2588611172578394e-06, 'K_d': 183221.98388114214, 'rho_d': 27118406111410.934, 'fission_rate': 7.579628421858966e+19, 'Dg_D1_scale': 0.36228273979878717, 'Dg_D3_scale': 0.17674032442016865, 'Dv_D1_scale': 0.24737053204947856, 'Dv_D2_scale': 0.2462103150383453, 'b_bulk_scale': 0.2539922640307014, 'b_dislocation_scale': 0.24426313412545106, 'gb_scale': 0.1275158442450288, 'gd_bubble_scale': 6.062416095328781, 'gd_line_scale': 0.24405226589288717, 'gd_line_alpha': 0.9353029853306121, 'coalescence_d_scale': 0.47718769037291525, 'capture_scale': 0.017084268664824497}. Best is trial 89 with value: 3.2308694002208087.
[I 2026-05-03 13:34:06,868] Trial 267 finished with value: 3.3288736952225437 and parameters: {'f_n': 1.2191605941809986e-06, 'K_d': 191319.64240449158, 'rho_d': 28178237338727.246, 'fission_rate': 7.556718081705755e+19, 'Dg_D1_scale': 0.35502160123011944, 'Dg_D3_scale': 0.17405771524309385, 'Dv_D1_scale': 0.25053681916551146, 'Dv_D2_scale': 0.2456582994516945, 'b_bulk_scale': 0.2578712723959568, 'b_dislocation_scale': 0.2516631171615771, 'gb_scale': 0.12291611416941471, 'gd_bubble_scale': 6.436193968598209, 'gd_line_scale': 0.25603666456276775, 'gd_line_alpha': 0.9406415250116608, 'coalescence_d_scale': 0.48170380432021614, 'capture_scale': 0.01559086630422154}. Best is trial 89 with value: 3.2308694002208087.
[I 2026-05-03 13:34:13,321] Trial 268 finished with value: 3.348589525324126 and parameters: {'f_n': 1.130805089449923e-06, 'K_d': 184003.9710401902, 'rho_d': 28799663820026.523, 'fission_rate': 7.555425576081555e+19, 'Dg_D1_scale': 0.417031930998774, 'Dg_D3_scale': 0.16946816828961353, 'Dv_D1_scale': 0.2510511862731087, 'Dv_D2_scale': 0.2504520736085147, 'b_bulk_scale': 0.2625355985669572, 'b_dislocation_scale': 0.24861620573069612, 'gb_scale': 0.12101002587765074, 'gd_bubble_scale': 6.164951265896194, 'gd_line_scale': 0.32625315732273064, 'gd_line_alpha': 0.9468263397008978, 'coalescence_d_scale': 0.5009233487253394, 'capture_scale': 0.017413398763647794}. Best is trial 89 with value: 3.2308694002208087.
[I 2026-05-03 13:34:19,679] Trial 269 finished with value: 3.3418503212979527 and parameters: {'f_n': 1.0557312027326035e-06, 'K_d': 183113.29352294147, 'rho_d': 28942048738433.97, 'fission_rate': 7.578739141931776e+19, 'Dg_D1_scale': 0.41580425248555236, 'Dg_D3_scale': 0.1732022137172188, 'Dv_D1_scale': 0.25207266348930735, 'Dv_D2_scale': 0.24440621688657757, 'b_bulk_scale': 0.2539356888218287, 'b_dislocation_scale': 0.24383215548774825, 'gb_scale': 0.11477757277812187, 'gd_bubble_scale': 6.138991535409818, 'gd_line_scale': 0.2518893871579214, 'gd_line_alpha': 0.9504553493679975, 'coalescence_d_scale': 0.4908898208331625, 'capture_scale': 0.01754814768592061}. Best is trial 89 with value: 3.2308694002208087.
