[I 2026-05-03 13:48:25,206] Trial 408 finished with value: 3.3329412990733864 and parameters: {'f_n': 2.152518079438623e-07, 'K_d': 284266.8965389088, 'rho_d': 22507774754190.08, 'fission_rate': 7.851571792049547e+19, 'Dg_D1_scale': 0.6194291729140124, 'Dg_D3_scale': 0.8777941521460845, 'Dv_D1_scale': 0.5118135363059245, 'Dv_D2_scale': 1.959503982282844, 'b_bulk_scale': 1.0520605986643672, 'b_dislocation_scale': 0.4999332678425536, 'gb_scale': 0.10246974527789678, 'gd_bubble_scale': 2.5692317174227615, 'gd_line_scale': 0.061669896258949954, 'gd_line_alpha': 0.875641980412581, 'coalescence_d_scale': 4.593623860068445, 'capture_scale': 0.05422362968617322}. Best is trial 402 with value: 3.06319451084688.Best trial: 402. Best value: 3.06319:  82%|████████▏ | 408/500 [43:08<09:01,  5.89s/it]Best trial: 402. Best value: 3.06319:  82%|████████▏ | 408/500 [43:08<09:01,  5.89s/it]Best trial: 402. Best value: 3.06319:  82%|████████▏ | 409/500 [43:08<09:12,  6.07s/it]                                                                                       Best trial: 402. Best value: 3.06319:  82%|████████▏ | 409/500 [43:14<09:12,  6.07s/it]Best trial: 402. Best value: 3.06319:  82%|████████▏ | 409/500 [43:14<09:12,  6.07s/it]Best trial: 402. Best value: 3.06319:  82%|████████▏ | 410/500 [43:14<09:15,  6.17s/it]                                                                                       Best trial: 402. Best value: 3.06319:  82%|████████▏ | 410/500 [43:21<09:15,  6.17s/it]Best trial: 402. Best value: 3.06319:  82%|████████▏ | 410/500 [43:21<09:15,  6.17s/it]Best trial: 402. Best value: 3.06319:  82%|████████▏ | 411/500 [43:21<09:15,  6.24s/it]                                                                                       Best trial: 402. Best value: 3.06319:  82%|████████▏ | 411/500 [43:25<09:15,  6.24s/it]Best trial: 402. Best value: 3.06319:  82%|████████▏ | 411/500 [43:25<09:15,  6.24s/it]Best trial: 402. Best value: 3.06319:  82%|████████▏ | 412/500 [43:25<08:23,  5.73s/it]                                                                                       Best trial: 402. Best value: 3.06319:  82%|████████▏ | 412/500 [43:31<08:23,  5.73s/it]Best trial: 402. Best value: 3.06319:  82%|████████▏ | 412/500 [43:31<08:23,  5.73s/it]Best trial: 402. Best value: 3.06319:  83%|████████▎ | 413/500 [43:31<08:33,  5.90s/it]                                                                                       Best trial: 402. Best value: 3.06319:  83%|████████▎ | 413/500 [43:38<08:33,  5.90s/it]Best trial: 402. Best value: 3.06319:  83%|████████▎ | 413/500 [43:38<08:33,  5.90s/it]Best trial: 402. Best value: 3.06319:  83%|████████▎ | 414/500 [43:38<08:37,  6.02s/it]                                                                                       Best trial: 402. Best value: 3.06319:  83%|████████▎ | 414/500 [43:44<08:37,  6.02s/it]Best trial: 402. Best value: 3.06319:  83%|████████▎ | 414/500 [43:44<08:37,  6.02s/it]Best trial: 402. Best value: 3.06319:  83%|████████▎ | 415/500 [43:44<08:36,  6.07s/it]                                                                                       Best trial: 402. Best value: 3.06319:  83%|████████▎ | 415/500 [43:50<08:36,  6.07s/it]Best trial: 402. Best value: 3.06319:  83%|████████▎ | 415/500 [43:50<08:36,  6.07s/it]Best trial: 402. Best value: 3.06319:  83%|████████▎ | 416/500 [43:50<08:39,  6.18s/it]                                                                                       Best trial: 402. Best value: 3.06319:  83%|████████▎ | 416/500 [43:55<08:39,  6.18s/it]Best trial: 402. Best value: 3.06319:  83%|████████▎ | 416/500 [43:55<08:39,  6.18s/it]Best trial: 402. Best value: 3.06319:  83%|████████▎ | 417/500 [43:55<07:47,  5.63s/it]                                                                                       Best trial: 402. Best value: 3.06319:  83%|████████▎ | 417/500 [44:01<07:47,  5.63s/it]Best trial: 402. Best value: 3.06319:  83%|████████▎ | 417/500 [44:01<07:47,  5.63s/it]Best trial: 402. Best value: 3.06319:  84%|████████▎ | 418/500 [44:01<08:00,  5.86s/it]                                                                                       Best trial: 402. Best value: 3.06319:  84%|████████▎ | 418/500 [44:12<08:00,  5.86s/it]Best trial: 402. Best value: 3.06319:  84%|████████▎ | 418/500 [44:12<08:00,  5.86s/it]Best trial: 402. Best value: 3.06319:  84%|████████▍ | 419/500 [44:12<09:49,  7.27s/it]                                                                                       Best trial: 402. Best value: 3.06319:  84%|████████▍ | 419/500 [44:21<09:49,  7.27s/it]Best trial: 402. Best value: 3.06319:  84%|████████▍ | 419/500 [44:22<09:49,  7.27s/it]Best trial: 402. Best value: 3.06319:  84%|████████▍ | 420/500 [44:22<10:43,  8.04s/it]                                                                                       
[I 2026-05-03 13:48:31,601] Trial 409 finished with value: 3.156603078466802 and parameters: {'f_n': 1.3349295952243015e-07, 'K_d': 303553.26084749383, 'rho_d': 21720953284930.207, 'fission_rate': 7.841721517880015e+19, 'Dg_D1_scale': 0.6669576696527075, 'Dg_D3_scale': 0.7898013932487175, 'Dv_D1_scale': 0.5612381724487829, 'Dv_D2_scale': 2.0466687278298443, 'b_bulk_scale': 0.9368416407219204, 'b_dislocation_scale': 0.5445828109343075, 'gb_scale': 0.09196678432674812, 'gd_bubble_scale': 2.8839645320687413, 'gd_line_scale': 0.05821975784363493, 'gd_line_alpha': 0.880335776447771, 'coalescence_d_scale': 2.697491787123036, 'capture_scale': 0.06384037338108561}. Best is trial 402 with value: 3.06319451084688.
[I 2026-05-03 13:48:38,001] Trial 410 finished with value: 3.2506669372963386 and parameters: {'f_n': 1.3792370229938971e-07, 'K_d': 304132.33148065564, 'rho_d': 21547571259332.11, 'fission_rate': 7.848356501860578e+19, 'Dg_D1_scale': 0.6590584463407038, 'Dg_D3_scale': 0.7901406845543136, 'Dv_D1_scale': 0.576739677580335, 'Dv_D2_scale': 2.174059785649902, 'b_bulk_scale': 0.923064498957507, 'b_dislocation_scale': 0.5739297562789087, 'gb_scale': 0.09386010404037855, 'gd_bubble_scale': 2.8791552821810775, 'gd_line_scale': 0.056680778903413206, 'gd_line_alpha': 0.8842713545656586, 'coalescence_d_scale': 2.5235390516021625, 'capture_scale': 0.0645871971743955}. Best is trial 402 with value: 3.06319451084688.
[I 2026-05-03 13:48:42,527] Trial 411 finished with value: 3.2956150603608187 and parameters: {'f_n': 1.7969861475956486e-07, 'K_d': 281491.3541554896, 'rho_d': 21532958396469.637, 'fission_rate': 7.913672252986827e+19, 'Dg_D1_scale': 0.7088634154420616, 'Dg_D3_scale': 0.8548084711261426, 'Dv_D1_scale': 0.49238049605189455, 'Dv_D2_scale': 1.9988146515319773, 'b_bulk_scale': 0.8071100354870867, 'b_dislocation_scale': 0.5217405929376717, 'gb_scale': 0.10355550386704546, 'gd_bubble_scale': 2.8733520186156785, 'gd_line_scale': 0.06344366692783995, 'gd_line_alpha': 0.8488107653023904, 'coalescence_d_scale': 3.0797747484165567, 'capture_scale': 0.08229633993746524}. Best is trial 402 with value: 3.06319451084688.
[I 2026-05-03 13:48:48,827] Trial 412 finished with value: 3.181508008589566 and parameters: {'f_n': 1.1868756558766964e-07, 'K_d': 292300.2469904562, 'rho_d': 23090675665632.562, 'fission_rate': 7.825352600329976e+19, 'Dg_D1_scale': 0.5735886203974896, 'Dg_D3_scale': 0.9309782513240105, 'Dv_D1_scale': 0.531683244434549, 'Dv_D2_scale': 2.0542641990431467, 'b_bulk_scale': 0.9804324565135814, 'b_dislocation_scale': 0.46068629061299765, 'gb_scale': 0.09032726524685016, 'gd_bubble_scale': 2.5636635578888027, 'gd_line_scale': 0.05781649331946528, 'gd_line_alpha': 0.8854499423274627, 'coalescence_d_scale': 2.082460288161279, 'capture_scale': 0.07146549559623976}. Best is trial 402 with value: 3.06319451084688.
[I 2026-05-03 13:48:55,114] Trial 413 finished with value: 3.1675401355316413 and parameters: {'f_n': 1.0814154191910688e-07, 'K_d': 313396.35248215654, 'rho_d': 23397855573117.598, 'fission_rate': 7.839815998606908e+19, 'Dg_D1_scale': 0.6039342855911398, 'Dg_D3_scale': 0.9237832374245886, 'Dv_D1_scale': 0.5375205303060849, 'Dv_D2_scale': 2.0574303911260015, 'b_bulk_scale': 0.9449650285678348, 'b_dislocation_scale': 0.4834872015601944, 'gb_scale': 0.09042921522353183, 'gd_bubble_scale': 2.52639216183554, 'gd_line_scale': 0.05011962515071493, 'gd_line_alpha': 0.8819176570072843, 'coalescence_d_scale': 2.1892245281238716, 'capture_scale': 0.07364554761803739}. Best is trial 402 with value: 3.06319451084688.
[I 2026-05-03 13:49:01,327] Trial 414 finished with value: 3.1839151044751945 and parameters: {'f_n': 1.0858412241490752e-07, 'K_d': 315398.72516978305, 'rho_d': 21453620679046.188, 'fission_rate': 7.849738886775528e+19, 'Dg_D1_scale': 0.5869530519342563, 'Dg_D3_scale': 0.9665882040661531, 'Dv_D1_scale': 0.6039255551912411, 'Dv_D2_scale': 2.057336703456807, 'b_bulk_scale': 0.9831520829132178, 'b_dislocation_scale': 0.46776657723150517, 'gb_scale': 0.09160663610570137, 'gd_bubble_scale': 2.500205449291499, 'gd_line_scale': 0.0504672414481515, 'gd_line_alpha': 0.8618174174260192, 'coalescence_d_scale': 2.173002835481208, 'capture_scale': 0.07314171358378821}. Best is trial 402 with value: 3.06319451084688.
[I 2026-05-03 13:49:07,753] Trial 415 finished with value: 3.5513532099288048 and parameters: {'f_n': 9.774086553267104e-08, 'K_d': 312276.5359732402, 'rho_d': 21330938171908.832, 'fission_rate': 7.832704435648933e+19, 'Dg_D1_scale': 0.5797163816202469, 'Dg_D3_scale': 0.9512913027917673, 'Dv_D1_scale': 0.5411481932027886, 'Dv_D2_scale': 2.0792598222150986, 'b_bulk_scale': 1.1799535218751795, 'b_dislocation_scale': 0.6264647081330416, 'gb_scale': 0.10715503425823175, 'gd_bubble_scale': 2.3267390393425473, 'gd_line_scale': 0.05617970864264805, 'gd_line_alpha': 0.8491286954527477, 'coalescence_d_scale': 2.083517424295958, 'capture_scale': 0.07836609043504968}. Best is trial 402 with value: 3.06319451084688.
[I 2026-05-03 13:49:12,091] Trial 416 finished with value: 3.2254848379111656 and parameters: {'f_n': 1.1868176454394572e-07, 'K_d': 298226.6103664851, 'rho_d': 23231534106062.164, 'fission_rate': 7.907280318888074e+19, 'Dg_D1_scale': 0.6382578077344104, 'Dg_D3_scale': 0.8613659260071185, 'Dv_D1_scale': 0.655434883271543, 'Dv_D2_scale': 2.287873361759096, 'b_bulk_scale': 0.9916381244999092, 'b_dislocation_scale': 0.5409179120808423, 'gb_scale': 0.09346616793349347, 'gd_bubble_scale': 2.5881613705949236, 'gd_line_scale': 0.050413166778572625, 'gd_line_alpha': 0.8662094397210353, 'coalescence_d_scale': 2.4923600268149606, 'capture_scale': 0.06882453879845693}. Best is trial 402 with value: 3.06319451084688.
[I 2026-05-03 13:49:18,488] Trial 417 finished with value: 3.3235833624356115 and parameters: {'f_n': 1.0546289246664476e-07, 'K_d': 319922.02130691626, 'rho_d': 21683806843167.54, 'fission_rate': 7.854761129674621e+19, 'Dg_D1_scale': 0.5926296632262059, 'Dg_D3_scale': 0.7735277289639226, 'Dv_D1_scale': 0.5699249659392098, 'Dv_D2_scale': 2.7554393756224256, 'b_bulk_scale': 1.0862148423836582, 'b_dislocation_scale': 0.48183576021596985, 'gb_scale': 0.0948447804869042, 'gd_bubble_scale': 2.1807190868078767, 'gd_line_scale': 0.060065592885390935, 'gd_line_alpha': 0.8760530199715886, 'coalescence_d_scale': 1.828233169788454, 'capture_scale': 0.05720556161255693}. Best is trial 402 with value: 3.06319451084688.
[I 2026-05-03 13:49:29,019] Trial 418 finished with value: 3.2124189125416267 and parameters: {'f_n': 1.3664482790369895e-07, 'K_d': 298241.5005048239, 'rho_d': 22926918491325.375, 'fission_rate': 4.470011467183923e+19, 'Dg_D1_scale': 0.6709638683406429, 'Dg_D3_scale': 0.6849804955964163, 'Dv_D1_scale': 0.6140272338402347, 'Dv_D2_scale': 2.0531709294184637, 'b_bulk_scale': 0.8988126188983202, 'b_dislocation_scale': 0.45905721368934505, 'gb_scale': 0.10819950940901864, 'gd_bubble_scale': 2.6230896835771587, 'gd_line_scale': 0.055239653937925494, 'gd_line_alpha': 0.8532533195786681, 'coalescence_d_scale': 2.7694171717607423, 'capture_scale': 0.06504357376802311}. Best is trial 402 with value: 3.06319451084688.
[I 2026-05-03 13:49:38,865] Trial 419 finished with value: 3.235008602817278 and parameters: {'f_n': 1.3203944848074675e-07, 'K_d': 306572.58255648206, 'rho_d': 23036707684247.066, 'fission_rate': 4.809867937639816e+19, 'Dg_D1_scale': 0.7091345729752616, 'Dg_D3_scale': 0.6838254348003281, 'Dv_D1_scale': 0.5857510907634207, 'Dv_D2_scale': 2.53107788319904, 'b_bulk_scale': 0.91876793910857, 'b_dislocation_scale': 0.4745832743189227, 'gb_scale': 0.10840263571927801, 'gd_bubble_scale': 2.497188050639167, 'gd_line_scale': 0.06263377388077726, 'gd_line_alpha': 0.8429050026070962, 'coalescence_d_scale': 3.536523300533564, 'capture_scale': 0.09454130469062161}. Best is trial 402 with value: 3.06319451084688.
[I 2026-05-03 13:49:43,253] Trial 420 finished with value: 3.1569879779827374 and parameters: {'f_n': 7.862407086856207e-08, 'K_d': 296748.6934906542, 'rho_d': 21605090133555.145, 'fission_rate': 7.812519155335129e+19, 'Dg_D1_scale': 0.661909446464674, 'Dg_D3_scale': 0.7375952990552168, 'Dv_D1_scale': 0.535251403178264, 'Dv_D2_scale': 2.1879388248529756, 'b_bulk_scale': 0.8389257506224387, 'b_dislocation_scale': 0.5633530285999185, 'gb_scale': 0.09003563954178669, 'gd_bubble_scale': 2.7941501795476027, 'gd_line_scale': 0.05603418549281608, 'gd_line_alpha': 0.8609549186775661, 'coalescence_d_scale': 2.821477349377513, 'capture_scale': 0.06774289053147622}. Best is trial 402 with value: 3.06319451084688.Best trial: 402. Best value: 3.06319:  84%|████████▍ | 420/500 [44:26<10:43,  8.04s/it]Best trial: 402. Best value: 3.06319:  84%|████████▍ | 420/500 [44:26<10:43,  8.04s/it]Best trial: 402. Best value: 3.06319:  84%|████████▍ | 421/500 [44:26<09:07,  6.93s/it]                                                                                       Best trial: 402. Best value: 3.06319:  84%|████████▍ | 421/500 [44:34<09:07,  6.93s/it]Best trial: 402. Best value: 3.06319:  84%|████████▍ | 421/500 [44:34<09:07,  6.93s/it]Best trial: 402. Best value: 3.06319:  84%|████████▍ | 422/500 [44:34<09:28,  7.28s/it]                                                                                       Best trial: 402. Best value: 3.06319:  84%|████████▍ | 422/500 [44:44<09:28,  7.28s/it]Best trial: 402. Best value: 3.06319:  84%|████████▍ | 422/500 [44:44<09:28,  7.28s/it]Best trial: 402. Best value: 3.06319:  85%|████████▍ | 423/500 [44:44<10:32,  8.22s/it]                                                                                       Best trial: 402. Best value: 3.06319:  85%|████████▍ | 423/500 [44:51<10:32,  8.22s/it]Best trial: 402. Best value: 3.06319:  85%|████████▍ | 423/500 [44:51<10:32,  8.22s/it]Best trial: 402. Best value: 3.06319:  85%|████████▍ | 424/500 [44:51<09:39,  7.62s/it]                                                                                       Best trial: 402. Best value: 3.06319:  85%|████████▍ | 424/500 [44:58<09:39,  7.62s/it]Best trial: 402. Best value: 3.06319:  85%|████████▍ | 424/500 [44:58<09:39,  7.62s/it]Best trial: 402. Best value: 3.06319:  85%|████████▌ | 425/500 [44:58<09:24,  7.52s/it]                                                                                       Best trial: 402. Best value: 3.06319:  85%|████████▌ | 425/500 [45:07<09:24,  7.52s/it]Best trial: 402. Best value: 3.06319:  85%|████████▌ | 425/500 [45:07<09:24,  7.52s/it]Best trial: 402. Best value: 3.06319:  85%|████████▌ | 426/500 [45:07<09:46,  7.93s/it]                                                                                       Best trial: 402. Best value: 3.06319:  85%|████████▌ | 426/500 [45:17<09:46,  7.93s/it]Best trial: 402. Best value: 3.06319:  85%|████████▌ | 426/500 [45:17<09:46,  7.93s/it]Best trial: 402. Best value: 3.06319:  85%|████████▌ | 427/500 [45:17<10:34,  8.70s/it]                                                                                       Best trial: 402. Best value: 3.06319:  85%|████████▌ | 427/500 [45:23<10:34,  8.70s/it]Best trial: 402. Best value: 3.06319:  85%|████████▌ | 427/500 [45:23<10:34,  8.70s/it]Best trial: 402. Best value: 3.06319:  86%|████████▌ | 428/500 [45:23<09:31,  7.94s/it]                                                                                       Best trial: 402. Best value: 3.06319:  86%|████████▌ | 428/500 [45:33<09:31,  7.94s/it]Best trial: 402. Best value: 3.06319:  86%|████████▌ | 428/500 [45:33<09:31,  7.94s/it]Best trial: 402. Best value: 3.06319:  86%|████████▌ | 429/500 [45:33<10:05,  8.53s/it]                                                                                       Best trial: 402. Best value: 3.06319:  86%|████████▌ | 429/500 [45:41<10:05,  8.53s/it]Best trial: 402. Best value: 3.06319:  86%|████████▌ | 429/500 [45:41<10:05,  8.53s/it]Best trial: 402. Best value: 3.06319:  86%|████████▌ | 430/500 [45:41<09:40,  8.29s/it]                                                                                       Best trial: 402. Best value: 3.06319:  86%|████████▌ | 430/500 [45:49<09:40,  8.29s/it]Best trial: 402. Best value: 3.06319:  86%|████████▌ | 430/500 [45:49<09:40,  8.29s/it]Best trial: 402. Best value: 3.06319:  86%|████████▌ | 431/500 [45:49<09:27,  8.23s/it]                                                                                       Best trial: 402. Best value: 3.06319:  86%|████████▌ | 431/500 [45:55<09:27,  8.23s/it]Best trial: 431. Best value: 3.01542:  86%|████████▌ | 431/500 [45:54<09:27,  8.23s/it]Best trial: 431. Best value: 3.01542:  86%|████████▋ | 432/500 [45:54<08:01,  7.09s/it]                                                                                       
[I 2026-05-03 13:49:51,346] Trial 421 finished with value: 3.6590656356947986 and parameters: {'f_n': 9.100157536407381e-08, 'K_d': 325023.44330755423, 'rho_d': 21391667928603.465, 'fission_rate': 5.718230340781391e+19, 'Dg_D1_scale': 0.6711857100645848, 'Dg_D3_scale': 0.7182809142142395, 'Dv_D1_scale': 0.5409680906779133, 'Dv_D2_scale': 2.193179705297064, 'b_bulk_scale': 0.844490074183364, 'b_dislocation_scale': 0.6859789843480091, 'gb_scale': 0.09104897851930482, 'gd_bubble_scale': 2.237017532629048, 'gd_line_scale': 0.05744957562467505, 'gd_line_alpha': 0.8572734819124616, 'coalescence_d_scale': 2.8563307299327456, 'capture_scale': 0.07385779690000466}. Best is trial 402 with value: 3.06319451084688.
[I 2026-05-03 13:50:01,757] Trial 422 finished with value: 3.330655386556273 and parameters: {'f_n': 1.558929266007962e-07, 'K_d': 299448.9446663578, 'rho_d': 22599253291175.2, 'fission_rate': 4.430676810892882e+19, 'Dg_D1_scale': 0.6244346467529249, 'Dg_D3_scale': 0.6684769405886113, 'Dv_D1_scale': 0.6105499478076676, 'Dv_D2_scale': 2.3948791362179738, 'b_bulk_scale': 0.9994491007847109, 'b_dislocation_scale': 0.6072262656448517, 'gb_scale': 0.10962864397811113, 'gd_bubble_scale': 2.783507999482723, 'gd_line_scale': 0.06368384751671435, 'gd_line_alpha': 0.8745259982681745, 'coalescence_d_scale': 2.216560680476528, 'capture_scale': 0.06501031644084929}. Best is trial 402 with value: 3.06319451084688.
[I 2026-05-03 13:50:07,991] Trial 423 finished with value: 3.3570409672197097 and parameters: {'f_n': 7.90597230824564e-08, 'K_d': 314930.447482531, 'rho_d': 21350558267120.688, 'fission_rate': 7.832429719959632e+19, 'Dg_D1_scale': 0.6507310947054202, 'Dg_D3_scale': 0.8044806194502456, 'Dv_D1_scale': 0.5099080901628743, 'Dv_D2_scale': 2.0798888034759675, 'b_bulk_scale': 0.7805956907106473, 'b_dislocation_scale': 0.5765958179426504, 'gb_scale': 0.09090756261376796, 'gd_bubble_scale': 2.5190160118850518, 'gd_line_scale': 0.05017504846799692, 'gd_line_alpha': 0.8435997016711609, 'coalescence_d_scale': 2.4325640078410697, 'capture_scale': 0.08414089488564043}. Best is trial 402 with value: 3.06319451084688.
[I 2026-05-03 13:50:15,271] Trial 424 finished with value: 3.201021932765434 and parameters: {'f_n': 1.2371438442319797e-07, 'K_d': 294364.35974048544, 'rho_d': 22609770533429.887, 'fission_rate': 5.075668300605502e+19, 'Dg_D1_scale': 0.6095878384795367, 'Dg_D3_scale': 0.7428844296163315, 'Dv_D1_scale': 0.6547672998971709, 'Dv_D2_scale': 2.296953597978724, 'b_bulk_scale': 1.277202357190754, 'b_dislocation_scale': 0.530124082362643, 'gb_scale': 0.10246210274602177, 'gd_bubble_scale': 2.817261216322041, 'gd_line_scale': 0.05688780488122901, 'gd_line_alpha': 0.8581452826059154, 'coalescence_d_scale': 2.6659948916069136, 'capture_scale': 0.06428245498977594}. Best is trial 402 with value: 3.06319451084688.
[I 2026-05-03 13:50:24,141] Trial 425 finished with value: 3.327268705320028 and parameters: {'f_n': 1.1671324937001778e-07, 'K_d': 292136.8184474269, 'rho_d': 21380682624396.312, 'fission_rate': 5.2385709781535154e+19, 'Dg_D1_scale': 0.6019043977870279, 'Dg_D3_scale': 0.7522622804256055, 'Dv_D1_scale': 0.5375514324240891, 'Dv_D2_scale': 2.264902059920612, 'b_bulk_scale': 1.37276055988797, 'b_dislocation_scale': 0.5224347833775946, 'gb_scale': 0.09131551802560124, 'gd_bubble_scale': 2.879114559605733, 'gd_line_scale': 0.06423663900769416, 'gd_line_alpha': 0.8814821476046948, 'coalescence_d_scale': 1.9153553393301865, 'capture_scale': 0.05389085797959889}. Best is trial 402 with value: 3.06319451084688.
