[I 2026-05-03 13:42:27,507] Trial 349 finished with value: 3.2929369412259932 and parameters: {'f_n': 5.103924405404023e-07, 'K_d': 234883.51912102214, 'rho_d': 26838271637619.824, 'fission_rate': 7.766877574229197e+19, 'Dg_D1_scale': 0.4059525848087241, 'Dg_D3_scale': 0.6140874442739803, 'Dv_D1_scale': 0.3364686109410276, 'Dv_D2_scale': 1.2583847613052137, 'b_bulk_scale': 0.3701495193389911, 'b_dislocation_scale': 0.30271764936970774, 'gb_scale': 0.06781472203557623, 'gd_bubble_scale': 4.547168831950737, 'gd_line_scale': 0.11312096939309972, 'gd_line_alpha': 0.9498039367505147, 'coalescence_d_scale': 0.8818573215670672, 'capture_scale': 0.024124327509877797}. Best is trial 337 with value: 3.230816415870084.
[I 2026-05-03 13:42:33,948] Trial 350 finished with value: 3.2274116210882813 and parameters: {'f_n': 7.097334833948057e-07, 'K_d': 237195.97205436745, 'rho_d': 26040933692288.125, 'fission_rate': 7.788479128960688e+19, 'Dg_D1_scale': 0.43712772286945983, 'Dg_D3_scale': 1.9534725293053798, 'Dv_D1_scale': 0.33896171786842144, 'Dv_D2_scale': 1.2654381937981243, 'b_bulk_scale': 0.3998315874491805, 'b_dislocation_scale': 0.3588697185615167, 'gb_scale': 0.06939999371257065, 'gd_bubble_scale': 4.436177970407815, 'gd_line_scale': 0.11713661703109225, 'gd_line_alpha': 0.9190099305044562, 'coalescence_d_scale': 0.9678276379010092, 'capture_scale': 0.025558323137005675}. Best is trial 350 with value: 3.2274116210882813.
[I 2026-05-03 13:42:38,447] Trial 351 finished with value: 3.2814410281808506 and parameters: {'f_n': 5.464062413767225e-07, 'K_d': 239456.24535151073, 'rho_d': 26237079640718.71, 'fission_rate': 7.801967886794785e+19, 'Dg_D1_scale': 0.4428396884743752, 'Dg_D3_scale': 2.879654401058844, 'Dv_D1_scale': 0.34131783589053755, 'Dv_D2_scale': 1.2687837399910675, 'b_bulk_scale': 0.4010483235897294, 'b_dislocation_scale': 0.37116736556876406, 'gb_scale': 0.06976523891131296, 'gd_bubble_scale': 4.361615214129555, 'gd_line_scale': 0.10902671916053296, 'gd_line_alpha': 0.9108845259533574, 'coalescence_d_scale': 0.9413411014548251, 'capture_scale': 0.032332012179934984}. Best is trial 350 with value: 3.2274116210882813.
[I 2026-05-03 13:42:44,754] Trial 352 finished with value: 3.1994355232192984 and parameters: {'f_n': 5.088281787423876e-07, 'K_d': 237857.9990628858, 'rho_d': 26589022389259.77, 'fission_rate': 7.895643784442873e+19, 'Dg_D1_scale': 0.44414893844859654, 'Dg_D3_scale': 1.101932865261289, 'Dv_D1_scale': 0.3395607671199671, 'Dv_D2_scale': 1.2529252920463247, 'b_bulk_scale': 0.41520173541641064, 'b_dislocation_scale': 0.36792483441184465, 'gb_scale': 0.06935150254876668, 'gd_bubble_scale': 4.073458965852774, 'gd_line_scale': 0.08720655374965991, 'gd_line_alpha': 0.9174197762723719, 'coalescence_d_scale': 1.0148265371923018, 'capture_scale': 0.03266672763392215}. Best is trial 352 with value: 3.1994355232192984.
[I 2026-05-03 13:42:50,009] Trial 353 finished with value: 4.715946688366352 and parameters: {'f_n': 5.270188714377152e-07, 'K_d': 250236.9888640456, 'rho_d': 25795101789519.297, 'fission_rate': 7.896013982726031e+19, 'Dg_D1_scale': 3.3071855660123193, 'Dg_D3_scale': 2.578120015930148, 'Dv_D1_scale': 0.34655892252692716, 'Dv_D2_scale': 1.2537778961312047, 'b_bulk_scale': 0.4280723864949642, 'b_dislocation_scale': 2.0737635917240422, 'gb_scale': 0.06971717645217884, 'gd_bubble_scale': 4.528786119304791, 'gd_line_scale': 0.058742590430667256, 'gd_line_alpha': 0.9181751584724835, 'coalescence_d_scale': 1.217826090796403, 'capture_scale': 0.03445901867023}. Best is trial 352 with value: 3.1994355232192984.
[I 2026-05-03 13:42:56,339] Trial 354 finished with value: 3.2670613104350386 and parameters: {'f_n': 4.7293710379471974e-07, 'K_d': 237799.98967332186, 'rho_d': 26791034482382.023, 'fission_rate': 7.873189393455825e+19, 'Dg_D1_scale': 0.45209726856196514, 'Dg_D3_scale': 1.3440291917585767, 'Dv_D1_scale': 0.38070955097598813, 'Dv_D2_scale': 1.306143701792541, 'b_bulk_scale': 0.3563097005472525, 'b_dislocation_scale': 0.3669337959163481, 'gb_scale': 0.07645344426411745, 'gd_bubble_scale': 3.5538790914227167, 'gd_line_scale': 0.08855304392148589, 'gd_line_alpha': 0.9085732373271498, 'coalescence_d_scale': 0.9874368877716945, 'capture_scale': 0.032606302377286366}. Best is trial 352 with value: 3.1994355232192984.
[I 2026-05-03 13:43:02,845] Trial 355 finished with value: 3.2578984320529014 and parameters: {'f_n': 4.878156722630139e-07, 'K_d': 257483.50352011676, 'rho_d': 26690566464735.137, 'fission_rate': 7.843251690090704e+19, 'Dg_D1_scale': 0.5140296769777346, 'Dg_D3_scale': 1.0748829741238226, 'Dv_D1_scale': 0.4361851779437457, 'Dv_D2_scale': 1.2982363165277155, 'b_bulk_scale': 0.40188052168474814, 'b_dislocation_scale': 0.3651543196579201, 'gb_scale': 0.06887813381067444, 'gd_bubble_scale': 3.4946719310942584, 'gd_line_scale': 0.08577151554590737, 'gd_line_alpha': 0.9195514499393889, 'coalescence_d_scale': 0.9898173316258994, 'capture_scale': 0.036625937661497805}. Best is trial 352 with value: 3.1994355232192984.
[I 2026-05-03 13:43:07,288] Trial 356 finished with value: 3.2699684581443678 and parameters: {'f_n': 4.666379928017577e-07, 'K_d': 257592.50910103213, 'rho_d': 25872706050936.164, 'fission_rate': 7.89079580081846e+19, 'Dg_D1_scale': 0.5321767735357198, 'Dg_D3_scale': 1.067723244943203, 'Dv_D1_scale': 0.4418246619131907, 'Dv_D2_scale': 1.3265657814379568, 'b_bulk_scale': 0.4131974536367148, 'b_dislocation_scale': 0.36949726536288124, 'gb_scale': 0.06958246527127007, 'gd_bubble_scale': 3.327990281293318, 'gd_line_scale': 0.0952633447377652, 'gd_line_alpha': 0.9152974175646436, 'coalescence_d_scale': 1.012623866039877, 'capture_scale': 0.04061578607593139}. Best is trial 352 with value: 3.1994355232192984.
[I 2026-05-03 13:43:13,531] Trial 357 finished with value: 3.2678090728580442 and parameters: {'f_n': 4.98508986710333e-07, 'K_d': 258640.72160516566, 'rho_d': 26304964251444.97, 'fission_rate': 7.933429579392279e+19, 'Dg_D1_scale': 0.5126788446829318, 'Dg_D3_scale': 1.0771033360202416, 'Dv_D1_scale': 0.3915715903911462, 'Dv_D2_scale': 1.315606407757457, 'b_bulk_scale': 0.40673673031343976, 'b_dislocation_scale': 0.36622083649333426, 'gb_scale': 0.07002871606071692, 'gd_bubble_scale': 3.214247345743989, 'gd_line_scale': 0.10680634633657836, 'gd_line_alpha': 0.9116179428424672, 'coalescence_d_scale': 1.013308615173835, 'capture_scale': 0.040095401539564646}. Best is trial 352 with value: 3.1994355232192984.
[I 2026-05-03 13:43:19,779] Trial 358 finished with value: 3.2763629966907715 and parameters: {'f_n': 4.731105460417067e-07, 'K_d': 259806.22257089306, 'rho_d': 25317034907590.06, 'fission_rate': 7.999751872705244e+19, 'Dg_D1_scale': 0.5288703162723182, 'Dg_D3_scale': 1.0900264002151505, 'Dv_D1_scale': 0.4765193188246717, 'Dv_D2_scale': 1.292277459529855, 'b_bulk_scale': 0.41008292290722415, 'b_dislocation_scale': 0.3681387130323983, 'gb_scale': 0.07052377808803498, 'gd_bubble_scale': 3.3563319599206194, 'gd_line_scale': 0.10422214616620698, 'gd_line_alpha': 0.9160354226189501, 'coalescence_d_scale': 1.0355328858909894, 'capture_scale': 0.039830387338994196}. Best is trial 352 with value: 3.1994355232192984.
[I 2026-05-03 13:43:26,217] Trial 359 finished with value: 3.2414690158794963 and parameters: {'f_n': 4.528417417315276e-07, 'K_d': 262834.56041096186, 'rho_d': 26092915575658.773, 'fission_rate': 7.989076301418642e+19, 'Dg_D1_scale': 0.5241659074093448, 'Dg_D3_scale': 1.1098914546634122, 'Dv_D1_scale': 0.4163654560831979, 'Dv_D2_scale': 1.39418338289605, 'b_bulk_scale': 0.44867921976166303, 'b_dislocation_scale': 0.37091039095918094, 'gb_scale': 0.07489906410362841, 'gd_bubble_scale': 3.3533978199772694, 'gd_line_scale': 0.10009903350007317, 'gd_line_alpha': 0.9201757145728932, 'coalescence_d_scale': 1.1039461738849288, 'capture_scale': 0.04485393783338674}. Best is trial 352 with value: 3.1994355232192984.
[I 2026-05-03 13:43:33,156] Trial 360 finished with value: 3.2459222123028204 and parameters: {'f_n': 4.379521263225377e-07, 'K_d': 258117.66561531136, 'rho_d': 25540079421295.867, 'fission_rate': 7.986500571121869e+19, 'Dg_D1_scale': 0.5326942485235451, 'Dg_D3_scale': 1.2854950137646652, 'Dv_D1_scale': 0.45186645047093316, 'Dv_D2_scale': 1.396430127596736, 'b_bulk_scale': 0.4123990033126553, 'b_dislocation_scale': 0.38134968375127526, 'gb_scale': 0.07957038092818887, 'gd_bubble_scale': 3.28297497544197, 'gd_line_scale': 0.10183118952384813, 'gd_line_alpha': 0.9074507670453057, 'coalescence_d_scale': 1.3002095535630054, 'capture_scale': 0.042299275774892335}. Best is trial 352 with value: 3.1994355232192984.Best trial: 352. Best value: 3.19944:  72%|███████▏  | 360/500 [38:16<14:10,  6.07s/it]Best trial: 352. Best value: 3.19944:  72%|███████▏  | 360/500 [38:16<14:10,  6.07s/it]Best trial: 352. Best value: 3.19944:  72%|███████▏  | 361/500 [38:16<14:41,  6.34s/it]                                                                                       Best trial: 352. Best value: 3.19944:  72%|███████▏  | 361/500 [38:21<14:41,  6.34s/it]Best trial: 352. Best value: 3.19944:  72%|███████▏  | 361/500 [38:21<14:41,  6.34s/it]Best trial: 352. Best value: 3.19944:  72%|███████▏  | 362/500 [38:21<13:45,  5.98s/it]                                                                                       Best trial: 352. Best value: 3.19944:  72%|███████▏  | 362/500 [38:28<13:45,  5.98s/it]Best trial: 352. Best value: 3.19944:  72%|███████▏  | 362/500 [38:28<13:45,  5.98s/it]Best trial: 352. Best value: 3.19944:  73%|███████▎  | 363/500 [38:28<14:08,  6.19s/it]                                                                                       Best trial: 352. Best value: 3.19944:  73%|███████▎  | 363/500 [38:35<14:08,  6.19s/it]Best trial: 352. Best value: 3.19944:  73%|███████▎  | 363/500 [38:35<14:08,  6.19s/it]Best trial: 352. Best value: 3.19944:  73%|███████▎  | 364/500 [38:35<14:36,  6.44s/it]                                                                                       Best trial: 352. Best value: 3.19944:  73%|███████▎  | 364/500 [38:42<14:36,  6.44s/it]Best trial: 352. Best value: 3.19944:  73%|███████▎  | 364/500 [38:42<14:36,  6.44s/it]Best trial: 352. Best value: 3.19944:  73%|███████▎  | 365/500 [38:42<14:58,  6.66s/it]                                                                                       Best trial: 352. Best value: 3.19944:  73%|███████▎  | 365/500 [38:48<14:58,  6.66s/it]Best trial: 352. Best value: 3.19944:  73%|███████▎  | 365/500 [38:48<14:58,  6.66s/it]Best trial: 352. Best value: 3.19944:  73%|███████▎  | 366/500 [38:48<14:43,  6.60s/it]                                                                                       Best trial: 352. Best value: 3.19944:  73%|███████▎  | 366/500 [38:53<14:43,  6.60s/it]Best trial: 352. Best value: 3.19944:  73%|███████▎  | 366/500 [38:53<14:43,  6.60s/it]Best trial: 352. Best value: 3.19944:  73%|███████▎  | 367/500 [38:53<13:18,  6.01s/it]                                                                                       Best trial: 352. Best value: 3.19944:  73%|███████▎  | 367/500 [39:00<13:18,  6.01s/it]Best trial: 352. Best value: 3.19944:  73%|███████▎  | 367/500 [39:00<13:18,  6.01s/it]Best trial: 352. Best value: 3.19944:  74%|███████▎  | 368/500 [39:00<13:39,  6.21s/it]                                                                                       Best trial: 352. Best value: 3.19944:  74%|███████▎  | 368/500 [39:07<13:39,  6.21s/it]Best trial: 352. Best value: 3.19944:  74%|███████▎  | 368/500 [39:07<13:39,  6.21s/it]Best trial: 352. Best value: 3.19944:  74%|███████▍  | 369/500 [39:07<14:06,  6.46s/it]                                                                                       Best trial: 352. Best value: 3.19944:  74%|███████▍  | 369/500 [39:13<14:06,  6.46s/it]Best trial: 352. Best value: 3.19944:  74%|███████▍  | 369/500 [39:14<14:06,  6.46s/it]Best trial: 352. Best value: 3.19944:  74%|███████▍  | 370/500 [39:14<14:16,  6.59s/it]                                                                                       Best trial: 352. Best value: 3.19944:  74%|███████▍  | 370/500 [39:20<14:16,  6.59s/it]Best trial: 370. Best value: 3.19819:  74%|███████▍  | 370/500 [39:20<14:16,  6.59s/it]Best trial: 370. Best value: 3.19819:  74%|███████▍  | 371/500 [39:20<14:18,  6.65s/it]                                                                                       Best trial: 370. Best value: 3.19819:  74%|███████▍  | 371/500 [39:25<14:18,  6.65s/it]Best trial: 370. Best value: 3.19819:  74%|███████▍  | 371/500 [39:25<14:18,  6.65s/it]Best trial: 370. Best value: 3.19819:  74%|███████▍  | 372/500 [39:25<13:00,  6.10s/it]                                                                                       
[I 2026-05-03 13:43:38,305] Trial 361 finished with value: 3.2439384606235557 and parameters: {'f_n': 4.3711625146988887e-07, 'K_d': 260785.52910472208, 'rho_d': 25290166886917.832, 'fission_rate': 7.918329756845087e+19, 'Dg_D1_scale': 0.5293596373404486, 'Dg_D3_scale': 1.0819007801449694, 'Dv_D1_scale': 0.4563466033433206, 'Dv_D2_scale': 1.5517516462681926, 'b_bulk_scale': 0.48363280594622743, 'b_dislocation_scale': 0.3756229192089189, 'gb_scale': 0.08099708423942317, 'gd_bubble_scale': 3.2856280981661596, 'gd_line_scale': 0.10192867130195721, 'gd_line_alpha': 0.9107481345552012, 'coalescence_d_scale': 1.243865652489543, 'capture_scale': 0.0439646720106119}. Best is trial 352 with value: 3.1994355232192984.
[I 2026-05-03 13:43:45,001] Trial 362 finished with value: 3.323824881839715 and parameters: {'f_n': 4.413758173355144e-07, 'K_d': 250309.8895185484, 'rho_d': 25806525382322.707, 'fission_rate': 7.938836494990698e+19, 'Dg_D1_scale': 0.4779523781790808, 'Dg_D3_scale': 1.1453225179353912, 'Dv_D1_scale': 0.44684613892555003, 'Dv_D2_scale': 1.574937653533531, 'b_bulk_scale': 0.47650395417400215, 'b_dislocation_scale': 0.3872239465785995, 'gb_scale': 0.08095940845917293, 'gd_bubble_scale': 2.9693573024944704, 'gd_line_scale': 0.10070024758616113, 'gd_line_alpha': 0.9026483612728243, 'coalescence_d_scale': 1.2143968866411263, 'capture_scale': 0.04838901213724934}. Best is trial 352 with value: 3.1994355232192984.
[I 2026-05-03 13:43:51,967] Trial 363 finished with value: 3.2544920952040215 and parameters: {'f_n': 4.2204105985280735e-07, 'K_d': 259307.6773131917, 'rho_d': 25693274990658.215, 'fission_rate': 7.996773790735919e+19, 'Dg_D1_scale': 0.5376772180580004, 'Dg_D3_scale': 1.0662527467982603, 'Dv_D1_scale': 0.5208353444427638, 'Dv_D2_scale': 1.3890251065908104, 'b_bulk_scale': 0.4657246926756563, 'b_dislocation_scale': 0.371088238298519, 'gb_scale': 0.07509609857922224, 'gd_bubble_scale': 3.416689825916095, 'gd_line_scale': 0.1045126160618219, 'gd_line_alpha': 0.9091520461459355, 'coalescence_d_scale': 1.3988668185483846, 'capture_scale': 0.043451126779722356}. Best is trial 352 with value: 3.1994355232192984.
[I 2026-05-03 13:43:59,132] Trial 364 finished with value: 3.2435928167981993 and parameters: {'f_n': 4.1069677911713963e-07, 'K_d': 258418.512350267, 'rho_d': 25516565366188.246, 'fission_rate': 7.91643830080951e+19, 'Dg_D1_scale': 0.5357608922006921, 'Dg_D3_scale': 1.0495680612290483, 'Dv_D1_scale': 0.44817245771069836, 'Dv_D2_scale': 1.5335107988355132, 'b_bulk_scale': 0.4712550706621783, 'b_dislocation_scale': 0.36091964620763084, 'gb_scale': 0.07684927527051832, 'gd_bubble_scale': 3.2621514728776857, 'gd_line_scale': 0.10877162331728438, 'gd_line_alpha': 0.9072805529666816, 'coalescence_d_scale': 1.326982302433286, 'capture_scale': 0.0428477409947727}. Best is trial 352 with value: 3.1994355232192984.
[I 2026-05-03 13:44:05,630] Trial 365 finished with value: 3.2420327062863996 and parameters: {'f_n': 3.807738703662255e-07, 'K_d': 265790.58390263864, 'rho_d': 25316179290544.195, 'fission_rate': 7.99677729868705e+19, 'Dg_D1_scale': 0.5378774081333687, 'Dg_D3_scale': 1.0525462742858964, 'Dv_D1_scale': 0.4651041127076791, 'Dv_D2_scale': 1.5232799406110265, 'b_bulk_scale': 0.47941232642622233, 'b_dislocation_scale': 0.3654828409938109, 'gb_scale': 0.07740266730089379, 'gd_bubble_scale': 3.2968318200006923, 'gd_line_scale': 0.10711446107598689, 'gd_line_alpha': 0.9062476598400984, 'coalescence_d_scale': 1.3692652864937864, 'capture_scale': 0.044321350470778634}. Best is trial 352 with value: 3.1994355232192984.
[I 2026-05-03 13:44:10,273] Trial 366 finished with value: 3.2496368342169863 and parameters: {'f_n': 3.780667529853403e-07, 'K_d': 262027.89452631507, 'rho_d': 25165821502051.652, 'fission_rate': 7.987786332246088e+19, 'Dg_D1_scale': 0.5304352351624048, 'Dg_D3_scale': 1.0562260133302463, 'Dv_D1_scale': 0.4600913557523932, 'Dv_D2_scale': 1.4113801670388957, 'b_bulk_scale': 0.4697012296110477, 'b_dislocation_scale': 0.37359884706148166, 'gb_scale': 0.0807340837100916, 'gd_bubble_scale': 3.116376703833353, 'gd_line_scale': 0.10083103889369242, 'gd_line_alpha': 0.9010125764097483, 'coalescence_d_scale': 1.3294566233683782, 'capture_scale': 0.04241757728222731}. Best is trial 352 with value: 3.1994355232192984.
[I 2026-05-03 13:44:16,943] Trial 367 finished with value: 3.236284840622073 and parameters: {'f_n': 4.1864427299929065e-07, 'K_d': 263676.9164339452, 'rho_d': 25393086002360.1, 'fission_rate': 7.978708080292864e+19, 'Dg_D1_scale': 0.5095940903194919, 'Dg_D3_scale': 1.0431542421864701, 'Dv_D1_scale': 0.4654616167477968, 'Dv_D2_scale': 1.5498735266127166, 'b_bulk_scale': 0.4407472474979674, 'b_dislocation_scale': 0.37439595273247006, 'gb_scale': 0.08259869530824908, 'gd_bubble_scale': 3.2595729047497453, 'gd_line_scale': 0.09718948598752097, 'gd_line_alpha': 0.8963992946408355, 'coalescence_d_scale': 1.3535083976643298, 'capture_scale': 0.04373425147446234}. Best is trial 352 with value: 3.1994355232192984.
[I 2026-05-03 13:44:23,995] Trial 368 finished with value: 3.24800339113016 and parameters: {'f_n': 3.9869176259622037e-07, 'K_d': 262594.3081200996, 'rho_d': 25130084385463.773, 'fission_rate': 7.98389169594267e+19, 'Dg_D1_scale': 0.5338162852687981, 'Dg_D3_scale': 1.047050413009023, 'Dv_D1_scale': 0.45984019791708924, 'Dv_D2_scale': 1.5255434535821957, 'b_bulk_scale': 0.472989412274267, 'b_dislocation_scale': 0.37663713565194107, 'gb_scale': 0.07941412853399767, 'gd_bubble_scale': 3.0840012807430903, 'gd_line_scale': 0.09721702814396384, 'gd_line_alpha': 0.9027742120043303, 'coalescence_d_scale': 1.374794202248011, 'capture_scale': 0.04421399703068774}. Best is trial 352 with value: 3.1994355232192984.
[I 2026-05-03 13:44:30,876] Trial 369 finished with value: 3.27257721905503 and parameters: {'f_n': 3.6550926215114537e-07, 'K_d': 262965.74855775246, 'rho_d': 25133656961337.008, 'fission_rate': 7.997611843397973e+19, 'Dg_D1_scale': 0.5412534235129586, 'Dg_D3_scale': 1.0263386151593952, 'Dv_D1_scale': 0.4564988749447606, 'Dv_D2_scale': 1.7665380161072435, 'b_bulk_scale': 0.47647216248035745, 'b_dislocation_scale': 0.3896341136757654, 'gb_scale': 0.0821771853267726, 'gd_bubble_scale': 2.9607045888972663, 'gd_line_scale': 0.09590972791958273, 'gd_line_alpha': 0.8986285706052495, 'coalescence_d_scale': 1.417889092977051, 'capture_scale': 0.04526598277267897}. Best is trial 352 with value: 3.1994355232192984.
[I 2026-05-03 13:44:37,674] Trial 370 finished with value: 3.1981937544986465 and parameters: {'f_n': 3.946091717614063e-07, 'K_d': 262190.03097390244, 'rho_d': 25081923137096.297, 'fission_rate': 7.929866562425414e+19, 'Dg_D1_scale': 0.5231254034134888, 'Dg_D3_scale': 1.2754004628129185, 'Dv_D1_scale': 0.431540772255935, 'Dv_D2_scale': 1.5416633547778116, 'b_bulk_scale': 0.5066901073355691, 'b_dislocation_scale': 0.3675612159420682, 'gb_scale': 0.08333250648201487, 'gd_bubble_scale': 3.229035803494194, 'gd_line_scale': 0.07248315162071392, 'gd_line_alpha': 0.9013491952590725, 'coalescence_d_scale': 1.3964717146763086, 'capture_scale': 0.053098463384386334}. Best is trial 370 with value: 3.1981937544986465.
[I 2026-05-03 13:44:42,475] Trial 371 finished with value: 3.264176902698426 and parameters: {'f_n': 3.925593824838031e-07, 'K_d': 265728.5632814844, 'rho_d': 25029559799144.566, 'fission_rate': 7.907098553610561e+19, 'Dg_D1_scale': 0.5090957843033909, 'Dg_D3_scale': 1.2653940952037248, 'Dv_D1_scale': 0.5236513971757981, 'Dv_D2_scale': 1.5302385568729417, 'b_bulk_scale': 0.5463475939650903, 'b_dislocation_scale': 0.3682529408322778, 'gb_scale': 0.08504315842784352, 'gd_bubble_scale': 2.758308500488647, 'gd_line_scale': 0.0720320459844445, 'gd_line_alpha': 0.8994387745046964, 'coalescence_d_scale': 1.667970723803477, 'capture_scale': 0.053032929353908145}. Best is trial 370 with value: 3.1981937544986465.
