[I 2026-05-03 13:50:34,639] Trial 426 finished with value: 3.3798581040665296 and parameters: {'f_n': 1.9855238387970473e-07, 'K_d': 334778.86591635685, 'rho_d': 23161620757715.062, 'fission_rate': 4.354340239935772e+19, 'Dg_D1_scale': 0.5788822747624549, 'Dg_D3_scale': 1.5124930957499518, 'Dv_D1_scale': 0.6983841868991523, 'Dv_D2_scale': 1.8232928471413459, 'b_bulk_scale': 1.101235617090029, 'b_dislocation_scale': 0.5447242474188796, 'gb_scale': 0.10032795600928726, 'gd_bubble_scale': 2.2232449185629655, 'gd_line_scale': 0.05879206080981527, 'gd_line_alpha': 0.0008615651693741344, 'coalescence_d_scale': 2.208342514150987, 'capture_scale': 0.07181544743358485}. Best is trial 402 with value: 3.06319451084688.
[I 2026-05-03 13:50:40,809] Trial 427 finished with value: 3.0784233535695518 and parameters: {'f_n': 1.6727485206202813e-07, 'K_d': 314082.43471506785, 'rho_d': 21858411926067.215, 'fission_rate': 5.906088304274001e+19, 'Dg_D1_scale': 0.6226749217631962, 'Dg_D3_scale': 0.8297650158430759, 'Dv_D1_scale': 0.5065776692357232, 'Dv_D2_scale': 2.6255566588988604, 'b_bulk_scale': 0.8398566384624726, 'b_dislocation_scale': 0.49867857991117953, 'gb_scale': 0.08984962551295837, 'gd_bubble_scale': 2.80700941531969, 'gd_line_scale': 0.05569477540562698, 'gd_line_alpha': 0.8672532104763417, 'coalescence_d_scale': 3.337179600222137, 'capture_scale': 0.05906569984448115}. Best is trial 402 with value: 3.06319451084688.
[I 2026-05-03 13:50:50,684] Trial 428 finished with value: 3.3981156684374967 and parameters: {'f_n': 1.7047305861526932e-07, 'K_d': 316260.9535786837, 'rho_d': 22176397323844.35, 'fission_rate': 4.707414596522999e+19, 'Dg_D1_scale': 0.6238220510587663, 'Dg_D3_scale': 0.8325117666239804, 'Dv_D1_scale': 0.8354117188865431, 'Dv_D2_scale': 2.7924728900063758, 'b_bulk_scale': 1.2925917463903471, 'b_dislocation_scale': 0.5081178036521145, 'gb_scale': 0.08969069254929363, 'gd_bubble_scale': 2.8835507593634, 'gd_line_scale': 0.05532199435881677, 'gd_line_alpha': 0.8672865985995324, 'coalescence_d_scale': 3.321766851514689, 'capture_scale': 0.060560570100631206}. Best is trial 402 with value: 3.06319451084688.
[I 2026-05-03 13:50:58,453] Trial 429 finished with value: 3.6770751268311854 and parameters: {'f_n': 1.301746124527795e-07, 'K_d': 305834.4858231873, 'rho_d': 21197761394062.656, 'fission_rate': 6.109722337483144e+19, 'Dg_D1_scale': 0.7129446174513667, 'Dg_D3_scale': 0.7860651798563777, 'Dv_D1_scale': 0.6480809571485324, 'Dv_D2_scale': 2.576884814272311, 'b_bulk_scale': 0.8282442998967359, 'b_dislocation_scale': 0.649295729530695, 'gb_scale': 0.10078486474479745, 'gd_bubble_scale': 2.411218207131457, 'gd_line_scale': 0.06165606134426122, 'gd_line_alpha': 0.8637322565175564, 'coalescence_d_scale': 2.568705065112791, 'capture_scale': 0.053707157310714834}. Best is trial 402 with value: 3.06319451084688.
[I 2026-05-03 13:51:06,518] Trial 430 finished with value: 3.315929087043618 and parameters: {'f_n': 2.0293295059961527e-07, 'K_d': 342364.5683239465, 'rho_d': 23570294614231.78, 'fission_rate': 5.828501716535037e+19, 'Dg_D1_scale': 0.582575005715914, 'Dg_D3_scale': 0.6393059794582274, 'Dv_D1_scale': 0.5089199433590479, 'Dv_D2_scale': 2.3722115437999007, 'b_bulk_scale': 0.9609070910156626, 'b_dislocation_scale': 0.5850176260717952, 'gb_scale': 0.11035699420143329, 'gd_bubble_scale': 2.817335174647114, 'gd_line_scale': 0.050913851684992066, 'gd_line_alpha': 0.8423195034659832, 'coalescence_d_scale': 2.996776185144888, 'capture_scale': 0.07577568182670312}. Best is trial 402 with value: 3.06319451084688.
[I 2026-05-03 13:51:12,827] Trial 431 finished with value: 3.0154184466044125 and parameters: {'f_n': 1.0620815555881841e-07, 'K_d': 293872.474259738, 'rho_d': 22286242912837.83, 'fission_rate': 7.816998919680652e+19, 'Dg_D1_scale': 0.6173118893041465, 'Dg_D3_scale': 0.9662663512496386, 'Dv_D1_scale': 0.5556950109442906, 'Dv_D2_scale': 2.255995574506773, 'b_bulk_scale': 0.8812486731198371, 'b_dislocation_scale': 0.4636073959457703, 'gb_scale': 0.0910210173177689, 'gd_bubble_scale': 2.942170685389617, 'gd_line_scale': 0.05665567282986887, 'gd_line_alpha': 0.8855206241855453, 'coalescence_d_scale': 3.8968778253290517, 'capture_scale': 0.06134519775873534}. Best is trial 431 with value: 3.0154184466044125.
[I 2026-05-03 13:51:17,394] Trial 432 finished with value: 3.3979443612094284 and parameters: {'f_n': 1.0389034823066612e-07, 'K_d': 319744.71458252677, 'rho_d': 21421077236092.434, 'fission_rate': 7.8007195998234e+19, 'Dg_D1_scale': 0.6435224141460346, 'Dg_D3_scale': 0.7348757650519081, 'Dv_D1_scale': 0.5669237223395714, 'Dv_D2_scale': 2.1717700524103756, 'b_bulk_scale': 0.8935915058009604, 'b_dislocation_scale': 0.4910321219765558, 'gb_scale': 0.08932739763892512, 'gd_bubble_scale': 2.091719899826059, 'gd_line_scale': 0.06482231510388603, 'gd_line_alpha': 0.8762655626212941, 'coalescence_d_scale': 4.412206204886534, 'capture_scale': 0.06095850508773965}. Best is trial 431 with value: 3.0154184466044125.Best trial: 431. Best value: 3.01542:  86%|████████▋ | 432/500 [46:00<08:01,  7.09s/it]Best trial: 431. Best value: 3.01542:  86%|████████▋ | 432/500 [46:00<08:01,  7.09s/it]Best trial: 431. Best value: 3.01542:  87%|████████▋ | 433/500 [46:00<07:41,  6.89s/it]                                                                                       Best trial: 431. Best value: 3.01542:  87%|████████▋ | 433/500 [46:06<07:41,  6.89s/it]Best trial: 431. Best value: 3.01542:  87%|████████▋ | 433/500 [46:06<07:41,  6.89s/it]Best trial: 431. Best value: 3.01542:  87%|████████▋ | 434/500 [46:06<07:23,  6.73s/it]                                                                                       Best trial: 431. Best value: 3.01542:  87%|████████▋ | 434/500 [46:13<07:23,  6.73s/it]Best trial: 431. Best value: 3.01542:  87%|████████▋ | 434/500 [46:13<07:23,  6.73s/it]Best trial: 431. Best value: 3.01542:  87%|████████▋ | 435/500 [46:13<07:11,  6.64s/it]                                                                                       Best trial: 431. Best value: 3.01542:  87%|████████▋ | 435/500 [46:19<07:11,  6.64s/it]Best trial: 431. Best value: 3.01542:  87%|████████▋ | 435/500 [46:19<07:11,  6.64s/it]Best trial: 431. Best value: 3.01542:  87%|████████▋ | 436/500 [46:19<07:01,  6.58s/it]                                                                                       Best trial: 431. Best value: 3.01542:  87%|████████▋ | 436/500 [46:26<07:01,  6.58s/it]Best trial: 431. Best value: 3.01542:  87%|████████▋ | 436/500 [46:26<07:01,  6.58s/it]Best trial: 431. Best value: 3.01542:  87%|████████▋ | 437/500 [46:26<06:51,  6.53s/it]                                                                                       Best trial: 431. Best value: 3.01542:  87%|████████▋ | 437/500 [46:32<06:51,  6.53s/it]Best trial: 431. Best value: 3.01542:  87%|████████▋ | 437/500 [46:32<06:51,  6.53s/it]Best trial: 431. Best value: 3.01542:  88%|████████▊ | 438/500 [46:32<06:43,  6.50s/it]                                                                                       Best trial: 431. Best value: 3.01542:  88%|████████▊ | 438/500 [46:40<06:43,  6.50s/it]Best trial: 431. Best value: 3.01542:  88%|████████▊ | 438/500 [46:40<06:43,  6.50s/it]Best trial: 431. Best value: 3.01542:  88%|████████▊ | 439/500 [46:40<07:07,  7.01s/it]                                                                                       Best trial: 431. Best value: 3.01542:  88%|████████▊ | 439/500 [46:48<07:07,  7.01s/it]Best trial: 431. Best value: 3.01542:  88%|████████▊ | 439/500 [46:49<07:07,  7.01s/it]Best trial: 431. Best value: 3.01542:  88%|████████▊ | 440/500 [46:49<07:22,  7.38s/it]                                                                                       Best trial: 431. Best value: 3.01542:  88%|████████▊ | 440/500 [46:55<07:22,  7.38s/it]Best trial: 431. Best value: 3.01542:  88%|████████▊ | 440/500 [46:55<07:22,  7.38s/it]Best trial: 431. Best value: 3.01542:  88%|████████▊ | 441/500 [46:55<06:58,  7.10s/it]                                                                                       Best trial: 431. Best value: 3.01542:  88%|████████▊ | 441/500 [47:01<06:58,  7.10s/it]Best trial: 431. Best value: 3.01542:  88%|████████▊ | 441/500 [47:01<06:58,  7.10s/it]Best trial: 431. Best value: 3.01542:  88%|████████▊ | 442/500 [47:01<06:39,  6.90s/it]                                                                                       Best trial: 431. Best value: 3.01542:  88%|████████▊ | 442/500 [47:09<06:39,  6.90s/it]Best trial: 431. Best value: 3.01542:  88%|████████▊ | 442/500 [47:09<06:39,  6.90s/it]Best trial: 431. Best value: 3.01542:  89%|████████▊ | 443/500 [47:09<06:51,  7.22s/it]                                                                                       Best trial: 431. Best value: 3.01542:  89%|████████▊ | 443/500 [47:18<06:51,  7.22s/it]Best trial: 431. Best value: 3.01542:  89%|████████▊ | 443/500 [47:18<06:51,  7.22s/it]Best trial: 431. Best value: 3.01542:  89%|████████▉ | 444/500 [47:18<07:05,  7.61s/it]                                                                                       
[I 2026-05-03 13:51:23,734] Trial 433 finished with value: 3.0842127970170012 and parameters: {'f_n': 7.105045075421601e-08, 'K_d': 295568.89474846254, 'rho_d': 22307220495511.348, 'fission_rate': 7.83504938095722e+19, 'Dg_D1_scale': 0.6139832605590401, 'Dg_D3_scale': 0.969720842148905, 'Dv_D1_scale': 0.5487936055101096, 'Dv_D2_scale': 2.4872216668764686, 'b_bulk_scale': 1.0215957244531533, 'b_dislocation_scale': 0.4543372429591677, 'gb_scale': 0.0891788276321705, 'gd_bubble_scale': 2.721339448027229, 'gd_line_scale': 0.058831853910797566, 'gd_line_alpha': 0.8887231762175423, 'coalescence_d_scale': 4.166329840168354, 'capture_scale': 0.08695396337900531}. Best is trial 431 with value: 3.0154184466044125.
[I 2026-05-03 13:51:30,167] Trial 434 finished with value: 3.053906995151603 and parameters: {'f_n': 7.598974837929421e-08, 'K_d': 296758.6705375473, 'rho_d': 22054632835476.336, 'fission_rate': 7.82688578541048e+19, 'Dg_D1_scale': 0.7523423998463432, 'Dg_D3_scale': 0.976847346412632, 'Dv_D1_scale': 0.5464652838640717, 'Dv_D2_scale': 2.5167480375627935, 'b_bulk_scale': 1.0535620094577107, 'b_dislocation_scale': 0.5473259992841844, 'gb_scale': 0.0908053843482027, 'gd_bubble_scale': 2.6885588535445635, 'gd_line_scale': 0.05793194334393621, 'gd_line_alpha': 0.8393990124266604, 'coalescence_d_scale': 4.180883035541683, 'capture_scale': 0.08303848446072097}. Best is trial 431 with value: 3.0154184466044125.
[I 2026-05-03 13:51:36,616] Trial 435 finished with value: 3.1200794443085 and parameters: {'f_n': 7.249915540465973e-08, 'K_d': 309452.66358065105, 'rho_d': 21032290036806.613, 'fission_rate': 7.809498429481406e+19, 'Dg_D1_scale': 0.7768727154229745, 'Dg_D3_scale': 0.9673467621842151, 'Dv_D1_scale': 0.5361663476345416, 'Dv_D2_scale': 2.6788680443666735, 'b_bulk_scale': 1.0729967825800355, 'b_dislocation_scale': 0.4622338725776289, 'gb_scale': 0.08897253388575199, 'gd_bubble_scale': 2.347970956929606, 'gd_line_scale': 0.06616813702533092, 'gd_line_alpha': 0.8855334017523596, 'coalescence_d_scale': 3.968529466036899, 'capture_scale': 0.09440720888883218}. Best is trial 431 with value: 3.0154184466044125.
[I 2026-05-03 13:51:43,017] Trial 436 finished with value: 3.217883564309189 and parameters: {'f_n': 7.167270245551898e-08, 'K_d': 336331.3004806629, 'rho_d': 20969487147748.465, 'fission_rate': 7.820020445924572e+19, 'Dg_D1_scale': 0.6678085728213861, 'Dg_D3_scale': 0.9699270637334, 'Dv_D1_scale': 0.5508137205760392, 'Dv_D2_scale': 3.1135709626800736, 'b_bulk_scale': 1.0501812593735453, 'b_dislocation_scale': 0.462114229381623, 'gb_scale': 0.09192932395764905, 'gd_bubble_scale': 2.386174145319125, 'gd_line_scale': 0.06584990791072375, 'gd_line_alpha': 0.8858254572309212, 'coalescence_d_scale': 5.800517763924111, 'capture_scale': 0.09097119883446367}. Best is trial 431 with value: 3.0154184466044125.
[I 2026-05-03 13:51:49,456] Trial 437 finished with value: 3.0735961124915225 and parameters: {'f_n': 6.445867443597701e-08, 'K_d': 313665.34059013624, 'rho_d': 21995610970315.547, 'fission_rate': 5.7913291787376116e+19, 'Dg_D1_scale': 0.7519662273374084, 'Dg_D3_scale': 0.8444719407328626, 'Dv_D1_scale': 0.522503863404131, 'Dv_D2_scale': 2.6526994966540722, 'b_bulk_scale': 1.1539808026388632, 'b_dislocation_scale': 0.5593375221817768, 'gb_scale': 0.08860746265670968, 'gd_bubble_scale': 2.670935370901992, 'gd_line_scale': 0.05930529893461223, 'gd_line_alpha': 0.8455385976559507, 'coalescence_d_scale': 3.8301081936820816, 'capture_scale': 0.08378148894822304}. Best is trial 431 with value: 3.0154184466044125.
[I 2026-05-03 13:51:57,652] Trial 438 finished with value: 3.5094405992002122 and parameters: {'f_n': 5.190845214487595e-08, 'K_d': 317653.5841694855, 'rho_d': 21006090190833.188, 'fission_rate': 5.890593544686728e+19, 'Dg_D1_scale': 0.7751199915546831, 'Dg_D3_scale': 0.8410624056140364, 'Dv_D1_scale': 0.522220476236603, 'Dv_D2_scale': 2.6614464148595407, 'b_bulk_scale': 1.1801738254370662, 'b_dislocation_scale': 0.7443166806017946, 'gb_scale': 0.09321980986265342, 'gd_bubble_scale': 2.0405002507852266, 'gd_line_scale': 0.05767596749725487, 'gd_line_alpha': 0.8394299606669531, 'coalescence_d_scale': 3.8707848407557277, 'capture_scale': 0.0861386843256758}. Best is trial 431 with value: 3.0154184466044125.
[I 2026-05-03 13:52:05,900] Trial 439 finished with value: 3.242189902178299 and parameters: {'f_n': 6.601585153122827e-08, 'K_d': 307229.893468775, 'rho_d': 22100388037703.527, 'fission_rate': 5.844743887940174e+19, 'Dg_D1_scale': 0.7719030830590925, 'Dg_D3_scale': 0.8485636061858725, 'Dv_D1_scale': 0.5932616001301287, 'Dv_D2_scale': 2.990794698715536, 'b_bulk_scale': 0.9774206123560869, 'b_dislocation_scale': 0.5753929939621028, 'gb_scale': 0.10940623001806064, 'gd_bubble_scale': 2.464817733809923, 'gd_line_scale': 0.06031761755857791, 'gd_line_alpha': 0.8450280382294879, 'coalescence_d_scale': 4.9300443069833255, 'capture_scale': 0.10081124810587831}. Best is trial 431 with value: 3.0154184466044125.
[I 2026-05-03 13:52:12,341] Trial 440 finished with value: 3.0850956207456575 and parameters: {'f_n': 7.955719431411549e-08, 'K_d': 330139.65585336095, 'rho_d': 22106393936567.516, 'fission_rate': 7.806770533902865e+19, 'Dg_D1_scale': 0.7285566139484476, 'Dg_D3_scale': 0.7986750433643462, 'Dv_D1_scale': 0.5040498497355982, 'Dv_D2_scale': 2.7593573749007714, 'b_bulk_scale': 1.1473729333939142, 'b_dislocation_scale': 0.6252242660594699, 'gb_scale': 0.0911455201416959, 'gd_bubble_scale': 2.7070381951390923, 'gd_line_scale': 0.05001739673697066, 'gd_line_alpha': 0.8616930723360735, 'coalescence_d_scale': 3.3812056371051464, 'capture_scale': 0.07545792550300434}. Best is trial 431 with value: 3.0154184466044125.
[I 2026-05-03 13:52:18,759] Trial 441 finished with value: 3.052970835188079 and parameters: {'f_n': 9.041239895140684e-08, 'K_d': 335303.30130033736, 'rho_d': 21100257213645.13, 'fission_rate': 5.900300131304197e+19, 'Dg_D1_scale': 0.7296613360067041, 'Dg_D3_scale': 0.789585839742452, 'Dv_D1_scale': 0.5024139430594156, 'Dv_D2_scale': 2.4720665514588216, 'b_bulk_scale': 1.09671745636398, 'b_dislocation_scale': 0.6026371316434397, 'gb_scale': 0.08708804295759742, 'gd_bubble_scale': 2.687536625994303, 'gd_line_scale': 0.0565672899533761, 'gd_line_alpha': 0.8588995798660246, 'coalescence_d_scale': 3.4893828673577367, 'capture_scale': 0.07645029552195809}. Best is trial 431 with value: 3.0154184466044125.
[I 2026-05-03 13:52:26,741] Trial 442 finished with value: 3.381339656322737 and parameters: {'f_n': 8.576838923235224e-08, 'K_d': 333034.0382462523, 'rho_d': 20796184874786.938, 'fission_rate': 5.9596174464965435e+19, 'Dg_D1_scale': 0.8302285644413268, 'Dg_D3_scale': 0.7854360294173252, 'Dv_D1_scale': 0.540558526868274, 'Dv_D2_scale': 2.514728797742009, 'b_bulk_scale': 1.1569640896516327, 'b_dislocation_scale': 0.6791206033671184, 'gb_scale': 0.08945067268281293, 'gd_bubble_scale': 2.1967047032040385, 'gd_line_scale': 0.05035957213821213, 'gd_line_alpha': 0.8389908277330949, 'coalescence_d_scale': 4.071737019129308, 'capture_scale': 0.0833391168667381}. Best is trial 431 with value: 3.0154184466044125.
[I 2026-05-03 13:52:35,251] Trial 443 finished with value: 3.3894220748426873 and parameters: {'f_n': 5.845238669345127e-08, 'K_d': 349638.2736709588, 'rho_d': 22260324312200.22, 'fission_rate': 5.616636896593718e+19, 'Dg_D1_scale': 0.7298579006104128, 'Dg_D3_scale': 0.797221803852251, 'Dv_D1_scale': 0.4989986921284425, 'Dv_D2_scale': 2.723512230992922, 'b_bulk_scale': 1.0968588747300618, 'b_dislocation_scale': 0.8700998195374507, 'gb_scale': 0.08871177549860439, 'gd_bubble_scale': 2.576983458602614, 'gd_line_scale': 0.05575986598714573, 'gd_line_alpha': 0.8598140398365051, 'coalescence_d_scale': 3.6650942265729007, 'capture_scale': 0.0740109735085312}. Best is trial 431 with value: 3.0154184466044125.
