[I 2026-05-03 13:26:07,771] Trial 193 finished with value: 3.607378699219815 and parameters: {'f_n': 6.916449198202183e-07, 'K_d': 331079.13907830475, 'rho_d': 16224787648811.547, 'fission_rate': 6.506270841219991e+19, 'Dg_D1_scale': 0.15133785715656675, 'Dg_D3_scale': 0.35674066027147755, 'Dv_D1_scale': 0.25179221235191535, 'Dv_D2_scale': 0.27095695617044435, 'b_bulk_scale': 0.5141338176858283, 'b_dislocation_scale': 0.43048335070057553, 'gb_scale': 0.2020414183575649, 'gd_bubble_scale': 3.106440341842708, 'gd_line_scale': 0.7989484259933114, 'gd_line_alpha': 0.4408211183646061, 'coalescence_d_scale': 0.5575525594947449, 'capture_scale': 0.03100622991783778}. Best is trial 89 with value: 3.2308694002208087.
[I 2026-05-03 13:26:15,239] Trial 194 finished with value: 3.4946995036580324 and parameters: {'f_n': 8.803271398307924e-07, 'K_d': 276698.72232183395, 'rho_d': 19759604800747.348, 'fission_rate': 6.585351846350017e+19, 'Dg_D1_scale': 0.6214108959627879, 'Dg_D3_scale': 0.27303322250866163, 'Dv_D1_scale': 0.27236212131290544, 'Dv_D2_scale': 0.2401981964938666, 'b_bulk_scale': 0.37576991172049373, 'b_dislocation_scale': 0.38612649446503045, 'gb_scale': 0.2788101805839969, 'gd_bubble_scale': 2.758179588089383, 'gd_line_scale': 1.1007066373196785, 'gd_line_alpha': 0.8383136838790072, 'coalescence_d_scale': 0.25761810150528197, 'capture_scale': 0.01968980597965614}. Best is trial 89 with value: 3.2308694002208087.
[I 2026-05-03 13:26:23,069] Trial 195 finished with value: 3.8693691052957213 and parameters: {'f_n': 4.197837355024767e-07, 'K_d': 307023.0381913454, 'rho_d': 20910350706051.684, 'fission_rate': 6.432255903681562e+19, 'Dg_D1_scale': 0.5908859123890253, 'Dg_D3_scale': 0.24936995705084442, 'Dv_D1_scale': 0.2402540439347802, 'Dv_D2_scale': 0.30917288388272984, 'b_bulk_scale': 0.43431481418053897, 'b_dislocation_scale': 0.3190426482869514, 'gb_scale': 0.10981956589495911, 'gd_bubble_scale': 1.6960134792407264, 'gd_line_scale': 1.4689452683313355, 'gd_line_alpha': 0.5116728794487541, 'coalescence_d_scale': 0.7674596143627005, 'capture_scale': 0.025436914316593152}. Best is trial 89 with value: 3.2308694002208087.
[I 2026-05-03 13:26:28,643] Trial 196 finished with value: 3.392224567408593 and parameters: {'f_n': 3.2288080752093236e-07, 'K_d': 290292.85488201637, 'rho_d': 17309311527377.305, 'fission_rate': 6.757308897538816e+19, 'Dg_D1_scale': 0.5095145711539932, 'Dg_D3_scale': 0.31102205504962716, 'Dv_D1_scale': 0.22828605636748314, 'Dv_D2_scale': 0.21163033042834356, 'b_bulk_scale': 0.29097770345912516, 'b_dislocation_scale': 0.3476607895055079, 'gb_scale': 0.17194227975103984, 'gd_bubble_scale': 1.4883650599719627, 'gd_line_scale': 1.2975037794861195, 'gd_line_alpha': 0.4126285175475754, 'coalescence_d_scale': 0.6306099133470912, 'capture_scale': 0.02966498860361119}. Best is trial 89 with value: 3.2308694002208087.
[I 2026-05-03 13:26:35,789] Trial 197 finished with value: 3.4678969269041446 and parameters: {'f_n': 2.916673703168594e-07, 'K_d': 362458.3249419082, 'rho_d': 17688697730681.06, 'fission_rate': 6.94543034915769e+19, 'Dg_D1_scale': 0.1760952428144644, 'Dg_D3_scale': 0.30032304859160414, 'Dv_D1_scale': 0.22527565105368264, 'Dv_D2_scale': 0.20010123513890904, 'b_bulk_scale': 0.2959383302848374, 'b_dislocation_scale': 0.4441142176252458, 'gb_scale': 0.12720402270187656, 'gd_bubble_scale': 1.3003722652699103, 'gd_line_scale': 1.3005794523165521, 'gd_line_alpha': 0.39745627846481885, 'coalescence_d_scale': 0.8859797415435068, 'capture_scale': 0.02815739865938233}. Best is trial 89 with value: 3.2308694002208087.
[I 2026-05-03 13:26:43,018] Trial 198 finished with value: 3.69915466555545 and parameters: {'f_n': 1.9157723524900336e-07, 'K_d': 326681.47299978416, 'rho_d': 14764160686641.797, 'fission_rate': 6.734845872035278e+19, 'Dg_D1_scale': 0.7300173370440172, 'Dg_D3_scale': 0.18042805745404814, 'Dv_D1_scale': 0.21432231311814698, 'Dv_D2_scale': 0.22049029894399536, 'b_bulk_scale': 1.161251074566627, 'b_dislocation_scale': 0.36298465909976113, 'gb_scale': 0.15669940517366746, 'gd_bubble_scale': 1.4999080677354744, 'gd_line_scale': 1.5995855769898388, 'gd_line_alpha': 0.41642396050844227, 'coalescence_d_scale': 1.1528533495043312, 'capture_scale': 0.03566315366607496}. Best is trial 89 with value: 3.2308694002208087.
[I 2026-05-03 13:26:49,588] Trial 199 finished with value: 4.2164555122153935 and parameters: {'f_n': 3.345015770221537e-07, 'K_d': 293136.67829380283, 'rho_d': 16443602640365.43, 'fission_rate': 5.53362311816008e+19, 'Dg_D1_scale': 1.2129981611820269, 'Dg_D3_scale': 0.2645549645370646, 'Dv_D1_scale': 0.2337061189260956, 'Dv_D2_scale': 0.2092828789858649, 'b_bulk_scale': 0.26587074295271695, 'b_dislocation_scale': 0.5040668583980197, 'gb_scale': 2.0935255897523897, 'gd_bubble_scale': 5.485757607178579, 'gd_line_scale': 0.6981956938050249, 'gd_line_alpha': 0.3810152354422178, 'coalescence_d_scale': 0.7165126586058378, 'capture_scale': 0.0750161296739933}. Best is trial 89 with value: 3.2308694002208087.
[I 2026-05-03 13:26:54,980] Trial 200 finished with value: 3.9752694044594854 and parameters: {'f_n': 3.2555756769963e-08, 'K_d': 317072.0206480198, 'rho_d': 24835288237777.547, 'fission_rate': 6.785335815942946e+19, 'Dg_D1_scale': 0.19743092604206003, 'Dg_D3_scale': 0.29056405918797457, 'Dv_D1_scale': 0.2026253398461121, 'Dv_D2_scale': 0.6478345390336822, 'b_bulk_scale': 0.3261202118469321, 'b_dislocation_scale': 0.41058688365690754, 'gb_scale': 0.17311864718875686, 'gd_bubble_scale': 1.500742635722569, 'gd_line_scale': 1.8564828638840403, 'gd_line_alpha': 0.3011398040467619, 'coalescence_d_scale': 0.6409869471914271, 'capture_scale': 0.04168335183286008}. Best is trial 89 with value: 3.2308694002208087.
[I 2026-05-03 13:27:02,321] Trial 201 finished with value: 3.4637555301548146 and parameters: {'f_n': 2.451118123555175e-07, 'K_d': 261580.79514622167, 'rho_d': 18601969171653.637, 'fission_rate': 6.5837836256580125e+19, 'Dg_D1_scale': 0.5148853728298668, 'Dg_D3_scale': 0.323055241724959, 'Dv_D1_scale': 0.2551051284143362, 'Dv_D2_scale': 0.2619389518519112, 'b_bulk_scale': 0.3588337641059112, 'b_dislocation_scale': 0.3480247378877433, 'gb_scale': 0.14162029918321226, 'gd_bubble_scale': 2.032251691599256, 'gd_line_scale': 0.9727432968725785, 'gd_line_alpha': 0.45263722047753996, 'coalescence_d_scale': 0.5976013010987343, 'capture_scale': 0.022795929681058057}. Best is trial 89 with value: 3.2308694002208087.
[I 2026-05-03 13:27:09,632] Trial 202 finished with value: 3.430975387326953 and parameters: {'f_n': 4.799395582660845e-07, 'K_d': 223628.39010729286, 'rho_d': 17328309470186.818, 'fission_rate': 6.663089080628905e+19, 'Dg_D1_scale': 0.4758775613286829, 'Dg_D3_scale': 0.31305381362755824, 'Dv_D1_scale': 0.24055599983916467, 'Dv_D2_scale': 0.22887106029890733, 'b_bulk_scale': 0.38712800311487444, 'b_dislocation_scale': 0.28451693106417547, 'gb_scale': 0.22258432984122495, 'gd_bubble_scale': 1.7861571524971025, 'gd_line_scale': 1.2436093288577608, 'gd_line_alpha': 0.4778651736702837, 'coalescence_d_scale': 0.5199875030197604, 'capture_scale': 0.015398412864293904}. Best is trial 89 with value: 3.2308694002208087.
[I 2026-05-03 13:27:16,895] Trial 203 finished with value: 3.472142624254033 and parameters: {'f_n': 4.5578424344881995e-07, 'K_d': 225209.38393655908, 'rho_d': 17489764297578.947, 'fission_rate': 6.677261769909553e+19, 'Dg_D1_scale': 0.34249953124386756, 'Dg_D3_scale': 0.27778607966530006, 'Dv_D1_scale': 0.22498918774474747, 'Dv_D2_scale': 0.2269591688133619, 'b_bulk_scale': 0.48242416975580504, 'b_dislocation_scale': 0.27918615239409283, 'gb_scale': 0.2404677798786805, 'gd_bubble_scale': 1.772729740677772, 'gd_line_scale': 1.3536343486557878, 'gd_line_alpha': 0.4715578219859609, 'coalescence_d_scale': 0.29353588242753265, 'capture_scale': 0.014865600673891715}. Best is trial 89 with value: 3.2308694002208087.
[I 2026-05-03 13:27:23,843] Trial 204 finished with value: 3.504572324508118 and parameters: {'f_n': 3.309912895833829e-07, 'K_d': 242230.0168480327, 'rho_d': 15483858258769.076, 'fission_rate': 7.0006851947686175e+19, 'Dg_D1_scale': 0.4462956411494713, 'Dg_D3_scale': 0.3516901206666382, 'Dv_D1_scale': 0.2412048809309144, 'Dv_D2_scale': 0.24396122380841828, 'b_bulk_scale': 0.14350116238040633, 'b_dislocation_scale': 0.23737476158437584, 'gb_scale': 0.33506096671060964, 'gd_bubble_scale': 1.223282493520131, 'gd_line_scale': 1.255884245813082, 'gd_line_alpha': 0.4897952262052584, 'coalescence_d_scale': 0.48791431430683646, 'capture_scale': 0.018411120250315237}. Best is trial 89 with value: 3.2308694002208087.Best trial: 89. Best value: 3.23087:  41%|████      | 204/500 [22:06<34:33,  7.00s/it]Best trial: 89. Best value: 3.23087:  41%|████      | 204/500 [22:06<34:33,  7.00s/it]Best trial: 89. Best value: 3.23087:  41%|████      | 205/500 [22:06<34:20,  6.99s/it]                                                                                      Best trial: 89. Best value: 3.23087:  41%|████      | 205/500 [22:12<34:20,  6.99s/it]Best trial: 89. Best value: 3.23087:  41%|████      | 205/500 [22:12<34:20,  6.99s/it]Best trial: 89. Best value: 3.23087:  41%|████      | 206/500 [22:12<31:48,  6.49s/it]                                                                                      Best trial: 89. Best value: 3.23087:  41%|████      | 206/500 [22:19<31:48,  6.49s/it]Best trial: 89. Best value: 3.23087:  41%|████      | 206/500 [22:19<31:48,  6.49s/it]Best trial: 89. Best value: 3.23087:  41%|████▏     | 207/500 [22:19<32:42,  6.70s/it]                                                                                      Best trial: 89. Best value: 3.23087:  41%|████▏     | 207/500 [22:26<32:42,  6.70s/it]Best trial: 89. Best value: 3.23087:  41%|████▏     | 207/500 [22:26<32:42,  6.70s/it]Best trial: 89. Best value: 3.23087:  42%|████▏     | 208/500 [22:26<33:31,  6.89s/it]                                                                                      Best trial: 89. Best value: 3.23087:  42%|████▏     | 208/500 [22:33<33:31,  6.89s/it]Best trial: 89. Best value: 3.23087:  42%|████▏     | 208/500 [22:33<33:31,  6.89s/it]Best trial: 89. Best value: 3.23087:  42%|████▏     | 209/500 [22:33<33:47,  6.97s/it]                                                                                      Best trial: 89. Best value: 3.23087:  42%|████▏     | 209/500 [22:39<33:47,  6.97s/it]Best trial: 89. Best value: 3.23087:  42%|████▏     | 209/500 [22:39<33:47,  6.97s/it]Best trial: 89. Best value: 3.23087:  42%|████▏     | 210/500 [22:39<30:58,  6.41s/it]                                                                                      Best trial: 89. Best value: 3.23087:  42%|████▏     | 210/500 [22:45<30:58,  6.41s/it]Best trial: 89. Best value: 3.23087:  42%|████▏     | 210/500 [22:46<30:58,  6.41s/it]Best trial: 89. Best value: 3.23087:  42%|████▏     | 211/500 [22:46<31:37,  6.57s/it]                                                                                      Best trial: 89. Best value: 3.23087:  42%|████▏     | 211/500 [22:53<31:37,  6.57s/it]Best trial: 89. Best value: 3.23087:  42%|████▏     | 211/500 [22:53<31:37,  6.57s/it]Best trial: 89. Best value: 3.23087:  42%|████▏     | 212/500 [22:53<32:22,  6.75s/it]                                                                                      Best trial: 89. Best value: 3.23087:  42%|████▏     | 212/500 [23:00<32:22,  6.75s/it]Best trial: 89. Best value: 3.23087:  42%|████▏     | 212/500 [23:00<32:22,  6.75s/it]Best trial: 89. Best value: 3.23087:  43%|████▎     | 213/500 [23:00<32:32,  6.80s/it]                                                                                      Best trial: 89. Best value: 3.23087:  43%|████▎     | 213/500 [23:07<32:32,  6.80s/it]Best trial: 89. Best value: 3.23087:  43%|████▎     | 213/500 [23:07<32:32,  6.80s/it]Best trial: 89. Best value: 3.23087:  43%|████▎     | 214/500 [23:07<32:49,  6.89s/it]                                                                                      Best trial: 89. Best value: 3.23087:  43%|████▎     | 214/500 [23:12<32:49,  6.89s/it]Best trial: 89. Best value: 3.23087:  43%|████▎     | 214/500 [23:12<32:49,  6.89s/it]Best trial: 89. Best value: 3.23087:  43%|████▎     | 215/500 [23:12<30:02,  6.32s/it]                                                                                      Best trial: 89. Best value: 3.23087:  43%|████▎     | 215/500 [23:18<30:02,  6.32s/it]Best trial: 89. Best value: 3.23087:  43%|████▎     | 215/500 [23:18<30:02,  6.32s/it]Best trial: 89. Best value: 3.23087:  43%|████▎     | 216/500 [23:18<30:33,  6.45s/it]                                                                                      
[I 2026-05-03 13:27:29,177] Trial 205 finished with value: 3.436020689193259 and parameters: {'f_n': 3.999213493023018e-07, 'K_d': 205582.18355658904, 'rho_d': 16942245957385.215, 'fission_rate': 6.887584736147174e+19, 'Dg_D1_scale': 0.3828687316641889, 'Dg_D3_scale': 0.31241351744345514, 'Dv_D1_scale': 0.21843509680201265, 'Dv_D2_scale': 0.2142899361998618, 'b_bulk_scale': 0.30847888300328946, 'b_dislocation_scale': 0.3854764344316563, 'gb_scale': 0.2223798655621933, 'gd_bubble_scale': 1.5762507901712774, 'gd_line_scale': 1.4584938457859875, 'gd_line_alpha': 0.8055197090141845, 'coalescence_d_scale': 0.5395698631982291, 'capture_scale': 0.01629585011722323}. Best is trial 89 with value: 3.2308694002208087.
[I 2026-05-03 13:27:36,356] Trial 206 finished with value: 4.035869208926053 and parameters: {'f_n': 1.127506179717101e-07, 'K_d': 202001.9707655595, 'rho_d': 16571429172759.832, 'fission_rate': 6.894440179842658e+19, 'Dg_D1_scale': 0.37286883856323616, 'Dg_D3_scale': 0.1595759371673675, 'Dv_D1_scale': 0.2001698326490556, 'Dv_D2_scale': 0.20814299588555027, 'b_bulk_scale': 0.42458765668803194, 'b_dislocation_scale': 0.38726454614911404, 'gb_scale': 0.2198138181332693, 'gd_bubble_scale': 1.4073183876966844, 'gd_line_scale': 0.28835639459028156, 'gd_line_alpha': 0.7987261906338033, 'coalescence_d_scale': 0.5159001713443896, 'capture_scale': 0.0119354090189171}. Best is trial 89 with value: 3.2308694002208087.
[I 2026-05-03 13:27:43,666] Trial 207 finished with value: 3.553484473392789 and parameters: {'f_n': 4.0408467073836524e-07, 'K_d': 197368.03261695226, 'rho_d': 17528263772617.957, 'fission_rate': 6.650544229276792e+19, 'Dg_D1_scale': 0.39850658155150803, 'Dg_D3_scale': 0.37808184485506025, 'Dv_D1_scale': 0.21601379621675362, 'Dv_D2_scale': 0.22609095454417147, 'b_bulk_scale': 0.2368673200876567, 'b_dislocation_scale': 0.4653401355680963, 'gb_scale': 0.15410703854690638, 'gd_bubble_scale': 1.5757798333722046, 'gd_line_scale': 1.1746763671206297, 'gd_line_alpha': 0.876743539568591, 'coalescence_d_scale': 0.42534837784297475, 'capture_scale': 0.016334652629123463}. Best is trial 89 with value: 3.2308694002208087.
[I 2026-05-03 13:27:50,846] Trial 208 finished with value: 3.3667559572018337 and parameters: {'f_n': 2.695433459051458e-06, 'K_d': 212572.7881924821, 'rho_d': 20481703382141.156, 'fission_rate': 6.859321350331049e+19, 'Dg_D1_scale': 0.26721302431616517, 'Dg_D3_scale': 0.2901174355687411, 'Dv_D1_scale': 0.2277637772551637, 'Dv_D2_scale': 0.2206510262360862, 'b_bulk_scale': 0.20376978782279218, 'b_dislocation_scale': 0.2918762260029671, 'gb_scale': 0.18467407655853205, 'gd_bubble_scale': 8.687736858494391, 'gd_line_scale': 1.41552330514427, 'gd_line_alpha': 0.8076778962148486, 'coalescence_d_scale': 0.3240196219681761, 'capture_scale': 0.015469118403899437}. Best is trial 89 with value: 3.2308694002208087.
[I 2026-05-03 13:27:55,946] Trial 209 finished with value: 3.542867126378903 and parameters: {'f_n': 1.8699403808888017e-06, 'K_d': 210733.34918930498, 'rho_d': 21710820563493.33, 'fission_rate': 7.0533135311594226e+19, 'Dg_D1_scale': 0.29641002091456675, 'Dg_D3_scale': 1.773790536846138, 'Dv_D1_scale': 0.22168083696351487, 'Dv_D2_scale': 0.21344833634323968, 'b_bulk_scale': 0.3080766403159109, 'b_dislocation_scale': 0.3089654745730073, 'gb_scale': 0.18445475437271922, 'gd_bubble_scale': 7.725626518172029, 'gd_line_scale': 1.4466801649272525, 'gd_line_alpha': 0.8383242036934749, 'coalescence_d_scale': 0.3175316821259183, 'capture_scale': 0.017465014211300988}. Best is trial 89 with value: 3.2308694002208087.
[I 2026-05-03 13:28:02,882] Trial 210 finished with value: 3.362237339933614 and parameters: {'f_n': 1.5639901376556462e-06, 'K_d': 184778.35421134398, 'rho_d': 19598454690096.812, 'fission_rate': 6.887827429190685e+19, 'Dg_D1_scale': 0.279885227136255, 'Dg_D3_scale': 0.2885115567786065, 'Dv_D1_scale': 0.22971098996379619, 'Dv_D2_scale': 0.22391833750731227, 'b_bulk_scale': 0.17360701010447643, 'b_dislocation_scale': 0.29162612289844475, 'gb_scale': 0.19902590883894794, 'gd_bubble_scale': 8.880855286465449, 'gd_line_scale': 1.213092436699427, 'gd_line_alpha': 0.8583636017831134, 'coalescence_d_scale': 0.36717398735710144, 'capture_scale': 0.013659664116129455}. Best is trial 89 with value: 3.2308694002208087.
[I 2026-05-03 13:28:10,045] Trial 211 finished with value: 3.3808905367160405 and parameters: {'f_n': 2.0343135940368503e-06, 'K_d': 171980.53996753498, 'rho_d': 19994115457139.66, 'fission_rate': 6.8476631229800735e+19, 'Dg_D1_scale': 0.30956612561245395, 'Dg_D3_scale': 0.28973086950504123, 'Dv_D1_scale': 0.23188241706814997, 'Dv_D2_scale': 0.23044419459232884, 'b_bulk_scale': 0.19077516207031847, 'b_dislocation_scale': 0.2496031082448041, 'gb_scale': 0.20232372719182654, 'gd_bubble_scale': 8.620202734965362, 'gd_line_scale': 1.2344492013852595, 'gd_line_alpha': 0.8273812000755374, 'coalescence_d_scale': 0.3584096686922902, 'capture_scale': 0.013633007447197946}. Best is trial 89 with value: 3.2308694002208087.
[I 2026-05-03 13:28:16,987] Trial 212 finished with value: 3.3683795646586487 and parameters: {'f_n': 2.6140620639696187e-06, 'K_d': 171574.3035646803, 'rho_d': 20248045093149.12, 'fission_rate': 6.908052157593577e+19, 'Dg_D1_scale': 0.27769516534242455, 'Dg_D3_scale': 0.2862231804170498, 'Dv_D1_scale': 0.21115970566191072, 'Dv_D2_scale': 0.22999569025710023, 'b_bulk_scale': 0.19024227605908492, 'b_dislocation_scale': 0.19929593872815396, 'gb_scale': 0.205732318916877, 'gd_bubble_scale': 8.926141476866453, 'gd_line_scale': 1.1706077699134732, 'gd_line_alpha': 0.8092966292195938, 'coalescence_d_scale': 0.3725761321674643, 'capture_scale': 0.013883239671728742}. Best is trial 89 with value: 3.2308694002208087.
[I 2026-05-03 13:28:24,057] Trial 213 finished with value: 3.3855113533550862 and parameters: {'f_n': 2.390220366384371e-06, 'K_d': 183151.7588796947, 'rho_d': 19942685641440.113, 'fission_rate': 6.966603717279561e+19, 'Dg_D1_scale': 0.2686203618904345, 'Dg_D3_scale': 0.2578654932740006, 'Dv_D1_scale': 0.21391847966629346, 'Dv_D2_scale': 0.22239201661085198, 'b_bulk_scale': 0.17733723718972635, 'b_dislocation_scale': 0.16520478987995868, 'gb_scale': 0.2041482236147014, 'gd_bubble_scale': 9.265949384152579, 'gd_line_scale': 1.0135616398688607, 'gd_line_alpha': 0.8293413387754027, 'coalescence_d_scale': 0.38383773720517117, 'capture_scale': 0.013388273182646996}. Best is trial 89 with value: 3.2308694002208087.
[I 2026-05-03 13:28:29,077] Trial 214 finished with value: 3.4221832732351793 and parameters: {'f_n': 2.5606078924105564e-06, 'K_d': 152887.06122678626, 'rho_d': 20021854474021.63, 'fission_rate': 7.098112891769132e+19, 'Dg_D1_scale': 0.28016086661968, 'Dg_D3_scale': 0.24173493963901904, 'Dv_D1_scale': 0.23313886710101175, 'Dv_D2_scale': 0.2153694864433047, 'b_bulk_scale': 0.1939626836663716, 'b_dislocation_scale': 0.15534338193698946, 'gb_scale': 0.19704310136871514, 'gd_bubble_scale': 8.960693726031899, 'gd_line_scale': 0.8685709973229797, 'gd_line_alpha': 0.8138602261386293, 'coalescence_d_scale': 0.3801633881260744, 'capture_scale': 0.01403025790158795}. Best is trial 89 with value: 3.2308694002208087.
[I 2026-05-03 13:28:35,837] Trial 215 finished with value: 3.426058555313735 and parameters: {'f_n': 2.6162653432170577e-06, 'K_d': 160263.77471437087, 'rho_d': 19773354545943.816, 'fission_rate': 7.109148663466811e+19, 'Dg_D1_scale': 0.2673588449338779, 'Dg_D3_scale': 0.2491025603323405, 'Dv_D1_scale': 0.23776461017085862, 'Dv_D2_scale': 0.21725486452379217, 'b_bulk_scale': 0.19460146642875692, 'b_dislocation_scale': 0.1548374242418747, 'gb_scale': 0.19660823826409363, 'gd_bubble_scale': 8.68706144574169, 'gd_line_scale': 0.9015960791381058, 'gd_line_alpha': 0.8042310570969169, 'coalescence_d_scale': 0.3754828036482908, 'capture_scale': 0.013240127059913788}. Best is trial 89 with value: 3.2308694002208087.
