[I 2026-05-03 13:28:42,656] Trial 216 finished with value: 3.3839422270074992 and parameters: {'f_n': 2.5046688298588785e-06, 'K_d': 157425.5971434103, 'rho_d': 19933650313269.277, 'fission_rate': 7.115804459571426e+19, 'Dg_D1_scale': 0.2740464125979088, 'Dg_D3_scale': 0.23174833678908285, 'Dv_D1_scale': 0.21088661671312672, 'Dv_D2_scale': 0.21467448979371284, 'b_bulk_scale': 0.1950816379531911, 'b_dislocation_scale': 0.16574566767509957, 'gb_scale': 0.20300642434917973, 'gd_bubble_scale': 8.651945896285936, 'gd_line_scale': 0.8656395903182946, 'gd_line_alpha': 0.8187214713857672, 'coalescence_d_scale': 0.38782386957013987, 'capture_scale': 0.01044745343774791}. Best is trial 89 with value: 3.2308694002208087.Best trial: 89. Best value: 3.23087:  43%|████▎     | 216/500 [23:25<30:33,  6.45s/it]Best trial: 89. Best value: 3.23087:  43%|████▎     | 216/500 [23:25<30:33,  6.45s/it]Best trial: 89. Best value: 3.23087:  43%|████▎     | 217/500 [23:25<30:57,  6.56s/it]                                                                                      Best trial: 89. Best value: 3.23087:  43%|████▎     | 217/500 [23:32<30:57,  6.56s/it]Best trial: 89. Best value: 3.23087:  43%|████▎     | 217/500 [23:32<30:57,  6.56s/it]Best trial: 89. Best value: 3.23087:  44%|████▎     | 218/500 [23:32<31:16,  6.65s/it]                                                                                      Best trial: 89. Best value: 3.23087:  44%|████▎     | 218/500 [23:37<31:16,  6.65s/it]Best trial: 89. Best value: 3.23087:  44%|████▎     | 218/500 [23:37<31:16,  6.65s/it]Best trial: 89. Best value: 3.23087:  44%|████▍     | 219/500 [23:37<29:17,  6.25s/it]                                                                                      Best trial: 89. Best value: 3.23087:  44%|████▍     | 219/500 [23:44<29:17,  6.25s/it]Best trial: 89. Best value: 3.23087:  44%|████▍     | 219/500 [23:44<29:17,  6.25s/it]Best trial: 89. Best value: 3.23087:  44%|████▍     | 220/500 [23:44<30:10,  6.47s/it]                                                                                      Best trial: 89. Best value: 3.23087:  44%|████▍     | 220/500 [23:51<30:10,  6.47s/it]Best trial: 89. Best value: 3.23087:  44%|████▍     | 220/500 [23:51<30:10,  6.47s/it]Best trial: 89. Best value: 3.23087:  44%|████▍     | 221/500 [23:51<30:36,  6.58s/it]                                                                                      Best trial: 89. Best value: 3.23087:  44%|████▍     | 221/500 [23:58<30:36,  6.58s/it]Best trial: 89. Best value: 3.23087:  44%|████▍     | 221/500 [23:58<30:36,  6.58s/it]Best trial: 89. Best value: 3.23087:  44%|████▍     | 222/500 [23:58<31:05,  6.71s/it]                                                                                      Best trial: 89. Best value: 3.23087:  44%|████▍     | 222/500 [24:05<31:05,  6.71s/it]Best trial: 89. Best value: 3.23087:  44%|████▍     | 222/500 [24:05<31:05,  6.71s/it]Best trial: 89. Best value: 3.23087:  45%|████▍     | 223/500 [24:05<31:23,  6.80s/it]                                                                                      Best trial: 89. Best value: 3.23087:  45%|████▍     | 223/500 [24:10<31:23,  6.80s/it]Best trial: 89. Best value: 3.23087:  45%|████▍     | 223/500 [24:10<31:23,  6.80s/it]Best trial: 89. Best value: 3.23087:  45%|████▍     | 224/500 [24:10<28:54,  6.28s/it]                                                                                      Best trial: 89. Best value: 3.23087:  45%|████▍     | 224/500 [24:17<28:54,  6.28s/it]Best trial: 89. Best value: 3.23087:  45%|████▍     | 224/500 [24:17<28:54,  6.28s/it]Best trial: 89. Best value: 3.23087:  45%|████▌     | 225/500 [24:17<29:40,  6.47s/it]                                                                                      Best trial: 89. Best value: 3.23087:  45%|████▌     | 225/500 [24:24<29:40,  6.47s/it]Best trial: 89. Best value: 3.23087:  45%|████▌     | 225/500 [24:24<29:40,  6.47s/it]Best trial: 89. Best value: 3.23087:  45%|████▌     | 226/500 [24:24<30:00,  6.57s/it]                                                                                      Best trial: 89. Best value: 3.23087:  45%|████▌     | 226/500 [24:31<30:00,  6.57s/it]Best trial: 89. Best value: 3.23087:  45%|████▌     | 226/500 [24:31<30:00,  6.57s/it]Best trial: 89. Best value: 3.23087:  45%|████▌     | 227/500 [24:31<30:26,  6.69s/it]                                                                                      Best trial: 89. Best value: 3.23087:  45%|████▌     | 227/500 [24:38<30:26,  6.69s/it]Best trial: 89. Best value: 3.23087:  45%|████▌     | 227/500 [24:38<30:26,  6.69s/it]Best trial: 89. Best value: 3.23087:  46%|████▌     | 228/500 [24:38<30:29,  6.73s/it]                                                                                      
[I 2026-05-03 13:28:49,520] Trial 217 finished with value: 3.4191036518912776 and parameters: {'f_n': 2.7475150181587624e-06, 'K_d': 158015.0176659887, 'rho_d': 19978139416573.094, 'fission_rate': 7.120591999969236e+19, 'Dg_D1_scale': 0.26317086265865386, 'Dg_D3_scale': 0.23575593389382374, 'Dv_D1_scale': 0.23832420210892202, 'Dv_D2_scale': 0.20373756279568817, 'b_bulk_scale': 0.19992564530640314, 'b_dislocation_scale': 0.16211172157159146, 'gb_scale': 0.2011396784427396, 'gd_bubble_scale': 8.919127337036333, 'gd_line_scale': 0.8477685516162375, 'gd_line_alpha': 0.8186796842444868, 'coalescence_d_scale': 0.3734947249507738, 'capture_scale': 0.010614473357661488}. Best is trial 89 with value: 3.2308694002208087.
[I 2026-05-03 13:28:54,839] Trial 218 finished with value: 3.3975921036163315 and parameters: {'f_n': 2.59960152687525e-06, 'K_d': 155932.4381358139, 'rho_d': 19858820759067.855, 'fission_rate': 7.07437580704729e+19, 'Dg_D1_scale': 0.27551402088099264, 'Dg_D3_scale': 0.21904083040920921, 'Dv_D1_scale': 0.21090128233964361, 'Dv_D2_scale': 0.20266860577014031, 'b_bulk_scale': 0.19253141747221064, 'b_dislocation_scale': 0.15960886136039482, 'gb_scale': 0.19279124756286142, 'gd_bubble_scale': 8.793949210559306, 'gd_line_scale': 0.8640414934843081, 'gd_line_alpha': 0.8186422963047001, 'coalescence_d_scale': 0.36933354812055497, 'capture_scale': 0.01011513770404816}. Best is trial 89 with value: 3.2308694002208087.
[I 2026-05-03 13:29:01,801] Trial 219 finished with value: 3.401786557116128 and parameters: {'f_n': 2.6368845576449545e-06, 'K_d': 147308.17009399494, 'rho_d': 20022545180938.09, 'fission_rate': 7.1692791091316376e+19, 'Dg_D1_scale': 0.2661671642064855, 'Dg_D3_scale': 0.2322119496217196, 'Dv_D1_scale': 0.21183132680724073, 'Dv_D2_scale': 0.2036485390963624, 'b_bulk_scale': 0.1963137026944492, 'b_dislocation_scale': 0.15624729058068823, 'gb_scale': 0.18861125968472225, 'gd_bubble_scale': 9.14609706031297, 'gd_line_scale': 0.8085863168071474, 'gd_line_alpha': 0.8241216880565726, 'coalescence_d_scale': 0.36840437908475965, 'capture_scale': 0.010204367049054244}. Best is trial 89 with value: 3.2308694002208087.
[I 2026-05-03 13:29:08,658] Trial 220 finished with value: 3.4011145662285127 and parameters: {'f_n': 2.950601462616038e-06, 'K_d': 144996.21549839148, 'rho_d': 20142649448634.7, 'fission_rate': 7.153108883394141e+19, 'Dg_D1_scale': 0.26958295556887796, 'Dg_D3_scale': 0.23469730527742316, 'Dv_D1_scale': 0.20896663978791133, 'Dv_D2_scale': 0.2006289191642681, 'b_bulk_scale': 0.19448689723299886, 'b_dislocation_scale': 0.15869730067307075, 'gb_scale': 0.1828997072256226, 'gd_bubble_scale': 8.964232645272265, 'gd_line_scale': 0.8486388257558287, 'gd_line_alpha': 0.8257658601894556, 'coalescence_d_scale': 0.3725839160989041, 'capture_scale': 0.010816397807820444}. Best is trial 89 with value: 3.2308694002208087.
[I 2026-05-03 13:29:15,662] Trial 221 finished with value: 3.4095647682886043 and parameters: {'f_n': 2.6208367254465423e-06, 'K_d': 146932.29578551307, 'rho_d': 20134494164992.85, 'fission_rate': 7.131029250615855e+19, 'Dg_D1_scale': 0.2664597959146419, 'Dg_D3_scale': 0.23492811164763822, 'Dv_D1_scale': 0.20914108152518035, 'Dv_D2_scale': 0.20292716851385456, 'b_bulk_scale': 0.19690219182827676, 'b_dislocation_scale': 0.1511917736317566, 'gb_scale': 0.18011809129290293, 'gd_bubble_scale': 8.781781838070154, 'gd_line_scale': 0.8992512595280079, 'gd_line_alpha': 0.8248406093051335, 'coalescence_d_scale': 0.3722739736588079, 'capture_scale': 0.010220569910823242}. Best is trial 89 with value: 3.2308694002208087.
[I 2026-05-03 13:29:22,664] Trial 222 finished with value: 3.417784901459015 and parameters: {'f_n': 2.428951516366171e-06, 'K_d': 143788.5762909157, 'rho_d': 20263024961783.9, 'fission_rate': 7.194620683350087e+19, 'Dg_D1_scale': 0.27758903711914934, 'Dg_D3_scale': 0.23009259683462624, 'Dv_D1_scale': 0.2099754829447862, 'Dv_D2_scale': 0.20911498180339483, 'b_bulk_scale': 0.1726917120149154, 'b_dislocation_scale': 0.12863603227043544, 'gb_scale': 0.188128334332088, 'gd_bubble_scale': 8.893925030475046, 'gd_line_scale': 0.8205438832116044, 'gd_line_alpha': 0.8246106506444637, 'coalescence_d_scale': 0.3976233568046356, 'capture_scale': 0.010423836651276937}. Best is trial 89 with value: 3.2308694002208087.
[I 2026-05-03 13:29:27,735] Trial 223 finished with value: 3.4117883150880757 and parameters: {'f_n': 2.85996382812415e-06, 'K_d': 148461.44536497505, 'rho_d': 20144018850329.934, 'fission_rate': 7.221088252443723e+19, 'Dg_D1_scale': 0.29009896114344835, 'Dg_D3_scale': 0.2225274466351805, 'Dv_D1_scale': 0.2068498002480679, 'Dv_D2_scale': 0.21237137451682397, 'b_bulk_scale': 0.17465358520433766, 'b_dislocation_scale': 0.13227465638781408, 'gb_scale': 0.17434514820000524, 'gd_bubble_scale': 9.11204869308589, 'gd_line_scale': 0.8164007404920997, 'gd_line_alpha': 0.8247167044168159, 'coalescence_d_scale': 0.37054645955997756, 'capture_scale': 0.01001320136968255}. Best is trial 89 with value: 3.2308694002208087.
[I 2026-05-03 13:29:34,668] Trial 224 finished with value: 3.4121810377240704 and parameters: {'f_n': 2.954956936886414e-06, 'K_d': 145203.46827595728, 'rho_d': 20299810840832.535, 'fission_rate': 7.207737607219376e+19, 'Dg_D1_scale': 0.2725878585102084, 'Dg_D3_scale': 0.21765921114912132, 'Dv_D1_scale': 0.20946052184562036, 'Dv_D2_scale': 0.2059067277890664, 'b_bulk_scale': 0.17453680512096306, 'b_dislocation_scale': 0.13249527700010777, 'gb_scale': 0.173041132951699, 'gd_bubble_scale': 9.008923999629967, 'gd_line_scale': 0.7619539871952875, 'gd_line_alpha': 0.8251315110564817, 'coalescence_d_scale': 0.37393796200622287, 'capture_scale': 0.01006909158502879}. Best is trial 89 with value: 3.2308694002208087.
[I 2026-05-03 13:29:41,469] Trial 225 finished with value: 3.4689608122332607 and parameters: {'f_n': 2.8965184098207926e-06, 'K_d': 136252.05537967943, 'rho_d': 20737376399130.008, 'fission_rate': 7.224489766717698e+19, 'Dg_D1_scale': 0.25696740082615827, 'Dg_D3_scale': 0.22043866196222, 'Dv_D1_scale': 0.20862245816298805, 'Dv_D2_scale': 0.20135923176431894, 'b_bulk_scale': 0.17042997673803895, 'b_dislocation_scale': 0.10318805982755067, 'gb_scale': 0.17783061965473468, 'gd_bubble_scale': 9.76773416315639, 'gd_line_scale': 0.7325710164332205, 'gd_line_alpha': 0.8558646242871988, 'coalescence_d_scale': 0.3589242400656774, 'capture_scale': 0.011137275029829134}. Best is trial 89 with value: 3.2308694002208087.
[I 2026-05-03 13:29:48,434] Trial 226 finished with value: 3.405527592743093 and parameters: {'f_n': 2.181913457104057e-06, 'K_d': 149471.33194984862, 'rho_d': 19953472979127.8, 'fission_rate': 7.203817406724289e+19, 'Dg_D1_scale': 0.27839162584426363, 'Dg_D3_scale': 0.21217438092232493, 'Dv_D1_scale': 0.20922466170098294, 'Dv_D2_scale': 0.20591296062352724, 'b_bulk_scale': 0.15896455971579612, 'b_dislocation_scale': 0.13302453867667977, 'gb_scale': 0.169838528700403, 'gd_bubble_scale': 8.175327185555748, 'gd_line_scale': 0.7899107659727, 'gd_line_alpha': 0.8268590281412361, 'coalescence_d_scale': 0.4006045582787127, 'capture_scale': 0.010036107745081822}. Best is trial 89 with value: 3.2308694002208087.
[I 2026-05-03 13:29:55,248] Trial 227 finished with value: 3.4107384070089015 and parameters: {'f_n': 2.965023701126784e-06, 'K_d': 145022.5318928447, 'rho_d': 19460700851457.984, 'fission_rate': 7.1908566204245836e+19, 'Dg_D1_scale': 0.2706763902581454, 'Dg_D3_scale': 0.20954699868479068, 'Dv_D1_scale': 0.2012273113691013, 'Dv_D2_scale': 0.20295014620892782, 'b_bulk_scale': 0.17712120218602595, 'b_dislocation_scale': 0.12744327666366623, 'gb_scale': 0.17005177299919538, 'gd_bubble_scale': 8.000210364350107, 'gd_line_scale': 0.6444884402762271, 'gd_line_alpha': 0.8283073263633354, 'coalescence_d_scale': 0.40801973405385855, 'capture_scale': 0.010009771358168449}. Best is trial 89 with value: 3.2308694002208087.
[I 2026-05-03 13:30:00,271] Trial 228 finished with value: 3.425219546296834 and parameters: {'f_n': 2.9938354334660067e-06, 'K_d': 148001.95135250842, 'rho_d': 19472789170468.777, 'fission_rate': 7.193221901821435e+19, 'Dg_D1_scale': 0.27058711979844174, 'Dg_D3_scale': 0.21179977268640227, 'Dv_D1_scale': 0.20226253657696902, 'Dv_D2_scale': 0.2021561095977387, 'b_bulk_scale': 0.1579852089441228, 'b_dislocation_scale': 0.13154213631098857, 'gb_scale': 0.17095015618073142, 'gd_bubble_scale': 7.516154776096677, 'gd_line_scale': 0.6174331683989219, 'gd_line_alpha': 0.8272052732643699, 'coalescence_d_scale': 0.39340120311036625, 'capture_scale': 0.010285243570412661}. Best is trial 89 with value: 3.2308694002208087.Best trial: 89. Best value: 3.23087:  46%|████▌     | 228/500 [24:43<30:29,  6.73s/it]Best trial: 89. Best value: 3.23087:  46%|████▌     | 228/500 [24:43<30:29,  6.73s/it]Best trial: 89. Best value: 3.23087:  46%|████▌     | 229/500 [24:43<28:04,  6.22s/it]                                                                                      Best trial: 89. Best value: 3.23087:  46%|████▌     | 229/500 [24:50<28:04,  6.22s/it]Best trial: 89. Best value: 3.23087:  46%|████▌     | 229/500 [24:50<28:04,  6.22s/it]Best trial: 89. Best value: 3.23087:  46%|████▌     | 230/500 [24:50<28:45,  6.39s/it]                                                                                      Best trial: 89. Best value: 3.23087:  46%|████▌     | 230/500 [24:56<28:45,  6.39s/it]Best trial: 89. Best value: 3.23087:  46%|████▌     | 230/500 [24:56<28:45,  6.39s/it]Best trial: 89. Best value: 3.23087:  46%|████▌     | 231/500 [24:56<28:57,  6.46s/it]                                                                                      Best trial: 89. Best value: 3.23087:  46%|████▌     | 231/500 [25:03<28:57,  6.46s/it]Best trial: 89. Best value: 3.23087:  46%|████▌     | 231/500 [25:03<28:57,  6.46s/it]Best trial: 89. Best value: 3.23087:  46%|████▋     | 232/500 [25:03<29:12,  6.54s/it]                                                                                      Best trial: 89. Best value: 3.23087:  46%|████▋     | 232/500 [25:08<29:12,  6.54s/it]Best trial: 89. Best value: 3.23087:  46%|████▋     | 232/500 [25:08<29:12,  6.54s/it]Best trial: 89. Best value: 3.23087:  47%|████▋     | 233/500 [25:08<26:57,  6.06s/it]                                                                                      Best trial: 89. Best value: 3.23087:  47%|████▋     | 233/500 [25:15<26:57,  6.06s/it]Best trial: 89. Best value: 3.23087:  47%|████▋     | 233/500 [25:15<26:57,  6.06s/it]Best trial: 89. Best value: 3.23087:  47%|████▋     | 234/500 [25:15<27:55,  6.30s/it]                                                                                      Best trial: 89. Best value: 3.23087:  47%|████▋     | 234/500 [25:22<27:55,  6.30s/it]Best trial: 89. Best value: 3.23087:  47%|████▋     | 234/500 [25:22<27:55,  6.30s/it]Best trial: 89. Best value: 3.23087:  47%|████▋     | 235/500 [25:22<28:28,  6.45s/it]                                                                                      Best trial: 89. Best value: 3.23087:  47%|████▋     | 235/500 [25:28<28:28,  6.45s/it]Best trial: 89. Best value: 3.23087:  47%|████▋     | 235/500 [25:28<28:28,  6.45s/it]Best trial: 89. Best value: 3.23087:  47%|████▋     | 236/500 [25:28<28:43,  6.53s/it]                                                                                      Best trial: 89. Best value: 3.23087:  47%|████▋     | 236/500 [25:35<28:43,  6.53s/it]Best trial: 89. Best value: 3.23087:  47%|████▋     | 236/500 [25:35<28:43,  6.53s/it]Best trial: 89. Best value: 3.23087:  47%|████▋     | 237/500 [25:35<28:56,  6.60s/it]                                                                                      Best trial: 89. Best value: 3.23087:  47%|████▋     | 237/500 [25:40<28:56,  6.60s/it]Best trial: 89. Best value: 3.23087:  47%|████▋     | 237/500 [25:40<28:56,  6.60s/it]Best trial: 89. Best value: 3.23087:  48%|████▊     | 238/500 [25:40<26:31,  6.08s/it]                                                                                      Best trial: 89. Best value: 3.23087:  48%|████▊     | 238/500 [25:47<26:31,  6.08s/it]Best trial: 89. Best value: 3.23087:  48%|████▊     | 238/500 [25:47<26:31,  6.08s/it]Best trial: 89. Best value: 3.23087:  48%|████▊     | 239/500 [25:47<27:18,  6.28s/it]                                                                                      Best trial: 89. Best value: 3.23087:  48%|████▊     | 239/500 [25:53<27:18,  6.28s/it]Best trial: 89. Best value: 3.23087:  48%|████▊     | 239/500 [25:54<27:18,  6.28s/it]Best trial: 89. Best value: 3.23087:  48%|████▊     | 240/500 [25:54<27:53,  6.43s/it]                                                                                      
[I 2026-05-03 13:30:07,062] Trial 229 finished with value: 3.3742806227075492 and parameters: {'f_n': 2.206953607367427e-06, 'K_d': 172653.90409067672, 'rho_d': 19733915138332.984, 'fission_rate': 7.233644943620674e+19, 'Dg_D1_scale': 0.3153247472036053, 'Dg_D3_scale': 0.22979742669063766, 'Dv_D1_scale': 0.208214596203609, 'Dv_D2_scale': 0.20429152034524825, 'b_bulk_scale': 0.1765700525145367, 'b_dislocation_scale': 0.17944642708940645, 'gb_scale': 0.16710761110807715, 'gd_bubble_scale': 8.486402946605194, 'gd_line_scale': 0.7881068543545411, 'gd_line_alpha': 0.856076566820628, 'coalescence_d_scale': 0.35071890895232527, 'capture_scale': 0.01070213722911145}. Best is trial 89 with value: 3.2308694002208087.
[I 2026-05-03 13:30:13,693] Trial 230 finished with value: 3.389232115584508 and parameters: {'f_n': 2.2474386833109035e-06, 'K_d': 168220.9842323757, 'rho_d': 19154171217508.406, 'fission_rate': 7.264945905512904e+19, 'Dg_D1_scale': 0.3081418705543511, 'Dg_D3_scale': 0.2217670977038245, 'Dv_D1_scale': 0.20852528354036579, 'Dv_D2_scale': 0.20677713951212948, 'b_bulk_scale': 0.18071652602115365, 'b_dislocation_scale': 0.18333316621272128, 'gb_scale': 0.16688675068801948, 'gd_bubble_scale': 8.150680539352914, 'gd_line_scale': 0.5487336735073262, 'gd_line_alpha': 0.8570197677167173, 'coalescence_d_scale': 0.420372115840505, 'capture_scale': 0.010271361383236198}. Best is trial 89 with value: 3.2308694002208087.
[I 2026-05-03 13:30:20,415] Trial 231 finished with value: 3.3771430154693123 and parameters: {'f_n': 2.195221672386986e-06, 'K_d': 169314.28858745337, 'rho_d': 19765157868272.13, 'fission_rate': 7.171009444391537e+19, 'Dg_D1_scale': 0.31839202865555194, 'Dg_D3_scale': 0.2232731339066509, 'Dv_D1_scale': 0.20836990243974168, 'Dv_D2_scale': 0.20111332160102308, 'b_bulk_scale': 0.17742216816610423, 'b_dislocation_scale': 0.18450929695248383, 'gb_scale': 0.16523398902239392, 'gd_bubble_scale': 8.143050582309776, 'gd_line_scale': 0.5646749873715109, 'gd_line_alpha': 0.8507674805985466, 'coalescence_d_scale': 0.41299279879694106, 'capture_scale': 0.01219656543291067}. Best is trial 89 with value: 3.2308694002208087.
[I 2026-05-03 13:30:25,346] Trial 232 finished with value: 3.3948271297342703 and parameters: {'f_n': 2.060202251380439e-06, 'K_d': 171159.27447876986, 'rho_d': 19823103586582.35, 'fission_rate': 7.287185693852723e+19, 'Dg_D1_scale': 0.3201727266920698, 'Dg_D3_scale': 0.21091900015157267, 'Dv_D1_scale': 0.20169856595576022, 'Dv_D2_scale': 0.2029166191605456, 'b_bulk_scale': 0.18034045277036143, 'b_dislocation_scale': 0.18427902912232624, 'gb_scale': 0.15996366283316021, 'gd_bubble_scale': 6.770142239787842, 'gd_line_scale': 0.5604502636394325, 'gd_line_alpha': 0.8475024806477429, 'coalescence_d_scale': 0.42518006678439546, 'capture_scale': 0.012297158132443578}. Best is trial 89 with value: 3.2308694002208087.
[I 2026-05-03 13:30:32,207] Trial 233 finished with value: 3.3894611300937925 and parameters: {'f_n': 2.0185431442094933e-06, 'K_d': 170184.97525772906, 'rho_d': 19214145352044.324, 'fission_rate': 7.295687588860055e+19, 'Dg_D1_scale': 0.3060113053221798, 'Dg_D3_scale': 0.2014561464002224, 'Dv_D1_scale': 0.20610059533528505, 'Dv_D2_scale': 0.22319435728544862, 'b_bulk_scale': 0.1543413178880927, 'b_dislocation_scale': 0.18208380966021528, 'gb_scale': 0.1585682600036845, 'gd_bubble_scale': 7.9534368079382, 'gd_line_scale': 0.5248034640200945, 'gd_line_alpha': 0.8592153781183542, 'coalescence_d_scale': 0.4323380611775933, 'capture_scale': 0.012020026987664481}. Best is trial 89 with value: 3.2308694002208087.
