[I 2026-05-03 13:30:38,998] Trial 234 finished with value: 3.4358974233939557 and parameters: {'f_n': 2.069563090112995e-06, 'K_d': 173075.09452952008, 'rho_d': 19082495679141.516, 'fission_rate': 7.241287128112015e+19, 'Dg_D1_scale': 0.30200231535597627, 'Dg_D3_scale': 0.20198142945109673, 'Dv_D1_scale': 0.2037291121196552, 'Dv_D2_scale': 0.20085110383765079, 'b_bulk_scale': 0.15348646686375544, 'b_dislocation_scale': 0.18305884901418426, 'gb_scale': 0.16636737215514308, 'gd_bubble_scale': 6.895131305891956, 'gd_line_scale': 0.5211283469625059, 'gd_line_alpha': 0.8555896450732605, 'coalescence_d_scale': 0.4429772389296969, 'capture_scale': 0.01241426505557392}. Best is trial 89 with value: 3.2308694002208087.
[I 2026-05-03 13:30:45,725] Trial 235 finished with value: 3.3658487621198785 and parameters: {'f_n': 2.0364642746487134e-06, 'K_d': 170452.53169221134, 'rho_d': 18940422698920.926, 'fission_rate': 7.297096789244135e+19, 'Dg_D1_scale': 0.32261173291471096, 'Dg_D3_scale': 0.20379101212537173, 'Dv_D1_scale': 0.2116737784596749, 'Dv_D2_scale': 0.22248182110611442, 'b_bulk_scale': 0.21501741864174415, 'b_dislocation_scale': 0.17568653951792873, 'gb_scale': 0.15401932311637315, 'gd_bubble_scale': 7.875611239617798, 'gd_line_scale': 0.5690885520320924, 'gd_line_alpha': 0.8923096197804666, 'coalescence_d_scale': 0.4326825406994484, 'capture_scale': 0.012335180085599362}. Best is trial 89 with value: 3.2308694002208087.
[I 2026-05-03 13:30:52,489] Trial 236 finished with value: 3.4046819369615213 and parameters: {'f_n': 1.9739217543113085e-06, 'K_d': 168403.1192672489, 'rho_d': 18757124421506.1, 'fission_rate': 7.359107752131588e+19, 'Dg_D1_scale': 0.32153071885234563, 'Dg_D3_scale': 0.19246504851337062, 'Dv_D1_scale': 0.2128870220114436, 'Dv_D2_scale': 0.22791982654032814, 'b_bulk_scale': 0.20839194016410983, 'b_dislocation_scale': 0.17753874327107036, 'gb_scale': 0.1535677012938293, 'gd_bubble_scale': 7.843136875250377, 'gd_line_scale': 0.4334023100859411, 'gd_line_alpha': 0.8911389968891918, 'coalescence_d_scale': 0.34033180019058723, 'capture_scale': 0.01237676491349742}. Best is trial 89 with value: 3.2308694002208087.
[I 2026-05-03 13:30:57,345] Trial 237 finished with value: 3.408500456066972 and parameters: {'f_n': 1.9071353834036733e-06, 'K_d': 169291.59558549928, 'rho_d': 18981034693006.055, 'fission_rate': 7.2934115843364176e+19, 'Dg_D1_scale': 0.32401461955285515, 'Dg_D3_scale': 0.19612904476768137, 'Dv_D1_scale': 0.2004936933738754, 'Dv_D2_scale': 0.2244729382128664, 'b_bulk_scale': 0.21866640584837266, 'b_dislocation_scale': 0.17773918218045265, 'gb_scale': 0.1560992623924195, 'gd_bubble_scale': 7.47070590732558, 'gd_line_scale': 0.3733387921493479, 'gd_line_alpha': 0.9024001373996761, 'coalescence_d_scale': 0.3445266958001663, 'capture_scale': 0.01233961280890298}. Best is trial 89 with value: 3.2308694002208087.
[I 2026-05-03 13:31:04,091] Trial 238 finished with value: 3.4037466826881215 and parameters: {'f_n': 1.9273012862945197e-06, 'K_d': 171464.7232067324, 'rho_d': 18445281884119.95, 'fission_rate': 7.309762924239392e+19, 'Dg_D1_scale': 0.33941455969450174, 'Dg_D3_scale': 0.19219767874811658, 'Dv_D1_scale': 0.2118746023309908, 'Dv_D2_scale': 0.22357039546269353, 'b_bulk_scale': 0.21904449610762883, 'b_dislocation_scale': 0.18165958246190073, 'gb_scale': 0.15003545073290933, 'gd_bubble_scale': 7.295041705196132, 'gd_line_scale': 0.5029934220469978, 'gd_line_alpha': 0.8903737881324197, 'coalescence_d_scale': 0.3358015294016126, 'capture_scale': 0.012773946072961716}. Best is trial 89 with value: 3.2308694002208087.
[I 2026-05-03 13:31:10,896] Trial 239 finished with value: 3.5512877130170954 and parameters: {'f_n': 2.128456277327112e-06, 'K_d': 167444.8523034612, 'rho_d': 18749773354155.08, 'fission_rate': 7.322549858138979e+19, 'Dg_D1_scale': 0.3353091374287414, 'Dg_D3_scale': 0.1953983164658261, 'Dv_D1_scale': 0.21670422765238034, 'Dv_D2_scale': 0.22600794549751832, 'b_bulk_scale': 0.13111762098546986, 'b_dislocation_scale': 0.20727454922224572, 'gb_scale': 0.15086831349554175, 'gd_bubble_scale': 6.509230149824005, 'gd_line_scale': 0.44070686700903183, 'gd_line_alpha': 0.8916874489490981, 'coalescence_d_scale': 0.32926697879015043, 'capture_scale': 0.012897727505793204}. Best is trial 89 with value: 3.2308694002208087.
[I 2026-05-03 13:31:17,599] Trial 240 finished with value: 3.347792221528784 and parameters: {'f_n': 1.5692312307452634e-06, 'K_d': 182497.22281758947, 'rho_d': 21676472453943.01, 'fission_rate': 7.291252679468879e+19, 'Dg_D1_scale': 0.3484321029806782, 'Dg_D3_scale': 0.2131482774973566, 'Dv_D1_scale': 0.21663114749792556, 'Dv_D2_scale': 0.22000478221661574, 'b_bulk_scale': 0.21108664859852017, 'b_dislocation_scale': 0.17672819465616818, 'gb_scale': 0.15757097248694507, 'gd_bubble_scale': 7.997869163874479, 'gd_line_scale': 0.505930919297427, 'gd_line_alpha': 0.8711996913733082, 'coalescence_d_scale': 0.4460222469035941, 'capture_scale': 0.01194319982077029}. Best is trial 89 with value: 3.2308694002208087.Best trial: 89. Best value: 3.23087:  48%|████▊     | 240/500 [26:00<27:53,  6.43s/it]Best trial: 89. Best value: 3.23087:  48%|████▊     | 240/500 [26:00<27:53,  6.43s/it]Best trial: 89. Best value: 3.23087:  48%|████▊     | 241/500 [26:00<28:07,  6.52s/it]                                                                                      Best trial: 89. Best value: 3.23087:  48%|████▊     | 241/500 [26:07<28:07,  6.52s/it]Best trial: 89. Best value: 3.23087:  48%|████▊     | 241/500 [26:07<28:07,  6.52s/it]Best trial: 89. Best value: 3.23087:  48%|████▊     | 242/500 [26:07<28:14,  6.57s/it]                                                                                      Best trial: 89. Best value: 3.23087:  48%|████▊     | 242/500 [26:12<28:14,  6.57s/it]Best trial: 89. Best value: 3.23087:  48%|████▊     | 242/500 [26:12<28:14,  6.57s/it]Best trial: 89. Best value: 3.23087:  49%|████▊     | 243/500 [26:12<26:11,  6.11s/it]                                                                                      Best trial: 89. Best value: 3.23087:  49%|████▊     | 243/500 [26:19<26:11,  6.11s/it]Best trial: 89. Best value: 3.23087:  49%|████▊     | 243/500 [26:19<26:11,  6.11s/it]Best trial: 89. Best value: 3.23087:  49%|████▉     | 244/500 [26:19<26:51,  6.29s/it]                                                                                      Best trial: 89. Best value: 3.23087:  49%|████▉     | 244/500 [26:25<26:51,  6.29s/it]Best trial: 89. Best value: 3.23087:  49%|████▉     | 244/500 [26:25<26:51,  6.29s/it]Best trial: 89. Best value: 3.23087:  49%|████▉     | 245/500 [26:25<27:14,  6.41s/it]                                                                                      Best trial: 89. Best value: 3.23087:  49%|████▉     | 245/500 [26:32<27:14,  6.41s/it]Best trial: 89. Best value: 3.23087:  49%|████▉     | 245/500 [26:32<27:14,  6.41s/it]Best trial: 89. Best value: 3.23087:  49%|████▉     | 246/500 [26:32<27:15,  6.44s/it]                                                                                      Best trial: 89. Best value: 3.23087:  49%|████▉     | 246/500 [26:38<27:15,  6.44s/it]Best trial: 89. Best value: 3.23087:  49%|████▉     | 246/500 [26:39<27:15,  6.44s/it]Best trial: 89. Best value: 3.23087:  49%|████▉     | 247/500 [26:39<27:25,  6.50s/it]                                                                                      Best trial: 89. Best value: 3.23087:  49%|████▉     | 247/500 [26:43<27:25,  6.50s/it]Best trial: 89. Best value: 3.23087:  49%|████▉     | 247/500 [26:43<27:25,  6.50s/it]Best trial: 89. Best value: 3.23087:  50%|████▉     | 248/500 [26:43<25:07,  5.98s/it]                                                                                      Best trial: 89. Best value: 3.23087:  50%|████▉     | 248/500 [26:50<25:07,  5.98s/it]Best trial: 89. Best value: 3.23087:  50%|████▉     | 248/500 [26:50<25:07,  5.98s/it]Best trial: 89. Best value: 3.23087:  50%|████▉     | 249/500 [26:50<25:50,  6.18s/it]                                                                                      Best trial: 89. Best value: 3.23087:  50%|████▉     | 249/500 [26:57<25:50,  6.18s/it]Best trial: 89. Best value: 3.23087:  50%|████▉     | 249/500 [26:57<25:50,  6.18s/it]Best trial: 89. Best value: 3.23087:  50%|█████     | 250/500 [26:57<26:21,  6.33s/it]                                                                                      Best trial: 89. Best value: 3.23087:  50%|█████     | 250/500 [27:03<26:21,  6.33s/it]Best trial: 89. Best value: 3.23087:  50%|█████     | 250/500 [27:03<26:21,  6.33s/it]Best trial: 89. Best value: 3.23087:  50%|█████     | 251/500 [27:03<26:41,  6.43s/it]                                                                                      Best trial: 89. Best value: 3.23087:  50%|█████     | 251/500 [27:10<26:41,  6.43s/it]Best trial: 89. Best value: 3.23087:  50%|█████     | 251/500 [27:10<26:41,  6.43s/it]Best trial: 89. Best value: 3.23087:  50%|█████     | 252/500 [27:10<26:48,  6.49s/it]                                                                                      
[I 2026-05-03 13:31:24,285] Trial 241 finished with value: 3.347377064144784 and parameters: {'f_n': 1.568762781311908e-06, 'K_d': 182420.16074478347, 'rho_d': 21901979308754.49, 'fission_rate': 7.360671337544483e+19, 'Dg_D1_scale': 0.35128713126177763, 'Dg_D3_scale': 0.2085526680994814, 'Dv_D1_scale': 0.21586771402589283, 'Dv_D2_scale': 0.22246256613473833, 'b_bulk_scale': 0.206712966122449, 'b_dislocation_scale': 0.1779869156205177, 'gb_scale': 0.15082172903710428, 'gd_bubble_scale': 7.988727684732515, 'gd_line_scale': 0.5055448378190294, 'gd_line_alpha': 0.8720651716747485, 'coalescence_d_scale': 0.44125780853112073, 'capture_scale': 0.011849495899709569}. Best is trial 89 with value: 3.2308694002208087.
[I 2026-05-03 13:31:29,328] Trial 242 finished with value: 3.3458043240095994 and parameters: {'f_n': 1.6708522834565622e-06, 'K_d': 183903.62696779182, 'rho_d': 21921489722135.41, 'fission_rate': 7.302562716366563e+19, 'Dg_D1_scale': 0.3566920989426725, 'Dg_D3_scale': 0.2065873351478046, 'Dv_D1_scale': 0.21979096304305928, 'Dv_D2_scale': 0.22441018030596976, 'b_bulk_scale': 0.2109363954620873, 'b_dislocation_scale': 0.1739584515797818, 'gb_scale': 0.14785296799249367, 'gd_bubble_scale': 6.978367753032081, 'gd_line_scale': 0.47390396106321586, 'gd_line_alpha': 0.8603696378739258, 'coalescence_d_scale': 0.4561988924935683, 'capture_scale': 0.011917361837238441}. Best is trial 89 with value: 3.2308694002208087.
[I 2026-05-03 13:31:36,053] Trial 243 finished with value: 3.3415962509852686 and parameters: {'f_n': 1.5800973854196863e-06, 'K_d': 184209.17419960978, 'rho_d': 22585466060473.926, 'fission_rate': 7.282038097642108e+19, 'Dg_D1_scale': 0.3370654942917179, 'Dg_D3_scale': 0.22330144072895075, 'Dv_D1_scale': 0.22368978801730685, 'Dv_D2_scale': 0.21842740455200424, 'b_bulk_scale': 0.21463406664757037, 'b_dislocation_scale': 0.2051589701164782, 'gb_scale': 0.1451400054805612, 'gd_bubble_scale': 7.017470771281082, 'gd_line_scale': 0.5022545160234579, 'gd_line_alpha': 0.8683252129293845, 'coalescence_d_scale': 0.43323135109063365, 'capture_scale': 0.013834147720562111}. Best is trial 89 with value: 3.2308694002208087.
[I 2026-05-03 13:31:42,736] Trial 244 finished with value: 3.328924881409156 and parameters: {'f_n': 1.557571121960404e-06, 'K_d': 185578.729074021, 'rho_d': 23009780740981.074, 'fission_rate': 7.40516830137356e+19, 'Dg_D1_scale': 0.35718380007910894, 'Dg_D3_scale': 0.2226622308931755, 'Dv_D1_scale': 0.22260246213936713, 'Dv_D2_scale': 0.21806777318765558, 'b_bulk_scale': 0.19044503545162017, 'b_dislocation_scale': 0.1990889001684029, 'gb_scale': 0.19411259120748062, 'gd_bubble_scale': 9.791960495849905, 'gd_line_scale': 0.5581590448221199, 'gd_line_alpha': 0.8673071687765458, 'coalescence_d_scale': 0.4576652548647903, 'capture_scale': 0.014540416359908428}. Best is trial 89 with value: 3.2308694002208087.
[I 2026-05-03 13:31:49,248] Trial 245 finished with value: 3.343779851651195 and parameters: {'f_n': 1.581599250967848e-06, 'K_d': 184333.7107283708, 'rho_d': 23249667804132.277, 'fission_rate': 7.393301156600344e+19, 'Dg_D1_scale': 0.3516518959227079, 'Dg_D3_scale': 0.21890756451530755, 'Dv_D1_scale': 0.22504746650194393, 'Dv_D2_scale': 0.2338453244022871, 'b_bulk_scale': 0.2124084144470164, 'b_dislocation_scale': 0.20010063608538045, 'gb_scale': 0.1437618186224428, 'gd_bubble_scale': 6.586983603837644, 'gd_line_scale': 0.5519042777344779, 'gd_line_alpha': 0.858545276063705, 'coalescence_d_scale': 0.4448669367565833, 'capture_scale': 0.014178881207346738}. Best is trial 89 with value: 3.2308694002208087.
[I 2026-05-03 13:31:55,891] Trial 246 finished with value: 3.3815846958297406 and parameters: {'f_n': 1.5612127472583941e-06, 'K_d': 185969.48522138715, 'rho_d': 23193708776127.734, 'fission_rate': 7.428180103593699e+19, 'Dg_D1_scale': 0.36367468223644467, 'Dg_D3_scale': 0.2052900860748196, 'Dv_D1_scale': 0.22493147052532975, 'Dv_D2_scale': 0.23572037916325897, 'b_bulk_scale': 0.2232910181523579, 'b_dislocation_scale': 0.21259108655140885, 'gb_scale': 0.14091545903979896, 'gd_bubble_scale': 9.944710948804168, 'gd_line_scale': 0.5448757814522973, 'gd_line_alpha': 0.8681486018182053, 'coalescence_d_scale': 0.43212525155942033, 'capture_scale': 0.013603365913467495}. Best is trial 89 with value: 3.2308694002208087.
[I 2026-05-03 13:32:00,666] Trial 247 finished with value: 3.368827912061679 and parameters: {'f_n': 1.4558354768668582e-06, 'K_d': 184348.92507367508, 'rho_d': 22363226331455.67, 'fission_rate': 7.407144759535216e+19, 'Dg_D1_scale': 0.3423181376957667, 'Dg_D3_scale': 0.2073930898749737, 'Dv_D1_scale': 0.22885679201615217, 'Dv_D2_scale': 0.23341255722661974, 'b_bulk_scale': 0.22053816265978818, 'b_dislocation_scale': 0.2197841976675786, 'gb_scale': 0.14374250619518467, 'gd_bubble_scale': 9.809251071110527, 'gd_line_scale': 0.5769808787566183, 'gd_line_alpha': 0.8671849390494166, 'coalescence_d_scale': 0.4314734867160603, 'capture_scale': 0.014703264512885488}. Best is trial 89 with value: 3.2308694002208087.
[I 2026-05-03 13:32:07,300] Trial 248 finished with value: 3.335593673918588 and parameters: {'f_n': 1.4928385051096894e-06, 'K_d': 188003.97106486675, 'rho_d': 22531706850875.617, 'fission_rate': 7.421396513286849e+19, 'Dg_D1_scale': 0.35077529021211135, 'Dg_D3_scale': 0.20789793152962024, 'Dv_D1_scale': 0.22784396797873183, 'Dv_D2_scale': 0.22660480760287402, 'b_bulk_scale': 0.23307944151794194, 'b_dislocation_scale': 0.21473029169430705, 'gb_scale': 0.1404379168475574, 'gd_bubble_scale': 7.8687606758487805, 'gd_line_scale': 0.4818209961953998, 'gd_line_alpha': 0.8691438260595472, 'coalescence_d_scale': 0.46016773897159546, 'capture_scale': 0.014001792951295387}. Best is trial 89 with value: 3.2308694002208087.
[I 2026-05-03 13:32:13,969] Trial 249 finished with value: 3.3544093048661576 and parameters: {'f_n': 1.4717736302447179e-06, 'K_d': 185543.70861976058, 'rho_d': 23501733261437.84, 'fission_rate': 7.407628118663997e+19, 'Dg_D1_scale': 0.3406013697657305, 'Dg_D3_scale': 0.2052864768049774, 'Dv_D1_scale': 0.22698162515021839, 'Dv_D2_scale': 0.2352387982429224, 'b_bulk_scale': 0.22455727823583094, 'b_dislocation_scale': 0.22599773671293155, 'gb_scale': 0.13562836591220376, 'gd_bubble_scale': 9.651303433754242, 'gd_line_scale': 0.5082742131066257, 'gd_line_alpha': 0.871511601300057, 'coalescence_d_scale': 0.45270428704757615, 'capture_scale': 0.014142059694949981}. Best is trial 89 with value: 3.2308694002208087.
[I 2026-05-03 13:32:20,649] Trial 250 finished with value: 3.3586027668747613 and parameters: {'f_n': 1.4814143842543606e-06, 'K_d': 187120.3262434332, 'rho_d': 23714699931865.945, 'fission_rate': 7.396044250402875e+19, 'Dg_D1_scale': 0.35152460739773345, 'Dg_D3_scale': 0.2050081128837858, 'Dv_D1_scale': 0.22273031518718767, 'Dv_D2_scale': 0.23715473239788606, 'b_bulk_scale': 0.231545086641291, 'b_dislocation_scale': 0.21905898778273117, 'gb_scale': 0.1390499305250774, 'gd_bubble_scale': 9.749475433445651, 'gd_line_scale': 0.49099721800414897, 'gd_line_alpha': 0.87081049643727, 'coalescence_d_scale': 0.459884385240557, 'capture_scale': 0.014246017260333924}. Best is trial 89 with value: 3.2308694002208087.
[I 2026-05-03 13:32:27,261] Trial 251 finished with value: 3.339048955742852 and parameters: {'f_n': 1.4605072360588195e-06, 'K_d': 181929.79517206887, 'rho_d': 23995862583667.297, 'fission_rate': 7.429074677394208e+19, 'Dg_D1_scale': 0.35084518150163124, 'Dg_D3_scale': 0.2054099722025334, 'Dv_D1_scale': 0.22576436816128517, 'Dv_D2_scale': 0.23822081217519403, 'b_bulk_scale': 0.23185751980136446, 'b_dislocation_scale': 0.21569514735334563, 'gb_scale': 0.137336842471362, 'gd_bubble_scale': 9.878258807043204, 'gd_line_scale': 0.38208949711067874, 'gd_line_alpha': 0.8764386556642627, 'coalescence_d_scale': 0.46697722533448294, 'capture_scale': 0.014402232366992465}. Best is trial 89 with value: 3.2308694002208087.
