[I 2026-05-03 13:36:25,504] Trial 289 finished with value: 3.3021953134277644 and parameters: {'f_n': 9.644836065282685e-07, 'K_d': 200910.32391031305, 'rho_d': 29930867012681.016, 'fission_rate': 7.554946754744957e+19, 'Dg_D1_scale': 0.3971534810267632, 'Dg_D3_scale': 0.17779366438359911, 'Dv_D1_scale': 0.24574309220392865, 'Dv_D2_scale': 1.2235815083051405, 'b_bulk_scale': 0.25434532640940827, 'b_dislocation_scale': 0.23647952727305888, 'gb_scale': 0.07706104352909769, 'gd_bubble_scale': 5.397484687272592, 'gd_line_scale': 0.19302002359186077, 'gd_line_alpha': 0.9644568307318404, 'coalescence_d_scale': 0.5379719266839409, 'capture_scale': 0.016986537857003516}. Best is trial 89 with value: 3.2308694002208087.
[I 2026-05-03 13:36:30,228] Trial 290 finished with value: 6.1040403707509725 and parameters: {'f_n': 8.028299624426439e-07, 'K_d': 201344.4189442702, 'rho_d': 30895373147801.668, 'fission_rate': 7.685259600373439e+19, 'Dg_D1_scale': 0.38273407771122736, 'Dg_D3_scale': 0.19081678758663825, 'Dv_D1_scale': 3.525311738458748, 'Dv_D2_scale': 1.2019224003442723, 'b_bulk_scale': 0.29211179135052967, 'b_dislocation_scale': 0.23066421191704733, 'gb_scale': 0.0906861778414607, 'gd_bubble_scale': 5.70639479491086, 'gd_line_scale': 0.18823893456167703, 'gd_line_alpha': 0.9524763464267734, 'coalescence_d_scale': 0.5592988076711282, 'capture_scale': 0.015907429931665315}. Best is trial 89 with value: 3.2308694002208087.
[I 2026-05-03 13:36:36,854] Trial 291 finished with value: 3.5069179699169757 and parameters: {'f_n': 8.277450478041881e-07, 'K_d': 208127.74751592733, 'rho_d': 33024138345138.723, 'fission_rate': 7.525090717736865e+19, 'Dg_D1_scale': 0.39888474679332186, 'Dg_D3_scale': 0.1811792032749693, 'Dv_D1_scale': 0.27488244479741264, 'Dv_D2_scale': 1.040112624206217, 'b_bulk_scale': 0.24459876417649717, 'b_dislocation_scale': 0.2022878829860729, 'gb_scale': 0.07638797357566311, 'gd_bubble_scale': 5.1403554798394, 'gd_line_scale': 0.1915043050771793, 'gd_line_alpha': 0.9857607217271381, 'coalescence_d_scale': 0.6035621389483322, 'capture_scale': 0.016356395200847657}. Best is trial 89 with value: 3.2308694002208087.
[I 2026-05-03 13:36:43,505] Trial 292 finished with value: 3.4681901837237037 and parameters: {'f_n': 1.194022474093592e-06, 'K_d': 198239.97417038828, 'rho_d': 39162659616603.305, 'fission_rate': 7.494618975748127e+19, 'Dg_D1_scale': 0.37820737778910585, 'Dg_D3_scale': 0.15054435002578395, 'Dv_D1_scale': 0.24416026185713394, 'Dv_D2_scale': 1.1423216801095402, 'b_bulk_scale': 0.26710084461666644, 'b_dislocation_scale': 0.23686760305424198, 'gb_scale': 0.06489841304306024, 'gd_bubble_scale': 5.496240688323013, 'gd_line_scale': 0.16781087459066757, 'gd_line_alpha': 0.9473326092134593, 'coalescence_d_scale': 0.5416301046461014, 'capture_scale': 0.020941104714742427}. Best is trial 89 with value: 3.2308694002208087.
[I 2026-05-03 13:36:49,977] Trial 293 finished with value: 3.293219258003107 and parameters: {'f_n': 9.175130842000312e-07, 'K_d': 215927.8715921977, 'rho_d': 30752643491996.477, 'fission_rate': 7.745798813715528e+19, 'Dg_D1_scale': 0.43896323756557004, 'Dg_D3_scale': 0.19002932972533604, 'Dv_D1_scale': 0.26700978516876767, 'Dv_D2_scale': 1.330939157606913, 'b_bulk_scale': 0.24591218058906653, 'b_dislocation_scale': 0.27499860730469633, 'gb_scale': 0.05455222607326889, 'gd_bubble_scale': 4.663945680727439, 'gd_line_scale': 0.12289492590344073, 'gd_line_alpha': 0.9726338615138195, 'coalescence_d_scale': 0.5278581815453824, 'capture_scale': 0.01826983997284641}. Best is trial 89 with value: 3.2308694002208087.
[I 2026-05-03 13:36:56,556] Trial 294 finished with value: 3.6004515535561237 and parameters: {'f_n': 8.305781720691874e-07, 'K_d': 226229.0043995334, 'rho_d': 36104896576811.42, 'fission_rate': 7.736174964650893e+19, 'Dg_D1_scale': 0.4441712396868971, 'Dg_D3_scale': 0.18699797208832505, 'Dv_D1_scale': 0.29124861635918026, 'Dv_D2_scale': 0.9480113500618349, 'b_bulk_scale': 0.2899168783380616, 'b_dislocation_scale': 0.281117498587848, 'gb_scale': 0.054719730982918345, 'gd_bubble_scale': 4.768160983721732, 'gd_line_scale': 0.22288784424060074, 'gd_line_alpha': 0.9778504387484982, 'coalescence_d_scale': 0.6107245243115005, 'capture_scale': 0.01974787528137427}. Best is trial 89 with value: 3.2308694002208087.
[I 2026-05-03 13:37:01,152] Trial 295 finished with value: 3.263835480494607 and parameters: {'f_n': 9.361802969278119e-07, 'K_d': 215411.42824155124, 'rho_d': 30756275622021.062, 'fission_rate': 7.679038624945334e+19, 'Dg_D1_scale': 0.37574095665003693, 'Dg_D3_scale': 0.18990528151735564, 'Dv_D1_scale': 0.2430948238993406, 'Dv_D2_scale': 0.8686196695002449, 'b_bulk_scale': 0.2335525644283052, 'b_dislocation_scale': 0.20472397593210678, 'gb_scale': 0.08105958269821054, 'gd_bubble_scale': 4.500826350918474, 'gd_line_scale': 0.10938802967099923, 'gd_line_alpha': 0.9992724483176852, 'coalescence_d_scale': 0.5375142656401939, 'capture_scale': 0.015959549834202207}. Best is trial 89 with value: 3.2308694002208087.
[I 2026-05-03 13:37:07,580] Trial 296 finished with value: 3.281860116189815 and parameters: {'f_n': 9.441413290804599e-07, 'K_d': 214769.4699777458, 'rho_d': 30923899373896.832, 'fission_rate': 7.640347741283875e+19, 'Dg_D1_scale': 0.3770628502332182, 'Dg_D3_scale': 0.1901188568331643, 'Dv_D1_scale': 0.2691338089420457, 'Dv_D2_scale': 1.1810083738020194, 'b_bulk_scale': 0.24496966131453438, 'b_dislocation_scale': 0.28454080191752334, 'gb_scale': 0.05790595077774944, 'gd_bubble_scale': 4.638087851332708, 'gd_line_scale': 0.11719822721380595, 'gd_line_alpha': 0.998123438287168, 'coalescence_d_scale': 0.528929611028391, 'capture_scale': 0.01606999612425798}. Best is trial 89 with value: 3.2308694002208087.
[I 2026-05-03 13:37:13,990] Trial 297 finished with value: 3.348943278195954 and parameters: {'f_n': 7.501872583115638e-07, 'K_d': 217819.25757162375, 'rho_d': 32056696414922.906, 'fission_rate': 7.761648178515001e+19, 'Dg_D1_scale': 0.46105960301816595, 'Dg_D3_scale': 0.18974095395258464, 'Dv_D1_scale': 0.28308371621745393, 'Dv_D2_scale': 1.3518477754968516, 'b_bulk_scale': 0.309553880684595, 'b_dislocation_scale': 0.2255735085503015, 'gb_scale': 0.08296301735762861, 'gd_bubble_scale': 4.346977384159328, 'gd_line_scale': 0.10321784295168451, 'gd_line_alpha': 0.9965120439860321, 'coalescence_d_scale': 0.5261313931989164, 'capture_scale': 0.01604540091551045}. Best is trial 89 with value: 3.2308694002208087.
[I 2026-05-03 13:37:20,467] Trial 298 finished with value: 3.705015336649727 and parameters: {'f_n': 9.447675129293501e-07, 'K_d': 233160.45607565125, 'rho_d': 26992406596553.82, 'fission_rate': 7.636300907529306e+19, 'Dg_D1_scale': 0.39762449082954404, 'Dg_D3_scale': 0.19050672738025212, 'Dv_D1_scale': 1.2956885804506988, 'Dv_D2_scale': 0.8656915165694747, 'b_bulk_scale': 0.23295233713279825, 'b_dislocation_scale': 0.283594852186049, 'gb_scale': 0.06047291106930544, 'gd_bubble_scale': 4.450955140358151, 'gd_line_scale': 0.1190017476885462, 'gd_line_alpha': 0.9284780945924033, 'coalescence_d_scale': 0.6235466780666431, 'capture_scale': 0.016142208409756716}. Best is trial 89 with value: 3.2308694002208087.
[I 2026-05-03 13:37:26,967] Trial 299 finished with value: 3.295490997146838 and parameters: {'f_n': 9.60765808700571e-07, 'K_d': 215119.8868703292, 'rho_d': 30115789891619.152, 'fission_rate': 7.67021141235106e+19, 'Dg_D1_scale': 0.37796958942262554, 'Dg_D3_scale': 0.1749682063142818, 'Dv_D1_scale': 0.26762000871739183, 'Dv_D2_scale': 1.205244949311111, 'b_bulk_scale': 0.28310818453407766, 'b_dislocation_scale': 0.2726024729396992, 'gb_scale': 0.05396068647899734, 'gd_bubble_scale': 4.8632934862391535, 'gd_line_scale': 0.09300018408109584, 'gd_line_alpha': 0.9660849601095839, 'coalescence_d_scale': 0.5411314429407597, 'capture_scale': 0.02172719135583017}. Best is trial 89 with value: 3.2308694002208087.
[I 2026-05-03 13:37:31,440] Trial 300 finished with value: 3.506095787845353 and parameters: {'f_n': 7.370818176165041e-07, 'K_d': 216304.78032114412, 'rho_d': 32310318213759.535, 'fission_rate': 7.799708283120003e+19, 'Dg_D1_scale': 0.3984015968044369, 'Dg_D3_scale': 0.19397717515678606, 'Dv_D1_scale': 0.2680586103053311, 'Dv_D2_scale': 1.1664668639254392, 'b_bulk_scale': 0.24146018800032468, 'b_dislocation_scale': 0.19957850157324364, 'gb_scale': 0.051109199113022113, 'gd_bubble_scale': 4.982669376695404, 'gd_line_scale': 0.09191804457296193, 'gd_line_alpha': 0.9982632598375526, 'coalescence_d_scale': 0.5198914059473367, 'capture_scale': 0.022258852617063268}. Best is trial 89 with value: 3.2308694002208087.Best trial: 89. Best value: 3.23087:  60%|██████    | 300/500 [32:14<21:11,  6.36s/it]Best trial: 89. Best value: 3.23087:  60%|██████    | 300/500 [32:14<21:11,  6.36s/it]Best trial: 89. Best value: 3.23087:  60%|██████    | 301/500 [32:14<19:09,  5.77s/it]                                                                                      Best trial: 89. Best value: 3.23087:  60%|██████    | 301/500 [32:20<19:09,  5.77s/it]Best trial: 89. Best value: 3.23087:  60%|██████    | 301/500 [32:20<19:09,  5.77s/it]Best trial: 89. Best value: 3.23087:  60%|██████    | 302/500 [32:20<19:38,  5.95s/it]                                                                                      Best trial: 89. Best value: 3.23087:  60%|██████    | 302/500 [32:27<19:38,  5.95s/it]Best trial: 89. Best value: 3.23087:  60%|██████    | 302/500 [32:27<19:38,  5.95s/it]Best trial: 89. Best value: 3.23087:  61%|██████    | 303/500 [32:27<19:57,  6.08s/it]                                                                                      Best trial: 89. Best value: 3.23087:  61%|██████    | 303/500 [32:33<19:57,  6.08s/it]Best trial: 89. Best value: 3.23087:  61%|██████    | 303/500 [32:33<19:57,  6.08s/it]Best trial: 89. Best value: 3.23087:  61%|██████    | 304/500 [32:33<20:05,  6.15s/it]                                                                                      Best trial: 89. Best value: 3.23087:  61%|██████    | 304/500 [32:39<20:05,  6.15s/it]Best trial: 89. Best value: 3.23087:  61%|██████    | 304/500 [32:39<20:05,  6.15s/it]Best trial: 89. Best value: 3.23087:  61%|██████    | 305/500 [32:39<20:09,  6.20s/it]                                                                                      Best trial: 89. Best value: 3.23087:  61%|██████    | 305/500 [32:44<20:09,  6.20s/it]Best trial: 89. Best value: 3.23087:  61%|██████    | 305/500 [32:44<20:09,  6.20s/it]Best trial: 89. Best value: 3.23087:  61%|██████    | 306/500 [32:44<18:35,  5.75s/it]                                                                                      Best trial: 89. Best value: 3.23087:  61%|██████    | 306/500 [32:51<18:35,  5.75s/it]Best trial: 89. Best value: 3.23087:  61%|██████    | 306/500 [32:51<18:35,  5.75s/it]Best trial: 89. Best value: 3.23087:  61%|██████▏   | 307/500 [32:51<19:22,  6.02s/it]                                                                                      Best trial: 89. Best value: 3.23087:  61%|██████▏   | 307/500 [32:57<19:22,  6.02s/it]Best trial: 89. Best value: 3.23087:  61%|██████▏   | 307/500 [32:57<19:22,  6.02s/it]Best trial: 89. Best value: 3.23087:  62%|██████▏   | 308/500 [32:57<19:36,  6.13s/it]                                                                                      Best trial: 89. Best value: 3.23087:  62%|██████▏   | 308/500 [33:04<19:36,  6.13s/it]Best trial: 89. Best value: 3.23087:  62%|██████▏   | 308/500 [33:04<19:36,  6.13s/it]Best trial: 89. Best value: 3.23087:  62%|██████▏   | 309/500 [33:04<19:54,  6.26s/it]                                                                                      Best trial: 89. Best value: 3.23087:  62%|██████▏   | 309/500 [33:10<19:54,  6.26s/it]Best trial: 89. Best value: 3.23087:  62%|██████▏   | 309/500 [33:10<19:54,  6.26s/it]Best trial: 89. Best value: 3.23087:  62%|██████▏   | 310/500 [33:10<19:51,  6.27s/it]                                                                                      Best trial: 89. Best value: 3.23087:  62%|██████▏   | 310/500 [33:14<19:51,  6.27s/it]Best trial: 89. Best value: 3.23087:  62%|██████▏   | 310/500 [33:14<19:51,  6.27s/it]Best trial: 89. Best value: 3.23087:  62%|██████▏   | 311/500 [33:14<17:54,  5.68s/it]                                                                                      Best trial: 89. Best value: 3.23087:  62%|██████▏   | 311/500 [33:21<17:54,  5.68s/it]Best trial: 89. Best value: 3.23087:  62%|██████▏   | 311/500 [33:21<17:54,  5.68s/it]Best trial: 89. Best value: 3.23087:  62%|██████▏   | 312/500 [33:21<18:40,  5.96s/it]                                                                                      
[I 2026-05-03 13:37:37,814] Trial 301 finished with value: 3.2906655013283608 and parameters: {'f_n': 1.1981097169528398e-06, 'K_d': 198680.49437835862, 'rho_d': 28129454337466.168, 'fission_rate': 7.703099387710318e+19, 'Dg_D1_scale': 0.3793641915510019, 'Dg_D3_scale': 0.1775742304607, 'Dv_D1_scale': 0.27233000428778864, 'Dv_D2_scale': 1.2557143936048984, 'b_bulk_scale': 0.30472551833545086, 'b_dislocation_scale': 0.29185894247493527, 'gb_scale': 0.056851422938542014, 'gd_bubble_scale': 5.771756737361994, 'gd_line_scale': 0.08789677823093857, 'gd_line_alpha': 0.9616349360071136, 'coalescence_d_scale': 0.5064213509572258, 'capture_scale': 0.015833267260129888}. Best is trial 89 with value: 3.2308694002208087.
[I 2026-05-03 13:37:44,186] Trial 302 finished with value: 3.286406266204833 and parameters: {'f_n': 1.0009428003507882e-06, 'K_d': 197449.28028359663, 'rho_d': 30519259229174.043, 'fission_rate': 7.720978227771818e+19, 'Dg_D1_scale': 0.3740065615569302, 'Dg_D3_scale': 0.15945726829046183, 'Dv_D1_scale': 0.29209185950864236, 'Dv_D2_scale': 1.2790917102520138, 'b_bulk_scale': 0.30167678041434265, 'b_dislocation_scale': 0.29507905402234924, 'gb_scale': 0.05730606073782592, 'gd_bubble_scale': 5.7301309674152465, 'gd_line_scale': 0.07932745885699828, 'gd_line_alpha': 0.9632079898194491, 'coalescence_d_scale': 0.6418361240372994, 'capture_scale': 0.02090918019686388}. Best is trial 89 with value: 3.2308694002208087.
[I 2026-05-03 13:37:50,503] Trial 303 finished with value: 3.320402935373501 and parameters: {'f_n': 9.488806126791808e-07, 'K_d': 229369.96958820522, 'rho_d': 30289468696326.87, 'fission_rate': 7.856858998666156e+19, 'Dg_D1_scale': 0.3733312578125495, 'Dg_D3_scale': 0.15927603706606525, 'Dv_D1_scale': 0.31094670505382965, 'Dv_D2_scale': 1.2717431307526614, 'b_bulk_scale': 0.3136665995881603, 'b_dislocation_scale': 0.2893615968532487, 'gb_scale': 0.058858225677995854, 'gd_bubble_scale': 5.386235200823156, 'gd_line_scale': 0.08779394220863335, 'gd_line_alpha': 0.9637013446650138, 'coalescence_d_scale': 0.6655339854965957, 'capture_scale': 0.021086659924442062}. Best is trial 89 with value: 3.2308694002208087.
[I 2026-05-03 13:37:56,821] Trial 304 finished with value: 3.3861581913456655 and parameters: {'f_n': 9.70120444597023e-07, 'K_d': 102823.13137341829, 'rho_d': 30323032435131.85, 'fission_rate': 7.845385210413706e+19, 'Dg_D1_scale': 0.3772620352094728, 'Dg_D3_scale': 0.1594929519072101, 'Dv_D1_scale': 0.31125168408141485, 'Dv_D2_scale': 1.2912605674705742, 'b_bulk_scale': 0.3222767709636278, 'b_dislocation_scale': 0.2896235543921494, 'gb_scale': 0.05759320908224766, 'gd_bubble_scale': 5.698435427246702, 'gd_line_scale': 0.07881297338936974, 'gd_line_alpha': 0.9622871959188978, 'coalescence_d_scale': 0.6587742146506401, 'capture_scale': 0.021235915258812653}. Best is trial 89 with value: 3.2308694002208087.
[I 2026-05-03 13:38:01,477] Trial 305 finished with value: 3.36496832095937 and parameters: {'f_n': 7.554226975761705e-07, 'K_d': 230172.5771654383, 'rho_d': 27791032542732.543, 'fission_rate': 7.720885448887688e+19, 'Dg_D1_scale': 0.40850237665285005, 'Dg_D3_scale': 0.15757692027756345, 'Dv_D1_scale': 0.29147223174729747, 'Dv_D2_scale': 1.2737892835813447, 'b_bulk_scale': 0.30225984915670834, 'b_dislocation_scale': 0.3061947113481379, 'gb_scale': 0.06696444010829421, 'gd_bubble_scale': 4.103232110672471, 'gd_line_scale': 0.07321642970343796, 'gd_line_alpha': 0.9354568794255567, 'coalescence_d_scale': 0.5994806549416365, 'capture_scale': 0.017882333043723067}. Best is trial 89 with value: 3.2308694002208087.
[I 2026-05-03 13:38:08,175] Trial 306 finished with value: 3.305426200341194 and parameters: {'f_n': 1.1067767983699995e-06, 'K_d': 199415.3422759624, 'rho_d': 30014721545164.59, 'fission_rate': 7.692910012301895e+19, 'Dg_D1_scale': 0.37509886930018677, 'Dg_D3_scale': 0.17212395214746978, 'Dv_D1_scale': 0.3001374615347955, 'Dv_D2_scale': 1.4277510524181773, 'b_bulk_scale': 0.3117933736979397, 'b_dislocation_scale': 0.28202873322325567, 'gb_scale': 0.05144907326648992, 'gd_bubble_scale': 4.94010788703434, 'gd_line_scale': 0.11599049564498995, 'gd_line_alpha': 0.9600970389557287, 'coalescence_d_scale': 0.6574346456876397, 'capture_scale': 0.021376462105177164}. Best is trial 89 with value: 3.2308694002208087.
[I 2026-05-03 13:38:14,548] Trial 307 finished with value: 3.277054434475346 and parameters: {'f_n': 1.047277239501467e-06, 'K_d': 200203.7271626958, 'rho_d': 30166520821892.695, 'fission_rate': 7.795944288810931e+19, 'Dg_D1_scale': 0.3770942856930929, 'Dg_D3_scale': 0.16840753037281053, 'Dv_D1_scale': 0.29648631840467654, 'Dv_D2_scale': 1.445643140153572, 'b_bulk_scale': 0.33457051113150016, 'b_dislocation_scale': 0.29244539277044124, 'gb_scale': 0.05938737504389014, 'gd_bubble_scale': 5.043389595728059, 'gd_line_scale': 0.11751922368871306, 'gd_line_alpha': 0.9635770843086008, 'coalescence_d_scale': 0.7120424870887112, 'capture_scale': 0.02134016372465462}. Best is trial 89 with value: 3.2308694002208087.
[I 2026-05-03 13:38:21,105] Trial 308 finished with value: 3.3232992860861312 and parameters: {'f_n': 1.0514924264389546e-06, 'K_d': 216739.21010033932, 'rho_d': 30666870003179.133, 'fission_rate': 7.904530391738491e+19, 'Dg_D1_scale': 0.3798631750410923, 'Dg_D3_scale': 0.15024690115226008, 'Dv_D1_scale': 0.3195612929231119, 'Dv_D2_scale': 1.4586994881387576, 'b_bulk_scale': 0.3259658906260424, 'b_dislocation_scale': 0.2765450442091831, 'gb_scale': 0.05386941920130136, 'gd_bubble_scale': 4.641660964124557, 'gd_line_scale': 0.1132732461897, 'gd_line_alpha': 0.9667319095340743, 'coalescence_d_scale': 0.739043579781838, 'capture_scale': 0.021431228712260608}. Best is trial 89 with value: 3.2308694002208087.
[I 2026-05-03 13:38:27,408] Trial 309 finished with value: 3.323355919372796 and parameters: {'f_n': 9.115700143624716e-07, 'K_d': 219683.7663971085, 'rho_d': 29811180120395.723, 'fission_rate': 7.936574759606826e+19, 'Dg_D1_scale': 0.3739955880205794, 'Dg_D3_scale': 0.15446049854453386, 'Dv_D1_scale': 0.3236623547618803, 'Dv_D2_scale': 1.4831283419222476, 'b_bulk_scale': 0.3245394262803344, 'b_dislocation_scale': 0.2890258879365045, 'gb_scale': 0.051947854527993484, 'gd_bubble_scale': 3.654314349710031, 'gd_line_scale': 0.1266913441496486, 'gd_line_alpha': 0.959413399191242, 'coalescence_d_scale': 0.7210094295874877, 'capture_scale': 0.022277530812068992}. Best is trial 89 with value: 3.2308694002208087.
[I 2026-05-03 13:38:31,727] Trial 310 finished with value: 3.392373489666842 and parameters: {'f_n': 6.531208005589842e-07, 'K_d': 220682.63761451378, 'rho_d': 30739309457330.402, 'fission_rate': 7.924667646814323e+19, 'Dg_D1_scale': 0.37918473014942916, 'Dg_D3_scale': 0.15065825153238468, 'Dv_D1_scale': 0.3275796320874037, 'Dv_D2_scale': 1.4435056614353197, 'b_bulk_scale': 0.3242475010959969, 'b_dislocation_scale': 0.30044753267079805, 'gb_scale': 0.05060731791413118, 'gd_bubble_scale': 4.737628403961422, 'gd_line_scale': 0.11852064751920305, 'gd_line_alpha': 0.9604421004158575, 'coalescence_d_scale': 0.7156756783471122, 'capture_scale': 0.022784768649671258}. Best is trial 89 with value: 3.2308694002208087.
[I 2026-05-03 13:38:38,325] Trial 311 finished with value: 3.342502351810228 and parameters: {'f_n': 8.938799981699084e-07, 'K_d': 233525.64027532443, 'rho_d': 34581658272576.535, 'fission_rate': 7.876015711327792e+19, 'Dg_D1_scale': 0.43426021012819893, 'Dg_D3_scale': 0.1627872803214632, 'Dv_D1_scale': 0.3366257737660595, 'Dv_D2_scale': 1.481778262124686, 'b_bulk_scale': 0.34399108706970244, 'b_dislocation_scale': 0.2830729578608492, 'gb_scale': 0.05893835876838521, 'gd_bubble_scale': 3.6611789315057184, 'gd_line_scale': 0.10450372751406437, 'gd_line_alpha': 0.9710674116415923, 'coalescence_d_scale': 0.7644473139348239, 'capture_scale': 0.021066826693678684}. Best is trial 89 with value: 3.2308694002208087.
