[I 2026-05-03 13:52:43,684] Trial 444 finished with value: 3.1286522941208545 and parameters: {'f_n': 8.095287158052506e-08, 'K_d': 325010.42437183077, 'rho_d': 22499601042019.09, 'fission_rate': 5.805080292859627e+19, 'Dg_D1_scale': 0.7463477508941845, 'Dg_D3_scale': 0.9713821660156887, 'Dv_D1_scale': 0.5670603887905741, 'Dv_D2_scale': 2.4994116836823586, 'b_bulk_scale': 0.8637130003652904, 'b_dislocation_scale': 0.6297375038042983, 'gb_scale': 0.08714671805917758, 'gd_bubble_scale': 2.6426014697572877, 'gd_line_scale': 0.05526557996427727, 'gd_line_alpha': 0.8583924188419253, 'coalescence_d_scale': 3.4386309751201933, 'capture_scale': 0.10174590905326279}. Best is trial 431 with value: 3.0154184466044125.Best trial: 431. Best value: 3.01542:  89%|████████▉ | 444/500 [47:26<07:05,  7.61s/it]Best trial: 431. Best value: 3.01542:  89%|████████▉ | 444/500 [47:26<07:05,  7.61s/it]Best trial: 431. Best value: 3.01542:  89%|████████▉ | 445/500 [47:26<07:12,  7.86s/it]                                                                                       Best trial: 431. Best value: 3.01542:  89%|████████▉ | 445/500 [47:33<07:12,  7.86s/it]Best trial: 431. Best value: 3.01542:  89%|████████▉ | 445/500 [47:33<07:12,  7.86s/it]Best trial: 431. Best value: 3.01542:  89%|████████▉ | 446/500 [47:33<06:42,  7.45s/it]                                                                                       Best trial: 431. Best value: 3.01542:  89%|████████▉ | 446/500 [47:41<06:42,  7.45s/it]Best trial: 431. Best value: 3.01542:  89%|████████▉ | 446/500 [47:41<06:42,  7.45s/it]Best trial: 431. Best value: 3.01542:  89%|████████▉ | 447/500 [47:41<06:50,  7.75s/it]                                                                                       Best trial: 431. Best value: 3.01542:  89%|████████▉ | 447/500 [47:49<06:50,  7.75s/it]Best trial: 431. Best value: 3.01542:  89%|████████▉ | 447/500 [47:49<06:50,  7.75s/it]Best trial: 431. Best value: 3.01542:  90%|████████▉ | 448/500 [47:49<06:48,  7.86s/it]                                                                                       Best trial: 431. Best value: 3.01542:  90%|████████▉ | 448/500 [47:56<06:48,  7.86s/it]Best trial: 431. Best value: 3.01542:  90%|████████▉ | 448/500 [47:56<06:48,  7.86s/it]Best trial: 431. Best value: 3.01542:  90%|████████▉ | 449/500 [47:56<06:22,  7.49s/it]                                                                                       Best trial: 431. Best value: 3.01542:  90%|████████▉ | 449/500 [48:04<06:22,  7.49s/it]Best trial: 431. Best value: 3.01542:  90%|████████▉ | 449/500 [48:04<06:22,  7.49s/it]Best trial: 431. Best value: 3.01542:  90%|█████████ | 450/500 [48:04<06:26,  7.74s/it]                                                                                       Best trial: 431. Best value: 3.01542:  90%|█████████ | 450/500 [48:13<06:26,  7.74s/it]Best trial: 431. Best value: 3.01542:  90%|█████████ | 450/500 [48:13<06:26,  7.74s/it]Best trial: 431. Best value: 3.01542:  90%|█████████ | 451/500 [48:13<06:34,  8.05s/it]                                                                                       Best trial: 431. Best value: 3.01542:  90%|█████████ | 451/500 [48:22<06:34,  8.05s/it]Best trial: 431. Best value: 3.01542:  90%|█████████ | 451/500 [48:22<06:34,  8.05s/it]Best trial: 431. Best value: 3.01542:  90%|█████████ | 452/500 [48:22<06:34,  8.23s/it]                                                                                       Best trial: 431. Best value: 3.01542:  90%|█████████ | 452/500 [48:28<06:34,  8.23s/it]Best trial: 431. Best value: 3.01542:  90%|█████████ | 452/500 [48:29<06:34,  8.23s/it]Best trial: 431. Best value: 3.01542:  91%|█████████ | 453/500 [48:29<06:06,  7.79s/it]                                                                                       Best trial: 431. Best value: 3.01542:  91%|█████████ | 453/500 [48:37<06:06,  7.79s/it]Best trial: 453. Best value: 2.95314:  91%|█████████ | 453/500 [48:37<06:06,  7.79s/it]Best trial: 453. Best value: 2.95314:  91%|█████████ | 454/500 [48:37<06:11,  8.07s/it]                                                                                       Best trial: 453. Best value: 2.95314:  91%|█████████ | 454/500 [48:45<06:11,  8.07s/it]Best trial: 453. Best value: 2.95314:  91%|█████████ | 454/500 [48:45<06:11,  8.07s/it]Best trial: 453. Best value: 2.95314:  91%|█████████ | 455/500 [48:45<06:04,  8.09s/it]                                                                                       Best trial: 453. Best value: 2.95314:  91%|█████████ | 455/500 [48:54<06:04,  8.09s/it]Best trial: 453. Best value: 2.95314:  91%|█████████ | 455/500 [48:54<06:04,  8.09s/it]Best trial: 453. Best value: 2.95314:  91%|█████████ | 456/500 [48:54<06:00,  8.19s/it]                                                                                       
[I 2026-05-03 13:52:50,190] Trial 445 finished with value: 3.306203622157125 and parameters: {'f_n': 7.286223427080146e-08, 'K_d': 333132.78443251335, 'rho_d': 21265131486836.082, 'fission_rate': 5.757339299417912e+19, 'Dg_D1_scale': 0.7471795029690348, 'Dg_D3_scale': 0.988006064459719, 'Dv_D1_scale': 0.5922256309692292, 'Dv_D2_scale': 2.4714889423391244, 'b_bulk_scale': 0.8923349072063331, 'b_dislocation_scale': 0.6631351093121272, 'gb_scale': 0.11238250594887798, 'gd_bubble_scale': 2.618904082106789, 'gd_line_scale': 0.050086840210229785, 'gd_line_alpha': 0.7932790810796917, 'coalescence_d_scale': 3.2646380916253697, 'capture_scale': 0.10305630058415169}. Best is trial 431 with value: 3.0154184466044125.
[I 2026-05-03 13:52:58,601] Trial 446 finished with value: 3.151858508698102 and parameters: {'f_n': 8.746358807370133e-08, 'K_d': 371141.5474063693, 'rho_d': 22764515226904.344, 'fission_rate': 5.789835392831296e+19, 'Dg_D1_scale': 0.8141048917882104, 'Dg_D3_scale': 0.9422769015966459, 'Dv_D1_scale': 0.5548496934457969, 'Dv_D2_scale': 2.894605301346892, 'b_bulk_scale': 0.9717307186262503, 'b_dislocation_scale': 0.6090560444444534, 'gb_scale': 0.08625817322079561, 'gd_bubble_scale': 2.302213115983227, 'gd_line_scale': 0.05665759265116803, 'gd_line_alpha': 0.8597450477960729, 'coalescence_d_scale': 3.441634567313984, 'capture_scale': 0.09257149593875386}. Best is trial 431 with value: 3.0154184466044125.
[I 2026-05-03 13:53:06,749] Trial 447 finished with value: 3.411309742121024 and parameters: {'f_n': 8.27197886119763e-08, 'K_d': 337102.07597657066, 'rho_d': 22950069567804.777, 'fission_rate': 5.969802879986014e+19, 'Dg_D1_scale': 0.7852704410886238, 'Dg_D3_scale': 0.8345093223757447, 'Dv_D1_scale': 0.5468713163932418, 'Dv_D2_scale': 2.9491037981913424, 'b_bulk_scale': 0.8436155906885614, 'b_dislocation_scale': 0.6336970560680218, 'gb_scale': 0.0864639818539723, 'gd_bubble_scale': 2.186099587712143, 'gd_line_scale': 0.06537622186546936, 'gd_line_alpha': 0.8354017027025769, 'coalescence_d_scale': 4.046351669098826, 'capture_scale': 0.12093106102033341}. Best is trial 431 with value: 3.0154184466044125.
[I 2026-05-03 13:53:13,386] Trial 448 finished with value: 3.1193002175017313 and parameters: {'f_n': 4.9074633585427404e-08, 'K_d': 370376.7607941885, 'rho_d': 22550031195255.273, 'fission_rate': 5.647363126248651e+19, 'Dg_D1_scale': 0.7175395178631521, 'Dg_D3_scale': 0.9374660760448952, 'Dv_D1_scale': 0.5630320159408235, 'Dv_D2_scale': 3.4382264384096666, 'b_bulk_scale': 0.9425719619332515, 'b_dislocation_scale': 0.6010707361705253, 'gb_scale': 0.0987766373138273, 'gd_bubble_scale': 2.308203245567156, 'gd_line_scale': 0.05786014044314399, 'gd_line_alpha': 0.8612240275016321, 'coalescence_d_scale': 3.2910546223931676, 'capture_scale': 0.09549420355902323}. Best is trial 431 with value: 3.0154184466044125.
[I 2026-05-03 13:53:21,696] Trial 449 finished with value: 3.366883958708042 and parameters: {'f_n': 4.126601899356139e-08, 'K_d': 361863.0369568648, 'rho_d': 22323769794013.754, 'fission_rate': 5.705559540876161e+19, 'Dg_D1_scale': 0.8542352615425887, 'Dg_D3_scale': 0.7193113741516004, 'Dv_D1_scale': 0.5776798534284541, 'Dv_D2_scale': 3.575110795273203, 'b_bulk_scale': 1.239348130123799, 'b_dislocation_scale': 0.7392192381537618, 'gb_scale': 0.10158233753977, 'gd_bubble_scale': 2.0139044844930676, 'gd_line_scale': 0.0580030681666144, 'gd_line_alpha': 0.8384171325925802, 'coalescence_d_scale': 3.4057736513314, 'capture_scale': 0.09585586197424495}. Best is trial 431 with value: 3.0154184466044125.
[I 2026-05-03 13:53:30,482] Trial 450 finished with value: 3.0675716918583635 and parameters: {'f_n': 5.563521690722143e-08, 'K_d': 340969.3163339151, 'rho_d': 20690410289845.527, 'fission_rate': 5.528487132878346e+19, 'Dg_D1_scale': 0.7149656193602074, 'Dg_D3_scale': 0.8659399596284864, 'Dv_D1_scale': 0.503246990920031, 'Dv_D2_scale': 2.6597740975096484, 'b_bulk_scale': 1.0928039894490833, 'b_dislocation_scale': 0.5795584356980852, 'gb_scale': 0.10816256209537368, 'gd_bubble_scale': 2.79278543325131, 'gd_line_scale': 0.06376993602416862, 'gd_line_alpha': 0.8708485107835389, 'coalescence_d_scale': 5.100201244940182, 'capture_scale': 0.1124041318370989}. Best is trial 431 with value: 3.0154184466044125.
[I 2026-05-03 13:53:39,128] Trial 451 finished with value: 3.2352878936871203 and parameters: {'f_n': 4.9367096624017774e-08, 'K_d': 366598.35824139323, 'rho_d': 20733847886093.64, 'fission_rate': 5.599588062925776e+19, 'Dg_D1_scale': 0.7213535219019698, 'Dg_D3_scale': 0.7881545541509506, 'Dv_D1_scale': 0.5094877607365196, 'Dv_D2_scale': 3.458076882851554, 'b_bulk_scale': 1.0961357690519202, 'b_dislocation_scale': 0.8274910696254992, 'gb_scale': 0.11035129688273854, 'gd_bubble_scale': 2.82275764575781, 'gd_line_scale': 0.06542089957744461, 'gd_line_alpha': 0.8590898657784386, 'coalescence_d_scale': 5.221009566660118, 'capture_scale': 0.11608474667992484}. Best is trial 431 with value: 3.0154184466044125.
[I 2026-05-03 13:53:45,903] Trial 452 finished with value: 3.2176805902002448 and parameters: {'f_n': 7.126408509122739e-08, 'K_d': 376126.772145379, 'rho_d': 20576119361272.23, 'fission_rate': 5.542901424041243e+19, 'Dg_D1_scale': 0.7032504534104158, 'Dg_D3_scale': 0.8675860988595439, 'Dv_D1_scale': 0.4908242754982632, 'Dv_D2_scale': 3.8290369773304307, 'b_bulk_scale': 1.5120503648648729, 'b_dislocation_scale': 0.6144383754461213, 'gb_scale': 0.11214340467240319, 'gd_bubble_scale': 2.287468271195882, 'gd_line_scale': 0.06077876461007944, 'gd_line_alpha': 0.8085109216738409, 'coalescence_d_scale': 6.30266308562802, 'capture_scale': 0.08999197526813857}. Best is trial 431 with value: 3.0154184466044125.
[I 2026-05-03 13:53:54,609] Trial 453 finished with value: 2.9531422278957793 and parameters: {'f_n': 5.985875659207841e-08, 'K_d': 391045.3964185458, 'rho_d': 22228483960180.633, 'fission_rate': 5.785492383617825e+19, 'Dg_D1_scale': 0.8073176725501704, 'Dg_D3_scale': 0.8222964900892779, 'Dv_D1_scale': 0.5549441184768924, 'Dv_D2_scale': 3.2680868149366358, 'b_bulk_scale': 0.8381217476682047, 'b_dislocation_scale': 0.5947384191868667, 'gb_scale': 0.1001402635202509, 'gd_bubble_scale': 2.8420862246078973, 'gd_line_scale': 0.055800365782764746, 'gd_line_alpha': 0.8542372594550361, 'coalescence_d_scale': 4.3698360791244, 'capture_scale': 0.10655817486923796}. Best is trial 453 with value: 2.9531422278957793.
[I 2026-05-03 13:54:02,753] Trial 454 finished with value: 3.642192406037264 and parameters: {'f_n': 6.173205007671463e-08, 'K_d': 355572.53949762654, 'rho_d': 21097115123244.566, 'fission_rate': 5.894985185862606e+19, 'Dg_D1_scale': 0.8003751963709086, 'Dg_D3_scale': 0.8273435394799277, 'Dv_D1_scale': 0.562136943831864, 'Dv_D2_scale': 3.194901395870719, 'b_bulk_scale': 0.8395249065925869, 'b_dislocation_scale': 0.7717880719627319, 'gb_scale': 0.10267498651244766, 'gd_bubble_scale': 2.2951689620206825, 'gd_line_scale': 0.05710355110592384, 'gd_line_alpha': 0.8339329790728216, 'coalescence_d_scale': 4.380488573962029, 'capture_scale': 0.13041145915236277}. Best is trial 453 with value: 2.9531422278957793.
[I 2026-05-03 13:54:11,171] Trial 455 finished with value: 4.969833285960303 and parameters: {'f_n': 6.14140654099061e-08, 'K_d': 392496.4816266828, 'rho_d': 77749571747826.03, 'fission_rate': 5.814965154151787e+19, 'Dg_D1_scale': 0.8236752450498732, 'Dg_D3_scale': 0.8870673872349526, 'Dv_D1_scale': 0.5655422039425151, 'Dv_D2_scale': 2.8271678184901625, 'b_bulk_scale': 1.14448387278481, 'b_dislocation_scale': 0.6021623307405736, 'gb_scale': 0.11374317228124893, 'gd_bubble_scale': 2.906112583670848, 'gd_line_scale': 0.06622231619213285, 'gd_line_alpha': 0.8555632623147311, 'coalescence_d_scale': 3.8321931836461323, 'capture_scale': 0.11277230220668204}. Best is trial 453 with value: 2.9531422278957793.
[I 2026-05-03 13:54:18,123] Trial 456 finished with value: 3.05135129458689 and parameters: {'f_n': 4.4857876724628504e-08, 'K_d': 397543.64559755864, 'rho_d': 21936760916855.812, 'fission_rate': 5.451495317739127e+19, 'Dg_D1_scale': 0.7536776958749759, 'Dg_D3_scale': 0.7723079407690588, 'Dv_D1_scale': 0.4970214542207042, 'Dv_D2_scale': 2.6132921272008085, 'b_bulk_scale': 0.7896820482214645, 'b_dislocation_scale': 0.6929716036337138, 'gb_scale': 0.09954054398629626, 'gd_bubble_scale': 2.752655383406773, 'gd_line_scale': 0.05665511681619815, 'gd_line_alpha': 0.8599052122556451, 'coalescence_d_scale': 3.4049277762359633, 'capture_scale': 0.10118378353665282}. Best is trial 453 with value: 2.9531422278957793.Best trial: 453. Best value: 2.95314:  91%|█████████ | 456/500 [49:01<06:00,  8.19s/it]Best trial: 453. Best value: 2.95314:  91%|█████████ | 456/500 [49:01<06:00,  8.19s/it]Best trial: 453. Best value: 2.95314:  91%|█████████▏| 457/500 [49:01<05:36,  7.82s/it]                                                                                       Best trial: 453. Best value: 2.95314:  91%|█████████▏| 457/500 [49:09<05:36,  7.82s/it]Best trial: 453. Best value: 2.95314:  91%|█████████▏| 457/500 [49:09<05:36,  7.82s/it]Best trial: 453. Best value: 2.95314:  92%|█████████▏| 458/500 [49:09<05:38,  8.05s/it]                                                                                       Best trial: 453. Best value: 2.95314:  92%|█████████▏| 458/500 [49:18<05:38,  8.05s/it]Best trial: 453. Best value: 2.95314:  92%|█████████▏| 458/500 [49:18<05:38,  8.05s/it]Best trial: 453. Best value: 2.95314:  92%|█████████▏| 459/500 [49:18<05:37,  8.23s/it]                                                                                       Best trial: 453. Best value: 2.95314:  92%|█████████▏| 459/500 [49:26<05:37,  8.23s/it]Best trial: 453. Best value: 2.95314:  92%|█████████▏| 459/500 [49:26<05:37,  8.23s/it]Best trial: 453. Best value: 2.95314:  92%|█████████▏| 460/500 [49:26<05:28,  8.22s/it]                                                                                       Best trial: 453. Best value: 2.95314:  92%|█████████▏| 460/500 [49:33<05:28,  8.22s/it]Best trial: 453. Best value: 2.95314:  92%|█████████▏| 460/500 [49:33<05:28,  8.22s/it]Best trial: 453. Best value: 2.95314:  92%|█████████▏| 461/500 [49:33<05:06,  7.86s/it]                                                                                       Best trial: 453. Best value: 2.95314:  92%|█████████▏| 461/500 [49:42<05:06,  7.86s/it]Best trial: 453. Best value: 2.95314:  92%|█████████▏| 461/500 [49:42<05:06,  7.86s/it]Best trial: 453. Best value: 2.95314:  92%|█████████▏| 462/500 [49:42<05:06,  8.07s/it]                                                                                       Best trial: 453. Best value: 2.95314:  92%|█████████▏| 462/500 [49:50<05:06,  8.07s/it]Best trial: 462. Best value: 2.93499:  92%|█████████▏| 462/500 [49:50<05:06,  8.07s/it]Best trial: 462. Best value: 2.93499:  93%|█████████▎| 463/500 [49:50<05:02,  8.19s/it]                                                                                       Best trial: 462. Best value: 2.93499:  93%|█████████▎| 463/500 [49:57<05:02,  8.19s/it]Best trial: 463. Best value: 2.81683:  93%|█████████▎| 463/500 [49:57<05:02,  8.19s/it]Best trial: 463. Best value: 2.81683:  93%|█████████▎| 464/500 [49:57<04:36,  7.69s/it]                                                                                       Best trial: 463. Best value: 2.81683:  93%|█████████▎| 464/500 [50:05<04:36,  7.69s/it]Best trial: 463. Best value: 2.81683:  93%|█████████▎| 464/500 [50:05<04:36,  7.69s/it]Best trial: 463. Best value: 2.81683:  93%|█████████▎| 465/500 [50:05<04:38,  7.95s/it]                                                                                       Best trial: 463. Best value: 2.81683:  93%|█████████▎| 465/500 [50:14<04:38,  7.95s/it]Best trial: 463. Best value: 2.81683:  93%|█████████▎| 465/500 [50:14<04:38,  7.95s/it]Best trial: 463. Best value: 2.81683:  93%|█████████▎| 466/500 [50:14<04:39,  8.22s/it]                                                                                       Best trial: 463. Best value: 2.81683:  93%|█████████▎| 466/500 [50:23<04:39,  8.22s/it]Best trial: 463. Best value: 2.81683:  93%|█████████▎| 466/500 [50:23<04:39,  8.22s/it]Best trial: 463. Best value: 2.81683:  93%|█████████▎| 467/500 [50:23<04:41,  8.52s/it]                                                                                       Best trial: 463. Best value: 2.81683:  93%|█████████▎| 467/500 [50:31<04:41,  8.52s/it]Best trial: 463. Best value: 2.81683:  93%|█████████▎| 467/500 [50:31<04:41,  8.52s/it]Best trial: 463. Best value: 2.81683:  94%|█████████▎| 468/500 [50:31<04:21,  8.16s/it]                                                                                       
[I 2026-05-03 13:54:26,730] Trial 457 finished with value: 3.0582642139925027 and parameters: {'f_n': 4.283348528242358e-08, 'K_d': 410120.55852892064, 'rho_d': 23310177258286.17, 'fission_rate': 5.522880039054453e+19, 'Dg_D1_scale': 0.8872139617812258, 'Dg_D3_scale': 0.9728443492621672, 'Dv_D1_scale': 0.4895566915379183, 'Dv_D2_scale': 2.6204925719277203, 'b_bulk_scale': 1.0701996662264646, 'b_dislocation_scale': 0.6992357203749213, 'gb_scale': 0.09786969350811651, 'gd_bubble_scale': 2.4249767702253617, 'gd_line_scale': 0.0664068392879534, 'gd_line_alpha': 0.0446839328511619, 'coalescence_d_scale': 4.572139722553711, 'capture_scale': 0.10370620353535046}. Best is trial 453 with value: 2.9531422278957793.
[I 2026-05-03 13:54:35,370] Trial 458 finished with value: 3.231610534586507 and parameters: {'f_n': 3.511900492307211e-08, 'K_d': 388269.10672613815, 'rho_d': 23526181072099.176, 'fission_rate': 5.467602470771325e+19, 'Dg_D1_scale': 0.9188410706105308, 'Dg_D3_scale': 0.985300011110669, 'Dv_D1_scale': 0.5007963779373912, 'Dv_D2_scale': 2.664373695108067, 'b_bulk_scale': 1.36033834702996, 'b_dislocation_scale': 0.7070867673982454, 'gb_scale': 0.10160822807277749, 'gd_bubble_scale': 1.9418021290779717, 'gd_line_scale': 0.06462979016037315, 'gd_line_alpha': 0.029839307407133142, 'coalescence_d_scale': 4.995849690554163, 'capture_scale': 0.10609068871706577}. Best is trial 453 with value: 2.9531422278957793.
[I 2026-05-03 13:54:43,556] Trial 459 finished with value: 3.7781195905658076 and parameters: {'f_n': 4.1483430026275154e-08, 'K_d': 417130.0217139681, 'rho_d': 23522951017740.082, 'fission_rate': 5.778497039848865e+19, 'Dg_D1_scale': 0.8618113449904375, 'Dg_D3_scale': 0.9789518791976751, 'Dv_D1_scale': 0.4885153684716015, 'Dv_D2_scale': 2.9617509212340765, 'b_bulk_scale': 1.0563729553862489, 'b_dislocation_scale': 1.0171957394314501, 'gb_scale': 0.11654953618895245, 'gd_bubble_scale': 2.2650299315325646, 'gd_line_scale': 0.06437669497100088, 'gd_line_alpha': 0.838548655974949, 'coalescence_d_scale': 4.454714952541024, 'capture_scale': 0.15393302807711196}. Best is trial 453 with value: 2.9531422278957793.
[I 2026-05-03 13:54:50,569] Trial 460 finished with value: 3.182788269926028 and parameters: {'f_n': 5.331094291670424e-08, 'K_d': 419895.0822678558, 'rho_d': 22493183126479.62, 'fission_rate': 5.445352272131121e+19, 'Dg_D1_scale': 0.7673698553862984, 'Dg_D3_scale': 0.9140620350839673, 'Dv_D1_scale': 0.5143317142776014, 'Dv_D2_scale': 2.477695784623738, 'b_bulk_scale': 1.2075523348697448, 'b_dislocation_scale': 0.801507587184701, 'gb_scale': 0.09920046082313166, 'gd_bubble_scale': 2.4580239354137166, 'gd_line_scale': 0.059593996769620815, 'gd_line_alpha': 0.8125921435826584, 'coalescence_d_scale': 3.519618582615289, 'capture_scale': 0.09697537903954086}. Best is trial 453 with value: 2.9531422278957793.
[I 2026-05-03 13:54:59,137] Trial 461 finished with value: 3.5301348303834965 and parameters: {'f_n': 4.758323374394445e-08, 'K_d': 399741.17230025557, 'rho_d': 22432789072967.35, 'fission_rate': 5.63311923795956e+19, 'Dg_D1_scale': 0.7702155103039066, 'Dg_D3_scale': 0.8487147771331068, 'Dv_D1_scale': 0.6156857825728747, 'Dv_D2_scale': 2.642008288984383, 'b_bulk_scale': 0.7327122220288897, 'b_dislocation_scale': 0.6563294790300435, 'gb_scale': 0.10599844247342849, 'gd_bubble_scale': 2.077314520019138, 'gd_line_scale': 0.06815225589928513, 'gd_line_alpha': 0.8592001098158702, 'coalescence_d_scale': 3.9266818431353276, 'capture_scale': 0.13916525643749758}. Best is trial 453 with value: 2.9531422278957793.
