[I 2026-05-03 13:40:36,354] Trial 331 finished with value: 4.091665803179296 and parameters: {'f_n': 1.1671543277786918e-09, 'K_d': 240916.6350202807, 'rho_d': 27827028792070.195, 'fission_rate': 7.707101372056882e+19, 'Dg_D1_scale': 0.42718585468426273, 'Dg_D3_scale': 0.17504679013657734, 'Dv_D1_scale': 0.36336695151882775, 'Dv_D2_scale': 1.274497697801411, 'b_bulk_scale': 0.3620230469087438, 'b_dislocation_scale': 0.3296317228837638, 'gb_scale': 0.07182003951994564, 'gd_bubble_scale': 4.961809713420345, 'gd_line_scale': 0.07984339419824132, 'gd_line_alpha': 0.9837885088828284, 'coalescence_d_scale': 0.9457591163517859, 'capture_scale': 0.02693331200840237}. Best is trial 89 with value: 3.2308694002208087.
[I 2026-05-03 13:40:42,688] Trial 332 finished with value: 3.2355800872669382 and parameters: {'f_n': 7.297681304078447e-07, 'K_d': 230327.19527610825, 'rho_d': 28010700290553.51, 'fission_rate': 7.706437828560716e+19, 'Dg_D1_scale': 0.47527317568229693, 'Dg_D3_scale': 0.17418420336713644, 'Dv_D1_scale': 0.350669944719184, 'Dv_D2_scale': 1.1257028491588092, 'b_bulk_scale': 0.30364087372404847, 'b_dislocation_scale': 0.31594717208194834, 'gb_scale': 0.079466270558588, 'gd_bubble_scale': 5.24086098000798, 'gd_line_scale': 0.07149982599291324, 'gd_line_alpha': 0.9294770761450021, 'coalescence_d_scale': 0.9682226099809125, 'capture_scale': 0.024566416389860703}. Best is trial 89 with value: 3.2308694002208087.
[I 2026-05-03 13:40:49,057] Trial 333 finished with value: 3.95300430743937 and parameters: {'f_n': 7.078962946417162e-07, 'K_d': 245120.27829634558, 'rho_d': 6013944366299.428, 'fission_rate': 7.73116231265405e+19, 'Dg_D1_scale': 0.48276298923945765, 'Dg_D3_scale': 0.17226003225317166, 'Dv_D1_scale': 0.3369118045478315, 'Dv_D2_scale': 1.1395655938871616, 'b_bulk_scale': 0.36474752044471836, 'b_dislocation_scale': 0.3090812112242818, 'gb_scale': 0.06502677002744796, 'gd_bubble_scale': 5.129838668897953, 'gd_line_scale': 0.06867501987567874, 'gd_line_alpha': 0.9379916030477209, 'coalescence_d_scale': 1.0131078957588298, 'capture_scale': 0.02787371386990851}. Best is trial 89 with value: 3.2308694002208087.
[I 2026-05-03 13:40:55,673] Trial 334 finished with value: 3.388607211342361 and parameters: {'f_n': 8.265939930072044e-07, 'K_d': 225639.53049946754, 'rho_d': 28149099267946.41, 'fission_rate': 7.696115997205858e+19, 'Dg_D1_scale': 0.4627475298831029, 'Dg_D3_scale': 0.16618030241872048, 'Dv_D1_scale': 0.38689208459203395, 'Dv_D2_scale': 1.2567807381152176, 'b_bulk_scale': 0.29981876494035675, 'b_dislocation_scale': 0.3290573010485779, 'gb_scale': 0.0710320296072362, 'gd_bubble_scale': 4.287272607496686, 'gd_line_scale': 0.05243585098830855, 'gd_line_alpha': 0.12064102672924404, 'coalescence_d_scale': 0.9113028456997253, 'capture_scale': 0.02472815697467607}. Best is trial 89 with value: 3.2308694002208087.
[I 2026-05-03 13:41:02,255] Trial 335 finished with value: 3.299056628431919 and parameters: {'f_n': 5.686754707805802e-07, 'K_d': 230427.88894763277, 'rho_d': 27011807077547.695, 'fission_rate': 7.791028581856158e+19, 'Dg_D1_scale': 0.42256480355415, 'Dg_D3_scale': 0.16318082762175823, 'Dv_D1_scale': 0.35462223984104263, 'Dv_D2_scale': 1.301890370224471, 'b_bulk_scale': 0.3040623599907674, 'b_dislocation_scale': 0.30714426815023843, 'gb_scale': 0.06188744219722327, 'gd_bubble_scale': 5.185065715706466, 'gd_line_scale': 0.08637967091159578, 'gd_line_alpha': 0.9302811516923668, 'coalescence_d_scale': 0.8338957550555175, 'capture_scale': 0.029572393283001406}. Best is trial 89 with value: 3.2308694002208087.
[I 2026-05-03 13:41:06,816] Trial 336 finished with value: 3.903128262710928 and parameters: {'f_n': 6.2806808466971e-07, 'K_d': 242947.1276101646, 'rho_d': 45489707147946.58, 'fission_rate': 7.788080720784948e+19, 'Dg_D1_scale': 0.4415658989595168, 'Dg_D3_scale': 0.9414068978711003, 'Dv_D1_scale': 0.3498439347775323, 'Dv_D2_scale': 1.351826562901231, 'b_bulk_scale': 0.35043890712509607, 'b_dislocation_scale': 0.3073353295941347, 'gb_scale': 0.0641703640030249, 'gd_bubble_scale': 4.747712195140729, 'gd_line_scale': 0.10498645558187016, 'gd_line_alpha': 0.9377048070252896, 'coalescence_d_scale': 0.8003356912466846, 'capture_scale': 0.02707679407459909}. Best is trial 89 with value: 3.2308694002208087.Best trial: 89. Best value: 3.23087:  67%|██████▋   | 336/500 [35:49<17:11,  6.29s/it]Best trial: 89. Best value: 3.23087:  67%|██████▋   | 336/500 [35:49<17:11,  6.29s/it]Best trial: 89. Best value: 3.23087:  67%|██████▋   | 337/500 [35:49<15:39,  5.77s/it]                                                                                      Best trial: 89. Best value: 3.23087:  67%|██████▋   | 337/500 [35:56<15:39,  5.77s/it]Best trial: 337. Best value: 3.23082:  67%|██████▋   | 337/500 [35:56<15:39,  5.77s/it]Best trial: 337. Best value: 3.23082:  68%|██████▊   | 338/500 [35:56<16:05,  5.96s/it]                                                                                       Best trial: 337. Best value: 3.23082:  68%|██████▊   | 338/500 [36:02<16:05,  5.96s/it]Best trial: 337. Best value: 3.23082:  68%|██████▊   | 338/500 [36:02<16:05,  5.96s/it]Best trial: 337. Best value: 3.23082:  68%|██████▊   | 339/500 [36:02<16:30,  6.15s/it]                                                                                       Best trial: 337. Best value: 3.23082:  68%|██████▊   | 339/500 [36:09<16:30,  6.15s/it]Best trial: 337. Best value: 3.23082:  68%|██████▊   | 339/500 [36:09<16:30,  6.15s/it]Best trial: 337. Best value: 3.23082:  68%|██████▊   | 340/500 [36:09<16:33,  6.21s/it]                                                                                       Best trial: 337. Best value: 3.23082:  68%|██████▊   | 340/500 [36:15<16:33,  6.21s/it]Best trial: 337. Best value: 3.23082:  68%|██████▊   | 340/500 [36:15<16:33,  6.21s/it]Best trial: 337. Best value: 3.23082:  68%|██████▊   | 341/500 [36:15<16:42,  6.30s/it]                                                                                       Best trial: 337. Best value: 3.23082:  68%|██████▊   | 341/500 [36:20<16:42,  6.30s/it]Best trial: 337. Best value: 3.23082:  68%|██████▊   | 341/500 [36:21<16:42,  6.30s/it]Best trial: 337. Best value: 3.23082:  68%|██████▊   | 342/500 [36:21<15:42,  5.97s/it]                                                                                       Best trial: 337. Best value: 3.23082:  68%|██████▊   | 342/500 [36:27<15:42,  5.97s/it]Best trial: 337. Best value: 3.23082:  68%|██████▊   | 342/500 [36:27<15:42,  5.97s/it]Best trial: 337. Best value: 3.23082:  69%|██████▊   | 343/500 [36:27<16:20,  6.24s/it]                                                                                       Best trial: 337. Best value: 3.23082:  69%|██████▊   | 343/500 [36:34<16:20,  6.24s/it]Best trial: 337. Best value: 3.23082:  69%|██████▊   | 343/500 [36:34<16:20,  6.24s/it]Best trial: 337. Best value: 3.23082:  69%|██████▉   | 344/500 [36:34<16:15,  6.25s/it]                                                                                       Best trial: 337. Best value: 3.23082:  69%|██████▉   | 344/500 [36:40<16:15,  6.25s/it]Best trial: 337. Best value: 3.23082:  69%|██████▉   | 344/500 [36:40<16:15,  6.25s/it]Best trial: 337. Best value: 3.23082:  69%|██████▉   | 345/500 [36:40<16:19,  6.32s/it]                                                                                       Best trial: 337. Best value: 3.23082:  69%|██████▉   | 345/500 [36:47<16:19,  6.32s/it]Best trial: 337. Best value: 3.23082:  69%|██████▉   | 345/500 [36:47<16:19,  6.32s/it]Best trial: 337. Best value: 3.23082:  69%|██████▉   | 346/500 [36:47<16:21,  6.38s/it]                                                                                       Best trial: 337. Best value: 3.23082:  69%|██████▉   | 346/500 [36:51<16:21,  6.38s/it]Best trial: 337. Best value: 3.23082:  69%|██████▉   | 346/500 [36:51<16:21,  6.38s/it]Best trial: 337. Best value: 3.23082:  69%|██████▉   | 347/500 [36:51<14:54,  5.85s/it]                                                                                       Best trial: 337. Best value: 3.23082:  69%|██████▉   | 347/500 [36:57<14:54,  5.85s/it]Best trial: 337. Best value: 3.23082:  69%|██████▉   | 347/500 [36:57<14:54,  5.85s/it]Best trial: 337. Best value: 3.23082:  70%|██████▉   | 348/500 [36:57<14:46,  5.84s/it]                                                                                       
[I 2026-05-03 13:41:13,216] Trial 337 finished with value: 3.230816415870084 and parameters: {'f_n': 5.565988635955305e-07, 'K_d': 250263.0476142592, 'rho_d': 26452953508213.535, 'fission_rate': 7.70634076675787e+19, 'Dg_D1_scale': 0.415832680542579, 'Dg_D3_scale': 0.17660158869008727, 'Dv_D1_scale': 0.29227106430941213, 'Dv_D2_scale': 1.0880286307863496, 'b_bulk_scale': 0.2837658104168509, 'b_dislocation_scale': 0.3465759772745563, 'gb_scale': 0.07774900827352095, 'gd_bubble_scale': 5.139432435259258, 'gd_line_scale': 0.1496396071576732, 'gd_line_alpha': 0.9257510208225438, 'coalescence_d_scale': 0.8469322838876772, 'capture_scale': 0.03278850439603523}. Best is trial 337 with value: 3.230816415870084.
[I 2026-05-03 13:41:19,786] Trial 338 finished with value: 3.8094932968982156 and parameters: {'f_n': 2.1430381097411203e-09, 'K_d': 246568.00810881864, 'rho_d': 27109783981565.71, 'fission_rate': 7.692973435042295e+19, 'Dg_D1_scale': 0.4173612016126504, 'Dg_D3_scale': 0.176883080631306, 'Dv_D1_scale': 0.2909501327462176, 'Dv_D2_scale': 1.114396738087827, 'b_bulk_scale': 0.29979457350819544, 'b_dislocation_scale': 0.34779750623500666, 'gb_scale': 0.07382769658645015, 'gd_bubble_scale': 3.898640943098146, 'gd_line_scale': 0.14718627876437942, 'gd_line_alpha': 0.92237828741676, 'coalescence_d_scale': 0.9534247033708293, 'capture_scale': 0.03091282475159141}. Best is trial 337 with value: 3.230816415870084.
[I 2026-05-03 13:41:26,186] Trial 339 finished with value: 3.2707785657101685 and parameters: {'f_n': 5.546461844130965e-07, 'K_d': 229310.96560971852, 'rho_d': 26702304305782.895, 'fission_rate': 7.777741532665933e+19, 'Dg_D1_scale': 0.45523222208928327, 'Dg_D3_scale': 0.16695339449103141, 'Dv_D1_scale': 0.34413232318252496, 'Dv_D2_scale': 1.2324665143137732, 'b_bulk_scale': 0.3411942719648894, 'b_dislocation_scale': 0.3282039885670574, 'gb_scale': 0.07646282544625238, 'gd_bubble_scale': 4.958859153709049, 'gd_line_scale': 0.08312840946212555, 'gd_line_alpha': 0.9990004420319136, 'coalescence_d_scale': 0.8536131379686636, 'capture_scale': 0.03306580691626877}. Best is trial 337 with value: 3.230816415870084.
[I 2026-05-03 13:41:32,686] Trial 340 finished with value: 3.315104946568138 and parameters: {'f_n': 5.524031286680244e-07, 'K_d': 235310.32682574433, 'rho_d': 26566878873139.97, 'fission_rate': 7.805451477868975e+19, 'Dg_D1_scale': 0.47359535881539544, 'Dg_D3_scale': 0.1782927298782027, 'Dv_D1_scale': 0.3511617824303964, 'Dv_D2_scale': 1.1978541180753508, 'b_bulk_scale': 0.3594692787729175, 'b_dislocation_scale': 0.35160048258259907, 'gb_scale': 0.07752995118333175, 'gd_bubble_scale': 4.31084657983794, 'gd_line_scale': 0.08211284576438371, 'gd_line_alpha': 0.999924789350237, 'coalescence_d_scale': 0.9043868712213025, 'capture_scale': 0.03335866538648238}. Best is trial 337 with value: 3.230816415870084.
[I 2026-05-03 13:41:37,868] Trial 341 finished with value: 3.251490988247118 and parameters: {'f_n': 5.439083012681775e-07, 'K_d': 233643.61289454496, 'rho_d': 26500600783328.49, 'fission_rate': 7.79291654157179e+19, 'Dg_D1_scale': 0.4849100704624728, 'Dg_D3_scale': 2.4947136715186646, 'Dv_D1_scale': 0.3698723057528862, 'Dv_D2_scale': 1.2081699429712722, 'b_bulk_scale': 0.3670192957904431, 'b_dislocation_scale': 0.34990770836614404, 'gb_scale': 0.07682484946070962, 'gd_bubble_scale': 4.20313641576346, 'gd_line_scale': 0.08585793777718478, 'gd_line_alpha': 0.9288961481308698, 'coalescence_d_scale': 0.8497522475313767, 'capture_scale': 0.03111373527830904}. Best is trial 337 with value: 3.230816415870084.
[I 2026-05-03 13:41:44,768] Trial 342 finished with value: 4.08679012675148 and parameters: {'f_n': 1.0077016598095255e-10, 'K_d': 224862.96624265006, 'rho_d': 26260275729296.84, 'fission_rate': 7.735869216512342e+19, 'Dg_D1_scale': 2.03633391117231, 'Dg_D3_scale': 0.16102026490311813, 'Dv_D1_scale': 0.3689890482688393, 'Dv_D2_scale': 1.0759522155414927, 'b_bulk_scale': 0.38520120952926457, 'b_dislocation_scale': 0.3530357425043547, 'gb_scale': 0.06085237192641517, 'gd_bubble_scale': 4.725529780697838, 'gd_line_scale': 0.07113110989425397, 'gd_line_alpha': 0.924127415860068, 'coalescence_d_scale': 1.073858586000839, 'capture_scale': 0.03229074841707529}. Best is trial 337 with value: 3.230816415870084.
[I 2026-05-03 13:41:51,049] Trial 343 finished with value: 3.4642700351161064 and parameters: {'f_n': 6.12337487386062e-07, 'K_d': 255662.25258392355, 'rho_d': 28748890609095.156, 'fission_rate': 7.806633932836132e+19, 'Dg_D1_scale': 0.45608470473840734, 'Dg_D3_scale': 3.707842825413165, 'Dv_D1_scale': 0.41551107467008197, 'Dv_D2_scale': 1.211111433327055, 'b_bulk_scale': 0.3329238620588056, 'b_dislocation_scale': 0.3223708026544282, 'gb_scale': 0.06770810148258045, 'gd_bubble_scale': 4.004774445228358, 'gd_line_scale': 0.09646585442419808, 'gd_line_alpha': 0.9263984138196333, 'coalescence_d_scale': 0.8427924921642077, 'capture_scale': 0.030703978238419458}. Best is trial 337 with value: 3.230816415870084.
[I 2026-05-03 13:41:57,521] Trial 344 finished with value: 3.2618244206762848 and parameters: {'f_n': 5.407792233955984e-07, 'K_d': 234290.23025338235, 'rho_d': 27417650914300.39, 'fission_rate': 7.677089463713574e+19, 'Dg_D1_scale': 0.48681613778922755, 'Dg_D3_scale': 0.8174968941376496, 'Dv_D1_scale': 0.3775279390892103, 'Dv_D2_scale': 1.3232246080412193, 'b_bulk_scale': 0.3376530009771513, 'b_dislocation_scale': 0.3276821792760891, 'gb_scale': 0.0809787870040159, 'gd_bubble_scale': 5.104502437875325, 'gd_line_scale': 0.11073940999509194, 'gd_line_alpha': 0.9525300561221796, 'coalescence_d_scale': 0.9651591798020626, 'capture_scale': 0.03610861935545305}. Best is trial 337 with value: 3.230816415870084.
[I 2026-05-03 13:42:04,028] Trial 345 finished with value: 3.6248226023882424 and parameters: {'f_n': 5.456822562599877e-07, 'K_d': 250900.2410952593, 'rho_d': 27147892038070.32, 'fission_rate': 7.700795975394833e+19, 'Dg_D1_scale': 0.48953119724417, 'Dg_D3_scale': 1.6440609172654232, 'Dv_D1_scale': 0.3815023654080736, 'Dv_D2_scale': 1.3265609865204326, 'b_bulk_scale': 0.384635119787065, 'b_dislocation_scale': 0.3412736130531412, 'gb_scale': 0.05008516372237004, 'gd_bubble_scale': 5.059058490452776, 'gd_line_scale': 0.10873319380940404, 'gd_line_alpha': 0.9597389086056839, 'coalescence_d_scale': 1.0058801702406333, 'capture_scale': 0.03546046942021549}. Best is trial 337 with value: 3.230816415870084.
[I 2026-05-03 13:42:08,646] Trial 346 finished with value: 3.6012377651826495 and parameters: {'f_n': 5.279433741683135e-07, 'K_d': 227871.4157374683, 'rho_d': 28486248253092.395, 'fission_rate': 7.748809494813413e+19, 'Dg_D1_scale': 0.4129698302083081, 'Dg_D3_scale': 2.3416450565675073, 'Dv_D1_scale': 0.4052956714604419, 'Dv_D2_scale': 1.4282266785719455, 'b_bulk_scale': 0.3459936906233583, 'b_dislocation_scale': 0.317007394365574, 'gb_scale': 0.07868580830405646, 'gd_bubble_scale': 5.163801020380701, 'gd_line_scale': 0.13354899352442742, 'gd_line_alpha': 0.9518588895710026, 'coalescence_d_scale': 0.8711984344569852, 'capture_scale': 0.02972208026935413}. Best is trial 337 with value: 3.230816415870084.
[I 2026-05-03 13:42:14,448] Trial 347 finished with value: 3.794224389295679 and parameters: {'f_n': 6.452744887161385e-07, 'K_d': 217461.29508361383, 'rho_d': 26145525910944.24, 'fission_rate': 7.99544606782676e+19, 'Dg_D1_scale': 0.4879477656883145, 'Dg_D3_scale': 0.18713645867654363, 'Dv_D1_scale': 0.3461181540080815, 'Dv_D2_scale': 1.176950030861502, 'b_bulk_scale': 0.08339703262758674, 'b_dislocation_scale': 0.344415464870109, 'gb_scale': 0.0806724250668752, 'gd_bubble_scale': 4.6953294406122925, 'gd_line_scale': 0.11905302991896213, 'gd_line_alpha': 0.9975108644320695, 'coalescence_d_scale': 1.1147368096193035, 'capture_scale': 0.03517470261936155}. Best is trial 337 with value: 3.230816415870084.
[I 2026-05-03 13:42:21,068] Trial 348 finished with value: 4.193416261843385 and parameters: {'f_n': 3.881102641592791e-10, 'K_d': 249530.9386614947, 'rho_d': 28176410821934.426, 'fission_rate': 7.659663145760539e+19, 'Dg_D1_scale': 0.5096261529541617, 'Dg_D3_scale': 0.5343717495224547, 'Dv_D1_scale': 0.36853417356973966, 'Dv_D2_scale': 1.3667898904956004, 'b_bulk_scale': 0.2962814849061972, 'b_dislocation_scale': 0.30381510399762496, 'gb_scale': 0.05598866685889353, 'gd_bubble_scale': 3.484230672588639, 'gd_line_scale': 0.09553082013170913, 'gd_line_alpha': 0.9679955972085577, 'coalescence_d_scale': 0.7962761636733371, 'capture_scale': 0.028300544005096618}. Best is trial 337 with value: 3.230816415870084.Best trial: 337. Best value: 3.23082:  70%|██████▉   | 348/500 [37:04<14:46,  5.84s/it]Best trial: 337. Best value: 3.23082:  70%|██████▉   | 348/500 [37:04<14:46,  5.84s/it]Best trial: 337. Best value: 3.23082:  70%|██████▉   | 349/500 [37:04<15:16,  6.07s/it]                                                                                       Best trial: 337. Best value: 3.23082:  70%|██████▉   | 349/500 [37:10<15:16,  6.07s/it]Best trial: 337. Best value: 3.23082:  70%|██████▉   | 349/500 [37:10<15:16,  6.07s/it]Best trial: 337. Best value: 3.23082:  70%|███████   | 350/500 [37:10<15:27,  6.18s/it]                                                                                       Best trial: 337. Best value: 3.23082:  70%|███████   | 350/500 [37:17<15:27,  6.18s/it]Best trial: 350. Best value: 3.22741:  70%|███████   | 350/500 [37:17<15:27,  6.18s/it]Best trial: 350. Best value: 3.22741:  70%|███████   | 351/500 [37:17<15:32,  6.26s/it]                                                                                       Best trial: 350. Best value: 3.22741:  70%|███████   | 351/500 [37:21<15:32,  6.26s/it]Best trial: 350. Best value: 3.22741:  70%|███████   | 351/500 [37:21<15:32,  6.26s/it]Best trial: 350. Best value: 3.22741:  70%|███████   | 352/500 [37:21<14:07,  5.73s/it]                                                                                       Best trial: 350. Best value: 3.22741:  70%|███████   | 352/500 [37:27<14:07,  5.73s/it]Best trial: 352. Best value: 3.19944:  70%|███████   | 352/500 [37:27<14:07,  5.73s/it]Best trial: 352. Best value: 3.19944:  71%|███████   | 353/500 [37:27<14:28,  5.91s/it]                                                                                       Best trial: 352. Best value: 3.19944:  71%|███████   | 353/500 [37:33<14:28,  5.91s/it]Best trial: 352. Best value: 3.19944:  71%|███████   | 353/500 [37:33<14:28,  5.91s/it]Best trial: 352. Best value: 3.19944:  71%|███████   | 354/500 [37:33<13:53,  5.71s/it]                                                                                       Best trial: 352. Best value: 3.19944:  71%|███████   | 354/500 [37:39<13:53,  5.71s/it]Best trial: 352. Best value: 3.19944:  71%|███████   | 354/500 [37:39<13:53,  5.71s/it]Best trial: 352. Best value: 3.19944:  71%|███████   | 355/500 [37:39<14:17,  5.91s/it]                                                                                       Best trial: 352. Best value: 3.19944:  71%|███████   | 355/500 [37:45<14:17,  5.91s/it]Best trial: 352. Best value: 3.19944:  71%|███████   | 355/500 [37:46<14:17,  5.91s/it]Best trial: 352. Best value: 3.19944:  71%|███████   | 356/500 [37:46<14:35,  6.08s/it]                                                                                       Best trial: 352. Best value: 3.19944:  71%|███████   | 356/500 [37:50<14:35,  6.08s/it]Best trial: 352. Best value: 3.19944:  71%|███████   | 356/500 [37:50<14:35,  6.08s/it]Best trial: 352. Best value: 3.19944:  71%|███████▏  | 357/500 [37:50<13:18,  5.58s/it]                                                                                       Best trial: 352. Best value: 3.19944:  71%|███████▏  | 357/500 [37:56<13:18,  5.58s/it]Best trial: 352. Best value: 3.19944:  71%|███████▏  | 357/500 [37:56<13:18,  5.58s/it]Best trial: 352. Best value: 3.19944:  72%|███████▏  | 358/500 [37:56<13:40,  5.78s/it]                                                                                       Best trial: 352. Best value: 3.19944:  72%|███████▏  | 358/500 [38:02<13:40,  5.78s/it]Best trial: 352. Best value: 3.19944:  72%|███████▏  | 358/500 [38:02<13:40,  5.78s/it]Best trial: 352. Best value: 3.19944:  72%|███████▏  | 359/500 [38:02<13:55,  5.92s/it]                                                                                       Best trial: 352. Best value: 3.19944:  72%|███████▏  | 359/500 [38:09<13:55,  5.92s/it]Best trial: 352. Best value: 3.19944:  72%|███████▏  | 359/500 [38:09<13:55,  5.92s/it]Best trial: 352. Best value: 3.19944:  72%|███████▏  | 360/500 [38:09<14:10,  6.07s/it]                                                                                       
