[I 2026-05-03 13:34:26,038] Trial 270 finished with value: 3.3557249915592555 and parameters: {'f_n': 1.0431963132486974e-06, 'K_d': 180268.0879428327, 'rho_d': 29351011933779.355, 'fission_rate': 7.580948314860611e+19, 'Dg_D1_scale': 0.4080051176544947, 'Dg_D3_scale': 0.1685112802236811, 'Dv_D1_scale': 0.2591103606619562, 'Dv_D2_scale': 0.25159582102283956, 'b_bulk_scale': 0.2710402236530367, 'b_dislocation_scale': 0.2515088053388967, 'gb_scale': 0.1086741482386472, 'gd_bubble_scale': 6.274107570366919, 'gd_line_scale': 0.2506913308707599, 'gd_line_alpha': 0.9558576046943954, 'coalescence_d_scale': 0.4979594446554858, 'capture_scale': 0.0172793021212725}. Best is trial 89 with value: 3.2308694002208087.
[I 2026-05-03 13:34:30,570] Trial 271 finished with value: 3.343156025500166 and parameters: {'f_n': 1.0897620333171115e-06, 'K_d': 179263.8120313951, 'rho_d': 29088086024989.855, 'fission_rate': 7.572307163170864e+19, 'Dg_D1_scale': 0.4200711451197199, 'Dg_D3_scale': 0.17044620090271054, 'Dv_D1_scale': 0.2525033807715612, 'Dv_D2_scale': 0.25035069485335537, 'b_bulk_scale': 0.2614746612323161, 'b_dislocation_scale': 0.25311134747687364, 'gb_scale': 0.10786917840936085, 'gd_bubble_scale': 6.672008171957067, 'gd_line_scale': 0.2538686573858075, 'gd_line_alpha': 0.9660969061054769, 'coalescence_d_scale': 0.516310385298583, 'capture_scale': 0.0178833806791656}. Best is trial 89 with value: 3.2308694002208087.
[I 2026-05-03 13:34:36,978] Trial 272 finished with value: 3.3495481924968855 and parameters: {'f_n': 1.0407334070424317e-06, 'K_d': 179649.075260272, 'rho_d': 28762777102873.72, 'fission_rate': 7.570916822994374e+19, 'Dg_D1_scale': 0.4208445871827724, 'Dg_D3_scale': 0.1733290669823799, 'Dv_D1_scale': 0.25974625757352254, 'Dv_D2_scale': 0.25458475151139004, 'b_bulk_scale': 0.2690601036112743, 'b_dislocation_scale': 0.24598832543652, 'gb_scale': 0.1092598720499207, 'gd_bubble_scale': 6.099075865973617, 'gd_line_scale': 0.2549842318427402, 'gd_line_alpha': 0.9489717255726361, 'coalescence_d_scale': 0.5222216688865645, 'capture_scale': 0.01764117967619127}. Best is trial 89 with value: 3.2308694002208087.
[I 2026-05-03 13:34:43,384] Trial 273 finished with value: 3.3172264464699053 and parameters: {'f_n': 1.1165323777853667e-06, 'K_d': 199242.8436614434, 'rho_d': 28028366162509.426, 'fission_rate': 7.555179685112973e+19, 'Dg_D1_scale': 0.41806095720470743, 'Dg_D3_scale': 0.17458561724243538, 'Dv_D1_scale': 0.24927053436266308, 'Dv_D2_scale': 0.25051001826828084, 'b_bulk_scale': 0.2608770786680819, 'b_dislocation_scale': 0.25318669377492486, 'gb_scale': 0.11851593098859782, 'gd_bubble_scale': 6.03940749396437, 'gd_line_scale': 0.20512242217527868, 'gd_line_alpha': 0.9826175532165481, 'coalescence_d_scale': 0.5362050914409024, 'capture_scale': 0.017884530692244924}. Best is trial 89 with value: 3.2308694002208087.
[I 2026-05-03 13:34:49,850] Trial 274 finished with value: 3.318524482329946 and parameters: {'f_n': 1.027644346382892e-06, 'K_d': 204730.42714627768, 'rho_d': 29995260361369.777, 'fission_rate': 7.574797031208976e+19, 'Dg_D1_scale': 0.3826554969556788, 'Dg_D3_scale': 0.16974371578191053, 'Dv_D1_scale': 0.251348159211874, 'Dv_D2_scale': 0.2583857053833629, 'b_bulk_scale': 0.2738415220787639, 'b_dislocation_scale': 0.257330639281437, 'gb_scale': 0.12163046234506932, 'gd_bubble_scale': 5.548376560214586, 'gd_line_scale': 0.19615478060195363, 'gd_line_alpha': 0.9476947629986349, 'coalescence_d_scale': 0.5454496589746735, 'capture_scale': 0.018294914045688802}. Best is trial 89 with value: 3.2308694002208087.
[I 2026-05-03 13:34:56,296] Trial 275 finished with value: 3.317719389297075 and parameters: {'f_n': 9.816417739714884e-07, 'K_d': 207173.25901268987, 'rho_d': 30892524702846.77, 'fission_rate': 7.573970408587035e+19, 'Dg_D1_scale': 0.43011697893278944, 'Dg_D3_scale': 0.16932576314475944, 'Dv_D1_scale': 0.2541268969212414, 'Dv_D2_scale': 0.2574276347636499, 'b_bulk_scale': 0.2663376938312634, 'b_dislocation_scale': 0.25530814441532595, 'gb_scale': 0.11758477798634778, 'gd_bubble_scale': 5.856250086977909, 'gd_line_scale': 0.17275933722217512, 'gd_line_alpha': 0.9775768792885268, 'coalescence_d_scale': 0.5391003912793194, 'capture_scale': 0.018122728680129985}. Best is trial 89 with value: 3.2308694002208087.
[I 2026-05-03 13:35:01,014] Trial 276 finished with value: 3.3414519035650665 and parameters: {'f_n': 1.2413895796506324e-06, 'K_d': 205328.1683107892, 'rho_d': 30790433972939.496, 'fission_rate': 7.553472818472644e+19, 'Dg_D1_scale': 0.37508985791450766, 'Dg_D3_scale': 0.16488218921535, 'Dv_D1_scale': 0.2495652130451105, 'Dv_D2_scale': 0.25520462261972393, 'b_bulk_scale': 0.25529502514397434, 'b_dislocation_scale': 0.2598895895335939, 'gb_scale': 0.12216256192635286, 'gd_bubble_scale': 5.433981628874577, 'gd_line_scale': 0.1765771180246607, 'gd_line_alpha': 0.9783439547148574, 'coalescence_d_scale': 0.5585356231749541, 'capture_scale': 0.01858637649978152}. Best is trial 89 with value: 3.2308694002208087.Best trial: 89. Best value: 3.23087:  55%|█████▌    | 276/500 [29:44<23:27,  6.28s/it]Best trial: 89. Best value: 3.23087:  55%|█████▌    | 276/500 [29:44<23:27,  6.28s/it]Best trial: 89. Best value: 3.23087:  55%|█████▌    | 277/500 [29:44<21:36,  5.81s/it]                                                                                      Best trial: 89. Best value: 3.23087:  55%|█████▌    | 277/500 [29:50<21:36,  5.81s/it]Best trial: 89. Best value: 3.23087:  55%|█████▌    | 277/500 [29:50<21:36,  5.81s/it]Best trial: 89. Best value: 3.23087:  56%|█████▌    | 278/500 [29:50<22:08,  5.98s/it]                                                                                      Best trial: 89. Best value: 3.23087:  56%|█████▌    | 278/500 [29:56<22:08,  5.98s/it]Best trial: 89. Best value: 3.23087:  56%|█████▌    | 278/500 [29:57<22:08,  5.98s/it]Best trial: 89. Best value: 3.23087:  56%|█████▌    | 279/500 [29:57<22:37,  6.14s/it]                                                                                      Best trial: 89. Best value: 3.23087:  56%|█████▌    | 279/500 [30:03<22:37,  6.14s/it]Best trial: 89. Best value: 3.23087:  56%|█████▌    | 279/500 [30:03<22:37,  6.14s/it]Best trial: 89. Best value: 3.23087:  56%|█████▌    | 280/500 [30:03<22:59,  6.27s/it]                                                                                      Best trial: 89. Best value: 3.23087:  56%|█████▌    | 280/500 [30:10<22:59,  6.27s/it]Best trial: 89. Best value: 3.23087:  56%|█████▌    | 280/500 [30:10<22:59,  6.27s/it]Best trial: 89. Best value: 3.23087:  56%|█████▌    | 281/500 [30:10<23:12,  6.36s/it]                                                                                      Best trial: 89. Best value: 3.23087:  56%|█████▌    | 281/500 [30:14<23:12,  6.36s/it]Best trial: 89. Best value: 3.23087:  56%|█████▌    | 281/500 [30:14<23:12,  6.36s/it]Best trial: 89. Best value: 3.23087:  56%|█████▋    | 282/500 [30:14<21:16,  5.85s/it]                                                                                      Best trial: 89. Best value: 3.23087:  56%|█████▋    | 282/500 [30:21<21:16,  5.85s/it]Best trial: 89. Best value: 3.23087:  56%|█████▋    | 282/500 [30:21<21:16,  5.85s/it]Best trial: 89. Best value: 3.23087:  57%|█████▋    | 283/500 [30:21<21:58,  6.08s/it]                                                                                      Best trial: 89. Best value: 3.23087:  57%|█████▋    | 283/500 [30:27<21:58,  6.08s/it]Best trial: 89. Best value: 3.23087:  57%|█████▋    | 283/500 [30:27<21:58,  6.08s/it]Best trial: 89. Best value: 3.23087:  57%|█████▋    | 284/500 [30:27<22:22,  6.21s/it]                                                                                      Best trial: 89. Best value: 3.23087:  57%|█████▋    | 284/500 [30:34<22:22,  6.21s/it]Best trial: 89. Best value: 3.23087:  57%|█████▋    | 284/500 [30:34<22:22,  6.21s/it]Best trial: 89. Best value: 3.23087:  57%|█████▋    | 285/500 [30:34<22:37,  6.31s/it]                                                                                      Best trial: 89. Best value: 3.23087:  57%|█████▋    | 285/500 [30:40<22:37,  6.31s/it]Best trial: 89. Best value: 3.23087:  57%|█████▋    | 285/500 [30:40<22:37,  6.31s/it]Best trial: 89. Best value: 3.23087:  57%|█████▋    | 286/500 [30:40<22:40,  6.36s/it]                                                                                      Best trial: 89. Best value: 3.23087:  57%|█████▋    | 286/500 [30:45<22:40,  6.36s/it]Best trial: 89. Best value: 3.23087:  57%|█████▋    | 286/500 [30:45<22:40,  6.36s/it]Best trial: 89. Best value: 3.23087:  57%|█████▋    | 287/500 [30:45<20:58,  5.91s/it]                                                                                      Best trial: 89. Best value: 3.23087:  57%|█████▋    | 287/500 [30:52<20:58,  5.91s/it]Best trial: 89. Best value: 3.23087:  57%|█████▋    | 287/500 [30:52<20:58,  5.91s/it]Best trial: 89. Best value: 3.23087:  58%|█████▊    | 288/500 [30:52<21:47,  6.17s/it]                                                                                      
[I 2026-05-03 13:35:07,399] Trial 277 finished with value: 3.330553248257723 and parameters: {'f_n': 9.489388452031368e-07, 'K_d': 201549.4144476295, 'rho_d': 30938719114179.83, 'fission_rate': 7.64333617364683e+19, 'Dg_D1_scale': 0.3758099302806976, 'Dg_D3_scale': 0.18645702334428166, 'Dv_D1_scale': 0.2476772612934146, 'Dv_D2_scale': 0.25374526562602184, 'b_bulk_scale': 0.25551727682749087, 'b_dislocation_scale': 0.26739470077325594, 'gb_scale': 0.12485586601573215, 'gd_bubble_scale': 5.230673688274162, 'gd_line_scale': 0.18773989245436765, 'gd_line_alpha': 0.9878327583424317, 'coalescence_d_scale': 0.5581476675972019, 'capture_scale': 0.01818855973000481}. Best is trial 89 with value: 3.2308694002208087.
[I 2026-05-03 13:35:13,913] Trial 278 finished with value: 3.3723143320088185 and parameters: {'f_n': 1.227482516259053e-06, 'K_d': 203005.1274872034, 'rho_d': 30933537468281.1, 'fission_rate': 7.623605677617657e+19, 'Dg_D1_scale': 0.37662033807488676, 'Dg_D3_scale': 0.16081232765542797, 'Dv_D1_scale': 0.2674595815410835, 'Dv_D2_scale': 0.2644694279484349, 'b_bulk_scale': 0.2591793865559715, 'b_dislocation_scale': 0.26480036175435284, 'gb_scale': 0.12322273170266933, 'gd_bubble_scale': 5.307251735497235, 'gd_line_scale': 0.16414279328682876, 'gd_line_alpha': 0.9828478846957773, 'coalescence_d_scale': 0.5407010590181344, 'capture_scale': 0.01916305783388807}. Best is trial 89 with value: 3.2308694002208087.
[I 2026-05-03 13:35:20,471] Trial 279 finished with value: 3.3128130732282277 and parameters: {'f_n': 9.036473289824294e-07, 'K_d': 206072.00112924102, 'rho_d': 31236877026794.06, 'fission_rate': 7.503304187513322e+19, 'Dg_D1_scale': 0.38293146832757324, 'Dg_D3_scale': 0.18382414342710873, 'Dv_D1_scale': 0.24317450407780147, 'Dv_D2_scale': 1.0574837327644846, 'b_bulk_scale': 0.2701533093634106, 'b_dislocation_scale': 0.23307640335033641, 'gb_scale': 0.08995104115351885, 'gd_bubble_scale': 5.598343244265877, 'gd_line_scale': 0.193759370933938, 'gd_line_alpha': 0.9725076894080515, 'coalescence_d_scale': 0.5672832752263638, 'capture_scale': 0.018832648255103144}. Best is trial 89 with value: 3.2308694002208087.
[I 2026-05-03 13:35:27,039] Trial 280 finished with value: 3.3255082872562065 and parameters: {'f_n': 8.719091792263084e-07, 'K_d': 204969.89580553223, 'rho_d': 34444246152719.656, 'fission_rate': 7.514781798357895e+19, 'Dg_D1_scale': 0.3871913475627734, 'Dg_D3_scale': 0.18516513397889506, 'Dv_D1_scale': 0.24605629047780644, 'Dv_D2_scale': 0.8497642458175791, 'b_bulk_scale': 0.2816105771755836, 'b_dislocation_scale': 0.26013530072802027, 'gb_scale': 0.0896443505661737, 'gd_bubble_scale': 5.725243431798169, 'gd_line_scale': 0.18198996872075063, 'gd_line_alpha': 0.9777712555646947, 'coalescence_d_scale': 0.5654741267406452, 'capture_scale': 0.01798551992962463}. Best is trial 89 with value: 3.2308694002208087.
[I 2026-05-03 13:35:31,719] Trial 281 finished with value: 3.3218180676150633 and parameters: {'f_n': 9.343215184596578e-07, 'K_d': 208261.87499037798, 'rho_d': 33018558398366.688, 'fission_rate': 7.530188496167862e+19, 'Dg_D1_scale': 0.38266565747982884, 'Dg_D3_scale': 0.17606364270831223, 'Dv_D1_scale': 0.2527513229633468, 'Dv_D2_scale': 1.036234190591631, 'b_bulk_scale': 0.27506101759739715, 'b_dislocation_scale': 0.26621113125966017, 'gb_scale': 0.0794718314578347, 'gd_bubble_scale': 5.666712340084429, 'gd_line_scale': 0.18148255319610407, 'gd_line_alpha': 0.9816288952785353, 'coalescence_d_scale': 0.5658628417914453, 'capture_scale': 0.01863822355039035}. Best is trial 89 with value: 3.2308694002208087.
[I 2026-05-03 13:35:38,309] Trial 282 finished with value: 3.419154754734575 and parameters: {'f_n': 8.870538740829272e-07, 'K_d': 205277.90318979585, 'rho_d': 33800869769156.547, 'fission_rate': 7.506347924843038e+19, 'Dg_D1_scale': 0.3869675029481029, 'Dg_D3_scale': 0.16628622206027158, 'Dv_D1_scale': 0.2717630137284834, 'Dv_D2_scale': 0.9228254195748781, 'b_bulk_scale': 0.2807255019370951, 'b_dislocation_scale': 0.2694692979018939, 'gb_scale': 0.06671712664357896, 'gd_bubble_scale': 5.473447135085599, 'gd_line_scale': 0.18771316664780013, 'gd_line_alpha': 0.9993901045871934, 'coalescence_d_scale': 0.55833576243547, 'capture_scale': 0.01911706584107931}. Best is trial 89 with value: 3.2308694002208087.
[I 2026-05-03 13:35:44,848] Trial 283 finished with value: 3.3099506581746927 and parameters: {'f_n': 9.180564510555285e-07, 'K_d': 215427.57056886773, 'rho_d': 35896814957617.33, 'fission_rate': 7.639534036264423e+19, 'Dg_D1_scale': 0.38043240010224955, 'Dg_D3_scale': 0.17751014585499836, 'Dv_D1_scale': 0.25310866922167746, 'Dv_D2_scale': 1.0829562036571896, 'b_bulk_scale': 0.2735941428965034, 'b_dislocation_scale': 0.26180660407518114, 'gb_scale': 0.09600409709262027, 'gd_bubble_scale': 4.935609515627536, 'gd_line_scale': 0.19967358802164456, 'gd_line_alpha': 0.9753704301634405, 'coalescence_d_scale': 0.5643305529101472, 'capture_scale': 0.017351603987919326}. Best is trial 89 with value: 3.2308694002208087.
[I 2026-05-03 13:35:51,396] Trial 284 finished with value: 3.341255543832922 and parameters: {'f_n': 9.267738796687339e-07, 'K_d': 210504.68173724145, 'rho_d': 37012635805697.66, 'fission_rate': 7.641138003489718e+19, 'Dg_D1_scale': 0.43351786675153325, 'Dg_D3_scale': 0.17923694682849348, 'Dv_D1_scale': 0.25784008884016574, 'Dv_D2_scale': 1.0101001681431956, 'b_bulk_scale': 0.279772076857637, 'b_dislocation_scale': 0.26250819525318875, 'gb_scale': 0.08922364903398608, 'gd_bubble_scale': 4.77933808383808, 'gd_line_scale': 0.19080492446122035, 'gd_line_alpha': 0.9775156256751751, 'coalescence_d_scale': 0.5697582510811514, 'capture_scale': 0.018967048226868705}. Best is trial 89 with value: 3.2308694002208087.
[I 2026-05-03 13:35:57,840] Trial 285 finished with value: 3.4312122794642748 and parameters: {'f_n': 8.245570823148842e-07, 'K_d': 218521.37302353216, 'rho_d': 34468234071468.434, 'fission_rate': 7.630499449847892e+19, 'Dg_D1_scale': 0.44247986127112826, 'Dg_D3_scale': 0.18202848637164665, 'Dv_D1_scale': 0.2629193414171355, 'Dv_D2_scale': 1.0567644954220305, 'b_bulk_scale': 0.27455507095660675, 'b_dislocation_scale': 0.2608050905950761, 'gb_scale': 0.074032640248151, 'gd_bubble_scale': 5.084361050466832, 'gd_line_scale': 0.2042566815249074, 'gd_line_alpha': 0.9802641532426305, 'coalescence_d_scale': 0.568068567838406, 'capture_scale': 0.01906859412256449}. Best is trial 89 with value: 3.2308694002208087.
[I 2026-05-03 13:36:02,710] Trial 286 finished with value: 3.359699296084713 and parameters: {'f_n': 9.617752136982163e-07, 'K_d': 210225.3559295312, 'rho_d': 36999894757481.234, 'fission_rate': 7.515186225548919e+19, 'Dg_D1_scale': 0.38476170208169674, 'Dg_D3_scale': 0.15826010312316116, 'Dv_D1_scale': 0.2828398881309311, 'Dv_D2_scale': 1.234758300444477, 'b_bulk_scale': 0.28555494646467927, 'b_dislocation_scale': 0.2669333497623642, 'gb_scale': 0.08515172719033698, 'gd_bubble_scale': 4.857826552501632, 'gd_line_scale': 0.17054941189656236, 'gd_line_alpha': 0.9677343630315816, 'coalescence_d_scale': 0.5739134545818837, 'capture_scale': 0.019143488727119885}. Best is trial 89 with value: 3.2308694002208087.
[I 2026-05-03 13:36:09,483] Trial 287 finished with value: 3.349510011988945 and parameters: {'f_n': 9.440214626005546e-07, 'K_d': 203035.5669099593, 'rho_d': 37160910193350.47, 'fission_rate': 7.649438223475137e+19, 'Dg_D1_scale': 0.43358396571770913, 'Dg_D3_scale': 0.19069727633538494, 'Dv_D1_scale': 0.2600133445283475, 'Dv_D2_scale': 0.9866760842745246, 'b_bulk_scale': 0.2554792166788741, 'b_dislocation_scale': 0.23737820839255191, 'gb_scale': 0.08834651303884183, 'gd_bubble_scale': 5.248392240837846, 'gd_line_scale': 0.14902641684588627, 'gd_line_alpha': 0.9694409551375801, 'coalescence_d_scale': 0.5470263167137168, 'capture_scale': 0.016341767645313122}. Best is trial 89 with value: 3.2308694002208087.
[I 2026-05-03 13:36:18,737] Trial 288 finished with value: 3.519674213722302 and parameters: {'f_n': 1.0243511917452204e-06, 'K_d': 218677.37934788733, 'rho_d': 32122509092651.977, 'fission_rate': 5.1763764983485825e+19, 'Dg_D1_scale': 0.3875138085235212, 'Dg_D3_scale': 0.16769699940000468, 'Dv_D1_scale': 0.24873523466430886, 'Dv_D2_scale': 1.0964169435426605, 'b_bulk_scale': 0.28219851419492364, 'b_dislocation_scale': 0.2635512624239901, 'gb_scale': 0.0994016737927182, 'gd_bubble_scale': 5.938405241564982, 'gd_line_scale': 0.2152264161554805, 'gd_line_alpha': 0.9929551150174573, 'coalescence_d_scale': 0.5889657422896999, 'capture_scale': 0.019385987528908976}. Best is trial 89 with value: 3.2308694002208087.Best trial: 89. Best value: 3.23087:  58%|█████▊    | 288/500 [31:01<21:47,  6.17s/it]Best trial: 89. Best value: 3.23087:  58%|█████▊    | 288/500 [31:01<21:47,  6.17s/it]Best trial: 89. Best value: 3.23087:  58%|█████▊    | 289/500 [31:01<24:56,  7.09s/it]                                                                                      Best trial: 89. Best value: 3.23087:  58%|█████▊    | 289/500 [31:08<24:56,  7.09s/it]Best trial: 89. Best value: 3.23087:  58%|█████▊    | 289/500 [31:08<24:56,  7.09s/it]Best trial: 89. Best value: 3.23087:  58%|█████▊    | 290/500 [31:08<24:30,  7.00s/it]                                                                                      Best trial: 89. Best value: 3.23087:  58%|█████▊    | 290/500 [31:13<24:30,  7.00s/it]Best trial: 89. Best value: 3.23087:  58%|█████▊    | 290/500 [31:13<24:30,  7.00s/it]Best trial: 89. Best value: 3.23087:  58%|█████▊    | 291/500 [31:13<21:59,  6.31s/it]                                                                                      Best trial: 89. Best value: 3.23087:  58%|█████▊    | 291/500 [31:19<21:59,  6.31s/it]Best trial: 89. Best value: 3.23087:  58%|█████▊    | 291/500 [31:20<21:59,  6.31s/it]Best trial: 89. Best value: 3.23087:  58%|█████▊    | 292/500 [31:20<22:12,  6.41s/it]                                                                                      Best trial: 89. Best value: 3.23087:  58%|█████▊    | 292/500 [31:26<22:12,  6.41s/it]Best trial: 89. Best value: 3.23087:  58%|█████▊    | 292/500 [31:26<22:12,  6.41s/it]Best trial: 89. Best value: 3.23087:  59%|█████▊    | 293/500 [31:26<22:21,  6.48s/it]                                                                                      Best trial: 89. Best value: 3.23087:  59%|█████▊    | 293/500 [31:33<22:21,  6.48s/it]Best trial: 89. Best value: 3.23087:  59%|█████▊    | 293/500 [31:33<22:21,  6.48s/it]Best trial: 89. Best value: 3.23087:  59%|█████▉    | 294/500 [31:33<22:14,  6.48s/it]                                                                                      Best trial: 89. Best value: 3.23087:  59%|█████▉    | 294/500 [31:39<22:14,  6.48s/it]Best trial: 89. Best value: 3.23087:  59%|█████▉    | 294/500 [31:39<22:14,  6.48s/it]Best trial: 89. Best value: 3.23087:  59%|█████▉    | 295/500 [31:39<22:14,  6.51s/it]                                                                                      Best trial: 89. Best value: 3.23087:  59%|█████▉    | 295/500 [31:44<22:14,  6.51s/it]Best trial: 89. Best value: 3.23087:  59%|█████▉    | 295/500 [31:44<22:14,  6.51s/it]Best trial: 89. Best value: 3.23087:  59%|█████▉    | 296/500 [31:44<20:10,  5.93s/it]                                                                                      Best trial: 89. Best value: 3.23087:  59%|█████▉    | 296/500 [31:50<20:10,  5.93s/it]Best trial: 89. Best value: 3.23087:  59%|█████▉    | 296/500 [31:50<20:10,  5.93s/it]Best trial: 89. Best value: 3.23087:  59%|█████▉    | 297/500 [31:50<20:34,  6.08s/it]                                                                                      Best trial: 89. Best value: 3.23087:  59%|█████▉    | 297/500 [31:57<20:34,  6.08s/it]Best trial: 89. Best value: 3.23087:  59%|█████▉    | 297/500 [31:57<20:34,  6.08s/it]Best trial: 89. Best value: 3.23087:  60%|█████▉    | 298/500 [31:57<20:48,  6.18s/it]                                                                                      Best trial: 89. Best value: 3.23087:  60%|█████▉    | 298/500 [32:03<20:48,  6.18s/it]Best trial: 89. Best value: 3.23087:  60%|█████▉    | 298/500 [32:03<20:48,  6.18s/it]Best trial: 89. Best value: 3.23087:  60%|█████▉    | 299/500 [32:03<20:59,  6.27s/it]                                                                                      Best trial: 89. Best value: 3.23087:  60%|█████▉    | 299/500 [32:10<20:59,  6.27s/it]Best trial: 89. Best value: 3.23087:  60%|█████▉    | 299/500 [32:10<20:59,  6.27s/it]Best trial: 89. Best value: 3.23087:  60%|██████    | 300/500 [32:10<21:11,  6.36s/it]                                                                                      
