[I 2026-05-03 13:44:49,041] Trial 372 finished with value: 3.299032357513914 and parameters: {'f_n': 3.86919558437591e-07, 'K_d': 264443.0213859222, 'rho_d': 25039249242256.242, 'fission_rate': 7.899378477309574e+19, 'Dg_D1_scale': 0.5238775799320192, 'Dg_D3_scale': 1.273113079724923, 'Dv_D1_scale': 0.5111559281949029, 'Dv_D2_scale': 1.5526948267515224, 'b_bulk_scale': 0.5798954838434238, 'b_dislocation_scale': 0.38280321868200645, 'gb_scale': 0.08433260446606236, 'gd_bubble_scale': 2.722531074539655, 'gd_line_scale': 0.063905027205449, 'gd_line_alpha': 0.8957879006920192, 'coalescence_d_scale': 1.624407981897896, 'capture_scale': 0.05298733078186149}. Best is trial 370 with value: 3.1981937544986465.Best trial: 370. Best value: 3.19819:  74%|███████▍  | 372/500 [39:32<13:00,  6.10s/it]Best trial: 370. Best value: 3.19819:  74%|███████▍  | 372/500 [39:32<13:00,  6.10s/it]Best trial: 370. Best value: 3.19819:  75%|███████▍  | 373/500 [39:32<13:11,  6.24s/it]                                                                                       Best trial: 370. Best value: 3.19819:  75%|███████▍  | 373/500 [39:38<13:11,  6.24s/it]Best trial: 373. Best value: 3.18572:  75%|███████▍  | 373/500 [39:38<13:11,  6.24s/it]Best trial: 373. Best value: 3.18572:  75%|███████▍  | 374/500 [39:38<13:25,  6.39s/it]                                                                                       Best trial: 373. Best value: 3.18572:  75%|███████▍  | 374/500 [39:45<13:25,  6.39s/it]Best trial: 373. Best value: 3.18572:  75%|███████▍  | 374/500 [39:45<13:25,  6.39s/it]Best trial: 373. Best value: 3.18572:  75%|███████▌  | 375/500 [39:45<13:16,  6.38s/it]                                                                                       Best trial: 373. Best value: 3.18572:  75%|███████▌  | 375/500 [39:49<13:16,  6.38s/it]Best trial: 373. Best value: 3.18572:  75%|███████▌  | 375/500 [39:49<13:16,  6.38s/it]Best trial: 373. Best value: 3.18572:  75%|███████▌  | 376/500 [39:49<11:54,  5.76s/it]                                                                                       Best trial: 373. Best value: 3.18572:  75%|███████▌  | 376/500 [39:55<11:54,  5.76s/it]Best trial: 373. Best value: 3.18572:  75%|███████▌  | 376/500 [39:55<11:54,  5.76s/it]Best trial: 373. Best value: 3.18572:  75%|███████▌  | 377/500 [39:55<12:09,  5.93s/it]                                                                                       Best trial: 373. Best value: 3.18572:  75%|███████▌  | 377/500 [40:02<12:09,  5.93s/it]Best trial: 373. Best value: 3.18572:  75%|███████▌  | 377/500 [40:02<12:09,  5.93s/it]Best trial: 373. Best value: 3.18572:  76%|███████▌  | 378/500 [40:02<12:22,  6.08s/it]                                                                                       Best trial: 373. Best value: 3.18572:  76%|███████▌  | 378/500 [40:08<12:22,  6.08s/it]Best trial: 373. Best value: 3.18572:  76%|███████▌  | 378/500 [40:08<12:22,  6.08s/it]Best trial: 373. Best value: 3.18572:  76%|███████▌  | 379/500 [40:08<12:24,  6.16s/it]                                                                                       Best trial: 373. Best value: 3.18572:  76%|███████▌  | 379/500 [40:14<12:24,  6.16s/it]Best trial: 373. Best value: 3.18572:  76%|███████▌  | 379/500 [40:15<12:24,  6.16s/it]Best trial: 373. Best value: 3.18572:  76%|███████▌  | 380/500 [40:15<12:26,  6.22s/it]                                                                                       Best trial: 373. Best value: 3.18572:  76%|███████▌  | 380/500 [40:21<12:26,  6.22s/it]Best trial: 373. Best value: 3.18572:  76%|███████▌  | 380/500 [40:21<12:26,  6.22s/it]Best trial: 373. Best value: 3.18572:  76%|███████▌  | 381/500 [40:21<12:27,  6.28s/it]                                                                                       Best trial: 373. Best value: 3.18572:  76%|███████▌  | 381/500 [40:25<12:27,  6.28s/it]Best trial: 373. Best value: 3.18572:  76%|███████▌  | 381/500 [40:25<12:27,  6.28s/it]Best trial: 373. Best value: 3.18572:  76%|███████▋  | 382/500 [40:25<11:13,  5.71s/it]                                                                                       Best trial: 373. Best value: 3.18572:  76%|███████▋  | 382/500 [40:32<11:13,  5.71s/it]Best trial: 373. Best value: 3.18572:  76%|███████▋  | 382/500 [40:32<11:13,  5.71s/it]Best trial: 373. Best value: 3.18572:  77%|███████▋  | 383/500 [40:32<11:31,  5.91s/it]                                                                                       Best trial: 373. Best value: 3.18572:  77%|███████▋  | 383/500 [40:38<11:31,  5.91s/it]Best trial: 373. Best value: 3.18572:  77%|███████▋  | 383/500 [40:38<11:31,  5.91s/it]Best trial: 373. Best value: 3.18572:  77%|███████▋  | 384/500 [40:38<11:42,  6.06s/it]                                                                                       
[I 2026-05-03 13:44:55,736] Trial 373 finished with value: 3.1857211339317346 and parameters: {'f_n': 3.921951141465594e-07, 'K_d': 271604.34492358693, 'rho_d': 25105124713142.176, 'fission_rate': 7.912914796706583e+19, 'Dg_D1_scale': 0.5382695516041343, 'Dg_D3_scale': 1.2622421816645677, 'Dv_D1_scale': 0.43053380113014955, 'Dv_D2_scale': 1.498570501038344, 'b_bulk_scale': 0.529715495134789, 'b_dislocation_scale': 0.3688119165863056, 'gb_scale': 0.08917885697613032, 'gd_bubble_scale': 3.201049189696258, 'gd_line_scale': 0.07257373967151061, 'gd_line_alpha': 0.9038366240892052, 'coalescence_d_scale': 1.4761017866733837, 'capture_scale': 0.04441832052070563}. Best is trial 373 with value: 3.1857211339317346.
[I 2026-05-03 13:45:02,140] Trial 374 finished with value: 3.3165133990010522 and parameters: {'f_n': 3.701754498745742e-07, 'K_d': 274047.0276695982, 'rho_d': 24531710596038.617, 'fission_rate': 7.922201425113909e+19, 'Dg_D1_scale': 0.5118112769328658, 'Dg_D3_scale': 1.2741622313411698, 'Dv_D1_scale': 0.5288493469323615, 'Dv_D2_scale': 1.5599449810661732, 'b_bulk_scale': 0.5295269419369782, 'b_dislocation_scale': 0.4059576187148022, 'gb_scale': 0.09059599502988631, 'gd_bubble_scale': 3.1205690269506077, 'gd_line_scale': 0.05809344479067969, 'gd_line_alpha': 0.9008409021489684, 'coalescence_d_scale': 1.353461390895035, 'capture_scale': 0.046385197257702133}. Best is trial 373 with value: 3.1857211339317346.
[I 2026-05-03 13:45:06,465] Trial 375 finished with value: 3.285240448538181 and parameters: {'f_n': 3.690116152142213e-07, 'K_d': 267021.3577865341, 'rho_d': 24833715675998.63, 'fission_rate': 7.937696354578024e+19, 'Dg_D1_scale': 0.5568376461956379, 'Dg_D3_scale': 0.8234028401684186, 'Dv_D1_scale': 0.47585755473499636, 'Dv_D2_scale': 1.69671762779637, 'b_bulk_scale': 0.49271755343455476, 'b_dislocation_scale': 0.3720723236026795, 'gb_scale': 0.08588886676288603, 'gd_bubble_scale': 2.8911787436182, 'gd_line_scale': 0.07410650214681176, 'gd_line_alpha': 0.901215444423571, 'coalescence_d_scale': 1.4953517079423917, 'capture_scale': 0.05608365358319053}. Best is trial 373 with value: 3.1857211339317346.
[I 2026-05-03 13:45:12,733] Trial 376 finished with value: 3.9126081711443685 and parameters: {'f_n': 4.3419542584017985e-07, 'K_d': 258289.3011124798, 'rho_d': 7583359302254.21, 'fission_rate': 7.907101900712634e+19, 'Dg_D1_scale': 0.6065625018719843, 'Dg_D3_scale': 1.1850765875588765, 'Dv_D1_scale': 0.5776567265627135, 'Dv_D2_scale': 1.5555842236785276, 'b_bulk_scale': 0.5902376813361789, 'b_dislocation_scale': 0.3914727434056656, 'gb_scale': 0.07912914373951474, 'gd_bubble_scale': 3.3701679520296737, 'gd_line_scale': 0.0683961193398469, 'gd_line_alpha': 0.8981598849638259, 'coalescence_d_scale': 1.2916589827302658, 'capture_scale': 0.044974019513912965}. Best is trial 373 with value: 3.1857211339317346.
[I 2026-05-03 13:45:19,235] Trial 377 finished with value: 3.195458266395985 and parameters: {'f_n': 2.9604637056491483e-07, 'K_d': 273075.0356581683, 'rho_d': 25226861566022.07, 'fission_rate': 7.89390477276805e+19, 'Dg_D1_scale': 0.5113292666826239, 'Dg_D3_scale': 1.4194156094830965, 'Dv_D1_scale': 0.42465039029443535, 'Dv_D2_scale': 1.6712274689450175, 'b_bulk_scale': 0.5234984954245515, 'b_dislocation_scale': 0.4139595872515918, 'gb_scale': 0.09458383122473529, 'gd_bubble_scale': 3.1860364264216336, 'gd_line_scale': 0.0739537080324588, 'gd_line_alpha': 0.9113059393170801, 'coalescence_d_scale': 1.7194504263441694, 'capture_scale': 0.04075284027290132}. Best is trial 373 with value: 3.1857211339317346.
[I 2026-05-03 13:45:25,557] Trial 378 finished with value: 3.3593198498387937 and parameters: {'f_n': 2.883352670050552e-07, 'K_d': 276160.0694751644, 'rho_d': 25131894357815.594, 'fission_rate': 7.938453137472895e+19, 'Dg_D1_scale': 0.5510377610092598, 'Dg_D3_scale': 1.4014945101505618, 'Dv_D1_scale': 0.41745411422615947, 'Dv_D2_scale': 1.4908111956072938, 'b_bulk_scale': 0.4658158165994519, 'b_dislocation_scale': 0.41922961673756665, 'gb_scale': 0.09278089067921635, 'gd_bubble_scale': 2.7998210965764243, 'gd_line_scale': 0.07395339448017312, 'gd_line_alpha': 0.9141249148825892, 'coalescence_d_scale': 1.6772892199065355, 'capture_scale': 0.05178002831904755}. Best is trial 373 with value: 3.1857211339317346.
[I 2026-05-03 13:45:31,932] Trial 379 finished with value: 3.2115895285221843 and parameters: {'f_n': 3.5391580147136176e-07, 'K_d': 280214.804436851, 'rho_d': 25519337811507.785, 'fission_rate': 7.985143123759042e+19, 'Dg_D1_scale': 0.5213726156312479, 'Dg_D3_scale': 1.0192202236197532, 'Dv_D1_scale': 0.4345370852937333, 'Dv_D2_scale': 1.6475964320637393, 'b_bulk_scale': 0.639540272519533, 'b_dislocation_scale': 0.3659493104675421, 'gb_scale': 0.08102073778985058, 'gd_bubble_scale': 2.588843128015921, 'gd_line_scale': 0.07173981091391902, 'gd_line_alpha': 0.9066436560004414, 'coalescence_d_scale': 1.8236437501805873, 'capture_scale': 0.039629713290037484}. Best is trial 373 with value: 3.1857211339317346.
[I 2026-05-03 13:45:38,366] Trial 380 finished with value: 3.5074755855651327 and parameters: {'f_n': 3.451069301553239e-07, 'K_d': 271719.9083626187, 'rho_d': 25359274981150.1, 'fission_rate': 7.870590658775518e+19, 'Dg_D1_scale': 0.5899281515296442, 'Dg_D3_scale': 1.0085716560929372, 'Dv_D1_scale': 0.4275489729401696, 'Dv_D2_scale': 1.6708803455226422, 'b_bulk_scale': 0.5331333601223757, 'b_dislocation_scale': 0.4210127791055581, 'gb_scale': 0.09765850402222928, 'gd_bubble_scale': 2.5667185313614005, 'gd_line_scale': 0.06455287986961285, 'gd_line_alpha': 0.9006723993073793, 'coalescence_d_scale': 1.876609492653121, 'capture_scale': 0.04627196416425347}. Best is trial 373 with value: 3.1857211339317346.
[I 2026-05-03 13:45:42,716] Trial 381 finished with value: 3.2573208642466738 and parameters: {'f_n': 3.4054680468693373e-07, 'K_d': 280327.4986416811, 'rho_d': 24755898039595.484, 'fission_rate': 7.991417942833485e+19, 'Dg_D1_scale': 0.5116103605920906, 'Dg_D3_scale': 1.41880858804748, 'Dv_D1_scale': 0.4607288960103227, 'Dv_D2_scale': 1.5243607884412105, 'b_bulk_scale': 0.6521370920542922, 'b_dislocation_scale': 0.36179315769765613, 'gb_scale': 0.081619272017025, 'gd_bubble_scale': 3.5815010168624197, 'gd_line_scale': 0.07136254574077928, 'gd_line_alpha': 0.9224630749938318, 'coalescence_d_scale': 1.426473962624401, 'capture_scale': 0.038617016521345145}. Best is trial 373 with value: 3.1857211339317346.
[I 2026-05-03 13:45:49,096] Trial 382 finished with value: 3.2304673482052397 and parameters: {'f_n': 2.694028396358229e-07, 'K_d': 279183.4504515872, 'rho_d': 24716323565740.836, 'fission_rate': 7.981792292493866e+19, 'Dg_D1_scale': 0.5190397579942029, 'Dg_D3_scale': 0.9047710217990501, 'Dv_D1_scale': 0.46248689825286543, 'Dv_D2_scale': 1.8718330864728405, 'b_bulk_scale': 0.6451527771890818, 'b_dislocation_scale': 0.406702385672761, 'gb_scale': 0.08423781308891658, 'gd_bubble_scale': 3.033269548889903, 'gd_line_scale': 0.07000102786798876, 'gd_line_alpha': 0.8925078384352325, 'coalescence_d_scale': 1.3847359029401838, 'capture_scale': 0.04009279657410322}. Best is trial 373 with value: 3.1857211339317346.
[I 2026-05-03 13:45:55,494] Trial 383 finished with value: 3.217004005367241 and parameters: {'f_n': 3.0055845095541915e-07, 'K_d': 281234.38779579184, 'rho_d': 24606329212250.652, 'fission_rate': 7.975310766725035e+19, 'Dg_D1_scale': 0.5484720904705455, 'Dg_D3_scale': 0.9150238030091609, 'Dv_D1_scale': 0.4662370086550891, 'Dv_D2_scale': 1.8738390533307896, 'b_bulk_scale': 0.670754069300617, 'b_dislocation_scale': 0.4103695603349828, 'gb_scale': 0.08330419788618386, 'gd_bubble_scale': 3.201774629783451, 'gd_line_scale': 0.054959957685141114, 'gd_line_alpha': 0.9196719711807243, 'coalescence_d_scale': 1.3660769408881641, 'capture_scale': 0.04013425866066899}. Best is trial 373 with value: 3.1857211339317346.
[I 2026-05-03 13:46:01,744] Trial 384 finished with value: 3.2232753368091425 and parameters: {'f_n': 2.604398611277448e-07, 'K_d': 282760.63093385403, 'rho_d': 24461982598602.49, 'fission_rate': 7.995976889612265e+19, 'Dg_D1_scale': 0.5566655337780732, 'Dg_D3_scale': 0.8804964332555911, 'Dv_D1_scale': 0.4597699294708846, 'Dv_D2_scale': 1.9929317780181721, 'b_bulk_scale': 0.688688341144942, 'b_dislocation_scale': 0.4124249003963288, 'gb_scale': 0.09962334335835536, 'gd_bubble_scale': 3.133560849957979, 'gd_line_scale': 0.050874418527936296, 'gd_line_alpha': 0.920439450774256, 'coalescence_d_scale': 1.4266305627090432, 'capture_scale': 0.03933536483327484}. Best is trial 373 with value: 3.1857211339317346.Best trial: 373. Best value: 3.18572:  77%|███████▋  | 384/500 [40:44<11:42,  6.06s/it]Best trial: 373. Best value: 3.18572:  77%|███████▋  | 384/500 [40:44<11:42,  6.06s/it]Best trial: 373. Best value: 3.18572:  77%|███████▋  | 385/500 [40:44<11:43,  6.12s/it]                                                                                       Best trial: 373. Best value: 3.18572:  77%|███████▋  | 385/500 [40:51<11:43,  6.12s/it]Best trial: 373. Best value: 3.18572:  77%|███████▋  | 385/500 [40:51<11:43,  6.12s/it]Best trial: 373. Best value: 3.18572:  77%|███████▋  | 386/500 [40:51<11:49,  6.22s/it]                                                                                       Best trial: 373. Best value: 3.18572:  77%|███████▋  | 386/500 [40:55<11:49,  6.22s/it]Best trial: 373. Best value: 3.18572:  77%|███████▋  | 386/500 [40:55<11:49,  6.22s/it]Best trial: 373. Best value: 3.18572:  77%|███████▋  | 387/500 [40:55<10:46,  5.72s/it]                                                                                       Best trial: 373. Best value: 3.18572:  77%|███████▋  | 387/500 [41:02<10:46,  5.72s/it]Best trial: 373. Best value: 3.18572:  77%|███████▋  | 387/500 [41:02<10:46,  5.72s/it]Best trial: 373. Best value: 3.18572:  78%|███████▊  | 388/500 [41:02<10:58,  5.88s/it]                                                                                       Best trial: 373. Best value: 3.18572:  78%|███████▊  | 388/500 [41:08<10:58,  5.88s/it]Best trial: 373. Best value: 3.18572:  78%|███████▊  | 388/500 [41:08<10:58,  5.88s/it]Best trial: 373. Best value: 3.18572:  78%|███████▊  | 389/500 [41:08<11:05,  6.00s/it]                                                                                       Best trial: 373. Best value: 3.18572:  78%|███████▊  | 389/500 [41:14<11:05,  6.00s/it]Best trial: 389. Best value: 3.14396:  78%|███████▊  | 389/500 [41:14<11:05,  6.00s/it]Best trial: 389. Best value: 3.14396:  78%|███████▊  | 390/500 [41:14<11:08,  6.08s/it]                                                                                       Best trial: 389. Best value: 3.14396:  78%|███████▊  | 390/500 [41:20<11:08,  6.08s/it]Best trial: 390. Best value: 3.11577:  78%|███████▊  | 390/500 [41:21<11:08,  6.08s/it]Best trial: 390. Best value: 3.11577:  78%|███████▊  | 391/500 [41:21<11:12,  6.17s/it]                                                                                       Best trial: 390. Best value: 3.11577:  78%|███████▊  | 391/500 [41:25<11:12,  6.17s/it]Best trial: 391. Best value: 3.10782:  78%|███████▊  | 391/500 [41:25<11:12,  6.17s/it]Best trial: 391. Best value: 3.10782:  78%|███████▊  | 392/500 [41:25<10:09,  5.64s/it]                                                                                       Best trial: 391. Best value: 3.10782:  78%|███████▊  | 392/500 [41:31<10:09,  5.64s/it]Best trial: 391. Best value: 3.10782:  78%|███████▊  | 392/500 [41:31<10:09,  5.64s/it]Best trial: 391. Best value: 3.10782:  79%|███████▊  | 393/500 [41:31<10:22,  5.82s/it]                                                                                       Best trial: 391. Best value: 3.10782:  79%|███████▊  | 393/500 [41:38<10:22,  5.82s/it]Best trial: 391. Best value: 3.10782:  79%|███████▊  | 393/500 [41:38<10:22,  5.82s/it]Best trial: 391. Best value: 3.10782:  79%|███████▉  | 394/500 [41:38<10:37,  6.01s/it]                                                                                       Best trial: 391. Best value: 3.10782:  79%|███████▉  | 394/500 [41:44<10:37,  6.01s/it]Best trial: 391. Best value: 3.10782:  79%|███████▉  | 394/500 [41:44<10:37,  6.01s/it]Best trial: 391. Best value: 3.10782:  79%|███████▉  | 395/500 [41:44<10:39,  6.09s/it]                                                                                       Best trial: 391. Best value: 3.10782:  79%|███████▉  | 395/500 [41:50<10:39,  6.09s/it]Best trial: 391. Best value: 3.10782:  79%|███████▉  | 395/500 [41:50<10:39,  6.09s/it]Best trial: 391. Best value: 3.10782:  79%|███████▉  | 396/500 [41:50<10:40,  6.15s/it]                                                                                       
[I 2026-05-03 13:46:08,168] Trial 385 finished with value: 3.209038168472742 and parameters: {'f_n': 2.7120963595248543e-07, 'K_d': 285042.2913530223, 'rho_d': 24600625250437.727, 'fission_rate': 7.982061593629168e+19, 'Dg_D1_scale': 0.5529295929377124, 'Dg_D3_scale': 0.9208366962906639, 'Dv_D1_scale': 0.46634012210725867, 'Dv_D2_scale': 2.0329277146533804, 'b_bulk_scale': 0.7556911163534261, 'b_dislocation_scale': 0.4117124449614952, 'gb_scale': 0.09857349333886317, 'gd_bubble_scale': 3.160982151593623, 'gd_line_scale': 0.05304295836325719, 'gd_line_alpha': 0.9190574043935407, 'coalescence_d_scale': 1.4214708595094252, 'capture_scale': 0.04135054996835582}. Best is trial 373 with value: 3.1857211339317346.
[I 2026-05-03 13:46:12,783] Trial 386 finished with value: 3.2047454157669195 and parameters: {'f_n': 2.3842393160674993e-07, 'K_d': 283981.9743935872, 'rho_d': 24519139970975.797, 'fission_rate': 7.994163927928098e+19, 'Dg_D1_scale': 0.559699150918369, 'Dg_D3_scale': 0.9155036318668762, 'Dv_D1_scale': 0.46785614079402066, 'Dv_D2_scale': 2.106668896072752, 'b_bulk_scale': 0.7630797903578687, 'b_dislocation_scale': 0.39990109308273797, 'gb_scale': 0.09990524703398232, 'gd_bubble_scale': 3.099417437055466, 'gd_line_scale': 0.051613134942013, 'gd_line_alpha': 0.8924356577493998, 'coalescence_d_scale': 1.4169881960059403, 'capture_scale': 0.04235390006345134}. Best is trial 373 with value: 3.1857211339317346.
[I 2026-05-03 13:46:19,042] Trial 387 finished with value: 4.882139886431792 and parameters: {'f_n': 2.470822751086512e-07, 'K_d': 286866.5200055292, 'rho_d': 24300976145703.93, 'fission_rate': 7.998997172317715e+19, 'Dg_D1_scale': 0.6394677725255812, 'Dg_D3_scale': 0.9053026134221418, 'Dv_D1_scale': 0.4946355382736179, 'Dv_D2_scale': 2.0136804710984144, 'b_bulk_scale': 0.8389736907004143, 'b_dislocation_scale': 0.06941878473110699, 'gb_scale': 0.09998444877904668, 'gd_bubble_scale': 3.0731894485879216, 'gd_line_scale': 0.05565122114040374, 'gd_line_alpha': 0.8923836332356926, 'coalescence_d_scale': 1.3052089750483749, 'capture_scale': 0.04135871702856347}. Best is trial 373 with value: 3.1857211339317346.
[I 2026-05-03 13:46:25,300] Trial 388 finished with value: 3.4063223173175836 and parameters: {'f_n': 2.7217499856290105e-07, 'K_d': 283483.9720556712, 'rho_d': 22986806006105.24, 'fission_rate': 7.99187492201239e+19, 'Dg_D1_scale': 0.5684398403280376, 'Dg_D3_scale': 0.9802281890592469, 'Dv_D1_scale': 0.4619582527767426, 'Dv_D2_scale': 2.116903846725986, 'b_bulk_scale': 0.668068299145703, 'b_dislocation_scale': 0.4182432030544135, 'gb_scale': 0.0948210383195536, 'gd_bubble_scale': 2.5616791971527144, 'gd_line_scale': 0.056334853386105985, 'gd_line_alpha': 0.22594118020466353, 'coalescence_d_scale': 1.5249821077100778, 'capture_scale': 0.04501738167027325}. Best is trial 373 with value: 3.1857211339317346.
[I 2026-05-03 13:46:31,540] Trial 389 finished with value: 3.1439586276290177 and parameters: {'f_n': 2.0611838224991993e-07, 'K_d': 278977.1021322928, 'rho_d': 24414955378668.273, 'fission_rate': 7.994961395337337e+19, 'Dg_D1_scale': 0.5534306425178525, 'Dg_D3_scale': 0.894979431837479, 'Dv_D1_scale': 0.4901431868741209, 'Dv_D2_scale': 1.8701461170237725, 'b_bulk_scale': 0.6955470530364629, 'b_dislocation_scale': 0.4136018950921342, 'gb_scale': 0.10025805744917263, 'gd_bubble_scale': 3.0993212053812877, 'gd_line_scale': 0.053305062046917324, 'gd_line_alpha': 0.8910139100572284, 'coalescence_d_scale': 1.862042938206579, 'capture_scale': 0.06004863621399553}. Best is trial 389 with value: 3.1439586276290177.
