[I 2026-05-03 13:15:29,247] Trial 96 finished with value: 4.225135563039366 and parameters: {'f_n': 1.0123249295995628e-07, 'K_d': 766921.7981707932, 'rho_d': 14501973384075.0, 'fission_rate': 6.835634255051997e+19, 'Dg_D1_scale': 1.3895344535707927, 'Dg_D3_scale': 0.20093485322603832, 'Dv_D1_scale': 0.2111260589295101, 'Dv_D2_scale': 0.3364482675921321, 'b_bulk_scale': 0.11191766724104008, 'b_dislocation_scale': 0.3683666440349808, 'gb_scale': 1.553641798396947, 'gd_bubble_scale': 0.055926619063378376, 'gd_line_scale': 1.246725056137222, 'gd_line_alpha': 0.7928407389866376, 'coalescence_d_scale': 1.2194608745037852, 'capture_scale': 0.026552462686144463}. Best is trial 89 with value: 3.2308694002208087.Best trial: 89. Best value: 3.23087:  19%|█▉        | 96/500 [10:12<38:18,  5.69s/it]Best trial: 89. Best value: 3.23087:  19%|█▉        | 96/500 [10:12<38:18,  5.69s/it]Best trial: 89. Best value: 3.23087:  19%|█▉        | 97/500 [10:12<35:51,  5.34s/it]                                                                                     Best trial: 89. Best value: 3.23087:  19%|█▉        | 97/500 [10:22<35:51,  5.34s/it]Best trial: 89. Best value: 3.23087:  19%|█▉        | 97/500 [10:22<35:51,  5.34s/it]Best trial: 89. Best value: 3.23087:  20%|█▉        | 98/500 [10:22<45:42,  6.82s/it]                                                                                     Best trial: 89. Best value: 3.23087:  20%|█▉        | 98/500 [10:26<45:42,  6.82s/it]Best trial: 89. Best value: 3.23087:  20%|█▉        | 98/500 [10:26<45:42,  6.82s/it]Best trial: 89. Best value: 3.23087:  20%|█▉        | 99/500 [10:26<39:46,  5.95s/it]                                                                                     Best trial: 89. Best value: 3.23087:  20%|█▉        | 99/500 [10:31<39:46,  5.95s/it]Best trial: 89. Best value: 3.23087:  20%|█▉        | 99/500 [10:31<39:46,  5.95s/it]Best trial: 89. Best value: 3.23087:  20%|██        | 100/500 [10:31<37:04,  5.56s/it]                                                                                      Best trial: 89. Best value: 3.23087:  20%|██        | 100/500 [10:37<37:04,  5.56s/it]Best trial: 89. Best value: 3.23087:  20%|██        | 100/500 [10:37<37:04,  5.56s/it]Best trial: 89. Best value: 3.23087:  20%|██        | 101/500 [10:37<39:07,  5.88s/it]                                                                                      Best trial: 89. Best value: 3.23087:  20%|██        | 101/500 [10:44<39:07,  5.88s/it]Best trial: 89. Best value: 3.23087:  20%|██        | 101/500 [10:44<39:07,  5.88s/it]Best trial: 89. Best value: 3.23087:  20%|██        | 102/500 [10:44<39:51,  6.01s/it]                                                                                      Best trial: 89. Best value: 3.23087:  20%|██        | 102/500 [10:49<39:51,  6.01s/it]Best trial: 89. Best value: 3.23087:  20%|██        | 102/500 [10:49<39:51,  6.01s/it]Best trial: 89. Best value: 3.23087:  21%|██        | 103/500 [10:49<39:07,  5.91s/it]                                                                                      Best trial: 89. Best value: 3.23087:  21%|██        | 103/500 [10:56<39:07,  5.91s/it]Best trial: 89. Best value: 3.23087:  21%|██        | 103/500 [10:56<39:07,  5.91s/it]Best trial: 89. Best value: 3.23087:  21%|██        | 104/500 [10:56<39:50,  6.04s/it]                                                                                      Best trial: 89. Best value: 3.23087:  21%|██        | 104/500 [11:00<39:50,  6.04s/it]Best trial: 89. Best value: 3.23087:  21%|██        | 104/500 [11:00<39:50,  6.04s/it]Best trial: 89. Best value: 3.23087:  21%|██        | 105/500 [11:00<36:51,  5.60s/it]                                                                                      Best trial: 89. Best value: 3.23087:  21%|██        | 105/500 [11:07<36:51,  5.60s/it]Best trial: 89. Best value: 3.23087:  21%|██        | 105/500 [11:07<36:51,  5.60s/it]Best trial: 89. Best value: 3.23087:  21%|██        | 106/500 [11:07<38:30,  5.87s/it]                                                                                      Best trial: 89. Best value: 3.23087:  21%|██        | 106/500 [11:10<38:30,  5.87s/it]Best trial: 89. Best value: 3.23087:  21%|██        | 106/500 [11:10<38:30,  5.87s/it]Best trial: 89. Best value: 3.23087:  21%|██▏       | 107/500 [11:10<33:55,  5.18s/it]                                                                                      Best trial: 89. Best value: 3.23087:  21%|██▏       | 107/500 [11:17<33:55,  5.18s/it]Best trial: 89. Best value: 3.23087:  21%|██▏       | 107/500 [11:17<33:55,  5.18s/it]Best trial: 89. Best value: 3.23087:  22%|██▏       | 108/500 [11:17<36:03,  5.52s/it]                                                                                      
[I 2026-05-03 13:15:39,532] Trial 97 finished with value: 4.209167650981721 and parameters: {'f_n': 4.81364693757309e-10, 'K_d': 640036.5067244304, 'rho_d': 13009329200282.059, 'fission_rate': 4.514148179828364e+19, 'Dg_D1_scale': 0.9310649594117988, 'Dg_D3_scale': 0.2266424277687682, 'Dv_D1_scale': 0.25172540645839814, 'Dv_D2_scale': 0.5296138029826067, 'b_bulk_scale': 3.0444553867068724, 'b_dislocation_scale': 0.6550031172333544, 'gb_scale': 0.7726117660546725, 'gd_bubble_scale': 3.5240987660858996, 'gd_line_scale': 0.8230719332058491, 'gd_line_alpha': 0.044152244814230024, 'coalescence_d_scale': 0.6296211199708142, 'capture_scale': 0.013290547622753744}. Best is trial 89 with value: 3.2308694002208087.
[I 2026-05-03 13:15:43,449] Trial 98 finished with value: 5.05692163828281 and parameters: {'f_n': 4.515208312427924e-08, 'K_d': 481613.24463115225, 'rho_d': 17597654677613.156, 'fission_rate': 7.91537916110641e+19, 'Dg_D1_scale': 1.2271473227544365, 'Dg_D3_scale': 0.15003352360400057, 'Dv_D1_scale': 0.32016281148629666, 'Dv_D2_scale': 0.75457323100144, 'b_bulk_scale': 0.29270051767882865, 'b_dislocation_scale': 0.2918854144627799, 'gb_scale': 2.5751685762697534, 'gd_bubble_scale': 0.07852032481339727, 'gd_line_scale': 0.13940606933606017, 'gd_line_alpha': 0.6096831013392913, 'coalescence_d_scale': 0.51841805331293, 'capture_scale': 0.10699340636745958}. Best is trial 89 with value: 3.2308694002208087.
[I 2026-05-03 13:15:48,097] Trial 99 finished with value: 3.757354454868678 and parameters: {'f_n': 3.707240379107774e-07, 'K_d': 397811.91792824544, 'rho_d': 21119306355109.71, 'fission_rate': 7.521461763940316e+19, 'Dg_D1_scale': 1.6002861008046319, 'Dg_D3_scale': 0.1886935019442871, 'Dv_D1_scale': 0.23538277667551896, 'Dv_D2_scale': 0.3810811318715905, 'b_bulk_scale': 0.3950436020170849, 'b_dislocation_scale': 0.24308143798836704, 'gb_scale': 0.8816576911555469, 'gd_bubble_scale': 8.99009914339563, 'gd_line_scale': 1.7887905359488734, 'gd_line_alpha': 0.7530626950278361, 'coalescence_d_scale': 1.4482000812896942, 'capture_scale': 0.08036938238455517}. Best is trial 89 with value: 3.2308694002208087.
[I 2026-05-03 13:15:54,735] Trial 100 finished with value: 4.949782986032688 and parameters: {'f_n': 3.032208549910618e-10, 'K_d': 851164.1145140416, 'rho_d': 24421958884213.22, 'fission_rate': 7.423587809106557e+19, 'Dg_D1_scale': 1.8249847780176545, 'Dg_D3_scale': 0.2813573150149673, 'Dv_D1_scale': 0.2702687207484743, 'Dv_D2_scale': 0.640528644928258, 'b_bulk_scale': 0.5486346093734934, 'b_dislocation_scale': 0.5857721063584884, 'gb_scale': 1.2833300840388986, 'gd_bubble_scale': 7.109954461712559, 'gd_line_scale': 2.33280153934226, 'gd_line_alpha': 0.8792714511368336, 'coalescence_d_scale': 0.3542743286504518, 'capture_scale': 0.034010761020768054}. Best is trial 89 with value: 3.2308694002208087.
[I 2026-05-03 13:16:01,036] Trial 101 finished with value: 3.648475372860273 and parameters: {'f_n': 1.777255408468438e-07, 'K_d': 288300.0308740637, 'rho_d': 15162069749918.986, 'fission_rate': 7.673325953467864e+19, 'Dg_D1_scale': 0.5326267909946308, 'Dg_D3_scale': 0.20980405190614576, 'Dv_D1_scale': 0.21074173755400138, 'Dv_D2_scale': 0.27425259419128606, 'b_bulk_scale': 1.9620908464326423, 'b_dislocation_scale': 0.4968897912596282, 'gb_scale': 1.9198310422680807, 'gd_bubble_scale': 0.08667951345576518, 'gd_line_scale': 1.6311534105921688, 'gd_line_alpha': 0.5729516309229655, 'coalescence_d_scale': 0.993176752838844, 'capture_scale': 0.12132219229507525}. Best is trial 89 with value: 3.2308694002208087.
[I 2026-05-03 13:16:06,723] Trial 102 finished with value: 4.588543706217708 and parameters: {'f_n': 2.2455996975132933e-07, 'K_d': 304999.9268550896, 'rho_d': 19388818134529.7, 'fission_rate': 7.3626944717167215e+19, 'Dg_D1_scale': 1.0415610052676252, 'Dg_D3_scale': 0.25917846676665945, 'Dv_D1_scale': 0.22395249711976065, 'Dv_D2_scale': 0.22221197575195287, 'b_bulk_scale': 1.3479993207831564, 'b_dislocation_scale': 3.082038773979732, 'gb_scale': 1.917453960488272, 'gd_bubble_scale': 0.11587005776009053, 'gd_line_scale': 1.8827385815498074, 'gd_line_alpha': 0.6444117662095491, 'coalescence_d_scale': 1.642705629595045, 'capture_scale': 0.16965008903098372}. Best is trial 89 with value: 3.2308694002208087.
[I 2026-05-03 13:16:13,044] Trial 103 finished with value: 3.511826882444054 and parameters: {'f_n': 1.162115392953005e-07, 'K_d': 256239.73792330327, 'rho_d': 16625179863939.48, 'fission_rate': 7.817360832145606e+19, 'Dg_D1_scale': 0.644898201976999, 'Dg_D3_scale': 0.2336860270295941, 'Dv_D1_scale': 0.2488088472976266, 'Dv_D2_scale': 0.4465163303022207, 'b_bulk_scale': 0.24296904793426172, 'b_dislocation_scale': 0.4116272932184228, 'gb_scale': 0.31641492874116306, 'gd_bubble_scale': 0.736725168654268, 'gd_line_scale': 3.2520443585829386, 'gd_line_alpha': 0.8188928772883722, 'coalescence_d_scale': 0.7703171223332321, 'capture_scale': 0.09070293455699319}. Best is trial 89 with value: 3.2308694002208087.
[I 2026-05-03 13:16:17,623] Trial 104 finished with value: 3.5159600463698606 and parameters: {'f_n': 3.819373014946548e-09, 'K_d': 327196.1907550965, 'rho_d': 18003629578129.184, 'fission_rate': 7.688823723016195e+19, 'Dg_D1_scale': 0.5576968637683313, 'Dg_D3_scale': 0.3228605729826264, 'Dv_D1_scale': 0.28398612668446654, 'Dv_D2_scale': 0.39593877143170986, 'b_bulk_scale': 1.6255891903975963, 'b_dislocation_scale': 0.5420016847206939, 'gb_scale': 2.2776179968070807, 'gd_bubble_scale': 0.059366501003558135, 'gd_line_scale': 1.352512905206524, 'gd_line_alpha': 0.7219391290636001, 'coalescence_d_scale': 1.2806817320003718, 'capture_scale': 0.29733345611180123}. Best is trial 89 with value: 3.2308694002208087.
[I 2026-05-03 13:16:24,113] Trial 105 finished with value: 3.552869396698734 and parameters: {'f_n': 1.5653227187694485e-07, 'K_d': 428500.8024104204, 'rho_d': 10336605966761.688, 'fission_rate': 7.531728911278893e+19, 'Dg_D1_scale': 1.4118254301829862, 'Dg_D3_scale': 0.17853581171678512, 'Dv_D1_scale': 0.22539461767787608, 'Dv_D2_scale': 0.4980887053206594, 'b_bulk_scale': 1.6310516722845267, 'b_dislocation_scale': 0.45271526906472864, 'gb_scale': 3.2554741426467593, 'gd_bubble_scale': 5.574637121583727, 'gd_line_scale': 1.0646064921723548, 'gd_line_alpha': 0.6975242013874999, 'coalescence_d_scale': 1.1282115090362272, 'capture_scale': 0.04891337436824204}. Best is trial 89 with value: 3.2308694002208087.
[I 2026-05-03 13:16:27,688] Trial 106 finished with value: 4.7897562417709665 and parameters: {'f_n': 1.588193156631564e-08, 'K_d': 352649.34376263764, 'rho_d': 11766792364033.693, 'fission_rate': 7.598294139032181e+19, 'Dg_D1_scale': 0.7573651493266401, 'Dg_D3_scale': 0.15958550819332795, 'Dv_D1_scale': 0.21053015361052682, 'Dv_D2_scale': 0.5445269122001511, 'b_bulk_scale': 0.15039091984025507, 'b_dislocation_scale': 0.8801174724385845, 'gb_scale': 1.7094727243771695, 'gd_bubble_scale': 0.07130364843433894, 'gd_line_scale': 0.6900995074496482, 'gd_line_alpha': 0.8940500593288554, 'coalescence_d_scale': 1.4636987429575796, 'capture_scale': 0.1386159157727104}. Best is trial 89 with value: 3.2308694002208087.
[I 2026-05-03 13:16:34,004] Trial 107 finished with value: 3.8743827178746666 and parameters: {'f_n': 5.396423310403625e-08, 'K_d': 242370.51265666878, 'rho_d': 14012083402334.596, 'fission_rate': 7.754904291897174e+19, 'Dg_D1_scale': 0.6985499563943056, 'Dg_D3_scale': 2.598736666698947, 'Dv_D1_scale': 0.2378766667866615, 'Dv_D2_scale': 2.560063431297788, 'b_bulk_scale': 1.2232938318337465, 'b_dislocation_scale': 0.3927192984637042, 'gb_scale': 1.5479810095860023, 'gd_bubble_scale': 0.09558685042335958, 'gd_line_scale': 2.7568331173251845, 'gd_line_alpha': 0.9696451885285448, 'coalescence_d_scale': 1.8613856155584032, 'capture_scale': 0.07196267217965917}. Best is trial 89 with value: 3.2308694002208087.
[I 2026-05-03 13:16:41,407] Trial 108 finished with value: 5.275188050122506 and parameters: {'f_n': 7.451353242331243e-08, 'K_d': 285103.30462657416, 'rho_d': 11163537921487.871, 'fission_rate': 5.621539432466985e+19, 'Dg_D1_scale': 0.9770042436171258, 'Dg_D3_scale': 0.17074022990562018, 'Dv_D1_scale': 3.898009818856312, 'Dv_D2_scale': 2.107543034884075, 'b_bulk_scale': 0.2000070093718242, 'b_dislocation_scale': 0.31343537160673623, 'gb_scale': 1.355764027221171, 'gd_bubble_scale': 0.25878339431617586, 'gd_line_scale': 2.1367655866176953, 'gd_line_alpha': 0.8569700028357036, 'coalescence_d_scale': 0.8592634581440374, 'capture_scale': 0.24606505320017}. Best is trial 89 with value: 3.2308694002208087.Best trial: 89. Best value: 3.23087:  22%|██▏       | 108/500 [11:24<36:03,  5.52s/it]Best trial: 89. Best value: 3.23087:  22%|██▏       | 108/500 [11:24<36:03,  5.52s/it]Best trial: 89. Best value: 3.23087:  22%|██▏       | 109/500 [11:24<39:38,  6.08s/it]                                                                                      Best trial: 89. Best value: 3.23087:  22%|██▏       | 109/500 [11:29<39:38,  6.08s/it]Best trial: 89. Best value: 3.23087:  22%|██▏       | 109/500 [11:29<39:38,  6.08s/it]Best trial: 89. Best value: 3.23087:  22%|██▏       | 110/500 [11:29<37:01,  5.70s/it]                                                                                      Best trial: 89. Best value: 3.23087:  22%|██▏       | 110/500 [11:35<37:01,  5.70s/it]Best trial: 89. Best value: 3.23087:  22%|██▏       | 110/500 [11:35<37:01,  5.70s/it]Best trial: 89. Best value: 3.23087:  22%|██▏       | 111/500 [11:35<38:01,  5.86s/it]                                                                                      Best trial: 89. Best value: 3.23087:  22%|██▏       | 111/500 [11:41<38:01,  5.86s/it]Best trial: 89. Best value: 3.23087:  22%|██▏       | 111/500 [11:41<38:01,  5.86s/it]Best trial: 89. Best value: 3.23087:  22%|██▏       | 112/500 [11:41<38:48,  6.00s/it]                                                                                      Best trial: 89. Best value: 3.23087:  22%|██▏       | 112/500 [11:48<38:48,  6.00s/it]Best trial: 89. Best value: 3.23087:  22%|██▏       | 112/500 [11:48<38:48,  6.00s/it]Best trial: 89. Best value: 3.23087:  23%|██▎       | 113/500 [11:48<39:55,  6.19s/it]                                                                                      Best trial: 89. Best value: 3.23087:  23%|██▎       | 113/500 [11:55<39:55,  6.19s/it]Best trial: 89. Best value: 3.23087:  23%|██▎       | 113/500 [11:55<39:55,  6.19s/it]Best trial: 89. Best value: 3.23087:  23%|██▎       | 114/500 [11:55<41:16,  6.42s/it]                                                                                      Best trial: 89. Best value: 3.23087:  23%|██▎       | 114/500 [12:00<41:16,  6.42s/it]Best trial: 89. Best value: 3.23087:  23%|██▎       | 114/500 [12:00<41:16,  6.42s/it]Best trial: 89. Best value: 3.23087:  23%|██▎       | 115/500 [12:00<37:42,  5.88s/it]                                                                                      Best trial: 89. Best value: 3.23087:  23%|██▎       | 115/500 [12:06<37:42,  5.88s/it]Best trial: 89. Best value: 3.23087:  23%|██▎       | 115/500 [12:06<37:42,  5.88s/it]Best trial: 89. Best value: 3.23087:  23%|██▎       | 116/500 [12:06<38:47,  6.06s/it]                                                                                      Best trial: 89. Best value: 3.23087:  23%|██▎       | 116/500 [12:11<38:47,  6.06s/it]Best trial: 89. Best value: 3.23087:  23%|██▎       | 116/500 [12:11<38:47,  6.06s/it]Best trial: 89. Best value: 3.23087:  23%|██▎       | 117/500 [12:11<35:40,  5.59s/it]                                                                                      Best trial: 89. Best value: 3.23087:  23%|██▎       | 117/500 [12:17<35:40,  5.59s/it]Best trial: 89. Best value: 3.23087:  23%|██▎       | 117/500 [12:17<35:40,  5.59s/it]Best trial: 89. Best value: 3.23087:  24%|██▎       | 118/500 [12:17<37:00,  5.81s/it]                                                                                      Best trial: 89. Best value: 3.23087:  24%|██▎       | 118/500 [12:21<37:00,  5.81s/it]Best trial: 89. Best value: 3.23087:  24%|██▎       | 118/500 [12:21<37:00,  5.81s/it]Best trial: 89. Best value: 3.23087:  24%|██▍       | 119/500 [12:21<33:17,  5.24s/it]                                                                                      Best trial: 89. Best value: 3.23087:  24%|██▍       | 119/500 [12:27<33:17,  5.24s/it]Best trial: 89. Best value: 3.23087:  24%|██▍       | 119/500 [12:27<33:17,  5.24s/it]Best trial: 89. Best value: 3.23087:  24%|██▍       | 120/500 [12:27<35:03,  5.54s/it]                                                                                      
[I 2026-05-03 13:16:46,196] Trial 109 finished with value: 4.644262660262201 and parameters: {'f_n': 1.031031042344588e-08, 'K_d': 600383.9198857517, 'rho_d': 22162148844370.668, 'fission_rate': 7.280546404862391e+19, 'Dg_D1_scale': 0.8477467818836427, 'Dg_D3_scale': 0.19872894664470056, 'Dv_D1_scale': 0.2657394229106679, 'Dv_D2_scale': 0.7057554210244514, 'b_bulk_scale': 2.038481536042699, 'b_dislocation_scale': 0.3381049962183828, 'gb_scale': 1.1503818673952866, 'gd_bubble_scale': 9.945075612549298, 'gd_line_scale': 0.8994571358753236, 'gd_line_alpha': 0.5590667188313136, 'coalescence_d_scale': 0.6945779748897939, 'capture_scale': 0.19094791465568872}. Best is trial 89 with value: 3.2308694002208087.
[I 2026-05-03 13:16:52,450] Trial 110 finished with value: 3.6317902274107556 and parameters: {'f_n': 2.3286649233940844e-08, 'K_d': 266644.66801226453, 'rho_d': 12798625535738.643, 'fission_rate': 7.859907647492966e+19, 'Dg_D1_scale': 1.110084421122911, 'Dg_D3_scale': 1.388714816804779, 'Dv_D1_scale': 0.3076228167548262, 'Dv_D2_scale': 2.2935660984766435, 'b_bulk_scale': 0.7094981398754281, 'b_dislocation_scale': 0.4397452382874939, 'gb_scale': 0.6067643388469999, 'gd_bubble_scale': 0.05552534699834309, 'gd_line_scale': 1.7626362542284857, 'gd_line_alpha': 0.8034059665686857, 'coalescence_d_scale': 1.0519462079560926, 'capture_scale': 0.6805720158684968}. Best is trial 89 with value: 3.2308694002208087.
[I 2026-05-03 13:16:58,773] Trial 111 finished with value: 3.7593410217370593 and parameters: {'f_n': 1.249766902320445e-07, 'K_d': 316493.7380540678, 'rho_d': 17141423587357.824, 'fission_rate': 7.797603086748357e+19, 'Dg_D1_scale': 0.6415434349682021, 'Dg_D3_scale': 0.22825528058195282, 'Dv_D1_scale': 0.24685335353531682, 'Dv_D2_scale': 0.4341096965583816, 'b_bulk_scale': 0.23011707832828449, 'b_dislocation_scale': 0.3685659134090722, 'gb_scale': 0.2388743772034353, 'gd_bubble_scale': 1.9974005680693614, 'gd_line_scale': 3.446827999111154, 'gd_line_alpha': 0.8216793773182212, 'coalescence_d_scale': 0.7477195558364618, 'capture_scale': 0.11348139659946391}. Best is trial 89 with value: 3.2308694002208087.
[I 2026-05-03 13:17:05,397] Trial 112 finished with value: 3.4731358738502536 and parameters: {'f_n': 8.949565312705584e-08, 'K_d': 385066.73339861474, 'rho_d': 16824529209831.12, 'fission_rate': 7.458442311199754e+19, 'Dg_D1_scale': 0.5990701521876916, 'Dg_D3_scale': 0.27310193137831734, 'Dv_D1_scale': 0.2596462448697559, 'Dv_D2_scale': 0.4620418039139398, 'b_bulk_scale': 0.23777253922774313, 'b_dislocation_scale': 0.5046713195159865, 'gb_scale': 0.35229662726028116, 'gd_bubble_scale': 0.776500433779203, 'gd_line_scale': 3.2114067026735262, 'gd_line_alpha': 0.9223862170518533, 'coalescence_d_scale': 0.9282027315689657, 'capture_scale': 0.09037570485636816}. Best is trial 89 with value: 3.2308694002208087.
[I 2026-05-03 13:17:12,342] Trial 113 finished with value: 3.6009527348378754 and parameters: {'f_n': 3.912952329612885e-08, 'K_d': 387939.8410504536, 'rho_d': 20086560574041.246, 'fission_rate': 7.1208770152366105e+19, 'Dg_D1_scale': 0.43099475896568473, 'Dg_D3_scale': 0.3446942538723932, 'Dv_D1_scale': 0.2223585012083294, 'Dv_D2_scale': 0.5705663228639712, 'b_bulk_scale': 0.33022073191119555, 'b_dislocation_scale': 0.4995222761293964, 'gb_scale': 0.348331747614271, 'gd_bubble_scale': 0.08501077472691444, 'gd_line_scale': 2.481500929048436, 'gd_line_alpha': 0.9996437646020059, 'coalescence_d_scale': 0.8928286673089064, 'capture_scale': 0.0968256487176393}. Best is trial 89 with value: 3.2308694002208087.
[I 2026-05-03 13:17:16,965] Trial 114 finished with value: 3.5998095778240184 and parameters: {'f_n': 8.40673301404082e-08, 'K_d': 366083.49038764444, 'rho_d': 15745301745384.518, 'fission_rate': 7.474720128654977e+19, 'Dg_D1_scale': 0.5974954510544518, 'Dg_D3_scale': 0.2882738048966977, 'Dv_D1_scale': 0.28098575697270844, 'Dv_D2_scale': 2.9029025003534565, 'b_bulk_scale': 0.27323404400491014, 'b_dislocation_scale': 0.6325826870279814, 'gb_scale': 0.5098581431404063, 'gd_bubble_scale': 1.3643227479090434, 'gd_line_scale': 4.453813838250868, 'gd_line_alpha': 0.9685614513807513, 'coalescence_d_scale': 1.2189404157936592, 'capture_scale': 0.057776994391181974}. Best is trial 89 with value: 3.2308694002208087.
