[I 2026-05-03 13:05:16,815] A new study created in RDB with name: UN_M7_capture_only
########################################################################################################################
V10 rhoFT + Fig6 dislocation-burnup settings
family                         = capture_only
rhoFT enabled/strength/clip     = True / 1.0 / True
direct exp weights              = sw 1.15, Rd 0.9, Nd 0.85, Nd-drop 0.8
partition/qgb/bulk weights      = 0.4 / 0.35 / 0.1
pressure/highT pressure         = 0.3 / 0.3, free factor 3.0
Nd-shape/radius guard           = 0.7 / 1.1
Fig6 dislocation burnup anchors = [(1.1, 2.6), (3.2, 3.85), (6.0, 5.2)], weight 0.45
output dir                      = UN_M7_optuna_v10_rhoFT_burnup_results/capture_only/rhoFT_scaled_clipT_s1_swd1.15_rd0.9_nd0.85_drop0.8_p0.3_part0.4_fig60.45_R700
########################################################################################################################
########################################################################################################################
OPTUNA CALIBRATION: capture_only
########################################################################################################################
Output dir        = UN_M7_optuna_v10_rhoFT_burnup_results/capture_only/rhoFT_scaled_clipT_s1_swd1.15_rd0.9_nd0.85_drop0.8_p0.3_part0.4_fig60.45_R700
Trials requested  = 500
FAST dt/modes     = 12 h / 22
FINAL dt/modes    = 1 h / 40
Pressure weight   = 0.3; free factor = 3
D2 Xe             = included, with D2_xe_scale
Coalescence       = active, scale never zero
Family switches   = phi_gas:False, nuc_mass:False, capture:True
########################################################################################################################
  0%|          | 0/500 [00:00<?, ?it/s]                                         0%|          | 0/500 [00:09<?, ?it/s]Best trial: 0. Best value: 18.0397:   0%|          | 0/500 [00:10<?, ?it/s]Best trial: 0. Best value: 18.0397:   0%|          | 1/500 [00:10<1:23:13, 10.01s/it]                                                                                     Best trial: 0. Best value: 18.0397:   0%|          | 1/500 [00:16<1:23:13, 10.01s/it]Best trial: 1. Best value: 3.81217:   0%|          | 1/500 [00:16<1:23:13, 10.01s/it]Best trial: 1. Best value: 3.81217:   0%|          | 2/500 [00:16<1:06:32,  8.02s/it]                                                                                     Best trial: 1. Best value: 3.81217:   0%|          | 2/500 [00:22<1:06:32,  8.02s/it]Best trial: 1. Best value: 3.81217:   0%|          | 2/500 [00:22<1:06:32,  8.02s/it]Best trial: 1. Best value: 3.81217:   1%|          | 3/500 [00:22<1:00:05,  7.25s/it]                                                                                     Best trial: 1. Best value: 3.81217:   1%|          | 3/500 [00:31<1:00:05,  7.25s/it]Best trial: 1. Best value: 3.81217:   1%|          | 3/500 [00:31<1:00:05,  7.25s/it]Best trial: 1. Best value: 3.81217:   1%|          | 4/500 [00:31<1:03:23,  7.67s/it]                                                                                     Best trial: 1. Best value: 3.81217:   1%|          | 4/500 [00:38<1:03:23,  7.67s/it]Best trial: 1. Best value: 3.81217:   1%|          | 4/500 [00:38<1:03:23,  7.67s/it]Best trial: 1. Best value: 3.81217:   1%|          | 5/500 [00:38<1:00:47,  7.37s/it]                                                                                     Best trial: 1. Best value: 3.81217:   1%|          | 5/500 [00:45<1:00:47,  7.37s/it]Best trial: 1. Best value: 3.81217:   1%|          | 5/500 [00:45<1:00:47,  7.37s/it]Best trial: 1. Best value: 3.81217:   1%|          | 6/500 [00:45<1:00:01,  7.29s/it]                                                                                     Best trial: 1. Best value: 3.81217:   1%|          | 6/500 [00:49<1:00:01,  7.29s/it]Best trial: 1. Best value: 3.81217:   1%|          | 6/500 [00:49<1:00:01,  7.29s/it]Best trial: 1. Best value: 3.81217:   1%|▏         | 7/500 [00:49<52:33,  6.40s/it]                                                                                     Best trial: 1. Best value: 3.81217:   1%|▏         | 7/500 [00:57<52:33,  6.40s/it]Best trial: 1. Best value: 3.81217:   1%|▏         | 7/500 [00:57<52:33,  6.40s/it]Best trial: 1. Best value: 3.81217:   2%|▏         | 8/500 [00:57<54:45,  6.68s/it]                                                                                   Best trial: 1. Best value: 3.81217:   2%|▏         | 8/500 [01:04<54:45,  6.68s/it]Best trial: 1. Best value: 3.81217:   2%|▏         | 8/500 [01:04<54:45,  6.68s/it]Best trial: 1. Best value: 3.81217:   2%|▏         | 9/500 [01:04<56:12,  6.87s/it]                                                                                   Best trial: 1. Best value: 3.81217:   2%|▏         | 9/500 [01:11<56:12,  6.87s/it]Best trial: 1. Best value: 3.81217:   2%|▏         | 9/500 [01:11<56:12,  6.87s/it]Best trial: 1. Best value: 3.81217:   2%|▏         | 10/500 [01:11<57:21,  7.02s/it]                                                                                    Best trial: 1. Best value: 3.81217:   2%|▏         | 10/500 [01:16<57:21,  7.02s/it]Best trial: 1. Best value: 3.81217:   2%|▏         | 10/500 [01:16<57:21,  7.02s/it]Best trial: 1. Best value: 3.81217:   2%|▏         | 11/500 [01:16<51:01,  6.26s/it]                                                                                    Best trial: 1. Best value: 3.81217:   2%|▏         | 11/500 [01:25<51:01,  6.26s/it]Best trial: 1. Best value: 3.81217:   2%|▏         | 11/500 [01:25<51:01,  6.26s/it]Best trial: 1. Best value: 3.81217:   2%|▏         | 12/500 [01:25<59:13,  7.28s/it]                                                                                    [I 2026-05-03 13:05:26,898] Trial 0 finished with value: 18.039669347444335 and parameters: {'f_n': 4.7e-08, 'K_d': 575000.0, 'rho_d': 30400000000000.0, 'fission_rate': 4.76e+19, 'Dg_D1_scale': 0.1765104525835748, 'Dg_D3_scale': 0.6469639668489765, 'Dv_D1_scale': 1.5588728225007173, 'Dv_D2_scale': 0.3417435869961742, 'b_bulk_scale': 0.48747340459461275, 'b_dislocation_scale': 0.0820526825270553, 'gb_scale': 1.588, 'gd_bubble_scale': 2.1354908371437524, 'gd_line_scale': 8.373211128844302, 'gd_line_alpha': 0.24535626726655624, 'coalescence_d_scale': 8.15, 'capture_scale': 2.97}. Best is trial 0 with value: 18.039669347444335.
[I 2026-05-03 13:05:33,521] Trial 1 finished with value: 3.812168466789749 and parameters: {'f_n': 1e-08, 'K_d': 800000.0, 'rho_d': 10000000000000.0, 'fission_rate': 7.5e+19, 'Dg_D1_scale': 1.71131933924337, 'Dg_D3_scale': 0.5508479334375822, 'Dv_D1_scale': 0.49513220890661797, 'Dv_D2_scale': 0.4617466404215325, 'b_bulk_scale': 0.043938309591096326, 'b_dislocation_scale': 0.12900801062963094, 'gb_scale': 1.0, 'gd_bubble_scale': 0.39039900831379526, 'gd_line_scale': 1.822315783829745, 'gd_line_alpha': 0.11443122683719253, 'coalescence_d_scale': 1.0, 'capture_scale': 0.3}. Best is trial 1 with value: 3.812168466789749.
[I 2026-05-03 13:05:39,879] Trial 2 finished with value: 3.9911019906458978 and parameters: {'f_n': 1e-06, 'K_d': 500000.0, 'rho_d': 30000000000000.0, 'fission_rate': 5e+19, 'Dg_D1_scale': 1.3629535510904742, 'Dg_D3_scale': 3.747159761556608, 'Dv_D1_scale': 0.23273218011683108, 'Dv_D2_scale': 0.9569231772447405, 'b_bulk_scale': 0.18335197095027905, 'b_dislocation_scale': 0.47904997867852656, 'gb_scale': 1.0, 'gd_bubble_scale': 0.22795638784728267, 'gd_line_scale': 1.71277173180917, 'gd_line_alpha': 0.1488672144673363, 'coalescence_d_scale': 1.0, 'capture_scale': 1.0}. Best is trial 1 with value: 3.812168466789749.
[I 2026-05-03 13:05:48,181] Trial 3 finished with value: 4.2312773382235624 and parameters: {'f_n': 1.3333e-08, 'K_d': 714300.0, 'rho_d': 46135000000000.0, 'fission_rate': 4.9558e+19, 'Dg_D1_scale': 0.6325920643568071, 'Dg_D3_scale': 0.38376523946350954, 'Dv_D1_scale': 0.21934181428756064, 'Dv_D2_scale': 0.2178245536164673, 'b_bulk_scale': 0.22384572213362278, 'b_dislocation_scale': 0.44585852641288815, 'gb_scale': 0.8994, 'gd_bubble_scale': 3.5669682920375982, 'gd_line_scale': 0.05051334003346353, 'gd_line_alpha': 0.5717909161115555, 'coalescence_d_scale': 10.99, 'capture_scale': 3.247}. Best is trial 1 with value: 3.812168466789749.
[I 2026-05-03 13:05:55,019] Trial 4 finished with value: 8.853513489682474 and parameters: {'f_n': 2.5466e-07, 'K_d': 648460.0, 'rho_d': 35350000000000.0, 'fission_rate': 7.4799e+19, 'Dg_D1_scale': 2.328465788766922, 'Dg_D3_scale': 0.6852941316685566, 'Dv_D1_scale': 0.7315821702073558, 'Dv_D2_scale': 0.9945977685844184, 'b_bulk_scale': 0.08810436571637284, 'b_dislocation_scale': 0.3890186136787038, 'gb_scale': 0.4625, 'gd_bubble_scale': 0.2897104103088046, 'gd_line_scale': 2.9993461278961493, 'gd_line_alpha': 0.7131040083498116, 'coalescence_d_scale': 6.997, 'capture_scale': 0.1401}. Best is trial 1 with value: 3.812168466789749.
[I 2026-05-03 13:06:02,162] Trial 5 finished with value: 6.703562628542687 and parameters: {'f_n': 1.9043e-07, 'K_d': 633680.0, 'rho_d': 48099000000000.0, 'fission_rate': 6.8347e+19, 'Dg_D1_scale': 0.3274381524225855, 'Dg_D3_scale': 0.2675190960413154, 'Dv_D1_scale': 0.5383054509975868, 'Dv_D2_scale': 0.45475179745494754, 'b_bulk_scale': 2.1559647686863914, 'b_dislocation_scale': 2.303547288750738, 'gb_scale': 0.3881, 'gd_bubble_scale': 2.6729543597668983, 'gd_line_scale': 0.5928291690342851, 'gd_line_alpha': 0.21999972859002326, 'coalescence_d_scale': 7.005, 'capture_scale': 0.0608}. Best is trial 1 with value: 3.812168466789749.
[I 2026-05-03 13:06:06,712] Trial 6 finished with value: 12.362163068757207 and parameters: {'f_n': 1.3237e-08, 'K_d': 558920.0, 'rho_d': 24815000000000.0, 'fission_rate': 7.6621e+19, 'Dg_D1_scale': 0.6781450924209026, 'Dg_D3_scale': 1.191965969732644, 'Dv_D1_scale': 0.692839338558544, 'Dv_D2_scale': 0.40071062966153964, 'b_bulk_scale': 1.4171660583253993, 'b_dislocation_scale': 0.11708853001611792, 'gb_scale': 0.4151, 'gd_bubble_scale': 4.988031303588365, 'gd_line_scale': 5.483603077786873, 'gd_line_alpha': 0.48994654066031884, 'coalescence_d_scale': 9.772, 'capture_scale': 0.1557}. Best is trial 1 with value: 3.812168466789749.
[I 2026-05-03 13:06:13,996] Trial 7 finished with value: 5.651327481089183 and parameters: {'f_n': 2.940436e-07, 'K_d': 1033314.0, 'rho_d': 12059490000000.0, 'fission_rate': 6.730293e+19, 'Dg_D1_scale': 0.9577661248528919, 'Dg_D3_scale': 2.5634216442812203, 'Dv_D1_scale': 0.27770530352931727, 'Dv_D2_scale': 1.551397525888527, 'b_bulk_scale': 1.5933655370809066, 'b_dislocation_scale': 0.05723003580832782, 'gb_scale': 1.445601, 'gd_bubble_scale': 4.165165673534286, 'gd_line_scale': 4.910098483494296, 'gd_line_alpha': 0.9023790365846741, 'coalescence_d_scale': 3.880728, 'capture_scale': 0.024136}. Best is trial 1 with value: 3.812168466789749.
[I 2026-05-03 13:06:21,289] Trial 8 finished with value: 4.850684104544998 and parameters: {'f_n': 5.96478e-07, 'K_d': 1198283.0, 'rho_d': 9976134000000.0, 'fission_rate': 6.685431e+19, 'Dg_D1_scale': 1.793246991314206, 'Dg_D3_scale': 3.244653073744888, 'Dv_D1_scale': 0.8413052183786793, 'Dv_D2_scale': 3.3422031635566873, 'b_bulk_scale': 2.179310328638122, 'b_dislocation_scale': 1.811118126729819, 'gb_scale': 1.009685, 'gd_bubble_scale': 0.5168880053839392, 'gd_line_scale': 5.213357814104795, 'gd_line_alpha': 0.12062765238213324, 'coalescence_d_scale': 2.916475, 'capture_scale': 0.027787}. Best is trial 1 with value: 3.812168466789749.
[I 2026-05-03 13:06:28,658] Trial 9 finished with value: 3.9937712549535123 and parameters: {'f_n': 7.392651e-07, 'K_d': 1166892.0, 'rho_d': 11803530000000.0, 'fission_rate': 6.574543e+19, 'Dg_D1_scale': 0.3397402638054869, 'Dg_D3_scale': 0.3631452487937502, 'Dv_D1_scale': 0.25329339674862844, 'Dv_D2_scale': 0.46718749561814776, 'b_bulk_scale': 0.25306009732515494, 'b_dislocation_scale': 0.040172652508512395, 'gb_scale': 1.30495, 'gd_bubble_scale': 2.762424563307497, 'gd_line_scale': 0.7463915289986436, 'gd_line_alpha': 0.9408495309724135, 'coalescence_d_scale': 2.726375, 'capture_scale': 0.023283}. Best is trial 1 with value: 3.812168466789749.
[I 2026-05-03 13:06:33,188] Trial 10 finished with value: 4.726746485052446 and parameters: {'f_n': 4.853626992414111e-10, 'K_d': 194408.9492225746, 'rho_d': 6867483657007.364, 'fission_rate': 5.7402091390075765e+19, 'Dg_D1_scale': 3.3088880978980013, 'Dg_D3_scale': 0.17462146577720827, 'Dv_D1_scale': 3.8279926523878505, 'Dv_D2_scale': 1.992019359982167, 'b_bulk_scale': 0.04150031562386766, 'b_dislocation_scale': 0.16293933874224123, 'gb_scale': 6.106989609624241, 'gd_bubble_scale': 0.07461408480034674, 'gd_line_scale': 0.21602548729616605, 'gd_line_alpha': 0.006206164850382528, 'coalescence_d_scale': 0.2136448998853694, 'capture_scale': 0.4444183237865567}. Best is trial 1 with value: 3.812168466789749.
[I 2026-05-03 13:06:42,800] Trial 11 finished with value: 6.189232836887147 and parameters: {'f_n': 7.218924364239645e-10, 'K_d': 275542.19887781667, 'rho_d': 74017710119452.12, 'fission_rate': 4.101663677543752e+19, 'Dg_D1_scale': 1.3677261249381625, 'Dg_D3_scale': 1.554375754345018, 'Dv_D1_scale': 0.4400806769733352, 'Dv_D2_scale': 0.8101628578911347, 'b_bulk_scale': 0.04951435626362038, 'b_dislocation_scale': 0.79795768270363, 'gb_scale': 0.07960373032864565, 'gd_bubble_scale': 0.15671033758661007, 'gd_line_scale': 1.4018388767746917, 'gd_line_alpha': 0.376764575527055, 'coalescence_d_scale': 0.6530303908069583, 'capture_scale': 0.8261206573382293}. Best is trial 1 with value: 3.812168466789749.
[I 2026-05-03 13:06:49,784] Trial 12 finished with value: 4.214592714111076 and parameters: {'f_n': 2.8820859987116815e-06, 'K_d': 309245.84349327517, 'rho_d': 18600475085201.58, 'fission_rate': 5.670109169312941e+19, 'Dg_D1_scale': 3.742858968101241, 'Dg_D3_scale': 1.2953214718783597, 'Dv_D1_scale': 0.34954496392884526, 'Dv_D2_scale': 0.7176355484285278, 'b_bulk_scale': 0.10966728750890233, 'b_dislocation_scale': 0.19641232219001378, 'gb_scale': 3.4667856087622426, 'gd_bubble_scale': 1.0198099175410624, 'gd_line_scale': 1.6653813742994308, 'gd_line_alpha': 0.08157694568310841, 'coalescence_d_scale': 0.9231089679393524, 'capture_scale': 1.0590368596363027}. Best is trial 1 with value: 3.812168466789749.Best trial: 1. Best value: 3.81217:   2%|▏         | 12/500 [01:32<59:13,  7.28s/it]Best trial: 1. Best value: 3.81217:   2%|▏         | 12/500 [01:32<59:13,  7.28s/it]Best trial: 1. Best value: 3.81217:   3%|▎         | 13/500 [01:32<58:23,  7.19s/it]                                                                                    Best trial: 1. Best value: 3.81217:   3%|▎         | 13/500 [01:41<58:23,  7.19s/it]Best trial: 1. Best value: 3.81217:   3%|▎         | 13/500 [01:42<58:23,  7.19s/it]Best trial: 1. Best value: 3.81217:   3%|▎         | 14/500 [01:42<1:02:59,  7.78s/it]                                                                                      Best trial: 1. Best value: 3.81217:   3%|▎         | 14/500 [01:48<1:02:59,  7.78s/it]Best trial: 1. Best value: 3.81217:   3%|▎         | 14/500 [01:48<1:02:59,  7.78s/it]Best trial: 1. Best value: 3.81217:   3%|▎         | 15/500 [01:48<59:33,  7.37s/it]                                                                                      Best trial: 1. Best value: 3.81217:   3%|▎         | 15/500 [01:51<59:33,  7.37s/it]Best trial: 1. Best value: 3.81217:   3%|▎         | 15/500 [01:51<59:33,  7.37s/it]Best trial: 1. Best value: 3.81217:   3%|▎         | 16/500 [01:51<49:37,  6.15s/it]                                                                                    Best trial: 1. Best value: 3.81217:   3%|▎         | 16/500 [01:58<49:37,  6.15s/it]Best trial: 1. Best value: 3.81217:   3%|▎         | 16/500 [01:58<49:37,  6.15s/it]Best trial: 1. Best value: 3.81217:   3%|▎         | 17/500 [01:58<51:55,  6.45s/it]                                                                                    Best trial: 1. Best value: 3.81217:   3%|▎         | 17/500 [02:04<51:55,  6.45s/it]Best trial: 1. Best value: 3.81217:   3%|▎         | 17/500 [02:04<51:55,  6.45s/it]Best trial: 1. Best value: 3.81217:   4%|▎         | 18/500 [02:04<50:06,  6.24s/it]                                                                                    Best trial: 1. Best value: 3.81217:   4%|▎         | 18/500 [02:08<50:06,  6.24s/it]Best trial: 1. Best value: 3.81217:   4%|▎         | 18/500 [02:08<50:06,  6.24s/it]Best trial: 1. Best value: 3.81217:   4%|▍         | 19/500 [02:08<43:20,  5.41s/it]                                                                                    Best trial: 1. Best value: 3.81217:   4%|▍         | 19/500 [02:13<43:20,  5.41s/it]Best trial: 1. Best value: 3.81217:   4%|▍         | 19/500 [02:13<43:20,  5.41s/it]Best trial: 1. Best value: 3.81217:   4%|▍         | 20/500 [02:13<44:07,  5.52s/it]                                                                                    Best trial: 1. Best value: 3.81217:   4%|▍         | 20/500 [02:20<44:07,  5.52s/it]Best trial: 1. Best value: 3.81217:   4%|▍         | 20/500 [02:20<44:07,  5.52s/it]Best trial: 1. Best value: 3.81217:   4%|▍         | 21/500 [02:20<46:07,  5.78s/it]                                                                                    Best trial: 1. Best value: 3.81217:   4%|▍         | 21/500 [02:24<46:07,  5.78s/it]Best trial: 1. Best value: 3.81217:   4%|▍         | 21/500 [02:24<46:07,  5.78s/it]Best trial: 1. Best value: 3.81217:   4%|▍         | 22/500 [02:24<43:27,  5.45s/it]                                                                                    Best trial: 1. Best value: 3.81217:   4%|▍         | 22/500 [02:31<43:27,  5.45s/it]Best trial: 1. Best value: 3.81217:   4%|▍         | 22/500 [02:31<43:27,  5.45s/it]Best trial: 1. Best value: 3.81217:   5%|▍         | 23/500 [02:31<46:25,  5.84s/it]                                                                                    Best trial: 1. Best value: 3.81217:   5%|▍         | 23/500 [02:38<46:25,  5.84s/it]Best trial: 1. Best value: 3.81217:   5%|▍         | 23/500 [02:38<46:25,  5.84s/it]Best trial: 1. Best value: 3.81217:   5%|▍         | 24/500 [02:38<47:32,  5.99s/it]                                                                                    
[I 2026-05-03 13:06:58,912] Trial 13 finished with value: 4.403030539308993 and parameters: {'f_n': 2.3891403934589026e-09, 'K_d': 103346.23215536025, 'rho_d': 17905972504669.17, 'fission_rate': 5.16080616382629e+19, 'Dg_D1_scale': 1.2117577155688222, 'Dg_D3_scale': 2.13290286757427, 'Dv_D1_scale': 1.7891215721119704, 'Dv_D2_scale': 1.2535904995606397, 'b_bulk_scale': 0.594590832515125, 'b_dislocation_scale': 0.9103747943339211, 'gb_scale': 0.19892992126161, 'gd_bubble_scale': 0.1653787242523152, 'gd_line_scale': 0.32898898386055864, 'gd_line_alpha': 0.2977939367056902, 'coalescence_d_scale': 0.3830149071842424, 'capture_scale': 1.2678421771644}. Best is trial 1 with value: 3.812168466789749.
[I 2026-05-03 13:07:05,335] Trial 14 finished with value: 3.883741628021416 and parameters: {'f_n': 1.2265266997805026e-10, 'K_d': 405485.4266696132, 'rho_d': 6697560885341.461, 'fission_rate': 7.960512907386069e+19, 'Dg_D1_scale': 2.0946216615838096, 'Dg_D3_scale': 0.8613549050573777, 'Dv_D1_scale': 0.4390247589167145, 'Dv_D2_scale': 0.6507159034525133, 'b_bulk_scale': 0.10441835825122683, 'b_dislocation_scale': 0.24691361752459548, 'gb_scale': 2.483297284378677, 'gd_bubble_scale': 0.6280768771381019, 'gd_line_scale': 1.7937954546322292, 'gd_line_alpha': 0.4787223158611379, 'coalescence_d_scale': 1.5133015851366023, 'capture_scale': 7.259372519047207}. Best is trial 1 with value: 3.812168466789749.
[I 2026-05-03 13:07:08,658] Trial 15 finished with value: 4.160020610864214 and parameters: {'f_n': 1.440995049292972e-10, 'K_d': 383638.4083698368, 'rho_d': 5313460594003.257, 'fission_rate': 7.820895368701998e+19, 'Dg_D1_scale': 2.2951028870134746, 'Dg_D3_scale': 0.9015853106806574, 'Dv_D1_scale': 1.2162878262842058, 'Dv_D2_scale': 0.23339713264595838, 'b_bulk_scale': 0.03330626887942908, 'b_dislocation_scale': 0.2369996188495893, 'gb_scale': 4.347705412928145, 'gd_bubble_scale': 0.8506085039824908, 'gd_line_scale': 0.8719324295232975, 'gd_line_alpha': 0.7658764958883036, 'coalescence_d_scale': 0.10380961112263344, 'capture_scale': 4.886217318419165}. Best is trial 1 with value: 3.812168466789749.
[I 2026-05-03 13:07:15,804] Trial 16 finished with value: 5.3615935804655 and parameters: {'f_n': 3.643620034545504e-09, 'K_d': 187889.44249392956, 'rho_d': 8105089672149.168, 'fission_rate': 7.409496418193398e+19, 'Dg_D1_scale': 2.320659831580653, 'Dg_D3_scale': 0.46101656901255117, 'Dv_D1_scale': 0.4441852835808765, 'Dv_D2_scale': 0.661650568783704, 'b_bulk_scale': 0.08328671725456523, 'b_dislocation_scale': 0.03221289354096911, 'gb_scale': 2.4411830232021976, 'gd_bubble_scale': 9.460189161596261, 'gd_line_scale': 3.1012146812704557, 'gd_line_alpha': 0.43840037499480417, 'coalescence_d_scale': 1.987123595424564, 'capture_scale': 7.305009024506686}. Best is trial 1 with value: 3.812168466789749.
