[I 2026-05-03 20:23:10,945] Trial 497 finished with value: 2.5143127977620923 and parameters: {'rho_global_scale': 0.7650274032598056, 'rho_slope_scale': 0.5413615354931811, 'f_n': 7.896367259295914e-09, 'K_d': 427493.79738556047, 'fission_rate': 6.322109243099567e+19, 'Dg_D1_scale': 2.3789056930042327, 'Dg_D3_scale': 3.3502685326811483, 'Dv_D1_scale': 0.2619902541264046, 'Dv_D2_scale': 1.9533190452512157, 'b_bulk_scale': 0.03779365765213448, 'b_dislocation_scale': 0.3818731054641987, 'gb_scale': 0.4301365199628195, 'gd_bubble_scale': 3.4223674314557435, 'gd_line_scale': 0.44910345694443093, 'gd_line_alpha': 0.6112994340653789, 'coalescence_d_scale': 0.46761338770523936, 'capture_scale': 1.051152853109174}. Best is trial 214 with value: 2.373531962961344.
[I 2026-05-03 20:23:18,409] Trial 498 finished with value: 2.800808238239075 and parameters: {'rho_global_scale': 0.7375479307618941, 'rho_slope_scale': 0.6296995908461862, 'f_n': 2.7952957041915417e-08, 'K_d': 455520.2753769772, 'fission_rate': 6.6281644805607604e+19, 'Dg_D1_scale': 3.038604458252988, 'Dg_D3_scale': 3.5785956698480215, 'Dv_D1_scale': 0.6326690789905307, 'Dv_D2_scale': 2.109975868207077, 'b_bulk_scale': 0.05950113222325973, 'b_dislocation_scale': 0.4653379348535889, 'gb_scale': 0.5846364531499999, 'gd_bubble_scale': 6.470055121567606, 'gd_line_scale': 0.6126577861754297, 'gd_line_alpha': 0.6299707237512473, 'coalescence_d_scale': 0.41576523317831193, 'capture_scale': 1.2363931957811363}. Best is trial 214 with value: 2.373531962961344.
