[I 2026-05-03 19:47:44,078] Trial 183 finished with value: 4.193366216035242 and parameters: {'rho_global_scale': 0.7829888182375052, 'rho_slope_scale': 3.7531968502364434, 'f_n': 1.983217981298565e-07, 'K_d': 500973.46311526035, 'fission_rate': 6.607535165693769e+19, 'Dg_D1_scale': 3.414250004482367, 'Dg_D3_scale': 3.3343343981804163, 'Dv_D1_scale': 0.2000951569702912, 'Dv_D2_scale': 3.2546570273428377, 'b_bulk_scale': 0.030249483938665077, 'b_dislocation_scale': 0.46849765816271083, 'gb_scale': 0.25305803106173747, 'gd_bubble_scale': 2.3879305252664573, 'gd_line_scale': 2.479898297190953, 'gd_line_alpha': 0.7860411591814537, 'coalescence_d_scale': 0.8464987452733644, 'capture_scale': 0.09702291967788329}. Best is trial 103 with value: 2.479829645381372.
[I 2026-05-03 19:47:51,525] Trial 184 finished with value: 2.5049724767714223 and parameters: {'rho_global_scale': 0.7971284815531777, 'rho_slope_scale': 0.5178412896383494, 'f_n': 3.393001894802536e-07, 'K_d': 322204.4403535701, 'fission_rate': 6.7298277338673365e+19, 'Dg_D1_scale': 3.6604708065937777, 'Dg_D3_scale': 3.785992367117888, 'Dv_D1_scale': 0.23031295238883562, 'Dv_D2_scale': 2.3006533480581957, 'b_bulk_scale': 0.040435378639584386, 'b_dislocation_scale': 0.5496880624426796, 'gb_scale': 0.3043955501811863, 'gd_bubble_scale': 8.345181636951864, 'gd_line_scale': 2.024130820025268, 'gd_line_alpha': 0.7406613550904514, 'coalescence_d_scale': 1.3078534107623656, 'capture_scale': 0.06679019695266525}. Best is trial 103 with value: 2.479829645381372.
[I 2026-05-03 19:47:58,196] Trial 185 finished with value: 2.9096627879117345 and parameters: {'rho_global_scale': 0.8023065560991071, 'rho_slope_scale': 0.5002431902269241, 'f_n': 3.6688332532316515e-07, 'K_d': 492552.1260657678, 'fission_rate': 6.686201121053841e+19, 'Dg_D1_scale': 3.6483607950487005, 'Dg_D3_scale': 3.8553338369881613, 'Dv_D1_scale': 1.558435590554247, 'Dv_D2_scale': 2.125432256837152, 'b_bulk_scale': 0.05098646596250202, 'b_dislocation_scale': 0.6749141237037736, 'gb_scale': 0.3290006442325497, 'gd_bubble_scale': 6.091408231917583, 'gd_line_scale': 1.972063388533864, 'gd_line_alpha': 0.7747387095207467, 'coalescence_d_scale': 1.1981105392418954, 'capture_scale': 0.0651407940245171}. Best is trial 103 with value: 2.479829645381372.
[I 2026-05-03 19:48:05,890] Trial 186 finished with value: 2.754454691669678 and parameters: {'rho_global_scale': 0.8333477682736103, 'rho_slope_scale': 0.569220716951821, 'f_n': 3.1818498992092455e-07, 'K_d': 472090.0424225521, 'fission_rate': 6.5308025123299164e+19, 'Dg_D1_scale': 3.259164299803894, 'Dg_D3_scale': 3.578764840882533, 'Dv_D1_scale': 0.23285958400380544, 'Dv_D2_scale': 1.9644117862231678, 'b_bulk_scale': 0.042147304556507975, 'b_dislocation_scale': 0.5949699123919453, 'gb_scale': 0.3692535959478012, 'gd_bubble_scale': 8.22395832160219, 'gd_line_scale': 2.792423216170803, 'gd_line_alpha': 0.4703660205975737, 'coalescence_d_scale': 1.4473725331643335, 'capture_scale': 0.04998212594106893}. Best is trial 103 with value: 2.479829645381372.
[I 2026-05-03 19:48:09,884] Trial 187 finished with value: 2.6434730678732135 and parameters: {'rho_global_scale': 0.7526417332270271, 'rho_slope_scale': 0.5429842761959401, 'f_n': 2.5108509141940586e-07, 'K_d': 478806.5450662088, 'fission_rate': 6.868831525475763e+19, 'Dg_D1_scale': 3.4772924193425356, 'Dg_D3_scale': 3.9959551133241775, 'Dv_D1_scale': 0.24672452218510668, 'Dv_D2_scale': 2.2908995005113737, 'b_bulk_scale': 0.03920918127321465, 'b_dislocation_scale': 0.8018616602616843, 'gb_scale': 0.31299240798504224, 'gd_bubble_scale': 6.441772911415688, 'gd_line_scale': 1.6147586221451504, 'gd_line_alpha': 0.7551875348291902, 'coalescence_d_scale': 1.7849229965867845, 'capture_scale': 0.0724558074743236}. Best is trial 103 with value: 2.479829645381372.Best trial: 103. Best value: 2.47983:  37%|███▋      | 187/500 [21:05<37:02,  7.10s/it]Best trial: 103. Best value: 2.47983:  37%|███▋      | 187/500 [21:05<37:02,  7.10s/it]Best trial: 103. Best value: 2.47983:  38%|███▊      | 188/500 [21:05<32:05,  6.17s/it]                                                                                       Best trial: 103. Best value: 2.47983:  38%|███▊      | 188/500 [21:12<32:05,  6.17s/it]Best trial: 103. Best value: 2.47983:  38%|███▊      | 188/500 [21:12<32:05,  6.17s/it]Best trial: 103. Best value: 2.47983:  38%|███▊      | 189/500 [21:12<34:17,  6.62s/it]                                                                                       Best trial: 103. Best value: 2.47983:  38%|███▊      | 189/500 [21:20<34:17,  6.62s/it]Best trial: 103. Best value: 2.47983:  38%|███▊      | 189/500 [21:20<34:17,  6.62s/it]Best trial: 103. Best value: 2.47983:  38%|███▊      | 190/500 [21:20<36:10,  7.00s/it]                                                                                       Best trial: 103. Best value: 2.47983:  38%|███▊      | 190/500 [21:27<36:10,  7.00s/it]Best trial: 103. Best value: 2.47983:  38%|███▊      | 190/500 [21:27<36:10,  7.00s/it]Best trial: 103. Best value: 2.47983:  38%|███▊      | 191/500 [21:27<35:40,  6.93s/it]                                                                                       Best trial: 103. Best value: 2.47983:  38%|███▊      | 191/500 [21:33<35:40,  6.93s/it]Best trial: 103. Best value: 2.47983:  38%|███▊      | 191/500 [21:33<35:40,  6.93s/it]Best trial: 103. Best value: 2.47983:  38%|███▊      | 192/500 [21:33<33:33,  6.54s/it]                                                                                       Best trial: 103. Best value: 2.47983:  38%|███▊      | 192/500 [21:40<33:33,  6.54s/it]Best trial: 103. Best value: 2.47983:  38%|███▊      | 192/500 [21:40<33:33,  6.54s/it]Best trial: 103. Best value: 2.47983:  39%|███▊      | 193/500 [21:40<34:01,  6.65s/it]                                                                                       Best trial: 103. Best value: 2.47983:  39%|███▊      | 193/500 [21:47<34:01,  6.65s/it]Best trial: 103. Best value: 2.47983:  39%|███▊      | 193/500 [21:47<34:01,  6.65s/it]Best trial: 103. Best value: 2.47983:  39%|███▉      | 194/500 [21:47<34:26,  6.75s/it]                                                                                       Best trial: 103. Best value: 2.47983:  39%|███▉      | 194/500 [21:53<34:26,  6.75s/it]Best trial: 103. Best value: 2.47983:  39%|███▉      | 194/500 [21:53<34:26,  6.75s/it]Best trial: 103. Best value: 2.47983:  39%|███▉      | 195/500 [21:53<33:48,  6.65s/it]                                                                                       Best trial: 103. Best value: 2.47983:  39%|███▉      | 195/500 [22:00<33:48,  6.65s/it]Best trial: 103. Best value: 2.47983:  39%|███▉      | 195/500 [22:00<33:48,  6.65s/it]Best trial: 103. Best value: 2.47983:  39%|███▉      | 196/500 [22:00<34:12,  6.75s/it]                                                                                       Best trial: 103. Best value: 2.47983:  39%|███▉      | 196/500 [22:04<34:12,  6.75s/it]Best trial: 103. Best value: 2.47983:  39%|███▉      | 196/500 [22:04<34:12,  6.75s/it]Best trial: 103. Best value: 2.47983:  39%|███▉      | 197/500 [22:04<30:36,  6.06s/it]                                                                                       Best trial: 103. Best value: 2.47983:  39%|███▉      | 197/500 [22:11<30:36,  6.06s/it]Best trial: 103. Best value: 2.47983:  39%|███▉      | 197/500 [22:11<30:36,  6.06s/it]Best trial: 103. Best value: 2.47983:  40%|███▉      | 198/500 [22:11<31:34,  6.27s/it]                                                                                       
[I 2026-05-03 19:48:17,527] Trial 188 finished with value: 2.6741817259021303 and parameters: {'rho_global_scale': 0.8608848662819905, 'rho_slope_scale': 0.5252640207928968, 'f_n': 7.041714752571933e-07, 'K_d': 321673.0203671368, 'fission_rate': 6.731329573478673e+19, 'Dg_D1_scale': 3.699046529203805, 'Dg_D3_scale': 3.733839192475696, 'Dv_D1_scale': 0.2148795560893265, 'Dv_D2_scale': 2.39830925150804, 'b_bulk_scale': 0.05614378140126511, 'b_dislocation_scale': 0.43044420463983224, 'gb_scale': 0.42157865411600715, 'gd_bubble_scale': 8.777036998722647, 'gd_line_scale': 2.3453001726972817, 'gd_line_alpha': 0.7296164140747278, 'coalescence_d_scale': 1.3192608949281825, 'capture_scale': 0.09423377006774787}. Best is trial 103 with value: 2.479829645381372.
[I 2026-05-03 19:48:25,453] Trial 189 finished with value: 2.5353900557384867 and parameters: {'rho_global_scale': 0.7664007076201483, 'rho_slope_scale': 0.5988694302872125, 'f_n': 4.319407869526234e-07, 'K_d': 553148.0006076234, 'fission_rate': 6.430593229228988e+19, 'Dg_D1_scale': 3.142119689630546, 'Dg_D3_scale': 3.505689396208167, 'Dv_D1_scale': 0.22739544411252294, 'Dv_D2_scale': 2.582015174317436, 'b_bulk_scale': 0.04637813642357103, 'b_dislocation_scale': 0.5476352918875745, 'gb_scale': 0.2948049636243737, 'gd_bubble_scale': 6.180585262740071, 'gd_line_scale': 1.8412746182881607, 'gd_line_alpha': 0.7199662208043862, 'coalescence_d_scale': 1.0033282871682667, 'capture_scale': 0.1212433335139878}. Best is trial 103 with value: 2.479829645381372.
[I 2026-05-03 19:48:32,204] Trial 190 finished with value: 2.6339246680211574 and parameters: {'rho_global_scale': 0.7699489720180912, 'rho_slope_scale': 0.6403460731931512, 'f_n': 5.441862739647906e-07, 'K_d': 545546.6775012589, 'fission_rate': 6.353755209335405e+19, 'Dg_D1_scale': 0.7264875667444716, 'Dg_D3_scale': 3.1025552920030712, 'Dv_D1_scale': 0.22510264722212914, 'Dv_D2_scale': 2.6061444947353616, 'b_bulk_scale': 0.034176751555960234, 'b_dislocation_scale': 0.5464997104352667, 'gb_scale': 0.2849947037056533, 'gd_bubble_scale': 7.877543476934789, 'gd_line_scale': 1.4003025888897074, 'gd_line_alpha': 0.7092133237890672, 'coalescence_d_scale': 0.992653037149529, 'capture_scale': 0.127069930100223}. Best is trial 103 with value: 2.479829645381372.
[I 2026-05-03 19:48:37,827] Trial 191 finished with value: 6.55587524940559 and parameters: {'rho_global_scale': 0.7426253803340399, 'rho_slope_scale': 0.6039908269241335, 'f_n': 4.0632097835621907e-07, 'K_d': 464267.1567100528, 'fission_rate': 6.434209318830556e+19, 'Dg_D1_scale': 3.2053674048197123, 'Dg_D3_scale': 3.491414632463429, 'Dv_D1_scale': 0.23680034294073038, 'Dv_D2_scale': 2.182865468942706, 'b_bulk_scale': 0.046065999816892654, 'b_dislocation_scale': 0.6217689281812986, 'gb_scale': 0.30868637563275575, 'gd_bubble_scale': 7.098165737193871, 'gd_line_scale': 1.7608270852870587, 'gd_line_alpha': 0.7938458233998582, 'coalescence_d_scale': 15.012867033390455, 'capture_scale': 0.06990239089752447}. Best is trial 103 with value: 2.479829645381372.
[I 2026-05-03 19:48:44,738] Trial 192 finished with value: 2.5980495625415716 and parameters: {'rho_global_scale': 0.7950994560216555, 'rho_slope_scale': 0.5615914151209893, 'f_n': 3.0580784200744777e-07, 'K_d': 512700.0679590443, 'fission_rate': 6.610885339627284e+19, 'Dg_D1_scale': 3.3169933088467323, 'Dg_D3_scale': 3.597147268008587, 'Dv_D1_scale': 0.20031408577943166, 'Dv_D2_scale': 2.904457521539306, 'b_bulk_scale': 0.03922082352639847, 'b_dislocation_scale': 0.4892381631302857, 'gb_scale': 0.25774740639064286, 'gd_bubble_scale': 0.3416891916588218, 'gd_line_scale': 2.087087098510962, 'gd_line_alpha': 0.7416349381726097, 'coalescence_d_scale': 1.0716762979974508, 'capture_scale': 0.12166831523418725}. Best is trial 103 with value: 2.479829645381372.
[I 2026-05-03 19:48:51,732] Trial 193 finished with value: 2.8044287384636206 and parameters: {'rho_global_scale': 0.8124382378861404, 'rho_slope_scale': 0.5842485671920455, 'f_n': 4.5217160689626124e-07, 'K_d': 541778.170292275, 'fission_rate': 6.4921150200346714e+19, 'Dg_D1_scale': 3.056194179791139, 'Dg_D3_scale': 3.7873286826226513, 'Dv_D1_scale': 0.8675015892905065, 'Dv_D2_scale': 0.5929885741245878, 'b_bulk_scale': 0.04692202839282199, 'b_dislocation_scale': 0.6763131622570262, 'gb_scale': 0.3559528897363503, 'gd_bubble_scale': 9.141502605123996, 'gd_line_scale': 1.9625076343537868, 'gd_line_alpha': 0.719736959469569, 'coalescence_d_scale': 0.9295552819385045, 'capture_scale': 0.03122506200978668}. Best is trial 103 with value: 2.479829645381372.
[I 2026-05-03 19:48:58,139] Trial 194 finished with value: 2.511031610093324 and parameters: {'rho_global_scale': 0.7720953187780492, 'rho_slope_scale': 0.525464761430128, 'f_n': 2.272236317793204e-07, 'K_d': 306526.59033204016, 'fission_rate': 6.710588526313445e+19, 'Dg_D1_scale': 3.68934547091969, 'Dg_D3_scale': 0.28224541536662967, 'Dv_D1_scale': 0.21404279745929697, 'Dv_D2_scale': 3.089819877694407, 'b_bulk_scale': 0.030081624188017596, 'b_dislocation_scale': 0.7316450692967158, 'gb_scale': 0.20487519848348731, 'gd_bubble_scale': 7.590442879598036, 'gd_line_scale': 1.6500052276724702, 'gd_line_alpha': 0.7659208967606863, 'coalescence_d_scale': 0.7267711849156296, 'capture_scale': 0.8048973874063114}. Best is trial 103 with value: 2.479829645381372.
[I 2026-05-03 19:49:05,128] Trial 195 finished with value: 2.521040697241299 and parameters: {'rho_global_scale': 0.7354962737281611, 'rho_slope_scale': 0.5215465317494415, 'f_n': 2.5258953885096237e-07, 'K_d': 584165.0646364235, 'fission_rate': 6.280897370943764e+19, 'Dg_D1_scale': 3.7227949410555845, 'Dg_D3_scale': 0.7366478421729322, 'Dv_D1_scale': 0.21459595501168702, 'Dv_D2_scale': 3.1677649138198496, 'b_bulk_scale': 0.031958861617816005, 'b_dislocation_scale': 0.7419152453423009, 'gb_scale': 0.17680126453039732, 'gd_bubble_scale': 7.053718184593693, 'gd_line_scale': 1.683218081010954, 'gd_line_alpha': 0.7768375523237832, 'coalescence_d_scale': 0.7281485856597437, 'capture_scale': 0.7929448024607377}. Best is trial 103 with value: 2.479829645381372.
[I 2026-05-03 19:49:09,578] Trial 196 finished with value: 2.609274249020766 and parameters: {'rho_global_scale': 0.7322842117572369, 'rho_slope_scale': 0.5256861132278877, 'f_n': 2.294848207919685e-07, 'K_d': 586580.1966196814, 'fission_rate': 6.676555059424411e+19, 'Dg_D1_scale': 3.9947090737660957, 'Dg_D3_scale': 0.16481761732819883, 'Dv_D1_scale': 0.215620277339684, 'Dv_D2_scale': 3.510022188796194, 'b_bulk_scale': 0.030228334281447677, 'b_dislocation_scale': 0.7406640751103177, 'gb_scale': 0.18688581499436804, 'gd_bubble_scale': 7.911037314795825, 'gd_line_scale': 1.5935469699807492, 'gd_line_alpha': 0.7710248823874192, 'coalescence_d_scale': 0.7417024882036433, 'capture_scale': 0.8291870864118566}. Best is trial 103 with value: 2.479829645381372.
[I 2026-05-03 19:49:16,351] Trial 197 finished with value: 2.6804691302940373 and parameters: {'rho_global_scale': 0.7913212221339361, 'rho_slope_scale': 0.5004380377310155, 'f_n': 2.607555166899034e-07, 'K_d': 745466.562736136, 'fission_rate': 6.271225944049269e+19, 'Dg_D1_scale': 3.6786034265518275, 'Dg_D3_scale': 0.40329609863118215, 'Dv_D1_scale': 0.21258401337788094, 'Dv_D2_scale': 3.1552880026520294, 'b_bulk_scale': 0.032331501864207024, 'b_dislocation_scale': 0.6175310844699947, 'gb_scale': 0.16994391782921822, 'gd_bubble_scale': 5.0065035200618455, 'gd_line_scale': 1.3962659675835505, 'gd_line_alpha': 0.8048529425221383, 'coalescence_d_scale': 0.5355220991717127, 'capture_scale': 0.7547335163206704}. Best is trial 103 with value: 2.479829645381372.
[I 2026-05-03 19:49:22,449] Trial 198 finished with value: 2.5846810009581964 and parameters: {'rho_global_scale': 0.717901582917852, 'rho_slope_scale': 0.533113637601138, 'f_n': 3.3329120279683265e-07, 'K_d': 426001.24675276596, 'fission_rate': 6.550186125578051e+19, 'Dg_D1_scale': 3.5180060463704246, 'Dg_D3_scale': 0.27105455271532825, 'Dv_D1_scale': 0.21177705866905486, 'Dv_D2_scale': 3.279538839797851, 'b_bulk_scale': 0.03638641579860344, 'b_dislocation_scale': 0.7258305906481184, 'gb_scale': 0.21004255504577726, 'gd_bubble_scale': 7.327909657319476, 'gd_line_scale': 1.638155693442607, 'gd_line_alpha': 0.7569199502029539, 'coalescence_d_scale': 0.6280106746958249, 'capture_scale': 0.4337509427985741}. Best is trial 103 with value: 2.479829645381372.Best trial: 103. Best value: 2.47983:  40%|███▉      | 198/500 [22:17<31:34,  6.27s/it]Best trial: 103. Best value: 2.47983:  40%|███▉      | 198/500 [22:17<31:34,  6.27s/it]Best trial: 103. Best value: 2.47983:  40%|███▉      | 199/500 [22:17<31:12,  6.22s/it]                                                                                       Best trial: 103. Best value: 2.47983:  40%|███▉      | 199/500 [22:24<31:12,  6.22s/it]Best trial: 103. Best value: 2.47983:  40%|███▉      | 199/500 [22:24<31:12,  6.22s/it]Best trial: 103. Best value: 2.47983:  40%|████      | 200/500 [22:24<32:23,  6.48s/it]                                                                                       Best trial: 103. Best value: 2.47983:  40%|████      | 200/500 [22:30<32:23,  6.48s/it]Best trial: 103. Best value: 2.47983:  40%|████      | 200/500 [22:30<32:23,  6.48s/it]Best trial: 103. Best value: 2.47983:  40%|████      | 201/500 [22:30<31:14,  6.27s/it]                                                                                       Best trial: 103. Best value: 2.47983:  40%|████      | 201/500 [22:37<31:14,  6.27s/it]Best trial: 103. Best value: 2.47983:  40%|████      | 201/500 [22:37<31:14,  6.27s/it]Best trial: 103. Best value: 2.47983:  40%|████      | 202/500 [22:37<32:06,  6.46s/it]                                                                                       Best trial: 103. Best value: 2.47983:  40%|████      | 202/500 [22:44<32:06,  6.46s/it]Best trial: 103. Best value: 2.47983:  40%|████      | 202/500 [22:44<32:06,  6.46s/it]Best trial: 103. Best value: 2.47983:  41%|████      | 203/500 [22:44<33:12,  6.71s/it]                                                                                       Best trial: 103. Best value: 2.47983:  41%|████      | 203/500 [22:52<33:12,  6.71s/it]Best trial: 103. Best value: 2.47983:  41%|████      | 203/500 [22:52<33:12,  6.71s/it]Best trial: 103. Best value: 2.47983:  41%|████      | 204/500 [22:52<34:16,  6.95s/it]                                                                                       Best trial: 103. Best value: 2.47983:  41%|████      | 204/500 [22:59<34:16,  6.95s/it]Best trial: 103. Best value: 2.47983:  41%|████      | 204/500 [22:59<34:16,  6.95s/it]Best trial: 103. Best value: 2.47983:  41%|████      | 205/500 [22:59<34:46,  7.07s/it]                                                                                       Best trial: 103. Best value: 2.47983:  41%|████      | 205/500 [23:05<34:46,  7.07s/it]Best trial: 103. Best value: 2.47983:  41%|████      | 205/500 [23:05<34:46,  7.07s/it]Best trial: 103. Best value: 2.47983:  41%|████      | 206/500 [23:05<32:17,  6.59s/it]                                                                                       Best trial: 103. Best value: 2.47983:  41%|████      | 206/500 [23:11<32:17,  6.59s/it]Best trial: 103. Best value: 2.47983:  41%|████      | 206/500 [23:12<32:17,  6.59s/it]Best trial: 103. Best value: 2.47983:  41%|████▏     | 207/500 [23:12<32:30,  6.66s/it]                                                                                       Best trial: 103. Best value: 2.47983:  41%|████▏     | 207/500 [23:19<32:30,  6.66s/it]Best trial: 103. Best value: 2.47983:  41%|████▏     | 207/500 [23:19<32:30,  6.66s/it]Best trial: 103. Best value: 2.47983:  42%|████▏     | 208/500 [23:19<33:52,  6.96s/it]                                                                                       Best trial: 103. Best value: 2.47983:  42%|████▏     | 208/500 [23:27<33:52,  6.96s/it]Best trial: 103. Best value: 2.47983:  42%|████▏     | 208/500 [23:27<33:52,  6.96s/it]Best trial: 103. Best value: 2.47983:  42%|████▏     | 209/500 [23:27<34:27,  7.11s/it]                                                                                       
[I 2026-05-03 19:49:29,524] Trial 199 finished with value: 2.766465249539297 and parameters: {'rho_global_scale': 0.8310214213077947, 'rho_slope_scale': 0.5237034591606593, 'f_n': 1.4185244563525038e-07, 'K_d': 300096.7068597543, 'fission_rate': 6.887651215730365e+19, 'Dg_D1_scale': 3.7304962812594367, 'Dg_D3_scale': 0.30066324162595454, 'Dv_D1_scale': 0.22794874111888946, 'Dv_D2_scale': 3.0184489606273943, 'b_bulk_scale': 0.0300330345467641, 'b_dislocation_scale': 0.6694906340046257, 'gb_scale': 0.1976371608774894, 'gd_bubble_scale': 9.271452128262988, 'gd_line_scale': 2.19251808696521, 'gd_line_alpha': 0.7859662674967063, 'coalescence_d_scale': 0.701044592797982, 'capture_scale': 0.04113901578154972}. Best is trial 103 with value: 2.479829645381372.
[I 2026-05-03 19:49:35,307] Trial 200 finished with value: 2.728151547820175 and parameters: {'rho_global_scale': 0.7517905938677669, 'rho_slope_scale': 0.5659467032541095, 'f_n': 2.0857375833155042e-07, 'K_d': 646323.38449982, 'fission_rate': 6.582754953731982e+19, 'Dg_D1_scale': 3.416102474878913, 'Dg_D3_scale': 0.6313610173455456, 'Dv_D1_scale': 0.20046453473561288, 'Dv_D2_scale': 3.562509131099341, 'b_bulk_scale': 0.03404864520435185, 'b_dislocation_scale': 0.8590885785307975, 'gb_scale': 0.22525351545569677, 'gd_bubble_scale': 4.2127806728408315, 'gd_line_scale': 1.9549651013437643, 'gd_line_alpha': 0.8187626011519927, 'coalescence_d_scale': 0.7693548523435859, 'capture_scale': 0.6094387065822833}. Best is trial 103 with value: 2.479829645381372.
