[I 2026-05-03 19:57:34,974] Trial 275 finished with value: 2.7158345274079494 and parameters: {'rho_global_scale': 0.7359735755623203, 'rho_slope_scale': 0.52396577584146, 'f_n': 4.998025099145604e-08, 'K_d': 442037.6477501133, 'fission_rate': 6.170771335862554e+19, 'Dg_D1_scale': 2.543999155907387, 'Dg_D3_scale': 3.590187387387143, 'Dv_D1_scale': 0.339160772922623, 'Dv_D2_scale': 2.0732074673948766, 'b_bulk_scale': 0.04765548447794729, 'b_dislocation_scale': 0.4379448800216079, 'gb_scale': 0.7722347181051514, 'gd_bubble_scale': 4.131425719521729, 'gd_line_scale': 0.7449083280131903, 'gd_line_alpha': 0.6321790229157498, 'coalescence_d_scale': 0.34557007870389717, 'capture_scale': 1.85420691761195}. Best is trial 214 with value: 2.373531962961344.Best trial: 214. Best value: 2.37353:  55%|█████▌    | 275/500 [30:30<25:16,  6.74s/it]Best trial: 214. Best value: 2.37353:  55%|█████▌    | 275/500 [30:30<25:16,  6.74s/it]Best trial: 214. Best value: 2.37353:  55%|█████▌    | 276/500 [30:30<24:43,  6.62s/it]                                                                                       Best trial: 214. Best value: 2.37353:  55%|█████▌    | 276/500 [30:38<24:43,  6.62s/it]Best trial: 214. Best value: 2.37353:  55%|█████▌    | 276/500 [30:38<24:43,  6.62s/it]Best trial: 214. Best value: 2.37353:  55%|█████▌    | 277/500 [30:38<26:01,  7.00s/it]                                                                                       Best trial: 214. Best value: 2.37353:  55%|█████▌    | 277/500 [30:43<26:01,  7.00s/it]Best trial: 214. Best value: 2.37353:  55%|█████▌    | 277/500 [30:43<26:01,  7.00s/it]Best trial: 214. Best value: 2.37353:  56%|█████▌    | 278/500 [30:43<23:47,  6.43s/it]                                                                                       Best trial: 214. Best value: 2.37353:  56%|█████▌    | 278/500 [30:50<23:47,  6.43s/it]Best trial: 214. Best value: 2.37353:  56%|█████▌    | 278/500 [30:51<23:47,  6.43s/it]Best trial: 214. Best value: 2.37353:  56%|█████▌    | 279/500 [30:51<25:06,  6.82s/it]                                                                                       Best trial: 214. Best value: 2.37353:  56%|█████▌    | 279/500 [30:58<25:06,  6.82s/it]Best trial: 214. Best value: 2.37353:  56%|█████▌    | 279/500 [30:58<25:06,  6.82s/it]Best trial: 214. Best value: 2.37353:  56%|█████▌    | 280/500 [30:58<25:46,  7.03s/it]                                                                                       Best trial: 214. Best value: 2.37353:  56%|█████▌    | 280/500 [31:05<25:46,  7.03s/it]Best trial: 214. Best value: 2.37353:  56%|█████▌    | 280/500 [31:06<25:46,  7.03s/it]Best trial: 214. Best value: 2.37353:  56%|█████▌    | 281/500 [31:06<26:07,  7.16s/it]                                                                                       Best trial: 214. Best value: 2.37353:  56%|█████▌    | 281/500 [31:11<26:07,  7.16s/it]Best trial: 214. Best value: 2.37353:  56%|█████▌    | 281/500 [31:11<26:07,  7.16s/it]Best trial: 214. Best value: 2.37353:  56%|█████▋    | 282/500 [31:11<23:44,  6.53s/it]                                                                                       Best trial: 214. Best value: 2.37353:  56%|█████▋    | 282/500 [31:19<23:44,  6.53s/it]Best trial: 214. Best value: 2.37353:  56%|█████▋    | 282/500 [31:19<23:44,  6.53s/it]Best trial: 214. Best value: 2.37353:  57%|█████▋    | 283/500 [31:19<25:12,  6.97s/it]                                                                                       Best trial: 214. Best value: 2.37353:  57%|█████▋    | 283/500 [31:26<25:12,  6.97s/it]Best trial: 214. Best value: 2.37353:  57%|█████▋    | 283/500 [31:26<25:12,  6.97s/it]Best trial: 214. Best value: 2.37353:  57%|█████▋    | 284/500 [31:26<25:42,  7.14s/it]                                                                                       Best trial: 214. Best value: 2.37353:  57%|█████▋    | 284/500 [31:34<25:42,  7.14s/it]Best trial: 214. Best value: 2.37353:  57%|█████▋    | 284/500 [31:34<25:42,  7.14s/it]Best trial: 214. Best value: 2.37353:  57%|█████▋    | 285/500 [31:34<26:22,  7.36s/it]                                                                                       Best trial: 214. Best value: 2.37353:  57%|█████▋    | 285/500 [31:40<26:22,  7.36s/it]Best trial: 214. Best value: 2.37353:  57%|█████▋    | 285/500 [31:40<26:22,  7.36s/it]Best trial: 214. Best value: 2.37353:  57%|█████▋    | 286/500 [31:40<24:23,  6.84s/it]                                                                                       
[I 2026-05-03 19:57:42,864] Trial 276 finished with value: 2.656580489636389 and parameters: {'rho_global_scale': 0.7190466205917172, 'rho_slope_scale': 0.5233532909742803, 'f_n': 4.503110465788229e-08, 'K_d': 431534.9493766993, 'fission_rate': 6.252352714049315e+19, 'Dg_D1_scale': 2.291194985129675, 'Dg_D3_scale': 3.736857456632215, 'Dv_D1_scale': 0.31648424486978116, 'Dv_D2_scale': 1.9961310126940968, 'b_bulk_scale': 0.05681761623478316, 'b_dislocation_scale': 0.31317245013802036, 'gb_scale': 0.5773593756159161, 'gd_bubble_scale': 4.5145266827625115, 'gd_line_scale': 0.7919036248155215, 'gd_line_alpha': 0.6597642209371071, 'coalescence_d_scale': 0.4208696291174244, 'capture_scale': 1.4319214874514845}. Best is trial 214 with value: 2.373531962961344.
[I 2026-05-03 19:57:47,957] Trial 277 finished with value: 2.5158548807806715 and parameters: {'rho_global_scale': 0.7001348543250113, 'rho_slope_scale': 0.5203616453141882, 'f_n': 4.225894397540695e-08, 'K_d': 418886.86454138765, 'fission_rate': 6.333450967069225e+19, 'Dg_D1_scale': 2.731210595321296, 'Dg_D3_scale': 3.4238899017762416, 'Dv_D1_scale': 0.3227814187934529, 'Dv_D2_scale': 2.161411799569843, 'b_bulk_scale': 0.04343443508726072, 'b_dislocation_scale': 0.3686644569892471, 'gb_scale': 0.6958150191379168, 'gd_bubble_scale': 3.421730917057783, 'gd_line_scale': 0.85148460019794, 'gd_line_alpha': 0.674609814812398, 'coalescence_d_scale': 0.35882657390780054, 'capture_scale': 1.3752816542529473}. Best is trial 214 with value: 2.373531962961344.
[I 2026-05-03 19:57:55,612] Trial 278 finished with value: 2.4988201337947262 and parameters: {'rho_global_scale': 0.7426015128827732, 'rho_slope_scale': 0.5434170798188783, 'f_n': 3.201136403896478e-08, 'K_d': 407361.44786293205, 'fission_rate': 6.328493657559967e+19, 'Dg_D1_scale': 2.4710431331971687, 'Dg_D3_scale': 3.6923634307556297, 'Dv_D1_scale': 0.2719917077218029, 'Dv_D2_scale': 2.1014860204935935, 'b_bulk_scale': 0.04813715836022238, 'b_dislocation_scale': 0.4173626253747332, 'gb_scale': 0.5922881950240684, 'gd_bubble_scale': 3.8833338397557897, 'gd_line_scale': 1.0219328211519079, 'gd_line_alpha': 0.6893421923269845, 'coalescence_d_scale': 0.458275120846931, 'capture_scale': 1.1618194944750813}. Best is trial 214 with value: 2.373531962961344.
[I 2026-05-03 19:58:03,192] Trial 279 finished with value: 2.60245260887569 and parameters: {'rho_global_scale': 0.7281601846482454, 'rho_slope_scale': 0.5732134486010659, 'f_n': 2.5554183115729427e-08, 'K_d': 457418.7848582399, 'fission_rate': 6.430321498549485e+19, 'Dg_D1_scale': 2.77117112166637, 'Dg_D3_scale': 3.9914548887747334, 'Dv_D1_scale': 0.2824620609390099, 'Dv_D2_scale': 1.9155817785387, 'b_bulk_scale': 0.04398293298651378, 'b_dislocation_scale': 0.45364017293273223, 'gb_scale': 0.6368611952168008, 'gd_bubble_scale': 4.980076261304744, 'gd_line_scale': 1.124399037166855, 'gd_line_alpha': 0.6227895825260579, 'coalescence_d_scale': 0.5175120273172346, 'capture_scale': 1.6261887521716596}. Best is trial 214 with value: 2.373531962961344.
[I 2026-05-03 19:58:10,667] Trial 280 finished with value: 2.451181122709828 and parameters: {'rho_global_scale': 0.7411855703896175, 'rho_slope_scale': 0.5207066054567931, 'f_n': 5.8300318999057105e-08, 'K_d': 442902.34310169204, 'fission_rate': 6.179907744220052e+19, 'Dg_D1_scale': 2.307251975445018, 'Dg_D3_scale': 3.4587343776597868, 'Dv_D1_scale': 0.3410135008074773, 'Dv_D2_scale': 1.712529792701206, 'b_bulk_scale': 0.04265720077985826, 'b_dislocation_scale': 0.39440359975732114, 'gb_scale': 0.5544501124301133, 'gd_bubble_scale': 4.686192266501596, 'gd_line_scale': 0.921857167451674, 'gd_line_alpha': 0.7046158271708615, 'coalescence_d_scale': 0.5818325256142657, 'capture_scale': 1.1175528010297606}. Best is trial 214 with value: 2.373531962961344.
[I 2026-05-03 19:58:15,736] Trial 281 finished with value: 2.492765428996396 and parameters: {'rho_global_scale': 0.7135274878826688, 'rho_slope_scale': 0.517486089634102, 'f_n': 6.647197819528535e-08, 'K_d': 444057.7489824194, 'fission_rate': 6.264296337667696e+19, 'Dg_D1_scale': 2.2968725252781885, 'Dg_D3_scale': 3.7408161329154983, 'Dv_D1_scale': 0.3330262086109621, 'Dv_D2_scale': 1.7764696654963845, 'b_bulk_scale': 0.04258323183463768, 'b_dislocation_scale': 0.38448984274512465, 'gb_scale': 0.7188443410198614, 'gd_bubble_scale': 4.579197009767735, 'gd_line_scale': 0.9753505097635838, 'gd_line_alpha': 0.7254338679568252, 'coalescence_d_scale': 0.37038870887409725, 'capture_scale': 1.1187743880337904}. Best is trial 214 with value: 2.373531962961344.
[I 2026-05-03 19:58:23,728] Trial 282 finished with value: 3.2684475052903217 and parameters: {'rho_global_scale': 0.7230436543679579, 'rho_slope_scale': 2.6515990121067734, 'f_n': 6.499604466583908e-08, 'K_d': 466908.1525040333, 'fission_rate': 6.1339128176195e+19, 'Dg_D1_scale': 2.165483182935412, 'Dg_D3_scale': 3.738170305046006, 'Dv_D1_scale': 0.36267321301373334, 'Dv_D2_scale': 1.6539822430465483, 'b_bulk_scale': 0.05300856680821054, 'b_dislocation_scale': 0.35696272350579444, 'gb_scale': 0.707030625490707, 'gd_bubble_scale': 4.6086802322916025, 'gd_line_scale': 0.8725180002146425, 'gd_line_alpha': 0.6513252409436989, 'coalescence_d_scale': 0.3850282520095128, 'capture_scale': 1.1208955387979247}. Best is trial 214 with value: 2.373531962961344.
[I 2026-05-03 19:58:31,272] Trial 283 finished with value: 2.558251793761871 and parameters: {'rho_global_scale': 0.7097440996224696, 'rho_slope_scale': 1.2680282829684761, 'f_n': 6.32266059889604e-08, 'K_d': 447073.92980894353, 'fission_rate': 6.1734271515644805e+19, 'Dg_D1_scale': 2.2994311752992194, 'Dg_D3_scale': 3.5598416083411553, 'Dv_D1_scale': 0.3360198685767264, 'Dv_D2_scale': 1.8909526834556896, 'b_bulk_scale': 0.04862912792762981, 'b_dislocation_scale': 0.39863082980201453, 'gb_scale': 0.7914767140500416, 'gd_bubble_scale': 5.338852115089462, 'gd_line_scale': 0.9492578865511921, 'gd_line_alpha': 0.6663177243429865, 'coalescence_d_scale': 0.3735896604982464, 'capture_scale': 0.9248685236817209}. Best is trial 214 with value: 2.373531962961344.
[I 2026-05-03 19:58:39,130] Trial 284 finished with value: 2.9389942642878064 and parameters: {'rho_global_scale': 0.7306829435565614, 'rho_slope_scale': 0.5245117184789166, 'f_n': 4.872857888086684e-08, 'K_d': 431535.2361259755, 'fission_rate': 6.2406579314388074e+19, 'Dg_D1_scale': 2.7232138328496824, 'Dg_D3_scale': 3.77791527692291, 'Dv_D1_scale': 0.3033408893043641, 'Dv_D2_scale': 1.6935977613163742, 'b_bulk_scale': 0.04178161095771778, 'b_dislocation_scale': 0.29873182600652987, 'gb_scale': 0.5351027732535052, 'gd_bubble_scale': 4.225433388928261, 'gd_line_scale': 1.1958833272037483, 'gd_line_alpha': 0.6929392290788129, 'coalescence_d_scale': 0.43240914348760184, 'capture_scale': 1.1335520629025266}. Best is trial 214 with value: 2.373531962961344.
[I 2026-05-03 19:58:44,757] Trial 285 finished with value: 2.5702199830698222 and parameters: {'rho_global_scale': 0.7495187151373315, 'rho_slope_scale': 0.5199095579200181, 'f_n': 7.54511587432297e-08, 'K_d': 417865.79252540285, 'fission_rate': 6.283094711718275e+19, 'Dg_D1_scale': 2.93132492065833, 'Dg_D3_scale': 3.5093284292261067, 'Dv_D1_scale': 0.3573774958981982, 'Dv_D2_scale': 1.755468806591605, 'b_bulk_scale': 0.04235924735456038, 'b_dislocation_scale': 0.37425436655498767, 'gb_scale': 0.5491504618998335, 'gd_bubble_scale': 5.119640081132693, 'gd_line_scale': 0.9490512984794943, 'gd_line_alpha': 0.7238690386275531, 'coalescence_d_scale': 0.31802623689381504, 'capture_scale': 1.5201393424397864}. Best is trial 214 with value: 2.373531962961344.
[I 2026-05-03 19:58:52,413] Trial 286 finished with value: 2.4709808631625743 and parameters: {'rho_global_scale': 0.7017675483905921, 'rho_slope_scale': 0.5410201771644804, 'f_n': 4.023292255337238e-08, 'K_d': 423247.7513429292, 'fission_rate': 6.198677671735998e+19, 'Dg_D1_scale': 2.2367290442049987, 'Dg_D3_scale': 3.778932184892286, 'Dv_D1_scale': 0.31740285461767587, 'Dv_D2_scale': 1.9683540598956941, 'b_bulk_scale': 0.06517292318548434, 'b_dislocation_scale': 0.32776926453534927, 'gb_scale': 0.8518482910174825, 'gd_bubble_scale': 3.8911699096625374, 'gd_line_scale': 0.8224875375757216, 'gd_line_alpha': 0.7179133880698332, 'coalescence_d_scale': 0.5665516280291516, 'capture_scale': 0.9466609187389049}. Best is trial 214 with value: 2.373531962961344.Best trial: 214. Best value: 2.37353:  57%|█████▋    | 286/500 [31:47<24:23,  6.84s/it]Best trial: 214. Best value: 2.37353:  57%|█████▋    | 286/500 [31:47<24:23,  6.84s/it]Best trial: 214. Best value: 2.37353:  57%|█████▋    | 287/500 [31:47<25:08,  7.08s/it]                                                                                       Best trial: 214. Best value: 2.37353:  57%|█████▋    | 287/500 [31:54<25:08,  7.08s/it]Best trial: 214. Best value: 2.37353:  57%|█████▋    | 287/500 [31:54<25:08,  7.08s/it]Best trial: 214. Best value: 2.37353:  58%|█████▊    | 288/500 [31:54<25:03,  7.09s/it]                                                                                       Best trial: 214. Best value: 2.37353:  58%|█████▊    | 288/500 [32:02<25:03,  7.09s/it]Best trial: 214. Best value: 2.37353:  58%|█████▊    | 288/500 [32:02<25:03,  7.09s/it]Best trial: 214. Best value: 2.37353:  58%|█████▊    | 289/500 [32:02<25:12,  7.17s/it]                                                                                       Best trial: 214. Best value: 2.37353:  58%|█████▊    | 289/500 [32:09<25:12,  7.17s/it]Best trial: 214. Best value: 2.37353:  58%|█████▊    | 289/500 [32:09<25:12,  7.17s/it]Best trial: 214. Best value: 2.37353:  58%|█████▊    | 290/500 [32:09<25:41,  7.34s/it]                                                                                       Best trial: 214. Best value: 2.37353:  58%|█████▊    | 290/500 [32:14<25:41,  7.34s/it]Best trial: 214. Best value: 2.37353:  58%|█████▊    | 290/500 [32:14<25:41,  7.34s/it]Best trial: 214. Best value: 2.37353:  58%|█████▊    | 291/500 [32:14<22:45,  6.53s/it]                                                                                       Best trial: 214. Best value: 2.37353:  58%|█████▊    | 291/500 [32:22<22:45,  6.53s/it]Best trial: 214. Best value: 2.37353:  58%|█████▊    | 291/500 [32:22<22:45,  6.53s/it]Best trial: 214. Best value: 2.37353:  58%|█████▊    | 292/500 [32:22<24:04,  6.95s/it]                                                                                       Best trial: 214. Best value: 2.37353:  58%|█████▊    | 292/500 [32:30<24:04,  6.95s/it]Best trial: 214. Best value: 2.37353:  58%|█████▊    | 292/500 [32:30<24:04,  6.95s/it]Best trial: 214. Best value: 2.37353:  59%|█████▊    | 293/500 [32:30<24:50,  7.20s/it]                                                                                       Best trial: 214. Best value: 2.37353:  59%|█████▊    | 293/500 [32:37<24:50,  7.20s/it]Best trial: 214. Best value: 2.37353:  59%|█████▊    | 293/500 [32:38<24:50,  7.20s/it]Best trial: 214. Best value: 2.37353:  59%|█████▉    | 294/500 [32:38<25:12,  7.34s/it]                                                                                       Best trial: 214. Best value: 2.37353:  59%|█████▉    | 294/500 [32:43<25:12,  7.34s/it]Best trial: 214. Best value: 2.37353:  59%|█████▉    | 294/500 [32:43<25:12,  7.34s/it]Best trial: 214. Best value: 2.37353:  59%|█████▉    | 295/500 [32:43<23:38,  6.92s/it]                                                                                       Best trial: 214. Best value: 2.37353:  59%|█████▉    | 295/500 [32:52<23:38,  6.92s/it]Best trial: 214. Best value: 2.37353:  59%|█████▉    | 295/500 [32:52<23:38,  6.92s/it]Best trial: 214. Best value: 2.37353:  59%|█████▉    | 296/500 [32:52<24:48,  7.30s/it]                                                                                       Best trial: 214. Best value: 2.37353:  59%|█████▉    | 296/500 [33:00<24:48,  7.30s/it]Best trial: 214. Best value: 2.37353:  59%|█████▉    | 296/500 [33:00<24:48,  7.30s/it]Best trial: 214. Best value: 2.37353:  59%|█████▉    | 297/500 [33:00<25:31,  7.55s/it]                                                                                       
[I 2026-05-03 19:58:59,534] Trial 287 finished with value: 2.628000625268151 and parameters: {'rho_global_scale': 0.7019541640549888, 'rho_slope_scale': 0.5226764341953452, 'f_n': 5.4377662285568374e-08, 'K_d': 420066.2906635362, 'fission_rate': 6.189915631370786e+19, 'Dg_D1_scale': 2.2724182835125006, 'Dg_D3_scale': 3.7693127803374735, 'Dv_D1_scale': 0.3255000301370332, 'Dv_D2_scale': 1.756630518614533, 'b_bulk_scale': 0.06077169012396177, 'b_dislocation_scale': 0.3378678606276224, 'gb_scale': 0.8839885591855146, 'gd_bubble_scale': 3.852780957259984, 'gd_line_scale': 0.6854890743558083, 'gd_line_alpha': 0.7076871614420216, 'coalescence_d_scale': 0.5871108555132675, 'capture_scale': 0.8981773605428433}. Best is trial 214 with value: 2.373531962961344.
[I 2026-05-03 19:59:06,875] Trial 288 finished with value: 2.466248508140674 and parameters: {'rho_global_scale': 0.717271603541392, 'rho_slope_scale': 0.5395907760694446, 'f_n': 4.546221530520052e-08, 'K_d': 401883.88503766723, 'fission_rate': 6.0939354948688175e+19, 'Dg_D1_scale': 2.1145778552828887, 'Dg_D3_scale': 3.7967629548351716, 'Dv_D1_scale': 0.34546349367106755, 'Dv_D2_scale': 2.014663248479779, 'b_bulk_scale': 0.048265616454182904, 'b_dislocation_scale': 0.4037103448371999, 'gb_scale': 0.695027807891417, 'gd_bubble_scale': 4.584022668623782, 'gd_line_scale': 0.7993725824714122, 'gd_line_alpha': 0.7230953854897678, 'coalescence_d_scale': 0.563523517415828, 'capture_scale': 0.9957581879126092}. Best is trial 214 with value: 2.373531962961344.
[I 2026-05-03 19:59:14,620] Trial 289 finished with value: 2.463276889649277 and parameters: {'rho_global_scale': 0.7239764549091697, 'rho_slope_scale': 0.5457590883502281, 'f_n': 3.798649260821537e-08, 'K_d': 403141.1686569632, 'fission_rate': 6.021431275733035e+19, 'Dg_D1_scale': 2.6461516272524936, 'Dg_D3_scale': 3.984911235513205, 'Dv_D1_scale': 0.3108646432552377, 'Dv_D2_scale': 1.9031414228121992, 'b_bulk_scale': 0.06687249229160178, 'b_dislocation_scale': 0.4178767081886011, 'gb_scale': 0.6404932532074937, 'gd_bubble_scale': 3.9546387598712913, 'gd_line_scale': 0.7657494175821546, 'gd_line_alpha': 0.6822682600683515, 'coalescence_d_scale': 0.5431690748787489, 'capture_scale': 0.9837608498807064}. Best is trial 214 with value: 2.373531962961344.
[I 2026-05-03 19:59:19,268] Trial 290 finished with value: 2.746541500359418 and parameters: {'rho_global_scale': 0.7286137070711118, 'rho_slope_scale': 0.5704394460901134, 'f_n': 3.7826469241494465e-08, 'K_d': 423903.4157091691, 'fission_rate': 6.042334693044671e+19, 'Dg_D1_scale': 2.0127188694877387, 'Dg_D3_scale': 3.7752209208031418, 'Dv_D1_scale': 0.35080597881222003, 'Dv_D2_scale': 1.9632368559691176, 'b_bulk_scale': 0.05186053544508424, 'b_dislocation_scale': 0.4637763990634644, 'gb_scale': 0.6388775535167671, 'gd_bubble_scale': 2.9058269737778226, 'gd_line_scale': 0.7854459484250442, 'gd_line_alpha': 0.16227211820066706, 'coalescence_d_scale': 0.5638001284076594, 'capture_scale': 0.977774187872004}. Best is trial 214 with value: 2.373531962961344.
[I 2026-05-03 19:59:27,173] Trial 291 finished with value: 2.525950460663514 and parameters: {'rho_global_scale': 0.7164621109492852, 'rho_slope_scale': 0.5453781076747399, 'f_n': 1.936658408747867e-08, 'K_d': 393742.94224745716, 'fission_rate': 6.046793777284861e+19, 'Dg_D1_scale': 2.12907073807132, 'Dg_D3_scale': 3.4592746531623653, 'Dv_D1_scale': 0.37638512569895033, 'Dv_D2_scale': 2.162980708962431, 'b_bulk_scale': 0.047994414964146644, 'b_dislocation_scale': 0.40585464203758265, 'gb_scale': 0.5624408047943998, 'gd_bubble_scale': 3.8846083553753425, 'gd_line_scale': 0.8337653244928278, 'gd_line_alpha': 0.6998663566477944, 'coalescence_d_scale': 0.5818991795089943, 'capture_scale': 0.9149556704889069}. Best is trial 214 with value: 2.373531962961344.
[I 2026-05-03 19:59:34,972] Trial 292 finished with value: 2.445040626248167 and parameters: {'rho_global_scale': 0.7464710964067662, 'rho_slope_scale': 0.5040168063432126, 'f_n': 3.4290830199528574e-08, 'K_d': 399478.1058705829, 'fission_rate': 6.0546913544182825e+19, 'Dg_D1_scale': 2.418176394040407, 'Dg_D3_scale': 3.9795673858791454, 'Dv_D1_scale': 0.3136984396350449, 'Dv_D2_scale': 1.9105107455272121, 'b_bulk_scale': 0.07107513919953891, 'b_dislocation_scale': 0.458277434995978, 'gb_scale': 0.6652409928729892, 'gd_bubble_scale': 5.413215535647572, 'gd_line_scale': 0.6882760233801014, 'gd_line_alpha': 0.7202919458001699, 'coalescence_d_scale': 0.49766456453766933, 'capture_scale': 1.025561501635373}. Best is trial 214 with value: 2.373531962961344.
