[I 2026-05-03 19:45:43,606] Trial 165 finished with value: 3.536804685481079 and parameters: {'rho_global_scale': 0.8885529312514113, 'rho_slope_scale': 0.6519217821203016, 'f_n': 1.1682472463635048e-07, 'K_d': 307174.9390783837, 'fission_rate': 6.5629524062084645e+19, 'Dg_D1_scale': 3.502509811827729, 'Dg_D3_scale': 3.756856470205054, 'Dv_D1_scale': 0.23937243131663188, 'Dv_D2_scale': 2.4630623396017146, 'b_bulk_scale': 2.6315016530523887, 'b_dislocation_scale': 0.8689429888431589, 'gb_scale': 0.3073111095625024, 'gd_bubble_scale': 0.3539949805860298, 'gd_line_scale': 2.0698830119437996, 'gd_line_alpha': 0.4154563186867336, 'coalescence_d_scale': 1.5944962279051775, 'capture_scale': 0.10166044537157913}. Best is trial 103 with value: 2.479829645381372.Best trial: 103. Best value: 2.47983:  33%|███▎      | 165/500 [18:38<34:39,  6.21s/it]Best trial: 103. Best value: 2.47983:  33%|███▎      | 165/500 [18:38<34:39,  6.21s/it]Best trial: 103. Best value: 2.47983:  33%|███▎      | 166/500 [18:38<37:05,  6.66s/it]                                                                                       Best trial: 103. Best value: 2.47983:  33%|███▎      | 166/500 [18:46<37:05,  6.66s/it]Best trial: 103. Best value: 2.47983:  33%|███▎      | 166/500 [18:46<37:05,  6.66s/it]Best trial: 103. Best value: 2.47983:  33%|███▎      | 167/500 [18:46<37:45,  6.80s/it]                                                                                       Best trial: 103. Best value: 2.47983:  33%|███▎      | 167/500 [18:52<37:45,  6.80s/it]Best trial: 103. Best value: 2.47983:  33%|███▎      | 167/500 [18:52<37:45,  6.80s/it]Best trial: 103. Best value: 2.47983:  34%|███▎      | 168/500 [18:52<37:22,  6.75s/it]                                                                                       Best trial: 103. Best value: 2.47983:  34%|███▎      | 168/500 [18:59<37:22,  6.75s/it]Best trial: 103. Best value: 2.47983:  34%|███▎      | 168/500 [18:59<37:22,  6.75s/it]Best trial: 103. Best value: 2.47983:  34%|███▍      | 169/500 [18:59<36:45,  6.66s/it]                                                                                       Best trial: 103. Best value: 2.47983:  34%|███▍      | 169/500 [19:04<36:45,  6.66s/it]Best trial: 103. Best value: 2.47983:  34%|███▍      | 169/500 [19:04<36:45,  6.66s/it]Best trial: 103. Best value: 2.47983:  34%|███▍      | 170/500 [19:04<34:28,  6.27s/it]                                                                                       Best trial: 103. Best value: 2.47983:  34%|███▍      | 170/500 [19:11<34:28,  6.27s/it]Best trial: 103. Best value: 2.47983:  34%|███▍      | 170/500 [19:11<34:28,  6.27s/it]Best trial: 103. Best value: 2.47983:  34%|███▍      | 171/500 [19:11<36:10,  6.60s/it]                                                                                       Best trial: 103. Best value: 2.47983:  34%|███▍      | 171/500 [19:18<36:10,  6.60s/it]Best trial: 103. Best value: 2.47983:  34%|███▍      | 171/500 [19:18<36:10,  6.60s/it]Best trial: 103. Best value: 2.47983:  34%|███▍      | 172/500 [19:18<36:29,  6.68s/it]                                                                                       Best trial: 103. Best value: 2.47983:  34%|███▍      | 172/500 [19:25<36:29,  6.68s/it]Best trial: 103. Best value: 2.47983:  34%|███▍      | 172/500 [19:25<36:29,  6.68s/it]Best trial: 103. Best value: 2.47983:  35%|███▍      | 173/500 [19:25<37:18,  6.85s/it]                                                                                       Best trial: 103. Best value: 2.47983:  35%|███▍      | 173/500 [19:30<37:18,  6.85s/it]Best trial: 103. Best value: 2.47983:  35%|███▍      | 173/500 [19:30<37:18,  6.85s/it]Best trial: 103. Best value: 2.47983:  35%|███▍      | 174/500 [19:30<34:08,  6.28s/it]                                                                                       Best trial: 103. Best value: 2.47983:  35%|███▍      | 174/500 [19:38<34:08,  6.28s/it]Best trial: 103. Best value: 2.47983:  35%|███▍      | 174/500 [19:38<34:08,  6.28s/it]Best trial: 103. Best value: 2.47983:  35%|███▌      | 175/500 [19:38<36:15,  6.69s/it]                                                                                       Best trial: 103. Best value: 2.47983:  35%|███▌      | 175/500 [19:44<36:15,  6.69s/it]Best trial: 103. Best value: 2.47983:  35%|███▌      | 175/500 [19:44<36:15,  6.69s/it]Best trial: 103. Best value: 2.47983:  35%|███▌      | 176/500 [19:44<34:42,  6.43s/it]                                                                                       
[I 2026-05-03 19:45:50,723] Trial 166 finished with value: 2.551563079118621 and parameters: {'rho_global_scale': 0.815859538895687, 'rho_slope_scale': 0.593592402069911, 'f_n': 2.2002909482724466e-07, 'K_d': 304247.57957768394, 'fission_rate': 6.630209197512971e+19, 'Dg_D1_scale': 2.976295037602342, 'Dg_D3_scale': 3.1670577070956702, 'Dv_D1_scale': 0.2590512083504431, 'Dv_D2_scale': 2.7488350046893326, 'b_bulk_scale': 0.04466352070300645, 'b_dislocation_scale': 0.9922056466588246, 'gb_scale': 0.2826040039162266, 'gd_bubble_scale': 0.29628288170313494, 'gd_line_scale': 3.7354645145729726, 'gd_line_alpha': 0.4018526080137252, 'coalescence_d_scale': 0.9357316801643293, 'capture_scale': 0.1500622994898356}. Best is trial 103 with value: 2.479829645381372.
[I 2026-05-03 19:45:57,371] Trial 167 finished with value: 2.8196347618126336 and parameters: {'rho_global_scale': 0.8001757983741935, 'rho_slope_scale': 0.613325170271778, 'f_n': 2.3544101724966943e-07, 'K_d': 300154.241136775, 'fission_rate': 6.7184198760409194e+19, 'Dg_D1_scale': 0.4623768230650618, 'Dg_D3_scale': 3.1522024242127267, 'Dv_D1_scale': 0.2600295518849826, 'Dv_D2_scale': 2.8586069589717846, 'b_bulk_scale': 0.05472351971481035, 'b_dislocation_scale': 1.0533140838080677, 'gb_scale': 0.2691507079544817, 'gd_bubble_scale': 0.2978855356735266, 'gd_line_scale': 3.4025377054606722, 'gd_line_alpha': 0.3904275633527902, 'coalescence_d_scale': 0.8677030176839174, 'capture_scale': 0.14335920613245665}. Best is trial 103 with value: 2.479829645381372.
[I 2026-05-03 19:46:03,826] Trial 168 finished with value: 2.580286393718669 and parameters: {'rho_global_scale': 0.8225345737983095, 'rho_slope_scale': 0.5738322522196331, 'f_n': 1.4813840326149692e-07, 'K_d': 320681.73981375695, 'fission_rate': 6.647035514999159e+19, 'Dg_D1_scale': 2.9571916414969697, 'Dg_D3_scale': 0.4385214446975527, 'Dv_D1_scale': 0.2228118592026472, 'Dv_D2_scale': 2.1094548725737154, 'b_bulk_scale': 0.033292612123900445, 'b_dislocation_scale': 0.956815213575243, 'gb_scale': 0.22670547596840052, 'gd_bubble_scale': 0.21434691738717337, 'gd_line_scale': 2.8715357811281637, 'gd_line_alpha': 0.3565614132026787, 'coalescence_d_scale': 0.9833516598007535, 'capture_scale': 0.2844460355031628}. Best is trial 103 with value: 2.479829645381372.
[I 2026-05-03 19:46:09,177] Trial 169 finished with value: 2.988948012531448 and parameters: {'rho_global_scale': 0.7584162827328398, 'rho_slope_scale': 0.6328047941091149, 'f_n': 1.9205000145636016e-07, 'K_d': 312490.0823144727, 'fission_rate': 6.764557298916861e+19, 'Dg_D1_scale': 2.6759636425242266, 'Dg_D3_scale': 2.7714592536760327, 'Dv_D1_scale': 0.5420545831088471, 'Dv_D2_scale': 2.5615948788349505, 'b_bulk_scale': 0.049375861602741475, 'b_dislocation_scale': 0.7707390234353866, 'gb_scale': 0.2544056189157052, 'gd_bubble_scale': 0.2496527922536912, 'gd_line_scale': 3.564632047909763, 'gd_line_alpha': 0.45167576614005217, 'coalescence_d_scale': 0.8075721881833396, 'capture_scale': 0.34254690151084605}. Best is trial 103 with value: 2.479829645381372.
[I 2026-05-03 19:46:16,539] Trial 170 finished with value: 3.36064175737577 and parameters: {'rho_global_scale': 0.8706331051882269, 'rho_slope_scale': 0.5846028932143894, 'f_n': 1.0375550829184734e-07, 'K_d': 306117.71046412346, 'fission_rate': 6.898286552401198e+19, 'Dg_D1_scale': 2.386923649387745, 'Dg_D3_scale': 3.999600879098749, 'Dv_D1_scale': 0.25417692808710557, 'Dv_D2_scale': 2.8156828958703044, 'b_bulk_scale': 0.0402742889403071, 'b_dislocation_scale': 0.5726331711814159, 'gb_scale': 0.2852005281333664, 'gd_bubble_scale': 0.3199431269835877, 'gd_line_scale': 3.9947264678984182, 'gd_line_alpha': 0.44236287745587144, 'coalescence_d_scale': 0.9296620123757147, 'capture_scale': 0.11029065428300025}. Best is trial 103 with value: 2.479829645381372.
[I 2026-05-03 19:46:23,394] Trial 171 finished with value: 2.529948500477369 and parameters: {'rho_global_scale': 0.812945802480588, 'rho_slope_scale': 0.5927156045971493, 'f_n': 1.9228798794061893e-07, 'K_d': 300109.9696839075, 'fission_rate': 6.6109702545214145e+19, 'Dg_D1_scale': 3.367205735814172, 'Dg_D3_scale': 3.657254041824943, 'Dv_D1_scale': 0.23234838594646737, 'Dv_D2_scale': 2.7170922240601105, 'b_bulk_scale': 0.04312581247813535, 'b_dislocation_scale': 0.825869989026406, 'gb_scale': 0.31104349211886106, 'gd_bubble_scale': 0.37686330090659925, 'gd_line_scale': 2.666630046405426, 'gd_line_alpha': 0.47230371240060787, 'coalescence_d_scale': 1.1397363695153961, 'capture_scale': 0.14013077116746472}. Best is trial 103 with value: 2.479829645381372.
[I 2026-05-03 19:46:30,638] Trial 172 finished with value: 2.828286738535727 and parameters: {'rho_global_scale': 0.7768470403545619, 'rho_slope_scale': 1.6502797244727125, 'f_n': 2.862730218141642e-07, 'K_d': 305572.38063048344, 'fission_rate': 6.631151876865891e+19, 'Dg_D1_scale': 3.5008086973437744, 'Dg_D3_scale': 3.1024078327117337, 'Dv_D1_scale': 0.2303122769119267, 'Dv_D2_scale': 2.96318004881636, 'b_bulk_scale': 0.03281131556809519, 'b_dislocation_scale': 0.5199476500906778, 'gb_scale': 0.21083841218786764, 'gd_bubble_scale': 0.3871979715710292, 'gd_line_scale': 1.878931623331007, 'gd_line_alpha': 0.47936000164179476, 'coalescence_d_scale': 1.1953915348334898, 'capture_scale': 0.21999595306311898}. Best is trial 103 with value: 2.479829645381372.
[I 2026-05-03 19:46:35,609] Trial 173 finished with value: 2.6051805436628355 and parameters: {'rho_global_scale': 0.8064122093357003, 'rho_slope_scale': 0.5613121099231877, 'f_n': 2.508173882035094e-07, 'K_d': 300103.73279339203, 'fission_rate': 6.504957707958517e+19, 'Dg_D1_scale': 3.8861911182207565, 'Dg_D3_scale': 3.3748474466682565, 'Dv_D1_scale': 0.21507834648032742, 'Dv_D2_scale': 2.4934288660021884, 'b_bulk_scale': 0.043551759517867, 'b_dislocation_scale': 0.7761878066311841, 'gb_scale': 0.24094293413791196, 'gd_bubble_scale': 0.2941570269817012, 'gd_line_scale': 2.1329358839980235, 'gd_line_alpha': 0.4055649259818186, 'coalescence_d_scale': 1.4497865140378687, 'capture_scale': 0.18939631605195592}. Best is trial 103 with value: 2.479829645381372.
[I 2026-05-03 19:46:43,261] Trial 174 finished with value: 3.4629650357759263 and parameters: {'rho_global_scale': 0.8153786405356134, 'rho_slope_scale': 0.5979102636204656, 'f_n': 1.6492412882773184e-07, 'K_d': 313671.11487303395, 'fission_rate': 6.686178068787108e+19, 'Dg_D1_scale': 3.3733423577817545, 'Dg_D3_scale': 3.664645448093405, 'Dv_D1_scale': 0.2387954522780643, 'Dv_D2_scale': 3.427915671244463, 'b_bulk_scale': 1.132558168631878, 'b_dislocation_scale': 1.3972011119208376, 'gb_scale': 0.1932236788163319, 'gd_bubble_scale': 0.3922285845742833, 'gd_line_scale': 2.5864015761575487, 'gd_line_alpha': 0.5151809640576192, 'coalescence_d_scale': 1.0145737731745452, 'capture_scale': 1.0382416872798166}. Best is trial 103 with value: 2.479829645381372.
[I 2026-05-03 19:46:49,059] Trial 175 finished with value: 3.197796059328572 and parameters: {'rho_global_scale': 0.8298537084821966, 'rho_slope_scale': 0.6752080328816056, 'f_n': 1.3197266509043659e-07, 'K_d': 320105.41862443276, 'fission_rate': 5.981310626603869e+19, 'Dg_D1_scale': 3.0740290392028293, 'Dg_D3_scale': 2.925849586776948, 'Dv_D1_scale': 0.22173285251280014, 'Dv_D2_scale': 2.7550425663103253, 'b_bulk_scale': 0.0353148252038933, 'b_dislocation_scale': 0.9260535724520154, 'gb_scale': 0.39590076622260884, 'gd_bubble_scale': 0.4556168090241235, 'gd_line_scale': 1.6701456055191521, 'gd_line_alpha': 0.7493376473808918, 'coalescence_d_scale': 0.8302122792596586, 'capture_scale': 0.7286437910062419}. Best is trial 103 with value: 2.479829645381372.
[I 2026-05-03 19:46:56,200] Trial 176 finished with value: 3.55474137701795 and parameters: {'rho_global_scale': 0.7934968756694727, 'rho_slope_scale': 0.5022152932170896, 'f_n': 6.873740747652488e-08, 'K_d': 309960.04110484174, 'fission_rate': 6.788671939195461e+19, 'Dg_D1_scale': 3.6097643104377397, 'Dg_D3_scale': 3.3024173568826196, 'Dv_D1_scale': 0.2639995597767581, 'Dv_D2_scale': 2.99459527962398, 'b_bulk_scale': 0.0319713437118087, 'b_dislocation_scale': 0.6850776609883957, 'gb_scale': 0.28063457914858114, 'gd_bubble_scale': 0.35603411282653946, 'gd_line_scale': 2.268187915622736, 'gd_line_alpha': 0.4025641425773654, 'coalescence_d_scale': 6.835204306966157, 'capture_scale': 0.14846335199860522}. Best is trial 103 with value: 2.479829645381372.Best trial: 103. Best value: 2.47983:  35%|███▌      | 176/500 [19:51<34:42,  6.43s/it]Best trial: 103. Best value: 2.47983:  35%|███▌      | 176/500 [19:51<34:42,  6.43s/it]Best trial: 103. Best value: 2.47983:  35%|███▌      | 177/500 [19:51<35:45,  6.64s/it]                                                                                       Best trial: 103. Best value: 2.47983:  35%|███▌      | 177/500 [19:58<35:45,  6.64s/it]Best trial: 103. Best value: 2.47983:  35%|███▌      | 177/500 [19:59<35:45,  6.64s/it]Best trial: 103. Best value: 2.47983:  36%|███▌      | 178/500 [19:59<37:01,  6.90s/it]                                                                                       Best trial: 103. Best value: 2.47983:  36%|███▌      | 178/500 [20:05<37:01,  6.90s/it]Best trial: 103. Best value: 2.47983:  36%|███▌      | 178/500 [20:05<37:01,  6.90s/it]Best trial: 103. Best value: 2.47983:  36%|███▌      | 179/500 [20:05<36:04,  6.74s/it]                                                                                       Best trial: 103. Best value: 2.47983:  36%|███▌      | 179/500 [20:12<36:04,  6.74s/it]Best trial: 103. Best value: 2.47983:  36%|███▌      | 179/500 [20:12<36:04,  6.74s/it]Best trial: 103. Best value: 2.47983:  36%|███▌      | 180/500 [20:12<36:55,  6.92s/it]                                                                                       Best trial: 103. Best value: 2.47983:  36%|███▌      | 180/500 [20:20<36:55,  6.92s/it]Best trial: 103. Best value: 2.47983:  36%|███▌      | 180/500 [20:20<36:55,  6.92s/it]Best trial: 103. Best value: 2.47983:  36%|███▌      | 181/500 [20:20<38:05,  7.16s/it]                                                                                       Best trial: 103. Best value: 2.47983:  36%|███▌      | 181/500 [20:27<38:05,  7.16s/it]Best trial: 103. Best value: 2.47983:  36%|███▌      | 181/500 [20:27<38:05,  7.16s/it]Best trial: 103. Best value: 2.47983:  36%|███▋      | 182/500 [20:27<37:27,  7.07s/it]                                                                                       Best trial: 103. Best value: 2.47983:  36%|███▋      | 182/500 [20:31<37:27,  7.07s/it]Best trial: 103. Best value: 2.47983:  36%|███▋      | 182/500 [20:31<37:27,  7.07s/it]Best trial: 103. Best value: 2.47983:  37%|███▋      | 183/500 [20:31<32:59,  6.25s/it]                                                                                       Best trial: 103. Best value: 2.47983:  37%|███▋      | 183/500 [20:39<32:59,  6.25s/it]Best trial: 103. Best value: 2.47983:  37%|███▋      | 183/500 [20:39<32:59,  6.25s/it]Best trial: 103. Best value: 2.47983:  37%|███▋      | 184/500 [20:39<35:16,  6.70s/it]                                                                                       Best trial: 103. Best value: 2.47983:  37%|███▋      | 184/500 [20:46<35:16,  6.70s/it]Best trial: 103. Best value: 2.47983:  37%|███▋      | 184/500 [20:46<35:16,  6.70s/it]Best trial: 103. Best value: 2.47983:  37%|███▋      | 185/500 [20:46<36:20,  6.92s/it]                                                                                       Best trial: 103. Best value: 2.47983:  37%|███▋      | 185/500 [20:53<36:20,  6.92s/it]Best trial: 103. Best value: 2.47983:  37%|███▋      | 185/500 [20:53<36:20,  6.92s/it]Best trial: 103. Best value: 2.47983:  37%|███▋      | 186/500 [20:53<35:50,  6.85s/it]                                                                                       Best trial: 103. Best value: 2.47983:  37%|███▋      | 186/500 [21:01<35:50,  6.85s/it]Best trial: 103. Best value: 2.47983:  37%|███▋      | 186/500 [21:01<35:50,  6.85s/it]Best trial: 103. Best value: 2.47983:  37%|███▋      | 187/500 [21:01<37:02,  7.10s/it]                                                                                       
[I 2026-05-03 19:47:03,711] Trial 177 finished with value: 2.4954298796863124 and parameters: {'rho_global_scale': 0.7641306042411972, 'rho_slope_scale': 0.5528577606441465, 'f_n': 3.862279198167207e-07, 'K_d': 472693.9431328995, 'fission_rate': 6.5677273401310626e+19, 'Dg_D1_scale': 3.960585791220595, 'Dg_D3_scale': 3.567038991932228, 'Dv_D1_scale': 0.245203032066193, 'Dv_D2_scale': 2.5866120014693257, 'b_bulk_scale': 0.04124018271369014, 'b_dislocation_scale': 0.5977589054090655, 'gb_scale': 0.32144368867420603, 'gd_bubble_scale': 7.48332534772663, 'gd_line_scale': 1.928160877941817, 'gd_line_alpha': 0.7713088325150145, 'coalescence_d_scale': 0.7535598168542343, 'capture_scale': 0.09411564477012102}. Best is trial 103 with value: 2.479829645381372.
[I 2026-05-03 19:47:10,065] Trial 178 finished with value: 2.514925306251393 and parameters: {'rho_global_scale': 0.7721061557133733, 'rho_slope_scale': 0.5533592347020135, 'f_n': 3.7512075964366885e-07, 'K_d': 496495.6590958815, 'fission_rate': 6.5153922022277956e+19, 'Dg_D1_scale': 3.998424748039435, 'Dg_D3_scale': 3.8190955776894047, 'Dv_D1_scale': 0.2104930812948169, 'Dv_D2_scale': 2.406966522932178, 'b_bulk_scale': 0.0396198084651811, 'b_dislocation_scale': 0.5938723223453436, 'gb_scale': 0.37234399057666623, 'gd_bubble_scale': 9.531836176919933, 'gd_line_scale': 1.9479518105796667, 'gd_line_alpha': 0.7758891189769207, 'coalescence_d_scale': 0.7399575722021042, 'capture_scale': 0.0934576229499778}. Best is trial 103 with value: 2.479829645381372.
[I 2026-05-03 19:47:17,426] Trial 179 finished with value: 2.5664486016963877 and parameters: {'rho_global_scale': 0.7239698486375722, 'rho_slope_scale': 0.5492128762436066, 'f_n': 4.0907450834867957e-07, 'K_d': 520825.32730502274, 'fission_rate': 6.475740692180169e+19, 'Dg_D1_scale': 3.912352803673661, 'Dg_D3_scale': 3.760227646707722, 'Dv_D1_scale': 0.21156379828492955, 'Dv_D2_scale': 0.215501033229317, 'b_bulk_scale': 0.03991805807762958, 'b_dislocation_scale': 0.6217394656005978, 'gb_scale': 0.4628445921416243, 'gd_bubble_scale': 9.977887063329009, 'gd_line_scale': 1.869640705300941, 'gd_line_alpha': 0.7724426399470584, 'coalescence_d_scale': 0.7336597590432493, 'capture_scale': 0.08512459110529563}. Best is trial 103 with value: 2.479829645381372.
[I 2026-05-03 19:47:25,156] Trial 180 finished with value: 2.5712042722959194 and parameters: {'rho_global_scale': 0.7677010450442209, 'rho_slope_scale': 0.6210933772726538, 'f_n': 3.6324895098070563e-07, 'K_d': 443854.90872438677, 'fission_rate': 6.237682570704188e+19, 'Dg_D1_scale': 3.9599627269400104, 'Dg_D3_scale': 3.959630800807828, 'Dv_D1_scale': 0.24219403416628604, 'Dv_D2_scale': 0.36194871526698635, 'b_bulk_scale': 0.03641999377514723, 'b_dislocation_scale': 0.5874047035801189, 'gb_scale': 0.3757532781490779, 'gd_bubble_scale': 8.614257908254631, 'gd_line_scale': 2.009373667408984, 'gd_line_alpha': 0.751204753764567, 'coalescence_d_scale': 0.6157917322914944, 'capture_scale': 0.6463987846154998}. Best is trial 103 with value: 2.479829645381372.
[I 2026-05-03 19:47:31,992] Trial 181 finished with value: 2.561329475346995 and parameters: {'rho_global_scale': 0.7799409455258154, 'rho_slope_scale': 0.5596178926483648, 'f_n': 2.876848331694355e-07, 'K_d': 499200.52018014045, 'fission_rate': 6.54252951467917e+19, 'Dg_D1_scale': 3.6057343338973467, 'Dg_D3_scale': 3.5550976806350523, 'Dv_D1_scale': 0.22569211976217793, 'Dv_D2_scale': 2.4231603816661065, 'b_bulk_scale': 0.033263425795171386, 'b_dislocation_scale': 0.5254977636893865, 'gb_scale': 0.32151968631747896, 'gd_bubble_scale': 0.40127773375457526, 'gd_line_scale': 2.221037415113173, 'gd_line_alpha': 0.813754727809, 'coalescence_d_scale': 0.7572987997260325, 'capture_scale': 0.05580041542812387}. Best is trial 103 with value: 2.479829645381372.
[I 2026-05-03 19:47:36,306] Trial 182 finished with value: 3.0347845134462315 and parameters: {'rho_global_scale': 0.7553254889055389, 'rho_slope_scale': 0.5407732779286545, 'f_n': 5.156175833993531e-07, 'K_d': 313673.99062480003, 'fission_rate': 6.393485700977765e+19, 'Dg_D1_scale': 3.9903779383622195, 'Dg_D3_scale': 3.5704302234545975, 'Dv_D1_scale': 0.21036777470601314, 'Dv_D2_scale': 2.5933707619384694, 'b_bulk_scale': 0.03613787627066744, 'b_dislocation_scale': 0.7326881600782669, 'gb_scale': 0.22666429798241433, 'gd_bubble_scale': 0.4642113718611387, 'gd_line_scale': 1.779888241824879, 'gd_line_alpha': 0.7158384971404619, 'coalescence_d_scale': 1.1025126442172741, 'capture_scale': 0.10635073789448983}. Best is trial 103 with value: 2.479829645381372.
