[I 2026-05-03 20:04:08,480] Trial 330 finished with value: 2.5779661005212864 and parameters: {'rho_global_scale': 0.751333476738921, 'rho_slope_scale': 0.5847101107056343, 'f_n': 5.7387364768647896e-08, 'K_d': 431967.7125795992, 'fission_rate': 6.4767643339756724e+19, 'Dg_D1_scale': 0.6531795372658833, 'Dg_D3_scale': 3.0013965909207507, 'Dv_D1_scale': 0.30630553127839466, 'Dv_D2_scale': 2.1349768338619737, 'b_bulk_scale': 0.048468338559436, 'b_dislocation_scale': 0.4282447028622616, 'gb_scale': 0.6726060993430251, 'gd_bubble_scale': 4.763762725039115, 'gd_line_scale': 1.1041027343386973, 'gd_line_alpha': 0.7222554888170353, 'coalescence_d_scale': 0.4216646860012153, 'capture_scale': 0.9381870134075131}. Best is trial 214 with value: 2.373531962961344.Best trial: 214. Best value: 2.37353:  66%|██████▌   | 330/500 [37:03<19:30,  6.89s/it]Best trial: 214. Best value: 2.37353:  66%|██████▌   | 330/500 [37:03<19:30,  6.89s/it]Best trial: 214. Best value: 2.37353:  66%|██████▌   | 331/500 [37:03<19:23,  6.88s/it]                                                                                       Best trial: 214. Best value: 2.37353:  66%|██████▌   | 331/500 [37:11<19:23,  6.88s/it]Best trial: 214. Best value: 2.37353:  66%|██████▌   | 331/500 [37:12<19:23,  6.88s/it]Best trial: 214. Best value: 2.37353:  66%|██████▋   | 332/500 [37:12<20:21,  7.27s/it]                                                                                       Best trial: 214. Best value: 2.37353:  66%|██████▋   | 332/500 [37:15<20:21,  7.27s/it]Best trial: 214. Best value: 2.37353:  66%|██████▋   | 332/500 [37:15<20:21,  7.27s/it]Best trial: 214. Best value: 2.37353:  67%|██████▋   | 333/500 [37:15<17:02,  6.12s/it]                                                                                       Best trial: 214. Best value: 2.37353:  67%|██████▋   | 333/500 [37:23<17:02,  6.12s/it]Best trial: 214. Best value: 2.37353:  67%|██████▋   | 333/500 [37:23<17:02,  6.12s/it]Best trial: 214. Best value: 2.37353:  67%|██████▋   | 334/500 [37:23<18:12,  6.58s/it]                                                                                       Best trial: 214. Best value: 2.37353:  67%|██████▋   | 334/500 [37:29<18:12,  6.58s/it]Best trial: 214. Best value: 2.37353:  67%|██████▋   | 334/500 [37:29<18:12,  6.58s/it]Best trial: 214. Best value: 2.37353:  67%|██████▋   | 335/500 [37:29<18:07,  6.59s/it]                                                                                       Best trial: 214. Best value: 2.37353:  67%|██████▋   | 335/500 [37:35<18:07,  6.59s/it]Best trial: 214. Best value: 2.37353:  67%|██████▋   | 335/500 [37:35<18:07,  6.59s/it]Best trial: 214. Best value: 2.37353:  67%|██████▋   | 336/500 [37:35<17:36,  6.44s/it]                                                                                       Best trial: 214. Best value: 2.37353:  67%|██████▋   | 336/500 [37:43<17:36,  6.44s/it]Best trial: 214. Best value: 2.37353:  67%|██████▋   | 336/500 [37:43<17:36,  6.44s/it]Best trial: 214. Best value: 2.37353:  67%|██████▋   | 337/500 [37:43<18:42,  6.89s/it]                                                                                       Best trial: 214. Best value: 2.37353:  67%|██████▋   | 337/500 [37:45<18:42,  6.89s/it]Best trial: 214. Best value: 2.37353:  67%|██████▋   | 337/500 [37:45<18:42,  6.89s/it]Best trial: 214. Best value: 2.37353:  68%|██████▊   | 338/500 [37:45<14:41,  5.44s/it]                                                                                       Best trial: 214. Best value: 2.37353:  68%|██████▊   | 338/500 [37:53<14:41,  5.44s/it]Best trial: 214. Best value: 2.37353:  68%|██████▊   | 338/500 [37:53<14:41,  5.44s/it]Best trial: 214. Best value: 2.37353:  68%|██████▊   | 339/500 [37:53<16:28,  6.14s/it]                                                                                       Best trial: 214. Best value: 2.37353:  68%|██████▊   | 339/500 [37:59<16:28,  6.14s/it]Best trial: 214. Best value: 2.37353:  68%|██████▊   | 339/500 [37:59<16:28,  6.14s/it]Best trial: 214. Best value: 2.37353:  68%|██████▊   | 340/500 [37:59<16:08,  6.05s/it]                                                                                       Best trial: 214. Best value: 2.37353:  68%|██████▊   | 340/500 [38:06<16:08,  6.05s/it]Best trial: 214. Best value: 2.37353:  68%|██████▊   | 340/500 [38:07<16:08,  6.05s/it]Best trial: 214. Best value: 2.37353:  68%|██████▊   | 341/500 [38:07<17:15,  6.51s/it]                                                                                       
[I 2026-05-03 20:04:16,669] Trial 331 finished with value: 4.080925712245753 and parameters: {'rho_global_scale': 0.7291164685930505, 'rho_slope_scale': 0.5510493757367307, 'f_n': 2.8132511220294176e-08, 'K_d': 443810.5977038151, 'fission_rate': 6.027327087637704e+19, 'Dg_D1_scale': 2.989684408514366, 'Dg_D3_scale': 3.9983667397377762, 'Dv_D1_scale': 0.2705646866870369, 'Dv_D2_scale': 1.9551028691166399, 'b_bulk_scale': 1.3599311260330382, 'b_dislocation_scale': 0.03800536437455665, 'gb_scale': 0.6083957858099344, 'gd_bubble_scale': 3.164207230685612, 'gd_line_scale': 1.0466934395764682, 'gd_line_alpha': 0.7424264206806697, 'coalescence_d_scale': 0.46347804697918354, 'capture_scale': 0.658103317528653}. Best is trial 214 with value: 2.373531962961344.
[I 2026-05-03 20:04:20,123] Trial 332 finished with value: 3.6004658272773753 and parameters: {'rho_global_scale': 0.7581376010793519, 'rho_slope_scale': 0.5300509002833513, 'f_n': 6.820662007020441e-08, 'K_d': 394497.18284778955, 'fission_rate': 6.299544560213434e+19, 'Dg_D1_scale': 0.4187168937593542, 'Dg_D3_scale': 3.5606017175617706, 'Dv_D1_scale': 0.40167491213401235, 'Dv_D2_scale': 1.8301249924667289, 'b_bulk_scale': 0.05490938759023985, 'b_dislocation_scale': 0.49551690654756886, 'gb_scale': 0.5044276798418622, 'gd_bubble_scale': 2.499021584801017, 'gd_line_scale': 0.6140799020404519, 'gd_line_alpha': 0.6690430283746357, 'coalescence_d_scale': 0.5378356970229059, 'capture_scale': 0.762406331125044}. Best is trial 214 with value: 2.373531962961344.
[I 2026-05-03 20:04:27,764] Trial 333 finished with value: 2.7005977250440094 and parameters: {'rho_global_scale': 0.7153838215448228, 'rho_slope_scale': 0.5010140828960326, 'f_n': 3.3184787318851905e-08, 'K_d': 376495.5218857683, 'fission_rate': 6.4367345610504086e+19, 'Dg_D1_scale': 2.5464837797939324, 'Dg_D3_scale': 3.994480676079689, 'Dv_D1_scale': 0.3419149926762757, 'Dv_D2_scale': 2.038006087043899, 'b_bulk_scale': 0.04706117205601527, 'b_dislocation_scale': 0.3896516691898002, 'gb_scale': 0.7012702615677413, 'gd_bubble_scale': 6.088818809442214, 'gd_line_scale': 1.181233760508762, 'gd_line_alpha': 0.7090419174172017, 'coalescence_d_scale': 0.6568831093360498, 'capture_scale': 1.1615927385919371}. Best is trial 214 with value: 2.373531962961344.
[I 2026-05-03 20:04:34,387] Trial 334 finished with value: 2.5108555606993406 and parameters: {'rho_global_scale': 0.7415005198973915, 'rho_slope_scale': 0.6164020268313501, 'f_n': 1.69572184695219e-08, 'K_d': 408470.51398080343, 'fission_rate': 6.358542451877985e+19, 'Dg_D1_scale': 2.8213423088765652, 'Dg_D3_scale': 3.775837472769763, 'Dv_D1_scale': 0.2853269434939967, 'Dv_D2_scale': 2.290516781182924, 'b_bulk_scale': 0.03896612934619577, 'b_dislocation_scale': 0.42390954998404046, 'gb_scale': 0.5571625425819863, 'gd_bubble_scale': 3.7396140441677455, 'gd_line_scale': 0.47234569068643256, 'gd_line_alpha': 0.7299939248609898, 'coalescence_d_scale': 0.5769489180506053, 'capture_scale': 1.8167396240323501}. Best is trial 214 with value: 2.373531962961344.
[I 2026-05-03 20:04:40,482] Trial 335 finished with value: 2.963039466543457 and parameters: {'rho_global_scale': 0.7285397426132199, 'rho_slope_scale': 0.5659368656263604, 'f_n': 9.4884504493041e-08, 'K_d': 423484.5108771534, 'fission_rate': 6.129370271816765e+19, 'Dg_D1_scale': 2.3348475501179573, 'Dg_D3_scale': 3.333228558339994, 'Dv_D1_scale': 0.26593006085312304, 'Dv_D2_scale': 1.7012498291184155, 'b_bulk_scale': 0.05270947934810307, 'b_dislocation_scale': 0.4510011956433061, 'gb_scale': 0.9083828170247003, 'gd_bubble_scale': 5.324909542503958, 'gd_line_scale': 0.7336341228868937, 'gd_line_alpha': 0.6856682715412794, 'coalescence_d_scale': 0.509234570846799, 'capture_scale': 1.4975139086015323}. Best is trial 214 with value: 2.373531962961344.
[I 2026-05-03 20:04:48,405] Trial 336 finished with value: 5.446073391526495 and parameters: {'rho_global_scale': 1.2550016286936938, 'rho_slope_scale': 0.5203788657823835, 'f_n': 4.7878620087447125e-08, 'K_d': 433188.2150388004, 'fission_rate': 6.207827306757543e+19, 'Dg_D1_scale': 2.1623177437072125, 'Dg_D3_scale': 3.5494479935643652, 'Dv_D1_scale': 3.935130311913861, 'Dv_D2_scale': 2.13851815953535, 'b_bulk_scale': 0.07597709165356004, 'b_dislocation_scale': 0.34996484658720944, 'gb_scale': 0.6267687636856553, 'gd_bubble_scale': 4.502006737690814, 'gd_line_scale': 0.9400946377539939, 'gd_line_alpha': 0.7473277990802494, 'coalescence_d_scale': 0.3956885017175029, 'capture_scale': 0.9395121893737193}. Best is trial 214 with value: 2.373531962961344.
[I 2026-05-03 20:04:50,462] Trial 337 finished with value: 4.7578062725746495 and parameters: {'rho_global_scale': 0.7151092408793926, 'rho_slope_scale': 0.5437369650060808, 'f_n': 7.530072932411093e-08, 'K_d': 411925.4256095502, 'fission_rate': 5.962270319745766e+19, 'Dg_D1_scale': 2.6479835698345062, 'Dg_D3_scale': 3.1560216278049125, 'Dv_D1_scale': 0.31875531455703215, 'Dv_D2_scale': 1.9053385025032563, 'b_bulk_scale': 0.06076126670560316, 'b_dislocation_scale': 2.9298819509745986, 'gb_scale': 0.7555559712520156, 'gd_bubble_scale': 6.291074761058812, 'gd_line_scale': 0.8328227647784088, 'gd_line_alpha': 0.7130064723284834, 'coalescence_d_scale': 0.4699384058844347, 'capture_scale': 1.3103013142200384}. Best is trial 214 with value: 2.373531962961344.
[I 2026-05-03 20:04:58,233] Trial 338 finished with value: 3.0474186769382374 and parameters: {'rho_global_scale': 0.7601214411896811, 'rho_slope_scale': 0.591665886756179, 'f_n': 3.9792945944605005e-08, 'K_d': 403015.676055106, 'fission_rate': 6.459505460841434e+19, 'Dg_D1_scale': 0.8513714846825507, 'Dg_D3_scale': 3.740137747315269, 'Dv_D1_scale': 0.27799386921047764, 'Dv_D2_scale': 1.8161754053746333, 'b_bulk_scale': 0.06814432434010279, 'b_dislocation_scale': 0.26212242071957564, 'gb_scale': 0.5719181945894309, 'gd_bubble_scale': 3.917467253027784, 'gd_line_scale': 1.2217348146397153, 'gd_line_alpha': 0.6511394018822548, 'coalescence_d_scale': 0.6675131886255673, 'capture_scale': 1.050691406959737}. Best is trial 214 with value: 2.373531962961344.
[I 2026-05-03 20:05:04,083] Trial 339 finished with value: 2.958586803704344 and parameters: {'rho_global_scale': 0.7000138025790978, 'rho_slope_scale': 0.5243372690081068, 'f_n': 5.4467669313520867e-08, 'K_d': 417861.8481422906, 'fission_rate': 6.092174291350059e+19, 'Dg_D1_scale': 3.0262362527891495, 'Dg_D3_scale': 3.762908427849398, 'Dv_D1_scale': 0.3748717816691827, 'Dv_D2_scale': 1.9940188382769806, 'b_bulk_scale': 0.03787088571252447, 'b_dislocation_scale': 0.4943409448637369, 'gb_scale': 0.8260076101850939, 'gd_bubble_scale': 5.676403360804266, 'gd_line_scale': 0.5622840130176047, 'gd_line_alpha': 0.6936826293513794, 'coalescence_d_scale': 0.5767457553403812, 'capture_scale': 0.838965691757798}. Best is trial 214 with value: 2.373531962961344.
[I 2026-05-03 20:05:11,664] Trial 340 finished with value: 2.5393659243747675 and parameters: {'rho_global_scale': 0.7427197733037391, 'rho_slope_scale': 0.560810100331939, 'f_n': 9.992582109556221e-08, 'K_d': 445919.26831102953, 'fission_rate': 6.291828771480539e+19, 'Dg_D1_scale': 2.505592258784871, 'Dg_D3_scale': 3.9980782986339425, 'Dv_D1_scale': 0.31095498357993223, 'Dv_D2_scale': 1.636447175432906, 'b_bulk_scale': 0.04355532506273839, 'b_dislocation_scale': 0.37645788628112065, 'gb_scale': 0.4634042137057715, 'gd_bubble_scale': 4.898907171435025, 'gd_line_scale': 1.0159141585357219, 'gd_line_alpha': 0.7542650895485926, 'coalescence_d_scale': 0.4238501541428869, 'capture_scale': 0.7078055002858764}. Best is trial 214 with value: 2.373531962961344.
[I 2026-05-03 20:05:17,591] Trial 341 finished with value: 2.915164878842119 and parameters: {'rho_global_scale': 0.7221202583028713, 'rho_slope_scale': 0.5000021214852062, 'f_n': 6.765572460144183e-08, 'K_d': 390420.36889069364, 'fission_rate': 6.371824941396486e+19, 'Dg_D1_scale': 2.8115616416789866, 'Dg_D3_scale': 3.4200908475548193, 'Dv_D1_scale': 0.4690026398287204, 'Dv_D2_scale': 2.2994014746318534, 'b_bulk_scale': 0.04759747707077032, 'b_dislocation_scale': 0.44458926916748914, 'gb_scale': 0.6736425351115384, 'gd_bubble_scale': 3.49772455561245, 'gd_line_scale': 0.716464105238005, 'gd_line_alpha': 0.7235580047651357, 'coalescence_d_scale': 0.5140478135056177, 'capture_scale': 1.127891077998184}. Best is trial 214 with value: 2.373531962961344.Best trial: 214. Best value: 2.37353:  68%|██████▊   | 341/500 [38:12<17:15,  6.51s/it]Best trial: 214. Best value: 2.37353:  68%|██████▊   | 341/500 [38:12<17:15,  6.51s/it]Best trial: 214. Best value: 2.37353:  68%|██████▊   | 342/500 [38:12<16:40,  6.34s/it]                                                                                       Best trial: 214. Best value: 2.37353:  68%|██████▊   | 342/500 [38:17<16:40,  6.34s/it]Best trial: 214. Best value: 2.37353:  68%|██████▊   | 342/500 [38:17<16:40,  6.34s/it]Best trial: 214. Best value: 2.37353:  69%|██████▊   | 343/500 [38:17<15:29,  5.92s/it]                                                                                       Best trial: 214. Best value: 2.37353:  69%|██████▊   | 343/500 [38:24<15:29,  5.92s/it]Best trial: 214. Best value: 2.37353:  69%|██████▊   | 343/500 [38:24<15:29,  5.92s/it]Best trial: 214. Best value: 2.37353:  69%|██████▉   | 344/500 [38:24<16:16,  6.26s/it]                                                                                       Best trial: 214. Best value: 2.37353:  69%|██████▉   | 344/500 [38:32<16:16,  6.26s/it]Best trial: 214. Best value: 2.37353:  69%|██████▉   | 344/500 [38:33<16:16,  6.26s/it]Best trial: 214. Best value: 2.37353:  69%|██████▉   | 345/500 [38:33<17:35,  6.81s/it]                                                                                       Best trial: 214. Best value: 2.37353:  69%|██████▉   | 345/500 [38:40<17:35,  6.81s/it]Best trial: 214. Best value: 2.37353:  69%|██████▉   | 345/500 [38:40<17:35,  6.81s/it]Best trial: 214. Best value: 2.37353:  69%|██████▉   | 346/500 [38:40<18:10,  7.08s/it]                                                                                       Best trial: 214. Best value: 2.37353:  69%|██████▉   | 346/500 [38:46<18:10,  7.08s/it]Best trial: 214. Best value: 2.37353:  69%|██████▉   | 346/500 [38:46<18:10,  7.08s/it]Best trial: 214. Best value: 2.37353:  69%|██████▉   | 347/500 [38:46<17:11,  6.74s/it]                                                                                       Best trial: 214. Best value: 2.37353:  69%|██████▉   | 347/500 [38:54<17:11,  6.74s/it]Best trial: 214. Best value: 2.37353:  69%|██████▉   | 347/500 [38:54<17:11,  6.74s/it]Best trial: 214. Best value: 2.37353:  70%|██████▉   | 348/500 [38:54<17:59,  7.10s/it]                                                                                       Best trial: 214. Best value: 2.37353:  70%|██████▉   | 348/500 [39:01<17:59,  7.10s/it]Best trial: 214. Best value: 2.37353:  70%|██████▉   | 348/500 [39:01<17:59,  7.10s/it]Best trial: 214. Best value: 2.37353:  70%|██████▉   | 349/500 [39:01<17:59,  7.15s/it]                                                                                       Best trial: 214. Best value: 2.37353:  70%|██████▉   | 349/500 [39:09<17:59,  7.15s/it]Best trial: 214. Best value: 2.37353:  70%|██████▉   | 349/500 [39:09<17:59,  7.15s/it]Best trial: 214. Best value: 2.37353:  70%|███████   | 350/500 [39:09<18:27,  7.38s/it]                                                                                       Best trial: 214. Best value: 2.37353:  70%|███████   | 350/500 [39:16<18:27,  7.38s/it]Best trial: 214. Best value: 2.37353:  70%|███████   | 350/500 [39:16<18:27,  7.38s/it]Best trial: 214. Best value: 2.37353:  70%|███████   | 351/500 [39:16<17:30,  7.05s/it]                                                                                       Best trial: 214. Best value: 2.37353:  70%|███████   | 351/500 [39:23<17:30,  7.05s/it]Best trial: 214. Best value: 2.37353:  70%|███████   | 351/500 [39:23<17:30,  7.05s/it]Best trial: 214. Best value: 2.37353:  70%|███████   | 352/500 [39:23<17:38,  7.15s/it]                                                                                       
[I 2026-05-03 20:05:22,545] Trial 342 finished with value: 2.4415281314832447 and parameters: {'rho_global_scale': 0.7383927025907217, 'rho_slope_scale': 0.5206801002357628, 'f_n': 2.8218285375392373e-08, 'K_d': 460703.25475007726, 'fission_rate': 6.181451134699957e+19, 'Dg_D1_scale': 2.0742113431111315, 'Dg_D3_scale': 3.5401076140740204, 'Dv_D1_scale': 0.2624392059780807, 'Dv_D2_scale': 2.074148453738877, 'b_bulk_scale': 0.03904284278379034, 'b_dislocation_scale': 0.5111456899568482, 'gb_scale': 0.5105658176737051, 'gd_bubble_scale': 4.234644360996251, 'gd_line_scale': 0.9060497093392451, 'gd_line_alpha': 0.6745111880587725, 'coalescence_d_scale': 0.6071388805987181, 'capture_scale': 0.8755694769090918}. Best is trial 214 with value: 2.373531962961344.
[I 2026-05-03 20:05:29,607] Trial 343 finished with value: 2.426454399756173 and parameters: {'rho_global_scale': 0.7338450146377041, 'rho_slope_scale': 0.5417171388847065, 'f_n': 2.3388598286239967e-08, 'K_d': 484398.3235776521, 'fission_rate': 6.223515556783294e+19, 'Dg_D1_scale': 2.043004665341024, 'Dg_D3_scale': 3.998764137883868, 'Dv_D1_scale': 0.2650355345414568, 'Dv_D2_scale': 2.1266941807098827, 'b_bulk_scale': 0.04101953513786857, 'b_dislocation_scale': 0.4990560198013516, 'gb_scale': 0.502658451030083, 'gd_bubble_scale': 4.167114090795794, 'gd_line_scale': 0.8605789080943773, 'gd_line_alpha': 0.6384893983218957, 'coalescence_d_scale': 0.5962761027770245, 'capture_scale': 0.9386133853881327}. Best is trial 214 with value: 2.373531962961344.
[I 2026-05-03 20:05:37,687] Trial 344 finished with value: 3.930634210575293 and parameters: {'rho_global_scale': 0.7132124114738999, 'rho_slope_scale': 0.57105750951762, 'f_n': 2.15581358155721e-08, 'K_d': 460618.51100188517, 'fission_rate': 6.1734101048327864e+19, 'Dg_D1_scale': 1.9357706361478404, 'Dg_D3_scale': 3.5687066793328532, 'Dv_D1_scale': 0.26185825496891707, 'Dv_D2_scale': 2.1982542086819876, 'b_bulk_scale': 0.03950765516081928, 'b_dislocation_scale': 0.5134847667712175, 'gb_scale': 0.49103340562398307, 'gd_bubble_scale': 4.262389093820416, 'gd_line_scale': 7.6500008761129346, 'gd_line_alpha': 0.6465886545158197, 'coalescence_d_scale': 0.6083936590972775, 'capture_scale': 0.930200442437112}. Best is trial 214 with value: 2.373531962961344.
[I 2026-05-03 20:05:45,407] Trial 345 finished with value: 2.8337086003777894 and parameters: {'rho_global_scale': 0.7296282703712946, 'rho_slope_scale': 2.0736199365844765, 'f_n': 2.6167460147644007e-08, 'K_d': 461071.25490655855, 'fission_rate': 6.0469134957512565e+19, 'Dg_D1_scale': 1.8208674357539352, 'Dg_D3_scale': 3.742600629886652, 'Dv_D1_scale': 0.26113722829661323, 'Dv_D2_scale': 1.979906613912884, 'b_bulk_scale': 0.03916804657211932, 'b_dislocation_scale': 0.5027252950529362, 'gb_scale': 0.5015235090186202, 'gd_bubble_scale': 4.67123407102335, 'gd_line_scale': 0.8242791440600796, 'gd_line_alpha': 0.6680506569800513, 'coalescence_d_scale': 0.6666536825275642, 'capture_scale': 1.0359369232685463}. Best is trial 214 with value: 2.373531962961344.
[I 2026-05-03 20:05:51,362] Trial 346 finished with value: 2.774593005272617 and parameters: {'rho_global_scale': 0.7410735506291675, 'rho_slope_scale': 0.6326752439595168, 'f_n': 2.9260093470929115e-08, 'K_d': 447335.22469424247, 'fission_rate': 6.2207474680060666e+19, 'Dg_D1_scale': 2.0548223814119564, 'Dg_D3_scale': 3.2912191836258846, 'Dv_D1_scale': 0.2800696592602615, 'Dv_D2_scale': 2.3511457968682756, 'b_bulk_scale': 0.05155943478703515, 'b_dislocation_scale': 0.4032815314627244, 'gb_scale': 0.4614056787061943, 'gd_bubble_scale': 5.318905372192857, 'gd_line_scale': 0.8937195762141872, 'gd_line_alpha': 0.6322223763217834, 'coalescence_d_scale': 0.5605423929948812, 'capture_scale': 0.8210383366250971}. Best is trial 214 with value: 2.373531962961344.
[I 2026-05-03 20:05:59,294] Trial 347 finished with value: 3.0164676035416256 and parameters: {'rho_global_scale': 0.7639276368697029, 'rho_slope_scale': 0.5490160884909819, 'f_n': 3.4709345304296974e-08, 'K_d': 489096.8961925958, 'fission_rate': 6.145696472201787e+19, 'Dg_D1_scale': 2.064517899855322, 'Dg_D3_scale': 3.5569207484167173, 'Dv_D1_scale': 0.2902159109624574, 'Dv_D2_scale': 1.7455998138454765, 'b_bulk_scale': 0.04232437332990274, 'b_dislocation_scale': 0.3104709224097938, 'gb_scale': 0.5366117879035186, 'gd_bubble_scale': 6.629269047389687, 'gd_line_scale': 0.7569954861179923, 'gd_line_alpha': 0.6987705382373224, 'coalescence_d_scale': 0.6153097126910473, 'capture_scale': 1.2182133701405833}. Best is trial 214 with value: 2.373531962961344.
