[I 2026-05-03 20:14:31,946] Trial 421 finished with value: 2.916741471299302 and parameters: {'rho_global_scale': 0.7560820545396149, 'rho_slope_scale': 0.5378335808860852, 'f_n': 1.2331381993990224e-07, 'K_d': 454376.93025154626, 'fission_rate': 6.157174787821536e+19, 'Dg_D1_scale': 2.945654458255035, 'Dg_D3_scale': 0.585708669558422, 'Dv_D1_scale': 0.42817952013846733, 'Dv_D2_scale': 2.4446363477444852, 'b_bulk_scale': 0.046471823224090096, 'b_dislocation_scale': 0.3346582806586852, 'gb_scale': 0.6601538185207486, 'gd_bubble_scale': 3.5857590045547973, 'gd_line_scale': 0.6590810825030269, 'gd_line_alpha': 0.7440749927458082, 'coalescence_d_scale': 0.7472024302453844, 'capture_scale': 1.1850472755739077}. Best is trial 214 with value: 2.373531962961344.
[I 2026-05-03 20:14:39,156] Trial 422 finished with value: 2.505168203303186 and parameters: {'rho_global_scale': 0.7285975619755821, 'rho_slope_scale': 0.5656701417900128, 'f_n': 9.291443230212146e-08, 'K_d': 399137.9742796649, 'fission_rate': 6.295842563523729e+19, 'Dg_D1_scale': 2.7048448650390977, 'Dg_D3_scale': 3.5193292717883846, 'Dv_D1_scale': 0.27176139122448945, 'Dv_D2_scale': 0.9279442551429659, 'b_bulk_scale': 0.05141241312366758, 'b_dislocation_scale': 0.42217849341934194, 'gb_scale': 0.8037650139664693, 'gd_bubble_scale': 4.215409018679466, 'gd_line_scale': 1.5204645595240283, 'gd_line_alpha': 0.713839502705729, 'coalescence_d_scale': 0.4495599332807967, 'capture_scale': 1.903705412915969}. Best is trial 214 with value: 2.373531962961344.
[I 2026-05-03 20:14:46,718] Trial 423 finished with value: 2.580421158648469 and parameters: {'rho_global_scale': 0.7396163184540221, 'rho_slope_scale': 0.5215095651160575, 'f_n': 3.751649180637901e-08, 'K_d': 417667.0406264999, 'fission_rate': 6.104487689707346e+19, 'Dg_D1_scale': 3.226648494026977, 'Dg_D3_scale': 3.748347998959264, 'Dv_D1_scale': 0.3236174952723427, 'Dv_D2_scale': 2.0744136039176273, 'b_bulk_scale': 0.04201351151797512, 'b_dislocation_scale': 0.49935859649423714, 'gb_scale': 0.4765395197531242, 'gd_bubble_scale': 4.573340800612443, 'gd_line_scale': 1.1514144085566242, 'gd_line_alpha': 0.6792615288893314, 'coalescence_d_scale': 0.3612404627828779, 'capture_scale': 0.8616998689939062}. Best is trial 214 with value: 2.373531962961344.
[I 2026-05-03 20:14:54,291] Trial 424 finished with value: 3.821272012795488 and parameters: {'rho_global_scale': 0.7739050811765532, 'rho_slope_scale': 0.5428491932483048, 'f_n': 1.8306024776937784e-08, 'K_d': 435360.6473120647, 'fission_rate': 6.3519396784247955e+19, 'Dg_D1_scale': 2.337171909537574, 'Dg_D3_scale': 3.353525573008682, 'Dv_D1_scale': 1.3715196358921329, 'Dv_D2_scale': 2.38999013811377, 'b_bulk_scale': 0.03509154892845022, 'b_dislocation_scale': 0.37484920016196743, 'gb_scale': 0.3863750507273591, 'gd_bubble_scale': 5.391062258980476, 'gd_line_scale': 0.5877831663996201, 'gd_line_alpha': 0.7655275385414161, 'coalescence_d_scale': 0.5398192466992355, 'capture_scale': 1.011249004967376}. Best is trial 214 with value: 2.373531962961344.
[I 2026-05-03 20:14:58,878] Trial 425 finished with value: 2.848774929805502 and parameters: {'rho_global_scale': 0.7154472445630898, 'rho_slope_scale': 0.5899509812715057, 'f_n': 1.5742198140805638e-07, 'K_d': 445816.4383038252, 'fission_rate': 6.488147256288706e+19, 'Dg_D1_scale': 0.7297292562755681, 'Dg_D3_scale': 3.0383441880004303, 'Dv_D1_scale': 0.23633162765654503, 'Dv_D2_scale': 2.1969782543759595, 'b_bulk_scale': 0.0677148458627556, 'b_dislocation_scale': 0.4486991406087807, 'gb_scale': 0.7330086286411525, 'gd_bubble_scale': 7.007975195623904, 'gd_line_scale': 0.900682825246607, 'gd_line_alpha': 0.7317723261666746, 'coalescence_d_scale': 0.6162913643718487, 'capture_scale': 0.8244992284240416}. Best is trial 214 with value: 2.373531962961344.
[I 2026-05-03 20:15:06,660] Trial 426 finished with value: 2.9059338721846184 and parameters: {'rho_global_scale': 0.7549087792631911, 'rho_slope_scale': 0.5192512449300918, 'f_n': 6.6620060271086805e-09, 'K_d': 409037.77542847156, 'fission_rate': 6.220183031864016e+19, 'Dg_D1_scale': 1.7231744481989977, 'Dg_D3_scale': 3.985337610544489, 'Dv_D1_scale': 0.3702774226594882, 'Dv_D2_scale': 1.9605294417946988, 'b_bulk_scale': 0.0888831506986708, 'b_dislocation_scale': 0.5811607578126435, 'gb_scale': 0.58570598034404, 'gd_bubble_scale': 2.8524731084788133, 'gd_line_scale': 1.344924989206828, 'gd_line_alpha': 0.6525074093329659, 'coalescence_d_scale': 0.49909382213616266, 'capture_scale': 0.6697233280266071}. Best is trial 214 with value: 2.373531962961344.
[I 2026-05-03 20:15:14,530] Trial 427 finished with value: 2.491288706099107 and parameters: {'rho_global_scale': 0.7268887347646751, 'rho_slope_scale': 0.5566347884129523, 'f_n': 4.541974596576397e-08, 'K_d': 390754.8928845943, 'fission_rate': 5.995705276751637e+19, 'Dg_D1_scale': 2.56093391047348, 'Dg_D3_scale': 3.5645465153283764, 'Dv_D1_scale': 0.26203436916059925, 'Dv_D2_scale': 1.837974358041437, 'b_bulk_scale': 0.03862454462667778, 'b_dislocation_scale': 0.31636309031988447, 'gb_scale': 0.6660044126484556, 'gd_bubble_scale': 5.822680020193621, 'gd_line_scale': 0.7179894792158256, 'gd_line_alpha': 0.2875125489828805, 'coalescence_d_scale': 0.6943497457772776, 'capture_scale': 1.286902612010143}. Best is trial 214 with value: 2.373531962961344.
[I 2026-05-03 20:15:22,543] Trial 428 finished with value: 2.454045292340656 and parameters: {'rho_global_scale': 0.7008767212127958, 'rho_slope_scale': 0.5007391356467898, 'f_n': 6.352666786766464e-08, 'K_d': 427227.101287786, 'fission_rate': 5.763744615029012e+19, 'Dg_D1_scale': 1.9956962294234537, 'Dg_D3_scale': 3.986721566097404, 'Dv_D1_scale': 0.2848048571486486, 'Dv_D2_scale': 2.2833811413643783, 'b_bulk_scale': 0.05833210900788566, 'b_dislocation_scale': 0.40751330920236645, 'gb_scale': 0.5275903981663246, 'gd_bubble_scale': 4.102512409376208, 'gd_line_scale': 1.051973257020104, 'gd_line_alpha': 0.6982717754132808, 'coalescence_d_scale': 0.5581985528292442, 'capture_scale': 1.0832503470698658}. Best is trial 214 with value: 2.373531962961344.
[I 2026-05-03 20:15:28,047] Trial 429 finished with value: 3.2157091047606055 and parameters: {'rho_global_scale': 0.7379427068370176, 'rho_slope_scale': 0.5020977882879379, 'f_n': 5.452531438044436e-08, 'K_d': 431903.2724399985, 'fission_rate': 5.854845085090852e+19, 'Dg_D1_scale': 1.9352398403578843, 'Dg_D3_scale': 3.99512855950871, 'Dv_D1_scale': 3.5523755833963344, 'Dv_D2_scale': 2.2463778554217035, 'b_bulk_scale': 0.055851066302358705, 'b_dislocation_scale': 0.39936448731253366, 'gb_scale': 0.5305352078886297, 'gd_bubble_scale': 3.4422965026318955, 'gd_line_scale': 1.057212740918481, 'gd_line_alpha': 0.6896145592537353, 'coalescence_d_scale': 0.5441811471319001, 'capture_scale': 1.1985405656105768}. Best is trial 214 with value: 2.373531962961344.Best trial: 214. Best value: 2.37353:  86%|████████▌ | 429/500 [48:23<08:43,  7.38s/it]Best trial: 214. Best value: 2.37353:  86%|████████▌ | 429/500 [48:23<08:43,  7.38s/it]Best trial: 214. Best value: 2.37353:  86%|████████▌ | 430/500 [48:23<07:57,  6.82s/it]                                                                                       Best trial: 214. Best value: 2.37353:  86%|████████▌ | 430/500 [48:32<07:57,  6.82s/it]Best trial: 214. Best value: 2.37353:  86%|████████▌ | 430/500 [48:32<07:57,  6.82s/it]Best trial: 214. Best value: 2.37353:  86%|████████▌ | 431/500 [48:32<08:29,  7.38s/it]                                                                                       Best trial: 214. Best value: 2.37353:  86%|████████▌ | 431/500 [48:40<08:29,  7.38s/it]Best trial: 214. Best value: 2.37353:  86%|████████▌ | 431/500 [48:40<08:29,  7.38s/it]Best trial: 214. Best value: 2.37353:  86%|████████▋ | 432/500 [48:40<08:43,  7.70s/it]                                                                                       Best trial: 214. Best value: 2.37353:  86%|████████▋ | 432/500 [48:48<08:43,  7.70s/it]Best trial: 214. Best value: 2.37353:  86%|████████▋ | 432/500 [48:48<08:43,  7.70s/it]Best trial: 214. Best value: 2.37353:  87%|████████▋ | 433/500 [48:48<08:37,  7.72s/it]                                                                                       Best trial: 214. Best value: 2.37353:  87%|████████▋ | 433/500 [48:54<08:37,  7.72s/it]Best trial: 214. Best value: 2.37353:  87%|████████▋ | 433/500 [48:54<08:37,  7.72s/it]Best trial: 214. Best value: 2.37353:  87%|████████▋ | 434/500 [48:54<08:01,  7.30s/it]                                                                                       Best trial: 214. Best value: 2.37353:  87%|████████▋ | 434/500 [49:01<08:01,  7.30s/it]Best trial: 214. Best value: 2.37353:  87%|████████▋ | 434/500 [49:01<08:01,  7.30s/it]Best trial: 214. Best value: 2.37353:  87%|████████▋ | 435/500 [49:01<07:51,  7.26s/it]                                                                                       Best trial: 214. Best value: 2.37353:  87%|████████▋ | 435/500 [49:10<07:51,  7.26s/it]Best trial: 214. Best value: 2.37353:  87%|████████▋ | 435/500 [49:10<07:51,  7.26s/it]Best trial: 214. Best value: 2.37353:  87%|████████▋ | 436/500 [49:10<08:16,  7.76s/it]                                                                                       Best trial: 214. Best value: 2.37353:  87%|████████▋ | 436/500 [49:18<08:16,  7.76s/it]Best trial: 214. Best value: 2.37353:  87%|████████▋ | 436/500 [49:18<08:16,  7.76s/it]Best trial: 214. Best value: 2.37353:  87%|████████▋ | 437/500 [49:18<08:05,  7.70s/it]                                                                                       Best trial: 214. Best value: 2.37353:  87%|████████▋ | 437/500 [49:23<08:05,  7.70s/it]Best trial: 214. Best value: 2.37353:  87%|████████▋ | 437/500 [49:23<08:05,  7.70s/it]Best trial: 214. Best value: 2.37353:  88%|████████▊ | 438/500 [49:23<07:05,  6.87s/it]                                                                                       Best trial: 214. Best value: 2.37353:  88%|████████▊ | 438/500 [49:31<07:05,  6.87s/it]Best trial: 214. Best value: 2.37353:  88%|████████▊ | 438/500 [49:31<07:05,  6.87s/it]Best trial: 214. Best value: 2.37353:  88%|████████▊ | 439/500 [49:31<07:25,  7.31s/it]                                                                                       Best trial: 214. Best value: 2.37353:  88%|████████▊ | 439/500 [49:38<07:25,  7.31s/it]Best trial: 214. Best value: 2.37353:  88%|████████▊ | 439/500 [49:39<07:25,  7.31s/it]Best trial: 214. Best value: 2.37353:  88%|████████▊ | 440/500 [49:39<07:20,  7.35s/it]                                                                                       
[I 2026-05-03 20:15:36,745] Trial 430 finished with value: 4.4331670968859695 and parameters: {'rho_global_scale': 0.7140623507796184, 'rho_slope_scale': 0.5010514039469414, 'f_n': 5.947575479705482e-08, 'K_d': 422629.08460001845, 'fission_rate': 5.473850883227642e+19, 'Dg_D1_scale': 2.0164100728155074, 'Dg_D3_scale': 3.710225452503099, 'Dv_D1_scale': 1.8028786687338054, 'Dv_D2_scale': 2.0772420507162472, 'b_bulk_scale': 0.0605237704489874, 'b_dislocation_scale': 0.2657086567122608, 'gb_scale': 0.6095057219585817, 'gd_bubble_scale': 4.097664841007777, 'gd_line_scale': 1.2088811394749064, 'gd_line_alpha': 0.6683070339568074, 'coalescence_d_scale': 0.4694273979112951, 'capture_scale': 1.0773297507894155}. Best is trial 214 with value: 2.373531962961344.
[I 2026-05-03 20:15:45,204] Trial 431 finished with value: 2.568362408897049 and parameters: {'rho_global_scale': 0.7609781300596968, 'rho_slope_scale': 0.5205316170584856, 'f_n': 7.09265952261812e-08, 'K_d': 413796.1539222717, 'fission_rate': 5.607991910856399e+19, 'Dg_D1_scale': 2.1134998559863125, 'Dg_D3_scale': 3.9762830443041954, 'Dv_D1_scale': 0.28707804476758986, 'Dv_D2_scale': 2.3011858202881905, 'b_bulk_scale': 0.0784178756081182, 'b_dislocation_scale': 0.36788513875316836, 'gb_scale': 0.5229476359580618, 'gd_bubble_scale': 3.1570073382070594, 'gd_line_scale': 0.9756722014356084, 'gd_line_alpha': 0.7067465608191117, 'coalescence_d_scale': 0.5743165852949206, 'capture_scale': 1.452351241411092}. Best is trial 214 with value: 2.373531962961344.
[I 2026-05-03 20:15:52,978] Trial 432 finished with value: 3.209831566464071 and parameters: {'rho_global_scale': 0.7000996550267358, 'rho_slope_scale': 0.5446222139202365, 'f_n': 3.3483103099909686e-08, 'K_d': 430165.8859027705, 'fission_rate': 6.285697957976377e+19, 'Dg_D1_scale': 1.808033436051224, 'Dg_D3_scale': 3.7732761169947953, 'Dv_D1_scale': 0.3017233020204834, 'Dv_D2_scale': 1.69778899007126, 'b_bulk_scale': 0.29050435358547533, 'b_dislocation_scale': 0.33687195074165815, 'gb_scale': 0.7187206580036599, 'gd_bubble_scale': 3.7162647873136443, 'gd_line_scale': 1.1214324382825214, 'gd_line_alpha': 0.6843292320738049, 'coalescence_d_scale': 0.519271265621953, 'capture_scale': 0.9249497017219275}. Best is trial 214 with value: 2.373531962961344.
[I 2026-05-03 20:15:59,274] Trial 433 finished with value: 2.9129585487754723 and parameters: {'rho_global_scale': 0.7278068664535305, 'rho_slope_scale': 0.522355422983362, 'f_n': 2.941678706990904e-08, 'K_d': 403762.40105700685, 'fission_rate': 5.894703265811506e+19, 'Dg_D1_scale': 2.199070870502826, 'Dg_D3_scale': 3.9997419843157225, 'Dv_D1_scale': 0.33989744451937304, 'Dv_D2_scale': 2.027493100669015, 'b_bulk_scale': 0.06575888324141407, 'b_dislocation_scale': 0.4266285094028488, 'gb_scale': 0.5670887525041248, 'gd_bubble_scale': 4.58883775147888, 'gd_line_scale': 1.3055720224966891, 'gd_line_alpha': 0.6370019207530799, 'coalescence_d_scale': 0.405182730640273, 'capture_scale': 1.105710195575712}. Best is trial 214 with value: 2.373531962961344.
[I 2026-05-03 20:16:06,451] Trial 434 finished with value: 2.660304805310083 and parameters: {'rho_global_scale': 0.7469877829312284, 'rho_slope_scale': 0.6245827296003094, 'f_n': 4.456911531988399e-08, 'K_d': 441213.6410106995, 'fission_rate': 5.7430173418159645e+19, 'Dg_D1_scale': 2.294763512634591, 'Dg_D3_scale': 3.666634981199392, 'Dv_D1_scale': 0.2788861714692134, 'Dv_D2_scale': 2.1463572297721476, 'b_bulk_scale': 0.05701199990635933, 'b_dislocation_scale': 0.4074629192516014, 'gb_scale': 0.6364738538112017, 'gd_bubble_scale': 4.100898471981928, 'gd_line_scale': 0.5052854531507107, 'gd_line_alpha': 0.8731887290663625, 'coalescence_d_scale': 0.46108651837532244, 'capture_scale': 0.9620920915512826}. Best is trial 214 with value: 2.373531962961344.
[I 2026-05-03 20:16:15,373] Trial 435 finished with value: 3.1313285685288426 and parameters: {'rho_global_scale': 0.7779862693749585, 'rho_slope_scale': 0.5731109062333918, 'f_n': 2.4068418697601504e-08, 'K_d': 418183.6243610259, 'fission_rate': 5.232851773375337e+19, 'Dg_D1_scale': 1.6130903168382775, 'Dg_D3_scale': 3.566092503693374, 'Dv_D1_scale': 0.3207233217581101, 'Dv_D2_scale': 1.9318896215679306, 'b_bulk_scale': 0.05010614463315932, 'b_dislocation_scale': 0.46135298300800354, 'gb_scale': 0.47266170535578794, 'gd_bubble_scale': 5.14897915278751, 'gd_line_scale': 1.4089514153012754, 'gd_line_alpha': 0.7066262469809476, 'coalescence_d_scale': 0.6003457910985659, 'capture_scale': 1.3704529048079543}. Best is trial 214 with value: 2.373531962961344.
[I 2026-05-03 20:16:22,935] Trial 436 finished with value: 2.916527173618012 and parameters: {'rho_global_scale': 1.1533117950741343, 'rho_slope_scale': 0.5381520398653779, 'f_n': 6.386260609764215e-08, 'K_d': 380873.4692221001, 'fission_rate': 6.398004376963564e+19, 'Dg_D1_scale': 2.0879110209012945, 'Dg_D3_scale': 3.7815445786041524, 'Dv_D1_scale': 0.2980559479884876, 'Dv_D2_scale': 1.765438624520377, 'b_bulk_scale': 0.06394253014582409, 'b_dislocation_scale': 0.3581242220988577, 'gb_scale': 0.8715152610207634, 'gd_bubble_scale': 4.669209265133965, 'gd_line_scale': 1.0190297823250953, 'gd_line_alpha': 0.6649179960096199, 'coalescence_d_scale': 0.514674505625142, 'capture_scale': 1.6570592735393905}. Best is trial 214 with value: 2.373531962961344.
[I 2026-05-03 20:16:27,852] Trial 437 finished with value: 2.5842347925292475 and parameters: {'rho_global_scale': 0.7235880215011846, 'rho_slope_scale': 0.5213792028579393, 'f_n': 7.797390685812088e-08, 'K_d': 461254.8186808507, 'fission_rate': 5.79978166198744e+19, 'Dg_D1_scale': 2.424536471674935, 'Dg_D3_scale': 0.6713438485142967, 'Dv_D1_scale': 0.27920830745069064, 'Dv_D2_scale': 2.324986899749799, 'b_bulk_scale': 0.05238724270032217, 'b_dislocation_scale': 0.38553078837468435, 'gb_scale': 0.7801971827658386, 'gd_bubble_scale': 3.9129692020700935, 'gd_line_scale': 1.1933945854405348, 'gd_line_alpha': 0.6169845081716773, 'coalescence_d_scale': 0.4264650413948421, 'capture_scale': 1.1999180646281935}. Best is trial 214 with value: 2.373531962961344.
[I 2026-05-03 20:16:36,189] Trial 438 finished with value: 2.5616427724043396 and parameters: {'rho_global_scale': 0.7401009631235826, 'rho_slope_scale': 0.5595075172388014, 'f_n': 4.0297814454550525e-08, 'K_d': 428045.6027339286, 'fission_rate': 5.6684033229446595e+19, 'Dg_D1_scale': 2.786355165583464, 'Dg_D3_scale': 3.998547146931495, 'Dv_D1_scale': 0.38602569198671965, 'Dv_D2_scale': 2.16028193023145, 'b_bulk_scale': 0.04625478326540252, 'b_dislocation_scale': 0.29919373471796495, 'gb_scale': 0.5613656466667141, 'gd_bubble_scale': 5.019260043117706, 'gd_line_scale': 0.39365841751958297, 'gd_line_alpha': 0.6904799742701931, 'coalescence_d_scale': 0.5654829241656754, 'capture_scale': 1.0510983603438833}. Best is trial 214 with value: 2.373531962961344.
[I 2026-05-03 20:16:43,637] Trial 439 finished with value: 2.576274469229654 and parameters: {'rho_global_scale': 0.7136533112793729, 'rho_slope_scale': 0.5205294730015905, 'f_n': 8.754293828884135e-08, 'K_d': 410404.27047034755, 'fission_rate': 6.1457401343870706e+19, 'Dg_D1_scale': 2.010738001208215, 'Dg_D3_scale': 3.4472622723220114, 'Dv_D1_scale': 0.35671961911166883, 'Dv_D2_scale': 1.8580468698559953, 'b_bulk_scale': 0.1042602577224187, 'b_dislocation_scale': 0.4352397630538189, 'gb_scale': 0.6707534741717729, 'gd_bubble_scale': 4.360928932873203, 'gd_line_scale': 0.8629851140160449, 'gd_line_alpha': 0.7202631087698829, 'coalescence_d_scale': 0.6372675269044645, 'capture_scale': 0.8780085078811748}. Best is trial 214 with value: 2.373531962961344.
