[I 2026-05-03 19:53:38,856] Trial 238 finished with value: 3.0011009457336812 and parameters: {'rho_global_scale': 1.5256702879762285, 'rho_slope_scale': 0.5017290062298955, 'f_n': 1.229715182240403e-07, 'K_d': 771343.4205214023, 'fission_rate': 6.769275364874702e+19, 'Dg_D1_scale': 3.5162112144716993, 'Dg_D3_scale': 3.191439883850056, 'Dv_D1_scale': 0.20103798636777426, 'Dv_D2_scale': 3.4875809431278224, 'b_bulk_scale': 0.03353759065353209, 'b_dislocation_scale': 0.748658273379997, 'gb_scale': 0.4161784604619632, 'gd_bubble_scale': 8.810039398027396, 'gd_line_scale': 0.9493958392594009, 'gd_line_alpha': 0.7705666091302723, 'coalescence_d_scale': 0.7566186287453704, 'capture_scale': 1.036740576540186}. Best is trial 214 with value: 2.373531962961344.
[I 2026-05-03 19:53:43,830] Trial 239 finished with value: 2.419492047330602 and parameters: {'rho_global_scale': 0.7904632585494948, 'rho_slope_scale': 0.5312997131833229, 'f_n': 1.9205057644028908e-07, 'K_d': 411036.85056256806, 'fission_rate': 6.583203331694835e+19, 'Dg_D1_scale': 3.73164629961444, 'Dg_D3_scale': 3.990546223829547, 'Dv_D1_scale': 0.22473125931106017, 'Dv_D2_scale': 2.5671683569230597, 'b_bulk_scale': 0.030051747609741546, 'b_dislocation_scale': 0.5615692363947323, 'gb_scale': 0.3398482721611452, 'gd_bubble_scale': 7.471072584909705, 'gd_line_scale': 1.4676893767655368, 'gd_line_alpha': 0.7542408230109359, 'coalescence_d_scale': 0.8800852021641807, 'capture_scale': 0.8603407131847575}. Best is trial 214 with value: 2.373531962961344.
[I 2026-05-03 19:53:50,620] Trial 240 finished with value: 2.596335203401832 and parameters: {'rho_global_scale': 0.7906791047579212, 'rho_slope_scale': 0.5289861174602833, 'f_n': 1.85554069630854e-07, 'K_d': 719899.8336287389, 'fission_rate': 6.639459418985628e+19, 'Dg_D1_scale': 3.7858440625326994, 'Dg_D3_scale': 3.981754445898259, 'Dv_D1_scale': 0.2394948707357854, 'Dv_D2_scale': 2.5105965705850357, 'b_bulk_scale': 0.03805613364731173, 'b_dislocation_scale': 0.5470093478922566, 'gb_scale': 0.35133275891657445, 'gd_bubble_scale': 6.734323596516911, 'gd_line_scale': 1.4056011841694172, 'gd_line_alpha': 0.8819025489268739, 'coalescence_d_scale': 0.991977202620422, 'capture_scale': 0.9072638319704823}. Best is trial 214 with value: 2.373531962961344.
[I 2026-05-03 19:53:57,257] Trial 241 finished with value: 2.5020630901446483 and parameters: {'rho_global_scale': 0.768835893843167, 'rho_slope_scale': 0.5474413842707542, 'f_n': 1.471108126452977e-07, 'K_d': 753752.4183672548, 'fission_rate': 6.549641705587252e+19, 'Dg_D1_scale': 3.4993723142976387, 'Dg_D3_scale': 3.6768724447518446, 'Dv_D1_scale': 0.22347088086104716, 'Dv_D2_scale': 2.6046765117795467, 'b_bulk_scale': 0.03254616910221843, 'b_dislocation_scale': 0.5670981110161429, 'gb_scale': 0.40324921522673207, 'gd_bubble_scale': 7.428926398657111, 'gd_line_scale': 1.2467919528211215, 'gd_line_alpha': 0.7463981697894139, 'coalescence_d_scale': 0.8578734988972276, 'capture_scale': 0.7930508902576462}. Best is trial 214 with value: 2.373531962961344.
[I 2026-05-03 19:54:03,775] Trial 242 finished with value: 2.4694973510056637 and parameters: {'rho_global_scale': 0.7519742903032588, 'rho_slope_scale': 0.5225428801465346, 'f_n': 1.433482306346325e-07, 'K_d': 756724.6794416048, 'fission_rate': 6.560401810660848e+19, 'Dg_D1_scale': 3.4335687992371344, 'Dg_D3_scale': 3.715106005916758, 'Dv_D1_scale': 0.2241816871739847, 'Dv_D2_scale': 2.591908593098036, 'b_bulk_scale': 0.033015658874175055, 'b_dislocation_scale': 0.5790999602265698, 'gb_scale': 0.40969756532327334, 'gd_bubble_scale': 7.267633582038482, 'gd_line_scale': 1.262025648828211, 'gd_line_alpha': 0.7631553911799087, 'coalescence_d_scale': 0.869319183732534, 'capture_scale': 0.684656331726705}. Best is trial 214 with value: 2.373531962961344.Best trial: 214. Best value: 2.37353:  48%|████▊     | 242/500 [26:59<27:46,  6.46s/it]Best trial: 214. Best value: 2.37353:  48%|████▊     | 242/500 [26:59<27:46,  6.46s/it]Best trial: 214. Best value: 2.37353:  49%|████▊     | 243/500 [26:59<27:44,  6.48s/it]                                                                                       Best trial: 214. Best value: 2.37353:  49%|████▊     | 243/500 [27:05<27:44,  6.48s/it]Best trial: 214. Best value: 2.37353:  49%|████▊     | 243/500 [27:05<27:44,  6.48s/it]Best trial: 214. Best value: 2.37353:  49%|████▉     | 244/500 [27:05<27:37,  6.48s/it]                                                                                       Best trial: 214. Best value: 2.37353:  49%|████▉     | 244/500 [27:09<27:37,  6.48s/it]Best trial: 214. Best value: 2.37353:  49%|████▉     | 244/500 [27:10<27:37,  6.48s/it]Best trial: 214. Best value: 2.37353:  49%|████▉     | 245/500 [27:10<24:56,  5.87s/it]                                                                                       Best trial: 214. Best value: 2.37353:  49%|████▉     | 245/500 [27:16<24:56,  5.87s/it]Best trial: 214. Best value: 2.37353:  49%|████▉     | 245/500 [27:16<24:56,  5.87s/it]Best trial: 214. Best value: 2.37353:  49%|████▉     | 246/500 [27:16<25:26,  6.01s/it]                                                                                       Best trial: 214. Best value: 2.37353:  49%|████▉     | 246/500 [27:23<25:26,  6.01s/it]Best trial: 214. Best value: 2.37353:  49%|████▉     | 246/500 [27:23<25:26,  6.01s/it]Best trial: 214. Best value: 2.37353:  49%|████▉     | 247/500 [27:23<26:31,  6.29s/it]                                                                                       Best trial: 214. Best value: 2.37353:  49%|████▉     | 247/500 [27:29<26:31,  6.29s/it]Best trial: 214. Best value: 2.37353:  49%|████▉     | 247/500 [27:29<26:31,  6.29s/it]Best trial: 214. Best value: 2.37353:  50%|████▉     | 248/500 [27:29<26:06,  6.22s/it]                                                                                       Best trial: 214. Best value: 2.37353:  50%|████▉     | 248/500 [27:35<26:06,  6.22s/it]Best trial: 214. Best value: 2.37353:  50%|████▉     | 248/500 [27:35<26:06,  6.22s/it]Best trial: 214. Best value: 2.37353:  50%|████▉     | 249/500 [27:35<25:58,  6.21s/it]                                                                                       Best trial: 214. Best value: 2.37353:  50%|████▉     | 249/500 [27:40<25:58,  6.21s/it]Best trial: 214. Best value: 2.37353:  50%|████▉     | 249/500 [27:40<25:58,  6.21s/it]Best trial: 214. Best value: 2.37353:  50%|█████     | 250/500 [27:40<24:18,  5.83s/it]                                                                                       Best trial: 214. Best value: 2.37353:  50%|█████     | 250/500 [27:46<24:18,  5.83s/it]Best trial: 214. Best value: 2.37353:  50%|█████     | 250/500 [27:46<24:18,  5.83s/it]Best trial: 214. Best value: 2.37353:  50%|█████     | 251/500 [27:46<24:17,  5.86s/it]                                                                                       Best trial: 214. Best value: 2.37353:  50%|█████     | 251/500 [27:52<24:17,  5.86s/it]Best trial: 214. Best value: 2.37353:  50%|█████     | 251/500 [27:52<24:17,  5.86s/it]Best trial: 214. Best value: 2.37353:  50%|█████     | 252/500 [27:52<24:30,  5.93s/it]                                                                                       Best trial: 214. Best value: 2.37353:  50%|█████     | 252/500 [27:58<24:30,  5.93s/it]Best trial: 214. Best value: 2.37353:  50%|█████     | 252/500 [27:58<24:30,  5.93s/it]Best trial: 214. Best value: 2.37353:  51%|█████     | 253/500 [27:58<24:51,  6.04s/it]                                                                                       
[I 2026-05-03 19:54:10,251] Trial 243 finished with value: 2.4900040436470636 and parameters: {'rho_global_scale': 0.7538623093216757, 'rho_slope_scale': 0.5459416410356919, 'f_n': 1.368964302035244e-07, 'K_d': 794636.7555910159, 'fission_rate': 6.544377553231813e+19, 'Dg_D1_scale': 3.48214700084668, 'Dg_D3_scale': 3.6019574128841927, 'Dv_D1_scale': 0.21813934606280405, 'Dv_D2_scale': 2.5562852913769283, 'b_bulk_scale': 0.032621183538846334, 'b_dislocation_scale': 0.5601410370898234, 'gb_scale': 0.4367084340616114, 'gd_bubble_scale': 7.2064353230342695, 'gd_line_scale': 1.2354079958881912, 'gd_line_alpha': 0.7535116214239767, 'coalescence_d_scale': 0.8840704801796042, 'capture_scale': 0.79530286350365}. Best is trial 214 with value: 2.373531962961344.
[I 2026-05-03 19:54:14,706] Trial 244 finished with value: 2.588565549633629 and parameters: {'rho_global_scale': 0.7493212350369616, 'rho_slope_scale': 0.5489691786833163, 'f_n': 8.636046478173177e-08, 'K_d': 759646.286802297, 'fission_rate': 6.527795285977296e+19, 'Dg_D1_scale': 3.3988285311705884, 'Dg_D3_scale': 3.5131036389016788, 'Dv_D1_scale': 0.22144426862637254, 'Dv_D2_scale': 0.4481893657009909, 'b_bulk_scale': 0.03261444129295346, 'b_dislocation_scale': 0.6742480335952068, 'gb_scale': 0.43845970695580294, 'gd_bubble_scale': 7.12030734685736, 'gd_line_scale': 1.2287027412551847, 'gd_line_alpha': 0.7579386815679932, 'coalescence_d_scale': 0.8288746618046151, 'capture_scale': 0.8173384367766883}. Best is trial 214 with value: 2.373531962961344.
[I 2026-05-03 19:54:21,040] Trial 245 finished with value: 2.4775278471264186 and parameters: {'rho_global_scale': 0.735074648526047, 'rho_slope_scale': 0.5493385676201848, 'f_n': 1.3880222595359138e-07, 'K_d': 410870.0661310477, 'fission_rate': 6.450937906168867e+19, 'Dg_D1_scale': 3.7672571133047175, 'Dg_D3_scale': 3.7676977640020612, 'Dv_D1_scale': 0.22209152152664924, 'Dv_D2_scale': 2.6174697876747417, 'b_bulk_scale': 0.033387604889461256, 'b_dislocation_scale': 0.49220096328743174, 'gb_scale': 0.39598863500706116, 'gd_bubble_scale': 6.148050178355825, 'gd_line_scale': 0.8162524220115166, 'gd_line_alpha': 0.7773753865004103, 'coalescence_d_scale': 0.7358491371470541, 'capture_scale': 0.6604676336108527}. Best is trial 214 with value: 2.373531962961344.
[I 2026-05-03 19:54:27,987] Trial 246 finished with value: 2.559172771886316 and parameters: {'rho_global_scale': 0.7560446029799436, 'rho_slope_scale': 0.5608029221012097, 'f_n': 1.33908186246043e-07, 'K_d': 785703.5995120769, 'fission_rate': 6.4336756287223865e+19, 'Dg_D1_scale': 3.3453518849759742, 'Dg_D3_scale': 3.9919122747284828, 'Dv_D1_scale': 0.23103000052822406, 'Dv_D2_scale': 2.56944040746851, 'b_bulk_scale': 0.03495982408934827, 'b_dislocation_scale': 0.4616438217873197, 'gb_scale': 0.3951204386767732, 'gd_bubble_scale': 6.039868296114139, 'gd_line_scale': 1.0554467067982176, 'gd_line_alpha': 0.7532848330311857, 'coalescence_d_scale': 0.8618478999284767, 'capture_scale': 0.5726640377516167}. Best is trial 214 with value: 2.373531962961344.
[I 2026-05-03 19:54:34,026] Trial 247 finished with value: 2.576685077127717 and parameters: {'rho_global_scale': 0.770561502585057, 'rho_slope_scale': 0.5498768458140635, 'f_n': 1.5971340006531266e-07, 'K_d': 411134.66469547263, 'fission_rate': 6.5923964494918525e+19, 'Dg_D1_scale': 3.784529200380592, 'Dg_D3_scale': 3.7669388144193823, 'Dv_D1_scale': 0.2266544491977529, 'Dv_D2_scale': 2.3712413579486404, 'b_bulk_scale': 0.03894859801007029, 'b_dislocation_scale': 0.5372717688522016, 'gb_scale': 0.4830050729226854, 'gd_bubble_scale': 4.879166198613965, 'gd_line_scale': 1.1635521364327777, 'gd_line_alpha': 0.7968910641828879, 'coalescence_d_scale': 0.6480931470571918, 'capture_scale': 0.7003171184373793}. Best is trial 214 with value: 2.373531962961344.
[I 2026-05-03 19:54:40,223] Trial 248 finished with value: 2.4706497446664857 and parameters: {'rho_global_scale': 0.7014453920572533, 'rho_slope_scale': 0.5334913726016398, 'f_n': 1.0351232405641297e-07, 'K_d': 780646.8888167398, 'fission_rate': 6.698931944896074e+19, 'Dg_D1_scale': 3.5788818103038684, 'Dg_D3_scale': 3.3634254509060066, 'Dv_D1_scale': 0.2402272091391384, 'Dv_D2_scale': 2.5726099593908396, 'b_bulk_scale': 0.034693564831610124, 'b_dislocation_scale': 0.5580233505868428, 'gb_scale': 0.40986993647980857, 'gd_bubble_scale': 7.526257924592862, 'gd_line_scale': 0.7965818331995225, 'gd_line_alpha': 0.7335022160059157, 'coalescence_d_scale': 0.7749518617186542, 'capture_scale': 0.6568476449706598}. Best is trial 214 with value: 2.373531962961344.
[I 2026-05-03 19:54:45,175] Trial 249 finished with value: 2.547036281115695 and parameters: {'rho_global_scale': 0.7012577837399709, 'rho_slope_scale': 0.5339505892468389, 'f_n': 1.000128641390804e-07, 'K_d': 794669.7392117905, 'fission_rate': 6.464506893295044e+19, 'Dg_D1_scale': 3.1859174875979352, 'Dg_D3_scale': 3.45526788253989, 'Dv_D1_scale': 0.24033785056543433, 'Dv_D2_scale': 2.2214739795140894, 'b_bulk_scale': 0.030191117402897545, 'b_dislocation_scale': 0.5049213179715809, 'gb_scale': 0.43889508722876763, 'gd_bubble_scale': 8.282389517946752, 'gd_line_scale': 0.9771775620563273, 'gd_line_alpha': 0.8199251925904719, 'coalescence_d_scale': 0.7555741441384791, 'capture_scale': 0.6310375649246691}. Best is trial 214 with value: 2.373531962961344.
[I 2026-05-03 19:54:51,083] Trial 250 finished with value: 2.581249991715174 and parameters: {'rho_global_scale': 0.7201028214145033, 'rho_slope_scale': 0.5616816042288243, 'f_n': 1.1644802706462698e-07, 'K_d': 747742.0078312493, 'fission_rate': 6.635900195936192e+19, 'Dg_D1_scale': 3.555243729889153, 'Dg_D3_scale': 3.7300873941629202, 'Dv_D1_scale': 0.2540968284032895, 'Dv_D2_scale': 2.519124191210418, 'b_bulk_scale': 0.035533195074676685, 'b_dislocation_scale': 0.5830655543227627, 'gb_scale': 0.39335011908571743, 'gd_bubble_scale': 6.415359079567522, 'gd_line_scale': 0.7971668726598998, 'gd_line_alpha': 0.76997496984771, 'coalescence_d_scale': 0.881893954388553, 'capture_scale': 0.6703592377256993}. Best is trial 214 with value: 2.373531962961344.
[I 2026-05-03 19:54:57,183] Trial 251 finished with value: 2.8745072019875324 and parameters: {'rho_global_scale': 0.7471059915797221, 'rho_slope_scale': 0.5694221444293195, 'f_n': 8.626443645256455e-08, 'K_d': 396956.65431054926, 'fission_rate': 6.705458543421345e+19, 'Dg_D1_scale': 3.4614246600723897, 'Dg_D3_scale': 3.3409865966989005, 'Dv_D1_scale': 2.7545646668092094, 'Dv_D2_scale': 2.62720463399556, 'b_bulk_scale': 0.04115241350904952, 'b_dislocation_scale': 0.6314117401050099, 'gb_scale': 0.3752562220723153, 'gd_bubble_scale': 7.612592903053403, 'gd_line_scale': 0.8608798547812627, 'gd_line_alpha': 0.7257392883886966, 'coalescence_d_scale': 0.6659690255316694, 'capture_scale': 0.5752985056379023}. Best is trial 214 with value: 2.373531962961344.
[I 2026-05-03 19:55:03,471] Trial 252 finished with value: 2.4630489243408165 and parameters: {'rho_global_scale': 0.7252728361591494, 'rho_slope_scale': 0.5328912688196679, 'f_n': 1.360778558351254e-07, 'K_d': 435335.27454072115, 'fission_rate': 6.5369220224851935e+19, 'Dg_D1_scale': 3.2505168773581175, 'Dg_D3_scale': 3.600350042661049, 'Dv_D1_scale': 0.2361257114236584, 'Dv_D2_scale': 2.4040372435083137, 'b_bulk_scale': 0.030051606400009163, 'b_dislocation_scale': 0.4758844758844701, 'gb_scale': 0.5573149720311527, 'gd_bubble_scale': 5.877654308214513, 'gd_line_scale': 1.262326620550935, 'gd_line_alpha': 0.7476898454010708, 'coalescence_d_scale': 0.5735810381577481, 'capture_scale': 0.6990964527617742}. Best is trial 214 with value: 2.373531962961344.
[I 2026-05-03 19:55:09,270] Trial 253 finished with value: 2.6865398219767207 and parameters: {'rho_global_scale': 0.7102437118851704, 'rho_slope_scale': 0.5295911533460105, 'f_n': 1.2987398073017143e-07, 'K_d': 429901.0538076871, 'fission_rate': 6.576090281884434e+19, 'Dg_D1_scale': 3.152284650623497, 'Dg_D3_scale': 3.5126113670264645, 'Dv_D1_scale': 0.2712101125518709, 'Dv_D2_scale': 2.652430849434799, 'b_bulk_scale': 0.03279394997051109, 'b_dislocation_scale': 0.42231473745920806, 'gb_scale': 0.5526368778101879, 'gd_bubble_scale': 6.114681747117648, 'gd_line_scale': 0.6259477890709726, 'gd_line_alpha': 0.7479136287466489, 'coalescence_d_scale': 0.5709961858156529, 'capture_scale': 0.5009669945165356}. Best is trial 214 with value: 2.373531962961344.Best trial: 214. Best value: 2.37353:  51%|█████     | 253/500 [28:04<24:51,  6.04s/it]Best trial: 214. Best value: 2.37353:  51%|█████     | 253/500 [28:04<24:51,  6.04s/it]Best trial: 214. Best value: 2.37353:  51%|█████     | 254/500 [28:04<24:27,  5.96s/it]                                                                                       Best trial: 214. Best value: 2.37353:  51%|█████     | 254/500 [28:08<24:27,  5.96s/it]Best trial: 214. Best value: 2.37353:  51%|█████     | 254/500 [28:08<24:27,  5.96s/it]Best trial: 214. Best value: 2.37353:  51%|█████     | 255/500 [28:08<22:03,  5.40s/it]                                                                                       Best trial: 214. Best value: 2.37353:  51%|█████     | 255/500 [28:15<22:03,  5.40s/it]Best trial: 214. Best value: 2.37353:  51%|█████     | 255/500 [28:15<22:03,  5.40s/it]Best trial: 214. Best value: 2.37353:  51%|█████     | 256/500 [28:15<23:29,  5.78s/it]                                                                                       Best trial: 214. Best value: 2.37353:  51%|█████     | 256/500 [28:21<23:29,  5.78s/it]Best trial: 214. Best value: 2.37353:  51%|█████     | 256/500 [28:21<23:29,  5.78s/it]Best trial: 214. Best value: 2.37353:  51%|█████▏    | 257/500 [28:21<24:09,  5.97s/it]                                                                                       Best trial: 214. Best value: 2.37353:  51%|█████▏    | 257/500 [28:28<24:09,  5.97s/it]Best trial: 214. Best value: 2.37353:  51%|█████▏    | 257/500 [28:28<24:09,  5.97s/it]Best trial: 214. Best value: 2.37353:  52%|█████▏    | 258/500 [28:28<25:09,  6.24s/it]                                                                                       Best trial: 214. Best value: 2.37353:  52%|█████▏    | 258/500 [28:35<25:09,  6.24s/it]Best trial: 214. Best value: 2.37353:  52%|█████▏    | 258/500 [28:35<25:09,  6.24s/it]Best trial: 214. Best value: 2.37353:  52%|█████▏    | 259/500 [28:35<25:44,  6.41s/it]                                                                                       Best trial: 214. Best value: 2.37353:  52%|█████▏    | 259/500 [28:40<25:44,  6.41s/it]Best trial: 214. Best value: 2.37353:  52%|█████▏    | 259/500 [28:40<25:44,  6.41s/it]Best trial: 214. Best value: 2.37353:  52%|█████▏    | 260/500 [28:40<24:22,  6.09s/it]                                                                                       Best trial: 214. Best value: 2.37353:  52%|█████▏    | 260/500 [28:48<24:22,  6.09s/it]Best trial: 214. Best value: 2.37353:  52%|█████▏    | 260/500 [28:48<24:22,  6.09s/it]Best trial: 214. Best value: 2.37353:  52%|█████▏    | 261/500 [28:48<25:40,  6.45s/it]                                                                                       Best trial: 214. Best value: 2.37353:  52%|█████▏    | 261/500 [28:55<25:40,  6.45s/it]Best trial: 214. Best value: 2.37353:  52%|█████▏    | 261/500 [28:55<25:40,  6.45s/it]Best trial: 214. Best value: 2.37353:  52%|█████▏    | 262/500 [28:55<26:42,  6.73s/it]                                                                                       Best trial: 214. Best value: 2.37353:  52%|█████▏    | 262/500 [29:02<26:42,  6.73s/it]Best trial: 214. Best value: 2.37353:  52%|█████▏    | 262/500 [29:03<26:42,  6.73s/it]Best trial: 214. Best value: 2.37353:  53%|█████▎    | 263/500 [29:03<27:32,  6.97s/it]                                                                                       Best trial: 214. Best value: 2.37353:  53%|█████▎    | 263/500 [29:08<27:32,  6.97s/it]Best trial: 214. Best value: 2.37353:  53%|█████▎    | 263/500 [29:08<27:32,  6.97s/it]Best trial: 214. Best value: 2.37353:  53%|█████▎    | 264/500 [29:08<26:11,  6.66s/it]                                                                                       
[I 2026-05-03 19:55:13,364] Trial 254 finished with value: 2.5871977686990895 and parameters: {'rho_global_scale': 0.7164966299802108, 'rho_slope_scale': 0.5314024434679679, 'f_n': 6.927382761589893e-08, 'K_d': 780039.043359573, 'fission_rate': 6.705520577195928e+19, 'Dg_D1_scale': 3.2753891510769373, 'Dg_D3_scale': 3.080866352798538, 'Dv_D1_scale': 0.2412182015370541, 'Dv_D2_scale': 2.3170923769921425, 'b_bulk_scale': 0.032583260302960826, 'b_dislocation_scale': 0.4938397426784932, 'gb_scale': 0.5137390102110047, 'gd_bubble_scale': 5.713424264077751, 'gd_line_scale': 0.7634985971383629, 'gd_line_alpha': 0.7093291636822183, 'coalescence_d_scale': 0.5424243025118785, 'capture_scale': 0.6887854665050203}. Best is trial 214 with value: 2.373531962961344.
[I 2026-05-03 19:55:20,019] Trial 255 finished with value: 2.3965273641436906 and parameters: {'rho_global_scale': 0.7361643491473747, 'rho_slope_scale': 0.5338512978080712, 'f_n': 1.044226894565322e-07, 'K_d': 410770.3183661, 'fission_rate': 6.400518030473664e+19, 'Dg_D1_scale': 3.0361088922389388, 'Dg_D3_scale': 3.9968960104397944, 'Dv_D1_scale': 0.23231499656211163, 'Dv_D2_scale': 2.4768763204571087, 'b_bulk_scale': 0.03510068885338958, 'b_dislocation_scale': 0.4807459098313114, 'gb_scale': 0.6623695711638253, 'gd_bubble_scale': 6.554370781353497, 'gd_line_scale': 1.2960147141452039, 'gd_line_alpha': 0.7298075306084317, 'coalescence_d_scale': 0.9328471731330473, 'capture_scale': 0.8694864162241303}. Best is trial 214 with value: 2.373531962961344.
