[I 2026-05-03 20:12:28,944] Trial 403 finished with value: 3.2800669085018335 and parameters: {'rho_global_scale': 0.7441147836967774, 'rho_slope_scale': 0.5227727202284063, 'f_n': 1.2238392328640784e-07, 'K_d': 376175.5966634417, 'fission_rate': 6.204873696698291e+19, 'Dg_D1_scale': 3.1740853175618184, 'Dg_D3_scale': 2.61917560239686, 'Dv_D1_scale': 0.5168861919961136, 'Dv_D2_scale': 2.2167249623777794, 'b_bulk_scale': 0.33541757799648564, 'b_dislocation_scale': 0.3423982762597007, 'gb_scale': 0.7055515180670615, 'gd_bubble_scale': 4.103145616125696, 'gd_line_scale': 0.9625170265368257, 'gd_line_alpha': 0.7813762589324473, 'coalescence_d_scale': 0.5552112270019074, 'capture_scale': 1.1169510616141836}. Best is trial 214 with value: 2.373531962961344.
[I 2026-05-03 20:12:35,830] Trial 404 finished with value: 2.987040699129204 and parameters: {'rho_global_scale': 0.7128924680700011, 'rho_slope_scale': 0.557543132655831, 'f_n': 9.743909476736108e-08, 'K_d': 398361.88155713544, 'fission_rate': 5.918229777410595e+19, 'Dg_D1_scale': 0.6502813154874817, 'Dg_D3_scale': 3.433267213767618, 'Dv_D1_scale': 0.2643530110358831, 'Dv_D2_scale': 1.9171119336078093, 'b_bulk_scale': 0.04866091688456648, 'b_dislocation_scale': 0.4939544875699497, 'gb_scale': 0.6325350872164737, 'gd_bubble_scale': 9.018688291385894, 'gd_line_scale': 0.6652747643747281, 'gd_line_alpha': 0.6531262262148088, 'coalescence_d_scale': 3.5617823705220806, 'capture_scale': 0.6827361804966189}. Best is trial 214 with value: 2.373531962961344.
[I 2026-05-03 20:12:41,261] Trial 405 finished with value: 3.0806816501211562 and parameters: {'rho_global_scale': 0.7355463061205328, 'rho_slope_scale': 0.5217903097982256, 'f_n': 4.241505333310658e-08, 'K_d': 408704.938193376, 'fission_rate': 6.342960924976779e+19, 'Dg_D1_scale': 2.5478176663599097, 'Dg_D3_scale': 3.994146131319451, 'Dv_D1_scale': 0.2894253250579203, 'Dv_D2_scale': 2.3648220876301767, 'b_bulk_scale': 0.035409235254627545, 'b_dislocation_scale': 0.5618359965563213, 'gb_scale': 0.47559696273203406, 'gd_bubble_scale': 3.349825197829336, 'gd_line_scale': 0.5871873496419787, 'gd_line_alpha': 0.6043894269767189, 'coalescence_d_scale': 0.45547156231326585, 'capture_scale': 1.0433215969102463}. Best is trial 214 with value: 2.373531962961344.
[I 2026-05-03 20:12:49,063] Trial 406 finished with value: 2.4797313112452968 and parameters: {'rho_global_scale': 0.7004854167750274, 'rho_slope_scale': 0.6101692044193492, 'f_n': 2.1161862051552715e-08, 'K_d': 428191.86734844005, 'fission_rate': 6.064526420495256e+19, 'Dg_D1_scale': 2.0073542048806594, 'Dg_D3_scale': 3.7299242969873325, 'Dv_D1_scale': 0.24342833360042765, 'Dv_D2_scale': 2.1090423554864164, 'b_bulk_scale': 0.04424089039881467, 'b_dislocation_scale': 0.42036188064366564, 'gb_scale': 0.5903153169763419, 'gd_bubble_scale': 5.21181745892002, 'gd_line_scale': 0.8679593659496537, 'gd_line_alpha': 0.7213583036661468, 'coalescence_d_scale': 0.6071105541244243, 'capture_scale': 0.8098777026609322}. Best is trial 214 with value: 2.373531962961344.
[I 2026-05-03 20:12:54,583] Trial 407 finished with value: 3.1477818260841484 and parameters: {'rho_global_scale': 0.7512013116935199, 'rho_slope_scale': 0.5449083351172646, 'f_n': 1.5085502243397502e-08, 'K_d': 458792.7427696533, 'fission_rate': 6.5266245739821924e+19, 'Dg_D1_scale': 2.2837339256608855, 'Dg_D3_scale': 3.1679847241656423, 'Dv_D1_scale': 0.3727047682436489, 'Dv_D2_scale': 1.9770010841626617, 'b_bulk_scale': 0.05373340493453956, 'b_dislocation_scale': 0.4347578546782964, 'gb_scale': 0.42672201206600324, 'gd_bubble_scale': 4.430132908583444, 'gd_line_scale': 1.1410866504515196, 'gd_line_alpha': 0.700284197829662, 'coalescence_d_scale': 0.5110231120811938, 'capture_scale': 1.643198550097859}. Best is trial 214 with value: 2.373531962961344.Best trial: 214. Best value: 2.37353:  81%|████████▏ | 407/500 [45:49<10:33,  6.81s/it]Best trial: 214. Best value: 2.37353:  81%|████████▏ | 407/500 [45:49<10:33,  6.81s/it]Best trial: 214. Best value: 2.37353:  82%|████████▏ | 408/500 [45:49<09:50,  6.42s/it]                                                                                       Best trial: 214. Best value: 2.37353:  82%|████████▏ | 408/500 [45:57<09:50,  6.42s/it]Best trial: 214. Best value: 2.37353:  82%|████████▏ | 408/500 [45:57<09:50,  6.42s/it]Best trial: 214. Best value: 2.37353:  82%|████████▏ | 409/500 [45:57<10:12,  6.73s/it]                                                                                       Best trial: 214. Best value: 2.37353:  82%|████████▏ | 409/500 [46:05<10:12,  6.73s/it]Best trial: 214. Best value: 2.37353:  82%|████████▏ | 409/500 [46:05<10:12,  6.73s/it]Best trial: 214. Best value: 2.37353:  82%|████████▏ | 410/500 [46:05<10:39,  7.11s/it]                                                                                       Best trial: 214. Best value: 2.37353:  82%|████████▏ | 410/500 [46:12<10:39,  7.11s/it]Best trial: 214. Best value: 2.37353:  82%|████████▏ | 410/500 [46:12<10:39,  7.11s/it]Best trial: 214. Best value: 2.37353:  82%|████████▏ | 411/500 [46:12<10:44,  7.24s/it]                                                                                       Best trial: 214. Best value: 2.37353:  82%|████████▏ | 411/500 [46:20<10:44,  7.24s/it]Best trial: 214. Best value: 2.37353:  82%|████████▏ | 411/500 [46:20<10:44,  7.24s/it]Best trial: 214. Best value: 2.37353:  82%|████████▏ | 412/500 [46:20<10:40,  7.28s/it]                                                                                       Best trial: 214. Best value: 2.37353:  82%|████████▏ | 412/500 [46:26<10:40,  7.28s/it]Best trial: 214. Best value: 2.37353:  82%|████████▏ | 412/500 [46:26<10:40,  7.28s/it]Best trial: 214. Best value: 2.37353:  83%|████████▎ | 413/500 [46:26<09:54,  6.83s/it]                                                                                       Best trial: 214. Best value: 2.37353:  83%|████████▎ | 413/500 [46:33<09:54,  6.83s/it]Best trial: 214. Best value: 2.37353:  83%|████████▎ | 413/500 [46:33<09:54,  6.83s/it]Best trial: 214. Best value: 2.37353:  83%|████████▎ | 414/500 [46:33<10:14,  7.15s/it]                                                                                       Best trial: 214. Best value: 2.37353:  83%|████████▎ | 414/500 [46:41<10:14,  7.15s/it]Best trial: 214. Best value: 2.37353:  83%|████████▎ | 414/500 [46:41<10:14,  7.15s/it]Best trial: 214. Best value: 2.37353:  83%|████████▎ | 415/500 [46:41<10:11,  7.19s/it]                                                                                       Best trial: 214. Best value: 2.37353:  83%|████████▎ | 415/500 [46:48<10:11,  7.19s/it]Best trial: 214. Best value: 2.37353:  83%|████████▎ | 415/500 [46:48<10:11,  7.19s/it]Best trial: 214. Best value: 2.37353:  83%|████████▎ | 416/500 [46:48<10:04,  7.20s/it]                                                                                       Best trial: 214. Best value: 2.37353:  83%|████████▎ | 416/500 [46:53<10:04,  7.20s/it]Best trial: 214. Best value: 2.37353:  83%|████████▎ | 416/500 [46:53<10:04,  7.20s/it]Best trial: 214. Best value: 2.37353:  83%|████████▎ | 417/500 [46:53<09:08,  6.61s/it]                                                                                       Best trial: 214. Best value: 2.37353:  83%|████████▎ | 417/500 [47:01<09:08,  6.61s/it]Best trial: 214. Best value: 2.37353:  83%|████████▎ | 417/500 [47:01<09:08,  6.61s/it]Best trial: 214. Best value: 2.37353:  84%|████████▎ | 418/500 [47:01<09:41,  7.09s/it]                                                                                       
[I 2026-05-03 20:13:02,006] Trial 408 finished with value: 2.628022473399084 and parameters: {'rho_global_scale': 0.7258754717600663, 'rho_slope_scale': 0.5747060144873947, 'f_n': 5.011460256020957e-08, 'K_d': 447223.00617579377, 'fission_rate': 6.23465974054698e+19, 'Dg_D1_scale': 3.007787079439151, 'Dg_D3_scale': 3.5815709015950175, 'Dv_D1_scale': 0.31921754399926633, 'Dv_D2_scale': 2.598599080263163, 'b_bulk_scale': 0.039784342501359746, 'b_dislocation_scale': 0.3904284947114416, 'gb_scale': 0.7809141365224467, 'gd_bubble_scale': 3.754908739158343, 'gd_line_scale': 1.5344933023885203, 'gd_line_alpha': 0.750024400424883, 'coalescence_d_scale': 0.4248856946968781, 'capture_scale': 1.2820202310954716}. Best is trial 214 with value: 2.373531962961344.
[I 2026-05-03 20:13:10,028] Trial 409 finished with value: 2.9685025505068023 and parameters: {'rho_global_scale': 0.7135918885965079, 'rho_slope_scale': 0.5017750943190326, 'f_n': 9.536448419997928e-09, 'K_d': 417414.11817555176, 'fission_rate': 6.001575631675738e+19, 'Dg_D1_scale': 2.768180394278542, 'Dg_D3_scale': 3.7552786702339445, 'Dv_D1_scale': 0.26654749698391084, 'Dv_D2_scale': 2.2975097458619405, 'b_bulk_scale': 0.03479138172089951, 'b_dislocation_scale': 0.35114880714786756, 'gb_scale': 0.5396904645636954, 'gd_bubble_scale': 5.896858180842641, 'gd_line_scale': 0.7625671269070335, 'gd_line_alpha': 0.6713256972419331, 'coalescence_d_scale': 0.702127955798927, 'capture_scale': 0.9106194681798547}. Best is trial 214 with value: 2.373531962961344.
[I 2026-05-03 20:13:17,595] Trial 410 finished with value: 2.61672509559291 and parameters: {'rho_global_scale': 0.7655408147393433, 'rho_slope_scale': 0.5220756334483536, 'f_n': 2.8520566743162503e-08, 'K_d': 435855.599195661, 'fission_rate': 6.125930988321661e+19, 'Dg_D1_scale': 3.153113764434987, 'Dg_D3_scale': 3.367312507829705, 'Dv_D1_scale': 0.33482972202438543, 'Dv_D2_scale': 1.8157244779534325, 'b_bulk_scale': 0.045625900334795196, 'b_dislocation_scale': 0.5057405760977903, 'gb_scale': 0.6703680699982052, 'gd_bubble_scale': 6.778065689064722, 'gd_line_scale': 1.024121377321369, 'gd_line_alpha': 0.7178715612380594, 'coalescence_d_scale': 0.5542204300985631, 'capture_scale': 1.07885293055314}. Best is trial 214 with value: 2.373531962961344.
[I 2026-05-03 20:13:24,952] Trial 411 finished with value: 2.499990380029208 and parameters: {'rho_global_scale': 0.7420524510810628, 'rho_slope_scale': 0.546940099860457, 'f_n': 8.021746833952387e-08, 'K_d': 387193.72130909126, 'fission_rate': 6.417308204756891e+19, 'Dg_D1_scale': 0.8101399794065427, 'Dg_D3_scale': 2.8769188283329825, 'Dv_D1_scale': 0.3012452713331014, 'Dv_D2_scale': 2.486558919367786, 'b_bulk_scale': 0.07232521231231441, 'b_dislocation_scale': 0.46430893600502654, 'gb_scale': 0.4809168443078671, 'gd_bubble_scale': 5.369449041577459, 'gd_line_scale': 1.2305824726431194, 'gd_line_alpha': 0.68861997481035, 'coalescence_d_scale': 0.6409955679972378, 'capture_scale': 0.5887431337091358}. Best is trial 214 with value: 2.373531962961344.
[I 2026-05-03 20:13:30,737] Trial 412 finished with value: 2.632657231235457 and parameters: {'rho_global_scale': 0.7278670060609506, 'rho_slope_scale': 0.6602596139273876, 'f_n': 1.3592665253437694e-07, 'K_d': 487873.39105861366, 'fission_rate': 6.323633859273977e+19, 'Dg_D1_scale': 2.3925796813813234, 'Dg_D3_scale': 3.7717141398391885, 'Dv_D1_scale': 0.23896612772981296, 'Dv_D2_scale': 1.6168332225018947, 'b_bulk_scale': 0.7173383367008648, 'b_dislocation_scale': 0.5734602097131852, 'gb_scale': 0.7453119360875455, 'gd_bubble_scale': 4.457366735563179, 'gd_line_scale': 0.5446583915142115, 'gd_line_alpha': 0.7347067664293103, 'coalescence_d_scale': 0.46556377490517065, 'capture_scale': 1.3671370631462991}. Best is trial 214 with value: 2.373531962961344.
[I 2026-05-03 20:13:38,621] Trial 413 finished with value: 4.359623107209168 and parameters: {'rho_global_scale': 0.775310298422155, 'rho_slope_scale': 3.4042698200062036, 'f_n': 1.0277072508566404e-07, 'K_d': 403598.05296745326, 'fission_rate': 6.171812741761337e+19, 'Dg_D1_scale': 2.609737541723921, 'Dg_D3_scale': 3.5129047405081373, 'Dv_D1_scale': 0.27690242543510923, 'Dv_D2_scale': 1.936470305642147, 'b_bulk_scale': 1.967140896149324, 'b_dislocation_scale': 0.29818571253170406, 'gb_scale': 0.6283943191639593, 'gd_bubble_scale': 7.997612034743546, 'gd_line_scale': 0.9206314173441513, 'gd_line_alpha': 0.7877222560330084, 'coalescence_d_scale': 0.7811277011248355, 'capture_scale': 0.7788977929644655}. Best is trial 214 with value: 2.373531962961344.
[I 2026-05-03 20:13:45,927] Trial 414 finished with value: 2.539410780831098 and parameters: {'rho_global_scale': 0.7160128433381414, 'rho_slope_scale': 0.5742942937818074, 'f_n': 6.135892978918305e-08, 'K_d': 469605.51925894857, 'fission_rate': 6.2457235821786e+19, 'Dg_D1_scale': 1.3937307918525916, 'Dg_D3_scale': 3.228349713193295, 'Dv_D1_scale': 0.24921154957719094, 'Dv_D2_scale': 2.1409573434603626, 'b_bulk_scale': 0.06235433749833329, 'b_dislocation_scale': 0.4046730758972757, 'gb_scale': 0.5533768192907932, 'gd_bubble_scale': 4.832293998966715, 'gd_line_scale': 0.6869262364825425, 'gd_line_alpha': 0.6452843895347428, 'coalescence_d_scale': 0.5112246440743339, 'capture_scale': 0.9306263921816222}. Best is trial 214 with value: 2.373531962961344.
[I 2026-05-03 20:13:53,141] Trial 415 finished with value: 2.658442828558011 and parameters: {'rho_global_scale': 0.7542983062870128, 'rho_slope_scale': 0.5005241415617224, 'f_n': 3.991937669450499e-08, 'K_d': 412716.3844251151, 'fission_rate': 6.477192713661971e+19, 'Dg_D1_scale': 2.109718305262032, 'Dg_D3_scale': 3.9935771133070594, 'Dv_D1_scale': 0.3934745527474882, 'Dv_D2_scale': 2.0222778890689446, 'b_bulk_scale': 0.037931371018655874, 'b_dislocation_scale': 0.5063647449426328, 'gb_scale': 0.877065644230008, 'gd_bubble_scale': 9.963929273463382, 'gd_line_scale': 1.3781139166329384, 'gd_line_alpha': 0.7055148145728007, 'coalescence_d_scale': 0.5792721198638915, 'capture_scale': 1.1588036166937057}. Best is trial 214 with value: 2.373531962961344.
[I 2026-05-03 20:13:58,370] Trial 416 finished with value: 2.4754969697508 and parameters: {'rho_global_scale': 0.7367702538515837, 'rho_slope_scale': 0.5351345126344067, 'f_n': 3.120231304316972e-08, 'K_d': 426371.5462654982, 'fission_rate': 6.057920052699679e+19, 'Dg_D1_scale': 2.835414248115952, 'Dg_D3_scale': 3.6184226903752443, 'Dv_D1_scale': 0.3486345333325742, 'Dv_D2_scale': 1.7360746948726427, 'b_bulk_scale': 0.04967359145527064, 'b_dislocation_scale': 0.44033166324685286, 'gb_scale': 0.7031689141520162, 'gd_bubble_scale': 3.930712328306994, 'gd_line_scale': 0.8250547699084605, 'gd_line_alpha': 0.7609223436983048, 'coalescence_d_scale': 0.6848530589284698, 'capture_scale': 1.4809138437422176}. Best is trial 214 with value: 2.373531962961344.
[I 2026-05-03 20:14:06,591] Trial 417 finished with value: 2.6865357403089507 and parameters: {'rho_global_scale': 0.7226067251011061, 'rho_slope_scale': 0.5979792414251341, 'f_n': 7.284092655188459e-08, 'K_d': 395173.8604538559, 'fission_rate': 5.841055329300518e+19, 'Dg_D1_scale': 3.198536701752301, 'Dg_D3_scale': 3.779987860488115, 'Dv_D1_scale': 0.29130048797658836, 'Dv_D2_scale': 1.5234228788879136, 'b_bulk_scale': 0.055885928502758656, 'b_dislocation_scale': 0.3609328751304405, 'gb_scale': 0.61669421973752, 'gd_bubble_scale': 5.65992587530776, 'gd_line_scale': 1.0828892743316805, 'gd_line_alpha': 0.7255430856674768, 'coalescence_d_scale': 0.40542914046999057, 'capture_scale': 0.16990141745053586}. Best is trial 214 with value: 2.373531962961344.
[I 2026-05-03 20:14:14,093] Trial 418 finished with value: 2.9650426504525327 and parameters: {'rho_global_scale': 0.7117766654274871, 'rho_slope_scale': 0.5201417930336191, 'f_n': 2.335383864026847e-08, 'K_d': 441434.7015584036, 'fission_rate': 6.410218385855601e+19, 'Dg_D1_scale': 2.233314199923597, 'Dg_D3_scale': 3.419650043140373, 'Dv_D1_scale': 0.25328424541640393, 'Dv_D2_scale': 2.2340411087918106, 'b_bulk_scale': 0.042754465284421936, 'b_dislocation_scale': 0.3917438055054735, 'gb_scale': 0.5101194849633572, 'gd_bubble_scale': 6.333670240169542, 'gd_line_scale': 1.2530295720777487, 'gd_line_alpha': 0.6251245165853174, 'coalescence_d_scale': 0.49946012284935937, 'capture_scale': 0.9932310542424828}. Best is trial 214 with value: 2.373531962961344.Best trial: 214. Best value: 2.37353:  84%|████████▎ | 418/500 [47:09<09:41,  7.09s/it]Best trial: 214. Best value: 2.37353:  84%|████████▎ | 418/500 [47:09<09:41,  7.09s/it]Best trial: 214. Best value: 2.37353:  84%|████████▍ | 419/500 [47:09<09:44,  7.22s/it]                                                                                       Best trial: 214. Best value: 2.37353:  84%|████████▍ | 419/500 [47:15<09:44,  7.22s/it]Best trial: 214. Best value: 2.37353:  84%|████████▍ | 419/500 [47:15<09:44,  7.22s/it]Best trial: 214. Best value: 2.37353:  84%|████████▍ | 420/500 [47:15<09:09,  6.87s/it]                                                                                       Best trial: 214. Best value: 2.37353:  84%|████████▍ | 420/500 [47:21<09:09,  6.87s/it]Best trial: 214. Best value: 2.37353:  84%|████████▍ | 420/500 [47:21<09:09,  6.87s/it]Best trial: 214. Best value: 2.37353:  84%|████████▍ | 421/500 [47:21<08:42,  6.61s/it]                                                                                       Best trial: 214. Best value: 2.37353:  84%|████████▍ | 421/500 [47:27<08:42,  6.61s/it]Best trial: 214. Best value: 2.37353:  84%|████████▍ | 421/500 [47:27<08:42,  6.61s/it]Best trial: 214. Best value: 2.37353:  84%|████████▍ | 422/500 [47:27<08:16,  6.37s/it]                                                                                       Best trial: 214. Best value: 2.37353:  84%|████████▍ | 422/500 [47:34<08:16,  6.37s/it]Best trial: 214. Best value: 2.37353:  84%|████████▍ | 422/500 [47:34<08:16,  6.37s/it]Best trial: 214. Best value: 2.37353:  85%|████████▍ | 423/500 [47:34<08:29,  6.61s/it]                                                                                       Best trial: 214. Best value: 2.37353:  85%|████████▍ | 423/500 [47:42<08:29,  6.61s/it]Best trial: 214. Best value: 2.37353:  85%|████████▍ | 423/500 [47:42<08:29,  6.61s/it]Best trial: 214. Best value: 2.37353:  85%|████████▍ | 424/500 [47:42<08:44,  6.90s/it]                                                                                       Best trial: 214. Best value: 2.37353:  85%|████████▍ | 424/500 [47:49<08:44,  6.90s/it]Best trial: 214. Best value: 2.37353:  85%|████████▍ | 424/500 [47:49<08:44,  6.90s/it]Best trial: 214. Best value: 2.37353:  85%|████████▌ | 425/500 [47:49<08:52,  7.10s/it]                                                                                       Best trial: 214. Best value: 2.37353:  85%|████████▌ | 425/500 [47:54<08:52,  7.10s/it]Best trial: 214. Best value: 2.37353:  85%|████████▌ | 425/500 [47:54<08:52,  7.10s/it]Best trial: 214. Best value: 2.37353:  85%|████████▌ | 426/500 [47:54<07:49,  6.35s/it]                                                                                       Best trial: 214. Best value: 2.37353:  85%|████████▌ | 426/500 [48:01<07:49,  6.35s/it]Best trial: 214. Best value: 2.37353:  85%|████████▌ | 426/500 [48:02<07:49,  6.35s/it]Best trial: 214. Best value: 2.37353:  85%|████████▌ | 427/500 [48:02<08:14,  6.78s/it]                                                                                       Best trial: 214. Best value: 2.37353:  85%|████████▌ | 427/500 [48:09<08:14,  6.78s/it]Best trial: 214. Best value: 2.37353:  85%|████████▌ | 427/500 [48:09<08:14,  6.78s/it]Best trial: 214. Best value: 2.37353:  86%|████████▌ | 428/500 [48:09<08:31,  7.10s/it]                                                                                       Best trial: 214. Best value: 2.37353:  86%|████████▌ | 428/500 [48:17<08:31,  7.10s/it]Best trial: 214. Best value: 2.37353:  86%|████████▌ | 428/500 [48:17<08:31,  7.10s/it]Best trial: 214. Best value: 2.37353:  86%|████████▌ | 429/500 [48:17<08:43,  7.38s/it]                                                                                       
[I 2026-05-03 20:14:20,106] Trial 419 finished with value: 2.532861491470531 and parameters: {'rho_global_scale': 0.7004880888164393, 'rho_slope_scale': 0.5562049886251035, 'f_n': 5.222035646635715e-08, 'K_d': 407878.38466433965, 'fission_rate': 6.560088763243066e+19, 'Dg_D1_scale': 1.878158998777463, 'Dg_D3_scale': 3.1418431752846216, 'Dv_D1_scale': 0.3094650076256995, 'Dv_D2_scale': 2.6779821785305997, 'b_bulk_scale': 0.03398432537718305, 'b_dislocation_scale': 0.5601363935815438, 'gb_scale': 0.4314401154160758, 'gd_bubble_scale': 4.961610652025788, 'gd_line_scale': 1.0084894195830356, 'gd_line_alpha': 0.6647502463502785, 'coalescence_d_scale': 0.5856606185174654, 'capture_scale': 0.020976669734568534}. Best is trial 214 with value: 2.373531962961344.
[I 2026-05-03 20:14:26,172] Trial 420 finished with value: 3.706429598578862 and parameters: {'rho_global_scale': 0.7418499925178156, 'rho_slope_scale': 0.5002456533408928, 'f_n': 1.121022610643229e-08, 'K_d': 423587.54919934605, 'fission_rate': 5.956615131293017e+19, 'Dg_D1_scale': 2.4933627309880313, 'Dg_D3_scale': 3.768270919104327, 'Dv_D1_scale': 1.056416657302867, 'Dv_D2_scale': 1.8834432101857093, 'b_bulk_scale': 0.03907067421095304, 'b_dislocation_scale': 0.47442929462804206, 'gb_scale': 0.5778179667791398, 'gd_bubble_scale': 7.513055096943226, 'gd_line_scale': 0.7823504644731197, 'gd_line_alpha': 0.6954677547573535, 'coalescence_d_scale': 0.6462335331851967, 'capture_scale': 0.7186032905475439}. Best is trial 214 with value: 2.373531962961344.
