[I 2026-05-03 20:20:55,147] Trial 476 finished with value: 2.5847564868833484 and parameters: {'rho_global_scale': 0.778637784534617, 'rho_slope_scale': 0.5379395660475788, 'f_n': 8.643413198565263e-08, 'K_d': 436981.5865864199, 'fission_rate': 6.072234201952104e+19, 'Dg_D1_scale': 1.4767549975079917, 'Dg_D3_scale': 3.7617374919527307, 'Dv_D1_scale': 0.28117923849303395, 'Dv_D2_scale': 0.4098763980872894, 'b_bulk_scale': 0.03233730744612339, 'b_dislocation_scale': 0.48070528542367513, 'gb_scale': 0.5469402652464934, 'gd_bubble_scale': 8.908515666603117, 'gd_line_scale': 1.443022684471707, 'gd_line_alpha': 0.6704160858338735, 'coalescence_d_scale': 0.4793917499022017, 'capture_scale': 0.9743896482386211}. Best is trial 214 with value: 2.373531962961344.
[I 2026-05-03 20:21:00,872] Trial 477 finished with value: 2.9903393892361416 and parameters: {'rho_global_scale': 0.7415169883383382, 'rho_slope_scale': 0.521836549475771, 'f_n': 3.055247321937376e-08, 'K_d': 427680.94940970885, 'fission_rate': 6.3511369407958475e+19, 'Dg_D1_scale': 1.9552058230343845, 'Dg_D3_scale': 3.9990401904624315, 'Dv_D1_scale': 0.2609061313796929, 'Dv_D2_scale': 2.3954920125656947, 'b_bulk_scale': 0.03652566732753501, 'b_dislocation_scale': 0.34875187117863526, 'gb_scale': 0.47931359676356017, 'gd_bubble_scale': 5.226218135827531, 'gd_line_scale': 1.287020065646515, 'gd_line_alpha': 0.7366121760258431, 'coalescence_d_scale': 0.5896273188503346, 'capture_scale': 0.7815311800831949}. Best is trial 214 with value: 2.373531962961344.
[I 2026-05-03 20:21:07,185] Trial 478 finished with value: 2.6822007250647717 and parameters: {'rho_global_scale': 0.7616970815250839, 'rho_slope_scale': 0.6061153593435198, 'f_n': 6.770920564112685e-08, 'K_d': 442157.6661239285, 'fission_rate': 6.1363104451713204e+19, 'Dg_D1_scale': 2.0868995489087974, 'Dg_D3_scale': 3.3275979989720548, 'Dv_D1_scale': 0.2942893657987184, 'Dv_D2_scale': 2.111592712077102, 'b_bulk_scale': 0.034920762281939174, 'b_dislocation_scale': 0.38350553112214214, 'gb_scale': 0.5997413043925972, 'gd_bubble_scale': 4.607491832372439, 'gd_line_scale': 0.5593268209781731, 'gd_line_alpha': 0.6417488260572547, 'coalescence_d_scale': 0.749798791839495, 'capture_scale': 1.1459133341685839}. Best is trial 214 with value: 2.373531962961344.
[I 2026-05-03 20:21:14,698] Trial 479 finished with value: 2.468050989401712 and parameters: {'rho_global_scale': 0.7346820005512419, 'rho_slope_scale': 0.5621805585495198, 'f_n': 1.0998479718155642e-07, 'K_d': 450257.4416496832, 'fission_rate': 5.894365081118933e+19, 'Dg_D1_scale': 1.9358054820237767, 'Dg_D3_scale': 3.583393541465277, 'Dv_D1_scale': 0.2458093359260637, 'Dv_D2_scale': 2.2321152380328284, 'b_bulk_scale': 0.03271718588048074, 'b_dislocation_scale': 0.4307517949365602, 'gb_scale': 0.5604880974102454, 'gd_bubble_scale': 5.550842035524763, 'gd_line_scale': 1.6077320826872363, 'gd_line_alpha': 0.7586710901904851, 'coalescence_d_scale': 0.5215524609300187, 'capture_scale': 1.466649230340457}. Best is trial 214 with value: 2.373531962961344.
[I 2026-05-03 20:21:20,396] Trial 480 finished with value: 2.928505076521177 and parameters: {'rho_global_scale': 0.7545791868564118, 'rho_slope_scale': 0.500033502989603, 'f_n': 4.628140922890532e-08, 'K_d': 421897.23392035626, 'fission_rate': 6.018516644000717e+19, 'Dg_D1_scale': 1.7492183830251251, 'Dg_D3_scale': 3.42067841009842, 'Dv_D1_scale': 0.27021554331214936, 'Dv_D2_scale': 2.407119488130565, 'b_bulk_scale': 0.03008511364316228, 'b_dislocation_scale': 0.511936224822361, 'gb_scale': 0.6568427041700138, 'gd_bubble_scale': 3.121194986851443, 'gd_line_scale': 0.9003183822896736, 'gd_line_alpha': 0.6954452780762983, 'coalescence_d_scale': 0.4100188129992077, 'capture_scale': 0.21893095829652415}. Best is trial 214 with value: 2.373531962961344.
[I 2026-05-03 20:21:26,764] Trial 481 finished with value: 2.873517732965126 and parameters: {'rho_global_scale': 0.7112800914034553, 'rho_slope_scale': 0.5382448291728066, 'f_n': 2.387442366192395e-08, 'K_d': 432210.94376037794, 'fission_rate': 6.472305344892615e+19, 'Dg_D1_scale': 2.229528546840394, 'Dg_D3_scale': 3.7455711862208134, 'Dv_D1_scale': 0.2989149146793056, 'Dv_D2_scale': 2.0942992262916382, 'b_bulk_scale': 0.038979283003171, 'b_dislocation_scale': 0.3091636658930429, 'gb_scale': 0.5138690340845258, 'gd_bubble_scale': 3.946404702385012, 'gd_line_scale': 0.11512123332213048, 'gd_line_alpha': 0.7140228491488991, 'coalescence_d_scale': 0.45585802683488447, 'capture_scale': 0.8941627499377739}. Best is trial 214 with value: 2.373531962961344.
[I 2026-05-03 20:21:30,405] Trial 482 finished with value: 3.2200080685974046 and parameters: {'rho_global_scale': 0.700053793673838, 'rho_slope_scale': 0.5848439980036398, 'f_n': 6.396807550808102e-08, 'K_d': 415817.1306542034, 'fission_rate': 6.380637118434185e+19, 'Dg_D1_scale': 0.2726933047430403, 'Dg_D3_scale': 3.156216192989633, 'Dv_D1_scale': 0.3142667757316194, 'Dv_D2_scale': 2.0173642272244128, 'b_bulk_scale': 0.0418805154441467, 'b_dislocation_scale': 0.4597770491525078, 'gb_scale': 0.6109584720985268, 'gd_bubble_scale': 4.5189904950358475, 'gd_line_scale': 0.7551127332438905, 'gd_line_alpha': 0.7346128695095491, 'coalescence_d_scale': 0.59971850368092, 'capture_scale': 1.0050904151912134}. Best is trial 214 with value: 2.373531962961344.
[I 2026-05-03 20:21:35,812] Trial 483 finished with value: 3.319444420506145 and parameters: {'rho_global_scale': 0.7305171533054229, 'rho_slope_scale': 0.5197277522413921, 'f_n': 2.601825241866452e-06, 'K_d': 441019.77460901084, 'fission_rate': 6.244157409178081e+19, 'Dg_D1_scale': 1.9590794558395257, 'Dg_D3_scale': 3.771749743110749, 'Dv_D1_scale': 0.2592690305134001, 'Dv_D2_scale': 2.239528905614545, 'b_bulk_scale': 0.03776453993041933, 'b_dislocation_scale': 0.40461330069243795, 'gb_scale': 0.4689529477602071, 'gd_bubble_scale': 6.767608998679157, 'gd_line_scale': 1.033852265131628, 'gd_line_alpha': 0.07251306920449363, 'coalescence_d_scale': 0.6914982541763844, 'capture_scale': 0.7351563202436874}. Best is trial 214 with value: 2.373531962961344.
[I 2026-05-03 20:21:43,715] Trial 484 finished with value: 2.6567889113567817 and parameters: {'rho_global_scale': 0.7858871115586966, 'rho_slope_scale': 0.764780160190178, 'f_n': 1.9145180729656476e-07, 'K_d': 461758.3178840263, 'fission_rate': 6.188276297737292e+19, 'Dg_D1_scale': 0.6863590874342854, 'Dg_D3_scale': 3.5568438753782337, 'Dv_D1_scale': 0.27877277840227255, 'Dv_D2_scale': 2.519023612152482, 'b_bulk_scale': 0.16071513823405206, 'b_dislocation_scale': 0.35328786939810813, 'gb_scale': 0.5536393197477534, 'gd_bubble_scale': 4.929694251765826, 'gd_line_scale': 0.643929167116994, 'gd_line_alpha': 0.7761235705799925, 'coalescence_d_scale': 0.5358552598681283, 'capture_scale': 0.3527755621107337}. Best is trial 214 with value: 2.373531962961344.Best trial: 214. Best value: 2.37353:  97%|█████████▋| 484/500 [54:39<01:28,  5.55s/it]Best trial: 214. Best value: 2.37353:  97%|█████████▋| 484/500 [54:39<01:28,  5.55s/it]Best trial: 214. Best value: 2.37353:  97%|█████████▋| 485/500 [54:39<01:33,  6.26s/it]                                                                                       Best trial: 214. Best value: 2.37353:  97%|█████████▋| 485/500 [54:47<01:33,  6.26s/it]Best trial: 214. Best value: 2.37353:  97%|█████████▋| 485/500 [54:47<01:33,  6.26s/it]Best trial: 214. Best value: 2.37353:  97%|█████████▋| 486/500 [54:47<01:35,  6.83s/it]                                                                                       Best trial: 214. Best value: 2.37353:  97%|█████████▋| 486/500 [54:55<01:35,  6.83s/it]Best trial: 214. Best value: 2.37353:  97%|█████████▋| 486/500 [54:55<01:35,  6.83s/it]Best trial: 214. Best value: 2.37353:  97%|█████████▋| 487/500 [54:55<01:33,  7.19s/it]                                                                                       Best trial: 214. Best value: 2.37353:  97%|█████████▋| 487/500 [55:00<01:33,  7.19s/it]Best trial: 214. Best value: 2.37353:  97%|█████████▋| 487/500 [55:00<01:33,  7.19s/it]Best trial: 214. Best value: 2.37353:  98%|█████████▊| 488/500 [55:00<01:19,  6.61s/it]                                                                                       Best trial: 214. Best value: 2.37353:  98%|█████████▊| 488/500 [55:07<01:19,  6.61s/it]Best trial: 214. Best value: 2.37353:  98%|█████████▊| 488/500 [55:07<01:19,  6.61s/it]Best trial: 214. Best value: 2.37353:  98%|█████████▊| 489/500 [55:07<01:13,  6.71s/it]                                                                                       Best trial: 214. Best value: 2.37353:  98%|█████████▊| 489/500 [55:14<01:13,  6.71s/it]Best trial: 214. Best value: 2.37353:  98%|█████████▊| 489/500 [55:14<01:13,  6.71s/it]Best trial: 214. Best value: 2.37353:  98%|█████████▊| 490/500 [55:14<01:07,  6.72s/it]                                                                                       Best trial: 214. Best value: 2.37353:  98%|█████████▊| 490/500 [55:21<01:07,  6.72s/it]Best trial: 214. Best value: 2.37353:  98%|█████████▊| 490/500 [55:21<01:07,  6.72s/it]Best trial: 214. Best value: 2.37353:  98%|█████████▊| 491/500 [55:21<01:02,  6.91s/it]                                                                                       Best trial: 214. Best value: 2.37353:  98%|█████████▊| 491/500 [55:25<01:02,  6.91s/it]Best trial: 214. Best value: 2.37353:  98%|█████████▊| 491/500 [55:25<01:02,  6.91s/it]Best trial: 214. Best value: 2.37353:  98%|█████████▊| 492/500 [55:25<00:48,  6.12s/it]                                                                                       Best trial: 214. Best value: 2.37353:  98%|█████████▊| 492/500 [55:30<00:48,  6.12s/it]Best trial: 214. Best value: 2.37353:  98%|█████████▊| 492/500 [55:30<00:48,  6.12s/it]Best trial: 214. Best value: 2.37353:  99%|█████████▊| 493/500 [55:30<00:38,  5.57s/it]                                                                                       Best trial: 214. Best value: 2.37353:  99%|█████████▊| 493/500 [55:39<00:38,  5.57s/it]Best trial: 214. Best value: 2.37353:  99%|█████████▊| 493/500 [55:40<00:38,  5.57s/it]Best trial: 214. Best value: 2.37353:  99%|█████████▉| 494/500 [55:40<00:41,  6.85s/it]                                                                                       Best trial: 214. Best value: 2.37353:  99%|█████████▉| 494/500 [55:45<00:41,  6.85s/it]Best trial: 214. Best value: 2.37353:  99%|█████████▉| 494/500 [55:45<00:41,  6.85s/it]Best trial: 214. Best value: 2.37353:  99%|█████████▉| 495/500 [55:45<00:32,  6.49s/it]                                                                                       
[I 2026-05-03 20:21:51,868] Trial 485 finished with value: 3.1039935931913227 and parameters: {'rho_global_scale': 0.7514238032067198, 'rho_slope_scale': 0.5472146260725688, 'f_n': 3.754282198425094e-08, 'K_d': 427690.864178017, 'fission_rate': 5.951552914988684e+19, 'Dg_D1_scale': 0.5297675116304617, 'Dg_D3_scale': 3.991155303764631, 'Dv_D1_scale': 0.23772213094660888, 'Dv_D2_scale': 2.3501415659145435, 'b_bulk_scale': 0.04576645347568497, 'b_dislocation_scale': 0.24458617265566, 'gb_scale': 0.676563641662341, 'gd_bubble_scale': 5.990690940082209, 'gd_line_scale': 1.2169522051786295, 'gd_line_alpha': 0.6831664809772354, 'coalescence_d_scale': 0.6501224208819281, 'capture_scale': 0.15981132736135778}. Best is trial 214 with value: 2.373531962961344.
[I 2026-05-03 20:21:59,917] Trial 486 finished with value: 2.9502547190295547 and parameters: {'rho_global_scale': 0.7246894562706329, 'rho_slope_scale': 0.5243076933248443, 'f_n': 8.289170285612356e-08, 'K_d': 478361.1577849255, 'fission_rate': 6.090165025757263e+19, 'Dg_D1_scale': 2.1226879396384746, 'Dg_D3_scale': 3.3457479332146955, 'Dv_D1_scale': 0.2878895912909613, 'Dv_D2_scale': 2.144378352128919, 'b_bulk_scale': 0.42052303645286865, 'b_dislocation_scale': 0.5508845157837828, 'gb_scale': 0.5336480695941287, 'gd_bubble_scale': 4.226721766910884, 'gd_line_scale': 1.075514755580472, 'gd_line_alpha': 0.802048782483514, 'coalescence_d_scale': 0.46545243909279066, 'capture_scale': 1.229600663469126}. Best is trial 214 with value: 2.373531962961344.
[I 2026-05-03 20:22:05,179] Trial 487 finished with value: 2.451468688202876 and parameters: {'rho_global_scale': 0.7419573871819389, 'rho_slope_scale': 0.5613020321348479, 'f_n': 2.0470162400205478e-08, 'K_d': 411534.46544310456, 'fission_rate': 6.5898494630087795e+19, 'Dg_D1_scale': 1.8406842703891257, 'Dg_D3_scale': 3.765035740030007, 'Dv_D1_scale': 0.24946521752570971, 'Dv_D2_scale': 1.973655746303183, 'b_bulk_scale': 0.052492370549202014, 'b_dislocation_scale': 0.390538909347523, 'gb_scale': 0.42311607176583693, 'gd_bubble_scale': 3.5801070289558954, 'gd_line_scale': 0.47439784040080457, 'gd_line_alpha': 0.6271783329020557, 'coalescence_d_scale': 0.5539372069247461, 'capture_scale': 1.0575754285345984}. Best is trial 214 with value: 2.373531962961344.
[I 2026-05-03 20:22:12,117] Trial 488 finished with value: 2.5904423693733514 and parameters: {'rho_global_scale': 0.7698075204542456, 'rho_slope_scale': 0.654262404912197, 'f_n': 1.9350349689192692e-08, 'K_d': 414147.83323435386, 'fission_rate': 6.622417562128085e+19, 'Dg_D1_scale': 1.7385468773168171, 'Dg_D3_scale': 0.5300419984552391, 'Dv_D1_scale': 0.23656794998965283, 'Dv_D2_scale': 1.9734262335935888, 'b_bulk_scale': 0.0512791399991704, 'b_dislocation_scale': 0.28455202882911407, 'gb_scale': 0.40924934646726313, 'gd_bubble_scale': 2.865281252205129, 'gd_line_scale': 0.36280123689706995, 'gd_line_alpha': 0.6198476317110801, 'coalescence_d_scale': 0.38305680171819906, 'capture_scale': 1.6147599217279096}. Best is trial 214 with value: 2.373531962961344.
[I 2026-05-03 20:22:18,864] Trial 489 finished with value: 2.4742688088816265 and parameters: {'rho_global_scale': 0.7442045686678969, 'rho_slope_scale': 0.6946803336865671, 'f_n': 2.2297687964655034e-08, 'K_d': 422344.70101214916, 'fission_rate': 6.576601608340496e+19, 'Dg_D1_scale': 1.7949442753991298, 'Dg_D3_scale': 3.572196558032276, 'Dv_D1_scale': 0.25531359451555713, 'Dv_D2_scale': 1.8808572145439633, 'b_bulk_scale': 0.034546762538268654, 'b_dislocation_scale': 0.37631851368738367, 'gb_scale': 0.4236712376057343, 'gd_bubble_scale': 3.3976931958987207, 'gd_line_scale': 0.5147177455592734, 'gd_line_alpha': 0.6021092518030028, 'coalescence_d_scale': 0.49890582778560405, 'capture_scale': 1.3823749610475646}. Best is trial 214 with value: 2.373531962961344.
[I 2026-05-03 20:22:26,194] Trial 490 finished with value: 2.4829179284818026 and parameters: {'rho_global_scale': 0.7714518325864105, 'rho_slope_scale': 0.611785963133309, 'f_n': 1.75888447803501e-08, 'K_d': 433558.3189746368, 'fission_rate': 6.515581807212313e+19, 'Dg_D1_scale': 1.84108160434163, 'Dg_D3_scale': 3.7621979038635915, 'Dv_D1_scale': 0.24802140363247865, 'Dv_D2_scale': 2.4029019301389845, 'b_bulk_scale': 0.055508924429079266, 'b_dislocation_scale': 0.45175859739999286, 'gb_scale': 0.35829425806141285, 'gd_bubble_scale': 3.864364697111848, 'gd_line_scale': 0.5318206049023039, 'gd_line_alpha': 0.5609126467832938, 'coalescence_d_scale': 0.5496088321210111, 'capture_scale': 1.090662520968224}. Best is trial 214 with value: 2.373531962961344.
[I 2026-05-03 20:22:30,484] Trial 491 finished with value: 4.58577149852329 and parameters: {'rho_global_scale': 0.7426045837351914, 'rho_slope_scale': 0.5726659240172547, 'f_n': 1.4359998853114225e-08, 'K_d': 449911.97514043364, 'fission_rate': 6.4566981205526675e+19, 'Dg_D1_scale': 2.973587870622507, 'Dg_D3_scale': 3.179889720764308, 'Dv_D1_scale': 0.2678420235618389, 'Dv_D2_scale': 2.168917897685629, 'b_bulk_scale': 0.03625398009062634, 'b_dislocation_scale': 1.658893873375972, 'gb_scale': 0.3842938950649456, 'gd_bubble_scale': 3.673137434472502, 'gd_line_scale': 0.41182667990546756, 'gd_line_alpha': 0.6435166673738694, 'coalescence_d_scale': 0.4359251242361663, 'capture_scale': 0.921466633299511}. Best is trial 214 with value: 2.373531962961344.
[I 2026-05-03 20:22:34,777] Trial 492 finished with value: 2.8159742294767884 and parameters: {'rho_global_scale': 0.7565583700166166, 'rho_slope_scale': 0.5914899037177116, 'f_n': 2.7440988007945646e-08, 'K_d': 410863.479055852, 'fission_rate': 6.550775054692482e+19, 'Dg_D1_scale': 1.6029032966379273, 'Dg_D3_scale': 3.435250078515174, 'Dv_D1_scale': 0.23507961380391595, 'Dv_D2_scale': 1.6714544861930527, 'b_bulk_scale': 0.04163278733976768, 'b_dislocation_scale': 0.34351253633768186, 'gb_scale': 4.093190696285251, 'gd_bubble_scale': 5.384942202313772, 'gd_line_scale': 1.3155029064472303, 'gd_line_alpha': 0.6249032447251885, 'coalescence_d_scale': 0.7869343430585413, 'capture_scale': 1.3138822559241334}. Best is trial 214 with value: 2.373531962961344.
[I 2026-05-03 20:22:44,613] Trial 493 finished with value: 2.829730053613453 and parameters: {'rho_global_scale': 0.7333567178015545, 'rho_slope_scale': 0.557713595575124, 'f_n': 1.1853851226016417e-08, 'K_d': 421051.6732540383, 'fission_rate': 4.705588607835048e+19, 'Dg_D1_scale': 3.169998691525889, 'Dg_D3_scale': 3.7805816599519777, 'Dv_D1_scale': 0.2694528409742209, 'Dv_D2_scale': 2.033195629043976, 'b_bulk_scale': 0.0330893403968476, 'b_dislocation_scale': 0.500824526675688, 'gb_scale': 0.43966363310672824, 'gd_bubble_scale': 7.513010178249512, 'gd_line_scale': 0.48544355461714656, 'gd_line_alpha': 0.6588103697433871, 'coalescence_d_scale': 0.6212131084259874, 'capture_scale': 1.1135852768305514}. Best is trial 214 with value: 2.373531962961344.
[I 2026-05-03 20:22:50,254] Trial 494 finished with value: 2.7570541287062778 and parameters: {'rho_global_scale': 0.7478749781985686, 'rho_slope_scale': 0.5009366014074551, 'f_n': 1.4903625963777412e-08, 'K_d': 439514.88025796396, 'fission_rate': 6.595902137598673e+19, 'Dg_D1_scale': 2.7300178827444674, 'Dg_D3_scale': 3.9896686112586077, 'Dv_D1_scale': 0.7708596427934851, 'Dv_D2_scale': 2.5909174957206806, 'b_bulk_scale': 0.03010816289889535, 'b_dislocation_scale': 0.5978430072247427, 'gb_scale': 0.46958226461672825, 'gd_bubble_scale': 4.338150349615118, 'gd_line_scale': 0.42852163086610223, 'gd_line_alpha': 0.6417607677351441, 'coalescence_d_scale': 0.5169150547940202, 'capture_scale': 0.3117623948486057}. Best is trial 214 with value: 2.373531962961344.
[I 2026-05-03 20:22:57,845] Trial 495 finished with value: 2.914341824593109 and parameters: {'rho_global_scale': 0.7256128871980859, 'rho_slope_scale': 0.5203384468739277, 'f_n': 2.034679754071151e-08, 'K_d': 466967.013342869, 'fission_rate': 6.378538484000226e+19, 'Dg_D1_scale': 0.45343381161306756, 'Dg_D3_scale': 3.605514812935768, 'Dv_D1_scale': 0.24663765075033406, 'Dv_D2_scale': 1.8141918294265438, 'b_bulk_scale': 0.05238288422594741, 'b_dislocation_scale': 0.4162064846881869, 'gb_scale': 0.4920285721836649, 'gd_bubble_scale': 8.45478579557033, 'gd_line_scale': 1.1484096441904434, 'gd_line_alpha': 0.5847042405931707, 'coalescence_d_scale': 0.6954689268126567, 'capture_scale': 0.783635610952638}. Best is trial 214 with value: 2.373531962961344.Best trial: 214. Best value: 2.37353:  99%|█████████▉| 495/500 [55:53<00:32,  6.49s/it]Best trial: 214. Best value: 2.37353:  99%|█████████▉| 495/500 [55:53<00:32,  6.49s/it]Best trial: 214. Best value: 2.37353:  99%|█████████▉| 496/500 [55:53<00:27,  6.82s/it]                                                                                       Best trial: 214. Best value: 2.37353:  99%|█████████▉| 496/500 [55:58<00:27,  6.82s/it]Best trial: 214. Best value: 2.37353:  99%|█████████▉| 496/500 [55:58<00:27,  6.82s/it]Best trial: 214. Best value: 2.37353:  99%|█████████▉| 497/500 [55:58<00:19,  6.47s/it]                                                                                       Best trial: 214. Best value: 2.37353:  99%|█████████▉| 497/500 [56:06<00:19,  6.47s/it]Best trial: 214. Best value: 2.37353:  99%|█████████▉| 497/500 [56:06<00:19,  6.47s/it]Best trial: 214. Best value: 2.37353: 100%|█████████▉| 498/500 [56:06<00:13,  6.76s/it]                                                                                       Best trial: 214. Best value: 2.37353: 100%|█████████▉| 498/500 [56:13<00:13,  6.76s/it]Best trial: 214. Best value: 2.37353: 100%|█████████▉| 498/500 [56:13<00:13,  6.76s/it]Best trial: 214. Best value: 2.37353: 100%|█████████▉| 499/500 [56:13<00:06,  7.00s/it]                                                                                       Best trial: 214. Best value: 2.37353: 100%|█████████▉| 499/500 [56:21<00:06,  7.00s/it]Best trial: 214. Best value: 2.37353: 100%|█████████▉| 499/500 [56:21<00:06,  7.00s/it]Best trial: 214. Best value: 2.37353: 100%|██████████| 500/500 [56:21<00:00,  7.18s/it]Best trial: 214. Best value: 2.37353: 100%|██████████| 500/500 [56:21<00:00,  6.76s/it]

[I 2026-05-03 20:23:03,515] Trial 496 finished with value: 2.653064371606793 and parameters: {'rho_global_scale': 0.7872261298256912, 'rho_slope_scale': 0.5564033394575255, 'f_n': 1.2065169711209806e-07, 'K_d': 409609.4508072193, 'fission_rate': 6.459801955423381e+19, 'Dg_D1_scale': 1.910193963597631, 'Dg_D3_scale': 2.9934867045223803, 'Dv_D1_scale': 0.2805327687203782, 'Dv_D2_scale': 2.2756505807424134, 'b_bulk_scale': 0.04396821802883519, 'b_dislocation_scale': 0.3195402062558629, 'gb_scale': 0.06714834023913704, 'gd_bubble_scale': 1.7192830839321243, 'gd_line_scale': 0.4810935348400287, 'gd_line_alpha': 0.6656301799521389, 'coalescence_d_scale': 0.5832013513075909, 'capture_scale': 0.9235269310532496}. Best is trial 214 with value: 2.373531962961344.
