[I 2026-05-03 20:18:52,258] Trial 458 finished with value: 2.524225399195815 and parameters: {'rho_global_scale': 0.7279909016295297, 'rho_slope_scale': 0.5004216117490019, 'f_n': 1.749442963790665e-08, 'K_d': 453956.75579222693, 'fission_rate': 6.249458973666079e+19, 'Dg_D1_scale': 0.38468782704665866, 'Dg_D3_scale': 3.2489662369017265, 'Dv_D1_scale': 0.3701509472125673, 'Dv_D2_scale': 0.23988590240105537, 'b_bulk_scale': 0.04893411688247482, 'b_dislocation_scale': 0.4235704918514632, 'gb_scale': 0.5011289827102227, 'gd_bubble_scale': 4.779532730482218, 'gd_line_scale': 0.8428086538943383, 'gd_line_alpha': 0.6921530944031277, 'coalescence_d_scale': 0.5624161150792475, 'capture_scale': 1.3205216604388865}. Best is trial 214 with value: 2.373531962961344.
[I 2026-05-03 20:18:59,888] Trial 459 finished with value: 2.5424927725577193 and parameters: {'rho_global_scale': 0.7114189689346615, 'rho_slope_scale': 0.5447005480243624, 'f_n': 5.1864153023582356e-08, 'K_d': 483944.3807404388, 'fission_rate': 6.060094835361836e+19, 'Dg_D1_scale': 0.3242182657894898, 'Dg_D3_scale': 3.552735489212459, 'Dv_D1_scale': 0.40469207397975665, 'Dv_D2_scale': 1.9768059974171508, 'b_bulk_scale': 0.03984774928219011, 'b_dislocation_scale': 0.3853510381845873, 'gb_scale': 0.5567856804186485, 'gd_bubble_scale': 6.33331251697395, 'gd_line_scale': 1.1569669641931017, 'gd_line_alpha': 0.7291262220140257, 'coalescence_d_scale': 0.48596183433214685, 'capture_scale': 0.9755129053620025}. Best is trial 214 with value: 2.373531962961344.
[I 2026-05-03 20:19:05,159] Trial 460 finished with value: 2.5423102485455944 and parameters: {'rho_global_scale': 0.7005446970921773, 'rho_slope_scale': 0.5767951660617671, 'f_n': 3.874749220334151e-08, 'K_d': 470218.18991058995, 'fission_rate': 6.122295426694229e+19, 'Dg_D1_scale': 0.24746631467936622, 'Dg_D3_scale': 3.4300577031203696, 'Dv_D1_scale': 0.29818329572169033, 'Dv_D2_scale': 1.7231741088717758, 'b_bulk_scale': 0.03615970230749639, 'b_dislocation_scale': 0.34351588972205943, 'gb_scale': 0.6102600817827943, 'gd_bubble_scale': 5.361490138704808, 'gd_line_scale': 0.6972399455478904, 'gd_line_alpha': 0.7159886055424804, 'coalescence_d_scale': 0.5886645609692751, 'capture_scale': 0.19045247822774547}. Best is trial 214 with value: 2.373531962961344.
[I 2026-05-03 20:19:13,857] Trial 461 finished with value: 4.13219272022009 and parameters: {'rho_global_scale': 0.7327778882414794, 'rho_slope_scale': 3.0872820045038587, 'f_n': 4.622873433829736e-08, 'K_d': 410349.79571583756, 'fission_rate': 5.54544295385276e+19, 'Dg_D1_scale': 0.21573198219155545, 'Dg_D3_scale': 3.7655852312232194, 'Dv_D1_scale': 0.34888821383302393, 'Dv_D2_scale': 2.0628388763580823, 'b_bulk_scale': 0.04334531446589384, 'b_dislocation_scale': 0.2845403144423043, 'gb_scale': 0.7007885291612543, 'gd_bubble_scale': 4.6583495079131225, 'gd_line_scale': 1.4880472401504357, 'gd_line_alpha': 0.6758424579178901, 'coalescence_d_scale': 0.5121430587384725, 'capture_scale': 1.2297208343432198}. Best is trial 214 with value: 2.373531962961344.
[I 2026-05-03 20:19:20,540] Trial 462 finished with value: 2.891459070895273 and parameters: {'rho_global_scale': 0.7255191048990858, 'rho_slope_scale': 0.5219094151593633, 'f_n': 6.285236552262846e-08, 'K_d': 470881.5017804441, 'fission_rate': 5.9380819308724175e+19, 'Dg_D1_scale': 0.29426152891698837, 'Dg_D3_scale': 3.6027494677513086, 'Dv_D1_scale': 0.3119709827653814, 'Dv_D2_scale': 1.928894055098663, 'b_bulk_scale': 0.053057234174246994, 'b_dislocation_scale': 0.4455154540631642, 'gb_scale': 0.5246359924424078, 'gd_bubble_scale': 3.5891634268004475, 'gd_line_scale': 0.9110016593708229, 'gd_line_alpha': 0.745874591135854, 'coalescence_d_scale': 0.42013823337963635, 'capture_scale': 1.047736458266401}. Best is trial 214 with value: 2.373531962961344.Best trial: 214. Best value: 2.37353:  92%|█████████▏| 462/500 [52:15<04:25,  6.98s/it]Best trial: 214. Best value: 2.37353:  92%|█████████▏| 462/500 [52:15<04:25,  6.98s/it]Best trial: 214. Best value: 2.37353:  93%|█████████▎| 463/500 [52:15<04:14,  6.89s/it]                                                                                       Best trial: 214. Best value: 2.37353:  93%|█████████▎| 463/500 [52:22<04:14,  6.89s/it]Best trial: 214. Best value: 2.37353:  93%|█████████▎| 463/500 [52:22<04:14,  6.89s/it]Best trial: 214. Best value: 2.37353:  93%|█████████▎| 464/500 [52:22<04:01,  6.72s/it]                                                                                       Best trial: 214. Best value: 2.37353:  93%|█████████▎| 464/500 [52:28<04:01,  6.72s/it]Best trial: 214. Best value: 2.37353:  93%|█████████▎| 464/500 [52:28<04:01,  6.72s/it]Best trial: 214. Best value: 2.37353:  93%|█████████▎| 465/500 [52:28<03:50,  6.60s/it]                                                                                       Best trial: 214. Best value: 2.37353:  93%|█████████▎| 465/500 [52:36<03:50,  6.60s/it]Best trial: 214. Best value: 2.37353:  93%|█████████▎| 465/500 [52:36<03:50,  6.60s/it]Best trial: 214. Best value: 2.37353:  93%|█████████▎| 466/500 [52:36<03:58,  7.03s/it]                                                                                       Best trial: 214. Best value: 2.37353:  93%|█████████▎| 466/500 [52:44<03:58,  7.03s/it]Best trial: 214. Best value: 2.37353:  93%|█████████▎| 466/500 [52:44<03:58,  7.03s/it]Best trial: 214. Best value: 2.37353:  93%|█████████▎| 467/500 [52:44<03:58,  7.23s/it]                                                                                       Best trial: 214. Best value: 2.37353:  93%|█████████▎| 467/500 [52:52<03:58,  7.23s/it]Best trial: 214. Best value: 2.37353:  93%|█████████▎| 467/500 [52:52<03:58,  7.23s/it]Best trial: 214. Best value: 2.37353:  94%|█████████▎| 468/500 [52:52<03:58,  7.45s/it]                                                                                       Best trial: 214. Best value: 2.37353:  94%|█████████▎| 468/500 [52:55<03:58,  7.45s/it]Best trial: 214. Best value: 2.37353:  94%|█████████▎| 468/500 [52:55<03:58,  7.45s/it]Best trial: 214. Best value: 2.37353:  94%|█████████▍| 469/500 [52:55<03:16,  6.33s/it]                                                                                       Best trial: 214. Best value: 2.37353:  94%|█████████▍| 469/500 [53:03<03:16,  6.33s/it]Best trial: 214. Best value: 2.37353:  94%|█████████▍| 469/500 [53:03<03:16,  6.33s/it]Best trial: 214. Best value: 2.37353:  94%|█████████▍| 470/500 [53:03<03:19,  6.64s/it]                                                                                       Best trial: 214. Best value: 2.37353:  94%|█████████▍| 470/500 [53:09<03:19,  6.64s/it]Best trial: 214. Best value: 2.37353:  94%|█████████▍| 470/500 [53:09<03:19,  6.64s/it]Best trial: 214. Best value: 2.37353:  94%|█████████▍| 471/500 [53:09<03:06,  6.42s/it]                                                                                       Best trial: 214. Best value: 2.37353:  94%|█████████▍| 471/500 [53:16<03:06,  6.42s/it]Best trial: 214. Best value: 2.37353:  94%|█████████▍| 471/500 [53:16<03:06,  6.42s/it]Best trial: 214. Best value: 2.37353:  94%|█████████▍| 472/500 [53:16<03:05,  6.63s/it]                                                                                       Best trial: 214. Best value: 2.37353:  94%|█████████▍| 472/500 [53:22<03:05,  6.63s/it]Best trial: 214. Best value: 2.37353:  94%|█████████▍| 472/500 [53:22<03:05,  6.63s/it]Best trial: 214. Best value: 2.37353:  95%|█████████▍| 473/500 [53:22<02:53,  6.44s/it]                                                                                       
[I 2026-05-03 20:19:26,863] Trial 463 finished with value: 2.6170797129648964 and parameters: {'rho_global_scale': 0.7464938990243789, 'rho_slope_scale': 0.934658583020293, 'f_n': 2.804010185504047e-08, 'K_d': 419636.26980282465, 'fission_rate': 6.208676351587595e+19, 'Dg_D1_scale': 0.47863693006925, 'Dg_D3_scale': 3.9871817974410813, 'Dv_D1_scale': 0.2734282287026688, 'Dv_D2_scale': 2.134357717915, 'b_bulk_scale': 0.03012992792754552, 'b_dislocation_scale': 0.4826595362420721, 'gb_scale': 0.7861129317784573, 'gd_bubble_scale': 3.9996166441822045, 'gd_line_scale': 1.147806662678405, 'gd_line_alpha': 0.6951857980265589, 'coalescence_d_scale': 0.6293896797863936, 'capture_scale': 0.8812311928681916}. Best is trial 214 with value: 2.373531962961344.
[I 2026-05-03 20:19:33,180] Trial 464 finished with value: 3.240418586257134 and parameters: {'rho_global_scale': 0.7393328749778362, 'rho_slope_scale': 0.8522874313862827, 'f_n': 2.154794967513936e-08, 'K_d': 454476.69383888395, 'fission_rate': 5.8695499200675455e+19, 'Dg_D1_scale': 2.8489964031901294, 'Dg_D3_scale': 3.177945507877104, 'Dv_D1_scale': 0.29200934985067506, 'Dv_D2_scale': 1.8292607884449057, 'b_bulk_scale': 0.0686572987769932, 'b_dislocation_scale': 0.4012367605228496, 'gb_scale': 0.6547981737745012, 'gd_bubble_scale': 5.917314135018236, 'gd_line_scale': 1.0390806428475114, 'gd_line_alpha': 0.6534457766940528, 'coalescence_d_scale': 0.3381204594127389, 'capture_scale': 1.4852636186832118}. Best is trial 214 with value: 2.373531962961344.
[I 2026-05-03 20:19:41,209] Trial 465 finished with value: 2.7759706409421954 and parameters: {'rho_global_scale': 0.7227525648250995, 'rho_slope_scale': 0.5001212945467225, 'f_n': 9.670829277240355e-09, 'K_d': 441788.36281156226, 'fission_rate': 6.017501456726586e+19, 'Dg_D1_scale': 2.342499868106867, 'Dg_D3_scale': 3.7687041032538926, 'Dv_D1_scale': 0.38163611663392316, 'Dv_D2_scale': 2.1802345245312766, 'b_bulk_scale': 0.06372563834590761, 'b_dislocation_scale': 0.3700673341851438, 'gb_scale': 1.05691432951686, 'gd_bubble_scale': 5.098108682755423, 'gd_line_scale': 0.7814711807036522, 'gd_line_alpha': 0.7159716699869493, 'coalescence_d_scale': 0.5323548612990446, 'capture_scale': 1.1574146779679424}. Best is trial 214 with value: 2.373531962961344.
[I 2026-05-03 20:19:48,880] Trial 466 finished with value: 2.592954398781273 and parameters: {'rho_global_scale': 0.7167930878823047, 'rho_slope_scale': 0.6009730710356871, 'f_n': 3.442078326624837e-08, 'K_d': 428328.4251468645, 'fission_rate': 6.302545972365089e+19, 'Dg_D1_scale': 2.0089661993616468, 'Dg_D3_scale': 3.9944457388090155, 'Dv_D1_scale': 0.2572709127646562, 'Dv_D2_scale': 1.5396357194412766, 'b_bulk_scale': 0.04821436772407419, 'b_dislocation_scale': 0.43410308894554367, 'gb_scale': 0.5890447029223649, 'gd_bubble_scale': 4.370441703876417, 'gd_line_scale': 1.3570042672900433, 'gd_line_alpha': 0.6209342532897499, 'coalescence_d_scale': 0.46571705978661415, 'capture_scale': 0.9977005595904771}. Best is trial 214 with value: 2.373531962961344.
[I 2026-05-03 20:19:56,868] Trial 467 finished with value: 3.4897376595830596 and parameters: {'rho_global_scale': 0.7001401187027629, 'rho_slope_scale': 1.6655009244970815, 'f_n': 4.189183718339558e-08, 'K_d': 405725.88786764967, 'fission_rate': 6.1271434974731076e+19, 'Dg_D1_scale': 2.5767637152709764, 'Dg_D3_scale': 3.407990037991244, 'Dv_D1_scale': 0.3246529175054283, 'Dv_D2_scale': 1.928423373470638, 'b_bulk_scale': 0.08254871146122295, 'b_dislocation_scale': 0.31214013309959543, 'gb_scale': 0.7486935917471073, 'gd_bubble_scale': 6.798444597456067, 'gd_line_scale': 0.9352622416482362, 'gd_line_alpha': 0.7540697650933327, 'coalescence_d_scale': 0.681904065899616, 'capture_scale': 0.8735151685089362}. Best is trial 214 with value: 2.373531962961344.
[I 2026-05-03 20:20:00,608] Trial 468 finished with value: 3.027208296394397 and parameters: {'rho_global_scale': 0.7525202985817997, 'rho_slope_scale': 0.5497021680685384, 'f_n': 7.440058985026378e-08, 'K_d': 392191.7088105182, 'fission_rate': 6.2596722299931525e+19, 'Dg_D1_scale': 1.0698325537128783, 'Dg_D3_scale': 3.6135879948036553, 'Dv_D1_scale': 2.6245993364117757, 'Dv_D2_scale': 1.7612786719394304, 'b_bulk_scale': 0.04093892522047482, 'b_dislocation_scale': 0.49149090075389795, 'gb_scale': 0.494210735823468, 'gd_bubble_scale': 5.638638594118202, 'gd_line_scale': 0.527023395775405, 'gd_line_alpha': 0.7349366049253484, 'coalescence_d_scale': 0.553858770484071, 'capture_scale': 1.7769213591175355}. Best is trial 214 with value: 2.373531962961344.
[I 2026-05-03 20:20:07,959] Trial 469 finished with value: 2.6335235816980975 and parameters: {'rho_global_scale': 0.7367139111695503, 'rho_slope_scale': 0.6342044760235075, 'f_n': 1.248158314700235e-08, 'K_d': 416035.33266607975, 'fission_rate': 6.3399551334608585e+19, 'Dg_D1_scale': 0.9165061510224183, 'Dg_D3_scale': 2.802469411619162, 'Dv_D1_scale': 0.4898353223330171, 'Dv_D2_scale': 2.0972663424573796, 'b_bulk_scale': 0.03518904400024517, 'b_dislocation_scale': 0.34857539460814696, 'gb_scale': 0.6614116799623252, 'gd_bubble_scale': 4.824098666583292, 'gd_line_scale': 0.6856632928661704, 'gd_line_alpha': 0.7797230600423329, 'coalescence_d_scale': 0.37777901029054495, 'capture_scale': 1.3119268043262293}. Best is trial 214 with value: 2.373531962961344.
[I 2026-05-03 20:20:13,874] Trial 470 finished with value: 3.3943030208834823 and parameters: {'rho_global_scale': 0.7617985091794499, 'rho_slope_scale': 0.5363845575808525, 'f_n': 2.504377487786655e-08, 'K_d': 400997.5439815084, 'fission_rate': 6.015109584669605e+19, 'Dg_D1_scale': 2.1852669185164726, 'Dg_D3_scale': 3.764216075737542, 'Dv_D1_scale': 0.2798812444494772, 'Dv_D2_scale': 2.315118469810059, 'b_bulk_scale': 0.058274091497964704, 'b_dislocation_scale': 0.4064036888573198, 'gb_scale': 0.5807925009045597, 'gd_bubble_scale': 4.109263570499957, 'gd_line_scale': 0.09041497936313042, 'gd_line_alpha': 0.6763001661113874, 'coalescence_d_scale': 0.599690744202909, 'capture_scale': 1.034986568553565}. Best is trial 214 with value: 2.373531962961344.
[I 2026-05-03 20:20:20,943] Trial 471 finished with value: 2.5032358852324963 and parameters: {'rho_global_scale': 0.7271783323340129, 'rho_slope_scale': 0.5571702718903132, 'f_n': 5.710840977776302e-08, 'K_d': 369049.40295957733, 'fission_rate': 6.188643200350801e+19, 'Dg_D1_scale': 2.9605400601496084, 'Dg_D3_scale': 0.8897483190725508, 'Dv_D1_scale': 0.3014637468959581, 'Dv_D2_scale': 1.9995753840565105, 'b_bulk_scale': 0.038669536697258804, 'b_dislocation_scale': 0.4446120909440844, 'gb_scale': 0.4563628524420096, 'gd_bubble_scale': 3.3723241238322736, 'gd_line_scale': 1.2138534633474523, 'gd_line_alpha': 0.7006127706518376, 'coalescence_d_scale': 0.476162071559314, 'capture_scale': 0.7965375981644729}. Best is trial 214 with value: 2.373531962961344.
[I 2026-05-03 20:20:26,987] Trial 472 finished with value: 3.1694870298709006 and parameters: {'rho_global_scale': 0.7143541848704574, 'rho_slope_scale': 0.5284323904322725, 'f_n': 9.696973315049937e-08, 'K_d': 461021.71045086853, 'fission_rate': 5.803073318288233e+19, 'Dg_D1_scale': 0.3626031485653568, 'Dg_D3_scale': 3.999140314102441, 'Dv_D1_scale': 0.3533808483018216, 'Dv_D2_scale': 1.900508581371977, 'b_bulk_scale': 0.04491933612477227, 'b_dislocation_scale': 0.5309681820300718, 'gb_scale': 0.8508901057142636, 'gd_bubble_scale': 6.278820923006493, 'gd_line_scale': 1.002971625165588, 'gd_line_alpha': 0.6562473568533747, 'coalescence_d_scale': 0.6676065114495258, 'capture_scale': 1.1901580231942503}. Best is trial 214 with value: 2.373531962961344.
[I 2026-05-03 20:20:32,379] Trial 473 finished with value: 2.405852496998961 and parameters: {'rho_global_scale': 0.7442928230129505, 'rho_slope_scale': 0.5201313343664726, 'f_n': 3.305029298425117e-08, 'K_d': 432990.778952636, 'fission_rate': 6.102973235375966e+19, 'Dg_D1_scale': 1.904037973097069, 'Dg_D3_scale': 3.343717607907554, 'Dv_D1_scale': 0.2682661122413258, 'Dv_D2_scale': 2.2073633953182976, 'b_bulk_scale': 0.03247744161101639, 'b_dislocation_scale': 0.3736795446430111, 'gb_scale': 0.5386774287337267, 'gd_bubble_scale': 4.724464601964091, 'gd_line_scale': 0.6112918976434157, 'gd_line_alpha': 0.7148019923100364, 'coalescence_d_scale': 0.5269138876515304, 'capture_scale': 0.9442774967556997}. Best is trial 214 with value: 2.373531962961344.Best trial: 214. Best value: 2.37353:  95%|█████████▍| 473/500 [53:27<02:53,  6.44s/it]Best trial: 214. Best value: 2.37353:  95%|█████████▍| 473/500 [53:27<02:53,  6.44s/it]Best trial: 214. Best value: 2.37353:  95%|█████████▍| 474/500 [53:27<02:39,  6.13s/it]                                                                                       Best trial: 214. Best value: 2.37353:  95%|█████████▍| 474/500 [53:35<02:39,  6.13s/it]Best trial: 214. Best value: 2.37353:  95%|█████████▍| 474/500 [53:35<02:39,  6.13s/it]Best trial: 214. Best value: 2.37353:  95%|█████████▌| 475/500 [53:35<02:44,  6.59s/it]                                                                                       Best trial: 214. Best value: 2.37353:  95%|█████████▌| 475/500 [53:42<02:44,  6.59s/it]Best trial: 214. Best value: 2.37353:  95%|█████████▌| 475/500 [53:43<02:44,  6.59s/it]Best trial: 214. Best value: 2.37353:  95%|█████████▌| 476/500 [53:43<02:45,  6.91s/it]                                                                                       Best trial: 214. Best value: 2.37353:  95%|█████████▌| 476/500 [53:50<02:45,  6.91s/it]Best trial: 214. Best value: 2.37353:  95%|█████████▌| 476/500 [53:50<02:45,  6.91s/it]Best trial: 214. Best value: 2.37353:  95%|█████████▌| 477/500 [53:50<02:42,  7.07s/it]                                                                                       Best trial: 214. Best value: 2.37353:  95%|█████████▌| 477/500 [53:56<02:42,  7.07s/it]Best trial: 214. Best value: 2.37353:  95%|█████████▌| 477/500 [53:56<02:42,  7.07s/it]Best trial: 214. Best value: 2.37353:  96%|█████████▌| 478/500 [53:56<02:26,  6.67s/it]                                                                                       Best trial: 214. Best value: 2.37353:  96%|█████████▌| 478/500 [54:02<02:26,  6.67s/it]Best trial: 214. Best value: 2.37353:  96%|█████████▌| 478/500 [54:02<02:26,  6.67s/it]Best trial: 214. Best value: 2.37353:  96%|█████████▌| 479/500 [54:02<02:17,  6.56s/it]                                                                                       Best trial: 214. Best value: 2.37353:  96%|█████████▌| 479/500 [54:09<02:17,  6.56s/it]Best trial: 214. Best value: 2.37353:  96%|█████████▌| 479/500 [54:10<02:17,  6.56s/it]Best trial: 214. Best value: 2.37353:  96%|█████████▌| 480/500 [54:10<02:16,  6.85s/it]                                                                                       Best trial: 214. Best value: 2.37353:  96%|█████████▌| 480/500 [54:15<02:16,  6.85s/it]Best trial: 214. Best value: 2.37353:  96%|█████████▌| 480/500 [54:15<02:16,  6.85s/it]Best trial: 214. Best value: 2.37353:  96%|█████████▌| 481/500 [54:15<02:03,  6.50s/it]                                                                                       Best trial: 214. Best value: 2.37353:  96%|█████████▌| 481/500 [54:22<02:03,  6.50s/it]Best trial: 214. Best value: 2.37353:  96%|█████████▌| 481/500 [54:22<02:03,  6.50s/it]Best trial: 214. Best value: 2.37353:  96%|█████████▋| 482/500 [54:22<01:56,  6.46s/it]                                                                                       Best trial: 214. Best value: 2.37353:  96%|█████████▋| 482/500 [54:25<01:56,  6.46s/it]Best trial: 214. Best value: 2.37353:  96%|█████████▋| 482/500 [54:25<01:56,  6.46s/it]Best trial: 214. Best value: 2.37353:  97%|█████████▋| 483/500 [54:25<01:35,  5.62s/it]                                                                                       Best trial: 214. Best value: 2.37353:  97%|█████████▋| 483/500 [54:31<01:35,  5.62s/it]Best trial: 214. Best value: 2.37353:  97%|█████████▋| 483/500 [54:31<01:35,  5.62s/it]Best trial: 214. Best value: 2.37353:  97%|█████████▋| 484/500 [54:31<01:28,  5.55s/it]                                                                                       
[I 2026-05-03 20:20:40,043] Trial 474 finished with value: 2.5239470421357977 and parameters: {'rho_global_scale': 0.7700830132780375, 'rho_slope_scale': 0.5811565984716368, 'f_n': 4.709696491137268e-08, 'K_d': 433582.7033200587, 'fission_rate': 6.439171732220488e+19, 'Dg_D1_scale': 1.8375425039134732, 'Dg_D3_scale': 3.5573532612577363, 'Dv_D1_scale': 0.2689890218758708, 'Dv_D2_scale': 2.2022894439954017, 'b_bulk_scale': 0.03303120585747942, 'b_dislocation_scale': 0.32539640635401273, 'gb_scale': 0.5116853695589805, 'gd_bubble_scale': 4.248082481399234, 'gd_line_scale': 0.8193512859932663, 'gd_line_alpha': 0.6864207519186187, 'coalescence_d_scale': 0.42743591512914836, 'capture_scale': 0.9035354643849269}. Best is trial 214 with value: 2.373531962961344.
[I 2026-05-03 20:20:47,708] Trial 475 finished with value: 2.8412308543795097 and parameters: {'rho_global_scale': 0.747281871883632, 'rho_slope_scale': 0.56236353784834, 'f_n': 1.7133354835388235e-08, 'K_d': 447516.8717626918, 'fission_rate': 6.2686673442684764e+19, 'Dg_D1_scale': 1.7395994005982969, 'Dg_D3_scale': 3.000145309890201, 'Dv_D1_scale': 0.2518903578005721, 'Dv_D2_scale': 2.28201642060721, 'b_bulk_scale': 0.030428288274927544, 'b_dislocation_scale': 0.3691097382012188, 'gb_scale': 0.44047152969890563, 'gd_bubble_scale': 3.7455300218899747, 'gd_line_scale': 1.1339152290253487, 'gd_line_alpha': 0.7115923142098868, 'coalescence_d_scale': 0.5074430275175841, 'capture_scale': 0.8385561310627212}. Best is trial 214 with value: 2.373531962961344.
