[I 2026-05-03 19:35:21,733] Trial 73 finished with value: 3.3706201976156756 and parameters: {'rho_global_scale': 0.7697925501886274, 'rho_slope_scale': 0.7242922019280986, 'f_n': 6.379983399019928e-10, 'K_d': 324171.74588754517, 'fission_rate': 7.87429709196229e+19, 'Dg_D1_scale': 1.7542038787666354, 'Dg_D3_scale': 2.6991779395914213, 'Dv_D1_scale': 0.2758669528685031, 'Dv_D2_scale': 1.354774885855205, 'b_bulk_scale': 0.244201373883181, 'b_dislocation_scale': 0.39844154435550644, 'gb_scale': 0.5395447295478896, 'gd_bubble_scale': 0.09301827021721304, 'gd_line_scale': 0.24586862657190353, 'gd_line_alpha': 0.7419598212053968, 'coalescence_d_scale': 0.5603911447395702, 'capture_scale': 3.659988564853573}. Best is trial 62 with value: 2.876527610645013.
[I 2026-05-03 19:35:26,706] Trial 74 finished with value: 3.970814420975489 and parameters: {'rho_global_scale': 1.0499005763282974, 'rho_slope_scale': 1.325239225992498, 'f_n': 2.6080841739936596e-09, 'K_d': 353598.75423138234, 'fission_rate': 7.181756351496363e+19, 'Dg_D1_scale': 1.3416335895664269, 'Dg_D3_scale': 1.1139509083468433, 'Dv_D1_scale': 0.33147131292459525, 'Dv_D2_scale': 1.909481943998481, 'b_bulk_scale': 0.14513570754339433, 'b_dislocation_scale': 0.4755151006899457, 'gb_scale': 3.374625063000677, 'gd_bubble_scale': 0.08431557319740371, 'gd_line_scale': 0.4074517243805861, 'gd_line_alpha': 0.8013264007304173, 'coalescence_d_scale': 0.2082474122902638, 'capture_scale': 2.7180058681844326}. Best is trial 62 with value: 2.876527610645013.
[I 2026-05-03 19:35:32,072] Trial 75 finished with value: 2.8858772550578364 and parameters: {'rho_global_scale': 0.734584282891077, 'rho_slope_scale': 0.5376492507272076, 'f_n': 4.2443061780219897e-10, 'K_d': 311462.7596274431, 'fission_rate': 6.970148855213097e+19, 'Dg_D1_scale': 1.515563622097207, 'Dg_D3_scale': 1.6057669144162585, 'Dv_D1_scale': 0.21287114647156966, 'Dv_D2_scale': 2.2249520833063348, 'b_bulk_scale': 0.17363981603075004, 'b_dislocation_scale': 0.2057718240824963, 'gb_scale': 1.1620174841590063, 'gd_bubble_scale': 0.0675902560400342, 'gd_line_scale': 0.3118975432805391, 'gd_line_alpha': 0.911373198631726, 'coalescence_d_scale': 0.4067561668235732, 'capture_scale': 4.991218324240748}. Best is trial 62 with value: 2.876527610645013.
[I 2026-05-03 19:35:39,498] Trial 76 finished with value: 3.3112907388461488 and parameters: {'rho_global_scale': 1.3453030457955695, 'rho_slope_scale': 0.5379928304405194, 'f_n': 4.272083831541855e-10, 'K_d': 311614.2801252973, 'fission_rate': 6.987123629544114e+19, 'Dg_D1_scale': 1.8806620436611141, 'Dg_D3_scale': 1.5931068886935669, 'Dv_D1_scale': 0.21562765729606073, 'Dv_D2_scale': 2.1798751511942545, 'b_bulk_scale': 0.37391102758454936, 'b_dislocation_scale': 0.17456875691017115, 'gb_scale': 1.8768540667585685, 'gd_bubble_scale': 0.07197681626950064, 'gd_line_scale': 0.21447937789743152, 'gd_line_alpha': 0.9014358266691305, 'coalescence_d_scale': 0.24742343998741267, 'capture_scale': 4.973232223635545}. Best is trial 62 with value: 2.876527610645013.
[I 2026-05-03 19:35:47,337] Trial 77 finished with value: 3.2645833867568887 and parameters: {'rho_global_scale': 1.20105717617537, 'rho_slope_scale': 0.5942954868415431, 'f_n': 1.6669859872697084e-10, 'K_d': 336723.8609737133, 'fission_rate': 6.58898004893562e+19, 'Dg_D1_scale': 1.5448702398571685, 'Dg_D3_scale': 1.2401854552132212, 'Dv_D1_scale': 0.3019005970200143, 'Dv_D2_scale': 1.1063081301574733, 'b_bulk_scale': 0.16366624312973016, 'b_dislocation_scale': 1.8763069780185306, 'gb_scale': 0.9302786807611976, 'gd_bubble_scale': 0.05801015118626495, 'gd_line_scale': 1.2789002067819284, 'gd_line_alpha': 0.9085576528139041, 'coalescence_d_scale': 3.4581797521433333, 'capture_scale': 6.796225409923277}. Best is trial 62 with value: 2.876527610645013.Best trial: 62. Best value: 2.87653:  15%|█▌        | 77/500 [08:42<44:50,  6.36s/it]Best trial: 62. Best value: 2.87653:  15%|█▌        | 77/500 [08:42<44:50,  6.36s/it]Best trial: 62. Best value: 2.87653:  16%|█▌        | 78/500 [08:42<47:50,  6.80s/it]                                                                                     Best trial: 62. Best value: 2.87653:  16%|█▌        | 78/500 [08:50<47:50,  6.80s/it]Best trial: 62. Best value: 2.87653:  16%|█▌        | 78/500 [08:50<47:50,  6.80s/it]Best trial: 62. Best value: 2.87653:  16%|█▌        | 79/500 [08:50<50:07,  7.14s/it]                                                                                     Best trial: 62. Best value: 2.87653:  16%|█▌        | 79/500 [08:56<50:07,  7.14s/it]Best trial: 62. Best value: 2.87653:  16%|█▌        | 79/500 [08:56<50:07,  7.14s/it]Best trial: 62. Best value: 2.87653:  16%|█▌        | 80/500 [08:56<47:04,  6.72s/it]                                                                                     Best trial: 62. Best value: 2.87653:  16%|█▌        | 80/500 [09:00<47:04,  6.72s/it]Best trial: 62. Best value: 2.87653:  16%|█▌        | 80/500 [09:00<47:04,  6.72s/it]Best trial: 62. Best value: 2.87653:  16%|█▌        | 81/500 [09:00<41:23,  5.93s/it]                                                                                     Best trial: 62. Best value: 2.87653:  16%|█▌        | 81/500 [09:07<41:23,  5.93s/it]Best trial: 62. Best value: 2.87653:  16%|█▌        | 81/500 [09:07<41:23,  5.93s/it]Best trial: 62. Best value: 2.87653:  16%|█▋        | 82/500 [09:07<43:59,  6.32s/it]                                                                                     Best trial: 62. Best value: 2.87653:  16%|█▋        | 82/500 [09:14<43:59,  6.32s/it]Best trial: 62. Best value: 2.87653:  16%|█▋        | 82/500 [09:14<43:59,  6.32s/it]Best trial: 62. Best value: 2.87653:  17%|█▋        | 83/500 [09:14<45:10,  6.50s/it]                                                                                     Best trial: 62. Best value: 2.87653:  17%|█▋        | 83/500 [09:21<45:10,  6.50s/it]Best trial: 62. Best value: 2.87653:  17%|█▋        | 83/500 [09:21<45:10,  6.50s/it]Best trial: 62. Best value: 2.87653:  17%|█▋        | 84/500 [09:21<45:46,  6.60s/it]                                                                                     Best trial: 62. Best value: 2.87653:  17%|█▋        | 84/500 [09:28<45:46,  6.60s/it]Best trial: 62. Best value: 2.87653:  17%|█▋        | 84/500 [09:29<45:46,  6.60s/it]Best trial: 62. Best value: 2.87653:  17%|█▋        | 85/500 [09:29<47:42,  6.90s/it]                                                                                     Best trial: 62. Best value: 2.87653:  17%|█▋        | 85/500 [09:36<47:42,  6.90s/it]Best trial: 62. Best value: 2.87653:  17%|█▋        | 85/500 [09:36<47:42,  6.90s/it]Best trial: 62. Best value: 2.87653:  17%|█▋        | 86/500 [09:36<48:37,  7.05s/it]                                                                                     Best trial: 62. Best value: 2.87653:  17%|█▋        | 86/500 [09:43<48:37,  7.05s/it]Best trial: 62. Best value: 2.87653:  17%|█▋        | 86/500 [09:43<48:37,  7.05s/it]Best trial: 62. Best value: 2.87653:  17%|█▋        | 87/500 [09:43<48:24,  7.03s/it]                                                                                     Best trial: 62. Best value: 2.87653:  17%|█▋        | 87/500 [09:50<48:24,  7.03s/it]Best trial: 62. Best value: 2.87653:  17%|█▋        | 87/500 [09:50<48:24,  7.03s/it]Best trial: 62. Best value: 2.87653:  18%|█▊        | 88/500 [09:50<48:18,  7.04s/it]                                                                                     
[I 2026-05-03 19:35:55,277] Trial 78 finished with value: 3.9124187482614183 and parameters: {'rho_global_scale': 0.8253867715029232, 'rho_slope_scale': 0.6360517247297341, 'f_n': 7.896356762084446e-10, 'K_d': 737845.7755743338, 'fission_rate': 6.40178796593267e+19, 'Dg_D1_scale': 1.0255928476716747, 'Dg_D3_scale': 0.9665499340651795, 'Dv_D1_scale': 0.39225007846951787, 'Dv_D2_scale': 2.3819073300317783, 'b_bulk_scale': 0.6706961656479475, 'b_dislocation_scale': 0.20478238488682715, 'gb_scale': 1.454704923979831, 'gd_bubble_scale': 0.1305937209408893, 'gd_line_scale': 0.5961584029837851, 'gd_line_alpha': 0.9773628141798203, 'coalescence_d_scale': 0.45244033896848224, 'capture_scale': 0.30749788063708744}. Best is trial 62 with value: 2.876527610645013.
[I 2026-05-03 19:36:01,023] Trial 79 finished with value: 3.4538222696765026 and parameters: {'rho_global_scale': 0.9282656309201145, 'rho_slope_scale': 0.5504186654315687, 'f_n': 1.2681830520100863e-09, 'K_d': 348222.2584766006, 'fission_rate': 6.796880076908153e+19, 'Dg_D1_scale': 2.189974555873095, 'Dg_D3_scale': 1.861469228786616, 'Dv_D1_scale': 1.1600864852653292, 'Dv_D2_scale': 0.8317374095926429, 'b_bulk_scale': 0.2698615532909144, 'b_dislocation_scale': 0.25222811531834605, 'gb_scale': 1.1506050057686585, 'gd_bubble_scale': 0.1917509979339592, 'gd_line_scale': 0.3763164610530831, 'gd_line_alpha': 0.9685601903901794, 'coalescence_d_scale': 0.1675584037415974, 'capture_scale': 4.256248690924226}. Best is trial 62 with value: 2.876527610645013.
[I 2026-05-03 19:36:05,093] Trial 80 finished with value: 5.882740478316109 and parameters: {'rho_global_scale': 0.7272290234269222, 'rho_slope_scale': 0.5304071344014236, 'f_n': 5.222088118778646e-09, 'K_d': 593298.5023062702, 'fission_rate': 6.666350034942455e+19, 'Dg_D1_scale': 2.312214138107513, 'Dg_D3_scale': 1.4350253206627612, 'Dv_D1_scale': 0.21254315409829436, 'Dv_D2_scale': 2.8963667275515443, 'b_bulk_scale': 0.18540709150891038, 'b_dislocation_scale': 3.332192752515171, 'gb_scale': 0.5486052434467454, 'gd_bubble_scale': 0.07189878956955313, 'gd_line_scale': 0.0645224303695755, 'gd_line_alpha': 0.6243404951435757, 'coalescence_d_scale': 0.37873498543822876, 'capture_scale': 2.109896855730503}. Best is trial 62 with value: 2.876527610645013.
[I 2026-05-03 19:36:12,310] Trial 81 finished with value: 2.9313476466394497 and parameters: {'rho_global_scale': 0.741578607505722, 'rho_slope_scale': 0.7760230144290728, 'f_n': 2.8995450178343123e-10, 'K_d': 326771.2226381312, 'fission_rate': 7.381045106972023e+19, 'Dg_D1_scale': 1.8858597809219264, 'Dg_D3_scale': 2.174591890538861, 'Dv_D1_scale': 0.25180483131440934, 'Dv_D2_scale': 1.537852941961032, 'b_bulk_scale': 0.1160223509462351, 'b_dislocation_scale': 0.16544737504807133, 'gb_scale': 1.1874228821666477, 'gd_bubble_scale': 0.10297492283557957, 'gd_line_scale': 0.3261498124486764, 'gd_line_alpha': 0.931770308532984, 'coalescence_d_scale': 0.2889524367297023, 'capture_scale': 3.1342207869075556}. Best is trial 62 with value: 2.876527610645013.
[I 2026-05-03 19:36:19,237] Trial 82 finished with value: 3.115101647447226 and parameters: {'rho_global_scale': 0.7030873670388282, 'rho_slope_scale': 0.7782706603647157, 'f_n': 2.450588889352867e-10, 'K_d': 327039.34914330614, 'fission_rate': 7.479924174259021e+19, 'Dg_D1_scale': 1.9308648352641824, 'Dg_D3_scale': 2.3448482602515917, 'Dv_D1_scale': 0.24664443557064492, 'Dv_D2_scale': 1.6508685080777061, 'b_bulk_scale': 0.10240867617481747, 'b_dislocation_scale': 0.13251058995355836, 'gb_scale': 0.7255820501650614, 'gd_bubble_scale': 0.11523285349443524, 'gd_line_scale': 0.29794338800283576, 'gd_line_alpha': 0.9182936761680406, 'coalescence_d_scale': 0.6413106982072622, 'capture_scale': 5.413070436066863}. Best is trial 62 with value: 2.876527610645013.
[I 2026-05-03 19:36:26,082] Trial 83 finished with value: 3.2824957498120293 and parameters: {'rho_global_scale': 0.794306509001875, 'rho_slope_scale': 0.7057525212207961, 'f_n': 4.4624257414623473e-10, 'K_d': 387563.2608445596, 'fission_rate': 7.67640403171854e+19, 'Dg_D1_scale': 2.643839636012723, 'Dg_D3_scale': 1.9857914012168327, 'Dv_D1_scale': 0.3292858582505816, 'Dv_D2_scale': 0.9175152458107156, 'b_bulk_scale': 0.07457390237707197, 'b_dislocation_scale': 0.16222350309762643, 'gb_scale': 1.0005146761294545, 'gd_bubble_scale': 0.08536564829290468, 'gd_line_scale': 0.4971391234863617, 'gd_line_alpha': 0.9390173587410038, 'coalescence_d_scale': 0.12895329702501435, 'capture_scale': 4.421674080219001}. Best is trial 62 with value: 2.876527610645013.
[I 2026-05-03 19:36:33,672] Trial 84 finished with value: 3.952610299581011 and parameters: {'rho_global_scale': 1.1190213421201851, 'rho_slope_scale': 0.5847978711178075, 'f_n': 7.77596712825782e-10, 'K_d': 311178.00682490255, 'fission_rate': 5.171481637758415e+19, 'Dg_D1_scale': 1.7937213358705841, 'Dg_D3_scale': 2.5659401533665096, 'Dv_D1_scale': 0.27592677847373503, 'Dv_D2_scale': 1.1933137672558765, 'b_bulk_scale': 0.22311785984871407, 'b_dislocation_scale': 0.0818928778016356, 'gb_scale': 0.055534355748723487, 'gd_bubble_scale': 0.27698287884803324, 'gd_line_scale': 0.25293000778890673, 'gd_line_alpha': 0.9665183635461723, 'coalescence_d_scale': 0.24514240791056294, 'capture_scale': 3.03972915021192}. Best is trial 62 with value: 2.876527610645013.
[I 2026-05-03 19:36:41,064] Trial 85 finished with value: 3.428217689845724 and parameters: {'rho_global_scale': 0.8529886987101518, 'rho_slope_scale': 0.817069709732185, 'f_n': 2.27718628664375e-10, 'K_d': 356074.31368479715, 'fission_rate': 6.942181503149116e+19, 'Dg_D1_scale': 1.5351227258017874, 'Dg_D3_scale': 2.9033069978302946, 'Dv_D1_scale': 0.3661762229943097, 'Dv_D2_scale': 3.400893346140406, 'b_bulk_scale': 0.3462815840039883, 'b_dislocation_scale': 0.23994240867919256, 'gb_scale': 0.8654805679097994, 'gd_bubble_scale': 0.0504581341459053, 'gd_line_scale': 0.1630927297348891, 'gd_line_alpha': 0.9296400722757012, 'coalescence_d_scale': 1.0162773565967849, 'capture_scale': 7.4178544317901824}. Best is trial 62 with value: 2.876527610645013.
[I 2026-05-03 19:36:48,061] Trial 86 finished with value: 3.709046430829875 and parameters: {'rho_global_scale': 0.7717219925823765, 'rho_slope_scale': 0.6433006882765812, 'f_n': 1.0122641920366423e-10, 'K_d': 345042.4397666022, 'fission_rate': 7.318794415980558e+19, 'Dg_D1_scale': 2.118281426123516, 'Dg_D3_scale': 3.541061954274025, 'Dv_D1_scale': 1.504033899981957, 'Dv_D2_scale': 1.0436757626661726, 'b_bulk_scale': 0.11361608289667231, 'b_dislocation_scale': 0.20910404108551725, 'gb_scale': 2.250437783645554, 'gd_bubble_scale': 0.14581869739308584, 'gd_line_scale': 0.3269859739267989, 'gd_line_alpha': 0.8583573892884486, 'coalescence_d_scale': 0.300454027456152, 'capture_scale': 2.770410723264758}. Best is trial 62 with value: 2.876527610645013.
[I 2026-05-03 19:36:55,100] Trial 87 finished with value: 3.362650255943609 and parameters: {'rho_global_scale': 0.740819098760302, 'rho_slope_scale': 0.5688414493922773, 'f_n': 4.022421226459619e-08, 'K_d': 322605.2046086527, 'fission_rate': 7.232260373140436e+19, 'Dg_D1_scale': 1.345293991189924, 'Dg_D3_scale': 1.7325040092201973, 'Dv_D1_scale': 0.23629230180696517, 'Dv_D2_scale': 1.382280918616212, 'b_bulk_scale': 0.4694799093755295, 'b_dislocation_scale': 0.05187530390459354, 'gb_scale': 0.07376535421180777, 'gd_bubble_scale': 1.3382301131563348, 'gd_line_scale': 0.38537224879509974, 'gd_line_alpha': 0.8845266118686914, 'coalescence_d_scale': 2.2518210826419542, 'capture_scale': 3.868825231860213}. Best is trial 62 with value: 2.876527610645013.
[I 2026-05-03 19:36:59,025] Trial 88 finished with value: 3.4756871495299664 and parameters: {'rho_global_scale': 0.8860401718898958, 'rho_slope_scale': 1.0732582827579578, 'f_n': 4.771372476324712e-10, 'K_d': 332773.0943532098, 'fission_rate': 7.647736081994568e+19, 'Dg_D1_scale': 2.4938940175093074, 'Dg_D3_scale': 1.6111006055858883, 'Dv_D1_scale': 0.20005252678732285, 'Dv_D2_scale': 1.523330546778742, 'b_bulk_scale': 0.08662628519361427, 'b_dislocation_scale': 0.27838905853236307, 'gb_scale': 1.733654378318749, 'gd_bubble_scale': 0.06761910782467644, 'gd_line_scale': 0.21181612014608978, 'gd_line_alpha': 0.8678297644136335, 'coalescence_d_scale': 0.1873416131079489, 'capture_scale': 1.6665405961312751}. Best is trial 62 with value: 2.876527610645013.Best trial: 62. Best value: 2.87653:  18%|█▊        | 88/500 [09:54<48:18,  7.04s/it]Best trial: 62. Best value: 2.87653:  18%|█▊        | 88/500 [09:54<48:18,  7.04s/it]Best trial: 62. Best value: 2.87653:  18%|█▊        | 89/500 [09:54<41:47,  6.10s/it]                                                                                     Best trial: 62. Best value: 2.87653:  18%|█▊        | 89/500 [10:01<41:47,  6.10s/it]Best trial: 62. Best value: 2.87653:  18%|█▊        | 89/500 [10:01<41:47,  6.10s/it]Best trial: 62. Best value: 2.87653:  18%|█▊        | 90/500 [10:01<43:09,  6.32s/it]                                                                                     Best trial: 62. Best value: 2.87653:  18%|█▊        | 90/500 [10:07<43:09,  6.32s/it]Best trial: 90. Best value: 2.82036:  18%|█▊        | 90/500 [10:07<43:09,  6.32s/it]Best trial: 90. Best value: 2.82036:  18%|█▊        | 91/500 [10:07<43:42,  6.41s/it]                                                                                     Best trial: 90. Best value: 2.82036:  18%|█▊        | 91/500 [10:14<43:42,  6.41s/it]Best trial: 90. Best value: 2.82036:  18%|█▊        | 91/500 [10:14<43:42,  6.41s/it]Best trial: 90. Best value: 2.82036:  18%|█▊        | 92/500 [10:14<44:49,  6.59s/it]                                                                                     Best trial: 90. Best value: 2.82036:  18%|█▊        | 92/500 [10:21<44:49,  6.59s/it]Best trial: 90. Best value: 2.82036:  18%|█▊        | 92/500 [10:21<44:49,  6.59s/it]Best trial: 90. Best value: 2.82036:  19%|█▊        | 93/500 [10:21<45:53,  6.76s/it]                                                                                     Best trial: 90. Best value: 2.82036:  19%|█▊        | 93/500 [10:27<45:53,  6.76s/it]Best trial: 93. Best value: 2.72744:  19%|█▊        | 93/500 [10:27<45:53,  6.76s/it]Best trial: 93. Best value: 2.72744:  19%|█▉        | 94/500 [10:27<42:50,  6.33s/it]                                                                                     Best trial: 93. Best value: 2.72744:  19%|█▉        | 94/500 [10:34<42:50,  6.33s/it]Best trial: 93. Best value: 2.72744:  19%|█▉        | 94/500 [10:34<42:50,  6.33s/it]Best trial: 93. Best value: 2.72744:  19%|█▉        | 95/500 [10:34<44:27,  6.59s/it]                                                                                     Best trial: 93. Best value: 2.72744:  19%|█▉        | 95/500 [10:41<44:27,  6.59s/it]Best trial: 93. Best value: 2.72744:  19%|█▉        | 95/500 [10:41<44:27,  6.59s/it]Best trial: 93. Best value: 2.72744:  19%|█▉        | 96/500 [10:41<45:36,  6.77s/it]                                                                                     Best trial: 93. Best value: 2.72744:  19%|█▉        | 96/500 [10:48<45:36,  6.77s/it]Best trial: 96. Best value: 2.71563:  19%|█▉        | 96/500 [10:48<45:36,  6.77s/it]Best trial: 96. Best value: 2.71563:  19%|█▉        | 97/500 [10:48<46:32,  6.93s/it]                                                                                     Best trial: 96. Best value: 2.71563:  19%|█▉        | 97/500 [10:56<46:32,  6.93s/it]Best trial: 96. Best value: 2.71563:  19%|█▉        | 97/500 [10:56<46:32,  6.93s/it]Best trial: 96. Best value: 2.71563:  20%|█▉        | 98/500 [10:56<46:47,  6.98s/it]                                                                                     Best trial: 96. Best value: 2.71563:  20%|█▉        | 98/500 [11:01<46:47,  6.98s/it]Best trial: 98. Best value: 2.66357:  20%|█▉        | 98/500 [11:01<46:47,  6.98s/it]Best trial: 98. Best value: 2.66357:  20%|█▉        | 99/500 [11:01<43:25,  6.50s/it]                                                                                     
[I 2026-05-03 19:37:05,843] Trial 89 finished with value: 5.275489341432983 and parameters: {'rho_global_scale': 0.7209803689654736, 'rho_slope_scale': 1.8851572677507917, 'f_n': 1.5273367621770083e-10, 'K_d': 372550.16088470956, 'fission_rate': 7.535652186909118e+19, 'Dg_D1_scale': 1.1660551762156688, 'Dg_D3_scale': 2.2757376368825586, 'Dv_D1_scale': 0.3024435863732343, 'Dv_D2_scale': 1.887183924445253, 'b_bulk_scale': 0.04994987487285044, 'b_dislocation_scale': 0.14346344435133435, 'gb_scale': 1.3537404248697857, 'gd_bubble_scale': 3.2401963951032697, 'gd_line_scale': 0.6594163557215812, 'gd_line_alpha': 0.7000635544412065, 'coalescence_d_scale': 8.885842206708459, 'capture_scale': 5.894199540528988}. Best is trial 62 with value: 2.876527610645013.
[I 2026-05-03 19:37:12,468] Trial 90 finished with value: 2.8203566609409143 and parameters: {'rho_global_scale': 0.7540702901301582, 'rho_slope_scale': 0.5230609735677626, 'f_n': 5.5647282426267934e-08, 'K_d': 308043.0382480434, 'fission_rate': 7.40461901290886e+19, 'Dg_D1_scale': 2.7622323286956965, 'Dg_D3_scale': 1.2983125582422963, 'Dv_D1_scale': 0.2649025717571039, 'Dv_D2_scale': 2.526760638174571, 'b_bulk_scale': 0.06358674223662557, 'b_dislocation_scale': 0.1738385162448797, 'gb_scale': 0.3743010846621366, 'gd_bubble_scale': 0.1044011788500689, 'gd_line_scale': 0.440330824602191, 'gd_line_alpha': 0.7695372602927986, 'coalescence_d_scale': 0.49211791783904996, 'capture_scale': 2.3901962585003584}. Best is trial 90 with value: 2.8203566609409143.
