[I 2026-05-03 20:16:51,512] Trial 440 finished with value: 4.096496885157147 and parameters: {'rho_global_scale': 1.4310994372644257, 'rho_slope_scale': 0.5001020886588403, 'f_n': 5.031133212617586e-08, 'K_d': 436542.6056433074, 'fission_rate': 6.0403905238955565e+19, 'Dg_D1_scale': 2.9728657782583814, 'Dg_D3_scale': 3.754239194171822, 'Dv_D1_scale': 0.4184603128011437, 'Dv_D2_scale': 2.026745856185853, 'b_bulk_scale': 0.07449707999633062, 'b_dislocation_scale': 0.4906719228238246, 'gb_scale': 0.6153164174261802, 'gd_bubble_scale': 5.467714804975064, 'gd_line_scale': 1.5637247955411608, 'gd_line_alpha': 0.7537878122141178, 'coalescence_d_scale': 0.494800058091518, 'capture_scale': 2.1446150352672264}. Best is trial 214 with value: 2.373531962961344.Best trial: 214. Best value: 2.37353:  88%|████████▊ | 440/500 [49:46<07:20,  7.35s/it]Best trial: 214. Best value: 2.37353:  88%|████████▊ | 440/500 [49:46<07:20,  7.35s/it]Best trial: 214. Best value: 2.37353:  88%|████████▊ | 441/500 [49:46<07:22,  7.51s/it]                                                                                       Best trial: 214. Best value: 2.37353:  88%|████████▊ | 441/500 [49:52<07:22,  7.51s/it]Best trial: 214. Best value: 2.37353:  88%|████████▊ | 441/500 [49:52<07:22,  7.51s/it]Best trial: 214. Best value: 2.37353:  88%|████████▊ | 442/500 [49:52<06:49,  7.06s/it]                                                                                       Best trial: 214. Best value: 2.37353:  88%|████████▊ | 442/500 [50:00<06:49,  7.06s/it]Best trial: 214. Best value: 2.37353:  88%|████████▊ | 442/500 [50:00<06:49,  7.06s/it]Best trial: 214. Best value: 2.37353:  89%|████████▊ | 443/500 [50:00<06:56,  7.31s/it]                                                                                       Best trial: 214. Best value: 2.37353:  89%|████████▊ | 443/500 [50:08<06:56,  7.31s/it]Best trial: 214. Best value: 2.37353:  89%|████████▊ | 443/500 [50:08<06:56,  7.31s/it]Best trial: 214. Best value: 2.37353:  89%|████████▉ | 444/500 [50:08<06:50,  7.33s/it]                                                                                       Best trial: 214. Best value: 2.37353:  89%|████████▉ | 444/500 [50:15<06:50,  7.33s/it]Best trial: 214. Best value: 2.37353:  89%|████████▉ | 444/500 [50:15<06:50,  7.33s/it]Best trial: 214. Best value: 2.37353:  89%|████████▉ | 445/500 [50:15<06:50,  7.47s/it]                                                                                       Best trial: 214. Best value: 2.37353:  89%|████████▉ | 445/500 [50:24<06:50,  7.47s/it]Best trial: 214. Best value: 2.37353:  89%|████████▉ | 445/500 [50:24<06:50,  7.47s/it]Best trial: 214. Best value: 2.37353:  89%|████████▉ | 446/500 [50:24<06:58,  7.75s/it]                                                                                       Best trial: 214. Best value: 2.37353:  89%|████████▉ | 446/500 [50:30<06:58,  7.75s/it]Best trial: 214. Best value: 2.37353:  89%|████████▉ | 446/500 [50:30<06:58,  7.75s/it]Best trial: 214. Best value: 2.37353:  89%|████████▉ | 447/500 [50:30<06:23,  7.23s/it]                                                                                       Best trial: 214. Best value: 2.37353:  89%|████████▉ | 447/500 [50:38<06:23,  7.23s/it]Best trial: 214. Best value: 2.37353:  89%|████████▉ | 447/500 [50:38<06:23,  7.23s/it]Best trial: 214. Best value: 2.37353:  90%|████████▉ | 448/500 [50:38<06:26,  7.43s/it]                                                                                       Best trial: 214. Best value: 2.37353:  90%|████████▉ | 448/500 [50:45<06:26,  7.43s/it]Best trial: 214. Best value: 2.37353:  90%|████████▉ | 448/500 [50:45<06:26,  7.43s/it]Best trial: 214. Best value: 2.37353:  90%|████████▉ | 449/500 [50:45<06:22,  7.51s/it]                                                                                       Best trial: 214. Best value: 2.37353:  90%|████████▉ | 449/500 [50:53<06:22,  7.51s/it]Best trial: 214. Best value: 2.37353:  90%|████████▉ | 449/500 [50:53<06:22,  7.51s/it]Best trial: 214. Best value: 2.37353:  90%|█████████ | 450/500 [50:53<06:13,  7.48s/it]                                                                                       Best trial: 214. Best value: 2.37353:  90%|█████████ | 450/500 [50:56<06:13,  7.48s/it]Best trial: 214. Best value: 2.37353:  90%|█████████ | 450/500 [50:56<06:13,  7.48s/it]Best trial: 214. Best value: 2.37353:  90%|█████████ | 451/500 [50:56<05:03,  6.20s/it]                                                                                       
[I 2026-05-03 20:16:57,525] Trial 441 finished with value: 3.5868613207023325 and parameters: {'rho_global_scale': 0.7641844178241513, 'rho_slope_scale': 0.5929694761097477, 'f_n': 3.1757714311100035e-08, 'K_d': 450321.305955475, 'fission_rate': 6.205871201698359e+19, 'Dg_D1_scale': 2.538025594562396, 'Dg_D3_scale': 3.544217093391959, 'Dv_D1_scale': 0.26641883324130494, 'Dv_D2_scale': 2.5342579264007283, 'b_bulk_scale': 0.2045154258606977, 'b_dislocation_scale': 0.3368675979901028, 'gb_scale': 0.4894946528231358, 'gd_bubble_scale': 4.82492317436857, 'gd_line_scale': 1.1099318110310663, 'gd_line_alpha': 0.7895864877084837, 'coalescence_d_scale': 0.5539219531287872, 'capture_scale': 1.0138187320202097}. Best is trial 214 with value: 2.373531962961344.
[I 2026-05-03 20:17:05,378] Trial 442 finished with value: 3.3039809960521302 and parameters: {'rho_global_scale': 0.7330182968623876, 'rho_slope_scale': 0.5001450200542996, 'f_n': 2.649656012618259e-08, 'K_d': 396476.3455542877, 'fission_rate': 6.299782899339485e+19, 'Dg_D1_scale': 0.6057142307845708, 'Dg_D3_scale': 3.9984591584955242, 'Dv_D1_scale': 0.4482181428705416, 'Dv_D2_scale': 1.6325293243508476, 'b_bulk_scale': 0.4973623206420693, 'b_dislocation_scale': 0.40350939614344095, 'gb_scale': 0.7153368567828132, 'gd_bubble_scale': 3.5909849195473402, 'gd_line_scale': 0.9486573918574831, 'gd_line_alpha': 0.6525507712861737, 'coalescence_d_scale': 0.6459093639104103, 'capture_scale': 0.7885722119588734}. Best is trial 214 with value: 2.373531962961344.
[I 2026-05-03 20:17:12,808] Trial 443 finished with value: 3.5277434730610193 and parameters: {'rho_global_scale': 0.750425437601979, 'rho_slope_scale': 0.5495508200884716, 'f_n': 6.072495022791925e-08, 'K_d': 422586.2185945734, 'fission_rate': 6.420825903613419e+19, 'Dg_D1_scale': 2.6930375063762186, 'Dg_D3_scale': 3.2597019385605748, 'Dv_D1_scale': 0.3077091842407439, 'Dv_D2_scale': 2.3726450815874736, 'b_bulk_scale': 0.059069498101308106, 'b_dislocation_scale': 0.4576682617389597, 'gb_scale': 0.5326915900927954, 'gd_bubble_scale': 4.298889014459392, 'gd_line_scale': 1.2406286342565862, 'gd_line_alpha': 0.6809558180135047, 'coalescence_d_scale': 6.928615696691237, 'capture_scale': 1.284350483044427}. Best is trial 214 with value: 2.373531962961344.
[I 2026-05-03 20:17:20,583] Trial 444 finished with value: 4.03369000922544 and parameters: {'rho_global_scale': 0.713668986211434, 'rho_slope_scale': 0.5383491322630451, 'f_n': 3.7516753551619905e-08, 'K_d': 403707.99388021464, 'fission_rate': 6.224639751560901e+19, 'Dg_D1_scale': 2.231740447648536, 'Dg_D3_scale': 3.7545985238855764, 'Dv_D1_scale': 0.25000599776981147, 'Dv_D2_scale': 1.9352253002604294, 'b_bulk_scale': 0.04517032338179453, 'b_dislocation_scale': 0.04291685238178601, 'gb_scale': 0.6021325703274619, 'gd_bubble_scale': 5.769563616143894, 'gd_line_scale': 9.525147793139887, 'gd_line_alpha': 0.7022244564363787, 'coalescence_d_scale': 0.37653372141134434, 'capture_scale': 1.1379043516562461}. Best is trial 214 with value: 2.373531962961344.
[I 2026-05-03 20:17:28,978] Trial 445 finished with value: 4.331884092991502 and parameters: {'rho_global_scale': 1.7099351160528447, 'rho_slope_scale': 0.5751013357510967, 'f_n': 1.3272229754858124e-07, 'K_d': 414672.66688169684, 'fission_rate': 5.737316656861763e+19, 'Dg_D1_scale': 1.8900891448267128, 'Dg_D3_scale': 3.5343913788093553, 'Dv_D1_scale': 0.28744855901749183, 'Dv_D2_scale': 2.199596981714585, 'b_bulk_scale': 2.4658420324069517, 'b_dislocation_scale': 0.5194304959731554, 'gb_scale': 0.7681279532177171, 'gd_bubble_scale': 6.356420373872027, 'gd_line_scale': 0.5967440673622512, 'gd_line_alpha': 0.7443990785354703, 'coalescence_d_scale': 0.4425785098089139, 'capture_scale': 0.9399273768015476}. Best is trial 214 with value: 2.373531962961344.
[I 2026-05-03 20:17:35,009] Trial 446 finished with value: 3.601468135695841 and parameters: {'rho_global_scale': 0.7287129535096657, 'rho_slope_scale': 0.5242361764838801, 'f_n': 3.2478290070146753e-09, 'K_d': 482405.1566516105, 'fission_rate': 6.104652308328653e+19, 'Dg_D1_scale': 2.3581696211426593, 'Dg_D3_scale': 3.9955639972506902, 'Dv_D1_scale': 0.3325115045676456, 'Dv_D2_scale': 1.8102730619474352, 'b_bulk_scale': 0.04999010669153118, 'b_dislocation_scale': 0.36778815142365195, 'gb_scale': 0.6704800278658889, 'gd_bubble_scale': 3.944822213568875, 'gd_line_scale': 1.3785276533534094, 'gd_line_alpha': 0.7225162441111618, 'coalescence_d_scale': 0.48954784652493444, 'capture_scale': 1.500014985277838}. Best is trial 214 with value: 2.373531962961344.
[I 2026-05-03 20:17:42,910] Trial 447 finished with value: 2.5359367419738086 and parameters: {'rho_global_scale': 0.7430654409296954, 'rho_slope_scale': 0.5584706663896131, 'f_n': 4.5445453097751966e-08, 'K_d': 446428.761269453, 'fission_rate': 5.94490079571133e+19, 'Dg_D1_scale': 2.8541683626258445, 'Dg_D3_scale': 3.7549142223821783, 'Dv_D1_scale': 0.2711567120754003, 'Dv_D2_scale': 2.0767748591428177, 'b_bulk_scale': 0.042908722225162024, 'b_dislocation_scale': 0.4239134252832217, 'gb_scale': 0.4519546614925503, 'gd_bubble_scale': 4.9734860649872505, 'gd_line_scale': 1.0609850387270012, 'gd_line_alpha': 0.7680212843792366, 'coalescence_d_scale': 2.185594716277629, 'capture_scale': 0.8546030112237651}. Best is trial 214 with value: 2.373531962961344.
[I 2026-05-03 20:17:50,601] Trial 448 finished with value: 2.7364425223415507 and parameters: {'rho_global_scale': 0.7779695294248484, 'rho_slope_scale': 0.5339614387066856, 'f_n': 1.4388777657412683e-08, 'K_d': 501779.54469657247, 'fission_rate': 6.336091256669359e+19, 'Dg_D1_scale': 3.0760541737428477, 'Dg_D3_scale': 3.346999208154454, 'Dv_D1_scale': 0.25846596617525897, 'Dv_D2_scale': 2.2764305430406235, 'b_bulk_scale': 0.0697588385647424, 'b_dislocation_scale': 0.4731645605104816, 'gb_scale': 0.5581627254777392, 'gd_bubble_scale': 4.391944323815147, 'gd_line_scale': 0.8659811071374188, 'gd_line_alpha': 0.5914206721857217, 'coalescence_d_scale': 0.596811297723418, 'capture_scale': 0.01603178699036358}. Best is trial 214 with value: 2.373531962961344.
[I 2026-05-03 20:17:57,997] Trial 449 finished with value: 2.544917421876165 and parameters: {'rho_global_scale': 0.7002506789497153, 'rho_slope_scale': 0.6118801444388465, 'f_n': 2.1062716725796467e-08, 'K_d': 424111.2793369857, 'fission_rate': 6.505437329702753e+19, 'Dg_D1_scale': 2.6255834649930123, 'Dg_D3_scale': 3.618616076622419, 'Dv_D1_scale': 0.31092108355873915, 'Dv_D2_scale': 2.488270760576564, 'b_bulk_scale': 0.05611697485910672, 'b_dislocation_scale': 0.39478968160706646, 'gb_scale': 0.6235384224165995, 'gd_bubble_scale': 3.2517157462035375, 'gd_line_scale': 0.9497500388674452, 'gd_line_alpha': 0.6625838860679829, 'coalescence_d_scale': 0.6938649390960362, 'capture_scale': 1.0790852184378086}. Best is trial 214 with value: 2.373531962961344.
[I 2026-05-03 20:18:01,229] Trial 450 finished with value: 3.511806732116454 and parameters: {'rho_global_scale': 0.7207856550349735, 'rho_slope_scale': 0.5186019797558439, 'f_n': 1.0252611866974079e-07, 'K_d': 386689.4272551607, 'fission_rate': 6.161401008530345e+19, 'Dg_D1_scale': 2.4306060226456867, 'Dg_D3_scale': 3.777574842830199, 'Dv_D1_scale': 0.28677570851322387, 'Dv_D2_scale': 2.004349392144812, 'b_bulk_scale': 0.048660913143803795, 'b_dislocation_scale': 0.5248115664780514, 'gb_scale': 0.8381197052177006, 'gd_bubble_scale': 5.322157630462862, 'gd_line_scale': 0.4615148026227403, 'gd_line_alpha': 0.6992263907182776, 'coalescence_d_scale': 0.5456956474303007, 'capture_scale': 1.2745098272409656}. Best is trial 214 with value: 2.373531962961344.
[I 2026-05-03 20:18:05,963] Trial 451 finished with value: 4.083381841128771 and parameters: {'rho_global_scale': 0.7580723981166541, 'rho_slope_scale': 0.5838382839038708, 'f_n': 7.547561454684313e-08, 'K_d': 436933.7137622113, 'fission_rate': 5.996872816263375e+19, 'Dg_D1_scale': 2.0932082994343233, 'Dg_D3_scale': 3.4004546856973628, 'Dv_D1_scale': 0.3762190423400336, 'Dv_D2_scale': 1.718497183141658, 'b_bulk_scale': 0.06145443953375238, 'b_dislocation_scale': 0.3207657452542542, 'gb_scale': 6.491908887625462, 'gd_bubble_scale': 4.536763054423874, 'gd_line_scale': 0.5495207943620052, 'gd_line_alpha': 0.7225780414215702, 'coalescence_d_scale': 0.44877981202251904, 'capture_scale': 0.7733729729527187}. Best is trial 214 with value: 2.373531962961344.Best trial: 214. Best value: 2.37353:  90%|█████████ | 451/500 [51:01<05:03,  6.20s/it]Best trial: 214. Best value: 2.37353:  90%|█████████ | 451/500 [51:01<05:03,  6.20s/it]Best trial: 214. Best value: 2.37353:  90%|█████████ | 452/500 [51:01<04:36,  5.76s/it]                                                                                       Best trial: 214. Best value: 2.37353:  90%|█████████ | 452/500 [51:08<04:36,  5.76s/it]Best trial: 214. Best value: 2.37353:  90%|█████████ | 452/500 [51:08<04:36,  5.76s/it]Best trial: 214. Best value: 2.37353:  91%|█████████ | 453/500 [51:08<04:53,  6.25s/it]                                                                                       Best trial: 214. Best value: 2.37353:  91%|█████████ | 453/500 [51:16<04:53,  6.25s/it]Best trial: 214. Best value: 2.37353:  91%|█████████ | 453/500 [51:16<04:53,  6.25s/it]Best trial: 214. Best value: 2.37353:  91%|█████████ | 454/500 [51:16<05:02,  6.59s/it]                                                                                       Best trial: 214. Best value: 2.37353:  91%|█████████ | 454/500 [51:23<05:02,  6.59s/it]Best trial: 214. Best value: 2.37353:  91%|█████████ | 454/500 [51:24<05:02,  6.59s/it]Best trial: 214. Best value: 2.37353:  91%|█████████ | 455/500 [51:24<05:15,  7.00s/it]                                                                                       Best trial: 214. Best value: 2.37353:  91%|█████████ | 455/500 [51:29<05:15,  7.00s/it]Best trial: 214. Best value: 2.37353:  91%|█████████ | 455/500 [51:29<05:15,  7.00s/it]Best trial: 214. Best value: 2.37353:  91%|█████████ | 456/500 [51:29<04:53,  6.67s/it]                                                                                       Best trial: 214. Best value: 2.37353:  91%|█████████ | 456/500 [51:36<04:53,  6.67s/it]Best trial: 214. Best value: 2.37353:  91%|█████████ | 456/500 [51:36<04:53,  6.67s/it]Best trial: 214. Best value: 2.37353:  91%|█████████▏| 457/500 [51:36<04:44,  6.62s/it]                                                                                       Best trial: 214. Best value: 2.37353:  91%|█████████▏| 457/500 [51:40<04:44,  6.62s/it]Best trial: 214. Best value: 2.37353:  91%|█████████▏| 457/500 [51:40<04:44,  6.62s/it]Best trial: 214. Best value: 2.37353:  92%|█████████▏| 458/500 [51:40<04:04,  5.83s/it]                                                                                       Best trial: 214. Best value: 2.37353:  92%|█████████▏| 458/500 [51:47<04:04,  5.83s/it]Best trial: 214. Best value: 2.37353:  92%|█████████▏| 458/500 [51:47<04:04,  5.83s/it]Best trial: 214. Best value: 2.37353:  92%|█████████▏| 459/500 [51:47<04:15,  6.24s/it]                                                                                       Best trial: 214. Best value: 2.37353:  92%|█████████▏| 459/500 [51:55<04:15,  6.24s/it]Best trial: 214. Best value: 2.37353:  92%|█████████▏| 459/500 [51:55<04:15,  6.24s/it]Best trial: 214. Best value: 2.37353:  92%|█████████▏| 460/500 [51:55<04:26,  6.65s/it]                                                                                       Best trial: 214. Best value: 2.37353:  92%|█████████▏| 460/500 [52:00<04:26,  6.65s/it]Best trial: 214. Best value: 2.37353:  92%|█████████▏| 460/500 [52:00<04:26,  6.65s/it]Best trial: 214. Best value: 2.37353:  92%|█████████▏| 461/500 [52:00<04:03,  6.24s/it]                                                                                       Best trial: 214. Best value: 2.37353:  92%|█████████▏| 461/500 [52:09<04:03,  6.24s/it]Best trial: 214. Best value: 2.37353:  92%|█████████▏| 461/500 [52:09<04:03,  6.24s/it]Best trial: 214. Best value: 2.37353:  92%|█████████▏| 462/500 [52:09<04:25,  6.98s/it]                                                                                       
[I 2026-05-03 20:18:13,356] Trial 452 finished with value: 2.507273775113795 and parameters: {'rho_global_scale': 0.7352145692929895, 'rho_slope_scale': 0.5538267847502208, 'f_n': 5.381253742853023e-08, 'K_d': 398537.4314504067, 'fission_rate': 6.397037716427594e+19, 'Dg_D1_scale': 3.22220705513852, 'Dg_D3_scale': 3.1808584749488347, 'Dv_D1_scale': 0.23910584164125434, 'Dv_D2_scale': 2.7403743895262527, 'b_bulk_scale': 0.04107551608693964, 'b_dislocation_scale': 0.3559963240968503, 'gb_scale': 0.7122333363383974, 'gd_bubble_scale': 3.782184760639058, 'gd_line_scale': 1.2800061002267946, 'gd_line_alpha': 0.6753793114264942, 'coalescence_d_scale': 0.6207274119385588, 'capture_scale': 0.9408627608206491}. Best is trial 214 with value: 2.373531962961344.
[I 2026-05-03 20:18:20,721] Trial 453 finished with value: 2.4550168217408617 and parameters: {'rho_global_scale': 0.7157016306593208, 'rho_slope_scale': 0.5195794352351285, 'f_n': 3.483846973086525e-08, 'K_d': 467335.10695567616, 'fission_rate': 6.065825765282316e+19, 'Dg_D1_scale': 0.38345652366697186, 'Dg_D3_scale': 3.603554919036562, 'Dv_D1_scale': 0.332958577806939, 'Dv_D2_scale': 1.8833951592323526, 'b_bulk_scale': 0.03270962848503753, 'b_dislocation_scale': 0.42773340728788106, 'gb_scale': 0.5161545977518476, 'gd_bubble_scale': 6.1145107192685675, 'gd_line_scale': 1.140506927196506, 'gd_line_alpha': 0.7457597141305077, 'coalescence_d_scale': 0.5116691282231496, 'capture_scale': 1.1383634648974943}. Best is trial 214 with value: 2.373531962961344.
[I 2026-05-03 20:18:28,675] Trial 454 finished with value: 2.8218360257192914 and parameters: {'rho_global_scale': 0.7180638403919587, 'rho_slope_scale': 0.5017872967285522, 'f_n': 3.018063731441184e-08, 'K_d': 492455.19858705625, 'fission_rate': 6.0437286679434535e+19, 'Dg_D1_scale': 2.226960312770532, 'Dg_D3_scale': 3.5246586043356087, 'Dv_D1_scale': 0.35111135004684135, 'Dv_D2_scale': 1.366657151093823, 'b_bulk_scale': 0.037913339076583, 'b_dislocation_scale': 0.4266606504565595, 'gb_scale': 0.5128906501137092, 'gd_bubble_scale': 6.0994739451750775, 'gd_line_scale': 1.0932256454588036, 'gd_line_alpha': 0.7408603552332582, 'coalescence_d_scale': 0.49534768232890514, 'capture_scale': 1.4060817064613094}. Best is trial 214 with value: 2.373531962961344.
[I 2026-05-03 20:18:34,582] Trial 455 finished with value: 2.5227431957421524 and parameters: {'rho_global_scale': 0.7129806920830433, 'rho_slope_scale': 0.5394501706414582, 'f_n': 3.682702479739553e-08, 'K_d': 476106.2045492789, 'fission_rate': 6.093252733217378e+19, 'Dg_D1_scale': 0.3958786388058123, 'Dg_D3_scale': 2.977790085816603, 'Dv_D1_scale': 0.33349919589503785, 'Dv_D2_scale': 1.8775814955319559, 'b_bulk_scale': 0.054114578693116734, 'b_dislocation_scale': 0.38068933018181, 'gb_scale': 0.5685954694721025, 'gd_bubble_scale': 5.082620387760539, 'gd_line_scale': 0.7468397402228921, 'gd_line_alpha': 0.8922227521511907, 'coalescence_d_scale': 0.3979612585611211, 'capture_scale': 1.1016453047066903}. Best is trial 214 with value: 2.373531962961344.
[I 2026-05-03 20:18:41,094] Trial 456 finished with value: 2.6635516527345406 and parameters: {'rho_global_scale': 0.7106422673500027, 'rho_slope_scale': 0.5701305375606682, 'f_n': 3.509409867111397e-08, 'K_d': 465295.05754189286, 'fission_rate': 5.953541338911589e+19, 'Dg_D1_scale': 2.7043643925752425, 'Dg_D3_scale': 3.78671626834153, 'Dv_D1_scale': 0.3179607259509909, 'Dv_D2_scale': 1.6054917097897843, 'b_bulk_scale': 0.04496108373578401, 'b_dislocation_scale': 0.46146247475295554, 'gb_scale': 0.9426439288183842, 'gd_bubble_scale': 5.610120834693105, 'gd_line_scale': 0.6312830494734065, 'gd_line_alpha': 0.6391311933291373, 'coalescence_d_scale': 0.526108732388013, 'capture_scale': 1.646564628041794}. Best is trial 214 with value: 2.373531962961344.
[I 2026-05-03 20:18:45,068] Trial 457 finished with value: 4.886501664806194 and parameters: {'rho_global_scale': 1.0942562459608736, 'rho_slope_scale': 0.5222713110172519, 'f_n': 2.613105431153774e-08, 'K_d': 460874.5128895786, 'fission_rate': 6.1701134244336165e+19, 'Dg_D1_scale': 2.4880951924949883, 'Dg_D3_scale': 3.9970737917877477, 'Dv_D1_scale': 0.33250007374432117, 'Dv_D2_scale': 1.8229240192246512, 'b_bulk_scale': 0.03306832285491638, 'b_dislocation_scale': 3.9912348941575533, 'gb_scale': 0.6422185361766318, 'gd_bubble_scale': 4.181243471828946, 'gd_line_scale': 1.0061104076320422, 'gd_line_alpha': 0.7078869598999064, 'coalescence_d_scale': 0.44424411393214763, 'capture_scale': 1.1656187527760868}. Best is trial 214 with value: 2.373531962961344.
