[I 2026-05-03 20:10:23,510] Trial 385 finished with value: 2.659442367332153 and parameters: {'rho_global_scale': 0.719457584711751, 'rho_slope_scale': 0.5495509993274039, 'f_n': 1.0875864625530481e-07, 'K_d': 414688.9643882597, 'fission_rate': 6.115527626239885e+19, 'Dg_D1_scale': 3.1012198969744276, 'Dg_D3_scale': 1.034872122415329, 'Dv_D1_scale': 0.2786075269952725, 'Dv_D2_scale': 0.6057457901416324, 'b_bulk_scale': 0.044835497559116255, 'b_dislocation_scale': 0.3575347664927081, 'gb_scale': 0.5326722883347628, 'gd_bubble_scale': 6.872278590087366, 'gd_line_scale': 0.4254089679786517, 'gd_line_alpha': 0.7231864606874352, 'coalescence_d_scale': 0.6435818547245358, 'capture_scale': 1.0470113687918376}. Best is trial 214 with value: 2.373531962961344.Best trial: 214. Best value: 2.37353:  77%|███████▋  | 385/500 [43:18<13:16,  6.93s/it]Best trial: 214. Best value: 2.37353:  77%|███████▋  | 385/500 [43:18<13:16,  6.93s/it]Best trial: 214. Best value: 2.37353:  77%|███████▋  | 386/500 [43:18<12:13,  6.44s/it]                                                                                       Best trial: 214. Best value: 2.37353:  77%|███████▋  | 386/500 [43:27<12:13,  6.44s/it]Best trial: 214. Best value: 2.37353:  77%|███████▋  | 386/500 [43:27<12:13,  6.44s/it]Best trial: 214. Best value: 2.37353:  77%|███████▋  | 387/500 [43:27<13:09,  6.98s/it]                                                                                       Best trial: 214. Best value: 2.37353:  77%|███████▋  | 387/500 [43:33<13:09,  6.98s/it]Best trial: 214. Best value: 2.37353:  77%|███████▋  | 387/500 [43:33<13:09,  6.98s/it]Best trial: 214. Best value: 2.37353:  78%|███████▊  | 388/500 [43:33<12:55,  6.93s/it]                                                                                       Best trial: 214. Best value: 2.37353:  78%|███████▊  | 388/500 [43:41<12:55,  6.93s/it]Best trial: 214. Best value: 2.37353:  78%|███████▊  | 388/500 [43:41<12:55,  6.93s/it]Best trial: 214. Best value: 2.37353:  78%|███████▊  | 389/500 [43:41<13:06,  7.08s/it]                                                                                       Best trial: 214. Best value: 2.37353:  78%|███████▊  | 389/500 [43:48<13:06,  7.08s/it]Best trial: 214. Best value: 2.37353:  78%|███████▊  | 389/500 [43:48<13:06,  7.08s/it]Best trial: 214. Best value: 2.37353:  78%|███████▊  | 390/500 [43:48<13:10,  7.18s/it]                                                                                       Best trial: 214. Best value: 2.37353:  78%|███████▊  | 390/500 [43:54<13:10,  7.18s/it]Best trial: 214. Best value: 2.37353:  78%|███████▊  | 390/500 [43:54<13:10,  7.18s/it]Best trial: 214. Best value: 2.37353:  78%|███████▊  | 391/500 [43:54<12:08,  6.69s/it]                                                                                       Best trial: 214. Best value: 2.37353:  78%|███████▊  | 391/500 [44:01<12:08,  6.69s/it]Best trial: 214. Best value: 2.37353:  78%|███████▊  | 391/500 [44:01<12:08,  6.69s/it]Best trial: 214. Best value: 2.37353:  78%|███████▊  | 392/500 [44:01<12:26,  6.91s/it]                                                                                       Best trial: 214. Best value: 2.37353:  78%|███████▊  | 392/500 [44:09<12:26,  6.91s/it]Best trial: 214. Best value: 2.37353:  78%|███████▊  | 392/500 [44:09<12:26,  6.91s/it]Best trial: 214. Best value: 2.37353:  79%|███████▊  | 393/500 [44:09<12:49,  7.19s/it]                                                                                       Best trial: 214. Best value: 2.37353:  79%|███████▊  | 393/500 [44:17<12:49,  7.19s/it]Best trial: 214. Best value: 2.37353:  79%|███████▊  | 393/500 [44:17<12:49,  7.19s/it]Best trial: 214. Best value: 2.37353:  79%|███████▉  | 394/500 [44:17<12:55,  7.31s/it]                                                                                       Best trial: 214. Best value: 2.37353:  79%|███████▉  | 394/500 [44:22<12:55,  7.31s/it]Best trial: 214. Best value: 2.37353:  79%|███████▉  | 394/500 [44:22<12:55,  7.31s/it]Best trial: 214. Best value: 2.37353:  79%|███████▉  | 395/500 [44:22<11:48,  6.75s/it]                                                                                       Best trial: 214. Best value: 2.37353:  79%|███████▉  | 395/500 [44:29<11:48,  6.75s/it]Best trial: 214. Best value: 2.37353:  79%|███████▉  | 395/500 [44:29<11:48,  6.75s/it]Best trial: 214. Best value: 2.37353:  79%|███████▉  | 396/500 [44:29<11:55,  6.88s/it]                                                                                       
[I 2026-05-03 20:10:31,765] Trial 386 finished with value: 2.4906104850046513 and parameters: {'rho_global_scale': 0.748865766477851, 'rho_slope_scale': 0.5169456885076507, 'f_n': 6.3676843868518e-08, 'K_d': 443845.02683086146, 'fission_rate': 5.830491066339292e+19, 'Dg_D1_scale': 2.6113918265521154, 'Dg_D3_scale': 3.0973235974130717, 'Dv_D1_scale': 0.2485165366750858, 'Dv_D2_scale': 2.321000322155897, 'b_bulk_scale': 0.040867766259949534, 'b_dislocation_scale': 0.40058681836576704, 'gb_scale': 0.6182603685542075, 'gd_bubble_scale': 5.317978864150249, 'gd_line_scale': 1.1160965009085193, 'gd_line_alpha': 0.7804833769244193, 'coalescence_d_scale': 0.4784701701025891, 'capture_scale': 1.386051042085664}. Best is trial 214 with value: 2.373531962961344.
[I 2026-05-03 20:10:38,522] Trial 387 finished with value: 2.9544254443361 and parameters: {'rho_global_scale': 0.7355696773545111, 'rho_slope_scale': 0.5369848698534888, 'f_n': 8.364279814776613e-08, 'K_d': 402840.9687082439, 'fission_rate': 5.963432222623576e+19, 'Dg_D1_scale': 2.932989474987491, 'Dg_D3_scale': 3.5655348771855775, 'Dv_D1_scale': 0.267313176096404, 'Dv_D2_scale': 1.877118361926486, 'b_bulk_scale': 0.05497967855593894, 'b_dislocation_scale': 0.44887342402252955, 'gb_scale': 0.6963740903587742, 'gd_bubble_scale': 4.2987294032219, 'gd_line_scale': 0.618304348587802, 'gd_line_alpha': 0.6804692137201902, 'coalescence_d_scale': 0.6862583639000245, 'capture_scale': 0.833352042538268}. Best is trial 214 with value: 2.373531962961344.
[I 2026-05-03 20:10:46,015] Trial 388 finished with value: 3.030564417770616 and parameters: {'rho_global_scale': 0.7181590215049641, 'rho_slope_scale': 0.5677168975849394, 'f_n': 1.0106977777393282e-07, 'K_d': 410527.52455867117, 'fission_rate': 6.350517596559054e+19, 'Dg_D1_scale': 2.7562589398166186, 'Dg_D3_scale': 3.2880042984450863, 'Dv_D1_scale': 0.8350825038130062, 'Dv_D2_scale': 2.146413593548622, 'b_bulk_scale': 0.03659421829774112, 'b_dislocation_scale': 0.3682106168347353, 'gb_scale': 0.5691666735212246, 'gd_bubble_scale': 6.331070861497162, 'gd_line_scale': 1.247049150154349, 'gd_line_alpha': 0.7464500298705676, 'coalescence_d_scale': 0.6061212079424445, 'capture_scale': 0.967072760054317}. Best is trial 214 with value: 2.373531962961344.
[I 2026-05-03 20:10:53,431] Trial 389 finished with value: 2.613244041163056 and parameters: {'rho_global_scale': 1.0669209944933424, 'rho_slope_scale': 0.5216985293332892, 'f_n': 5.4177836676396166e-08, 'K_d': 358492.166841808, 'fission_rate': 6.251119513098908e+19, 'Dg_D1_scale': 2.5484580827741574, 'Dg_D3_scale': 3.74614208924213, 'Dv_D1_scale': 0.2847205205774273, 'Dv_D2_scale': 2.0057981261952738, 'b_bulk_scale': 0.04722006575275029, 'b_dislocation_scale': 0.5355378126139488, 'gb_scale': 0.4504416019247491, 'gd_bubble_scale': 4.843538206302904, 'gd_line_scale': 0.9610695103686425, 'gd_line_alpha': 0.7038490963932855, 'coalescence_d_scale': 0.5174815218332469, 'capture_scale': 1.1160942304246673}. Best is trial 214 with value: 2.373531962961344.
[I 2026-05-03 20:10:58,959] Trial 390 finished with value: 2.493339956287062 and parameters: {'rho_global_scale': 0.7516450642126237, 'rho_slope_scale': 0.5461174778851287, 'f_n': 8.013159405164201e-09, 'K_d': 434328.11891040637, 'fission_rate': 5.897443773271612e+19, 'Dg_D1_scale': 3.1501479110496726, 'Dg_D3_scale': 3.818569195422262, 'Dv_D1_scale': 0.42806638367486777, 'Dv_D2_scale': 2.2574914918074507, 'b_bulk_scale': 0.038821772576962336, 'b_dislocation_scale': 0.41891386755452753, 'gb_scale': 0.7681665000162579, 'gd_bubble_scale': 3.96576228206813, 'gd_line_scale': 0.5260618366063798, 'gd_line_alpha': 0.7286583343696567, 'coalescence_d_scale': 0.43015955814772927, 'capture_scale': 0.7172849571578994}. Best is trial 214 with value: 2.373531962961344.
[I 2026-05-03 20:11:06,394] Trial 391 finished with value: 2.9521604025732837 and parameters: {'rho_global_scale': 0.7355289311578646, 'rho_slope_scale': 0.520279401461467, 'f_n': 2.3785721688815665e-08, 'K_d': 421610.48012756236, 'fission_rate': 6.416962232813772e+19, 'Dg_D1_scale': 2.5038829085857577, 'Dg_D3_scale': 3.4813760845099377, 'Dv_D1_scale': 0.3620265390083876, 'Dv_D2_scale': 2.46069360296508, 'b_bulk_scale': 0.04445800605038531, 'b_dislocation_scale': 0.4914457195173398, 'gb_scale': 0.5173942416217533, 'gd_bubble_scale': 5.853618286860734, 'gd_line_scale': 1.416836476168004, 'gd_line_alpha': 0.66188090730651, 'coalescence_d_scale': 0.5522344249805162, 'capture_scale': 1.2756870248547918}. Best is trial 214 with value: 2.373531962961344.
[I 2026-05-03 20:11:14,246] Trial 392 finished with value: 2.986938056707088 and parameters: {'rho_global_scale': 0.7679955419348725, 'rho_slope_scale': 1.1272612456425437, 'f_n': 6.832221140324435e-08, 'K_d': 531740.5072602773, 'fission_rate': 6.136788714214852e+19, 'Dg_D1_scale': 3.1408507768795197, 'Dg_D3_scale': 3.7834748680372936, 'Dv_D1_scale': 0.29856458401897673, 'Dv_D2_scale': 1.896575636654022, 'b_bulk_scale': 0.051198295494111194, 'b_dislocation_scale': 0.3534524405957481, 'gb_scale': 0.629767080993986, 'gd_bubble_scale': 4.495118043506244, 'gd_line_scale': 1.0201292291111288, 'gd_line_alpha': 0.7592981290056497, 'coalescence_d_scale': 0.4971058251318252, 'capture_scale': 0.5395312999005337}. Best is trial 214 with value: 2.373531962961344.
[I 2026-05-03 20:11:21,828] Trial 393 finished with value: 2.524964322800508 and parameters: {'rho_global_scale': 0.7139744190171359, 'rho_slope_scale': 0.5862054592280415, 'f_n': 1.2757340338219328e-08, 'K_d': 398405.3645388928, 'fission_rate': 5.996149241564528e+19, 'Dg_D1_scale': 2.8448297270856013, 'Dg_D3_scale': 3.993265157900264, 'Dv_D1_scale': 0.3935623975605156, 'Dv_D2_scale': 1.6408646508271434, 'b_bulk_scale': 0.035390286328216586, 'b_dislocation_scale': 0.4454438820008281, 'gb_scale': 0.6741540446334848, 'gd_bubble_scale': 5.166738484683005, 'gd_line_scale': 0.7082503840507547, 'gd_line_alpha': 0.6845681757524524, 'coalescence_d_scale': 0.6395917346406403, 'capture_scale': 0.8388823275109056}. Best is trial 214 with value: 2.373531962961344.
[I 2026-05-03 20:11:27,278] Trial 394 finished with value: 2.6535208182505654 and parameters: {'rho_global_scale': 0.7265048005297804, 'rho_slope_scale': 0.6220404627419207, 'f_n': 1.9032878586486466e-08, 'K_d': 390126.3502719754, 'fission_rate': 6.4879468203109876e+19, 'Dg_D1_scale': 2.3736927036209794, 'Dg_D3_scale': 3.3015810965151324, 'Dv_D1_scale': 0.25880719661541146, 'Dv_D2_scale': 1.9894101110076476, 'b_bulk_scale': 0.04011949315195009, 'b_dislocation_scale': 0.3992309624010963, 'gb_scale': 0.5665034981414537, 'gd_bubble_scale': 3.705564640748833, 'gd_line_scale': 1.1567321398482768, 'gd_line_alpha': 0.718486193333256, 'coalescence_d_scale': 0.45567558102578976, 'capture_scale': 0.9858724687862658}. Best is trial 214 with value: 2.373531962961344.
[I 2026-05-03 20:11:34,401] Trial 395 finished with value: 2.4996873886592446 and parameters: {'rho_global_scale': 0.7439506727782422, 'rho_slope_scale': 0.5641571389469742, 'f_n': 1.1657336941384478e-07, 'K_d': 478558.5693948524, 'fission_rate': 6.2575455805230965e+19, 'Dg_D1_scale': 2.671095971156564, 'Dg_D3_scale': 3.6127877335845047, 'Dv_D1_scale': 0.244228119691217, 'Dv_D2_scale': 1.8200148835566137, 'b_bulk_scale': 0.05777267343197515, 'b_dislocation_scale': 0.5245523178642294, 'gb_scale': 0.7724623744764053, 'gd_bubble_scale': 6.61434670858705, 'gd_line_scale': 1.3164435738099536, 'gd_line_alpha': 0.7381907845891713, 'coalescence_d_scale': 0.6985069767958387, 'capture_scale': 1.481395998056899}. Best is trial 214 with value: 2.373531962961344.
[I 2026-05-03 20:11:41,998] Trial 396 finished with value: 2.5882896067285612 and parameters: {'rho_global_scale': 0.7139879904116053, 'rho_slope_scale': 0.5019777900154169, 'f_n': 3.2237085069218775e-08, 'K_d': 413487.9944145401, 'fission_rate': 6.060462070987659e+19, 'Dg_D1_scale': 3.0039067829250032, 'Dg_D3_scale': 3.9869386101203177, 'Dv_D1_scale': 0.464747893201426, 'Dv_D2_scale': 0.5043048620963069, 'b_bulk_scale': 0.04719022334518755, 'b_dislocation_scale': 0.4665621619385304, 'gb_scale': 0.5028125508845478, 'gd_bubble_scale': 4.764617228793102, 'gd_line_scale': 0.8954889207070276, 'gd_line_alpha': 0.6350723178224325, 'coalescence_d_scale': 0.583232346536798, 'capture_scale': 1.138713759120507}. Best is trial 214 with value: 2.373531962961344.Best trial: 214. Best value: 2.37353:  79%|███████▉  | 396/500 [44:37<11:55,  6.88s/it]Best trial: 214. Best value: 2.37353:  79%|███████▉  | 396/500 [44:37<11:55,  6.88s/it]Best trial: 214. Best value: 2.37353:  79%|███████▉  | 397/500 [44:37<12:09,  7.08s/it]                                                                                       Best trial: 214. Best value: 2.37353:  79%|███████▉  | 397/500 [44:43<12:09,  7.08s/it]Best trial: 214. Best value: 2.37353:  79%|███████▉  | 397/500 [44:44<12:09,  7.08s/it]Best trial: 214. Best value: 2.37353:  80%|███████▉  | 398/500 [44:44<11:49,  6.96s/it]                                                                                       Best trial: 214. Best value: 2.37353:  80%|███████▉  | 398/500 [44:49<11:49,  6.96s/it]Best trial: 214. Best value: 2.37353:  80%|███████▉  | 398/500 [44:49<11:49,  6.96s/it]Best trial: 214. Best value: 2.37353:  80%|███████▉  | 399/500 [44:50<11:12,  6.66s/it]                                                                                       Best trial: 214. Best value: 2.37353:  80%|███████▉  | 399/500 [44:57<11:12,  6.66s/it]Best trial: 214. Best value: 2.37353:  80%|███████▉  | 399/500 [44:57<11:12,  6.66s/it]Best trial: 214. Best value: 2.37353:  80%|████████  | 400/500 [44:57<11:29,  6.89s/it]                                                                                       Best trial: 214. Best value: 2.37353:  80%|████████  | 400/500 [45:02<11:29,  6.89s/it]Best trial: 214. Best value: 2.37353:  80%|████████  | 400/500 [45:03<11:29,  6.89s/it]Best trial: 214. Best value: 2.37353:  80%|████████  | 401/500 [45:03<10:43,  6.50s/it]                                                                                       Best trial: 214. Best value: 2.37353:  80%|████████  | 401/500 [45:10<10:43,  6.50s/it]Best trial: 214. Best value: 2.37353:  80%|████████  | 401/500 [45:10<10:43,  6.50s/it]Best trial: 214. Best value: 2.37353:  80%|████████  | 402/500 [45:10<11:15,  6.89s/it]                                                                                       Best trial: 214. Best value: 2.37353:  80%|████████  | 402/500 [45:18<11:15,  6.89s/it]Best trial: 214. Best value: 2.37353:  80%|████████  | 402/500 [45:18<11:15,  6.89s/it]Best trial: 214. Best value: 2.37353:  81%|████████  | 403/500 [45:18<11:27,  7.09s/it]                                                                                       Best trial: 214. Best value: 2.37353:  81%|████████  | 403/500 [45:24<11:27,  7.09s/it]Best trial: 214. Best value: 2.37353:  81%|████████  | 403/500 [45:24<11:27,  7.09s/it]Best trial: 214. Best value: 2.37353:  81%|████████  | 404/500 [45:24<10:47,  6.74s/it]                                                                                       Best trial: 214. Best value: 2.37353:  81%|████████  | 404/500 [45:31<10:47,  6.74s/it]Best trial: 214. Best value: 2.37353:  81%|████████  | 404/500 [45:31<10:47,  6.74s/it]Best trial: 214. Best value: 2.37353:  81%|████████  | 405/500 [45:31<10:44,  6.79s/it]                                                                                       Best trial: 214. Best value: 2.37353:  81%|████████  | 405/500 [45:36<10:44,  6.79s/it]Best trial: 214. Best value: 2.37353:  81%|████████  | 405/500 [45:36<10:44,  6.79s/it]Best trial: 214. Best value: 2.37353:  81%|████████  | 406/500 [45:36<09:59,  6.38s/it]                                                                                       Best trial: 214. Best value: 2.37353:  81%|████████  | 406/500 [45:44<09:59,  6.38s/it]Best trial: 214. Best value: 2.37353:  81%|████████  | 406/500 [45:44<09:59,  6.38s/it]Best trial: 214. Best value: 2.37353:  81%|████████▏ | 407/500 [45:44<10:33,  6.81s/it]                                                                                       
[I 2026-05-03 20:11:48,664] Trial 397 finished with value: 2.584950221787397 and parameters: {'rho_global_scale': 0.7313756774953228, 'rho_slope_scale': 0.5392249788873795, 'f_n': 8.736641682377885e-08, 'K_d': 453418.1076494546, 'fission_rate': 6.361375407344696e+19, 'Dg_D1_scale': 2.122806015056777, 'Dg_D3_scale': 3.533746644997901, 'Dv_D1_scale': 0.2730771074555882, 'Dv_D2_scale': 2.1600739007554597, 'b_bulk_scale': 0.0424273059683506, 'b_dislocation_scale': 0.3800139074362275, 'gb_scale': 0.4367590193460052, 'gd_bubble_scale': 4.248152174623029, 'gd_line_scale': 0.6211655751203465, 'gd_line_alpha': 0.703865870173058, 'coalescence_d_scale': 0.39847168632688995, 'capture_scale': 0.8206436416492761}. Best is trial 214 with value: 2.373531962961344.
[I 2026-05-03 20:11:54,615] Trial 398 finished with value: 2.6749935062329717 and parameters: {'rho_global_scale': 0.7563842393233675, 'rho_slope_scale': 0.5001456313759655, 'f_n': 4.819764685264209e-08, 'K_d': 515211.1784381854, 'fission_rate': 6.166557786294987e+19, 'Dg_D1_scale': 2.672131425669187, 'Dg_D3_scale': 3.0409640750204754, 'Dv_D1_scale': 0.3083251760693298, 'Dv_D2_scale': 2.3637899717282482, 'b_bulk_scale': 0.037445637918674404, 'b_dislocation_scale': 0.3144942461325592, 'gb_scale': 0.6114310628318301, 'gd_bubble_scale': 5.466860751964382, 'gd_line_scale': 0.7569346618386027, 'gd_line_alpha': 0.765031959333961, 'coalescence_d_scale': 0.5412312609036782, 'capture_scale': 0.6345748064200071}. Best is trial 214 with value: 2.373531962961344.
[I 2026-05-03 20:12:02,068] Trial 399 finished with value: 3.512464153011071 and parameters: {'rho_global_scale': 1.551874002111558, 'rho_slope_scale': 0.5258402093173459, 'f_n': 2.6788997668828135e-08, 'K_d': 429246.6841462762, 'fission_rate': 6.505443494649188e+19, 'Dg_D1_scale': 2.4233126270722756, 'Dg_D3_scale': 3.7678700023717036, 'Dv_D1_scale': 0.2880656514551805, 'Dv_D2_scale': 1.7891595532313873, 'b_bulk_scale': 0.05300944243328835, 'b_dislocation_scale': 0.5468351378520794, 'gb_scale': 0.6869840030852143, 'gd_bubble_scale': 6.014516351304242, 'gd_line_scale': 1.0846442343393776, 'gd_line_alpha': 0.6722898874792659, 'coalescence_d_scale': 0.48483062071330935, 'capture_scale': 0.9819003332627854}. Best is trial 214 with value: 2.373531962961344.
[I 2026-05-03 20:12:07,655] Trial 400 finished with value: 2.9263238947484775 and parameters: {'rho_global_scale': 0.7708066377428552, 'rho_slope_scale': 0.5601562592929124, 'f_n': 7.239744022021265e-08, 'K_d': 440586.04661277996, 'fission_rate': 6.291416529297681e+19, 'Dg_D1_scale': 0.5621817873529131, 'Dg_D3_scale': 3.325045065363943, 'Dv_D1_scale': 0.35256474301023366, 'Dv_D2_scale': 2.5234433326550967, 'b_bulk_scale': 0.03502392576363154, 'b_dislocation_scale': 0.4147320538141904, 'gb_scale': 0.8304512427477891, 'gd_bubble_scale': 7.121326714885966, 'gd_line_scale': 0.48209779166807515, 'gd_line_alpha': 0.7393115502590297, 'coalescence_d_scale': 0.33996133648965315, 'capture_scale': 1.269605426533022}. Best is trial 214 with value: 2.373531962961344.
[I 2026-05-03 20:12:15,462] Trial 401 finished with value: 2.9270406059990473 and parameters: {'rho_global_scale': 0.7239476840648509, 'rho_slope_scale': 0.587773969294714, 'f_n': 3.715515102103221e-08, 'K_d': 419800.3567518075, 'fission_rate': 6.093139336696592e+19, 'Dg_D1_scale': 2.8944647279115685, 'Dg_D3_scale': 3.992351846252564, 'Dv_D1_scale': 0.2564787100436018, 'Dv_D2_scale': 2.0545940415561565, 'b_bulk_scale': 0.04062056539161754, 'b_dislocation_scale': 0.4599978123092285, 'gb_scale': 0.566620197523981, 'gd_bubble_scale': 8.439901339828738, 'gd_line_scale': 1.4638534905766636, 'gd_line_alpha': 0.5491957792289258, 'coalescence_d_scale': 0.6251000095030311, 'capture_scale': 0.7464497511921475}. Best is trial 214 with value: 2.373531962961344.
[I 2026-05-03 20:12:23,003] Trial 402 finished with value: 3.569843074408742 and parameters: {'rho_global_scale': 1.1876082482560675, 'rho_slope_scale': 0.5372749261123638, 'f_n': 5.7823247644704944e-08, 'K_d': 404820.30061229144, 'fission_rate': 6.418474299513473e+19, 'Dg_D1_scale': 1.2162124394299136, 'Dg_D3_scale': 3.618812641748016, 'Dv_D1_scale': 0.40797360777703057, 'Dv_D2_scale': 1.711380877219006, 'b_bulk_scale': 0.05939590177168565, 'b_dislocation_scale': 0.3758594611511182, 'gb_scale': 0.5213145631490983, 'gd_bubble_scale': 4.8125413737065, 'gd_line_scale': 1.2799806039629578, 'gd_line_alpha': 0.6900192631798349, 'coalescence_d_scale': 0.7245153284122418, 'capture_scale': 0.926995014398443}. Best is trial 214 with value: 2.373531962961344.
