[I 2026-05-03 19:59:42,643] Trial 293 finished with value: 2.5535380884384598 and parameters: {'rho_global_scale': 0.714110177321153, 'rho_slope_scale': 0.503590567076374, 'f_n': 4.010047196853437e-08, 'K_d': 402240.27653391723, 'fission_rate': 6.090010096158523e+19, 'Dg_D1_scale': 2.4978739260145004, 'Dg_D3_scale': 3.982482961724483, 'Dv_D1_scale': 0.3166362979623977, 'Dv_D2_scale': 1.8780104968504845, 'b_bulk_scale': 0.0836848136689646, 'b_dislocation_scale': 0.4513048659520511, 'gb_scale': 0.8406739025944118, 'gd_bubble_scale': 5.5806295903002034, 'gd_line_scale': 0.5776758113383275, 'gd_line_alpha': 0.6924724496355774, 'coalescence_d_scale': 0.49804310492811094, 'capture_scale': 1.0031645361239847}. Best is trial 214 with value: 2.373531962961344.
[I 2026-05-03 19:59:48,573] Trial 294 finished with value: 2.445176387427495 and parameters: {'rho_global_scale': 0.7415956663081245, 'rho_slope_scale': 0.5034907297063945, 'f_n': 3.2126542985598134e-08, 'K_d': 412710.00872126006, 'fission_rate': 5.999986493656885e+19, 'Dg_D1_scale': 2.343199009738203, 'Dg_D3_scale': 3.9979423447712716, 'Dv_D1_scale': 0.3865822823882184, 'Dv_D2_scale': 1.9868678039783922, 'b_bulk_scale': 0.061300487900694006, 'b_dislocation_scale': 0.4176105105071206, 'gb_scale': 0.6518330882755323, 'gd_bubble_scale': 4.952494884262564, 'gd_line_scale': 0.6584715929562083, 'gd_line_alpha': 0.7230245639245646, 'coalescence_d_scale': 0.5585688721674902, 'capture_scale': 1.3178233067713367}. Best is trial 214 with value: 2.373531962961344.
[I 2026-05-03 19:59:56,752] Trial 295 finished with value: 3.046770176886738 and parameters: {'rho_global_scale': 0.7080312708950428, 'rho_slope_scale': 0.5004276963143872, 'f_n': 3.100351156568068e-08, 'K_d': 410385.1372652788, 'fission_rate': 5.958649819985449e+19, 'Dg_D1_scale': 2.119252174554317, 'Dg_D3_scale': 3.74499487964777, 'Dv_D1_scale': 0.4410321998763651, 'Dv_D2_scale': 1.9517372687372916, 'b_bulk_scale': 0.07981929684776566, 'b_dislocation_scale': 0.27761843855338353, 'gb_scale': 0.6876468845680197, 'gd_bubble_scale': 5.1226649779136695, 'gd_line_scale': 0.6928885481943992, 'gd_line_alpha': 0.6805408786872825, 'coalescence_d_scale': 0.507912239209723, 'capture_scale': 1.3358667938040507}. Best is trial 214 with value: 2.373531962961344.
[I 2026-05-03 20:00:04,877] Trial 296 finished with value: 2.7354196640186874 and parameters: {'rho_global_scale': 0.7425727004824493, 'rho_slope_scale': 0.523611315873117, 'f_n': 2.7260332365851996e-08, 'K_d': 382213.2638319005, 'fission_rate': 5.9975898966460735e+19, 'Dg_D1_scale': 2.3707411887379077, 'Dg_D3_scale': 3.987672985908224, 'Dv_D1_scale': 0.35343946498917234, 'Dv_D2_scale': 1.5785925573341602, 'b_bulk_scale': 0.06642929007147236, 'b_dislocation_scale': 0.4002448996383794, 'gb_scale': 0.5051928717597185, 'gd_bubble_scale': 5.641231604104841, 'gd_line_scale': 0.6727905269153945, 'gd_line_alpha': 0.714549348882258, 'coalescence_d_scale': 0.4482335133808525, 'capture_scale': 1.884186248899932}. Best is trial 214 with value: 2.373531962961344.
[I 2026-05-03 20:00:12,479] Trial 297 finished with value: 2.468226958387091 and parameters: {'rho_global_scale': 0.720924026069249, 'rho_slope_scale': 0.502587583419166, 'f_n': 3.4529622095159107e-08, 'K_d': 400287.33478828165, 'fission_rate': 6.112623888291996e+19, 'Dg_D1_scale': 2.602937330573187, 'Dg_D3_scale': 3.319141834777962, 'Dv_D1_scale': 0.3837849997175439, 'Dv_D2_scale': 1.8206093698310155, 'b_bulk_scale': 0.0709052967114964, 'b_dislocation_scale': 0.40339016966574387, 'gb_scale': 0.7804056638729339, 'gd_bubble_scale': 4.92551330370857, 'gd_line_scale': 0.62063949223827, 'gd_line_alpha': 0.7226862610965483, 'coalescence_d_scale': 0.5578016070371657, 'capture_scale': 1.0655154142681897}. Best is trial 214 with value: 2.373531962961344.Best trial: 214. Best value: 2.37353:  59%|█████▉    | 297/500 [33:07<25:31,  7.55s/it]Best trial: 214. Best value: 2.37353:  59%|█████▉    | 297/500 [33:07<25:31,  7.55s/it]Best trial: 214. Best value: 2.37353:  60%|█████▉    | 298/500 [33:07<25:27,  7.56s/it]                                                                                       Best trial: 214. Best value: 2.37353:  60%|█████▉    | 298/500 [33:13<25:27,  7.56s/it]Best trial: 214. Best value: 2.37353:  60%|█████▉    | 298/500 [33:13<25:27,  7.56s/it]Best trial: 214. Best value: 2.37353:  60%|█████▉    | 299/500 [33:13<23:49,  7.11s/it]                                                                                       Best trial: 214. Best value: 2.37353:  60%|█████▉    | 299/500 [33:20<23:49,  7.11s/it]Best trial: 214. Best value: 2.37353:  60%|█████▉    | 299/500 [33:20<23:49,  7.11s/it]Best trial: 214. Best value: 2.37353:  60%|██████    | 300/500 [33:20<23:26,  7.03s/it]                                                                                       Best trial: 214. Best value: 2.37353:  60%|██████    | 300/500 [33:29<23:26,  7.03s/it]Best trial: 214. Best value: 2.37353:  60%|██████    | 300/500 [33:29<23:26,  7.03s/it]Best trial: 214. Best value: 2.37353:  60%|██████    | 301/500 [33:29<25:05,  7.57s/it]                                                                                       Best trial: 214. Best value: 2.37353:  60%|██████    | 301/500 [33:36<25:05,  7.57s/it]Best trial: 214. Best value: 2.37353:  60%|██████    | 301/500 [33:36<25:05,  7.57s/it]Best trial: 214. Best value: 2.37353:  60%|██████    | 302/500 [33:36<24:25,  7.40s/it]                                                                                       Best trial: 214. Best value: 2.37353:  60%|██████    | 302/500 [33:42<24:25,  7.40s/it]Best trial: 214. Best value: 2.37353:  60%|██████    | 302/500 [33:42<24:25,  7.40s/it]Best trial: 214. Best value: 2.37353:  61%|██████    | 303/500 [33:42<23:11,  7.06s/it]                                                                                       Best trial: 214. Best value: 2.37353:  61%|██████    | 303/500 [33:50<23:11,  7.06s/it]Best trial: 214. Best value: 2.37353:  61%|██████    | 303/500 [33:50<23:11,  7.06s/it]Best trial: 214. Best value: 2.37353:  61%|██████    | 304/500 [33:50<23:51,  7.30s/it]                                                                                       Best trial: 214. Best value: 2.37353:  61%|██████    | 304/500 [33:57<23:51,  7.30s/it]Best trial: 214. Best value: 2.37353:  61%|██████    | 304/500 [33:57<23:51,  7.30s/it]Best trial: 214. Best value: 2.37353:  61%|██████    | 305/500 [33:57<23:30,  7.23s/it]                                                                                       Best trial: 214. Best value: 2.37353:  61%|██████    | 305/500 [34:05<23:30,  7.23s/it]Best trial: 214. Best value: 2.37353:  61%|██████    | 305/500 [34:05<23:30,  7.23s/it]Best trial: 214. Best value: 2.37353:  61%|██████    | 306/500 [34:05<24:09,  7.47s/it]                                                                                       Best trial: 214. Best value: 2.37353:  61%|██████    | 306/500 [34:12<24:09,  7.47s/it]Best trial: 214. Best value: 2.37353:  61%|██████    | 306/500 [34:12<24:09,  7.47s/it]Best trial: 214. Best value: 2.37353:  61%|██████▏   | 307/500 [34:12<23:19,  7.25s/it]                                                                                       Best trial: 214. Best value: 2.37353:  61%|██████▏   | 307/500 [34:18<23:19,  7.25s/it]Best trial: 214. Best value: 2.37353:  61%|██████▏   | 307/500 [34:18<23:19,  7.25s/it]Best trial: 214. Best value: 2.37353:  62%|██████▏   | 308/500 [34:18<22:02,  6.89s/it]                                                                                       
[I 2026-05-03 20:00:18,545] Trial 298 finished with value: 2.706162329556412 and parameters: {'rho_global_scale': 0.7226645683601459, 'rho_slope_scale': 0.5430860895389986, 'f_n': 2.0736758414982578e-08, 'K_d': 402908.3929610743, 'fission_rate': 6.109360816604558e+19, 'Dg_D1_scale': 2.6043168260300424, 'Dg_D3_scale': 3.2026898194630253, 'Dv_D1_scale': 0.38610704079984026, 'Dv_D2_scale': 1.862018188048991, 'b_bulk_scale': 0.06469485825289968, 'b_dislocation_scale': 0.32431357539461836, 'gb_scale': 0.7557004235998804, 'gd_bubble_scale': 4.834754332417695, 'gd_line_scale': 0.6251180914269661, 'gd_line_alpha': 0.032904218151687536, 'coalescence_d_scale': 0.5463274205997216, 'capture_scale': 1.0653603554869702}. Best is trial 214 with value: 2.373531962961344.
[I 2026-05-03 20:00:25,384] Trial 299 finished with value: 2.7869048777948295 and parameters: {'rho_global_scale': 0.7024971490162835, 'rho_slope_scale': 0.503529660894788, 'f_n': 3.186916960744209e-08, 'K_d': 413524.92789959983, 'fission_rate': 6.137267206970402e+19, 'Dg_D1_scale': 2.2170937556496737, 'Dg_D3_scale': 3.4937356971216973, 'Dv_D1_scale': 0.4110143224582913, 'Dv_D2_scale': 1.7096199479340104, 'b_bulk_scale': 0.07192952937483366, 'b_dislocation_scale': 0.417311374018908, 'gb_scale': 0.8426070885469398, 'gd_bubble_scale': 3.9766926416403083, 'gd_line_scale': 0.5570906846195458, 'gd_line_alpha': 0.7216057737983458, 'coalescence_d_scale': 0.5575537482954822, 'capture_scale': 1.266663202495795}. Best is trial 214 with value: 2.373531962961344.
[I 2026-05-03 20:00:34,195] Trial 300 finished with value: 2.6907326662777025 and parameters: {'rho_global_scale': 0.7475078254274589, 'rho_slope_scale': 0.5013715477910804, 'f_n': 4.43949741749773e-08, 'K_d': 405206.3559947707, 'fission_rate': 5.90050270090585e+19, 'Dg_D1_scale': 2.408658819965901, 'Dg_D3_scale': 3.2936122386703914, 'Dv_D1_scale': 0.3149361673291248, 'Dv_D2_scale': 2.0227878677212185, 'b_bulk_scale': 0.0772691248673642, 'b_dislocation_scale': 0.3392336549224333, 'gb_scale': 0.6549928242747465, 'gd_bubble_scale': 5.311858424290846, 'gd_line_scale': 0.7648165045025925, 'gd_line_alpha': 0.6484123417875935, 'coalescence_d_scale': 0.48221488796527107, 'capture_scale': 1.4289135889562838}. Best is trial 214 with value: 2.373531962961344.
[I 2026-05-03 20:00:41,215] Trial 301 finished with value: 2.6546635882406115 and parameters: {'rho_global_scale': 0.7292174563861011, 'rho_slope_scale': 1.0713436510258667, 'f_n': 3.697799932705088e-08, 'K_d': 397906.90189659724, 'fission_rate': 6.102798654385251e+19, 'Dg_D1_scale': 2.606841430403855, 'Dg_D3_scale': 3.381004530896136, 'Dv_D1_scale': 0.34545476952093584, 'Dv_D2_scale': 1.8469831620521773, 'b_bulk_scale': 0.06604864493113806, 'b_dislocation_scale': 0.46769390340898964, 'gb_scale': 0.7600840945743511, 'gd_bubble_scale': 3.664668727146672, 'gd_line_scale': 0.6323351002526927, 'gd_line_alpha': 0.6960087395789288, 'coalescence_d_scale': 0.4373568434948117, 'capture_scale': 1.0572505303185082}. Best is trial 214 with value: 2.373531962961344.
[I 2026-05-03 20:00:47,486] Trial 302 finished with value: 2.637297862105123 and parameters: {'rho_global_scale': 0.7198048476665578, 'rho_slope_scale': 0.5771338655369626, 'f_n': 4.355272117149021e-08, 'K_d': 390884.2343190107, 'fission_rate': 6.005011235827417e+19, 'Dg_D1_scale': 2.3944074778937914, 'Dg_D3_scale': 3.046326753394157, 'Dv_D1_scale': 0.38336815819632414, 'Dv_D2_scale': 2.111622211366716, 'b_bulk_scale': 0.07045010097874647, 'b_dislocation_scale': 0.37945631047334116, 'gb_scale': 0.5736597335316338, 'gd_bubble_scale': 4.943471227282029, 'gd_line_scale': 0.8321816293807373, 'gd_line_alpha': 0.7149066689304486, 'coalescence_d_scale': 0.6003915318914294, 'capture_scale': 1.2060754701998937}. Best is trial 214 with value: 2.373531962961344.
[I 2026-05-03 20:00:55,348] Trial 303 finished with value: 2.770819947933799 and parameters: {'rho_global_scale': 0.7012628882066538, 'rho_slope_scale': 1.5375590372270584, 'f_n': 3.136704919372019e-08, 'K_d': 427231.86872523616, 'fission_rate': 6.159059739582804e+19, 'Dg_D1_scale': 2.635180941409587, 'Dg_D3_scale': 3.6552423312698497, 'Dv_D1_scale': 0.29458811063483425, 'Dv_D2_scale': 1.9419462581798803, 'b_bulk_scale': 0.05799043414695476, 'b_dislocation_scale': 0.41651645621442435, 'gb_scale': 0.6070254592806844, 'gd_bubble_scale': 4.283573287369646, 'gd_line_scale': 0.7926385183118689, 'gd_line_alpha': 0.7322566973981389, 'coalescence_d_scale': 0.5344347898229316, 'capture_scale': 0.8634580781943688}. Best is trial 214 with value: 2.373531962961344.
[I 2026-05-03 20:01:02,429] Trial 304 finished with value: 2.5067190941038 and parameters: {'rho_global_scale': 0.7452646978010907, 'rho_slope_scale': 0.5404869649121244, 'f_n': 2.3499678291544825e-08, 'K_d': 418455.8572286938, 'fission_rate': 6.2068208350467965e+19, 'Dg_D1_scale': 2.038745211537319, 'Dg_D3_scale': 3.736216380164085, 'Dv_D1_scale': 0.320107453224061, 'Dv_D2_scale': 2.2118093632991647, 'b_bulk_scale': 0.06229621138769656, 'b_dislocation_scale': 0.48665825280842817, 'gb_scale': 0.9302035882513257, 'gd_bubble_scale': 5.4571430712468425, 'gd_line_scale': 0.724669169811126, 'gd_line_alpha': 0.6695977469558048, 'coalescence_d_scale': 0.4715771060426293, 'capture_scale': 0.9975865886950687}. Best is trial 214 with value: 2.373531962961344.
[I 2026-05-03 20:01:10,433] Trial 305 finished with value: 2.8147615778331767 and parameters: {'rho_global_scale': 0.729816210312204, 'rho_slope_scale': 0.5004661230241979, 'f_n': 3.6832033728782015e-08, 'K_d': 414465.9726710022, 'fission_rate': 6.077632855955139e+19, 'Dg_D1_scale': 2.438778743911312, 'Dg_D3_scale': 3.5617031772644596, 'Dv_D1_scale': 0.33413450264514194, 'Dv_D2_scale': 1.7653744727484209, 'b_bulk_scale': 0.05766951776377693, 'b_dislocation_scale': 0.3030907993133103, 'gb_scale': 0.6765701666697596, 'gd_bubble_scale': 4.80000480134045, 'gd_line_scale': 0.8859886439483512, 'gd_line_alpha': 0.625589028162922, 'coalescence_d_scale': 0.4227582621847796, 'capture_scale': 1.6946360417721185}. Best is trial 214 with value: 2.373531962961344.
[I 2026-05-03 20:01:17,192] Trial 306 finished with value: 2.8040512916698286 and parameters: {'rho_global_scale': 0.7181632451883272, 'rho_slope_scale': 0.5527764721187063, 'f_n': 4.992042513306171e-08, 'K_d': 424503.2820306624, 'fission_rate': 5.981125203846738e+19, 'Dg_D1_scale': 2.8595685935288477, 'Dg_D3_scale': 3.1982448384173825, 'Dv_D1_scale': 0.3686735246360161, 'Dv_D2_scale': 2.0423615588343282, 'b_bulk_scale': 0.06629318492590686, 'b_dislocation_scale': 0.4297279947308748, 'gb_scale': 0.7926904162689447, 'gd_bubble_scale': 3.5317777349845363, 'gd_line_scale': 0.6833877105269746, 'gd_line_alpha': 0.6930085438918165, 'coalescence_d_scale': 0.5965665155064265, 'capture_scale': 1.3644239226311086}. Best is trial 214 with value: 2.373531962961344.
[I 2026-05-03 20:01:23,230] Trial 307 finished with value: 2.8395695143343356 and parameters: {'rho_global_scale': 0.739954462709751, 'rho_slope_scale': 0.5264148411778785, 'f_n': 2.7888672687025595e-08, 'K_d': 432092.36996207986, 'fission_rate': 6.225079399190251e+19, 'Dg_D1_scale': 2.190094965916522, 'Dg_D3_scale': 3.76661556009626, 'Dv_D1_scale': 0.29594423985055723, 'Dv_D2_scale': 1.8421039533637609, 'b_bulk_scale': 0.07258380478620288, 'b_dislocation_scale': 0.36624962070687733, 'gb_scale': 0.5408331255351605, 'gd_bubble_scale': 5.763800608884617, 'gd_line_scale': 0.7536411946722128, 'gd_line_alpha': 0.7326927541804908, 'coalescence_d_scale': 0.4902260832092996, 'capture_scale': 1.1018940483029984}. Best is trial 214 with value: 2.373531962961344.
[I 2026-05-03 20:01:30,906] Trial 308 finished with value: 2.539034780438926 and parameters: {'rho_global_scale': 0.7508265155517162, 'rho_slope_scale': 0.5951985138694742, 'f_n': 4.316840416367467e-08, 'K_d': 402194.5473423007, 'fission_rate': 6.183389559217396e+19, 'Dg_D1_scale': 2.7143423389309334, 'Dg_D3_scale': 3.458464498925985, 'Dv_D1_scale': 0.3364945583409141, 'Dv_D2_scale': 2.1974387387270107, 'b_bulk_scale': 0.09145266422370482, 'b_dislocation_scale': 0.4736369142348202, 'gb_scale': 0.6596885714113891, 'gd_bubble_scale': 4.112636726521178, 'gd_line_scale': 0.9129617268065919, 'gd_line_alpha': 0.7074714267970899, 'coalescence_d_scale': 0.40436968207331003, 'capture_scale': 0.8750860090412195}. Best is trial 214 with value: 2.373531962961344.Best trial: 214. Best value: 2.37353:  62%|██████▏   | 308/500 [34:26<22:02,  6.89s/it]Best trial: 214. Best value: 2.37353:  62%|██████▏   | 308/500 [34:26<22:02,  6.89s/it]Best trial: 214. Best value: 2.37353:  62%|██████▏   | 309/500 [34:26<22:40,  7.12s/it]                                                                                       Best trial: 214. Best value: 2.37353:  62%|██████▏   | 309/500 [34:34<22:40,  7.12s/it]Best trial: 214. Best value: 2.37353:  62%|██████▏   | 309/500 [34:34<22:40,  7.12s/it]Best trial: 214. Best value: 2.37353:  62%|██████▏   | 310/500 [34:34<23:13,  7.33s/it]                                                                                       Best trial: 214. Best value: 2.37353:  62%|██████▏   | 310/500 [34:41<23:13,  7.33s/it]Best trial: 214. Best value: 2.37353:  62%|██████▏   | 310/500 [34:41<23:13,  7.33s/it]Best trial: 214. Best value: 2.37353:  62%|██████▏   | 311/500 [34:41<23:35,  7.49s/it]                                                                                       Best trial: 214. Best value: 2.37353:  62%|██████▏   | 311/500 [34:47<23:35,  7.49s/it]Best trial: 214. Best value: 2.37353:  62%|██████▏   | 311/500 [34:48<23:35,  7.49s/it]Best trial: 214. Best value: 2.37353:  62%|██████▏   | 312/500 [34:48<22:10,  7.08s/it]                                                                                       Best trial: 214. Best value: 2.37353:  62%|██████▏   | 312/500 [34:56<22:10,  7.08s/it]Best trial: 214. Best value: 2.37353:  62%|██████▏   | 312/500 [34:56<22:10,  7.08s/it]Best trial: 214. Best value: 2.37353:  63%|██████▎   | 313/500 [34:56<22:59,  7.38s/it]                                                                                       Best trial: 214. Best value: 2.37353:  63%|██████▎   | 313/500 [35:02<22:59,  7.38s/it]Best trial: 214. Best value: 2.37353:  63%|██████▎   | 313/500 [35:02<22:59,  7.38s/it]Best trial: 214. Best value: 2.37353:  63%|██████▎   | 314/500 [35:02<21:34,  6.96s/it]                                                                                       Best trial: 214. Best value: 2.37353:  63%|██████▎   | 314/500 [35:10<21:34,  6.96s/it]Best trial: 214. Best value: 2.37353:  63%|██████▎   | 314/500 [35:10<21:34,  6.96s/it]Best trial: 214. Best value: 2.37353:  63%|██████▎   | 315/500 [35:10<22:35,  7.33s/it]                                                                                       Best trial: 214. Best value: 2.37353:  63%|██████▎   | 315/500 [35:15<22:35,  7.33s/it]Best trial: 214. Best value: 2.37353:  63%|██████▎   | 315/500 [35:15<22:35,  7.33s/it]Best trial: 214. Best value: 2.37353:  63%|██████▎   | 316/500 [35:15<20:21,  6.64s/it]                                                                                       Best trial: 214. Best value: 2.37353:  63%|██████▎   | 316/500 [35:22<20:21,  6.64s/it]Best trial: 214. Best value: 2.37353:  63%|██████▎   | 316/500 [35:22<20:21,  6.64s/it]Best trial: 214. Best value: 2.37353:  63%|██████▎   | 317/500 [35:22<20:32,  6.73s/it]                                                                                       Best trial: 214. Best value: 2.37353:  63%|██████▎   | 317/500 [35:29<20:32,  6.73s/it]Best trial: 214. Best value: 2.37353:  63%|██████▎   | 317/500 [35:29<20:32,  6.73s/it]Best trial: 214. Best value: 2.37353:  64%|██████▎   | 318/500 [35:29<20:31,  6.77s/it]                                                                                       Best trial: 214. Best value: 2.37353:  64%|██████▎   | 318/500 [35:36<20:31,  6.77s/it]Best trial: 214. Best value: 2.37353:  64%|██████▎   | 318/500 [35:36<20:31,  6.77s/it]Best trial: 214. Best value: 2.37353:  64%|██████▍   | 319/500 [35:36<21:13,  7.04s/it]                                                                                       
[I 2026-05-03 20:01:38,720] Trial 309 finished with value: 2.4478603471342315 and parameters: {'rho_global_scale': 0.7178429525863367, 'rho_slope_scale': 0.5649570272085465, 'f_n': 1.3100751669577635e-08, 'K_d': 408590.1874233407, 'fission_rate': 6.0459310674760565e+19, 'Dg_D1_scale': 0.5960703670542368, 'Dg_D3_scale': 3.7893208880633766, 'Dv_D1_scale': 0.40410236461649085, 'Dv_D2_scale': 1.99322999736605, 'b_bulk_scale': 0.05286581872101088, 'b_dislocation_scale': 0.3955192343628912, 'gb_scale': 0.6008519382109118, 'gd_bubble_scale': 4.57852812806499, 'gd_line_scale': 0.600969244650727, 'gd_line_alpha': 0.683484994982024, 'coalescence_d_scale': 0.556820339970239, 'capture_scale': 1.2349227035070485}. Best is trial 214 with value: 2.373531962961344.
[I 2026-05-03 20:01:46,579] Trial 310 finished with value: 2.4632489229996035 and parameters: {'rho_global_scale': 0.7186785843898854, 'rho_slope_scale': 0.5881665543410489, 'f_n': 1.1549391098800713e-08, 'K_d': 411306.88129836845, 'fission_rate': 6.045529362280747e+19, 'Dg_D1_scale': 0.7809102200279948, 'Dg_D3_scale': 3.293576042540609, 'Dv_D1_scale': 0.39826775757907246, 'Dv_D2_scale': 1.9702006865376012, 'b_bulk_scale': 0.055552180712633396, 'b_dislocation_scale': 0.4057907963823564, 'gb_scale': 0.5797810970630847, 'gd_bubble_scale': 4.632304852388024, 'gd_line_scale': 0.5766937628521691, 'gd_line_alpha': 0.6530632681035922, 'coalescence_d_scale': 0.5525608974442328, 'capture_scale': 1.4719029735111984}. Best is trial 214 with value: 2.373531962961344.
