[I 2026-05-03 19:43:34,634] Trial 146 finished with value: 2.5315509735357904 and parameters: {'rho_global_scale': 0.9229032367208075, 'rho_slope_scale': 0.5532614806145003, 'f_n': 1.7803931345020687e-07, 'K_d': 310922.233225342, 'fission_rate': 6.833128569597959e+19, 'Dg_D1_scale': 2.847525806101054, 'Dg_D3_scale': 3.719292805183769, 'Dv_D1_scale': 0.24236802668239757, 'Dv_D2_scale': 2.2685666737792216, 'b_bulk_scale': 0.032939912354785, 'b_dislocation_scale': 0.8171517737734324, 'gb_scale': 0.3316273982072712, 'gd_bubble_scale': 0.9595179815929968, 'gd_line_scale': 2.3528474275428324, 'gd_line_alpha': 0.38529987106615626, 'coalescence_d_scale': 1.2431615274632815, 'capture_scale': 0.17798820326194523}. Best is trial 103 with value: 2.479829645381372.
[I 2026-05-03 19:43:39,914] Trial 147 finished with value: 2.540143965345993 and parameters: {'rho_global_scale': 0.953538436788674, 'rho_slope_scale': 0.5436920896006852, 'f_n': 1.724909648226463e-07, 'K_d': 315597.9281928841, 'fission_rate': 6.7817133162698555e+19, 'Dg_D1_scale': 2.900388172658512, 'Dg_D3_scale': 3.7429936172217557, 'Dv_D1_scale': 0.24286355278024868, 'Dv_D2_scale': 2.283149194766298, 'b_bulk_scale': 0.048172033713730154, 'b_dislocation_scale': 0.8254251936393927, 'gb_scale': 0.319146915442597, 'gd_bubble_scale': 1.1976177732121984, 'gd_line_scale': 2.4670707619470527, 'gd_line_alpha': 0.4723335283579532, 'coalescence_d_scale': 1.1919983155072644, 'capture_scale': 0.16616534485031645}. Best is trial 103 with value: 2.479829645381372.
[I 2026-05-03 19:43:47,069] Trial 148 finished with value: 2.574320407267891 and parameters: {'rho_global_scale': 0.9368104919321668, 'rho_slope_scale': 0.5389883756435004, 'f_n': 1.603459423928515e-07, 'K_d': 327904.30065942305, 'fission_rate': 6.7375278093358514e+19, 'Dg_D1_scale': 2.849168638288883, 'Dg_D3_scale': 3.5480824267229925, 'Dv_D1_scale': 0.279386542765832, 'Dv_D2_scale': 2.3615263847628265, 'b_bulk_scale': 0.037073421942575464, 'b_dislocation_scale': 0.6695808239614791, 'gb_scale': 0.34315929805302525, 'gd_bubble_scale': 0.5188268903073604, 'gd_line_scale': 2.412592174120181, 'gd_line_alpha': 0.3347726006102971, 'coalescence_d_scale': 1.3097428557387742, 'capture_scale': 0.1604760406799925}. Best is trial 103 with value: 2.479829645381372.
[I 2026-05-03 19:43:54,501] Trial 149 finished with value: 3.041544926058174 and parameters: {'rho_global_scale': 0.9206906948610041, 'rho_slope_scale': 0.5013771682479689, 'f_n': 2.0707375087882314e-07, 'K_d': 317165.14060784574, 'fission_rate': 6.831744761326402e+19, 'Dg_D1_scale': 3.758194105249029, 'Dg_D3_scale': 0.5326439604891436, 'Dv_D1_scale': 0.2496568041425742, 'Dv_D2_scale': 2.0776331510572814, 'b_bulk_scale': 0.03456758655101773, 'b_dislocation_scale': 0.4553273353927803, 'gb_scale': 0.31799853568885716, 'gd_bubble_scale': 0.4481599462594266, 'gd_line_scale': 3.723587890115322, 'gd_line_alpha': 0.4324250591341884, 'coalescence_d_scale': 1.5019558622265556, 'capture_scale': 0.1283289562341797}. Best is trial 103 with value: 2.479829645381372.
[I 2026-05-03 19:44:01,827] Trial 150 finished with value: 2.6621866880471874 and parameters: {'rho_global_scale': 0.978217519843172, 'rho_slope_scale': 0.550789692580428, 'f_n': 4.554495936358618e-07, 'K_d': 338311.82366093586, 'fission_rate': 5.606566256672664e+19, 'Dg_D1_scale': 3.2162532848884213, 'Dg_D3_scale': 3.9963233790219226, 'Dv_D1_scale': 0.2961071747668701, 'Dv_D2_scale': 2.6393520897735305, 'b_bulk_scale': 0.03277439371679251, 'b_dislocation_scale': 0.8155033104530723, 'gb_scale': 0.2658188590988035, 'gd_bubble_scale': 1.1384823767026395, 'gd_line_scale': 2.1261801754206924, 'gd_line_alpha': 0.521732256744516, 'coalescence_d_scale': 1.7617280604610848, 'capture_scale': 0.20787337490444308}. Best is trial 103 with value: 2.479829645381372.
[I 2026-05-03 19:44:06,760] Trial 151 finished with value: 2.570833700634734 and parameters: {'rho_global_scale': 0.9470591515053449, 'rho_slope_scale': 0.5245221855386192, 'f_n': 1.5524959514879934e-07, 'K_d': 327675.698950148, 'fission_rate': 6.839557705400489e+19, 'Dg_D1_scale': 2.8282969156123126, 'Dg_D3_scale': 3.4669443736151884, 'Dv_D1_scale': 0.28012263818242406, 'Dv_D2_scale': 2.291519159356753, 'b_bulk_scale': 0.03769927189944904, 'b_dislocation_scale': 0.6569178243652807, 'gb_scale': 0.3467603172148896, 'gd_bubble_scale': 0.5198336002355344, 'gd_line_scale': 2.3497783774721963, 'gd_line_alpha': 0.3776568094079895, 'coalescence_d_scale': 1.228192673722647, 'capture_scale': 0.17949162375544533}. Best is trial 103 with value: 2.479829645381372.
[I 2026-05-03 19:44:14,205] Trial 152 finished with value: 2.8714574544630027 and parameters: {'rho_global_scale': 0.9552679252679077, 'rho_slope_scale': 0.5298421510072555, 'f_n': 1.2206775158413584e-07, 'K_d': 315426.01177490543, 'fission_rate': 6.801273363095031e+19, 'Dg_D1_scale': 3.994302115274418, 'Dg_D3_scale': 3.0995963309643177, 'Dv_D1_scale': 0.24004591938439676, 'Dv_D2_scale': 2.2240009606929148, 'b_bulk_scale': 0.03844900127473966, 'b_dislocation_scale': 0.5973984949973291, 'gb_scale': 0.23184402421956934, 'gd_bubble_scale': 1.285931555191421, 'gd_line_scale': 2.347560925333241, 'gd_line_alpha': 0.38735943091948655, 'coalescence_d_scale': 1.21175974465757, 'capture_scale': 0.11844649617753539}. Best is trial 103 with value: 2.479829645381372.
[I 2026-05-03 19:44:20,563] Trial 153 finished with value: 2.7048180625439713 and parameters: {'rho_global_scale': 0.9975346712626391, 'rho_slope_scale': 0.5553806959225319, 'f_n': 1.7211330782824354e-07, 'K_d': 309805.44348641543, 'fission_rate': 6.66279998996296e+19, 'Dg_D1_scale': 2.79649345566731, 'Dg_D3_scale': 3.4584529549381022, 'Dv_D1_scale': 0.21156556993855705, 'Dv_D2_scale': 2.4578031082359466, 'b_bulk_scale': 0.04206887156249908, 'b_dislocation_scale': 0.8102286898518739, 'gb_scale': 0.3872188684310493, 'gd_bubble_scale': 1.9822400006042136, 'gd_line_scale': 1.6934740870421134, 'gd_line_alpha': 0.37109524352152684, 'coalescence_d_scale': 1.0647653535115342, 'capture_scale': 0.20298475816409978}. Best is trial 103 with value: 2.479829645381372.
[I 2026-05-03 19:44:30,807] Trial 154 finished with value: 2.5826157252967534 and parameters: {'rho_global_scale': 0.8980580335073772, 'rho_slope_scale': 0.5209363334552954, 'f_n': 2.6155908725314156e-07, 'K_d': 322574.6776661259, 'fission_rate': 4.0053045098692395e+19, 'Dg_D1_scale': 3.0883594568699912, 'Dg_D3_scale': 3.7370568910840367, 'Dv_D1_scale': 0.27142605149894516, 'Dv_D2_scale': 2.3027126374842397, 'b_bulk_scale': 0.032557329516079606, 'b_dislocation_scale': 0.6475796026624506, 'gb_scale': 0.3035981273238007, 'gd_bubble_scale': 0.9660574436782665, 'gd_line_scale': 2.036973372167322, 'gd_line_alpha': 0.5031680499417216, 'coalescence_d_scale': 1.2917903432600701, 'capture_scale': 0.17371337884708266}. Best is trial 103 with value: 2.479829645381372.Best trial: 103. Best value: 2.47983:  31%|███       | 154/500 [17:26<38:08,  6.62s/it]Best trial: 103. Best value: 2.47983:  31%|███       | 154/500 [17:26<38:08,  6.62s/it]Best trial: 103. Best value: 2.47983:  31%|███       | 155/500 [17:26<44:17,  7.70s/it]                                                                                       Best trial: 103. Best value: 2.47983:  31%|███       | 155/500 [17:31<44:17,  7.70s/it]Best trial: 103. Best value: 2.47983:  31%|███       | 155/500 [17:31<44:17,  7.70s/it]Best trial: 103. Best value: 2.47983:  31%|███       | 156/500 [17:31<40:28,  7.06s/it]                                                                                       Best trial: 103. Best value: 2.47983:  31%|███       | 156/500 [17:39<40:28,  7.06s/it]Best trial: 103. Best value: 2.47983:  31%|███       | 156/500 [17:39<40:28,  7.06s/it]Best trial: 103. Best value: 2.47983:  31%|███▏      | 157/500 [17:39<41:26,  7.25s/it]                                                                                       Best trial: 103. Best value: 2.47983:  31%|███▏      | 157/500 [17:46<41:26,  7.25s/it]Best trial: 103. Best value: 2.47983:  31%|███▏      | 157/500 [17:46<41:26,  7.25s/it]Best trial: 103. Best value: 2.47983:  32%|███▏      | 158/500 [17:46<41:31,  7.29s/it]                                                                                       Best trial: 103. Best value: 2.47983:  32%|███▏      | 158/500 [17:52<41:31,  7.29s/it]Best trial: 103. Best value: 2.47983:  32%|███▏      | 158/500 [17:52<41:31,  7.29s/it]Best trial: 103. Best value: 2.47983:  32%|███▏      | 159/500 [17:52<38:43,  6.81s/it]                                                                                       Best trial: 103. Best value: 2.47983:  32%|███▏      | 159/500 [18:00<38:43,  6.81s/it]Best trial: 103. Best value: 2.47983:  32%|███▏      | 159/500 [18:00<38:43,  6.81s/it]Best trial: 103. Best value: 2.47983:  32%|███▏      | 160/500 [18:00<40:37,  7.17s/it]                                                                                       Best trial: 103. Best value: 2.47983:  32%|███▏      | 160/500 [18:06<40:37,  7.17s/it]Best trial: 103. Best value: 2.47983:  32%|███▏      | 160/500 [18:06<40:37,  7.17s/it]Best trial: 103. Best value: 2.47983:  32%|███▏      | 161/500 [18:06<38:09,  6.75s/it]                                                                                       Best trial: 103. Best value: 2.47983:  32%|███▏      | 161/500 [18:12<38:09,  6.75s/it]Best trial: 103. Best value: 2.47983:  32%|███▏      | 161/500 [18:12<38:09,  6.75s/it]Best trial: 103. Best value: 2.47983:  32%|███▏      | 162/500 [18:12<37:15,  6.61s/it]                                                                                       Best trial: 103. Best value: 2.47983:  32%|███▏      | 162/500 [18:19<37:15,  6.61s/it]Best trial: 103. Best value: 2.47983:  32%|███▏      | 162/500 [18:19<37:15,  6.61s/it]Best trial: 103. Best value: 2.47983:  33%|███▎      | 163/500 [18:19<37:46,  6.73s/it]                                                                                       Best trial: 103. Best value: 2.47983:  33%|███▎      | 163/500 [18:26<37:46,  6.73s/it]Best trial: 103. Best value: 2.47983:  33%|███▎      | 163/500 [18:26<37:46,  6.73s/it]Best trial: 103. Best value: 2.47983:  33%|███▎      | 164/500 [18:26<37:25,  6.68s/it]                                                                                       Best trial: 103. Best value: 2.47983:  33%|███▎      | 164/500 [18:31<37:25,  6.68s/it]Best trial: 103. Best value: 2.47983:  33%|███▎      | 164/500 [18:31<37:25,  6.68s/it]Best trial: 103. Best value: 2.47983:  33%|███▎      | 165/500 [18:31<34:39,  6.21s/it]                                                                                       
[I 2026-05-03 19:44:36,350] Trial 155 finished with value: 2.970380114193772 and parameters: {'rho_global_scale': 1.0270996404178254, 'rho_slope_scale': 0.5020104257744807, 'f_n': 1.3598429936694855e-07, 'K_d': 300267.6965278959, 'fission_rate': 6.8638418903151215e+19, 'Dg_D1_scale': 2.541448010525875, 'Dg_D3_scale': 2.9421736440638617, 'Dv_D1_scale': 0.25058465129339264, 'Dv_D2_scale': 2.610765239129393, 'b_bulk_scale': 0.0486705142725325, 'b_dislocation_scale': 0.40926239505423456, 'gb_scale': 0.4830927049365269, 'gd_bubble_scale': 0.5957250471854608, 'gd_line_scale': 2.3379161928496783, 'gd_line_alpha': 0.3072479004900798, 'coalescence_d_scale': 1.1410497976869771, 'capture_scale': 0.23750001084661085}. Best is trial 103 with value: 2.479829645381372.
[I 2026-05-03 19:44:44,049] Trial 156 finished with value: 2.814519398787379 and parameters: {'rho_global_scale': 0.9436638470736852, 'rho_slope_scale': 0.561025341213324, 'f_n': 1.8566752440062261e-07, 'K_d': 308872.23189895845, 'fission_rate': 6.701761751344113e+19, 'Dg_D1_scale': 3.3394467077899503, 'Dg_D3_scale': 2.6442921331659717, 'Dv_D1_scale': 0.24047364823078668, 'Dv_D2_scale': 2.826513643602923, 'b_bulk_scale': 0.035462940923482254, 'b_dislocation_scale': 0.5806052627553147, 'gb_scale': 0.2527248385351883, 'gd_bubble_scale': 0.4858663242292341, 'gd_line_scale': 2.474408899768504, 'gd_line_alpha': 0.4544425428003021, 'coalescence_d_scale': 0.6437241991956162, 'capture_scale': 1.2054883964889114}. Best is trial 103 with value: 2.479829645381372.
[I 2026-05-03 19:44:51,422] Trial 157 finished with value: 2.5656905740426397 and parameters: {'rho_global_scale': 0.9641395749078507, 'rho_slope_scale': 0.52525940565431, 'f_n': 4.001195658071595e-07, 'K_d': 316147.7878106458, 'fission_rate': 6.451475965099447e+19, 'Dg_D1_scale': 3.696999326788921, 'Dg_D3_scale': 3.408106391990037, 'Dv_D1_scale': 0.2024817728879454, 'Dv_D2_scale': 3.0358247440444432, 'b_bulk_scale': 0.03863136870037377, 'b_dislocation_scale': 0.7077528500057516, 'gb_scale': 0.35474810573975296, 'gd_bubble_scale': 0.4246968278776172, 'gd_line_scale': 3.1281099161872588, 'gd_line_alpha': 0.49208792966695897, 'coalescence_d_scale': 0.5374629670323308, 'capture_scale': 0.25764731212933745}. Best is trial 103 with value: 2.479829645381372.
[I 2026-05-03 19:44:57,136] Trial 158 finished with value: 3.007347453662534 and parameters: {'rho_global_scale': 0.7819922764033825, 'rho_slope_scale': 0.574408401897878, 'f_n': 3.8604577894825527e-07, 'K_d': 680936.3160031884, 'fission_rate': 6.489514051142598e+19, 'Dg_D1_scale': 3.7387050774017108, 'Dg_D3_scale': 3.2316362657870346, 'Dv_D1_scale': 0.20966310881340083, 'Dv_D2_scale': 3.0788449719626394, 'b_bulk_scale': 0.03002328437519387, 'b_dislocation_scale': 0.9971123600991356, 'gb_scale': 0.27625136915725484, 'gd_bubble_scale': 0.3219931199505715, 'gd_line_scale': 3.100572058079302, 'gd_line_alpha': 0.4700467732436509, 'coalescence_d_scale': 0.8690575195204073, 'capture_scale': 0.24855120175080667}. Best is trial 103 with value: 2.479829645381372.
[I 2026-05-03 19:45:05,133] Trial 159 finished with value: 2.77899391356687 and parameters: {'rho_global_scale': 0.9715266000647452, 'rho_slope_scale': 0.5450022428515826, 'f_n': 5.216054301229894e-07, 'K_d': 316678.014564501, 'fission_rate': 6.4180174555096375e+19, 'Dg_D1_scale': 3.7551498334573568, 'Dg_D3_scale': 3.045339575146432, 'Dv_D1_scale': 0.2021245020260269, 'Dv_D2_scale': 2.9758339294064022, 'b_bulk_scale': 0.0419747145543309, 'b_dislocation_scale': 0.7309718104502922, 'gb_scale': 0.422723482783127, 'gd_bubble_scale': 0.4269798346672298, 'gd_line_scale': 4.61068664417485, 'gd_line_alpha': 0.43731408188952303, 'coalescence_d_scale': 0.5682557638853986, 'capture_scale': 0.32704985511361323}. Best is trial 103 with value: 2.479829645381372.
[I 2026-05-03 19:45:10,926] Trial 160 finished with value: 2.579223820089468 and parameters: {'rho_global_scale': 0.7932248262949824, 'rho_slope_scale': 0.5168020537051539, 'f_n': 2.845634267600931e-07, 'K_d': 615104.6690774901, 'fission_rate': 5.4877176017605124e+19, 'Dg_D1_scale': 3.3980801787344777, 'Dg_D3_scale': 3.74540764518489, 'Dv_D1_scale': 0.21956035423702575, 'Dv_D2_scale': 3.3267773599555364, 'b_bulk_scale': 0.034463109109915076, 'b_dislocation_scale': 0.4738825704554634, 'gb_scale': 0.239647451643443, 'gd_bubble_scale': 0.8132420577799496, 'gd_line_scale': 1.7645086460274197, 'gd_line_alpha': 0.47320757043067574, 'coalescence_d_scale': 0.6751100814393289, 'capture_scale': 0.0818010511485803}. Best is trial 103 with value: 2.479829645381372.
[I 2026-05-03 19:45:17,196] Trial 161 finished with value: 2.5576401444490027 and parameters: {'rho_global_scale': 0.9235724324633784, 'rho_slope_scale': 0.5233481736956108, 'f_n': 2.1963921738860934e-07, 'K_d': 330180.438120616, 'fission_rate': 6.784158692528742e+19, 'Dg_D1_scale': 3.186427645360737, 'Dg_D3_scale': 3.4881395456614017, 'Dv_D1_scale': 0.2006552777354505, 'Dv_D2_scale': 2.7009951228873743, 'b_bulk_scale': 0.03757335646887471, 'b_dislocation_scale': 0.8557807019195933, 'gb_scale': 0.34149617632564694, 'gd_bubble_scale': 0.528723503377634, 'gd_line_scale': 2.589180684848823, 'gd_line_alpha': 0.4935386561524531, 'coalescence_d_scale': 1.0563636931262834, 'capture_scale': 0.19399464369364788}. Best is trial 103 with value: 2.479829645381372.
[I 2026-05-03 19:45:24,193] Trial 162 finished with value: 2.5343800339417277 and parameters: {'rho_global_scale': 0.9210035266220411, 'rho_slope_scale': 0.5779645874541026, 'f_n': 2.186375680318698e-07, 'K_d': 306579.9595590008, 'fission_rate': 6.632739382312528e+19, 'Dg_D1_scale': 3.1676843966464143, 'Dg_D3_scale': 3.367335914096444, 'Dv_D1_scale': 0.20156581728618644, 'Dv_D2_scale': 2.8226667900449325, 'b_bulk_scale': 0.0396149704719529, 'b_dislocation_scale': 0.8261311546618592, 'gb_scale': 0.2970342136908487, 'gd_bubble_scale': 0.34377550018058967, 'gd_line_scale': 2.8264518530194622, 'gd_line_alpha': 0.48942068109232867, 'coalescence_d_scale': 0.5345422571216155, 'capture_scale': 0.26821696557494934}. Best is trial 103 with value: 2.479829645381372.
[I 2026-05-03 19:45:30,770] Trial 163 finished with value: 2.5115134129509507 and parameters: {'rho_global_scale': 0.9014501464759673, 'rho_slope_scale': 0.5794790299995325, 'f_n': 2.259993550759444e-07, 'K_d': 306259.7004180434, 'fission_rate': 6.6106296087830086e+19, 'Dg_D1_scale': 3.09277315137322, 'Dg_D3_scale': 3.5866638458542086, 'Dv_D1_scale': 0.21918342406291158, 'Dv_D2_scale': 2.72900267548231, 'b_bulk_scale': 0.032825898212478444, 'b_dislocation_scale': 0.8553446832072664, 'gb_scale': 0.30827339767359085, 'gd_bubble_scale': 0.3442736901954906, 'gd_line_scale': 2.70059425616307, 'gd_line_alpha': 0.4094127289390777, 'coalescence_d_scale': 1.0507173923461157, 'capture_scale': 0.19492875926043962}. Best is trial 103 with value: 2.479829645381372.
[I 2026-05-03 19:45:35,879] Trial 164 finished with value: 2.5551731546299203 and parameters: {'rho_global_scale': 0.9260178770164831, 'rho_slope_scale': 0.5842915855081724, 'f_n': 1.881541886644304e-07, 'K_d': 306087.3149075038, 'fission_rate': 6.589705645386944e+19, 'Dg_D1_scale': 3.2564714237589425, 'Dg_D3_scale': 3.672219294154792, 'Dv_D1_scale': 0.2356431033696423, 'Dv_D2_scale': 2.695065309857362, 'b_bulk_scale': 0.04540369402016542, 'b_dislocation_scale': 0.8531251394081248, 'gb_scale': 0.3083066122717234, 'gd_bubble_scale': 0.34997134183448725, 'gd_line_scale': 2.7418771880576824, 'gd_line_alpha': 0.42094757300902, 'coalescence_d_scale': 1.0988888031902926, 'capture_scale': 0.14373833184811127}. Best is trial 103 with value: 2.479829645381372.
