[I 2026-05-03 19:49:42,228] Trial 201 finished with value: 2.6802098001097003 and parameters: {'rho_global_scale': 0.767672892220745, 'rho_slope_scale': 0.5475813860896792, 'f_n': 4.4750976776509253e-07, 'K_d': 606257.0766287156, 'fission_rate': 4.6895510585567085e+19, 'Dg_D1_scale': 3.7464220217857607, 'Dg_D3_scale': 0.8652545471446652, 'Dv_D1_scale': 0.2288378657330714, 'Dv_D2_scale': 2.8616792198754806, 'b_bulk_scale': 0.03725532228773354, 'b_dislocation_scale': 0.5712606877098291, 'gb_scale': 0.25285750368949156, 'gd_bubble_scale': 6.510921592088063, 'gd_line_scale': 1.8112733529608562, 'gd_line_alpha': 0.7370778892668982, 'coalescence_d_scale': 0.8275456547546783, 'capture_scale': 0.8556760399165747}. Best is trial 103 with value: 2.479829645381372.
[I 2026-05-03 19:49:49,507] Trial 202 finished with value: 2.701292271784914 and parameters: {'rho_global_scale': 0.7741522811767423, 'rho_slope_scale': 0.5803872223319161, 'f_n': 2.7905146809476756e-07, 'K_d': 553304.7257853837, 'fission_rate': 6.374582088073809e+19, 'Dg_D1_scale': 3.279584194554606, 'Dg_D3_scale': 3.381142954053152, 'Dv_D1_scale': 0.22175685608372026, 'Dv_D2_scale': 3.1216406557103658, 'b_bulk_scale': 0.032866551201871055, 'b_dislocation_scale': 0.5159978849191814, 'gb_scale': 0.27877941400083794, 'gd_bubble_scale': 6.861794170010892, 'gd_line_scale': 1.8164089792008347, 'gd_line_alpha': 0.7635787429194177, 'coalescence_d_scale': 1.0172748480818745, 'capture_scale': 1.0305283904142286}. Best is trial 103 with value: 2.479829645381372.
[I 2026-05-03 19:49:57,013] Trial 203 finished with value: 2.7272220442307566 and parameters: {'rho_global_scale': 0.7365638980958068, 'rho_slope_scale': 0.5187660229617653, 'f_n': 3.564668824714475e-07, 'K_d': 568333.9988175171, 'fission_rate': 6.418607280325792e+19, 'Dg_D1_scale': 3.56149624390259, 'Dg_D3_scale': 3.204417772774763, 'Dv_D1_scale': 0.24961708547070435, 'Dv_D2_scale': 2.5711051010415815, 'b_bulk_scale': 0.039594505299445505, 'b_dislocation_scale': 0.6088343740542806, 'gb_scale': 0.17237819042250885, 'gd_bubble_scale': 5.438494339868784, 'gd_line_scale': 2.1466499608496896, 'gd_line_alpha': 0.7048745817084449, 'coalescence_d_scale': 0.9005878193833105, 'capture_scale': 0.014831653517720226}. Best is trial 103 with value: 2.479829645381372.
[I 2026-05-03 19:50:04,370] Trial 204 finished with value: 2.936070583281115 and parameters: {'rho_global_scale': 0.8015959008609416, 'rho_slope_scale': 0.6111540219069572, 'f_n': 5.719922821869582e-07, 'K_d': 566310.4348222618, 'fission_rate': 6.2373310736322994e+19, 'Dg_D1_scale': 3.983448359729559, 'Dg_D3_scale': 0.7878779830068068, 'Dv_D1_scale': 0.23610491980976156, 'Dv_D2_scale': 2.760366051878354, 'b_bulk_scale': 0.03257480170770141, 'b_dislocation_scale': 0.5403631821322157, 'gb_scale': 0.21727792435960352, 'gd_bubble_scale': 6.110615990643519, 'gd_line_scale': 2.6494707739422196, 'gd_line_alpha': 0.7331649987113112, 'coalescence_d_scale': 0.6793743822174142, 'capture_scale': 0.674790218574078}. Best is trial 103 with value: 2.479829645381372.
[I 2026-05-03 19:50:09,833] Trial 205 finished with value: 2.886088967423985 and parameters: {'rho_global_scale': 0.7596568938447412, 'rho_slope_scale': 0.5498175600231113, 'f_n': 2.212432994249133e-07, 'K_d': 575502.0795551076, 'fission_rate': 6.714639490111061e+19, 'Dg_D1_scale': 3.1344024040225555, 'Dg_D3_scale': 3.441993258710508, 'Dv_D1_scale': 0.20993478572515167, 'Dv_D2_scale': 3.98936271441757, 'b_bulk_scale': 0.042331584749708794, 'b_dislocation_scale': 0.4782977196203977, 'gb_scale': 0.292368531485765, 'gd_bubble_scale': 7.571594878642626, 'gd_line_scale': 1.6514050327501353, 'gd_line_alpha': 0.7508249962029862, 'coalescence_d_scale': 0.9053188305455708, 'capture_scale': 0.08715589022735716}. Best is trial 103 with value: 2.479829645381372.
[I 2026-05-03 19:50:16,655] Trial 206 finished with value: 2.5780088707850703 and parameters: {'rho_global_scale': 0.8122874301985631, 'rho_slope_scale': 0.5184100843465695, 'f_n': 1.1058284754641289e-07, 'K_d': 306101.2852506996, 'fission_rate': 6.486686596806174e+19, 'Dg_D1_scale': 3.4296611377289317, 'Dg_D3_scale': 0.19271617444678563, 'Dv_D1_scale': 0.21736228741139302, 'Dv_D2_scale': 3.3300079479366547, 'b_bulk_scale': 0.036053855944103624, 'b_dislocation_scale': 0.7583869745629818, 'gb_scale': 0.26564981344453104, 'gd_bubble_scale': 5.450927931427497, 'gd_line_scale': 2.344855076103118, 'gd_line_alpha': 0.7199501297599001, 'coalescence_d_scale': 0.6076415823423444, 'capture_scale': 0.268003838016479}. Best is trial 103 with value: 2.479829645381372.
[I 2026-05-03 19:50:24,319] Trial 207 finished with value: 2.739378611553522 and parameters: {'rho_global_scale': 0.7960189783169634, 'rho_slope_scale': 0.5845162946114035, 'f_n': 1.532280544868405e-07, 'K_d': 309591.34311269, 'fission_rate': 5.941002366603161e+19, 'Dg_D1_scale': 3.770954854467795, 'Dg_D3_scale': 0.3415743340240055, 'Dv_D1_scale': 0.2284840594489509, 'Dv_D2_scale': 3.0277958205412396, 'b_bulk_scale': 0.03229451683257625, 'b_dislocation_scale': 0.6692468016554429, 'gb_scale': 0.24041604818359888, 'gd_bubble_scale': 9.814087558264644, 'gd_line_scale': 1.9851375282672785, 'gd_line_alpha': 0.695197266014925, 'coalescence_d_scale': 0.7638010884297486, 'capture_scale': 1.2432212113151122}. Best is trial 103 with value: 2.479829645381372.
[I 2026-05-03 19:50:31,764] Trial 208 finished with value: 3.7979867118479573 and parameters: {'rho_global_scale': 0.7768255411687474, 'rho_slope_scale': 3.0739264707481557, 'f_n': 2.872080617871726e-07, 'K_d': 625666.6053289331, 'fission_rate': 6.810709161648153e+19, 'Dg_D1_scale': 3.5695625931259705, 'Dg_D3_scale': 0.7348077138309498, 'Dv_D1_scale': 0.254350325043526, 'Dv_D2_scale': 2.862460638655116, 'b_bulk_scale': 0.03569551741742514, 'b_dislocation_scale': 0.39330215100342475, 'gb_scale': 0.18889346157707812, 'gd_bubble_scale': 0.4065447168554422, 'gd_line_scale': 1.792088682810259, 'gd_line_alpha': 0.7848535328645501, 'coalescence_d_scale': 1.0757361265012864, 'capture_scale': 0.7912957141615717}. Best is trial 103 with value: 2.479829645381372.
[I 2026-05-03 19:50:39,087] Trial 209 finished with value: 2.391929617608919 and parameters: {'rho_global_scale': 0.8244286218724389, 'rho_slope_scale': 0.5022342962594751, 'f_n': 1.8153413587707485e-07, 'K_d': 305420.151563051, 'fission_rate': 6.599200973984182e+19, 'Dg_D1_scale': 3.29393208617033, 'Dg_D3_scale': 3.9809678920530476, 'Dv_D1_scale': 0.24053617888756687, 'Dv_D2_scale': 2.4681200072415717, 'b_bulk_scale': 0.0415472249840374, 'b_dislocation_scale': 0.5814193987766478, 'gb_scale': 0.3495807593185941, 'gd_bubble_scale': 8.272959021289381, 'gd_line_scale': 1.2952580730434997, 'gd_line_alpha': 0.7729648876849764, 'coalescence_d_scale': 0.859590610885015, 'capture_scale': 0.219126784155117}. Best is trial 209 with value: 2.391929617608919.Best trial: 103. Best value: 2.47983:  42%|████▏     | 209/500 [23:34<34:27,  7.11s/it]Best trial: 209. Best value: 2.39193:  42%|████▏     | 209/500 [23:34<34:27,  7.11s/it]Best trial: 209. Best value: 2.39193:  42%|████▏     | 210/500 [23:34<34:41,  7.18s/it]                                                                                       Best trial: 209. Best value: 2.39193:  42%|████▏     | 210/500 [23:38<34:41,  7.18s/it]Best trial: 209. Best value: 2.39193:  42%|████▏     | 210/500 [23:38<34:41,  7.18s/it]Best trial: 209. Best value: 2.39193:  42%|████▏     | 211/500 [23:38<30:40,  6.37s/it]                                                                                       Best trial: 209. Best value: 2.39193:  42%|████▏     | 211/500 [23:44<30:40,  6.37s/it]Best trial: 209. Best value: 2.39193:  42%|████▏     | 211/500 [23:44<30:40,  6.37s/it]Best trial: 209. Best value: 2.39193:  42%|████▏     | 212/500 [23:44<29:46,  6.20s/it]                                                                                       Best trial: 209. Best value: 2.39193:  42%|████▏     | 212/500 [23:50<29:46,  6.20s/it]Best trial: 209. Best value: 2.39193:  42%|████▏     | 212/500 [23:50<29:46,  6.20s/it]Best trial: 209. Best value: 2.39193:  43%|████▎     | 213/500 [23:50<29:40,  6.20s/it]                                                                                       Best trial: 209. Best value: 2.39193:  43%|████▎     | 213/500 [23:56<29:40,  6.20s/it]Best trial: 209. Best value: 2.39193:  43%|████▎     | 213/500 [23:57<29:40,  6.20s/it]Best trial: 209. Best value: 2.39193:  43%|████▎     | 214/500 [23:57<29:24,  6.17s/it]                                                                                       Best trial: 209. Best value: 2.39193:  43%|████▎     | 214/500 [24:03<29:24,  6.17s/it]Best trial: 214. Best value: 2.37353:  43%|████▎     | 214/500 [24:03<29:24,  6.17s/it]Best trial: 214. Best value: 2.37353:  43%|████▎     | 215/500 [24:03<30:13,  6.36s/it]                                                                                       Best trial: 214. Best value: 2.37353:  43%|████▎     | 215/500 [24:08<30:13,  6.36s/it]Best trial: 214. Best value: 2.37353:  43%|████▎     | 215/500 [24:09<30:13,  6.36s/it]Best trial: 214. Best value: 2.37353:  43%|████▎     | 216/500 [24:09<28:27,  6.01s/it]                                                                                       Best trial: 214. Best value: 2.37353:  43%|████▎     | 216/500 [24:15<28:27,  6.01s/it]Best trial: 214. Best value: 2.37353:  43%|████▎     | 216/500 [24:15<28:27,  6.01s/it]Best trial: 214. Best value: 2.37353:  43%|████▎     | 217/500 [24:15<28:42,  6.09s/it]                                                                                       Best trial: 214. Best value: 2.37353:  43%|████▎     | 217/500 [24:21<28:42,  6.09s/it]Best trial: 214. Best value: 2.37353:  43%|████▎     | 217/500 [24:21<28:42,  6.09s/it]Best trial: 214. Best value: 2.37353:  44%|████▎     | 218/500 [24:21<28:32,  6.07s/it]                                                                                       Best trial: 214. Best value: 2.37353:  44%|████▎     | 218/500 [24:28<28:32,  6.07s/it]Best trial: 214. Best value: 2.37353:  44%|████▎     | 218/500 [24:28<28:32,  6.07s/it]Best trial: 214. Best value: 2.37353:  44%|████▍     | 219/500 [24:28<29:36,  6.32s/it]                                                                                       Best trial: 214. Best value: 2.37353:  44%|████▍     | 219/500 [24:33<29:36,  6.32s/it]Best trial: 214. Best value: 2.37353:  44%|████▍     | 219/500 [24:33<29:36,  6.32s/it]Best trial: 214. Best value: 2.37353:  44%|████▍     | 220/500 [24:33<28:29,  6.11s/it]                                                                                       
[I 2026-05-03 19:50:43,587] Trial 210 finished with value: 2.487505569775329 and parameters: {'rho_global_scale': 0.8405921551575054, 'rho_slope_scale': 0.5037239002291395, 'f_n': 1.6837263437351007e-07, 'K_d': 673788.0085671808, 'fission_rate': 6.64788175460778e+19, 'Dg_D1_scale': 3.764167284484272, 'Dg_D3_scale': 3.990365848391876, 'Dv_D1_scale': 0.26878518759228803, 'Dv_D2_scale': 2.435587412887493, 'b_bulk_scale': 0.03980544779577674, 'b_dislocation_scale': 0.7650444947898775, 'gb_scale': 0.3554888129963515, 'gd_bubble_scale': 8.063142050674323, 'gd_line_scale': 1.2388227830789187, 'gd_line_alpha': 0.8014264824631925, 'coalescence_d_scale': 0.8372464755064153, 'capture_scale': 0.2265523213143972}. Best is trial 209 with value: 2.391929617608919.
[I 2026-05-03 19:50:49,403] Trial 211 finished with value: 2.61466187011385 and parameters: {'rho_global_scale': 0.8439979775660789, 'rho_slope_scale': 0.5157200844633514, 'f_n': 1.6461973380881412e-07, 'K_d': 673137.2255021622, 'fission_rate': 6.653361526133844e+19, 'Dg_D1_scale': 3.7759490457400804, 'Dg_D3_scale': 3.937483315139754, 'Dv_D1_scale': 0.27221798609445547, 'Dv_D2_scale': 2.4366494445011218, 'b_bulk_scale': 0.04017298308940743, 'b_dislocation_scale': 0.802765307904189, 'gb_scale': 0.34329319725991436, 'gd_bubble_scale': 8.319367946916326, 'gd_line_scale': 0.8911447140082592, 'gd_line_alpha': 0.772622635642518, 'coalescence_d_scale': 0.8434813562044898, 'capture_scale': 0.23236052016211642}. Best is trial 209 with value: 2.391929617608919.
[I 2026-05-03 19:50:55,613] Trial 212 finished with value: 2.5265236354022544 and parameters: {'rho_global_scale': 0.8225225639484215, 'rho_slope_scale': 0.5042923959369422, 'f_n': 1.9043582498628699e-07, 'K_d': 778518.0508101336, 'fission_rate': 6.583888878109461e+19, 'Dg_D1_scale': 3.4346458850960255, 'Dg_D3_scale': 3.996552011390658, 'Dv_D1_scale': 0.24051454427331154, 'Dv_D2_scale': 2.6533919131172525, 'b_bulk_scale': 0.03701487173096459, 'b_dislocation_scale': 0.7039840732101144, 'gb_scale': 0.4034645946280492, 'gd_bubble_scale': 7.388273647876731, 'gd_line_scale': 1.5071568395933568, 'gd_line_alpha': 0.8375542380465223, 'coalescence_d_scale': 0.7149843395486597, 'capture_scale': 0.2834797431857673}. Best is trial 209 with value: 2.391929617608919.
[I 2026-05-03 19:51:01,699] Trial 213 finished with value: 2.50834281290806 and parameters: {'rho_global_scale': 0.8190791730208538, 'rho_slope_scale': 0.5000288755115034, 'f_n': 1.3531989942489412e-07, 'K_d': 767437.7990772282, 'fission_rate': 6.567495113437598e+19, 'Dg_D1_scale': 3.4536860368560025, 'Dg_D3_scale': 3.8763887703962454, 'Dv_D1_scale': 0.24617529260619203, 'Dv_D2_scale': 2.422273362453792, 'b_bulk_scale': 0.03018745445973991, 'b_dislocation_scale': 0.7005954438629426, 'gb_scale': 0.40776271461953195, 'gd_bubble_scale': 7.251260413284578, 'gd_line_scale': 1.3482944809924022, 'gd_line_alpha': 0.8258223612994118, 'coalescence_d_scale': 0.7793448233446812, 'capture_scale': 0.20377327426362166}. Best is trial 209 with value: 2.391929617608919.
[I 2026-05-03 19:51:08,501] Trial 214 finished with value: 2.373531962961344 and parameters: {'rho_global_scale': 0.8203861587837046, 'rho_slope_scale': 0.5005897953359026, 'f_n': 1.0792681544635681e-07, 'K_d': 300033.90387858055, 'fission_rate': 6.556534025892708e+19, 'Dg_D1_scale': 3.4705854875951574, 'Dg_D3_scale': 3.981633503586191, 'Dv_D1_scale': 0.2603606238204062, 'Dv_D2_scale': 2.66036280393202, 'b_bulk_scale': 0.03580455973968514, 'b_dislocation_scale': 0.650061093390578, 'gb_scale': 0.4293652196744477, 'gd_bubble_scale': 8.465755343308974, 'gd_line_scale': 1.232931961884006, 'gd_line_alpha': 0.8351937508144952, 'coalescence_d_scale': 0.7121128721253279, 'capture_scale': 0.20810745548691123}. Best is trial 214 with value: 2.373531962961344.
[I 2026-05-03 19:51:13,710] Trial 215 finished with value: 2.547689565376928 and parameters: {'rho_global_scale': 0.8302957340460727, 'rho_slope_scale': 0.5016647053847776, 'f_n': 1.2169954544719896e-07, 'K_d': 742796.6963297348, 'fission_rate': 5.78146029685462e+19, 'Dg_D1_scale': 3.9778627367444632, 'Dg_D3_scale': 3.8889353466219703, 'Dv_D1_scale': 0.2602803850515424, 'Dv_D2_scale': 2.524043816416344, 'b_bulk_scale': 0.030823879108500898, 'b_dislocation_scale': 0.6026471426638476, 'gb_scale': 0.4509387304293981, 'gd_bubble_scale': 7.338702741116605, 'gd_line_scale': 1.2097801854176384, 'gd_line_alpha': 0.8306496532080265, 'coalescence_d_scale': 0.6844275801925935, 'capture_scale': 0.20062800544171835}. Best is trial 214 with value: 2.373531962961344.
[I 2026-05-03 19:51:19,972] Trial 216 finished with value: 2.488885198615418 and parameters: {'rho_global_scale': 0.8217392507919625, 'rho_slope_scale': 0.5042090350019178, 'f_n': 1.1823666738774292e-07, 'K_d': 724028.0778452255, 'fission_rate': 6.52892153860376e+19, 'Dg_D1_scale': 3.5874761653794103, 'Dg_D3_scale': 3.9683669085568476, 'Dv_D1_scale': 0.27475999310755805, 'Dv_D2_scale': 2.4055696719239963, 'b_bulk_scale': 0.03517207241281646, 'b_dislocation_scale': 0.6898216962104745, 'gb_scale': 0.49871004770155053, 'gd_bubble_scale': 8.485640112247541, 'gd_line_scale': 1.2595901138665861, 'gd_line_alpha': 0.8052545836534204, 'coalescence_d_scale': 0.7312350432034019, 'capture_scale': 0.22613566124651246}. Best is trial 214 with value: 2.373531962961344.
[I 2026-05-03 19:51:26,013] Trial 217 finished with value: 2.6918803590019524 and parameters: {'rho_global_scale': 0.8465597852047493, 'rho_slope_scale': 0.5010910221971663, 'f_n': 8.841894188008832e-08, 'K_d': 663929.9546663873, 'fission_rate': 6.519548718488633e+19, 'Dg_D1_scale': 3.6829939931644233, 'Dg_D3_scale': 0.22356069924127203, 'Dv_D1_scale': 0.28945276180082974, 'Dv_D2_scale': 2.341637605026609, 'b_bulk_scale': 0.03436267717356281, 'b_dislocation_scale': 0.6378895948659034, 'gb_scale': 0.5164065904806568, 'gd_bubble_scale': 8.684203956935589, 'gd_line_scale': 1.246767898559496, 'gd_line_alpha': 0.792035692875567, 'coalescence_d_scale': 0.7880068070853276, 'capture_scale': 0.22587861013297741}. Best is trial 214 with value: 2.373531962961344.
[I 2026-05-03 19:51:32,914] Trial 218 finished with value: 2.715017576994092 and parameters: {'rho_global_scale': 0.7914888861242158, 'rho_slope_scale': 0.5265038717629823, 'f_n': 1.0240571921052779e-07, 'K_d': 753743.4386776625, 'fission_rate': 6.324241481676461e+19, 'Dg_D1_scale': 3.7756910479117645, 'Dg_D3_scale': 3.6309446521905677, 'Dv_D1_scale': 0.26058142265314216, 'Dv_D2_scale': 3.429031323002528, 'b_bulk_scale': 0.030059723434235342, 'b_dislocation_scale': 0.5721760313917141, 'gb_scale': 0.46035725171594305, 'gd_bubble_scale': 9.291634461018118, 'gd_line_scale': 1.083474667591637, 'gd_line_alpha': 0.8032100254609419, 'coalescence_d_scale': 0.6272532664021498, 'capture_scale': 0.23777543388537684}. Best is trial 214 with value: 2.373531962961344.
[I 2026-05-03 19:51:38,522] Trial 219 finished with value: 2.6227982219829227 and parameters: {'rho_global_scale': 0.8120963920051323, 'rho_slope_scale': 0.5340892700467936, 'f_n': 1.358879876287485e-07, 'K_d': 691565.9036826069, 'fission_rate': 6.710003560630389e+19, 'Dg_D1_scale': 3.995143728519029, 'Dg_D3_scale': 3.9973036071719354, 'Dv_D1_scale': 0.2813639741081148, 'Dv_D2_scale': 3.193130916620209, 'b_bulk_scale': 0.03493325212059819, 'b_dislocation_scale': 0.6647799348332668, 'gb_scale': 0.5998766183193774, 'gd_bubble_scale': 8.0942415577504, 'gd_line_scale': 0.9814591332236559, 'gd_line_alpha': 0.8113919411108308, 'coalescence_d_scale': 0.865444617605294, 'capture_scale': 0.2076947972756666}. Best is trial 214 with value: 2.373531962961344.
