[I 2026-05-03 19:37:19,489] Trial 91 finished with value: 3.1838449335068377 and parameters: {'rho_global_scale': 0.756885215391473, 'rho_slope_scale': 0.5298372803450206, 'f_n': 1.8370754897870515e-08, 'K_d': 332828.5858460568, 'fission_rate': 7.400394568136707e+19, 'Dg_D1_scale': 3.2631507581549912, 'Dg_D3_scale': 1.5006107716942065, 'Dv_D1_scale': 0.2684616116172283, 'Dv_D2_scale': 2.4839090447232106, 'b_bulk_scale': 0.05757223544492705, 'b_dislocation_scale': 0.10520819822870288, 'gb_scale': 0.16458113531361607, 'gd_bubble_scale': 0.10705835623467566, 'gd_line_scale': 0.4608122257287084, 'gd_line_alpha': 0.8307261347993015, 'coalescence_d_scale': 0.49439988174874067, 'capture_scale': 2.175625137101859}. Best is trial 90 with value: 2.8203566609409143.
[I 2026-05-03 19:37:26,656] Trial 92 finished with value: 3.619121532415017 and parameters: {'rho_global_scale': 0.8026456888810091, 'rho_slope_scale': 0.6101511126778595, 'f_n': 6.218590177180399e-08, 'K_d': 307373.8832567148, 'fission_rate': 7.177393796445242e+19, 'Dg_D1_scale': 2.836204773885983, 'Dg_D3_scale': 1.292786949042183, 'Dv_D1_scale': 0.24660047531953738, 'Dv_D2_scale': 1.196520886135755, 'b_bulk_scale': 0.04509020343266151, 'b_dislocation_scale': 0.17319940756157373, 'gb_scale': 0.3747740905316951, 'gd_bubble_scale': 0.0826889286011271, 'gd_line_scale': 4.446699810393707, 'gd_line_alpha': 0.7654019369368151, 'coalescence_d_scale': 0.376377504189299, 'capture_scale': 2.446523586154215}. Best is trial 90 with value: 2.8203566609409143.
[I 2026-05-03 19:37:31,969] Trial 93 finished with value: 2.727437976730171 and parameters: {'rho_global_scale': 0.7815991113658803, 'rho_slope_scale': 0.5162918973314622, 'f_n': 1.4687811310698705e-07, 'K_d': 315645.00833023526, 'fission_rate': 7.037860392555743e+19, 'Dg_D1_scale': 3.9940702260311145, 'Dg_D3_scale': 2.1610326252578402, 'Dv_D1_scale': 0.21721336743193115, 'Dv_D2_scale': 2.6356553329482035, 'b_bulk_scale': 0.12139766278875092, 'b_dislocation_scale': 0.34203218966668336, 'gb_scale': 1.1649005022206531, 'gd_bubble_scale': 0.43542027280874074, 'gd_line_scale': 2.4223317608264874, 'gd_line_alpha': 0.7409053177800277, 'coalescence_d_scale': 0.4189071223717127, 'capture_scale': 3.2209800435573746}. Best is trial 93 with value: 2.727437976730171.
[I 2026-05-03 19:37:39,158] Trial 94 finished with value: 2.880664756572788 and parameters: {'rho_global_scale': 0.7808230142061101, 'rho_slope_scale': 0.5093224068387722, 'f_n': 2.1612621850877485e-07, 'K_d': 314132.2428563861, 'fission_rate': 6.941303490773423e+19, 'Dg_D1_scale': 3.953944663036066, 'Dg_D3_scale': 1.8082502387892476, 'Dv_D1_scale': 0.22051975972561172, 'Dv_D2_scale': 2.7054812953522167, 'b_bulk_scale': 0.03349915401279304, 'b_dislocation_scale': 0.3498822612852309, 'gb_scale': 0.24833633349672624, 'gd_bubble_scale': 0.17151819931267115, 'gd_line_scale': 2.2588023190332978, 'gd_line_alpha': 0.7886964275226206, 'coalescence_d_scale': 0.3272048681978928, 'capture_scale': 3.1965495077871404}. Best is trial 93 with value: 2.727437976730171.
[I 2026-05-03 19:37:46,362] Trial 95 finished with value: 2.852974025750371 and parameters: {'rho_global_scale': 0.7824685010417222, 'rho_slope_scale': 0.5000223091697991, 'f_n': 1.582402214346374e-07, 'K_d': 312356.5341653933, 'fission_rate': 6.95736021156611e+19, 'Dg_D1_scale': 3.964839444627214, 'Dg_D3_scale': 2.5015783449903637, 'Dv_D1_scale': 0.21161946799856726, 'Dv_D2_scale': 3.1018091702542225, 'b_bulk_scale': 0.036596919266424825, 'b_dislocation_scale': 0.35088697344337993, 'gb_scale': 0.3444970300604596, 'gd_bubble_scale': 0.4573103830993766, 'gd_line_scale': 2.2462753438610195, 'gd_line_alpha': 0.7814414546569989, 'coalescence_d_scale': 0.4072985963814787, 'capture_scale': 3.249617324949222}. Best is trial 93 with value: 2.727437976730171.
[I 2026-05-03 19:37:53,644] Trial 96 finished with value: 2.7156295438952536 and parameters: {'rho_global_scale': 0.7815808811065516, 'rho_slope_scale': 0.5033108191961092, 'f_n': 1.7846814844694478e-07, 'K_d': 315334.7126515544, 'fission_rate': 6.8349995398018785e+19, 'Dg_D1_scale': 3.901459276494071, 'Dg_D3_scale': 2.5081299449199075, 'Dv_D1_scale': 0.21124317393539604, 'Dv_D2_scale': 2.704491446794133, 'b_bulk_scale': 0.032325805864461904, 'b_dislocation_scale': 0.4269759913249668, 'gb_scale': 0.2514784469602865, 'gd_bubble_scale': 0.5395317794559013, 'gd_line_scale': 2.193453085401122, 'gd_line_alpha': 0.7411947104500587, 'coalescence_d_scale': 0.4026438841309802, 'capture_scale': 3.2381467711037266}. Best is trial 96 with value: 2.7156295438952536.
[I 2026-05-03 19:38:00,761] Trial 97 finished with value: 2.846847104270857 and parameters: {'rho_global_scale': 0.7845002552184184, 'rho_slope_scale': 0.5685640085038559, 'f_n': 1.277222395038265e-07, 'K_d': 315189.13033420563, 'fission_rate': 6.9512778337292706e+19, 'Dg_D1_scale': 3.989548889831558, 'Dg_D3_scale': 2.7655807462551696, 'Dv_D1_scale': 0.22430936206192298, 'Dv_D2_scale': 2.7624842682976274, 'b_bulk_scale': 0.03266491581152739, 'b_dislocation_scale': 0.440438957025165, 'gb_scale': 0.23686440087100996, 'gd_bubble_scale': 0.4577214851150543, 'gd_line_scale': 2.2192051239174515, 'gd_line_alpha': 0.7867037527544558, 'coalescence_d_scale': 0.4160691482393353, 'capture_scale': 1.09566153781387}. Best is trial 96 with value: 2.7156295438952536.
[I 2026-05-03 19:38:06,117] Trial 98 finished with value: 2.6635725946305726 and parameters: {'rho_global_scale': 0.8197091741073511, 'rho_slope_scale': 0.5041530940997954, 'f_n': 1.8087370401229192e-07, 'K_d': 310826.0148456661, 'fission_rate': 6.94848762200709e+19, 'Dg_D1_scale': 3.923395982562882, 'Dg_D3_scale': 2.505694395085691, 'Dv_D1_scale': 0.22154569810675626, 'Dv_D2_scale': 2.7195189365304406, 'b_bulk_scale': 0.03019293831571298, 'b_dislocation_scale': 0.4466589796463117, 'gb_scale': 0.24068434185208684, 'gd_bubble_scale': 0.31560495485979717, 'gd_line_scale': 2.078715808825634, 'gd_line_alpha': 0.7388919254676545, 'coalescence_d_scale': 0.4065859802509554, 'capture_scale': 0.9766308877844263}. Best is trial 98 with value: 2.6635725946305726.
[I 2026-05-03 19:38:13,287] Trial 99 finished with value: 2.496078407950315 and parameters: {'rho_global_scale': 0.7854863000530669, 'rho_slope_scale': 0.5113600180241779, 'f_n': 2.045123338395843e-07, 'K_d': 314616.5267136613, 'fission_rate': 6.784243050258714e+19, 'Dg_D1_scale': 3.765415375819782, 'Dg_D3_scale': 3.2649496799260045, 'Dv_D1_scale': 0.2123759702949536, 'Dv_D2_scale': 2.7167038184930052, 'b_bulk_scale': 0.03339916731666805, 'b_dislocation_scale': 0.5408599277095362, 'gb_scale': 0.2517218089444644, 'gd_bubble_scale': 0.41494573615030256, 'gd_line_scale': 2.075419415676561, 'gd_line_alpha': 0.7407263871979894, 'coalescence_d_scale': 0.5390713532413615, 'capture_scale': 1.0471522121385841}. Best is trial 99 with value: 2.496078407950315.Best trial: 98. Best value: 2.66357:  20%|█▉        | 99/500 [11:08<43:25,  6.50s/it]Best trial: 99. Best value: 2.49608:  20%|█▉        | 99/500 [11:08<43:25,  6.50s/it]Best trial: 99. Best value: 2.49608:  20%|██        | 100/500 [11:08<44:40,  6.70s/it]                                                                                      Best trial: 99. Best value: 2.49608:  20%|██        | 100/500 [11:15<44:40,  6.70s/it]Best trial: 99. Best value: 2.49608:  20%|██        | 100/500 [11:15<44:40,  6.70s/it]Best trial: 99. Best value: 2.49608:  20%|██        | 101/500 [11:15<45:41,  6.87s/it]                                                                                      Best trial: 99. Best value: 2.49608:  20%|██        | 101/500 [11:22<45:41,  6.87s/it]Best trial: 99. Best value: 2.49608:  20%|██        | 101/500 [11:23<45:41,  6.87s/it]Best trial: 99. Best value: 2.49608:  20%|██        | 102/500 [11:23<46:02,  6.94s/it]                                                                                      Best trial: 99. Best value: 2.49608:  20%|██        | 102/500 [11:27<46:02,  6.94s/it]Best trial: 99. Best value: 2.49608:  20%|██        | 102/500 [11:27<46:02,  6.94s/it]Best trial: 99. Best value: 2.49608:  21%|██        | 103/500 [11:27<41:46,  6.31s/it]                                                                                      Best trial: 99. Best value: 2.49608:  21%|██        | 103/500 [11:34<41:46,  6.31s/it]Best trial: 103. Best value: 2.47983:  21%|██        | 103/500 [11:34<41:46,  6.31s/it]Best trial: 103. Best value: 2.47983:  21%|██        | 104/500 [11:34<42:25,  6.43s/it]                                                                                       Best trial: 103. Best value: 2.47983:  21%|██        | 104/500 [11:41<42:25,  6.43s/it]Best trial: 103. Best value: 2.47983:  21%|██        | 104/500 [11:41<42:25,  6.43s/it]Best trial: 103. Best value: 2.47983:  21%|██        | 105/500 [11:41<43:34,  6.62s/it]                                                                                       Best trial: 103. Best value: 2.47983:  21%|██        | 105/500 [11:48<43:34,  6.62s/it]Best trial: 103. Best value: 2.47983:  21%|██        | 105/500 [11:48<43:34,  6.62s/it]Best trial: 103. Best value: 2.47983:  21%|██        | 106/500 [11:48<43:28,  6.62s/it]                                                                                       Best trial: 103. Best value: 2.47983:  21%|██        | 106/500 [11:55<43:28,  6.62s/it]Best trial: 103. Best value: 2.47983:  21%|██        | 106/500 [11:55<43:28,  6.62s/it]Best trial: 103. Best value: 2.47983:  21%|██▏       | 107/500 [11:55<44:25,  6.78s/it]                                                                                       Best trial: 103. Best value: 2.47983:  21%|██▏       | 107/500 [12:00<44:25,  6.78s/it]Best trial: 103. Best value: 2.47983:  21%|██▏       | 107/500 [12:01<44:25,  6.78s/it]Best trial: 103. Best value: 2.47983:  22%|██▏       | 108/500 [12:01<42:00,  6.43s/it]                                                                                       Best trial: 103. Best value: 2.47983:  22%|██▏       | 108/500 [12:07<42:00,  6.43s/it]Best trial: 103. Best value: 2.47983:  22%|██▏       | 108/500 [12:07<42:00,  6.43s/it]Best trial: 103. Best value: 2.47983:  22%|██▏       | 109/500 [12:07<42:58,  6.59s/it]                                                                                       Best trial: 103. Best value: 2.47983:  22%|██▏       | 109/500 [12:14<42:58,  6.59s/it]Best trial: 103. Best value: 2.47983:  22%|██▏       | 109/500 [12:14<42:58,  6.59s/it]Best trial: 103. Best value: 2.47983:  22%|██▏       | 110/500 [12:14<43:02,  6.62s/it]                                                                                       
[I 2026-05-03 19:38:20,574] Trial 100 finished with value: 2.545303885385207 and parameters: {'rho_global_scale': 0.7855218208466949, 'rho_slope_scale': 0.5030104898245309, 'f_n': 1.7693401964594069e-07, 'K_d': 316133.41669638304, 'fission_rate': 6.786637796167281e+19, 'Dg_D1_scale': 3.828029399114213, 'Dg_D3_scale': 3.3065772764247123, 'Dv_D1_scale': 0.2231679652046433, 'Dv_D2_scale': 2.71570727820491, 'b_bulk_scale': 0.03428481825085712, 'b_dislocation_scale': 0.527006765224109, 'gb_scale': 0.23754167939278853, 'gd_bubble_scale': 0.45958885883142914, 'gd_line_scale': 2.135418869333132, 'gd_line_alpha': 0.7392202647269107, 'coalescence_d_scale': 0.8496410649231266, 'capture_scale': 1.0666732311403218}. Best is trial 99 with value: 2.496078407950315.
[I 2026-05-03 19:38:27,678] Trial 101 finished with value: 2.5197744331427834 and parameters: {'rho_global_scale': 0.784149017392503, 'rho_slope_scale': 0.5011763120903395, 'f_n': 1.6376421144161416e-07, 'K_d': 317083.51976272813, 'fission_rate': 6.791378235526667e+19, 'Dg_D1_scale': 3.910598181909804, 'Dg_D3_scale': 3.241855790905436, 'Dv_D1_scale': 0.22147309988630628, 'Dv_D2_scale': 2.76228498381915, 'b_bulk_scale': 0.03404607113666583, 'b_dislocation_scale': 0.5343743983061658, 'gb_scale': 0.2431622356066648, 'gd_bubble_scale': 0.44847767123131366, 'gd_line_scale': 2.0511540252841822, 'gd_line_alpha': 0.7398294275238609, 'coalescence_d_scale': 0.8121584457704792, 'capture_scale': 1.053687916429845}. Best is trial 99 with value: 2.496078407950315.
[I 2026-05-03 19:38:32,528] Trial 102 finished with value: 2.505708076426346 and parameters: {'rho_global_scale': 0.7879033279667754, 'rho_slope_scale': 0.5002822910382497, 'f_n': 1.622318530557434e-07, 'K_d': 316895.561586306, 'fission_rate': 6.766141038457825e+19, 'Dg_D1_scale': 3.9698896490958155, 'Dg_D3_scale': 3.565784427071392, 'Dv_D1_scale': 0.2228890534714862, 'Dv_D2_scale': 2.781429070453214, 'b_bulk_scale': 0.03393946434954926, 'b_dislocation_scale': 0.6441033772546056, 'gb_scale': 0.23151959811648343, 'gd_bubble_scale': 0.4009921060766568, 'gd_line_scale': 1.9454117850769153, 'gd_line_alpha': 0.729366311536661, 'coalescence_d_scale': 0.8854418478245185, 'capture_scale': 0.5786714184236855}. Best is trial 99 with value: 2.496078407950315.
[I 2026-05-03 19:38:39,220] Trial 103 finished with value: 2.479829645381372 and parameters: {'rho_global_scale': 0.8156250801484277, 'rho_slope_scale': 0.504699096710356, 'f_n': 1.4766292719880206e-07, 'K_d': 307106.58742058324, 'fission_rate': 6.779073578075165e+19, 'Dg_D1_scale': 3.5407251747233826, 'Dg_D3_scale': 3.4617180462583477, 'Dv_D1_scale': 0.20904584578675148, 'Dv_D2_scale': 3.2101973856386246, 'b_bulk_scale': 0.030608540901610908, 'b_dislocation_scale': 0.6502186132594059, 'gb_scale': 0.22741552642668442, 'gd_bubble_scale': 0.4670131477361434, 'gd_line_scale': 2.0001310990881467, 'gd_line_alpha': 0.7394195298727465, 'coalescence_d_scale': 0.9129022092263438, 'capture_scale': 0.7736614222295966}. Best is trial 103 with value: 2.479829645381372.
[I 2026-05-03 19:38:46,285] Trial 104 finished with value: 2.5211675806669467 and parameters: {'rho_global_scale': 0.8137387071870676, 'rho_slope_scale': 0.503163261882339, 'f_n': 1.4347243884083767e-07, 'K_d': 305750.1579556023, 'fission_rate': 6.559625564788385e+19, 'Dg_D1_scale': 3.5509457443640517, 'Dg_D3_scale': 3.6320542693473348, 'Dv_D1_scale': 0.20684054723333886, 'Dv_D2_scale': 3.2676767756014606, 'b_bulk_scale': 0.030710253516437226, 'b_dislocation_scale': 0.5530415085710895, 'gb_scale': 0.23147577599000171, 'gd_bubble_scale': 0.4686915266191189, 'gd_line_scale': 1.9592987664814359, 'gd_line_alpha': 0.7382220863415644, 'coalescence_d_scale': 0.9698280749298761, 'capture_scale': 0.7389560682838006}. Best is trial 103 with value: 2.479829645381372.
[I 2026-05-03 19:38:52,912] Trial 105 finished with value: 2.5256533430047354 and parameters: {'rho_global_scale': 0.8189485466558926, 'rho_slope_scale': 0.5870616269414645, 'f_n': 3.167169174173044e-07, 'K_d': 305390.104553848, 'fission_rate': 6.576179899156622e+19, 'Dg_D1_scale': 3.628041758623701, 'Dg_D3_scale': 3.6199415814640115, 'Dv_D1_scale': 0.22579902581454528, 'Dv_D2_scale': 3.468628484683104, 'b_bulk_scale': 0.030663410807960118, 'b_dislocation_scale': 0.6223721504392374, 'gb_scale': 0.23154999348731806, 'gd_bubble_scale': 0.3636612578749798, 'gd_line_scale': 1.974464467764589, 'gd_line_alpha': 0.7304329884758826, 'coalescence_d_scale': 0.8513443803850836, 'capture_scale': 0.7166237100365592}. Best is trial 103 with value: 2.479829645381372.
[I 2026-05-03 19:39:00,070] Trial 106 finished with value: 2.514065184807942 and parameters: {'rho_global_scale': 0.8214876634183921, 'rho_slope_scale': 0.5912880510261578, 'f_n': 3.6676771566393673e-07, 'K_d': 305276.1602404277, 'fission_rate': 6.479640973265123e+19, 'Dg_D1_scale': 3.4948063935241467, 'Dg_D3_scale': 3.6365267223178623, 'Dv_D1_scale': 0.20244732746978295, 'Dv_D2_scale': 3.5404800578049196, 'b_bulk_scale': 0.03006236515921831, 'b_dislocation_scale': 0.6549151561265556, 'gb_scale': 0.1482124011251186, 'gd_bubble_scale': 0.3450712432454551, 'gd_line_scale': 1.9496439911916619, 'gd_line_alpha': 0.7347164417458003, 'coalescence_d_scale': 0.8992973860201117, 'capture_scale': 0.661905445649989}. Best is trial 103 with value: 2.479829645381372.
[I 2026-05-03 19:39:05,683] Trial 107 finished with value: 2.7944098865719207 and parameters: {'rho_global_scale': 0.8172950222032448, 'rho_slope_scale': 0.5019331243646289, 'f_n': 3.4314080258508847e-07, 'K_d': 306766.5391595451, 'fission_rate': 6.5817643294930305e+19, 'Dg_D1_scale': 3.549347310435472, 'Dg_D3_scale': 3.5972369502799793, 'Dv_D1_scale': 0.2052370750502428, 'Dv_D2_scale': 3.5347072740541305, 'b_bulk_scale': 0.04692674137906013, 'b_dislocation_scale': 0.6408357343627813, 'gb_scale': 0.1616827584837206, 'gd_bubble_scale': 0.3503015489239326, 'gd_line_scale': 2.8967204578823433, 'gd_line_alpha': 0.7384177303095599, 'coalescence_d_scale': 0.8781188119211304, 'capture_scale': 0.7019847576016037}. Best is trial 103 with value: 2.479829645381372.
[I 2026-05-03 19:39:12,651] Trial 108 finished with value: 2.5109752146861593 and parameters: {'rho_global_scale': 0.8393576582897719, 'rho_slope_scale': 0.5927858865485859, 'f_n': 4.988961380504418e-07, 'K_d': 316991.0526381134, 'fission_rate': 6.307113992396771e+19, 'Dg_D1_scale': 3.604194297207606, 'Dg_D3_scale': 3.264964533732592, 'Dv_D1_scale': 0.22702447967990586, 'Dv_D2_scale': 3.144083409977029, 'b_bulk_scale': 0.030508124779201583, 'b_dislocation_scale': 0.5335332146595315, 'gb_scale': 0.19504909791858532, 'gd_bubble_scale': 0.36829394106408253, 'gd_line_scale': 1.9324247163930188, 'gd_line_alpha': 0.6923133452100523, 'coalescence_d_scale': 0.7989476153891821, 'capture_scale': 0.5420430524365476}. Best is trial 103 with value: 2.479829645381372.
[I 2026-05-03 19:39:19,349] Trial 109 finished with value: 2.6375652364004813 and parameters: {'rho_global_scale': 0.8384047625069215, 'rho_slope_scale': 0.5885888017571553, 'f_n': 6.894308978739176e-07, 'K_d': 319944.0689191689, 'fission_rate': 6.111947972628901e+19, 'Dg_D1_scale': 3.5614763729260757, 'Dg_D3_scale': 3.2740549186574546, 'Dv_D1_scale': 0.2286996261402447, 'Dv_D2_scale': 3.145027085943616, 'b_bulk_scale': 0.030147772905884846, 'b_dislocation_scale': 0.5536712903036488, 'gb_scale': 0.1398221000675665, 'gd_bubble_scale': 0.3783695338745153, 'gd_line_scale': 1.4766572736883528, 'gd_line_alpha': 0.6823660260208081, 'coalescence_d_scale': 0.9783974300087386, 'capture_scale': 0.3860830010533793}. Best is trial 103 with value: 2.479829645381372.
