[I 2026-05-03 19:31:10,092] Trial 34 finished with value: 2.9449380860382535 and parameters: {'rho_global_scale': 0.8040781374341243, 'rho_slope_scale': 1.4260440059618724, 'f_n': 4.917451134123123e-08, 'K_d': 373759.78347075847, 'fission_rate': 7.028836588025678e+19, 'Dg_D1_scale': 2.3864208117407903, 'Dg_D3_scale': 2.3159113865762118, 'Dv_D1_scale': 0.3561051282695151, 'Dv_D2_scale': 1.097609383669088, 'b_bulk_scale': 0.4362323276281518, 'b_dislocation_scale': 0.8652005694388956, 'gb_scale': 1.691624754313132, 'gd_bubble_scale': 0.6222278874371803, 'gd_line_scale': 2.4964423874363653, 'gd_line_alpha': 0.9915525574509423, 'coalescence_d_scale': 0.16672907811371637, 'capture_scale': 3.8098375496566352}. Best is trial 34 with value: 2.9449380860382535.
[I 2026-05-03 19:31:16,799] Trial 35 finished with value: 3.2759037311137984 and parameters: {'rho_global_scale': 0.8015514951976723, 'rho_slope_scale': 1.4984988158835364, 'f_n': 1.7371206715001425e-08, 'K_d': 331166.1333463951, 'fission_rate': 7.72481764106004e+19, 'Dg_D1_scale': 2.280857697063509, 'Dg_D3_scale': 2.393753204361467, 'Dv_D1_scale': 0.35140079181584366, 'Dv_D2_scale': 0.9897457890068804, 'b_bulk_scale': 0.3123835738344962, 'b_dislocation_scale': 0.21746884747305925, 'gb_scale': 1.895687103892061, 'gd_bubble_scale': 0.6484526841206165, 'gd_line_scale': 0.8288639203828637, 'gd_line_alpha': 0.9816512138575492, 'coalescence_d_scale': 0.10491645773797473, 'capture_scale': 7.847290125216966}. Best is trial 34 with value: 2.9449380860382535.
[I 2026-05-03 19:31:23,243] Trial 36 finished with value: 3.043775727847798 and parameters: {'rho_global_scale': 0.728176957316475, 'rho_slope_scale': 1.4509855846029516, 'f_n': 7.550496479669586e-09, 'K_d': 339246.780251598, 'fission_rate': 7.7710605649944e+19, 'Dg_D1_scale': 2.4016390532788954, 'Dg_D3_scale': 2.3886525757262183, 'Dv_D1_scale': 0.3508944468407973, 'Dv_D2_scale': 0.9681661886716378, 'b_bulk_scale': 0.2947074788463058, 'b_dislocation_scale': 0.7384332083330745, 'gb_scale': 0.6305018712778443, 'gd_bubble_scale': 0.6532336684674247, 'gd_line_scale': 0.7449121283587813, 'gd_line_alpha': 0.9983568944700384, 'coalescence_d_scale': 0.11458907292928254, 'capture_scale': 7.791855107542744}. Best is trial 34 with value: 2.9449380860382535.
[I 2026-05-03 19:31:27,665] Trial 37 finished with value: 3.206158676291207 and parameters: {'rho_global_scale': 0.7329627233560412, 'rho_slope_scale': 1.1475203286581557, 'f_n': 7.252580654862863e-09, 'K_d': 328723.52802134375, 'fission_rate': 7.736130507785922e+19, 'Dg_D1_scale': 2.4291213405163727, 'Dg_D3_scale': 3.859249941236508, 'Dv_D1_scale': 0.36645565857833556, 'Dv_D2_scale': 0.9609855161210379, 'b_bulk_scale': 0.2967648188584144, 'b_dislocation_scale': 0.7764354627744653, 'gb_scale': 0.6351250742510823, 'gd_bubble_scale': 0.2403536258951127, 'gd_line_scale': 0.7478216913962576, 'gd_line_alpha': 0.9960727489264788, 'coalescence_d_scale': 0.13896851147792597, 'capture_scale': 4.325192565026033}. Best is trial 34 with value: 2.9449380860382535.
[I 2026-05-03 19:31:34,300] Trial 38 finished with value: 3.1778212200456926 and parameters: {'rho_global_scale': 0.7081061516219462, 'rho_slope_scale': 1.1505243415062434, 'f_n': 1.0016860033740462e-09, 'K_d': 326764.27906330064, 'fission_rate': 7.722250803735701e+19, 'Dg_D1_scale': 2.457825861123041, 'Dg_D3_scale': 3.9807907148711448, 'Dv_D1_scale': 0.3315234047863535, 'Dv_D2_scale': 1.0051944615306583, 'b_bulk_scale': 0.2559400937730018, 'b_dislocation_scale': 0.7886959311432201, 'gb_scale': 0.6779306839329923, 'gd_bubble_scale': 0.2308311126980229, 'gd_line_scale': 0.7052829822420161, 'gd_line_alpha': 0.9965673540495761, 'coalescence_d_scale': 0.150918746522138, 'capture_scale': 5.087684344657008}. Best is trial 34 with value: 2.9449380860382535.
[I 2026-05-03 19:31:40,276] Trial 39 finished with value: 3.4558371782440447 and parameters: {'rho_global_scale': 0.7207110076922699, 'rho_slope_scale': 1.0582129949798371, 'f_n': 8.930205821409966e-10, 'K_d': 332387.77437485266, 'fission_rate': 7.988291615454549e+19, 'Dg_D1_scale': 1.856617545189196, 'Dg_D3_scale': 3.1936275927975175, 'Dv_D1_scale': 0.6121480142896744, 'Dv_D2_scale': 1.1502151594650825, 'b_bulk_scale': 0.2599844836264253, 'b_dislocation_scale': 0.8286116580781544, 'gb_scale': 0.6342256641617067, 'gd_bubble_scale': 0.22344196165331637, 'gd_line_scale': 0.5482566604091227, 'gd_line_alpha': 0.994017552771383, 'coalescence_d_scale': 0.1693639054145331, 'capture_scale': 4.533958783081252}. Best is trial 34 with value: 2.9449380860382535.
[I 2026-05-03 19:31:45,883] Trial 40 finished with value: 4.684403343277551 and parameters: {'rho_global_scale': 0.7079923399926338, 'rho_slope_scale': 0.80260603520183, 'f_n': 7.3913088363658796e-09, 'K_d': 330371.60903622303, 'fission_rate': 7.770456176595262e+19, 'Dg_D1_scale': 2.711044278453276, 'Dg_D3_scale': 3.9344046980572056, 'Dv_D1_scale': 0.3898983354898496, 'Dv_D2_scale': 0.912508417748381, 'b_bulk_scale': 0.5586487566340268, 'b_dislocation_scale': 0.9943212252593868, 'gb_scale': 0.6455781103781326, 'gd_bubble_scale': 0.07173531777944443, 'gd_line_scale': 0.33521859961016176, 'gd_line_alpha': 0.8771905905403543, 'coalescence_d_scale': 0.16123282040471182, 'capture_scale': 3.9275947080483404}. Best is trial 34 with value: 2.9449380860382535.
[I 2026-05-03 19:31:52,617] Trial 41 finished with value: 3.269656357706305 and parameters: {'rho_global_scale': 0.8042072455378345, 'rho_slope_scale': 1.1989357993712244, 'f_n': 1.0263787762313888e-09, 'K_d': 369401.47092878836, 'fission_rate': 7.611494446507863e+19, 'Dg_D1_scale': 2.1492734309800254, 'Dg_D3_scale': 2.492828249044157, 'Dv_D1_scale': 0.31104203097207134, 'Dv_D2_scale': 1.0414118007714352, 'b_bulk_scale': 0.314043533103985, 'b_dislocation_scale': 0.6151827598294595, 'gb_scale': 0.8532315655948878, 'gd_bubble_scale': 0.20757588608777483, 'gd_line_scale': 0.9025864780328169, 'gd_line_alpha': 0.9974319636828946, 'coalescence_d_scale': 0.12987117794489045, 'capture_scale': 6.604644114666499}. Best is trial 34 with value: 2.9449380860382535.
[I 2026-05-03 19:31:57,692] Trial 42 finished with value: 3.6975343252048845 and parameters: {'rho_global_scale': 0.8229231017888624, 'rho_slope_scale': 1.2062326042221572, 'f_n': 1.0065909482761852e-09, 'K_d': 366823.2445537843, 'fission_rate': 7.494015981777e+19, 'Dg_D1_scale': 1.4230346080552618, 'Dg_D3_scale': 2.633779906997723, 'Dv_D1_scale': 0.31292215620968145, 'Dv_D2_scale': 1.2005023102161436, 'b_bulk_scale': 3.6357267807715288, 'b_dislocation_scale': 0.6808607168130003, 'gb_scale': 0.7750958373228822, 'gd_bubble_scale': 0.23150133174097712, 'gd_line_scale': 0.9382025596267043, 'gd_line_alpha': 0.9256612178720205, 'coalescence_d_scale': 0.14429925123922, 'capture_scale': 1.5046358411747516}. Best is trial 34 with value: 2.9449380860382535.
[I 2026-05-03 19:32:04,437] Trial 43 finished with value: 2.9654127485888946 and parameters: {'rho_global_scale': 0.8931510342684091, 'rho_slope_scale': 0.9267166300897212, 'f_n': 3.141364879729841e-10, 'K_d': 323664.0008695558, 'fission_rate': 7.623053282800948e+19, 'Dg_D1_scale': 2.2165666133192974, 'Dg_D3_scale': 2.2038119238624994, 'Dv_D1_scale': 0.2642683486711833, 'Dv_D2_scale': 1.0754039047240298, 'b_bulk_scale': 0.13658188791779666, 'b_dislocation_scale': 0.3601623443382965, 'gb_scale': 1.1141907616808324, 'gd_bubble_scale': 0.18155120231031247, 'gd_line_scale': 0.34292203283449313, 'gd_line_alpha': 0.9304944701989895, 'coalescence_d_scale': 0.34700222870912656, 'capture_scale': 5.529505962319508}. Best is trial 34 with value: 2.9449380860382535.
[I 2026-05-03 19:32:10,807] Trial 44 finished with value: 3.019505356860255 and parameters: {'rho_global_scale': 0.7437830684569098, 'rho_slope_scale': 0.8929625768464285, 'f_n': 3.0177261717973243e-10, 'K_d': 303126.9811592364, 'fission_rate': 7.80676065029272e+19, 'Dg_D1_scale': 1.6914175835494845, 'Dg_D3_scale': 2.11307375881011, 'Dv_D1_scale': 0.2476344187453495, 'Dv_D2_scale': 1.4808631976270534, 'b_bulk_scale': 0.12818546154488708, 'b_dislocation_scale': 0.32343788776801785, 'gb_scale': 1.2270853273059836, 'gd_bubble_scale': 0.1004387346560986, 'gd_line_scale': 0.3242783264447972, 'gd_line_alpha': 0.8379654737352709, 'coalescence_d_scale': 0.34427914962723366, 'capture_scale': 3.35675374674645}. Best is trial 34 with value: 2.9449380860382535.Best trial: 34. Best value: 2.94494:   9%|▉         | 44/500 [05:06<46:32,  6.12s/it]Best trial: 34. Best value: 2.94494:   9%|▉         | 44/500 [05:06<46:32,  6.12s/it]Best trial: 34. Best value: 2.94494:   9%|▉         | 45/500 [05:06<46:59,  6.20s/it]                                                                                     Best trial: 34. Best value: 2.94494:   9%|▉         | 45/500 [05:13<46:59,  6.20s/it]Best trial: 45. Best value: 2.88147:   9%|▉         | 45/500 [05:13<46:59,  6.20s/it]Best trial: 45. Best value: 2.88147:   9%|▉         | 46/500 [05:13<48:34,  6.42s/it]                                                                                     Best trial: 45. Best value: 2.88147:   9%|▉         | 46/500 [05:19<48:34,  6.42s/it]Best trial: 45. Best value: 2.88147:   9%|▉         | 46/500 [05:19<48:34,  6.42s/it]Best trial: 45. Best value: 2.88147:   9%|▉         | 47/500 [05:19<48:20,  6.40s/it]                                                                                     Best trial: 45. Best value: 2.88147:   9%|▉         | 47/500 [05:24<48:20,  6.40s/it]Best trial: 45. Best value: 2.88147:   9%|▉         | 47/500 [05:24<48:20,  6.40s/it]Best trial: 45. Best value: 2.88147:  10%|▉         | 48/500 [05:24<44:22,  5.89s/it]                                                                                     Best trial: 45. Best value: 2.88147:  10%|▉         | 48/500 [05:28<44:22,  5.89s/it]Best trial: 45. Best value: 2.88147:  10%|▉         | 48/500 [05:28<44:22,  5.89s/it]Best trial: 45. Best value: 2.88147:  10%|▉         | 49/500 [05:28<41:47,  5.56s/it]                                                                                     Best trial: 45. Best value: 2.88147:  10%|▉         | 49/500 [05:35<41:47,  5.56s/it]Best trial: 45. Best value: 2.88147:  10%|▉         | 49/500 [05:35<41:47,  5.56s/it]Best trial: 45. Best value: 2.88147:  10%|█         | 50/500 [05:35<44:28,  5.93s/it]                                                                                     Best trial: 45. Best value: 2.88147:  10%|█         | 50/500 [05:45<44:28,  5.93s/it]Best trial: 45. Best value: 2.88147:  10%|█         | 50/500 [05:45<44:28,  5.93s/it]Best trial: 45. Best value: 2.88147:  10%|█         | 51/500 [05:45<52:52,  7.06s/it]                                                                                     Best trial: 45. Best value: 2.88147:  10%|█         | 51/500 [05:52<52:52,  7.06s/it]Best trial: 45. Best value: 2.88147:  10%|█         | 51/500 [05:52<52:52,  7.06s/it]Best trial: 45. Best value: 2.88147:  10%|█         | 52/500 [05:52<52:39,  7.05s/it]                                                                                     Best trial: 45. Best value: 2.88147:  10%|█         | 52/500 [05:57<52:39,  7.05s/it]Best trial: 45. Best value: 2.88147:  10%|█         | 52/500 [05:57<52:39,  7.05s/it]Best trial: 45. Best value: 2.88147:  11%|█         | 53/500 [05:57<48:19,  6.49s/it]                                                                                     Best trial: 45. Best value: 2.88147:  11%|█         | 53/500 [06:04<48:19,  6.49s/it]Best trial: 45. Best value: 2.88147:  11%|█         | 53/500 [06:04<48:19,  6.49s/it]Best trial: 45. Best value: 2.88147:  11%|█         | 54/500 [06:04<48:32,  6.53s/it]                                                                                     Best trial: 45. Best value: 2.88147:  11%|█         | 54/500 [06:11<48:32,  6.53s/it]Best trial: 45. Best value: 2.88147:  11%|█         | 54/500 [06:11<48:32,  6.53s/it]Best trial: 45. Best value: 2.88147:  11%|█         | 55/500 [06:11<50:36,  6.82s/it]                                                                                     
[I 2026-05-03 19:32:17,737] Trial 45 finished with value: 2.8814715797351784 and parameters: {'rho_global_scale': 0.8986661221930345, 'rho_slope_scale': 0.6698073293432523, 'f_n': 2.4339860957845467e-10, 'K_d': 300300.22554158996, 'fission_rate': 7.436506813750244e+19, 'Dg_D1_scale': 1.7322595099259157, 'Dg_D3_scale': 2.0675116621234273, 'Dv_D1_scale': 0.24553433788737083, 'Dv_D2_scale': 1.5048489468758777, 'b_bulk_scale': 0.12308238796328673, 'b_dislocation_scale': 0.29916821201279165, 'gb_scale': 1.1406945811116165, 'gd_bubble_scale': 0.08883634210620403, 'gd_line_scale': 0.32762492227168966, 'gd_line_alpha': 0.835268463963426, 'coalescence_d_scale': 0.21761043239197214, 'capture_scale': 1.5260554397167316}. Best is trial 45 with value: 2.8814715797351784.
[I 2026-05-03 19:32:24,113] Trial 46 finished with value: 3.083826350196183 and parameters: {'rho_global_scale': 0.8864789622844576, 'rho_slope_scale': 0.5819111973730265, 'f_n': 2.088148250704166e-10, 'K_d': 306493.84741472366, 'fission_rate': 7.444479559479191e+19, 'Dg_D1_scale': 1.718927089981428, 'Dg_D3_scale': 2.1998153552005255, 'Dv_D1_scale': 0.2477766898207498, 'Dv_D2_scale': 1.5619567152885148, 'b_bulk_scale': 0.08883137537927456, 'b_dislocation_scale': 0.36537890793983996, 'gb_scale': 1.2258239648111127, 'gd_bubble_scale': 0.05262573864583212, 'gd_line_scale': 0.3159586343501741, 'gd_line_alpha': 0.8294491412545502, 'coalescence_d_scale': 0.3424904036970613, 'capture_scale': 1.7477282657026445}. Best is trial 45 with value: 2.8814715797351784.
[I 2026-05-03 19:32:28,800] Trial 47 finished with value: 3.5268189075990373 and parameters: {'rho_global_scale': 0.7485030742089551, 'rho_slope_scale': 0.7416072763323712, 'f_n': 3.955805102787059e-10, 'K_d': 301737.28074222384, 'fission_rate': 6.7299754684352815e+19, 'Dg_D1_scale': 1.221303543416305, 'Dg_D3_scale': 1.5498104343864385, 'Dv_D1_scale': 0.2807458486710721, 'Dv_D2_scale': 1.4884131272745593, 'b_bulk_scale': 0.12072813518071827, 'b_dislocation_scale': 0.3195064963710465, 'gb_scale': 1.0862658679742208, 'gd_bubble_scale': 0.08081014869948719, 'gd_line_scale': 0.233684284740013, 'gd_line_alpha': 0.9237838250288235, 'coalescence_d_scale': 0.36331008016564303, 'capture_scale': 3.8724002355388274}. Best is trial 45 with value: 2.8814715797351784.
[I 2026-05-03 19:32:33,590] Trial 48 finished with value: 4.463176829683244 and parameters: {'rho_global_scale': 0.9068494925406767, 'rho_slope_scale': 0.6433678401862515, 'f_n': 4.682700610547248e-10, 'K_d': 318674.68362756324, 'fission_rate': 7.871182771503628e+19, 'Dg_D1_scale': 2.007968705296582, 'Dg_D3_scale': 2.0406916235334602, 'Dv_D1_scale': 0.23364296512660745, 'Dv_D2_scale': 1.8143198840320092, 'b_bulk_scale': 0.1360793519579808, 'b_dislocation_scale': 0.3658662635484839, 'gb_scale': 1.604614982382719, 'gd_bubble_scale': 0.12318631093186311, 'gd_line_scale': 0.12782505055304205, 'gd_line_alpha': 0.8173734854032393, 'coalescence_d_scale': 0.8263395332264407, 'capture_scale': 1.2743796110591525}. Best is trial 45 with value: 2.8814715797351784.
[I 2026-05-03 19:32:40,383] Trial 49 finished with value: 3.082962302756143 and parameters: {'rho_global_scale': 0.8718217566097626, 'rho_slope_scale': 0.8822583100327194, 'f_n': 1.336605500114241e-10, 'K_d': 318611.0042371244, 'fission_rate': 7.538861867240432e+19, 'Dg_D1_scale': 3.1391672883642205, 'Dg_D3_scale': 2.867339446812814, 'Dv_D1_scale': 0.2005508597502983, 'Dv_D2_scale': 1.2637773423137728, 'b_bulk_scale': 0.04081117106181518, 'b_dislocation_scale': 0.5535158583786107, 'gb_scale': 0.47040528710814317, 'gd_bubble_scale': 0.07763536720913367, 'gd_line_scale': 0.440263238682233, 'gd_line_alpha': 0.891092983811771, 'coalescence_d_scale': 0.19014372686650277, 'capture_scale': 3.021086075598229}. Best is trial 45 with value: 2.8814715797351784.
[I 2026-05-03 19:32:50,094] Trial 50 finished with value: 3.137163141585683 and parameters: {'rho_global_scale': 0.8321001156479321, 'rho_slope_scale': 0.8968714517178413, 'f_n': 5.952671669969296e-10, 'K_d': 341496.5925277345, 'fission_rate': 4.534003930588702e+19, 'Dg_D1_scale': 1.6029379116232652, 'Dg_D3_scale': 1.5314535846233757, 'Dv_D1_scale': 0.29081197474594084, 'Dv_D2_scale': 0.8453489851867545, 'b_bulk_scale': 0.08738879890583834, 'b_dislocation_scale': 0.27676807777018314, 'gb_scale': 1.5740161319233064, 'gd_bubble_scale': 0.16335201541660208, 'gd_line_scale': 0.26980086636156797, 'gd_line_alpha': 0.9464664651859067, 'coalescence_d_scale': 0.3258263389520997, 'capture_scale': 0.6319562467225763}. Best is trial 45 with value: 2.8814715797351784.
[I 2026-05-03 19:32:57,112] Trial 51 finished with value: 3.1036791636413175 and parameters: {'rho_global_scale': 0.8646431351986071, 'rho_slope_scale': 0.8979809572541133, 'f_n': 1.9277244644794325e-10, 'K_d': 318264.1708331843, 'fission_rate': 7.574741057386666e+19, 'Dg_D1_scale': 2.969539083452296, 'Dg_D3_scale': 3.059265962049504, 'Dv_D1_scale': 0.20123895490873714, 'Dv_D2_scale': 1.171537005513936, 'b_bulk_scale': 0.06951520013296858, 'b_dislocation_scale': 0.5729565435585401, 'gb_scale': 0.4385122162126585, 'gd_bubble_scale': 0.075462666838318, 'gd_line_scale': 0.4388088106521855, 'gd_line_alpha': 0.8833361283779309, 'coalescence_d_scale': 0.2168702074018831, 'capture_scale': 2.976934294184467}. Best is trial 45 with value: 2.8814715797351784.
[I 2026-05-03 19:33:02,287] Trial 52 finished with value: 3.3346287683115836 and parameters: {'rho_global_scale': 0.9115525459379583, 'rho_slope_scale': 0.6911162829451587, 'f_n': 1.173907614888178e-10, 'K_d': 301544.0409280371, 'fission_rate': 7.358277476852508e+19, 'Dg_D1_scale': 2.986258722344374, 'Dg_D3_scale': 3.026448740675703, 'Dv_D1_scale': 0.23301410926390914, 'Dv_D2_scale': 1.3801990989334068, 'b_bulk_scale': 0.05523476678949536, 'b_dislocation_scale': 0.9882950722892068, 'gb_scale': 0.32449672131473983, 'gd_bubble_scale': 0.059513283610296584, 'gd_line_scale': 0.5763777509007368, 'gd_line_alpha': 0.901370776201189, 'coalescence_d_scale': 0.1817122255621319, 'capture_scale': 6.201114980434297}. Best is trial 45 with value: 2.8814715797351784.
[I 2026-05-03 19:33:08,918] Trial 53 finished with value: 2.9588360352573955 and parameters: {'rho_global_scale': 0.748084143548572, 'rho_slope_scale': 0.519522145014245, 'f_n': 2.3060770537887145e-10, 'K_d': 338689.2149385967, 'fission_rate': 6.873861024379915e+19, 'Dg_D1_scale': 2.069575023749906, 'Dg_D3_scale': 2.213653094899279, 'Dv_D1_scale': 0.2691400519879817, 'Dv_D2_scale': 1.2529691639791045, 'b_bulk_scale': 0.04041354843097227, 'b_dislocation_scale': 0.39216881103050105, 'gb_scale': 0.9786051863460737, 'gd_bubble_scale': 0.1007769959889387, 'gd_line_scale': 0.4370286229223665, 'gd_line_alpha': 0.9456045702433078, 'coalescence_d_scale': 0.2143014749832377, 'capture_scale': 3.315836873281338}. Best is trial 45 with value: 2.8814715797351784.
[I 2026-05-03 19:33:16,427] Trial 54 finished with value: 3.0221159753258653 and parameters: {'rho_global_scale': 0.7459960406648233, 'rho_slope_scale': 0.54895397532168, 'f_n': 2.67953861596886e-10, 'K_d': 362924.6223024069, 'fission_rate': 6.880658662085718e+19, 'Dg_D1_scale': 1.2479304542472505, 'Dg_D3_scale': 1.6797793663157001, 'Dv_D1_scale': 0.26593041068495393, 'Dv_D2_scale': 1.7345350222447318, 'b_bulk_scale': 0.18652686417238332, 'b_dislocation_scale': 0.18621768102981787, 'gb_scale': 1.009503531878791, 'gd_bubble_scale': 0.09569517821334768, 'gd_line_scale': 0.3568151610105166, 'gd_line_alpha': 0.9512749473012636, 'coalescence_d_scale': 0.7242014876453441, 'capture_scale': 3.306552409156051}. Best is trial 45 with value: 2.8814715797351784.
