[I 2026-05-03 20:08:14,193] Trial 366 finished with value: 3.302897045779774 and parameters: {'rho_global_scale': 0.7307871122154544, 'rho_slope_scale': 0.6170518331351406, 'f_n': 1.2224506740537458e-08, 'K_d': 435929.610520771, 'fission_rate': 5.0224446431995216e+19, 'Dg_D1_scale': 2.518201772085507, 'Dg_D3_scale': 3.9868996403577817, 'Dv_D1_scale': 0.25461323243392925, 'Dv_D2_scale': 1.9869852253050728, 'b_bulk_scale': 0.06761012167722183, 'b_dislocation_scale': 0.36304534572218095, 'gb_scale': 0.7235183789612678, 'gd_bubble_scale': 4.457643463886715, 'gd_line_scale': 1.0278246158151736, 'gd_line_alpha': 0.7315368306316473, 'coalescence_d_scale': 5.171003954077529, 'capture_scale': 1.1169449883719431}. Best is trial 214 with value: 2.373531962961344.
[I 2026-05-03 20:08:22,327] Trial 367 finished with value: 3.2000123854593694 and parameters: {'rho_global_scale': 0.7399696506033498, 'rho_slope_scale': 0.547917404347835, 'f_n': 1.848635330347279e-08, 'K_d': 408611.1497088108, 'fission_rate': 6.1504641361968325e+19, 'Dg_D1_scale': 2.1643849310465124, 'Dg_D3_scale': 3.99743222302898, 'Dv_D1_scale': 0.5194071081903678, 'Dv_D2_scale': 1.8737470980894941, 'b_bulk_scale': 0.04949619945052726, 'b_dislocation_scale': 0.3245832037371049, 'gb_scale': 0.511069996865892, 'gd_bubble_scale': 4.931916152084888, 'gd_line_scale': 0.7134574303918704, 'gd_line_alpha': 0.703507353992714, 'coalescence_d_scale': 0.5895754329677045, 'capture_scale': 0.7654705541422644}. Best is trial 214 with value: 2.373531962961344.
[I 2026-05-03 20:08:28,389] Trial 368 finished with value: 2.914085169662725 and parameters: {'rho_global_scale': 0.7507452575617789, 'rho_slope_scale': 0.524602502867044, 'f_n': 3.90670670772775e-08, 'K_d': 425220.6052174656, 'fission_rate': 6.221547829193892e+19, 'Dg_D1_scale': 2.3352322161609553, 'Dg_D3_scale': 3.5725679136089483, 'Dv_D1_scale': 0.4014986852512131, 'Dv_D2_scale': 2.156028271344361, 'b_bulk_scale': 0.058948056253914576, 'b_dislocation_scale': 0.3917165163433663, 'gb_scale': 0.8083798064615519, 'gd_bubble_scale': 6.705882384801571, 'gd_line_scale': 1.216449075851239, 'gd_line_alpha': 0.6831421168021486, 'coalescence_d_scale': 0.6759961914157967, 'capture_scale': 1.3347303951282254}. Best is trial 214 with value: 2.373531962961344.
[I 2026-05-03 20:08:34,011] Trial 369 finished with value: 3.32147594621134 and parameters: {'rho_global_scale': 0.7211689834001253, 'rho_slope_scale': 0.5780941820435559, 'f_n': 8.075655392246874e-08, 'K_d': 405082.5714883916, 'fission_rate': 6.05866428329174e+19, 'Dg_D1_scale': 0.5383792912291391, 'Dg_D3_scale': 3.422798329273399, 'Dv_D1_scale': 0.28137559643456916, 'Dv_D2_scale': 1.7208937087243679, 'b_bulk_scale': 0.04437097631263673, 'b_dislocation_scale': 0.45793655591524224, 'gb_scale': 0.5976861846778473, 'gd_bubble_scale': 4.080082679308272, 'gd_line_scale': 0.6357763453471428, 'gd_line_alpha': 0.7448319161468596, 'coalescence_d_scale': 0.4141263930448981, 'capture_scale': 1.0372226852271251}. Best is trial 214 with value: 2.373531962961344.
[I 2026-05-03 20:08:41,698] Trial 370 finished with value: 10.301808778319641 and parameters: {'rho_global_scale': 0.7281028614499909, 'rho_slope_scale': 0.542558033667226, 'f_n': 2.784939046307775e-08, 'K_d': 395428.7058542962, 'fission_rate': 6.378595349947364e+19, 'Dg_D1_scale': 2.695721632679367, 'Dg_D3_scale': 3.1107094015750936, 'Dv_D1_scale': 0.3232856434181057, 'Dv_D2_scale': 2.4247236014922655, 'b_bulk_scale': 0.08324967840725157, 'b_dislocation_scale': 0.5200417239455564, 'gb_scale': 0.050441735341001444, 'gd_bubble_scale': 5.751929129583865, 'gd_line_scale': 0.9503278312373858, 'gd_line_alpha': 0.715076327474267, 'coalescence_d_scale': 19.572200449038633, 'capture_scale': 0.9263600951246266}. Best is trial 214 with value: 2.373531962961344.
[I 2026-05-03 20:08:49,339] Trial 371 finished with value: 2.595013119332313 and parameters: {'rho_global_scale': 0.7124309614467981, 'rho_slope_scale': 0.52083917546376, 'f_n': 9.934580827133725e-08, 'K_d': 473808.68328769726, 'fission_rate': 6.287390732101518e+19, 'Dg_D1_scale': 2.9266233640174666, 'Dg_D3_scale': 3.7681013596456006, 'Dv_D1_scale': 0.3425841812849369, 'Dv_D2_scale': 2.018469365349429, 'b_bulk_scale': 0.03697440546272655, 'b_dislocation_scale': 0.2962954571560069, 'gb_scale': 0.46024369495405143, 'gd_bubble_scale': 5.172984008691001, 'gd_line_scale': 0.7389976354642134, 'gd_line_alpha': 0.7000459259653846, 'coalescence_d_scale': 0.524853769794853, 'capture_scale': 0.8213517167699094}. Best is trial 214 with value: 2.373531962961344.
[I 2026-05-03 20:08:54,192] Trial 372 finished with value: 2.702778663756001 and parameters: {'rho_global_scale': 0.7635497213531282, 'rho_slope_scale': 0.602353488835017, 'f_n': 4.900742680535412e-08, 'K_d': 506678.98604454525, 'fission_rate': 5.920220562047811e+19, 'Dg_D1_scale': 0.19845021319349385, 'Dg_D3_scale': 3.3041240647570356, 'Dv_D1_scale': 0.25525737729190573, 'Dv_D2_scale': 2.3393066625704075, 'b_bulk_scale': 0.040853379259158704, 'b_dislocation_scale': 0.41617782072570597, 'gb_scale': 0.6601306209203114, 'gd_bubble_scale': 3.8019967665857934, 'gd_line_scale': 1.1379917516880458, 'gd_line_alpha': 0.6456895588612074, 'coalescence_d_scale': 0.5983560060447809, 'capture_scale': 1.1917596749453545}. Best is trial 214 with value: 2.373531962961344.
[I 2026-05-03 20:09:00,459] Trial 373 finished with value: 2.6730929121166023 and parameters: {'rho_global_scale': 0.7013344220209965, 'rho_slope_scale': 2.401533178671614, 'f_n': 5.995591349451632e-08, 'K_d': 419648.73275847954, 'fission_rate': 6.485618041605822e+19, 'Dg_D1_scale': 2.0117202765409257, 'Dg_D3_scale': 3.6386763180086072, 'Dv_D1_scale': 0.5813494197494639, 'Dv_D2_scale': 1.8948213851118003, 'b_bulk_scale': 0.045962608791934804, 'b_dislocation_scale': 0.37737278324226636, 'gb_scale': 0.5548790509249072, 'gd_bubble_scale': 2.651637057033173, 'gd_line_scale': 0.5477509020684109, 'gd_line_alpha': 0.7317386219064574, 'coalescence_d_scale': 0.46848147504478777, 'capture_scale': 0.9899979902312961}. Best is trial 214 with value: 2.373531962961344.
[I 2026-05-03 20:09:08,380] Trial 374 finished with value: 3.319859571820681 and parameters: {'rho_global_scale': 0.7434922381775428, 'rho_slope_scale': 0.5006757669975889, 'f_n': 3.5556403979064575e-08, 'K_d': 437008.7595329193, 'fission_rate': 6.1647421216844186e+19, 'Dg_D1_scale': 2.24039010186805, 'Dg_D3_scale': 0.24686746505534563, 'Dv_D1_scale': 0.294765513353017, 'Dv_D2_scale': 2.138136785362916, 'b_bulk_scale': 0.9226470544481692, 'b_dislocation_scale': 0.4641499507462228, 'gb_scale': 0.9256710086868996, 'gd_bubble_scale': 4.557577643198334, 'gd_line_scale': 1.3274872243200666, 'gd_line_alpha': 0.6695405333001991, 'coalescence_d_scale': 0.6951050400720559, 'capture_scale': 0.7497215488071404}. Best is trial 214 with value: 2.373531962961344.Best trial: 214. Best value: 2.37353:  75%|███████▍  | 374/500 [42:03<13:30,  6.43s/it]Best trial: 214. Best value: 2.37353:  75%|███████▍  | 374/500 [42:03<13:30,  6.43s/it]Best trial: 214. Best value: 2.37353:  75%|███████▌  | 375/500 [42:03<14:19,  6.88s/it]                                                                                       Best trial: 214. Best value: 2.37353:  75%|███████▌  | 375/500 [42:10<14:19,  6.88s/it]Best trial: 214. Best value: 2.37353:  75%|███████▌  | 375/500 [42:10<14:19,  6.88s/it]Best trial: 214. Best value: 2.37353:  75%|███████▌  | 376/500 [42:10<14:04,  6.81s/it]                                                                                       Best trial: 214. Best value: 2.37353:  75%|███████▌  | 376/500 [42:18<14:04,  6.81s/it]Best trial: 214. Best value: 2.37353:  75%|███████▌  | 376/500 [42:18<14:04,  6.81s/it]Best trial: 214. Best value: 2.37353:  75%|███████▌  | 377/500 [42:18<14:38,  7.14s/it]                                                                                       Best trial: 214. Best value: 2.37353:  75%|███████▌  | 377/500 [42:23<14:38,  7.14s/it]Best trial: 214. Best value: 2.37353:  75%|███████▌  | 377/500 [42:24<14:38,  7.14s/it]Best trial: 214. Best value: 2.37353:  76%|███████▌  | 378/500 [42:24<13:40,  6.72s/it]                                                                                       Best trial: 214. Best value: 2.37353:  76%|███████▌  | 378/500 [42:31<13:40,  6.72s/it]Best trial: 214. Best value: 2.37353:  76%|███████▌  | 378/500 [42:31<13:40,  6.72s/it]Best trial: 214. Best value: 2.37353:  76%|███████▌  | 379/500 [42:31<13:56,  6.91s/it]                                                                                       Best trial: 214. Best value: 2.37353:  76%|███████▌  | 379/500 [42:38<13:56,  6.91s/it]Best trial: 214. Best value: 2.37353:  76%|███████▌  | 379/500 [42:39<13:56,  6.91s/it]Best trial: 214. Best value: 2.37353:  76%|███████▌  | 380/500 [42:39<14:14,  7.12s/it]                                                                                       Best trial: 214. Best value: 2.37353:  76%|███████▌  | 380/500 [42:46<14:14,  7.12s/it]Best trial: 214. Best value: 2.37353:  76%|███████▌  | 380/500 [42:46<14:14,  7.12s/it]Best trial: 214. Best value: 2.37353:  76%|███████▌  | 381/500 [42:46<14:07,  7.12s/it]                                                                                       Best trial: 214. Best value: 2.37353:  76%|███████▌  | 381/500 [42:52<14:07,  7.12s/it]Best trial: 214. Best value: 2.37353:  76%|███████▌  | 381/500 [42:52<14:07,  7.12s/it]Best trial: 214. Best value: 2.37353:  76%|███████▋  | 382/500 [42:52<13:27,  6.84s/it]                                                                                       Best trial: 214. Best value: 2.37353:  76%|███████▋  | 382/500 [43:00<13:27,  6.84s/it]Best trial: 214. Best value: 2.37353:  76%|███████▋  | 382/500 [43:00<13:27,  6.84s/it]Best trial: 214. Best value: 2.37353:  77%|███████▋  | 383/500 [43:00<14:09,  7.26s/it]                                                                                       Best trial: 214. Best value: 2.37353:  77%|███████▋  | 383/500 [43:06<14:09,  7.26s/it]Best trial: 214. Best value: 2.37353:  77%|███████▋  | 383/500 [43:06<14:09,  7.26s/it]Best trial: 214. Best value: 2.37353:  77%|███████▋  | 384/500 [43:06<13:16,  6.87s/it]                                                                                       Best trial: 214. Best value: 2.37353:  77%|███████▋  | 384/500 [43:13<13:16,  6.87s/it]Best trial: 214. Best value: 2.37353:  77%|███████▋  | 384/500 [43:13<13:16,  6.87s/it]Best trial: 214. Best value: 2.37353:  77%|███████▋  | 385/500 [43:13<13:16,  6.93s/it]                                                                                       
[I 2026-05-03 20:09:15,035] Trial 375 finished with value: 2.4815688874644297 and parameters: {'rho_global_scale': 0.722009870907942, 'rho_slope_scale': 0.5648850148012063, 'f_n': 2.31038056977867e-08, 'K_d': 428924.8804054571, 'fission_rate': 6.361909187686351e+19, 'Dg_D1_scale': 3.073540042903652, 'Dg_D3_scale': 3.768558844688377, 'Dv_D1_scale': 0.37796958275748166, 'Dv_D2_scale': 2.4597438329171215, 'b_bulk_scale': 0.05424207510101304, 'b_dislocation_scale': 0.5345342986542493, 'gb_scale': 0.7439496413527584, 'gd_bubble_scale': 4.305820752345211, 'gd_line_scale': 0.8903204831840309, 'gd_line_alpha': 0.748944971164913, 'coalescence_d_scale': 0.5367222099899978, 'capture_scale': 1.5010467944381776}. Best is trial 214 with value: 2.373531962961344.
[I 2026-05-03 20:09:22,953] Trial 376 finished with value: 2.5390210921119225 and parameters: {'rho_global_scale': 0.7400624449258052, 'rho_slope_scale': 0.5406482072826181, 'f_n': 7.083347452539673e-08, 'K_d': 450926.4925428363, 'fission_rate': 6.019864732790919e+19, 'Dg_D1_scale': 1.0980922177129133, 'Dg_D3_scale': 3.9987739074892805, 'Dv_D1_scale': 0.26143240442713933, 'Dv_D2_scale': 1.7973146351865907, 'b_bulk_scale': 0.06300257268061452, 'b_dislocation_scale': 0.33011758817780584, 'gb_scale': 0.6361644101686368, 'gd_bubble_scale': 3.359353165154988, 'gd_line_scale': 1.0656732544480025, 'gd_line_alpha': 0.7107657272709944, 'coalescence_d_scale': 0.44449319168044077, 'capture_scale': 1.2724325659860296}. Best is trial 214 with value: 2.373531962961344.
[I 2026-05-03 20:09:28,690] Trial 377 finished with value: 3.906507284864128 and parameters: {'rho_global_scale': 0.7553745702175837, 'rho_slope_scale': 4.964054457814654, 'f_n': 4.393113915972848e-08, 'K_d': 414180.3531283122, 'fission_rate': 6.209970132865553e+19, 'Dg_D1_scale': 1.7698238946020228, 'Dg_D3_scale': 2.7473825370567573, 'Dv_D1_scale': 0.30109818138873085, 'Dv_D2_scale': 1.4592935430385943, 'b_bulk_scale': 0.0370947627835781, 'b_dislocation_scale': 0.427100204410766, 'gb_scale': 0.5060467727575797, 'gd_bubble_scale': 6.7163890483736415, 'gd_line_scale': 0.8086259660461845, 'gd_line_alpha': 0.682474727050962, 'coalescence_d_scale': 0.5897781241390403, 'capture_scale': 1.068138463929507}. Best is trial 214 with value: 2.373531962961344.
[I 2026-05-03 20:09:36,049] Trial 378 finished with value: 6.1217526304685945 and parameters: {'rho_global_scale': 0.7005176311904935, 'rho_slope_scale': 0.5203789250330562, 'f_n': 3.029456404727915e-08, 'K_d': 392141.1485238858, 'fission_rate': 6.4387598702279836e+19, 'Dg_D1_scale': 2.4693251231992983, 'Dg_D3_scale': 3.536775810067858, 'Dv_D1_scale': 0.3311927713309472, 'Dv_D2_scale': 2.2735063992986806, 'b_bulk_scale': 0.04115054695533006, 'b_dislocation_scale': 0.48392487523019445, 'gb_scale': 0.5686565640370026, 'gd_bubble_scale': 5.776367239913289, 'gd_line_scale': 1.427346838205549, 'gd_line_alpha': 0.632960980382345, 'coalescence_d_scale': 12.563263782702334, 'capture_scale': 0.8785800644361527}. Best is trial 214 with value: 2.373531962961344.
[I 2026-05-03 20:09:43,650] Trial 379 finished with value: 2.463970092066973 and parameters: {'rho_global_scale': 0.7258489703817919, 'rho_slope_scale': 0.5573621235367611, 'f_n': 9.984464335419734e-08, 'K_d': 405539.8289160396, 'fission_rate': 6.093626966253933e+19, 'Dg_D1_scale': 2.7229157071911976, 'Dg_D3_scale': 2.971233685008412, 'Dv_D1_scale': 0.2770466625368857, 'Dv_D2_scale': 2.0509936994626896, 'b_bulk_scale': 0.04943358237979256, 'b_dislocation_scale': 0.36299066246994977, 'gb_scale': 0.701963546473176, 'gd_bubble_scale': 4.774342438414319, 'gd_line_scale': 1.212468109388222, 'gd_line_alpha': 0.7288817470984695, 'coalescence_d_scale': 0.513676720330942, 'capture_scale': 0.923033115982558}. Best is trial 214 with value: 2.373531962961344.
[I 2026-05-03 20:09:50,781] Trial 380 finished with value: 2.617831693821316 and parameters: {'rho_global_scale': 0.731899723588004, 'rho_slope_scale': 0.6388665757486249, 'f_n': 1.075753790649664e-07, 'K_d': 406805.0312361254, 'fission_rate': 6.100717604860622e+19, 'Dg_D1_scale': 0.49225094686603826, 'Dg_D3_scale': 2.9725760865410473, 'Dv_D1_scale': 0.27135913950794216, 'Dv_D2_scale': 2.0773737653408966, 'b_bulk_scale': 0.050065204930863826, 'b_dislocation_scale': 0.38464814790759366, 'gb_scale': 0.6873376995718796, 'gd_bubble_scale': 4.8988402765946795, 'gd_line_scale': 1.2036802289710413, 'gd_line_alpha': 0.5781157435022488, 'coalescence_d_scale': 0.48749566911605935, 'capture_scale': 0.7227874033304594}. Best is trial 214 with value: 2.373531962961344.
[I 2026-05-03 20:09:56,961] Trial 381 finished with value: 4.006242571649175 and parameters: {'rho_global_scale': 0.7625486810206668, 'rho_slope_scale': 0.5831197850738022, 'f_n': 8.671781307353934e-08, 'K_d': 401767.1467896449, 'fission_rate': 5.987040184704216e+19, 'Dg_D1_scale': 2.6986694508774987, 'Dg_D3_scale': 3.1945778136703322, 'Dv_D1_scale': 0.25652209757195027, 'Dv_D2_scale': 2.209236472502946, 'b_bulk_scale': 0.042762353143175634, 'b_dislocation_scale': 0.05833281262724545, 'gb_scale': 0.6049186723873995, 'gd_bubble_scale': 5.51029252145429, 'gd_line_scale': 1.3283145916636157, 'gd_line_alpha': 0.7360461038746141, 'coalescence_d_scale': 0.42263806572077095, 'capture_scale': 0.6305700286971208}. Best is trial 214 with value: 2.373531962961344.
[I 2026-05-03 20:10:05,209] Trial 382 finished with value: 2.7151323853017635 and parameters: {'rho_global_scale': 0.7460332525873575, 'rho_slope_scale': 0.5652458978016326, 'f_n': 1.1216351031171611e-07, 'K_d': 382593.22701937496, 'fission_rate': 6.055409592033606e+19, 'Dg_D1_scale': 2.9176068385169023, 'Dg_D3_scale': 3.314994187854602, 'Dv_D1_scale': 0.27950425529183553, 'Dv_D2_scale': 2.510356948032599, 'b_bulk_scale': 0.04767149954142541, 'b_dislocation_scale': 0.42608930039023474, 'gb_scale': 0.4684943834076936, 'gd_bubble_scale': 6.1484304464898285, 'gd_line_scale': 1.484358369789409, 'gd_line_alpha': 0.758170377019108, 'coalescence_d_scale': 0.5246557564560672, 'capture_scale': 1.1907809355004628}. Best is trial 214 with value: 2.373531962961344.
[I 2026-05-03 20:10:11,152] Trial 383 finished with value: 2.5827375577133695 and parameters: {'rho_global_scale': 0.7711471798038424, 'rho_slope_scale': 0.60194988797425, 'f_n': 7.878505301102214e-08, 'K_d': 463489.6040638874, 'fission_rate': 6.297607111256513e+19, 'Dg_D1_scale': 2.802910236927447, 'Dg_D3_scale': 3.473641363916453, 'Dv_D1_scale': 0.99134975630522, 'Dv_D2_scale': 1.6896486003049205, 'b_bulk_scale': 0.03677773920346238, 'b_dislocation_scale': 0.5373870998909136, 'gb_scale': 0.6502889277617331, 'gd_bubble_scale': 5.107011493116595, 'gd_line_scale': 1.0197382999483156, 'gd_line_alpha': 0.6550860337077814, 'coalescence_d_scale': 0.3851997988870121, 'capture_scale': 0.8698609107884145}. Best is trial 214 with value: 2.373531962961344.
[I 2026-05-03 20:10:18,213] Trial 384 finished with value: 2.6289474281048832 and parameters: {'rho_global_scale': 0.7282555557066327, 'rho_slope_scale': 0.5000211610044949, 'f_n': 1.6224555172436097e-08, 'K_d': 393823.950620159, 'fission_rate': 6.492411994698411e+19, 'Dg_D1_scale': 0.3344677104379847, 'Dg_D3_scale': 2.868894297083495, 'Dv_D1_scale': 0.24807286409271165, 'Dv_D2_scale': 2.0743959844955198, 'b_bulk_scale': 0.051343297697336, 'b_dislocation_scale': 0.46880417608079267, 'gb_scale': 0.733334887926564, 'gd_bubble_scale': 4.656795081070555, 'gd_line_scale': 1.1865600880900506, 'gd_line_alpha': 0.6989305715288221, 'coalescence_d_scale': 2.5337038009361184, 'capture_scale': 1.7102166153980298}. Best is trial 214 with value: 2.373531962961344.
