[I 2026-05-03 19:33:22,754] Trial 55 finished with value: 3.6267849633774545 and parameters: {'rho_global_scale': 0.7612107964358564, 'rho_slope_scale': 0.5061590817454544, 'f_n': 2.688018364278003e-10, 'K_d': 364442.31113785, 'fission_rate': 6.878687283191752e+19, 'Dg_D1_scale': 1.2598783138509915, 'Dg_D3_scale': 1.6999019344014423, 'Dv_D1_scale': 0.2625803435867197, 'Dv_D2_scale': 1.797623185103378, 'b_bulk_scale': 0.042300126780190794, 'b_dislocation_scale': 0.18641066324812183, 'gb_scale': 1.070741806831807, 'gd_bubble_scale': 0.0981254216016139, 'gd_line_scale': 0.14647816701265062, 'gd_line_alpha': 0.8423350922927028, 'coalescence_d_scale': 0.4278354264800665, 'capture_scale': 1.2840548457612968}. Best is trial 45 with value: 2.8814715797351784.Best trial: 45. Best value: 2.88147:  11%|█         | 55/500 [06:18<50:36,  6.82s/it]Best trial: 45. Best value: 2.88147:  11%|█         | 55/500 [06:18<50:36,  6.82s/it]Best trial: 45. Best value: 2.88147:  11%|█         | 56/500 [06:18<49:23,  6.67s/it]                                                                                     Best trial: 45. Best value: 2.88147:  11%|█         | 56/500 [06:23<49:23,  6.67s/it]Best trial: 45. Best value: 2.88147:  11%|█         | 56/500 [06:24<49:23,  6.67s/it]Best trial: 45. Best value: 2.88147:  11%|█▏        | 57/500 [06:24<47:40,  6.46s/it]                                                                                     Best trial: 45. Best value: 2.88147:  11%|█▏        | 57/500 [06:31<47:40,  6.46s/it]Best trial: 45. Best value: 2.88147:  11%|█▏        | 57/500 [06:31<47:40,  6.46s/it]Best trial: 45. Best value: 2.88147:  12%|█▏        | 58/500 [06:31<50:34,  6.86s/it]                                                                                     Best trial: 45. Best value: 2.88147:  12%|█▏        | 58/500 [06:38<50:34,  6.86s/it]Best trial: 45. Best value: 2.88147:  12%|█▏        | 58/500 [06:38<50:34,  6.86s/it]Best trial: 45. Best value: 2.88147:  12%|█▏        | 59/500 [06:38<49:07,  6.68s/it]                                                                                     Best trial: 45. Best value: 2.88147:  12%|█▏        | 59/500 [06:45<49:07,  6.68s/it]Best trial: 45. Best value: 2.88147:  12%|█▏        | 59/500 [06:45<49:07,  6.68s/it]Best trial: 45. Best value: 2.88147:  12%|█▏        | 60/500 [06:45<49:47,  6.79s/it]                                                                                     Best trial: 45. Best value: 2.88147:  12%|█▏        | 60/500 [06:52<49:47,  6.79s/it]Best trial: 45. Best value: 2.88147:  12%|█▏        | 60/500 [06:52<49:47,  6.79s/it]Best trial: 45. Best value: 2.88147:  12%|█▏        | 61/500 [06:52<51:54,  7.10s/it]                                                                                     Best trial: 45. Best value: 2.88147:  12%|█▏        | 61/500 [06:58<51:54,  7.10s/it]Best trial: 45. Best value: 2.88147:  12%|█▏        | 61/500 [06:58<51:54,  7.10s/it]Best trial: 45. Best value: 2.88147:  12%|█▏        | 62/500 [06:58<49:01,  6.72s/it]                                                                                     Best trial: 45. Best value: 2.88147:  12%|█▏        | 62/500 [07:05<49:01,  6.72s/it]Best trial: 62. Best value: 2.87653:  12%|█▏        | 62/500 [07:05<49:01,  6.72s/it]Best trial: 62. Best value: 2.87653:  13%|█▎        | 63/500 [07:05<49:37,  6.81s/it]                                                                                     Best trial: 62. Best value: 2.87653:  13%|█▎        | 63/500 [07:12<49:37,  6.81s/it]Best trial: 62. Best value: 2.87653:  13%|█▎        | 63/500 [07:12<49:37,  6.81s/it]Best trial: 62. Best value: 2.87653:  13%|█▎        | 64/500 [07:12<49:46,  6.85s/it]                                                                                     Best trial: 62. Best value: 2.87653:  13%|█▎        | 64/500 [07:17<49:46,  6.85s/it]Best trial: 62. Best value: 2.87653:  13%|█▎        | 64/500 [07:17<49:46,  6.85s/it]Best trial: 62. Best value: 2.87653:  13%|█▎        | 65/500 [07:17<45:37,  6.29s/it]                                                                                     Best trial: 62. Best value: 2.87653:  13%|█▎        | 65/500 [07:23<45:37,  6.29s/it]Best trial: 62. Best value: 2.87653:  13%|█▎        | 65/500 [07:23<45:37,  6.29s/it]Best trial: 62. Best value: 2.87653:  13%|█▎        | 66/500 [07:23<44:14,  6.12s/it]                                                                                     
[I 2026-05-03 19:33:28,708] Trial 56 finished with value: 3.4312437489793037 and parameters: {'rho_global_scale': 0.8127566538981511, 'rho_slope_scale': 0.6116120986632941, 'f_n': 1.8116356688025764e-10, 'K_d': 374039.2643206667, 'fission_rate': 6.874298913425785e+19, 'Dg_D1_scale': 2.0306808320768917, 'Dg_D3_scale': 2.095059216506804, 'Dv_D1_scale': 0.22698571535231624, 'Dv_D2_scale': 2.391005862839218, 'b_bulk_scale': 0.0947615950692248, 'b_dislocation_scale': 0.09887686217708147, 'gb_scale': 1.3108944864288063, 'gd_bubble_scale': 0.16311319099108085, 'gd_line_scale': 0.357158953237492, 'gd_line_alpha': 0.5438555904002729, 'coalescence_d_scale': 0.7292679153902974, 'capture_scale': 3.5310456847307825}. Best is trial 45 with value: 2.8814715797351784.
[I 2026-05-03 19:33:36,521] Trial 57 finished with value: 2.9809554517914605 and parameters: {'rho_global_scale': 1.1386035502193406, 'rho_slope_scale': 0.5496797089581269, 'f_n': 1.868027845543563e-09, 'K_d': 390995.93373453716, 'fission_rate': 6.683339241622458e+19, 'Dg_D1_scale': 1.501823254804256, 'Dg_D3_scale': 1.3540644378317528, 'Dv_D1_scale': 0.2873204641761603, 'Dv_D2_scale': 1.6322698257503907, 'b_bulk_scale': 0.1796450555726069, 'b_dislocation_scale': 0.1893346706555685, 'gb_scale': 0.9443621858253315, 'gd_bubble_scale': 0.09444764861812745, 'gd_line_scale': 0.26852842932329357, 'gd_line_alpha': 0.9478577572430178, 'coalescence_d_scale': 0.30289368326567867, 'capture_scale': 2.511916305964409}. Best is trial 45 with value: 2.8814715797351784.
[I 2026-05-03 19:33:42,785] Trial 58 finished with value: 3.4118940762365706 and parameters: {'rho_global_scale': 1.6825790666776468, 'rho_slope_scale': 0.658085740573051, 'f_n': 2.0825107101753256e-09, 'K_d': 389119.53756046697, 'fission_rate': 6.649999897288911e+19, 'Dg_D1_scale': 1.6253421125510954, 'Dg_D3_scale': 1.365547336910853, 'Dv_D1_scale': 0.30446365354220384, 'Dv_D2_scale': 2.0179958666091737, 'b_bulk_scale': 0.14080325951043973, 'b_dislocation_scale': 0.4028605174842545, 'gb_scale': 1.6636428349179921, 'gd_bubble_scale': 0.1393870705368338, 'gd_line_scale': 0.27776102456413826, 'gd_line_alpha': 0.7109163018634874, 'coalescence_d_scale': 0.30996823157099523, 'capture_scale': 2.3721446606925416}. Best is trial 45 with value: 2.8814715797351784.
[I 2026-05-03 19:33:49,820] Trial 59 finished with value: 3.1231532494148087 and parameters: {'rho_global_scale': 1.0210324530387693, 'rho_slope_scale': 0.5652052386233059, 'f_n': 6.548883563734398e-10, 'K_d': 320473.58575916704, 'fission_rate': 7.111455682334927e+19, 'Dg_D1_scale': 1.4158382666890894, 'Dg_D3_scale': 1.0701190612408162, 'Dv_D1_scale': 0.3961047551074644, 'Dv_D2_scale': 1.616012029497188, 'b_bulk_scale': 0.07404889882788641, 'b_dislocation_scale': 0.1129082184449733, 'gb_scale': 0.5232765601594215, 'gd_bubble_scale': 0.0625532641112107, 'gd_line_scale': 0.1845389978975825, 'gd_line_alpha': 0.7959352767381598, 'coalescence_d_scale': 0.22065188782988138, 'capture_scale': 1.8090528478742967}. Best is trial 45 with value: 2.8814715797351784.
[I 2026-05-03 19:33:57,631] Trial 60 finished with value: 4.2682463324810165 and parameters: {'rho_global_scale': 0.9501999036094387, 'rho_slope_scale': 0.730977250383556, 'f_n': 3.4109107006693816e-10, 'K_d': 481795.1340191094, 'fission_rate': 6.2745573641291964e+19, 'Dg_D1_scale': 1.0693379119483986, 'Dg_D3_scale': 1.880423891399031, 'Dv_D1_scale': 2.336674289128118, 'Dv_D2_scale': 1.0799966015951825, 'b_bulk_scale': 0.12756596217927554, 'b_dislocation_scale': 0.3038735616319577, 'gb_scale': 1.275970370372663, 'gd_bubble_scale': 0.12301156238827142, 'gd_line_scale': 0.5276498553005751, 'gd_line_alpha': 0.951970328811873, 'coalescence_d_scale': 0.43849926346517376, 'capture_scale': 5.778114294804778}. Best is trial 45 with value: 2.8814715797351784.
[I 2026-05-03 19:34:03,458] Trial 61 finished with value: 3.1843728685742283 and parameters: {'rho_global_scale': 0.8442240299478337, 'rho_slope_scale': 0.510090483745911, 'f_n': 3.177537831641478e-10, 'K_d': 360646.2338703991, 'fission_rate': 6.5271157842439135e+19, 'Dg_D1_scale': 1.8845040093634038, 'Dg_D3_scale': 1.7195018390451993, 'Dv_D1_scale': 0.2575034383459358, 'Dv_D2_scale': 1.467157225896854, 'b_bulk_scale': 0.18799000653035702, 'b_dislocation_scale': 0.19513559099020683, 'gb_scale': 0.9213171517368961, 'gd_bubble_scale': 0.09842125236364652, 'gd_line_scale': 0.413060310468419, 'gd_line_alpha': 0.9422217167510364, 'coalescence_d_scale': 0.696195232107157, 'capture_scale': 3.4889051242942237}. Best is trial 45 with value: 2.8814715797351784.
[I 2026-05-03 19:34:10,490] Trial 62 finished with value: 2.876527610645013 and parameters: {'rho_global_scale': 0.7440395001746941, 'rho_slope_scale': 0.5617663661840654, 'f_n': 1.804536298676086e-09, 'K_d': 347987.28642947937, 'fission_rate': 7.218419623983792e+19, 'Dg_D1_scale': 1.266918001101491, 'Dg_D3_scale': 2.2253653046066426, 'Dv_D1_scale': 0.27593835664715294, 'Dv_D2_scale': 1.2931965377910255, 'b_bulk_scale': 0.1859602203795426, 'b_dislocation_scale': 0.153572192989659, 'gb_scale': 0.8165449715652466, 'gd_bubble_scale': 0.09143788006892622, 'gd_line_scale': 0.2327763488231158, 'gd_line_alpha': 0.8545435026812573, 'coalescence_d_scale': 1.2140456534504414, 'capture_scale': 3.1765303247751495}. Best is trial 62 with value: 2.876527610645013.
[I 2026-05-03 19:34:17,435] Trial 63 finished with value: 3.5991647010208148 and parameters: {'rho_global_scale': 0.9841071787335364, 'rho_slope_scale': 0.6057579953497834, 'f_n': 1.7186749021021403e-09, 'K_d': 339497.09211746446, 'fission_rate': 7.23030146943273e+19, 'Dg_D1_scale': 0.8877342436277114, 'Dg_D3_scale': 2.6980513571941778, 'Dv_D1_scale': 0.2198862238558194, 'Dv_D2_scale': 1.278697241824826, 'b_bulk_scale': 0.2068158095634879, 'b_dislocation_scale': 0.14938983875826817, 'gb_scale': 0.8023554404610823, 'gd_bubble_scale': 0.05033388102830961, 'gd_line_scale': 0.09609061920200683, 'gd_line_alpha': 0.8560298589700212, 'coalescence_d_scale': 1.2079686693007585, 'capture_scale': 2.660684773902441}. Best is trial 62 with value: 2.876527610645013.
[I 2026-05-03 19:34:22,424] Trial 64 finished with value: 4.288159066153052 and parameters: {'rho_global_scale': 0.7842087984700105, 'rho_slope_scale': 0.8152856023869498, 'f_n': 3.87881507023549e-09, 'K_d': 313768.6142451711, 'fission_rate': 7.0690542287949046e+19, 'Dg_D1_scale': 1.435003920996122, 'Dg_D3_scale': 2.2343714040044382, 'Dv_D1_scale': 0.289278862935233, 'Dv_D2_scale': 1.9981645948500397, 'b_bulk_scale': 0.15588797031094356, 'b_dislocation_scale': 0.2937165259045411, 'gb_scale': 2.3304878438277177, 'gd_bubble_scale': 0.1854560966345803, 'gd_line_scale': 0.21787693985573367, 'gd_line_alpha': 0.7697479155737201, 'coalescence_d_scale': 0.2728121744418853, 'capture_scale': 0.7978415823254237}. Best is trial 62 with value: 2.876527610645013.
[I 2026-05-03 19:34:28,131] Trial 65 finished with value: 3.3877522508250997 and parameters: {'rho_global_scale': 1.1684254517135653, 'rho_slope_scale': 0.6784486514751215, 'f_n': 5.750705805942529e-10, 'K_d': 301094.26824074413, 'fission_rate': 6.760490653950362e+19, 'Dg_D1_scale': 2.2194555945958547, 'Dg_D3_scale': 3.3910814109323235, 'Dv_D1_scale': 0.32090560868058854, 'Dv_D2_scale': 1.3006784297015657, 'b_bulk_scale': 0.10856716301887871, 'b_dislocation_scale': 0.11218463879509005, 'gb_scale': 1.8144054840435226, 'gd_bubble_scale': 0.08772599935197671, 'gd_line_scale': 0.27870365949798737, 'gd_line_alpha': 0.8172266967044584, 'coalescence_d_scale': 0.38420778125146765, 'capture_scale': 1.4751703895363972}. Best is trial 62 with value: 2.876527610645013.
[I 2026-05-03 19:34:35,089] Trial 66 finished with value: 2.9856039753645844 and parameters: {'rho_global_scale': 1.1228846367557996, 'rho_slope_scale': 0.538977051449057, 'f_n': 1.6463792042424826e-09, 'K_d': 347923.6690230512, 'fission_rate': 7.341526931404225e+19, 'Dg_D1_scale': 1.7543974101679696, 'Dg_D3_scale': 1.39762351563395, 'Dv_D1_scale': 0.2378598602283964, 'Dv_D2_scale': 1.1063259438942907, 'b_bulk_scale': 0.39453266603945986, 'b_dislocation_scale': 0.24922764686513654, 'gb_scale': 1.3666671830549268, 'gd_bubble_scale': 0.06539799343875018, 'gd_line_scale': 0.24625306881770664, 'gd_line_alpha': 0.6607525859035273, 'coalescence_d_scale': 0.48095311601625945, 'capture_scale': 4.693647135098997}. Best is trial 62 with value: 2.876527610645013.Best trial: 62. Best value: 2.87653:  13%|█▎        | 66/500 [07:30<44:14,  6.12s/it]Best trial: 62. Best value: 2.87653:  13%|█▎        | 66/500 [07:30<44:14,  6.12s/it]Best trial: 62. Best value: 2.87653:  13%|█▎        | 67/500 [07:30<45:57,  6.37s/it]                                                                                     Best trial: 62. Best value: 2.87653:  13%|█▎        | 67/500 [07:37<45:57,  6.37s/it]Best trial: 62. Best value: 2.87653:  13%|█▎        | 67/500 [07:37<45:57,  6.37s/it]Best trial: 62. Best value: 2.87653:  14%|█▎        | 68/500 [07:37<47:06,  6.54s/it]                                                                                     Best trial: 62. Best value: 2.87653:  14%|█▎        | 68/500 [07:44<47:06,  6.54s/it]Best trial: 62. Best value: 2.87653:  14%|█▎        | 68/500 [07:44<47:06,  6.54s/it]Best trial: 62. Best value: 2.87653:  14%|█▍        | 69/500 [07:44<48:33,  6.76s/it]                                                                                     Best trial: 62. Best value: 2.87653:  14%|█▍        | 69/500 [07:50<48:33,  6.76s/it]Best trial: 62. Best value: 2.87653:  14%|█▍        | 69/500 [07:50<48:33,  6.76s/it]Best trial: 62. Best value: 2.87653:  14%|█▍        | 70/500 [07:50<46:06,  6.43s/it]                                                                                     Best trial: 62. Best value: 2.87653:  14%|█▍        | 70/500 [07:56<46:06,  6.43s/it]Best trial: 62. Best value: 2.87653:  14%|█▍        | 70/500 [07:56<46:06,  6.43s/it]Best trial: 62. Best value: 2.87653:  14%|█▍        | 71/500 [07:56<45:46,  6.40s/it]                                                                                     Best trial: 62. Best value: 2.87653:  14%|█▍        | 71/500 [08:03<45:46,  6.40s/it]Best trial: 62. Best value: 2.87653:  14%|█▍        | 71/500 [08:03<45:46,  6.40s/it]Best trial: 62. Best value: 2.87653:  14%|█▍        | 72/500 [08:03<46:37,  6.54s/it]                                                                                     Best trial: 62. Best value: 2.87653:  14%|█▍        | 72/500 [08:10<46:37,  6.54s/it]Best trial: 62. Best value: 2.87653:  14%|█▍        | 72/500 [08:10<46:37,  6.54s/it]Best trial: 62. Best value: 2.87653:  15%|█▍        | 73/500 [08:10<47:58,  6.74s/it]                                                                                     Best trial: 62. Best value: 2.87653:  15%|█▍        | 73/500 [08:17<47:58,  6.74s/it]Best trial: 62. Best value: 2.87653:  15%|█▍        | 73/500 [08:17<47:58,  6.74s/it]Best trial: 62. Best value: 2.87653:  15%|█▍        | 74/500 [08:17<47:02,  6.63s/it]                                                                                     Best trial: 62. Best value: 2.87653:  15%|█▍        | 74/500 [08:21<47:02,  6.63s/it]Best trial: 62. Best value: 2.87653:  15%|█▍        | 74/500 [08:22<47:02,  6.63s/it]Best trial: 62. Best value: 2.87653:  15%|█▌        | 75/500 [08:22<43:25,  6.13s/it]                                                                                     Best trial: 62. Best value: 2.87653:  15%|█▌        | 75/500 [08:27<43:25,  6.13s/it]Best trial: 62. Best value: 2.87653:  15%|█▌        | 75/500 [08:27<43:25,  6.13s/it]Best trial: 62. Best value: 2.87653:  15%|█▌        | 76/500 [08:27<41:42,  5.90s/it]                                                                                     Best trial: 62. Best value: 2.87653:  15%|█▌        | 76/500 [08:34<41:42,  5.90s/it]Best trial: 62. Best value: 2.87653:  15%|█▌        | 76/500 [08:34<41:42,  5.90s/it]Best trial: 62. Best value: 2.87653:  15%|█▌        | 77/500 [08:34<44:50,  6.36s/it]                                                                                     
[I 2026-05-03 19:34:42,043] Trial 67 finished with value: 3.5232784533269803 and parameters: {'rho_global_scale': 1.127701032424938, 'rho_slope_scale': 0.5376883256737551, 'f_n': 1.503373659921012e-09, 'K_d': 401662.56670055113, 'fission_rate': 7.310505332044083e+19, 'Dg_D1_scale': 2.726638333153835, 'Dg_D3_scale': 1.3708978292265386, 'Dv_D1_scale': 0.42327940301488765, 'Dv_D2_scale': 1.105468265412649, 'b_bulk_scale': 0.38386130611740543, 'b_dislocation_scale': 0.0742476737951541, 'gb_scale': 1.5111067914048828, 'gd_bubble_scale': 0.06473748414011436, 'gd_line_scale': 0.18144733616086944, 'gd_line_alpha': 0.5813284926481743, 'coalescence_d_scale': 0.49697310589681937, 'capture_scale': 4.9885125958955285}. Best is trial 62 with value: 2.876527610645013.
[I 2026-05-03 19:34:49,302] Trial 68 finished with value: 3.051882757953443 and parameters: {'rho_global_scale': 1.0590138189854974, 'rho_slope_scale': 0.5005342405474843, 'f_n': 2.404934422675288e-09, 'K_d': 378709.7945215674, 'fission_rate': 7.011577900756082e+19, 'Dg_D1_scale': 2.0147938159053487, 'Dg_D3_scale': 1.41332205810868, 'Dv_D1_scale': 0.23313181973855165, 'Dv_D2_scale': 0.8634138302574539, 'b_bulk_scale': 0.4474709581834291, 'b_dislocation_scale': 0.25990060626680356, 'gb_scale': 0.7578769584244236, 'gd_bubble_scale': 0.3079813871940445, 'gd_line_scale': 0.16415658046661152, 'gd_line_alpha': 0.4245876055374642, 'coalescence_d_scale': 0.22804118225659192, 'capture_scale': 1.1912625124996836}. Best is trial 62 with value: 2.876527610645013.
[I 2026-05-03 19:34:54,981] Trial 69 finished with value: 3.782730639356338 and parameters: {'rho_global_scale': 1.2475909856131089, 'rho_slope_scale': 0.6244337839764518, 'f_n': 4.675754741599648e-09, 'K_d': 349720.9806918251, 'fission_rate': 7.134044228362455e+19, 'Dg_D1_scale': 1.5349890768726944, 'Dg_D3_scale': 0.9681248858954555, 'Dv_D1_scale': 0.2848558354538691, 'Dv_D2_scale': 0.6696884411051226, 'b_bulk_scale': 0.0370774219428712, 'b_dislocation_scale': 0.12685990585799692, 'gb_scale': 0.9206740832257143, 'gd_bubble_scale': 0.11703867620442487, 'gd_line_scale': 0.12063369202956176, 'gd_line_alpha': 0.677143596110921, 'coalescence_d_scale': 1.582972066656567, 'capture_scale': 2.433697559085229}. Best is trial 62 with value: 2.876527610645013.
[I 2026-05-03 19:35:01,304] Trial 70 finished with value: 3.1829405473417443 and parameters: {'rho_global_scale': 1.455674155914986, 'rho_slope_scale': 0.5770200194021506, 'f_n': 1.2326095578451154e-08, 'K_d': 422397.3903470013, 'fission_rate': 5.958881899095987e+19, 'Dg_D1_scale': 0.5928044078174682, 'Dg_D3_scale': 1.910079151650666, 'Dv_D1_scale': 0.2187093791139795, 'Dv_D2_scale': 1.252821646974149, 'b_bulk_scale': 0.6485424602840272, 'b_dislocation_scale': 0.15589230357105865, 'gb_scale': 2.6350855341617767, 'gd_bubble_scale': 0.06412045213675441, 'gd_line_scale': 0.24192126628018526, 'gd_line_alpha': 0.9062842610875281, 'coalescence_d_scale': 1.2117062863204469, 'capture_scale': 4.357365128489541}. Best is trial 62 with value: 2.876527610645013.
[I 2026-05-03 19:35:08,155] Trial 71 finished with value: 3.7029285982854683 and parameters: {'rho_global_scale': 1.6289689393698568, 'rho_slope_scale': 0.9683598167377361, 'f_n': 1.4029084888388592e-10, 'K_d': 339573.1497523582, 'fission_rate': 7.416457046902678e+19, 'Dg_D1_scale': 1.6942836840970126, 'Dg_D3_scale': 2.068065171976408, 'Dv_D1_scale': 0.2434502128820149, 'Dv_D2_scale': 1.4649860979802412, 'b_bulk_scale': 0.21908700618442947, 'b_dislocation_scale': 0.3284190962101336, 'gb_scale': 1.1294335344335167, 'gd_bubble_scale': 0.14427076141484044, 'gd_line_scale': 0.28771859875144157, 'gd_line_alpha': 0.86000665467437, 'coalescence_d_scale': 0.3106606603106035, 'capture_scale': 6.38475286069547}. Best is trial 62 with value: 2.876527610645013.
[I 2026-05-03 19:35:15,377] Trial 72 finished with value: 3.911231528398606 and parameters: {'rho_global_scale': 1.1430524137436426, 'rho_slope_scale': 0.6827399592200412, 'f_n': 1.3360669236086758e-09, 'K_d': 527108.8542612832, 'fission_rate': 7.2788233465985e+19, 'Dg_D1_scale': 1.1466490943319252, 'Dg_D3_scale': 2.3435140758266755, 'Dv_D1_scale': 0.26148651323183797, 'Dv_D2_scale': 1.6094903166905823, 'b_bulk_scale': 1.8346769789414914, 'b_dislocation_scale': 0.22930322132465808, 'gb_scale': 1.3754299317157974, 'gd_bubble_scale': 0.10931780005194845, 'gd_line_scale': 0.5000629703225756, 'gd_line_alpha': 0.9610717557774243, 'coalescence_d_scale': 0.2857312773242343, 'capture_scale': 1.8307917481701368}. Best is trial 62 with value: 2.876527610645013.
