[I 2026-05-03 20:01:52,696] Trial 311 finished with value: 2.480241740743013 and parameters: {'rho_global_scale': 0.7134226633655788, 'rho_slope_scale': 0.5777094544568878, 'f_n': 1.3782135740476486e-08, 'K_d': 412090.0717578858, 'fission_rate': 5.905043687990026e+19, 'Dg_D1_scale': 0.714956675936592, 'Dg_D3_scale': 3.1865246123320587, 'Dv_D1_scale': 0.4481368648123623, 'Dv_D2_scale': 1.9384698848314519, 'b_bulk_scale': 0.05920207476355627, 'b_dislocation_scale': 0.34372657806521323, 'gb_scale': 0.7216734988089282, 'gd_bubble_scale': 4.880773188413334, 'gd_line_scale': 0.5213852277241745, 'gd_line_alpha': 0.6836640175671749, 'coalescence_d_scale': 0.5457516034010866, 'capture_scale': 1.2326089780335105}. Best is trial 214 with value: 2.373531962961344.
[I 2026-05-03 20:02:00,759] Trial 312 finished with value: 2.5662639800627263 and parameters: {'rho_global_scale': 0.7002269858911591, 'rho_slope_scale': 0.6055774593883234, 'f_n': 1.0708629880203392e-08, 'K_d': 407995.2697244639, 'fission_rate': 6.032233063237523e+19, 'Dg_D1_scale': 0.6101059208384704, 'Dg_D3_scale': 2.869632911104683, 'Dv_D1_scale': 0.48505540360963817, 'Dv_D2_scale': 1.6517273781609196, 'b_bulk_scale': 0.05648141505728655, 'b_dislocation_scale': 0.3917564458248659, 'gb_scale': 0.5970813635421464, 'gd_bubble_scale': 6.019240031455309, 'gd_line_scale': 0.4922239773625367, 'gd_line_alpha': 0.7135010234934072, 'coalescence_d_scale': 0.6041757210291956, 'capture_scale': 0.9892698765207677}. Best is trial 214 with value: 2.373531962961344.
[I 2026-05-03 20:02:06,751] Trial 313 finished with value: 3.3271898426065545 and parameters: {'rho_global_scale': 0.7221837074095113, 'rho_slope_scale': 0.564640545925539, 'f_n': 8.551296374522111e-08, 'K_d': 384750.16591620265, 'fission_rate': 6.059674112879779e+19, 'Dg_D1_scale': 0.36160732569049386, 'Dg_D3_scale': 3.3534051342619686, 'Dv_D1_scale': 0.41859862295157285, 'Dv_D2_scale': 1.7914206341865526, 'b_bulk_scale': 0.05338334325570803, 'b_dislocation_scale': 0.4036262305796667, 'gb_scale': 0.6385755472256596, 'gd_bubble_scale': 3.9774121921614136, 'gd_line_scale': 0.5887285867867812, 'gd_line_alpha': 0.6124786285814404, 'coalescence_d_scale': 0.5398322038617895, 'capture_scale': 1.5250021984709972}. Best is trial 214 with value: 2.373531962961344.
[I 2026-05-03 20:02:14,943] Trial 314 finished with value: 2.8582329988342274 and parameters: {'rho_global_scale': 0.7549194788687252, 'rho_slope_scale': 0.5595681924101775, 'f_n': 1.4207622328313485e-08, 'K_d': 394967.0601899675, 'fission_rate': 5.982714407672601e+19, 'Dg_D1_scale': 0.5536453000453356, 'Dg_D3_scale': 3.4847539823840266, 'Dv_D1_scale': 0.3940637302866359, 'Dv_D2_scale': 1.9523886000522976, 'b_bulk_scale': 0.06576789694226645, 'b_dislocation_scale': 0.3504990879994571, 'gb_scale': 0.5345908237551814, 'gd_bubble_scale': 5.3782094464106045, 'gd_line_scale': 0.6698019823263002, 'gd_line_alpha': 0.6774103564186831, 'coalescence_d_scale': 0.6348870920019749, 'capture_scale': 0.8135557558755688}. Best is trial 214 with value: 2.373531962961344.
[I 2026-05-03 20:02:19,979] Trial 315 finished with value: 2.8756668834153896 and parameters: {'rho_global_scale': 0.7239083391151289, 'rho_slope_scale': 0.5443372444667463, 'f_n': 1.8746860114218046e-08, 'K_d': 422567.4215682978, 'fission_rate': 6.106997347305636e+19, 'Dg_D1_scale': 0.5094220492368451, 'Dg_D3_scale': 3.011216993888192, 'Dv_D1_scale': 0.4130036209278408, 'Dv_D2_scale': 0.29847026601037896, 'b_bulk_scale': 0.07649243892389397, 'b_dislocation_scale': 0.4773687001993246, 'gb_scale': 0.7442095190738315, 'gd_bubble_scale': 4.544944460977998, 'gd_line_scale': 0.5575038657731048, 'gd_line_alpha': 0.7270658308583836, 'coalescence_d_scale': 0.4976320301047689, 'capture_scale': 1.2153839892160296}. Best is trial 214 with value: 2.373531962961344.
[I 2026-05-03 20:02:26,927] Trial 316 finished with value: 2.934331073791458 and parameters: {'rho_global_scale': 0.7339362779805004, 'rho_slope_scale': 0.5777732197922586, 'f_n': 6.10256748887562e-08, 'K_d': 406038.3458962368, 'fission_rate': 5.944110438086258e+19, 'Dg_D1_scale': 0.7787512956669859, 'Dg_D3_scale': 3.737655757817116, 'Dv_D1_scale': 0.364363955470917, 'Dv_D2_scale': 1.5642399555430215, 'b_bulk_scale': 0.06288372923556117, 'b_dislocation_scale': 0.3172506440799539, 'gb_scale': 1.0117141489089465, 'gd_bubble_scale': 2.973998169190892, 'gd_line_scale': 0.7351467909735977, 'gd_line_alpha': 0.6993290761812112, 'coalescence_d_scale': 0.5851062663210813, 'capture_scale': 0.9919348523265681}. Best is trial 214 with value: 2.373531962961344.
[I 2026-05-03 20:02:33,768] Trial 317 finished with value: 2.7221106908727433 and parameters: {'rho_global_scale': 0.713270825608963, 'rho_slope_scale': 0.5394627288197679, 'f_n': 1.2501752657669225e-08, 'K_d': 414795.48276240134, 'fission_rate': 6.289024040148811e+19, 'Dg_D1_scale': 0.2325002560888028, 'Dg_D3_scale': 3.997702067359574, 'Dv_D1_scale': 0.384297401523225, 'Dv_D2_scale': 2.0737932581889758, 'b_bulk_scale': 0.05715417536999077, 'b_dislocation_scale': 0.37784639711887336, 'gb_scale': 0.8717276569744171, 'gd_bubble_scale': 3.496991929912718, 'gd_line_scale': 0.6418029376025964, 'gd_line_alpha': 0.6560694484052243, 'coalescence_d_scale': 0.49318480456428365, 'capture_scale': 0.7311559141603692}. Best is trial 214 with value: 2.373531962961344.
[I 2026-05-03 20:02:41,439] Trial 318 finished with value: 2.5946242664935157 and parameters: {'rho_global_scale': 0.7540871437202269, 'rho_slope_scale': 0.6064620431345913, 'f_n': 3.358046848057181e-08, 'K_d': 397836.972061935, 'fission_rate': 5.855261862210393e+19, 'Dg_D1_scale': 0.17030629435518063, 'Dg_D3_scale': 3.336595394988248, 'Dv_D1_scale': 0.39606531808339024, 'Dv_D2_scale': 2.2200967223488317, 'b_bulk_scale': 0.05546185618320436, 'b_dislocation_scale': 0.4325098083967706, 'gb_scale': 0.6806945136369172, 'gd_bubble_scale': 4.9939392875370805, 'gd_line_scale': 1.08600285905398, 'gd_line_alpha': 0.7417754753142783, 'coalescence_d_scale': 0.5499967611418193, 'capture_scale': 2.056075380416002}. Best is trial 214 with value: 2.373531962961344.
[I 2026-05-03 20:02:50,510] Trial 319 finished with value: 4.100347127376745 and parameters: {'rho_global_scale': 1.9971119424664958, 'rho_slope_scale': 0.5292313080437147, 'f_n': 1.509510726978868e-08, 'K_d': 432105.0078398415, 'fission_rate': 4.345626024013812e+19, 'Dg_D1_scale': 0.9335270242068375, 'Dg_D3_scale': 3.5545541983503615, 'Dv_D1_scale': 0.3586539085709425, 'Dv_D2_scale': 1.8480142781301385, 'b_bulk_scale': 0.0716064692554321, 'b_dislocation_scale': 0.4885985327939146, 'gb_scale': 0.4908233685574851, 'gd_bubble_scale': 4.212964891708972, 'gd_line_scale': 0.5939505371701351, 'gd_line_alpha': 0.7094170889380242, 'coalescence_d_scale': 0.6411560500840682, 'capture_scale': 1.0958934170325154}. Best is trial 214 with value: 2.373531962961344.Best trial: 214. Best value: 2.37353:  64%|██████▍   | 319/500 [35:45<21:13,  7.04s/it]Best trial: 214. Best value: 2.37353:  64%|██████▍   | 319/500 [35:45<21:13,  7.04s/it]Best trial: 214. Best value: 2.37353:  64%|██████▍   | 320/500 [35:45<22:56,  7.65s/it]                                                                                       Best trial: 214. Best value: 2.37353:  64%|██████▍   | 320/500 [35:53<22:56,  7.65s/it]Best trial: 214. Best value: 2.37353:  64%|██████▍   | 320/500 [35:53<22:56,  7.65s/it]Best trial: 214. Best value: 2.37353:  64%|██████▍   | 321/500 [35:53<22:55,  7.68s/it]                                                                                       Best trial: 214. Best value: 2.37353:  64%|██████▍   | 321/500 [36:01<22:55,  7.68s/it]Best trial: 214. Best value: 2.37353:  64%|██████▍   | 321/500 [36:01<22:55,  7.68s/it]Best trial: 214. Best value: 2.37353:  64%|██████▍   | 322/500 [36:01<22:50,  7.70s/it]                                                                                       Best trial: 214. Best value: 2.37353:  64%|██████▍   | 322/500 [36:08<22:50,  7.70s/it]Best trial: 214. Best value: 2.37353:  64%|██████▍   | 322/500 [36:08<22:50,  7.70s/it]Best trial: 214. Best value: 2.37353:  65%|██████▍   | 323/500 [36:08<22:35,  7.66s/it]                                                                                       Best trial: 214. Best value: 2.37353:  65%|██████▍   | 323/500 [36:14<22:35,  7.66s/it]Best trial: 214. Best value: 2.37353:  65%|██████▍   | 323/500 [36:15<22:35,  7.66s/it]Best trial: 214. Best value: 2.37353:  65%|██████▍   | 324/500 [36:15<21:03,  7.18s/it]                                                                                       Best trial: 214. Best value: 2.37353:  65%|██████▍   | 324/500 [36:23<21:03,  7.18s/it]Best trial: 214. Best value: 2.37353:  65%|██████▍   | 324/500 [36:23<21:03,  7.18s/it]Best trial: 214. Best value: 2.37353:  65%|██████▌   | 325/500 [36:23<21:44,  7.45s/it]                                                                                       Best trial: 214. Best value: 2.37353:  65%|██████▌   | 325/500 [36:30<21:44,  7.45s/it]Best trial: 214. Best value: 2.37353:  65%|██████▌   | 325/500 [36:30<21:44,  7.45s/it]Best trial: 214. Best value: 2.37353:  65%|██████▌   | 326/500 [36:30<21:45,  7.50s/it]                                                                                       Best trial: 214. Best value: 2.37353:  65%|██████▌   | 326/500 [36:37<21:45,  7.50s/it]Best trial: 214. Best value: 2.37353:  65%|██████▌   | 326/500 [36:37<21:45,  7.50s/it]Best trial: 214. Best value: 2.37353:  65%|██████▌   | 327/500 [36:37<21:24,  7.43s/it]                                                                                       Best trial: 214. Best value: 2.37353:  65%|██████▌   | 327/500 [36:43<21:24,  7.43s/it]Best trial: 214. Best value: 2.37353:  65%|██████▌   | 327/500 [36:43<21:24,  7.43s/it]Best trial: 214. Best value: 2.37353:  66%|██████▌   | 328/500 [36:43<20:01,  6.99s/it]                                                                                       Best trial: 214. Best value: 2.37353:  66%|██████▌   | 328/500 [36:48<20:01,  6.99s/it]Best trial: 214. Best value: 2.37353:  66%|██████▌   | 328/500 [36:49<20:01,  6.99s/it]Best trial: 214. Best value: 2.37353:  66%|██████▌   | 329/500 [36:49<18:18,  6.42s/it]                                                                                       Best trial: 214. Best value: 2.37353:  66%|██████▌   | 329/500 [36:56<18:18,  6.42s/it]Best trial: 214. Best value: 2.37353:  66%|██████▌   | 329/500 [36:56<18:18,  6.42s/it]Best trial: 214. Best value: 2.37353:  66%|██████▌   | 330/500 [36:56<19:30,  6.89s/it]                                                                                       
[I 2026-05-03 20:02:58,277] Trial 320 finished with value: 3.4865742261713426 and parameters: {'rho_global_scale': 0.738062398908616, 'rho_slope_scale': 1.7801701479288965, 'f_n': 9.614076349317773e-08, 'K_d': 424416.9717333227, 'fission_rate': 6.104020895693113e+19, 'Dg_D1_scale': 2.3595434534559168, 'Dg_D3_scale': 3.7252237885720665, 'Dv_D1_scale': 1.2864437213341722, 'Dv_D2_scale': 1.7302646178733314, 'b_bulk_scale': 0.05213287259166012, 'b_dislocation_scale': 0.40791715290304603, 'gb_scale': 0.6040909032316799, 'gd_bubble_scale': 5.891454066760728, 'gd_line_scale': 0.9272238608736534, 'gd_line_alpha': 0.6825026063699394, 'coalescence_d_scale': 0.45671155196243024, 'capture_scale': 0.8832746255063408}. Best is trial 214 with value: 2.373531962961344.
[I 2026-05-03 20:03:06,010] Trial 321 finished with value: 2.7557127300299795 and parameters: {'rho_global_scale': 0.7013204786251191, 'rho_slope_scale': 0.5621031811637724, 'f_n': 9.305185043033136e-09, 'K_d': 415913.14518731757, 'fission_rate': 6.315713226511393e+19, 'Dg_D1_scale': 0.8657231181129033, 'Dg_D3_scale': 3.1634809378222823, 'Dv_D1_scale': 0.7412808300084948, 'Dv_D2_scale': 1.9893436404191207, 'b_bulk_scale': 0.05052186326631999, 'b_dislocation_scale': 0.3677791170233036, 'gb_scale': 0.542358955325014, 'gd_bubble_scale': 4.64404855998106, 'gd_line_scale': 0.5175387156516188, 'gd_line_alpha': 0.2208182981882209, 'coalescence_d_scale': 0.5302716185978974, 'capture_scale': 1.2661107332981467}. Best is trial 214 with value: 2.373531962961344.
[I 2026-05-03 20:03:13,579] Trial 322 finished with value: 2.5822490435806795 and parameters: {'rho_global_scale': 0.7208338506547802, 'rho_slope_scale': 0.5288572660704038, 'f_n': 1.0957666084836342e-08, 'K_d': 388156.95901338325, 'fission_rate': 6.426844694957639e+19, 'Dg_D1_scale': 1.9144023805216168, 'Dg_D3_scale': 3.9957597435247734, 'Dv_D1_scale': 0.29086727664804046, 'Dv_D2_scale': 2.2457908946775853, 'b_bulk_scale': 0.06004620862317636, 'b_dislocation_scale': 0.4551644809553049, 'gb_scale': 0.7880843051441769, 'gd_bubble_scale': 3.7182489189939862, 'gd_line_scale': 1.1595924928897225, 'gd_line_alpha': 0.7402374772953819, 'coalescence_d_scale': 0.6415292737697615, 'capture_scale': 1.5700528992808385}. Best is trial 214 with value: 2.373531962961344.
[I 2026-05-03 20:03:19,643] Trial 323 finished with value: 3.760986622083676 and parameters: {'rho_global_scale': 0.7577880455289545, 'rho_slope_scale': 0.5835499854026653, 'f_n': 7.938944030992646e-09, 'K_d': 405144.09589489666, 'fission_rate': 6.244108424863162e+19, 'Dg_D1_scale': 0.4488021636821557, 'Dg_D3_scale': 3.5412683461417838, 'Dv_D1_scale': 0.6407778422952181, 'Dv_D2_scale': 1.4559215007320776, 'b_bulk_scale': 0.08300076717438977, 'b_dislocation_scale': 0.32594520917645176, 'gb_scale': 0.6519974837055007, 'gd_bubble_scale': 5.224148601198857, 'gd_line_scale': 0.9947434127000473, 'gd_line_alpha': 0.664601413674246, 'coalescence_d_scale': 0.5615680413757341, 'capture_scale': 0.9817137999106326}. Best is trial 214 with value: 2.373531962961344.
[I 2026-05-03 20:03:27,736] Trial 324 finished with value: 3.257079907272462 and parameters: {'rho_global_scale': 0.7346423591029354, 'rho_slope_scale': 0.8363701487854142, 'f_n': 5.9500943227893575e-09, 'K_d': 457430.0825057407, 'fission_rate': 6.036114393383981e+19, 'Dg_D1_scale': 0.4309002792411339, 'Dg_D3_scale': 3.7057997791677035, 'Dv_D1_scale': 0.34871787380095637, 'Dv_D2_scale': 1.849540935532565, 'b_bulk_scale': 0.048923589256649566, 'b_dislocation_scale': 0.4180813424965515, 'gb_scale': 0.5978020323775666, 'gd_bubble_scale': 6.427113119876142, 'gd_line_scale': 0.8553118122012363, 'gd_line_alpha': 0.6377064024070752, 'coalescence_d_scale': 0.4448790231082027, 'capture_scale': 0.8593995910740295}. Best is trial 214 with value: 2.373531962961344.
[I 2026-05-03 20:03:35,342] Trial 325 finished with value: 2.5375236838227924 and parameters: {'rho_global_scale': 0.718106469423974, 'rho_slope_scale': 0.5004488718699794, 'f_n': 7.682380892491431e-08, 'K_d': 424656.29367039853, 'fission_rate': 6.141780191978947e+19, 'Dg_D1_scale': 2.526785392242519, 'Dg_D3_scale': 3.3971830107589667, 'Dv_D1_scale': 0.3040381220205865, 'Dv_D2_scale': 2.0650850168418824, 'b_bulk_scale': 0.09687927906371414, 'b_dislocation_scale': 0.4692739866393392, 'gb_scale': 0.7107726326642452, 'gd_bubble_scale': 4.235202869655424, 'gd_line_scale': 1.0702518334321767, 'gd_line_alpha': 0.7240027434856555, 'coalescence_d_scale': 0.489974080234647, 'capture_scale': 0.7193632164744777}. Best is trial 214 with value: 2.373531962961344.
[I 2026-05-03 20:03:42,599] Trial 326 finished with value: 2.581519313415063 and parameters: {'rho_global_scale': 0.7435006963477578, 'rho_slope_scale': 0.55535289720754, 'f_n': 5.2933445494445624e-08, 'K_d': 437573.2000428444, 'fission_rate': 6.306690852220942e+19, 'Dg_D1_scale': 0.6422441443705393, 'Dg_D3_scale': 3.7714764519137494, 'Dv_D1_scale': 0.28607645375963925, 'Dv_D2_scale': 1.6885840788028472, 'b_bulk_scale': 0.06949983866717294, 'b_dislocation_scale': 0.5003512040430352, 'gb_scale': 0.4852578327309589, 'gd_bubble_scale': 5.680240439892169, 'gd_line_scale': 0.7198458508170862, 'gd_line_alpha': 0.7005694125576629, 'coalescence_d_scale': 0.6255237491875029, 'capture_scale': 1.1369036515714315}. Best is trial 214 with value: 2.373531962961344.
[I 2026-05-03 20:03:48,557] Trial 327 finished with value: 3.8406145240249363 and parameters: {'rho_global_scale': 0.7010016994836, 'rho_slope_scale': 0.5267534505861725, 'f_n': 9.299198786262764e-08, 'K_d': 400111.3981041145, 'fission_rate': 6.3847702339918094e+19, 'Dg_D1_scale': 2.9688905081074424, 'Dg_D3_scale': 3.3037414621218812, 'Dv_D1_scale': 0.42869452099865896, 'Dv_D2_scale': 1.9285154031484788, 'b_bulk_scale': 1.7359353997459799, 'b_dislocation_scale': 0.38781083801497496, 'gb_scale': 0.5450163842200929, 'gd_bubble_scale': 4.60861914372466, 'gd_line_scale': 0.9110464948371635, 'gd_line_alpha': 0.7505960559924715, 'coalescence_d_scale': 0.575330798256561, 'capture_scale': 1.3476371374407576}. Best is trial 214 with value: 2.373531962961344.
[I 2026-05-03 20:03:53,662] Trial 328 finished with value: 3.9974599945335223 and parameters: {'rho_global_scale': 0.7309422081470075, 'rho_slope_scale': 0.5460895965959682, 'f_n': 2.320787155314937e-08, 'K_d': 410965.68122158136, 'fission_rate': 5.906725191278781e+19, 'Dg_D1_scale': 0.29545428341037233, 'Dg_D3_scale': 3.793347521341418, 'Dv_D1_scale': 0.33267031370521044, 'Dv_D2_scale': 2.177912552468034, 'b_bulk_scale': 0.05456976226357543, 'b_dislocation_scale': 0.34921980184075047, 'gb_scale': 5.339204144534896, 'gd_bubble_scale': 4.034992498684768, 'gd_line_scale': 0.6515212754065551, 'gd_line_alpha': 0.5892452985222949, 'coalescence_d_scale': 0.5119906611159054, 'capture_scale': 1.0327054774487185}. Best is trial 214 with value: 2.373531962961344.
[I 2026-05-03 20:04:01,630] Trial 329 finished with value: 2.7011750554110137 and parameters: {'rho_global_scale': 0.7145640664315132, 'rho_slope_scale': 0.5215981377929352, 'f_n': 4.081347042100597e-08, 'K_d': 417580.93364584906, 'fission_rate': 6.2171092133927846e+19, 'Dg_D1_scale': 2.258317032171369, 'Dg_D3_scale': 3.554349991904428, 'Dv_D1_scale': 0.3715531663384796, 'Dv_D2_scale': 2.307502600181174, 'b_bulk_scale': 0.0623982770080469, 'b_dislocation_scale': 0.2933722180794803, 'gb_scale': 0.794577030338955, 'gd_bubble_scale': 5.212925594564253, 'gd_line_scale': 0.8028221937453334, 'gd_line_alpha': 0.6918204464855813, 'coalescence_d_scale': 0.6479696715468273, 'capture_scale': 0.8217294309713944}. Best is trial 214 with value: 2.373531962961344.
