[I 2026-05-03 20:23:26,093] Trial 499 finished with value: 2.7789774725011895 and parameters: {'rho_global_scale': 0.7147437307191574, 'rho_slope_scale': 0.586112396482232, 'f_n': 1.6483507456566047e-07, 'K_d': 418554.42265187675, 'fission_rate': 6.490641250533676e+19, 'Dg_D1_scale': 1.6769731114771238, 'Dg_D3_scale': 3.8009493104859913, 'Dv_D1_scale': 0.24958006498982294, 'Dv_D2_scale': 0.6697588944059166, 'b_bulk_scale': 0.13425471727350421, 'b_dislocation_scale': 0.43346757247681605, 'gb_scale': 0.33683574240722997, 'gd_bubble_scale': 4.956651428105444, 'gd_line_scale': 1.5564345954918704, 'gd_line_alpha': 0.6791181691009932, 'coalescence_d_scale': 0.5462389149240103, 'capture_scale': 0.8390647353134261}. Best is trial 214 with value: 2.373531962961344.
Fast trials written to: UN_M7_optuna_v12_rhoFT_slope_partition_results/capture_only/optuna_fast_trials_capture_only.csv
--------------------------------------------------------------------------------------------------------------------------------------------------------------------------
rank |     score |                        label |       f_n |       K_d |     rho_d |      Fdot |    Dv |    Dg |     b |    gb |    gd |  coal |   cap |  swD1600 |   Rd1600 |   NdDrop
--------------------------------------------------------------------------------------------------------------------------------------------------------------------------
   1 |     2.374 | capture_only_v10c_trial_00214 |   1.1e-07 |   3.0e+05 |   3.0e+13 |   6.6e+19 |     1 |     1 |     1 |  0.43 |     1 |  0.71 |  0.21 |     1.79 |     78.9 |  -0.0476
   2 |     2.392 | capture_only_v10c_trial_00209 |   1.8e-07 |   3.1e+05 |   3.0e+13 |   6.6e+19 |     1 |     1 |     1 |  0.35 |     1 |  0.86 |  0.22 |     1.94 |     80.9 |  -0.0675
   3 |     2.397 | capture_only_v10c_trial_00255 |   1.0e-07 |   4.1e+05 |   3.0e+13 |   6.4e+19 |     1 |     1 |     1 |  0.66 |     1 |  0.93 |  0.87 |     1.67 |       72 |  -0.0617
   4 |     2.406 | capture_only_v10c_trial_00473 |   3.3e-08 |   4.3e+05 |   3.0e+13 |   6.1e+19 |     1 |     1 |     1 |  0.54 |     1 |  0.53 |  0.94 |     1.74 |       71 |   -0.025
   5 |     2.419 | capture_only_v10c_trial_00239 |   1.9e-07 |   4.1e+05 |   3.0e+13 |   6.6e+19 |     1 |     1 |     1 |  0.34 |     1 |  0.88 |  0.86 |     2.06 |     75.7 |  -0.0717
   6 |     2.426 | capture_only_v10c_trial_00343 |   2.3e-08 |   4.8e+05 |   3.0e+13 |   6.2e+19 |     1 |     1 |     1 |   0.5 |     1 |   0.6 |  0.94 |     1.77 |       69 |  -0.0269
   7 |     2.439 | capture_only_v10c_trial_00257 |   1.0e-07 |   4.3e+05 |   3.0e+13 |   6.4e+19 |     1 |     1 |     1 |  0.65 |     1 |  0.47 |  0.92 |     1.74 |     71.3 |  -0.0175
   8 |     2.442 | capture_only_v10c_trial_00342 |   2.8e-08 |   4.6e+05 |   3.0e+13 |   6.2e+19 |     1 |     1 |     1 |  0.51 |     1 |  0.61 |  0.88 |     1.64 |     68.4 |  -0.0253
   9 |     2.444 | capture_only_v10c_trial_00258 |   1.0e-07 |   4.5e+05 |   3.0e+13 |   6.4e+19 |     1 |     1 |     1 |  0.65 |     1 |   0.5 |  0.92 |     1.69 |     69.8 |  -0.0179
  10 |     2.445 | capture_only_v10c_trial_00356 |   3.0e-08 |   4.0e+05 |   3.0e+13 |   6.2e+19 |     1 |     1 |     1 |  0.66 |     1 |  0.68 |  0.97 |     1.97 |     76.6 |  -0.0491
  11 |     2.445 | capture_only_v10c_trial_00292 |   3.4e-08 |   4.0e+05 |   3.0e+13 |   6.1e+19 |     1 |     1 |     1 |  0.67 |     1 |   0.5 |     1 |     1.76 |     73.2 |  -0.0231
  12 |     2.445 | capture_only_v10c_trial_00294 |   3.2e-08 |   4.1e+05 |   3.0e+13 |   6.0e+19 |     1 |     1 |     1 |  0.65 |     1 |  0.56 |   1.3 |     1.86 |       74 |   -0.033
  13 |     2.448 | capture_only_v10c_trial_00309 |   1.3e-08 |   4.1e+05 |   3.0e+13 |   6.0e+19 |     1 |     1 |     1 |   0.6 |     1 |  0.56 |   1.2 |     1.88 |     74.9 |  -0.0187
  14 |     2.449 | capture_only_v10c_trial_00259 |   7.5e-08 |   4.4e+05 |   3.0e+13 |   6.4e+19 |     1 |     1 |     1 |  0.62 |     1 |  0.48 |   0.9 |     1.76 |     71.1 |  -0.0194
  15 |     2.451 | capture_only_v10c_trial_00280 |   5.8e-08 |   4.4e+05 |   3.0e+13 |   6.2e+19 |     1 |     1 |     1 |  0.55 |     1 |  0.58 |   1.1 |      1.9 |     72.8 |  -0.0353
--------------------------------------------------------------------------------------------------------------------------------------------------------------------------
Final rows written to: UN_M7_optuna_v12_rhoFT_slope_partition_results/capture_only/optuna_final_top_capture_only.csv
--------------------------------------------------------------------------------------------------------------------------------------------------------------------------
rank |     score |                        label |       f_n |       K_d |     rho_d |      Fdot |    Dv |    Dg |     b |    gb |    gd |  coal |   cap |  swD1600 |   Rd1600 |   NdDrop
--------------------------------------------------------------------------------------------------------------------------------------------------------------------------
   1 |     2.387 | FINAL_rank2_capture_only_capture_only_v10c_trial_00209 |   1.8e-07 |   3.1e+05 |   3.0e+13 |   6.6e+19 |     1 |     1 |     1 |  0.35 |     1 |  0.86 |  0.22 |     1.91 |     80.4 |  -0.0646
   2 |     2.402 | FINAL_rank1_capture_only_capture_only_v10c_trial_00214 |   1.1e-07 |   3.0e+05 |   3.0e+13 |   6.6e+19 |     1 |     1 |     1 |  0.43 |     1 |  0.71 |  0.21 |     1.75 |     78.4 |   -0.045
   3 |     2.406 | FINAL_rank5_capture_only_capture_only_v10c_trial_00239 |   1.9e-07 |   4.1e+05 |   3.0e+13 |   6.6e+19 |     1 |     1 |     1 |  0.34 |     1 |  0.88 |  0.86 |     2.03 |     75.2 |  -0.0686
   4 |     2.415 | FINAL_rank3_capture_only_capture_only_v10c_trial_00255 |   1.0e-07 |   4.1e+05 |   3.0e+13 |   6.4e+19 |     1 |     1 |     1 |  0.66 |     1 |  0.93 |  0.87 |     1.64 |     71.6 |  -0.0592
   5 |     2.424 | FINAL_rank4_capture_only_capture_only_v10c_trial_00473 |   3.3e-08 |   4.3e+05 |   3.0e+13 |   6.1e+19 |     1 |     1 |     1 |  0.54 |     1 |  0.53 |  0.94 |      1.7 |     70.4 |  -0.0231
--------------------------------------------------------------------------------------------------------------------------------------------------------------------------
Summary written to: UN_M7_optuna_v12_rhoFT_slope_partition_results/capture_only/optuna_summary_capture_only.md
[I 2026-05-03 20:33:07,059] Using an existing study with name 'UN_M7_capture_only' instead of creating a new one.
[I 2026-05-03 20:33:09,894] Trial with params {'f_n': 4.7e-08, 'K_d': 575000.0, 'rho_d': 30400000000000.0, 'fission_rate': 4.76e+19, 'Dv_scale': 0.591, 'Dg_scale': 0.552, 'D2_xe_scale': 1.0, 'b_scale': 0.233, 'gb_scale': 1.588, 'gd_scale': 0.328, 'coalescence_d_scale': 8.15, 'capture_scale': 2.97} already exists. Skipping enqueue.
[I 2026-05-03 20:33:09,897] Trial with params {'f_n': 1e-08, 'K_d': 800000.0, 'rho_d': 10000000000000.0, 'fission_rate': 7.5e+19, 'Dv_scale': 3.0, 'Dg_scale': 0.5, 'D2_xe_scale': 1.0, 'b_scale': 0.3, 'gb_scale': 1.0, 'gd_scale': 1.0, 'coalescence_d_scale': 1.0, 'capture_scale': 0.3} already exists. Skipping enqueue.
[I 2026-05-03 20:33:09,899] Trial with params {'f_n': 1e-06, 'K_d': 500000.0, 'rho_d': 30000000000000.0, 'fission_rate': 5e+19, 'Dv_scale': 1.0, 'Dg_scale': 1.0, 'D2_xe_scale': 1.0, 'b_scale': 1.0, 'gb_scale': 1.0, 'gd_scale': 1.0, 'coalescence_d_scale': 1.0, 'capture_scale': 1.0} already exists. Skipping enqueue.
[I 2026-05-03 20:33:09,901] Trial with params {'f_n': 1.3333e-08, 'K_d': 714300.0, 'rho_d': 46135000000000.0, 'fission_rate': 4.9558e+19, 'Dv_scale': 0.05, 'Dg_scale': 2.012, 'D2_xe_scale': 1.0, 'b_scale': 1.181, 'gb_scale': 0.8994, 'gd_scale': 3.641, 'coalescence_d_scale': 10.99, 'capture_scale': 3.247} already exists. Skipping enqueue.
[I 2026-05-03 20:33:09,903] Trial with params {'f_n': 2.5466e-07, 'K_d': 648460.0, 'rho_d': 35350000000000.0, 'fission_rate': 7.4799e+19, 'Dv_scale': 1.0, 'Dg_scale': 0.5333, 'D2_xe_scale': 1.0, 'b_scale': 3.066, 'gb_scale': 0.4625, 'gd_scale': 4.507, 'coalescence_d_scale': 6.997, 'capture_scale': 0.1401} already exists. Skipping enqueue.
[I 2026-05-03 20:33:09,906] Trial with params {'f_n': 1.9043e-07, 'K_d': 633680.0, 'rho_d': 48099000000000.0, 'fission_rate': 6.8347e+19, 'Dv_scale': 1.0, 'Dg_scale': 0.3921, 'D2_xe_scale': 1.0, 'b_scale': 3.704, 'gb_scale': 0.3881, 'gd_scale': 3.375, 'coalescence_d_scale': 7.005, 'capture_scale': 0.0608} already exists. Skipping enqueue.
[I 2026-05-03 20:33:09,909] Trial with params {'f_n': 1.3237e-08, 'K_d': 558920.0, 'rho_d': 24815000000000.0, 'fission_rate': 7.6621e+19, 'Dv_scale': 0.5, 'Dg_scale': 1.307, 'D2_xe_scale': 1.0, 'b_scale': 1.296, 'gb_scale': 0.4151, 'gd_scale': 1.963, 'coalescence_d_scale': 9.772, 'capture_scale': 0.1557} already exists. Skipping enqueue.
[I 2026-05-03 20:33:09,913] Trial with params {'f_n': 2.940436e-07, 'K_d': 1033314.0, 'rho_d': 12059490000000.0, 'fission_rate': 6.730293e+19, 'Dv_scale': 0.227099, 'Dg_scale': 2.163517, 'D2_xe_scale': 0.112489, 'b_scale': 0.09929, 'gb_scale': 1.445601, 'gd_scale': 4.396731, 'coalescence_d_scale': 3.880728, 'capture_scale': 0.024136} already exists. Skipping enqueue.
[I 2026-05-03 20:33:09,916] Trial with params {'f_n': 5.96478e-07, 'K_d': 1198283.0, 'rho_d': 9976134000000.0, 'fission_rate': 6.685431e+19, 'Dv_scale': 0.239374, 'Dg_scale': 2.580361, 'D2_xe_scale': 0.119911, 'b_scale': 0.115218, 'gb_scale': 1.009685, 'gd_scale': 4.737461, 'coalescence_d_scale': 2.916475, 'capture_scale': 0.027787} already exists. Skipping enqueue.
[I 2026-05-03 20:33:09,919] Trial with params {'f_n': 7.392651e-07, 'K_d': 1166892.0, 'rho_d': 11803530000000.0, 'fission_rate': 6.574543e+19, 'Dv_scale': 0.221547, 'Dg_scale': 2.170761, 'D2_xe_scale': 0.149876, 'b_scale': 0.126114, 'gb_scale': 1.30495, 'gd_scale': 5.541092, 'coalescence_d_scale': 2.726375, 'capture_scale': 0.023283} already exists. Skipping enqueue.
[I 2026-05-03 20:33:09,921] Trial with params {'rho_global_scale': 1.0, 'rho_slope_scale': 1.0, 'K_d': 500000.0} already exists. Skipping enqueue.
[I 2026-05-03 20:33:09,923] Trial with params {'rho_global_scale': 1.0, 'rho_slope_scale': 2.0, 'K_d': 500000.0} already exists. Skipping enqueue.
[I 2026-05-03 20:33:09,924] Trial with params {'rho_global_scale': 1.3, 'rho_slope_scale': 1.0, 'K_d': 500000.0} already exists. Skipping enqueue.
########################################################################################################################
V12 rhoFT-slope + gas-to-grain-face + high-T dislocation plateau settings
family                         = capture_only
rhoFT2 enabled                 = True
rho_global_scale range          = 0.7 -- 2
rho_slope_scale range           = 0.5 -- 5
rho high-T linear ramp          = 1300 K -> 1600 K
K_d range                       = 300000 -- 800000
direct exp weights              = sw 1.1, Rd 0.85, Nd 0.85, Nd-drop 0.8
v11 partition/qgb weights       = 0.85 / 1.1
qgb max low-mid/high            = 18.0 / 22.0
Fig8 disl/bulk radius weights   = 0.35 / 0.06
Fig6 burnup weight              = 0.02
output dir                      = UN_M7_optuna_v12_rhoFT_slope_partition_results/capture_only
########################################################################################################################
########################################################################################################################
OPTUNA CALIBRATION: capture_only
########################################################################################################################
Output dir        = UN_M7_optuna_v12_rhoFT_slope_partition_results/capture_only
Trials requested  = 0
FAST dt/modes     = 12 h / 22
FINAL dt/modes    = 1 h / 40
Pressure weight   = 0.22; free factor = 3
D2 Xe             = included, with D2_xe_scale
Coalescence       = active, scale never zero
Family switches   = phi_gas:False, nuc_mass:False, capture:True
########################################################################################################################
Fast trials written to: UN_M7_optuna_v12_rhoFT_slope_partition_results/capture_only/optuna_fast_trials_capture_only.csv
--------------------------------------------------------------------------------------------------------------------------------------------------------------------------
rank |     score |                        label |       f_n |       K_d |     rho_d |      Fdot |    Dv |    Dg |     b |    gb |    gd |  coal |   cap |  swD1600 |   Rd1600 |   NdDrop
--------------------------------------------------------------------------------------------------------------------------------------------------------------------------
   1 |     2.374 | capture_only_v10c_trial_00214 |   1.1e-07 |   3.0e+05 |   3.0e+13 |   6.6e+19 |     1 |     1 |     1 |  0.43 |     1 |  0.71 |  0.21 |     1.79 |     78.9 |  -0.0476
   2 |     2.392 | capture_only_v10c_trial_00209 |   1.8e-07 |   3.1e+05 |   3.0e+13 |   6.6e+19 |     1 |     1 |     1 |  0.35 |     1 |  0.86 |  0.22 |     1.94 |     80.9 |  -0.0675
   3 |     2.397 | capture_only_v10c_trial_00255 |   1.0e-07 |   4.1e+05 |   3.0e+13 |   6.4e+19 |     1 |     1 |     1 |  0.66 |     1 |  0.93 |  0.87 |     1.67 |       72 |  -0.0617
   4 |     2.406 | capture_only_v10c_trial_00473 |   3.3e-08 |   4.3e+05 |   3.0e+13 |   6.1e+19 |     1 |     1 |     1 |  0.54 |     1 |  0.53 |  0.94 |     1.74 |       71 |   -0.025
   5 |     2.419 | capture_only_v10c_trial_00239 |   1.9e-07 |   4.1e+05 |   3.0e+13 |   6.6e+19 |     1 |     1 |     1 |  0.34 |     1 |  0.88 |  0.86 |     2.06 |     75.7 |  -0.0717
   6 |     2.426 | capture_only_v10c_trial_00343 |   2.3e-08 |   4.8e+05 |   3.0e+13 |   6.2e+19 |     1 |     1 |     1 |   0.5 |     1 |   0.6 |  0.94 |     1.77 |       69 |  -0.0269
   7 |     2.439 | capture_only_v10c_trial_00257 |   1.0e-07 |   4.3e+05 |   3.0e+13 |   6.4e+19 |     1 |     1 |     1 |  0.65 |     1 |  0.47 |  0.92 |     1.74 |     71.3 |  -0.0175
   8 |     2.442 | capture_only_v10c_trial_00342 |   2.8e-08 |   4.6e+05 |   3.0e+13 |   6.2e+19 |     1 |     1 |     1 |  0.51 |     1 |  0.61 |  0.88 |     1.64 |     68.4 |  -0.0253
   9 |     2.444 | capture_only_v10c_trial_00258 |   1.0e-07 |   4.5e+05 |   3.0e+13 |   6.4e+19 |     1 |     1 |     1 |  0.65 |     1 |   0.5 |  0.92 |     1.69 |     69.8 |  -0.0179
  10 |     2.445 | capture_only_v10c_trial_00356 |   3.0e-08 |   4.0e+05 |   3.0e+13 |   6.2e+19 |     1 |     1 |     1 |  0.66 |     1 |  0.68 |  0.97 |     1.97 |     76.6 |  -0.0491
  11 |     2.445 | capture_only_v10c_trial_00292 |   3.4e-08 |   4.0e+05 |   3.0e+13 |   6.1e+19 |     1 |     1 |     1 |  0.67 |     1 |   0.5 |     1 |     1.76 |     73.2 |  -0.0231
  12 |     2.445 | capture_only_v10c_trial_00294 |   3.2e-08 |   4.1e+05 |   3.0e+13 |   6.0e+19 |     1 |     1 |     1 |  0.65 |     1 |  0.56 |   1.3 |     1.86 |       74 |   -0.033
  13 |     2.448 | capture_only_v10c_trial_00309 |   1.3e-08 |   4.1e+05 |   3.0e+13 |   6.0e+19 |     1 |     1 |     1 |   0.6 |     1 |  0.56 |   1.2 |     1.88 |     74.9 |  -0.0187
  14 |     2.449 | capture_only_v10c_trial_00259 |   7.5e-08 |   4.4e+05 |   3.0e+13 |   6.4e+19 |     1 |     1 |     1 |  0.62 |     1 |  0.48 |   0.9 |     1.76 |     71.1 |  -0.0194
  15 |     2.451 | capture_only_v10c_trial_00280 |   5.8e-08 |   4.4e+05 |   3.0e+13 |   6.2e+19 |     1 |     1 |     1 |  0.55 |     1 |  0.58 |   1.1 |      1.9 |     72.8 |  -0.0353
--------------------------------------------------------------------------------------------------------------------------------------------------------------------------
Final rows written to: UN_M7_optuna_v12_rhoFT_slope_partition_results/capture_only/optuna_final_top_capture_only.csv
--------------------------------------------------------------------------------------------------------------------------------------------------------------------------
rank |     score |                        label |       f_n |       K_d |     rho_d |      Fdot |    Dv |    Dg |     b |    gb |    gd |  coal |   cap |  swD1600 |   Rd1600 |   NdDrop
--------------------------------------------------------------------------------------------------------------------------------------------------------------------------
   1 |     2.387 | FINAL_rank2_capture_only_capture_only_v10c_trial_00209 |   1.8e-07 |   3.1e+05 |   3.0e+13 |   6.6e+19 |     1 |     1 |     1 |  0.35 |     1 |  0.86 |  0.22 |     1.91 |     80.4 |  -0.0646
   2 |     2.402 | FINAL_rank1_capture_only_capture_only_v10c_trial_00214 |   1.1e-07 |   3.0e+05 |   3.0e+13 |   6.6e+19 |     1 |     1 |     1 |  0.43 |     1 |  0.71 |  0.21 |     1.75 |     78.4 |   -0.045
   3 |     2.406 | FINAL_rank5_capture_only_capture_only_v10c_trial_00239 |   1.9e-07 |   4.1e+05 |   3.0e+13 |   6.6e+19 |     1 |     1 |     1 |  0.34 |     1 |  0.88 |  0.86 |     2.03 |     75.2 |  -0.0686
   4 |     2.415 | FINAL_rank3_capture_only_capture_only_v10c_trial_00255 |   1.0e-07 |   4.1e+05 |   3.0e+13 |   6.4e+19 |     1 |     1 |     1 |  0.66 |     1 |  0.93 |  0.87 |     1.64 |     71.6 |  -0.0592
   5 |     2.424 | FINAL_rank4_capture_only_capture_only_v10c_trial_00473 |   3.3e-08 |   4.3e+05 |   3.0e+13 |   6.1e+19 |     1 |     1 |     1 |  0.54 |     1 |  0.53 |  0.94 |      1.7 |     70.4 |  -0.0231
--------------------------------------------------------------------------------------------------------------------------------------------------------------------------

============================================================================================================================================
CAPTURE CHECK: best_capture_only_rank1_FINAL_rank2_capture_only_capture_only_v10c_trial_00209, T=1600.0, burnup=3.2
============================================================================================================================================
f_cap_step is the physical clipped per-step fraction and must be <= 1.
capture_fraction_sum can exceed 1 because it is a diagnostic sum, not a physical fraction.
--------------------------------------------------------------------------------------------------------------------------------------------
final f_cap_step       = 4.379294e-07
max f_cap_step         = 7.011889e-06
final cap_raw_step     = 4.379294e-07
capture_fraction_sum   = 1.993907e-02
capture_raw_sum        = 1.993907e-02
captured bubbles cum.  = 1.023116e+19 m^-3
============================================================================================================================================

============================================================================================================================================
DIAGNOSTICS FOR best_capture_only_rank1
============================================================================================================================================
{'label': 'best_capture_only_rank1_FINAL_rank2_capture_only_capture_only_v10c_trial_00209', 'f_n': 1.8153413587707485e-07, 'K_d': 305420.151563051, 'rho_d': 30000000000000.0, 'fission_rate': 6.599200973984182e+19, 'Dv_scale': 1.0, 'Dg_scale': 1.0, 'b_scale': 1.0, 'gb_scale': 0.3495807593185941, 'gd_scale': 1.0, 'coalescence_d_scale': 0.859590610885015, 'capture_scale': 0.219126784155117, 'D2_xe_scale': 1.0, 'Dg_D1_scale': 3.29393208617033, 'Dg_D3_scale': 3.9809678920530476, 'Dv_D1_scale': 0.24053617888756687, 'Dv_D2_scale': 2.4681200072415717, 'b_bulk_scale': 0.0415472249840374, 'b_dislocation_scale': 0.5814193987766478, 'gd_bubble_scale': 8.272959021289381, 'gd_line_scale': 1.2952580730434997, 'gd_line_alpha': 0.7729648876849764, 'family': 'capture_only'}
============================================================================================================================================

============================================================================================================================================
CAPTURE CHECK: best_capture_only_rank2_FINAL_rank1_capture_only_capture_only_v10c_trial_00214, T=1600.0, burnup=3.2
============================================================================================================================================
f_cap_step is the physical clipped per-step fraction and must be <= 1.
capture_fraction_sum can exceed 1 because it is a diagnostic sum, not a physical fraction.
--------------------------------------------------------------------------------------------------------------------------------------------
final f_cap_step       = 0.000000e+00
max f_cap_step         = 6.816060e-06
final cap_raw_step     = 0.000000e+00
capture_fraction_sum   = 1.711058e-02
capture_raw_sum        = 1.711058e-02
captured bubbles cum.  = 4.597097e+18 m^-3
============================================================================================================================================

============================================================================================================================================
DIAGNOSTICS FOR best_capture_only_rank2
============================================================================================================================================
{'label': 'best_capture_only_rank2_FINAL_rank1_capture_only_capture_only_v10c_trial_00214', 'f_n': 1.0792681544635681e-07, 'K_d': 300033.90387858055, 'rho_d': 30000000000000.0, 'fission_rate': 6.556534025892708e+19, 'Dv_scale': 1.0, 'Dg_scale': 1.0, 'b_scale': 1.0, 'gb_scale': 0.4293652196744477, 'gd_scale': 1.0, 'coalescence_d_scale': 0.7121128721253279, 'capture_scale': 0.20810745548691123, 'D2_xe_scale': 1.0, 'Dg_D1_scale': 3.4705854875951574, 'Dg_D3_scale': 3.981633503586191, 'Dv_D1_scale': 0.2603606238204062, 'Dv_D2_scale': 2.66036280393202, 'b_bulk_scale': 0.03580455973968514, 'b_dislocation_scale': 0.650061093390578, 'gd_bubble_scale': 8.465755343308974, 'gd_line_scale': 1.232931961884006, 'gd_line_alpha': 0.8351937508144952, 'family': 'capture_only'}
=============