[I 2026-05-03 19:29:14,054] Trial 16 finished with value: 4.87474132942833 and parameters: {'rho_global_scale': 1.331602578649769, 'rho_slope_scale': 1.8390492325822183, 'f_n': 3.0562791108616936e-09, 'K_d': 420268.95237677876, 'fission_rate': 6.161971780187468e+19, 'Dg_D1_scale': 1.4161141541187157, 'Dg_D3_scale': 0.6000466186474539, 'Dv_D1_scale': 0.8883308265205746, 'Dv_D2_scale': 0.4509933038471684, 'b_bulk_scale': 0.06031876691223718, 'b_dislocation_scale': 0.14644419886929508, 'gb_scale': 0.058798997261125176, 'gd_bubble_scale': 1.2046042892385138, 'gd_line_scale': 0.19320644067982565, 'gd_line_alpha': 0.2777959388004768, 'coalescence_d_scale': 0.11802188236733396, 'capture_scale': 0.046245113914846155}. Best is trial 11 with value: 3.741395029807364.
[I 2026-05-03 19:29:20,480] Trial 17 finished with value: 6.370017620669672 and parameters: {'rho_global_scale': 1.8698799064411973, 'rho_slope_scale': 1.3513477527590885, 'f_n': 1.213309890723046e-07, 'K_d': 586073.3712944576, 'fission_rate': 7.968368994151354e+19, 'Dg_D1_scale': 0.21899726397998565, 'Dg_D3_scale': 0.265545438490851, 'Dv_D1_scale': 3.3434560492556007, 'Dv_D2_scale': 1.370662394677464, 'b_bulk_scale': 0.23912022144285672, 'b_dislocation_scale': 1.0019621384330843, 'gb_scale': 0.19416670770562336, 'gd_bubble_scale': 3.75084006106914, 'gd_line_scale': 3.9381032950341317, 'gd_line_alpha': 0.0049548246113775285, 'coalescence_d_scale': 1.2214245432083952, 'capture_scale': 0.010302399877707709}. Best is trial 11 with value: 3.741395029807364.
[I 2026-05-03 19:29:23,848] Trial 18 finished with value: 5.969477253683295 and parameters: {'rho_global_scale': 1.0849588568262123, 'rho_slope_scale': 4.13577361330547, 'f_n': 2.7835290964209133e-06, 'K_d': 436054.7311398778, 'fission_rate': 6.944438337519234e+19, 'Dg_D1_scale': 0.9098584807762921, 'Dg_D3_scale': 1.1726827192275524, 'Dv_D1_scale': 0.4405412278246254, 'Dv_D2_scale': 2.5890432607530016, 'b_bulk_scale': 0.05417165883717066, 'b_dislocation_scale': 3.7348982361217136, 'gb_scale': 2.5413145198943896, 'gd_bubble_scale': 1.6921183755614475, 'gd_line_scale': 0.2016454734023906, 'gd_line_alpha': 0.6351864994162224, 'coalescence_d_scale': 0.47776640626306965, 'capture_scale': 0.13650396990307523}. Best is trial 11 with value: 3.741395029807364.
[I 2026-05-03 19:29:32,825] Trial 19 finished with value: 6.343189217076365 and parameters: {'rho_global_scale': 0.965462685095638, 'rho_slope_scale': 2.2622536320662734, 'f_n': 3.2845045277867224e-08, 'K_d': 668578.8544351747, 'fission_rate': 5.546750361122572e+19, 'Dg_D1_scale': 0.47919491715657875, 'Dg_D3_scale': 0.5767944000834543, 'Dv_D1_scale': 0.7923629002788964, 'Dv_D2_scale': 0.2913624080969338, 'b_bulk_scale': 0.17311274071387686, 'b_dislocation_scale': 0.06904178604633504, 'gb_scale': 0.29913106979033527, 'gd_bubble_scale': 5.044701215086322, 'gd_line_scale': 3.478201675980593, 'gd_line_alpha': 0.12218261071056544, 'coalescence_d_scale': 5.288598794181767, 'capture_scale': 0.03546365190413708}. Best is trial 11 with value: 3.741395029807364.
[I 2026-05-03 19:29:39,804] Trial 20 finished with value: 6.446045222570389 and parameters: {'rho_global_scale': 0.7939331440824445, 'rho_slope_scale': 3.2705155798345853, 'f_n': 3.851239910637647e-09, 'K_d': 313332.5527446197, 'fission_rate': 7.202316156308072e+19, 'Dg_D1_scale': 1.8114935712508826, 'Dg_D3_scale': 0.3735092538944189, 'Dv_D1_scale': 0.26456674682874487, 'Dv_D2_scale': 0.57540787684723, 'b_bulk_scale': 0.8451584289905986, 'b_dislocation_scale': 0.1719045601687234, 'gb_scale': 2.967165427290821, 'gd_bubble_scale': 0.42377802829346917, 'gd_line_scale': 0.05161393188690454, 'gd_line_alpha': 0.27004982679490486, 'coalescence_d_scale': 16.324671609655393, 'capture_scale': 0.9249844358282551}. Best is trial 11 with value: 3.741395029807364.
[I 2026-05-03 19:29:47,763] Trial 21 finished with value: 4.106163124993344 and parameters: {'rho_global_scale': 0.8517022195039312, 'rho_slope_scale': 3.47144047089613, 'f_n': 1.0779433404437751e-07, 'K_d': 311321.9462987658, 'fission_rate': 6.37920900596319e+19, 'Dg_D1_scale': 0.3160300045971052, 'Dg_D3_scale': 0.16791259309732479, 'Dv_D1_scale': 0.21599871571153254, 'Dv_D2_scale': 2.1621939752979094, 'b_bulk_scale': 0.21465225657044318, 'b_dislocation_scale': 0.12257727100663963, 'gb_scale': 2.8335344841097534, 'gd_bubble_scale': 0.29550418718264565, 'gd_line_scale': 5.6281963367676795, 'gd_line_alpha': 0.14729974643667257, 'coalescence_d_scale': 4.342814494283411, 'capture_scale': 0.5027905483809424}. Best is trial 11 with value: 3.741395029807364.
[I 2026-05-03 19:29:54,961] Trial 22 finished with value: 3.545450213680255 and parameters: {'rho_global_scale': 0.9414501829887636, 'rho_slope_scale': 2.1483806786680213, 'f_n': 1.2516314557216302e-07, 'K_d': 449749.8217144649, 'fission_rate': 7.073592363385805e+19, 'Dg_D1_scale': 0.15247959039994677, 'Dg_D3_scale': 0.22343012075256327, 'Dv_D1_scale': 0.47941642671239976, 'Dv_D2_scale': 3.8877013991948006, 'b_bulk_scale': 0.414801029551913, 'b_dislocation_scale': 0.5096033026621077, 'gb_scale': 4.5843810712864785, 'gd_bubble_scale': 0.41620329937276374, 'gd_line_scale': 3.3824132434626617, 'gd_line_alpha': 0.26928388933665437, 'coalescence_d_scale': 1.897393753530415, 'capture_scale': 0.3974388606867386}. Best is trial 22 with value: 3.545450213680255.Best trial: 11. Best value: 3.7414:   4%|▍         | 22/500 [02:50<58:28,  7.34s/it]Best trial: 22. Best value: 3.54545:   4%|▍         | 22/500 [02:50<58:28,  7.34s/it]Best trial: 22. Best value: 3.54545:   5%|▍         | 23/500 [02:50<58:01,  7.30s/it]                                                                                     Best trial: 22. Best value: 3.54545:   5%|▍         | 23/500 [02:53<58:01,  7.30s/it]Best trial: 22. Best value: 3.54545:   5%|▍         | 23/500 [02:53<58:01,  7.30s/it]Best trial: 22. Best value: 3.54545:   5%|▍         | 24/500 [02:53<48:47,  6.15s/it]                                                                                     Best trial: 22. Best value: 3.54545:   5%|▍         | 24/500 [03:01<48:47,  6.15s/it]Best trial: 22. Best value: 3.54545:   5%|▍         | 24/500 [03:01<48:47,  6.15s/it]Best trial: 22. Best value: 3.54545:   5%|▌         | 25/500 [03:01<52:50,  6.68s/it]                                                                                     Best trial: 22. Best value: 3.54545:   5%|▌         | 25/500 [03:07<52:50,  6.68s/it]Best trial: 25. Best value: 3.37149:   5%|▌         | 25/500 [03:07<52:50,  6.68s/it]Best trial: 25. Best value: 3.37149:   5%|▌         | 26/500 [03:07<50:31,  6.40s/it]                                                                                     Best trial: 25. Best value: 3.37149:   5%|▌         | 26/500 [03:12<50:31,  6.40s/it]Best trial: 25. Best value: 3.37149:   5%|▌         | 26/500 [03:12<50:31,  6.40s/it]Best trial: 25. Best value: 3.37149:   5%|▌         | 27/500 [03:12<47:37,  6.04s/it]                                                                                     Best trial: 25. Best value: 3.37149:   5%|▌         | 27/500 [03:18<47:37,  6.04s/it]Best trial: 25. Best value: 3.37149:   5%|▌         | 27/500 [03:18<47:37,  6.04s/it]Best trial: 25. Best value: 3.37149:   6%|▌         | 28/500 [03:18<48:17,  6.14s/it]                                                                                     Best trial: 25. Best value: 3.37149:   6%|▌         | 28/500 [03:24<48:17,  6.14s/it]Best trial: 25. Best value: 3.37149:   6%|▌         | 28/500 [03:24<48:17,  6.14s/it]Best trial: 25. Best value: 3.37149:   6%|▌         | 29/500 [03:24<45:57,  5.86s/it]                                                                                     Best trial: 25. Best value: 3.37149:   6%|▌         | 29/500 [03:32<45:57,  5.86s/it]Best trial: 25. Best value: 3.37149:   6%|▌         | 29/500 [03:32<45:57,  5.86s/it]Best trial: 25. Best value: 3.37149:   6%|▌         | 30/500 [03:32<50:53,  6.50s/it]                                                                                     Best trial: 25. Best value: 3.37149:   6%|▌         | 30/500 [03:39<50:53,  6.50s/it]Best trial: 25. Best value: 3.37149:   6%|▌         | 30/500 [03:39<50:53,  6.50s/it]Best trial: 25. Best value: 3.37149:   6%|▌         | 31/500 [03:39<51:58,  6.65s/it]                                                                                     Best trial: 25. Best value: 3.37149:   6%|▌         | 31/500 [03:46<51:58,  6.65s/it]Best trial: 25. Best value: 3.37149:   6%|▌         | 31/500 [03:46<51:58,  6.65s/it]Best trial: 25. Best value: 3.37149:   6%|▋         | 32/500 [03:46<52:35,  6.74s/it]                                                                                     Best trial: 25. Best value: 3.37149:   6%|▋         | 32/500 [03:50<52:35,  6.74s/it]Best trial: 25. Best value: 3.37149:   6%|▋         | 32/500 [03:50<52:35,  6.74s/it]Best trial: 25. Best value: 3.37149:   7%|▋         | 33/500 [03:50<48:04,  6.18s/it]                                                                                     
[I 2026-05-03 19:29:58,446] Trial 23 finished with value: 4.230730519473363 and parameters: {'rho_global_scale': 1.090707315570008, 'rho_slope_scale': 2.054898087706555, 'f_n': 3.030658317254003e-07, 'K_d': 449046.60201373487, 'fission_rate': 7.105167667603148e+19, 'Dg_D1_scale': 0.15033301994528514, 'Dg_D3_scale': 0.21781651474240166, 'Dv_D1_scale': 0.5230995341886048, 'Dv_D2_scale': 3.7327859278504687, 'b_bulk_scale': 0.4101332089057499, 'b_dislocation_scale': 0.7114726264171638, 'gb_scale': 4.750197236440767, 'gd_bubble_scale': 0.1615626819593568, 'gd_line_scale': 2.3534621561800617, 'gd_line_alpha': 0.3256562277254771, 'coalescence_d_scale': 1.8411426405865177, 'capture_scale': 0.909084887852837}. Best is trial 22 with value: 3.545450213680255.
[I 2026-05-03 19:30:06,343] Trial 24 finished with value: 5.676480286188008 and parameters: {'rho_global_scale': 0.9318568446775347, 'rho_slope_scale': 1.647683872562154, 'f_n': 2.524685342755843e-08, 'K_d': 539210.9538976104, 'fission_rate': 6.237008797314141e+19, 'Dg_D1_scale': 0.22085610142229523, 'Dg_D3_scale': 0.2388211897906837, 'Dv_D1_scale': 1.1485266405221224, 'Dv_D2_scale': 3.073126250055454, 'b_bulk_scale': 1.0876131346998952, 'b_dislocation_scale': 0.4962434662639699, 'gb_scale': 3.81173673410953, 'gd_bubble_scale': 1.6222371967386433, 'gd_line_scale': 5.60046774236548, 'gd_line_alpha': 0.24198700304390516, 'coalescence_d_scale': 2.309324414500153, 'capture_scale': 7.929923191185375}. Best is trial 22 with value: 3.545450213680255.
[I 2026-05-03 19:30:12,079] Trial 25 finished with value: 3.371488147299386 and parameters: {'rho_global_scale': 1.2224272994055787, 'rho_slope_scale': 2.4788228575777778, 'f_n': 1.9239267212055235e-07, 'K_d': 355920.6242956527, 'fission_rate': 7.229967829121207e+19, 'Dg_D1_scale': 0.19583820188511883, 'Dg_D3_scale': 0.70113295581316, 'Dv_D1_scale': 0.465649966042919, 'Dv_D2_scale': 3.9200191229857952, 'b_bulk_scale': 0.31052921590407195, 'b_dislocation_scale': 1.411491618856256, 'gb_scale': 7.774139801415128, 'gd_bubble_scale': 0.5669050702991131, 'gd_line_scale': 6.260039461748534, 'gd_line_alpha': 0.11825118274540716, 'coalescence_d_scale': 0.6071118591787007, 'capture_scale': 0.0790395691482192}. Best is trial 25 with value: 3.371488147299386.
[I 2026-05-03 19:30:17,303] Trial 26 finished with value: 3.7570623230353095 and parameters: {'rho_global_scale': 1.2828598411614616, 'rho_slope_scale': 2.366539593679055, 'f_n': 1.4339767771987149e-06, 'K_d': 350466.9525316295, 'fission_rate': 7.271751318786701e+19, 'Dg_D1_scale': 0.15930048919587203, 'Dg_D3_scale': 0.3884331391833542, 'Dv_D1_scale': 0.42052377379618905, 'Dv_D2_scale': 3.891054079087068, 'b_bulk_scale': 0.3175495167139457, 'b_dislocation_scale': 1.3741311575013158, 'gb_scale': 6.530758646506381, 'gd_bubble_scale': 0.5831565162737516, 'gd_line_scale': 6.974186030079988, 'gd_line_alpha': 0.1019339654192324, 'coalescence_d_scale': 0.5289817473147583, 'capture_scale': 0.21807629018086583}. Best is trial 25 with value: 3.371488147299386.
[I 2026-05-03 19:30:23,662] Trial 27 finished with value: 3.8766574202447917 and parameters: {'rho_global_scale': 1.410080175319334, 'rho_slope_scale': 2.775528791187221, 'f_n': 1.1089731538342424e-10, 'K_d': 351577.01187649864, 'fission_rate': 7.857355842891457e+19, 'Dg_D1_scale': 0.7969717670611786, 'Dg_D3_scale': 0.7082805755350927, 'Dv_D1_scale': 0.28531890639825536, 'Dv_D2_scale': 1.38387087558062, 'b_bulk_scale': 0.16406952279347425, 'b_dislocation_scale': 1.3325653269882192, 'gb_scale': 7.624720573471027, 'gd_bubble_scale': 0.5139852764212868, 'gd_line_scale': 2.7005434670102586, 'gd_line_alpha': 0.08040763204252144, 'coalescence_d_scale': 0.9236320476278731, 'capture_scale': 0.10284751085652136}. Best is trial 25 with value: 3.371488147299386.
[I 2026-05-03 19:30:28,863] Trial 28 finished with value: 3.857417680397969 and parameters: {'rho_global_scale': 1.0298885521257686, 'rho_slope_scale': 1.2483388322877185, 'f_n': 4.706286915018834e-07, 'K_d': 460804.86482604314, 'fission_rate': 5.67193551494257e+19, 'Dg_D1_scale': 0.1825985634883285, 'Dg_D3_scale': 0.20349930274041308, 'Dv_D1_scale': 0.3652309356451085, 'Dv_D2_scale': 0.3348968249450869, 'b_bulk_scale': 0.5357574602810043, 'b_dislocation_scale': 2.2007949655449486, 'gb_scale': 2.066895576090437, 'gd_bubble_scale': 0.10620751316303453, 'gd_line_scale': 5.650740729243346, 'gd_line_alpha': 0.002138413725362165, 'coalescence_d_scale': 0.5849694144231652, 'capture_scale': 0.018973184484572716}. Best is trial 25 with value: 3.371488147299386.
[I 2026-05-03 19:30:36,850] Trial 29 finished with value: 3.5452744758795816 and parameters: {'rho_global_scale': 0.7843517495576879, 'rho_slope_scale': 1.9740389868594472, 'f_n': 5.919484349619726e-08, 'K_d': 414596.71082407166, 'fission_rate': 6.446580927332182e+19, 'Dg_D1_scale': 3.748413270417015, 'Dg_D3_scale': 0.34738144338361504, 'Dv_D1_scale': 0.25290169556646047, 'Dv_D2_scale': 0.5397593169160763, 'b_bulk_scale': 0.8038512657111353, 'b_dislocation_scale': 0.23527172497257695, 'gb_scale': 4.442364180439572, 'gd_bubble_scale': 1.0215316049397616, 'gd_line_scale': 1.7159205139209028, 'gd_line_alpha': 0.6620867955256713, 'coalescence_d_scale': 0.2756632249378741, 'capture_scale': 2.7166438129768395}. Best is trial 25 with value: 3.371488147299386.
[I 2026-05-03 19:30:43,850] Trial 30 finished with value: 3.6293310611655882 and parameters: {'rho_global_scale': 0.7568701804021871, 'rho_slope_scale': 2.5204904866063624, 'f_n': 3.0415374626504893e-08, 'K_d': 401492.8116010817, 'fission_rate': 7.404050855241097e+19, 'Dg_D1_scale': 3.4997520389629435, 'Dg_D3_scale': 1.242857027304738, 'Dv_D1_scale': 0.48749198139255373, 'Dv_D2_scale': 0.7793322512523037, 'b_bulk_scale': 0.8805606302992199, 'b_dislocation_scale': 0.4605773297835138, 'gb_scale': 4.347674949877023, 'gd_bubble_scale': 1.13905283468876, 'gd_line_scale': 1.655895373735349, 'gd_line_alpha': 0.755178634266211, 'coalescence_d_scale': 0.25947888114923934, 'capture_scale': 2.022047892347201}. Best is trial 25 with value: 3.371488147299386.
[I 2026-05-03 19:30:50,819] Trial 31 finished with value: 3.6608150975797704 and parameters: {'rho_global_scale': 0.7776621020578584, 'rho_slope_scale': 2.5045655822228325, 'f_n': 4.189179679983455e-08, 'K_d': 403223.966853198, 'fission_rate': 7.3589220191893864e+19, 'Dg_D1_scale': 3.350428111863767, 'Dg_D3_scale': 1.2471129481486023, 'Dv_D1_scale': 0.48081229302071565, 'Dv_D2_scale': 0.5371471959868654, 'b_bulk_scale': 0.8299667949572145, 'b_dislocation_scale': 0.4249008759581929, 'gb_scale': 4.504164839075632, 'gd_bubble_scale': 1.1470104354182205, 'gd_line_scale': 1.749035923094775, 'gd_line_alpha': 0.7843084101126055, 'coalescence_d_scale': 0.2552637319318833, 'capture_scale': 2.30196917658188}. Best is trial 25 with value: 3.371488147299386.
[I 2026-05-03 19:30:55,669] Trial 32 finished with value: 4.075966882128132 and parameters: {'rho_global_scale': 0.7088542796308679, 'rho_slope_scale': 2.9372847269837536, 'f_n': 7.155679691752967e-09, 'K_d': 346163.62640243873, 'fission_rate': 7.595813023398053e+19, 'Dg_D1_scale': 2.580472809383312, 'Dg_D3_scale': 0.8318107932830293, 'Dv_D1_scale': 0.6951981369583102, 'Dv_D2_scale': 0.7027597580486028, 'b_bulk_scale': 0.7717957383076726, 'b_dislocation_scale': 0.2560064701521147, 'gb_scale': 2.158282284568914, 'gd_bubble_scale': 0.8305966121399684, 'gd_line_scale': 0.6703526141766561, 'gd_line_alpha': 0.7236619704291982, 'coalescence_d_scale': 0.19743566509265875, 'capture_scale': 2.150073376391202}. Best is trial 25 with value: 3.371488147299386.
[I 2026-05-03 19:31:02,880] Trial 33 finished with value: 3.4863718158180577 and parameters: {'rho_global_scale': 0.7689326055812962, 'rho_slope_scale': 1.481949873686831, 'f_n': 2.5638107643800294e-08, 'K_d': 387760.76738997764, 'fission_rate': 7.035593259537997e+19, 'Dg_D1_scale': 3.7279756228740997, 'Dg_D3_scale': 1.8216347713312846, 'Dv_D1_scale': 0.3456545769792505, 'Dv_D2_scale': 0.7571608087023255, 'b_bulk_scale': 0.4881608790148657, 'b_dislocation_scale': 0.21813620103343825, 'gb_scale': 4.520211859020071, 'gd_bubble_scale': 0.5953718985276061, 'gd_line_scale': 1.3974940106508027, 'gd_line_alpha': 0.862572441751133, 'coalescence_d_scale': 0.10078174142508219, 'capture_scale': 5.365126546795232}. Best is trial 25 with value: 3.371488147299386.Best trial: 25. Best value: 3.37149:   7%|▋         | 33/500 [03:58<48:04,  6.18s/it]Best trial: 25. Best value: 3.37149:   7%|▋         | 33/500 [03:58<48:04,  6.18s/it]Best trial: 25. Best value: 3.37149:   7%|▋         | 34/500 [03:58<50:22,  6.49s/it]                                                                                     Best trial: 25. Best value: 3.37149:   7%|▋         | 34/500 [04:05<50:22,  6.49s/it]Best trial: 34. Best value: 2.94494:   7%|▋         | 34/500 [04:05<50:22,  6.49s/it]Best trial: 34. Best value: 2.94494:   7%|▋         | 35/500 [04:05<51:57,  6.71s/it]                                                                                     Best trial: 34. Best value: 2.94494:   7%|▋         | 35/500 [04:12<51:57,  6.71s/it]Best trial: 34. Best value: 2.94494:   7%|▋         | 35/500 [04:12<51:57,  6.71s/it]Best trial: 34. Best value: 2.94494:   7%|▋         | 36/500 [04:12<51:50,  6.70s/it]                                                                                     Best trial: 34. Best value: 2.94494:   7%|▋         | 36/500 [04:18<51:50,  6.70s/it]Best trial: 34. Best value: 2.94494:   7%|▋         | 36/500 [04:18<51:50,  6.70s/it]Best trial: 34. Best value: 2.94494:   7%|▋         | 37/500 [04:18<51:07,  6.63s/it]                                                                                     Best trial: 34. Best value: 2.94494:   7%|▋         | 37/500 [04:22<51:07,  6.63s/it]Best trial: 34. Best value: 2.94494:   7%|▋         | 37/500 [04:22<51:07,  6.63s/it]Best trial: 34. Best value: 2.94494:   8%|▊         | 38/500 [04:22<45:55,  5.97s/it]                                                                                     Best trial: 34. Best value: 2.94494:   8%|▊         | 38/500 [04:29<45:55,  5.97s/it]Best trial: 34. Best value: 2.94494:   8%|▊         | 38/500 [04:29<45:55,  5.97s/it]Best trial: 34. Best value: 2.94494:   8%|▊         | 39/500 [04:29<47:22,  6.17s/it]                                                                                     Best trial: 34. Best value: 2.94494:   8%|▊         | 39/500 [04:35<47:22,  6.17s/it]Best trial: 34. Best value: 2.94494:   8%|▊         | 39/500 [04:35<47:22,  6.17s/it]Best trial: 34. Best value: 2.94494:   8%|▊         | 40/500 [04:35<46:50,  6.11s/it]                                                                                     Best trial: 34. Best value: 2.94494:   8%|▊         | 40/500 [04:41<46:50,  6.11s/it]Best trial: 34. Best value: 2.94494:   8%|▊         | 40/500 [04:41<46:50,  6.11s/it]Best trial: 34. Best value: 2.94494:   8%|▊         | 41/500 [04:41<45:34,  5.96s/it]                                                                                     Best trial: 34. Best value: 2.94494:   8%|▊         | 41/500 [04:47<45:34,  5.96s/it]Best trial: 34. Best value: 2.94494:   8%|▊         | 41/500 [04:47<45:34,  5.96s/it]Best trial: 34. Best value: 2.94494:   8%|▊         | 42/500 [04:47<47:15,  6.19s/it]                                                                                     Best trial: 34. Best value: 2.94494:   8%|▊         | 42/500 [04:52<47:15,  6.19s/it]Best trial: 34. Best value: 2.94494:   8%|▊         | 42/500 [04:53<47:15,  6.19s/it]Best trial: 34. Best value: 2.94494:   9%|▊         | 43/500 [04:53<44:36,  5.86s/it]                                                                                     Best trial: 34. Best value: 2.94494:   9%|▊         | 43/500 [04:59<44:36,  5.86s/it]Best trial: 34. Best value: 2.94494:   9%|▊         | 43/500 [04:59<44:36,  5.86s/it]Best trial: 34. Best value: 2.94494:   9%|▉         | 44/500 [04:59<46:32,  6.12s/it]                                                                                     
