[I 2026-05-03 19:55:26,416] Trial 256 finished with value: 2.4889663944257006 and parameters: {'rho_global_scale': 0.7373570922011188, 'rho_slope_scale': 0.5232508703316592, 'f_n': 1.2103962093709616e-07, 'K_d': 436950.10817494465, 'fission_rate': 6.381076032040819e+19, 'Dg_D1_scale': 2.9717996768650816, 'Dg_D3_scale': 3.9980238960625556, 'Dv_D1_scale': 0.2561249160673544, 'Dv_D2_scale': 2.4496671919198905, 'b_bulk_scale': 0.0359615813712259, 'b_dislocation_scale': 0.4507997638762153, 'gb_scale': 0.635620022623302, 'gd_bubble_scale': 4.4336289488407985, 'gd_line_scale': 1.3232052051434242, 'gd_line_alpha': 0.7282444151241352, 'coalescence_d_scale': 0.6051726783417893, 'capture_scale': 0.9025725122588037}. Best is trial 214 with value: 2.373531962961344.
[I 2026-05-03 19:55:33,288] Trial 257 finished with value: 2.4392067539018214 and parameters: {'rho_global_scale': 0.7330273925900352, 'rho_slope_scale': 0.5220127286561913, 'f_n': 1.022071157503909e-07, 'K_d': 432615.9362703058, 'fission_rate': 6.394091133251119e+19, 'Dg_D1_scale': 3.0264796585876717, 'Dg_D3_scale': 3.9455319968282834, 'Dv_D1_scale': 0.26205486688005586, 'Dv_D2_scale': 2.105879581041193, 'b_bulk_scale': 0.037017380286107515, 'b_dislocation_scale': 0.4219062249443657, 'gb_scale': 0.651263928226106, 'gd_bubble_scale': 5.155561661557536, 'gd_line_scale': 1.2824248946283787, 'gd_line_alpha': 0.7273181171362407, 'coalescence_d_scale': 0.47082150060873545, 'capture_scale': 0.9153843720111093}. Best is trial 214 with value: 2.373531962961344.
[I 2026-05-03 19:55:40,090] Trial 258 finished with value: 2.444451226788273 and parameters: {'rho_global_scale': 0.7300761252373981, 'rho_slope_scale': 0.5201299815830851, 'f_n': 1.0038717164733069e-07, 'K_d': 448687.95686177403, 'fission_rate': 6.352426704756826e+19, 'Dg_D1_scale': 2.8896274718045953, 'Dg_D3_scale': 3.9732813767367703, 'Dv_D1_scale': 0.26462717063233876, 'Dv_D2_scale': 2.15829908885529, 'b_bulk_scale': 0.03729270188911991, 'b_dislocation_scale': 0.4217785144390745, 'gb_scale': 0.6473958759714017, 'gd_bubble_scale': 4.762296893879762, 'gd_line_scale': 1.2774050837922781, 'gd_line_alpha': 0.7035634327925948, 'coalescence_d_scale': 0.499191956734325, 'capture_scale': 0.9170338640769992}. Best is trial 214 with value: 2.373531962961344.
[I 2026-05-03 19:55:45,449] Trial 259 finished with value: 2.448592417296985 and parameters: {'rho_global_scale': 0.7341551239214644, 'rho_slope_scale': 0.5000684961209302, 'f_n': 7.546031398675145e-08, 'K_d': 442683.9053840164, 'fission_rate': 6.388857581573976e+19, 'Dg_D1_scale': 2.904314697084864, 'Dg_D3_scale': 3.977929718949927, 'Dv_D1_scale': 0.27515374279597987, 'Dv_D2_scale': 2.1435983134416245, 'b_bulk_scale': 0.043430930812392333, 'b_dislocation_scale': 0.37995834671505174, 'gb_scale': 0.620098462380953, 'gd_bubble_scale': 4.169646683345971, 'gd_line_scale': 1.0472062289761948, 'gd_line_alpha': 0.712192297116725, 'coalescence_d_scale': 0.4821633646398856, 'capture_scale': 0.8970786270174409}. Best is trial 214 with value: 2.373531962961344.
[I 2026-05-03 19:55:52,720] Trial 260 finished with value: 2.462659905737426 and parameters: {'rho_global_scale': 0.72834666876746, 'rho_slope_scale': 0.5202667142891269, 'f_n': 4.3526082274720414e-08, 'K_d': 438063.6047404548, 'fission_rate': 6.3625102441309176e+19, 'Dg_D1_scale': 2.7489222368354462, 'Dg_D3_scale': 3.9798442706197674, 'Dv_D1_scale': 0.28344890188438876, 'Dv_D2_scale': 1.8767689404973082, 'b_bulk_scale': 0.04274802234141629, 'b_dislocation_scale': 0.40589212293223914, 'gb_scale': 0.6890775717759052, 'gd_bubble_scale': 4.665813229471235, 'gd_line_scale': 1.0586540474690584, 'gd_line_alpha': 0.7171468149393564, 'coalescence_d_scale': 0.46493891226853196, 'capture_scale': 0.9773385385788699}. Best is trial 214 with value: 2.373531962961344.
[I 2026-05-03 19:56:00,127] Trial 261 finished with value: 2.4909396505404504 and parameters: {'rho_global_scale': 0.7314492102197064, 'rho_slope_scale': 0.5388899848365956, 'f_n': 5.766099348448683e-08, 'K_d': 450023.7057921578, 'fission_rate': 6.355110566140046e+19, 'Dg_D1_scale': 2.766045792629, 'Dg_D3_scale': 3.999124181888121, 'Dv_D1_scale': 0.3026167541022047, 'Dv_D2_scale': 2.0112341938036997, 'b_bulk_scale': 0.04468725893065643, 'b_dislocation_scale': 0.36060470349132273, 'gb_scale': 0.7195492700944086, 'gd_bubble_scale': 4.471218628226933, 'gd_line_scale': 1.033189944833795, 'gd_line_alpha': 0.6720064965227565, 'coalescence_d_scale': 0.46950145089241535, 'capture_scale': 1.1608291000169229}. Best is trial 214 with value: 2.373531962961344.
[I 2026-05-03 19:56:07,653] Trial 262 finished with value: 2.515808255537104 and parameters: {'rho_global_scale': 0.7283347249827801, 'rho_slope_scale': 0.5436883114758778, 'f_n': 6.271417837013409e-08, 'K_d': 450213.5157287246, 'fission_rate': 6.3411664349395526e+19, 'Dg_D1_scale': 2.6170689781583985, 'Dg_D3_scale': 3.9811076238962593, 'Dv_D1_scale': 0.3064957811514613, 'Dv_D2_scale': 1.8336765677429088, 'b_bulk_scale': 0.04532440637295555, 'b_dislocation_scale': 0.36532828986479726, 'gb_scale': 0.6674755320145559, 'gd_bubble_scale': 5.015554707327022, 'gd_line_scale': 1.0098723215736418, 'gd_line_alpha': 0.6834237528799699, 'coalescence_d_scale': 0.45872544386056546, 'capture_scale': 1.4071392961399938}. Best is trial 214 with value: 2.373531962961344.
[I 2026-05-03 19:56:13,574] Trial 263 finished with value: 2.67725758009532 and parameters: {'rho_global_scale': 0.7018856450446007, 'rho_slope_scale': 0.5407065244379891, 'f_n': 3.7939131659052e-08, 'K_d': 438481.28733794193, 'fission_rate': 6.178900634570614e+19, 'Dg_D1_scale': 2.773950777824853, 'Dg_D3_scale': 3.9891535809370104, 'Dv_D1_scale': 0.3106187517395559, 'Dv_D2_scale': 2.0606079699880397, 'b_bulk_scale': 0.04432568277588818, 'b_dislocation_scale': 0.3288076475512452, 'gb_scale': 0.7296564298565252, 'gd_bubble_scale': 4.361125777544618, 'gd_line_scale': 1.1186048225670568, 'gd_line_alpha': 0.7054451137659161, 'coalescence_d_scale': 0.5009975079691298, 'capture_scale': 1.1981388749992299}. Best is trial 214 with value: 2.373531962961344.
[I 2026-05-03 19:56:20,970] Trial 264 finished with value: 2.5025483552402816 and parameters: {'rho_global_scale': 0.7301837342283117, 'rho_slope_scale': 0.5259052974178962, 'f_n': 7.82253278544721e-08, 'K_d': 453155.2940853276, 'fission_rate': 6.347191720922291e+19, 'Dg_D1_scale': 2.9060883207790416, 'Dg_D3_scale': 3.7628348667159113, 'Dv_D1_scale': 0.2850749672471736, 'Dv_D2_scale': 1.8909088656048822, 'b_bulk_scale': 0.05183882281506541, 'b_dislocation_scale': 0.3961920775058963, 'gb_scale': 0.6449609469361811, 'gd_bubble_scale': 3.750490016011761, 'gd_line_scale': 0.9979679017910801, 'gd_line_alpha': 0.6646995918809642, 'coalescence_d_scale': 0.5126294945792789, 'capture_scale': 0.997676416639738}. Best is trial 214 with value: 2.373531962961344.Best trial: 214. Best value: 2.37353:  53%|█████▎    | 264/500 [29:16<26:11,  6.66s/it]Best trial: 214. Best value: 2.37353:  53%|█████▎    | 264/500 [29:16<26:11,  6.66s/it]Best trial: 214. Best value: 2.37353:  53%|█████▎    | 265/500 [29:16<26:56,  6.88s/it]                                                                                       Best trial: 214. Best value: 2.37353:  53%|█████▎    | 265/500 [29:23<26:56,  6.88s/it]Best trial: 214. Best value: 2.37353:  53%|█████▎    | 265/500 [29:23<26:56,  6.88s/it]Best trial: 214. Best value: 2.37353:  53%|█████▎    | 266/500 [29:23<26:56,  6.91s/it]                                                                                       Best trial: 214. Best value: 2.37353:  53%|█████▎    | 266/500 [29:30<26:56,  6.91s/it]Best trial: 214. Best value: 2.37353:  53%|█████▎    | 266/500 [29:30<26:56,  6.91s/it]Best trial: 214. Best value: 2.37353:  53%|█████▎    | 267/500 [29:30<27:19,  7.04s/it]                                                                                       Best trial: 214. Best value: 2.37353:  53%|█████▎    | 267/500 [29:38<27:19,  7.04s/it]Best trial: 214. Best value: 2.37353:  53%|█████▎    | 267/500 [29:38<27:19,  7.04s/it]Best trial: 214. Best value: 2.37353:  54%|█████▎    | 268/500 [29:38<27:42,  7.17s/it]                                                                                       Best trial: 214. Best value: 2.37353:  54%|█████▎    | 268/500 [29:42<27:42,  7.17s/it]Best trial: 214. Best value: 2.37353:  54%|█████▎    | 268/500 [29:42<27:42,  7.17s/it]Best trial: 214. Best value: 2.37353:  54%|█████▍    | 269/500 [29:42<24:52,  6.46s/it]                                                                                       Best trial: 214. Best value: 2.37353:  54%|█████▍    | 269/500 [29:50<24:52,  6.46s/it]Best trial: 214. Best value: 2.37353:  54%|█████▍    | 269/500 [29:50<24:52,  6.46s/it]Best trial: 214. Best value: 2.37353:  54%|█████▍    | 270/500 [29:50<26:14,  6.84s/it]                                                                                       Best trial: 214. Best value: 2.37353:  54%|█████▍    | 270/500 [29:57<26:14,  6.84s/it]Best trial: 214. Best value: 2.37353:  54%|█████▍    | 270/500 [29:57<26:14,  6.84s/it]Best trial: 214. Best value: 2.37353:  54%|█████▍    | 271/500 [29:57<26:03,  6.83s/it]                                                                                       Best trial: 214. Best value: 2.37353:  54%|█████▍    | 271/500 [30:04<26:03,  6.83s/it]Best trial: 214. Best value: 2.37353:  54%|█████▍    | 271/500 [30:04<26:03,  6.83s/it]Best trial: 214. Best value: 2.37353:  54%|█████▍    | 272/500 [30:04<26:36,  7.00s/it]                                                                                       Best trial: 214. Best value: 2.37353:  54%|█████▍    | 272/500 [30:09<26:36,  7.00s/it]Best trial: 214. Best value: 2.37353:  54%|█████▍    | 272/500 [30:09<26:36,  7.00s/it]Best trial: 214. Best value: 2.37353:  55%|█████▍    | 273/500 [30:09<24:18,  6.43s/it]                                                                                       Best trial: 214. Best value: 2.37353:  55%|█████▍    | 273/500 [30:16<24:18,  6.43s/it]Best trial: 214. Best value: 2.37353:  55%|█████▍    | 273/500 [30:16<24:18,  6.43s/it]Best trial: 214. Best value: 2.37353:  55%|█████▍    | 274/500 [30:16<24:43,  6.57s/it]                                                                                       Best trial: 214. Best value: 2.37353:  55%|█████▍    | 274/500 [30:23<24:43,  6.57s/it]Best trial: 214. Best value: 2.37353:  55%|█████▍    | 274/500 [30:23<24:43,  6.57s/it]Best trial: 214. Best value: 2.37353:  55%|█████▌    | 275/500 [30:23<25:16,  6.74s/it]                                                                                       
[I 2026-05-03 19:56:27,948] Trial 265 finished with value: 2.5177914469551195 and parameters: {'rho_global_scale': 0.7340424955523108, 'rho_slope_scale': 0.5630559997638908, 'f_n': 7.332715436224862e-08, 'K_d': 452513.18027271994, 'fission_rate': 6.360822360764319e+19, 'Dg_D1_scale': 2.847216773647714, 'Dg_D3_scale': 3.9905704648535436, 'Dv_D1_scale': 0.3296723825757479, 'Dv_D2_scale': 1.9125879034986295, 'b_bulk_scale': 0.05084122737805426, 'b_dislocation_scale': 0.38270604245754314, 'gb_scale': 0.6548796965474762, 'gd_bubble_scale': 3.701757359918306, 'gd_line_scale': 0.8978404743045892, 'gd_line_alpha': 0.6717713715077092, 'coalescence_d_scale': 0.4565828883446119, 'capture_scale': 0.9442313530544758}. Best is trial 214 with value: 2.373531962961344.
[I 2026-05-03 19:56:35,270] Trial 266 finished with value: 2.456101196133272 and parameters: {'rho_global_scale': 0.7222244302850521, 'rho_slope_scale': 0.5370494711435331, 'f_n': 4.969066857755747e-08, 'K_d': 416537.6692731962, 'fission_rate': 6.378191718039564e+19, 'Dg_D1_scale': 2.668108532911084, 'Dg_D3_scale': 3.7075947559338847, 'Dv_D1_scale': 0.2894226355468505, 'Dv_D2_scale': 1.7491927459077308, 'b_bulk_scale': 0.04419337264481381, 'b_dislocation_scale': 0.4023135095830752, 'gb_scale': 0.6108033887589737, 'gd_bubble_scale': 4.192849473337195, 'gd_line_scale': 1.0524267754626835, 'gd_line_alpha': 0.6599914570471279, 'coalescence_d_scale': 0.49433024456312574, 'capture_scale': 1.164347097902475}. Best is trial 214 with value: 2.373531962961344.
[I 2026-05-03 19:56:42,750] Trial 267 finished with value: 2.4604907556522186 and parameters: {'rho_global_scale': 0.7258544347726202, 'rho_slope_scale': 0.5405378458791621, 'f_n': 6.015748731688146e-08, 'K_d': 417685.5901430983, 'fission_rate': 6.262179539134569e+19, 'Dg_D1_scale': 2.451620266032831, 'Dg_D3_scale': 3.6645281011267232, 'Dv_D1_scale': 0.28644729233932076, 'Dv_D2_scale': 1.7541262065624268, 'b_bulk_scale': 0.051860910928408645, 'b_dislocation_scale': 0.4024071616673022, 'gb_scale': 0.6119895901656246, 'gd_bubble_scale': 4.186703953941598, 'gd_line_scale': 0.9939253743544606, 'gd_line_alpha': 0.6672726030356423, 'coalescence_d_scale': 0.4948807422581187, 'capture_scale': 1.0807883417491833}. Best is trial 214 with value: 2.373531962961344.
[I 2026-05-03 19:56:47,575] Trial 268 finished with value: 2.6166713730140096 and parameters: {'rho_global_scale': 0.7155819639158417, 'rho_slope_scale': 0.5638651117395498, 'f_n': 4.713028068349264e-08, 'K_d': 418667.1875273111, 'fission_rate': 6.238863981509225e+19, 'Dg_D1_scale': 2.650248773520046, 'Dg_D3_scale': 3.6167855324022566, 'Dv_D1_scale': 0.2919289410444854, 'Dv_D2_scale': 2.003868601706488, 'b_bulk_scale': 0.049220868761555285, 'b_dislocation_scale': 0.4124727671278253, 'gb_scale': 0.8088772360746306, 'gd_bubble_scale': 4.654752146135933, 'gd_line_scale': 0.7046377286807698, 'gd_line_alpha': 0.6956369288391684, 'coalescence_d_scale': 0.47430914124576273, 'capture_scale': 1.533599276643268}. Best is trial 214 with value: 2.373531962961344.
[I 2026-05-03 19:56:55,310] Trial 269 finished with value: 2.5491429251588738 and parameters: {'rho_global_scale': 0.7243025968211133, 'rho_slope_scale': 0.542829664049382, 'f_n': 3.511692734669485e-08, 'K_d': 409661.77946387156, 'fission_rate': 6.279517395907445e+19, 'Dg_D1_scale': 2.5890022520794895, 'Dg_D3_scale': 3.6184396891878228, 'Dv_D1_scale': 0.2947684786205213, 'Dv_D2_scale': 1.807964246857303, 'b_bulk_scale': 0.05975477663860647, 'b_dislocation_scale': 0.3461077057129034, 'gb_scale': 0.705164774806073, 'gd_bubble_scale': 4.245695389987245, 'gd_line_scale': 0.8702376432040461, 'gd_line_alpha': 0.6443302746027456, 'coalescence_d_scale': 0.4470638706554411, 'capture_scale': 1.165872401955637}. Best is trial 214 with value: 2.373531962961344.
[I 2026-05-03 19:57:02,094] Trial 270 finished with value: 2.4967339536589472 and parameters: {'rho_global_scale': 0.7426876877618022, 'rho_slope_scale': 0.5668401506949156, 'f_n': 5.355327232296775e-08, 'K_d': 438340.7159544479, 'fission_rate': 6.417868762421303e+19, 'Dg_D1_scale': 2.4808804585555713, 'Dg_D3_scale': 3.3705597419993043, 'Dv_D1_scale': 0.2741524228475608, 'Dv_D2_scale': 2.1072050244270306, 'b_bulk_scale': 0.0443260832585059, 'b_dislocation_scale': 0.43735427695643114, 'gb_scale': 0.5983712465894166, 'gd_bubble_scale': 3.3172492579892627, 'gd_line_scale': 1.096900957091295, 'gd_line_alpha': 0.7059522613711368, 'coalescence_d_scale': 0.5226117452815815, 'capture_scale': 1.3057048614491493}. Best is trial 214 with value: 2.373531962961344.
[I 2026-05-03 19:57:09,511] Trial 271 finished with value: 2.5220430151312403 and parameters: {'rho_global_scale': 0.7121719470098706, 'rho_slope_scale': 0.5708801233815046, 'f_n': 2.4588969270798276e-08, 'K_d': 427909.7540360039, 'fission_rate': 6.399336683690967e+19, 'Dg_D1_scale': 2.3883587547945417, 'Dg_D3_scale': 3.3769787401140094, 'Dv_D1_scale': 0.28414703958853, 'Dv_D2_scale': 1.6569104567524742, 'b_bulk_scale': 0.045476031222922216, 'b_dislocation_scale': 0.3814040742124185, 'gb_scale': 0.6188737080698844, 'gd_bubble_scale': 2.978626868392505, 'gd_line_scale': 1.0786021883428896, 'gd_line_alpha': 0.7109441348130592, 'coalescence_d_scale': 0.49620505479998944, 'capture_scale': 1.25740290052312}. Best is trial 214 with value: 2.373531962961344.
[I 2026-05-03 19:57:14,587] Trial 272 finished with value: 2.479422974704787 and parameters: {'rho_global_scale': 0.7393917572572741, 'rho_slope_scale': 0.5254859305365805, 'f_n': 4.6337456061262816e-08, 'K_d': 437285.63012385846, 'fission_rate': 6.4208154288764264e+19, 'Dg_D1_scale': 2.4510193850194635, 'Dg_D3_scale': 3.9910776442008697, 'Dv_D1_scale': 0.32087307272914395, 'Dv_D2_scale': 2.0895139520927977, 'b_bulk_scale': 0.04416636361880244, 'b_dislocation_scale': 0.44923640984647073, 'gb_scale': 0.5816456140766781, 'gd_bubble_scale': 4.031123870997472, 'gd_line_scale': 1.0141957141913331, 'gd_line_alpha': 0.6773336210997923, 'coalescence_d_scale': 0.3653794703274629, 'capture_scale': 1.5900309796704097}. Best is trial 214 with value: 2.373531962961344.
[I 2026-05-03 19:57:21,485] Trial 273 finished with value: 2.553687546401696 and parameters: {'rho_global_scale': 0.7407140980306562, 'rho_slope_scale': 0.5261816728628534, 'f_n': 5.885252753070195e-08, 'K_d': 436426.83164745354, 'fission_rate': 6.399402441337122e+19, 'Dg_D1_scale': 2.474447740851027, 'Dg_D3_scale': 3.991197095204837, 'Dv_D1_scale': 0.3100747174075003, 'Dv_D2_scale': 1.7686030626615448, 'b_bulk_scale': 0.05272424399095824, 'b_dislocation_scale': 0.4340371964059845, 'gb_scale': 0.5894532247890011, 'gd_bubble_scale': 3.315200238774247, 'gd_line_scale': 0.9685634898271652, 'gd_line_alpha': 0.6802981499483665, 'coalescence_d_scale': 0.41201750458323094, 'capture_scale': 1.6707063558983153}. Best is trial 214 with value: 2.373531962961344.
[I 2026-05-03 19:57:28,620] Trial 274 finished with value: 2.482149555821667 and parameters: {'rho_global_scale': 0.735945396235742, 'rho_slope_scale': 0.5246320240130186, 'f_n': 4.656297183699172e-08, 'K_d': 442377.3343462207, 'fission_rate': 6.184474220285019e+19, 'Dg_D1_scale': 2.7229992124723825, 'Dg_D3_scale': 3.699511791399915, 'Dv_D1_scale': 0.3183594779621695, 'Dv_D2_scale': 2.055104517246527, 'b_bulk_scale': 0.045388206017686804, 'b_dislocation_scale': 0.43976302407885065, 'gb_scale': 0.5804942768309541, 'gd_bubble_scale': 4.406913461975298, 'gd_line_scale': 0.8178040629980379, 'gd_line_alpha': 0.655136965441248, 'coalescence_d_scale': 0.3843158588266863, 'capture_scale': 1.4133807324326455}. Best is trial 214 with value: 2.373531962961344.
