[I 2026-05-03 20:06:06,553] Trial 348 finished with value: 2.5145192707091857 and parameters: {'rho_global_scale': 0.7528063735042755, 'rho_slope_scale': 0.5961112091189993, 'f_n': 2.1564487692734282e-08, 'K_d': 425878.9708665198, 'fission_rate': 6.273266224844211e+19, 'Dg_D1_scale': 2.212567341644884, 'Dg_D3_scale': 3.7786803684844807, 'Dv_D1_scale': 0.29491212031303327, 'Dv_D2_scale': 0.7510858691880118, 'b_bulk_scale': 0.047384213612771287, 'b_dislocation_scale': 0.46989639986010345, 'gb_scale': 0.6237491810595496, 'gd_bubble_scale': 4.454869973974676, 'gd_line_scale': 0.676730480863371, 'gd_line_alpha': 0.616772118090435, 'coalescence_d_scale': 0.51173531728256, 'capture_scale': 0.9090308787626818}. Best is trial 214 with value: 2.373531962961344.
[I 2026-05-03 20:06:14,488] Trial 349 finished with value: 2.5607564539197214 and parameters: {'rho_global_scale': 0.712352052894249, 'rho_slope_scale': 0.5415451716466468, 'f_n': 1.5288139437885103e-08, 'K_d': 398494.52662511496, 'fission_rate': 6.070355728167735e+19, 'Dg_D1_scale': 1.9442810258094505, 'Dg_D3_scale': 3.9938107717439237, 'Dv_D1_scale': 0.2639449778613591, 'Dv_D2_scale': 2.1006944931108107, 'b_bulk_scale': 0.037894485345424535, 'b_dislocation_scale': 0.3659811904657657, 'gb_scale': 0.7106280430471642, 'gd_bubble_scale': 5.001382716250729, 'gd_line_scale': 0.8873234887944275, 'gd_line_alpha': 0.6607475008950361, 'coalescence_d_scale': 0.5809271028040011, 'capture_scale': 0.6393929760988958}. Best is trial 214 with value: 2.373531962961344.
[I 2026-05-03 20:06:20,769] Trial 350 finished with value: 4.1000654508078656 and parameters: {'rho_global_scale': 1.318403984625884, 'rho_slope_scale': 0.5757480505805835, 'f_n': 2.777816954531605e-08, 'K_d': 466472.92590323294, 'fission_rate': 6.163233956255028e+19, 'Dg_D1_scale': 1.6513476316844447, 'Dg_D3_scale': 2.9371460663460702, 'Dv_D1_scale': 0.27349413389620003, 'Dv_D2_scale': 1.8753447327996582, 'b_bulk_scale': 3.3386499046327045, 'b_dislocation_scale': 0.4176110221492178, 'gb_scale': 0.5601199190768964, 'gd_bubble_scale': 5.833324810973033, 'gd_line_scale': 0.6350732128140597, 'gd_line_alpha': 0.6813066052942028, 'coalescence_d_scale': 0.6829752604605656, 'capture_scale': 1.0269804516216527}. Best is trial 214 with value: 2.373531962961344.
[I 2026-05-03 20:06:28,125] Trial 351 finished with value: 2.6842361065485187 and parameters: {'rho_global_scale': 0.7234785158142841, 'rho_slope_scale': 0.5202673084894422, 'f_n': 3.4823976205677096e-08, 'K_d': 409275.1529803777, 'fission_rate': 5.809878384188439e+19, 'Dg_D1_scale': 0.9939933380224468, 'Dg_D3_scale': 3.1676581574105245, 'Dv_D1_scale': 0.2679005198210185, 'Dv_D2_scale': 1.5421331567308778, 'b_bulk_scale': 0.05892127493697228, 'b_dislocation_scale': 0.5048809233676944, 'gb_scale': 0.46084330742466895, 'gd_bubble_scale': 3.5876471823413016, 'gd_line_scale': 0.8031179032903965, 'gd_line_alpha': 0.7101130269708072, 'coalescence_d_scale': 0.47846374295861127, 'capture_scale': 0.7789683953674293}. Best is trial 214 with value: 2.373531962961344.
[I 2026-05-03 20:06:36,386] Trial 352 finished with value: 4.125321845910683 and parameters: {'rho_global_scale': 0.7322789507140911, 'rho_slope_scale': 1.0036272030490208, 'f_n': 1.7824909167681663e-08, 'K_d': 419318.33788683306, 'fission_rate': 5.961922810743339e+19, 'Dg_D1_scale': 2.258303035446787, 'Dg_D3_scale': 3.4423691147909015, 'Dv_D1_scale': 0.44724297034177046, 'Dv_D2_scale': 2.2502785350624612, 'b_bulk_scale': 0.5804967073952783, 'b_dislocation_scale': 0.3990136023581655, 'gb_scale': 0.6269144048379304, 'gd_bubble_scale': 4.109090676109356, 'gd_line_scale': 1.1344243407424075, 'gd_line_alpha': 0.7279693557194273, 'coalescence_d_scale': 0.5365971789350048, 'capture_scale': 1.1243761961682042}. Best is trial 214 with value: 2.373531962961344.Best trial: 214. Best value: 2.37353:  70%|███████   | 352/500 [39:31<17:38,  7.15s/it]Best trial: 214. Best value: 2.37353:  70%|███████   | 352/500 [39:31<17:38,  7.15s/it]Best trial: 214. Best value: 2.37353:  71%|███████   | 353/500 [39:31<18:19,  7.48s/it]                                                                                       Best trial: 214. Best value: 2.37353:  71%|███████   | 353/500 [39:36<18:19,  7.48s/it]Best trial: 214. Best value: 2.37353:  71%|███████   | 353/500 [39:36<18:19,  7.48s/it]Best trial: 214. Best value: 2.37353:  71%|███████   | 354/500 [39:36<16:26,  6.75s/it]                                                                                       Best trial: 214. Best value: 2.37353:  71%|███████   | 354/500 [39:44<16:26,  6.75s/it]Best trial: 214. Best value: 2.37353:  71%|███████   | 354/500 [39:44<16:26,  6.75s/it]Best trial: 214. Best value: 2.37353:  71%|███████   | 355/500 [39:44<17:11,  7.11s/it]                                                                                       Best trial: 214. Best value: 2.37353:  71%|███████   | 355/500 [39:49<17:11,  7.11s/it]Best trial: 214. Best value: 2.37353:  71%|███████   | 355/500 [39:49<17:11,  7.11s/it]Best trial: 214. Best value: 2.37353:  71%|███████   | 356/500 [39:49<15:04,  6.28s/it]                                                                                       Best trial: 214. Best value: 2.37353:  71%|███████   | 356/500 [39:56<15:04,  6.28s/it]Best trial: 214. Best value: 2.37353:  71%|███████   | 356/500 [39:56<15:04,  6.28s/it]Best trial: 214. Best value: 2.37353:  71%|███████▏  | 357/500 [39:56<15:58,  6.70s/it]                                                                                       Best trial: 214. Best value: 2.37353:  71%|███████▏  | 357/500 [40:04<15:58,  6.70s/it]Best trial: 214. Best value: 2.37353:  71%|███████▏  | 357/500 [40:04<15:58,  6.70s/it]Best trial: 214. Best value: 2.37353:  72%|███████▏  | 358/500 [40:04<16:40,  7.04s/it]                                                                                       Best trial: 214. Best value: 2.37353:  72%|███████▏  | 358/500 [40:12<16:40,  7.04s/it]Best trial: 214. Best value: 2.37353:  72%|███████▏  | 358/500 [40:12<16:40,  7.04s/it]Best trial: 214. Best value: 2.37353:  72%|███████▏  | 359/500 [40:12<17:19,  7.37s/it]                                                                                       Best trial: 214. Best value: 2.37353:  72%|███████▏  | 359/500 [40:18<17:19,  7.37s/it]Best trial: 214. Best value: 2.37353:  72%|███████▏  | 359/500 [40:19<17:19,  7.37s/it]Best trial: 214. Best value: 2.37353:  72%|███████▏  | 360/500 [40:19<16:24,  7.03s/it]                                                                                       Best trial: 214. Best value: 2.37353:  72%|███████▏  | 360/500 [40:26<16:24,  7.03s/it]Best trial: 214. Best value: 2.37353:  72%|███████▏  | 360/500 [40:26<16:24,  7.03s/it]Best trial: 214. Best value: 2.37353:  72%|███████▏  | 361/500 [40:26<16:23,  7.07s/it]                                                                                       Best trial: 214. Best value: 2.37353:  72%|███████▏  | 361/500 [40:32<16:23,  7.07s/it]Best trial: 214. Best value: 2.37353:  72%|███████▏  | 361/500 [40:32<16:23,  7.07s/it]Best trial: 214. Best value: 2.37353:  72%|███████▏  | 362/500 [40:32<16:03,  6.98s/it]                                                                                       Best trial: 214. Best value: 2.37353:  72%|███████▏  | 362/500 [40:41<16:03,  6.98s/it]Best trial: 214. Best value: 2.37353:  72%|███████▏  | 362/500 [40:41<16:03,  6.98s/it]Best trial: 214. Best value: 2.37353:  73%|███████▎  | 363/500 [40:41<16:53,  7.40s/it]                                                                                       
[I 2026-05-03 20:06:41,453] Trial 353 finished with value: 4.016927109751236 and parameters: {'rho_global_scale': 0.7018225030354162, 'rho_slope_scale': 0.5437441720184538, 'f_n': 2.458306608476456e-08, 'K_d': 430126.2150111703, 'fission_rate': 6.2703304658261836e+19, 'Dg_D1_scale': 2.3519816589461713, 'Dg_D3_scale': 3.729854996190072, 'Dv_D1_scale': 0.2569538411429878, 'Dv_D2_scale': 2.0888573682174676, 'b_bulk_scale': 0.06598738652533835, 'b_dislocation_scale': 0.32701929144531344, 'gb_scale': 0.5216303202218533, 'gd_bubble_scale': 2.0831122524558285, 'gd_line_scale': 0.06659625446140732, 'gd_line_alpha': 0.6402328918510648, 'coalescence_d_scale': 0.46058315139431966, 'capture_scale': 0.8826436939012887}. Best is trial 214 with value: 2.373531962961344.
[I 2026-05-03 20:06:49,402] Trial 354 finished with value: 3.1198912438759834 and parameters: {'rho_global_scale': 0.7456531572572779, 'rho_slope_scale': 0.5191330065509535, 'f_n': 9.275643911892642e-09, 'K_d': 473407.4777443546, 'fission_rate': 6.071966952946245e+19, 'Dg_D1_scale': 3.058760266121943, 'Dg_D3_scale': 3.5644273492662046, 'Dv_D1_scale': 0.2982543541954681, 'Dv_D2_scale': 1.9664658807955588, 'b_bulk_scale': 0.04254584947759739, 'b_dislocation_scale': 0.4626669481677393, 'gb_scale': 0.7460305656918192, 'gd_bubble_scale': 6.371425326206073, 'gd_line_scale': 1.299794262303871, 'gd_line_alpha': 0.6885061711500654, 'coalescence_d_scale': 0.626300800995641, 'capture_scale': 1.2985661538309765}. Best is trial 214 with value: 2.373531962961344.
[I 2026-05-03 20:06:53,755] Trial 355 finished with value: 2.7147163999716373 and parameters: {'rho_global_scale': 0.760467795613795, 'rho_slope_scale': 1.962710771452774, 'f_n': 4.104587684880414e-08, 'K_d': 451741.44720576477, 'fission_rate': 6.34079596906145e+19, 'Dg_D1_scale': 0.3995875275539696, 'Dg_D3_scale': 3.9993704604940743, 'Dv_D1_scale': 0.3576498604877312, 'Dv_D2_scale': 1.7993808521530692, 'b_bulk_scale': 0.03777945966108367, 'b_dislocation_scale': 0.5150414655869447, 'gb_scale': 0.8715876009507775, 'gd_bubble_scale': 4.820189899352439, 'gd_line_scale': 0.9496093532970654, 'gd_line_alpha': 0.7620824568091857, 'coalescence_d_scale': 0.5780453457941623, 'capture_scale': 0.7326723513360653}. Best is trial 214 with value: 2.373531962961344.
[I 2026-05-03 20:07:01,410] Trial 356 finished with value: 2.4448711507894494 and parameters: {'rho_global_scale': 0.7213229580032341, 'rho_slope_scale': 0.5596275902589238, 'f_n': 3.0489387895300475e-08, 'K_d': 401444.10940401576, 'fission_rate': 6.233495118642627e+19, 'Dg_D1_scale': 2.0609862031092767, 'Dg_D3_scale': 3.7592707075796707, 'Dv_D1_scale': 0.4117786591404847, 'Dv_D2_scale': 2.3517964638266546, 'b_bulk_scale': 0.05141408498900668, 'b_dislocation_scale': 0.372580937648506, 'gb_scale': 0.6637596927064362, 'gd_bubble_scale': 5.481109041319082, 'gd_line_scale': 0.5696399370030478, 'gd_line_alpha': 0.6638511920623447, 'coalescence_d_scale': 0.6799527956729705, 'capture_scale': 0.9676004505379415}. Best is trial 214 with value: 2.373531962961344.
[I 2026-05-03 20:07:09,270] Trial 357 finished with value: 2.4818422532115387 and parameters: {'rho_global_scale': 0.7166224388733855, 'rho_slope_scale': 0.5919207442138312, 'f_n': 3.289609872962857e-08, 'K_d': 484318.4822088101, 'fission_rate': 6.20488560967879e+19, 'Dg_D1_scale': 2.0990072686688204, 'Dg_D3_scale': 3.33410487615647, 'Dv_D1_scale': 0.3723676660123822, 'Dv_D2_scale': 2.358876536143368, 'b_bulk_scale': 0.05454318217068005, 'b_dislocation_scale': 0.3512490218169292, 'gb_scale': 0.6633433806181074, 'gd_bubble_scale': 5.198342726637073, 'gd_line_scale': 0.5311334784490831, 'gd_line_alpha': 0.6607411347376703, 'coalescence_d_scale': 0.5136883966465086, 'capture_scale': 1.0216521711050148}. Best is trial 214 with value: 2.373531962961344.
[I 2026-05-03 20:07:17,405] Trial 358 finished with value: 4.3509514307289505 and parameters: {'rho_global_scale': 0.7233992772786852, 'rho_slope_scale': 1.4000209920957818, 'f_n': 2.175612428015734e-08, 'K_d': 383451.6617448896, 'fission_rate': 6.1165802155488264e+19, 'Dg_D1_scale': 2.0121303506506623, 'Dg_D3_scale': 3.7434663758039237, 'Dv_D1_scale': 0.3915572980163832, 'Dv_D2_scale': 2.214378544308233, 'b_bulk_scale': 0.04995299129963137, 'b_dislocation_scale': 0.030584677933814957, 'gb_scale': 0.5915324103256819, 'gd_bubble_scale': 3.1428069460676844, 'gd_line_scale': 0.4504767702415108, 'gd_line_alpha': 0.6703336684500711, 'coalescence_d_scale': 0.6492346633133609, 'capture_scale': 1.165467624486495}. Best is trial 214 with value: 2.373531962961344.
[I 2026-05-03 20:07:23,652] Trial 359 finished with value: 3.231993397425489 and parameters: {'rho_global_scale': 1.3736150951728603, 'rho_slope_scale': 0.5013345372161806, 'f_n': 2.793533513870801e-08, 'K_d': 398439.5631487416, 'fission_rate': 5.9730265724140585e+19, 'Dg_D1_scale': 2.16443705884174, 'Dg_D3_scale': 3.5027805184535903, 'Dv_D1_scale': 0.42168387940951185, 'Dv_D2_scale': 2.0314486161241225, 'b_bulk_scale': 0.060804437556758545, 'b_dislocation_scale': 0.2813879331951931, 'gb_scale': 0.7230223963726139, 'gd_bubble_scale': 1.5805730229529291, 'gd_line_scale': 0.6623081617498288, 'gd_line_alpha': 0.6441716266106834, 'coalescence_d_scale': 0.5554449667209356, 'capture_scale': 0.9400541363356086}. Best is trial 214 with value: 2.373531962961344.
[I 2026-05-03 20:07:30,817] Trial 360 finished with value: 2.8738564426332687 and parameters: {'rho_global_scale': 0.7135451400334444, 'rho_slope_scale': 4.126542173518678, 'f_n': 3.8729906005580154e-08, 'K_d': 442195.8787938117, 'fission_rate': 6.211825866534575e+19, 'Dg_D1_scale': 1.906493214631936, 'Dg_D3_scale': 3.132698477322018, 'Dv_D1_scale': 0.4070341471465199, 'Dv_D2_scale': 1.9056529461175706, 'b_bulk_scale': 0.045277963824924966, 'b_dislocation_scale': 0.3931036105070344, 'gb_scale': 1.0036862746064952, 'gd_bubble_scale': 4.301919796016742, 'gd_line_scale': 0.5850477493868794, 'gd_line_alpha': 0.6993368874220751, 'coalescence_d_scale': 0.4384818533088773, 'capture_scale': 0.8483739399117364}. Best is trial 214 with value: 2.373531962961344.
[I 2026-05-03 20:07:37,584] Trial 361 finished with value: 2.7658434923238047 and parameters: {'rho_global_scale': 0.7470492853679689, 'rho_slope_scale': 0.5632617826366355, 'f_n': 5.47397908465992e-08, 'K_d': 367338.4380092971, 'fission_rate': 6.12667610629958e+19, 'Dg_D1_scale': 1.8363592329449638, 'Dg_D3_scale': 3.760314932813339, 'Dv_D1_scale': 0.43875656267996616, 'Dv_D2_scale': 2.1199699231749745, 'b_bulk_scale': 0.05224083143466976, 'b_dislocation_scale': 0.3359953881564033, 'gb_scale': 0.7938457406129802, 'gd_bubble_scale': 3.9648025202614647, 'gd_line_scale': 0.49760094846210234, 'gd_line_alpha': 0.6828562327956814, 'coalescence_d_scale': 0.4982712338986597, 'capture_scale': 1.3875203305989894}. Best is trial 214 with value: 2.373531962961344.
[I 2026-05-03 20:07:45,964] Trial 362 finished with value: 2.7186701804622078 and parameters: {'rho_global_scale': 0.7303411622452659, 'rho_slope_scale': 0.5222235258593062, 'f_n': 8.557816660698875e-08, 'K_d': 401840.43775874184, 'fission_rate': 5.8831042722194506e+19, 'Dg_D1_scale': 2.6452239993219466, 'Dg_D3_scale': 3.375471142484213, 'Dv_D1_scale': 0.2797197943364207, 'Dv_D2_scale': 2.4156290639374216, 'b_bulk_scale': 0.07384921392237798, 'b_dislocation_scale': 0.36670266410504315, 'gb_scale': 0.6372131985731347, 'gd_bubble_scale': 5.373087649286948, 'gd_line_scale': 1.2891531133746121, 'gd_line_alpha': 0.7147651034393093, 'coalescence_d_scale': 0.6233574644881736, 'capture_scale': 1.06026074168239}. Best is trial 214 with value: 2.373531962961344.
[I 2026-05-03 20:07:51,906] Trial 363 finished with value: 2.6866424467608563 and parameters: {'rho_global_scale': 0.7090708350940086, 'rho_slope_scale': 0.5341510599767304, 'f_n': 3.278025645080714e-08, 'K_d': 388445.73756679305, 'fission_rate': 6.2703804019913064e+19, 'Dg_D1_scale': 2.3844691451066127, 'Dg_D3_scale': 3.7882652468183884, 'Dv_D1_scale': 0.34680147979951403, 'Dv_D2_scale': 1.7829787190703572, 'b_bulk_scale': 0.05609100541957831, 'b_dislocation_scale': 0.40446525981830167, 'gb_scale': 0.536560660600084, 'gd_bubble_scale': 4.636668162208588, 'gd_line_scale': 1.1200557208748199, 'gd_line_alpha': 0.6062315191898355, 'coalescence_d_scale': 0.6967219243164867, 'capture_scale': 0.9569904293763233}. Best is trial 214 with value: 2.373531962961344.Best trial: 214. Best value: 2.37353:  73%|███████▎  | 363/500 [40:47<16:53,  7.40s/it]Best trial: 214. Best value: 2.37353:  73%|███████▎  | 363/500 [40:47<16:53,  7.40s/it]Best trial: 214. Best value: 2.37353:  73%|███████▎  | 364/500 [40:47<15:46,  6.96s/it]                                                                                       Best trial: 214. Best value: 2.37353:  73%|███████▎  | 364/500 [40:53<15:46,  6.96s/it]Best trial: 214. Best value: 2.37353:  73%|███████▎  | 364/500 [40:53<15:46,  6.96s/it]Best trial: 214. Best value: 2.37353:  73%|███████▎  | 365/500 [40:53<15:00,  6.67s/it]                                                                                       Best trial: 214. Best value: 2.37353:  73%|███████▎  | 365/500 [40:59<15:00,  6.67s/it]Best trial: 214. Best value: 2.37353:  73%|███████▎  | 365/500 [40:59<15:00,  6.67s/it]Best trial: 214. Best value: 2.37353:  73%|███████▎  | 366/500 [40:59<14:56,  6.69s/it]                                                                                       Best trial: 214. Best value: 2.37353:  73%|███████▎  | 366/500 [41:09<14:56,  6.69s/it]Best trial: 214. Best value: 2.37353:  73%|███████▎  | 366/500 [41:09<14:56,  6.69s/it]Best trial: 214. Best value: 2.37353:  73%|███████▎  | 367/500 [41:09<16:44,  7.55s/it]                                                                                       Best trial: 214. Best value: 2.37353:  73%|███████▎  | 367/500 [41:17<16:44,  7.55s/it]Best trial: 214. Best value: 2.37353:  73%|███████▎  | 367/500 [41:17<16:44,  7.55s/it]Best trial: 214. Best value: 2.37353:  74%|███████▎  | 368/500 [41:17<17:01,  7.74s/it]                                                                                       Best trial: 214. Best value: 2.37353:  74%|███████▎  | 368/500 [41:23<17:01,  7.74s/it]Best trial: 214. Best value: 2.37353:  74%|███████▎  | 368/500 [41:23<17:01,  7.74s/it]Best trial: 214. Best value: 2.37353:  74%|███████▍  | 369/500 [41:23<15:46,  7.22s/it]                                                                                       Best trial: 214. Best value: 2.37353:  74%|███████▍  | 369/500 [41:29<15:46,  7.22s/it]Best trial: 214. Best value: 2.37353:  74%|███████▍  | 369/500 [41:29<15:46,  7.22s/it]Best trial: 214. Best value: 2.37353:  74%|███████▍  | 370/500 [41:29<14:36,  6.74s/it]                                                                                       Best trial: 214. Best value: 2.37353:  74%|███████▍  | 370/500 [41:36<14:36,  6.74s/it]Best trial: 214. Best value: 2.37353:  74%|███████▍  | 370/500 [41:37<14:36,  6.74s/it]Best trial: 214. Best value: 2.37353:  74%|███████▍  | 371/500 [41:37<15:06,  7.03s/it]                                                                                       Best trial: 214. Best value: 2.37353:  74%|███████▍  | 371/500 [41:44<15:06,  7.03s/it]Best trial: 214. Best value: 2.37353:  74%|███████▍  | 371/500 [41:44<15:06,  7.03s/it]Best trial: 214. Best value: 2.37353:  74%|███████▍  | 372/500 [41:44<15:24,  7.22s/it]                                                                                       Best trial: 214. Best value: 2.37353:  74%|███████▍  | 372/500 [41:49<15:24,  7.22s/it]Best trial: 214. Best value: 2.37353:  74%|███████▍  | 372/500 [41:49<15:24,  7.22s/it]Best trial: 214. Best value: 2.37353:  75%|███████▍  | 373/500 [41:49<13:45,  6.50s/it]                                                                                       Best trial: 214. Best value: 2.37353:  75%|███████▍  | 373/500 [41:55<13:45,  6.50s/it]Best trial: 214. Best value: 2.37353:  75%|███████▍  | 373/500 [41:55<13:45,  6.50s/it]Best trial: 214. Best value: 2.37353:  75%|███████▍  | 374/500 [41:55<13:30,  6.43s/it]                                                                                       
[I 2026-05-03 20:07:57,904] Trial 364 finished with value: 2.9824066296016896 and parameters: {'rho_global_scale': 0.701692235400626, 'rho_slope_scale': 0.5666362500094816, 'f_n': 4.748956060628077e-08, 'K_d': 416395.30788875313, 'fission_rate': 6.021306998364835e+19, 'Dg_D1_scale': 2.842882599129925, 'Dg_D3_scale': 3.5911784162362097, 'Dv_D1_scale': 2.071447790364199, 'Dv_D2_scale': 1.5978198999993, 'b_bulk_scale': 0.04655635244062674, 'b_dislocation_scale': 0.43496794223843677, 'gb_scale': 0.6675467950811591, 'gd_bubble_scale': 3.5623759167767606, 'gd_line_scale': 0.5813651809167563, 'gd_line_alpha': 0.6631198173113643, 'coalescence_d_scale': 0.5446650701549967, 'capture_scale': 1.203464380373455}. Best is trial 214 with value: 2.373531962961344.
[I 2026-05-03 20:08:04,616] Trial 365 finished with value: 2.5515827936933957 and parameters: {'rho_global_scale': 0.7632432622110393, 'rho_slope_scale': 0.5004236322765145, 'f_n': 6.276506770586281e-08, 'K_d': 455905.741247255, 'fission_rate': 6.325800064842056e+19, 'Dg_D1_scale': 0.2710232991274654, 'Dg_D3_scale': 1.139560069429332, 'Dv_D1_scale': 0.3085380079780542, 'Dv_D2_scale': 2.2573007210091416, 'b_bulk_scale': 0.04112275415702662, 'b_dislocation_scale': 0.4353419972198637, 'gb_scale': 0.5850117549096316, 'gd_bubble_scale': 5.682259307156108, 'gd_line_scale': 1.4679424642916912, 'gd_line_alpha': 0.6226284335607845, 'coalescence_d_scale': 0.47154828613212285, 'capture_scale': 0.8704849135541907}. Best is trial 214 with value: 2.373531962961344.
