[I 2026-05-03 19:39:27,294] Trial 110 finished with value: 2.6711627201178656 and parameters: {'rho_global_scale': 0.8672160691031068, 'rho_slope_scale': 0.5977057423379312, 'f_n': 7.645125304885229e-07, 'K_d': 305081.8313715469, 'fission_rate': 6.059250203500767e+19, 'Dg_D1_scale': 3.5647953220478996, 'Dg_D3_scale': 3.1993317615093138, 'Dv_D1_scale': 0.22998965054040577, 'Dv_D2_scale': 3.275721664848444, 'b_bulk_scale': 0.0358985471146427, 'b_dislocation_scale': 0.5285050062952822, 'gb_scale': 0.11722946991946386, 'gd_bubble_scale': 0.7461533309214513, 'gd_line_scale': 1.9416772586233921, 'gd_line_alpha': 0.6999991647147052, 'coalescence_d_scale': 0.7985765489205415, 'capture_scale': 0.4722470963363231}. Best is trial 103 with value: 2.479829645381372.Best trial: 103. Best value: 2.47983:  22%|██▏       | 110/500 [12:22<43:02,  6.62s/it]Best trial: 103. Best value: 2.47983:  22%|██▏       | 110/500 [12:22<43:02,  6.62s/it]Best trial: 103. Best value: 2.47983:  22%|██▏       | 111/500 [12:22<45:31,  7.02s/it]                                                                                       Best trial: 103. Best value: 2.47983:  22%|██▏       | 111/500 [12:27<45:31,  7.02s/it]Best trial: 103. Best value: 2.47983:  22%|██▏       | 111/500 [12:27<45:31,  7.02s/it]Best trial: 103. Best value: 2.47983:  22%|██▏       | 112/500 [12:27<41:37,  6.44s/it]                                                                                       Best trial: 103. Best value: 2.47983:  22%|██▏       | 112/500 [12:33<41:37,  6.44s/it]Best trial: 103. Best value: 2.47983:  22%|██▏       | 112/500 [12:33<41:37,  6.44s/it]Best trial: 103. Best value: 2.47983:  23%|██▎       | 113/500 [12:33<40:36,  6.30s/it]                                                                                       Best trial: 103. Best value: 2.47983:  23%|██▎       | 113/500 [12:39<40:36,  6.30s/it]Best trial: 103. Best value: 2.47983:  23%|██▎       | 113/500 [12:39<40:36,  6.30s/it]Best trial: 103. Best value: 2.47983:  23%|██▎       | 114/500 [12:39<39:35,  6.15s/it]                                                                                       Best trial: 103. Best value: 2.47983:  23%|██▎       | 114/500 [12:46<39:35,  6.15s/it]Best trial: 103. Best value: 2.47983:  23%|██▎       | 114/500 [12:46<39:35,  6.15s/it]Best trial: 103. Best value: 2.47983:  23%|██▎       | 115/500 [12:46<42:01,  6.55s/it]                                                                                       Best trial: 103. Best value: 2.47983:  23%|██▎       | 115/500 [12:53<42:01,  6.55s/it]Best trial: 103. Best value: 2.47983:  23%|██▎       | 115/500 [12:53<42:01,  6.55s/it]Best trial: 103. Best value: 2.47983:  23%|██▎       | 116/500 [12:53<41:55,  6.55s/it]                                                                                       Best trial: 103. Best value: 2.47983:  23%|██▎       | 116/500 [12:59<41:55,  6.55s/it]Best trial: 103. Best value: 2.47983:  23%|██▎       | 116/500 [12:59<41:55,  6.55s/it]Best trial: 103. Best value: 2.47983:  23%|██▎       | 117/500 [12:59<40:36,  6.36s/it]                                                                                       Best trial: 103. Best value: 2.47983:  23%|██▎       | 117/500 [13:07<40:36,  6.36s/it]Best trial: 103. Best value: 2.47983:  23%|██▎       | 117/500 [13:07<40:36,  6.36s/it]Best trial: 103. Best value: 2.47983:  24%|██▎       | 118/500 [13:07<44:34,  7.00s/it]                                                                                       Best trial: 103. Best value: 2.47983:  24%|██▎       | 118/500 [13:14<44:34,  7.00s/it]Best trial: 103. Best value: 2.47983:  24%|██▎       | 118/500 [13:14<44:34,  7.00s/it]Best trial: 103. Best value: 2.47983:  24%|██▍       | 119/500 [13:14<44:08,  6.95s/it]                                                                                       Best trial: 103. Best value: 2.47983:  24%|██▍       | 119/500 [13:20<44:08,  6.95s/it]Best trial: 103. Best value: 2.47983:  24%|██▍       | 119/500 [13:20<44:08,  6.95s/it]Best trial: 103. Best value: 2.47983:  24%|██▍       | 120/500 [13:20<42:38,  6.73s/it]                                                                                       Best trial: 103. Best value: 2.47983:  24%|██▍       | 120/500 [13:27<42:38,  6.73s/it]Best trial: 103. Best value: 2.47983:  24%|██▍       | 120/500 [13:27<42:38,  6.73s/it]Best trial: 103. Best value: 2.47983:  24%|██▍       | 121/500 [13:27<41:34,  6.58s/it]                                                                                       
[I 2026-05-03 19:39:32,367] Trial 111 finished with value: 2.5954090208145897 and parameters: {'rho_global_scale': 0.849004058894534, 'rho_slope_scale': 0.6174043966466276, 'f_n': 1.029342790280048e-06, 'K_d': 305853.22685617395, 'fission_rate': 6.0582049783236575e+19, 'Dg_D1_scale': 3.5321452047713953, 'Dg_D3_scale': 3.2572700482511596, 'Dv_D1_scale': 0.2290142247621086, 'Dv_D2_scale': 3.179887027403707, 'b_bulk_scale': 0.030475590700683442, 'b_dislocation_scale': 0.5298670948548055, 'gb_scale': 0.13301289370888286, 'gd_bubble_scale': 0.7405820288634484, 'gd_line_scale': 1.4981601775939806, 'gd_line_alpha': 0.6909619139647594, 'coalescence_d_scale': 0.9801059288651195, 'capture_scale': 0.5158754566580886}. Best is trial 103 with value: 2.479829645381372.
[I 2026-05-03 19:39:38,331] Trial 112 finished with value: 3.1743681032752975 and parameters: {'rho_global_scale': 0.8360704840650093, 'rho_slope_scale': 0.6249319310228206, 'f_n': 1.3982392711803393e-06, 'K_d': 323016.87291202013, 'fission_rate': 6.298936229183532e+19, 'Dg_D1_scale': 3.1491145142485615, 'Dg_D3_scale': 3.7116279851736014, 'Dv_D1_scale': 0.20156806533430244, 'Dv_D2_scale': 3.0468838275698102, 'b_bulk_scale': 0.030230459642523595, 'b_dislocation_scale': 0.5965148188993066, 'gb_scale': 0.19283872483207948, 'gd_bubble_scale': 0.36242872187315656, 'gd_line_scale': 1.486572277217531, 'gd_line_alpha': 0.6373800383318656, 'coalescence_d_scale': 1.0349610479222606, 'capture_scale': 0.5745390302207203}. Best is trial 103 with value: 2.479829645381372.
[I 2026-05-03 19:39:44,158] Trial 113 finished with value: 3.419008245277806 and parameters: {'rho_global_scale': 0.8529319994281115, 'rho_slope_scale': 0.5856090140595642, 'f_n': 4.1089203513154937e-07, 'K_d': 320914.96578221046, 'fission_rate': 6.118625931749489e+19, 'Dg_D1_scale': 3.388778796483291, 'Dg_D3_scale': 3.3981655007463836, 'Dv_D1_scale': 0.22940125928314414, 'Dv_D2_scale': 3.6533380272420164, 'b_bulk_scale': 0.039281168787979284, 'b_dislocation_scale': 0.8635229592433086, 'gb_scale': 0.13003220296544668, 'gd_bubble_scale': 0.5031284342941033, 'gd_line_scale': 1.0808426157361781, 'gd_line_alpha': 0.6818642588794709, 'coalescence_d_scale': 1.4191831702519515, 'capture_scale': 0.36243022158377}. Best is trial 103 with value: 2.479829645381372.
[I 2026-05-03 19:39:51,623] Trial 114 finished with value: 2.5003206002017997 and parameters: {'rho_global_scale': 0.8025861150409964, 'rho_slope_scale': 0.5594068056025158, 'f_n': 8.282676958634033e-08, 'K_d': 300666.3488410306, 'fission_rate': 5.8459930480044294e+19, 'Dg_D1_scale': 3.6466545218968287, 'Dg_D3_scale': 3.2581469951813005, 'Dv_D1_scale': 0.23708505331832658, 'Dv_D2_scale': 3.2508945818129433, 'b_bulk_scale': 0.030083253340713285, 'b_dislocation_scale': 0.726824795871058, 'gb_scale': 0.27940842636836205, 'gd_bubble_scale': 0.3599491491411687, 'gd_line_scale': 1.9684187272487836, 'gd_line_alpha': 0.7156563590774868, 'coalescence_d_scale': 0.9078297750097103, 'capture_scale': 0.8461877363025796}. Best is trial 103 with value: 2.479829645381372.
[I 2026-05-03 19:39:58,177] Trial 115 finished with value: 2.814232154702482 and parameters: {'rho_global_scale': 0.8373079618260886, 'rho_slope_scale': 0.6569942500648054, 'f_n': 2.7042945532818985e-07, 'K_d': 302111.4407388835, 'fission_rate': 5.832557706532277e+19, 'Dg_D1_scale': 3.656958026863713, 'Dg_D3_scale': 3.269645900498343, 'Dv_D1_scale': 0.23612181387205886, 'Dv_D2_scale': 3.302461474792157, 'b_bulk_scale': 0.03491095834369446, 'b_dislocation_scale': 0.6839317711062022, 'gb_scale': 0.28777282411829724, 'gd_bubble_scale': 0.39147380877047133, 'gd_line_scale': 1.568187578274096, 'gd_line_alpha': 0.7134713731024126, 'coalescence_d_scale': 1.0770288080422954, 'capture_scale': 0.8061702945783021}. Best is trial 103 with value: 2.479829645381372.
[I 2026-05-03 19:40:04,098] Trial 116 finished with value: 2.600883466540497 and parameters: {'rho_global_scale': 0.8077413270156312, 'rho_slope_scale': 0.5636122046882167, 'f_n': 9.013400792321832e-08, 'K_d': 301696.1564317024, 'fission_rate': 5.817467632006286e+19, 'Dg_D1_scale': 3.0117223180814743, 'Dg_D3_scale': 3.9730313333056944, 'Dv_D1_scale': 0.25044549308174474, 'Dv_D2_scale': 2.9265588399768108, 'b_bulk_scale': 0.043525507522738954, 'b_dislocation_scale': 1.1741370849338182, 'gb_scale': 0.20490862798757975, 'gd_bubble_scale': 0.2700890121627558, 'gd_line_scale': 2.8332534591865803, 'gd_line_alpha': 0.6504791874285152, 'coalescence_d_scale': 0.9243371400097575, 'capture_scale': 0.5345141160353459}. Best is trial 103 with value: 2.479829645381372.
[I 2026-05-03 19:40:12,592] Trial 117 finished with value: 3.028604929767446 and parameters: {'rho_global_scale': 0.8072020732129243, 'rho_slope_scale': 0.55449670481483, 'f_n': 7.79903423892707e-08, 'K_d': 301299.0218613308, 'fission_rate': 5.83896395869074e+19, 'Dg_D1_scale': 3.064532943014452, 'Dg_D3_scale': 3.7374477454661648, 'Dv_D1_scale': 0.2460289525343428, 'Dv_D2_scale': 2.908943394734016, 'b_bulk_scale': 0.04357241545027561, 'b_dislocation_scale': 0.7413775523252307, 'gb_scale': 0.19802379037957363, 'gd_bubble_scale': 0.26396414956778924, 'gd_line_scale': 3.0155511047592056, 'gd_line_alpha': 0.6055984209567923, 'coalescence_d_scale': 0.8246366863031561, 'capture_scale': 0.5347732216432836}. Best is trial 103 with value: 2.479829645381372.
[I 2026-05-03 19:40:19,411] Trial 118 finished with value: 2.9265561040671093 and parameters: {'rho_global_scale': 0.8785561522845958, 'rho_slope_scale': 0.5592494214902898, 'f_n': 9.251810456149494e-08, 'K_d': 307057.85922896257, 'fission_rate': 5.565545439999984e+19, 'Dg_D1_scale': 3.286323717700192, 'Dg_D3_scale': 3.026673089257547, 'Dv_D1_scale': 0.2015907039829309, 'Dv_D2_scale': 3.9107082558135593, 'b_bulk_scale': 0.04926705653014826, 'b_dislocation_scale': 1.2392993421206342, 'gb_scale': 0.28829359727085674, 'gd_bubble_scale': 0.7167285862938775, 'gd_line_scale': 1.9206060930587086, 'gd_line_alpha': 0.6549050075853772, 'coalescence_d_scale': 0.6637251043485121, 'capture_scale': 0.6700532149238123}. Best is trial 103 with value: 2.479829645381372.
[I 2026-05-03 19:40:25,647] Trial 119 finished with value: 2.812929483876812 and parameters: {'rho_global_scale': 0.8541166069334357, 'rho_slope_scale': 0.6129526633146489, 'f_n': 4.79155694090637e-07, 'K_d': 329249.9958130027, 'fission_rate': 6.469459132910034e+19, 'Dg_D1_scale': 2.933662629746645, 'Dg_D3_scale': 3.970935347480866, 'Dv_D1_scale': 0.25481457139334857, 'Dv_D2_scale': 3.560835396815287, 'b_bulk_scale': 0.03861541182245036, 'b_dislocation_scale': 1.1035595347344151, 'gb_scale': 0.20545490441486763, 'gd_bubble_scale': 0.32933613874322676, 'gd_line_scale': 2.7112132806059073, 'gd_line_alpha': 0.7207906643494326, 'coalescence_d_scale': 1.408531944568117, 'capture_scale': 0.800801080124656}. Best is trial 103 with value: 2.479829645381372.
[I 2026-05-03 19:40:31,877] Trial 120 finished with value: 4.977218232287772 and parameters: {'rho_global_scale': 0.7999706056705758, 'rho_slope_scale': 0.6347501616486757, 'f_n': 2.477834888502905e-07, 'K_d': 334293.1517292995, 'fission_rate': 5.870477844358051e+19, 'Dg_D1_scale': 3.4330069283209514, 'Dg_D3_scale': 3.540277905615039, 'Dv_D1_scale': 3.117619853716503, 'Dv_D2_scale': 2.930222358109862, 'b_bulk_scale': 0.03381540780537576, 'b_dislocation_scale': 0.49809539812033304, 'gb_scale': 0.09315761120013956, 'gd_bubble_scale': 0.40856092092268353, 'gd_line_scale': 1.7284934244704717, 'gd_line_alpha': 0.6940662001864856, 'coalescence_d_scale': 0.9164651966183052, 'capture_scale': 0.578818238308262}. Best is trial 103 with value: 2.479829645381372.
[I 2026-05-03 19:40:38,642] Trial 121 finished with value: 2.784589483321706 and parameters: {'rho_global_scale': 0.8278780641246316, 'rho_slope_scale': 0.5814796678640979, 'f_n': 6.140379338637833e-07, 'K_d': 300358.04666577646, 'fission_rate': 6.1818790453020156e+19, 'Dg_D1_scale': 3.642082012612618, 'Dg_D3_scale': 3.2677568177046683, 'Dv_D1_scale': 0.22653260816423154, 'Dv_D2_scale': 3.2621873168875113, 'b_bulk_scale': 0.04124131205663663, 'b_dislocation_scale': 0.6374051905544579, 'gb_scale': 0.14195577835303505, 'gd_bubble_scale': 0.49010056910826505, 'gd_line_scale': 1.383283486636785, 'gd_line_alpha': 0.6775043062747291, 'coalescence_d_scale': 0.7686418823892924, 'capture_scale': 0.45672681280603283}. Best is trial 103 with value: 2.479829645381372.Best trial: 103. Best value: 2.47983:  24%|██▍       | 121/500 [13:33<41:34,  6.58s/it]Best trial: 103. Best value: 2.47983:  24%|██▍       | 121/500 [13:34<41:34,  6.58s/it]Best trial: 103. Best value: 2.47983:  24%|██▍       | 122/500 [13:34<41:50,  6.64s/it]                                                                                       Best trial: 103. Best value: 2.47983:  24%|██▍       | 122/500 [13:41<41:50,  6.64s/it]Best trial: 103. Best value: 2.47983:  24%|██▍       | 122/500 [13:42<41:50,  6.64s/it]Best trial: 103. Best value: 2.47983:  25%|██▍       | 123/500 [13:42<44:23,  7.06s/it]                                                                                       Best trial: 103. Best value: 2.47983:  25%|██▍       | 123/500 [13:48<44:23,  7.06s/it]Best trial: 103. Best value: 2.47983:  25%|██▍       | 123/500 [13:48<44:23,  7.06s/it]Best trial: 103. Best value: 2.47983:  25%|██▍       | 124/500 [13:48<43:03,  6.87s/it]                                                                                       Best trial: 103. Best value: 2.47983:  25%|██▍       | 124/500 [13:56<43:03,  6.87s/it]Best trial: 103. Best value: 2.47983:  25%|██▍       | 124/500 [13:56<43:03,  6.87s/it]Best trial: 103. Best value: 2.47983:  25%|██▌       | 125/500 [13:56<44:27,  7.11s/it]                                                                                       Best trial: 103. Best value: 2.47983:  25%|██▌       | 125/500 [14:00<44:27,  7.11s/it]Best trial: 103. Best value: 2.47983:  25%|██▌       | 125/500 [14:00<44:27,  7.11s/it]Best trial: 103. Best value: 2.47983:  25%|██▌       | 126/500 [14:00<39:45,  6.38s/it]                                                                                       Best trial: 103. Best value: 2.47983:  25%|██▌       | 126/500 [14:06<39:45,  6.38s/it]Best trial: 103. Best value: 2.47983:  25%|██▌       | 126/500 [14:06<39:45,  6.38s/it]Best trial: 103. Best value: 2.47983:  25%|██▌       | 127/500 [14:06<39:07,  6.29s/it]                                                                                       Best trial: 103. Best value: 2.47983:  25%|██▌       | 127/500 [14:15<39:07,  6.29s/it]Best trial: 103. Best value: 2.47983:  25%|██▌       | 127/500 [14:15<39:07,  6.29s/it]Best trial: 103. Best value: 2.47983:  26%|██▌       | 128/500 [14:15<42:52,  6.92s/it]                                                                                       Best trial: 103. Best value: 2.47983:  26%|██▌       | 128/500 [14:20<42:52,  6.92s/it]Best trial: 103. Best value: 2.47983:  26%|██▌       | 128/500 [14:21<42:52,  6.92s/it]Best trial: 103. Best value: 2.47983:  26%|██▌       | 129/500 [14:21<40:32,  6.56s/it]                                                                                       Best trial: 103. Best value: 2.47983:  26%|██▌       | 129/500 [14:27<40:32,  6.56s/it]Best trial: 103. Best value: 2.47983:  26%|██▌       | 129/500 [14:27<40:32,  6.56s/it]Best trial: 103. Best value: 2.47983:  26%|██▌       | 130/500 [14:27<41:11,  6.68s/it]                                                                                       Best trial: 103. Best value: 2.47983:  26%|██▌       | 130/500 [14:33<41:11,  6.68s/it]Best trial: 103. Best value: 2.47983:  26%|██▌       | 130/500 [14:34<41:11,  6.68s/it]Best trial: 103. Best value: 2.47983:  26%|██▌       | 131/500 [14:34<39:57,  6.50s/it]                                                                                       Best trial: 103. Best value: 2.47983:  26%|██▌       | 131/500 [14:41<39:57,  6.50s/it]Best trial: 103. Best value: 2.47983:  26%|██▌       | 131/500 [14:41<39:57,  6.50s/it]Best trial: 103. Best value: 2.47983:  26%|██▋       | 132/500 [14:41<42:12,  6.88s/it]                                                                                       
[I 2026-05-03 19:40:46,700] Trial 122 finished with value: 2.6987171149256217 and parameters: {'rho_global_scale': 0.9137355750760309, 'rho_slope_scale': 0.5397574156614219, 'f_n': 1.0037406391667786e-06, 'K_d': 320177.63687679253, 'fission_rate': 6.521739301886443e+19, 'Dg_D1_scale': 3.2639776017113684, 'Dg_D3_scale': 3.0306199876372446, 'Dv_D1_scale': 0.21046455369711498, 'Dv_D2_scale': 3.1001185919031586, 'b_bulk_scale': 0.030132612263728854, 'b_dislocation_scale': 0.5446787178193089, 'gb_scale': 0.21603654857912358, 'gd_bubble_scale': 0.3755438162132087, 'gd_line_scale': 3.3606942296598326, 'gd_line_alpha': 0.7549927865453685, 'coalescence_d_scale': 1.1021392855583287, 'capture_scale': 0.22862570423221118}. Best is trial 103 with value: 2.479829645381372.
[I 2026-05-03 19:40:53,134] Trial 123 finished with value: 2.8143448432024885 and parameters: {'rho_global_scale': 0.816239927015385, 'rho_slope_scale': 0.5894102709065743, 'f_n': 3.8185792319110185e-07, 'K_d': 319835.115892324, 'fission_rate': 6.369661292512888e+19, 'Dg_D1_scale': 3.7021136037646847, 'Dg_D3_scale': 2.882787261324375, 'Dv_D1_scale': 0.23621220990243658, 'Dv_D2_scale': 3.424711160973193, 'b_bulk_scale': 0.03717776578539279, 'b_dislocation_scale': 0.575675389595521, 'gb_scale': 0.180202113796637, 'gd_bubble_scale': 0.5650004818350111, 'gd_line_scale': 1.2437838298903934, 'gd_line_alpha': 0.6524181949687066, 'coalescence_d_scale': 0.9424836410291417, 'capture_scale': 0.3941031230454614}. Best is trial 103 with value: 2.479829645381372.
[I 2026-05-03 19:41:00,811] Trial 124 finished with value: 2.6440910817142296 and parameters: {'rho_global_scale': 0.8631486080464684, 'rho_slope_scale': 0.560379517228534, 'f_n': 1.0741658146039411e-07, 'K_d': 306269.5714119678, 'fission_rate': 6.321665740816544e+19, 'Dg_D1_scale': 3.501914579808479, 'Dg_D3_scale': 3.409557925712568, 'Dv_D1_scale': 0.2003538411473999, 'Dv_D2_scale': 3.784451948645177, 'b_bulk_scale': 0.051721000906706144, 'b_dislocation_scale': 0.913367473316872, 'gb_scale': 0.14970389842435802, 'gd_bubble_scale': 0.8768297967083308, 'gd_line_scale': 1.808776442354616, 'gd_line_alpha': 0.6015497966051908, 'coalescence_d_scale': 0.576338557543384, 'capture_scale': 0.9078809189964333}. Best is trial 103 with value: 2.479829645381372.
[I 2026-05-03 19:41:05,480] Trial 125 finished with value: 2.882117956113632 and parameters: {'rho_global_scale': 0.766682854110202, 'rho_slope_scale': 0.6712590240087077, 'f_n': 8.403036088777868e-07, 'K_d': 300248.2205041405, 'fission_rate': 6.208663344762782e+19, 'Dg_D1_scale': 3.111768449224564, 'Dg_D3_scale': 3.764466814206461, 'Dv_D1_scale': 0.22283494700154838, 'Dv_D2_scale': 3.1349459386665104, 'b_bulk_scale': 0.03434521515024938, 'b_dislocation_scale': 0.792926822512996, 'gb_scale': 0.26993709749743233, 'gd_bubble_scale': 0.2821195941715825, 'gd_line_scale': 2.5364802879704276, 'gd_line_alpha': 0.7218331561993957, 'coalescence_d_scale': 0.8598454894998335, 'capture_scale': 0.3130276114948808}. Best is trial 103 with value: 2.479829645381372.
[I 2026-05-03 19:41:11,576] Trial 126 finished with value: 3.569348488619385 and parameters: {'rho_global_scale': 0.8318090535314793, 'rho_slope_scale': 0.5377580641942743, 'f_n': 5.623487134021747e-07, 'K_d': 309442.1735754546, 'fission_rate': 5.7286168838938526e+19, 'Dg_D1_scale': 3.3885007955952093, 'Dg_D3_scale': 3.1660633495296215, 'Dv_D1_scale': 0.25195940229467384, 'Dv_D2_scale': 2.3302043563086143, 'b_bulk_scale': 0.04423802846955725, 'b_dislocation_scale': 0.6911573209057424, 'gb_scale': 0.22029741030508737, 'gd_bubble_scale': 0.2483350452057138, 'gd_line_scale': 1.0897144223180215, 'gd_line_alpha': 0.6852777145017455, 'coalescence_d_scale': 1.3726854866838107, 'capture_scale': 0.7294125221948563}. Best is trial 103 with value: 2.479829645381372.
[I 2026-05-03 19:41:19,938] Trial 127 finished with value: 3.968983157172831 and parameters: {'rho_global_scale': 0.799971671249995, 'rho_slope_scale': 4.622282707211362, 'f_n': 2.5131727844141976e-07, 'K_d': 326354.29141894093, 'fission_rate': 6.055024772809767e+19, 'Dg_D1_scale': 2.9195935121805006, 'Dg_D3_scale': 3.5114611416085273, 'Dv_D1_scale': 0.2377178616299641, 'Dv_D2_scale': 2.9085243820585784, 'b_bulk_scale': 0.038803460829742245, 'b_dislocation_scale': 0.49841096603654844, 'gb_scale': 0.326835675090259, 'gd_bubble_scale': 0.6124111976744676, 'gd_line_scale': 2.025877779723116, 'gd_line_alpha': 0.8047531618425667, 'coalescence_d_scale': 0.7253594607653844, 'capture_scale': 0.6120322895703784}. Best is trial 103 with value: 2.479829645381372.
