[I 2026-05-03 19:51:43,853] Trial 220 finished with value: 2.9686658205004326 and parameters: {'rho_global_scale': 0.8363143768368317, 'rho_slope_scale': 0.5249431771832402, 'f_n': 8.442510992759626e-08, 'K_d': 709458.442696438, 'fission_rate': 6.514360056586139e+19, 'Dg_D1_scale': 3.5639432732898073, 'Dg_D3_scale': 3.765735438452565, 'Dv_D1_scale': 0.27221899028074154, 'Dv_D2_scale': 2.4450575481702943, 'b_bulk_scale': 0.030076338608250364, 'b_dislocation_scale': 0.5109744328361217, 'gb_scale': 0.37769842239399765, 'gd_bubble_scale': 6.896872274434625, 'gd_line_scale': 1.3371852376462037, 'gd_line_alpha': 0.847119217807652, 'coalescence_d_scale': 0.7537142302480632, 'capture_scale': 0.31506270260911834}. Best is trial 214 with value: 2.373531962961344.Best trial: 214. Best value: 2.37353:  44%|████▍     | 220/500 [24:39<28:29,  6.11s/it]Best trial: 214. Best value: 2.37353:  44%|████▍     | 220/500 [24:39<28:29,  6.11s/it]Best trial: 214. Best value: 2.37353:  44%|████▍     | 221/500 [24:39<27:19,  5.88s/it]                                                                                       Best trial: 214. Best value: 2.37353:  44%|████▍     | 221/500 [24:45<27:19,  5.88s/it]Best trial: 214. Best value: 2.37353:  44%|████▍     | 221/500 [24:45<27:19,  5.88s/it]Best trial: 214. Best value: 2.37353:  44%|████▍     | 222/500 [24:45<28:04,  6.06s/it]                                                                                       Best trial: 214. Best value: 2.37353:  44%|████▍     | 222/500 [24:51<28:04,  6.06s/it]Best trial: 214. Best value: 2.37353:  44%|████▍     | 222/500 [24:51<28:04,  6.06s/it]Best trial: 214. Best value: 2.37353:  45%|████▍     | 223/500 [24:51<27:48,  6.02s/it]                                                                                       Best trial: 214. Best value: 2.37353:  45%|████▍     | 223/500 [24:58<27:48,  6.02s/it]Best trial: 214. Best value: 2.37353:  45%|████▍     | 223/500 [24:58<27:48,  6.02s/it]Best trial: 214. Best value: 2.37353:  45%|████▍     | 224/500 [24:58<29:05,  6.33s/it]                                                                                       Best trial: 214. Best value: 2.37353:  45%|████▍     | 224/500 [25:05<29:05,  6.33s/it]Best trial: 214. Best value: 2.37353:  45%|████▍     | 224/500 [25:05<29:05,  6.33s/it]Best trial: 214. Best value: 2.37353:  45%|████▌     | 225/500 [25:05<29:09,  6.36s/it]                                                                                       Best trial: 214. Best value: 2.37353:  45%|████▌     | 225/500 [25:09<29:09,  6.36s/it]Best trial: 214. Best value: 2.37353:  45%|████▌     | 225/500 [25:09<29:09,  6.36s/it]Best trial: 214. Best value: 2.37353:  45%|████▌     | 226/500 [25:09<26:42,  5.85s/it]                                                                                       Best trial: 214. Best value: 2.37353:  45%|████▌     | 226/500 [25:16<26:42,  5.85s/it]Best trial: 214. Best value: 2.37353:  45%|████▌     | 226/500 [25:16<26:42,  5.85s/it]Best trial: 214. Best value: 2.37353:  45%|████▌     | 227/500 [25:16<27:57,  6.15s/it]                                                                                       Best trial: 214. Best value: 2.37353:  45%|████▌     | 227/500 [25:22<27:57,  6.15s/it]Best trial: 214. Best value: 2.37353:  45%|████▌     | 227/500 [25:22<27:57,  6.15s/it]Best trial: 214. Best value: 2.37353:  46%|████▌     | 228/500 [25:22<27:20,  6.03s/it]                                                                                       Best trial: 214. Best value: 2.37353:  46%|████▌     | 228/500 [25:28<27:20,  6.03s/it]Best trial: 214. Best value: 2.37353:  46%|████▌     | 228/500 [25:29<27:20,  6.03s/it]Best trial: 214. Best value: 2.37353:  46%|████▌     | 229/500 [25:29<28:08,  6.23s/it]                                                                                       Best trial: 214. Best value: 2.37353:  46%|████▌     | 229/500 [25:35<28:08,  6.23s/it]Best trial: 214. Best value: 2.37353:  46%|████▌     | 229/500 [25:35<28:08,  6.23s/it]Best trial: 214. Best value: 2.37353:  46%|████▌     | 230/500 [25:35<28:10,  6.26s/it]                                                                                       Best trial: 214. Best value: 2.37353:  46%|████▌     | 230/500 [25:40<28:10,  6.26s/it]Best trial: 214. Best value: 2.37353:  46%|████▌     | 230/500 [25:40<28:10,  6.26s/it]Best trial: 214. Best value: 2.37353:  46%|████▌     | 231/500 [25:40<26:53,  6.00s/it]                                                                                       
[I 2026-05-03 19:51:50,344] Trial 221 finished with value: 2.5039663883571825 and parameters: {'rho_global_scale': 0.822397362554561, 'rho_slope_scale': 0.5034015722901081, 'f_n': 1.1852941663591732e-07, 'K_d': 775754.3887598157, 'fission_rate': 6.568725845094351e+19, 'Dg_D1_scale': 3.3970519895103024, 'Dg_D3_scale': 3.9744416832236187, 'Dv_D1_scale': 0.24217860611257075, 'Dv_D2_scale': 2.664099958367688, 'b_bulk_scale': 0.03716176513217837, 'b_dislocation_scale': 0.7081161780228258, 'gb_scale': 0.42557541864783854, 'gd_bubble_scale': 7.647766679442792, 'gd_line_scale': 1.4047333227242835, 'gd_line_alpha': 0.8414281413206364, 'coalescence_d_scale': 0.7515777850933952, 'capture_scale': 0.27121941683195416}. Best is trial 214 with value: 2.373531962961344.
[I 2026-05-03 19:51:56,283] Trial 222 finished with value: 2.553466149290132 and parameters: {'rho_global_scale': 0.8248164013215245, 'rho_slope_scale': 0.5001828630532964, 'f_n': 1.3332111389545286e-07, 'K_d': 754768.4302257092, 'fission_rate': 6.5744664839529914e+19, 'Dg_D1_scale': 3.594431120325075, 'Dg_D3_scale': 3.779931136267557, 'Dv_D1_scale': 0.24735286964847145, 'Dv_D2_scale': 2.966733905992233, 'b_bulk_scale': 0.036696239781420156, 'b_dislocation_scale': 0.7370677666611349, 'gb_scale': 0.48397225582297354, 'gd_bubble_scale': 8.07011480773977, 'gd_line_scale': 1.1716565158971064, 'gd_line_alpha': 0.8275761408366191, 'coalescence_d_scale': 0.8095108861027053, 'capture_scale': 0.9362520099042898}. Best is trial 214 with value: 2.373531962961344.
[I 2026-05-03 19:52:03,308] Trial 223 finished with value: 2.7849789374436353 and parameters: {'rho_global_scale': 0.8576147767860448, 'rho_slope_scale': 0.5365718697904539, 'f_n': 1.0380580219087248e-07, 'K_d': 733725.2264808416, 'fission_rate': 6.461935285736235e+19, 'Dg_D1_scale': 3.3384300969814, 'Dg_D3_scale': 3.4917234580898793, 'Dv_D1_scale': 0.25178433214405627, 'Dv_D2_scale': 2.671775184779989, 'b_bulk_scale': 0.032950054603209086, 'b_dislocation_scale': 0.6028596382981088, 'gb_scale': 0.4209456440604975, 'gd_bubble_scale': 8.905338449236302, 'gd_line_scale': 1.3221165982684049, 'gd_line_alpha': 0.8631782451346453, 'coalescence_d_scale': 0.9161596222743482, 'capture_scale': 0.5993506216799761}. Best is trial 214 with value: 2.373531962961344.
[I 2026-05-03 19:52:09,754] Trial 224 finished with value: 2.6121501185041662 and parameters: {'rho_global_scale': 0.804111198884367, 'rho_slope_scale': 0.5215411017971749, 'f_n': 1.1422656644537169e-07, 'K_d': 786921.8432464537, 'fission_rate': 6.705673983002423e+19, 'Dg_D1_scale': 3.7399457809353454, 'Dg_D3_scale': 3.7661238014804908, 'Dv_D1_scale': 0.2994111763806818, 'Dv_D2_scale': 2.4239778571186315, 'b_bulk_scale': 0.038143712350215624, 'b_dislocation_scale': 0.6724439392741269, 'gb_scale': 0.5756514952010297, 'gd_bubble_scale': 9.655822261054533, 'gd_line_scale': 1.5366603857213348, 'gd_line_alpha': 0.8033151756555632, 'coalescence_d_scale': 0.6889222035931883, 'capture_scale': 0.252446763492159}. Best is trial 214 with value: 2.373531962961344.
[I 2026-05-03 19:52:14,396] Trial 225 finished with value: 2.49792345446514 and parameters: {'rho_global_scale': 0.787217839136274, 'rho_slope_scale': 0.5460144326876514, 'f_n': 1.540006648152782e-07, 'K_d': 717600.3620909522, 'fission_rate': 6.63416147524796e+19, 'Dg_D1_scale': 3.4522668459003856, 'Dg_D3_scale': 3.979307150849745, 'Dv_D1_scale': 0.21534057386354044, 'Dv_D2_scale': 3.0075973639208264, 'b_bulk_scale': 0.033183928889316684, 'b_dislocation_scale': 0.5867305755926852, 'gb_scale': 0.41494683996858467, 'gd_bubble_scale': 7.5513335899547425, 'gd_line_scale': 1.3619048214820668, 'gd_line_alpha': 0.7666440843597923, 'coalescence_d_scale': 0.7791026487099294, 'capture_scale': 0.7549454855132062}. Best is trial 214 with value: 2.373531962961344.
[I 2026-05-03 19:52:21,246] Trial 226 finished with value: 2.825598092897251 and parameters: {'rho_global_scale': 0.7842771527775632, 'rho_slope_scale': 0.5194119808243415, 'f_n': 7.177385367496122e-08, 'K_d': 774572.4885038664, 'fission_rate': 6.771290894343739e+19, 'Dg_D1_scale': 3.4830173240201563, 'Dg_D3_scale': 3.964931798325636, 'Dv_D1_scale': 0.21513798372881357, 'Dv_D2_scale': 3.6701534330100274, 'b_bulk_scale': 0.03292567507380337, 'b_dislocation_scale': 0.5589751047601145, 'gb_scale': 0.3930715306444841, 'gd_bubble_scale': 6.882497956254257, 'gd_line_scale': 1.396704822290157, 'gd_line_alpha': 0.7706303616475577, 'coalescence_d_scale': 0.7864220884465493, 'capture_scale': 0.6702973119715055}. Best is trial 214 with value: 2.373531962961344.
[I 2026-05-03 19:52:27,012] Trial 227 finished with value: 2.6960652814787305 and parameters: {'rho_global_scale': 0.7945180763860163, 'rho_slope_scale': 0.5004181612349281, 'f_n': 1.4863786102952692e-07, 'K_d': 713977.5109447083, 'fission_rate': 6.581680033946511e+19, 'Dg_D1_scale': 3.7422422454970605, 'Dg_D3_scale': 3.5462875218149104, 'Dv_D1_scale': 0.22163713968691592, 'Dv_D2_scale': 3.1076765614148676, 'b_bulk_scale': 0.03007082175835181, 'b_dislocation_scale': 0.7169964074718919, 'gb_scale': 0.5010351539169035, 'gd_bubble_scale': 7.463454057019573, 'gd_line_scale': 1.181896886493963, 'gd_line_alpha': 0.7550806795479079, 'coalescence_d_scale': 0.6031101475249059, 'capture_scale': 0.750554381626661}. Best is trial 214 with value: 2.373531962961344.
[I 2026-05-03 19:52:33,708] Trial 228 finished with value: 2.7383182151138494 and parameters: {'rho_global_scale': 0.8346579458086079, 'rho_slope_scale': 0.5422185979826492, 'f_n': 9.71746601824139e-08, 'K_d': 796002.4919885455, 'fission_rate': 6.658993958515707e+19, 'Dg_D1_scale': 3.285701371494283, 'Dg_D3_scale': 3.3250396563199116, 'Dv_D1_scale': 0.23637028237409619, 'Dv_D2_scale': 3.2708531372345915, 'b_bulk_scale': 0.03530448799072425, 'b_dislocation_scale': 0.639845914637462, 'gb_scale': 0.4383601719848498, 'gd_bubble_scale': 8.22067760473904, 'gd_line_scale': 1.4892044507806166, 'gd_line_alpha': 0.8186660371744127, 'coalescence_d_scale': 0.7244544703343757, 'capture_scale': 0.8722317438866293}. Best is trial 214 with value: 2.373531962961344.
[I 2026-05-03 19:52:40,038] Trial 229 finished with value: 2.634514692881867 and parameters: {'rho_global_scale': 0.8204609634094328, 'rho_slope_scale': 0.5218232988776863, 'f_n': 1.5642235357793924e-07, 'K_d': 693478.7758493664, 'fission_rate': 6.502166441247661e+19, 'Dg_D1_scale': 3.9865231363692164, 'Dg_D3_scale': 0.4951328880095495, 'Dv_D1_scale': 0.21052059081699356, 'Dv_D2_scale': 2.988612373634262, 'b_bulk_scale': 0.03299867612693774, 'b_dislocation_scale': 0.4473669672057891, 'gb_scale': 0.37051922284880756, 'gd_bubble_scale': 6.092850644793362, 'gd_line_scale': 1.0563109774962227, 'gd_line_alpha': 0.7760358404471969, 'coalescence_d_scale': 0.8664080629177093, 'capture_scale': 0.5878352550263061}. Best is trial 214 with value: 2.373531962961344.
[I 2026-05-03 19:52:45,417] Trial 230 finished with value: 2.9063195531182875 and parameters: {'rho_global_scale': 0.782168420854301, 'rho_slope_scale': 0.5019830449594491, 'f_n': 1.1469082704003397e-07, 'K_d': 766304.7496280593, 'fission_rate': 6.382270768713603e+19, 'Dg_D1_scale': 3.557092990680949, 'Dg_D3_scale': 3.9880058752595673, 'Dv_D1_scale': 0.22700961211826923, 'Dv_D2_scale': 2.5437094855349893, 'b_bulk_scale': 0.030111752125480708, 'b_dislocation_scale': 0.5254214672148442, 'gb_scale': 0.525037926482309, 'gd_bubble_scale': 9.928650110317054, 'gd_line_scale': 1.550414606062803, 'gd_line_alpha': 0.7426444059283654, 'coalescence_d_scale': 0.6499899158236083, 'capture_scale': 0.4688981989344644}. Best is trial 214 with value: 2.373531962961344.
[I 2026-05-03 19:52:53,104] Trial 231 finished with value: 2.555791434911926 and parameters: {'rho_global_scale': 0.8086274108695763, 'rho_slope_scale': 0.5608953014058272, 'f_n': 2.4803585095708447e-07, 'K_d': 734303.4158570499, 'fission_rate': 5.643818523431443e+19, 'Dg_D1_scale': 3.3252771746643885, 'Dg_D3_scale': 3.645996722766334, 'Dv_D1_scale': 0.24461474872135794, 'Dv_D2_scale': 2.802386699354405, 'b_bulk_scale': 0.04018153530819697, 'b_dislocation_scale': 0.5877215483691443, 'gb_scale': 0.3547363775962603, 'gd_bubble_scale': 7.4685404967867735, 'gd_line_scale': 1.3205448831765283, 'gd_line_alpha': 0.7915228910508529, 'coalescence_d_scale': 0.87709037816456, 'capture_scale': 0.7492851003713016}. Best is trial 214 with value: 2.373531962961344.Best trial: 214. Best value: 2.37353:  46%|████▌     | 231/500 [25:48<26:53,  6.00s/it]Best trial: 214. Best value: 2.37353:  46%|████▌     | 231/500 [25:48<26:53,  6.00s/it]Best trial: 214. Best value: 2.37353:  46%|████▋     | 232/500 [25:48<29:02,  6.50s/it]                                                                                       Best trial: 214. Best value: 2.37353:  46%|████▋     | 232/500 [25:55<29:02,  6.50s/it]Best trial: 214. Best value: 2.37353:  46%|████▋     | 232/500 [25:55<29:02,  6.50s/it]Best trial: 214. Best value: 2.37353:  47%|████▋     | 233/500 [25:55<29:31,  6.63s/it]                                                                                       Best trial: 214. Best value: 2.37353:  47%|████▋     | 233/500 [26:01<29:31,  6.63s/it]Best trial: 214. Best value: 2.37353:  47%|████▋     | 233/500 [26:01<29:31,  6.63s/it]Best trial: 214. Best value: 2.37353:  47%|████▋     | 234/500 [26:01<29:13,  6.59s/it]                                                                                       Best trial: 214. Best value: 2.37353:  47%|████▋     | 234/500 [26:05<29:13,  6.59s/it]Best trial: 214. Best value: 2.37353:  47%|████▋     | 234/500 [26:05<29:13,  6.59s/it]Best trial: 214. Best value: 2.37353:  47%|████▋     | 235/500 [26:05<25:25,  5.75s/it]                                                                                       Best trial: 214. Best value: 2.37353:  47%|████▋     | 235/500 [26:12<25:25,  5.75s/it]Best trial: 214. Best value: 2.37353:  47%|████▋     | 235/500 [26:13<25:25,  5.75s/it]Best trial: 214. Best value: 2.37353:  47%|████▋     | 236/500 [26:13<27:25,  6.23s/it]                                                                                       Best trial: 214. Best value: 2.37353:  47%|████▋     | 236/500 [26:19<27:25,  6.23s/it]Best trial: 214. Best value: 2.37353:  47%|████▋     | 236/500 [26:20<27:25,  6.23s/it]Best trial: 214. Best value: 2.37353:  47%|████▋     | 237/500 [26:20<28:20,  6.46s/it]                                                                                       Best trial: 214. Best value: 2.37353:  47%|████▋     | 237/500 [26:27<28:20,  6.46s/it]Best trial: 214. Best value: 2.37353:  47%|████▋     | 237/500 [26:27<28:20,  6.46s/it]Best trial: 214. Best value: 2.37353:  48%|████▊     | 238/500 [26:27<29:42,  6.80s/it]                                                                                       Best trial: 214. Best value: 2.37353:  48%|████▊     | 238/500 [26:34<29:42,  6.80s/it]Best trial: 214. Best value: 2.37353:  48%|████▊     | 238/500 [26:34<29:42,  6.80s/it]Best trial: 214. Best value: 2.37353:  48%|████▊     | 239/500 [26:34<29:17,  6.73s/it]                                                                                       Best trial: 214. Best value: 2.37353:  48%|████▊     | 239/500 [26:39<29:17,  6.73s/it]Best trial: 214. Best value: 2.37353:  48%|████▊     | 239/500 [26:39<29:17,  6.73s/it]Best trial: 214. Best value: 2.37353:  48%|████▊     | 240/500 [26:39<26:53,  6.21s/it]                                                                                       Best trial: 214. Best value: 2.37353:  48%|████▊     | 240/500 [26:45<26:53,  6.21s/it]Best trial: 214. Best value: 2.37353:  48%|████▊     | 240/500 [26:45<26:53,  6.21s/it]Best trial: 214. Best value: 2.37353:  48%|████▊     | 241/500 [26:45<27:32,  6.38s/it]                                                                                       Best trial: 214. Best value: 2.37353:  48%|████▊     | 241/500 [26:52<27:32,  6.38s/it]Best trial: 214. Best value: 2.37353:  48%|████▊     | 241/500 [26:52<27:32,  6.38s/it]Best trial: 214. Best value: 2.37353:  48%|████▊     | 242/500 [26:52<27:46,  6.46s/it]                                                                                       
[I 2026-05-03 19:53:00,044] Trial 232 finished with value: 2.8188564684987054 and parameters: {'rho_global_scale': 0.8080399537956071, 'rho_slope_scale': 0.5420462983440307, 'f_n': 1.3277443025788127e-07, 'K_d': 765754.7933884688, 'fission_rate': 6.744287400173643e+19, 'Dg_D1_scale': 3.6797248433332164, 'Dg_D3_scale': 3.6302531074691715, 'Dv_D1_scale': 0.2635330634555232, 'Dv_D2_scale': 2.7387121085494917, 'b_bulk_scale': 0.03584446517442578, 'b_dislocation_scale': 0.6262895377168793, 'gb_scale': 0.4026375922869173, 'gd_bubble_scale': 8.712404683616205, 'gd_line_scale': 1.6739328632929358, 'gd_line_alpha': 0.8404488560031869, 'coalescence_d_scale': 0.7779848186015206, 'capture_scale': 0.19083776644924386}. Best is trial 214 with value: 2.373531962961344.
[I 2026-05-03 19:53:06,530] Trial 233 finished with value: 2.5044150491251695 and parameters: {'rho_global_scale': 0.8474868408456994, 'rho_slope_scale': 0.5004491800096597, 'f_n': 1.7578634288852592e-07, 'K_d': 721358.9920232168, 'fission_rate': 6.6371001963173904e+19, 'Dg_D1_scale': 3.456258674813633, 'Dg_D3_scale': 3.793004508481459, 'Dv_D1_scale': 0.21889307410053396, 'Dv_D2_scale': 2.1936544599800354, 'b_bulk_scale': 0.0412464323787713, 'b_dislocation_scale': 0.6844442823972515, 'gb_scale': 0.34463696038850233, 'gd_bubble_scale': 6.621896210243177, 'gd_line_scale': 1.3754184334919037, 'gd_line_alpha': 0.7648904275272003, 'coalescence_d_scale': 0.9675666237450812, 'capture_scale': 1.020543684168139}. Best is trial 214 with value: 2.373531962961344.
[I 2026-05-03 19:53:10,336] Trial 234 finished with value: 2.724812592015922 and parameters: {'rho_global_scale': 0.8550758609735992, 'rho_slope_scale': 0.5223214164560245, 'f_n': 1.8014471475370535e-07, 'K_d': 729215.0423096352, 'fission_rate': 6.65383127976941e+19, 'Dg_D1_scale': 3.4786437549703235, 'Dg_D3_scale': 3.338075671471323, 'Dv_D1_scale': 0.21256228437492553, 'Dv_D2_scale': 2.17327549647997, 'b_bulk_scale': 0.04145486314437764, 'b_dislocation_scale': 0.7403002805545805, 'gb_scale': 0.45844020003446617, 'gd_bubble_scale': 6.753931139066444, 'gd_line_scale': 1.2721008806984073, 'gd_line_alpha': 0.7593525336569367, 'coalescence_d_scale': 0.9497487581772872, 'capture_scale': 1.0829459455855999}. Best is trial 214 with value: 2.373531962961344.
[I 2026-05-03 19:53:17,688] Trial 235 finished with value: 3.021755415108606 and parameters: {'rho_global_scale': 0.8708196095128237, 'rho_slope_scale': 0.5030687038139957, 'f_n': 1.6452071313645988e-07, 'K_d': 700161.8308282129, 'fission_rate': 6.5718581945039544e+19, 'Dg_D1_scale': 3.9997404717861778, 'Dg_D3_scale': 3.79365684364442, 'Dv_D1_scale': 0.2207897111623656, 'Dv_D2_scale': 2.279637796795835, 'b_bulk_scale': 0.03360353026749137, 'b_dislocation_scale': 0.6994205465888379, 'gb_scale': 0.15355560746006772, 'gd_bubble_scale': 7.857807670630738, 'gd_line_scale': 1.4209749413612174, 'gd_line_alpha': 0.7863208084980853, 'coalescence_d_scale': 0.8174265923378194, 'capture_scale': 0.9587793234693607}. Best is trial 214 with value: 2.373531962961344.
[I 2026-05-03 19:53:24,689] Trial 236 finished with value: 3.375398653625612 and parameters: {'rho_global_scale': 0.8357182837833986, 'rho_slope_scale': 2.2213564655242704, 'f_n': 5.410958591253265e-08, 'K_d': 720891.7619384166, 'fission_rate': 6.666873208402328e+19, 'Dg_D1_scale': 3.742339128007462, 'Dg_D3_scale': 3.9836459335358616, 'Dv_D1_scale': 0.23180048764905245, 'Dv_D2_scale': 2.0369983176204536, 'b_bulk_scale': 0.03617343212905648, 'b_dislocation_scale': 0.652690070116503, 'gb_scale': 0.3650350454873201, 'gd_bubble_scale': 5.604203100236647, 'gd_line_scale': 1.1376145909388284, 'gd_line_alpha': 0.7401705727538167, 'coalescence_d_scale': 0.704100771319666, 'capture_scale': 1.290139404084742}. Best is trial 214 with value: 2.373531962961344.
[I 2026-05-03 19:53:32,288] Trial 237 finished with value: 3.2198611578224345 and parameters: {'rho_global_scale': 0.8251185153934504, 'rho_slope_scale': 0.5462313805337049, 'f_n': 2.2253776541909006e-07, 'K_d': 651169.1368924321, 'fission_rate': 6.485158390196285e+19, 'Dg_D1_scale': 3.274603634803207, 'Dg_D3_scale': 3.5002909214569726, 'Dv_D1_scale': 0.21087669695487432, 'Dv_D2_scale': 2.3789137028390304, 'b_bulk_scale': 0.0433615245589123, 'b_dislocation_scale': 0.4936074787394558, 'gb_scale': 0.21457166646971532, 'gd_bubble_scale': 8.014819750091146, 'gd_line_scale': 1.7037630398878958, 'gd_line_alpha': 0.8072854796795478, 'coalescence_d_scale': 0.9498375245550822, 'capture_scale': 0.8187896450128006}. Best is trial 214 with value: 2.373531962961344.
