[I 2026-05-03 19:27:04,566] A new study created in RDB with name: UN_M7_capture_only
########################################################################################################################
V12 rhoFT-slope + gas-to-grain-face + high-T dislocation plateau settings
family                         = capture_only
rhoFT2 enabled                 = True
rho_global_scale range          = 0.7 -- 2
rho_slope_scale range           = 0.5 -- 5
rho high-T linear ramp          = 1300 K -> 1600 K
K_d range                       = 300000 -- 800000
direct exp weights              = sw 1.1, Rd 0.85, Nd 0.85, Nd-drop 0.8
v11 partition/qgb weights       = 0.85 / 1.1
qgb max low-mid/high            = 18.0 / 22.0
Fig8 disl/bulk radius weights   = 0.35 / 0.06
Fig6 burnup weight              = 0.02
output dir                      = UN_M7_optuna_v12_rhoFT_slope_partition_results/capture_only
########################################################################################################################
########################################################################################################################
OPTUNA CALIBRATION: capture_only
########################################################################################################################
Output dir        = UN_M7_optuna_v12_rhoFT_slope_partition_results/capture_only
Trials requested  = 500
FAST dt/modes     = 12 h / 22
FINAL dt/modes    = 1 h / 40
Pressure weight   = 0.22; free factor = 3
D2 Xe             = included, with D2_xe_scale
Coalescence       = active, scale never zero
Family switches   = phi_gas:False, nuc_mass:False, capture:True
########################################################################################################################
  0%|          | 0/500 [00:00<?, ?it/s]                                         0%|          | 0/500 [00:09<?, ?it/s]Best trial: 0. Best value: 5.03342:   0%|          | 0/500 [00:09<?, ?it/s]Best trial: 0. Best value: 5.03342:   0%|          | 1/500 [00:09<1:18:17,  9.41s/it]                                                                                     Best trial: 0. Best value: 5.03342:   0%|          | 1/500 [00:16<1:18:17,  9.41s/it]Best trial: 1. Best value: 4.6908:   0%|          | 1/500 [00:16<1:18:17,  9.41s/it] Best trial: 1. Best value: 4.6908:   0%|          | 2/500 [00:16<1:06:15,  7.98s/it]                                                                                    Best trial: 1. Best value: 4.6908:   0%|          | 2/500 [00:24<1:06:15,  7.98s/it]Best trial: 2. Best value: 4.4445:   0%|          | 2/500 [00:24<1:06:15,  7.98s/it]Best trial: 2. Best value: 4.4445:   1%|          | 3/500 [00:24<1:05:59,  7.97s/it]                                                                                    Best trial: 2. Best value: 4.4445:   1%|          | 3/500 [00:34<1:05:59,  7.97s/it]Best trial: 2. Best value: 4.4445:   1%|          | 3/500 [00:34<1:05:59,  7.97s/it]Best trial: 2. Best value: 4.4445:   1%|          | 4/500 [00:34<1:12:24,  8.76s/it]                                                                                    Best trial: 2. Best value: 4.4445:   1%|          | 4/500 [00:41<1:12:24,  8.76s/it]Best trial: 2. Best value: 4.4445:   1%|          | 4/500 [00:41<1:12:24,  8.76s/it]Best trial: 2. Best value: 4.4445:   1%|          | 5/500 [00:41<1:06:25,  8.05s/it]                                                                                    Best trial: 2. Best value: 4.4445:   1%|          | 5/500 [00:47<1:06:25,  8.05s/it]Best trial: 5. Best value: 3.79555:   1%|          | 5/500 [00:47<1:06:25,  8.05s/it]Best trial: 5. Best value: 3.79555:   1%|          | 6/500 [00:47<1:01:03,  7.42s/it]                                                                                     Best trial: 5. Best value: 3.79555:   1%|          | 6/500 [00:52<1:01:03,  7.42s/it]Best trial: 5. Best value: 3.79555:   1%|          | 6/500 [00:52<1:01:03,  7.42s/it]Best trial: 5. Best value: 3.79555:   1%|▏         | 7/500 [00:52<54:23,  6.62s/it]  /home/destro/sciantix-official/UN_M7_optuna_calibration_v12_rhoFT_slope_partition_STANDALONE_separate.py:151: UserWarning: Fixed parameter K_d with value 1033314.0 is out of range for distribution FloatDistribution(high=800000.0, log=True, low=300000.0, step=None).
  "K_d": trial.suggest_float("K_d", K_D_MIN, K_D_MAX, log=True),
                                                                                   Best trial: 5. Best value: 3.79555:   1%|▏         | 7/500 [01:00<54:23,  6.62s/it]Best trial: 5. Best value: 3.79555:   1%|▏         | 7/500 [01:00<54:23,  6.62s/it]Best trial: 5. Best value: 3.79555:   2%|▏         | 8/500 [01:00<57:15,  6.98s/it]/home/destro/sciantix-official/UN_M7_optuna_calibration_v12_rhoFT_slope_partition_STANDALONE_separate.py:151: UserWarning: Fixed parameter K_d with value 1198283.0 is out of range for distribution FloatDistribution(high=800000.0, log=True, low=300000.0, step=None).
  "K_d": trial.suggest_float("K_d", K_D_MIN, K_D_MAX, log=True),
                                                                                   Best trial: 5. Best value: 3.79555:   2%|▏         | 8/500 [01:07<57:15,  6.98s/it]Best trial: 5. Best value: 3.79555:   2%|▏         | 8/500 [01:07<57:15,  6.98s/it]Best trial: 5. Best value: 3.79555:   2%|▏         | 9/500 [01:07<59:10,  7.23s/it]/home/destro/sciantix-official/UN_M7_optuna_calibration_v12_rhoFT_slope_partition_STANDALONE_separate.py:151: UserWarning: Fixed parameter K_d with value 1166892.0 is out of range for distribution FloatDistribution(high=800000.0, log=True, low=300000.0, step=None).
  "K_d": trial.suggest_float("K_d", K_D_MIN, K_D_MAX, log=True),
                                                                                   Best trial: 5. Best value: 3.79555:   2%|▏         | 9/500 [01:15<59:10,  7.23s/it]Best trial: 5. Best value: 3.79555:   2%|▏         | 9/500 [01:15<59:10,  7.23s/it]Best trial: 5. Best value: 3.79555:   2%|▏         | 10/500 [01:15<1:00:35,  7.42s/it]                                                                                      Best trial: 5. Best value: 3.79555:   2%|▏         | 10/500 [01:19<1:00:35,  7.42s/it]Best trial: 5. Best value: 3.79555:   2%|▏         | 10/500 [01:19<1:00:35,  7.42s/it]Best trial: 5. Best value: 3.79555:   2%|▏         | 11/500 [01:19<51:40,  6.34s/it]                                                                                      [I 2026-05-03 19:27:14,078] Trial 0 finished with value: 5.033418122180421 and parameters: {'rho_global_scale': 0.73698867578978, 'rho_slope_scale': 0.8864511873497449, 'f_n': 4.7e-08, 'K_d': 575000.0, 'fission_rate': 4.76e+19, 'Dg_D1_scale': 3.7614545113123623, 'Dg_D3_scale': 1.7628916560863435, 'Dv_D1_scale': 0.332885984259711, 'Dv_D2_scale': 0.7833083140658634, 'b_bulk_scale': 0.03149843675340358, 'b_dislocation_scale': 0.3033976563252229, 'gb_scale': 1.588, 'gd_bubble_scale': 1.0400469027535433, 'gd_line_scale': 1.8472709704342318, 'gd_line_alpha': 0.7471864700571536, 'coalescence_d_scale': 8.15, 'capture_scale': 2.97}. Best is trial 0 with value: 5.033418122180421.
[I 2026-05-03 19:27:21,067] Trial 1 finished with value: 4.690795813907342 and parameters: {'rho_global_scale': 0.7000901365812148, 'rho_slope_scale': 2.8596927409793773, 'f_n': 1e-08, 'K_d': 800000.0, 'fission_rate': 7.5e+19, 'Dg_D1_scale': 0.3401572220042189, 'Dg_D3_scale': 3.4505265413540016, 'Dv_D1_scale': 0.685500762435579, 'Dv_D2_scale': 0.6669459890219199, 'b_bulk_scale': 0.5352018977581412, 'b_dislocation_scale': 0.08779726722957146, 'gb_scale': 1.0, 'gd_bubble_scale': 0.745763552205467, 'gd_line_scale': 0.46190673746187005, 'gd_line_alpha': 0.3701568317761057, 'coalescence_d_scale': 1.0, 'capture_scale': 0.3}. Best is trial 1 with value: 4.690795813907342.
[I 2026-05-03 19:27:29,011] Trial 2 finished with value: 4.444503973850207 and parameters: {'rho_global_scale': 1.1613773556875142, 'rho_slope_scale': 1.135758779185246, 'f_n': 1e-06, 'K_d': 500000.0, 'fission_rate': 5e+19, 'Dg_D1_scale': 2.0845230064268656, 'Dg_D3_scale': 3.151459169575651, 'Dv_D1_scale': 0.3950797968108981, 'Dv_D2_scale': 1.1789098103745281, 'b_bulk_scale': 2.1969512679414884, 'b_dislocation_scale': 0.2592698764619038, 'gb_scale': 1.0, 'gd_bubble_scale': 1.8821296118784039, 'gd_line_scale': 1.0394603643902682, 'gd_line_alpha': 0.4854653309879806, 'coalescence_d_scale': 1.0, 'capture_scale': 1.0}. Best is trial 2 with value: 4.444503973850207.
[I 2026-05-03 19:27:38,995] Trial 3 finished with value: 8.513807777533165 and parameters: {'rho_global_scale': 1.7019355102209528, 'rho_slope_scale': 2.1065631520116725, 'f_n': 1.3333e-08, 'K_d': 714300.0, 'fission_rate': 4.9558e+19, 'Dg_D1_scale': 2.9328776969072035, 'Dg_D3_scale': 1.0068723746057568, 'Dv_D1_scale': 0.6010473573063371, 'Dv_D2_scale': 0.8699537139267657, 'b_bulk_scale': 3.029615993765911, 'b_dislocation_scale': 0.7100875415895119, 'gb_scale': 0.8994, 'gd_bubble_scale': 0.23428622600596602, 'gd_line_scale': 1.2111244658687599, 'gd_line_alpha': 0.4867994616517942, 'coalescence_d_scale': 10.99, 'capture_scale': 3.247}. Best is trial 2 with value: 4.444503973850207.
[I 2026-05-03 19:27:45,789] Trial 4 finished with value: 6.99154881616788 and parameters: {'rho_global_scale': 0.8692518753280705, 'rho_slope_scale': 1.4044304127927438, 'f_n': 2.5466e-07, 'K_d': 648460.0, 'fission_rate': 7.4799e+19, 'Dg_D1_scale': 1.5359262944164056, 'Dg_D3_scale': 2.6373769596926975, 'Dv_D1_scale': 2.0493239085243697, 'Dv_D2_scale': 0.9957671760111763, 'b_bulk_scale': 0.6335344688733682, 'b_dislocation_scale': 0.304825136108873, 'gb_scale': 0.4625, 'gd_bubble_scale': 0.05468392915284759, 'gd_line_scale': 0.3847922933025287, 'gd_line_alpha': 0.4302470289541934, 'coalescence_d_scale': 6.997, 'capture_scale': 0.1401}. Best is trial 2 with value: 4.444503973850207.
[I 2026-05-03 19:27:51,970] Trial 5 finished with value: 3.7955466665167794 and parameters: {'rho_global_scale': 1.1023945720712656, 'rho_slope_scale': 1.7347451372135017, 'f_n': 1.9043e-07, 'K_d': 633680.0, 'fission_rate': 6.8347e+19, 'Dg_D1_scale': 0.25074101760234874, 'Dg_D3_scale': 0.6475947988540786, 'Dv_D1_scale': 0.9410781182178899, 'Dv_D2_scale': 2.223413150431979, 'b_bulk_scale': 0.03038401946648435, 'b_dislocation_scale': 0.13576279512433234, 'gb_scale': 0.3881, 'gd_bubble_scale': 3.5961244782864514, 'gd_line_scale': 0.05417782276577469, 'gd_line_alpha': 0.19130138870963076, 'coalescence_d_scale': 7.005, 'capture_scale': 0.0608}. Best is trial 5 with value: 3.7955466665167794.
[I 2026-05-03 19:27:56,950] Trial 6 finished with value: 6.708553845964238 and parameters: {'rho_global_scale': 1.4674763993505306, 'rho_slope_scale': 0.7907513628947574, 'f_n': 1.3237e-08, 'K_d': 558920.0, 'fission_rate': 7.6621e+19, 'Dg_D1_scale': 0.5180482317352793, 'Dg_D3_scale': 1.525430314528194, 'Dv_D1_scale': 1.2072073941885628, 'Dv_D2_scale': 1.6816617445029471, 'b_bulk_scale': 0.10874543932012899, 'b_dislocation_scale': 0.4519680371494101, 'gb_scale': 0.4151, 'gd_bubble_scale': 5.232844737264303, 'gd_line_scale': 0.4571775928449204, 'gd_line_alpha': 0.547233543187288, 'coalescence_d_scale': 9.772, 'capture_scale': 0.1557}. Best is trial 5 with value: 3.7955466665167794.
[I 2026-05-03 19:28:04,715] Trial 7 finished with value: 3.9265532001988444 and parameters: {'rho_global_scale': 1.4827785405014078, 'rho_slope_scale': 0.7595667623217849, 'f_n': 2.940436e-07, 'K_d': 1033314.0, 'fission_rate': 6.730293e+19, 'Dg_D1_scale': 0.7040787069604219, 'Dg_D3_scale': 0.29023460973563436, 'Dv_D1_scale': 0.2001285297487138, 'Dv_D2_scale': 0.3788921685944741, 'b_bulk_scale': 0.36893172355945064, 'b_dislocation_scale': 0.04974976477137877, 'gb_scale': 1.445601, 'gd_bubble_scale': 0.9263290495375892, 'gd_line_scale': 1.662045255386519, 'gd_line_alpha': 0.35498077063914935, 'coalescence_d_scale': 3.880728, 'capture_scale': 0.024136}. Best is trial 5 with value: 3.7955466665167794.
[I 2026-05-03 19:28:12,489] Trial 8 finished with value: 4.673458753859184 and parameters: {'rho_global_scale': 0.9742230215297718, 'rho_slope_scale': 1.646346483578502, 'f_n': 5.96478e-07, 'K_d': 1198283.0, 'fission_rate': 6.685431e+19, 'Dg_D1_scale': 0.5889865692934544, 'Dg_D3_scale': 1.937597728157793, 'Dv_D1_scale': 0.3106154890340889, 'Dv_D2_scale': 1.7905177875773974, 'b_bulk_scale': 1.35665554753508, 'b_dislocation_scale': 0.09141434602689764, 'gb_scale': 1.009685, 'gd_bubble_scale': 7.384428362822331, 'gd_line_scale': 1.0162254651653742, 'gd_line_alpha': 0.9271680737514612, 'coalescence_d_scale': 2.916475, 'capture_scale': 0.027787}. Best is trial 5 with value: 3.7955466665167794.
[I 2026-05-03 19:28:20,331] Trial 9 finished with value: 4.8584107071294635 and parameters: {'rho_global_scale': 0.8903780955699281, 'rho_slope_scale': 0.5342449331703718, 'f_n': 7.392651e-07, 'K_d': 1166892.0, 'fission_rate': 6.574543e+19, 'Dg_D1_scale': 0.2217122450073959, 'Dg_D3_scale': 0.8804499912438408, 'Dv_D1_scale': 0.964311635789723, 'Dv_D2_scale': 2.850663226721705, 'b_bulk_scale': 1.6823282761019067, 'b_dislocation_scale': 0.06261198171804647, 'gb_scale': 1.30495, 'gd_bubble_scale': 3.9367380489062955, 'gd_line_scale': 0.08965620547700606, 'gd_line_alpha': 0.45554014779799923, 'coalescence_d_scale': 2.726375, 'capture_scale': 0.023283}. Best is trial 5 with value: 3.7955466665167794.
[I 2026-05-03 19:28:24,225] Trial 10 finished with value: 6.096088107796391 and parameters: {'rho_global_scale': 1.0, 'rho_slope_scale': 1.0, 'f_n': 3.4779620476558237e-10, 'K_d': 500000.0, 'fission_rate': 5.489422854977055e+19, 'Dg_D1_scale': 0.15111488712668583, 'Dg_D3_scale': 0.3238833473963138, 'Dv_D1_scale': 3.928656361376276, 'Dv_D2_scale': 3.7861910322318235, 'b_bulk_scale': 0.030751120387363745, 'b_dislocation_scale': 2.1401358689531285, 'gb_scale': 0.10974688323163516, 'gd_bubble_scale': 0.13523998708969373, 'gd_line_scale': 0.05699580784935828, 'gd_line_alpha': 0.036117022765770196, 'coalescence_d_scale': 0.2363925376511545, 'capture_scale': 0.08093698347552311}. Best is trial 5 with value: 3.7955466665167794.
[I 2026-05-03 19:28:31,832] Trial 11 finished with value: 3.741395029807364 and parameters: {'rho_global_scale': 1.0, 'rho_slope_scale': 2.0, 'f_n': 9.229143619956621e-08, 'K_d': 500000.0, 'fission_rate': 6.497648018221987e+19, 'Dg_D1_scale': 1.0220795082101617, 'Dg_D3_scale': 0.32183736112678246, 'Dv_D1_scale': 0.22790136652432222, 'Dv_D2_scale': 0.2568123854967993, 'b_bulk_scale': 0.15406487992059198, 'b_dislocation_scale': 0.04005909471592437, 'gb_scale': 7.448550953454404, 'gd_bubble_scale': 2.274684274804305, 'gd_line_scale': 9.07198432182795, 'gd_line_alpha': 0.1268717512414937, 'coalescence_d_scale': 3.0176820924441157, 'capture_scale': 0.010512036469523112}. Best is trial 11 with value: 3.741395029807364.Best trial: 5. Best value: 3.79555:   2%|▏         | 11/500 [01:27<51:40,  6.34s/it]Best trial: 11. Best value: 3.7414:   2%|▏         | 11/500 [01:27<51:40,  6.34s/it]Best trial: 11. Best value: 3.7414:   2%|▏         | 12/500 [01:27<54:43,  6.73s/it]                                                                                    Best trial: 11. Best value: 3.7414:   2%|▏         | 12/500 [01:35<54:43,  6.73s/it]Best trial: 11. Best value: 3.7414:   2%|▏         | 12/500 [01:35<54:43,  6.73s/it]Best trial: 11. Best value: 3.7414:   3%|▎         | 13/500 [01:35<58:47,  7.24s/it]                                                                                    Best trial: 11. Best value: 3.7414:   3%|▎         | 13/500 [01:43<58:47,  7.24s/it]Best trial: 11. Best value: 3.7414:   3%|▎         | 13/500 [01:43<58:47,  7.24s/it]Best trial: 11. Best value: 3.7414:   3%|▎         | 14/500 [01:43<1:01:26,  7.59s/it]                                                                                      Best trial: 11. Best value: 3.7414:   3%|▎         | 14/500 [01:53<1:01:26,  7.59s/it]Best trial: 11. Best value: 3.7414:   3%|▎         | 14/500 [01:53<1:01:26,  7.59s/it]Best trial: 11. Best value: 3.7414:   3%|▎         | 15/500 [01:53<1:06:43,  8.25s/it]                                                                                      Best trial: 11. Best value: 3.7414:   3%|▎         | 15/500 [02:01<1:06:43,  8.25s/it]Best trial: 11. Best value: 3.7414:   3%|▎         | 15/500 [02:01<1:06:43,  8.25s/it]Best trial: 11. Best value: 3.7414:   3%|▎         | 16/500 [02:01<1:04:17,  7.97s/it]                                                                                      Best trial: 11. Best value: 3.7414:   3%|▎         | 16/500 [02:09<1:04:17,  7.97s/it]Best trial: 11. Best value: 3.7414:   3%|▎         | 16/500 [02:09<1:04:17,  7.97s/it]Best trial: 11. Best value: 3.7414:   3%|▎         | 17/500 [02:09<1:04:56,  8.07s/it]                                                                                      Best trial: 11. Best value: 3.7414:   3%|▎         | 17/500 [02:15<1:04:56,  8.07s/it]Best trial: 11. Best value: 3.7414:   3%|▎         | 17/500 [02:15<1:04:56,  8.07s/it]Best trial: 11. Best value: 3.7414:   4%|▎         | 18/500 [02:15<1:00:50,  7.57s/it]                                                                                      Best trial: 11. Best value: 3.7414:   4%|▎         | 18/500 [02:19<1:00:50,  7.57s/it]Best trial: 11. Best value: 3.7414:   4%|▎         | 18/500 [02:19<1:00:50,  7.57s/it]Best trial: 11. Best value: 3.7414:   4%|▍         | 19/500 [02:19<50:35,  6.31s/it]                                                                                      Best trial: 11. Best value: 3.7414:   4%|▍         | 19/500 [02:28<50:35,  6.31s/it]Best trial: 11. Best value: 3.7414:   4%|▍         | 19/500 [02:28<50:35,  6.31s/it]Best trial: 11. Best value: 3.7414:   4%|▍         | 20/500 [02:28<56:53,  7.11s/it]                                                                                    Best trial: 11. Best value: 3.7414:   4%|▍         | 20/500 [02:35<56:53,  7.11s/it]Best trial: 11. Best value: 3.7414:   4%|▍         | 20/500 [02:35<56:53,  7.11s/it]Best trial: 11. Best value: 3.7414:   4%|▍         | 21/500 [02:35<56:27,  7.07s/it]                                                                                    Best trial: 11. Best value: 3.7414:   4%|▍         | 21/500 [02:43<56:27,  7.07s/it]Best trial: 11. Best value: 3.7414:   4%|▍         | 21/500 [02:43<56:27,  7.07s/it]Best trial: 11. Best value: 3.7414:   4%|▍         | 22/500 [02:43<58:28,  7.34s/it]                                                                                    
[I 2026-05-03 19:28:40,271] Trial 12 finished with value: 5.902320864181697 and parameters: {'rho_global_scale': 1.3, 'rho_slope_scale': 1.0, 'f_n': 6.626099088675268e-08, 'K_d': 500000.0, 'fission_rate': 6.001230805669233e+19, 'Dg_D1_scale': 0.967203112358373, 'Dg_D3_scale': 0.15286600982976173, 'Dv_D1_scale': 1.5259382587481591, 'Dv_D2_scale': 0.20974793921250742, 'b_bulk_scale': 0.11246498229192965, 'b_dislocation_scale': 0.03692492055117225, 'gb_scale': 7.0060441414147725, 'gd_bubble_scale': 2.6788266207010865, 'gd_line_scale': 9.71908183548313, 'gd_line_alpha': 0.0695268023673032, 'coalescence_d_scale': 0.41032984456634375, 'capture_scale': 0.010587073802813792}. Best is trial 11 with value: 3.741395029807364.
[I 2026-05-03 19:28:48,648] Trial 13 finished with value: 4.946772324562246 and parameters: {'rho_global_scale': 1.201914284902173, 'rho_slope_scale': 4.782818300804445, 'f_n': 2.918063836944083e-06, 'K_d': 378747.34495663724, 'fission_rate': 5.951707818712757e+19, 'Dg_D1_scale': 1.1266549432185937, 'Dg_D3_scale': 0.45249986746672366, 'Dv_D1_scale': 0.5612322537058217, 'Dv_D2_scale': 0.42447327760147, 'b_bulk_scale': 0.10491217596961502, 'b_dislocation_scale': 0.1583035296616548, 'gb_scale': 5.73488492936802, 'gd_bubble_scale': 9.89542509654871, 'gd_line_scale': 8.148479900977648, 'gd_line_alpha': 0.1828500484045138, 'coalescence_d_scale': 1.9154403630555097, 'capture_scale': 0.010688245122262536}. Best is trial 11 with value: 3.741395029807364.
[I 2026-05-03 19:28:58,450] Trial 14 finished with value: 23.82945000823742 and parameters: {'rho_global_scale': 1.0723547443110517, 'rho_slope_scale': 2.621071687613755, 'f_n': 1.9452725096431978e-09, 'K_d': 385186.91655480023, 'fission_rate': 4.1605881496531526e+19, 'Dg_D1_scale': 0.3545785941776859, 'Dg_D3_scale': 0.49766493799999706, 'Dv_D1_scale': 1.9322955371127122, 'Dv_D2_scale': 0.24481042077140397, 'b_bulk_scale': 0.07055178642506511, 'b_dislocation_scale': 0.03169967814006021, 'gb_scale': 0.17280701866247367, 'gd_bubble_scale': 2.2757707259237514, 'gd_line_scale': 0.14694505622572937, 'gd_line_alpha': 0.2027397425505288, 'coalescence_d_scale': 17.319332183949026, 'capture_scale': 0.059541744649304944}. Best is trial 11 with value: 3.741395029807364.
[I 2026-05-03 19:29:05,759] Trial 15 finished with value: 3.8284487684549804 and parameters: {'rho_global_scale': 0.8400817991598578, 'rho_slope_scale': 3.3261650210587734, 'f_n': 8.266904926136361e-08, 'K_d': 308264.6934187639, 'fission_rate': 6.943669946894581e+19, 'Dg_D1_scale': 0.3658441274742703, 'Dg_D3_scale': 0.18090087446719758, 'Dv_D1_scale': 0.20314804276825157, 'Dv_D2_scale': 2.0046025692147396, 'b_bulk_scale': 0.2097130257893638, 'b_dislocation_scale': 0.1357964249359708, 'gb_scale': 3.171880028816936, 'gd_bubble_scale': 0.3503416823005531, 'gd_line_scale': 3.8157264562047173, 'gd_line_alpha': 0.18977726672021566, 'coalescence_d_scale': 4.4637254770149974, 'capture_scale': 0.4316931207750003}. Best is trial 11 with value: 3.741395029807364.
