[I 2026-05-03 19:41:25,658] Trial 128 finished with value: 2.983821308040197 and parameters: {'rho_global_scale': 0.8131469409298019, 'rho_slope_scale': 0.6130647573637118, 'f_n': 1.9524644810189284e-06, 'K_d': 316258.04417959444, 'fission_rate': 6.7390284045469835e+19, 'Dg_D1_scale': 3.69358241284412, 'Dg_D3_scale': 3.916373371985049, 'Dv_D1_scale': 1.015615806451276, 'Dv_D2_scale': 3.5043138278483243, 'b_bulk_scale': 0.030115444751672066, 'b_dislocation_scale': 0.6248544161569102, 'gb_scale': 0.09880238449669376, 'gd_bubble_scale': 0.33782234970204633, 'gd_line_scale': 1.4574022268461686, 'gd_line_alpha': 0.5382629877271543, 'coalescence_d_scale': 0.6294271584332646, 'capture_scale': 1.0700875604865467}. Best is trial 103 with value: 2.479829645381372.
[I 2026-05-03 19:41:32,621] Trial 129 finished with value: 2.7984725634835472 and parameters: {'rho_global_scale': 0.8405454502087253, 'rho_slope_scale': 0.7011063312394851, 'f_n': 2.037568594589997e-07, 'K_d': 318618.92480097926, 'fission_rate': 6.4414361804638265e+19, 'Dg_D1_scale': 3.2113323021668547, 'Dg_D3_scale': 2.9552349022426725, 'Dv_D1_scale': 0.679603463213, 'Dv_D2_scale': 3.23985858261307, 'b_bulk_scale': 0.03354964351785142, 'b_dislocation_scale': 1.6604250523841941, 'gb_scale': 0.18423096040961595, 'gd_bubble_scale': 0.397695662696629, 'gd_line_scale': 4.195433578875988, 'gd_line_alpha': 0.7202450018035993, 'coalescence_d_scale': 1.6288409621815716, 'capture_scale': 0.5129877460312151}. Best is trial 103 with value: 2.479829645381372.
[I 2026-05-03 19:41:38,678] Trial 130 finished with value: 2.8789726104163558 and parameters: {'rho_global_scale': 0.7631044974174634, 'rho_slope_scale': 0.5276616167368993, 'f_n': 1.2573780399195754e-07, 'K_d': 329285.48760479287, 'fission_rate': 6.632773311967241e+19, 'Dg_D1_scale': 3.728079103142303, 'Dg_D3_scale': 3.299168290534787, 'Dv_D1_scale': 0.29147456877736866, 'Dv_D2_scale': 3.9582308988738584, 'b_bulk_scale': 0.04184828852132388, 'b_dislocation_scale': 0.9057106417974012, 'gb_scale': 0.15657063056502843, 'gd_bubble_scale': 0.48466228645675685, 'gd_line_scale': 3.287485248484832, 'gd_line_alpha': 0.6363151807282622, 'coalescence_d_scale': 1.1541081719791697, 'capture_scale': 0.8320841490559525}. Best is trial 103 with value: 2.479829645381372.
[I 2026-05-03 19:41:46,468] Trial 131 finished with value: 2.67986443074553 and parameters: {'rho_global_scale': 0.8637196804697648, 'rho_slope_scale': 0.5661800114360805, 'f_n': 9.858947515664788e-08, 'K_d': 306816.50631387084, 'fission_rate': 6.3650605255600644e+19, 'Dg_D1_scale': 3.424853641627366, 'Dg_D3_scale': 3.515289325858077, 'Dv_D1_scale': 0.20179703367390076, 'Dv_D2_scale': 3.7186636750337274, 'b_bulk_scale': 0.05328115082963573, 'b_dislocation_scale': 1.0030355075148218, 'gb_scale': 0.1351731736092295, 'gd_bubble_scale': 0.8991562134479039, 'gd_line_scale': 1.6442985691228487, 'gd_line_alpha': 0.6009680954285728, 'coalescence_d_scale': 0.5813831130424733, 'capture_scale': 0.9558408482515145}. Best is trial 103 with value: 2.479829645381372.
[I 2026-05-03 19:41:53,160] Trial 132 finished with value: 2.7807449721391793 and parameters: {'rho_global_scale': 0.8763286899615872, 'rho_slope_scale': 0.5607291378919687, 'f_n': 1.4643839659296617e-07, 'K_d': 305997.37126550876, 'fission_rate': 6.3081489286732644e+19, 'Dg_D1_scale': 3.44803161368285, 'Dg_D3_scale': 3.1757207753072363, 'Dv_D1_scale': 0.2143500690211309, 'Dv_D2_scale': 3.017068877210311, 'b_bulk_scale': 0.03638724794124779, 'b_dislocation_scale': 0.930742837799057, 'gb_scale': 0.2241243456671007, 'gd_bubble_scale': 0.3033679770081699, 'gd_line_scale': 1.7703104437862667, 'gd_line_alpha': 0.6703464126819418, 'coalescence_d_scale': 0.9642894220092824, 'capture_scale': 1.3791973932943165}. Best is trial 103 with value: 2.479829645381372.Best trial: 103. Best value: 2.47983:  26%|██▋       | 132/500 [14:48<42:12,  6.88s/it]Best trial: 103. Best value: 2.47983:  26%|██▋       | 132/500 [14:48<42:12,  6.88s/it]Best trial: 103. Best value: 2.47983:  27%|██▋       | 133/500 [14:48<41:44,  6.82s/it]                                                                                       Best trial: 103. Best value: 2.47983:  27%|██▋       | 133/500 [14:56<41:44,  6.82s/it]Best trial: 103. Best value: 2.47983:  27%|██▋       | 133/500 [14:56<41:44,  6.82s/it]Best trial: 103. Best value: 2.47983:  27%|██▋       | 134/500 [14:56<43:20,  7.11s/it]                                                                                       Best trial: 103. Best value: 2.47983:  27%|██▋       | 134/500 [15:02<43:20,  7.11s/it]Best trial: 103. Best value: 2.47983:  27%|██▋       | 134/500 [15:02<43:20,  7.11s/it]Best trial: 103. Best value: 2.47983:  27%|██▋       | 135/500 [15:02<40:54,  6.73s/it]                                                                                       Best trial: 103. Best value: 2.47983:  27%|██▋       | 135/500 [15:09<40:54,  6.73s/it]Best trial: 103. Best value: 2.47983:  27%|██▋       | 135/500 [15:09<40:54,  6.73s/it]Best trial: 103. Best value: 2.47983:  27%|██▋       | 136/500 [15:09<42:44,  7.05s/it]                                                                                       Best trial: 103. Best value: 2.47983:  27%|██▋       | 136/500 [15:16<42:44,  7.05s/it]Best trial: 103. Best value: 2.47983:  27%|██▋       | 136/500 [15:16<42:44,  7.05s/it]Best trial: 103. Best value: 2.47983:  27%|██▋       | 137/500 [15:16<42:27,  7.02s/it]                                                                                       Best trial: 103. Best value: 2.47983:  27%|██▋       | 137/500 [15:25<42:27,  7.02s/it]Best trial: 103. Best value: 2.47983:  27%|██▋       | 137/500 [15:25<42:27,  7.02s/it]Best trial: 103. Best value: 2.47983:  28%|██▊       | 138/500 [15:25<44:55,  7.45s/it]                                                                                       Best trial: 103. Best value: 2.47983:  28%|██▊       | 138/500 [15:30<44:55,  7.45s/it]Best trial: 103. Best value: 2.47983:  28%|██▊       | 138/500 [15:30<44:55,  7.45s/it]Best trial: 103. Best value: 2.47983:  28%|██▊       | 139/500 [15:30<41:33,  6.91s/it]                                                                                       Best trial: 103. Best value: 2.47983:  28%|██▊       | 139/500 [15:39<41:33,  6.91s/it]Best trial: 103. Best value: 2.47983:  28%|██▊       | 139/500 [15:39<41:33,  6.91s/it]Best trial: 103. Best value: 2.47983:  28%|██▊       | 140/500 [15:39<44:44,  7.46s/it]                                                                                       Best trial: 103. Best value: 2.47983:  28%|██▊       | 140/500 [15:48<44:44,  7.46s/it]Best trial: 103. Best value: 2.47983:  28%|██▊       | 140/500 [15:48<44:44,  7.46s/it]Best trial: 103. Best value: 2.47983:  28%|██▊       | 141/500 [15:48<46:54,  7.84s/it]                                                                                       Best trial: 103. Best value: 2.47983:  28%|██▊       | 141/500 [15:55<46:54,  7.84s/it]Best trial: 103. Best value: 2.47983:  28%|██▊       | 141/500 [15:55<46:54,  7.84s/it]Best trial: 103. Best value: 2.47983:  28%|██▊       | 142/500 [15:55<44:48,  7.51s/it]                                                                                       Best trial: 103. Best value: 2.47983:  28%|██▊       | 142/500 [16:00<44:48,  7.51s/it]Best trial: 103. Best value: 2.47983:  28%|██▊       | 142/500 [16:00<44:48,  7.51s/it]Best trial: 103. Best value: 2.47983:  29%|██▊       | 143/500 [16:00<41:21,  6.95s/it]                                                                                       
[I 2026-05-03 19:42:00,918] Trial 133 finished with value: 2.575492528440355 and parameters: {'rho_global_scale': 0.8481125559468137, 'rho_slope_scale': 0.5941349267841337, 'f_n': 3.185413226739118e-07, 'K_d': 311078.738588506, 'fission_rate': 6.546145420869192e+19, 'Dg_D1_scale': 2.982449944193321, 'Dg_D3_scale': 3.7492296298030032, 'Dv_D1_scale': 0.22451483244644355, 'Dv_D2_scale': 3.7193292778496416, 'b_bulk_scale': 0.04714850380969591, 'b_dislocation_scale': 0.7403629915273476, 'gb_scale': 0.14930346756126348, 'gd_bubble_scale': 1.020022147157344, 'gd_line_scale': 1.9242233642943734, 'gd_line_alpha': 0.5693932203965614, 'coalescence_d_scale': 0.7936699862220913, 'capture_scale': 0.8969320116214542}. Best is trial 103 with value: 2.479829645381372.
[I 2026-05-03 19:42:06,749] Trial 134 finished with value: 2.6668528587789333 and parameters: {'rho_global_scale': 0.8000484508415244, 'rho_slope_scale': 0.6018950258960206, 'f_n': 3.480758268250036e-07, 'K_d': 323645.37563065556, 'fission_rate': 6.5512250303205425e+19, 'Dg_D1_scale': 2.995025232336221, 'Dg_D3_scale': 3.6834902600278077, 'Dv_D1_scale': 0.2291122994370933, 'Dv_D2_scale': 2.5830168629448815, 'b_bulk_scale': 0.03262488057328183, 'b_dislocation_scale': 0.7237076655301038, 'gb_scale': 0.11992339054908367, 'gd_bubble_scale': 1.0238087093428632, 'gd_line_scale': 2.6908417595532534, 'gd_line_alpha': 0.5643952524815208, 'coalescence_d_scale': 0.7654819877661367, 'capture_scale': 0.3961586523195834}. Best is trial 103 with value: 2.479829645381372.
[I 2026-05-03 19:42:14,558] Trial 135 finished with value: 3.9139840587261783 and parameters: {'rho_global_scale': 1.8672147531751657, 'rho_slope_scale': 0.648568526405134, 'f_n': 7.818849137991492e-08, 'K_d': 313255.22761287796, 'fission_rate': 6.732076181828278e+19, 'Dg_D1_scale': 0.305854684743944, 'Dg_D3_scale': 3.9859071385639324, 'Dv_D1_scale': 0.2563767318465387, 'Dv_D2_scale': 2.8198136407977272, 'b_bulk_scale': 0.045807856639198445, 'b_dislocation_scale': 0.5607204336706428, 'gb_scale': 0.26757808612011325, 'gd_bubble_scale': 0.680238417989996, 'gd_line_scale': 1.9453949627067924, 'gd_line_alpha': 0.7623114245607227, 'coalescence_d_scale': 1.3093899826733797, 'capture_scale': 0.6884235702572147}. Best is trial 103 with value: 2.479829645381372.
[I 2026-05-03 19:42:21,494] Trial 136 finished with value: 2.9601916702464113 and parameters: {'rho_global_scale': 0.8445996863894785, 'rho_slope_scale': 0.5230554822324879, 'f_n': 1.1427997067767744e-06, 'K_d': 317561.2176863565, 'fission_rate': 5.906306799396034e+19, 'Dg_D1_scale': 2.6355750294417977, 'Dg_D3_scale': 2.7944919710039375, 'Dv_D1_scale': 0.2397591166428518, 'Dv_D2_scale': 3.39603356690154, 'b_bulk_scale': 0.0397227166986259, 'b_dislocation_scale': 0.4855286567743618, 'gb_scale': 0.18028937345905133, 'gd_bubble_scale': 0.4251254885831509, 'gd_line_scale': 1.3058914785752818, 'gd_line_alpha': 0.7059477631376813, 'coalescence_d_scale': 1.0061210584861167, 'capture_scale': 1.137494478357495}. Best is trial 103 with value: 2.479829645381372.
[I 2026-05-03 19:42:29,955] Trial 137 finished with value: 2.5590125215077086 and parameters: {'rho_global_scale': 0.9050741901505092, 'rho_slope_scale': 0.5445696515729592, 'f_n': 3.1601394339704854e-07, 'K_d': 310076.7685084874, 'fission_rate': 5.721145635781251e+19, 'Dg_D1_scale': 3.1325954696058433, 'Dg_D3_scale': 3.3947152053212206, 'Dv_D1_scale': 0.21825542044465662, 'Dv_D2_scale': 3.1823675671307705, 'b_bulk_scale': 0.030143597349129282, 'b_dislocation_scale': 0.6392159385054939, 'gb_scale': 0.10144291084717037, 'gd_bubble_scale': 0.7949679993712081, 'gd_line_scale': 1.5297992682836123, 'gd_line_alpha': 0.731585170065076, 'coalescence_d_scale': 0.6800771757528006, 'capture_scale': 0.8984164861773711}. Best is trial 103 with value: 2.479829645381372.
[I 2026-05-03 19:42:35,584] Trial 138 finished with value: 2.6457334241754236 and parameters: {'rho_global_scale': 0.893769740639856, 'rho_slope_scale': 0.5358275301765093, 'f_n': 3.0306585220433046e-07, 'K_d': 311531.7866664819, 'fission_rate': 6.628472080828763e+19, 'Dg_D1_scale': 2.7703175285016504, 'Dg_D3_scale': 3.708363718012104, 'Dv_D1_scale': 0.2196764712733754, 'Dv_D2_scale': 3.5716269262020295, 'b_bulk_scale': 0.035338471146566, 'b_dislocation_scale': 1.1329441165475058, 'gb_scale': 0.10094211469361289, 'gd_bubble_scale': 1.4236453611175035, 'gd_line_scale': 3.0374387188184273, 'gd_line_alpha': 0.7290837343411259, 'coalescence_d_scale': 0.6828143301077321, 'capture_scale': 0.9261778792926642}. Best is trial 103 with value: 2.479829645381372.
[I 2026-05-03 19:42:44,346] Trial 139 finished with value: 2.772276754003149 and parameters: {'rho_global_scale': 0.7911763224659566, 'rho_slope_scale': 0.5208290349154259, 'f_n': 4.696456408829982e-07, 'K_d': 335776.17679884454, 'fission_rate': 5.657129333502173e+19, 'Dg_D1_scale': 3.1740773439520438, 'Dg_D3_scale': 3.035490627358529, 'Dv_D1_scale': 0.2689694182055381, 'Dv_D2_scale': 3.7023885701317054, 'b_bulk_scale': 0.03360466028246595, 'b_dislocation_scale': 0.7859634213362033, 'gb_scale': 0.08073717732657058, 'gd_bubble_scale': 0.830998333086004, 'gd_line_scale': 2.5712018612823813, 'gd_line_alpha': 0.5171441357244861, 'coalescence_d_scale': 0.8565717851558116, 'capture_scale': 0.7430175225322357}. Best is trial 103 with value: 2.479829645381372.
[I 2026-05-03 19:42:53,070] Trial 140 finished with value: 2.698507846111745 and parameters: {'rho_global_scale': 0.8242522489783696, 'rho_slope_scale': 0.6231172981556606, 'f_n': 2.184806856078065e-07, 'K_d': 305463.7648135598, 'fission_rate': 5.332483204006658e+19, 'Dg_D1_scale': 3.8074148611280982, 'Dg_D3_scale': 3.440055995022993, 'Dv_D1_scale': 0.21395197617040196, 'Dv_D2_scale': 2.510211782261835, 'b_bulk_scale': 0.062488679929113396, 'b_dislocation_scale': 0.6441687362092064, 'gb_scale': 0.16879657646242094, 'gd_bubble_scale': 0.5613983158087275, 'gd_line_scale': 1.1605101235070099, 'gd_line_alpha': 0.7607537886611258, 'coalescence_d_scale': 0.7199019578922823, 'capture_scale': 0.6260116279898612}. Best is trial 103 with value: 2.479829645381372.
[I 2026-05-03 19:42:59,807] Trial 141 finished with value: 2.646376669508622 and parameters: {'rho_global_scale': 0.8485186645658523, 'rho_slope_scale': 0.5840576420935135, 'f_n': 6.17357237840517e-07, 'K_d': 325011.06551693915, 'fission_rate': 6.126435964440933e+19, 'Dg_D1_scale': 3.5625054201038187, 'Dg_D3_scale': 3.287230036816246, 'Dv_D1_scale': 0.22864951136832934, 'Dv_D2_scale': 3.1754439279734927, 'b_bulk_scale': 0.030211648548390656, 'b_dislocation_scale': 0.5244903740134061, 'gb_scale': 0.20653780546886685, 'gd_bubble_scale': 0.3684585727295149, 'gd_line_scale': 1.5736237937175062, 'gd_line_alpha': 0.6952728283482152, 'coalescence_d_scale': 0.9341723155281106, 'capture_scale': 0.5238983499637052}. Best is trial 103 with value: 2.479829645381372.
[I 2026-05-03 19:43:05,464] Trial 142 finished with value: 2.5239678540749813 and parameters: {'rho_global_scale': 0.8145716293824806, 'rho_slope_scale': 0.5003342308423323, 'f_n': 2.9586630401293806e-07, 'K_d': 300815.12514429016, 'fission_rate': 6.016781712953222e+19, 'Dg_D1_scale': 3.096199905332877, 'Dg_D3_scale': 3.7380195943862304, 'Dv_D1_scale': 0.24745412413549614, 'Dv_D2_scale': 3.0178831488957787, 'b_bulk_scale': 0.03738612105782405, 'b_dislocation_scale': 0.5897243024185688, 'gb_scale': 0.3080736119100786, 'gd_bubble_scale': 0.7541040244982045, 'gd_line_scale': 2.020449918491256, 'gd_line_alpha': 0.4674491532621851, 'coalescence_d_scale': 1.0971977901204366, 'capture_scale': 0.2598775226128958}. Best is trial 103 with value: 2.479829645381372.
[I 2026-05-03 19:43:13,370] Trial 143 finished with value: 2.5258072272373577 and parameters: {'rho_global_scale': 0.8118883971524558, 'rho_slope_scale': 0.5489512639203409, 'f_n': 2.8757125530025674e-07, 'K_d': 310649.1487251183, 'fission_rate': 5.7032621325450084e+19, 'Dg_D1_scale': 3.0024298162992804, 'Dg_D3_scale': 3.7400063548314484, 'Dv_D1_scale': 0.25137977559330943, 'Dv_D2_scale': 2.8123441591032288, 'b_bulk_scale': 0.03869421900194316, 'b_dislocation_scale': 0.5956999682150885, 'gb_scale': 0.323698321876143, 'gd_bubble_scale': 0.7435969332698426, 'gd_line_scale': 2.052654374993863, 'gd_line_alpha': 0.4551073138899128, 'coalescence_d_scale': 1.1225989666135008, 'capture_scale': 0.23594560912841842}. Best is trial 103 with value: 2.479829645381372.Best trial: 103. Best value: 2.47983:  29%|██▊       | 143/500 [16:08<41:21,  6.95s/it]Best trial: 103. Best value: 2.47983:  29%|██▊       | 143/500 [16:08<41:21,  6.95s/it]Best trial: 103. Best value: 2.47983:  29%|██▉       | 144/500 [16:08<42:56,  7.24s/it]                                                                                       Best trial: 103. Best value: 2.47983:  29%|██▉       | 144/500 [16:15<42:56,  7.24s/it]Best trial: 103. Best value: 2.47983:  29%|██▉       | 144/500 [16:15<42:56,  7.24s/it]Best trial: 103. Best value: 2.47983:  29%|██▉       | 145/500 [16:15<42:41,  7.22s/it]                                                                                       Best trial: 103. Best value: 2.47983:  29%|██▉       | 145/500 [16:23<42:41,  7.22s/it]Best trial: 103. Best value: 2.47983:  29%|██▉       | 145/500 [16:23<42:41,  7.22s/it]Best trial: 103. Best value: 2.47983:  29%|██▉       | 146/500 [16:23<42:59,  7.29s/it]                                                                                       Best trial: 103. Best value: 2.47983:  29%|██▉       | 146/500 [16:29<42:59,  7.29s/it]Best trial: 103. Best value: 2.47983:  29%|██▉       | 146/500 [16:29<42:59,  7.29s/it]Best trial: 103. Best value: 2.47983:  29%|██▉       | 147/500 [16:29<41:44,  7.09s/it]                                                                                       Best trial: 103. Best value: 2.47983:  29%|██▉       | 147/500 [16:35<41:44,  7.09s/it]Best trial: 103. Best value: 2.47983:  29%|██▉       | 147/500 [16:35<41:44,  7.09s/it]Best trial: 103. Best value: 2.47983:  30%|██▉       | 148/500 [16:35<38:26,  6.55s/it]                                                                                       Best trial: 103. Best value: 2.47983:  30%|██▉       | 148/500 [16:42<38:26,  6.55s/it]Best trial: 103. Best value: 2.47983:  30%|██▉       | 148/500 [16:42<38:26,  6.55s/it]Best trial: 103. Best value: 2.47983:  30%|██▉       | 149/500 [16:42<39:23,  6.73s/it]                                                                                       Best trial: 103. Best value: 2.47983:  30%|██▉       | 149/500 [16:49<39:23,  6.73s/it]Best trial: 103. Best value: 2.47983:  30%|██▉       | 149/500 [16:49<39:23,  6.73s/it]Best trial: 103. Best value: 2.47983:  30%|███       | 150/500 [16:49<40:31,  6.95s/it]                                                                                       Best trial: 103. Best value: 2.47983:  30%|███       | 150/500 [16:57<40:31,  6.95s/it]Best trial: 103. Best value: 2.47983:  30%|███       | 150/500 [16:57<40:31,  6.95s/it]Best trial: 103. Best value: 2.47983:  30%|███       | 151/500 [16:57<41:02,  7.06s/it]                                                                                       Best trial: 103. Best value: 2.47983:  30%|███       | 151/500 [17:02<41:02,  7.06s/it]Best trial: 103. Best value: 2.47983:  30%|███       | 151/500 [17:02<41:02,  7.06s/it]Best trial: 103. Best value: 2.47983:  30%|███       | 152/500 [17:02<37:12,  6.42s/it]                                                                                       Best trial: 103. Best value: 2.47983:  30%|███       | 152/500 [17:09<37:12,  6.42s/it]Best trial: 103. Best value: 2.47983:  30%|███       | 152/500 [17:09<37:12,  6.42s/it]Best trial: 103. Best value: 2.47983:  31%|███       | 153/500 [17:09<38:54,  6.73s/it]                                                                                       Best trial: 103. Best value: 2.47983:  31%|███       | 153/500 [17:15<38:54,  6.73s/it]Best trial: 103. Best value: 2.47983:  31%|███       | 153/500 [17:15<38:54,  6.73s/it]Best trial: 103. Best value: 2.47983:  31%|███       | 154/500 [17:15<38:08,  6.62s/it]                                                                                       
[I 2026-05-03 19:43:20,533] Trial 144 finished with value: 2.629988024365601 and parameters: {'rho_global_scale': 0.7673672173556245, 'rho_slope_scale': 0.5001733296191674, 'f_n': 3.191501429146155e-07, 'K_d': 300287.8987365104, 'fission_rate': 5.750304670467212e+19, 'Dg_D1_scale': 3.2963796448462723, 'Dg_D3_scale': 3.6428260643740913, 'Dv_D1_scale': 0.2114424486986769, 'Dv_D2_scale': 3.3939247542261577, 'b_bulk_scale': 0.036697851947791016, 'b_dislocation_scale': 0.6013803547667547, 'gb_scale': 0.2984699759519775, 'gd_bubble_scale': 0.7713021682357234, 'gd_line_scale': 1.8566046504256513, 'gd_line_alpha': 0.4591993016854223, 'coalescence_d_scale': 1.1107418539944647, 'capture_scale': 0.16569754601033332}. Best is trial 103 with value: 2.479829645381372.
[I 2026-05-03 19:43:27,985] Trial 145 finished with value: 2.689284826645047 and parameters: {'rho_global_scale': 0.8210766224330175, 'rho_slope_scale': 0.5316825452238185, 'f_n': 2.4912086729652137e-07, 'K_d': 312046.71850104467, 'fission_rate': 5.412770007233028e+19, 'Dg_D1_scale': 2.5660951810872734, 'Dg_D3_scale': 2.8126841092932033, 'Dv_D1_scale': 0.261233531114694, 'Dv_D2_scale': 2.80540499215369, 'b_bulk_scale': 0.04065041375644811, 'b_dislocation_scale': 0.704720505782944, 'gb_scale': 0.4119759728502285, 'gd_bubble_scale': 0.6471900133010249, 'gd_line_scale': 2.160360866779037, 'gd_line_alpha': 0.40751577447853343, 'coalescence_d_scale': 0.7911350134163794, 'capture_scale': 0.2762729603530719}. Best is trial 103 with value: 2.479829645381372.
