[I 2026-05-04 11:50:55,647] Trial 99 finished with value: 5.220186941138671 and parameters: {'rho_scale': 1.236846644707039, 'f_n': 1.758666974738164e-07, 'K_d': 314556.06662418565, 'fission_rate': 7.713185508282397e+19, 'Dg_D1_scale': 2.8218205256868067, 'Dg_D3_scale': 0.3872315464310335, 'Dv_D1_scale': 0.27469584560813964, 'Dv_D2_scale': 0.811813965082537, 'b_bulk_scale': 0.03418573399820422, 'b_dislocation_scale': 1.6921276447968576, 'gb_scale': 0.3479176256038543, 'gd_bubble_scale': 1.0806342135776867, 'gd_line_scale': 0.4155463311417168, 'gd_line_alpha': 0.36736231940383934, 'coalescence_d_scale': 2.987097039324234, 'capture_scale': 0.7112853256220538}. Best is trial 94 with value: 2.4193650653076473.
[I 2026-05-04 11:51:01,707] Trial 100 finished with value: 2.5457232700117944 and parameters: {'rho_scale': 0.9157284833729109, 'f_n': 4.0606073060533276e-08, 'K_d': 329965.9212471538, 'fission_rate': 7.869766982753827e+19, 'Dg_D1_scale': 3.062437185659371, 'Dg_D3_scale': 0.1988789499339305, 'Dv_D1_scale': 0.24246176799981725, 'Dv_D2_scale': 0.40670569603061507, 'b_bulk_scale': 0.03870712932372869, 'b_dislocation_scale': 1.401623233117095, 'gb_scale': 0.1639164333722809, 'gd_bubble_scale': 0.6662506791336859, 'gd_line_scale': 3.040894126409867, 'gd_line_alpha': 0.2797453295349608, 'coalescence_d_scale': 2.218179201565839, 'capture_scale': 0.961845302422299}. Best is trial 94 with value: 2.4193650653076473.
[I 2026-05-04 11:51:07,925] Trial 101 finished with value: 2.4971931445154585 and parameters: {'rho_scale': 0.9541661837994987, 'f_n': 3.8010501040391135e-08, 'K_d': 320917.8726544948, 'fission_rate': 7.85361302941884e+19, 'Dg_D1_scale': 3.094133762806117, 'Dg_D3_scale': 0.19908819537610076, 'Dv_D1_scale': 0.22570239120549984, 'Dv_D2_scale': 0.3958563334694009, 'b_bulk_scale': 0.03955898171461709, 'b_dislocation_scale': 1.3381141620815455, 'gb_scale': 0.14354798509971, 'gd_bubble_scale': 0.6173234328331044, 'gd_line_scale': 3.0723946130126794, 'gd_line_alpha': 0.2733450431412907, 'coalescence_d_scale': 2.5296231891678747, 'capture_scale': 0.9807652273686919}. Best is trial 94 with value: 2.4193650653076473.
[I 2026-05-04 11:51:11,708] Trial 102 finished with value: 2.5989902822265525 and parameters: {'rho_scale': 0.909289878454623, 'f_n': 4.014671311131977e-08, 'K_d': 330404.8622847526, 'fission_rate': 7.852845060262055e+19, 'Dg_D1_scale': 3.031729149749682, 'Dg_D3_scale': 0.42827265937740855, 'Dv_D1_scale': 0.23515666483953196, 'Dv_D2_scale': 0.4009574238870603, 'b_bulk_scale': 0.03879330873112027, 'b_dislocation_scale': 0.8681008853214105, 'gb_scale': 0.10554941117758201, 'gd_bubble_scale': 0.6712870784049378, 'gd_line_scale': 2.8014232181550756, 'gd_line_alpha': 0.27492599019462677, 'coalescence_d_scale': 3.8648687665739203, 'capture_scale': 0.9673584770247651}. Best is trial 94 with value: 2.4193650653076473.
[I 2026-05-04 11:51:17,668] Trial 103 finished with value: 3.7215350312979236 and parameters: {'rho_scale': 0.8823666261072928, 'f_n': 5.225463001721263e-08, 'K_d': 321403.5996176164, 'fission_rate': 7.913414504004316e+19, 'Dg_D1_scale': 2.5570393021295685, 'Dg_D3_scale': 0.16927026765168451, 'Dv_D1_scale': 1.940447467032723, 'Dv_D2_scale': 0.4367782356465208, 'b_bulk_scale': 0.04613451533955222, 'b_dislocation_scale': 1.3687025077143646, 'gb_scale': 0.1535441620888007, 'gd_bubble_scale': 1.3599555171459676, 'gd_line_scale': 3.1495603380962525, 'gd_line_alpha': 0.34159841355762777, 'coalescence_d_scale': 2.177982867480092, 'capture_scale': 1.7707028662888047}. Best is trial 94 with value: 2.4193650653076473.Best trial: 94. Best value: 2.41937:  23%|██▎       | 23/100 [02:18<06:28,  5.05s/it]Best trial: 94. Best value: 2.41937:  23%|██▎       | 23/100 [02:18<06:28,  5.05s/it]Best trial: 94. Best value: 2.41937:  24%|██▍       | 24/100 [02:18<06:44,  5.32s/it]                                                                                     Best trial: 94. Best value: 2.41937:  24%|██▍       | 24/100 [02:23<06:44,  5.32s/it]Best trial: 94. Best value: 2.41937:  24%|██▍       | 24/100 [02:24<06:44,  5.32s/it]Best trial: 94. Best value: 2.41937:  25%|██▌       | 25/100 [02:24<06:44,  5.40s/it]                                                                                     Best trial: 94. Best value: 2.41937:  25%|██▌       | 25/100 [02:30<06:44,  5.40s/it]Best trial: 94. Best value: 2.41937:  25%|██▌       | 25/100 [02:31<06:44,  5.40s/it]Best trial: 94. Best value: 2.41937:  26%|██▌       | 26/100 [02:31<07:14,  5.88s/it]                                                                                     Best trial: 94. Best value: 2.41937:  26%|██▌       | 26/100 [02:36<07:14,  5.88s/it]Best trial: 94. Best value: 2.41937:  26%|██▌       | 26/100 [02:37<07:14,  5.88s/it]Best trial: 94. Best value: 2.41937:  27%|██▋       | 27/100 [02:37<07:11,  5.91s/it]                                                                                     Best trial: 94. Best value: 2.41937:  27%|██▋       | 27/100 [02:43<07:11,  5.91s/it]Best trial: 94. Best value: 2.41937:  27%|██▋       | 27/100 [02:43<07:11,  5.91s/it]Best trial: 94. Best value: 2.41937:  28%|██▊       | 28/100 [02:43<07:22,  6.15s/it]                                                                                     Best trial: 94. Best value: 2.41937:  28%|██▊       | 28/100 [02:50<07:22,  6.15s/it]Best trial: 94. Best value: 2.41937:  28%|██▊       | 28/100 [02:50<07:22,  6.15s/it]Best trial: 94. Best value: 2.41937:  29%|██▉       | 29/100 [02:50<07:29,  6.32s/it]                                                                                     Best trial: 94. Best value: 2.41937:  29%|██▉       | 29/100 [02:57<07:29,  6.32s/it]Best trial: 94. Best value: 2.41937:  29%|██▉       | 29/100 [02:57<07:29,  6.32s/it]Best trial: 94. Best value: 2.41937:  30%|███       | 30/100 [02:57<07:47,  6.68s/it]                                                                                     Best trial: 94. Best value: 2.41937:  30%|███       | 30/100 [03:04<07:47,  6.68s/it]Best trial: 94. Best value: 2.41937:  30%|███       | 30/100 [03:04<07:47,  6.68s/it]Best trial: 94. Best value: 2.41937:  31%|███       | 31/100 [03:04<07:39,  6.66s/it]                                                                                     Best trial: 94. Best value: 2.41937:  31%|███       | 31/100 [03:08<07:39,  6.66s/it]Best trial: 94. Best value: 2.41937:  31%|███       | 31/100 [03:08<07:39,  6.66s/it]Best trial: 94. Best value: 2.41937:  32%|███▏      | 32/100 [03:08<06:33,  5.79s/it]                                                                                     Best trial: 94. Best value: 2.41937:  32%|███▏      | 32/100 [03:14<06:33,  5.79s/it]Best trial: 94. Best value: 2.41937:  32%|███▏      | 32/100 [03:14<06:33,  5.79s/it]Best trial: 94. Best value: 2.41937:  33%|███▎      | 33/100 [03:14<06:41,  5.99s/it]                                                                                     Best trial: 94. Best value: 2.41937:  33%|███▎      | 33/100 [03:21<06:41,  5.99s/it]Best trial: 94. Best value: 2.41937:  33%|███▎      | 33/100 [03:21<06:41,  5.99s/it]Best trial: 94. Best value: 2.41937:  34%|███▍      | 34/100 [03:21<06:43,  6.12s/it]                                                                                     Best trial: 94. Best value: 2.41937:  34%|███▍      | 34/100 [03:27<06:43,  6.12s/it]Best trial: 94. Best value: 2.41937:  34%|███▍      | 34/100 [03:27<06:43,  6.12s/it]Best trial: 94. Best value: 2.41937:  35%|███▌      | 35/100 [03:27<06:48,  6.29s/it]                                                                                     
[I 2026-05-04 11:51:23,234] Trial 104 finished with value: 2.7300671933305223 and parameters: {'rho_scale': 0.9631895451147492, 'f_n': 3.6014417180509326e-07, 'K_d': 313980.3841604061, 'fission_rate': 7.461136744795577e+19, 'Dg_D1_scale': 2.7754722369153937, 'Dg_D3_scale': 0.32195406421429107, 'Dv_D1_scale': 0.22580030813810428, 'Dv_D2_scale': 2.8320095416051605, 'b_bulk_scale': 0.0398880075391616, 'b_dislocation_scale': 2.3036163371727416, 'gb_scale': 0.15538287461600753, 'gd_bubble_scale': 0.5376465833768337, 'gd_line_scale': 5.30343477195111, 'gd_line_alpha': 0.19454269316914252, 'coalescence_d_scale': 1.320572598487325, 'capture_scale': 0.7298394177519386}. Best is trial 94 with value: 2.4193650653076473.
[I 2026-05-04 11:51:30,241] Trial 105 finished with value: 2.736957157827582 and parameters: {'rho_scale': 0.9880410580169747, 'f_n': 2.2971717610254953e-08, 'K_d': 352773.2880507631, 'fission_rate': 7.3359128466338234e+19, 'Dg_D1_scale': 2.347631687200546, 'Dg_D3_scale': 0.2793733386812061, 'Dv_D1_scale': 0.263297637790541, 'Dv_D2_scale': 0.6243077795910205, 'b_bulk_scale': 0.08896637081002086, 'b_dislocation_scale': 1.4759211469135478, 'gb_scale': 0.13753000826611392, 'gd_bubble_scale': 0.9925778022792914, 'gd_line_scale': 4.246400299791668, 'gd_line_alpha': 0.23638527526641984, 'coalescence_d_scale': 3.2727322094228803, 'capture_scale': 1.4668042774175878}. Best is trial 94 with value: 2.4193650653076473.
[I 2026-05-04 11:51:36,242] Trial 106 finished with value: 2.914713793030043 and parameters: {'rho_scale': 1.0449388090515401, 'f_n': 1.1106918560785407e-08, 'K_d': 329904.80507437914, 'fission_rate': 5.741308639410371e+19, 'Dg_D1_scale': 3.5942256823144674, 'Dg_D3_scale': 0.6213239555759813, 'Dv_D1_scale': 0.30119422386030986, 'Dv_D2_scale': 0.3701900240847533, 'b_bulk_scale': 0.06871635021838753, 'b_dislocation_scale': 1.2176559815362589, 'gb_scale': 0.23382708118110576, 'gd_bubble_scale': 0.4541120516603065, 'gd_line_scale': 2.368599011943319, 'gd_line_alpha': 0.20788902590617692, 'coalescence_d_scale': 1.5416246179186734, 'capture_scale': 3.6413975539468364}. Best is trial 94 with value: 2.4193650653076473.
[I 2026-05-04 11:51:42,939] Trial 107 finished with value: 2.5678657942668632 and parameters: {'rho_scale': 0.9270085567844314, 'f_n': 1.8004093876634717e-08, 'K_d': 321917.75540726795, 'fission_rate': 7.497475040839333e+19, 'Dg_D1_scale': 3.072586866525273, 'Dg_D3_scale': 0.19584019189687615, 'Dv_D1_scale': 0.24677556239170154, 'Dv_D2_scale': 0.4067688558848655, 'b_bulk_scale': 0.03636009081178444, 'b_dislocation_scale': 2.1712716496668514, 'gb_scale': 0.16446550871444426, 'gd_bubble_scale': 0.6094227517338524, 'gd_line_scale': 4.8336730121934375, 'gd_line_alpha': 0.29365853350960053, 'coalescence_d_scale': 2.7134420997667377, 'capture_scale': 0.5754394299165406}. Best is trial 94 with value: 2.4193650653076473.
[I 2026-05-04 11:51:49,671] Trial 108 finished with value: 2.6699381046226285 and parameters: {'rho_scale': 0.8439574963902436, 'f_n': 2.09819217560077e-08, 'K_d': 365567.43670940597, 'fission_rate': 7.537119717939859e+19, 'Dg_D1_scale': 3.0768806647012132, 'Dg_D3_scale': 0.17574240842886446, 'Dv_D1_scale': 0.24346962177436268, 'Dv_D2_scale': 0.4120158747585938, 'b_bulk_scale': 0.047231811447258604, 'b_dislocation_scale': 1.6176087389276492, 'gb_scale': 0.09185973967963394, 'gd_bubble_scale': 0.6411530924012083, 'gd_line_scale': 2.5501716371100245, 'gd_line_alpha': 0.3753259804077799, 'coalescence_d_scale': 2.7186894335004803, 'capture_scale': 0.5352487126604786}. Best is trial 94 with value: 2.4193650653076473.
[I 2026-05-04 11:51:57,185] Trial 109 finished with value: 2.762194958684117 and parameters: {'rho_scale': 0.9325212239484483, 'f_n': 1.7861321880498703e-08, 'K_d': 341482.0685325174, 'fission_rate': 6.986402294643449e+19, 'Dg_D1_scale': 2.129025328357423, 'Dg_D3_scale': 0.1529513655635354, 'Dv_D1_scale': 0.20202411440536858, 'Dv_D2_scale': 0.47985705642329585, 'b_bulk_scale': 0.2077807694325854, 'b_dislocation_scale': 2.180494140968684, 'gb_scale': 0.16762141501668928, 'gd_bubble_scale': 0.3565132297071752, 'gd_line_scale': 3.0659095577304174, 'gd_line_alpha': 0.2843207992178971, 'coalescence_d_scale': 4.679908262253069, 'capture_scale': 0.35587979988125634}. Best is trial 94 with value: 2.4193650653076473.
[I 2026-05-04 11:52:03,777] Trial 110 finished with value: 2.8266370097205007 and parameters: {'rho_scale': 1.0015326288907764, 'f_n': 3.374607539511097e-08, 'K_d': 308575.7722637312, 'fission_rate': 7.632639010135994e+19, 'Dg_D1_scale': 3.396394219814757, 'Dg_D3_scale': 0.19109549831035283, 'Dv_D1_scale': 0.34000612662660157, 'Dv_D2_scale': 0.38449626644724477, 'b_bulk_scale': 0.07791337294443014, 'b_dislocation_scale': 3.082887598123689, 'gb_scale': 0.11557230218755189, 'gd_bubble_scale': 0.5137184030783922, 'gd_line_scale': 4.74268630674286, 'gd_line_alpha': 0.3438043124798026, 'coalescence_d_scale': 3.6729147390561288, 'capture_scale': 0.5729569333524771}. Best is trial 94 with value: 2.4193650653076473.
[I 2026-05-04 11:52:07,551] Trial 111 finished with value: 2.565899002569301 and parameters: {'rho_scale': 1.1159577651202932, 'f_n': 4.136220742608991e-08, 'K_d': 324116.7260817176, 'fission_rate': 7.790378624063907e+19, 'Dg_D1_scale': 3.0957136772854392, 'Dg_D3_scale': 0.34988562956114294, 'Dv_D1_scale': 0.21868230894757296, 'Dv_D2_scale': 0.5891240742857992, 'b_bulk_scale': 0.03553691219389866, 'b_dislocation_scale': 2.0262946128006867, 'gb_scale': 0.1949055166148747, 'gd_bubble_scale': 0.7826708009318131, 'gd_line_scale': 6.001371622659614, 'gd_line_alpha': 0.26525514014441076, 'coalescence_d_scale': 1.7845984932583892, 'capture_scale': 1.0794131230834214}. Best is trial 94 with value: 2.4193650653076473.
[I 2026-05-04 11:52:14,021] Trial 112 finished with value: 2.677650202638229 and parameters: {'rho_scale': 1.114233304738821, 'f_n': 3.634621334774243e-08, 'K_d': 320599.6627084937, 'fission_rate': 7.481290822584487e+19, 'Dg_D1_scale': 3.091681082631451, 'Dg_D3_scale': 0.23508007084083213, 'Dv_D1_scale': 0.22495955993409725, 'Dv_D2_scale': 0.540199774756977, 'b_bulk_scale': 0.03678307188992015, 'b_dislocation_scale': 0.9325548299776627, 'gb_scale': 0.19439336036072669, 'gd_bubble_scale': 0.792750290202162, 'gd_line_scale': 3.897102749915935, 'gd_line_alpha': 0.43265557698771673, 'coalescence_d_scale': 2.30400853887903, 'capture_scale': 0.9789144380434808}. Best is trial 94 with value: 2.4193650653076473.
[I 2026-05-04 11:52:20,437] Trial 113 finished with value: 2.4892709246836118 and parameters: {'rho_scale': 0.9198192396284592, 'f_n': 4.3412952933090116e-08, 'K_d': 325478.55512604135, 'fission_rate': 7.826347728709526e+19, 'Dg_D1_scale': 3.5949160889254927, 'Dg_D3_scale': 0.3558390702228431, 'Dv_D1_scale': 0.22347524370943936, 'Dv_D2_scale': 0.593660894452687, 'b_bulk_scale': 0.05235185645524026, 'b_dislocation_scale': 2.442692574859272, 'gb_scale': 0.14143373106833174, 'gd_bubble_scale': 0.6157306050871073, 'gd_line_scale': 5.813426558381682, 'gd_line_alpha': 0.27187440508121974, 'coalescence_d_scale': 2.5742501615607707, 'capture_scale': 1.2478203814591398}. Best is trial 94 with value: 2.4193650653076473.
[I 2026-05-04 11:52:27,117] Trial 114 finished with value: 2.570815871353426 and parameters: {'rho_scale': 0.888107399724985, 'f_n': 8.356361706552367e-08, 'K_d': 326243.49396207836, 'fission_rate': 7.999314387669782e+19, 'Dg_D1_scale': 3.7178418819501884, 'Dg_D3_scale': 0.35246738462722227, 'Dv_D1_scale': 0.22338811825592192, 'Dv_D2_scale': 0.5924131496986008, 'b_bulk_scale': 0.05045322764645619, 'b_dislocation_scale': 2.632137863714527, 'gb_scale': 0.13409110393147458, 'gd_bubble_scale': 0.4072843418114286, 'gd_line_scale': 5.598012164458762, 'gd_line_alpha': 0.2627466207316717, 'coalescence_d_scale': 3.127949817168863, 'capture_scale': 1.2858414989835305}. Best is trial 94 with value: 2.4193650653076473.
[I 2026-05-04 11:52:33,765] Trial 115 finished with value: 2.498161862861774 and parameters: {'rho_scale': 0.9693397307283016, 'f_n': 4.3929521431051394e-08, 'K_d': 346851.39794510964, 'fission_rate': 7.880533726436136e+19, 'Dg_D1_scale': 2.5665403188394973, 'Dg_D3_scale': 0.2988678719337364, 'Dv_D1_scale': 0.21127692014185698, 'Dv_D2_scale': 0.6898901944092937, 'b_bulk_scale': 0.05559077171657816, 'b_dislocation_scale': 1.8424425252975434, 'gb_scale': 0.3168915676357065, 'gd_bubble_scale': 0.6713107232860757, 'gd_line_scale': 7.551055181317843, 'gd_line_alpha': 0.32733584970161295, 'coalescence_d_scale': 1.9747346143549265, 'capture_scale': 2.0229993543941993}. Best is trial 94 with value: 2.4193650653076473.Best trial: 94. Best value: 2.41937:  35%|███▌      | 35/100 [03:34<06:48,  6.29s/it]Best trial: 94. Best value: 2.41937:  35%|███▌      | 35/100 [03:34<06:48,  6.29s/it]Best trial: 94. Best value: 2.41937:  36%|███▌      | 36/100 [03:34<06:49,  6.40s/it]                                                                                     Best trial: 94. Best value: 2.41937:  36%|███▌      | 36/100 [03:38<06:49,  6.40s/it]Best trial: 94. Best value: 2.41937:  36%|███▌      | 36/100 [03:38<06:49,  6.40s/it]Best trial: 94. Best value: 2.41937:  37%|███▋      | 37/100 [03:38<05:59,  5.71s/it]                                                                                     Best trial: 94. Best value: 2.41937:  37%|███▋      | 37/100 [03:45<05:59,  5.71s/it]Best trial: 94. Best value: 2.41937:  37%|███▋      | 37/100 [03:45<05:59,  5.71s/it]Best trial: 94. Best value: 2.41937:  38%|███▊      | 38/100 [03:45<06:08,  5.95s/it]                                                                                     Best trial: 94. Best value: 2.41937:  38%|███▊      | 38/100 [03:51<06:08,  5.95s/it]Best trial: 94. Best value: 2.41937:  38%|███▊      | 38/100 [03:51<06:08,  5.95s/it]Best trial: 94. Best value: 2.41937:  39%|███▉      | 39/100 [03:51<06:16,  6.17s/it]                                                                                     Best trial: 94. Best value: 2.41937:  39%|███▉      | 39/100 [03:56<06:16,  6.17s/it]Best trial: 94. Best value: 2.41937:  39%|███▉      | 39/100 [03:56<06:16,  6.17s/it]Best trial: 94. Best value: 2.41937:  40%|████      | 40/100 [03:56<05:36,  5.61s/it]                                                                                     Best trial: 94. Best value: 2.41937:  40%|████      | 40/100 [04:02<05:36,  5.61s/it]Best trial: 94. Best value: 2.41937:  40%|████      | 40/100 [04:02<05:36,  5.61s/it]Best trial: 94. Best value: 2.41937:  41%|████      | 41/100 [04:02<05:43,  5.82s/it]                                                                                     Best trial: 94. Best value: 2.41937:  41%|████      | 41/100 [04:06<05:43,  5.82s/it]Best trial: 94. Best value: 2.41937:  41%|████      | 41/100 [04:06<05:43,  5.82s/it]Best trial: 94. Best value: 2.41937:  42%|████▏     | 42/100 [04:06<05:04,  5.26s/it]                                                                                     Best trial: 94. Best value: 2.41937:  42%|████▏     | 42/100 [04:12<05:04,  5.26s/it]Best trial: 94. Best value: 2.41937:  42%|████▏     | 42/100 [04:12<05:04,  5.26s/it]Best trial: 94. Best value: 2.41937:  43%|████▎     | 43/100 [04:12<05:21,  5.65s/it]                                                                                     Best trial: 94. Best value: 2.41937:  43%|████▎     | 43/100 [04:19<05:21,  5.65s/it]Best trial: 94. Best value: 2.41937:  43%|████▎     | 43/100 [04:19<05:21,  5.65s/it]Best trial: 94. Best value: 2.41937:  44%|████▍     | 44/100 [04:19<05:32,  5.94s/it]                                                                                     Best trial: 94. Best value: 2.41937:  44%|████▍     | 44/100 [04:25<05:32,  5.94s/it]Best trial: 94. Best value: 2.41937:  44%|████▍     | 44/100 [04:25<05:32,  5.94s/it]Best trial: 94. Best value: 2.41937:  45%|████▌     | 45/100 [04:25<05:31,  6.02s/it]                                                                                     Best trial: 94. Best value: 2.41937:  45%|████▌     | 45/100 [04:32<05:31,  6.02s/it]Best trial: 94. Best value: 2.41937:  45%|████▌     | 45/100 [04:32<05:31,  6.02s/it]Best trial: 94. Best value: 2.41937:  46%|████▌     | 46/100 [04:32<05:33,  6.17s/it]                                                                                     Best trial: 94. Best value: 2.41937:  46%|████▌     | 46/100 [04:36<05:33,  6.17s/it]Best trial: 94. Best value: 2.41937:  46%|████▌     | 46/100 [04:36<05:33,  6.17s/it]Best trial: 94. Best value: 2.41937:  47%|████▋     | 47/100 [04:36<04:56,  5.59s/it]                                                                                     
[I 2026-05-04 11:52:37,877] Trial 116 finished with value: 2.474932776369361 and parameters: {'rho_scale': 0.8155358401828529, 'f_n': 4.5297545611648305e-08, 'K_d': 346207.14826064586, 'fission_rate': 7.822093699182063e+19, 'Dg_D1_scale': 1.967349409746529, 'Dg_D3_scale': 0.30851167465712875, 'Dv_D1_scale': 0.208040698868135, 'Dv_D2_scale': 0.6989914842168746, 'b_bulk_scale': 0.05270531292178232, 'b_dislocation_scale': 1.2876136394480022, 'gb_scale': 0.2819874148613217, 'gd_bubble_scale': 0.488918860119726, 'gd_line_scale': 7.272969511778329, 'gd_line_alpha': 0.3320414618014298, 'coalescence_d_scale': 2.115950054825265, 'capture_scale': 2.0280755398946306}. Best is trial 94 with value: 2.4193650653076473.
[I 2026-05-04 11:52:44,369] Trial 117 finished with value: 2.7303962247400793 and parameters: {'rho_scale': 0.7997784358543015, 'f_n': 6.088647808176009e-08, 'K_d': 370134.56547424773, 'fission_rate': 7.927757387442243e+19, 'Dg_D1_scale': 1.9941355828408898, 'Dg_D3_scale': 0.3021679562240897, 'Dv_D1_scale': 0.28649445245512656, 'Dv_D2_scale': 0.7440106122357809, 'b_bulk_scale': 0.100699872444426, 'b_dislocation_scale': 1.2234341683954353, 'gb_scale': 0.28308603357065604, 'gd_bubble_scale': 0.4901966469909208, 'gd_line_scale': 7.451682788906717, 'gd_line_alpha': 0.3364149042237744, 'coalescence_d_scale': 2.0573790419934666, 'capture_scale': 5.276750325035106}. Best is trial 94 with value: 2.4193650653076473.
