[I 2026-05-04 12:30:58,740] Trial 279 finished with value: 2.4422557503198323 and parameters: {'rho_scale': 0.8134124098557282, 'f_n': 7.792853168817791e-09, 'K_d': 311991.056762235, 'fission_rate': 7.492168515084144e+19, 'Dg_D1_scale': 2.2809053798611427, 'Dg_D3_scale': 0.3424277330674783, 'Dv_D1_scale': 0.23493775077602544, 'Dv_D2_scale': 1.372931529897096, 'b_bulk_scale': 0.09916843755970241, 'b_dislocation_scale': 2.565137157134373, 'gb_scale': 1.1705222312738262, 'gd_bubble_scale': 7.0646617925503215, 'gd_line_scale': 8.87427382752941, 'gd_line_alpha': 0.4085473565887586, 'coalescence_d_scale': 1.655753074995329, 'capture_scale': 3.684689870271883}. Best is trial 253 with value: 2.374265417438066.
Fast trials written to: UN_M7_optuna_v13_rhoSat_partition_results/capture_only/optuna_fast_trials_capture_only.csv
--------------------------------------------------------------------------------------------------------------------------------------------------------------------------
rank |     score |                        label |       f_n |       K_d |     rho_d |      Fdot |    Dv |    Dg |     b |    gb |    gd |  coal |   cap |  swD1600 |   Rd1600 |   NdDrop
--------------------------------------------------------------------------------------------------------------------------------------------------------------------------
   1 |     2.374 | capture_only_v13_trial_00253 |   6.5e-09 |   3.1e+05 |   3.0e+13 |   7.7e+19 |     1 |     1 |     1 |   1.1 |     1 |   2.3 |   3.2 |     2.04 |     86.5 |   -0.246
   2 |     2.388 | capture_only_v13_trial_00250 |   1.2e-08 |   3.0e+05 |   3.0e+13 |   7.6e+19 |     1 |     1 |     1 |  0.95 |     1 |   2.4 |   3.1 |     2.23 |     90.1 |    -0.27
   3 |     2.389 | capture_only_v13_trial_00237 |   2.6e-08 |   3.1e+05 |   3.0e+13 |   7.6e+19 |     1 |     1 |     1 |  0.51 |     1 |   2.8 |   4.4 |     2.14 |     89.1 |   -0.304
   4 |     2.394 | capture_only_v13_trial_00240 |   1.7e-08 |   3.1e+05 |   3.0e+13 |   7.6e+19 |     1 |     1 |     1 |  0.72 |     1 |   2.7 |   4.4 |     2.18 |     89.3 |   -0.299
   5 |     2.396 | capture_only_v13_trial_00212 |   3.3e-08 |   3.2e+05 |   3.0e+13 |   7.4e+19 |     1 |     1 |     1 |  0.42 |     1 |   2.3 |     5 |     2.11 |     87.8 |   -0.251
   6 |     2.396 | capture_only_v13_trial_00248 |   1.2e-08 |   3.0e+05 |   3.0e+13 |   7.6e+19 |     1 |     1 |     1 |  0.98 |     1 |   2.8 |   3.2 |     2.01 |     87.6 |   -0.296
   7 |     2.401 | capture_only_v13_trial_00241 |   2.1e-08 |   3.1e+05 |   3.0e+13 |   7.6e+19 |     1 |     1 |     1 |  0.78 |     1 |   2.7 |   4.4 |     2.06 |     87.2 |   -0.298
   8 |     2.402 | capture_only_v13_trial_00192 |   4.6e-08 |   3.3e+05 |   3.0e+13 |   7.1e+19 |     1 |     1 |     1 |  0.46 |     1 |   2.7 |   5.5 |     2.07 |     86.6 |   -0.308
   9 |     2.408 | capture_only_v13_trial_00260 |   9.4e-09 |   3.1e+05 |   3.0e+13 |   7.7e+19 |     1 |     1 |     1 |     1 |     1 |   2.1 |   3.1 |     1.97 |       85 |   -0.229
  10 |      2.41 | capture_only_v13_trial_00257 |   7.3e-09 |   3.0e+05 |   3.0e+13 |   7.6e+19 |     1 |     1 |     1 |  0.92 |     1 |   2.3 |     3 |     2.05 |     87.5 |   -0.254
  11 |      2.41 | capture_only_v13_trial_00251 |   1.2e-08 |   3.0e+05 |   3.0e+13 |   7.6e+19 |     1 |     1 |     1 |  0.92 |     1 |   2.3 |   2.9 |     2.29 |       91 |   -0.266
  12 |      2.41 | capture_only_v13_trial_00159 |   6.5e-08 |   3.2e+05 |   3.0e+13 |   7.5e+19 |     1 |     1 |     1 |  0.34 |     1 |   2.7 |   7.9 |     2.14 |     87.9 |   -0.299
  13 |     2.412 | capture_only_v13_trial_00242 |   1.5e-08 |   3.1e+05 |   3.0e+13 |   7.6e+19 |     1 |     1 |     1 |     1 |     1 |   2.7 |   4.4 |     1.95 |     85.2 |   -0.284
  14 |     2.414 | capture_only_v13_trial_00259 |   8.6e-09 |   3.0e+05 |   3.0e+13 |   7.5e+19 |     1 |     1 |     1 |     1 |     1 |     2 |   3.1 |     2.06 |     86.7 |    -0.22
  15 |     2.415 | capture_only_v13_trial_00193 |   4.5e-08 |   3.2e+05 |   3.0e+13 |   7.4e+19 |     1 |     1 |     1 |  0.44 |     1 |   2.3 |     5 |     2.07 |     85.7 |   -0.261
--------------------------------------------------------------------------------------------------------------------------------------------------------------------------
Final rows written to: UN_M7_optuna_v13_rhoSat_partition_results/capture_only/optuna_final_top_capture_only.csv
--------------------------------------------------------------------------------------------------------------------------------------------------------------------------
rank |     score |                        label |       f_n |       K_d |     rho_d |      Fdot |    Dv |    Dg |     b |    gb |    gd |  coal |   cap |  swD1600 |   Rd1600 |   NdDrop
--------------------------------------------------------------------------------------------------------------------------------------------------------------------------
   1 |     2.376 | FINAL_rank2_capture_only_capture_only_v13_trial_00250 |   1.2e-08 |   3.0e+05 |   3.0e+13 |   7.6e+19 |     1 |     1 |     1 |  0.95 |     1 |   2.4 |   3.1 |     2.19 |     89.4 |    -0.26
   2 |     2.426 | FINAL_rank3_capture_only_capture_only_v13_trial_00237 |   2.6e-08 |   3.1e+05 |   3.0e+13 |   7.6e+19 |     1 |     1 |     1 |  0.51 |     1 |   2.8 |   4.4 |     2.09 |     88.2 |   -0.289
   3 |     2.432 | FINAL_rank1_capture_only_capture_only_v13_trial_00253 |   6.5e-09 |   3.1e+05 |   3.0e+13 |   7.7e+19 |     1 |     1 |     1 |   1.1 |     1 |   2.3 |   3.2 |     1.99 |     85.7 |   -0.233
--------------------------------------------------------------------------------------------------------------------------------------------------------------------------

============================================================================================================================================
CAPTURE CHECK: best_capture_only_rank1_FINAL_rank2_capture_only_capture_only_v13_trial_00250, T=1600.0, burnup=3.2
============================================================================================================================================
f_cap_step is the physical clipped per-step fraction and must be <= 1.
capture_fraction_sum can exceed 1 because it is a diagnostic sum, not a physical fraction.
--------------------------------------------------------------------------------------------------------------------------------------------
final f_cap_step       = 4.299138e-05
max f_cap_step         = 1.350594e-04
final cap_raw_step     = 4.299138e-05
capture_fraction_sum   = 4.415896e-01
capture_raw_sum        = 4.415896e-01
captured bubbles cum.  = 3.363336e+19 m^-3
============================================================================================================================================

============================================================================================================================================
DIAGNOSTICS FOR best_capture_only_rank1
============================================================================================================================================
{'label': 'best_capture_only_rank1_FINAL_rank2_capture_only_capture_only_v13_trial_00250', 'f_n': 1.2398448832279251e-08, 'K_d': 300611.76746395003, 'rho_d': 30000000000000.0, 'fission_rate': 7.64919052856521e+19, 'Dv_scale': 1.0, 'Dg_scale': 1.0, 'b_scale': 1.0, 'gb_scale': 0.9540897879745291, 'gd_scale': 1.0, 'coalescence_d_scale': 2.38535703425967, 'capture_scale': 3.056967162770175, 'D2_xe_scale': 1.0, 'Dg_D1_scale': 2.0728708943098253, 'Dg_D3_scale': 0.4754412370558066, 'Dv_D1_scale': 0.2108861310794521, 'Dv_D2_scale': 1.1281685634211793, 'b_bulk_scale': 0.05612862144541909, 'b_dislocation_scale': 1.6752889804851896, 'gd_bubble_scale': 3.4915293704377, 'gd_line_scale': 8.45920135007184, 'gd_line_alpha': 0.43357876814557633, 'family': 'capture_only'}
============================================================================================================================================

============================================================================================================================================
CAPTURE CHECK: best_capture_only_rank2_FINAL_rank3_capture_only_capture_only_v13_trial_00237, T=1600.0, burnup=3.2
============================================================================================================================================
f_cap_step is the physical clipped per-step fraction and must be <= 1.
capture_fraction_sum can exceed 1 because it is a diagnostic sum, not a physical fraction.
--------------------------------------------------------------------------------------------------------------------------------------------
final f_cap_step       = 3.616842e-05
max f_cap_step         = 1.760056e-04
final cap_raw_step     = 3.616842e-05
capture_fraction_sum   = 5.801400e-01
capture_raw_sum        = 5.801400e-01
captured bubbles cum.  = 1.079225e+20 m^-3
============================================================================================================================================

============================================================================================================================================
DIAGNOSTICS FOR best_capture_only_rank2
============================================================================================================================================
{'label': 'best_capture_only_rank2_FINAL_rank3_capture_only_capture_only_v13_trial_00237', 'f_n': 2.579958287797398e-08, 'K_d': 308355.1202213278, 'rho_d': 30000000000000.0, 'fission_rate': 7.567825958352411e+19, 'Dv_scale': 1.0, 'Dg_scale': 1.0, 'b_scale': 1.0, 'gb_scale': 0.5066683417075464, 'gd_scale': 1.0, 'coalescence_d_scale': 2.772266667842779, 'capture_scale': 4.397208668230846, 'D2_xe_scale': 1.0, 'Dg_D1_scale': 2.5118854612908783, 'Dg_D3_scale': 0.4768855266593368, 'Dv_D1_scale': 0.20099451074036728, 'Dv_D2_scale': 1.0699092387862073, 'b_bulk_scale': 0.06538071457539382, 'b_dislocation_scale': 1.9545409590702998, 'gd_bubble_scale': 3.0789172955617774, 'gd_line_scale': 7.912488109305485, 'gd_line_alpha': 0.3451477076243003, 'family': 'capture_only'}
============================================================================================================================================

============================================================================================================================================
CAPTURE CHECK: best_capture_only_rank3_FINAL_rank1_capture_only_capture_only_v13_trial_00253, T=1600.0, burnup=3.2
============================================================================================================================================
f_cap_step is the physical clipped per-step fraction and must be <= 1.
capture_fraction_sum can exceed 1 because it is a diagnostic sum, not a physical fraction.
--------------------------------------------------------------------------------------------------------------------------------------------
final f_cap_step       = 3.100788e-05
max f_cap_step         = 1.453112e-04
final cap_raw_step     = 3.100788e-05
capture_fraction_sum   = 4.536169e-01
capture_raw_sum        = 4.536169e-01
captured bubbles cum.  = 2.476812e+19 m^-3
============================================================================================================================================

============================================================================================================================================
DIAGNOSTICS FOR best_capture_only_rank3
============================================================================================================================================
{'label': 'best_capture_only_rank3_FINAL_rank1_capture_only_capture_only_v13_trial_00253', 'f_n': 6.51380422161907e-09, 'K_d': 306647.0164293298, 'rho_d': 30000000000000.0, 'fission_rate': 7.661043369125613e+19, 'Dv_scale': 1.0, 'Dg_scale': 1.0, 'b_scale': 1.0, 'gb_scale': 1.0551695831551855, 'gd_scale': 1.0, 'coalescence_d_scale': 2.3015728619032076, 'capture_scale': 3.1662700051384265, 'D2_xe_scale': 1.0, 'Dg_D1_scale': 2.255498453394931, 'Dg_D3_scale': 0.5123624747400422, 'Dv_D1_scale': 0.21149817867864842, 'Dv_D2_scale': 1.1641120901298248, 'b_bulk_scale': 0.060287456025011246, 'b_dislocation_scale': 1.9643160117385792, 'gd_bubble_scale': 3.3644165262163024, 'gd_line_scale': 7.610860523338359, 'gd_line_alpha': 0.42517317692649736, 'family': 'capture_only'}
============================================================================================================================================
Summary written to: UN_M7_optuna_v13_rhoSat_partition_results/capture_only/optuna_summary_capture_only.md
