[I 2026-05-04 11:06:15,318] Trial 68 finished with value: 2.7786596194914828 and parameters: {'rho_scale': 1.1938744840741953, 'f_n': 6.835871630881986e-08, 'K_d': 300279.16842244024, 'fission_rate': 7.79182029560159e+19, 'Dg_D1_scale': 3.2704154595615735, 'Dg_D3_scale': 0.15042020173202372, 'Dv_D1_scale': 0.21369669398865124, 'Dv_D2_scale': 0.5225991193773197, 'b_bulk_scale': 0.030473241622486807, 'b_dislocation_scale': 1.89818552574406, 'gb_scale': 0.13344207107378672, 'gd_bubble_scale': 0.4833979152122602, 'gd_line_scale': 8.483049243919892, 'gd_line_alpha': 0.2439515009040376, 'coalescence_d_scale': 4.303002667340783, 'capture_scale': 1.1757947574754355}. Best is trial 60 with value: 2.4946471904104057.
[I 2026-05-04 11:06:19,172] Trial 69 finished with value: 2.6671635878140845 and parameters: {'rho_scale': 1.3688641286620398, 'f_n': 1.382648318057329e-07, 'K_d': 311672.77430378296, 'fission_rate': 7.965633743589112e+19, 'Dg_D1_scale': 2.6729399419890973, 'Dg_D3_scale': 0.23720967822569664, 'Dv_D1_scale': 0.3297543116118209, 'Dv_D2_scale': 0.45060701326962393, 'b_bulk_scale': 0.03632792008737711, 'b_dislocation_scale': 2.922879755534109, 'gb_scale': 0.3084646739085223, 'gd_bubble_scale': 1.08703851573924, 'gd_line_scale': 6.684589230983172, 'gd_line_alpha': 0.2506012846049897, 'coalescence_d_scale': 2.567195707871123, 'capture_scale': 1.6489998434002306}. Best is trial 60 with value: 2.4946471904104057.
[I 2026-05-04 11:06:25,958] Trial 70 finished with value: 2.784962283855207 and parameters: {'rho_scale': 1.1776949455881682, 'f_n': 1.2135710444963375e-07, 'K_d': 339598.07545502734, 'fission_rate': 7.711143674383917e+19, 'Dg_D1_scale': 3.6685551372806375, 'Dg_D3_scale': 0.20672681099380913, 'Dv_D1_scale': 0.2643972526047793, 'Dv_D2_scale': 0.5335073146993017, 'b_bulk_scale': 0.03381595591883692, 'b_dislocation_scale': 1.8391530659009656, 'gb_scale': 0.2200482012637364, 'gd_bubble_scale': 0.5734025142181027, 'gd_line_scale': 8.29643477094909, 'gd_line_alpha': 0.2323260248457106, 'coalescence_d_scale': 1.9830650562253254, 'capture_scale': 2.725458109798099}. Best is trial 60 with value: 2.4946471904104057.
[I 2026-05-04 11:06:32,064] Trial 71 finished with value: 2.6802806759557516 and parameters: {'rho_scale': 1.394596659359519, 'f_n': 7.620649743414727e-08, 'K_d': 313437.55999181815, 'fission_rate': 7.972655589755784e+19, 'Dg_D1_scale': 2.696925830959257, 'Dg_D3_scale': 0.21203840131759139, 'Dv_D1_scale': 0.33079359216863025, 'Dv_D2_scale': 0.4536918096260684, 'b_bulk_scale': 0.03920957815500282, 'b_dislocation_scale': 2.9412764399309386, 'gb_scale': 0.33533130627671015, 'gd_bubble_scale': 2.0388193877312415, 'gd_line_scale': 6.648064885202349, 'gd_line_alpha': 0.2601535530692217, 'coalescence_d_scale': 3.137316737042727, 'capture_scale': 1.5433922232605954}. Best is trial 60 with value: 2.4946471904104057.
[I 2026-05-04 11:06:38,368] Trial 72 finished with value: 2.5669422051332322 and parameters: {'rho_scale': 1.0662043407570199, 'f_n': 2.7377456552340458e-08, 'K_d': 309960.972908679, 'fission_rate': 7.537877989845737e+19, 'Dg_D1_scale': 2.947479609795275, 'Dg_D3_scale': 0.3335387923775865, 'Dv_D1_scale': 0.21544451454883304, 'Dv_D2_scale': 0.4816630327092061, 'b_bulk_scale': 0.03385014728173459, 'b_dislocation_scale': 3.5430486516308606, 'gb_scale': 0.20810435984049985, 'gd_bubble_scale': 1.08718219821204, 'gd_line_scale': 6.367998503380223, 'gd_line_alpha': 0.3133247772282708, 'coalescence_d_scale': 3.1754111107873757, 'capture_scale': 1.1196883070056634}. Best is trial 60 with value: 2.4946471904104057.
[I 2026-05-04 11:06:45,000] Trial 73 finished with value: 2.4724721417909015 and parameters: {'rho_scale': 1.0650883023335904, 'f_n': 2.835418070772067e-08, 'K_d': 306271.5128194297, 'fission_rate': 7.518437930887828e+19, 'Dg_D1_scale': 3.0371194516650992, 'Dg_D3_scale': 0.4414158087486828, 'Dv_D1_scale': 0.2169520194422613, 'Dv_D2_scale': 0.6706544216648244, 'b_bulk_scale': 0.044081888683208906, 'b_dislocation_scale': 2.304988643053151, 'gb_scale': 0.3587710508727087, 'gd_bubble_scale': 0.6570653421181113, 'gd_line_scale': 6.011349040343288, 'gd_line_alpha': 0.32991430135535854, 'coalescence_d_scale': 3.496489887240799, 'capture_scale': 0.9776939159511738}. Best is trial 73 with value: 2.4724721417909015.
[I 2026-05-04 11:06:49,315] Trial 74 finished with value: 2.556565285334181 and parameters: {'rho_scale': 1.079206100738128, 'f_n': 3.958339332973091e-08, 'K_d': 301512.56378755247, 'fission_rate': 7.45341649108705e+19, 'Dg_D1_scale': 3.0451982346581077, 'Dg_D3_scale': 0.33969446522752506, 'Dv_D1_scale': 0.20253155261732006, 'Dv_D2_scale': 0.6905634017035317, 'b_bulk_scale': 0.030832978739148326, 'b_dislocation_scale': 2.2438108629576616, 'gb_scale': 0.18811301204190328, 'gd_bubble_scale': 0.436881578204139, 'gd_line_scale': 8.671714355227325, 'gd_line_alpha': 0.3092212082589601, 'coalescence_d_scale': 3.133020841964354, 'capture_scale': 1.0636689128659749}. Best is trial 73 with value: 2.4724721417909015.
[I 2026-05-04 11:06:56,080] Trial 75 finished with value: 2.6425180303151516 and parameters: {'rho_scale': 1.0828370578032454, 'f_n': 3.103676582607263e-08, 'K_d': 306515.98504307645, 'fission_rate': 7.420705676094141e+19, 'Dg_D1_scale': 3.967304152188685, 'Dg_D3_scale': 0.3443596825221898, 'Dv_D1_scale': 0.25515587922469, 'Dv_D2_scale': 0.679494951350546, 'b_bulk_scale': 0.030546711807033035, 'b_dislocation_scale': 3.7320819557323524, 'gb_scale': 0.18867181753957152, 'gd_bubble_scale': 0.41249308805117874, 'gd_line_scale': 9.87018053332846, 'gd_line_alpha': 0.30335951580376247, 'coalescence_d_scale': 3.4879648391325984, 'capture_scale': 1.1454751061911301}. Best is trial 73 with value: 2.4724721417909015.
[I 2026-05-04 11:07:02,470] Trial 76 finished with value: 2.930290059258344 and parameters: {'rho_scale': 1.1060558699691347, 'f_n': 3.503866495429753e-08, 'K_d': 303632.3279374307, 'fission_rate': 7.768427339711814e+19, 'Dg_D1_scale': 3.206725934142573, 'Dg_D3_scale': 0.34295009154233214, 'Dv_D1_scale': 0.25615821966473795, 'Dv_D2_scale': 0.6772683126050371, 'b_bulk_scale': 0.03028844782389572, 'b_dislocation_scale': 3.9961685847532027, 'gb_scale': 0.11836551089253443, 'gd_bubble_scale': 0.3759476787675756, 'gd_line_scale': 9.6676392936625, 'gd_line_alpha': 0.1761082145449075, 'coalescence_d_scale': 5.424599485777973, 'capture_scale': 1.0816541152285308}. Best is trial 73 with value: 2.4724721417909015.
[I 2026-05-04 11:07:09,380] Trial 77 finished with value: 6.574492568243422 and parameters: {'rho_scale': 1.2015108399656211, 'f_n': 1.4327355783688608e-08, 'K_d': 307505.1565235132, 'fission_rate': 7.422325115902586e+19, 'Dg_D1_scale': 3.7615871406453816, 'Dg_D3_scale': 0.483166532308255, 'Dv_D1_scale': 3.015181899574789, 'Dv_D2_scale': 0.7194624594244782, 'b_bulk_scale': 0.03475498934973404, 'b_dislocation_scale': 2.31351818155877, 'gb_scale': 0.20208182702235455, 'gd_bubble_scale': 0.42738227108816107, 'gd_line_scale': 8.184854775024737, 'gd_line_alpha': 0.22437054219102667, 'coalescence_d_scale': 3.3459430627815396, 'capture_scale': 2.0839439784118654}. Best is trial 73 with value: 2.4724721417909015.Best trial: 73. Best value: 2.47247:  94%|█████████▍| 47/50 [05:18<00:18,  6.12s/it]Best trial: 73. Best value: 2.47247:  94%|█████████▍| 47/50 [05:18<00:18,  6.12s/it]Best trial: 73. Best value: 2.47247:  96%|█████████▌| 48/50 [05:18<00:12,  6.36s/it]                                                                                    Best trial: 73. Best value: 2.47247:  96%|█████████▌| 48/50 [05:25<00:12,  6.36s/it]Best trial: 73. Best value: 2.47247:  96%|█████████▌| 48/50 [05:25<00:12,  6.36s/it]Best trial: 73. Best value: 2.47247:  98%|█████████▊| 49/50 [05:25<00:06,  6.44s/it]                                                                                    Best trial: 73. Best value: 2.47247:  98%|█████████▊| 49/50 [05:29<00:06,  6.44s/it]Best trial: 73. Best value: 2.47247:  98%|█████████▊| 49/50 [05:29<00:06,  6.44s/it]Best trial: 73. Best value: 2.47247: 100%|██████████| 50/50 [05:29<00:00,  5.83s/it]Best trial: 73. Best value: 2.47247: 100%|██████████| 50/50 [05:29<00:00,  6.59s/it]

[I 2026-05-04 11:07:16,001] Trial 78 finished with value: 2.77168935108144 and parameters: {'rho_scale': 1.3047315185520962, 'f_n': 2.8266194966893634e-08, 'K_d': 300366.25345182326, 'fission_rate': 7.850024824406001e+19, 'Dg_D1_scale': 3.484515569555532, 'Dg_D3_scale': 0.16577270745612865, 'Dv_D1_scale': 0.2730030200109759, 'Dv_D2_scale': 0.5707254510151577, 'b_bulk_scale': 0.04340201487103384, 'b_dislocation_scale': 3.214802333135453, 'gb_scale': 0.08731482846152759, 'gd_bubble_scale': 0.6651632184180808, 'gd_line_scale': 6.2963535113548, 'gd_line_alpha': 0.30020975641268755, 'coalescence_d_scale': 2.379618786846779, 'capture_scale': 1.357757960039982}. Best is trial 73 with value: 2.4724721417909015.
