[I 2026-05-04 12:28:55,708] Trial 258 finished with value: 2.460492750214975 and parameters: {'rho_scale': 0.8501379916184725, 'f_n': 7.083351564397406e-09, 'K_d': 306547.82192599116, 'fission_rate': 7.741163662591255e+19, 'Dg_D1_scale': 2.234578426441657, 'Dg_D3_scale': 0.4491345741220071, 'Dv_D1_scale': 0.25824404872556544, 'Dv_D2_scale': 1.1051219818354672, 'b_bulk_scale': 0.07713611820125398, 'b_dislocation_scale': 2.4117246452930083, 'gb_scale': 0.9029704522506565, 'gd_bubble_scale': 3.50019542093485, 'gd_line_scale': 8.885973665355268, 'gd_line_alpha': 0.43601994936882227, 'coalescence_d_scale': 2.326086963153799, 'capture_scale': 2.759524443501137}. Best is trial 253 with value: 2.374265417438066.
[I 2026-05-04 12:29:00,301] Trial 259 finished with value: 2.413904954958443 and parameters: {'rho_scale': 0.8023170214928333, 'f_n': 8.602781578896584e-09, 'K_d': 300222.0918187401, 'fission_rate': 7.45376127036246e+19, 'Dg_D1_scale': 2.181047864008508, 'Dg_D3_scale': 0.4125229382125191, 'Dv_D1_scale': 0.24202415728566673, 'Dv_D2_scale': 1.210908808402346, 'b_bulk_scale': 0.0672275287430161, 'b_dislocation_scale': 2.2606515678664736, 'gb_scale': 1.043437973774783, 'gd_bubble_scale': 3.8400852762342472, 'gd_line_scale': 8.94152910531104, 'gd_line_alpha': 0.37994470515604417, 'coalescence_d_scale': 1.993746741331452, 'capture_scale': 3.1168312161390097}. Best is trial 253 with value: 2.374265417438066.
[I 2026-05-04 12:29:07,053] Trial 260 finished with value: 2.4082386390144617 and parameters: {'rho_scale': 0.8031585639123047, 'f_n': 9.43885672765047e-09, 'K_d': 305412.0673983934, 'fission_rate': 7.65319469180329e+19, 'Dg_D1_scale': 2.082879644759198, 'Dg_D3_scale': 0.40686889974223267, 'Dv_D1_scale': 0.2471042001567161, 'Dv_D2_scale': 1.2246032833371476, 'b_bulk_scale': 0.06509149825828435, 'b_dislocation_scale': 2.3410536760877196, 'gb_scale': 1.0289457486469336, 'gd_bubble_scale': 4.932835501738062, 'gd_line_scale': 9.007142207376013, 'gd_line_alpha': 0.37132782270807524, 'coalescence_d_scale': 2.1188997140172865, 'capture_scale': 3.126424243932618}. Best is trial 253 with value: 2.374265417438066.
[I 2026-05-04 12:29:13,852] Trial 261 finished with value: 2.4150310361113676 and parameters: {'rho_scale': 0.8063061833772471, 'f_n': 9.390654734155117e-09, 'K_d': 300984.72795606445, 'fission_rate': 7.659189191845464e+19, 'Dg_D1_scale': 2.0486150670437357, 'Dg_D3_scale': 0.4015799037987633, 'Dv_D1_scale': 0.25129622382590944, 'Dv_D2_scale': 1.3843876240280837, 'b_bulk_scale': 0.08132692173690335, 'b_dislocation_scale': 2.6464553518501432, 'gb_scale': 0.9980714513922764, 'gd_bubble_scale': 4.770390225713388, 'gd_line_scale': 9.101124042230614, 'gd_line_alpha': 0.38044671166254385, 'coalescence_d_scale': 1.976172140251471, 'capture_scale': 2.9921031828655797}. Best is trial 253 with value: 2.374265417438066.
[I 2026-05-04 12:29:20,802] Trial 262 finished with value: 2.4226078863287555 and parameters: {'rho_scale': 0.8278920393005694, 'f_n': 7.2683301937751924e-09, 'K_d': 300984.2245370099, 'fission_rate': 7.699774244750343e+19, 'Dg_D1_scale': 2.0046793461205574, 'Dg_D3_scale': 0.3930980368529332, 'Dv_D1_scale': 0.2577183233489705, 'Dv_D2_scale': 1.3796369711156067, 'b_bulk_scale': 0.07965699359533207, 'b_dislocation_scale': 2.6713521410364267, 'gb_scale': 1.0208357124534877, 'gd_bubble_scale': 6.343779962272363, 'gd_line_scale': 9.050061211139505, 'gd_line_alpha': 0.3756864121344804, 'coalescence_d_scale': 1.9210539816546588, 'capture_scale': 2.9448478597613756}. Best is trial 253 with value: 2.374265417438066.
[I 2026-05-04 12:29:27,477] Trial 263 finished with value: 2.427481494449066 and parameters: {'rho_scale': 0.8339079042435261, 'f_n': 8.641913872982888e-09, 'K_d': 300112.02260474104, 'fission_rate': 7.669446728538905e+19, 'Dg_D1_scale': 2.016721437570241, 'Dg_D3_scale': 0.393083260764005, 'Dv_D1_scale': 0.25908278666716705, 'Dv_D2_scale': 1.5622188692825598, 'b_bulk_scale': 0.0850322894103988, 'b_dislocation_scale': 2.4980405709014737, 'gb_scale': 1.312861218744354, 'gd_bubble_scale': 6.737135684281819, 'gd_line_scale': 9.04321432902957, 'gd_line_alpha': 0.37639123316176787, 'coalescence_d_scale': 1.868761142582322, 'capture_scale': 2.914539872727614}. Best is trial 253 with value: 2.374265417438066.Best trial: 253. Best value: 2.37427:  83%|████████▎ | 83/100 [08:20<01:49,  6.47s/it]Best trial: 253. Best value: 2.37427:  83%|████████▎ | 83/100 [08:20<01:49,  6.47s/it]Best trial: 253. Best value: 2.37427:  84%|████████▍ | 84/100 [08:20<01:44,  6.53s/it]                                                                                      Best trial: 253. Best value: 2.37427:  84%|████████▍ | 84/100 [08:24<01:44,  6.53s/it]Best trial: 253. Best value: 2.37427:  84%|████████▍ | 84/100 [08:24<01:44,  6.53s/it]Best trial: 253. Best value: 2.37427:  85%|████████▌ | 85/100 [08:24<01:26,  5.78s/it]                                                                                      Best trial: 253. Best value: 2.37427:  85%|████████▌ | 85/100 [08:30<01:26,  5.78s/it]Best trial: 253. Best value: 2.37427:  85%|████████▌ | 85/100 [08:30<01:26,  5.78s/it]Best trial: 253. Best value: 2.37427:  86%|████████▌ | 86/100 [08:30<01:22,  5.87s/it]                                                                                      Best trial: 253. Best value: 2.37427:  86%|████████▌ | 86/100 [08:37<01:22,  5.87s/it]Best trial: 253. Best value: 2.37427:  86%|████████▌ | 86/100 [08:37<01:22,  5.87s/it]Best trial: 253. Best value: 2.37427:  87%|████████▋ | 87/100 [08:37<01:19,  6.10s/it]                                                                                      Best trial: 253. Best value: 2.37427:  87%|████████▋ | 87/100 [08:44<01:19,  6.10s/it]Best trial: 253. Best value: 2.37427:  87%|████████▋ | 87/100 [08:44<01:19,  6.10s/it]Best trial: 253. Best value: 2.37427:  88%|████████▊ | 88/100 [08:44<01:14,  6.23s/it]                                                                                      Best trial: 253. Best value: 2.37427:  88%|████████▊ | 88/100 [08:50<01:14,  6.23s/it]Best trial: 253. Best value: 2.37427:  88%|████████▊ | 88/100 [08:50<01:14,  6.23s/it]Best trial: 253. Best value: 2.37427:  89%|████████▉ | 89/100 [08:50<01:10,  6.42s/it]                                                                                      Best trial: 253. Best value: 2.37427:  89%|████████▉ | 89/100 [08:54<01:10,  6.42s/it]Best trial: 253. Best value: 2.37427:  89%|████████▉ | 89/100 [08:54<01:10,  6.42s/it]Best trial: 253. Best value: 2.37427:  90%|█████████ | 90/100 [08:54<00:55,  5.59s/it]                                                                                      Best trial: 253. Best value: 2.37427:  90%|█████████ | 90/100 [09:00<00:55,  5.59s/it]Best trial: 253. Best value: 2.37427:  90%|█████████ | 90/100 [09:00<00:55,  5.59s/it]Best trial: 253. Best value: 2.37427:  91%|█████████ | 91/100 [09:00<00:51,  5.77s/it]                                                                                      Best trial: 253. Best value: 2.37427:  91%|█████████ | 91/100 [09:07<00:51,  5.77s/it]Best trial: 253. Best value: 2.37427:  91%|█████████ | 91/100 [09:07<00:51,  5.77s/it]Best trial: 253. Best value: 2.37427:  92%|█████████▏| 92/100 [09:07<00:48,  6.11s/it]                                                                                      Best trial: 253. Best value: 2.37427:  92%|█████████▏| 92/100 [09:13<00:48,  6.11s/it]Best trial: 253. Best value: 2.37427:  92%|█████████▏| 92/100 [09:14<00:48,  6.11s/it]Best trial: 253. Best value: 2.37427:  93%|█████████▎| 93/100 [09:14<00:43,  6.16s/it]                                                                                      Best trial: 253. Best value: 2.37427:  93%|█████████▎| 93/100 [09:20<00:43,  6.16s/it]Best trial: 253. Best value: 2.37427:  93%|█████████▎| 93/100 [09:20<00:43,  6.16s/it]Best trial: 253. Best value: 2.37427:  94%|█████████▍| 94/100 [09:20<00:37,  6.24s/it]                                                                                      Best trial: 253. Best value: 2.37427:  94%|█████████▍| 94/100 [09:24<00:37,  6.24s/it]Best trial: 253. Best value: 2.37427:  94%|█████████▍| 94/100 [09:24<00:37,  6.24s/it]Best trial: 253. Best value: 2.37427:  95%|█████████▌| 95/100 [09:24<00:28,  5.68s/it]                                                                                      
[I 2026-05-04 12:29:31,521] Trial 264 finished with value: 2.422001303971469 and parameters: {'rho_scale': 0.8577500131438398, 'f_n': 8.816491020633644e-09, 'K_d': 302891.8521716394, 'fission_rate': 7.738080441325422e+19, 'Dg_D1_scale': 2.0894447256378155, 'Dg_D3_scale': 0.39636334095568065, 'Dv_D1_scale': 0.25337936153526797, 'Dv_D2_scale': 1.6068854882231156, 'b_bulk_scale': 0.08017211183004966, 'b_dislocation_scale': 2.884869463093007, 'gb_scale': 1.0307325096910378, 'gd_bubble_scale': 6.717952127620948, 'gd_line_scale': 9.091059397792003, 'gd_line_alpha': 0.37010150257426266, 'coalescence_d_scale': 1.8848710418448242, 'capture_scale': 2.805072734282801}. Best is trial 253 with value: 2.374265417438066.
[I 2026-05-04 12:29:37,605] Trial 265 finished with value: 2.441090375362014 and parameters: {'rho_scale': 0.864295709157564, 'f_n': 8.631222775094013e-09, 'K_d': 301893.28312365134, 'fission_rate': 7.731249094224896e+19, 'Dg_D1_scale': 1.9715334900430692, 'Dg_D3_scale': 0.410204186087166, 'Dv_D1_scale': 0.2556769210100201, 'Dv_D2_scale': 1.5580553207422325, 'b_bulk_scale': 0.0738350255390332, 'b_dislocation_scale': 2.8100049771584943, 'gb_scale': 1.295304706851143, 'gd_bubble_scale': 6.080933830540103, 'gd_line_scale': 9.036877941993216, 'gd_line_alpha': 0.3718282973257501, 'coalescence_d_scale': 1.8407735363598232, 'capture_scale': 2.922642968116805}. Best is trial 253 with value: 2.374265417438066.
[I 2026-05-04 12:29:44,223] Trial 266 finished with value: 2.4457905029553824 and parameters: {'rho_scale': 0.8395683954707056, 'f_n': 6.496373998378699e-09, 'K_d': 301298.63922071975, 'fission_rate': 7.68903005667852e+19, 'Dg_D1_scale': 2.0148353841904827, 'Dg_D3_scale': 0.38896763376068466, 'Dv_D1_scale': 0.26715525831621156, 'Dv_D2_scale': 1.4452044943830729, 'b_bulk_scale': 0.0863139467539443, 'b_dislocation_scale': 2.7346627999494064, 'gb_scale': 1.0672726187580623, 'gd_bubble_scale': 7.000376340909125, 'gd_line_scale': 9.037868803312337, 'gd_line_alpha': 0.36847512644541414, 'coalescence_d_scale': 1.754496230735536, 'capture_scale': 2.6814215934871}. Best is trial 253 with value: 2.374265417438066.
[I 2026-05-04 12:29:50,763] Trial 267 finished with value: 2.435157562213426 and parameters: {'rho_scale': 0.8378975986748542, 'f_n': 8.70793877941354e-09, 'K_d': 300162.0996293678, 'fission_rate': 7.752581921875652e+19, 'Dg_D1_scale': 2.0520292639267197, 'Dg_D3_scale': 0.3703996721488519, 'Dv_D1_scale': 0.2576198358672366, 'Dv_D2_scale': 1.576914253602949, 'b_bulk_scale': 0.07985212249863924, 'b_dislocation_scale': 2.629049691677282, 'gb_scale': 0.8458986938777419, 'gd_bubble_scale': 4.977912366073812, 'gd_line_scale': 8.959766686091225, 'gd_line_alpha': 0.3815821438267634, 'coalescence_d_scale': 1.9468827704295535, 'capture_scale': 3.0551459636298404}. Best is trial 253 with value: 2.374265417438066.
[I 2026-05-04 12:29:57,619] Trial 268 finished with value: 2.468411889655564 and parameters: {'rho_scale': 0.867966914080071, 'f_n': 4.568707002358435e-09, 'K_d': 300124.5665088853, 'fission_rate': 7.65049302510631e+19, 'Dg_D1_scale': 2.1505216888579843, 'Dg_D3_scale': 0.4019478833567015, 'Dv_D1_scale': 0.28289569078569105, 'Dv_D2_scale': 1.4112656372414194, 'b_bulk_scale': 0.08346903472594525, 'b_dislocation_scale': 3.057234883731252, 'gb_scale': 0.9878233200276809, 'gd_bubble_scale': 7.767062901698507, 'gd_line_scale': 8.51109733340074, 'gd_line_alpha': 0.38016005285407634, 'coalescence_d_scale': 1.9637985075956677, 'capture_scale': 3.138452418695157}. Best is trial 253 with value: 2.374265417438066.
[I 2026-05-04 12:30:01,282] Trial 269 finished with value: 2.4870805291865175 and parameters: {'rho_scale': 0.8231700837891114, 'f_n': 7.16466070945381e-09, 'K_d': 307962.2325588901, 'fission_rate': 7.746278042113607e+19, 'Dg_D1_scale': 1.788686162697333, 'Dg_D3_scale': 0.4023920862088196, 'Dv_D1_scale': 0.24740644942412587, 'Dv_D2_scale': 1.8647536973443748, 'b_bulk_scale': 0.08260459726537313, 'b_dislocation_scale': 3.1550118438116006, 'gb_scale': 1.250529425878346, 'gd_bubble_scale': 5.742182988568048, 'gd_line_scale': 9.22073229363553, 'gd_line_alpha': 0.3459067500520076, 'coalescence_d_scale': 2.023452650033985, 'capture_scale': 2.4505792767972188}. Best is trial 253 with value: 2.374265417438066.
[I 2026-05-04 12:30:07,475] Trial 270 finished with value: 2.446093929921323 and parameters: {'rho_scale': 0.8018927979409453, 'f_n': 1.1922461156170686e-08, 'K_d': 307985.46807382995, 'fission_rate': 7.653944599079246e+19, 'Dg_D1_scale': 1.9845753482469648, 'Dg_D3_scale': 0.41445204884225567, 'Dv_D1_scale': 0.26449401635683156, 'Dv_D2_scale': 1.638088717875667, 'b_bulk_scale': 0.0728166215791639, 'b_dislocation_scale': 2.480911673360333, 'gb_scale': 1.0348846666028628, 'gd_bubble_scale': 4.843484527823959, 'gd_line_scale': 8.206463156069631, 'gd_line_alpha': 0.42119455298398367, 'coalescence_d_scale': 1.786321313615748, 'capture_scale': 2.8627486573239223}. Best is trial 253 with value: 2.374265417438066.
[I 2026-05-04 12:30:14,377] Trial 271 finished with value: 2.43960104005429 and parameters: {'rho_scale': 0.8447429405517104, 'f_n': 8.57208763733669e-09, 'K_d': 307982.8460877316, 'fission_rate': 7.542746541450117e+19, 'Dg_D1_scale': 2.127874741092578, 'Dg_D3_scale': 0.37390551185451687, 'Dv_D1_scale': 0.24980858075882179, 'Dv_D2_scale': 1.3610080947554268, 'b_bulk_scale': 0.07579809758019349, 'b_dislocation_scale': 2.825087992426737, 'gb_scale': 0.9172413034940263, 'gd_bubble_scale': 4.090017826235647, 'gd_line_scale': 9.939016009494626, 'gd_line_alpha': 0.5685106107566784, 'coalescence_d_scale': 1.9933502793525342, 'capture_scale': 3.272826585245379}. Best is trial 253 with value: 2.374265417438066.
[I 2026-05-04 12:30:20,662] Trial 272 finished with value: 2.458579779831789 and parameters: {'rho_scale': 0.805180507811803, 'f_n': 1.0244793764060902e-08, 'K_d': 300792.8869776923, 'fission_rate': 7.79534361359056e+19, 'Dg_D1_scale': 2.1743462660304282, 'Dg_D3_scale': 0.4240004214572137, 'Dv_D1_scale': 0.24315158230361308, 'Dv_D2_scale': 1.4957840191823628, 'b_bulk_scale': 0.09251183097480065, 'b_dislocation_scale': 2.385142036693813, 'gb_scale': 1.6480762451166968, 'gd_bubble_scale': 6.533599723953752, 'gd_line_scale': 8.45358168845525, 'gd_line_alpha': 0.3692161228777054, 'coalescence_d_scale': 1.6692709646305484, 'capture_scale': 2.7281316200666885}. Best is trial 253 with value: 2.374265417438066.
[I 2026-05-04 12:30:27,087] Trial 273 finished with value: 2.440135162994352 and parameters: {'rho_scale': 0.8208903502022209, 'f_n': 1.705657774221086e-08, 'K_d': 308611.8120616836, 'fission_rate': 7.620638343060467e+19, 'Dg_D1_scale': 1.9536571141139192, 'Dg_D3_scale': 0.3928790397390047, 'Dv_D1_scale': 0.28321110188670107, 'Dv_D2_scale': 1.6568007112535443, 'b_bulk_scale': 0.06909024179477845, 'b_dislocation_scale': 2.5435774319336146, 'gb_scale': 0.7879863473866118, 'gd_bubble_scale': 5.3972611456647055, 'gd_line_scale': 9.035294616585244, 'gd_line_alpha': 0.39618037243272225, 'coalescence_d_scale': 2.095442519083305, 'capture_scale': 3.3151961320261916}. Best is trial 253 with value: 2.374265417438066.
[I 2026-05-04 12:30:31,438] Trial 274 finished with value: 2.4873358657756186 and parameters: {'rho_scale': 0.8610950365446868, 'f_n': 6.023637301821299e-09, 'K_d': 306257.88852995314, 'fission_rate': 7.689419198345593e+19, 'Dg_D1_scale': 2.033029047111976, 'Dg_D3_scale': 0.43912653217382647, 'Dv_D1_scale': 0.24239227893753512, 'Dv_D2_scale': 1.3167924057351719, 'b_bulk_scale': 0.07944967480463931, 'b_dislocation_scale': 2.329899412877068, 'gb_scale': 1.2337675838767272, 'gd_bubble_scale': 8.433993115052118, 'gd_line_scale': 9.98670682235812, 'gd_line_alpha': 0.3451850024433392, 'coalescence_d_scale': 1.8885391856246034, 'capture_scale': 2.5217586044089204}. Best is trial 253 with value: 2.374265417438066.
[I 2026-05-04 12:30:38,214] Trial 275 finished with value: 2.4604351775163362 and parameters: {'rho_scale': 0.7917483759195828, 'f_n': 3.832789161603291e-09, 'K_d': 309926.4602954435, 'fission_rate': 7.539398571672173e+19, 'Dg_D1_scale': 2.2287771671705374, 'Dg_D3_scale': 0.42186731529250177, 'Dv_D1_scale': 0.26462472560754874, 'Dv_D2_scale': 1.2667423847771517, 'b_bulk_scale': 0.09042399186903839, 'b_dislocation_scale': 2.2769419336852343, 'gb_scale': 1.470027874844801, 'gd_bubble_scale': 3.848575586968698, 'gd_line_scale': 8.102923632249558, 'gd_line_alpha': 0.3799929961930281, 'coalescence_d_scale': 2.1808489734533043, 'capture_scale': 3.2503746771976867}. Best is trial 253 with value: 2.374265417438066.Best trial: 253. Best value: 2.37427:  95%|█████████▌| 95/100 [09:31<00:28,  5.68s/it]Best trial: 253. Best value: 2.37427:  95%|█████████▌| 95/100 [09:31<00:28,  5.68s/it]Best trial: 253. Best value: 2.37427:  96%|█████████▌| 96/100 [09:31<00:24,  6.00s/it]                                                                                      Best trial: 253. Best value: 2.37427:  96%|█████████▌| 96/100 [09:37<00:24,  6.00s/it]Best trial: 253. Best value: 2.37427:  96%|█████████▌| 96/100 [09:37<00:24,  6.00s/it]Best trial: 253. Best value: 2.37427:  97%|█████████▋| 97/100 [09:37<00:18,  6.04s/it]                                                                                      Best trial: 253. Best value: 2.37427:  97%|█████████▋| 97/100 [09:41<00:18,  6.04s/it]Best trial: 253. Best value: 2.37427:  97%|█████████▋| 97/100 [09:41<00:18,  6.04s/it]Best trial: 253. Best value: 2.37427:  98%|█████████▊| 98/100 [09:41<00:10,  5.31s/it]                                                                                      Best trial: 253. Best value: 2.37427:  98%|█████████▊| 98/100 [09:47<00:10,  5.31s/it]Best trial: 253. Best value: 2.37427:  98%|█████████▊| 98/100 [09:47<00:10,  5.31s/it]Best trial: 253. Best value: 2.37427:  99%|█████████▉| 99/100 [09:47<00:05,  5.57s/it]                                                                                      Best trial: 253. Best value: 2.37427:  99%|█████████▉| 99/100 [09:52<00:05,  5.57s/it]Best trial: 253. Best value: 2.37427:  99%|█████████▉| 99/100 [09:52<00:05,  5.57s/it]Best trial: 253. Best value: 2.37427: 100%|██████████| 100/100 [09:52<00:00,  5.28s/it]Best trial: 253. Best value: 2.37427: 100%|██████████| 100/100 [09:52<00:00,  5.92s/it]

[I 2026-05-04 12:30:44,342] Trial 276 finished with value: 2.598296915017998 and parameters: {'rho_scale': 0.8287286375540506, 'f_n': 8.365729938205148e-09, 'K_d': 300632.1394056099, 'fission_rate': 7.54020357821878e+19, 'Dg_D1_scale': 2.1182867289944296, 'Dg_D3_scale': 0.37683440966736026, 'Dv_D1_scale': 0.24025982074806265, 'Dv_D2_scale': 1.3959302960053077, 'b_bulk_scale': 0.06927228160886384, 'b_dislocation_scale': 3.157463031347675, 'gb_scale': 1.104037351856193, 'gd_bubble_scale': 4.586384285568467, 'gd_line_scale': 8.27950274871965, 'gd_line_alpha': 0.5197498454316134, 'coalescence_d_scale': 2.2881827576801133, 'capture_scale': 3.705053087263516}. Best is trial 253 with value: 2.374265417438066.
[I 2026-05-04 12:30:47,961] Trial 277 finished with value: 5.429016161373975 and parameters: {'rho_scale': 0.800655595068837, 'f_n': 1.4313215688319765e-08, 'K_d': 310036.6564809185, 'fission_rate': 7.762805484203293e+19, 'Dg_D1_scale': 1.9043878413845314, 'Dg_D3_scale': 0.44189949138645623, 'Dv_D1_scale': 0.262804250667511, 'Dv_D2_scale': 1.7396379646351503, 'b_bulk_scale': 0.06506709070446545, 'b_dislocation_scale': 2.794040208968582, 'gb_scale': 0.8693554296590501, 'gd_bubble_scale': 3.5441439005336117, 'gd_line_scale': 0.3334946431111453, 'gd_line_alpha': 0.42017038959159386, 'coalescence_d_scale': 1.9168034139351118, 'capture_scale': 2.9312741702590004}. Best is trial 253 with value: 2.374265417438066.
[I 2026-05-04 12:30:54,140] Trial 278 finished with value: 2.588641490097522 and parameters: {'rho_scale': 0.8480289495155907, 'f_n': 1.200061385959527e-08, 'K_d': 306333.77617175755, 'fission_rate': 7.640038871927901e+19, 'Dg_D1_scale': 1.7710955822863261, 'Dg_D3_scale': 0.40380667367221945, 'Dv_D1_scale': 0.4379647218581811, 'Dv_D2_scale': 1.2385771536824588, 'b_bulk_scale': 0.07329664633251282, 'b_dislocation_scale': 2.2868400249843006, 'gb_scale': 0.9443677419246317, 'gd_bubble_scale': 3.909868387509324, 'gd_line_scale': 6.8366660416260165, 'gd_line_alpha': 0.3596368436850571, 'coalescence_d_scale': 2.1663308861613113, 'capture_scale': 2.33280034395723}. Best is trial 253 with value: 2.374265417438066.
