[I 2026-05-04 11:59:08,344] Trial 179 finished with value: 2.5085484480984577 and parameters: {'rho_scale': 0.7564896429568445, 'f_n': 8.835738178509998e-08, 'K_d': 328653.66787741275, 'fission_rate': 7.150309114559555e+19, 'Dg_D1_scale': 2.8764086172528973, 'Dg_D3_scale': 0.8588838154404979, 'Dv_D1_scale': 0.21014476459499856, 'Dv_D2_scale': 1.0924483098465811, 'b_bulk_scale': 0.06237688316108825, 'b_dislocation_scale': 1.4917325671845654, 'gb_scale': 0.5530102980236543, 'gd_bubble_scale': 1.8939479024467685, 'gd_line_scale': 8.189544788138043, 'gd_line_alpha': 0.3134954431619676, 'coalescence_d_scale': 3.6107946992127657, 'capture_scale': 4.50413357284561}. Best is trial 159 with value: 2.410059532186999.
Fast trials written to: UN_M7_optuna_v13_rhoSat_partition_results/capture_only/optuna_fast_trials_capture_only.csv
--------------------------------------------------------------------------------------------------------------------------------------------------------------------------
rank |     score |                        label |       f_n |       K_d |     rho_d |      Fdot |    Dv |    Dg |     b |    gb |    gd |  coal |   cap |  swD1600 |   Rd1600 |   NdDrop
--------------------------------------------------------------------------------------------------------------------------------------------------------------------------
   1 |      2.41 | capture_only_v13_trial_00159 |   6.5e-08 |   3.2e+05 |   3.0e+13 |   7.5e+19 |     1 |     1 |     1 |  0.34 |     1 |   2.7 |   7.9 |     2.14 |     87.9 |   -0.299
   2 |     2.419 | capture_only_v13_trial_00094 |   4.6e-08 |   3.2e+05 |   3.0e+13 |   7.6e+19 |     1 |     1 |     1 |  0.38 |     1 |   2.4 |   1.9 |     1.81 |     77.8 |   -0.245
   3 |     2.428 | capture_only_v13_trial_00161 |   6.0e-08 |   3.1e+05 |   3.0e+13 |   7.1e+19 |     1 |     1 |     1 |   0.5 |     1 |   2.8 |   6.3 |     1.83 |     84.9 |   -0.294
   4 |     2.431 | capture_only_v13_trial_00158 |   6.4e-08 |   3.2e+05 |   3.0e+13 |   7.5e+19 |     1 |     1 |     1 |  0.49 |     1 |   2.6 |   7.6 |     1.72 |     79.8 |   -0.264
   5 |     2.434 | capture_only_v13_trial_00143 |   1.0e-07 |   3.3e+05 |   3.0e+13 |   7.7e+19 |     1 |     1 |     1 |  0.38 |     1 |   2.7 |   7.7 |     2.05 |     82.1 |   -0.295
   6 |     2.436 | capture_only_v13_trial_00176 |   1.2e-07 |   3.2e+05 |   3.0e+13 |   7.2e+19 |     1 |     1 |     1 |  0.48 |     1 |   2.6 |   5.1 |     1.73 |     81.9 |   -0.263
   7 |     2.438 | capture_only_v13_trial_00162 |   5.9e-08 |   3.1e+05 |   3.0e+13 |   7.1e+19 |     1 |     1 |     1 |  0.49 |     1 |     3 |   6.1 |     1.83 |       86 |   -0.313
   8 |     2.438 | capture_only_v13_trial_00165 |   5.1e-08 |   3.1e+05 |   3.0e+13 |   7.1e+19 |     1 |     1 |     1 |  0.51 |     1 |     3 |   6.2 |     1.85 |     86.9 |   -0.313
   9 |     2.439 | capture_only_v13_trial_00160 |   6.0e-08 |   3.1e+05 |   3.0e+13 |   7.1e+19 |     1 |     1 |     1 |  0.48 |     1 |   2.9 |   6.5 |     1.84 |     85.4 |   -0.311
  10 |     2.439 | capture_only_v13_trial_00122 |   8.0e-08 |   3.5e+05 |   3.0e+13 |   7.8e+19 |     1 |     1 |     1 |  0.29 |     1 |   2.7 |   1.9 |     2.42 |     87.6 |   -0.304
  11 |     2.454 | capture_only_v13_trial_00092 |   4.9e-08 |   3.1e+05 |   3.0e+13 |   7.2e+19 |     1 |     1 |     1 |  0.29 |     1 |   2.4 |   1.7 |     1.97 |     81.1 |   -0.263
  12 |     2.457 | capture_only_v13_trial_00153 |   1.2e-07 |   3.2e+05 |   3.0e+13 |   7.6e+19 |     1 |     1 |     1 |  0.33 |     1 |   2.3 |   7.7 |     2.23 |     84.1 |   -0.264
  13 |      2.46 | capture_only_v13_trial_00136 |   2.0e-07 |   3.6e+05 |   3.0e+13 |   7.3e+19 |     1 |     1 |     1 |  0.22 |     1 |   1.8 |   7.5 |     2.22 |     85.6 |   -0.209
  14 |     2.461 | capture_only_v13_trial_00132 |   1.9e-07 |   3.5e+05 |   3.0e+13 |   7.7e+19 |     1 |     1 |     1 |  0.28 |     1 |   1.5 |   2.4 |     1.69 |     74.6 |   -0.131
  15 |     2.461 | capture_only_v13_trial_00167 |   6.8e-08 |   3.1e+05 |   3.0e+13 |   7.2e+19 |     1 |     1 |     1 |  0.52 |     1 |     3 |     8 |     1.72 |     84.3 |     -0.3
--------------------------------------------------------------------------------------------------------------------------------------------------------------------------
Final rows written to: UN_M7_optuna_v13_rhoSat_partition_results/capture_only/optuna_final_top_capture_only.csv
--------------------------------------------------------------------------------------------------------------------------------------------------------------------------
rank |     score |                        label |       f_n |       K_d |     rho_d |      Fdot |    Dv |    Dg |     b |    gb |    gd |  coal |   cap |  swD1600 |   Rd1600 |   NdDrop
--------------------------------------------------------------------------------------------------------------------------------------------------------------------------
   1 |     2.426 | FINAL_rank1_capture_only_capture_only_v13_trial_00159 |   6.5e-08 |   3.2e+05 |   3.0e+13 |   7.5e+19 |     1 |     1 |     1 |  0.34 |     1 |   2.7 |   7.9 |     2.09 |     87.2 |   -0.285
   2 |     2.453 | FINAL_rank3_capture_only_capture_only_v13_trial_00161 |   6.0e-08 |   3.1e+05 |   3.0e+13 |   7.1e+19 |     1 |     1 |     1 |   0.5 |     1 |   2.8 |   6.3 |      1.8 |     84.3 |   -0.282
   3 |     2.509 | FINAL_rank2_capture_only_capture_only_v13_trial_00094 |   4.6e-08 |   3.2e+05 |   3.0e+13 |   7.6e+19 |     1 |     1 |     1 |  0.38 |     1 |   2.4 |   1.9 |     1.77 |     77.1 |   -0.232
--------------------------------------------------------------------------------------------------------------------------------------------------------------------------

============================================================================================================================================
CAPTURE CHECK: best_capture_only_rank1_FINAL_rank1_capture_only_capture_only_v13_trial_00159, T=1600.0, burnup=3.2
============================================================================================================================================
f_cap_step is the physical clipped per-step fraction and must be <= 1.
capture_fraction_sum can exceed 1 because it is a diagnostic sum, not a physical fraction.
--------------------------------------------------------------------------------------------------------------------------------------------
final f_cap_step       = 7.314175e-05
max f_cap_step         = 3.029498e-04
final cap_raw_step     = 7.314175e-05
capture_fraction_sum   = 9.999047e-01
capture_raw_sum        = 9.999047e-01
captured bubbles cum.  = 3.447407e+20 m^-3
============================================================================================================================================

============================================================================================================================================
DIAGNOSTICS FOR best_capture_only_rank1
============================================================================================================================================
{'label': 'best_capture_only_rank1_FINAL_rank1_capture_only_capture_only_v13_trial_00159', 'f_n': 6.527407206954826e-08, 'K_d': 317063.43993384764, 'rho_d': 30000000000000.0, 'fission_rate': 7.517049551790381e+19, 'Dv_scale': 1.0, 'Dg_scale': 1.0, 'b_scale': 1.0, 'gb_scale': 0.34167761240086186, 'gd_scale': 1.0, 'coalescence_d_scale': 2.6631066157530703, 'capture_scale': 7.9337378139744565, 'D2_xe_scale': 1.0, 'Dg_D1_scale': 2.4529403976194244, 'Dg_D3_scale': 0.47544248531881794, 'Dv_D1_scale': 0.20108301576197854, 'Dv_D2_scale': 1.0374072038094218, 'b_bulk_scale': 0.044782992870082985, 'b_dislocation_scale': 2.064526153073684, 'gd_bubble_scale': 0.7885124414623972, 'gd_line_scale': 9.730290379974557, 'gd_line_alpha': 0.2981948061349185, 'family': 'capture_only'}
============================================================================================================================================

============================================================================================================================================
CAPTURE CHECK: best_capture_only_rank2_FINAL_rank3_capture_only_capture_only_v13_trial_00161, T=1600.0, burnup=3.2
============================================================================================================================================
f_cap_step is the physical clipped per-step fraction and must be <= 1.
capture_fraction_sum can exceed 1 because it is a diagnostic sum, not a physical fraction.
--------------------------------------------------------------------------------------------------------------------------------------------
final f_cap_step       = 4.516123e-05
max f_cap_step         = 2.364853e-04
final cap_raw_step     = 4.516123e-05
capture_fraction_sum   = 7.341803e-01
capture_raw_sum        = 7.341803e-01
captured bubbles cum.  = 1.953318e+20 m^-3
============================================================================================================================================

============================================================================================================================================
DIAGNOSTICS FOR best_capture_only_rank2
============================================================================================================================================
{'label': 'best_capture_only_rank2_FINAL_rank3_capture_only_capture_only_v13_trial_00161', 'f_n': 6.009649782397144e-08, 'K_d': 313005.9435010733, 'rho_d': 30000000000000.0, 'fission_rate': 7.125897678892407e+19, 'Dv_scale': 1.0, 'Dg_scale': 1.0, 'b_scale': 1.0, 'gb_scale': 0.5027479621266194, 'gd_scale': 1.0, 'coalescence_d_scale': 2.7931883446295274, 'capture_scale': 6.2732346417480045, 'D2_xe_scale': 1.0, 'Dg_D1_scale': 2.431170105827141, 'Dg_D3_scale': 0.49266063237081065, 'Dv_D1_scale': 0.2036806014207444, 'Dv_D2_scale': 1.056821538172632, 'b_bulk_scale': 0.04497867722342903, 'b_dislocation_scale': 2.064434616660856, 'gd_bubble_scale': 0.9427192122354453, 'gd_line_scale': 9.803986034537248, 'gd_line_alpha': 0.29404320103849113, 'family': 'capture_only'}
============================================================================================================================================

============================================================================================================================================
CAPTURE CHECK: best_capture_only_rank3_FINAL_rank2_capture_only_capture_only_v13_trial_00094, T=1600.0, burnup=3.2
============================================================================================================================================
f_cap_step is the physical clipped per-step fraction and must be <= 1.
capture_fraction_sum can exceed 1 because it is a diagnostic sum, not a physical fraction.
--------------------------------------------------------------------------------------------------------------------------------------------
final f_cap_step       = 1.040239e-05
max f_cap_step         = 7.079131e-05
final cap_raw_step     = 1.040239e-05
capture_fraction_sum   = 2.129469e-01
capture_raw_sum        = 2.129469e-01
captured bubbles cum.  = 7.482786e+19 m^-3
============================================================================================================================================

============================================================================================================================================
DIAGNOSTICS FOR best_capture_only_rank3
============================================================================================================================================
{'label': 'best_capture_only_rank3_FINAL_rank2_capture_only_capture_only_v13_trial_00094', 'f_n': 4.649586909964988e-08, 'K_d': 315954.9431208413, 'rho_d': 30000000000000.0, 'fission_rate': 7.564058364656094e+19, 'Dv_scale': 1.0, 'Dg_scale': 1.0, 'b_scale': 1.0, 'gb_scale': 0.37883518205673244, 'gd_scale': 1.0, 'coalescence_d_scale': 2.418658233717463, 'capture_scale': 1.8599614673888394, 'D2_xe_scale': 1.0, 'Dg_D1_scale': 2.611977996564598, 'Dg_D3_scale': 0.44781119128504593, 'Dv_D1_scale': 0.20184735764526301, 'Dv_D2_scale': 0.6049637219277395, 'b_bulk_scale': 0.05639416187689644, 'b_dislocation_scale': 1.777961607278314, 'gd_bubble_scale': 0.5790490217686257, 'gd_line_scale': 5.403371432397823, 'gd_line_alpha': 0.2701267529336741, 'family': 'capture_only'}
============================================================================================================================================
Summary written to: UN_M7_optuna_v13_rhoSat_partition_results/capture_only/optuna_summary_capture_only.md
[I 2026-05-04 12:21:05,327] Using an existing study with name 'UN_M7_capture_only' instead of creating a new one.
[I 2026-05-04 12:21:06,625] Trial with params {'f_n': 4.7e-08, 'K_d': 575000.0, 'rho_d': 30400000000000.0, 'fission_rate': 4.76e+19, 'Dv_scale': 0.591, 'Dg_scale': 0.552, 'D2_xe_scale': 1.0, 'b_scale': 0.233, 'gb_scale': 1.588, 'gd_scale': 0.328, 'coalescence_d_scale': 8.15, 'capture_scale': 2.97} already exists. Skipping enqueue.
[I 2026-05-04 12:21:06,630] Trial with params {'f_n': 1e-08, 'K_d': 800000.0, 'rho_d': 10000000000000.0, 'fission_rate': 7.5e+19, 'Dv_scale': 3.0, 'Dg_scale': 0.5, 'D2_xe_scale': 1.0, 'b_scale': 0.3, 'gb_scale': 1.0, 'gd_scale': 1.0, 'coalescence_d_scale': 1.0, 'capture_scale': 0.3} already exists. Skipping enqueue.
[I 2026-05-04 12:21:06,632] Trial with params {'f_n': 1e-06, 'K_d': 500000.0, 'rho_d': 30000000000000.0, 'fission_rate': 5e+19, 'Dv_scale': 1.0, 'Dg_scale': 1.0, 'D2_xe_scale': 1.0, 'b_scale': 1.0, 'gb_scale': 1.0, 'gd_scale': 1.0, 'coalescence_d_scale': 1.0, 'capture_scale': 1.0} already exists. Skipping enqueue.
[I 2026-05-04 12:21:06,637] Trial with params {'f_n': 1.3333e-08, 'K_d': 714300.0, 'rho_d': 46135000000000.0, 'fission_rate': 4.9558e+19, 'Dv_scale': 0.05, 'Dg_scale': 2.012, 'D2_xe_scale': 1.0, 'b_scale': 1.181, 'gb_scale': 0.8994, 'gd_scale': 3.641, 'coalescence_d_scale': 10.99, 'capture_scale': 3.247} already exists. Skipping enqueue.
[I 2026-05-04 12:21:06,640] Trial with params {'f_n': 2.5466e-07, 'K_d': 648460.0, 'rho_d': 35350000000000.0, 'fission_rate': 7.4799e+19, 'Dv_scale': 1.0, 'Dg_scale': 0.5333, 'D2_xe_scale': 1.0, 'b_scale': 3.066, 'gb_scale': 0.4625, 'gd_scale': 4.507, 'coalescence_d_scale': 6.997, 'capture_scale': 0.1401} already exists. Skipping enqueue.
[I 2026-05-04 12:21:06,644] Trial with params {'f_n': 1.9043e-07, 'K_d': 633680.0, 'rho_d': 48099000000000.0, 'fission_rate': 6.8347e+19, 'Dv_scale': 1.0, 'Dg_scale': 0.3921, 'D2_xe_scale': 1.0, 'b_scale': 3.704, 'gb_scale': 0.3881, 'gd_scale': 3.375, 'coalescence_d_scale': 7.005, 'capture_scale': 0.0608} already exists. Skipping enqueue.
[I 2026-05-04 12:21:06,650] Trial with params {'f_n': 1.3237e-08, 'K_d': 558920.0, 'rho_d': 24815000000000.0, 'fission_rate': 7.6621e+19, 'Dv_scale': 0.5, 'Dg_scale': 1.307, 'D2_xe_scale': 1.0, 'b_scale': 1.296, 'gb_scale': 0.4151, 'gd_scale': 1.963, 'coalescence_d_scale': 9.772, 'capture_scale': 0.1557} already exists. Skipping enqueue.
[I 2026-05-04 12:21:06,654] Trial with params {'f_n': 2.940436e-07, 'K_d': 1033314.0, 'rho_d': 12059490000000.0, 'fission_rate': 6.730293e+19, 'Dv_scale': 0.227099, 'Dg_scale': 2.163517, 'D2_xe_scale': 0.112489, 'b_scale': 0.09929, 'gb_scale': 1.445601, 'gd_scale': 4.396731, 'coalescence_d_scale': 3.880728, 'capture_scale': 0.024136} already exists. Skipping enqueue.
[I 2026-05-04 12:21:06,661] Trial with params {'f_n': 5.96478e-07, 'K_d': 1198283.0, 'rho_d': 9976134000000.0, 'fission_rate': 6.685431e+19, 'Dv_scale': 0.239374, 'Dg_scale': 2.580361, 'D2_xe_scale': 0.119911, 'b_scale': 0.115218, 'gb_scale': 1.009685, 'gd_scale': 4.737461, 'coalescence_d_scale': 2.916475, 'capture_scale': 0.027787} already exists. Skipping enqueue.
[I 2026-05-04 12:21:06,665] Trial with params {'f_n': 7.392651e-07, 'K_d': 1166892.0, 'rho_d': 11803530000000.0, 'fission_rate': 6.574543e+19, 'Dv_scale': 0.221547, 'Dg_scale': 2.170761, 'D2_xe_scale': 0.149876, 'b_scale': 0.126114, 'gb_scale': 1.30495, 'gd_scale': 5.541092, 'coalescence_d_scale': 2.726375, 'capture_scale': 0.023283} already exists. Skipping enqueue.
[I 2026-05-04 12:21:06,669] Trial with params {'rho_scale': 1.0, 'K_d': 500000.0} already exists. Skipping enqueue.
[I 2026-05-04 12:21:06,671] Trial with params {'rho_scale': 0.75, 'K_d': 350000.0} already exists. Skipping enqueue.
[I 2026-05-04 12:21:06,674] Trial with params {'rho_scale': 1.25, 'K_d': 500000.0} already exists. Skipping enqueue.
########################################################################################################################
V13 rhoSat + gas-to-grain-face + high-T dislocation plateau settings
family                         = capture_only
rhoFT2 enabled                 = True
rho_scale range                 = 0.5 -- 2
rho T shape                     = saturating Ray-Blank fit normalized at 1025 K
K_d range                       = 300000 -- 800000
direct exp weights              = sw 1.0, Rd 0.9, Nd 0.4, Nd-drop 1.0
v13 partition/qgb weights       = 0.95 / 1.2
v13 Nd highT target weight      = 0.8
qgb max low-mid/high            = 18.0 / 22.0
Fig8 disl/bulk radius weights   = 0.75 / 0.04
Fig6 burnup weight              = 0.02
output dir                      = UN_M7_optuna_v13_rhoSat_partition_results/capture_only
########################################################################################################################
########################################################################################################################
OPTUNA CALIBRATION: capture_only
########################################################################################################################
Output dir        = UN_M7_optuna_v13_rhoSat_partition_results/capture_only
Trials requested  = 100
FAST dt/modes     = 12 h / 22
FINAL dt/modes    = 1 h / 40
Pressure weight   = 0.22; free factor = 3
D2 Xe             = included, with D2_xe_scale
Coalescence       = active, scale never zero
Family switches   = phi_gas:False, nuc_mass:False, capture:True
########################################################################################################################
