[I 2026-05-04 11:04:23,741] Trial 49 finished with value: 2.753136295553217 and parameters: {'rho_scale': 0.7520487127340295, 'f_n': 2.4605535823564283e-06, 'K_d': 359678.6881560892, 'fission_rate': 6.851492147859435e+19, 'Dg_D1_scale': 1.765689166607851, 'Dg_D3_scale': 0.705883574806796, 'Dv_D1_scale': 0.29484573918859536, 'Dv_D2_scale': 0.22954442510118178, 'b_bulk_scale': 0.042466699692644536, 'b_dislocation_scale': 0.410448972967514, 'gb_scale': 0.5064380910982735, 'gd_bubble_scale': 1.3617741483664294, 'gd_line_scale': 3.639203624154861, 'gd_line_alpha': 0.4015967071592763, 'coalescence_d_scale': 1.010287940958981, 'capture_scale': 0.19045445532942473}. Best is trial 49 with value: 2.753136295553217.
[I 2026-05-04 11:04:28,490] Trial 50 finished with value: 4.415368174218868 and parameters: {'rho_scale': 0.900308889772977, 'f_n': 2.7971263054721737e-06, 'K_d': 357001.8011075994, 'fission_rate': 6.78802444854859e+19, 'Dg_D1_scale': 2.415569057089471, 'Dg_D3_scale': 0.7294070216011119, 'Dv_D1_scale': 0.2001848265700428, 'Dv_D2_scale': 0.23544293505435546, 'b_bulk_scale': 0.038265868237491674, 'b_dislocation_scale': 0.6708211264105243, 'gb_scale': 0.6947905622939503, 'gd_bubble_scale': 1.287456679330228, 'gd_line_scale': 1.4472514889165846, 'gd_line_alpha': 0.3523992129923682, 'coalescence_d_scale': 2.2320237799515747, 'capture_scale': 0.24868010884749878}. Best is trial 49 with value: 2.753136295553217.
[I 2026-05-04 11:04:35,754] Trial 51 finished with value: 2.6938884043659908 and parameters: {'rho_scale': 0.7768422897760173, 'f_n': 1.7420203261525456e-06, 'K_d': 323926.89087891736, 'fission_rate': 6.9345322094500545e+19, 'Dg_D1_scale': 1.8400639086492994, 'Dg_D3_scale': 0.6834371079264239, 'Dv_D1_scale': 0.2983227370920657, 'Dv_D2_scale': 0.2569069784990506, 'b_bulk_scale': 0.037196266569032396, 'b_dislocation_scale': 0.4046122170380679, 'gb_scale': 0.5467493485705192, 'gd_bubble_scale': 0.9013767138707166, 'gd_line_scale': 3.5216343258687997, 'gd_line_alpha': 0.39089398381428947, 'coalescence_d_scale': 0.9562988397924277, 'capture_scale': 0.18417180544758}. Best is trial 51 with value: 2.6938884043659908.
[I 2026-05-04 11:04:42,957] Trial 52 finished with value: 3.1454159064088483 and parameters: {'rho_scale': 0.7676946747542088, 'f_n': 1.9797388631362405e-06, 'K_d': 301987.26165950304, 'fission_rate': 6.870919496255444e+19, 'Dg_D1_scale': 1.8131416219073269, 'Dg_D3_scale': 0.7020641845949089, 'Dv_D1_scale': 0.35596077835269285, 'Dv_D2_scale': 0.20331734564024959, 'b_bulk_scale': 0.03814179465344581, 'b_dislocation_scale': 0.42126167148774885, 'gb_scale': 0.4775810226959665, 'gd_bubble_scale': 0.9742203271242738, 'gd_line_scale': 4.178305312042699, 'gd_line_alpha': 0.36746680050292296, 'coalescence_d_scale': 4.38750802848232, 'capture_scale': 0.5393195379561336}. Best is trial 51 with value: 2.6938884043659908.
[I 2026-05-04 11:04:48,616] Trial 53 finished with value: 3.235257590918898 and parameters: {'rho_scale': 0.7360314107892925, 'f_n': 1.5282556268301194e-06, 'K_d': 325166.41859516787, 'fission_rate': 7.429866738260915e+19, 'Dg_D1_scale': 1.9514903465677857, 'Dg_D3_scale': 0.8157559794945783, 'Dv_D1_scale': 0.2387792546632855, 'Dv_D2_scale': 0.30225064025768883, 'b_bulk_scale': 0.04781046023754114, 'b_dislocation_scale': 0.4552651852236876, 'gb_scale': 1.2239445811889902, 'gd_bubble_scale': 2.4769561626974643, 'gd_line_scale': 3.4160660285308175, 'gd_line_alpha': 0.4159173497445014, 'coalescence_d_scale': 1.1282852622834076, 'capture_scale': 0.195781164119471}. Best is trial 51 with value: 2.6938884043659908.Best trial: 51. Best value: 2.69389:  46%|████▌     | 23/50 [02:57<02:56,  6.55s/it]Best trial: 51. Best value: 2.69389:  46%|████▌     | 23/50 [02:57<02:56,  6.55s/it]Best trial: 51. Best value: 2.69389:  48%|████▊     | 24/50 [02:57<02:43,  6.29s/it]                                                                                    Best trial: 51. Best value: 2.69389:  48%|████▊     | 24/50 [02:59<02:43,  6.29s/it]Best trial: 51. Best value: 2.69389:  48%|████▊     | 24/50 [02:59<02:43,  6.29s/it]Best trial: 51. Best value: 2.69389:  50%|█████     | 25/50 [02:59<02:00,  4.82s/it]                                                                                    Best trial: 51. Best value: 2.69389:  50%|█████     | 25/50 [03:03<02:00,  4.82s/it]Best trial: 51. Best value: 2.69389:  50%|█████     | 25/50 [03:03<02:00,  4.82s/it]Best trial: 51. Best value: 2.69389:  52%|█████▏    | 26/50 [03:03<01:49,  4.57s/it]                                                                                    Best trial: 51. Best value: 2.69389:  52%|█████▏    | 26/50 [03:11<01:49,  4.57s/it]Best trial: 51. Best value: 2.69389:  52%|█████▏    | 26/50 [03:11<01:49,  4.57s/it]Best trial: 51. Best value: 2.69389:  54%|█████▍    | 27/50 [03:11<02:09,  5.61s/it]                                                                                    Best trial: 51. Best value: 2.69389:  54%|█████▍    | 27/50 [03:18<02:09,  5.61s/it]Best trial: 57. Best value: 2.68581:  54%|█████▍    | 27/50 [03:18<02:09,  5.61s/it]Best trial: 57. Best value: 2.68581:  56%|█████▌    | 28/50 [03:18<02:11,  5.98s/it]                                                                                    Best trial: 57. Best value: 2.68581:  56%|█████▌    | 28/50 [03:24<02:11,  5.98s/it]Best trial: 58. Best value: 2.65812:  56%|█████▌    | 28/50 [03:24<02:11,  5.98s/it]Best trial: 58. Best value: 2.65812:  58%|█████▊    | 29/50 [03:24<02:10,  6.23s/it]                                                                                    Best trial: 58. Best value: 2.65812:  58%|█████▊    | 29/50 [03:28<02:10,  6.23s/it]Best trial: 58. Best value: 2.65812:  58%|█████▊    | 29/50 [03:28<02:10,  6.23s/it]Best trial: 58. Best value: 2.65812:  60%|██████    | 30/50 [03:28<01:46,  5.31s/it]                                                                                    Best trial: 58. Best value: 2.65812:  60%|██████    | 30/50 [03:34<01:46,  5.31s/it]Best trial: 60. Best value: 2.49465:  60%|██████    | 30/50 [03:34<01:46,  5.31s/it]Best trial: 60. Best value: 2.49465:  62%|██████▏   | 31/50 [03:34<01:48,  5.70s/it]                                                                                    Best trial: 60. Best value: 2.49465:  62%|██████▏   | 31/50 [03:39<01:48,  5.70s/it]Best trial: 60. Best value: 2.49465:  62%|██████▏   | 31/50 [03:39<01:48,  5.70s/it]Best trial: 60. Best value: 2.49465:  64%|██████▍   | 32/50 [03:39<01:39,  5.55s/it]                                                                                    Best trial: 60. Best value: 2.49465:  64%|██████▍   | 32/50 [03:46<01:39,  5.55s/it]Best trial: 60. Best value: 2.49465:  64%|██████▍   | 32/50 [03:46<01:39,  5.55s/it]Best trial: 60. Best value: 2.49465:  66%|██████▌   | 33/50 [03:46<01:41,  5.98s/it]                                                                                    Best trial: 60. Best value: 2.49465:  66%|██████▌   | 33/50 [03:53<01:41,  5.98s/it]Best trial: 60. Best value: 2.49465:  66%|██████▌   | 33/50 [03:53<01:41,  5.98s/it]Best trial: 60. Best value: 2.49465:  68%|██████▊   | 34/50 [03:53<01:40,  6.25s/it]                                                                                    Best trial: 60. Best value: 2.49465:  68%|██████▊   | 34/50 [03:58<01:40,  6.25s/it]Best trial: 60. Best value: 2.49465:  68%|██████▊   | 34/50 [03:58<01:40,  6.25s/it]Best trial: 60. Best value: 2.49465:  70%|███████   | 35/50 [03:58<01:26,  5.74s/it]                                                                                    
[I 2026-05-04 11:04:50,008] Trial 54 finished with value: 5.472965825030007 and parameters: {'rho_scale': 0.91057665278385, 'f_n': 7.4118318781949e-07, 'K_d': 358886.0486260768, 'fission_rate': 6.504300635635713e+19, 'Dg_D1_scale': 2.7132907750142703, 'Dg_D3_scale': 0.6571017436244324, 'Dv_D1_scale': 0.3012755630265258, 'Dv_D2_scale': 0.2435890392435934, 'b_bulk_scale': 0.06138262298700448, 'b_dislocation_scale': 1.052383565858897, 'gb_scale': 0.5565281082913365, 'gd_bubble_scale': 0.6992575398934557, 'gd_line_scale': 0.19287742740843294, 'gd_line_alpha': 0.5069933054786693, 'coalescence_d_scale': 0.9234504018698944, 'capture_scale': 0.3150064339045956}. Best is trial 51 with value: 2.6938884043659908.
[I 2026-05-04 11:04:53,986] Trial 55 finished with value: 4.510866994380643 and parameters: {'rho_scale': 0.6960888101671634, 'f_n': 2.931655545926726e-06, 'K_d': 393624.7513490959, 'fission_rate': 6.9708365798040805e+19, 'Dg_D1_scale': 1.497338355067251, 'Dg_D3_scale': 0.570923789519316, 'Dv_D1_scale': 0.4563316591975155, 'Dv_D2_scale': 0.40076361504865593, 'b_bulk_scale': 0.03524591615797618, 'b_dislocation_scale': 0.7177101946472846, 'gb_scale': 0.9323836232842885, 'gd_bubble_scale': 1.5717781871531453, 'gd_line_scale': 2.3118653226085164, 'gd_line_alpha': 0.28119768180915655, 'coalescence_d_scale': 1.454423719821012, 'capture_scale': 0.12915138936626358}. Best is trial 51 with value: 2.6938884043659908.
[I 2026-05-04 11:05:02,040] Trial 56 finished with value: 2.6955447112341524 and parameters: {'rho_scale': 0.9822404884990643, 'f_n': 1.0808073374392536e-06, 'K_d': 329825.8633001323, 'fission_rate': 6.663796338937112e+19, 'Dg_D1_scale': 1.6838326298337558, 'Dg_D3_scale': 0.3924699928539122, 'Dv_D1_scale': 0.2465288448022915, 'Dv_D2_scale': 0.32683480766755, 'b_bulk_scale': 0.04979598638700984, 'b_dislocation_scale': 0.5151580830092822, 'gb_scale': 0.45192435746428944, 'gd_bubble_scale': 0.8328065633590157, 'gd_line_scale': 5.3254449630054, 'gd_line_alpha': 0.4085382069922132, 'coalescence_d_scale': 0.7864915138894938, 'capture_scale': 0.858104939017857}. Best is trial 51 with value: 2.6938884043659908.
[I 2026-05-04 11:05:08,873] Trial 57 finished with value: 2.6858144115261298 and parameters: {'rho_scale': 0.9926495973052151, 'f_n': 2.640225772276952e-07, 'K_d': 326852.7752225848, 'fission_rate': 6.667540760873422e+19, 'Dg_D1_scale': 1.689227557357494, 'Dg_D3_scale': 0.2804334180628661, 'Dv_D1_scale': 0.23151261603653525, 'Dv_D2_scale': 0.34198547019620607, 'b_bulk_scale': 0.052266140896266036, 'b_dislocation_scale': 1.1016982042955894, 'gb_scale': 0.4102372251235599, 'gd_bubble_scale': 0.8392471849002737, 'gd_line_scale': 4.149629398519854, 'gd_line_alpha': 0.39776736859767164, 'coalescence_d_scale': 0.8314810953643339, 'capture_scale': 0.800825815354395}. Best is trial 57 with value: 2.6858144115261298.
[I 2026-05-04 11:05:15,685] Trial 58 finished with value: 2.6581174779307823 and parameters: {'rho_scale': 0.9861755494636479, 'f_n': 2.468566184907168e-07, 'K_d': 315803.53688080417, 'fission_rate': 6.728300362297523e+19, 'Dg_D1_scale': 2.0928669288759547, 'Dg_D3_scale': 0.42013568319377453, 'Dv_D1_scale': 0.2297871563389156, 'Dv_D2_scale': 0.32185060055144127, 'b_bulk_scale': 0.0497248465615123, 'b_dislocation_scale': 1.0273221172075289, 'gb_scale': 0.4143773933552124, 'gd_bubble_scale': 1.0364584446069445, 'gd_line_scale': 3.713547219257224, 'gd_line_alpha': 0.4082918233528292, 'coalescence_d_scale': 0.7821495023240926, 'capture_scale': 0.8030783168807686}. Best is trial 58 with value: 2.6581174779307823.
[I 2026-05-04 11:05:18,876] Trial 59 finished with value: 3.5019299340814967 and parameters: {'rho_scale': 1.0759874433938887, 'f_n': 2.5600761695688535e-07, 'K_d': 328484.18584433506, 'fission_rate': 6.7089839950011286e+19, 'Dg_D1_scale': 2.1724361228573152, 'Dg_D3_scale': 0.24831497122033358, 'Dv_D1_scale': 0.22753244948930423, 'Dv_D2_scale': 0.3106136289559898, 'b_bulk_scale': 0.05316993440991144, 'b_dislocation_scale': 1.0088219469703237, 'gb_scale': 0.3973323479265553, 'gd_bubble_scale': 0.862845533862722, 'gd_line_scale': 1.787899086102154, 'gd_line_alpha': 0.3992835864774061, 'coalescence_d_scale': 1.0803138704776138, 'capture_scale': 0.49291637953375644}. Best is trial 58 with value: 2.6581174779307823.
[I 2026-05-04 11:05:25,435] Trial 60 finished with value: 2.4946471904104057 and parameters: {'rho_scale': 0.9613109169507632, 'f_n': 1.645353997910625e-07, 'K_d': 314033.633630721, 'fission_rate': 7.243158155244554e+19, 'Dg_D1_scale': 1.8729849125191822, 'Dg_D3_scale': 0.3946885869273518, 'Dv_D1_scale': 0.2523873619672811, 'Dv_D2_scale': 0.43144442003074046, 'b_bulk_scale': 0.033656325471701797, 'b_dislocation_scale': 1.1620769199002725, 'gb_scale': 0.2311641179097058, 'gd_bubble_scale': 0.5638888753718098, 'gd_line_scale': 4.797595294456509, 'gd_line_alpha': 0.33388982377157367, 'coalescence_d_scale': 1.4781826885707126, 'capture_scale': 0.7933517943316143}. Best is trial 60 with value: 2.4946471904104057.
[I 2026-05-04 11:05:30,652] Trial 61 finished with value: 3.6712840508203546 and parameters: {'rho_scale': 0.9640906964406072, 'f_n': 1.5939746223341133e-07, 'K_d': 311047.6409376368, 'fission_rate': 7.293984378216015e+19, 'Dg_D1_scale': 1.3625907529981764, 'Dg_D3_scale': 0.37840292683004884, 'Dv_D1_scale': 0.25212768836782895, 'Dv_D2_scale': 0.43086781865920276, 'b_bulk_scale': 0.031352363666378, 'b_dislocation_scale': 2.422378359300482, 'gb_scale': 0.24771125393045168, 'gd_bubble_scale': 0.6030053937705157, 'gd_line_scale': 3.6877676033886266, 'gd_line_alpha': 0.30087977866127885, 'coalescence_d_scale': 1.418021974461036, 'capture_scale': 0.72552835188733}. Best is trial 60 with value: 2.4946471904104057.
[I 2026-05-04 11:05:37,636] Trial 62 finished with value: 2.6464146878582544 and parameters: {'rho_scale': 1.0291866312813363, 'f_n': 5.642247956057122e-07, 'K_d': 322252.4278615756, 'fission_rate': 7.522556594464281e+19, 'Dg_D1_scale': 1.7847112702284296, 'Dg_D3_scale': 0.29288148368545974, 'Dv_D1_scale': 0.2121121439733876, 'Dv_D2_scale': 0.33284918603629937, 'b_bulk_scale': 0.06490830036037912, 'b_dislocation_scale': 1.1171161273561474, 'gb_scale': 0.34233606312656784, 'gd_bubble_scale': 0.889736998895103, 'gd_line_scale': 4.957149299281856, 'gd_line_alpha': 0.41656799028897085, 'coalescence_d_scale': 0.7545935455483385, 'capture_scale': 0.8848403506910641}. Best is trial 60 with value: 2.4946471904104057.
[I 2026-05-04 11:05:44,540] Trial 63 finished with value: 2.7031837445683524 and parameters: {'rho_scale': 1.016174547274778, 'f_n': 1.0711124612798322e-07, 'K_d': 321963.13912315585, 'fission_rate': 7.542721316047615e+19, 'Dg_D1_scale': 1.7619969444491808, 'Dg_D3_scale': 0.29736184892961043, 'Dv_D1_scale': 0.2001735492865526, 'Dv_D2_scale': 0.34703141375873886, 'b_bulk_scale': 0.04960942168594805, 'b_dislocation_scale': 1.2454758978836198, 'gb_scale': 0.4863402587787666, 'gd_bubble_scale': 0.8532010279853802, 'gd_line_scale': 4.536793217703196, 'gd_line_alpha': 0.3240985319419307, 'coalescence_d_scale': 0.6135119064451064, 'capture_scale': 0.8451665781857536}. Best is trial 60 with value: 2.4946471904104057.
[I 2026-05-04 11:05:49,065] Trial 64 finished with value: 2.6570886903643562 and parameters: {'rho_scale': 1.033960110860102, 'f_n': 1.1357317264818488e-07, 'K_d': 325704.1151865599, 'fission_rate': 7.639009104054506e+19, 'Dg_D1_scale': 2.0127104627787387, 'Dg_D3_scale': 0.3012032822597349, 'Dv_D1_scale': 0.20035355475951927, 'Dv_D2_scale': 0.3435534191966667, 'b_bulk_scale': 0.05250071304012206, 'b_dislocation_scale': 1.2424918215045095, 'gb_scale': 0.37803887906041217, 'gd_bubble_scale': 0.8265253856741221, 'gd_line_scale': 5.185752118232767, 'gd_line_alpha': 0.3264507587034401, 'coalescence_d_scale': 0.5890973814466245, 'capture_scale': 0.9087292518989512}. Best is trial 60 with value: 2.4946471904104057.
[I 2026-05-04 11:05:55,067] Trial 65 finished with value: 2.5857117547592527 and parameters: {'rho_scale': 1.1781151215242107, 'f_n': 2.7170623528474436e-07, 'K_d': 300255.19814665493, 'fission_rate': 7.774400337524515e+19, 'Dg_D1_scale': 2.7708644169646335, 'Dg_D3_scale': 0.41368274072721606, 'Dv_D1_scale': 0.25586610328283155, 'Dv_D2_scale': 0.44511560530918604, 'b_bulk_scale': 0.031040075711415593, 'b_dislocation_scale': 1.9859049950156278, 'gb_scale': 0.37576018119069693, 'gd_bubble_scale': 1.0537409226362617, 'gd_line_scale': 6.5235651561608625, 'gd_line_alpha': 0.253081373188082, 'coalescence_d_scale': 1.7497738315556013, 'capture_scale': 1.0448615475692624}. Best is trial 60 with value: 2.4946471904104057.Best trial: 60. Best value: 2.49465:  70%|███████   | 35/50 [04:04<01:26,  5.74s/it]Best trial: 60. Best value: 2.49465:  70%|███████   | 35/50 [04:04<01:26,  5.74s/it]Best trial: 60. Best value: 2.49465:  72%|███████▏  | 36/50 [04:04<01:21,  5.82s/it]                                                                                    Best trial: 60. Best value: 2.49465:  72%|███████▏  | 36/50 [04:10<01:21,  5.82s/it]Best trial: 60. Best value: 2.49465:  72%|███████▏  | 36/50 [04:10<01:21,  5.82s/it]Best trial: 60. Best value: 2.49465:  74%|███████▍  | 37/50 [04:10<01:18,  6.07s/it]                                                                                    Best trial: 60. Best value: 2.49465:  74%|███████▍  | 37/50 [04:17<01:18,  6.07s/it]Best trial: 60. Best value: 2.49465:  74%|███████▍  | 37/50 [04:17<01:18,  6.07s/it]Best trial: 60. Best value: 2.49465:  76%|███████▌  | 38/50 [04:17<01:14,  6.22s/it]                                                                                    Best trial: 60. Best value: 2.49465:  76%|███████▌  | 38/50 [04:24<01:14,  6.22s/it]Best trial: 60. Best value: 2.49465:  76%|███████▌  | 38/50 [04:24<01:14,  6.22s/it]Best trial: 60. Best value: 2.49465:  78%|███████▊  | 39/50 [04:24<01:11,  6.46s/it]                                                                                    Best trial: 60. Best value: 2.49465:  78%|███████▊  | 39/50 [04:28<01:11,  6.46s/it]Best trial: 60. Best value: 2.49465:  78%|███████▊  | 39/50 [04:28<01:11,  6.46s/it]Best trial: 60. Best value: 2.49465:  80%|████████  | 40/50 [04:28<00:56,  5.68s/it]                                                                                    Best trial: 60. Best value: 2.49465:  80%|████████  | 40/50 [04:35<00:56,  5.68s/it]Best trial: 60. Best value: 2.49465:  80%|████████  | 40/50 [04:35<00:56,  5.68s/it]Best trial: 60. Best value: 2.49465:  82%|████████▏ | 41/50 [04:35<00:54,  6.01s/it]                                                                                    Best trial: 60. Best value: 2.49465:  82%|████████▏ | 41/50 [04:41<00:54,  6.01s/it]Best trial: 60. Best value: 2.49465:  82%|████████▏ | 41/50 [04:41<00:54,  6.01s/it]Best trial: 60. Best value: 2.49465:  84%|████████▍ | 42/50 [04:41<00:48,  6.04s/it]                                                                                    Best trial: 60. Best value: 2.49465:  84%|████████▍ | 42/50 [04:47<00:48,  6.04s/it]Best trial: 60. Best value: 2.49465:  84%|████████▍ | 42/50 [04:47<00:48,  6.04s/it]Best trial: 60. Best value: 2.49465:  86%|████████▌ | 43/50 [04:47<00:42,  6.12s/it]                                                                                    Best trial: 60. Best value: 2.49465:  86%|████████▌ | 43/50 [04:54<00:42,  6.12s/it]Best trial: 73. Best value: 2.47247:  86%|████████▌ | 43/50 [04:54<00:42,  6.12s/it]Best trial: 73. Best value: 2.47247:  88%|████████▊ | 44/50 [04:54<00:37,  6.27s/it]                                                                                    Best trial: 73. Best value: 2.47247:  88%|████████▊ | 44/50 [04:58<00:37,  6.27s/it]Best trial: 73. Best value: 2.47247:  88%|████████▊ | 44/50 [04:58<00:37,  6.27s/it]Best trial: 73. Best value: 2.47247:  90%|█████████ | 45/50 [04:58<00:28,  5.68s/it]                                                                                    Best trial: 73. Best value: 2.47247:  90%|█████████ | 45/50 [05:05<00:28,  5.68s/it]Best trial: 73. Best value: 2.47247:  90%|█████████ | 45/50 [05:05<00:28,  5.68s/it]Best trial: 73. Best value: 2.47247:  92%|█████████▏| 46/50 [05:05<00:24,  6.01s/it]                                                                                    Best trial: 73. Best value: 2.47247:  92%|█████████▏| 46/50 [05:11<00:24,  6.01s/it]Best trial: 73. Best value: 2.47247:  92%|█████████▏| 46/50 [05:11<00:24,  6.01s/it]Best trial: 73. Best value: 2.47247:  94%|█████████▍| 47/50 [05:11<00:18,  6.12s/it]                                                                                    
[I 2026-05-04 11:06:01,724] Trial 66 finished with value: 2.591285641741242 and parameters: {'rho_scale': 1.2021720891605994, 'f_n': 7.177766390031625e-08, 'K_d': 300310.95542856044, 'fission_rate': 7.75340849325847e+19, 'Dg_D1_scale': 3.2875319758268073, 'Dg_D3_scale': 0.1985621441815514, 'Dv_D1_scale': 0.2136756263581333, 'Dv_D2_scale': 0.5114615495782316, 'b_bulk_scale': 0.030599277021423777, 'b_dislocation_scale': 1.7779550430175037, 'gb_scale': 0.3550824302880591, 'gd_bubble_scale': 0.5845142275752626, 'gd_line_scale': 8.579723984817836, 'gd_line_alpha': 0.2486645310917332, 'coalescence_d_scale': 2.5460965696033107, 'capture_scale': 1.1458913311398342}. Best is trial 60 with value: 2.4946471904104057.
[I 2026-05-04 11:06:08,284] Trial 67 finished with value: 2.524663254795966 and parameters: {'rho_scale': 1.210824559176001, 'f_n': 7.233103734209615e-08, 'K_d': 301011.19930500875, 'fission_rate': 7.884943778023768e+19, 'Dg_D1_scale': 3.4438153023432343, 'Dg_D3_scale': 0.2074552799767011, 'Dv_D1_scale': 0.21718145201409966, 'Dv_D2_scale': 0.5362606026079854, 'b_bulk_scale': 0.03244128176272747, 'b_dislocation_scale': 2.095462732867641, 'gb_scale': 0.3547207691511178, 'gd_bubble_scale': 0.4828836743921956, 'gd_line_scale': 7.963872464044033, 'gd_line_alpha': 0.25481190307294427, 'coalescence_d_scale': 2.8157307458111704, 'capture_scale': 1.0632326354997426}. Best is trial 60 with value: 2.4946471904104057.
