[I 2026-05-04 10:35:04,164] A new study created in RDB with name: UN_M7_capture_only
########################################################################################################################
V13 rhoSat + gas-to-grain-face + high-T dislocation plateau settings
family                         = capture_only
rhoFT2 enabled                 = True
rho_scale range                 = 0.5 -- 2
rho T shape                     = saturating Ray-Blank fit normalized at 1025 K
K_d range                       = 300000 -- 800000
direct exp weights              = sw 1.0, Rd 0.9, Nd 0.4, Nd-drop 1.0
v13 partition/qgb weights       = 0.95 / 1.2
v13 Nd highT target weight      = 0.8
qgb max low-mid/high            = 18.0 / 22.0
Fig8 disl/bulk radius weights   = 0.75 / 0.04
Fig6 burnup weight              = 0.02
output dir                      = UN_M7_optuna_v13_rhoSat_partition_results/capture_only
########################################################################################################################
########################################################################################################################
OPTUNA CALIBRATION: capture_only
########################################################################################################################
Output dir        = UN_M7_optuna_v13_rhoSat_partition_results/capture_only
Trials requested  = 30
FAST dt/modes     = 12 h / 22
FINAL dt/modes    = 1 h / 40
Pressure weight   = 0.22; free factor = 3
D2 Xe             = included, with D2_xe_scale
Coalescence       = active, scale never zero
Family switches   = phi_gas:False, nuc_mass:False, capture:True
########################################################################################################################
  0%|          | 0/30 [00:00<?, ?it/s]                                        0%|          | 0/30 [00:08<?, ?it/s]Best trial: 0. Best value: 5.9636:   0%|          | 0/30 [00:08<?, ?it/s]Best trial: 0. Best value: 5.9636:   3%|▎         | 1/30 [00:08<03:54,  8.08s/it]                                                                                 Best trial: 0. Best value: 5.9636:   3%|▎         | 1/30 [00:14<03:54,  8.08s/it]Best trial: 1. Best value: 3.52452:   3%|▎         | 1/30 [00:14<03:54,  8.08s/it]Best trial: 1. Best value: 3.52452:   7%|▋         | 2/30 [00:14<03:26,  7.36s/it]                                                                                  Best trial: 1. Best value: 3.52452:   7%|▋         | 2/30 [00:22<03:26,  7.36s/it]Best trial: 1. Best value: 3.52452:   7%|▋         | 2/30 [00:22<03:26,  7.36s/it]Best trial: 1. Best value: 3.52452:  10%|█         | 3/30 [00:22<03:27,  7.67s/it]                                                                                  Best trial: 1. Best value: 3.52452:  10%|█         | 3/30 [00:33<03:27,  7.67s/it]Best trial: 1. Best value: 3.52452:  10%|█         | 3/30 [00:33<03:27,  7.67s/it]Best trial: 1. Best value: 3.52452:  13%|█▎        | 4/30 [00:33<03:44,  8.62s/it]                                                                                  Best trial: 1. Best value: 3.52452:  13%|█▎        | 4/30 [00:38<03:44,  8.62s/it]Best trial: 1. Best value: 3.52452:  13%|█▎        | 4/30 [00:38<03:44,  8.62s/it]Best trial: 1. Best value: 3.52452:  17%|█▋        | 5/30 [00:38<03:10,  7.64s/it]                                                                                  Best trial: 1. Best value: 3.52452:  17%|█▋        | 5/30 [00:46<03:10,  7.64s/it]Best trial: 1. Best value: 3.52452:  17%|█▋        | 5/30 [00:46<03:10,  7.64s/it]Best trial: 1. Best value: 3.52452:  20%|██        | 6/30 [00:46<03:01,  7.58s/it]                                                                                  Best trial: 1. Best value: 3.52452:  20%|██        | 6/30 [00:50<03:01,  7.58s/it]Best trial: 1. Best value: 3.52452:  20%|██        | 6/30 [00:50<03:01,  7.58s/it]Best trial: 1. Best value: 3.52452:  23%|██▎       | 7/30 [00:50<02:30,  6.56s/it]/home/destro/sciantix-official/UN_M7_optuna_calibration_v13_rhoSat_partition_STANDALONE.py:151: UserWarning: Fixed parameter K_d with value 1033314.0 is out of range for distribution FloatDistribution(high=800000.0, log=True, low=300000.0, step=None).
  "K_d": trial.suggest_float("K_d", K_D_MIN, K_D_MAX, log=True),
                                                                                  Best trial: 1. Best value: 3.52452:  23%|██▎       | 7/30 [00:54<02:30,  6.56s/it]Best trial: 1. Best value: 3.52452:  23%|██▎       | 7/30 [00:54<02:30,  6.56s/it]Best trial: 1. Best value: 3.52452:  27%|██▋       | 8/30 [00:54<02:05,  5.72s/it]/home/destro/sciantix-official/UN_M7_optuna_calibration_v13_rhoSat_partition_STANDALONE.py:151: UserWarning: Fixed parameter K_d with value 1198283.0 is out of range for distribution FloatDistribution(high=800000.0, log=True, low=300000.0, step=None).
  "K_d": trial.suggest_float("K_d", K_D_MIN, K_D_MAX, log=True),
                                                                                  Best trial: 1. Best value: 3.52452:  27%|██▋       | 8/30 [01:02<02:05,  5.72s/it]Best trial: 1. Best value: 3.52452:  27%|██▋       | 8/30 [01:02<02:05,  5.72s/it]Best trial: 1. Best value: 3.52452:  30%|███       | 9/30 [01:02<02:13,  6.38s/it]/home/destro/sciantix-official/UN_M7_optuna_calibration_v13_rhoSat_partition_STANDALONE.py:151: UserWarning: Fixed parameter K_d with value 1166892.0 is out of range for distribution FloatDistribution(high=800000.0, log=True, low=300000.0, step=None).
  "K_d": trial.suggest_float("K_d", K_D_MIN, K_D_MAX, log=True),
                                                                                  Best trial: 1. Best value: 3.52452:  30%|███       | 9/30 [01:10<02:13,  6.38s/it]Best trial: 1. Best value: 3.52452:  30%|███       | 9/30 [01:10<02:13,  6.38s/it]Best trial: 1. Best value: 3.52452:  33%|███▎      | 10/30 [01:10<02:17,  6.88s/it]                                                                                   Best trial: 1. Best value: 3.52452:  33%|███▎      | 10/30 [01:19<02:17,  6.88s/it]Best trial: 1. Best value: 3.52452:  33%|███▎      | 10/30 [01:19<02:17,  6.88s/it]Best trial: 1. Best value: 3.52452:  37%|███▋      | 11/30 [01:19<02:23,  7.54s/it]                                                                                   Best trial: 1. Best value: 3.52452:  37%|███▋      | 11/30 [01:26<02:23,  7.54s/it]Best trial: 1. Best value: 3.52452:  37%|███▋      | 11/30 [01:26<02:23,  7.54s/it]Best trial: 1. Best value: 3.52452:  40%|████      | 12/30 [01:26<02:10,  7.26s/it]                                                                                   [I 2026-05-04 10:35:12,362] Trial 0 finished with value: 5.963602170448969 and parameters: {'rho_scale': 1.4868207135319151, 'f_n': 4.7e-08, 'K_d': 575000.0, 'fission_rate': 4.76e+19, 'Dg_D1_scale': 0.38299049616274905, 'Dg_D3_scale': 0.6102943408800839, 'Dv_D1_scale': 0.8349738346124812, 'Dv_D2_scale': 0.46255177737176534, 'b_bulk_scale': 0.9396442760052824, 'b_dislocation_scale': 3.2461291067002587, 'gb_scale': 1.588, 'gd_bubble_scale': 5.166123095424107, 'gd_line_scale': 0.7315925867051575, 'gd_line_alpha': 0.0878386235055485, 'coalescence_d_scale': 8.15, 'capture_scale': 2.97}. Best is trial 0 with value: 5.963602170448969.
[I 2026-05-04 10:35:19,217] Trial 1 finished with value: 3.5245176783286762 and parameters: {'rho_scale': 0.9424095610376986, 'f_n': 1e-08, 'K_d': 800000.0, 'fission_rate': 7.5e+19, 'Dg_D1_scale': 2.2768706768218627, 'Dg_D3_scale': 0.31757940235520354, 'Dv_D1_scale': 1.7217476928575215, 'Dv_D2_scale': 2.3049020396882347, 'b_bulk_scale': 0.5359436150863046, 'b_dislocation_scale': 0.9062104312650469, 'gb_scale': 1.0, 'gd_bubble_scale': 1.633108640099091, 'gd_line_scale': 0.91822266423368, 'gd_line_alpha': 0.9440487770694579, 'coalescence_d_scale': 1.0, 'capture_scale': 0.3}. Best is trial 1 with value: 3.5245176783286762.
[I 2026-05-04 10:35:27,265] Trial 2 finished with value: 3.970341046379023 and parameters: {'rho_scale': 1.5255435184388693, 'f_n': 1e-06, 'K_d': 500000.0, 'fission_rate': 5e+19, 'Dg_D1_scale': 1.988730242708262, 'Dg_D3_scale': 0.6380151516492166, 'Dv_D1_scale': 0.5699615012707815, 'Dv_D2_scale': 1.1283974753690453, 'b_bulk_scale': 2.0462399251494046, 'b_dislocation_scale': 0.8587702248492671, 'gb_scale': 1.0, 'gd_bubble_scale': 2.326152411489322, 'gd_line_scale': 0.3485406996415583, 'gd_line_alpha': 0.8148638896706495, 'coalescence_d_scale': 1.0, 'capture_scale': 1.0}. Best is trial 1 with value: 3.5245176783286762.
[I 2026-05-04 10:35:37,334] Trial 3 finished with value: 8.516242583179602 and parameters: {'rho_scale': 1.133039287180907, 'f_n': 1.3333e-08, 'K_d': 714300.0, 'fission_rate': 4.9558e+19, 'Dg_D1_scale': 0.7716820196120691, 'Dg_D3_scale': 0.18417014470825047, 'Dv_D1_scale': 0.571901363601016, 'Dv_D2_scale': 3.3199588152765447, 'b_bulk_scale': 1.1829927200358514, 'b_dislocation_scale': 0.04530180558469026, 'gb_scale': 0.8994, 'gd_bubble_scale': 1.7069098389292907, 'gd_line_scale': 0.2460209391134102, 'gd_line_alpha': 0.04097644025344349, 'coalescence_d_scale': 10.99, 'capture_scale': 3.247}. Best is trial 1 with value: 3.5245176783286762.
[I 2026-05-04 10:35:43,242] Trial 4 finished with value: 8.173465160441912 and parameters: {'rho_scale': 1.6361989183216683, 'f_n': 2.5466e-07, 'K_d': 648460.0, 'fission_rate': 7.4799e+19, 'Dg_D1_scale': 1.7523241636519964, 'Dg_D3_scale': 0.27599955726870945, 'Dv_D1_scale': 2.7608175386841807, 'Dv_D2_scale': 0.20419013627816585, 'b_bulk_scale': 0.22834888482508894, 'b_dislocation_scale': 0.26174316031599076, 'gb_scale': 0.4625, 'gd_bubble_scale': 0.20847339719382335, 'gd_line_scale': 0.14958785348227624, 'gd_line_alpha': 0.8963241905576357, 'coalescence_d_scale': 6.997, 'capture_scale': 0.1401}. Best is trial 1 with value: 3.5245176783286762.
[I 2026-05-04 10:35:50,699] Trial 5 finished with value: 5.465986405032434 and parameters: {'rho_scale': 0.9312764404579594, 'f_n': 1.9043e-07, 'K_d': 633680.0, 'fission_rate': 6.8347e+19, 'Dg_D1_scale': 1.2129810720664405, 'Dg_D3_scale': 0.5378732950497346, 'Dv_D1_scale': 2.6345498667306213, 'Dv_D2_scale': 0.9916768749447513, 'b_bulk_scale': 0.5323357023527867, 'b_dislocation_scale': 0.18053857181351254, 'gb_scale': 0.3881, 'gd_bubble_scale': 1.2007102091270094, 'gd_line_scale': 0.141829645476737, 'gd_line_alpha': 0.8278804732205015, 'coalescence_d_scale': 7.005, 'capture_scale': 0.0608}. Best is trial 1 with value: 3.5245176783286762.
[I 2026-05-04 10:35:55,177] Trial 6 finished with value: 4.417416359178415 and parameters: {'rho_scale': 0.6400735359918923, 'f_n': 1.3237e-08, 'K_d': 558920.0, 'fission_rate': 7.6621e+19, 'Dg_D1_scale': 2.5051489889153653, 'Dg_D3_scale': 1.3517206506499981, 'Dv_D1_scale': 0.24009465085290452, 'Dv_D2_scale': 0.2921755643588033, 'b_bulk_scale': 0.44821417461704544, 'b_dislocation_scale': 0.11168725381266467, 'gb_scale': 0.4151, 'gd_bubble_scale': 0.40721338628568965, 'gd_line_scale': 0.5873031077386308, 'gd_line_alpha': 0.6124068199499717, 'coalescence_d_scale': 9.772, 'capture_scale': 0.1557}. Best is trial 1 with value: 3.5245176783286762.
[I 2026-05-04 10:35:59,100] Trial 7 finished with value: 5.0061069619229865 and parameters: {'rho_scale': 1.0260163878593647, 'f_n': 2.940436e-07, 'K_d': 1033314.0, 'fission_rate': 6.730293e+19, 'Dg_D1_scale': 1.0267271793197243, 'Dg_D3_scale': 0.7451729026017696, 'Dv_D1_scale': 0.788679810285772, 'Dv_D2_scale': 1.089502409014354, 'b_bulk_scale': 0.08778643487554309, 'b_dislocation_scale': 0.5876687454761532, 'gb_scale': 1.445601, 'gd_bubble_scale': 6.138985519911715, 'gd_line_scale': 0.10198098450967225, 'gd_line_alpha': 0.4435346963975041, 'coalescence_d_scale': 3.880728, 'capture_scale': 0.024136}. Best is trial 1 with value: 3.5245176783286762.
[I 2026-05-04 10:36:06,908] Trial 8 finished with value: 4.353445270109484 and parameters: {'rho_scale': 0.509249837284296, 'f_n': 5.96478e-07, 'K_d': 1198283.0, 'fission_rate': 6.685431e+19, 'Dg_D1_scale': 0.15181840069976035, 'Dg_D3_scale': 0.3416045848614062, 'Dv_D1_scale': 0.21311790863064703, 'Dv_D2_scale': 3.632101261024764, 'b_bulk_scale': 0.05765956828110708, 'b_dislocation_scale': 0.08267874532458713, 'gb_scale': 1.009685, 'gd_bubble_scale': 0.939440156056183, 'gd_line_scale': 0.9399232882977222, 'gd_line_alpha': 0.9338383330457588, 'coalescence_d_scale': 2.916475, 'capture_scale': 0.027787}. Best is trial 1 with value: 3.5245176783286762.
[I 2026-05-04 10:36:14,925] Trial 9 finished with value: 5.470868216088274 and parameters: {'rho_scale': 0.7115077639633708, 'f_n': 7.392651e-07, 'K_d': 1166892.0, 'fission_rate': 6.574543e+19, 'Dg_D1_scale': 0.6358048880258587, 'Dg_D3_scale': 0.24699181562649647, 'Dv_D1_scale': 3.881232809377591, 'Dv_D2_scale': 0.4831085737342488, 'b_bulk_scale': 0.8713774255950039, 'b_dislocation_scale': 0.04654730417606562, 'gb_scale': 1.30495, 'gd_bubble_scale': 0.05453385134186309, 'gd_line_scale': 0.29504114537307424, 'gd_line_alpha': 0.38261380661490696, 'coalescence_d_scale': 2.726375, 'capture_scale': 0.023283}. Best is trial 1 with value: 3.5245176783286762.
[I 2026-05-04 10:36:23,953] Trial 10 finished with value: 5.314429613232277 and parameters: {'rho_scale': 1.0, 'f_n': 5.107288618033134e-10, 'K_d': 500000.0, 'fission_rate': 5.568366879453222e+19, 'Dg_D1_scale': 3.598123006100435, 'Dg_D3_scale': 2.7748540755361746, 'Dv_D1_scale': 1.5799773847328535, 'Dv_D2_scale': 1.5231658894959779, 'b_bulk_scale': 3.6246516345113076, 'b_dislocation_scale': 1.4894066285728316, 'gb_scale': 5.907629719601196, 'gd_bubble_scale': 0.23777408251890686, 'gd_line_scale': 4.396439425441446, 'gd_line_alpha': 0.6312318291888372, 'coalescence_d_scale': 0.1959274863990704, 'capture_scale': 0.814610789928764}. Best is trial 1 with value: 3.5245176783286762.
[I 2026-05-04 10:36:30,563] Trial 11 finished with value: 4.039062518143554 and parameters: {'rho_scale': 0.75, 'f_n': 1.353964351855426e-09, 'K_d': 350000.0, 'fission_rate': 5.598090110479449e+19, 'Dg_D1_scale': 2.15089041508689, 'Dg_D3_scale': 1.379448311735999, 'Dv_D1_scale': 0.488400497353053, 'Dv_D2_scale': 2.068649966004934, 'b_bulk_scale': 3.583731321761262, 'b_dislocation_scale': 0.8480615558115726, 'gb_scale': 0.08043672129711402, 'gd_bubble_scale': 1.9848703957745217, 'gd_line_scale': 3.0250388679958813, 'gd_line_alpha': 0.7522509990171813, 'coalescence_d_scale': 0.5648728408533962, 'capture_scale': 0.6053061660231679}. Best is trial 1 with value: 3.5245176783286762.
[I 2026-05-04 10:36:40,104] Trial 12 finished with value: 3.206382582301697 and parameters: {'rho_scale': 1.25, 'f_n': 2.7606179334431083e-09, 'K_d': 500000.0, 'fission_rate': 4.0493251576816304e+19, 'Dg_D1_scale': 3.1373860358650116, 'Dg_D3_scale': 0.469419949013141, 'Dv_D1_scale': 0.3823448094344226, 'Dv_D2_scale': 1.9754299044274584, 'b_bulk_scale': 0.18701254428069897, 'b_dislocation_scale': 1.5087858865601682, 'gb_scale': 3.818654825015912, 'gd_bubble_scale': 3.338260408569444, 'gd_line_scale': 1.8031663119640051, 'gd_line_alpha': 0.9889447358928702, 'coalescence_d_scale': 0.8312658249813273, 'capture_scale': 0.8219946656481634}. Best is trial 12 with value: 3.206382582301697.Best trial: 1. Best value: 3.52452:  40%|████      | 12/30 [01:35<02:10,  7.26s/it]Best trial: 12. Best value: 3.20638:  40%|████      | 12/30 [01:35<02:10,  7.26s/it]Best trial: 12. Best value: 3.20638:  43%|████▎     | 13/30 [01:35<02:15,  7.95s/it]                                                                                    Best trial: 12. Best value: 3.20638:  43%|████▎     | 13/30 [01:42<02:15,  7.95s/it]Best trial: 12. Best value: 3.20638:  43%|████▎     | 13/30 [01:42<02:15,  7.95s/it]Best trial: 12. Best value: 3.20638:  47%|████▋     | 14/30 [01:42<02:01,  7.58s/it]                                                                                    Best trial: 12. Best value: 3.20638:  47%|████▋     | 14/30 [01:52<02:01,  7.58s/it]Best trial: 12. Best value: 3.20638:  47%|████▋     | 14/30 [01:52<02:01,  7.58s/it]Best trial: 12. Best value: 3.20638:  50%|█████     | 15/30 [01:52<02:03,  8.21s/it]                                                                                    Best trial: 12. Best value: 3.20638:  50%|█████     | 15/30 [02:01<02:03,  8.21s/it]Best trial: 12. Best value: 3.20638:  50%|█████     | 15/30 [02:01<02:03,  8.21s/it]Best trial: 12. Best value: 3.20638:  53%|█████▎    | 16/30 [02:01<01:57,  8.40s/it]                                                                                    Best trial: 12. Best value: 3.20638:  53%|█████▎    | 16/30 [02:05<01:57,  8.40s/it]Best trial: 12. Best value: 3.20638:  53%|█████▎    | 16/30 [02:05<01:57,  8.40s/it]Best trial: 12. Best value: 3.20638:  57%|█████▋    | 17/30 [02:05<01:33,  7.16s/it]                                                                                    Best trial: 12. Best value: 3.20638:  57%|█████▋    | 17/30 [02:12<01:33,  7.16s/it]Best trial: 12. Best value: 3.20638:  57%|█████▋    | 17/30 [02:12<01:33,  7.16s/it]Best trial: 12. Best value: 3.20638:  60%|██████    | 18/30 [02:12<01:25,  7.15s/it]                                                                                    Best trial: 12. Best value: 3.20638:  60%|██████    | 18/30 [02:20<01:25,  7.15s/it]Best trial: 12. Best value: 3.20638:  60%|██████    | 18/30 [02:20<01:25,  7.15s/it]Best trial: 12. Best value: 3.20638:  63%|██████▎   | 19/30 [02:20<01:23,  7.55s/it]                                                                                    Best trial: 12. Best value: 3.20638:  63%|██████▎   | 19/30 [02:26<01:23,  7.55s/it]Best trial: 19. Best value: 2.92036:  63%|██████▎   | 19/30 [02:26<01:23,  7.55s/it]Best trial: 19. Best value: 2.92036:  67%|██████▋   | 20/30 [02:26<01:09,  6.91s/it]                                                                                    Best trial: 19. Best value: 2.92036:  67%|██████▋   | 20/30 [02:34<01:09,  6.91s/it]Best trial: 19. Best value: 2.92036:  67%|██████▋   | 20/30 [02:34<01:09,  6.91s/it]Best trial: 19. Best value: 2.92036:  70%|███████   | 21/30 [02:34<01:04,  7.16s/it]                                                                                    Best trial: 19. Best value: 2.92036:  70%|███████   | 21/30 [02:41<01:04,  7.16s/it]Best trial: 19. Best value: 2.92036:  70%|███████   | 21/30 [02:41<01:04,  7.16s/it]Best trial: 19. Best value: 2.92036:  73%|███████▎  | 22/30 [02:41<00:57,  7.16s/it]                                                                                    Best trial: 19. Best value: 2.92036:  73%|███████▎  | 22/30 [02:50<00:57,  7.16s/it]Best trial: 19. Best value: 2.92036:  73%|███████▎  | 22/30 [02:50<00:57,  7.16s/it]Best trial: 19. Best value: 2.92036:  77%|███████▋  | 23/30 [02:50<00:55,  7.92s/it]                                                                                    Best trial: 19. Best value: 2.92036:  77%|███████▋  | 23/30 [02:56<00:55,  7.92s/it]Best trial: 19. Best value: 2.92036:  77%|███████▋  | 23/30 [02:56<00:55,  7.92s/it]Best trial: 19. Best value: 2.92036:  80%|████████  | 24/30 [02:56<00:43,  7.20s/it]                                                                                    
[I 2026-05-04 10:36:46,824] Trial 13 finished with value: 4.755193064629392 and parameters: {'rho_scale': 1.2561778525491296, 'f_n': 2.7212266564365362e-09, 'K_d': 370510.10770820203, 'fission_rate': 4.510506797955399e+19, 'Dg_D1_scale': 3.905574748966924, 'Dg_D3_scale': 0.35837642900540573, 'Dv_D1_scale': 1.4604795700880153, 'Dv_D2_scale': 2.2296830951602935, 'b_bulk_scale': 0.17297670382639999, 'b_dislocation_scale': 3.9940224492976752, 'gb_scale': 4.895773593257196, 'gd_bubble_scale': 3.7630224786365196, 'gd_line_scale': 1.9970207243260878, 'gd_line_alpha': 0.9915913969456296, 'coalescence_d_scale': 0.4280828735300651, 'capture_scale': 0.42312811972867415}. Best is trial 12 with value: 3.206382582301697.
[I 2026-05-04 10:36:56,494] Trial 14 finished with value: 4.465875192599768 and parameters: {'rho_scale': 1.9506688946808768, 'f_n': 1.5601742446685043e-10, 'K_d': 394926.2159180723, 'fission_rate': 4.0642249604164e+19, 'Dg_D1_scale': 1.4087221418895914, 'Dg_D3_scale': 0.18534218258159552, 'Dv_D1_scale': 0.3118262396396258, 'Dv_D2_scale': 2.100016859798927, 'b_bulk_scale': 0.1410115809211, 'b_dislocation_scale': 1.6754811965573824, 'gb_scale': 3.1795853961639433, 'gd_bubble_scale': 0.6898924379364231, 'gd_line_scale': 7.659027702209961, 'gd_line_alpha': 0.2997114012726132, 'coalescence_d_scale': 1.1106978092766862, 'capture_scale': 6.293974276959995}. Best is trial 12 with value: 3.206382582301697.
[I 2026-05-04 10:37:05,353] Trial 15 finished with value: 5.0494763196566765 and parameters: {'rho_scale': 0.8383507510784793, 'f_n': 4.801821110886859e-09, 'K_d': 313360.4110231968, 'fission_rate': 5.93086702294391e+19, 'Dg_D1_scale': 3.004343704414787, 'Dg_D3_scale': 1.3513417681270314, 'Dv_D1_scale': 1.2565696674624423, 'Dv_D2_scale': 0.6302630232976655, 'b_bulk_scale': 0.03051079478075744, 'b_dislocation_scale': 0.44812928788592965, 'gb_scale': 0.1030958902814245, 'gd_bubble_scale': 7.740110973677748, 'gd_line_scale': 1.690148509070988, 'gd_line_alpha': 0.6900958566360254, 'coalescence_d_scale': 0.16145036595811732, 'capture_scale': 0.23174256480116676}. Best is trial 12 with value: 3.206382582301697.
