[I 2026-05-04 12:27:03,864] Trial 239 finished with value: 2.501508291219634 and parameters: {'rho_scale': 0.8015413062256008, 'f_n': 2.6744294386765807e-08, 'K_d': 300270.020250551, 'fission_rate': 7.646735063877835e+19, 'Dg_D1_scale': 2.674299736892955, 'Dg_D3_scale': 0.5410580087457775, 'Dv_D1_scale': 0.21744940461106277, 'Dv_D2_scale': 1.2119144812416014, 'b_bulk_scale': 0.06829983670818687, 'b_dislocation_scale': 1.7855097394721404, 'gb_scale': 0.5236241009870115, 'gd_bubble_scale': 3.4995698575960588, 'gd_line_scale': 7.832937015486146, 'gd_line_alpha': 0.38103418585528814, 'coalescence_d_scale': 3.6198448784640984, 'capture_scale': 3.3312956699093803}. Best is trial 237 with value: 2.3886367506236317.Best trial: 237. Best value: 2.38864:  59%|█████▉    | 59/100 [05:57<03:35,  5.25s/it]Best trial: 237. Best value: 2.38864:  59%|█████▉    | 59/100 [05:57<03:35,  5.25s/it]Best trial: 237. Best value: 2.38864:  60%|██████    | 60/100 [05:57<03:46,  5.66s/it]                                                                                      Best trial: 237. Best value: 2.38864:  60%|██████    | 60/100 [06:03<03:46,  5.66s/it]Best trial: 237. Best value: 2.38864:  60%|██████    | 60/100 [06:03<03:46,  5.66s/it]Best trial: 237. Best value: 2.38864:  61%|██████    | 61/100 [06:03<03:52,  5.95s/it]                                                                                      Best trial: 237. Best value: 2.38864:  61%|██████    | 61/100 [06:10<03:52,  5.95s/it]Best trial: 237. Best value: 2.38864:  61%|██████    | 61/100 [06:10<03:52,  5.95s/it]Best trial: 237. Best value: 2.38864:  62%|██████▏   | 62/100 [06:10<03:52,  6.12s/it]                                                                                      Best trial: 237. Best value: 2.38864:  62%|██████▏   | 62/100 [06:16<03:52,  6.12s/it]Best trial: 237. Best value: 2.38864:  62%|██████▏   | 62/100 [06:16<03:52,  6.12s/it]Best trial: 237. Best value: 2.38864:  63%|██████▎   | 63/100 [06:16<03:50,  6.24s/it]                                                                                      Best trial: 237. Best value: 2.38864:  63%|██████▎   | 63/100 [06:20<03:50,  6.24s/it]Best trial: 237. Best value: 2.38864:  63%|██████▎   | 63/100 [06:20<03:50,  6.24s/it]Best trial: 237. Best value: 2.38864:  64%|██████▍   | 64/100 [06:20<03:19,  5.54s/it]                                                                                      Best trial: 237. Best value: 2.38864:  64%|██████▍   | 64/100 [06:27<03:19,  5.54s/it]Best trial: 237. Best value: 2.38864:  64%|██████▍   | 64/100 [06:27<03:19,  5.54s/it]Best trial: 237. Best value: 2.38864:  65%|██████▌   | 65/100 [06:27<03:23,  5.81s/it]                                                                                      Best trial: 237. Best value: 2.38864:  65%|██████▌   | 65/100 [06:33<03:23,  5.81s/it]Best trial: 237. Best value: 2.38864:  65%|██████▌   | 65/100 [06:33<03:23,  5.81s/it]Best trial: 237. Best value: 2.38864:  66%|██████▌   | 66/100 [06:33<03:22,  5.96s/it]                                                                                      Best trial: 237. Best value: 2.38864:  66%|██████▌   | 66/100 [06:40<03:22,  5.96s/it]Best trial: 237. Best value: 2.38864:  66%|██████▌   | 66/100 [06:40<03:22,  5.96s/it]Best trial: 237. Best value: 2.38864:  67%|██████▋   | 67/100 [06:40<03:23,  6.17s/it]                                                                                      Best trial: 237. Best value: 2.38864:  67%|██████▋   | 67/100 [06:46<03:23,  6.17s/it]Best trial: 237. Best value: 2.38864:  67%|██████▋   | 67/100 [06:46<03:23,  6.17s/it]Best trial: 237. Best value: 2.38864:  68%|██████▊   | 68/100 [06:46<03:23,  6.35s/it]                                                                                      Best trial: 237. Best value: 2.38864:  68%|██████▊   | 68/100 [06:50<03:23,  6.35s/it]Best trial: 237. Best value: 2.38864:  68%|██████▊   | 68/100 [06:50<03:23,  6.35s/it]Best trial: 237. Best value: 2.38864:  69%|██████▉   | 69/100 [06:50<02:54,  5.63s/it]                                                                                      Best trial: 237. Best value: 2.38864:  69%|██████▉   | 69/100 [06:57<02:54,  5.63s/it]Best trial: 237. Best value: 2.38864:  69%|██████▉   | 69/100 [06:57<02:54,  5.63s/it]Best trial: 237. Best value: 2.38864:  70%|███████   | 70/100 [06:57<02:54,  5.81s/it]                                                                                      Best trial: 237. Best value: 2.38864:  70%|███████   | 70/100 [07:03<02:54,  5.81s/it]Best trial: 250. Best value: 2.38845:  70%|███████   | 70/100 [07:03<02:54,  5.81s/it]Best trial: 250. Best value: 2.38845:  71%|███████   | 71/100 [07:03<02:54,  6.01s/it]                                                                                      
[I 2026-05-04 12:27:10,501] Trial 240 finished with value: 2.3939977700175055 and parameters: {'rho_scale': 0.8177584322399342, 'f_n': 1.7178675617347202e-08, 'K_d': 306644.31616701826, 'fission_rate': 7.568578579129659e+19, 'Dg_D1_scale': 2.3994401470956257, 'Dg_D3_scale': 0.4824467939341259, 'Dv_D1_scale': 0.2002525597273955, 'Dv_D2_scale': 1.132072455910508, 'b_bulk_scale': 0.06332898693032663, 'b_dislocation_scale': 1.9374686362227345, 'gb_scale': 0.723089299708791, 'gd_bubble_scale': 3.1052066036213803, 'gd_line_scale': 8.5565228617533, 'gd_line_alpha': 0.3501924847523487, 'coalescence_d_scale': 2.7034919635115657, 'capture_scale': 4.368947485409314}. Best is trial 237 with value: 2.3886367506236317.
[I 2026-05-04 12:27:17,009] Trial 241 finished with value: 2.4009528645516283 and parameters: {'rho_scale': 0.8173397195997332, 'f_n': 2.1028492863775804e-08, 'K_d': 307070.3630966596, 'fission_rate': 7.57352203777114e+19, 'Dg_D1_scale': 2.3757973272241246, 'Dg_D3_scale': 0.4816804966382019, 'Dv_D1_scale': 0.21110513664840833, 'Dv_D2_scale': 1.1396070623175145, 'b_bulk_scale': 0.060855045669383594, 'b_dislocation_scale': 1.9182919831051897, 'gb_scale': 0.7844622560758021, 'gd_bubble_scale': 4.115187471228545, 'gd_line_scale': 8.415642514073744, 'gd_line_alpha': 0.39859835155923556, 'coalescence_d_scale': 2.7114932676675223, 'capture_scale': 4.391168953507715}. Best is trial 237 with value: 2.3886367506236317.
[I 2026-05-04 12:27:23,507] Trial 242 finished with value: 2.4119600561544914 and parameters: {'rho_scale': 0.8169476643564936, 'f_n': 1.4664814295478624e-08, 'K_d': 307294.73194046284, 'fission_rate': 7.59638504776632e+19, 'Dg_D1_scale': 2.2945570639832, 'Dg_D3_scale': 0.47553395053722575, 'Dv_D1_scale': 0.21369609744008364, 'Dv_D2_scale': 1.1287876839541824, 'b_bulk_scale': 0.06308048350875459, 'b_dislocation_scale': 1.9359640277682486, 'gb_scale': 1.0410379734566564, 'gd_bubble_scale': 3.1394322105270582, 'gd_line_scale': 8.401191388584884, 'gd_line_alpha': 0.3883682514756546, 'coalescence_d_scale': 2.6624279011827916, 'capture_scale': 4.428152317364013}. Best is trial 237 with value: 2.3886367506236317.
[I 2026-05-04 12:27:27,418] Trial 243 finished with value: 2.4537821793559274 and parameters: {'rho_scale': 0.8337767509419264, 'f_n': 1.5903833961797853e-08, 'K_d': 305570.99755755713, 'fission_rate': 7.572920575326047e+19, 'Dg_D1_scale': 2.2945255196665064, 'Dg_D3_scale': 0.43596454887732305, 'Dv_D1_scale': 0.22020215377166374, 'Dv_D2_scale': 1.2527094861401338, 'b_bulk_scale': 0.06344694374095917, 'b_dislocation_scale': 1.8687823926204228, 'gb_scale': 1.4237962624818592, 'gd_bubble_scale': 4.342245805042461, 'gd_line_scale': 7.939634818932555, 'gd_line_alpha': 0.3920338729514383, 'coalescence_d_scale': 2.643924501133582, 'capture_scale': 4.363521765793014}. Best is trial 237 with value: 2.3886367506236317.
[I 2026-05-04 12:27:33,854] Trial 244 finished with value: 2.4288768331782973 and parameters: {'rho_scale': 0.8129639627085382, 'f_n': 1.3374292973199118e-08, 'K_d': 304210.05322519015, 'fission_rate': 7.64541509935114e+19, 'Dg_D1_scale': 2.3290554135196317, 'Dg_D3_scale': 0.4625801786034255, 'Dv_D1_scale': 0.23370326886495185, 'Dv_D2_scale': 1.152944717103218, 'b_bulk_scale': 0.06507401584682244, 'b_dislocation_scale': 1.6636066265630705, 'gb_scale': 0.9839563289837984, 'gd_bubble_scale': 3.0231994076627178, 'gd_line_scale': 7.202439473861585, 'gd_line_alpha': 0.4039039389709329, 'coalescence_d_scale': 2.5640633715250716, 'capture_scale': 4.362936762546605}. Best is trial 237 with value: 2.3886367506236317.
[I 2026-05-04 12:27:40,160] Trial 245 finished with value: 2.4585904816349626 and parameters: {'rho_scale': 0.8214424994548428, 'f_n': 1.4145016464589313e-08, 'K_d': 305255.58925900754, 'fission_rate': 7.642768677698875e+19, 'Dg_D1_scale': 2.133979434211706, 'Dg_D3_scale': 0.4563410047168706, 'Dv_D1_scale': 0.21331924710431371, 'Dv_D2_scale': 1.1823803026515205, 'b_bulk_scale': 0.06662573561295408, 'b_dislocation_scale': 1.9172896903367234, 'gb_scale': 1.1103818265542686, 'gd_bubble_scale': 2.987462823032012, 'gd_line_scale': 7.191806066220502, 'gd_line_alpha': 0.41284308019669275, 'coalescence_d_scale': 2.819886999692646, 'capture_scale': 3.7393248326344426}. Best is trial 237 with value: 2.3886367506236317.
[I 2026-05-04 12:27:46,846] Trial 246 finished with value: 3.192856800174881 and parameters: {'rho_scale': 0.8130812796342374, 'f_n': 9.813376945798287e-09, 'K_d': 303314.6598722667, 'fission_rate': 7.57860859859383e+19, 'Dg_D1_scale': 2.321379382281863, 'Dg_D3_scale': 0.499607164783798, 'Dv_D1_scale': 0.6094555056336768, 'Dv_D2_scale': 1.1241782213417864, 'b_bulk_scale': 0.0623062583874729, 'b_dislocation_scale': 1.7102661464431694, 'gb_scale': 0.8618915362312106, 'gd_bubble_scale': 2.6156436358085458, 'gd_line_scale': 8.603268637179173, 'gd_line_alpha': 0.39389665299788124, 'coalescence_d_scale': 2.555275615834118, 'capture_scale': 4.1251816075297505}. Best is trial 237 with value: 2.3886367506236317.
[I 2026-05-04 12:27:53,602] Trial 247 finished with value: 2.6250338201911276 and parameters: {'rho_scale': 0.8353568230102079, 'f_n': 1.9026028400035447e-08, 'K_d': 515036.83670867723, 'fission_rate': 7.512400830899136e+19, 'Dg_D1_scale': 2.462911537792615, 'Dg_D3_scale': 0.43203354223474033, 'Dv_D1_scale': 0.22521182990238495, 'Dv_D2_scale': 1.2331619726501384, 'b_bulk_scale': 0.07600637499242982, 'b_dislocation_scale': 1.5196191488080797, 'gb_scale': 0.657140293289059, 'gd_bubble_scale': 4.586560281527262, 'gd_line_scale': 7.286623192068935, 'gd_line_alpha': 0.35927302968182734, 'coalescence_d_scale': 2.1692151992187547, 'capture_scale': 4.513882251161792}. Best is trial 237 with value: 2.3886367506236317.
[I 2026-05-04 12:27:57,568] Trial 248 finished with value: 2.396490811161512 and parameters: {'rho_scale': 0.8029923427837133, 'f_n': 1.1553485163679226e-08, 'K_d': 300261.05145116424, 'fission_rate': 7.645174368410757e+19, 'Dg_D1_scale': 2.2521557278206727, 'Dg_D3_scale': 0.4778979074184227, 'Dv_D1_scale': 0.2120944849301446, 'Dv_D2_scale': 1.1464951802319596, 'b_bulk_scale': 0.058107888109188384, 'b_dislocation_scale': 1.9033106187740854, 'gb_scale': 0.9770556432548554, 'gd_bubble_scale': 3.4027558474518487, 'gd_line_scale': 8.202579029358724, 'gd_line_alpha': 0.5156283875088783, 'coalescence_d_scale': 2.7583461933050746, 'capture_scale': 3.1842482661296754}. Best is trial 237 with value: 2.3886367506236317.
[I 2026-05-04 12:28:03,789] Trial 249 finished with value: 2.4998138583171423 and parameters: {'rho_scale': 0.8478555100231018, 'f_n': 1.0299384345505547e-08, 'K_d': 302458.79680405755, 'fission_rate': 7.662005246545648e+19, 'Dg_D1_scale': 2.1689572066264566, 'Dg_D3_scale': 0.41578489598974167, 'Dv_D1_scale': 0.232748785202412, 'Dv_D2_scale': 1.3026594352702656, 'b_bulk_scale': 0.06759386446995592, 'b_dislocation_scale': 1.937589024028996, 'gb_scale': 1.0070250154616804, 'gd_bubble_scale': 3.1465843526514714, 'gd_line_scale': 6.387149276479847, 'gd_line_alpha': 0.5027201945280595, 'coalescence_d_scale': 3.2858297999278636, 'capture_scale': 3.5275172418379515}. Best is trial 237 with value: 2.3886367506236317.
[I 2026-05-04 12:28:10,243] Trial 250 finished with value: 2.3884503221267366 and parameters: {'rho_scale': 0.8131250466783998, 'f_n': 1.2398448832279251e-08, 'K_d': 300611.76746395003, 'fission_rate': 7.64919052856521e+19, 'Dg_D1_scale': 2.0728708943098253, 'Dg_D3_scale': 0.4754412370558066, 'Dv_D1_scale': 0.2108861310794521, 'Dv_D2_scale': 1.1281685634211793, 'b_bulk_scale': 0.05612862144541909, 'b_dislocation_scale': 1.6752889804851896, 'gb_scale': 0.9540897879745291, 'gd_bubble_scale': 3.4915293704377, 'gd_line_scale': 8.45920135007184, 'gd_line_alpha': 0.43357876814557633, 'coalescence_d_scale': 2.38535703425967, 'capture_scale': 3.056967162770175}. Best is trial 250 with value: 2.3884503221267366.
[I 2026-05-04 12:28:16,796] Trial 251 finished with value: 2.409914375763364 and parameters: {'rho_scale': 0.8062748817138593, 'f_n': 1.2023367605619497e-08, 'K_d': 301589.7136817077, 'fission_rate': 7.568164246456323e+19, 'Dg_D1_scale': 2.050954032685719, 'Dg_D3_scale': 0.4829381918925143, 'Dv_D1_scale': 0.22251167633677593, 'Dv_D2_scale': 1.139783262119155, 'b_bulk_scale': 0.056424275766915444, 'b_dislocation_scale': 1.6739300628129405, 'gb_scale': 0.9207004004758506, 'gd_bubble_scale': 3.3289455638226797, 'gd_line_scale': 8.473938408604145, 'gd_line_alpha': 0.43296375822514366, 'coalescence_d_scale': 2.2957699766660036, 'capture_scale': 2.940301660845214}. Best is trial 250 with value: 2.3884503221267366.Best trial: 250. Best value: 2.38845:  71%|███████   | 71/100 [07:10<02:54,  6.01s/it]Best trial: 250. Best value: 2.38845:  71%|███████   | 71/100 [07:10<02:54,  6.01s/it]Best trial: 250. Best value: 2.38845:  72%|███████▏  | 72/100 [07:10<02:52,  6.17s/it]                                                                                      Best trial: 250. Best value: 2.38845:  72%|███████▏  | 72/100 [07:14<02:52,  6.17s/it]Best trial: 250. Best value: 2.38845:  72%|███████▏  | 72/100 [07:14<02:52,  6.17s/it]Best trial: 250. Best value: 2.38845:  73%|███████▎  | 73/100 [07:14<02:30,  5.56s/it]                                                                                      Best trial: 250. Best value: 2.38845:  73%|███████▎  | 73/100 [07:20<02:30,  5.56s/it]Best trial: 253. Best value: 2.37427:  73%|███████▎  | 73/100 [07:20<02:30,  5.56s/it]Best trial: 253. Best value: 2.37427:  74%|███████▍  | 74/100 [07:20<02:31,  5.84s/it]                                                                                      Best trial: 253. Best value: 2.37427:  74%|███████▍  | 74/100 [07:22<02:31,  5.84s/it]Best trial: 253. Best value: 2.37427:  74%|███████▍  | 74/100 [07:22<02:31,  5.84s/it]Best trial: 253. Best value: 2.37427:  75%|███████▌  | 75/100 [07:22<01:51,  4.47s/it]                                                                                      Best trial: 253. Best value: 2.37427:  75%|███████▌  | 75/100 [07:28<01:51,  4.47s/it]Best trial: 253. Best value: 2.37427:  75%|███████▌  | 75/100 [07:28<01:51,  4.47s/it]Best trial: 253. Best value: 2.37427:  76%|███████▌  | 76/100 [07:28<02:03,  5.14s/it]                                                                                      Best trial: 253. Best value: 2.37427:  76%|███████▌  | 76/100 [07:35<02:03,  5.14s/it]Best trial: 253. Best value: 2.37427:  76%|███████▌  | 76/100 [07:35<02:03,  5.14s/it]Best trial: 253. Best value: 2.37427:  77%|███████▋  | 77/100 [07:35<02:10,  5.66s/it]                                                                                      Best trial: 253. Best value: 2.37427:  77%|███████▋  | 77/100 [07:42<02:10,  5.66s/it]Best trial: 253. Best value: 2.37427:  77%|███████▋  | 77/100 [07:42<02:10,  5.66s/it]Best trial: 253. Best value: 2.37427:  78%|███████▊  | 78/100 [07:42<02:11,  5.96s/it]                                                                                      Best trial: 253. Best value: 2.37427:  78%|███████▊  | 78/100 [07:49<02:11,  5.96s/it]Best trial: 253. Best value: 2.37427:  78%|███████▊  | 78/100 [07:49<02:11,  5.96s/it]Best trial: 253. Best value: 2.37427:  79%|███████▉  | 79/100 [07:49<02:10,  6.20s/it]                                                                                      Best trial: 253. Best value: 2.37427:  79%|███████▉  | 79/100 [07:53<02:10,  6.20s/it]Best trial: 253. Best value: 2.37427:  79%|███████▉  | 79/100 [07:53<02:10,  6.20s/it]Best trial: 253. Best value: 2.37427:  80%|████████  | 80/100 [07:53<01:54,  5.72s/it]                                                                                      Best trial: 253. Best value: 2.37427:  80%|████████  | 80/100 [08:00<01:54,  5.72s/it]Best trial: 253. Best value: 2.37427:  80%|████████  | 80/100 [08:00<01:54,  5.72s/it]Best trial: 253. Best value: 2.37427:  81%|████████  | 81/100 [08:00<01:54,  6.03s/it]                                                                                      Best trial: 253. Best value: 2.37427:  81%|████████  | 81/100 [08:07<01:54,  6.03s/it]Best trial: 253. Best value: 2.37427:  81%|████████  | 81/100 [08:07<01:54,  6.03s/it]Best trial: 253. Best value: 2.37427:  82%|████████▏ | 82/100 [08:07<01:52,  6.26s/it]                                                                                      Best trial: 253. Best value: 2.37427:  82%|████████▏ | 82/100 [08:14<01:52,  6.26s/it]Best trial: 253. Best value: 2.37427:  82%|████████▏ | 82/100 [08:14<01:52,  6.26s/it]Best trial: 253. Best value: 2.37427:  83%|████████▎ | 83/100 [08:14<01:49,  6.47s/it]                                                                                      
[I 2026-05-04 12:28:20,933] Trial 252 finished with value: 4.470588968486491 and parameters: {'rho_scale': 0.8113760341943873, 'f_n': 1.188553827067402e-08, 'K_d': 301170.39776480064, 'fission_rate': 7.586350447859543e+19, 'Dg_D1_scale': 2.0695965430038408, 'Dg_D3_scale': 0.4733481367411808, 'Dv_D1_scale': 0.23499536248291872, 'Dv_D2_scale': 1.3407032484615622, 'b_bulk_scale': 0.05692674928450319, 'b_dislocation_scale': 2.207578088213393, 'gb_scale': 0.9374206906222544, 'gd_bubble_scale': 3.587623165736969, 'gd_line_scale': 1.506029046431154, 'gd_line_alpha': 0.4406019210712866, 'coalescence_d_scale': 2.0627566982765586, 'capture_scale': 3.131085765286996}. Best is trial 250 with value: 2.3884503221267366.
[I 2026-05-04 12:28:27,438] Trial 253 finished with value: 2.374265417438066 and parameters: {'rho_scale': 0.8027091965667139, 'f_n': 6.51380422161907e-09, 'K_d': 306647.0164293298, 'fission_rate': 7.661043369125613e+19, 'Dg_D1_scale': 2.255498453394931, 'Dg_D3_scale': 0.5123624747400422, 'Dv_D1_scale': 0.21149817867864842, 'Dv_D2_scale': 1.1641120901298248, 'b_bulk_scale': 0.060287456025011246, 'b_dislocation_scale': 1.9643160117385792, 'gb_scale': 1.0551695831551855, 'gd_bubble_scale': 3.3644165262163024, 'gd_line_scale': 7.610860523338359, 'gd_line_alpha': 0.42517317692649736, 'coalescence_d_scale': 2.3015728619032076, 'capture_scale': 3.1662700051384265}. Best is trial 253 with value: 2.374265417438066.
[I 2026-05-04 12:28:28,715] Trial 254 finished with value: 5.4843168923520205 and parameters: {'rho_scale': 0.8021916114162712, 'f_n': 2.7443951577341642e-09, 'K_d': 306961.0977608698, 'fission_rate': 7.704500267153544e+19, 'Dg_D1_scale': 2.1074681234514676, 'Dg_D3_scale': 0.5131150533944354, 'Dv_D1_scale': 0.4985675072497216, 'Dv_D2_scale': 1.1475212069286713, 'b_bulk_scale': 0.05976475921168271, 'b_dislocation_scale': 1.8659487645308577, 'gb_scale': 1.1175652967856855, 'gd_bubble_scale': 4.148120487567474, 'gd_line_scale': 0.0749899861515103, 'gd_line_alpha': 0.5295429519367032, 'coalescence_d_scale': 2.304541054272266, 'capture_scale': 3.529418998675652}. Best is trial 253 with value: 2.374265417438066.
[I 2026-05-04 12:28:35,413] Trial 255 finished with value: 4.9086302417628405 and parameters: {'rho_scale': 0.7847758106665439, 'f_n': 4.117047886253146e-09, 'K_d': 301386.38865848206, 'fission_rate': 7.66200658546267e+19, 'Dg_D1_scale': 2.268833155675495, 'Dg_D3_scale': 0.46206982421618076, 'Dv_D1_scale': 2.4013877039618343, 'Dv_D2_scale': 1.2624155523921634, 'b_bulk_scale': 0.06434231954785496, 'b_dislocation_scale': 1.4766532059821138, 'gb_scale': 1.153884985411469, 'gd_bubble_scale': 3.3070949476383475, 'gd_line_scale': 7.562791510524476, 'gd_line_alpha': 0.42490381430938956, 'coalescence_d_scale': 2.0545184736341295, 'capture_scale': 3.0043785610402023}. Best is trial 253 with value: 2.374265417438066.
[I 2026-05-04 12:28:42,276] Trial 256 finished with value: 2.437118939896389 and parameters: {'rho_scale': 0.8165109171438472, 'f_n': 5.45352670478156e-09, 'K_d': 308144.0147365866, 'fission_rate': 7.566290225693798e+19, 'Dg_D1_scale': 2.038436419297598, 'Dg_D3_scale': 0.5086834591596487, 'Dv_D1_scale': 0.22171935944387233, 'Dv_D2_scale': 1.17072348473579, 'b_bulk_scale': 0.05599782104190358, 'b_dislocation_scale': 1.7173305005812787, 'gb_scale': 0.7468147749781279, 'gd_bubble_scale': 3.0283287964055345, 'gd_line_scale': 6.9236172457525536, 'gd_line_alpha': 0.4119079021182824, 'coalescence_d_scale': 2.2415675341778107, 'capture_scale': 3.4459124831499284}. Best is trial 253 with value: 2.374265417438066.
[I 2026-05-04 12:28:48,949] Trial 257 finished with value: 2.4097721501944025 and parameters: {'rho_scale': 0.7971436825115004, 'f_n': 7.318457871298265e-09, 'K_d': 300761.5173064627, 'fission_rate': 7.633155956033113e+19, 'Dg_D1_scale': 2.251737196353737, 'Dg_D3_scale': 0.4607582344228018, 'Dv_D1_scale': 0.2440052210275579, 'Dv_D2_scale': 1.0930048301877493, 'b_bulk_scale': 0.06241710458902212, 'b_dislocation_scale': 2.3517537213955184, 'gb_scale': 0.9230396799027771, 'gd_bubble_scale': 3.428348594873151, 'gd_line_scale': 8.647905815586473, 'gd_line_alpha': 0.38855190073562645, 'coalescence_d_scale': 2.3149944389768513, 'capture_scale': 3.0289695743889453}. Best is trial 253 with value: 2.374265417438066.
