[I 2026-05-04 12:23:03,211] Trial 199 finished with value: 2.787699378957287 and parameters: {'rho_scale': 0.8002970618437947, 'f_n': 1.4143334867081382e-07, 'K_d': 333475.0966955776, 'fission_rate': 6.323242202906112e+19, 'Dg_D1_scale': 2.746708910626932, 'Dg_D3_scale': 0.521727741212095, 'Dv_D1_scale': 0.22087413322785712, 'Dv_D2_scale': 1.0374593637409981, 'b_bulk_scale': 0.033645247726525926, 'b_dislocation_scale': 2.4060858302353108, 'gb_scale': 0.4042214788640219, 'gd_bubble_scale': 2.2115166517417406, 'gd_line_scale': 7.145248577184011, 'gd_line_alpha': 0.285886723401806, 'coalescence_d_scale': 2.148886335920685, 'capture_scale': 3.976517628510547}. Best is trial 192 with value: 2.402031198233256.
[I 2026-05-04 12:23:06,670] Trial 200 finished with value: 5.784323700617689 and parameters: {'rho_scale': 0.7769866138057336, 'f_n': 9.065322215003313e-08, 'K_d': 323798.48338127276, 'fission_rate': 7.326150533969539e+19, 'Dg_D1_scale': 2.3257982632030667, 'Dg_D3_scale': 0.42014774245485864, 'Dv_D1_scale': 0.987578533968851, 'Dv_D2_scale': 1.3157258740858166, 'b_bulk_scale': 0.03930277225954607, 'b_dislocation_scale': 1.5928977368111592, 'gb_scale': 0.5657598574973066, 'gd_bubble_scale': 1.6379671967200742, 'gd_line_scale': 0.05205981195201511, 'gd_line_alpha': 0.26380970583553875, 'coalescence_d_scale': 2.7599544687305744, 'capture_scale': 4.817561705292348}. Best is trial 192 with value: 2.402031198233256.
[I 2026-05-04 12:23:13,410] Trial 201 finished with value: 2.4304909284013405 and parameters: {'rho_scale': 0.7541887109661722, 'f_n': 5.634890514242744e-08, 'K_d': 319004.29914499004, 'fission_rate': 7.251802535890969e+19, 'Dg_D1_scale': 2.6533774390024742, 'Dg_D3_scale': 0.5352207913747009, 'Dv_D1_scale': 0.2125261488507318, 'Dv_D2_scale': 0.9989675231572313, 'b_bulk_scale': 0.048622084242516565, 'b_dislocation_scale': 1.868756874296467, 'gb_scale': 0.48428487317270313, 'gd_bubble_scale': 2.012027308903445, 'gd_line_scale': 8.61524683195704, 'gd_line_alpha': 0.2889674538512383, 'coalescence_d_scale': 2.8417734968662094, 'capture_scale': 6.308789169158454}. Best is trial 192 with value: 2.402031198233256.
[I 2026-05-04 12:23:20,203] Trial 202 finished with value: 2.5407846910677927 and parameters: {'rho_scale': 0.7652265361794294, 'f_n': 4.379040955311673e-08, 'K_d': 655313.3980393517, 'fission_rate': 7.2671884346588185e+19, 'Dg_D1_scale': 2.601680364442513, 'Dg_D3_scale': 0.46371848299566815, 'Dv_D1_scale': 0.2123028753912271, 'Dv_D2_scale': 0.9957299203629338, 'b_bulk_scale': 0.061917899791124734, 'b_dislocation_scale': 2.215897190097237, 'gb_scale': 0.4576988841322993, 'gd_bubble_scale': 2.7317716714502818, 'gd_line_scale': 8.345248206302685, 'gd_line_alpha': 0.2841545277171721, 'coalescence_d_scale': 2.549412142103973, 'capture_scale': 6.158787959293037}. Best is trial 192 with value: 2.402031198233256.
[I 2026-05-04 12:23:28,612] Trial 203 finished with value: 2.646614825857696 and parameters: {'rho_scale': 0.7481595431022455, 'f_n': 5.592701091636189e-08, 'K_d': 318671.2321974022, 'fission_rate': 6.0372741212201075e+19, 'Dg_D1_scale': 2.7989811293471236, 'Dg_D3_scale': 0.49839835887464906, 'Dv_D1_scale': 0.2453711104021015, 'Dv_D2_scale': 1.0819462132746147, 'b_bulk_scale': 0.053830518510197704, 'b_dislocation_scale': 1.8043931816534586, 'gb_scale': 0.36278933525142204, 'gd_bubble_scale': 1.9791507509532091, 'gd_line_scale': 8.930487238835907, 'gd_line_alpha': 0.2384481475201095, 'coalescence_d_scale': 3.0370756077231666, 'capture_scale': 6.870863082981514}. Best is trial 192 with value: 2.402031198233256.Best trial: 192. Best value: 2.40203:  23%|██▎       | 23/100 [02:21<07:18,  5.70s/it]Best trial: 192. Best value: 2.40203:  23%|██▎       | 23/100 [02:21<07:18,  5.70s/it]Best trial: 192. Best value: 2.40203:  24%|██▍       | 24/100 [02:21<08:14,  6.51s/it]                                                                                      Best trial: 192. Best value: 2.40203:  24%|██▍       | 24/100 [02:26<08:14,  6.51s/it]Best trial: 192. Best value: 2.40203:  24%|██▍       | 24/100 [02:26<08:14,  6.51s/it]Best trial: 192. Best value: 2.40203:  25%|██▌       | 25/100 [02:26<07:15,  5.80s/it]                                                                                      Best trial: 192. Best value: 2.40203:  25%|██▌       | 25/100 [02:32<07:15,  5.80s/it]Best trial: 192. Best value: 2.40203:  25%|██▌       | 25/100 [02:32<07:15,  5.80s/it]Best trial: 192. Best value: 2.40203:  26%|██▌       | 26/100 [02:32<07:16,  5.90s/it]                                                                                      Best trial: 192. Best value: 2.40203:  26%|██▌       | 26/100 [02:38<07:16,  5.90s/it]Best trial: 192. Best value: 2.40203:  26%|██▌       | 26/100 [02:38<07:16,  5.90s/it]Best trial: 192. Best value: 2.40203:  27%|██▋       | 27/100 [02:38<07:14,  5.95s/it]                                                                                      Best trial: 192. Best value: 2.40203:  27%|██▋       | 27/100 [02:44<07:14,  5.95s/it]Best trial: 192. Best value: 2.40203:  27%|██▋       | 27/100 [02:44<07:14,  5.95s/it]Best trial: 192. Best value: 2.40203:  28%|██▊       | 28/100 [02:44<07:16,  6.06s/it]                                                                                      Best trial: 192. Best value: 2.40203:  28%|██▊       | 28/100 [02:50<07:16,  6.06s/it]Best trial: 192. Best value: 2.40203:  28%|██▊       | 28/100 [02:50<07:16,  6.06s/it]Best trial: 192. Best value: 2.40203:  29%|██▉       | 29/100 [02:50<07:13,  6.11s/it]                                                                                      Best trial: 192. Best value: 2.40203:  29%|██▉       | 29/100 [02:54<07:13,  6.11s/it]Best trial: 192. Best value: 2.40203:  29%|██▉       | 29/100 [02:54<07:13,  6.11s/it]Best trial: 192. Best value: 2.40203:  30%|███       | 30/100 [02:54<06:18,  5.41s/it]                                                                                      Best trial: 192. Best value: 2.40203:  30%|███       | 30/100 [03:01<06:18,  5.41s/it]Best trial: 192. Best value: 2.40203:  30%|███       | 30/100 [03:01<06:18,  5.41s/it]Best trial: 192. Best value: 2.40203:  31%|███       | 31/100 [03:01<06:40,  5.81s/it]                                                                                      Best trial: 192. Best value: 2.40203:  31%|███       | 31/100 [03:08<06:40,  5.81s/it]Best trial: 192. Best value: 2.40203:  31%|███       | 31/100 [03:08<06:40,  5.81s/it]Best trial: 192. Best value: 2.40203:  32%|███▏      | 32/100 [03:08<06:56,  6.12s/it]                                                                                      Best trial: 192. Best value: 2.40203:  32%|███▏      | 32/100 [03:15<06:56,  6.12s/it]Best trial: 212. Best value: 2.39615:  32%|███▏      | 32/100 [03:15<06:56,  6.12s/it]Best trial: 212. Best value: 2.39615:  33%|███▎      | 33/100 [03:15<07:09,  6.41s/it]                                                                                      Best trial: 212. Best value: 2.39615:  33%|███▎      | 33/100 [03:22<07:09,  6.41s/it]Best trial: 212. Best value: 2.39615:  33%|███▎      | 33/100 [03:22<07:09,  6.41s/it]Best trial: 212. Best value: 2.39615:  34%|███▍      | 34/100 [03:22<07:16,  6.61s/it]                                                                                      Best trial: 212. Best value: 2.39615:  34%|███▍      | 34/100 [03:26<07:16,  6.61s/it]Best trial: 212. Best value: 2.39615:  34%|███▍      | 34/100 [03:26<07:16,  6.61s/it]Best trial: 212. Best value: 2.39615:  35%|███▌      | 35/100 [03:26<06:27,  5.96s/it]                                                                                      
[I 2026-05-04 12:23:32,770] Trial 204 finished with value: 2.443590149660388 and parameters: {'rho_scale': 0.7875725719094134, 'f_n': 3.491300686801748e-08, 'K_d': 323786.4671184217, 'fission_rate': 7.223876590764601e+19, 'Dg_D1_scale': 2.947630567472727, 'Dg_D3_scale': 0.5302144692378891, 'Dv_D1_scale': 0.22894213987042006, 'Dv_D2_scale': 0.8944752935214554, 'b_bulk_scale': 0.04094577396032591, 'b_dislocation_scale': 2.078991656631474, 'gb_scale': 0.41963433616006107, 'gd_bubble_scale': 1.4425572038798415, 'gd_line_scale': 6.700750605008015, 'gd_line_alpha': 0.2709459175776309, 'coalescence_d_scale': 2.262849427511232, 'capture_scale': 5.620534333959939}. Best is trial 192 with value: 2.402031198233256.
[I 2026-05-04 12:23:38,908] Trial 205 finished with value: 2.455589475973449 and parameters: {'rho_scale': 0.8006100358628961, 'f_n': 3.1870431260936005e-08, 'K_d': 325617.13213435496, 'fission_rate': 7.3622006248856625e+19, 'Dg_D1_scale': 3.0212057967884465, 'Dg_D3_scale': 0.5348124659791262, 'Dv_D1_scale': 0.23408011401669118, 'Dv_D2_scale': 0.8504281500767328, 'b_bulk_scale': 0.032776492597713036, 'b_dislocation_scale': 2.1208344275224054, 'gb_scale': 0.4171072516813905, 'gd_bubble_scale': 1.5131006772547053, 'gd_line_scale': 6.603384390236773, 'gd_line_alpha': 0.29496017829307675, 'coalescence_d_scale': 2.2502273054588193, 'capture_scale': 5.453504528946021}. Best is trial 192 with value: 2.402031198233256.
[I 2026-05-04 12:23:44,966] Trial 206 finished with value: 2.5731968766406665 and parameters: {'rho_scale': 0.820210326701827, 'f_n': 3.387219768926268e-08, 'K_d': 337207.52174440294, 'fission_rate': 7.393728447011072e+19, 'Dg_D1_scale': 3.17957534157058, 'Dg_D3_scale': 0.5328431232376786, 'Dv_D1_scale': 0.23175577851658752, 'Dv_D2_scale': 1.1780938075397622, 'b_bulk_scale': 0.03194200398269473, 'b_dislocation_scale': 2.5200637126494927, 'gb_scale': 0.40015804123210214, 'gd_bubble_scale': 1.5111712107028876, 'gd_line_scale': 6.514557353879834, 'gd_line_alpha': 0.33047632039084546, 'coalescence_d_scale': 2.231987946890199, 'capture_scale': 5.118411734578242}. Best is trial 192 with value: 2.402031198233256.
[I 2026-05-04 12:23:51,267] Trial 207 finished with value: 3.007662930742803 and parameters: {'rho_scale': 0.7803161337373303, 'f_n': 2.743660933408485e-08, 'K_d': 330715.02094851853, 'fission_rate': 7.362561599295447e+19, 'Dg_D1_scale': 2.965852493944133, 'Dg_D3_scale': 0.43661398739574353, 'Dv_D1_scale': 0.7417070884199042, 'Dv_D2_scale': 0.828332163980903, 'b_bulk_scale': 0.0331213928629379, 'b_dislocation_scale': 1.9936172524625269, 'gb_scale': 0.349262326879973, 'gd_bubble_scale': 1.4292046062789052, 'gd_line_scale': 6.812514202180571, 'gd_line_alpha': 0.3030236136631553, 'coalescence_d_scale': 2.290674720930178, 'capture_scale': 4.503081945894835}. Best is trial 192 with value: 2.402031198233256.
[I 2026-05-04 12:23:57,496] Trial 208 finished with value: 3.52035879625542 and parameters: {'rho_scale': 0.8001834811103486, 'f_n': 2.514014709064846e-08, 'K_d': 326143.43077419605, 'fission_rate': 7.45851204309251e+19, 'Dg_D1_scale': 3.3900232795375946, 'Dg_D3_scale': 0.48466260917353277, 'Dv_D1_scale': 1.29197175264195, 'Dv_D2_scale': 0.8905925610500081, 'b_bulk_scale': 0.037459543113066575, 'b_dislocation_scale': 2.280162208144134, 'gb_scale': 0.4256333812961965, 'gd_bubble_scale': 2.1567042264301923, 'gd_line_scale': 7.807758186615488, 'gd_line_alpha': 0.22188167233063696, 'coalescence_d_scale': 2.1108285251535195, 'capture_scale': 5.773459200294423}. Best is trial 192 with value: 2.402031198233256.
[I 2026-05-04 12:24:01,285] Trial 209 finished with value: 2.6198347063928082 and parameters: {'rho_scale': 0.8223250608035148, 'f_n': 3.749038602817401e-08, 'K_d': 322764.18551065505, 'fission_rate': 7.268821576232794e+19, 'Dg_D1_scale': 2.9502707916975495, 'Dg_D3_scale': 0.5316101341057232, 'Dv_D1_scale': 0.25067744529485303, 'Dv_D2_scale': 0.9136434790915309, 'b_bulk_scale': 0.05065002889512979, 'b_dislocation_scale': 2.9987564105304365, 'gb_scale': 0.33275457568207717, 'gd_bubble_scale': 1.595193483863275, 'gd_line_scale': 6.999750277263011, 'gd_line_alpha': 0.26811567075681975, 'coalescence_d_scale': 2.496014565205381, 'capture_scale': 3.8047779234938783}. Best is trial 192 with value: 2.402031198233256.
[I 2026-05-04 12:24:08,021] Trial 210 finished with value: 2.427331226254956 and parameters: {'rho_scale': 0.7872576272365053, 'f_n': 4.482452859196479e-08, 'K_d': 335488.7839067811, 'fission_rate': 7.517539121081418e+19, 'Dg_D1_scale': 2.6108013684881035, 'Dg_D3_scale': 0.4703136658360933, 'Dv_D1_scale': 0.22656515398407504, 'Dv_D2_scale': 0.9948094715610939, 'b_bulk_scale': 0.06636536825490823, 'b_dislocation_scale': 1.5082807538116874, 'gb_scale': 0.3841023783232949, 'gd_bubble_scale': 1.7122268755597865, 'gd_line_scale': 6.229933875684804, 'gd_line_alpha': 0.35782796522963956, 'coalescence_d_scale': 2.00740089980498, 'capture_scale': 5.531224149248639}. Best is trial 192 with value: 2.402031198233256.
[I 2026-05-04 12:24:14,867] Trial 211 finished with value: 2.6539720494417027 and parameters: {'rho_scale': 0.7909963332750463, 'f_n': 4.6811002112129185e-08, 'K_d': 334577.20905086625, 'fission_rate': 7.48703485420555e+19, 'Dg_D1_scale': 2.6543142537188307, 'Dg_D3_scale': 0.4647665176268624, 'Dv_D1_scale': 0.2291701574299949, 'Dv_D2_scale': 1.004528858848216, 'b_bulk_scale': 0.3084494456758916, 'b_dislocation_scale': 1.4430217072912035, 'gb_scale': 0.3758291078779531, 'gd_bubble_scale': 1.783126085827263, 'gd_line_scale': 6.136832881220047, 'gd_line_alpha': 0.3768542309076096, 'coalescence_d_scale': 2.0124035339463613, 'capture_scale': 5.496099168729938}. Best is trial 192 with value: 2.402031198233256.
[I 2026-05-04 12:24:21,921] Trial 212 finished with value: 2.3961457252248035 and parameters: {'rho_scale': 0.7565630123741828, 'f_n': 3.287523350965411e-08, 'K_d': 323268.3170582611, 'fission_rate': 7.378319770213476e+19, 'Dg_D1_scale': 2.5868796899837587, 'Dg_D3_scale': 0.5064300137050888, 'Dv_D1_scale': 0.2167135053430239, 'Dv_D2_scale': 1.1213725672881896, 'b_bulk_scale': 0.07459336840754704, 'b_dislocation_scale': 1.612004515597235, 'gb_scale': 0.42148096786314965, 'gd_bubble_scale': 1.594093949650972, 'gd_line_scale': 6.296938263309452, 'gd_line_alpha': 0.3327753966457864, 'coalescence_d_scale': 2.303789972730636, 'capture_scale': 5.013361199124811}. Best is trial 212 with value: 2.3961457252248035.
[I 2026-05-04 12:24:29,023] Trial 213 finished with value: 2.4207301348446544 and parameters: {'rho_scale': 0.7584910262197379, 'f_n': 3.3139716677240025e-08, 'K_d': 327441.144275952, 'fission_rate': 7.373235929669132e+19, 'Dg_D1_scale': 2.564037167427875, 'Dg_D3_scale': 0.503748900874484, 'Dv_D1_scale': 0.23743205933514228, 'Dv_D2_scale': 1.0080794016062284, 'b_bulk_scale': 0.06609369560461302, 'b_dislocation_scale': 1.6016255056461557, 'gb_scale': 0.420980356109799, 'gd_bubble_scale': 1.616967531253962, 'gd_line_scale': 6.2412195660193435, 'gd_line_alpha': 0.36021347661654257, 'coalescence_d_scale': 2.317032090410645, 'capture_scale': 5.162762071157547}. Best is trial 212 with value: 2.3961457252248035.
[I 2026-05-04 12:24:33,470] Trial 214 finished with value: 2.4485897383091424 and parameters: {'rho_scale': 0.7633621966428206, 'f_n': 2.2520204510196632e-08, 'K_d': 327048.91665292246, 'fission_rate': 7.391652005467365e+19, 'Dg_D1_scale': 2.5380670368871434, 'Dg_D3_scale': 0.5537007189972649, 'Dv_D1_scale': 0.2460440194057446, 'Dv_D2_scale': 1.0838020098998211, 'b_bulk_scale': 0.06613199107623316, 'b_dislocation_scale': 1.579323442768558, 'gb_scale': 0.42491452363171456, 'gd_bubble_scale': 1.6574733781035542, 'gd_line_scale': 6.020923009426006, 'gd_line_alpha': 0.3645277233336426, 'coalescence_d_scale': 2.598542240666293, 'capture_scale': 4.275334558821034}. Best is trial 212 with value: 2.3961457252248035.
[I 2026-05-04 12:24:41,152] Trial 215 finished with value: 3.313679088954745 and parameters: {'rho_scale': 0.7690550877450365, 'f_n': 2.2725047283794516e-08, 'K_d': 328589.8806378533, 'fission_rate': 7.367483918763819e+19, 'Dg_D1_scale': 2.565891652355344, 'Dg_D3_scale': 0.557076230723597, 'Dv_D1_scale': 0.25455083994963695, 'Dv_D2_scale': 1.0230745382665494, 'b_bulk_scale': 0.03576845505332995, 'b_dislocation_scale': 0.03513886238907532, 'gb_scale': 0.4177802431395673, 'gd_bubble_scale': 1.5762441169878214, 'gd_line_scale': 5.938102399656193, 'gd_line_alpha': 0.36581626311851567, 'coalescence_d_scale': 2.6624452166372743, 'capture_scale': 4.391849483589374}. Best is trial 212 with value: 2.3961457252248035.Best trial: 212. Best value: 2.39615:  35%|███▌      | 35/100 [03:34<06:27,  5.96s/it]Best trial: 212. Best value: 2.39615:  35%|███▌      | 35/100 [03:34<06:27,  5.96s/it]Best trial: 212. Best value: 2.39615:  36%|███▌      | 36/100 [03:34<06:54,  6.48s/it]                                                                                      Best trial: 212. Best value: 2.39615:  36%|███▌      | 36/100 [03:42<06:54,  6.48s/it]Best trial: 212. Best value: 2.39615:  36%|███▌      | 36/100 [03:42<06:54,  6.48s/it]Best trial: 212. Best value: 2.39615:  37%|███▋      | 37/100 [03:42<07:15,  6.91s/it]                                                                                      Best trial: 212. Best value: 2.39615:  37%|███▋      | 37/100 [03:48<07:15,  6.91s/it]Best trial: 212. Best value: 2.39615:  37%|███▋      | 37/100 [03:48<07:15,  6.91s/it]Best trial: 212. Best value: 2.39615:  38%|███▊      | 38/100 [03:48<07:00,  6.79s/it]                                                                                      Best trial: 212. Best value: 2.39615:  38%|███▊      | 38/100 [03:53<07:00,  6.79s/it]Best trial: 212. Best value: 2.39615:  38%|███▊      | 38/100 [03:53<07:00,  6.79s/it]Best trial: 212. Best value: 2.39615:  39%|███▉      | 39/100 [03:53<06:12,  6.11s/it]                                                                                      Best trial: 212. Best value: 2.39615:  39%|███▉      | 39/100 [04:00<06:12,  6.11s/it]Best trial: 212. Best value: 2.39615:  39%|███▉      | 39/100 [04:00<06:12,  6.11s/it]Best trial: 212. Best value: 2.39615:  40%|████      | 40/100 [04:00<06:19,  6.32s/it]                                                                                      Best trial: 212. Best value: 2.39615:  40%|████      | 40/100 [04:06<06:19,  6.32s/it]Best trial: 212. Best value: 2.39615:  40%|████      | 40/100 [04:07<06:19,  6.32s/it]Best trial: 212. Best value: 2.39615:  41%|████      | 41/100 [04:07<06:20,  6.45s/it]                                                                                      Best trial: 212. Best value: 2.39615:  41%|████      | 41/100 [04:13<06:20,  6.45s/it]Best trial: 212. Best value: 2.39615:  41%|████      | 41/100 [04:13<06:20,  6.45s/it]Best trial: 212. Best value: 2.39615:  42%|████▏     | 42/100 [04:13<06:20,  6.55s/it]                                                                                      Best trial: 212. Best value: 2.39615:  42%|████▏     | 42/100 [04:20<06:20,  6.55s/it]Best trial: 212. Best value: 2.39615:  42%|████▏     | 42/100 [04:20<06:20,  6.55s/it]Best trial: 212. Best value: 2.39615:  43%|████▎     | 43/100 [04:20<06:13,  6.55s/it]                                                                                      Best trial: 212. Best value: 2.39615:  43%|████▎     | 43/100 [04:24<06:13,  6.55s/it]Best trial: 212. Best value: 2.39615:  43%|████▎     | 43/100 [04:24<06:13,  6.55s/it]Best trial: 212. Best value: 2.39615:  44%|████▍     | 44/100 [04:24<05:33,  5.95s/it]                                                                                      Best trial: 212. Best value: 2.39615:  44%|████▍     | 44/100 [04:31<05:33,  5.95s/it]Best trial: 212. Best value: 2.39615:  44%|████▍     | 44/100 [04:31<05:33,  5.95s/it]Best trial: 212. Best value: 2.39615:  45%|████▌     | 45/100 [04:31<05:37,  6.14s/it]                                                                                      Best trial: 212. Best value: 2.39615:  45%|████▌     | 45/100 [04:37<05:37,  6.14s/it]Best trial: 212. Best value: 2.39615:  45%|████▌     | 45/100 [04:38<05:37,  6.14s/it]Best trial: 212. Best value: 2.39615:  46%|████▌     | 46/100 [04:38<05:37,  6.25s/it]                                                                                      Best trial: 212. Best value: 2.39615:  46%|████▌     | 46/100 [04:44<05:37,  6.25s/it]Best trial: 212. Best value: 2.39615:  46%|████▌     | 46/100 [04:44<05:37,  6.25s/it]Best trial: 212. Best value: 2.39615:  47%|████▋     | 47/100 [04:44<05:36,  6.35s/it]                                                                                      
[I 2026-05-04 12:24:49,076] Trial 216 finished with value: 2.499417075265002 and parameters: {'rho_scale': 0.7631445955243552, 'f_n': 3.2498650265350746e-08, 'K_d': 322451.9764177494, 'fission_rate': 7.231335491278358e+19, 'Dg_D1_scale': 3.144986068449723, 'Dg_D3_scale': 0.524621759801765, 'Dv_D1_scale': 0.23979747387497585, 'Dv_D2_scale': 0.8800821990073987, 'b_bulk_scale': 0.07422772973554373, 'b_dislocation_scale': 1.350424127955003, 'gb_scale': 0.46002067572294636, 'gd_bubble_scale': 1.3366668870048186, 'gd_line_scale': 6.40596367799963, 'gd_line_alpha': 0.4244247437139903, 'coalescence_d_scale': 2.430295170594122, 'capture_scale': 4.926510068502057}. Best is trial 212 with value: 2.3961457252248035.
[I 2026-05-04 12:24:55,577] Trial 217 finished with value: 2.501753373602636 and parameters: {'rho_scale': 0.7920612225254781, 'f_n': 2.9091838199324926e-08, 'K_d': 328063.48534783005, 'fission_rate': 7.421799439404304e+19, 'Dg_D1_scale': 0.4194538651285158, 'Dg_D3_scale': 0.5732448380160169, 'Dv_D1_scale': 0.2448158196186126, 'Dv_D2_scale': 3.7442630771324326, 'b_bulk_scale': 0.040548382474054186, 'b_dislocation_scale': 1.5667464071985726, 'gb_scale': 0.5309278112730083, 'gd_bubble_scale': 1.7731610182168527, 'gd_line_scale': 7.81167959219488, 'gd_line_alpha': 0.3783665983723545, 'coalescence_d_scale': 2.7973139165064946, 'capture_scale': 3.5026651063314405}. Best is trial 212 with value: 2.3961457252248035.
