  0%|          | 0/50 [00:00<?, ?it/s]                                        0%|          | 0/50 [00:06<?, ?it/s]Best trial: 19. Best value: 2.92036:   0%|          | 0/50 [00:06<?, ?it/s]Best trial: 19. Best value: 2.92036:   2%|▏         | 1/50 [00:06<05:27,  6.68s/it]                                                                                   Best trial: 19. Best value: 2.92036:   2%|▏         | 1/50 [00:17<05:27,  6.68s/it]Best trial: 19. Best value: 2.92036:   2%|▏         | 1/50 [00:17<05:27,  6.68s/it]Best trial: 19. Best value: 2.92036:   4%|▍         | 2/50 [00:17<07:17,  9.11s/it]                                                                                   Best trial: 19. Best value: 2.92036:   4%|▍         | 2/50 [00:26<07:17,  9.11s/it]Best trial: 19. Best value: 2.92036:   4%|▍         | 2/50 [00:26<07:17,  9.11s/it]Best trial: 19. Best value: 2.92036:   6%|▌         | 3/50 [00:26<07:11,  9.18s/it]                                                                                   Best trial: 19. Best value: 2.92036:   6%|▌         | 3/50 [00:34<07:11,  9.18s/it]Best trial: 19. Best value: 2.92036:   6%|▌         | 3/50 [00:34<07:11,  9.18s/it]Best trial: 19. Best value: 2.92036:   8%|▊         | 4/50 [00:34<06:42,  8.75s/it]                                                                                   Best trial: 19. Best value: 2.92036:   8%|▊         | 4/50 [00:39<06:42,  8.75s/it]Best trial: 19. Best value: 2.92036:   8%|▊         | 4/50 [00:40<06:42,  8.75s/it]Best trial: 19. Best value: 2.92036:  10%|█         | 5/50 [00:40<05:35,  7.46s/it]                                                                                   Best trial: 19. Best value: 2.92036:  10%|█         | 5/50 [00:50<05:35,  7.46s/it]Best trial: 19. Best value: 2.92036:  10%|█         | 5/50 [00:50<05:35,  7.46s/it]Best trial: 19. Best value: 2.92036:  12%|█▏        | 6/50 [00:50<06:17,  8.57s/it]                                                                                   Best trial: 19. Best value: 2.92036:  12%|█▏        | 6/50 [00:58<06:17,  8.57s/it]Best trial: 19. Best value: 2.92036:  12%|█▏        | 6/50 [00:58<06:17,  8.57s/it]Best trial: 19. Best value: 2.92036:  14%|█▍        | 7/50 [00:58<06:00,  8.38s/it]                                                                                   Best trial: 19. Best value: 2.92036:  14%|█▍        | 7/50 [01:08<06:00,  8.38s/it]Best trial: 19. Best value: 2.92036:  14%|█▍        | 7/50 [01:08<06:00,  8.38s/it]Best trial: 19. Best value: 2.92036:  16%|█▌        | 8/50 [01:08<06:09,  8.79s/it]                                                                                   Best trial: 19. Best value: 2.92036:  16%|█▌        | 8/50 [01:19<06:09,  8.79s/it]Best trial: 19. Best value: 2.92036:  16%|█▌        | 8/50 [01:19<06:09,  8.79s/it]Best trial: 19. Best value: 2.92036:  18%|█▊        | 9/50 [01:19<06:25,  9.41s/it]                                                                                   Best trial: 19. Best value: 2.92036:  18%|█▊        | 9/50 [01:26<06:25,  9.41s/it]Best trial: 19. Best value: 2.92036:  18%|█▊        | 9/50 [01:26<06:25,  9.41s/it]Best trial: 19. Best value: 2.92036:  20%|██        | 10/50 [01:26<05:51,  8.78s/it]                                                                                    Best trial: 19. Best value: 2.92036:  20%|██        | 10/50 [01:32<05:51,  8.78s/it]Best trial: 19. Best value: 2.92036:  20%|██        | 10/50 [01:32<05:51,  8.78s/it]Best trial: 19. Best value: 2.92036:  22%|██▏       | 11/50 [01:32<05:04,  7.80s/it]                                                                                    [I 2026-05-04 11:01:57,464] Trial 30 finished with value: 4.770749789881103 and parameters: {'rho_scale': 1.8161200027248965, 'f_n': 4.417273658768695e-10, 'K_d': 592114.0355295428, 'fission_rate': 5.911646665909157e+19, 'Dg_D1_scale': 0.36469382437362063, 'Dg_D3_scale': 0.9502432644049768, 'Dv_D1_scale': 0.4578761295821896, 'Dv_D2_scale': 0.5140713634927974, 'b_bulk_scale': 0.3527645438929811, 'b_dislocation_scale': 0.524404106873899, 'gb_scale': 5.675948750529148, 'gd_bubble_scale': 0.16878353197415105, 'gd_line_scale': 5.726171782342631, 'gd_line_alpha': 0.6798052970323754, 'coalescence_d_scale': 0.20389160023997968, 'capture_scale': 3.273804765480278}. Best is trial 19 with value: 2.9203551744644445.
[I 2026-05-04 11:02:08,275] Trial 31 finished with value: 3.1531003004373748 and parameters: {'rho_scale': 0.6419097062553192, 'f_n': 4.992178903763028e-07, 'K_d': 478017.97730857943, 'fission_rate': 4.710100046192898e+19, 'Dg_D1_scale': 0.511364694558911, 'Dg_D3_scale': 3.0870165356959918, 'Dv_D1_scale': 0.6677521133803479, 'Dv_D2_scale': 0.8638804296771384, 'b_bulk_scale': 0.11891880426841515, 'b_dislocation_scale': 0.13748120315369908, 'gb_scale': 3.6041434061069837, 'gd_bubble_scale': 0.13054983758004535, 'gd_line_scale': 2.740623378284835, 'gd_line_alpha': 0.47628699153401205, 'coalescence_d_scale': 0.13971691726719637, 'capture_scale': 0.046046266216214646}. Best is trial 19 with value: 2.9203551744644445.
[I 2026-05-04 11:02:17,547] Trial 32 finished with value: 3.8381299492606775 and parameters: {'rho_scale': 0.5627265429005573, 'f_n': 2.4887110138957115e-06, 'K_d': 478445.6677884915, 'fission_rate': 4.258568678073075e+19, 'Dg_D1_scale': 0.4731264998963232, 'Dg_D3_scale': 3.1986491415153333, 'Dv_D1_scale': 0.7731642926273786, 'Dv_D2_scale': 0.8159096583279396, 'b_bulk_scale': 0.07530535311492272, 'b_dislocation_scale': 0.149051998019415, 'gb_scale': 5.32410901590317, 'gd_bubble_scale': 0.3018935458129813, 'gd_line_scale': 3.2315381531288154, 'gd_line_alpha': 0.5518906923237172, 'coalescence_d_scale': 0.37248313526343296, 'capture_scale': 0.014207107548199469}. Best is trial 19 with value: 2.9203551744644445.
[I 2026-05-04 11:02:25,625] Trial 33 finished with value: 3.3949334596965572 and parameters: {'rho_scale': 0.674012649288144, 'f_n': 4.859977940533851e-07, 'K_d': 422790.10015375185, 'fission_rate': 4.812846394014371e+19, 'Dg_D1_scale': 0.6155617521712062, 'Dg_D3_scale': 2.8265452834418565, 'Dv_D1_scale': 0.36250645293332306, 'Dv_D2_scale': 1.192663697395866, 'b_bulk_scale': 0.15983893448624126, 'b_dislocation_scale': 0.07054658607488344, 'gb_scale': 3.7194409095522523, 'gd_bubble_scale': 0.11323205396974559, 'gd_line_scale': 2.266598752191829, 'gd_line_alpha': 0.33389968004476756, 'coalescence_d_scale': 0.14972843924290483, 'capture_scale': 0.050516163871219065}. Best is trial 19 with value: 2.9203551744644445.
[I 2026-05-04 11:02:30,793] Trial 34 finished with value: 5.156465396556711 and parameters: {'rho_scale': 1.1153706796922813, 'f_n': 1.3784776486886946e-06, 'K_d': 494482.76988963975, 'fission_rate': 5.112619604623539e+19, 'Dg_D1_scale': 0.8056720608613566, 'Dg_D3_scale': 0.5208838165056031, 'Dv_D1_scale': 0.504158569536298, 'Dv_D2_scale': 0.5835125345643196, 'b_bulk_scale': 0.11002014525822733, 'b_dislocation_scale': 0.2261644514384473, 'gb_scale': 6.02707475686412, 'gd_bubble_scale': 0.07817771279746673, 'gd_line_scale': 0.6269521481842865, 'gd_line_alpha': 0.44750698539708067, 'coalescence_d_scale': 0.23679793007091227, 'capture_scale': 0.26021860322808327}. Best is trial 19 with value: 2.9203551744644445.
[I 2026-05-04 11:02:41,527] Trial 35 finished with value: 3.1737808036726247 and parameters: {'rho_scale': 0.6179126800530578, 'f_n': 6.979497102613724e-09, 'K_d': 515161.152075078, 'fission_rate': 4.643980082237923e+19, 'Dg_D1_scale': 0.18834439700636643, 'Dg_D3_scale': 3.9638104858224548, 'Dv_D1_scale': 0.27095851159836726, 'Dv_D2_scale': 0.9401176048407938, 'b_bulk_scale': 0.23661451199557473, 'b_dislocation_scale': 0.1347666246534179, 'gb_scale': 1.7852800858641995, 'gd_bubble_scale': 0.16019526199069875, 'gd_line_scale': 1.1259747163840863, 'gd_line_alpha': 0.20557250574168978, 'coalescence_d_scale': 0.8137650095690938, 'capture_scale': 0.40891875573628245}. Best is trial 19 with value: 2.9203551744644445.
[I 2026-05-04 11:02:49,519] Trial 36 finished with value: 3.423003920776738 and parameters: {'rho_scale': 0.6155097133605204, 'f_n': 1.6252891942153554e-07, 'K_d': 370574.0220659876, 'fission_rate': 4.735923136651592e+19, 'Dg_D1_scale': 0.1944460543061959, 'Dg_D3_scale': 3.918476902695616, 'Dv_D1_scale': 0.2653470190522818, 'Dv_D2_scale': 0.913841566465555, 'b_bulk_scale': 0.24272543248141487, 'b_dislocation_scale': 0.13180011070482328, 'gb_scale': 0.7777140373703093, 'gd_bubble_scale': 0.17425432557542866, 'gd_line_scale': 0.4578039095771799, 'gd_line_alpha': 0.15374485545504912, 'coalescence_d_scale': 1.282014363744378, 'capture_scale': 0.09863539602808778}. Best is trial 19 with value: 2.9203551744644445.
[I 2026-05-04 11:02:59,189] Trial 37 finished with value: 4.121234875025072 and parameters: {'rho_scale': 0.823323827351726, 'f_n': 2.013110664072543e-08, 'K_d': 532979.5066258, 'fission_rate': 5.2181907079191994e+19, 'Dg_D1_scale': 0.32129603118702504, 'Dg_D3_scale': 2.385659837072346, 'Dv_D1_scale': 0.2424803035245819, 'Dv_D2_scale': 1.2577132758918153, 'b_bulk_scale': 0.5983452415817073, 'b_dislocation_scale': 0.05721508197237713, 'gb_scale': 1.7362955742534028, 'gd_bubble_scale': 0.18004967918328127, 'gd_line_scale': 1.0585388460226, 'gd_line_alpha': 0.20510377769931107, 'coalescence_d_scale': 0.13502421520599261, 'capture_scale': 0.03552536760373762}. Best is trial 19 with value: 2.9203551744644445.
[I 2026-05-04 11:03:09,937] Trial 38 finished with value: 4.310418337575519 and parameters: {'rho_scale': 0.6989984808020863, 'f_n': 7.262681828211199e-09, 'K_d': 593819.1079218789, 'fission_rate': 4.952930017405538e+19, 'Dg_D1_scale': 0.18987962792405633, 'Dg_D3_scale': 1.6731645856082176, 'Dv_D1_scale': 0.5549183018882676, 'Dv_D2_scale': 0.40988693845261437, 'b_bulk_scale': 0.29834907469491195, 'b_dislocation_scale': 0.10137659338768316, 'gb_scale': 0.5676053178052493, 'gd_bubble_scale': 0.4751656381187837, 'gd_line_scale': 5.042914223483069, 'gd_line_alpha': 0.05058880321779555, 'coalescence_d_scale': 1.716370737394262, 'capture_scale': 0.017927811756982978}. Best is trial 19 with value: 2.9203551744644445.
[I 2026-05-04 11:03:17,309] Trial 39 finished with value: 4.624847209550085 and parameters: {'rho_scale': 0.5416842041936182, 'f_n': 3.549067945716379e-07, 'K_d': 378653.80073060485, 'fission_rate': 4.592606242419658e+19, 'Dg_D1_scale': 0.30052468157118034, 'Dg_D3_scale': 2.94961634950997, 'Dv_D1_scale': 0.698000318647398, 'Dv_D2_scale': 1.00033298002911, 'b_bulk_scale': 0.08092301571781538, 'b_dislocation_scale': 0.20896960210111906, 'gb_scale': 2.693721888293047, 'gd_bubble_scale': 0.33030332151443254, 'gd_line_scale': 0.7797492016087311, 'gd_line_alpha': 0.27653878003361887, 'coalescence_d_scale': 0.36360014805239105, 'capture_scale': 0.3683110406532505}. Best is trial 19 with value: 2.9203551744644445.
[I 2026-05-04 11:03:22,915] Trial 40 finished with value: 3.0646297530194886 and parameters: {'rho_scale': 0.5029246921635079, 'f_n': 1.0836222193407318e-06, 'K_d': 416763.1176041209, 'fission_rate': 7.136720944137968e+19, 'Dg_D1_scale': 0.9797982766893611, 'Dg_D3_scale': 2.464124077012715, 'Dv_D1_scale': 0.2896921063331433, 'Dv_D2_scale': 0.2645275909883892, 'b_bulk_scale': 0.13085313429761183, 'b_dislocation_scale': 0.3084248007574287, 'gb_scale': 0.29268837589773594, 'gd_bubble_scale': 0.12712023093718233, 'gd_line_scale': 7.44643584930284, 'gd_line_alpha': 0.001323378193276381, 'coalescence_d_scale': 0.4904056684975079, 'capture_scale': 0.16304862193492958}. Best is trial 19 with value: 2.9203551744644445.
[I 2026-05-04 11:03:30,824] Trial 41 finished with value: 3.193357644706849 and parameters: {'rho_scale': 0.552671405752076, 'f_n': 1.1075142050966826e-06, 'K_d': 469308.2606320637, 'fission_rate': 7.03434810927044e+19, 'Dg_D1_scale': 0.9834334316644566, 'Dg_D3_scale': 3.531632676649545, 'Dv_D1_scale': 0.2820572066613972, 'Dv_D2_scale': 0.2209053699558862, 'b_bulk_scale': 0.12773607760405037, 'b_dislocation_scale': 0.333616996567443, 'gb_scale': 0.25342581081677545, 'gd_bubble_scale': 0.1405865519282174, 'gd_line_scale': 6.991152587675894, 'gd_line_alpha': 0.09446674189050366, 'coalescence_d_scale': 0.46818503164986375, 'capture_scale': 0.17607283493229492}. Best is trial 19 with value: 2.9203551744644445.Best trial: 19. Best value: 2.92036:  22%|██▏       | 11/50 [01:39<05:04,  7.80s/it]Best trial: 19. Best value: 2.92036:  22%|██▏       | 11/50 [01:40<05:04,  7.80s/it]Best trial: 19. Best value: 2.92036:  24%|██▍       | 12/50 [01:40<04:57,  7.84s/it]                                                                                    Best trial: 19. Best value: 2.92036:  24%|██▍       | 12/50 [01:47<04:57,  7.84s/it]Best trial: 42. Best value: 2.8055:  24%|██▍       | 12/50 [01:47<04:57,  7.84s/it] Best trial: 42. Best value: 2.8055:  26%|██▌       | 13/50 [01:47<04:48,  7.80s/it]                                                                                   Best trial: 42. Best value: 2.8055:  26%|██▌       | 13/50 [01:54<04:48,  7.80s/it]Best trial: 42. Best value: 2.8055:  26%|██▌       | 13/50 [01:54<04:48,  7.80s/it]Best trial: 42. Best value: 2.8055:  28%|██▊       | 14/50 [01:54<04:26,  7.41s/it]                                                                                   Best trial: 42. Best value: 2.8055:  28%|██▊       | 14/50 [01:59<04:26,  7.41s/it]Best trial: 42. Best value: 2.8055:  28%|██▊       | 14/50 [01:59<04:26,  7.41s/it]Best trial: 42. Best value: 2.8055:  30%|███       | 15/50 [01:59<03:55,  6.71s/it]                                                                                   Best trial: 42. Best value: 2.8055:  30%|███       | 15/50 [02:06<03:55,  6.71s/it]Best trial: 42. Best value: 2.8055:  30%|███       | 15/50 [02:06<03:55,  6.71s/it]Best trial: 42. Best value: 2.8055:  32%|███▏      | 16/50 [02:06<03:49,  6.76s/it]                                                                                   Best trial: 42. Best value: 2.8055:  32%|███▏      | 16/50 [02:13<03:49,  6.76s/it]Best trial: 42. Best value: 2.8055:  32%|███▏      | 16/50 [02:13<03:49,  6.76s/it]Best trial: 42. Best value: 2.8055:  34%|███▍      | 17/50 [02:13<03:49,  6.97s/it]                                                                                   Best trial: 42. Best value: 2.8055:  34%|███▍      | 17/50 [02:21<03:49,  6.97s/it]Best trial: 42. Best value: 2.8055:  34%|███▍      | 17/50 [02:21<03:49,  6.97s/it]Best trial: 42. Best value: 2.8055:  36%|███▌      | 18/50 [02:21<03:54,  7.33s/it]                                                                                   Best trial: 42. Best value: 2.8055:  36%|███▌      | 18/50 [02:28<03:54,  7.33s/it]Best trial: 42. Best value: 2.8055:  36%|███▌      | 18/50 [02:28<03:54,  7.33s/it]Best trial: 42. Best value: 2.8055:  38%|███▊      | 19/50 [02:28<03:39,  7.08s/it]                                                                                   Best trial: 42. Best value: 2.8055:  38%|███▊      | 19/50 [02:32<03:39,  7.08s/it]Best trial: 49. Best value: 2.75314:  38%|███▊      | 19/50 [02:32<03:39,  7.08s/it]Best trial: 49. Best value: 2.75314:  40%|████      | 20/50 [02:32<03:10,  6.34s/it]                                                                                    Best trial: 49. Best value: 2.75314:  40%|████      | 20/50 [02:37<03:10,  6.34s/it]Best trial: 49. Best value: 2.75314:  40%|████      | 20/50 [02:37<03:10,  6.34s/it]Best trial: 49. Best value: 2.75314:  42%|████▏     | 21/50 [02:37<02:49,  5.86s/it]                                                                                    Best trial: 49. Best value: 2.75314:  42%|████▏     | 21/50 [02:44<02:49,  5.86s/it]Best trial: 51. Best value: 2.69389:  42%|████▏     | 21/50 [02:44<02:49,  5.86s/it]Best trial: 51. Best value: 2.69389:  44%|████▍     | 22/50 [02:44<02:55,  6.28s/it]                                                                                    Best trial: 51. Best value: 2.69389:  44%|████▍     | 22/50 [02:52<02:55,  6.28s/it]Best trial: 51. Best value: 2.69389:  44%|████▍     | 22/50 [02:52<02:55,  6.28s/it]Best trial: 51. Best value: 2.69389:  46%|████▌     | 23/50 [02:52<02:56,  6.55s/it]                                                                                    
[I 2026-05-04 11:03:38,540] Trial 42 finished with value: 2.8054969195370485 and parameters: {'rho_scale': 0.5079824516893522, 'f_n': 7.31668897455199e-07, 'K_d': 412128.03691720177, 'fission_rate': 7.268510774823453e+19, 'Dg_D1_scale': 1.3392047503364808, 'Dg_D3_scale': 2.5536526244576985, 'Dv_D1_scale': 0.22305324991470235, 'Dv_D2_scale': 0.2704791032308768, 'b_bulk_scale': 0.06372904805735606, 'b_dislocation_scale': 0.13791117800658778, 'gb_scale': 0.2431404355272961, 'gd_bubble_scale': 0.07261537666708384, 'gd_line_scale': 3.511563944608942, 'gd_line_alpha': 0.01405881099734387, 'coalescence_d_scale': 0.8202014008422036, 'capture_scale': 0.08323466308765161}. Best is trial 42 with value: 2.8054969195370485.
[I 2026-05-04 11:03:45,037] Trial 43 finished with value: 3.231205623405295 and parameters: {'rho_scale': 0.5026210773338398, 'f_n': 6.995702201833164e-07, 'K_d': 418114.29151029524, 'fission_rate': 7.315427051566161e+19, 'Dg_D1_scale': 1.558444023557401, 'Dg_D3_scale': 1.9010401285042944, 'Dv_D1_scale': 0.23408497317290725, 'Dv_D2_scale': 0.26653367864453303, 'b_bulk_scale': 0.0628631886411483, 'b_dislocation_scale': 0.5862873896862353, 'gb_scale': 0.3486557846281253, 'gd_bubble_scale': 0.09969934362549589, 'gd_line_scale': 3.7255348172875102, 'gd_line_alpha': 0.011254082416714146, 'coalescence_d_scale': 0.2106736583946108, 'capture_scale': 0.08024988321328154}. Best is trial 42 with value: 2.8054969195370485.
[I 2026-05-04 11:03:50,155] Trial 44 finished with value: 5.490160917245268 and parameters: {'rho_scale': 0.5799602039931382, 'f_n': 1.7875696463093558e-06, 'K_d': 383880.1863548339, 'fission_rate': 7.0645961085804175e+19, 'Dg_D1_scale': 1.1719546432224162, 'Dg_D3_scale': 2.5235547700068124, 'Dv_D1_scale': 2.0177575546634365, 'Dv_D2_scale': 0.2210234245189075, 'b_bulk_scale': 0.04229157781657661, 'b_dislocation_scale': 0.17240923060514257, 'gb_scale': 0.15607591806026913, 'gd_bubble_scale': 0.069177880962401, 'gd_line_scale': 7.314487596805294, 'gd_line_alpha': 0.10723076361081327, 'coalescence_d_scale': 0.3112232601446185, 'capture_scale': 0.1294852040471023}. Best is trial 42 with value: 2.8054969195370485.
[I 2026-05-04 11:03:57,031] Trial 45 finished with value: 3.290829274406117 and parameters: {'rho_scale': 0.5031949450600588, 'f_n': 2.0859913064679655e-07, 'K_d': 342924.66476785927, 'fission_rate': 7.893552072656191e+19, 'Dg_D1_scale': 0.7047574331478499, 'Dg_D3_scale': 1.467038427365092, 'Dv_D1_scale': 0.35326294070640235, 'Dv_D2_scale': 0.27269544513617544, 'b_bulk_scale': 0.09359460964246874, 'b_dislocation_scale': 0.2571495891752682, 'gb_scale': 0.29024259192261104, 'gd_bubble_scale': 0.23796458823653394, 'gd_line_scale': 9.848462767435535, 'gd_line_alpha': 0.013570527569852128, 'coalescence_d_scale': 0.4921370359385667, 'capture_scale': 0.06797951713715289}. Best is trial 42 with value: 2.8054969195370485.
[I 2026-05-04 11:04:04,476] Trial 46 finished with value: 3.5343479883869846 and parameters: {'rho_scale': 0.6424095326613117, 'f_n': 3.922877707288439e-07, 'K_d': 417194.38556772226, 'fission_rate': 7.64068380689634e+19, 'Dg_D1_scale': 1.2149926100503337, 'Dg_D3_scale': 1.1655340295056087, 'Dv_D1_scale': 0.21645207673516734, 'Dv_D2_scale': 0.3840037664151126, 'b_bulk_scale': 0.0694201214083969, 'b_dislocation_scale': 0.07999356255435355, 'gb_scale': 0.17775988006029161, 'gd_bubble_scale': 0.06772409560560633, 'gd_line_scale': 4.888016898789806, 'gd_line_alpha': 0.5890268756129446, 'coalescence_d_scale': 0.133896254049685, 'capture_scale': 0.03672726199273594}. Best is trial 42 with value: 2.8054969195370485.
[I 2026-05-04 11:04:12,654] Trial 47 finished with value: 3.7501746325452925 and parameters: {'rho_scale': 0.5381618233470865, 'f_n': 8.639961577157957e-07, 'K_d': 436135.5892744793, 'fission_rate': 6.5499402644768145e+19, 'Dg_D1_scale': 0.9138319828453446, 'Dg_D3_scale': 2.973742970158536, 'Dv_D1_scale': 0.5556075240547086, 'Dv_D2_scale': 0.31828783973092395, 'b_bulk_scale': 1.6496570358055764, 'b_dislocation_scale': 0.3198864686222654, 'gb_scale': 0.0582721077775471, 'gd_bubble_scale': 0.11619184795161006, 'gd_line_scale': 2.692143998614171, 'gd_line_alpha': 0.1383744828975983, 'coalescence_d_scale': 0.7049265722715263, 'capture_scale': 0.1045759873372464}. Best is trial 42 with value: 2.8054969195370485.
[I 2026-05-04 11:04:19,152] Trial 48 finished with value: 2.92016142281862 and parameters: {'rho_scale': 0.7283735378997683, 'f_n': 2.842517634121028e-06, 'K_d': 393012.6331528437, 'fission_rate': 6.901925019553988e+19, 'Dg_D1_scale': 1.6169467423759505, 'Dg_D3_scale': 1.9907522816100476, 'Dv_D1_scale': 0.28635326715465786, 'Dv_D2_scale': 0.24877007469680926, 'b_bulk_scale': 0.04325762134786159, 'b_dislocation_scale': 0.4053543485796429, 'gb_scale': 0.5715814358000305, 'gd_bubble_scale': 1.195994594960106, 'gd_line_scale': 3.517139465267549, 'gd_line_alpha': 0.49207183206366867, 'coalescence_d_scale': 0.8754355551987874, 'capture_scale': 0.17355517879902338}. Best is trial 42 with value: 2.8054969195370485.
