[I 2026-05-04 11:52:51,079] Trial 118 finished with value: 2.640923586530786 and parameters: {'rho_scale': 1.0128751513580594, 'f_n': 4.71985458423391e-08, 'K_d': 348449.70512463694, 'fission_rate': 7.850435067715342e+19, 'Dg_D1_scale': 2.509375248166863, 'Dg_D3_scale': 0.2822867652407283, 'Dv_D1_scale': 0.20483657637060282, 'Dv_D2_scale': 0.6559584421135228, 'b_bulk_scale': 0.06414105089727978, 'b_dislocation_scale': 1.4384838796044532, 'gb_scale': 0.3258101918851499, 'gd_bubble_scale': 0.44053939646229057, 'gd_line_scale': 8.857558452874999, 'gd_line_alpha': 0.382061741342223, 'coalescence_d_scale': 2.4998100678113166, 'capture_scale': 2.167334990948035}. Best is trial 94 with value: 2.4193650653076473.
[I 2026-05-04 11:52:55,374] Trial 119 finished with value: 4.275998469481232 and parameters: {'rho_scale': 0.9651707064861734, 'f_n': 1.3142747367226903e-07, 'K_d': 335983.52677439037, 'fission_rate': 7.678295711077594e+19, 'Dg_D1_scale': 2.2260818772127204, 'Dg_D3_scale': 0.2494491516384771, 'Dv_D1_scale': 0.23468170127552526, 'Dv_D2_scale': 0.8610243154696763, 'b_bulk_scale': 0.05647423052998945, 'b_dislocation_scale': 1.7924353987377364, 'gb_scale': 0.43552208765288675, 'gd_bubble_scale': 0.6753936194376329, 'gd_line_scale': 1.978476753473551, 'gd_line_alpha': 0.15052302222887096, 'coalescence_d_scale': 1.148405942333536, 'capture_scale': 2.884471950923224}. Best is trial 94 with value: 2.4193650653076473.
[I 2026-05-04 11:53:01,691] Trial 120 finished with value: 2.4751848676213313 and parameters: {'rho_scale': 0.8161995285434248, 'f_n': 5.9168967345561694e-08, 'K_d': 343133.71214907325, 'fission_rate': 7.889474762750547e+19, 'Dg_D1_scale': 1.89095934066513, 'Dg_D3_scale': 0.39119233051742086, 'Dv_D1_scale': 0.2727937782967806, 'Dv_D2_scale': 1.0049824572822017, 'b_bulk_scale': 0.05359742547874715, 'b_dislocation_scale': 1.6217699220386543, 'gb_scale': 0.26178329149153406, 'gd_bubble_scale': 0.5720610046725162, 'gd_line_scale': 6.956538393327768, 'gd_line_alpha': 0.23262964842903136, 'coalescence_d_scale': 2.2180476997171703, 'capture_scale': 2.5955031285826746}. Best is trial 94 with value: 2.4193650653076473.
[I 2026-05-04 11:53:05,628] Trial 121 finished with value: 2.592032657040832 and parameters: {'rho_scale': 0.8211602544513573, 'f_n': 6.258748837742422e-08, 'K_d': 363339.6936686937, 'fission_rate': 7.907693044165562e+19, 'Dg_D1_scale': 1.9108475626736814, 'Dg_D3_scale': 0.39871718337837814, 'Dv_D1_scale': 0.2666373261092843, 'Dv_D2_scale': 0.6760545740630063, 'b_bulk_scale': 0.05295378243839924, 'b_dislocation_scale': 1.2727956793321153, 'gb_scale': 0.2478865874711989, 'gd_bubble_scale': 0.560896764765054, 'gd_line_scale': 7.189234030913361, 'gd_line_alpha': 0.22454658843045394, 'coalescence_d_scale': 2.144085133955891, 'capture_scale': 2.474644651883932}. Best is trial 94 with value: 2.4193650653076473.
[I 2026-05-04 11:53:12,192] Trial 122 finished with value: 2.439156843377746 and parameters: {'rho_scale': 0.8752485685322816, 'f_n': 8.023326485143819e-08, 'K_d': 345332.65151362226, 'fission_rate': 7.821246162278878e+19, 'Dg_D1_scale': 2.588264548481104, 'Dg_D3_scale': 0.4656455724496702, 'Dv_D1_scale': 0.2009113855760984, 'Dv_D2_scale': 1.0328323426915338, 'b_bulk_scale': 0.07298940548844708, 'b_dislocation_scale': 1.6075635091807088, 'gb_scale': 0.2925214706724227, 'gd_bubble_scale': 0.605117401520419, 'gd_line_scale': 7.492814520774864, 'gd_line_alpha': 0.2414861317568542, 'coalescence_d_scale': 2.6597394806146744, 'capture_scale': 1.9101014809261008}. Best is trial 94 with value: 2.4193650653076473.
[I 2026-05-04 11:53:18,818] Trial 123 finished with value: 2.4758775673684728 and parameters: {'rho_scale': 0.8496953499276587, 'f_n': 1.0196364920341569e-07, 'K_d': 343746.01549358794, 'fission_rate': 7.833688704021106e+19, 'Dg_D1_scale': 2.129287955116955, 'Dg_D3_scale': 0.4928476790225103, 'Dv_D1_scale': 0.24116314024528696, 'Dv_D2_scale': 1.0201284380756086, 'b_bulk_scale': 0.07036986743848199, 'b_dislocation_scale': 1.5738306045366424, 'gb_scale': 0.29567472109336423, 'gd_bubble_scale': 0.6048911910714811, 'gd_line_scale': 5.078767038277227, 'gd_line_alpha': 0.24934813827281474, 'coalescence_d_scale': 1.8971696992032565, 'capture_scale': 1.8187004211914628}. Best is trial 94 with value: 2.4193650653076473.
[I 2026-05-04 11:53:25,027] Trial 124 finished with value: 2.5459217429076193 and parameters: {'rho_scale': 0.8079186078878586, 'f_n': 1.0336681735245536e-07, 'K_d': 342770.9539312654, 'fission_rate': 7.772547678484686e+19, 'Dg_D1_scale': 2.394150502346338, 'Dg_D3_scale': 0.5024990840587339, 'Dv_D1_scale': 0.212991605359903, 'Dv_D2_scale': 1.0482651012533861, 'b_bulk_scale': 0.07270669998116824, 'b_dislocation_scale': 1.5946253503294472, 'gb_scale': 0.4012617913362564, 'gd_bubble_scale': 0.5960472033311895, 'gd_line_scale': 5.454528742289834, 'gd_line_alpha': 0.23846193589204334, 'coalescence_d_scale': 1.6374625517671557, 'capture_scale': 1.9913029585393123}. Best is trial 94 with value: 2.4193650653076473.
[I 2026-05-04 11:53:31,531] Trial 125 finished with value: 2.514300569233015 and parameters: {'rho_scale': 0.8596621559214541, 'f_n': 2.0416752394034328e-07, 'K_d': 376617.7705248409, 'fission_rate': 7.7024894087151e+19, 'Dg_D1_scale': 2.029413815197228, 'Dg_D3_scale': 0.5538850568699996, 'Dv_D1_scale': 0.22810012113182146, 'Dv_D2_scale': 1.1828183219960011, 'b_bulk_scale': 0.08519157794173386, 'b_dislocation_scale': 1.9117405053453826, 'gb_scale': 0.307466088454963, 'gd_bubble_scale': 0.5048345530775573, 'gd_line_scale': 6.962909964709473, 'gd_line_alpha': 0.18854509211467252, 'coalescence_d_scale': 1.8568805626623825, 'capture_scale': 1.6663458568396405}. Best is trial 94 with value: 2.4193650653076473.
[I 2026-05-04 11:53:35,762] Trial 126 finished with value: 2.4947184786860883 and parameters: {'rho_scale': 0.8618160080030485, 'f_n': 1.4700258000633082e-07, 'K_d': 354608.6997345564, 'fission_rate': 7.69816509716653e+19, 'Dg_D1_scale': 2.119405112585096, 'Dg_D3_scale': 0.4559474443593672, 'Dv_D1_scale': 0.22991546741738944, 'Dv_D2_scale': 1.1142117333646746, 'b_bulk_scale': 0.0825218238493075, 'b_dislocation_scale': 1.7818822143355246, 'gb_scale': 0.29548992333094837, 'gd_bubble_scale': 0.5402544631304201, 'gd_line_scale': 6.5018368561422815, 'gd_line_alpha': 0.180059767778328, 'coalescence_d_scale': 1.4098085935644336, 'capture_scale': 3.023976292270308}. Best is trial 94 with value: 2.4193650653076473.
[I 2026-05-04 11:53:42,345] Trial 127 finished with value: 2.599785405031765 and parameters: {'rho_scale': 0.7860286216130238, 'f_n': 8.334371082347199e-08, 'K_d': 345724.5337574318, 'fission_rate': 7.594503225413588e+19, 'Dg_D1_scale': 1.9193208531591812, 'Dg_D3_scale': 0.46280670838516574, 'Dv_D1_scale': 0.25990359695463267, 'Dv_D2_scale': 0.9846470002119817, 'b_bulk_scale': 0.06699761396598193, 'b_dislocation_scale': 1.1425261932863708, 'gb_scale': 0.25187648398241264, 'gd_bubble_scale': 0.9204041975251849, 'gd_line_scale': 6.104067134658422, 'gd_line_alpha': 0.1589497479827779, 'coalescence_d_scale': 1.4271483161542813, 'capture_scale': 3.39442785266534}. Best is trial 94 with value: 2.4193650653076473.Best trial: 94. Best value: 2.41937:  47%|████▋     | 47/100 [04:43<04:56,  5.59s/it]Best trial: 94. Best value: 2.41937:  47%|████▋     | 47/100 [04:43<04:56,  5.59s/it]Best trial: 94. Best value: 2.41937:  48%|████▊     | 48/100 [04:43<05:06,  5.88s/it]                                                                                     Best trial: 94. Best value: 2.41937:  48%|████▊     | 48/100 [04:49<05:06,  5.88s/it]Best trial: 94. Best value: 2.41937:  48%|████▊     | 48/100 [04:49<05:06,  5.88s/it]Best trial: 94. Best value: 2.41937:  49%|████▉     | 49/100 [04:49<05:11,  6.11s/it]                                                                                     Best trial: 94. Best value: 2.41937:  49%|████▉     | 49/100 [04:56<05:11,  6.11s/it]Best trial: 94. Best value: 2.41937:  49%|████▉     | 49/100 [04:56<05:11,  6.11s/it]Best trial: 94. Best value: 2.41937:  50%|█████     | 50/100 [04:56<05:13,  6.27s/it]                                                                                     Best trial: 94. Best value: 2.41937:  50%|█████     | 50/100 [05:01<05:13,  6.27s/it]Best trial: 94. Best value: 2.41937:  50%|█████     | 50/100 [05:02<05:13,  6.27s/it]Best trial: 94. Best value: 2.41937:  51%|█████     | 51/100 [05:02<04:57,  6.07s/it]                                                                                     Best trial: 94. Best value: 2.41937:  51%|█████     | 51/100 [05:06<04:57,  6.07s/it]Best trial: 94. Best value: 2.41937:  51%|█████     | 51/100 [05:06<04:57,  6.07s/it]Best trial: 94. Best value: 2.41937:  52%|█████▏    | 52/100 [05:06<04:26,  5.54s/it]                                                                                     Best trial: 94. Best value: 2.41937:  52%|█████▏    | 52/100 [05:12<04:26,  5.54s/it]Best trial: 94. Best value: 2.41937:  52%|█████▏    | 52/100 [05:12<04:26,  5.54s/it]Best trial: 94. Best value: 2.41937:  53%|█████▎    | 53/100 [05:12<04:35,  5.86s/it]                                                                                     Best trial: 94. Best value: 2.41937:  53%|█████▎    | 53/100 [05:19<04:35,  5.86s/it]Best trial: 94. Best value: 2.41937:  53%|█████▎    | 53/100 [05:20<04:35,  5.86s/it]Best trial: 94. Best value: 2.41937:  54%|█████▍    | 54/100 [05:20<04:46,  6.23s/it]                                                                                     Best trial: 94. Best value: 2.41937:  54%|█████▍    | 54/100 [05:26<04:46,  6.23s/it]Best trial: 94. Best value: 2.41937:  54%|█████▍    | 54/100 [05:26<04:46,  6.23s/it]Best trial: 94. Best value: 2.41937:  55%|█████▌    | 55/100 [05:26<04:48,  6.41s/it]                                                                                     Best trial: 94. Best value: 2.41937:  55%|█████▌    | 55/100 [05:33<04:48,  6.41s/it]Best trial: 94. Best value: 2.41937:  55%|█████▌    | 55/100 [05:33<04:48,  6.41s/it]Best trial: 94. Best value: 2.41937:  56%|█████▌    | 56/100 [05:33<04:44,  6.46s/it]                                                                                     Best trial: 94. Best value: 2.41937:  56%|█████▌    | 56/100 [05:37<04:44,  6.46s/it]Best trial: 94. Best value: 2.41937:  56%|█████▌    | 56/100 [05:38<04:44,  6.46s/it]Best trial: 94. Best value: 2.41937:  57%|█████▋    | 57/100 [05:38<04:13,  5.90s/it]                                                                                     Best trial: 94. Best value: 2.41937:  57%|█████▋    | 57/100 [05:45<04:13,  5.90s/it]Best trial: 94. Best value: 2.41937:  57%|█████▋    | 57/100 [05:45<04:13,  5.90s/it]Best trial: 94. Best value: 2.41937:  58%|█████▊    | 58/100 [05:45<04:23,  6.28s/it]                                                                                     Best trial: 94. Best value: 2.41937:  58%|█████▊    | 58/100 [05:52<04:23,  6.28s/it]Best trial: 94. Best value: 2.41937:  58%|█████▊    | 58/100 [05:52<04:23,  6.28s/it]Best trial: 94. Best value: 2.41937:  59%|█████▉    | 59/100 [05:52<04:29,  6.57s/it]                                                                                     
[I 2026-05-04 11:53:48,974] Trial 128 finished with value: 2.659894353376932 and parameters: {'rho_scale': 0.8396534803217449, 'f_n': 1.468028260615663e-07, 'K_d': 354822.3705172772, 'fission_rate': 7.804031705765134e+19, 'Dg_D1_scale': 1.501060174082787, 'Dg_D3_scale': 0.4463164970732378, 'Dv_D1_scale': 0.2480538495353217, 'Dv_D2_scale': 1.0540358996254093, 'b_bulk_scale': 0.10159732463153835, 'b_dislocation_scale': 1.6803190836343298, 'gb_scale': 0.07391587757151336, 'gd_bubble_scale': 0.38211924931186775, 'gd_line_scale': 5.116642720571372, 'gd_line_alpha': 0.22134014127356483, 'coalescence_d_scale': 1.2841773147820972, 'capture_scale': 2.9656669288163426}. Best is trial 94 with value: 2.4193650653076473.
[I 2026-05-04 11:53:55,634] Trial 129 finished with value: 2.5669501600072726 and parameters: {'rho_scale': 0.8703877745141855, 'f_n': 1.1717513365168405e-07, 'K_d': 337131.3194193977, 'fission_rate': 7.676217201939204e+19, 'Dg_D1_scale': 2.168674028449395, 'Dg_D3_scale': 0.4892815985283155, 'Dv_D1_scale': 0.3151093993250299, 'Dv_D2_scale': 1.4440451000800179, 'b_bulk_scale': 0.060823159309462124, 'b_dislocation_scale': 0.9911352935032344, 'gb_scale': 0.29168659349442455, 'gd_bubble_scale': 0.554057041560461, 'gd_line_scale': 4.3654853313202455, 'gd_line_alpha': 0.10353557847852282, 'coalescence_d_scale': 1.6764278256081198, 'capture_scale': 4.0121190359812005}. Best is trial 94 with value: 2.4193650653076473.
[I 2026-05-04 11:54:01,225] Trial 130 finished with value: 3.2877405067398695 and parameters: {'rho_scale': 0.8971342534685894, 'f_n': 5.571188760167495e-08, 'K_d': 358520.93278025644, 'fission_rate': 7.930690723006512e+19, 'Dg_D1_scale': 2.6439026100771024, 'Dg_D3_scale': 0.3842310254510683, 'Dv_D1_scale': 1.4822670377755716, 'Dv_D2_scale': 0.9385326196805664, 'b_bulk_scale': 0.060444964539423815, 'b_dislocation_scale': 2.3805332846088505, 'gb_scale': 0.4915994453824364, 'gd_bubble_scale': 0.7104160563969875, 'gd_line_scale': 6.450608613917257, 'gd_line_alpha': 0.07401662060635276, 'coalescence_d_scale': 2.4575847347553372, 'capture_scale': 5.198105350842596}. Best is trial 94 with value: 2.4193650653076473.
[I 2026-05-04 11:54:05,541] Trial 131 finished with value: 2.4973795509521475 and parameters: {'rho_scale': 0.8400845306968011, 'f_n': 1.6480070226286317e-07, 'K_d': 374002.5338261354, 'fission_rate': 7.727825048704893e+19, 'Dg_D1_scale': 2.0743979019832777, 'Dg_D3_scale': 0.4221518445927865, 'Dv_D1_scale': 0.2338882515123994, 'Dv_D2_scale': 1.1571436764024066, 'b_bulk_scale': 0.07714733744870603, 'b_dislocation_scale': 1.8547453481283598, 'gb_scale': 0.3072960793309546, 'gd_bubble_scale': 0.5184028770260102, 'gd_line_scale': 7.318023658616984, 'gd_line_alpha': 0.3288834215703307, 'coalescence_d_scale': 1.5277595510488893, 'capture_scale': 1.7512435042471426}. Best is trial 94 with value: 2.4193650653076473.
[I 2026-05-04 11:54:12,124] Trial 132 finished with value: 2.460562570292282 and parameters: {'rho_scale': 0.8235681292550877, 'f_n': 1.929396379266514e-07, 'K_d': 353503.4078820838, 'fission_rate': 7.721867913439158e+19, 'Dg_D1_scale': 1.599666780381771, 'Dg_D3_scale': 0.4285335896804218, 'Dv_D1_scale': 0.20007486274703695, 'Dv_D2_scale': 1.1482006553061845, 'b_bulk_scale': 0.0788897867180559, 'b_dislocation_scale': 1.800333220873126, 'gb_scale': 0.2785486285798385, 'gd_bubble_scale': 0.6313467281558782, 'gd_line_scale': 7.578272921259445, 'gd_line_alpha': 0.33028283041591633, 'coalescence_d_scale': 1.4971895097891166, 'capture_scale': 2.4132052172428238}. Best is trial 94 with value: 2.4193650653076473.
[I 2026-05-04 11:54:19,226] Trial 133 finished with value: 2.5537715690847014 and parameters: {'rho_scale': 0.7630288358871851, 'f_n': 1.6016244300675018e-07, 'K_d': 378826.659907324, 'fission_rate': 7.612181505650088e+19, 'Dg_D1_scale': 1.662905451022123, 'Dg_D3_scale': 0.43662262202490826, 'Dv_D1_scale': 0.20028814090412278, 'Dv_D2_scale': 1.2966586308616, 'b_bulk_scale': 0.0751316464762173, 'b_dislocation_scale': 1.502821709329006, 'gb_scale': 0.2730365368074439, 'gd_bubble_scale': 0.6062114596362423, 'gd_line_scale': 5.653799633835456, 'gd_line_alpha': 0.2887184276017322, 'coalescence_d_scale': 1.2078182221446534, 'capture_scale': 2.5378918845651874}. Best is trial 94 with value: 2.4193650653076473.
[I 2026-05-04 11:54:26,042] Trial 134 finished with value: 2.4938238695785944 and parameters: {'rho_scale': 0.8367990978336078, 'f_n': 9.465068999189033e-08, 'K_d': 370641.44152006705, 'fission_rate': 7.714740501027273e+19, 'Dg_D1_scale': 1.877860213267997, 'Dg_D3_scale': 0.5228935866865962, 'Dv_D1_scale': 0.23042492009032783, 'Dv_D2_scale': 1.1311680294918294, 'b_bulk_scale': 0.08219984618264813, 'b_dislocation_scale': 1.3021562036966414, 'gb_scale': 0.3863861850520195, 'gd_bubble_scale': 0.5286653307500997, 'gd_line_scale': 4.869057002459023, 'gd_line_alpha': 0.20790013526128434, 'coalescence_d_scale': 1.4406098496362376, 'capture_scale': 1.793443704302782}. Best is trial 94 with value: 2.4193650653076473.
[I 2026-05-04 11:54:32,628] Trial 135 finished with value: 2.5567592569409454 and parameters: {'rho_scale': 0.8147103242827691, 'f_n': 9.334459487207161e-08, 'K_d': 388160.2134833997, 'fission_rate': 7.80270126104417e+19, 'Dg_D1_scale': 1.609866414261369, 'Dg_D3_scale': 0.5794200345765537, 'Dv_D1_scale': 0.27232775855954083, 'Dv_D2_scale': 1.1063906337715173, 'b_bulk_scale': 0.09494267457468424, 'b_dislocation_scale': 1.3071685328600555, 'gb_scale': 0.38279750785034095, 'gd_bubble_scale': 0.4106666299032983, 'gd_line_scale': 4.937569380438265, 'gd_line_alpha': 0.1316789964740092, 'coalescence_d_scale': 1.0603913446809894, 'capture_scale': 1.496546900595507}. Best is trial 94 with value: 2.4193650653076473.
[I 2026-05-04 11:54:37,242] Trial 136 finished with value: 2.4597258533770634 and parameters: {'rho_scale': 0.7390465285779179, 'f_n': 1.9537701442532072e-07, 'K_d': 363491.1083839723, 'fission_rate': 7.318392198758599e+19, 'Dg_D1_scale': 1.8821707852986576, 'Dg_D3_scale': 0.5049121630293896, 'Dv_D1_scale': 0.22841564462205877, 'Dv_D2_scale': 0.9975795061485453, 'b_bulk_scale': 0.06536277115377125, 'b_dislocation_scale': 1.1453030138528177, 'gb_scale': 0.22421183549249935, 'gd_bubble_scale': 0.5706213839191556, 'gd_line_scale': 6.332581703618743, 'gd_line_alpha': 0.20558499052197957, 'coalescence_d_scale': 1.8229009655212813, 'capture_scale': 7.479216025290977}. Best is trial 94 with value: 2.4193650653076473.
[I 2026-05-04 11:54:44,407] Trial 137 finished with value: 2.6385476059686854 and parameters: {'rho_scale': 0.7456612582118783, 'f_n': 2.070221030800997e-07, 'K_d': 366167.359607259, 'fission_rate': 7.233623275220209e+19, 'Dg_D1_scale': 1.4186355618555837, 'Dg_D3_scale': 0.514713432483766, 'Dv_D1_scale': 0.2552792394352224, 'Dv_D2_scale': 1.3978103592313729, 'b_bulk_scale': 0.08534161008387404, 'b_dislocation_scale': 1.1151257492393647, 'gb_scale': 0.2223966441153287, 'gd_bubble_scale': 5.38281228938941, 'gd_line_scale': 6.545353348857364, 'gd_line_alpha': 0.20350867049403737, 'coalescence_d_scale': 1.421553552828559, 'capture_scale': 6.633664981355033}. Best is trial 94 with value: 2.4193650653076473.
[I 2026-05-04 11:54:51,649] Trial 138 finished with value: 2.5483480593772025 and parameters: {'rho_scale': 0.7063351564342301, 'f_n': 1.2018457937809719e-07, 'K_d': 354682.56064725487, 'fission_rate': 7.379993007500103e+19, 'Dg_D1_scale': 1.8789209528882733, 'Dg_D3_scale': 0.4703218698750116, 'Dv_D1_scale': 0.2953084303948285, 'Dv_D2_scale': 1.2567539602976383, 'b_bulk_scale': 0.10973646204423734, 'b_dislocation_scale': 0.7735523090501238, 'gb_scale': 0.2705223722801414, 'gd_bubble_scale': 0.4649381647106207, 'gd_line_scale': 3.9996366110250867, 'gd_line_alpha': 0.1805725561415852, 'coalescence_d_scale': 1.808394802270123, 'capture_scale': 2.2545823571360515}. Best is trial 94 with value: 2.4193650653076473.
