[I 2026-05-04 11:07:20,410] Trial 79 finished with value: 5.744671127582327 and parameters: {'rho_scale': 1.080842354669408, 'f_n': 1.888743460429632e-08, 'K_d': 347307.8790075262, 'fission_rate': 7.536738526173323e+19, 'Dg_D1_scale': 2.913110930296939, 'Dg_D3_scale': 0.2586843910038012, 'Dv_D1_scale': 1.1112883843822674, 'Dv_D2_scale': 0.48704357076723376, 'b_bulk_scale': 0.030115617539678886, 'b_dislocation_scale': 2.0450288626358355, 'gb_scale': 0.14682926200092744, 'gd_bubble_scale': 0.26596232993926594, 'gd_line_scale': 8.776000557782442, 'gd_line_alpha': 0.35420821017778203, 'coalescence_d_scale': 5.835910907221789, 'capture_scale': 3.356629707358921}. Best is trial 73 with value: 2.4724721417909015.
Fast trials written to: UN_M7_optuna_v13_rhoSat_partition_results/capture_only/optuna_fast_trials_capture_only.csv
--------------------------------------------------------------------------------------------------------------------------------------------------------------------------
rank |     score |                        label |       f_n |       K_d |     rho_d |      Fdot |    Dv |    Dg |     b |    gb |    gd |  coal |   cap |  swD1600 |   Rd1600 |   NdDrop
--------------------------------------------------------------------------------------------------------------------------------------------------------------------------
   1 |     2.472 | capture_only_v13_trial_00073 |   2.8e-08 |   3.1e+05 |   3.0e+13 |   7.5e+19 |     1 |     1 |     1 |  0.36 |     1 |   3.5 |  0.98 |     2.07 |     81.9 |   -0.389
   2 |     2.495 | capture_only_v13_trial_00060 |   1.6e-07 |   3.1e+05 |   3.0e+13 |   7.2e+19 |     1 |     1 |     1 |  0.23 |     1 |   1.5 |  0.79 |     2.03 |     78.9 |   -0.167
   3 |     2.525 | capture_only_v13_trial_00067 |   7.2e-08 |   3.0e+05 |   3.0e+13 |   7.9e+19 |     1 |     1 |     1 |  0.35 |     1 |   2.8 |   1.1 |     2.49 |     83.8 |   -0.349
   4 |     2.557 | capture_only_v13_trial_00074 |   4.0e-08 |   3.0e+05 |   3.0e+13 |   7.5e+19 |     1 |     1 |     1 |  0.19 |     1 |   3.1 |   1.1 |     2.92 |     94.6 |   -0.384
   5 |     2.567 | capture_only_v13_trial_00072 |   2.7e-08 |   3.1e+05 |   3.0e+13 |   7.5e+19 |     1 |     1 |     1 |  0.21 |     1 |   3.2 |   1.1 |      1.8 |     76.4 |   -0.323
   6 |     2.586 | capture_only_v13_trial_00065 |   2.7e-07 |   3.0e+05 |   3.0e+13 |   7.8e+19 |     1 |     1 |     1 |  0.38 |     1 |   1.7 |     1 |     1.59 |     68.9 |   -0.159
   7 |     2.591 | capture_only_v13_trial_00066 |   7.2e-08 |   3.0e+05 |   3.0e+13 |   7.8e+19 |     1 |     1 |     1 |  0.36 |     1 |   2.5 |   1.1 |     2.86 |     88.4 |   -0.328
   8 |     2.643 | capture_only_v13_trial_00075 |   3.1e-08 |   3.1e+05 |   3.0e+13 |   7.4e+19 |     1 |     1 |     1 |  0.19 |     1 |   3.5 |   1.1 |     2.71 |       92 |   -0.436
   9 |     2.646 | capture_only_v13_trial_00062 |   5.6e-07 |   3.2e+05 |   3.0e+13 |   7.5e+19 |     1 |     1 |     1 |  0.34 |     1 |  0.75 |  0.88 |     1.52 |     67.7 |  -0.0561
  10 |     2.657 | capture_only_v13_trial_00064 |   1.1e-07 |   3.3e+05 |   3.0e+13 |   7.6e+19 |     1 |     1 |     1 |  0.38 |     1 |  0.59 |  0.91 |     1.96 |     73.3 |  -0.0553
  11 |     2.658 | capture_only_v13_trial_00058 |   2.5e-07 |   3.2e+05 |   3.0e+13 |   6.7e+19 |     1 |     1 |     1 |  0.41 |     1 |  0.78 |   0.8 |     1.46 |     68.2 |  -0.0555
  12 |     2.667 | capture_only_v13_trial_00069 |   1.4e-07 |   3.1e+05 |   3.0e+13 |   8.0e+19 |     1 |     1 |     1 |  0.31 |     1 |   2.6 |   1.6 |     1.77 |     68.7 |   -0.269
  13 |      2.68 | capture_only_v13_trial_00071 |   7.6e-08 |   3.1e+05 |   3.0e+13 |   8.0e+19 |     1 |     1 |     1 |  0.34 |     1 |   3.1 |   1.5 |     2.02 |       73 |   -0.378
  14 |     2.686 | capture_only_v13_trial_00057 |   2.6e-07 |   3.3e+05 |   3.0e+13 |   6.7e+19 |     1 |     1 |     1 |  0.41 |     1 |  0.83 |   0.8 |     1.43 |     66.9 |  -0.0579
  15 |     2.694 | capture_only_v13_trial_00051 |   1.7e-06 |   3.2e+05 |   3.0e+13 |   6.9e+19 |     1 |     1 |     1 |  0.55 |     1 |  0.96 |  0.18 |     1.34 |     71.3 |  -0.0651
--------------------------------------------------------------------------------------------------------------------------------------------------------------------------
Final rows written to: UN_M7_optuna_v13_rhoSat_partition_results/capture_only/optuna_final_top_capture_only.csv
--------------------------------------------------------------------------------------------------------------------------------------------------------------------------
rank |     score |                        label |       f_n |       K_d |     rho_d |      Fdot |    Dv |    Dg |     b |    gb |    gd |  coal |   cap |  swD1600 |   Rd1600 |   NdDrop
--------------------------------------------------------------------------------------------------------------------------------------------------------------------------
   1 |     2.501 | FINAL_rank2_capture_only_capture_only_v13_trial_00060 |   1.6e-07 |   3.1e+05 |   3.0e+13 |   7.2e+19 |     1 |     1 |     1 |  0.23 |     1 |   1.5 |  0.79 |     1.99 |     78.3 |    -0.16
   2 |     2.533 | FINAL_rank3_capture_only_capture_only_v13_trial_00067 |   7.2e-08 |   3.0e+05 |   3.0e+13 |   7.9e+19 |     1 |     1 |     1 |  0.35 |     1 |   2.8 |   1.1 |     2.44 |       83 |   -0.335
   3 |     2.563 | FINAL_rank1_capture_only_capture_only_v13_trial_00073 |   2.8e-08 |   3.1e+05 |   3.0e+13 |   7.5e+19 |     1 |     1 |     1 |  0.36 |     1 |   3.5 |  0.98 |     2.01 |     80.9 |   -0.366
--------------------------------------------------------------------------------------------------------------------------------------------------------------------------

============================================================================================================================================
CAPTURE CHECK: best_capture_only_rank1_FINAL_rank2_capture_only_capture_only_v13_trial_00060, T=1600.0, burnup=3.2
============================================================================================================================================
f_cap_step is the physical clipped per-step fraction and must be <= 1.
capture_fraction_sum can exceed 1 because it is a diagnostic sum, not a physical fraction.
--------------------------------------------------------------------------------------------------------------------------------------------
final f_cap_step       = 4.637027e-06
max f_cap_step         = 2.757523e-05
final cap_raw_step     = 4.637027e-06
capture_fraction_sum   = 8.611140e-02
capture_raw_sum        = 8.611140e-02
captured bubbles cum.  = 7.929814e+19 m^-3
============================================================================================================================================

============================================================================================================================================
DIAGNOSTICS FOR best_capture_only_rank1
============================================================================================================================================
{'label': 'best_capture_only_rank1_FINAL_rank2_capture_only_capture_only_v13_trial_00060', 'f_n': 1.645353997910625e-07, 'K_d': 314033.633630721, 'rho_d': 30000000000000.0, 'fission_rate': 7.243158155244554e+19, 'Dv_scale': 1.0, 'Dg_scale': 1.0, 'b_scale': 1.0, 'gb_scale': 0.2311641179097058, 'gd_scale': 1.0, 'coalescence_d_scale': 1.4781826885707126, 'capture_scale': 0.7933517943316143, 'D2_xe_scale': 1.0, 'Dg_D1_scale': 1.8729849125191822, 'Dg_D3_scale': 0.3946885869273518, 'Dv_D1_scale': 0.2523873619672811, 'Dv_D2_scale': 0.43144442003074046, 'b_bulk_scale': 0.033656325471701797, 'b_dislocation_scale': 1.1620769199002725, 'gd_bubble_scale': 0.5638888753718098, 'gd_line_scale': 4.797595294456509, 'gd_line_alpha': 0.33388982377157367, 'family': 'capture_only'}
============================================================================================================================================

============================================================================================================================================
CAPTURE CHECK: best_capture_only_rank2_FINAL_rank3_capture_only_capture_only_v13_trial_00067, T=1600.0, burnup=3.2
============================================================================================================================================
f_cap_step is the physical clipped per-step fraction and must be <= 1.
capture_fraction_sum can exceed 1 because it is a diagnostic sum, not a physical fraction.
--------------------------------------------------------------------------------------------------------------------------------------------
final f_cap_step       = 2.004347e-05
max f_cap_step         = 4.767886e-05
final cap_raw_step     = 2.004347e-05
capture_fraction_sum   = 1.569762e-01
capture_raw_sum        = 1.569762e-01
captured bubbles cum.  = 4.131767e+19 m^-3
============================================================================================================================================

============================================================================================================================================
DIAGNOSTICS FOR best_capture_only_rank2
============================================================================================================================================
{'label': 'best_capture_only_rank2_FINAL_rank3_capture_only_capture_only_v13_trial_00067', 'f_n': 7.233103734209615e-08, 'K_d': 301011.19930500875, 'rho_d': 30000000000000.0, 'fission_rate': 7.884943778023768e+19, 'Dv_scale': 1.0, 'Dg_scale': 1.0, 'b_scale': 1.0, 'gb_scale': 0.3547207691511178, 'gd_scale': 1.0, 'coalescence_d_scale': 2.8157307458111704, 'capture_scale': 1.0632326354997426, 'D2_xe_scale': 1.0, 'Dg_D1_scale': 3.4438153023432343, 'Dg_D3_scale': 0.2074552799767011, 'Dv_D1_scale': 0.21718145201409966, 'Dv_D2_scale': 0.5362606026079854, 'b_bulk_scale': 0.03244128176272747, 'b_dislocation_scale': 2.095462732867641, 'gd_bubble_scale': 0.4828836743921956, 'gd_line_scale': 7.963872464044033, 'gd_line_alpha': 0.25481190307294427, 'family': 'capture_only'}
============================================================================================================================================

============================================================================================================================================
CAPTURE CHECK: best_capture_only_rank3_FINAL_rank1_capture_only_capture_only_v13_trial_00073, T=1600.0, burnup=3.2
============================================================================================================================================
f_cap_step is the physical clipped per-step fraction and must be <= 1.
capture_fraction_sum can exceed 1 because it is a diagnostic sum, not a physical fraction.
--------------------------------------------------------------------------------------------------------------------------------------------
final f_cap_step       = 1.440015e-05
max f_cap_step         = 4.287421e-05
final cap_raw_step     = 1.440015e-05
capture_fraction_sum   = 1.366630e-01
capture_raw_sum        = 1.366630e-01
captured bubbles cum.  = 3.096086e+19 m^-3
============================================================================================================================================

============================================================================================================================================
DIAGNOSTICS FOR best_capture_only_rank3
============================================================================================================================================
{'label': 'best_capture_only_rank3_FINAL_rank1_capture_only_capture_only_v13_trial_00073', 'f_n': 2.835418070772067e-08, 'K_d': 306271.5128194297, 'rho_d': 30000000000000.0, 'fission_rate': 7.518437930887828e+19, 'Dv_scale': 1.0, 'Dg_scale': 1.0, 'b_scale': 1.0, 'gb_scale': 0.3587710508727087, 'gd_scale': 1.0, 'coalescence_d_scale': 3.496489887240799, 'capture_scale': 0.9776939159511738, 'D2_xe_scale': 1.0, 'Dg_D1_scale': 3.0371194516650992, 'Dg_D3_scale': 0.4414158087486828, 'Dv_D1_scale': 0.2169520194422613, 'Dv_D2_scale': 0.6706544216648244, 'b_bulk_scale': 0.044081888683208906, 'b_dislocation_scale': 2.304988643053151, 'gd_bubble_scale': 0.6570653421181113, 'gd_line_scale': 6.011349040343288, 'gd_line_alpha': 0.32991430135535854, 'family': 'capture_only'}
============================================================================================================================================
Summary written to: UN_M7_optuna_v13_rhoSat_partition_results/capture_only/optuna_summary_capture_only.md
[I 2026-05-04 11:48:58,703] Using an existing study with name 'UN_M7_capture_only' instead of creating a new one.
[I 2026-05-04 11:48:59,203] Trial with params {'f_n': 4.7e-08, 'K_d': 575000.0, 'rho_d': 30400000000000.0, 'fission_rate': 4.76e+19, 'Dv_scale': 0.591, 'Dg_scale': 0.552, 'D2_xe_scale': 1.0, 'b_scale': 0.233, 'gb_scale': 1.588, 'gd_scale': 0.328, 'coalescence_d_scale': 8.15, 'capture_scale': 2.97} already exists. Skipping enqueue.
[I 2026-05-04 11:48:59,206] Trial with params {'f_n': 1e-08, 'K_d': 800000.0, 'rho_d': 10000000000000.0, 'fission_rate': 7.5e+19, 'Dv_scale': 3.0, 'Dg_scale': 0.5, 'D2_xe_scale': 1.0, 'b_scale': 0.3, 'gb_scale': 1.0, 'gd_scale': 1.0, 'coalescence_d_scale': 1.0, 'capture_scale': 0.3} already exists. Skipping enqueue.
[I 2026-05-04 11:48:59,208] Trial with params {'f_n': 1e-06, 'K_d': 500000.0, 'rho_d': 30000000000000.0, 'fission_rate': 5e+19, 'Dv_scale': 1.0, 'Dg_scale': 1.0, 'D2_xe_scale': 1.0, 'b_scale': 1.0, 'gb_scale': 1.0, 'gd_scale': 1.0, 'coalescence_d_scale': 1.0, 'capture_scale': 1.0} already exists. Skipping enqueue.
[I 2026-05-04 11:48:59,211] Trial with params {'f_n': 1.3333e-08, 'K_d': 714300.0, 'rho_d': 46135000000000.0, 'fission_rate': 4.9558e+19, 'Dv_scale': 0.05, 'Dg_scale': 2.012, 'D2_xe_scale': 1.0, 'b_scale': 1.181, 'gb_scale': 0.8994, 'gd_scale': 3.641, 'coalescence_d_scale': 10.99, 'capture_scale': 3.247} already exists. Skipping enqueue.
[I 2026-05-04 11:48:59,213] Trial with params {'f_n': 2.5466e-07, 'K_d': 648460.0, 'rho_d': 35350000000000.0, 'fission_rate': 7.4799e+19, 'Dv_scale': 1.0, 'Dg_scale': 0.5333, 'D2_xe_scale': 1.0, 'b_scale': 3.066, 'gb_scale': 0.4625, 'gd_scale': 4.507, 'coalescence_d_scale': 6.997, 'capture_scale': 0.1401} already exists. Skipping enqueue.
[I 2026-05-04 11:48:59,216] Trial with params {'f_n': 1.9043e-07, 'K_d': 633680.0, 'rho_d': 48099000000000.0, 'fission_rate': 6.8347e+19, 'Dv_scale': 1.0, 'Dg_scale': 0.3921, 'D2_xe_scale': 1.0, 'b_scale': 3.704, 'gb_scale': 0.3881, 'gd_scale': 3.375, 'coalescence_d_scale': 7.005, 'capture_scale': 0.0608} already exists. Skipping enqueue.
[I 2026-05-04 11:48:59,223] Trial with params {'f_n': 1.3237e-08, 'K_d': 558920.0, 'rho_d': 24815000000000.0, 'fission_rate': 7.6621e+19, 'Dv_scale': 0.5, 'Dg_scale': 1.307, 'D2_xe_scale': 1.0, 'b_scale': 1.296, 'gb_scale': 0.4151, 'gd_scale': 1.963, 'coalescence_d_scale': 9.772, 'capture_scale': 0.1557} already exists. Skipping enqueue.
[I 2026-05-04 11:48:59,227] Trial with params {'f_n': 2.940436e-07, 'K_d': 1033314.0, 'rho_d': 12059490000000.0, 'fission_rate': 6.730293e+19, 'Dv_scale': 0.227099, 'Dg_scale': 2.163517, 'D2_xe_scale': 0.112489, 'b_scale': 0.09929, 'gb_scale': 1.445601, 'gd_scale': 4.396731, 'coalescence_d_scale': 3.880728, 'capture_scale': 0.024136} already exists. Skipping enqueue.
[I 2026-05-04 11:48:59,232] Trial with params {'f_n': 5.96478e-07, 'K_d': 1198283.0, 'rho_d': 9976134000000.0, 'fission_rate': 6.685431e+19, 'Dv_scale': 0.239374, 'Dg_scale': 2.580361, 'D2_xe_scale': 0.119911, 'b_scale': 0.115218, 'gb_scale': 1.009685, 'gd_scale': 4.737461, 'coalescence_d_scale': 2.916475, 'capture_scale': 0.027787} already exists. Skipping enqueue.
[I 2026-05-04 11:48:59,237] Trial with params {'f_n': 7.392651e-07, 'K_d': 1166892.0, 'rho_d': 11803530000000.0, 'fission_rate': 6.574543e+19, 'Dv_scale': 0.221547, 'Dg_scale': 2.170761, 'D2_xe_scale': 0.149876, 'b_scale': 0.126114, 'gb_scale': 1.30495, 'gd_scale': 5.541092, 'coalescence_d_scale': 2.726375, 'capture_scale': 0.023283} already exists. Skipping enqueue.
[I 2026-05-04 11:48:59,240] Trial with params {'rho_scale': 1.0, 'K_d': 500000.0} already exists. Skipping enqueue.
[I 2026-05-04 11:48:59,242] Trial with params {'rho_scale': 0.75, 'K_d': 350000.0} already exists. Skipping enqueue.
[I 2026-05-04 11:48:59,243] Trial with params {'rho_scale': 1.25, 'K_d': 500000.0} already exists. Skipping enqueue.
########################################################################################################################
V13 rhoSat + gas-to-grain-face + high-T dislocation plateau settings
family                         = capture_only
rhoFT2 enabled                 = True
rho_scale range                 = 0.5 -- 2
rho T shape                     = saturating Ray-Blank fit normalized at 1025 K
K_d range                       = 300000 -- 800000
direct exp weights              = sw 1.0, Rd 0.9, Nd 0.4, Nd-drop 1.0
v13 partition/qgb weights       = 0.95 / 1.2
v13 Nd highT target weight      = 0.8
qgb max low-mid/high            = 18.0 / 22.0
Fig8 disl/bulk radius weights   = 0.75 / 0.04
Fig6 burnup weight              = 0.02
output dir                      = UN_M7_optuna_v13_rhoSat_partition_results/capture_only
########################################################################################################################
########################################################################################################################
OPTUNA CALIBRATION: capture_only
########################################################################################################################
Output dir        = UN_M7_optuna_v13_rhoSat_partition_results/capture_only
Trials requested  = 100
FAST dt/modes     = 12 h / 22
FINAL dt/modes    = 1 h / 40
Pressure weight   = 0.22; free factor = 3
D2 Xe             = included, with D2_xe_scale
Coalescence       = active, scale never zero
Family switches   = phi_gas:False, nuc_mass:False, capture:True
########################################################################################################################
