[I 2026-05-04 10:37:09,616] Trial 16 finished with value: 5.2030130322878865 and parameters: {'rho_scale': 1.2724494279099858, 'f_n': 4.357417132033084e-08, 'K_d': 429911.4797617362, 'fission_rate': 7.909134504012789e+19, 'Dg_D1_scale': 0.5082896444636991, 'Dg_D3_scale': 0.436577257682838, 'Dv_D1_scale': 0.42645739845599867, 'Dv_D2_scale': 2.5821556639553016, 'b_bulk_scale': 0.23243702188263515, 'b_dislocation_scale': 1.3610082380277906, 'gb_scale': 0.18098590949577162, 'gd_bubble_scale': 3.7559679316087577, 'gd_line_scale': 0.05370389481755593, 'gd_line_alpha': 0.5493633867613761, 'coalescence_d_scale': 0.41579774246146756, 'capture_scale': 1.3090276376008645}. Best is trial 12 with value: 3.206382582301697.
[I 2026-05-04 10:37:16,729] Trial 17 finished with value: 3.569393836738541 and parameters: {'rho_scale': 1.2608784284299377, 'f_n': 6.881406226982156e-10, 'K_d': 731725.2847711944, 'fission_rate': 7.228974546867156e+19, 'Dg_D1_scale': 0.1618273496732479, 'Dg_D3_scale': 0.8794900766495606, 'Dv_D1_scale': 1.0662058594694943, 'Dv_D2_scale': 1.5605861834592862, 'b_bulk_scale': 0.3837690331619293, 'b_dislocation_scale': 2.302182868216011, 'gb_scale': 2.3390316789985413, 'gd_bubble_scale': 9.438131237513698, 'gd_line_scale': 1.2357567781913412, 'gd_line_alpha': 0.9845085737397505, 'coalescence_d_scale': 1.8202835269937476, 'capture_scale': 0.09210450828087582}. Best is trial 12 with value: 3.206382582301697.
[I 2026-05-04 10:37:25,222] Trial 18 finished with value: 3.4747552158418973 and parameters: {'rho_scale': 0.8306505463090168, 'f_n': 5.666422075496584e-09, 'K_d': 452874.392233648, 'fission_rate': 6.238259052603992e+19, 'Dg_D1_scale': 0.3204575311591863, 'Dg_D3_scale': 3.4811977937341276, 'Dv_D1_scale': 0.3269141996822213, 'Dv_D2_scale': 1.612327699766991, 'b_bulk_scale': 0.10488542788254165, 'b_dislocation_scale': 0.7935331193586045, 'gb_scale': 3.415780415203223, 'gd_bubble_scale': 0.5257546445473477, 'gd_line_scale': 8.843064936110176, 'gd_line_alpha': 0.8283748886435379, 'coalescence_d_scale': 0.6111388672728036, 'capture_scale': 0.010132055587251807}. Best is trial 12 with value: 3.206382582301697.
[I 2026-05-04 10:37:30,621] Trial 19 finished with value: 2.9203551744644445 and parameters: {'rho_scale': 0.5901941987701076, 'f_n': 3.8129097173354105e-08, 'K_d': 446186.4889384602, 'fission_rate': 6.220721186420538e+19, 'Dg_D1_scale': 0.306734764423303, 'Dg_D3_scale': 2.0782242339694106, 'Dv_D1_scale': 0.31491206265697924, 'Dv_D2_scale': 0.6146780490573155, 'b_bulk_scale': 0.08780052183226376, 'b_dislocation_scale': 0.32533328825869223, 'gb_scale': 7.210405727617785, 'gd_bubble_scale': 0.1201476380964746, 'gd_line_scale': 6.132125930833556, 'gd_line_alpha': 0.7802346887691747, 'coalescence_d_scale': 0.2640091901527924, 'capture_scale': 0.01033740169520341}. Best is trial 19 with value: 2.9203551744644445.
[I 2026-05-04 10:37:38,380] Trial 20 finished with value: 3.2655645920979284 and parameters: {'rho_scale': 0.5254203301729163, 'f_n': 4.7409449033236414e-08, 'K_d': 440996.36844174034, 'fission_rate': 5.4578654235710956e+19, 'Dg_D1_scale': 0.24854254297684875, 'Dg_D3_scale': 2.234775786645075, 'Dv_D1_scale': 0.3100773396564591, 'Dv_D2_scale': 0.7977688742138297, 'b_bulk_scale': 0.05183762730969225, 'b_dislocation_scale': 0.2600431784334059, 'gb_scale': 7.806372968107192, 'gd_bubble_scale': 0.05536776542883804, 'gd_line_scale': 4.409526757844135, 'gd_line_alpha': 0.755040964704925, 'coalescence_d_scale': 0.10598917220700058, 'capture_scale': 2.054381026838995}. Best is trial 19 with value: 2.9203551744644445.
[I 2026-05-04 10:37:45,540] Trial 21 finished with value: 3.6095052065265905 and parameters: {'rho_scale': 0.5281580947347402, 'f_n': 5.720196986381005e-08, 'K_d': 445126.3268412566, 'fission_rate': 5.498125385130303e+19, 'Dg_D1_scale': 0.2568275378168359, 'Dg_D3_scale': 2.1412832115198785, 'Dv_D1_scale': 0.32871021292016506, 'Dv_D2_scale': 0.6688516572650167, 'b_bulk_scale': 0.04457108591432266, 'b_dislocation_scale': 0.293728020012895, 'gb_scale': 7.473754045842245, 'gd_bubble_scale': 0.055400560286869266, 'gd_line_scale': 3.9590985131376657, 'gd_line_alpha': 0.7171095469476464, 'coalescence_d_scale': 0.10856173640447517, 'capture_scale': 2.4529108205337984}. Best is trial 19 with value: 2.9203551744644445.
[I 2026-05-04 10:37:55,232] Trial 22 finished with value: 3.269374998980125 and parameters: {'rho_scale': 0.6005077661200606, 'f_n': 8.478534039849453e-08, 'K_d': 400387.39117546915, 'fission_rate': 4.076459185409462e+19, 'Dg_D1_scale': 0.2753747212213419, 'Dg_D3_scale': 2.1691892106584896, 'Dv_D1_scale': 0.26372565236902024, 'Dv_D2_scale': 0.737491571741783, 'b_bulk_scale': 0.07855160080145765, 'b_dislocation_scale': 0.1660126841330942, 'gb_scale': 4.3467526748769965, 'gd_bubble_scale': 0.10219318976402125, 'gd_line_scale': 5.92810165340229, 'gd_line_alpha': 0.855718920791009, 'coalescence_d_scale': 0.26622878952908086, 'capture_scale': 1.663330768817905}. Best is trial 19 with value: 2.9203551744644445.
[I 2026-05-04 10:38:00,747] Trial 23 finished with value: 4.050530266950519 and parameters: {'rho_scale': 0.5818968447979075, 'f_n': 2.7655254147133683e-08, 'K_d': 535919.2214014749, 'fission_rate': 6.1076488929117635e+19, 'Dg_D1_scale': 0.21812006368399925, 'Dg_D3_scale': 1.8391997623573861, 'Dv_D1_scale': 0.41114952673801936, 'Dv_D2_scale': 0.47114612147810603, 'b_bulk_scale': 0.054536887577448165, 'b_dislocation_scale': 0.38814830446719817, 'gb_scale': 7.463128887326116, 'gd_bubble_scale': 0.1285627808269882, 'gd_line_scale': 2.8155753620612307, 'gd_line_alpha': 0.537073509440937, 'coalescence_d_scale': 0.10897388789483257, 'capture_scale': 6.395335587837474}. Best is trial 19 with value: 2.9203551744644445.
[I 2026-05-04 10:38:08,231] Trial 24 finished with value: 3.3149565483554726 and parameters: {'rho_scale': 0.6717269975660739, 'f_n': 1.0076050647159154e-07, 'K_d': 459417.4112775277, 'fission_rate': 5.252170276681424e+19, 'Dg_D1_scale': 0.42961441862294664, 'Dg_D3_scale': 1.080247938837412, 'Dv_D1_scale': 0.6603429000156842, 'Dv_D2_scale': 0.3426285704868164, 'b_bulk_scale': 0.031175025465386485, 'b_dislocation_scale': 0.1976725588984974, 'gb_scale': 2.4021517046903975, 'gd_bubble_scale': 0.0874480875417972, 'gd_line_scale': 2.0676831872365735, 'gd_line_alpha': 0.7626206360971299, 'coalescence_d_scale': 0.2692223476320111, 'capture_scale': 0.5970901343425133}. Best is trial 19 with value: 2.9203551744644445.Best trial: 19. Best value: 2.92036:  80%|████████  | 24/30 [03:03<00:43,  7.20s/it]Best trial: 19. Best value: 2.92036:  80%|████████  | 24/30 [03:03<00:43,  7.20s/it]Best trial: 19. Best value: 2.92036:  83%|████████▎ | 25/30 [03:03<00:36,  7.29s/it]                                                                                    Best trial: 19. Best value: 2.92036:  83%|████████▎ | 25/30 [03:15<00:36,  7.29s/it]Best trial: 19. Best value: 2.92036:  83%|████████▎ | 25/30 [03:15<00:36,  7.29s/it]Best trial: 19. Best value: 2.92036:  87%|████████▋ | 26/30 [03:15<00:33,  8.46s/it]                                                                                    Best trial: 19. Best value: 2.92036:  87%|████████▋ | 26/30 [03:24<00:33,  8.46s/it]Best trial: 19. Best value: 2.92036:  87%|████████▋ | 26/30 [03:24<00:33,  8.46s/it]Best trial: 19. Best value: 2.92036:  90%|█████████ | 27/30 [03:24<00:26,  8.67s/it]                                                                                    Best trial: 19. Best value: 2.92036:  90%|█████████ | 27/30 [03:35<00:26,  8.67s/it]Best trial: 19. Best value: 2.92036:  90%|█████████ | 27/30 [03:35<00:26,  8.67s/it]Best trial: 19. Best value: 2.92036:  93%|█████████▎| 28/30 [03:35<00:19,  9.54s/it]                                                                                    Best trial: 19. Best value: 2.92036:  93%|█████████▎| 28/30 [03:46<00:19,  9.54s/it]Best trial: 19. Best value: 2.92036:  93%|█████████▎| 28/30 [03:46<00:19,  9.54s/it]Best trial: 19. Best value: 2.92036:  97%|█████████▋| 29/30 [03:46<00:09,  9.91s/it]                                                                                    Best trial: 19. Best value: 2.92036:  97%|█████████▋| 29/30 [03:52<00:09,  9.91s/it]Best trial: 19. Best value: 2.92036:  97%|█████████▋| 29/30 [03:52<00:09,  9.91s/it]Best trial: 19. Best value: 2.92036: 100%|██████████| 30/30 [03:52<00:00,  8.73s/it]Best trial: 19. Best value: 2.92036: 100%|██████████| 30/30 [03:52<00:00,  7.75s/it]

[I 2026-05-04 10:38:19,431] Trial 25 finished with value: 3.055179563706027 and parameters: {'rho_scale': 0.5624194671966929, 'f_n': 1.986174958666986e-06, 'K_d': 412837.7712999809, 'fission_rate': 4.490151756691985e+19, 'Dg_D1_scale': 0.5613530810418685, 'Dg_D3_scale': 3.6360101187506992, 'Dv_D1_scale': 0.3877766603319124, 'Dv_D2_scale': 0.8589222609481455, 'b_bulk_scale': 0.13124687490275924, 'b_dislocation_scale': 0.10494895680866513, 'gb_scale': 7.6320589313187455, 'gd_bubble_scale': 0.17249173645668134, 'gd_line_scale': 5.2825318563128905, 'gd_line_alpha': 0.6460142484601605, 'coalescence_d_scale': 0.20830836595930416, 'capture_scale': 1.8899965062740633}. Best is trial 19 with value: 2.9203551744644445.
[I 2026-05-04 10:38:28,603] Trial 26 finished with value: 4.287902287601674 and parameters: {'rho_scale': 0.7697290092701659, 'f_n': 1.1281645100963004e-10, 'K_d': 337926.88665284595, 'fission_rate': 4.391100993532545e+19, 'Dg_D1_scale': 0.6522696976322273, 'Dg_D3_scale': 3.9913724245602693, 'Dv_D1_scale': 0.40101331981456545, 'Dv_D2_scale': 1.3318780207582697, 'b_bulk_scale': 0.13492733437761598, 'b_dislocation_scale': 0.09319839682525712, 'gb_scale': 2.448939199057262, 'gd_bubble_scale': 0.24289973862184286, 'gd_line_scale': 9.715983347334822, 'gd_line_alpha': 0.6409746122023265, 'coalescence_d_scale': 0.6661620235807507, 'capture_scale': 0.010603077342466504}. Best is trial 19 with value: 2.9203551744644445.
[I 2026-05-04 10:38:40,156] Trial 27 finished with value: 3.6196240162787876 and parameters: {'rho_scale': 0.5775537466290995, 'f_n': 1.4160518650359166e-06, 'K_d': 406294.8479971601, 'fission_rate': 4.398517231721156e+19, 'Dg_D1_scale': 0.8655985312940906, 'Dg_D3_scale': 2.6792133736451724, 'Dv_D1_scale': 0.2061723929033242, 'Dv_D2_scale': 0.6092554297110879, 'b_bulk_scale': 0.25515711056658685, 'b_dislocation_scale': 0.033809064018514565, 'gb_scale': 4.2068724531658885, 'gd_bubble_scale': 0.3682948945680378, 'gd_line_scale': 5.9792422523399775, 'gd_line_alpha': 0.1919296142976875, 'coalescence_d_scale': 0.3083246427601573, 'capture_scale': 4.476060180359204}. Best is trial 19 with value: 2.9203551744644445.
[I 2026-05-04 10:38:50,924] Trial 28 finished with value: 3.2329290522374 and parameters: {'rho_scale': 0.6436382112068189, 'f_n': 2.482763989931853e-06, 'K_d': 481807.97923751996, 'fission_rate': 4.690393616899095e+19, 'Dg_D1_scale': 0.518227276602987, 'Dg_D3_scale': 3.376993207503263, 'Dv_D1_scale': 0.6248322136280325, 'Dv_D2_scale': 0.916924281051639, 'b_bulk_scale': 0.10995819556708586, 'b_dislocation_scale': 0.11632940777953522, 'gb_scale': 3.1576365954607057, 'gd_bubble_scale': 0.14163163276280685, 'gd_line_scale': 2.8645276382105207, 'gd_line_alpha': 0.4499189708529573, 'coalescence_d_scale': 0.16693617295682944, 'capture_scale': 0.04678116218241409}. Best is trial 19 with value: 2.9203551744644445.
