  0%|          | 0/100 [00:00<?, ?it/s]                                         0%|          | 0/100 [00:07<?, ?it/s]Best trial: 73. Best value: 2.47247:   0%|          | 0/100 [00:07<?, ?it/s]Best trial: 73. Best value: 2.47247:   1%|          | 1/100 [00:07<12:09,  7.37s/it]                                                                                    Best trial: 73. Best value: 2.47247:   1%|          | 1/100 [00:11<12:09,  7.37s/it]Best trial: 73. Best value: 2.47247:   1%|          | 1/100 [00:11<12:09,  7.37s/it]Best trial: 73. Best value: 2.47247:   2%|▏         | 2/100 [00:11<09:05,  5.56s/it]                                                                                    Best trial: 73. Best value: 2.47247:   2%|▏         | 2/100 [00:18<09:05,  5.56s/it]Best trial: 73. Best value: 2.47247:   2%|▏         | 2/100 [00:18<09:05,  5.56s/it]Best trial: 73. Best value: 2.47247:   3%|▎         | 3/100 [00:18<09:52,  6.10s/it]                                                                                    Best trial: 73. Best value: 2.47247:   3%|▎         | 3/100 [00:24<09:52,  6.10s/it]Best trial: 73. Best value: 2.47247:   3%|▎         | 3/100 [00:24<09:52,  6.10s/it]Best trial: 73. Best value: 2.47247:   4%|▍         | 4/100 [00:24<10:03,  6.29s/it]                                                                                    Best trial: 73. Best value: 2.47247:   4%|▍         | 4/100 [00:31<10:03,  6.29s/it]Best trial: 73. Best value: 2.47247:   4%|▍         | 4/100 [00:31<10:03,  6.29s/it]Best trial: 73. Best value: 2.47247:   5%|▌         | 5/100 [00:31<10:21,  6.55s/it]                                                                                    Best trial: 73. Best value: 2.47247:   5%|▌         | 5/100 [00:35<10:21,  6.55s/it]Best trial: 73. Best value: 2.47247:   5%|▌         | 5/100 [00:35<10:21,  6.55s/it]Best trial: 73. Best value: 2.47247:   6%|▌         | 6/100 [00:35<08:42,  5.56s/it]                                                                                    Best trial: 73. Best value: 2.47247:   6%|▌         | 6/100 [00:39<08:42,  5.56s/it]Best trial: 73. Best value: 2.47247:   6%|▌         | 6/100 [00:40<08:42,  5.56s/it]Best trial: 73. Best value: 2.47247:   7%|▋         | 7/100 [00:40<08:01,  5.18s/it]                                                                                    Best trial: 73. Best value: 2.47247:   7%|▋         | 7/100 [00:46<08:01,  5.18s/it]Best trial: 73. Best value: 2.47247:   7%|▋         | 7/100 [00:46<08:01,  5.18s/it]Best trial: 73. Best value: 2.47247:   8%|▊         | 8/100 [00:46<08:41,  5.67s/it]                                                                                    Best trial: 73. Best value: 2.47247:   8%|▊         | 8/100 [00:53<08:41,  5.67s/it]Best trial: 73. Best value: 2.47247:   8%|▊         | 8/100 [00:53<08:41,  5.67s/it]Best trial: 73. Best value: 2.47247:   9%|▉         | 9/100 [00:53<09:17,  6.12s/it]                                                                                    Best trial: 73. Best value: 2.47247:   9%|▉         | 9/100 [01:01<09:17,  6.12s/it]Best trial: 73. Best value: 2.47247:   9%|▉         | 9/100 [01:01<09:17,  6.12s/it]Best trial: 73. Best value: 2.47247:  10%|█         | 10/100 [01:01<09:45,  6.51s/it]                                                                                     Best trial: 73. Best value: 2.47247:  10%|█         | 10/100 [01:07<09:45,  6.51s/it]Best trial: 73. Best value: 2.47247:  10%|█         | 10/100 [01:07<09:45,  6.51s/it]Best trial: 73. Best value: 2.47247:  11%|█         | 11/100 [01:07<09:32,  6.44s/it]                                                                                     [I 2026-05-04 11:49:06,577] Trial 80 finished with value: 3.066197079127934 and parameters: {'rho_scale': 1.5766513106218327, 'f_n': 5.485257256013499e-08, 'K_d': 338138.7122073221, 'fission_rate': 7.379613446876661e+19, 'Dg_D1_scale': 2.375270052698919, 'Dg_D3_scale': 0.3282086439232473, 'Dv_D1_scale': 0.24670837521130878, 'Dv_D2_scale': 0.6546167209949696, 'b_bulk_scale': 0.0398907325182492, 'b_dislocation_scale': 1.5721588240137463, 'gb_scale': 0.18072561046072566, 'gd_bubble_scale': 0.5420004064660229, 'gd_line_scale': 7.598107488716623, 'gd_line_alpha': 0.1690593000836494, 'coalescence_d_scale': 3.6136587165205363, 'capture_scale': 0.6581133820567289}. Best is trial 73 with value: 2.4724721417909015.
[I 2026-05-04 11:49:10,877] Trial 81 finished with value: 2.6552273449987998 and parameters: {'rho_scale': 1.1599620823831247, 'f_n': 2.690087765360068e-08, 'K_d': 315397.33556081343, 'fission_rate': 7.593431709224976e+19, 'Dg_D1_scale': 3.929199336916671, 'Dg_D3_scale': 0.4554383504306904, 'Dv_D1_scale': 0.21487420777177452, 'Dv_D2_scale': 0.7724652766190846, 'b_bulk_scale': 0.03408464290794146, 'b_dislocation_scale': 2.652595999722609, 'gb_scale': 0.21188742258565713, 'gd_bubble_scale': 0.4420265134968282, 'gd_line_scale': 9.911888788018723, 'gd_line_alpha': 0.2863654907239767, 'coalescence_d_scale': 2.8083459109974296, 'capture_scale': 1.0702766846118454}. Best is trial 73 with value: 2.4724721417909015.
[I 2026-05-04 11:49:17,626] Trial 82 finished with value: 2.643689891687808 and parameters: {'rho_scale': 1.0386145353542007, 'f_n': 1.129825431748431e-08, 'K_d': 318768.62256918784, 'fission_rate': 7.1701346474742284e+19, 'Dg_D1_scale': 3.0267760131157195, 'Dg_D3_scale': 0.37059629723282395, 'Dv_D1_scale': 0.21841552425173505, 'Dv_D2_scale': 0.5835571300779058, 'b_bulk_scale': 0.04503800488084268, 'b_dislocation_scale': 3.6153725075543384, 'gb_scale': 0.27364927299134145, 'gd_bubble_scale': 0.6405507414008221, 'gd_line_scale': 5.868078151821205, 'gd_line_alpha': 0.31920312359786807, 'coalescence_d_scale': 1.6164935912212732, 'capture_scale': 1.0033960690299129}. Best is trial 73 with value: 2.4724721417909015.
[I 2026-05-04 11:49:24,202] Trial 83 finished with value: 2.6363518684370444 and parameters: {'rho_scale': 1.0694707978090672, 'f_n': 1.461687442047922e-08, 'K_d': 334459.5331393724, 'fission_rate': 7.204244451559544e+19, 'Dg_D1_scale': 2.9526076138033615, 'Dg_D3_scale': 0.4085383192924983, 'Dv_D1_scale': 0.22038334639585855, 'Dv_D2_scale': 0.5708424966959589, 'b_bulk_scale': 0.043559582803164805, 'b_dislocation_scale': 3.5360304958935758, 'gb_scale': 0.2654314532478698, 'gd_bubble_scale': 0.7331837456688537, 'gd_line_scale': 5.737917067826555, 'gd_line_alpha': 0.3183867637996347, 'coalescence_d_scale': 1.7701517239232736, 'capture_scale': 1.2820349919679868}. Best is trial 73 with value: 2.4724721417909015.
[I 2026-05-04 11:49:31,201] Trial 84 finished with value: 3.0054070032874134 and parameters: {'rho_scale': 1.2275614590650128, 'f_n': 4.2820279943965044e-08, 'K_d': 334702.7260520253, 'fission_rate': 7.758452030221609e+19, 'Dg_D1_scale': 3.462189397485016, 'Dg_D3_scale': 0.41274118555178246, 'Dv_D1_scale': 0.2586645355824464, 'Dv_D2_scale': 0.5417785661505458, 'b_bulk_scale': 0.822593736106487, 'b_dislocation_scale': 2.135280618002922, 'gb_scale': 0.23339142031465288, 'gd_bubble_scale': 0.3230077503175827, 'gd_line_scale': 6.975265241440905, 'gd_line_alpha': 0.2610794854950425, 'coalescence_d_scale': 2.065242317993533, 'capture_scale': 1.414995334614062}. Best is trial 73 with value: 2.4724721417909015.
[I 2026-05-04 11:49:34,851] Trial 85 finished with value: 6.028644535667552 and parameters: {'rho_scale': 1.1519662011819183, 'f_n': 2.4420286253775533e-08, 'K_d': 309024.98948890663, 'fission_rate': 7.68098097954697e+19, 'Dg_D1_scale': 2.52031438216867, 'Dg_D3_scale': 0.48848688389093703, 'Dv_D1_scale': 0.23670725987553937, 'Dv_D2_scale': 0.7083691121106845, 'b_bulk_scale': 0.05730932199374032, 'b_dislocation_scale': 3.346795934082808, 'gb_scale': 0.16899832943651397, 'gd_bubble_scale': 0.3891054468371976, 'gd_line_scale': 0.07979156983647405, 'gd_line_alpha': 0.19847917895437397, 'coalescence_d_scale': 4.166317992791942, 'capture_scale': 2.0085094747819454}. Best is trial 73 with value: 2.4724721417909015.
[I 2026-05-04 11:49:39,230] Trial 86 finished with value: 2.911654984995599 and parameters: {'rho_scale': 1.0722253365232388, 'f_n': 1.580738591445241e-08, 'K_d': 307157.61279068276, 'fission_rate': 7.355444685444915e+19, 'Dg_D1_scale': 2.853562749038714, 'Dg_D3_scale': 0.5932076653026823, 'Dv_D1_scale': 0.277613732868935, 'Dv_D2_scale': 0.4815726212744852, 'b_bulk_scale': 0.0350682878014519, 'b_dislocation_scale': 2.626853768222737, 'gb_scale': 0.1985669358642797, 'gd_bubble_scale': 0.7496513745414988, 'gd_line_scale': 5.886277075729446, 'gd_line_alpha': 0.34459432375155824, 'coalescence_d_scale': 5.210822518899662, 'capture_scale': 0.6288668148629656}. Best is trial 73 with value: 2.4724721417909015.
[I 2026-05-04 11:49:45,950] Trial 87 finished with value: 3.576778290451982 and parameters: {'rho_scale': 0.8846289058656035, 'f_n': 8.459089821193536e-09, 'K_d': 351366.98265429464, 'fission_rate': 7.845693793093204e+19, 'Dg_D1_scale': 3.2386433822566607, 'Dg_D3_scale': 0.21982145733574476, 'Dv_D1_scale': 0.2234396327158952, 'Dv_D2_scale': 0.633970500878108, 'b_bulk_scale': 0.04106626662837395, 'b_dislocation_scale': 1.660083032868072, 'gb_scale': 0.2637620322719422, 'gd_bubble_scale': 0.5054213207548331, 'gd_line_scale': 7.936933356146093, 'gd_line_alpha': 0.1283608768164743, 'coalescence_d_scale': 7.620167692354344, 'capture_scale': 1.268180300029882}. Best is trial 73 with value: 2.4724721417909015.
[I 2026-05-04 11:49:53,086] Trial 88 finished with value: 2.8065921480517804 and parameters: {'rho_scale': 1.296571185603498, 'f_n': 3.433903242478737e-08, 'K_d': 333533.7737734268, 'fission_rate': 7.470446455719856e+19, 'Dg_D1_scale': 3.4717850774508223, 'Dg_D3_scale': 0.3196395944779031, 'Dv_D1_scale': 0.31155871850357036, 'Dv_D2_scale': 0.3754251104607542, 'b_bulk_scale': 0.03259788369919064, 'b_dislocation_scale': 3.4488075954090425, 'gb_scale': 0.1220386321628297, 'gd_bubble_scale': 1.5513336494743073, 'gd_line_scale': 6.813279009570194, 'gd_line_alpha': 0.22125214654909467, 'coalescence_d_scale': 2.9175904954158263, 'capture_scale': 2.299013524835318}. Best is trial 73 with value: 2.4724721417909015.
[I 2026-05-04 11:50:00,438] Trial 89 finished with value: 4.360416917873266 and parameters: {'rho_scale': 1.1270829985193482, 'f_n': 6.211996521326796e-08, 'K_d': 300004.3664200239, 'fission_rate': 7.181161252324443e+19, 'Dg_D1_scale': 2.2573802122561077, 'Dg_D3_scale': 0.18497864487870883, 'Dv_D1_scale': 0.2523765687473608, 'Dv_D2_scale': 0.42535000458600647, 'b_bulk_scale': 0.07116312866557206, 'b_dislocation_scale': 2.8010949625129373, 'gb_scale': 0.6899847846675244, 'gd_bubble_scale': 0.27721546711167006, 'gd_line_scale': 9.03936745566073, 'gd_line_alpha': 0.36754612121606517, 'coalescence_d_scale': 9.35579364043213, 'capture_scale': 0.47891249833479466}. Best is trial 73 with value: 2.4724721417909015.
[I 2026-05-04 11:50:06,728] Trial 90 finished with value: 2.6337941355072227 and parameters: {'rho_scale': 0.8594667084742095, 'f_n': 9.343136091297235e-08, 'K_d': 318089.124809991, 'fission_rate': 7.117879396844975e+19, 'Dg_D1_scale': 3.9470966857496963, 'Dg_D3_scale': 0.5380159645927398, 'Dv_D1_scale': 0.21034551009328978, 'Dv_D2_scale': 0.559237505382015, 'b_bulk_scale': 0.04377341912707714, 'b_dislocation_scale': 1.808592059209113, 'gb_scale': 0.29932744476588613, 'gd_bubble_scale': 0.7429882289839206, 'gd_line_scale': 4.537821365066561, 'gd_line_alpha': 0.30886778048120855, 'coalescence_d_scale': 1.9028725086393656, 'capture_scale': 1.8310799653366117}. Best is trial 73 with value: 2.4724721417909015.
[I 2026-05-04 11:50:11,355] Trial 91 finished with value: 2.8089985250485117 and parameters: {'rho_scale': 0.8598792564662567, 'f_n': 8.94657752095481e-08, 'K_d': 318155.4033721338, 'fission_rate': 7.0891667762646745e+19, 'Dg_D1_scale': 3.9967410151391425, 'Dg_D3_scale': 0.5199510544350285, 'Dv_D1_scale': 0.2100424894341724, 'Dv_D2_scale': 0.5005383805296326, 'b_bulk_scale': 2.810402731000891, 'b_dislocation_scale': 1.377818957778736, 'gb_scale': 0.31514004449417676, 'gd_bubble_scale': 0.741575300743388, 'gd_line_scale': 4.646153438457125, 'gd_line_alpha': 0.3044936228398601, 'coalescence_d_scale': 1.9385807870751484, 'capture_scale': 4.178268233335538}. Best is trial 73 with value: 2.4724721417909015.Best trial: 73. Best value: 2.47247:  11%|█         | 11/100 [01:12<09:32,  6.44s/it]Best trial: 73. Best value: 2.47247:  11%|█         | 11/100 [01:12<09:32,  6.44s/it]Best trial: 73. Best value: 2.47247:  12%|█▏        | 12/100 [01:12<08:38,  5.89s/it]                                                                                     Best trial: 73. Best value: 2.47247:  12%|█▏        | 12/100 [01:18<08:38,  5.89s/it]Best trial: 92. Best value: 2.45433:  12%|█▏        | 12/100 [01:18<08:38,  5.89s/it]Best trial: 92. Best value: 2.45433:  13%|█▎        | 13/100 [01:18<08:52,  6.12s/it]                                                                                     Best trial: 92. Best value: 2.45433:  13%|█▎        | 13/100 [01:25<08:52,  6.12s/it]Best trial: 92. Best value: 2.45433:  13%|█▎        | 13/100 [01:25<08:52,  6.12s/it]Best trial: 92. Best value: 2.45433:  14%|█▍        | 14/100 [01:25<08:57,  6.25s/it]                                                                                     Best trial: 92. Best value: 2.45433:  14%|█▍        | 14/100 [01:31<08:57,  6.25s/it]Best trial: 94. Best value: 2.41937:  14%|█▍        | 14/100 [01:31<08:57,  6.25s/it]Best trial: 94. Best value: 2.41937:  15%|█▌        | 15/100 [01:31<08:54,  6.28s/it]                                                                                     Best trial: 94. Best value: 2.41937:  15%|█▌        | 15/100 [01:37<08:54,  6.28s/it]Best trial: 94. Best value: 2.41937:  15%|█▌        | 15/100 [01:37<08:54,  6.28s/it]Best trial: 94. Best value: 2.41937:  16%|█▌        | 16/100 [01:37<08:36,  6.15s/it]                                                                                     Best trial: 94. Best value: 2.41937:  16%|█▌        | 16/100 [01:41<08:36,  6.15s/it]Best trial: 94. Best value: 2.41937:  16%|█▌        | 16/100 [01:41<08:36,  6.15s/it]Best trial: 94. Best value: 2.41937:  17%|█▋        | 17/100 [01:41<07:29,  5.42s/it]                                                                                     Best trial: 94. Best value: 2.41937:  17%|█▋        | 17/100 [01:46<07:29,  5.42s/it]Best trial: 94. Best value: 2.41937:  17%|█▋        | 17/100 [01:46<07:29,  5.42s/it]Best trial: 94. Best value: 2.41937:  18%|█▊        | 18/100 [01:46<07:25,  5.43s/it]                                                                                     Best trial: 94. Best value: 2.41937:  18%|█▊        | 18/100 [01:53<07:25,  5.43s/it]Best trial: 94. Best value: 2.41937:  18%|█▊        | 18/100 [01:53<07:25,  5.43s/it]Best trial: 94. Best value: 2.41937:  19%|█▉        | 19/100 [01:53<07:41,  5.70s/it]                                                                                     Best trial: 94. Best value: 2.41937:  19%|█▉        | 19/100 [01:56<07:41,  5.70s/it]Best trial: 94. Best value: 2.41937:  19%|█▉        | 19/100 [01:56<07:41,  5.70s/it]Best trial: 94. Best value: 2.41937:  20%|██        | 20/100 [01:56<06:40,  5.01s/it]                                                                                     Best trial: 94. Best value: 2.41937:  20%|██        | 20/100 [02:02<06:40,  5.01s/it]Best trial: 94. Best value: 2.41937:  20%|██        | 20/100 [02:02<06:40,  5.01s/it]Best trial: 94. Best value: 2.41937:  21%|██        | 21/100 [02:02<07:00,  5.32s/it]                                                                                     Best trial: 94. Best value: 2.41937:  21%|██        | 21/100 [02:08<07:00,  5.32s/it]Best trial: 94. Best value: 2.41937:  21%|██        | 21/100 [02:08<07:00,  5.32s/it]Best trial: 94. Best value: 2.41937:  22%|██▏       | 22/100 [02:08<07:16,  5.59s/it]                                                                                     Best trial: 94. Best value: 2.41937:  22%|██▏       | 22/100 [02:12<07:16,  5.59s/it]Best trial: 94. Best value: 2.41937:  22%|██▏       | 22/100 [02:12<07:16,  5.59s/it]Best trial: 94. Best value: 2.41937:  23%|██▎       | 23/100 [02:12<06:28,  5.05s/it]                                                                                     
[I 2026-05-04 11:50:18,014] Trial 92 finished with value: 2.4543315979148894 and parameters: {'rho_scale': 0.9354363377486289, 'f_n': 4.8911041291158626e-08, 'K_d': 308417.8798275757, 'fission_rate': 7.213734596980895e+19, 'Dg_D1_scale': 3.058961360996088, 'Dg_D3_scale': 0.3441379369556347, 'Dv_D1_scale': 0.2327159492459786, 'Dv_D2_scale': 0.5705253015590838, 'b_bulk_scale': 0.04468190447013127, 'b_dislocation_scale': 1.9398730346150825, 'gb_scale': 0.2872850311443613, 'gd_bubble_scale': 0.5354440711338017, 'gd_line_scale': 5.513148870340121, 'gd_line_alpha': 0.26790752092746645, 'coalescence_d_scale': 2.3840729109540826, 'capture_scale': 1.7015851577328844}. Best is trial 92 with value: 2.4543315979148894.
[I 2026-05-04 11:50:24,547] Trial 93 finished with value: 2.4722305233292143 and parameters: {'rho_scale': 0.9365516287313914, 'f_n': 4.965129812422084e-08, 'K_d': 316028.40216295456, 'fission_rate': 7.221603433992679e+19, 'Dg_D1_scale': 2.533795191111314, 'Dg_D3_scale': 0.4408548990818008, 'Dv_D1_scale': 0.23128458141580693, 'Dv_D2_scale': 0.5689212252120118, 'b_bulk_scale': 0.04728091486341651, 'b_dislocation_scale': 1.815371405797383, 'gb_scale': 0.37059744365799624, 'gd_bubble_scale': 0.5904523358382149, 'gd_line_scale': 5.576765035416242, 'gd_line_alpha': 0.271595698495642, 'coalescence_d_scale': 1.5893427098045068, 'capture_scale': 1.7579004334019248}. Best is trial 92 with value: 2.4543315979148894.
[I 2026-05-04 11:50:30,915] Trial 94 finished with value: 2.4193650653076473 and parameters: {'rho_scale': 0.9411843868713854, 'f_n': 4.649586909964988e-08, 'K_d': 315954.9431208413, 'fission_rate': 7.564058364656094e+19, 'Dg_D1_scale': 2.611977996564598, 'Dg_D3_scale': 0.44781119128504593, 'Dv_D1_scale': 0.20184735764526301, 'Dv_D2_scale': 0.6049637219277395, 'b_bulk_scale': 0.05639416187689644, 'b_dislocation_scale': 1.777961607278314, 'gb_scale': 0.37883518205673244, 'gd_bubble_scale': 0.5790490217686257, 'gd_line_scale': 5.403371432397823, 'gd_line_alpha': 0.2701267529336741, 'coalescence_d_scale': 2.418658233717463, 'capture_scale': 1.8599614673888394}. Best is trial 94 with value: 2.4193650653076473.
[I 2026-05-04 11:50:36,744] Trial 95 finished with value: 2.7180654252675267 and parameters: {'rho_scale': 0.9545869444677887, 'f_n': 4.6712395724301664e-08, 'K_d': 707139.673490048, 'fission_rate': 7.631050287286775e+19, 'Dg_D1_scale': 2.485682465049107, 'Dg_D3_scale': 0.4510853682603114, 'Dv_D1_scale': 0.23461639067764622, 'Dv_D2_scale': 0.611155734747606, 'b_bulk_scale': 0.056949276187805445, 'b_dislocation_scale': 2.13123781525896, 'gb_scale': 0.4458080324434155, 'gd_bubble_scale': 0.5993449981555939, 'gd_line_scale': 6.419833212035039, 'gd_line_alpha': 0.2800473769940376, 'coalescence_d_scale': 2.451178058739443, 'capture_scale': 1.6844190765359273}. Best is trial 94 with value: 2.4193650653076473.
[I 2026-05-04 11:50:40,470] Trial 96 finished with value: 2.66263197532748 and parameters: {'rho_scale': 0.9307311896953425, 'f_n': 5.243450128505797e-08, 'K_d': 310020.19618773763, 'fission_rate': 7.991058223673172e+19, 'Dg_D1_scale': 2.6167002236524377, 'Dg_D3_scale': 0.2668692496340937, 'Dv_D1_scale': 0.28052449336077595, 'Dv_D2_scale': 0.7682897306115076, 'b_bulk_scale': 0.03787369392815468, 'b_dislocation_scale': 1.4840177963880483, 'gb_scale': 0.36423399140551577, 'gd_bubble_scale': 0.33726311697473743, 'gd_line_scale': 7.596388698322738, 'gd_line_alpha': 0.2608186222375482, 'coalescence_d_scale': 1.2629356023619118, 'capture_scale': 2.6969662441269633}. Best is trial 94 with value: 2.4193650653076473.
[I 2026-05-04 11:50:45,926] Trial 97 finished with value: 3.1400258953742055 and parameters: {'rho_scale': 0.8022756351282136, 'f_n': 6.913035312739555e-08, 'K_d': 343341.8144546992, 'fission_rate': 7.271041435802313e+19, 'Dg_D1_scale': 2.282602023345988, 'Dg_D3_scale': 0.36837482615089184, 'Dv_D1_scale': 0.20023521654513293, 'Dv_D2_scale': 0.45639529923369876, 'b_bulk_scale': 0.04756954439705855, 'b_dislocation_scale': 1.9866068578702558, 'gb_scale': 0.6416139502342428, 'gd_bubble_scale': 0.5400900192449416, 'gd_line_scale': 5.404276416458586, 'gd_line_alpha': 0.17473553028112696, 'coalescence_d_scale': 2.2314354784099453, 'capture_scale': 1.5039434023496208}. Best is trial 94 with value: 2.4193650653076473.
[I 2026-05-04 11:50:52,267] Trial 98 finished with value: 2.722722995229455 and parameters: {'rho_scale': 0.9384382838408326, 'f_n': 2.3676787763170828e-08, 'K_d': 306366.6758050636, 'fission_rate': 7.573573611050495e+19, 'Dg_D1_scale': 3.268612677441133, 'Dg_D3_scale': 0.22779306699209367, 'Dv_D1_scale': 0.23895468535489922, 'Dv_D2_scale': 0.5098625450933263, 'b_bulk_scale': 0.05865128603765111, 'b_dislocation_scale': 2.514739303396577, 'gb_scale': 0.22471562708990017, 'gd_bubble_scale': 0.46902183259174474, 'gd_line_scale': 4.131616099706206, 'gd_line_alpha': 0.22047358023600955, 'coalescence_d_scale': 1.5722015973314147, 'capture_scale': 2.3652392681145984}. Best is trial 94 with value: 2.4193650653076473.
