[I 2026-05-04 11:56:55,212] Trial 158 finished with value: 2.4306135349068105 and parameters: {'rho_scale': 0.8326201579108585, 'f_n': 6.382322559463417e-08, 'K_d': 316533.3384498486, 'fission_rate': 7.502066560994216e+19, 'Dg_D1_scale': 2.3758697289568844, 'Dg_D3_scale': 0.4858208179661106, 'Dv_D1_scale': 0.2005826636807247, 'Dv_D2_scale': 1.039339881777386, 'b_bulk_scale': 0.04432815560592646, 'b_dislocation_scale': 2.002541837467514, 'gb_scale': 0.4883085836768545, 'gd_bubble_scale': 0.6202316605601559, 'gd_line_scale': 8.297554894936566, 'gd_line_alpha': 0.2547365250529762, 'coalescence_d_scale': 2.6185472371319913, 'capture_scale': 7.585185375831771}. Best is trial 94 with value: 2.4193650653076473.
[I 2026-05-04 11:57:02,203] Trial 159 finished with value: 2.410059532186999 and parameters: {'rho_scale': 0.8056721544865987, 'f_n': 6.527407206954826e-08, 'K_d': 317063.43993384764, 'fission_rate': 7.517049551790381e+19, 'Dg_D1_scale': 2.4529403976194244, 'Dg_D3_scale': 0.47544248531881794, 'Dv_D1_scale': 0.20108301576197854, 'Dv_D2_scale': 1.0374072038094218, 'b_bulk_scale': 0.044782992870082985, 'b_dislocation_scale': 2.064526153073684, 'gb_scale': 0.34167761240086186, 'gd_bubble_scale': 0.7885124414623972, 'gd_line_scale': 9.730290379974557, 'gd_line_alpha': 0.2981948061349185, 'coalescence_d_scale': 2.6631066157530703, 'capture_scale': 7.9337378139744565}. Best is trial 159 with value: 2.410059532186999.
[I 2026-05-04 11:57:06,850] Trial 160 finished with value: 2.439131096693793 and parameters: {'rho_scale': 0.7596647121366726, 'f_n': 6.014406071171495e-08, 'K_d': 312912.9756387658, 'fission_rate': 7.120177615491126e+19, 'Dg_D1_scale': 2.446129775202378, 'Dg_D3_scale': 0.4908782386312123, 'Dv_D1_scale': 0.201575234379686, 'Dv_D2_scale': 1.0506453553848016, 'b_bulk_scale': 0.04522815982924188, 'b_dislocation_scale': 2.101920962843069, 'gb_scale': 0.47985235487454037, 'gd_bubble_scale': 0.9281122971016295, 'gd_line_scale': 9.799044003806777, 'gd_line_alpha': 0.29365439929658704, 'coalescence_d_scale': 2.9469684206317215, 'capture_scale': 6.504974909596619}. Best is trial 159 with value: 2.410059532186999.
[I 2026-05-04 11:57:13,856] Trial 161 finished with value: 2.4282236670792217 and parameters: {'rho_scale': 0.7598723294096256, 'f_n': 6.009649782397144e-08, 'K_d': 313005.9435010733, 'fission_rate': 7.125897678892407e+19, 'Dg_D1_scale': 2.431170105827141, 'Dg_D3_scale': 0.49266063237081065, 'Dv_D1_scale': 0.2036806014207444, 'Dv_D2_scale': 1.056821538172632, 'b_bulk_scale': 0.04497867722342903, 'b_dislocation_scale': 2.064434616660856, 'gb_scale': 0.5027479621266194, 'gd_bubble_scale': 0.9427192122354453, 'gd_line_scale': 9.803986034537248, 'gd_line_alpha': 0.29404320103849113, 'coalescence_d_scale': 2.7931883446295274, 'capture_scale': 6.2732346417480045}. Best is trial 159 with value: 2.410059532186999.
[I 2026-05-04 11:57:20,730] Trial 162 finished with value: 2.4377380683572216 and parameters: {'rho_scale': 0.7471821488270228, 'f_n': 5.935952208823411e-08, 'K_d': 312058.9609366118, 'fission_rate': 7.137316467506708e+19, 'Dg_D1_scale': 2.4492840413033696, 'Dg_D3_scale': 0.5757737794071754, 'Dv_D1_scale': 0.20270003831857314, 'Dv_D2_scale': 1.0389107765493326, 'b_bulk_scale': 0.045016798989496426, 'b_dislocation_scale': 2.031349108939162, 'gb_scale': 0.4916013707995563, 'gd_bubble_scale': 0.8881442482615503, 'gd_line_scale': 9.707466919474587, 'gd_line_alpha': 0.293951457045956, 'coalescence_d_scale': 2.982270824391953, 'capture_scale': 6.111026460410607}. Best is trial 159 with value: 2.410059532186999.
[I 2026-05-04 11:57:27,701] Trial 163 finished with value: 2.4660663602929023 and parameters: {'rho_scale': 0.7231889059965536, 'f_n': 6.154654213661541e-08, 'K_d': 306973.49897529284, 'fission_rate': 7.058180884735426e+19, 'Dg_D1_scale': 2.449387389181475, 'Dg_D3_scale': 0.550643386638295, 'Dv_D1_scale': 0.20090310490390892, 'Dv_D2_scale': 0.9487520197939896, 'b_bulk_scale': 0.043606308508562404, 'b_dislocation_scale': 2.035673424079351, 'gb_scale': 0.48717644961225737, 'gd_bubble_scale': 0.9507302414824252, 'gd_line_scale': 9.736615744237618, 'gd_line_alpha': 0.2997175295323213, 'coalescence_d_scale': 3.070824539768398, 'capture_scale': 7.749322728810229}. Best is trial 159 with value: 2.410059532186999.Best trial: 159. Best value: 2.41006:  83%|████████▎ | 83/100 [08:28<01:49,  6.42s/it]Best trial: 159. Best value: 2.41006:  83%|████████▎ | 83/100 [08:28<01:49,  6.42s/it]Best trial: 159. Best value: 2.41006:  84%|████████▍ | 84/100 [08:28<01:45,  6.58s/it]                                                                                      Best trial: 159. Best value: 2.41006:  84%|████████▍ | 84/100 [08:35<01:45,  6.58s/it]Best trial: 159. Best value: 2.41006:  84%|████████▍ | 84/100 [08:35<01:45,  6.58s/it]Best trial: 159. Best value: 2.41006:  85%|████████▌ | 85/100 [08:35<01:38,  6.59s/it]                                                                                      Best trial: 159. Best value: 2.41006:  85%|████████▌ | 85/100 [08:39<01:38,  6.59s/it]Best trial: 159. Best value: 2.41006:  85%|████████▌ | 85/100 [08:39<01:38,  6.59s/it]Best trial: 159. Best value: 2.41006:  86%|████████▌ | 86/100 [08:39<01:24,  6.02s/it]                                                                                      Best trial: 159. Best value: 2.41006:  86%|████████▌ | 86/100 [08:46<01:24,  6.02s/it]Best trial: 159. Best value: 2.41006:  86%|████████▌ | 86/100 [08:46<01:24,  6.02s/it]Best trial: 159. Best value: 2.41006:  87%|████████▋ | 87/100 [08:46<01:22,  6.35s/it]                                                                                      Best trial: 159. Best value: 2.41006:  87%|████████▋ | 87/100 [08:53<01:22,  6.35s/it]Best trial: 159. Best value: 2.41006:  87%|████████▋ | 87/100 [08:53<01:22,  6.35s/it]Best trial: 159. Best value: 2.41006:  88%|████████▊ | 88/100 [08:53<01:17,  6.48s/it]                                                                                      Best trial: 159. Best value: 2.41006:  88%|████████▊ | 88/100 [09:00<01:17,  6.48s/it]Best trial: 159. Best value: 2.41006:  88%|████████▊ | 88/100 [09:00<01:17,  6.48s/it]Best trial: 159. Best value: 2.41006:  89%|████████▉ | 89/100 [09:00<01:12,  6.58s/it]                                                                                      Best trial: 159. Best value: 2.41006:  89%|████████▉ | 89/100 [09:05<01:12,  6.58s/it]Best trial: 159. Best value: 2.41006:  89%|████████▉ | 89/100 [09:05<01:12,  6.58s/it]Best trial: 159. Best value: 2.41006:  90%|█████████ | 90/100 [09:05<01:00,  6.04s/it]                                                                                      Best trial: 159. Best value: 2.41006:  90%|█████████ | 90/100 [09:11<01:00,  6.04s/it]Best trial: 159. Best value: 2.41006:  90%|█████████ | 90/100 [09:11<01:00,  6.04s/it]Best trial: 159. Best value: 2.41006:  91%|█████████ | 91/100 [09:11<00:54,  6.04s/it]                                                                                      Best trial: 159. Best value: 2.41006:  91%|█████████ | 91/100 [09:18<00:54,  6.04s/it]Best trial: 159. Best value: 2.41006:  91%|█████████ | 91/100 [09:18<00:54,  6.04s/it]Best trial: 159. Best value: 2.41006:  92%|█████████▏| 92/100 [09:18<00:50,  6.37s/it]                                                                                      Best trial: 159. Best value: 2.41006:  92%|█████████▏| 92/100 [09:25<00:50,  6.37s/it]Best trial: 159. Best value: 2.41006:  92%|█████████▏| 92/100 [09:25<00:50,  6.37s/it]Best trial: 159. Best value: 2.41006:  93%|█████████▎| 93/100 [09:25<00:45,  6.57s/it]                                                                                      Best trial: 159. Best value: 2.41006:  93%|█████████▎| 93/100 [09:32<00:45,  6.57s/it]Best trial: 159. Best value: 2.41006:  93%|█████████▎| 93/100 [09:32<00:45,  6.57s/it]Best trial: 159. Best value: 2.41006:  94%|█████████▍| 94/100 [09:32<00:39,  6.61s/it]                                                                                      Best trial: 159. Best value: 2.41006:  94%|█████████▍| 94/100 [09:36<00:39,  6.61s/it]Best trial: 159. Best value: 2.41006:  94%|█████████▍| 94/100 [09:36<00:39,  6.61s/it]Best trial: 159. Best value: 2.41006:  95%|█████████▌| 95/100 [09:36<00:29,  5.99s/it]                                                                                      
[I 2026-05-04 11:57:34,317] Trial 164 finished with value: 2.706496469155341 and parameters: {'rho_scale': 0.6875553356435306, 'f_n': 5.998995508673525e-08, 'K_d': 306240.88475574, 'fission_rate': 7.082202294023609e+19, 'Dg_D1_scale': 2.468297428626208, 'Dg_D3_scale': 0.794694843829271, 'Dv_D1_scale': 0.20041149718066598, 'Dv_D2_scale': 1.2958800307736955, 'b_bulk_scale': 0.04367300903772259, 'b_dislocation_scale': 2.019259172108502, 'gb_scale': 0.7663322332738783, 'gd_bubble_scale': 0.9176018399060547, 'gd_line_scale': 9.738499975178515, 'gd_line_alpha': 0.3137335165436227, 'coalescence_d_scale': 3.9541354397422706, 'capture_scale': 7.385467769436317}. Best is trial 159 with value: 2.410059532186999.
[I 2026-05-04 11:57:38,996] Trial 165 finished with value: 2.438432134795478 and parameters: {'rho_scale': 0.7320227634284214, 'f_n': 5.086415460979988e-08, 'K_d': 310441.48738374864, 'fission_rate': 7.101320418616983e+19, 'Dg_D1_scale': 2.757586321242916, 'Dg_D3_scale': 0.5842685486284221, 'Dv_D1_scale': 0.20149935353927614, 'Dv_D2_scale': 0.9412731580535325, 'b_bulk_scale': 0.046703445005143056, 'b_dislocation_scale': 2.0891095625782277, 'gb_scale': 0.5117519139566596, 'gd_bubble_scale': 1.1183502862401773, 'gd_line_scale': 9.730259011749842, 'gd_line_alpha': 0.30002181712169146, 'coalescence_d_scale': 2.974889008337172, 'capture_scale': 6.203189953274032}. Best is trial 159 with value: 2.410059532186999.
[I 2026-05-04 11:57:46,113] Trial 166 finished with value: 2.470256557875341 and parameters: {'rho_scale': 0.7285139416144533, 'f_n': 3.062022957965946e-08, 'K_d': 310911.0794486198, 'fission_rate': 7.142999770083715e+19, 'Dg_D1_scale': 2.776806879470231, 'Dg_D3_scale': 0.5663866260487362, 'Dv_D1_scale': 0.20184781637315818, 'Dv_D2_scale': 0.9294501035366828, 'b_bulk_scale': 0.04548472048378114, 'b_dislocation_scale': 2.1581028976482575, 'gb_scale': 0.5406992962578999, 'gd_bubble_scale': 1.031572837559955, 'gd_line_scale': 9.887710252634509, 'gd_line_alpha': 0.29697993517158444, 'coalescence_d_scale': 3.3043794752270226, 'capture_scale': 7.883133661536085}. Best is trial 159 with value: 2.410059532186999.
[I 2026-05-04 11:57:52,899] Trial 167 finished with value: 2.461487718060368 and parameters: {'rho_scale': 0.7291439223729763, 'f_n': 6.796468714326332e-08, 'K_d': 313692.99113990006, 'fission_rate': 7.1504882920690024e+19, 'Dg_D1_scale': 2.7707309621567373, 'Dg_D3_scale': 0.6136955781356669, 'Dv_D1_scale': 0.20095666469198278, 'Dv_D2_scale': 0.955694487333304, 'b_bulk_scale': 0.04515556744050617, 'b_dislocation_scale': 2.1038453237042765, 'gb_scale': 0.5171064650818334, 'gd_bubble_scale': 1.1928140216978835, 'gd_line_scale': 9.838136012997149, 'gd_line_alpha': 0.28720202586692645, 'coalescence_d_scale': 2.951677299666682, 'capture_scale': 7.9962295478717555}. Best is trial 159 with value: 2.410059532186999.
[I 2026-05-04 11:57:59,732] Trial 168 finished with value: 2.525859511515581 and parameters: {'rho_scale': 0.7124974836965854, 'f_n': 6.901292508033727e-08, 'K_d': 312616.0220884959, 'fission_rate': 6.960863779850044e+19, 'Dg_D1_scale': 2.776331890974872, 'Dg_D3_scale': 0.6581367160672391, 'Dv_D1_scale': 0.20035676763569454, 'Dv_D2_scale': 0.9449351721660402, 'b_bulk_scale': 0.04297943397550947, 'b_dislocation_scale': 2.0715579556924126, 'gb_scale': 0.6406489791799973, 'gd_bubble_scale': 1.2167218158246729, 'gd_line_scale': 9.821111197518661, 'gd_line_alpha': 0.30054224811740843, 'coalescence_d_scale': 3.031527405454756, 'capture_scale': 6.188324472412759}. Best is trial 159 with value: 2.410059532186999.
[I 2026-05-04 11:58:04,506] Trial 169 finished with value: 2.502372229369776 and parameters: {'rho_scale': 0.7350953498125754, 'f_n': 3.138558353949925e-08, 'K_d': 308918.7832483103, 'fission_rate': 6.820058045610987e+19, 'Dg_D1_scale': 2.8466285255841464, 'Dg_D3_scale': 0.5823639353488747, 'Dv_D1_scale': 0.21302506049172754, 'Dv_D2_scale': 1.0556103393496812, 'b_bulk_scale': 0.046573369872028286, 'b_dislocation_scale': 2.1850455542930276, 'gb_scale': 0.5100348749930135, 'gd_bubble_scale': 1.4568094991891591, 'gd_line_scale': 9.898529516696982, 'gd_line_alpha': 0.29451930201056403, 'coalescence_d_scale': 3.2984290965480296, 'capture_scale': 7.927689383858166}. Best is trial 159 with value: 2.410059532186999.
[I 2026-05-04 11:58:10,532] Trial 170 finished with value: 3.0318724432542132 and parameters: {'rho_scale': 0.7491312723703205, 'f_n': 5.296719088586904e-08, 'K_d': 318229.1922418914, 'fission_rate': 7.033283421690848e+19, 'Dg_D1_scale': 2.383635329218435, 'Dg_D3_scale': 0.6051977992586317, 'Dv_D1_scale': 0.21110837835342822, 'Dv_D2_scale': 0.9085509571160364, 'b_bulk_scale': 0.0406521002185248, 'b_dislocation_scale': 2.636060242964406, 'gb_scale': 0.5804029856564644, 'gd_bubble_scale': 1.1936766552131088, 'gd_line_scale': 8.388925796081283, 'gd_line_alpha': 0.28822497362129157, 'coalescence_d_scale': 4.547793069799341, 'capture_scale': 5.479674880283762}. Best is trial 159 with value: 2.410059532186999.
[I 2026-05-04 11:58:17,683] Trial 171 finished with value: 2.462467999861296 and parameters: {'rho_scale': 0.7232845229513521, 'f_n': 6.759818099069733e-08, 'K_d': 316179.7834118122, 'fission_rate': 7.1440692642000765e+19, 'Dg_D1_scale': 2.639036677871166, 'Dg_D3_scale': 0.5748948590315482, 'Dv_D1_scale': 0.2133120297384332, 'Dv_D2_scale': 0.9574710351006789, 'b_bulk_scale': 0.047451065868179945, 'b_dislocation_scale': 1.906882093701752, 'gb_scale': 0.49761297019945167, 'gd_bubble_scale': 1.141110154327739, 'gd_line_scale': 8.701364191248905, 'gd_line_alpha': 0.3138533542972278, 'coalescence_d_scale': 2.800735821489563, 'capture_scale': 6.627844923346758}. Best is trial 159 with value: 2.410059532186999.
[I 2026-05-04 11:58:24,717] Trial 172 finished with value: 2.5133273471873157 and parameters: {'rho_scale': 0.6782316028603768, 'f_n': 6.8661239741627e-08, 'K_d': 312704.7725355838, 'fission_rate': 7.149226036229339e+19, 'Dg_D1_scale': 2.6516489090561266, 'Dg_D3_scale': 0.5595128486004673, 'Dv_D1_scale': 0.20066171730057702, 'Dv_D2_scale': 1.1647738283929194, 'b_bulk_scale': 0.044426525806378236, 'b_dislocation_scale': 1.954209805429403, 'gb_scale': 0.5094243768174265, 'gd_bubble_scale': 1.142606581968494, 'gd_line_scale': 8.636634409349716, 'gd_line_alpha': 0.3190533196851725, 'coalescence_d_scale': 2.8259648588071786, 'capture_scale': 4.6588928998327335}. Best is trial 159 with value: 2.410059532186999.
[I 2026-05-04 11:58:31,393] Trial 173 finished with value: 2.7606779543198017 and parameters: {'rho_scale': 0.6560911709525874, 'f_n': 8.258481372614638e-08, 'K_d': 305359.8114699728, 'fission_rate': 6.894143820114962e+19, 'Dg_D1_scale': 2.7248277428966645, 'Dg_D3_scale': 0.6776433261887895, 'Dv_D1_scale': 0.2159323946291845, 'Dv_D2_scale': 0.9467644459204785, 'b_bulk_scale': 0.04808566673927181, 'b_dislocation_scale': 2.1012393252699195, 'gb_scale': 0.6968696503055029, 'gd_bubble_scale': 0.9965001479074802, 'gd_line_scale': 9.104095209525054, 'gd_line_alpha': 0.2967543533400268, 'coalescence_d_scale': 2.9584545949697714, 'capture_scale': 6.101792896560339}. Best is trial 159 with value: 2.410059532186999.
[I 2026-05-04 11:58:35,965] Trial 174 finished with value: 2.4615859594360208 and parameters: {'rho_scale': 0.7170943319901812, 'f_n': 5.8996231407103727e-08, 'K_d': 318877.59074344055, 'fission_rate': 7.159977140038429e+19, 'Dg_D1_scale': 2.4259976212321837, 'Dg_D3_scale': 0.6288656566641273, 'Dv_D1_scale': 0.20078534146186294, 'Dv_D2_scale': 1.0725310089568318, 'b_bulk_scale': 0.041635414311105304, 'b_dislocation_scale': 1.7638279805729127, 'gb_scale': 0.4686534315606941, 'gd_bubble_scale': 1.8881536740821034, 'gd_line_scale': 9.989210771049299, 'gd_line_alpha': 0.2557100004783055, 'coalescence_d_scale': 3.345723016060688, 'capture_scale': 6.552769452275653}. Best is trial 159 with value: 2.410059532186999.
[I 2026-05-04 11:58:42,581] Trial 175 finished with value: 2.6045237164819826 and parameters: {'rho_scale': 0.7088225489810962, 'f_n': 6.325442253758999e-08, 'K_d': 320534.9741527909, 'fission_rate': 7.086175403154701e+19, 'Dg_D1_scale': 2.4626766606409825, 'Dg_D3_scale': 0.7576402446879512, 'Dv_D1_scale': 0.21667730699100268, 'Dv_D2_scale': 1.0899825799926761, 'b_bulk_scale': 0.040878140365943595, 'b_dislocation_scale': 1.8689827671910286, 'gb_scale': 0.46493183311366715, 'gd_bubble_scale': 2.4590871485340746, 'gd_line_scale': 8.029243127780768, 'gd_line_alpha': 0.2571277640970195, 'coalescence_d_scale': 3.9258698838639665, 'capture_scale': 6.665782690943506}. Best is trial 159 with value: 2.410059532186999.Best trial: 159. Best value: 2.41006:  95%|█████████▌| 95/100 [09:43<00:29,  5.99s/it]Best trial: 159. Best value: 2.41006:  95%|█████████▌| 95/100 [09:43<00:29,  5.99s/it]Best trial: 159. Best value: 2.41006:  96%|█████████▌| 96/100 [09:43<00:24,  6.18s/it]                                                                                      Best trial: 159. Best value: 2.41006:  96%|█████████▌| 96/100 [09:50<00:24,  6.18s/it]Best trial: 159. Best value: 2.41006:  96%|█████████▌| 96/100 [09:50<00:24,  6.18s/it]Best trial: 159. Best value: 2.41006:  97%|█████████▋| 97/100 [09:50<00:19,  6.38s/it]                                                                                      Best trial: 159. Best value: 2.41006:  97%|█████████▋| 97/100 [09:57<00:19,  6.38s/it]Best trial: 159. Best value: 2.41006:  97%|█████████▋| 97/100 [09:57<00:19,  6.38s/it]Best trial: 159. Best value: 2.41006:  98%|█████████▊| 98/100 [09:57<00:13,  6.56s/it]                                                                                      Best trial: 159. Best value: 2.41006:  98%|█████████▊| 98/100 [10:04<00:13,  6.56s/it]Best trial: 159. Best value: 2.41006:  98%|█████████▊| 98/100 [10:04<00:13,  6.56s/it]Best trial: 159. Best value: 2.41006:  99%|█████████▉| 99/100 [10:04<00:06,  6.66s/it]                                                                                      Best trial: 159. Best value: 2.41006:  99%|█████████▉| 99/100 [10:09<00:06,  6.66s/it]Best trial: 159. Best value: 2.41006:  99%|█████████▉| 99/100 [10:09<00:06,  6.66s/it]Best trial: 159. Best value: 2.41006: 100%|██████████| 100/100 [10:09<00:00,  6.17s/it]Best trial: 159. Best value: 2.41006: 100%|██████████| 100/100 [10:09<00:00,  6.09s/it]

[I 2026-05-04 11:58:49,429] Trial 176 finished with value: 2.4357172701008936 and parameters: {'rho_scale': 0.7699236255949926, 'f_n': 1.1702576236761896e-07, 'K_d': 317162.6173607603, 'fission_rate': 7.230552202447274e+19, 'Dg_D1_scale': 2.458160114394407, 'Dg_D3_scale': 0.719032152831556, 'Dv_D1_scale': 0.21193462438275065, 'Dv_D2_scale': 1.0287102631070857, 'b_bulk_scale': 0.05998516623576379, 'b_dislocation_scale': 1.7794076119644062, 'gb_scale': 0.4775064910014143, 'gd_bubble_scale': 1.884863911447067, 'gd_line_scale': 8.329715342646761, 'gd_line_alpha': 0.34969644652585535, 'coalescence_d_scale': 2.646937714031555, 'capture_scale': 5.131076700036999}. Best is trial 159 with value: 2.410059532186999.
[I 2026-05-04 11:58:56,392] Trial 177 finished with value: 2.5575170008649453 and parameters: {'rho_scale': 0.7663896042774152, 'f_n': 1.2580408159506593e-07, 'K_d': 318925.62216926605, 'fission_rate': 7.203678879756404e+19, 'Dg_D1_scale': 2.323617596054013, 'Dg_D3_scale': 0.6309968038346994, 'Dv_D1_scale': 0.22244233184372963, 'Dv_D2_scale': 1.0356074614851196, 'b_bulk_scale': 0.05912347244435822, 'b_dislocation_scale': 1.7654308226181423, 'gb_scale': 0.5998236138076333, 'gd_bubble_scale': 1.6004865146898293, 'gd_line_scale': 7.96071425449752, 'gd_line_alpha': 0.35532557303948004, 'coalescence_d_scale': 2.65485122062881, 'capture_scale': 5.385503424189}. Best is trial 159 with value: 2.410059532186999.
[I 2026-05-04 11:59:03,317] Trial 178 finished with value: 5.5172216468943835 and parameters: {'rho_scale': 0.7821102100532984, 'f_n': 1.0405918932072888e-07, 'K_d': 316188.58326167305, 'fission_rate': 7.314924376997258e+19, 'Dg_D1_scale': 2.6100855868926662, 'Dg_D3_scale': 0.701486524034649, 'Dv_D1_scale': 3.7760832268406093, 'Dv_D2_scale': 1.1972631897012962, 'b_bulk_scale': 0.050072348423795876, 'b_dislocation_scale': 1.7061838976310997, 'gb_scale': 0.4294838154986913, 'gd_bubble_scale': 3.3350088230449697, 'gd_line_scale': 8.631243893868763, 'gd_line_alpha': 0.2702784777063942, 'coalescence_d_scale': 2.5878151233699804, 'capture_scale': 6.72986607727588}. Best is trial 159 with value: 2.410059532186999.
