[I 2026-05-04 11:54:57,801] Trial 139 finished with value: 2.9187518968461754 and parameters: {'rho_scale': 0.8316188507484356, 'f_n': 3.340605843555578e-07, 'K_d': 359970.48070594104, 'fission_rate': 7.365579433831382e+19, 'Dg_D1_scale': 1.2679676006258174, 'Dg_D3_scale': 0.539082061570727, 'Dv_D1_scale': 0.23603698890742497, 'Dv_D2_scale': 0.8887663994030152, 'b_bulk_scale': 0.06588596787764597, 'b_dislocation_scale': 1.5616641686452686, 'gb_scale': 0.4178256309346836, 'gd_bubble_scale': 0.5672555182168629, 'gd_line_scale': 5.86567373091864, 'gd_line_alpha': 0.24685947517528609, 'coalescence_d_scale': 0.9809849109933856, 'capture_scale': 4.796829062023725}. Best is trial 94 with value: 2.4193650653076473.Best trial: 94. Best value: 2.41937:  59%|█████▉    | 59/100 [05:58<04:29,  6.57s/it]Best trial: 94. Best value: 2.41937:  59%|█████▉    | 59/100 [05:58<04:29,  6.57s/it]Best trial: 94. Best value: 2.41937:  60%|██████    | 60/100 [05:58<04:17,  6.45s/it]                                                                                     Best trial: 94. Best value: 2.41937:  60%|██████    | 60/100 [06:04<04:17,  6.45s/it]Best trial: 94. Best value: 2.41937:  60%|██████    | 60/100 [06:04<04:17,  6.45s/it]Best trial: 94. Best value: 2.41937:  61%|██████    | 61/100 [06:04<04:10,  6.42s/it]                                                                                     Best trial: 94. Best value: 2.41937:  61%|██████    | 61/100 [06:09<04:10,  6.42s/it]Best trial: 94. Best value: 2.41937:  61%|██████    | 61/100 [06:09<04:10,  6.42s/it]Best trial: 94. Best value: 2.41937:  62%|██████▏   | 62/100 [06:09<03:38,  5.75s/it]                                                                                     Best trial: 94. Best value: 2.41937:  62%|██████▏   | 62/100 [06:16<03:38,  5.75s/it]Best trial: 94. Best value: 2.41937:  62%|██████▏   | 62/100 [06:16<03:38,  5.75s/it]Best trial: 94. Best value: 2.41937:  63%|██████▎   | 63/100 [06:16<03:46,  6.13s/it]                                                                                     Best trial: 94. Best value: 2.41937:  63%|██████▎   | 63/100 [06:23<03:46,  6.13s/it]Best trial: 94. Best value: 2.41937:  63%|██████▎   | 63/100 [06:23<03:46,  6.13s/it]Best trial: 94. Best value: 2.41937:  64%|██████▍   | 64/100 [06:23<03:51,  6.43s/it]                                                                                     Best trial: 94. Best value: 2.41937:  64%|██████▍   | 64/100 [06:30<03:51,  6.43s/it]Best trial: 94. Best value: 2.41937:  64%|██████▍   | 64/100 [06:30<03:51,  6.43s/it]Best trial: 94. Best value: 2.41937:  65%|██████▌   | 65/100 [06:30<03:57,  6.78s/it]                                                                                     Best trial: 94. Best value: 2.41937:  65%|██████▌   | 65/100 [06:35<03:57,  6.78s/it]Best trial: 94. Best value: 2.41937:  65%|██████▌   | 65/100 [06:35<03:57,  6.78s/it]Best trial: 94. Best value: 2.41937:  66%|██████▌   | 66/100 [06:35<03:28,  6.15s/it]                                                                                     Best trial: 94. Best value: 2.41937:  66%|██████▌   | 66/100 [06:40<03:28,  6.15s/it]Best trial: 94. Best value: 2.41937:  66%|██████▌   | 66/100 [06:40<03:28,  6.15s/it]Best trial: 94. Best value: 2.41937:  67%|██████▋   | 67/100 [06:40<03:07,  5.68s/it]                                                                                     Best trial: 94. Best value: 2.41937:  67%|██████▋   | 67/100 [06:47<03:07,  5.68s/it]Best trial: 94. Best value: 2.41937:  67%|██████▋   | 67/100 [06:47<03:07,  5.68s/it]Best trial: 94. Best value: 2.41937:  68%|██████▊   | 68/100 [06:47<03:16,  6.15s/it]                                                                                     Best trial: 94. Best value: 2.41937:  68%|██████▊   | 68/100 [06:54<03:16,  6.15s/it]Best trial: 94. Best value: 2.41937:  68%|██████▊   | 68/100 [06:54<03:16,  6.15s/it]Best trial: 94. Best value: 2.41937:  69%|██████▉   | 69/100 [06:54<03:23,  6.57s/it]                                                                                     Best trial: 94. Best value: 2.41937:  69%|██████▉   | 69/100 [07:01<03:23,  6.57s/it]Best trial: 94. Best value: 2.41937:  69%|██████▉   | 69/100 [07:01<03:23,  6.57s/it]Best trial: 94. Best value: 2.41937:  70%|███████   | 70/100 [07:01<03:18,  6.61s/it]                                                                                     Best trial: 94. Best value: 2.41937:  70%|███████   | 70/100 [07:06<03:18,  6.61s/it]Best trial: 94. Best value: 2.41937:  70%|███████   | 70/100 [07:06<03:18,  6.61s/it]Best trial: 94. Best value: 2.41937:  71%|███████   | 71/100 [07:06<02:59,  6.20s/it]                                                                                     
[I 2026-05-04 11:55:04,163] Trial 140 finished with value: 2.836825235948627 and parameters: {'rho_scale': 0.7918606906740411, 'f_n': 2.438099898647207e-07, 'K_d': 337038.53305290855, 'fission_rate': 7.567638279586475e+19, 'Dg_D1_scale': 1.7809781974320167, 'Dg_D3_scale': 0.37366606728923835, 'Dv_D1_scale': 0.21912386290732389, 'Dv_D2_scale': 0.9932586487012887, 'b_bulk_scale': 0.11807170264386155, 'b_dislocation_scale': 1.6932291593754316, 'gb_scale': 0.33899314536014213, 'gd_bubble_scale': 0.3096414368747231, 'gd_line_scale': 5.067850591346205, 'gd_line_alpha': 0.21215796197533693, 'coalescence_d_scale': 1.3316768653931919, 'capture_scale': 3.073808476716123}. Best is trial 94 with value: 2.4193650653076473.
[I 2026-05-04 11:55:08,364] Trial 141 finished with value: 2.5627042423419226 and parameters: {'rho_scale': 0.8615099608266154, 'f_n': 7.754878071160629e-08, 'K_d': 344232.09509607544, 'fission_rate': 7.720814021614653e+19, 'Dg_D1_scale': 2.3393849317744495, 'Dg_D3_scale': 0.6487030758426494, 'Dv_D1_scale': 0.22629333514050437, 'Dv_D2_scale': 1.0604443774442145, 'b_bulk_scale': 0.0709078324469841, 'b_dislocation_scale': 0.9405763069532955, 'gb_scale': 0.2331327060685885, 'gd_bubble_scale': 0.7623550826637742, 'gd_line_scale': 4.600441926902456, 'gd_line_alpha': 0.2350692939960423, 'coalescence_d_scale': 1.993637129737729, 'capture_scale': 1.9054355052583418}. Best is trial 94 with value: 2.4193650653076473.
[I 2026-05-04 11:55:15,368] Trial 142 finished with value: 2.712657438153531 and parameters: {'rho_scale': 0.7259803020438441, 'f_n': 3.068025560669934e-08, 'K_d': 351341.72728583514, 'fission_rate': 7.271935841658784e+19, 'Dg_D1_scale': 2.147683359020736, 'Dg_D3_scale': 0.47051200720873393, 'Dv_D1_scale': 0.24809204213957697, 'Dv_D2_scale': 1.2191272776130753, 'b_bulk_scale': 0.08015800964491798, 'b_dislocation_scale': 1.3191441533345305, 'gb_scale': 0.25538604990756536, 'gd_bubble_scale': 0.6072437209235475, 'gd_line_scale': 8.13013017247773, 'gd_line_alpha': 0.2769404330436025, 'coalescence_d_scale': 2.3112438284834527, 'capture_scale': 2.599542727550265}. Best is trial 94 with value: 2.4193650653076473.
[I 2026-05-04 11:55:22,502] Trial 143 finished with value: 2.433883264297976 and parameters: {'rho_scale': 0.9032132335397223, 'f_n': 1.0199304172960783e-07, 'K_d': 331109.931580399, 'fission_rate': 7.655667188619824e+19, 'Dg_D1_scale': 1.0780594484805428, 'Dg_D3_scale': 0.43281948437850354, 'Dv_D1_scale': 0.20872063534254454, 'Dv_D2_scale': 1.141771121748369, 'b_bulk_scale': 0.05323394065180782, 'b_dislocation_scale': 1.1729001150830414, 'gb_scale': 0.377291138592947, 'gd_bubble_scale': 0.5162433327010414, 'gd_line_scale': 6.307113240244262, 'gd_line_alpha': 0.18954907510357882, 'coalescence_d_scale': 2.6742206081495064, 'capture_scale': 7.6501480522962995}. Best is trial 94 with value: 2.4193650653076473.
[I 2026-05-04 11:55:30,066] Trial 144 finished with value: 2.5201443002200743 and parameters: {'rho_scale': 0.8980998708717749, 'f_n': 9.886784694402687e-08, 'K_d': 332241.1273034838, 'fission_rate': 7.6483413695139e+19, 'Dg_D1_scale': 1.69700632198602, 'Dg_D3_scale': 0.43089898544579464, 'Dv_D1_scale': 0.20006124702781447, 'Dv_D2_scale': 0.9718737796434899, 'b_bulk_scale': 0.05361578793988779, 'b_dislocation_scale': 1.1082038544193267, 'gb_scale': 0.37130057693768587, 'gd_bubble_scale': 0.5036014813050679, 'gd_line_scale': 6.832827369875283, 'gd_line_alpha': 0.15961592700205146, 'coalescence_d_scale': 1.602434711212798, 'capture_scale': 7.750615767557752}. Best is trial 94 with value: 2.4193650653076473.
[I 2026-05-04 11:55:34,754] Trial 145 finished with value: 5.671918781267913 and parameters: {'rho_scale': 0.7746119865245911, 'f_n': 1.435413719949477e-07, 'K_d': 366862.84066248505, 'fission_rate': 7.422831506873583e+19, 'Dg_D1_scale': 1.5185046220118739, 'Dg_D3_scale': 0.40519707486484985, 'Dv_D1_scale': 0.21559993156752622, 'Dv_D2_scale': 1.1454534654810304, 'b_bulk_scale': 0.15167333494440477, 'b_dislocation_scale': 1.4709979854722912, 'gb_scale': 0.5296640848759112, 'gd_bubble_scale': 0.3592972223088365, 'gd_line_scale': 0.2645823177469242, 'gd_line_alpha': 0.12314581618758376, 'coalescence_d_scale': 15.654626786295449, 'capture_scale': 7.036093490873046}. Best is trial 94 with value: 2.4193650653076473.
[I 2026-05-04 11:55:39,330] Trial 146 finished with value: 2.654762242523703 and parameters: {'rho_scale': 0.8758695040174986, 'f_n': 1.844549344484134e-07, 'K_d': 328680.2199057455, 'fission_rate': 7.031698222361977e+19, 'Dg_D1_scale': 0.7684458303996459, 'Dg_D3_scale': 0.36550883341313345, 'Dv_D1_scale': 0.24132170363543237, 'Dv_D2_scale': 1.7196367571836704, 'b_bulk_scale': 0.047868662102943764, 'b_dislocation_scale': 1.1640959170884588, 'gb_scale': 0.4569349561950774, 'gd_bubble_scale': 0.4493233832666868, 'gd_line_scale': 5.535680002233281, 'gd_line_alpha': 0.18945392729408314, 'coalescence_d_scale': 2.8690585963460604, 'capture_scale': 5.839679177994663}. Best is trial 94 with value: 2.4193650653076473.
[I 2026-05-04 11:55:46,618] Trial 147 finished with value: 2.598334246446802 and parameters: {'rho_scale': 0.9178904381991823, 'f_n': 4.414190595451975e-07, 'K_d': 382118.61695276125, 'fission_rate': 7.723996571228781e+19, 'Dg_D1_scale': 1.8271336027642193, 'Dg_D3_scale': 0.5001537807736068, 'Dv_D1_scale': 0.20867300902074204, 'Dv_D2_scale': 1.0889397250501807, 'b_bulk_scale': 0.05805584806366732, 'b_dislocation_scale': 0.8369781845257765, 'gb_scale': 0.2948583290539213, 'gd_bubble_scale': 0.5648792406712404, 'gd_line_scale': 6.453476873309361, 'gd_line_alpha': 0.24531532904871947, 'coalescence_d_scale': 1.4188248367963663, 'capture_scale': 3.816050591727506}. Best is trial 94 with value: 2.4193650653076473.
[I 2026-05-04 11:55:54,145] Trial 148 finished with value: 2.492208487482079 and parameters: {'rho_scale': 0.8465187874552667, 'f_n': 7.298928929133027e-08, 'K_d': 352148.442301318, 'fission_rate': 7.538256089979129e+19, 'Dg_D1_scale': 2.2125759144087587, 'Dg_D3_scale': 0.39269260726609945, 'Dv_D1_scale': 0.2698631554223793, 'Dv_D2_scale': 0.8173918095450272, 'b_bulk_scale': 0.09240891913054772, 'b_dislocation_scale': 2.440484078209462, 'gb_scale': 0.3411317207804256, 'gd_bubble_scale': 0.6787582369295181, 'gd_line_scale': 8.951399680726759, 'gd_line_alpha': 0.20931977678876224, 'coalescence_d_scale': 1.8078815696139414, 'capture_scale': 1.607620903612351}. Best is trial 94 with value: 2.4193650653076473.
[I 2026-05-04 11:56:00,842] Trial 149 finished with value: 2.8057982076744663 and parameters: {'rho_scale': 0.6705473727110898, 'f_n': 6.623933045505757e-08, 'K_d': 339443.0143038014, 'fission_rate': 7.56711435517082e+19, 'Dg_D1_scale': 1.0832425638247674, 'Dg_D3_scale': 0.4020446419787352, 'Dv_D1_scale': 0.271449238122811, 'Dv_D2_scale': 0.8065709105690886, 'b_bulk_scale': 0.0669549187898066, 'b_dislocation_scale': 2.4749005859138675, 'gb_scale': 0.34122067596348965, 'gd_bubble_scale': 0.703260392919704, 'gd_line_scale': 8.106457680276513, 'gd_line_alpha': 0.21281177313644778, 'coalescence_d_scale': 2.071963554001138, 'capture_scale': 1.4332348993375414}. Best is trial 94 with value: 2.4193650653076473.
[I 2026-05-04 11:56:06,077] Trial 150 finished with value: 2.770003878660405 and parameters: {'rho_scale': 0.8229189991292988, 'f_n': 5.569584582598867e-08, 'K_d': 564088.8152109144, 'fission_rate': 7.313560305203115e+19, 'Dg_D1_scale': 1.9540150301331687, 'Dg_D3_scale': 0.3140851671034817, 'Dv_D1_scale': 0.2760847983279577, 'Dv_D2_scale': 0.8619854943691443, 'b_bulk_scale': 0.5165972400174411, 'b_dislocation_scale': 2.828947552796581, 'gb_scale': 0.5972645149536411, 'gd_bubble_scale': 0.8371287817158787, 'gd_line_scale': 9.140096064311589, 'gd_line_alpha': 0.23682103094170712, 'coalescence_d_scale': 1.8001969829599662, 'capture_scale': 1.6267641242438309}. Best is trial 94 with value: 2.4193650653076473.
[I 2026-05-04 11:56:13,002] Trial 151 finished with value: 2.608829535869791 and parameters: {'rho_scale': 0.8525728721542287, 'f_n': 1.0434698330979302e-07, 'K_d': 350736.3679837701, 'fission_rate': 7.520826249178017e+19, 'Dg_D1_scale': 2.0542339486563357, 'Dg_D3_scale': 0.44309952617127224, 'Dv_D1_scale': 0.22998912419943038, 'Dv_D2_scale': 1.3540806330585295, 'b_bulk_scale': 0.09591551113531582, 'b_dislocation_scale': 1.949379468522847, 'gb_scale': 0.40175226481225107, 'gd_bubble_scale': 0.6503994563622003, 'gd_line_scale': 5.916278924595437, 'gd_line_alpha': 0.19386970701712208, 'coalescence_d_scale': 2.653224431929468, 'capture_scale': 2.1048412903088494}. Best is trial 94 with value: 2.4193650653076473.Best trial: 94. Best value: 2.41937:  71%|███████   | 71/100 [07:13<02:59,  6.20s/it]Best trial: 94. Best value: 2.41937:  71%|███████   | 71/100 [07:13<02:59,  6.20s/it]Best trial: 94. Best value: 2.41937:  72%|███████▏  | 72/100 [07:13<02:59,  6.41s/it]                                                                                     Best trial: 94. Best value: 2.41937:  72%|███████▏  | 72/100 [07:20<02:59,  6.41s/it]Best trial: 94. Best value: 2.41937:  72%|███████▏  | 72/100 [07:20<02:59,  6.41s/it]Best trial: 94. Best value: 2.41937:  73%|███████▎  | 73/100 [07:20<02:56,  6.53s/it]                                                                                     Best trial: 94. Best value: 2.41937:  73%|███████▎  | 73/100 [07:27<02:56,  6.53s/it]Best trial: 94. Best value: 2.41937:  73%|███████▎  | 73/100 [07:27<02:56,  6.53s/it]Best trial: 94. Best value: 2.41937:  74%|███████▍  | 74/100 [07:27<02:51,  6.60s/it]                                                                                     Best trial: 94. Best value: 2.41937:  74%|███████▍  | 74/100 [07:34<02:51,  6.60s/it]Best trial: 94. Best value: 2.41937:  74%|███████▍  | 74/100 [07:34<02:51,  6.60s/it]Best trial: 94. Best value: 2.41937:  75%|███████▌  | 75/100 [07:34<02:46,  6.67s/it]                                                                                     Best trial: 94. Best value: 2.41937:  75%|███████▌  | 75/100 [07:35<02:46,  6.67s/it]Best trial: 94. Best value: 2.41937:  75%|███████▌  | 75/100 [07:35<02:46,  6.67s/it]Best trial: 94. Best value: 2.41937:  76%|███████▌  | 76/100 [07:35<02:02,  5.09s/it]                                                                                     Best trial: 94. Best value: 2.41937:  76%|███████▌  | 76/100 [07:42<02:02,  5.09s/it]Best trial: 94. Best value: 2.41937:  76%|███████▌  | 76/100 [07:42<02:02,  5.09s/it]Best trial: 94. Best value: 2.41937:  77%|███████▋  | 77/100 [07:42<02:10,  5.68s/it]                                                                                     Best trial: 94. Best value: 2.41937:  77%|███████▋  | 77/100 [07:49<02:10,  5.68s/it]Best trial: 94. Best value: 2.41937:  77%|███████▋  | 77/100 [07:49<02:10,  5.68s/it]Best trial: 94. Best value: 2.41937:  78%|███████▊  | 78/100 [07:49<02:12,  6.02s/it]                                                                                     Best trial: 94. Best value: 2.41937:  78%|███████▊  | 78/100 [07:55<02:12,  6.02s/it]Best trial: 94. Best value: 2.41937:  78%|███████▊  | 78/100 [07:56<02:12,  6.02s/it]Best trial: 94. Best value: 2.41937:  79%|███████▉  | 79/100 [07:56<02:09,  6.17s/it]                                                                                     Best trial: 94. Best value: 2.41937:  79%|███████▉  | 79/100 [08:02<02:09,  6.17s/it]Best trial: 159. Best value: 2.41006:  79%|███████▉  | 79/100 [08:03<02:09,  6.17s/it]Best trial: 159. Best value: 2.41006:  80%|████████  | 80/100 [08:03<02:08,  6.43s/it]                                                                                      Best trial: 159. Best value: 2.41006:  80%|████████  | 80/100 [08:07<02:08,  6.43s/it]Best trial: 159. Best value: 2.41006:  80%|████████  | 80/100 [08:07<02:08,  6.43s/it]Best trial: 159. Best value: 2.41006:  81%|████████  | 81/100 [08:07<01:51,  5.89s/it]                                                                                      Best trial: 159. Best value: 2.41006:  81%|████████  | 81/100 [08:14<01:51,  5.89s/it]Best trial: 159. Best value: 2.41006:  81%|████████  | 81/100 [08:14<01:51,  5.89s/it]Best trial: 159. Best value: 2.41006:  82%|████████▏ | 82/100 [08:14<01:52,  6.22s/it]                                                                                      Best trial: 159. Best value: 2.41006:  82%|████████▏ | 82/100 [08:21<01:52,  6.22s/it]Best trial: 159. Best value: 2.41006:  82%|████████▏ | 82/100 [08:21<01:52,  6.22s/it]Best trial: 159. Best value: 2.41006:  83%|████████▎ | 83/100 [08:21<01:49,  6.42s/it]                                                                                      
[I 2026-05-04 11:56:19,801] Trial 152 finished with value: 2.591409018180326 and parameters: {'rho_scale': 0.8851551577853118, 'f_n': 7.849200758157798e-08, 'K_d': 357079.95026716706, 'fission_rate': 7.990114091496566e+19, 'Dg_D1_scale': 2.2413547595064136, 'Dg_D3_scale': 0.386317847052517, 'Dv_D1_scale': 0.2502922366347753, 'Dv_D2_scale': 0.9987120073731355, 'b_bulk_scale': 0.08810683370439777, 'b_dislocation_scale': 1.7219888175138662, 'gb_scale': 0.28134182623482445, 'gd_bubble_scale': 0.5303675166662687, 'gd_line_scale': 7.726077413701812, 'gd_line_alpha': 0.17674819952030515, 'coalescence_d_scale': 1.6259467909636602, 'capture_scale': 2.2994590486903683}. Best is trial 94 with value: 2.4193650653076473.
[I 2026-05-04 11:56:26,585] Trial 153 finished with value: 2.456751820457615 and parameters: {'rho_scale': 0.9445533710137545, 'f_n': 1.2057923385103413e-07, 'K_d': 315234.2138592003, 'fission_rate': 7.627751266853149e+19, 'Dg_D1_scale': 2.3620580397601456, 'Dg_D3_scale': 0.4681727524973653, 'Dv_D1_scale': 0.21321913045694899, 'Dv_D2_scale': 1.123530890356368, 'b_bulk_scale': 0.06238827523495883, 'b_dislocation_scale': 1.5644268514087776, 'gb_scale': 0.32982833038220755, 'gd_bubble_scale': 0.4782542392449808, 'gd_line_scale': 6.995269043983197, 'gd_line_alpha': 0.3001250378757573, 'coalescence_d_scale': 2.2953462254220396, 'capture_scale': 7.743651181561619}. Best is trial 94 with value: 2.4193650653076473.
[I 2026-05-04 11:56:33,410] Trial 154 finished with value: 2.519897014888263 and parameters: {'rho_scale': 0.9432114082278231, 'f_n': 1.2221548128450406e-07, 'K_d': 315741.63450953393, 'fission_rate': 7.62602977245462e+19, 'Dg_D1_scale': 2.3613585236534007, 'Dg_D3_scale': 0.5457253295225559, 'Dv_D1_scale': 0.21102276187824798, 'Dv_D2_scale': 0.9107329122773142, 'b_bulk_scale': 0.06109892062068162, 'b_dislocation_scale': 1.5975388509441024, 'gb_scale': 0.3254563047687147, 'gd_bubble_scale': 0.41131911772040786, 'gd_line_scale': 9.026376242947974, 'gd_line_alpha': 0.3020906070080753, 'coalescence_d_scale': 2.31139442507211, 'capture_scale': 5.927138563203051}. Best is trial 94 with value: 2.4193650653076473.
[I 2026-05-04 11:56:34,811] Trial 155 finished with value: 5.241719936042697 and parameters: {'rho_scale': 0.9065134304593939, 'f_n': 4.8959882169144583e-08, 'K_d': 402845.8314358432, 'fission_rate': 7.442198222869868e+19, 'Dg_D1_scale': 2.754062995875754, 'Dg_D3_scale': 0.3603813041353315, 'Dv_D1_scale': 0.21865351942641637, 'Dv_D2_scale': 0.7600770896644612, 'b_bulk_scale': 0.05059173261925314, 'b_dislocation_scale': 2.317542490061973, 'gb_scale': 0.3751633541463811, 'gd_bubble_scale': 0.47901981940405025, 'gd_line_scale': 0.8165111151779544, 'gd_line_alpha': 0.355450218339162, 'coalescence_d_scale': 1.9188603971470057, 'capture_scale': 1.33024819723894}. Best is trial 94 with value: 2.4193650653076473.
[I 2026-05-04 11:56:41,856] Trial 156 finished with value: 2.464334109034233 and parameters: {'rho_scale': 0.9279397558848669, 'f_n': 7.158758556111401e-08, 'K_d': 313024.5651777979, 'fission_rate': 7.138535880944188e+19, 'Dg_D1_scale': 2.457661017985265, 'Dg_D3_scale': 0.6083318985837494, 'Dv_D1_scale': 0.201552139832485, 'Dv_D2_scale': 1.228785925624663, 'b_bulk_scale': 0.04319971132063842, 'b_dislocation_scale': 1.4134680500603987, 'gb_scale': 0.44118237423724377, 'gd_bubble_scale': 0.6297478641368586, 'gd_line_scale': 7.0987407705045555, 'gd_line_alpha': 0.2704191106401024, 'coalescence_d_scale': 2.137129960977174, 'capture_scale': 7.388632222473758}. Best is trial 94 with value: 2.4193650653076473.
[I 2026-05-04 11:56:48,670] Trial 157 finished with value: 2.523825342331064 and parameters: {'rho_scale': 0.9336542893890155, 'f_n': 8.086373647726798e-08, 'K_d': 326523.34316250077, 'fission_rate': 7.785555834876207e+19, 'Dg_D1_scale': 2.5680507258782734, 'Dg_D3_scale': 0.6072448941604366, 'Dv_D1_scale': 0.20425476044680038, 'Dv_D2_scale': 1.2277785319051546, 'b_bulk_scale': 0.05416898953843175, 'b_dislocation_scale': 1.4096312817751893, 'gb_scale': 0.4387087526066709, 'gd_bubble_scale': 0.7083101609220117, 'gd_line_scale': 7.2043281392319125, 'gd_line_alpha': 0.26740670593092575, 'coalescence_d_scale': 3.5240315296003977, 'capture_scale': 7.173571141828563}. Best is trial 94 with value: 2.4193650653076473.
