[I 2026-05-04 10:38:56,911] Trial 29 finished with value: 16.81150370769306 and parameters: {'rho_scale': 1.3807715003654724, 'f_n': 1.726091519814296e-09, 'K_d': 533686.8012435862, 'fission_rate': 6.3717011333237465e+19, 'Dg_D1_scale': 0.3792974405415848, 'Dg_D3_scale': 1.7063944079642224, 'Dv_D1_scale': 0.8901841609826832, 'Dv_D2_scale': 0.36215060802100973, 'b_bulk_scale': 0.17539626103649517, 'b_dislocation_scale': 0.06607377705599803, 'gb_scale': 1.99759819461716, 'gd_bubble_scale': 0.08289910858058715, 'gd_line_scale': 1.497307388935826, 'gd_line_alpha': 0.9060307059688537, 'coalescence_d_scale': 18.472553000749063, 'capture_scale': 1.2419174997728588}. Best is trial 19 with value: 2.9203551744644445.
Fast trials written to: UN_M7_optuna_v13_rhoSat_partition_results/capture_only/optuna_fast_trials_capture_only.csv
--------------------------------------------------------------------------------------------------------------------------------------------------------------------------
rank |     score |                        label |       f_n |       K_d |     rho_d |      Fdot |    Dv |    Dg |     b |    gb |    gd |  coal |   cap |  swD1600 |   Rd1600 |   NdDrop
--------------------------------------------------------------------------------------------------------------------------------------------------------------------------
   1 |      2.92 | capture_only_v13_trial_00019 |   3.8e-08 |   4.5e+05 |   3.0e+13 |   6.2e+19 |     1 |     1 |     1 |   7.2 |     1 |  0.26 |  0.01 |     1.51 |     72.2 | -0.00386
   2 |     3.055 | capture_only_v13_trial_00025 |   2.0e-06 |   4.1e+05 |   3.0e+13 |   4.5e+19 |     1 |     1 |     1 |   7.6 |     1 |  0.21 |   1.9 |     1.77 |     79.3 | -0.00229
   3 |     3.206 | capture_only_v13_trial_00012 |   2.8e-09 |   5.0e+05 |   3.0e+13 |   4.0e+19 |     1 |     1 |     1 |   3.8 |     1 |  0.83 |  0.82 |     1.33 |     52.4 |  -0.0374
   4 |     3.233 | capture_only_v13_trial_00028 |   2.5e-06 |   4.8e+05 |   3.0e+13 |   4.7e+19 |     1 |     1 |     1 |   3.2 |     1 |  0.17 | 0.047 |     1.15 |     62.2 |  0.00525
   5 |     3.266 | capture_only_v13_trial_00020 |   4.7e-08 |   4.4e+05 |   3.0e+13 |   5.5e+19 |     1 |     1 |     1 |   7.8 |     1 |  0.11 |   2.1 |    0.993 |     65.3 |  0.00757
   6 |     3.269 | capture_only_v13_trial_00022 |   8.5e-08 |   4.0e+05 |   3.0e+13 |   4.1e+19 |     1 |     1 |     1 |   4.3 |     1 |  0.27 |   1.7 |      2.9 |     92.9 |  -0.0231
   7 |     3.315 | capture_only_v13_trial_00024 |   1.0e-07 |   4.6e+05 |   3.0e+13 |   5.3e+19 |     1 |     1 |     1 |   2.4 |     1 |  0.27 |   0.6 |    0.965 |     58.9 | 0.000384
   8 |     3.475 | capture_only_v13_trial_00018 |   5.7e-09 |   4.5e+05 |   3.0e+13 |   6.2e+19 |     1 |     1 |     1 |   3.4 |     1 |  0.61 |  0.01 |     3.33 |     85.3 |  -0.0655
   9 |     3.525 | capture_only_v13_trial_00001 |   1.0e-08 |   8.0e+05 |   3.0e+13 |   7.5e+19 |     1 |     1 |     1 |     1 |     1 |     1 |   0.3 |      1.2 |     47.6 |  -0.0461
  10 |     3.569 | capture_only_v13_trial_00017 |   6.9e-10 |   7.3e+05 |   3.0e+13 |   7.2e+19 |     1 |     1 |     1 |   2.3 |     1 |   1.8 | 0.092 |     1.05 |       43 |  -0.0486
  11 |      3.61 | capture_only_v13_trial_00021 |   5.7e-08 |   4.5e+05 |   3.0e+13 |   5.5e+19 |     1 |     1 |     1 |   7.5 |     1 |  0.11 |   2.5 |    0.757 |     59.3 |  0.00838
  12 |      3.62 | capture_only_v13_trial_00027 |   1.4e-06 |   4.1e+05 |   3.0e+13 |   4.4e+19 |     1 |     1 |     1 |   4.2 |     1 |  0.31 |   4.5 |     3.82 |      103 |   -0.037
  13 |      3.97 | capture_only_v13_trial_00002 |   1.0e-06 |   5.0e+05 |   3.0e+13 |   5.0e+19 |     1 |     1 |     1 |     1 |     1 |     1 |     1 |      0.6 |     37.3 |  -0.0214
  14 |     4.039 | capture_only_v13_trial_00011 |   1.4e-09 |   3.5e+05 |   3.0e+13 |   5.6e+19 |     1 |     1 |     1 |  0.08 |     1 |  0.56 |  0.61 |      4.5 |      107 |  -0.0762
  15 |     4.051 | capture_only_v13_trial_00023 |   2.8e-08 |   5.4e+05 |   3.0e+13 |   6.1e+19 |     1 |     1 |     1 |   7.5 |     1 |  0.11 |   6.4 |    0.514 |     47.4 |  0.00947
--------------------------------------------------------------------------------------------------------------------------------------------------------------------------
Final rows written to: UN_M7_optuna_v13_rhoSat_partition_results/capture_only/optuna_final_top_capture_only.csv
--------------------------------------------------------------------------------------------------------------------------------------------------------------------------
rank |     score |                        label |       f_n |       K_d |     rho_d |      Fdot |    Dv |    Dg |     b |    gb |    gd |  coal |   cap |  swD1600 |   Rd1600 |   NdDrop
--------------------------------------------------------------------------------------------------------------------------------------------------------------------------
   1 |     2.938 | FINAL_rank1_capture_only_capture_only_v13_trial_00019 |   3.8e-08 |   4.5e+05 |   3.0e+13 |   6.2e+19 |     1 |     1 |     1 |   7.2 |     1 |  0.26 |  0.01 |     1.49 |     71.9 | -0.00349
   2 |      3.06 | FINAL_rank2_capture_only_capture_only_v13_trial_00025 |   2.0e-06 |   4.1e+05 |   3.0e+13 |   4.5e+19 |     1 |     1 |     1 |   7.6 |     1 |  0.21 |   1.9 |     1.77 |     79.3 | -0.00224
   3 |      3.42 | FINAL_rank3_capture_only_capture_only_v13_trial_00012 |   2.8e-09 |   5.0e+05 |   3.0e+13 |   4.0e+19 |     1 |     1 |     1 |   3.8 |     1 |  0.83 |  0.82 |     1.25 |     51.3 |  -0.0327
--------------------------------------------------------------------------------------------------------------------------------------------------------------------------

============================================================================================================================================
CAPTURE CHECK: best_capture_only_rank1_FINAL_rank1_capture_only_capture_only_v13_trial_00019, T=1600.0, burnup=3.2
============================================================================================================================================
f_cap_step is the physical clipped per-step fraction and must be <= 1.
capture_fraction_sum can exceed 1 because it is a diagnostic sum, not a physical fraction.
--------------------------------------------------------------------------------------------------------------------------------------------
final f_cap_step       = 5.890093e-09
max f_cap_step         = 4.485117e-07
final cap_raw_step     = 5.890093e-09
capture_fraction_sum   = 1.286208e-03
capture_raw_sum        = 1.286208e-03
captured bubbles cum.  = 6.103703e+16 m^-3
============================================================================================================================================

============================================================================================================================================
DIAGNOSTICS FOR best_capture_only_rank1
============================================================================================================================================
{'label': 'best_capture_only_rank1_FINAL_rank1_capture_only_capture_only_v13_trial_00019', 'f_n': 3.8129097173354105e-08, 'K_d': 446186.4889384602, 'rho_d': 30000000000000.0, 'fission_rate': 6.220721186420538e+19, 'Dv_scale': 1.0, 'Dg_scale': 1.0, 'b_scale': 1.0, 'gb_scale': 7.210405727617785, 'gd_scale': 1.0, 'coalescence_d_scale': 0.2640091901527924, 'capture_scale': 0.01033740169520341, 'D2_xe_scale': 1.0, 'Dg_D1_scale': 0.306734764423303, 'Dg_D3_scale': 2.0782242339694106, 'Dv_D1_scale': 0.31491206265697924, 'Dv_D2_scale': 0.6146780490573155, 'b_bulk_scale': 0.08780052183226376, 'b_dislocation_scale': 0.32533328825869223, 'gd_bubble_scale': 0.1201476380964746, 'gd_line_scale': 6.132125930833556, 'gd_line_alpha': 0.7802346887691747, 'family': 'capture_only'}
============================================================================================================================================

============================================================================================================================================
CAPTURE CHECK: best_capture_only_rank2_FINAL_rank2_capture_only_capture_only_v13_trial_00025, T=1600.0, burnup=3.2
============================================================================================================================================
f_cap_step is the physical clipped per-step fraction and must be <= 1.
capture_fraction_sum can exceed 1 because it is a diagnostic sum, not a physical fraction.
--------------------------------------------------------------------------------------------------------------------------------------------
final f_cap_step       = 2.906693e-06
max f_cap_step         = 5.276193e-05
final cap_raw_step     = 2.906693e-06
capture_fraction_sum   = 2.356900e-01
capture_raw_sum        = 2.356900e-01
captured bubbles cum.  = 7.329779e+19 m^-3
============================================================================================================================================

============================================================================================================================================
DIAGNOSTICS FOR best_capture_only_rank2
============================================================================================================================================
{'label': 'best_capture_only_rank2_FINAL_rank2_capture_only_capture_only_v13_trial_00025', 'f_n': 1.986174958666986e-06, 'K_d': 412837.7712999809, 'rho_d': 30000000000000.0, 'fission_rate': 4.490151756691985e+19, 'Dv_scale': 1.0, 'Dg_scale': 1.0, 'b_scale': 1.0, 'gb_scale': 7.6320589313187455, 'gd_scale': 1.0, 'coalescence_d_scale': 0.20830836595930416, 'capture_scale': 1.8899965062740633, 'D2_xe_scale': 1.0, 'Dg_D1_scale': 0.5613530810418685, 'Dg_D3_scale': 3.6360101187506992, 'Dv_D1_scale': 0.3877766603319124, 'Dv_D2_scale': 0.8589222609481455, 'b_bulk_scale': 0.13124687490275924, 'b_dislocation_scale': 0.10494895680866513, 'gd_bubble_scale': 0.17249173645668134, 'gd_line_scale': 5.2825318563128905, 'gd_line_alpha': 0.6460142484601605, 'family': 'capture_only'}
============================================================================================================================================

============================================================================================================================================
CAPTURE CHECK: best_capture_only_rank3_FINAL_rank3_capture_only_capture_only_v13_trial_00012, T=1600.0, burnup=3.2
============================================================================================================================================
f_cap_step is the physical clipped per-step fraction and must be <= 1.
capture_fraction_sum can exceed 1 because it is a diagnostic sum, not a physical fraction.
--------------------------------------------------------------------------------------------------------------------------------------------
final f_cap_step       = 8.991472e-08
max f_cap_step         = 4.296251e-05
final cap_raw_step     = 8.991472e-08
capture_fraction_sum   = 1.469632e-01
capture_raw_sum        = 1.469632e-01
captured bubbles cum.  = 1.623586e+18 m^-3
============================================================================================================================================

============================================================================================================================================
DIAGNOSTICS FOR best_capture_only_rank3
============================================================================================================================================
{'label': 'best_capture_only_rank3_FINAL_rank3_capture_only_capture_only_v13_trial_00012', 'f_n': 2.7606179334431083e-09, 'K_d': 500000.0, 'rho_d': 30000000000000.0, 'fission_rate': 4.0493251576816304e+19, 'Dv_scale': 1.0, 'Dg_scale': 1.0, 'b_scale': 1.0, 'gb_scale': 3.818654825015912, 'gd_scale': 1.0, 'coalescence_d_scale': 0.8312658249813273, 'capture_scale': 0.8219946656481634, 'D2_xe_scale': 1.0, 'Dg_D1_scale': 3.1373860358650116, 'Dg_D3_scale': 0.469419949013141, 'Dv_D1_scale': 0.3823448094344226, 'Dv_D2_scale': 1.9754299044274584, 'b_bulk_scale': 0.18701254428069897, 'b_dislocation_scale': 1.5087858865601682, 'gd_bubble_scale': 3.338260408569444, 'gd_line_scale': 1.8031663119640051, 'gd_line_alpha': 0.9889447358928702, 'family': 'capture_only'}
============================================================================================================================================
Summary written to: UN_M7_optuna_v13_rhoSat_partition_results/capture_only/optuna_summary_capture_only.md
[I 2026-05-04 11:01:50,604] Using an existing study with name 'UN_M7_capture_only' instead of creating a new one.
[I 2026-05-04 11:01:50,790] Trial with params {'f_n': 4.7e-08, 'K_d': 575000.0, 'rho_d': 30400000000000.0, 'fission_rate': 4.76e+19, 'Dv_scale': 0.591, 'Dg_scale': 0.552, 'D2_xe_scale': 1.0, 'b_scale': 0.233, 'gb_scale': 1.588, 'gd_scale': 0.328, 'coalescence_d_scale': 8.15, 'capture_scale': 2.97} already exists. Skipping enqueue.
[I 2026-05-04 11:01:50,793] Trial with params {'f_n': 1e-08, 'K_d': 800000.0, 'rho_d': 10000000000000.0, 'fission_rate': 7.5e+19, 'Dv_scale': 3.0, 'Dg_scale': 0.5, 'D2_xe_scale': 1.0, 'b_scale': 0.3, 'gb_scale': 1.0, 'gd_scale': 1.0, 'coalescence_d_scale': 1.0, 'capture_scale': 0.3} already exists. Skipping enqueue.
[I 2026-05-04 11:01:50,795] Trial with params {'f_n': 1e-06, 'K_d': 500000.0, 'rho_d': 30000000000000.0, 'fission_rate': 5e+19, 'Dv_scale': 1.0, 'Dg_scale': 1.0, 'D2_xe_scale': 1.0, 'b_scale': 1.0, 'gb_scale': 1.0, 'gd_scale': 1.0, 'coalescence_d_scale': 1.0, 'capture_scale': 1.0} already exists. Skipping enqueue.
[I 2026-05-04 11:01:50,797] Trial with params {'f_n': 1.3333e-08, 'K_d': 714300.0, 'rho_d': 46135000000000.0, 'fission_rate': 4.9558e+19, 'Dv_scale': 0.05, 'Dg_scale': 2.012, 'D2_xe_scale': 1.0, 'b_scale': 1.181, 'gb_scale': 0.8994, 'gd_scale': 3.641, 'coalescence_d_scale': 10.99, 'capture_scale': 3.247} already exists. Skipping enqueue.
[I 2026-05-04 11:01:50,800] Trial with params {'f_n': 2.5466e-07, 'K_d': 648460.0, 'rho_d': 35350000000000.0, 'fission_rate': 7.4799e+19, 'Dv_scale': 1.0, 'Dg_scale': 0.5333, 'D2_xe_scale': 1.0, 'b_scale': 3.066, 'gb_scale': 0.4625, 'gd_scale': 4.507, 'coalescence_d_scale': 6.997, 'capture_scale': 0.1401} already exists. Skipping enqueue.
[I 2026-05-04 11:01:50,803] Trial with params {'f_n': 1.9043e-07, 'K_d': 633680.0, 'rho_d': 48099000000000.0, 'fission_rate': 6.8347e+19, 'Dv_scale': 1.0, 'Dg_scale': 0.3921, 'D2_xe_scale': 1.0, 'b_scale': 3.704, 'gb_scale': 0.3881, 'gd_scale': 3.375, 'coalescence_d_scale': 7.005, 'capture_scale': 0.0608} already exists. Skipping enqueue.
[I 2026-05-04 11:01:50,805] Trial with params {'f_n': 1.3237e-08, 'K_d': 558920.0, 'rho_d': 24815000000000.0, 'fission_rate': 7.6621e+19, 'Dv_scale': 0.5, 'Dg_scale': 1.307, 'D2_xe_scale': 1.0, 'b_scale': 1.296, 'gb_scale': 0.4151, 'gd_scale': 1.963, 'coalescence_d_scale': 9.772, 'capture_scale': 0.1557} already exists. Skipping enqueue.
[I 2026-05-04 11:01:50,808] Trial with params {'f_n': 2.940436e-07, 'K_d': 1033314.0, 'rho_d': 12059490000000.0, 'fission_rate': 6.730293e+19, 'Dv_scale': 0.227099, 'Dg_scale': 2.163517, 'D2_xe_scale': 0.112489, 'b_scale': 0.09929, 'gb_scale': 1.445601, 'gd_scale': 4.396731, 'coalescence_d_scale': 3.880728, 'capture_scale': 0.024136} already exists. Skipping enqueue.
[I 2026-05-04 11:01:50,812] Trial with params {'f_n': 5.96478e-07, 'K_d': 1198283.0, 'rho_d': 9976134000000.0, 'fission_rate': 6.685431e+19, 'Dv_scale': 0.239374, 'Dg_scale': 2.580361, 'D2_xe_scale': 0.119911, 'b_scale': 0.115218, 'gb_scale': 1.009685, 'gd_scale': 4.737461, 'coalescence_d_scale': 2.916475, 'capture_scale': 0.027787} already exists. Skipping enqueue.
[I 2026-05-04 11:01:50,817] Trial with params {'f_n': 7.392651e-07, 'K_d': 1166892.0, 'rho_d': 11803530000000.0, 'fission_rate': 6.574543e+19, 'Dv_scale': 0.221547, 'Dg_scale': 2.170761, 'D2_xe_scale': 0.149876, 'b_scale': 0.126114, 'gb_scale': 1.30495, 'gd_scale': 5.541092, 'coalescence_d_scale': 2.726375, 'capture_scale': 0.023283} already exists. Skipping enqueue.
[I 2026-05-04 11:01:50,819] Trial with params {'rho_scale': 1.0, 'K_d': 500000.0} already exists. Skipping enqueue.
[I 2026-05-04 11:01:50,821] Trial with params {'rho_scale': 0.75, 'K_d': 350000.0} already exists. Skipping enqueue.
[I 2026-05-04 11:01:50,823] Trial with params {'rho_scale': 1.25, 'K_d': 500000.0} already exists. Skipping enqueue.
########################################################################################################################
V13 rhoSat + gas-to-grain-face + high-T dislocation plateau settings
family                         = capture_only
rhoFT2 enabled                 = True
rho_scale range                 = 0.5 -- 2
rho T shape                     = saturating Ray-Blank fit normalized at 1025 K
K_d range                       = 300000 -- 800000
direct exp weights              = sw 1.0, Rd 0.9, Nd 0.4, Nd-drop 1.0
v13 partition/qgb weights       = 0.95 / 1.2
v13 Nd highT target weight      = 0.8
qgb max low-mid/high            = 18.0 / 22.0
Fig8 disl/bulk radius weights   = 0.75 / 0.04
Fig6 burnup weight              = 0.02
output dir                      = UN_M7_optuna_v13_rhoSat_partition_results/capture_only
########################################################################################################################
########################################################################################################################
OPTUNA CALIBRATION: capture_only
########################################################################################################################
Output dir        = UN_M7_optuna_v13_rhoSat_partition_results/capture_only
Trials requested  = 50
FAST dt/modes     = 12 h / 22
FINAL dt/modes    = 1 h / 40
Pressure weight   = 0.22; free factor = 3
D2 Xe             = included, with D2_xe_scale
Coalescence       = active, scale never zero
Family switches   = phi_gas:False, nuc_mass:False, capture:True
########################################################################################################################
