[I 2026-05-04 12:25:00,122] Trial 218 finished with value: 2.4530858987751336 and parameters: {'rho_scale': 0.7481249634738003, 'f_n': 3.9740292400805744e-08, 'K_d': 335430.7610463831, 'fission_rate': 7.470255340887686e+19, 'Dg_D1_scale': 2.8667591252251805, 'Dg_D3_scale': 0.48479573280711613, 'Dv_D1_scale': 0.22081556734965901, 'Dv_D2_scale': 0.9396250845982613, 'b_bulk_scale': 0.05742577869868117, 'b_dislocation_scale': 1.6345666815046387, 'gb_scale': 0.4159760695240713, 'gd_bubble_scale': 2.438522941482541, 'gd_line_scale': 8.331412394151997, 'gd_line_alpha': 0.4644376062860923, 'coalescence_d_scale': 2.5379741306435926, 'capture_scale': 5.891934439976651}. Best is trial 212 with value: 2.3961457252248035.
[I 2026-05-04 12:25:06,913] Trial 219 finished with value: 2.4310120602907257 and parameters: {'rho_scale': 0.74898841299279, 'f_n': 4.220396169193349e-08, 'K_d': 336946.63262758445, 'fission_rate': 7.496080324773585e+19, 'Dg_D1_scale': 2.7872505690870124, 'Dg_D3_scale': 0.4940635935894759, 'Dv_D1_scale': 0.21912332073220447, 'Dv_D2_scale': 0.9615324103491975, 'b_bulk_scale': 0.07010102987688042, 'b_dislocation_scale': 1.6709732339571235, 'gb_scale': 0.48589807064403173, 'gd_bubble_scale': 2.325038117444597, 'gd_line_scale': 8.475289620578238, 'gd_line_alpha': 0.46505355497451195, 'coalescence_d_scale': 2.6316191526380908, 'capture_scale': 4.119900178383883}. Best is trial 212 with value: 2.3961457252248035.
[I 2026-05-04 12:25:13,683] Trial 220 finished with value: 2.4712367241724364 and parameters: {'rho_scale': 0.7522370330141179, 'f_n': 2.0958409761385392e-08, 'K_d': 333147.74230924837, 'fission_rate': 7.498387146791304e+19, 'Dg_D1_scale': 2.6662608926086153, 'Dg_D3_scale': 0.4968999864737846, 'Dv_D1_scale': 0.21980394431884326, 'Dv_D2_scale': 0.9460252120321097, 'b_bulk_scale': 0.06684780925933888, 'b_dislocation_scale': 1.6576217539269127, 'gb_scale': 0.48402682453258267, 'gd_bubble_scale': 2.49039943996598, 'gd_line_scale': 8.21875587738141, 'gd_line_alpha': 0.5369751010040047, 'coalescence_d_scale': 2.7636780440163666, 'capture_scale': 4.256952265686411}. Best is trial 212 with value: 2.3961457252248035.
[I 2026-05-04 12:25:20,471] Trial 221 finished with value: 2.5349342019632357 and parameters: {'rho_scale': 0.7549389925670558, 'f_n': 4.426067312624461e-08, 'K_d': 340725.1636248448, 'fission_rate': 7.53193670365276e+19, 'Dg_D1_scale': 2.7884282405382534, 'Dg_D3_scale': 0.45305329117415416, 'Dv_D1_scale': 0.2175769337419373, 'Dv_D2_scale': 1.0873990532906925, 'b_bulk_scale': 0.07071101463551228, 'b_dislocation_scale': 1.4248339263117156, 'gb_scale': 0.3844459474967394, 'gd_bubble_scale': 2.3066404720607454, 'gd_line_scale': 8.551883478966728, 'gd_line_alpha': 0.4894218388194054, 'coalescence_d_scale': 2.4578950224795197, 'capture_scale': 6.176730180328445}. Best is trial 212 with value: 2.3961457252248035.
[I 2026-05-04 12:25:27,018] Trial 222 finished with value: 2.4301023230673966 and parameters: {'rho_scale': 0.7765025995313551, 'f_n': 3.921452840925398e-08, 'K_d': 337661.22409821436, 'fission_rate': 7.436234617179575e+19, 'Dg_D1_scale': 2.523579832106313, 'Dg_D3_scale': 0.49376951405921266, 'Dv_D1_scale': 0.2149904044647592, 'Dv_D2_scale': 0.9852882760544605, 'b_bulk_scale': 0.05425078752976386, 'b_dislocation_scale': 1.6886885483576441, 'gb_scale': 0.4590157899560685, 'gd_bubble_scale': 2.7725084534499906, 'gd_line_scale': 7.685011624581404, 'gd_line_alpha': 0.3512041155998783, 'coalescence_d_scale': 2.9603807288359554, 'capture_scale': 4.714997367799529}. Best is trial 212 with value: 2.3961457252248035.
[I 2026-05-04 12:25:31,567] Trial 223 finished with value: 2.4295021368937224 and parameters: {'rho_scale': 0.7454583554865137, 'f_n': 3.902320753924006e-08, 'K_d': 336815.27331501537, 'fission_rate': 7.449424029759337e+19, 'Dg_D1_scale': 2.52748600999006, 'Dg_D3_scale': 0.49708364378210823, 'Dv_D1_scale': 0.2141407115003968, 'Dv_D2_scale': 0.9899581868769105, 'b_bulk_scale': 0.05977219006251264, 'b_dislocation_scale': 1.6758724233490894, 'gb_scale': 0.4335771198246493, 'gd_bubble_scale': 2.8168346727499305, 'gd_line_scale': 7.558324773466855, 'gd_line_alpha': 0.4609291780956668, 'coalescence_d_scale': 3.022142504278742, 'capture_scale': 4.907412698577185}. Best is trial 212 with value: 2.3961457252248035.
[I 2026-05-04 12:25:38,146] Trial 224 finished with value: 2.430514061922892 and parameters: {'rho_scale': 0.7810406132697437, 'f_n': 3.483676210784694e-08, 'K_d': 338814.10255403473, 'fission_rate': 7.593580054086717e+19, 'Dg_D1_scale': 2.5318807252174453, 'Dg_D3_scale': 0.5140008418658654, 'Dv_D1_scale': 0.21286992912371303, 'Dv_D2_scale': 1.0094090917992578, 'b_bulk_scale': 0.05843732439759888, 'b_dislocation_scale': 1.8178742828108432, 'gb_scale': 0.5725069805802568, 'gd_bubble_scale': 2.929127842047031, 'gd_line_scale': 7.573679870939542, 'gd_line_alpha': 0.3976126407095141, 'coalescence_d_scale': 3.0769163890867013, 'capture_scale': 4.080403675506565}. Best is trial 212 with value: 2.3961457252248035.
[I 2026-05-04 12:25:44,638] Trial 225 finished with value: 2.4661328952360058 and parameters: {'rho_scale': 0.7809566946708295, 'f_n': 3.657848193547219e-08, 'K_d': 340010.63474395097, 'fission_rate': 7.505160139106502e+19, 'Dg_D1_scale': 2.506152320163415, 'Dg_D3_scale': 0.4334736916201118, 'Dv_D1_scale': 0.21247832806472555, 'Dv_D2_scale': 1.0145445729608205, 'b_bulk_scale': 0.05744440975255768, 'b_dislocation_scale': 1.7887507368283424, 'gb_scale': 0.5833832861789243, 'gd_bubble_scale': 2.8074695402155867, 'gd_line_scale': 7.4170615250211815, 'gd_line_alpha': 0.3898687465394055, 'coalescence_d_scale': 3.2669966706602156, 'capture_scale': 4.918254370441014}. Best is trial 212 with value: 2.3961457252248035.
[I 2026-05-04 12:25:51,242] Trial 226 finished with value: 2.539927835710571 and parameters: {'rho_scale': 0.7819272617601425, 'f_n': 5.1091248658153206e-08, 'K_d': 337556.99607724266, 'fission_rate': 7.542989847090392e+19, 'Dg_D1_scale': 0.5844101772847405, 'Dg_D3_scale': 0.503942769459294, 'Dv_D1_scale': 0.21198686590249655, 'Dv_D2_scale': 0.9122192045905427, 'b_bulk_scale': 0.05415731381171103, 'b_dislocation_scale': 1.871366743020656, 'gb_scale': 0.5159512665646335, 'gd_bubble_scale': 3.1645832925715958, 'gd_line_scale': 8.998438850262048, 'gd_line_alpha': 0.4493591040815399, 'coalescence_d_scale': 3.17356537165971, 'capture_scale': 3.548538113327404}. Best is trial 212 with value: 2.3961457252248035.
[I 2026-05-04 12:25:57,550] Trial 227 finished with value: 2.49963606574078 and parameters: {'rho_scale': 0.808284079279233, 'f_n': 3.6203475233080854e-08, 'K_d': 320825.98719113995, 'fission_rate': 7.590935651675056e+19, 'Dg_D1_scale': 2.344314974714293, 'Dg_D3_scale': 0.45959285597834654, 'Dv_D1_scale': 0.21231544508440922, 'Dv_D2_scale': 0.9772061422236573, 'b_bulk_scale': 0.061461000867311946, 'b_dislocation_scale': 1.7023688681929665, 'gb_scale': 0.6502614336443207, 'gd_bubble_scale': 3.020986459580799, 'gd_line_scale': 7.572057550806232, 'gd_line_alpha': 0.46528834543760006, 'coalescence_d_scale': 3.6183408954221083, 'capture_scale': 5.041671875179811}. Best is trial 212 with value: 2.3961457252248035.Best trial: 212. Best value: 2.39615:  47%|████▋     | 47/100 [04:50<05:36,  6.35s/it]Best trial: 212. Best value: 2.39615:  47%|████▋     | 47/100 [04:50<05:36,  6.35s/it]Best trial: 212. Best value: 2.39615:  48%|████▊     | 48/100 [04:50<05:29,  6.34s/it]                                                                                      Best trial: 212. Best value: 2.39615:  48%|████▊     | 48/100 [04:55<05:29,  6.34s/it]Best trial: 212. Best value: 2.39615:  48%|████▊     | 48/100 [04:55<05:29,  6.34s/it]Best trial: 212. Best value: 2.39615:  49%|████▉     | 49/100 [04:55<04:49,  5.68s/it]                                                                                      Best trial: 212. Best value: 2.39615:  49%|████▉     | 49/100 [05:01<04:49,  5.68s/it]Best trial: 212. Best value: 2.39615:  49%|████▉     | 49/100 [05:01<04:49,  5.68s/it]Best trial: 212. Best value: 2.39615:  50%|█████     | 50/100 [05:01<04:54,  5.89s/it]                                                                                      Best trial: 212. Best value: 2.39615:  50%|█████     | 50/100 [05:05<04:54,  5.89s/it]Best trial: 212. Best value: 2.39615:  50%|█████     | 50/100 [05:05<04:54,  5.89s/it]Best trial: 212. Best value: 2.39615:  51%|█████     | 51/100 [05:05<04:19,  5.29s/it]                                                                                      Best trial: 212. Best value: 2.39615:  51%|█████     | 51/100 [05:11<04:19,  5.29s/it]Best trial: 212. Best value: 2.39615:  51%|█████     | 51/100 [05:11<04:19,  5.29s/it]Best trial: 212. Best value: 2.39615:  52%|█████▏    | 52/100 [05:11<04:32,  5.69s/it]                                                                                      Best trial: 212. Best value: 2.39615:  52%|█████▏    | 52/100 [05:18<04:32,  5.69s/it]Best trial: 212. Best value: 2.39615:  52%|█████▏    | 52/100 [05:18<04:32,  5.69s/it]Best trial: 212. Best value: 2.39615:  53%|█████▎    | 53/100 [05:18<04:41,  5.98s/it]                                                                                      Best trial: 212. Best value: 2.39615:  53%|█████▎    | 53/100 [05:22<04:41,  5.98s/it]Best trial: 212. Best value: 2.39615:  53%|█████▎    | 53/100 [05:22<04:41,  5.98s/it]Best trial: 212. Best value: 2.39615:  54%|█████▍    | 54/100 [05:22<04:12,  5.49s/it]                                                                                      Best trial: 212. Best value: 2.39615:  54%|█████▍    | 54/100 [05:29<04:12,  5.49s/it]Best trial: 212. Best value: 2.39615:  54%|█████▍    | 54/100 [05:29<04:12,  5.49s/it]Best trial: 212. Best value: 2.39615:  55%|█████▌    | 55/100 [05:29<04:20,  5.78s/it]                                                                                      Best trial: 212. Best value: 2.39615:  55%|█████▌    | 55/100 [05:36<04:20,  5.78s/it]Best trial: 212. Best value: 2.39615:  55%|█████▌    | 55/100 [05:36<04:20,  5.78s/it]Best trial: 212. Best value: 2.39615:  56%|█████▌    | 56/100 [05:36<04:28,  6.10s/it]                                                                                      Best trial: 212. Best value: 2.39615:  56%|█████▌    | 56/100 [05:39<04:28,  6.10s/it]Best trial: 212. Best value: 2.39615:  56%|█████▌    | 56/100 [05:39<04:28,  6.10s/it]Best trial: 212. Best value: 2.39615:  57%|█████▋    | 57/100 [05:39<03:50,  5.36s/it]                                                                                      Best trial: 212. Best value: 2.39615:  57%|█████▋    | 57/100 [05:46<03:50,  5.36s/it]Best trial: 237. Best value: 2.38864:  57%|█████▋    | 57/100 [05:46<03:50,  5.36s/it]Best trial: 237. Best value: 2.38864:  58%|█████▊    | 58/100 [05:46<04:01,  5.74s/it]                                                                                      Best trial: 237. Best value: 2.38864:  58%|█████▊    | 58/100 [05:50<04:01,  5.74s/it]Best trial: 237. Best value: 2.38864:  58%|█████▊    | 58/100 [05:50<04:01,  5.74s/it]Best trial: 237. Best value: 2.38864:  59%|█████▉    | 59/100 [05:50<03:35,  5.25s/it]                                                                                      
[I 2026-05-04 12:26:01,692] Trial 228 finished with value: 2.4405450109593034 and parameters: {'rho_scale': 0.7427689827843194, 'f_n': 4.240856714297072e-08, 'K_d': 331469.27032373013, 'fission_rate': 7.28682666371391e+19, 'Dg_D1_scale': 2.2200713018565286, 'Dg_D3_scale': 0.5120155529489531, 'Dv_D1_scale': 0.22806047770098012, 'Dv_D2_scale': 1.037763094986844, 'b_bulk_scale': 0.050307436040670235, 'b_dislocation_scale': 1.3837904427383783, 'gb_scale': 0.4748967305498447, 'gd_bubble_scale': 2.0728545946276578, 'gd_line_scale': 7.058900577369254, 'gd_line_alpha': 0.4056478718621524, 'coalescence_d_scale': 2.8681149376110677, 'capture_scale': 3.9283570371870806}. Best is trial 212 with value: 2.3961457252248035.
[I 2026-05-04 12:26:08,071] Trial 229 finished with value: 2.4983853576967867 and parameters: {'rho_scale': 0.7459858719474918, 'f_n': 4.4242988556173246e-08, 'K_d': 338916.23726500745, 'fission_rate': 7.413254295775053e+19, 'Dg_D1_scale': 2.2280954596262568, 'Dg_D3_scale': 0.489417229597769, 'Dv_D1_scale': 0.21158722498727311, 'Dv_D2_scale': 1.0407874632664866, 'b_bulk_scale': 0.050275727344134956, 'b_dislocation_scale': 1.283014997088956, 'gb_scale': 0.5506127563023102, 'gd_bubble_scale': 3.784694465488359, 'gd_line_scale': 9.122216895361696, 'gd_line_alpha': 0.4017525654084715, 'coalescence_d_scale': 2.9790457537824877, 'capture_scale': 3.7849852896197507}. Best is trial 212 with value: 2.3961457252248035.
[I 2026-05-04 12:26:11,956] Trial 230 finished with value: 4.854980156367369 and parameters: {'rho_scale': 0.7353791733749538, 'f_n': 5.5498105080171194e-08, 'K_d': 333017.8128579862, 'fission_rate': 7.310158377604064e+19, 'Dg_D1_scale': 2.560740761121252, 'Dg_D3_scale': 0.41856979052265714, 'Dv_D1_scale': 0.22309426772152222, 'Dv_D2_scale': 0.9832087129940446, 'b_bulk_scale': 0.0570613587966667, 'b_dislocation_scale': 1.462912044026063, 'gb_scale': 0.4770889500227254, 'gd_bubble_scale': 3.8905888643181825, 'gd_line_scale': 0.5767710787558757, 'gd_line_alpha': 0.43332101926474753, 'coalescence_d_scale': 3.945721911678482, 'capture_scale': 4.090547569679942}. Best is trial 212 with value: 2.3961457252248035.
[I 2026-05-04 12:26:18,567] Trial 231 finished with value: 2.4395168296651217 and parameters: {'rho_scale': 0.7684712601492082, 'f_n': 3.215403240091183e-08, 'K_d': 318474.2876256304, 'fission_rate': 7.23595802287057e+19, 'Dg_D1_scale': 2.6876360457624306, 'Dg_D3_scale': 0.5168027000470028, 'Dv_D1_scale': 0.2230989872895439, 'Dv_D2_scale': 1.095896333757072, 'b_bulk_scale': 0.04943640055054993, 'b_dislocation_scale': 1.8840070905950554, 'gb_scale': 0.46601185023205943, 'gd_bubble_scale': 1.9721370571239083, 'gd_line_scale': 6.949526440922887, 'gd_line_alpha': 0.4196998870003938, 'coalescence_d_scale': 2.883697153777314, 'capture_scale': 5.618498164152075}. Best is trial 212 with value: 2.3961457252248035.
[I 2026-05-04 12:26:25,233] Trial 232 finished with value: 2.4297878215132314 and parameters: {'rho_scale': 0.7615514528143106, 'f_n': 2.6300009626853595e-08, 'K_d': 317507.7272352193, 'fission_rate': 7.587261412098831e+19, 'Dg_D1_scale': 2.6584137596497324, 'Dg_D3_scale': 0.511329771919473, 'Dv_D1_scale': 0.2102719810304751, 'Dv_D2_scale': 1.0916294695130189, 'b_bulk_scale': 0.04966799175036314, 'b_dislocation_scale': 1.5514761053889707, 'gb_scale': 0.4711497360711366, 'gd_bubble_scale': 2.061973339887248, 'gd_line_scale': 7.585114792844726, 'gd_line_alpha': 0.3914965878361399, 'coalescence_d_scale': 2.8776376992693837, 'capture_scale': 4.841711844674628}. Best is trial 212 with value: 2.3961457252248035.
[I 2026-05-04 12:26:29,574] Trial 233 finished with value: 2.4168537459865833 and parameters: {'rho_scale': 0.7733422213174361, 'f_n': 2.546186958621787e-08, 'K_d': 314652.33601785265, 'fission_rate': 7.561263110377233e+19, 'Dg_D1_scale': 2.674612716620585, 'Dg_D3_scale': 0.4753644615322505, 'Dv_D1_scale': 0.20007416308762793, 'Dv_D2_scale': 1.1137340185242912, 'b_bulk_scale': 0.06920611120432722, 'b_dislocation_scale': 1.8415473793060861, 'gb_scale': 0.5200964883388997, 'gd_bubble_scale': 2.4350164031284875, 'gd_line_scale': 7.991312431739439, 'gd_line_alpha': 0.4258529248267109, 'coalescence_d_scale': 3.0732075902383884, 'capture_scale': 4.703237621419066}. Best is trial 212 with value: 2.3961457252248035.
[I 2026-05-04 12:26:36,036] Trial 234 finished with value: 2.4790943011849778 and parameters: {'rho_scale': 0.830935266142219, 'f_n': 2.7569857420864118e-08, 'K_d': 312738.6826298673, 'fission_rate': 7.599405223894793e+19, 'Dg_D1_scale': 2.399609558095239, 'Dg_D3_scale': 0.4693806399807002, 'Dv_D1_scale': 0.20126515629335776, 'Dv_D2_scale': 1.194004616066252, 'b_bulk_scale': 0.07026649889979189, 'b_dislocation_scale': 1.6734082555663368, 'gb_scale': 0.5746072116286685, 'gd_bubble_scale': 2.722639465335214, 'gd_line_scale': 8.053166828856181, 'gd_line_alpha': 0.4472155109104046, 'coalescence_d_scale': 3.417030130363508, 'capture_scale': 4.76632788854054}. Best is trial 212 with value: 2.3961457252248035.
[I 2026-05-04 12:26:42,858] Trial 235 finished with value: 2.506417141773171 and parameters: {'rho_scale': 0.7693366785982783, 'f_n': 5.362297059960769e-08, 'K_d': 315748.2050315495, 'fission_rate': 7.5775222034192e+19, 'Dg_D1_scale': 2.5275651158277377, 'Dg_D3_scale': 0.4467807628742009, 'Dv_D1_scale': 0.20987519303945984, 'Dv_D2_scale': 1.1325605326009303, 'b_bulk_scale': 0.0747944673874765, 'b_dislocation_scale': 1.5246452532897876, 'gb_scale': 0.5198183644712481, 'gd_bubble_scale': 2.528294877723579, 'gd_line_scale': 8.940958190016334, 'gd_line_alpha': 0.3551419671029145, 'coalescence_d_scale': 3.2533177495544003, 'capture_scale': 6.71306107967044}. Best is trial 212 with value: 2.3961457252248035.
[I 2026-05-04 12:26:46,500] Trial 236 finished with value: 5.851016975658107 and parameters: {'rho_scale': 1.7574997534431962, 'f_n': 2.4141505552411647e-08, 'K_d': 457024.08396619884, 'fission_rate': 7.485013668701079e+19, 'Dg_D1_scale': 2.725302100182563, 'Dg_D3_scale': 0.580644287113831, 'Dv_D1_scale': 0.21053494235983733, 'Dv_D2_scale': 1.0026587219347807, 'b_bulk_scale': 0.05988866527483741, 'b_dislocation_scale': 1.8076364958531945, 'gb_scale': 0.6037797995737539, 'gd_bubble_scale': 2.1892135018848236, 'gd_line_scale': 0.18731437520365657, 'gd_line_alpha': 0.4711464374600193, 'coalescence_d_scale': 3.07350926605139, 'capture_scale': 4.899077025382426}. Best is trial 212 with value: 2.3961457252248035.
[I 2026-05-04 12:26:53,133] Trial 237 finished with value: 2.3886367506236317 and parameters: {'rho_scale': 0.8067317244925946, 'f_n': 2.579958287797398e-08, 'K_d': 308355.1202213278, 'fission_rate': 7.567825958352411e+19, 'Dg_D1_scale': 2.5118854612908783, 'Dg_D3_scale': 0.4768855266593368, 'Dv_D1_scale': 0.20099451074036728, 'Dv_D2_scale': 1.0699092387862073, 'b_bulk_scale': 0.06538071457539382, 'b_dislocation_scale': 1.9545409590702998, 'gb_scale': 0.5066683417075464, 'gd_bubble_scale': 3.0789172955617774, 'gd_line_scale': 7.912488109305485, 'gd_line_alpha': 0.3451477076243003, 'coalescence_d_scale': 2.772266667842779, 'capture_scale': 4.397208668230846}. Best is trial 237 with value: 2.3886367506236317.
[I 2026-05-04 12:26:57,255] Trial 238 finished with value: 2.4188749599677197 and parameters: {'rho_scale': 0.8070719638370419, 'f_n': 1.7560942591544387e-08, 'K_d': 300069.66913946165, 'fission_rate': 7.60545569241403e+19, 'Dg_D1_scale': 2.4403862884412173, 'Dg_D3_scale': 0.49680596205617955, 'Dv_D1_scale': 0.21078064696010548, 'Dv_D2_scale': 1.225743107371348, 'b_bulk_scale': 0.06362335101406119, 'b_dislocation_scale': 2.0128479964990973, 'gb_scale': 0.5242510575024184, 'gd_bubble_scale': 2.9336404666862634, 'gd_line_scale': 8.18684987198865, 'gd_line_alpha': 0.3829627609769681, 'coalescence_d_scale': 2.817106351140429, 'capture_scale': 4.441670633226443}. Best is trial 237 with value: 2.3886367506236317.
