  0%|          | 0/100 [00:00<?, ?it/s]                                         0%|          | 0/100 [00:06<?, ?it/s]Best trial: 159. Best value: 2.41006:   0%|          | 0/100 [00:07<?, ?it/s]Best trial: 159. Best value: 2.41006:   1%|          | 1/100 [00:07<11:36,  7.03s/it]                                                                                     Best trial: 159. Best value: 2.41006:   1%|          | 1/100 [00:13<11:36,  7.03s/it]Best trial: 159. Best value: 2.41006:   1%|          | 1/100 [00:13<11:36,  7.03s/it]Best trial: 159. Best value: 2.41006:   2%|▏         | 2/100 [00:13<11:16,  6.90s/it]                                                                                     Best trial: 159. Best value: 2.41006:   2%|▏         | 2/100 [00:21<11:16,  6.90s/it]Best trial: 159. Best value: 2.41006:   2%|▏         | 2/100 [00:21<11:16,  6.90s/it]Best trial: 159. Best value: 2.41006:   3%|▎         | 3/100 [00:21<11:26,  7.08s/it]                                                                                     Best trial: 159. Best value: 2.41006:   3%|▎         | 3/100 [00:25<11:26,  7.08s/it]Best trial: 159. Best value: 2.41006:   3%|▎         | 3/100 [00:25<11:26,  7.08s/it]Best trial: 159. Best value: 2.41006:   4%|▍         | 4/100 [00:25<09:21,  5.85s/it]                                                                                     Best trial: 159. Best value: 2.41006:   4%|▍         | 4/100 [00:32<09:21,  5.85s/it]Best trial: 159. Best value: 2.41006:   4%|▍         | 4/100 [00:32<09:21,  5.85s/it]Best trial: 159. Best value: 2.41006:   5%|▌         | 5/100 [00:32<09:58,  6.30s/it]                                                                                     Best trial: 159. Best value: 2.41006:   5%|▌         | 5/100 [00:37<09:58,  6.30s/it]Best trial: 159. Best value: 2.41006:   5%|▌         | 5/100 [00:37<09:58,  6.30s/it]Best trial: 159. Best value: 2.41006:   6%|▌         | 6/100 [00:37<09:12,  5.88s/it]                                                                                     Best trial: 159. Best value: 2.41006:   6%|▌         | 6/100 [00:43<09:12,  5.88s/it]Best trial: 159. Best value: 2.41006:   6%|▌         | 6/100 [00:43<09:12,  5.88s/it]Best trial: 159. Best value: 2.41006:   7%|▋         | 7/100 [00:43<09:27,  6.10s/it]                                                                                     Best trial: 159. Best value: 2.41006:   7%|▋         | 7/100 [00:50<09:27,  6.10s/it]Best trial: 159. Best value: 2.41006:   7%|▋         | 7/100 [00:50<09:27,  6.10s/it]Best trial: 159. Best value: 2.41006:   8%|▊         | 8/100 [00:50<09:49,  6.41s/it]                                                                                     Best trial: 159. Best value: 2.41006:   8%|▊         | 8/100 [00:54<09:49,  6.41s/it]Best trial: 159. Best value: 2.41006:   8%|▊         | 8/100 [00:54<09:49,  6.41s/it]Best trial: 159. Best value: 2.41006:   9%|▉         | 9/100 [00:54<08:33,  5.64s/it]                                                                                     Best trial: 159. Best value: 2.41006:   9%|▉         | 9/100 [01:01<08:33,  5.64s/it]Best trial: 159. Best value: 2.41006:   9%|▉         | 9/100 [01:01<08:33,  5.64s/it]Best trial: 159. Best value: 2.41006:  10%|█         | 10/100 [01:01<08:52,  5.92s/it]                                                                                      Best trial: 159. Best value: 2.41006:  10%|█         | 10/100 [01:07<08:52,  5.92s/it]Best trial: 159. Best value: 2.41006:  10%|█         | 10/100 [01:07<08:52,  5.92s/it]Best trial: 159. Best value: 2.41006:  11%|█         | 11/100 [01:07<08:59,  6.07s/it]                                                                                      [I 2026-05-04 12:21:13,670] Trial 180 finished with value: 3.0613776617966875 and parameters: {'rho_scale': 0.7461123126301988, 'f_n': 1.208621599347659e-07, 'K_d': 312702.0124477272, 'fission_rate': 6.962443722970469e+19, 'Dg_D1_scale': 2.324772361901384, 'Dg_D3_scale': 0.6314161211478626, 'Dv_D1_scale': 0.8462131888457911, 'Dv_D2_scale': 1.0058113379603915, 'b_bulk_scale': 0.04980146928238435, 'b_dislocation_scale': 1.9230500189884296, 'gb_scale': 0.4746195711622567, 'gd_bubble_scale': 1.7566322928312443, 'gd_line_scale': 9.132337824335371, 'gd_line_alpha': 0.25628311971948226, 'coalescence_d_scale': 2.423890815204252, 'capture_scale': 6.5055046084540855}. Best is trial 159 with value: 2.410059532186999.
[I 2026-05-04 12:21:20,482] Trial 181 finished with value: 2.492408423411164 and parameters: {'rho_scale': 0.7178370133003242, 'f_n': 5.241008198970069e-08, 'K_d': 303996.9391322619, 'fission_rate': 7.032787197004441e+19, 'Dg_D1_scale': 2.4685226957382413, 'Dg_D3_scale': 0.5255930466154581, 'Dv_D1_scale': 0.20019760406251863, 'Dv_D2_scale': 0.8584386720313817, 'b_bulk_scale': 0.0417046748122593, 'b_dislocation_scale': 2.261772124271493, 'gb_scale': 0.49881302236965563, 'gd_bubble_scale': 2.2034921883306873, 'gd_line_scale': 9.84293674827786, 'gd_line_alpha': 0.28630140891535855, 'coalescence_d_scale': 3.1150657701949584, 'capture_scale': 7.979607573270036}. Best is trial 159 with value: 2.410059532186999.
[I 2026-05-04 12:21:27,781] Trial 182 finished with value: 2.8403562508471203 and parameters: {'rho_scale': 0.7328411888671419, 'f_n': 7.865437238532765e-08, 'K_d': 323535.497569845, 'fission_rate': 7.172832938811551e+19, 'Dg_D1_scale': 2.589371538939753, 'Dg_D3_scale': 0.5758199913357236, 'Dv_D1_scale': 0.22264342411613472, 'Dv_D2_scale': 1.134033526774417, 'b_bulk_scale': 1.2803479609039639, 'b_dislocation_scale': 1.939038412920374, 'gb_scale': 0.4516828074994053, 'gd_bubble_scale': 1.3627084480230527, 'gd_line_scale': 9.981469174693553, 'gd_line_alpha': 0.3153529167372461, 'coalescence_d_scale': 2.859402567165808, 'capture_scale': 5.234146690068362}. Best is trial 159 with value: 2.410059532186999.
[I 2026-05-04 12:21:31,736] Trial 183 finished with value: 2.531011556878094 and parameters: {'rho_scale': 0.6918674701254669, 'f_n': 6.497421384773568e-08, 'K_d': 307867.79833054345, 'fission_rate': 7.256759861780293e+19, 'Dg_D1_scale': 2.462718908794552, 'Dg_D3_scale': 0.5160394653427667, 'Dv_D1_scale': 0.21430209627065147, 'Dv_D2_scale': 0.9639088171908693, 'b_bulk_scale': 0.05684210770917224, 'b_dislocation_scale': 1.7345707692927224, 'gb_scale': 0.6777250662489804, 'gd_bubble_scale': 2.811830473982273, 'gd_line_scale': 7.931918743373117, 'gd_line_alpha': 0.3463380553049805, 'coalescence_d_scale': 2.7228157993096347, 'capture_scale': 6.01639956324127}. Best is trial 159 with value: 2.410059532186999.
[I 2026-05-04 12:21:38,850] Trial 184 finished with value: 2.7466994401516946 and parameters: {'rho_scale': 0.7946717447562458, 'f_n': 3.4960456570765723e-10, 'K_d': 317847.915308061, 'fission_rate': 7.3552404899446284e+19, 'Dg_D1_scale': 2.246826434276055, 'Dg_D3_scale': 0.743406777713948, 'Dv_D1_scale': 0.21020005199627748, 'Dv_D2_scale': 1.0402850227056581, 'b_bulk_scale': 0.046959690994144765, 'b_dislocation_scale': 2.049430582969317, 'gb_scale': 0.5442633432061185, 'gd_bubble_scale': 0.9222350676901268, 'gd_line_scale': 7.609439316062723, 'gd_line_alpha': 0.2830264773902636, 'coalescence_d_scale': 3.3413382050096008, 'capture_scale': 7.067083081466622}. Best is trial 159 with value: 2.410059532186999.
[I 2026-05-04 12:21:43,914] Trial 185 finished with value: 3.3007107081361813 and parameters: {'rho_scale': 0.7676619569256018, 'f_n': 2.1503281902358846e-07, 'K_d': 311456.42602215504, 'fission_rate': 7.105923547716184e+19, 'Dg_D1_scale': 2.913687901002658, 'Dg_D3_scale': 0.4934892189862629, 'Dv_D1_scale': 0.22541611886507945, 'Dv_D2_scale': 1.2505274055021698, 'b_bulk_scale': 0.039257230251008426, 'b_dislocation_scale': 2.667294431453469, 'gb_scale': 0.8120871592500023, 'gd_bubble_scale': 1.2324558955710168, 'gd_line_scale': 8.850943304688554, 'gd_line_alpha': 0.25355195937565633, 'coalescence_d_scale': 2.403295539371849, 'capture_scale': 4.8567221897428485}. Best is trial 159 with value: 2.410059532186999.
[I 2026-05-04 12:21:50,456] Trial 186 finished with value: 2.480377776980171 and parameters: {'rho_scale': 0.6983598732816273, 'f_n': 5.050369515265729e-08, 'K_d': 323254.087224194, 'fission_rate': 7.238210999313817e+19, 'Dg_D1_scale': 2.6094968289378047, 'Dg_D3_scale': 0.5969385340147716, 'Dv_D1_scale': 0.20224744453274662, 'Dv_D2_scale': 0.8851640236875931, 'b_bulk_scale': 0.04220897373031161, 'b_dislocation_scale': 2.2642142426283614, 'gb_scale': 0.4171451799145243, 'gd_bubble_scale': 0.9983891482058072, 'gd_line_scale': 9.049525753608647, 'gd_line_alpha': 0.3343203019299778, 'coalescence_d_scale': 2.9870832890245627, 'capture_scale': 5.889531836968656}. Best is trial 159 with value: 2.410059532186999.
[I 2026-05-04 12:21:57,525] Trial 187 finished with value: 2.626597090297867 and parameters: {'rho_scale': 0.7412569989691574, 'f_n': 3.826336310697021e-08, 'K_d': 303426.07067181787, 'fission_rate': 6.996676690325268e+19, 'Dg_D1_scale': 2.4086019722406924, 'Dg_D3_scale': 0.5487127148820754, 'Dv_D1_scale': 0.20028645914471607, 'Dv_D2_scale': 1.1770535412879168, 'b_bulk_scale': 0.055734967303533015, 'b_dislocation_scale': 1.5231077215913778, 'gb_scale': 0.4834520434625874, 'gd_bubble_scale': 0.8429992274093702, 'gd_line_scale': 9.99562840784322, 'gd_line_alpha': 0.27056856965137605, 'coalescence_d_scale': 3.746893185324389, 'capture_scale': 7.929394565820167}. Best is trial 159 with value: 2.410059532186999.
[I 2026-05-04 12:22:01,480] Trial 188 finished with value: 2.602004324409572 and parameters: {'rho_scale': 0.7779792908291204, 'f_n': 8.837430219979573e-08, 'K_d': 332334.8078163027, 'fission_rate': 6.916684679388816e+19, 'Dg_D1_scale': 2.220548340022297, 'Dg_D3_scale': 0.48225410103444544, 'Dv_D1_scale': 0.23508507214631613, 'Dv_D2_scale': 1.4595899544680795, 'b_bulk_scale': 0.0497609108892486, 'b_dislocation_scale': 1.8398527399399998, 'gb_scale': 0.6208899161014443, 'gd_bubble_scale': 0.824244332863681, 'gd_line_scale': 7.315700243294825, 'gd_line_alpha': 0.31354081750699314, 'coalescence_d_scale': 2.36092913668145, 'capture_scale': 6.855814002075835}. Best is trial 159 with value: 2.410059532186999.
[I 2026-05-04 12:22:08,008] Trial 189 finished with value: 2.4221915258997284 and parameters: {'rho_scale': 0.6563640135737809, 'f_n': 6.852209905419716e-08, 'K_d': 316457.83051117306, 'fission_rate': 7.314134416426271e+19, 'Dg_D1_scale': 2.9036829792715935, 'Dg_D3_scale': 0.6290334367605759, 'Dv_D1_scale': 0.21989750708908173, 'Dv_D2_scale': 1.0832656266977476, 'b_bulk_scale': 0.03682223437973014, 'b_dislocation_scale': 1.6415947808904445, 'gb_scale': 0.44106086135474787, 'gd_bubble_scale': 1.1135422080521589, 'gd_line_scale': 8.506911298487713, 'gd_line_alpha': 0.23660388347579686, 'coalescence_d_scale': 2.623019315940379, 'capture_scale': 6.418883093557618}. Best is trial 159 with value: 2.410059532186999.
[I 2026-05-04 12:22:14,412] Trial 190 finished with value: 2.4862097444171 and parameters: {'rho_scale': 0.6714193653172169, 'f_n': 1.0948992530959007e-07, 'K_d': 317718.33112341264, 'fission_rate': 7.291085895847792e+19, 'Dg_D1_scale': 2.711313024373297, 'Dg_D3_scale': 0.641395459020246, 'Dv_D1_scale': 0.22089718713769027, 'Dv_D2_scale': 1.0908542761350826, 'b_bulk_scale': 0.03745579662688276, 'b_dislocation_scale': 1.7145574597111553, 'gb_scale': 0.4116410549813525, 'gd_bubble_scale': 1.3088214347173333, 'gd_line_scale': 8.158075939802238, 'gd_line_alpha': 0.23118209318563424, 'coalescence_d_scale': 2.6607577277315415, 'capture_scale': 4.210534499063251}. Best is trial 159 with value: 2.410059532186999.
[I 2026-05-04 12:22:20,937] Trial 191 finished with value: 2.4864290229189785 and parameters: {'rho_scale': 0.7154979615830751, 'f_n': 6.229415982469923e-08, 'K_d': 310688.8488362967, 'fission_rate': 7.210046146011914e+19, 'Dg_D1_scale': 2.889023444557137, 'Dg_D3_scale': 0.6986708029757231, 'Dv_D1_scale': 0.21244003359619348, 'Dv_D2_scale': 0.9790457947776637, 'b_bulk_scale': 0.044529071842806314, 'b_dislocation_scale': 1.9614298973434168, 'gb_scale': 0.5138925941885016, 'gd_bubble_scale': 1.4448117372020217, 'gd_line_scale': 8.694581185336336, 'gd_line_alpha': 0.24538319967240668, 'coalescence_d_scale': 3.0725875851688516, 'capture_scale': 6.3521994557350006}. Best is trial 159 with value: 2.410059532186999.Best trial: 159. Best value: 2.41006:  11%|█         | 11/100 [01:14<08:59,  6.07s/it]Best trial: 159. Best value: 2.41006:  11%|█         | 11/100 [01:14<08:59,  6.07s/it]Best trial: 159. Best value: 2.41006:  12%|█▏        | 12/100 [01:14<09:06,  6.21s/it]                                                                                      Best trial: 159. Best value: 2.41006:  12%|█▏        | 12/100 [01:20<09:06,  6.21s/it]Best trial: 192. Best value: 2.40203:  12%|█▏        | 12/100 [01:21<09:06,  6.21s/it]Best trial: 192. Best value: 2.40203:  13%|█▎        | 13/100 [01:21<09:14,  6.37s/it]                                                                                      Best trial: 192. Best value: 2.40203:  13%|█▎        | 13/100 [01:24<09:14,  6.37s/it]Best trial: 192. Best value: 2.40203:  13%|█▎        | 13/100 [01:24<09:14,  6.37s/it]Best trial: 192. Best value: 2.40203:  14%|█▍        | 14/100 [01:24<08:04,  5.64s/it]                                                                                      Best trial: 192. Best value: 2.40203:  14%|█▍        | 14/100 [01:31<08:04,  5.64s/it]Best trial: 192. Best value: 2.40203:  14%|█▍        | 14/100 [01:31<08:04,  5.64s/it]Best trial: 192. Best value: 2.40203:  15%|█▌        | 15/100 [01:31<08:15,  5.82s/it]                                                                                      Best trial: 192. Best value: 2.40203:  15%|█▌        | 15/100 [01:37<08:15,  5.82s/it]Best trial: 192. Best value: 2.40203:  15%|█▌        | 15/100 [01:37<08:15,  5.82s/it]Best trial: 192. Best value: 2.40203:  16%|█▌        | 16/100 [01:37<08:16,  5.91s/it]                                                                                      Best trial: 192. Best value: 2.40203:  16%|█▌        | 16/100 [01:40<08:16,  5.91s/it]Best trial: 192. Best value: 2.40203:  16%|█▌        | 16/100 [01:40<08:16,  5.91s/it]Best trial: 192. Best value: 2.40203:  17%|█▋        | 17/100 [01:40<07:06,  5.13s/it]                                                                                      Best trial: 192. Best value: 2.40203:  17%|█▋        | 17/100 [01:46<07:06,  5.13s/it]Best trial: 192. Best value: 2.40203:  17%|█▋        | 17/100 [01:46<07:06,  5.13s/it]Best trial: 192. Best value: 2.40203:  18%|█▊        | 18/100 [01:46<07:27,  5.46s/it]                                                                                      Best trial: 192. Best value: 2.40203:  18%|█▊        | 18/100 [01:52<07:27,  5.46s/it]Best trial: 192. Best value: 2.40203:  18%|█▊        | 18/100 [01:52<07:27,  5.46s/it]Best trial: 192. Best value: 2.40203:  19%|█▉        | 19/100 [01:52<07:31,  5.57s/it]                                                                                      Best trial: 192. Best value: 2.40203:  19%|█▉        | 19/100 [01:56<07:31,  5.57s/it]Best trial: 192. Best value: 2.40203:  19%|█▉        | 19/100 [01:56<07:31,  5.57s/it]Best trial: 192. Best value: 2.40203:  20%|██        | 20/100 [01:56<06:44,  5.06s/it]                                                                                      Best trial: 192. Best value: 2.40203:  20%|██        | 20/100 [01:59<06:44,  5.06s/it]Best trial: 192. Best value: 2.40203:  20%|██        | 20/100 [02:00<06:44,  5.06s/it]Best trial: 192. Best value: 2.40203:  21%|██        | 21/100 [02:00<06:01,  4.57s/it]                                                                                      Best trial: 192. Best value: 2.40203:  21%|██        | 21/100 [02:06<06:01,  4.57s/it]Best trial: 192. Best value: 2.40203:  21%|██        | 21/100 [02:06<06:01,  4.57s/it]Best trial: 192. Best value: 2.40203:  22%|██▏       | 22/100 [02:06<06:47,  5.23s/it]                                                                                      Best trial: 192. Best value: 2.40203:  22%|██▏       | 22/100 [02:13<06:47,  5.23s/it]Best trial: 192. Best value: 2.40203:  22%|██▏       | 22/100 [02:13<06:47,  5.23s/it]Best trial: 192. Best value: 2.40203:  23%|██▎       | 23/100 [02:13<07:18,  5.70s/it]                                                                                      
[I 2026-05-04 12:22:27,671] Trial 192 finished with value: 2.402031198233256 and parameters: {'rho_scale': 0.7937012526761917, 'f_n': 4.617262124805444e-08, 'K_d': 326333.4597580563, 'fission_rate': 7.089214664483557e+19, 'Dg_D1_scale': 2.6121392230676435, 'Dg_D3_scale': 0.5314596383428392, 'Dv_D1_scale': 0.20004043822238496, 'Dv_D2_scale': 1.0238069607637799, 'b_bulk_scale': 0.036640303881804795, 'b_dislocation_scale': 1.600775317657161, 'gb_scale': 0.46117076082199193, 'gd_bubble_scale': 1.7578045267549078, 'gd_line_scale': 7.498226223664105, 'gd_line_alpha': 0.28179393332946934, 'coalescence_d_scale': 2.738244236746358, 'capture_scale': 5.455235032579761}. Best is trial 192 with value: 2.402031198233256.
[I 2026-05-04 12:22:31,639] Trial 193 finished with value: 2.414752541576156 and parameters: {'rho_scale': 0.7926496554493023, 'f_n': 4.5488813096840266e-08, 'K_d': 324917.96767134627, 'fission_rate': 7.359151673273458e+19, 'Dg_D1_scale': 2.667437572903176, 'Dg_D3_scale': 0.47227072519852303, 'Dv_D1_scale': 0.2330433939317379, 'Dv_D2_scale': 1.0583977417078625, 'b_bulk_scale': 0.03622810288975822, 'b_dislocation_scale': 1.5853613529143271, 'gb_scale': 0.44416768463219414, 'gd_bubble_scale': 1.8167621325345211, 'gd_line_scale': 7.100457950905046, 'gd_line_alpha': 0.27477709640401926, 'coalescence_d_scale': 2.2738424420841192, 'capture_scale': 5.007008983201416}. Best is trial 192 with value: 2.402031198233256.
[I 2026-05-04 12:22:37,894] Trial 194 finished with value: 2.4373414691786905 and parameters: {'rho_scale': 0.7928361924637357, 'f_n': 4.603264428847909e-08, 'K_d': 325970.9319054831, 'fission_rate': 7.371065335213147e+19, 'Dg_D1_scale': 2.6908870184102027, 'Dg_D3_scale': 0.4753884142317588, 'Dv_D1_scale': 0.23736130691558352, 'Dv_D2_scale': 1.0322658573824859, 'b_bulk_scale': 0.03418234531992821, 'b_dislocation_scale': 1.610632175880313, 'gb_scale': 0.5752197974100668, 'gd_bubble_scale': 1.7975206871515412, 'gd_line_scale': 7.749313915656551, 'gd_line_alpha': 0.22824605342062357, 'coalescence_d_scale': 2.5352084198792535, 'capture_scale': 5.418954726896213}. Best is trial 192 with value: 2.402031198233256.
[I 2026-05-04 12:22:43,994] Trial 195 finished with value: 2.4674875379157157 and parameters: {'rho_scale': 0.6163851416666558, 'f_n': 4.0898789703607965e-08, 'K_d': 325962.9737447842, 'fission_rate': 7.389070603317812e+19, 'Dg_D1_scale': 3.247325525490526, 'Dg_D3_scale': 0.4720540239453867, 'Dv_D1_scale': 0.2388105247425735, 'Dv_D2_scale': 1.0465897994534896, 'b_bulk_scale': 0.034795148326198094, 'b_dislocation_scale': 1.5984679398709363, 'gb_scale': 0.5556713410245114, 'gd_bubble_scale': 1.7523912577547431, 'gd_line_scale': 7.412844566425339, 'gd_line_alpha': 0.23461083878433484, 'coalescence_d_scale': 2.385360528014303, 'capture_scale': 5.14016059534754}. Best is trial 192 with value: 2.402031198233256.
[I 2026-05-04 12:22:47,329] Trial 196 finished with value: 5.533485929761037 and parameters: {'rho_scale': 0.7900276174194761, 'f_n': 3.7570849125772575e-08, 'K_d': 333110.9108598384, 'fission_rate': 7.316501663834025e+19, 'Dg_D1_scale': 0.9009254380671378, 'Dg_D3_scale': 0.5080173856806685, 'Dv_D1_scale': 0.2288827051052629, 'Dv_D2_scale': 1.123616297911092, 'b_bulk_scale': 0.03592987566795202, 'b_dislocation_scale': 1.6336806992741246, 'gb_scale': 0.38820296874302745, 'gd_bubble_scale': 1.8799014563880365, 'gd_line_scale': 0.1206247978440142, 'gd_line_alpha': 0.22020401503306095, 'coalescence_d_scale': 2.441315929538216, 'capture_scale': 5.61227294167868}. Best is trial 192 with value: 2.402031198233256.
[I 2026-05-04 12:22:53,535] Trial 197 finished with value: 2.516829924234531 and parameters: {'rho_scale': 0.7602847991083919, 'f_n': 4.998714494986973e-08, 'K_d': 322023.25448245904, 'fission_rate': 7.4286532688442e+19, 'Dg_D1_scale': 2.9179763110129846, 'Dg_D3_scale': 0.47790826161387384, 'Dv_D1_scale': 0.23880379120447273, 'Dv_D2_scale': 1.041601005792572, 'b_bulk_scale': 0.03877820021790819, 'b_dislocation_scale': 1.4627296851944456, 'gb_scale': 0.4501134764476575, 'gd_bubble_scale': 2.0493518413165237, 'gd_line_scale': 6.535775864198657, 'gd_line_alpha': 0.25460348176136194, 'coalescence_d_scale': 3.4486211625612317, 'capture_scale': 4.579849912433569}. Best is trial 192 with value: 2.402031198233256.
[I 2026-05-04 12:22:59,365] Trial 198 finished with value: 2.5274901325169634 and parameters: {'rho_scale': 0.8084694344858027, 'f_n': 4.755484734714151e-08, 'K_d': 328563.304295738, 'fission_rate': 7.464057559151483e+19, 'Dg_D1_scale': 1.1115324293330262, 'Dg_D3_scale': 0.4528010620264915, 'Dv_D1_scale': 0.22493392639671916, 'Dv_D2_scale': 1.1450823593441282, 'b_bulk_scale': 0.03655204283498596, 'b_dislocation_scale': 1.7542188652048951, 'gb_scale': 0.6137157868143132, 'gd_bubble_scale': 1.707138776224765, 'gd_line_scale': 7.8613995244405, 'gd_line_alpha': 0.956102936426307, 'coalescence_d_scale': 2.635451411259751, 'capture_scale': 5.602512093854962}. Best is trial 192 with value: 2.402031198233256.
