[I 2026-05-05 17:30:22,579] Trial 97 finished with value: 3.0387367911859164 and parameters: {'rho_scale': 0.7291570307622521, 'f_n': 3.204060606731701e-08, 'K_d': 339293.2131917658, 'fission_rate': 5.8271843516406415e+19, 'Dg_D1_scale': 0.19132663905805167, 'Dg_D3_scale': 2.1340461323715947, 'Dv_D1_scale': 0.38633661140531655, 'Dv_D2_scale': 0.28224350364985795, 'b_bulk_scale': 0.0851360923369087, 'b_dislocation_scale': 0.20247138552020427, 'gb_scale': 6.914628978401831, 'gd_bubble_scale': 7.851115243847772, 'gd_line_scale': 1.2347939947535618, 'gd_line_alpha': 0.4793005357039273, 'coalescence_d_scale': 0.9810822234077069, 'capture_scale': 4.083468352225365}. Best is trial 76 with value: 2.6714203736211033.
[I 2026-05-05 17:30:27,959] Trial 98 finished with value: 2.8521237799815893 and parameters: {'rho_scale': 0.8466160429877375, 'f_n': 1.0448284116222243e-08, 'K_d': 480323.1345513876, 'fission_rate': 6.331146910746935e+19, 'Dg_D1_scale': 0.231807468271242, 'Dg_D3_scale': 1.5981157528914736, 'Dv_D1_scale': 0.27469903654261246, 'Dv_D2_scale': 0.23544039313470094, 'b_bulk_scale': 0.03114901474921115, 'b_dislocation_scale': 0.24386300131616373, 'gb_scale': 5.803301238464164, 'gd_bubble_scale': 5.998295981559535, 'gd_line_scale': 2.04454469591453, 'gd_line_alpha': 0.5006728951248576, 'coalescence_d_scale': 0.6479742058378617, 'capture_scale': 6.007519557951629}. Best is trial 76 with value: 2.6714203736211033.
[I 2026-05-05 17:30:36,058] Trial 99 finished with value: 3.0923692220685957 and parameters: {'rho_scale': 0.7811867934327302, 'f_n': 2.299471135967505e-08, 'K_d': 354582.7139634234, 'fission_rate': 5.656791283350195e+19, 'Dg_D1_scale': 0.150316050655693, 'Dg_D3_scale': 2.0240186758347662, 'Dv_D1_scale': 0.29814875275479635, 'Dv_D2_scale': 0.30387090654121496, 'b_bulk_scale': 0.059148109161033476, 'b_dislocation_scale': 0.18022927403009079, 'gb_scale': 4.3637871901223875, 'gd_bubble_scale': 5.104720818976355, 'gd_line_scale': 0.9695056633350939, 'gd_line_alpha': 0.7009972847807378, 'coalescence_d_scale': 1.0414357626357647, 'capture_scale': 2.014718873284181}. Best is trial 76 with value: 2.6714203736211033.
Fast trials written to: UN_M7_optuna_v13b_rhoSat_qgbStrict_results/capture_only/optuna_fast_trials_capture_only.csv
--------------------------------------------------------------------------------------------------------------------------------------------------------------------------
rank |     score |                        label |       f_n |       K_d |     rho_d |      Fdot |    Dv |    Dg |     b |    gb |    gd |  coal |   cap |  swD1600 |   Rd1600 |   NdDrop
--------------------------------------------------------------------------------------------------------------------------------------------------------------------------
   1 |     2.671 | capture_only_v13_trial_00076 |   2.2e-08 |   3.1e+05 |   3.0e+13 |   6.2e+19 |     1 |     1 |     1 |   7.6 |     1 |  0.51 |   2.7 |     1.83 |     81.4 |  -0.0346
   2 |     2.673 | capture_only_v13_trial_00075 |   2.1e-08 |   3.0e+05 |   3.0e+13 |   6.2e+19 |     1 |     1 |     1 |   5.7 |     1 |   0.9 |   2.7 |     1.85 |       84 |  -0.0651
   3 |     2.706 | capture_only_v13_trial_00074 |   2.0e-08 |   3.1e+05 |   3.0e+13 |   6.2e+19 |     1 |     1 |     1 |   7.8 |     1 |   1.6 |   2.6 |     1.89 |     81.7 |   -0.136
   4 |     2.718 | capture_only_v13_trial_00091 |   8.7e-09 |   3.3e+05 |   3.0e+13 |   6.3e+19 |     1 |     1 |     1 |   4.3 |     1 |     1 |   3.1 |     2.25 |     84.3 |  -0.0992
   5 |     2.774 | capture_only_v13_trial_00061 |   3.7e-08 |   3.1e+05 |   3.0e+13 |   6.3e+19 |     1 |     1 |     1 |   4.7 |     1 |   2.5 |   3.6 |     1.98 |     82.8 |   -0.234
   6 |     2.777 | capture_only_v13_trial_00095 |   3.0e-08 |   3.4e+05 |   3.0e+13 |   6.1e+19 |     1 |     1 |     1 |     5 |     1 |     1 |   3.9 |      1.7 |     74.4 |  -0.0633
   7 |     2.779 | capture_only_v13_trial_00077 |   8.4e-09 |   3.0e+05 |   3.0e+13 |   6.1e+19 |     1 |     1 |     1 |   7.6 |     1 |  0.48 |   5.3 |     2.08 |     85.7 |  -0.0382
   8 |     2.788 | capture_only_v13_trial_00087 |   8.9e-09 |   3.1e+05 |   3.0e+13 |   6.0e+19 |     1 |     1 |     1 |   7.1 |     1 |   1.3 |   6.8 |     1.64 |     83.7 |  -0.0897
   9 |     2.817 | capture_only_v13_trial_00073 |   2.2e-08 |   3.1e+05 |   3.0e+13 |   6.3e+19 |     1 |     1 |     1 |   6.5 |     1 |   1.6 |   2.7 |     2.68 |     91.9 |   -0.186
  10 |     2.835 | capture_only_v13_trial_00066 |   4.7e-08 |   3.4e+05 |   3.0e+13 |   6.6e+19 |     1 |     1 |     1 |   7.1 |     1 |   2.7 |   1.5 |     2.25 |     84.6 |   -0.265
  11 |     2.848 | capture_only_v13_trial_00042 |   7.6e-09 |   3.4e+05 |   3.0e+13 |   6.4e+19 |     1 |     1 |     1 |   3.9 |     1 |   2.2 |   3.2 |     2.09 |       82 |   -0.223
  12 |     2.852 | capture_only_v13_trial_00098 |   1.0e-08 |   4.8e+05 |   3.0e+13 |   6.3e+19 |     1 |     1 |     1 |   5.8 |     1 |  0.65 |     6 |     1.89 |       68 |  -0.0484
  13 |     2.865 | capture_only_v13_trial_00034 |   8.9e-08 |   3.4e+05 |   3.0e+13 |   6.4e+19 |     1 |     1 |     1 |   3.4 |     1 |  0.91 |   1.6 |     2.55 |     77.6 |    -0.11
  14 |       2.9 | capture_only_v13_trial_00062 |   3.7e-08 |   3.2e+05 |   3.0e+13 |   6.4e+19 |     1 |     1 |     1 |   4.7 |     1 |     3 |   2.7 |      2.4 |     90.3 |   -0.308
  15 |     2.903 | capture_only_v13_trial_00089 |   2.6e-09 |   3.2e+05 |   3.0e+13 |   5.8e+19 |     1 |     1 |     1 |   6.2 |     1 |   1.6 |   4.8 |     2.32 |     92.4 |    -0.15
--------------------------------------------------------------------------------------------------------------------------------------------------------------------------
Final rows written to: UN_M7_optuna_v13b_rhoSat_qgbStrict_results/capture_only/optuna_final_top_capture_only.csv
--------------------------------------------------------------------------------------------------------------------------------------------------------------------------
rank |     score |                        label |       f_n |       K_d |     rho_d |      Fdot |    Dv |    Dg |     b |    gb |    gd |  coal |   cap |  swD1600 |   Rd1600 |   NdDrop
--------------------------------------------------------------------------------------------------------------------------------------------------------------------------
   1 |     2.722 | FINAL_rank1_capture_only_capture_only_v13_trial_00076 |   2.2e-08 |   3.1e+05 |   3.0e+13 |   6.2e+19 |     1 |     1 |     1 |   7.6 |     1 |  0.51 |   2.7 |     1.82 |     81.4 |  -0.0342
   2 |     2.739 | FINAL_rank2_capture_only_capture_only_v13_trial_00075 |   2.1e-08 |   3.0e+05 |   3.0e+13 |   6.2e+19 |     1 |     1 |     1 |   5.7 |     1 |   0.9 |   2.7 |     1.85 |     83.9 |  -0.0643
   3 |     2.754 | FINAL_rank3_capture_only_capture_only_v13_trial_00074 |   2.0e-08 |   3.1e+05 |   3.0e+13 |   6.2e+19 |     1 |     1 |     1 |   7.8 |     1 |   1.6 |   2.6 |     1.89 |     81.7 |   -0.135
   4 |     2.816 | FINAL_rank4_capture_only_capture_only_v13_trial_00091 |   8.7e-09 |   3.3e+05 |   3.0e+13 |   6.3e+19 |     1 |     1 |     1 |   4.3 |     1 |     1 |   3.1 |     2.23 |       84 |  -0.0976
   5 |     2.819 | FINAL_rank5_capture_only_capture_only_v13_trial_00061 |   3.7e-08 |   3.1e+05 |   3.0e+13 |   6.3e+19 |     1 |     1 |     1 |   4.7 |     1 |   2.5 |   3.6 |     1.98 |     82.8 |   -0.233
--------------------------------------------------------------------------------------------------------------------------------------------------------------------------

============================================================================================================================================
CAPTURE CHECK: best_capture_only_rank1_FINAL_rank1_capture_only_capture_only_v13_trial_00076, T=1600.0, burnup=3.2
============================================================================================================================================
f_cap_step is the physical clipped per-step fraction and must be <= 1.
capture_fraction_sum can exceed 1 because it is a diagnostic sum, not a physical fraction.
--------------------------------------------------------------------------------------------------------------------------------------------
final f_cap_step       = 2.691745e-05
max f_cap_step         = 1.195403e-04
final cap_raw_step     = 2.691745e-05
capture_fraction_sum   = 4.003655e-01
capture_raw_sum        = 4.003655e-01
captured bubbles cum.  = 1.431905e+19 m^-3
============================================================================================================================================

============================================================================================================================================
DIAGNOSTICS FOR best_capture_only_rank1
============================================================================================================================================
{'label': 'best_capture_only_rank1_FINAL_rank1_capture_only_capture_only_v13_trial_00076', 'f_n': 2.2151256533564155e-08, 'K_d': 308028.4256605788, 'rho_d': 30000000000000.0, 'fission_rate': 6.153030360081542e+19, 'Dv_scale': 1.0, 'Dg_scale': 1.0, 'b_scale': 1.0, 'gb_scale': 7.632424660198404, 'gd_scale': 1.0, 'coalescence_d_scale': 0.5052818995394412, 'capture_scale': 2.676796224316067, 'D2_xe_scale': 1.0, 'Dg_D1_scale': 0.23383762113728837, 'Dg_D3_scale': 1.747604951672033, 'Dv_D1_scale': 0.2591879623450064, 'Dv_D2_scale': 0.2927667951192956, 'b_bulk_scale': 0.06058633802172695, 'b_dislocation_scale': 0.16901233563523196, 'gd_bubble_scale': 8.676242581956354, 'gd_line_scale': 1.7861565400327641, 'gd_line_alpha': 0.3563716559011963, 'family': 'capture_only'}
============================================================================================================================================

============================================================================================================================================
CAPTURE CHECK: best_capture_only_rank2_FINAL_rank2_capture_only_capture_only_v13_trial_00075, T=1600.0, burnup=3.2
============================================================================================================================================
f_cap_step is the physical clipped per-step fraction and must be <= 1.
capture_fraction_sum can exceed 1 because it is a diagnostic sum, not a physical fraction.
--------------------------------------------------------------------------------------------------------------------------------------------
final f_cap_step       = 2.593493e-05
max f_cap_step         = 1.187096e-04
final cap_raw_step     = 2.593493e-05
capture_fraction_sum   = 3.989832e-01
capture_raw_sum        = 3.989832e-01
captured bubbles cum.  = 1.437727e+19 m^-3
============================================================================================================================================

============================================================================================================================================
DIAGNOSTICS FOR best_capture_only_rank2
============================================================================================================================================
{'label': 'best_capture_only_rank2_FINAL_rank2_capture_only_capture_only_v13_trial_00075', 'f_n': 2.1171536757466668e-08, 'K_d': 300408.24746411585, 'rho_d': 30000000000000.0, 'fission_rate': 6.162915922419511e+19, 'Dv_scale': 1.0, 'Dg_scale': 1.0, 'b_scale': 1.0, 'gb_scale': 5.724557043779537, 'gd_scale': 1.0, 'coalescence_d_scale': 0.901911174762059, 'capture_scale': 2.6950272002727647, 'D2_xe_scale': 1.0, 'Dg_D1_scale': 0.21181269899337177, 'Dg_D3_scale': 2.3927321793419254, 'Dv_D1_scale': 0.25900298324534893, 'Dv_D2_scale': 0.29468618027278604, 'b_bulk_scale': 0.04415875063029198, 'b_dislocation_scale': 0.1752435617696613, 'gd_bubble_scale': 6.278183671579966, 'gd_line_scale': 1.9266783659905073, 'gd_line_alpha': 0.33441316657760034, 'family': 'capture_only'}
============================================================================================================================================

============================================================================================================================================
CAPTURE CHECK: best_capture_only_rank3_FINAL_rank3_capture_only_capture_only_v13_trial_00074, T=1600.0, burnup=3.2
============================================================================================================================================
f_cap_step is the physical clipped per-step fraction and must be <= 1.
capture_fraction_sum can exceed 1 because it is a diagnostic sum, not a physical fraction.
--------------------------------------------------------------------------------------------------------------------------------------------
final f_cap_step       = 3.568265e-05
max f_cap_step         = 1.358413e-04
final cap_raw_step     = 3.568265e-05
capture_fraction_sum   = 4.755592e-01
capture_raw_sum        = 4.755592e-01
captured bubbles cum.  = 1.695213e+19 m^-3
============================================================================================================================================

============================================================================================================================================
DIAGNOSTICS FOR best_capture_only_rank3
============================================================================================================================================
{'label': 'best_capture_only_rank3_FINAL_rank3_capture_only_capture_only_v13_trial_00074', 'f_n': 1.9946317297558245e-08, 'K_d': 312717.08250622463, 'rho_d': 30000000000000.0, 'fission_rate': 6.171874823552195e+19, 'Dv_scale': 1.0, 'Dg_scale': 1.0, 'b_scale': 1.0, 'gb_scale': 7.823969737524148, 'gd_scale': 1.0, 'coalescence_d_scale': 1.6117934260087716, 'capture_scale': 2.610472942484409, 'D2_xe_scale': 1.0, 'Dg_D1_scale': 0.23210507478327244, 'Dg_D3_scale': 1.7763219961837224, 'Dv_D1_scale': 0.26091457163261755, 'Dv_D2_scale': 0.2531280941957856, 'b_bulk_scale': 0.06527033793098054, 'b_dislocation_scale': 0.12919024764042775, 'gd_bubble_scale': 6.764044789386725, 'gd_line_scale': 1.2993900677348509, 'gd_line_alpha': 0.3218695279873905, 'family': 'capture_only'}
============================================================================================================================================
Summary written to: UN_M7_optuna_v13b_rhoSat_qgbStrict_results/capture_only/optuna_summary_capture_only.md
