[I 2026-05-05 17:25:13,564] Trial 55 finished with value: 4.600839607975784 and parameters: {'rho_scale': 0.6907866453338437, 'f_n': 5.1014445001929464e-08, 'K_d': 698381.2220443157, 'fission_rate': 6.595939791342525e+19, 'Dg_D1_scale': 2.081483757421883, 'Dg_D3_scale': 2.7603682461170624, 'Dv_D1_scale': 0.2309922559771688, 'Dv_D2_scale': 0.5305310528067095, 'b_bulk_scale': 0.6381784455624657, 'b_dislocation_scale': 0.08641809814964263, 'gb_scale': 1.3868557881897006, 'gd_bubble_scale': 8.033057095536472, 'gd_line_scale': 0.13002494919930543, 'gd_line_alpha': 0.08293727000461185, 'coalescence_d_scale': 9.827068146700041, 'capture_scale': 0.21302738888706643}. Best is trial 42 with value: 2.8484442542649226.
[I 2026-05-05 17:25:21,465] Trial 56 finished with value: 3.4071636348350856 and parameters: {'rho_scale': 0.6009478376815346, 'f_n': 4.3304289890379283e-07, 'K_d': 337552.7861863506, 'fission_rate': 6.5009031961017434e+19, 'Dg_D1_scale': 0.5797877636868487, 'Dg_D3_scale': 2.4412168424715954, 'Dv_D1_scale': 0.29511429617662555, 'Dv_D2_scale': 0.44335699547575436, 'b_bulk_scale': 0.4736361588565693, 'b_dislocation_scale': 0.056470331415122754, 'gb_scale': 0.2994626754560917, 'gd_bubble_scale': 5.383322096744851, 'gd_line_scale': 0.11143282273845649, 'gd_line_alpha': 0.05260392159618818, 'coalescence_d_scale': 1.253712962914972, 'capture_scale': 0.7858271623855377}. Best is trial 42 with value: 2.8484442542649226.
[I 2026-05-05 17:25:28,345] Trial 57 finished with value: 3.763891308709996 and parameters: {'rho_scale': 0.8390126374478273, 'f_n': 2.6669268197655967e-08, 'K_d': 300506.07303204923, 'fission_rate': 5.73884411093357e+19, 'Dg_D1_scale': 0.7934115910629771, 'Dg_D3_scale': 3.5652436671087315, 'Dv_D1_scale': 0.3917013847536507, 'Dv_D2_scale': 0.3029353245557277, 'b_bulk_scale': 0.3245184926538588, 'b_dislocation_scale': 0.1513073423160595, 'gb_scale': 6.792794275180055, 'gd_bubble_scale': 2.8881029695084406, 'gd_line_scale': 1.5721195839247033, 'gd_line_alpha': 0.13139127151000946, 'coalescence_d_scale': 4.277113481923874, 'capture_scale': 2.314100260416427}. Best is trial 42 with value: 2.8484442542649226.
[I 2026-05-05 17:25:36,441] Trial 58 finished with value: 3.7809550127020777 and parameters: {'rho_scale': 0.9860417582527812, 'f_n': 2.0262692590106057e-07, 'K_d': 324584.7468464466, 'fission_rate': 6.1606264528053215e+19, 'Dg_D1_scale': 0.28659324524890983, 'Dg_D3_scale': 2.9981738520493715, 'Dv_D1_scale': 0.33159563686637916, 'Dv_D2_scale': 0.20080667839599667, 'b_bulk_scale': 0.19731265088028377, 'b_dislocation_scale': 0.23818189813386292, 'gb_scale': 0.8464872003424017, 'gd_bubble_scale': 4.1413885613284025, 'gd_line_scale': 0.19590790245451856, 'gd_line_alpha': 0.3391046003495293, 'coalescence_d_scale': 1.8568965907379522, 'capture_scale': 3.027910657146348}. Best is trial 42 with value: 2.8484442542649226.
[I 2026-05-05 17:25:43,963] Trial 59 finished with value: 3.2611257202436255 and parameters: {'rho_scale': 0.709957902932274, 'f_n': 1.5928854641511503e-08, 'K_d': 383499.1234057512, 'fission_rate': 6.724530926865483e+19, 'Dg_D1_scale': 0.9924015381593493, 'Dg_D3_scale': 0.3583359174158984, 'Dv_D1_scale': 0.20103891284331676, 'Dv_D2_scale': 0.35970791616984243, 'b_bulk_scale': 0.2907396794814165, 'b_dislocation_scale': 0.10876564302142001, 'gb_scale': 2.635109016807804, 'gd_bubble_scale': 6.182029373377135, 'gd_line_scale': 0.6778833382874775, 'gd_line_alpha': 0.1846663256512809, 'coalescence_d_scale': 0.31903890063176066, 'capture_scale': 1.0177348901174648}. Best is trial 42 with value: 2.8484442542649226.
[I 2026-05-05 17:25:52,942] Trial 60 finished with value: 3.516747848626728 and parameters: {'rho_scale': 0.6114888794615663, 'f_n': 6.41525099576342e-08, 'K_d': 399140.72634318395, 'fission_rate': 5.47894190368469e+19, 'Dg_D1_scale': 0.8609413275553515, 'Dg_D3_scale': 1.375720139134773, 'Dv_D1_scale': 0.4578338268607558, 'Dv_D2_scale': 0.5141391811293752, 'b_bulk_scale': 0.927162420742147, 'b_dislocation_scale': 0.03907201609394018, 'gb_scale': 3.5525623706645013, 'gd_bubble_scale': 1.4220909734017024, 'gd_line_scale': 0.07432157097519355, 'gd_line_alpha': 0.5760779602755871, 'coalescence_d_scale': 1.689491935569499, 'capture_scale': 2.0946245977125737}. Best is trial 42 with value: 2.8484442542649226.Best trial: 42. Best value: 2.84844:  60%|██████    | 60/100 [07:54<05:03,  7.58s/it]Best trial: 42. Best value: 2.84844:  60%|██████    | 60/100 [07:54<05:03,  7.58s/it]Best trial: 42. Best value: 2.84844:  61%|██████    | 61/100 [07:54<05:11,  8.00s/it]                                                                                     Best trial: 42. Best value: 2.84844:  61%|██████    | 61/100 [08:00<05:11,  8.00s/it]Best trial: 61. Best value: 2.7737:  61%|██████    | 61/100 [08:00<05:11,  8.00s/it] Best trial: 61. Best value: 2.7737:  62%|██████▏   | 62/100 [08:00<04:46,  7.53s/it]                                                                                    Best trial: 61. Best value: 2.7737:  62%|██████▏   | 62/100 [08:08<04:46,  7.53s/it]Best trial: 61. Best value: 2.7737:  62%|██████▏   | 62/100 [08:08<04:46,  7.53s/it]Best trial: 61. Best value: 2.7737:  63%|██████▎   | 63/100 [08:08<04:41,  7.62s/it]                                                                                    Best trial: 61. Best value: 2.7737:  63%|██████▎   | 63/100 [08:16<04:41,  7.62s/it]Best trial: 61. Best value: 2.7737:  63%|██████▎   | 63/100 [08:16<04:41,  7.62s/it]Best trial: 61. Best value: 2.7737:  64%|██████▍   | 64/100 [08:16<04:36,  7.67s/it]                                                                                    Best trial: 61. Best value: 2.7737:  64%|██████▍   | 64/100 [08:23<04:36,  7.67s/it]Best trial: 61. Best value: 2.7737:  64%|██████▍   | 64/100 [08:23<04:36,  7.67s/it]Best trial: 61. Best value: 2.7737:  65%|██████▌   | 65/100 [08:23<04:27,  7.63s/it]                                                                                    Best trial: 61. Best value: 2.7737:  65%|██████▌   | 65/100 [08:27<04:27,  7.63s/it]Best trial: 61. Best value: 2.7737:  65%|██████▌   | 65/100 [08:27<04:27,  7.63s/it]Best trial: 61. Best value: 2.7737:  66%|██████▌   | 66/100 [08:27<03:35,  6.34s/it]                                                                                    Best trial: 61. Best value: 2.7737:  66%|██████▌   | 66/100 [08:34<03:35,  6.34s/it]Best trial: 61. Best value: 2.7737:  66%|██████▌   | 66/100 [08:34<03:35,  6.34s/it]Best trial: 61. Best value: 2.7737:  67%|██████▋   | 67/100 [08:34<03:41,  6.71s/it]                                                                                    Best trial: 61. Best value: 2.7737:  67%|██████▋   | 67/100 [08:42<03:41,  6.71s/it]Best trial: 61. Best value: 2.7737:  67%|██████▋   | 67/100 [08:42<03:41,  6.71s/it]Best trial: 61. Best value: 2.7737:  68%|██████▊   | 68/100 [08:42<03:46,  7.07s/it]                                                                                    Best trial: 61. Best value: 2.7737:  68%|██████▊   | 68/100 [08:47<03:46,  7.07s/it]Best trial: 61. Best value: 2.7737:  68%|██████▊   | 68/100 [08:47<03:46,  7.07s/it]Best trial: 61. Best value: 2.7737:  69%|██████▉   | 69/100 [08:47<03:21,  6.50s/it]                                                                                    Best trial: 61. Best value: 2.7737:  69%|██████▉   | 69/100 [08:55<03:21,  6.50s/it]Best trial: 61. Best value: 2.7737:  69%|██████▉   | 69/100 [08:55<03:21,  6.50s/it]Best trial: 61. Best value: 2.7737:  70%|███████   | 70/100 [08:55<03:21,  6.72s/it]                                                                                    Best trial: 61. Best value: 2.7737:  70%|███████   | 70/100 [09:00<03:21,  6.72s/it]Best trial: 61. Best value: 2.7737:  70%|███████   | 70/100 [09:01<03:21,  6.72s/it]Best trial: 61. Best value: 2.7737:  71%|███████   | 71/100 [09:01<03:07,  6.47s/it]                                                                                    Best trial: 61. Best value: 2.7737:  71%|███████   | 71/100 [09:08<03:07,  6.47s/it]Best trial: 61. Best value: 2.7737:  71%|███████   | 71/100 [09:08<03:07,  6.47s/it]Best trial: 61. Best value: 2.7737:  72%|███████▏  | 72/100 [09:08<03:13,  6.92s/it]                                                                                    
[I 2026-05-05 17:25:59,365] Trial 61 finished with value: 2.7737014300869487 and parameters: {'rho_scale': 0.8734198704454111, 'f_n': 3.657285079318171e-08, 'K_d': 310624.88762547093, 'fission_rate': 6.33666727890356e+19, 'Dg_D1_scale': 0.34949048153406564, 'Dg_D3_scale': 1.85530393949985, 'Dv_D1_scale': 0.22269390831449296, 'Dv_D2_scale': 0.24605963047462528, 'b_bulk_scale': 0.07632221607721867, 'b_dislocation_scale': 0.06729171617402599, 'gb_scale': 4.746935801139977, 'gd_bubble_scale': 5.2911398750580645, 'gd_line_scale': 0.5778780014994611, 'gd_line_alpha': 0.23796743499680292, 'coalescence_d_scale': 2.460070132797189, 'capture_scale': 3.6010190516625027}. Best is trial 61 with value: 2.7737014300869487.
[I 2026-05-05 17:26:07,202] Trial 62 finished with value: 2.9000364911242995 and parameters: {'rho_scale': 0.883039047477739, 'f_n': 3.691755129054328e-08, 'K_d': 315585.35880979465, 'fission_rate': 6.389719932362078e+19, 'Dg_D1_scale': 0.3675018548864787, 'Dg_D3_scale': 2.6150988493376923, 'Dv_D1_scale': 0.22195256191060575, 'Dv_D2_scale': 0.29800313447595034, 'b_bulk_scale': 0.14547253889636375, 'b_dislocation_scale': 0.08353009723671868, 'gb_scale': 4.655071722437451, 'gd_bubble_scale': 3.2518753574339985, 'gd_line_scale': 1.035035790209336, 'gd_line_alpha': 0.25355469889966886, 'coalescence_d_scale': 2.950426887573103, 'capture_scale': 2.7430008571020137}. Best is trial 61 with value: 2.7737014300869487.
[I 2026-05-05 17:26:15,001] Trial 63 finished with value: 5.026521615487593 and parameters: {'rho_scale': 0.790732846151712, 'f_n': 1.202592474047554e-07, 'K_d': 311658.8745607277, 'fission_rate': 6.408169159312621e+19, 'Dg_D1_scale': 0.3544567478292589, 'Dg_D3_scale': 2.6536240875086046, 'Dv_D1_scale': 2.0983117281955397, 'Dv_D2_scale': 0.22467233538635803, 'b_bulk_scale': 0.06991283146836658, 'b_dislocation_scale': 0.08740759103330357, 'gb_scale': 5.242274398700364, 'gd_bubble_scale': 5.202973725804707, 'gd_line_scale': 1.025196056995367, 'gd_line_alpha': 0.24206566391750456, 'coalescence_d_scale': 3.3477294530616972, 'capture_scale': 2.6618627471185636}. Best is trial 61 with value: 2.7737014300869487.
[I 2026-05-05 17:26:22,544] Trial 64 finished with value: 2.959531306169351 and parameters: {'rho_scale': 0.8716801723923258, 'f_n': 5.202813864223314e-08, 'K_d': 314129.18680766295, 'fission_rate': 6.6003361194808386e+19, 'Dg_D1_scale': 0.2513332017470738, 'Dg_D3_scale': 1.7992222066057395, 'Dv_D1_scale': 0.2259478132487138, 'Dv_D2_scale': 0.24684001378624293, 'b_bulk_scale': 0.09866574278206917, 'b_dislocation_scale': 0.06261968125073385, 'gb_scale': 6.996212400741143, 'gd_bubble_scale': 3.3024189434261837, 'gd_line_scale': 0.839705628677996, 'gd_line_alpha': 0.29512035103292666, 'coalescence_d_scale': 2.7825391986972146, 'capture_scale': 1.467908931707728}. Best is trial 61 with value: 2.7737014300869487.
[I 2026-05-05 17:26:25,871] Trial 65 finished with value: 5.118175725400719 and parameters: {'rho_scale': 0.8639250260162555, 'f_n': 1.6876873964040373e-07, 'K_d': 324396.8515863641, 'fission_rate': 6.998204664254792e+19, 'Dg_D1_scale': 0.18559593991570628, 'Dg_D3_scale': 1.8728552580428428, 'Dv_D1_scale': 1.4641592582776173, 'Dv_D2_scale': 0.24505541849057133, 'b_bulk_scale': 0.042523825351079556, 'b_dislocation_scale': 0.13676675772815355, 'gb_scale': 6.793052539041334, 'gd_bubble_scale': 3.2000310132514924, 'gd_line_scale': 0.8938022270536621, 'gd_line_alpha': 0.2951455624610422, 'coalescence_d_scale': 4.702043935770802, 'capture_scale': 0.4138292067393081}. Best is trial 61 with value: 2.7737014300869487.
[I 2026-05-05 17:26:33,459] Trial 66 finished with value: 2.835190201508864 and parameters: {'rho_scale': 0.8897219900210237, 'f_n': 4.7062229799099616e-08, 'K_d': 342246.860597834, 'fission_rate': 6.620165120457873e+19, 'Dg_D1_scale': 0.2773945075783975, 'Dg_D3_scale': 1.4945883210025321, 'Dv_D1_scale': 0.22489273892488407, 'Dv_D2_scale': 0.21716328579853417, 'b_bulk_scale': 0.09779761690485872, 'b_dislocation_scale': 0.0588808955498819, 'gb_scale': 7.078730963104291, 'gd_bubble_scale': 2.504685628263303, 'gd_line_scale': 1.4580558488870687, 'gd_line_alpha': 0.3212760239410013, 'coalescence_d_scale': 2.661568675383646, 'capture_scale': 1.4621639633784396}. Best is trial 61 with value: 2.7737014300869487.
[I 2026-05-05 17:26:41,349] Trial 67 finished with value: 4.419627866289774 and parameters: {'rho_scale': 0.8198503773240814, 'f_n': 1.4232277181596345e-06, 'K_d': 344786.69264512014, 'fission_rate': 6.617301689075274e+19, 'Dg_D1_scale': 0.26146720395995726, 'Dg_D3_scale': 1.2592030567058472, 'Dv_D1_scale': 0.2264812284431692, 'Dv_D2_scale': 0.21681528558423263, 'b_bulk_scale': 0.09425999017068162, 'b_dislocation_scale': 0.05229986702489842, 'gb_scale': 7.775716083988288, 'gd_bubble_scale': 2.538224022641108, 'gd_line_scale': 1.1140533136434814, 'gd_line_alpha': 0.4665473616248182, 'coalescence_d_scale': 5.582285407834786, 'capture_scale': 1.4079536282690206}. Best is trial 61 with value: 2.7737014300869487.
[I 2026-05-05 17:26:46,517] Trial 68 finished with value: 4.607990398976132 and parameters: {'rho_scale': 0.7693520156881641, 'f_n': 6.820270934295783e-08, 'K_d': 314932.0598415497, 'fission_rate': 6.790459749709389e+19, 'Dg_D1_scale': 0.2886304121991951, 'Dg_D3_scale': 1.430838933513219, 'Dv_D1_scale': 0.9419710768833924, 'Dv_D2_scale': 0.28804003478521095, 'b_bulk_scale': 0.11959451060251214, 'b_dislocation_scale': 0.5119211814012802, 'gb_scale': 4.057124064639733, 'gd_bubble_scale': 1.9191532999077519, 'gd_line_scale': 1.3816596704623483, 'gd_line_alpha': 0.4174180479855, 'coalescence_d_scale': 2.950070826063593, 'capture_scale': 0.7224363255896263}. Best is trial 61 with value: 2.7737014300869487.
[I 2026-05-05 17:26:53,752] Trial 69 finished with value: 6.82476343748581 and parameters: {'rho_scale': 0.9335618211364599, 'f_n': 1.4017036404313317e-08, 'K_d': 353720.1001366676, 'fission_rate': 7.1964562484862165e+19, 'Dg_D1_scale': 0.23164080672787946, 'Dg_D3_scale': 0.9454113637387886, 'Dv_D1_scale': 3.9330048259238044, 'Dv_D2_scale': 0.26004335853043653, 'b_bulk_scale': 0.05350751399912722, 'b_dislocation_scale': 0.07951435198854129, 'gb_scale': 5.155469551277696, 'gd_bubble_scale': 1.6172297786473464, 'gd_line_scale': 1.520138528548111, 'gd_line_alpha': 0.31958925377692776, 'coalescence_d_scale': 3.40435176346625, 'capture_scale': 1.0487313911089864}. Best is trial 61 with value: 2.7737014300869487.
[I 2026-05-05 17:26:59,637] Trial 70 finished with value: 7.48794868767107 and parameters: {'rho_scale': 0.7362973319069946, 'f_n': 4.0506667986303795e-08, 'K_d': 324706.6763427243, 'fission_rate': 6.556639354305965e+19, 'Dg_D1_scale': 0.17477431109300334, 'Dg_D3_scale': 1.0691747311538446, 'Dv_D1_scale': 0.25779538735003893, 'Dv_D2_scale': 1.5482172904788116, 'b_bulk_scale': 0.07149164153609892, 'b_dislocation_scale': 0.038900398537622075, 'gb_scale': 6.675203230962615, 'gd_bubble_scale': 7.855731506527554, 'gd_line_scale': 2.0699744837353644, 'gd_line_alpha': 0.38053421822265177, 'coalescence_d_scale': 12.97915100281406, 'capture_scale': 1.493065885703223}. Best is trial 61 with value: 2.7737014300869487.
[I 2026-05-05 17:27:07,612] Trial 71 finished with value: 3.00179609107116 and parameters: {'rho_scale': 0.8795814256933288, 'f_n': 8.906062907324991e-08, 'K_d': 335747.4684104919, 'fission_rate': 6.354016099180983e+19, 'Dg_D1_scale': 0.3786541578595777, 'Dg_D3_scale': 1.5617064545500599, 'Dv_D1_scale': 0.31490709746030576, 'Dv_D2_scale': 0.21409563351707828, 'b_bulk_scale': 0.14165276040130748, 'b_dislocation_scale': 0.05810171357617333, 'gb_scale': 4.6169971072632325, 'gd_bubble_scale': 3.5286182864318993, 'gd_line_scale': 0.8467722966217021, 'gd_line_alpha': 0.272677017126273, 'coalescence_d_scale': 2.6444102002291743, 'capture_scale': 1.8733072359125749}. Best is trial 61 with value: 2.7737014300869487.
[I 2026-05-05 17:27:15,496] Trial 72 finished with value: 2.9733980326534515 and parameters: {'rho_scale': 0.8681162933903521, 'f_n': 8.850365316265249e-08, 'K_d': 308378.7122325685, 'fission_rate': 6.2856565083449434e+19, 'Dg_D1_scale': 0.31173867729988775, 'Dg_D3_scale': 1.5116783185760818, 'Dv_D1_scale': 0.21831018206667935, 'Dv_D2_scale': 0.2145200232458377, 'b_bulk_scale': 0.1435740772741107, 'b_dislocation_scale': 0.09904898276692696, 'gb_scale': 6.511545558596546, 'gd_bubble_scale': 4.89431548306001, 'gd_line_scale': 0.8041563055230263, 'gd_line_alpha': 0.27697367315497656, 'coalescence_d_scale': 2.518878748876562, 'capture_scale': 1.669166467409615}. Best is trial 61 with value: 2.7737014300869487.Best trial: 61. Best value: 2.7737:  72%|███████▏  | 72/100 [09:16<03:13,  6.92s/it]Best trial: 61. Best value: 2.7737:  72%|███████▏  | 72/100 [09:16<03:13,  6.92s/it]Best trial: 61. Best value: 2.7737:  73%|███████▎  | 73/100 [09:16<03:14,  7.21s/it]                                                                                    Best trial: 61. Best value: 2.7737:  73%|███████▎  | 73/100 [09:24<03:14,  7.21s/it]Best trial: 61. Best value: 2.7737:  73%|███████▎  | 73/100 [09:24<03:14,  7.21s/it]Best trial: 61. Best value: 2.7737:  74%|███████▍  | 74/100 [09:24<03:13,  7.45s/it]                                                                                    Best trial: 61. Best value: 2.7737:  74%|███████▍  | 74/100 [09:31<03:13,  7.45s/it]Best trial: 74. Best value: 2.70552:  74%|███████▍  | 74/100 [09:31<03:13,  7.45s/it]Best trial: 74. Best value: 2.70552:  75%|███████▌  | 75/100 [09:31<02:57,  7.10s/it]                                                                                     Best trial: 74. Best value: 2.70552:  75%|███████▌  | 75/100 [09:38<02:57,  7.10s/it]Best trial: 75. Best value: 2.67257:  75%|███████▌  | 75/100 [09:38<02:57,  7.10s/it]Best trial: 75. Best value: 2.67257:  76%|███████▌  | 76/100 [09:38<02:54,  7.28s/it]                                                                                     Best trial: 75. Best value: 2.67257:  76%|███████▌  | 76/100 [09:46<02:54,  7.28s/it]Best trial: 76. Best value: 2.67142:  76%|███████▌  | 76/100 [09:46<02:54,  7.28s/it]Best trial: 76. Best value: 2.67142:  77%|███████▋  | 77/100 [09:46<02:52,  7.49s/it]                                                                                     Best trial: 76. Best value: 2.67142:  77%|███████▋  | 77/100 [09:54<02:52,  7.49s/it]Best trial: 76. Best value: 2.67142:  77%|███████▋  | 77/100 [09:54<02:52,  7.49s/it]Best trial: 76. Best value: 2.67142:  78%|███████▊  | 78/100 [09:54<02:48,  7.64s/it]                                                                                     Best trial: 76. Best value: 2.67142:  78%|███████▊  | 78/100 [09:59<02:48,  7.64s/it]Best trial: 76. Best value: 2.67142:  78%|███████▊  | 78/100 [09:59<02:48,  7.64s/it]Best trial: 76. Best value: 2.67142:  79%|███████▉  | 79/100 [09:59<02:21,  6.75s/it]                                                                                     Best trial: 76. Best value: 2.67142:  79%|███████▉  | 79/100 [10:07<02:21,  6.75s/it]Best trial: 76. Best value: 2.67142:  79%|███████▉  | 79/100 [10:07<02:21,  6.75s/it]Best trial: 76. Best value: 2.67142:  80%|████████  | 80/100 [10:07<02:25,  7.26s/it]                                                                                     Best trial: 76. Best value: 2.67142:  80%|████████  | 80/100 [10:14<02:25,  7.26s/it]Best trial: 76. Best value: 2.67142:  80%|████████  | 80/100 [10:14<02:25,  7.26s/it]Best trial: 76. Best value: 2.67142:  81%|████████  | 81/100 [10:14<02:16,  7.16s/it]                                                                                     Best trial: 76. Best value: 2.67142:  81%|████████  | 81/100 [10:22<02:16,  7.16s/it]Best trial: 76. Best value: 2.67142:  81%|████████  | 81/100 [10:22<02:16,  7.16s/it]Best trial: 76. Best value: 2.67142:  82%|████████▏ | 82/100 [10:22<02:14,  7.45s/it]                                                                                     Best trial: 76. Best value: 2.67142:  82%|████████▏ | 82/100 [10:28<02:14,  7.45s/it]Best trial: 76. Best value: 2.67142:  82%|████████▏ | 82/100 [10:28<02:14,  7.45s/it]Best trial: 76. Best value: 2.67142:  83%|████████▎ | 83/100 [10:28<01:58,  6.98s/it]                                                                                     Best trial: 76. Best value: 2.67142:  83%|████████▎ | 83/100 [10:37<01:58,  6.98s/it]Best trial: 76. Best value: 2.67142:  83%|████████▎ | 83/100 [10:37<01:58,  6.98s/it]Best trial: 76. Best value: 2.67142:  84%|████████▍ | 84/100 [10:37<01:57,  7.36s/it]                                                                                     
[I 2026-05-05 17:27:23,516] Trial 73 finished with value: 2.8174705169830037 and parameters: {'rho_scale': 0.8608137428619103, 'f_n': 2.2056161426067873e-08, 'K_d': 306973.1840098472, 'fission_rate': 6.26685215735459e+19, 'Dg_D1_scale': 0.31845672378665163, 'Dg_D3_scale': 1.7518604283436379, 'Dv_D1_scale': 0.22211100196467098, 'Dv_D2_scale': 0.24503075857611425, 'b_bulk_scale': 0.0992488861344034, 'b_dislocation_scale': 0.10503447323663394, 'gb_scale': 6.4666013009861745, 'gd_bubble_scale': 4.638365936202842, 'gd_line_scale': 1.9050627663668411, 'gd_line_alpha': 0.353931203855613, 'coalescence_d_scale': 1.58255310097193, 'capture_scale': 2.6850381290979803}. Best is trial 61 with value: 2.7737014300869487.
