[I 2026-05-05 17:20:12,776] Trial 16 finished with value: 5.466192001540695 and parameters: {'rho_scale': 0.7966976238347014, 'f_n': 1.1107331435025392e-10, 'K_d': 393978.2242274059, 'fission_rate': 6.1171925875865575e+19, 'Dg_D1_scale': 1.1198180324220013, 'Dg_D3_scale': 2.545111625897768, 'Dv_D1_scale': 1.0590383795241571, 'Dv_D2_scale': 0.27858439414931835, 'b_bulk_scale': 3.4644382532773443, 'b_dislocation_scale': 0.564408503152835, 'gb_scale': 3.845479507775818, 'gd_bubble_scale': 3.234607097743123, 'gd_line_scale': 3.761410964848732, 'gd_line_alpha': 0.6265952413828004, 'coalescence_d_scale': 0.10614420663165867, 'capture_scale': 2.3689526141130752}. Best is trial 11 with value: 3.9823674035068675.
[I 2026-05-05 17:20:18,983] Trial 17 finished with value: 6.482279608076944 and parameters: {'rho_scale': 0.5082511448928192, 'f_n': 2.531283055544216e-09, 'K_d': 413160.9944771451, 'fission_rate': 6.221968981499278e+19, 'Dg_D1_scale': 0.49818135538905517, 'Dg_D3_scale': 2.466564311951259, 'Dv_D1_scale': 0.3040072651413884, 'Dv_D2_scale': 0.5296350256642205, 'b_bulk_scale': 0.8750515037500274, 'b_dislocation_scale': 1.949903011110949, 'gb_scale': 0.17936535045271068, 'gd_bubble_scale': 2.7750153109057893, 'gd_line_scale': 1.5938662040774894, 'gd_line_alpha': 0.1189178700543704, 'coalescence_d_scale': 0.25132906985796033, 'capture_scale': 0.393539030204738}. Best is trial 11 with value: 3.9823674035068675.
[I 2026-05-05 17:20:29,914] Trial 18 finished with value: 4.961256078985711 and parameters: {'rho_scale': 0.6559576629621107, 'f_n': 4.646121706083341e-10, 'K_d': 301115.5529123093, 'fission_rate': 4.3632033563096965e+19, 'Dg_D1_scale': 0.25572963107238356, 'Dg_D3_scale': 0.4652465621906236, 'Dv_D1_scale': 0.8297293511178208, 'Dv_D2_scale': 0.2666931248547715, 'b_bulk_scale': 0.43407481231500455, 'b_dislocation_scale': 0.4145570080732831, 'gb_scale': 3.5153864026836374, 'gd_bubble_scale': 0.8691113342577343, 'gd_line_scale': 4.595489955641985, 'gd_line_alpha': 0.30918239009102694, 'coalescence_d_scale': 0.597817265018946, 'capture_scale': 1.7234836745359763}. Best is trial 11 with value: 3.9823674035068675.
[I 2026-05-05 17:20:39,080] Trial 19 finished with value: 5.868679488677823 and parameters: {'rho_scale': 0.9667874610930256, 'f_n': 3.5786591081711505e-09, 'K_d': 406490.8235905373, 'fission_rate': 5.367619275698766e+19, 'Dg_D1_scale': 1.0845537317674925, 'Dg_D3_scale': 1.372778992133775, 'Dv_D1_scale': 1.5318571375102308, 'Dv_D2_scale': 0.455163060943667, 'b_bulk_scale': 1.8609964030218413, 'b_dislocation_scale': 1.2512572396028643, 'gb_scale': 2.423585632262016, 'gd_bubble_scale': 4.700449101815433, 'gd_line_scale': 9.701207551374363, 'gd_line_alpha': 0.07587384693151505, 'coalescence_d_scale': 0.2298167144324826, 'capture_scale': 0.5790146643951718}. Best is trial 11 with value: 3.9823674035068675.
[I 2026-05-05 17:20:44,955] Trial 20 finished with value: 7.614177124684198 and parameters: {'rho_scale': 0.7571995208288591, 'f_n': 1.1248242895354882e-10, 'K_d': 363446.5230522786, 'fission_rate': 7.1494176122732495e+19, 'Dg_D1_scale': 0.21996914628538425, 'Dg_D3_scale': 2.706803346636079, 'Dv_D1_scale': 3.172719718678233, 'Dv_D2_scale': 1.1666497393421822, 'b_bulk_scale': 0.8929888322529197, 'b_dislocation_scale': 3.5197502804535588, 'gb_scale': 4.751986492677159, 'gd_bubble_scale': 0.818104665209611, 'gd_line_scale': 1.2298519444628038, 'gd_line_alpha': 0.6414949478412049, 'coalescence_d_scale': 1.6437359633550195, 'capture_scale': 0.1506440178296125}. Best is trial 11 with value: 3.9823674035068675.
[I 2026-05-05 17:20:52,883] Trial 21 finished with value: 4.361971127065759 and parameters: {'rho_scale': 1.9239841136939249, 'f_n': 2.6930778877028133e-06, 'K_d': 464290.39922393713, 'fission_rate': 5.011722355176114e+19, 'Dg_D1_scale': 0.19767161065409844, 'Dg_D3_scale': 3.209771200884123, 'Dv_D1_scale': 0.35859307386039546, 'Dv_D2_scale': 0.5645802573916963, 'b_bulk_scale': 0.05958458569782127, 'b_dislocation_scale': 0.3805045650266042, 'gb_scale': 0.1945311449047514, 'gd_bubble_scale': 9.45182343868079, 'gd_line_scale': 5.730605882460381, 'gd_line_alpha': 0.27495373178589716, 'coalescence_d_scale': 0.885975975671255, 'capture_scale': 1.2184415106695508}. Best is trial 11 with value: 3.9823674035068675.
[I 2026-05-05 17:21:00,517] Trial 22 finished with value: 11.04578944298179 and parameters: {'rho_scale': 1.6358190856491794, 'f_n': 5.808711503456249e-08, 'K_d': 450846.5965417043, 'fission_rate': 4.531005367276833e+19, 'Dg_D1_scale': 0.37022971983619457, 'Dg_D3_scale': 1.9419330604920328, 'Dv_D1_scale': 0.5690742444324733, 'Dv_D2_scale': 0.5799731793999071, 'b_bulk_scale': 0.054801121183615305, 'b_dislocation_scale': 2.1608961195869885, 'gb_scale': 5.801489446725173, 'gd_bubble_scale': 2.328039039762673, 'gd_line_scale': 5.1349880537200265, 'gd_line_alpha': 0.3230491044438106, 'coalescence_d_scale': 19.608279346489287, 'capture_scale': 0.01002895346996471}. Best is trial 11 with value: 3.9823674035068675.
[I 2026-05-05 17:21:10,349] Trial 23 finished with value: 3.54880999205008 and parameters: {'rho_scale': 0.8481584398007672, 'f_n': 8.798762770379078e-10, 'K_d': 317591.2633904286, 'fission_rate': 5.241500390961688e+19, 'Dg_D1_scale': 0.5240521895458011, 'Dg_D3_scale': 3.8310967973952006, 'Dv_D1_scale': 0.30624524785141166, 'Dv_D2_scale': 0.2867298303681684, 'b_bulk_scale': 0.047477202308293824, 'b_dislocation_scale': 0.033372273004562344, 'gb_scale': 2.258864785222411, 'gd_bubble_scale': 4.738720029824022, 'gd_line_scale': 2.718062655110914, 'gd_line_alpha': 0.10444521986355504, 'coalescence_d_scale': 1.4443593027806592, 'capture_scale': 4.820590391086601}. Best is trial 23 with value: 3.54880999205008.
[I 2026-05-05 17:21:18,998] Trial 24 finished with value: 3.3148642597216176 and parameters: {'rho_scale': 1.0139134867371078, 'f_n': 7.327853238077457e-10, 'K_d': 311253.4789571538, 'fission_rate': 5.79640639684324e+19, 'Dg_D1_scale': 0.5414421420113761, 'Dg_D3_scale': 2.8298945562235662, 'Dv_D1_scale': 0.2026371934724306, 'Dv_D2_scale': 0.2726087426584643, 'b_bulk_scale': 0.03425825188172166, 'b_dislocation_scale': 0.8963615930246246, 'gb_scale': 2.2180649876420273, 'gd_bubble_scale': 4.443373536127947, 'gd_line_scale': 2.6025091230819717, 'gd_line_alpha': 0.09361486710928299, 'coalescence_d_scale': 1.445035041067582, 'capture_scale': 4.441278915635226}. Best is trial 24 with value: 3.3148642597216176.Best trial: 23. Best value: 3.54881:  24%|██▍       | 24/100 [03:20<10:41,  8.44s/it]Best trial: 24. Best value: 3.31486:  24%|██▍       | 24/100 [03:20<10:41,  8.44s/it]Best trial: 24. Best value: 3.31486:  25%|██▌       | 25/100 [03:20<10:37,  8.50s/it]                                                                                     Best trial: 24. Best value: 3.31486:  25%|██▌       | 25/100 [03:28<10:37,  8.50s/it]Best trial: 25. Best value: 3.31081:  25%|██▌       | 25/100 [03:28<10:37,  8.50s/it]Best trial: 25. Best value: 3.31081:  26%|██▌       | 26/100 [03:28<10:10,  8.26s/it]                                                                                     Best trial: 25. Best value: 3.31081:  26%|██▌       | 26/100 [03:37<10:10,  8.26s/it]Best trial: 26. Best value: 3.29961:  26%|██▌       | 26/100 [03:37<10:10,  8.26s/it]Best trial: 26. Best value: 3.29961:  27%|██▋       | 27/100 [03:37<10:36,  8.71s/it]                                                                                     Best trial: 26. Best value: 3.29961:  27%|██▋       | 27/100 [03:45<10:36,  8.71s/it]Best trial: 27. Best value: 3.07346:  27%|██▋       | 27/100 [03:45<10:36,  8.71s/it]Best trial: 27. Best value: 3.07346:  28%|██▊       | 28/100 [03:45<10:10,  8.48s/it]                                                                                     Best trial: 27. Best value: 3.07346:  28%|██▊       | 28/100 [03:52<10:10,  8.48s/it]Best trial: 27. Best value: 3.07346:  28%|██▊       | 28/100 [03:52<10:10,  8.48s/it]Best trial: 27. Best value: 3.07346:  29%|██▉       | 29/100 [03:52<09:18,  7.87s/it]                                                                                     Best trial: 27. Best value: 3.07346:  29%|██▉       | 29/100 [04:03<09:18,  7.87s/it]Best trial: 27. Best value: 3.07346:  29%|██▉       | 29/100 [04:03<09:18,  7.87s/it]Best trial: 27. Best value: 3.07346:  30%|███       | 30/100 [04:03<10:13,  8.76s/it]                                                                                     Best trial: 27. Best value: 3.07346:  30%|███       | 30/100 [04:11<10:13,  8.76s/it]Best trial: 30. Best value: 3.03107:  30%|███       | 30/100 [04:11<10:13,  8.76s/it]Best trial: 30. Best value: 3.03107:  31%|███       | 31/100 [04:11<10:05,  8.77s/it]                                                                                     Best trial: 30. Best value: 3.03107:  31%|███       | 31/100 [04:20<10:05,  8.77s/it]Best trial: 31. Best value: 3.00872:  31%|███       | 31/100 [04:20<10:05,  8.77s/it]Best trial: 31. Best value: 3.00872:  32%|███▏      | 32/100 [04:20<09:48,  8.66s/it]                                                                                     Best trial: 31. Best value: 3.00872:  32%|███▏      | 32/100 [04:26<09:48,  8.66s/it]Best trial: 31. Best value: 3.00872:  32%|███▏      | 32/100 [04:26<09:48,  8.66s/it]Best trial: 31. Best value: 3.00872:  33%|███▎      | 33/100 [04:26<08:52,  7.94s/it]                                                                                     Best trial: 31. Best value: 3.00872:  33%|███▎      | 33/100 [04:34<08:52,  7.94s/it]Best trial: 31. Best value: 3.00872:  33%|███▎      | 33/100 [04:34<08:52,  7.94s/it]Best trial: 31. Best value: 3.00872:  34%|███▍      | 34/100 [04:34<08:51,  8.05s/it]                                                                                     Best trial: 31. Best value: 3.00872:  34%|███▍      | 34/100 [04:42<08:51,  8.05s/it]Best trial: 34. Best value: 2.86534:  34%|███▍      | 34/100 [04:42<08:51,  8.05s/it]Best trial: 34. Best value: 2.86534:  35%|███▌      | 35/100 [04:42<08:41,  8.02s/it]                                                                                     Best trial: 34. Best value: 2.86534:  35%|███▌      | 35/100 [04:50<08:41,  8.02s/it]Best trial: 34. Best value: 2.86534:  35%|███▌      | 35/100 [04:50<08:41,  8.02s/it]Best trial: 34. Best value: 2.86534:  36%|███▌      | 36/100 [04:50<08:18,  7.80s/it]                                                                                     
[I 2026-05-05 17:21:26,685] Trial 25 finished with value: 3.3108055809374273 and parameters: {'rho_scale': 1.0921088127782084, 'f_n': 6.064008060430483e-10, 'K_d': 301465.24819404195, 'fission_rate': 5.2129000806397805e+19, 'Dg_D1_scale': 0.4433872222306333, 'Dg_D3_scale': 3.9429883968334365, 'Dv_D1_scale': 0.20181707569859217, 'Dv_D2_scale': 0.26030770835176953, 'b_bulk_scale': 0.034784585269603645, 'b_dislocation_scale': 0.03133278843135795, 'gb_scale': 2.2344777329882093, 'gd_bubble_scale': 4.863534099823582, 'gd_line_scale': 0.47761179399643217, 'gd_line_alpha': 0.12021442026383183, 'coalescence_d_scale': 1.7585458448441962, 'capture_scale': 4.205602353953993}. Best is trial 25 with value: 3.3108055809374273.
[I 2026-05-05 17:21:36,473] Trial 26 finished with value: 3.299610429920335 and parameters: {'rho_scale': 1.0560345007372787, 'f_n': 5.555735943602094e-09, 'K_d': 304994.7636734601, 'fission_rate': 5.150176978577095e+19, 'Dg_D1_scale': 0.4729939727260113, 'Dg_D3_scale': 3.004035042968101, 'Dv_D1_scale': 0.2158235366821552, 'Dv_D2_scale': 0.2807847745059342, 'b_bulk_scale': 0.07734748856829197, 'b_dislocation_scale': 0.037233394488612855, 'gb_scale': 2.145002306755993, 'gd_bubble_scale': 4.597358999876634, 'gd_line_scale': 0.43955262417860885, 'gd_line_alpha': 0.13564829336913264, 'coalescence_d_scale': 1.943291969157296, 'capture_scale': 4.241840041201144}. Best is trial 26 with value: 3.299610429920335.
[I 2026-05-05 17:21:44,408] Trial 27 finished with value: 3.07345878875573 and parameters: {'rho_scale': 1.0532258912505392, 'f_n': 4.852910947178976e-09, 'K_d': 308003.2893160076, 'fission_rate': 6.299781274818734e+19, 'Dg_D1_scale': 0.40588346883323434, 'Dg_D3_scale': 2.022387130962385, 'Dv_D1_scale': 0.20847805136004785, 'Dv_D2_scale': 0.264630268032624, 'b_bulk_scale': 0.07833528102884127, 'b_dislocation_scale': 0.07082749094841148, 'gb_scale': 2.1983715102164054, 'gd_bubble_scale': 5.755913070655187, 'gd_line_scale': 0.475945423748482, 'gd_line_alpha': 0.22464047979468948, 'coalescence_d_scale': 2.3650039999210684, 'capture_scale': 4.071458110982308}. Best is trial 27 with value: 3.07345878875573.
[I 2026-05-05 17:21:50,833] Trial 28 finished with value: 3.352198249229704 and parameters: {'rho_scale': 1.0839484322112916, 'f_n': 4.712183390926401e-09, 'K_d': 387655.5860260982, 'fission_rate': 6.394751328035092e+19, 'Dg_D1_scale': 0.42700750097165135, 'Dg_D3_scale': 1.9439964700921089, 'Dv_D1_scale': 0.24671723850350702, 'Dv_D2_scale': 0.34320072257733913, 'b_bulk_scale': 0.08597782314800409, 'b_dislocation_scale': 0.07534357813131755, 'gb_scale': 0.6085193254858104, 'gd_bubble_scale': 7.105164828578357, 'gd_line_scale': 0.4271470305669852, 'gd_line_alpha': 0.25159732026677045, 'coalescence_d_scale': 2.3409875950889383, 'capture_scale': 1.6941414224016336}. Best is trial 27 with value: 3.07345878875573.
[I 2026-05-05 17:22:01,709] Trial 29 finished with value: 4.0746201750141475 and parameters: {'rho_scale': 1.5807559604331523, 'f_n': 3.912410152703531e-08, 'K_d': 321700.7709149221, 'fission_rate': 4.625860783967048e+19, 'Dg_D1_scale': 3.9526756419395666, 'Dg_D3_scale': 1.3269271320003733, 'Dv_D1_scale': 0.2605179954939298, 'Dv_D2_scale': 0.23610540811719263, 'b_bulk_scale': 0.14736636731688157, 'b_dislocation_scale': 0.030421516009340274, 'gb_scale': 1.803229750696828, 'gd_bubble_scale': 6.705405048107941, 'gd_line_scale': 0.483826495337391, 'gd_line_alpha': 0.3883536022248013, 'coalescence_d_scale': 4.894116402461787, 'capture_scale': 2.7256857674066333}. Best is trial 27 with value: 3.07345878875573.
[I 2026-05-05 17:22:10,480] Trial 30 finished with value: 3.0310677762261857 and parameters: {'rho_scale': 1.1290327249255194, 'f_n': 3.0656865409846256e-08, 'K_d': 372365.1130156404, 'fission_rate': 5.993292321118435e+19, 'Dg_D1_scale': 0.7230259647840784, 'Dg_D3_scale': 2.128844426396799, 'Dv_D1_scale': 0.20514142195861054, 'Dv_D2_scale': 0.3201390630961104, 'b_bulk_scale': 0.16678647673479577, 'b_dislocation_scale': 0.07477724038969356, 'gb_scale': 2.8389762860121937, 'gd_bubble_scale': 4.229411223729436, 'gd_line_scale': 0.48923315449979393, 'gd_line_alpha': 0.1556011270241859, 'coalescence_d_scale': 2.066003996236839, 'capture_scale': 3.949326070495826}. Best is trial 30 with value: 3.0310677762261857.
[I 2026-05-05 17:22:18,888] Trial 31 finished with value: 3.0087247466876788 and parameters: {'rho_scale': 1.101877771199357, 'f_n': 3.4637097811823034e-08, 'K_d': 303551.43180634937, 'fission_rate': 5.988703479174163e+19, 'Dg_D1_scale': 0.7604674700447481, 'Dg_D3_scale': 2.987827307041751, 'Dv_D1_scale': 0.20637924070502447, 'Dv_D2_scale': 0.31977535868383933, 'b_bulk_scale': 0.1658303193038603, 'b_dislocation_scale': 0.06591912043509489, 'gb_scale': 2.80514413924138, 'gd_bubble_scale': 4.031883107982747, 'gd_line_scale': 0.5029058480051072, 'gd_line_alpha': 0.17788239571849795, 'coalescence_d_scale': 2.0618854622463823, 'capture_scale': 4.485285058597735}. Best is trial 31 with value: 3.0087247466876788.
[I 2026-05-05 17:22:25,174] Trial 32 finished with value: 3.111593395071712 and parameters: {'rho_scale': 0.9093207512752021, 'f_n': 3.1725452439648414e-08, 'K_d': 332240.9596733392, 'fission_rate': 6.2608295696611434e+19, 'Dg_D1_scale': 0.7685264618350054, 'Dg_D3_scale': 2.144853558185359, 'Dv_D1_scale': 0.28566276287842035, 'Dv_D2_scale': 0.32910593436728103, 'b_bulk_scale': 0.1634839917051989, 'b_dislocation_scale': 0.06867568946709705, 'gb_scale': 4.548427046034366, 'gd_bubble_scale': 3.759407052289993, 'gd_line_scale': 0.28708821558715797, 'gd_line_alpha': 0.2293106117353259, 'coalescence_d_scale': 3.9852125181790417, 'capture_scale': 1.8703625946858273}. Best is trial 31 with value: 3.0087247466876788.
[I 2026-05-05 17:22:33,482] Trial 33 finished with value: 3.360985634819205 and parameters: {'rho_scale': 0.9244166211494185, 'f_n': 3.0352268641929344e-08, 'K_d': 373540.3503997214, 'fission_rate': 6.030085669185304e+19, 'Dg_D1_scale': 1.3072585330598012, 'Dg_D3_scale': 1.660977513426543, 'Dv_D1_scale': 0.28189870885741247, 'Dv_D2_scale': 0.34425247824560795, 'b_bulk_scale': 0.16793998094160972, 'b_dislocation_scale': 0.06833375457013126, 'gb_scale': 4.587174570720522, 'gd_bubble_scale': 2.165566774920193, 'gd_line_scale': 0.25758877795866775, 'gd_line_alpha': 0.2249873921466514, 'coalescence_d_scale': 4.044143133488893, 'capture_scale': 2.3213347961288235}. Best is trial 31 with value: 3.0087247466876788.
[I 2026-05-05 17:22:41,416] Trial 34 finished with value: 2.8653401973493406 and parameters: {'rho_scale': 1.156172755147522, 'f_n': 8.926632348568094e-08, 'K_d': 335037.66656467336, 'fission_rate': 6.395364075948244e+19, 'Dg_D1_scale': 0.7525826357945711, 'Dg_D3_scale': 1.0813479115224882, 'Dv_D1_scale': 0.24808263926148746, 'Dv_D2_scale': 0.4673725625435533, 'b_bulk_scale': 0.2942811332898847, 'b_dislocation_scale': 0.19583058968504158, 'gb_scale': 3.4329911481538207, 'gd_bubble_scale': 8.77022143260252, 'gd_line_scale': 0.6614792639433377, 'gd_line_alpha': 0.3905367131448403, 'coalescence_d_scale': 0.9138473891290743, 'capture_scale': 1.6148247629088757}. Best is trial 34 with value: 2.8653401973493406.
[I 2026-05-05 17:22:48,695] Trial 35 finished with value: 3.183969235864029 and parameters: {'rho_scale': 1.1733525048193978, 'f_n': 9.617236631776866e-08, 'K_d': 333737.1233210769, 'fission_rate': 7.0321355462803554e+19, 'Dg_D1_scale': 0.6719500369383201, 'Dg_D3_scale': 1.0960385634762635, 'Dv_D1_scale': 0.24375356705739232, 'Dv_D2_scale': 3.5440915057766995, 'b_bulk_scale': 0.2755817617196302, 'b_dislocation_scale': 0.19489378575877833, 'gb_scale': 3.01130156187683, 'gd_bubble_scale': 9.574757940365677, 'gd_line_scale': 0.7495149570493779, 'gd_line_alpha': 0.3701883078417303, 'coalescence_d_scale': 1.0473776532403656, 'capture_scale': 2.989831035870115}. Best is trial 34 with value: 2.8653401973493406.
