[I 2026-05-05 17:17:58,480] A new study created in RDB with name: UN_M7_capture_only
########################################################################################################################
V13b rhoSat + STRICT gas-to-grain-face + high-T dislocation plateau settings
family                         = capture_only
rhoFT2 enabled                 = True
rho_scale range                 = 0.5 -- 2
rho T shape                     = saturating Ray-Blank fit normalized at 1025 K
K_d range                       = 300000 -- 800000
direct exp weights              = sw 1.0, Rd 0.9, Nd 0.4, Nd-drop 1.0
v13 partition/qgb weights       = 0.95 / 2.5
v13 Nd highT target weight      = 0.8
qgb 1.1% low-mid/high           = 5.0 / 5.0
qgb 3.2% low-mid/high           = 8.0 / 12.0
qgb penalty scale               = 25.0
Fig8 disl/bulk radius weights   = 0.75 / 0.04
Fig6 burnup weight              = 0.02
output dir                      = UN_M7_optuna_v13b_rhoSat_qgbStrict_results/capture_only
########################################################################################################################
########################################################################################################################
OPTUNA CALIBRATION: capture_only
########################################################################################################################
Output dir        = UN_M7_optuna_v13b_rhoSat_qgbStrict_results/capture_only
Trials requested  = 100
FAST dt/modes     = 12 h / 22
FINAL dt/modes    = 1 h / 40
Pressure weight   = 0.22; free factor = 3
D2 Xe             = included, with D2_xe_scale
Coalescence       = active, scale never zero
Family switches   = phi_gas:False, nuc_mass:False, capture:True
########################################################################################################################
  0%|          | 0/100 [00:00<?, ?it/s]                                         0%|          | 0/100 [00:10<?, ?it/s]Best trial: 0. Best value: 5.23224:   0%|          | 0/100 [00:10<?, ?it/s]Best trial: 0. Best value: 5.23224:   1%|          | 1/100 [00:10<17:12, 10.43s/it]                                                                                   Best trial: 0. Best value: 5.23224:   1%|          | 1/100 [00:16<17:12, 10.43s/it]Best trial: 1. Best value: 4.78034:   1%|          | 1/100 [00:16<17:12, 10.43s/it]Best trial: 1. Best value: 4.78034:   2%|▏         | 2/100 [00:16<13:18,  8.15s/it]                                                                                   Best trial: 1. Best value: 4.78034:   2%|▏         | 2/100 [00:24<13:18,  8.15s/it]Best trial: 2. Best value: 4.24249:   2%|▏         | 2/100 [00:24<13:18,  8.15s/it]Best trial: 2. Best value: 4.24249:   3%|▎         | 3/100 [00:24<12:41,  7.85s/it]                                                                                   Best trial: 2. Best value: 4.24249:   3%|▎         | 3/100 [00:33<12:41,  7.85s/it]Best trial: 2. Best value: 4.24249:   3%|▎         | 3/100 [00:34<12:41,  7.85s/it]Best trial: 2. Best value: 4.24249:   4%|▍         | 4/100 [00:34<13:38,  8.52s/it]                                                                                   Best trial: 2. Best value: 4.24249:   4%|▍         | 4/100 [00:40<13:38,  8.52s/it]Best trial: 2. Best value: 4.24249:   4%|▍         | 4/100 [00:40<13:38,  8.52s/it]Best trial: 2. Best value: 4.24249:   5%|▌         | 5/100 [00:40<12:21,  7.80s/it]                                                                                   Best trial: 2. Best value: 4.24249:   5%|▌         | 5/100 [00:47<12:21,  7.80s/it]Best trial: 2. Best value: 4.24249:   5%|▌         | 5/100 [00:47<12:21,  7.80s/it]Best trial: 2. Best value: 4.24249:   6%|▌         | 6/100 [00:47<11:57,  7.63s/it]                                                                                   Best trial: 2. Best value: 4.24249:   6%|▌         | 6/100 [00:52<11:57,  7.63s/it]Best trial: 2. Best value: 4.24249:   6%|▌         | 6/100 [00:52<11:57,  7.63s/it]Best trial: 2. Best value: 4.24249:   7%|▋         | 7/100 [00:52<10:24,  6.71s/it]/home/destro/sciantix-official/UN_M7_optuna_calibration_v13b_rhoSat_qgbStrict_STANDALONE.py:151: UserWarning: Fixed parameter K_d with value 1033314.0 is out of range for distribution FloatDistribution(high=800000.0, log=True, low=300000.0, step=None).
  "K_d": trial.suggest_float("K_d", K_D_MIN, K_D_MAX, log=True),
                                                                                   Best trial: 2. Best value: 4.24249:   7%|▋         | 7/100 [00:59<10:24,  6.71s/it]Best trial: 2. Best value: 4.24249:   7%|▋         | 7/100 [00:59<10:24,  6.71s/it]Best trial: 2. Best value: 4.24249:   8%|▊         | 8/100 [00:59<10:16,  6.70s/it]/home/destro/sciantix-official/UN_M7_optuna_calibration_v13b_rhoSat_qgbStrict_STANDALONE.py:151: UserWarning: Fixed parameter K_d with value 1198283.0 is out of range for distribution FloatDistribution(high=800000.0, log=True, low=300000.0, step=None).
  "K_d": trial.suggest_float("K_d", K_D_MIN, K_D_MAX, log=True),
                                                                                   Best trial: 2. Best value: 4.24249:   8%|▊         | 8/100 [01:07<10:16,  6.70s/it]Best trial: 2. Best value: 4.24249:   8%|▊         | 8/100 [01:07<10:16,  6.70s/it]Best trial: 2. Best value: 4.24249:   9%|▉         | 9/100 [01:07<10:38,  7.02s/it]/home/destro/sciantix-official/UN_M7_optuna_calibration_v13b_rhoSat_qgbStrict_STANDALONE.py:151: UserWarning: Fixed parameter K_d with value 1166892.0 is out of range for distribution FloatDistribution(high=800000.0, log=True, low=300000.0, step=None).
  "K_d": trial.suggest_float("K_d", K_D_MIN, K_D_MAX, log=True),
                                                                                   Best trial: 2. Best value: 4.24249:   9%|▉         | 9/100 [01:14<10:38,  7.02s/it]Best trial: 2. Best value: 4.24249:   9%|▉         | 9/100 [01:14<10:38,  7.02s/it]Best trial: 2. Best value: 4.24249:  10%|█         | 10/100 [01:14<10:47,  7.19s/it]                                                                                    Best trial: 2. Best value: 4.24249:  10%|█         | 10/100 [01:21<10:47,  7.19s/it]Best trial: 2. Best value: 4.24249:  10%|█         | 10/100 [01:21<10:47,  7.19s/it]Best trial: 2. Best value: 4.24249:  11%|█         | 11/100 [01:21<10:26,  7.04s/it]                                                                                    Best trial: 2. Best value: 4.24249:  11%|█         | 11/100 [01:30<10:26,  7.04s/it]Best trial: 11. Best value: 3.98237:  11%|█         | 11/100 [01:30<10:26,  7.04s/it]Best trial: 11. Best value: 3.98237:  12%|█▏        | 12/100 [01:30<11:04,  7.56s/it]                                                                                     [I 2026-05-05 17:18:09,036] Trial 0 finished with value: 5.232237365094635 and parameters: {'rho_scale': 0.6067263714777207, 'f_n': 4.7e-08, 'K_d': 575000.0, 'fission_rate': 4.76e+19, 'Dg_D1_scale': 1.5767605587059557, 'Dg_D3_scale': 0.7611354306720279, 'Dv_D1_scale': 0.26058242972566387, 'Dv_D2_scale': 3.320742487035075, 'b_bulk_scale': 0.19897080609662782, 'b_dislocation_scale': 0.09662728327587808, 'gb_scale': 1.588, 'gd_bubble_scale': 7.375651185288783, 'gd_line_scale': 0.6783499587521908, 'gd_line_alpha': 0.3961880419846553, 'coalescence_d_scale': 8.15, 'capture_scale': 2.97}. Best is trial 0 with value: 5.232237365094635.
[I 2026-05-05 17:18:15,611] Trial 1 finished with value: 4.78033842980656 and parameters: {'rho_scale': 1.421741649801314, 'f_n': 1e-08, 'K_d': 800000.0, 'fission_rate': 7.5e+19, 'Dg_D1_scale': 0.27228577474968596, 'Dg_D3_scale': 0.7784785108215069, 'Dv_D1_scale': 1.3167135607798741, 'Dv_D2_scale': 0.8605336647317005, 'b_bulk_scale': 0.09930718216236552, 'b_dislocation_scale': 0.28216364074345285, 'gb_scale': 1.0, 'gd_bubble_scale': 5.653337201774591, 'gd_line_scale': 0.7798839746337091, 'gd_line_alpha': 0.8909143174798071, 'coalescence_d_scale': 1.0, 'capture_scale': 0.3}. Best is trial 1 with value: 4.78033842980656.
[I 2026-05-05 17:18:23,098] Trial 2 finished with value: 4.242490194633376 and parameters: {'rho_scale': 1.3638656698911071, 'f_n': 1e-06, 'K_d': 500000.0, 'fission_rate': 5e+19, 'Dg_D1_scale': 0.15638618046405792, 'Dg_D3_scale': 3.523578186779903, 'Dv_D1_scale': 0.3499814522081296, 'Dv_D2_scale': 0.5650837922326378, 'b_bulk_scale': 0.057391734101050425, 'b_dislocation_scale': 0.05296148816142411, 'gb_scale': 1.0, 'gd_bubble_scale': 9.072852629114523, 'gd_line_scale': 5.608839726286801, 'gd_line_alpha': 0.3266324869059186, 'coalescence_d_scale': 1.0, 'capture_scale': 1.0}. Best is trial 2 with value: 4.242490194633376.
[I 2026-05-05 17:18:32,663] Trial 3 finished with value: 15.381484689911359 and parameters: {'rho_scale': 0.5288875952765051, 'f_n': 1.3333e-08, 'K_d': 714300.0, 'fission_rate': 4.9558e+19, 'Dg_D1_scale': 0.7543343535479183, 'Dg_D3_scale': 1.7204644624428158, 'Dv_D1_scale': 2.502669640688804, 'Dv_D2_scale': 1.6339081145642342, 'b_bulk_scale': 0.10766256250157566, 'b_dislocation_scale': 0.0432563450409352, 'gb_scale': 0.8994, 'gd_bubble_scale': 0.31407242602537466, 'gd_line_scale': 0.9469077646614857, 'gd_line_alpha': 0.9276049476844573, 'coalescence_d_scale': 10.99, 'capture_scale': 3.247}. Best is trial 2 with value: 4.242490194633376.
[I 2026-05-05 17:18:39,179] Trial 4 finished with value: 8.953774593350346 and parameters: {'rho_scale': 1.1855567757119716, 'f_n': 2.5466e-07, 'K_d': 648460.0, 'fission_rate': 7.4799e+19, 'Dg_D1_scale': 0.41740663429259633, 'Dg_D3_scale': 1.4247151874140034, 'Dv_D1_scale': 1.9924541245897969, 'Dv_D2_scale': 2.193023986155432, 'b_bulk_scale': 0.2679523940885417, 'b_dislocation_scale': 0.12357449426471015, 'gb_scale': 0.4625, 'gd_bubble_scale': 0.21227150525095217, 'gd_line_scale': 8.896721041335992, 'gd_line_alpha': 0.4312812213058962, 'coalescence_d_scale': 6.997, 'capture_scale': 0.1401}. Best is trial 2 with value: 4.242490194633376.
[I 2026-05-05 17:18:46,503] Trial 5 finished with value: 7.424845740508705 and parameters: {'rho_scale': 1.2000261487740682, 'f_n': 1.9043e-07, 'K_d': 633680.0, 'fission_rate': 6.8347e+19, 'Dg_D1_scale': 0.3268860185759063, 'Dg_D3_scale': 0.15667229656008644, 'Dv_D1_scale': 2.1023056503001665, 'Dv_D2_scale': 0.7574623504675033, 'b_bulk_scale': 0.0644679176091742, 'b_dislocation_scale': 0.055946193691610094, 'gb_scale': 0.3881, 'gd_bubble_scale': 0.5950169664441426, 'gd_line_scale': 0.08886175236743059, 'gd_line_alpha': 0.49108696323748213, 'coalescence_d_scale': 7.005, 'capture_scale': 0.0608}. Best is trial 2 with value: 4.242490194633376.
[I 2026-05-05 17:18:51,312] Trial 6 finished with value: 5.372697597836757 and parameters: {'rho_scale': 0.8813814903954721, 'f_n': 1.3237e-08, 'K_d': 558920.0, 'fission_rate': 7.6621e+19, 'Dg_D1_scale': 2.986906697676402, 'Dg_D3_scale': 0.2808601358822707, 'Dv_D1_scale': 0.21667999008068556, 'Dv_D2_scale': 0.39876833644561865, 'b_bulk_scale': 0.5002471660772343, 'b_dislocation_scale': 0.19939292250486357, 'gb_scale': 0.4151, 'gd_bubble_scale': 0.40485391019686784, 'gd_line_scale': 0.14132431127848866, 'gd_line_alpha': 0.18136978558093075, 'coalescence_d_scale': 9.772, 'capture_scale': 0.1557}. Best is trial 2 with value: 4.242490194633376.
[I 2026-05-05 17:18:57,986] Trial 7 finished with value: 5.681433539735209 and parameters: {'rho_scale': 1.9277065538356795, 'f_n': 2.940436e-07, 'K_d': 1033314.0, 'fission_rate': 6.730293e+19, 'Dg_D1_scale': 1.9200429925428275, 'Dg_D3_scale': 0.9752340737913198, 'Dv_D1_scale': 0.747128048425599, 'Dv_D2_scale': 0.960432650807833, 'b_bulk_scale': 0.13088781954521286, 'b_dislocation_scale': 0.130675160642891, 'gb_scale': 1.445601, 'gd_bubble_scale': 0.06122265441167638, 'gd_line_scale': 0.24990676195130007, 'gd_line_alpha': 0.9083958268067104, 'coalescence_d_scale': 3.880728, 'capture_scale': 0.024136}. Best is trial 2 with value: 4.242490194633376.
[I 2026-05-05 17:19:05,704] Trial 8 finished with value: 6.24070766291215 and parameters: {'rho_scale': 1.4042257512213854, 'f_n': 5.96478e-07, 'K_d': 1198283.0, 'fission_rate': 6.685431e+19, 'Dg_D1_scale': 2.65485688404253, 'Dg_D3_scale': 1.8571053442831345, 'Dv_D1_scale': 0.48014852377061373, 'Dv_D2_scale': 0.7002161460292381, 'b_bulk_scale': 0.21670843266165904, 'b_dislocation_scale': 0.10396233621568252, 'gb_scale': 1.009685, 'gd_bubble_scale': 0.08365885838213866, 'gd_line_scale': 0.06999586235310108, 'gd_line_alpha': 0.4432516365694381, 'coalescence_d_scale': 2.916475, 'capture_scale': 0.027787}. Best is trial 2 with value: 4.242490194633376.
[I 2026-05-05 17:19:13,288] Trial 9 finished with value: 4.975434927047902 and parameters: {'rho_scale': 1.3372376590934034, 'f_n': 7.392651e-07, 'K_d': 1166892.0, 'fission_rate': 6.574543e+19, 'Dg_D1_scale': 2.0340886216506777, 'Dg_D3_scale': 1.0360626022694444, 'Dv_D1_scale': 1.190582106591998, 'Dv_D2_scale': 1.7223004004578006, 'b_bulk_scale': 2.0982176028847195, 'b_dislocation_scale': 0.13654312970310478, 'gb_scale': 1.30495, 'gd_bubble_scale': 0.30883122771281635, 'gd_line_scale': 0.26651186139243144, 'gd_line_alpha': 0.6154462216315029, 'coalescence_d_scale': 2.726375, 'capture_scale': 0.023283}. Best is trial 2 with value: 4.242490194633376.
[I 2026-05-05 17:19:19,984] Trial 10 finished with value: 4.45832587136073 and parameters: {'rho_scale': 1.0, 'f_n': 3.9373731265979387e-10, 'K_d': 500000.0, 'fission_rate': 5.547659742245648e+19, 'Dg_D1_scale': 0.15420393874921923, 'Dg_D3_scale': 3.9686576387386823, 'Dv_D1_scale': 0.43817883222536586, 'Dv_D2_scale': 0.20267876471472324, 'b_bulk_scale': 0.0350447230755168, 'b_dislocation_scale': 0.9340258987499241, 'gb_scale': 6.7308717351410525, 'gd_bubble_scale': 1.8267325067681692, 'gd_line_scale': 8.22674838857528, 'gd_line_alpha': 0.015964271236327043, 'coalescence_d_scale': 0.2504547754407011, 'capture_scale': 0.8634139352906126}. Best is trial 2 with value: 4.242490194633376.
[I 2026-05-05 17:19:28,706] Trial 11 finished with value: 3.9823674035068675 and parameters: {'rho_scale': 0.75, 'f_n': 2.292200594846703e-10, 'K_d': 350000.0, 'fission_rate': 5.5780703005333406e+19, 'Dg_D1_scale': 0.15162531557061568, 'Dg_D3_scale': 3.986553297194798, 'Dv_D1_scale': 0.4200274870621649, 'Dv_D2_scale': 0.21920537529355102, 'b_bulk_scale': 0.03368753109894469, 'b_dislocation_scale': 1.2374722043656878, 'gb_scale': 7.969915256782503, 'gd_bubble_scale': 3.0062563162046354, 'gd_line_scale': 8.763953795792656, 'gd_line_alpha': 0.005741300576578602, 'coalescence_d_scale': 0.22288900362798475, 'capture_scale': 0.8218310186250724}. Best is trial 11 with value: 3.9823674035068675.
[I 2026-05-05 17:19:40,596] Trial 12 finished with value: 6.106963140591021 and parameters: {'rho_scale': 1.25, 'f_n': 2.3942398190746974e-10, 'K_d': 500000.0, 'fission_rate': 4.152520177985986e+19, 'Dg_D1_scale': 0.15546624205790405, 'Dg_D3_scale': 3.65140429315034, 'Dv_D1_scale': 0.39856331430490616, 'Dv_D2_scale': 0.2030532891601853, 'b_bulk_scale': 0.03360259441850856, 'b_dislocation_scale': 3.554728432255927, 'gb_scale': 0.06660852734295761, 'gd_bubble_scale': 3.141937225389969, 'gd_line_scale': 3.2439895422140594, 'gd_line_alpha': 0.20358549092576186, 'coalescence_d_scale': 0.130777363196413, 'capture_scale': 0.9144202492679399}. Best is trial 11 with value: 3.9823674035068675.Best trial: 11. Best value: 3.98237:  12%|█▏        | 12/100 [01:41<11:04,  7.56s/it]Best trial: 11. Best value: 3.98237:  12%|█▏        | 12/100 [01:41<11:04,  7.56s/it]Best trial: 11. Best value: 3.98237:  13%|█▎        | 13/100 [01:41<12:51,  8.86s/it]                                                                                     Best trial: 11. Best value: 3.98237:  13%|█▎        | 13/100 [01:50<12:51,  8.86s/it]Best trial: 11. Best value: 3.98237:  13%|█▎        | 13/100 [01:50<12:51,  8.86s/it]Best trial: 11. Best value: 3.98237:  14%|█▍        | 14/100 [01:50<12:37,  8.81s/it]                                                                                     Best trial: 11. Best value: 3.98237:  14%|█▍        | 14/100 [01:57<12:37,  8.81s/it]Best trial: 11. Best value: 3.98237:  14%|█▍        | 14/100 [01:57<12:37,  8.81s/it]Best trial: 11. Best value: 3.98237:  15%|█▌        | 15/100 [01:57<11:28,  8.10s/it]                                                                                     Best trial: 11. Best value: 3.98237:  15%|█▌        | 15/100 [02:06<11:28,  8.10s/it]Best trial: 11. Best value: 3.98237:  15%|█▌        | 15/100 [02:06<11:28,  8.10s/it]Best trial: 11. Best value: 3.98237:  16%|█▌        | 16/100 [02:06<11:44,  8.39s/it]                                                                                     Best trial: 11. Best value: 3.98237:  16%|█▌        | 16/100 [02:14<11:44,  8.39s/it]Best trial: 11. Best value: 3.98237:  16%|█▌        | 16/100 [02:14<11:44,  8.39s/it]Best trial: 11. Best value: 3.98237:  17%|█▋        | 17/100 [02:14<11:26,  8.27s/it]                                                                                     Best trial: 11. Best value: 3.98237:  17%|█▋        | 17/100 [02:20<11:26,  8.27s/it]Best trial: 11. Best value: 3.98237:  17%|█▋        | 17/100 [02:20<11:26,  8.27s/it]Best trial: 11. Best value: 3.98237:  18%|█▊        | 18/100 [02:20<10:27,  7.65s/it]                                                                                     Best trial: 11. Best value: 3.98237:  18%|█▊        | 18/100 [02:31<10:27,  7.65s/it]Best trial: 11. Best value: 3.98237:  18%|█▊        | 18/100 [02:31<10:27,  7.65s/it]Best trial: 11. Best value: 3.98237:  19%|█▉        | 19/100 [02:31<11:39,  8.63s/it]                                                                                     Best trial: 11. Best value: 3.98237:  19%|█▉        | 19/100 [02:40<11:39,  8.63s/it]Best trial: 11. Best value: 3.98237:  19%|█▉        | 19/100 [02:40<11:39,  8.63s/it]Best trial: 11. Best value: 3.98237:  20%|██        | 20/100 [02:40<11:43,  8.79s/it]                                                                                     Best trial: 11. Best value: 3.98237:  20%|██        | 20/100 [02:46<11:43,  8.79s/it]Best trial: 11. Best value: 3.98237:  20%|██        | 20/100 [02:46<11:43,  8.79s/it]Best trial: 11. Best value: 3.98237:  21%|██        | 21/100 [02:46<10:25,  7.92s/it]                                                                                     Best trial: 11. Best value: 3.98237:  21%|██        | 21/100 [02:54<10:25,  7.92s/it]Best trial: 11. Best value: 3.98237:  21%|██        | 21/100 [02:54<10:25,  7.92s/it]Best trial: 11. Best value: 3.98237:  22%|██▏       | 22/100 [02:54<10:17,  7.92s/it]                                                                                     Best trial: 11. Best value: 3.98237:  22%|██▏       | 22/100 [03:01<10:17,  7.92s/it]Best trial: 11. Best value: 3.98237:  22%|██▏       | 22/100 [03:01<10:17,  7.92s/it]Best trial: 11. Best value: 3.98237:  23%|██▎       | 23/100 [03:01<10:03,  7.84s/it]                                                                                     Best trial: 11. Best value: 3.98237:  23%|██▎       | 23/100 [03:11<10:03,  7.84s/it]Best trial: 23. Best value: 3.54881:  23%|██▎       | 23/100 [03:11<10:03,  7.84s/it]Best trial: 23. Best value: 3.54881:  24%|██▍       | 24/100 [03:11<10:41,  8.44s/it]                                                                                     
[I 2026-05-05 17:19:49,284] Trial 13 finished with value: 4.223759346519984 and parameters: {'rho_scale': 0.7468614576259778, 'f_n': 1.42714642366311e-09, 'K_d': 351355.4789227573, 'fission_rate': 5.700428893746871e+19, 'Dg_D1_scale': 0.5886863894565124, 'Dg_D3_scale': 2.4774881892067846, 'Dv_D1_scale': 0.6927975632555968, 'Dv_D2_scale': 0.427029727323227, 'b_bulk_scale': 0.5644332382853983, 'b_dislocation_scale': 0.6845981587820602, 'gb_scale': 7.99362760167667, 'gd_bubble_scale': 1.6512056140041236, 'gd_line_scale': 3.1144210817249918, 'gd_line_alpha': 0.04359364412880984, 'coalescence_d_scale': 0.5471028875352982, 'capture_scale': 7.550401442518881}. Best is trial 11 with value: 3.9823674035068675.
[I 2026-05-05 17:19:55,720] Trial 14 finished with value: 4.301818433868951 and parameters: {'rho_scale': 0.7573996501003591, 'f_n': 1.2931053565780492e-09, 'K_d': 332003.5106894551, 'fission_rate': 5.807995936656168e+19, 'Dg_D1_scale': 0.8987193385008238, 'Dg_D3_scale': 2.4551544236075786, 'Dv_D1_scale': 0.7081924137676847, 'Dv_D2_scale': 0.3585447836405452, 'b_bulk_scale': 0.7029650955954206, 'b_dislocation_scale': 0.7184648347537553, 'gb_scale': 7.868399404031849, 'gd_bubble_scale': 1.4164913208235979, 'gd_line_scale': 2.292584543103755, 'gd_line_alpha': 0.004152935684484332, 'coalescence_d_scale': 0.40487976308594725, 'capture_scale': 7.654651344660016}. Best is trial 11 with value: 3.9823674035068675.
[I 2026-05-05 17:20:04,799] Trial 15 finished with value: 4.885422440566578 and parameters: {'rho_scale': 0.6672773478802397, 'f_n': 1.4683405921681955e-09, 'K_d': 347792.98166150687, 'fission_rate': 5.467412191449828e+19, 'Dg_D1_scale': 0.6331808356511446, 'Dg_D3_scale': 0.5300746251800716, 'Dv_D1_scale': 0.5766634863742727, 'Dv_D2_scale': 0.3253364240929152, 'b_bulk_scale': 1.3136541041128007, 'b_dislocation_scale': 1.5143594166087537, 'gb_scale': 3.1546552181330534, 'gd_bubble_scale': 1.2443533083335185, 'gd_line_scale': 2.1721470273006305, 'gd_line_alpha': 0.18144200763119228, 'coalescence_d_scale': 0.45560909139044053, 'capture_scale': 6.506708738191065}. Best is trial 11 with value: 3.9823674035068675.
