[I 2026-05-05 17:27:29,773] Trial 74 finished with value: 2.705520990325772 and parameters: {'rho_scale': 0.8070418832975076, 'f_n': 1.9946317297558245e-08, 'K_d': 312717.08250622463, 'fission_rate': 6.171874823552195e+19, 'Dg_D1_scale': 0.23210507478327244, 'Dg_D3_scale': 1.7763219961837224, 'Dv_D1_scale': 0.26091457163261755, 'Dv_D2_scale': 0.2531280941957856, 'b_bulk_scale': 0.06527033793098054, 'b_dislocation_scale': 0.12919024764042775, 'gb_scale': 7.823969737524148, 'gd_bubble_scale': 6.764044789386725, 'gd_line_scale': 1.2993900677348509, 'gd_line_alpha': 0.3218695279873905, 'coalescence_d_scale': 1.6117934260087716, 'capture_scale': 2.610472942484409}. Best is trial 74 with value: 2.705520990325772.
[I 2026-05-05 17:27:37,467] Trial 75 finished with value: 2.6725670408456854 and parameters: {'rho_scale': 0.71818946366264, 'f_n': 2.1171536757466668e-08, 'K_d': 300408.24746411585, 'fission_rate': 6.162915922419511e+19, 'Dg_D1_scale': 0.21181269899337177, 'Dg_D3_scale': 2.3927321793419254, 'Dv_D1_scale': 0.25900298324534893, 'Dv_D2_scale': 0.29468618027278604, 'b_bulk_scale': 0.04415875063029198, 'b_dislocation_scale': 0.1752435617696613, 'gb_scale': 5.724557043779537, 'gd_bubble_scale': 6.278183671579966, 'gd_line_scale': 1.9266783659905073, 'gd_line_alpha': 0.33441316657760034, 'coalescence_d_scale': 0.901911174762059, 'capture_scale': 2.6950272002727647}. Best is trial 75 with value: 2.6725670408456854.
[I 2026-05-05 17:27:45,464] Trial 76 finished with value: 2.6714203736211033 and parameters: {'rho_scale': 0.7357699333215966, 'f_n': 2.2151256533564155e-08, 'K_d': 308028.4256605788, 'fission_rate': 6.153030360081542e+19, 'Dg_D1_scale': 0.23383762113728837, 'Dg_D3_scale': 1.747604951672033, 'Dv_D1_scale': 0.2591879623450064, 'Dv_D2_scale': 0.2927667951192956, 'b_bulk_scale': 0.06058633802172695, 'b_dislocation_scale': 0.16901233563523196, 'gb_scale': 7.632424660198404, 'gd_bubble_scale': 8.676242581956354, 'gd_line_scale': 1.7861565400327641, 'gd_line_alpha': 0.3563716559011963, 'coalescence_d_scale': 0.5052818995394412, 'capture_scale': 2.676796224316067}. Best is trial 76 with value: 2.6714203736211033.
[I 2026-05-05 17:27:53,473] Trial 77 finished with value: 2.7786397259571474 and parameters: {'rho_scale': 0.7397506007053624, 'f_n': 8.441222642534025e-09, 'K_d': 300547.22530313197, 'fission_rate': 6.103185211166148e+19, 'Dg_D1_scale': 0.23890883652210265, 'Dg_D3_scale': 2.3082985598602894, 'Dv_D1_scale': 0.2669183220894392, 'Dv_D2_scale': 0.27404214462568877, 'b_bulk_scale': 0.04345343842855349, 'b_dislocation_scale': 0.21544650492552347, 'gb_scale': 7.602320222887642, 'gd_bubble_scale': 8.804578283556019, 'gd_line_scale': 1.8298742349048034, 'gd_line_alpha': 0.43178391930689414, 'coalescence_d_scale': 0.48187868662369254, 'capture_scale': 5.281896418630474}. Best is trial 76 with value: 2.6714203736211033.
[I 2026-05-05 17:27:58,117] Trial 78 finished with value: 3.1995017196858146 and parameters: {'rho_scale': 0.6188191135356336, 'f_n': 8.04285282283954e-09, 'K_d': 302102.72067930154, 'fission_rate': 6.127453566131136e+19, 'Dg_D1_scale': 0.2092071746076139, 'Dg_D3_scale': 2.4677300738332484, 'Dv_D1_scale': 0.264997840298753, 'Dv_D2_scale': 0.26179356452979574, 'b_bulk_scale': 0.043896055666190606, 'b_dislocation_scale': 0.31927406520185847, 'gb_scale': 7.818600152662557, 'gd_bubble_scale': 7.03899552211647, 'gd_line_scale': 1.8774368943459476, 'gd_line_alpha': 0.35375384003670685, 'coalescence_d_scale': 0.4596793651165789, 'capture_scale': 6.346891895139223}. Best is trial 76 with value: 2.6714203736211033.
[I 2026-05-05 17:28:06,569] Trial 79 finished with value: 3.5266962394190484 and parameters: {'rho_scale': 0.714378740535551, 'f_n': 3.413656249367426e-09, 'K_d': 307124.5164810588, 'fission_rate': 5.859657663197517e+19, 'Dg_D1_scale': 0.23632056841326707, 'Dg_D3_scale': 2.273594670363702, 'Dv_D1_scale': 0.3603270601563907, 'Dv_D2_scale': 0.2367933800388767, 'b_bulk_scale': 0.03035956738275845, 'b_dislocation_scale': 0.1735309834041492, 'gb_scale': 5.88122310876935, 'gd_bubble_scale': 8.857004882718606, 'gd_line_scale': 3.511512598739649, 'gd_line_alpha': 0.4258592528278113, 'coalescence_d_scale': 0.5834511836924534, 'capture_scale': 3.5230120164898393}. Best is trial 76 with value: 2.6714203736211033.
[I 2026-05-05 17:28:13,510] Trial 80 finished with value: 3.2562624101618267 and parameters: {'rho_scale': 0.5673623843347568, 'f_n': 1.2504241903266985e-08, 'K_d': 300745.8502074023, 'fission_rate': 5.686058189947618e+19, 'Dg_D1_scale': 0.2139986353035716, 'Dg_D3_scale': 1.703056470066141, 'Dv_D1_scale': 2.496732635844479, 'Dv_D2_scale': 0.2696571789134665, 'b_bulk_scale': 0.040437615367438486, 'b_dislocation_scale': 0.22017239907443845, 'gb_scale': 7.848563997192339, 'gd_bubble_scale': 5.393511075054619, 'gd_line_scale': 1.8272597752503021, 'gd_line_alpha': 0.516981783475563, 'coalescence_d_scale': 0.17220402149848366, 'capture_scale': 5.319185321912689}. Best is trial 76 with value: 2.6714203736211033.
[I 2026-05-05 17:28:21,625] Trial 81 finished with value: 3.222110139806104 and parameters: {'rho_scale': 0.7694191805405529, 'f_n': 1.9444868999563633e-08, 'K_d': 327906.9426497488, 'fission_rate': 6.24725292759029e+19, 'Dg_D1_scale': 0.2841563469853238, 'Dg_D3_scale': 1.7433858456421338, 'Dv_D1_scale': 0.24842620883609715, 'Dv_D2_scale': 0.2805568780898248, 'b_bulk_scale': 0.06124590166294494, 'b_dislocation_scale': 0.13876970564729632, 'gb_scale': 5.529809312088819, 'gd_bubble_scale': 8.970993599704702, 'gd_line_scale': 2.644418299483848, 'gd_line_alpha': 0.3675239248363888, 'coalescence_d_scale': 0.31847425451502615, 'capture_scale': 4.6229979682688125}. Best is trial 76 with value: 2.6714203736211033.
[I 2026-05-05 17:28:27,526] Trial 82 finished with value: 3.0042187889187244 and parameters: {'rho_scale': 0.7203154440007077, 'f_n': 2.4973120682065677e-08, 'K_d': 323024.8765814011, 'fission_rate': 6.090340213523514e+19, 'Dg_D1_scale': 0.17104436716660604, 'Dg_D3_scale': 1.4869732625082936, 'Dv_D1_scale': 0.270239409743886, 'Dv_D2_scale': 0.2030201482548694, 'b_bulk_scale': 0.04966711756532305, 'b_dislocation_scale': 0.18129861930580335, 'gb_scale': 6.142962253813391, 'gd_bubble_scale': 6.6894817841390095, 'gd_line_scale': 1.3554298333807122, 'gd_line_alpha': 0.33220757655013633, 'coalescence_d_scale': 0.9498227615386456, 'capture_scale': 2.7588329225705555}. Best is trial 76 with value: 2.6714203736211033.
[I 2026-05-05 17:28:35,750] Trial 83 finished with value: 2.9423629071864372 and parameters: {'rho_scale': 0.6569082427426413, 'f_n': 6.670210267437024e-09, 'K_d': 342378.3386808983, 'fission_rate': 5.908078338371991e+19, 'Dg_D1_scale': 0.2503090837104693, 'Dg_D3_scale': 1.3142833554093447, 'Dv_D1_scale': 0.30726528697485345, 'Dv_D2_scale': 0.33671201804521755, 'b_bulk_scale': 0.08289512166393265, 'b_dislocation_scale': 0.21604874172954808, 'gb_scale': 5.2530213799494705, 'gd_bubble_scale': 8.56225309187328, 'gd_line_scale': 2.165223139830346, 'gd_line_alpha': 0.39350382333990785, 'coalescence_d_scale': 0.6753683902737527, 'capture_scale': 3.357192258915728}. Best is trial 76 with value: 2.6714203736211033.
[I 2026-05-05 17:28:43,733] Trial 84 finished with value: 3.2975782545945287 and parameters: {'rho_scale': 0.7927248483688972, 'f_n': 1.2125528853598257e-08, 'K_d': 308776.5959935162, 'fission_rate': 6.212307839124848e+19, 'Dg_D1_scale': 0.2005380950542234, 'Dg_D3_scale': 1.9305626171790562, 'Dv_D1_scale': 0.24966054822172276, 'Dv_D2_scale': 0.2503701015948666, 'b_bulk_scale': 0.06634098859828398, 'b_dislocation_scale': 0.11223464366793616, 'gb_scale': 0.11800857076727593, 'gd_bubble_scale': 7.312926291170777, 'gd_line_scale': 4.022510323914436, 'gd_line_alpha': 0.47215143335097, 'coalescence_d_scale': 1.1065271999965536, 'capture_scale': 0.036695132975191794}. Best is trial 76 with value: 2.6714203736211033.Best trial: 76. Best value: 2.67142:  84%|████████▍ | 84/100 [10:45<01:57,  7.36s/it]Best trial: 76. Best value: 2.67142:  84%|████████▍ | 84/100 [10:45<01:57,  7.36s/it]Best trial: 76. Best value: 2.67142:  85%|████████▌ | 85/100 [10:45<01:53,  7.54s/it]                                                                                     Best trial: 76. Best value: 2.67142:  85%|████████▌ | 85/100 [10:52<01:53,  7.54s/it]Best trial: 76. Best value: 2.67142:  85%|████████▌ | 85/100 [10:52<01:53,  7.54s/it]Best trial: 76. Best value: 2.67142:  86%|████████▌ | 86/100 [10:52<01:46,  7.59s/it]                                                                                     Best trial: 76. Best value: 2.67142:  86%|████████▌ | 86/100 [10:57<01:46,  7.59s/it]Best trial: 76. Best value: 2.67142:  86%|████████▌ | 86/100 [10:57<01:46,  7.59s/it]Best trial: 76. Best value: 2.67142:  87%|████████▋ | 87/100 [10:57<01:28,  6.80s/it]                                                                                     Best trial: 76. Best value: 2.67142:  87%|████████▋ | 87/100 [11:07<01:28,  6.80s/it]Best trial: 76. Best value: 2.67142:  87%|████████▋ | 87/100 [11:07<01:28,  6.80s/it]Best trial: 76. Best value: 2.67142:  88%|████████▊ | 88/100 [11:07<01:31,  7.62s/it]                                                                                     Best trial: 76. Best value: 2.67142:  88%|████████▊ | 88/100 [11:15<01:31,  7.62s/it]Best trial: 76. Best value: 2.67142:  88%|████████▊ | 88/100 [11:15<01:31,  7.62s/it]Best trial: 76. Best value: 2.67142:  89%|████████▉ | 89/100 [11:15<01:26,  7.88s/it]                                                                                     Best trial: 76. Best value: 2.67142:  89%|████████▉ | 89/100 [11:24<01:26,  7.88s/it]Best trial: 76. Best value: 2.67142:  89%|████████▉ | 89/100 [11:24<01:26,  7.88s/it]Best trial: 76. Best value: 2.67142:  90%|█████████ | 90/100 [11:24<01:22,  8.21s/it]                                                                                     Best trial: 76. Best value: 2.67142:  90%|█████████ | 90/100 [11:31<01:22,  8.21s/it]Best trial: 76. Best value: 2.67142:  90%|█████████ | 90/100 [11:31<01:22,  8.21s/it]Best trial: 76. Best value: 2.67142:  91%|█████████ | 91/100 [11:31<01:09,  7.71s/it]                                                                                     Best trial: 76. Best value: 2.67142:  91%|█████████ | 91/100 [11:39<01:09,  7.71s/it]Best trial: 76. Best value: 2.67142:  91%|█████████ | 91/100 [11:39<01:09,  7.71s/it]Best trial: 76. Best value: 2.67142:  92%|█████████▏| 92/100 [11:39<01:02,  7.76s/it]                                                                                     Best trial: 76. Best value: 2.67142:  92%|█████████▏| 92/100 [11:46<01:02,  7.76s/it]Best trial: 76. Best value: 2.67142:  92%|█████████▏| 92/100 [11:46<01:02,  7.76s/it]Best trial: 76. Best value: 2.67142:  93%|█████████▎| 93/100 [11:46<00:52,  7.50s/it]                                                                                     Best trial: 76. Best value: 2.67142:  93%|█████████▎| 93/100 [11:53<00:52,  7.50s/it]Best trial: 76. Best value: 2.67142:  93%|█████████▎| 93/100 [11:53<00:52,  7.50s/it]Best trial: 76. Best value: 2.67142:  94%|█████████▍| 94/100 [11:53<00:44,  7.39s/it]                                                                                     Best trial: 76. Best value: 2.67142:  94%|█████████▍| 94/100 [11:59<00:44,  7.39s/it]Best trial: 76. Best value: 2.67142:  94%|█████████▍| 94/100 [11:59<00:44,  7.39s/it]Best trial: 76. Best value: 2.67142:  95%|█████████▌| 95/100 [11:59<00:34,  6.93s/it]                                                                                     Best trial: 76. Best value: 2.67142:  95%|█████████▌| 95/100 [12:07<00:34,  6.93s/it]Best trial: 76. Best value: 2.67142:  95%|█████████▌| 95/100 [12:07<00:34,  6.93s/it]Best trial: 76. Best value: 2.67142:  96%|█████████▌| 96/100 [12:07<00:29,  7.43s/it]                                                                                     
[I 2026-05-05 17:28:51,421] Trial 85 finished with value: 2.960333533981385 and parameters: {'rho_scale': 0.6939310295200927, 'f_n': 1.7561297753828108e-08, 'K_d': 327876.8361432503, 'fission_rate': 6.465198654537167e+19, 'Dg_D1_scale': 0.33719984081727966, 'Dg_D3_scale': 1.1651120911577773, 'Dv_D1_scale': 0.2854216518035378, 'Dv_D2_scale': 0.3464457680808169, 'b_bulk_scale': 0.038512391722931145, 'b_dislocation_scale': 0.1671430517096703, 'gb_scale': 3.280216788152482, 'gd_bubble_scale': 4.603706977929014, 'gd_line_scale': 2.8951589360340417, 'gd_line_alpha': 0.4013813953681748, 'coalescence_d_scale': 0.46241622098463553, 'capture_scale': 2.5620702129509745}. Best is trial 76 with value: 2.6714203736211033.
[I 2026-05-05 17:28:56,388] Trial 86 finished with value: 3.570213422242896 and parameters: {'rho_scale': 0.740917759685457, 'f_n': 2.0155341550676607e-08, 'K_d': 607378.4045602693, 'fission_rate': 6.11456368729381e+19, 'Dg_D1_scale': 0.3033746592568352, 'Dg_D3_scale': 2.2419847252257306, 'Dv_D1_scale': 0.3207710759046693, 'Dv_D2_scale': 0.29434948503537467, 'b_bulk_scale': 0.056425949123073256, 'b_dislocation_scale': 0.3701380446227395, 'gb_scale': 3.9173483897326182, 'gd_bubble_scale': 5.736026836874957, 'gd_line_scale': 1.2733642328515964, 'gd_line_alpha': 0.30905903598486345, 'coalescence_d_scale': 0.842640767280084, 'capture_scale': 3.6907113059619627}. Best is trial 76 with value: 2.6714203736211033.
[I 2026-05-05 17:29:05,883] Trial 87 finished with value: 2.7876498045665072 and parameters: {'rho_scale': 0.6347603047219652, 'f_n': 8.914466524127293e-09, 'K_d': 308471.311499865, 'fission_rate': 6.0039373331405005e+19, 'Dg_D1_scale': 0.23273588612607357, 'Dg_D3_scale': 2.3424650611650177, 'Dv_D1_scale': 0.2427013199521884, 'Dv_D2_scale': 0.2283817843230969, 'b_bulk_scale': 0.07479139078215115, 'b_dislocation_scale': 0.28352163887340776, 'gb_scale': 7.068474775138284, 'gd_bubble_scale': 9.957395928646964, 'gd_line_scale': 1.8151091883988362, 'gd_line_alpha': 0.4398667767219478, 'coalescence_d_scale': 1.2688121055408224, 'capture_scale': 6.827194633942064}. Best is trial 76 with value: 2.6714203736211033.
[I 2026-05-05 17:29:14,376] Trial 88 finished with value: 3.12881099012121 and parameters: {'rho_scale': 0.5797287337226487, 'f_n': 4.256686945409171e-09, 'K_d': 309984.0498033429, 'fission_rate': 6.006382138416664e+19, 'Dg_D1_scale': 0.23186914579737428, 'Dg_D3_scale': 2.0709943223287803, 'Dv_D1_scale': 0.6381974186681527, 'Dv_D2_scale': 0.23090113203189716, 'b_bulk_scale': 0.052726592274016285, 'b_dislocation_scale': 0.25211227337314485, 'gb_scale': 7.226206516818889, 'gd_bubble_scale': 6.5590068944382525, 'gd_line_scale': 1.8034604431180457, 'gd_line_alpha': 0.435474355992766, 'coalescence_d_scale': 1.3373930669241596, 'capture_scale': 6.956615618275828}. Best is trial 76 with value: 2.6714203736211033.
[I 2026-05-05 17:29:23,384] Trial 89 finished with value: 2.90345492734475 and parameters: {'rho_scale': 0.6841802091706539, 'f_n': 2.568465866961992e-09, 'K_d': 319298.80589610286, 'fission_rate': 5.780982693196649e+19, 'Dg_D1_scale': 0.192133128891972, 'Dg_D3_scale': 2.825466814072885, 'Dv_D1_scale': 0.21385910727852034, 'Dv_D2_scale': 0.21932472712459114, 'b_bulk_scale': 0.07609489185416946, 'b_dislocation_scale': 0.282354041009848, 'gb_scale': 6.231978023566847, 'gd_bubble_scale': 4.346972355016627, 'gd_line_scale': 2.397577589977284, 'gd_line_alpha': 0.3499714112219435, 'coalescence_d_scale': 1.5852512888033903, 'capture_scale': 4.792065210158552}. Best is trial 76 with value: 2.6714203736211033.
[I 2026-05-05 17:29:29,919] Trial 90 finished with value: 3.0557993409300552 and parameters: {'rho_scale': 0.6404513157613722, 'f_n': 1.4691754278703762e-08, 'K_d': 300274.79092006537, 'fission_rate': 5.929672145070681e+19, 'Dg_D1_scale': 0.2697587841523304, 'Dg_D3_scale': 2.406354855746713, 'Dv_D1_scale': 0.2884944460748824, 'Dv_D2_scale': 0.27187391619006207, 'b_bulk_scale': 0.06259664018241581, 'b_dislocation_scale': 0.14639511441212275, 'gb_scale': 5.152607443667723, 'gd_bubble_scale': 9.533381904727658, 'gd_line_scale': 1.80073091119718, 'gd_line_alpha': 0.21563798069196247, 'coalescence_d_scale': 0.38845203297660613, 'capture_scale': 6.666031433130824}. Best is trial 76 with value: 2.6714203736211033.
[I 2026-05-05 17:29:37,772] Trial 91 finished with value: 2.718064194889054 and parameters: {'rho_scale': 0.8060718105714489, 'f_n': 8.687392308662324e-09, 'K_d': 329097.0769097806, 'fission_rate': 6.328498072808826e+19, 'Dg_D1_scale': 0.1704055886329283, 'Dg_D3_scale': 1.6203316489722468, 'Dv_D1_scale': 0.2417559895882366, 'Dv_D2_scale': 0.2381232186987435, 'b_bulk_scale': 0.04732905411928273, 'b_dislocation_scale': 0.20195789683918564, 'gb_scale': 4.337097443117277, 'gd_bubble_scale': 8.229552363788578, 'gd_line_scale': 1.4815282989689602, 'gd_line_alpha': 0.5213298643943896, 'coalescence_d_scale': 0.9987346663933906, 'capture_scale': 3.0852621789389176}. Best is trial 76 with value: 2.6714203736211033.
[I 2026-05-05 17:29:44,703] Trial 92 finished with value: 3.052028709020156 and parameters: {'rho_scale': 0.8165351699226971, 'f_n': 7.859134183281096e-09, 'K_d': 308475.4107077315, 'fission_rate': 6.269747838508693e+19, 'Dg_D1_scale': 0.1744983662243015, 'Dg_D3_scale': 1.622971145010102, 'Dv_D1_scale': 0.2609425964763333, 'Dv_D2_scale': 0.24513324421324595, 'b_bulk_scale': 0.04688801711753627, 'b_dislocation_scale': 0.4372803316614494, 'gb_scale': 4.179711672624433, 'gd_bubble_scale': 9.84905135067888, 'gd_line_scale': 1.4848698545594403, 'gd_line_alpha': 0.53197466674677, 'coalescence_d_scale': 0.5130820810784761, 'capture_scale': 4.212671224415834}. Best is trial 76 with value: 2.6714203736211033.
[I 2026-05-05 17:29:51,832] Trial 93 finished with value: 2.9137532411789553 and parameters: {'rho_scale': 0.7665619830425998, 'f_n': 9.963084484226966e-09, 'K_d': 319379.9551516527, 'fission_rate': 6.173628063165808e+19, 'Dg_D1_scale': 0.16625733330851902, 'Dg_D3_scale': 1.9227561938822615, 'Dv_D1_scale': 0.2371107419172184, 'Dv_D2_scale': 0.20005362637806767, 'b_bulk_scale': 0.038320285290328146, 'b_dislocation_scale': 0.3230043851342042, 'gb_scale': 7.373543407033349, 'gd_bubble_scale': 7.186660190983308, 'gd_line_scale': 2.3597171241042925, 'gd_line_alpha': 0.5832292444763383, 'coalescence_d_scale': 1.1805982880074224, 'capture_scale': 5.1572700909703}. Best is trial 76 with value: 2.6714203736211033.
[I 2026-05-05 17:29:57,691] Trial 94 finished with value: 3.009398616481427 and parameters: {'rho_scale': 0.9227790768997316, 'f_n': 6.224306921950718e-09, 'K_d': 330184.489044855, 'fission_rate': 6.699529359029229e+19, 'Dg_D1_scale': 0.21499281902447634, 'Dg_D3_scale': 1.7793689081037094, 'Dv_D1_scale': 0.21462895779400026, 'Dv_D2_scale': 0.22659738548511799, 'b_bulk_scale': 0.04732193786311908, 'b_dislocation_scale': 0.12901358105488248, 'gb_scale': 6.017495722777542, 'gd_bubble_scale': 0.14584299030898573, 'gd_line_scale': 3.051771853410195, 'gd_line_alpha': 0.44536729423895666, 'coalescence_d_scale': 1.39426971521066, 'capture_scale': 3.2060469434143957}. Best is trial 76 with value: 2.6714203736211033.
[I 2026-05-05 17:30:06,302] Trial 95 finished with value: 2.7767546670793513 and parameters: {'rho_scale': 0.8423569300603184, 'f_n': 2.972869066308398e-08, 'K_d': 339608.1514810067, 'fission_rate': 6.05376226132506e+19, 'Dg_D1_scale': 0.15694164143401915, 'Dg_D3_scale': 2.0900244371409147, 'Dv_D1_scale': 0.24467688494100712, 'Dv_D2_scale': 0.2860410616852365, 'b_bulk_scale': 0.10614821755221766, 'b_dislocation_scale': 0.207836529556793, 'gb_scale': 4.985694286457835, 'gd_bubble_scale': 7.915975632582039, 'gd_line_scale': 1.1911548142804576, 'gd_line_alpha': 0.47736294902201504, 'coalescence_d_scale': 1.0357602043926633, 'capture_scale': 3.857809647299199}. Best is trial 76 with value: 2.6714203736211033.
[I 2026-05-05 17:30:14,607] Trial 96 finished with value: 2.919653444089706 and parameters: {'rho_scale': 0.8059617352418661, 'f_n': 2.5880850708261055e-08, 'K_d': 307312.0466178105, 'fission_rate': 6.066246602038778e+19, 'Dg_D1_scale': 0.1544739928392863, 'Dg_D3_scale': 2.331395541565847, 'Dv_D1_scale': 0.3387168375214125, 'Dv_D2_scale': 0.25868009011892923, 'b_bulk_scale': 0.10500805984702481, 'b_dislocation_scale': 0.21717595129039943, 'gb_scale': 4.916197817316693, 'gd_bubble_scale': 8.502118187977214, 'gd_line_scale': 1.6716985602736345, 'gd_line_alpha': 0.525022014816038, 'coalescence_d_scale': 0.802824749788733, 'capture_scale': 7.833535382576865}. Best is trial 76 with value: 2.6714203736211033.Best trial: 76. Best value: 2.67142:  96%|█████████▌| 96/100 [12:15<00:29,  7.43s/it]Best trial: 76. Best value: 2.67142:  96%|█████████▌| 96/100 [12:15<00:29,  7.43s/it]Best trial: 76. Best value: 2.67142:  97%|█████████▋| 97/100 [12:15<00:23,  7.70s/it]                                                                                     Best trial: 76. Best value: 2.67142:  97%|█████████▋| 97/100 [12:23<00:23,  7.70s/it]Best trial: 76. Best value: 2.67142:  97%|█████████▋| 97/100 [12:23<00:23,  7.70s/it]Best trial: 76. Best value: 2.67142:  98%|█████████▊| 98/100 [12:23<00:15,  7.78s/it]                                                                                     Best trial: 76. Best value: 2.67142:  98%|█████████▊| 98/100 [12:29<00:15,  7.78s/it]Best trial: 76. Best value: 2.67142:  98%|█████████▊| 98/100 [12:29<00:15,  7.78s/it]Best trial: 76. Best value: 2.67142:  99%|█████████▉| 99/100 [12:29<00:07,  7.06s/it]                                                                                     Best trial: 76. Best value: 2.67142:  99%|█████████▉| 99/100 [12:37<00:07,  7.06s/it]Best trial: 76. Best value: 2.67142:  99%|█████████▉| 99/100 [12:37<00:07,  7.06s/it]Best trial: 76. Best value: 2.67142: 100%|██████████| 100/100 [12:37<00:00,  7.37s/it]Best trial: 76. Best value: 2.67142: 100%|██████████| 100/100 [12:37<00:00,  7.57s/it]

