[I 2026-05-05 17:22:54,432] Trial 36 finished with value: 3.7561401589880155 and parameters: {'rho_scale': 1.2919254970187493, 'f_n': 8.305165286968903e-08, 'K_d': 374214.78510980046, 'fission_rate': 6.445396167273659e+19, 'Dg_D1_scale': 0.9239408827699023, 'Dg_D3_scale': 0.7446270120972136, 'Dv_D1_scale': 0.3362073920242938, 'Dv_D2_scale': 0.4920608324735531, 'b_bulk_scale': 0.3183293239425546, 'b_dislocation_scale': 0.19161164786592316, 'gb_scale': 1.2351142220094704, 'gd_bubble_scale': 5.917873276910302, 'gd_line_scale': 1.1300437572394622, 'gd_line_alpha': 0.5523193124547859, 'coalescence_d_scale': 0.851406555021184, 'capture_scale': 1.3707813432921758}. Best is trial 34 with value: 2.8653401973493406.Best trial: 34. Best value: 2.86534:  36%|███▌      | 36/100 [04:55<08:18,  7.80s/it]Best trial: 34. Best value: 2.86534:  36%|███▌      | 36/100 [04:55<08:18,  7.80s/it]Best trial: 34. Best value: 2.86534:  37%|███▋      | 37/100 [04:55<07:32,  7.18s/it]                                                                                     Best trial: 34. Best value: 2.86534:  37%|███▋      | 37/100 [05:04<07:32,  7.18s/it]Best trial: 34. Best value: 2.86534:  37%|███▋      | 37/100 [05:04<07:32,  7.18s/it]Best trial: 34. Best value: 2.86534:  38%|███▊      | 38/100 [05:04<07:45,  7.52s/it]                                                                                     Best trial: 34. Best value: 2.86534:  38%|███▊      | 38/100 [05:11<07:45,  7.52s/it]Best trial: 34. Best value: 2.86534:  38%|███▊      | 38/100 [05:11<07:45,  7.52s/it]Best trial: 34. Best value: 2.86534:  39%|███▉      | 39/100 [05:11<07:34,  7.45s/it]                                                                                     Best trial: 34. Best value: 2.86534:  39%|███▉      | 39/100 [05:19<07:34,  7.45s/it]Best trial: 34. Best value: 2.86534:  39%|███▉      | 39/100 [05:19<07:34,  7.45s/it]Best trial: 34. Best value: 2.86534:  40%|████      | 40/100 [05:19<07:44,  7.74s/it]                                                                                     Best trial: 34. Best value: 2.86534:  40%|████      | 40/100 [05:24<07:44,  7.74s/it]Best trial: 34. Best value: 2.86534:  40%|████      | 40/100 [05:24<07:44,  7.74s/it]Best trial: 34. Best value: 2.86534:  41%|████      | 41/100 [05:24<06:50,  6.96s/it]                                                                                     Best trial: 34. Best value: 2.86534:  41%|████      | 41/100 [05:32<06:50,  6.96s/it]Best trial: 34. Best value: 2.86534:  41%|████      | 41/100 [05:32<06:50,  6.96s/it]Best trial: 34. Best value: 2.86534:  42%|████▏     | 42/100 [05:32<07:00,  7.26s/it]                                                                                     Best trial: 34. Best value: 2.86534:  42%|████▏     | 42/100 [05:40<07:00,  7.26s/it]Best trial: 42. Best value: 2.84844:  42%|████▏     | 42/100 [05:40<07:00,  7.26s/it]Best trial: 42. Best value: 2.84844:  43%|████▎     | 43/100 [05:40<07:03,  7.43s/it]                                                                                     Best trial: 42. Best value: 2.84844:  43%|████▎     | 43/100 [05:47<07:03,  7.43s/it]Best trial: 42. Best value: 2.84844:  43%|████▎     | 43/100 [05:47<07:03,  7.43s/it]Best trial: 42. Best value: 2.84844:  44%|████▍     | 44/100 [05:47<06:41,  7.16s/it]                                                                                     Best trial: 42. Best value: 2.84844:  44%|████▍     | 44/100 [05:52<06:41,  7.16s/it]Best trial: 42. Best value: 2.84844:  44%|████▍     | 44/100 [05:52<06:41,  7.16s/it]Best trial: 42. Best value: 2.84844:  45%|████▌     | 45/100 [05:52<06:03,  6.62s/it]                                                                                     Best trial: 42. Best value: 2.84844:  45%|████▌     | 45/100 [06:00<06:03,  6.62s/it]Best trial: 42. Best value: 2.84844:  45%|████▌     | 45/100 [06:00<06:03,  6.62s/it]Best trial: 42. Best value: 2.84844:  46%|████▌     | 46/100 [06:00<06:10,  6.86s/it]                                                                                     Best trial: 42. Best value: 2.84844:  46%|████▌     | 46/100 [06:08<06:10,  6.86s/it]Best trial: 42. Best value: 2.84844:  46%|████▌     | 46/100 [06:08<06:10,  6.86s/it]Best trial: 42. Best value: 2.84844:  47%|████▋     | 47/100 [06:08<06:27,  7.32s/it]                                                                                     Best trial: 42. Best value: 2.84844:  47%|████▋     | 47/100 [06:15<06:27,  7.32s/it]Best trial: 42. Best value: 2.84844:  47%|████▋     | 47/100 [06:16<06:27,  7.32s/it]Best trial: 42. Best value: 2.84844:  48%|████▊     | 48/100 [06:16<06:24,  7.40s/it]                                                                                     
[I 2026-05-05 17:23:02,730] Trial 37 finished with value: 3.5405830740324014 and parameters: {'rho_scale': 1.1349899598671152, 'f_n': 1.7092213809155355e-08, 'K_d': 422024.48423909274, 'fission_rate': 5.992328924348821e+19, 'Dg_D1_scale': 0.32779854710907247, 'Dg_D3_scale': 0.6657937683323214, 'Dv_D1_scale': 0.24561701811836648, 'Dv_D2_scale': 0.40528780869404096, 'b_bulk_scale': 0.1127837037010768, 'b_dislocation_scale': 0.04667100468639896, 'gb_scale': 1.6985398062157369, 'gd_bubble_scale': 6.8278087234900955, 'gd_line_scale': 0.5794769420108182, 'gd_line_alpha': 0.8369510131183366, 'coalescence_d_scale': 1.1391675067215852, 'capture_scale': 5.548749561413777}. Best is trial 34 with value: 2.8653401973493406.
[I 2026-05-05 17:23:10,031] Trial 38 finished with value: 4.447637761465735 and parameters: {'rho_scale': 1.570107899775297, 'f_n': 1.4258604609352598e-07, 'K_d': 327339.71614820213, 'fission_rate': 7.1954452173211025e+19, 'Dg_D1_scale': 0.8722565779039261, 'Dg_D3_scale': 1.5122654443946448, 'Dv_D1_scale': 0.35317343590629585, 'Dv_D2_scale': 0.7723514102429034, 'b_bulk_scale': 0.21114378774535844, 'b_dislocation_scale': 0.09075903361692372, 'gb_scale': 0.7629607876219004, 'gd_bubble_scale': 0.1545613918614403, 'gd_line_scale': 0.16747451674384153, 'gd_line_alpha': 0.3532715017970618, 'coalescence_d_scale': 5.582108092474438, 'capture_scale': 3.410978939306863}. Best is trial 34 with value: 2.8653401973493406.
[I 2026-05-05 17:23:18,436] Trial 39 finished with value: 3.1819696559817174 and parameters: {'rho_scale': 1.428639734078794, 'f_n': 2.2405718118988798e-08, 'K_d': 576162.9932408402, 'fission_rate': 5.882574103243078e+19, 'Dg_D1_scale': 1.3666155570921314, 'Dg_D3_scale': 1.2166765231316174, 'Dv_D1_scale': 0.23537424865524031, 'Dv_D2_scale': 0.6224237906882296, 'b_bulk_scale': 0.38996904147883893, 'b_dislocation_scale': 0.2896294457694954, 'gb_scale': 5.475683206459904, 'gd_bubble_scale': 7.874798788187525, 'gd_line_scale': 0.8756966556845327, 'gd_line_alpha': 0.4538839273932347, 'coalescence_d_scale': 2.921605562588872, 'capture_scale': 0.5889982864933365}. Best is trial 34 with value: 2.8653401973493406.
[I 2026-05-05 17:23:23,584] Trial 40 finished with value: 3.671815944365843 and parameters: {'rho_scale': 1.473535477538011, 'f_n': 1.0104330101418446e-08, 'K_d': 444153.41006065125, 'fission_rate': 6.8994711292350366e+19, 'Dg_D1_scale': 0.7062871408417142, 'Dg_D3_scale': 0.8880100399340801, 'Dv_D1_scale': 0.5138020177310761, 'Dv_D2_scale': 0.9874330074070592, 'b_bulk_scale': 0.10834548584902676, 'b_dislocation_scale': 0.1550400030264141, 'gb_scale': 3.0114032949454668, 'gd_bubble_scale': 5.888073912173064, 'gd_line_scale': 0.33706658038082277, 'gd_line_alpha': 0.295302457241844, 'coalescence_d_scale': 0.7102628481692541, 'capture_scale': 0.2999613352499298}. Best is trial 34 with value: 2.8653401973493406.
[I 2026-05-05 17:23:31,536] Trial 41 finished with value: 3.004169017170712 and parameters: {'rho_scale': 0.9047280039785606, 'f_n': 5.113620920870274e-08, 'K_d': 335064.4075706928, 'fission_rate': 6.378939147465786e+19, 'Dg_D1_scale': 0.8286910378910882, 'Dg_D3_scale': 1.983048185271026, 'Dv_D1_scale': 0.28334004131204016, 'Dv_D2_scale': 0.3153413909356696, 'b_bulk_scale': 0.18028260824873463, 'b_dislocation_scale': 0.05975498100966843, 'gb_scale': 4.58831483720598, 'gd_bubble_scale': 3.439566435191619, 'gd_line_scale': 0.180279542904961, 'gd_line_alpha': 0.15176686296315434, 'coalescence_d_scale': 2.5177469524236162, 'capture_scale': 1.9487145813555888}. Best is trial 34 with value: 2.8653401973493406.
[I 2026-05-05 17:23:39,378] Trial 42 finished with value: 2.8484442542649226 and parameters: {'rho_scale': 0.8464510517253628, 'f_n': 7.639007848034635e-09, 'K_d': 344724.31667306385, 'fission_rate': 6.448385807585241e+19, 'Dg_D1_scale': 1.0208114524249925, 'Dg_D3_scale': 2.143789622255449, 'Dv_D1_scale': 0.20426187362673534, 'Dv_D2_scale': 0.3864508691059833, 'b_bulk_scale': 0.24475061914422536, 'b_dislocation_scale': 0.09838037108385123, 'gb_scale': 3.851071936914143, 'gd_bubble_scale': 3.726904531021419, 'gd_line_scale': 0.15240597355647048, 'gd_line_alpha': 0.1668907682824761, 'coalescence_d_scale': 2.15979854373266, 'capture_scale': 3.2437363825782337}. Best is trial 42 with value: 2.8484442542649226.
[I 2026-05-05 17:23:45,909] Trial 43 finished with value: 4.317861976201862 and parameters: {'rho_scale': 0.9565213352545702, 'f_n': 3.969646081518303e-07, 'K_d': 350992.05850337347, 'fission_rate': 7.964595436637764e+19, 'Dg_D1_scale': 1.0790328984884268, 'Dg_D3_scale': 1.5924818534374334, 'Dv_D1_scale': 0.28053161520423475, 'Dv_D2_scale': 0.3705641692260259, 'b_bulk_scale': 0.24816072264376543, 'b_dislocation_scale': 0.10344692368242624, 'gb_scale': 3.4418836255784915, 'gd_bubble_scale': 2.1370067309482126, 'gd_line_scale': 0.1567008991458775, 'gd_line_alpha': 0.17071580583577953, 'coalescence_d_scale': 2.135414112166512, 'capture_scale': 2.2820070869487323}. Best is trial 42 with value: 2.8484442542649226.
[I 2026-05-05 17:23:51,242] Trial 44 finished with value: 4.47790693443843 and parameters: {'rho_scale': 0.8256328395888733, 'f_n': 7.311334218448987e-08, 'K_d': 368405.10321513197, 'fission_rate': 6.661075947828513e+19, 'Dg_D1_scale': 1.5816534850967552, 'Dg_D3_scale': 0.17522911016079384, 'Dv_D1_scale': 0.327933787810061, 'Dv_D2_scale': 0.4784349613682195, 'b_bulk_scale': 0.20389844195349385, 'b_dislocation_scale': 0.05910500743760435, 'gb_scale': 5.634783129695691, 'gd_bubble_scale': 1.1109961814427445, 'gd_line_scale': 0.1205784281360348, 'gd_line_alpha': 0.7435528010714141, 'coalescence_d_scale': 1.2564622270775052, 'capture_scale': 1.185830209063082}. Best is trial 42 with value: 2.8484442542649226.
[I 2026-05-05 17:23:58,684] Trial 45 finished with value: 4.1804007638103835 and parameters: {'rho_scale': 1.2254347255596432, 'f_n': 1.4743303196761608e-07, 'K_d': 341591.903372728, 'fission_rate': 6.517084445103112e+19, 'Dg_D1_scale': 0.810152668342134, 'Dg_D3_scale': 1.1700994203446127, 'Dv_D1_scale': 0.22457054722442998, 'Dv_D2_scale': 2.465123914396357, 'b_bulk_scale': 0.33104893329180285, 'b_dislocation_scale': 0.1601160242007185, 'gb_scale': 4.175365908458271, 'gd_bubble_scale': 3.847690997989864, 'gd_line_scale': 0.06797610814823714, 'gd_line_alpha': 0.1680915735791454, 'coalescence_d_scale': 2.9236931961774615, 'capture_scale': 0.09594541197065107}. Best is trial 42 with value: 2.8484442542649226.
[I 2026-05-05 17:24:07,056] Trial 46 finished with value: 3.3262957050501565 and parameters: {'rho_scale': 0.8849530434028375, 'f_n': 8.547954928084445e-09, 'K_d': 388241.045975828, 'fission_rate': 6.070330768550799e+19, 'Dg_D1_scale': 1.0285725228284068, 'Dg_D3_scale': 3.192804334841554, 'Dv_D1_scale': 0.37422840835676247, 'Dv_D2_scale': 0.4031789495654413, 'b_bulk_scale': 0.1324634286008137, 'b_dislocation_scale': 0.09370233448475587, 'gb_scale': 2.8762673796068072, 'gd_bubble_scale': 2.542636443086943, 'gd_line_scale': 0.1867035857072526, 'gd_line_alpha': 0.053948012389279834, 'coalescence_d_scale': 3.520828359585569, 'capture_scale': 3.284999316613103}. Best is trial 42 with value: 2.8484442542649226.
[I 2026-05-05 17:24:14,659] Trial 47 finished with value: 4.267058161504336 and parameters: {'rho_scale': 1.14470813466921, 'f_n': 2.1194712991206614e-08, 'K_d': 525950.9127253924, 'fission_rate': 6.781599821867984e+19, 'Dg_D1_scale': 1.6402585309850262, 'Dg_D3_scale': 2.2887176732668904, 'Dv_D1_scale': 0.2674853879475225, 'Dv_D2_scale': 0.3142936478033263, 'b_bulk_scale': 0.17796449937301403, 'b_dislocation_scale': 0.04823689417368248, 'gb_scale': 1.1156563853981019, 'gd_bubble_scale': 3.685035998551771, 'gd_line_scale': 0.09848172886828525, 'gd_line_alpha': 0.4948649991692043, 'coalescence_d_scale': 7.566739828789483, 'capture_scale': 5.918162307101469}. Best is trial 42 with value: 2.8484442542649226.
[I 2026-05-05 17:24:21,612] Trial 48 finished with value: 3.598847135395228 and parameters: {'rho_scale': 1.295612901272019, 'f_n': 4.6789533741113136e-08, 'K_d': 319625.6433313013, 'fission_rate': 5.62521575557578e+19, 'Dg_D1_scale': 1.3092817193980026, 'Dg_D3_scale': 1.8162929386379394, 'Dv_D1_scale': 0.20208589326638626, 'Dv_D2_scale': 0.672994075783975, 'b_bulk_scale': 0.2682139273868292, 'b_dislocation_scale': 0.11720691422588388, 'gb_scale': 1.607934355132136, 'gd_bubble_scale': 1.8610886490717007, 'gd_line_scale': 0.6174498415119489, 'gd_line_alpha': 0.15466757225729738, 'coalescence_d_scale': 5.542819907583598, 'capture_scale': 0.5922827060514153}. Best is trial 42 with value: 2.8484442542649226.Best trial: 42. Best value: 2.84844:  48%|████▊     | 48/100 [06:22<06:24,  7.40s/it]Best trial: 42. Best value: 2.84844:  48%|████▊     | 48/100 [06:22<06:24,  7.40s/it]Best trial: 42. Best value: 2.84844:  49%|████▉     | 49/100 [06:22<06:10,  7.26s/it]                                                                                     Best trial: 42. Best value: 2.84844:  49%|████▉     | 49/100 [06:29<06:10,  7.26s/it]Best trial: 42. Best value: 2.84844:  49%|████▉     | 49/100 [06:29<06:10,  7.26s/it]Best trial: 42. Best value: 2.84844:  50%|█████     | 50/100 [06:29<05:59,  7.18s/it]                                                                                     Best trial: 42. Best value: 2.84844:  50%|█████     | 50/100 [06:37<05:59,  7.18s/it]Best trial: 42. Best value: 2.84844:  50%|█████     | 50/100 [06:37<05:59,  7.18s/it]Best trial: 42. Best value: 2.84844:  51%|█████     | 51/100 [06:37<05:55,  7.25s/it]                                                                                     Best trial: 42. Best value: 2.84844:  51%|█████     | 51/100 [06:45<05:55,  7.25s/it]Best trial: 42. Best value: 2.84844:  51%|█████     | 51/100 [06:45<05:55,  7.25s/it]Best trial: 42. Best value: 2.84844:  52%|█████▏    | 52/100 [06:45<05:59,  7.49s/it]                                                                                     Best trial: 42. Best value: 2.84844:  52%|█████▏    | 52/100 [06:53<05:59,  7.49s/it]Best trial: 42. Best value: 2.84844:  52%|█████▏    | 52/100 [06:53<05:59,  7.49s/it]Best trial: 42. Best value: 2.84844:  53%|█████▎    | 53/100 [06:53<05:57,  7.60s/it]                                                                                     Best trial: 42. Best value: 2.84844:  53%|█████▎    | 53/100 [06:58<05:57,  7.60s/it]Best trial: 42. Best value: 2.84844:  53%|█████▎    | 53/100 [06:58<05:57,  7.60s/it]Best trial: 42. Best value: 2.84844:  54%|█████▍    | 54/100 [06:58<05:22,  7.02s/it]                                                                                     Best trial: 42. Best value: 2.84844:  54%|█████▍    | 54/100 [07:07<05:22,  7.02s/it]Best trial: 42. Best value: 2.84844:  54%|█████▍    | 54/100 [07:07<05:22,  7.02s/it]Best trial: 42. Best value: 2.84844:  55%|█████▌    | 55/100 [07:07<05:34,  7.44s/it]                                                                                     Best trial: 42. Best value: 2.84844:  55%|█████▌    | 55/100 [07:14<05:34,  7.44s/it]Best trial: 42. Best value: 2.84844:  55%|█████▌    | 55/100 [07:14<05:34,  7.44s/it]Best trial: 42. Best value: 2.84844:  56%|█████▌    | 56/100 [07:14<05:29,  7.48s/it]                                                                                     Best trial: 42. Best value: 2.84844:  56%|█████▌    | 56/100 [07:22<05:29,  7.48s/it]Best trial: 42. Best value: 2.84844:  56%|█████▌    | 56/100 [07:22<05:29,  7.48s/it]Best trial: 42. Best value: 2.84844:  57%|█████▋    | 57/100 [07:22<05:27,  7.61s/it]                                                                                     Best trial: 42. Best value: 2.84844:  57%|█████▋    | 57/100 [07:29<05:27,  7.61s/it]Best trial: 42. Best value: 2.84844:  57%|█████▋    | 57/100 [07:29<05:27,  7.61s/it]Best trial: 42. Best value: 2.84844:  58%|█████▊    | 58/100 [07:29<05:10,  7.39s/it]                                                                                     Best trial: 42. Best value: 2.84844:  58%|█████▊    | 58/100 [07:37<05:10,  7.39s/it]Best trial: 42. Best value: 2.84844:  58%|█████▊    | 58/100 [07:37<05:10,  7.39s/it]Best trial: 42. Best value: 2.84844:  59%|█████▉    | 59/100 [07:37<05:11,  7.60s/it]                                                                                     Best trial: 42. Best value: 2.84844:  59%|█████▉    | 59/100 [07:45<05:11,  7.60s/it]Best trial: 42. Best value: 2.84844:  59%|█████▉    | 59/100 [07:45<05:11,  7.60s/it]Best trial: 42. Best value: 2.84844:  60%|██████    | 60/100 [07:45<05:03,  7.58s/it]                                                                                     
[I 2026-05-05 17:24:28,601] Trial 49 finished with value: 5.25175890862243 and parameters: {'rho_scale': 1.0256496966923512, 'f_n': 2.4728788421930455e-07, 'K_d': 362188.2748544012, 'fission_rate': 7.356788086638315e+19, 'Dg_D1_scale': 0.6002517643315366, 'Dg_D3_scale': 0.8846320150278568, 'Dv_D1_scale': 0.4280441132154432, 'Dv_D2_scale': 0.45476589360409464, 'b_bulk_scale': 0.5424922590657658, 'b_dislocation_scale': 0.05602238457501434, 'gb_scale': 6.059335042939383, 'gd_bubble_scale': 0.5447615747921765, 'gd_line_scale': 0.051166974399852135, 'gd_line_alpha': 0.40788858905027725, 'coalescence_d_scale': 1.5033520378505603, 'capture_scale': 1.7984898669975753}. Best is trial 42 with value: 2.8484442542649226.
[I 2026-05-05 17:24:36,008] Trial 50 finished with value: 3.185794165462272 and parameters: {'rho_scale': 0.6673724085948768, 'f_n': 1.0649041128543152e-08, 'K_d': 347630.2355299548, 'fission_rate': 6.903934821450101e+19, 'Dg_D1_scale': 0.740118666374291, 'Dg_D3_scale': 2.200507706922645, 'Dv_D1_scale': 0.24500963610175347, 'Dv_D2_scale': 0.2285100691758309, 'b_bulk_scale': 0.1276528558467967, 'b_dislocation_scale': 0.2558584721752563, 'gb_scale': 3.833322153669003, 'gd_bubble_scale': 7.829410524891603, 'gd_line_scale': 0.22171162399538027, 'gd_line_alpha': 0.2688815553162145, 'coalescence_d_scale': 0.7551352057735111, 'capture_scale': 7.773577208480983}. Best is trial 42 with value: 2.8484442542649226.
[I 2026-05-05 17:24:44,050] Trial 51 finished with value: 3.2010485547329854 and parameters: {'rho_scale': 1.0973800889038852, 'f_n': 2.480612586296533e-09, 'K_d': 315929.95030786586, 'fission_rate': 6.316428140287287e+19, 'Dg_D1_scale': 0.9478187047735898, 'Dg_D3_scale': 2.0640846794244, 'Dv_D1_scale': 0.23304906517739354, 'Dv_D2_scale': 0.24650152751216373, 'b_bulk_scale': 0.08956019697224164, 'b_dislocation_scale': 0.07634568402326049, 'gb_scale': 2.7229414448975793, 'gd_bubble_scale': 9.986385493793177, 'gd_line_scale': 0.32344643261101935, 'gd_line_alpha': 0.999423993527981, 'coalescence_d_scale': 2.0702541003871957, 'capture_scale': 3.8630627555717054}. Best is trial 42 with value: 2.8484442542649226.
[I 2026-05-05 17:24:51,903] Trial 52 finished with value: 3.504546850874447 and parameters: {'rho_scale': 0.9554427811135064, 'f_n': 6.37369132172133e-09, 'K_d': 334853.12529600476, 'fission_rate': 6.1915849657643565e+19, 'Dg_D1_scale': 0.6675576001395185, 'Dg_D3_scale': 1.675909578144759, 'Dv_D1_scale': 0.3059330975686837, 'Dv_D2_scale': 0.3104765660507378, 'b_bulk_scale': 0.2364151111737158, 'b_dislocation_scale': 0.04304990453309214, 'gb_scale': 1.9181761834772504, 'gd_bubble_scale': 3.0514620492857847, 'gd_line_scale': 0.3825753462443169, 'gd_line_alpha': 0.20588861089570107, 'coalescence_d_scale': 2.559785172114797, 'capture_scale': 5.493720884532125}. Best is trial 42 with value: 2.8484442542649226.
[I 2026-05-05 17:24:57,562] Trial 53 finished with value: 2.907198651689279 and parameters: {'rho_scale': 0.8281030165780392, 'f_n': 1.1679504310649832e-07, 'K_d': 316549.71306382684, 'fission_rate': 6.562016717391642e+19, 'Dg_D1_scale': 0.37496174890645606, 'Dg_D3_scale': 3.3133137426016925, 'Dv_D1_scale': 0.22406133670578715, 'Dv_D2_scale': 0.3780479123492628, 'b_bulk_scale': 0.4206812573358151, 'b_dislocation_scale': 0.0826292898370355, 'gb_scale': 1.4888632390484358, 'gd_bubble_scale': 6.2589047406320955, 'gd_line_scale': 0.2139614248426547, 'gd_line_alpha': 0.051715152901079975, 'coalescence_d_scale': 3.3724173683928185, 'capture_scale': 2.2312982449435546}. Best is trial 42 with value: 2.8484442542649226.
[I 2026-05-05 17:25:05,988] Trial 54 finished with value: 3.8582215817264096 and parameters: {'rho_scale': 0.7957753581161466, 'f_n': 1.1060183647280316e-07, 'K_d': 358459.5122403562, 'fission_rate': 5.9220279220820615e+19, 'Dg_D1_scale': 1.226565423677963, 'Dg_D3_scale': 3.318225537119729, 'Dv_D1_scale': 0.26701726980360296, 'Dv_D2_scale': 0.3855069760507161, 'b_bulk_scale': 0.4022930656389667, 'b_dislocation_scale': 0.12305204073775422, 'gb_scale': 0.05205287987575302, 'gd_bubble_scale': 3.82650407032377, 'gd_line_scale': 0.21457120267872395, 'gd_line_alpha': 0.018644316100348973, 'coalescence_d_scale': 3.3464284722839723, 'capture_scale': 1.435385329148285}. Best is trial 42 with value: 2.8484442542649226.
