[I 2026-05-05 18:25:20,815] Trial 74 finished with value: 5.257011781346341 and parameters: {'rho_scale': 1.9873955833738224, 'f_n': 1.015492839990642e-06, 'K_d': 489758.4593793645, 'fission_rate': 7.51283506291216e+19, 'Dg_D1_scale': 0.27091248971733095, 'Dg_D3_scale': 0.24038119237077468, 'Dv_D1_scale': 0.21827934186906728, 'Dv_D2_scale': 0.23786332898230275, 'b_bulk_scale': 0.13238833119455815, 'b_dislocation_scale': 0.095425335859815, 'gb_scale': 0.34103424581529956, 'gd_bubble_scale': 0.29100110628112036, 'gd_line_scale': 0.05235343291845352, 'gd_line_alpha': 0.8864745929309232, 'coalescence_d_scale': 1.001060894170804, 'capture_scale': 0.04477992878707156}. Best is trial 66 with value: 2.3134754842677396.
[I 2026-05-05 18:25:28,945] Trial 75 finished with value: 2.5965071023327355 and parameters: {'rho_scale': 0.6793686371462649, 'f_n': 1.540366601516671e-06, 'K_d': 336582.33213517285, 'fission_rate': 6.322944611260404e+19, 'Dg_D1_scale': 0.21980933689618065, 'Dg_D3_scale': 0.17770382159780182, 'Dv_D1_scale': 0.20232521418543467, 'Dv_D2_scale': 0.28139737473323106, 'b_bulk_scale': 0.3727698851935212, 'b_dislocation_scale': 0.049185903451937955, 'gb_scale': 0.24041023751067533, 'gd_bubble_scale': 0.17212977366562096, 'gd_line_scale': 1.0190534367869692, 'gd_line_alpha': 0.912832257021449, 'coalescence_d_scale': 0.8050307570135732, 'capture_scale': 0.34617910025995496}. Best is trial 66 with value: 2.3134754842677396.
[I 2026-05-05 18:25:37,062] Trial 76 finished with value: 2.8144616330980337 and parameters: {'rho_scale': 0.5969996065782971, 'f_n': 2.1061424810534426e-06, 'K_d': 349857.1165892433, 'fission_rate': 6.523668144954019e+19, 'Dg_D1_scale': 0.47216323100632945, 'Dg_D3_scale': 0.1652651384238039, 'Dv_D1_scale': 0.3697062433163307, 'Dv_D2_scale': 0.34990225985121437, 'b_bulk_scale': 0.10571958929703935, 'b_dislocation_scale': 0.06922295732058678, 'gb_scale': 0.17565855608252023, 'gd_bubble_scale': 0.0838179851943519, 'gd_line_scale': 1.9301294450987974, 'gd_line_alpha': 0.8107561003266582, 'coalescence_d_scale': 0.5067499111715262, 'capture_scale': 0.22973889851356064}. Best is trial 66 with value: 2.3134754842677396.
[I 2026-05-05 18:25:44,979] Trial 77 finished with value: 2.81876393245533 and parameters: {'rho_scale': 0.5501945010315693, 'f_n': 4.874082242550722e-07, 'K_d': 393057.22966579057, 'fission_rate': 6.898121785272552e+19, 'Dg_D1_scale': 0.16076063805819626, 'Dg_D3_scale': 0.22270330078085385, 'Dv_D1_scale': 0.43827672398641965, 'Dv_D2_scale': 0.43292604889603253, 'b_bulk_scale': 0.19298913958125255, 'b_dislocation_scale': 0.11144187727989167, 'gb_scale': 1.1540864349617126, 'gd_bubble_scale': 0.14812496729778207, 'gd_line_scale': 7.414380086486709, 'gd_line_alpha': 0.9763181318322046, 'coalescence_d_scale': 1.5003140952042648, 'capture_scale': 0.5151005654138198}. Best is trial 66 with value: 2.3134754842677396.
[I 2026-05-05 18:25:50,141] Trial 78 finished with value: 2.9318991974985766 and parameters: {'rho_scale': 0.7500780311358122, 'f_n': 9.576991027964694e-09, 'K_d': 368342.47404424805, 'fission_rate': 7.0329291546756874e+19, 'Dg_D1_scale': 0.1927163939297503, 'Dg_D3_scale': 0.287588610102237, 'Dv_D1_scale': 0.40242436019732547, 'Dv_D2_scale': 0.2188325181477043, 'b_bulk_scale': 0.24915009613956934, 'b_dislocation_scale': 0.13699518822117052, 'gb_scale': 0.5337326335191418, 'gd_bubble_scale': 0.11284607126384154, 'gd_line_scale': 2.3793519802026175, 'gd_line_alpha': 0.7234728439541025, 'coalescence_d_scale': 0.947711069436713, 'capture_scale': 0.02312652306230737}. Best is trial 66 with value: 2.3134754842677396.
[I 2026-05-05 18:25:57,918] Trial 79 finished with value: 5.48860737648371 and parameters: {'rho_scale': 0.6419900929435159, 'f_n': 6.992114091205639e-07, 'K_d': 312286.66146523954, 'fission_rate': 6.670879667638022e+19, 'Dg_D1_scale': 1.3614461745666622, 'Dg_D3_scale': 0.19445221640175223, 'Dv_D1_scale': 3.817019034653328, 'Dv_D2_scale': 0.2607570338373186, 'b_bulk_scale': 0.05891806837374687, 'b_dislocation_scale': 0.06360617418041346, 'gb_scale': 0.14131909712617235, 'gd_bubble_scale': 0.39833166322075597, 'gd_line_scale': 2.71171977266396, 'gd_line_alpha': 0.9496984307825206, 'coalescence_d_scale': 0.2596053930696021, 'capture_scale': 0.16161764839458173}. Best is trial 66 with value: 2.3134754842677396.
[I 2026-05-05 18:26:08,871] Trial 80 finished with value: 2.8157776329372544 and parameters: {'rho_scale': 0.5165213922005936, 'f_n': 1.356383441651218e-07, 'K_d': 476755.5910345216, 'fission_rate': 4.5884118540566946e+19, 'Dg_D1_scale': 0.32295812264334967, 'Dg_D3_scale': 0.1506700004459587, 'Dv_D1_scale': 0.2780058552339176, 'Dv_D2_scale': 0.2947907041888376, 'b_bulk_scale': 0.1710409304486238, 'b_dislocation_scale': 0.18154621893926245, 'gb_scale': 0.44432861309283794, 'gd_bubble_scale': 0.07412207567550573, 'gd_line_scale': 3.316198798297022, 'gd_line_alpha': 0.6310663850292713, 'coalescence_d_scale': 1.8136665496948725, 'capture_scale': 0.10741990969632877}. Best is trial 66 with value: 2.3134754842677396.
[I 2026-05-05 18:26:16,154] Trial 81 finished with value: 2.5160279397318046 and parameters: {'rho_scale': 0.65449859914158, 'f_n': 1.1865675095111924e-06, 'K_d': 375138.51882362005, 'fission_rate': 7.254242178152918e+19, 'Dg_D1_scale': 0.23869715939145758, 'Dg_D3_scale': 0.24008606353542197, 'Dv_D1_scale': 0.4187865664338943, 'Dv_D2_scale': 0.25122811541179596, 'b_bulk_scale': 0.10642718263441223, 'b_dislocation_scale': 0.08192714075424587, 'gb_scale': 0.30414937763680805, 'gd_bubble_scale': 0.5849170359781211, 'gd_line_scale': 2.2746681686602876, 'gd_line_alpha': 0.9215190740092872, 'coalescence_d_scale': 1.1690247195792358, 'capture_scale': 0.1201105197593497}. Best is trial 66 with value: 2.3134754842677396.
[I 2026-05-05 18:26:21,331] Trial 82 finished with value: 2.4615983177173835 and parameters: {'rho_scale': 0.5762245815327339, 'f_n': 2.9388257933517863e-06, 'K_d': 358370.5250162825, 'fission_rate': 7.255622158438239e+19, 'Dg_D1_scale': 0.2828029431322201, 'Dg_D3_scale': 0.31039933909005657, 'Dv_D1_scale': 0.5400292310292629, 'Dv_D2_scale': 0.24010224072099298, 'b_bulk_scale': 0.07366079555981075, 'b_dislocation_scale': 0.08634400731984279, 'gb_scale': 0.34211197745639743, 'gd_bubble_scale': 0.480145743636872, 'gd_line_scale': 1.6489348960744412, 'gd_line_alpha': 0.8543234091814856, 'coalescence_d_scale': 1.2052680007230177, 'capture_scale': 7.782460105889749}. Best is trial 66 with value: 2.3134754842677396.
[I 2026-05-05 18:26:28,578] Trial 83 finished with value: 2.5324085953750846 and parameters: {'rho_scale': 0.5703861588557742, 'f_n': 1.2455509125093042e-06, 'K_d': 352066.06078461424, 'fission_rate': 7.394536517265587e+19, 'Dg_D1_scale': 0.28020131480678767, 'Dg_D3_scale': 0.7849950846375341, 'Dv_D1_scale': 0.4766092617598865, 'Dv_D2_scale': 0.8789306323905274, 'b_bulk_scale': 0.03979206024427443, 'b_dislocation_scale': 0.03890852385983748, 'gb_scale': 0.3169572966069462, 'gd_bubble_scale': 0.5352145761515379, 'gd_line_scale': 1.5939975796858417, 'gd_line_alpha': 0.9267993181013972, 'coalescence_d_scale': 0.826835683480306, 'capture_scale': 4.304320974816671}. Best is trial 66 with value: 2.3134754842677396.
[I 2026-05-05 18:26:35,808] Trial 84 finished with value: 2.6478617203241894 and parameters: {'rho_scale': 0.5675817636219844, 'f_n': 1.2648963313150703e-06, 'K_d': 356297.83596919314, 'fission_rate': 7.362485894463698e+19, 'Dg_D1_scale': 0.24236458032159308, 'Dg_D3_scale': 0.3209943511031767, 'Dv_D1_scale': 0.6071613891360028, 'Dv_D2_scale': 1.5078709289220777, 'b_bulk_scale': 0.07859323664006873, 'b_dislocation_scale': 0.03746245160090645, 'gb_scale': 0.33525896425958185, 'gd_bubble_scale': 0.600360808266257, 'gd_line_scale': 0.839669238450592, 'gd_line_alpha': 0.9175789126043978, 'coalescence_d_scale': 0.6332524833683228, 'capture_scale': 7.401632063685399}. Best is trial 66 with value: 2.3134754842677396.Best trial: 66. Best value: 2.31348:  84%|████████▍ | 84/100 [10:20<01:54,  7.18s/it]Best trial: 66. Best value: 2.31348:  84%|████████▍ | 84/100 [10:21<01:54,  7.18s/it]Best trial: 66. Best value: 2.31348:  85%|████████▌ | 85/100 [10:21<01:47,  7.19s/it]                                                                                     Best trial: 66. Best value: 2.31348:  85%|████████▌ | 85/100 [10:28<01:47,  7.19s/it]Best trial: 66. Best value: 2.31348:  85%|████████▌ | 85/100 [10:28<01:47,  7.19s/it]Best trial: 66. Best value: 2.31348:  86%|████████▌ | 86/100 [10:28<01:42,  7.35s/it]                                                                                     Best trial: 66. Best value: 2.31348:  86%|████████▌ | 86/100 [10:35<01:42,  7.35s/it]Best trial: 66. Best value: 2.31348:  86%|████████▌ | 86/100 [10:35<01:42,  7.35s/it]Best trial: 66. Best value: 2.31348:  87%|████████▋ | 87/100 [10:35<01:32,  7.12s/it]                                                                                     Best trial: 66. Best value: 2.31348:  87%|████████▋ | 87/100 [10:42<01:32,  7.12s/it]Best trial: 66. Best value: 2.31348:  87%|████████▋ | 87/100 [10:42<01:32,  7.12s/it]Best trial: 66. Best value: 2.31348:  88%|████████▊ | 88/100 [10:42<01:27,  7.26s/it]                                                                                     Best trial: 66. Best value: 2.31348:  88%|████████▊ | 88/100 [10:51<01:27,  7.26s/it]Best trial: 66. Best value: 2.31348:  88%|████████▊ | 88/100 [10:51<01:27,  7.26s/it]Best trial: 66. Best value: 2.31348:  89%|████████▉ | 89/100 [10:51<01:23,  7.56s/it]                                                                                     Best trial: 66. Best value: 2.31348:  89%|████████▉ | 89/100 [10:54<01:23,  7.56s/it]Best trial: 66. Best value: 2.31348:  89%|████████▉ | 89/100 [10:55<01:23,  7.56s/it]Best trial: 66. Best value: 2.31348:  90%|█████████ | 90/100 [10:55<01:04,  6.45s/it]                                                                                     Best trial: 66. Best value: 2.31348:  90%|█████████ | 90/100 [10:59<01:04,  6.45s/it]Best trial: 66. Best value: 2.31348:  90%|█████████ | 90/100 [10:59<01:04,  6.45s/it]Best trial: 66. Best value: 2.31348:  91%|█████████ | 91/100 [10:59<00:53,  5.95s/it]                                                                                     Best trial: 66. Best value: 2.31348:  91%|█████████ | 91/100 [11:04<00:53,  5.95s/it]Best trial: 66. Best value: 2.31348:  91%|█████████ | 91/100 [11:04<00:53,  5.95s/it]Best trial: 66. Best value: 2.31348:  92%|█████████▏| 92/100 [11:04<00:45,  5.65s/it]                                                                                     Best trial: 66. Best value: 2.31348:  92%|█████████▏| 92/100 [11:11<00:45,  5.65s/it]Best trial: 66. Best value: 2.31348:  92%|█████████▏| 92/100 [11:11<00:45,  5.65s/it]Best trial: 66. Best value: 2.31348:  93%|█████████▎| 93/100 [11:11<00:42,  6.02s/it]                                                                                     Best trial: 66. Best value: 2.31348:  93%|█████████▎| 93/100 [11:18<00:42,  6.02s/it]Best trial: 66. Best value: 2.31348:  93%|█████████▎| 93/100 [11:18<00:42,  6.02s/it]Best trial: 66. Best value: 2.31348:  94%|█████████▍| 94/100 [11:18<00:37,  6.27s/it]                                                                                     Best trial: 66. Best value: 2.31348:  94%|█████████▍| 94/100 [11:25<00:37,  6.27s/it]Best trial: 66. Best value: 2.31348:  94%|█████████▍| 94/100 [11:25<00:37,  6.27s/it]Best trial: 66. Best value: 2.31348:  95%|█████████▌| 95/100 [11:25<00:31,  6.38s/it]                                                                                     Best trial: 66. Best value: 2.31348:  95%|█████████▌| 95/100 [11:32<00:31,  6.38s/it]Best trial: 66. Best value: 2.31348:  95%|█████████▌| 95/100 [11:32<00:31,  6.38s/it]Best trial: 66. Best value: 2.31348:  96%|█████████▌| 96/100 [11:32<00:26,  6.63s/it]                                                                                     
[I 2026-05-05 18:26:43,514] Trial 85 finished with value: 2.5461782000811617 and parameters: {'rho_scale': 0.5830730215135987, 'f_n': 2.320440432911937e-06, 'K_d': 333288.5463820531, 'fission_rate': 7.271275923233377e+19, 'Dg_D1_scale': 0.2774755246843609, 'Dg_D3_scale': 0.7698100618350109, 'Dv_D1_scale': 0.4857447812074406, 'Dv_D2_scale': 1.0366662796010078, 'b_bulk_scale': 0.0699500170511754, 'b_dislocation_scale': 0.04967136234203179, 'gb_scale': 0.2895797687300802, 'gd_bubble_scale': 0.7523047329605951, 'gd_line_scale': 1.6566113256986932, 'gd_line_alpha': 0.88660568826906, 'coalescence_d_scale': 0.8146755221257796, 'capture_scale': 3.9281020850112283}. Best is trial 66 with value: 2.3134754842677396.
[I 2026-05-05 18:26:50,122] Trial 86 finished with value: 2.7004692353864552 and parameters: {'rho_scale': 0.6143989399088323, 'f_n': 9.733079871198818e-07, 'K_d': 372366.6392266688, 'fission_rate': 7.1536263579048305e+19, 'Dg_D1_scale': 0.35831972208976115, 'Dg_D3_scale': 0.5239064191219632, 'Dv_D1_scale': 0.5285507138872118, 'Dv_D2_scale': 0.23718973474718538, 'b_bulk_scale': 0.03382777434673992, 'b_dislocation_scale': 0.038927988568654474, 'gb_scale': 0.2461786823514068, 'gd_bubble_scale': 0.4900690130196488, 'gd_line_scale': 1.272932160280243, 'gd_line_alpha': 0.9986478857354469, 'coalescence_d_scale': 0.7449525218258392, 'capture_scale': 7.919458832146515}. Best is trial 66 with value: 2.3134754842677396.
[I 2026-05-05 18:26:57,710] Trial 87 finished with value: 2.9513532189787215 and parameters: {'rho_scale': 0.5523953020150523, 'f_n': 2.9939879372055976e-06, 'K_d': 345291.74426540633, 'fission_rate': 7.451019025161183e+19, 'Dg_D1_scale': 0.2158637332343175, 'Dg_D3_scale': 0.3811474912962236, 'Dv_D1_scale': 0.8106793383960772, 'Dv_D2_scale': 2.274249142927937, 'b_bulk_scale': 0.04389086202005648, 'b_dislocation_scale': 0.032871877745758116, 'gb_scale': 0.19821674104730508, 'gd_bubble_scale': 0.8303521680318704, 'gd_line_scale': 1.6121428632083323, 'gd_line_alpha': 0.9360537830222945, 'coalescence_d_scale': 1.1034944572534786, 'capture_scale': 4.85765086802934}. Best is trial 66 with value: 2.3134754842677396.
[I 2026-05-05 18:27:05,957] Trial 88 finished with value: 2.793283597033194 and parameters: {'rho_scale': 0.5006225350824692, 'f_n': 6.650777473955119e-08, 'K_d': 318937.9160121437, 'fission_rate': 6.810843577381818e+19, 'Dg_D1_scale': 0.16663294219232613, 'Dg_D3_scale': 0.26241681084678137, 'Dv_D1_scale': 0.5622629821910354, 'Dv_D2_scale': 0.8984326679770953, 'b_bulk_scale': 0.0401556363877468, 'b_dislocation_scale': 0.08497911258899463, 'gb_scale': 0.403651768795627, 'gd_bubble_scale': 0.5914703753515861, 'gd_line_scale': 1.9693288164735305, 'gd_line_alpha': 0.8555145267129538, 'coalescence_d_scale': 0.5320555528767118, 'capture_scale': 2.3427255196401826}. Best is trial 66 with value: 2.3134754842677396.
[I 2026-05-05 18:27:09,816] Trial 89 finished with value: 5.1555627938871735 and parameters: {'rho_scale': 1.1667501723143838, 'f_n': 5.845728884308475e-07, 'K_d': 374663.811836208, 'fission_rate': 7.567380151991362e+19, 'Dg_D1_scale': 0.2535792118567773, 'Dg_D3_scale': 0.48012761547655447, 'Dv_D1_scale': 0.6863369669555133, 'Dv_D2_scale': 0.33272851116469465, 'b_bulk_scale': 0.06153195997890358, 'b_dislocation_scale': 2.1436150438213932, 'gb_scale': 0.31234319294672486, 'gd_bubble_scale': 1.2576687977150298, 'gd_line_scale': 0.7099554182278859, 'gd_line_alpha': 0.9753955760654824, 'coalescence_d_scale': 0.88060648182725, 'capture_scale': 6.566978743943275}. Best is trial 66 with value: 2.3134754842677396.
[I 2026-05-05 18:27:14,587] Trial 90 finished with value: 4.727166277788445 and parameters: {'rho_scale': 0.6559275389668333, 'f_n': 7.699420395154553e-07, 'K_d': 388967.78295364423, 'fission_rate': 7.112452649602334e+19, 'Dg_D1_scale': 0.20003234682715063, 'Dg_D3_scale': 0.5851489516941372, 'Dv_D1_scale': 0.4548653782524252, 'Dv_D2_scale': 0.7238777583576022, 'b_bulk_scale': 0.03886217677070361, 'b_dislocation_scale': 0.09801416899516135, 'gb_scale': 0.6812941694803882, 'gd_bubble_scale': 0.4094501864712881, 'gd_line_scale': 0.20250915356918203, 'gd_line_alpha': 0.8965073206156808, 'coalescence_d_scale': 1.0241995203892058, 'capture_scale': 3.5928970908557636}. Best is trial 66 with value: 2.3134754842677396.
[I 2026-05-05 18:27:19,563] Trial 91 finished with value: 2.389691295070845 and parameters: {'rho_scale': 0.5397695966111181, 'f_n': 1.5165252150995311e-06, 'K_d': 358372.5796741047, 'fission_rate': 7.849313086921092e+19, 'Dg_D1_scale': 0.28755388129469284, 'Dg_D3_scale': 0.9114406935836652, 'Dv_D1_scale': 0.42405013868348357, 'Dv_D2_scale': 1.7350736261157003, 'b_bulk_scale': 0.05476461563544915, 'b_dislocation_scale': 0.12629127381585484, 'gb_scale': 0.3935558711396243, 'gd_bubble_scale': 0.5351730209960717, 'gd_line_scale': 2.1878137840137923, 'gd_line_alpha': 0.8430929970197909, 'coalescence_d_scale': 1.4143425921777328, 'capture_scale': 2.4161994720571784}. Best is trial 66 with value: 2.3134754842677396.
[I 2026-05-05 18:27:26,433] Trial 92 finished with value: 2.3401532299380285 and parameters: {'rho_scale': 0.5390504139776481, 'f_n': 1.362703695880105e-06, 'K_d': 359415.643599, 'fission_rate': 7.88321892078586e+19, 'Dg_D1_scale': 0.28585298447476226, 'Dg_D3_scale': 0.7222498381240382, 'Dv_D1_scale': 0.3436984564825396, 'Dv_D2_scale': 3.2145642998180723, 'b_bulk_scale': 0.05131955299475513, 'b_dislocation_scale': 0.12876497014145036, 'gb_scale': 0.38062535587087193, 'gd_bubble_scale': 0.5745223849894936, 'gd_line_scale': 2.211854319480979, 'gd_line_alpha': 0.7725705787341085, 'coalescence_d_scale': 1.3716276226310236, 'capture_scale': 2.353425627802365}. Best is trial 66 with value: 2.3134754842677396.
[I 2026-05-05 18:27:33,269] Trial 93 finished with value: 2.542783757285184 and parameters: {'rho_scale': 0.5763761862642373, 'f_n': 1.2246463575783615e-06, 'K_d': 358429.89843167993, 'fission_rate': 7.88500069891798e+19, 'Dg_D1_scale': 0.29498652421369487, 'Dg_D3_scale': 0.8914963956810275, 'Dv_D1_scale': 0.3520912666815286, 'Dv_D2_scale': 2.930566490256643, 'b_bulk_scale': 0.0551164335296312, 'b_dislocation_scale': 0.12605301947606964, 'gb_scale': 0.3944912391670165, 'gd_bubble_scale': 0.6866590471331686, 'gd_line_scale': 2.3951823187984944, 'gd_line_alpha': 0.7748007307140019, 'coalescence_d_scale': 2.214236029052248, 'capture_scale': 2.6557346056329876}. Best is trial 66 with value: 2.3134754842677396.
[I 2026-05-05 18:27:39,906] Trial 94 finished with value: 3.0168894289204817 and parameters: {'rho_scale': 0.5395468514056004, 'f_n': 1.807962081694173e-06, 'K_d': 329226.6877213861, 'fission_rate': 7.832907619718958e+19, 'Dg_D1_scale': 0.33813562896294774, 'Dg_D3_scale': 0.7349682910584837, 'Dv_D1_scale': 0.47446359377633746, 'Dv_D2_scale': 1.7389607696316705, 'b_bulk_scale': 0.04764742799327995, 'b_dislocation_scale': 0.10741790214144396, 'gb_scale': 0.5658162246349532, 'gd_bubble_scale': 0.5890901913492279, 'gd_line_scale': 1.2750182383575936, 'gd_line_alpha': 0.927472909114363, 'coalescence_d_scale': 1.368385698528531, 'capture_scale': 1.9780549459268946}. Best is trial 66 with value: 2.3134754842677396.
[I 2026-05-05 18:27:47,131] Trial 95 finished with value: 4.856663901216741 and parameters: {'rho_scale': 0.5993251090745764, 'f_n': 9.311202263000836e-07, 'K_d': 343011.5885137113, 'fission_rate': 7.59864147703299e+19, 'Dg_D1_scale': 0.23197672584613907, 'Dg_D3_scale': 0.24066232413670424, 'Dv_D1_scale': 0.3311299408726038, 'Dv_D2_scale': 3.6094142136477325, 'b_bulk_scale': 0.09536656165695981, 'b_dislocation_scale': 0.0633627546402003, 'gb_scale': 0.35515751241902654, 'gd_bubble_scale': 0.44724887799293983, 'gd_line_scale': 0.07124092865737447, 'gd_line_alpha': 0.8724237638777175, 'coalescence_d_scale': 1.2020466875882017, 'capture_scale': 4.215847638907453}. Best is trial 66 with value: 2.3134754842677396.
