[I 2026-05-05 18:16:14,698] A new study created in RDB with name: UN_M7_capture_only
########################################################################################################################
V13b rhoSat + STRICT gas-to-grain-face + high-T dislocation plateau settings
family                         = capture_only
rhoFT2 enabled                 = True
rho_scale range                 = 0.5 -- 2
rho T shape                     = saturating Ray-Blank fit normalized at 1025 K
K_d range                       = 300000 -- 800000
direct exp weights              = sw 0.75, Rd 0.9, Nd 0.0, Nd-drop 0.0
v13 partition/qgb weights       = 0.95 / 2.5
v13 Nd highT target weight      = 0.0
v14 Nd early/highT anchor weights = 1.2 / 1.4
v14 Nd early max T / highT anchors = 1507.5 K / 8.000e+18, 4.000e+18, 1.500e+18 m^-3
qgb 1.1% low-mid/high           = 5.0 / 5.0
qgb 3.2% low-mid/high           = 8.0 / 12.0
qgb penalty scale               = 25.0
Fig8 disl/bulk radius weights   = 0.75 / 0.04
Fig6 burnup weight              = 0.02
output dir                      = UN_M7_optuna_v14_rhoSat_qgbStrict_NdAnchors_results/capture_only
########################################################################################################################
########################################################################################################################
OPTUNA CALIBRATION: capture_only
########################################################################################################################
Output dir        = UN_M7_optuna_v14_rhoSat_qgbStrict_NdAnchors_results/capture_only
Trials requested  = 100
FAST dt/modes     = 12 h / 22
FINAL dt/modes    = 1 h / 40
Pressure weight   = 0.22; free factor = 3
D2 Xe             = included, with D2_xe_scale
Coalescence       = active, scale never zero
Family switches   = phi_gas:False, nuc_mass:False, capture:True
########################################################################################################################
  0%|          | 0/100 [00:00<?, ?it/s]                                         0%|          | 0/100 [00:08<?, ?it/s]Best trial: 0. Best value: 6.23539:   0%|          | 0/100 [00:08<?, ?it/s]Best trial: 0. Best value: 6.23539:   1%|          | 1/100 [00:08<13:59,  8.48s/it]                                                                                   Best trial: 0. Best value: 6.23539:   1%|          | 1/100 [00:15<13:59,  8.48s/it]Best trial: 1. Best value: 5.58262:   1%|          | 1/100 [00:15<13:59,  8.48s/it]Best trial: 1. Best value: 5.58262:   2%|▏         | 2/100 [00:15<12:31,  7.67s/it]                                                                                   Best trial: 1. Best value: 5.58262:   2%|▏         | 2/100 [00:23<12:31,  7.67s/it]Best trial: 2. Best value: 4.71417:   2%|▏         | 2/100 [00:23<12:31,  7.67s/it]Best trial: 2. Best value: 4.71417:   3%|▎         | 3/100 [00:23<12:46,  7.90s/it]                                                                                   Best trial: 2. Best value: 4.71417:   3%|▎         | 3/100 [00:31<12:46,  7.90s/it]Best trial: 2. Best value: 4.71417:   3%|▎         | 3/100 [00:31<12:46,  7.90s/it]Best trial: 2. Best value: 4.71417:   4%|▍         | 4/100 [00:31<12:46,  7.99s/it]                                                                                   Best trial: 2. Best value: 4.71417:   4%|▍         | 4/100 [00:37<12:46,  7.99s/it]Best trial: 2. Best value: 4.71417:   4%|▍         | 4/100 [00:37<12:46,  7.99s/it]Best trial: 2. Best value: 4.71417:   5%|▌         | 5/100 [00:37<11:16,  7.12s/it]                                                                                   Best trial: 2. Best value: 4.71417:   5%|▌         | 5/100 [00:42<11:16,  7.12s/it]Best trial: 2. Best value: 4.71417:   5%|▌         | 5/100 [00:43<11:16,  7.12s/it]Best trial: 2. Best value: 4.71417:   6%|▌         | 6/100 [00:43<10:19,  6.59s/it]                                                                                   Best trial: 2. Best value: 4.71417:   6%|▌         | 6/100 [00:50<10:19,  6.59s/it]Best trial: 2. Best value: 4.71417:   6%|▌         | 6/100 [00:50<10:19,  6.59s/it]Best trial: 2. Best value: 4.71417:   7%|▋         | 7/100 [00:50<10:32,  6.80s/it]/home/destro/sciantix-official/UN_M7_optuna_calibration_v14_rhoSat_qgbStrict_NdAnchors_STANDALONE.py:151: UserWarning: Fixed parameter K_d with value 1033314.0 is out of range for distribution FloatDistribution(high=800000.0, log=True, low=300000.0, step=None).
  "K_d": trial.suggest_float("K_d", K_D_MIN, K_D_MAX, log=True),
                                                                                   Best trial: 2. Best value: 4.71417:   7%|▋         | 7/100 [00:58<10:32,  6.80s/it]Best trial: 7. Best value: 4.61093:   7%|▋         | 7/100 [00:58<10:32,  6.80s/it]Best trial: 7. Best value: 4.61093:   8%|▊         | 8/100 [00:58<11:02,  7.20s/it]/home/destro/sciantix-official/UN_M7_optuna_calibration_v14_rhoSat_qgbStrict_NdAnchors_STANDALONE.py:151: UserWarning: Fixed parameter K_d with value 1198283.0 is out of range for distribution FloatDistribution(high=800000.0, log=True, low=300000.0, step=None).
  "K_d": trial.suggest_float("K_d", K_D_MIN, K_D_MAX, log=True),
                                                                                   Best trial: 7. Best value: 4.61093:   8%|▊         | 8/100 [01:03<11:02,  7.20s/it]Best trial: 7. Best value: 4.61093:   8%|▊         | 8/100 [01:03<11:02,  7.20s/it]Best trial: 7. Best value: 4.61093:   9%|▉         | 9/100 [01:03<09:54,  6.54s/it]/home/destro/sciantix-official/UN_M7_optuna_calibration_v14_rhoSat_qgbStrict_NdAnchors_STANDALONE.py:151: UserWarning: Fixed parameter K_d with value 1166892.0 is out of range for distribution FloatDistribution(high=800000.0, log=True, low=300000.0, step=None).
  "K_d": trial.suggest_float("K_d", K_D_MIN, K_D_MAX, log=True),
                                                                                   Best trial: 7. Best value: 4.61093:   9%|▉         | 9/100 [01:11<09:54,  6.54s/it]Best trial: 7. Best value: 4.61093:   9%|▉         | 9/100 [01:11<09:54,  6.54s/it]Best trial: 7. Best value: 4.61093:  10%|█         | 10/100 [01:11<10:26,  6.96s/it]                                                                                    Best trial: 7. Best value: 4.61093:  10%|█         | 10/100 [01:20<10:26,  6.96s/it]Best trial: 10. Best value: 3.63342:  10%|█         | 10/100 [01:20<10:26,  6.96s/it]Best trial: 10. Best value: 3.63342:  11%|█         | 11/100 [01:20<11:25,  7.70s/it]                                                                                     Best trial: 10. Best value: 3.63342:  11%|█         | 11/100 [01:29<11:25,  7.70s/it]Best trial: 11. Best value: 3.34723:  11%|█         | 11/100 [01:29<11:25,  7.70s/it]Best trial: 11. Best value: 3.34723:  12%|█▏        | 12/100 [01:29<11:56,  8.15s/it]                                                                                     [I 2026-05-05 18:16:23,276] Trial 0 finished with value: 6.235392318107279 and parameters: {'rho_scale': 0.5144913506103177, 'f_n': 4.7e-08, 'K_d': 575000.0, 'fission_rate': 4.76e+19, 'Dg_D1_scale': 0.32716334477022707, 'Dg_D3_scale': 3.023653500106566, 'Dv_D1_scale': 0.27677385404908045, 'Dv_D2_scale': 0.4663864282493701, 'b_bulk_scale': 1.1398259344370654, 'b_dislocation_scale': 0.5197202960546354, 'gb_scale': 1.588, 'gd_bubble_scale': 0.5011244444526712, 'gd_line_scale': 0.3336520628245394, 'gd_line_alpha': 0.8016606522293809, 'coalescence_d_scale': 8.15, 'capture_scale': 2.97}. Best is trial 0 with value: 6.235392318107279.
[I 2026-05-05 18:16:30,381] Trial 1 finished with value: 5.582621221397552 and parameters: {'rho_scale': 1.3362073768723661, 'f_n': 1e-08, 'K_d': 800000.0, 'fission_rate': 7.5e+19, 'Dg_D1_scale': 0.16361490268643472, 'Dg_D3_scale': 0.435850572407969, 'Dv_D1_scale': 3.1044389493920588, 'Dv_D2_scale': 3.0715825051286054, 'b_bulk_scale': 2.604969806780738, 'b_dislocation_scale': 0.12870380764463016, 'gb_scale': 1.0, 'gd_bubble_scale': 0.08594842836765744, 'gd_line_scale': 2.98922118897216, 'gd_line_alpha': 0.5832435180999412, 'coalescence_d_scale': 1.0, 'capture_scale': 0.3}. Best is trial 1 with value: 5.582621221397552.
[I 2026-05-05 18:16:38,564] Trial 2 finished with value: 4.714171670463851 and parameters: {'rho_scale': 0.9742504206545674, 'f_n': 1e-06, 'K_d': 500000.0, 'fission_rate': 5e+19, 'Dg_D1_scale': 3.0756198296147534, 'Dg_D3_scale': 0.5320427835854931, 'Dv_D1_scale': 0.5166029803731323, 'Dv_D2_scale': 0.9026907206144119, 'b_bulk_scale': 0.19082349647208952, 'b_dislocation_scale': 0.23041511662388237, 'gb_scale': 1.0, 'gd_bubble_scale': 0.5234615034897231, 'gd_line_scale': 0.2984574954265384, 'gd_line_alpha': 0.20794246343882472, 'coalescence_d_scale': 1.0, 'capture_scale': 1.0}. Best is trial 2 with value: 4.714171670463851.
[I 2026-05-05 18:16:46,696] Trial 3 finished with value: 8.90923241383707 and parameters: {'rho_scale': 1.028234058080665, 'f_n': 1.3333e-08, 'K_d': 714300.0, 'fission_rate': 4.9558e+19, 'Dg_D1_scale': 0.8537308407266686, 'Dg_D3_scale': 2.204989320872139, 'Dv_D1_scale': 0.592762818839078, 'Dv_D2_scale': 1.0460360717669797, 'b_bulk_scale': 0.15378945469809857, 'b_dislocation_scale': 0.0971077177336489, 'gb_scale': 0.8994, 'gd_bubble_scale': 0.06886659322135448, 'gd_line_scale': 1.7761108051210444, 'gd_line_alpha': 0.20736697070032584, 'coalescence_d_scale': 10.99, 'capture_scale': 3.247}. Best is trial 2 with value: 4.714171670463851.
[I 2026-05-05 18:16:52,267] Trial 4 finished with value: 7.390689289086945 and parameters: {'rho_scale': 0.5784126980209964, 'f_n': 2.5466e-07, 'K_d': 648460.0, 'fission_rate': 7.4799e+19, 'Dg_D1_scale': 2.6094531567397237, 'Dg_D3_scale': 2.600882145309043, 'Dv_D1_scale': 0.6477589304027802, 'Dv_D2_scale': 0.23290703138166477, 'b_bulk_scale': 0.5720148720581492, 'b_dislocation_scale': 2.5301862936499866, 'gb_scale': 0.4625, 'gd_bubble_scale': 0.11165542271417522, 'gd_line_scale': 0.2610465568005245, 'gd_line_alpha': 0.09121452946965192, 'coalescence_d_scale': 6.997, 'capture_scale': 0.1401}. Best is trial 2 with value: 4.714171670463851.
[I 2026-05-05 18:16:57,844] Trial 5 finished with value: 5.5956215731284775 and parameters: {'rho_scale': 1.067531251170869, 'f_n': 1.9043e-07, 'K_d': 633680.0, 'fission_rate': 6.8347e+19, 'Dg_D1_scale': 0.23397846272940656, 'Dg_D3_scale': 0.2032490800105343, 'Dv_D1_scale': 0.6556604726933667, 'Dv_D2_scale': 0.5964300269154365, 'b_bulk_scale': 0.1479155319314305, 'b_dislocation_scale': 3.6484390190755436, 'gb_scale': 0.3881, 'gd_bubble_scale': 0.12068893895214552, 'gd_line_scale': 5.8001710564044995, 'gd_line_alpha': 0.15094408476611432, 'coalescence_d_scale': 7.005, 'capture_scale': 0.0608}. Best is trial 2 with value: 4.714171670463851.
[I 2026-05-05 18:17:05,067] Trial 6 finished with value: 9.217198618769427 and parameters: {'rho_scale': 0.7104962223289681, 'f_n': 1.3237e-08, 'K_d': 558920.0, 'fission_rate': 7.6621e+19, 'Dg_D1_scale': 1.0427538057006311, 'Dg_D3_scale': 0.8452812482121413, 'Dv_D1_scale': 1.8501703327821093, 'Dv_D2_scale': 1.9604538578928896, 'b_bulk_scale': 0.22048248823339583, 'b_dislocation_scale': 0.10566811221804573, 'gb_scale': 0.4151, 'gd_bubble_scale': 2.9021357588095373, 'gd_line_scale': 0.280319861248676, 'gd_line_alpha': 0.8628369093364444, 'coalescence_d_scale': 9.772, 'capture_scale': 0.1557}. Best is trial 2 with value: 4.714171670463851.
[I 2026-05-05 18:17:13,112] Trial 7 finished with value: 4.610927166918144 and parameters: {'rho_scale': 1.2483760707767049, 'f_n': 2.940436e-07, 'K_d': 1033314.0, 'fission_rate': 6.730293e+19, 'Dg_D1_scale': 1.6605047004233133, 'Dg_D3_scale': 0.8948568228837499, 'Dv_D1_scale': 0.9524230074818193, 'Dv_D2_scale': 1.1599736192766903, 'b_bulk_scale': 1.6631883934121554, 'b_dislocation_scale': 0.21417081151997946, 'gb_scale': 1.445601, 'gd_bubble_scale': 1.8681015740642253, 'gd_line_scale': 2.358508486283642, 'gd_line_alpha': 0.798695019029427, 'coalescence_d_scale': 3.880728, 'capture_scale': 0.024136}. Best is trial 7 with value: 4.610927166918144.
[I 2026-05-05 18:17:18,213] Trial 8 finished with value: 5.443247790264418 and parameters: {'rho_scale': 1.0705105272396283, 'f_n': 5.96478e-07, 'K_d': 1198283.0, 'fission_rate': 6.685431e+19, 'Dg_D1_scale': 0.37894776027597954, 'Dg_D3_scale': 1.3474419638382256, 'Dv_D1_scale': 1.1115127631902144, 'Dv_D2_scale': 0.49783469984351, 'b_bulk_scale': 0.8691510333105616, 'b_dislocation_scale': 3.1286247205619606, 'gb_scale': 1.009685, 'gd_bubble_scale': 2.7429316849854843, 'gd_line_scale': 5.811823820043835, 'gd_line_alpha': 0.8342284590357717, 'coalescence_d_scale': 2.916475, 'capture_scale': 0.027787}. Best is trial 7 with value: 4.610927166918144.
[I 2026-05-05 18:17:26,107] Trial 9 finished with value: 8.91184116270156 and parameters: {'rho_scale': 1.576403153371129, 'f_n': 7.392651e-07, 'K_d': 1166892.0, 'fission_rate': 6.574543e+19, 'Dg_D1_scale': 0.5005307355648109, 'Dg_D3_scale': 0.2287734540562647, 'Dv_D1_scale': 1.450210524479387, 'Dv_D2_scale': 0.29231198384870355, 'b_bulk_scale': 3.6014534274423635, 'b_dislocation_scale': 1.7588477762797055, 'gb_scale': 1.30495, 'gd_bubble_scale': 0.4911038470160928, 'gd_line_scale': 0.12678482963219678, 'gd_line_alpha': 0.02749244798451489, 'coalescence_d_scale': 2.726375, 'capture_scale': 0.023283}. Best is trial 7 with value: 4.610927166918144.
[I 2026-05-05 18:17:35,486] Trial 10 finished with value: 3.633415274594638 and parameters: {'rho_scale': 1.0, 'f_n': 4.2827822657875293e-10, 'K_d': 500000.0, 'fission_rate': 5.6884184344165474e+19, 'Dg_D1_scale': 1.6461380822384661, 'Dg_D3_scale': 1.1669603923834928, 'Dv_D1_scale': 0.2143857940883951, 'Dv_D2_scale': 1.4293030542255378, 'b_bulk_scale': 0.051395277112888264, 'b_dislocation_scale': 0.030641888728549886, 'gb_scale': 6.3382698052235025, 'gd_bubble_scale': 8.593341726427631, 'gd_line_scale': 1.0521448443676913, 'gd_line_alpha': 0.5661692981326136, 'coalescence_d_scale': 0.13431894623211668, 'capture_scale': 0.01223596446298776}. Best is trial 10 with value: 3.633415274594638.
[I 2026-05-05 18:17:44,653] Trial 11 finished with value: 3.3472277195607565 and parameters: {'rho_scale': 0.75, 'f_n': 2.2074239936588556e-10, 'K_d': 350000.0, 'fission_rate': 5.781339598742024e+19, 'Dg_D1_scale': 2.019014108632305, 'Dg_D3_scale': 1.2119127944525523, 'Dv_D1_scale': 0.21362694868834142, 'Dv_D2_scale': 1.5331757444265752, 'b_bulk_scale': 0.030250708828960166, 'b_dislocation_scale': 0.03181742296975538, 'gb_scale': 6.4606169820555985, 'gd_bubble_scale': 9.378770300594018, 'gd_line_scale': 1.2604952630939008, 'gd_line_alpha': 0.5697756337729641, 'coalescence_d_scale': 0.14842488950101937, 'capture_scale': 0.011816162770823499}. Best is trial 11 with value: 3.3472277195607565.
[I 2026-05-05 18:17:52,064] Trial 12 finished with value: 3.8108822188080844 and parameters: {'rho_scale': 1.25, 'f_n': 1.7666086363732625e-10, 'K_d': 500000.0, 'fission_rate': 5.665200566704609e+19, 'Dg_D1_scale': 1.7049383865866239, 'Dg_D3_scale': 1.4028325502753984, 'Dv_D1_scale': 0.20606405706917086, 'Dv_D2_scale': 1.797788091485505, 'b_bulk_scale': 0.0344370548086469, 'b_dislocation_scale': 0.036930211140789954, 'gb_scale': 7.866664781664108, 'gd_bubble_scale': 9.374415296742281, 'gd_line_scale': 0.8887040646005683, 'gd_line_alpha': 0.4640281762235103, 'coalescence_d_scale': 0.11038343900474898, 'capture_scale': 0.010950097195990148}. Best is trial 11 with value: 3.3472277195607565.Best trial: 11. Best value: 3.34723:  12%|█▏        | 12/100 [01:37<11:56,  8.15s/it]Best trial: 11. Best value: 3.34723:  12%|█▏        | 12/100 [01:37<11:56,  8.15s/it]Best trial: 11. Best value: 3.34723:  13%|█▎        | 13/100 [01:37<11:29,  7.92s/it]                                                                                     Best trial: 11. Best value: 3.34723:  13%|█▎        | 13/100 [01:46<11:29,  7.92s/it]Best trial: 11. Best value: 3.34723:  13%|█▎        | 13/100 [01:46<11:29,  7.92s/it]Best trial: 11. Best value: 3.34723:  14%|█▍        | 14/100 [01:46<11:57,  8.34s/it]                                                                                     Best trial: 11. Best value: 3.34723:  14%|█▍        | 14/100 [01:58<11:57,  8.34s/it]Best trial: 11. Best value: 3.34723:  14%|█▍        | 14/100 [01:58<11:57,  8.34s/it]Best trial: 11. Best value: 3.34723:  15%|█▌        | 15/100 [01:58<13:20,  9.42s/it]                                                                                     Best trial: 11. Best value: 3.34723:  15%|█▌        | 15/100 [02:03<13:20,  9.42s/it]Best trial: 11. Best value: 3.34723:  15%|█▌        | 15/100 [02:03<13:20,  9.42s/it]Best trial: 11. Best value: 3.34723:  16%|█▌        | 16/100 [02:03<11:10,  7.98s/it]                                                                                     Best trial: 11. Best value: 3.34723:  16%|█▌        | 16/100 [02:08<11:10,  7.98s/it]Best trial: 11. Best value: 3.34723:  16%|█▌        | 16/100 [02:08<11:10,  7.98s/it]Best trial: 11. Best value: 3.34723:  17%|█▋        | 17/100 [02:08<09:49,  7.10s/it]                                                                                     Best trial: 11. Best value: 3.34723:  17%|█▋        | 17/100 [02:15<09:49,  7.10s/it]Best trial: 11. Best value: 3.34723:  17%|█▋        | 17/100 [02:15<09:49,  7.10s/it]Best trial: 11. Best value: 3.34723:  18%|█▊        | 18/100 [02:15<09:54,  7.25s/it]                                                                                     Best trial: 11. Best value: 3.34723:  18%|█▊        | 18/100 [02:24<09:54,  7.25s/it]Best trial: 11. Best value: 3.34723:  18%|█▊        | 18/100 [02:24<09:54,  7.25s/it]Best trial: 11. Best value: 3.34723:  19%|█▉        | 19/100 [02:24<10:16,  7.61s/it]                                                                                     Best trial: 11. Best value: 3.34723:  19%|█▉        | 19/100 [02:31<10:16,  7.61s/it]Best trial: 11. Best value: 3.34723:  19%|█▉        | 19/100 [02:31<10:16,  7.61s/it]Best trial: 11. Best value: 3.34723:  20%|██        | 20/100 [02:31<09:59,  7.49s/it]                                                                                     Best trial: 11. Best value: 3.34723:  20%|██        | 20/100 [02:36<09:59,  7.49s/it]Best trial: 11. Best value: 3.34723:  20%|██        | 20/100 [02:36<09:59,  7.49s/it]Best trial: 11. Best value: 3.34723:  21%|██        | 21/100 [02:36<08:54,  6.77s/it]                                                                                     Best trial: 11. Best value: 3.34723:  21%|██        | 21/100 [02:43<08:54,  6.77s/it]Best trial: 11. Best value: 3.34723:  21%|██        | 21/100 [02:43<08:54,  6.77s/it]Best trial: 11. Best value: 3.34723:  22%|██▏       | 22/100 [02:43<08:53,  6.83s/it]                                                                                     Best trial: 11. Best value: 3.34723:  22%|██▏       | 22/100 [02:50<08:53,  6.83s/it]Best trial: 11. Best value: 3.34723:  22%|██▏       | 22/100 [02:50<08:53,  6.83s/it]Best trial: 11. Best value: 3.34723:  23%|██▎       | 23/100 [02:50<08:39,  6.75s/it]                                                                                     Best trial: 11. Best value: 3.34723:  23%|██▎       | 23/100 [02:56<08:39,  6.75s/it]Best trial: 11. Best value: 3.34723:  23%|██▎       | 23/100 [02:56<08:39,  6.75s/it]Best trial: 11. Best value: 3.34723:  24%|██▍       | 24/100 [02:56<08:26,  6.66s/it]                                                                                     
[I 2026-05-05 18:18:01,383] Trial 13 finished with value: 3.8795222126837636 and parameters: {'rho_scale': 0.7435400860943644, 'f_n': 1.2165961107029718e-10, 'K_d': 354194.1987392226, 'fission_rate': 5.697963539702286e+19, 'Dg_D1_scale': 1.532448813283139, 'Dg_D3_scale': 1.4516432043446035, 'Dv_D1_scale': 0.3516675616582323, 'Dv_D2_scale': 3.8625632333188937, 'b_bulk_scale': 0.03135379166636431, 'b_dislocation_scale': 0.032435478080430465, 'gb_scale': 7.537727779099756, 'gd_bubble_scale': 9.691137010234709, 'gd_line_scale': 0.9677981286750882, 'gd_line_alpha': 0.5196145743684293, 'coalescence_d_scale': 0.10437142431054136, 'capture_scale': 0.011453324794749396}. Best is trial 11 with value: 3.3472277195607565.
[I 2026-05-05 18:18:13,310] Trial 14 finished with value: 4.044298384735481 and parameters: {'rho_scale': 1.9879855079392403, 'f_n': 1.93582624946482e-09, 'K_d': 351119.0838693957, 'fission_rate': 4.356425497127772e+19, 'Dg_D1_scale': 3.2292539554143787, 'Dg_D3_scale': 0.4652783279004328, 'Dv_D1_scale': 0.20937304569575388, 'Dv_D2_scale': 1.5514294012460128, 'b_bulk_scale': 0.07104507706606177, 'b_dislocation_scale': 0.05637987361162299, 'gb_scale': 0.05454727824451917, 'gd_bubble_scale': 5.086453568265223, 'gd_line_scale': 0.052647206912318244, 'gd_line_alpha': 0.621746871366413, 'coalescence_d_scale': 0.2856467108868453, 'capture_scale': 0.0747375587166955}. Best is trial 11 with value: 3.3472277195607565.
[I 2026-05-05 18:18:17,936] Trial 15 finished with value: 3.612157695693347 and parameters: {'rho_scale': 0.8142264634843109, 'f_n': 8.867426245377137e-10, 'K_d': 402288.78014897846, 'fission_rate': 6.092554569382559e+19, 'Dg_D1_scale': 1.1624762852781076, 'Dg_D3_scale': 1.8514980658784257, 'Dv_D1_scale': 0.3590276862703568, 'Dv_D2_scale': 2.7560878948643186, 'b_bulk_scale': 0.06613608236160247, 'b_dislocation_scale': 0.7106496395683948, 'gb_scale': 3.4481496322389655, 'gd_bubble_scale': 1.521617814416129, 'gd_line_scale': 1.347207176309728, 'gd_line_alpha': 0.3775945137539821, 'coalescence_d_scale': 0.35219467187291603, 'capture_scale': 0.7359630386829903}. Best is trial 11 with value: 3.3472277195607565.
