[I 2026-05-05 18:22:58,970] Trial 55 finished with value: 3.0633633886270766 and parameters: {'rho_scale': 0.500321514774817, 'f_n': 1.1534429899624346e-06, 'K_d': 468849.3484605597, 'fission_rate': 6.798237992480245e+19, 'Dg_D1_scale': 0.15277326510964273, 'Dg_D3_scale': 1.5856722496473186, 'Dv_D1_scale': 0.2301698384114971, 'Dv_D2_scale': 0.4454471437529051, 'b_bulk_scale': 0.42228249083596847, 'b_dislocation_scale': 0.14910911426112938, 'gb_scale': 0.12706626556552741, 'gd_bubble_scale': 0.10019770085971356, 'gd_line_scale': 2.8020924657854978, 'gd_line_alpha': 0.29832122885717327, 'coalescence_d_scale': 0.4654870519062406, 'capture_scale': 0.08196819816586723}. Best is trial 46 with value: 2.372373914341139.
[I 2026-05-05 18:23:05,658] Trial 56 finished with value: 3.3493669362330305 and parameters: {'rho_scale': 0.5605893620689258, 'f_n': 2.069264352548444e-07, 'K_d': 436139.95981905423, 'fission_rate': 7.816042226524812e+19, 'Dg_D1_scale': 0.18352940379559796, 'Dg_D3_scale': 0.2631458356825815, 'Dv_D1_scale': 0.49942972275620995, 'Dv_D2_scale': 0.22792372364772331, 'b_bulk_scale': 0.20210665305462963, 'b_dislocation_scale': 0.3981677998890832, 'gb_scale': 0.21387818587228255, 'gd_bubble_scale': 0.2596607996149423, 'gd_line_scale': 1.8089507372123181, 'gd_line_alpha': 0.738141964275246, 'coalescence_d_scale': 0.7251267708548248, 'capture_scale': 0.2339950550934489}. Best is trial 46 with value: 2.372373914341139.
[I 2026-05-05 18:23:14,962] Trial 57 finished with value: 2.970047777810478 and parameters: {'rho_scale': 0.6101116542226196, 'f_n': 6.581573369256808e-07, 'K_d': 524812.4528310273, 'fission_rate': 5.400763513663948e+19, 'Dg_D1_scale': 0.36035343948246956, 'Dg_D3_scale': 0.4456489984868886, 'Dv_D1_scale': 0.3500819195406041, 'Dv_D2_scale': 0.2855381761429876, 'b_bulk_scale': 0.28562656309088574, 'b_dislocation_scale': 0.22712000173407598, 'gb_scale': 0.23056653726744347, 'gd_bubble_scale': 0.06688638314531764, 'gd_line_scale': 1.1314306254756668, 'gd_line_alpha': 0.49262414296546697, 'coalescence_d_scale': 2.3901918935089093, 'capture_scale': 0.1372369140706667}. Best is trial 46 with value: 2.372373914341139.
[I 2026-05-05 18:23:20,163] Trial 58 finished with value: 3.4414909869105514 and parameters: {'rho_scale': 1.0878576264617514, 'f_n': 1.8260152825584418e-06, 'K_d': 404145.04872826533, 'fission_rate': 7.576213662556535e+19, 'Dg_D1_scale': 0.22356547039502134, 'Dg_D3_scale': 0.36279518627967206, 'Dv_D1_scale': 0.9117791614794206, 'Dv_D2_scale': 1.1335391838810118, 'b_bulk_scale': 0.5799537696372379, 'b_dislocation_scale': 0.09241106735375561, 'gb_scale': 0.3123919935863705, 'gd_bubble_scale': 0.11986623390132436, 'gd_line_scale': 3.588987389061572, 'gd_line_alpha': 0.9735583452772467, 'coalescence_d_scale': 1.3092404127006299, 'capture_scale': 0.35315124054608754}. Best is trial 46 with value: 2.372373914341139.
[I 2026-05-05 18:23:28,808] Trial 59 finished with value: 2.6910020794684812 and parameters: {'rho_scale': 0.6288901195323459, 'f_n': 4.146275337028792e-07, 'K_d': 467615.6872860462, 'fission_rate': 6.243599661564503e+19, 'Dg_D1_scale': 0.9933266293322298, 'Dg_D3_scale': 0.29949407790863813, 'Dv_D1_scale': 0.6318090804791393, 'Dv_D2_scale': 0.25407315363479693, 'b_bulk_scale': 0.14501914527838974, 'b_dislocation_scale': 0.12264382470648022, 'gb_scale': 0.4403653439844935, 'gd_bubble_scale': 0.41445021364826085, 'gd_line_scale': 1.392136304115424, 'gd_line_alpha': 0.8251012331509173, 'coalescence_d_scale': 0.9762139100876847, 'capture_scale': 0.5891992873243523}. Best is trial 46 with value: 2.372373914341139.
[I 2026-05-05 18:23:35,855] Trial 60 finished with value: 2.9048247554687205 and parameters: {'rho_scale': 0.5288800871355792, 'f_n': 2.891518487518338e-06, 'K_d': 498041.24608704087, 'fission_rate': 7.795433632376562e+19, 'Dg_D1_scale': 0.6757277797698705, 'Dg_D3_scale': 0.255738844360643, 'Dv_D1_scale': 0.37290238322539754, 'Dv_D2_scale': 0.3700266180725686, 'b_bulk_scale': 0.22271688167862883, 'b_dislocation_scale': 0.04450283069070937, 'gb_scale': 0.13154739566687793, 'gd_bubble_scale': 0.6519553786234917, 'gd_line_scale': 2.9776567846633264, 'gd_line_alpha': 0.8761207045650709, 'coalescence_d_scale': 2.019978747227761, 'capture_scale': 0.05500597774697149}. Best is trial 46 with value: 2.372373914341139.Best trial: 46. Best value: 2.37237:  60%|██████    | 60/100 [07:21<04:55,  7.38s/it]Best trial: 46. Best value: 2.37237:  60%|██████    | 60/100 [07:21<04:55,  7.38s/it]Best trial: 46. Best value: 2.37237:  61%|██████    | 61/100 [07:21<04:43,  7.28s/it]                                                                                     Best trial: 46. Best value: 2.37237:  61%|██████    | 61/100 [07:28<04:43,  7.28s/it]Best trial: 46. Best value: 2.37237:  61%|██████    | 61/100 [07:28<04:43,  7.28s/it]Best trial: 46. Best value: 2.37237:  62%|██████▏   | 62/100 [07:28<04:39,  7.34s/it]                                                                                     Best trial: 46. Best value: 2.37237:  62%|██████▏   | 62/100 [07:38<04:39,  7.34s/it]Best trial: 46. Best value: 2.37237:  62%|██████▏   | 62/100 [07:38<04:39,  7.34s/it]Best trial: 46. Best value: 2.37237:  63%|██████▎   | 63/100 [07:38<05:00,  8.12s/it]                                                                                     Best trial: 46. Best value: 2.37237:  63%|██████▎   | 63/100 [07:46<05:00,  8.12s/it]Best trial: 46. Best value: 2.37237:  63%|██████▎   | 63/100 [07:46<05:00,  8.12s/it]Best trial: 46. Best value: 2.37237:  64%|██████▍   | 64/100 [07:46<04:48,  8.01s/it]                                                                                     Best trial: 46. Best value: 2.37237:  64%|██████▍   | 64/100 [07:53<04:48,  8.01s/it]Best trial: 46. Best value: 2.37237:  64%|██████▍   | 64/100 [07:53<04:48,  8.01s/it]Best trial: 46. Best value: 2.37237:  65%|██████▌   | 65/100 [07:53<04:34,  7.86s/it]                                                                                     Best trial: 46. Best value: 2.37237:  65%|██████▌   | 65/100 [08:01<04:34,  7.86s/it]Best trial: 46. Best value: 2.37237:  65%|██████▌   | 65/100 [08:01<04:34,  7.86s/it]Best trial: 46. Best value: 2.37237:  66%|██████▌   | 66/100 [08:01<04:22,  7.73s/it]                                                                                     Best trial: 46. Best value: 2.37237:  66%|██████▌   | 66/100 [08:06<04:22,  7.73s/it]Best trial: 66. Best value: 2.31348:  66%|██████▌   | 66/100 [08:06<04:22,  7.73s/it]Best trial: 66. Best value: 2.31348:  67%|██████▋   | 67/100 [08:06<03:52,  7.04s/it]                                                                                     Best trial: 66. Best value: 2.31348:  67%|██████▋   | 67/100 [08:15<03:52,  7.04s/it]Best trial: 66. Best value: 2.31348:  67%|██████▋   | 67/100 [08:15<03:52,  7.04s/it]Best trial: 66. Best value: 2.31348:  68%|██████▊   | 68/100 [08:15<04:00,  7.50s/it]                                                                                     Best trial: 66. Best value: 2.31348:  68%|██████▊   | 68/100 [08:22<04:00,  7.50s/it]Best trial: 66. Best value: 2.31348:  68%|██████▊   | 68/100 [08:22<04:00,  7.50s/it]Best trial: 66. Best value: 2.31348:  69%|██████▉   | 69/100 [08:22<03:53,  7.52s/it]                                                                                     Best trial: 66. Best value: 2.31348:  69%|██████▉   | 69/100 [08:29<03:53,  7.52s/it]Best trial: 66. Best value: 2.31348:  69%|██████▉   | 69/100 [08:29<03:53,  7.52s/it]Best trial: 66. Best value: 2.31348:  70%|███████   | 70/100 [08:29<03:42,  7.43s/it]                                                                                     Best trial: 66. Best value: 2.31348:  70%|███████   | 70/100 [08:38<03:42,  7.43s/it]Best trial: 66. Best value: 2.31348:  70%|███████   | 70/100 [08:38<03:42,  7.43s/it]Best trial: 66. Best value: 2.31348:  71%|███████   | 71/100 [08:38<03:47,  7.84s/it]                                                                                     Best trial: 66. Best value: 2.31348:  71%|███████   | 71/100 [08:46<03:47,  7.84s/it]Best trial: 66. Best value: 2.31348:  71%|███████   | 71/100 [08:46<03:47,  7.84s/it]Best trial: 66. Best value: 2.31348:  72%|███████▏  | 72/100 [08:46<03:36,  7.72s/it]                                                                                     
[I 2026-05-05 18:23:43,349] Trial 61 finished with value: 2.383061920487346 and parameters: {'rho_scale': 0.586581072314602, 'f_n': 1.0549972902934552e-06, 'K_d': 363440.95977006754, 'fission_rate': 6.963793571875362e+19, 'Dg_D1_scale': 0.24613023530920877, 'Dg_D3_scale': 0.21708284164421593, 'Dv_D1_scale': 0.4336366255101052, 'Dv_D2_scale': 0.22232925072550094, 'b_bulk_scale': 0.09803109820746238, 'b_dislocation_scale': 0.06887653976703588, 'gb_scale': 0.7039915651658855, 'gd_bubble_scale': 0.20222751508590212, 'gd_line_scale': 2.3934407097071793, 'gd_line_alpha': 0.9207521603135177, 'coalescence_d_scale': 1.1396747944042624, 'capture_scale': 0.12053640836451267}. Best is trial 46 with value: 2.372373914341139.
[I 2026-05-05 18:23:53,300] Trial 62 finished with value: 2.921991898797562 and parameters: {'rho_scale': 0.5632910339458259, 'f_n': 8.364917469445407e-07, 'K_d': 364307.47782691155, 'fission_rate': 4.21066983869744e+19, 'Dg_D1_scale': 0.2999553999335618, 'Dg_D3_scale': 0.22270071594432952, 'Dv_D1_scale': 0.4412624152336226, 'Dv_D2_scale': 0.215879106361663, 'b_bulk_scale': 0.08800389455060209, 'b_dislocation_scale': 0.0905286171864646, 'gb_scale': 0.7616054019743241, 'gd_bubble_scale': 0.21250214499013972, 'gd_line_scale': 3.9136886228398917, 'gd_line_alpha': 0.9621351343975226, 'coalescence_d_scale': 1.2494723875664198, 'capture_scale': 0.08304596215646586}. Best is trial 46 with value: 2.372373914341139.
[I 2026-05-05 18:24:01,042] Trial 63 finished with value: 2.978717304192284 and parameters: {'rho_scale': 0.5924485509059619, 'f_n': 2.0007543241254548e-06, 'K_d': 398516.949522718, 'fission_rate': 6.869175345619466e+19, 'Dg_D1_scale': 0.23102048352464447, 'Dg_D3_scale': 2.4885124320191045, 'Dv_D1_scale': 0.521521743999749, 'Dv_D2_scale': 0.3061082618914417, 'b_bulk_scale': 0.3215400708709202, 'b_dislocation_scale': 0.07173743118248067, 'gb_scale': 0.5051623464260611, 'gd_bubble_scale': 0.3003793970669421, 'gd_line_scale': 2.1465914887875646, 'gd_line_alpha': 0.913322438837534, 'coalescence_d_scale': 1.5229431489946605, 'capture_scale': 0.2118383762003441}. Best is trial 46 with value: 2.372373914341139.
[I 2026-05-05 18:24:08,533] Trial 64 finished with value: 2.6213482444634684 and parameters: {'rho_scale': 0.5513007130333597, 'f_n': 1.1369122090047358e-06, 'K_d': 437972.7555490383, 'fission_rate': 7.291269763651124e+19, 'Dg_D1_scale': 0.2661552678509073, 'Dg_D3_scale': 0.19854419193662584, 'Dv_D1_scale': 0.2970284343803634, 'Dv_D2_scale': 0.2661339602267699, 'b_bulk_scale': 0.39716009061677965, 'b_dislocation_scale': 0.04374162237585995, 'gb_scale': 1.1943660007269217, 'gd_bubble_scale': 0.19237746506211614, 'gd_line_scale': 2.818813124003985, 'gd_line_alpha': 0.9980849633539146, 'coalescence_d_scale': 0.6938994542772811, 'capture_scale': 0.12406220088767332}. Best is trial 46 with value: 2.372373914341139.
[I 2026-05-05 18:24:15,985] Trial 65 finished with value: 2.9123452795335303 and parameters: {'rho_scale': 0.7011524892260611, 'f_n': 6.279393309293648e-07, 'K_d': 414399.05358335486, 'fission_rate': 7.443753834691597e+19, 'Dg_D1_scale': 0.18099398144545714, 'Dg_D3_scale': 0.3195677045907476, 'Dv_D1_scale': 0.46522109502124415, 'Dv_D2_scale': 0.22389548320944233, 'b_bulk_scale': 0.1487897526769428, 'b_dislocation_scale': 0.06490389077489529, 'gb_scale': 0.6857536599332075, 'gd_bubble_scale': 0.1338012406549731, 'gd_line_scale': 1.7768321726559722, 'gd_line_alpha': 0.8793539316306516, 'coalescence_d_scale': 2.7562423469885187, 'capture_scale': 0.18219432369213806}. Best is trial 46 with value: 2.372373914341139.
[I 2026-05-05 18:24:21,409] Trial 66 finished with value: 2.3134754842677396 and parameters: {'rho_scale': 0.5769110350761438, 'f_n': 1.8087012112873622e-07, 'K_d': 353499.81830466655, 'fission_rate': 7.025078174533057e+19, 'Dg_D1_scale': 0.20797375146435693, 'Dg_D3_scale': 0.17234011987878728, 'Dv_D1_scale': 0.22623039797459898, 'Dv_D2_scale': 0.32773467094212316, 'b_bulk_scale': 0.24275384677399778, 'b_dislocation_scale': 0.11460512179554685, 'gb_scale': 1.6521816465399901, 'gd_bubble_scale': 0.09366216805568733, 'gd_line_scale': 5.457488927345226, 'gd_line_alpha': 0.9298112195993216, 'coalescence_d_scale': 0.983804980020332, 'capture_scale': 0.24749227399704304}. Best is trial 66 with value: 2.3134754842677396.
[I 2026-05-05 18:24:29,984] Trial 67 finished with value: 3.1512930378898796 and parameters: {'rho_scale': 0.5264751238587875, 'f_n': 1.9939487269855684e-07, 'K_d': 344681.9478699928, 'fission_rate': 6.055130610323243e+19, 'Dg_D1_scale': 0.20890354786447654, 'Dg_D3_scale': 0.20585605847479613, 'Dv_D1_scale': 0.39105707282055097, 'Dv_D2_scale': 0.325354412708897, 'b_bulk_scale': 0.2294968843739047, 'b_dislocation_scale': 0.11013567074177712, 'gb_scale': 0.38977657703429924, 'gd_bubble_scale': 0.08397156830628753, 'gd_line_scale': 7.28192315960349, 'gd_line_alpha': 0.9375960099298769, 'coalescence_d_scale': 0.3903767464216588, 'capture_scale': 0.26679758700016704}. Best is trial 66 with value: 2.3134754842677396.
[I 2026-05-05 18:24:37,557] Trial 68 finished with value: 2.5996616353724167 and parameters: {'rho_scale': 0.5815915552204549, 'f_n': 2.47072772696459e-07, 'K_d': 359667.6962870625, 'fission_rate': 6.723286314963164e+19, 'Dg_D1_scale': 0.3193418800510705, 'Dg_D3_scale': 1.0337063732264669, 'Dv_D1_scale': 0.2380596592766101, 'Dv_D2_scale': 0.20069861440575554, 'b_bulk_scale': 2.681363089932575, 'b_dislocation_scale': 0.14489573367800324, 'gb_scale': 2.0112011199794755, 'gd_bubble_scale': 0.06814359971259004, 'gd_line_scale': 5.565933414262341, 'gd_line_alpha': 0.1291799143042034, 'coalescence_d_scale': 0.9099821182674044, 'capture_scale': 0.14874315330710736}. Best is trial 66 with value: 2.3134754842677396.
[I 2026-05-05 18:24:44,758] Trial 69 finished with value: 2.664269822232739 and parameters: {'rho_scale': 0.6103200744287969, 'f_n': 3.910130446922603e-07, 'K_d': 665002.9060733814, 'fission_rate': 7.199909280459819e+19, 'Dg_D1_scale': 0.39502895293941737, 'Dg_D3_scale': 1.2353901865066355, 'Dv_D1_scale': 0.5164659232615623, 'Dv_D2_scale': 0.3925356907418609, 'b_bulk_scale': 0.5020555611030042, 'b_dislocation_scale': 0.2010234806516232, 'gb_scale': 2.4244137726213277, 'gd_bubble_scale': 0.15681771447299392, 'gd_line_scale': 5.123290991493693, 'gd_line_alpha': 0.9617966031478042, 'coalescence_d_scale': 1.1070384740721086, 'capture_scale': 0.27954679935853793}. Best is trial 66 with value: 2.3134754842677396.
[I 2026-05-05 18:24:53,558] Trial 70 finished with value: 2.8534680161996273 and parameters: {'rho_scale': 0.6336979679767027, 'f_n': 8.124210466161455e-07, 'K_d': 612793.3354235289, 'fission_rate': 4.871183841644601e+19, 'Dg_D1_scale': 0.15150910141850668, 'Dg_D3_scale': 0.2723607327760589, 'Dv_D1_scale': 0.34354484996538986, 'Dv_D2_scale': 0.5048511407207268, 'b_bulk_scale': 0.300006644245837, 'b_dislocation_scale': 0.26572720165781594, 'gb_scale': 0.9606674906155263, 'gd_bubble_scale': 0.09410057708200967, 'gd_line_scale': 3.4519654117421696, 'gd_line_alpha': 0.9108300810673451, 'coalescence_d_scale': 0.6499564131913543, 'capture_scale': 0.09031128387292327}. Best is trial 66 with value: 2.3134754842677396.
[I 2026-05-05 18:25:01,005] Trial 71 finished with value: 2.7940156354010526 and parameters: {'rho_scale': 0.5175212831222401, 'f_n': 1.625515585363621e-06, 'K_d': 545976.4641726951, 'fission_rate': 6.981489886815041e+19, 'Dg_D1_scale': 0.9557219411651857, 'Dg_D3_scale': 0.17414291787700475, 'Dv_D1_scale': 0.22871034895614684, 'Dv_D2_scale': 0.2490617986808111, 'b_bulk_scale': 0.07893776828909657, 'b_dislocation_scale': 0.12790982602133252, 'gb_scale': 1.4958328077578111, 'gd_bubble_scale': 0.10899138766405629, 'gd_line_scale': 2.4127902611812555, 'gd_line_alpha': 0.8432122780394776, 'coalescence_d_scale': 1.4867596847472122, 'capture_scale': 0.06849806858929078}. Best is trial 66 with value: 2.3134754842677396.
[I 2026-05-05 18:25:08,604] Trial 72 finished with value: 3.7263124467825572 and parameters: {'rho_scale': 0.5664944965301552, 'f_n': 2.253203391345254e-06, 'K_d': 511867.69850786286, 'fission_rate': 7.050440900413826e+19, 'Dg_D1_scale': 0.18923828049152447, 'Dg_D3_scale': 0.17901001898315091, 'Dv_D1_scale': 0.2939485611132819, 'Dv_D2_scale': 0.2709644441020125, 'b_bulk_scale': 0.25213679827030333, 'b_dislocation_scale': 0.08387933372885145, 'gb_scale': 4.76278596473442, 'gd_bubble_scale': 0.21924780951019904, 'gd_line_scale': 1.53326690063369, 'gd_line_alpha': 0.7837852657660801, 'coalescence_d_scale': 1.7365107843619425, 'capture_scale': 0.1916911045846107}. Best is trial 66 with value: 2.3134754842677396.Best trial: 66. Best value: 2.31348:  72%|███████▏  | 72/100 [08:53<03:36,  7.72s/it]Best trial: 66. Best value: 2.31348:  72%|███████▏  | 72/100 [08:53<03:36,  7.72s/it]Best trial: 66. Best value: 2.31348:  73%|███████▎  | 73/100 [08:53<03:27,  7.68s/it]                                                                                     Best trial: 66. Best value: 2.31348:  73%|███████▎  | 73/100 [09:01<03:27,  7.68s/it]Best trial: 66. Best value: 2.31348:  73%|███████▎  | 73/100 [09:01<03:27,  7.68s/it]Best trial: 66. Best value: 2.31348:  74%|███████▍  | 74/100 [09:01<03:16,  7.56s/it]                                                                                     Best trial: 66. Best value: 2.31348:  74%|███████▍  | 74/100 [09:05<03:16,  7.56s/it]Best trial: 66. Best value: 2.31348:  74%|███████▍  | 74/100 [09:06<03:16,  7.56s/it]Best trial: 66. Best value: 2.31348:  75%|███████▌  | 75/100 [09:06<02:49,  6.77s/it]                                                                                     Best trial: 66. Best value: 2.31348:  75%|███████▌  | 75/100 [09:14<02:49,  6.77s/it]Best trial: 66. Best value: 2.31348:  75%|███████▌  | 75/100 [09:14<02:49,  6.77s/it]Best trial: 66. Best value: 2.31348:  76%|███████▌  | 76/100 [09:14<02:52,  7.18s/it]                                                                                     Best trial: 66. Best value: 2.31348:  76%|███████▌  | 76/100 [09:22<02:52,  7.18s/it]Best trial: 66. Best value: 2.31348:  76%|███████▌  | 76/100 [09:22<02:52,  7.18s/it]Best trial: 66. Best value: 2.31348:  77%|███████▋  | 77/100 [09:22<02:51,  7.46s/it]                                                                                     Best trial: 66. Best value: 2.31348:  77%|███████▋  | 77/100 [09:30<02:51,  7.46s/it]Best trial: 66. Best value: 2.31348:  77%|███████▋  | 77/100 [09:30<02:51,  7.46s/it]Best trial: 66. Best value: 2.31348:  78%|███████▊  | 78/100 [09:30<02:47,  7.60s/it]                                                                                     Best trial: 66. Best value: 2.31348:  78%|███████▊  | 78/100 [09:35<02:47,  7.60s/it]Best trial: 66. Best value: 2.31348:  78%|███████▊  | 78/100 [09:35<02:47,  7.60s/it]Best trial: 66. Best value: 2.31348:  79%|███████▉  | 79/100 [09:35<02:24,  6.86s/it]                                                                                     Best trial: 66. Best value: 2.31348:  79%|███████▉  | 79/100 [09:43<02:24,  6.86s/it]Best trial: 66. Best value: 2.31348:  79%|███████▉  | 79/100 [09:43<02:24,  6.86s/it]Best trial: 66. Best value: 2.31348:  80%|████████  | 80/100 [09:43<02:22,  7.14s/it]                                                                                     Best trial: 66. Best value: 2.31348:  80%|████████  | 80/100 [09:54<02:22,  7.14s/it]Best trial: 66. Best value: 2.31348:  80%|████████  | 80/100 [09:54<02:22,  7.14s/it]Best trial: 66. Best value: 2.31348:  81%|████████  | 81/100 [09:54<02:37,  8.28s/it]                                                                                     Best trial: 66. Best value: 2.31348:  81%|████████  | 81/100 [10:01<02:37,  8.28s/it]Best trial: 66. Best value: 2.31348:  81%|████████  | 81/100 [10:01<02:37,  8.28s/it]Best trial: 66. Best value: 2.31348:  82%|████████▏ | 82/100 [10:01<02:23,  7.98s/it]                                                                                     Best trial: 66. Best value: 2.31348:  82%|████████▏ | 82/100 [10:06<02:23,  7.98s/it]Best trial: 66. Best value: 2.31348:  82%|████████▏ | 82/100 [10:06<02:23,  7.98s/it]Best trial: 66. Best value: 2.31348:  83%|████████▎ | 83/100 [10:06<02:01,  7.14s/it]                                                                                     Best trial: 66. Best value: 2.31348:  83%|████████▎ | 83/100 [10:13<02:01,  7.14s/it]Best trial: 66. Best value: 2.31348:  83%|████████▎ | 83/100 [10:13<02:01,  7.14s/it]Best trial: 66. Best value: 2.31348:  84%|████████▍ | 84/100 [10:13<01:54,  7.18s/it]                                                                                     
[I 2026-05-05 18:25:15,891] Trial 73 finished with value: 2.678630166093271 and parameters: {'rho_scale': 0.533880306324767, 'f_n': 1.2596096990926128e-06, 'K_d': 466770.736542083, 'fission_rate': 7.217702247120135e+19, 'Dg_D1_scale': 0.24383154189990447, 'Dg_D3_scale': 0.209895479464548, 'Dv_D1_scale': 0.3079121662435731, 'Dv_D2_scale': 0.3167942091368844, 'b_bulk_scale': 0.18631973501883906, 'b_dislocation_scale': 0.1626718484100882, 'gb_scale': 0.0679722693222748, 'gd_bubble_scale': 0.13008307162422017, 'gd_line_scale': 4.215629638795959, 'gd_line_alpha': 0.005027168196771847, 'coalescence_d_scale': 1.1693575815056692, 'capture_scale': 0.11366204590562651}. Best is trial 66 with value: 2.3134754842677396.
