[I 2026-05-05 18:20:45,062] Trial 36 finished with value: 2.5741287544063742 and parameters: {'rho_scale': 0.6517149033812866, 'f_n': 1.2996116874784842e-06, 'K_d': 378963.82345516275, 'fission_rate': 6.95209153631892e+19, 'Dg_D1_scale': 0.2537134313723294, 'Dg_D3_scale': 0.23729605526821254, 'Dv_D1_scale': 0.42108819874219927, 'Dv_D2_scale': 0.2533049730222491, 'b_bulk_scale': 0.09734872803230918, 'b_dislocation_scale': 0.08032043580422715, 'gb_scale': 0.2650745434468984, 'gd_bubble_scale': 0.3423768983804478, 'gd_line_scale': 2.431428550008479, 'gd_line_alpha': 0.9203893540331644, 'coalescence_d_scale': 1.126224197690834, 'capture_scale': 0.11481513030005451}. Best is trial 31 with value: 2.571896678752179.Best trial: 31. Best value: 2.5719:  36%|███▌      | 36/100 [04:30<07:38,  7.16s/it]Best trial: 31. Best value: 2.5719:  36%|███▌      | 36/100 [04:30<07:38,  7.16s/it]Best trial: 31. Best value: 2.5719:  37%|███▋      | 37/100 [04:30<07:50,  7.46s/it]                                                                                    Best trial: 31. Best value: 2.5719:  37%|███▋      | 37/100 [04:36<07:50,  7.46s/it]Best trial: 37. Best value: 2.48396:  37%|███▋      | 37/100 [04:36<07:50,  7.46s/it]Best trial: 37. Best value: 2.48396:  38%|███▊      | 38/100 [04:36<07:15,  7.02s/it]                                                                                     Best trial: 37. Best value: 2.48396:  38%|███▊      | 38/100 [04:43<07:15,  7.02s/it]Best trial: 37. Best value: 2.48396:  38%|███▊      | 38/100 [04:43<07:15,  7.02s/it]Best trial: 37. Best value: 2.48396:  39%|███▉      | 39/100 [04:43<07:21,  7.23s/it]                                                                                     Best trial: 37. Best value: 2.48396:  39%|███▉      | 39/100 [04:52<07:21,  7.23s/it]Best trial: 37. Best value: 2.48396:  39%|███▉      | 39/100 [04:52<07:21,  7.23s/it]Best trial: 37. Best value: 2.48396:  40%|████      | 40/100 [04:52<07:31,  7.52s/it]                                                                                     Best trial: 37. Best value: 2.48396:  40%|████      | 40/100 [04:59<07:31,  7.52s/it]Best trial: 37. Best value: 2.48396:  40%|████      | 40/100 [04:59<07:31,  7.52s/it]Best trial: 37. Best value: 2.48396:  41%|████      | 41/100 [04:59<07:29,  7.61s/it]                                                                                     Best trial: 37. Best value: 2.48396:  41%|████      | 41/100 [05:05<07:29,  7.61s/it]Best trial: 37. Best value: 2.48396:  41%|████      | 41/100 [05:05<07:29,  7.61s/it]Best trial: 37. Best value: 2.48396:  42%|████▏     | 42/100 [05:05<06:45,  7.00s/it]                                                                                     Best trial: 37. Best value: 2.48396:  42%|████▏     | 42/100 [05:13<06:45,  7.00s/it]Best trial: 37. Best value: 2.48396:  42%|████▏     | 42/100 [05:13<06:45,  7.00s/it]Best trial: 37. Best value: 2.48396:  43%|████▎     | 43/100 [05:13<06:53,  7.25s/it]                                                                                     Best trial: 37. Best value: 2.48396:  43%|████▎     | 43/100 [05:21<06:53,  7.25s/it]Best trial: 37. Best value: 2.48396:  43%|████▎     | 43/100 [05:21<06:53,  7.25s/it]Best trial: 37. Best value: 2.48396:  44%|████▍     | 44/100 [05:21<06:55,  7.42s/it]                                                                                     Best trial: 37. Best value: 2.48396:  44%|████▍     | 44/100 [05:29<06:55,  7.42s/it]Best trial: 37. Best value: 2.48396:  44%|████▍     | 44/100 [05:30<06:55,  7.42s/it]Best trial: 37. Best value: 2.48396:  45%|████▌     | 45/100 [05:30<07:10,  7.83s/it]                                                                                     Best trial: 37. Best value: 2.48396:  45%|████▌     | 45/100 [05:36<07:10,  7.83s/it]Best trial: 37. Best value: 2.48396:  45%|████▌     | 45/100 [05:36<07:10,  7.83s/it]Best trial: 37. Best value: 2.48396:  46%|████▌     | 46/100 [05:36<06:38,  7.37s/it]                                                                                     Best trial: 37. Best value: 2.48396:  46%|████▌     | 46/100 [05:43<06:38,  7.37s/it]Best trial: 46. Best value: 2.37237:  46%|████▌     | 46/100 [05:43<06:38,  7.37s/it]Best trial: 46. Best value: 2.37237:  47%|████▋     | 47/100 [05:43<06:27,  7.31s/it]                                                                                     Best trial: 46. Best value: 2.37237:  47%|████▋     | 47/100 [05:50<06:27,  7.31s/it]Best trial: 46. Best value: 2.37237:  47%|████▋     | 47/100 [05:50<06:27,  7.31s/it]Best trial: 46. Best value: 2.37237:  48%|████▊     | 48/100 [05:50<06:17,  7.26s/it]                                                                                     
[I 2026-05-05 18:20:51,053] Trial 37 finished with value: 2.483956566143098 and parameters: {'rho_scale': 0.5419126478581263, 'f_n': 1.094687432618638e-06, 'K_d': 390553.0519702038, 'fission_rate': 6.490376506716484e+19, 'Dg_D1_scale': 0.1778660299146792, 'Dg_D3_scale': 0.2458855924927836, 'Dv_D1_scale': 0.41192093167124283, 'Dv_D2_scale': 0.38078328182315113, 'b_bulk_scale': 0.23701409058111977, 'b_dislocation_scale': 0.16631560458636635, 'gb_scale': 0.28381021377243904, 'gd_bubble_scale': 0.15575531122838823, 'gd_line_scale': 1.9235359415234285, 'gd_line_alpha': 0.8886901578193975, 'coalescence_d_scale': 1.0535169374589062, 'capture_scale': 0.18644967783841906}. Best is trial 37 with value: 2.483956566143098.
[I 2026-05-05 18:20:58,787] Trial 38 finished with value: 2.541504007297224 and parameters: {'rho_scale': 0.5312062421831347, 'f_n': 1.4372806597296522e-06, 'K_d': 380204.4406499492, 'fission_rate': 6.480094612879705e+19, 'Dg_D1_scale': 0.16498136284074527, 'Dg_D3_scale': 0.5866188220235402, 'Dv_D1_scale': 0.4054309000797505, 'Dv_D2_scale': 0.26193895839232356, 'b_bulk_scale': 0.23867577128948453, 'b_dislocation_scale': 0.16019060898185364, 'gb_scale': 0.2673354629847089, 'gd_bubble_scale': 0.13848040835835382, 'gd_line_scale': 2.126730733899725, 'gd_line_alpha': 0.8412746824038821, 'coalescence_d_scale': 0.8490680104743934, 'capture_scale': 0.16868749914235404}. Best is trial 37 with value: 2.483956566143098.
[I 2026-05-05 18:21:06,976] Trial 39 finished with value: 3.1105277824019777 and parameters: {'rho_scale': 0.5336431062834944, 'f_n': 1.4882427007282174e-06, 'K_d': 393084.416174705, 'fission_rate': 6.417228455010023e+19, 'Dg_D1_scale': 0.15555422061927163, 'Dg_D3_scale': 0.6264873563747755, 'Dv_D1_scale': 0.5765726461777586, 'Dv_D2_scale': 0.26980377021405755, 'b_bulk_scale': 0.27721338484890795, 'b_dislocation_scale': 0.17092051585201906, 'gb_scale': 0.6223510226334464, 'gd_bubble_scale': 0.13361508348377216, 'gd_line_scale': 1.6741612253225766, 'gd_line_alpha': 0.8217992346447467, 'coalescence_d_scale': 0.8749406844487345, 'capture_scale': 0.22267690930130438}. Best is trial 37 with value: 2.483956566143098.
[I 2026-05-05 18:21:14,803] Trial 40 finished with value: 3.153803405679757 and parameters: {'rho_scale': 0.5798997711922265, 'f_n': 5.537567784222534e-07, 'K_d': 429551.5561904298, 'fission_rate': 6.57196931093652e+19, 'Dg_D1_scale': 0.17192843574493935, 'Dg_D3_scale': 0.5195263885878825, 'Dv_D1_scale': 0.7491233744916792, 'Dv_D2_scale': 0.2418622355668843, 'b_bulk_scale': 0.17890290109248372, 'b_dislocation_scale': 0.10247410246224624, 'gb_scale': 0.2988710850079106, 'gd_bubble_scale': 0.08278425738466723, 'gd_line_scale': 2.6173889455714106, 'gd_line_alpha': 0.8578183369243473, 'coalescence_d_scale': 1.078503446513409, 'capture_scale': 0.1747542356608804}. Best is trial 37 with value: 2.483956566143098.
[I 2026-05-05 18:21:20,355] Trial 41 finished with value: 3.8894837434734866 and parameters: {'rho_scale': 0.5037883362002197, 'f_n': 1.421941128294656e-06, 'K_d': 364849.8171392622, 'fission_rate': 6.81055417883697e+19, 'Dg_D1_scale': 0.24417264181253104, 'Dg_D3_scale': 0.24583438632575522, 'Dv_D1_scale': 0.42430454241148224, 'Dv_D2_scale': 0.34743924068965437, 'b_bulk_scale': 0.22917393138871864, 'b_dislocation_scale': 0.12111340766196187, 'gb_scale': 0.27252342602797314, 'gd_bubble_scale': 0.18594814934386064, 'gd_line_scale': 1.7905275287444051, 'gd_line_alpha': 0.9422178812011687, 'coalescence_d_scale': 4.781139720919933, 'capture_scale': 0.1265209374970413}. Best is trial 37 with value: 2.483956566143098.
[I 2026-05-05 18:21:28,208] Trial 42 finished with value: 2.5996575281525542 and parameters: {'rho_scale': 0.5459041618125271, 'f_n': 3.1823121754319617e-07, 'K_d': 383849.6818212201, 'fission_rate': 6.609264140958091e+19, 'Dg_D1_scale': 0.20410078165498166, 'Dg_D3_scale': 0.1883256465400774, 'Dv_D1_scale': 0.5504496634763784, 'Dv_D2_scale': 0.294298853781538, 'b_bulk_scale': 0.1530969958363025, 'b_dislocation_scale': 0.17894843674332062, 'gb_scale': 0.5993334312208288, 'gd_bubble_scale': 0.053729431964739505, 'gd_line_scale': 2.104028766666459, 'gd_line_alpha': 0.9305987210322031, 'coalescence_d_scale': 0.8142143983773492, 'capture_scale': 0.4265909054261396}. Best is trial 37 with value: 2.483956566143098.
[I 2026-05-05 18:21:36,037] Trial 43 finished with value: 2.9952424022290502 and parameters: {'rho_scale': 0.5424768829924584, 'f_n': 3.328146764148484e-07, 'K_d': 381172.9207141842, 'fission_rate': 6.683194217670693e+19, 'Dg_D1_scale': 0.1998516383177252, 'Dg_D3_scale': 0.18797331600391085, 'Dv_D1_scale': 0.5653564260962108, 'Dv_D2_scale': 0.2977726207794049, 'b_bulk_scale': 0.47306047798011935, 'b_dislocation_scale': 0.18330140869849643, 'gb_scale': 0.5601983421325731, 'gd_bubble_scale': 0.05478548392857724, 'gd_line_scale': 4.550594231334618, 'gd_line_alpha': 0.9392391893728314, 'coalescence_d_scale': 0.7717913755834139, 'capture_scale': 0.4229534359623524}. Best is trial 37 with value: 2.483956566143098.
[I 2026-05-05 18:21:44,809] Trial 44 finished with value: 3.208253786036732 and parameters: {'rho_scale': 0.5856519598038201, 'f_n': 9.96403262967212e-07, 'K_d': 385002.68623912154, 'fission_rate': 5.890038049834647e+19, 'Dg_D1_scale': 0.26848511367747924, 'Dg_D3_scale': 0.40971455964049036, 'Dv_D1_scale': 0.6542852688656112, 'Dv_D2_scale': 0.4726827042763415, 'b_bulk_scale': 0.16435590419831225, 'b_dislocation_scale': 0.07900012678888929, 'gb_scale': 0.3534947217260891, 'gd_bubble_scale': 0.347948549696615, 'gd_line_scale': 2.1057732219202245, 'gd_line_alpha': 0.8510709307814643, 'coalescence_d_scale': 0.4468774314621343, 'capture_scale': 0.25893272159471803}. Best is trial 37 with value: 2.483956566143098.
[I 2026-05-05 18:21:51,121] Trial 45 finished with value: 3.4959012011449233 and parameters: {'rho_scale': 0.722663290991746, 'f_n': 5.336284669291421e-07, 'K_d': 425793.2171786914, 'fission_rate': 6.480683361345153e+19, 'Dg_D1_scale': 0.19725563122068548, 'Dg_D3_scale': 0.3417962405889986, 'Dv_D1_scale': 1.0381849971794634, 'Dv_D2_scale': 0.23544957886465828, 'b_bulk_scale': 0.769461296138304, 'b_dislocation_scale': 0.24972262699062886, 'gb_scale': 0.7678898367112766, 'gd_bubble_scale': 0.14564184644493908, 'gd_line_scale': 1.184691086933879, 'gd_line_alpha': 0.8051720035274663, 'coalescence_d_scale': 2.348488321802724, 'capture_scale': 1.6118033023541454}. Best is trial 37 with value: 2.483956566143098.
[I 2026-05-05 18:21:58,291] Trial 46 finished with value: 2.372373914341139 and parameters: {'rho_scale': 0.5305571980708933, 'f_n': 1.517411440402798e-06, 'K_d': 472738.34159159666, 'fission_rate': 7.390967680866643e+19, 'Dg_D1_scale': 0.2819023664329876, 'Dg_D3_scale': 0.25207326107403344, 'Dv_D1_scale': 0.41486860170308726, 'Dv_D2_scale': 0.28379933663283297, 'b_bulk_scale': 0.31117009030933757, 'b_dislocation_scale': 0.16729015288453222, 'gb_scale': 0.4764147325091399, 'gd_bubble_scale': 0.09563122774609287, 'gd_line_scale': 2.7865890369904784, 'gd_line_alpha': 0.9450863208235611, 'coalescence_d_scale': 1.087587841225536, 'capture_scale': 0.16161096340592448}. Best is trial 46 with value: 2.372373914341139.
[I 2026-05-05 18:22:05,436] Trial 47 finished with value: 2.543610133064521 and parameters: {'rho_scale': 0.5193831905586762, 'f_n': 1.6183737812991724e-06, 'K_d': 475975.5205395607, 'fission_rate': 7.674109647193922e+19, 'Dg_D1_scale': 0.31544830287879005, 'Dg_D3_scale': 0.968938892330093, 'Dv_D1_scale': 0.4269417309399932, 'Dv_D2_scale': 0.2651025062248482, 'b_bulk_scale': 0.3353254262006152, 'b_dislocation_scale': 0.14580606327606865, 'gb_scale': 0.4762185096920593, 'gd_bubble_scale': 0.10333359975395735, 'gd_line_scale': 2.988792596458273, 'gd_line_alpha': 0.8515184005207024, 'coalescence_d_scale': 1.2788035597799516, 'capture_scale': 0.143354719287517}. Best is trial 46 with value: 2.372373914341139.
[I 2026-05-05 18:22:12,179] Trial 48 finished with value: 4.37281430346393 and parameters: {'rho_scale': 0.5194831668489279, 'f_n': 2.016112851734119e-06, 'K_d': 480584.3128007769, 'fission_rate': 7.70634058457621e+19, 'Dg_D1_scale': 0.2914477326428607, 'Dg_D3_scale': 0.8599435606525004, 'Dv_D1_scale': 1.3283756465721528, 'Dv_D2_scale': 0.3441984512238142, 'b_bulk_scale': 0.40286445737726145, 'b_dislocation_scale': 0.4580942397890423, 'gb_scale': 0.4524835182241969, 'gd_bubble_scale': 0.09763892984136081, 'gd_line_scale': 4.207739559076254, 'gd_line_alpha': 0.674996522509965, 'coalescence_d_scale': 3.922468606483455, 'capture_scale': 0.15962172801612784}. Best is trial 46 with value: 2.372373914341139.Best trial: 46. Best value: 2.37237:  48%|████▊     | 48/100 [05:57<06:17,  7.26s/it]Best trial: 46. Best value: 2.37237:  48%|████▊     | 48/100 [05:57<06:17,  7.26s/it]Best trial: 46. Best value: 2.37237:  49%|████▉     | 49/100 [05:57<06:02,  7.11s/it]                                                                                     Best trial: 46. Best value: 2.37237:  49%|████▉     | 49/100 [06:02<06:02,  7.11s/it]Best trial: 46. Best value: 2.37237:  49%|████▉     | 49/100 [06:02<06:02,  7.11s/it]Best trial: 46. Best value: 2.37237:  50%|█████     | 50/100 [06:02<05:28,  6.57s/it]                                                                                     Best trial: 46. Best value: 2.37237:  50%|█████     | 50/100 [06:09<05:28,  6.57s/it]Best trial: 46. Best value: 2.37237:  50%|█████     | 50/100 [06:09<05:28,  6.57s/it]Best trial: 46. Best value: 2.37237:  51%|█████     | 51/100 [06:09<05:29,  6.73s/it]                                                                                     Best trial: 46. Best value: 2.37237:  51%|█████     | 51/100 [06:17<05:29,  6.73s/it]Best trial: 46. Best value: 2.37237:  51%|█████     | 51/100 [06:17<05:29,  6.73s/it]Best trial: 46. Best value: 2.37237:  52%|█████▏    | 52/100 [06:17<05:33,  6.94s/it]                                                                                     Best trial: 46. Best value: 2.37237:  52%|█████▏    | 52/100 [06:24<05:33,  6.94s/it]Best trial: 46. Best value: 2.37237:  52%|█████▏    | 52/100 [06:24<05:33,  6.94s/it]Best trial: 46. Best value: 2.37237:  53%|█████▎    | 53/100 [06:24<05:30,  7.03s/it]                                                                                     Best trial: 46. Best value: 2.37237:  53%|█████▎    | 53/100 [06:31<05:30,  7.03s/it]Best trial: 46. Best value: 2.37237:  53%|█████▎    | 53/100 [06:31<05:30,  7.03s/it]Best trial: 46. Best value: 2.37237:  54%|█████▍    | 54/100 [06:31<05:22,  7.02s/it]                                                                                     Best trial: 46. Best value: 2.37237:  54%|█████▍    | 54/100 [06:36<05:22,  7.02s/it]Best trial: 46. Best value: 2.37237:  54%|█████▍    | 54/100 [06:36<05:22,  7.02s/it]Best trial: 46. Best value: 2.37237:  55%|█████▌    | 55/100 [06:36<04:48,  6.41s/it]                                                                                     Best trial: 46. Best value: 2.37237:  55%|█████▌    | 55/100 [06:44<04:48,  6.41s/it]Best trial: 46. Best value: 2.37237:  55%|█████▌    | 55/100 [06:44<04:48,  6.41s/it]Best trial: 46. Best value: 2.37237:  56%|█████▌    | 56/100 [06:44<04:59,  6.80s/it]                                                                                     Best trial: 46. Best value: 2.37237:  56%|█████▌    | 56/100 [06:50<04:59,  6.80s/it]Best trial: 46. Best value: 2.37237:  56%|█████▌    | 56/100 [06:50<04:59,  6.80s/it]Best trial: 46. Best value: 2.37237:  57%|█████▋    | 57/100 [06:50<04:51,  6.77s/it]                                                                                     Best trial: 46. Best value: 2.37237:  57%|█████▋    | 57/100 [07:00<04:51,  6.77s/it]Best trial: 46. Best value: 2.37237:  57%|█████▋    | 57/100 [07:00<04:51,  6.77s/it]Best trial: 46. Best value: 2.37237:  58%|█████▊    | 58/100 [07:00<05:16,  7.53s/it]                                                                                     Best trial: 46. Best value: 2.37237:  58%|█████▊    | 58/100 [07:05<05:16,  7.53s/it]Best trial: 46. Best value: 2.37237:  58%|█████▊    | 58/100 [07:05<05:16,  7.53s/it]Best trial: 46. Best value: 2.37237:  59%|█████▉    | 59/100 [07:05<04:40,  6.83s/it]                                                                                     Best trial: 46. Best value: 2.37237:  59%|█████▉    | 59/100 [07:13<04:40,  6.83s/it]Best trial: 46. Best value: 2.37237:  59%|█████▉    | 59/100 [07:14<04:40,  6.83s/it]Best trial: 46. Best value: 2.37237:  60%|██████    | 60/100 [07:14<04:55,  7.38s/it]                                                                                     
[I 2026-05-05 18:22:17,496] Trial 49 finished with value: 3.2944902141738344 and parameters: {'rho_scale': 0.5995858743095234, 'f_n': 8.000513015778666e-07, 'K_d': 592415.9191113323, 'fission_rate': 7.396930357193084e+19, 'Dg_D1_scale': 0.2991778555401921, 'Dg_D3_scale': 0.6638829579931166, 'Dv_D1_scale': 0.32416037410903686, 'Dv_D2_scale': 0.2773886654084617, 'b_bulk_scale': 0.6492118214705924, 'b_dislocation_scale': 0.1182280211213192, 'gb_scale': 1.0574969434377872, 'gd_bubble_scale': 0.07231091821683522, 'gd_line_scale': 0.8167426823445291, 'gd_line_alpha': 0.858259077549865, 'coalescence_d_scale': 1.2900029181873054, 'capture_scale': 0.016796302788336662}. Best is trial 46 with value: 2.372373914341139.
[I 2026-05-05 18:22:24,589] Trial 50 finished with value: 2.9794092716151663 and parameters: {'rho_scale': 1.5350968899586417, 'f_n': 2.7788694914429793e-06, 'K_d': 535703.71263951, 'fission_rate': 7.712035879196811e+19, 'Dg_D1_scale': 0.4362244597586507, 'Dg_D3_scale': 1.0811394982462421, 'Dv_D1_scale': 0.40822794245417765, 'Dv_D2_scale': 0.22804132639534488, 'b_bulk_scale': 1.2114113161303846, 'b_dislocation_scale': 0.1590111181434627, 'gb_scale': 0.8145928768404527, 'gd_bubble_scale': 0.1724729636806884, 'gd_line_scale': 3.1168510006485515, 'gd_line_alpha': 0.7832517800590643, 'coalescence_d_scale': 3.118247204976314, 'capture_scale': 0.06212440865054484}. Best is trial 46 with value: 2.372373914341139.
[I 2026-05-05 18:22:32,024] Trial 51 finished with value: 2.4774901465446493 and parameters: {'rho_scale': 0.5027697344198332, 'f_n': 1.4882367435291095e-06, 'K_d': 481665.4529525382, 'fission_rate': 7.313203045014457e+19, 'Dg_D1_scale': 0.17558715116213752, 'Dg_D3_scale': 0.24414732452187543, 'Dv_D1_scale': 0.4041782871712496, 'Dv_D2_scale': 0.2496312352259589, 'b_bulk_scale': 0.21369949125967105, 'b_dislocation_scale': 0.09085153067433553, 'gb_scale': 0.3543699606763592, 'gd_bubble_scale': 0.26520353372192756, 'gd_line_scale': 2.725630045998524, 'gd_line_alpha': 0.9613578606443436, 'coalescence_d_scale': 1.2160943987135449, 'capture_scale': 0.13850575451196878}. Best is trial 46 with value: 2.372373914341139.
[I 2026-05-05 18:22:39,275] Trial 52 finished with value: 2.6054115703453546 and parameters: {'rho_scale': 0.5064910105297616, 'f_n': 1.6789068434375146e-06, 'K_d': 483171.4491769209, 'fission_rate': 7.308461069162116e+19, 'Dg_D1_scale': 0.21853259953435533, 'Dg_D3_scale': 0.5589366483996736, 'Dv_D1_scale': 0.3929403824535716, 'Dv_D2_scale': 0.307799187651243, 'b_bulk_scale': 0.21763887858797545, 'b_dislocation_scale': 0.2675905489059473, 'gb_scale': 0.3665444377843508, 'gd_bubble_scale': 0.11283915817994138, 'gd_line_scale': 6.427984976984105, 'gd_line_alpha': 0.9637198741628468, 'coalescence_d_scale': 1.9028722121669415, 'capture_scale': 0.1782052950432712}. Best is trial 46 with value: 2.372373914341139.
[I 2026-05-05 18:22:46,248] Trial 53 finished with value: 3.169475141907807 and parameters: {'rho_scale': 0.5614251868916583, 'f_n': 9.491769869065323e-07, 'K_d': 508949.11990041024, 'fission_rate': 7.58946786368682e+19, 'Dg_D1_scale': 0.17007803945648703, 'Dg_D3_scale': 0.9639468051154694, 'Dv_D1_scale': 0.3297905068037839, 'Dv_D2_scale': 0.5700909962518905, 'b_bulk_scale': 0.3275019205780247, 'b_dislocation_scale': 0.20003126650217956, 'gb_scale': 0.5007164451021828, 'gd_bubble_scale': 0.25304079368972304, 'gd_line_scale': 1.4562924812289597, 'gd_line_alpha': 0.8335607421145026, 'coalescence_d_scale': 0.922306835751671, 'capture_scale': 0.1444632869388278}. Best is trial 46 with value: 2.372373914341139.
[I 2026-05-05 18:22:51,254] Trial 54 finished with value: 2.876005225157552 and parameters: {'rho_scale': 0.527637541886605, 'f_n': 4.4473302834704683e-07, 'K_d': 569904.8551023675, 'fission_rate': 7.318010615711377e+19, 'Dg_D1_scale': 0.17460735969075564, 'Dg_D3_scale': 0.7612717198186626, 'Dv_D1_scale': 0.7233566836500384, 'Dv_D2_scale': 0.3593331948540268, 'b_bulk_scale': 0.27045418326146686, 'b_dislocation_scale': 0.10604626230960087, 'gb_scale': 1.793335695984704, 'gd_bubble_scale': 0.15598445407419012, 'gd_line_scale': 5.047876467777518, 'gd_line_alpha': 0.8736825343400831, 'coalescence_d_scale': 1.3198356907815558, 'capture_scale': 0.3366587456579905}. Best is trial 46 with value: 2.372373914341139.
