[I 2026-05-05 18:27:52,656] Trial 96 finished with value: 2.4819434739294284 and parameters: {'rho_scale': 0.5455587026984069, 'f_n': 2.3694345293172112e-06, 'K_d': 352083.0731598478, 'fission_rate': 7.467828904301265e+19, 'Dg_D1_scale': 0.2791623006214457, 'Dg_D3_scale': 0.6662273341140991, 'Dv_D1_scale': 0.3697163786109549, 'Dv_D2_scale': 1.2650699404233328, 'b_bulk_scale': 0.03705720748708435, 'b_dislocation_scale': 0.07850949764321762, 'gb_scale': 0.22798805963854482, 'gd_bubble_scale': 0.5313485080880926, 'gd_line_scale': 1.392510033180621, 'gd_line_alpha': 0.8190121655736978, 'coalescence_d_scale': 1.642883631210437, 'capture_scale': 1.3481023572974724}. Best is trial 66 with value: 2.3134754842677396.Best trial: 66. Best value: 2.31348:  96%|█████████▌| 96/100 [11:37<00:26,  6.63s/it]Best trial: 66. Best value: 2.31348:  96%|█████████▌| 96/100 [11:37<00:26,  6.63s/it]Best trial: 66. Best value: 2.31348:  97%|█████████▋| 97/100 [11:37<00:18,  6.31s/it]                                                                                     Best trial: 66. Best value: 2.31348:  97%|█████████▋| 97/100 [11:45<00:18,  6.31s/it]Best trial: 66. Best value: 2.31348:  97%|█████████▋| 97/100 [11:45<00:18,  6.31s/it]Best trial: 66. Best value: 2.31348:  98%|█████████▊| 98/100 [11:45<00:13,  6.68s/it]                                                                                     Best trial: 66. Best value: 2.31348:  98%|█████████▊| 98/100 [11:52<00:13,  6.68s/it]Best trial: 66. Best value: 2.31348:  98%|█████████▊| 98/100 [11:52<00:13,  6.68s/it]Best trial: 66. Best value: 2.31348:  99%|█████████▉| 99/100 [11:52<00:06,  6.73s/it]                                                                                     Best trial: 66. Best value: 2.31348:  99%|█████████▉| 99/100 [11:59<00:06,  6.73s/it]Best trial: 66. Best value: 2.31348:  99%|█████████▉| 99/100 [11:59<00:06,  6.73s/it]Best trial: 66. Best value: 2.31348: 100%|██████████| 100/100 [11:59<00:00,  6.84s/it]Best trial: 66. Best value: 2.31348: 100%|██████████| 100/100 [11:59<00:00,  7.19s/it]

[I 2026-05-05 18:28:00,208] Trial 97 finished with value: 2.543967938368281 and parameters: {'rho_scale': 0.5515923008216423, 'f_n': 2.297776656982593e-06, 'K_d': 364344.25782426365, 'fission_rate': 7.659055546356507e+19, 'Dg_D1_scale': 0.25492648040363164, 'Dg_D3_scale': 0.29724584936297777, 'Dv_D1_scale': 0.3872588520277856, 'Dv_D2_scale': 1.3697775448505263, 'b_bulk_scale': 0.07208280333463639, 'b_dislocation_scale': 0.07695617195425238, 'gb_scale': 0.2199982537286431, 'gd_bubble_scale': 0.39634704788952874, 'gd_line_scale': 2.5770335578474426, 'gd_line_alpha': 0.7968823647843064, 'coalescence_d_scale': 1.5942390827359907, 'capture_scale': 0.9581054364558592}. Best is trial 66 with value: 2.3134754842677396.
[I 2026-05-05 18:28:07,053] Trial 98 finished with value: 2.4964483257775747 and parameters: {'rho_scale': 0.513488725220111, 'f_n': 1.6530871183074e-06, 'K_d': 339641.56902684196, 'fission_rate': 7.753203637806164e+19, 'Dg_D1_scale': 0.370244947472015, 'Dg_D3_scale': 0.22262606669940485, 'Dv_D1_scale': 0.3188432685668957, 'Dv_D2_scale': 1.3320114196973676, 'b_bulk_scale': 0.05574150084012929, 'b_dislocation_scale': 0.08957803825110583, 'gb_scale': 0.18434630208593628, 'gd_bubble_scale': 0.8998869185997158, 'gd_line_scale': 1.8903950682319433, 'gd_line_alpha': 0.6619261141621537, 'coalescence_d_scale': 1.9178131759622532, 'capture_scale': 1.3095859258518}. Best is trial 66 with value: 2.3134754842677396.
