[I 2026-05-05 18:18:23,007] Trial 16 finished with value: 4.735470726352461 and parameters: {'rho_scale': 0.7831004236341752, 'f_n': 1.4125670048074067e-09, 'K_d': 300132.21191498876, 'fission_rate': 6.200162999566119e+19, 'Dg_D1_scale': 0.5958834288132852, 'Dg_D3_scale': 2.0238511268511297, 'Dv_D1_scale': 0.3773936045775045, 'Dv_D2_scale': 2.600147284198719, 'b_bulk_scale': 0.08140286825426904, 'b_dislocation_scale': 0.7536960107775816, 'gb_scale': 3.5506070564330194, 'gd_bubble_scale': 1.4392989647579972, 'gd_line_scale': 0.5381583624589737, 'gd_line_alpha': 0.37146758140371194, 'coalescence_d_scale': 0.3077210279375837, 'capture_scale': 0.8095985899269583}. Best is trial 11 with value: 3.3472277195607565.
[I 2026-05-05 18:18:30,585] Trial 17 finished with value: 4.136739828174236 and parameters: {'rho_scale': 0.853324569213683, 'f_n': 1.3598797041863792e-09, 'K_d': 410966.3354785798, 'fission_rate': 5.3133211033189474e+19, 'Dg_D1_scale': 1.1173014223840072, 'Dg_D3_scale': 3.788391827342135, 'Dv_D1_scale': 0.36477019241962355, 'Dv_D2_scale': 2.4007395199419586, 'b_bulk_scale': 0.09051026666652257, 'b_dislocation_scale': 0.9221041048681401, 'gb_scale': 4.074732181167968, 'gd_bubble_scale': 0.24273463692682337, 'gd_line_scale': 1.5228978010706222, 'gd_line_alpha': 0.35009076067496014, 'coalescence_d_scale': 0.3331824594821174, 'capture_scale': 0.5510386448772687}. Best is trial 11 with value: 3.3472277195607565.
[I 2026-05-05 18:18:39,024] Trial 18 finished with value: 4.129128949092591 and parameters: {'rho_scale': 0.6932516980544748, 'f_n': 3.957787679086995e-10, 'K_d': 410966.6962981839, 'fission_rate': 6.090274757813959e+19, 'Dg_D1_scale': 2.4256946911127346, 'Dg_D3_scale': 0.694529292666178, 'Dv_D1_scale': 0.2892283527573839, 'Dv_D2_scale': 3.967099224635862, 'b_bulk_scale': 0.3554830064961495, 'b_dislocation_scale': 1.2963020586505793, 'gb_scale': 2.787999748832832, 'gd_bubble_scale': 0.9772887130618598, 'gd_line_scale': 3.5455612053142236, 'gd_line_alpha': 0.6905392920673017, 'coalescence_d_scale': 0.5316138543050233, 'capture_scale': 5.6164580545716225}. Best is trial 11 with value: 3.3472277195607565.
[I 2026-05-05 18:18:46,242] Trial 19 finished with value: 3.6019766867149317 and parameters: {'rho_scale': 0.6240636218927395, 'f_n': 4.0021688203967015e-09, 'K_d': 419683.24747822725, 'fission_rate': 7.172128896706723e+19, 'Dg_D1_scale': 3.9666018039641444, 'Dg_D3_scale': 1.8496191321350157, 'Dv_D1_scale': 0.45069489825558445, 'Dv_D2_scale': 0.6610652915476021, 'b_bulk_scale': 0.04642872127875062, 'b_dislocation_scale': 0.41564855764676356, 'gb_scale': 0.1553536302873261, 'gd_bubble_scale': 3.3733127769105336, 'gd_line_scale': 8.911382321891185, 'gd_line_alpha': 0.3556672473803887, 'coalescence_d_scale': 0.18285490446550087, 'capture_scale': 0.4647567884611744}. Best is trial 11 with value: 3.3472277195607565.
[I 2026-05-05 18:18:51,320] Trial 20 finished with value: 3.4049738477383187 and parameters: {'rho_scale': 0.6181878113359558, 'f_n': 5.1764400267553744e-09, 'K_d': 312256.8458566295, 'fission_rate': 7.989864843574721e+19, 'Dg_D1_scale': 3.630406921802865, 'Dg_D3_scale': 0.315033433587698, 'Dv_D1_scale': 0.4739380084868344, 'Dv_D2_scale': 0.6807474782219929, 'b_bulk_scale': 0.04565092926951276, 'b_dislocation_scale': 0.3251228293482183, 'gb_scale': 0.1638212406391242, 'gd_bubble_scale': 4.9016392559852395, 'gd_line_scale': 9.066476678886463, 'gd_line_alpha': 0.9503221227840546, 'coalescence_d_scale': 0.19840415532435243, 'capture_scale': 0.3132612098834254}. Best is trial 11 with value: 3.3472277195607565.
[I 2026-05-05 18:18:58,320] Trial 21 finished with value: 3.474571463549938 and parameters: {'rho_scale': 0.6134785690835858, 'f_n': 4.836733653321603e-09, 'K_d': 304124.0875171755, 'fission_rate': 7.95374204969228e+19, 'Dg_D1_scale': 3.769073884778004, 'Dg_D3_scale': 0.2877903605341965, 'Dv_D1_scale': 0.4904016711220731, 'Dv_D2_scale': 0.6708320058139163, 'b_bulk_scale': 0.04255868665636063, 'b_dislocation_scale': 0.29852917360834935, 'gb_scale': 0.2007772320363019, 'gd_bubble_scale': 5.124355754176533, 'gd_line_scale': 6.5003380057587625, 'gd_line_alpha': 0.9988577536321138, 'coalescence_d_scale': 0.16255645277077127, 'capture_scale': 0.2989015232446021}. Best is trial 11 with value: 3.3472277195607565.
[I 2026-05-05 18:19:04,883] Trial 22 finished with value: 3.704775980002408 and parameters: {'rho_scale': 0.5047187092208669, 'f_n': 4.430863896855969e-09, 'K_d': 302811.90898753155, 'fission_rate': 7.987293509240191e+19, 'Dg_D1_scale': 2.469482027167371, 'Dg_D3_scale': 0.2857219352743733, 'Dv_D1_scale': 0.8034195438301893, 'Dv_D2_scale': 0.7208896599624701, 'b_bulk_scale': 0.031227196032490138, 'b_dislocation_scale': 0.21806915349835543, 'gb_scale': 0.18833562503832116, 'gd_bubble_scale': 5.359617361739885, 'gd_line_scale': 8.523929506231376, 'gd_line_alpha': 0.9909256426236865, 'coalescence_d_scale': 0.1942830153291774, 'capture_scale': 0.2046131825821997}. Best is trial 11 with value: 3.3472277195607565.
[I 2026-05-05 18:19:11,339] Trial 23 finished with value: 3.4873264097386842 and parameters: {'rho_scale': 0.5835164998854041, 'f_n': 5.273544387190256e-08, 'K_d': 339858.94469047576, 'fission_rate': 7.950506885351395e+19, 'Dg_D1_scale': 3.947750210170582, 'Dg_D3_scale': 0.2764712282773779, 'Dv_D1_scale': 0.4676331644742581, 'Dv_D2_scale': 0.8349935212196169, 'b_bulk_scale': 0.10520152480949155, 'b_dislocation_scale': 0.32003967373553255, 'gb_scale': 0.15923093734964702, 'gd_bubble_scale': 5.275685568923299, 'gd_line_scale': 4.662316621414887, 'gd_line_alpha': 0.9900671365569859, 'coalescence_d_scale': 0.18829146693778617, 'capture_scale': 1.3503312619033212}. Best is trial 11 with value: 3.3472277195607565.
[I 2026-05-05 18:19:16,441] Trial 24 finished with value: 2.7718215342577897 and parameters: {'rho_scale': 0.641851167773607, 'f_n': 2.9521475530786595e-08, 'K_d': 321949.32615027326, 'fission_rate': 7.110037992346656e+19, 'Dg_D1_scale': 2.014544237964186, 'Dg_D3_scale': 0.1573229866232841, 'Dv_D1_scale': 0.2592672156538978, 'Dv_D2_scale': 0.4084140343227092, 'b_bulk_scale': 0.05005488602154456, 'b_dislocation_scale': 0.055335881407899676, 'gb_scale': 0.0939213180523354, 'gd_bubble_scale': 5.488242322590231, 'gd_line_scale': 9.108184243162343, 'gd_line_alpha': 0.8963623461725055, 'coalescence_d_scale': 0.5792787632117262, 'capture_scale': 0.07799934103070698}. Best is trial 24 with value: 2.7718215342577897.Best trial: 11. Best value: 3.34723:  24%|██▍       | 24/100 [03:01<08:26,  6.66s/it]Best trial: 24. Best value: 2.77182:  24%|██▍       | 24/100 [03:01<08:26,  6.66s/it]Best trial: 24. Best value: 2.77182:  25%|██▌       | 25/100 [03:01<07:44,  6.20s/it]                                                                                     Best trial: 24. Best value: 2.77182:  25%|██▌       | 25/100 [03:09<07:44,  6.20s/it]Best trial: 24. Best value: 2.77182:  25%|██▌       | 25/100 [03:09<07:44,  6.20s/it]Best trial: 24. Best value: 2.77182:  26%|██▌       | 26/100 [03:09<08:15,  6.70s/it]                                                                                     Best trial: 24. Best value: 2.77182:  26%|██▌       | 26/100 [03:16<08:15,  6.70s/it]Best trial: 24. Best value: 2.77182:  26%|██▌       | 26/100 [03:16<08:15,  6.70s/it]Best trial: 24. Best value: 2.77182:  27%|██▋       | 27/100 [03:16<08:23,  6.89s/it]                                                                                     Best trial: 24. Best value: 2.77182:  27%|██▋       | 27/100 [03:24<08:23,  6.89s/it]Best trial: 24. Best value: 2.77182:  27%|██▋       | 27/100 [03:24<08:23,  6.89s/it]Best trial: 24. Best value: 2.77182:  28%|██▊       | 28/100 [03:24<08:27,  7.05s/it]                                                                                     Best trial: 24. Best value: 2.77182:  28%|██▊       | 28/100 [03:31<08:27,  7.05s/it]Best trial: 28. Best value: 2.62333:  28%|██▊       | 28/100 [03:31<08:27,  7.05s/it]Best trial: 28. Best value: 2.62333:  29%|██▉       | 29/100 [03:31<08:35,  7.26s/it]                                                                                     Best trial: 28. Best value: 2.62333:  29%|██▉       | 29/100 [03:37<08:35,  7.26s/it]Best trial: 28. Best value: 2.62333:  29%|██▉       | 29/100 [03:37<08:35,  7.26s/it]Best trial: 28. Best value: 2.62333:  30%|███       | 30/100 [03:37<07:51,  6.74s/it]                                                                                     Best trial: 28. Best value: 2.62333:  30%|███       | 30/100 [03:45<07:51,  6.74s/it]Best trial: 28. Best value: 2.62333:  30%|███       | 30/100 [03:45<07:51,  6.74s/it]Best trial: 28. Best value: 2.62333:  31%|███       | 31/100 [03:45<08:16,  7.20s/it]                                                                                     Best trial: 28. Best value: 2.62333:  31%|███       | 31/100 [03:53<08:16,  7.20s/it]Best trial: 31. Best value: 2.5719:  31%|███       | 31/100 [03:53<08:16,  7.20s/it] Best trial: 31. Best value: 2.5719:  32%|███▏      | 32/100 [03:53<08:16,  7.30s/it]                                                                                    Best trial: 31. Best value: 2.5719:  32%|███▏      | 32/100 [04:01<08:16,  7.30s/it]Best trial: 31. Best value: 2.5719:  32%|███▏      | 32/100 [04:01<08:16,  7.30s/it]Best trial: 31. Best value: 2.5719:  33%|███▎      | 33/100 [04:01<08:34,  7.68s/it]                                                                                    Best trial: 31. Best value: 2.5719:  33%|███▎      | 33/100 [04:07<08:34,  7.68s/it]Best trial: 31. Best value: 2.5719:  33%|███▎      | 33/100 [04:07<08:34,  7.68s/it]Best trial: 31. Best value: 2.5719:  34%|███▍      | 34/100 [04:07<07:50,  7.12s/it]                                                                                    Best trial: 31. Best value: 2.5719:  34%|███▍      | 34/100 [04:14<07:50,  7.12s/it]Best trial: 31. Best value: 2.5719:  34%|███▍      | 34/100 [04:14<07:50,  7.12s/it]Best trial: 31. Best value: 2.5719:  35%|███▌      | 35/100 [04:14<07:42,  7.11s/it]                                                                                    Best trial: 31. Best value: 2.5719:  35%|███▌      | 35/100 [04:22<07:42,  7.11s/it]Best trial: 31. Best value: 2.5719:  35%|███▌      | 35/100 [04:22<07:42,  7.11s/it]Best trial: 31. Best value: 2.5719:  36%|███▌      | 36/100 [04:22<07:38,  7.16s/it]                                                                                    
[I 2026-05-05 18:19:24,302] Trial 25 finished with value: 2.9208535533837265 and parameters: {'rho_scale': 0.8986400234215951, 'f_n': 4.29115311246499e-08, 'K_d': 335579.44616492, 'fission_rate': 7.146797401622638e+19, 'Dg_D1_scale': 2.1188917347215686, 'Dg_D3_scale': 0.17670968959214683, 'Dv_D1_scale': 0.2682532504898222, 'Dv_D2_scale': 0.3796036016306763, 'b_bulk_scale': 0.05300745034145889, 'b_dislocation_scale': 0.055598352184900175, 'gb_scale': 0.05800367828976206, 'gd_bubble_scale': 3.741957523337386, 'gd_line_scale': 3.2735024264892574, 'gd_line_alpha': 0.9021473428626787, 'coalescence_d_scale': 0.5736556511892656, 'capture_scale': 0.04975044423889486}. Best is trial 24 with value: 2.7718215342577897.
[I 2026-05-05 18:19:31,659] Trial 26 finished with value: 2.8962222707441847 and parameters: {'rho_scale': 0.8936830595474521, 'f_n': 4.6245473858083495e-08, 'K_d': 372491.14282239927, 'fission_rate': 7.180928790234567e+19, 'Dg_D1_scale': 2.129558346824388, 'Dg_D3_scale': 0.15922497254036566, 'Dv_D1_scale': 0.2665879302492228, 'Dv_D2_scale': 0.3284418267114325, 'b_bulk_scale': 0.13111275072656503, 'b_dislocation_scale': 0.05913125259524702, 'gb_scale': 0.05777471078116032, 'gd_bubble_scale': 7.303347816155595, 'gd_line_scale': 2.4590519424486335, 'gd_line_alpha': 0.7007708111283171, 'coalescence_d_scale': 0.670311047822543, 'capture_scale': 0.04250026472630657}. Best is trial 24 with value: 2.7718215342577897.
[I 2026-05-05 18:19:39,072] Trial 27 finished with value: 2.999677838370602 and parameters: {'rho_scale': 0.9244542857122217, 'f_n': 4.1718839471651e-08, 'K_d': 380446.0217395189, 'fission_rate': 7.113950870896268e+19, 'Dg_D1_scale': 1.326549403130411, 'Dg_D3_scale': 0.1552922032145675, 'Dv_D1_scale': 0.27901392285509447, 'Dv_D2_scale': 0.3251283496583112, 'b_bulk_scale': 0.339233786965404, 'b_dislocation_scale': 0.05910030129414226, 'gb_scale': 0.05158611292811043, 'gd_bubble_scale': 2.261955770097724, 'gd_line_scale': 3.688525871261525, 'gd_line_alpha': 0.7127629896577916, 'coalescence_d_scale': 0.5952255786326331, 'capture_scale': 0.061658172278581225}. Best is trial 24 with value: 2.7718215342577897.
[I 2026-05-05 18:19:46,801] Trial 28 finished with value: 2.6233305228737924 and parameters: {'rho_scale': 0.8552415454148852, 'f_n': 1.2451372914824466e-07, 'K_d': 327469.5749304939, 'fission_rate': 7.071320057295929e+19, 'Dg_D1_scale': 0.8176033503058902, 'Dg_D3_scale': 0.16541289071827622, 'Dv_D1_scale': 0.2654674013138073, 'Dv_D2_scale': 0.39609174498068983, 'b_bulk_scale': 0.12158629188206459, 'b_dislocation_scale': 0.05436496160446248, 'gb_scale': 0.08728568433422665, 'gd_bubble_scale': 1.0436485241425428, 'gd_line_scale': 2.074808135863628, 'gd_line_alpha': 0.901573157087215, 'coalescence_d_scale': 1.429561653558505, 'capture_scale': 0.036211719475818506}. Best is trial 28 with value: 2.6233305228737924.
[I 2026-05-05 18:19:52,331] Trial 29 finished with value: 2.7781122349991882 and parameters: {'rho_scale': 0.6743693515072818, 'f_n': 8.880761584723277e-08, 'K_d': 447890.5936028827, 'fission_rate': 6.973082214413054e+19, 'Dg_D1_scale': 0.7862645871816231, 'Dg_D3_scale': 0.2169640662947524, 'Dv_D1_scale': 0.2547117939253481, 'Dv_D2_scale': 0.20425016917983738, 'b_bulk_scale': 0.12040435060226025, 'b_dislocation_scale': 0.07525875119281773, 'gb_scale': 0.09078797270595627, 'gd_bubble_scale': 0.9647229684576476, 'gd_line_scale': 0.46500594549847246, 'gd_line_alpha': 0.7563325923362882, 'coalescence_d_scale': 1.7550692750668004, 'capture_scale': 0.10552954098079245}. Best is trial 28 with value: 2.6233305228737924.
[I 2026-05-05 18:20:00,606] Trial 30 finished with value: 3.164382118998769 and parameters: {'rho_scale': 0.5632958724031581, 'f_n': 1.1828078516698913e-07, 'K_d': 323833.0242457258, 'fission_rate': 6.307026653569306e+19, 'Dg_D1_scale': 0.6954932161988014, 'Dg_D3_scale': 0.2282251147291817, 'Dv_D1_scale': 0.2992796315548504, 'Dv_D2_scale': 0.2067774565204866, 'b_bulk_scale': 0.2612675044125514, 'b_dislocation_scale': 0.13999358786392732, 'gb_scale': 0.1086857818496884, 'gd_bubble_scale': 0.7784140756073765, 'gd_line_scale': 0.5631354239480375, 'gd_line_alpha': 0.7970961932127667, 'coalescence_d_scale': 1.6944109596062826, 'capture_scale': 0.1015258023010086}. Best is trial 28 with value: 2.6233305228737924.
[I 2026-05-05 18:20:08,118] Trial 31 finished with value: 2.571896678752179 and parameters: {'rho_scale': 0.6765264613349421, 'f_n': 2.070199612981322e-06, 'K_d': 451508.9721760354, 'fission_rate': 7.019277545394233e+19, 'Dg_D1_scale': 0.8635860345991899, 'Dg_D3_scale': 0.17361096051163916, 'Dv_D1_scale': 0.26417444054188666, 'Dv_D2_scale': 0.26723960221483795, 'b_bulk_scale': 0.12037231328130187, 'b_dislocation_scale': 0.0785732685983633, 'gb_scale': 0.08734062692100016, 'gd_bubble_scale': 0.3167154731237979, 'gd_line_scale': 2.1042531401168167, 'gd_line_alpha': 0.7501206268435774, 'coalescence_d_scale': 1.5507421046324257, 'capture_scale': 0.03621353064249926}. Best is trial 31 with value: 2.571896678752179.
[I 2026-05-05 18:20:16,697] Trial 32 finished with value: 3.851096428539987 and parameters: {'rho_scale': 0.6739592075663988, 'f_n': 2.40514595145409e-06, 'K_d': 458512.4180186959, 'fission_rate': 6.4156808081055515e+19, 'Dg_D1_scale': 0.8505095056650683, 'Dg_D3_scale': 0.3890129473258721, 'Dv_D1_scale': 3.3349047227223862, 'Dv_D2_scale': 0.25875354180062243, 'b_bulk_scale': 0.11323961055551357, 'b_dislocation_scale': 0.0915010398849373, 'gb_scale': 0.09200429803666461, 'gd_bubble_scale': 0.3289835561886702, 'gd_line_scale': 0.44815621331977323, 'gd_line_alpha': 0.7672362023471972, 'coalescence_d_scale': 1.5693095397635313, 'capture_scale': 0.03077414541486268}. Best is trial 31 with value: 2.571896678752179.
[I 2026-05-05 18:20:22,512] Trial 33 finished with value: 3.5755641536010248 and parameters: {'rho_scale': 0.6587057501380961, 'f_n': 9.595862419937725e-08, 'K_d': 454428.3294112247, 'fission_rate': 6.936755850449489e+19, 'Dg_D1_scale': 0.5381096925827565, 'Dg_D3_scale': 0.19790884223132102, 'Dv_D1_scale': 0.2518186313788553, 'Dv_D2_scale': 0.4227035422806173, 'b_bulk_scale': 0.4929407195821002, 'b_dislocation_scale': 0.07243970037061478, 'gb_scale': 0.09474665300197442, 'gd_bubble_scale': 0.2119130363416506, 'gd_line_scale': 0.16897859872989912, 'gd_line_alpha': 0.8956922894239148, 'coalescence_d_scale': 1.067308686498262, 'capture_scale': 0.095362475487008}. Best is trial 31 with value: 2.571896678752179.
[I 2026-05-05 18:20:29,623] Trial 34 finished with value: 15.990815803350031 and parameters: {'rho_scale': 0.5403554295064932, 'f_n': 2.6788088378098777e-06, 'K_d': 447313.04643281735, 'fission_rate': 7.517881238922204e+19, 'Dg_D1_scale': 0.3429840793657057, 'Dg_D3_scale': 0.34438546021809663, 'Dv_D1_scale': 2.402569938840632, 'Dv_D2_scale': 0.20624682494242408, 'b_bulk_scale': 0.17924114766784627, 'b_dislocation_scale': 0.13826824854834868, 'gb_scale': 0.2735460982062181, 'gd_bubble_scale': 0.4748096043254988, 'gd_line_scale': 0.6788403071976205, 'gd_line_alpha': 0.7433222302190574, 'coalescence_d_scale': 18.933997410326516, 'capture_scale': 0.017765887629546447}. Best is trial 31 with value: 2.571896678752179.
[I 2026-05-05 18:20:36,902] Trial 35 finished with value: 2.8892742650288326 and parameters: {'rho_scale': 0.7909760766017305, 'f_n': 2.679747993809783e-08, 'K_d': 528504.2384588704, 'fission_rate': 7.390324736756667e+19, 'Dg_D1_scale': 0.4141432031407321, 'Dg_D3_scale': 0.1511642864715273, 'Dv_D1_scale': 0.32063068576957054, 'Dv_D2_scale': 0.5326805798047617, 'b_bulk_scale': 0.06376647118417181, 'b_dislocation_scale': 0.04459441344671023, 'gb_scale': 0.07979744753451648, 'gd_bubble_scale': 1.0073837863085455, 'gd_line_scale': 0.39571465780770765, 'gd_line_alpha': 0.6312563709626278, 'coalescence_d_scale': 2.141265488484833, 'capture_scale': 0.03884208538553842}. Best is trial 31 with value: 2.571896678752179.
