[I 2026-05-05 18:28:14,155] Trial 99 finished with value: 2.556751067484373 and parameters: {'rho_scale': 0.5173333065653689, 'f_n': 2.5964460083565275e-06, 'K_d': 317489.1375060129, 'fission_rate': 7.747504556371516e+19, 'Dg_D1_scale': 0.43868025130180716, 'Dg_D3_scale': 0.6409175456301125, 'Dv_D1_scale': 0.31358182590890354, 'Dv_D2_scale': 1.2971597281809863, 'b_bulk_scale': 0.05266322175236786, 'b_dislocation_scale': 0.09788061618477538, 'gb_scale': 0.17121007771832844, 'gd_bubble_scale': 0.9601706286749244, 'gd_line_scale': 1.398084559964822, 'gd_line_alpha': 0.8219083023309539, 'coalescence_d_scale': 1.958934367392117, 'capture_scale': 1.1407779244260552}. Best is trial 66 with value: 2.3134754842677396.
Fast trials written to: UN_M7_optuna_v14_rhoSat_qgbStrict_NdAnchors_results/capture_only/optuna_fast_trials_capture_only.csv
--------------------------------------------------------------------------------------------------------------------------------------------------------------------------
rank |     score |                        label |       f_n |       K_d |     rho_d |      Fdot |    Dv |    Dg |     b |    gb |    gd |  coal |   cap |  swD1600 |   Rd1600 |   NdDrop
--------------------------------------------------------------------------------------------------------------------------------------------------------------------------
   1 |     2.313 | capture_only_v13_trial_00066 |   1.8e-07 |   3.5e+05 |   3.0e+13 |   7.0e+19 |     1 |     1 |     1 |   1.7 |     1 |  0.98 |  0.25 |      2.9 |      101 |   -0.122
   2 |      2.34 | capture_only_v13_trial_00092 |   1.4e-06 |   3.6e+05 |   3.0e+13 |   7.9e+19 |     1 |     1 |     1 |  0.38 |     1 |   1.4 |   2.4 |     1.52 |     81.9 |  -0.0826
   3 |     2.372 | capture_only_v13_trial_00046 |   1.5e-06 |   4.7e+05 |   3.0e+13 |   7.4e+19 |     1 |     1 |     1 |  0.48 |     1 |   1.1 |  0.16 |      2.1 |     84.1 |   -0.103
   4 |     2.383 | capture_only_v13_trial_00061 |   1.1e-06 |   3.6e+05 |   3.0e+13 |   7.0e+19 |     1 |     1 |     1 |   0.7 |     1 |   1.1 |  0.12 |     2.24 |     90.9 |   -0.123
   5 |      2.39 | capture_only_v13_trial_00091 |   1.5e-06 |   3.6e+05 |   3.0e+13 |   7.8e+19 |     1 |     1 |     1 |  0.39 |     1 |   1.4 |   2.4 |     1.55 |     82.6 |  -0.0869
   6 |     2.462 | capture_only_v13_trial_00082 |   2.9e-06 |   3.6e+05 |   3.0e+13 |   7.3e+19 |     1 |     1 |     1 |  0.34 |     1 |   1.2 |   7.8 |     1.64 |     82.2 |  -0.0991
   7 |     2.477 | capture_only_v13_trial_00051 |   1.5e-06 |   4.8e+05 |   3.0e+13 |   7.3e+19 |     1 |     1 |     1 |  0.35 |     1 |   1.2 |  0.14 |     2.57 |       92 |   -0.144
   8 |     2.482 | capture_only_v13_trial_00096 |   2.4e-06 |   3.5e+05 |   3.0e+13 |   7.5e+19 |     1 |     1 |     1 |  0.23 |     1 |   1.6 |   1.3 |     1.41 |     80.5 |   -0.101
   9 |     2.484 | capture_only_v13_trial_00037 |   1.1e-06 |   3.9e+05 |   3.0e+13 |   6.5e+19 |     1 |     1 |     1 |  0.28 |     1 |   1.1 |  0.19 |     1.89 |     85.5 |   -0.087
  10 |     2.496 | capture_only_v13_trial_00098 |   1.7e-06 |   3.4e+05 |   3.0e+13 |   7.8e+19 |     1 |     1 |     1 |  0.18 |     1 |   1.9 |   1.3 |     2.01 |     95.6 |   -0.198
  11 |     2.516 | capture_only_v13_trial_00081 |   1.2e-06 |   3.8e+05 |   3.0e+13 |   7.3e+19 |     1 |     1 |     1 |   0.3 |     1 |   1.2 |  0.12 |     2.85 |     95.1 |   -0.157
  12 |     2.532 | capture_only_v13_trial_00083 |   1.2e-06 |   3.5e+05 |   3.0e+13 |   7.4e+19 |     1 |     1 |     1 |  0.32 |     1 |  0.83 |   4.3 |     2.53 |       96 |  -0.0925
  13 |     2.542 | capture_only_v13_trial_00038 |   1.4e-06 |   3.8e+05 |   3.0e+13 |   6.5e+19 |     1 |     1 |     1 |  0.27 |     1 |  0.85 |  0.17 |     2.13 |     90.1 |  -0.0726
  14 |     2.543 | capture_only_v13_trial_00093 |   1.2e-06 |   3.6e+05 |   3.0e+13 |   7.9e+19 |     1 |     1 |     1 |  0.39 |     1 |   2.2 |   2.7 |     1.92 |     89.3 |   -0.188
  15 |     2.544 | capture_only_v13_trial_00047 |   1.6e-06 |   4.8e+05 |   3.0e+13 |   7.7e+19 |     1 |     1 |     1 |  0.48 |     1 |   1.3 |  0.14 |     2.63 |     92.3 |   -0.145
--------------------------------------------------------------------------------------------------------------------------------------------------------------------------
Final rows written to: UN_M7_optuna_v14_rhoSat_qgbStrict_NdAnchors_results/capture_only/optuna_final_top_capture_only.csv
--------------------------------------------------------------------------------------------------------------------------------------------------------------------------
rank |     score |                        label |       f_n |       K_d |     rho_d |      Fdot |    Dv |    Dg |     b |    gb |    gd |  coal |   cap |  swD1600 |   Rd1600 |   NdDrop
--------------------------------------------------------------------------------------------------------------------------------------------------------------------------
   1 |     2.351 | FINAL_rank1_capture_only_capture_only_v13_trial_00066 |   1.8e-07 |   3.5e+05 |   3.0e+13 |   7.0e+19 |     1 |     1 |     1 |   1.7 |     1 |  0.98 |  0.25 |     2.87 |      101 |   -0.121
   2 |     2.408 | FINAL_rank2_capture_only_capture_only_v13_trial_00092 |   1.4e-06 |   3.6e+05 |   3.0e+13 |   7.9e+19 |     1 |     1 |     1 |  0.38 |     1 |   1.4 |   2.4 |     1.51 |     81.7 |  -0.0814
   3 |     2.416 | FINAL_rank4_capture_only_capture_only_v13_trial_00061 |   1.1e-06 |   3.6e+05 |   3.0e+13 |   7.0e+19 |     1 |     1 |     1 |   0.7 |     1 |   1.1 |  0.12 |     2.22 |     90.7 |   -0.121
   4 |     2.457 | FINAL_rank5_capture_only_capture_only_v13_trial_00091 |   1.5e-06 |   3.6e+05 |   3.0e+13 |   7.8e+19 |     1 |     1 |     1 |  0.39 |     1 |   1.4 |   2.4 |     1.54 |     82.5 |  -0.0856
   5 |     2.471 | FINAL_rank3_capture_only_capture_only_v13_trial_00046 |   1.5e-06 |   4.7e+05 |   3.0e+13 |   7.4e+19 |     1 |     1 |     1 |  0.48 |     1 |   1.1 |  0.16 |     2.08 |     83.7 |   -0.101
--------------------------------------------------------------------------------------------------------------------------------------------------------------------------

============================================================================================================================================
CAPTURE CHECK: best_capture_only_rank1_FINAL_rank1_capture_only_capture_only_v13_trial_00066, T=1600.0, burnup=3.2
============================================================================================================================================
f_cap_step is the physical clipped per-step fraction and must be <= 1.
capture_fraction_sum can exceed 1 because it is a diagnostic sum, not a physical fraction.
--------------------------------------------------------------------------------------------------------------------------------------------
final f_cap_step       = 5.301745e-07
max f_cap_step         = 7.565836e-06
final cap_raw_step     = 5.301745e-07
capture_fraction_sum   = 3.114531e-02
capture_raw_sum        = 3.114531e-02
captured bubbles cum.  = 1.897666e+19 m^-3
============================================================================================================================================

============================================================================================================================================
DIAGNOSTICS FOR best_capture_only_rank1
============================================================================================================================================
{'label': 'best_capture_only_rank1_FINAL_rank1_capture_only_capture_only_v13_trial_00066', 'f_n': 1.8087012112873622e-07, 'K_d': 353499.81830466655, 'rho_d': 30000000000000.0, 'fission_rate': 7.025078174533057e+19, 'Dv_scale': 1.0, 'Dg_scale': 1.0, 'b_scale': 1.0, 'gb_scale': 1.6521816465399901, 'gd_scale': 1.0, 'coalescence_d_scale': 0.983804980020332, 'capture_scale': 0.24749227399704304, 'D2_xe_scale': 1.0, 'Dg_D1_scale': 0.20797375146435693, 'Dg_D3_scale': 0.17234011987878728, 'Dv_D1_scale': 0.22623039797459898, 'Dv_D2_scale': 0.32773467094212316, 'b_bulk_scale': 0.24275384677399778, 'b_dislocation_scale': 0.11460512179554685, 'gd_bubble_scale': 0.09366216805568733, 'gd_line_scale': 5.457488927345226, 'gd_line_alpha': 0.9298112195993216, 'family': 'capture_only'}
============================================================================================================================================

============================================================================================================================================
CAPTURE CHECK: best_capture_only_rank2_FINAL_rank2_capture_only_capture_only_v13_trial_00092, T=1600.0, burnup=3.2
============================================================================================================================================
f_cap_step is the physical clipped per-step fraction and must be <= 1.
capture_fraction_sum can exceed 1 because it is a diagnostic sum, not a physical fraction.
--------------------------------------------------------------------------------------------------------------------------------------------
final f_cap_step       = 1.298807e-05
max f_cap_step         = 9.039610e-05
final cap_raw_step     = 1.298807e-05
capture_fraction_sum   = 2.166551e-01
capture_raw_sum        = 2.166551e-01
captured bubbles cum.  = 1.225309e+21 m^-3
============================================================================================================================================

============================================================================================================================================
DIAGNOSTICS FOR best_capture_only_rank2
============================================================================================================================================
{'label': 'best_capture_only_rank2_FINAL_rank2_capture_only_capture_only_v13_trial_00092', 'f_n': 1.362703695880105e-06, 'K_d': 359415.643599, 'rho_d': 30000000000000.0, 'fission_rate': 7.88321892078586e+19, 'Dv_scale': 1.0, 'Dg_scale': 1.0, 'b_scale': 1.0, 'gb_scale': 0.38062535587087193, 'gd_scale': 1.0, 'coalescence_d_scale': 1.3716276226310236, 'capture_scale': 2.353425627802365, 'D2_xe_scale': 1.0, 'Dg_D1_scale': 0.28585298447476226, 'Dg_D3_scale': 0.7222498381240382, 'Dv_D1_scale': 0.3436984564825396, 'Dv_D2_scale': 3.2145642998180723, 'b_bulk_scale': 0.05131955299475513, 'b_dislocation_scale': 0.12876497014145036, 'gd_bubble_scale': 0.5745223849894936, 'gd_line_scale': 2.211854319480979, 'gd_line_alpha': 0.7725705787341085, 'family': 'capture_only'}
============================================================================================================================================

============================================================================================================================================
CAPTURE CHECK: best_capture_only_rank3_FINAL_rank4_capture_only_capture_only_v13_trial_00061, T=1600.0, burnup=3.2
============================================================================================================================================
f_cap_step is the physical clipped per-step fraction and must be <= 1.
capture_fraction_sum can exceed 1 because it is a diagnostic sum, not a physical fraction.
--------------------------------------------------------------------------------------------------------------------------------------------
final f_cap_step       = 5.012775e-07
max f_cap_step         = 4.348729e-06
final cap_raw_step     = 5.012775e-07
capture_fraction_sum   = 1.580772e-02
capture_raw_sum        = 1.580772e-02
captured bubbles cum.  = 6.817255e+19 m^-3
============================================================================================================================================

============================================================================================================================================
DIAGNOSTICS FOR best_capture_only_rank3
============================================================================================================================================
{'label': 'best_capture_only_rank3_FINAL_rank4_capture_only_capture_only_v13_trial_00061', 'f_n': 1.0549972902934552e-06, 'K_d': 363440.95977006754, 'rho_d': 30000000000000.0, 'fission_rate': 6.963793571875362e+19, 'Dv_scale': 1.0, 'Dg_scale': 1.0, 'b_scale': 1.0, 'gb_scale': 0.7039915651658855, 'gd_scale': 1.0, 'coalescence_d_scale': 1.1396747944042624, 'capture_scale': 0.12053640836451267, 'D2_xe_scale': 1.0, 'Dg_D1_scale': 0.24613023530920877, 'Dg_D3_scale': 0.21708284164421593, 'Dv_D1_scale': 0.4336366255101052, 'Dv_D2_scale': 0.22232925072550094, 'b_bulk_scale': 0.09803109820746238, 'b_dislocation_scale': 0.06887653976703588, 'gd_bubble_scale': 0.20222751508590212, 'gd_line_scale': 2.3934407097071793, 'gd_line_alpha': 0.9207521603135177, 'family': 'capture_only'}
============================================================================================================================================
Summary written to: UN_M7_optuna_v14_rhoSat_qgbStrict_NdAnchors_results/capture_only/optuna_summary_capture_only.md
[I 2026-05-05 18:44:52,576] Using an existing study with name 'UN_M7_capture_only' instead of creating a new one.
[I 2026-05-05 18:44:53,123] Trial with params {'f_n': 4.7e-08, 'K_d': 575000.0, 'rho_d': 30400000000000.0, 'fission_rate': 4.76e+19, 'Dv_scale': 0.591, 'Dg_scale': 0.552, 'D2_xe_scale': 1.0, 'b_scale': 0.233, 'gb_scale': 1.588, 'gd_scale': 0.328, 'coalescence_d_scale': 8.15, 'capture_scale': 2.97} already exists. Skipping enqueue.
[I 2026-05-05 18:44:53,125] Trial with params {'f_n': 1e-08, 'K_d': 800000.0, 'rho_d': 10000000000000.0, 'fission_rate': 7.5e+19, 'Dv_scale': 3.0, 'Dg_scale': 0.5, 'D2_xe_scale': 1.0, 'b_scale': 0.3, 'gb_scale': 1.0, 'gd_scale': 1.0, 'coalescence_d_scale': 1.0, 'capture_scale': 0.3} already exists. Skipping enqueue.
[I 2026-05-05 18:44:53,127] Trial with params {'f_n': 1e-06, 'K_d': 500000.0, 'rho_d': 30000000000000.0, 'fission_rate': 5e+19, 'Dv_scale': 1.0, 'Dg_scale': 1.0, 'D2_xe_scale': 1.0, 'b_scale': 1.0, 'gb_scale': 1.0, 'gd_scale': 1.0, 'coalescence_d_scale': 1.0, 'capture_scale': 1.0} already exists. Skipping enqueue.
[I 2026-05-05 18:44:53,131] Trial with params {'f_n': 1.3333e-08, 'K_d': 714300.0, 'rho_d': 46135000000000.0, 'fission_rate': 4.9558e+19, 'Dv_scale': 0.05, 'Dg_scale': 2.012, 'D2_xe_scale': 1.0, 'b_scale': 1.181, 'gb_scale': 0.8994, 'gd_scale': 3.641, 'coalescence_d_scale': 10.99, 'capture_scale': 3.247} already exists. Skipping enqueue.
[I 2026-05-05 18:44:53,135] Trial with params {'f_n': 2.5466e-07, 'K_d': 648460.0, 'rho_d': 35350000000000.0, 'fission_rate': 7.4799e+19, 'Dv_scale': 1.0, 'Dg_scale': 0.5333, 'D2_xe_scale': 1.0, 'b_scale': 3.066, 'gb_scale': 0.4625, 'gd_scale': 4.507, 'coalescence_d_scale': 6.997, 'capture_scale': 0.1401} already exists. Skipping enqueue.
[I 2026-05-05 18:44:53,139] Trial with params {'f_n': 1.9043e-07, 'K_d': 633680.0, 'rho_d': 48099000000000.0, 'fission_rate': 6.8347e+19, 'Dv_scale': 1.0, 'Dg_scale': 0.3921, 'D2_xe_scale': 1.0, 'b_scale': 3.704, 'gb_scale': 0.3881, 'gd_scale': 3.375, 'coalescence_d_scale': 7.005, 'capture_scale': 0.0608} already exists. Skipping enqueue.
[I 2026-05-05 18:44:53,143] Trial with params {'f_n': 1.3237e-08, 'K_d': 558920.0, 'rho_d': 24815000000000.0, 'fission_rate': 7.6621e+19, 'Dv_scale': 0.5, 'Dg_scale': 1.307, 'D2_xe_scale': 1.0, 'b_scale': 1.296, 'gb_scale': 0.4151, 'gd_scale': 1.963, 'coalescence_d_scale': 9.772, 'capture_scale': 0.1557} already exists. Skipping enqueue.
[I 2026-05-05 18:44:53,146] Trial with params {'f_n': 2.940436e-07, 'K_d': 1033314.0, 'rho_d': 12059490000000.0, 'fission_rate': 6.730293e+19, 'Dv_scale': 0.227099, 'Dg_scale': 2.163517, 'D2_xe_scale': 0.112489, 'b_scale': 0.09929, 'gb_scale': 1.445601, 'gd_scale': 4.396731, 'coalescence_d_scale': 3.880728, 'capture_scale': 0.024136} already exists. Skipping enqueue.
[I 2026-05-05 18:44:53,150] Trial with params {'f_n': 5.96478e-07, 'K_d': 1198283.0, 'rho_d': 9976134000000.0, 'fission_rate': 6.685431e+19, 'Dv_scale': 0.239374, 'Dg_scale': 2.580361, 'D2_xe_scale': 0.119911, 'b_scale': 0.115218, 'gb_scale': 1.009685, 'gd_scale': 4.737461, 'coalescence_d_scale': 2.916475, 'capture_scale': 0.027787} already exists. Skipping enqueue.
[I 2026-05-05 18:44:53,157] Trial with params {'f_n': 7.392651e-07, 'K_d': 1166892.0, 'rho_d': 11803530000000.0, 'fission_rate': 6.574543e+19, 'Dv_scale': 0.221547, 'Dg_scale': 2.170761, 'D2_xe_scale': 0.149876, 'b_scale': 0.126114, 'gb_scale': 1.30495, 'gd_scale': 5.541092, 'coalescence_d_scale': 2.726375, 'capture_scale': 0.023283} already exists. Skipping enqueue.
[I 2026-05-05 18:44:53,159] Trial with params {'rho_scale': 1.0, 'K_d': 500000.0} already exists. Skipping enqueue.
[I 2026-05-05 18:44:53,161] Trial with params {'rho_scale': 0.75, 'K_d': 350000.0} already exists. Skipping enqueue.
[I 2026-05-05 18:44:53,162] Trial with params {'rho_scale': 1.25, 'K_d': 500000.0} already exists. Skipping enqueue.
########################################################################################################################
V13b rhoSat + STRICT gas-to-grain-face + high-T dislocation plateau settings
family                         = capture_only
rhoFT2 enabled                 = True
rho_scale range                 = 0.5 -- 2
rho T shape                     = saturating Ray-Blank fit normalized at 1025 K
K_d range                       = 300000 -- 800000
direct exp weights              = sw 0.75, Rd 0.9, Nd 0.0, Nd-drop 0.0
v13 partition/qgb weights       = 0.95 / 2.5
v13 Nd highT target weight      = 0.0
v14 Nd early/highT anchor weights = 1.2 / 1.4
v14 Nd early max T / highT anchors = 1507.5 K / 8.000e+18, 4.000e+18, 1.500e+18 m^-3
qgb 1.1% low-mid/high           = 5.0 / 5.0
qgb 3.2% low-mid/high           = 8.0 / 12.0
qgb penalty scale               = 25.0
Fig8 disl/bulk radius weights   = 0.75 / 0.04
Fig6 burnup weight              = 0.02
output dir                      = UN_M7_optuna_v14_rhoSat_qgbStrict_NdAnchors_results/capture_only
########################################################################################################################
########################################################################################################################
OPTUNA CALIBRATION: capture_only
########################################################################################################################
Output dir        = UN_M7_optuna_v14_rhoSat_qgbStrict_NdAnchors_results/capture_only
Trials requested  = 0
FAST dt/modes     = 12 h / 22
FINAL dt/modes    = 1 h / 40
Pressure weight   = 0.22; free factor = 3
D2 Xe             = included, with D2_xe_scale
Coalescence       = active, scale never zero
Family switches   = phi_gas:False, nuc_mass:False, capture:True
########################################################################################################################
Fast trials written to: UN_M7_optuna_v14_rhoSat_qgbStrict_NdAnchors_results/capture_only/optuna_fast_trials_capture_only.csv
--------------------------------------------------------------------------------------------------------------------------------------------------------------------------
rank |     score |                        label |       f_n |       K_d |     rho_d |      Fdot |    Dv |    Dg |     b |    gb |    gd |  coal |   cap |  swD1600 |   Rd1600 |   NdDrop
--------------------------------------------------------------------------------------------------------------------------------------------------------------------------
   1 |     2.313 | capture_only_v13_trial_00066 |   1.8e-07 |   3.5e+05 |   3.0e+13 |   7.0e+19 |     1 |     1 |     1 |   1.7 |     1 |  0.98 |  0.25 |      2.9 |      101 |   -0.122
   2 |      2.34 | capture_only_v13_trial_00092 |   1.4e-06 |   3.6e+05 |   3.0e+13 |   7.9e+19 |     1 |     1 |     1 |  0.38 |     1 |   1.4 |   2.4 |     1.52 |     81.9 |  -0.0826
   3 |     2.372 | capture_only_v13_trial_00046 |   1.5e-06 |   4.7e+05 |   3.0e+13 |   7.4e+19 |     1 |     1 |     1 |  0.48 |     1 |   1.1 |  0.16 |      2.1 |     84.1 |   -0.103
   4 |     2.383 | capture_only_v13_trial_00061 |   1.1e-06 |   3.6e+05 |   3.0e+13 |   7.0e+19 |     1 |     1 |     1 |   0.7 |     1 |   1.1 |  0.12 |     2.24 |     90.9 |   -0.123
   5 |      2.39 | capture_only_v13_trial_00091 |   1.5e-06 |   3.6e+05 |   3.0e+13 |   7.8e+19 |     1 |     1 |     1 |  0.39 |     1 |   1.4 |   2.4 |     1.55 |     82.6 |  -0.0869
   6 |     2.462 | capture_only_v13_trial_00082 |   2.9e-06 |   3.6e+05 |   3.0e+13 |   7.3e+19 |     1 |     1 |     1 |  0.34 |     1 |   1.2 |   7.8 |     1.64 |     82.2 |  -0.0991
   7 |     2.477 | capture_only_v13_trial_00051 |   1.5e-06 |   4.8e+05 |   3.0e+13 |   7.3e+19 |     1 |     1 |     1 |  0.35 |     1 |   1.2 |  0.14 |     2.57 |       92 |   -0.144
   8 |     2.482 | capture_only_v13_trial_00096 |   2.4e-06 |   3.5e+05 |   3.0e+13 |   7.5e+19 |     1 |     1 |     1 |  0.23 |     1 |   1.6 |   1.3 |     1.41 |     80.5 |   -0.101
   9 |     2.484 | capture_only_v13_trial_00037 |   1.1e-06 |   3.9e+05 |   3.0e+13 |   6.5e+19 |     1 |     1 |     1 |  0.28 |     1 |   1.1 |  0.19 |     1.89 |     85.5 |   -0.087
  10 |     2.496 | capture_only_v13_trial_00098 |   1.7e-06 |   3.4e+05 |   3.0e+13 |   7.8e+19 |     1 |     1 |     1 |  0.18 |     1 |   1.9 |   1.3 |     2.01 |     95.6 |   -0.198
  11 |     2.516 | capture_only_v13_trial_00081 |   1.2e-06 |   3.8e+05 |   3.0e+13 |   7.3e+19 |     1 |     1 |     1 |   0.3 |     1 |   1.2 |  0.12 |     2.85 |     95.1 |   -0.157
  12 |     2.532 | capture_only_v13_trial_00083 |   1.2e-06 |   3.5e+05 |   3.0e+13 |   7.4e+19 |     1 |     1 |     1 |  0.32 |     1 |  0.83 |   4.3 |     2.53 |       96 |  -0.0925
  13 |     2.542 | capture_only_v13_trial_00038 