[I 2026-05-02 20:28:52,344] Trial 1212 finished with value: 1.9157822724781242 and parameters: {'f_n': 2.0770815596382318e-07, 'K_d': 739240.2854412836, 'rho_d': 10313020262060.723, 'fission_rate': 6.347536752054641e+19, 'D2_xe_scale': 0.1104419823297508, 'Dg_D1_scale': 0.2013323719686887, 'Dg_D3_scale': 3.6422524792054776, 'Dv_D1_scale': 0.21630153032776647, 'Dv_D2_scale': 3.7950608208893084, 'b_bulk_scale': 0.33564075982547154, 'b_dislocation_scale': 0.14699709017930102, 'gb_scale': 5.2586182803798, 'gd_bubble_scale': 9.953769970152283, 'gd_line_scale': 8.28137065277413, 'gd_line_alpha': 0.7038702165196336, 'coalescence_d_scale': 0.3946861744933328, 'capture_scale': 5.820503175993298}. Best is trial 1126 with value: 1.7410514264406347.Best trial: 1126. Best value: 1.74105:  81%|████████  | 1212/1500 [1:36:03<22:16,  4.64s/it]Best trial: 1126. Best value: 1.74105:  81%|████████  | 1212/1500 [1:36:04<22:16,  4.64s/it]Best trial: 1126. Best value: 1.74105:  81%|████████  | 1213/1500 [1:36:04<22:17,  4.66s/it]                                                                                            Best trial: 1126. Best value: 1.74105:  81%|████████  | 1213/1500 [1:36:09<22:17,  4.66s/it]Best trial: 1126. Best value: 1.74105:  81%|████████  | 1213/1500 [1:36:09<22:17,  4.66s/it]Best trial: 1126. Best value: 1.74105:  81%|████████  | 1214/1500 [1:36:09<22:48,  4.79s/it]                                                                                            Best trial: 1126. Best value: 1.74105:  81%|████████  | 1214/1500 [1:36:13<22:48,  4.79s/it]Best trial: 1126. Best value: 1.74105:  81%|████████  | 1214/1500 [1:36:13<22:48,  4.79s/it]Best trial: 1126. Best value: 1.74105:  81%|████████  | 1215/1500 [1:36:13<22:41,  4.78s/it]                                                                                            Best trial: 1126. Best value: 1.74105:  81%|████████  | 1215/1500 [1:36:17<22:41,  4.78s/it]Best trial: 1126. Best value: 1.74105:  81%|████████  | 1215/1500 [1:36:17<22:41,  4.78s/it]Best trial: 1126. Best value: 1.74105:  81%|████████  | 1216/1500 [1:36:17<20:28,  4.33s/it]                                                                                            Best trial: 1126. Best value: 1.74105:  81%|████████  | 1216/1500 [1:36:21<20:28,  4.33s/it]Best trial: 1126. Best value: 1.74105:  81%|████████  | 1216/1500 [1:36:21<20:28,  4.33s/it]Best trial: 1126. Best value: 1.74105:  81%|████████  | 1217/1500 [1:36:21<20:56,  4.44s/it]                                                                                            Best trial: 1126. Best value: 1.74105:  81%|████████  | 1217/1500 [1:36:26<20:56,  4.44s/it]Best trial: 1126. Best value: 1.74105:  81%|████████  | 1217/1500 [1:36:26<20:56,  4.44s/it]Best trial: 1126. Best value: 1.74105:  81%|████████  | 1218/1500 [1:36:26<21:11,  4.51s/it]                                                                                            Best trial: 1126. Best value: 1.74105:  81%|████████  | 1218/1500 [1:36:31<21:11,  4.51s/it]Best trial: 1126. Best value: 1.74105:  81%|████████  | 1218/1500 [1:36:31<21:11,  4.51s/it]Best trial: 1126. Best value: 1.74105:  81%|████████▏ | 1219/1500 [1:36:31<21:24,  4.57s/it]                                                                                            Best trial: 1126. Best value: 1.74105:  81%|████████▏ | 1219/1500 [1:36:36<21:24,  4.57s/it]Best trial: 1126. Best value: 1.74105:  81%|████████▏ | 1219/1500 [1:36:36<21:24,  4.57s/it]Best trial: 1126. Best value: 1.74105:  81%|████████▏ | 1220/1500 [1:36:36<21:48,  4.67s/it]                                                                                            Best trial: 1126. Best value: 1.74105:  81%|████████▏ | 1220/1500 [1:36:40<21:48,  4.67s/it]Best trial: 1126. Best value: 1.74105:  81%|████████▏ | 1220/1500 [1:36:40<21:48,  4.67s/it]Best trial: 1126. Best value: 1.74105:  81%|████████▏ | 1221/1500 [1:36:40<21:49,  4.69s/it]                                                                                            Best trial: 1126. Best value: 1.74105:  81%|████████▏ | 1221/1500 [1:36:43<21:49,  4.69s/it]Best trial: 1126. Best value: 1.74105:  81%|████████▏ | 1221/1500 [1:36:44<21:49,  4.69s/it]Best trial: 1126. Best value: 1.74105:  81%|████████▏ | 1222/1500 [1:36:44<19:43,  4.26s/it]                                                                                            Best trial: 1126. Best value: 1.74105:  81%|████████▏ | 1222/1500 [1:36:47<19:43,  4.26s/it]Best trial: 1126. Best value: 1.74105:  81%|████████▏ | 1222/1500 [1:36:48<19:43,  4.26s/it]Best trial: 1126. Best value: 1.74105:  82%|████████▏ | 1223/1500 [1:36:48<19:06,  4.14s/it]                                                                                            
[I 2026-05-02 20:28:57,424] Trial 1213 finished with value: 1.7814100126476051 and parameters: {'f_n': 4.369580320777438e-07, 'K_d': 697210.3270090806, 'rho_d': 11347360370019.852, 'fission_rate': 5.991914421110046e+19, 'D2_xe_scale': 0.06895959405557797, 'Dg_D1_scale': 0.16915181566614562, 'Dg_D3_scale': 2.915903334244956, 'Dv_D1_scale': 0.2695833214717472, 'Dv_D2_scale': 3.553707968726644, 'b_bulk_scale': 0.42477799262152377, 'b_dislocation_scale': 0.18723406478120083, 'gb_scale': 6.166400146316734, 'gd_bubble_scale': 8.390967595523009, 'gd_line_scale': 9.985794140083959, 'gd_line_alpha': 0.5621389568838252, 'coalescence_d_scale': 0.3488136194472231, 'capture_scale': 7.086350780058277}. Best is trial 1126 with value: 1.7410514264406347.
[I 2026-05-02 20:29:02,179] Trial 1214 finished with value: 2.2502988726032616 and parameters: {'f_n': 5.902258131900174e-07, 'K_d': 738703.3190559605, 'rho_d': 10697318799656.04, 'fission_rate': 6.154280976563484e+19, 'D2_xe_scale': 0.045764725299121956, 'Dg_D1_scale': 0.18378073255018976, 'Dg_D3_scale': 2.6757719751014104, 'Dv_D1_scale': 0.25402002360634, 'Dv_D2_scale': 3.1548028108035067, 'b_bulk_scale': 0.366878781526819, 'b_dislocation_scale': 0.15049240434929098, 'gb_scale': 6.947393681121825, 'gd_bubble_scale': 1.4736359362128217, 'gd_line_scale': 7.501885027485586, 'gd_line_alpha': 0.643943974992208, 'coalescence_d_scale': 0.3949707689851217, 'capture_scale': 5.538932648907402}. Best is trial 1126 with value: 1.7410514264406347.
[I 2026-05-02 20:29:05,457] Trial 1215 finished with value: 2.4252023070465674 and parameters: {'f_n': 3.7455625689294367e-08, 'K_d': 584310.7032399147, 'rho_d': 11952350706598.486, 'fission_rate': 6.078183709974515e+19, 'D2_xe_scale': 0.06063797185261486, 'Dg_D1_scale': 0.1593750285423037, 'Dg_D3_scale': 2.9881605378163782, 'Dv_D1_scale': 0.2743070012464011, 'Dv_D2_scale': 3.992959821421754, 'b_bulk_scale': 0.32597044207846504, 'b_dislocation_scale': 0.16408356126343943, 'gb_scale': 5.489568380176212, 'gd_bubble_scale': 6.737952823377068, 'gd_line_scale': 8.978243583366291, 'gd_line_alpha': 0.5181719064375034, 'coalescence_d_scale': 0.30524054166890463, 'capture_scale': 6.428166165231816}. Best is trial 1126 with value: 1.7410514264406347.
[I 2026-05-02 20:29:10,168] Trial 1216 finished with value: 1.9523630257204119 and parameters: {'f_n': 2.534911175657684e-07, 'K_d': 523315.9411722405, 'rho_d': 11243103733749.264, 'fission_rate': 6.290527865959844e+19, 'D2_xe_scale': 0.08704785104887056, 'Dg_D1_scale': 0.20220731412854245, 'Dg_D3_scale': 2.8054902588319526, 'Dv_D1_scale': 0.2273097539269268, 'Dv_D2_scale': 1.1323364947055712, 'b_bulk_scale': 0.4105615886251024, 'b_dislocation_scale': 0.22535022550327694, 'gb_scale': 4.71845492351385, 'gd_bubble_scale': 7.520726491823751, 'gd_line_scale': 9.989758269622264, 'gd_line_alpha': 0.5425355349519259, 'coalescence_d_scale': 0.3557111104615753, 'capture_scale': 7.082947258923761}. Best is trial 1126 with value: 1.7410514264406347.
[I 2026-05-02 20:29:14,829] Trial 1217 finished with value: 3.787677707283078 and parameters: {'f_n': 3.4677089719174057e-07, 'K_d': 617032.0393052064, 'rho_d': 10527190300130.203, 'fission_rate': 6.2160714424039105e+19, 'D2_xe_scale': 0.061694037674015205, 'Dg_D1_scale': 0.17631408410738916, 'Dg_D3_scale': 3.3396339562605997, 'Dv_D1_scale': 0.2920519939809914, 'Dv_D2_scale': 3.991198512957601, 'b_bulk_scale': 0.34610712258489257, 'b_dislocation_scale': 0.2032066604005064, 'gb_scale': 6.223709645031868, 'gd_bubble_scale': 8.553385187942729, 'gd_line_scale': 0.15715332205708826, 'gd_line_alpha': 0.48930614894739877, 'coalescence_d_scale': 0.2758289858505547, 'capture_scale': 4.771296070926279}. Best is trial 1126 with value: 1.7410514264406347.
[I 2026-05-02 20:29:19,544] Trial 1218 finished with value: 1.9449851623780101 and parameters: {'f_n': 4.998294421035709e-07, 'K_d': 662517.9329357839, 'rho_d': 11924629685954.557, 'fission_rate': 6.352279658511867e+19, 'D2_xe_scale': 0.05374360521972346, 'Dg_D1_scale': 0.1602449093639726, 'Dg_D3_scale': 3.7282038564016124, 'Dv_D1_scale': 0.24431250632962928, 'Dv_D2_scale': 3.6010353734709915, 'b_bulk_scale': 0.394767083084495, 'b_dislocation_scale': 0.17356714979137172, 'gb_scale': 7.272967618728454, 'gd_bubble_scale': 9.154620176440183, 'gd_line_scale': 8.416456298157573, 'gd_line_alpha': 0.46178895649993584, 'coalescence_d_scale': 2.2747001165956338, 'capture_scale': 7.977350580082395}. Best is trial 1126 with value: 1.7410514264406347.
[I 2026-05-02 20:29:24,465] Trial 1219 finished with value: 4.291066622706531 and parameters: {'f_n': 9.599533726851317e-07, 'K_d': 758173.3446509758, 'rho_d': 11077122160219.469, 'fission_rate': 5.989802447494363e+19, 'D2_xe_scale': 0.09551693573648971, 'Dg_D1_scale': 0.15029302959945884, 'Dg_D3_scale': 3.1736132948456004, 'Dv_D1_scale': 0.2637588481642377, 'Dv_D2_scale': 3.790734013673902, 'b_bulk_scale': 0.32101781126098217, 'b_dislocation_scale': 0.1437725675656402, 'gb_scale': 5.630189267122899, 'gd_bubble_scale': 7.026261536904979, 'gd_line_scale': 7.822511107341175, 'gd_line_alpha': 0.5309860674708524, 'coalescence_d_scale': 11.027565119489394, 'capture_scale': 5.937602667962579}. Best is trial 1126 with value: 1.7410514264406347.
[I 2026-05-02 20:29:29,201] Trial 1220 finished with value: 3.7575115965017822 and parameters: {'f_n': 6.275184520678588e-07, 'K_d': 696099.8774441025, 'rho_d': 10220912014483.744, 'fission_rate': 6.1390835902110835e+19, 'D2_xe_scale': 0.07697313685068534, 'Dg_D1_scale': 0.1834375780692353, 'Dg_D3_scale': 2.748187594293922, 'Dv_D1_scale': 0.2755278764085479, 'Dv_D2_scale': 3.362223271455004, 'b_bulk_scale': 0.3706773866450281, 'b_dislocation_scale': 0.15539019600286846, 'gb_scale': 6.65476156760128, 'gd_bubble_scale': 7.9445495845741725, 'gd_line_scale': 0.12310812838246146, 'gd_line_alpha': 0.6666166760629411, 'coalescence_d_scale': 0.4138616766462028, 'capture_scale': 7.017331506040349}. Best is trial 1126 with value: 1.7410514264406347.
[I 2026-05-02 20:29:32,356] Trial 1221 finished with value: 1.87084673343101 and parameters: {'f_n': 2.8585297914548637e-07, 'K_d': 642387.2943404401, 'rho_d': 12193759173459.578, 'fission_rate': 6.249573932059694e+19, 'D2_xe_scale': 0.0458223554807011, 'Dg_D1_scale': 0.16818522960600085, 'Dg_D3_scale': 3.4181924410051456, 'Dv_D1_scale': 0.2543795928977506, 'Dv_D2_scale': 3.7807011673698896, 'b_bulk_scale': 0.46606858433029874, 'b_dislocation_scale': 0.1892854768906445, 'gb_scale': 5.118554137636858, 'gd_bubble_scale': 6.301180339241957, 'gd_line_scale': 8.96649021020924, 'gd_line_alpha': 0.5689069982162639, 'coalescence_d_scale': 0.3185969310962146, 'capture_scale': 5.399613325572507}. Best is trial 1126 with value: 1.7410514264406347.
[I 2026-05-02 20:29:36,297] Trial 1222 finished with value: 4.790713248249305 and parameters: {'f_n': 2.135661044506236e-10, 'K_d': 746245.5038612944, 'rho_d': 11545490000723.56, 'fission_rate': 7.979455358315787e+19, 'D2_xe_scale': 0.07281315309166826, 'Dg_D1_scale': 0.1895275554597621, 'Dg_D3_scale': 2.6186429590591045, 'Dv_D1_scale': 1.0774075344458898, 'Dv_D2_scale': 3.5731444365923015, 'b_bulk_scale': 0.31945307319065364, 'b_dislocation_scale': 0.14143455750908535, 'gb_scale': 5.97476449955666, 'gd_bubble_scale': 9.132626070548106, 'gd_line_scale': 7.71397237892003, 'gd_line_alpha': 0.49759967294163515, 'coalescence_d_scale': 0.3726158155174629, 'capture_scale': 6.3363235778202585}. Best is trial 1126 with value: 1.7410514264406347.
[I 2026-05-02 20:29:41,160] Trial 1223 finished with value: 1.7516386255038696 and parameters: {'f_n': 4.50645512364752e-07, 'K_d': 705179.0801060614, 'rho_d': 10923256961147.883, 'fission_rate': 6.037970679620247e+19, 'D2_xe_scale': 0.05248780973673674, 'Dg_D1_scale': 0.1725363895088887, 'Dg_D3_scale': 2.9429734823396303, 'Dv_D1_scale': 0.2977482663357808, 'Dv_D2_scale': 3.8145069003701235, 'b_bulk_scale': 0.4301324112671235, 'b_dislocation_scale': 0.16827012046562673, 'gb_scale': 7.998298934742338, 'gd_bubble_scale': 7.41374458265187, 'gd_line_scale': 8.95983510064621, 'gd_line_alpha': 0.5522223705640971, 'coalescence_d_scale': 0.4112749482866253, 'capture_scale': 6.461559468633244}. Best is trial 1126 with value: 1.7410514264406347.Best trial: 1126. Best value: 1.74105:  82%|████████▏ | 1223/1500 [1:36:52<19:06,  4.14s/it]Best trial: 1126. Best value: 1.74105:  82%|████████▏ | 1223/1500 [1:36:52<19:06,  4.14s/it]Best trial: 1126. Best value: 1.74105:  82%|████████▏ | 1224/1500 [1:36:52<20:01,  4.35s/it]                                                                                            Best trial: 1126. Best value: 1.74105:  82%|████████▏ | 1224/1500 [1:36:57<20:01,  4.35s/it]Best trial: 1126. Best value: 1.74105:  82%|████████▏ | 1224/1500 [1:36:57<20:01,  4.35s/it]Best trial: 1126. Best value: 1.74105:  82%|████████▏ | 1225/1500 [1:36:57<20:26,  4.46s/it]                                                                                            Best trial: 1126. Best value: 1.74105:  82%|████████▏ | 1225/1500 [1:37:02<20:26,  4.46s/it]Best trial: 1126. Best value: 1.74105:  82%|████████▏ | 1225/1500 [1:37:02<20:26,  4.46s/it]Best trial: 1126. Best value: 1.74105:  82%|████████▏ | 1226/1500 [1:37:02<20:42,  4.53s/it]                                                                                            Best trial: 1126. Best value: 1.74105:  82%|████████▏ | 1226/1500 [1:37:06<20:42,  4.53s/it]Best trial: 1126. Best value: 1.74105:  82%|████████▏ | 1226/1500 [1:37:07<20:42,  4.53s/it]Best trial: 1126. Best value: 1.74105:  82%|████████▏ | 1227/1500 [1:37:07<20:57,  4.61s/it]                                                                                            Best trial: 1126. Best value: 1.74105:  82%|████████▏ | 1227/1500 [1:37:11<20:57,  4.61s/it]Best trial: 1126. Best value: 1.74105:  82%|████████▏ | 1227/1500 [1:37:11<20:57,  4.61s/it]Best trial: 1126. Best value: 1.74105:  82%|████████▏ | 1228/1500 [1:37:11<21:07,  4.66s/it]                                                                                            Best trial: 1126. Best value: 1.74105:  82%|████████▏ | 1228/1500 [1:37:15<21:07,  4.66s/it]Best trial: 1126. Best value: 1.74105:  82%|████████▏ | 1228/1500 [1:37:15<21:07,  4.66s/it]Best trial: 1126. Best value: 1.74105:  82%|████████▏ | 1229/1500 [1:37:15<19:24,  4.30s/it]                                                                                            Best trial: 1126. Best value: 1.74105:  82%|████████▏ | 1229/1500 [1:37:19<19:24,  4.30s/it]Best trial: 1126. Best value: 1.74105:  82%|████████▏ | 1229/1500 [1:37:20<19:24,  4.30s/it]Best trial: 1126. Best value: 1.74105:  82%|████████▏ | 1230/1500 [1:37:20<20:02,  4.45s/it]                                                                                            Best trial: 1126. Best value: 1.74105:  82%|████████▏ | 1230/1500 [1:37:24<20:02,  4.45s/it]Best trial: 1126. Best value: 1.74105:  82%|████████▏ | 1230/1500 [1:37:24<20:02,  4.45s/it]Best trial: 1126. Best value: 1.74105:  82%|████████▏ | 1231/1500 [1:37:24<20:16,  4.52s/it]                                                                                            Best trial: 1126. Best value: 1.74105:  82%|████████▏ | 1231/1500 [1:37:29<20:16,  4.52s/it]Best trial: 1126. Best value: 1.74105:  82%|████████▏ | 1231/1500 [1:37:29<20:16,  4.52s/it]Best trial: 1126. Best value: 1.74105:  82%|████████▏ | 1232/1500 [1:37:29<20:21,  4.56s/it]                                                                                            Best trial: 1126. Best value: 1.74105:  82%|████████▏ | 1232/1500 [1:37:33<20:21,  4.56s/it]Best trial: 1126. Best value: 1.74105:  82%|████████▏ | 1232/1500 [1:37:34<20:21,  4.56s/it]Best trial: 1126. Best value: 1.74105:  82%|████████▏ | 1233/1500 [1:37:34<20:25,  4.59s/it]                                                                                            Best trial: 1126. Best value: 1.74105:  82%|████████▏ | 1233/1500 [1:37:38<20:25,  4.59s/it]Best trial: 1126. Best value: 1.74105:  82%|████████▏ | 1233/1500 [1:37:38<20:25,  4.59s/it]Best trial: 1126. Best value: 1.74105:  82%|████████▏ | 1234/1500 [1:37:38<20:23,  4.60s/it]                                                                                            
[I 2026-05-02 20:29:45,859] Trial 1224 finished with value: 1.9343673569432303 and parameters: {'f_n': 3.7201727380784113e-07, 'K_d': 714623.0445225786, 'rho_d': 10147042935283.168, 'fission_rate': 6.1938765998810325e+19, 'D2_xe_scale': 0.051268675222232524, 'Dg_D1_scale': 0.1991120227922258, 'Dg_D3_scale': 2.8750490904109065, 'Dv_D1_scale': 0.3078257590112258, 'Dv_D2_scale': 3.1235589767445373, 'b_bulk_scale': 0.3688734026568086, 'b_dislocation_scale': 0.15922674107121668, 'gb_scale': 7.388798861150352, 'gd_bubble_scale': 5.396734302162025, 'gd_line_scale': 7.41124932631045, 'gd_line_alpha': 0.5284932770098707, 'coalescence_d_scale': 0.4333797674343346, 'capture_scale': 7.138568140774809}. Best is trial 1126 with value: 1.7410514264406347.
[I 2026-05-02 20:29:50,570] Trial 1225 finished with value: 1.7835535395773732 and parameters: {'f_n': 4.213554736310595e-07, 'K_d': 744140.8424595646, 'rho_d': 11485513713250.518, 'fission_rate': 6.3359885318269624e+19, 'D2_xe_scale': 0.04370773322035927, 'Dg_D1_scale': 0.17882142543564217, 'Dg_D3_scale': 2.8620668471561928, 'Dv_D1_scale': 0.2982662914088132, 'Dv_D2_scale': 3.325909886304884, 'b_bulk_scale': 0.33834331449032046, 'b_dislocation_scale': 0.14943156072785568, 'gb_scale': 7.4993445440375055, 'gd_bubble_scale': 8.314790705018144, 'gd_line_scale': 7.362787772156158, 'gd_line_alpha': 0.4877114991939496, 'coalescence_d_scale': 0.48166361797251006, 'capture_scale': 5.177743112973186}. Best is trial 1126 with value: 1.7410514264406347.
[I 2026-05-02 20:29:55,341] Trial 1226 finished with value: 4.286345648243637 and parameters: {'f_n': 4.3223053985937813e-07, 'K_d': 713697.8972940401, 'rho_d': 12295099722500.875, 'fission_rate': 6.13186338200084e+19, 'D2_xe_scale': 0.04855959674560694, 'Dg_D1_scale': 0.15888044757618536, 'Dg_D3_scale': 2.611506673299501, 'Dv_D1_scale': 0.31026993646106316, 'Dv_D2_scale': 3.4600145056006237, 'b_bulk_scale': 0.41163777557596315, 'b_dislocation_scale': 0.14301599779723148, 'gb_scale': 7.356023192382565, 'gd_bubble_scale': 0.8807299019179641, 'gd_line_scale': 0.2128919301674549, 'gd_line_alpha': 0.4629374173499885, 'coalescence_d_scale': 0.4227539065036855, 'capture_scale': 0.2764916728648166}. Best is trial 1126 with value: 1.7410514264406347.
[I 2026-05-02 20:30:00,128] Trial 1227 finished with value: 4.1220873682112655 and parameters: {'f_n': 3.463489869383604e-07, 'K_d': 754449.6103445503, 'rho_d': 10855978272694.78, 'fission_rate': 6.084485652643329e+19, 'D2_xe_scale': 0.051648729353611096, 'Dg_D1_scale': 0.1500937162754708, 'Dg_D3_scale': 3.007988105350328, 'Dv_D1_scale': 0.2931328018398967, 'Dv_D2_scale': 3.6389840616165503, 'b_bulk_scale': 0.3181548524195623, 'b_dislocation_scale': 0.1642209557179097, 'gb_scale': 7.714385077588798, 'gd_bubble_scale': 6.6619569906775, 'gd_line_scale': 0.10047488956240207, 'gd_line_alpha': 0.5428852442415163, 'coalescence_d_scale': 0.47480202469044547, 'capture_scale': 7.986384274286542}. Best is trial 1126 with value: 1.7410514264406347.
[I 2026-05-02 20:30:03,574] Trial 1228 finished with value: 1.8043269814001146 and parameters: {'f_n': 2.9128612198901575e-07, 'K_d': 685502.7555125853, 'rho_d': 11568067569647.65, 'fission_rate': 5.966428420639928e+19, 'D2_xe_scale': 0.043121187058112576, 'Dg_D1_scale': 0.2055788370469172, 'Dg_D3_scale': 2.737049409615977, 'Dv_D1_scale': 0.31420457102018884, 'Dv_D2_scale': 3.2938331452106486, 'b_bulk_scale': 0.3851024074662002, 'b_dislocation_scale': 0.13819427942303622, 'gb_scale': 7.989528351515171, 'gd_bubble_scale': 5.914806927135205, 'gd_line_scale': 8.525288837393799, 'gd_line_alpha': 0.5031747291281014, 'coalescence_d_scale': 0.34895235699190824, 'capture_scale': 5.761542131044848}. Best is trial 1126 with value: 1.7410514264406347.
[I 2026-05-02 20:30:08,388] Trial 1229 finished with value: 2.1796051877019225 and parameters: {'f_n': 4.859990218687763e-07, 'K_d': 750919.4497866483, 'rho_d': 10236704942579.541, 'fission_rate': 6.2423738890457416e+19, 'D2_xe_scale': 0.05626074872498608, 'Dg_D1_scale': 0.18767718323880053, 'Dg_D3_scale': 2.645070581618987, 'Dv_D1_scale': 0.2925408764591383, 'Dv_D2_scale': 3.635143652951352, 'b_bulk_scale': 0.34751667468735786, 'b_dislocation_scale': 0.16330279242250004, 'gb_scale': 7.195075745689355, 'gd_bubble_scale': 7.309651043692819, 'gd_line_scale': 7.306382011248374, 'gd_line_alpha': 0.5511040302174757, 'coalescence_d_scale': 0.40810285288222226, 'capture_scale': 0.07385233100954587}. Best is trial 1126 with value: 1.7410514264406347.
