[I 2026-05-02 20:39:43,562] Trial 1358 finished with value: 1.975062600219023 and parameters: {'f_n': 3.4194053270510006e-07, 'K_d': 608187.5694517919, 'rho_d': 12385054275163.018, 'fission_rate': 6.430178493072652e+19, 'D2_xe_scale': 0.010098859862779542, 'Dg_D1_scale': 0.1964559486711018, 'Dg_D3_scale': 2.305372419706496, 'Dv_D1_scale': 0.2716171966528481, 'Dv_D2_scale': 3.8042201356813674, 'b_bulk_scale': 0.25353417074906465, 'b_dislocation_scale': 0.16634483882575016, 'gb_scale': 6.983812414406379, 'gd_bubble_scale': 8.477515104843484, 'gd_line_scale': 6.14457147795966, 'gd_line_alpha': 0.5254613464635477, 'coalescence_d_scale': 0.4293517971987217, 'capture_scale': 6.457937662531983}. Best is trial 1126 with value: 1.7410514264406347.
[I 2026-05-02 20:39:46,802] Trial 1359 finished with value: 1.8492208161099162 and parameters: {'f_n': 4.4317179820326766e-07, 'K_d': 681638.4079456773, 'rho_d': 8747956686171.826, 'fission_rate': 6.164243051705011e+19, 'D2_xe_scale': 0.07852414833058874, 'Dg_D1_scale': 0.18039420577851675, 'Dg_D3_scale': 0.7745573472189555, 'Dv_D1_scale': 0.24618698556162802, 'Dv_D2_scale': 3.2939592459616254, 'b_bulk_scale': 0.433886018573688, 'b_dislocation_scale': 0.12733797676985983, 'gb_scale': 6.659361874319743, 'gd_bubble_scale': 9.993826421257511, 'gd_line_scale': 8.219626109884766, 'gd_line_alpha': 0.6145906738733483, 'coalescence_d_scale': 0.32179480052400183, 'capture_scale': 7.0776531861860645}. Best is trial 1126 with value: 1.7410514264406347.
[I 2026-05-02 20:39:51,500] Trial 1360 finished with value: 2.3878265948434914 and parameters: {'f_n': 9.014875531959594e-08, 'K_d': 642083.4821360698, 'rho_d': 11688853355518.115, 'fission_rate': 6.331014113107212e+19, 'D2_xe_scale': 0.06308696001017597, 'Dg_D1_scale': 2.9999221758564025, 'Dg_D3_scale': 2.554909685724718, 'Dv_D1_scale': 0.30502361094979397, 'Dv_D2_scale': 3.5841716570970603, 'b_bulk_scale': 0.3096215722618951, 'b_dislocation_scale': 0.14657564476847834, 'gb_scale': 5.109808830144242, 'gd_bubble_scale': 7.153762286994614, 'gd_line_scale': 6.971719975078184, 'gd_line_alpha': 0.5558400295889883, 'coalescence_d_scale': 0.6081176554532923, 'capture_scale': 5.176254745738008}. Best is trial 1126 with value: 1.7410514264406347.
[I 2026-05-02 20:39:56,357] Trial 1361 finished with value: 2.4790578775763636 and parameters: {'f_n': 8.597308751880194e-07, 'K_d': 126778.94459736717, 'rho_d': 9971719790073.324, 'fission_rate': 6.101112820870576e+19, 'D2_xe_scale': 0.8522313397781447, 'Dg_D1_scale': 0.1578475182049754, 'Dg_D3_scale': 2.9509524734131074, 'Dv_D1_scale': 0.32793522500743716, 'Dv_D2_scale': 3.007372725835336, 'b_bulk_scale': 0.3528246430628178, 'b_dislocation_scale': 0.11201881853407693, 'gb_scale': 5.850264009686121, 'gd_bubble_scale': 7.730320283741863, 'gd_line_scale': 7.671634409859059, 'gd_line_alpha': 0.4538083070945265, 'coalescence_d_scale': 0.4012982730494867, 'capture_scale': 4.331302576096601}. Best is trial 1126 with value: 1.7410514264406347.
[I 2026-05-02 20:40:00,798] Trial 1362 finished with value: 2.4762317906183573 and parameters: {'f_n': 5.1497784248119e-07, 'K_d': 768074.0025776456, 'rho_d': 10842384335901.023, 'fission_rate': 6.411740993299457e+19, 'D2_xe_scale': 0.05364221848083564, 'Dg_D1_scale': 0.17069363670642085, 'Dg_D3_scale': 3.1569371011691127, 'Dv_D1_scale': 0.25943697308835867, 'Dv_D2_scale': 3.6276245471657638, 'b_bulk_scale': 0.22643447466314562, 'b_dislocation_scale': 0.1666556753831693, 'gb_scale': 7.232956445347814, 'gd_bubble_scale': 0.10092323088650713, 'gd_line_scale': 9.113393886247366, 'gd_line_alpha': 0.4313080271362363, 'coalescence_d_scale': 0.4953948766862027, 'capture_scale': 5.926925558740929}. Best is trial 1126 with value: 1.7410514264406347.
[I 2026-05-02 20:40:05,586] Trial 1363 finished with value: 2.2426325074224045 and parameters: {'f_n': 6.798692955670124e-07, 'K_d': 727836.9311205415, 'rho_d': 13441324187137.45, 'fission_rate': 6.210237992159323e+19, 'D2_xe_scale': 5.774925175347007, 'Dg_D1_scale': 0.20645163359719235, 'Dg_D3_scale': 2.762283515547211, 'Dv_D1_scale': 0.28712189630382096, 'Dv_D2_scale': 3.9828080703351243, 'b_bulk_scale': 0.2741061360565221, 'b_dislocation_scale': 0.1857131255068776, 'gb_scale': 6.250077001520439, 'gd_bubble_scale': 9.005524173099266, 'gd_line_scale': 4.969589943853672, 'gd_line_alpha': 0.48618851432095106, 'coalescence_d_scale': 0.3509280524478083, 'capture_scale': 6.921381306624548}. Best is trial 1126 with value: 1.7410514264406347.
[I 2026-05-02 20:40:10,512] Trial 1364 finished with value: 2.5974324634475843 and parameters: {'f_n': 3.931938779465827e-07, 'K_d': 807262.5330954138, 'rho_d': 11730687027056.527, 'fission_rate': 6.016389529255907e+19, 'D2_xe_scale': 0.07684627761123664, 'Dg_D1_scale': 0.18586967453945838, 'Dg_D3_scale': 2.4354459982950627, 'Dv_D1_scale': 0.6717721034386156, 'Dv_D2_scale': 3.987121421862187, 'b_bulk_scale': 0.3838159063274175, 'b_dislocation_scale': 0.13776224791661804, 'gb_scale': 4.26173964339549, 'gd_bubble_scale': 5.8729630600540546, 'gd_line_scale': 9.994443454136876, 'gd_line_alpha': 0.5835271089785908, 'coalescence_d_scale': 0.548098353756047, 'capture_scale': 6.211661949898206}. Best is trial 1126 with value: 1.7410514264406347.
[I 2026-05-02 20:40:15,276] Trial 1365 finished with value: 1.8146259491456604 and parameters: {'f_n': 2.873158838077645e-07, 'K_d': 702689.2171621617, 'rho_d': 10396959541694.012, 'fission_rate': 6.2658048168846926e+19, 'D2_xe_scale': 0.045890171740349844, 'Dg_D1_scale': 0.15896827148172848, 'Dg_D3_scale': 3.447052055657054, 'Dv_D1_scale': 0.27313699570601757, 'Dv_D2_scale': 3.380475461455644, 'b_bulk_scale': 0.4094070153221076, 'b_dislocation_scale': 0.15545749893753405, 'gb_scale': 4.767763913289272, 'gd_bubble_scale': 6.593902103374588, 'gd_line_scale': 8.295408658283007, 'gd_line_alpha': 0.9499363875487407, 'coalescence_d_scale': 0.45220980561321233, 'capture_scale': 1.468212093665353}. Best is trial 1126 with value: 1.7410514264406347.
[I 2026-05-02 20:40:18,583] Trial 1366 finished with value: 1.9437629897207074 and parameters: {'f_n': 5.262391377830432e-07, 'K_d': 649661.9816714555, 'rho_d': 11094327145437.43, 'fission_rate': 6.090944933042312e+19, 'D2_xe_scale': 0.011485390731985448, 'Dg_D1_scale': 0.16870702971441057, 'Dg_D3_scale': 2.2720556835307284, 'Dv_D1_scale': 0.3079154509816086, 'Dv_D2_scale': 3.8144040876269685, 'b_bulk_scale': 0.5084604458572042, 'b_dislocation_scale': 0.21608280893324608, 'gb_scale': 5.494770616027355, 'gd_bubble_scale': 8.26466590443086, 'gd_line_scale': 6.4979590376671466, 'gd_line_alpha': 0.5338140598151327, 'coalescence_d_scale': 0.3854311032646112, 'capture_scale': 5.195804106453489}. Best is trial 1126 with value: 1.7410514264406347.Best trial: 1126. Best value: 1.74105:  91%|█████████ | 1366/1500 [1:47:30<10:30,  4.71s/it]Best trial: 1126. Best value: 1.74105:  91%|█████████ | 1366/1500 [1:47:30<10:30,  4.71s/it]Best trial: 1126. Best value: 1.74105:  91%|█████████ | 1367/1500 [1:47:30<09:30,  4.29s/it]                                                                                            Best trial: 1126. Best value: 1.74105:  91%|█████████ | 1367/1500 [1:47:34<09:30,  4.29s/it]Best trial: 1126. Best value: 1.74105:  91%|█████████ | 1367/1500 [1:47:35<09:30,  4.29s/it]Best trial: 1126. Best value: 1.74105:  91%|█████████ | 1368/1500 [1:47:35<09:42,  4.42s/it]                                                                                            Best trial: 1126. Best value: 1.74105:  91%|█████████ | 1368/1500 [1:47:39<09:42,  4.42s/it]Best trial: 1126. Best value: 1.74105:  91%|█████████ | 1368/1500 [1:47:39<09:42,  4.42s/it]Best trial: 1126. Best value: 1.74105:  91%|█████████▏| 1369/1500 [1:47:39<09:53,  4.53s/it]                                                                                            Best trial: 1126. Best value: 1.74105:  91%|█████████▏| 1369/1500 [1:47:44<09:53,  4.53s/it]Best trial: 1126. Best value: 1.74105:  91%|█████████▏| 1369/1500 [1:47:44<09:53,  4.53s/it]Best trial: 1126. Best value: 1.74105:  91%|█████████▏| 1370/1500 [1:47:44<10:05,  4.66s/it]                                                                                            Best trial: 1126. Best value: 1.74105:  91%|█████████▏| 1370/1500 [1:47:49<10:05,  4.66s/it]Best trial: 1126. Best value: 1.74105:  91%|█████████▏| 1370/1500 [1:47:49<10:05,  4.66s/it]Best trial: 1126. Best value: 1.74105:  91%|█████████▏| 1371/1500 [1:47:49<10:08,  4.71s/it]                                                                                            Best trial: 1126. Best value: 1.74105:  91%|█████████▏| 1371/1500 [1:47:54<10:08,  4.71s/it]Best trial: 1126. Best value: 1.74105:  91%|█████████▏| 1371/1500 [1:47:54<10:08,  4.71s/it]Best trial: 1126. Best value: 1.74105:  91%|█████████▏| 1372/1500 [1:47:54<10:00,  4.69s/it]                                                                                            Best trial: 1126. Best value: 1.74105:  91%|█████████▏| 1372/1500 [1:47:58<10:00,  4.69s/it]Best trial: 1126. Best value: 1.74105:  91%|█████████▏| 1372/1500 [1:47:59<10:00,  4.69s/it]Best trial: 1126. Best value: 1.74105:  92%|█████████▏| 1373/1500 [1:47:59<10:03,  4.75s/it]                                                                                            Best trial: 1126. Best value: 1.74105:  92%|█████████▏| 1373/1500 [1:48:02<10:03,  4.75s/it]Best trial: 1126. Best value: 1.74105:  92%|█████████▏| 1373/1500 [1:48:02<10:03,  4.75s/it]Best trial: 1126. Best value: 1.74105:  92%|█████████▏| 1374/1500 [1:48:02<08:59,  4.28s/it]                                                                                            Best trial: 1126. Best value: 1.74105:  92%|█████████▏| 1374/1500 [1:48:06<08:59,  4.28s/it]Best trial: 1126. Best value: 1.74105:  92%|█████████▏| 1374/1500 [1:48:07<08:59,  4.28s/it]Best trial: 1126. Best value: 1.74105:  92%|█████████▏| 1375/1500 [1:48:07<09:15,  4.44s/it]                                                                                            Best trial: 1126. Best value: 1.74105:  92%|█████████▏| 1375/1500 [1:48:11<09:15,  4.44s/it]Best trial: 1126. Best value: 1.74105:  92%|█████████▏| 1375/1500 [1:48:12<09:15,  4.44s/it]Best trial: 1126. Best value: 1.74105:  92%|█████████▏| 1376/1500 [1:48:12<09:26,  4.57s/it]                                                                                            Best trial: 1126. Best value: 1.74105:  92%|█████████▏| 1376/1500 [1:48:16<09:26,  4.57s/it]Best trial: 1126. Best value: 1.74105:  92%|█████████▏| 1376/1500 [1:48:16<09:26,  4.57s/it]Best trial: 1126. Best value: 1.74105:  92%|█████████▏| 1377/1500 [1:48:16<09:27,  4.61s/it]                                                                                            
[I 2026-05-02 20:40:23,292] Trial 1367 finished with value: 3.6926698398888558 and parameters: {'f_n': 9.701395847328528e-07, 'K_d': 786786.4375840693, 'rho_d': 12343789260389.074, 'fission_rate': 6.342974085820992e+19, 'D2_xe_scale': 0.09477457372408866, 'Dg_D1_scale': 0.17848158858213312, 'Dg_D3_scale': 3.7939327298961434, 'Dv_D1_scale': 0.2512645174810197, 'Dv_D2_scale': 3.987167156069576, 'b_bulk_scale': 1.6318341533792102, 'b_dislocation_scale': 0.12215099160522679, 'gb_scale': 7.280188384189488, 'gd_bubble_scale': 9.123925927040467, 'gd_line_scale': 7.585917306255591, 'gd_line_alpha': 0.5589861623612421, 'coalescence_d_scale': 7.710866327650757, 'capture_scale': 7.041152724182976}. Best is trial 1126 with value: 1.7410514264406347.
[I 2026-05-02 20:40:28,082] Trial 1368 finished with value: 1.8468766080015284 and parameters: {'f_n': 2.3171412879974354e-07, 'K_d': 553695.0950499224, 'rho_d': 9943353476218.438, 'fission_rate': 6.243387842232761e+19, 'D2_xe_scale': 0.06460219511367939, 'Dg_D1_scale': 0.1595469525912726, 'Dg_D3_scale': 2.685409448771799, 'Dv_D1_scale': 0.2902668787974749, 'Dv_D2_scale': 3.6207846310663196, 'b_bulk_scale': 0.3367265687759581, 'b_dislocation_scale': 0.19234148614065724, 'gb_scale': 6.575909702920773, 'gd_bubble_scale': 7.700824412265774, 'gd_line_scale': 8.938180443299983, 'gd_line_alpha': 0.49825130285835956, 'coalescence_d_scale': 0.33082742646615887, 'capture_scale': 5.791285413007753}. Best is trial 1126 with value: 1.7410514264406347.
[I 2026-05-02 20:40:33,047] Trial 1369 finished with value: 1.7625329206446188 and parameters: {'f_n': 3.79077080904713e-07, 'K_d': 737691.7015717863, 'rho_d': 9433116070149.832, 'fission_rate': 5.962247282110905e+19, 'D2_xe_scale': 0.0411500154508735, 'Dg_D1_scale': 0.1853005601451989, 'Dg_D3_scale': 3.087088317628417, 'Dv_D1_scale': 0.33835963567616956, 'Dv_D2_scale': 3.9981193318095807, 'b_bulk_scale': 0.2951414184324946, 'b_dislocation_scale': 0.10820693220529404, 'gb_scale': 5.888135202071858, 'gd_bubble_scale': 7.004202965523429, 'gd_line_scale': 7.1064059429350985, 'gd_line_alpha': 0.46678889515943356, 'coalescence_d_scale': 0.28445361677569136, 'capture_scale': 4.747574408343369}. Best is trial 1126 with value: 1.7410514264406347.
[I 2026-05-02 20:40:37,895] Trial 1370 finished with value: 2.0025603317717002 and parameters: {'f_n': 7.163321894679485e-07, 'K_d': 688360.4733009277, 'rho_d': 12804284443009.531, 'fission_rate': 6.158530426324795e+19, 'D2_xe_scale': 0.07443785385927738, 'Dg_D1_scale': 0.20022586012404364, 'Dg_D3_scale': 2.491427994470452, 'Dv_D1_scale': 0.2693450954849748, 'Dv_D2_scale': 3.429984323278277, 'b_bulk_scale': 0.42666488612173326, 'b_dislocation_scale': 0.13357431865493627, 'gb_scale': 5.170651547352176, 'gd_bubble_scale': 9.025731327195967, 'gd_line_scale': 8.34353916087865, 'gd_line_alpha': 0.6041860914259414, 'coalescence_d_scale': 0.4320040335990556, 'capture_scale': 7.951353209305242}. Best is trial 1126 with value: 1.7410514264406347.
[I 2026-05-02 20:40:42,536] Trial 1371 finished with value: 1.8784547611114557 and parameters: {'f_n': 4.413204300542071e-07, 'K_d': 754602.478016604, 'rho_d': 11437844009770.48, 'fission_rate': 6.4178053891391e+19, 'D2_xe_scale': 0.05146836410594487, 'Dg_D1_scale': 0.1500815058802878, 'Dg_D3_scale': 3.3272617025457643, 'Dv_D1_scale': 0.3193044584751709, 'Dv_D2_scale': 3.9985529662728245, 'b_bulk_scale': 0.355169771925003, 'b_dislocation_scale': 0.1468585365711489, 'gb_scale': 7.982589237115747, 'gd_bubble_scale': 8.054908196721374, 'gd_line_scale': 5.619857576670628, 'gd_line_alpha': 0.5065736654037186, 'coalescence_d_scale': 0.49640418282519105, 'capture_scale': 6.4352950305837}. Best is trial 1126 with value: 1.7410514264406347.
[I 2026-05-02 20:40:47,356] Trial 1372 finished with value: 2.035805291582913 and parameters: {'f_n': 5.965779676399694e-07, 'K_d': 662622.2991492796, 'rho_d': 10546064465894.654, 'fission_rate': 6.071465718486684e+19, 'D2_xe_scale': 0.6658174305967073, 'Dg_D1_scale': 0.22672388945828492, 'Dg_D3_scale': 2.8327582801437967, 'Dv_D1_scale': 0.23712772108953015, 'Dv_D2_scale': 3.623717380790074, 'b_bulk_scale': 0.25973144101813406, 'b_dislocation_scale': 0.17564418174299012, 'gb_scale': 6.746404777260293, 'gd_bubble_scale': 6.549114758453982, 'gd_line_scale': 9.036838653043258, 'gd_line_alpha': 0.540373542810998, 'coalescence_d_scale': 0.3659677261693405, 'capture_scale': 7.166202902676904}. Best is trial 1126 with value: 1.7410514264406347.
[I 2026-05-02 20:40:50,603] Trial 1373 finished with value: 2.8942639793371425 and parameters: {'f_n': 1.3723620107366888e-08, 'K_d': 593825.1451562045, 'rho_d': 11976801403429.742, 'fission_rate': 6.3099122500661354e+19, 'D2_xe_scale': 0.01202537856616084, 'Dg_D1_scale': 0.16868241310426488, 'Dg_D3_scale': 2.2605074198984294, 'Dv_D1_scale': 0.29648967816670224, 'Dv_D2_scale': 3.7919612171750985, 'b_bulk_scale': 0.3053345608876991, 'b_dislocation_scale': 0.12094376809320175, 'gb_scale': 6.149829423222206, 'gd_bubble_scale': 9.149831918012994, 'gd_line_scale': 7.727766643899892, 'gd_line_alpha': 0.6458680977255741, 'coalescence_d_scale': 0.6047004565311275, 'capture_scale': 5.467084200461827}. Best is trial 1126 with value: 1.7410514264406347.
[I 2026-05-02 20:40:55,406] Trial 1374 finished with value: 1.7901424632145422 and parameters: {'f_n': 3.1225926077844507e-07, 'K_d': 824811.5239044761, 'rho_d': 13290528311980.316, 'fission_rate': 6.194204203417194e+19, 'D2_xe_scale': 0.11500484455442209, 'Dg_D1_scale': 0.19487172863820088, 'Dg_D3_scale': 2.621849080964164, 'Dv_D1_scale': 0.20875545820297897, 'Dv_D2_scale': 3.1493858475377157, 'b_bulk_scale': 0.46789625657952677, 'b_dislocation_scale': 0.16437054493588327, 'gb_scale': 7.24292097990665, 'gd_bubble_scale': 7.569467511288466, 'gd_line_scale': 6.129242352168826, 'gd_line_alpha': 0.44819249177421544, 'coalescence_d_scale': 0.30498217959639157, 'capture_scale': 4.12438893708561}. Best is trial 1126 with value: 1.7410514264406347.
[I 2026-05-02 20:41:00,298] Trial 1375 finished with value: 2.296947127678563 and parameters: {'f_n': 1.0496201623963072e-06, 'K_d': 703141.5334610866, 'rho_d': 11280602346566.072, 'fission_rate': 5.939985400393678e+19, 'D2_xe_scale': 1.175119346374609, 'Dg_D1_scale': 0.1772875525106462, 'Dg_D3_scale': 3.0073951081508, 'Dv_D1_scale': 0.27823038391901767, 'Dv_D2_scale': 3.4493226693070485, 'b_bulk_scale': 0.22292969597736856, 'b_dislocation_scale': 0.14128270272427002, 'gb_scale': 7.9932574466477, 'gd_bubble_scale': 8.430270110361228, 'gd_line_scale': 6.710590491760426, 'gd_line_alpha': 0.5771047492737252, 'coalescence_d_scale': 0.41083284018545696, 'capture_scale': 6.363010922828381}. Best is trial 1126 with value: 1.7410514264406347.
[I 2026-05-02 20:41:05,001] Trial 1376 finished with value: 1.8710117387860121 and parameters: {'f_n': 8.301499773742089e-07, 'K_d': 788223.6751237154, 'rho_d': 10361272839537.09, 'fission_rate': 6.289609468608701e+19, 'D2_xe_scale': 0.09046823452389896, 'Dg_D1_scale': 0.16666994754695838, 'Dg_D3_scale': 2.409201720744039, 'Dv_D1_scale': 0.25952331193918227, 'Dv_D2_scale': 3.996732314330714, 'b_bulk_scale': 0.3286244367793982, 'b_dislocation_scale': 0.13201767605742856, 'gb_scale': 4.7068260171548175, 'gd_bubble_scale': 1.04363082262092, 'gd_line_scale': 9.110929429447182, 'gd_line_alpha': 0.5207121010085086, 'coalescence_d_scale': 0.5410266842594913, 'capture_scale': 7.051437700527534}. Best is trial 1126 with value: 1.7410514264406347.
