[I 2026-05-02 19:48:24,625] Trial 662 finished with value: 2.051328466217943 and parameters: {'f_n': 1.9327153885311274e-06, 'K_d': 1086019.8942588235, 'rho_d': 14400988225888.06, 'fission_rate': 5.88217317668816e+19, 'D2_xe_scale': 1.3731064889487148, 'Dg_D1_scale': 0.20815519010581768, 'Dg_D3_scale': 1.648357195798029, 'Dv_D1_scale': 0.3067956474254571, 'Dv_D2_scale': 3.5760670294085073, 'b_bulk_scale': 0.159447557021954, 'b_dislocation_scale': 0.13435716242039145, 'gb_scale': 4.097786032774236, 'gd_bubble_scale': 8.93220506618582, 'gd_line_scale': 6.279627020610111, 'gd_line_alpha': 0.26408138923220953, 'coalescence_d_scale': 0.7385068114956356, 'capture_scale': 6.620775518972642}. Best is trial 636 with value: 1.7547638575143232.Best trial: 636. Best value: 1.75476:  44%|████▍     | 662/1500 [55:36<1:03:04,  4.52s/it]Best trial: 636. Best value: 1.75476:  44%|████▍     | 662/1500 [55:36<1:03:04,  4.52s/it]Best trial: 636. Best value: 1.75476:  44%|████▍     | 663/1500 [55:36<1:04:28,  4.62s/it]                                                                                          Best trial: 636. Best value: 1.75476:  44%|████▍     | 663/1500 [55:41<1:04:28,  4.62s/it]Best trial: 636. Best value: 1.75476:  44%|████▍     | 663/1500 [55:41<1:04:28,  4.62s/it]Best trial: 636. Best value: 1.75476:  44%|████▍     | 664/1500 [55:41<1:06:23,  4.77s/it]                                                                                          Best trial: 636. Best value: 1.75476:  44%|████▍     | 664/1500 [55:46<1:06:23,  4.77s/it]Best trial: 636. Best value: 1.75476:  44%|████▍     | 664/1500 [55:46<1:06:23,  4.77s/it]Best trial: 636. Best value: 1.75476:  44%|████▍     | 665/1500 [55:46<1:06:46,  4.80s/it]                                                                                          Best trial: 636. Best value: 1.75476:  44%|████▍     | 665/1500 [55:50<1:06:46,  4.80s/it]Best trial: 636. Best value: 1.75476:  44%|████▍     | 665/1500 [55:50<1:06:46,  4.80s/it]Best trial: 636. Best value: 1.75476:  44%|████▍     | 666/1500 [55:50<1:05:51,  4.74s/it]                                                                                          Best trial: 636. Best value: 1.75476:  44%|████▍     | 666/1500 [55:54<1:05:51,  4.74s/it]Best trial: 636. Best value: 1.75476:  44%|████▍     | 666/1500 [55:54<1:05:51,  4.74s/it]Best trial: 636. Best value: 1.75476:  44%|████▍     | 667/1500 [55:54<1:01:32,  4.43s/it]                                                                                          Best trial: 636. Best value: 1.75476:  44%|████▍     | 667/1500 [55:59<1:01:32,  4.43s/it]Best trial: 636. Best value: 1.75476:  44%|████▍     | 667/1500 [55:59<1:01:32,  4.43s/it]Best trial: 636. Best value: 1.75476:  45%|████▍     | 668/1500 [55:59<1:03:18,  4.56s/it]                                                                                          Best trial: 636. Best value: 1.75476:  45%|████▍     | 668/1500 [56:04<1:03:18,  4.56s/it]Best trial: 636. Best value: 1.75476:  45%|████▍     | 668/1500 [56:04<1:03:18,  4.56s/it]Best trial: 636. Best value: 1.75476:  45%|████▍     | 669/1500 [56:04<1:03:50,  4.61s/it]                                                                                          Best trial: 636. Best value: 1.75476:  45%|████▍     | 669/1500 [56:08<1:03:50,  4.61s/it]Best trial: 636. Best value: 1.75476:  45%|████▍     | 669/1500 [56:08<1:03:50,  4.61s/it]Best trial: 636. Best value: 1.75476:  45%|████▍     | 670/1500 [56:08<1:04:27,  4.66s/it]                                                                                          Best trial: 636. Best value: 1.75476:  45%|████▍     | 670/1500 [56:13<1:04:27,  4.66s/it]Best trial: 636. Best value: 1.75476:  45%|████▍     | 670/1500 [56:13<1:04:27,  4.66s/it]Best trial: 636. Best value: 1.75476:  45%|████▍     | 671/1500 [56:13<1:05:17,  4.73s/it]                                                                                          Best trial: 636. Best value: 1.75476:  45%|████▍     | 671/1500 [56:18<1:05:17,  4.73s/it]Best trial: 636. Best value: 1.75476:  45%|████▍     | 671/1500 [56:18<1:05:17,  4.73s/it]Best trial: 636. Best value: 1.75476:  45%|████▍     | 672/1500 [56:18<1:06:01,  4.78s/it]                                                                                          Best trial: 636. Best value: 1.75476:  45%|████▍     | 672/1500 [56:23<1:06:01,  4.78s/it]Best trial: 636. Best value: 1.75476:  45%|████▍     | 672/1500 [56:23<1:06:01,  4.78s/it]Best trial: 636. Best value: 1.75476:  45%|████▍     | 673/1500 [56:23<1:06:55,  4.86s/it]                                                                                          
[I 2026-05-02 19:48:29,720] Trial 663 finished with value: 1.9196878714212475 and parameters: {'f_n': 1.454656880431219e-06, 'K_d': 1004854.5478878577, 'rho_d': 13992385726595.748, 'fission_rate': 5.616955042060192e+19, 'D2_xe_scale': 0.6409352679177559, 'Dg_D1_scale': 0.22151647633582314, 'Dg_D3_scale': 1.479142501940167, 'Dv_D1_scale': 0.3385368130258853, 'Dv_D2_scale': 3.9850403657262885, 'b_bulk_scale': 0.176835729087713, 'b_dislocation_scale': 0.10902978288648514, 'gb_scale': 3.6106683387471246, 'gd_bubble_scale': 9.875791661084287, 'gd_line_scale': 8.005340695084728, 'gd_line_alpha': 0.9967252993177952, 'coalescence_d_scale': 0.6813012229137746, 'capture_scale': 7.088595208258801}. Best is trial 636 with value: 1.7547638575143232.
[I 2026-05-02 19:48:34,597] Trial 664 finished with value: 1.8212987209145661 and parameters: {'f_n': 1.9724957455660716e-06, 'K_d': 943125.5283325083, 'rho_d': 12655017612478.799, 'fission_rate': 5.76412122385711e+19, 'D2_xe_scale': 0.9058764300526813, 'Dg_D1_scale': 0.19614021277358404, 'Dg_D3_scale': 1.7957959522035212, 'Dv_D1_scale': 0.29314559273354324, 'Dv_D2_scale': 3.998374537376764, 'b_bulk_scale': 0.16056217112756893, 'b_dislocation_scale': 0.11029581034902035, 'gb_scale': 4.24850906385589, 'gd_bubble_scale': 8.658500980974683, 'gd_line_scale': 7.207961204128562, 'gd_line_alpha': 0.29203815860848403, 'coalescence_d_scale': 0.6078474716952945, 'capture_scale': 6.482890370798166}. Best is trial 636 with value: 1.7547638575143232.
[I 2026-05-02 19:48:39,197] Trial 665 finished with value: 2.1696605718642523 and parameters: {'f_n': 1.6389079919364135e-06, 'K_d': 920280.6572985417, 'rho_d': 13737645713128.873, 'fission_rate': 6.064627751975846e+19, 'D2_xe_scale': 1.141733842225138, 'Dg_D1_scale': 0.2105372758610897, 'Dg_D3_scale': 1.5508190403759383, 'Dv_D1_scale': 0.32580494412922484, 'Dv_D2_scale': 3.543191669030681, 'b_bulk_scale': 0.14036932138457267, 'b_dislocation_scale': 0.1583591571996394, 'gb_scale': 4.070920104797167, 'gd_bubble_scale': 8.547273077471095, 'gd_line_scale': 7.762263906783788, 'gd_line_alpha': 0.26347806604793356, 'coalescence_d_scale': 0.76372002979588, 'capture_scale': 7.804178109792075}. Best is trial 636 with value: 1.7547638575143232.
[I 2026-05-02 19:48:42,919] Trial 666 finished with value: 1.893012110720336 and parameters: {'f_n': 2.0031369739572354e-06, 'K_d': 1133569.4601971048, 'rho_d': 14829432214277.049, 'fission_rate': 5.667599318332373e+19, 'D2_xe_scale': 1.662818340863689, 'Dg_D1_scale': 0.19421270868948307, 'Dg_D3_scale': 1.3990320688229347, 'Dv_D1_scale': 0.31372648525842123, 'Dv_D2_scale': 3.768709980619575, 'b_bulk_scale': 0.14023058473103753, 'b_dislocation_scale': 0.12301427726619833, 'gb_scale': 3.4713861468702323, 'gd_bubble_scale': 8.909585646277385, 'gd_line_scale': 6.4506404189724265, 'gd_line_alpha': 0.3091191219568886, 'coalescence_d_scale': 0.6808218205127846, 'capture_scale': 7.952262011906487}. Best is trial 636 with value: 1.7547638575143232.
[I 2026-05-02 19:48:47,789] Trial 667 finished with value: 3.68961581148422 and parameters: {'f_n': 1.588774892766624e-06, 'K_d': 994327.7988597811, 'rho_d': 41965191899803.484, 'fission_rate': 5.830504011108706e+19, 'D2_xe_scale': 0.8056483453198026, 'Dg_D1_scale': 0.22988846675941452, 'Dg_D3_scale': 0.2493410956431025, 'Dv_D1_scale': 0.26849542696076056, 'Dv_D2_scale': 3.519874429183173, 'b_bulk_scale': 0.18408237304782898, 'b_dislocation_scale': 0.1273939556926812, 'gb_scale': 3.797685310589911, 'gd_bubble_scale': 8.685878639649312, 'gd_line_scale': 0.05336975872050075, 'gd_line_alpha': 0.2795080272861854, 'coalescence_d_scale': 0.7813803334816278, 'capture_scale': 6.420251301906918}. Best is trial 636 with value: 1.7547638575143232.
[I 2026-05-02 19:48:52,507] Trial 668 finished with value: 1.8621601231725509 and parameters: {'f_n': 1.9915047820110386e-06, 'K_d': 269640.17182714544, 'rho_d': 14746680219441.492, 'fission_rate': 5.987056493031444e+19, 'D2_xe_scale': 2.703799259541194, 'Dg_D1_scale': 0.2148069752239652, 'Dg_D3_scale': 1.3700049828354925, 'Dv_D1_scale': 0.343508839676438, 'Dv_D2_scale': 3.777811970265703, 'b_bulk_scale': 0.16117884365096527, 'b_dislocation_scale': 0.10833916088139763, 'gb_scale': 4.2624137217490965, 'gd_bubble_scale': 9.795140393959246, 'gd_line_scale': 7.895477891767492, 'gd_line_alpha': 0.2581489986229784, 'coalescence_d_scale': 0.6055981603029067, 'capture_scale': 6.165269623454743}. Best is trial 636 with value: 1.7547638575143232.
[I 2026-05-02 19:48:57,283] Trial 669 finished with value: 1.8852149162423606 and parameters: {'f_n': 1.5287607809466806e-06, 'K_d': 917400.0176648949, 'rho_d': 12991216508152.5, 'fission_rate': 5.875879796710577e+19, 'D2_xe_scale': 1.0568289748350264, 'Dg_D1_scale': 0.19691317378948497, 'Dg_D3_scale': 1.6681589927429068, 'Dv_D1_scale': 0.3354042704898964, 'Dv_D2_scale': 3.495414072350564, 'b_bulk_scale': 0.1468283878202344, 'b_dislocation_scale': 0.13628549206121002, 'gb_scale': 3.7893086183490565, 'gd_bubble_scale': 9.977633127197667, 'gd_line_scale': 7.037839456226618, 'gd_line_alpha': 0.2801543755113296, 'coalescence_d_scale': 0.6949884550411162, 'capture_scale': 6.974359800576451}. Best is trial 636 with value: 1.7547638575143232.
[I 2026-05-02 19:49:02,160] Trial 670 finished with value: 1.7649548379479678 and parameters: {'f_n': 1.9604314660812257e-06, 'K_d': 877572.1365887005, 'rho_d': 14052827254234.328, 'fission_rate': 5.756926381460715e+19, 'D2_xe_scale': 1.3040306853552364, 'Dg_D1_scale': 0.20319818097431253, 'Dg_D3_scale': 1.5075601019278286, 'Dv_D1_scale': 0.300409671994181, 'Dv_D2_scale': 3.998825235288679, 'b_bulk_scale': 0.17769940089560174, 'b_dislocation_scale': 0.11891886231381199, 'gb_scale': 4.42860088753212, 'gd_bubble_scale': 8.421132782701088, 'gd_line_scale': 8.027998005780173, 'gd_line_alpha': 0.2575483369298134, 'coalescence_d_scale': 0.7842144604370352, 'capture_scale': 7.129364856040459}. Best is trial 636 with value: 1.7547638575143232.
[I 2026-05-02 19:49:07,084] Trial 671 finished with value: 4.7042334804640396 and parameters: {'f_n': 1.3451946232587183e-06, 'K_d': 890708.3021839511, 'rho_d': 79789448763997.58, 'fission_rate': 5.711004725471674e+19, 'D2_xe_scale': 1.7912066941703173, 'Dg_D1_scale': 0.22554838119824988, 'Dg_D3_scale': 1.512275050085036, 'Dv_D1_scale': 0.2851573602147031, 'Dv_D2_scale': 3.7460463305680824, 'b_bulk_scale': 0.17647594317514184, 'b_dislocation_scale': 0.11746736737008043, 'gb_scale': 3.461450758539484, 'gd_bubble_scale': 8.43969802008006, 'gd_line_scale': 6.426992242357986, 'gd_line_alpha': 0.31069034445946886, 'coalescence_d_scale': 0.6173046376655311, 'capture_scale': 7.144020468956397}. Best is trial 636 with value: 1.7547638575143232.
[I 2026-05-02 19:49:12,105] Trial 672 finished with value: 3.569814689489446 and parameters: {'f_n': 3.1683457757468978e-09, 'K_d': 1046493.6480535254, 'rho_d': 13756799671368.658, 'fission_rate': 5.616283157841796e+19, 'D2_xe_scale': 1.349377602666405, 'Dg_D1_scale': 0.2062288839789651, 'Dg_D3_scale': 1.573174152097135, 'Dv_D1_scale': 0.29950168680647515, 'Dv_D2_scale': 3.8044848017454584, 'b_bulk_scale': 0.1967451161441508, 'b_dislocation_scale': 0.1762534773742684, 'gb_scale': 4.54710612212575, 'gd_bubble_scale': 9.95080098589515, 'gd_line_scale': 7.211253931171402, 'gd_line_alpha': 0.26036434937619835, 'coalescence_d_scale': 0.7906274345008056, 'capture_scale': 7.905483768785622}. Best is trial 636 with value: 1.7547638575143232.
[I 2026-05-02 19:49:15,377] Trial 673 finished with value: 1.883402685468793 and parameters: {'f_n': 1.747750334595813e-06, 'K_d': 987782.5770982625, 'rho_d': 14191637080851.744, 'fission_rate': 5.754384588339966e+19, 'D2_xe_scale': 0.7916608148678964, 'Dg_D1_scale': 0.19115181574667583, 'Dg_D3_scale': 1.456576156888423, 'Dv_D1_scale': 0.31510468986085316, 'Dv_D2_scale': 3.9507349127956775, 'b_bulk_scale': 0.16205441650586105, 'b_dislocation_scale': 0.1422751338860222, 'gb_scale': 3.9476379081455977, 'gd_bubble_scale': 8.495057550538746, 'gd_line_scale': 8.109085651973219, 'gd_line_alpha': 0.298193607810854, 'coalescence_d_scale': 0.6870447190620373, 'capture_scale': 6.219135678570198}. Best is trial 636 with value: 1.7547638575143232.Best trial: 636. Best value: 1.75476:  45%|████▍     | 673/1500 [56:26<1:06:55,  4.86s/it]Best trial: 636. Best value: 1.75476:  45%|████▍     | 673/1500 [56:27<1:06:55,  4.86s/it]Best trial: 636. Best value: 1.75476:  45%|████▍     | 674/1500 [56:27<1:00:18,  4.38s/it]                                                                                          Best trial: 636. Best value: 1.75476:  45%|████▍     | 674/1500 [56:31<1:00:18,  4.38s/it]Best trial: 636. Best value: 1.75476:  45%|████▍     | 674/1500 [56:31<1:00:18,  4.38s/it]Best trial: 636. Best value: 1.75476:  45%|████▌     | 675/1500 [56:31<1:02:29,  4.55s/it]                                                                                          Best trial: 636. Best value: 1.75476:  45%|████▌     | 675/1500 [56:36<1:02:29,  4.55s/it]Best trial: 636. Best value: 1.75476:  45%|████▌     | 675/1500 [56:36<1:02:29,  4.55s/it]Best trial: 636. Best value: 1.75476:  45%|████▌     | 676/1500 [56:36<1:03:56,  4.66s/it]                                                                                          Best trial: 636. Best value: 1.75476:  45%|████▌     | 676/1500 [56:41<1:03:56,  4.66s/it]Best trial: 636. Best value: 1.75476:  45%|████▌     | 676/1500 [56:41<1:03:56,  4.66s/it]Best trial: 636. Best value: 1.75476:  45%|████▌     | 677/1500 [56:41<1:05:15,  4.76s/it]                                                                                          Best trial: 636. Best value: 1.75476:  45%|████▌     | 677/1500 [56:46<1:05:15,  4.76s/it]Best trial: 636. Best value: 1.75476:  45%|████▌     | 677/1500 [56:46<1:05:15,  4.76s/it]Best trial: 636. Best value: 1.75476:  45%|████▌     | 678/1500 [56:46<1:05:23,  4.77s/it]                                                                                          Best trial: 636. Best value: 1.75476:  45%|████▌     | 678/1500 [56:51<1:05:23,  4.77s/it]Best trial: 678. Best value: 1.74929:  45%|████▌     | 678/1500 [56:51<1:05:23,  4.77s/it]Best trial: 678. Best value: 1.74929:  45%|████▌     | 679/1500 [56:51<1:06:20,  4.85s/it]                                                                                          Best trial: 678. Best value: 1.74929:  45%|████▌     | 679/1500 [56:54<1:06:20,  4.85s/it]Best trial: 678. Best value: 1.74929:  45%|████▌     | 679/1500 [56:55<1:06:20,  4.85s/it]Best trial: 678. Best value: 1.74929:  45%|████▌     | 680/1500 [56:55<1:00:10,  4.40s/it]                                                                                          Best trial: 678. Best value: 1.74929:  45%|████▌     | 680/1500 [56:59<1:00:10,  4.40s/it]Best trial: 678. Best value: 1.74929:  45%|████▌     | 680/1500 [57:00<1:00:10,  4.40s/it]Best trial: 678. Best value: 1.74929:  45%|████▌     | 681/1500 [57:00<1:02:31,  4.58s/it]                                                                                          Best trial: 678. Best value: 1.74929:  45%|████▌     | 681/1500 [57:04<1:02:31,  4.58s/it]Best trial: 678. Best value: 1.74929:  45%|████▌     | 681/1500 [57:05<1:02:31,  4.58s/it]Best trial: 678. Best value: 1.74929:  45%|████▌     | 682/1500 [57:05<1:04:02,  4.70s/it]                                                                                          Best trial: 678. Best value: 1.74929:  45%|████▌     | 682/1500 [57:09<1:04:02,  4.70s/it]Best trial: 678. Best value: 1.74929:  45%|████▌     | 682/1500 [57:10<1:04:02,  4.70s/it]Best trial: 678. Best value: 1.74929:  46%|████▌     | 683/1500 [57:10<1:05:17,  4.80s/it]                                                                                          Best trial: 678. Best value: 1.74929:  46%|████▌     | 683/1500 [57:15<1:05:17,  4.80s/it]Best trial: 678. Best value: 1.74929:  46%|████▌     | 683/1500 [57:15<1:05:17,  4.80s/it]Best trial: 678. Best value: 1.74929:  46%|████▌     | 684/1500 [57:15<1:06:14,  4.87s/it]                                                                                          
[I 2026-05-02 19:49:20,305] Trial 674 finished with value: 1.9394225849791755 and parameters: {'f_n': 2.003622255466711e-06, 'K_d': 877800.3035884574, 'rho_d': 13260436982081.59, 'fission_rate': 5.69359191169263e+19, 'D2_xe_scale': 1.4883179119965695, 'Dg_D1_scale': 0.23012869093296573, 'Dg_D3_scale': 1.3617732379438274, 'Dv_D1_scale': 0.2768446105113429, 'Dv_D2_scale': 3.643829327024509, 'b_bulk_scale': 0.13976319912396862, 'b_dislocation_scale': 0.10876148857882112, 'gb_scale': 4.271799091208988, 'gd_bubble_scale': 8.995538740125564, 'gd_line_scale': 6.38474535927149, 'gd_line_alpha': 0.2581334999239236, 'coalescence_d_scale': 0.6214886864096026, 'capture_scale': 7.984942570323278}. Best is trial 636 with value: 1.7547638575143232.
[I 2026-05-02 19:49:25,220] Trial 675 finished with value: 1.7888054474679602 and parameters: {'f_n': 1.43486562568944e-06, 'K_d': 944322.8194081591, 'rho_d': 12664138034854.547, 'fission_rate': 5.812957141870546e+19, 'D2_xe_scale': 1.1869805382028968, 'Dg_D1_scale': 0.21084719296295065, 'Dg_D3_scale': 1.7841078492507225, 'Dv_D1_scale': 0.2991090385292633, 'Dv_D2_scale': 3.826564858664554, 'b_bulk_scale': 0.20526185575907757, 'b_dislocation_scale': 0.1240119811093219, 'gb_scale': 3.7277582800867317, 'gd_bubble_scale': 9.974099640289259, 'gd_line_scale': 8.006431150388273, 'gd_line_alpha': 0.2726779604650106, 'coalescence_d_scale': 0.7824962584382961, 'capture_scale': 6.284387602435682}. Best is trial 636 with value: 1.7547638575143232.
[I 2026-05-02 19:49:30,210] Trial 676 finished with value: 1.7984163334237908 and parameters: {'f_n': 1.7568492462363192e-06, 'K_d': 887300.6100682373, 'rho_d': 14629297406569.15, 'fission_rate': 5.783700941487661e+19, 'D2_xe_scale': 0.9114313028552917, 'Dg_D1_scale': 0.19826525428971023, 'Dg_D3_scale': 1.6253833132883682, 'Dv_D1_scale': 0.31723875132866963, 'Dv_D2_scale': 3.9840775050959962, 'b_bulk_scale': 0.18187412873193395, 'b_dislocation_scale': 0.12617647956453848, 'gb_scale': 4.396549407410162, 'gd_bubble_scale': 8.54775126745246, 'gd_line_scale': 7.110621564225229, 'gd_line_alpha': 0.29454702452592807, 'coalescence_d_scale': 0.6973193306132779, 'capture_scale': 7.017474082945734}. Best is trial 636 with value: 1.7547638575143232.
[I 2026-05-02 19:49:35,023] Trial 677 finished with value: 1.8007622762433397 and parameters: {'f_n': 1.4386209887201243e-06, 'K_d': 956338.9697688844, 'rho_d': 13955097007828.963, 'fission_rate': 5.874598114073246e+19, 'D2_xe_scale': 1.0597502032782886, 'Dg_D1_scale': 0.2193125303139986, 'Dg_D3_scale': 1.4971068200849444, 'Dv_D1_scale': 0.33791784493826776, 'Dv_D2_scale': 3.553811919385335, 'b_bulk_scale': 0.15812486184798277, 'b_dislocation_scale': 0.10530947897328462, 'gb_scale': 4.38687473901556, 'gd_bubble_scale': 8.498576646853936, 'gd_line_scale': 8.09930869553378, 'gd_line_alpha': 0.2552855751254039, 'coalescence_d_scale': 0.6020278362398556, 'capture_scale': 6.098938392534943}. Best is trial 636 with value: 1.7547638575143232.
[I 2026-05-02 19:49:40,040] Trial 678 finished with value: 1.749291878123438 and parameters: {'f_n': 1.991041562073914e-06, 'K_d': 875893.4171341596, 'rho_d': 13433603613263.734, 'fission_rate': 5.626953643554472e+19, 'D2_xe_scale': 1.2877978111038992, 'Dg_D1_scale': 0.18986716637526022, 'Dg_D3_scale': 1.3992788719095728, 'Dv_D1_scale': 0.3093430447116805, 'Dv_D2_scale': 3.9986378642467386, 'b_bulk_scale': 0.16955144577621578, 'b_dislocation_scale': 0.11704344032719662, 'gb_scale': 3.410272461050558, 'gd_bubble_scale': 9.147085697778667, 'gd_line_scale': 7.254939174003766, 'gd_line_alpha': 0.2804122535379173, 'coalescence_d_scale': 0.7302393550804286, 'capture_scale': 7.991362675103746}. Best is trial 678 with value: 1.749291878123438.
[I 2026-05-02 19:49:43,408] Trial 679 finished with value: 1.7768974211016921 and parameters: {'f_n': 1.416321568039199e-06, 'K_d': 1040634.7997973015, 'rho_d': 13812050255558.469, 'fission_rate': 5.6029431146118816e+19, 'D2_xe_scale': 1.5760284855908662, 'Dg_D1_scale': 0.19382391092082024, 'Dg_D3_scale': 1.393679720457292, 'Dv_D1_scale': 0.25634263355505005, 'Dv_D2_scale': 3.7993274108994797, 'b_bulk_scale': 0.17138401364332997, 'b_dislocation_scale': 0.11837596115376425, 'gb_scale': 3.4038378871216595, 'gd_bubble_scale': 9.22736019046786, 'gd_line_scale': 6.264303055841005, 'gd_line_alpha': 0.28934000525339426, 'coalescence_d_scale': 0.6681695731636602, 'capture_scale': 7.133536303797314}. Best is trial 678 with value: 1.749291878123438.
