[I 2026-05-02 19:56:52,506] Trial 772 finished with value: 1.8391131341090832 and parameters: {'f_n': 1.351295423823333e-06, 'K_d': 889864.7587794856, 'rho_d': 14077813925138.426, 'fission_rate': 6.040009653369867e+19, 'D2_xe_scale': 3.19088967029036, 'Dg_D1_scale': 0.22538333365473887, 'Dg_D3_scale': 1.925109658088313, 'Dv_D1_scale': 0.3077543265855203, 'Dv_D2_scale': 3.6182207162496307, 'b_bulk_scale': 0.2117175606071499, 'b_dislocation_scale': 0.11389534127096536, 'gb_scale': 3.551883011143158, 'gd_bubble_scale': 9.285511895712533, 'gd_line_scale': 5.642762161268725, 'gd_line_alpha': 0.3374005931288543, 'coalescence_d_scale': 0.4417507006027375, 'capture_scale': 0.038934030402321344}. Best is trial 678 with value: 1.749291878123438.Best trial: 678. Best value: 1.74929:  51%|█████▏    | 772/1500 [1:04:04<56:46,  4.68s/it]Best trial: 678. Best value: 1.74929:  51%|█████▏    | 772/1500 [1:04:04<56:46,  4.68s/it]Best trial: 678. Best value: 1.74929:  52%|█████▏    | 773/1500 [1:04:04<51:03,  4.21s/it]                                                                                          Best trial: 678. Best value: 1.74929:  52%|█████▏    | 773/1500 [1:04:08<51:03,  4.21s/it]Best trial: 678. Best value: 1.74929:  52%|█████▏    | 773/1500 [1:04:08<51:03,  4.21s/it]Best trial: 678. Best value: 1.74929:  52%|█████▏    | 774/1500 [1:04:08<52:43,  4.36s/it]                                                                                          Best trial: 678. Best value: 1.74929:  52%|█████▏    | 774/1500 [1:04:13<52:43,  4.36s/it]Best trial: 678. Best value: 1.74929:  52%|█████▏    | 774/1500 [1:04:13<52:43,  4.36s/it]Best trial: 678. Best value: 1.74929:  52%|█████▏    | 775/1500 [1:04:13<54:04,  4.47s/it]                                                                                          Best trial: 678. Best value: 1.74929:  52%|█████▏    | 775/1500 [1:04:18<54:04,  4.47s/it]Best trial: 678. Best value: 1.74929:  52%|█████▏    | 775/1500 [1:04:18<54:04,  4.47s/it]Best trial: 678. Best value: 1.74929:  52%|█████▏    | 776/1500 [1:04:18<54:33,  4.52s/it]                                                                                          Best trial: 678. Best value: 1.74929:  52%|█████▏    | 776/1500 [1:04:22<54:33,  4.52s/it]Best trial: 678. Best value: 1.74929:  52%|█████▏    | 776/1500 [1:04:22<54:33,  4.52s/it]Best trial: 678. Best value: 1.74929:  52%|█████▏    | 777/1500 [1:04:22<55:13,  4.58s/it]                                                                                          Best trial: 678. Best value: 1.74929:  52%|█████▏    | 777/1500 [1:04:27<55:13,  4.58s/it]Best trial: 678. Best value: 1.74929:  52%|█████▏    | 777/1500 [1:04:27<55:13,  4.58s/it]Best trial: 678. Best value: 1.74929:  52%|█████▏    | 778/1500 [1:04:27<55:48,  4.64s/it]                                                                                          Best trial: 678. Best value: 1.74929:  52%|█████▏    | 778/1500 [1:04:31<55:48,  4.64s/it]Best trial: 678. Best value: 1.74929:  52%|█████▏    | 778/1500 [1:04:31<55:48,  4.64s/it]Best trial: 678. Best value: 1.74929:  52%|█████▏    | 779/1500 [1:04:31<52:04,  4.33s/it]                                                                                          Best trial: 678. Best value: 1.74929:  52%|█████▏    | 779/1500 [1:04:34<52:04,  4.33s/it]Best trial: 678. Best value: 1.74929:  52%|█████▏    | 779/1500 [1:04:34<52:04,  4.33s/it]Best trial: 678. Best value: 1.74929:  52%|█████▏    | 780/1500 [1:04:34<47:51,  3.99s/it]                                                                                          Best trial: 678. Best value: 1.74929:  52%|█████▏    | 780/1500 [1:04:39<47:51,  3.99s/it]Best trial: 678. Best value: 1.74929:  52%|█████▏    | 780/1500 [1:04:39<47:51,  3.99s/it]Best trial: 678. Best value: 1.74929:  52%|█████▏    | 781/1500 [1:04:39<50:05,  4.18s/it]                                                                                          Best trial: 678. Best value: 1.74929:  52%|█████▏    | 781/1500 [1:04:43<50:05,  4.18s/it]Best trial: 678. Best value: 1.74929:  52%|█████▏    | 781/1500 [1:04:43<50:05,  4.18s/it]Best trial: 678. Best value: 1.74929:  52%|█████▏    | 782/1500 [1:04:43<52:10,  4.36s/it]                                                                                          Best trial: 678. Best value: 1.74929:  52%|█████▏    | 782/1500 [1:04:48<52:10,  4.36s/it]Best trial: 678. Best value: 1.74929:  52%|█████▏    | 782/1500 [1:04:48<52:10,  4.36s/it]Best trial: 678. Best value: 1.74929:  52%|█████▏    | 783/1500 [1:04:48<52:49,  4.42s/it]                                                                                          
[I 2026-05-02 19:56:57,200] Trial 773 finished with value: 4.052224388505728 and parameters: {'f_n': 1.8339216746093269e-09, 'K_d': 871082.9079497088, 'rho_d': 12655393396889.975, 'fission_rate': 6.092476676486205e+19, 'D2_xe_scale': 2.651514801357787, 'Dg_D1_scale': 0.18474279143348915, 'Dg_D3_scale': 0.17571430150147513, 'Dv_D1_scale': 0.755116644135053, 'Dv_D2_scale': 3.7804923968851494, 'b_bulk_scale': 0.17814638829351864, 'b_dislocation_scale': 0.13773673457929317, 'gb_scale': 2.9760314033033675, 'gd_bubble_scale': 9.97635805057101, 'gd_line_scale': 6.244992570310858, 'gd_line_alpha': 0.2941566422042809, 'coalescence_d_scale': 0.5013213875722866, 'capture_scale': 7.922414671747913}. Best is trial 678 with value: 1.749291878123438.
[I 2026-05-02 19:57:01,947] Trial 774 finished with value: 3.729324102926191 and parameters: {'f_n': 3.788631539663163e-10, 'K_d': 921420.9571335834, 'rho_d': 12000651315571.46, 'fission_rate': 6.030923320540076e+19, 'D2_xe_scale': 1.7382980816193472, 'Dg_D1_scale': 0.21232433608577667, 'Dg_D3_scale': 1.8246866620475242, 'Dv_D1_scale': 0.2888416820128375, 'Dv_D2_scale': 0.5198475431596105, 'b_bulk_scale': 0.19193700537582228, 'b_dislocation_scale': 0.12362027477061872, 'gb_scale': 4.86343722784682, 'gd_bubble_scale': 9.879207595801866, 'gd_line_scale': 6.4871881038111106, 'gd_line_alpha': 0.31874564066326744, 'coalescence_d_scale': 0.4746897831835367, 'capture_scale': 7.941657053794528}. Best is trial 678 with value: 1.749291878123438.
[I 2026-05-02 19:57:06,576] Trial 775 finished with value: 1.9489149549064066 and parameters: {'f_n': 1.0970212913305803e-06, 'K_d': 873866.2179676815, 'rho_d': 14333078311871.576, 'fission_rate': 6.216334732284387e+19, 'D2_xe_scale': 1.220007833456199, 'Dg_D1_scale': 0.2017407070200245, 'Dg_D3_scale': 1.6800203629380779, 'Dv_D1_scale': 0.30285025433645546, 'Dv_D2_scale': 3.998416553777545, 'b_bulk_scale': 0.1743222978388005, 'b_dislocation_scale': 0.11158914470556462, 'gb_scale': 3.8542384880516933, 'gd_bubble_scale': 9.929324879236754, 'gd_line_scale': 5.646641282396074, 'gd_line_alpha': 0.30622322313419614, 'coalescence_d_scale': 2.2877649680913534, 'capture_scale': 7.124226102653603}. Best is trial 678 with value: 1.749291878123438.
[I 2026-05-02 19:57:11,295] Trial 776 finished with value: 2.388752540726258 and parameters: {'f_n': 1.7102641710007785e-06, 'K_d': 925733.1732499099, 'rho_d': 13132939571708.648, 'fission_rate': 5.971860613138676e+19, 'D2_xe_scale': 1.9708776679207625, 'Dg_D1_scale': 0.18546740170009826, 'Dg_D3_scale': 0.47825605469656224, 'Dv_D1_scale': 0.31714871978510445, 'Dv_D2_scale': 3.523256330583276, 'b_bulk_scale': 0.20042206192349454, 'b_dislocation_scale': 0.1533403263505774, 'gb_scale': 4.336018048869975, 'gd_bubble_scale': 9.991376761413825, 'gd_line_scale': 6.273553074372886, 'gd_line_alpha': 0.2867885959221562, 'coalescence_d_scale': 0.4545081797847763, 'capture_scale': 7.932629556031676}. Best is trial 678 with value: 1.749291878123438.
[I 2026-05-02 19:57:16,069] Trial 777 finished with value: 3.555389496221588 and parameters: {'f_n': 1.3317252692072488e-06, 'K_d': 880345.4295019214, 'rho_d': 15238642723255.928, 'fission_rate': 5.9776760556012634e+19, 'D2_xe_scale': 1.3518667350109286, 'Dg_D1_scale': 0.23680900271567007, 'Dg_D3_scale': 1.6321365671589414, 'Dv_D1_scale': 0.28700201985715024, 'Dv_D2_scale': 3.755541207448032, 'b_bulk_scale': 0.17718618462964528, 'b_dislocation_scale': 0.12417563823482722, 'gb_scale': 0.19762224364722197, 'gd_bubble_scale': 8.182250820289608, 'gd_line_scale': 5.671931379629119, 'gd_line_alpha': 0.36025350941936146, 'coalescence_d_scale': 0.4350131835304191, 'capture_scale': 5.936621110115999}. Best is trial 678 with value: 1.749291878123438.
[I 2026-05-02 19:57:19,693] Trial 778 finished with value: 4.339385600286289 and parameters: {'f_n': 1.7264955985780003e-06, 'K_d': 866565.8119778184, 'rho_d': 13959931752956.568, 'fission_rate': 6.176642324552676e+19, 'D2_xe_scale': 2.438793628524573, 'Dg_D1_scale': 0.21099954036431576, 'Dg_D3_scale': 1.8024410525040788, 'Dv_D1_scale': 0.31892729873432824, 'Dv_D2_scale': 3.299108639010347, 'b_bulk_scale': 0.1587467658767169, 'b_dislocation_scale': 3.011568272029857, 'gb_scale': 3.4236901336857835, 'gd_bubble_scale': 8.434822511923635, 'gd_line_scale': 6.650184105017448, 'gd_line_alpha': 0.31544992509499237, 'coalescence_d_scale': 0.5250335180660244, 'capture_scale': 6.6367161288697485}. Best is trial 678 with value: 1.749291878123438.
[I 2026-05-02 19:57:22,876] Trial 779 finished with value: 1.7502383804517387 and parameters: {'f_n': 1.3855048604023133e-06, 'K_d': 922170.4716704335, 'rho_d': 12473976274726.434, 'fission_rate': 5.945970275422171e+19, 'D2_xe_scale': 1.4813579422312155, 'Dg_D1_scale': 0.19495290183194355, 'Dg_D3_scale': 1.9662923777519212, 'Dv_D1_scale': 0.30130378126699126, 'Dv_D2_scale': 3.5859840582040885, 'b_bulk_scale': 0.22198771968837241, 'b_dislocation_scale': 0.10801884849043286, 'gb_scale': 3.9844815657870623, 'gd_bubble_scale': 7.805762175602618, 'gd_line_scale': 6.241373234525165, 'gd_line_alpha': 0.2800337974267017, 'coalescence_d_scale': 0.5753590132351523, 'capture_scale': 5.696110254301761}. Best is trial 678 with value: 1.749291878123438.
[I 2026-05-02 19:57:27,501] Trial 780 finished with value: 1.7665779109564608 and parameters: {'f_n': 1.7642561316535204e-06, 'K_d': 925319.8817977578, 'rho_d': 12284580287696.91, 'fission_rate': 6.083609950385423e+19, 'D2_xe_scale': 1.0017255879141291, 'Dg_D1_scale': 0.18024355428799346, 'Dg_D3_scale': 1.9657523943284196, 'Dv_D1_scale': 0.3003704666328798, 'Dv_D2_scale': 3.4674773021052396, 'b_bulk_scale': 0.2362030912123734, 'b_dislocation_scale': 0.09792583285887582, 'gb_scale': 4.863282605355773, 'gd_bubble_scale': 7.643814505834795, 'gd_line_scale': 6.773000790604738, 'gd_line_alpha': 0.2788783536361071, 'coalescence_d_scale': 0.544606017739293, 'capture_scale': 5.546451959141256}. Best is trial 678 with value: 1.749291878123438.
[I 2026-05-02 19:57:32,281] Trial 781 finished with value: 1.776127821686235 and parameters: {'f_n': 1.05125455301242e-06, 'K_d': 930225.2780817659, 'rho_d': 11959084252121.645, 'fission_rate': 5.985798758706193e+19, 'D2_xe_scale': 0.9278428634508853, 'Dg_D1_scale': 0.17466869251774234, 'Dg_D3_scale': 1.9557890260075417, 'Dv_D1_scale': 0.29520614778185855, 'Dv_D2_scale': 3.307140296637042, 'b_bulk_scale': 0.24184006961122087, 'b_dislocation_scale': 0.09837611562422274, 'gb_scale': 4.957617185637421, 'gd_bubble_scale': 7.6622377414352405, 'gd_line_scale': 6.962455182061167, 'gd_line_alpha': 0.26400234406302947, 'coalescence_d_scale': 0.41148336269647817, 'capture_scale': 5.423126271722196}. Best is trial 678 with value: 1.749291878123438.
[I 2026-05-02 19:57:36,844] Trial 782 finished with value: 1.8024412107997296 and parameters: {'f_n': 1.2136406075029636e-06, 'K_d': 952153.1788777893, 'rho_d': 11932783691872.096, 'fission_rate': 6.247043858589666e+19, 'D2_xe_scale': 0.8881783401622892, 'Dg_D1_scale': 0.17166923335813336, 'Dg_D3_scale': 1.9578438017412905, 'Dv_D1_scale': 0.29214998884962357, 'Dv_D2_scale': 3.284995987353292, 'b_bulk_scale': 0.24457245755053406, 'b_dislocation_scale': 0.09713682166019023, 'gb_scale': 4.922779312032228, 'gd_bubble_scale': 7.373328904017774, 'gd_line_scale': 5.834187865769505, 'gd_line_alpha': 0.26828786987119635, 'coalescence_d_scale': 0.3857842810672042, 'capture_scale': 5.552453806231587}. Best is trial 678 with value: 1.749291878123438.
[I 2026-05-02 19:57:41,470] Trial 783 finished with value: 1.778772244262847 and parameters: {'f_n': 1.100716346578671e-06, 'K_d': 936354.9702921293, 'rho_d': 11893524022371.217, 'fission_rate': 6.142236139854466e+19, 'D2_xe_scale': 0.9695777761000581, 'Dg_D1_scale': 0.17703499039929355, 'Dg_D3_scale': 2.036022531936723, 'Dv_D1_scale': 0.29665049937969357, 'Dv_D2_scale': 3.43325709805459, 'b_bulk_scale': 0.2245034042482924, 'b_dislocation_scale': 0.10476128428924515, 'gb_scale': 5.1328113457669975, 'gd_bubble_scale': 7.558097581906273, 'gd_line_scale': 6.830324013440506, 'gd_line_alpha': 0.27333749363918763, 'coalescence_d_scale': 0.39347859896436443, 'capture_scale': 5.6796587290887}. Best is trial 678 with value: 1.749291878123438.Best trial: 678. Best value: 1.74929:  52%|█████▏    | 783/1500 [1:04:53<52:49,  4.42s/it]Best trial: 678. Best value: 1.74929:  52%|█████▏    | 783/1500 [1:04:53<52:49,  4.42s/it]Best trial: 678. Best value: 1.74929:  52%|█████▏    | 784/1500 [1:04:53<53:29,  4.48s/it]                                                                                          Best trial: 678. Best value: 1.74929:  52%|█████▏    | 784/1500 [1:04:57<53:29,  4.48s/it]Best trial: 678. Best value: 1.74929:  52%|█████▏    | 784/1500 [1:04:57<53:29,  4.48s/it]Best trial: 678. Best value: 1.74929:  52%|█████▏    | 785/1500 [1:04:57<54:05,  4.54s/it]                                                                                          Best trial: 678. Best value: 1.74929:  52%|█████▏    | 785/1500 [1:05:02<54:05,  4.54s/it]Best trial: 678. Best value: 1.74929:  52%|█████▏    | 785/1500 [1:05:02<54:05,  4.54s/it]Best trial: 678. Best value: 1.74929:  52%|█████▏    | 786/1500 [1:05:02<54:09,  4.55s/it]                                                                                          Best trial: 678. Best value: 1.74929:  52%|█████▏    | 786/1500 [1:05:05<54:09,  4.55s/it]Best trial: 678. Best value: 1.74929:  52%|█████▏    | 786/1500 [1:05:05<54:09,  4.55s/it]Best trial: 678. Best value: 1.74929:  52%|█████▏    | 787/1500 [1:05:05<48:48,  4.11s/it]                                                                                          Best trial: 678. Best value: 1.74929:  52%|█████▏    | 787/1500 [1:05:10<48:48,  4.11s/it]Best trial: 678. Best value: 1.74929:  52%|█████▏    | 787/1500 [1:05:10<48:48,  4.11s/it]Best trial: 678. Best value: 1.74929:  53%|█████▎    | 788/1500 [1:05:10<50:47,  4.28s/it]                                                                                          Best trial: 678. Best value: 1.74929:  53%|█████▎    | 788/1500 [1:05:14<50:47,  4.28s/it]Best trial: 678. Best value: 1.74929:  53%|█████▎    | 788/1500 [1:05:14<50:47,  4.28s/it]Best trial: 678. Best value: 1.74929:  53%|█████▎    | 789/1500 [1:05:14<52:15,  4.41s/it]                                                                                          Best trial: 678. Best value: 1.74929:  53%|█████▎    | 789/1500 [1:05:19<52:15,  4.41s/it]Best trial: 678. Best value: 1.74929:  53%|█████▎    | 789/1500 [1:05:19<52:15,  4.41s/it]Best trial: 678. Best value: 1.74929:  53%|█████▎    | 790/1500 [1:05:19<52:46,  4.46s/it]                                                                                          Best trial: 678. Best value: 1.74929:  53%|█████▎    | 790/1500 [1:05:24<52:46,  4.46s/it]Best trial: 678. Best value: 1.74929:  53%|█████▎    | 790/1500 [1:05:24<52:46,  4.46s/it]Best trial: 678. Best value: 1.74929:  53%|█████▎    | 791/1500 [1:05:24<53:26,  4.52s/it]                                                                                          Best trial: 678. Best value: 1.74929:  53%|█████▎    | 791/1500 [1:05:28<53:26,  4.52s/it]Best trial: 678. Best value: 1.74929:  53%|█████▎    | 791/1500 [1:05:28<53:26,  4.52s/it]Best trial: 678. Best value: 1.74929:  53%|█████▎    | 792/1500 [1:05:28<54:14,  4.60s/it]                                                                                          Best trial: 678. Best value: 1.74929:  53%|█████▎    | 792/1500 [1:05:33<54:14,  4.60s/it]Best trial: 678. Best value: 1.74929:  53%|█████▎    | 792/1500 [1:05:33<54:14,  4.60s/it]Best trial: 678. Best value: 1.74929:  53%|█████▎    | 793/1500 [1:05:33<54:35,  4.63s/it]                                                                                          Best trial: 678. Best value: 1.74929:  53%|█████▎    | 793/1500 [1:05:36<54:35,  4.63s/it]Best trial: 678. Best value: 1.74929:  53%|█████▎    | 793/1500 [1:05:36<54:35,  4.63s/it]Best trial: 678. Best value: 1.74929:  53%|█████▎    | 794/1500 [1:05:36<47:22,  4.03s/it]                                                                                          
[I 2026-05-02 19:57:46,141] Trial 784 finished with value: 2.306304923237471 and parameters: {'f_n': 9.65592094732224e-07, 'K_d': 960629.2951688274, 'rho_d': 11968777471268.799, 'fission_rate': 6.110103166221695e+19, 'D2_xe_scale': 0.8783256645866114, 'Dg_D1_scale': 0.17235842880690697, 'Dg_D3_scale': 1.9447102326971868, 'Dv_D1_scale': 1.1227094337741268, 'Dv_D2_scale': 0.6260825212778535, 'b_bulk_scale': 0.26668119573902865, 'b_dislocation_scale': 0.09598871979360712, 'gb_scale': 4.95767909681406, 'gd_bubble_scale': 7.547787256516369, 'gd_line_scale': 7.025773966291436, 'gd_line_alpha': 0.26303289976078564, 'coalescence_d_scale': 0.431026332658762, 'capture_scale': 5.4545129310489004}. Best is trial 678 with value: 1.749291878123438.
[I 2026-05-02 19:57:50,716] Trial 785 finished with value: 1.8538340989146156 and parameters: {'f_n': 1.0093673255937953e-06, 'K_d': 917285.9844627884, 'rho_d': 11813165624266.635, 'fission_rate': 6.259064240471638e+19, 'D2_xe_scale': 1.0124732753684718, 'Dg_D1_scale': 0.18100132473333372, 'Dg_D3_scale': 1.9979911713363003, 'Dv_D1_scale': 0.2784829608371614, 'Dv_D2_scale': 3.316537494227053, 'b_bulk_scale': 0.22294095503984895, 'b_dislocation_scale': 0.1074588999252428, 'gb_scale': 4.780234187029627, 'gd_bubble_scale': 7.618848357695109, 'gd_line_scale': 5.616340558266289, 'gd_line_alpha': 0.2809911297772248, 'coalescence_d_scale': 0.44868082137404947, 'capture_scale': 5.621719677590176}. Best is trial 678 with value: 1.749291878123438.
[I 2026-05-02 19:57:53,793] Trial 786 finished with value: 1.885708673995515 and parameters: {'f_n': 1.3976222762029685e-06, 'K_d': 990557.8522953246, 'rho_d': 12594644102404.67, 'fission_rate': 6.15568085410933e+19, 'D2_xe_scale': 1.392514612245638, 'Dg_D1_scale': 3.5116400200230715, 'Dg_D3_scale': 2.024090994948656, 'Dv_D1_scale': 0.27369781316283104, 'Dv_D2_scale': 3.2408532464843502, 'b_bulk_scale': 0.26832733227290584, 'b_dislocation_scale': 0.09691271763933153, 'gb_scale': 4.776862533472225, 'gd_bubble_scale': 0.14214734531564185, 'gd_line_scale': 6.2140897558015755, 'gd_line_alpha': 0.2514354394082536, 'coalescence_d_scale': 0.46791753240003897, 'capture_scale': 5.597463007178442}. Best is trial 678 with value: 1.749291878123438.
[I 2026-05-02 19:57:58,477] Trial 787 finished with value: 1.7623421072337058 and parameters: {'f_n': 1.4497602774961124e-06, 'K_d': 922947.4874143797, 'rho_d': 12480733773015.447, 'fission_rate': 6.0539958965923226e+19, 'D2_xe_scale': 1.1054609451506396, 'Dg_D1_scale': 0.16617745487191002, 'Dg_D3_scale': 1.9257523447033291, 'Dv_D1_scale': 0.3114500090841265, 'Dv_D2_scale': 3.4434046391240027, 'b_bulk_scale': 0.24873063309691468, 'b_dislocation_scale': 0.10914111232364343, 'gb_scale': 4.461506863024002, 'gd_bubble_scale': 7.724549279526064, 'gd_line_scale': 7.04690570930026, 'gd_line_alpha': 0.27876398096220584, 'coalescence_d_scale': 0.4461458701708144, 'capture_scale': 6.348734810471568}. Best is trial 678 with value: 1.749291878123438.
[I 2026-05-02 19:58:03,190] Trial 788 finished with value: 1.7851179253981384 and parameters: {'f_n': 1.547196711278385e-06, 'K_d': 968447.6218188051, 'rho_d': 12384448462015.354, 'fission_rate': 6.07923222855941e+19, 'D2_xe_scale': 0.7744964390437609, 'Dg_D1_scale': 0.16615981927118093, 'Dg_D3_scale': 1.952906489228033, 'Dv_D1_scale': 0.32158215236942167, 'Dv_D2_scale': 3.445977881804128, 'b_bulk_scale': 0.26116390527296224, 'b_dislocation_scale': 0.10579876523901895, 'gb_scale': 5.232631317518446, 'gd_bubble_scale': 7.661406091057945, 'gd_line_scale': 7.186634292558534, 'gd_line_alpha': 0.9549858700346214, 'coalescence_d_scale': 0.4311696309903869, 'capture_scale': 5.906107819743702}. Best is trial 678 with value: 1.749291878123438.
[I 2026-05-02 19:58:07,761] Trial 789 finished with value: 1.7980986318740717 and parameters: {'f_n': 1.0166444468819155e-06, 'K_d': 935834.8004289398, 'rho_d': 11718947238956.672, 'fission_rate': 6.220928182222727e+19, 'D2_xe_scale': 1.0241207591507686, 'Dg_D1_scale': 0.168599306874936, 'Dg_D3_scale': 1.9008675764673206, 'Dv_D1_scale': 0.2988747954149927, 'Dv_D2_scale': 3.3003128121168213, 'b_bulk_scale': 0.23264084747956418, 'b_dislocation_scale': 0.09681011212388167, 'gb_scale': 4.47379426969906, 'gd_bubble_scale': 7.524409442663166, 'gd_line_scale': 7.186492630421201, 'gd_line_alpha': 0.26329577321196834, 'coalescence_d_scale': 0.39558068437306587, 'capture_scale': 5.478309456140893}. Best is trial 678 with value: 1.749291878123438.
