[I 2026-05-02 19:17:10,487] Trial 277 finished with value: 2.600032330633063 and parameters: {'f_n': 1.3528719067440909e-06, 'K_d': 406372.11185953533, 'rho_d': 9825924458374.287, 'fission_rate': 4.254158418541373e+19, 'D2_xe_scale': 31.912787404786854, 'Dg_D1_scale': 0.950228783505726, 'Dg_D3_scale': 3.975306800288271, 'Dv_D1_scale': 0.2908976095063634, 'Dv_D2_scale': 1.2348811639358095, 'b_bulk_scale': 0.32717839983381924, 'b_dislocation_scale': 0.06749898420470299, 'gb_scale': 1.2883650872207637, 'gd_bubble_scale': 9.225819744276704, 'gd_line_scale': 3.6374821760559777, 'gd_line_alpha': 0.24823187091505344, 'coalescence_d_scale': 0.30849034302022776, 'capture_scale': 3.554714286739198}. Best is trial 116 with value: 1.868175213579544.Best trial: 116. Best value: 1.86818:  18%|█▊        | 277/1500 [24:22<1:55:54,  5.69s/it]Best trial: 116. Best value: 1.86818:  18%|█▊        | 277/1500 [24:22<1:55:54,  5.69s/it]Best trial: 116. Best value: 1.86818:  19%|█▊        | 278/1500 [24:22<2:00:03,  5.89s/it]                                                                                          Best trial: 116. Best value: 1.86818:  19%|█▊        | 278/1500 [24:28<2:00:03,  5.89s/it]Best trial: 116. Best value: 1.86818:  19%|█▊        | 278/1500 [24:28<2:00:03,  5.89s/it]Best trial: 116. Best value: 1.86818:  19%|█▊        | 279/1500 [24:28<2:00:25,  5.92s/it]                                                                                          Best trial: 116. Best value: 1.86818:  19%|█▊        | 279/1500 [24:34<2:00:25,  5.92s/it]Best trial: 116. Best value: 1.86818:  19%|█▊        | 279/1500 [24:34<2:00:25,  5.92s/it]Best trial: 116. Best value: 1.86818:  19%|█▊        | 280/1500 [24:34<2:03:22,  6.07s/it]                                                                                          Best trial: 116. Best value: 1.86818:  19%|█▊        | 280/1500 [24:40<2:03:22,  6.07s/it]Best trial: 116. Best value: 1.86818:  19%|█▊        | 280/1500 [24:40<2:03:22,  6.07s/it]Best trial: 116. Best value: 1.86818:  19%|█▊        | 281/1500 [24:40<2:02:30,  6.03s/it]                                                                                          Best trial: 116. Best value: 1.86818:  19%|█▊        | 281/1500 [24:45<2:02:30,  6.03s/it]Best trial: 116. Best value: 1.86818:  19%|█▊        | 281/1500 [24:45<2:02:30,  6.03s/it]Best trial: 116. Best value: 1.86818:  19%|█▉        | 282/1500 [24:45<1:54:51,  5.66s/it]                                                                                          Best trial: 116. Best value: 1.86818:  19%|█▉        | 282/1500 [24:50<1:54:51,  5.66s/it]Best trial: 116. Best value: 1.86818:  19%|█▉        | 282/1500 [24:50<1:54:51,  5.66s/it]Best trial: 116. Best value: 1.86818:  19%|█▉        | 283/1500 [24:50<1:55:22,  5.69s/it]                                                                                          Best trial: 116. Best value: 1.86818:  19%|█▉        | 283/1500 [24:57<1:55:22,  5.69s/it]Best trial: 116. Best value: 1.86818:  19%|█▉        | 283/1500 [24:57<1:55:22,  5.69s/it]Best trial: 116. Best value: 1.86818:  19%|█▉        | 284/1500 [24:57<2:01:56,  6.02s/it]                                                                                          Best trial: 116. Best value: 1.86818:  19%|█▉        | 284/1500 [25:04<2:01:56,  6.02s/it]Best trial: 116. Best value: 1.86818:  19%|█▉        | 284/1500 [25:04<2:01:56,  6.02s/it]Best trial: 116. Best value: 1.86818:  19%|█▉        | 285/1500 [25:04<2:06:02,  6.22s/it]                                                                                          Best trial: 116. Best value: 1.86818:  19%|█▉        | 285/1500 [25:10<2:06:02,  6.22s/it]Best trial: 116. Best value: 1.86818:  19%|█▉        | 285/1500 [25:11<2:06:02,  6.22s/it]Best trial: 116. Best value: 1.86818:  19%|█▉        | 286/1500 [25:11<2:07:52,  6.32s/it]                                                                                          Best trial: 116. Best value: 1.86818:  19%|█▉        | 286/1500 [25:16<2:07:52,  6.32s/it]Best trial: 116. Best value: 1.86818:  19%|█▉        | 286/1500 [25:16<2:07:52,  6.32s/it]Best trial: 116. Best value: 1.86818:  19%|█▉        | 287/1500 [25:16<2:01:29,  6.01s/it]                                                                                          Best trial: 116. Best value: 1.86818:  19%|█▉        | 287/1500 [25:23<2:01:29,  6.01s/it]Best trial: 116. Best value: 1.86818:  19%|█▉        | 287/1500 [25:23<2:01:29,  6.01s/it]Best trial: 116. Best value: 1.86818:  19%|█▉        | 288/1500 [25:23<2:06:00,  6.24s/it]                                                                                          
[I 2026-05-02 19:17:16,460] Trial 278 finished with value: 1.9086315045871336 and parameters: {'f_n': 2.9576117137987257e-06, 'K_d': 437927.0576090036, 'rho_d': 11287085746381.684, 'fission_rate': 4.546470686385827e+19, 'D2_xe_scale': 1.7592587478146378, 'Dg_D1_scale': 0.4393908142446963, 'Dg_D3_scale': 3.565161454768925, 'Dv_D1_scale': 0.39143797428859245, 'Dv_D2_scale': 1.4314211450133938, 'b_bulk_scale': 0.08236759086690403, 'b_dislocation_scale': 0.08192103636843683, 'gb_scale': 2.507083543626716, 'gd_bubble_scale': 8.426601452763066, 'gd_line_scale': 5.890190773905282, 'gd_line_alpha': 0.29424939735005856, 'coalescence_d_scale': 0.21579878907689562, 'capture_scale': 6.774974104008685}. Best is trial 116 with value: 1.868175213579544.
[I 2026-05-02 19:17:22,875] Trial 279 finished with value: 2.189840903250745 and parameters: {'f_n': 2.8747752979666374e-06, 'K_d': 432940.8730152752, 'rho_d': 11268048045278.01, 'fission_rate': 4.148470931041824e+19, 'D2_xe_scale': 22.100020556113687, 'Dg_D1_scale': 0.43158772003747375, 'Dg_D3_scale': 3.091152422315921, 'Dv_D1_scale': 0.399502060262917, 'Dv_D2_scale': 1.6979471505695356, 'b_bulk_scale': 0.08611482108533478, 'b_dislocation_scale': 0.07793736410674061, 'gb_scale': 3.0081193281786365, 'gd_bubble_scale': 0.4902054673581809, 'gd_line_scale': 5.668419702155318, 'gd_line_alpha': 0.28883397613955647, 'coalescence_d_scale': 0.22200721624115077, 'capture_scale': 7.030971257417697}. Best is trial 116 with value: 1.868175213579544.
[I 2026-05-02 19:17:28,818] Trial 280 finished with value: 1.9411656224144243 and parameters: {'f_n': 2.414065160456538e-06, 'K_d': 374293.46415033157, 'rho_d': 10372648383562.201, 'fission_rate': 4.60417351453474e+19, 'D2_xe_scale': 14.960666644904565, 'Dg_D1_scale': 0.15704769940412114, 'Dg_D3_scale': 3.270004342308515, 'Dv_D1_scale': 0.3700865490875925, 'Dv_D2_scale': 1.8715937048008449, 'b_bulk_scale': 0.07940558308801154, 'b_dislocation_scale': 0.08645866770447433, 'gb_scale': 3.2614182191598795, 'gd_bubble_scale': 9.995037332358768, 'gd_line_scale': 7.766198757597305, 'gd_line_alpha': 0.30490350343956374, 'coalescence_d_scale': 0.20138574605633722, 'capture_scale': 5.425665907475243}. Best is trial 116 with value: 1.868175213579544.
[I 2026-05-02 19:17:33,608] Trial 281 finished with value: 2.203789356933289 and parameters: {'f_n': 2.0281097241516983e-06, 'K_d': 682305.3466739426, 'rho_d': 10761847716900.084, 'fission_rate': 4.394114018394018e+19, 'D2_xe_scale': 2.109831679400698, 'Dg_D1_scale': 0.44370118163530653, 'Dg_D3_scale': 3.539261870459616, 'Dv_D1_scale': 0.34883843308515117, 'Dv_D2_scale': 1.5829064830857777, 'b_bulk_scale': 0.09520502822610502, 'b_dislocation_scale': 0.0574797579436002, 'gb_scale': 2.4889242831186644, 'gd_bubble_scale': 8.560000580632481, 'gd_line_scale': 6.769444667215458, 'gd_line_alpha': 0.31861653391886957, 'coalescence_d_scale': 0.25723780373304056, 'capture_scale': 4.0193226274034535}. Best is trial 116 with value: 1.868175213579544.
[I 2026-05-02 19:17:39,367] Trial 282 finished with value: 2.12399178713435 and parameters: {'f_n': 2.5669268377084962e-06, 'K_d': 410075.5224535328, 'rho_d': 11425160754088.578, 'fission_rate': 4.78109757306545e+19, 'D2_xe_scale': 12.237191393679765, 'Dg_D1_scale': 1.8125552892244994, 'Dg_D3_scale': 3.788478179080547, 'Dv_D1_scale': 0.39061849825487827, 'Dv_D2_scale': 1.4898656261606522, 'b_bulk_scale': 0.11418539681522556, 'b_dislocation_scale': 0.0701881166851561, 'gb_scale': 1.5562574476295812, 'gd_bubble_scale': 0.11632889038541862, 'gd_line_scale': 6.190847046125231, 'gd_line_alpha': 0.27014058886797393, 'coalescence_d_scale': 0.21075910068731746, 'capture_scale': 7.9673042563657965}. Best is trial 116 with value: 1.868175213579544.
[I 2026-05-02 19:17:46,152] Trial 283 finished with value: 1.8873989362967727 and parameters: {'f_n': 2.0087137929977777e-06, 'K_d': 735421.1926842743, 'rho_d': 10020495784617.564, 'fission_rate': 4.0098566571214045e+19, 'D2_xe_scale': 27.26186918216483, 'Dg_D1_scale': 0.4680005973697884, 'Dg_D3_scale': 3.9928123220790583, 'Dv_D1_scale': 0.43738506400205757, 'Dv_D2_scale': 1.9554635870489834, 'b_bulk_scale': 0.21503571604391017, 'b_dislocation_scale': 0.08051389809174839, 'gb_scale': 2.743486229058647, 'gd_bubble_scale': 6.636895342554002, 'gd_line_scale': 4.195672167862851, 'gd_line_alpha': 0.29454262085563987, 'coalescence_d_scale': 0.27887344732342173, 'capture_scale': 4.537832032490022}. Best is trial 116 with value: 1.868175213579544.
[I 2026-05-02 19:17:52,860] Trial 284 finished with value: 1.98936210379547 and parameters: {'f_n': 2.1619579429516283e-06, 'K_d': 742453.111203704, 'rho_d': 9602045765360.31, 'fission_rate': 4.029445111569043e+19, 'D2_xe_scale': 24.252278233203008, 'Dg_D1_scale': 0.48334216650031586, 'Dg_D3_scale': 3.8407311199296026, 'Dv_D1_scale': 0.38297476691868515, 'Dv_D2_scale': 2.0577207440919487, 'b_bulk_scale': 0.20458908613813404, 'b_dislocation_scale': 0.06411494038049087, 'gb_scale': 3.1455094377973407, 'gd_bubble_scale': 8.671915677161413, 'gd_line_scale': 4.147138388232255, 'gd_line_alpha': 0.3334886810130282, 'coalescence_d_scale': 0.2750869905399667, 'capture_scale': 4.463675268138297}. Best is trial 116 with value: 1.868175213579544.
[I 2026-05-02 19:17:59,401] Trial 285 finished with value: 3.3279472362053064 and parameters: {'f_n': 6.062402504732371e-09, 'K_d': 785884.0534700968, 'rho_d': 10905754258012.037, 'fission_rate': 4.106809368960405e+19, 'D2_xe_scale': 1.0228406601677016, 'Dg_D1_scale': 0.4357579044501365, 'Dg_D3_scale': 3.99711372830642, 'Dv_D1_scale': 0.20059911639387587, 'Dv_D2_scale': 1.9916032370871044, 'b_bulk_scale': 0.18251903499555483, 'b_dislocation_scale': 0.07667365971071952, 'gb_scale': 2.8195285463259894, 'gd_bubble_scale': 7.286795833762816, 'gd_line_scale': 3.1091805863316013, 'gd_line_alpha': 0.2958851682221609, 'coalescence_d_scale': 0.2624161178128519, 'capture_scale': 3.290956254395392}. Best is trial 116 with value: 1.868175213579544.
[I 2026-05-02 19:18:04,686] Trial 286 finished with value: 1.916784087098895 and parameters: {'f_n': 2.9968609454846923e-06, 'K_d': 730898.8097722285, 'rho_d': 11887089605077.979, 'fission_rate': 4.009737615781994e+19, 'D2_xe_scale': 18.32557366593291, 'Dg_D1_scale': 0.46541593000687254, 'Dg_D3_scale': 3.9918018321174578, 'Dv_D1_scale': 0.4078960672139699, 'Dv_D2_scale': 2.214218277094057, 'b_bulk_scale': 0.22135377674346246, 'b_dislocation_scale': 0.08052707016859768, 'gb_scale': 4.017398568269197, 'gd_bubble_scale': 6.122550402519037, 'gd_line_scale': 3.488627724560653, 'gd_line_alpha': 0.31798279178795785, 'coalescence_d_scale': 0.23457007505431546, 'capture_scale': 3.8121066274346624}. Best is trial 116 with value: 1.868175213579544.
[I 2026-05-02 19:18:11,459] Trial 287 finished with value: 1.970564037285489 and parameters: {'f_n': 2.8324068631457153e-06, 'K_d': 719480.9988129941, 'rho_d': 11900272971946.623, 'fission_rate': 4.0070622844603e+19, 'D2_xe_scale': 16.76895283637037, 'Dg_D1_scale': 0.4651773657483672, 'Dg_D3_scale': 3.989006164714027, 'Dv_D1_scale': 0.40488945199291265, 'Dv_D2_scale': 2.2626035686179304, 'b_bulk_scale': 0.21813638652201733, 'b_dislocation_scale': 0.08319355103468341, 'gb_scale': 3.715563231255847, 'gd_bubble_scale': 5.53930802264408, 'gd_line_scale': 3.3423777678681916, 'gd_line_alpha': 0.3527879422438779, 'coalescence_d_scale': 0.2345981386057606, 'capture_scale': 3.70456765109894}. Best is trial 116 with value: 1.868175213579544.
[I 2026-05-02 19:18:18,202] Trial 288 finished with value: 5.0265219386266535 and parameters: {'f_n': 1.1354434597640973e-09, 'K_d': 827161.0534773588, 'rho_d': 34218602010599.9, 'fission_rate': 4.010220134915225e+19, 'D2_xe_scale': 17.86557161197009, 'Dg_D1_scale': 0.46800230824361533, 'Dg_D3_scale': 3.556675866226819, 'Dv_D1_scale': 0.36324932255668846, 'Dv_D2_scale': 1.2976425665657993, 'b_bulk_scale': 0.1891527870597288, 'b_dislocation_scale': 0.18008984687428228, 'gb_scale': 0.10179748954361456, 'gd_bubble_scale': 6.18969259945954, 'gd_line_scale': 3.906556261512408, 'gd_line_alpha': 0.3258392938863862, 'coalescence_d_scale': 0.22136067582375135, 'capture_scale': 4.203087159942151}. Best is trial 116 with value: 1.868175213579544.Best trial: 116. Best value: 1.86818:  19%|█▉        | 288/1500 [25:29<2:06:00,  6.24s/it]Best trial: 116. Best value: 1.86818:  19%|█▉        | 288/1500 [25:29<2:06:00,  6.24s/it]Best trial: 116. Best value: 1.86818:  19%|█▉        | 289/1500 [25:29<2:08:58,  6.39s/it]                                                                                          Best trial: 116. Best value: 1.86818:  19%|█▉        | 289/1500 [25:35<2:08:58,  6.39s/it]Best trial: 116. Best value: 1.86818:  19%|█▉        | 289/1500 [25:35<2:08:58,  6.39s/it]Best trial: 116. Best value: 1.86818:  19%|█▉        | 290/1500 [25:35<2:04:09,  6.16s/it]                                                                                          Best trial: 116. Best value: 1.86818:  19%|█▉        | 290/1500 [25:42<2:04:09,  6.16s/it]Best trial: 116. Best value: 1.86818:  19%|█▉        | 290/1500 [25:42<2:04:09,  6.16s/it]Best trial: 116. Best value: 1.86818:  19%|█▉        | 291/1500 [25:42<2:08:07,  6.36s/it]                                                                                          Best trial: 116. Best value: 1.86818:  19%|█▉        | 291/1500 [25:47<2:08:07,  6.36s/it]Best trial: 116. Best value: 1.86818:  19%|█▉        | 291/1500 [25:47<2:08:07,  6.36s/it]Best trial: 116. Best value: 1.86818:  19%|█▉        | 292/1500 [25:47<2:00:50,  6.00s/it]                                                                                          Best trial: 116. Best value: 1.86818:  19%|█▉        | 292/1500 [25:54<2:00:50,  6.00s/it]Best trial: 116. Best value: 1.86818:  19%|█▉        | 292/1500 [25:54<2:00:50,  6.00s/it]Best trial: 116. Best value: 1.86818:  20%|█▉        | 293/1500 [25:54<2:06:19,  6.28s/it]                                                                                          Best trial: 116. Best value: 1.86818:  20%|█▉        | 293/1500 [26:01<2:06:19,  6.28s/it]Best trial: 116. Best value: 1.86818:  20%|█▉        | 293/1500 [26:01<2:06:19,  6.28s/it]Best trial: 116. Best value: 1.86818:  20%|█▉        | 294/1500 [26:01<2:09:41,  6.45s/it]                                                                                          Best trial: 116. Best value: 1.86818:  20%|█▉        | 294/1500 [26:07<2:09:41,  6.45s/it]Best trial: 116. Best value: 1.86818:  20%|█▉        | 294/1500 [26:07<2:09:41,  6.45s/it]Best trial: 116. Best value: 1.86818:  20%|█▉        | 295/1500 [26:07<2:10:18,  6.49s/it]                                                                                          Best trial: 116. Best value: 1.86818:  20%|█▉        | 295/1500 [26:14<2:10:18,  6.49s/it]Best trial: 116. Best value: 1.86818:  20%|█▉        | 295/1500 [26:14<2:10:18,  6.49s/it]Best trial: 116. Best value: 1.86818:  20%|█▉        | 296/1500 [26:14<2:09:34,  6.46s/it]                                                                                          Best trial: 116. Best value: 1.86818:  20%|█▉        | 296/1500 [26:18<2:09:34,  6.46s/it]Best trial: 116. Best value: 1.86818:  20%|█▉        | 296/1500 [26:19<2:09:34,  6.46s/it]Best trial: 116. Best value: 1.86818:  20%|█▉        | 297/1500 [26:19<1:59:35,  5.96s/it]                                                                                          Best trial: 116. Best value: 1.86818:  20%|█▉        | 297/1500 [26:25<1:59:35,  5.96s/it]Best trial: 116. Best value: 1.86818:  20%|█▉        | 297/1500 [26:25<1:59:35,  5.96s/it]Best trial: 116. Best value: 1.86818:  20%|█▉        | 298/1500 [26:25<2:03:18,  6.15s/it]                                                                                          Best trial: 116. Best value: 1.86818:  20%|█▉        | 298/1500 [26:31<2:03:18,  6.15s/it]Best trial: 116. Best value: 1.86818:  20%|█▉        | 298/1500 [26:31<2:03:18,  6.15s/it]Best trial: 116. Best value: 1.86818:  20%|█▉        | 299/1500 [26:31<2:04:32,  6.22s/it]                                                                                          
[I 2026-05-02 19:18:23,813] Trial 289 finished with value: 4.369657472974652 and parameters: {'f_n': 2.897398002015645e-06, 'K_d': 757796.155844102, 'rho_d': 11394461297005.61, 'fission_rate': 4.1199522682106085e+19, 'D2_xe_scale': 0.4630422754505048, 'Dg_D1_scale': 0.39621296055594685, 'Dg_D3_scale': 3.987529687749999, 'Dv_D1_scale': 0.3865711042362868, 'Dv_D2_scale': 1.472859020127328, 'b_bulk_scale': 0.2232876195534595, 'b_dislocation_scale': 3.2339213610742368, 'gb_scale': 4.4067714909055455, 'gd_bubble_scale': 4.6118359958929735, 'gd_line_scale': 5.08627566790906, 'gd_line_alpha': 0.9644125330401299, 'coalescence_d_scale': 0.28674217882474, 'capture_scale': 5.104242881030372}. Best is trial 116 with value: 1.868175213579544.
[I 2026-05-02 19:18:30,641] Trial 290 finished with value: 2.480127067557157 and parameters: {'f_n': 1.7912490451426059e-06, 'K_d': 661543.1690881082, 'rho_d': 8950101104508.371, 'fission_rate': 4.17984701472508e+19, 'D2_xe_scale': 14.019594116550183, 'Dg_D1_scale': 0.4370717225933296, 'Dg_D3_scale': 3.5838904585810916, 'Dv_D1_scale': 0.4014953236421751, 'Dv_D2_scale': 1.3781535330711168, 'b_bulk_scale': 0.23427008588338866, 'b_dislocation_scale': 0.09189540096535499, 'gb_scale': 6.082003860315587, 'gd_bubble_scale': 6.471364581037627, 'gd_line_scale': 3.4780080081960345, 'gd_line_alpha': 0.2861059686847831, 'coalescence_d_scale': 0.24499360301207285, 'capture_scale': 4.605788701564276}. Best is trial 116 with value: 1.868175213579544.
[I 2026-05-02 19:18:35,813] Trial 291 finished with value: 2.0001758151052402 and parameters: {'f_n': 1.701530274088961e-06, 'K_d': 705184.6459197074, 'rho_d': 10509223169384.932, 'fission_rate': 4.069064204894002e+19, 'D2_xe_scale': 19.80299104274772, 'Dg_D1_scale': 0.49278015321463525, 'Dg_D3_scale': 3.7396697597889568, 'Dv_D1_scale': 0.42299943012783864, 'Dv_D2_scale': 2.129025626727264, 'b_bulk_scale': 0.2070609281228369, 'b_dislocation_scale': 0.08113729567310135, 'gb_scale': 5.36343631266009, 'gd_bubble_scale': 5.324103550344612, 'gd_line_scale': 4.262645670316279, 'gd_line_alpha': 0.31176236273956937, 'coalescence_d_scale': 0.2028941473341688, 'capture_scale': 3.538353415826496}. Best is trial 116 with value: 1.868175213579544.
[I 2026-05-02 19:18:42,741] Trial 292 finished with value: 2.050928360267418 and parameters: {'f_n': 2.4304135545009026e-06, 'K_d': 741223.7196142672, 'rho_d': 9869145600284.941, 'fission_rate': 4.2010514587893195e+19, 'D2_xe_scale': 1.7397218954837752, 'Dg_D1_scale': 0.7479731589977994, 'Dg_D3_scale': 3.479913503587537, 'Dv_D1_scale': 0.46601447872540175, 'Dv_D2_scale': 1.6810855951340025, 'b_bulk_scale': 0.15565821331309426, 'b_dislocation_scale': 0.06677720040849788, 'gb_scale': 4.045915943804757, 'gd_bubble_scale': 9.156889392219755, 'gd_line_scale': 6.142266955099715, 'gd_line_alpha': 0.34207345411451145, 'coalescence_d_scale': 0.306873474347042, 'capture_scale': 3.9817325117586497}. Best is trial 116 with value: 1.868175213579544.
[I 2026-05-02 19:18:49,596] Trial 293 finished with value: 1.9528764993970937 and parameters: {'f_n': 1.999408170451371e-06, 'K_d': 593321.1860624439, 'rho_d': 10997476869705.03, 'fission_rate': 4.0003172786219926e+19, 'D2_xe_scale': 27.539753241049308, 'Dg_D1_scale': 0.45874061377219894, 'Dg_D3_scale': 3.7674234718020023, 'Dv_D1_scale': 0.3425947217713931, 'Dv_D2_scale': 1.7725153234683495, 'b_bulk_scale': 0.2547831412137155, 'b_dislocation_scale': 0.07380497897146539, 'gb_scale': 4.7183017523720165, 'gd_bubble_scale': 6.892982668689028, 'gd_line_scale': 2.9148469847931193, 'gd_line_alpha': 0.377226811784711, 'coalescence_d_scale': 0.2627622561353692, 'capture_scale': 5.555307464527069}. Best is trial 116 with value: 1.868175213579544.
[I 2026-05-02 19:18:56,169] Trial 294 finished with value: 4.54511538606462 and parameters: {'f_n': 2.151039674242411e-10, 'K_d': 628848.8947620285, 'rho_d': 11983826901792.533, 'fission_rate': 4.107872294939793e+19, 'D2_xe_scale': 20.12623257613966, 'Dg_D1_scale': 0.49015907071515546, 'Dg_D3_scale': 3.9877572190170074, 'Dv_D1_scale': 0.43563660143532024, 'Dv_D2_scale': 0.3096617626332594, 'b_bulk_scale': 0.07773859193933254, 'b_dislocation_scale': 0.06079844507230295, 'gb_scale': 1.320015476198297, 'gd_bubble_scale': 8.191558988794146, 'gd_line_scale': 5.3302141347333185, 'gd_line_alpha': 0.25953812759529626, 'coalescence_d_scale': 0.30655369243112873, 'capture_scale': 4.547103266041076}. Best is trial 116 with value: 1.868175213579544.
