[I 2026-05-02 19:59:30,216] Trial 808 finished with value: 4.048496086950556 and parameters: {'f_n': 9.865895189248358e-07, 'K_d': 870564.9444783911, 'rho_d': 11658499372579.707, 'fission_rate': 6.03476613923198e+19, 'D2_xe_scale': 0.05737581938208368, 'Dg_D1_scale': 0.16261608058543212, 'Dg_D3_scale': 2.1322948931585026, 'Dv_D1_scale': 0.3369815471815344, 'Dv_D2_scale': 3.646459382015498, 'b_bulk_scale': 0.22904042189085766, 'b_dislocation_scale': 1.0179026612651674, 'gb_scale': 6.7494471216937635, 'gd_bubble_scale': 7.349194962479404, 'gd_line_scale': 6.211900059909097, 'gd_line_alpha': 0.2692092417287552, 'coalescence_d_scale': 0.5171895548893147, 'capture_scale': 5.598224867598343}. Best is trial 678 with value: 1.749291878123438.
[I 2026-05-02 19:59:34,672] Trial 809 finished with value: 1.759965913386514 and parameters: {'f_n': 1.1737746480347798e-06, 'K_d': 962852.9717874067, 'rho_d': 12826478719899.668, 'fission_rate': 6.444285802141907e+19, 'D2_xe_scale': 0.03804842870913973, 'Dg_D1_scale': 0.17827739584299188, 'Dg_D3_scale': 2.0458902383017303, 'Dv_D1_scale': 0.3092280303866887, 'Dv_D2_scale': 3.995852306624101, 'b_bulk_scale': 0.20859941931487405, 'b_dislocation_scale': 0.0951647258023422, 'gb_scale': 5.71162428532147, 'gd_bubble_scale': 8.384847903493458, 'gd_line_scale': 6.964977075418227, 'gd_line_alpha': 0.27045889028155473, 'coalescence_d_scale': 0.4790314014156781, 'capture_scale': 5.353415681632851}. Best is trial 678 with value: 1.749291878123438.
[I 2026-05-02 19:59:39,027] Trial 810 finished with value: 1.8734882536549768 and parameters: {'f_n': 9.186067175785988e-07, 'K_d': 988500.2936727585, 'rho_d': 12243615511987.123, 'fission_rate': 6.6424517546238e+19, 'D2_xe_scale': 0.020902925004904656, 'Dg_D1_scale': 0.17539326635957048, 'Dg_D3_scale': 2.063935845933044, 'Dv_D1_scale': 0.29608780180160305, 'Dv_D2_scale': 3.418357103113243, 'b_bulk_scale': 0.24285054533537154, 'b_dislocation_scale': 0.10462651588691309, 'gb_scale': 7.353447090478064, 'gd_bubble_scale': 7.40661274299348, 'gd_line_scale': 6.755037270842618, 'gd_line_alpha': 0.30607368031296134, 'coalescence_d_scale': 0.3996947312305735, 'capture_scale': 5.343237705050248}. Best is trial 678 with value: 1.749291878123438.
[I 2026-05-02 19:59:43,446] Trial 811 finished with value: 1.7771972601086226 and parameters: {'f_n': 8.963966688700337e-07, 'K_d': 954929.7016853042, 'rho_d': 12960125664890.906, 'fission_rate': 6.503037083138613e+19, 'D2_xe_scale': 0.6429065281801735, 'Dg_D1_scale': 0.16447590306950072, 'Dg_D3_scale': 2.176622633704163, 'Dv_D1_scale': 0.3064513973005979, 'Dv_D2_scale': 3.7910340250689463, 'b_bulk_scale': 0.21612064088477856, 'b_dislocation_scale': 0.09421187931890172, 'gb_scale': 6.341511380779671, 'gd_bubble_scale': 8.307373145677202, 'gd_line_scale': 5.619262200504669, 'gd_line_alpha': 0.27817280100240127, 'coalescence_d_scale': 0.474506961322976, 'capture_scale': 5.196049564898533}. Best is trial 678 with value: 1.749291878123438.
[I 2026-05-02 19:59:47,963] Trial 812 finished with value: 1.858549708499603 and parameters: {'f_n': 1.2656093048077449e-06, 'K_d': 995754.583247931, 'rho_d': 11534406821666.361, 'fission_rate': 6.316486380040818e+19, 'D2_xe_scale': 0.0657225137305223, 'Dg_D1_scale': 0.17762586485512283, 'Dg_D3_scale': 2.092221191976552, 'Dv_D1_scale': 0.28837881472154014, 'Dv_D2_scale': 3.9951835508214977, 'b_bulk_scale': 0.2671344926365599, 'b_dislocation_scale': 0.09173075028792403, 'gb_scale': 5.638136631600371, 'gd_bubble_scale': 7.623226647347442, 'gd_line_scale': 6.234656430145431, 'gd_line_alpha': 0.3083470906184615, 'coalescence_d_scale': 0.431527892053223, 'capture_scale': 0.42173205185634166}. Best is trial 678 with value: 1.749291878123438.
[I 2026-05-02 19:59:52,596] Trial 813 finished with value: 2.0519240816186834 and parameters: {'f_n': 1.1079767547089985e-06, 'K_d': 1071383.5331512156, 'rho_d': 12000557205528.414, 'fission_rate': 6.1622355340278374e+19, 'D2_xe_scale': 0.02488450427395231, 'Dg_D1_scale': 2.4896799247492676, 'Dg_D3_scale': 1.959215493969245, 'Dv_D1_scale': 0.3163668810533658, 'Dv_D2_scale': 3.250164060008877, 'b_bulk_scale': 0.21392243400543576, 'b_dislocation_scale': 0.09504139702493405, 'gb_scale': 5.866758007786495, 'gd_bubble_scale': 8.423855203144933, 'gd_line_scale': 6.931422434157602, 'gd_line_alpha': 0.27459159644069864, 'coalescence_d_scale': 0.4784017875594063, 'capture_scale': 0.20471244466536512}. Best is trial 678 with value: 1.749291878123438.
[I 2026-05-02 19:59:56,256] Trial 814 finished with value: 3.2082865201908515 and parameters: {'f_n': 8.734824575734471e-07, 'K_d': 919405.000124445, 'rho_d': 12805073915675.537, 'fission_rate': 6.725782249464047e+19, 'D2_xe_scale': 0.030488487077379747, 'Dg_D1_scale': 0.1763693853684046, 'Dg_D3_scale': 1.9269883568482205, 'Dv_D1_scale': 0.2888917573127657, 'Dv_D2_scale': 3.622383709180671, 'b_bulk_scale': 0.28596120808072245, 'b_dislocation_scale': 0.30917143963906385, 'gb_scale': 6.526766221329757, 'gd_bubble_scale': 7.1870767465373335, 'gd_line_scale': 7.367098737902197, 'gd_line_alpha': 0.29548480864424576, 'coalescence_d_scale': 0.36039148681960254, 'capture_scale': 6.100823683529556}. Best is trial 678 with value: 1.749291878123438.
[I 2026-05-02 19:59:59,171] Trial 815 finished with value: 2.2563365353498623 and parameters: {'f_n': 1.1282019187200475e-06, 'K_d': 984144.6940356852, 'rho_d': 12445704133299.58, 'fission_rate': 6.268629655893143e+19, 'D2_xe_scale': 0.896884301048134, 'Dg_D1_scale': 0.1611968647327489, 'Dg_D3_scale': 0.319132660216118, 'Dv_D1_scale': 0.3390454739269458, 'Dv_D2_scale': 3.7733570440640016, 'b_bulk_scale': 0.24342328984364817, 'b_dislocation_scale': 0.10355050217179804, 'gb_scale': 5.264437747243441, 'gd_bubble_scale': 8.270855629923506, 'gd_line_scale': 5.702494185225098, 'gd_line_alpha': 0.42505192990662405, 'coalescence_d_scale': 0.4444691027930141, 'capture_scale': 0.7574928904274659}. Best is trial 678 with value: 1.749291878123438.
[I 2026-05-02 20:00:03,567] Trial 816 finished with value: 1.7754611596972965 and parameters: {'f_n': 1.2422994392895113e-06, 'K_d': 921122.0647002428, 'rho_d': 13004226324989.947, 'fission_rate': 6.561966580224094e+19, 'D2_xe_scale': 0.08214059063669431, 'Dg_D1_scale': 0.18384654680004328, 'Dg_D3_scale': 1.8288907314263718, 'Dv_D1_scale': 0.30979122178046137, 'Dv_D2_scale': 3.474491781651436, 'b_bulk_scale': 0.21290513982030126, 'b_dislocation_scale': 0.09348580475695178, 'gb_scale': 5.877317692906056, 'gd_bubble_scale': 8.921701434186815, 'gd_line_scale': 6.668284676267168, 'gd_line_alpha': 0.2711876955708696, 'coalescence_d_scale': 0.48502336656728745, 'capture_scale': 5.481162198417659}. Best is trial 678 with value: 1.749291878123438.Best trial: 678. Best value: 1.74929:  54%|█████▍    | 816/1500 [1:07:15<43:24,  3.81s/it]Best trial: 678. Best value: 1.74929:  54%|█████▍    | 816/1500 [1:07:15<43:24,  3.81s/it]Best trial: 678. Best value: 1.74929:  54%|█████▍    | 817/1500 [1:07:15<45:22,  3.99s/it]                                                                                          Best trial: 678. Best value: 1.74929:  54%|█████▍    | 817/1500 [1:07:19<45:22,  3.99s/it]Best trial: 678. Best value: 1.74929:  54%|█████▍    | 817/1500 [1:07:19<45:22,  3.99s/it]Best trial: 678. Best value: 1.74929:  55%|█████▍    | 818/1500 [1:07:19<46:29,  4.09s/it]                                                                                          Best trial: 678. Best value: 1.74929:  55%|█████▍    | 818/1500 [1:07:23<46:29,  4.09s/it]Best trial: 678. Best value: 1.74929:  55%|█████▍    | 818/1500 [1:07:24<46:29,  4.09s/it]Best trial: 678. Best value: 1.74929:  55%|█████▍    | 819/1500 [1:07:24<47:35,  4.19s/it]                                                                                          Best trial: 678. Best value: 1.74929:  55%|█████▍    | 819/1500 [1:07:28<47:35,  4.19s/it]Best trial: 678. Best value: 1.74929:  55%|█████▍    | 819/1500 [1:07:28<47:35,  4.19s/it]Best trial: 678. Best value: 1.74929:  55%|█████▍    | 820/1500 [1:07:28<48:15,  4.26s/it]                                                                                          Best trial: 678. Best value: 1.74929:  55%|█████▍    | 820/1500 [1:07:32<48:15,  4.26s/it]Best trial: 678. Best value: 1.74929:  55%|█████▍    | 820/1500 [1:07:32<48:15,  4.26s/it]Best trial: 678. Best value: 1.74929:  55%|█████▍    | 821/1500 [1:07:32<49:09,  4.34s/it]                                                                                          Best trial: 678. Best value: 1.74929:  55%|█████▍    | 821/1500 [1:07:37<49:09,  4.34s/it]Best trial: 678. Best value: 1.74929:  55%|█████▍    | 821/1500 [1:07:37<49:09,  4.34s/it]Best trial: 678. Best value: 1.74929:  55%|█████▍    | 822/1500 [1:07:37<50:36,  4.48s/it]                                                                                          Best trial: 678. Best value: 1.74929:  55%|█████▍    | 822/1500 [1:07:40<50:36,  4.48s/it]Best trial: 678. Best value: 1.74929:  55%|█████▍    | 822/1500 [1:07:40<50:36,  4.48s/it]Best trial: 678. Best value: 1.74929:  55%|█████▍    | 823/1500 [1:07:40<45:21,  4.02s/it]                                                                                          Best trial: 678. Best value: 1.74929:  55%|█████▍    | 823/1500 [1:07:45<45:21,  4.02s/it]Best trial: 678. Best value: 1.74929:  55%|█████▍    | 823/1500 [1:07:45<45:21,  4.02s/it]Best trial: 678. Best value: 1.74929:  55%|█████▍    | 824/1500 [1:07:45<47:14,  4.19s/it]                                                                                          Best trial: 678. Best value: 1.74929:  55%|█████▍    | 824/1500 [1:07:49<47:14,  4.19s/it]Best trial: 678. Best value: 1.74929:  55%|█████▍    | 824/1500 [1:07:49<47:14,  4.19s/it]Best trial: 678. Best value: 1.74929:  55%|█████▌    | 825/1500 [1:07:49<48:17,  4.29s/it]                                                                                          Best trial: 678. Best value: 1.74929:  55%|█████▌    | 825/1500 [1:07:52<48:17,  4.29s/it]Best trial: 678. Best value: 1.74929:  55%|█████▌    | 825/1500 [1:07:53<48:17,  4.29s/it]Best trial: 678. Best value: 1.74929:  55%|█████▌    | 826/1500 [1:07:53<44:38,  3.97s/it]                                                                                          Best trial: 678. Best value: 1.74929:  55%|█████▌    | 826/1500 [1:07:57<44:38,  3.97s/it]Best trial: 678. Best value: 1.74929:  55%|█████▌    | 826/1500 [1:07:57<44:38,  3.97s/it]Best trial: 678. Best value: 1.74929:  55%|█████▌    | 827/1500 [1:07:57<46:36,  4.16s/it]                                                                                          
[I 2026-05-02 20:00:07,908] Trial 817 finished with value: 3.0214956662353005 and parameters: {'f_n': 9.362220610013555e-09, 'K_d': 907821.1006001302, 'rho_d': 11873979030782.834, 'fission_rate': 6.6951724661496906e+19, 'D2_xe_scale': 0.035331473236361086, 'Dg_D1_scale': 0.1721279887135503, 'Dg_D3_scale': 2.138773293330747, 'Dv_D1_scale': 0.3063912884224891, 'Dv_D2_scale': 3.2491895982454015, 'b_bulk_scale': 0.23001064734740437, 'b_dislocation_scale': 0.09258029610996665, 'gb_scale': 6.4315826262788685, 'gd_bubble_scale': 7.4278504664799865, 'gd_line_scale': 5.347061114979879, 'gd_line_alpha': 0.2628747453563479, 'coalescence_d_scale': 0.37335778856522356, 'capture_scale': 5.219384105687199}. Best is trial 678 with value: 1.749291878123438.
[I 2026-05-02 20:00:12,344] Trial 818 finished with value: 1.9539043726014935 and parameters: {'f_n': 1.0787785344615987e-06, 'K_d': 912208.8085843977, 'rho_d': 12842872136167.037, 'fission_rate': 6.485201341629462e+19, 'D2_xe_scale': 0.03376007717843315, 'Dg_D1_scale': 0.18194117662832374, 'Dg_D3_scale': 1.8659058964488597, 'Dv_D1_scale': 0.28318257766606303, 'Dv_D2_scale': 3.4417011941074414, 'b_bulk_scale': 0.20015816255360155, 'b_dislocation_scale': 0.0949259154588789, 'gb_scale': 7.8392842734509225, 'gd_bubble_scale': 8.178662489395089, 'gd_line_scale': 6.114823357381912, 'gd_line_alpha': 0.250275034842473, 'coalescence_d_scale': 0.40954860878306604, 'capture_scale': 5.382001579700276}. Best is trial 678 with value: 1.749291878123438.
[I 2026-05-02 20:00:16,750] Trial 819 finished with value: 1.7895974377304957 and parameters: {'f_n': 9.732305865605482e-07, 'K_d': 860958.7076299705, 'rho_d': 11460285541881.377, 'fission_rate': 6.554607914912213e+19, 'D2_xe_scale': 0.045608089444033106, 'Dg_D1_scale': 0.16428181183260165, 'Dg_D3_scale': 1.9938913733761667, 'Dv_D1_scale': 0.31219261920057056, 'Dv_D2_scale': 3.2440032381768993, 'b_bulk_scale': 0.2597636705381385, 'b_dislocation_scale': 0.10369548074814836, 'gb_scale': 5.927640786245619, 'gd_bubble_scale': 8.722711871417323, 'gd_line_scale': 6.576298168662739, 'gd_line_alpha': 0.2754426976852336, 'coalescence_d_scale': 0.4786048361906359, 'capture_scale': 5.341619844248454}. Best is trial 678 with value: 1.749291878123438.
[I 2026-05-02 20:00:21,294] Trial 820 finished with value: 3.084658461208285 and parameters: {'f_n': 1.4380637800280582e-08, 'K_d': 1029123.9022088061, 'rho_d': 13057236977884.506, 'fission_rate': 6.459117451142805e+19, 'D2_xe_scale': 0.06688258566118786, 'Dg_D1_scale': 0.18631189372206003, 'Dg_D3_scale': 1.794431672706341, 'Dv_D1_scale': 0.2768472158290804, 'Dv_D2_scale': 3.996538450831249, 'b_bulk_scale': 0.2083294932891775, 'b_dislocation_scale': 0.0926691494402058, 'gb_scale': 7.200131966778351, 'gd_bubble_scale': 7.2283159420407355, 'gd_line_scale': 6.285160756496324, 'gd_line_alpha': 0.24956639366910272, 'coalescence_d_scale': 0.4262104010770226, 'capture_scale': 6.086999961601408}. Best is trial 678 with value: 1.749291878123438.
[I 2026-05-02 20:00:26,086] Trial 821 finished with value: 1.7648480063520031 and parameters: {'f_n': 7.669814914552064e-07, 'K_d': 933171.6296872561, 'rho_d': 12160431081797.094, 'fission_rate': 6.064229931665929e+19, 'D2_xe_scale': 0.04857242769576711, 'Dg_D1_scale': 0.17145328729086237, 'Dg_D3_scale': 1.91080783942182, 'Dv_D1_scale': 0.29866054011003385, 'Dv_D2_scale': 3.4762735692483417, 'b_bulk_scale': 0.23075208113917203, 'b_dislocation_scale': 0.11281214136118961, 'gb_scale': 5.736505371828247, 'gd_bubble_scale': 8.907407126461733, 'gd_line_scale': 7.519659625682477, 'gd_line_alpha': 0.2719891066146574, 'coalescence_d_scale': 0.5023334910858293, 'capture_scale': 5.378529237488621}. Best is trial 678 with value: 1.749291878123438.
[I 2026-05-02 20:00:29,033] Trial 822 finished with value: 1.7693031059921205 and parameters: {'f_n': 7.912583247991419e-07, 'K_d': 862991.7465563813, 'rho_d': 13033736319881.055, 'fission_rate': 6.394563367831942e+19, 'D2_xe_scale': 0.0269772942816398, 'Dg_D1_scale': 0.1611067893547121, 'Dg_D3_scale': 1.7764373458050235, 'Dv_D1_scale': 0.34098111540722276, 'Dv_D2_scale': 3.5292431627247147, 'b_bulk_scale': 0.19779973575301654, 'b_dislocation_scale': 0.11295879353481376, 'gb_scale': 7.206522363577988, 'gd_bubble_scale': 9.091851781534583, 'gd_line_scale': 7.967969796990142, 'gd_line_alpha': 0.3219436833473058, 'coalescence_d_scale': 0.5060233153985991, 'capture_scale': 6.087578459920756}. Best is trial 678 with value: 1.749291878123438.
[I 2026-05-02 20:00:33,636] Trial 823 finished with value: 1.7706101081274526 and parameters: {'f_n': 7.493302030179094e-07, 'K_d': 859411.884740893, 'rho_d': 12398800043828.633, 'fission_rate': 6.254897808099442e+19, 'D2_xe_scale': 0.041862542669273146, 'Dg_D1_scale': 0.16353964556676703, 'Dg_D3_scale': 1.8268018231113177, 'Dv_D1_scale': 0.333838821318692, 'Dv_D2_scale': 3.5209513165236985, 'b_bulk_scale': 0.21973365303132375, 'b_dislocation_scale': 0.11115978933720647, 'gb_scale': 7.777968336560187, 'gd_bubble_scale': 9.016827148485547, 'gd_line_scale': 7.765441476946552, 'gd_line_alpha': 0.34358586705282057, 'coalescence_d_scale': 0.5157536567679939, 'capture_scale': 6.035641740088575}. Best is trial 678 with value: 1.749291878123438.
[I 2026-05-02 20:00:38,159] Trial 824 finished with value: 1.7604609719534559 and parameters: {'f_n': 5.932432290249568e-07, 'K_d': 855724.9612470202, 'rho_d': 11343966733800.447, 'fission_rate': 6.37517987531449e+19, 'D2_xe_scale': 0.045890229716548506, 'Dg_D1_scale': 0.1562354027475436, 'Dg_D3_scale': 2.0692513903837755, 'Dv_D1_scale': 0.3480885320647275, 'Dv_D2_scale': 3.5178430011022837, 'b_bulk_scale': 0.2005854323267541, 'b_dislocation_scale': 0.11482697568000248, 'gb_scale': 6.728418063052934, 'gd_bubble_scale': 9.169457171712564, 'gd_line_scale': 7.842875219315131, 'gd_line_alpha': 0.3619686588478084, 'coalescence_d_scale': 0.5247906085088224, 'capture_scale': 6.245998589533151}. Best is trial 678 with value: 1.749291878123438.
[I 2026-05-02 20:00:41,388] Trial 825 finished with value: 3.6976176472533604 and parameters: {'f_n': 6.897240605213347e-07, 'K_d': 839111.7008147675, 'rho_d': 11520817269033.584, 'fission_rate': 6.360506422622581e+19, 'D2_xe_scale': 0.039989538205504105, 'Dg_D1_scale': 0.15940572737354802, 'Dg_D3_scale': 2.160823999023265, 'Dv_D1_scale': 0.3455693782872418, 'Dv_D2_scale': 0.2978268499009709, 'b_bulk_scale': 0.22954887050047798, 'b_dislocation_scale': 0.5611128711323313, 'gb_scale': 6.77193066957397, 'gd_bubble_scale': 9.03383150435659, 'gd_line_scale': 7.574289704200358, 'gd_line_alpha': 0.33450857216964136, 'coalescence_d_scale': 0.5383965531157937, 'capture_scale': 6.349737568033104}. Best is trial 678 with value: 1.749291878123438.
[I 2026-05-02 20:00:45,971] Trial 826 finished with value: 2.046179332185883 and parameters: {'f_n': 6.818864634279204e-07, 'K_d': 848073.0121637187, 'rho_d': 11150460915484.184, 'fission_rate': 6.2825022210002305e+19, 'D2_xe_scale': 0.05199370759056278, 'Dg_D1_scale': 0.16163688806519436, 'Dg_D3_scale': 2.0829967429103102, 'Dv_D1_scale': 0.34589232395024216, 'Dv_D2_scale': 3.129245521732326, 'b_bulk_scale': 0.20129072394042252, 'b_dislocation_scale': 0.11354470923685753, 'gb_scale': 7.587776698417437, 'gd_bubble_scale': 9.159204655248214, 'gd_line_scale': 7.940160861766791, 'gd_line_alpha': 0.37544344157244247, 'coalescence_d_scale': 0.5388743603861216, 'capture_scale': 0.01039417194532883}. Best is trial 678 with value: 1.749291878123438.
