[I 2026-05-02 19:33:16,871] Trial 460 finished with value: 1.870733120145475 and parameters: {'f_n': 2.173763350948117e-06, 'K_d': 765614.3613603982, 'rho_d': 13559806013595.445, 'fission_rate': 5.657491677730247e+19, 'D2_xe_scale': 0.18671442206747607, 'Dg_D1_scale': 0.27316525692317944, 'Dg_D3_scale': 1.253363691819108, 'Dv_D1_scale': 0.4365574613425925, 'Dv_D2_scale': 2.5531931382436737, 'b_bulk_scale': 0.08039443272700843, 'b_dislocation_scale': 0.06277648144423018, 'gb_scale': 3.2301893173388367, 'gd_bubble_scale': 6.17999290574336, 'gd_line_scale': 7.998088324086537, 'gd_line_alpha': 0.19017952324551302, 'coalescence_d_scale': 0.5567799005413575, 'capture_scale': 3.13952781895965}. Best is trial 449 with value: 1.8166976992938908.
[I 2026-05-02 19:33:21,748] Trial 461 finished with value: 1.8843257128182707 and parameters: {'f_n': 1.9407259693852018e-06, 'K_d': 693358.9020930153, 'rho_d': 13618863376522.318, 'fission_rate': 5.7639145422997905e+19, 'D2_xe_scale': 0.12461648304328987, 'Dg_D1_scale': 0.2714835965708555, 'Dg_D3_scale': 1.4409214349514488, 'Dv_D1_scale': 0.44835145146953065, 'Dv_D2_scale': 2.4346490209554497, 'b_bulk_scale': 0.07849263987826055, 'b_dislocation_scale': 0.07397678984952909, 'gb_scale': 3.422825071884493, 'gd_bubble_scale': 5.56479657375997, 'gd_line_scale': 9.729297728544386, 'gd_line_alpha': 0.20869117934715603, 'coalescence_d_scale': 0.6237929044247633, 'capture_scale': 0.1630856356917881}. Best is trial 449 with value: 1.8166976992938908.
[I 2026-05-02 19:33:25,247] Trial 462 finished with value: 1.847801995894331 and parameters: {'f_n': 1.818394391703555e-06, 'K_d': 677518.0705120318, 'rho_d': 12163917823362.127, 'fission_rate': 5.536866296922416e+19, 'D2_xe_scale': 0.15926419183940374, 'Dg_D1_scale': 0.2817217879223034, 'Dg_D3_scale': 1.5210772689051304, 'Dv_D1_scale': 0.4133728045165048, 'Dv_D2_scale': 2.5992078242131007, 'b_bulk_scale': 0.06820741869593691, 'b_dislocation_scale': 0.06133364204587061, 'gb_scale': 3.322685250051231, 'gd_bubble_scale': 5.38043099520875, 'gd_line_scale': 9.10003601343303, 'gd_line_alpha': 0.1880144368058893, 'coalescence_d_scale': 0.5637640712591784, 'capture_scale': 2.7116386165956}. Best is trial 449 with value: 1.8166976992938908.
[I 2026-05-02 19:33:30,291] Trial 463 finished with value: 2.118975886437763 and parameters: {'f_n': 1.7885444542582036e-06, 'K_d': 765051.916176688, 'rho_d': 15395440839110.002, 'fission_rate': 5.550341433295449e+19, 'D2_xe_scale': 0.1835546301272414, 'Dg_D1_scale': 0.2811038379891547, 'Dg_D3_scale': 1.3438289391205613, 'Dv_D1_scale': 0.4085881837643015, 'Dv_D2_scale': 2.5126712680864687, 'b_bulk_scale': 0.08734396799121216, 'b_dislocation_scale': 0.05985946856270075, 'gb_scale': 3.5331892146893566, 'gd_bubble_scale': 5.491962728531916, 'gd_line_scale': 8.626258644362165, 'gd_line_alpha': 0.18201352215099303, 'coalescence_d_scale': 0.6097583380330617, 'capture_scale': 2.65705257279931}. Best is trial 449 with value: 1.8166976992938908.
[I 2026-05-02 19:33:35,267] Trial 464 finished with value: 7.178570603933427 and parameters: {'f_n': 1.7488946281155636e-06, 'K_d': 711144.2334002398, 'rho_d': 14479185725152.314, 'fission_rate': 5.6855471178003415e+19, 'D2_xe_scale': 0.25088012085461303, 'Dg_D1_scale': 0.2606299701563496, 'Dg_D3_scale': 0.9208475574932654, 'Dv_D1_scale': 0.44731612608030036, 'Dv_D2_scale': 2.266678735919088, 'b_bulk_scale': 0.07680589896697533, 'b_dislocation_scale': 0.05657739943978121, 'gb_scale': 3.332241674340048, 'gd_bubble_scale': 6.063052421169577, 'gd_line_scale': 9.927746766572461, 'gd_line_alpha': 0.17779519263809668, 'coalescence_d_scale': 14.565890616997343, 'capture_scale': 2.943566201447993}. Best is trial 449 with value: 1.8166976992938908.Best trial: 449. Best value: 1.8167:  31%|███       | 464/1500 [40:46<1:20:17,  4.65s/it]Best trial: 449. Best value: 1.8167:  31%|███       | 464/1500 [40:46<1:20:17,  4.65s/it]Best trial: 449. Best value: 1.8167:  31%|███       | 465/1500 [40:46<1:21:54,  4.75s/it]                                                                                         Best trial: 449. Best value: 1.8167:  31%|███       | 465/1500 [40:51<1:21:54,  4.75s/it]Best trial: 449. Best value: 1.8167:  31%|███       | 465/1500 [40:51<1:21:54,  4.75s/it]Best trial: 449. Best value: 1.8167:  31%|███       | 466/1500 [40:51<1:23:16,  4.83s/it]                                                                                         Best trial: 449. Best value: 1.8167:  31%|███       | 466/1500 [40:57<1:23:16,  4.83s/it]Best trial: 466. Best value: 1.79886:  31%|███       | 466/1500 [40:57<1:23:16,  4.83s/it]Best trial: 466. Best value: 1.79886:  31%|███       | 467/1500 [40:57<1:24:47,  4.93s/it]                                                                                          Best trial: 466. Best value: 1.79886:  31%|███       | 467/1500 [41:02<1:24:47,  4.93s/it]Best trial: 466. Best value: 1.79886:  31%|███       | 467/1500 [41:02<1:24:47,  4.93s/it]Best trial: 466. Best value: 1.79886:  31%|███       | 468/1500 [41:02<1:25:18,  4.96s/it]                                                                                          Best trial: 466. Best value: 1.79886:  31%|███       | 468/1500 [41:05<1:25:18,  4.96s/it]Best trial: 466. Best value: 1.79886:  31%|███       | 468/1500 [41:05<1:25:18,  4.96s/it]Best trial: 466. Best value: 1.79886:  31%|███▏      | 469/1500 [41:05<1:17:34,  4.51s/it]                                                                                          Best trial: 466. Best value: 1.79886:  31%|███▏      | 469/1500 [41:10<1:17:34,  4.51s/it]Best trial: 466. Best value: 1.79886:  31%|███▏      | 469/1500 [41:10<1:17:34,  4.51s/it]Best trial: 466. Best value: 1.79886:  31%|███▏      | 470/1500 [41:10<1:20:10,  4.67s/it]                                                                                          Best trial: 466. Best value: 1.79886:  31%|███▏      | 470/1500 [41:15<1:20:10,  4.67s/it]Best trial: 466. Best value: 1.79886:  31%|███▏      | 470/1500 [41:15<1:20:10,  4.67s/it]Best trial: 466. Best value: 1.79886:  31%|███▏      | 471/1500 [41:15<1:22:40,  4.82s/it]                                                                                          Best trial: 466. Best value: 1.79886:  31%|███▏      | 471/1500 [41:20<1:22:40,  4.82s/it]Best trial: 466. Best value: 1.79886:  31%|███▏      | 471/1500 [41:20<1:22:40,  4.82s/it]Best trial: 466. Best value: 1.79886:  31%|███▏      | 472/1500 [41:20<1:23:58,  4.90s/it]                                                                                          Best trial: 466. Best value: 1.79886:  31%|███▏      | 472/1500 [41:25<1:23:58,  4.90s/it]Best trial: 466. Best value: 1.79886:  31%|███▏      | 472/1500 [41:25<1:23:58,  4.90s/it]Best trial: 466. Best value: 1.79886:  32%|███▏      | 473/1500 [41:25<1:24:27,  4.93s/it]                                                                                          Best trial: 466. Best value: 1.79886:  32%|███▏      | 473/1500 [41:29<1:24:27,  4.93s/it]Best trial: 466. Best value: 1.79886:  32%|███▏      | 473/1500 [41:29<1:24:27,  4.93s/it]Best trial: 466. Best value: 1.79886:  32%|███▏      | 474/1500 [41:29<1:16:47,  4.49s/it]                                                                                          Best trial: 466. Best value: 1.79886:  32%|███▏      | 474/1500 [41:34<1:16:47,  4.49s/it]Best trial: 466. Best value: 1.79886:  32%|███▏      | 474/1500 [41:34<1:16:47,  4.49s/it]Best trial: 466. Best value: 1.79886:  32%|███▏      | 475/1500 [41:34<1:18:25,  4.59s/it]                                                                                          
[I 2026-05-02 19:33:40,296] Trial 465 finished with value: 1.9111088254790725 and parameters: {'f_n': 1.4918591798584608e-06, 'K_d': 679925.0979471429, 'rho_d': 12884287073200.996, 'fission_rate': 5.5657075944373264e+19, 'D2_xe_scale': 0.1508694916287736, 'Dg_D1_scale': 0.2820714432156273, 'Dg_D3_scale': 1.5135504671672273, 'Dv_D1_scale': 0.40816608418756184, 'Dv_D2_scale': 2.8194895231734263, 'b_bulk_scale': 0.06859099288355205, 'b_dislocation_scale': 0.0641803376990815, 'gb_scale': 3.0863164216783723, 'gd_bubble_scale': 5.251137820446379, 'gd_line_scale': 8.83427517228037, 'gd_line_alpha': 0.18713503021526795, 'coalescence_d_scale': 0.5511825502134413, 'capture_scale': 2.7458660752259245}. Best is trial 449 with value: 1.8166976992938908.
[I 2026-05-02 19:33:45,433] Trial 466 finished with value: 1.7988581202880989 and parameters: {'f_n': 2.0197744615562645e-06, 'K_d': 661612.4861887933, 'rho_d': 13869311369078.277, 'fission_rate': 5.451611604313461e+19, 'D2_xe_scale': 0.16304945952393174, 'Dg_D1_scale': 0.24289780489148308, 'Dg_D3_scale': 1.2630075978274287, 'Dv_D1_scale': 0.4436479032950338, 'Dv_D2_scale': 2.6407096011428473, 'b_bulk_scale': 0.06773938099955941, 'b_dislocation_scale': 0.06407354072007407, 'gb_scale': 3.627803537892456, 'gd_bubble_scale': 5.374859857339517, 'gd_line_scale': 7.830460565508513, 'gd_line_alpha': 0.16623959853370893, 'coalescence_d_scale': 0.5567498683637602, 'capture_scale': 3.31623383028311}. Best is trial 466 with value: 1.7988581202880989.
[I 2026-05-02 19:33:50,479] Trial 467 finished with value: 1.8312281206242644 and parameters: {'f_n': 2.055391920801554e-06, 'K_d': 667604.6701408422, 'rho_d': 14290808535009.68, 'fission_rate': 5.500318282721816e+19, 'D2_xe_scale': 0.16864338925956593, 'Dg_D1_scale': 0.24419574871530797, 'Dg_D3_scale': 1.1886373546498883, 'Dv_D1_scale': 0.47070399708694444, 'Dv_D2_scale': 2.602116995946737, 'b_bulk_scale': 0.07183115373765343, 'b_dislocation_scale': 0.05815146916761152, 'gb_scale': 3.9171751187421893, 'gd_bubble_scale': 5.296645216909054, 'gd_line_scale': 8.021202672059587, 'gd_line_alpha': 0.16909554110238725, 'coalescence_d_scale': 0.6166461569282491, 'capture_scale': 3.338467926780085}. Best is trial 466 with value: 1.7988581202880989.
[I 2026-05-02 19:33:53,956] Trial 468 finished with value: 2.4818607569325817 and parameters: {'f_n': 2.3836258748299068e-06, 'K_d': 740121.4200784533, 'rho_d': 14233845766362.646, 'fission_rate': 5.479426836184109e+19, 'D2_xe_scale': 0.0964554133474347, 'Dg_D1_scale': 2.537033823025158, 'Dg_D3_scale': 1.221726896619101, 'Dv_D1_scale': 0.47218126207518607, 'Dv_D2_scale': 2.7852488320691213, 'b_bulk_scale': 0.0859808989190927, 'b_dislocation_scale': 0.05449946432965701, 'gb_scale': 3.958550522173541, 'gd_bubble_scale': 5.36348823065025, 'gd_line_scale': 8.020623190153756, 'gd_line_alpha': 0.21740822934631554, 'coalescence_d_scale': 0.5847458332061924, 'capture_scale': 3.2503786234477636}. Best is trial 466 with value: 1.7988581202880989.
[I 2026-05-02 19:33:58,989] Trial 469 finished with value: 2.131112249798066 and parameters: {'f_n': 2.0503846354629367e-06, 'K_d': 665623.3326936467, 'rho_d': 16095377647010.96, 'fission_rate': 5.510038819107866e+19, 'D2_xe_scale': 0.1537059706129877, 'Dg_D1_scale': 0.23957525790064307, 'Dg_D3_scale': 1.4171105125507975, 'Dv_D1_scale': 0.45939301403734595, 'Dv_D2_scale': 2.647204105537925, 'b_bulk_scale': 0.07563794538311958, 'b_dislocation_scale': 0.05888821160461512, 'gb_scale': 3.7377566128620683, 'gd_bubble_scale': 5.3901731384257765, 'gd_line_scale': 9.049858172649985, 'gd_line_alpha': 0.16765081456737185, 'coalescence_d_scale': 0.5445199991790877, 'capture_scale': 3.3401865070449976}. Best is trial 466 with value: 1.7988581202880989.
[I 2026-05-02 19:34:04,152] Trial 470 finished with value: 1.8865661609130804 and parameters: {'f_n': 1.9825019869505644e-06, 'K_d': 711140.0586861355, 'rho_d': 14153035537493.83, 'fission_rate': 5.378761809371183e+19, 'D2_xe_scale': 0.20797010979871125, 'Dg_D1_scale': 0.2231299793132474, 'Dg_D3_scale': 1.3169336107431977, 'Dv_D1_scale': 0.4763467424435918, 'Dv_D2_scale': 2.5764984831326956, 'b_bulk_scale': 0.08272035988347877, 'b_dislocation_scale': 0.05576910113942608, 'gb_scale': 3.9794109436648553, 'gd_bubble_scale': 6.1468673094356365, 'gd_line_scale': 7.747690991506933, 'gd_line_alpha': 0.1949493176763424, 'coalescence_d_scale': 0.6214784297093262, 'capture_scale': 3.3512256297161236}. Best is trial 466 with value: 1.7988581202880989.
[I 2026-05-02 19:34:09,250] Trial 471 finished with value: 1.8145172397959934 and parameters: {'f_n': 2.2867713781807954e-06, 'K_d': 664055.6202985144, 'rho_d': 13442424609104.596, 'fission_rate': 5.629895915574736e+19, 'D2_xe_scale': 0.16693186757941017, 'Dg_D1_scale': 0.24235932445497754, 'Dg_D3_scale': 1.1809672557460016, 'Dv_D1_scale': 0.4526520986753112, 'Dv_D2_scale': 2.6926140986829874, 'b_bulk_scale': 0.06964614901366466, 'b_dislocation_scale': 0.06361454034469088, 'gb_scale': 3.610964560585411, 'gd_bubble_scale': 5.064537100692162, 'gd_line_scale': 8.993142005633509, 'gd_line_alpha': 0.1675154346322609, 'coalescence_d_scale': 0.539469531031171, 'capture_scale': 3.5143393950911377}. Best is trial 466 with value: 1.7988581202880989.
[I 2026-05-02 19:34:14,261] Trial 472 finished with value: 1.9205698132142635 and parameters: {'f_n': 2.279679952297812e-06, 'K_d': 785256.0078757933, 'rho_d': 15102416364536.242, 'fission_rate': 5.611140119734311e+19, 'D2_xe_scale': 0.32943323004403857, 'Dg_D1_scale': 0.24024834732314695, 'Dg_D3_scale': 1.1859636640930975, 'Dv_D1_scale': 0.45246066744327806, 'Dv_D2_scale': 2.696495624029914, 'b_bulk_scale': 0.06972088365690338, 'b_dislocation_scale': 0.06437797828248425, 'gb_scale': 4.188180366815067, 'gd_bubble_scale': 5.7748555731151, 'gd_line_scale': 9.848568943824146, 'gd_line_alpha': 0.17353764371526412, 'coalescence_d_scale': 0.5551711927126293, 'capture_scale': 3.7840557885650146}. Best is trial 466 with value: 1.7988581202880989.
[I 2026-05-02 19:34:17,718] Trial 473 finished with value: 3.2089385413545344 and parameters: {'f_n': 2.5257996435331146e-06, 'K_d': 681267.1320345126, 'rho_d': 13342484268284.467, 'fission_rate': 5.677435078782265e+19, 'D2_xe_scale': 0.15908238433190602, 'Dg_D1_scale': 0.25167600311088106, 'Dg_D3_scale': 1.258367527445223, 'Dv_D1_scale': 0.4127607091104481, 'Dv_D2_scale': 3.029046875051493, 'b_bulk_scale': 0.07560147297542778, 'b_dislocation_scale': 0.22035889472167633, 'gb_scale': 3.425332629266028, 'gd_bubble_scale': 0.06951650118587441, 'gd_line_scale': 8.990512731118415, 'gd_line_alpha': 0.20933540598417438, 'coalescence_d_scale': 0.6323916347853833, 'capture_scale': 3.4968995608448346}. Best is trial 466 with value: 1.7988581202880989.
[I 2026-05-02 19:34:22,541] Trial 474 finished with value: 1.8109232398427715 and parameters: {'f_n': 2.002195680067369e-06, 'K_d': 723728.2431390408, 'rho_d': 13752688924421.588, 'fission_rate': 5.778835546747639e+19, 'D2_xe_scale': 0.21364853197833547, 'Dg_D1_scale': 0.22690850215162023, 'Dg_D3_scale': 1.109249500582531, 'Dv_D1_scale': 0.4549639107388126, 'Dv_D2_scale': 2.609979563457175, 'b_bulk_scale': 0.06738534405853135, 'b_dislocation_scale': 0.06985530922935652, 'gb_scale': 3.5347778398377856, 'gd_bubble_scale': 5.077941662059655, 'gd_line_scale': 8.475687902350426, 'gd_line_alpha': 0.1908039404783411, 'coalescence_d_scale': 0.5454751748107383, 'capture_scale': 4.116564939755434}. Best is trial 466 with value: 1.7988581202880989.
[I 2026-05-02 19:34:25,811] Trial 475 finished with value: 1.7940450727878425 and parameters: {'f_n': 2.4309412311811266e-06, 'K_d': 738901.429735866, 'rho_d': 14863192104568.139, 'fission_rate': 5.7767746616797676e+19, 'D2_xe_scale': 0.22305964885615448, 'Dg_D1_scale': 0.19506962044963372, 'Dg_D3_scale': 1.1622991250624068, 'Dv_D1_scale': 0.45858359027568923, 'Dv_D2_scale': 2.7378096583322566, 'b_bulk_scale': 0.08096968401437739, 'b_dislocation_scale': 0.07102402282979094, 'gb_scale': 3.6294102480590764, 'gd_bubble_scale': 4.973572359448684, 'gd_line_scale': 8.358764398095094, 'gd_line_alpha': 0.16545967270220718, 'coalescence_d_scale': 0.562158644421929, 'capture_scale': 4.158148612024234}. Best is trial 475 with value: 1.7940450727878425.Best trial: 466. Best value: 1.79886:  32%|███▏      | 475/1500 [41:37<1:18:25,  4.59s/it]Best trial: 475. Best value: 1.79405:  32%|███▏      | 475/1500 [41:37<1:18:25,  4.59s/it]Best trial: 475. Best value: 1.79405:  32%|███▏      | 476/1500 [41:37<1:11:37,  4.20s/it]                                                                                          Best trial: 475. Best value: 1.79405:  32%|███▏      | 476/1500 [41:42<1:11:37,  4.20s/it]Best trial: 475. Best value: 1.79405:  32%|███▏      | 476/1500 [41:42<1:11:37,  4.20s/it]Best trial: 475. Best value: 1.79405:  32%|███▏      | 477/1500 [41:42<1:14:50,  4.39s/it]                                                                                          Best trial: 475. Best value: 1.79405:  32%|███▏      | 477/1500 [41:47<1:14:50,  4.39s/it]Best trial: 475. Best value: 1.79405:  32%|███▏      | 477/1500 [41:47<1:14:50,  4.39s/it]Best trial: 475. Best value: 1.79405:  32%|███▏      | 478/1500 [41:47<1:17:02,  4.52s/it]                                                                                          Best trial: 475. Best value: 1.79405:  32%|███▏      | 478/1500 [41:51<1:17:02,  4.52s/it]Best trial: 475. Best value: 1.79405:  32%|███▏      | 478/1500 [41:51<1:17:02,  4.52s/it]Best trial: 475. Best value: 1.79405:  32%|███▏      | 479/1500 [41:51<1:18:01,  4.59s/it]                                                                                          Best trial: 475. Best value: 1.79405:  32%|███▏      | 479/1500 [41:56<1:18:01,  4.59s/it]Best trial: 475. Best value: 1.79405:  32%|███▏      | 479/1500 [41:56<1:18:01,  4.59s/it]Best trial: 475. Best value: 1.79405:  32%|███▏      | 480/1500 [41:56<1:19:19,  4.67s/it]                                                                                          Best trial: 475. Best value: 1.79405:  32%|███▏      | 480/1500 [42:01<1:19:19,  4.67s/it]Best trial: 475. Best value: 1.79405:  32%|███▏      | 480/1500 [42:01<1:19:19,  4.67s/it]Best trial: 475. Best value: 1.79405:  32%|███▏      | 481/1500 [42:01<1:20:17,  4.73s/it]                                                                                          Best trial: 475. Best value: 1.79405:  32%|███▏      | 481/1500 [42:06<1:20:17,  4.73s/it]Best trial: 481. Best value: 1.78538:  32%|███▏      | 481/1500 [42:06<1:20:17,  4.73s/it]Best trial: 481. Best value: 1.78538:  32%|███▏      | 482/1500 [42:06<1:20:30,  4.75s/it]                                                                                          Best trial: 481. Best value: 1.78538:  32%|███▏      | 482/1500 [42:09<1:20:30,  4.75s/it]Best trial: 481. Best value: 1.78538:  32%|███▏      | 482/1500 [42:09<1:20:30,  4.75s/it]Best trial: 481. Best value: 1.78538:  32%|███▏      | 483/1500 [42:09<1:12:45,  4.29s/it]                                                                                          Best trial: 481. Best value: 1.78538:  32%|███▏      | 483/1500 [42:14<1:12:45,  4.29s/it]Best trial: 481. Best value: 1.78538:  32%|███▏      | 483/1500 [42:14<1:12:45,  4.29s/it]Best trial: 481. Best value: 1.78538:  32%|███▏      | 484/1500 [42:14<1:15:24,  4.45s/it]                                                                                          Best trial: 481. Best value: 1.78538:  32%|███▏      | 484/1500 [42:19<1:15:24,  4.45s/it]Best trial: 481. Best value: 1.78538:  32%|███▏      | 484/1500 [42:19<1:15:24,  4.45s/it]Best trial: 481. Best value: 1.78538:  32%|███▏      | 485/1500 [42:19<1:17:15,  4.57s/it]                                                                                          Best trial: 481. Best value: 1.78538:  32%|███▏      | 485/1500 [42:24<1:17:15,  4.57s/it]Best trial: 481. Best value: 1.78538:  32%|███▏      | 485/1500 [42:24<1:17:15,  4.57s/it]Best trial: 481. Best value: 1.78538:  32%|███▏      | 486/1500 [42:24<1:18:43,  4.66s/it]                                                                                          
[I 2026-05-02 19:34:30,659] Trial 476 finished with value: 1.7959205326293652 and parameters: {'f_n': 2.544791313314461e-06, 'K_d': 747707.2840279883, 'rho_d': 15224955197913.77, 'fission_rate': 5.760943625651597e+19, 'D2_xe_scale': 0.21916711580946854, 'Dg_D1_scale': 0.19983276487291896, 'Dg_D3_scale': 1.1041930517119358, 'Dv_D1_scale': 0.4509279870334527, 'Dv_D2_scale': 2.699636792658802, 'b_bulk_scale': 0.08330855722542407, 'b_dislocation_scale': 0.07185443591458689, 'gb_scale': 3.7866634415725247, 'gd_bubble_scale': 4.985443726698922, 'gd_line_scale': 8.45295446112442, 'gd_line_alpha': 0.2193181631371485, 'coalescence_d_scale': 0.6062722608183126, 'capture_scale': 3.9831559480182306}. Best is trial 475 with value: 1.7940450727878425.
[I 2026-05-02 19:34:35,492] Trial 477 finished with value: 1.796672973218795 and parameters: {'f_n': 2.7436529708955353e-06, 'K_d': 783658.93118558, 'rho_d': 15381324623567.37, 'fission_rate': 5.836033772259206e+19, 'D2_xe_scale': 0.22190609618148863, 'Dg_D1_scale': 0.1974422222792498, 'Dg_D3_scale': 1.1382577401301792, 'Dv_D1_scale': 0.45272240568615807, 'Dv_D2_scale': 2.708985818565269, 'b_bulk_scale': 0.07902719135561144, 'b_dislocation_scale': 0.06937866417197938, 'gb_scale': 4.205048895112989, 'gd_bubble_scale': 5.265411421107942, 'gd_line_scale': 8.896238578011689, 'gd_line_alpha': 0.2202494369879223, 'coalescence_d_scale': 0.6241776579315058, 'capture_scale': 4.006619228858151}. Best is trial 475 with value: 1.7940450727878425.
