[I 2026-05-02 19:40:14,657] Trial 552 finished with value: 1.8338028352924844 and parameters: {'f_n': 2.075569507647621e-06, 'K_d': 763579.104313585, 'rho_d': 17323118006967.98, 'fission_rate': 5.782865319021882e+19, 'D2_xe_scale': 0.42743922244635035, 'Dg_D1_scale': 0.17342924241365637, 'Dg_D3_scale': 0.7580677728765647, 'Dv_D1_scale': 0.43862954067865334, 'Dv_D2_scale': 2.7915103734392783, 'b_bulk_scale': 0.08587786945824535, 'b_dislocation_scale': 0.07121999216490306, 'gb_scale': 4.979317568940996, 'gd_bubble_scale': 7.666751011939059, 'gd_line_scale': 8.38080132157183, 'gd_line_alpha': 0.25646701970523766, 'coalescence_d_scale': 0.8117783637060316, 'capture_scale': 0.4746760800734634}. Best is trial 543 with value: 1.7693614194807372.Best trial: 543. Best value: 1.76936:  37%|███▋      | 552/1500 [47:26<1:10:11,  4.44s/it]Best trial: 543. Best value: 1.76936:  37%|███▋      | 552/1500 [47:26<1:10:11,  4.44s/it]Best trial: 543. Best value: 1.76936:  37%|███▋      | 553/1500 [47:26<1:12:02,  4.56s/it]                                                                                          Best trial: 543. Best value: 1.76936:  37%|███▋      | 553/1500 [47:31<1:12:02,  4.56s/it]Best trial: 543. Best value: 1.76936:  37%|███▋      | 553/1500 [47:31<1:12:02,  4.56s/it]Best trial: 543. Best value: 1.76936:  37%|███▋      | 554/1500 [47:31<1:13:38,  4.67s/it]                                                                                          Best trial: 543. Best value: 1.76936:  37%|███▋      | 554/1500 [47:35<1:13:38,  4.67s/it]Best trial: 543. Best value: 1.76936:  37%|███▋      | 554/1500 [47:36<1:13:38,  4.67s/it]Best trial: 543. Best value: 1.76936:  37%|███▋      | 555/1500 [47:36<1:14:01,  4.70s/it]                                                                                          Best trial: 543. Best value: 1.76936:  37%|███▋      | 555/1500 [47:38<1:14:01,  4.70s/it]Best trial: 543. Best value: 1.76936:  37%|███▋      | 555/1500 [47:38<1:14:01,  4.70s/it]Best trial: 543. Best value: 1.76936:  37%|███▋      | 556/1500 [47:38<1:04:45,  4.12s/it]                                                                                          Best trial: 543. Best value: 1.76936:  37%|███▋      | 556/1500 [47:43<1:04:45,  4.12s/it]Best trial: 543. Best value: 1.76936:  37%|███▋      | 556/1500 [47:43<1:04:45,  4.12s/it]Best trial: 543. Best value: 1.76936:  37%|███▋      | 557/1500 [47:43<1:07:38,  4.30s/it]                                                                                          Best trial: 543. Best value: 1.76936:  37%|███▋      | 557/1500 [47:46<1:07:38,  4.30s/it]Best trial: 543. Best value: 1.76936:  37%|███▋      | 557/1500 [47:46<1:07:38,  4.30s/it]Best trial: 543. Best value: 1.76936:  37%|███▋      | 558/1500 [47:46<1:02:28,  3.98s/it]                                                                                          Best trial: 543. Best value: 1.76936:  37%|███▋      | 558/1500 [47:51<1:02:28,  3.98s/it]Best trial: 543. Best value: 1.76936:  37%|███▋      | 558/1500 [47:51<1:02:28,  3.98s/it]Best trial: 543. Best value: 1.76936:  37%|███▋      | 559/1500 [47:51<1:07:01,  4.27s/it]                                                                                          Best trial: 543. Best value: 1.76936:  37%|███▋      | 559/1500 [47:56<1:07:01,  4.27s/it]Best trial: 543. Best value: 1.76936:  37%|███▋      | 559/1500 [47:56<1:07:01,  4.27s/it]Best trial: 543. Best value: 1.76936:  37%|███▋      | 560/1500 [47:56<1:09:51,  4.46s/it]                                                                                          Best trial: 543. Best value: 1.76936:  37%|███▋      | 560/1500 [48:01<1:09:51,  4.46s/it]Best trial: 543. Best value: 1.76936:  37%|███▋      | 560/1500 [48:01<1:09:51,  4.46s/it]Best trial: 543. Best value: 1.76936:  37%|███▋      | 561/1500 [48:01<1:10:35,  4.51s/it]                                                                                          Best trial: 543. Best value: 1.76936:  37%|███▋      | 561/1500 [48:05<1:10:35,  4.51s/it]Best trial: 543. Best value: 1.76936:  37%|███▋      | 561/1500 [48:05<1:10:35,  4.51s/it]Best trial: 543. Best value: 1.76936:  37%|███▋      | 562/1500 [48:05<1:08:45,  4.40s/it]                                                                                          Best trial: 543. Best value: 1.76936:  37%|███▋      | 562/1500 [48:08<1:08:45,  4.40s/it]Best trial: 543. Best value: 1.76936:  37%|███▋      | 562/1500 [48:08<1:08:45,  4.40s/it]Best trial: 543. Best value: 1.76936:  38%|███▊      | 563/1500 [48:08<1:03:51,  4.09s/it]                                                                                          
[I 2026-05-02 19:40:19,578] Trial 553 finished with value: 1.9978920161248874 and parameters: {'f_n': 2.430630784888212e-06, 'K_d': 810486.7888525829, 'rho_d': 16308313199236.861, 'fission_rate': 5.715475912774851e+19, 'D2_xe_scale': 0.35461810684228856, 'Dg_D1_scale': 0.18543125212484746, 'Dg_D3_scale': 1.2487805705532442, 'Dv_D1_scale': 0.4466148076930355, 'Dv_D2_scale': 3.6448817411493906, 'b_bulk_scale': 0.09524655360082546, 'b_dislocation_scale': 0.08928706100206531, 'gb_scale': 4.369355299176804, 'gd_bubble_scale': 6.400172393884569, 'gd_line_scale': 7.151439993576843, 'gd_line_alpha': 0.2347214181597464, 'coalescence_d_scale': 0.7341525383487029, 'capture_scale': 1.1110283807134078}. Best is trial 543 with value: 1.7693614194807372.
[I 2026-05-02 19:40:24,346] Trial 554 finished with value: 2.1164284698507925 and parameters: {'f_n': 2.1033973165173576e-06, 'K_d': 859094.340984648, 'rho_d': 14396359634583.383, 'fission_rate': 5.906608683642594e+19, 'D2_xe_scale': 0.5793085022424654, 'Dg_D1_scale': 0.17102914485330864, 'Dg_D3_scale': 1.1291349632907226, 'Dv_D1_scale': 0.40682153386926884, 'Dv_D2_scale': 3.1025793642729913, 'b_bulk_scale': 0.08552907923542585, 'b_dislocation_scale': 0.07651993933567493, 'gb_scale': 5.645091189067537, 'gd_bubble_scale': 5.697328233283327, 'gd_line_scale': 8.93253289307688, 'gd_line_alpha': 0.20175192973984732, 'coalescence_d_scale': 0.8373508130039151, 'capture_scale': 0.07822647764933296}. Best is trial 543 with value: 1.7693614194807372.
[I 2026-05-02 19:40:27,078] Trial 555 finished with value: 4.03748371032056 and parameters: {'f_n': 2.4368590640237526e-06, 'K_d': 757265.0412144205, 'rho_d': 14958726823709.307, 'fission_rate': 5.808429435437732e+19, 'D2_xe_scale': 0.2805679984197654, 'Dg_D1_scale': 0.20209075348529862, 'Dg_D3_scale': 0.8958435164835996, 'Dv_D1_scale': 0.41458278691856587, 'Dv_D2_scale': 3.728459433740941, 'b_bulk_scale': 0.09954850648359646, 'b_dislocation_scale': 0.7638329123485506, 'gb_scale': 6.687416904060977, 'gd_bubble_scale': 6.9653957211730955, 'gd_line_scale': 7.612871643102318, 'gd_line_alpha': 0.22136897689753365, 'coalescence_d_scale': 0.7353647255109247, 'capture_scale': 0.2504570272765342}. Best is trial 543 with value: 1.7693614194807372.
[I 2026-05-02 19:40:31,835] Trial 556 finished with value: 2.078951255391394 and parameters: {'f_n': 2.4694014710469586e-06, 'K_d': 1002104.6314750664, 'rho_d': 19153222821037.473, 'fission_rate': 5.944954139267001e+19, 'D2_xe_scale': 0.16854209289885366, 'Dg_D1_scale': 0.183681441828297, 'Dg_D3_scale': 1.3313914418150101, 'Dv_D1_scale': 0.35915195389079096, 'Dv_D2_scale': 2.883325374622965, 'b_bulk_scale': 0.09334806800461073, 'b_dislocation_scale': 0.06759777622785103, 'gb_scale': 4.004907760840294, 'gd_bubble_scale': 7.6821667512450835, 'gd_line_scale': 9.030651528208086, 'gd_line_alpha': 0.7046796817827917, 'coalescence_d_scale': 0.8887814020620961, 'capture_scale': 0.6408926175929223}. Best is trial 543 with value: 1.7693614194807372.
[I 2026-05-02 19:40:35,063] Trial 557 finished with value: 1.8441351850727252 and parameters: {'f_n': 2.9683270097079307e-06, 'K_d': 803879.3575130736, 'rho_d': 16328703772325.818, 'fission_rate': 5.831971174517212e+19, 'D2_xe_scale': 0.13868545867296447, 'Dg_D1_scale': 0.17033256095443636, 'Dg_D3_scale': 1.1926336049001818, 'Dv_D1_scale': 0.3867999426694584, 'Dv_D2_scale': 3.093699610024547, 'b_bulk_scale': 0.10560175659828133, 'b_dislocation_scale': 0.08387037935198878, 'gb_scale': 4.921004901324405, 'gd_bubble_scale': 6.349671634673354, 'gd_line_scale': 8.129963386223462, 'gd_line_alpha': 0.2559045234698275, 'coalescence_d_scale': 0.7831054423796823, 'capture_scale': 5.715382745720524}. Best is trial 543 with value: 1.7693614194807372.
[I 2026-05-02 19:40:40,020] Trial 558 finished with value: 1.9335711688417871 and parameters: {'f_n': 2.059509017015784e-06, 'K_d': 915341.4338918097, 'rho_d': 17359222361869.857, 'fission_rate': 5.697347112426882e+19, 'D2_xe_scale': 0.18766872934794265, 'Dg_D1_scale': 0.15875857713552405, 'Dg_D3_scale': 1.0616829446811227, 'Dv_D1_scale': 0.44122337983646964, 'Dv_D2_scale': 3.404099603234169, 'b_bulk_scale': 0.08671103880329101, 'b_dislocation_scale': 0.07384707404663451, 'gb_scale': 7.978304550961527, 'gd_bubble_scale': 5.654184010814152, 'gd_line_scale': 8.880806858701236, 'gd_line_alpha': 0.20508914286927774, 'coalescence_d_scale': 0.7077084926772607, 'capture_scale': 4.806576172712647}. Best is trial 543 with value: 1.7693614194807372.
[I 2026-05-02 19:40:44,916] Trial 559 finished with value: 3.6812042612806235 and parameters: {'f_n': 2.4430658587736104e-06, 'K_d': 760299.5296507102, 'rho_d': 15292121085269.582, 'fission_rate': 5.918853045204107e+19, 'D2_xe_scale': 0.25609707571906515, 'Dg_D1_scale': 0.2050214977248686, 'Dg_D3_scale': 0.964858461845901, 'Dv_D1_scale': 0.4106199491442017, 'Dv_D2_scale': 3.2250261991149918, 'b_bulk_scale': 0.09497181021231114, 'b_dislocation_scale': 0.09472646640180687, 'gb_scale': 0.18670686525956728, 'gd_bubble_scale': 6.884325029728083, 'gd_line_scale': 9.980273393089265, 'gd_line_alpha': 0.23169629734232358, 'coalescence_d_scale': 0.9167777488743937, 'capture_scale': 3.935346186081641}. Best is trial 543 with value: 1.7693614194807372.
[I 2026-05-02 19:40:49,547] Trial 560 finished with value: 2.180915684390019 and parameters: {'f_n': 2.0648926290106914e-06, 'K_d': 842899.936075615, 'rho_d': 16620528328829.08, 'fission_rate': 6.0879910313635275e+19, 'D2_xe_scale': 0.4133202852963806, 'Dg_D1_scale': 0.17865374314065982, 'Dg_D3_scale': 1.1312840247297675, 'Dv_D1_scale': 3.234917351372734, 'Dv_D2_scale': 3.5859525538403085, 'b_bulk_scale': 0.11351680611183437, 'b_dislocation_scale': 0.06911000740698597, 'gb_scale': 5.609851536710922, 'gd_bubble_scale': 6.138016170288263, 'gd_line_scale': 7.655257976648242, 'gd_line_alpha': 0.20262733761005258, 'coalescence_d_scale': 0.7035006650677381, 'capture_scale': 5.675298039358358}. Best is trial 543 with value: 1.7693614194807372.
[I 2026-05-02 19:40:53,683] Trial 561 finished with value: 2.732564514693716 and parameters: {'f_n': 2.473532942583601e-06, 'K_d': 881036.4311679292, 'rho_d': 17979143153412.09, 'fission_rate': 5.750864178527218e+19, 'D2_xe_scale': 0.284987284013702, 'Dg_D1_scale': 0.16599918671840164, 'Dg_D3_scale': 1.2438286990891596, 'Dv_D1_scale': 0.4491754245958775, 'Dv_D2_scale': 2.82443744801159, 'b_bulk_scale': 0.08472970873063593, 'b_dislocation_scale': 0.1682684757768401, 'gb_scale': 4.410693284647607, 'gd_bubble_scale': 7.691536333346173, 'gd_line_scale': 8.331712581489086, 'gd_line_alpha': 0.9113067933209438, 'coalescence_d_scale': 0.8170967577463698, 'capture_scale': 4.415544804663697}. Best is trial 543 with value: 1.7693614194807372.
[I 2026-05-02 19:40:57,052] Trial 562 finished with value: 4.4544470634066595 and parameters: {'f_n': 2.968246847006791e-06, 'K_d': 799236.2763191322, 'rho_d': 14344723562111.01, 'fission_rate': 5.861149370750089e+19, 'D2_xe_scale': 0.32583263136969765, 'Dg_D1_scale': 0.1502670092824072, 'Dg_D3_scale': 1.036679121370765, 'Dv_D1_scale': 0.3895533303638092, 'Dv_D2_scale': 3.801767265471406, 'b_bulk_scale': 0.10122971353368997, 'b_dislocation_scale': 2.261531171505289, 'gb_scale': 5.1598612755344195, 'gd_bubble_scale': 5.435745990683844, 'gd_line_scale': 7.3298839516500855, 'gd_line_alpha': 0.24228614839134394, 'coalescence_d_scale': 0.7711762235005272, 'capture_scale': 5.059257901233105}. Best is trial 543 with value: 1.7693614194807372.
[I 2026-05-02 19:41:01,763] Trial 563 finished with value: 1.7837709838834384 and parameters: {'f_n': 2.08770737573845e-06, 'K_d': 751902.3948101709, 'rho_d': 15506009705420.11, 'fission_rate': 5.989500866410942e+19, 'D2_xe_scale': 0.23260560187986581, 'Dg_D1_scale': 0.1823902171791446, 'Dg_D3_scale': 1.3888732424227386, 'Dv_D1_scale': 0.3592763665077932, 'Dv_D2_scale': 3.3925177916797793, 'b_bulk_scale': 0.09360295548445476, 'b_dislocation_scale': 0.07993169658863149, 'gb_scale': 4.623899382051379, 'gd_bubble_scale': 6.884281549352882, 'gd_line_scale': 9.108146531305767, 'gd_line_alpha': 0.22041911881296442, 'coalescence_d_scale': 0.9284809688280189, 'capture_scale': 3.95799200514221}. Best is trial 543 with value: 1.7693614194807372.Best trial: 543. Best value: 1.76936:  38%|███▊      | 563/1500 [48:13<1:03:51,  4.09s/it]Best trial: 543. Best value: 1.76936:  38%|███▊      | 563/1500 [48:13<1:03:51,  4.09s/it]Best trial: 543. Best value: 1.76936:  38%|███▊      | 564/1500 [48:13<1:06:42,  4.28s/it]                                                                                          Best trial: 543. Best value: 1.76936:  38%|███▊      | 564/1500 [48:16<1:06:42,  4.28s/it]Best trial: 543. Best value: 1.76936:  38%|███▊      | 564/1500 [48:16<1:06:42,  4.28s/it]Best trial: 543. Best value: 1.76936:  38%|███▊      | 565/1500 [48:16<1:01:13,  3.93s/it]                                                                                          Best trial: 543. Best value: 1.76936:  38%|███▊      | 565/1500 [48:21<1:01:13,  3.93s/it]Best trial: 543. Best value: 1.76936:  38%|███▊      | 565/1500 [48:21<1:01:13,  3.93s/it]Best trial: 543. Best value: 1.76936:  38%|███▊      | 566/1500 [48:21<1:04:42,  4.16s/it]                                                                                          Best trial: 543. Best value: 1.76936:  38%|███▊      | 566/1500 [48:25<1:04:42,  4.16s/it]Best trial: 543. Best value: 1.76936:  38%|███▊      | 566/1500 [48:25<1:04:42,  4.16s/it]Best trial: 543. Best value: 1.76936:  38%|███▊      | 567/1500 [48:25<1:06:41,  4.29s/it]                                                                                          Best trial: 543. Best value: 1.76936:  38%|███▊      | 567/1500 [48:30<1:06:41,  4.29s/it]Best trial: 543. Best value: 1.76936:  38%|███▊      | 567/1500 [48:30<1:06:41,  4.29s/it]Best trial: 543. Best value: 1.76936:  38%|███▊      | 568/1500 [48:30<1:08:37,  4.42s/it]                                                                                          Best trial: 543. Best value: 1.76936:  38%|███▊      | 568/1500 [48:35<1:08:37,  4.42s/it]Best trial: 543. Best value: 1.76936:  38%|███▊      | 568/1500 [48:35<1:08:37,  4.42s/it]Best trial: 543. Best value: 1.76936:  38%|███▊      | 569/1500 [48:35<1:09:33,  4.48s/it]                                                                                          Best trial: 543. Best value: 1.76936:  38%|███▊      | 569/1500 [48:38<1:09:33,  4.48s/it]Best trial: 543. Best value: 1.76936:  38%|███▊      | 569/1500 [48:38<1:09:33,  4.48s/it]Best trial: 543. Best value: 1.76936:  38%|███▊      | 570/1500 [48:38<1:03:57,  4.13s/it]                                                                                          Best trial: 543. Best value: 1.76936:  38%|███▊      | 570/1500 [48:43<1:03:57,  4.13s/it]Best trial: 543. Best value: 1.76936:  38%|███▊      | 570/1500 [48:43<1:03:57,  4.13s/it]Best trial: 543. Best value: 1.76936:  38%|███▊      | 571/1500 [48:43<1:06:23,  4.29s/it]                                                                                          Best trial: 543. Best value: 1.76936:  38%|███▊      | 571/1500 [48:46<1:06:23,  4.29s/it]Best trial: 543. Best value: 1.76936:  38%|███▊      | 571/1500 [48:46<1:06:23,  4.29s/it]Best trial: 543. Best value: 1.76936:  38%|███▊      | 572/1500 [48:46<1:01:13,  3.96s/it]                                                                                          Best trial: 543. Best value: 1.76936:  38%|███▊      | 572/1500 [48:48<1:01:13,  3.96s/it]Best trial: 543. Best value: 1.76936:  38%|███▊      | 572/1500 [48:49<1:01:13,  3.96s/it]Best trial: 543. Best value: 1.76936:  38%|███▊      | 573/1500 [48:49<55:17,  3.58s/it]                                                                                          Best trial: 543. Best value: 1.76936:  38%|███▊      | 573/1500 [48:53<55:17,  3.58s/it]Best trial: 543. Best value: 1.76936:  38%|███▊      | 573/1500 [48:53<55:17,  3.58s/it]Best trial: 543. Best value: 1.76936:  38%|███▊      | 574/1500 [48:53<1:01:15,  3.97s/it]                                                                                          
[I 2026-05-02 19:41:04,882] Trial 564 finished with value: 1.7903468857861675 and parameters: {'f_n': 2.4845991592998652e-06, 'K_d': 753465.8948144211, 'rho_d': 15275779707715.623, 'fission_rate': 5.9902752822630965e+19, 'D2_xe_scale': 0.1981059071490522, 'Dg_D1_scale': 0.19244544563794053, 'Dg_D3_scale': 1.3993576788236992, 'Dv_D1_scale': 0.34798938655700534, 'Dv_D2_scale': 3.029039878907545, 'b_bulk_scale': 0.1112188574903408, 'b_dislocation_scale': 0.0853400319991998, 'gb_scale': 4.717823793880984, 'gd_bubble_scale': 7.203131573102869, 'gd_line_scale': 9.320834661541758, 'gd_line_alpha': 0.19317408735539948, 'coalescence_d_scale': 0.9441765682460214, 'capture_scale': 3.913843116152836}. Best is trial 543 with value: 1.7693614194807372.
[I 2026-05-02 19:41:09,571] Trial 565 finished with value: 1.7904442950732964 and parameters: {'f_n': 2.465331864966652e-06, 'K_d': 758091.3897047298, 'rho_d': 15350749250403.682, 'fission_rate': 6.016200278746196e+19, 'D2_xe_scale': 0.23108383381818984, 'Dg_D1_scale': 0.19164342724502464, 'Dg_D3_scale': 1.4384658544023625, 'Dv_D1_scale': 0.35588212913079004, 'Dv_D2_scale': 3.052469398299721, 'b_bulk_scale': 0.11997290564235052, 'b_dislocation_scale': 0.0869880065223747, 'gb_scale': 6.123595067683787, 'gd_bubble_scale': 7.780989213099378, 'gd_line_scale': 9.941879458927657, 'gd_line_alpha': 0.19375658116398395, 'coalescence_d_scale': 0.9301052192698221, 'capture_scale': 3.875363936472829}. Best is trial 543 with value: 1.7693614194807372.
[I 2026-05-02 19:41:14,166] Trial 566 finished with value: 1.8584613147360745 and parameters: {'f_n': 2.496184483018295e-06, 'K_d': 749432.5610691843, 'rho_d': 15168841663815.602, 'fission_rate': 6.132138919710593e+19, 'D2_xe_scale': 0.2215360253423234, 'Dg_D1_scale': 0.19148976311796248, 'Dg_D3_scale': 1.4785835371703828, 'Dv_D1_scale': 0.3627964134161313, 'Dv_D2_scale': 3.007556789195256, 'b_bulk_scale': 0.13227428509604222, 'b_dislocation_scale': 0.09965970225810221, 'gb_scale': 6.280144094673112, 'gd_bubble_scale': 7.813520756213511, 'gd_line_scale': 9.556623623660158, 'gd_line_alpha': 0.19541380299176056, 'coalescence_d_scale': 0.9097031978441565, 'capture_scale': 3.834310661703627}. Best is trial 543 with value: 1.7693614194807372.
[I 2026-05-02 19:41:18,885] Trial 567 finished with value: 1.8863620174556868 and parameters: {'f_n': 1.997941654314551e-06, 'K_d': 782255.5558796182, 'rho_d': 15130540025422.016, 'fission_rate': 6.023157779513663e+19, 'D2_xe_scale': 0.2367886780870799, 'Dg_D1_scale': 0.20838490879954213, 'Dg_D3_scale': 1.3768026260363582, 'Dv_D1_scale': 0.35110521394936817, 'Dv_D2_scale': 3.0628119813983683, 'b_bulk_scale': 0.1203336940687331, 'b_dislocation_scale': 0.10076642011599707, 'gb_scale': 7.205723369560073, 'gd_bubble_scale': 7.977255417817195, 'gd_line_scale': 9.983794891250717, 'gd_line_alpha': 0.19473871104722795, 'coalescence_d_scale': 0.9344496306641925, 'capture_scale': 4.018067719938557}. Best is trial 543 with value: 1.7693614194807372.
[I 2026-05-02 19:41:23,523] Trial 568 finished with value: 1.9453958329413235 and parameters: {'f_n': 2.9928307819518902e-06, 'K_d': 751758.8220071887, 'rho_d': 17238426134111.74, 'fission_rate': 5.995467687936864e+19, 'D2_xe_scale': 0.19542374841844404, 'Dg_D1_scale': 0.19384144746443296, 'Dg_D3_scale': 1.5838348073870747, 'Dv_D1_scale': 0.36012563808768405, 'Dv_D2_scale': 3.210939984600126, 'b_bulk_scale': 0.11526955654259587, 'b_dislocation_scale': 0.11311213838467205, 'gb_scale': 6.080488025974114, 'gd_bubble_scale': 7.115029399121891, 'gd_line_scale': 9.950545120078877, 'gd_line_alpha': 0.21211114786861687, 'coalescence_d_scale': 0.9819925954060855, 'capture_scale': 3.788655186620184}. Best is trial 543 with value: 1.7693614194807372.
[I 2026-05-02 19:41:26,814] Trial 569 finished with value: 3.392601817665223 and parameters: {'f_n': 2.423390766929008e-06, 'K_d': 754485.0038802177, 'rho_d': 15766137113235.23, 'fission_rate': 6.203670702115942e+19, 'D2_xe_scale': 0.19394382514477096, 'Dg_D1_scale': 0.17385433454875301, 'Dg_D3_scale': 1.3785473278315175, 'Dv_D1_scale': 0.350265033872401, 'Dv_D2_scale': 2.9073195918239945, 'b_bulk_scale': 0.11035883434578868, 'b_dislocation_scale': 0.2850993563802822, 'gb_scale': 5.520279160853488, 'gd_bubble_scale': 7.9340367467157495, 'gd_line_scale': 9.094235515574223, 'gd_line_alpha': 0.259864115700023, 'coalescence_d_scale': 0.8646601011083394, 'capture_scale': 4.2881584944538345}. Best is trial 543 with value: 1.7693614194807372.
