[I 2026-05-02 19:41:31,478] Trial 570 finished with value: 1.8294390892628472 and parameters: {'f_n': 2.4492575846788044e-06, 'K_d': 791461.0641729343, 'rho_d': 18497900631240.98, 'fission_rate': 6.07691120332652e+19, 'D2_xe_scale': 0.24394221438025115, 'Dg_D1_scale': 0.1658234144348402, 'Dg_D3_scale': 1.4843171299080127, 'Dv_D1_scale': 0.35664394979934394, 'Dv_D2_scale': 3.4602498964488277, 'b_bulk_scale': 0.1254035378414749, 'b_dislocation_scale': 0.09094699092958453, 'gb_scale': 5.21868392982401, 'gd_bubble_scale': 7.30586295039408, 'gd_line_scale': 8.97075486183271, 'gd_line_alpha': 0.19877155396382742, 'coalescence_d_scale': 0.9698497003254805, 'capture_scale': 5.031032715806244}. Best is trial 543 with value: 1.7693614194807372.
[I 2026-05-02 19:41:34,668] Trial 571 finished with value: 1.9674469374448758 and parameters: {'f_n': 2.012079697469643e-06, 'K_d': 756549.2022182451, 'rho_d': 14398813426448.383, 'fission_rate': 5.8510572599605944e+19, 'D2_xe_scale': 0.19098046488377476, 'Dg_D1_scale': 0.18724030338083944, 'Dg_D3_scale': 1.3755559267945427, 'Dv_D1_scale': 0.3781816190828705, 'Dv_D2_scale': 3.1725009888071316, 'b_bulk_scale': 0.09536204642013937, 'b_dislocation_scale': 0.10475398384426407, 'gb_scale': 5.964989096613005, 'gd_bubble_scale': 7.994350269698458, 'gd_line_scale': 9.997278116462903, 'gd_line_alpha': 0.21870183752689265, 'coalescence_d_scale': 0.8803999418074668, 'capture_scale': 3.9327271089672804}. Best is trial 543 with value: 1.7693614194807372.
[I 2026-05-02 19:41:37,361] Trial 572 finished with value: 4.134428950565857 and parameters: {'f_n': 2.9744396043577595e-06, 'K_d': 836837.2712132678, 'rho_d': 16572356184822.822, 'fission_rate': 5.983237781863363e+19, 'D2_xe_scale': 0.2372429508080094, 'Dg_D1_scale': 0.17601809486307024, 'Dg_D3_scale': 1.2978888926908132, 'Dv_D1_scale': 0.3501746836397228, 'Dv_D2_scale': 3.0006170638225695, 'b_bulk_scale': 0.11137852326473156, 'b_dislocation_scale': 1.1905212945387913, 'gb_scale': 4.848324985232465, 'gd_bubble_scale': 6.746888523679399, 'gd_line_scale': 8.29662817641456, 'gd_line_alpha': 0.2431569732816648, 'coalescence_d_scale': 0.7016954595296191, 'capture_scale': 5.624406835986955}. Best is trial 543 with value: 1.7693614194807372.
[I 2026-05-02 19:41:42,240] Trial 573 finished with value: 1.8724387612785947 and parameters: {'f_n': 2.4477948622696587e-06, 'K_d': 743060.9841069776, 'rho_d': 15042408938832.615, 'fission_rate': 5.802048703212498e+19, 'D2_xe_scale': 0.31733638983307405, 'Dg_D1_scale': 0.2051839415304487, 'Dg_D3_scale': 1.084872636015141, 'Dv_D1_scale': 0.378706626409311, 'Dv_D2_scale': 2.7580283009696527, 'b_bulk_scale': 0.13882640116060577, 'b_dislocation_scale': 0.08574120411496963, 'gb_scale': 6.97138225841892, 'gd_bubble_scale': 7.126829194407844, 'gd_line_scale': 8.988854863399114, 'gd_line_alpha': 0.19433276850416187, 'coalescence_d_scale': 1.029523415515495, 'capture_scale': 4.733788297799873}. Best is trial 543 with value: 1.7693614194807372.
[I 2026-05-02 19:41:47,023] Trial 574 finished with value: 1.9135192866302337 and parameters: {'f_n': 2.9907532460646238e-06, 'K_d': 802027.3281724273, 'rho_d': 19842860696724.305, 'fission_rate': 5.926188622068995e+19, 'D2_xe_scale': 0.146388551418321, 'Dg_D1_scale': 0.1618807650985899, 'Dg_D3_scale': 1.2099191094740311, 'Dv_D1_scale': 0.38479256602638096, 'Dv_D2_scale': 3.343239091246904, 'b_bulk_scale': 0.10462564742994561, 'b_dislocation_scale': 0.09295131728494249, 'gb_scale': 5.522659601469273, 'gd_bubble_scale': 7.982020740736216, 'gd_line_scale': 7.311502455773181, 'gd_line_alpha': 0.2147728698236224, 'coalescence_d_scale': 0.9114342160482576, 'capture_scale': 3.726435274794492}. Best is trial 543 with value: 1.7693614194807372.Best trial: 543. Best value: 1.76936:  38%|███▊      | 574/1500 [48:58<1:01:15,  3.97s/it]Best trial: 543. Best value: 1.76936:  38%|███▊      | 574/1500 [48:58<1:01:15,  3.97s/it]Best trial: 543. Best value: 1.76936:  38%|███▊      | 575/1500 [48:58<1:04:57,  4.21s/it]                                                                                          Best trial: 543. Best value: 1.76936:  38%|███▊      | 575/1500 [49:03<1:04:57,  4.21s/it]Best trial: 543. Best value: 1.76936:  38%|███▊      | 575/1500 [49:03<1:04:57,  4.21s/it]Best trial: 543. Best value: 1.76936:  38%|███▊      | 576/1500 [49:03<1:07:22,  4.38s/it]                                                                                          Best trial: 543. Best value: 1.76936:  38%|███▊      | 576/1500 [49:08<1:07:22,  4.38s/it]Best trial: 543. Best value: 1.76936:  38%|███▊      | 576/1500 [49:08<1:07:22,  4.38s/it]Best trial: 543. Best value: 1.76936:  38%|███▊      | 577/1500 [49:08<1:09:32,  4.52s/it]                                                                                          Best trial: 543. Best value: 1.76936:  38%|███▊      | 577/1500 [49:12<1:09:32,  4.52s/it]Best trial: 543. Best value: 1.76936:  38%|███▊      | 577/1500 [49:12<1:09:32,  4.52s/it]Best trial: 543. Best value: 1.76936:  39%|███▊      | 578/1500 [49:12<1:10:10,  4.57s/it]                                                                                          Best trial: 543. Best value: 1.76936:  39%|███▊      | 578/1500 [49:16<1:10:10,  4.57s/it]Best trial: 543. Best value: 1.76936:  39%|███▊      | 578/1500 [49:16<1:10:10,  4.57s/it]Best trial: 543. Best value: 1.76936:  39%|███▊      | 579/1500 [49:16<1:03:45,  4.15s/it]                                                                                          Best trial: 543. Best value: 1.76936:  39%|███▊      | 579/1500 [49:20<1:03:45,  4.15s/it]Best trial: 579. Best value: 1.7648:  39%|███▊      | 579/1500 [49:20<1:03:45,  4.15s/it] Best trial: 579. Best value: 1.7648:  39%|███▊      | 580/1500 [49:20<1:05:50,  4.29s/it]                                                                                         Best trial: 579. Best value: 1.7648:  39%|███▊      | 580/1500 [49:25<1:05:50,  4.29s/it]Best trial: 579. Best value: 1.7648:  39%|███▊      | 580/1500 [49:25<1:05:50,  4.29s/it]Best trial: 579. Best value: 1.7648:  39%|███▊      | 581/1500 [49:25<1:07:16,  4.39s/it]                                                                                         Best trial: 579. Best value: 1.7648:  39%|███▊      | 581/1500 [49:29<1:07:16,  4.39s/it]Best trial: 579. Best value: 1.7648:  39%|███▊      | 581/1500 [49:29<1:07:16,  4.39s/it]Best trial: 579. Best value: 1.7648:  39%|███▉      | 582/1500 [49:29<1:07:59,  4.44s/it]                                                                                         Best trial: 579. Best value: 1.7648:  39%|███▉      | 582/1500 [49:34<1:07:59,  4.44s/it]Best trial: 579. Best value: 1.7648:  39%|███▉      | 582/1500 [49:34<1:07:59,  4.44s/it]Best trial: 579. Best value: 1.7648:  39%|███▉      | 583/1500 [49:34<1:06:29,  4.35s/it]                                                                                         Best trial: 579. Best value: 1.7648:  39%|███▉      | 583/1500 [49:38<1:06:29,  4.35s/it]Best trial: 579. Best value: 1.7648:  39%|███▉      | 583/1500 [49:38<1:06:29,  4.35s/it]Best trial: 579. Best value: 1.7648:  39%|███▉      | 584/1500 [49:38<1:06:48,  4.38s/it]                                                                                         Best trial: 579. Best value: 1.7648:  39%|███▉      | 584/1500 [49:42<1:06:48,  4.38s/it]Best trial: 579. Best value: 1.7648:  39%|███▉      | 584/1500 [49:43<1:06:48,  4.38s/it]Best trial: 579. Best value: 1.7648:  39%|███▉      | 585/1500 [49:43<1:07:19,  4.42s/it]                                                                                         
[I 2026-05-02 19:41:51,778] Trial 575 finished with value: 4.274433273872354 and parameters: {'f_n': 1.563355828699325e-09, 'K_d': 860293.55441784, 'rho_d': 17433003913052.053, 'fission_rate': 6.079417635074909e+19, 'D2_xe_scale': 0.2624797534822752, 'Dg_D1_scale': 3.307331836573287, 'Dg_D3_scale': 1.0051197821863742, 'Dv_D1_scale': 0.36279850961057797, 'Dv_D2_scale': 3.5100260395426415, 'b_bulk_scale': 0.09313268938696065, 'b_dislocation_scale': 0.08630251398932484, 'gb_scale': 4.010252487532627, 'gd_bubble_scale': 7.063524068186122, 'gd_line_scale': 8.195679548692274, 'gd_line_alpha': 0.24001602771675085, 'coalescence_d_scale': 0.7979901646745751, 'capture_scale': 4.408934153667897}. Best is trial 543 with value: 1.7693614194807372.
[I 2026-05-02 19:41:56,617] Trial 576 finished with value: 1.7859636968770858 and parameters: {'f_n': 2.0015127856011883e-06, 'K_d': 740038.4279723428, 'rho_d': 15961490549724.973, 'fission_rate': 5.879117127019353e+19, 'D2_xe_scale': 0.18864525709086105, 'Dg_D1_scale': 0.19254564289231782, 'Dg_D3_scale': 1.0945135184527746, 'Dv_D1_scale': 0.3864699590348361, 'Dv_D2_scale': 3.970238351527861, 'b_bulk_scale': 0.1176663959466849, 'b_dislocation_scale': 0.08180190245021811, 'gb_scale': 4.634410966217477, 'gd_bubble_scale': 1.3009906300454113, 'gd_line_scale': 8.766372766731646, 'gd_line_alpha': 0.19746637310245274, 'coalescence_d_scale': 0.6949080288283527, 'capture_scale': 5.088579502983324}. Best is trial 543 with value: 1.7693614194807372.
[I 2026-05-02 19:42:01,312] Trial 577 finished with value: 1.9138184366810072 and parameters: {'f_n': 2.0164706657037826e-06, 'K_d': 807727.0458951314, 'rho_d': 16208403374252.012, 'fission_rate': 5.9673598866926264e+19, 'D2_xe_scale': 0.17927911000954563, 'Dg_D1_scale': 0.17649703304198935, 'Dg_D3_scale': 1.4159418182095982, 'Dv_D1_scale': 0.3502280990260729, 'Dv_D2_scale': 3.961306586816477, 'b_bulk_scale': 0.12443792648500458, 'b_dislocation_scale': 0.10677687373171987, 'gb_scale': 4.93553335889744, 'gd_bubble_scale': 0.7662255863659593, 'gd_line_scale': 9.99071419418888, 'gd_line_alpha': 0.18738602262680146, 'coalescence_d_scale': 0.7023884567451467, 'capture_scale': 5.6635979601641555}. Best is trial 543 with value: 1.7693614194807372.
[I 2026-05-02 19:42:04,503] Trial 578 finished with value: 3.898404659933997 and parameters: {'f_n': 2.664673138118996e-10, 'K_d': 208254.6131340088, 'rho_d': 15739966261869.018, 'fission_rate': 5.885429837897047e+19, 'D2_xe_scale': 0.2032295924631627, 'Dg_D1_scale': 0.1647679477242264, 'Dg_D3_scale': 1.1552950098085544, 'Dv_D1_scale': 0.381681112737317, 'Dv_D2_scale': 3.7467320714107752, 'b_bulk_scale': 0.11870304534493463, 'b_dislocation_scale': 0.08300467259896371, 'gb_scale': 6.357689951221827, 'gd_bubble_scale': 8.136009375578197, 'gd_line_scale': 8.232328311720051, 'gd_line_alpha': 0.2570828361375404, 'coalescence_d_scale': 0.8244010668235909, 'capture_scale': 5.277912422763135}. Best is trial 543 with value: 1.7693614194807372.
[I 2026-05-02 19:42:09,114] Trial 579 finished with value: 1.7647965169627051 and parameters: {'f_n': 2.0048831575172977e-06, 'K_d': 749373.3680308923, 'rho_d': 18032456584146.49, 'fission_rate': 6.163447554497243e+19, 'D2_xe_scale': 0.3092071237780317, 'Dg_D1_scale': 0.15845785659262643, 'Dg_D3_scale': 1.3044603070350782, 'Dv_D1_scale': 0.3442075060413919, 'Dv_D2_scale': 3.532192765946231, 'b_bulk_scale': 0.15088802597090126, 'b_dislocation_scale': 0.09192682440227838, 'gb_scale': 5.291760200477522, 'gd_bubble_scale': 7.314361821658447, 'gd_line_scale': 7.247686038387897, 'gd_line_alpha': 0.19074634906334562, 'coalescence_d_scale': 0.6988791874683941, 'capture_scale': 4.890459380402934}. Best is trial 579 with value: 1.7647965169627051.
[I 2026-05-02 19:42:13,743] Trial 580 finished with value: 3.8419221660855927 and parameters: {'f_n': 4.515244642613128e-09, 'K_d': 734938.2568659778, 'rho_d': 18774918936655.023, 'fission_rate': 6.1174251537710916e+19, 'D2_xe_scale': 0.3564006895618673, 'Dg_D1_scale': 0.15800156727306103, 'Dg_D3_scale': 1.3026787277184793, 'Dv_D1_scale': 0.3426247163307571, 'Dv_D2_scale': 3.5700037118782353, 'b_bulk_scale': 0.13957560046709336, 'b_dislocation_scale': 0.09896904352038671, 'gb_scale': 5.597689827136423, 'gd_bubble_scale': 8.356276686151709, 'gd_line_scale': 7.161843616559519, 'gd_line_alpha': 0.5350178262475394, 'coalescence_d_scale': 0.7134219661215241, 'capture_scale': 6.022716484217954}. Best is trial 579 with value: 1.7647965169627051.
[I 2026-05-02 19:42:18,309] Trial 581 finished with value: 2.1007068925051526 and parameters: {'f_n': 1.2126377920464698e-07, 'K_d': 845650.106184467, 'rho_d': 17995159765273.3, 'fission_rate': 6.186801848627645e+19, 'D2_xe_scale': 0.30689762844303775, 'Dg_D1_scale': 0.16826752175373777, 'Dg_D3_scale': 1.5688501898403664, 'Dv_D1_scale': 0.3547151767035201, 'Dv_D2_scale': 3.9900980192491895, 'b_bulk_scale': 0.14731778117513983, 'b_dislocation_scale': 0.11150118465164516, 'gb_scale': 4.999231435763877, 'gd_bubble_scale': 1.070643100935705, 'gd_line_scale': 7.248479244227162, 'gd_line_alpha': 0.19247166331808493, 'coalescence_d_scale': 0.8955532635526144, 'capture_scale': 4.872513272559857}. Best is trial 579 with value: 1.7647965169627051.
[I 2026-05-02 19:42:22,440] Trial 582 finished with value: 2.6589780748480956 and parameters: {'f_n': 1.9595101909119194e-06, 'K_d': 742082.509917184, 'rho_d': 17083456283543.521, 'fission_rate': 6.33803938017819e+19, 'D2_xe_scale': 0.2829685220853584, 'Dg_D1_scale': 0.1572444281492321, 'Dg_D3_scale': 1.4717962776738636, 'Dv_D1_scale': 0.36999736203098865, 'Dv_D2_scale': 3.267418613590036, 'b_bulk_scale': 0.12705600013557333, 'b_dislocation_scale': 0.13272376908262476, 'gb_scale': 5.896740641218469, 'gd_bubble_scale': 0.564988339169668, 'gd_line_scale': 8.01008343079104, 'gd_line_alpha': 0.18817569630161526, 'coalescence_d_scale': 0.7728245222351218, 'capture_scale': 5.900703285578319}. Best is trial 579 with value: 1.7647965169627051.
[I 2026-05-02 19:42:26,873] Trial 583 finished with value: 2.053053373150196 and parameters: {'f_n': 1.9490119510142345e-06, 'K_d': 780092.2133217194, 'rho_d': 17034589457105.924, 'fission_rate': 6.266346895058779e+19, 'D2_xe_scale': 0.2601749146950427, 'Dg_D1_scale': 0.15010797496300807, 'Dg_D3_scale': 1.2343120210969158, 'Dv_D1_scale': 0.3859412829446049, 'Dv_D2_scale': 3.4291147985733814, 'b_bulk_scale': 0.1150809288742994, 'b_dislocation_scale': 0.09455786566194592, 'gb_scale': 5.295054176249385, 'gd_bubble_scale': 0.17517007787051891, 'gd_line_scale': 9.03994188567473, 'gd_line_alpha': 0.20631047057286855, 'coalescence_d_scale': 0.9517324742378193, 'capture_scale': 4.841036840965868}. Best is trial 579 with value: 1.7647965169627051.
[I 2026-05-02 19:42:31,383] Trial 584 finished with value: 2.0171552460125275 and parameters: {'f_n': 2.0425686882087115e-06, 'K_d': 1049049.1626269785, 'rho_d': 19599872366901.312, 'fission_rate': 6.037512948090959e+19, 'D2_xe_scale': 0.16215874477040546, 'Dg_D1_scale': 0.17953967003306662, 'Dg_D3_scale': 1.3498724878447506, 'Dv_D1_scale': 1.6478400769416557, 'Dv_D2_scale': 3.691970973365671, 'b_bulk_scale': 0.13443016671624636, 'b_dislocation_scale': 0.08697896025194463, 'gb_scale': 6.654171964037791, 'gd_bubble_scale': 1.2048754443766734, 'gd_line_scale': 7.959903489741552, 'gd_line_alpha': 0.22966002106297742, 'coalescence_d_scale': 0.6991016882716936, 'capture_scale': 5.435002744796444}. Best is trial 579 with value: 1.7647965169627051.
[I 2026-05-02 19:42:34,426] Trial 585 finished with value: 1.9514681070019315 and parameters: {'f_n': 2.3784162174514883e-06, 'K_d': 305539.76783258613, 'rho_d': 16113630407378.738, 'fission_rate': 6.157021316645498e+19, 'D2_xe_scale': 0.35993378999438297, 'Dg_D1_scale': 0.17007114011323082, 'Dg_D3_scale': 1.2456834030595423, 'Dv_D1_scale': 0.33834975783518567, 'Dv_D2_scale': 3.176109136105547, 'b_bulk_scale': 0.10889680334759244, 'b_dislocation_scale': 0.09297263618746002, 'gb_scale': 4.474319475159519, 'gd_bubble_scale': 7.368944446671214, 'gd_line_scale': 7.123334597860941, 'gd_line_alpha': 0.18855233560418252, 'coalescence_d_scale': 0.8242918462863755, 'capture_scale': 4.9388369511263015}. Best is trial 579 with value: 1.7647965169627051.Best trial: 579. Best value: 1.7648:  39%|███▉      | 585/1500 [49:46<1:07:19,  4.42s/it]Best trial: 579. Best value: 1.7648:  39%|███▉      | 585/1500 [49:46<1:07:19,  4.42s/it]Best trial: 579. Best value: 1.7648:  39%|███▉      | 586/1500 [49:46<1:00:59,  4.00s/it]                                                                                         Best trial: 579. Best value: 1.7648:  39%|███▉      | 586/1500 [49:50<1:00:59,  4.00s/it]Best trial: 579. Best value: 1.7648:  39%|███▉      | 586/1500 [49:50<1:00:59,  4.00s/it]Best trial: 579. Best value: 1.7648:  39%|███▉      | 587/1500 [49:50<1:04:05,  4.21s/it]                                                                                         Best trial: 579. Best value: 1.7648:  39%|███▉      | 587/1500 [49:55<1:04:05,  4.21s/it]Best trial: 579. Best value: 1.7648:  39%|███▉      | 587/1500 [49:55<1:04:05,  4.21s/it]Best trial: 579. Best value: 1.7648:  39%|███▉      | 588/1500 [49:55<1:06:22,  4.37s/it]                                                                                         Best trial: 579. Best value: 1.7648:  39%|███▉      | 588/1500 [50:00<1:06:22,  4.37s/it]Best trial: 579. Best value: 1.7648:  39%|███▉      | 588/1500 [50:00<1:06:22,  4.37s/it]Best trial: 579. Best value: 1.7648:  39%|███▉      | 589/1500 [50:00<1:08:20,  4.50s/it]                                                                                         Best trial: 579. Best value: 1.7648:  39%|███▉      | 589/1500 [50:04<1:08:20,  4.50s/it]Best trial: 579. Best value: 1.7648:  39%|███▉      | 589/1500 [50:04<1:08:20,  4.50s/it]Best trial: 579. Best value: 1.7648:  39%|███▉      | 590/1500 [50:04<1:08:36,  4.52s/it]                                                                                         Best trial: 579. Best value: 1.7648:  39%|███▉      | 590/1500 [50:09<1:08:36,  4.52s/it]Best trial: 579. Best value: 1.7648:  39%|███▉      | 590/1500 [50:09<1:08:36,  4.52s/it]Best trial: 579. Best value: 1.7648:  39%|███▉      | 591/1500 [50:09<1:09:53,  4.61s/it]                                                                                         Best trial: 579. Best value: 1.7648:  39%|███▉      | 591/1500 [50:14<1:09:53,  4.61s/it]Best trial: 579. Best value: 1.7648:  39%|███▉      | 591/1500 [50:14<1:09:53,  4.61s/it]Best trial: 579. Best value: 1.7648:  39%|███▉      | 592/1500 [50:14<1:10:36,  4.67s/it]                                                                                         Best trial: 579. Best value: 1.7648:  39%|███▉      | 592/1500 [50:17<1:10:36,  4.67s/it]Best trial: 579. Best value: 1.7648:  39%|███▉      | 592/1500 [50:17<1:10:36,  4.67s/it]Best trial: 579. Best value: 1.7648:  40%|███▉      | 593/1500 [50:17<1:04:31,  4.27s/it]                                                                                         Best trial: 579. Best value: 1.7648:  40%|███▉      | 593/1500 [50:20<1:04:31,  4.27s/it]Best trial: 579. Best value: 1.7648:  40%|███▉      | 593/1500 [50:20<1:04:31,  4.27s/it]Best trial: 579. Best value: 1.7648:  40%|███▉      | 594/1500 [50:20<58:20,  3.86s/it]                                                                                         Best trial: 579. Best value: 1.7648:  40%|███▉      | 594/1500 [50:25<58:20,  3.86s/it]Best trial: 579. Best value: 1.7648:  40%|███▉      | 594/1500 [50:25<58:20,  3.86s/it]Best trial: 579. Best value: 1.7648:  40%|███▉      | 595/1500 [50:25<1:02:49,  4.17s/it]                                                                                         Best trial: 579. Best value: 1.7648:  40%|███▉      | 595/1500 [50:30<1:02:49,  4.17s/it]Best trial: 579. Best value: 1.7648:  40%|███▉      | 595/1500 [50:30<1:02:49,  4.17s/it]Best trial: 579. Best value: 1.7648:  40%|███▉      | 596/1500 [50:30<1:05:37,  4.36s/it]                                                                                         
[I 2026-05-02 19:42:39,123] Trial 586 finished with value: 1.8282413068271135 and parameters: {'f_n': 1.9122407154977374e-06, 'K_d': 895058.9358902731, 'rho_d': 18049985612357.13, 'fission_rate': 6.001220773370606e+19, 'D2_xe_scale': 0.2369730492198711, 'Dg_D1_scale': 0.18386179225635998, 'Dg_D3_scale': 1.0868898521311736, 'Dv_D1_scale': 0.3908502260517888, 'Dv_D2_scale': 3.438467079084752, 'b_bulk_scale': 0.10534379525501088, 'b_dislocation_scale': 0.08156816552420178, 'gb_scale': 4.717246834105218, 'gd_bubble_scale': 1.7282096802120164, 'gd_line_scale': 9.96620059286322, 'gd_line_alpha': 0.2134888012208416, 'coalescence_d_scale': 0.991274066752936, 'capture_scale': 4.234519894689103}. Best is trial 579 with value: 1.7647965169627051.
[I 2026-05-02 19:42:43,854] Trial 587 finished with value: 4.325303808223127 and parameters: {'f_n': 2.9905676077419057e-06, 'K_d': 817027.5958225095, 'rho_d': 16781310616220.102, 'fission_rate': 5.916484665666437e+19, 'D2_xe_scale': 0.18914846846702732, 'Dg_D1_scale': 0.16302795163544212, 'Dg_D3_scale': 0.9792223994000543, 'Dv_D1_scale': 0.34520573294666307, 'Dv_D2_scale': 3.994645441768587, 'b_bulk_scale': 0.12207144209304062, 'b_dislocation_scale': 0.10549167384727122, 'gb_scale': 5.344393902256319, 'gd_bubble_scale': 7.41451277339106, 'gd_line_scale': 0.19448007581212906, 'gd_line_alpha': 0.23844448080133088, 'coalescence_d_scale': 0.7686486286952154, 'capture_scale': 5.558742796957505}. Best is trial 579 with value: 1.7647965169627051.
