[I 2026-05-02 19:52:43,604] Trial 717 finished with value: 1.7993277413333648 and parameters: {'f_n': 1.5067327844200964e-06, 'K_d': 1097501.284262653, 'rho_d': 12379598428751.8, 'fission_rate': 5.6092530919980835e+19, 'D2_xe_scale': 1.0724278664733702, 'Dg_D1_scale': 0.19834904769819317, 'Dg_D3_scale': 1.8230670502918804, 'Dv_D1_scale': 0.2774720080201559, 'Dv_D2_scale': 3.6387135265421287, 'b_bulk_scale': 0.1728010913155218, 'b_dislocation_scale': 0.11137859428472824, 'gb_scale': 3.4190101454686346, 'gd_bubble_scale': 8.348364007441763, 'gd_line_scale': 5.975008279689679, 'gd_line_alpha': 0.3916641806024009, 'coalescence_d_scale': 0.5196192007319301, 'capture_scale': 6.452734255909104}. Best is trial 678 with value: 1.749291878123438.Best trial: 678. Best value: 1.74929:  48%|████▊     | 717/1500 [59:55<1:02:57,  4.82s/it]Best trial: 678. Best value: 1.74929:  48%|████▊     | 717/1500 [59:55<1:02:57,  4.82s/it]Best trial: 678. Best value: 1.74929:  48%|████▊     | 718/1500 [59:55<1:03:38,  4.88s/it]                                                                                          Best trial: 678. Best value: 1.74929:  48%|████▊     | 718/1500 [59:58<1:03:38,  4.88s/it]Best trial: 678. Best value: 1.74929:  48%|████▊     | 718/1500 [59:58<1:03:38,  4.88s/it]Best trial: 678. Best value: 1.74929:  48%|████▊     | 719/1500 [59:58<57:20,  4.41s/it]                                                                                          Best trial: 678. Best value: 1.74929:  48%|████▊     | 719/1500 [1:00:03<57:20,  4.41s/it]Best trial: 678. Best value: 1.74929:  48%|████▊     | 719/1500 [1:00:03<57:20,  4.41s/it]Best trial: 678. Best value: 1.74929:  48%|████▊     | 720/1500 [1:00:03<59:51,  4.60s/it]                                                                                          Best trial: 678. Best value: 1.74929:  48%|████▊     | 720/1500 [1:00:08<59:51,  4.60s/it]Best trial: 678. Best value: 1.74929:  48%|████▊     | 720/1500 [1:00:08<59:51,  4.60s/it]Best trial: 678. Best value: 1.74929:  48%|████▊     | 721/1500 [1:00:08<1:00:53,  4.69s/it]                                                                                            Best trial: 678. Best value: 1.74929:  48%|████▊     | 721/1500 [1:00:13<1:00:53,  4.69s/it]Best trial: 678. Best value: 1.74929:  48%|████▊     | 721/1500 [1:00:13<1:00:53,  4.69s/it]Best trial: 678. Best value: 1.74929:  48%|████▊     | 722/1500 [1:00:13<1:01:50,  4.77s/it]                                                                                            Best trial: 678. Best value: 1.74929:  48%|████▊     | 722/1500 [1:00:18<1:01:50,  4.77s/it]Best trial: 678. Best value: 1.74929:  48%|████▊     | 722/1500 [1:00:18<1:01:50,  4.77s/it]Best trial: 678. Best value: 1.74929:  48%|████▊     | 723/1500 [1:00:18<1:02:52,  4.85s/it]                                                                                            Best trial: 678. Best value: 1.74929:  48%|████▊     | 723/1500 [1:00:23<1:02:52,  4.85s/it]Best trial: 678. Best value: 1.74929:  48%|████▊     | 723/1500 [1:00:23<1:02:52,  4.85s/it]Best trial: 678. Best value: 1.74929:  48%|████▊     | 724/1500 [1:00:23<1:03:00,  4.87s/it]                                                                                            Best trial: 678. Best value: 1.74929:  48%|████▊     | 724/1500 [1:00:28<1:03:00,  4.87s/it]Best trial: 678. Best value: 1.74929:  48%|████▊     | 724/1500 [1:00:28<1:03:00,  4.87s/it]Best trial: 678. Best value: 1.74929:  48%|████▊     | 725/1500 [1:00:28<1:03:42,  4.93s/it]                                                                                            Best trial: 678. Best value: 1.74929:  48%|████▊     | 725/1500 [1:00:31<1:03:42,  4.93s/it]Best trial: 678. Best value: 1.74929:  48%|████▊     | 725/1500 [1:00:31<1:03:42,  4.93s/it]Best trial: 678. Best value: 1.74929:  48%|████▊     | 726/1500 [1:00:31<57:52,  4.49s/it]                                                                                            Best trial: 678. Best value: 1.74929:  48%|████▊     | 726/1500 [1:00:37<57:52,  4.49s/it]Best trial: 678. Best value: 1.74929:  48%|████▊     | 726/1500 [1:00:37<57:52,  4.49s/it]Best trial: 678. Best value: 1.74929:  48%|████▊     | 727/1500 [1:00:37<1:00:28,  4.69s/it]                                                                                            Best trial: 678. Best value: 1.74929:  48%|████▊     | 727/1500 [1:00:42<1:00:28,  4.69s/it]Best trial: 678. Best value: 1.74929:  48%|████▊     | 727/1500 [1:00:42<1:00:28,  4.69s/it]Best trial: 678. Best value: 1.74929:  49%|████▊     | 728/1500 [1:00:42<1:02:12,  4.84s/it]                                                                                            
[I 2026-05-02 19:52:46,892] Trial 718 finished with value: 2.174875592877815 and parameters: {'f_n': 1.3216541321186279e-06, 'K_d': 1176052.7106976523, 'rho_d': 12448801830021.81, 'fission_rate': 5.800570540084531e+19, 'D2_xe_scale': 1.3195362042387304, 'Dg_D1_scale': 0.2199220958407072, 'Dg_D3_scale': 1.6995473468919517, 'Dv_D1_scale': 0.2335033610318857, 'Dv_D2_scale': 3.809811549918747, 'b_bulk_scale': 0.22524246421374985, 'b_dislocation_scale': 0.10510030662867954, 'gb_scale': 3.5164751247917514, 'gd_bubble_scale': 0.05417129020794423, 'gd_line_scale': 6.984791542111455, 'gd_line_alpha': 0.3734525791479922, 'coalescence_d_scale': 0.5740412361623858, 'capture_scale': 6.159555847350343}. Best is trial 678 with value: 1.749291878123438.
[I 2026-05-02 19:52:51,965] Trial 719 finished with value: 2.844034045552888 and parameters: {'f_n': 1.7539936010660839e-06, 'K_d': 1055654.227908403, 'rho_d': 28426646515439.332, 'fission_rate': 5.562488283943854e+19, 'D2_xe_scale': 1.1951893387144432, 'Dg_D1_scale': 0.1914815934398818, 'Dg_D3_scale': 1.6218779752833676, 'Dv_D1_scale': 0.25610605946657977, 'Dv_D2_scale': 3.38560532490472, 'b_bulk_scale': 0.15328180654375062, 'b_dislocation_scale': 0.12435966635334682, 'gb_scale': 3.127261352623232, 'gd_bubble_scale': 8.938487291505783, 'gd_line_scale': 7.871465146691887, 'gd_line_alpha': 0.3154007222184516, 'coalescence_d_scale': 0.5764825394484627, 'capture_scale': 6.909018729482664}. Best is trial 678 with value: 1.749291878123438.
[I 2026-05-02 19:52:56,855] Trial 720 finished with value: 2.1243890651659703 and parameters: {'f_n': 2.0866798271082005e-06, 'K_d': 1092156.104322734, 'rho_d': 13360873065638.707, 'fission_rate': 5.683093396482087e+19, 'D2_xe_scale': 1.9295677413163388, 'Dg_D1_scale': 0.20665348904948605, 'Dg_D3_scale': 1.8586362969996808, 'Dv_D1_scale': 0.26799836311125175, 'Dv_D2_scale': 3.604091162450427, 'b_bulk_scale': 0.18798774283865224, 'b_dislocation_scale': 0.1460937013936194, 'gb_scale': 3.6987658244072104, 'gd_bubble_scale': 7.965487508806116, 'gd_line_scale': 6.43316673307742, 'gd_line_alpha': 0.2973356630509039, 'coalescence_d_scale': 0.5117085976866896, 'capture_scale': 5.8977500175587005}. Best is trial 678 with value: 1.749291878123438.
[I 2026-05-02 19:53:01,810] Trial 721 finished with value: 2.668834126132342 and parameters: {'f_n': 8.727120303791915e-08, 'K_d': 1052701.4806729115, 'rho_d': 12437796928143.652, 'fission_rate': 5.754422900294103e+19, 'D2_xe_scale': 1.6391450367033953, 'Dg_D1_scale': 0.23436627846776154, 'Dg_D3_scale': 1.6937693902815967, 'Dv_D1_scale': 0.28243125649667716, 'Dv_D2_scale': 3.9831524361238, 'b_bulk_scale': 0.13997690343588554, 'b_dislocation_scale': 0.10303497004468705, 'gb_scale': 3.9968266197532905, 'gd_bubble_scale': 9.021369540247674, 'gd_line_scale': 7.316189433774429, 'gd_line_alpha': 0.3629887919134316, 'coalescence_d_scale': 0.5874974011481143, 'capture_scale': 6.877321179260254}. Best is trial 678 with value: 1.749291878123438.
[I 2026-05-02 19:53:06,858] Trial 722 finished with value: 1.9470148362119728 and parameters: {'f_n': 1.1849706161538265e-06, 'K_d': 1198361.9176102981, 'rho_d': 13411396191215.12, 'fission_rate': 5.618121183750171e+19, 'D2_xe_scale': 0.9053773878980074, 'Dg_D1_scale': 0.21426421486568098, 'Dg_D3_scale': 1.5469981160015036, 'Dv_D1_scale': 0.24783051344661997, 'Dv_D2_scale': 3.9965629334068136, 'b_bulk_scale': 0.16639140250501494, 'b_dislocation_scale': 0.11814094262125348, 'gb_scale': 3.128196535906778, 'gd_bubble_scale': 9.099825612233477, 'gd_line_scale': 8.000582541213252, 'gd_line_alpha': 0.3542420958666118, 'coalescence_d_scale': 0.5382919999736384, 'capture_scale': 7.975915170286556}. Best is trial 678 with value: 1.749291878123438.
[I 2026-05-02 19:53:11,777] Trial 723 finished with value: 2.155161383924557 and parameters: {'f_n': 1.8206125499580851e-07, 'K_d': 1009868.867925999, 'rho_d': 14005031488101.945, 'fission_rate': 5.770572529775586e+19, 'D2_xe_scale': 1.424807192644694, 'Dg_D1_scale': 0.18762887063300235, 'Dg_D3_scale': 1.8840873262069875, 'Dv_D1_scale': 0.28506539449398677, 'Dv_D2_scale': 3.6093836894152056, 'b_bulk_scale': 0.20083956833816616, 'b_dislocation_scale': 0.13226556984491603, 'gb_scale': 4.137171163240331, 'gd_bubble_scale': 8.07887024304265, 'gd_line_scale': 6.160522005494086, 'gd_line_alpha': 0.32566739904644537, 'coalescence_d_scale': 0.6151567786362035, 'capture_scale': 7.987970286240789}. Best is trial 678 with value: 1.749291878123438.
[I 2026-05-02 19:53:16,849] Trial 724 finished with value: 1.799885624238235 and parameters: {'f_n': 2.044677300980649e-06, 'K_d': 1098307.3679395986, 'rho_d': 12966632141596.941, 'fission_rate': 5.5225608165666365e+19, 'D2_xe_scale': 1.130437190485942, 'Dg_D1_scale': 0.22674441413981633, 'Dg_D3_scale': 1.60797444277193, 'Dv_D1_scale': 0.2639970224681604, 'Dv_D2_scale': 3.411626242233186, 'b_bulk_scale': 0.1798874501259765, 'b_dislocation_scale': 0.11176183680501096, 'gb_scale': 3.6015802846901366, 'gd_bubble_scale': 8.06892203109156, 'gd_line_scale': 7.00878909257634, 'gd_line_alpha': 0.2959447571535773, 'coalescence_d_scale': 0.6041753956687418, 'capture_scale': 5.7837083154832944}. Best is trial 678 with value: 1.749291878123438.
[I 2026-05-02 19:53:20,295] Trial 725 finished with value: 1.7799414161952887 and parameters: {'f_n': 1.5460576713798587e-06, 'K_d': 1025916.8900707061, 'rho_d': 13666208444234.488, 'fission_rate': 5.700549265639905e+19, 'D2_xe_scale': 2.207362086907757, 'Dg_D1_scale': 0.1988876009686702, 'Dg_D3_scale': 1.3976944753828782, 'Dv_D1_scale': 0.21583136312041792, 'Dv_D2_scale': 3.7609084678872664, 'b_bulk_scale': 0.1381624091243077, 'b_dislocation_scale': 0.10196048060440249, 'gb_scale': 4.131534888167753, 'gd_bubble_scale': 9.090940950669804, 'gd_line_scale': 7.992471705523074, 'gd_line_alpha': 0.2603602758492585, 'coalescence_d_scale': 0.5161062206101021, 'capture_scale': 6.753346041217011}. Best is trial 678 with value: 1.749291878123438.
[I 2026-05-02 19:53:25,472] Trial 726 finished with value: 1.7769362974689404 and parameters: {'f_n': 1.2147733946817546e-06, 'K_d': 1042680.4389875041, 'rho_d': 12255684175749.973, 'fission_rate': 5.478503573865694e+19, 'D2_xe_scale': 3.0309870384944557, 'Dg_D1_scale': 0.19831055121951238, 'Dg_D3_scale': 1.754120243402106, 'Dv_D1_scale': 0.21430846145021654, 'Dv_D2_scale': 3.7810994272361733, 'b_bulk_scale': 0.1339313917773406, 'b_dislocation_scale': 0.10078390293321685, 'gb_scale': 3.4085420356024123, 'gd_bubble_scale': 8.090077012137563, 'gd_line_scale': 8.164356253282453, 'gd_line_alpha': 0.28305709063628304, 'coalescence_d_scale': 0.4998234244548288, 'capture_scale': 7.056334197639629}. Best is trial 678 with value: 1.749291878123438.
[I 2026-05-02 19:53:30,637] Trial 727 finished with value: 1.7805024384005461 and parameters: {'f_n': 1.2029203710159732e-06, 'K_d': 1112022.765662894, 'rho_d': 12138947501046.21, 'fission_rate': 5.4767409401804595e+19, 'D2_xe_scale': 3.1115184746300186, 'Dg_D1_scale': 0.1877650017061509, 'Dg_D3_scale': 1.7553413328009566, 'Dv_D1_scale': 0.21552346210748355, 'Dv_D2_scale': 3.7690168975571265, 'b_bulk_scale': 0.13608860331465034, 'b_dislocation_scale': 0.10474831455992294, 'gb_scale': 3.1398083466877726, 'gd_bubble_scale': 7.960542368144255, 'gd_line_scale': 8.064427428912452, 'gd_line_alpha': 0.3182137120356796, 'coalescence_d_scale': 0.4940125389734608, 'capture_scale': 7.01844117145065}. Best is trial 678 with value: 1.749291878123438.
[I 2026-05-02 19:53:35,752] Trial 728 finished with value: 2.4659846372987513 and parameters: {'f_n': 1.0867239923139597e-06, 'K_d': 1267930.6629809472, 'rho_d': 12568782304972.062, 'fission_rate': 5.47759451101379e+19, 'D2_xe_scale': 2.8591818656313723, 'Dg_D1_scale': 0.1840175663598634, 'Dg_D3_scale': 1.773515180380428, 'Dv_D1_scale': 0.20731927891330634, 'Dv_D2_scale': 3.6490679643946202, 'b_bulk_scale': 0.14582631867458973, 'b_dislocation_scale': 0.10048993588281653, 'gb_scale': 3.1057234344166202, 'gd_bubble_scale': 7.976723065923581, 'gd_line_scale': 8.230706029996469, 'gd_line_alpha': 0.3512235584342357, 'coalescence_d_scale': 5.061207953551188, 'capture_scale': 6.864512979345292}. Best is trial 678 with value: 1.749291878123438.Best trial: 678. Best value: 1.74929:  49%|████▊     | 728/1500 [1:00:47<1:02:12,  4.84s/it]Best trial: 678. Best value: 1.74929:  49%|████▊     | 728/1500 [1:00:47<1:02:12,  4.84s/it]Best trial: 678. Best value: 1.74929:  49%|████▊     | 729/1500 [1:00:47<1:03:12,  4.92s/it]                                                                                            Best trial: 678. Best value: 1.74929:  49%|████▊     | 729/1500 [1:00:52<1:03:12,  4.92s/it]Best trial: 678. Best value: 1.74929:  49%|████▊     | 729/1500 [1:00:52<1:03:12,  4.92s/it]Best trial: 678. Best value: 1.74929:  49%|████▊     | 730/1500 [1:00:52<1:04:01,  4.99s/it]                                                                                            Best trial: 678. Best value: 1.74929:  49%|████▊     | 730/1500 [1:00:57<1:04:01,  4.99s/it]Best trial: 678. Best value: 1.74929:  49%|████▊     | 730/1500 [1:00:57<1:04:01,  4.99s/it]Best trial: 678. Best value: 1.74929:  49%|████▊     | 731/1500 [1:00:57<1:04:23,  5.02s/it]                                                                                            Best trial: 678. Best value: 1.74929:  49%|████▊     | 731/1500 [1:01:00<1:04:23,  5.02s/it]Best trial: 678. Best value: 1.74929:  49%|████▊     | 731/1500 [1:01:00<1:04:23,  5.02s/it]Best trial: 678. Best value: 1.74929:  49%|████▉     | 732/1500 [1:01:00<57:28,  4.49s/it]                                                                                            Best trial: 678. Best value: 1.74929:  49%|████▉     | 732/1500 [1:01:06<57:28,  4.49s/it]Best trial: 678. Best value: 1.74929:  49%|████▉     | 732/1500 [1:01:06<57:28,  4.49s/it]Best trial: 678. Best value: 1.74929:  49%|████▉     | 733/1500 [1:01:06<1:00:21,  4.72s/it]                                                                                            Best trial: 678. Best value: 1.74929:  49%|████▉     | 733/1500 [1:01:11<1:00:21,  4.72s/it]Best trial: 678. Best value: 1.74929:  49%|████▉     | 733/1500 [1:01:11<1:00:21,  4.72s/it]Best trial: 678. Best value: 1.74929:  49%|████▉     | 734/1500 [1:01:11<1:01:52,  4.85s/it]                                                                                            Best trial: 678. Best value: 1.74929:  49%|████▉     | 734/1500 [1:01:16<1:01:52,  4.85s/it]Best trial: 678. Best value: 1.74929:  49%|████▉     | 734/1500 [1:01:16<1:01:52,  4.85s/it]Best trial: 678. Best value: 1.74929:  49%|████▉     | 735/1500 [1:01:16<1:02:33,  4.91s/it]                                                                                            Best trial: 678. Best value: 1.74929:  49%|████▉     | 735/1500 [1:01:21<1:02:33,  4.91s/it]Best trial: 678. Best value: 1.74929:  49%|████▉     | 735/1500 [1:01:21<1:02:33,  4.91s/it]Best trial: 678. Best value: 1.74929:  49%|████▉     | 736/1500 [1:01:21<1:02:29,  4.91s/it]                                                                                            Best trial: 678. Best value: 1.74929:  49%|████▉     | 736/1500 [1:01:25<1:02:29,  4.91s/it]Best trial: 678. Best value: 1.74929:  49%|████▉     | 736/1500 [1:01:25<1:02:29,  4.91s/it]Best trial: 678. Best value: 1.74929:  49%|████▉     | 737/1500 [1:01:25<58:36,  4.61s/it]                                                                                            Best trial: 678. Best value: 1.74929:  49%|████▉     | 737/1500 [1:01:30<58:36,  4.61s/it]Best trial: 678. Best value: 1.74929:  49%|████▉     | 737/1500 [1:01:30<58:36,  4.61s/it]Best trial: 678. Best value: 1.74929:  49%|████▉     | 738/1500 [1:01:30<59:39,  4.70s/it]                                                                                          Best trial: 678. Best value: 1.74929:  49%|████▉     | 738/1500 [1:01:33<59:39,  4.70s/it]Best trial: 678. Best value: 1.74929:  49%|████▉     | 738/1500 [1:01:33<59:39,  4.70s/it]Best trial: 678. Best value: 1.74929:  49%|████▉     | 739/1500 [1:01:33<53:43,  4.24s/it]                                                                                          
[I 2026-05-02 19:53:40,904] Trial 729 finished with value: 1.7898820074479058 and parameters: {'f_n': 1.2527931766083286e-06, 'K_d': 1187685.6241806168, 'rho_d': 12137980991554.324, 'fission_rate': 5.441508257655403e+19, 'D2_xe_scale': 3.4174400686148236, 'Dg_D1_scale': 0.18577895245979367, 'Dg_D3_scale': 1.9316443754159713, 'Dv_D1_scale': 0.21112749610100692, 'Dv_D2_scale': 3.9969979379040015, 'b_bulk_scale': 0.13451868024480565, 'b_dislocation_scale': 0.10075998529654459, 'gb_scale': 3.273559665106248, 'gd_bubble_scale': 7.955220650329821, 'gd_line_scale': 7.997273285168712, 'gd_line_alpha': 0.32135208837960205, 'coalescence_d_scale': 0.48786814203016976, 'capture_scale': 6.902634932673418}. Best is trial 678 with value: 1.749291878123438.
[I 2026-05-02 19:53:46,009] Trial 730 finished with value: 2.180163150606542 and parameters: {'f_n': 1.2041107342565718e-06, 'K_d': 1085016.8914301782, 'rho_d': 12165338694224.66, 'fission_rate': 5.492494129823267e+19, 'D2_xe_scale': 2.535562130154541, 'Dg_D1_scale': 2.1167760435140694, 'Dg_D3_scale': 1.760826719086453, 'Dv_D1_scale': 0.22219411300299474, 'Dv_D2_scale': 3.789995405297756, 'b_bulk_scale': 0.13202880960469182, 'b_dislocation_scale': 0.10081660523882788, 'gb_scale': 3.3846597963406753, 'gd_bubble_scale': 8.040619610387928, 'gd_line_scale': 8.25446512053298, 'gd_line_alpha': 0.3207774422873136, 'coalescence_d_scale': 0.50420200971545, 'capture_scale': 5.8133568903129165}. Best is trial 678 with value: 1.749291878123438.
[I 2026-05-02 19:53:49,253] Trial 731 finished with value: 3.3956872190684124 and parameters: {'f_n': 1.3906949638699142e-06, 'K_d': 1119507.0713241827, 'rho_d': 12633432906036.855, 'fission_rate': 5.850916478835366e+19, 'D2_xe_scale': 3.4206905715725497, 'Dg_D1_scale': 0.19519666763180327, 'Dg_D3_scale': 1.6792819654202336, 'Dv_D1_scale': 0.21567765931263355, 'Dv_D2_scale': 3.352991737152369, 'b_bulk_scale': 0.13665079174630734, 'b_dislocation_scale': 0.1027332222099171, 'gb_scale': 0.2533950201928909, 'gd_bubble_scale': 8.109621428619956, 'gd_line_scale': 8.06452912362384, 'gd_line_alpha': 0.3428650650224745, 'coalescence_d_scale': 0.49986778485457584, 'capture_scale': 7.03674713810229}. Best is trial 678 with value: 1.749291878123438.
[I 2026-05-02 19:53:54,515] Trial 732 finished with value: 1.8299286362037912 and parameters: {'f_n': 1.0978322616308442e-06, 'K_d': 1140732.9492155632, 'rho_d': 12246512031787.266, 'fission_rate': 5.4199817246435656e+19, 'D2_xe_scale': 3.812948197170521, 'Dg_D1_scale': 0.1858359861009334, 'Dg_D3_scale': 1.9228675632272794, 'Dv_D1_scale': 0.20079871033558133, 'Dv_D2_scale': 3.5980394624745355, 'b_bulk_scale': 0.1349347650469372, 'b_dislocation_scale': 0.1086556279586547, 'gb_scale': 3.0992515334859867, 'gd_bubble_scale': 9.065718394916718, 'gd_line_scale': 8.271551904294439, 'gd_line_alpha': 0.30722580865970583, 'coalescence_d_scale': 0.5205458893530388, 'capture_scale': 6.026030904172991}. Best is trial 678 with value: 1.749291878123438.
[I 2026-05-02 19:53:59,648] Trial 733 finished with value: 3.719656717227167 and parameters: {'f_n': 7.550672229282706e-10, 'K_d': 1056845.5171494002, 'rho_d': 13266400515277.568, 'fission_rate': 5.470847043409849e+19, 'D2_xe_scale': 4.207294640645383, 'Dg_D1_scale': 0.1958129775084479, 'Dg_D3_scale': 1.7978110686531832, 'Dv_D1_scale': 0.21761951669994983, 'Dv_D2_scale': 0.25542787335697925, 'b_bulk_scale': 0.14467577982803914, 'b_dislocation_scale': 0.10138710934221923, 'gb_scale': 3.3205357663757677, 'gd_bubble_scale': 7.842857097553228, 'gd_line_scale': 8.152244902722076, 'gd_line_alpha': 0.2949160642566516, 'coalescence_d_scale': 0.4797516504588889, 'capture_scale': 0.016241700138363627}. Best is trial 678 with value: 1.749291878123438.
[I 2026-05-02 19:54:04,706] Trial 734 finished with value: 1.9479389703241565 and parameters: {'f_n': 1.4272448493943195e-06, 'K_d': 1230660.4165148204, 'rho_d': 12305686053277.674, 'fission_rate': 5.546609094644178e+19, 'D2_xe_scale': 2.346573839948686, 'Dg_D1_scale': 0.1813894390528758, 'Dg_D3_scale': 1.6044809304003163, 'Dv_D1_scale': 0.21193406902197548, 'Dv_D2_scale': 3.779646721764696, 'b_bulk_scale': 0.1344558796729673, 'b_dislocation_scale': 0.1274824824823219, 'gb_scale': 3.627012486650678, 'gd_bubble_scale': 8.69370353603545, 'gd_line_scale': 7.4702152385202245, 'gd_line_alpha': 0.30601103651789324, 'coalescence_d_scale': 0.5152565384033342, 'capture_scale': 7.009065674900966}. Best is trial 678 with value: 1.749291878123438.
