[I 2026-05-02 20:31:32,523] Trial 1248 finished with value: 1.791094381189214 and parameters: {'f_n': 2.494419728725475e-07, 'K_d': 723158.3693194246, 'rho_d': 10927765926711.209, 'fission_rate': 6.46731026084162e+19, 'D2_xe_scale': 0.09046320661409923, 'Dg_D1_scale': 0.20260236928199762, 'Dg_D3_scale': 3.0656085871453174, 'Dv_D1_scale': 0.3500973324332175, 'Dv_D2_scale': 3.385354661499574, 'b_bulk_scale': 0.4786558493302066, 'b_dislocation_scale': 0.19986180920984453, 'gb_scale': 6.591952305629809, 'gd_bubble_scale': 8.242820917272207, 'gd_line_scale': 8.30205488407761, 'gd_line_alpha': 0.4806409790650822, 'coalescence_d_scale': 0.44957117131025465, 'capture_scale': 4.67308742806422}. Best is trial 1126 with value: 1.7410514264406347.
[I 2026-05-02 20:31:35,857] Trial 1249 finished with value: 1.7749855627074398 and parameters: {'f_n': 4.4756159641776357e-07, 'K_d': 678251.2433456656, 'rho_d': 13129815412665.586, 'fission_rate': 6.294259990898913e+19, 'D2_xe_scale': 0.07027530725753157, 'Dg_D1_scale': 0.18431676417751214, 'Dg_D3_scale': 2.958989951391634, 'Dv_D1_scale': 0.3084197020411416, 'Dv_D2_scale': 3.645420704449788, 'b_bulk_scale': 0.303487264114637, 'b_dislocation_scale': 0.16637506433439792, 'gb_scale': 7.254965126559761, 'gd_bubble_scale': 8.396050214020304, 'gd_line_scale': 7.382698447825708, 'gd_line_alpha': 0.5359643389432786, 'coalescence_d_scale': 0.4779573874625228, 'capture_scale': 5.439116611831869}. Best is trial 1126 with value: 1.7410514264406347.
[I 2026-05-02 20:31:40,516] Trial 1250 finished with value: 1.8494672970240906 and parameters: {'f_n': 5.899949757149061e-07, 'K_d': 763454.318635996, 'rho_d': 12094568130815.207, 'fission_rate': 6.376328422163618e+19, 'D2_xe_scale': 0.08993367353068442, 'Dg_D1_scale': 0.1726342437310689, 'Dg_D3_scale': 3.179432371602741, 'Dv_D1_scale': 0.327537654196431, 'Dv_D2_scale': 3.7758569394216375, 'b_bulk_scale': 0.365223186497291, 'b_dislocation_scale': 0.13750700378579805, 'gb_scale': 7.988490244799848, 'gd_bubble_scale': 9.960064850538439, 'gd_line_scale': 8.901393329534306, 'gd_line_alpha': 0.49999635128548797, 'coalescence_d_scale': 0.5556039267104794, 'capture_scale': 0.05234688690223118}. Best is trial 1126 with value: 1.7410514264406347.
[I 2026-05-02 20:31:44,715] Trial 1251 finished with value: 1.7998804872766103 and parameters: {'f_n': 3.6241798117819706e-07, 'K_d': 769837.0672244234, 'rho_d': 11433741425606.04, 'fission_rate': 7.1555125870909964e+19, 'D2_xe_scale': 0.10901193933927432, 'Dg_D1_scale': 0.16598084295651067, 'Dg_D3_scale': 3.573790372265455, 'Dv_D1_scale': 0.2999694960270047, 'Dv_D2_scale': 3.1987093633516297, 'b_bulk_scale': 0.4259332060087432, 'b_dislocation_scale': 0.15942257904171017, 'gb_scale': 6.699915294290538, 'gd_bubble_scale': 7.909097393567023, 'gd_line_scale': 8.08735126993841, 'gd_line_alpha': 0.7212186972335085, 'coalescence_d_scale': 0.5165727160318453, 'capture_scale': 4.2188733577616855}. Best is trial 1126 with value: 1.7410514264406347.
[I 2026-05-02 20:31:49,389] Trial 1252 finished with value: 2.1052064670990096 and parameters: {'f_n': 4.7616218393288643e-07, 'K_d': 638370.5133699892, 'rho_d': 10691042440708.97, 'fission_rate': 6.299887739803249e+19, 'D2_xe_scale': 0.07544084368001436, 'Dg_D1_scale': 0.19043282990747873, 'Dg_D3_scale': 2.8702117115913834, 'Dv_D1_scale': 0.31758335187231473, 'Dv_D2_scale': 3.4728571180284735, 'b_bulk_scale': 0.2834407605044126, 'b_dislocation_scale': 0.18525095977783737, 'gb_scale': 6.437424059834527, 'gd_bubble_scale': 8.503879668802119, 'gd_line_scale': 7.140465698519957, 'gd_line_alpha': 0.8684445907264641, 'coalescence_d_scale': 0.46687873508197986, 'capture_scale': 5.6090778903834675}. Best is trial 1126 with value: 1.7410514264406347.
[I 2026-05-02 20:31:54,016] Trial 1253 finished with value: 2.465297929046981 and parameters: {'f_n': 6.087052503584386e-07, 'K_d': 714136.9241832606, 'rho_d': 12520187707835.543, 'fission_rate': 6.441296849199949e+19, 'D2_xe_scale': 0.07209145173694245, 'Dg_D1_scale': 0.16011048101155803, 'Dg_D3_scale': 3.3869791580400133, 'Dv_D1_scale': 2.645843939715586, 'Dv_D2_scale': 3.7602763992567723, 'b_bulk_scale': 0.39059703127375606, 'b_dislocation_scale': 0.15353484423450361, 'gb_scale': 7.383032430333195, 'gd_bubble_scale': 7.862014373015009, 'gd_line_scale': 9.0509214087541, 'gd_line_alpha': 0.44426746896120317, 'coalescence_d_scale': 0.42650847338506254, 'capture_scale': 5.28100425443938}. Best is trial 1126 with value: 1.7410514264406347.
[I 2026-05-02 20:31:58,774] Trial 1254 finished with value: 1.951925583736349 and parameters: {'f_n': 3.088274223416274e-07, 'K_d': 668278.8275194084, 'rho_d': 11365281098790.537, 'fission_rate': 6.241615689779718e+19, 'D2_xe_scale': 0.08987830255989339, 'Dg_D1_scale': 0.17774591613898438, 'Dg_D3_scale': 3.0596142256859427, 'Dv_D1_scale': 0.301362740986661, 'Dv_D2_scale': 3.616176985828194, 'b_bulk_scale': 0.3355221541481318, 'b_dislocation_scale': 0.13828946411158952, 'gb_scale': 6.672602064557672, 'gd_bubble_scale': 9.963248072417265, 'gd_line_scale': 9.003919038971485, 'gd_line_alpha': 0.46913137662142507, 'coalescence_d_scale': 0.4780037594435903, 'capture_scale': 6.062236651631169}. Best is trial 1126 with value: 1.7410514264406347.
[I 2026-05-02 20:32:03,400] Trial 1255 finished with value: 2.125860581503329 and parameters: {'f_n': 3.9537005273300924e-07, 'K_d': 722074.4023859517, 'rho_d': 11869947148966.748, 'fission_rate': 6.378858082752431e+19, 'D2_xe_scale': 0.07849536582461127, 'Dg_D1_scale': 0.2079153657157075, 'Dg_D3_scale': 2.898261558874503, 'Dv_D1_scale': 0.3371649876648689, 'Dv_D2_scale': 3.7800454243862216, 'b_bulk_scale': 0.36093654278671483, 'b_dislocation_scale': 0.21115129223393017, 'gb_scale': 7.972482110179152, 'gd_bubble_scale': 8.64974810836864, 'gd_line_scale': 6.691965402990509, 'gd_line_alpha': 0.5190521703521133, 'coalescence_d_scale': 0.5574862277655663, 'capture_scale': 4.736366493718605}. Best is trial 1126 with value: 1.7410514264406347.
[I 2026-05-02 20:32:06,517] Trial 1256 finished with value: 2.76089299060828 and parameters: {'f_n': 4.664191032510398e-07, 'K_d': 772047.3246718914, 'rho_d': 26199250587984.62, 'fission_rate': 6.291914469205512e+19, 'D2_xe_scale': 0.06796212834671239, 'Dg_D1_scale': 0.16554314490003388, 'Dg_D3_scale': 3.2522091364445855, 'Dv_D1_scale': 0.2852893059344938, 'Dv_D2_scale': 3.4537862696292794, 'b_bulk_scale': 0.5002577961519599, 'b_dislocation_scale': 0.17795195527622523, 'gb_scale': 7.997744868718309, 'gd_bubble_scale': 7.751389093528889, 'gd_line_scale': 7.926264591887979, 'gd_line_alpha': 0.49532163160063797, 'coalescence_d_scale': 0.4291605934328259, 'capture_scale': 6.00317580176253}. Best is trial 1126 with value: 1.7410514264406347.Best trial: 1126. Best value: 1.74105:  84%|████████▎ | 1256/1500 [1:39:18<18:37,  4.58s/it]Best trial: 1126. Best value: 1.74105:  84%|████████▎ | 1256/1500 [1:39:18<18:37,  4.58s/it]Best trial: 1126. Best value: 1.74105:  84%|████████▍ | 1257/1500 [1:39:18<16:46,  4.14s/it]                                                                                            Best trial: 1126. Best value: 1.74105:  84%|████████▍ | 1257/1500 [1:39:21<16:46,  4.14s/it]Best trial: 1126. Best value: 1.74105:  84%|████████▍ | 1257/1500 [1:39:21<16:46,  4.14s/it]Best trial: 1126. Best value: 1.74105:  84%|████████▍ | 1258/1500 [1:39:21<15:36,  3.87s/it]                                                                                            Best trial: 1126. Best value: 1.74105:  84%|████████▍ | 1258/1500 [1:39:26<15:36,  3.87s/it]Best trial: 1126. Best value: 1.74105:  84%|████████▍ | 1258/1500 [1:39:26<15:36,  3.87s/it]Best trial: 1126. Best value: 1.74105:  84%|████████▍ | 1259/1500 [1:39:26<16:36,  4.14s/it]                                                                                            Best trial: 1126. Best value: 1.74105:  84%|████████▍ | 1259/1500 [1:39:30<16:36,  4.14s/it]Best trial: 1126. Best value: 1.74105:  84%|████████▍ | 1259/1500 [1:39:30<16:36,  4.14s/it]Best trial: 1126. Best value: 1.74105:  84%|████████▍ | 1260/1500 [1:39:30<17:13,  4.31s/it]                                                                                            Best trial: 1126. Best value: 1.74105:  84%|████████▍ | 1260/1500 [1:39:35<17:13,  4.31s/it]Best trial: 1126. Best value: 1.74105:  84%|████████▍ | 1260/1500 [1:39:35<17:13,  4.31s/it]Best trial: 1126. Best value: 1.74105:  84%|████████▍ | 1261/1500 [1:39:35<18:00,  4.52s/it]                                                                                            Best trial: 1126. Best value: 1.74105:  84%|████████▍ | 1261/1500 [1:39:40<18:00,  4.52s/it]Best trial: 1126. Best value: 1.74105:  84%|████████▍ | 1261/1500 [1:39:40<18:00,  4.52s/it]Best trial: 1126. Best value: 1.74105:  84%|████████▍ | 1262/1500 [1:39:40<18:13,  4.59s/it]                                                                                            Best trial: 1126. Best value: 1.74105:  84%|████████▍ | 1262/1500 [1:39:45<18:13,  4.59s/it]Best trial: 1126. Best value: 1.74105:  84%|████████▍ | 1262/1500 [1:39:45<18:13,  4.59s/it]Best trial: 1126. Best value: 1.74105:  84%|████████▍ | 1263/1500 [1:39:45<18:19,  4.64s/it]                                                                                            Best trial: 1126. Best value: 1.74105:  84%|████████▍ | 1263/1500 [1:39:48<18:19,  4.64s/it]Best trial: 1126. Best value: 1.74105:  84%|████████▍ | 1263/1500 [1:39:48<18:19,  4.64s/it]Best trial: 1126. Best value: 1.74105:  84%|████████▍ | 1264/1500 [1:39:48<16:18,  4.15s/it]                                                                                            Best trial: 1126. Best value: 1.74105:  84%|████████▍ | 1264/1500 [1:39:52<16:18,  4.15s/it]Best trial: 1126. Best value: 1.74105:  84%|████████▍ | 1264/1500 [1:39:53<16:18,  4.15s/it]Best trial: 1126. Best value: 1.74105:  84%|████████▍ | 1265/1500 [1:39:53<16:47,  4.29s/it]                                                                                            Best trial: 1126. Best value: 1.74105:  84%|████████▍ | 1265/1500 [1:39:57<16:47,  4.29s/it]Best trial: 1126. Best value: 1.74105:  84%|████████▍ | 1265/1500 [1:39:57<16:47,  4.29s/it]Best trial: 1126. Best value: 1.74105:  84%|████████▍ | 1266/1500 [1:39:57<17:13,  4.42s/it]                                                                                            Best trial: 1126. Best value: 1.74105:  84%|████████▍ | 1266/1500 [1:40:02<17:13,  4.42s/it]Best trial: 1126. Best value: 1.74105:  84%|████████▍ | 1266/1500 [1:40:02<17:13,  4.42s/it]Best trial: 1126. Best value: 1.74105:  84%|████████▍ | 1267/1500 [1:40:02<17:41,  4.55s/it]                                                                                            
[I 2026-05-02 20:32:09,750] Trial 1257 finished with value: 3.544672572935683 and parameters: {'f_n': 5.507002990422319e-07, 'K_d': 691278.5657625139, 'rho_d': 10856239097616.715, 'fission_rate': 6.4733374618448855e+19, 'D2_xe_scale': 0.09866121422189922, 'Dg_D1_scale': 0.7379956774406043, 'Dg_D3_scale': 3.6248787228210904, 'Dv_D1_scale': 0.3110584562313638, 'Dv_D2_scale': 3.7476991083983067, 'b_bulk_scale': 0.29934859620348825, 'b_dislocation_scale': 0.6147805220981686, 'gb_scale': 6.361175997654812, 'gd_bubble_scale': 0.05006890618861159, 'gd_line_scale': 9.074665976151776, 'gd_line_alpha': 0.5391186535054068, 'coalescence_d_scale': 0.4960910619163766, 'capture_scale': 6.352919962238156}. Best is trial 1126 with value: 1.7410514264406347.
[I 2026-05-02 20:32:14,511] Trial 1258 finished with value: 2.0408119283722677 and parameters: {'f_n': 3.3793804940140683e-07, 'K_d': 193140.52521120256, 'rho_d': 13046442663865.508, 'fission_rate': 6.2290715794885165e+19, 'D2_xe_scale': 0.060696691564527484, 'Dg_D1_scale': 0.19674189794701602, 'Dg_D3_scale': 2.7956271697218136, 'Dv_D1_scale': 0.2866448288967694, 'Dv_D2_scale': 3.7816360396906505, 'b_bulk_scale': 0.41452040846337657, 'b_dislocation_scale': 0.16894140115436213, 'gb_scale': 7.177366230630235, 'gd_bubble_scale': 8.892268640616855, 'gd_line_scale': 6.995368348568139, 'gd_line_alpha': 0.4577875994829667, 'coalescence_d_scale': 0.41034649536604506, 'capture_scale': 5.213740944181494}. Best is trial 1126 with value: 1.7410514264406347.
[I 2026-05-02 20:32:19,204] Trial 1259 finished with value: 1.8435604803833836 and parameters: {'f_n': 2.3211309726405603e-07, 'K_d': 632065.9296715154, 'rho_d': 11364799446826.758, 'fission_rate': 6.370398924972577e+19, 'D2_xe_scale': 0.06431397827412212, 'Dg_D1_scale': 0.17923489059701922, 'Dg_D3_scale': 3.14565235997298, 'Dv_D1_scale': 0.3532485500685596, 'Dv_D2_scale': 3.2638328089419075, 'b_bulk_scale': 0.2732925111800013, 'b_dislocation_scale': 0.13917948107135644, 'gb_scale': 6.339947924190145, 'gd_bubble_scale': 7.566967298411121, 'gd_line_scale': 7.955216454584222, 'gd_line_alpha': 0.6292039777963956, 'coalescence_d_scale': 0.5411159768975514, 'capture_scale': 0.39820317638062946}. Best is trial 1126 with value: 1.7410514264406347.
[I 2026-05-02 20:32:24,232] Trial 1260 finished with value: 2.9398288583212606 and parameters: {'f_n': 6.53618746105111e-07, 'K_d': 664477.8695986056, 'rho_d': 12169996556745.53, 'fission_rate': 5.961891237818215e+19, 'D2_xe_scale': 0.08018672361870324, 'Dg_D1_scale': 0.1607891814865359, 'Dg_D3_scale': 2.9776994062401223, 'Dv_D1_scale': 0.2956165670501196, 'Dv_D2_scale': 3.5214786384329164, 'b_bulk_scale': 0.31707393909837583, 'b_dislocation_scale': 0.15414677052314696, 'gb_scale': 0.9658884261718859, 'gd_bubble_scale': 8.572063390509289, 'gd_line_scale': 9.996646388091715, 'gd_line_alpha': 0.6588549285090474, 'coalescence_d_scale': 0.45803422583212905, 'capture_scale': 6.495897977835261}. Best is trial 1126 with value: 1.7410514264406347.
[I 2026-05-02 20:32:29,003] Trial 1261 finished with value: 2.0702323390405657 and parameters: {'f_n': 4.1864020275741415e-07, 'K_d': 254120.78131577536, 'rho_d': 10439346760035.469, 'fission_rate': 6.197799491463126e+19, 'D2_xe_scale': 0.05889300891563039, 'Dg_D1_scale': 1.0999931640542389, 'Dg_D3_scale': 0.3391767276068805, 'Dv_D1_scale': 0.3209774947813065, 'Dv_D2_scale': 3.7961740237876724, 'b_bulk_scale': 0.460193940074887, 'b_dislocation_scale': 0.19508395046994487, 'gb_scale': 7.171344812574217, 'gd_bubble_scale': 7.640777379343097, 'gd_line_scale': 8.320730444094727, 'gd_line_alpha': 0.5434330268103165, 'coalescence_d_scale': 0.40835096534456866, 'capture_scale': 7.048630701118227}. Best is trial 1126 with value: 1.7410514264406347.
[I 2026-05-02 20:32:33,750] Trial 1262 finished with value: 1.9538064839860534 and parameters: {'f_n': 5.127484291135689e-07, 'K_d': 767525.4498540659, 'rho_d': 10946966315210.209, 'fission_rate': 6.311601038380007e+19, 'D2_xe_scale': 0.10873749666050586, 'Dg_D1_scale': 0.1502183273595502, 'Dg_D3_scale': 0.45858582586815755, 'Dv_D1_scale': 0.2144497800587375, 'Dv_D2_scale': 3.5979855669788736, 'b_bulk_scale': 1.4460694005963803, 'b_dislocation_scale': 0.13858270391921404, 'gb_scale': 6.430306327021153, 'gd_bubble_scale': 9.09967266581019, 'gd_line_scale': 7.41552782239436, 'gd_line_alpha': 0.6014906777255575, 'coalescence_d_scale': 0.5089224491107122, 'capture_scale': 5.7330388320227}. Best is trial 1126 with value: 1.7410514264406347.
[I 2026-05-02 20:32:36,749] Trial 1263 finished with value: 1.9636101426231294 and parameters: {'f_n': 7.295916457095221e-07, 'K_d': 711855.6252271327, 'rho_d': 9673282694820.846, 'fission_rate': 6.421769626860435e+19, 'D2_xe_scale': 0.0856138930191251, 'Dg_D1_scale': 0.1695654539159156, 'Dg_D3_scale': 3.437654636719931, 'Dv_D1_scale': 0.274863784239638, 'Dv_D2_scale': 3.9973897796640827, 'b_bulk_scale': 0.3467555438340337, 'b_dislocation_scale': 0.1688677968479238, 'gb_scale': 7.201482737945528, 'gd_bubble_scale': 8.400345973388871, 'gd_line_scale': 8.998057434228222, 'gd_line_alpha': 0.5159401775896901, 'coalescence_d_scale': 0.4599461803589499, 'capture_scale': 4.357549236692062}. Best is trial 1126 with value: 1.7410514264406347.
[I 2026-05-02 20:32:41,359] Trial 1264 finished with value: 1.7687296506024952 and parameters: {'f_n': 2.9550127506556743e-07, 'K_d': 733939.062499508, 'rho_d': 11795173408695.654, 'fission_rate': 6.483372619565645e+19, 'D2_xe_scale': 0.06945803750932354, 'Dg_D1_scale': 0.1910390293902524, 'Dg_D3_scale': 2.756915292404999, 'Dv_D1_scale': 0.3345346463498066, 'Dv_D2_scale': 3.792794695144845, 'b_bulk_scale': 0.4017280892495689, 'b_dislocation_scale': 0.15201346094669546, 'gb_scale': 6.371397295239281, 'gd_bubble_scale': 7.225812458374682, 'gd_line_scale': 6.7771473341724215, 'gd_line_alpha': 0.48031794053193333, 'coalescence_d_scale': 0.5721002729203293, 'capture_scale': 5.186729481130013}. Best is trial 1126 with value: 1.7410514264406347.
[I 2026-05-02 20:32:46,082] Trial 1265 finished with value: 1.8512884420560258 and parameters: {'f_n': 3.988817540784669e-07, 'K_d': 669480.5263542406, 'rho_d': 13050793952162.682, 'fission_rate': 6.256941558414151e+19, 'D2_xe_scale': 0.055233208989070574, 'Dg_D1_scale': 0.17642181634177265, 'Dg_D3_scale': 3.0129330393154468, 'Dv_D1_scale': 0.23605642980135502, 'Dv_D2_scale': 3.3851812664056466, 'b_bulk_scale': 0.27108223302619155, 'b_dislocation_scale': 0.1856333864762877, 'gb_scale': 7.980030387477474, 'gd_bubble_scale': 9.057174127595182, 'gd_line_scale': 8.1340440227702, 'gd_line_alpha': 0.4430140146476337, 'coalescence_d_scale': 0.38249833527925586, 'capture_scale': 7.095510086542793}. Best is trial 1126 with value: 1.7410514264406347.
[I 2026-05-02 20:32:50,956] Trial 1266 finished with value: 1.808858606982512 and parameters: {'f_n': 5.665641490681039e-07, 'K_d': 766269.0725119958, 'rho_d': 10269626345088.27, 'fission_rate': 6.0826248844681314e+19, 'D2_xe_scale': 0.0726840798143931, 'Dg_D1_scale': 0.16042892313917148, 'Dg_D3_scale': 2.705498311212412, 'Dv_D1_scale': 0.3021351822256875, 'Dv_D2_scale': 3.621599389322053, 'b_bulk_scale': 0.3671679032339295, 'b_dislocation_scale': 0.13528140051072587, 'gb_scale': 6.112184025589666, 'gd_bubble_scale': 9.967422022443932, 'gd_line_scale': 8.895185868549383, 'gd_line_alpha': 0.5580988414515036, 'coalescence_d_scale': 0.4413185539681323, 'capture_scale': 6.24985720675701}. Best is trial 1126 with value: 1.7410514264406347.
