[I 2026-05-02 19:45:35,348] Trial 625 finished with value: 1.7687585524371074 and parameters: {'f_n': 1.6605395901971931e-06, 'K_d': 895480.5053309393, 'rho_d': 14162237254078.346, 'fission_rate': 5.7223028751638045e+19, 'D2_xe_scale': 0.7185284695194197, 'Dg_D1_scale': 0.218954255591303, 'Dg_D3_scale': 1.4971842676036207, 'Dv_D1_scale': 0.31644817817760224, 'Dv_D2_scale': 3.5167434544960225, 'b_bulk_scale': 0.14661043894509437, 'b_dislocation_scale': 0.10127599400375013, 'gb_scale': 4.477272355068543, 'gd_bubble_scale': 9.916254788564126, 'gd_line_scale': 7.132069966059822, 'gd_line_alpha': 0.2737081956870621, 'coalescence_d_scale': 0.7067996460786653, 'capture_scale': 6.57545535537833}. Best is trial 579 with value: 1.7647965169627051.
[I 2026-05-02 19:45:38,678] Trial 626 finished with value: 1.9936679921691074 and parameters: {'f_n': 1.661960207575996e-06, 'K_d': 874542.4935289385, 'rho_d': 13677185852142.445, 'fission_rate': 5.671370624301433e+19, 'D2_xe_scale': 0.5539610882633736, 'Dg_D1_scale': 0.22027731767621705, 'Dg_D3_scale': 1.5252063606443127, 'Dv_D1_scale': 0.3238414665385378, 'Dv_D2_scale': 3.4718902684640693, 'b_bulk_scale': 0.16966586845848622, 'b_dislocation_scale': 0.141616944389061, 'gb_scale': 4.43774295765637, 'gd_bubble_scale': 9.733602921841307, 'gd_line_scale': 6.785016517366629, 'gd_line_alpha': 0.28149660899850454, 'coalescence_d_scale': 0.6565284786886211, 'capture_scale': 6.181626640387846}. Best is trial 579 with value: 1.7647965169627051.
[I 2026-05-02 19:45:43,629] Trial 627 finished with value: 4.096741041001162 and parameters: {'f_n': 1.5371308408929854e-10, 'K_d': 908742.1598714278, 'rho_d': 14115082658858.502, 'fission_rate': 5.7467454628582425e+19, 'D2_xe_scale': 1.042386745686707, 'Dg_D1_scale': 0.21319070660667658, 'Dg_D3_scale': 1.6438982292207878, 'Dv_D1_scale': 0.3415936737616264, 'Dv_D2_scale': 0.20250237038302668, 'b_bulk_scale': 0.1526350325090941, 'b_dislocation_scale': 0.12423238396239869, 'gb_scale': 0.1292117564647378, 'gd_bubble_scale': 9.965767130301725, 'gd_line_scale': 6.724538873370439, 'gd_line_alpha': 0.2765747880656273, 'coalescence_d_scale': 0.7152940076793125, 'capture_scale': 6.5335603908715205}. Best is trial 579 with value: 1.7647965169627051.
[I 2026-05-02 19:45:48,569] Trial 628 finished with value: 1.836065473180713 and parameters: {'f_n': 1.88015053806765e-06, 'K_d': 877752.9440577334, 'rho_d': 13838931597130.785, 'fission_rate': 5.647392918986292e+19, 'D2_xe_scale': 0.807836551057001, 'Dg_D1_scale': 0.21368739313042706, 'Dg_D3_scale': 1.4936226205428509, 'Dv_D1_scale': 0.31159382660694157, 'Dv_D2_scale': 3.481404927054885, 'b_bulk_scale': 0.15898735019275634, 'b_dislocation_scale': 0.13062940498561035, 'gb_scale': 4.160472463779946, 'gd_bubble_scale': 9.99749246018325, 'gd_line_scale': 7.499764514072025, 'gd_line_alpha': 0.27232205541726495, 'coalescence_d_scale': 0.6783152357527172, 'capture_scale': 6.760808435208495}. Best is trial 579 with value: 1.7647965169627051.
[I 2026-05-02 19:45:53,474] Trial 629 finished with value: 1.7881480830196932 and parameters: {'f_n': 1.7326161153821189e-06, 'K_d': 853748.4494074082, 'rho_d': 14295089049776.8, 'fission_rate': 5.723998547843377e+19, 'D2_xe_scale': 0.726845505797732, 'Dg_D1_scale': 0.18731250717749115, 'Dg_D3_scale': 1.418001232624026, 'Dv_D1_scale': 0.3201936437908096, 'Dv_D2_scale': 3.977899070445889, 'b_bulk_scale': 0.1591859991479362, 'b_dislocation_scale': 0.11884704446707643, 'gb_scale': 4.696061922799399, 'gd_bubble_scale': 9.942561300118014, 'gd_line_scale': 7.442604729026382, 'gd_line_alpha': 0.2530930087046449, 'coalescence_d_scale': 0.6706366744548338, 'capture_scale': 7.0302974940759455}. Best is trial 579 with value: 1.7647965169627051.Best trial: 579. Best value: 1.7648:  42%|████▏     | 629/1500 [53:05<1:07:49,  4.67s/it]Best trial: 579. Best value: 1.7648:  42%|████▏     | 629/1500 [53:05<1:07:49,  4.67s/it]Best trial: 579. Best value: 1.7648:  42%|████▏     | 630/1500 [53:05<1:08:45,  4.74s/it]                                                                                         Best trial: 579. Best value: 1.7648:  42%|████▏     | 630/1500 [53:09<1:08:45,  4.74s/it]Best trial: 579. Best value: 1.7648:  42%|████▏     | 630/1500 [53:09<1:08:45,  4.74s/it]Best trial: 579. Best value: 1.7648:  42%|████▏     | 631/1500 [53:09<1:08:14,  4.71s/it]                                                                                         Best trial: 579. Best value: 1.7648:  42%|████▏     | 631/1500 [53:14<1:08:14,  4.71s/it]Best trial: 579. Best value: 1.7648:  42%|████▏     | 631/1500 [53:14<1:08:14,  4.71s/it]Best trial: 579. Best value: 1.7648:  42%|████▏     | 632/1500 [53:14<1:09:30,  4.81s/it]                                                                                         Best trial: 579. Best value: 1.7648:  42%|████▏     | 632/1500 [53:19<1:09:30,  4.81s/it]Best trial: 579. Best value: 1.7648:  42%|████▏     | 632/1500 [53:19<1:09:30,  4.81s/it]Best trial: 579. Best value: 1.7648:  42%|████▏     | 633/1500 [53:19<1:10:10,  4.86s/it]                                                                                         Best trial: 579. Best value: 1.7648:  42%|████▏     | 633/1500 [53:23<1:10:10,  4.86s/it]Best trial: 579. Best value: 1.7648:  42%|████▏     | 633/1500 [53:23<1:10:10,  4.86s/it]Best trial: 579. Best value: 1.7648:  42%|████▏     | 634/1500 [53:23<1:03:56,  4.43s/it]                                                                                         Best trial: 579. Best value: 1.7648:  42%|████▏     | 634/1500 [53:27<1:03:56,  4.43s/it]Best trial: 634. Best value: 1.76358:  42%|████▏     | 634/1500 [53:28<1:03:56,  4.43s/it]Best trial: 634. Best value: 1.76358:  42%|████▏     | 635/1500 [53:28<1:05:46,  4.56s/it]                                                                                          Best trial: 634. Best value: 1.76358:  42%|████▏     | 635/1500 [53:32<1:05:46,  4.56s/it]Best trial: 634. Best value: 1.76358:  42%|████▏     | 635/1500 [53:33<1:05:46,  4.56s/it]Best trial: 634. Best value: 1.76358:  42%|████▏     | 636/1500 [53:33<1:07:19,  4.67s/it]                                                                                          Best trial: 634. Best value: 1.76358:  42%|████▏     | 636/1500 [53:37<1:07:19,  4.67s/it]Best trial: 636. Best value: 1.75476:  42%|████▏     | 636/1500 [53:37<1:07:19,  4.67s/it]Best trial: 636. Best value: 1.75476:  42%|████▏     | 637/1500 [53:37<1:08:24,  4.76s/it]                                                                                          Best trial: 636. Best value: 1.75476:  42%|████▏     | 637/1500 [53:42<1:08:24,  4.76s/it]Best trial: 636. Best value: 1.75476:  42%|████▏     | 637/1500 [53:42<1:08:24,  4.76s/it]Best trial: 636. Best value: 1.75476:  43%|████▎     | 638/1500 [53:42<1:08:45,  4.79s/it]                                                                                          Best trial: 636. Best value: 1.75476:  43%|████▎     | 638/1500 [53:47<1:08:45,  4.79s/it]Best trial: 636. Best value: 1.75476:  43%|████▎     | 638/1500 [53:47<1:08:45,  4.79s/it]Best trial: 636. Best value: 1.75476:  43%|████▎     | 639/1500 [53:47<1:08:50,  4.80s/it]                                                                                          Best trial: 636. Best value: 1.75476:  43%|████▎     | 639/1500 [53:50<1:08:50,  4.80s/it]Best trial: 636. Best value: 1.75476:  43%|████▎     | 639/1500 [53:51<1:08:50,  4.80s/it]Best trial: 636. Best value: 1.75476:  43%|████▎     | 640/1500 [53:51<1:02:39,  4.37s/it]                                                                                          
[I 2026-05-02 19:45:58,113] Trial 630 finished with value: 2.4928881430793317 and parameters: {'f_n': 1.7672110823099109e-06, 'K_d': 918288.0024847927, 'rho_d': 14580090681933.275, 'fission_rate': 5.716793859845459e+19, 'D2_xe_scale': 0.677046808880507, 'Dg_D1_scale': 0.21886610679348692, 'Dg_D3_scale': 1.4389637434671882, 'Dv_D1_scale': 0.326631176432403, 'Dv_D2_scale': 3.9985893030698483, 'b_bulk_scale': 0.17080220216477077, 'b_dislocation_scale': 0.18948432068912321, 'gb_scale': 4.695406015532181, 'gd_bubble_scale': 9.762744548055876, 'gd_line_scale': 6.7587183385674034, 'gd_line_alpha': 0.2592592489352848, 'coalescence_d_scale': 0.6532303309727076, 'capture_scale': 7.669994492787139}. Best is trial 579 with value: 1.7647965169627051.
[I 2026-05-02 19:46:03,118] Trial 631 finished with value: 1.783333314808814 and parameters: {'f_n': 1.6493739433355274e-06, 'K_d': 862654.3496886627, 'rho_d': 14188137262183.64, 'fission_rate': 5.6507639519039504e+19, 'D2_xe_scale': 0.6706834454992765, 'Dg_D1_scale': 0.21099648202962676, 'Dg_D3_scale': 1.4885284146343323, 'Dv_D1_scale': 0.32053490230850207, 'Dv_D2_scale': 3.9914927447590736, 'b_bulk_scale': 0.16219582124627738, 'b_dislocation_scale': 0.1349000748079716, 'gb_scale': 3.830295548889236, 'gd_bubble_scale': 9.7983863315096, 'gd_line_scale': 7.406397297540987, 'gd_line_alpha': 0.2758481624193051, 'coalescence_d_scale': 0.7069128452821408, 'capture_scale': 7.211795708552691}. Best is trial 579 with value: 1.7647965169627051.
[I 2026-05-02 19:46:08,113] Trial 632 finished with value: 2.024036207198883 and parameters: {'f_n': 1.7807823651760849e-06, 'K_d': 871258.9920262004, 'rho_d': 13955369019630.533, 'fission_rate': 5.662524155595751e+19, 'D2_xe_scale': 0.7419088296653144, 'Dg_D1_scale': 1.199725746130778, 'Dg_D3_scale': 1.4831754310965752, 'Dv_D1_scale': 0.30515329257729706, 'Dv_D2_scale': 3.82756701487526, 'b_bulk_scale': 0.188637503794902, 'b_dislocation_scale': 0.11693646975732219, 'gb_scale': 3.7388535842205752, 'gd_bubble_scale': 9.707144778939762, 'gd_line_scale': 6.7676577763333885, 'gd_line_alpha': 0.26852617150302405, 'coalescence_d_scale': 0.6950500094934049, 'capture_scale': 7.260374432085239}. Best is trial 579 with value: 1.7647965169627051.
[I 2026-05-02 19:46:11,552] Trial 633 finished with value: 4.060408212861766 and parameters: {'f_n': 5.197863753017758e-10, 'K_d': 923413.6636589586, 'rho_d': 13891236807162.91, 'fission_rate': 5.634631587514078e+19, 'D2_xe_scale': 0.6708496962713941, 'Dg_D1_scale': 0.2121849853923413, 'Dg_D3_scale': 1.6846205822336504, 'Dv_D1_scale': 0.316406299827872, 'Dv_D2_scale': 3.712347360068512, 'b_bulk_scale': 0.15283546480105323, 'b_dislocation_scale': 0.14060267325060585, 'gb_scale': 4.832551866193096, 'gd_bubble_scale': 9.303393581555035, 'gd_line_scale': 7.444782948956273, 'gd_line_alpha': 0.2773426692670507, 'coalescence_d_scale': 0.7375403788244297, 'capture_scale': 7.330906103214531}. Best is trial 579 with value: 1.7647965169627051.
[I 2026-05-02 19:46:16,417] Trial 634 finished with value: 1.7635787150067697 and parameters: {'f_n': 1.6615720256694387e-06, 'K_d': 842176.3032845366, 'rho_d': 14655194373771.182, 'fission_rate': 5.875000695538436e+19, 'D2_xe_scale': 1.2691980481967828, 'Dg_D1_scale': 0.19667116717584399, 'Dg_D3_scale': 1.4259057962212118, 'Dv_D1_scale': 0.30744117252221526, 'Dv_D2_scale': 3.939601309558949, 'b_bulk_scale': 0.17650581148160227, 'b_dislocation_scale': 0.12784461396910254, 'gb_scale': 3.8798690380281915, 'gd_bubble_scale': 9.375966783313482, 'gd_line_scale': 7.498464349391413, 'gd_line_alpha': 0.2789010636125299, 'coalescence_d_scale': 0.648001261832625, 'capture_scale': 7.084824147999819}. Best is trial 634 with value: 1.7635787150067697.
[I 2026-05-02 19:46:21,347] Trial 635 finished with value: 1.8458807710076188 and parameters: {'f_n': 1.5849275104213683e-06, 'K_d': 996085.8868563294, 'rho_d': 14365655168952.404, 'fission_rate': 5.7151791269939765e+19, 'D2_xe_scale': 0.9298683851606911, 'Dg_D1_scale': 0.20396103876337823, 'Dg_D3_scale': 1.4315398236536518, 'Dv_D1_scale': 0.3019085178243517, 'Dv_D2_scale': 3.970604625831723, 'b_bulk_scale': 0.18298642173449362, 'b_dislocation_scale': 0.14900972164085075, 'gb_scale': 3.720086091670916, 'gd_bubble_scale': 9.659245686157751, 'gd_line_scale': 6.996657957695653, 'gd_line_alpha': 0.27609237418364135, 'coalescence_d_scale': 0.628202688678654, 'capture_scale': 7.319375223676025}. Best is trial 634 with value: 1.7635787150067697.
[I 2026-05-02 19:46:26,261] Trial 636 finished with value: 1.7547638575143232 and parameters: {'f_n': 1.5710836668543078e-06, 'K_d': 857248.2801409643, 'rho_d': 13536110775689.271, 'fission_rate': 5.894828748887081e+19, 'D2_xe_scale': 1.0380592372460613, 'Dg_D1_scale': 0.21741803589200873, 'Dg_D3_scale': 1.640267219613244, 'Dv_D1_scale': 0.32038959696097147, 'Dv_D2_scale': 3.971802003295999, 'b_bulk_scale': 0.15825328572225417, 'b_dislocation_scale': 0.11608357276915657, 'gb_scale': 4.027019512034898, 'gd_bubble_scale': 9.14174654903248, 'gd_line_scale': 7.639514026049695, 'gd_line_alpha': 0.27842503516374556, 'coalescence_d_scale': 0.6526271850772891, 'capture_scale': 7.993700265045653}. Best is trial 636 with value: 1.7547638575143232.
[I 2026-05-02 19:46:31,158] Trial 637 finished with value: 1.808581789248463 and parameters: {'f_n': 1.5748985089345482e-06, 'K_d': 898321.1091714259, 'rho_d': 13530419667926.068, 'fission_rate': 5.87444074714218e+19, 'D2_xe_scale': 1.0471004967384958, 'Dg_D1_scale': 0.22172829142289477, 'Dg_D3_scale': 1.5042861982341655, 'Dv_D1_scale': 0.312395260900393, 'Dv_D2_scale': 3.8358552606264205, 'b_bulk_scale': 0.18406049450790857, 'b_dislocation_scale': 0.13011954470408948, 'gb_scale': 4.079218328916701, 'gd_bubble_scale': 9.800966943565896, 'gd_line_scale': 6.652774899726823, 'gd_line_alpha': 0.29093279430010144, 'coalescence_d_scale': 0.6329368845791855, 'capture_scale': 7.851048475184101}. Best is trial 636 with value: 1.7547638575143232.
[I 2026-05-02 19:46:35,983] Trial 638 finished with value: 1.7764293420425734 and parameters: {'f_n': 1.7952352714999317e-06, 'K_d': 861928.5723252798, 'rho_d': 13633801800529.79, 'fission_rate': 5.898872144034883e+19, 'D2_xe_scale': 1.4732896117058263, 'Dg_D1_scale': 0.2117768770842735, 'Dg_D3_scale': 1.6197889530418708, 'Dv_D1_scale': 0.32221765377869205, 'Dv_D2_scale': 3.9273472130396736, 'b_bulk_scale': 0.15959334713342516, 'b_dislocation_scale': 0.12422595773415215, 'gb_scale': 3.844745016772967, 'gd_bubble_scale': 9.882770572934476, 'gd_line_scale': 7.243420295063219, 'gd_line_alpha': 0.26035718964128607, 'coalescence_d_scale': 0.6261906925230767, 'capture_scale': 7.231454475157134}. Best is trial 636 with value: 1.7547638575143232.
[I 2026-05-02 19:46:39,362] Trial 639 finished with value: 1.9060025423343914 and parameters: {'f_n': 1.6408709347476671e-06, 'K_d': 974212.625383786, 'rho_d': 13403184714950.574, 'fission_rate': 5.6113328893662626e+19, 'D2_xe_scale': 1.2888855502626753, 'Dg_D1_scale': 0.21005180520233713, 'Dg_D3_scale': 1.5932607236690837, 'Dv_D1_scale': 0.29511532031075904, 'Dv_D2_scale': 3.947324907818407, 'b_bulk_scale': 0.14830713577908727, 'b_dislocation_scale': 0.13448574810670524, 'gb_scale': 3.660154078014771, 'gd_bubble_scale': 9.0363866728924, 'gd_line_scale': 6.862869908420394, 'gd_line_alpha': 0.2793899023268078, 'coalescence_d_scale': 0.6346995416371909, 'capture_scale': 6.748892983953769}. Best is trial 636 with value: 1.7547638575143232.
[I 2026-05-02 19:46:44,272] Trial 640 finished with value: 3.8164346794421333 and parameters: {'f_n': 1.7341462588136653e-06, 'K_d': 865609.0207626417, 'rho_d': 14149112129041.809, 'fission_rate': 5.746095908266161e+19, 'D2_xe_scale': 1.1225480499953997, 'Dg_D1_scale': 0.2141757052485766, 'Dg_D3_scale': 1.6451445210760645, 'Dv_D1_scale': 0.311573999901487, 'Dv_D2_scale': 3.7969950634003706, 'b_bulk_scale': 0.171184912736705, 'b_dislocation_scale': 0.1540696578149924, 'gb_scale': 0.0830098510114258, 'gd_bubble_scale': 9.925104507838544, 'gd_line_scale': 6.839064099947588, 'gd_line_alpha': 0.2913240589925354, 'coalescence_d_scale': 0.6635714454019394, 'capture_scale': 7.410108848876153}. Best is trial 636 with value: 1.7547638575143232.Best trial: 636. Best value: 1.75476:  43%|████▎     | 640/1500 [53:55<1:02:39,  4.37s/it]Best trial: 636. Best value: 1.75476:  43%|████▎     | 640/1500 [53:55<1:02:39,  4.37s/it]Best trial: 636. Best value: 1.75476:  43%|████▎     | 641/1500 [53:55<1:04:55,  4.53s/it]                                                                                          Best trial: 636. Best value: 1.75476:  43%|████▎     | 641/1500 [54:00<1:04:55,  4.53s/it]Best trial: 636. Best value: 1.75476:  43%|████▎     | 641/1500 [54:00<1:04:55,  4.53s/it]Best trial: 636. Best value: 1.75476:  43%|████▎     | 642/1500 [54:00<1:05:56,  4.61s/it]                                                                                          Best trial: 636. Best value: 1.75476:  43%|████▎     | 642/1500 [54:05<1:05:56,  4.61s/it]Best trial: 636. Best value: 1.75476:  43%|████▎     | 642/1500 [54:05<1:05:56,  4.61s/it]Best trial: 636. Best value: 1.75476:  43%|████▎     | 643/1500 [54:05<1:06:37,  4.66s/it]                                                                                          Best trial: 636. Best value: 1.75476:  43%|████▎     | 643/1500 [54:10<1:06:37,  4.66s/it]Best trial: 636. Best value: 1.75476:  43%|████▎     | 643/1500 [54:10<1:06:37,  4.66s/it]Best trial: 636. Best value: 1.75476:  43%|████▎     | 644/1500 [54:10<1:07:07,  4.70s/it]                                                                                          Best trial: 636. Best value: 1.75476:  43%|████▎     | 644/1500 [54:14<1:07:07,  4.70s/it]Best trial: 636. Best value: 1.75476:  43%|████▎     | 644/1500 [54:14<1:07:07,  4.70s/it]Best trial: 636. Best value: 1.75476:  43%|████▎     | 645/1500 [54:14<1:03:09,  4.43s/it]                                                                                          Best trial: 636. Best value: 1.75476:  43%|████▎     | 645/1500 [54:18<1:03:09,  4.43s/it]Best trial: 636. Best value: 1.75476:  43%|████▎     | 645/1500 [54:18<1:03:09,  4.43s/it]Best trial: 636. Best value: 1.75476:  43%|████▎     | 646/1500 [54:18<1:04:36,  4.54s/it]                                                                                          Best trial: 636. Best value: 1.75476:  43%|████▎     | 646/1500 [54:21<1:04:36,  4.54s/it]Best trial: 636. Best value: 1.75476:  43%|████▎     | 646/1500 [54:22<1:04:36,  4.54s/it]Best trial: 636. Best value: 1.75476:  43%|████▎     | 647/1500 [54:22<58:27,  4.11s/it]                                                                                          Best trial: 636. Best value: 1.75476:  43%|████▎     | 647/1500 [54:26<58:27,  4.11s/it]Best trial: 636. Best value: 1.75476:  43%|████▎     | 647/1500 [54:26<58:27,  4.11s/it]Best trial: 636. Best value: 1.75476:  43%|████▎     | 648/1500 [54:26<1:01:02,  4.30s/it]                                                                                          Best trial: 636. Best value: 1.75476:  43%|████▎     | 648/1500 [54:31<1:01:02,  4.30s/it]Best trial: 636. Best value: 1.75476:  43%|████▎     | 648/1500 [54:31<1:01:02,  4.30s/it]Best trial: 636. Best value: 1.75476:  43%|████▎     | 649/1500 [54:31<1:03:02,  4.44s/it]                                                                                          Best trial: 636. Best value: 1.75476:  43%|████▎     | 649/1500 [54:36<1:03:02,  4.44s/it]Best trial: 636. Best value: 1.75476:  43%|████▎     | 649/1500 [54:36<1:03:02,  4.44s/it]Best trial: 636. Best value: 1.75476:  43%|████▎     | 650/1500 [54:36<1:04:22,  4.54s/it]                                                                                          Best trial: 636. Best value: 1.75476:  43%|████▎     | 650/1500 [54:40<1:04:22,  4.54s/it]Best trial: 636. Best value: 1.75476:  43%|████▎     | 650/1500 [54:40<1:04:22,  4.54s/it]Best trial: 636. Best value: 1.75476:  43%|████▎     | 651/1500 [54:40<1:04:48,  4.58s/it]                                                                                          
[I 2026-05-02 19:46:49,064] Trial 641 finished with value: 1.769864328674807 and parameters: {'f_n': 1.6060822442650562e-06, 'K_d': 927554.9050873106, 'rho_d': 13263596882391.36, 'fission_rate': 5.886347806495852e+19, 'D2_xe_scale': 1.6012237972938324, 'Dg_D1_scale': 0.2203099735134578, 'Dg_D3_scale': 1.6097378277639125, 'Dv_D1_scale': 0.3257529619364971, 'Dv_D2_scale': 3.751223098127885, 'b_bulk_scale': 0.1668649502661249, 'b_dislocation_scale': 0.11981624338341533, 'gb_scale': 3.8404744893349045, 'gd_bubble_scale': 9.985066207780035, 'gd_line_scale': 7.2121915932863265, 'gd_line_alpha': 0.2691366927923874, 'coalescence_d_scale': 0.6296298176776528, 'capture_scale': 7.800428506472004}. Best is trial 636 with value: 1.7547638575143232.
[I 2026-05-02 19:46:53,852] Trial 642 finished with value: 1.764876807555946 and parameters: {'f_n': 1.6368028121615175e-06, 'K_d': 973549.5844586717, 'rho_d': 13325536616419.74, 'fission_rate': 5.895238956155441e+19, 'D2_xe_scale': 1.4681419164904075, 'Dg_D1_scale': 0.22078263953744626, 'Dg_D3_scale': 1.7346212145629891, 'Dv_D1_scale': 0.32015570783884323, 'Dv_D2_scale': 3.99911376005423, 'b_bulk_scale': 0.1618208734165319, 'b_dislocation_scale': 0.12257024044036967, 'gb_scale': 3.8360238861018217, 'gd_bubble_scale': 9.97885654403837, 'gd_line_scale': 7.492529211134925, 'gd_line_alpha': 0.27942094806326595, 'coalescence_d_scale': 0.7268542369972144, 'capture_scale': 7.589849276492198}. Best is trial 636 with value: 1.7547638575143232.
