[I 2026-05-02 19:08:01,319] Trial 185 finished with value: 1.9389737463019359 and parameters: {'f_n': 1.262066335154608e-06, 'K_d': 559278.626320175, 'rho_d': 8599006983319.564, 'fission_rate': 4.2503753416229626e+19, 'D2_xe_scale': 49.139795169499706, 'Dg_D1_scale': 0.5987416958563863, 'Dg_D3_scale': 3.973717812459809, 'Dv_D1_scale': 0.3763057522053063, 'Dv_D2_scale': 1.771080680482198, 'b_bulk_scale': 0.09249904034980014, 'b_dislocation_scale': 0.05683592752875669, 'gb_scale': 1.913484190569482, 'gd_bubble_scale': 7.497420561893996, 'gd_line_scale': 2.7121208466853255, 'gd_line_alpha': 0.2702779713384178, 'coalescence_d_scale': 0.31982987060042045, 'capture_scale': 6.010372588219117}. Best is trial 116 with value: 1.868175213579544.
[I 2026-05-02 19:08:07,711] Trial 186 finished with value: 2.042676297387631 and parameters: {'f_n': 1.363070773002968e-06, 'K_d': 543146.2805006072, 'rho_d': 8603105529615.7, 'fission_rate': 4.351090744075185e+19, 'D2_xe_scale': 34.08131221857222, 'Dg_D1_scale': 0.692120352225653, 'Dg_D3_scale': 0.8361526863447457, 'Dv_D1_scale': 0.390663877524705, 'Dv_D2_scale': 1.667286351429352, 'b_bulk_scale': 0.0929541488466594, 'b_dislocation_scale': 0.05811113935120613, 'gb_scale': 2.508491067641532, 'gd_bubble_scale': 7.213129714051796, 'gd_line_scale': 3.665447658758073, 'gd_line_alpha': 0.2540993342318828, 'coalescence_d_scale': 0.3359095379624463, 'capture_scale': 5.99271930871066}. Best is trial 116 with value: 1.868175213579544.
[I 2026-05-02 19:08:14,486] Trial 187 finished with value: 1.946829455889936 and parameters: {'f_n': 1.9341892377166706e-06, 'K_d': 645868.9006580847, 'rho_d': 10747485268345.295, 'fission_rate': 4.0964145025386865e+19, 'D2_xe_scale': 45.781969075033786, 'Dg_D1_scale': 0.5774342271891891, 'Dg_D3_scale': 3.709875246044846, 'Dv_D1_scale': 0.33112649199064376, 'Dv_D2_scale': 1.552750099911653, 'b_bulk_scale': 0.098537392400224, 'b_dislocation_scale': 0.07956691246334216, 'gb_scale': 1.9528843785681713, 'gd_bubble_scale': 7.574438001666426, 'gd_line_scale': 2.75800700999851, 'gd_line_alpha': 0.26838556881858966, 'coalescence_d_scale': 0.3140499105423529, 'capture_scale': 6.167231588725614}. Best is trial 116 with value: 1.868175213579544.
[I 2026-05-02 19:08:19,668] Trial 188 finished with value: 1.914086559291962 and parameters: {'f_n': 1.150170678264557e-06, 'K_d': 639053.2799252112, 'rho_d': 10787918314685.717, 'fission_rate': 4.081865756411338e+19, 'D2_xe_scale': 42.45236752096663, 'Dg_D1_scale': 0.6177835991142783, 'Dg_D3_scale': 3.7619135420111047, 'Dv_D1_scale': 0.3249767667348957, 'Dv_D2_scale': 1.4830352143828744, 'b_bulk_scale': 0.1040475917954107, 'b_dislocation_scale': 0.08028752476482975, 'gb_scale': 2.0078204697059365, 'gd_bubble_scale': 8.133225035761356, 'gd_line_scale': 2.6303830240344612, 'gd_line_alpha': 0.2691943598439891, 'coalescence_d_scale': 0.3662414317268402, 'capture_scale': 5.532148926746472}. Best is trial 116 with value: 1.868175213579544.
[I 2026-05-02 19:08:26,471] Trial 189 finished with value: 2.310711046053744 and parameters: {'f_n': 1.2148620905972113e-06, 'K_d': 644027.8191060013, 'rho_d': 11095823420223.803, 'fission_rate': 4.073581518607755e+19, 'D2_xe_scale': 47.01479321634031, 'Dg_D1_scale': 0.5861206378699075, 'Dg_D3_scale': 3.7213612102267235, 'Dv_D1_scale': 0.3135217253780488, 'Dv_D2_scale': 1.5071090282372994, 'b_bulk_scale': 0.09965189073232689, 'b_dislocation_scale': 0.07816059252934954, 'gb_scale': 2.019817749707237, 'gd_bubble_scale': 8.023566807871145, 'gd_line_scale': 6.471835355202725, 'gd_line_alpha': 0.27355480608534544, 'coalescence_d_scale': 0.30970155676334366, 'capture_scale': 5.587697626048844}. Best is trial 116 with value: 1.868175213579544.Best trial: 116. Best value: 1.86818:  13%|█▎        | 189/1500 [15:38<2:11:16,  6.01s/it]Best trial: 116. Best value: 1.86818:  13%|█▎        | 189/1500 [15:38<2:11:16,  6.01s/it]Best trial: 116. Best value: 1.86818:  13%|█▎        | 190/1500 [15:38<2:16:26,  6.25s/it]                                                                                          Best trial: 116. Best value: 1.86818:  13%|█▎        | 190/1500 [15:44<2:16:26,  6.25s/it]Best trial: 116. Best value: 1.86818:  13%|█▎        | 190/1500 [15:44<2:16:26,  6.25s/it]Best trial: 116. Best value: 1.86818:  13%|█▎        | 191/1500 [15:44<2:17:56,  6.32s/it]                                                                                          Best trial: 116. Best value: 1.86818:  13%|█▎        | 191/1500 [15:51<2:17:56,  6.32s/it]Best trial: 116. Best value: 1.86818:  13%|█▎        | 191/1500 [15:51<2:17:56,  6.32s/it]Best trial: 116. Best value: 1.86818:  13%|█▎        | 192/1500 [15:51<2:20:11,  6.43s/it]                                                                                          Best trial: 116. Best value: 1.86818:  13%|█▎        | 192/1500 [15:58<2:20:11,  6.43s/it]Best trial: 116. Best value: 1.86818:  13%|█▎        | 192/1500 [15:58<2:20:11,  6.43s/it]Best trial: 116. Best value: 1.86818:  13%|█▎        | 193/1500 [15:58<2:23:00,  6.57s/it]                                                                                          Best trial: 116. Best value: 1.86818:  13%|█▎        | 193/1500 [16:03<2:23:00,  6.57s/it]Best trial: 116. Best value: 1.86818:  13%|█▎        | 193/1500 [16:03<2:23:00,  6.57s/it]Best trial: 116. Best value: 1.86818:  13%|█▎        | 194/1500 [16:03<2:13:18,  6.12s/it]                                                                                          Best trial: 116. Best value: 1.86818:  13%|█▎        | 194/1500 [16:10<2:13:18,  6.12s/it]Best trial: 116. Best value: 1.86818:  13%|█▎        | 194/1500 [16:10<2:13:18,  6.12s/it]Best trial: 116. Best value: 1.86818:  13%|█▎        | 195/1500 [16:10<2:18:50,  6.38s/it]                                                                                          Best trial: 116. Best value: 1.86818:  13%|█▎        | 195/1500 [16:16<2:18:50,  6.38s/it]Best trial: 116. Best value: 1.86818:  13%|█▎        | 195/1500 [16:16<2:18:50,  6.38s/it]Best trial: 116. Best value: 1.86818:  13%|█▎        | 196/1500 [16:16<2:17:33,  6.33s/it]                                                                                          Best trial: 116. Best value: 1.86818:  13%|█▎        | 196/1500 [16:22<2:17:33,  6.33s/it]Best trial: 116. Best value: 1.86818:  13%|█▎        | 196/1500 [16:22<2:17:33,  6.33s/it]Best trial: 116. Best value: 1.86818:  13%|█▎        | 197/1500 [16:22<2:16:26,  6.28s/it]                                                                                          Best trial: 116. Best value: 1.86818:  13%|█▎        | 197/1500 [16:29<2:16:26,  6.28s/it]Best trial: 116. Best value: 1.86818:  13%|█▎        | 197/1500 [16:29<2:16:26,  6.28s/it]Best trial: 116. Best value: 1.86818:  13%|█▎        | 198/1500 [16:29<2:19:33,  6.43s/it]                                                                                          Best trial: 116. Best value: 1.86818:  13%|█▎        | 198/1500 [16:34<2:19:33,  6.43s/it]Best trial: 116. Best value: 1.86818:  13%|█▎        | 198/1500 [16:34<2:19:33,  6.43s/it]Best trial: 116. Best value: 1.86818:  13%|█▎        | 199/1500 [16:34<2:11:02,  6.04s/it]                                                                                          Best trial: 116. Best value: 1.86818:  13%|█▎        | 199/1500 [16:41<2:11:02,  6.04s/it]Best trial: 116. Best value: 1.86818:  13%|█▎        | 199/1500 [16:41<2:11:02,  6.04s/it]Best trial: 116. Best value: 1.86818:  13%|█▎        | 200/1500 [16:41<2:15:08,  6.24s/it]                                                                                          
[I 2026-05-02 19:08:32,976] Trial 190 finished with value: 1.90389777675923 and parameters: {'f_n': 1.0602038246736634e-06, 'K_d': 476026.1063326427, 'rho_d': 10703558157373.213, 'fission_rate': 4.230237930251895e+19, 'D2_xe_scale': 25.58965755548395, 'Dg_D1_scale': 0.6140001691526669, 'Dg_D3_scale': 3.986165374892122, 'Dv_D1_scale': 0.32958273637310054, 'Dv_D2_scale': 1.9710533457591495, 'b_bulk_scale': 0.11968148974542663, 'b_dislocation_scale': 0.11513312496845436, 'gb_scale': 2.373605364592224, 'gd_bubble_scale': 7.107053615190258, 'gd_line_scale': 4.647377477751853, 'gd_line_alpha': 0.30595040628751663, 'coalescence_d_scale': 0.5023658575046475, 'capture_scale': 5.677486950935138}. Best is trial 116 with value: 1.868175213579544.
[I 2026-05-02 19:08:39,600] Trial 191 finished with value: 2.169196748606339 and parameters: {'f_n': 1.0554767847059464e-06, 'K_d': 570166.6319825526, 'rho_d': 10637907838966.35, 'fission_rate': 4.224861853444027e+19, 'D2_xe_scale': 42.41965776293227, 'Dg_D1_scale': 0.6090627102277084, 'Dg_D3_scale': 3.9884668880945062, 'Dv_D1_scale': 0.3405470643240289, 'Dv_D2_scale': 1.9662159269131543, 'b_bulk_scale': 0.13431139909275122, 'b_dislocation_scale': 0.12594116162908245, 'gb_scale': 2.2855556976804876, 'gd_bubble_scale': 7.202801010461319, 'gd_line_scale': 2.775335832247416, 'gd_line_alpha': 0.3065463547693219, 'coalescence_d_scale': 0.31902601635006206, 'capture_scale': 5.589326553773857}. Best is trial 116 with value: 1.868175213579544.
[I 2026-05-02 19:08:46,529] Trial 192 finished with value: 1.9397634377717743 and parameters: {'f_n': 1.274840748877095e-06, 'K_d': 463827.7738032118, 'rho_d': 11880279900872.422, 'fission_rate': 4.206761641651338e+19, 'D2_xe_scale': 49.703810791424516, 'Dg_D1_scale': 0.5362925075382067, 'Dg_D3_scale': 3.7553121947877237, 'Dv_D1_scale': 0.33171101004514275, 'Dv_D2_scale': 1.8641040863258296, 'b_bulk_scale': 0.11714506326555787, 'b_dislocation_scale': 0.09441817630932615, 'gb_scale': 1.879781562873739, 'gd_bubble_scale': 8.18703056304818, 'gd_line_scale': 4.26400557907327, 'gd_line_alpha': 0.2905775745579018, 'coalescence_d_scale': 0.5113864173144872, 'capture_scale': 5.890438769653054}. Best is trial 116 with value: 1.868175213579544.
[I 2026-05-02 19:08:51,635] Trial 193 finished with value: 2.0092250750656415 and parameters: {'f_n': 1.8625639000887797e-06, 'K_d': 487608.9281259997, 'rho_d': 11951504881229.688, 'fission_rate': 4.2144900640392135e+19, 'D2_xe_scale': 41.67685527165331, 'Dg_D1_scale': 0.6584363896060103, 'Dg_D3_scale': 3.730122192545746, 'Dv_D1_scale': 0.3173715121795129, 'Dv_D2_scale': 1.8430611156053358, 'b_bulk_scale': 0.11883951525450062, 'b_dislocation_scale': 0.11527055624456986, 'gb_scale': 2.619801580794756, 'gd_bubble_scale': 6.90570370281115, 'gd_line_scale': 4.205473823876651, 'gd_line_alpha': 0.2857068617231612, 'coalescence_d_scale': 0.417620106502957, 'capture_scale': 5.99692551022344}. Best is trial 116 with value: 1.868175213579544.
[I 2026-05-02 19:08:58,620] Trial 194 finished with value: 2.075465861699971 and parameters: {'f_n': 1.3238197773922516e-06, 'K_d': 477713.11660492537, 'rho_d': 10675248293419.922, 'fission_rate': 4.008027402082029e+19, 'D2_xe_scale': 49.87856154283065, 'Dg_D1_scale': 0.8559708671501709, 'Dg_D3_scale': 3.608666243588717, 'Dv_D1_scale': 0.3315763953992589, 'Dv_D2_scale': 1.6821505928633715, 'b_bulk_scale': 0.08704395608945854, 'b_dislocation_scale': 0.09498372371020818, 'gb_scale': 1.912251572988571, 'gd_bubble_scale': 7.9935688457502865, 'gd_line_scale': 2.5391657651432387, 'gd_line_alpha': 0.31768536687153276, 'coalescence_d_scale': 0.5211449565533545, 'capture_scale': 5.3596981039498806}. Best is trial 116 with value: 1.868175213579544.
[I 2026-05-02 19:09:04,822] Trial 195 finished with value: 1.9347084501378777 and parameters: {'f_n': 9.6506102738017e-07, 'K_d': 428165.2082135237, 'rho_d': 10233489656386.297, 'fission_rate': 4.4578295226456875e+19, 'D2_xe_scale': 36.05674562170881, 'Dg_D1_scale': 0.6077912391624146, 'Dg_D3_scale': 3.208427909720515, 'Dv_D1_scale': 0.30704708125863384, 'Dv_D2_scale': 1.8724956227860943, 'b_bulk_scale': 0.09471924619939225, 'b_dislocation_scale': 0.08961073700222966, 'gb_scale': 2.328390338619784, 'gd_bubble_scale': 6.527764206937797, 'gd_line_scale': 4.5229227510045, 'gd_line_alpha': 0.26883147559914816, 'coalescence_d_scale': 0.5738510467440111, 'capture_scale': 6.165335705405436}. Best is trial 116 with value: 1.868175213579544.
[I 2026-05-02 19:09:10,997] Trial 196 finished with value: 1.961524946493957 and parameters: {'f_n': 1.0153618080748523e-06, 'K_d': 421310.59497223794, 'rho_d': 10273919103366.018, 'fission_rate': 4.4860781797571535e+19, 'D2_xe_scale': 37.4230302286913, 'Dg_D1_scale': 0.7123601469415083, 'Dg_D3_scale': 3.224286231965345, 'Dv_D1_scale': 0.3024215701449452, 'Dv_D2_scale': 1.9697758626803954, 'b_bulk_scale': 0.12207843357974707, 'b_dislocation_scale': 0.10148372338486532, 'gb_scale': 2.376750969661341, 'gd_bubble_scale': 2.123223895448103, 'gd_line_scale': 5.43292809164829, 'gd_line_alpha': 0.2409080141321944, 'coalescence_d_scale': 0.47640122205315816, 'capture_scale': 6.26621719380507}. Best is trial 116 with value: 1.868175213579544.
[I 2026-05-02 19:09:17,777] Trial 197 finished with value: 1.918060775076231 and parameters: {'f_n': 9.29483903991821e-07, 'K_d': 443749.0679440296, 'rho_d': 11978032612844.834, 'fission_rate': 4.08294469831764e+19, 'D2_xe_scale': 40.6919185413862, 'Dg_D1_scale': 0.5396846891179262, 'Dg_D3_scale': 3.9864716798678703, 'Dv_D1_scale': 0.32493786867167784, 'Dv_D2_scale': 1.4488127227146066, 'b_bulk_scale': 0.16025031228035033, 'b_dislocation_scale': 0.09352126161801592, 'gb_scale': 2.024410505293645, 'gd_bubble_scale': 6.563865065352566, 'gd_line_scale': 3.0897184651210945, 'gd_line_alpha': 0.26973781492448734, 'coalescence_d_scale': 0.36975432633764266, 'capture_scale': 5.124475507933327}. Best is trial 116 with value: 1.868175213579544.
[I 2026-05-02 19:09:22,915] Trial 198 finished with value: 1.9407005777605448 and parameters: {'f_n': 1.043389911108376e-06, 'K_d': 395034.5475255006, 'rho_d': 11644052643094.414, 'fission_rate': 4.08117848320754e+19, 'D2_xe_scale': 42.59154865564894, 'Dg_D1_scale': 0.5513844826257256, 'Dg_D3_scale': 3.133635482629925, 'Dv_D1_scale': 0.30412765773721545, 'Dv_D2_scale': 1.4008679968094526, 'b_bulk_scale': 0.13526751402948473, 'b_dislocation_scale': 0.0890691634683708, 'gb_scale': 2.7265244229507504, 'gd_bubble_scale': 6.526607961259807, 'gd_line_scale': 4.668616080351603, 'gd_line_alpha': 0.3012825822783705, 'coalescence_d_scale': 0.49266258694348425, 'capture_scale': 5.201971455221091}. Best is trial 116 with value: 1.868175213579544.
[I 2026-05-02 19:09:29,603] Trial 199 finished with value: 1.9495354212856943 and parameters: {'f_n': 8.968036597728812e-07, 'K_d': 385436.9772993551, 'rho_d': 11411980494159.883, 'fission_rate': 4.138839760964957e+19, 'D2_xe_scale': 40.88368037342342, 'Dg_D1_scale': 0.5418214041031593, 'Dg_D3_scale': 3.1758020327329834, 'Dv_D1_scale': 0.3279813958033953, 'Dv_D2_scale': 1.4430058851339949, 'b_bulk_scale': 0.11451883743067093, 'b_dislocation_scale': 0.09083484121613054, 'gb_scale': 2.641202326785643, 'gd_bubble_scale': 6.783848776095763, 'gd_line_scale': 4.897707678641267, 'gd_line_alpha': 0.35203294106818206, 'coalescence_d_scale': 0.46315576460301133, 'capture_scale': 5.144781626634439}. Best is trial 116 with value: 1.868175213579544.
[I 2026-05-02 19:09:36,346] Trial 200 finished with value: 2.0361498704965535 and parameters: {'f_n': 9.199454888312824e-07, 'K_d': 440437.2170424296, 'rho_d': 10815747713217.908, 'fission_rate': 4.080999994653152e+19, 'D2_xe_scale': 48.73032223777611, 'Dg_D1_scale': 0.6196313643163013, 'Dg_D3_scale': 3.5184450878389866, 'Dv_D1_scale': 0.3033671402842278, 'Dv_D2_scale': 1.3176809853257134, 'b_bulk_scale': 0.15719126565537225, 'b_dislocation_scale': 0.10413612193862415, 'gb_scale': 2.172645212333786, 'gd_bubble_scale': 5.954331082985063, 'gd_line_scale': 3.0623701715222302, 'gd_line_alpha': 0.30786464451431017, 'coalescence_d_scale': 0.587400431637068, 'capture_scale': 5.17545304396611}. Best is trial 116 with value: 1.868175213579544.Best trial: 116. Best value: 1.86818:  13%|█▎        | 200/1500 [16:47<2:15:08,  6.24s/it]Best trial: 116. Best value: 1.86818:  13%|█▎        | 200/1500 [16:47<2:15:08,  6.24s/it]Best trial: 116. Best value: 1.86818:  13%|█▎        | 201/1500 [16:47<2:18:18,  6.39s/it]                                                                                          Best trial: 116. Best value: 1.86818:  13%|█▎        | 201/1500 [16:54<2:18:18,  6.39s/it]Best trial: 116. Best value: 1.86818:  13%|█▎        | 201/1500 [16:54<2:18:18,  6.39s/it]Best trial: 116. Best value: 1.86818:  13%|█▎        | 202/1500 [16:54<2:20:36,  6.50s/it]                                                                                          Best trial: 116. Best value: 1.86818:  13%|█▎        | 202/1500 [17:01<2:20:36,  6.50s/it]Best trial: 116. Best value: 1.86818:  13%|█▎        | 202/1500 [17:01<2:20:36,  6.50s/it]Best trial: 116. Best value: 1.86818:  14%|█▎        | 203/1500 [17:01<2:21:59,  6.57s/it]                                                                                          Best trial: 116. Best value: 1.86818:  14%|█▎        | 203/1500 [17:06<2:21:59,  6.57s/it]Best trial: 116. Best value: 1.86818:  14%|█▎        | 203/1500 [17:06<2:21:59,  6.57s/it]Best trial: 116. Best value: 1.86818:  14%|█▎        | 204/1500 [17:06<2:13:34,  6.18s/it]                                                                                          Best trial: 116. Best value: 1.86818:  14%|█▎        | 204/1500 [17:13<2:13:34,  6.18s/it]Best trial: 116. Best value: 1.86818:  14%|█▎        | 204/1500 [17:13<2:13:34,  6.18s/it]Best trial: 116. Best value: 1.86818:  14%|█▎        | 205/1500 [17:13<2:15:42,  6.29s/it]                                                                                          Best trial: 116. Best value: 1.86818:  14%|█▎        | 205/1500 [17:19<2:15:42,  6.29s/it]Best trial: 116. Best value: 1.86818:  14%|█▎        | 205/1500 [17:19<2:15:42,  6.29s/it]Best trial: 116. Best value: 1.86818:  14%|█▎        | 206/1500 [17:19<2:15:35,  6.29s/it]                                                                                          Best trial: 116. Best value: 1.86818:  14%|█▎        | 206/1500 [17:26<2:15:35,  6.29s/it]Best trial: 116. Best value: 1.86818:  14%|█▎        | 206/1500 [17:26<2:15:35,  6.29s/it]Best trial: 116. Best value: 1.86818:  14%|█▍        | 207/1500 [17:26<2:16:54,  6.35s/it]                                                                                          Best trial: 116. Best value: 1.86818:  14%|█▍        | 207/1500 [17:32<2:16:54,  6.35s/it]Best trial: 116. Best value: 1.86818:  14%|█▍        | 207/1500 [17:32<2:16:54,  6.35s/it]Best trial: 116. Best value: 1.86818:  14%|█▍        | 208/1500 [17:32<2:18:03,  6.41s/it]                                                                                          Best trial: 116. Best value: 1.86818:  14%|█▍        | 208/1500 [17:37<2:18:03,  6.41s/it]Best trial: 116. Best value: 1.86818:  14%|█▍        | 208/1500 [17:37<2:18:03,  6.41s/it]Best trial: 116. Best value: 1.86818:  14%|█▍        | 209/1500 [17:37<2:08:22,  5.97s/it]                                                                                          Best trial: 116. Best value: 1.86818:  14%|█▍        | 209/1500 [17:44<2:08:22,  5.97s/it]Best trial: 116. Best value: 1.86818:  14%|█▍        | 209/1500 [17:44<2:08:22,  5.97s/it]Best trial: 116. Best value: 1.86818:  14%|█▍        | 210/1500 [17:44<2:12:08,  6.15s/it]                                                                                          Best trial: 116. Best value: 1.86818:  14%|█▍        | 210/1500 [17:50<2:12:08,  6.15s/it]Best trial: 116. Best value: 1.86818:  14%|█▍        | 210/1500 [17:50<2:12:08,  6.15s/it]Best trial: 116. Best value: 1.86818:  14%|█▍        | 211/1500 [17:50<2:14:12,  6.25s/it]                                                                                          
[I 2026-05-02 19:09:43,105] Trial 201 finished with value: 1.9363736788826587 and parameters: {'f_n': 8.555470898873656e-07, 'K_d': 416553.79147529486, 'rho_d': 11230697494336.97, 'fission_rate': 4.084021011818543e+19, 'D2_xe_scale': 39.78955919314966, 'Dg_D1_scale': 0.543911073963102, 'Dg_D3_scale': 3.099034697027203, 'Dv_D1_scale': 0.2885762814496954, 'Dv_D2_scale': 1.3714239917446704, 'b_bulk_scale': 0.14029193190374512, 'b_dislocation_scale': 0.08862256090114431, 'gb_scale': 3.4214735514481, 'gd_bubble_scale': 7.075359917785112, 'gd_line_scale': 4.701262551453537, 'gd_line_alpha': 0.35060603697461656, 'coalescence_d_scale': 0.48566404612401126, 'capture_scale': 5.223540130025191}. Best is trial 116 with value: 1.868175213579544.
[I 2026-05-02 19:09:49,834] Trial 202 finished with value: 2.054839826975182 and parameters: {'f_n': 7.892928174193356e-07, 'K_d': 382504.9760534886, 'rho_d': 11660347105332.074, 'fission_rate': 4.0918264302865015e+19, 'D2_xe_scale': 36.71923066725827, 'Dg_D1_scale': 0.5326579396147606, 'Dg_D3_scale': 2.955433720444153, 'Dv_D1_scale': 0.28257601325369464, 'Dv_D2_scale': 1.3651403447123507, 'b_bulk_scale': 0.16731159920691124, 'b_dislocation_scale': 0.1157918418547905, 'gb_scale': 3.183248796986657, 'gd_bubble_scale': 6.234651081926491, 'gd_line_scale': 3.939580562964721, 'gd_line_alpha': 0.32089630993075113, 'coalescence_d_scale': 0.630847474166404, 'capture_scale': 5.6302222504050965}. Best is trial 116 with value: 1.868175213579544.
