[I 2026-05-02 19:54:09,610] Trial 735 finished with value: 1.7866094175034075 and parameters: {'f_n': 1.2720466072269913e-06, 'K_d': 1025256.259536368, 'rho_d': 13234234574496.197, 'fission_rate': 5.810498515638349e+19, 'D2_xe_scale': 2.151555348083847, 'Dg_D1_scale': 0.19919679216937144, 'Dg_D3_scale': 1.7465485091898079, 'Dv_D1_scale': 0.23357215775197898, 'Dv_D2_scale': 3.5875458245653467, 'b_bulk_scale': 0.1540458677357275, 'b_dislocation_scale': 0.10939951613948866, 'gb_scale': 3.0361686940016708, 'gd_bubble_scale': 8.855720470777474, 'gd_line_scale': 6.569030997998002, 'gd_line_alpha': 0.3293701689472749, 'coalescence_d_scale': 0.5402078504227908, 'capture_scale': 6.883502047149534}. Best is trial 678 with value: 1.749291878123438.
[I 2026-05-02 19:54:13,522] Trial 736 finished with value: 3.216250493385899 and parameters: {'f_n': 1.1031567760364281e-06, 'K_d': 1102470.6453494555, 'rho_d': 13040261042148.734, 'fission_rate': 5.633952632344753e+19, 'D2_xe_scale': 2.813581529205009, 'Dg_D1_scale': 0.19843669905962263, 'Dg_D3_scale': 1.918775559101259, 'Dv_D1_scale': 0.23146631479944055, 'Dv_D2_scale': 0.6751668294456075, 'b_bulk_scale': 0.14320920531516046, 'b_dislocation_scale': 0.3576385595895205, 'gb_scale': 3.44646606762652, 'gd_bubble_scale': 7.901925248025817, 'gd_line_scale': 8.145698950911857, 'gd_line_alpha': 0.28840545014419894, 'coalescence_d_scale': 0.5542284680791739, 'capture_scale': 5.908503574205943}. Best is trial 678 with value: 1.749291878123438.
[I 2026-05-02 19:54:18,430] Trial 737 finished with value: 1.7730123306548675 and parameters: {'f_n': 1.6263437997826616e-06, 'K_d': 1023353.3843026017, 'rho_d': 12180005655531.096, 'fission_rate': 5.8159775434424795e+19, 'D2_xe_scale': 2.2009730265070333, 'Dg_D1_scale': 0.18241784746011952, 'Dg_D3_scale': 1.6329720278971844, 'Dv_D1_scale': 0.22273401336850393, 'Dv_D2_scale': 3.3747507063489506, 'b_bulk_scale': 0.18302087734804326, 'b_dislocation_scale': 0.10065864510342411, 'gb_scale': 3.6420411904905614, 'gd_bubble_scale': 8.987495130505392, 'gd_line_scale': 7.001851552321842, 'gd_line_alpha': 0.2673884308646554, 'coalescence_d_scale': 0.47613157810058176, 'capture_scale': 7.996521789472122}. Best is trial 678 with value: 1.749291878123438.
[I 2026-05-02 19:54:21,587] Trial 738 finished with value: 1.9179303983569178 and parameters: {'f_n': 1.5415873994465718e-06, 'K_d': 1015354.7337495801, 'rho_d': 13498202641146.656, 'fission_rate': 5.8631337455163466e+19, 'D2_xe_scale': 2.019768120992243, 'Dg_D1_scale': 1.3815429275078261, 'Dg_D3_scale': 1.5835587107085733, 'Dv_D1_scale': 0.23330220595145584, 'Dv_D2_scale': 3.3657693833398534, 'b_bulk_scale': 0.21635717998015389, 'b_dislocation_scale': 0.14853683366223552, 'gb_scale': 3.648446937675819, 'gd_bubble_scale': 8.998486282974598, 'gd_line_scale': 5.852442842128451, 'gd_line_alpha': 0.2590771171835825, 'coalescence_d_scale': 0.5602125811009433, 'capture_scale': 7.982661266955989}. Best is trial 678 with value: 1.749291878123438.
[I 2026-05-02 19:54:26,437] Trial 739 finished with value: 1.8304579246753414 and parameters: {'f_n': 1.598986008017734e-06, 'K_d': 1037673.396596849, 'rho_d': 12790634720512.484, 'fission_rate': 5.7902039337806184e+19, 'D2_xe_scale': 1.81417284792765, 'Dg_D1_scale': 0.17732943953382393, 'Dg_D3_scale': 1.6559631963905534, 'Dv_D1_scale': 0.23151671805511537, 'Dv_D2_scale': 3.469425987422302, 'b_bulk_scale': 0.23511481807863027, 'b_dislocation_scale': 0.1286002075033475, 'gb_scale': 4.086779306578967, 'gd_bubble_scale': 8.817925004968718, 'gd_line_scale': 6.6304647896138285, 'gd_line_alpha': 0.2626803036109012, 'coalescence_d_scale': 0.4820866234848578, 'capture_scale': 6.4316595991906205}. Best is trial 678 with value: 1.749291878123438.Best trial: 678. Best value: 1.74929:  49%|████▉     | 739/1500 [1:01:38<53:43,  4.24s/it]Best trial: 678. Best value: 1.74929:  49%|████▉     | 739/1500 [1:01:38<53:43,  4.24s/it]Best trial: 678. Best value: 1.74929:  49%|████▉     | 740/1500 [1:01:38<55:59,  4.42s/it]                                                                                          Best trial: 678. Best value: 1.74929:  49%|████▉     | 740/1500 [1:01:42<55:59,  4.42s/it]Best trial: 678. Best value: 1.74929:  49%|████▉     | 740/1500 [1:01:42<55:59,  4.42s/it]Best trial: 678. Best value: 1.74929:  49%|████▉     | 741/1500 [1:01:42<57:31,  4.55s/it]                                                                                          Best trial: 678. Best value: 1.74929:  49%|████▉     | 741/1500 [1:01:47<57:31,  4.55s/it]Best trial: 678. Best value: 1.74929:  49%|████▉     | 741/1500 [1:01:47<57:31,  4.55s/it]Best trial: 678. Best value: 1.74929:  49%|████▉     | 742/1500 [1:01:47<58:57,  4.67s/it]                                                                                          Best trial: 678. Best value: 1.74929:  49%|████▉     | 742/1500 [1:01:52<58:57,  4.67s/it]Best trial: 678. Best value: 1.74929:  49%|████▉     | 742/1500 [1:01:52<58:57,  4.67s/it]Best trial: 678. Best value: 1.74929:  50%|████▉     | 743/1500 [1:01:52<59:39,  4.73s/it]                                                                                          Best trial: 678. Best value: 1.74929:  50%|████▉     | 743/1500 [1:01:56<59:39,  4.73s/it]Best trial: 678. Best value: 1.74929:  50%|████▉     | 743/1500 [1:01:56<59:39,  4.73s/it]Best trial: 678. Best value: 1.74929:  50%|████▉     | 744/1500 [1:01:56<57:21,  4.55s/it]                                                                                          Best trial: 678. Best value: 1.74929:  50%|████▉     | 744/1500 [1:02:01<57:21,  4.55s/it]Best trial: 678. Best value: 1.74929:  50%|████▉     | 744/1500 [1:02:01<57:21,  4.55s/it]Best trial: 678. Best value: 1.74929:  50%|████▉     | 745/1500 [1:02:01<58:23,  4.64s/it]                                                                                          Best trial: 678. Best value: 1.74929:  50%|████▉     | 745/1500 [1:02:04<58:23,  4.64s/it]Best trial: 678. Best value: 1.74929:  50%|████▉     | 745/1500 [1:02:04<58:23,  4.64s/it]Best trial: 678. Best value: 1.74929:  50%|████▉     | 746/1500 [1:02:04<52:51,  4.21s/it]                                                                                          Best trial: 678. Best value: 1.74929:  50%|████▉     | 746/1500 [1:02:08<52:51,  4.21s/it]Best trial: 678. Best value: 1.74929:  50%|████▉     | 746/1500 [1:02:08<52:51,  4.21s/it]Best trial: 678. Best value: 1.74929:  50%|████▉     | 747/1500 [1:02:08<51:36,  4.11s/it]                                                                                          Best trial: 678. Best value: 1.74929:  50%|████▉     | 747/1500 [1:02:12<51:36,  4.11s/it]Best trial: 678. Best value: 1.74929:  50%|████▉     | 747/1500 [1:02:12<51:36,  4.11s/it]Best trial: 678. Best value: 1.74929:  50%|████▉     | 748/1500 [1:02:12<51:32,  4.11s/it]                                                                                          Best trial: 678. Best value: 1.74929:  50%|████▉     | 748/1500 [1:02:17<51:32,  4.11s/it]Best trial: 678. Best value: 1.74929:  50%|████▉     | 748/1500 [1:02:17<51:32,  4.11s/it]Best trial: 678. Best value: 1.74929:  50%|████▉     | 749/1500 [1:02:17<54:10,  4.33s/it]                                                                                          Best trial: 678. Best value: 1.74929:  50%|████▉     | 749/1500 [1:02:22<54:10,  4.33s/it]Best trial: 678. Best value: 1.74929:  50%|████▉     | 749/1500 [1:02:22<54:10,  4.33s/it]Best trial: 678. Best value: 1.74929:  50%|█████     | 750/1500 [1:02:22<56:26,  4.52s/it]                                                                                          
[I 2026-05-02 19:54:31,279] Trial 740 finished with value: 3.8229396047781896 and parameters: {'f_n': 1.213165054981038e-09, 'K_d': 984561.3626706307, 'rho_d': 13547873325996.754, 'fission_rate': 5.8758641224837415e+19, 'D2_xe_scale': 2.2850605957292056, 'Dg_D1_scale': 0.1817289186103817, 'Dg_D3_scale': 1.496745148784484, 'Dv_D1_scale': 0.2008442340489624, 'Dv_D2_scale': 3.318533019304002, 'b_bulk_scale': 0.19411691916297694, 'b_dislocation_scale': 0.10041826749891207, 'gb_scale': 3.6187626053297257, 'gd_bubble_scale': 9.082216039108411, 'gd_line_scale': 5.8268445088311855, 'gd_line_alpha': 0.27733983144197344, 'coalescence_d_scale': 0.4660518357582802, 'capture_scale': 7.913447287156231}. Best is trial 678 with value: 1.749291878123438.
[I 2026-05-02 19:54:36,219] Trial 741 finished with value: 4.084611558889203 and parameters: {'f_n': 2.09076879786123e-06, 'K_d': 1051914.060663318, 'rho_d': 13792485543514.803, 'fission_rate': 5.7212768525972365e+19, 'D2_xe_scale': 1.534912314565025, 'Dg_D1_scale': 0.2001066223860077, 'Dg_D3_scale': 1.5719199888878723, 'Dv_D1_scale': 0.24520848488525204, 'Dv_D2_scale': 3.9934277991699285, 'b_bulk_scale': 0.17942208334588042, 'b_dislocation_scale': 0.11342263656482128, 'gb_scale': 0.05219912447963221, 'gd_bubble_scale': 7.977241295958534, 'gd_line_scale': 7.380631942147252, 'gd_line_alpha': 0.25321068653780254, 'coalescence_d_scale': 0.5560461514931173, 'capture_scale': 5.820745289105146}. Best is trial 678 with value: 1.749291878123438.
[I 2026-05-02 19:54:41,098] Trial 742 finished with value: 3.625908071803733 and parameters: {'f_n': 1.5598707995822042e-06, 'K_d': 1004323.5330681453, 'rho_d': 12379817937767.928, 'fission_rate': 5.810639688820231e+19, 'D2_xe_scale': 1.7945530704163752, 'Dg_D1_scale': 0.20059604642400705, 'Dg_D3_scale': 1.6760040119938509, 'Dv_D1_scale': 0.22464280357567507, 'Dv_D2_scale': 3.5945455928592613, 'b_bulk_scale': 0.20245808609757063, 'b_dislocation_scale': 0.1372806907493811, 'gb_scale': 4.175332053518621, 'gd_bubble_scale': 9.962116052971611, 'gd_line_scale': 0.14686043956722095, 'gd_line_alpha': 0.2773398549020016, 'coalescence_d_scale': 0.5705197286466303, 'capture_scale': 7.062683768947055}. Best is trial 678 with value: 1.749291878123438.
[I 2026-05-02 19:54:45,243] Trial 743 finished with value: 3.1700533579320065 and parameters: {'f_n': 2.0087683032044035e-06, 'K_d': 1067844.3051745289, 'rho_d': 14819408285731.828, 'fission_rate': 5.736987535645436e+19, 'D2_xe_scale': 2.4805840695028705, 'Dg_D1_scale': 0.1828787632952861, 'Dg_D3_scale': 1.4912404884306143, 'Dv_D1_scale': 0.22311567693126516, 'Dv_D2_scale': 3.786888829058134, 'b_bulk_scale': 0.17191422508196685, 'b_dislocation_scale': 0.16535149018431977, 'gb_scale': 3.801727948700232, 'gd_bubble_scale': 0.09054884746264516, 'gd_line_scale': 6.477786214131735, 'gd_line_alpha': 0.25490225246291726, 'coalescence_d_scale': 0.5156314503298994, 'capture_scale': 7.98518412547756}. Best is trial 678 with value: 1.749291878123438.
[I 2026-05-02 19:54:50,072] Trial 744 finished with value: 2.9031316581846722 and parameters: {'f_n': 1.5290157805916796e-06, 'K_d': 981206.0195736233, 'rho_d': 12943578871556.512, 'fission_rate': 5.877506699991944e+19, 'D2_xe_scale': 1.474771117755552, 'Dg_D1_scale': 0.21254455401212077, 'Dg_D3_scale': 1.5587702309417528, 'Dv_D1_scale': 0.25315455309844725, 'Dv_D2_scale': 3.344418559846898, 'b_bulk_scale': 0.15706034075747716, 'b_dislocation_scale': 0.10009670960901756, 'gb_scale': 0.5721939979583622, 'gd_bubble_scale': 8.752148961289171, 'gd_line_scale': 7.0494613218178594, 'gd_line_alpha': 0.28724723452338785, 'coalescence_d_scale': 0.609261025397791, 'capture_scale': 6.499221045030961}. Best is trial 678 with value: 1.749291878123438.
[I 2026-05-02 19:54:53,282] Trial 745 finished with value: 1.9311443397253816 and parameters: {'f_n': 2.044689803941333e-06, 'K_d': 1159997.6640438987, 'rho_d': 12222953877808.572, 'fission_rate': 5.798638770041338e+19, 'D2_xe_scale': 2.0140484019184517, 'Dg_D1_scale': 0.1915681636931012, 'Dg_D3_scale': 1.847732905539836, 'Dv_D1_scale': 0.23876454314346246, 'Dv_D2_scale': 3.9923965873864162, 'b_bulk_scale': 0.18493205662768172, 'b_dislocation_scale': 0.12173759877470608, 'gb_scale': 4.184726535605182, 'gd_bubble_scale': 7.996458935522296, 'gd_line_scale': 7.309018568271984, 'gd_line_alpha': 0.25666750662422916, 'coalescence_d_scale': 0.594842851130313, 'capture_scale': 7.049520514981095}. Best is trial 678 with value: 1.749291878123438.
[I 2026-05-02 19:54:57,167] Trial 746 finished with value: 4.361377355385517 and parameters: {'f_n': 1.655696761711389e-06, 'K_d': 1017289.319824043, 'rho_d': 13791419942032.154, 'fission_rate': 5.681813985400007e+19, 'D2_xe_scale': 1.3194354274886972, 'Dg_D1_scale': 1.6773581057072802, 'Dg_D3_scale': 1.456121421959615, 'Dv_D1_scale': 0.2007163879243523, 'Dv_D2_scale': 3.5961587528306818, 'b_bulk_scale': 0.16600458599651702, 'b_dislocation_scale': 3.879830985043773, 'gb_scale': 3.474616423084651, 'gd_bubble_scale': 8.899002404809245, 'gd_line_scale': 6.347754590188473, 'gd_line_alpha': 0.2691165239404001, 'coalescence_d_scale': 0.47123717287430544, 'capture_scale': 7.9915608563252585}. Best is trial 678 with value: 1.749291878123438.
[I 2026-05-02 19:55:01,284] Trial 747 finished with value: 1.8956548749816289 and parameters: {'f_n': 2.0364858143684906e-06, 'K_d': 963221.8352504463, 'rho_d': 14901439607834.527, 'fission_rate': 7.110916333135099e+19, 'D2_xe_scale': 1.6948419899490619, 'Dg_D1_scale': 0.17498683598117773, 'Dg_D3_scale': 1.656975754451913, 'Dv_D1_scale': 0.2116217287382176, 'Dv_D2_scale': 3.778538268635262, 'b_bulk_scale': 0.15192250367271043, 'b_dislocation_scale': 0.1180491126558731, 'gb_scale': 4.317343152567865, 'gd_bubble_scale': 9.911076003065872, 'gd_line_scale': 7.343347825014675, 'gd_line_alpha': 0.29358880857790365, 'coalescence_d_scale': 0.5394643203942595, 'capture_scale': 5.728910502657358}. Best is trial 678 with value: 1.749291878123438.
[I 2026-05-02 19:55:06,092] Trial 748 finished with value: 3.140415524174831 and parameters: {'f_n': 4.04770456150074e-08, 'K_d': 1088845.6599199567, 'rho_d': 12787421591366.11, 'fission_rate': 5.897050503140292e+19, 'D2_xe_scale': 2.0265795656324794, 'Dg_D1_scale': 0.20235311519305074, 'Dg_D3_scale': 1.5502460654494579, 'Dv_D1_scale': 0.2597091486751139, 'Dv_D2_scale': 3.389482909404308, 'b_bulk_scale': 0.20917561925286926, 'b_dislocation_scale': 0.10774232419682447, 'gb_scale': 3.6062640971280358, 'gd_bubble_scale': 8.02220866680874, 'gd_line_scale': 8.298291032556564, 'gd_line_alpha': 0.25233181412768735, 'coalescence_d_scale': 0.6239020964105851, 'capture_scale': 5.8021548967960115}. Best is trial 678 with value: 1.749291878123438.
[I 2026-05-02 19:55:11,070] Trial 749 finished with value: 1.7875626643795548 and parameters: {'f_n': 1.4438906982046366e-06, 'K_d': 1056248.8734004458, 'rho_d': 13539453490509.738, 'fission_rate': 5.694722409163342e+19, 'D2_xe_scale': 1.641367941859331, 'Dg_D1_scale': 0.23936922325303714, 'Dg_D3_scale': 1.7162705522382862, 'Dv_D1_scale': 0.238995938525597, 'Dv_D2_scale': 3.5835760688967055, 'b_bulk_scale': 0.18054655193469782, 'b_dislocation_scale': 0.13166895334934092, 'gb_scale': 3.059240779195027, 'gd_bubble_scale': 9.953914719451681, 'gd_line_scale': 5.89265474686024, 'gd_line_alpha': 0.2763650912528807, 'coalescence_d_scale': 0.6088921866323532, 'capture_scale': 6.60758397492859}. Best is trial 678 with value: 1.749291878123438.
[I 2026-05-02 19:55:14,100] Trial 750 finished with value: 3.5990892927254468 and parameters: {'f_n': 2.109566890137445e-06, 'K_d': 984011.9125644655, 'rho_d': 14632507588041.416, 'fission_rate': 5.8078337128745165e+19, 'D2_xe_scale': 1.2959765817631794, 'Dg_D1_scale': 0.18820839258572028, 'Dg_D3_scale': 1.4050732389572826, 'Dv_D1_scale': 0.22110452494796115, 'Dv_D2_scale': 3.7728099748716626, 'b_bulk_scale': 0.1481825655904107, 'b_dislocation_scale': 0.40790233021952865, 'gb_scale': 3.838432674810684, 'gd_bubble_scale': 8.906174633228783, 'gd_line_scale': 6.697997888918538, 'gd_line_alpha': 0.29966718925354313, 'coalescence_d_scale': 0.49678535247526473, 'capture_scale': 7.0519255311070275}. Best is trial 678 with value: 1.749291878123438.Best trial: 678. Best value: 1.74929:  50%|█████     | 750/1500 [1:02:25<56:26,  4.52s/it]Best trial: 678. Best value: 1.74929:  50%|█████     | 750/1500 [1:02:25<56:26,  4.52s/it]Best trial: 678. Best value: 1.74929:  50%|█████     | 751/1500 [1:02:25<50:48,  4.07s/it]                                                                                          Best trial: 678. Best value: 1.74929:  50%|█████     | 751/1500 [1:02:30<50:48,  4.07s/it]Best trial: 678. Best value: 1.74929:  50%|█████     | 751/1500 [1:02:30<50:48,  4.07s/it]Best trial: 678. Best value: 1.74929:  50%|█████     | 752/1500 [1:02:30<54:16,  4.35s/it]                                                                                          Best trial: 678. Best value: 1.74929:  50%|█████     | 752/1500 [1:02:33<54:16,  4.35s/it]Best trial: 678. Best value: 1.74929:  50%|█████     | 752/1500 [1:02:33<54:16,  4.35s/it]Best trial: 678. Best value: 1.74929:  50%|█████     | 753/1500 [1:02:33<49:00,  3.94s/it]                                                                                          Best trial: 678. Best value: 1.74929:  50%|█████     | 753/1500 [1:02:38<49:00,  3.94s/it]Best trial: 678. Best value: 1.74929:  50%|█████     | 753/1500 [1:02:38<49:00,  3.94s/it]Best trial: 678. Best value: 1.74929:  50%|█████     | 754/1500 [1:02:38<52:16,  4.20s/it]                                                                                          Best trial: 678. Best value: 1.74929:  50%|█████     | 754/1500 [1:02:43<52:16,  4.20s/it]Best trial: 678. Best value: 1.74929:  50%|█████     | 754/1500 [1:02:43<52:16,  4.20s/it]Best trial: 678. Best value: 1.74929:  50%|█████     | 755/1500 [1:02:43<54:45,  4.41s/it]                                                                                          Best trial: 678. Best value: 1.74929:  50%|█████     | 755/1500 [1:02:48<54:45,  4.41s/it]Best trial: 678. Best value: 1.74929:  50%|█████     | 755/1500 [1:02:48<54:45,  4.41s/it]Best trial: 678. Best value: 1.74929:  50%|█████     | 756/1500 [1:02:48<56:49,  4.58s/it]                                                                                          Best trial: 678. Best value: 1.74929:  50%|█████     | 756/1500 [1:02:52<56:49,  4.58s/it]Best trial: 678. Best value: 1.74929:  50%|█████     | 756/1500 [1:02:52<56:49,  4.58s/it]Best trial: 678. Best value: 1.74929:  50%|█████     | 757/1500 [1:02:52<54:00,  4.36s/it]                                                                                          Best trial: 678. Best value: 1.74929:  50%|█████     | 757/1500 [1:02:57<54:00,  4.36s/it]Best trial: 678. Best value: 1.74929:  50%|█████     | 757/1500 [1:02:57<54:00,  4.36s/it]Best trial: 678. Best value: 1.74929:  51%|█████     | 758/1500 [1:02:57<55:35,  4.50s/it]                                                                                          Best trial: 678. Best value: 1.74929:  51%|█████     | 758/1500 [1:03:01<55:35,  4.50s/it]Best trial: 678. Best value: 1.74929:  51%|█████     | 758/1500 [1:03:01<55:35,  4.50s/it]Best trial: 678. Best value: 1.74929:  51%|█████     | 759/1500 [1:03:01<56:31,  4.58s/it]                                                                                          Best trial: 678. Best value: 1.74929:  51%|█████     | 759/1500 [1:03:04<56:31,  4.58s/it]Best trial: 678. Best value: 1.74929:  51%|█████     | 759/1500 [1:03:05<56:31,  4.58s/it]Best trial: 678. Best value: 1.74929:  51%|█████     | 760/1500 [1:03:05<51:13,  4.15s/it]                                                                                          Best trial: 678. Best value: 1.74929:  51%|█████     | 760/1500 [1:03:09<51:13,  4.15s/it]Best trial: 678. Best value: 1.74929:  51%|█████     | 760/1500 [1:03:09<51:13,  4.15s/it]Best trial: 678. Best value: 1.74929:  51%|█████     | 761/1500 [1:03:09<52:21,  4.25s/it]                                                                                          
[I 2026-05-02 19:55:19,114] Trial 751 finished with value: 1.8459852745981449 and parameters: {'f_n': 1.3232882453526411e-06, 'K_d': 944530.2489501686, 'rho_d': 13117251951313.605, 'fission_rate': 5.6362152436370375e+19, 'D2_xe_scale': 2.595622631617118, 'Dg_D1_scale': 0.22266278623258107, 'Dg_D3_scale': 1.464774355278292, 'Dv_D1_scale': 0.26769698420605104, 'Dv_D2_scale': 3.5606899357280484, 'b_bulk_scale': 0.16664225441116284, 'b_dislocation_scale': 0.09905170170093353, 'gb_scale': 4.205062924130003, 'gd_bubble_scale': 9.99045158991432, 'gd_line_scale': 8.223645032634083, 'gd_line_alpha': 0.2522783045511355, 'coalescence_d_scale': 0.8001407277086969, 'capture_scale': 5.761003238205768}. Best is trial 678 with value: 1.749291878123438.
[I 2026-05-02 19:55:22,079] Trial 752 finished with value: 2.686656181831612 and parameters: {'f_n': 1.7003761474962413e-06, 'K_d': 1343035.3556417206, 'rho_d': 12157254956491.92, 'fission_rate': 5.906645022273927e+19, 'D2_xe_scale': 1.5148060408616661, 'Dg_D1_scale': 0.2074192963534256, 'Dg_D3_scale': 1.638993119041188, 'Dv_D1_scale': 0.24967806769552403, 'Dv_D2_scale': 3.3282789720181234, 'b_bulk_scale': 0.18888546012544027, 'b_dislocation_scale': 0.2085293993461622, 'gb_scale': 3.2948409409977444, 'gd_bubble_scale': 7.8436173368356785, 'gd_line_scale': 7.406415223970099, 'gd_line_alpha': 0.8707858665163849, 'coalescence_d_scale': 0.5594416155522314, 'capture_scale': 6.63886795218604}. Best is trial 678 with value: 1.749291878123438.
