[I 2026-05-02 19:24:03,469] Trial 350 finished with value: 1.9426621422511403 and parameters: {'f_n': 6.446862022788254e-07, 'K_d': 613303.5970937827, 'rho_d': 8323581155421.027, 'fission_rate': 5.05408594616937e+19, 'D2_xe_scale': 20.158266708739337, 'Dg_D1_scale': 0.3295016014988784, 'Dg_D3_scale': 2.6178014197652013, 'Dv_D1_scale': 0.46574211423590395, 'Dv_D2_scale': 1.85630282714504, 'b_bulk_scale': 0.047559025034261966, 'b_dislocation_scale': 0.04390622555182968, 'gb_scale': 1.858410496930922, 'gd_bubble_scale': 4.8640493837130485, 'gd_line_scale': 5.6514927080962005, 'gd_line_alpha': 0.13246012599245802, 'coalescence_d_scale': 0.5307535680987611, 'capture_scale': 2.83643353611649}. Best is trial 328 with value: 1.8528912968666595.
[I 2026-05-02 19:24:09,180] Trial 351 finished with value: 2.192884980239988 and parameters: {'f_n': 1.0695623501245311e-06, 'K_d': 572942.508221147, 'rho_d': 8921287611575.516, 'fission_rate': 4.787252163422301e+19, 'D2_xe_scale': 17.267546123216327, 'Dg_D1_scale': 0.3501293726561226, 'Dg_D3_scale': 2.76962380579099, 'Dv_D1_scale': 0.6143391562363284, 'Dv_D2_scale': 1.6440981623305102, 'b_bulk_scale': 0.04249326282157285, 'b_dislocation_scale': 0.05559467180978011, 'gb_scale': 2.3777560970371416, 'gd_bubble_scale': 2.566262159902653, 'gd_line_scale': 4.926511521366786, 'gd_line_alpha': 0.18399024660765734, 'coalescence_d_scale': 0.6295914381920741, 'capture_scale': 2.224403162000162}. Best is trial 328 with value: 1.8528912968666595.
[I 2026-05-02 19:24:13,161] Trial 352 finished with value: 1.9717066939768353 and parameters: {'f_n': 8.615621660931391e-07, 'K_d': 597460.4161117895, 'rho_d': 9818098256787.074, 'fission_rate': 4.958502498823263e+19, 'D2_xe_scale': 21.393261724193223, 'Dg_D1_scale': 0.3033233823287907, 'Dg_D3_scale': 2.2679327132558504, 'Dv_D1_scale': 0.5141184827377686, 'Dv_D2_scale': 1.928737713753968, 'b_bulk_scale': 0.054206629268110304, 'b_dislocation_scale': 0.05062760502008582, 'gb_scale': 1.9746075501152494, 'gd_bubble_scale': 4.3596626152810085, 'gd_line_scale': 6.230271322583687, 'gd_line_alpha': 0.10503858371460825, 'coalescence_d_scale': 0.4996704368971128, 'capture_scale': 2.876020911423582}. Best is trial 328 with value: 1.8528912968666595.
[I 2026-05-02 19:24:18,845] Trial 353 finished with value: 2.0803808139962414 and parameters: {'f_n': 9.491884906633526e-07, 'K_d': 544730.488237772, 'rho_d': 7547527158794.603, 'fission_rate': 4.859102906405878e+19, 'D2_xe_scale': 15.335797144492988, 'Dg_D1_scale': 0.3891255062343708, 'Dg_D3_scale': 2.4462727428169826, 'Dv_D1_scale': 0.4751063867885163, 'Dv_D2_scale': 1.7502777658201716, 'b_bulk_scale': 0.04782821295488011, 'b_dislocation_scale': 0.056344192775448707, 'gb_scale': 2.189000960429127, 'gd_bubble_scale': 4.186225350345274, 'gd_line_scale': 5.501805206932062, 'gd_line_alpha': 0.15308561903285706, 'coalescence_d_scale': 0.4576504407135238, 'capture_scale': 2.016701438337881}. Best is trial 328 with value: 1.8528912968666595.
[I 2026-05-02 19:24:24,624] Trial 354 finished with value: 1.856870629355178 and parameters: {'f_n': 7.815666484309484e-07, 'K_d': 634285.1533774218, 'rho_d': 9195308978853.725, 'fission_rate': 4.751577014296788e+19, 'D2_xe_scale': 18.241809112478425, 'Dg_D1_scale': 0.32377100887969007, 'Dg_D3_scale': 2.7652130882267723, 'Dv_D1_scale': 0.5624999865657985, 'Dv_D2_scale': 1.8173818893860696, 'b_bulk_scale': 0.05442596164655041, 'b_dislocation_scale': 0.04200259120313411, 'gb_scale': 2.3921956732556433, 'gd_bubble_scale': 3.2263228168365283, 'gd_line_scale': 4.653919454590065, 'gd_line_alpha': 0.19103834688886204, 'coalescence_d_scale': 0.5510287920583778, 'capture_scale': 2.7015411211551514}. Best is trial 328 with value: 1.8528912968666595.Best trial: 328. Best value: 1.85289:  24%|██▎       | 354/1500 [31:36<1:39:30,  5.21s/it]Best trial: 328. Best value: 1.85289:  24%|██▎       | 354/1500 [31:36<1:39:30,  5.21s/it]Best trial: 328. Best value: 1.85289:  24%|██▎       | 355/1500 [31:36<1:42:40,  5.38s/it]                                                                                          Best trial: 328. Best value: 1.85289:  24%|██▎       | 355/1500 [31:42<1:42:40,  5.38s/it]Best trial: 328. Best value: 1.85289:  24%|██▎       | 355/1500 [31:42<1:42:40,  5.38s/it]Best trial: 328. Best value: 1.85289:  24%|██▎       | 356/1500 [31:42<1:45:03,  5.51s/it]                                                                                          Best trial: 328. Best value: 1.85289:  24%|██▎       | 356/1500 [31:47<1:45:03,  5.51s/it]Best trial: 328. Best value: 1.85289:  24%|██▎       | 356/1500 [31:47<1:45:03,  5.51s/it]Best trial: 328. Best value: 1.85289:  24%|██▍       | 357/1500 [31:47<1:45:25,  5.53s/it]                                                                                          Best trial: 328. Best value: 1.85289:  24%|██▍       | 357/1500 [31:52<1:45:25,  5.53s/it]Best trial: 328. Best value: 1.85289:  24%|██▍       | 357/1500 [31:53<1:45:25,  5.53s/it]Best trial: 328. Best value: 1.85289:  24%|██▍       | 358/1500 [31:53<1:44:26,  5.49s/it]                                                                                          Best trial: 328. Best value: 1.85289:  24%|██▍       | 358/1500 [31:53<1:44:26,  5.49s/it]Best trial: 328. Best value: 1.85289:  24%|██▍       | 358/1500 [31:53<1:44:26,  5.49s/it]Best trial: 328. Best value: 1.85289:  24%|██▍       | 359/1500 [31:53<1:18:19,  4.12s/it]                                                                                          Best trial: 328. Best value: 1.85289:  24%|██▍       | 359/1500 [31:59<1:18:19,  4.12s/it]Best trial: 328. Best value: 1.85289:  24%|██▍       | 359/1500 [31:59<1:18:19,  4.12s/it]Best trial: 328. Best value: 1.85289:  24%|██▍       | 360/1500 [31:59<1:27:38,  4.61s/it]                                                                                          Best trial: 328. Best value: 1.85289:  24%|██▍       | 360/1500 [32:05<1:27:38,  4.61s/it]Best trial: 328. Best value: 1.85289:  24%|██▍       | 360/1500 [32:05<1:27:38,  4.61s/it]Best trial: 328. Best value: 1.85289:  24%|██▍       | 361/1500 [32:05<1:32:26,  4.87s/it]                                                                                          Best trial: 328. Best value: 1.85289:  24%|██▍       | 361/1500 [32:10<1:32:26,  4.87s/it]Best trial: 328. Best value: 1.85289:  24%|██▍       | 361/1500 [32:10<1:32:26,  4.87s/it]Best trial: 328. Best value: 1.85289:  24%|██▍       | 362/1500 [32:10<1:36:33,  5.09s/it]                                                                                          Best trial: 328. Best value: 1.85289:  24%|██▍       | 362/1500 [32:16<1:36:33,  5.09s/it]Best trial: 328. Best value: 1.85289:  24%|██▍       | 362/1500 [32:16<1:36:33,  5.09s/it]Best trial: 328. Best value: 1.85289:  24%|██▍       | 363/1500 [32:16<1:39:23,  5.25s/it]                                                                                          Best trial: 328. Best value: 1.85289:  24%|██▍       | 363/1500 [32:21<1:39:23,  5.25s/it]Best trial: 328. Best value: 1.85289:  24%|██▍       | 363/1500 [32:21<1:39:23,  5.25s/it]Best trial: 328. Best value: 1.85289:  24%|██▍       | 364/1500 [32:21<1:41:02,  5.34s/it]                                                                                          Best trial: 328. Best value: 1.85289:  24%|██▍       | 364/1500 [32:25<1:41:02,  5.34s/it]Best trial: 328. Best value: 1.85289:  24%|██▍       | 364/1500 [32:25<1:41:02,  5.34s/it]Best trial: 328. Best value: 1.85289:  24%|██▍       | 365/1500 [32:25<1:33:00,  4.92s/it]                                                                                          
[I 2026-05-02 19:24:30,435] Trial 355 finished with value: 2.0729648203694278 and parameters: {'f_n': 7.199070320892129e-07, 'K_d': 622643.5984007985, 'rho_d': 8959447440597.531, 'fission_rate': 4.7571635845614944e+19, 'D2_xe_scale': 21.473777189458776, 'Dg_D1_scale': 0.3252275923862999, 'Dg_D3_scale': 2.7358408397601366, 'Dv_D1_scale': 0.5429095179423151, 'Dv_D2_scale': 0.24694071785240715, 'b_bulk_scale': 0.05691594826718249, 'b_dislocation_scale': 0.039644822094359884, 'gb_scale': 2.610793108235337, 'gd_bubble_scale': 3.0239667312308733, 'gd_line_scale': 4.779094878917367, 'gd_line_alpha': 0.17352404755023354, 'coalescence_d_scale': 0.5561722624706411, 'capture_scale': 2.710400782018943}. Best is trial 328 with value: 1.8528912968666595.
[I 2026-05-02 19:24:36,026] Trial 356 finished with value: 1.9418099391390493 and parameters: {'f_n': 6.799630668544817e-07, 'K_d': 583606.8095011634, 'rho_d': 9428372368213.586, 'fission_rate': 4.927546272326192e+19, 'D2_xe_scale': 17.92740278701182, 'Dg_D1_scale': 0.35355407560289304, 'Dg_D3_scale': 2.53761503549113, 'Dv_D1_scale': 0.5727891662127473, 'Dv_D2_scale': 1.9100177562664074, 'b_bulk_scale': 0.049410583750993685, 'b_dislocation_scale': 0.043378712326562534, 'gb_scale': 1.8960621204498327, 'gd_bubble_scale': 3.274969424562715, 'gd_line_scale': 5.278678905339759, 'gd_line_alpha': 0.1924402514067349, 'coalescence_d_scale': 0.4843450736861915, 'capture_scale': 2.4090396315026066}. Best is trial 328 with value: 1.8528912968666595.
[I 2026-05-02 19:24:41,405] Trial 357 finished with value: 1.9559507454916893 and parameters: {'f_n': 8.475872507689628e-07, 'K_d': 638375.522276932, 'rho_d': 8198851785142.671, 'fission_rate': 5.1285888663765205e+19, 'D2_xe_scale': 13.439166553188707, 'Dg_D1_scale': 0.3006184332688838, 'Dg_D3_scale': 2.349413525135317, 'Dv_D1_scale': 0.6641970038119762, 'Dv_D2_scale': 1.7828306486271597, 'b_bulk_scale': 0.0536597912658288, 'b_dislocation_scale': 0.04584067601918691, 'gb_scale': 2.065828037657053, 'gd_bubble_scale': 3.702142343865911, 'gd_line_scale': 4.5361598317939835, 'gd_line_alpha': 0.06491562905705307, 'coalescence_d_scale': 0.5332949041782682, 'capture_scale': 1.6703082895395613}. Best is trial 328 with value: 1.8528912968666595.
[I 2026-05-02 19:24:42,328] Trial 358 finished with value: 4.362013375241535 and parameters: {'f_n': 1.0289984812879433e-06, 'K_d': 530300.5043027197, 'rho_d': 8638978492033.558, 'fission_rate': 4.820094614433658e+19, 'D2_xe_scale': 18.608208010389866, 'Dg_D1_scale': 0.3777568372905358, 'Dg_D3_scale': 2.768362016465038, 'Dv_D1_scale': 0.49892440838922403, 'Dv_D2_scale': 1.9804472982578412, 'b_bulk_scale': 0.038998928665636194, 'b_dislocation_scale': 1.9752752400309457, 'gb_scale': 2.5477533693414, 'gd_bubble_scale': 2.8414676844153703, 'gd_line_scale': 5.918020074594693, 'gd_line_alpha': 0.14097488742876763, 'coalescence_d_scale': 0.43690842719447437, 'capture_scale': 2.9488824875639374}. Best is trial 328 with value: 1.8528912968666595.
[I 2026-05-02 19:24:48,094] Trial 359 finished with value: 1.9171053476104734 and parameters: {'f_n': 1.2691628007045387e-06, 'K_d': 566481.8651699297, 'rho_d': 9649365987819.338, 'fission_rate': 4.733335371498186e+19, 'D2_xe_scale': 22.40337166951145, 'Dg_D1_scale': 0.3259093749494837, 'Dg_D3_scale': 2.202099953935733, 'Dv_D1_scale': 0.4470454794638843, 'Dv_D2_scale': 1.8357765261487438, 'b_bulk_scale': 0.0445283467067808, 'b_dislocation_scale': 0.05038447577607965, 'gb_scale': 2.1414993846622106, 'gd_bubble_scale': 4.760353493096452, 'gd_line_scale': 5.15536750210278, 'gd_line_alpha': 0.11465480551950594, 'coalescence_d_scale': 0.6207724862451682, 'capture_scale': 2.18644578373973}. Best is trial 328 with value: 1.8528912968666595.
[I 2026-05-02 19:24:53,561] Trial 360 finished with value: 2.4884173364046496 and parameters: {'f_n': 6.172401232846768e-07, 'K_d': 628528.8607301642, 'rho_d': 9168531868259.834, 'fission_rate': 5.01160371917379e+19, 'D2_xe_scale': 15.780650656019333, 'Dg_D1_scale': 0.3478209943473418, 'Dg_D3_scale': 2.5380739246566373, 'Dv_D1_scale': 0.6287428050874975, 'Dv_D2_scale': 1.7410444402472296, 'b_bulk_scale': 0.05823047865514657, 'b_dislocation_scale': 0.041478723705263953, 'gb_scale': 1.8464304653924943, 'gd_bubble_scale': 3.873644702969424, 'gd_line_scale': 7.133280878060904, 'gd_line_alpha': 0.1648957617759242, 'coalescence_d_scale': 0.7001430783552921, 'capture_scale': 2.6147069724884378}. Best is trial 328 with value: 1.8528912968666595.
[I 2026-05-02 19:24:59,170] Trial 361 finished with value: 3.927583405000396 and parameters: {'f_n': 8.038235719854477e-07, 'K_d': 593235.709405863, 'rho_d': 9797397549717.588, 'fission_rate': 4.8532442001207484e+19, 'D2_xe_scale': 21.666928302442432, 'Dg_D1_scale': 0.3777749972319369, 'Dg_D3_scale': 2.7862335501961657, 'Dv_D1_scale': 0.4994216192124761, 'Dv_D2_scale': 1.8738047388267673, 'b_bulk_scale': 0.05048363375195473, 'b_dislocation_scale': 0.05744591184383189, 'gb_scale': 2.427645175556576, 'gd_bubble_scale': 5.070774638968425, 'gd_line_scale': 0.08767867156244427, 'gd_line_alpha': 0.18598685189135195, 'coalescence_d_scale': 0.47233703280513545, 'capture_scale': 2.988748061732677}. Best is trial 328 with value: 1.8528912968666595.
[I 2026-05-02 19:25:04,775] Trial 362 finished with value: 1.868100589661541 and parameters: {'f_n': 9.63007646878884e-07, 'K_d': 551222.7010448264, 'rho_d': 9985768419550.377, 'fission_rate': 4.901866978438197e+19, 'D2_xe_scale': 18.421857790182507, 'Dg_D1_scale': 0.3122396465669566, 'Dg_D3_scale': 2.643121483741342, 'Dv_D1_scale': 0.5499307973579615, 'Dv_D2_scale': 1.6114792231553272, 'b_bulk_scale': 0.05413318120392109, 'b_dislocation_scale': 0.04648706236401355, 'gb_scale': 2.055304334458062, 'gd_bubble_scale': 3.169099181684621, 'gd_line_scale': 4.633899581455127, 'gd_line_alpha': 0.08515665732619149, 'coalescence_d_scale': 0.430880175716791, 'capture_scale': 1.928909272468406}. Best is trial 328 with value: 1.8528912968666595.
[I 2026-05-02 19:25:10,324] Trial 363 finished with value: 1.8882547100887999 and parameters: {'f_n': 1.1000431008609113e-06, 'K_d': 532580.3540584383, 'rho_d': 10020060105683.02, 'fission_rate': 4.937673083251273e+19, 'D2_xe_scale': 14.026312999827738, 'Dg_D1_scale': 0.30758816478643136, 'Dg_D3_scale': 2.403387990894533, 'Dv_D1_scale': 0.5436091273452187, 'Dv_D2_scale': 1.6029311026280797, 'b_bulk_scale': 0.06097664762979472, 'b_dislocation_scale': 0.051089580597543864, 'gb_scale': 2.312261316405914, 'gd_bubble_scale': 4.396209632970793, 'gd_line_scale': 4.566547262565119, 'gd_line_alpha': 0.15083294528174443, 'coalescence_d_scale': 0.4273398482167173, 'capture_scale': 2.514037344457409}. Best is trial 328 with value: 1.8528912968666595.
[I 2026-05-02 19:25:14,260] Trial 364 finished with value: 2.117725544769701 and parameters: {'f_n': 1.0495609220858072e-06, 'K_d': 523459.76965256635, 'rho_d': 9949011794575.037, 'fission_rate': 4.965933081674459e+19, 'D2_xe_scale': 13.574405527356719, 'Dg_D1_scale': 0.2964923162037588, 'Dg_D3_scale': 2.4261478070852407, 'Dv_D1_scale': 0.5599804090755054, 'Dv_D2_scale': 0.3973354021282233, 'b_bulk_scale': 0.06188124359075447, 'b_dislocation_scale': 0.050433510321142586, 'gb_scale': 2.7152912386715258, 'gd_bubble_scale': 4.338227224707518, 'gd_line_scale': 4.543067706130824, 'gd_line_alpha': 0.08537008789917672, 'coalescence_d_scale': 0.47914485612304913, 'capture_scale': 1.2907292283990723}. Best is trial 328 with value: 1.8528912968666595.
[I 2026-05-02 19:25:19,752] Trial 365 finished with value: 2.035249839379045 and parameters: {'f_n': 1.2275269115231176e-06, 'K_d': 534674.6696246722, 'rho_d': 9317176878377.707, 'fission_rate': 5.063193565429779e+19, 'D2_xe_scale': 15.072322928022905, 'Dg_D1_scale': 0.3133363434884043, 'Dg_D3_scale': 2.267537551200599, 'Dv_D1_scale': 0.5985190716809328, 'Dv_D2_scale': 1.5969789699114225, 'b_bulk_scale': 0.05616010103764916, 'b_dislocation_scale': 0.053997262299294156, 'gb_scale': 2.3504295894582743, 'gd_bubble_scale': 3.4752237357318525, 'gd_line_scale': 4.78317550103533, 'gd_line_alpha': 0.15371714960161775, 'coalescence_d_scale': 0.43120631852566943, 'capture_scale': 2.5532424281770814}. Best is trial 328 with value: 1.8528912968666595.Best trial: 328. Best value: 1.85289:  24%|██▍       | 365/1500 [32:31<1:33:00,  4.92s/it]Best trial: 328. Best value: 1.85289:  24%|██▍       | 365/1500 [32:31<1:33:00,  4.92s/it]Best trial: 328. Best value: 1.85289:  24%|██▍       | 366/1500 [32:31<1:36:10,  5.09s/it]                                                                                          Best trial: 328. Best value: 1.85289:  24%|██▍       | 366/1500 [32:37<1:36:10,  5.09s/it]Best trial: 328. Best value: 1.85289:  24%|██▍       | 366/1500 [32:37<1:36:10,  5.09s/it]Best trial: 328. Best value: 1.85289:  24%|██▍       | 367/1500 [32:37<1:40:19,  5.31s/it]                                                                                          Best trial: 328. Best value: 1.85289:  24%|██▍       | 367/1500 [32:42<1:40:19,  5.31s/it]Best trial: 328. Best value: 1.85289:  24%|██▍       | 367/1500 [32:43<1:40:19,  5.31s/it]Best trial: 328. Best value: 1.85289:  25%|██▍       | 368/1500 [32:43<1:43:01,  5.46s/it]                                                                                          Best trial: 328. Best value: 1.85289:  25%|██▍       | 368/1500 [32:48<1:43:01,  5.46s/it]Best trial: 328. Best value: 1.85289:  25%|██▍       | 368/1500 [32:48<1:43:01,  5.46s/it]Best trial: 328. Best value: 1.85289:  25%|██▍       | 369/1500 [32:48<1:43:27,  5.49s/it]                                                                                          Best trial: 328. Best value: 1.85289:  25%|██▍       | 369/1500 [32:53<1:43:27,  5.49s/it]Best trial: 328. Best value: 1.85289:  25%|██▍       | 369/1500 [32:53<1:43:27,  5.49s/it]Best trial: 328. Best value: 1.85289:  25%|██▍       | 370/1500 [32:53<1:41:58,  5.41s/it]                                                                                          Best trial: 328. Best value: 1.85289:  25%|██▍       | 370/1500 [32:57<1:41:58,  5.41s/it]Best trial: 328. Best value: 1.85289:  25%|██▍       | 370/1500 [32:57<1:41:58,  5.41s/it]Best trial: 328. Best value: 1.85289:  25%|██▍       | 371/1500 [32:57<1:31:41,  4.87s/it]                                                                                          Best trial: 328. Best value: 1.85289:  25%|██▍       | 371/1500 [33:03<1:31:41,  4.87s/it]Best trial: 328. Best value: 1.85289:  25%|██▍       | 371/1500 [33:03<1:31:41,  4.87s/it]Best trial: 328. Best value: 1.85289:  25%|██▍       | 372/1500 [33:03<1:36:13,  5.12s/it]                                                                                          Best trial: 328. Best value: 1.85289:  25%|██▍       | 372/1500 [33:08<1:36:13,  5.12s/it]Best trial: 328. Best value: 1.85289:  25%|██▍       | 372/1500 [33:08<1:36:13,  5.12s/it]Best trial: 328. Best value: 1.85289:  25%|██▍       | 373/1500 [33:08<1:37:59,  5.22s/it]                                                                                          Best trial: 328. Best value: 1.85289:  25%|██▍       | 373/1500 [33:13<1:37:59,  5.22s/it]Best trial: 328. Best value: 1.85289:  25%|██▍       | 373/1500 [33:13<1:37:59,  5.22s/it]Best trial: 328. Best value: 1.85289:  25%|██▍       | 374/1500 [33:13<1:38:46,  5.26s/it]                                                                                          Best trial: 328. Best value: 1.85289:  25%|██▍       | 374/1500 [33:19<1:38:46,  5.26s/it]Best trial: 328. Best value: 1.85289:  25%|██▍       | 374/1500 [33:19<1:38:46,  5.26s/it]Best trial: 328. Best value: 1.85289:  25%|██▌       | 375/1500 [33:19<1:40:01,  5.33s/it]                                                                                          Best trial: 328. Best value: 1.85289:  25%|██▌       | 375/1500 [33:24<1:40:01,  5.33s/it]Best trial: 328. Best value: 1.85289:  25%|██▌       | 375/1500 [33:24<1:40:01,  5.33s/it]Best trial: 328. Best value: 1.85289:  25%|██▌       | 376/1500 [33:24<1:40:03,  5.34s/it]                                                                                          
[I 2026-05-02 19:25:25,589] Trial 366 finished with value: 1.876561300751651 and parameters: {'f_n': 9.305363313945322e-07, 'K_d': 603223.2854700848, 'rho_d': 9950578765286.146, 'fission_rate': 4.717074484224653e+19, 'D2_xe_scale': 18.13376989394177, 'Dg_D1_scale': 0.3249116717193314, 'Dg_D3_scale': 2.47800797998384, 'Dv_D1_scale': 0.5264152416927036, 'Dv_D2_scale': 1.630670284399519, 'b_bulk_scale': 0.05130305820492167, 'b_dislocation_scale': 0.045772922535863916, 'gb_scale': 2.5133226522544767, 'gd_bubble_scale': 4.026364320266523, 'gd_line_scale': 4.411558029102876, 'gd_line_alpha': 0.13534975890379328, 'coalescence_d_scale': 0.4374923356484181, 'capture_scale': 2.865691333625714}. Best is trial 328 with value: 1.8528912968666595.
[I 2026-05-02 19:25:31,391] Trial 367 finished with value: 3.202944009567796 and parameters: {'f_n': 1.0138126472065695e-06, 'K_d': 600673.2998274039, 'rho_d': 9963439622135.98, 'fission_rate': 4.723199718799489e+19, 'D2_xe_scale': 12.742685909694806, 'Dg_D1_scale': 0.3239676523180677, 'Dg_D3_scale': 2.4268719395386418, 'Dv_D1_scale': 0.5401284257529892, 'Dv_D2_scale': 1.5515026310076807, 'b_bulk_scale': 0.04252859410037549, 'b_dislocation_scale': 0.040640700740103966, 'gb_scale': 0.42213880382992836, 'gd_bubble_scale': 4.041135859839825, 'gd_line_scale': 6.213960578103314, 'gd_line_alpha': 0.13193747446375753, 'coalescence_d_scale': 0.42717564115517603, 'capture_scale': 2.9535684754896816}. Best is trial 328 with value: 1.8528912968666595.
