[I 2026-05-02 20:15:04,240] Trial 1028 finished with value: 1.9575823902461518 and parameters: {'f_n': 4.847520688370757e-07, 'K_d': 767457.2675260042, 'rho_d': 12414557545973.973, 'fission_rate': 6.257582137838962e+19, 'D2_xe_scale': 0.010135849401592619, 'Dg_D1_scale': 0.1870275462934169, 'Dg_D3_scale': 2.7347832669830905, 'Dv_D1_scale': 0.2824315810113777, 'Dv_D2_scale': 3.997591586432986, 'b_bulk_scale': 0.22241483408041401, 'b_dislocation_scale': 0.1453606903142194, 'gb_scale': 6.577459475621147, 'gd_bubble_scale': 6.729711609834575, 'gd_line_scale': 6.401974887843455, 'gd_line_alpha': 0.5091880099729416, 'coalescence_d_scale': 0.3072759588209675, 'capture_scale': 7.970676808378462}. Best is trial 925 with value: 1.7463781355085592.
[I 2026-05-02 20:15:08,722] Trial 1029 finished with value: 2.5652365893253624 and parameters: {'f_n': 3.0933090765107224e-08, 'K_d': 670399.2082407055, 'rho_d': 11551741986516.436, 'fission_rate': 6.657248474465444e+19, 'D2_xe_scale': 0.014097797527054997, 'Dg_D1_scale': 0.16086715749660438, 'Dg_D3_scale': 2.4771867758043857, 'Dv_D1_scale': 0.3031338292874448, 'Dv_D2_scale': 3.617129461928739, 'b_bulk_scale': 0.2629872667090824, 'b_dislocation_scale': 0.13013170152834702, 'gb_scale': 5.757138250264273, 'gd_bubble_scale': 7.6249351568251615, 'gd_line_scale': 8.488155176370801, 'gd_line_alpha': 0.447101159465121, 'coalescence_d_scale': 0.3594169093404834, 'capture_scale': 6.7206655811521845}. Best is trial 925 with value: 1.7463781355085592.
[I 2026-05-02 20:15:13,481] Trial 1030 finished with value: 1.9442338358614653 and parameters: {'f_n': 8.363240923369486e-07, 'K_d': 718968.3908554342, 'rho_d': 12964376216278.715, 'fission_rate': 6.335810837424443e+19, 'D2_xe_scale': 0.016275928756804735, 'Dg_D1_scale': 0.17320853825289492, 'Dg_D3_scale': 2.870246123137136, 'Dv_D1_scale': 0.25686854695817385, 'Dv_D2_scale': 3.4367983939855593, 'b_bulk_scale': 0.30823455428206104, 'b_dislocation_scale': 0.11325241048370221, 'gb_scale': 6.522361841269088, 'gd_bubble_scale': 0.1987821654196491, 'gd_line_scale': 7.466503748318634, 'gd_line_alpha': 0.4732986042720687, 'coalescence_d_scale': 0.43606638318623664, 'capture_scale': 5.618821011955775}. Best is trial 925 with value: 1.7463781355085592.
[I 2026-05-02 20:15:16,041] Trial 1031 finished with value: 2.683702793154923 and parameters: {'f_n': 4.1293394283963156e-07, 'K_d': 800140.7921104478, 'rho_d': 10192813206374.455, 'fission_rate': 7.006357090914576e+19, 'D2_xe_scale': 0.012198872350922048, 'Dg_D1_scale': 0.16751133397088203, 'Dg_D3_scale': 0.20595972880849547, 'Dv_D1_scale': 0.2885503788034224, 'Dv_D2_scale': 3.7669964565217624, 'b_bulk_scale': 0.2652691516408295, 'b_dislocation_scale': 0.1465470400733974, 'gb_scale': 5.78641669342336, 'gd_bubble_scale': 6.295228200680123, 'gd_line_scale': 5.487520077540711, 'gd_line_alpha': 0.4935155088113569, 'coalescence_d_scale': 0.4086107946991792, 'capture_scale': 6.568530485348624}. Best is trial 925 with value: 1.7463781355085592.
[I 2026-05-02 20:15:20,599] Trial 1032 finished with value: 3.6718946041848484 and parameters: {'f_n': 5.128579541709213e-07, 'K_d': 680537.7355297445, 'rho_d': 11438554594725.547, 'fission_rate': 6.440742619091446e+19, 'D2_xe_scale': 0.011750023329205616, 'Dg_D1_scale': 0.15986224159523094, 'Dg_D3_scale': 3.060090110763012, 'Dv_D1_scale': 0.3125179401317889, 'Dv_D2_scale': 3.573520240743081, 'b_bulk_scale': 0.34997161092184276, 'b_dislocation_scale': 0.11354405451130752, 'gb_scale': 7.296485147327257, 'gd_bubble_scale': 6.652403835882013, 'gd_line_scale': 6.881171972475749, 'gd_line_alpha': 0.5375102753332998, 'coalescence_d_scale': 8.259969492561135, 'capture_scale': 4.720320276043737}. Best is trial 925 with value: 1.7463781355085592.
[I 2026-05-02 20:15:25,363] Trial 1033 finished with value: 1.776838612898454 and parameters: {'f_n': 6.000864374414852e-07, 'K_d': 749020.0077394571, 'rho_d': 12269322690707.977, 'fission_rate': 6.190725769593148e+19, 'D2_xe_scale': 0.024160419764620054, 'Dg_D1_scale': 0.18709963686714662, 'Dg_D3_scale': 2.620768320642146, 'Dv_D1_scale': 0.2723237893266546, 'Dv_D2_scale': 3.788578414249624, 'b_bulk_scale': 0.23603194524422522, 'b_dislocation_scale': 0.12988041495683605, 'gb_scale': 5.257175541744944, 'gd_bubble_scale': 7.338166042854596, 'gd_line_scale': 8.663551884326644, 'gd_line_alpha': 0.43862773113070813, 'coalescence_d_scale': 0.3447351811639987, 'capture_scale': 5.898296857564888}. Best is trial 925 with value: 1.7463781355085592.
[I 2026-05-02 20:15:29,695] Trial 1034 finished with value: 1.951805976756786 and parameters: {'f_n': 7.247572029127917e-07, 'K_d': 802504.0470837313, 'rho_d': 10648305878313.469, 'fission_rate': 6.612993505570304e+19, 'D2_xe_scale': 0.0173277279788363, 'Dg_D1_scale': 0.17503805650711857, 'Dg_D3_scale': 2.323781303427583, 'Dv_D1_scale': 1.5756551087217598, 'Dv_D2_scale': 3.261404228480733, 'b_bulk_scale': 0.28175764274962184, 'b_dislocation_scale': 0.1562424516315621, 'gb_scale': 6.647987612962097, 'gd_bubble_scale': 7.637289446984878, 'gd_line_scale': 7.467067492475311, 'gd_line_alpha': 0.570304496937482, 'coalescence_d_scale': 0.3131845894043003, 'capture_scale': 7.011440967930749}. Best is trial 925 with value: 1.7463781355085592.
[I 2026-05-02 20:15:34,258] Trial 1035 finished with value: 3.0937064909100327 and parameters: {'f_n': 3.888161767516386e-07, 'K_d': 742738.5740761164, 'rho_d': 11091034821473.318, 'fission_rate': 6.517261646596827e+19, 'D2_xe_scale': 0.01439262722607591, 'Dg_D1_scale': 0.15930902271114034, 'Dg_D3_scale': 2.3537792474755093, 'Dv_D1_scale': 0.2508474789120773, 'Dv_D2_scale': 3.777535499947292, 'b_bulk_scale': 0.31978804695432145, 'b_dislocation_scale': 0.12371047023064867, 'gb_scale': 0.31788713159037585, 'gd_bubble_scale': 5.745083411260238, 'gd_line_scale': 5.831583778083489, 'gd_line_alpha': 0.47177373262127514, 'coalescence_d_scale': 0.43107755490167743, 'capture_scale': 0.4516971620617619}. Best is trial 925 with value: 1.7463781355085592.
[I 2026-05-02 20:15:38,677] Trial 1036 finished with value: 1.7938477360443115 and parameters: {'f_n': 5.070232843641169e-07, 'K_d': 793229.4307913175, 'rho_d': 11903653835913.078, 'fission_rate': 6.7713306609872855e+19, 'D2_xe_scale': 0.06690610288314873, 'Dg_D1_scale': 0.15854546291837784, 'Dg_D3_scale': 2.6638932557516464, 'Dv_D1_scale': 0.2282168360912353, 'Dv_D2_scale': 3.9987526407648097, 'b_bulk_scale': 0.21914393207923616, 'b_dislocation_scale': 0.13638109852579172, 'gb_scale': 6.102171923136429, 'gd_bubble_scale': 7.13541475033995, 'gd_line_scale': 8.067129571580738, 'gd_line_alpha': 0.5123516061463707, 'coalescence_d_scale': 0.3877180347719227, 'capture_scale': 7.981921224665207}. Best is trial 925 with value: 1.7463781355085592.Best trial: 925. Best value: 1.74638:  69%|██████▉   | 1036/1500 [1:22:50<34:01,  4.40s/it]Best trial: 925. Best value: 1.74638:  69%|██████▉   | 1036/1500 [1:22:50<34:01,  4.40s/it]Best trial: 925. Best value: 1.74638:  69%|██████▉   | 1037/1500 [1:22:50<34:00,  4.41s/it]                                                                                           Best trial: 925. Best value: 1.74638:  69%|██████▉   | 1037/1500 [1:22:54<34:00,  4.41s/it]Best trial: 925. Best value: 1.74638:  69%|██████▉   | 1037/1500 [1:22:54<34:00,  4.41s/it]Best trial: 925. Best value: 1.74638:  69%|██████▉   | 1038/1500 [1:22:54<34:24,  4.47s/it]                                                                                           Best trial: 925. Best value: 1.74638:  69%|██████▉   | 1038/1500 [1:22:57<34:24,  4.47s/it]Best trial: 925. Best value: 1.74638:  69%|██████▉   | 1038/1500 [1:22:58<34:24,  4.47s/it]Best trial: 925. Best value: 1.74638:  69%|██████▉   | 1039/1500 [1:22:58<31:08,  4.05s/it]                                                                                           Best trial: 925. Best value: 1.74638:  69%|██████▉   | 1039/1500 [1:23:02<31:08,  4.05s/it]Best trial: 925. Best value: 1.74638:  69%|██████▉   | 1039/1500 [1:23:02<31:08,  4.05s/it]Best trial: 925. Best value: 1.74638:  69%|██████▉   | 1040/1500 [1:23:02<32:28,  4.23s/it]                                                                                           Best trial: 925. Best value: 1.74638:  69%|██████▉   | 1040/1500 [1:23:07<32:28,  4.23s/it]Best trial: 925. Best value: 1.74638:  69%|██████▉   | 1040/1500 [1:23:07<32:28,  4.23s/it]Best trial: 925. Best value: 1.74638:  69%|██████▉   | 1041/1500 [1:23:07<33:14,  4.34s/it]                                                                                           Best trial: 925. Best value: 1.74638:  69%|██████▉   | 1041/1500 [1:23:12<33:14,  4.34s/it]Best trial: 925. Best value: 1.74638:  69%|██████▉   | 1041/1500 [1:23:12<33:14,  4.34s/it]Best trial: 925. Best value: 1.74638:  69%|██████▉   | 1042/1500 [1:23:12<34:13,  4.48s/it]                                                                                           Best trial: 925. Best value: 1.74638:  69%|██████▉   | 1042/1500 [1:23:16<34:13,  4.48s/it]Best trial: 925. Best value: 1.74638:  69%|██████▉   | 1042/1500 [1:23:16<34:13,  4.48s/it]Best trial: 925. Best value: 1.74638:  70%|██████▉   | 1043/1500 [1:23:16<34:25,  4.52s/it]                                                                                           Best trial: 925. Best value: 1.74638:  70%|██████▉   | 1043/1500 [1:23:21<34:25,  4.52s/it]Best trial: 925. Best value: 1.74638:  70%|██████▉   | 1043/1500 [1:23:21<34:25,  4.52s/it]Best trial: 925. Best value: 1.74638:  70%|██████▉   | 1044/1500 [1:23:21<34:25,  4.53s/it]                                                                                           Best trial: 925. Best value: 1.74638:  70%|██████▉   | 1044/1500 [1:23:25<34:25,  4.53s/it]Best trial: 925. Best value: 1.74638:  70%|██████▉   | 1044/1500 [1:23:25<34:25,  4.53s/it]Best trial: 925. Best value: 1.74638:  70%|██████▉   | 1045/1500 [1:23:25<34:09,  4.50s/it]                                                                                           Best trial: 925. Best value: 1.74638:  70%|██████▉   | 1045/1500 [1:23:28<34:09,  4.50s/it]Best trial: 925. Best value: 1.74638:  70%|██████▉   | 1045/1500 [1:23:28<34:09,  4.50s/it]Best trial: 925. Best value: 1.74638:  70%|██████▉   | 1046/1500 [1:23:28<30:52,  4.08s/it]                                                                                           Best trial: 925. Best value: 1.74638:  70%|██████▉   | 1046/1500 [1:23:33<30:52,  4.08s/it]Best trial: 925. Best value: 1.74638:  70%|██████▉   | 1046/1500 [1:23:33<30:52,  4.08s/it]Best trial: 925. Best value: 1.74638:  70%|██████▉   | 1047/1500 [1:23:33<31:31,  4.18s/it]                                                                                           
[I 2026-05-02 20:15:43,296] Trial 1037 finished with value: 2.181715568640993 and parameters: {'f_n': 8.519124957929467e-07, 'K_d': 840340.8881517265, 'rho_d': 9704601794710.393, 'fission_rate': 6.345491753145437e+19, 'D2_xe_scale': 0.05053646248787592, 'Dg_D1_scale': 0.17530118267062259, 'Dg_D3_scale': 2.1174673256800287, 'Dv_D1_scale': 0.28776222753894537, 'Dv_D2_scale': 3.578067927681023, 'b_bulk_scale': 0.28612765932523243, 'b_dislocation_scale': 0.11403997988223509, 'gb_scale': 7.2392460370163665, 'gd_bubble_scale': 5.39072300403604, 'gd_line_scale': 6.737034541533357, 'gd_line_alpha': 0.3557268121451238, 'coalescence_d_scale': 0.2771049626904369, 'capture_scale': 5.347390032313765}. Best is trial 925 with value: 1.7463781355085592.
[I 2026-05-02 20:15:46,379] Trial 1038 finished with value: 1.7687479488724733 and parameters: {'f_n': 6.925226189771502e-07, 'K_d': 691491.1433026284, 'rho_d': 12719869948774.342, 'fission_rate': 6.24146140323522e+19, 'D2_xe_scale': 0.021580965034667682, 'Dg_D1_scale': 0.18856507019713076, 'Dg_D3_scale': 2.3920008853042396, 'Dv_D1_scale': 0.30382925978805614, 'Dv_D2_scale': 3.387282548069546, 'b_bulk_scale': 0.25479519849184024, 'b_dislocation_scale': 0.15077523080674898, 'gb_scale': 5.642824157332444, 'gd_bubble_scale': 7.905934198656631, 'gd_line_scale': 9.186743222580809, 'gd_line_alpha': 0.45462745222037787, 'coalescence_d_scale': 0.36981703789952936, 'capture_scale': 6.376524154566347}. Best is trial 925 with value: 1.7463781355085592.
[I 2026-05-02 20:15:51,032] Trial 1039 finished with value: 1.849425405412582 and parameters: {'f_n': 5.697495119302466e-07, 'K_d': 780705.457973334, 'rho_d': 13084140427408.293, 'fission_rate': 6.428874587747476e+19, 'D2_xe_scale': 0.01000368422473447, 'Dg_D1_scale': 0.15071470898548345, 'Dg_D3_scale': 2.521334144668143, 'Dv_D1_scale': 0.3174989010548293, 'Dv_D2_scale': 3.6027028109995975, 'b_bulk_scale': 0.33614870590611184, 'b_dislocation_scale': 0.13366649043559867, 'gb_scale': 5.197877970485505, 'gd_bubble_scale': 6.240650815791494, 'gd_line_scale': 7.672962284599318, 'gd_line_alpha': 0.41221485101405214, 'coalescence_d_scale': 0.33554327794157757, 'capture_scale': 7.0777031554809}. Best is trial 925 with value: 1.7463781355085592.
[I 2026-05-02 20:15:55,638] Trial 1040 finished with value: 2.0142315819775862 and parameters: {'f_n': 3.029713163984038e-07, 'K_d': 725938.4034575855, 'rho_d': 11726125112829.705, 'fission_rate': 6.5224654282539614e+19, 'D2_xe_scale': 0.012850908559795014, 'Dg_D1_scale': 0.16641263394963426, 'Dg_D3_scale': 2.2514415975781867, 'Dv_D1_scale': 0.27329209046721253, 'Dv_D2_scale': 3.7903749697327545, 'b_bulk_scale': 0.2985435978085584, 'b_dislocation_scale': 0.11033425340245724, 'gb_scale': 6.573782924333728, 'gd_bubble_scale': 6.840174540917831, 'gd_line_scale': 9.996519135578472, 'gd_line_alpha': 0.5257550407763626, 'coalescence_d_scale': 0.43452529331800593, 'capture_scale': 5.865348127566556}. Best is trial 925 with value: 1.7463781355085592.
[I 2026-05-02 20:16:00,448] Trial 1041 finished with value: 2.7734484691888075 and parameters: {'f_n': 3.924635477766247e-07, 'K_d': 834301.6306769137, 'rho_d': 11031291227191.672, 'fission_rate': 6.17228917615443e+19, 'D2_xe_scale': 0.011735845241203484, 'Dg_D1_scale': 0.17543627725966668, 'Dg_D3_scale': 2.817730788975497, 'Dv_D1_scale': 0.28866225103510457, 'Dv_D2_scale': 3.8143911600014295, 'b_bulk_scale': 0.2421361557435236, 'b_dislocation_scale': 0.1252164119328211, 'gb_scale': 7.989871327117992, 'gd_bubble_scale': 8.101669317185229, 'gd_line_scale': 6.4168665222489265, 'gd_line_alpha': 0.4307514332047946, 'coalescence_d_scale': 4.578555183351893, 'capture_scale': 5.142692708457633}. Best is trial 925 with value: 1.7463781355085592.
[I 2026-05-02 20:16:04,982] Trial 1042 finished with value: 1.787289721032747 and parameters: {'f_n': 4.500270645483391e-07, 'K_d': 773780.6232777634, 'rho_d': 10306201155768.617, 'fission_rate': 6.604081470743141e+19, 'D2_xe_scale': 0.018458789930736328, 'Dg_D1_scale': 0.15888599585303778, 'Dg_D3_scale': 2.206712125485768, 'Dv_D1_scale': 0.26078755128139514, 'Dv_D2_scale': 3.9908339258375967, 'b_bulk_scale': 0.31779163939356286, 'b_dislocation_scale': 0.14516601893858427, 'gb_scale': 5.979366917758568, 'gd_bubble_scale': 7.2844594629228245, 'gd_line_scale': 8.59537912553538, 'gd_line_alpha': 0.48812475693437757, 'coalescence_d_scale': 0.40254138846484916, 'capture_scale': 4.638632960287316}. Best is trial 925 with value: 1.7463781355085592.
[I 2026-05-02 20:16:09,601] Trial 1043 finished with value: 3.8715699569571576 and parameters: {'f_n': 7.038185017488894e-07, 'K_d': 685148.8367295294, 'rho_d': 12322472033498.85, 'fission_rate': 6.3284167158396355e+19, 'D2_xe_scale': 0.015381093278416646, 'Dg_D1_scale': 0.1500833938750798, 'Dg_D3_scale': 0.6781886761096437, 'Dv_D1_scale': 0.24297205843024422, 'Dv_D2_scale': 3.999965652113071, 'b_bulk_scale': 0.35656316738860905, 'b_dislocation_scale': 0.12036648457088688, 'gb_scale': 6.702370786408751, 'gd_bubble_scale': 0.12388510372794136, 'gd_line_scale': 1.4704285143386806, 'gd_line_alpha': 0.38818155104244095, 'coalescence_d_scale': 0.364908627320187, 'capture_scale': 6.497800707775693}. Best is trial 925 with value: 1.7463781355085592.
[I 2026-05-02 20:16:14,047] Trial 1044 finished with value: 2.43346837062811 and parameters: {'f_n': 8.403539537043852e-07, 'K_d': 830548.730235154, 'rho_d': 11389054742736.973, 'fission_rate': 6.4673209504294986e+19, 'D2_xe_scale': 0.011526087057081098, 'Dg_D1_scale': 0.16965976252940349, 'Dg_D3_scale': 2.0483939336462953, 'Dv_D1_scale': 0.31057690795341314, 'Dv_D2_scale': 3.4553746149912334, 'b_bulk_scale': 0.2214293456647797, 'b_dislocation_scale': 0.16471353382842724, 'gb_scale': 7.410695651711764, 'gd_bubble_scale': 8.207100177428487, 'gd_line_scale': 7.293059629545902, 'gd_line_alpha': 0.45680190511808616, 'coalescence_d_scale': 0.30384508861371146, 'capture_scale': 6.995946403484988}. Best is trial 925 with value: 1.7463781355085592.
[I 2026-05-02 20:16:17,137] Trial 1045 finished with value: 1.9807618388019759 and parameters: {'f_n': 5.645819251242489e-07, 'K_d': 746593.4329274582, 'rho_d': 13106714237752.217, 'fission_rate': 6.2861824455624245e+19, 'D2_xe_scale': 0.03195862343791522, 'Dg_D1_scale': 0.18842674230765252, 'Dg_D3_scale': 3.0348338678139735, 'Dv_D1_scale': 0.28738630977664215, 'Dv_D2_scale': 3.636147499449325, 'b_bulk_scale': 0.26935176984414266, 'b_dislocation_scale': 0.1096404226491182, 'gb_scale': 5.28285164350647, 'gd_bubble_scale': 6.116799620284105, 'gd_line_scale': 8.279237196504978, 'gd_line_alpha': 0.5017534102639292, 'coalescence_d_scale': 0.2545429725850923, 'capture_scale': 5.805631734866058}. Best is trial 925 with value: 1.7463781355085592.
[I 2026-05-02 20:16:21,540] Trial 1046 finished with value: 1.7924640240221137 and parameters: {'f_n': 3.534939496473892e-07, 'K_d': 652142.3015306899, 'rho_d': 12057638140657.842, 'fission_rate': 6.711328764876058e+19, 'D2_xe_scale': 0.0416032500723276, 'Dg_D1_scale': 0.15020832769315373, 'Dg_D3_scale': 2.566171927730984, 'Dv_D1_scale': 0.3259761910888424, 'Dv_D2_scale': 3.2479855412262846, 'b_bulk_scale': 0.24728152040868848, 'b_dislocation_scale': 0.13922918731463835, 'gb_scale': 6.205711460439807, 'gd_bubble_scale': 7.1433778501635175, 'gd_line_scale': 7.047310196741784, 'gd_line_alpha': 0.5526542984853382, 'coalescence_d_scale': 0.43663897089761855, 'capture_scale': 7.187416350419774}. Best is trial 925 with value: 1.7463781355085592.
