[I 2026-05-02 19:27:15,341] Trial 387 finished with value: 1.8719208533834182 and parameters: {'f_n': 6.14720589803073e-07, 'K_d': 546774.0872032414, 'rho_d': 9215146569305.795, 'fission_rate': 4.79664647969868e+19, 'D2_xe_scale': 22.230065754481547, 'Dg_D1_scale': 0.3200804740131109, 'Dg_D3_scale': 2.084824747715349, 'Dv_D1_scale': 0.4668253137313936, 'Dv_D2_scale': 2.035460843683931, 'b_bulk_scale': 0.05617946128779194, 'b_dislocation_scale': 0.042772116827350354, 'gb_scale': 2.702076764774088, 'gd_bubble_scale': 5.242146032322156, 'gd_line_scale': 4.531539700474102, 'gd_line_alpha': 0.19853179454143044, 'coalescence_d_scale': 0.4964403772230546, 'capture_scale': 2.5497221895652666}. Best is trial 328 with value: 1.8528912968666595.Best trial: 328. Best value: 1.85289:  26%|██▌       | 387/1500 [34:26<1:40:36,  5.42s/it]Best trial: 328. Best value: 1.85289:  26%|██▌       | 387/1500 [34:26<1:40:36,  5.42s/it]Best trial: 328. Best value: 1.85289:  26%|██▌       | 388/1500 [34:26<1:33:06,  5.02s/it]                                                                                          Best trial: 328. Best value: 1.85289:  26%|██▌       | 388/1500 [34:32<1:33:06,  5.02s/it]Best trial: 328. Best value: 1.85289:  26%|██▌       | 388/1500 [34:32<1:33:06,  5.02s/it]Best trial: 328. Best value: 1.85289:  26%|██▌       | 389/1500 [34:32<1:36:38,  5.22s/it]                                                                                          Best trial: 328. Best value: 1.85289:  26%|██▌       | 389/1500 [34:38<1:36:38,  5.22s/it]Best trial: 328. Best value: 1.85289:  26%|██▌       | 389/1500 [34:38<1:36:38,  5.22s/it]Best trial: 328. Best value: 1.85289:  26%|██▌       | 390/1500 [34:38<1:39:55,  5.40s/it]                                                                                          Best trial: 328. Best value: 1.85289:  26%|██▌       | 390/1500 [34:44<1:39:55,  5.40s/it]Best trial: 328. Best value: 1.85289:  26%|██▌       | 390/1500 [34:44<1:39:55,  5.40s/it]Best trial: 328. Best value: 1.85289:  26%|██▌       | 391/1500 [34:44<1:41:01,  5.47s/it]                                                                                          Best trial: 328. Best value: 1.85289:  26%|██▌       | 391/1500 [34:49<1:41:01,  5.47s/it]Best trial: 328. Best value: 1.85289:  26%|██▌       | 391/1500 [34:49<1:41:01,  5.47s/it]Best trial: 328. Best value: 1.85289:  26%|██▌       | 392/1500 [34:49<1:40:26,  5.44s/it]                                                                                          Best trial: 328. Best value: 1.85289:  26%|██▌       | 392/1500 [34:55<1:40:26,  5.44s/it]Best trial: 328. Best value: 1.85289:  26%|██▌       | 392/1500 [34:55<1:40:26,  5.44s/it]Best trial: 328. Best value: 1.85289:  26%|██▌       | 393/1500 [34:55<1:41:33,  5.50s/it]                                                                                          Best trial: 328. Best value: 1.85289:  26%|██▌       | 393/1500 [34:59<1:41:33,  5.50s/it]Best trial: 328. Best value: 1.85289:  26%|██▌       | 393/1500 [34:59<1:41:33,  5.50s/it]Best trial: 328. Best value: 1.85289:  26%|██▋       | 394/1500 [34:59<1:34:39,  5.14s/it]                                                                                          Best trial: 328. Best value: 1.85289:  26%|██▋       | 394/1500 [35:04<1:34:39,  5.14s/it]Best trial: 328. Best value: 1.85289:  26%|██▋       | 394/1500 [35:05<1:34:39,  5.14s/it]Best trial: 328. Best value: 1.85289:  26%|██▋       | 395/1500 [35:05<1:37:13,  5.28s/it]                                                                                          Best trial: 328. Best value: 1.85289:  26%|██▋       | 395/1500 [35:10<1:37:13,  5.28s/it]Best trial: 328. Best value: 1.85289:  26%|██▋       | 395/1500 [35:10<1:37:13,  5.28s/it]Best trial: 328. Best value: 1.85289:  26%|██▋       | 396/1500 [35:10<1:39:04,  5.38s/it]                                                                                          Best trial: 328. Best value: 1.85289:  26%|██▋       | 396/1500 [35:16<1:39:04,  5.38s/it]Best trial: 328. Best value: 1.85289:  26%|██▋       | 396/1500 [35:16<1:39:04,  5.38s/it]Best trial: 328. Best value: 1.85289:  26%|██▋       | 397/1500 [35:16<1:39:59,  5.44s/it]                                                                                          Best trial: 328. Best value: 1.85289:  26%|██▋       | 397/1500 [35:21<1:39:59,  5.44s/it]Best trial: 328. Best value: 1.85289:  26%|██▋       | 397/1500 [35:21<1:39:59,  5.44s/it]Best trial: 328. Best value: 1.85289:  27%|██▋       | 398/1500 [35:21<1:39:29,  5.42s/it]                                                                                          
[I 2026-05-02 19:27:21,019] Trial 388 finished with value: 2.9184970331275335 and parameters: {'f_n': 5.401104305994499e-07, 'K_d': 526128.8894347049, 'rho_d': 9431081328397.357, 'fission_rate': 4.8500459412940915e+19, 'D2_xe_scale': 22.673002053616322, 'Dg_D1_scale': 0.35971619923246, 'Dg_D3_scale': 2.120603683853034, 'Dv_D1_scale': 0.4503364731938879, 'Dv_D2_scale': 2.0600029024742637, 'b_bulk_scale': 0.056325181137675776, 'b_dislocation_scale': 0.03955205287430389, 'gb_scale': 2.7570767575461526, 'gd_bubble_scale': 2.5053502579640847, 'gd_line_scale': 4.455187016239013, 'gd_line_alpha': 0.20018250607237895, 'coalescence_d_scale': 3.0696867971491213, 'capture_scale': 2.1362899153179193}. Best is trial 328 with value: 1.8528912968666595.
[I 2026-05-02 19:27:26,846] Trial 389 finished with value: 2.1241750009423637 and parameters: {'f_n': 7.064075999094408e-07, 'K_d': 555121.8400716279, 'rho_d': 10234200222801.254, 'fission_rate': 4.695342042100392e+19, 'D2_xe_scale': 24.437924025201315, 'Dg_D1_scale': 0.33151215119081134, 'Dg_D3_scale': 2.8401540116451582, 'Dv_D1_scale': 0.4799812114762325, 'Dv_D2_scale': 0.5788104840915169, 'b_bulk_scale': 0.06088272816938729, 'b_dislocation_scale': 0.04221136885818403, 'gb_scale': 1.9983374624745713, 'gd_bubble_scale': 5.263201631922307, 'gd_line_scale': 4.354682291689674, 'gd_line_alpha': 0.11731586447558588, 'coalescence_d_scale': 0.46465412256178024, 'capture_scale': 3.0088454701952037}. Best is trial 328 with value: 1.8528912968666595.
[I 2026-05-02 19:27:32,461] Trial 390 finished with value: 2.1456519508495266 and parameters: {'f_n': 6.696656069376735e-07, 'K_d': 562717.8519407253, 'rho_d': 10139841748547.941, 'fission_rate': 4.991131700994475e+19, 'D2_xe_scale': 20.411085109158428, 'Dg_D1_scale': 0.3688882478696399, 'Dg_D3_scale': 2.686532757079331, 'Dv_D1_scale': 0.5195797394670998, 'Dv_D2_scale': 0.5363526473043569, 'b_bulk_scale': 0.05390548675279437, 'b_dislocation_scale': 0.034954847714215566, 'gb_scale': 2.564219889346386, 'gd_bubble_scale': 5.2897671555544274, 'gd_line_scale': 4.799431800721221, 'gd_line_alpha': 0.045433305024961984, 'coalescence_d_scale': 0.40782876145187424, 'capture_scale': 2.4341434981778884}. Best is trial 328 with value: 1.8528912968666595.
[I 2026-05-02 19:27:37,839] Trial 391 finished with value: 3.259923005962388 and parameters: {'f_n': 1.2688878289683803e-06, 'K_d': 607796.1746675118, 'rho_d': 9522072933055.17, 'fission_rate': 5.108961554568775e+19, 'D2_xe_scale': 18.93729050016352, 'Dg_D1_scale': 0.38843417672417896, 'Dg_D3_scale': 2.4922687186779577, 'Dv_D1_scale': 0.4444572408510547, 'Dv_D2_scale': 1.9483924868498907, 'b_bulk_scale': 1.2567335060785167, 'b_dislocation_scale': 0.047032583321159914, 'gb_scale': 2.42591334871371, 'gd_bubble_scale': 4.049981445585689, 'gd_line_scale': 5.120833846211523, 'gd_line_alpha': 0.14188862650029388, 'coalescence_d_scale': 0.5737108331595147, 'capture_scale': 3.3560513466618227}. Best is trial 328 with value: 1.8528912968666595.
[I 2026-05-02 19:27:43,489] Trial 392 finished with value: 1.9223596939782241 and parameters: {'f_n': 1.1142426553255718e-06, 'K_d': 671882.8751702312, 'rho_d': 21421055279743.973, 'fission_rate': 4.843303822383756e+19, 'D2_xe_scale': 24.292679681471355, 'Dg_D1_scale': 0.3015114604117445, 'Dg_D3_scale': 2.9112652093213285, 'Dv_D1_scale': 0.479367673359585, 'Dv_D2_scale': 1.9094835608177347, 'b_bulk_scale': 0.043378482238950584, 'b_dislocation_scale': 0.059894843894672374, 'gb_scale': 2.901419599073214, 'gd_bubble_scale': 2.9369159859410416, 'gd_line_scale': 4.282450859395117, 'gd_line_alpha': 0.1973356715509704, 'coalescence_d_scale': 0.49651930636599223, 'capture_scale': 2.811234300447559}. Best is trial 328 with value: 1.8528912968666595.
[I 2026-05-02 19:27:47,770] Trial 393 finished with value: 1.9615173807229844 and parameters: {'f_n': 7.830475914361285e-07, 'K_d': 526733.0051640727, 'rho_d': 8936798051832.28, 'fission_rate': 4.681214122807785e+19, 'D2_xe_scale': 16.466773718346907, 'Dg_D1_scale': 0.2687415793146414, 'Dg_D3_scale': 2.653898608205942, 'Dv_D1_scale': 0.4934212974434074, 'Dv_D2_scale': 1.985561481769775, 'b_bulk_scale': 0.052591833540033106, 'b_dislocation_scale': 0.04475598315217882, 'gb_scale': 1.7633985917384232, 'gd_bubble_scale': 5.297063370778251, 'gd_line_scale': 5.012803271287288, 'gd_line_alpha': 0.16083403120196013, 'coalescence_d_scale': 0.6844492898172638, 'capture_scale': 2.2121800242557095}. Best is trial 328 with value: 1.8528912968666595.
[I 2026-05-02 19:27:53,385] Trial 394 finished with value: 2.524799561336767 and parameters: {'f_n': 4.504915834770599e-07, 'K_d': 177231.0603495251, 'rho_d': 9732121229069.33, 'fission_rate': 4.7722640035073475e+19, 'D2_xe_scale': 21.07374648831103, 'Dg_D1_scale': 0.3495756947997709, 'Dg_D3_scale': 2.3709945592498474, 'Dv_D1_scale': 0.5357791239794433, 'Dv_D2_scale': 1.8222235547092607, 'b_bulk_scale': 0.06439961394431827, 'b_dislocation_scale': 0.03808317115865321, 'gb_scale': 2.0928742885344733, 'gd_bubble_scale': 3.6650637799957297, 'gd_line_scale': 6.048226375288754, 'gd_line_alpha': 0.1262908461649703, 'coalescence_d_scale': 0.44997016893663616, 'capture_scale': 2.9262556595446187}. Best is trial 328 with value: 1.8528912968666595.
[I 2026-05-02 19:27:59,015] Trial 395 finished with value: 2.0754344602313797 and parameters: {'f_n': 5.810739172988922e-07, 'K_d': 630459.5809190582, 'rho_d': 10345559174333.951, 'fission_rate': 4.930439485234496e+19, 'D2_xe_scale': 12.158368598088183, 'Dg_D1_scale': 0.3220214142128152, 'Dg_D3_scale': 0.45015226112300527, 'Dv_D1_scale': 0.45954286402742034, 'Dv_D2_scale': 2.119005436010432, 'b_bulk_scale': 0.05806678513577276, 'b_dislocation_scale': 0.05263704793770385, 'gb_scale': 1.8956651725456377, 'gd_bubble_scale': 4.62663510103173, 'gd_line_scale': 6.79632706081795, 'gd_line_alpha': 0.19205905933574327, 'coalescence_d_scale': 0.40157735659583227, 'capture_scale': 2.513358438521717}. Best is trial 328 with value: 1.8528912968666595.
[I 2026-05-02 19:28:04,582] Trial 396 finished with value: 2.715580262084541 and parameters: {'f_n': 9.974202000153971e-07, 'K_d': 125076.64056746497, 'rho_d': 8386373599206.513, 'fission_rate': 5.022206791410378e+19, 'D2_xe_scale': 15.826939376481524, 'Dg_D1_scale': 0.3831658069386937, 'Dg_D3_scale': 2.899096563577189, 'Dv_D1_scale': 0.8548742108352387, 'Dv_D2_scale': 1.583436983517042, 'b_bulk_scale': 0.04573313315922318, 'b_dislocation_scale': 0.05859977142986128, 'gb_scale': 2.3006694430824086, 'gd_bubble_scale': 3.2766489001642203, 'gd_line_scale': 4.554105069730353, 'gd_line_alpha': 0.09143713520150903, 'coalescence_d_scale': 0.5316969613248465, 'capture_scale': 3.298770114227175}. Best is trial 328 with value: 1.8528912968666595.
[I 2026-05-02 19:28:09,946] Trial 397 finished with value: 3.173403180562237 and parameters: {'f_n': 2.2128353631598552e-08, 'K_d': 578646.0513937798, 'rho_d': 10404441446710.639, 'fission_rate': 5.2421238419986874e+19, 'D2_xe_scale': 25.285408335067583, 'Dg_D1_scale': 0.34393388719540596, 'Dg_D3_scale': 2.5556845337094947, 'Dv_D1_scale': 0.6432139923246478, 'Dv_D2_scale': 1.7939151584180495, 'b_bulk_scale': 0.0335018704451134, 'b_dislocation_scale': 0.043084439515802236, 'gb_scale': 2.719060788645616, 'gd_bubble_scale': 4.039971588633997, 'gd_line_scale': 5.194888913795172, 'gd_line_alpha': 0.1565505489576458, 'coalescence_d_scale': 0.49108526304434486, 'capture_scale': 1.8778578144834615}. Best is trial 328 with value: 1.8528912968666595.
[I 2026-05-02 19:28:15,515] Trial 398 finished with value: 1.8824664970225564 and parameters: {'f_n': 1.3206634118412344e-06, 'K_d': 545860.548059202, 'rho_d': 9213170630130.51, 'fission_rate': 4.882628064461782e+19, 'D2_xe_scale': 18.768602618388044, 'Dg_D1_scale': 0.30228800774183034, 'Dg_D3_scale': 2.7310535567501533, 'Dv_D1_scale': 0.5119156620775526, 'Dv_D2_scale': 1.8993119290326506, 'b_bulk_scale': 0.051222410890422315, 'b_dislocation_scale': 0.04900906104363056, 'gb_scale': 1.6554227932318002, 'gd_bubble_scale': 5.012154349515424, 'gd_line_scale': 4.19298055516472, 'gd_line_alpha': 0.17976767160941828, 'coalescence_d_scale': 0.44696504416012717, 'capture_scale': 2.6335399395195105}. Best is trial 328 with value: 1.8528912968666595.Best trial: 328. Best value: 1.85289:  27%|██▋       | 398/1500 [35:27<1:39:29,  5.42s/it]Best trial: 328. Best value: 1.85289:  27%|██▋       | 398/1500 [35:27<1:39:29,  5.42s/it]Best trial: 328. Best value: 1.85289:  27%|██▋       | 399/1500 [35:27<1:40:14,  5.46s/it]                                                                                          Best trial: 328. Best value: 1.85289:  27%|██▋       | 399/1500 [35:31<1:40:14,  5.46s/it]Best trial: 328. Best value: 1.85289:  27%|██▋       | 399/1500 [35:31<1:40:14,  5.46s/it]Best trial: 328. Best value: 1.85289:  27%|██▋       | 400/1500 [35:31<1:32:50,  5.06s/it]                                                                                          Best trial: 328. Best value: 1.85289:  27%|██▋       | 400/1500 [35:37<1:32:50,  5.06s/it]Best trial: 328. Best value: 1.85289:  27%|██▋       | 400/1500 [35:37<1:32:50,  5.06s/it]Best trial: 328. Best value: 1.85289:  27%|██▋       | 401/1500 [35:37<1:36:57,  5.29s/it]                                                                                          Best trial: 328. Best value: 1.85289:  27%|██▋       | 401/1500 [35:42<1:36:57,  5.29s/it]Best trial: 328. Best value: 1.85289:  27%|██▋       | 401/1500 [35:42<1:36:57,  5.29s/it]Best trial: 328. Best value: 1.85289:  27%|██▋       | 402/1500 [35:42<1:39:15,  5.42s/it]                                                                                          Best trial: 328. Best value: 1.85289:  27%|██▋       | 402/1500 [35:48<1:39:15,  5.42s/it]Best trial: 328. Best value: 1.85289:  27%|██▋       | 402/1500 [35:48<1:39:15,  5.42s/it]Best trial: 328. Best value: 1.85289:  27%|██▋       | 403/1500 [35:48<1:40:33,  5.50s/it]                                                                                          Best trial: 328. Best value: 1.85289:  27%|██▋       | 403/1500 [35:54<1:40:33,  5.50s/it]Best trial: 328. Best value: 1.85289:  27%|██▋       | 403/1500 [35:54<1:40:33,  5.50s/it]Best trial: 328. Best value: 1.85289:  27%|██▋       | 404/1500 [35:54<1:45:04,  5.75s/it]                                                                                          Best trial: 328. Best value: 1.85289:  27%|██▋       | 404/1500 [35:59<1:45:04,  5.75s/it]Best trial: 328. Best value: 1.85289:  27%|██▋       | 404/1500 [35:59<1:45:04,  5.75s/it]Best trial: 328. Best value: 1.85289:  27%|██▋       | 405/1500 [35:59<1:36:36,  5.29s/it]                                                                                          Best trial: 328. Best value: 1.85289:  27%|██▋       | 405/1500 [36:04<1:36:36,  5.29s/it]Best trial: 328. Best value: 1.85289:  27%|██▋       | 405/1500 [36:04<1:36:36,  5.29s/it]Best trial: 328. Best value: 1.85289:  27%|██▋       | 406/1500 [36:04<1:36:57,  5.32s/it]                                                                                          Best trial: 328. Best value: 1.85289:  27%|██▋       | 406/1500 [36:07<1:36:57,  5.32s/it]Best trial: 328. Best value: 1.85289:  27%|██▋       | 406/1500 [36:07<1:36:57,  5.32s/it]Best trial: 328. Best value: 1.85289:  27%|██▋       | 407/1500 [36:07<1:22:53,  4.55s/it]                                                                                          Best trial: 328. Best value: 1.85289:  27%|██▋       | 407/1500 [36:12<1:22:53,  4.55s/it]Best trial: 328. Best value: 1.85289:  27%|██▋       | 407/1500 [36:12<1:22:53,  4.55s/it]Best trial: 328. Best value: 1.85289:  27%|██▋       | 408/1500 [36:12<1:27:25,  4.80s/it]                                                                                          Best trial: 328. Best value: 1.85289:  27%|██▋       | 408/1500 [36:17<1:27:25,  4.80s/it]Best trial: 328. Best value: 1.85289:  27%|██▋       | 408/1500 [36:17<1:27:25,  4.80s/it]Best trial: 328. Best value: 1.85289:  27%|██▋       | 409/1500 [36:17<1:30:05,  4.95s/it]                                                                                          
[I 2026-05-02 19:28:19,645] Trial 399 finished with value: 3.1290491968178773 and parameters: {'f_n': 1.4631862408225013e-06, 'K_d': 505975.2587570277, 'rho_d': 25174274695430.113, 'fission_rate': 4.844480498724363e+19, 'D2_xe_scale': 20.726968132608423, 'Dg_D1_scale': 0.2790459437572889, 'Dg_D3_scale': 2.7668448262805083, 'Dv_D1_scale': 0.5073573458130352, 'Dv_D2_scale': 2.0268143007105555, 'b_bulk_scale': 0.06399979093292775, 'b_dislocation_scale': 0.04740853080913531, 'gb_scale': 1.6894134465372506, 'gd_bubble_scale': 5.12054606998381, 'gd_line_scale': 4.30734879906566, 'gd_line_alpha': 0.20786747931920363, 'coalescence_d_scale': 0.8350184848190237, 'capture_scale': 2.089731286781971}. Best is trial 328 with value: 1.8528912968666595.
[I 2026-05-02 19:28:25,476] Trial 400 finished with value: 3.7322866847527543 and parameters: {'f_n': 1.2827677827542975e-06, 'K_d': 541200.0917072833, 'rho_d': 8814260479408.166, 'fission_rate': 4.695406351458953e+19, 'D2_xe_scale': 18.74779279116606, 'Dg_D1_scale': 0.29774141265862725, 'Dg_D3_scale': 2.6758970404389655, 'Dv_D1_scale': 0.4378167666135953, 'Dv_D2_scale': 1.9072003807237634, 'b_bulk_scale': 0.055297104380549036, 'b_dislocation_scale': 0.04975025963946859, 'gb_scale': 1.5972022337524319, 'gd_bubble_scale': 5.457935767708857, 'gd_line_scale': 0.06501159114531319, 'gd_line_alpha': 0.18438010436509567, 'coalescence_d_scale': 0.39749450367650135, 'capture_scale': 3.359042374478606}. Best is trial 328 with value: 1.8528912968666595.
[I 2026-05-02 19:28:31,204] Trial 401 finished with value: 1.959163698538055 and parameters: {'f_n': 1.3520400522271526e-06, 'K_d': 608212.4195570019, 'rho_d': 9229768356039.488, 'fission_rate': 4.771159178498076e+19, 'D2_xe_scale': 23.589499180464998, 'Dg_D1_scale': 0.31649731656360897, 'Dg_D3_scale': 2.986222495253601, 'Dv_D1_scale': 0.48235845547972295, 'Dv_D2_scale': 1.6738640383198697, 'b_bulk_scale': 0.03757330976178486, 'b_dislocation_scale': 0.04269820284348958, 'gb_scale': 2.1456071340652754, 'gd_bubble_scale': 4.976850581007035, 'gd_line_scale': 4.095020296016132, 'gd_line_alpha': 0.13169953337570306, 'coalescence_d_scale': 0.4313295356638468, 'capture_scale': 2.9360064155897456}. Best is trial 328 with value: 1.8528912968666595.
[I 2026-05-02 19:28:36,882] Trial 402 finished with value: 4.066493455844388 and parameters: {'f_n': 1.0409175835476998e-06, 'K_d': 671006.4997813009, 'rho_d': 10289373476969.46, 'fission_rate': 4.896823287680608e+19, 'D2_xe_scale': 18.182234099409246, 'Dg_D1_scale': 0.29861922067087965, 'Dg_D3_scale': 2.2004706750081766, 'Dv_D1_scale': 0.5172121050597651, 'Dv_D2_scale': 2.065543232368186, 'b_bulk_scale': 2.028719220734408, 'b_dislocation_scale': 0.03714692339277152, 'gb_scale': 2.498148409729739, 'gd_bubble_scale': 4.6240126495088685, 'gd_line_scale': 4.985462227302229, 'gd_line_alpha': 0.07443702547125125, 'coalescence_d_scale': 0.58180962820885, 'capture_scale': 2.3548457060218264}. Best is trial 328 with value: 1.8528912968666595.
[I 2026-05-02 19:28:43,223] Trial 403 finished with value: 2.909096940580419 and parameters: {'f_n': 1.0758734516676395e-08, 'K_d': 517308.44043041475, 'rho_d': 9268419144381.29, 'fission_rate': 4.64732000494632e+19, 'D2_xe_scale': 26.126718936001634, 'Dg_D1_scale': 0.3272783058013432, 'Dg_D3_scale': 0.3639642367292192, 'Dv_D1_scale': 0.4355243951034511, 'Dv_D2_scale': 0.8448719846651397, 'b_bulk_scale': 0.05130600661408189, 'b_dislocation_scale': 0.04944720696846569, 'gb_scale': 1.8365785504501655, 'gd_bubble_scale': 5.459835828829285, 'gd_line_scale': 4.52148896102448, 'gd_line_alpha': 0.10860678414610808, 'coalescence_d_scale': 0.445540549351038, 'capture_scale': 1.3892834187104417}. Best is trial 328 with value: 1.8528912968666595.
[I 2026-05-02 19:28:47,448] Trial 404 finished with value: 3.927620999245072 and parameters: {'f_n': 7.003063807609374e-10, 'K_d': 634994.7283190086, 'rho_d': 8715534893000.145, 'fission_rate': 4.817867010160449e+19, 'D2_xe_scale': 13.63706800153258, 'Dg_D1_scale': 0.4009864042085189, 'Dg_D3_scale': 2.8888033552098484, 'Dv_D1_scale': 0.4684697120254991, 'Dv_D2_scale': 1.8880153322191529, 'b_bulk_scale': 0.04191158371840101, 'b_dislocation_scale': 0.040425016876521884, 'gb_scale': 2.2165606119282693, 'gd_bubble_scale': 4.00215593621221, 'gd_line_scale': 4.079631283600531, 'gd_line_alpha': 0.17894122606501628, 'coalescence_d_scale': 0.5246916119137789, 'capture_scale': 2.7016203556367744}. Best is trial 328 with value: 1.8528912968666595.
