[I 2026-05-02 20:35:35,055] Trial 1303 finished with value: 3.0486183616738183 and parameters: {'f_n': 5.414779967691076e-07, 'K_d': 646837.2722708834, 'rho_d': 10127648286884.908, 'fission_rate': 6.278242726277953e+19, 'D2_xe_scale': 0.043635448508554484, 'Dg_D1_scale': 0.2200917871032681, 'Dg_D3_scale': 2.810084370180471, 'Dv_D1_scale': 3.640025275065694, 'Dv_D2_scale': 3.7913978689987387, 'b_bulk_scale': 0.709756285794424, 'b_dislocation_scale': 0.1775397044671444, 'gb_scale': 4.5941651881566905, 'gd_bubble_scale': 8.526467859721343, 'gd_line_scale': 7.1167107912615295, 'gd_line_alpha': 0.49436550085873804, 'coalescence_d_scale': 0.3877641311215893, 'capture_scale': 4.9751127167263}. Best is trial 1126 with value: 1.7410514264406347.
[I 2026-05-02 20:35:39,800] Trial 1304 finished with value: 1.9554879740639237 and parameters: {'f_n': 6.689299541861895e-07, 'K_d': 731544.0213692683, 'rho_d': 11716046326228.766, 'fission_rate': 6.346842149317943e+19, 'D2_xe_scale': 0.09209586317486693, 'Dg_D1_scale': 0.18067850200399355, 'Dg_D3_scale': 3.1519057304162454, 'Dv_D1_scale': 0.25563647277767276, 'Dv_D2_scale': 3.4392429395363586, 'b_bulk_scale': 0.49247350226847575, 'b_dislocation_scale': 0.12390168092758286, 'gb_scale': 5.161768870960037, 'gd_bubble_scale': 7.550430644947794, 'gd_line_scale': 7.510978586561484, 'gd_line_alpha': 0.5643145248820798, 'coalescence_d_scale': 0.3300566462752812, 'capture_scale': 7.120777905855918}. Best is trial 1126 with value: 1.7410514264406347.
[I 2026-05-02 20:35:42,937] Trial 1305 finished with value: 2.4196746765832597 and parameters: {'f_n': 3.758914376837203e-07, 'K_d': 684149.7708339776, 'rho_d': 10661925640047.113, 'fission_rate': 6.164940976857179e+19, 'D2_xe_scale': 0.0563498894731708, 'Dg_D1_scale': 0.17639016039793673, 'Dg_D3_scale': 2.5830561747385636, 'Dv_D1_scale': 0.3570559843211831, 'Dv_D2_scale': 3.782599080953902, 'b_bulk_scale': 0.325570303887528, 'b_dislocation_scale': 0.19549164518647733, 'gb_scale': 5.812074442763889, 'gd_bubble_scale': 6.132485745849707, 'gd_line_scale': 5.252620887471901, 'gd_line_alpha': 0.5259374274978822, 'coalescence_d_scale': 0.4877920110200825, 'capture_scale': 5.5184754672680265}. Best is trial 1126 with value: 1.7410514264406347.
[I 2026-05-02 20:35:47,878] Trial 1306 finished with value: 1.9976187531373024 and parameters: {'f_n': 4.796864648280546e-07, 'K_d': 734887.5696901584, 'rho_d': 11392091186638.62, 'fission_rate': 5.950748405838624e+19, 'D2_xe_scale': 0.822466354423037, 'Dg_D1_scale': 1.9021568499175099, 'Dg_D3_scale': 3.394276061274921, 'Dv_D1_scale': 0.29229918431706403, 'Dv_D2_scale': 3.619768185281739, 'b_bulk_scale': 0.23993828307639145, 'b_dislocation_scale': 0.15327362707958642, 'gb_scale': 6.155650720910044, 'gd_bubble_scale': 2.3689065960715503, 'gd_line_scale': 6.415639674794854, 'gd_line_alpha': 0.6147402641244137, 'coalescence_d_scale': 0.5652657906602232, 'capture_scale': 6.364292421889649}. Best is trial 1126 with value: 1.7410514264406347.
[I 2026-05-02 20:35:52,767] Trial 1307 finished with value: 1.8531538304081936 and parameters: {'f_n': 9.88881205821697e-07, 'K_d': 656257.5018019456, 'rho_d': 12437474181772.486, 'fission_rate': 6.053274166205772e+19, 'D2_xe_scale': 0.0746826747741097, 'Dg_D1_scale': 0.20266986430028971, 'Dg_D3_scale': 2.340906409198626, 'Dv_D1_scale': 0.3199888825724482, 'Dv_D2_scale': 3.4094836699438553, 'b_bulk_scale': 0.3937114943854399, 'b_dislocation_scale': 0.13261219173313676, 'gb_scale': 5.318677226292439, 'gd_bubble_scale': 9.984149226804515, 'gd_line_scale': 7.734054653858211, 'gd_line_alpha': 0.5739691359097816, 'coalescence_d_scale': 0.3623631208217086, 'capture_scale': 0.0323030762405489}. Best is trial 1126 with value: 1.7410514264406347.
[I 2026-05-02 20:35:57,383] Trial 1308 finished with value: 1.8713330303497802 and parameters: {'f_n': 7.439532169317922e-07, 'K_d': 691683.7675861835, 'rho_d': 9729492968793.977, 'fission_rate': 6.423514784150405e+19, 'D2_xe_scale': 0.0872724534761265, 'Dg_D1_scale': 0.9571344128652723, 'Dg_D3_scale': 2.9203659559655124, 'Dv_D1_scale': 0.271346837185054, 'Dv_D2_scale': 3.9914561142718528, 'b_bulk_scale': 0.45489603262658584, 'b_dislocation_scale': 0.17156613468452636, 'gb_scale': 6.09710473384589, 'gd_bubble_scale': 6.884117577518239, 'gd_line_scale': 6.93662125409951, 'gd_line_alpha': 0.5982903498874382, 'coalescence_d_scale': 0.2849420832893299, 'capture_scale': 7.05445200225373}. Best is trial 1126 with value: 1.7410514264406347.
[I 2026-05-02 20:36:02,129] Trial 1309 finished with value: 1.7547704997560662 and parameters: {'f_n': 3.531649854641449e-07, 'K_d': 754560.2223090425, 'rho_d': 10606935826579.363, 'fission_rate': 6.2416757306048406e+19, 'D2_xe_scale': 0.06333527471376595, 'Dg_D1_scale': 0.17348066492201997, 'Dg_D3_scale': 2.5828353102058452, 'Dv_D1_scale': 0.28463543688877607, 'Dv_D2_scale': 3.781219434451227, 'b_bulk_scale': 0.2982839080844676, 'b_dislocation_scale': 0.14010375047235926, 'gb_scale': 4.426348245217409, 'gd_bubble_scale': 8.362168461298598, 'gd_line_scale': 5.711885897593614, 'gd_line_alpha': 0.4853207361958446, 'coalescence_d_scale': 0.4084368981038655, 'capture_scale': 5.669290408000542}. Best is trial 1126 with value: 1.7410514264406347.
[I 2026-05-02 20:36:06,943] Trial 1310 finished with value: 1.9203711319307688 and parameters: {'f_n': 2.608464335099637e-07, 'K_d': 737333.5525883131, 'rho_d': 10216041407570.816, 'fission_rate': 6.192472211467133e+19, 'D2_xe_scale': 0.0664614075661776, 'Dg_D1_scale': 0.19360740791960546, 'Dg_D3_scale': 2.7488512942879613, 'Dv_D1_scale': 0.25169219562051476, 'Dv_D2_scale': 3.7843040408660364, 'b_bulk_scale': 0.3429855036540544, 'b_dislocation_scale': 0.12189438292324001, 'gb_scale': 4.348296584124842, 'gd_bubble_scale': 9.984105590269083, 'gd_line_scale': 5.9475781532301895, 'gd_line_alpha': 0.49041543064038795, 'coalescence_d_scale': 0.5378348284642538, 'capture_scale': 6.012480229714854}. Best is trial 1126 with value: 1.7410514264406347.
[I 2026-05-02 20:36:11,390] Trial 1311 finished with value: 3.3185371200282647 and parameters: {'f_n': 3.0509329846951363e-07, 'K_d': 634034.8764636639, 'rho_d': 8894606142769.434, 'fission_rate': 6.254411011625515e+19, 'D2_xe_scale': 0.057085806010285095, 'Dg_D1_scale': 0.20319093327720278, 'Dg_D3_scale': 3.014397631629087, 'Dv_D1_scale': 0.2721221055413651, 'Dv_D2_scale': 3.594414340426767, 'b_bulk_scale': 0.41153509278704276, 'b_dislocation_scale': 0.4656001590841599, 'gb_scale': 4.248637877516166, 'gd_bubble_scale': 8.848697894749588, 'gd_line_scale': 4.933887900893759, 'gd_line_alpha': 0.5030563711501326, 'coalescence_d_scale': 0.45524978204813193, 'capture_scale': 7.189903244684186}. Best is trial 1126 with value: 1.7410514264406347.Best trial: 1126. Best value: 1.74105:  87%|████████▋ | 1311/1500 [1:43:22<14:45,  4.69s/it]Best trial: 1126. Best value: 1.74105:  87%|████████▋ | 1311/1500 [1:43:23<14:45,  4.69s/it]Best trial: 1126. Best value: 1.74105:  87%|████████▋ | 1312/1500 [1:43:23<14:27,  4.61s/it]                                                                                            Best trial: 1126. Best value: 1.74105:  87%|████████▋ | 1312/1500 [1:43:26<14:27,  4.61s/it]Best trial: 1126. Best value: 1.74105:  87%|████████▋ | 1312/1500 [1:43:26<14:27,  4.61s/it]Best trial: 1126. Best value: 1.74105:  88%|████████▊ | 1313/1500 [1:43:26<13:06,  4.20s/it]                                                                                            Best trial: 1126. Best value: 1.74105:  88%|████████▊ | 1313/1500 [1:43:30<13:06,  4.20s/it]Best trial: 1126. Best value: 1.74105:  88%|████████▊ | 1313/1500 [1:43:31<13:06,  4.20s/it]Best trial: 1126. Best value: 1.74105:  88%|████████▊ | 1314/1500 [1:43:31<13:33,  4.38s/it]                                                                                            Best trial: 1126. Best value: 1.74105:  88%|████████▊ | 1314/1500 [1:43:35<13:33,  4.38s/it]Best trial: 1126. Best value: 1.74105:  88%|████████▊ | 1314/1500 [1:43:35<13:33,  4.38s/it]Best trial: 1126. Best value: 1.74105:  88%|████████▊ | 1315/1500 [1:43:35<13:24,  4.35s/it]                                                                                            Best trial: 1126. Best value: 1.74105:  88%|████████▊ | 1315/1500 [1:43:39<13:24,  4.35s/it]Best trial: 1126. Best value: 1.74105:  88%|████████▊ | 1315/1500 [1:43:39<13:24,  4.35s/it]Best trial: 1126. Best value: 1.74105:  88%|████████▊ | 1316/1500 [1:43:39<13:01,  4.25s/it]                                                                                            Best trial: 1126. Best value: 1.74105:  88%|████████▊ | 1316/1500 [1:43:44<13:01,  4.25s/it]Best trial: 1126. Best value: 1.74105:  88%|████████▊ | 1316/1500 [1:43:44<13:01,  4.25s/it]Best trial: 1126. Best value: 1.74105:  88%|████████▊ | 1317/1500 [1:43:44<13:33,  4.44s/it]                                                                                            Best trial: 1126. Best value: 1.74105:  88%|████████▊ | 1317/1500 [1:43:48<13:33,  4.44s/it]Best trial: 1126. Best value: 1.74105:  88%|████████▊ | 1317/1500 [1:43:49<13:33,  4.44s/it]Best trial: 1126. Best value: 1.74105:  88%|████████▊ | 1318/1500 [1:43:49<13:45,  4.54s/it]                                                                                            Best trial: 1126. Best value: 1.74105:  88%|████████▊ | 1318/1500 [1:43:53<13:45,  4.54s/it]Best trial: 1126. Best value: 1.74105:  88%|████████▊ | 1318/1500 [1:43:53<13:45,  4.54s/it]Best trial: 1126. Best value: 1.74105:  88%|████████▊ | 1319/1500 [1:43:53<13:58,  4.63s/it]                                                                                            Best trial: 1126. Best value: 1.74105:  88%|████████▊ | 1319/1500 [1:43:57<13:58,  4.63s/it]Best trial: 1126. Best value: 1.74105:  88%|████████▊ | 1319/1500 [1:43:57<13:58,  4.63s/it]Best trial: 1126. Best value: 1.74105:  88%|████████▊ | 1320/1500 [1:43:57<12:40,  4.22s/it]                                                                                            Best trial: 1126. Best value: 1.74105:  88%|████████▊ | 1320/1500 [1:44:01<12:40,  4.22s/it]Best trial: 1126. Best value: 1.74105:  88%|████████▊ | 1320/1500 [1:44:01<12:40,  4.22s/it]Best trial: 1126. Best value: 1.74105:  88%|████████▊ | 1321/1500 [1:44:01<13:04,  4.38s/it]                                                                                            Best trial: 1126. Best value: 1.74105:  88%|████████▊ | 1321/1500 [1:44:06<13:04,  4.38s/it]Best trial: 1126. Best value: 1.74105:  88%|████████▊ | 1321/1500 [1:44:06<13:04,  4.38s/it]Best trial: 1126. Best value: 1.74105:  88%|████████▊ | 1322/1500 [1:44:06<13:24,  4.52s/it]                                                                                            
[I 2026-05-02 20:36:14,638] Trial 1312 finished with value: 1.7721465912885206 and parameters: {'f_n': 3.2178204986612855e-07, 'K_d': 691867.0358503162, 'rho_d': 9201471252734.695, 'fission_rate': 6.117285859685805e+19, 'D2_xe_scale': 0.06346534679032287, 'Dg_D1_scale': 0.21519460406979926, 'Dg_D3_scale': 3.2710889610952747, 'Dv_D1_scale': 0.2625002019975617, 'Dv_D2_scale': 3.999784579827028, 'b_bulk_scale': 0.3122265522053771, 'b_dislocation_scale': 0.1514019974892125, 'gb_scale': 4.380494400157351, 'gd_bubble_scale': 8.44963432050153, 'gd_line_scale': 6.025112088567145, 'gd_line_alpha': 0.4785173104370903, 'coalescence_d_scale': 0.39906706851709345, 'capture_scale': 6.434915360926032}. Best is trial 1126 with value: 1.7410514264406347.
[I 2026-05-02 20:36:19,412] Trial 1313 finished with value: 2.087658806134816 and parameters: {'f_n': 3.578038805602557e-07, 'K_d': 595950.9338609449, 'rho_d': 9794937842689.832, 'fission_rate': 6.1935503390216045e+19, 'D2_xe_scale': 0.05165226212953969, 'Dg_D1_scale': 0.18843178281361994, 'Dg_D3_scale': 0.42647606309844494, 'Dv_D1_scale': 0.23576063438048017, 'Dv_D2_scale': 3.218424231384215, 'b_bulk_scale': 0.3770307970826188, 'b_dislocation_scale': 0.13518946571535626, 'gb_scale': 4.56149207010653, 'gd_bubble_scale': 8.916989013239963, 'gd_line_scale': 5.800306484487772, 'gd_line_alpha': 0.5131660553968158, 'coalescence_d_scale': 0.3160999299206177, 'capture_scale': 0.042623093036762455}. Best is trial 1126 with value: 1.7410514264406347.
[I 2026-05-02 20:36:23,696] Trial 1314 finished with value: 2.0755878263716636 and parameters: {'f_n': 2.3818107146589255e-07, 'K_d': 745834.2137924775, 'rho_d': 10473270703092.475, 'fission_rate': 7.087620020272051e+19, 'D2_xe_scale': 0.07959642986860904, 'Dg_D1_scale': 0.17650031105605274, 'Dg_D3_scale': 2.624172926296138, 'Dv_D1_scale': 0.28168243503584667, 'Dv_D2_scale': 3.629403983694523, 'b_bulk_scale': 0.34860422400479574, 'b_dislocation_scale': 0.18255068498150412, 'gb_scale': 5.067252324385029, 'gd_bubble_scale': 8.18746797398335, 'gd_line_scale': 5.602190736069947, 'gd_line_alpha': 0.5349861516541279, 'coalescence_d_scale': 0.4829201521529294, 'capture_scale': 0.02617354566732212}. Best is trial 1126 with value: 1.7410514264406347.
[I 2026-05-02 20:36:27,704] Trial 1315 finished with value: 2.2685619760380824 and parameters: {'f_n': 3.2667136051713326e-07, 'K_d': 664101.555830302, 'rho_d': 7958941822746.52, 'fission_rate': 7.599670537386843e+19, 'D2_xe_scale': 0.04776930315442796, 'Dg_D1_scale': 0.17756754111028955, 'Dg_D3_scale': 2.7755879643875483, 'Dv_D1_scale': 0.2471351282795367, 'Dv_D2_scale': 3.7917594110990938, 'b_bulk_scale': 0.5187615275702054, 'b_dislocation_scale': 0.2147899898151622, 'gb_scale': 4.49446654676455, 'gd_bubble_scale': 9.146343298397534, 'gd_line_scale': 4.779769366639662, 'gd_line_alpha': 0.49756859505144785, 'coalescence_d_scale': 0.3642650962571973, 'capture_scale': 7.984073211890823}. Best is trial 1126 with value: 1.7410514264406347.
[I 2026-05-02 20:36:32,594] Trial 1316 finished with value: 1.969429458075059 and parameters: {'f_n': 4.173473414698966e-07, 'K_d': 706162.1570789631, 'rho_d': 10654000897730.904, 'fission_rate': 6.027416701504964e+19, 'D2_xe_scale': 0.06829302863916528, 'Dg_D1_scale': 0.19344519684442169, 'Dg_D3_scale': 3.7370179878105163, 'Dv_D1_scale': 0.28127656053740757, 'Dv_D2_scale': 3.419846242395974, 'b_bulk_scale': 0.2592481007859707, 'b_dislocation_scale': 0.16258971782776563, 'gb_scale': 4.849988307266113, 'gd_bubble_scale': 8.062342747402768, 'gd_line_scale': 5.239503141381999, 'gd_line_alpha': 0.5192559163951584, 'coalescence_d_scale': 0.5969458615749981, 'capture_scale': 5.176909241699835}. Best is trial 1126 with value: 1.7410514264406347.
[I 2026-05-02 20:36:37,362] Trial 1317 finished with value: 4.269018147314802 and parameters: {'f_n': 5.366154740798438e-07, 'K_d': 557619.9930834129, 'rho_d': 53302855663452.44, 'fission_rate': 6.272148268153983e+19, 'D2_xe_scale': 0.11726518289501739, 'Dg_D1_scale': 0.17233135443398584, 'Dg_D3_scale': 2.92945254167405, 'Dv_D1_scale': 0.2679511953356708, 'Dv_D2_scale': 3.99414434798572, 'b_bulk_scale': 0.4364385751999158, 'b_dislocation_scale': 0.1185259215226932, 'gb_scale': 4.605890346894015, 'gd_bubble_scale': 8.780189814493841, 'gd_line_scale': 5.175299694758744, 'gd_line_alpha': 0.47361816805882545, 'coalescence_d_scale': 0.43487288028080096, 'capture_scale': 5.8158831989423305}. Best is trial 1126 with value: 1.7410514264406347.
[I 2026-05-02 20:36:42,226] Trial 1318 finished with value: 4.136636671750129 and parameters: {'f_n': 2.838589754763142e-07, 'K_d': 751770.3617143591, 'rho_d': 22053051306668.38, 'fission_rate': 6.097265019056114e+19, 'D2_xe_scale': 0.05699415300557638, 'Dg_D1_scale': 0.18340944601527503, 'Dg_D3_scale': 2.565706736852101, 'Dv_D1_scale': 1.6896952990879948, 'Dv_D2_scale': 3.77574405500788, 'b_bulk_scale': 0.3017999249763488, 'b_dislocation_scale': 0.14037180524260137, 'gb_scale': 4.798328929424598, 'gd_bubble_scale': 9.080372761396347, 'gd_line_scale': 6.021946726371372, 'gd_line_alpha': 0.5313263337216573, 'coalescence_d_scale': 0.2612532903633618, 'capture_scale': 7.098559564679305}. Best is trial 1126 with value: 1.7410514264406347.
[I 2026-05-02 20:36:45,484] Trial 1319 finished with value: 2.1287717294673807 and parameters: {'f_n': 4.031985218622685e-07, 'K_d': 631871.657722809, 'rho_d': 9806395587869.602, 'fission_rate': 6.201642023841594e+19, 'D2_xe_scale': 0.0433677631863831, 'Dg_D1_scale': 0.21356023389249498, 'Dg_D3_scale': 3.2585487556371975, 'Dv_D1_scale': 0.21157033170587425, 'Dv_D2_scale': 3.588888044017383, 'b_bulk_scale': 0.3304522653555767, 'b_dislocation_scale': 0.19092517530293332, 'gb_scale': 4.468394126333603, 'gd_bubble_scale': 7.70817753497305, 'gd_line_scale': 5.42449474814984, 'gd_line_alpha': 0.4873131923812929, 'coalescence_d_scale': 0.3301569834319514, 'capture_scale': 4.532102351968934}. Best is trial 1126 with value: 1.7410514264406347.
[I 2026-05-02 20:36:50,248] Trial 1320 finished with value: 3.466891454508282 and parameters: {'f_n': 1.4413220042284153e-09, 'K_d': 680339.5309692363, 'rho_d': 10858138732718.678, 'fission_rate': 6.24809269604601e+19, 'D2_xe_scale': 0.09412512451905981, 'Dg_D1_scale': 0.1701757246615112, 'Dg_D3_scale': 3.036962513535591, 'Dv_D1_scale': 0.29162890271215625, 'Dv_D2_scale': 3.996184381133728, 'b_bulk_scale': 0.3867600620565905, 'b_dislocation_scale': 0.1609319682281187, 'gb_scale': 5.493407602828169, 'gd_bubble_scale': 9.973995397400799, 'gd_line_scale': 6.505102676525043, 'gd_line_alpha': 0.5514617736229133, 'coalescence_d_scale': 0.5084247649027995, 'capture_scale': 7.979184705954363}. Best is trial 1126 with value: 1.7410514264406347.
[I 2026-05-02 20:36:55,079] Trial 1321 finished with value: 1.936657408395374 and parameters: {'f_n': 8.228445003747345e-07, 'K_d': 730971.2175869147, 'rho_d': 10159860119061.29, 'fission_rate': 6.1431889411058065e+19, 'D2_xe_scale': 0.07465469894716302, 'Dg_D1_scale': 0.2006622969593389, 'Dg_D3_scale': 2.8152489276752446, 'Dv_D1_scale': 0.2571402379013394, 'Dv_D2_scale': 3.3152570765703824, 'b_bulk_scale': 0.2726658977582008, 'b_dislocation_scale': 0.12522165286296905, 'gb_scale': 5.016596552405367, 'gd_bubble_scale': 8.011880690246933, 'gd_line_scale': 5.58504097627283, 'gd_line_alpha': 0.5018496522283954, 'coalescence_d_scale': 0.3990515951718292, 'capture_scale': 6.33101484376886}. Best is trial 1126 with value: 1.7410514264406347.
