[I 2026-05-02 18:54:02,198] Trial 17 finished with value: 3.6299393245219083 and parameters: {'f_n': 4.445567446042001e-09, 'K_d': 391068.39888937195, 'rho_d': 8119221868148.812, 'fission_rate': 7.333091203468468e+19, 'D2_xe_scale': 0.01141076268551517, 'Dg_D1_scale': 0.8040669196369864, 'Dg_D3_scale': 0.4306495868200473, 'Dv_D1_scale': 0.8739179097483015, 'Dv_D2_scale': 0.22868085592618034, 'b_bulk_scale': 0.40023966275226813, 'b_dislocation_scale': 0.06167578189455205, 'gb_scale': 0.053286465745241894, 'gd_bubble_scale': 0.2639121917767196, 'gd_line_scale': 0.9756186845138558, 'gd_line_alpha': 0.8796765493523814, 'coalescence_d_scale': 0.23514823899607273, 'capture_scale': 1.4572303280809369}. Best is trial 1 with value: 2.553181948962033.
[I 2026-05-02 18:54:05,888] Trial 18 finished with value: 3.8920830533970383 and parameters: {'f_n': 4.157771995081499e-08, 'K_d': 413418.90010095265, 'rho_d': 16406256827836.094, 'fission_rate': 7.810706756629465e+19, 'D2_xe_scale': 0.3368583344042092, 'Dg_D1_scale': 1.525523220612961, 'Dg_D3_scale': 3.4124744446375046, 'Dv_D1_scale': 0.37357673064669983, 'Dv_D2_scale': 0.614787204946785, 'b_bulk_scale': 1.8339741306871105, 'b_dislocation_scale': 0.3593877160499019, 'gb_scale': 2.637471990735903, 'gd_bubble_scale': 0.11224237789119584, 'gd_line_scale': 0.42574065590161037, 'gd_line_alpha': 0.6242661571169545, 'coalescence_d_scale': 1.2109476872600469, 'capture_scale': 4.844403130125784}. Best is trial 1 with value: 2.553181948962033.
[I 2026-05-02 18:54:10,246] Trial 19 finished with value: 3.2851347387225025 and parameters: {'f_n': 5.033872839849423e-09, 'K_d': 1392016.386284357, 'rho_d': 7104294884882.339, 'fission_rate': 7.114013384373428e+19, 'D2_xe_scale': 0.04273401629101997, 'Dg_D1_scale': 0.8316900389765391, 'Dg_D3_scale': 0.8825830430001301, 'Dv_D1_scale': 0.7880235267816331, 'Dv_D2_scale': 0.37042542587920935, 'b_bulk_scale': 0.1815622446324094, 'b_dislocation_scale': 0.09459395054623886, 'gb_scale': 0.20930842515056408, 'gd_bubble_scale': 1.0516102158766218, 'gd_line_scale': 1.7456605688001074, 'gd_line_alpha': 0.006740959022071169, 'coalescence_d_scale': 0.7721325510456589, 'capture_scale': 0.2527601698166813}. Best is trial 1 with value: 2.553181948962033.
[I 2026-05-02 18:54:15,290] Trial 20 finished with value: 3.850185756042851 and parameters: {'f_n': 1.0228493893855816e-09, 'K_d': 106591.1232816576, 'rho_d': 14144113646133.533, 'fission_rate': 6.204224060654008e+19, 'D2_xe_scale': 2.6264471652890014, 'Dg_D1_scale': 1.3671755832048336, 'Dg_D3_scale': 0.4174315854624018, 'Dv_D1_scale': 1.8502062649052065, 'Dv_D2_scale': 1.011943328612283, 'b_bulk_scale': 0.5714428744410228, 'b_dislocation_scale': 0.046720920208247356, 'gb_scale': 2.42775726950935, 'gd_bubble_scale': 0.42147457952254, 'gd_line_scale': 0.7584248116382913, 'gd_line_alpha': 0.5422656493188818, 'coalescence_d_scale': 0.27073427362613445, 'capture_scale': 0.5820456874793677}. Best is trial 1 with value: 2.553181948962033.
[I 2026-05-02 18:54:19,490] Trial 21 finished with value: 4.031550082757695 and parameters: {'f_n': 5.383914456789929e-09, 'K_d': 1419014.4800171666, 'rho_d': 7524801130732.608, 'fission_rate': 7.260399738592137e+19, 'D2_xe_scale': 0.04398141251982842, 'Dg_D1_scale': 0.7706747316240254, 'Dg_D3_scale': 0.8742173613909497, 'Dv_D1_scale': 0.8492915826671358, 'Dv_D2_scale': 0.3557890804743843, 'b_bulk_scale': 0.18289258623696128, 'b_dislocation_scale': 0.09289448547673045, 'gb_scale': 0.05131393677687341, 'gd_bubble_scale': 1.0660099569626433, 'gd_line_scale': 1.9179221948857856, 'gd_line_alpha': 0.18628904566721494, 'coalescence_d_scale': 0.6579877476805374, 'capture_scale': 0.23070689196617886}. Best is trial 1 with value: 2.553181948962033.
[I 2026-05-02 18:54:23,663] Trial 22 finished with value: 2.9368755616813256 and parameters: {'f_n': 2.311453915726684e-08, 'K_d': 878359.8968120685, 'rho_d': 6070039983158.365, 'fission_rate': 7.1395145713966465e+19, 'D2_xe_scale': 0.05474794520504435, 'Dg_D1_scale': 0.7846996734185219, 'Dg_D3_scale': 1.2741934781209276, 'Dv_D1_scale': 1.2558691409980234, 'Dv_D2_scale': 0.5882175275219939, 'b_bulk_scale': 0.08996670016986935, 'b_dislocation_scale': 0.11871103244370879, 'gb_scale': 0.20083548046268554, 'gd_bubble_scale': 0.9882303037330143, 'gd_line_scale': 3.2084391754741013, 'gd_line_alpha': 0.005330170376053545, 'coalescence_d_scale': 0.801412324757214, 'capture_scale': 0.28765006338236054}. Best is trial 1 with value: 2.553181948962033.
[I 2026-05-02 18:54:27,395] Trial 23 finished with value: 3.0782848605244655 and parameters: {'f_n': 8.733874539101006e-08, 'K_d': 899159.4341228472, 'rho_d': 6444016139890.3545, 'fission_rate': 7.616670238094051e+19, 'D2_xe_scale': 0.3803352575433003, 'Dg_D1_scale': 0.4227185089232132, 'Dg_D3_scale': 1.7685246948926814, 'Dv_D1_scale': 1.4504831141398928, 'Dv_D2_scale': 0.5367038387535784, 'b_bulk_scale': 0.031250174700579815, 'b_dislocation_scale': 0.1427817611147921, 'gb_scale': 0.11063598907542768, 'gd_bubble_scale': 1.2408397461294016, 'gd_line_scale': 3.5184408282898643, 'gd_line_alpha': 0.41334904457628485, 'coalescence_d_scale': 1.8577476569285665, 'capture_scale': 0.5916482811683516}. Best is trial 1 with value: 2.553181948962033.Best trial: 1. Best value: 2.55318:   2%|▏         | 23/1500 [01:38<1:46:35,  4.33s/it]Best trial: 1. Best value: 2.55318:   2%|▏         | 23/1500 [01:39<1:46:35,  4.33s/it]Best trial: 1. Best value: 2.55318:   2%|▏         | 24/1500 [01:39<1:42:07,  4.15s/it]                                                                                       Best trial: 1. Best value: 2.55318:   2%|▏         | 24/1500 [01:42<1:42:07,  4.15s/it]Best trial: 1. Best value: 2.55318:   2%|▏         | 24/1500 [01:42<1:42:07,  4.15s/it]Best trial: 1. Best value: 2.55318:   2%|▏         | 25/1500 [01:42<1:36:31,  3.93s/it]                                                                                       Best trial: 1. Best value: 2.55318:   2%|▏         | 25/1500 [01:44<1:36:31,  3.93s/it]Best trial: 1. Best value: 2.55318:   2%|▏         | 25/1500 [01:44<1:36:31,  3.93s/it]Best trial: 1. Best value: 2.55318:   2%|▏         | 26/1500 [01:44<1:24:50,  3.45s/it]                                                                                       Best trial: 1. Best value: 2.55318:   2%|▏         | 26/1500 [01:47<1:24:50,  3.45s/it]Best trial: 1. Best value: 2.55318:   2%|▏         | 26/1500 [01:48<1:24:50,  3.45s/it]Best trial: 1. Best value: 2.55318:   2%|▏         | 27/1500 [01:48<1:23:22,  3.40s/it]                                                                                       Best trial: 1. Best value: 2.55318:   2%|▏         | 27/1500 [01:52<1:23:22,  3.40s/it]Best trial: 1. Best value: 2.55318:   2%|▏         | 27/1500 [01:52<1:23:22,  3.40s/it]Best trial: 1. Best value: 2.55318:   2%|▏         | 28/1500 [01:52<1:29:25,  3.65s/it]                                                                                       Best trial: 1. Best value: 2.55318:   2%|▏         | 28/1500 [01:56<1:29:25,  3.65s/it]Best trial: 1. Best value: 2.55318:   2%|▏         | 28/1500 [01:56<1:29:25,  3.65s/it]Best trial: 1. Best value: 2.55318:   2%|▏         | 29/1500 [01:56<1:30:37,  3.70s/it]                                                                                       Best trial: 1. Best value: 2.55318:   2%|▏         | 29/1500 [01:58<1:30:37,  3.70s/it]Best trial: 1. Best value: 2.55318:   2%|▏         | 29/1500 [01:58<1:30:37,  3.70s/it]Best trial: 1. Best value: 2.55318:   2%|▏         | 30/1500 [01:58<1:21:50,  3.34s/it]                                                                                       Best trial: 1. Best value: 2.55318:   2%|▏         | 30/1500 [02:03<1:21:50,  3.34s/it]Best trial: 1. Best value: 2.55318:   2%|▏         | 30/1500 [02:03<1:21:50,  3.34s/it]Best trial: 1. Best value: 2.55318:   2%|▏         | 31/1500 [02:03<1:36:41,  3.95s/it]                                                                                       Best trial: 1. Best value: 2.55318:   2%|▏         | 31/1500 [02:08<1:36:41,  3.95s/it]Best trial: 1. Best value: 2.55318:   2%|▏         | 31/1500 [02:08<1:36:41,  3.95s/it]Best trial: 1. Best value: 2.55318:   2%|▏         | 32/1500 [02:08<1:39:47,  4.08s/it]                                                                                       Best trial: 1. Best value: 2.55318:   2%|▏         | 32/1500 [02:12<1:39:47,  4.08s/it]Best trial: 1. Best value: 2.55318:   2%|▏         | 32/1500 [02:12<1:39:47,  4.08s/it]Best trial: 1. Best value: 2.55318:   2%|▏         | 33/1500 [02:12<1:40:58,  4.13s/it]                                                                                       Best trial: 1. Best value: 2.55318:   2%|▏         | 33/1500 [02:15<1:40:58,  4.13s/it]Best trial: 1. Best value: 2.55318:   2%|▏         | 33/1500 [02:15<1:40:58,  4.13s/it]Best trial: 1. Best value: 2.55318:   2%|▏         | 34/1500 [02:15<1:32:04,  3.77s/it]                                                                                       
[I 2026-05-02 18:54:30,801] Trial 24 finished with value: 2.6240892353653744 and parameters: {'f_n': 2.4518189608203265e-08, 'K_d': 889600.6636315003, 'rho_d': 6158019160193.507, 'fission_rate': 7.997985804003936e+19, 'D2_xe_scale': 0.012592467133186517, 'Dg_D1_scale': 0.42071138165106503, 'Dg_D3_scale': 2.361837615025431, 'Dv_D1_scale': 1.296875742973558, 'Dv_D2_scale': 0.7162431945238107, 'b_bulk_scale': 0.033149419812478154, 'b_dislocation_scale': 0.25047913029114505, 'gb_scale': 0.1453089292737373, 'gd_bubble_scale': 0.5153593253333779, 'gd_line_scale': 4.050017435389879, 'gd_line_alpha': 0.7096499033561421, 'coalescence_d_scale': 1.4278855886179438, 'capture_scale': 0.5285405425219211}. Best is trial 1 with value: 2.553181948962033.
[I 2026-05-02 18:54:33,146] Trial 25 finished with value: 3.338340953683681 and parameters: {'f_n': 2.097237000045647e-08, 'K_d': 852852.9887973353, 'rho_d': 10109135873772.205, 'fission_rate': 7.963299489842725e+19, 'D2_xe_scale': 0.012101739901495056, 'Dg_D1_scale': 0.22018231135840513, 'Dg_D3_scale': 2.4706877611109457, 'Dv_D1_scale': 2.39712037622569, 'Dv_D2_scale': 0.7451468944468895, 'b_bulk_scale': 0.07692635785495329, 'b_dislocation_scale': 0.2550393181839206, 'gb_scale': 0.26868527389826763, 'gd_bubble_scale': 0.5640695853784798, 'gd_line_scale': 4.565575384534936, 'gd_line_alpha': 0.7417947680900125, 'coalescence_d_scale': 1.4407808173637817, 'capture_scale': 0.3212889013420701}. Best is trial 1 with value: 2.553181948962033.
[I 2026-05-02 18:54:36,411] Trial 26 finished with value: 6.109578900748778 and parameters: {'f_n': 1.9499208031937055e-08, 'K_d': 741205.5717688682, 'rho_d': 6331855732283.08, 'fission_rate': 7.539835879278522e+19, 'D2_xe_scale': 0.023256730692284403, 'Dg_D1_scale': 0.6395018512783838, 'Dg_D3_scale': 2.2681287687046954, 'Dv_D1_scale': 3.336451539304687, 'Dv_D2_scale': 1.7964306877129745, 'b_bulk_scale': 0.04202551378392944, 'b_dislocation_scale': 0.4880614036538734, 'gb_scale': 0.6259218760134994, 'gd_bubble_scale': 0.16036669594072447, 'gd_line_scale': 9.584454782552202, 'gd_line_alpha': 0.6827565003284651, 'coalescence_d_scale': 4.277700118667484, 'capture_scale': 0.1383377696498125}. Best is trial 1 with value: 2.553181948962033.
[I 2026-05-02 18:54:40,639] Trial 27 finished with value: 2.9072686035683404 and parameters: {'f_n': 2.0190014812406408e-09, 'K_d': 1044448.8671564884, 'rho_d': 9408484665074.71, 'fission_rate': 7.0486235773643735e+19, 'D2_xe_scale': 0.07206644447147413, 'Dg_D1_scale': 0.4372105285714035, 'Dg_D3_scale': 1.2872596984902076, 'Dv_D1_scale': 1.187530625293041, 'Dv_D2_scale': 1.022683723766026, 'b_bulk_scale': 0.1026593747171281, 'b_dislocation_scale': 0.27371345944793474, 'gb_scale': 0.1431795277526882, 'gd_bubble_scale': 0.41290388694196595, 'gd_line_scale': 2.7421721818745235, 'gd_line_alpha': 0.8439062317100356, 'coalescence_d_scale': 0.9175868108166069, 'capture_scale': 0.4838265246113631}. Best is trial 1 with value: 2.553181948962033.
[I 2026-05-02 18:54:44,455] Trial 28 finished with value: 14.053656649939663 and parameters: {'f_n': 1.7551112322512908e-09, 'K_d': 468224.30428541306, 'rho_d': 9826004954238.066, 'fission_rate': 7.975205077127853e+19, 'D2_xe_scale': 0.02051048253678506, 'Dg_D1_scale': 0.3938843813882514, 'Dg_D3_scale': 2.1182419933554435, 'Dv_D1_scale': 1.8379167619004877, 'Dv_D2_scale': 2.6778712766586223, 'b_bulk_scale': 0.059515303824999775, 'b_dislocation_scale': 0.2594589891915262, 'gb_scale': 0.13861972370170036, 'gd_bubble_scale': 0.40493927742189345, 'gd_line_scale': 5.743844815159113, 'gd_line_alpha': 0.8843603290452462, 'coalescence_d_scale': 17.86388469404578, 'capture_scale': 1.7446738433188749}. Best is trial 1 with value: 2.553181948962033.
[I 2026-05-02 18:54:46,961] Trial 29 finished with value: 4.29599093288642 and parameters: {'f_n': 3.3652645487172895e-10, 'K_d': 1192863.7731595056, 'rho_d': 18429997986282.098, 'fission_rate': 6.347711008462572e+19, 'D2_xe_scale': 0.08708511262838839, 'Dg_D1_scale': 0.20771372268893692, 'Dg_D3_scale': 2.923298441997093, 'Dv_D1_scale': 2.809212071685372, 'Dv_D2_scale': 1.0875394460494616, 'b_bulk_scale': 0.0490557775379948, 'b_dislocation_scale': 0.6978074876659683, 'gb_scale': 0.6022410230900366, 'gd_bubble_scale': 0.10128349488638762, 'gd_line_scale': 0.4067846039922146, 'gd_line_alpha': 0.7971485303093714, 'coalescence_d_scale': 2.0518508057471574, 'capture_scale': 7.561464675583646}. Best is trial 1 with value: 2.553181948962033.
[I 2026-05-02 18:54:52,333] Trial 30 finished with value: 3.5802425624085457 and parameters: {'f_n': 2.743623804679616e-09, 'K_d': 1034943.0996520632, 'rho_d': 13316074785352.008, 'fission_rate': 5.436573976529065e+19, 'D2_xe_scale': 0.5204067420968698, 'Dg_D1_scale': 0.4856291552032614, 'Dg_D3_scale': 1.2007544933982095, 'Dv_D1_scale': 1.012832774235663, 'Dv_D2_scale': 1.4643480746010746, 'b_bulk_scale': 0.1273223773629597, 'b_dislocation_scale': 0.25805254420596974, 'gb_scale': 0.07916331509315411, 'gd_bubble_scale': 0.4878587545461491, 'gd_line_scale': 2.138685770649394, 'gd_line_alpha': 0.9915499422964162, 'coalescence_d_scale': 1.1020539534571394, 'capture_scale': 0.48274168278095175}. Best is trial 1 with value: 2.553181948962033.
[I 2026-05-02 18:54:56,710] Trial 31 finished with value: 2.5960931506818583 and parameters: {'f_n': 3.049763428175746e-08, 'K_d': 807327.8917769175, 'rho_d': 5802280427914.984, 'fission_rate': 6.937683569897904e+19, 'D2_xe_scale': 0.055621847207089015, 'Dg_D1_scale': 0.6739963098685489, 'Dg_D3_scale': 1.1552267071190518, 'Dv_D1_scale': 1.216084962390988, 'Dv_D2_scale': 0.6722559178049535, 'b_bulk_scale': 0.08245961287093363, 'b_dislocation_scale': 0.1248690864194466, 'gb_scale': 0.1563369074007039, 'gd_bubble_scale': 0.8244047076636536, 'gd_line_scale': 3.0769191023560047, 'gd_line_alpha': 0.8476923338606916, 'coalescence_d_scale': 0.80742131757485, 'capture_scale': 0.7123124798680288}. Best is trial 1 with value: 2.553181948962033.
[I 2026-05-02 18:55:00,961] Trial 32 finished with value: 2.657026252281116 and parameters: {'f_n': 8.753031581779664e-09, 'K_d': 512536.3924746314, 'rho_d': 8898867219678.797, 'fission_rate': 6.955971464934259e+19, 'D2_xe_scale': 0.010081991188369693, 'Dg_D1_scale': 0.36559588116881175, 'Dg_D3_scale': 0.7327802620241423, 'Dv_D1_scale': 1.560540176406561, 'Dv_D2_scale': 0.7266677556596375, 'b_bulk_scale': 0.07008946169845265, 'b_dislocation_scale': 0.20732617398047232, 'gb_scale': 0.3001994701536798, 'gd_bubble_scale': 0.31404490519052364, 'gd_line_scale': 3.037499448571443, 'gd_line_alpha': 0.8956465020671396, 'coalescence_d_scale': 1.0908542624578357, 'capture_scale': 0.7460499039307684}. Best is trial 1 with value: 2.553181948962033.
[I 2026-05-02 18:55:03,884] Trial 33 finished with value: 2.836577939430272 and parameters: {'f_n': 8.52178847231368e-09, 'K_d': 524450.2392771401, 'rho_d': 5582548857488.363, 'fission_rate': 6.95165377244216e+19, 'D2_xe_scale': 0.016578151796289447, 'Dg_D1_scale': 0.3614613518652842, 'Dg_D3_scale': 0.6010916411720337, 'Dv_D1_scale': 1.5788688140771678, 'Dv_D2_scale': 0.6857667673344804, 'b_bulk_scale': 0.05858573051431908, 'b_dislocation_scale': 0.1950540626684148, 'gb_scale': 0.27647732325490987, 'gd_bubble_scale': 0.2744339073198067, 'gd_line_scale': 6.221832417543081, 'gd_line_alpha': 0.9313211615914428, 'coalescence_d_scale': 0.5364669968249014, 'capture_scale': 2.5506953871331555}. Best is trial 1 with value: 2.553181948962033.
[I 2026-05-02 18:55:07,688] Trial 34 finished with value: 2.6385512747608586 and parameters: {'f_n': 3.0236697159724216e-08, 'K_d': 730668.1003496005, 'rho_d': 23192392514409.316, 'fission_rate': 7.464109133719334e+19, 'D2_xe_scale': 0.010580671848967778, 'Dg_D1_scale': 0.6501892059157469, 'Dg_D3_scale': 0.7219757198781585, 'Dv_D1_scale': 1.978872563160413, 'Dv_D2_scale': 0.4311012638007614, 'b_bulk_scale': 0.06469602670107195, 'b_dislocation_scale': 0.4796483446612758, 'gb_scale': 0.39253887745379373, 'gd_bubble_scale': 0.6830756794269566, 'gd_line_scale': 4.2131536776987835, 'gd_line_alpha': 0.6909265662039865, 'coalescence_d_scale': 1.2149649232877242, 'capture_scale': 0.8178650898938096}. Best is trial 1 with value: 2.553181948962033.Best trial: 1. Best value: 2.55318:   2%|▏         | 34/1500 [02:19<1:32:04,  3.77s/it]Best trial: 1. Best value: 2.55318:   2%|▏         | 34/1500 [02:19<1:32:04,  3.77s/it]Best trial: 1. Best value: 2.55318:   2%|▏         | 35/1500 [02:19<1:32:14,  3.78s/it]                                                                                       Best trial: 1. Best value: 2.55318:   2%|▏         | 35/1500 [02:22<1:32:14,  3.78s/it]Best trial: 1. Best value: 2.55318:   2%|▏         | 35/1500 [02:22<1:32:14,  3.78s/it]Best trial: 1. Best value: 2.55318:   2%|▏         | 36/1500 [02:22<1:31:05,  3.73s/it]                                                                                       Best trial: 1. Best value: 2.55318:   2%|▏         | 36/1500 [02:25<1:31:05,  3.73s/it]Best trial: 1. Best value: 2.55318:   2%|▏         | 36/1500 [02:25<1:31:05,  3.73s/it]Best trial: 1. Best value: 2.55318:   2%|▏         | 37/1500 [02:25<1:26:01,  3.53s/it]                                                                                       Best trial: 1. Best value: 2.55318:   2%|▏         | 37/1500 [02:29<1:26:01,  3.53s/it]Best trial: 1. Best value: 2.55318:   2%|▏         | 37/1500 [02:29<1:26:01,  3.53s/it]Best trial: 1. Best value: 2.55318:   3%|▎         | 38/1500 [02:29<1:29:02,  3.65s/it]                                                                                       Best trial: 1. Best value: 2.55318:   3%|▎         | 38/1500 [02:34<1:29:02,  3.65s/it]Best trial: 1. Best value: 2.55318:   3%|▎         | 38/1500 [02:34<1:29:02,  3.65s/it]Best trial: 1. Best value: 2.55318:   3%|▎         | 39/1500 [02:34<1:35:09,  3.91s/it]                                                                                       Best trial: 1. Best value: 2.55318:   3%|▎         | 39/1500 [02:38<1:35:09,  3.91s/it]Best trial: 1. Best value: 2.55318:   3%|▎         | 39/1500 [02:38<1:35:09,  3.91s/it]Best trial: 1. Best value: 2.55318:   3%|▎         | 40/1500 [02:38<1:36:33,  3.97s/it]                                                                                       Best trial: 1. Best value: 2.55318:   3%|▎         | 40/1500 [02:41<1:36:33,  3.97s/it]Best trial: 1. Best value: 2.55318:   3%|▎         | 40/1500 [02:41<1:36:33,  3.97s/it]Best trial: 1. Best value: 2.55318:   3%|▎         | 41/1500 [02:41<1:26:54,  3.57s/it]                                                                                       Best trial: 1. Best value: 2.55318:   3%|▎         | 41/1500 [02:44<1:26:54,  3.57s/it]Best trial: 1. Best value: 2.55318:   3%|▎         | 41/1500 [02:44<1:26:54,  3.57s/it]Best trial: 1. Best value: 2.55318:   3%|▎         | 42/1500 [02:44<1:23:39,  3.44s/it]                                                                                       Best trial: 1. Best value: 2.55318:   3%|▎         | 42/1500 [02:46<1:23:39,  3.44s/it]Best trial: 42. Best value: 2.40123:   3%|▎         | 42/1500 [02:46<1:23:39,  3.44s/it]Best trial: 42. Best value: 2.40123:   3%|▎         | 43/1500 [02:46<1:17:45,  3.20s/it]                                                                                        Best trial: 42. Best value: 2.40123:   3%|▎         | 43/1500 [02:49<1:17:45,  3.20s/it]Best trial: 42. Best value: 2.40123:   3%|▎         | 43/1500 [02:49<1:17:45,  3.20s/it]Best trial: 42. Best value: 2.40123:   3%|▎         | 44/1500 [02:49<1:16:22,  3.15s/it]                                                                                        Best trial: 42. Best value: 2.40123:   3%|▎         | 44/1500 [02:54<1:16:22,  3.15s/it]Best trial: 44. Best value: 2.29512:   3%|▎         | 44/1500 [02:54<1:16:22,  3.15s/it]Best trial: 44. Best value: 2.29512:   3%|▎         | 45/1500 [02:54<1:25:59,  3.55s/it]                                                                                        Best trial: 44. Best value: 2.29512:   3%|▎         | 45/1500 [02:58<1:25:59,  3.55s/it]Best trial: 45. Best value: 2.23024:   3%|▎         | 45/1500 [02:59<1:25:59,  3.55s/it]Best trial: 45. Best value: 2.23024:   3%|▎         | 46/1500 [02:59<1:33:25,  3.86s/it]                                                                                        
