[I 2026-05-02 20:17:45,270] Trial 1065 finished with value: 4.155794794197725 and parameters: {'f_n': 4.682293879987272e-07, 'K_d': 754892.7192082509, 'rho_d': 13141943250733.502, 'fission_rate': 6.546244840078797e+19, 'D2_xe_scale': 0.020343408659036475, 'Dg_D1_scale': 0.168579377304906, 'Dg_D3_scale': 2.2299035204736546, 'Dv_D1_scale': 0.32760794977597985, 'Dv_D2_scale': 3.7913735022634842, 'b_bulk_scale': 0.2769845432303525, 'b_dislocation_scale': 2.6638617948490713, 'gb_scale': 5.8547766685955045, 'gd_bubble_scale': 0.24785546325306837, 'gd_line_scale': 8.452302314809268, 'gd_line_alpha': 0.4490374110509917, 'coalescence_d_scale': 0.3108504862944316, 'capture_scale': 0.018697932183652635}. Best is trial 925 with value: 1.7463781355085592.
[I 2026-05-02 20:17:48,411] Trial 1066 finished with value: 1.8765524800477071 and parameters: {'f_n': 3.623916549545625e-07, 'K_d': 802644.6280167478, 'rho_d': 11767246950789.363, 'fission_rate': 6.160275400134611e+19, 'D2_xe_scale': 0.05704536542910876, 'Dg_D1_scale': 0.15968092706687184, 'Dg_D3_scale': 2.638144356805879, 'Dv_D1_scale': 0.2710778545864955, 'Dv_D2_scale': 3.4279546818221625, 'b_bulk_scale': 0.34174068475696395, 'b_dislocation_scale': 0.13923633006823496, 'gb_scale': 6.950477493290452, 'gd_bubble_scale': 6.773639443423084, 'gd_line_scale': 9.988996671175398, 'gd_line_alpha': 0.35470172383092596, 'coalescence_d_scale': 0.24526669151326694, 'capture_scale': 4.825844673302338}. Best is trial 925 with value: 1.7463781355085592.
[I 2026-05-02 20:17:53,025] Trial 1067 finished with value: 1.7789916924419886 and parameters: {'f_n': 2.742824217504843e-07, 'K_d': 852559.357238694, 'rho_d': 12467591991875.99, 'fission_rate': 6.362810267473788e+19, 'D2_xe_scale': 0.04548637841547894, 'Dg_D1_scale': 0.17814937234516234, 'Dg_D3_scale': 2.3842982758179616, 'Dv_D1_scale': 0.2226932824269196, 'Dv_D2_scale': 3.6055976696723344, 'b_bulk_scale': 0.2145198025993826, 'b_dislocation_scale': 0.12429001716056817, 'gb_scale': 6.488789428835909, 'gd_bubble_scale': 7.713974814360402, 'gd_line_scale': 5.737812840946169, 'gd_line_alpha': 0.4032308862356535, 'coalescence_d_scale': 0.39025060915220144, 'capture_scale': 7.090147280246816}. Best is trial 925 with value: 1.7463781355085592.
[I 2026-05-02 20:17:57,750] Trial 1068 finished with value: 1.7990239443521077 and parameters: {'f_n': 8.816904271395857e-07, 'K_d': 753875.1205677952, 'rho_d': 11162954400282.973, 'fission_rate': 6.2668886773952864e+19, 'D2_xe_scale': 0.011730440655562106, 'Dg_D1_scale': 0.18839611738302217, 'Dg_D3_scale': 2.1077496774265896, 'Dv_D1_scale': 0.30615650930682425, 'Dv_D2_scale': 3.158333231674727, 'b_bulk_scale': 0.241043528078895, 'b_dislocation_scale': 0.10739925522711283, 'gb_scale': 5.641498265065621, 'gd_bubble_scale': 8.663275836350664, 'gd_line_scale': 6.648569147258688, 'gd_line_alpha': 0.42996012452758525, 'coalescence_d_scale': 0.44792035311871153, 'capture_scale': 5.645336935991438}. Best is trial 925 with value: 1.7463781355085592.
[I 2026-05-02 20:18:02,318] Trial 1069 finished with value: 1.9258762561463678 and parameters: {'f_n': 6.821494336943283e-07, 'K_d': 914429.81411802, 'rho_d': 13009945044305.111, 'fission_rate': 6.453286161927312e+19, 'D2_xe_scale': 0.010143275283286277, 'Dg_D1_scale': 0.1681814898075144, 'Dg_D3_scale': 1.9364714629427275, 'Dv_D1_scale': 0.34023847589493783, 'Dv_D2_scale': 3.799029117792505, 'b_bulk_scale': 0.27610130068522715, 'b_dislocation_scale': 0.1529763714703874, 'gb_scale': 7.461674143333157, 'gd_bubble_scale': 6.8121109285122605, 'gd_line_scale': 8.336041177407706, 'gd_line_alpha': 0.4678527398722254, 'coalescence_d_scale': 0.3433063173220762, 'capture_scale': 6.421472540518714}. Best is trial 925 with value: 1.7463781355085592.Best trial: 925. Best value: 1.74638:  71%|███████▏  | 1069/1500 [1:25:13<31:07,  4.33s/it]Best trial: 925. Best value: 1.74638:  71%|███████▏  | 1069/1500 [1:25:14<31:07,  4.33s/it]Best trial: 925. Best value: 1.74638:  71%|███████▏  | 1070/1500 [1:25:14<31:33,  4.40s/it]                                                                                           Best trial: 925. Best value: 1.74638:  71%|███████▏  | 1070/1500 [1:25:18<31:33,  4.40s/it]Best trial: 925. Best value: 1.74638:  71%|███████▏  | 1070/1500 [1:25:18<31:33,  4.40s/it]Best trial: 925. Best value: 1.74638:  71%|███████▏  | 1071/1500 [1:25:18<31:57,  4.47s/it]                                                                                           Best trial: 925. Best value: 1.74638:  71%|███████▏  | 1071/1500 [1:25:23<31:57,  4.47s/it]Best trial: 925. Best value: 1.74638:  71%|███████▏  | 1071/1500 [1:25:23<31:57,  4.47s/it]Best trial: 925. Best value: 1.74638:  71%|███████▏  | 1072/1500 [1:25:23<32:43,  4.59s/it]                                                                                           Best trial: 925. Best value: 1.74638:  71%|███████▏  | 1072/1500 [1:25:28<32:43,  4.59s/it]Best trial: 925. Best value: 1.74638:  71%|███████▏  | 1072/1500 [1:25:28<32:43,  4.59s/it]Best trial: 925. Best value: 1.74638:  72%|███████▏  | 1073/1500 [1:25:28<33:07,  4.65s/it]                                                                                           Best trial: 925. Best value: 1.74638:  72%|███████▏  | 1073/1500 [1:25:31<33:07,  4.65s/it]Best trial: 925. Best value: 1.74638:  72%|███████▏  | 1073/1500 [1:25:31<33:07,  4.65s/it]Best trial: 925. Best value: 1.74638:  72%|███████▏  | 1074/1500 [1:25:31<29:42,  4.18s/it]                                                                                           Best trial: 925. Best value: 1.74638:  72%|███████▏  | 1074/1500 [1:25:35<29:42,  4.18s/it]Best trial: 925. Best value: 1.74638:  72%|███████▏  | 1074/1500 [1:25:35<29:42,  4.18s/it]Best trial: 925. Best value: 1.74638:  72%|███████▏  | 1075/1500 [1:25:35<30:22,  4.29s/it]                                                                                           Best trial: 925. Best value: 1.74638:  72%|███████▏  | 1075/1500 [1:25:40<30:22,  4.29s/it]Best trial: 925. Best value: 1.74638:  72%|███████▏  | 1075/1500 [1:25:40<30:22,  4.29s/it]Best trial: 925. Best value: 1.74638:  72%|███████▏  | 1076/1500 [1:25:40<31:34,  4.47s/it]                                                                                           Best trial: 925. Best value: 1.74638:  72%|███████▏  | 1076/1500 [1:25:45<31:34,  4.47s/it]Best trial: 925. Best value: 1.74638:  72%|███████▏  | 1076/1500 [1:25:45<31:34,  4.47s/it]Best trial: 925. Best value: 1.74638:  72%|███████▏  | 1077/1500 [1:25:45<31:43,  4.50s/it]                                                                                           Best trial: 925. Best value: 1.74638:  72%|███████▏  | 1077/1500 [1:25:49<31:43,  4.50s/it]Best trial: 925. Best value: 1.74638:  72%|███████▏  | 1077/1500 [1:25:50<31:43,  4.50s/it]Best trial: 925. Best value: 1.74638:  72%|███████▏  | 1078/1500 [1:25:50<31:56,  4.54s/it]                                                                                           Best trial: 925. Best value: 1.74638:  72%|███████▏  | 1078/1500 [1:25:55<31:56,  4.54s/it]Best trial: 925. Best value: 1.74638:  72%|███████▏  | 1078/1500 [1:25:55<31:56,  4.54s/it]Best trial: 925. Best value: 1.74638:  72%|███████▏  | 1079/1500 [1:25:55<33:06,  4.72s/it]                                                                                           Best trial: 925. Best value: 1.74638:  72%|███████▏  | 1079/1500 [1:25:59<33:06,  4.72s/it]Best trial: 925. Best value: 1.74638:  72%|███████▏  | 1079/1500 [1:25:59<33:06,  4.72s/it]Best trial: 925. Best value: 1.74638:  72%|███████▏  | 1080/1500 [1:25:59<32:59,  4.71s/it]                                                                                           
[I 2026-05-02 20:18:06,906] Trial 1070 finished with value: 2.0745039761345456 and parameters: {'f_n': 5.486513244521507e-07, 'K_d': 811874.5435150005, 'rho_d': 10398266566647.004, 'fission_rate': 6.565253155992572e+19, 'D2_xe_scale': 0.02426529639635335, 'Dg_D1_scale': 0.15924063313374806, 'Dg_D3_scale': 2.489109837442851, 'Dv_D1_scale': 1.1897064869851113, 'Dv_D2_scale': 3.4577797487176647, 'b_bulk_scale': 0.3294384369053968, 'b_dislocation_scale': 0.13715518617727696, 'gb_scale': 5.075665122268445, 'gd_bubble_scale': 0.47113166881936935, 'gd_line_scale': 7.421715603620555, 'gd_line_alpha': 0.379618443183708, 'coalescence_d_scale': 0.41802374571948986, 'capture_scale': 0.8344841045048493}. Best is trial 925 with value: 1.7463781355085592.
[I 2026-05-02 20:18:11,805] Trial 1071 finished with value: 2.3109713159001006 and parameters: {'f_n': 4.0093820352201373e-07, 'K_d': 718928.7513250863, 'rho_d': 11678049679443.295, 'fission_rate': 6.390351897018549e+19, 'D2_xe_scale': 0.01620222487951735, 'Dg_D1_scale': 0.17655754727331438, 'Dg_D3_scale': 2.210255627902494, 'Dv_D1_scale': 2.293389513902924, 'Dv_D2_scale': 3.991970497504226, 'b_bulk_scale': 0.3007272166543486, 'b_dislocation_scale': 0.11714004452937189, 'gb_scale': 7.965943794731369, 'gd_bubble_scale': 7.747059857403316, 'gd_line_scale': 8.975952922526094, 'gd_line_alpha': 0.5793529704633996, 'coalescence_d_scale': 0.37599981462296433, 'capture_scale': 0.17514406858497322}. Best is trial 925 with value: 1.7463781355085592.
[I 2026-05-02 20:18:16,619] Trial 1072 finished with value: 2.090953083029987 and parameters: {'f_n': 7.210548855661744e-07, 'K_d': 910578.9770072197, 'rho_d': 12258298900624.078, 'fission_rate': 6.151139547977333e+19, 'D2_xe_scale': 0.010031480777970028, 'Dg_D1_scale': 0.15897228891165088, 'Dg_D3_scale': 2.672312657574834, 'Dv_D1_scale': 0.2890306347296713, 'Dv_D2_scale': 3.7461464342106634, 'b_bulk_scale': 0.3920358366158931, 'b_dislocation_scale': 0.1760757980324234, 'gb_scale': 6.515360279442604, 'gd_bubble_scale': 8.686395966272727, 'gd_line_scale': 5.315349661755865, 'gd_line_alpha': 0.5201345918004764, 'coalescence_d_scale': 0.4656408743565756, 'capture_scale': 5.270156182916317}. Best is trial 925 with value: 1.7463781355085592.
[I 2026-05-02 20:18:19,702] Trial 1073 finished with value: 1.7943815054111445 and parameters: {'f_n': 4.4700636578845514e-07, 'K_d': 761472.0269523985, 'rho_d': 11067300769348.38, 'fission_rate': 6.323969656576044e+19, 'D2_xe_scale': 0.013333726356713954, 'Dg_D1_scale': 0.16889988667058828, 'Dg_D3_scale': 2.3623478540533713, 'Dv_D1_scale': 0.25247283571891543, 'Dv_D2_scale': 3.992173540811034, 'b_bulk_scale': 0.2589431221518391, 'b_dislocation_scale': 0.12756380520692515, 'gb_scale': 5.926956101737531, 'gd_bubble_scale': 7.451486868189017, 'gd_line_scale': 6.452287532591618, 'gd_line_alpha': 0.41654102918129265, 'coalescence_d_scale': 0.3291823551602759, 'capture_scale': 7.144667061051775}. Best is trial 925 with value: 1.7463781355085592.
[I 2026-05-02 20:18:24,236] Trial 1074 finished with value: 4.907179459718034 and parameters: {'f_n': 2.954490296586396e-07, 'K_d': 834773.162398891, 'rho_d': 13042240403870.352, 'fission_rate': 6.524757440804141e+19, 'D2_xe_scale': 0.018193784291757078, 'Dg_D1_scale': 0.19096530850929627, 'Dg_D3_scale': 2.06166550387275, 'Dv_D1_scale': 0.3133378998684678, 'Dv_D2_scale': 3.5912854126937748, 'b_bulk_scale': 0.3640377628788421, 'b_dislocation_scale': 0.157790758199857, 'gb_scale': 7.995091896660694, 'gd_bubble_scale': 6.734305845745716, 'gd_line_scale': 7.943459160243691, 'gd_line_alpha': 0.5445842353310373, 'coalescence_d_scale': 12.92552851151975, 'capture_scale': 4.477963995988596}. Best is trial 925 with value: 1.7463781355085592.
[I 2026-05-02 20:18:29,116] Trial 1075 finished with value: 1.8319202247822859 and parameters: {'f_n': 5.994060400741433e-07, 'K_d': 889211.5327739769, 'rho_d': 11680150088919.832, 'fission_rate': 6.230490411705609e+19, 'D2_xe_scale': 0.01290925013482582, 'Dg_D1_scale': 0.17973746594567075, 'Dg_D3_scale': 2.257596866977847, 'Dv_D1_scale': 3.9288755728875344, 'Dv_D2_scale': 3.3124135680791587, 'b_bulk_scale': 0.22040256289718282, 'b_dislocation_scale': 0.14450294754602486, 'gb_scale': 6.890945432243786, 'gd_bubble_scale': 8.296272360370342, 'gd_line_scale': 7.284938739267839, 'gd_line_alpha': 0.39169601772975665, 'coalescence_d_scale': 0.27335508868511116, 'capture_scale': 5.935857024846567}. Best is trial 925 with value: 1.7463781355085592.
[I 2026-05-02 20:18:33,697] Trial 1076 finished with value: 2.6335784034774226 and parameters: {'f_n': 9.06074395393119e-07, 'K_d': 307544.82419409096, 'rho_d': 9647492281116.555, 'fission_rate': 6.915227162590349e+19, 'D2_xe_scale': 0.01581294842559453, 'Dg_D1_scale': 0.1590092845521366, 'Dg_D3_scale': 1.92739137924471, 'Dv_D1_scale': 0.2728730767998652, 'Dv_D2_scale': 3.9990411077420442, 'b_bulk_scale': 3.1831021918655744, 'b_dislocation_scale': 0.10787504782647075, 'gb_scale': 5.238509854801179, 'gd_bubble_scale': 7.464916355391434, 'gd_line_scale': 8.391257199872783, 'gd_line_alpha': 0.4471058847408159, 'coalescence_d_scale': 0.4676749619212266, 'capture_scale': 6.469050593166815}. Best is trial 925 with value: 1.7463781355085592.
[I 2026-05-02 20:18:38,336] Trial 1077 finished with value: 1.8153036515253034 and parameters: {'f_n': 5.287538551167263e-07, 'K_d': 776853.3179765162, 'rho_d': 10562172127001.717, 'fission_rate': 6.455939497867059e+19, 'D2_xe_scale': 0.027506813251404857, 'Dg_D1_scale': 0.1501044436563066, 'Dg_D3_scale': 2.5088827444532216, 'Dv_D1_scale': 0.24121151045167677, 'Dv_D2_scale': 3.7880346427503326, 'b_bulk_scale': 0.30988715653167753, 'b_dislocation_scale': 0.12140797434856831, 'gb_scale': 6.437945537053217, 'gd_bubble_scale': 8.852363243053482, 'gd_line_scale': 6.031259970737321, 'gd_line_alpha': 0.35747976525926606, 'coalescence_d_scale': 0.4075340235820057, 'capture_scale': 5.123651132632922}. Best is trial 925 with value: 1.7463781355085592.
[I 2026-05-02 20:18:43,469] Trial 1078 finished with value: 3.174246996573538 and parameters: {'f_n': 3.8088054663180355e-09, 'K_d': 724388.742498577, 'rho_d': 12337644332411.965, 'fission_rate': 6.276374354396617e+19, 'D2_xe_scale': 0.021916240467363565, 'Dg_D1_scale': 0.16976836130638798, 'Dg_D3_scale': 2.1829071634875143, 'Dv_D1_scale': 0.2947901274997609, 'Dv_D2_scale': 3.589226503235697, 'b_bulk_scale': 0.2634807842022232, 'b_dislocation_scale': 0.13225578770291221, 'gb_scale': 5.705857598562148, 'gd_bubble_scale': 6.3204099338763875, 'gd_line_scale': 6.957350617340891, 'gd_line_alpha': 0.47030678335529014, 'coalescence_d_scale': 0.3577714043323018, 'capture_scale': 6.999430768694281}. Best is trial 925 with value: 1.7463781355085592.
[I 2026-05-02 20:18:48,164] Trial 1079 finished with value: 1.7728907887945327 and parameters: {'f_n': 3.731412402415812e-07, 'K_d': 852168.3050826313, 'rho_d': 11200594038861.766, 'fission_rate': 6.400042093154637e+19, 'D2_xe_scale': 0.01199952430097296, 'Dg_D1_scale': 0.18809721683403202, 'Dg_D3_scale': 2.3665611572468093, 'Dv_D1_scale': 0.26006966246508734, 'Dv_D2_scale': 3.7835972803368754, 'b_bulk_scale': 0.23630845977727097, 'b_dislocation_scale': 0.1155946285180966, 'gb_scale': 7.237501609121153, 'gd_bubble_scale': 7.741304882700495, 'gd_line_scale': 8.611741170245903, 'gd_line_alpha': 0.4342114613664274, 'coalescence_d_scale': 0.2926146202987558, 'capture_scale': 5.7848420648871075}. Best is trial 925 with value: 1.7463781355085592.
[I 2026-05-02 20:18:51,225] Trial 1080 finished with value: 2.011861597374714 and parameters: {'f_n': 2.3989944386820873e-07, 'K_d': 806693.2971925077, 'rho_d': 11746629070791.07, 'fission_rate': 6.327962907149646e+19, 'D2_xe_scale': 0.030213181631455838, 'Dg_D1_scale': 0.16742878261421665, 'Dg_D3_scale': 2.6655180098802025, 'Dv_D1_scale': 0.3483598596236031, 'Dv_D2_scale': 3.3562523826157267, 'b_bulk_scale': 0.3319232409052664, 'b_dislocation_scale': 0.14549928281743973, 'gb_scale': 6.205668885046486, 'gd_bubble_scale': 6.7224220813675, 'gd_line_scale': 9.222011295067297, 'gd_line_alpha': 0.5040334879790807, 'coalescence_d_scale': 0.3193396882439895, 'capture_scale': 7.980650831382192}. Best is trial 925 with value: 1.7463781355085592.Best trial: 925. Best value: 1.74638:  72%|███████▏  | 1080/1500 [1:26:02<32:59,  4.71s/it]Best trial: 925. Best value: 1.74638:  72%|███████▏  | 1080/1500 [1:26:02<32:59,  4.71s/it]Best trial: 925. Best value: 1.74638:  72%|███████▏  | 1081/1500 [1:26:02<29:26,  4.22s/it]                                                                                           Best trial: 925. Best value: 1.74638:  72%|███████▏  | 1081/1500 [1:26:07<29:26,  4.22s/it]Best trial: 925. Best value: 1.74638:  72%|███████▏  | 1081/1500 [1:26:07<29:26,  4.22s/it]Best trial: 925. Best value: 1.74638:  72%|███████▏  | 1082/1500 [1:26:07<29:57,  4.30s/it]                                                                                           Best trial: 925. Best value: 1.74638:  72%|███████▏  | 1082/1500 [1:26:12<29:57,  4.30s/it]Best trial: 925. Best value: 1.74638:  72%|███████▏  | 1082/1500 [1:26:12<29:57,  4.30s/it]Best trial: 925. Best value: 1.74638:  72%|███████▏  | 1083/1500 [1:26:12<31:07,  4.48s/it]                                                                                           Best trial: 925. Best value: 1.74638:  72%|███████▏  | 1083/1500 [1:26:17<31:07,  4.48s/it]Best trial: 925. Best value: 1.74638:  72%|███████▏  | 1083/1500 [1:26:17<31:07,  4.48s/it]Best trial: 925. Best value: 1.74638:  72%|███████▏  | 1084/1500 [1:26:17<31:50,  4.59s/it]                                                                                           Best trial: 925. Best value: 1.74638:  72%|███████▏  | 1084/1500 [1:26:21<31:50,  4.59s/it]Best trial: 925. Best value: 1.74638:  72%|███████▏  | 1084/1500 [1:26:22<31:50,  4.59s/it]Best trial: 925. Best value: 1.74638:  72%|███████▏  | 1085/1500 [1:26:22<32:22,  4.68s/it]                                                                                           Best trial: 925. Best value: 1.74638:  72%|███████▏  | 1085/1500 [1:26:26<32:22,  4.68s/it]Best trial: 925. Best value: 1.74638:  72%|███████▏  | 1085/1500 [1:26:26<32:22,  4.68s/it]Best trial: 925. Best value: 1.74638:  72%|███████▏  | 1086/1500 [1:26:26<32:37,  4.73s/it]                                                                                           Best trial: 925. Best value: 1.74638:  72%|███████▏  | 1086/1500 [1:26:31<32:37,  4.73s/it]Best trial: 925. Best value: 1.74638:  72%|███████▏  | 1086/1500 [1:26:31<32:37,  4.73s/it]Best trial: 925. Best value: 1.74638:  72%|███████▏  | 1087/1500 [1:26:31<32:42,  4.75s/it]                                                                                           Best trial: 925. Best value: 1.74638:  72%|███████▏  | 1087/1500 [1:26:34<32:42,  4.75s/it]Best trial: 925. Best value: 1.74638:  72%|███████▏  | 1087/1500 [1:26:34<32:42,  4.75s/it]Best trial: 925. Best value: 1.74638:  73%|███████▎  | 1088/1500 [1:26:34<29:23,  4.28s/it]                                                                                           Best trial: 925. Best value: 1.74638:  73%|███████▎  | 1088/1500 [1:26:39<29:23,  4.28s/it]Best trial: 925. Best value: 1.74638:  73%|███████▎  | 1088/1500 [1:26:39<29:23,  4.28s/it]Best trial: 925. Best value: 1.74638:  73%|███████▎  | 1089/1500 [1:26:39<30:17,  4.42s/it]                                                                                           Best trial: 925. Best value: 1.74638:  73%|███████▎  | 1089/1500 [1:26:44<30:17,  4.42s/it]Best trial: 925. Best value: 1.74638:  73%|███████▎  | 1089/1500 [1:26:44<30:17,  4.42s/it]Best trial: 925. Best value: 1.74638:  73%|███████▎  | 1090/1500 [1:26:44<30:57,  4.53s/it]                                                                                           Best trial: 925. Best value: 1.74638:  73%|███████▎  | 1090/1500 [1:26:48<30:57,  4.53s/it]Best trial: 925. Best value: 1.74638:  73%|███████▎  | 1090/1500 [1:26:48<30:57,  4.53s/it]Best trial: 925. Best value: 1.74638:  73%|███████▎  | 1091/1500 [1:26:48<30:31,  4.48s/it]                                                                                           
[I 2026-05-02 20:18:55,722] Trial 1081 finished with value: 1.8324815718076728 and parameters: {'f_n': 7.120533995641889e-07, 'K_d': 942107.7041614217, 'rho_d': 13133758263942.988, 'fission_rate': 6.507150627393559e+19, 'D2_xe_scale': 0.014277867394488825, 'Dg_D1_scale': 0.15880674001422937, 'Dg_D3_scale': 2.0413465428720343, 'Dv_D1_scale': 0.3219706636109401, 'Dv_D2_scale': 3.5918267865525766, 'b_bulk_scale': 0.2842522166479172, 'b_dislocation_scale': 0.10565121496880055, 'gb_scale': 5.05951171629631, 'gd_bubble_scale': 0.14301598399896395, 'gd_line_scale': 7.7789869350957455, 'gd_line_alpha': 0.40191823450841246, 'coalescence_d_scale': 0.4295614185558181, 'capture_scale': 4.781835161751164}. Best is trial 925 with value: 1.7463781355085592.
[I 2026-05-02 20:19:00,605] Trial 1082 finished with value: 1.7583331311136898 and parameters: {'f_n': 4.8552533750266e-07, 'K_d': 697361.3088411822, 'rho_d': 10286479292960.82, 'fission_rate': 6.1481274626460205e+19, 'D2_xe_scale': 0.038184334972896396, 'Dg_D1_scale': 0.17586714603635092, 'Dg_D3_scale': 2.520338774804952, 'Dv_D1_scale': 0.2759800006721152, 'Dv_D2_scale': 3.99516035556663, 'b_bulk_scale': 0.35813034653075626, 'b_dislocation_scale': 0.17065825233131965, 'gb_scale': 6.942887582442707, 'gd_bubble_scale': 8.851440083975467, 'gd_line_scale': 9.984971834337221, 'gd_line_alpha': 0.5617439495568259, 'coalescence_d_scale': 0.3899370127985392, 'capture_scale': 6.372157102780605}. Best is trial 925 with value: 1.7463781355085592.
