[I 2026-05-02 20:49:30,910] Trial 1487 finished with value: 4.143402417098059 and parameters: {'f_n': 6.302582648947835e-07, 'K_d': 768432.3181887507, 'rho_d': 12174235610968.05, 'fission_rate': 6.059811218091719e+19, 'D2_xe_scale': 0.11644016428968579, 'Dg_D1_scale': 0.18770968633008528, 'Dg_D3_scale': 2.2327434347384334, 'Dv_D1_scale': 0.3437068148798949, 'Dv_D2_scale': 3.9962790856043418, 'b_bulk_scale': 0.23190227786791043, 'b_dislocation_scale': 1.5658454535661146, 'gb_scale': 7.997197046891629, 'gd_bubble_scale': 8.11464682021247, 'gd_line_scale': 5.377035513968087, 'gd_line_alpha': 0.45403578928569577, 'coalescence_d_scale': 0.4344586080780927, 'capture_scale': 7.931308949616073}. Best is trial 1126 with value: 1.7410514264406347.Best trial: 1126. Best value: 1.74105:  99%|█████████▉| 1487/1500 [1:56:42<00:55,  4.28s/it]Best trial: 1126. Best value: 1.74105:  99%|█████████▉| 1487/1500 [1:56:42<00:55,  4.28s/it]Best trial: 1126. Best value: 1.74105:  99%|█████████▉| 1488/1500 [1:56:42<00:50,  4.18s/it]                                                                                            Best trial: 1126. Best value: 1.74105:  99%|█████████▉| 1488/1500 [1:56:47<00:50,  4.18s/it]Best trial: 1126. Best value: 1.74105:  99%|█████████▉| 1488/1500 [1:56:47<00:50,  4.18s/it]Best trial: 1126. Best value: 1.74105:  99%|█████████▉| 1489/1500 [1:56:47<00:47,  4.34s/it]                                                                                            Best trial: 1126. Best value: 1.74105:  99%|█████████▉| 1489/1500 [1:56:52<00:47,  4.34s/it]Best trial: 1126. Best value: 1.74105:  99%|█████████▉| 1489/1500 [1:56:52<00:47,  4.34s/it]Best trial: 1126. Best value: 1.74105:  99%|█████████▉| 1490/1500 [1:56:52<00:44,  4.48s/it]                                                                                            Best trial: 1126. Best value: 1.74105:  99%|█████████▉| 1490/1500 [1:56:56<00:44,  4.48s/it]Best trial: 1126. Best value: 1.74105:  99%|█████████▉| 1490/1500 [1:56:56<00:44,  4.48s/it]Best trial: 1126. Best value: 1.74105:  99%|█████████▉| 1491/1500 [1:56:56<00:40,  4.55s/it]                                                                                            Best trial: 1126. Best value: 1.74105:  99%|█████████▉| 1491/1500 [1:57:01<00:40,  4.55s/it]Best trial: 1126. Best value: 1.74105:  99%|█████████▉| 1491/1500 [1:57:01<00:40,  4.55s/it]Best trial: 1126. Best value: 1.74105:  99%|█████████▉| 1492/1500 [1:57:01<00:36,  4.59s/it]                                                                                            Best trial: 1126. Best value: 1.74105:  99%|█████████▉| 1492/1500 [1:57:06<00:36,  4.59s/it]Best trial: 1126. Best value: 1.74105:  99%|█████████▉| 1492/1500 [1:57:06<00:36,  4.59s/it]Best trial: 1126. Best value: 1.74105: 100%|█████████▉| 1493/1500 [1:57:06<00:32,  4.66s/it]                                                                                            Best trial: 1126. Best value: 1.74105: 100%|█████████▉| 1493/1500 [1:57:10<00:32,  4.66s/it]Best trial: 1126. Best value: 1.74105: 100%|█████████▉| 1493/1500 [1:57:10<00:32,  4.66s/it]Best trial: 1126. Best value: 1.74105: 100%|█████████▉| 1494/1500 [1:57:10<00:27,  4.53s/it]                                                                                            Best trial: 1126. Best value: 1.74105: 100%|█████████▉| 1494/1500 [1:57:13<00:27,  4.53s/it]Best trial: 1126. Best value: 1.74105: 100%|█████████▉| 1494/1500 [1:57:13<00:27,  4.53s/it]Best trial: 1126. Best value: 1.74105: 100%|█████████▉| 1495/1500 [1:57:13<00:20,  4.12s/it]                                                                                            Best trial: 1126. Best value: 1.74105: 100%|█████████▉| 1495/1500 [1:57:18<00:20,  4.12s/it]Best trial: 1126. Best value: 1.74105: 100%|█████████▉| 1495/1500 [1:57:18<00:20,  4.12s/it]Best trial: 1126. Best value: 1.74105: 100%|█████████▉| 1496/1500 [1:57:18<00:17,  4.37s/it]                                                                                            Best trial: 1126. Best value: 1.74105: 100%|█████████▉| 1496/1500 [1:57:23<00:17,  4.37s/it]Best trial: 1126. Best value: 1.74105: 100%|█████████▉| 1496/1500 [1:57:23<00:17,  4.37s/it]Best trial: 1126. Best value: 1.74105: 100%|█████████▉| 1497/1500 [1:57:23<00:13,  4.45s/it]                                                                                            Best trial: 1126. Best value: 1.74105: 100%|█████████▉| 1497/1500 [1:57:28<00:13,  4.45s/it]Best trial: 1126. Best value: 1.74105: 100%|█████████▉| 1497/1500 [1:57:28<00:13,  4.45s/it]Best trial: 1126. Best value: 1.74105: 100%|█████████▉| 1498/1500 [1:57:28<00:09,  4.56s/it]                                                                                            
[I 2026-05-02 20:49:35,627] Trial 1488 finished with value: 1.9789463536318022 and parameters: {'f_n': 6.041687530345326e-07, 'K_d': 946610.6921194544, 'rho_d': 11754793758957.854, 'fission_rate': 6.1200790059984404e+19, 'D2_xe_scale': 0.0164912233302141, 'Dg_D1_scale': 0.1500988033300695, 'Dg_D3_scale': 2.592737725157752, 'Dv_D1_scale': 0.3103573559276935, 'Dv_D2_scale': 3.9983305829193756, 'b_bulk_scale': 0.18984967513277728, 'b_dislocation_scale': 0.13513405590803323, 'gb_scale': 6.672237872961569, 'gd_bubble_scale': 7.174457430337628, 'gd_line_scale': 7.422174604074986, 'gd_line_alpha': 0.43384917623820546, 'coalescence_d_scale': 0.5413324730130454, 'capture_scale': 6.372121630770724}. Best is trial 1126 with value: 1.7410514264406347.
[I 2026-05-02 20:49:40,444] Trial 1489 finished with value: 1.7677028084570536 and parameters: {'f_n': 8.999266844167564e-07, 'K_d': 822092.596791282, 'rho_d': 12767827115066.36, 'fission_rate': 5.993472957329732e+19, 'D2_xe_scale': 0.7201094184795467, 'Dg_D1_scale': 0.1758594009337477, 'Dg_D3_scale': 2.457048357105093, 'Dv_D1_scale': 0.32263731860779266, 'Dv_D2_scale': 3.443301406522473, 'b_bulk_scale': 0.2501331800058811, 'b_dislocation_scale': 0.133089602100936, 'gb_scale': 4.0432157633172086, 'gd_bubble_scale': 8.24946883356571, 'gd_line_scale': 6.640677461061568, 'gd_line_alpha': 0.4021594281698436, 'coalescence_d_scale': 0.46283772411252494, 'capture_scale': 7.17012623372798}. Best is trial 1126 with value: 1.7410514264406347.
[I 2026-05-02 20:49:45,134] Trial 1490 finished with value: 1.859497451350618 and parameters: {'f_n': 6.818619754742529e-07, 'K_d': 906028.5063175583, 'rho_d': 12012335733571.637, 'fission_rate': 6.193096985398004e+19, 'D2_xe_scale': 0.05640868537871141, 'Dg_D1_scale': 0.1690039159744117, 'Dg_D3_scale': 2.1211407703730907, 'Dv_D1_scale': 0.3448168477593272, 'Dv_D2_scale': 3.671627539682284, 'b_bulk_scale': 0.21542446849189564, 'b_dislocation_scale': 0.12218914045751932, 'gb_scale': 7.131990384982147, 'gd_bubble_scale': 7.2162663554164554, 'gd_line_scale': 7.658338093448377, 'gd_line_alpha': 0.4650428627223274, 'coalescence_d_scale': 0.5123811879625637, 'capture_scale': 5.939966810921793}. Best is trial 1126 with value: 1.7410514264406347.
[I 2026-05-02 20:49:49,834] Trial 1491 finished with value: 3.2738573800583346 and parameters: {'f_n': 5.617321379544246e-07, 'K_d': 771519.2872584692, 'rho_d': 13457180466044.008, 'fission_rate': 5.95782684034083e+19, 'D2_xe_scale': 1.599819396289027, 'Dg_D1_scale': 0.16038482989702613, 'Dg_D3_scale': 2.5939964554068418, 'Dv_D1_scale': 0.3084544520193762, 'Dv_D2_scale': 3.320244540867822, 'b_bulk_scale': 0.2396288695058134, 'b_dislocation_scale': 0.0980777744074569, 'gb_scale': 7.996612015784572, 'gd_bubble_scale': 6.428269680739972, 'gd_line_scale': 0.8169052026404261, 'gd_line_alpha': 0.4077060659746884, 'coalescence_d_scale': 0.4326527293786552, 'capture_scale': 6.572050490952011}. Best is trial 1126 with value: 1.7410514264406347.
[I 2026-05-02 20:49:54,666] Trial 1492 finished with value: 1.7658156233889777 and parameters: {'f_n': 1.0736047756719708e-06, 'K_d': 839994.2647453188, 'rho_d': 12588653870111.732, 'fission_rate': 6.067447919859419e+19, 'D2_xe_scale': 0.08952918675391511, 'Dg_D1_scale': 0.1904866009832211, 'Dg_D3_scale': 2.257465691602912, 'Dv_D1_scale': 0.3066272888353795, 'Dv_D2_scale': 3.7874963479530446, 'b_bulk_scale': 0.2502422824314705, 'b_dislocation_scale': 0.11289569174852815, 'gb_scale': 6.213570730171192, 'gd_bubble_scale': 8.279083390055174, 'gd_line_scale': 6.415521996847934, 'gd_line_alpha': 0.4298837251642804, 'coalescence_d_scale': 0.6315397349143583, 'capture_scale': 7.062978491058391}. Best is trial 1126 with value: 1.7410514264406347.
[I 2026-05-02 20:49:58,884] Trial 1493 finished with value: 4.626744994184942 and parameters: {'f_n': 7.718225868220974e-07, 'K_d': 745612.7979786058, 'rho_d': 11587911439782.29, 'fission_rate': 7.2778792313968845e+19, 'D2_xe_scale': 0.07193151080903396, 'Dg_D1_scale': 0.18194833674616104, 'Dg_D3_scale': 2.6672462198837374, 'Dv_D1_scale': 0.300285186959607, 'Dv_D2_scale': 3.6231412947600496, 'b_bulk_scale': 0.194415323779484, 'b_dislocation_scale': 0.14329179932510758, 'gb_scale': 4.84080497479737, 'gd_bubble_scale': 7.4922112729544095, 'gd_line_scale': 5.680720688974718, 'gd_line_alpha': 0.6101080968197158, 'coalescence_d_scale': 12.06112902627778, 'capture_scale': 5.694906755097221}. Best is trial 1126 with value: 1.7410514264406347.
[I 2026-05-02 20:50:02,056] Trial 1494 finished with value: 3.850074236315598 and parameters: {'f_n': 5.324504039772048e-07, 'K_d': 814657.6336563649, 'rho_d': 10405222820374.191, 'fission_rate': 6.143984368666354e+19, 'D2_xe_scale': 0.04755619276188738, 'Dg_D1_scale': 0.16460451562124076, 'Dg_D3_scale': 2.3938371945275194, 'Dv_D1_scale': 0.3307679684532388, 'Dv_D2_scale': 3.4273618295018253, 'b_bulk_scale': 0.26230602874198977, 'b_dislocation_scale': 0.12779544194591533, 'gb_scale': 0.10120479260812769, 'gd_bubble_scale': 8.528684331374551, 'gd_line_scale': 7.545707024393626, 'gd_line_alpha': 0.44584814884876733, 'coalescence_d_scale': 0.4893815740421638, 'capture_scale': 0.061530936940806594}. Best is trial 1126 with value: 1.7410514264406347.
[I 2026-05-02 20:50:06,991] Trial 1495 finished with value: 3.08174390893295 and parameters: {'f_n': 7.788775630205097e-07, 'K_d': 903598.7403389722, 'rho_d': 9827279181830.66, 'fission_rate': 5.876701513279439e+19, 'D2_xe_scale': 0.061925745386178815, 'Dg_D1_scale': 0.17607958268186066, 'Dg_D3_scale': 1.979016414607682, 'Dv_D1_scale': 0.29723671147756736, 'Dv_D2_scale': 3.781822883841956, 'b_bulk_scale': 0.27020135524591904, 'b_dislocation_scale': 0.10963674914013401, 'gb_scale': 0.40128782745558206, 'gd_bubble_scale': 6.556556376892453, 'gd_line_scale': 6.827234169467059, 'gd_line_alpha': 0.4769132391995141, 'coalescence_d_scale': 0.41230900926743436, 'capture_scale': 7.152347633191379}. Best is trial 1126 with value: 1.7410514264406347.
[I 2026-05-02 20:50:11,647] Trial 1496 finished with value: 2.2625017546191124 and parameters: {'f_n': 6.087879045980738e-07, 'K_d': 776263.2477058237, 'rho_d': 8205692514046.026, 'fission_rate': 6.211806117194838e+19, 'D2_xe_scale': 0.07665990438365433, 'Dg_D1_scale': 0.15791484289721244, 'Dg_D3_scale': 2.4842200274202266, 'Dv_D1_scale': 0.3598115486536328, 'Dv_D2_scale': 3.6405881206733715, 'b_bulk_scale': 0.2164859621586125, 'b_dislocation_scale': 0.14054075064297453, 'gb_scale': 6.840121184342227, 'gd_bubble_scale': 7.658068004928848, 'gd_line_scale': 7.904219781859742, 'gd_line_alpha': 0.46587511464703535, 'coalescence_d_scale': 0.5626124294688716, 'capture_scale': 7.955021322932896}. Best is trial 1126 with value: 1.7410514264406347.
[I 2026-05-02 20:50:16,469] Trial 1497 finished with value: 1.8712727364783062 and parameters: {'f_n': 9.820362516999073e-07, 'K_d': 977448.6399663314, 'rho_d': 11204365484123.691, 'fission_rate': 6.070284764538369e+19, 'D2_xe_scale': 0.022670601991048277, 'Dg_D1_scale': 0.19275316980953267, 'Dg_D3_scale': 2.204502310601016, 'Dv_D1_scale': 0.3171732178835006, 'Dv_D2_scale': 3.7982475102216178, 'b_bulk_scale': 0.2341740541295873, 'b_dislocation_scale': 0.12618669147479802, 'gb_scale': 6.139031734343467, 'gd_bubble_scale': 8.645160967373908, 'gd_line_scale': 7.16437698399703, 'gd_line_alpha': 0.4192817698803436, 'coalescence_d_scale': 0.4553953071309741, 'capture_scale': 6.389929374641478}. Best is trial 1126 with value: 1.7410514264406347.
[I 2026-05-02 20:50:21,018] Trial 1498 finished with value: 2.4521497128185614 and parameters: {'f_n': 5.050498412134706e-07, 'K_d': 859904.9944812094, 'rho_d': 11970761169294.248, 'fission_rate': 6.173995255419933e+19, 'D2_xe_scale': 0.03678297085854703, 'Dg_D1_scale': 0.15000683127924017, 'Dg_D3_scale': 2.6583738145104285, 'Dv_D1_scale': 0.2932559766595558, 'Dv_D2_scale': 0.9982757276087071, 'b_bulk_scale': 0.18553814339264682, 'b_dislocation_scale': 0.14685673131967877, 'gb_scale': 5.4734681350968835, 'gd_bubble_scale': 0.2672236048965378, 'gd_line_scale': 7.910145969000659, 'gd_line_alpha': 0.44954729967688556, 'coalescence_d_scale': 0.40495274544818566, 'capture_scale': 5.663841408720363}. Best is trial 1126 with value: 1.7410514264406347.Best trial: 1126. Best value: 1.74105: 100%|█████████▉| 1498/1500 [1:57:32<00:09,  4.56s/it]Best trial: 1126. Best value: 1.74105: 100%|█████████▉| 1498/1500 [1:57:32<00:09,  4.56s/it]Best trial: 1126. Best value: 1.74105: 100%|█████████▉| 1499/1500 [1:57:32<00:04,  4.56s/it]                                                                                            Best trial: 1126. Best value: 1.74105: 100%|█████████▉| 1499/1500 [1:57:37<00:04,  4.56s/it]Best trial: 1126. Best value: 1.74105: 100%|█████████▉| 1499/1500 [1:57:37<00:04,  4.56s/it]Best trial: 1126. Best value: 1.74105: 100%|██████████| 1500/1500 [1:57:37<00:00,  4.67s/it]Best trial: 1126. Best value: 1.74105: 100%|██████████| 1500/1500 [1:57:37<00:00,  4.71s/it]

[I 2026-05-02 20:50:25,950] Trial 1499 finished with value: 2.028514568227517 and parameters: {'f_n': 6.369380180933953e-07, 'K_d': 741964.847611366, 'rho_d': 12725351324734.092, 'fission_rate': 5.955025024340616e+19, 'D2_xe_scale': 0.09452749440913555, 'Dg_D1_scale': 0.18183549018522757, 'Dg_D3_scale': 2.3507619007463063, 'Dv_D1_scale': 0.3370636732731197, 'Dv_D2_scale': 0.9069579261482948, 'b_bulk_scale': 0.27168382479423187, 'b_dislocation_scale': 0.11924156591774777, 'gb_scale': 4.389758962572596, 'gd_bubble_scale': 7.078556659359085, 'gd_line_scale': 8.213996628941144, 'gd_line_alpha': 0.6217246176292507, 'coalescence_d_scale': 0.5222101471080365, 'capture_scale': 6.3977470619005015}. Best is trial 1126 with value: 1.7410514264406347.
Fast trials written to: UN_M7_optuna_v6_results/capture_only/global_split_D2Xe_v1/optuna_fast_trials_capture_only.csv
--------------------------------------------------------------------------------------------------------------------------------------------------------------------------
rank |     score |                        label |       f_n |       K_d |     rho_d |      Fdot |    Dv |    Dg |     b |    gb |    gd |  coal |   cap |  swD1600 |   Rd1600 |   NdDrop
--------------------------------------------------------------------------------------------------------------------------------------------------------------------------
   1 |     1.741 |  capture_only_v6_trial_01126 |   7.4e-07 |   7.3e+05 |   1.1e+13 |   6.2e+19 |     1 |     1 |     1 |   6.7 |     1 |  0.52 |   7.2 |     2.66 |     95.4 |  -0.0493
   2 |     1.746 |  capture_only_v6_trial_00925 |   7.0e-07 |   7.3e+05 |   1.2e+13 |   6.3e+19 |     1 |     1 |     1 |   5.9 |     1 |  0.33 |     7 |     2.59 |     89.4 |    -0.03
   3 |     1.749 |  capture_only_v6_trial_01157 |   9.5e-07 |   6.2e+05 |   1.1e+13 |   6.1e+19 |     1 |     1 |     1 |   6.5 |     1 |  0.39 |   7.9 |     2.57 |     98.2 |  -0.0353
   4 |     1.749 |  capture_only_v6_trial_00678 |   2.0e-06 |   8.8e+05 |   1.3e+13 |   5.6e+19 |     1 |     1 |     1 |   3.4 |     1 |  0.73 |     8 |     2.59 |     82.8 |  -0.0788
   5 |      1.75 |  capture_only_v6_trial_01230 |   5.3e-07 |   7.0e+05 |   1.2e+13 |   6.4e+19 |     1 |     1 |     1 |   7.9 |     1 |  0.45 |   4.7 |      2.6 |     90.8 |  -0.0416
   6 |      1.75 |  capture_only_v6_trial_01286 |   3.7e-07 |   6.9e+05 |   1.1e+13 |   6.4e+19 |     1 |     1 |     1 |   4.7 |     1 |  0.46 |   6.3 |     2.54 |     94.9 |  -0.0454
   7 |      1.75 |  capture_only_v6_trial_00779 |   1.4e-06 |   9.2e+05 |   1.2e+13 |   5.9e+19 |     1 |     1 |     1 |     4 |     1 |  0.58 |   5.7 |     2.54 |     82.4 |  -0.0566
   8 |     1.752 |  capture_only_v6_trial_01223 |   4.5e-07 |   7.1e+05 |   1.1e+13 |   6.0e+19 |     1 |     1 |     1 |     8 |     1 |  0.41 |   6.5 |     2.51 |     93.2 |  -0.0366
   9 |     1.752 |  capture_only_v6_trial_01408 |   3.6e-07 |   9.0e+05 |   1.1e+13 |   5.9e+19 |     1 |     1 |     1 |   5.7 |     1 |  0.33 |   6.4 |      2.7 |     88.8 |  -0.0332
  10 |     1.752 |  capture_only_v6_trial_00796 |   9.7e-07 |   1.0e+06 |   1.2e+13 |   6.2e+19 |     1 |     1 |     1 |   5.1 |     1 |  0.49 |   6.4 |     2.47 |       81 |  -0.0454
  11 |     1.752 |  capture_only_v6_trial_01385 |   2.7e-07 |   7.5e+05 |   9.5e+12 |   6.0e+19 |     1 |     1 |     1 |   5.6 |     1 |  0.36 |   7.2 |     2.56 |     96.4 |  -0.0348
  12 |     1.752 |  capture_only_v6_trial_00895 |   4.2e-07 |   7.7e+05 |   1.2e+13 |   6.5e+19 |     1 |     1 |     1 |   7.2 |     1 |  0.42 |   6.4 |     2.55 |     89.2 |  -0.0392
  13 |     1.754 |  capture_only_v6_trial_00847 |   4.7e-07 |   8.3e+05 |   1.1e+13 |   6.8e+19 |     1 |     1 |     1 |   7.2 |     1 |  0.59 |   5.1 |     2.63 |     90.1 |  -0.0563
  14 |     1.754 |  capture_only_v6_trial_00910 |   5.5e-07 |   9.3e+05 |   1.2e+13 |   6.3e+19 |     1 |     1 |     1 |   7.3 |     1 |  0.46 |   6.1 |      2.5 |     83.7 |  -0.0403
  15 |     1.754 |  capture_only_v6_trial_01138 |   7.4e-07 |   6.1e+05 |   1.1e+13 |   6.1e+19 |     1 |     1 |     1 |   4.9 |     1 |  0.35 |     8 |     2.61 |     99.5 |  -0.0331
--------------------------------------------------------------------------------------------------------------------------------------------------------------------------
Final rows written to: UN_M7_optuna_v6_results/capture_only/global_split_D2Xe_v1/optuna_final_top_capture_only.csv
--------------------------------------------------------------------------------------------------------------------------------------------------------------------------
rank |     score |                        label |       f_n |       K_d |     rho_d |      Fdot |    Dv |    Dg |     b |    gb |    gd |  coal |   cap |  swD1600 |   Rd1600 |   NdDrop
--------------------------------------------------------------------------------------------------------------------------------------------------------------------------
--------------------------------------------------------------------------------------------------------------------------------------------------------------------------
Summary written to: UN_M7_optuna_v6_results/capture_only/global_split_D2Xe_v1/optuna_summary_capture_only.md
