[I 2026-05-02 20:00:50,478] Trial 827 finished with value: 1.7850871253972629 and parameters: {'f_n': 6.041962963043032e-07, 'K_d': 846394.1012359184, 'rho_d': 11338939604693.459, 'fission_rate': 6.357971461667037e+19, 'D2_xe_scale': 0.050037740033803936, 'Dg_D1_scale': 0.15585976099373874, 'Dg_D3_scale': 2.004223752728323, 'Dv_D1_scale': 0.3432384361543935, 'Dv_D2_scale': 3.433757380769641, 'b_bulk_scale': 0.2922254305229186, 'b_dislocation_scale': 0.11479794837178332, 'gb_scale': 6.602561087337966, 'gd_bubble_scale': 9.07512550596045, 'gd_line_scale': 7.846722822373239, 'gd_line_alpha': 0.40004767371253974, 'coalescence_d_scale': 0.5233850465241316, 'capture_scale': 6.580833792650214}. Best is trial 678 with value: 1.749291878123438.Best trial: 678. Best value: 1.74929:  55%|█████▌    | 827/1500 [1:08:02<46:36,  4.16s/it]Best trial: 678. Best value: 1.74929:  55%|█████▌    | 827/1500 [1:08:02<46:36,  4.16s/it]Best trial: 678. Best value: 1.74929:  55%|█████▌    | 828/1500 [1:08:02<47:43,  4.26s/it]                                                                                          Best trial: 678. Best value: 1.74929:  55%|█████▌    | 828/1500 [1:08:06<47:43,  4.26s/it]Best trial: 678. Best value: 1.74929:  55%|█████▌    | 828/1500 [1:08:06<47:43,  4.26s/it]Best trial: 678. Best value: 1.74929:  55%|█████▌    | 829/1500 [1:08:06<48:20,  4.32s/it]                                                                                          Best trial: 678. Best value: 1.74929:  55%|█████▌    | 829/1500 [1:08:09<48:20,  4.32s/it]Best trial: 678. Best value: 1.74929:  55%|█████▌    | 829/1500 [1:08:09<48:20,  4.32s/it]Best trial: 678. Best value: 1.74929:  55%|█████▌    | 830/1500 [1:08:09<43:21,  3.88s/it]                                                                                          Best trial: 678. Best value: 1.74929:  55%|█████▌    | 830/1500 [1:08:13<43:21,  3.88s/it]Best trial: 678. Best value: 1.74929:  55%|█████▌    | 830/1500 [1:08:13<43:21,  3.88s/it]Best trial: 678. Best value: 1.74929:  55%|█████▌    | 831/1500 [1:08:13<45:12,  4.05s/it]                                                                                          Best trial: 678. Best value: 1.74929:  55%|█████▌    | 831/1500 [1:08:18<45:12,  4.05s/it]Best trial: 678. Best value: 1.74929:  55%|█████▌    | 831/1500 [1:08:18<45:12,  4.05s/it]Best trial: 678. Best value: 1.74929:  55%|█████▌    | 832/1500 [1:08:18<46:26,  4.17s/it]                                                                                          Best trial: 678. Best value: 1.74929:  55%|█████▌    | 832/1500 [1:08:22<46:26,  4.17s/it]Best trial: 678. Best value: 1.74929:  55%|█████▌    | 832/1500 [1:08:22<46:26,  4.17s/it]Best trial: 678. Best value: 1.74929:  56%|█████▌    | 833/1500 [1:08:22<47:21,  4.26s/it]                                                                                          Best trial: 678. Best value: 1.74929:  56%|█████▌    | 833/1500 [1:08:27<47:21,  4.26s/it]Best trial: 678. Best value: 1.74929:  56%|█████▌    | 833/1500 [1:08:27<47:21,  4.26s/it]Best trial: 678. Best value: 1.74929:  56%|█████▌    | 834/1500 [1:08:27<47:41,  4.30s/it]                                                                                          Best trial: 678. Best value: 1.74929:  56%|█████▌    | 834/1500 [1:08:31<47:41,  4.30s/it]Best trial: 678. Best value: 1.74929:  56%|█████▌    | 834/1500 [1:08:31<47:41,  4.30s/it]Best trial: 678. Best value: 1.74929:  56%|█████▌    | 835/1500 [1:08:31<47:48,  4.31s/it]                                                                                          Best trial: 678. Best value: 1.74929:  56%|█████▌    | 835/1500 [1:08:35<47:48,  4.31s/it]Best trial: 678. Best value: 1.74929:  56%|█████▌    | 835/1500 [1:08:35<47:48,  4.31s/it]Best trial: 678. Best value: 1.74929:  56%|█████▌    | 836/1500 [1:08:35<47:30,  4.29s/it]                                                                                          Best trial: 678. Best value: 1.74929:  56%|█████▌    | 836/1500 [1:08:38<47:30,  4.29s/it]Best trial: 678. Best value: 1.74929:  56%|█████▌    | 836/1500 [1:08:38<47:30,  4.29s/it]Best trial: 678. Best value: 1.74929:  56%|█████▌    | 837/1500 [1:08:38<43:23,  3.93s/it]                                                                                          Best trial: 678. Best value: 1.74929:  56%|█████▌    | 837/1500 [1:08:43<43:23,  3.93s/it]Best trial: 678. Best value: 1.74929:  56%|█████▌    | 837/1500 [1:08:43<43:23,  3.93s/it]Best trial: 678. Best value: 1.74929:  56%|█████▌    | 838/1500 [1:08:43<45:05,  4.09s/it]                                                                                          
[I 2026-05-02 20:00:54,946] Trial 828 finished with value: 2.2403942606229204 and parameters: {'f_n': 5.597226413882649e-07, 'K_d': 147367.88767140874, 'rho_d': 12099755960415.55, 'fission_rate': 6.434397206971765e+19, 'D2_xe_scale': 0.041445543112022656, 'Dg_D1_scale': 0.1616355884369987, 'Dg_D3_scale': 2.1777366717837108, 'Dv_D1_scale': 0.3343935614268857, 'Dv_D2_scale': 3.483674929108411, 'b_bulk_scale': 0.2356416865783685, 'b_dislocation_scale': 0.11138065360745546, 'gb_scale': 7.946923554975385, 'gd_bubble_scale': 9.179629957721568, 'gd_line_scale': 8.405974423368821, 'gd_line_alpha': 0.36363315135555463, 'coalescence_d_scale': 0.5548857819511049, 'capture_scale': 6.130602130432861}. Best is trial 678 with value: 1.749291878123438.
[I 2026-05-02 20:00:57,798] Trial 829 finished with value: 2.35567604515138 and parameters: {'f_n': 4.632672249494384e-07, 'K_d': 1493421.6245410042, 'rho_d': 12269142968149.584, 'fission_rate': 6.409164697522733e+19, 'D2_xe_scale': 0.04218456601015058, 'Dg_D1_scale': 0.16652760812784895, 'Dg_D3_scale': 1.9343156428616837, 'Dv_D1_scale': 2.022911085735973, 'Dv_D2_scale': 3.2366347553064716, 'b_bulk_scale': 0.2616021063619302, 'b_dislocation_scale': 0.12798581238456433, 'gb_scale': 7.079913988622585, 'gd_bubble_scale': 9.906541086857624, 'gd_line_scale': 7.5858519096923605, 'gd_line_alpha': 0.3526618467425639, 'coalescence_d_scale': 0.5039505235348287, 'capture_scale': 6.457671702228853}. Best is trial 678 with value: 1.749291878123438.
[I 2026-05-02 20:01:02,253] Trial 830 finished with value: 1.7608640111394573 and parameters: {'f_n': 6.994617050890372e-07, 'K_d': 858192.617250061, 'rho_d': 11434498114789.969, 'fission_rate': 6.431526673868092e+19, 'D2_xe_scale': 0.028479498140208125, 'Dg_D1_scale': 0.1563578472940235, 'Dg_D3_scale': 2.0715950890167507, 'Dv_D1_scale': 0.34090856301336764, 'Dv_D2_scale': 3.5706192836220154, 'b_bulk_scale': 0.2180808555620526, 'b_dislocation_scale': 0.1108842139481756, 'gb_scale': 7.923291197861529, 'gd_bubble_scale': 9.91230233557041, 'gd_line_scale': 8.453998744313251, 'gd_line_alpha': 0.38910420790571293, 'coalescence_d_scale': 0.540530634403575, 'capture_scale': 5.146777460332233}. Best is trial 678 with value: 1.749291878123438.
[I 2026-05-02 20:01:06,699] Trial 831 finished with value: 1.7744135619299666 and parameters: {'f_n': 4.4238137655702605e-07, 'K_d': 851796.6977369799, 'rho_d': 11198334132646.23, 'fission_rate': 6.483582311568941e+19, 'D2_xe_scale': 0.03163866398427903, 'Dg_D1_scale': 0.1505850849207543, 'Dg_D3_scale': 1.8745083976865968, 'Dv_D1_scale': 0.3498194929312326, 'Dv_D2_scale': 3.1745752380671663, 'b_bulk_scale': 0.20261058172446883, 'b_dislocation_scale': 0.10672575058355516, 'gb_scale': 7.759765073651933, 'gd_bubble_scale': 9.835961785093124, 'gd_line_scale': 8.352456150276247, 'gd_line_alpha': 0.40752468257503377, 'coalescence_d_scale': 0.5679772866331271, 'capture_scale': 6.842116759228729}. Best is trial 678 with value: 1.749291878123438.
[I 2026-05-02 20:01:11,164] Trial 832 finished with value: 1.7864708418419495 and parameters: {'f_n': 3.671034974324281e-07, 'K_d': 856099.9012120018, 'rho_d': 11528086094148.803, 'fission_rate': 6.415696571489178e+19, 'D2_xe_scale': 0.039620615402253444, 'Dg_D1_scale': 0.15043633705662177, 'Dg_D3_scale': 2.0128411460549342, 'Dv_D1_scale': 0.34579522052800654, 'Dv_D2_scale': 3.4782235935534023, 'b_bulk_scale': 0.22614715315810477, 'b_dislocation_scale': 0.12220942417533301, 'gb_scale': 6.8563318824426664, 'gd_bubble_scale': 9.144729536154282, 'gd_line_scale': 8.515435974985996, 'gd_line_alpha': 0.37033150434317985, 'coalescence_d_scale': 0.5703035702117681, 'capture_scale': 5.166781339841943}. Best is trial 678 with value: 1.749291878123438.
[I 2026-05-02 20:01:15,545] Trial 833 finished with value: 1.7667176054806393 and parameters: {'f_n': 5.30361178041861e-07, 'K_d': 869675.6059754151, 'rho_d': 11261088720233.453, 'fission_rate': 6.583535960842583e+19, 'D2_xe_scale': 0.03667669947134678, 'Dg_D1_scale': 0.16012929379615193, 'Dg_D3_scale': 1.7679225129184772, 'Dv_D1_scale': 0.3309272456971923, 'Dv_D2_scale': 3.557949670987455, 'b_bulk_scale': 0.2257346697576431, 'b_dislocation_scale': 0.1058295788948926, 'gb_scale': 7.786314430458209, 'gd_bubble_scale': 9.96130614784033, 'gd_line_scale': 8.46478798053219, 'gd_line_alpha': 0.39542513242668875, 'coalescence_d_scale': 0.5503319365783962, 'capture_scale': 6.202168776743154}. Best is trial 678 with value: 1.749291878123438.
[I 2026-05-02 20:01:19,898] Trial 834 finished with value: 1.7987193998085218 and parameters: {'f_n': 5.106104822343098e-07, 'K_d': 831937.7340928288, 'rho_d': 11353836244391.29, 'fission_rate': 6.61691889302572e+19, 'D2_xe_scale': 0.025599242844042868, 'Dg_D1_scale': 0.15920204236708763, 'Dg_D3_scale': 1.8757186401199306, 'Dv_D1_scale': 0.34685110295884086, 'Dv_D2_scale': 3.193595561773419, 'b_bulk_scale': 0.2534470047463632, 'b_dislocation_scale': 0.10365196602965339, 'gb_scale': 7.918252177593588, 'gd_bubble_scale': 9.250071987563336, 'gd_line_scale': 8.5264504194386, 'gd_line_alpha': 0.384605281067639, 'coalescence_d_scale': 0.481778674953534, 'capture_scale': 5.219265955245428}. Best is trial 678 with value: 1.749291878123438.
[I 2026-05-02 20:01:24,144] Trial 835 finished with value: 1.808172611736886 and parameters: {'f_n': 5.100596858739277e-07, 'K_d': 825967.0933682201, 'rho_d': 11299874333501.281, 'fission_rate': 6.790177456338014e+19, 'D2_xe_scale': 0.016788597039368, 'Dg_D1_scale': 0.15830108203802412, 'Dg_D3_scale': 1.7948336660855595, 'Dv_D1_scale': 0.33227177788737194, 'Dv_D2_scale': 3.3848128095677494, 'b_bulk_scale': 0.2764466941983689, 'b_dislocation_scale': 0.1064276084244488, 'gb_scale': 7.653496415559536, 'gd_bubble_scale': 9.873005803306752, 'gd_line_scale': 8.437694996069213, 'gd_line_alpha': 0.4360945985038129, 'coalescence_d_scale': 0.5509617474304965, 'capture_scale': 6.1716074260424465}. Best is trial 678 with value: 1.749291878123438.
[I 2026-05-02 20:01:27,152] Trial 836 finished with value: 2.022562243296595 and parameters: {'f_n': 6.538864855940055e-07, 'K_d': 873487.6259630736, 'rho_d': 11069989432361.63, 'fission_rate': 6.380153802712436e+19, 'D2_xe_scale': 0.04621455059836709, 'Dg_D1_scale': 0.15584491627730024, 'Dg_D3_scale': 1.9844039563938862, 'Dv_D1_scale': 0.33104366159661175, 'Dv_D2_scale': 0.3703517772330573, 'b_bulk_scale': 0.23123340859704158, 'b_dislocation_scale': 0.10551492264277354, 'gb_scale': 7.9164872042517445, 'gd_bubble_scale': 9.928275242095323, 'gd_line_scale': 8.26477226394328, 'gd_line_alpha': 0.37163711524876836, 'coalescence_d_scale': 0.5185375525128524, 'capture_scale': 5.139093060623793}. Best is trial 678 with value: 1.749291878123438.
[I 2026-05-02 20:01:31,671] Trial 837 finished with value: 2.040731165142312 and parameters: {'f_n': 7.894010831749843e-07, 'K_d': 832332.7508526767, 'rho_d': 11858231909144.814, 'fission_rate': 6.49059590428173e+19, 'D2_xe_scale': 0.03184063088730448, 'Dg_D1_scale': 0.15017837333538206, 'Dg_D3_scale': 1.7456372432822664, 'Dv_D1_scale': 0.34798725038614614, 'Dv_D2_scale': 3.5440927161346707, 'b_bulk_scale': 0.2034998196767716, 'b_dislocation_scale': 0.11092268894212383, 'gb_scale': 7.703832279149875, 'gd_bubble_scale': 9.865465353460165, 'gd_line_scale': 7.630791471351327, 'gd_line_alpha': 0.4064879800376969, 'coalescence_d_scale': 0.4606364842743917, 'capture_scale': 0.059362984446014185}. Best is trial 678 with value: 1.749291878123438.
[I 2026-05-02 20:01:36,164] Trial 838 finished with value: 1.767959089512881 and parameters: {'f_n': 5.744115028609458e-07, 'K_d': 882340.4878336282, 'rho_d': 11144568292628.035, 'fission_rate': 6.553440435335622e+19, 'D2_xe_scale': 0.034990808317873934, 'Dg_D1_scale': 0.16133289269853762, 'Dg_D3_scale': 2.0752145351479805, 'Dv_D1_scale': 0.3294959416459212, 'Dv_D2_scale': 3.315715298332928, 'b_bulk_scale': 0.24931599407637364, 'b_dislocation_scale': 0.13367858935255608, 'gb_scale': 6.804206198416277, 'gd_bubble_scale': 9.990084082287584, 'gd_line_scale': 8.63135490323241, 'gd_line_alpha': 0.3823319351021951, 'coalescence_d_scale': 0.5667617100966059, 'capture_scale': 6.018640550373797}. Best is trial 678 with value: 1.749291878123438.Best trial: 678. Best value: 1.74929:  56%|█████▌    | 838/1500 [1:08:47<45:05,  4.09s/it]Best trial: 678. Best value: 1.74929:  56%|█████▌    | 838/1500 [1:08:47<45:05,  4.09s/it]Best trial: 678. Best value: 1.74929:  56%|█████▌    | 839/1500 [1:08:47<46:20,  4.21s/it]                                                                                          Best trial: 678. Best value: 1.74929:  56%|█████▌    | 839/1500 [1:08:52<46:20,  4.21s/it]Best trial: 678. Best value: 1.74929:  56%|█████▌    | 839/1500 [1:08:52<46:20,  4.21s/it]Best trial: 678. Best value: 1.74929:  56%|█████▌    | 840/1500 [1:08:52<46:55,  4.27s/it]                                                                                          Best trial: 678. Best value: 1.74929:  56%|█████▌    | 840/1500 [1:08:56<46:55,  4.27s/it]Best trial: 678. Best value: 1.74929:  56%|█████▌    | 840/1500 [1:08:56<46:55,  4.27s/it]Best trial: 678. Best value: 1.74929:  56%|█████▌    | 841/1500 [1:08:56<47:12,  4.30s/it]                                                                                          Best trial: 678. Best value: 1.74929:  56%|█████▌    | 841/1500 [1:09:00<47:12,  4.30s/it]Best trial: 678. Best value: 1.74929:  56%|█████▌    | 841/1500 [1:09:01<47:12,  4.30s/it]Best trial: 678. Best value: 1.74929:  56%|█████▌    | 842/1500 [1:09:01<47:41,  4.35s/it]                                                                                          Best trial: 678. Best value: 1.74929:  56%|█████▌    | 842/1500 [1:09:05<47:41,  4.35s/it]Best trial: 678. Best value: 1.74929:  56%|█████▌    | 842/1500 [1:09:05<47:41,  4.35s/it]Best trial: 678. Best value: 1.74929:  56%|█████▌    | 843/1500 [1:09:05<47:40,  4.35s/it]                                                                                          Best trial: 678. Best value: 1.74929:  56%|█████▌    | 843/1500 [1:09:09<47:40,  4.35s/it]Best trial: 678. Best value: 1.74929:  56%|█████▌    | 843/1500 [1:09:09<47:40,  4.35s/it]Best trial: 678. Best value: 1.74929:  56%|█████▋    | 844/1500 [1:09:09<47:58,  4.39s/it]                                                                                          Best trial: 678. Best value: 1.74929:  56%|█████▋    | 844/1500 [1:09:12<47:58,  4.39s/it]Best trial: 678. Best value: 1.74929:  56%|█████▋    | 844/1500 [1:09:12<47:58,  4.39s/it]Best trial: 678. Best value: 1.74929:  56%|█████▋    | 845/1500 [1:09:12<42:12,  3.87s/it]                                                                                          Best trial: 678. Best value: 1.74929:  56%|█████▋    | 845/1500 [1:09:16<42:12,  3.87s/it]Best trial: 678. Best value: 1.74929:  56%|█████▋    | 845/1500 [1:09:16<42:12,  3.87s/it]Best trial: 678. Best value: 1.74929:  56%|█████▋    | 846/1500 [1:09:16<43:41,  4.01s/it]                                                                                          Best trial: 678. Best value: 1.74929:  56%|█████▋    | 846/1500 [1:09:21<43:41,  4.01s/it]Best trial: 678. Best value: 1.74929:  56%|█████▋    | 846/1500 [1:09:21<43:41,  4.01s/it]Best trial: 678. Best value: 1.74929:  56%|█████▋    | 847/1500 [1:09:21<44:35,  4.10s/it]                                                                                          Best trial: 678. Best value: 1.74929:  56%|█████▋    | 847/1500 [1:09:25<44:35,  4.10s/it]Best trial: 678. Best value: 1.74929:  56%|█████▋    | 847/1500 [1:09:25<44:35,  4.10s/it]Best trial: 678. Best value: 1.74929:  57%|█████▋    | 848/1500 [1:09:25<45:05,  4.15s/it]                                                                                          Best trial: 678. Best value: 1.74929:  57%|█████▋    | 848/1500 [1:09:29<45:05,  4.15s/it]Best trial: 678. Best value: 1.74929:  57%|█████▋    | 848/1500 [1:09:29<45:05,  4.15s/it]Best trial: 678. Best value: 1.74929:  57%|█████▋    | 849/1500 [1:09:29<45:02,  4.15s/it]                                                                                          
[I 2026-05-02 20:01:40,564] Trial 839 finished with value: 1.773441952158609 and parameters: {'f_n': 4.106307610664201e-07, 'K_d': 875712.14408096, 'rho_d': 10877032552886.244, 'fission_rate': 6.558450133122499e+19, 'D2_xe_scale': 0.037347322881144465, 'Dg_D1_scale': 0.15911654995955027, 'Dg_D3_scale': 2.147957416102121, 'Dv_D1_scale': 0.32580813713641926, 'Dv_D2_scale': 3.168382322547548, 'b_bulk_scale': 0.26389059854639046, 'b_dislocation_scale': 0.13615219203920448, 'gb_scale': 7.259347993640846, 'gd_bubble_scale': 9.9889889763943, 'gd_line_scale': 8.729877808646494, 'gd_line_alpha': 0.3867101666928939, 'coalescence_d_scale': 0.5699123657632944, 'capture_scale': 5.1856376769991614}. Best is trial 678 with value: 1.749291878123438.
[I 2026-05-02 20:01:44,940] Trial 840 finished with value: 2.0973423377714044 and parameters: {'f_n': 3.161794924232457e-07, 'K_d': 219003.15411115222, 'rho_d': 11002896834639.238, 'fission_rate': 6.604946719915255e+19, 'D2_xe_scale': 0.025993846681464386, 'Dg_D1_scale': 0.15959155838918535, 'Dg_D3_scale': 2.218071634891229, 'Dv_D1_scale': 0.35667232535432164, 'Dv_D2_scale': 3.546798054692756, 'b_bulk_scale': 0.30186468176988107, 'b_dislocation_scale': 0.14934616510203458, 'gb_scale': 7.071546138977369, 'gd_bubble_scale': 8.315478187494863, 'gd_line_scale': 8.563635332051335, 'gd_line_alpha': 0.40212608282408346, 'coalescence_d_scale': 0.5721823894240944, 'capture_scale': 5.837279443488528}. Best is trial 678 with value: 1.749291878123438.
[I 2026-05-02 20:01:49,409] Trial 841 finished with value: 1.763899962373302 and parameters: {'f_n': 5.387589728297265e-07, 'K_d': 886980.3215290699, 'rho_d': 11341258424482.027, 'fission_rate': 6.441940840782742e+19, 'D2_xe_scale': 0.02212020002724309, 'Dg_D1_scale': 0.15056463994688887, 'Dg_D3_scale': 1.9777085571971282, 'Dv_D1_scale': 0.32262258105686636, 'Dv_D2_scale': 3.595735478149562, 'b_bulk_scale': 0.2367880933100851, 'b_dislocation_scale': 0.1326700546167328, 'gb_scale': 7.153508425419007, 'gd_bubble_scale': 9.900067186633569, 'gd_line_scale': 8.71053549638268, 'gd_line_alpha': 0.4200084620761403, 'coalescence_d_scale': 0.5777767150146562, 'capture_scale': 5.14590160236669}. Best is trial 678 with value: 1.749291878123438.
[I 2026-05-02 20:01:53,774] Trial 842 finished with value: 1.9542490075150432 and parameters: {'f_n': 5.070605582739343e-07, 'K_d': 881365.4009030964, 'rho_d': 11185119987502.574, 'fission_rate': 6.506424679475587e+19, 'D2_xe_scale': 0.019841167642745555, 'Dg_D1_scale': 0.15008994931047617, 'Dg_D3_scale': 2.060512389856437, 'Dv_D1_scale': 2.571921671538607, 'Dv_D2_scale': 3.3149549037429056, 'b_bulk_scale': 0.3133911695525549, 'b_dislocation_scale': 0.16209390452634956, 'gb_scale': 7.153174083826501, 'gd_bubble_scale': 9.966422198295863, 'gd_line_scale': 8.902058368217196, 'gd_line_alpha': 0.3842562010633704, 'coalescence_d_scale': 0.5599214791370724, 'capture_scale': 5.1227555482932114}. Best is trial 678 with value: 1.749291878123438.
[I 2026-05-02 20:01:58,239] Trial 843 finished with value: 1.7651470436347718 and parameters: {'f_n': 4.1253010318009197e-07, 'K_d': 883497.8047101849, 'rho_d': 11054185759112.193, 'fission_rate': 6.45570143445309e+19, 'D2_xe_scale': 0.030247182469290222, 'Dg_D1_scale': 0.1607989692855318, 'Dg_D3_scale': 2.0585301802644174, 'Dv_D1_scale': 0.302185945648137, 'Dv_D2_scale': 3.602082217767908, 'b_bulk_scale': 0.25515578322235866, 'b_dislocation_scale': 0.1431258712020991, 'gb_scale': 6.883142611596948, 'gd_bubble_scale': 9.111481772681266, 'gd_line_scale': 8.749234298305252, 'gd_line_alpha': 0.40112026813154056, 'coalescence_d_scale': 0.5196597343513474, 'capture_scale': 5.124644316741621}. Best is trial 678 with value: 1.749291878123438.
[I 2026-05-02 20:02:00,891] Trial 844 finished with value: 1.7631094745165266 and parameters: {'f_n': 4.332723949933937e-07, 'K_d': 884088.4121044587, 'rho_d': 11468012060206.908, 'fission_rate': 6.650375976281606e+19, 'D2_xe_scale': 0.029810180975476976, 'Dg_D1_scale': 0.15624066845163967, 'Dg_D3_scale': 2.21165500932768, 'Dv_D1_scale': 0.31401654254406186, 'Dv_D2_scale': 3.623362539346272, 'b_bulk_scale': 0.28255527219859106, 'b_dislocation_scale': 0.14627258185423217, 'gb_scale': 7.232699205982905, 'gd_bubble_scale': 9.046077958848404, 'gd_line_scale': 8.81751433273613, 'gd_line_alpha': 0.42121677839213223, 'coalescence_d_scale': 0.5208414142085948, 'capture_scale': 5.041928971586035}. Best is trial 678 with value: 1.749291878123438.
