[I 2026-05-02 20:43:54,284] Trial 1413 finished with value: 1.7777878478322646 and parameters: {'f_n': 2.40788566338338e-07, 'K_d': 922706.5141728164, 'rho_d': 9873971166308.59, 'fission_rate': 5.9089581940941545e+19, 'D2_xe_scale': 0.09135736945536303, 'Dg_D1_scale': 0.2088098181162862, 'Dg_D3_scale': 3.157503983899844, 'Dv_D1_scale': 0.3479836582378446, 'Dv_D2_scale': 3.784997034085081, 'b_bulk_scale': 0.2518304995645092, 'b_dislocation_scale': 0.1944572920111173, 'gb_scale': 7.394973503536023, 'gd_bubble_scale': 9.164072134852573, 'gd_line_scale': 9.98940024861499, 'gd_line_alpha': 0.4241112771918275, 'coalescence_d_scale': 0.41254334930283465, 'capture_scale': 4.940347117206542}. Best is trial 1126 with value: 1.7410514264406347.
[I 2026-05-02 20:43:59,108] Trial 1414 finished with value: 3.0136288295401825 and parameters: {'f_n': 3.6062752547198665e-07, 'K_d': 964258.7471815023, 'rho_d': 10720875803086.441, 'fission_rate': 5.986213279335465e+19, 'D2_xe_scale': 0.13501892627807918, 'Dg_D1_scale': 0.23025457488536713, 'Dg_D3_scale': 3.60660565932252, 'Dv_D1_scale': 0.2720007905094753, 'Dv_D2_scale': 3.4981018045336922, 'b_bulk_scale': 0.21889863297820247, 'b_dislocation_scale': 0.17140871871339303, 'gb_scale': 5.550905971907561, 'gd_bubble_scale': 8.278002165756359, 'gd_line_scale': 1.8942719312670995, 'gd_line_alpha': 0.4155730428350902, 'coalescence_d_scale': 0.36720930539379026, 'capture_scale': 5.788186055434755}. Best is trial 1126 with value: 1.7410514264406347.
[I 2026-05-02 20:44:04,055] Trial 1415 finished with value: 4.291133962262641 and parameters: {'f_n': 2.856075759807906e-07, 'K_d': 876773.6566716275, 'rho_d': 72726796459429.78, 'fission_rate': 5.980818388153496e+19, 'D2_xe_scale': 0.10905491649000601, 'Dg_D1_scale': 0.19790296059174903, 'Dg_D3_scale': 2.4142135199266685, 'Dv_D1_scale': 0.297634849536096, 'Dv_D2_scale': 3.782107103633084, 'b_bulk_scale': 0.26618400448154844, 'b_dislocation_scale': 0.2477334744027649, 'gb_scale': 6.810368044930734, 'gd_bubble_scale': 9.067808589049443, 'gd_line_scale': 8.31537806334136, 'gd_line_alpha': 0.4372562883091856, 'coalescence_d_scale': 0.6194862537721234, 'capture_scale': 6.126384742643695}. Best is trial 1126 with value: 1.7410514264406347.
[I 2026-05-02 20:44:09,106] Trial 1416 finished with value: 1.767025104809443 and parameters: {'f_n': 3.090853615885446e-07, 'K_d': 894900.433317543, 'rho_d': 10462689507550.99, 'fission_rate': 5.906304145705574e+19, 'D2_xe_scale': 0.07290605171546688, 'Dg_D1_scale': 0.19091734321269985, 'Dg_D3_scale': 2.650790953442365, 'Dv_D1_scale': 0.2822135094958521, 'Dv_D2_scale': 3.617059194325994, 'b_bulk_scale': 0.21410901535121324, 'b_dislocation_scale': 0.15725694478770016, 'gb_scale': 6.141108094184238, 'gd_bubble_scale': 8.224903705674324, 'gd_line_scale': 9.010924368834452, 'gd_line_alpha': 0.419979391458079, 'coalescence_d_scale': 0.44646851909432933, 'capture_scale': 4.49551836324706}. Best is trial 1126 with value: 1.7410514264406347.
[I 2026-05-02 20:44:14,056] Trial 1417 finished with value: 3.9034857210868217 and parameters: {'f_n': 3.856546164848573e-07, 'K_d': 946035.4284328823, 'rho_d': 63772096844797.586, 'fission_rate': 6.029200776286446e+19, 'D2_xe_scale': 0.08209557992730573, 'Dg_D1_scale': 0.19085954994173893, 'Dg_D3_scale': 0.6967015100123896, 'Dv_D1_scale': 0.33347176389505523, 'Dv_D2_scale': 3.325281818691354, 'b_bulk_scale': 0.25003854389348656, 'b_dislocation_scale': 0.18038773254178816, 'gb_scale': 7.981275896862893, 'gd_bubble_scale': 9.910507019892417, 'gd_line_scale': 8.400290952278418, 'gd_line_alpha': 0.4426903554449159, 'coalescence_d_scale': 0.5086613195383685, 'capture_scale': 5.288793986958739}. Best is trial 1126 with value: 1.7410514264406347.
[I 2026-05-02 20:44:18,962] Trial 1418 finished with value: 3.343836188319909 and parameters: {'f_n': 3.646690039129116e-07, 'K_d': 855937.0070361072, 'rho_d': 28940103229560.617, 'fission_rate': 6.0463927037761855e+19, 'D2_xe_scale': 0.06495222597321172, 'Dg_D1_scale': 0.2129633997894406, 'Dg_D3_scale': 2.2759483223798087, 'Dv_D1_scale': 0.31082343282246044, 'Dv_D2_scale': 3.8017284139168623, 'b_bulk_scale': 0.2747079586988292, 'b_dislocation_scale': 0.14465605794924621, 'gb_scale': 4.608567565499064, 'gd_bubble_scale': 8.25462438979736, 'gd_line_scale': 7.779056030519694, 'gd_line_alpha': 0.6260970632478318, 'coalescence_d_scale': 2.010569129019127, 'capture_scale': 6.183617439487848}. Best is trial 1126 with value: 1.7410514264406347.
[I 2026-05-02 20:44:22,139] Trial 1419 finished with value: 2.345711813325125 and parameters: {'f_n': 1.3117364519587363e-07, 'K_d': 971018.3936729841, 'rho_d': 9692790618680.824, 'fission_rate': 5.872477281728862e+19, 'D2_xe_scale': 0.09528977132775719, 'Dg_D1_scale': 0.18363623844318636, 'Dg_D3_scale': 2.8377456563575607, 'Dv_D1_scale': 0.2657749470307767, 'Dv_D2_scale': 3.995898424838996, 'b_bulk_scale': 0.26413313312390513, 'b_dislocation_scale': 0.2118711732305875, 'gb_scale': 5.513341508421503, 'gd_bubble_scale': 0.07971700180667449, 'gd_line_scale': 8.841952491853833, 'gd_line_alpha': 0.6016611974876657, 'coalescence_d_scale': 0.40021220150355974, 'capture_scale': 6.497537614381397}. Best is trial 1126 with value: 1.7410514264406347.
[I 2026-05-02 20:44:27,040] Trial 1420 finished with value: 1.7667713001134329 and parameters: {'f_n': 2.5793057264443325e-07, 'K_d': 894453.8721366889, 'rho_d': 10479820138938.95, 'fission_rate': 6.089841044131029e+19, 'D2_xe_scale': 0.0634211302782483, 'Dg_D1_scale': 0.20593651101255597, 'Dg_D3_scale': 3.0823662550407187, 'Dv_D1_scale': 0.2912498841606676, 'Dv_D2_scale': 3.5979060505289757, 'b_bulk_scale': 0.24316796628475376, 'b_dislocation_scale': 0.15772320406994658, 'gb_scale': 6.885060269722332, 'gd_bubble_scale': 9.030286236223747, 'gd_line_scale': 9.128375217188264, 'gd_line_alpha': 0.4596924961156776, 'coalescence_d_scale': 0.3150908069685248, 'capture_scale': 3.9450093799739387}. Best is trial 1126 with value: 1.7410514264406347.
[I 2026-05-02 20:44:32,065] Trial 1421 finished with value: 1.8332674198469894 and parameters: {'f_n': 3.429450518141691e-07, 'K_d': 836852.2021467312, 'rho_d': 10643592750806.908, 'fission_rate': 6.008521833194057e+19, 'D2_xe_scale': 0.0548235811332863, 'Dg_D1_scale': 0.22821077851328667, 'Dg_D3_scale': 1.9147417348569618, 'Dv_D1_scale': 0.26826631892721975, 'Dv_D2_scale': 2.9621585154212897, 'b_bulk_scale': 0.29843999702416923, 'b_dislocation_scale': 0.1752976153136594, 'gb_scale': 6.078081612816135, 'gd_bubble_scale': 9.899298348257721, 'gd_line_scale': 7.715471348861585, 'gd_line_alpha': 0.5700507790772816, 'coalescence_d_scale': 0.3483873550675536, 'capture_scale': 5.470342261713332}. Best is trial 1126 with value: 1.7410514264406347.Best trial: 1126. Best value: 1.74105:  95%|█████████▍| 1421/1500 [1:51:43<05:57,  4.52s/it]Best trial: 1126. Best value: 1.74105:  95%|█████████▍| 1421/1500 [1:51:43<05:57,  4.52s/it]Best trial: 1126. Best value: 1.74105:  95%|█████████▍| 1422/1500 [1:51:43<06:04,  4.67s/it]                                                                                            Best trial: 1126. Best value: 1.74105:  95%|█████████▍| 1422/1500 [1:51:48<06:04,  4.67s/it]Best trial: 1126. Best value: 1.74105:  95%|█████████▍| 1422/1500 [1:51:48<06:04,  4.67s/it]Best trial: 1126. Best value: 1.74105:  95%|█████████▍| 1423/1500 [1:51:48<06:06,  4.76s/it]                                                                                            Best trial: 1126. Best value: 1.74105:  95%|█████████▍| 1423/1500 [1:51:53<06:06,  4.76s/it]Best trial: 1126. Best value: 1.74105:  95%|█████████▍| 1423/1500 [1:51:53<06:06,  4.76s/it]Best trial: 1126. Best value: 1.74105:  95%|█████████▍| 1424/1500 [1:51:53<06:03,  4.79s/it]                                                                                            Best trial: 1126. Best value: 1.74105:  95%|█████████▍| 1424/1500 [1:51:58<06:03,  4.79s/it]Best trial: 1126. Best value: 1.74105:  95%|█████████▍| 1424/1500 [1:51:58<06:03,  4.79s/it]Best trial: 1126. Best value: 1.74105:  95%|█████████▌| 1425/1500 [1:51:58<06:00,  4.80s/it]                                                                                            Best trial: 1126. Best value: 1.74105:  95%|█████████▌| 1425/1500 [1:52:03<06:00,  4.80s/it]Best trial: 1126. Best value: 1.74105:  95%|█████████▌| 1425/1500 [1:52:03<06:00,  4.80s/it]Best trial: 1126. Best value: 1.74105:  95%|█████████▌| 1426/1500 [1:52:03<05:56,  4.82s/it]                                                                                            Best trial: 1126. Best value: 1.74105:  95%|█████████▌| 1426/1500 [1:52:06<05:56,  4.82s/it]Best trial: 1126. Best value: 1.74105:  95%|█████████▌| 1426/1500 [1:52:06<05:56,  4.82s/it]Best trial: 1126. Best value: 1.74105:  95%|█████████▌| 1427/1500 [1:52:06<05:17,  4.35s/it]                                                                                            Best trial: 1126. Best value: 1.74105:  95%|█████████▌| 1427/1500 [1:52:11<05:17,  4.35s/it]Best trial: 1126. Best value: 1.74105:  95%|█████████▌| 1427/1500 [1:52:11<05:17,  4.35s/it]Best trial: 1126. Best value: 1.74105:  95%|█████████▌| 1428/1500 [1:52:11<05:25,  4.52s/it]                                                                                            Best trial: 1126. Best value: 1.74105:  95%|█████████▌| 1428/1500 [1:52:16<05:25,  4.52s/it]Best trial: 1126. Best value: 1.74105:  95%|█████████▌| 1428/1500 [1:52:16<05:25,  4.52s/it]Best trial: 1126. Best value: 1.74105:  95%|█████████▌| 1429/1500 [1:52:16<05:29,  4.64s/it]                                                                                            Best trial: 1126. Best value: 1.74105:  95%|█████████▌| 1429/1500 [1:52:21<05:29,  4.64s/it]Best trial: 1126. Best value: 1.74105:  95%|█████████▌| 1429/1500 [1:52:21<05:29,  4.64s/it]Best trial: 1126. Best value: 1.74105:  95%|█████████▌| 1430/1500 [1:52:21<05:33,  4.76s/it]                                                                                            Best trial: 1126. Best value: 1.74105:  95%|█████████▌| 1430/1500 [1:52:26<05:33,  4.76s/it]Best trial: 1126. Best value: 1.74105:  95%|█████████▌| 1430/1500 [1:52:26<05:33,  4.76s/it]Best trial: 1126. Best value: 1.74105:  95%|█████████▌| 1431/1500 [1:52:26<05:29,  4.78s/it]                                                                                            Best trial: 1126. Best value: 1.74105:  95%|█████████▌| 1431/1500 [1:52:30<05:29,  4.78s/it]Best trial: 1126. Best value: 1.74105:  95%|█████████▌| 1431/1500 [1:52:31<05:29,  4.78s/it]Best trial: 1126. Best value: 1.74105:  95%|█████████▌| 1432/1500 [1:52:31<05:25,  4.79s/it]                                                                                            
[I 2026-05-02 20:44:37,030] Trial 1422 finished with value: 2.098519711473355 and parameters: {'f_n': 4.2690077544551233e-07, 'K_d': 867967.0196098993, 'rho_d': 10080529915852.754, 'fission_rate': 5.9504824368753656e+19, 'D2_xe_scale': 0.07466083134359416, 'Dg_D1_scale': 2.39385681991122, 'Dg_D3_scale': 2.471102328611905, 'Dv_D1_scale': 0.3043476712547968, 'Dv_D2_scale': 3.4208043694200163, 'b_bulk_scale': 0.20074329823242534, 'b_dislocation_scale': 0.14378742916814172, 'gb_scale': 4.942912600975609, 'gd_bubble_scale': 8.327992875817577, 'gd_line_scale': 9.96330082351891, 'gd_line_alpha': 0.45336671624224406, 'coalescence_d_scale': 0.46825043741097416, 'capture_scale': 6.603362810997605}. Best is trial 1126 with value: 1.7410514264406347.
[I 2026-05-02 20:44:41,889] Trial 1423 finished with value: 1.7757811450148622 and parameters: {'f_n': 2.078207629062247e-07, 'K_d': 828482.0246539366, 'rho_d': 9177525423199.154, 'fission_rate': 6.1031205197814415e+19, 'D2_xe_scale': 0.09413534980925892, 'Dg_D1_scale': 0.1890205930860862, 'Dg_D3_scale': 2.6698705413228656, 'Dv_D1_scale': 0.2798139569476092, 'Dv_D2_scale': 3.7850753349274324, 'b_bulk_scale': 0.23701751065807902, 'b_dislocation_scale': 0.1271069750552434, 'gb_scale': 6.769327179845591, 'gd_bubble_scale': 7.776440457769526, 'gd_line_scale': 9.994625864602675, 'gd_line_alpha': 0.41622845424633076, 'coalescence_d_scale': 0.5498074233329368, 'capture_scale': 4.889036832144688}. Best is trial 1126 with value: 1.7410514264406347.
[I 2026-05-02 20:44:46,718] Trial 1424 finished with value: 1.961980279162996 and parameters: {'f_n': 4.160985545891008e-07, 'K_d': 895422.9663617252, 'rho_d': 10981132413742.406, 'fission_rate': 6.060867818463742e+19, 'D2_xe_scale': 0.0736331943545301, 'Dg_D1_scale': 0.17831634977475055, 'Dg_D3_scale': 2.1214968558780605, 'Dv_D1_scale': 0.3251765166073936, 'Dv_D2_scale': 3.6178909296872916, 'b_bulk_scale': 0.22072305825988636, 'b_dislocation_scale': 0.19452194873830364, 'gb_scale': 5.583765043143808, 'gd_bubble_scale': 9.920117015831751, 'gd_line_scale': 8.29076224943554, 'gd_line_alpha': 0.5876064274258227, 'coalescence_d_scale': 0.42662165792973067, 'capture_scale': 5.945333171848407}. Best is trial 1126 with value: 1.7410514264406347.
[I 2026-05-02 20:44:51,592] Trial 1425 finished with value: 2.3776039889052676 and parameters: {'f_n': 1.0985082430536605e-06, 'K_d': 971179.8653100483, 'rho_d': 8460234771214.826, 'fission_rate': 5.9895496182809076e+19, 'D2_xe_scale': 0.12218678996073128, 'Dg_D1_scale': 0.20268584600720652, 'Dg_D3_scale': 3.0267478514965926, 'Dv_D1_scale': 0.2947107799920203, 'Dv_D2_scale': 3.129782322170476, 'b_bulk_scale': 0.27262358928933267, 'b_dislocation_scale': 0.1601541473461145, 'gb_scale': 7.368413678755472, 'gd_bubble_scale': 9.994108969061122, 'gd_line_scale': 7.634767686078285, 'gd_line_alpha': 0.43602147598988583, 'coalescence_d_scale': 0.3839006564023992, 'capture_scale': 7.089297062047596}. Best is trial 1126 with value: 1.7410514264406347.
[I 2026-05-02 20:44:54,851] Trial 1426 finished with value: 2.1836215474634204 and parameters: {'f_n': 3.1415548920433415e-07, 'K_d': 860344.0127494801, 'rho_d': 10994870692576.908, 'fission_rate': 6.143935633321829e+19, 'D2_xe_scale': 0.05974144251978963, 'Dg_D1_scale': 0.6956867734607834, 'Dg_D3_scale': 3.3056500318429256, 'Dv_D1_scale': 0.26827733971748585, 'Dv_D2_scale': 3.7889510495716943, 'b_bulk_scale': 0.2949560616517108, 'b_dislocation_scale': 0.14619993331255532, 'gb_scale': 4.020125690021163, 'gd_bubble_scale': 8.57380619259702, 'gd_line_scale': 9.081231659156002, 'gd_line_alpha': 0.6428343519287492, 'coalescence_d_scale': 0.6144994548531572, 'capture_scale': 5.555448375924761}. Best is trial 1126 with value: 1.7410514264406347.
[I 2026-05-02 20:44:59,745] Trial 1427 finished with value: 1.7986762766902618 and parameters: {'f_n': 4.854118878465398e-07, 'K_d': 916395.4155749975, 'rho_d': 10113980391766.11, 'fission_rate': 6.112540272971193e+19, 'D2_xe_scale': 0.08559185142186854, 'Dg_D1_scale': 0.18705236345486442, 'Dg_D3_scale': 2.521593226071757, 'Dv_D1_scale': 0.35507702588432943, 'Dv_D2_scale': 3.989960805060999, 'b_bulk_scale': 0.25745231276001457, 'b_dislocation_scale': 0.1044285765026837, 'gb_scale': 6.364051209679485, 'gd_bubble_scale': 7.603625800100923, 'gd_line_scale': 8.339237168865376, 'gd_line_alpha': 0.5689920956924401, 'coalescence_d_scale': 0.4850030193910875, 'capture_scale': 6.9464796599535825}. Best is trial 1126 with value: 1.7410514264406347.
[I 2026-05-02 20:45:04,682] Trial 1428 finished with value: 1.9849167186403025 and parameters: {'f_n': 3.599124859541367e-07, 'K_d': 833640.4906216769, 'rho_d': 9501282669029.498, 'fission_rate': 5.9034483352683454e+19, 'D2_xe_scale': 0.06624853333723107, 'Dg_D1_scale': 0.17867257161451827, 'Dg_D3_scale': 2.330948563207659, 'Dv_D1_scale': 0.31162461589365326, 'Dv_D2_scale': 3.9935368637084343, 'b_bulk_scale': 0.1917193732524693, 'b_dislocation_scale': 0.16998515651724738, 'gb_scale': 4.531907668409507, 'gd_bubble_scale': 8.541427039850157, 'gd_line_scale': 7.40795267948246, 'gd_line_alpha': 0.6049650972097425, 'coalescence_d_scale': 0.3000964431454063, 'capture_scale': 4.450876223827398}. Best is trial 1126 with value: 1.7410514264406347.
[I 2026-05-02 20:45:09,707] Trial 1429 finished with value: 2.2995537027003556 and parameters: {'f_n': 2.639863641342211e-07, 'K_d': 967349.5281550983, 'rho_d': 10850404190561.676, 'fission_rate': 5.866375442399549e+19, 'D2_xe_scale': 0.05361493829229159, 'Dg_D1_scale': 0.8780740856190508, 'Dg_D3_scale': 3.78032049159948, 'Dv_D1_scale': 0.2830066985805207, 'Dv_D2_scale': 3.4521603863548584, 'b_bulk_scale': 0.3094539444321914, 'b_dislocation_scale': 0.12808527707791273, 'gb_scale': 7.3207487174414, 'gd_bubble_scale': 9.151230074041823, 'gd_line_scale': 9.098482901373936, 'gd_line_alpha': 0.46520740192795523, 'coalescence_d_scale': 0.42922320731428026, 'capture_scale': 7.973564440949087}. Best is trial 1126 with value: 1.7410514264406347.
[I 2026-05-02 20:45:14,542] Trial 1430 finished with value: 1.7884916026412243 and parameters: {'f_n': 5.152488070714718e-07, 'K_d': 794562.7526706016, 'rho_d': 10322565199663.154, 'fission_rate': 6.1813937772794634e+19, 'D2_xe_scale': 0.048145828315446795, 'Dg_D1_scale': 0.19509625536773897, 'Dg_D3_scale': 3.431174709557689, 'Dv_D1_scale': 0.26142380524567366, 'Dv_D2_scale': 3.623420697082815, 'b_bulk_scale': 0.24515282803689592, 'b_dislocation_scale': 0.11632615801367939, 'gb_scale': 5.075668418394492, 'gd_bubble_scale': 7.647296243121874, 'gd_line_scale': 8.360722130596994, 'gd_line_alpha': 0.5536864386812105, 'coalescence_d_scale': 0.3484854228036017, 'capture_scale': 0.7780531240295707}. Best is trial 1126 with value: 1.7410514264406347.
[I 2026-05-02 20:45:19,351] Trial 1431 finished with value: 2.057598864530882 and parameters: {'f_n': 4.328114003386224e-07, 'K_d': 887093.0662710493, 'rho_d': 11150440101686.574, 'fission_rate': 6.031045377987626e+19, 'D2_xe_scale': 0.08187106717369284, 'Dg_D1_scale': 0.17801227657474514, 'Dg_D3_scale': 2.8417036227619725, 'Dv_D1_scale': 0.32864230237883063, 'Dv_D2_scale': 3.783152539329491, 'b_bulk_scale': 0.2094152197353246, 'b_dislocation_scale': 0.186937820216659, 'gb_scale': 5.868771868272483, 'gd_bubble_scale': 8.406584332408364, 'gd_line_scale': 7.49267421571281, 'gd_line_alpha': 0.4145627030715193, 'coalescence_d_scale': 0.5446517764138724, 'capture_scale': 6.400360040822034}. Best is trial 1126 with value: 1.7410514264406347.
