[I 2026-05-02 20:48:05,664] Trial 1468 finished with value: 3.9078775654066886 and parameters: {'f_n': 2.215482984269299e-09, 'K_d': 618247.3118224815, 'rho_d': 11474725046205.838, 'fission_rate': 5.946247697542203e+19, 'D2_xe_scale': 0.06921376505143137, 'Dg_D1_scale': 0.18997505048448726, 'Dg_D3_scale': 3.0229825612535106, 'Dv_D1_scale': 0.28044584080891055, 'Dv_D2_scale': 3.5601917973084367, 'b_bulk_scale': 0.5030076923457006, 'b_dislocation_scale': 0.1368671805850802, 'gb_scale': 0.6489044499851703, 'gd_bubble_scale': 9.994411650773763, 'gd_line_scale': 9.073885820445666, 'gd_line_alpha': 0.41249637402116235, 'coalescence_d_scale': 0.5761683469632788, 'capture_scale': 5.779986873777483}. Best is trial 1126 with value: 1.7410514264406347.
[I 2026-05-02 20:48:10,240] Trial 1469 finished with value: 1.9406464368889649 and parameters: {'f_n': 3.7626316854816046e-07, 'K_d': 753893.0138463476, 'rho_d': 10189835620908.693, 'fission_rate': 6.275039475184307e+19, 'D2_xe_scale': 1.4571226216688915, 'Dg_D1_scale': 0.17275569336770144, 'Dg_D3_scale': 3.826000120416461, 'Dv_D1_scale': 0.3440797065137387, 'Dv_D2_scale': 3.989092321673878, 'b_bulk_scale': 0.2547022770971175, 'b_dislocation_scale': 0.19776921078667334, 'gb_scale': 7.9912326938930835, 'gd_bubble_scale': 7.964640452236825, 'gd_line_scale': 9.987790597642366, 'gd_line_alpha': 0.5514534529668584, 'coalescence_d_scale': 0.45615141515709, 'capture_scale': 7.040611298843426}. Best is trial 1126 with value: 1.7410514264406347.
[I 2026-05-02 20:48:15,028] Trial 1470 finished with value: 2.470201288299801 and parameters: {'f_n': 2.885914307884932e-07, 'K_d': 693730.2467737596, 'rho_d': 12431657068938.977, 'fission_rate': 6.11002164126556e+19, 'D2_xe_scale': 0.05313375730542064, 'Dg_D1_scale': 0.15842324837240152, 'Dg_D3_scale': 2.4899744515477957, 'Dv_D1_scale': 0.9951089039709962, 'Dv_D2_scale': 3.794652149584098, 'b_bulk_scale': 0.3645553930887688, 'b_dislocation_scale': 0.151338146617585, 'gb_scale': 6.634667909980584, 'gd_bubble_scale': 9.999698596506354, 'gd_line_scale': 7.7682029561078565, 'gd_line_alpha': 0.4633968275305055, 'coalescence_d_scale': 0.37546644705352966, 'capture_scale': 7.997268539069607}. Best is trial 1126 with value: 1.7410514264406347.
[I 2026-05-02 20:48:19,941] Trial 1471 finished with value: 1.792170096661793 and parameters: {'f_n': 4.750545135430195e-07, 'K_d': 864897.8604476568, 'rho_d': 10937171525734.0, 'fission_rate': 5.870074988215277e+19, 'D2_xe_scale': 0.08362375624606433, 'Dg_D1_scale': 0.18166448763595752, 'Dg_D3_scale': 3.401626646980574, 'Dv_D1_scale': 0.2526693501321481, 'Dv_D2_scale': 3.9970122890617517, 'b_bulk_scale': 0.29021560291896653, 'b_dislocation_scale': 0.1012659904102642, 'gb_scale': 5.825227739011513, 'gd_bubble_scale': 7.1054223885050645, 'gd_line_scale': 6.572838397668733, 'gd_line_alpha': 0.5062831148864257, 'coalescence_d_scale': 0.3062752430546394, 'capture_scale': 4.655726549618711}. Best is trial 1126 with value: 1.7410514264406347.
[I 2026-05-02 20:48:24,227] Trial 1472 finished with value: 2.3626371504980983 and parameters: {'f_n': 7.146355807725366e-07, 'K_d': 805349.5371658494, 'rho_d': 9438253743688.447, 'fission_rate': 6.93536360630498e+19, 'D2_xe_scale': 0.05998097184081194, 'Dg_D1_scale': 0.1664544346464829, 'Dg_D3_scale': 2.332082737455193, 'Dv_D1_scale': 0.3000965861083425, 'Dv_D2_scale': 3.2530773458518767, 'b_bulk_scale': 0.2205995676484212, 'b_dislocation_scale': 0.1228721146062312, 'gb_scale': 6.3509756197083265, 'gd_bubble_scale': 1.8833590772359925, 'gd_line_scale': 8.420241539301195, 'gd_line_alpha': 0.5887813191630626, 'coalescence_d_scale': 0.422957898712464, 'capture_scale': 6.4434298870519715}. Best is trial 1126 with value: 1.7410514264406347.
[I 2026-05-02 20:48:27,259] Trial 1473 finished with value: 2.046911745388934 and parameters: {'f_n': 2.128285241114897e-07, 'K_d': 726817.222270828, 'rho_d': 11756323318255.822, 'fission_rate': 6.3614682917880414e+19, 'D2_xe_scale': 0.045784688790495964, 'Dg_D1_scale': 1.0266543133489219, 'Dg_D3_scale': 2.186132828934413, 'Dv_D1_scale': 0.2726301238206931, 'Dv_D2_scale': 3.4472755462645264, 'b_bulk_scale': 0.34300929104233346, 'b_dislocation_scale': 0.18070775063161446, 'gb_scale': 5.302589959121323, 'gd_bubble_scale': 8.540434034196814, 'gd_line_scale': 9.120370024705325, 'gd_line_alpha': 0.632638554175154, 'coalescence_d_scale': 0.6309019065675472, 'capture_scale': 7.99328984378094}. Best is trial 1126 with value: 1.7410514264406347.
[I 2026-05-02 20:48:32,022] Trial 1474 finished with value: 3.315427939907692 and parameters: {'f_n': 5.687574813864655e-07, 'K_d': 1005124.6026763329, 'rho_d': 10524603559297.525, 'fission_rate': 6.1857310679176544e+19, 'D2_xe_scale': 0.922887138304506, 'Dg_D1_scale': 0.1942250270453518, 'Dg_D3_scale': 2.6611519775751837, 'Dv_D1_scale': 0.3222386006584799, 'Dv_D2_scale': 3.747714267375075, 'b_bulk_scale': 0.4505775541664099, 'b_dislocation_scale': 0.34031893872686725, 'gb_scale': 0.11796797975225538, 'gd_bubble_scale': 7.803058927840969, 'gd_line_scale': 7.201380068689075, 'gd_line_alpha': 0.5348031254325659, 'coalescence_d_scale': 0.33223356072076393, 'capture_scale': 5.663064585545049}. Best is trial 1126 with value: 1.7410514264406347.
[I 2026-05-02 20:48:36,834] Trial 1475 finished with value: 2.229339196723777 and parameters: {'f_n': 4.139684343354429e-07, 'K_d': 654975.6692306278, 'rho_d': 11170730045948.545, 'fission_rate': 6.011249279971023e+19, 'D2_xe_scale': 0.10155206671182238, 'Dg_D1_scale': 0.17371862114966702, 'Dg_D3_scale': 1.8638087685385376, 'Dv_D1_scale': 0.2835398117311787, 'Dv_D2_scale': 3.601630566740608, 'b_bulk_scale': 0.2581882893305926, 'b_dislocation_scale': 0.16420460348672816, 'gb_scale': 7.1857997950010315, 'gd_bubble_scale': 8.931011614270929, 'gd_line_scale': 6.0545956036395365, 'gd_line_alpha': 0.5627106289542261, 'coalescence_d_scale': 0.4849171549395514, 'capture_scale': 4.02061601031622}. Best is trial 1126 with value: 1.7410514264406347.
[I 2026-05-02 20:48:41,877] Trial 1476 finished with value: 2.2831354947768454 and parameters: {'f_n': 3.3231424561125443e-07, 'K_d': 919401.258888488, 'rho_d': 13329297762403.475, 'fission_rate': 6.28101741683733e+19, 'D2_xe_scale': 0.07367269834145754, 'Dg_D1_scale': 0.21819786873917282, 'Dg_D3_scale': 2.9325510440999922, 'Dv_D1_scale': 0.24368615113754802, 'Dv_D2_scale': 3.7910324271313742, 'b_bulk_scale': 0.2960478803521044, 'b_dislocation_scale': 0.14302267488731393, 'gb_scale': 4.574795375402438, 'gd_bubble_scale': 7.093958271567778, 'gd_line_scale': 9.994575279150006, 'gd_line_alpha': 0.5034036868728154, 'coalescence_d_scale': 0.3949701926496416, 'capture_scale': 6.376658011963546}. Best is trial 1126 with value: 1.7410514264406347.Best trial: 1126. Best value: 1.74105:  98%|█████████▊| 1476/1500 [1:55:53<01:46,  4.45s/it]Best trial: 1126. Best value: 1.74105:  98%|█████████▊| 1476/1500 [1:55:53<01:46,  4.45s/it]Best trial: 1126. Best value: 1.74105:  98%|█████████▊| 1477/1500 [1:55:53<01:46,  4.64s/it]                                                                                            Best trial: 1126. Best value: 1.74105:  98%|█████████▊| 1477/1500 [1:55:58<01:46,  4.64s/it]Best trial: 1126. Best value: 1.74105:  98%|█████████▊| 1477/1500 [1:55:58<01:46,  4.64s/it]Best trial: 1126. Best value: 1.74105:  99%|█████████▊| 1478/1500 [1:55:58<01:41,  4.61s/it]                                                                                            Best trial: 1126. Best value: 1.74105:  99%|█████████▊| 1478/1500 [1:56:03<01:41,  4.61s/it]Best trial: 1126. Best value: 1.74105:  99%|█████████▊| 1478/1500 [1:56:03<01:41,  4.61s/it]Best trial: 1126. Best value: 1.74105:  99%|█████████▊| 1479/1500 [1:56:03<01:40,  4.76s/it]                                                                                            Best trial: 1126. Best value: 1.74105:  99%|█████████▊| 1479/1500 [1:56:07<01:40,  4.76s/it]Best trial: 1126. Best value: 1.74105:  99%|█████████▊| 1479/1500 [1:56:08<01:40,  4.76s/it]Best trial: 1126. Best value: 1.74105:  99%|█████████▊| 1480/1500 [1:56:08<01:35,  4.78s/it]                                                                                            Best trial: 1126. Best value: 1.74105:  99%|█████████▊| 1480/1500 [1:56:11<01:35,  4.78s/it]Best trial: 1126. Best value: 1.74105:  99%|█████████▊| 1480/1500 [1:56:11<01:35,  4.78s/it]Best trial: 1126. Best value: 1.74105:  99%|█████████▊| 1481/1500 [1:56:11<01:21,  4.31s/it]                                                                                            Best trial: 1126. Best value: 1.74105:  99%|█████████▊| 1481/1500 [1:56:16<01:21,  4.31s/it]Best trial: 1126. Best value: 1.74105:  99%|█████████▊| 1481/1500 [1:56:16<01:21,  4.31s/it]Best trial: 1126. Best value: 1.74105:  99%|█████████▉| 1482/1500 [1:56:16<01:20,  4.47s/it]                                                                                            Best trial: 1126. Best value: 1.74105:  99%|█████████▉| 1482/1500 [1:56:20<01:20,  4.47s/it]Best trial: 1126. Best value: 1.74105:  99%|█████████▉| 1482/1500 [1:56:20<01:20,  4.47s/it]Best trial: 1126. Best value: 1.74105:  99%|█████████▉| 1483/1500 [1:56:20<01:17,  4.55s/it]                                                                                            Best trial: 1126. Best value: 1.74105:  99%|█████████▉| 1483/1500 [1:56:25<01:17,  4.55s/it]Best trial: 1126. Best value: 1.74105:  99%|█████████▉| 1483/1500 [1:56:25<01:17,  4.55s/it]Best trial: 1126. Best value: 1.74105:  99%|█████████▉| 1484/1500 [1:56:25<01:14,  4.64s/it]                                                                                            Best trial: 1126. Best value: 1.74105:  99%|█████████▉| 1484/1500 [1:56:30<01:14,  4.64s/it]Best trial: 1126. Best value: 1.74105:  99%|█████████▉| 1484/1500 [1:56:30<01:14,  4.64s/it]Best trial: 1126. Best value: 1.74105:  99%|█████████▉| 1485/1500 [1:56:30<01:10,  4.71s/it]                                                                                            Best trial: 1126. Best value: 1.74105:  99%|█████████▉| 1485/1500 [1:56:35<01:10,  4.71s/it]Best trial: 1126. Best value: 1.74105:  99%|█████████▉| 1485/1500 [1:56:35<01:10,  4.71s/it]Best trial: 1126. Best value: 1.74105:  99%|█████████▉| 1486/1500 [1:56:35<01:06,  4.78s/it]                                                                                            Best trial: 1126. Best value: 1.74105:  99%|█████████▉| 1486/1500 [1:56:40<01:06,  4.78s/it]Best trial: 1126. Best value: 1.74105:  99%|█████████▉| 1486/1500 [1:56:38<01:06,  4.78s/it]Best trial: 1126. Best value: 1.74105:  99%|█████████▉| 1487/1500 [1:56:38<00:55,  4.28s/it]                                                                                            
[I 2026-05-02 20:48:46,457] Trial 1477 finished with value: 2.578129838374248 and parameters: {'f_n': 8.282489248268137e-07, 'K_d': 833679.9651382384, 'rho_d': 9023037058697.908, 'fission_rate': 6.495892654711452e+19, 'D2_xe_scale': 0.0677352742498806, 'Dg_D1_scale': 0.1584347120593538, 'Dg_D3_scale': 3.1962863637420917, 'Dv_D1_scale': 2.200794412188524, 'Dv_D2_scale': 3.3953053577193244, 'b_bulk_scale': 0.3946716274758501, 'b_dislocation_scale': 0.11232438956261054, 'gb_scale': 5.8097733070686415, 'gd_bubble_scale': 9.015116153643609, 'gd_line_scale': 8.346122738205736, 'gd_line_alpha': 0.4749279055574006, 'coalescence_d_scale': 0.5513876037274702, 'capture_scale': 5.152486516280041}. Best is trial 1126 with value: 1.7410514264406347.
[I 2026-05-02 20:48:51,469] Trial 1478 finished with value: 1.7547984051327097 and parameters: {'f_n': 6.342208440806518e-07, 'K_d': 777351.568992818, 'rho_d': 12329661002938.26, 'fission_rate': 6.14069260943291e+19, 'D2_xe_scale': 0.05781100096373606, 'Dg_D1_scale': 0.18603025062840048, 'Dg_D3_scale': 2.5550672376684034, 'Dv_D1_scale': 0.36005914658825167, 'Dv_D2_scale': 3.6520496210975963, 'b_bulk_scale': 0.23292564442731997, 'b_dislocation_scale': 0.12795655316602014, 'gb_scale': 7.278837399124243, 'gd_bubble_scale': 7.939513424760977, 'gd_line_scale': 7.730592760623424, 'gd_line_alpha': 0.4501091240565507, 'coalescence_d_scale': 0.45074868166066345, 'capture_scale': 7.118039638949749}. Best is trial 1126 with value: 1.7410514264406347.
[I 2026-05-02 20:48:56,395] Trial 1479 finished with value: 2.067778126695048 and parameters: {'f_n': 9.01971591452363e-07, 'K_d': 819029.6816790684, 'rho_d': 12723960188450.979, 'fission_rate': 6.033175249458626e+19, 'D2_xe_scale': 0.08245201874429009, 'Dg_D1_scale': 0.17546816350018937, 'Dg_D3_scale': 2.391573492478015, 'Dv_D1_scale': 0.3620261371822338, 'Dv_D2_scale': 3.0805736466542566, 'b_bulk_scale': 0.2099379663241991, 'b_dislocation_scale': 0.12349477704346172, 'gb_scale': 7.3602480925850395, 'gd_bubble_scale': 6.848312053640134, 'gd_line_scale': 6.467575705445905, 'gd_line_alpha': 0.41491247684594534, 'coalescence_d_scale': 0.5094880210836009, 'capture_scale': 7.178922062373059}. Best is trial 1126 with value: 1.7410514264406347.
[I 2026-05-02 20:48:59,615] Trial 1480 finished with value: 2.470915149606284 and parameters: {'f_n': 1.0802478391560244e-06, 'K_d': 171733.1029135084, 'rho_d': 12495599685415.656, 'fission_rate': 6.085626431257726e+19, 'D2_xe_scale': 0.061621182426664874, 'Dg_D1_scale': 0.16861032559035677, 'Dg_D3_scale': 2.2565944665363973, 'Dv_D1_scale': 0.36330020710448896, 'Dv_D2_scale': 3.2503384936619573, 'b_bulk_scale': 0.20096335626494646, 'b_dislocation_scale': 0.11322683895136522, 'gb_scale': 7.39121997212006, 'gd_bubble_scale': 2.6614465954622952, 'gd_line_scale': 5.839632117977613, 'gd_line_alpha': 0.43195833093477615, 'coalescence_d_scale': 0.5354505370742288, 'capture_scale': 7.146226259949311}. Best is trial 1126 with value: 1.7410514264406347.
[I 2026-05-02 20:49:04,464] Trial 1481 finished with value: 1.8475196959617812 and parameters: {'f_n': 7.802730489636885e-07, 'K_d': 860816.8905390978, 'rho_d': 13513860939823.648, 'fission_rate': 5.972536164792998e+19, 'D2_xe_scale': 0.14410341146785255, 'Dg_D1_scale': 0.15022767840595255, 'Dg_D3_scale': 2.4975625190859554, 'Dv_D1_scale': 0.3584687563903056, 'Dv_D2_scale': 3.4808893360363613, 'b_bulk_scale': 0.23290712845583034, 'b_dislocation_scale': 0.1271171443671717, 'gb_scale': 7.171421185484227, 'gd_bubble_scale': 6.9806981635622005, 'gd_line_scale': 6.83634698403924, 'gd_line_alpha': 0.44356143726613156, 'coalescence_d_scale': 0.4871562919716391, 'capture_scale': 7.172418463215381}. Best is trial 1126 with value: 1.7410514264406347.
[I 2026-05-02 20:49:09,189] Trial 1482 finished with value: 1.932571863380377 and parameters: {'f_n': 6.787439131168427e-07, 'K_d': 790724.8447346301, 'rho_d': 13229434923480.973, 'fission_rate': 6.118911920547619e+19, 'D2_xe_scale': 0.0988453960330594, 'Dg_D1_scale': 0.1851397569820966, 'Dg_D3_scale': 2.1223511599787717, 'Dv_D1_scale': 0.34594934355898943, 'Dv_D2_scale': 3.6041009511953264, 'b_bulk_scale': 0.19102512181113732, 'b_dislocation_scale': 0.10279258821450088, 'gb_scale': 7.290257441544258, 'gd_bubble_scale': 7.6368791804247715, 'gd_line_scale': 4.983417687552916, 'gd_line_alpha': 0.4544049399502272, 'coalescence_d_scale': 0.46590991840755724, 'capture_scale': 7.1921969396085}. Best is trial 1126 with value: 1.7410514264406347.
[I 2026-05-02 20:49:14,036] Trial 1483 finished with value: 1.7894069974736708 and parameters: {'f_n': 7.039564049358439e-07, 'K_d': 800449.9144823381, 'rho_d': 13066978575061.732, 'fission_rate': 6.0320130993816895e+19, 'D2_xe_scale': 0.07857854040075297, 'Dg_D1_scale': 0.1647005802494526, 'Dg_D3_scale': 2.3243061838255623, 'Dv_D1_scale': 0.3356829644964855, 'Dv_D2_scale': 3.219368423087797, 'b_bulk_scale': 0.22598305441706235, 'b_dislocation_scale': 0.11583549584834052, 'gb_scale': 7.856706739168033, 'gd_bubble_scale': 6.817958261072178, 'gd_line_scale': 7.248938766303982, 'gd_line_alpha': 0.4045920070189936, 'coalescence_d_scale': 0.5717085914913367, 'capture_scale': 7.993485064439825}. Best is trial 1126 with value: 1.7410514264406347.
[I 2026-05-02 20:49:18,920] Trial 1484 finished with value: 2.1646593664647518 and parameters: {'f_n': 1.1104895217907402e-06, 'K_d': 851873.4434330624, 'rho_d': 12442156827421.604, 'fission_rate': 5.863728882433256e+19, 'D2_xe_scale': 1.3498290384180258, 'Dg_D1_scale': 0.17949842208527736, 'Dg_D3_scale': 2.537418717012246, 'Dv_D1_scale': 0.3316276930735526, 'Dv_D2_scale': 3.6149027678129957, 'b_bulk_scale': 0.213097632485106, 'b_dislocation_scale': 0.1313328535344248, 'gb_scale': 6.7729928104858885, 'gd_bubble_scale': 7.71145903834689, 'gd_line_scale': 6.142080994014303, 'gd_line_alpha': 0.4263765549962793, 'coalescence_d_scale': 0.45078862909099104, 'capture_scale': 6.549289894190199}. Best is trial 1126 with value: 1.7410514264406347.
[I 2026-05-02 20:49:23,844] Trial 1485 finished with value: 1.8793852872022572 and parameters: {'f_n': 8.570262494968984e-07, 'K_d': 774286.6831125435, 'rho_d': 12058854453757.24, 'fission_rate': 5.936989047620988e+19, 'D2_xe_scale': 1.0699730754195025, 'Dg_D1_scale': 0.15957680301345284, 'Dg_D3_scale': 2.386039962147394, 'Dv_D1_scale': 0.3204872135639115, 'Dv_D2_scale': 2.9771863589682166, 'b_bulk_scale': 0.24238426651458506, 'b_dislocation_scale': 0.10474391081576719, 'gb_scale': 7.987689025497703, 'gd_bubble_scale': 6.586888864026507, 'gd_line_scale': 6.667549569600293, 'gd_line_alpha': 0.4545796112461214, 'coalescence_d_scale': 0.507687632833577, 'capture_scale': 7.1148528065220065}. Best is trial 1126 with value: 1.7410514264406347.
[I 2026-05-02 20:49:28,598] Trial 1486 finished with value: 3.895204525945547 and parameters: {'f_n': 8.498522206016224e-09, 'K_d': 876088.8985077925, 'rho_d': 13251983799338.84, 'fission_rate': 6.14111781727339e+19, 'D2_xe_scale': 0.06606143345875412, 'Dg_D1_scale': 0.1710683320186614, 'Dg_D3_scale': 2.0049447798643882, 'Dv_D1_scale': 0.3240883665965723, 'Dv_D2_scale': 3.9949841607749157, 'b_bulk_scale': 1.0212739116008096, 'b_dislocation_scale': 0.11900838904630667, 'gb_scale': 6.7562796080340295, 'gd_bubble_scale': 7.72395005035327, 'gd_line_scale': 7.376751860738734, 'gd_line_alpha': 0.43591426781719456, 'coalescence_d_scale': 0.6092523328015217, 'capture_scale': 6.451420150352583}. Best is trial 1126 with value: 1.7410514264406347.
