[I 2026-05-02 18:59:55,069] Trial 93 finished with value: 2.172488389199091 and parameters: {'f_n': 1.5765808484422867e-07, 'K_d': 784653.5948659017, 'rho_d': 10829658587702.934, 'fission_rate': 4.6923439781067325e+19, 'D2_xe_scale': 3.6050263320570113, 'Dg_D1_scale': 0.29049053764386, 'Dg_D3_scale': 1.6566218587920394, 'Dv_D1_scale': 0.3496821651285453, 'Dv_D2_scale': 2.9210519811371882, 'b_bulk_scale': 0.0749236226578345, 'b_dislocation_scale': 0.030137934073257773, 'gb_scale': 7.06243943994322, 'gd_bubble_scale': 5.420114659346963, 'gd_line_scale': 1.3148678148329347, 'gd_line_alpha': 0.47351121191885237, 'coalescence_d_scale': 0.3953636955310578, 'capture_scale': 4.3423604357605985}. Best is trial 72 with value: 1.9057808883113645.
[I 2026-05-02 19:00:01,906] Trial 94 finished with value: 3.306470510236137 and parameters: {'f_n': 6.287474964679007e-08, 'K_d': 1141788.003931456, 'rho_d': 8593320213486.295, 'fission_rate': 4.01680792112102e+19, 'D2_xe_scale': 5.761188756821508, 'Dg_D1_scale': 0.21317054925459133, 'Dg_D3_scale': 2.0970744236233423, 'Dv_D1_scale': 0.22112426599803026, 'Dv_D2_scale': 3.7229944323967925, 'b_bulk_scale': 0.10048104703934277, 'b_dislocation_scale': 0.033526090229356126, 'gb_scale': 1.0964065531086926, 'gd_bubble_scale': 7.7282625813776615, 'gd_line_scale': 0.9484227730094148, 'gd_line_alpha': 0.11756649772912414, 'coalescence_d_scale': 0.15009194980409338, 'capture_scale': 5.838173380979716}. Best is trial 72 with value: 1.9057808883113645.
[I 2026-05-02 19:00:08,131] Trial 95 finished with value: 2.2576417008503853 and parameters: {'f_n': 7.770355319657071e-07, 'K_d': 1397681.5936207392, 'rho_d': 12252978456244.434, 'fission_rate': 4.479166008305359e+19, 'D2_xe_scale': 15.425071247994042, 'Dg_D1_scale': 0.3872169012908196, 'Dg_D3_scale': 2.666009222753295, 'Dv_D1_scale': 0.5718782305654351, 'Dv_D2_scale': 2.2486395317182506, 'b_bulk_scale': 0.05664271817113038, 'b_dislocation_scale': 0.051854103174626374, 'gb_scale': 1.7369575192570537, 'gd_bubble_scale': 6.9174363273319575, 'gd_line_scale': 1.4448717708058707, 'gd_line_alpha': 0.31985809696458406, 'coalescence_d_scale': 0.23448682489031247, 'capture_scale': 7.18848218848171}. Best is trial 72 with value: 1.9057808883113645.
[I 2026-05-02 19:00:12,646] Trial 96 finished with value: 2.2799846293628683 and parameters: {'f_n': 5.922486882222432e-07, 'K_d': 1066663.2535004846, 'rho_d': 9360304718133.22, 'fission_rate': 4.568140055874395e+19, 'D2_xe_scale': 17.309589097764167, 'Dg_D1_scale': 0.31152432414517656, 'Dg_D3_scale': 2.3807676230464794, 'Dv_D1_scale': 0.2530852721847116, 'Dv_D2_scale': 3.1699718188139063, 'b_bulk_scale': 0.06358539965795036, 'b_dislocation_scale': 0.043202698313117856, 'gb_scale': 0.6183206240958422, 'gd_bubble_scale': 9.26064063690937, 'gd_line_scale': 0.10186568878804325, 'gd_line_alpha': 0.23898951337410618, 'coalescence_d_scale': 0.1130700723512971, 'capture_scale': 3.6366822270879586}. Best is trial 72 with value: 1.9057808883113645.
[I 2026-05-02 19:00:17,841] Trial 97 finished with value: 3.4705236004485753 and parameters: {'f_n': 1.9103973499298e-06, 'K_d': 835499.8034715265, 'rho_d': 8224197220687.98, 'fission_rate': 5.476942695258617e+19, 'D2_xe_scale': 8.240320513534144, 'Dg_D1_scale': 0.26577910834940316, 'Dg_D3_scale': 2.983148586259592, 'Dv_D1_scale': 0.32642825904996564, 'Dv_D2_scale': 1.730151798062138, 'b_bulk_scale': 0.09056675738868146, 'b_dislocation_scale': 0.09822713234561321, 'gb_scale': 1.5513517109750337, 'gd_bubble_scale': 5.770488704743046, 'gd_line_scale': 0.6258983259382759, 'gd_line_alpha': 0.1902632087124856, 'coalescence_d_scale': 0.16990848159777025, 'capture_scale': 5.2084398758717585}. Best is trial 72 with value: 1.9057808883113645.
[I 2026-05-02 19:00:23,446] Trial 98 finished with value: 2.1745915538200573 and parameters: {'f_n': 1.153445225919643e-06, 'K_d': 1275149.3071069205, 'rho_d': 11482984310663.742, 'fission_rate': 5.258144175664153e+19, 'D2_xe_scale': 22.55616436668709, 'Dg_D1_scale': 0.4447208186944148, 'Dg_D3_scale': 1.7283357560823154, 'Dv_D1_scale': 0.40593446212243245, 'Dv_D2_scale': 2.4917239375250904, 'b_bulk_scale': 0.2026497760156633, 'b_dislocation_scale': 0.1436348894795785, 'gb_scale': 1.3398891212267248, 'gd_bubble_scale': 7.813692206397608, 'gd_line_scale': 1.2499491079034741, 'gd_line_alpha': 0.03850218266031563, 'coalescence_d_scale': 0.13005197947200517, 'capture_scale': 4.027529144769226}. Best is trial 72 with value: 1.9057808883113645.
[I 2026-05-02 19:00:29,786] Trial 99 finished with value: 4.049962331305202 and parameters: {'f_n': 9.014325910986556e-08, 'K_d': 935869.4196913977, 'rho_d': 17615075687861.74, 'fission_rate': 4.4046091167102075e+19, 'D2_xe_scale': 39.19445232058946, 'Dg_D1_scale': 0.2530054008503988, 'Dg_D3_scale': 0.24087486925337953, 'Dv_D1_scale': 0.28994419303784535, 'Dv_D2_scale': 2.677868012650967, 'b_bulk_scale': 0.7093853664941305, 'b_dislocation_scale': 0.06244823131088899, 'gb_scale': 0.8135469330407535, 'gd_bubble_scale': 5.10841668636603, 'gd_line_scale': 1.6158900221848103, 'gd_line_alpha': 0.37237462886364414, 'coalescence_d_scale': 0.20108312773607662, 'capture_scale': 3.126622175744861}. Best is trial 72 with value: 1.9057808883113645.
[I 2026-05-02 19:00:36,324] Trial 100 finished with value: 2.081990563893274 and parameters: {'f_n': 2.088825819441451e-07, 'K_d': 678102.2968611056, 'rho_d': 13452790321016.645, 'fission_rate': 4.219264065314986e+19, 'D2_xe_scale': 10.34821161796487, 'Dg_D1_scale': 0.3145970297630014, 'Dg_D3_scale': 0.36624127335693274, 'Dv_D1_scale': 0.6480160135459041, 'Dv_D2_scale': 2.964059738450415, 'b_bulk_scale': 0.054357395236604426, 'b_dislocation_scale': 0.048166132006009346, 'gb_scale': 1.178320578899991, 'gd_bubble_scale': 3.025316997579063, 'gd_line_scale': 1.1118067723099072, 'gd_line_alpha': 0.40935637917392537, 'coalescence_d_scale': 0.254782257725362, 'capture_scale': 4.737130188987189}. Best is trial 72 with value: 1.9057808883113645.
[I 2026-05-02 19:00:39,619] Trial 101 finished with value: 2.245220837318046 and parameters: {'f_n': 4.626785429893786e-07, 'K_d': 1012081.7375782492, 'rho_d': 7635462564690.459, 'fission_rate': 5.8038273172990165e+19, 'D2_xe_scale': 12.786976453940708, 'Dg_D1_scale': 0.35596490542266235, 'Dg_D3_scale': 2.76740238838749, 'Dv_D1_scale': 0.7016611840055539, 'Dv_D2_scale': 2.574184878927756, 'b_bulk_scale': 0.07486390855202271, 'b_dislocation_scale': 0.033743438170986864, 'gb_scale': 0.721462436980263, 'gd_bubble_scale': 5.945733214059149, 'gd_line_scale': 0.5533826633196087, 'gd_line_alpha': 0.33523436525150546, 'coalescence_d_scale': 0.13677568916270336, 'capture_scale': 5.112067492067486}. Best is trial 72 with value: 1.9057808883113645.Best trial: 72. Best value: 1.90578:   7%|▋         | 101/1500 [07:51<2:19:53,  6.00s/it]Best trial: 72. Best value: 1.90578:   7%|▋         | 101/1500 [07:51<2:19:53,  6.00s/it]Best trial: 72. Best value: 1.90578:   7%|▋         | 102/1500 [07:51<2:00:52,  5.19s/it]                                                                                         Best trial: 72. Best value: 1.90578:   7%|▋         | 102/1500 [07:55<2:00:52,  5.19s/it]Best trial: 72. Best value: 1.90578:   7%|▋         | 102/1500 [07:56<2:00:52,  5.19s/it]Best trial: 72. Best value: 1.90578:   7%|▋         | 103/1500 [07:56<1:58:04,  5.07s/it]                                                                                         Best trial: 72. Best value: 1.90578:   7%|▋         | 103/1500 [08:00<1:58:04,  5.07s/it]Best trial: 72. Best value: 1.90578:   7%|▋         | 103/1500 [08:00<1:58:04,  5.07s/it]Best trial: 72. Best value: 1.90578:   7%|▋         | 104/1500 [08:00<1:57:01,  5.03s/it]                                                                                         Best trial: 72. Best value: 1.90578:   7%|▋         | 104/1500 [08:05<1:57:01,  5.03s/it]Best trial: 72. Best value: 1.90578:   7%|▋         | 104/1500 [08:06<1:57:01,  5.03s/it]Best trial: 72. Best value: 1.90578:   7%|▋         | 105/1500 [08:06<1:57:00,  5.03s/it]                                                                                         Best trial: 72. Best value: 1.90578:   7%|▋         | 105/1500 [08:10<1:57:00,  5.03s/it]Best trial: 72. Best value: 1.90578:   7%|▋         | 105/1500 [08:10<1:57:00,  5.03s/it]Best trial: 72. Best value: 1.90578:   7%|▋         | 106/1500 [08:10<1:55:30,  4.97s/it]                                                                                         Best trial: 72. Best value: 1.90578:   7%|▋         | 106/1500 [08:17<1:55:30,  4.97s/it]Best trial: 72. Best value: 1.90578:   7%|▋         | 106/1500 [08:17<1:55:30,  4.97s/it]Best trial: 72. Best value: 1.90578:   7%|▋         | 107/1500 [08:17<2:04:38,  5.37s/it]                                                                                         Best trial: 72. Best value: 1.90578:   7%|▋         | 107/1500 [08:21<2:04:38,  5.37s/it]Best trial: 72. Best value: 1.90578:   7%|▋         | 107/1500 [08:21<2:04:38,  5.37s/it]Best trial: 72. Best value: 1.90578:   7%|▋         | 108/1500 [08:21<1:58:52,  5.12s/it]                                                                                         Best trial: 72. Best value: 1.90578:   7%|▋         | 108/1500 [08:26<1:58:52,  5.12s/it]Best trial: 72. Best value: 1.90578:   7%|▋         | 108/1500 [08:26<1:58:52,  5.12s/it]Best trial: 72. Best value: 1.90578:   7%|▋         | 109/1500 [08:26<1:55:20,  4.98s/it]                                                                                         Best trial: 72. Best value: 1.90578:   7%|▋         | 109/1500 [08:33<1:55:20,  4.98s/it]Best trial: 72. Best value: 1.90578:   7%|▋         | 109/1500 [08:33<1:55:20,  4.98s/it]Best trial: 72. Best value: 1.90578:   7%|▋         | 110/1500 [08:33<2:07:37,  5.51s/it]                                                                                         Best trial: 72. Best value: 1.90578:   7%|▋         | 110/1500 [08:37<2:07:37,  5.51s/it]Best trial: 72. Best value: 1.90578:   7%|▋         | 110/1500 [08:37<2:07:37,  5.51s/it]Best trial: 72. Best value: 1.90578:   7%|▋         | 111/1500 [08:37<1:59:48,  5.18s/it]                                                                                         Best trial: 72. Best value: 1.90578:   7%|▋         | 111/1500 [08:42<1:59:48,  5.18s/it]Best trial: 72. Best value: 1.90578:   7%|▋         | 111/1500 [08:42<1:59:48,  5.18s/it]Best trial: 72. Best value: 1.90578:   7%|▋         | 112/1500 [08:42<1:58:51,  5.14s/it]                                                                                         
[I 2026-05-02 19:00:44,414] Trial 102 finished with value: 1.9991839043604445 and parameters: {'f_n': 4.867299256219902e-07, 'K_d': 1176397.901955834, 'rho_d': 10459816750224.83, 'fission_rate': 5.895144225286192e+19, 'D2_xe_scale': 0.19872661325592406, 'Dg_D1_scale': 0.29233568129540016, 'Dg_D3_scale': 3.0829410689843315, 'Dv_D1_scale': 0.22720843119978829, 'Dv_D2_scale': 2.1240359138747977, 'b_bulk_scale': 0.04173578146448202, 'b_dislocation_scale': 0.043913506513684024, 'gb_scale': 0.6542023977374185, 'gd_bubble_scale': 6.533133921322128, 'gd_line_scale': 0.3932038589690955, 'gd_line_alpha': 0.44946831643687063, 'coalescence_d_scale': 0.1464681353907385, 'capture_scale': 5.812196597133383}. Best is trial 72 with value: 1.9057808883113645.
[I 2026-05-02 19:00:49,350] Trial 103 finished with value: 2.209300312105383 and parameters: {'f_n': 3.315516867634601e-07, 'K_d': 1172849.240525098, 'rho_d': 10543177986694.213, 'fission_rate': 5.722050216756832e+19, 'D2_xe_scale': 7.358605598216373, 'Dg_D1_scale': 0.1930569761418715, 'Dg_D3_scale': 2.516637899469751, 'Dv_D1_scale': 0.23414134484152585, 'Dv_D2_scale': 2.1240766229310677, 'b_bulk_scale': 0.04124637118328, 'b_dislocation_scale': 0.04414342456946255, 'gb_scale': 0.9693097189727654, 'gd_bubble_scale': 8.853493196478999, 'gd_line_scale': 0.7782862496825734, 'gd_line_alpha': 0.4478462395693465, 'coalescence_d_scale': 0.15892563508709479, 'capture_scale': 6.772589026478468}. Best is trial 72 with value: 1.9057808883113645.
[I 2026-05-02 19:00:54,389] Trial 104 finished with value: 2.7889023070576515 and parameters: {'f_n': 6.76880631292063e-07, 'K_d': 1422160.939969207, 'rho_d': 9951008724544.78, 'fission_rate': 5.545826480741261e+19, 'D2_xe_scale': 0.1446880223691207, 'Dg_D1_scale': 0.2299611854652443, 'Dg_D3_scale': 3.0655623707382684, 'Dv_D1_scale': 0.2126758110528504, 'Dv_D2_scale': 1.9179153887585647, 'b_bulk_scale': 0.03739857903598503, 'b_dislocation_scale': 0.0857249529326292, 'gb_scale': 1.0418982236968193, 'gd_bubble_scale': 7.0337032369698615, 'gd_line_scale': 0.448361519200956, 'gd_line_alpha': 0.16824731102628857, 'coalescence_d_scale': 0.10088197429224298, 'capture_scale': 1.5248249375612986}. Best is trial 72 with value: 1.9057808883113645.
[I 2026-05-02 19:00:59,220] Trial 105 finished with value: 3.6914543349184634 and parameters: {'f_n': 1.078591882492471e-10, 'K_d': 1102209.3108712584, 'rho_d': 8914195007655.646, 'fission_rate': 5.859637474755768e+19, 'D2_xe_scale': 0.24913004783952206, 'Dg_D1_scale': 0.2850615241576277, 'Dg_D3_scale': 2.1513663401696888, 'Dv_D1_scale': 0.22879695221515256, 'Dv_D2_scale': 2.297692085749779, 'b_bulk_scale': 0.08227322712271953, 'b_dislocation_scale': 0.07244813597478084, 'gb_scale': 0.8404203557166796, 'gd_bubble_scale': 6.427935248268845, 'gd_line_scale': 0.387050667614185, 'gd_line_alpha': 0.2735842851975378, 'coalescence_d_scale': 0.1866287097173234, 'capture_scale': 5.977472185753007}. Best is trial 72 with value: 1.9057808883113645.
[I 2026-05-02 19:01:05,514] Trial 106 finished with value: 3.674345130424918 and parameters: {'f_n': 4.569501552696184e-07, 'K_d': 361191.48150165664, 'rho_d': 15342865652543.875, 'fission_rate': 4.272972097886783e+19, 'D2_xe_scale': 4.79012303702174, 'Dg_D1_scale': 0.3869182459443489, 'Dg_D3_scale': 2.8715591540188115, 'Dv_D1_scale': 0.35779902715114154, 'Dv_D2_scale': 3.4034744367086467, 'b_bulk_scale': 0.03267440355752916, 'b_dislocation_scale': 0.05558080168959092, 'gb_scale': 7.9732850005438936, 'gd_bubble_scale': 8.04064413117996, 'gd_line_scale': 0.1775823738359099, 'gd_line_alpha': 0.40059066844736835, 'coalescence_d_scale': 0.12326440277813154, 'capture_scale': 7.984971773014149}. Best is trial 72 with value: 1.9057808883113645.
[I 2026-05-02 19:01:10,068] Trial 107 finished with value: 2.0972152023731625 and parameters: {'f_n': 9.259416162962688e-07, 'K_d': 1270019.493531276, 'rho_d': 12815761299552.057, 'fission_rate': 6.432453220815048e+19, 'D2_xe_scale': 2.522900764940613, 'Dg_D1_scale': 0.17330969494331014, 'Dg_D3_scale': 1.9767037436798853, 'Dv_D1_scale': 0.20122201168029985, 'Dv_D2_scale': 2.805687572199362, 'b_bulk_scale': 0.15902548371138603, 'b_dislocation_scale': 0.03351794053617506, 'gb_scale': 0.6572276692602225, 'gd_bubble_scale': 3.484454678555367, 'gd_line_scale': 0.882554121596975, 'gd_line_alpha': 0.4946634705070975, 'coalescence_d_scale': 0.11339979123135718, 'capture_scale': 2.5415004977276174}. Best is trial 72 with value: 1.9057808883113645.
[I 2026-05-02 19:01:14,693] Trial 108 finished with value: 2.7886926419884586 and parameters: {'f_n': 2.3875842707761084e-07, 'K_d': 1034369.819646483, 'rho_d': 11830352941189.973, 'fission_rate': 4.441176585967318e+19, 'D2_xe_scale': 9.691610727753067, 'Dg_D1_scale': 0.21122331739541983, 'Dg_D3_scale': 1.8451946721040722, 'Dv_D1_scale': 0.2509059342914236, 'Dv_D2_scale': 3.16250672972836, 'b_bulk_scale': 0.11498414031444226, 'b_dislocation_scale': 0.035915367153632444, 'gb_scale': 1.3948189347905762, 'gd_bubble_scale': 9.268630974287394, 'gd_line_scale': 0.25840603746438245, 'gd_line_alpha': 0.3079121410124084, 'coalescence_d_scale': 0.14707208276917408, 'capture_scale': 3.892256434562869}. Best is trial 72 with value: 1.9057808883113645.
[I 2026-05-02 19:01:21,448] Trial 109 finished with value: 5.54973595236881 and parameters: {'f_n': 1.5847044981734383e-06, 'K_d': 964548.8439957128, 'rho_d': 9644948621636.25, 'fission_rate': 4.099285042752617e+19, 'D2_xe_scale': 12.198287298923189, 'Dg_D1_scale': 0.30398243585447104, 'Dg_D3_scale': 3.6654597326550413, 'Dv_D1_scale': 0.27481680591468943, 'Dv_D2_scale': 2.4494993073732516, 'b_bulk_scale': 0.043706552975760336, 'b_dislocation_scale': 0.0409038457591337, 'gb_scale': 1.1422351575671803, 'gd_bubble_scale': 4.692626188890697, 'gd_line_scale': 0.6921960553689976, 'gd_line_alpha': 0.5721705958274866, 'coalescence_d_scale': 13.618932708553102, 'capture_scale': 0.01101023866098068}. Best is trial 72 with value: 1.9057808883113645.
[I 2026-05-02 19:01:25,845] Trial 110 finished with value: 2.162328101286941 and parameters: {'f_n': 1.134273377978332e-06, 'K_d': 1196901.0473298016, 'rho_d': 8251756841811.344, 'fission_rate': 6.800852782847098e+19, 'D2_xe_scale': 18.58667722347676, 'Dg_D1_scale': 0.24748409562770296, 'Dg_D3_scale': 2.2867103513025846, 'Dv_D1_scale': 0.221377181111776, 'Dv_D2_scale': 2.1687150665761443, 'b_bulk_scale': 0.06806789120082572, 'b_dislocation_scale': 0.06100049348400418, 'gb_scale': 0.9264542692349502, 'gd_bubble_scale': 7.458510618139396, 'gd_line_scale': 1.058139932684741, 'gd_line_alpha': 0.21586707147924727, 'coalescence_d_scale': 0.21848165069184208, 'capture_scale': 5.678426350254}. Best is trial 72 with value: 1.9057808883113645.
[I 2026-05-02 19:01:30,892] Trial 111 finished with value: 2.5822957779634628 and parameters: {'f_n': 5.142258270426925e-07, 'K_d': 896809.6561675596, 'rho_d': 6045476171459.506, 'fission_rate': 5.660403876187225e+19, 'D2_xe_scale': 6.378311359299575, 'Dg_D1_scale': 0.3391951994727954, 'Dg_D3_scale': 3.197240883755133, 'Dv_D1_scale': 0.49623108047373643, 'Dv_D2_scale': 0.21087283657380262, 'b_bulk_scale': 0.05113968823823509, 'b_dislocation_scale': 0.04938399531000528, 'gb_scale': 0.7476915181410583, 'gd_bubble_scale': 5.7860962613073665, 'gd_line_scale': 0.37244359677578753, 'gd_line_alpha': 0.4360422228133126, 'coalescence_d_scale': 0.14316589207446154, 'capture_scale': 4.500184609656626}. Best is trial 72 with value: 1.9057808883113645.
