[I 2026-05-02 20:41:09,788] Trial 1377 finished with value: 1.9902983205091431 and parameters: {'f_n': 4.745414500114795e-07, 'K_d': 618930.407327703, 'rho_d': 12232726696940.207, 'fission_rate': 6.387871154292145e+19, 'D2_xe_scale': 0.9983598110797429, 'Dg_D1_scale': 0.15905484195286648, 'Dg_D3_scale': 3.2597037586947812, 'Dv_D1_scale': 0.30120440619627187, 'Dv_D2_scale': 0.5851123708151652, 'b_bulk_scale': 0.39026672513962735, 'b_dislocation_scale': 0.15659769105751822, 'gb_scale': 5.67590310991026, 'gd_bubble_scale': 6.107499299400438, 'gd_line_scale': 8.265936590076768, 'gd_line_alpha': 0.48621298224084764, 'coalescence_d_scale': 0.4552061084573224, 'capture_scale': 5.685810146222143}. Best is trial 1126 with value: 1.7410514264406347.Best trial: 1126. Best value: 1.74105:  92%|█████████▏| 1377/1500 [1:48:21<09:27,  4.61s/it]Best trial: 1126. Best value: 1.74105:  92%|█████████▏| 1377/1500 [1:48:21<09:27,  4.61s/it]Best trial: 1126. Best value: 1.74105:  92%|█████████▏| 1378/1500 [1:48:21<09:28,  4.66s/it]                                                                                            Best trial: 1126. Best value: 1.74105:  92%|█████████▏| 1378/1500 [1:48:26<09:28,  4.66s/it]Best trial: 1126. Best value: 1.74105:  92%|█████████▏| 1378/1500 [1:48:26<09:28,  4.66s/it]Best trial: 1126. Best value: 1.74105:  92%|█████████▏| 1379/1500 [1:48:26<09:32,  4.73s/it]                                                                                            Best trial: 1126. Best value: 1.74105:  92%|█████████▏| 1379/1500 [1:48:29<09:32,  4.73s/it]Best trial: 1126. Best value: 1.74105:  92%|█████████▏| 1379/1500 [1:48:29<09:32,  4.73s/it]Best trial: 1126. Best value: 1.74105:  92%|█████████▏| 1380/1500 [1:48:29<08:32,  4.27s/it]                                                                                            Best trial: 1126. Best value: 1.74105:  92%|█████████▏| 1380/1500 [1:48:34<08:32,  4.27s/it]Best trial: 1126. Best value: 1.74105:  92%|█████████▏| 1380/1500 [1:48:34<08:32,  4.27s/it]Best trial: 1126. Best value: 1.74105:  92%|█████████▏| 1381/1500 [1:48:34<08:50,  4.46s/it]                                                                                            Best trial: 1126. Best value: 1.74105:  92%|█████████▏| 1381/1500 [1:48:38<08:50,  4.46s/it]Best trial: 1126. Best value: 1.74105:  92%|█████████▏| 1381/1500 [1:48:38<08:50,  4.46s/it]Best trial: 1126. Best value: 1.74105:  92%|█████████▏| 1382/1500 [1:48:38<08:23,  4.27s/it]                                                                                            Best trial: 1126. Best value: 1.74105:  92%|█████████▏| 1382/1500 [1:48:43<08:23,  4.27s/it]Best trial: 1126. Best value: 1.74105:  92%|█████████▏| 1382/1500 [1:48:43<08:23,  4.27s/it]Best trial: 1126. Best value: 1.74105:  92%|█████████▏| 1383/1500 [1:48:43<08:40,  4.45s/it]                                                                                            Best trial: 1126. Best value: 1.74105:  92%|█████████▏| 1383/1500 [1:48:47<08:40,  4.45s/it]Best trial: 1126. Best value: 1.74105:  92%|█████████▏| 1383/1500 [1:48:47<08:40,  4.45s/it]Best trial: 1126. Best value: 1.74105:  92%|█████████▏| 1384/1500 [1:48:47<08:46,  4.54s/it]                                                                                            Best trial: 1126. Best value: 1.74105:  92%|█████████▏| 1384/1500 [1:48:52<08:46,  4.54s/it]Best trial: 1126. Best value: 1.74105:  92%|█████████▏| 1384/1500 [1:48:52<08:46,  4.54s/it]Best trial: 1126. Best value: 1.74105:  92%|█████████▏| 1385/1500 [1:48:52<08:46,  4.58s/it]                                                                                            Best trial: 1126. Best value: 1.74105:  92%|█████████▏| 1385/1500 [1:48:57<08:46,  4.58s/it]Best trial: 1126. Best value: 1.74105:  92%|█████████▏| 1385/1500 [1:48:57<08:46,  4.58s/it]Best trial: 1126. Best value: 1.74105:  92%|█████████▏| 1386/1500 [1:48:57<08:52,  4.67s/it]                                                                                            Best trial: 1126. Best value: 1.74105:  92%|█████████▏| 1386/1500 [1:49:00<08:52,  4.67s/it]Best trial: 1126. Best value: 1.74105:  92%|█████████▏| 1386/1500 [1:49:00<08:52,  4.67s/it]Best trial: 1126. Best value: 1.74105:  92%|█████████▏| 1387/1500 [1:49:00<08:03,  4.28s/it]                                                                                            Best trial: 1126. Best value: 1.74105:  92%|█████████▏| 1387/1500 [1:49:05<08:03,  4.28s/it]Best trial: 1126. Best value: 1.74105:  92%|█████████▏| 1387/1500 [1:49:05<08:03,  4.28s/it]Best trial: 1126. Best value: 1.74105:  93%|█████████▎| 1388/1500 [1:49:05<08:22,  4.49s/it]                                                                                            
[I 2026-05-02 20:41:14,689] Trial 1378 finished with value: 1.8120145927814884 and parameters: {'f_n': 6.391911277099834e-07, 'K_d': 722746.1137833054, 'rho_d': 9861472396886.912, 'fission_rate': 6.1258238306173444e+19, 'D2_xe_scale': 0.13724457004379098, 'Dg_D1_scale': 0.21234805873980594, 'Dg_D3_scale': 2.8588883372288683, 'Dv_D1_scale': 0.32201656907211806, 'Dv_D2_scale': 3.6520634152420883, 'b_bulk_scale': 0.5474962631467332, 'b_dislocation_scale': 0.11340845292693635, 'gb_scale': 6.684045631834958, 'gd_bubble_scale': 7.081478845364624, 'gd_line_scale': 7.422310438732534, 'gd_line_alpha': 0.5542337752319736, 'coalescence_d_scale': 0.3817137395021492, 'capture_scale': 4.664523552820368}. Best is trial 1126 with value: 1.7410514264406347.
[I 2026-05-02 20:41:17,885] Trial 1379 finished with value: 2.0544929209099845 and parameters: {'f_n': 3.4733834092550854e-07, 'K_d': 665872.4793421922, 'rho_d': 10936328135568.893, 'fission_rate': 6.208983398369656e+19, 'D2_xe_scale': 0.06159969722786142, 'Dg_D1_scale': 0.15020312625913448, 'Dg_D3_scale': 2.598711264824307, 'Dv_D1_scale': 0.3521949035042542, 'Dv_D2_scale': 0.3090571094386923, 'b_bulk_scale': 0.28479630827477626, 'b_dislocation_scale': 0.1974753084717295, 'gb_scale': 4.263815599904809, 'gd_bubble_scale': 9.124326929392682, 'gd_line_scale': 8.249045500449734, 'gd_line_alpha': 0.4710703408701308, 'coalescence_d_scale': 0.3309532798417445, 'capture_scale': 6.483066340355561}. Best is trial 1126 with value: 1.7410514264406347.
[I 2026-05-02 20:41:22,767] Trial 1380 finished with value: 2.112307965127627 and parameters: {'f_n': 5.383011128278643e-07, 'K_d': 343813.8329698568, 'rho_d': 8993133820704.459, 'fission_rate': 6.0139559600273785e+19, 'D2_xe_scale': 0.012498090384531561, 'Dg_D1_scale': 0.18827658350063017, 'Dg_D3_scale': 3.5688022687541543, 'Dv_D1_scale': 0.22824835784739608, 'Dv_D2_scale': 3.7677521370764837, 'b_bulk_scale': 0.24513453992146184, 'b_dislocation_scale': 0.17447791446564992, 'gb_scale': 5.279769747907838, 'gd_bubble_scale': 8.175349448565347, 'gd_line_scale': 9.01164511010865, 'gd_line_alpha': 0.5302453362438866, 'coalescence_d_scale': 0.24724765127438875, 'capture_scale': 7.936327361628527}. Best is trial 1126 with value: 1.7410514264406347.
[I 2026-05-02 20:41:26,594] Trial 1381 finished with value: 3.9522058461389875 and parameters: {'f_n': 3.9086347179637803e-07, 'K_d': 629019.6943014887, 'rho_d': 11632958527888.775, 'fission_rate': 6.326011656126656e+19, 'D2_xe_scale': 0.07645138367025861, 'Dg_D1_scale': 0.1740579818720872, 'Dg_D3_scale': 2.315490620049129, 'Dv_D1_scale': 0.2799469512914835, 'Dv_D2_scale': 0.41143427445051983, 'b_bulk_scale': 0.35809771227204135, 'b_dislocation_scale': 2.0325533479425237, 'gb_scale': 7.217890662102391, 'gd_bubble_scale': 7.657332688936014, 'gd_line_scale': 9.967618284839798, 'gd_line_alpha': 0.4425965712455733, 'coalescence_d_scale': 0.4901490381563935, 'capture_scale': 5.267819393331403}. Best is trial 1126 with value: 1.7410514264406347.
[I 2026-05-02 20:41:31,465] Trial 1382 finished with value: 2.516209153933442 and parameters: {'f_n': 8.052749587587545e-07, 'K_d': 755435.2210418831, 'rho_d': 12671371086180.814, 'fission_rate': 6.122575828675523e+19, 'D2_xe_scale': 0.046634577847873684, 'Dg_D1_scale': 0.1666255436344046, 'Dg_D3_scale': 0.4973860282096775, 'Dv_D1_scale': 0.2520694052681886, 'Dv_D2_scale': 3.6241356690281585, 'b_bulk_scale': 0.8661584043648977, 'b_dislocation_scale': 0.14467147128856406, 'gb_scale': 1.1039473802062976, 'gd_bubble_scale': 5.371561637279862, 'gd_line_scale': 6.857517722926229, 'gd_line_alpha': 0.6174110476482516, 'coalescence_d_scale': 0.5939159960642012, 'capture_scale': 7.049058335231475}. Best is trial 1126 with value: 1.7410514264406347.
[I 2026-05-02 20:41:36,227] Trial 1383 finished with value: 2.103692004844817 and parameters: {'f_n': 4.3092516937662103e-07, 'K_d': 823459.048039478, 'rho_d': 10863947138510.697, 'fission_rate': 6.252237207818811e+19, 'D2_xe_scale': 0.01012441067855851, 'Dg_D1_scale': 0.18149655224728956, 'Dg_D3_scale': 2.221058994684935, 'Dv_D1_scale': 0.30747209334867165, 'Dv_D2_scale': 3.9973519380263554, 'b_bulk_scale': 0.4391950303645748, 'b_dislocation_scale': 0.10590694496661006, 'gb_scale': 6.1594315398350945, 'gd_bubble_scale': 9.19572313165545, 'gd_line_scale': 7.686573600195457, 'gd_line_alpha': 0.5891658531982413, 'coalescence_d_scale': 0.40907784753143717, 'capture_scale': 5.9885305439442265}. Best is trial 1126 with value: 1.7410514264406347.
[I 2026-05-02 20:41:40,883] Trial 1384 finished with value: 2.116323900423608 and parameters: {'f_n': 1.8197750778460606e-07, 'K_d': 699101.1654118369, 'rho_d': 10375535589545.104, 'fission_rate': 6.428354200058263e+19, 'D2_xe_scale': 0.057886724857697906, 'Dg_D1_scale': 0.195671780487229, 'Dg_D3_scale': 3.122149239900917, 'Dv_D1_scale': 0.2657209894409945, 'Dv_D2_scale': 3.265918493782208, 'b_bulk_scale': 0.6451062001239182, 'b_dislocation_scale': 0.1266618952142686, 'gb_scale': 4.834872243854447, 'gd_bubble_scale': 6.80702575992404, 'gd_line_scale': 6.184522823377446, 'gd_line_alpha': 0.43106317313526155, 'coalescence_d_scale': 0.5316418244877114, 'capture_scale': 5.172332924776236}. Best is trial 1126 with value: 1.7410514264406347.
[I 2026-05-02 20:41:45,771] Trial 1385 finished with value: 1.7518204800495754 and parameters: {'f_n': 2.7148002226612734e-07, 'K_d': 747847.3675452078, 'rho_d': 9472431138779.57, 'fission_rate': 6.03450933113027e+19, 'D2_xe_scale': 0.013864678061094773, 'Dg_D1_scale': 0.16149924795068274, 'Dg_D3_scale': 2.7308358665108052, 'Dv_D1_scale': 0.2900182297528014, 'Dv_D2_scale': 3.803760139610152, 'b_bulk_scale': 0.20957650411280607, 'b_dislocation_scale': 0.15567033787930676, 'gb_scale': 5.560608654252539, 'gd_bubble_scale': 9.990276207250869, 'gd_line_scale': 9.046946389408415, 'gd_line_alpha': 0.5686182614864957, 'coalescence_d_scale': 0.35800095134929955, 'capture_scale': 7.1640582111582365}. Best is trial 1126 with value: 1.7410514264406347.
[I 2026-05-02 20:41:49,142] Trial 1386 finished with value: 2.1212666017362176 and parameters: {'f_n': 2.458289456289982e-07, 'K_d': 817434.0591076519, 'rho_d': 10348243933793.586, 'fission_rate': 5.922239567970523e+19, 'D2_xe_scale': 0.015558094893053922, 'Dg_D1_scale': 0.159691620690985, 'Dg_D3_scale': 2.935046826881292, 'Dv_D1_scale': 0.3363141715525326, 'Dv_D2_scale': 3.7837001982956577, 'b_bulk_scale': 0.20025929986856938, 'b_dislocation_scale': 0.13546777211656263, 'gb_scale': 4.116739210207383, 'gd_bubble_scale': 9.31402615314608, 'gd_line_scale': 9.997567882348772, 'gd_line_alpha': 0.5744768715439472, 'coalescence_d_scale': 0.4207828911974367, 'capture_scale': 6.182316202145757}. Best is trial 1126 with value: 1.7410514264406347.
[I 2026-05-02 20:41:54,106] Trial 1387 finished with value: 1.7929512833364802 and parameters: {'f_n': 1.50421761028756e-07, 'K_d': 783438.1386934802, 'rho_d': 8954471275486.838, 'fission_rate': 5.933540731842757e+19, 'D2_xe_scale': 0.08376157053655503, 'Dg_D1_scale': 0.15960899610400667, 'Dg_D3_scale': 2.4750389715649708, 'Dv_D1_scale': 0.29599057292934305, 'Dv_D2_scale': 3.451736092429097, 'b_bulk_scale': 0.19970791318117448, 'b_dislocation_scale': 0.15094990262738692, 'gb_scale': 5.16033060358832, 'gd_bubble_scale': 9.864526570115599, 'gd_line_scale': 9.127730456559393, 'gd_line_alpha': 0.5958283536955915, 'coalescence_d_scale': 0.45149714169249144, 'capture_scale': 7.954359375849049}. Best is trial 1126 with value: 1.7410514264406347.
[I 2026-05-02 20:41:59,015] Trial 1388 finished with value: 1.9275171378571325 and parameters: {'f_n': 2.3192776877004984e-07, 'K_d': 764937.8637166572, 'rho_d': 8777134219309.092, 'fission_rate': 6.0405440745891996e+19, 'D2_xe_scale': 0.01414895153998221, 'Dg_D1_scale': 0.15625394992216346, 'Dg_D3_scale': 3.2223889173225255, 'Dv_D1_scale': 0.3140165090973678, 'Dv_D2_scale': 3.7922229632837055, 'b_bulk_scale': 0.216993428429831, 'b_dislocation_scale': 0.12080332064658866, 'gb_scale': 4.61884566577787, 'gd_bubble_scale': 9.99891749789361, 'gd_line_scale': 9.094142757608346, 'gd_line_alpha': 0.5740020860085364, 'coalescence_d_scale': 0.39097059477525187, 'capture_scale': 4.471042614675064}. Best is trial 1126 with value: 1.7410514264406347.Best trial: 1126. Best value: 1.74105:  93%|█████████▎| 1388/1500 [1:49:10<08:22,  4.49s/it]Best trial: 1126. Best value: 1.74105:  93%|█████████▎| 1388/1500 [1:49:10<08:22,  4.49s/it]Best trial: 1126. Best value: 1.74105:  93%|█████████▎| 1389/1500 [1:49:10<08:31,  4.61s/it]                                                                                            Best trial: 1126. Best value: 1.74105:  93%|█████████▎| 1389/1500 [1:49:14<08:31,  4.61s/it]Best trial: 1126. Best value: 1.74105:  93%|█████████▎| 1389/1500 [1:49:14<08:31,  4.61s/it]Best trial: 1126. Best value: 1.74105:  93%|█████████▎| 1390/1500 [1:49:14<08:06,  4.42s/it]                                                                                            Best trial: 1126. Best value: 1.74105:  93%|█████████▎| 1390/1500 [1:49:19<08:06,  4.42s/it]Best trial: 1126. Best value: 1.74105:  93%|█████████▎| 1390/1500 [1:49:19<08:06,  4.42s/it]Best trial: 1126. Best value: 1.74105:  93%|█████████▎| 1391/1500 [1:49:19<08:16,  4.56s/it]                                                                                            Best trial: 1126. Best value: 1.74105:  93%|█████████▎| 1391/1500 [1:49:24<08:16,  4.56s/it]Best trial: 1126. Best value: 1.74105:  93%|█████████▎| 1391/1500 [1:49:24<08:16,  4.56s/it]Best trial: 1126. Best value: 1.74105:  93%|█████████▎| 1392/1500 [1:49:24<08:25,  4.68s/it]                                                                                            Best trial: 1126. Best value: 1.74105:  93%|█████████▎| 1392/1500 [1:49:29<08:25,  4.68s/it]Best trial: 1126. Best value: 1.74105:  93%|█████████▎| 1392/1500 [1:49:29<08:25,  4.68s/it]Best trial: 1126. Best value: 1.74105:  93%|█████████▎| 1393/1500 [1:49:29<08:31,  4.78s/it]                                                                                            Best trial: 1126. Best value: 1.74105:  93%|█████████▎| 1393/1500 [1:49:32<08:31,  4.78s/it]Best trial: 1126. Best value: 1.74105:  93%|█████████▎| 1393/1500 [1:49:33<08:31,  4.78s/it]Best trial: 1126. Best value: 1.74105:  93%|█████████▎| 1394/1500 [1:49:33<07:43,  4.38s/it]                                                                                            Best trial: 1126. Best value: 1.74105:  93%|█████████▎| 1394/1500 [1:49:37<07:43,  4.38s/it]Best trial: 1126. Best value: 1.74105:  93%|█████████▎| 1394/1500 [1:49:37<07:43,  4.38s/it]Best trial: 1126. Best value: 1.74105:  93%|█████████▎| 1395/1500 [1:49:37<07:55,  4.53s/it]                                                                                            Best trial: 1126. Best value: 1.74105:  93%|█████████▎| 1395/1500 [1:49:42<07:55,  4.53s/it]Best trial: 1126. Best value: 1.74105:  93%|█████████▎| 1395/1500 [1:49:42<07:55,  4.53s/it]Best trial: 1126. Best value: 1.74105:  93%|█████████▎| 1396/1500 [1:49:42<08:02,  4.64s/it]                                                                                            Best trial: 1126. Best value: 1.74105:  93%|█████████▎| 1396/1500 [1:49:47<08:02,  4.64s/it]Best trial: 1126. Best value: 1.74105:  93%|█████████▎| 1396/1500 [1:49:47<08:02,  4.64s/it]Best trial: 1126. Best value: 1.74105:  93%|█████████▎| 1397/1500 [1:49:47<08:04,  4.70s/it]                                                                                            Best trial: 1126. Best value: 1.74105:  93%|█████████▎| 1397/1500 [1:49:52<08:04,  4.70s/it]Best trial: 1126. Best value: 1.74105:  93%|█████████▎| 1397/1500 [1:49:52<08:04,  4.70s/it]Best trial: 1126. Best value: 1.74105:  93%|█████████▎| 1398/1500 [1:49:52<08:02,  4.73s/it]                                                                                            Best trial: 1126. Best value: 1.74105:  93%|█████████▎| 1398/1500 [1:49:57<08:02,  4.73s/it]Best trial: 1126. Best value: 1.74105:  93%|█████████▎| 1398/1500 [1:49:57<08:02,  4.73s/it]Best trial: 1126. Best value: 1.74105:  93%|█████████▎| 1399/1500 [1:49:57<08:03,  4.79s/it]                                                                                            
[I 2026-05-02 20:42:02,981] Trial 1389 finished with value: 1.796476270864344 and parameters: {'f_n': 2.75094185655058e-07, 'K_d': 800593.5758607024, 'rho_d': 9287556309627.74, 'fission_rate': 7.732597594452102e+19, 'D2_xe_scale': 0.06919161359066058, 'Dg_D1_scale': 0.17350231224991655, 'Dg_D3_scale': 2.8078387422288538, 'Dv_D1_scale': 0.28977919652850803, 'Dv_D2_scale': 3.6105714634560337, 'b_bulk_scale': 0.21532963440073097, 'b_dislocation_scale': 0.133068399096978, 'gb_scale': 5.359186929789242, 'gd_bubble_scale': 9.191108996205974, 'gd_line_scale': 9.159874911510709, 'gd_line_alpha': 0.567728260646002, 'coalescence_d_scale': 0.3676167381543319, 'capture_scale': 7.982646476952875}. Best is trial 1126 with value: 1.7410514264406347.
[I 2026-05-02 20:42:07,854] Trial 1390 finished with value: 1.7677182494509285 and parameters: {'f_n': 2.0763433787309207e-07, 'K_d': 845735.6577439083, 'rho_d': 8330428643820.243, 'fission_rate': 6.066274452336353e+19, 'D2_xe_scale': 0.10043340405112061, 'Dg_D1_scale': 0.21209461556598436, 'Dg_D3_scale': 3.444526631299624, 'Dv_D1_scale': 0.3235981617104322, 'Dv_D2_scale': 3.9942841771159414, 'b_bulk_scale': 0.20606148609858918, 'b_dislocation_scale': 0.15292481072470684, 'gb_scale': 7.259337565011776, 'gd_bubble_scale': 9.995974505403009, 'gd_line_scale': 9.95205746004223, 'gd_line_alpha': 0.6053701695005226, 'coalescence_d_scale': 0.4708023302523449, 'capture_scale': 3.889199031190973}. Best is trial 1126 with value: 1.7410514264406347.
[I 2026-05-02 20:42:12,837] Trial 1391 finished with value: 1.7597498612297606 and parameters: {'f_n': 3.0896456532513124e-07, 'K_d': 741652.1741770613, 'rho_d': 9375865943558.861, 'fission_rate': 5.929878990476419e+19, 'D2_xe_scale': 0.04113356555428878, 'Dg_D1_scale': 0.16910277530311008, 'Dg_D3_scale': 2.632898198162132, 'Dv_D1_scale': 0.3000051915650077, 'Dv_D2_scale': 3.4784726082635595, 'b_bulk_scale': 0.2295322561717485, 'b_dislocation_scale': 0.12099306385680503, 'gb_scale': 6.629665780152612, 'gd_bubble_scale': 9.95703593572155, 'gd_line_scale': 8.324319541285655, 'gd_line_alpha': 0.6348377232937608, 'coalescence_d_scale': 0.4340355904844134, 'capture_scale': 5.853024403787448}. Best is trial 1126 with value: 1.7410514264406347.
[I 2026-05-02 20:42:17,844] Trial 1392 finished with value: 1.8528273847846852 and parameters: {'f_n': 1.7756283173188163e-07, 'K_d': 815883.6592016484, 'rho_d': 8080976358372.353, 'fission_rate': 5.995134684989365e+19, 'D2_xe_scale': 0.0541094154446213, 'Dg_D1_scale': 0.15021290024417852, 'Dg_D3_scale': 2.9764966238127277, 'Dv_D1_scale': 0.28899229613857125, 'Dv_D2_scale': 3.788335120479467, 'b_bulk_scale': 0.20245599369071177, 'b_dislocation_scale': 0.10502182086974644, 'gb_scale': 5.707098274609757, 'gd_bubble_scale': 8.966344399078293, 'gd_line_scale': 9.009888770447322, 'gd_line_alpha': 0.5919249047063435, 'coalescence_d_scale': 0.35779714483299974, 'capture_scale': 6.372177576783547}. Best is trial 1126 with value: 1.7410514264406347.
[I 2026-05-02 20:42:21,279] Trial 1393 finished with value: 1.8064499093841546 and parameters: {'f_n': 9.893931089809713e-07, 'K_d': 749863.9892182226, 'rho_d': 9366583132136.906, 'fission_rate': 6.0038731149753565e+19, 'D2_xe_scale': 0.06330522806519182, 'Dg_D1_scale': 0.18477759519005246, 'Dg_D3_scale': 3.8054920511837307, 'Dv_D1_scale': 0.31452582492133313, 'Dv_D2_scale': 3.606723945822686, 'b_bulk_scale': 0.21980702446589115, 'b_dislocation_scale': 0.14284588422750255, 'gb_scale': 4.464952770678488, 'gd_bubble_scale': 9.980312796868636, 'gd_line_scale': 8.391842530315403, 'gd_line_alpha': 0.5631307933649202, 'coalescence_d_scale': 0.5083239039627763, 'capture_scale': 5.132029097333713}. Best is trial 1126 with value: 1.7410514264406347.
[I 2026-05-02 20:42:26,155] Trial 1394 finished with value: 2.045356806801319 and parameters: {'f_n': 6.655455783475533e-07, 'K_d': 858759.230683199, 'rho_d': 9520136005149.78, 'fission_rate': 5.985449534109157e+19, 'D2_xe_scale': 0.08087256281156319, 'Dg_D1_scale': 0.16543395218501786, 'Dg_D3_scale': 2.4046194664390192, 'Dv_D1_scale': 0.2826766347657803, 'Dv_D2_scale': 3.7770589530655996, 'b_bulk_scale': 0.23618065381760653, 'b_dislocation_scale': 0.1612910646333107, 'gb_scale': 6.359663032509235, 'gd_bubble_scale': 8.50185532751929, 'gd_line_scale': 9.102371915157734, 'gd_line_alpha': 0.6181591688291027, 'coalescence_d_scale': 0.40083355121016045, 'capture_scale': 7.1009803966885325}. Best is trial 1126 with value: 1.7410514264406347.
