[I 2026-05-02 19:34:40,224] Trial 478 finished with value: 1.8926337578698982 and parameters: {'f_n': 2.514924574287359e-06, 'K_d': 799466.9957844253, 'rho_d': 16529229920723.945, 'fission_rate': 5.8461701894452716e+19, 'D2_xe_scale': 0.23600814260130384, 'Dg_D1_scale': 0.16887417111891834, 'Dg_D3_scale': 1.0238634519344887, 'Dv_D1_scale': 0.4422304091898279, 'Dv_D2_scale': 2.7547140647955723, 'b_bulk_scale': 0.0915357755437421, 'b_dislocation_scale': 0.07307389595229845, 'gb_scale': 3.9709316788790145, 'gd_bubble_scale': 0.9237930119149097, 'gd_line_scale': 8.239073737366901, 'gd_line_alpha': 0.2265639207238701, 'coalescence_d_scale': 0.5932471226425174, 'capture_scale': 4.146827651048715}. Best is trial 475 with value: 1.7940450727878425.
[I 2026-05-02 19:34:45,077] Trial 479 finished with value: 1.7970077408701401 and parameters: {'f_n': 2.579845354737864e-06, 'K_d': 759053.8519672599, 'rho_d': 14908981566152.92, 'fission_rate': 5.814934957933326e+19, 'D2_xe_scale': 0.22435616967057273, 'Dg_D1_scale': 0.19450542585813146, 'Dg_D3_scale': 1.0596306812222072, 'Dv_D1_scale': 0.4152269181398913, 'Dv_D2_scale': 2.708313595533518, 'b_bulk_scale': 0.08946511237358723, 'b_dislocation_scale': 0.07057336579617898, 'gb_scale': 4.603500426645889, 'gd_bubble_scale': 5.3935747753523104, 'gd_line_scale': 9.0988721766544, 'gd_line_alpha': 0.21188942230859104, 'coalescence_d_scale': 0.5556863776936306, 'capture_scale': 4.406229771180054}. Best is trial 475 with value: 1.7940450727878425.
[I 2026-05-02 19:34:49,949] Trial 480 finished with value: 1.8102541740357658 and parameters: {'f_n': 2.6877111592198017e-06, 'K_d': 769984.0066106175, 'rho_d': 15377262599767.164, 'fission_rate': 5.738303052277329e+19, 'D2_xe_scale': 0.20766615353538978, 'Dg_D1_scale': 0.1921273361881793, 'Dg_D3_scale': 1.0925024708832352, 'Dv_D1_scale': 0.41382434537341656, 'Dv_D2_scale': 2.921675917194491, 'b_bulk_scale': 0.08404848903918712, 'b_dislocation_scale': 0.07298506857062148, 'gb_scale': 4.237180895541102, 'gd_bubble_scale': 5.4904297785125955, 'gd_line_scale': 9.94512374060025, 'gd_line_alpha': 0.21510161038907408, 'coalescence_d_scale': 0.5354817950542651, 'capture_scale': 4.154049186930261}. Best is trial 475 with value: 1.7940450727878425.
[I 2026-05-02 19:34:54,730] Trial 481 finished with value: 1.7853831719183069 and parameters: {'f_n': 2.987251774095854e-06, 'K_d': 770920.0461380325, 'rho_d': 15100085806751.63, 'fission_rate': 5.845381836406127e+19, 'D2_xe_scale': 0.30131843386680435, 'Dg_D1_scale': 0.17767400198552113, 'Dg_D3_scale': 1.090432965277968, 'Dv_D1_scale': 0.4256901076574245, 'Dv_D2_scale': 3.0005613148934653, 'b_bulk_scale': 0.09455815212534831, 'b_dislocation_scale': 0.0743613835445825, 'gb_scale': 4.455991525780915, 'gd_bubble_scale': 5.557590676639633, 'gd_line_scale': 9.406589338576362, 'gd_line_alpha': 0.21778876897607433, 'coalescence_d_scale': 0.5426770525371679, 'capture_scale': 4.154555516015485}. Best is trial 481 with value: 1.7853831719183069.
[I 2026-05-02 19:34:57,972] Trial 482 finished with value: 1.8099054443910785 and parameters: {'f_n': 2.96309670120291e-06, 'K_d': 779741.2980951507, 'rho_d': 17053360739204.172, 'fission_rate': 5.809135511729344e+19, 'D2_xe_scale': 0.20612201495419316, 'Dg_D1_scale': 0.2016786935699264, 'Dg_D3_scale': 1.0901109767722157, 'Dv_D1_scale': 0.4039983765342822, 'Dv_D2_scale': 2.9552669330565196, 'b_bulk_scale': 0.09027291224366231, 'b_dislocation_scale': 0.07341860233956338, 'gb_scale': 4.564404358936745, 'gd_bubble_scale': 5.91164951398187, 'gd_line_scale': 9.006612486879355, 'gd_line_alpha': 0.21436870531338337, 'coalescence_d_scale': 0.5523700168973918, 'capture_scale': 4.299171954218884}. Best is trial 481 with value: 1.7853831719183069.
[I 2026-05-02 19:35:02,802] Trial 483 finished with value: 1.7887992416025595 and parameters: {'f_n': 2.954223272815021e-06, 'K_d': 777834.489049416, 'rho_d': 15815853361617.643, 'fission_rate': 5.82288357135582e+19, 'D2_xe_scale': 0.21950174738560663, 'Dg_D1_scale': 0.17659626509322185, 'Dg_D3_scale': 1.1034565696036889, 'Dv_D1_scale': 0.4048296868785961, 'Dv_D2_scale': 2.947992759365638, 'b_bulk_scale': 0.09050862683527498, 'b_dislocation_scale': 0.07448695455225557, 'gb_scale': 4.48155639579691, 'gd_bubble_scale': 6.172091241442735, 'gd_line_scale': 9.041954310054564, 'gd_line_alpha': 0.22129678531801295, 'coalescence_d_scale': 0.5463962955032489, 'capture_scale': 4.339377858930959}. Best is trial 481 with value: 1.7853831719183069.
[I 2026-05-02 19:35:07,631] Trial 484 finished with value: 1.9304858148415012 and parameters: {'f_n': 2.916402752522831e-06, 'K_d': 794056.5248135598, 'rho_d': 17829141635010.887, 'fission_rate': 5.814254856215337e+19, 'D2_xe_scale': 0.3108722406702524, 'Dg_D1_scale': 0.18057938340489657, 'Dg_D3_scale': 1.0979777980767556, 'Dv_D1_scale': 0.42156062953303053, 'Dv_D2_scale': 2.9118651666961295, 'b_bulk_scale': 0.09520078615769509, 'b_dislocation_scale': 0.07351716891931356, 'gb_scale': 4.423865124270231, 'gd_bubble_scale': 5.823645283092664, 'gd_line_scale': 9.886821240822888, 'gd_line_alpha': 0.21368262831173088, 'coalescence_d_scale': 0.5606011894897388, 'capture_scale': 4.26724040560284}. Best is trial 481 with value: 1.7853831719183069.
[I 2026-05-02 19:35:12,498] Trial 485 finished with value: 1.7888085519248593 and parameters: {'f_n': 2.904436010773133e-06, 'K_d': 787443.8997878149, 'rho_d': 16926611613322.248, 'fission_rate': 5.860485587345755e+19, 'D2_xe_scale': 0.228205179816244, 'Dg_D1_scale': 0.1779721162452224, 'Dg_D3_scale': 1.080236699001296, 'Dv_D1_scale': 0.40464329035335206, 'Dv_D2_scale': 3.140196231255186, 'b_bulk_scale': 0.08973712946155711, 'b_dislocation_scale': 0.0761171077463018, 'gb_scale': 4.5809501204992, 'gd_bubble_scale': 6.1995990640835625, 'gd_line_scale': 8.945151749592586, 'gd_line_alpha': 0.22242579052711886, 'coalescence_d_scale': 0.6284060486060501, 'capture_scale': 4.411966356940426}. Best is trial 481 with value: 1.7853831719183069.
[I 2026-05-02 19:35:17,297] Trial 486 finished with value: 1.8071010175743871 and parameters: {'f_n': 2.872262449528091e-06, 'K_d': 776827.0905078681, 'rho_d': 17119673337460.732, 'fission_rate': 5.9066891293438935e+19, 'D2_xe_scale': 0.21634453279213497, 'Dg_D1_scale': 0.19575303709456798, 'Dg_D3_scale': 1.0981412093730671, 'Dv_D1_scale': 0.40424861922075944, 'Dv_D2_scale': 3.1902791657755682, 'b_bulk_scale': 0.09615432507436666, 'b_dislocation_scale': 0.07376311112507945, 'gb_scale': 4.692168743097174, 'gd_bubble_scale': 6.180690376057409, 'gd_line_scale': 9.053277322994656, 'gd_line_alpha': 0.22371962668289558, 'coalescence_d_scale': 0.644214665445671, 'capture_scale': 4.199057963729094}. Best is trial 481 with value: 1.7853831719183069.Best trial: 481. Best value: 1.78538:  32%|███▏      | 486/1500 [42:28<1:18:43,  4.66s/it]Best trial: 481. Best value: 1.78538:  32%|███▏      | 486/1500 [42:28<1:18:43,  4.66s/it]Best trial: 481. Best value: 1.78538:  32%|███▏      | 487/1500 [42:28<1:19:20,  4.70s/it]                                                                                          Best trial: 481. Best value: 1.78538:  32%|███▏      | 487/1500 [42:33<1:19:20,  4.70s/it]Best trial: 481. Best value: 1.78538:  32%|███▏      | 487/1500 [42:33<1:19:20,  4.70s/it]Best trial: 481. Best value: 1.78538:  33%|███▎      | 488/1500 [42:33<1:20:43,  4.79s/it]                                                                                          Best trial: 481. Best value: 1.78538:  33%|███▎      | 488/1500 [42:37<1:20:43,  4.79s/it]Best trial: 488. Best value: 1.77732:  33%|███▎      | 488/1500 [42:37<1:20:43,  4.79s/it]Best trial: 488. Best value: 1.77732:  33%|███▎      | 489/1500 [42:37<1:12:30,  4.30s/it]                                                                                          Best trial: 488. Best value: 1.77732:  33%|███▎      | 489/1500 [42:41<1:12:30,  4.30s/it]Best trial: 488. Best value: 1.77732:  33%|███▎      | 489/1500 [42:41<1:12:30,  4.30s/it]Best trial: 488. Best value: 1.77732:  33%|███▎      | 490/1500 [42:41<1:14:44,  4.44s/it]                                                                                          Best trial: 488. Best value: 1.77732:  33%|███▎      | 490/1500 [42:46<1:14:44,  4.44s/it]Best trial: 488. Best value: 1.77732:  33%|███▎      | 490/1500 [42:46<1:14:44,  4.44s/it]Best trial: 488. Best value: 1.77732:  33%|███▎      | 491/1500 [42:46<1:16:09,  4.53s/it]                                                                                          Best trial: 488. Best value: 1.77732:  33%|███▎      | 491/1500 [42:51<1:16:09,  4.53s/it]Best trial: 488. Best value: 1.77732:  33%|███▎      | 491/1500 [42:51<1:16:09,  4.53s/it]Best trial: 488. Best value: 1.77732:  33%|███▎      | 492/1500 [42:51<1:17:09,  4.59s/it]                                                                                          Best trial: 488. Best value: 1.77732:  33%|███▎      | 492/1500 [42:56<1:17:09,  4.59s/it]Best trial: 488. Best value: 1.77732:  33%|███▎      | 492/1500 [42:56<1:17:09,  4.59s/it]Best trial: 488. Best value: 1.77732:  33%|███▎      | 493/1500 [42:56<1:17:47,  4.63s/it]                                                                                          Best trial: 488. Best value: 1.77732:  33%|███▎      | 493/1500 [43:00<1:17:47,  4.63s/it]Best trial: 488. Best value: 1.77732:  33%|███▎      | 493/1500 [43:00<1:17:47,  4.63s/it]Best trial: 488. Best value: 1.77732:  33%|███▎      | 494/1500 [43:00<1:18:17,  4.67s/it]                                                                                          Best trial: 488. Best value: 1.77732:  33%|███▎      | 494/1500 [43:05<1:18:17,  4.67s/it]Best trial: 488. Best value: 1.77732:  33%|███▎      | 494/1500 [43:05<1:18:17,  4.67s/it]Best trial: 488. Best value: 1.77732:  33%|███▎      | 495/1500 [43:05<1:18:35,  4.69s/it]                                                                                          Best trial: 488. Best value: 1.77732:  33%|███▎      | 495/1500 [43:08<1:18:35,  4.69s/it]Best trial: 488. Best value: 1.77732:  33%|███▎      | 495/1500 [43:08<1:18:35,  4.69s/it]Best trial: 488. Best value: 1.77732:  33%|███▎      | 496/1500 [43:08<1:10:33,  4.22s/it]                                                                                          Best trial: 488. Best value: 1.77732:  33%|███▎      | 496/1500 [43:13<1:10:33,  4.22s/it]Best trial: 488. Best value: 1.77732:  33%|███▎      | 496/1500 [43:13<1:10:33,  4.22s/it]Best trial: 488. Best value: 1.77732:  33%|███▎      | 497/1500 [43:13<1:12:56,  4.36s/it]                                                                                          
[I 2026-05-02 19:35:22,285] Trial 487 finished with value: 1.8443361145057875 and parameters: {'f_n': 2.8884054859159336e-06, 'K_d': 756578.3094233429, 'rho_d': 17233770395014.63, 'fission_rate': 5.882953464671444e+19, 'D2_xe_scale': 0.2129253641830198, 'Dg_D1_scale': 0.16637507294727966, 'Dg_D3_scale': 1.1052880903245692, 'Dv_D1_scale': 0.4004104679817901, 'Dv_D2_scale': 3.0999046814276117, 'b_bulk_scale': 0.09791864303838774, 'b_dislocation_scale': 0.07428291109990462, 'gb_scale': 4.805555469025477, 'gd_bubble_scale': 6.290367117978554, 'gd_line_scale': 9.965866116817962, 'gd_line_alpha': 0.2242934303701643, 'coalescence_d_scale': 0.7178461107772341, 'capture_scale': 4.4394002970246165}. Best is trial 481 with value: 1.7853831719183069.
[I 2026-05-02 19:35:25,456] Trial 488 finished with value: 1.7773226013412071 and parameters: {'f_n': 2.945614843827618e-06, 'K_d': 789863.1572127033, 'rho_d': 15725839528704.654, 'fission_rate': 5.904761512146148e+19, 'D2_xe_scale': 0.21873554572915704, 'Dg_D1_scale': 0.1574724004888714, 'Dg_D3_scale': 1.095157228469188, 'Dv_D1_scale': 0.4028375835890854, 'Dv_D2_scale': 3.111956967788574, 'b_bulk_scale': 0.10057372740834686, 'b_dislocation_scale': 0.07444908405039902, 'gb_scale': 4.848421950354403, 'gd_bubble_scale': 6.326620095112733, 'gd_line_scale': 9.00323248915015, 'gd_line_alpha': 0.21813558752938986, 'coalescence_d_scale': 0.7367999947300444, 'capture_scale': 4.364160700272654}. Best is trial 488 with value: 1.7773226013412071.
[I 2026-05-02 19:35:30,222] Trial 489 finished with value: 1.7824913432550604 and parameters: {'f_n': 2.971382309677759e-06, 'K_d': 821288.097155612, 'rho_d': 16461954800323.041, 'fission_rate': 5.825150647459871e+19, 'D2_xe_scale': 0.27155826715119274, 'Dg_D1_scale': 0.17879827255259484, 'Dg_D3_scale': 1.1595162336955682, 'Dv_D1_scale': 0.40443474652954814, 'Dv_D2_scale': 3.2974605352313513, 'b_bulk_scale': 0.09597484682799332, 'b_dislocation_scale': 0.07485344697153261, 'gb_scale': 4.645498893163838, 'gd_bubble_scale': 6.288391513055628, 'gd_line_scale': 9.147276313350295, 'gd_line_alpha': 0.2045760907798397, 'coalescence_d_scale': 0.6594996520107328, 'capture_scale': 4.241404766885997}. Best is trial 488 with value: 1.7773226013412071.
[I 2026-05-02 19:35:34,958] Trial 490 finished with value: 1.7865277084375384 and parameters: {'f_n': 2.932330493898781e-06, 'K_d': 816688.145097162, 'rho_d': 16440373452101.514, 'fission_rate': 5.933819532649664e+19, 'D2_xe_scale': 0.27557528083893507, 'Dg_D1_scale': 0.1782604521109164, 'Dg_D3_scale': 1.058017045081368, 'Dv_D1_scale': 0.3990691752915829, 'Dv_D2_scale': 3.3212779749950965, 'b_bulk_scale': 0.09474671584379382, 'b_dislocation_scale': 0.0761035013261668, 'gb_scale': 4.744291705519196, 'gd_bubble_scale': 6.507559393829628, 'gd_line_scale': 8.94084571182325, 'gd_line_alpha': 0.22602409540733975, 'coalescence_d_scale': 0.8256500662089263, 'capture_scale': 4.612377593893809}. Best is trial 488 with value: 1.7773226013412071.
[I 2026-05-02 19:35:39,698] Trial 491 finished with value: 1.7859864880569085 and parameters: {'f_n': 2.993053788070702e-06, 'K_d': 818559.0115434484, 'rho_d': 17086423684158.154, 'fission_rate': 5.965254589199098e+19, 'D2_xe_scale': 0.289602520269837, 'Dg_D1_scale': 0.15043252847769392, 'Dg_D3_scale': 0.9492937410334202, 'Dv_D1_scale': 0.39889524499572776, 'Dv_D2_scale': 3.207327042335135, 'b_bulk_scale': 0.09843267510354681, 'b_dislocation_scale': 0.07693250348355622, 'gb_scale': 4.674440018228947, 'gd_bubble_scale': 6.411811787087574, 'gd_line_scale': 9.027017784857534, 'gd_line_alpha': 0.22565301923615486, 'coalescence_d_scale': 0.7809722250545968, 'capture_scale': 4.559468536643637}. Best is trial 488 with value: 1.7773226013412071.
[I 2026-05-02 19:35:44,430] Trial 492 finished with value: 1.7976112534606241 and parameters: {'f_n': 2.867481970799691e-06, 'K_d': 825292.3484582551, 'rho_d': 15862452792986.879, 'fission_rate': 5.932518005008907e+19, 'D2_xe_scale': 0.28222382978456906, 'Dg_D1_scale': 0.15233371486671135, 'Dg_D3_scale': 0.9307212022385261, 'Dv_D1_scale': 0.4014454099521418, 'Dv_D2_scale': 3.345841747260159, 'b_bulk_scale': 0.10124502241192197, 'b_dislocation_scale': 0.07778793647033497, 'gb_scale': 4.724810107768073, 'gd_bubble_scale': 6.514306058229365, 'gd_line_scale': 8.973926160836063, 'gd_line_alpha': 0.2266687665995726, 'coalescence_d_scale': 0.8151559336141415, 'capture_scale': 4.515340928617568}. Best is trial 488 with value: 1.7773226013412071.
[I 2026-05-02 19:35:49,182] Trial 493 finished with value: 1.7864581631215601 and parameters: {'f_n': 2.9907849927303914e-06, 'K_d': 828874.6585609656, 'rho_d': 15731068508141.809, 'fission_rate': 5.950483876860161e+19, 'D2_xe_scale': 0.3921621920830544, 'Dg_D1_scale': 0.15480038206090793, 'Dg_D3_scale': 0.9388044213750939, 'Dv_D1_scale': 0.4015086101481694, 'Dv_D2_scale': 3.2713605272279707, 'b_bulk_scale': 0.09873220010582552, 'b_dislocation_scale': 0.07821704601622531, 'gb_scale': 4.286500875133827, 'gd_bubble_scale': 6.35623242161462, 'gd_line_scale': 9.119324101106553, 'gd_line_alpha': 0.22736072018015485, 'coalescence_d_scale': 0.7661331354403949, 'capture_scale': 4.552263907863349}. Best is trial 488 with value: 1.7773226013412071.
[I 2026-05-02 19:35:53,928] Trial 494 finished with value: 1.8188229633609752 and parameters: {'f_n': 2.845783450282218e-06, 'K_d': 831897.2967483931, 'rho_d': 16130713399772.092, 'fission_rate': 5.899016349645218e+19, 'D2_xe_scale': 0.4325926006947936, 'Dg_D1_scale': 0.16035912991834342, 'Dg_D3_scale': 0.9363899694367391, 'Dv_D1_scale': 0.398199327197102, 'Dv_D2_scale': 3.288566398132627, 'b_bulk_scale': 0.09855970152400634, 'b_dislocation_scale': 0.07901057817557448, 'gb_scale': 4.77858978599572, 'gd_bubble_scale': 6.254534922668053, 'gd_line_scale': 9.088803679138316, 'gd_line_alpha': 0.22278317564405678, 'coalescence_d_scale': 0.9444141991456515, 'capture_scale': 4.474560343233355}. Best is trial 488 with value: 1.7773226013412071.
[I 2026-05-02 19:35:57,036] Trial 495 finished with value: 1.8060283190130857 and parameters: {'f_n': 2.9960883231013565e-06, 'K_d': 827352.0475804992, 'rho_d': 16740781385957.53, 'fission_rate': 5.970824863560348e+19, 'D2_xe_scale': 0.3653625605045883, 'Dg_D1_scale': 0.1605956011018563, 'Dg_D3_scale': 1.048925258249092, 'Dv_D1_scale': 0.39752687339776116, 'Dv_D2_scale': 3.320307160509228, 'b_bulk_scale': 0.1009267411743548, 'b_dislocation_scale': 0.08014434686023382, 'gb_scale': 4.743879173922436, 'gd_bubble_scale': 6.589114967894246, 'gd_line_scale': 9.027376584854466, 'gd_line_alpha': 0.22377343899185254, 'coalescence_d_scale': 0.9906304601429344, 'capture_scale': 4.379490371722043}. Best is trial 488 with value: 1.7773226013412071.
[I 2026-05-02 19:36:01,740] Trial 496 finished with value: 1.8274589198703168 and parameters: {'f_n': 2.8785213122692666e-06, 'K_d': 834947.4505851291, 'rho_d': 15916906122255.924, 'fission_rate': 5.956972297165281e+19, 'D2_xe_scale': 0.41153220047272926, 'Dg_D1_scale': 0.15072816881524062, 'Dg_D3_scale': 0.9673100947675353, 'Dv_D1_scale': 0.4074940103388419, 'Dv_D2_scale': 3.321601188944286, 'b_bulk_scale': 0.09986204450915787, 'b_dislocation_scale': 0.08025255478494929, 'gb_scale': 4.852053957895073, 'gd_bubble_scale': 6.45964356797568, 'gd_line_scale': 9.107695167530759, 'gd_line_alpha': 0.22879599342420218, 'coalescence_d_scale': 0.927176843971649, 'capture_scale': 4.585384498898433}. Best is trial 488 with value: 1.7773226013412071.
