[I 2026-05-02 20:09:50,964] Trial 955 finished with value: 1.860592770841881 and parameters: {'f_n': 7.507517790862097e-07, 'K_d': 769669.0320957646, 'rho_d': 11293517062902.682, 'fission_rate': 6.515605299906561e+19, 'D2_xe_scale': 0.016028410054153668, 'Dg_D1_scale': 0.15906309794250476, 'Dg_D3_scale': 2.9238280437347433, 'Dv_D1_scale': 0.2507041405134502, 'Dv_D2_scale': 3.3916981592755633, 'b_bulk_scale': 0.40306190982056017, 'b_dislocation_scale': 0.13200027561312122, 'gb_scale': 6.992972430634847, 'gd_bubble_scale': 6.571666902749118, 'gd_line_scale': 6.394865123011708, 'gd_line_alpha': 0.4918783995035709, 'coalescence_d_scale': 0.31055829969933013, 'capture_scale': 7.989866570983012}. Best is trial 925 with value: 1.7463781355085592.
[I 2026-05-02 20:09:55,396] Trial 956 finished with value: 1.7621453336471862 and parameters: {'f_n': 2.527878778287098e-07, 'K_d': 710205.1958492141, 'rho_d': 10477603609796.512, 'fission_rate': 6.724154520636908e+19, 'D2_xe_scale': 0.01229028920336228, 'Dg_D1_scale': 0.17941112821962663, 'Dg_D3_scale': 2.6651193670470006, 'Dv_D1_scale': 0.2703673949349592, 'Dv_D2_scale': 3.9938677928518516, 'b_bulk_scale': 0.2918317364827766, 'b_dislocation_scale': 0.15353723665197216, 'gb_scale': 5.645851985029827, 'gd_bubble_scale': 7.128415983272302, 'gd_line_scale': 8.323463390198354, 'gd_line_alpha': 0.5437345733020282, 'coalescence_d_scale': 0.35175335047479184, 'capture_scale': 6.111217998382358}. Best is trial 925 with value: 1.7463781355085592.
[I 2026-05-02 20:09:59,683] Trial 957 finished with value: 1.8566473648707356 and parameters: {'f_n': 2.1030711176288063e-07, 'K_d': 715673.4739588182, 'rho_d': 10032863387542.387, 'fission_rate': 6.952050737962815e+19, 'D2_xe_scale': 0.012839455934206084, 'Dg_D1_scale': 0.17909347529572972, 'Dg_D3_scale': 2.8618004136332296, 'Dv_D1_scale': 0.2360923992345357, 'Dv_D2_scale': 3.803921861459141, 'b_bulk_scale': 0.35746307113955084, 'b_dislocation_scale': 0.1658403007579755, 'gb_scale': 5.814895565546518, 'gd_bubble_scale': 5.812600994180583, 'gd_line_scale': 6.956163944201161, 'gd_line_alpha': 0.5482430896455124, 'coalescence_d_scale': 0.3561866888051463, 'capture_scale': 6.069538432989692}. Best is trial 925 with value: 1.7463781355085592.
[I 2026-05-02 20:10:04,078] Trial 958 finished with value: 1.7844515177135372 and parameters: {'f_n': 2.824939832076584e-07, 'K_d': 702937.9621899886, 'rho_d': 10275618507772.357, 'fission_rate': 6.767775365147047e+19, 'D2_xe_scale': 0.010039911841233208, 'Dg_D1_scale': 0.17907597529169833, 'Dg_D3_scale': 2.6344365335455917, 'Dv_D1_scale': 0.27057868624349046, 'Dv_D2_scale': 3.8035665186083714, 'b_bulk_scale': 0.3249202342298219, 'b_dislocation_scale': 0.12656169046260224, 'gb_scale': 5.622747478528674, 'gd_bubble_scale': 6.355977448850396, 'gd_line_scale': 7.645454962235344, 'gd_line_alpha': 0.5675667795560417, 'coalescence_d_scale': 0.2697404643552843, 'capture_scale': 7.14753061800266}. Best is trial 925 with value: 1.7463781355085592.
[I 2026-05-02 20:10:08,774] Trial 959 finished with value: 1.911374536682867 and parameters: {'f_n': 2.589767188465507e-07, 'K_d': 683113.3698618901, 'rho_d': 10642168194286.578, 'fission_rate': 6.225778933809043e+19, 'D2_xe_scale': 0.014292091260943662, 'Dg_D1_scale': 0.16958212917112375, 'Dg_D3_scale': 2.710520676646378, 'Dv_D1_scale': 0.2564359652733141, 'Dv_D2_scale': 3.7993464247477324, 'b_bulk_scale': 0.3014344891016593, 'b_dislocation_scale': 0.15625079327636596, 'gb_scale': 5.535729350502487, 'gd_bubble_scale': 5.908135626766069, 'gd_line_scale': 5.869639288264698, 'gd_line_alpha': 0.5878583571221766, 'coalescence_d_scale': 0.32888279851193075, 'capture_scale': 6.129667115148821}. Best is trial 925 with value: 1.7463781355085592.Best trial: 925. Best value: 1.74638:  64%|██████▍   | 959/1500 [1:17:20<39:19,  4.36s/it]Best trial: 925. Best value: 1.74638:  64%|██████▍   | 959/1500 [1:17:20<39:19,  4.36s/it]Best trial: 925. Best value: 1.74638:  64%|██████▍   | 960/1500 [1:17:20<40:09,  4.46s/it]                                                                                          Best trial: 925. Best value: 1.74638:  64%|██████▍   | 960/1500 [1:17:23<40:09,  4.46s/it]Best trial: 925. Best value: 1.74638:  64%|██████▍   | 960/1500 [1:17:23<40:09,  4.46s/it]Best trial: 925. Best value: 1.74638:  64%|██████▍   | 961/1500 [1:17:23<36:20,  4.05s/it]                                                                                          Best trial: 925. Best value: 1.74638:  64%|██████▍   | 961/1500 [1:17:28<36:20,  4.05s/it]Best trial: 925. Best value: 1.74638:  64%|██████▍   | 961/1500 [1:17:28<36:20,  4.05s/it]Best trial: 925. Best value: 1.74638:  64%|██████▍   | 962/1500 [1:17:28<37:42,  4.20s/it]                                                                                          Best trial: 925. Best value: 1.74638:  64%|██████▍   | 962/1500 [1:17:31<37:42,  4.20s/it]Best trial: 925. Best value: 1.74638:  64%|██████▍   | 962/1500 [1:17:31<37:42,  4.20s/it]Best trial: 925. Best value: 1.74638:  64%|██████▍   | 963/1500 [1:17:31<34:53,  3.90s/it]                                                                                          Best trial: 925. Best value: 1.74638:  64%|██████▍   | 963/1500 [1:17:35<34:53,  3.90s/it]Best trial: 925. Best value: 1.74638:  64%|██████▍   | 963/1500 [1:17:36<34:53,  3.90s/it]Best trial: 925. Best value: 1.74638:  64%|██████▍   | 964/1500 [1:17:36<37:10,  4.16s/it]                                                                                          Best trial: 925. Best value: 1.74638:  64%|██████▍   | 964/1500 [1:17:40<37:10,  4.16s/it]Best trial: 925. Best value: 1.74638:  64%|██████▍   | 964/1500 [1:17:40<37:10,  4.16s/it]Best trial: 925. Best value: 1.74638:  64%|██████▍   | 965/1500 [1:17:40<37:34,  4.21s/it]                                                                                          Best trial: 925. Best value: 1.74638:  64%|██████▍   | 965/1500 [1:17:45<37:34,  4.21s/it]Best trial: 925. Best value: 1.74638:  64%|██████▍   | 965/1500 [1:17:45<37:34,  4.21s/it]Best trial: 925. Best value: 1.74638:  64%|██████▍   | 966/1500 [1:17:45<38:51,  4.37s/it]                                                                                          Best trial: 925. Best value: 1.74638:  64%|██████▍   | 966/1500 [1:17:49<38:51,  4.37s/it]Best trial: 925. Best value: 1.74638:  64%|██████▍   | 966/1500 [1:17:49<38:51,  4.37s/it]Best trial: 925. Best value: 1.74638:  64%|██████▍   | 967/1500 [1:17:49<39:24,  4.44s/it]                                                                                          Best trial: 925. Best value: 1.74638:  64%|██████▍   | 967/1500 [1:17:52<39:24,  4.44s/it]Best trial: 925. Best value: 1.74638:  64%|██████▍   | 967/1500 [1:17:52<39:24,  4.44s/it]Best trial: 925. Best value: 1.74638:  65%|██████▍   | 968/1500 [1:17:52<34:43,  3.92s/it]                                                                                          Best trial: 925. Best value: 1.74638:  65%|██████▍   | 968/1500 [1:17:56<34:43,  3.92s/it]Best trial: 925. Best value: 1.74638:  65%|██████▍   | 968/1500 [1:17:57<34:43,  3.92s/it]Best trial: 925. Best value: 1.74638:  65%|██████▍   | 969/1500 [1:17:57<36:26,  4.12s/it]                                                                                          Best trial: 925. Best value: 1.74638:  65%|██████▍   | 969/1500 [1:18:01<36:26,  4.12s/it]Best trial: 925. Best value: 1.74638:  65%|██████▍   | 969/1500 [1:18:01<36:26,  4.12s/it]Best trial: 925. Best value: 1.74638:  65%|██████▍   | 970/1500 [1:18:01<37:15,  4.22s/it]                                                                                          
[I 2026-05-02 20:10:11,846] Trial 960 finished with value: 4.8701901892677295 and parameters: {'f_n': 1.455106646477165e-07, 'K_d': 741578.9778779331, 'rho_d': 54044074079889.68, 'fission_rate': 6.31480968906399e+19, 'D2_xe_scale': 0.011981180928176429, 'Dg_D1_scale': 0.17975743188015447, 'Dg_D3_scale': 2.545575574646741, 'Dv_D1_scale': 0.2685843103754534, 'Dv_D2_scale': 3.988795863164468, 'b_bulk_scale': 1.4885999198679813, 'b_dislocation_scale': 0.13946714918008396, 'gb_scale': 6.100482202851601, 'gd_bubble_scale': 7.162573184227221, 'gd_line_scale': 6.778389305146033, 'gd_line_alpha': 0.5375761169164675, 'coalescence_d_scale': 0.36267311083579584, 'capture_scale': 6.8312964978392765}. Best is trial 925 with value: 1.7463781355085592.
[I 2026-05-02 20:10:16,422] Trial 961 finished with value: 3.4059643604875247 and parameters: {'f_n': 3.554862180472636e-07, 'K_d': 690012.2977695868, 'rho_d': 38251268124391.56, 'fission_rate': 6.416463049269273e+19, 'D2_xe_scale': 0.010043849953681815, 'Dg_D1_scale': 0.17061766441262052, 'Dg_D3_scale': 2.7587611975176163, 'Dv_D1_scale': 0.252100136324659, 'Dv_D2_scale': 3.781107771898032, 'b_bulk_scale': 0.39424039684550743, 'b_dislocation_scale': 0.18740634797474245, 'gb_scale': 6.2979370065496525, 'gd_bubble_scale': 6.631262189134912, 'gd_line_scale': 8.09910385679495, 'gd_line_alpha': 0.5111953314658562, 'coalescence_d_scale': 0.30521208244484443, 'capture_scale': 6.01221329544332}. Best is trial 925 with value: 1.7463781355085592.
[I 2026-05-02 20:10:19,596] Trial 962 finished with value: 3.63948227878062 and parameters: {'f_n': 5.601876144286372e-07, 'K_d': 737449.0855549199, 'rho_d': 10032142541597.047, 'fission_rate': 6.496887883754938e+19, 'D2_xe_scale': 0.01585568688933644, 'Dg_D1_scale': 0.18199618739843926, 'Dg_D3_scale': 2.9942906761648582, 'Dv_D1_scale': 0.27645537406237264, 'Dv_D2_scale': 3.560191305597663, 'b_bulk_scale': 0.3498453674681053, 'b_dislocation_scale': 0.6924094718539272, 'gb_scale': 5.463312523864002, 'gd_bubble_scale': 7.277909308146283, 'gd_line_scale': 7.249318997940404, 'gd_line_alpha': 0.4865159710056016, 'coalescence_d_scale': 0.3327813534895309, 'capture_scale': 7.988309752692688}. Best is trial 925 with value: 1.7463781355085592.
[I 2026-05-02 20:10:24,369] Trial 963 finished with value: 1.8018160185377974 and parameters: {'f_n': 1.674044086473538e-07, 'K_d': 777867.4249886306, 'rho_d': 10650425801227.318, 'fission_rate': 6.310495614281694e+19, 'D2_xe_scale': 0.012169702137440092, 'Dg_D1_scale': 0.16391135434494833, 'Dg_D3_scale': 2.4233581818499377, 'Dv_D1_scale': 0.27320648730759034, 'Dv_D2_scale': 3.9834482656030548, 'b_bulk_scale': 0.4924841429601154, 'b_dislocation_scale': 0.12345243630232398, 'gb_scale': 7.998865979899421, 'gd_bubble_scale': 6.2265379853729055, 'gd_line_scale': 6.275932258484934, 'gd_line_alpha': 0.5128816591696921, 'coalescence_d_scale': 0.35553358264349055, 'capture_scale': 7.221080340729612}. Best is trial 925 with value: 1.7463781355085592.
[I 2026-05-02 20:10:28,718] Trial 964 finished with value: 1.9457568444181246 and parameters: {'f_n': 2.603397801127943e-07, 'K_d': 704147.4961530234, 'rho_d': 12116409112651.182, 'fission_rate': 6.7462731740241175e+19, 'D2_xe_scale': 0.0173618108920747, 'Dg_D1_scale': 0.17860142741223176, 'Dg_D3_scale': 2.5897770686033543, 'Dv_D1_scale': 0.2290499572740133, 'Dv_D2_scale': 3.9977979447645695, 'b_bulk_scale': 0.28969584489059147, 'b_dislocation_scale': 0.21753751452135894, 'gb_scale': 6.567942408126579, 'gd_bubble_scale': 7.316104857102418, 'gd_line_scale': 8.25973436520219, 'gd_line_alpha': 0.5294756914333224, 'coalescence_d_scale': 0.292925934407119, 'capture_scale': 6.0573716310554655}. Best is trial 925 with value: 1.7463781355085592.
[I 2026-05-02 20:10:33,439] Trial 965 finished with value: 1.8203912733414882 and parameters: {'f_n': 4.0082494178765545e-07, 'K_d': 773570.1296234976, 'rho_d': 10744888016279.336, 'fission_rate': 6.212555654909104e+19, 'D2_xe_scale': 0.01393696243264349, 'Dg_D1_scale': 0.16689973535576785, 'Dg_D3_scale': 2.334828370668972, 'Dv_D1_scale': 0.23936507382793587, 'Dv_D2_scale': 3.601704562085821, 'b_bulk_scale': 0.3214435301841955, 'b_dislocation_scale': 0.15613956534644882, 'gb_scale': 5.521502280689909, 'gd_bubble_scale': 5.789076217917781, 'gd_line_scale': 7.763154390179827, 'gd_line_alpha': 0.4579116617102243, 'coalescence_d_scale': 0.36238862323417664, 'capture_scale': 6.862999675622592}. Best is trial 925 with value: 1.7463781355085592.
[I 2026-05-02 20:10:38,036] Trial 966 finished with value: 1.7647137634175563 and parameters: {'f_n': 7.468201518942593e-07, 'K_d': 778163.7011265568, 'rho_d': 11271791151461.01, 'fission_rate': 6.404493467685262e+19, 'D2_xe_scale': 0.012355938619313202, 'Dg_D1_scale': 0.15017015630522115, 'Dg_D3_scale': 2.4775566778789027, 'Dv_D1_scale': 0.2567992137040025, 'Dv_D2_scale': 3.9907141088260816, 'b_bulk_scale': 0.44399931725619707, 'b_dislocation_scale': 0.1398495787669644, 'gb_scale': 6.182834638499983, 'gd_bubble_scale': 6.650226027912324, 'gd_line_scale': 9.029548323085914, 'gd_line_alpha': 0.5579098688133248, 'coalescence_d_scale': 0.25836343404663936, 'capture_scale': 6.3261283915698785}. Best is trial 925 with value: 1.7463781355085592.
[I 2026-05-02 20:10:40,741] Trial 967 finished with value: 1.802279451604762 and parameters: {'f_n': 4.853948656687063e-07, 'K_d': 728538.7522672379, 'rho_d': 12537064544886.018, 'fission_rate': 6.901362871351909e+19, 'D2_xe_scale': 0.010040102158688996, 'Dg_D1_scale': 0.1676146073148505, 'Dg_D3_scale': 2.792214292330986, 'Dv_D1_scale': 0.28055247373926945, 'Dv_D2_scale': 3.7910904468433997, 'b_bulk_scale': 0.3817562585244126, 'b_dislocation_scale': 0.1256308871395955, 'gb_scale': 6.891265166231603, 'gd_bubble_scale': 7.4531424410134335, 'gd_line_scale': 6.879510600015955, 'gd_line_alpha': 0.4947317432777925, 'coalescence_d_scale': 0.37721276771673024, 'capture_scale': 0.6658338501303843}. Best is trial 925 with value: 1.7463781355085592.
[I 2026-05-02 20:10:45,328] Trial 968 finished with value: 2.0790929048714206 and parameters: {'f_n': 6.167902124152425e-07, 'K_d': 734414.6050211131, 'rho_d': 11830598038485.064, 'fission_rate': 6.5542990514505064e+19, 'D2_xe_scale': 0.015893958885224314, 'Dg_D1_scale': 0.1815762083582089, 'Dg_D3_scale': 2.5905193334566636, 'Dv_D1_scale': 0.2740492590779948, 'Dv_D2_scale': 3.4429098563615206, 'b_bulk_scale': 0.28177850496503165, 'b_dislocation_scale': 0.17103028426246877, 'gb_scale': 5.437485980349792, 'gd_bubble_scale': 7.295697009101655, 'gd_line_scale': 6.114367577213144, 'gd_line_alpha': 0.4568111706511706, 'coalescence_d_scale': 0.33825072227574016, 'capture_scale': 7.185316588551012}. Best is trial 925 with value: 1.7463781355085592.
[I 2026-05-02 20:10:49,778] Trial 969 finished with value: 1.8499751877714319 and parameters: {'f_n': 3.413393797456459e-07, 'K_d': 778552.9773486858, 'rho_d': 10009074274508.12, 'fission_rate': 6.625778865251558e+19, 'D2_xe_scale': 0.01437111232416784, 'Dg_D1_scale': 0.15889409382436784, 'Dg_D3_scale': 2.3667800465632114, 'Dv_D1_scale': 0.25095197633929994, 'Dv_D2_scale': 3.6304744115506966, 'b_bulk_scale': 0.34767700078703184, 'b_dislocation_scale': 0.14993235393263404, 'gb_scale': 7.30318008711258, 'gd_bubble_scale': 6.552585250405157, 'gd_line_scale': 8.393711533601492, 'gd_line_alpha': 0.47345164984753385, 'coalescence_d_scale': 0.32217062017051756, 'capture_scale': 5.849567042252585}. Best is trial 925 with value: 1.7463781355085592.
[I 2026-05-02 20:10:54,331] Trial 970 finished with value: 2.0379150644036814 and parameters: {'f_n': 7.586842327499349e-07, 'K_d': 696300.519812616, 'rho_d': 11239782981462.191, 'fission_rate': 6.364967333451905e+19, 'D2_xe_scale': 0.012160466330931418, 'Dg_D1_scale': 0.1682777018874276, 'Dg_D3_scale': 3.0035298581631404, 'Dv_D1_scale': 0.2767278266858728, 'Dv_D2_scale': 3.9902011173329024, 'b_bulk_scale': 0.3011872030487533, 'b_dislocation_scale': 0.1258413437748508, 'gb_scale': 6.220519957464937, 'gd_bubble_scale': 0.3945651412892176, 'gd_line_scale': 7.775435221931752, 'gd_line_alpha': 0.5189726983266193, 'coalescence_d_scale': 0.3742336793477539, 'capture_scale': 7.954021323613154}. Best is trial 925 with value: 1.7463781355085592.Best trial: 925. Best value: 1.74638:  65%|██████▍   | 970/1500 [1:18:05<37:15,  4.22s/it]Best trial: 925. Best value: 1.74638:  65%|██████▍   | 970/1500 [1:18:06<37:15,  4.22s/it]Best trial: 925. Best value: 1.74638:  65%|██████▍   | 971/1500 [1:18:06<38:04,  4.32s/it]                                                                                          Best trial: 925. Best value: 1.74638:  65%|██████▍   | 971/1500 [1:18:10<38:04,  4.32s/it]Best trial: 925. Best value: 1.74638:  65%|██████▍   | 971/1500 [1:18:10<38:04,  4.32s/it]Best trial: 925. Best value: 1.74638:  65%|██████▍   | 972/1500 [1:18:10<38:36,  4.39s/it]                                                                                          Best trial: 925. Best value: 1.74638:  65%|██████▍   | 972/1500 [1:18:15<38:36,  4.39s/it]Best trial: 925. Best value: 1.74638:  65%|██████▍   | 972/1500 [1:18:15<38:36,  4.39s/it]Best trial: 925. Best value: 1.74638:  65%|██████▍   | 973/1500 [1:18:15<39:19,  4.48s/it]                                                                                          Best trial: 925. Best value: 1.74638:  65%|██████▍   | 973/1500 [1:18:19<39:19,  4.48s/it]Best trial: 925. Best value: 1.74638:  65%|██████▍   | 973/1500 [1:18:19<39:19,  4.48s/it]Best trial: 925. Best value: 1.74638:  65%|██████▍   | 974/1500 [1:18:19<39:31,  4.51s/it]                                                                                          Best trial: 925. Best value: 1.74638:  65%|██████▍   | 974/1500 [1:18:22<39:31,  4.51s/it]Best trial: 925. Best value: 1.74638:  65%|██████▍   | 974/1500 [1:18:22<39:31,  4.51s/it]Best trial: 925. Best value: 1.74638:  65%|██████▌   | 975/1500 [1:18:22<35:21,  4.04s/it]                                                                                          Best trial: 925. Best value: 1.74638:  65%|██████▌   | 975/1500 [1:18:27<35:21,  4.04s/it]Best trial: 925. Best value: 1.74638:  65%|██████▌   | 975/1500 [1:18:27<35:21,  4.04s/it]Best trial: 925. Best value: 1.74638:  65%|██████▌   | 976/1500 [1:18:27<36:55,  4.23s/it]                                                                                          Best trial: 925. Best value: 1.74638:  65%|██████▌   | 976/1500 [1:18:31<36:55,  4.23s/it]Best trial: 925. Best value: 1.74638:  65%|██████▌   | 976/1500 [1:18:32<36:55,  4.23s/it]Best trial: 925. Best value: 1.74638:  65%|██████▌   | 977/1500 [1:18:32<37:49,  4.34s/it]                                                                                          Best trial: 925. Best value: 1.74638:  65%|██████▌   | 977/1500 [1:18:36<37:49,  4.34s/it]Best trial: 925. Best value: 1.74638:  65%|██████▌   | 977/1500 [1:18:36<37:49,  4.34s/it]Best trial: 925. Best value: 1.74638:  65%|██████▌   | 978/1500 [1:18:36<38:00,  4.37s/it]                                                                                          Best trial: 925. Best value: 1.74638:  65%|██████▌   | 978/1500 [1:18:40<38:00,  4.37s/it]Best trial: 925. Best value: 1.74638:  65%|██████▌   | 978/1500 [1:18:40<38:00,  4.37s/it]Best trial: 925. Best value: 1.74638:  65%|██████▌   | 979/1500 [1:18:40<38:01,  4.38s/it]                                                                                          Best trial: 925. Best value: 1.74638:  65%|██████▌   | 979/1500 [1:18:45<38:01,  4.38s/it]Best trial: 925. Best value: 1.74638:  65%|██████▌   | 979/1500 [1:18:45<38:01,  4.38s/it]Best trial: 925. Best value: 1.74638:  65%|██████▌   | 980/1500 [1:18:45<38:18,  4.42s/it]                                                                                          Best trial: 925. Best value: 1.74638:  65%|██████▌   | 980/1500 [1:18:49<38:18,  4.42s/it]Best trial: 925. Best value: 1.74638:  65%|██████▌   | 980/1500 [1:18:50<38:18,  4.42s/it]Best trial: 925. Best value: 1.74638:  65%|██████▌   | 981/1500 [1:18:50<38:56,  4.50s/it]                                                                                          
[I 2026-05-02 20:10:58,879] Trial 971 finished with value: 1.809317143510485 and parameters: {'f_n': 5.03974126201632e-07, 'K_d': 781280.1332900187, 'rho_d': 12429294406548.533, 'fission_rate': 6.46394943786834e+19, 'D2_xe_scale': 0.018761122549839408, 'Dg_D1_scale': 0.18361569843650086, 'Dg_D3_scale': 2.4196909054633067, 'Dv_D1_scale': 0.26333264086351565, 'Dv_D2_scale': 3.7770488449424184, 'b_bulk_scale': 0.27884268113432686, 'b_dislocation_scale': 0.13881304096579683, 'gb_scale': 5.506049081727418, 'gd_bubble_scale': 7.498055803586014, 'gd_line_scale': 8.926057514120867, 'gd_line_alpha': 0.5531653623987386, 'coalescence_d_scale': 0.2773278765567451, 'capture_scale': 5.867397783428706}. Best is trial 925 with value: 1.7463781355085592.
[I 2026-05-02 20:11:03,567] Trial 972 finished with value: 1.8158843553102073 and parameters: {'f_n': 2.230926294303573e-07, 'K_d': 690561.0464322076, 'rho_d': 11751268365660.557, 'fission_rate': 6.28493547879074e+19, 'D2_xe_scale': 0.017050127423959355, 'Dg_D1_scale': 0.15929978156014776, 'Dg_D3_scale': 2.649398880890234, 'Dv_D1_scale': 0.2807903677157372, 'Dv_D2_scale': 3.4353612871579564, 'b_bulk_scale': 0.3364836905801998, 'b_dislocation_scale': 0.1781748371224887, 'gb_scale': 6.451650551606879, 'gd_bubble_scale': 5.764195713917813, 'gd_line_scale': 7.138856485259525, 'gd_line_alpha': 0.4899472534856946, 'coalescence_d_scale': 0.3187596244381764, 'capture_scale': 6.978330505284632}. Best is trial 925 with value: 1.7463781355085592.
