[I 2026-05-02 19:20:44,638] Trial 313 finished with value: 1.9791129207190319 and parameters: {'f_n': 1.819902335475038e-06, 'K_d': 882114.9662719001, 'rho_d': 10678967538219.395, 'fission_rate': 4.53012333455539e+19, 'D2_xe_scale': 10.864333105872378, 'Dg_D1_scale': 0.4749106922863898, 'Dg_D3_scale': 2.998660430826403, 'Dv_D1_scale': 0.4455494905284881, 'Dv_D2_scale': 1.9608298808846756, 'b_bulk_scale': 0.07674598924811649, 'b_dislocation_scale': 0.06415540497865148, 'gb_scale': 2.299832778302578, 'gd_bubble_scale': 9.290065466850079, 'gd_line_scale': 4.1124945455530915, 'gd_line_alpha': 0.20309885768990915, 'coalescence_d_scale': 0.24199775456973832, 'capture_scale': 4.865005345626938}. Best is trial 116 with value: 1.868175213579544.
[I 2026-05-02 19:20:50,470] Trial 314 finished with value: 2.0012924831908236 and parameters: {'f_n': 1.4216106823485332e-06, 'K_d': 915196.2158183773, 'rho_d': 9991143001754.219, 'fission_rate': 4.654085704134777e+19, 'D2_xe_scale': 12.211135732219262, 'Dg_D1_scale': 0.44745042230256177, 'Dg_D3_scale': 1.0129480405243412, 'Dv_D1_scale': 0.41139255778464895, 'Dv_D2_scale': 1.7681681066602295, 'b_bulk_scale': 0.060012329624179836, 'b_dislocation_scale': 0.0542376322679248, 'gb_scale': 2.6740504912242304, 'gd_bubble_scale': 8.914163556414712, 'gd_line_scale': 3.485973200152027, 'gd_line_alpha': 0.24635725780621265, 'coalescence_d_scale': 0.20332361658837167, 'capture_scale': 4.766125804695665}. Best is trial 116 with value: 1.868175213579544.
[I 2026-05-02 19:20:56,683] Trial 315 finished with value: 8.78610418054163 and parameters: {'f_n': 2.092956532500061e-06, 'K_d': 818597.5121629648, 'rho_d': 8231695909504.051, 'fission_rate': 4.4525457537396244e+19, 'D2_xe_scale': 15.396471906544456, 'Dg_D1_scale': 0.49131496791306223, 'Dg_D3_scale': 3.1032005415052857, 'Dv_D1_scale': 0.3886389639205, 'Dv_D2_scale': 1.6620456145146487, 'b_bulk_scale': 0.06754772578352926, 'b_dislocation_scale': 0.060133119305597296, 'gb_scale': 2.2214850244253594, 'gd_bubble_scale': 7.668132486454829, 'gd_line_scale': 4.147814240606805, 'gd_line_alpha': 0.22011486838661495, 'coalescence_d_scale': 18.883440688837418, 'capture_scale': 7.970439277044368}. Best is trial 116 with value: 1.868175213579544.
[I 2026-05-02 19:21:02,660] Trial 316 finished with value: 2.141010317733629 and parameters: {'f_n': 1.171389213208164e-06, 'K_d': 865967.8572057084, 'rho_d': 9508098931340.701, 'fission_rate': 4.5501562384650125e+19, 'D2_xe_scale': 10.730022349919244, 'Dg_D1_scale': 0.6034956818086722, 'Dg_D3_scale': 3.287806698416551, 'Dv_D1_scale': 0.41730249903714933, 'Dv_D2_scale': 2.0858418839747914, 'b_bulk_scale': 0.08756100249569948, 'b_dislocation_scale': 0.06903611347157276, 'gb_scale': 2.79834486863229, 'gd_bubble_scale': 9.180349644968459, 'gd_line_scale': 1.4097944921792056, 'gd_line_alpha': 0.2968528189147155, 'coalescence_d_scale': 0.2572770303080301, 'capture_scale': 5.447137805349589}. Best is trial 116 with value: 1.868175213579544.
[I 2026-05-02 19:21:07,162] Trial 317 finished with value: 1.8927901222157943 and parameters: {'f_n': 1.6876578179870125e-06, 'K_d': 793821.0151919607, 'rho_d': 10832073438434.768, 'fission_rate': 4.451075678616705e+19, 'D2_xe_scale': 16.932612709814144, 'Dg_D1_scale': 0.3983965743884549, 'Dg_D3_scale': 2.716635240888132, 'Dv_D1_scale': 0.3726792308925098, 'Dv_D2_scale': 1.8401435524026946, 'b_bulk_scale': 0.07447914622308463, 'b_dislocation_scale': 0.07227064565774483, 'gb_scale': 1.958198655353654, 'gd_bubble_scale': 8.344424167972928, 'gd_line_scale': 3.6720713896867867, 'gd_line_alpha': 0.2686515910348727, 'coalescence_d_scale': 0.22649483351711702, 'capture_scale': 6.9712832470295965}. Best is trial 116 with value: 1.868175213579544.
[I 2026-05-02 19:21:13,209] Trial 318 finished with value: 1.8654858627210489 and parameters: {'f_n': 1.7464374668127466e-06, 'K_d': 679446.0884552253, 'rho_d': 11021136452381.434, 'fission_rate': 4.4564240974629675e+19, 'D2_xe_scale': 17.756579189047272, 'Dg_D1_scale': 0.3961413465521738, 'Dg_D3_scale': 2.917941580792258, 'Dv_D1_scale': 0.3926046794877215, 'Dv_D2_scale': 1.7935099230429787, 'b_bulk_scale': 0.07726004936776791, 'b_dislocation_scale': 0.06989327686338447, 'gb_scale': 2.0244541724098744, 'gd_bubble_scale': 7.555246991751746, 'gd_line_scale': 3.6459183293437794, 'gd_line_alpha': 0.17694523625283, 'coalescence_d_scale': 0.2321142873886361, 'capture_scale': 4.02770683044173}. Best is trial 318 with value: 1.8654858627210489.
[I 2026-05-02 19:21:19,283] Trial 319 finished with value: 2.0016062293600134 and parameters: {'f_n': 1.7788497064857811e-06, 'K_d': 646151.3403636119, 'rho_d': 10792410948046.775, 'fission_rate': 4.4889941450740695e+19, 'D2_xe_scale': 15.91805386070549, 'Dg_D1_scale': 0.3563533347319383, 'Dg_D3_scale': 2.8821580941921594, 'Dv_D1_scale': 0.3900935593653257, 'Dv_D2_scale': 1.861191178223516, 'b_bulk_scale': 0.07564950899503496, 'b_dislocation_scale': 0.07421162649415562, 'gb_scale': 2.393318826626386, 'gd_bubble_scale': 7.32259825073186, 'gd_line_scale': 3.5463336712684814, 'gd_line_alpha': 0.16091201411617265, 'coalescence_d_scale': 0.22661052468270257, 'capture_scale': 4.432912632628021}. Best is trial 318 with value: 1.8654858627210489.
[I 2026-05-02 19:21:23,375] Trial 320 finished with value: 2.1140817811793706 and parameters: {'f_n': 1.5515393078736783e-06, 'K_d': 673080.6361006941, 'rho_d': 11172952159139.29, 'fission_rate': 6.975789648199568e+19, 'D2_xe_scale': 13.513111575040504, 'Dg_D1_scale': 0.40030892292819004, 'Dg_D3_scale': 2.784610716927216, 'Dv_D1_scale': 0.3753392220126676, 'Dv_D2_scale': 1.7558126698740537, 'b_bulk_scale': 0.08325628806003577, 'b_dislocation_scale': 0.07704671450854826, 'gb_scale': 2.213048327686968, 'gd_bubble_scale': 7.526698909541082, 'gd_line_scale': 3.871181766812193, 'gd_line_alpha': 0.1850155630878488, 'coalescence_d_scale': 1.3240649533086872, 'capture_scale': 3.534834693408738}. Best is trial 318 with value: 1.8654858627210489.
[I 2026-05-02 19:21:29,284] Trial 321 finished with value: 1.8619235547351474 and parameters: {'f_n': 2.3185386915547356e-06, 'K_d': 605630.7499398639, 'rho_d': 11355209204430.979, 'fission_rate': 4.604240483706761e+19, 'D2_xe_scale': 18.1573448034886, 'Dg_D1_scale': 0.38007144713152696, 'Dg_D3_scale': 3.003934146157215, 'Dv_D1_scale': 0.4285558837927029, 'Dv_D2_scale': 1.8424380706236532, 'b_bulk_scale': 0.06242853893828527, 'b_dislocation_scale': 0.07655673719520321, 'gb_scale': 2.028099058449824, 'gd_bubble_scale': 7.9274807737921815, 'gd_line_scale': 4.645477978698782, 'gd_line_alpha': 0.20070837473687292, 'coalescence_d_scale': 0.39014801854531855, 'capture_scale': 3.927680543677013}. Best is trial 321 with value: 1.8619235547351474.Best trial: 318. Best value: 1.86549:  21%|██▏       | 321/1500 [28:40<1:43:09,  5.25s/it]Best trial: 321. Best value: 1.86192:  21%|██▏       | 321/1500 [28:40<1:43:09,  5.25s/it]Best trial: 321. Best value: 1.86192:  21%|██▏       | 322/1500 [28:40<1:46:59,  5.45s/it]                                                                                          Best trial: 321. Best value: 1.86192:  21%|██▏       | 322/1500 [28:46<1:46:59,  5.45s/it]Best trial: 322. Best value: 1.85924:  21%|██▏       | 322/1500 [28:46<1:46:59,  5.45s/it]Best trial: 322. Best value: 1.85924:  22%|██▏       | 323/1500 [28:46<1:49:31,  5.58s/it]                                                                                          Best trial: 322. Best value: 1.85924:  22%|██▏       | 323/1500 [28:50<1:49:31,  5.58s/it]Best trial: 323. Best value: 1.85487:  22%|██▏       | 323/1500 [28:51<1:49:31,  5.58s/it]Best trial: 323. Best value: 1.85487:  22%|██▏       | 324/1500 [28:51<1:41:12,  5.16s/it]                                                                                          Best trial: 323. Best value: 1.85487:  22%|██▏       | 324/1500 [28:56<1:41:12,  5.16s/it]Best trial: 323. Best value: 1.85487:  22%|██▏       | 324/1500 [28:56<1:41:12,  5.16s/it]Best trial: 323. Best value: 1.85487:  22%|██▏       | 325/1500 [28:56<1:43:55,  5.31s/it]                                                                                          Best trial: 323. Best value: 1.85487:  22%|██▏       | 325/1500 [29:02<1:43:55,  5.31s/it]Best trial: 323. Best value: 1.85487:  22%|██▏       | 325/1500 [29:02<1:43:55,  5.31s/it]Best trial: 323. Best value: 1.85487:  22%|██▏       | 326/1500 [29:02<1:46:17,  5.43s/it]                                                                                          Best trial: 323. Best value: 1.85487:  22%|██▏       | 326/1500 [29:08<1:46:17,  5.43s/it]Best trial: 323. Best value: 1.85487:  22%|██▏       | 326/1500 [29:08<1:46:17,  5.43s/it]Best trial: 323. Best value: 1.85487:  22%|██▏       | 327/1500 [29:08<1:48:11,  5.53s/it]                                                                                          Best trial: 323. Best value: 1.85487:  22%|██▏       | 327/1500 [29:13<1:48:11,  5.53s/it]Best trial: 323. Best value: 1.85487:  22%|██▏       | 327/1500 [29:13<1:48:11,  5.53s/it]Best trial: 323. Best value: 1.85487:  22%|██▏       | 328/1500 [29:13<1:49:34,  5.61s/it]                                                                                          Best trial: 323. Best value: 1.85487:  22%|██▏       | 328/1500 [29:19<1:49:34,  5.61s/it]Best trial: 328. Best value: 1.85289:  22%|██▏       | 328/1500 [29:19<1:49:34,  5.61s/it]Best trial: 328. Best value: 1.85289:  22%|██▏       | 329/1500 [29:19<1:49:48,  5.63s/it]                                                                                          Best trial: 328. Best value: 1.85289:  22%|██▏       | 329/1500 [29:23<1:49:48,  5.63s/it]Best trial: 328. Best value: 1.85289:  22%|██▏       | 329/1500 [29:23<1:49:48,  5.63s/it]Best trial: 328. Best value: 1.85289:  22%|██▏       | 330/1500 [29:23<1:39:52,  5.12s/it]                                                                                          Best trial: 328. Best value: 1.85289:  22%|██▏       | 330/1500 [29:28<1:39:52,  5.12s/it]Best trial: 328. Best value: 1.85289:  22%|██▏       | 330/1500 [29:29<1:39:52,  5.12s/it]Best trial: 328. Best value: 1.85289:  22%|██▏       | 331/1500 [29:29<1:41:46,  5.22s/it]                                                                                          Best trial: 328. Best value: 1.85289:  22%|██▏       | 331/1500 [29:34<1:41:46,  5.22s/it]Best trial: 328. Best value: 1.85289:  22%|██▏       | 331/1500 [29:34<1:41:46,  5.22s/it]Best trial: 328. Best value: 1.85289:  22%|██▏       | 332/1500 [29:34<1:43:10,  5.30s/it]                                                                                          
[I 2026-05-02 19:21:35,177] Trial 322 finished with value: 1.8592419275844294 and parameters: {'f_n': 1.3769865194704362e-06, 'K_d': 605113.2285897, 'rho_d': 11492677263125.354, 'fission_rate': 4.6560900924962955e+19, 'D2_xe_scale': 18.783006262341953, 'Dg_D1_scale': 0.4008900720358632, 'Dg_D3_scale': 2.7142615526443135, 'Dv_D1_scale': 0.4222558060238898, 'Dv_D2_scale': 1.7457131233247507, 'b_bulk_scale': 0.06359342398201616, 'b_dislocation_scale': 0.080129787440998, 'gb_scale': 2.1095322410525226, 'gd_bubble_scale': 6.8450649138659045, 'gd_line_scale': 4.904783422050653, 'gd_line_alpha': 0.18279730900424868, 'coalescence_d_scale': 0.3932513213787687, 'capture_scale': 3.7829681726268927}. Best is trial 322 with value: 1.8592419275844294.
[I 2026-05-02 19:21:39,365] Trial 323 finished with value: 1.8548668326118918 and parameters: {'f_n': 1.2655986026812775e-06, 'K_d': 610355.113847893, 'rho_d': 11712409476984.078, 'fission_rate': 4.7256532897746846e+19, 'D2_xe_scale': 17.93018488395525, 'Dg_D1_scale': 0.38135492100685975, 'Dg_D3_scale': 2.6609232123381346, 'Dv_D1_scale': 0.4598835448537838, 'Dv_D2_scale': 1.7487906193873533, 'b_bulk_scale': 0.06567821614388746, 'b_dislocation_scale': 0.07525358007727456, 'gb_scale': 2.0595593581974945, 'gd_bubble_scale': 6.286724450706312, 'gd_line_scale': 4.9067040991789215, 'gd_line_alpha': 0.18334814360098997, 'coalescence_d_scale': 0.42656333448496, 'capture_scale': 3.2439640498679294}. Best is trial 323 with value: 1.8548668326118918.
[I 2026-05-02 19:21:45,010] Trial 324 finished with value: 1.9449836993792158 and parameters: {'f_n': 1.4345305533869098e-06, 'K_d': 611834.7181520021, 'rho_d': 11479912581956.613, 'fission_rate': 4.8347782716291785e+19, 'D2_xe_scale': 16.98852351143428, 'Dg_D1_scale': 0.3739531129505016, 'Dg_D3_scale': 2.6218228069867378, 'Dv_D1_scale': 0.46077298688978074, 'Dv_D2_scale': 1.7434099748054237, 'b_bulk_scale': 0.05930134341649613, 'b_dislocation_scale': 0.07466777210391226, 'gb_scale': 2.4931833362448756, 'gd_bubble_scale': 5.735336496824364, 'gd_line_scale': 4.668485090606321, 'gd_line_alpha': 0.1714307275074068, 'coalescence_d_scale': 0.45500633158889914, 'capture_scale': 3.2301678251659114}. Best is trial 323 with value: 1.8548668326118918.
[I 2026-05-02 19:21:50,733] Trial 325 finished with value: 1.8615400836801992 and parameters: {'f_n': 1.311454446563832e-06, 'K_d': 600019.8927934617, 'rho_d': 10610662972755.906, 'fission_rate': 4.766322150835921e+19, 'D2_xe_scale': 19.206360067836833, 'Dg_D1_scale': 0.3807610738806529, 'Dg_D3_scale': 2.5956648333194887, 'Dv_D1_scale': 0.430891692664578, 'Dv_D2_scale': 1.8112299515571544, 'b_bulk_scale': 0.06194760751318796, 'b_dislocation_scale': 0.06870060286520228, 'gb_scale': 2.194082670987297, 'gd_bubble_scale': 6.211620049752972, 'gd_line_scale': 4.913468287999166, 'gd_line_alpha': 0.183975139176279, 'coalescence_d_scale': 0.40965089798952203, 'capture_scale': 2.8190257500883567}. Best is trial 323 with value: 1.8548668326118918.
[I 2026-05-02 19:21:56,508] Trial 326 finished with value: 1.8728847715435422 and parameters: {'f_n': 1.2225540389810794e-06, 'K_d': 571906.0719518008, 'rho_d': 10499553688473.844, 'fission_rate': 4.736160638823507e+19, 'D2_xe_scale': 19.635369337142432, 'Dg_D1_scale': 0.36209735101714613, 'Dg_D3_scale': 2.5092950728515118, 'Dv_D1_scale': 0.5083112473524964, 'Dv_D2_scale': 1.6836136497803595, 'b_bulk_scale': 0.05381778334495708, 'b_dislocation_scale': 0.06722372499581986, 'gb_scale': 2.1281643074770975, 'gd_bubble_scale': 6.849921232432733, 'gd_line_scale': 4.73876430823682, 'gd_line_alpha': 0.17973163894325528, 'coalescence_d_scale': 0.41991153633979306, 'capture_scale': 2.8317840671199948}. Best is trial 323 with value: 1.8548668326118918.
[I 2026-05-02 19:22:02,290] Trial 327 finished with value: 1.8588443538640278 and parameters: {'f_n': 1.2358083171289138e-06, 'K_d': 569177.662937744, 'rho_d': 10375790009365.416, 'fission_rate': 4.773609527365558e+19, 'D2_xe_scale': 18.445650182492987, 'Dg_D1_scale': 0.34614143988146767, 'Dg_D3_scale': 2.731281783567951, 'Dv_D1_scale': 0.48894004378874323, 'Dv_D2_scale': 1.68862107414657, 'b_bulk_scale': 0.05183213965196862, 'b_dislocation_scale': 0.05522892798398507, 'gb_scale': 2.0688031634376696, 'gd_bubble_scale': 5.009291289840389, 'gd_line_scale': 4.865359121742005, 'gd_line_alpha': 0.1689814299714198, 'coalescence_d_scale': 0.4310429574838403, 'capture_scale': 2.5732968008341124}. Best is trial 323 with value: 1.8548668326118918.
[I 2026-05-02 19:22:07,951] Trial 328 finished with value: 1.8528912968666595 and parameters: {'f_n': 1.3640868169290156e-06, 'K_d': 591382.8567630682, 'rho_d': 10238025265077.281, 'fission_rate': 4.918715541223921e+19, 'D2_xe_scale': 19.995482116893278, 'Dg_D1_scale': 0.34208813297473256, 'Dg_D3_scale': 2.5906495336231887, 'Dv_D1_scale': 0.4907739578982826, 'Dv_D2_scale': 1.770017185659121, 'b_bulk_scale': 0.05230116739316274, 'b_dislocation_scale': 0.053434916394605216, 'gb_scale': 2.19008154101845, 'gd_bubble_scale': 5.076457618279789, 'gd_line_scale': 5.071170290022319, 'gd_line_alpha': 0.14679691571222306, 'coalescence_d_scale': 0.4927884546725031, 'capture_scale': 2.5857667084989098}. Best is trial 328 with value: 1.8528912968666595.
[I 2026-05-02 19:22:11,901] Trial 329 finished with value: 1.8552058947907952 and parameters: {'f_n': 1.289431850981981e-06, 'K_d': 580871.7699768445, 'rho_d': 10253722451589.074, 'fission_rate': 4.998473889382473e+19, 'D2_xe_scale': 18.67840027676502, 'Dg_D1_scale': 0.34676236028931523, 'Dg_D3_scale': 2.490489019847313, 'Dv_D1_scale': 0.49208504414751064, 'Dv_D2_scale': 1.8048206071160207, 'b_bulk_scale': 0.052187929422455176, 'b_dislocation_scale': 0.053375035925638366, 'gb_scale': 2.1805293259341805, 'gd_bubble_scale': 4.48272274204792, 'gd_line_scale': 5.166257941526917, 'gd_line_alpha': 0.1528841658144795, 'coalescence_d_scale': 0.4529123231195337, 'capture_scale': 2.3261891311659944}. Best is trial 328 with value: 1.8528912968666595.
[I 2026-05-02 19:22:17,364] Trial 330 finished with value: 1.86049082560096 and parameters: {'f_n': 1.100152659931397e-06, 'K_d': 588036.7862048004, 'rho_d': 10161635317871.494, 'fission_rate': 5.013297707143191e+19, 'D2_xe_scale': 20.396799449324607, 'Dg_D1_scale': 0.34678394802918355, 'Dg_D3_scale': 2.569302670084916, 'Dv_D1_scale': 0.5233612498100717, 'Dv_D2_scale': 1.8016844861275654, 'b_bulk_scale': 0.051496814175127054, 'b_dislocation_scale': 0.050381334225353305, 'gb_scale': 2.151650881379493, 'gd_bubble_scale': 5.1329461091341075, 'gd_line_scale': 5.1528659343418735, 'gd_line_alpha': 0.1462341581830001, 'coalescence_d_scale': 0.49907143493639367, 'capture_scale': 2.3887903424570207}. Best is trial 328 with value: 1.8528912968666595.
[I 2026-05-02 19:22:22,842] Trial 331 finished with value: 1.883446319427883 and parameters: {'f_n': 1.0885545683561763e-06, 'K_d': 576842.5790178413, 'rho_d': 9853212812512.164, 'fission_rate': 5.058939485643966e+19, 'D2_xe_scale': 15.780033479026848, 'Dg_D1_scale': 0.34536947022085207, 'Dg_D3_scale': 2.541542868569453, 'Dv_D1_scale': 0.490573036360474, 'Dv_D2_scale': 1.803459221645895, 'b_bulk_scale': 0.05060575122399245, 'b_dislocation_scale': 0.05278829989916535, 'gb_scale': 2.373814424908604, 'gd_bubble_scale': 4.730992015638682, 'gd_line_scale': 5.18963634119939, 'gd_line_alpha': 0.1411464266407431, 'coalescence_d_scale': 0.48066043741988007, 'capture_scale': 1.6027023959203144}. Best is trial 328 with value: 1.8528912968666595.
