[I 2026-05-02 19:28:52,820] Trial 405 finished with value: 1.8549954836589777 and parameters: {'f_n': 1.2750886116453916e-06, 'K_d': 582908.6327143065, 'rho_d': 9756151426050.586, 'fission_rate': 5.148057645447781e+19, 'D2_xe_scale': 22.485527468007625, 'Dg_D1_scale': 0.26695089365514774, 'Dg_D3_scale': 2.4795242523625625, 'Dv_D1_scale': 0.5372590907556034, 'Dv_D2_scale': 1.7258960407463837, 'b_bulk_scale': 0.059147930087118085, 'b_dislocation_scale': 0.04564669111456683, 'gb_scale': 2.044408723920944, 'gd_bubble_scale': 4.747744996508285, 'gd_line_scale': 4.730354533410988, 'gd_line_alpha': 0.14868444656240387, 'coalescence_d_scale': 0.3948889801625251, 'capture_scale': 3.5219591900558966}. Best is trial 328 with value: 1.8528912968666595.
[I 2026-05-02 19:28:55,582] Trial 406 finished with value: 4.102766129153279 and parameters: {'f_n': 9.687545606972734e-07, 'K_d': 588662.3172962279, 'rho_d': 10008837144584.582, 'fission_rate': 5.1206150550850806e+19, 'D2_xe_scale': 22.43416862607719, 'Dg_D1_scale': 0.27481014232202394, 'Dg_D3_scale': 2.395296891656993, 'Dv_D1_scale': 0.548732816046869, 'Dv_D2_scale': 1.571395987303288, 'b_bulk_scale': 0.06498356338370893, 'b_dislocation_scale': 1.1408535927514536, 'gb_scale': 2.4706073511363322, 'gd_bubble_scale': 4.381147436319686, 'gd_line_scale': 4.842384278949307, 'gd_line_alpha': 0.1352186100889869, 'coalescence_d_scale': 0.4004735769024693, 'capture_scale': 3.48148423931289}. Best is trial 328 with value: 1.8528912968666595.
[I 2026-05-02 19:29:00,975] Trial 407 finished with value: 1.871042100740601 and parameters: {'f_n': 1.1740157314689866e-06, 'K_d': 611510.2408641403, 'rho_d': 10566170828963.133, 'fission_rate': 5.144692499888025e+19, 'D2_xe_scale': 25.970066151338447, 'Dg_D1_scale': 0.2584371635349564, 'Dg_D3_scale': 2.2939787018229434, 'Dv_D1_scale': 0.5401830458187769, 'Dv_D2_scale': 1.7104939662641676, 'b_bulk_scale': 0.05905591108750893, 'b_dislocation_scale': 0.058208334238596386, 'gb_scale': 2.0639325050625112, 'gd_bubble_scale': 5.651579197644514, 'gd_line_scale': 5.513259260214353, 'gd_line_alpha': 0.15062281531979446, 'coalescence_d_scale': 0.4069528640489995, 'capture_scale': 3.6034960240627028}. Best is trial 328 with value: 1.8528912968666595.
[I 2026-05-02 19:29:06,282] Trial 408 finished with value: 1.8571602087651897 and parameters: {'f_n': 1.0701976865874195e-06, 'K_d': 656045.1630352525, 'rho_d': 10382317653385.986, 'fission_rate': 5.247519463709506e+19, 'D2_xe_scale': 26.62235071840737, 'Dg_D1_scale': 0.27366578769835637, 'Dg_D3_scale': 2.029472693502553, 'Dv_D1_scale': 0.546817148016692, 'Dv_D2_scale': 1.7332926693649373, 'b_bulk_scale': 0.05914428900246337, 'b_dislocation_scale': 0.05891306729663088, 'gb_scale': 2.6674974762780863, 'gd_bubble_scale': 4.484457623898047, 'gd_line_scale': 5.866690178930931, 'gd_line_alpha': 0.1515175946930291, 'coalescence_d_scale': 0.6059178420908189, 'capture_scale': 3.1473501309780847}. Best is trial 328 with value: 1.8528912968666595.
[I 2026-05-02 19:29:11,527] Trial 409 finished with value: 1.8525369104558815 and parameters: {'f_n': 1.140646858439397e-06, 'K_d': 664022.2958974877, 'rho_d': 10538096919569.406, 'fission_rate': 5.346419269810397e+19, 'D2_xe_scale': 27.093972226565363, 'Dg_D1_scale': 0.26494460251975427, 'Dg_D3_scale': 2.340825747808516, 'Dv_D1_scale': 0.5407000442915153, 'Dv_D2_scale': 1.711604954031326, 'b_bulk_scale': 0.058736356942370026, 'b_dislocation_scale': 0.05939522099184227, 'gb_scale': 2.807788919014422, 'gd_bubble_scale': 4.719930768826417, 'gd_line_scale': 5.9790991191824245, 'gd_line_alpha': 0.14777014931680735, 'coalescence_d_scale': 0.6340432230737131, 'capture_scale': 3.62357064212781}. Best is trial 409 with value: 1.8525369104558815.Best trial: 328. Best value: 1.85289:  27%|██▋       | 409/1500 [36:23<1:30:05,  4.95s/it]Best trial: 409. Best value: 1.85254:  27%|██▋       | 409/1500 [36:23<1:30:05,  4.95s/it]Best trial: 409. Best value: 1.85254:  27%|██▋       | 410/1500 [36:23<1:31:40,  5.05s/it]                                                                                          Best trial: 409. Best value: 1.85254:  27%|██▋       | 410/1500 [36:28<1:31:40,  5.05s/it]Best trial: 409. Best value: 1.85254:  27%|██▋       | 410/1500 [36:28<1:31:40,  5.05s/it]Best trial: 409. Best value: 1.85254:  27%|██▋       | 411/1500 [36:28<1:32:26,  5.09s/it]                                                                                          Best trial: 409. Best value: 1.85254:  27%|██▋       | 411/1500 [36:31<1:32:26,  5.09s/it]Best trial: 409. Best value: 1.85254:  27%|██▋       | 411/1500 [36:31<1:32:26,  5.09s/it]Best trial: 409. Best value: 1.85254:  27%|██▋       | 412/1500 [36:31<1:23:31,  4.61s/it]                                                                                          Best trial: 409. Best value: 1.85254:  27%|██▋       | 412/1500 [36:36<1:23:31,  4.61s/it]Best trial: 409. Best value: 1.85254:  27%|██▋       | 412/1500 [36:36<1:23:31,  4.61s/it]Best trial: 409. Best value: 1.85254:  28%|██▊       | 413/1500 [36:36<1:26:17,  4.76s/it]                                                                                          Best trial: 409. Best value: 1.85254:  28%|██▊       | 413/1500 [36:42<1:26:17,  4.76s/it]Best trial: 409. Best value: 1.85254:  28%|██▊       | 413/1500 [36:42<1:26:17,  4.76s/it]Best trial: 409. Best value: 1.85254:  28%|██▊       | 414/1500 [36:42<1:28:40,  4.90s/it]                                                                                          Best trial: 409. Best value: 1.85254:  28%|██▊       | 414/1500 [36:47<1:28:40,  4.90s/it]Best trial: 409. Best value: 1.85254:  28%|██▊       | 414/1500 [36:47<1:28:40,  4.90s/it]Best trial: 409. Best value: 1.85254:  28%|██▊       | 415/1500 [36:47<1:30:15,  4.99s/it]                                                                                          Best trial: 409. Best value: 1.85254:  28%|██▊       | 415/1500 [36:52<1:30:15,  4.99s/it]Best trial: 409. Best value: 1.85254:  28%|██▊       | 415/1500 [36:52<1:30:15,  4.99s/it]Best trial: 409. Best value: 1.85254:  28%|██▊       | 416/1500 [36:52<1:30:52,  5.03s/it]                                                                                          Best trial: 409. Best value: 1.85254:  28%|██▊       | 416/1500 [36:57<1:30:52,  5.03s/it]Best trial: 409. Best value: 1.85254:  28%|██▊       | 416/1500 [36:57<1:30:52,  5.03s/it]Best trial: 409. Best value: 1.85254:  28%|██▊       | 417/1500 [36:57<1:31:54,  5.09s/it]                                                                                          Best trial: 409. Best value: 1.85254:  28%|██▊       | 417/1500 [37:01<1:31:54,  5.09s/it]Best trial: 409. Best value: 1.85254:  28%|██▊       | 417/1500 [37:01<1:31:54,  5.09s/it]Best trial: 409. Best value: 1.85254:  28%|██▊       | 418/1500 [37:01<1:23:09,  4.61s/it]                                                                                          Best trial: 409. Best value: 1.85254:  28%|██▊       | 418/1500 [37:06<1:23:09,  4.61s/it]Best trial: 409. Best value: 1.85254:  28%|██▊       | 418/1500 [37:06<1:23:09,  4.61s/it]Best trial: 409. Best value: 1.85254:  28%|██▊       | 419/1500 [37:06<1:25:16,  4.73s/it]                                                                                          Best trial: 409. Best value: 1.85254:  28%|██▊       | 419/1500 [37:11<1:25:16,  4.73s/it]Best trial: 409. Best value: 1.85254:  28%|██▊       | 419/1500 [37:11<1:25:16,  4.73s/it]Best trial: 409. Best value: 1.85254:  28%|██▊       | 420/1500 [37:11<1:26:58,  4.83s/it]                                                                                          
[I 2026-05-02 19:29:16,745] Trial 410 finished with value: 1.8664707023023828 and parameters: {'f_n': 1.0961130030929742e-06, 'K_d': 656717.6805279852, 'rho_d': 10624489394729.873, 'fission_rate': 5.3971792213878686e+19, 'D2_xe_scale': 26.290665031586133, 'Dg_D1_scale': 0.2520428664513476, 'Dg_D3_scale': 2.0890158791593616, 'Dv_D1_scale': 0.5462847332004549, 'Dv_D2_scale': 1.7394558873308583, 'b_bulk_scale': 0.06161783295149954, 'b_dislocation_scale': 0.05899700059596351, 'gb_scale': 2.9002500698787963, 'gd_bubble_scale': 4.650811551971608, 'gd_line_scale': 5.907533556221371, 'gd_line_alpha': 0.14594393098137623, 'coalescence_d_scale': 0.6883219425453005, 'capture_scale': 3.578283065346678}. Best is trial 409 with value: 1.8525369104558815.
[I 2026-05-02 19:29:20,218] Trial 411 finished with value: 1.8657629655053787 and parameters: {'f_n': 1.1738254531974116e-06, 'K_d': 644752.4952541689, 'rho_d': 10511539665107.127, 'fission_rate': 5.478288509283861e+19, 'D2_xe_scale': 27.335777504085804, 'Dg_D1_scale': 0.2522275480028002, 'Dg_D3_scale': 2.0062904119645384, 'Dv_D1_scale': 0.5701420879059689, 'Dv_D2_scale': 1.7342443595771075, 'b_bulk_scale': 0.06188808249422982, 'b_dislocation_scale': 0.060141735096466795, 'gb_scale': 2.8784055211217114, 'gd_bubble_scale': 4.4724039876571755, 'gd_line_scale': 7.074731730919918, 'gd_line_alpha': 0.14985332523597258, 'coalescence_d_scale': 0.673261414619917, 'capture_scale': 3.596299557011576}. Best is trial 409 with value: 1.8525369104558815.
[I 2026-05-02 19:29:25,345] Trial 412 finished with value: 1.9710994113173186 and parameters: {'f_n': 1.1177799513390073e-06, 'K_d': 663934.5249259429, 'rho_d': 10594614474582.14, 'fission_rate': 5.40485646810644e+19, 'D2_xe_scale': 26.67903815462525, 'Dg_D1_scale': 0.25708841550373496, 'Dg_D3_scale': 2.0407678395819198, 'Dv_D1_scale': 0.5508503825220306, 'Dv_D2_scale': 1.7206899112552014, 'b_bulk_scale': 0.05977833675355621, 'b_dislocation_scale': 0.05778876247498067, 'gb_scale': 2.9704119306291417, 'gd_bubble_scale': 5.553874995122657, 'gd_line_scale': 8.058993112454745, 'gd_line_alpha': 0.10875608908274052, 'coalescence_d_scale': 0.7069132585509903, 'capture_scale': 3.5695964602610992}. Best is trial 409 with value: 1.8525369104558815.
[I 2026-05-02 19:29:30,564] Trial 413 finished with value: 3.563926566158165 and parameters: {'f_n': 2.376460512992557e-09, 'K_d': 239097.26645560953, 'rho_d': 10538315686772.77, 'fission_rate': 5.299042223369467e+19, 'D2_xe_scale': 27.861794321449743, 'Dg_D1_scale': 0.2499599601363558, 'Dg_D3_scale': 2.088292188695096, 'Dv_D1_scale': 0.4945199986896668, 'Dv_D2_scale': 1.7653636875220091, 'b_bulk_scale': 0.06702963739776514, 'b_dislocation_scale': 0.06114059693333297, 'gb_scale': 2.8427334334097245, 'gd_bubble_scale': 4.956136718506778, 'gd_line_scale': 6.369664346295564, 'gd_line_alpha': 0.14512876865336644, 'coalescence_d_scale': 0.7060234183736331, 'capture_scale': 3.6514515432473096}. Best is trial 409 with value: 1.8525369104558815.
[I 2026-05-02 19:29:35,769] Trial 414 finished with value: 1.8736729963059673 and parameters: {'f_n': 1.3040409319275526e-06, 'K_d': 672694.6886072059, 'rho_d': 10607126677044.775, 'fission_rate': 5.342888735249816e+19, 'D2_xe_scale': 25.89342818886902, 'Dg_D1_scale': 0.25460083295763025, 'Dg_D3_scale': 1.9234203490777022, 'Dv_D1_scale': 0.549410173521606, 'Dv_D2_scale': 1.6743651125802108, 'b_bulk_scale': 0.05941468700913815, 'b_dislocation_scale': 0.059378665846758154, 'gb_scale': 3.1115942140688215, 'gd_bubble_scale': 4.833156097484641, 'gd_line_scale': 7.085160561593072, 'gd_line_alpha': 0.12064890092845204, 'coalescence_d_scale': 0.7623455201940541, 'capture_scale': 3.622844021308009}. Best is trial 409 with value: 1.8525369104558815.
[I 2026-05-02 19:29:40,886] Trial 415 finished with value: 1.9927067774139264 and parameters: {'f_n': 1.440914570276484e-06, 'K_d': 689685.7641356009, 'rho_d': 10518017912738.54, 'fission_rate': 5.4520630671677645e+19, 'D2_xe_scale': 27.52415640679081, 'Dg_D1_scale': 0.26145581225881886, 'Dg_D3_scale': 1.9458714933627175, 'Dv_D1_scale': 0.5574096327852027, 'Dv_D2_scale': 1.7115665986778428, 'b_bulk_scale': 0.060489953744200506, 'b_dislocation_scale': 0.060000374372700394, 'gb_scale': 3.043861911479285, 'gd_bubble_scale': 4.6568634262907995, 'gd_line_scale': 9.711468379869906, 'gd_line_alpha': 0.10238994285407087, 'coalescence_d_scale': 0.8048820153233662, 'capture_scale': 3.5683429153101636}. Best is trial 409 with value: 1.8525369104558815.
[I 2026-05-02 19:29:46,123] Trial 416 finished with value: 1.9148992414000603 and parameters: {'f_n': 1.4910662393478498e-06, 'K_d': 654967.7483616913, 'rho_d': 10940485023782.27, 'fission_rate': 5.387031031848674e+19, 'D2_xe_scale': 24.65364292485578, 'Dg_D1_scale': 0.24410303638538813, 'Dg_D3_scale': 1.9583055498935462, 'Dv_D1_scale': 0.596981293011719, 'Dv_D2_scale': 1.5506496588515304, 'b_bulk_scale': 0.06509586943917874, 'b_dislocation_scale': 0.057740475604190246, 'gb_scale': 3.0586618392541887, 'gd_bubble_scale': 5.712770558846128, 'gd_line_scale': 7.298035257821766, 'gd_line_alpha': 0.11946447665377041, 'coalescence_d_scale': 0.7694069578592672, 'capture_scale': 3.6764085087306975}. Best is trial 409 with value: 1.8525369104558815.
[I 2026-05-02 19:29:49,615] Trial 417 finished with value: 1.8575235093881344 and parameters: {'f_n': 1.1514680581699384e-06, 'K_d': 644468.4944604252, 'rho_d': 10518247643572.303, 'fission_rate': 5.484886438431156e+19, 'D2_xe_scale': 29.47816397631912, 'Dg_D1_scale': 0.23751981880505316, 'Dg_D3_scale': 1.8774971419786797, 'Dv_D1_scale': 0.46607086523392516, 'Dv_D2_scale': 1.7324728320236953, 'b_bulk_scale': 0.0648423406187482, 'b_dislocation_scale': 0.06125531968324852, 'gb_scale': 2.9458100929906954, 'gd_bubble_scale': 4.72099385910654, 'gd_line_scale': 7.439598264498075, 'gd_line_alpha': 0.14965040717412187, 'coalescence_d_scale': 0.6575193122997964, 'capture_scale': 3.1579571589859525}. Best is trial 409 with value: 1.8525369104558815.
[I 2026-05-02 19:29:54,634] Trial 418 finished with value: 1.9720756653197855 and parameters: {'f_n': 1.1416725162488465e-06, 'K_d': 638248.7973617216, 'rho_d': 11010926278356.697, 'fission_rate': 5.533771557944565e+19, 'D2_xe_scale': 27.00008295031197, 'Dg_D1_scale': 0.23353479990888323, 'Dg_D3_scale': 2.1611079572005116, 'Dv_D1_scale': 0.46218040934998084, 'Dv_D2_scale': 1.7504255374439073, 'b_bulk_scale': 0.06658755571138007, 'b_dislocation_scale': 0.061083103556808065, 'gb_scale': 2.724672699977652, 'gd_bubble_scale': 5.308647594572969, 'gd_line_scale': 8.374546512154263, 'gd_line_alpha': 0.14005919561725153, 'coalescence_d_scale': 0.6475666299881317, 'capture_scale': 3.142258811720537}. Best is trial 409 with value: 1.8525369104558815.
[I 2026-05-02 19:29:59,689] Trial 419 finished with value: 1.886982497574519 and parameters: {'f_n': 1.13893841176269e-06, 'K_d': 629187.3687005482, 'rho_d': 10319297080875.271, 'fission_rate': 5.508048431487897e+19, 'D2_xe_scale': 28.72030363861322, 'Dg_D1_scale': 0.21837939225486636, 'Dg_D3_scale': 1.7434711539779506, 'Dv_D1_scale': 0.4923713754498485, 'Dv_D2_scale': 1.6992228326503644, 'b_bulk_scale': 0.05753964602089935, 'b_dislocation_scale': 0.06228095777017271, 'gb_scale': 2.8413015075872656, 'gd_bubble_scale': 4.573882597724002, 'gd_line_scale': 8.86289812808339, 'gd_line_alpha': 0.153024873332201, 'coalescence_d_scale': 0.608736785209465, 'capture_scale': 3.1918558034701987}. Best is trial 409 with value: 1.8525369104558815.
[I 2026-05-02 19:30:04,960] Trial 420 finished with value: 1.8783127756951807 and parameters: {'f_n': 1.5180832729787152e-06, 'K_d': 683286.0182171479, 'rho_d': 10397773139550.66, 'fission_rate': 5.263611912892495e+19, 'D2_xe_scale': 29.288466677321384, 'Dg_D1_scale': 0.2682266274014945, 'Dg_D3_scale': 2.0654790517119004, 'Dv_D1_scale': 0.45928257396541683, 'Dv_D2_scale': 1.5296178386666561, 'b_bulk_scale': 0.0657941755398804, 'b_dislocation_scale': 0.05426775187484091, 'gb_scale': 2.7466969213886907, 'gd_bubble_scale': 5.699808678324251, 'gd_line_scale': 7.2368761739656255, 'gd_line_alpha': 0.08589901849433826, 'coalescence_d_scale': 0.6440833178731822, 'capture_scale': 2.1406485033732734}. Best is trial 409 with value: 1.8525369104558815.Best trial: 409. Best value: 1.85254:  28%|██▊       | 420/1500 [37:16<1:26:58,  4.83s/it]Best trial: 409. Best value: 1.85254:  28%|██▊       | 420/1500 [37:16<1:26:58,  4.83s/it]Best trial: 409. Best value: 1.85254:  28%|██▊       | 421/1500 [37:16<1:29:15,  4.96s/it]                                                                                          Best trial: 409. Best value: 1.85254:  28%|██▊       | 421/1500 [37:21<1:29:15,  4.96s/it]Best trial: 409. Best value: 1.85254:  28%|██▊       | 421/1500 [37:21<1:29:15,  4.96s/it]Best trial: 409. Best value: 1.85254:  28%|██▊       | 422/1500 [37:21<1:30:38,  5.04s/it]                                                                                          Best trial: 409. Best value: 1.85254:  28%|██▊       | 422/1500 [37:27<1:30:38,  5.04s/it]Best trial: 409. Best value: 1.85254:  28%|██▊       | 422/1500 [37:27<1:30:38,  5.04s/it]Best trial: 409. Best value: 1.85254:  28%|██▊       | 423/1500 [37:27<1:32:11,  5.14s/it]                                                                                          Best trial: 409. Best value: 1.85254:  28%|██▊       | 423/1500 [37:30<1:32:11,  5.14s/it]Best trial: 409. Best value: 1.85254:  28%|██▊       | 423/1500 [37:30<1:32:11,  5.14s/it]Best trial: 409. Best value: 1.85254:  28%|██▊       | 424/1500 [37:30<1:23:53,  4.68s/it]                                                                                          Best trial: 409. Best value: 1.85254:  28%|██▊       | 424/1500 [37:35<1:23:53,  4.68s/it]Best trial: 409. Best value: 1.85254:  28%|██▊       | 424/1500 [37:36<1:23:53,  4.68s/it]Best trial: 409. Best value: 1.85254:  28%|██▊       | 425/1500 [37:36<1:26:49,  4.85s/it]                                                                                          Best trial: 409. Best value: 1.85254:  28%|██▊       | 425/1500 [37:41<1:26:49,  4.85s/it]Best trial: 409. Best value: 1.85254:  28%|██▊       | 425/1500 [37:41<1:26:49,  4.85s/it]Best trial: 409. Best value: 1.85254:  28%|██▊       | 426/1500 [37:41<1:28:01,  4.92s/it]                                                                                          Best trial: 409. Best value: 1.85254:  28%|██▊       | 426/1500 [37:46<1:28:01,  4.92s/it]Best trial: 409. Best value: 1.85254:  28%|██▊       | 426/1500 [37:46<1:28:01,  4.92s/it]Best trial: 409. Best value: 1.85254:  28%|██▊       | 427/1500 [37:46<1:30:28,  5.06s/it]                                                                                          Best trial: 409. Best value: 1.85254:  28%|██▊       | 427/1500 [37:51<1:30:28,  5.06s/it]Best trial: 409. Best value: 1.85254:  28%|██▊       | 427/1500 [37:51<1:30:28,  5.06s/it]Best trial: 409. Best value: 1.85254:  29%|██▊       | 428/1500 [37:51<1:31:14,  5.11s/it]                                                                                          Best trial: 409. Best value: 1.85254:  29%|██▊       | 428/1500 [37:54<1:31:14,  5.11s/it]Best trial: 409. Best value: 1.85254:  29%|██▊       | 428/1500 [37:54<1:31:14,  5.11s/it]Best trial: 409. Best value: 1.85254:  29%|██▊       | 429/1500 [37:54<1:17:55,  4.37s/it]                                                                                          Best trial: 409. Best value: 1.85254:  29%|██▊       | 429/1500 [37:59<1:17:55,  4.37s/it]Best trial: 409. Best value: 1.85254:  29%|██▊       | 429/1500 [37:59<1:17:55,  4.37s/it]Best trial: 409. Best value: 1.85254:  29%|██▊       | 430/1500 [37:59<1:22:15,  4.61s/it]                                                                                          Best trial: 409. Best value: 1.85254:  29%|██▊       | 430/1500 [38:03<1:22:15,  4.61s/it]Best trial: 409. Best value: 1.85254:  29%|██▊       | 430/1500 [38:03<1:22:15,  4.61s/it]Best trial: 409. Best value: 1.85254:  29%|██▊       | 431/1500 [38:03<1:18:22,  4.40s/it]                                                                                          
[I 2026-05-02 19:30:10,198] Trial 421 finished with value: 1.861128979701814 and parameters: {'f_n': 1.1167203998043821e-06, 'K_d': 621495.2469741681, 'rho_d': 11207138686906.146, 'fission_rate': 5.2554225351615324e+19, 'D2_xe_scale': 22.818676658153347, 'Dg_D1_scale': 0.26543674614130247, 'Dg_D3_scale': 1.8462856882066236, 'Dv_D1_scale': 0.4331586549099464, 'Dv_D2_scale': 1.8081880064753764, 'b_bulk_scale': 0.058804690325348186, 'b_dislocation_scale': 0.06278433318564396, 'gb_scale': 2.6057597109388295, 'gd_bubble_scale': 4.373098341274341, 'gd_line_scale': 6.564277142219393, 'gd_line_alpha': 0.15456887780642148, 'coalescence_d_scale': 0.700362138050478, 'capture_scale': 1.8030496906373936}. Best is trial 409 with value: 1.8525369104558815.
[I 2026-05-02 19:30:15,548] Trial 422 finished with value: 1.895380369037023 and parameters: {'f_n': 1.0061846217483106e-06, 'K_d': 660744.4919603682, 'rho_d': 11006874664555.465, 'fission_rate': 5.201292754302763e+19, 'D2_xe_scale': 23.198412584002067, 'Dg_D1_scale': 0.24230246173020023, 'Dg_D3_scale': 1.8367380690834623, 'Dv_D1_scale': 0.43122520034330186, 'Dv_D2_scale': 1.8328865835992636, 'b_bulk_scale': 0.05935893479526383, 'b_dislocation_scale': 0.05461766287094251, 'gb_scale': 3.093748745945976, 'gd_bubble_scale': 4.660171602098451, 'gd_line_scale': 7.493240859557703, 'gd_line_alpha': 0.1442111572353534, 'coalescence_d_scale': 0.9431189808886321, 'capture_scale': 2.3472259377378295}. Best is trial 409 with value: 1.8525369104558815.
