[I 2026-05-02 20:34:14,626] Trial 1285 finished with value: 1.9953764757249017 and parameters: {'f_n': 4.906376510428113e-07, 'K_d': 629006.4909963603, 'rho_d': 9894028554802.334, 'fission_rate': 6.278673240978931e+19, 'D2_xe_scale': 0.1326030280362795, 'Dg_D1_scale': 0.1716551301968727, 'Dg_D3_scale': 3.0420144882402003, 'Dv_D1_scale': 0.20047175911800252, 'Dv_D2_scale': 3.985901573936009, 'b_bulk_scale': 0.46606649092024693, 'b_dislocation_scale': 0.18068423893964775, 'gb_scale': 6.734546215195648, 'gd_bubble_scale': 7.051762423688312, 'gd_line_scale': 7.356689722536305, 'gd_line_alpha': 0.4997003786316334, 'coalescence_d_scale': 0.3468019287069179, 'capture_scale': 4.901856129005782}. Best is trial 1126 with value: 1.7410514264406347.
[I 2026-05-02 20:34:19,300] Trial 1286 finished with value: 1.7502273537155473 and parameters: {'f_n': 3.742898316386507e-07, 'K_d': 689412.4178578745, 'rho_d': 10772055890260.084, 'fission_rate': 6.3627708188551774e+19, 'D2_xe_scale': 0.08142384675113913, 'Dg_D1_scale': 0.19209309666190283, 'Dg_D3_scale': 2.4327676226328196, 'Dv_D1_scale': 0.28216083163828637, 'Dv_D2_scale': 3.9921490565457387, 'b_bulk_scale': 0.27878513047877806, 'b_dislocation_scale': 0.13535337451188947, 'gb_scale': 4.66641572646777, 'gd_bubble_scale': 8.530185997130367, 'gd_line_scale': 6.10142062301423, 'gd_line_alpha': 0.44873111869329263, 'coalescence_d_scale': 0.4600430047012715, 'capture_scale': 6.279190125825655}. Best is trial 1126 with value: 1.7410514264406347.
[I 2026-05-02 20:34:24,091] Trial 1287 finished with value: 1.9201617430195679 and parameters: {'f_n': 6.45240736660665e-08, 'K_d': 656145.6888703947, 'rho_d': 9514177921484.17, 'fission_rate': 6.217347388702648e+19, 'D2_xe_scale': 0.10596030189003501, 'Dg_D1_scale': 0.21588565883167748, 'Dg_D3_scale': 2.56986236239438, 'Dv_D1_scale': 0.2993892420582349, 'Dv_D2_scale': 3.992988298954808, 'b_bulk_scale': 0.2746130652489234, 'b_dislocation_scale': 0.12935818902018023, 'gb_scale': 4.597962308874868, 'gd_bubble_scale': 9.981281750673903, 'gd_line_scale': 5.0984879088912525, 'gd_line_alpha': 0.4786257341505962, 'coalescence_d_scale': 0.5958156521120049, 'capture_scale': 1.12255231984957}. Best is trial 1126 with value: 1.7410514264406347.
[I 2026-05-02 20:34:28,808] Trial 1288 finished with value: 1.8260073215530614 and parameters: {'f_n': 4.207918452810497e-07, 'K_d': 679287.3882950223, 'rho_d': 10100035834827.541, 'fission_rate': 6.324817816338439e+19, 'D2_xe_scale': 0.08762191962700364, 'Dg_D1_scale': 0.21043524613428546, 'Dg_D3_scale': 2.4357814307682095, 'Dv_D1_scale': 0.3124853762718496, 'Dv_D2_scale': 3.473185564578348, 'b_bulk_scale': 0.2516367197382282, 'b_dislocation_scale': 0.13463301491443766, 'gb_scale': 4.7226132923530955, 'gd_bubble_scale': 9.017584368468881, 'gd_line_scale': 5.3124066561275445, 'gd_line_alpha': 0.460860414223399, 'coalescence_d_scale': 0.523223055796498, 'capture_scale': 7.972764813593554}. Best is trial 1126 with value: 1.7410514264406347.
[I 2026-05-02 20:34:33,738] Trial 1289 finished with value: 1.7936098734856607 and parameters: {'f_n': 5.886218773400628e-07, 'K_d': 628881.8708059686, 'rho_d': 10481049161347.98, 'fission_rate': 6.127087754144642e+19, 'D2_xe_scale': 0.07691457030456872, 'Dg_D1_scale': 0.20861746295098968, 'Dg_D3_scale': 2.6136616467444576, 'Dv_D1_scale': 0.3418055746833871, 'Dv_D2_scale': 3.59909902109653, 'b_bulk_scale': 0.2572550460046731, 'b_dislocation_scale': 0.12938897792813606, 'gb_scale': 4.608981782827025, 'gd_bubble_scale': 8.485829683133874, 'gd_line_scale': 5.7717258967802545, 'gd_line_alpha': 0.5035017771213701, 'coalescence_d_scale': 0.48235378546282304, 'capture_scale': 7.210388670428347}. Best is trial 1126 with value: 1.7410514264406347.Best trial: 1126. Best value: 1.74105:  86%|████████▌ | 1289/1500 [1:41:45<16:11,  4.61s/it]Best trial: 1126. Best value: 1.74105:  86%|████████▌ | 1289/1500 [1:41:45<16:11,  4.61s/it]Best trial: 1126. Best value: 1.74105:  86%|████████▌ | 1290/1500 [1:41:45<16:27,  4.70s/it]                                                                                            Best trial: 1126. Best value: 1.74105:  86%|████████▌ | 1290/1500 [1:41:50<16:27,  4.70s/it]Best trial: 1126. Best value: 1.74105:  86%|████████▌ | 1290/1500 [1:41:50<16:27,  4.70s/it]Best trial: 1126. Best value: 1.74105:  86%|████████▌ | 1291/1500 [1:41:50<16:24,  4.71s/it]                                                                                            Best trial: 1126. Best value: 1.74105:  86%|████████▌ | 1291/1500 [1:41:52<16:24,  4.71s/it]Best trial: 1126. Best value: 1.74105:  86%|████████▌ | 1291/1500 [1:41:52<16:24,  4.71s/it]Best trial: 1126. Best value: 1.74105:  86%|████████▌ | 1292/1500 [1:41:52<14:16,  4.12s/it]                                                                                            Best trial: 1126. Best value: 1.74105:  86%|████████▌ | 1292/1500 [1:41:57<14:16,  4.12s/it]Best trial: 1126. Best value: 1.74105:  86%|████████▌ | 1292/1500 [1:41:57<14:16,  4.12s/it]Best trial: 1126. Best value: 1.74105:  86%|████████▌ | 1293/1500 [1:41:57<14:46,  4.28s/it]                                                                                            Best trial: 1126. Best value: 1.74105:  86%|████████▌ | 1293/1500 [1:42:02<14:46,  4.28s/it]Best trial: 1126. Best value: 1.74105:  86%|████████▌ | 1293/1500 [1:42:02<14:46,  4.28s/it]Best trial: 1126. Best value: 1.74105:  86%|████████▋ | 1294/1500 [1:42:02<15:10,  4.42s/it]                                                                                            Best trial: 1126. Best value: 1.74105:  86%|████████▋ | 1294/1500 [1:42:07<15:10,  4.42s/it]Best trial: 1126. Best value: 1.74105:  86%|████████▋ | 1294/1500 [1:42:07<15:10,  4.42s/it]Best trial: 1126. Best value: 1.74105:  86%|████████▋ | 1295/1500 [1:42:07<15:31,  4.54s/it]                                                                                            Best trial: 1126. Best value: 1.74105:  86%|████████▋ | 1295/1500 [1:42:11<15:31,  4.54s/it]Best trial: 1126. Best value: 1.74105:  86%|████████▋ | 1295/1500 [1:42:11<15:31,  4.54s/it]Best trial: 1126. Best value: 1.74105:  86%|████████▋ | 1296/1500 [1:42:11<15:03,  4.43s/it]                                                                                            Best trial: 1126. Best value: 1.74105:  86%|████████▋ | 1296/1500 [1:42:16<15:03,  4.43s/it]Best trial: 1126. Best value: 1.74105:  86%|████████▋ | 1296/1500 [1:42:16<15:03,  4.43s/it]Best trial: 1126. Best value: 1.74105:  86%|████████▋ | 1297/1500 [1:42:16<15:30,  4.59s/it]                                                                                            Best trial: 1126. Best value: 1.74105:  86%|████████▋ | 1297/1500 [1:42:19<15:30,  4.59s/it]Best trial: 1126. Best value: 1.74105:  86%|████████▋ | 1297/1500 [1:42:19<15:30,  4.59s/it]Best trial: 1126. Best value: 1.74105:  87%|████████▋ | 1298/1500 [1:42:19<14:21,  4.26s/it]                                                                                            Best trial: 1126. Best value: 1.74105:  87%|████████▋ | 1298/1500 [1:42:22<14:21,  4.26s/it]Best trial: 1126. Best value: 1.74105:  87%|████████▋ | 1298/1500 [1:42:22<14:21,  4.26s/it]Best trial: 1126. Best value: 1.74105:  87%|████████▋ | 1299/1500 [1:42:22<13:05,  3.91s/it]                                                                                            Best trial: 1126. Best value: 1.74105:  87%|████████▋ | 1299/1500 [1:42:27<13:05,  3.91s/it]Best trial: 1126. Best value: 1.74105:  87%|████████▋ | 1299/1500 [1:42:27<13:05,  3.91s/it]Best trial: 1126. Best value: 1.74105:  87%|████████▋ | 1300/1500 [1:42:27<13:58,  4.19s/it]                                                                                            
[I 2026-05-02 20:34:38,470] Trial 1290 finished with value: 1.9421195608583801 and parameters: {'f_n': 5.046581987361834e-07, 'K_d': 674848.1586723421, 'rho_d': 9821675608042.463, 'fission_rate': 6.271263630648069e+19, 'D2_xe_scale': 0.09959362485086139, 'Dg_D1_scale': 0.19629536486454557, 'Dg_D3_scale': 2.4096569389200577, 'Dv_D1_scale': 0.28624056438461354, 'Dv_D2_scale': 3.993819358594661, 'b_bulk_scale': 0.26248650443516697, 'b_dislocation_scale': 0.13795917209454675, 'gb_scale': 5.036351138680158, 'gd_bubble_scale': 9.010381996455077, 'gd_line_scale': 5.310289752970991, 'gd_line_alpha': 0.44890943746098216, 'coalescence_d_scale': 0.5754828561051369, 'capture_scale': 6.3867815584995915}. Best is trial 1126 with value: 1.7410514264406347.
[I 2026-05-02 20:34:41,196] Trial 1291 finished with value: 1.8677425720170224 and parameters: {'f_n': 7.867320290741664e-07, 'K_d': 698718.4558420705, 'rho_d': 10585070730006.021, 'fission_rate': 7.2560016109964575e+19, 'D2_xe_scale': 0.06787775583320327, 'Dg_D1_scale': 0.19606650241175316, 'Dg_D3_scale': 2.72106541131639, 'Dv_D1_scale': 0.26423845914478444, 'Dv_D2_scale': 3.996646173480653, 'b_bulk_scale': 0.28399790074965314, 'b_dislocation_scale': 0.12629402723832076, 'gb_scale': 4.673578610092411, 'gd_bubble_scale': 7.649986948730818, 'gd_line_scale': 5.98078834866646, 'gd_line_alpha': 0.5544513939168896, 'coalescence_d_scale': 0.470692404654041, 'capture_scale': 7.110194622398529}. Best is trial 1126 with value: 1.7410514264406347.
[I 2026-05-02 20:34:45,862] Trial 1292 finished with value: 1.8563530597261801 and parameters: {'f_n': 4.025145624496539e-07, 'K_d': 618051.8995097452, 'rho_d': 9211197878833.78, 'fission_rate': 6.362938767957746e+19, 'D2_xe_scale': 0.08294917385420544, 'Dg_D1_scale': 0.19510851152402406, 'Dg_D3_scale': 2.7973422236474463, 'Dv_D1_scale': 0.32211851316885615, 'Dv_D2_scale': 3.049425226690963, 'b_bulk_scale': 0.2927965198594424, 'b_dislocation_scale': 0.14124618405427275, 'gb_scale': 4.939310775848743, 'gd_bubble_scale': 9.104701708633103, 'gd_line_scale': 6.082880102551433, 'gd_line_alpha': 0.6257512231620881, 'coalescence_d_scale': 0.24159764279630824, 'capture_scale': 7.99736115840485}. Best is trial 1126 with value: 1.7410514264406347.
[I 2026-05-02 20:34:50,600] Trial 1293 finished with value: 1.8981660756038443 and parameters: {'f_n': 6.683056552113684e-07, 'K_d': 638997.244577438, 'rho_d': 10932043666735.152, 'fission_rate': 6.206537835982371e+19, 'D2_xe_scale': 0.1067199461450439, 'Dg_D1_scale': 0.2174468505268196, 'Dg_D3_scale': 2.459926557554389, 'Dv_D1_scale': 0.29650805809376973, 'Dv_D2_scale': 3.3382252734634617, 'b_bulk_scale': 0.25356819394139274, 'b_dislocation_scale': 0.15005438218884087, 'gb_scale': 5.220752321687398, 'gd_bubble_scale': 9.977831752615774, 'gd_line_scale': 6.174216592017704, 'gd_line_alpha': 0.4857771374580631, 'coalescence_d_scale': 0.2918484584669982, 'capture_scale': 6.452451288284994}. Best is trial 1126 with value: 1.7410514264406347.
[I 2026-05-02 20:34:55,436] Trial 1294 finished with value: 1.7608378085144007 and parameters: {'f_n': 5.173354715706724e-07, 'K_d': 703353.9346007267, 'rho_d': 10139759378806.95, 'fission_rate': 6.1382576168406065e+19, 'D2_xe_scale': 0.08719324389044672, 'Dg_D1_scale': 0.18687588497318788, 'Dg_D3_scale': 2.8700724939944275, 'Dv_D1_scale': 0.27793544664326036, 'Dv_D2_scale': 3.6192765132652744, 'b_bulk_scale': 0.28062349966810346, 'b_dislocation_scale': 0.12419624619478208, 'gb_scale': 4.490253387424008, 'gd_bubble_scale': 9.986011677498775, 'gd_line_scale': 5.832972585568641, 'gd_line_alpha': 0.528019691964046, 'coalescence_d_scale': 0.3979346080631346, 'capture_scale': 6.291733265832778}. Best is trial 1126 with value: 1.7410514264406347.
[I 2026-05-02 20:34:59,604] Trial 1295 finished with value: 1.9345156943337674 and parameters: {'f_n': 3.838603419763668e-07, 'K_d': 669238.4307013449, 'rho_d': 10742673871372.318, 'fission_rate': 7.3733938819139355e+19, 'D2_xe_scale': 0.07131115045308445, 'Dg_D1_scale': 0.2068344294049748, 'Dg_D3_scale': 3.3589147708478517, 'Dv_D1_scale': 0.22356822792488423, 'Dv_D2_scale': 3.7796434114585007, 'b_bulk_scale': 0.2972941108161815, 'b_dislocation_scale': 0.16250936531785157, 'gb_scale': 5.278365721497182, 'gd_bubble_scale': 6.517643504173371, 'gd_line_scale': 6.601363725029855, 'gd_line_alpha': 0.584592748626181, 'coalescence_d_scale': 0.5213026396901291, 'capture_scale': 7.125271602500563}. Best is trial 1126 with value: 1.7410514264406347.
[I 2026-05-02 20:35:04,556] Trial 1296 finished with value: 2.390167111923627 and parameters: {'f_n': 6.333281666314375e-07, 'K_d': 599533.8656156771, 'rho_d': 9341420091932.164, 'fission_rate': 5.967439134206936e+19, 'D2_xe_scale': 0.06414190113670762, 'Dg_D1_scale': 0.19088662633202164, 'Dg_D3_scale': 2.6379274596190805, 'Dv_D1_scale': 0.2500255060410492, 'Dv_D2_scale': 0.7435160549600983, 'b_bulk_scale': 0.24468555649119417, 'b_dislocation_scale': 0.14229291088760673, 'gb_scale': 5.38811124709442, 'gd_bubble_scale': 8.379690186926782, 'gd_line_scale': 5.262312810065373, 'gd_line_alpha': 0.5133675563031357, 'coalescence_d_scale': 0.43680390639063493, 'capture_scale': 7.9920851298215325}. Best is trial 1126 with value: 1.7410514264406347.
[I 2026-05-02 20:35:08,061] Trial 1297 finished with value: 4.288896663567331 and parameters: {'f_n': 4.569918467832844e-07, 'K_d': 1416414.8700596269, 'rho_d': 10992180305372.14, 'fission_rate': 7.163534491303106e+19, 'D2_xe_scale': 0.07946463182405984, 'Dg_D1_scale': 0.20106891124744697, 'Dg_D3_scale': 3.136638678400606, 'Dv_D1_scale': 0.3041517092165227, 'Dv_D2_scale': 3.6218714923323008, 'b_bulk_scale': 0.23624685190795225, 'b_dislocation_scale': 2.4205646975372126, 'gb_scale': 4.588794552989994, 'gd_bubble_scale': 7.3760501383155095, 'gd_line_scale': 6.443766734563527, 'gd_line_alpha': 0.6439439963172919, 'coalescence_d_scale': 0.33453503929626366, 'capture_scale': 5.806848697630675}. Best is trial 1126 with value: 1.7410514264406347.
[I 2026-05-02 20:35:11,146] Trial 1298 finished with value: 2.6524026716540283 and parameters: {'f_n': 9.47026987095453e-07, 'K_d': 716875.4033428325, 'rho_d': 10394589991064.604, 'fission_rate': 6.297338689910994e+19, 'D2_xe_scale': 0.13808440484793996, 'Dg_D1_scale': 0.18251618102527092, 'Dg_D3_scale': 2.4665449865075986, 'Dv_D1_scale': 0.2646236339173866, 'Dv_D2_scale': 3.999805360842472, 'b_bulk_scale': 0.27012883814118055, 'b_dislocation_scale': 0.20531805512915144, 'gb_scale': 0.21832811783455885, 'gd_bubble_scale': 7.828217107483358, 'gd_line_scale': 6.498913382998914, 'gd_line_alpha': 0.4540993456449067, 'coalescence_d_scale': 0.3675285902385351, 'capture_scale': 6.465050114236723}. Best is trial 1126 with value: 1.7410514264406347.
[I 2026-05-02 20:35:16,009] Trial 1299 finished with value: 1.9093531740860583 and parameters: {'f_n': 3.363325619414617e-07, 'K_d': 655724.6330175895, 'rho_d': 11357259191742.883, 'fission_rate': 6.056363817753568e+19, 'D2_xe_scale': 0.11536022604205322, 'Dg_D1_scale': 0.18718199485464557, 'Dg_D3_scale': 3.002200243377674, 'Dv_D1_scale': 0.3359538079135346, 'Dv_D2_scale': 3.457330005523789, 'b_bulk_scale': 0.5470379116567522, 'b_dislocation_scale': 0.24334426434628603, 'gb_scale': 5.451039155938954, 'gd_bubble_scale': 8.339227811847536, 'gd_line_scale': 5.899136289736284, 'gd_line_alpha': 0.5458399400441324, 'coalescence_d_scale': 0.5932455611703109, 'capture_scale': 5.778402482657148}. Best is trial 1126 with value: 1.7410514264406347.
[I 2026-05-02 20:35:20,782] Trial 1300 finished with value: 1.8360649066515804 and parameters: {'f_n': 7.938738178591955e-07, 'K_d': 729521.1267516976, 'rho_d': 9654190809120.643, 'fission_rate': 6.2149340357167866e+19, 'D2_xe_scale': 0.04820312282703102, 'Dg_D1_scale': 0.17844418606317985, 'Dg_D3_scale': 2.708713115046338, 'Dv_D1_scale': 0.28362775962504466, 'Dv_D2_scale': 3.760199020010299, 'b_bulk_scale': 0.33347206010770675, 'b_dislocation_scale': 0.1282414640290663, 'gb_scale': 4.922403221659188, 'gd_bubble_scale': 6.351267666986764, 'gd_line_scale': 6.982937354066623, 'gd_line_alpha': 0.6819429479464553, 'coalescence_d_scale': 0.5090605813375833, 'capture_scale': 7.040919922275916}. Best is trial 1126 with value: 1.7410514264406347.Best trial: 1126. Best value: 1.74105:  87%|████████▋ | 1300/1500 [1:42:32<13:58,  4.19s/it]Best trial: 1126. Best value: 1.74105:  87%|████████▋ | 1300/1500 [1:42:32<13:58,  4.19s/it]Best trial: 1126. Best value: 1.74105:  87%|████████▋ | 1301/1500 [1:42:32<14:29,  4.37s/it]                                                                                            Best trial: 1126. Best value: 1.74105:  87%|████████▋ | 1301/1500 [1:42:37<14:29,  4.37s/it]Best trial: 1126. Best value: 1.74105:  87%|████████▋ | 1301/1500 [1:42:37<14:29,  4.37s/it]Best trial: 1126. Best value: 1.74105:  87%|████████▋ | 1302/1500 [1:42:37<14:42,  4.46s/it]                                                                                            Best trial: 1126. Best value: 1.74105:  87%|████████▋ | 1302/1500 [1:42:41<14:42,  4.46s/it]Best trial: 1126. Best value: 1.74105:  87%|████████▋ | 1302/1500 [1:42:42<14:42,  4.46s/it]Best trial: 1126. Best value: 1.74105:  87%|████████▋ | 1303/1500 [1:42:42<15:00,  4.57s/it]                                                                                            Best trial: 1126. Best value: 1.74105:  87%|████████▋ | 1303/1500 [1:42:46<15:00,  4.57s/it]Best trial: 1126. Best value: 1.74105:  87%|████████▋ | 1303/1500 [1:42:46<15:00,  4.57s/it]Best trial: 1126. Best value: 1.74105:  87%|████████▋ | 1304/1500 [1:42:46<15:07,  4.63s/it]                                                                                            Best trial: 1126. Best value: 1.74105:  87%|████████▋ | 1304/1500 [1:42:51<15:07,  4.63s/it]Best trial: 1126. Best value: 1.74105:  87%|████████▋ | 1304/1500 [1:42:51<15:07,  4.63s/it]Best trial: 1126. Best value: 1.74105:  87%|████████▋ | 1305/1500 [1:42:51<15:09,  4.67s/it]                                                                                            Best trial: 1126. Best value: 1.74105:  87%|████████▋ | 1305/1500 [1:42:54<15:09,  4.67s/it]Best trial: 1126. Best value: 1.74105:  87%|████████▋ | 1305/1500 [1:42:54<15:09,  4.67s/it]Best trial: 1126. Best value: 1.74105:  87%|████████▋ | 1306/1500 [1:42:54<13:36,  4.21s/it]                                                                                            Best trial: 1126. Best value: 1.74105:  87%|████████▋ | 1306/1500 [1:42:59<13:36,  4.21s/it]Best trial: 1126. Best value: 1.74105:  87%|████████▋ | 1306/1500 [1:42:59<13:36,  4.21s/it]Best trial: 1126. Best value: 1.74105:  87%|████████▋ | 1307/1500 [1:42:59<14:14,  4.43s/it]                                                                                            Best trial: 1126. Best value: 1.74105:  87%|████████▋ | 1307/1500 [1:43:04<14:14,  4.43s/it]Best trial: 1126. Best value: 1.74105:  87%|████████▋ | 1307/1500 [1:43:04<14:14,  4.43s/it]Best trial: 1126. Best value: 1.74105:  87%|████████▋ | 1308/1500 [1:43:04<14:36,  4.57s/it]                                                                                            Best trial: 1126. Best value: 1.74105:  87%|████████▋ | 1308/1500 [1:43:08<14:36,  4.57s/it]Best trial: 1126. Best value: 1.74105:  87%|████████▋ | 1308/1500 [1:43:09<14:36,  4.57s/it]Best trial: 1126. Best value: 1.74105:  87%|████████▋ | 1309/1500 [1:43:09<14:34,  4.58s/it]                                                                                            Best trial: 1126. Best value: 1.74105:  87%|████████▋ | 1309/1500 [1:43:13<14:34,  4.58s/it]Best trial: 1126. Best value: 1.74105:  87%|████████▋ | 1309/1500 [1:43:13<14:34,  4.58s/it]Best trial: 1126. Best value: 1.74105:  87%|████████▋ | 1310/1500 [1:43:13<14:40,  4.63s/it]                                                                                            Best trial: 1126. Best value: 1.74105:  87%|████████▋ | 1310/1500 [1:43:18<14:40,  4.63s/it]Best trial: 1126. Best value: 1.74105:  87%|████████▋ | 1310/1500 [1:43:18<14:40,  4.63s/it]Best trial: 1126. Best value: 1.74105:  87%|████████▋ | 1311/1500 [1:43:18<14:45,  4.69s/it]                                                                                            
[I 2026-05-02 20:35:25,440] Trial 1301 finished with value: 1.8861393999022318 and parameters: {'f_n': 5.769284286732366e-07, 'K_d': 696152.5974677823, 'rho_d': 11128639263446.475, 'fission_rate': 6.373284845815213e+19, 'D2_xe_scale': 0.05683348349837816, 'Dg_D1_scale': 0.19792364047352953, 'Dg_D3_scale': 3.573281835996507, 'Dv_D1_scale': 0.308096103664777, 'Dv_D2_scale': 3.239929607250294, 'b_bulk_scale': 0.28068633681547295, 'b_dislocation_scale': 0.1625780297505634, 'gb_scale': 5.739852412400741, 'gd_bubble_scale': 7.0796089673489995, 'gd_line_scale': 6.994868742745318, 'gd_line_alpha': 0.43647241998984315, 'coalescence_d_scale': 0.4532385322172023, 'capture_scale': 7.986604326723933}. Best is trial 1126 with value: 1.7410514264406347.
[I 2026-05-02 20:35:30,283] Trial 1302 finished with value: 1.7631307461504975 and parameters: {'f_n': 4.3426914330963427e-07, 'K_d': 602224.0413446954, 'rho_d': 12418943885835.605, 'fission_rate': 6.131749702527183e+19, 'D2_xe_scale': 0.07095985265459952, 'Dg_D1_scale': 0.18740372689720275, 'Dg_D3_scale': 2.417744974352277, 'Dv_D1_scale': 0.2365714158084399, 'Dv_D2_scale': 3.5952583827063194, 'b_bulk_scale': 0.30604951338194025, 'b_dislocation_scale': 0.14488925621293366, 'gb_scale': 5.775303963036482, 'gd_bubble_scale': 9.131650625469364, 'gd_line_scale': 6.301287628148305, 'gd_line_alpha': 0.4703161629768576, 'coalescence_d_scale': 0.42221342074204565, 'capture_scale': 6.355014651101699}. Best is trial 1126 with value: 1.7410514264406347.
