[I 2026-05-02 20:27:28,925] Trial 1193 finished with value: 2.0689551886501714 and parameters: {'f_n': 4.278096889487877e-07, 'K_d': 714484.9629331887, 'rho_d': 8700097145031.511, 'fission_rate': 6.1633671182590214e+19, 'D2_xe_scale': 0.06590750516376646, 'Dg_D1_scale': 0.1765567432151217, 'Dg_D3_scale': 3.3572138827363127, 'Dv_D1_scale': 0.2555236647714619, 'Dv_D2_scale': 0.6579049729632817, 'b_bulk_scale': 0.3894250543316735, 'b_dislocation_scale': 0.1682350839070974, 'gb_scale': 5.401574242910894, 'gd_bubble_scale': 6.559057841970455, 'gd_line_scale': 8.977984401800228, 'gd_line_alpha': 0.5602055399063021, 'coalescence_d_scale': 0.44488019670658274, 'capture_scale': 6.412213261499523}. Best is trial 1126 with value: 1.7410514264406347.
[I 2026-05-02 20:27:32,027] Trial 1194 finished with value: 1.7829574818730802 and parameters: {'f_n': 5.345223735067607e-07, 'K_d': 651339.1864596019, 'rho_d': 10616149692293.791, 'fission_rate': 6.257524093475584e+19, 'D2_xe_scale': 0.04801005484901193, 'Dg_D1_scale': 0.1618540902964202, 'Dg_D3_scale': 2.8038656729834672, 'Dv_D1_scale': 0.28654152476072503, 'Dv_D2_scale': 3.5989380246639207, 'b_bulk_scale': 0.5202032902838649, 'b_dislocation_scale': 0.2030062551935305, 'gb_scale': 7.204149221404179, 'gd_bubble_scale': 9.152717074118247, 'gd_line_scale': 9.919137943954944, 'gd_line_alpha': 0.6278596118990613, 'coalescence_d_scale': 0.37604844986966335, 'capture_scale': 5.731109905116931}. Best is trial 1126 with value: 1.7410514264406347.
[I 2026-05-02 20:27:36,888] Trial 1195 finished with value: 1.8090590452812856 and parameters: {'f_n': 3.459928974802848e-07, 'K_d': 542896.6887355814, 'rho_d': 9780515242563.02, 'fission_rate': 6.057774231324748e+19, 'D2_xe_scale': 0.12127080041341032, 'Dg_D1_scale': 0.15031335796024875, 'Dg_D3_scale': 3.115749372274036, 'Dv_D1_scale': 0.2428268708538093, 'Dv_D2_scale': 3.7787364374842802, 'b_bulk_scale': 0.6277691125788817, 'b_dislocation_scale': 0.14878302617666475, 'gb_scale': 6.618781270896362, 'gd_bubble_scale': 7.574822214960748, 'gd_line_scale': 7.861697261958793, 'gd_line_alpha': 0.5268461323085696, 'coalescence_d_scale': 0.3277887538299088, 'capture_scale': 7.989199553964345}. Best is trial 1126 with value: 1.7410514264406347.
[I 2026-05-02 20:27:41,701] Trial 1196 finished with value: 2.0306299731988546 and parameters: {'f_n': 4.800442449466535e-07, 'K_d': 615408.334901608, 'rho_d': 11286340842488.664, 'fission_rate': 6.121829384968533e+19, 'D2_xe_scale': 0.07391157029199143, 'Dg_D1_scale': 0.18697076942228624, 'Dg_D3_scale': 3.7179381115008945, 'Dv_D1_scale': 0.2814921759853334, 'Dv_D2_scale': 0.5476551314950238, 'b_bulk_scale': 0.36189422647238495, 'b_dislocation_scale': 0.16986031147125125, 'gb_scale': 5.979272791460495, 'gd_bubble_scale': 5.705148920080312, 'gd_line_scale': 8.449098937131462, 'gd_line_alpha': 0.5936091421543422, 'coalescence_d_scale': 0.2663266310243696, 'capture_scale': 6.888167687602326}. Best is trial 1126 with value: 1.7410514264406347.
[I 2026-05-02 20:27:46,511] Trial 1197 finished with value: 2.002892084814405 and parameters: {'f_n': 2.7323013402008064e-07, 'K_d': 729217.8949666354, 'rho_d': 10593356509410.828, 'fission_rate': 6.200841060271162e+19, 'D2_xe_scale': 0.059468424148876736, 'Dg_D1_scale': 0.17288965853864208, 'Dg_D3_scale': 3.303842759884772, 'Dv_D1_scale': 0.26749455228253577, 'Dv_D2_scale': 3.3674873992620777, 'b_bulk_scale': 0.42905231793578597, 'b_dislocation_scale': 0.15006611495143302, 'gb_scale': 5.384068984583016, 'gd_bubble_scale': 7.054874665054578, 'gd_line_scale': 9.988738425717449, 'gd_line_alpha': 0.6178670900826185, 'coalescence_d_scale': 0.407496954445382, 'capture_scale': 5.3416505626487245}. Best is trial 1126 with value: 1.7410514264406347.
[I 2026-05-02 20:27:51,415] Trial 1198 finished with value: 1.7721954154572168 and parameters: {'f_n': 5.503041851784268e-07, 'K_d': 675205.3291927457, 'rho_d': 10466047853406.902, 'fission_rate': 5.9979671406930035e+19, 'D2_xe_scale': 0.09389401656125941, 'Dg_D1_scale': 0.16006752684761938, 'Dg_D3_scale': 2.739381607336237, 'Dv_D1_scale': 0.2982592415449953, 'Dv_D2_scale': 3.5182704418041277, 'b_bulk_scale': 0.48548336002161385, 'b_dislocation_scale': 0.17761713484458616, 'gb_scale': 7.268354285783674, 'gd_bubble_scale': 8.28601483877557, 'gd_line_scale': 8.915629770451693, 'gd_line_alpha': 0.5458582851707412, 'coalescence_d_scale': 0.46004284805918044, 'capture_scale': 7.019997484232658}. Best is trial 1126 with value: 1.7410514264406347.
[I 2026-05-02 20:27:56,183] Trial 1199 finished with value: 1.7562894498053871 and parameters: {'f_n': 4.129873043410561e-07, 'K_d': 695456.8177942262, 'rho_d': 11176597160959.79, 'fission_rate': 6.251168466294677e+19, 'D2_xe_scale': 0.05324978472099196, 'Dg_D1_scale': 0.20047477298105554, 'Dg_D3_scale': 2.876114527539214, 'Dv_D1_scale': 0.2534796636074075, 'Dv_D2_scale': 3.8108796287330398, 'b_bulk_scale': 0.3471028693728371, 'b_dislocation_scale': 0.19165086766129494, 'gb_scale': 6.360114020113265, 'gd_bubble_scale': 9.165717604698317, 'gd_line_scale': 9.961500343152325, 'gd_line_alpha': 0.5145660719452146, 'coalescence_d_scale': 0.3571243624787034, 'capture_scale': 5.863958398359194}. Best is trial 1126 with value: 1.7410514264406347.
[I 2026-05-02 20:27:59,574] Trial 1200 finished with value: 3.5114383559724156 and parameters: {'f_n': 2.967723653328589e-07, 'K_d': 732371.9375670908, 'rho_d': 11434373185685.705, 'fission_rate': 6.290770484137588e+19, 'D2_xe_scale': 0.06269752927337553, 'Dg_D1_scale': 0.20706426236348072, 'Dg_D3_scale': 2.898572724324514, 'Dv_D1_scale': 0.22539405745677865, 'Dv_D2_scale': 3.2072971728909927, 'b_bulk_scale': 0.33521286103188724, 'b_dislocation_scale': 0.5180081750958098, 'gb_scale': 6.674371247824476, 'gd_bubble_scale': 0.6671180754506364, 'gd_line_scale': 7.718012309228265, 'gd_line_alpha': 0.5121539792511913, 'coalescence_d_scale': 0.30449452337958083, 'capture_scale': 5.200831538503147}. Best is trial 1126 with value: 1.7410514264406347.
[I 2026-05-02 20:28:02,627] Trial 1201 finished with value: 1.8973346130303494 and parameters: {'f_n': 2.292150013628891e-07, 'K_d': 699235.4295312035, 'rho_d': 11533552661629.432, 'fission_rate': 6.2923065486161895e+19, 'D2_xe_scale': 0.05489838634250731, 'Dg_D1_scale': 0.19423596459839304, 'Dg_D3_scale': 3.1101999306394514, 'Dv_D1_scale': 0.2522565554792994, 'Dv_D2_scale': 3.4181675791936135, 'b_bulk_scale': 0.3427654333746081, 'b_dislocation_scale': 0.24562355742448053, 'gb_scale': 7.486085063956623, 'gd_bubble_scale': 9.995274010225334, 'gd_line_scale': 8.336265264566853, 'gd_line_alpha': 0.523141084589888, 'coalescence_d_scale': 0.3266227369245115, 'capture_scale': 5.5559783919929275}. Best is trial 1126 with value: 1.7410514264406347.Best trial: 1126. Best value: 1.74105:  80%|████████  | 1201/1500 [1:35:14<21:33,  4.33s/it]Best trial: 1126. Best value: 1.74105:  80%|████████  | 1201/1500 [1:35:14<21:33,  4.33s/it]Best trial: 1126. Best value: 1.74105:  80%|████████  | 1202/1500 [1:35:14<19:35,  3.94s/it]                                                                                            Best trial: 1126. Best value: 1.74105:  80%|████████  | 1202/1500 [1:35:18<19:35,  3.94s/it]Best trial: 1126. Best value: 1.74105:  80%|████████  | 1202/1500 [1:35:19<19:35,  3.94s/it]Best trial: 1126. Best value: 1.74105:  80%|████████  | 1203/1500 [1:35:19<20:41,  4.18s/it]                                                                                            Best trial: 1126. Best value: 1.74105:  80%|████████  | 1203/1500 [1:35:23<20:41,  4.18s/it]Best trial: 1126. Best value: 1.74105:  80%|████████  | 1203/1500 [1:35:23<20:41,  4.18s/it]Best trial: 1126. Best value: 1.74105:  80%|████████  | 1204/1500 [1:35:23<21:24,  4.34s/it]                                                                                            Best trial: 1126. Best value: 1.74105:  80%|████████  | 1204/1500 [1:35:28<21:24,  4.34s/it]Best trial: 1126. Best value: 1.74105:  80%|████████  | 1204/1500 [1:35:28<21:24,  4.34s/it]Best trial: 1126. Best value: 1.74105:  80%|████████  | 1205/1500 [1:35:28<21:53,  4.45s/it]                                                                                            Best trial: 1126. Best value: 1.74105:  80%|████████  | 1205/1500 [1:35:33<21:53,  4.45s/it]Best trial: 1126. Best value: 1.74105:  80%|████████  | 1205/1500 [1:35:33<21:53,  4.45s/it]Best trial: 1126. Best value: 1.74105:  80%|████████  | 1206/1500 [1:35:33<22:12,  4.53s/it]                                                                                            Best trial: 1126. Best value: 1.74105:  80%|████████  | 1206/1500 [1:35:36<22:12,  4.53s/it]Best trial: 1126. Best value: 1.74105:  80%|████████  | 1206/1500 [1:35:36<22:12,  4.53s/it]Best trial: 1126. Best value: 1.74105:  80%|████████  | 1207/1500 [1:35:36<20:16,  4.15s/it]                                                                                            Best trial: 1126. Best value: 1.74105:  80%|████████  | 1207/1500 [1:35:41<20:16,  4.15s/it]Best trial: 1126. Best value: 1.74105:  80%|████████  | 1207/1500 [1:35:41<20:16,  4.15s/it]Best trial: 1126. Best value: 1.74105:  81%|████████  | 1208/1500 [1:35:41<21:15,  4.37s/it]                                                                                            Best trial: 1126. Best value: 1.74105:  81%|████████  | 1208/1500 [1:35:44<21:15,  4.37s/it]Best trial: 1126. Best value: 1.74105:  81%|████████  | 1208/1500 [1:35:44<21:15,  4.37s/it]Best trial: 1126. Best value: 1.74105:  81%|████████  | 1209/1500 [1:35:44<19:28,  4.01s/it]                                                                                            Best trial: 1126. Best value: 1.74105:  81%|████████  | 1209/1500 [1:35:49<19:28,  4.01s/it]Best trial: 1126. Best value: 1.74105:  81%|████████  | 1209/1500 [1:35:49<19:28,  4.01s/it]Best trial: 1126. Best value: 1.74105:  81%|████████  | 1210/1500 [1:35:49<20:23,  4.22s/it]                                                                                            Best trial: 1126. Best value: 1.74105:  81%|████████  | 1210/1500 [1:35:54<20:23,  4.22s/it]Best trial: 1126. Best value: 1.74105:  81%|████████  | 1210/1500 [1:35:54<20:23,  4.22s/it]Best trial: 1126. Best value: 1.74105:  81%|████████  | 1211/1500 [1:35:54<21:36,  4.49s/it]                                                                                            Best trial: 1126. Best value: 1.74105:  81%|████████  | 1211/1500 [1:35:59<21:36,  4.49s/it]Best trial: 1126. Best value: 1.74105:  81%|████████  | 1211/1500 [1:35:59<21:36,  4.49s/it]Best trial: 1126. Best value: 1.74105:  81%|████████  | 1212/1500 [1:35:59<22:16,  4.64s/it]                                                                                            
[I 2026-05-02 20:28:07,361] Trial 1202 finished with value: 1.8073369060507067 and parameters: {'f_n': 3.760208223536127e-07, 'K_d': 738111.4298035314, 'rho_d': 11168479276195.492, 'fission_rate': 6.236804399237243e+19, 'D2_xe_scale': 0.0786844171100193, 'Dg_D1_scale': 0.19392047735517356, 'Dg_D3_scale': 3.4010495014837643, 'Dv_D1_scale': 0.23640496189657623, 'Dv_D2_scale': 3.6122654535441923, 'b_bulk_scale': 0.35602752578626834, 'b_dislocation_scale': 0.2093675813555741, 'gb_scale': 6.632220291619166, 'gd_bubble_scale': 9.12734330847066, 'gd_line_scale': 8.955734381945419, 'gd_line_alpha': 0.5084918990601366, 'coalescence_d_scale': 0.2958457869773251, 'capture_scale': 5.131660068664317}. Best is trial 1126 with value: 1.7410514264406347.
[I 2026-05-02 20:28:12,077] Trial 1203 finished with value: 1.800312837579187 and parameters: {'f_n': 3.330540951807882e-07, 'K_d': 718838.5387441505, 'rho_d': 11383807941114.758, 'fission_rate': 6.285799431186137e+19, 'D2_xe_scale': 0.07096600005443751, 'Dg_D1_scale': 0.20507138525816063, 'Dg_D3_scale': 2.9883100694926705, 'Dv_D1_scale': 0.21703415311938698, 'Dv_D2_scale': 3.7753458701341653, 'b_bulk_scale': 0.3822390024937362, 'b_dislocation_scale': 0.1917768223950822, 'gb_scale': 6.326388121680367, 'gd_bubble_scale': 7.600707470707814, 'gd_line_scale': 7.801100755495737, 'gd_line_alpha': 0.4952969542112322, 'coalescence_d_scale': 0.34841258357416993, 'capture_scale': 5.779317915128604}. Best is trial 1126 with value: 1.7410514264406347.
[I 2026-05-02 20:28:16,793] Trial 1204 finished with value: 2.144900505548724 and parameters: {'f_n': 4.1390002322652244e-07, 'K_d': 662535.0224594729, 'rho_d': 10838019505408.121, 'fission_rate': 6.205597403106234e+19, 'D2_xe_scale': 0.0502091243549012, 'Dg_D1_scale': 0.1595320609529911, 'Dg_D3_scale': 3.2062165117783614, 'Dv_D1_scale': 0.238712387279496, 'Dv_D2_scale': 3.454000908681326, 'b_bulk_scale': 0.343806900289584, 'b_dislocation_scale': 0.2267593309179992, 'gb_scale': 7.344031250228546, 'gd_bubble_scale': 6.329478979912786, 'gd_line_scale': 8.965760102131172, 'gd_line_alpha': 0.528323690328363, 'coalescence_d_scale': 0.3551512375649558, 'capture_scale': 5.967788446624886}. Best is trial 1126 with value: 1.7410514264406347.
[I 2026-05-02 20:28:21,510] Trial 1205 finished with value: 1.837186115674291 and parameters: {'f_n': 3.9597948237114893e-07, 'K_d': 620201.6456106348, 'rho_d': 11844329827496.53, 'fission_rate': 6.3238591468947235e+19, 'D2_xe_scale': 0.058334676183515434, 'Dg_D1_scale': 0.1988745238583712, 'Dg_D3_scale': 2.8658045652043334, 'Dv_D1_scale': 0.2505482523652991, 'Dv_D2_scale': 3.6306787128483093, 'b_bulk_scale': 0.37558996832398783, 'b_dislocation_scale': 0.18953901278803995, 'gb_scale': 6.760482610344297, 'gd_bubble_scale': 8.211312065108409, 'gd_line_scale': 7.626569668160496, 'gd_line_alpha': 0.5098897990235502, 'coalescence_d_scale': 0.2735925760096256, 'capture_scale': 5.117691725589291}. Best is trial 1126 with value: 1.7410514264406347.
[I 2026-05-02 20:28:24,769] Trial 1206 finished with value: 3.665302742723564 and parameters: {'f_n': 2.805459141703539e-07, 'K_d': 700963.7536144841, 'rho_d': 11274130983968.166, 'fission_rate': 6.210358864229588e+19, 'D2_xe_scale': 0.0983124882862959, 'Dg_D1_scale': 0.16993401690363796, 'Dg_D3_scale': 3.558572306120764, 'Dv_D1_scale': 0.2029998209689784, 'Dv_D2_scale': 3.2629155489773445, 'b_bulk_scale': 0.32877418379655254, 'b_dislocation_scale': 1.0299287429830044, 'gb_scale': 7.929577512839082, 'gd_bubble_scale': 7.062955304865672, 'gd_line_scale': 9.940343177199608, 'gd_line_alpha': 0.5483655364095668, 'coalescence_d_scale': 0.31811760764503716, 'capture_scale': 6.203826892587972}. Best is trial 1126 with value: 1.7410514264406347.
[I 2026-05-02 20:28:29,639] Trial 1207 finished with value: 6.617097435718232 and parameters: {'f_n': 3.4152884016810554e-07, 'K_d': 569189.9039372158, 'rho_d': 10720652150748.494, 'fission_rate': 6.28710908274205e+19, 'D2_xe_scale': 0.07160726103185956, 'Dg_D1_scale': 0.1501835800476798, 'Dg_D3_scale': 2.7877312919810366, 'Dv_D1_scale': 0.23287627963914165, 'Dv_D2_scale': 3.780312785565713, 'b_bulk_scale': 0.40195857045656064, 'b_dislocation_scale': 0.15905784791755956, 'gb_scale': 6.1181690470038355, 'gd_bubble_scale': 9.165168456309079, 'gd_line_scale': 8.440735083819927, 'gd_line_alpha': 0.4851789891799145, 'coalescence_d_scale': 19.724863848219197, 'capture_scale': 6.419238609569795}. Best is trial 1126 with value: 1.7410514264406347.
[I 2026-05-02 20:28:32,833] Trial 1208 finished with value: 1.8164495029203047 and parameters: {'f_n': 4.1613854841293263e-07, 'K_d': 739043.8068353445, 'rho_d': 11439016049003.938, 'fission_rate': 6.152884647148291e+19, 'D2_xe_scale': 0.08654727730986675, 'Dg_D1_scale': 0.18550912825332935, 'Dg_D3_scale': 3.3624871267260334, 'Dv_D1_scale': 0.25973258688034634, 'Dv_D2_scale': 3.7883969157740336, 'b_bulk_scale': 0.3329953727108821, 'b_dislocation_scale': 0.2076466907799457, 'gb_scale': 7.269634338228226, 'gd_bubble_scale': 7.847968793392715, 'gd_line_scale': 9.95108913640682, 'gd_line_alpha': 0.5126524475197191, 'coalescence_d_scale': 0.36371799648381403, 'capture_scale': 5.316336198031235}. Best is trial 1126 with value: 1.7410514264406347.
[I 2026-05-02 20:28:37,532] Trial 1209 finished with value: 1.8674918061367725 and parameters: {'f_n': 4.8155732694147e-07, 'K_d': 633789.6520680576, 'rho_d': 11883304218629.486, 'fission_rate': 6.083240094427107e+19, 'D2_xe_scale': 0.06351415139923282, 'Dg_D1_scale': 0.1658367312870772, 'Dg_D3_scale': 3.072746180677535, 'Dv_D1_scale': 3.081635532189452, 'Dv_D2_scale': 3.5795907231196025, 'b_bulk_scale': 0.3781111925581381, 'b_dislocation_scale': 0.1815147685919107, 'gb_scale': 5.960544549499073, 'gd_bubble_scale': 5.990741556730852, 'gd_line_scale': 7.665226255957923, 'gd_line_alpha': 0.5366080891138889, 'coalescence_d_scale': 0.3747022357692795, 'capture_scale': 6.384655973596823}. Best is trial 1126 with value: 1.7410514264406347.
[I 2026-05-02 20:28:42,637] Trial 1210 finished with value: 1.7678794234497128 and parameters: {'f_n': 4.744303191900801e-07, 'K_d': 690977.7181860262, 'rho_d': 10858144400869.484, 'fission_rate': 6.331292518647106e+19, 'D2_xe_scale': 0.046141822775345565, 'Dg_D1_scale': 0.17644425577117928, 'Dg_D3_scale': 2.67372768259618, 'Dv_D1_scale': 0.26018234654552863, 'Dv_D2_scale': 3.7842193629775833, 'b_bulk_scale': 0.40137406233369094, 'b_dislocation_scale': 0.14450908468211984, 'gb_scale': 6.662715007455791, 'gd_bubble_scale': 5.1418327829737525, 'gd_line_scale': 8.924128024375353, 'gd_line_alpha': 0.5063868076285906, 'coalescence_d_scale': 0.3198208550384588, 'capture_scale': 4.80357809333191}. Best is trial 1126 with value: 1.7410514264406347.
[I 2026-05-02 20:28:47,581] Trial 1211 finished with value: 3.830717767743265 and parameters: {'f_n': 3.3145124182250676e-07, 'K_d': 651660.2380815317, 'rho_d': 12042133963246.107, 'fission_rate': 6.228298234333331e+19, 'D2_xe_scale': 0.05356659078157942, 'Dg_D1_scale': 0.1588600135313589, 'Dg_D3_scale': 3.161881143660688, 'Dv_D1_scale': 0.2433351192615156, 'Dv_D2_scale': 3.435850011456469, 'b_bulk_scale': 0.3558259289656658, 'b_dislocation_scale': 0.16566979734509976, 'gb_scale': 7.988704222271768, 'gd_bubble_scale': 0.06796100113922997, 'gd_line_scale': 1.6970152632961766, 'gd_line_alpha': 0.4731080541019633, 'coalescence_d_scale': 0.25226192272694403, 'capture_scale': 0.22444813977193034}. Best is trial 1126 with value: 1.7410514264406347.
