[I 2026-05-02 19:25:36,947] Trial 368 finished with value: 2.3158918808848115 and parameters: {'f_n': 7.698300396573025e-08, 'K_d': 557186.9282491175, 'rho_d': 9189818407108.223, 'fission_rate': 4.93106369050552e+19, 'D2_xe_scale': 17.800107973290668, 'Dg_D1_scale': 0.28660891784622244, 'Dg_D3_scale': 2.1533069787428434, 'Dv_D1_scale': 0.5212866953535799, 'Dv_D2_scale': 1.5760674863164232, 'b_bulk_scale': 0.05275244666123962, 'b_dislocation_scale': 0.04566549047850512, 'gb_scale': 2.581418889899287, 'gd_bubble_scale': 3.60637105402049, 'gd_line_scale': 5.096268181250228, 'gd_line_alpha': 0.17156863759633267, 'coalescence_d_scale': 0.4204109975415656, 'capture_scale': 1.8031878243154893}. Best is trial 328 with value: 1.8528912968666595.
[I 2026-05-02 19:25:42,191] Trial 369 finished with value: 1.8580406239657303 and parameters: {'f_n': 9.069175384618957e-07, 'K_d': 644055.2299740186, 'rho_d': 9975020284110.78, 'fission_rate': 5.327756412399209e+19, 'D2_xe_scale': 22.10391527320564, 'Dg_D1_scale': 0.31034266142791844, 'Dg_D3_scale': 2.562360586452715, 'Dv_D1_scale': 0.4574709196334555, 'Dv_D2_scale': 1.6823599217587606, 'b_bulk_scale': 0.05436684134566413, 'b_dislocation_scale': 0.04719946215596151, 'gb_scale': 2.144935527698423, 'gd_bubble_scale': 4.5255081168171785, 'gd_line_scale': 4.506518308117419, 'gd_line_alpha': 0.14099950568938383, 'coalescence_d_scale': 0.5027370629394632, 'capture_scale': 2.4334790120866208}. Best is trial 328 with value: 1.8528912968666595.
[I 2026-05-02 19:25:45,795] Trial 370 finished with value: 4.951520101761295 and parameters: {'f_n': 5.408942295712976e-07, 'K_d': 633428.1352048088, 'rho_d': 70390731115311.2, 'fission_rate': 5.3172954614662136e+19, 'D2_xe_scale': 23.58369068252006, 'Dg_D1_scale': 0.3344689110115676, 'Dg_D3_scale': 2.5965197726762006, 'Dv_D1_scale': 0.46873265229289185, 'Dv_D2_scale': 0.7425929177264113, 'b_bulk_scale': 0.047842785101032084, 'b_dislocation_scale': 0.03785533722644901, 'gb_scale': 2.1178921635975723, 'gd_bubble_scale': 4.991714453805477, 'gd_line_scale': 5.46195845881056, 'gd_line_alpha': 0.12894453126495403, 'coalescence_d_scale': 1.0688325851052296, 'capture_scale': 2.276751993208179}. Best is trial 328 with value: 1.8528912968666595.
[I 2026-05-02 19:25:51,487] Trial 371 finished with value: 1.933889812814826 and parameters: {'f_n': 6.808649029926346e-07, 'K_d': 650393.4869863357, 'rho_d': 9526739502571.938, 'fission_rate': 4.772947907429747e+19, 'D2_xe_scale': 22.792923520367175, 'Dg_D1_scale': 0.3634429282653599, 'Dg_D3_scale': 2.7962314272774385, 'Dv_D1_scale': 0.4489871176404764, 'Dv_D2_scale': 1.6972195705225026, 'b_bulk_scale': 0.052986414806886824, 'b_dislocation_scale': 0.04545735612159364, 'gb_scale': 1.8087080826146789, 'gd_bubble_scale': 4.872097836439495, 'gd_line_scale': 4.373886260733411, 'gd_line_alpha': 0.05245208770344051, 'coalescence_d_scale': 0.5049126148119671, 'capture_scale': 3.0859435072683694}. Best is trial 328 with value: 1.8528912968666595.
[I 2026-05-02 19:25:56,935] Trial 372 finished with value: 2.993490644107132 and parameters: {'f_n': 3.466979403001547e-08, 'K_d': 591605.8797104887, 'rho_d': 10195343178704.434, 'fission_rate': 5.0756461371754185e+19, 'D2_xe_scale': 17.048655675821987, 'Dg_D1_scale': 0.3157980140937073, 'Dg_D3_scale': 2.561354279977273, 'Dv_D1_scale': 0.5038908038743349, 'Dv_D2_scale': 2.022430841866926, 'b_bulk_scale': 0.04402156779233918, 'b_dislocation_scale': 0.04323315290765226, 'gb_scale': 2.046772247006791, 'gd_bubble_scale': 3.9695017728800375, 'gd_line_scale': 4.926714556794826, 'gd_line_alpha': 0.19934538939412977, 'coalescence_d_scale': 0.5837860080490592, 'capture_scale': 2.777753775257656}. Best is trial 328 with value: 1.8528912968666595.
[I 2026-05-02 19:26:02,301] Trial 373 finished with value: 1.8706143867453027 and parameters: {'f_n': 9.049414535620714e-07, 'K_d': 609457.9610451346, 'rho_d': 8991182988613.969, 'fission_rate': 5.128976560374529e+19, 'D2_xe_scale': 19.43641646558945, 'Dg_D1_scale': 0.28928881965916264, 'Dg_D3_scale': 2.873556521620148, 'Dv_D1_scale': 0.5741039137830958, 'Dv_D2_scale': 1.9500699627176896, 'b_bulk_scale': 0.03898361024285679, 'b_dislocation_scale': 0.04798873443034235, 'gb_scale': 2.7267993443948444, 'gd_bubble_scale': 4.43891595198848, 'gd_line_scale': 5.772882530216, 'gd_line_alpha': 0.0833220002590278, 'coalescence_d_scale': 0.4871317886923607, 'capture_scale': 2.147979002325039}. Best is trial 328 with value: 1.8528912968666595.
[I 2026-05-02 19:26:07,808] Trial 374 finished with value: 3.827444842442418 and parameters: {'f_n': 8.890166195637435e-07, 'K_d': 611962.1860451091, 'rho_d': 8769391856142.877, 'fission_rate': 5.017497876800011e+19, 'D2_xe_scale': 18.498597744137662, 'Dg_D1_scale': 0.2882145828837398, 'Dg_D3_scale': 2.849411559555535, 'Dv_D1_scale': 0.5798285100569895, 'Dv_D2_scale': 1.784933394564022, 'b_bulk_scale': 0.039326693022861216, 'b_dislocation_scale': 0.049394532725877675, 'gb_scale': 1.7316839832603792, 'gd_bubble_scale': 4.404676546170859, 'gd_line_scale': 0.13170284137714655, 'gd_line_alpha': 0.07214170915441812, 'coalescence_d_scale': 0.49255965666266954, 'capture_scale': 1.9377378292395233}. Best is trial 328 with value: 1.8528912968666595.
[I 2026-05-02 19:26:13,163] Trial 375 finished with value: 1.9134339953926405 and parameters: {'f_n': 7.598184570286624e-07, 'K_d': 570358.1923459531, 'rho_d': 9046789135203.715, 'fission_rate': 5.164985025154328e+19, 'D2_xe_scale': 14.994109287357093, 'Dg_D1_scale': 0.33500763669995054, 'Dg_D3_scale': 2.300876427757048, 'Dv_D1_scale': 0.5178639955836494, 'Dv_D2_scale': 1.6659701619567542, 'b_bulk_scale': 0.054885702849172, 'b_dislocation_scale': 0.053230865193839794, 'gb_scale': 2.1768513340920133, 'gd_bubble_scale': 3.7378051618702117, 'gd_line_scale': 6.327018066872702, 'gd_line_alpha': 0.12088490989751062, 'coalescence_d_scale': 0.6031103162562004, 'capture_scale': 2.186043843818066}. Best is trial 328 with value: 1.8528912968666595.
[I 2026-05-02 19:26:16,930] Trial 376 finished with value: 1.9877234870197082 and parameters: {'f_n': 5.894980986231035e-07, 'K_d': 634766.8792833941, 'rho_d': 9533996976584.297, 'fission_rate': 5.159678804045286e+19, 'D2_xe_scale': 20.467944334680425, 'Dg_D1_scale': 0.3575806721395075, 'Dg_D3_scale': 2.6732089732634567, 'Dv_D1_scale': 0.5599337288132283, 'Dv_D2_scale': 1.8543018793220611, 'b_bulk_scale': 0.03833124112884724, 'b_dislocation_scale': 0.041096157785711816, 'gb_scale': 2.526413192330609, 'gd_bubble_scale': 5.0828573178549465, 'gd_line_scale': 5.73204827921857, 'gd_line_alpha': 0.08390686847389471, 'coalescence_d_scale': 0.4638327901835892, 'capture_scale': 2.375365793143887}. Best is trial 328 with value: 1.8528912968666595.Best trial: 328. Best value: 1.85289:  25%|██▌       | 376/1500 [33:28<1:40:03,  5.34s/it]Best trial: 328. Best value: 1.85289:  25%|██▌       | 376/1500 [33:28<1:40:03,  5.34s/it]Best trial: 328. Best value: 1.85289:  25%|██▌       | 377/1500 [33:28<1:31:07,  4.87s/it]                                                                                          Best trial: 328. Best value: 1.85289:  25%|██▌       | 377/1500 [33:33<1:31:07,  4.87s/it]Best trial: 328. Best value: 1.85289:  25%|██▌       | 377/1500 [33:33<1:31:07,  4.87s/it]Best trial: 328. Best value: 1.85289:  25%|██▌       | 378/1500 [33:33<1:33:15,  4.99s/it]                                                                                          Best trial: 328. Best value: 1.85289:  25%|██▌       | 378/1500 [33:39<1:33:15,  4.99s/it]Best trial: 328. Best value: 1.85289:  25%|██▌       | 378/1500 [33:39<1:33:15,  4.99s/it]Best trial: 328. Best value: 1.85289:  25%|██▌       | 379/1500 [33:39<1:37:39,  5.23s/it]                                                                                          Best trial: 328. Best value: 1.85289:  25%|██▌       | 379/1500 [33:45<1:37:39,  5.23s/it]Best trial: 328. Best value: 1.85289:  25%|██▌       | 379/1500 [33:45<1:37:39,  5.23s/it]Best trial: 328. Best value: 1.85289:  25%|██▌       | 380/1500 [33:45<1:40:42,  5.40s/it]                                                                                          Best trial: 328. Best value: 1.85289:  25%|██▌       | 380/1500 [33:51<1:40:42,  5.40s/it]Best trial: 328. Best value: 1.85289:  25%|██▌       | 380/1500 [33:51<1:40:42,  5.40s/it]Best trial: 328. Best value: 1.85289:  25%|██▌       | 381/1500 [33:51<1:42:17,  5.49s/it]                                                                                          Best trial: 328. Best value: 1.85289:  25%|██▌       | 381/1500 [33:54<1:42:17,  5.49s/it]Best trial: 328. Best value: 1.85289:  25%|██▌       | 381/1500 [33:55<1:42:17,  5.49s/it]Best trial: 328. Best value: 1.85289:  25%|██▌       | 382/1500 [33:55<1:33:37,  5.02s/it]                                                                                          Best trial: 328. Best value: 1.85289:  25%|██▌       | 382/1500 [34:00<1:33:37,  5.02s/it]Best trial: 328. Best value: 1.85289:  25%|██▌       | 382/1500 [34:00<1:33:37,  5.02s/it]Best trial: 328. Best value: 1.85289:  26%|██▌       | 383/1500 [34:00<1:38:07,  5.27s/it]                                                                                          Best trial: 328. Best value: 1.85289:  26%|██▌       | 383/1500 [34:06<1:38:07,  5.27s/it]Best trial: 328. Best value: 1.85289:  26%|██▌       | 383/1500 [34:06<1:38:07,  5.27s/it]Best trial: 328. Best value: 1.85289:  26%|██▌       | 384/1500 [34:06<1:40:33,  5.41s/it]                                                                                          Best trial: 328. Best value: 1.85289:  26%|██▌       | 384/1500 [34:12<1:40:33,  5.41s/it]Best trial: 328. Best value: 1.85289:  26%|██▌       | 384/1500 [34:12<1:40:33,  5.41s/it]Best trial: 328. Best value: 1.85289:  26%|██▌       | 385/1500 [34:12<1:41:20,  5.45s/it]                                                                                          Best trial: 328. Best value: 1.85289:  26%|██▌       | 385/1500 [34:17<1:41:20,  5.45s/it]Best trial: 328. Best value: 1.85289:  26%|██▌       | 385/1500 [34:17<1:41:20,  5.45s/it]Best trial: 328. Best value: 1.85289:  26%|██▌       | 386/1500 [34:17<1:39:26,  5.36s/it]                                                                                          Best trial: 328. Best value: 1.85289:  26%|██▌       | 386/1500 [34:22<1:39:26,  5.36s/it]Best trial: 328. Best value: 1.85289:  26%|██▌       | 386/1500 [34:22<1:39:26,  5.36s/it]Best trial: 328. Best value: 1.85289:  26%|██▌       | 387/1500 [34:22<1:40:36,  5.42s/it]                                                                                          
[I 2026-05-02 19:26:22,194] Trial 377 finished with value: 1.9413274313766473 and parameters: {'f_n': 8.66845714240212e-07, 'K_d': 596759.4845558977, 'rho_d': 8164185095028.272, 'fission_rate': 5.232437583062724e+19, 'D2_xe_scale': 17.12631883461393, 'Dg_D1_scale': 0.2762467767902107, 'Dg_D3_scale': 2.4672664741741825, 'Dv_D1_scale': 0.713311930673248, 'Dv_D2_scale': 1.7493020660394254, 'b_bulk_scale': 0.03509376636621362, 'b_dislocation_scale': 0.04675679009298558, 'gb_scale': 2.2112347760896442, 'gd_bubble_scale': 4.660025098618477, 'gd_line_scale': 7.38864930696282, 'gd_line_alpha': 0.14363487344960765, 'coalescence_d_scale': 0.5188322138795679, 'capture_scale': 1.6171178966730841}. Best is trial 328 with value: 1.8528912968666595.
[I 2026-05-02 19:26:27,973] Trial 378 finished with value: 1.8800925496131295 and parameters: {'f_n': 9.610383302902552e-07, 'K_d': 553825.4704951723, 'rho_d': 9159895610701.041, 'fission_rate': 4.810670617563543e+19, 'D2_xe_scale': 12.721010649434161, 'Dg_D1_scale': 0.29901943667806796, 'Dg_D3_scale': 2.833628741823415, 'Dv_D1_scale': 0.6280407694090107, 'Dv_D2_scale': 1.5997321855629556, 'b_bulk_scale': 0.04805376386096138, 'b_dislocation_scale': 0.05731836254935183, 'gb_scale': 1.8491852834453206, 'gd_bubble_scale': 3.2645624751883107, 'gd_line_scale': 5.588786657325427, 'gd_line_alpha': 0.17778204695609323, 'coalescence_d_scale': 0.462834601454555, 'capture_scale': 3.1968743901155054}. Best is trial 328 with value: 1.8528912968666595.
[I 2026-05-02 19:26:33,768] Trial 379 finished with value: 1.932129835501311 and parameters: {'f_n': 6.845457553083368e-07, 'K_d': 545129.4320895298, 'rho_d': 8625369438649.527, 'fission_rate': 4.711741133733026e+19, 'D2_xe_scale': 0.04038194772883225, 'Dg_D1_scale': 0.29050914518586707, 'Dg_D3_scale': 2.889295548852063, 'Dv_D1_scale': 0.5901778601788459, 'Dv_D2_scale': 1.5934387363010323, 'b_bulk_scale': 0.044142017462192526, 'b_dislocation_scale': 0.05673096580968379, 'gb_scale': 1.7511055071281958, 'gd_bubble_scale': 2.7381966043420993, 'gd_line_scale': 6.332611433415427, 'gd_line_alpha': 0.17686391256860445, 'coalescence_d_scale': 0.4105742105459788, 'capture_scale': 3.274560298737521}. Best is trial 328 with value: 1.8528912968666595.
[I 2026-05-02 19:26:39,463] Trial 380 finished with value: 1.927458661201637 and parameters: {'f_n': 8.92112630730673e-07, 'K_d': 657127.7236242158, 'rho_d': 7635578924342.258, 'fission_rate': 4.820449488629326e+19, 'D2_xe_scale': 23.379523417454, 'Dg_D1_scale': 0.30830650450702746, 'Dg_D3_scale': 2.8581871842957454, 'Dv_D1_scale': 0.6227538326424675, 'Dv_D2_scale': 1.6260440838536503, 'b_bulk_scale': 0.04812697029442261, 'b_dislocation_scale': 0.057533880459170544, 'gb_scale': 1.8545133191511405, 'gd_bubble_scale': 3.5715566483712684, 'gd_line_scale': 5.736853595506815, 'gd_line_alpha': 0.19525408725055982, 'coalescence_d_scale': 0.5560542002333285, 'capture_scale': 2.9299402135071206}. Best is trial 328 with value: 1.8528912968666595.
[I 2026-05-02 19:26:43,411] Trial 381 finished with value: 1.9210318621218858 and parameters: {'f_n': 9.241717570483741e-07, 'K_d': 608104.4421080832, 'rho_d': 9252049488270.672, 'fission_rate': 4.894977749410668e+19, 'D2_xe_scale': 12.529494013414157, 'Dg_D1_scale': 0.3240176059482351, 'Dg_D3_scale': 2.6703315512460097, 'Dv_D1_scale': 0.6600051117830305, 'Dv_D2_scale': 0.9273957643808013, 'b_bulk_scale': 0.05916214554635713, 'b_dislocation_scale': 0.0484463557115644, 'gb_scale': 1.9434427872715294, 'gd_bubble_scale': 2.1988976726351694, 'gd_line_scale': 4.747001278235074, 'gd_line_alpha': 0.16321290841434327, 'coalescence_d_scale': 0.45332718510030656, 'capture_scale': 2.649055297072866}. Best is trial 328 with value: 1.8528912968666595.
[I 2026-05-02 19:26:49,257] Trial 382 finished with value: 2.3297061966496457 and parameters: {'f_n': 4.905064020941366e-07, 'K_d': 557350.9616087601, 'rho_d': 8977919290198.76, 'fission_rate': 4.7069270095974736e+19, 'D2_xe_scale': 19.828959934940478, 'Dg_D1_scale': 0.30209957031957974, 'Dg_D3_scale': 2.253681389920778, 'Dv_D1_scale': 0.5455879777630781, 'Dv_D2_scale': 1.9410524513388938, 'b_bulk_scale': 0.04080345363234486, 'b_dislocation_scale': 0.037599387534023775, 'gb_scale': 1.7095917058877748, 'gd_bubble_scale': 3.2543587971361148, 'gd_line_scale': 6.603191142384827, 'gd_line_alpha': 0.11004244186283374, 'coalescence_d_scale': 0.5304622389861279, 'capture_scale': 3.2499760476903536}. Best is trial 328 with value: 1.8528912968666595.
[I 2026-05-02 19:26:54,979] Trial 383 finished with value: 1.890190469039533 and parameters: {'f_n': 1.183051882765641e-06, 'K_d': 650592.4165121093, 'rho_d': 7966650613955.354, 'fission_rate': 4.78094687864115e+19, 'D2_xe_scale': 23.48289975376291, 'Dg_D1_scale': 0.37155742554545107, 'Dg_D3_scale': 2.8703571023664476, 'Dv_D1_scale': 0.46719507808204935, 'Dv_D2_scale': 1.6939519475913118, 'b_bulk_scale': 0.05529364594753102, 'b_dislocation_scale': 0.04271663871403491, 'gb_scale': 2.0837252825400587, 'gd_bubble_scale': 3.9706353294675507, 'gd_line_scale': 5.352955664280065, 'gd_line_alpha': 0.1875957462710886, 'coalescence_d_scale': 0.40895965681536195, 'capture_scale': 2.322939160894571}. Best is trial 328 with value: 1.8528912968666595.
[I 2026-05-02 19:27:00,542] Trial 384 finished with value: 1.9193575095238231 and parameters: {'f_n': 7.131649875016853e-07, 'K_d': 527980.0398025389, 'rho_d': 9636195599315.908, 'fission_rate': 4.897935897154631e+19, 'D2_xe_scale': 18.902761951668207, 'Dg_D1_scale': 0.33735232272527865, 'Dg_D3_scale': 2.709379024068072, 'Dv_D1_scale': 0.5983035588424856, 'Dv_D2_scale': 1.5552261505984033, 'b_bulk_scale': 0.04643450310772502, 'b_dislocation_scale': 0.05850091528492462, 'gb_scale': 1.9050774510808377, 'gd_bubble_scale': 3.1113788957589006, 'gd_line_scale': 4.83651609251838, 'gd_line_alpha': 0.17305424797621294, 'coalescence_d_scale': 0.6237681759619882, 'capture_scale': 2.728363584838182}. Best is trial 328 with value: 1.8528912968666595.
[I 2026-05-02 19:27:05,663] Trial 385 finished with value: 1.8869091869200643 and parameters: {'f_n': 1.2916610382657026e-06, 'K_d': 590909.7566329432, 'rho_d': 10108281620525.549, 'fission_rate': 5.3674252127277335e+19, 'D2_xe_scale': 13.825309093933022, 'Dg_D1_scale': 0.39317554863915094, 'Dg_D3_scale': 2.409890543426698, 'Dv_D1_scale': 0.5178921546527736, 'Dv_D2_scale': 1.6858451686681122, 'b_bulk_scale': 0.04994949587685195, 'b_dislocation_scale': 0.047239858691186395, 'gb_scale': 2.161943425192371, 'gd_bubble_scale': 4.358165519341497, 'gd_line_scale': 5.741207975949774, 'gd_line_alpha': 0.15615786823338196, 'coalescence_d_scale': 0.4645143623968324, 'capture_scale': 3.2515956704885682}. Best is trial 328 with value: 1.8528912968666595.
[I 2026-05-02 19:27:11,251] Trial 386 finished with value: 2.1101003757678147 and parameters: {'f_n': 9.410684297526831e-07, 'K_d': 628149.5314368723, 'rho_d': 8429202033611.019, 'fission_rate': 4.971282863578937e+19, 'D2_xe_scale': 17.69763674466032, 'Dg_D1_scale': 0.28417023601859004, 'Dg_D3_scale': 2.55118589144881, 'Dv_D1_scale': 0.559302100060941, 'Dv_D2_scale': 1.8088684796561423, 'b_bulk_scale': 0.062043671439488024, 'b_dislocation_scale': 0.05457882730609061, 'gb_scale': 1.6523065257697276, 'gd_bubble_scale': 3.5183605495553323, 'gd_line_scale': 8.232265827936486, 'gd_line_alpha': 0.09492840399153056, 'coalescence_d_scale': 0.4250933192342287, 'capture_scale': 1.9016944984211572}. Best is trial 328 with value: 1.8528912968666595.
