[I 2026-05-02 19:01:35,448] Trial 112 finished with value: 2.032340133746385 and parameters: {'f_n': 3.518298396487762e-07, 'K_d': 1020450.1602810351, 'rho_d': 14263471357297.566, 'fission_rate': 6.198892238618802e+19, 'D2_xe_scale': 7.843939751408072, 'Dg_D1_scale': 0.27255351237662007, 'Dg_D3_scale': 3.6323615101420277, 'Dv_D1_scale': 0.29338463741046, 'Dv_D2_scale': 2.0120961147447467, 'b_bulk_scale': 0.05925701213596936, 'b_dislocation_scale': 0.038383673534640346, 'gb_scale': 1.8432752662084, 'gd_bubble_scale': 6.291252182514189, 'gd_line_scale': 0.510728910892655, 'gd_line_alpha': 0.12512409605175778, 'coalescence_d_scale': 0.16776397324766149, 'capture_scale': 5.383959518466189}. Best is trial 72 with value: 1.9057808883113645.Best trial: 72. Best value: 1.90578:   7%|▋         | 112/1500 [08:47<1:58:51,  5.14s/it]Best trial: 72. Best value: 1.90578:   7%|▋         | 112/1500 [08:47<1:58:51,  5.14s/it]Best trial: 72. Best value: 1.90578:   8%|▊         | 113/1500 [08:47<1:54:42,  4.96s/it]                                                                                         Best trial: 72. Best value: 1.90578:   8%|▊         | 113/1500 [08:51<1:54:42,  4.96s/it]Best trial: 72. Best value: 1.90578:   8%|▊         | 113/1500 [08:51<1:54:42,  4.96s/it]Best trial: 72. Best value: 1.90578:   8%|▊         | 114/1500 [08:51<1:53:10,  4.90s/it]                                                                                         Best trial: 72. Best value: 1.90578:   8%|▊         | 114/1500 [08:55<1:53:10,  4.90s/it]Best trial: 72. Best value: 1.90578:   8%|▊         | 114/1500 [08:55<1:53:10,  4.90s/it]Best trial: 72. Best value: 1.90578:   8%|▊         | 115/1500 [08:55<1:47:47,  4.67s/it]                                                                                         Best trial: 72. Best value: 1.90578:   8%|▊         | 115/1500 [09:00<1:47:47,  4.67s/it]Best trial: 72. Best value: 1.90578:   8%|▊         | 115/1500 [09:00<1:47:47,  4.67s/it]Best trial: 72. Best value: 1.90578:   8%|▊         | 116/1500 [09:00<1:46:21,  4.61s/it]                                                                                         Best trial: 72. Best value: 1.90578:   8%|▊         | 116/1500 [09:04<1:46:21,  4.61s/it]Best trial: 116. Best value: 1.86818:   8%|▊         | 116/1500 [09:04<1:46:21,  4.61s/it]Best trial: 116. Best value: 1.86818:   8%|▊         | 117/1500 [09:04<1:44:29,  4.53s/it]                                                                                          Best trial: 116. Best value: 1.86818:   8%|▊         | 117/1500 [09:09<1:44:29,  4.53s/it]Best trial: 116. Best value: 1.86818:   8%|▊         | 117/1500 [09:09<1:44:29,  4.53s/it]Best trial: 116. Best value: 1.86818:   8%|▊         | 118/1500 [09:09<1:44:42,  4.55s/it]                                                                                          Best trial: 116. Best value: 1.86818:   8%|▊         | 118/1500 [09:13<1:44:42,  4.55s/it]Best trial: 116. Best value: 1.86818:   8%|▊         | 118/1500 [09:13<1:44:42,  4.55s/it]Best trial: 116. Best value: 1.86818:   8%|▊         | 119/1500 [09:13<1:43:19,  4.49s/it]                                                                                          Best trial: 116. Best value: 1.86818:   8%|▊         | 119/1500 [09:19<1:43:19,  4.49s/it]Best trial: 116. Best value: 1.86818:   8%|▊         | 119/1500 [09:19<1:43:19,  4.49s/it]Best trial: 116. Best value: 1.86818:   8%|▊         | 120/1500 [09:19<1:52:56,  4.91s/it]                                                                                          Best trial: 116. Best value: 1.86818:   8%|▊         | 120/1500 [09:23<1:52:56,  4.91s/it]Best trial: 116. Best value: 1.86818:   8%|▊         | 120/1500 [09:23<1:52:56,  4.91s/it]Best trial: 116. Best value: 1.86818:   8%|▊         | 121/1500 [09:23<1:49:13,  4.75s/it]                                                                                          Best trial: 116. Best value: 1.86818:   8%|▊         | 121/1500 [09:26<1:49:13,  4.75s/it]Best trial: 116. Best value: 1.86818:   8%|▊         | 121/1500 [09:26<1:49:13,  4.75s/it]Best trial: 116. Best value: 1.86818:   8%|▊         | 122/1500 [09:26<1:36:58,  4.22s/it]                                                                                          Best trial: 116. Best value: 1.86818:   8%|▊         | 122/1500 [09:31<1:36:58,  4.22s/it]Best trial: 116. Best value: 1.86818:   8%|▊         | 122/1500 [09:31<1:36:58,  4.22s/it]Best trial: 116. Best value: 1.86818:   8%|▊         | 123/1500 [09:31<1:38:14,  4.28s/it]                                                                                          
[I 2026-05-02 19:01:40,202] Trial 113 finished with value: 2.2813378799435386 and parameters: {'f_n': 3.2040643544196007e-07, 'K_d': 1089300.7744261178, 'rho_d': 15967777783405.943, 'fission_rate': 6.17955704080642e+19, 'D2_xe_scale': 8.352238591334824, 'Dg_D1_scale': 0.27339594823064634, 'Dg_D3_scale': 2.553670789201716, 'Dv_D1_scale': 0.2986748952087353, 'Dv_D2_scale': 1.7530407699851653, 'b_bulk_scale': 0.05941182778400915, 'b_dislocation_scale': 0.04188844169019905, 'gb_scale': 1.873871133766627, 'gd_bubble_scale': 4.1000991587952775, 'gd_line_scale': 0.4789549827301045, 'gd_line_alpha': 0.1328021714536192, 'coalescence_d_scale': 0.1688929471021699, 'capture_scale': 6.857640783823478}. Best is trial 72 with value: 1.9057808883113645.
[I 2026-05-02 19:01:44,334] Trial 114 finished with value: 2.874840969803241 and parameters: {'f_n': 6.240624422362733e-07, 'K_d': 1126447.01307859, 'rho_d': 14623614479268.871, 'fission_rate': 4.870633744129845e+19, 'D2_xe_scale': 3.8295128301208945, 'Dg_D1_scale': 0.2037594163724496, 'Dg_D3_scale': 3.1659481817790462, 'Dv_D1_scale': 0.31997371311994627, 'Dv_D2_scale': 1.912149397446644, 'b_bulk_scale': 0.09691780750315564, 'b_dislocation_scale': 0.10993456254789327, 'gb_scale': 1.5564590719284757, 'gd_bubble_scale': 6.624269392020779, 'gd_line_scale': 0.2757034143875163, 'gd_line_alpha': 0.0714487173426126, 'coalescence_d_scale': 0.19221377007738286, 'capture_scale': 3.513739659177483}. Best is trial 72 with value: 1.9057808883113645.
[I 2026-05-02 19:01:48,808] Trial 115 finished with value: 2.1252130864537024 and parameters: {'f_n': 7.861925246090024e-07, 'K_d': 1319998.8455934944, 'rho_d': 14020628459733.225, 'fission_rate': 6.392248443015224e+19, 'D2_xe_scale': 4.973912367729215, 'Dg_D1_scale': 0.22398215614127992, 'Dg_D3_scale': 3.515869854416843, 'Dv_D1_scale': 0.26845491209864325, 'Dv_D2_scale': 2.0567832140952227, 'b_bulk_scale': 0.06346397704408148, 'b_dislocation_scale': 0.030720535344537298, 'gb_scale': 1.280687450869791, 'gd_bubble_scale': 5.101521401160035, 'gd_line_scale': 0.5985716420264977, 'gd_line_alpha': 0.11571922891350413, 'coalescence_d_scale': 0.11079126808570829, 'capture_scale': 5.381647433180921}. Best is trial 72 with value: 1.9057808883113645.
[I 2026-05-02 19:01:53,155] Trial 116 finished with value: 1.868175213579544 and parameters: {'f_n': 3.8084699905892823e-07, 'K_d': 1025624.9601399421, 'rho_d': 10871741066669.918, 'fission_rate': 6.603780887496474e+19, 'D2_xe_scale': 22.023994301060405, 'Dg_D1_scale': 0.32169397131614536, 'Dg_D3_scale': 2.915962991298941, 'Dv_D1_scale': 0.2400011693257567, 'Dv_D2_scale': 3.7608568065323165, 'b_bulk_scale': 0.05215601125632557, 'b_dislocation_scale': 0.07709941211226919, 'gb_scale': 1.0444573026237165, 'gd_bubble_scale': 9.945932311696073, 'gd_line_scale': 0.8868176124666806, 'gd_line_alpha': 0.09007382287447013, 'coalescence_d_scale': 0.24134883440128407, 'capture_scale': 2.9298160532202124}. Best is trial 116 with value: 1.868175213579544.
[I 2026-05-02 19:01:57,735] Trial 117 finished with value: 2.995075912512872 and parameters: {'f_n': 1.857153782186692e-07, 'K_d': 142153.02663105223, 'rho_d': 11142327302023.191, 'fission_rate': 6.244275081534595e+19, 'D2_xe_scale': 33.39021991153442, 'Dg_D1_scale': 0.3198759966397653, 'Dg_D3_scale': 2.4060630297495997, 'Dv_D1_scale': 0.23874670213339444, 'Dv_D2_scale': 3.7781256434622685, 'b_bulk_scale': 0.07989217074016212, 'b_dislocation_scale': 0.077350536186197, 'gb_scale': 2.8798642068817157, 'gd_bubble_scale': 8.562402852645354, 'gd_line_scale': 0.9111152522010286, 'gd_line_alpha': 0.09193404350363703, 'coalescence_d_scale': 0.2693507576389899, 'capture_scale': 2.057804211092406}. Best is trial 116 with value: 1.868175213579544.
[I 2026-05-02 19:02:02,089] Trial 118 finished with value: 2.1907750256627336 and parameters: {'f_n': 3.4331209196863457e-07, 'K_d': 1009061.2153732211, 'rho_d': 19456742335036.99, 'fission_rate': 6.614526111070827e+19, 'D2_xe_scale': 24.044903422898575, 'Dg_D1_scale': 0.36373781143343253, 'Dg_D3_scale': 2.0545388155431805, 'Dv_D1_scale': 0.2639221496821234, 'Dv_D2_scale': 3.475350576355035, 'b_bulk_scale': 0.05466060634478895, 'b_dislocation_scale': 0.09459231046291552, 'gb_scale': 1.2904224288514403, 'gd_bubble_scale': 9.63221658113579, 'gd_line_scale': 1.2097708320102958, 'gd_line_alpha': 0.13690927777174527, 'coalescence_d_scale': 0.2134357988089662, 'capture_scale': 3.0099419028791545}. Best is trial 116 with value: 1.868175213579544.
[I 2026-05-02 19:02:07,986] Trial 119 finished with value: 2.1009673704503897 and parameters: {'f_n': 3.7183474473001653e-07, 'K_d': 853455.2195133583, 'rho_d': 12574263327469.064, 'fission_rate': 4.67711891848359e+19, 'D2_xe_scale': 15.118605261764914, 'Dg_D1_scale': 0.41256951397080094, 'Dg_D3_scale': 2.8260749100857265, 'Dv_D1_scale': 0.28717749560223566, 'Dv_D2_scale': 2.350662187301389, 'b_bulk_scale': 0.07019894686595868, 'b_dislocation_scale': 0.07073341532649136, 'gb_scale': 3.724879879853085, 'gd_bubble_scale': 7.808364488015102, 'gd_line_scale': 1.495377103602124, 'gd_line_alpha': 0.1636641867044234, 'coalescence_d_scale': 0.23974941430441069, 'capture_scale': 3.9568775150517532}. Best is trial 116 with value: 1.868175213579544.
[I 2026-05-02 19:02:12,368] Trial 120 finished with value: 2.4013987204226184 and parameters: {'f_n': 2.4565815926837586e-07, 'K_d': 958241.9184130552, 'rho_d': 13306535635820.027, 'fission_rate': 6.558011481116067e+19, 'D2_xe_scale': 10.918435990894237, 'Dg_D1_scale': 2.9099704312745382, 'Dg_D3_scale': 1.5229354989747035, 'Dv_D1_scale': 0.2120075888196234, 'Dv_D2_scale': 3.8776359147886925, 'b_bulk_scale': 0.08993876078284398, 'b_dislocation_scale': 0.056043393693222324, 'gb_scale': 2.2489216685358517, 'gd_bubble_scale': 9.97823117971617, 'gd_line_scale': 1.0154011146734856, 'gd_line_alpha': 0.2605505598977451, 'coalescence_d_scale': 0.3025554855866152, 'capture_scale': 2.7728692087840705}. Best is trial 116 with value: 1.868175213579544.
[I 2026-05-02 19:02:15,354] Trial 121 finished with value: 2.1726770780389906 and parameters: {'f_n': 5.035505612820832e-07, 'K_d': 1193774.5866786148, 'rho_d': 7168572260471.469, 'fission_rate': 6.316772585506661e+19, 'D2_xe_scale': 7.464441851784775, 'Dg_D1_scale': 0.26837527707738573, 'Dg_D3_scale': 2.9830135872386836, 'Dv_D1_scale': 0.24552638248292824, 'Dv_D2_scale': 2.9785758557028337, 'b_bulk_scale': 0.047357282477542555, 'b_dislocation_scale': 0.06177677061195722, 'gb_scale': 1.0128705814286898, 'gd_bubble_scale': 7.186663543081789, 'gd_line_scale': 0.8302391413481809, 'gd_line_alpha': 0.02723840915094565, 'coalescence_d_scale': 0.12971503422595806, 'capture_scale': 4.5043160008099505}. Best is trial 116 with value: 1.868175213579544.
[I 2026-05-02 19:02:19,772] Trial 122 finished with value: 2.227191629750188 and parameters: {'f_n': 7.233331117492156e-07, 'K_d': 1053309.8903667387, 'rho_d': 9170608651821.168, 'fission_rate': 6.526601710889228e+19, 'D2_xe_scale': 13.454958773771528, 'Dg_D1_scale': 0.24186495849059245, 'Dg_D3_scale': 3.6857318307416644, 'Dv_D1_scale': 0.2005399761510025, 'Dv_D2_scale': 2.741145497134695, 'b_bulk_scale': 0.04063791312319046, 'b_dislocation_scale': 0.03679404787106701, 'gb_scale': 1.1325972291029962, 'gd_bubble_scale': 6.105963908773843, 'gd_line_scale': 0.7341787517615346, 'gd_line_alpha': 0.19332274354957746, 'coalescence_d_scale': 0.16634130169122982, 'capture_scale': 3.3536328995789875}. Best is trial 116 with value: 1.868175213579544.
[I 2026-05-02 19:02:21,821] Trial 123 finished with value: 4.394153221360425 and parameters: {'f_n': 4.118850834532635e-07, 'K_d': 1144281.6817570643, 'rho_d': 10442988938757.0, 'fission_rate': 6.108116707580955e+19, 'D2_xe_scale': 9.400750769522064, 'Dg_D1_scale': 0.30075908978241, 'Dg_D3_scale': 3.4076090878431766, 'Dv_D1_scale': 0.22589336295938886, 'Dv_D2_scale': 3.2051711355242665, 'b_bulk_scale': 0.035953894433783606, 'b_dislocation_scale': 1.7287530738472476, 'gb_scale': 0.8997678019526798, 'gd_bubble_scale': 8.468012577743131, 'gd_line_scale': 1.8135217151071956, 'gd_line_alpha': 0.5145360631967237, 'coalescence_d_scale': 0.1782379805586179, 'capture_scale': 6.25371823559141}. Best is trial 116 with value: 1.868175213579544.Best trial: 116. Best value: 1.86818:   8%|▊         | 123/1500 [09:33<1:38:14,  4.28s/it]Best trial: 116. Best value: 1.86818:   8%|▊         | 123/1500 [09:33<1:38:14,  4.28s/it]Best trial: 116. Best value: 1.86818:   8%|▊         | 124/1500 [09:33<1:22:49,  3.61s/it]                                                                                          Best trial: 116. Best value: 1.86818:   8%|▊         | 124/1500 [09:38<1:22:49,  3.61s/it]Best trial: 116. Best value: 1.86818:   8%|▊         | 124/1500 [09:38<1:22:49,  3.61s/it]Best trial: 116. Best value: 1.86818:   8%|▊         | 125/1500 [09:38<1:30:57,  3.97s/it]                                                                                          Best trial: 116. Best value: 1.86818:   8%|▊         | 125/1500 [09:44<1:30:57,  3.97s/it]Best trial: 116. Best value: 1.86818:   8%|▊         | 125/1500 [09:44<1:30:57,  3.97s/it]Best trial: 116. Best value: 1.86818:   8%|▊         | 126/1500 [09:44<1:47:51,  4.71s/it]                                                                                          Best trial: 116. Best value: 1.86818:   8%|▊         | 126/1500 [09:48<1:47:51,  4.71s/it]Best trial: 116. Best value: 1.86818:   8%|▊         | 126/1500 [09:48<1:47:51,  4.71s/it]Best trial: 116. Best value: 1.86818:   8%|▊         | 127/1500 [09:48<1:44:24,  4.56s/it]                                                                                          Best trial: 116. Best value: 1.86818:   8%|▊         | 127/1500 [09:53<1:44:24,  4.56s/it]Best trial: 116. Best value: 1.86818:   8%|▊         | 127/1500 [09:53<1:44:24,  4.56s/it]Best trial: 116. Best value: 1.86818:   9%|▊         | 128/1500 [09:53<1:46:25,  4.65s/it]                                                                                          Best trial: 116. Best value: 1.86818:   9%|▊         | 128/1500 [09:56<1:46:25,  4.65s/it]Best trial: 116. Best value: 1.86818:   9%|▊         | 128/1500 [09:56<1:46:25,  4.65s/it]Best trial: 116. Best value: 1.86818:   9%|▊         | 129/1500 [09:56<1:34:35,  4.14s/it]                                                                                          Best trial: 116. Best value: 1.86818:   9%|▊         | 129/1500 [10:02<1:34:35,  4.14s/it]Best trial: 116. Best value: 1.86818:   9%|▊         | 129/1500 [10:02<1:34:35,  4.14s/it]Best trial: 116. Best value: 1.86818:   9%|▊         | 130/1500 [10:02<1:47:53,  4.72s/it]                                                                                          Best trial: 116. Best value: 1.86818:   9%|▊         | 130/1500 [10:07<1:47:53,  4.72s/it]Best trial: 116. Best value: 1.86818:   9%|▊         | 130/1500 [10:07<1:47:53,  4.72s/it]Best trial: 116. Best value: 1.86818:   9%|▊         | 131/1500 [10:07<1:47:37,  4.72s/it]                                                                                          Best trial: 116. Best value: 1.86818:   9%|▊         | 131/1500 [10:11<1:47:37,  4.72s/it]Best trial: 116. Best value: 1.86818:   9%|▊         | 131/1500 [10:11<1:47:37,  4.72s/it]Best trial: 116. Best value: 1.86818:   9%|▉         | 132/1500 [10:11<1:45:26,  4.62s/it]                                                                                          Best trial: 116. Best value: 1.86818:   9%|▉         | 132/1500 [10:16<1:45:26,  4.62s/it]Best trial: 116. Best value: 1.86818:   9%|▉         | 132/1500 [10:16<1:45:26,  4.62s/it]Best trial: 116. Best value: 1.86818:   9%|▉         | 133/1500 [10:16<1:45:25,  4.63s/it]                                                                                          Best trial: 116. Best value: 1.86818:   9%|▉         | 133/1500 [10:20<1:45:25,  4.63s/it]Best trial: 116. Best value: 1.86818:   9%|▉         | 133/1500 [10:21<1:45:25,  4.63s/it]Best trial: 116. Best value: 1.86818:   9%|▉         | 134/1500 [10:21<1:44:23,  4.59s/it]                                                                                          
[I 2026-05-02 19:02:26,623] Trial 124 finished with value: 2.1825533484690776 and parameters: {'f_n': 9.533796565533317e-07, 'K_d': 1339226.7639695122, 'rho_d': 11788052630350.795, 'fission_rate': 6.00693977320186e+19, 'D2_xe_scale': 20.464334350803256, 'Dg_D1_scale': 0.3375368111065841, 'Dg_D3_scale': 2.5986359619279344, 'Dv_D1_scale': 0.45424888696736676, 'Dv_D2_scale': 2.6100022235155005, 'b_bulk_scale': 0.07447811898248081, 'b_dislocation_scale': 0.08197179374358897, 'gb_scale': 1.459038854887166, 'gd_bubble_scale': 6.732752005546143, 'gd_line_scale': 1.2193974121363904, 'gd_line_alpha': 0.33826878618585304, 'coalescence_d_scale': 0.14941180788240355, 'capture_scale': 4.978737410957783}. Best is trial 116 with value: 1.868175213579544.
[I 2026-05-02 19:02:33,063] Trial 125 finished with value: 2.476905068179924 and parameters: {'f_n': 5.584205420929802e-07, 'K_d': 1236220.8055658226, 'rho_d': 7821175744305.052, 'fission_rate': 4.331702455804186e+19, 'D2_xe_scale': 11.2146941352969, 'Dg_D1_scale': 0.2740752797957647, 'Dg_D3_scale': 1.8359798803208538, 'Dv_D1_scale': 0.2537798359790296, 'Dv_D2_scale': 3.5861236722481507, 'b_bulk_scale': 0.05280687535115016, 'b_dislocation_scale': 0.045958507148271016, 'gb_scale': 1.7234479282137782, 'gd_bubble_scale': 5.455061087293172, 'gd_line_scale': 0.9295389058761819, 'gd_line_alpha': 0.22895704750485443, 'coalescence_d_scale': 0.19987536314833632, 'capture_scale': 4.138162602555263}. Best is trial 116 with value: 1.868175213579544.
[I 2026-05-02 19:02:37,282] Trial 126 finished with value: 2.7547268046795415 and parameters: {'f_n': 6.362906039120071e-07, 'K_d': 1423877.0154655, 'rho_d': 9806263141385.55, 'fission_rate': 6.850411798995463e+19, 'D2_xe_scale': 5.407090998368203, 'Dg_D1_scale': 0.28702010098604064, 'Dg_D3_scale': 2.183917658236565, 'Dv_D1_scale': 0.5403556185083277, 'Dv_D2_scale': 2.2046017663111344, 'b_bulk_scale': 1.2182774548492197, 'b_dislocation_scale': 0.05232297253595814, 'gb_scale': 0.8037191996704913, 'gd_bubble_scale': 0.23667183986945609, 'gd_line_scale': 0.4983647187256332, 'gd_line_alpha': 0.054161072359172724, 'coalescence_d_scale': 0.12906131622542666, 'capture_scale': 5.539534436139975}. Best is trial 116 with value: 1.868175213579544.
[I 2026-05-02 19:02:42,150] Trial 127 finished with value: 2.169796528422038 and parameters: {'f_n': 2.8703104832015075e-07, 'K_d': 903744.5364461212, 'rho_d': 8819815566021.818, 'fission_rate': 5.901474864582936e+19, 'D2_xe_scale': 15.888788371109452, 'Dg_D1_scale': 0.7320122811344907, 'Dg_D3_scale': 3.3000603499969356, 'Dv_D1_scale': 0.4147248989171192, 'Dv_D2_scale': 2.850901934352889, 'b_bulk_scale': 0.044174954817310284, 'b_dislocation_scale': 0.040568919369684465, 'gb_scale': 0.999537596059688, 'gd_bubble_scale': 7.491304935699902, 'gd_line_scale': 1.0847292818879473, 'gd_line_alpha': 0.27505473764596655, 'coalescence_d_scale': 0.1154962427734076, 'capture_scale': 2.3400607206177346}. Best is trial 116 with value: 1.868175213579544.
[I 2026-05-02 19:02:45,090] Trial 128 finished with value: 1.965971132993725 and parameters: {'f_n': 1.2168234331604726e-06, 'K_d': 1037149.1901736651, 'rho_d': 11334239322330.506, 'fission_rate': 6.217813026527546e+19, 'D2_xe_scale': 7.058577812823513, 'Dg_D1_scale': 0.2520131632507881, 'Dg_D3_scale': 2.393401279640737, 'Dv_D1_scale': 0.23187029489602498, 'Dv_D2_scale': 2.4165631306345263, 'b_bulk_scale': 0.10278895896738068, 'b_dislocation_scale': 0.06514943835078343, 'gb_scale': 1.26049969112548, 'gd_bubble_scale': 8.777058022554483, 'gd_line_scale': 0.7896995147709317, 'gd_line_alpha': 0.09313114205862924, 'coalescence_d_scale': 0.1654317834659275, 'capture_scale': 6.983245249833117}. Best is trial 116 with value: 1.868175213579544.
[I 2026-05-02 19:02:51,179] Trial 129 finished with value: 2.3409848916301566 and parameters: {'f_n': 1.2509858947695432e-06, 'K_d': 1012492.9347589037, 'rho_d': 10999456874706.613, 'fission_rate': 4.5220055527158465e+19, 'D2_xe_scale': 6.442127582935462, 'Dg_D1_scale': 0.2567516571606341, 'Dg_D3_scale': 2.3516209471724574, 'Dv_D1_scale': 0.2754515563535274, 'Dv_D2_scale': 1.9880914668486267, 'b_bulk_scale': 0.10484117334984554, 'b_dislocation_scale': 0.06841910060281993, 'gb_scale': 2.5616444680077333, 'gd_bubble_scale': 8.507561142728067, 'gd_line_scale': 0.8381926932876216, 'gd_line_alpha': 0.08695271551633448, 'coalescence_d_scale': 0.23401299376461868, 'capture_scale': 6.956329758850934}. Best is trial 116 with value: 1.868175213579544.
