[I 2026-05-02 20:42:31,060] Trial 1395 finished with value: 2.8183985975491828 and parameters: {'f_n': 5.493809996610136e-07, 'K_d': 780966.3209764817, 'rho_d': 8530089660463.011, 'fission_rate': 6.0512741517333594e+19, 'D2_xe_scale': 1.2859173669673372, 'Dg_D1_scale': 0.15758652325238418, 'Dg_D3_scale': 3.075189343550934, 'Dv_D1_scale': 0.33659583022636025, 'Dv_D2_scale': 3.2949936171982497, 'b_bulk_scale': 0.23253979857960697, 'b_dislocation_scale': 0.1296132130499295, 'gb_scale': 7.314038018921936, 'gd_bubble_scale': 9.102163272758478, 'gd_line_scale': 8.320378200465111, 'gd_line_alpha': 0.6584130535093805, 'coalescence_d_scale': 3.578766143379116, 'capture_scale': 5.713885579268645}. Best is trial 1126 with value: 1.7410514264406347.
[I 2026-05-02 20:42:35,910] Trial 1396 finished with value: 2.1699019524902754 and parameters: {'f_n': 8.288873210497922e-07, 'K_d': 728647.1974650747, 'rho_d': 9276391000944.453, 'fission_rate': 6.092383574775131e+19, 'D2_xe_scale': 0.049585165644283426, 'Dg_D1_scale': 0.178409270270852, 'Dg_D3_scale': 2.1794471526337458, 'Dv_D1_scale': 0.3063397105977618, 'Dv_D2_scale': 3.7963323160676836, 'b_bulk_scale': 0.26254897274516853, 'b_dislocation_scale': 0.11574296771244333, 'gb_scale': 5.191988387550846, 'gd_bubble_scale': 9.959145710997428, 'gd_line_scale': 9.917451430919272, 'gd_line_alpha': 0.9132396997008878, 'coalescence_d_scale': 2.805530571277124, 'capture_scale': 6.458885836425114}. Best is trial 1126 with value: 1.7410514264406347.
[I 2026-05-02 20:42:40,719] Trial 1397 finished with value: 2.0296748539895115 and parameters: {'f_n': 2.924419671407749e-07, 'K_d': 891322.9256406797, 'rho_d': 10147122316234.822, 'fission_rate': 6.110693119287867e+19, 'D2_xe_scale': 0.013751093326952051, 'Dg_D1_scale': 0.19882799105841167, 'Dg_D3_scale': 2.696629538012729, 'Dv_D1_scale': 0.2805396411565048, 'Dv_D2_scale': 3.996244317193463, 'b_bulk_scale': 0.19327583329699474, 'b_dislocation_scale': 0.18776123171950904, 'gb_scale': 6.148069563436998, 'gd_bubble_scale': 8.452353734292187, 'gd_line_scale': 8.309109334737073, 'gd_line_alpha': 0.5860736130920167, 'coalescence_d_scale': 0.5637909065584669, 'capture_scale': 7.120143722800742}. Best is trial 1126 with value: 1.7410514264406347.
[I 2026-05-02 20:42:45,626] Trial 1398 finished with value: 1.8050415343874608 and parameters: {'f_n': 4.9186322545325e-07, 'K_d': 833206.0249525227, 'rho_d': 8883548637728.861, 'fission_rate': 6.002160096487728e+19, 'D2_xe_scale': 0.07242225112109367, 'Dg_D1_scale': 0.1762632140237797, 'Dg_D3_scale': 2.527232351850863, 'Dv_D1_scale': 0.2995938625223729, 'Dv_D2_scale': 3.4594530897253124, 'b_bulk_scale': 0.2446777664760423, 'b_dislocation_scale': 0.14393032573596898, 'gb_scale': 4.8707218676000466, 'gd_bubble_scale': 8.501539619989869, 'gd_line_scale': 9.082373415447643, 'gd_line_alpha': 0.8496227790133951, 'coalescence_d_scale': 0.461528019568299, 'capture_scale': 4.651662025365363}. Best is trial 1126 with value: 1.7410514264406347.
[I 2026-05-02 20:42:48,907] Trial 1399 finished with value: 1.9785938802984764 and parameters: {'f_n': 6.781376267048112e-07, 'K_d': 569517.3611637393, 'rho_d': 9823547617079.768, 'fission_rate': 5.948728918508529e+19, 'D2_xe_scale': 0.06018839149419289, 'Dg_D1_scale': 0.15838808150992928, 'Dg_D3_scale': 2.8011349061680835, 'Dv_D1_scale': 0.32190763503139114, 'Dv_D2_scale': 3.995944851161669, 'b_bulk_scale': 0.2636846515806544, 'b_dislocation_scale': 0.1698235965099248, 'gb_scale': 4.1181680392199285, 'gd_bubble_scale': 0.7365000145737327, 'gd_line_scale': 9.984300119573566, 'gd_line_alpha': 0.555377599443708, 'coalescence_d_scale': 0.354791875834448, 'capture_scale': 5.470976655514751}. Best is trial 1126 with value: 1.7410514264406347.Best trial: 1126. Best value: 1.74105:  93%|█████████▎| 1399/1500 [1:50:00<08:03,  4.79s/it]Best trial: 1126. Best value: 1.74105:  93%|█████████▎| 1399/1500 [1:50:00<08:03,  4.79s/it]Best trial: 1126. Best value: 1.74105:  93%|█████████▎| 1400/1500 [1:50:00<07:13,  4.34s/it]                                                                                            Best trial: 1126. Best value: 1.74105:  93%|█████████▎| 1400/1500 [1:50:05<07:13,  4.34s/it]Best trial: 1126. Best value: 1.74105:  93%|█████████▎| 1400/1500 [1:50:05<07:13,  4.34s/it]Best trial: 1126. Best value: 1.74105:  93%|█████████▎| 1401/1500 [1:50:05<07:20,  4.45s/it]                                                                                            Best trial: 1126. Best value: 1.74105:  93%|█████████▎| 1401/1500 [1:50:09<07:20,  4.45s/it]Best trial: 1126. Best value: 1.74105:  93%|█████████▎| 1401/1500 [1:50:10<07:20,  4.45s/it]Best trial: 1126. Best value: 1.74105:  93%|█████████▎| 1402/1500 [1:50:10<07:25,  4.54s/it]                                                                                            Best trial: 1126. Best value: 1.74105:  93%|█████████▎| 1402/1500 [1:50:14<07:25,  4.54s/it]Best trial: 1126. Best value: 1.74105:  93%|█████████▎| 1402/1500 [1:50:14<07:25,  4.54s/it]Best trial: 1126. Best value: 1.74105:  94%|█████████▎| 1403/1500 [1:50:14<07:29,  4.63s/it]                                                                                            Best trial: 1126. Best value: 1.74105:  94%|█████████▎| 1403/1500 [1:50:19<07:29,  4.63s/it]Best trial: 1126. Best value: 1.74105:  94%|█████████▎| 1403/1500 [1:50:19<07:29,  4.63s/it]Best trial: 1126. Best value: 1.74105:  94%|█████████▎| 1404/1500 [1:50:19<07:36,  4.75s/it]                                                                                            Best trial: 1126. Best value: 1.74105:  94%|█████████▎| 1404/1500 [1:50:24<07:36,  4.75s/it]Best trial: 1126. Best value: 1.74105:  94%|█████████▎| 1404/1500 [1:50:24<07:36,  4.75s/it]Best trial: 1126. Best value: 1.74105:  94%|█████████▎| 1405/1500 [1:50:24<07:34,  4.79s/it]                                                                                            Best trial: 1126. Best value: 1.74105:  94%|█████████▎| 1405/1500 [1:50:29<07:34,  4.79s/it]Best trial: 1126. Best value: 1.74105:  94%|█████████▎| 1405/1500 [1:50:29<07:34,  4.79s/it]Best trial: 1126. Best value: 1.74105:  94%|█████████▎| 1406/1500 [1:50:29<07:31,  4.81s/it]                                                                                            Best trial: 1126. Best value: 1.74105:  94%|█████████▎| 1406/1500 [1:50:32<07:31,  4.81s/it]Best trial: 1126. Best value: 1.74105:  94%|█████████▎| 1406/1500 [1:50:33<07:31,  4.81s/it]Best trial: 1126. Best value: 1.74105:  94%|█████████▍| 1407/1500 [1:50:33<06:47,  4.38s/it]                                                                                            Best trial: 1126. Best value: 1.74105:  94%|█████████▍| 1407/1500 [1:50:37<06:47,  4.38s/it]Best trial: 1126. Best value: 1.74105:  94%|█████████▍| 1407/1500 [1:50:37<06:47,  4.38s/it]Best trial: 1126. Best value: 1.74105:  94%|█████████▍| 1408/1500 [1:50:37<06:43,  4.39s/it]                                                                                            Best trial: 1126. Best value: 1.74105:  94%|█████████▍| 1408/1500 [1:50:42<06:43,  4.39s/it]Best trial: 1126. Best value: 1.74105:  94%|█████████▍| 1408/1500 [1:50:42<06:43,  4.39s/it]Best trial: 1126. Best value: 1.74105:  94%|█████████▍| 1409/1500 [1:50:42<06:56,  4.58s/it]                                                                                            Best trial: 1126. Best value: 1.74105:  94%|█████████▍| 1409/1500 [1:50:47<06:56,  4.58s/it]Best trial: 1126. Best value: 1.74105:  94%|█████████▍| 1409/1500 [1:50:47<06:56,  4.58s/it]Best trial: 1126. Best value: 1.74105:  94%|█████████▍| 1410/1500 [1:50:47<07:04,  4.71s/it]                                                                                            
[I 2026-05-02 20:42:53,630] Trial 1400 finished with value: 2.280018957822803 and parameters: {'f_n': 1.0518172045797707e-06, 'K_d': 772332.2459401895, 'rho_d': 9741246506635.271, 'fission_rate': 6.167094954949504e+19, 'D2_xe_scale': 0.09658789222568588, 'Dg_D1_scale': 0.18982813138610116, 'Dg_D3_scale': 2.3036387460049976, 'Dv_D1_scale': 0.3574183126431141, 'Dv_D2_scale': 3.570615564860157, 'b_bulk_scale': 0.22570121931441212, 'b_dislocation_scale': 0.15388523195300557, 'gb_scale': 6.666143229959688, 'gd_bubble_scale': 9.058469507069583, 'gd_line_scale': 8.16128321387884, 'gd_line_alpha': 0.6028278434191199, 'coalescence_d_scale': 0.6133376887138546, 'capture_scale': 6.45852416565815}. Best is trial 1126 with value: 1.7410514264406347.
[I 2026-05-02 20:42:58,385] Trial 1401 finished with value: 2.387020266268343 and parameters: {'f_n': 4.3226961192078173e-07, 'K_d': 675731.0580203793, 'rho_d': 9789561424714.752, 'fission_rate': 6.063906807358468e+19, 'D2_xe_scale': 0.9870114600312736, 'Dg_D1_scale': 0.16747998063221645, 'Dg_D3_scale': 3.3023735311837688, 'Dv_D1_scale': 0.2772124335109832, 'Dv_D2_scale': 3.146585907563377, 'b_bulk_scale': 0.2078964805736058, 'b_dislocation_scale': 0.21954921808867942, 'gb_scale': 5.565216978710868, 'gd_bubble_scale': 8.169375422979705, 'gd_line_scale': 7.627697009377769, 'gd_line_alpha': 0.42293175385852183, 'coalescence_d_scale': 0.40354590954458985, 'capture_scale': 7.135390063195648}. Best is trial 1126 with value: 1.7410514264406347.
[I 2026-05-02 20:43:03,220] Trial 1402 finished with value: 1.8309394478958632 and parameters: {'f_n': 3.380175410329624e-07, 'K_d': 721710.8850399388, 'rho_d': 10058363341480.984, 'fission_rate': 6.15785522134456e+19, 'D2_xe_scale': 0.03993567582409928, 'Dg_D1_scale': 0.2182490605453973, 'Dg_D3_scale': 3.5779279528129377, 'Dv_D1_scale': 0.3044768783059012, 'Dv_D2_scale': 3.789178757619393, 'b_bulk_scale': 0.25461451907467686, 'b_dislocation_scale': 0.10574093596907196, 'gb_scale': 7.959314813320367, 'gd_bubble_scale': 8.438832992065011, 'gd_line_scale': 9.01099279127654, 'gd_line_alpha': 0.5452880125388366, 'coalescence_d_scale': 0.4939155277366843, 'capture_scale': 5.704984223413171}. Best is trial 1126 with value: 1.7410514264406347.
[I 2026-05-02 20:43:08,255] Trial 1403 finished with value: 1.8204892199719591 and parameters: {'f_n': 5.827109774821887e-07, 'K_d': 801021.0409492406, 'rho_d': 8702336138060.551, 'fission_rate': 5.9234081858505e+19, 'D2_xe_scale': 0.11119952831434779, 'Dg_D1_scale': 0.18111835123285053, 'Dg_D3_scale': 2.9799365201428847, 'Dv_D1_scale': 0.29219215524025305, 'Dv_D2_scale': 3.637925398204136, 'b_bulk_scale': 0.2707706078441053, 'b_dislocation_scale': 0.13062909569538902, 'gb_scale': 7.269114359757092, 'gd_bubble_scale': 9.963984209323751, 'gd_line_scale': 8.23313905450426, 'gd_line_alpha': 0.5729362088987805, 'coalescence_d_scale': 0.44474842294759953, 'capture_scale': 7.161876691171004}. Best is trial 1126 with value: 1.7410514264406347.
[I 2026-05-02 20:43:13,127] Trial 1404 finished with value: 1.7919800842619378 and parameters: {'f_n': 7.574204583550892e-07, 'K_d': 640828.9629341802, 'rho_d': 9281013814491.43, 'fission_rate': 6.097707590713294e+19, 'D2_xe_scale': 0.014231675606382364, 'Dg_D1_scale': 0.1588185262644991, 'Dg_D3_scale': 2.5305246933924432, 'Dv_D1_scale': 0.3311976549869085, 'Dv_D2_scale': 3.9937722990590987, 'b_bulk_scale': 0.20277899814086067, 'b_dislocation_scale': 0.1180487519107222, 'gb_scale': 6.019628324981692, 'gd_bubble_scale': 9.11971127561814, 'gd_line_scale': 9.948437255698368, 'gd_line_alpha': 0.5892826720555597, 'coalescence_d_scale': 0.37016699109003315, 'capture_scale': 5.0376249696510245}. Best is trial 1126 with value: 1.7410514264406347.
[I 2026-05-02 20:43:17,962] Trial 1405 finished with value: 2.388291090840613 and parameters: {'f_n': 2.0623411556583269e-07, 'K_d': 705081.4866164513, 'rho_d': 8013196848332.804, 'fission_rate': 6.02636423152683e+19, 'D2_xe_scale': 0.06854335179972153, 'Dg_D1_scale': 0.15055254726416328, 'Dg_D3_scale': 2.2006068676733954, 'Dv_D1_scale': 0.2750420609055083, 'Dv_D2_scale': 0.21419796826814036, 'b_bulk_scale': 0.23806555447668495, 'b_dislocation_scale': 0.16571716174837536, 'gb_scale': 6.489858443280481, 'gd_bubble_scale': 8.238437964385314, 'gd_line_scale': 7.7192577400759825, 'gd_line_alpha': 0.6211349149936557, 'coalescence_d_scale': 0.5064581160328344, 'capture_scale': 7.985975453942259}. Best is trial 1126 with value: 1.7410514264406347.
[I 2026-05-02 20:43:21,360] Trial 1406 finished with value: 3.2533964876055563 and parameters: {'f_n': 2.628414135542276e-07, 'K_d': 751132.1409540093, 'rho_d': 10509811533220.814, 'fission_rate': 6.1754387709438845e+19, 'D2_xe_scale': 0.047669367979275505, 'Dg_D1_scale': 0.20036297586943078, 'Dg_D3_scale': 3.2900469031926134, 'Dv_D1_scale': 0.2932928546315922, 'Dv_D2_scale': 3.4406424267243105, 'b_bulk_scale': 0.28824492526899165, 'b_dislocation_scale': 0.18110898088875865, 'gb_scale': 0.5244826647807955, 'gd_bubble_scale': 9.987647667721898, 'gd_line_scale': 9.978437036976288, 'gd_line_alpha': 0.4523631541980655, 'coalescence_d_scale': 0.5623566001041503, 'capture_scale': 6.253807153481582}. Best is trial 1126 with value: 1.7410514264406347.
[I 2026-05-02 20:43:25,758] Trial 1407 finished with value: 1.8092005901812276 and parameters: {'f_n': 4.5086740533207357e-07, 'K_d': 526648.0710050693, 'rho_d': 9638499645584.494, 'fission_rate': 6.9854719033900106e+19, 'D2_xe_scale': 0.8604678394349312, 'Dg_D1_scale': 0.1678204261860637, 'Dg_D3_scale': 2.859705698859056, 'Dv_D1_scale': 0.3154382841117855, 'Dv_D2_scale': 3.7580127585059495, 'b_bulk_scale': 0.28157373610508707, 'b_dislocation_scale': 0.13948362060296537, 'gb_scale': 4.758513892939448, 'gd_bubble_scale': 7.907534578531286, 'gd_line_scale': 8.919243419780653, 'gd_line_alpha': 0.5531935666065705, 'coalescence_d_scale': 0.42578935301117804, 'capture_scale': 7.99139845456501}. Best is trial 1126 with value: 1.7410514264406347.
[I 2026-05-02 20:43:30,785] Trial 1408 finished with value: 1.7516553212761257 and parameters: {'f_n': 3.567422162370158e-07, 'K_d': 895359.3599971916, 'rho_d': 10646323599918.906, 'fission_rate': 5.92212922837195e+19, 'D2_xe_scale': 0.08330182701775475, 'Dg_D1_scale': 0.18907537557391407, 'Dg_D3_scale': 2.440491631175436, 'Dv_D1_scale': 0.2627931193406663, 'Dv_D2_scale': 3.9975864447120397, 'b_bulk_scale': 0.260421849131678, 'b_dislocation_scale': 0.1504161657552045, 'gb_scale': 5.660820365407398, 'gd_bubble_scale': 8.98096917847143, 'gd_line_scale': 8.403606600555946, 'gd_line_alpha': 0.4281458752657932, 'coalescence_d_scale': 0.3274929517255971, 'capture_scale': 6.429996880554414}. Best is trial 1126 with value: 1.7410514264406347.
[I 2026-05-02 20:43:35,815] Trial 1409 finished with value: 1.7822198458659355 and parameters: {'f_n': 2.4843158730456493e-07, 'K_d': 943723.6414433622, 'rho_d': 10002392425905.936, 'fission_rate': 5.900395924509692e+19, 'D2_xe_scale': 0.08494832418733003, 'Dg_D1_scale': 0.22186938337264092, 'Dg_D3_scale': 2.1939622621172323, 'Dv_D1_scale': 0.27227793824860524, 'Dv_D2_scale': 3.600400412895415, 'b_bulk_scale': 0.235611387704127, 'b_dislocation_scale': 0.20376855658402532, 'gb_scale': 4.379855769518892, 'gd_bubble_scale': 9.051477588539509, 'gd_line_scale': 9.093012915492587, 'gd_line_alpha': 0.4311474075664812, 'coalescence_d_scale': 0.38525037520878724, 'capture_scale': 4.04192721522628}. Best is trial 1126 with value: 1.7410514264406347.
[I 2026-05-02 20:43:40,756] Trial 1410 finished with value: 3.558469134582422 and parameters: {'f_n': 1.9762240595108852e-07, 'K_d': 936517.52913443, 'rho_d': 8953204726783.178, 'fission_rate': 5.9578774104980865e+19, 'D2_xe_scale': 0.1244523675601164, 'Dg_D1_scale': 0.21109281483494835, 'Dg_D3_scale': 2.3715921307924286, 'Dv_D1_scale': 0.8310977029453016, 'Dv_D2_scale': 3.305816706077264, 'b_bulk_scale': 0.22195756207149023, 'b_dislocation_scale': 0.18113297799552797, 'gb_scale': 5.272953784421743, 'gd_bubble_scale': 9.17646203283334, 'gd_line_scale': 0.2956551145866548, 'gd_line_alpha': 0.4448705633952016, 'coalescence_d_scale': 0.46350994583054966, 'capture_scale': 0.48035415805550175}. Best is trial 1126 with value: 1.7410514264406347.Best trial: 1126. Best value: 1.74105:  94%|█████████▍| 1410/1500 [1:50:52<07:04,  4.71s/it]Best trial: 1126. Best value: 1.74105:  94%|█████████▍| 1410/1500 [1:50:52<07:04,  4.71s/it]Best trial: 1126. Best value: 1.74105:  94%|█████████▍| 1411/1500 [1:50:52<07:05,  4.78s/it]                                                                                            Best trial: 1126. Best value: 1.74105:  94%|█████████▍| 1411/1500 [1:50:57<07:05,  4.78s/it]Best trial: 1126. Best value: 1.74105:  94%|█████████▍| 1411/1500 [1:50:57<07:05,  4.78s/it]Best trial: 1126. Best value: 1.74105:  94%|█████████▍| 1412/1500 [1:50:57<07:06,  4.85s/it]                                                                                            Best trial: 1126. Best value: 1.74105:  94%|█████████▍| 1412/1500 [1:51:02<07:06,  4.85s/it]Best trial: 1126. Best value: 1.74105:  94%|█████████▍| 1412/1500 [1:51:02<07:06,  4.85s/it]Best trial: 1126. Best value: 1.74105:  94%|█████████▍| 1413/1500 [1:51:02<07:06,  4.90s/it]                                                                                            Best trial: 1126. Best value: 1.74105:  94%|█████████▍| 1413/1500 [1:51:05<07:06,  4.90s/it]Best trial: 1126. Best value: 1.74105:  94%|█████████▍| 1413/1500 [1:51:06<07:06,  4.90s/it]Best trial: 1126. Best value: 1.74105:  94%|█████████▍| 1414/1500 [1:51:06<06:25,  4.48s/it]                                                                                            Best trial: 1126. Best value: 1.74105:  94%|█████████▍| 1414/1500 [1:51:10<06:25,  4.48s/it]Best trial: 1126. Best value: 1.74105:  94%|█████████▍| 1414/1500 [1:51:10<06:25,  4.48s/it]Best trial: 1126. Best value: 1.74105:  94%|█████████▍| 1415/1500 [1:51:10<06:29,  4.58s/it]                                                                                            Best trial: 1126. Best value: 1.74105:  94%|█████████▍| 1415/1500 [1:51:15<06:29,  4.58s/it]Best trial: 1126. Best value: 1.74105:  94%|█████████▍| 1415/1500 [1:51:15<06:29,  4.58s/it]Best trial: 1126. Best value: 1.74105:  94%|█████████▍| 1416/1500 [1:51:15<06:34,  4.69s/it]                                                                                            Best trial: 1126. Best value: 1.74105:  94%|█████████▍| 1416/1500 [1:51:20<06:34,  4.69s/it]Best trial: 1126. Best value: 1.74105:  94%|█████████▍| 1416/1500 [1:51:20<06:34,  4.69s/it]Best trial: 1126. Best value: 1.74105:  94%|█████████▍| 1417/1500 [1:51:20<06:38,  4.80s/it]                                                                                            Best trial: 1126. Best value: 1.74105:  94%|█████████▍| 1417/1500 [1:51:25<06:38,  4.80s/it]Best trial: 1126. Best value: 1.74105:  94%|█████████▍| 1417/1500 [1:51:25<06:38,  4.80s/it]Best trial: 1126. Best value: 1.74105:  95%|█████████▍| 1418/1500 [1:51:25<06:37,  4.84s/it]                                                                                            Best trial: 1126. Best value: 1.74105:  95%|█████████▍| 1418/1500 [1:51:30<06:37,  4.84s/it]Best trial: 1126. Best value: 1.74105:  95%|█████████▍| 1418/1500 [1:51:30<06:37,  4.84s/it]Best trial: 1126. Best value: 1.74105:  95%|█████████▍| 1419/1500 [1:51:30<06:34,  4.87s/it]                                                                                            Best trial: 1126. Best value: 1.74105:  95%|█████████▍| 1419/1500 [1:51:33<06:34,  4.87s/it]Best trial: 1126. Best value: 1.74105:  95%|█████████▍| 1419/1500 [1:51:33<06:34,  4.87s/it]Best trial: 1126. Best value: 1.74105:  95%|█████████▍| 1420/1500 [1:51:33<05:48,  4.36s/it]                                                                                            Best trial: 1126. Best value: 1.74105:  95%|█████████▍| 1420/1500 [1:51:38<05:48,  4.36s/it]Best trial: 1126. Best value: 1.74105:  95%|█████████▍| 1420/1500 [1:51:38<05:48,  4.36s/it]Best trial: 1126. Best value: 1.74105:  95%|█████████▍| 1421/1500 [1:51:38<05:57,  4.52s/it]                                                                                            
[I 2026-05-02 20:43:45,761] Trial 1411 finished with value: 1.795988415241877 and parameters: {'f_n': 3.3425085624317506e-07, 'K_d': 916641.3832125566, 'rho_d': 10053823016511.996, 'fission_rate': 5.9026410573198524e+19, 'D2_xe_scale': 0.10260979604799883, 'Dg_D1_scale': 0.20221652297792655, 'Dg_D3_scale': 2.3521539739756108, 'Dv_D1_scale': 0.28843566750308386, 'Dv_D2_scale': 3.750396663984527, 'b_bulk_scale': 0.2431878468294627, 'b_dislocation_scale': 0.16320216039780622, 'gb_scale': 4.1582994650329725, 'gd_bubble_scale': 9.019222705650558, 'gd_line_scale': 9.088733069692633, 'gd_line_alpha': 0.42617687158370626, 'coalescence_d_scale': 0.34045636999571727, 'capture_scale': 4.637093517118195}. Best is trial 1126 with value: 1.7410514264406347.
[I 2026-05-02 20:43:50,775] Trial 1412 finished with value: 1.7612152217409094 and parameters: {'f_n': 2.970009449407042e-07, 'K_d': 881535.8463549732, 'rho_d': 9401840468682.236, 'fission_rate': 5.90509381076338e+19, 'D2_xe_scale': 0.08127341575411628, 'Dg_D1_scale': 0.1936302310278514, 'Dg_D3_scale': 2.16787988913001, 'Dv_D1_scale': 0.3148310850449516, 'Dv_D2_scale': 3.997490551466659, 'b_bulk_scale': 0.19579199256360733, 'b_dislocation_scale': 0.1525077381059774, 'gb_scale': 4.9486525918742466, 'gd_bubble_scale': 8.962469168929292, 'gd_line_scale': 8.278029612838466, 'gd_line_alpha': 0.41632884309571117, 'coalescence_d_scale': 0.5332151166386043, 'capture_scale': 5.376629792523133}. Best is trial 1126 with value: 1.7410514264406347.
