[I 2026-05-02 20:03:20,318] Trial 863 finished with value: 1.7615747080086956 and parameters: {'f_n': 6.236445492221472e-07, 'K_d': 837275.2925271698, 'rho_d': 11723962292014.092, 'fission_rate': 6.547049122592368e+19, 'D2_xe_scale': 0.018288867875569288, 'Dg_D1_scale': 0.1612989414089386, 'Dg_D3_scale': 2.1053910887524188, 'Dv_D1_scale': 0.299214633182585, 'Dv_D2_scale': 3.814445016788434, 'b_bulk_scale': 0.311812285416304, 'b_dislocation_scale': 0.13882542634320133, 'gb_scale': 7.258154081080094, 'gd_bubble_scale': 9.105891901318513, 'gd_line_scale': 8.21796478486806, 'gd_line_alpha': 0.39150755396071224, 'coalescence_d_scale': 0.44076685082393663, 'capture_scale': 5.920049296918232}. Best is trial 678 with value: 1.749291878123438.
[I 2026-05-02 20:03:24,781] Trial 864 finished with value: 1.7576897786456127 and parameters: {'f_n': 3.0190212181964693e-07, 'K_d': 817084.3723638582, 'rho_d': 11646450659117.904, 'fission_rate': 6.589030927996513e+19, 'D2_xe_scale': 0.017326765491745222, 'Dg_D1_scale': 0.15020570915996076, 'Dg_D3_scale': 2.1075818770441783, 'Dv_D1_scale': 0.277141793374074, 'Dv_D2_scale': 3.9702063330817627, 'b_bulk_scale': 0.3573211846192444, 'b_dislocation_scale': 0.15631580962439756, 'gb_scale': 7.935751055721275, 'gd_bubble_scale': 8.126823586619437, 'gd_line_scale': 9.123006184353216, 'gd_line_alpha': 0.40301524340607564, 'coalescence_d_scale': 0.4383085883141704, 'capture_scale': 5.5541613521531055}. Best is trial 678 with value: 1.749291878123438.
[I 2026-05-02 20:03:29,211] Trial 865 finished with value: 1.79854359077568 and parameters: {'f_n': 2.754385562400016e-07, 'K_d': 810584.9572770349, 'rho_d': 10782422062577.959, 'fission_rate': 6.6170477904225165e+19, 'D2_xe_scale': 0.01777106655769407, 'Dg_D1_scale': 0.1583991270613935, 'Dg_D3_scale': 2.3017429923108783, 'Dv_D1_scale': 0.27159391921801823, 'Dv_D2_scale': 3.998036523033349, 'b_bulk_scale': 0.3585183713376552, 'b_dislocation_scale': 0.194831960331682, 'gb_scale': 7.968836499356289, 'gd_bubble_scale': 8.24811504101542, 'gd_line_scale': 9.950169155981797, 'gd_line_alpha': 0.4032380964010544, 'coalescence_d_scale': 0.4225870505678932, 'capture_scale': 4.951526701357325}. Best is trial 678 with value: 1.749291878123438.
[I 2026-05-02 20:03:31,856] Trial 866 finished with value: 1.7772639978677185 and parameters: {'f_n': 3.196137877924613e-07, 'K_d': 817881.5201989792, 'rho_d': 11593836355775.328, 'fission_rate': 6.755014971776919e+19, 'D2_xe_scale': 0.010560187525703892, 'Dg_D1_scale': 0.15737505924443118, 'Dg_D3_scale': 2.0964179979687687, 'Dv_D1_scale': 0.27647466044861957, 'Dv_D2_scale': 3.9950828011858253, 'b_bulk_scale': 0.47294774398028894, 'b_dislocation_scale': 0.1675636569623638, 'gb_scale': 7.981595077785605, 'gd_bubble_scale': 7.905575866917137, 'gd_line_scale': 9.30198373067838, 'gd_line_alpha': 0.4179303521881033, 'coalescence_d_scale': 0.38383180205207745, 'capture_scale': 4.916581076265666}. Best is trial 678 with value: 1.749291878123438.
[I 2026-05-02 20:03:36,304] Trial 867 finished with value: 1.8983091562880803 and parameters: {'f_n': 2.2839758099523117e-07, 'K_d': 817119.6704444336, 'rho_d': 11092083042534.412, 'fission_rate': 6.5202293102954504e+19, 'D2_xe_scale': 0.01614583247371776, 'Dg_D1_scale': 0.15841530748440777, 'Dg_D3_scale': 2.2985774585670957, 'Dv_D1_scale': 0.28186337331550365, 'Dv_D2_scale': 3.99180562580067, 'b_bulk_scale': 0.37248444598132613, 'b_dislocation_scale': 0.1567990293093656, 'gb_scale': 6.448731942428129, 'gd_bubble_scale': 9.985559197051092, 'gd_line_scale': 8.704200850469935, 'gd_line_alpha': 0.3852641675670637, 'coalescence_d_scale': 0.414163614489802, 'capture_scale': 5.466845640646888}. Best is trial 678 with value: 1.749291878123438.
[I 2026-05-02 20:03:40,690] Trial 868 finished with value: 1.7627794754495942 and parameters: {'f_n': 3.507476380423107e-07, 'K_d': 847670.7059352517, 'rho_d': 11399944503179.504, 'fission_rate': 6.583866320229849e+19, 'D2_xe_scale': 0.019931320998097742, 'Dg_D1_scale': 0.1517765439188057, 'Dg_D3_scale': 2.1259390821437076, 'Dv_D1_scale': 0.29415090577095326, 'Dv_D2_scale': 3.7755954337555497, 'b_bulk_scale': 0.42506980769079716, 'b_dislocation_scale': 0.18884511237674323, 'gb_scale': 7.2184062063897985, 'gd_bubble_scale': 9.944861022372473, 'gd_line_scale': 9.063473152155321, 'gd_line_alpha': 0.4066289196767745, 'coalescence_d_scale': 0.45089604174676345, 'capture_scale': 5.698850090804055}. Best is trial 678 with value: 1.749291878123438.
[I 2026-05-02 20:03:45,097] Trial 869 finished with value: 2.1710705265564454 and parameters: {'f_n': 3.6520249974486137e-07, 'K_d': 812372.448002936, 'rho_d': 10881313102807.613, 'fission_rate': 6.5899897477413134e+19, 'D2_xe_scale': 0.01348024524596033, 'Dg_D1_scale': 0.15183609972847756, 'Dg_D3_scale': 2.159784687042395, 'Dv_D1_scale': 1.2941692192180512, 'Dv_D2_scale': 3.8050377050149047, 'b_bulk_scale': 0.5503356255278677, 'b_dislocation_scale': 0.18603031288530125, 'gb_scale': 7.028736286315819, 'gd_bubble_scale': 8.023899046075245, 'gd_line_scale': 9.87810722740625, 'gd_line_alpha': 0.43345825872545657, 'coalescence_d_scale': 0.43380212068532603, 'capture_scale': 4.889844140223432}. Best is trial 678 with value: 1.749291878123438.
[I 2026-05-02 20:03:49,610] Trial 870 finished with value: 1.8254758106992046 and parameters: {'f_n': 2.7242398489199515e-07, 'K_d': 840347.9610733638, 'rho_d': 10453740788365.188, 'fission_rate': 6.5671519557399626e+19, 'D2_xe_scale': 0.019859224436769077, 'Dg_D1_scale': 0.15064321242773648, 'Dg_D3_scale': 2.109121888062451, 'Dv_D1_scale': 0.27391968907651026, 'Dv_D2_scale': 3.9917589165499576, 'b_bulk_scale': 0.4172024975229945, 'b_dislocation_scale': 0.17573063398782923, 'gb_scale': 7.297398679598566, 'gd_bubble_scale': 9.155810516641864, 'gd_line_scale': 9.122509041190426, 'gd_line_alpha': 0.4926258556503073, 'coalescence_d_scale': 0.34855972566901205, 'capture_scale': 0.3098135164417838}. Best is trial 678 with value: 1.749291878123438.
[I 2026-05-02 20:03:53,856] Trial 871 finished with value: 2.1191977697754063 and parameters: {'f_n': 3.238568102757686e-07, 'K_d': 844370.5799548981, 'rho_d': 11677085802562.395, 'fission_rate': 6.658062748897002e+19, 'D2_xe_scale': 0.019375624298978242, 'Dg_D1_scale': 0.16814548155460357, 'Dg_D3_scale': 2.3375283892449605, 'Dv_D1_scale': 0.28877337920057883, 'Dv_D2_scale': 3.7941242683532503, 'b_bulk_scale': 0.4038255558633344, 'b_dislocation_scale': 0.2601348872750265, 'gb_scale': 7.983666394981505, 'gd_bubble_scale': 8.076591505943469, 'gd_line_scale': 8.910375182345343, 'gd_line_alpha': 0.4055626086776914, 'coalescence_d_scale': 0.38411333310817003, 'capture_scale': 5.617050393372035}. Best is trial 678 with value: 1.749291878123438.Best trial: 678. Best value: 1.74929:  58%|█████▊    | 871/1500 [1:11:05<45:07,  4.30s/it]Best trial: 678. Best value: 1.74929:  58%|█████▊    | 871/1500 [1:11:05<45:07,  4.30s/it]Best trial: 678. Best value: 1.74929:  58%|█████▊    | 872/1500 [1:11:05<44:52,  4.29s/it]                                                                                          Best trial: 678. Best value: 1.74929:  58%|█████▊    | 872/1500 [1:11:09<44:52,  4.29s/it]Best trial: 678. Best value: 1.74929:  58%|█████▊    | 872/1500 [1:11:09<44:52,  4.29s/it]Best trial: 678. Best value: 1.74929:  58%|█████▊    | 873/1500 [1:11:09<45:04,  4.31s/it]                                                                                          Best trial: 678. Best value: 1.74929:  58%|█████▊    | 873/1500 [1:11:12<45:04,  4.31s/it]Best trial: 678. Best value: 1.74929:  58%|█████▊    | 873/1500 [1:11:12<45:04,  4.31s/it]Best trial: 678. Best value: 1.74929:  58%|█████▊    | 874/1500 [1:11:12<39:49,  3.82s/it]                                                                                          Best trial: 678. Best value: 1.74929:  58%|█████▊    | 874/1500 [1:11:16<39:49,  3.82s/it]Best trial: 678. Best value: 1.74929:  58%|█████▊    | 874/1500 [1:11:16<39:49,  3.82s/it]Best trial: 678. Best value: 1.74929:  58%|█████▊    | 875/1500 [1:11:16<41:18,  3.97s/it]                                                                                          Best trial: 678. Best value: 1.74929:  58%|█████▊    | 875/1500 [1:11:21<41:18,  3.97s/it]Best trial: 678. Best value: 1.74929:  58%|█████▊    | 875/1500 [1:11:21<41:18,  3.97s/it]Best trial: 678. Best value: 1.74929:  58%|█████▊    | 876/1500 [1:11:21<42:23,  4.08s/it]                                                                                          Best trial: 678. Best value: 1.74929:  58%|█████▊    | 876/1500 [1:11:25<42:23,  4.08s/it]Best trial: 678. Best value: 1.74929:  58%|█████▊    | 876/1500 [1:11:25<42:23,  4.08s/it]Best trial: 678. Best value: 1.74929:  58%|█████▊    | 877/1500 [1:11:25<43:36,  4.20s/it]                                                                                          Best trial: 678. Best value: 1.74929:  58%|█████▊    | 877/1500 [1:11:29<43:36,  4.20s/it]Best trial: 678. Best value: 1.74929:  58%|█████▊    | 877/1500 [1:11:29<43:36,  4.20s/it]Best trial: 678. Best value: 1.74929:  59%|█████▊    | 878/1500 [1:11:29<43:42,  4.22s/it]                                                                                          Best trial: 678. Best value: 1.74929:  59%|█████▊    | 878/1500 [1:11:34<43:42,  4.22s/it]Best trial: 678. Best value: 1.74929:  59%|█████▊    | 878/1500 [1:11:34<43:42,  4.22s/it]Best trial: 678. Best value: 1.74929:  59%|█████▊    | 879/1500 [1:11:34<44:14,  4.27s/it]                                                                                          Best trial: 678. Best value: 1.74929:  59%|█████▊    | 879/1500 [1:11:38<44:14,  4.27s/it]Best trial: 678. Best value: 1.74929:  59%|█████▊    | 879/1500 [1:11:38<44:14,  4.27s/it]Best trial: 678. Best value: 1.74929:  59%|█████▊    | 880/1500 [1:11:38<44:32,  4.31s/it]                                                                                          Best trial: 678. Best value: 1.74929:  59%|█████▊    | 880/1500 [1:11:43<44:32,  4.31s/it]Best trial: 678. Best value: 1.74929:  59%|█████▊    | 880/1500 [1:11:43<44:32,  4.31s/it]Best trial: 678. Best value: 1.74929:  59%|█████▊    | 881/1500 [1:11:43<44:34,  4.32s/it]                                                                                          Best trial: 678. Best value: 1.74929:  59%|█████▊    | 881/1500 [1:11:45<44:34,  4.32s/it]Best trial: 678. Best value: 1.74929:  59%|█████▊    | 881/1500 [1:11:45<44:34,  4.32s/it]Best trial: 678. Best value: 1.74929:  59%|█████▉    | 882/1500 [1:11:45<39:41,  3.85s/it]                                                                                          
[I 2026-05-02 20:03:58,228] Trial 872 finished with value: 2.053627168945279 and parameters: {'f_n': 4.31071192237359e-07, 'K_d': 812313.8433216009, 'rho_d': 11454119809104.387, 'fission_rate': 6.4819090967958364e+19, 'D2_xe_scale': 0.013746442911441479, 'Dg_D1_scale': 0.15058715907242082, 'Dg_D3_scale': 2.2196009013301907, 'Dv_D1_scale': 0.26262033529423384, 'Dv_D2_scale': 3.790844968676292, 'b_bulk_scale': 0.31365656300892836, 'b_dislocation_scale': 0.16073001634785272, 'gb_scale': 6.481880936143219, 'gd_bubble_scale': 0.3377159099269667, 'gd_line_scale': 9.374021043354729, 'gd_line_alpha': 0.38684850110455804, 'coalescence_d_scale': 0.4300563307661338, 'capture_scale': 5.675084817305548}. Best is trial 678 with value: 1.749291878123438.
[I 2026-05-02 20:04:00,885] Trial 873 finished with value: 1.8226392606132698 and parameters: {'f_n': 5.592296182011553e-07, 'K_d': 861751.1912537367, 'rho_d': 10520353985648.018, 'fission_rate': 6.795697611600872e+19, 'D2_xe_scale': 0.015303713066881164, 'Dg_D1_scale': 0.15038648632836032, 'Dg_D3_scale': 2.0592820007908963, 'Dv_D1_scale': 0.29780936179221185, 'Dv_D2_scale': 3.767641580038961, 'b_bulk_scale': 0.4783102795695129, 'b_dislocation_scale': 0.15221158020696385, 'gb_scale': 6.604052363031116, 'gd_bubble_scale': 9.937486943100009, 'gd_line_scale': 9.862415568744456, 'gd_line_alpha': 0.41638721089512365, 'coalescence_d_scale': 0.45075736229281876, 'capture_scale': 4.744665229176017}. Best is trial 678 with value: 1.749291878123438.
[I 2026-05-02 20:04:05,195] Trial 874 finished with value: 2.0419539836501652 and parameters: {'f_n': 3.894027158607439e-07, 'K_d': 340250.8705426765, 'rho_d': 11737706390110.418, 'fission_rate': 6.706326595794636e+19, 'D2_xe_scale': 0.022436563500564312, 'Dg_D1_scale': 0.16870779587935053, 'Dg_D3_scale': 2.165562499774074, 'Dv_D1_scale': 0.29640382343549754, 'Dv_D2_scale': 3.9890914563608444, 'b_bulk_scale': 0.3502701954308745, 'b_dislocation_scale': 0.21094558504527033, 'gb_scale': 7.012399687347857, 'gd_bubble_scale': 8.931028653673042, 'gd_line_scale': 8.347778213944803, 'gd_line_alpha': 0.45564955726177364, 'coalescence_d_scale': 0.37667433481703994, 'capture_scale': 4.9668377708683975}. Best is trial 678 with value: 1.749291878123438.
[I 2026-05-02 20:04:09,536] Trial 875 finished with value: 2.162404693172232 and parameters: {'f_n': 5.989566396663112e-07, 'K_d': 868944.8742500508, 'rho_d': 11070517988938.568, 'fission_rate': 6.568183165869805e+19, 'D2_xe_scale': 0.021469078412513106, 'Dg_D1_scale': 0.8793403112611783, 'Dg_D3_scale': 2.001947668878116, 'Dv_D1_scale': 0.26863321538715484, 'Dv_D2_scale': 3.991620376330612, 'b_bulk_scale': 0.3137349678784383, 'b_dislocation_scale': 0.14368655133375363, 'gb_scale': 7.9863542581384825, 'gd_bubble_scale': 0.2918985259520828, 'gd_line_scale': 8.392772565982892, 'gd_line_alpha': 0.3792479776647182, 'coalescence_d_scale': 0.43681125851366903, 'capture_scale': 5.700330462954872}. Best is trial 678 with value: 1.749291878123438.
[I 2026-05-02 20:04:14,023] Trial 876 finished with value: 1.768781914418911 and parameters: {'f_n': 4.89553865483071e-07, 'K_d': 805646.6127320724, 'rho_d': 11674451125404.766, 'fission_rate': 6.396362583514823e+19, 'D2_xe_scale': 0.038208109683689415, 'Dg_D1_scale': 0.16126219804547576, 'Dg_D3_scale': 1.9687249424327513, 'Dv_D1_scale': 0.2825532503387818, 'Dv_D2_scale': 3.767799440153206, 'b_bulk_scale': 0.39344736222905696, 'b_dislocation_scale': 0.16719124833413898, 'gb_scale': 7.234983747350868, 'gd_bubble_scale': 9.971873308677564, 'gd_line_scale': 9.934569948896135, 'gd_line_alpha': 0.43838257655068913, 'coalescence_d_scale': 0.45886325725788873, 'capture_scale': 4.802990401717201}. Best is trial 678 with value: 1.749291878123438.
[I 2026-05-02 20:04:18,276] Trial 877 finished with value: 2.0382724761469286 and parameters: {'f_n': 4.0177857133117886e-07, 'K_d': 874805.1148929461, 'rho_d': 10577403006786.707, 'fission_rate': 6.888433493525869e+19, 'D2_xe_scale': 0.018203102475249446, 'Dg_D1_scale': 0.1697636868222769, 'Dg_D3_scale': 2.232994470822462, 'Dv_D1_scale': 0.2971403270400879, 'Dv_D2_scale': 0.42970164231528835, 'b_bulk_scale': 0.35241329058236803, 'b_dislocation_scale': 0.13962256870384349, 'gb_scale': 6.4416725716334104, 'gd_bubble_scale': 7.597495983011284, 'gd_line_scale': 8.067370900490179, 'gd_line_alpha': 0.4090472865340216, 'coalescence_d_scale': 0.40081001203502653, 'capture_scale': 5.653801222083463}. Best is trial 678 with value: 1.749291878123438.
[I 2026-05-02 20:04:22,690] Trial 878 finished with value: 4.072629606565789 and parameters: {'f_n': 2.1120136994158845e-07, 'K_d': 905547.4265172895, 'rho_d': 48483412138710.766, 'fission_rate': 6.521836750774982e+19, 'D2_xe_scale': 0.026375600183715993, 'Dg_D1_scale': 0.15033038956255848, 'Dg_D3_scale': 2.3502118715879665, 'Dv_D1_scale': 0.29990369426639385, 'Dv_D2_scale': 3.7647383976002367, 'b_bulk_scale': 0.44180905025512357, 'b_dislocation_scale': 0.18811021412421672, 'gb_scale': 6.217279734316087, 'gd_bubble_scale': 0.07677594665788752, 'gd_line_scale': 9.163460951930325, 'gd_line_alpha': 0.402427961249456, 'coalescence_d_scale': 0.48276707313467415, 'capture_scale': 6.057257815405276}. Best is trial 678 with value: 1.749291878123438.
[I 2026-05-02 20:04:27,076] Trial 879 finished with value: 2.140785789194462 and parameters: {'f_n': 3.545086542347928e-07, 'K_d': 818021.8587702996, 'rho_d': 11793141451557.727, 'fission_rate': 6.438598440933136e+19, 'D2_xe_scale': 0.023295114294292246, 'Dg_D1_scale': 0.1598840076787847, 'Dg_D3_scale': 2.0935372360542615, 'Dv_D1_scale': 0.27285875591558184, 'Dv_D2_scale': 3.992900357751046, 'b_bulk_scale': 0.29876440152228195, 'b_dislocation_scale': 0.14700355073521632, 'gb_scale': 7.250881298500508, 'gd_bubble_scale': 0.7118662827343547, 'gd_line_scale': 7.9758529464043235, 'gd_line_alpha': 0.3703292011227102, 'coalescence_d_scale': 0.4482513720476268, 'capture_scale': 4.916654804509161}. Best is trial 678 with value: 1.749291878123438.
[I 2026-05-02 20:04:31,427] Trial 880 finished with value: 1.7732045126583202 and parameters: {'f_n': 6.408225428052721e-07, 'K_d': 920893.3971395415, 'rho_d': 11105625794634.97, 'fission_rate': 6.676819398586929e+19, 'D2_xe_scale': 0.03335241016355223, 'Dg_D1_scale': 0.16698191186092873, 'Dg_D3_scale': 1.9636506983450017, 'Dv_D1_scale': 0.2888329538401638, 'Dv_D2_scale': 3.612291402777908, 'b_bulk_scale': 0.3186533238898082, 'b_dislocation_scale': 0.1313811832945879, 'gb_scale': 7.078842436319391, 'gd_bubble_scale': 9.990785846463835, 'gd_line_scale': 8.816748800470725, 'gd_line_alpha': 0.46482187598409525, 'coalescence_d_scale': 0.39069343351818486, 'capture_scale': 5.521916399915996}. Best is trial 678 with value: 1.749291878123438.
[I 2026-05-02 20:04:34,190] Trial 881 finished with value: 1.8511975037215784 and parameters: {'f_n': 2.6519076162826574e-07, 'K_d': 853351.5830786959, 'rho_d': 11779845576048.924, 'fission_rate': 6.5804764174806065e+19, 'D2_xe_scale': 0.046511269427855585, 'Dg_D1_scale': 0.1709705754366394, 'Dg_D3_scale': 2.356420810204066, 'Dv_D1_scale': 0.30781973137228535, 'Dv_D2_scale': 3.996333236789729, 'b_bulk_scale': 0.2910008030546936, 'b_dislocation_scale': 0.16762800600641714, 'gb_scale': 6.518924021366321, 'gd_bubble_scale': 8.34814694251618, 'gd_line_scale': 8.010747761427538, 'gd_line_alpha': 0.4221779702326606, 'coalescence_d_scale': 0.490467690921098, 'capture_scale': 0.13838101665294608}. Best is trial 678 with value: 1.749291878123438.
