[I 2026-05-02 18:56:41,528] Trial 57 finished with value: 2.3413752624385022 and parameters: {'f_n': 1.9250131890376928e-07, 'K_d': 1202122.7497149392, 'rho_d': 7553442849450.229, 'fission_rate': 5.831003869187829e+19, 'D2_xe_scale': 0.5029897263175137, 'Dg_D1_scale': 0.17237383209403834, 'Dg_D3_scale': 1.9939173906157053, 'Dv_D1_scale': 1.1499530605433883, 'Dv_D2_scale': 2.151031307037265, 'b_bulk_scale': 0.06089440843838888, 'b_dislocation_scale': 0.04254750445353183, 'gb_scale': 0.444517159624503, 'gd_bubble_scale': 3.7455695805808036, 'gd_line_scale': 0.7201691420818114, 'gd_line_alpha': 0.7281485050978364, 'coalescence_d_scale': 0.21515332397166645, 'capture_scale': 6.562473605400855}. Best is trial 49 with value: 2.064490204015462.Best trial: 49. Best value: 2.06449:   4%|▍         | 57/1500 [03:53<1:39:57,  4.16s/it]Best trial: 49. Best value: 2.06449:   4%|▍         | 57/1500 [03:53<1:39:57,  4.16s/it]Best trial: 49. Best value: 2.06449:   4%|▍         | 58/1500 [03:53<1:44:38,  4.35s/it]                                                                                        Best trial: 49. Best value: 2.06449:   4%|▍         | 58/1500 [03:57<1:44:38,  4.35s/it]Best trial: 49. Best value: 2.06449:   4%|▍         | 58/1500 [03:57<1:44:38,  4.35s/it]Best trial: 49. Best value: 2.06449:   4%|▍         | 59/1500 [03:57<1:46:09,  4.42s/it]                                                                                        Best trial: 49. Best value: 2.06449:   4%|▍         | 59/1500 [04:01<1:46:09,  4.42s/it]Best trial: 49. Best value: 2.06449:   4%|▍         | 59/1500 [04:01<1:46:09,  4.42s/it]Best trial: 49. Best value: 2.06449:   4%|▍         | 60/1500 [04:01<1:44:01,  4.33s/it]                                                                                        Best trial: 49. Best value: 2.06449:   4%|▍         | 60/1500 [04:07<1:44:01,  4.33s/it]Best trial: 49. Best value: 2.06449:   4%|▍         | 60/1500 [04:07<1:44:01,  4.33s/it]Best trial: 49. Best value: 2.06449:   4%|▍         | 61/1500 [04:07<1:52:06,  4.67s/it]                                                                                        Best trial: 49. Best value: 2.06449:   4%|▍         | 61/1500 [04:11<1:52:06,  4.67s/it]Best trial: 61. Best value: 1.99132:   4%|▍         | 61/1500 [04:11<1:52:06,  4.67s/it]Best trial: 61. Best value: 1.99132:   4%|▍         | 62/1500 [04:11<1:49:52,  4.58s/it]                                                                                        Best trial: 61. Best value: 1.99132:   4%|▍         | 62/1500 [04:16<1:49:52,  4.58s/it]Best trial: 61. Best value: 1.99132:   4%|▍         | 62/1500 [04:16<1:49:52,  4.58s/it]Best trial: 61. Best value: 1.99132:   4%|▍         | 63/1500 [04:16<1:48:56,  4.55s/it]                                                                                        Best trial: 61. Best value: 1.99132:   4%|▍         | 63/1500 [04:19<1:48:56,  4.55s/it]Best trial: 61. Best value: 1.99132:   4%|▍         | 63/1500 [04:19<1:48:56,  4.55s/it]Best trial: 61. Best value: 1.99132:   4%|▍         | 64/1500 [04:19<1:39:39,  4.16s/it]                                                                                        Best trial: 61. Best value: 1.99132:   4%|▍         | 64/1500 [04:24<1:39:39,  4.16s/it]Best trial: 61. Best value: 1.99132:   4%|▍         | 64/1500 [04:24<1:39:39,  4.16s/it]Best trial: 61. Best value: 1.99132:   4%|▍         | 65/1500 [04:24<1:43:43,  4.34s/it]                                                                                        Best trial: 61. Best value: 1.99132:   4%|▍         | 65/1500 [04:29<1:43:43,  4.34s/it]Best trial: 61. Best value: 1.99132:   4%|▍         | 65/1500 [04:29<1:43:43,  4.34s/it]Best trial: 61. Best value: 1.99132:   4%|▍         | 66/1500 [04:29<1:47:59,  4.52s/it]                                                                                        Best trial: 61. Best value: 1.99132:   4%|▍         | 66/1500 [04:33<1:47:59,  4.52s/it]Best trial: 61. Best value: 1.99132:   4%|▍         | 66/1500 [04:33<1:47:59,  4.52s/it]Best trial: 61. Best value: 1.99132:   4%|▍         | 67/1500 [04:33<1:48:46,  4.55s/it]                                                                                        Best trial: 61. Best value: 1.99132:   4%|▍         | 67/1500 [04:38<1:48:46,  4.55s/it]Best trial: 61. Best value: 1.99132:   4%|▍         | 67/1500 [04:38<1:48:46,  4.55s/it]Best trial: 61. Best value: 1.99132:   5%|▍         | 68/1500 [04:38<1:47:51,  4.52s/it]                                                                                        
[I 2026-05-02 18:56:46,103] Trial 58 finished with value: 2.2104447489175283 and parameters: {'f_n': 4.1286756588511526e-07, 'K_d': 1468446.284264798, 'rho_d': 5735974582871.162, 'fission_rate': 6.286587130229014e+19, 'D2_xe_scale': 6.843753640237932, 'Dg_D1_scale': 0.2934311360411547, 'Dg_D3_scale': 3.358581819197435, 'Dv_D1_scale': 0.5041811074569297, 'Dv_D2_scale': 2.502304322014457, 'b_bulk_scale': 0.14781780157862004, 'b_dislocation_scale': 0.03446604182692984, 'gb_scale': 1.3748262232074449, 'gd_bubble_scale': 7.637212144141084, 'gd_line_scale': 0.3461941494805892, 'gd_line_alpha': 0.6118096109095384, 'coalescence_d_scale': 0.15958848344646073, 'capture_scale': 2.3411747728921433}. Best is trial 49 with value: 2.064490204015462.
[I 2026-05-02 18:56:50,237] Trial 59 finished with value: 4.7331844501109215 and parameters: {'f_n': 6.446479606874433e-07, 'K_d': 1472593.8710933977, 'rho_d': 5721237047132.819, 'fission_rate': 6.307514378648858e+19, 'D2_xe_scale': 10.117738512605545, 'Dg_D1_scale': 0.31215605212208725, 'Dg_D3_scale': 3.3514759324699246, 'Dv_D1_scale': 0.454460312057648, 'Dv_D2_scale': 2.5507618748878413, 'b_bulk_scale': 0.14603566872869594, 'b_dislocation_scale': 3.6690945095950434, 'gb_scale': 1.3836027974050573, 'gd_bubble_scale': 7.8236639245976445, 'gd_line_scale': 0.32875928183012026, 'gd_line_alpha': 0.524533563899857, 'coalescence_d_scale': 0.17154177842603208, 'capture_scale': 2.182854023867828}. Best is trial 49 with value: 2.064490204015462.
[I 2026-05-02 18:56:55,706] Trial 60 finished with value: 3.3950202506633267 and parameters: {'f_n': 2.1443699609123452e-07, 'K_d': 1307196.2290906212, 'rho_d': 63964172440927.01, 'fission_rate': 5.114113897494859e+19, 'D2_xe_scale': 40.89204651231985, 'Dg_D1_scale': 0.27044579237927513, 'Dg_D3_scale': 2.5330772916284063, 'Dv_D1_scale': 0.2704012812687332, 'Dv_D2_scale': 1.9800538921352964, 'b_bulk_scale': 0.277961707098663, 'b_dislocation_scale': 0.07823987239824214, 'gb_scale': 1.6225390923602283, 'gd_bubble_scale': 3.318427302919391, 'gd_line_scale': 0.17087118222881345, 'gd_line_alpha': 0.5969833916040794, 'coalescence_d_scale': 0.255403682239623, 'capture_scale': 2.8949234770722576}. Best is trial 49 with value: 2.064490204015462.
[I 2026-05-02 18:57:00,073] Trial 61 finished with value: 1.9913180486424071 and parameters: {'f_n': 3.3807989641301577e-07, 'K_d': 933043.4911322856, 'rho_d': 7062314797176.86, 'fission_rate': 6.581292511660371e+19, 'D2_xe_scale': 8.77397169617163, 'Dg_D1_scale': 0.32669790977031177, 'Dg_D3_scale': 3.922601858202794, 'Dv_D1_scale': 0.5806502088780704, 'Dv_D2_scale': 1.707929921827242, 'b_bulk_scale': 0.04649006000737399, 'b_dislocation_scale': 0.03463582334311657, 'gb_scale': 0.9823574901214612, 'gd_bubble_scale': 5.527220143259737, 'gd_line_scale': 1.0817628948097842, 'gd_line_alpha': 0.6123358469742287, 'coalescence_d_scale': 0.1418574992684982, 'capture_scale': 4.01214116049078}. Best is trial 61 with value: 1.9913180486424071.
[I 2026-05-02 18:57:04,543] Trial 62 finished with value: 2.059209937130149 and parameters: {'f_n': 4.770339177944649e-07, 'K_d': 1160938.6244622152, 'rho_d': 7204205637123.696, 'fission_rate': 6.4328042518283e+19, 'D2_xe_scale': 12.66452765955581, 'Dg_D1_scale': 0.24111004597313457, 'Dg_D3_scale': 3.0189274332525255, 'Dv_D1_scale': 0.526452146017737, 'Dv_D2_scale': 2.952292185011667, 'b_bulk_scale': 0.03678130231958114, 'b_dislocation_scale': 0.030390980622407877, 'gb_scale': 1.0043677145051964, 'gd_bubble_scale': 6.9237501442210085, 'gd_line_scale': 0.36310126774062734, 'gd_line_alpha': 0.43593500008921343, 'coalescence_d_scale': 0.10189187733965555, 'capture_scale': 5.913393156079324}. Best is trial 61 with value: 1.9913180486424071.
[I 2026-05-02 18:57:07,809] Trial 63 finished with value: 2.0488055657846838 and parameters: {'f_n': 1.031481794530031e-06, 'K_d': 1171517.2942250469, 'rho_d': 8292669286475.92, 'fission_rate': 5.964998243367448e+19, 'D2_xe_scale': 8.420151770031406, 'Dg_D1_scale': 0.22868176974406595, 'Dg_D3_scale': 2.992140022703925, 'Dv_D1_scale': 0.5538885254069918, 'Dv_D2_scale': 3.0787773909960885, 'b_bulk_scale': 0.04235944072970863, 'b_dislocation_scale': 0.03017370573604683, 'gb_scale': 1.0847573740163743, 'gd_bubble_scale': 7.711170234802053, 'gd_line_scale': 1.1156144284012508, 'gd_line_alpha': 0.59955549341259, 'coalescence_d_scale': 0.10017027626294166, 'capture_scale': 5.76848513149439}. Best is trial 61 with value: 1.9913180486424071.
[I 2026-05-02 18:57:12,551] Trial 64 finished with value: 2.991202738359038 and parameters: {'f_n': 2.1731201023564203e-06, 'K_d': 941930.4134842731, 'rho_d': 7286896711441.05, 'fission_rate': 5.962431212036281e+19, 'D2_xe_scale': 14.738044823063623, 'Dg_D1_scale': 0.24992228703039526, 'Dg_D3_scale': 3.0026842923557524, 'Dv_D1_scale': 0.5368619278992678, 'Dv_D2_scale': 3.108917325738218, 'b_bulk_scale': 0.04202871492298294, 'b_dislocation_scale': 0.050811970879603305, 'gb_scale': 1.0515726415011433, 'gd_bubble_scale': 4.475413278634396, 'gd_line_scale': 1.0820804412777287, 'gd_line_alpha': 0.44226077023265975, 'coalescence_d_scale': 0.10684080371635998, 'capture_scale': 5.9939799377925596}. Best is trial 61 with value: 1.9913180486424071.
[I 2026-05-02 18:57:17,493] Trial 65 finished with value: 2.2206121506766285 and parameters: {'f_n': 9.266012879868832e-07, 'K_d': 1143528.2333903702, 'rho_d': 7888264070810.6455, 'fission_rate': 5.718430539691452e+19, 'D2_xe_scale': 27.120955249566997, 'Dg_D1_scale': 0.23560506400279516, 'Dg_D3_scale': 2.2508675006723453, 'Dv_D1_scale': 0.44888810888953706, 'Dv_D2_scale': 1.7830694245648875, 'b_bulk_scale': 0.036268346765650133, 'b_dislocation_scale': 0.030438779048855686, 'gb_scale': 0.9104383025957489, 'gd_bubble_scale': 9.812438604732655, 'gd_line_scale': 1.3472592207937204, 'gd_line_alpha': 0.3593795028926203, 'coalescence_d_scale': 0.13280471053183635, 'capture_scale': 5.071438381596386}. Best is trial 61 with value: 1.9913180486424071.
[I 2026-05-02 18:57:22,129] Trial 66 finished with value: 3.7566706441115665 and parameters: {'f_n': 1.4498073469188485e-06, 'K_d': 1258429.2601756465, 'rho_d': 8255138647188.237, 'fission_rate': 6.178684991369069e+19, 'D2_xe_scale': 2.9566983746801947, 'Dg_D1_scale': 0.1670104222661662, 'Dg_D3_scale': 1.5657780373020127, 'Dv_D1_scale': 0.5890611559456612, 'Dv_D2_scale': 2.968612083047528, 'b_bulk_scale': 0.04607515234937518, 'b_dislocation_scale': 0.05502061014514213, 'gb_scale': 0.6889436957447731, 'gd_bubble_scale': 2.3975588230607316, 'gd_line_scale': 0.26252491799726707, 'gd_line_alpha': 0.42304063395345476, 'coalescence_d_scale': 0.14042128065409454, 'capture_scale': 3.1138858124503894}. Best is trial 61 with value: 1.9913180486424071.
[I 2026-05-02 18:57:26,567] Trial 67 finished with value: 2.2983230153139207 and parameters: {'f_n': 1.1460524488781253e-07, 'K_d': 818270.3359622748, 'rho_d': 6655651783967.01, 'fission_rate': 6.456843157790606e+19, 'D2_xe_scale': 5.783073615173775, 'Dg_D1_scale': 0.15455529624023992, 'Dg_D3_scale': 2.8358540558017284, 'Dv_D1_scale': 0.4157194413294724, 'Dv_D2_scale': 3.5594382630921877, 'b_bulk_scale': 0.10699289678114368, 'b_dislocation_scale': 0.04626284709236645, 'gb_scale': 2.0729104033126933, 'gd_bubble_scale': 5.181654290735583, 'gd_line_scale': 0.4215089343941278, 'gd_line_alpha': 0.5277207406879991, 'coalescence_d_scale': 0.10752083468851102, 'capture_scale': 6.261395405932238}. Best is trial 61 with value: 1.9913180486424071.
[I 2026-05-02 18:57:31,261] Trial 68 finished with value: 3.66328634472499 and parameters: {'f_n': 2.957574991164315e-06, 'K_d': 191597.7301003285, 'rho_d': 7038377718937.757, 'fission_rate': 6.071887829858456e+19, 'D2_xe_scale': 14.042416436729473, 'Dg_D1_scale': 0.1976367336510689, 'Dg_D3_scale': 3.5155163582816544, 'Dv_D1_scale': 0.811738751087041, 'Dv_D2_scale': 2.2116911321258255, 'b_bulk_scale': 0.06275453216294288, 'b_dislocation_scale': 0.033879216182589995, 'gb_scale': 3.0678122027506207, 'gd_bubble_scale': 3.905160770981996, 'gd_line_scale': 0.6499206975103758, 'gd_line_alpha': 0.38182341057403657, 'coalescence_d_scale': 0.4597820713980688, 'capture_scale': 7.637730523758084}. Best is trial 61 with value: 1.9913180486424071.Best trial: 61. Best value: 1.99132:   5%|▍         | 68/1500 [04:42<1:47:51,  4.52s/it]Best trial: 61. Best value: 1.99132:   5%|▍         | 68/1500 [04:42<1:47:51,  4.52s/it]Best trial: 61. Best value: 1.99132:   5%|▍         | 69/1500 [04:42<1:49:01,  4.57s/it]                                                                                        Best trial: 61. Best value: 1.99132:   5%|▍         | 69/1500 [04:47<1:49:01,  4.57s/it]Best trial: 61. Best value: 1.99132:   5%|▍         | 69/1500 [04:47<1:49:01,  4.57s/it]Best trial: 61. Best value: 1.99132:   5%|▍         | 70/1500 [04:47<1:50:35,  4.64s/it]                                                                                        Best trial: 61. Best value: 1.99132:   5%|▍         | 70/1500 [04:52<1:50:35,  4.64s/it]Best trial: 70. Best value: 1.97589:   5%|▍         | 70/1500 [04:52<1:50:35,  4.64s/it]Best trial: 70. Best value: 1.97589:   5%|▍         | 71/1500 [04:52<1:50:02,  4.62s/it]                                                                                        Best trial: 70. Best value: 1.97589:   5%|▍         | 71/1500 [04:58<1:50:02,  4.62s/it]Best trial: 71. Best value: 1.90598:   5%|▍         | 71/1500 [04:58<1:50:02,  4.62s/it]Best trial: 71. Best value: 1.90598:   5%|▍         | 72/1500 [04:58<2:02:36,  5.15s/it]                                                                                        Best trial: 71. Best value: 1.90598:   5%|▍         | 72/1500 [05:05<2:02:36,  5.15s/it]Best trial: 72. Best value: 1.90578:   5%|▍         | 72/1500 [05:05<2:02:36,  5.15s/it]Best trial: 72. Best value: 1.90578:   5%|▍         | 73/1500 [05:05<2:12:05,  5.55s/it]                                                                                        Best trial: 72. Best value: 1.90578:   5%|▍         | 73/1500 [05:11<2:12:05,  5.55s/it]Best trial: 72. Best value: 1.90578:   5%|▍         | 73/1500 [05:11<2:12:05,  5.55s/it]Best trial: 72. Best value: 1.90578:   5%|▍         | 74/1500 [05:11<2:17:04,  5.77s/it]                                                                                        Best trial: 72. Best value: 1.90578:   5%|▍         | 74/1500 [05:17<2:17:04,  5.77s/it]Best trial: 72. Best value: 1.90578:   5%|▍         | 74/1500 [05:17<2:17:04,  5.77s/it]Best trial: 72. Best value: 1.90578:   5%|▌         | 75/1500 [05:17<2:20:58,  5.94s/it]                                                                                        Best trial: 72. Best value: 1.90578:   5%|▌         | 75/1500 [05:22<2:20:58,  5.94s/it]Best trial: 72. Best value: 1.90578:   5%|▌         | 75/1500 [05:22<2:20:58,  5.94s/it]Best trial: 72. Best value: 1.90578:   5%|▌         | 76/1500 [05:22<2:12:31,  5.58s/it]                                                                                        Best trial: 72. Best value: 1.90578:   5%|▌         | 76/1500 [05:28<2:12:31,  5.58s/it]Best trial: 72. Best value: 1.90578:   5%|▌         | 76/1500 [05:28<2:12:31,  5.58s/it]Best trial: 72. Best value: 1.90578:   5%|▌         | 77/1500 [05:28<2:16:22,  5.75s/it]                                                                                        Best trial: 72. Best value: 1.90578:   5%|▌         | 77/1500 [05:34<2:16:22,  5.75s/it]Best trial: 72. Best value: 1.90578:   5%|▌         | 77/1500 [05:34<2:16:22,  5.75s/it]Best trial: 72. Best value: 1.90578:   5%|▌         | 78/1500 [05:34<2:19:05,  5.87s/it]                                                                                        Best trial: 72. Best value: 1.90578:   5%|▌         | 78/1500 [05:41<2:19:05,  5.87s/it]Best trial: 72. Best value: 1.90578:   5%|▌         | 78/1500 [05:41<2:19:05,  5.87s/it]Best trial: 72. Best value: 1.90578:   5%|▌         | 79/1500 [05:41<2:23:09,  6.05s/it]                                                                                        
[I 2026-05-02 18:57:36,062] Trial 69 finished with value: 1.999810517208202 and parameters: {'f_n': 5.699019893654155e-07, 'K_d': 1142376.1685273377, 'rho_d': 8651929448255.108, 'fission_rate': 5.901142221382508e+19, 'D2_xe_scale': 10.484870035987717, 'Dg_D1_scale': 0.3221743769769645, 'Dg_D3_scale': 2.4587181190343768, 'Dv_D1_scale': 0.30111476184358543, 'Dv_D2_scale': 2.32753448106714, 'b_bulk_scale': 0.08827891776952333, 'b_dislocation_scale': 0.06396095847975959, 'gb_scale': 1.2502205602769272, 'gd_bubble_scale': 6.735649395001268, 'gd_line_scale': 1.0639177887954876, 'gd_line_alpha': 0.2946679200080008, 'coalescence_d_scale': 0.18915164628303247, 'capture_scale': 4.560987228736372}. Best is trial 61 with value: 1.9913180486424071.
[I 2026-05-02 18:57:40,629] Trial 70 finished with value: 1.9758879077170788 and parameters: {'f_n': 9.571899096810116e-07, 'K_d': 1107031.8630688395, 'rho_d': 8882338033046.768, 'fission_rate': 4.478901123923775e+19, 'D2_xe_scale': 11.067980601648879, 'Dg_D1_scale': 0.32344867672495514, 'Dg_D3_scale': 2.0620606688057252, 'Dv_D1_scale': 0.24983337539932454, 'Dv_D2_scale': 2.365713073827999, 'b_bulk_scale': 0.0816854062436858, 'b_dislocation_scale': 0.06601932921026572, 'gb_scale': 1.2675305545037845, 'gd_bubble_scale': 8.671123265269701, 'gd_line_scale': 1.0022557815844733, 'gd_line_alpha': 0.28124220284326806, 'coalescence_d_scale': 0.18626317713457952, 'capture_scale': 4.495471306272429}. Best is trial 70 with value: 1.9758879077170788.
[I 2026-05-02 18:57:47,021] Trial 71 finished with value: 1.9059835856716951 and parameters: {'f_n': 5.820219255562984e-07, 'K_d': 1096038.8175224636, 'rho_d': 10664275973046.023, 'fission_rate': 4.318179295458872e+19, 'D2_xe_scale': 10.66573366568464, 'Dg_D1_scale': 0.3228287098664196, 'Dg_D3_scale': 1.9724459198427227, 'Dv_D1_scale': 0.2448653784402011, 'Dv_D2_scale': 2.8781944004013895, 'b_bulk_scale': 0.0838232993557063, 'b_dislocation_scale': 0.0656298591636688, 'gb_scale': 1.2004394215803218, 'gd_bubble_scale': 7.051474259669869, 'gd_line_scale': 1.0450709096383466, 'gd_line_alpha': 0.2747558188197916, 'coalescence_d_scale': 0.18681246217289185, 'capture_scale': 4.446064759879211}. Best is trial 71 with value: 1.9059835856716951.
[I 2026-05-02 18:57:53,512] Trial 72 finished with value: 1.9057808883113645 and parameters: {'f_n': 5.421089061321493e-07, 'K_d': 1101883.2719363845, 'rho_d': 11068363552536.053, 'fission_rate': 4.344956565392633e+19, 'D2_xe_scale': 10.621580675217228, 'Dg_D1_scale': 0.2232389642775503, 'Dg_D3_scale': 2.043877525561112, 'Dv_D1_scale': 0.20003980143278383, 'Dv_D2_scale': 2.3918253722719522, 'b_bulk_scale': 0.07685924764642951, 'b_dislocation_scale': 0.06907931838681262, 'gb_scale': 1.196406367857228, 'gd_bubble_scale': 8.197197856633995, 'gd_line_scale': 1.0531102349852315, 'gd_line_alpha': 0.29307169712099523, 'coalescence_d_scale': 0.1989072352796791, 'capture_scale': 4.674878631992701}. Best is trial 72 with value: 1.9057808883113645.
[I 2026-05-02 18:57:59,787] Trial 73 finished with value: 2.044491967986094 and parameters: {'f_n': 5.820426950744806e-07, 'K_d': 1333279.7595219333, 'rho_d': 12898705533778.951, 'fission_rate': 4.406862092262038e+19, 'D2_xe_scale': 10.979029390203392, 'Dg_D1_scale': 0.3107327762752924, 'Dg_D3_scale': 1.9156255094656232, 'Dv_D1_scale': 0.26987274644409026, 'Dv_D2_scale': 2.3867185508243307, 'b_bulk_scale': 0.09765845476325312, 'b_dislocation_scale': 0.10263946564851929, 'gb_scale': 1.2065161986868138, 'gd_bubble_scale': 8.562284449381877, 'gd_line_scale': 1.083444047459676, 'gd_line_alpha': 0.2866113837749457, 'coalescence_d_scale': 0.1876153264653101, 'capture_scale': 4.702514540982047}. Best is trial 72 with value: 1.9057808883113645.
[I 2026-05-02 18:58:06,115] Trial 74 finished with value: 2.0710290577402493 and parameters: {'f_n': 1.0110716969012788e-06, 'K_d': 1321347.4001891343, 'rho_d': 12768877998757.834, 'fission_rate': 4.373176971192864e+19, 'D2_xe_scale': 10.787670116383962, 'Dg_D1_scale': 0.33399801052339856, 'Dg_D3_scale': 1.9329115627762288, 'Dv_D1_scale': 0.2038094239363105, 'Dv_D2_scale': 2.3561297191001267, 'b_bulk_scale': 0.0979051880691457, 'b_dislocation_scale': 0.09722226425885017, 'gb_scale': 1.8733382292027054, 'gd_bubble_scale': 8.682163523711536, 'gd_line_scale': 1.6087408059010369, 'gd_line_alpha': 0.3002273724470311, 'coalescence_d_scale': 0.22311346000768367, 'capture_scale': 4.316292750976286}. Best is trial 72 with value: 1.9057808883113645.
