[I 2026-05-02 20:32:55,624] Trial 1267 finished with value: 3.6868914780283606 and parameters: {'f_n': 4.602094424446209e-07, 'K_d': 640526.6554195808, 'rho_d': 11198869867142.969, 'fission_rate': 6.339151317195926e+19, 'D2_xe_scale': 0.06251131192001229, 'Dg_D1_scale': 0.18652836758716512, 'Dg_D3_scale': 3.280774583042217, 'Dv_D1_scale': 0.2596052584603973, 'Dv_D2_scale': 3.998493162027795, 'b_bulk_scale': 0.5791426714571302, 'b_dislocation_scale': 0.21310438757768557, 'gb_scale': 0.07453289353527594, 'gd_bubble_scale': 7.844566564416867, 'gd_line_scale': 7.411674335550151, 'gd_line_alpha': 0.6407846949042435, 'coalescence_d_scale': 0.49111060549528557, 'capture_scale': 7.141068599026065}. Best is trial 1126 with value: 1.7410514264406347.Best trial: 1126. Best value: 1.74105:  84%|████████▍ | 1267/1500 [1:40:07<17:41,  4.55s/it]Best trial: 1126. Best value: 1.74105:  84%|████████▍ | 1267/1500 [1:40:07<17:41,  4.55s/it]Best trial: 1126. Best value: 1.74105:  85%|████████▍ | 1268/1500 [1:40:07<17:44,  4.59s/it]                                                                                            Best trial: 1126. Best value: 1.74105:  85%|████████▍ | 1268/1500 [1:40:11<17:44,  4.59s/it]Best trial: 1126. Best value: 1.74105:  85%|████████▍ | 1268/1500 [1:40:12<17:44,  4.59s/it]Best trial: 1126. Best value: 1.74105:  85%|████████▍ | 1269/1500 [1:40:12<17:47,  4.62s/it]                                                                                            Best trial: 1126. Best value: 1.74105:  85%|████████▍ | 1269/1500 [1:40:16<17:47,  4.62s/it]Best trial: 1126. Best value: 1.74105:  85%|████████▍ | 1269/1500 [1:40:16<17:47,  4.62s/it]Best trial: 1126. Best value: 1.74105:  85%|████████▍ | 1270/1500 [1:40:16<18:03,  4.71s/it]                                                                                            Best trial: 1126. Best value: 1.74105:  85%|████████▍ | 1270/1500 [1:40:19<18:03,  4.71s/it]Best trial: 1126. Best value: 1.74105:  85%|████████▍ | 1270/1500 [1:40:20<18:03,  4.71s/it]Best trial: 1126. Best value: 1.74105:  85%|████████▍ | 1271/1500 [1:40:20<16:10,  4.24s/it]                                                                                            Best trial: 1126. Best value: 1.74105:  85%|████████▍ | 1271/1500 [1:40:24<16:10,  4.24s/it]Best trial: 1126. Best value: 1.74105:  85%|████████▍ | 1271/1500 [1:40:25<16:10,  4.24s/it]Best trial: 1126. Best value: 1.74105:  85%|████████▍ | 1272/1500 [1:40:25<16:53,  4.45s/it]                                                                                            Best trial: 1126. Best value: 1.74105:  85%|████████▍ | 1272/1500 [1:40:29<16:53,  4.45s/it]Best trial: 1126. Best value: 1.74105:  85%|████████▍ | 1272/1500 [1:40:29<16:53,  4.45s/it]Best trial: 1126. Best value: 1.74105:  85%|████████▍ | 1273/1500 [1:40:29<17:09,  4.54s/it]                                                                                            Best trial: 1126. Best value: 1.74105:  85%|████████▍ | 1273/1500 [1:40:32<17:09,  4.54s/it]Best trial: 1126. Best value: 1.74105:  85%|████████▍ | 1273/1500 [1:40:32<17:09,  4.54s/it]Best trial: 1126. Best value: 1.74105:  85%|████████▍ | 1274/1500 [1:40:32<15:02,  4.00s/it]                                                                                            Best trial: 1126. Best value: 1.74105:  85%|████████▍ | 1274/1500 [1:40:37<15:02,  4.00s/it]Best trial: 1126. Best value: 1.74105:  85%|████████▍ | 1274/1500 [1:40:37<15:02,  4.00s/it]Best trial: 1126. Best value: 1.74105:  85%|████████▌ | 1275/1500 [1:40:37<15:45,  4.20s/it]                                                                                            Best trial: 1126. Best value: 1.74105:  85%|████████▌ | 1275/1500 [1:40:42<15:45,  4.20s/it]Best trial: 1126. Best value: 1.74105:  85%|████████▌ | 1275/1500 [1:40:42<15:45,  4.20s/it]Best trial: 1126. Best value: 1.74105:  85%|████████▌ | 1276/1500 [1:40:42<16:33,  4.44s/it]                                                                                            Best trial: 1126. Best value: 1.74105:  85%|████████▌ | 1276/1500 [1:40:46<16:33,  4.44s/it]Best trial: 1126. Best value: 1.74105:  85%|████████▌ | 1276/1500 [1:40:46<16:33,  4.44s/it]Best trial: 1126. Best value: 1.74105:  85%|████████▌ | 1277/1500 [1:40:46<16:50,  4.53s/it]                                                                                            Best trial: 1126. Best value: 1.74105:  85%|████████▌ | 1277/1500 [1:40:49<16:50,  4.53s/it]Best trial: 1126. Best value: 1.74105:  85%|████████▌ | 1277/1500 [1:40:49<16:50,  4.53s/it]Best trial: 1126. Best value: 1.74105:  85%|████████▌ | 1278/1500 [1:40:49<14:55,  4.03s/it]                                                                                            
[I 2026-05-02 20:33:00,311] Trial 1268 finished with value: 3.171907135759764 and parameters: {'f_n': 6.991300055494753e-07, 'K_d': 700901.2025339009, 'rho_d': 5041981102013.314, 'fission_rate': 6.1781515771669225e+19, 'D2_xe_scale': 0.12346303326572941, 'Dg_D1_scale': 0.1677739178867805, 'Dg_D3_scale': 2.8480953611045203, 'Dv_D1_scale': 0.2803472860232485, 'Dv_D2_scale': 0.36266593617914644, 'b_bulk_scale': 0.31254384111199235, 'b_dislocation_scale': 0.1597863459073007, 'gb_scale': 7.110402461768042, 'gd_bubble_scale': 7.244679108074037, 'gd_line_scale': 6.439728676354139, 'gd_line_alpha': 0.5010936022937257, 'coalescence_d_scale': 0.39325277069807807, 'capture_scale': 7.987203374624419}. Best is trial 1126 with value: 1.7410514264406347.
[I 2026-05-02 20:33:05,246] Trial 1269 finished with value: 3.2410760048109175 and parameters: {'f_n': 3.340604243405321e-07, 'K_d': 791441.5760479243, 'rho_d': 12115119182263.547, 'fission_rate': 5.9626469125285626e+19, 'D2_xe_scale': 0.01930402500689264, 'Dg_D1_scale': 0.15006851924218834, 'Dg_D3_scale': 2.660152051387496, 'Dv_D1_scale': 0.313662089822546, 'Dv_D2_scale': 3.780634564151041, 'b_bulk_scale': 2.39963844001913, 'b_dislocation_scale': 0.14838131379255765, 'gb_scale': 6.637796259457872, 'gd_bubble_scale': 8.63257208356687, 'gd_line_scale': 8.994522923659785, 'gd_line_alpha': 0.526820193609116, 'coalescence_d_scale': 0.5639867742477608, 'capture_scale': 7.998032499657266}. Best is trial 1126 with value: 1.7410514264406347.
[I 2026-05-02 20:33:08,380] Trial 1270 finished with value: 2.067302626952251 and parameters: {'f_n': 5.426560199103165e-07, 'K_d': 606012.621188213, 'rho_d': 12521270819026.283, 'fission_rate': 6.4282756331282874e+19, 'D2_xe_scale': 0.05014932948168804, 'Dg_D1_scale': 0.15006627120957342, 'Dg_D3_scale': 3.629807417814608, 'Dv_D1_scale': 0.29309152456883125, 'Dv_D2_scale': 3.4989244260927346, 'b_bulk_scale': 0.4388396917283336, 'b_dislocation_scale': 0.2935895831290949, 'gb_scale': 5.637418711717846, 'gd_bubble_scale': 7.930084575270509, 'gd_line_scale': 8.131303027650523, 'gd_line_alpha': 0.5719534188287239, 'coalescence_d_scale': 0.426517105896329, 'capture_scale': 5.762312749304008}. Best is trial 1126 with value: 1.7410514264406347.
[I 2026-05-02 20:33:13,311] Trial 1271 finished with value: 1.8518419548619491 and parameters: {'f_n': 4.3305122430050894e-07, 'K_d': 726619.934876269, 'rho_d': 10911048236464.299, 'fission_rate': 6.04336637622855e+19, 'D2_xe_scale': 0.07872558365313861, 'Dg_D1_scale': 0.2091221087244563, 'Dg_D3_scale': 3.1017626978514103, 'Dv_D1_scale': 0.2708822720713544, 'Dv_D2_scale': 3.1253728565859666, 'b_bulk_scale': 0.7860329305516824, 'b_dislocation_scale': 0.1717964545606732, 'gb_scale': 7.1775951052705285, 'gd_bubble_scale': 9.106328387097655, 'gd_line_scale': 7.532666493309535, 'gd_line_alpha': 0.6124336409999747, 'coalescence_d_scale': 0.3749225053140954, 'capture_scale': 4.759437440017407}. Best is trial 1126 with value: 1.7410514264406347.
[I 2026-05-02 20:33:18,055] Trial 1272 finished with value: 1.8974526745102869 and parameters: {'f_n': 2.833186863651648e-07, 'K_d': 785542.7850187162, 'rho_d': 10063775401399.562, 'fission_rate': 6.277031696731933e+19, 'D2_xe_scale': 0.01685162800207344, 'Dg_D1_scale': 0.17792640689473263, 'Dg_D3_scale': 3.369166195269854, 'Dv_D1_scale': 0.2470103900609253, 'Dv_D2_scale': 3.7924728459496264, 'b_bulk_scale': 0.39170705523962074, 'b_dislocation_scale': 0.13182679908890654, 'gb_scale': 6.112375458312769, 'gd_bubble_scale': 7.092615266192067, 'gd_line_scale': 9.186335194221414, 'gd_line_alpha': 0.4612911298005176, 'coalescence_d_scale': 0.4883088733818397, 'capture_scale': 6.238029765602602}. Best is trial 1126 with value: 1.7410514264406347.
[I 2026-05-02 20:33:20,791] Trial 1273 finished with value: 3.9741755292995187 and parameters: {'f_n': 6.735751673182333e-07, 'K_d': 689933.9206111722, 'rho_d': 11384389714485.64, 'fission_rate': 6.214294446216226e+19, 'D2_xe_scale': 0.058500805632172324, 'Dg_D1_scale': 0.19654099859506846, 'Dg_D3_scale': 2.9234695176364207, 'Dv_D1_scale': 0.28091196986088884, 'Dv_D2_scale': 3.320079958868054, 'b_bulk_scale': 0.3328998566822291, 'b_dislocation_scale': 3.4910835210559332, 'gb_scale': 0.8107271485770466, 'gd_bubble_scale': 8.177593447169649, 'gd_line_scale': 6.529578737196153, 'gd_line_alpha': 0.42835019027007937, 'coalescence_d_scale': 0.42380445672692496, 'capture_scale': 5.282176322029843}. Best is trial 1126 with value: 1.7410514264406347.
[I 2026-05-02 20:33:25,476] Trial 1274 finished with value: 1.9507319984551095 and parameters: {'f_n': 3.7120999281345325e-07, 'K_d': 378433.97815281746, 'rho_d': 11781273671845.365, 'fission_rate': 6.364389406427693e+19, 'D2_xe_scale': 0.09572582494374705, 'Dg_D1_scale': 0.1671780639305167, 'Dg_D3_scale': 2.6749667517540905, 'Dv_D1_scale': 0.32998331356242494, 'Dv_D2_scale': 3.568652115591703, 'b_bulk_scale': 0.3047836999370816, 'b_dislocation_scale': 0.18598259455951086, 'gb_scale': 6.731136710562113, 'gd_bubble_scale': 6.958994485207237, 'gd_line_scale': 8.03227666065435, 'gd_line_alpha': 0.5484012531642373, 'coalescence_d_scale': 0.5345866201806689, 'capture_scale': 6.520871692343318}. Best is trial 1126 with value: 1.7410514264406347.
[I 2026-05-02 20:33:30,456] Trial 1275 finished with value: 2.752767406321175 and parameters: {'f_n': 1.8688943647157802e-07, 'K_d': 651494.8357774738, 'rho_d': 13263921463335.99, 'fission_rate': 6.126833386990048e+19, 'D2_xe_scale': 0.08506390240076434, 'Dg_D1_scale': 0.15987162391454407, 'Dg_D3_scale': 3.1593435796707605, 'Dv_D1_scale': 0.22859038747100474, 'Dv_D2_scale': 3.793190987560726, 'b_bulk_scale': 0.6466761892810261, 'b_dislocation_scale': 0.15093409056626744, 'gb_scale': 4.992157006147551, 'gd_bubble_scale': 9.07896236277796, 'gd_line_scale': 9.982299332350431, 'gd_line_alpha': 0.4945784717655264, 'coalescence_d_scale': 0.3682012858261038, 'capture_scale': 4.235459380088901}. Best is trial 1126 with value: 1.7410514264406347.
[I 2026-05-02 20:33:35,207] Trial 1276 finished with value: 2.695359644309898 and parameters: {'f_n': 5.590126231687042e-07, 'K_d': 756246.6518792112, 'rho_d': 10585701911677.564, 'fission_rate': 5.954004721966471e+19, 'D2_xe_scale': 0.07071767983240802, 'Dg_D1_scale': 0.18163456242955647, 'Dg_D3_scale': 2.644304785581, 'Dv_D1_scale': 0.25979590586034995, 'Dv_D2_scale': 3.609458930375577, 'b_bulk_scale': 0.5055473420457371, 'b_dislocation_scale': 0.20200126809206492, 'gb_scale': 7.244385806935023, 'gd_bubble_scale': 0.3032515213346659, 'gd_line_scale': 7.164403539224296, 'gd_line_alpha': 0.5275551946249182, 'coalescence_d_scale': 0.4667013359843899, 'capture_scale': 6.9293157488961565}. Best is trial 1126 with value: 1.7410514264406347.
[I 2026-05-02 20:33:38,073] Trial 1277 finished with value: 2.6257103338346703 and parameters: {'f_n': 2.6413782976768323e-08, 'K_d': 615433.760977098, 'rho_d': 9426172718742.785, 'fission_rate': 6.527434820244783e+19, 'D2_xe_scale': 0.04871357691277173, 'Dg_D1_scale': 0.1703779240213303, 'Dg_D3_scale': 2.9658745775097763, 'Dv_D1_scale': 0.3002057807481944, 'Dv_D2_scale': 3.7720131009529547, 'b_bulk_scale': 0.2644015841862098, 'b_dislocation_scale': 0.16513689313308555, 'gb_scale': 7.995949197786021, 'gd_bubble_scale': 7.912967877077108, 'gd_line_scale': 1.2585289560755282, 'gd_line_alpha': 0.47892802090977415, 'coalescence_d_scale': 0.3422936083292959, 'capture_scale': 5.68902326288705}. Best is trial 1126 with value: 1.7410514264406347.
[I 2026-05-02 20:33:42,803] Trial 1278 finished with value: 3.8504003398309012 and parameters: {'f_n': 1.0052091600681432e-10, 'K_d': 732002.870054027, 'rho_d': 12496106404996.832, 'fission_rate': 6.309141751198615e+19, 'D2_xe_scale': 0.01562942795088061, 'Dg_D1_scale': 0.15868166499170042, 'Dg_D3_scale': 3.4911185939659832, 'Dv_D1_scale': 0.3093811082797421, 'Dv_D2_scale': 3.7942987944685256, 'b_bulk_scale': 0.3534411676374598, 'b_dislocation_scale': 0.23116252520333147, 'gb_scale': 5.691614262587149, 'gd_bubble_scale': 7.613242495811023, 'gd_line_scale': 9.134365657236488, 'gd_line_alpha': 0.5891268607368764, 'coalescence_d_scale': 1.3688249640407555, 'capture_scale': 7.103725493210582}. Best is trial 1126 with value: 1.7410514264406347.Best trial: 1126. Best value: 1.74105:  85%|████████▌ | 1278/1500 [1:40:54<14:55,  4.03s/it]Best trial: 1126. Best value: 1.74105:  85%|████████▌ | 1278/1500 [1:40:54<14:55,  4.03s/it]Best trial: 1126. Best value: 1.74105:  85%|████████▌ | 1279/1500 [1:40:54<15:37,  4.24s/it]                                                                                            Best trial: 1126. Best value: 1.74105:  85%|████████▌ | 1279/1500 [1:40:59<15:37,  4.24s/it]Best trial: 1126. Best value: 1.74105:  85%|████████▌ | 1279/1500 [1:40:59<15:37,  4.24s/it]Best trial: 1126. Best value: 1.74105:  85%|████████▌ | 1280/1500 [1:40:59<16:10,  4.41s/it]                                                                                            Best trial: 1126. Best value: 1.74105:  85%|████████▌ | 1280/1500 [1:41:04<16:10,  4.41s/it]Best trial: 1126. Best value: 1.74105:  85%|████████▌ | 1280/1500 [1:41:04<16:10,  4.41s/it]Best trial: 1126. Best value: 1.74105:  85%|████████▌ | 1281/1500 [1:41:04<16:39,  4.56s/it]                                                                                            Best trial: 1126. Best value: 1.74105:  85%|████████▌ | 1281/1500 [1:41:08<16:39,  4.56s/it]Best trial: 1126. Best value: 1.74105:  85%|████████▌ | 1281/1500 [1:41:08<16:39,  4.56s/it]Best trial: 1126. Best value: 1.74105:  85%|████████▌ | 1282/1500 [1:41:08<16:40,  4.59s/it]                                                                                            Best trial: 1126. Best value: 1.74105:  85%|████████▌ | 1282/1500 [1:41:13<16:40,  4.59s/it]Best trial: 1126. Best value: 1.74105:  85%|████████▌ | 1282/1500 [1:41:13<16:40,  4.59s/it]Best trial: 1126. Best value: 1.74105:  86%|████████▌ | 1283/1500 [1:41:13<16:49,  4.65s/it]                                                                                            Best trial: 1126. Best value: 1.74105:  86%|████████▌ | 1283/1500 [1:41:18<16:49,  4.65s/it]Best trial: 1126. Best value: 1.74105:  86%|████████▌ | 1283/1500 [1:41:18<16:49,  4.65s/it]Best trial: 1126. Best value: 1.74105:  86%|████████▌ | 1284/1500 [1:41:18<17:02,  4.73s/it]                                                                                            Best trial: 1126. Best value: 1.74105:  86%|████████▌ | 1284/1500 [1:41:21<17:02,  4.73s/it]Best trial: 1126. Best value: 1.74105:  86%|████████▌ | 1284/1500 [1:41:21<17:02,  4.73s/it]Best trial: 1126. Best value: 1.74105:  86%|████████▌ | 1285/1500 [1:41:21<15:05,  4.21s/it]                                                                                            Best trial: 1126. Best value: 1.74105:  86%|████████▌ | 1285/1500 [1:41:26<15:05,  4.21s/it]Best trial: 1126. Best value: 1.74105:  86%|████████▌ | 1285/1500 [1:41:26<15:05,  4.21s/it]Best trial: 1126. Best value: 1.74105:  86%|████████▌ | 1286/1500 [1:41:26<15:34,  4.37s/it]                                                                                            Best trial: 1126. Best value: 1.74105:  86%|████████▌ | 1286/1500 [1:41:30<15:34,  4.37s/it]Best trial: 1126. Best value: 1.74105:  86%|████████▌ | 1286/1500 [1:41:31<15:34,  4.37s/it]Best trial: 1126. Best value: 1.74105:  86%|████████▌ | 1287/1500 [1:41:31<15:49,  4.46s/it]                                                                                            Best trial: 1126. Best value: 1.74105:  86%|████████▌ | 1287/1500 [1:41:35<15:49,  4.46s/it]Best trial: 1126. Best value: 1.74105:  86%|████████▌ | 1287/1500 [1:41:35<15:49,  4.46s/it]Best trial: 1126. Best value: 1.74105:  86%|████████▌ | 1288/1500 [1:41:35<16:06,  4.56s/it]                                                                                            Best trial: 1126. Best value: 1.74105:  86%|████████▌ | 1288/1500 [1:41:40<16:06,  4.56s/it]Best trial: 1126. Best value: 1.74105:  86%|████████▌ | 1288/1500 [1:41:40<16:06,  4.56s/it]Best trial: 1126. Best value: 1.74105:  86%|████████▌ | 1289/1500 [1:41:40<16:11,  4.61s/it]                                                                                            
[I 2026-05-02 20:33:47,616] Trial 1279 finished with value: 4.979116279322414 and parameters: {'f_n': 6.707279540705147e-09, 'K_d': 284224.25600504177, 'rho_d': 10834378923938.084, 'fission_rate': 6.16445163173296e+19, 'D2_xe_scale': 0.02104356960520353, 'Dg_D1_scale': 0.19419935621356435, 'Dg_D3_scale': 3.7744144334513012, 'Dv_D1_scale': 1.3301661304735404, 'Dv_D2_scale': 3.9941297231842663, 'b_bulk_scale': 3.973757031770112, 'b_dislocation_scale': 0.13448079664191437, 'gb_scale': 4.688817333763114, 'gd_bubble_scale': 1.7040741459815725, 'gd_line_scale': 8.255014327235232, 'gd_line_alpha': 0.545713666818761, 'coalescence_d_scale': 0.4065853483953979, 'capture_scale': 4.966957935293144}. Best is trial 1126 with value: 1.7410514264406347.
[I 2026-05-02 20:33:52,523] Trial 1280 finished with value: 1.7691719610512364 and parameters: {'f_n': 4.674762495928308e-07, 'K_d': 665326.0526374762, 'rho_d': 11617424781242.455, 'fission_rate': 6.032924640568833e+19, 'D2_xe_scale': 0.06386101143836737, 'Dg_D1_scale': 0.18011146980048118, 'Dg_D3_scale': 2.5241005232184452, 'Dv_D1_scale': 0.288161521518674, 'Dv_D2_scale': 3.4461131915867673, 'b_bulk_scale': 0.4200900050469159, 'b_dislocation_scale': 0.17804503571387087, 'gb_scale': 6.178903929795786, 'gd_bubble_scale': 9.031390246214782, 'gd_line_scale': 8.959582551775238, 'gd_line_alpha': 0.4398951807466073, 'coalescence_d_scale': 0.5619349847801539, 'capture_scale': 5.921069465571979}. Best is trial 1126 with value: 1.7410514264406347.
[I 2026-05-02 20:33:57,181] Trial 1281 finished with value: 2.0874182076191388 and parameters: {'f_n': 6.323243215986199e-07, 'K_d': 775587.5766490811, 'rho_d': 10261508878245.086, 'fission_rate': 6.400774436975051e+19, 'D2_xe_scale': 0.09790063414806206, 'Dg_D1_scale': 0.1672683515708669, 'Dg_D3_scale': 3.2129750709207885, 'Dv_D1_scale': 0.266922923144909, 'Dv_D2_scale': 3.277057379727081, 'b_bulk_scale': 1.1666210416084761, 'b_dislocation_scale': 0.14424625691970924, 'gb_scale': 5.409104272584753, 'gd_bubble_scale': 6.833332773007555, 'gd_line_scale': 7.662675212677297, 'gd_line_alpha': 0.5731193130565225, 'coalescence_d_scale': 0.49846655351184554, 'capture_scale': 6.410600371075463}. Best is trial 1126 with value: 1.7410514264406347.
[I 2026-05-02 20:34:01,984] Trial 1282 finished with value: 1.908276869691984 and parameters: {'f_n': 2.5451452996639994e-07, 'K_d': 689481.1778258035, 'rho_d': 11276573136757.178, 'fission_rate': 6.223518130226026e+19, 'D2_xe_scale': 0.05907675049620841, 'Dg_D1_scale': 0.20488056785090136, 'Dg_D3_scale': 2.7902217038672403, 'Dv_D1_scale': 0.35170382917378884, 'Dv_D2_scale': 3.59018156476004, 'b_bulk_scale': 0.29522017496844827, 'b_dislocation_scale': 0.1595514556562248, 'gb_scale': 7.240879185022129, 'gd_bubble_scale': 9.985183099773778, 'gd_line_scale': 6.690028316762083, 'gd_line_alpha': 0.5136695191545767, 'coalescence_d_scale': 0.43619797937302024, 'capture_scale': 0.01280868109123966}. Best is trial 1126 with value: 1.7410514264406347.
[I 2026-05-02 20:34:06,904] Trial 1283 finished with value: 1.9259587413364123 and parameters: {'f_n': 3.560932915524193e-07, 'K_d': 720173.9178583382, 'rho_d': 12077682040697.633, 'fission_rate': 6.08701384231617e+19, 'D2_xe_scale': 0.0184568076384444, 'Dg_D1_scale': 0.15745709340045286, 'Dg_D3_scale': 2.5790531997124675, 'Dv_D1_scale': 0.2445968889403231, 'Dv_D2_scale': 3.765383805143085, 'b_bulk_scale': 0.37595947777739686, 'b_dislocation_scale': 0.12979134998826086, 'gb_scale': 6.414858123296502, 'gd_bubble_scale': 8.574544429939436, 'gd_line_scale': 8.33834689544465, 'gd_line_alpha': 0.6041632974554052, 'coalescence_d_scale': 0.3836291811503994, 'capture_scale': 7.000013131808304}. Best is trial 1126 with value: 1.7410514264406347.
[I 2026-05-02 20:34:09,909] Trial 1284 finished with value: 1.8240184683893907 and parameters: {'f_n': 7.71341985662026e-07, 'K_d': 792659.1238117651, 'rho_d': 13158342868536.227, 'fission_rate': 6.4921273441931485e+19, 'D2_xe_scale': 0.052002573558721794, 'Dg_D1_scale': 0.18395896902444694, 'Dg_D3_scale': 2.8696784562110063, 'Dv_D1_scale': 0.32474611768755013, 'Dv_D2_scale': 3.7899131949892917, 'b_bulk_scale': 0.32531156109105575, 'b_dislocation_scale': 0.14735465589111924, 'gb_scale': 5.968129293962325, 'gd_bubble_scale': 7.864609542212429, 'gd_line_scale': 8.982335917270143, 'gd_line_alpha': 0.46979152691750997, 'coalescence_d_scale': 0.3059723856623901, 'capture_scale': 5.477242105116681}. Best is trial 1126 with value: 1.7410514264406347.
