[I 2026-05-02 19:46:58,653] Trial 643 finished with value: 3.983398736836256 and parameters: {'f_n': 1.5378478820454786e-06, 'K_d': 1026473.9412997308, 'rho_d': 13188710348365.021, 'fission_rate': 5.914030534830152e+19, 'D2_xe_scale': 1.5311746421414663, 'Dg_D1_scale': 0.2291266642961055, 'Dg_D3_scale': 1.6911802213960576, 'Dv_D1_scale': 0.2947930303675097, 'Dv_D2_scale': 3.9869985537480606, 'b_bulk_scale': 0.16509007444916543, 'b_dislocation_scale': 0.1277620462536274, 'gb_scale': 0.07110683864656268, 'gd_bubble_scale': 9.721908864692479, 'gd_line_scale': 6.506236757641414, 'gd_line_alpha': 0.3000132644669944, 'coalescence_d_scale': 0.7174374661139246, 'capture_scale': 7.943257228189653}. Best is trial 636 with value: 1.7547638575143232.
[I 2026-05-02 19:47:02,435] Trial 644 finished with value: 1.8231805819546687 and parameters: {'f_n': 1.5708587982508421e-06, 'K_d': 959579.3937656413, 'rho_d': 13239078676572.521, 'fission_rate': 7.886697593451623e+19, 'D2_xe_scale': 1.5003847621709674, 'Dg_D1_scale': 0.22279902588689546, 'Dg_D3_scale': 1.7420656013821687, 'Dv_D1_scale': 0.3174006364282516, 'Dv_D2_scale': 3.9643698449876283, 'b_bulk_scale': 0.16800341640762015, 'b_dislocation_scale': 0.12637810681604172, 'gb_scale': 3.8132087399253654, 'gd_bubble_scale': 9.985549696444608, 'gd_line_scale': 7.042128703803327, 'gd_line_alpha': 0.28092938963198133, 'coalescence_d_scale': 0.7135074231081702, 'capture_scale': 7.958900782404846}. Best is trial 636 with value: 1.7547638575143232.
[I 2026-05-02 19:47:07,237] Trial 645 finished with value: 1.7733105499930653 and parameters: {'f_n': 1.5856835896106561e-06, 'K_d': 946630.2353980878, 'rho_d': 13810027399930.072, 'fission_rate': 5.923260085783605e+19, 'D2_xe_scale': 2.025750440970818, 'Dg_D1_scale': 0.21471768590772736, 'Dg_D3_scale': 1.7031239045533124, 'Dv_D1_scale': 0.3221251728180982, 'Dv_D2_scale': 3.7063742700095537, 'b_bulk_scale': 0.15684537072313232, 'b_dislocation_scale': 0.11922785706946487, 'gb_scale': 3.712974870039014, 'gd_bubble_scale': 8.928238236265809, 'gd_line_scale': 7.469445737052432, 'gd_line_alpha': 0.2846834821083892, 'coalescence_d_scale': 0.6339841564381494, 'capture_scale': 7.120574865345312}. Best is trial 636 with value: 1.7547638575143232.
[I 2026-05-02 19:47:10,354] Trial 646 finished with value: 1.9014371515635589 and parameters: {'f_n': 1.545361929953347e-06, 'K_d': 986611.9016936058, 'rho_d': 13130265889301.607, 'fission_rate': 5.926425981297985e+19, 'D2_xe_scale': 1.8625712376504322, 'Dg_D1_scale': 0.2180981144576892, 'Dg_D3_scale': 1.6378168331032568, 'Dv_D1_scale': 0.28192654719248145, 'Dv_D2_scale': 3.692143027654056, 'b_bulk_scale': 0.19834889303621367, 'b_dislocation_scale': 0.1482221141570887, 'gb_scale': 3.649628228863111, 'gd_bubble_scale': 9.074164211757752, 'gd_line_scale': 6.5920401227465675, 'gd_line_alpha': 0.2954718732116094, 'coalescence_d_scale': 0.6426675006593908, 'capture_scale': 6.947373203606916}. Best is trial 636 with value: 1.7547638575143232.
[I 2026-05-02 19:47:15,085] Trial 647 finished with value: 2.014287588367626 and parameters: {'f_n': 1.5129263646674208e-06, 'K_d': 1072945.312375326, 'rho_d': 13652743169005.59, 'fission_rate': 5.912242741613966e+19, 'D2_xe_scale': 2.2629138874058508, 'Dg_D1_scale': 0.20986814649562477, 'Dg_D3_scale': 1.7401424555001124, 'Dv_D1_scale': 0.3001863482742905, 'Dv_D2_scale': 3.7125174115111292, 'b_bulk_scale': 0.15715660751084182, 'b_dislocation_scale': 0.163950831597595, 'gb_scale': 3.7025222415232966, 'gd_bubble_scale': 9.12502394102165, 'gd_line_scale': 7.525036410752101, 'gd_line_alpha': 0.2782965159279258, 'coalescence_d_scale': 0.7462391636028071, 'capture_scale': 7.97677345991426}. Best is trial 636 with value: 1.7547638575143232.
[I 2026-05-02 19:47:19,871] Trial 648 finished with value: 3.182950365506951 and parameters: {'f_n': 2.6553307664161242e-08, 'K_d': 945921.1964958346, 'rho_d': 13822926244422.307, 'fission_rate': 5.973825385250239e+19, 'D2_xe_scale': 1.220817247442795, 'Dg_D1_scale': 0.22126561949706072, 'Dg_D3_scale': 1.5606472956059618, 'Dv_D1_scale': 0.32212651691614097, 'Dv_D2_scale': 3.721097913511928, 'b_bulk_scale': 0.18467513833371646, 'b_dislocation_scale': 0.12315804575889705, 'gb_scale': 3.9550195041883227, 'gd_bubble_scale': 8.908173269832265, 'gd_line_scale': 7.3679963552235614, 'gd_line_alpha': 0.2726320559723966, 'coalescence_d_scale': 0.6323830150015667, 'capture_scale': 6.931988243202}. Best is trial 636 with value: 1.7547638575143232.
[I 2026-05-02 19:47:24,648] Trial 649 finished with value: 1.9044252300971714 and parameters: {'f_n': 1.64320281553754e-06, 'K_d': 992202.5791103597, 'rho_d': 12972312965993.785, 'fission_rate': 5.845144915165426e+19, 'D2_xe_scale': 1.4072070085592507, 'Dg_D1_scale': 0.2057615506615271, 'Dg_D3_scale': 1.5747506555702457, 'Dv_D1_scale': 0.32935738841612233, 'Dv_D2_scale': 3.6383691641115576, 'b_bulk_scale': 0.14626955913701334, 'b_dislocation_scale': 0.14068427808572312, 'gb_scale': 3.552927873924312, 'gd_bubble_scale': 9.005485475382903, 'gd_line_scale': 7.6164417561796105, 'gd_line_alpha': 0.2911060409953277, 'coalescence_d_scale': 0.7224495843663825, 'capture_scale': 7.46215291180839}. Best is trial 636 with value: 1.7547638575143232.
[I 2026-05-02 19:47:29,313] Trial 650 finished with value: 1.8209151106121517 and parameters: {'f_n': 1.5527211386228678e-06, 'K_d': 1058468.8281464074, 'rho_d': 14482520445754.107, 'fission_rate': 6.03361432611834e+19, 'D2_xe_scale': 1.6245108909951311, 'Dg_D1_scale': 0.21796348449805986, 'Dg_D3_scale': 1.7436510488642112, 'Dv_D1_scale': 0.292388665467718, 'Dv_D2_scale': 3.995600160602126, 'b_bulk_scale': 0.15954315787356457, 'b_dislocation_scale': 0.11606630287876417, 'gb_scale': 4.039824360612606, 'gd_bubble_scale': 9.883942530831487, 'gd_line_scale': 7.659930213474609, 'gd_line_alpha': 0.26895023109884586, 'coalescence_d_scale': 0.6276834129791409, 'capture_scale': 6.904750887807767}. Best is trial 636 with value: 1.7547638575143232.
[I 2026-05-02 19:47:34,122] Trial 651 finished with value: 2.0603840435552527 and parameters: {'f_n': 1.7084906748234796e-06, 'K_d': 919796.4706831363, 'rho_d': 13700590604489.45, 'fission_rate': 5.8981559974435815e+19, 'D2_xe_scale': 1.8758252977825551, 'Dg_D1_scale': 0.2040059666710134, 'Dg_D3_scale': 1.640883737589889, 'Dv_D1_scale': 0.3276642697152727, 'Dv_D2_scale': 3.7216144755901395, 'b_bulk_scale': 0.1465727841958091, 'b_dislocation_scale': 0.11515698931664092, 'gb_scale': 4.100392771815549, 'gd_bubble_scale': 8.913588314023835, 'gd_line_scale': 6.742733709827175, 'gd_line_alpha': 0.30739787675508573, 'coalescence_d_scale': 2.006814266867684, 'capture_scale': 6.854555982000059}. Best is trial 636 with value: 1.7547638575143232.Best trial: 636. Best value: 1.75476:  43%|████▎     | 651/1500 [54:45<1:04:48,  4.58s/it]Best trial: 636. Best value: 1.75476:  43%|████▎     | 651/1500 [54:45<1:04:48,  4.58s/it]Best trial: 636. Best value: 1.75476:  43%|████▎     | 652/1500 [54:45<1:05:42,  4.65s/it]                                                                                          Best trial: 636. Best value: 1.75476:  43%|████▎     | 652/1500 [54:50<1:05:42,  4.65s/it]Best trial: 636. Best value: 1.75476:  43%|████▎     | 652/1500 [54:50<1:05:42,  4.65s/it]Best trial: 636. Best value: 1.75476:  44%|████▎     | 653/1500 [54:50<1:06:37,  4.72s/it]                                                                                          Best trial: 636. Best value: 1.75476:  44%|████▎     | 653/1500 [54:53<1:06:37,  4.72s/it]Best trial: 636. Best value: 1.75476:  44%|████▎     | 653/1500 [54:53<1:06:37,  4.72s/it]Best trial: 636. Best value: 1.75476:  44%|████▎     | 654/1500 [54:53<1:00:02,  4.26s/it]                                                                                          Best trial: 636. Best value: 1.75476:  44%|████▎     | 654/1500 [54:58<1:00:02,  4.26s/it]Best trial: 636. Best value: 1.75476:  44%|████▎     | 654/1500 [54:58<1:00:02,  4.26s/it]Best trial: 636. Best value: 1.75476:  44%|████▎     | 655/1500 [54:58<1:02:27,  4.44s/it]                                                                                          Best trial: 636. Best value: 1.75476:  44%|████▎     | 655/1500 [55:03<1:02:27,  4.44s/it]Best trial: 636. Best value: 1.75476:  44%|████▎     | 655/1500 [55:03<1:02:27,  4.44s/it]Best trial: 636. Best value: 1.75476:  44%|████▎     | 656/1500 [55:03<1:04:12,  4.56s/it]                                                                                          Best trial: 636. Best value: 1.75476:  44%|████▎     | 656/1500 [55:08<1:04:12,  4.56s/it]Best trial: 636. Best value: 1.75476:  44%|████▎     | 656/1500 [55:08<1:04:12,  4.56s/it]Best trial: 636. Best value: 1.75476:  44%|████▍     | 657/1500 [55:08<1:06:03,  4.70s/it]                                                                                          Best trial: 636. Best value: 1.75476:  44%|████▍     | 657/1500 [55:13<1:06:03,  4.70s/it]Best trial: 636. Best value: 1.75476:  44%|████▍     | 657/1500 [55:13<1:06:03,  4.70s/it]Best trial: 636. Best value: 1.75476:  44%|████▍     | 658/1500 [55:13<1:06:51,  4.76s/it]                                                                                          Best trial: 636. Best value: 1.75476:  44%|████▍     | 658/1500 [55:18<1:06:51,  4.76s/it]Best trial: 636. Best value: 1.75476:  44%|████▍     | 658/1500 [55:18<1:06:51,  4.76s/it]Best trial: 636. Best value: 1.75476:  44%|████▍     | 659/1500 [55:18<1:07:11,  4.79s/it]                                                                                          Best trial: 636. Best value: 1.75476:  44%|████▍     | 659/1500 [55:23<1:07:11,  4.79s/it]Best trial: 636. Best value: 1.75476:  44%|████▍     | 659/1500 [55:23<1:07:11,  4.79s/it]Best trial: 636. Best value: 1.75476:  44%|████▍     | 660/1500 [55:23<1:07:22,  4.81s/it]                                                                                          Best trial: 636. Best value: 1.75476:  44%|████▍     | 660/1500 [55:26<1:07:22,  4.81s/it]Best trial: 636. Best value: 1.75476:  44%|████▍     | 660/1500 [55:26<1:07:22,  4.81s/it]Best trial: 636. Best value: 1.75476:  44%|████▍     | 661/1500 [55:26<1:01:15,  4.38s/it]                                                                                          Best trial: 636. Best value: 1.75476:  44%|████▍     | 661/1500 [55:31<1:01:15,  4.38s/it]Best trial: 636. Best value: 1.75476:  44%|████▍     | 661/1500 [55:31<1:01:15,  4.38s/it]Best trial: 636. Best value: 1.75476:  44%|████▍     | 662/1500 [55:31<1:03:04,  4.52s/it]                                                                                          
[I 2026-05-02 19:47:39,006] Trial 652 finished with value: 1.8547117523402226 and parameters: {'f_n': 1.8776334139850144e-06, 'K_d': 943386.5859778725, 'rho_d': 14450434017310.393, 'fission_rate': 5.789793046416774e+19, 'D2_xe_scale': 2.4351984425445106, 'Dg_D1_scale': 0.22516443742967024, 'Dg_D3_scale': 1.5451636110788616, 'Dv_D1_scale': 0.32052695487938687, 'Dv_D2_scale': 3.7553904222862826, 'b_bulk_scale': 0.17309746711490884, 'b_dislocation_scale': 0.1375824648299127, 'gb_scale': 3.739317231587335, 'gd_bubble_scale': 9.900156766280286, 'gd_line_scale': 6.437844222149665, 'gd_line_alpha': 0.2614335323020692, 'coalescence_d_scale': 0.7270836089453949, 'capture_scale': 6.494842946017746}. Best is trial 636 with value: 1.7547638575143232.
[I 2026-05-02 19:47:42,187] Trial 653 finished with value: 2.641417476510184 and parameters: {'f_n': 1.5516105498954158e-06, 'K_d': 1019489.8726988964, 'rho_d': 12826081923733.947, 'fission_rate': 5.954793952318219e+19, 'D2_xe_scale': 0.8724738042465908, 'Dg_D1_scale': 0.20369810805188812, 'Dg_D3_scale': 1.7530615875786917, 'Dv_D1_scale': 0.29607476670185834, 'Dv_D2_scale': 0.45497125616777323, 'b_bulk_scale': 0.19666158407037254, 'b_dislocation_scale': 0.12911123895140067, 'gb_scale': 4.303207061447881, 'gd_bubble_scale': 8.923841751813505, 'gd_line_scale': 7.7405913748235236, 'gd_line_alpha': 0.26880180906932305, 'coalescence_d_scale': 3.9140550316837484, 'capture_scale': 7.1696095098830375}. Best is trial 636 with value: 1.7547638575143232.
[I 2026-05-02 19:47:47,036] Trial 654 finished with value: 1.7788917857468056 and parameters: {'f_n': 1.8565967600936728e-06, 'K_d': 887787.6040561297, 'rho_d': 13802995498464.059, 'fission_rate': 5.821525398547227e+19, 'D2_xe_scale': 1.2150619450624272, 'Dg_D1_scale': 0.2037065931874727, 'Dg_D3_scale': 1.505473977801249, 'Dv_D1_scale': 0.3088151290514281, 'Dv_D2_scale': 3.567654508642191, 'b_bulk_scale': 0.15820751073224545, 'b_dislocation_scale': 0.1135933499052735, 'gb_scale': 3.5297558167724596, 'gd_bubble_scale': 8.739337361795616, 'gd_line_scale': 6.639031338050486, 'gd_line_alpha': 0.29108315542276064, 'coalescence_d_scale': 0.7106536801394211, 'capture_scale': 7.860190787785898}. Best is trial 636 with value: 1.7547638575143232.
[I 2026-05-02 19:47:51,902] Trial 655 finished with value: 1.7943250887156437 and parameters: {'f_n': 1.7231057883457623e-06, 'K_d': 943380.7982818985, 'rho_d': 13514478088231.957, 'fission_rate': 5.808274139547353e+19, 'D2_xe_scale': 1.2036936631681883, 'Dg_D1_scale': 0.22615212214428637, 'Dg_D3_scale': 1.5185083364446748, 'Dv_D1_scale': 0.3068772317634087, 'Dv_D2_scale': 3.9921667553135123, 'b_bulk_scale': 0.17447570953132283, 'b_dislocation_scale': 0.12052317841973896, 'gb_scale': 3.6715097339984712, 'gd_bubble_scale': 8.805069195239737, 'gd_line_scale': 6.4938220504436455, 'gd_line_alpha': 0.3118504198794866, 'coalescence_d_scale': 0.6247267393999665, 'capture_scale': 7.744562959983649}. Best is trial 636 with value: 1.7547638575143232.
[I 2026-05-02 19:47:56,922] Trial 656 finished with value: 3.258977440855112 and parameters: {'f_n': 1.5477499560706986e-06, 'K_d': 903548.8070402672, 'rho_d': 14020835774851.682, 'fission_rate': 5.637946122961426e+19, 'D2_xe_scale': 1.467274164870806, 'Dg_D1_scale': 0.19869710909766727, 'Dg_D3_scale': 1.625912267861776, 'Dv_D1_scale': 0.2770720152765911, 'Dv_D2_scale': 3.56914651290714, 'b_bulk_scale': 0.19956455756255434, 'b_dislocation_scale': 0.11538028404670246, 'gb_scale': 0.36807096848990595, 'gd_bubble_scale': 8.757995389970498, 'gd_line_scale': 6.550680825166843, 'gd_line_alpha': 0.29236107061878674, 'coalescence_d_scale': 0.7141005679761678, 'capture_scale': 6.478378011145126}. Best is trial 636 with value: 1.7547638575143232.
[I 2026-05-02 19:48:01,836] Trial 657 finished with value: 1.8219513388338777 and parameters: {'f_n': 1.950329693273121e-06, 'K_d': 899073.0262328285, 'rho_d': 13042071336530.162, 'fission_rate': 5.721681518953989e+19, 'D2_xe_scale': 3.0674351347632722, 'Dg_D1_scale': 0.21675301049017576, 'Dg_D3_scale': 1.4904275225081307, 'Dv_D1_scale': 0.33009721529114516, 'Dv_D2_scale': 3.620094752608404, 'b_bulk_scale': 0.1590468074481592, 'b_dislocation_scale': 0.1295675677649769, 'gb_scale': 3.9155099128174466, 'gd_bubble_scale': 9.905580484646626, 'gd_line_scale': 7.725873749083633, 'gd_line_alpha': 0.2946445705883836, 'coalescence_d_scale': 0.666552250748101, 'capture_scale': 7.9381782008959805}. Best is trial 636 with value: 1.7547638575143232.
[I 2026-05-02 19:48:06,698] Trial 658 finished with value: 1.831494458373494 and parameters: {'f_n': 1.508141857311792e-06, 'K_d': 963798.9998928264, 'rho_d': 14776720179992.037, 'fission_rate': 5.830111263061824e+19, 'D2_xe_scale': 0.9640575557444907, 'Dg_D1_scale': 0.20643280534228597, 'Dg_D3_scale': 1.6239508259357833, 'Dv_D1_scale': 0.3075202209837313, 'Dv_D2_scale': 3.783287520960677, 'b_bulk_scale': 0.17738024984870188, 'b_dislocation_scale': 0.11264942065225853, 'gb_scale': 3.502257384519276, 'gd_bubble_scale': 8.801107934113038, 'gd_line_scale': 6.904197065866082, 'gd_line_alpha': 0.2844343972257044, 'coalescence_d_scale': 0.6204994356026866, 'capture_scale': 6.425522639216574}. Best is trial 636 with value: 1.7547638575143232.
[I 2026-05-02 19:48:11,542] Trial 659 finished with value: 1.7687910466793875 and parameters: {'f_n': 1.949141582647298e-06, 'K_d': 1001116.091510577, 'rho_d': 13882194816216.012, 'fission_rate': 5.8702122511650054e+19, 'D2_xe_scale': 1.1905207098692636, 'Dg_D1_scale': 0.19568841213882418, 'Dg_D3_scale': 1.756133933169409, 'Dv_D1_scale': 0.33295748860355234, 'Dv_D2_scale': 3.5626500458269597, 'b_bulk_scale': 0.15294748172227215, 'b_dislocation_scale': 0.10930714574387151, 'gb_scale': 4.145008047097557, 'gd_bubble_scale': 8.822438852284566, 'gd_line_scale': 7.972366922166539, 'gd_line_alpha': 0.2644176087500915, 'coalescence_d_scale': 0.7613930182897883, 'capture_scale': 6.9996846210909744}. Best is trial 636 with value: 1.7547638575143232.
[I 2026-05-02 19:48:14,919] Trial 660 finished with value: 1.7959032931406866 and parameters: {'f_n': 1.4711835919919957e-06, 'K_d': 1055537.3435928181, 'rho_d': 13457727193892.48, 'fission_rate': 5.745586426162602e+19, 'D2_xe_scale': 1.2404615693359273, 'Dg_D1_scale': 0.2286684063978913, 'Dg_D3_scale': 1.8047510462033556, 'Dv_D1_scale': 0.2831819460875287, 'Dv_D2_scale': 3.6034285660296446, 'b_bulk_scale': 0.1510889783975509, 'b_dislocation_scale': 0.143150532997386, 'gb_scale': 3.4420221831748172, 'gd_bubble_scale': 9.919286129614209, 'gd_line_scale': 7.879671717511125, 'gd_line_alpha': 0.27858123543741165, 'coalescence_d_scale': 0.7040045987378867, 'capture_scale': 7.976515985400333}. Best is trial 636 with value: 1.7547638575143232.
[I 2026-05-02 19:48:19,756] Trial 661 finished with value: 1.8549040690976533 and parameters: {'f_n': 1.8616192664537322e-06, 'K_d': 1012918.4857135032, 'rho_d': 12969776642717.97, 'fission_rate': 5.825963625606692e+19, 'D2_xe_scale': 2.0399706069857424, 'Dg_D1_scale': 0.19742445073382817, 'Dg_D3_scale': 1.7284518543451928, 'Dv_D1_scale': 0.327041182276953, 'Dv_D2_scale': 3.8062359246001574, 'b_bulk_scale': 0.14392429955135186, 'b_dislocation_scale': 0.11328913462366547, 'gb_scale': 4.026912470870832, 'gd_bubble_scale': 8.790879055267043, 'gd_line_scale': 7.005249057094908, 'gd_line_alpha': 0.31412249227651134, 'coalescence_d_scale': 0.6243060310176453, 'capture_scale': 6.886044447873143}. Best is trial 636 with value: 1.7547638575143232.
