[I 2026-05-02 20:02:05,232] Trial 845 finished with value: 1.7667466223082 and parameters: {'f_n': 3.6636472278140646e-07, 'K_d': 894088.873197204, 'rho_d': 11016502458244.756, 'fission_rate': 6.675071091565946e+19, 'D2_xe_scale': 0.02766712718069602, 'Dg_D1_scale': 0.16010951979690163, 'Dg_D3_scale': 2.2297501058607763, 'Dv_D1_scale': 0.30922418717018313, 'Dv_D2_scale': 3.658871235046404, 'b_bulk_scale': 0.2807809279542685, 'b_dislocation_scale': 0.141499151684054, 'gb_scale': 7.145154118539141, 'gd_bubble_scale': 9.962363290176354, 'gd_line_scale': 8.823577295225812, 'gd_line_alpha': 0.425663181591701, 'coalescence_d_scale': 0.589157954303418, 'capture_scale': 4.967178976018149}. Best is trial 678 with value: 1.749291878123438.
[I 2026-05-02 20:02:09,524] Trial 846 finished with value: 1.958295848688812 and parameters: {'f_n': 3.448357982683773e-07, 'K_d': 875757.575500227, 'rho_d': 10918932680963.732, 'fission_rate': 6.693461590577729e+19, 'D2_xe_scale': 0.028436911883345597, 'Dg_D1_scale': 0.15599935968151726, 'Dg_D3_scale': 2.016940371271433, 'Dv_D1_scale': 0.30490805334219223, 'Dv_D2_scale': 0.8199387543257907, 'b_bulk_scale': 0.32686686983005553, 'b_dislocation_scale': 0.17016125640000146, 'gb_scale': 6.721426814974551, 'gd_bubble_scale': 9.987369353340375, 'gd_line_scale': 8.786220415457883, 'gd_line_alpha': 0.44870296370511825, 'coalescence_d_scale': 0.49724901652455866, 'capture_scale': 4.999944626535835}. Best is trial 678 with value: 1.749291878123438.
[I 2026-05-02 20:02:13,806] Trial 847 finished with value: 1.7535669639843514 and parameters: {'f_n': 4.664688971748428e-07, 'K_d': 832035.9256660612, 'rho_d': 11002683508685.334, 'fission_rate': 6.795337381107636e+19, 'D2_xe_scale': 0.02049917135154376, 'Dg_D1_scale': 0.16525671789503713, 'Dg_D3_scale': 2.1988153835571556, 'Dv_D1_scale': 0.3115978845642728, 'Dv_D2_scale': 3.998400742522017, 'b_bulk_scale': 0.36439309460614755, 'b_dislocation_scale': 0.1530707478311235, 'gb_scale': 7.170043089814865, 'gd_bubble_scale': 9.107937204427849, 'gd_line_scale': 9.07795423237494, 'gd_line_alpha': 0.4239297380041389, 'coalescence_d_scale': 0.5855195366301045, 'capture_scale': 5.059781049862089}. Best is trial 678 with value: 1.749291878123438.
[I 2026-05-02 20:02:17,956] Trial 848 finished with value: 2.1858920428732658 and parameters: {'f_n': 3.2464625582793543e-07, 'K_d': 893988.9950770962, 'rho_d': 10976894921545.15, 'fission_rate': 6.877638824390149e+19, 'D2_xe_scale': 0.029614094153183734, 'Dg_D1_scale': 0.15013444440503762, 'Dg_D3_scale': 2.143791925109589, 'Dv_D1_scale': 0.3027710689459776, 'Dv_D2_scale': 3.6362300391029483, 'b_bulk_scale': 0.299766185601984, 'b_dislocation_scale': 0.1571512805205911, 'gb_scale': 6.933031648563425, 'gd_bubble_scale': 0.2306685669605896, 'gd_line_scale': 9.042677778974435, 'gd_line_alpha': 0.4276917870405064, 'coalescence_d_scale': 0.5777491091356166, 'capture_scale': 5.126799933316638}. Best is trial 678 with value: 1.749291878123438.
[I 2026-05-02 20:02:22,262] Trial 849 finished with value: 1.8106101853592 and parameters: {'f_n': 4.3043405397432374e-07, 'K_d': 833770.1855928806, 'rho_d': 10908817331866.4, 'fission_rate': 6.668591922922161e+19, 'D2_xe_scale': 0.02230371414692673, 'Dg_D1_scale': 0.1583563016365275, 'Dg_D3_scale': 2.340846123929586, 'Dv_D1_scale': 0.3131919985660251, 'Dv_D2_scale': 3.9931233921568805, 'b_bulk_scale': 0.32895003989830335, 'b_dislocation_scale': 0.1751698234342149, 'gb_scale': 7.290699180226685, 'gd_bubble_scale': 9.030868131971868, 'gd_line_scale': 8.95704300954547, 'gd_line_alpha': 0.41033104474506266, 'coalescence_d_scale': 0.5064633106728812, 'capture_scale': 4.854801518394782}. Best is trial 678 with value: 1.749291878123438.Best trial: 678. Best value: 1.74929:  57%|█████▋    | 849/1500 [1:09:33<45:02,  4.15s/it]Best trial: 678. Best value: 1.74929:  57%|█████▋    | 849/1500 [1:09:33<45:02,  4.15s/it]Best trial: 678. Best value: 1.74929:  57%|█████▋    | 850/1500 [1:09:33<45:27,  4.20s/it]                                                                                          Best trial: 678. Best value: 1.74929:  57%|█████▋    | 850/1500 [1:09:38<45:27,  4.20s/it]Best trial: 678. Best value: 1.74929:  57%|█████▋    | 850/1500 [1:09:38<45:27,  4.20s/it]Best trial: 678. Best value: 1.74929:  57%|█████▋    | 851/1500 [1:09:38<45:53,  4.24s/it]                                                                                          Best trial: 678. Best value: 1.74929:  57%|█████▋    | 851/1500 [1:09:40<45:53,  4.24s/it]Best trial: 678. Best value: 1.74929:  57%|█████▋    | 851/1500 [1:09:41<45:53,  4.24s/it]Best trial: 678. Best value: 1.74929:  57%|█████▋    | 852/1500 [1:09:41<40:53,  3.79s/it]                                                                                          Best trial: 678. Best value: 1.74929:  57%|█████▋    | 852/1500 [1:09:45<40:53,  3.79s/it]Best trial: 678. Best value: 1.74929:  57%|█████▋    | 852/1500 [1:09:45<40:53,  3.79s/it]Best trial: 678. Best value: 1.74929:  57%|█████▋    | 853/1500 [1:09:45<42:15,  3.92s/it]                                                                                          Best trial: 678. Best value: 1.74929:  57%|█████▋    | 853/1500 [1:09:49<42:15,  3.92s/it]Best trial: 678. Best value: 1.74929:  57%|█████▋    | 853/1500 [1:09:49<42:15,  3.92s/it]Best trial: 678. Best value: 1.74929:  57%|█████▋    | 854/1500 [1:09:49<43:21,  4.03s/it]                                                                                          Best trial: 678. Best value: 1.74929:  57%|█████▋    | 854/1500 [1:09:53<43:21,  4.03s/it]Best trial: 678. Best value: 1.74929:  57%|█████▋    | 854/1500 [1:09:54<43:21,  4.03s/it]Best trial: 678. Best value: 1.74929:  57%|█████▋    | 855/1500 [1:09:54<44:47,  4.17s/it]                                                                                          Best trial: 678. Best value: 1.74929:  57%|█████▋    | 855/1500 [1:09:58<44:47,  4.17s/it]Best trial: 678. Best value: 1.74929:  57%|█████▋    | 855/1500 [1:09:58<44:47,  4.17s/it]Best trial: 678. Best value: 1.74929:  57%|█████▋    | 856/1500 [1:09:58<46:15,  4.31s/it]                                                                                          Best trial: 678. Best value: 1.74929:  57%|█████▋    | 856/1500 [1:10:02<46:15,  4.31s/it]Best trial: 678. Best value: 1.74929:  57%|█████▋    | 856/1500 [1:10:03<46:15,  4.31s/it]Best trial: 678. Best value: 1.74929:  57%|█████▋    | 857/1500 [1:10:03<46:31,  4.34s/it]                                                                                          Best trial: 678. Best value: 1.74929:  57%|█████▋    | 857/1500 [1:10:07<46:31,  4.34s/it]Best trial: 678. Best value: 1.74929:  57%|█████▋    | 857/1500 [1:10:07<46:31,  4.34s/it]Best trial: 678. Best value: 1.74929:  57%|█████▋    | 858/1500 [1:10:07<46:17,  4.33s/it]                                                                                          Best trial: 678. Best value: 1.74929:  57%|█████▋    | 858/1500 [1:10:11<46:17,  4.33s/it]Best trial: 678. Best value: 1.74929:  57%|█████▋    | 858/1500 [1:10:11<46:17,  4.33s/it]Best trial: 678. Best value: 1.74929:  57%|█████▋    | 859/1500 [1:10:11<46:11,  4.32s/it]                                                                                          Best trial: 678. Best value: 1.74929:  57%|█████▋    | 859/1500 [1:10:14<46:11,  4.32s/it]Best trial: 678. Best value: 1.74929:  57%|█████▋    | 859/1500 [1:10:14<46:11,  4.32s/it]Best trial: 678. Best value: 1.74929:  57%|█████▋    | 860/1500 [1:10:14<41:09,  3.86s/it]                                                                                          
[I 2026-05-02 20:02:26,610] Trial 850 finished with value: 1.883970256856403 and parameters: {'f_n': 3.942695791819621e-07, 'K_d': 895243.6095922408, 'rho_d': 10949674587444.223, 'fission_rate': 6.6115913691621016e+19, 'D2_xe_scale': 0.020513684768094478, 'Dg_D1_scale': 0.15098080570573888, 'Dg_D3_scale': 2.171973637676484, 'Dv_D1_scale': 0.3018974461871468, 'Dv_D2_scale': 3.6279058582850867, 'b_bulk_scale': 0.30088793592675755, 'b_dislocation_scale': 0.18915970953317188, 'gb_scale': 7.216320511039152, 'gd_bubble_scale': 9.882806447025917, 'gd_line_scale': 9.057035985177565, 'gd_line_alpha': 0.45586692134949997, 'coalescence_d_scale': 0.5754487830419666, 'capture_scale': 5.0112082133248625}. Best is trial 678 with value: 1.749291878123438.
[I 2026-05-02 20:02:29,337] Trial 851 finished with value: 1.7978051072121193 and parameters: {'f_n': 3.965049070828794e-07, 'K_d': 832172.2801753713, 'rho_d': 11191608383672.604, 'fission_rate': 6.754484927215761e+19, 'D2_xe_scale': 0.03450156213367746, 'Dg_D1_scale': 0.15039057538372577, 'Dg_D3_scale': 2.112446905990861, 'Dv_D1_scale': 0.28913244167295615, 'Dv_D2_scale': 3.7770761985582912, 'b_bulk_scale': 0.441365003902785, 'b_dislocation_scale': 0.20177341828230308, 'gb_scale': 7.007116965700827, 'gd_bubble_scale': 9.120856817502185, 'gd_line_scale': 9.026117312407964, 'gd_line_alpha': 0.42400172531637154, 'coalescence_d_scale': 0.5074708844398872, 'capture_scale': 4.998893068689051}. Best is trial 678 with value: 1.749291878123438.
[I 2026-05-02 20:02:33,561] Trial 852 finished with value: 2.5821004897710513 and parameters: {'f_n': 5.070604515588841e-07, 'K_d': 892393.4585485951, 'rho_d': 22753005148424.832, 'fission_rate': 6.961674570755139e+19, 'D2_xe_scale': 0.023233184653404588, 'Dg_D1_scale': 0.16354437977393327, 'Dg_D3_scale': 2.1923931862565027, 'Dv_D1_scale': 0.31881980528379167, 'Dv_D2_scale': 3.366657823810484, 'b_bulk_scale': 0.36767811012058027, 'b_dislocation_scale': 0.16030460842287325, 'gb_scale': 7.936452967479299, 'gd_bubble_scale': 9.899482389462674, 'gd_line_scale': 9.213548583716678, 'gd_line_alpha': 0.4427454322735126, 'coalescence_d_scale': 0.561438708650231, 'capture_scale': 5.0924168896968025}. Best is trial 678 with value: 1.749291878123438.
[I 2026-05-02 20:02:37,842] Trial 853 finished with value: 1.7795686750094657 and parameters: {'f_n': 2.9998571707715523e-07, 'K_d': 833954.5001329553, 'rho_d': 11426302541525.305, 'fission_rate': 6.834350412244722e+19, 'D2_xe_scale': 0.01674705081803471, 'Dg_D1_scale': 0.16009660543011228, 'Dg_D3_scale': 2.2701685049329114, 'Dv_D1_scale': 0.2946955151774306, 'Dv_D2_scale': 3.6426966244331047, 'b_bulk_scale': 0.2736848624011079, 'b_dislocation_scale': 0.1482920383386783, 'gb_scale': 6.678570816651763, 'gd_bubble_scale': 8.514121918784571, 'gd_line_scale': 9.090988214858491, 'gd_line_alpha': 0.4156321595470814, 'coalescence_d_scale': 0.45134127239351873, 'capture_scale': 5.099412775556398}. Best is trial 678 with value: 1.749291878123438.
[I 2026-05-02 20:02:42,333] Trial 854 finished with value: 1.7878725324243216 and parameters: {'f_n': 4.502612612899765e-07, 'K_d': 891527.5555542096, 'rho_d': 10762561407264.363, 'fission_rate': 6.5238375780322e+19, 'D2_xe_scale': 0.02943343054480182, 'Dg_D1_scale': 0.16600307820734006, 'Dg_D3_scale': 2.256913148711579, 'Dv_D1_scale': 0.3184686095495749, 'Dv_D2_scale': 3.127224691234595, 'b_bulk_scale': 0.28038927525889423, 'b_dislocation_scale': 0.1463940709579184, 'gb_scale': 7.098241439136431, 'gd_bubble_scale': 9.037719436745357, 'gd_line_scale': 8.884468580908905, 'gd_line_alpha': 0.4707677040721223, 'coalescence_d_scale': 0.4639935043488294, 'capture_scale': 5.510580622443307}. Best is trial 678 with value: 1.749291878123438.
[I 2026-05-02 20:02:46,919] Trial 855 finished with value: 1.7945918035050847 and parameters: {'f_n': 4.029300120040173e-07, 'K_d': 832339.1889171925, 'rho_d': 11515793660198.807, 'fission_rate': 6.438545877245552e+19, 'D2_xe_scale': 0.013964487886940215, 'Dg_D1_scale': 0.15695969780285218, 'Dg_D3_scale': 2.072965121623226, 'Dv_D1_scale': 0.28270272084937664, 'Dv_D2_scale': 3.6187501915833313, 'b_bulk_scale': 0.2735851708527555, 'b_dislocation_scale': 0.17401283905718926, 'gb_scale': 6.4836257280966345, 'gd_bubble_scale': 9.993016307793713, 'gd_line_scale': 8.510171521409342, 'gd_line_alpha': 0.39685482690150203, 'coalescence_d_scale': 0.5846792948710887, 'capture_scale': 5.643187734652085}. Best is trial 678 with value: 1.749291878123438.
[I 2026-05-02 20:02:51,393] Trial 856 finished with value: 2.803451192401107 and parameters: {'f_n': 5.516540831768104e-07, 'K_d': 906255.4002632219, 'rho_d': 24730112039773.195, 'fission_rate': 6.58573743219401e+19, 'D2_xe_scale': 0.03397924115830054, 'Dg_D1_scale': 0.15063063984081496, 'Dg_D3_scale': 2.2192244458185852, 'Dv_D1_scale': 0.31058924826043055, 'Dv_D2_scale': 3.808484975528339, 'b_bulk_scale': 0.352076816055385, 'b_dislocation_scale': 0.1450485078736866, 'gb_scale': 7.837583821064779, 'gd_bubble_scale': 9.961923399727922, 'gd_line_scale': 9.132154492661066, 'gd_line_alpha': 0.4373060718967998, 'coalescence_d_scale': 0.5181845332220144, 'capture_scale': 1.000856341023774}. Best is trial 678 with value: 1.749291878123438.
[I 2026-05-02 20:02:55,685] Trial 857 finished with value: 1.8385780218104797 and parameters: {'f_n': 2.387591761532367e-07, 'K_d': 867377.2519509976, 'rho_d': 10692817337614.078, 'fission_rate': 6.7410797936911335e+19, 'D2_xe_scale': 0.02035742435373673, 'Dg_D1_scale': 0.16953493546866713, 'Dg_D3_scale': 2.2179225803012668, 'Dv_D1_scale': 0.32577155546549424, 'Dv_D2_scale': 3.3238278188139803, 'b_bulk_scale': 0.39108370239126605, 'b_dislocation_scale': 0.15409568014483546, 'gb_scale': 6.550839756495608, 'gd_bubble_scale': 8.420448376999518, 'gd_line_scale': 8.574868521337741, 'gd_line_alpha': 0.4174628202227638, 'coalescence_d_scale': 0.5882416506915161, 'capture_scale': 5.06436933338029}. Best is trial 678 with value: 1.749291878123438.
[I 2026-05-02 20:03:00,000] Trial 858 finished with value: 1.967095036088377 and parameters: {'f_n': 5.888018988115756e-07, 'K_d': 817308.8521540283, 'rho_d': 10800534132575.012, 'fission_rate': 6.656003535479362e+19, 'D2_xe_scale': 0.024667193992609183, 'Dg_D1_scale': 0.16661005418868108, 'Dg_D3_scale': 2.0522966515728425, 'Dv_D1_scale': 0.2983259961186349, 'Dv_D2_scale': 3.516572351169099, 'b_bulk_scale': 0.2538450442626791, 'b_dislocation_scale': 0.13905661796834717, 'gb_scale': 7.9723050718329, 'gd_bubble_scale': 8.308308267757806, 'gd_line_scale': 8.287777134019478, 'gd_line_alpha': 0.43498711307515797, 'coalescence_d_scale': 0.4573563898492417, 'capture_scale': 5.66108012347704}. Best is trial 678 with value: 1.749291878123438.
[I 2026-05-02 20:03:02,776] Trial 859 finished with value: 1.8011758794964812 and parameters: {'f_n': 4.743802948370483e-07, 'K_d': 920207.797059536, 'rho_d': 11509410240103.428, 'fission_rate': 6.5340543986783216e+19, 'D2_xe_scale': 0.03378155635693053, 'Dg_D1_scale': 0.15024712000562496, 'Dg_D3_scale': 2.253353179071131, 'Dv_D1_scale': 0.34859319781536413, 'Dv_D2_scale': 3.7936161048105954, 'b_bulk_scale': 0.2611157547883242, 'b_dislocation_scale': 0.16336066038827943, 'gb_scale': 7.16896145489537, 'gd_bubble_scale': 9.05865852586698, 'gd_line_scale': 9.224506457860684, 'gd_line_alpha': 0.41677170467567587, 'coalescence_d_scale': 0.520240219015863, 'capture_scale': 4.931335405093535}. Best is trial 678 with value: 1.749291878123438.
[I 2026-05-02 20:03:07,059] Trial 860 finished with value: 2.0369262464039073 and parameters: {'f_n': 3.7410551551448817e-07, 'K_d': 250470.1637591662, 'rho_d': 11414388309562.385, 'fission_rate': 6.842881479408114e+19, 'D2_xe_scale': 0.028923637956875834, 'Dg_D1_scale': 0.15998516911936433, 'Dg_D3_scale': 2.0250398956827897, 'Dv_D1_scale': 0.28066669116451504, 'Dv_D2_scale': 3.205889243459142, 'b_bulk_scale': 0.3367221763580495, 'b_dislocation_scale': 0.1386896738522626, 'gb_scale': 6.650368738206193, 'gd_bubble_scale': 8.320315995858774, 'gd_line_scale': 8.144053176793266, 'gd_line_alpha': 0.392372424311763, 'coalescence_d_scale': 0.48061541005974695, 'capture_scale': 5.984535656323498}. Best is trial 678 with value: 1.749291878123438.Best trial: 678. Best value: 1.74929:  57%|█████▋    | 860/1500 [1:10:18<41:09,  3.86s/it]Best trial: 678. Best value: 1.74929:  57%|█████▋    | 860/1500 [1:10:18<41:09,  3.86s/it]Best trial: 678. Best value: 1.74929:  57%|█████▋    | 861/1500 [1:10:18<42:27,  3.99s/it]                                                                                          Best trial: 678. Best value: 1.74929:  57%|█████▋    | 861/1500 [1:10:23<42:27,  3.99s/it]Best trial: 678. Best value: 1.74929:  57%|█████▋    | 861/1500 [1:10:23<42:27,  3.99s/it]Best trial: 678. Best value: 1.74929:  57%|█████▋    | 862/1500 [1:10:23<43:55,  4.13s/it]                                                                                          Best trial: 678. Best value: 1.74929:  57%|█████▋    | 862/1500 [1:10:27<43:55,  4.13s/it]Best trial: 678. Best value: 1.74929:  57%|█████▋    | 862/1500 [1:10:27<43:55,  4.13s/it]Best trial: 678. Best value: 1.74929:  58%|█████▊    | 863/1500 [1:10:27<44:40,  4.21s/it]                                                                                          Best trial: 678. Best value: 1.74929:  58%|█████▊    | 863/1500 [1:10:31<44:40,  4.21s/it]Best trial: 678. Best value: 1.74929:  58%|█████▊    | 863/1500 [1:10:31<44:40,  4.21s/it]Best trial: 678. Best value: 1.74929:  58%|█████▊    | 864/1500 [1:10:31<45:13,  4.27s/it]                                                                                          Best trial: 678. Best value: 1.74929:  58%|█████▊    | 864/1500 [1:10:36<45:13,  4.27s/it]Best trial: 678. Best value: 1.74929:  58%|█████▊    | 864/1500 [1:10:36<45:13,  4.27s/it]Best trial: 678. Best value: 1.74929:  58%|█████▊    | 865/1500 [1:10:36<45:46,  4.33s/it]                                                                                          Best trial: 678. Best value: 1.74929:  58%|█████▊    | 865/1500 [1:10:40<45:46,  4.33s/it]Best trial: 678. Best value: 1.74929:  58%|█████▊    | 865/1500 [1:10:40<45:46,  4.33s/it]Best trial: 678. Best value: 1.74929:  58%|█████▊    | 866/1500 [1:10:40<46:02,  4.36s/it]                                                                                          Best trial: 678. Best value: 1.74929:  58%|█████▊    | 866/1500 [1:10:43<46:02,  4.36s/it]Best trial: 678. Best value: 1.74929:  58%|█████▊    | 866/1500 [1:10:43<46:02,  4.36s/it]Best trial: 678. Best value: 1.74929:  58%|█████▊    | 867/1500 [1:10:43<40:32,  3.84s/it]                                                                                          Best trial: 678. Best value: 1.74929:  58%|█████▊    | 867/1500 [1:10:47<40:32,  3.84s/it]Best trial: 678. Best value: 1.74929:  58%|█████▊    | 867/1500 [1:10:47<40:32,  3.84s/it]Best trial: 678. Best value: 1.74929:  58%|█████▊    | 868/1500 [1:10:47<42:23,  4.02s/it]                                                                                          Best trial: 678. Best value: 1.74929:  58%|█████▊    | 868/1500 [1:10:52<42:23,  4.02s/it]Best trial: 678. Best value: 1.74929:  58%|█████▊    | 868/1500 [1:10:52<42:23,  4.02s/it]Best trial: 678. Best value: 1.74929:  58%|█████▊    | 869/1500 [1:10:52<43:27,  4.13s/it]                                                                                          Best trial: 678. Best value: 1.74929:  58%|█████▊    | 869/1500 [1:10:56<43:27,  4.13s/it]Best trial: 678. Best value: 1.74929:  58%|█████▊    | 869/1500 [1:10:56<43:27,  4.13s/it]Best trial: 678. Best value: 1.74929:  58%|█████▊    | 870/1500 [1:10:56<44:17,  4.22s/it]                                                                                          Best trial: 678. Best value: 1.74929:  58%|█████▊    | 870/1500 [1:11:01<44:17,  4.22s/it]Best trial: 678. Best value: 1.74929:  58%|█████▊    | 870/1500 [1:11:01<44:17,  4.22s/it]Best trial: 678. Best value: 1.74929:  58%|█████▊    | 871/1500 [1:11:01<45:07,  4.30s/it]                                                                                          
[I 2026-05-02 20:03:11,524] Trial 861 finished with value: 1.9762924689979477 and parameters: {'f_n': 5.578322797871335e-07, 'K_d': 875275.5264312527, 'rho_d': 11373906058718.783, 'fission_rate': 6.452633178729299e+19, 'D2_xe_scale': 0.026439147441254255, 'Dg_D1_scale': 0.16662569415564774, 'Dg_D3_scale': 2.32690739558691, 'Dv_D1_scale': 0.31328464419299085, 'Dv_D2_scale': 3.603393162728635, 'b_bulk_scale': 0.39983447749075396, 'b_dislocation_scale': 0.18437901844832813, 'gb_scale': 7.237864534117829, 'gd_bubble_scale': 9.106049825817626, 'gd_line_scale': 8.47700085347495, 'gd_line_alpha': 0.39127584227144774, 'coalescence_d_scale': 0.5844400069079341, 'capture_scale': 0.10822527710468434}. Best is trial 678 with value: 1.749291878123438.
[I 2026-05-02 20:03:15,913] Trial 862 finished with value: 1.7818724622123268 and parameters: {'f_n': 4.820203795936492e-07, 'K_d': 931922.73778357, 'rho_d': 10710473389161.236, 'fission_rate': 6.668242801020838e+19, 'D2_xe_scale': 0.05112804661981071, 'Dg_D1_scale': 0.1671411913505607, 'Dg_D3_scale': 1.9657643321774625, 'Dv_D1_scale': 0.3316881825710015, 'Dv_D2_scale': 3.395767464258145, 'b_bulk_scale': 0.2820613541517253, 'b_dislocation_scale': 0.1492283159146072, 'gb_scale': 6.269271054483442, 'gd_bubble_scale': 8.389023147309826, 'gd_line_scale': 9.24182119454336, 'gd_line_alpha': 0.45183784313806147, 'coalescence_d_scale': 0.5311683176397738, 'capture_scale': 4.9074579190320815}. Best is trial 678 with value: 1.749291878123438.
