[I 2026-05-02 20:07:10,358] Trial 918 finished with value: 2.2499207645132735 and parameters: {'f_n': 7.404143165937e-07, 'K_d': 839686.2030146274, 'rho_d': 10765533992644.418, 'fission_rate': 6.463574734302006e+19, 'D2_xe_scale': 0.024979789001617056, 'Dg_D1_scale': 0.16283493990245385, 'Dg_D3_scale': 2.2643918657751865, 'Dv_D1_scale': 0.3498324880658058, 'Dv_D2_scale': 3.8068861844450566, 'b_bulk_scale': 0.252505553508791, 'b_dislocation_scale': 0.14009479912759648, 'gb_scale': 5.916189648502303, 'gd_bubble_scale': 6.827397048123929, 'gd_line_scale': 8.539211260120553, 'gd_line_alpha': 0.45280613771380684, 'coalescence_d_scale': 1.8627454573237043, 'capture_scale': 1.2005888823867115}. Best is trial 678 with value: 1.749291878123438.
[I 2026-05-02 20:07:14,933] Trial 919 finished with value: 1.8476487799475927 and parameters: {'f_n': 3.472249270796379e-07, 'K_d': 760356.7187251314, 'rho_d': 12140085634764.252, 'fission_rate': 6.275268590520104e+19, 'D2_xe_scale': 0.016286199741087387, 'Dg_D1_scale': 0.1503663242318475, 'Dg_D3_scale': 2.4802688022567065, 'Dv_D1_scale': 0.2792034791326918, 'Dv_D2_scale': 3.5888599312092024, 'b_bulk_scale': 0.27501636658314127, 'b_dislocation_scale': 0.12967272055327664, 'gb_scale': 7.2023311044547755, 'gd_bubble_scale': 8.673677248621205, 'gd_line_scale': 9.043372678914405, 'gd_line_alpha': 0.39877741442757175, 'coalescence_d_scale': 0.36545405133210934, 'capture_scale': 6.054475322230348}. Best is trial 678 with value: 1.749291878123438.
[I 2026-05-02 20:07:19,380] Trial 920 finished with value: 1.9356894628260142 and parameters: {'f_n': 4.765436582949847e-07, 'K_d': 882721.1950638554, 'rho_d': 11297593621573.205, 'fission_rate': 6.579152479943422e+19, 'D2_xe_scale': 0.019562282215512605, 'Dg_D1_scale': 0.17560732515805705, 'Dg_D3_scale': 2.1081042046632894, 'Dv_D1_scale': 0.33117442858137236, 'Dv_D2_scale': 0.9217957981938448, 'b_bulk_scale': 0.39604022926990295, 'b_dislocation_scale': 0.14759129317083566, 'gb_scale': 7.952835633963254, 'gd_bubble_scale': 7.747777741582836, 'gd_line_scale': 8.044507568118327, 'gd_line_alpha': 0.4260253975035966, 'coalescence_d_scale': 0.46720893838827887, 'capture_scale': 6.801277277427467}. Best is trial 678 with value: 1.749291878123438.
[I 2026-05-02 20:07:23,889] Trial 921 finished with value: 1.7652254209008043 and parameters: {'f_n': 5.363813075021826e-07, 'K_d': 815949.5220099648, 'rho_d': 10399796482626.623, 'fission_rate': 6.3942679387426505e+19, 'D2_xe_scale': 0.022992947769417255, 'Dg_D1_scale': 0.15899463302987574, 'Dg_D3_scale': 1.9473210209105896, 'Dv_D1_scale': 0.3039877030484891, 'Dv_D2_scale': 3.827524085665477, 'b_bulk_scale': 0.23723783386304748, 'b_dislocation_scale': 0.12412651460482749, 'gb_scale': 5.852392573876957, 'gd_bubble_scale': 8.770422424410695, 'gd_line_scale': 9.960503637335744, 'gd_line_alpha': 0.3692446702372368, 'coalescence_d_scale': 0.41223070104529663, 'capture_scale': 4.728237717034465}. Best is trial 678 with value: 1.749291878123438.
[I 2026-05-02 20:07:28,363] Trial 922 finished with value: 1.8223113724423439 and parameters: {'f_n': 2.9968742815028333e-07, 'K_d': 943396.2758838946, 'rho_d': 12312709927210.662, 'fission_rate': 6.443224317378552e+19, 'D2_xe_scale': 0.013027817139047226, 'Dg_D1_scale': 0.17694737213950393, 'Dg_D3_scale': 2.2182335715675943, 'Dv_D1_scale': 0.32363855820640464, 'Dv_D2_scale': 3.99477973238165, 'b_bulk_scale': 0.3490080163968227, 'b_dislocation_scale': 0.15706140559558174, 'gb_scale': 6.503033630969896, 'gd_bubble_scale': 7.120260626904731, 'gd_line_scale': 8.49480805744587, 'gd_line_alpha': 0.4380153427364316, 'coalescence_d_scale': 0.47398977564757705, 'capture_scale': 5.571159686637349}. Best is trial 678 with value: 1.749291878123438.
[I 2026-05-02 20:07:32,836] Trial 923 finished with value: 1.8816775821901393 and parameters: {'f_n': 6.292407648462966e-07, 'K_d': 857449.6814909617, 'rho_d': 11393411472104.535, 'fission_rate': 6.513163656377461e+19, 'D2_xe_scale': 0.017015065230938896, 'Dg_D1_scale': 0.16473647422449345, 'Dg_D3_scale': 2.0067221052277424, 'Dv_D1_scale': 0.26058243002275244, 'Dv_D2_scale': 3.5869207802838963, 'b_bulk_scale': 0.31762023390743405, 'b_dislocation_scale': 0.1779525633202669, 'gb_scale': 6.966357932028598, 'gd_bubble_scale': 7.8506527261803205, 'gd_line_scale': 9.995714158510559, 'gd_line_alpha': 0.41120658305215385, 'coalescence_d_scale': 0.40645954421811437, 'capture_scale': 6.231043100812395}. Best is trial 678 with value: 1.749291878123438.
[I 2026-05-02 20:07:35,791] Trial 924 finished with value: 1.7551699737235502 and parameters: {'f_n': 4.447358408363224e-07, 'K_d': 788364.5610839189, 'rho_d': 11858224910121.746, 'fission_rate': 6.326270027607713e+19, 'D2_xe_scale': 0.07658610382747426, 'Dg_D1_scale': 0.15902454427057977, 'Dg_D3_scale': 2.356496647287177, 'Dv_D1_scale': 0.297609753052558, 'Dv_D2_scale': 3.9871257975616987, 'b_bulk_scale': 0.2597895702308459, 'b_dislocation_scale': 0.13737059202655316, 'gb_scale': 5.824610477697472, 'gd_bubble_scale': 8.805584168591265, 'gd_line_scale': 7.621532485480726, 'gd_line_alpha': 0.4683270813401096, 'coalescence_d_scale': 0.37080794622344704, 'capture_scale': 7.070629873627745}. Best is trial 678 with value: 1.749291878123438.
[I 2026-05-02 20:07:40,342] Trial 925 finished with value: 1.7463781355085592 and parameters: {'f_n': 6.992684750567316e-07, 'K_d': 727894.9797781971, 'rho_d': 12273425075386.29, 'fission_rate': 6.325372577564552e+19, 'D2_xe_scale': 0.010671337518412935, 'Dg_D1_scale': 0.1503891213917843, 'Dg_D3_scale': 2.5919837250654867, 'Dv_D1_scale': 0.27861638525122095, 'Dv_D2_scale': 3.987191884186101, 'b_bulk_scale': 0.2953849907877611, 'b_dislocation_scale': 0.12513478595289462, 'gb_scale': 5.884158032024938, 'gd_bubble_scale': 6.818742183502663, 'gd_line_scale': 7.51763456737921, 'gd_line_alpha': 0.4745206570083229, 'coalescence_d_scale': 0.3315358866821132, 'capture_scale': 7.029709871393187}. Best is trial 925 with value: 1.7463781355085592.
[I 2026-05-02 20:07:44,912] Trial 926 finished with value: 1.8158408737460676 and parameters: {'f_n': 7.569540709694162e-07, 'K_d': 720290.6574193106, 'rho_d': 11964392808291.654, 'fission_rate': 6.2891620492057756e+19, 'D2_xe_scale': 0.011282568119122373, 'Dg_D1_scale': 0.15205567461490738, 'Dg_D3_scale': 2.5950215299443196, 'Dv_D1_scale': 0.2541780121653094, 'Dv_D2_scale': 3.798525001305279, 'b_bulk_scale': 0.28657823534147514, 'b_dislocation_scale': 0.13712641343128712, 'gb_scale': 5.753984639314852, 'gd_bubble_scale': 6.827254130326372, 'gd_line_scale': 7.234535387177717, 'gd_line_alpha': 0.4709527611796749, 'coalescence_d_scale': 0.30110736749969647, 'capture_scale': 7.09787559767332}. Best is trial 925 with value: 1.7463781355085592.Best trial: 925. Best value: 1.74638:  62%|██████▏   | 926/1500 [1:14:56<39:45,  4.16s/it]Best trial: 925. Best value: 1.74638:  62%|██████▏   | 926/1500 [1:14:56<39:45,  4.16s/it]Best trial: 925. Best value: 1.74638:  62%|██████▏   | 927/1500 [1:14:56<40:51,  4.28s/it]                                                                                          Best trial: 925. Best value: 1.74638:  62%|██████▏   | 927/1500 [1:15:01<40:51,  4.28s/it]Best trial: 925. Best value: 1.74638:  62%|██████▏   | 927/1500 [1:15:01<40:51,  4.28s/it]Best trial: 925. Best value: 1.74638:  62%|██████▏   | 928/1500 [1:15:01<41:42,  4.37s/it]                                                                                          Best trial: 925. Best value: 1.74638:  62%|██████▏   | 928/1500 [1:15:05<41:42,  4.37s/it]Best trial: 925. Best value: 1.74638:  62%|██████▏   | 928/1500 [1:15:05<41:42,  4.37s/it]Best trial: 925. Best value: 1.74638:  62%|██████▏   | 929/1500 [1:15:05<42:12,  4.44s/it]                                                                                          Best trial: 925. Best value: 1.74638:  62%|██████▏   | 929/1500 [1:15:10<42:12,  4.44s/it]Best trial: 925. Best value: 1.74638:  62%|██████▏   | 929/1500 [1:15:10<42:12,  4.44s/it]Best trial: 925. Best value: 1.74638:  62%|██████▏   | 930/1500 [1:15:10<42:26,  4.47s/it]                                                                                          Best trial: 925. Best value: 1.74638:  62%|██████▏   | 930/1500 [1:15:14<42:26,  4.47s/it]Best trial: 925. Best value: 1.74638:  62%|██████▏   | 930/1500 [1:15:14<42:26,  4.47s/it]Best trial: 925. Best value: 1.74638:  62%|██████▏   | 931/1500 [1:15:14<42:44,  4.51s/it]                                                                                          Best trial: 925. Best value: 1.74638:  62%|██████▏   | 931/1500 [1:15:17<42:44,  4.51s/it]Best trial: 925. Best value: 1.74638:  62%|██████▏   | 931/1500 [1:15:17<42:44,  4.51s/it]Best trial: 925. Best value: 1.74638:  62%|██████▏   | 932/1500 [1:15:17<38:13,  4.04s/it]                                                                                          Best trial: 925. Best value: 1.74638:  62%|██████▏   | 932/1500 [1:15:22<38:13,  4.04s/it]Best trial: 925. Best value: 1.74638:  62%|██████▏   | 932/1500 [1:15:22<38:13,  4.04s/it]Best trial: 925. Best value: 1.74638:  62%|██████▏   | 933/1500 [1:15:22<39:57,  4.23s/it]                                                                                          Best trial: 925. Best value: 1.74638:  62%|██████▏   | 933/1500 [1:15:26<39:57,  4.23s/it]Best trial: 925. Best value: 1.74638:  62%|██████▏   | 933/1500 [1:15:27<39:57,  4.23s/it]Best trial: 925. Best value: 1.74638:  62%|██████▏   | 934/1500 [1:15:27<40:40,  4.31s/it]                                                                                          Best trial: 925. Best value: 1.74638:  62%|██████▏   | 934/1500 [1:15:31<40:40,  4.31s/it]Best trial: 925. Best value: 1.74638:  62%|██████▏   | 934/1500 [1:15:31<40:40,  4.31s/it]Best trial: 925. Best value: 1.74638:  62%|██████▏   | 935/1500 [1:15:31<41:08,  4.37s/it]                                                                                          Best trial: 925. Best value: 1.74638:  62%|██████▏   | 935/1500 [1:15:35<41:08,  4.37s/it]Best trial: 925. Best value: 1.74638:  62%|██████▏   | 935/1500 [1:15:36<41:08,  4.37s/it]Best trial: 925. Best value: 1.74638:  62%|██████▏   | 936/1500 [1:15:36<41:28,  4.41s/it]                                                                                          Best trial: 925. Best value: 1.74638:  62%|██████▏   | 936/1500 [1:15:40<41:28,  4.41s/it]Best trial: 925. Best value: 1.74638:  62%|██████▏   | 936/1500 [1:15:40<41:28,  4.41s/it]Best trial: 925. Best value: 1.74638:  62%|██████▏   | 937/1500 [1:15:40<41:46,  4.45s/it]                                                                                          
[I 2026-05-02 20:07:49,512] Trial 927 finished with value: 1.758389596504998 and parameters: {'f_n': 5.812678745401255e-07, 'K_d': 732737.6064873028, 'rho_d': 12503711962482.895, 'fission_rate': 6.256622354667418e+19, 'D2_xe_scale': 0.010892332662761298, 'Dg_D1_scale': 0.15969309376574659, 'Dg_D3_scale': 2.533079191663666, 'Dv_D1_scale': 0.2710204510988874, 'Dv_D2_scale': 3.8325573303449456, 'b_bulk_scale': 0.3279969214671535, 'b_dislocation_scale': 0.128659148603904, 'gb_scale': 5.948084754637159, 'gd_bubble_scale': 6.568740564810259, 'gd_line_scale': 7.479765123715172, 'gd_line_alpha': 0.5193464886042487, 'coalescence_d_scale': 0.3422274964372585, 'capture_scale': 7.139152701199923}. Best is trial 925 with value: 1.7463781355085592.
[I 2026-05-02 20:07:54,080] Trial 928 finished with value: 1.7593967518175906 and parameters: {'f_n': 7.438727452295999e-07, 'K_d': 726303.006751077, 'rho_d': 11815773497900.318, 'fission_rate': 6.275012540259886e+19, 'D2_xe_scale': 0.011034851931447145, 'Dg_D1_scale': 0.1590112562775559, 'Dg_D3_scale': 2.486870997243358, 'Dv_D1_scale': 0.2585047497613604, 'Dv_D2_scale': 3.9869996532385414, 'b_bulk_scale': 0.3238153184601833, 'b_dislocation_scale': 0.12987087998459476, 'gb_scale': 5.847363908912988, 'gd_bubble_scale': 7.086996443462389, 'gd_line_scale': 7.142992213021685, 'gd_line_alpha': 0.484384610385532, 'coalescence_d_scale': 0.33391550316859003, 'capture_scale': 7.096529080710952}. Best is trial 925 with value: 1.7463781355085592.
[I 2026-05-02 20:07:58,629] Trial 929 finished with value: 1.8377806193073278 and parameters: {'f_n': 6.088481321422413e-07, 'K_d': 721686.4073647708, 'rho_d': 11704230404458.86, 'fission_rate': 6.264547084154916e+19, 'D2_xe_scale': 0.010283267140731031, 'Dg_D1_scale': 0.1501728289486279, 'Dg_D3_scale': 2.65076935276072, 'Dv_D1_scale': 0.2503107473713321, 'Dv_D2_scale': 3.9671623456462743, 'b_bulk_scale': 0.37818849099086693, 'b_dislocation_scale': 0.1618296496598544, 'gb_scale': 6.162015816145745, 'gd_bubble_scale': 6.596661497808846, 'gd_line_scale': 7.226248973785412, 'gd_line_alpha': 0.5168497271925193, 'coalescence_d_scale': 0.31253577013835565, 'capture_scale': 7.172989920847296}. Best is trial 925 with value: 1.7463781355085592.
[I 2026-05-02 20:08:03,233] Trial 930 finished with value: 1.7564310319331473 and parameters: {'f_n': 5.32762394052234e-07, 'K_d': 723761.4073217032, 'rho_d': 11599748464712.438, 'fission_rate': 6.318597005987429e+19, 'D2_xe_scale': 0.011582555698137159, 'Dg_D1_scale': 0.15829333486867425, 'Dg_D3_scale': 2.5436909229123543, 'Dv_D1_scale': 0.2528495541353239, 'Dv_D2_scale': 3.989989557593807, 'b_bulk_scale': 0.3357244947937248, 'b_dislocation_scale': 0.13623153270798743, 'gb_scale': 5.882415039836429, 'gd_bubble_scale': 6.628736051299922, 'gd_line_scale': 7.172325787878756, 'gd_line_alpha': 0.4986145192551147, 'coalescence_d_scale': 0.323787904491796, 'capture_scale': 7.068411089723688}. Best is trial 925 with value: 1.7463781355085592.
[I 2026-05-02 20:08:06,171] Trial 931 finished with value: 1.789549992549635 and parameters: {'f_n': 5.613886628830958e-07, 'K_d': 741962.236486389, 'rho_d': 11453803152946.836, 'fission_rate': 6.3227415860992e+19, 'D2_xe_scale': 0.010436752335222513, 'Dg_D1_scale': 0.15058260975629176, 'Dg_D3_scale': 2.5747054048512226, 'Dv_D1_scale': 0.2470584128016459, 'Dv_D2_scale': 3.9793187466458972, 'b_bulk_scale': 0.3725329391428668, 'b_dislocation_scale': 0.14725908792016063, 'gb_scale': 6.164258934075311, 'gd_bubble_scale': 6.560792653232441, 'gd_line_scale': 7.198578312919578, 'gd_line_alpha': 0.545095756628614, 'coalescence_d_scale': 0.3488398633873317, 'capture_scale': 7.159858891132056}. Best is trial 925 with value: 1.7463781355085592.
[I 2026-05-02 20:08:10,842] Trial 932 finished with value: 1.8531681644009734 and parameters: {'f_n': 5.159951437555389e-07, 'K_d': 712564.1144427597, 'rho_d': 11680540346687.547, 'fission_rate': 6.25518512159736e+19, 'D2_xe_scale': 0.011649960652976792, 'Dg_D1_scale': 0.16003371799620858, 'Dg_D3_scale': 2.5821688668728826, 'Dv_D1_scale': 0.24934475108466891, 'Dv_D2_scale': 3.9900811988511515, 'b_bulk_scale': 0.33658441389736454, 'b_dislocation_scale': 0.13458737720530678, 'gb_scale': 6.460586558336436, 'gd_bubble_scale': 6.536030517953548, 'gd_line_scale': 7.83581377848143, 'gd_line_alpha': 0.53209791160951, 'coalescence_d_scale': 0.31048105099950646, 'capture_scale': 0.06839182044993769}. Best is trial 925 with value: 1.7463781355085592.
[I 2026-05-02 20:08:15,349] Trial 933 finished with value: 2.0773807645165987 and parameters: {'f_n': 6.630530056236294e-07, 'K_d': 726145.9619893284, 'rho_d': 10980635198362.477, 'fission_rate': 6.339161904441868e+19, 'D2_xe_scale': 0.012066600774595558, 'Dg_D1_scale': 0.15024443334129473, 'Dg_D3_scale': 2.491145589312074, 'Dv_D1_scale': 0.25891716924541286, 'Dv_D2_scale': 3.998878707066514, 'b_bulk_scale': 0.32795653564808164, 'b_dislocation_scale': 0.1707544652073774, 'gb_scale': 5.958984922446147, 'gd_bubble_scale': 6.582110113911719, 'gd_line_scale': 7.000393489649241, 'gd_line_alpha': 0.4829753904823656, 'coalescence_d_scale': 0.31076061378613123, 'capture_scale': 7.214317367490891}. Best is trial 925 with value: 1.7463781355085592.
[I 2026-05-02 20:08:19,855] Trial 934 finished with value: 2.3139553768937353 and parameters: {'f_n': 4.543935001633866e-07, 'K_d': 708591.3445720881, 'rho_d': 6064337338690.012, 'fission_rate': 6.343018066672879e+19, 'D2_xe_scale': 0.010643495637932465, 'Dg_D1_scale': 0.15890365245152102, 'Dg_D3_scale': 2.4989259185059014, 'Dv_D1_scale': 0.24510515466412477, 'Dv_D2_scale': 3.984242136371523, 'b_bulk_scale': 0.46504383387105597, 'b_dislocation_scale': 0.15408833557811452, 'gb_scale': 7.210171935227096, 'gd_bubble_scale': 6.508199602118444, 'gd_line_scale': 7.942532555338366, 'gd_line_alpha': 0.5014433412950289, 'coalescence_d_scale': 0.2910889973317536, 'capture_scale': 7.246521292951971}. Best is trial 925 with value: 1.7463781355085592.
[I 2026-05-02 20:08:24,364] Trial 935 finished with value: 3.91570935063722 and parameters: {'f_n': 6.694170842716419e-07, 'K_d': 723874.9064401354, 'rho_d': 12339753534828.99, 'fission_rate': 6.247026532816484e+19, 'D2_xe_scale': 0.013388353728831215, 'Dg_D1_scale': 0.1666496143868035, 'Dg_D3_scale': 2.418458176346732, 'Dv_D1_scale': 3.3596021961846305, 'Dv_D2_scale': 3.995271212245465, 'b_bulk_scale': 0.31516159868511867, 'b_dislocation_scale': 0.13347136586052374, 'gb_scale': 6.353777090838332, 'gd_bubble_scale': 6.6183645832997255, 'gd_line_scale': 0.11934733366901558, 'gd_line_alpha': 0.4814202487539444, 'coalescence_d_scale': 0.3153338405413141, 'capture_scale': 6.503581556374855}. Best is trial 925 with value: 1.7463781355085592.
[I 2026-05-02 20:08:28,910] Trial 936 finished with value: 1.7867980897604168 and parameters: {'f_n': 5.365930257537177e-07, 'K_d': 747720.8610569029, 'rho_d': 10352610424559.3, 'fission_rate': 6.33716452063458e+19, 'D2_xe_scale': 0.014652813379377648, 'Dg_D1_scale': 0.1503219300676206, 'Dg_D3_scale': 2.5411715204595713, 'Dv_D1_scale': 0.2630078746184457, 'Dv_D2_scale': 3.7533491158715315, 'b_bulk_scale': 0.4164492802101061, 'b_dislocation_scale': 0.1275090074069675, 'gb_scale': 5.753924363460326, 'gd_bubble_scale': 6.853791877700465, 'gd_line_scale': 8.35290919739267, 'gd_line_alpha': 0.4952261526310489, 'coalescence_d_scale': 0.2802417451387048, 'capture_scale': 7.2339423836011125}. Best is trial 925 with value: 1.7463781355085592.
