[I 2026-05-02 20:04:38,494] Trial 882 finished with value: 2.1848319219288035 and parameters: {'f_n': 4.7647319530539707e-07, 'K_d': 282550.1196841244, 'rho_d': 11059349465821.43, 'fission_rate': 6.737457042653383e+19, 'D2_xe_scale': 0.015983884924772075, 'Dg_D1_scale': 0.15915110873662755, 'Dg_D3_scale': 2.101416915866737, 'Dv_D1_scale': 0.2626226212564238, 'Dv_D2_scale': 3.64967722218627, 'b_bulk_scale': 0.25071127146756567, 'b_dislocation_scale': 0.1378059656489736, 'gb_scale': 7.980162262937694, 'gd_bubble_scale': 0.9925455635197475, 'gd_line_scale': 9.12638418696009, 'gd_line_alpha': 0.48360599077337507, 'coalescence_d_scale': 0.41960812289371036, 'capture_scale': 6.16419236518046}. Best is trial 678 with value: 1.749291878123438.Best trial: 678. Best value: 1.74929:  59%|█████▉    | 882/1500 [1:11:50<39:41,  3.85s/it]Best trial: 678. Best value: 1.74929:  59%|█████▉    | 882/1500 [1:11:50<39:41,  3.85s/it]Best trial: 678. Best value: 1.74929:  59%|█████▉    | 883/1500 [1:11:50<41:01,  3.99s/it]                                                                                          Best trial: 678. Best value: 1.74929:  59%|█████▉    | 883/1500 [1:11:54<41:01,  3.99s/it]Best trial: 678. Best value: 1.74929:  59%|█████▉    | 883/1500 [1:11:54<41:01,  3.99s/it]Best trial: 678. Best value: 1.74929:  59%|█████▉    | 884/1500 [1:11:54<42:23,  4.13s/it]                                                                                          Best trial: 678. Best value: 1.74929:  59%|█████▉    | 884/1500 [1:11:58<42:23,  4.13s/it]Best trial: 678. Best value: 1.74929:  59%|█████▉    | 884/1500 [1:11:58<42:23,  4.13s/it]Best trial: 678. Best value: 1.74929:  59%|█████▉    | 885/1500 [1:11:58<42:59,  4.19s/it]                                                                                          Best trial: 678. Best value: 1.74929:  59%|█████▉    | 885/1500 [1:12:03<42:59,  4.19s/it]Best trial: 678. Best value: 1.74929:  59%|█████▉    | 885/1500 [1:12:03<42:59,  4.19s/it]Best trial: 678. Best value: 1.74929:  59%|█████▉    | 886/1500 [1:12:03<43:35,  4.26s/it]                                                                                          Best trial: 678. Best value: 1.74929:  59%|█████▉    | 886/1500 [1:12:07<43:35,  4.26s/it]Best trial: 678. Best value: 1.74929:  59%|█████▉    | 886/1500 [1:12:07<43:35,  4.26s/it]Best trial: 678. Best value: 1.74929:  59%|█████▉    | 887/1500 [1:12:07<43:38,  4.27s/it]                                                                                          Best trial: 678. Best value: 1.74929:  59%|█████▉    | 887/1500 [1:12:11<43:38,  4.27s/it]Best trial: 678. Best value: 1.74929:  59%|█████▉    | 887/1500 [1:12:12<43:38,  4.27s/it]Best trial: 678. Best value: 1.74929:  59%|█████▉    | 888/1500 [1:12:12<43:50,  4.30s/it]                                                                                          Best trial: 678. Best value: 1.74929:  59%|█████▉    | 888/1500 [1:12:14<43:50,  4.30s/it]Best trial: 678. Best value: 1.74929:  59%|█████▉    | 888/1500 [1:12:14<43:50,  4.30s/it]Best trial: 678. Best value: 1.74929:  59%|█████▉    | 889/1500 [1:12:14<39:04,  3.84s/it]                                                                                          Best trial: 678. Best value: 1.74929:  59%|█████▉    | 889/1500 [1:12:18<39:04,  3.84s/it]Best trial: 678. Best value: 1.74929:  59%|█████▉    | 889/1500 [1:12:18<39:04,  3.84s/it]Best trial: 678. Best value: 1.74929:  59%|█████▉    | 890/1500 [1:12:18<39:55,  3.93s/it]                                                                                          Best trial: 678. Best value: 1.74929:  59%|█████▉    | 890/1500 [1:12:23<39:55,  3.93s/it]Best trial: 678. Best value: 1.74929:  59%|█████▉    | 890/1500 [1:12:23<39:55,  3.93s/it]Best trial: 678. Best value: 1.74929:  59%|█████▉    | 891/1500 [1:12:23<40:55,  4.03s/it]                                                                                          Best trial: 678. Best value: 1.74929:  59%|█████▉    | 891/1500 [1:12:27<40:55,  4.03s/it]Best trial: 678. Best value: 1.74929:  59%|█████▉    | 891/1500 [1:12:27<40:55,  4.03s/it]Best trial: 678. Best value: 1.74929:  59%|█████▉    | 892/1500 [1:12:27<42:03,  4.15s/it]                                                                                          Best trial: 678. Best value: 1.74929:  59%|█████▉    | 892/1500 [1:12:32<42:03,  4.15s/it]Best trial: 678. Best value: 1.74929:  59%|█████▉    | 892/1500 [1:12:32<42:03,  4.15s/it]Best trial: 678. Best value: 1.74929:  60%|█████▉    | 893/1500 [1:12:32<43:01,  4.25s/it]                                                                                          
[I 2026-05-02 20:04:42,944] Trial 883 finished with value: 1.9245111004696958 and parameters: {'f_n': 3.0017273132491334e-07, 'K_d': 914814.0877602497, 'rho_d': 10403701861479.87, 'fission_rate': 6.466737284714062e+19, 'D2_xe_scale': 0.030866303809370322, 'Dg_D1_scale': 0.17044010002869459, 'Dg_D3_scale': 1.944459053020718, 'Dv_D1_scale': 0.30456349344708317, 'Dv_D2_scale': 1.0764762993329593, 'b_bulk_scale': 0.36980105143573005, 'b_dislocation_scale': 0.1591199123952872, 'gb_scale': 7.084729969422121, 'gd_bubble_scale': 8.931861321256441, 'gd_line_scale': 7.938596149773642, 'gd_line_alpha': 0.379814739642417, 'coalescence_d_scale': 0.48742493713242013, 'capture_scale': 4.729581732868406}. Best is trial 678 with value: 1.749291878123438.
[I 2026-05-02 20:04:47,298] Trial 884 finished with value: 1.7602833612950688 and parameters: {'f_n': 5.938441990786583e-07, 'K_d': 812439.4075194172, 'rho_d': 11596610321227.744, 'fission_rate': 6.6130009418166575e+19, 'D2_xe_scale': 0.03601587174557132, 'Dg_D1_scale': 0.15907315136623576, 'Dg_D3_scale': 2.1833898479334106, 'Dv_D1_scale': 0.283427345395634, 'Dv_D2_scale': 3.7593393464356657, 'b_bulk_scale': 0.2811589274023567, 'b_dislocation_scale': 0.13497552190032389, 'gb_scale': 6.24073173342466, 'gd_bubble_scale': 7.8438276528109725, 'gd_line_scale': 8.54548784177179, 'gd_line_alpha': 0.39558799435542574, 'coalescence_d_scale': 0.459968984842728, 'capture_scale': 5.539094998192748}. Best is trial 678 with value: 1.749291878123438.
[I 2026-05-02 20:04:51,707] Trial 885 finished with value: 1.7672318827336047 and parameters: {'f_n': 5.925984209737828e-07, 'K_d': 817006.4571338454, 'rho_d': 11150897237586.094, 'fission_rate': 6.6383554968235614e+19, 'D2_xe_scale': 0.03567514508036862, 'Dg_D1_scale': 0.15822963465675863, 'Dg_D3_scale': 2.383555272139468, 'Dv_D1_scale': 0.3147312625363324, 'Dv_D2_scale': 3.6406807217812176, 'b_bulk_scale': 0.33071950521212196, 'b_dislocation_scale': 0.15142451927276931, 'gb_scale': 6.200934526314453, 'gd_bubble_scale': 7.370204067819302, 'gd_line_scale': 9.23037221095243, 'gd_line_alpha': 0.3979653945508236, 'coalescence_d_scale': 0.39017240939831166, 'capture_scale': 5.460439964765423}. Best is trial 678 with value: 1.749291878123438.
[I 2026-05-02 20:04:56,011] Trial 886 finished with value: 1.9682141292250337 and parameters: {'f_n': 4.473894676014338e-07, 'K_d': 798933.7352887477, 'rho_d': 10326843478410.422, 'fission_rate': 6.786037279194108e+19, 'D2_xe_scale': 0.03948368595588637, 'Dg_D1_scale': 0.151059580432009, 'Dg_D3_scale': 2.4252514883685765, 'Dv_D1_scale': 0.2827965617435493, 'Dv_D2_scale': 3.7912066395335318, 'b_bulk_scale': 0.3146190788086176, 'b_dislocation_scale': 0.18931436732395374, 'gb_scale': 6.378051670748857, 'gd_bubble_scale': 6.962628657981898, 'gd_line_scale': 9.414411469599477, 'gd_line_alpha': 0.4291623478602114, 'coalescence_d_scale': 0.3426031461833797, 'capture_scale': 4.6732218436021995}. Best is trial 678 with value: 1.749291878123438.
[I 2026-05-02 20:05:00,370] Trial 887 finished with value: 1.7735088811036652 and parameters: {'f_n': 6.40554428649831e-07, 'K_d': 800156.4890337575, 'rho_d': 11635635239992.75, 'fission_rate': 6.6251634065766965e+19, 'D2_xe_scale': 0.055836166708574046, 'Dg_D1_scale': 0.16050326906996573, 'Dg_D3_scale': 2.368929094172649, 'Dv_D1_scale': 0.3091487935411854, 'Dv_D2_scale': 3.5889174461798996, 'b_bulk_scale': 0.34622204926593003, 'b_dislocation_scale': 0.151273047074849, 'gb_scale': 6.370892191229583, 'gd_bubble_scale': 7.158548980217835, 'gd_line_scale': 9.922788850790667, 'gd_line_alpha': 0.4428537694849278, 'coalescence_d_scale': 0.3423514887329314, 'capture_scale': 5.38396976921496}. Best is trial 678 with value: 1.749291878123438.
[I 2026-05-02 20:05:03,131] Trial 888 finished with value: 1.7717172113002686 and parameters: {'f_n': 5.305401286632589e-07, 'K_d': 811222.301595946, 'rho_d': 10938578105663.258, 'fission_rate': 6.647934998594334e+19, 'D2_xe_scale': 0.023050740529882714, 'Dg_D1_scale': 0.15885940302026305, 'Dg_D3_scale': 2.1424119005552416, 'Dv_D1_scale': 0.2929771498473671, 'Dv_D2_scale': 3.7548857362654067, 'b_bulk_scale': 0.4319053877393514, 'b_dislocation_scale': 0.17035396041334805, 'gb_scale': 6.040060869974764, 'gd_bubble_scale': 7.3977665277154765, 'gd_line_scale': 9.952439960839673, 'gd_line_alpha': 0.4044584729271004, 'coalescence_d_scale': 0.34027151000674577, 'capture_scale': 4.684844122945697}. Best is trial 678 with value: 1.749291878123438.
[I 2026-05-02 20:05:07,269] Trial 889 finished with value: 1.9049873798156376 and parameters: {'f_n': 3.5385181037853866e-07, 'K_d': 787143.4365863736, 'rho_d': 11878802400574.105, 'fission_rate': 7.029201924134859e+19, 'D2_xe_scale': 0.028653795875279574, 'Dg_D1_scale': 0.1500374504740575, 'Dg_D3_scale': 2.2639802868117163, 'Dv_D1_scale': 0.3123114064268757, 'Dv_D2_scale': 3.6147128677288283, 'b_bulk_scale': 0.3831106927386614, 'b_dislocation_scale': 0.15192376377276506, 'gb_scale': 6.150844087563436, 'gd_bubble_scale': 7.2740330174504235, 'gd_line_scale': 9.974114690017686, 'gd_line_alpha': 0.4106087733148801, 'coalescence_d_scale': 0.3622210166724919, 'capture_scale': 5.245539157930353}. Best is trial 678 with value: 1.749291878123438.
[I 2026-05-02 20:05:11,545] Trial 890 finished with value: 2.081894855371468 and parameters: {'f_n': 6.359437541483594e-07, 'K_d': 837110.7949950733, 'rho_d': 10452021343790.088, 'fission_rate': 6.693316780646846e+19, 'D2_xe_scale': 0.043336108806193416, 'Dg_D1_scale': 0.17016011607117862, 'Dg_D3_scale': 2.294503603299764, 'Dv_D1_scale': 0.28590946810858536, 'Dv_D2_scale': 3.9991916760288566, 'b_bulk_scale': 0.5076343801708263, 'b_dislocation_scale': 0.2198731712183978, 'gb_scale': 7.269420561834283, 'gd_bubble_scale': 7.769518878566419, 'gd_line_scale': 8.59612791381466, 'gd_line_alpha': 0.38696415647722493, 'coalescence_d_scale': 0.3819767165913058, 'capture_scale': 4.726546237511295}. Best is trial 678 with value: 1.749291878123438.
[I 2026-05-02 20:05:15,970] Trial 891 finished with value: 1.7573996266400296 and parameters: {'f_n': 4.5114832689752964e-07, 'K_d': 796081.4258248212, 'rho_d': 11211299909419.021, 'fission_rate': 6.48353512759383e+19, 'D2_xe_scale': 0.019421522233082, 'Dg_D1_scale': 0.1676020450453066, 'Dg_D3_scale': 2.4276178513762448, 'Dv_D1_scale': 0.3169254260696265, 'Dv_D2_scale': 3.7848995259115434, 'b_bulk_scale': 0.28768573916387574, 'b_dislocation_scale': 0.14141520387338333, 'gb_scale': 6.1131559484013955, 'gd_bubble_scale': 7.161671702829571, 'gd_line_scale': 8.823051820162414, 'gd_line_alpha': 0.43188238461695566, 'coalescence_d_scale': 0.4072250770275127, 'capture_scale': 5.499566498227934}. Best is trial 678 with value: 1.749291878123438.
[I 2026-05-02 20:05:20,466] Trial 892 finished with value: 1.7547582695628738 and parameters: {'f_n': 4.094948319270509e-07, 'K_d': 845186.9643532236, 'rho_d': 11917002273014.95, 'fission_rate': 6.42826161712488e+19, 'D2_xe_scale': 0.012123564841563862, 'Dg_D1_scale': 0.17278908189024855, 'Dg_D3_scale': 2.194173224027563, 'Dv_D1_scale': 0.30319011848048344, 'Dv_D2_scale': 3.7827008821736148, 'b_bulk_scale': 0.2745954904784874, 'b_dislocation_scale': 0.1324037548102858, 'gb_scale': 7.289061179020724, 'gd_bubble_scale': 8.08399162428426, 'gd_line_scale': 7.982174405198463, 'gd_line_alpha': 0.4303225130845584, 'coalescence_d_scale': 0.4325815260997268, 'capture_scale': 6.43871409553826}. Best is trial 678 with value: 1.749291878123438.
[I 2026-05-02 20:05:25,073] Trial 893 finished with value: 1.791127153713228 and parameters: {'f_n': 4.436335209421667e-07, 'K_d': 784244.2547088015, 'rho_d': 11802189320524.656, 'fission_rate': 6.33938463171019e+19, 'D2_xe_scale': 0.011256158443267814, 'Dg_D1_scale': 0.172758207969537, 'Dg_D3_scale': 2.194831214427051, 'Dv_D1_scale': 0.2841133796364559, 'Dv_D2_scale': 3.9970991570222405, 'b_bulk_scale': 0.2779825428841019, 'b_dislocation_scale': 0.1328595819023088, 'gb_scale': 7.960356239096806, 'gd_bubble_scale': 7.029953176620114, 'gd_line_scale': 7.705986299278434, 'gd_line_alpha': 0.4477182808095068, 'coalescence_d_scale': 0.38061659588424446, 'capture_scale': 6.538856970071679}. Best is trial 678 with value: 1.749291878123438.Best trial: 678. Best value: 1.74929:  60%|█████▉    | 893/1500 [1:12:36<43:01,  4.25s/it]Best trial: 678. Best value: 1.74929:  60%|█████▉    | 893/1500 [1:12:36<43:01,  4.25s/it]Best trial: 678. Best value: 1.74929:  60%|█████▉    | 894/1500 [1:12:36<44:02,  4.36s/it]                                                                                          Best trial: 678. Best value: 1.74929:  60%|█████▉    | 894/1500 [1:12:41<44:02,  4.36s/it]Best trial: 678. Best value: 1.74929:  60%|█████▉    | 894/1500 [1:12:41<44:02,  4.36s/it]Best trial: 678. Best value: 1.74929:  60%|█████▉    | 895/1500 [1:12:41<44:31,  4.42s/it]                                                                                          Best trial: 678. Best value: 1.74929:  60%|█████▉    | 895/1500 [1:12:44<44:31,  4.42s/it]Best trial: 678. Best value: 1.74929:  60%|█████▉    | 895/1500 [1:12:44<44:31,  4.42s/it]Best trial: 678. Best value: 1.74929:  60%|█████▉    | 896/1500 [1:12:44<39:40,  3.94s/it]                                                                                          Best trial: 678. Best value: 1.74929:  60%|█████▉    | 896/1500 [1:12:48<39:40,  3.94s/it]Best trial: 678. Best value: 1.74929:  60%|█████▉    | 896/1500 [1:12:48<39:40,  3.94s/it]Best trial: 678. Best value: 1.74929:  60%|█████▉    | 897/1500 [1:12:48<41:07,  4.09s/it]                                                                                          Best trial: 678. Best value: 1.74929:  60%|█████▉    | 897/1500 [1:12:52<41:07,  4.09s/it]Best trial: 678. Best value: 1.74929:  60%|█████▉    | 897/1500 [1:12:53<41:07,  4.09s/it]Best trial: 678. Best value: 1.74929:  60%|█████▉    | 898/1500 [1:12:53<42:04,  4.19s/it]                                                                                          Best trial: 678. Best value: 1.74929:  60%|█████▉    | 898/1500 [1:12:57<42:04,  4.19s/it]Best trial: 678. Best value: 1.74929:  60%|█████▉    | 898/1500 [1:12:57<42:04,  4.19s/it]Best trial: 678. Best value: 1.74929:  60%|█████▉    | 899/1500 [1:12:57<42:41,  4.26s/it]                                                                                          Best trial: 678. Best value: 1.74929:  60%|█████▉    | 899/1500 [1:13:01<42:41,  4.26s/it]Best trial: 678. Best value: 1.74929:  60%|█████▉    | 899/1500 [1:13:02<42:41,  4.26s/it]Best trial: 678. Best value: 1.74929:  60%|██████    | 900/1500 [1:13:02<43:33,  4.36s/it]                                                                                          Best trial: 678. Best value: 1.74929:  60%|██████    | 900/1500 [1:13:06<43:33,  4.36s/it]Best trial: 678. Best value: 1.74929:  60%|██████    | 900/1500 [1:13:06<43:33,  4.36s/it]Best trial: 678. Best value: 1.74929:  60%|██████    | 901/1500 [1:13:06<43:35,  4.37s/it]                                                                                          Best trial: 678. Best value: 1.74929:  60%|██████    | 901/1500 [1:13:10<43:35,  4.37s/it]Best trial: 678. Best value: 1.74929:  60%|██████    | 901/1500 [1:13:10<43:35,  4.37s/it]Best trial: 678. Best value: 1.74929:  60%|██████    | 902/1500 [1:13:10<43:53,  4.40s/it]                                                                                          Best trial: 678. Best value: 1.74929:  60%|██████    | 902/1500 [1:13:15<43:53,  4.40s/it]Best trial: 678. Best value: 1.74929:  60%|██████    | 902/1500 [1:13:15<43:53,  4.40s/it]Best trial: 678. Best value: 1.74929:  60%|██████    | 903/1500 [1:13:15<43:58,  4.42s/it]                                                                                          Best trial: 678. Best value: 1.74929:  60%|██████    | 903/1500 [1:13:18<43:58,  4.42s/it]Best trial: 678. Best value: 1.74929:  60%|██████    | 903/1500 [1:13:18<43:58,  4.42s/it]Best trial: 678. Best value: 1.74929:  60%|██████    | 904/1500 [1:13:18<39:13,  3.95s/it]                                                                                          
[I 2026-05-02 20:05:29,617] Trial 894 finished with value: 2.1043456666645652 and parameters: {'f_n': 4.922488003873144e-07, 'K_d': 841664.6836296686, 'rho_d': 11940791950682.588, 'fission_rate': 6.404013647684074e+19, 'D2_xe_scale': 0.01205414341543948, 'Dg_D1_scale': 0.17280510764400667, 'Dg_D3_scale': 2.0134639812002484, 'Dv_D1_scale': 0.2634115499178569, 'Dv_D2_scale': 0.220566921489667, 'b_bulk_scale': 0.30729203683921746, 'b_dislocation_scale': 0.13804011611175426, 'gb_scale': 6.071911437581399, 'gd_bubble_scale': 7.023000218058133, 'gd_line_scale': 7.758226390115883, 'gd_line_alpha': 0.457110932453491, 'coalescence_d_scale': 0.42178108393166164, 'capture_scale': 6.512039138557183}. Best is trial 678 with value: 1.749291878123438.
[I 2026-05-02 20:05:32,451] Trial 895 finished with value: 1.752009616676685 and parameters: {'f_n': 4.2360990644823236e-07, 'K_d': 774701.4691191268, 'rho_d': 11581477727769.639, 'fission_rate': 6.468945746826907e+19, 'D2_xe_scale': 0.014396791690767758, 'Dg_D1_scale': 0.17213660241841458, 'Dg_D3_scale': 2.457509644376516, 'Dv_D1_scale': 0.29560016893139573, 'Dv_D2_scale': 3.8046770467254225, 'b_bulk_scale': 0.29217056579579015, 'b_dislocation_scale': 0.13252027265074856, 'gb_scale': 7.216494872379964, 'gd_bubble_scale': 7.713754088014572, 'gd_line_scale': 7.750881377735632, 'gd_line_alpha': 0.434809586565958, 'coalescence_d_scale': 0.4243719783634096, 'capture_scale': 6.416199445771166}. Best is trial 678 with value: 1.749291878123438.
[I 2026-05-02 20:05:36,894] Trial 896 finished with value: 1.974659876987278 and parameters: {'f_n': 2.947844296212954e-07, 'K_d': 770248.0794972061, 'rho_d': 11999659454031.97, 'fission_rate': 6.452739006291693e+19, 'D2_xe_scale': 0.016185159619505896, 'Dg_D1_scale': 0.174229745645809, 'Dg_D3_scale': 2.3877177656794433, 'Dv_D1_scale': 0.27663848905005706, 'Dv_D2_scale': 0.7146921958074754, 'b_bulk_scale': 0.3362470434613522, 'b_dislocation_scale': 0.16658501573593262, 'gb_scale': 6.229855164272233, 'gd_bubble_scale': 7.232896926574868, 'gd_line_scale': 7.55916270371583, 'gd_line_alpha': 0.4350913679362853, 'coalescence_d_scale': 0.33874708262474795, 'capture_scale': 6.494286567272069}. Best is trial 678 with value: 1.749291878123438.
[I 2026-05-02 20:05:41,328] Trial 897 finished with value: 3.468453317248339 and parameters: {'f_n': 4.08126918088996e-07, 'K_d': 772434.887974493, 'rho_d': 11993886422861.283, 'fission_rate': 6.325051866814947e+19, 'D2_xe_scale': 0.01386595913939818, 'Dg_D1_scale': 0.17047033809772358, 'Dg_D3_scale': 2.450454070339286, 'Dv_D1_scale': 0.29875037816697536, 'Dv_D2_scale': 3.800456270814766, 'b_bulk_scale': 0.29388096031027916, 'b_dislocation_scale': 0.13363911462418648, 'gb_scale': 7.184974543486737, 'gd_bubble_scale': 7.790479745213382, 'gd_line_scale': 0.3606721136765329, 'gd_line_alpha': 0.5047184637058052, 'coalescence_d_scale': 0.40442379190319755, 'capture_scale': 6.639898282706576}. Best is trial 678 with value: 1.749291878123438.
[I 2026-05-02 20:05:45,749] Trial 898 finished with value: 1.8186898453684792 and parameters: {'f_n': 3.5971630955069646e-07, 'K_d': 795185.0362564239, 'rho_d': 11924666962207.83, 'fission_rate': 6.494761103779422e+19, 'D2_xe_scale': 0.012496621966793726, 'Dg_D1_scale': 0.1749859484103399, 'Dg_D3_scale': 2.26116483951189, 'Dv_D1_scale': 0.26382353275811254, 'Dv_D2_scale': 3.7477624751439285, 'b_bulk_scale': 0.277578595453039, 'b_dislocation_scale': 0.15236894435358128, 'gb_scale': 6.675687429188669, 'gd_bubble_scale': 6.921191186187649, 'gd_line_scale': 7.57391041126887, 'gd_line_alpha': 0.48129335200182544, 'coalescence_d_scale': 0.3491145548623461, 'capture_scale': 5.651471183937879}. Best is trial 678 with value: 1.749291878123438.
[I 2026-05-02 20:05:50,321] Trial 899 finished with value: 1.8836115476834971 and parameters: {'f_n': 1.940481281590776e-07, 'K_d': 786002.4533609422, 'rho_d': 11379064569629.713, 'fission_rate': 6.3554796100003774e+19, 'D2_xe_scale': 0.01449772121938586, 'Dg_D1_scale': 0.17193508144283914, 'Dg_D3_scale': 2.163436438023413, 'Dv_D1_scale': 0.29130734748291126, 'Dv_D2_scale': 3.767453297605522, 'b_bulk_scale': 0.30528565321664447, 'b_dislocation_scale': 0.133054186556834, 'gb_scale': 5.9366995870218116, 'gd_bubble_scale': 7.7894143019518225, 'gd_line_scale': 7.585736639571335, 'gd_line_alpha': 0.46480034208607046, 'coalescence_d_scale': 0.4224316052388221, 'capture_scale': 6.589683268082505}. Best is trial 678 with value: 1.749291878123438.
