[I 2026-05-02 20:24:41,878] Trial 1157 finished with value: 1.748688470002685 and parameters: {'f_n': 9.485088703969191e-07, 'K_d': 620659.5630433239, 'rho_d': 10878385632977.76, 'fission_rate': 6.119237800559655e+19, 'D2_xe_scale': 0.09010271703816099, 'Dg_D1_scale': 0.15033636992148364, 'Dg_D3_scale': 3.3498577243817977, 'Dv_D1_scale': 0.23287328095011478, 'Dv_D2_scale': 3.9932668185695954, 'b_bulk_scale': 0.5723289628186442, 'b_dislocation_scale': 0.17053858309438943, 'gb_scale': 6.493248643766252, 'gd_bubble_scale': 7.251903364671257, 'gd_line_scale': 9.817599283747917, 'gd_line_alpha': 0.5359000562735218, 'coalescence_d_scale': 0.39332672618087017, 'capture_scale': 7.921879800683162}. Best is trial 1126 with value: 1.7410514264406347.Best trial: 1126. Best value: 1.74105:  77%|███████▋  | 1157/1500 [1:31:53<26:16,  4.60s/it]Best trial: 1126. Best value: 1.74105:  77%|███████▋  | 1157/1500 [1:31:53<26:16,  4.60s/it]Best trial: 1126. Best value: 1.74105:  77%|███████▋  | 1158/1500 [1:31:53<26:47,  4.70s/it]                                                                                            Best trial: 1126. Best value: 1.74105:  77%|███████▋  | 1158/1500 [1:31:58<26:47,  4.70s/it]Best trial: 1126. Best value: 1.74105:  77%|███████▋  | 1158/1500 [1:31:58<26:47,  4.70s/it]Best trial: 1126. Best value: 1.74105:  77%|███████▋  | 1159/1500 [1:31:58<27:05,  4.77s/it]                                                                                            Best trial: 1126. Best value: 1.74105:  77%|███████▋  | 1159/1500 [1:32:03<27:05,  4.77s/it]Best trial: 1126. Best value: 1.74105:  77%|███████▋  | 1159/1500 [1:32:03<27:05,  4.77s/it]Best trial: 1126. Best value: 1.74105:  77%|███████▋  | 1160/1500 [1:32:03<27:09,  4.79s/it]                                                                                            Best trial: 1126. Best value: 1.74105:  77%|███████▋  | 1160/1500 [1:32:08<27:09,  4.79s/it]Best trial: 1126. Best value: 1.74105:  77%|███████▋  | 1160/1500 [1:32:08<27:09,  4.79s/it]Best trial: 1126. Best value: 1.74105:  77%|███████▋  | 1161/1500 [1:32:08<27:06,  4.80s/it]                                                                                            Best trial: 1126. Best value: 1.74105:  77%|███████▋  | 1161/1500 [1:32:11<27:06,  4.80s/it]Best trial: 1126. Best value: 1.74105:  77%|███████▋  | 1161/1500 [1:32:11<27:06,  4.80s/it]Best trial: 1126. Best value: 1.74105:  77%|███████▋  | 1162/1500 [1:32:11<24:15,  4.31s/it]                                                                                            Best trial: 1126. Best value: 1.74105:  77%|███████▋  | 1162/1500 [1:32:16<24:15,  4.31s/it]Best trial: 1126. Best value: 1.74105:  77%|███████▋  | 1162/1500 [1:32:16<24:15,  4.31s/it]Best trial: 1126. Best value: 1.74105:  78%|███████▊  | 1163/1500 [1:32:16<25:11,  4.49s/it]                                                                                            Best trial: 1126. Best value: 1.74105:  78%|███████▊  | 1163/1500 [1:32:20<25:11,  4.49s/it]Best trial: 1126. Best value: 1.74105:  78%|███████▊  | 1163/1500 [1:32:20<25:11,  4.49s/it]Best trial: 1126. Best value: 1.74105:  78%|███████▊  | 1164/1500 [1:32:20<25:28,  4.55s/it]                                                                                            Best trial: 1126. Best value: 1.74105:  78%|███████▊  | 1164/1500 [1:32:25<25:28,  4.55s/it]Best trial: 1126. Best value: 1.74105:  78%|███████▊  | 1164/1500 [1:32:25<25:28,  4.55s/it]Best trial: 1126. Best value: 1.74105:  78%|███████▊  | 1165/1500 [1:32:25<26:03,  4.67s/it]                                                                                            Best trial: 1126. Best value: 1.74105:  78%|███████▊  | 1165/1500 [1:32:30<26:03,  4.67s/it]Best trial: 1126. Best value: 1.74105:  78%|███████▊  | 1165/1500 [1:32:30<26:03,  4.67s/it]Best trial: 1126. Best value: 1.74105:  78%|███████▊  | 1166/1500 [1:32:30<26:11,  4.71s/it]                                                                                            Best trial: 1126. Best value: 1.74105:  78%|███████▊  | 1166/1500 [1:32:35<26:11,  4.71s/it]Best trial: 1126. Best value: 1.74105:  78%|███████▊  | 1166/1500 [1:32:35<26:11,  4.71s/it]Best trial: 1126. Best value: 1.74105:  78%|███████▊  | 1167/1500 [1:32:35<26:16,  4.74s/it]                                                                                            Best trial: 1126. Best value: 1.74105:  78%|███████▊  | 1167/1500 [1:32:40<26:16,  4.74s/it]Best trial: 1126. Best value: 1.74105:  78%|███████▊  | 1167/1500 [1:32:40<26:16,  4.74s/it]Best trial: 1126. Best value: 1.74105:  78%|███████▊  | 1168/1500 [1:32:40<26:25,  4.77s/it]                                                                                            
[I 2026-05-02 20:24:46,818] Trial 1158 finished with value: 1.8039084925692863 and parameters: {'f_n': 9.704083434277558e-07, 'K_d': 541015.5708823093, 'rho_d': 10755994258868.793, 'fission_rate': 6.020179221333248e+19, 'D2_xe_scale': 0.06860619699432745, 'Dg_D1_scale': 0.15069090608981583, 'Dg_D3_scale': 3.4416486060702955, 'Dv_D1_scale': 0.216262176562626, 'Dv_D2_scale': 3.64740013170798, 'b_bulk_scale': 0.8031348520197992, 'b_dislocation_scale': 0.20219026750140193, 'gb_scale': 6.695120748655616, 'gd_bubble_scale': 5.883469540048968, 'gd_line_scale': 9.817774235336646, 'gd_line_alpha': 0.5435336674227615, 'coalescence_d_scale': 0.331479920108591, 'capture_scale': 6.359179360641261}. Best is trial 1126 with value: 1.7410514264406347.
[I 2026-05-02 20:24:51,669] Trial 1159 finished with value: 1.805371747099842 and parameters: {'f_n': 6.320224565737857e-07, 'K_d': 575383.8304628022, 'rho_d': 11032313249974.127, 'fission_rate': 6.090339388655091e+19, 'D2_xe_scale': 0.06946710950011412, 'Dg_D1_scale': 0.15016903148022748, 'Dg_D3_scale': 3.4648590124891823, 'Dv_D1_scale': 0.21375346781491836, 'Dv_D2_scale': 3.768420595065132, 'b_bulk_scale': 0.554329403824918, 'b_dislocation_scale': 0.20288655187912327, 'gb_scale': 6.777941930634903, 'gd_bubble_scale': 6.025915088845146, 'gd_line_scale': 9.943472383372137, 'gd_line_alpha': 0.5234362227040933, 'coalescence_d_scale': 0.37430948249591917, 'capture_scale': 6.200672348722043}. Best is trial 1126 with value: 1.7410514264406347.
[I 2026-05-02 20:24:56,475] Trial 1160 finished with value: 1.759579910046918 and parameters: {'f_n': 2.9939494099935415e-07, 'K_d': 585398.6089613748, 'rho_d': 10723396116393.791, 'fission_rate': 6.134167668808866e+19, 'D2_xe_scale': 0.08795122466869708, 'Dg_D1_scale': 0.15843823235863697, 'Dg_D3_scale': 3.448460478137374, 'Dv_D1_scale': 0.22456182309525927, 'Dv_D2_scale': 3.9953682079567012, 'b_bulk_scale': 0.37670709759180254, 'b_dislocation_scale': 0.17733052531994023, 'gb_scale': 6.289723527719323, 'gd_bubble_scale': 6.915555353229933, 'gd_line_scale': 8.794437457259926, 'gd_line_alpha': 0.5391168506422265, 'coalescence_d_scale': 0.2575320164933819, 'capture_scale': 7.952470816051377}. Best is trial 1126 with value: 1.7410514264406347.
[I 2026-05-02 20:24:59,636] Trial 1161 finished with value: 1.8911503414305677 and parameters: {'f_n': 5.611872038570161e-07, 'K_d': 580242.3459314562, 'rho_d': 10931031929667.943, 'fission_rate': 6.116349129886978e+19, 'D2_xe_scale': 0.06393016558986099, 'Dg_D1_scale': 0.15813021957629123, 'Dg_D3_scale': 3.2204574700204533, 'Dv_D1_scale': 0.23455329874971267, 'Dv_D2_scale': 3.568644231579376, 'b_bulk_scale': 0.37859930416006116, 'b_dislocation_scale': 0.16533338580647397, 'gb_scale': 6.899984458093035, 'gd_bubble_scale': 2.0592537266883864, 'gd_line_scale': 9.875122666495383, 'gd_line_alpha': 0.5593677261060388, 'coalescence_d_scale': 0.3908171641894474, 'capture_scale': 6.9661446521223045}. Best is trial 1126 with value: 1.7410514264406347.
[I 2026-05-02 20:25:04,542] Trial 1162 finished with value: 1.7812697299965867 and parameters: {'f_n': 4.571278740266527e-07, 'K_d': 615060.7831292953, 'rho_d': 10944363457873.158, 'fission_rate': 6.012931684590408e+19, 'D2_xe_scale': 0.08855588328384419, 'Dg_D1_scale': 0.1502411114250976, 'Dg_D3_scale': 3.3295562412094224, 'Dv_D1_scale': 0.21675684243016186, 'Dv_D2_scale': 3.7804989302570715, 'b_bulk_scale': 0.6196360461271819, 'b_dislocation_scale': 0.17971248455428848, 'gb_scale': 6.075646230361497, 'gd_bubble_scale': 7.231361451314139, 'gd_line_scale': 8.885161416570863, 'gd_line_alpha': 0.5253491361872459, 'coalescence_d_scale': 0.3098933222912213, 'capture_scale': 6.439771607384989}. Best is trial 1126 with value: 1.7410514264406347.
[I 2026-05-02 20:25:09,238] Trial 1163 finished with value: 2.034111135515117 and parameters: {'f_n': 7.303927196777923e-07, 'K_d': 632496.6068468001, 'rho_d': 11004087236367.379, 'fission_rate': 6.187374629167335e+19, 'D2_xe_scale': 0.10617828933169098, 'Dg_D1_scale': 0.1599587110591158, 'Dg_D3_scale': 3.4454382574236067, 'Dv_D1_scale': 0.23137238379958747, 'Dv_D2_scale': 3.40796380919423, 'b_bulk_scale': 0.6857833789160714, 'b_dislocation_scale': 0.2809296157928787, 'gb_scale': 7.060143996488419, 'gd_bubble_scale': 5.6309374598016815, 'gd_line_scale': 9.97139667154665, 'gd_line_alpha': 0.5159562119874589, 'coalescence_d_scale': 0.401647039509787, 'capture_scale': 7.091380708730518}. Best is trial 1126 with value: 1.7410514264406347.
[I 2026-05-02 20:25:14,167] Trial 1164 finished with value: 1.7958571857910708 and parameters: {'f_n': 3.676084607321089e-07, 'K_d': 617409.9872877497, 'rho_d': 10286787123493.701, 'fission_rate': 6.016702527913593e+19, 'D2_xe_scale': 0.07580357326634574, 'Dg_D1_scale': 0.15090246443367566, 'Dg_D3_scale': 3.0532180330279894, 'Dv_D1_scale': 0.23921397160655153, 'Dv_D2_scale': 3.7926468486104623, 'b_bulk_scale': 0.800780330159403, 'b_dislocation_scale': 0.22132734916723817, 'gb_scale': 6.181164799985042, 'gd_bubble_scale': 5.221042349109017, 'gd_line_scale': 8.247857853771341, 'gd_line_alpha': 0.5437402338927997, 'coalescence_d_scale': 0.3426680532804157, 'capture_scale': 5.9771659465745985}. Best is trial 1126 with value: 1.7410514264406347.
[I 2026-05-02 20:25:18,975] Trial 1165 finished with value: 1.854580627650985 and parameters: {'f_n': 5.42275178503219e-07, 'K_d': 640191.852411965, 'rho_d': 10958359593096.389, 'fission_rate': 6.164958151475418e+19, 'D2_xe_scale': 0.08301189195063745, 'Dg_D1_scale': 0.1681206233463045, 'Dg_D3_scale': 3.351277796232816, 'Dv_D1_scale': 0.23474209790383171, 'Dv_D2_scale': 3.63122888799277, 'b_bulk_scale': 0.4179341527978033, 'b_dislocation_scale': 0.1886959462354304, 'gb_scale': 7.191369827096376, 'gd_bubble_scale': 6.571125071570126, 'gd_line_scale': 8.994345107220738, 'gd_line_alpha': 0.5614234414802615, 'coalescence_d_scale': 0.4095831622875078, 'capture_scale': 7.993292029399058}. Best is trial 1126 with value: 1.7410514264406347.
[I 2026-05-02 20:25:23,773] Trial 1166 finished with value: 1.7909286301181635 and parameters: {'f_n': 9.250397057610818e-07, 'K_d': 686346.4637016414, 'rho_d': 10995771297765.383, 'fission_rate': 6.140782857929361e+19, 'D2_xe_scale': 0.08555579062672225, 'Dg_D1_scale': 0.16138191009815098, 'Dg_D3_scale': 3.188362025175067, 'Dv_D1_scale': 0.22703234601846775, 'Dv_D2_scale': 3.786159911799973, 'b_bulk_scale': 0.5884986419321586, 'b_dislocation_scale': 0.16350290518299476, 'gb_scale': 6.569028996804514, 'gd_bubble_scale': 7.38471372746056, 'gd_line_scale': 9.8665547819452, 'gd_line_alpha': 0.5320630137733439, 'coalescence_d_scale': 1.4782158633263573, 'capture_scale': 6.3800388936253505}. Best is trial 1126 with value: 1.7410514264406347.
[I 2026-05-02 20:25:28,646] Trial 1167 finished with value: 1.844499253053859 and parameters: {'f_n': 4.344840824063781e-07, 'K_d': 559255.8801711538, 'rho_d': 10433606677004.865, 'fission_rate': 6.054336469760043e+19, 'D2_xe_scale': 0.05709729947815931, 'Dg_D1_scale': 0.1505221721060362, 'Dg_D3_scale': 3.065246924887253, 'Dv_D1_scale': 0.2440822605630504, 'Dv_D2_scale': 3.477977216088634, 'b_bulk_scale': 0.3621486078247784, 'b_dislocation_scale': 0.1653237694783327, 'gb_scale': 5.875514843448374, 'gd_bubble_scale': 6.221813327164858, 'gd_line_scale': 8.264370565296465, 'gd_line_alpha': 0.559665812571773, 'coalescence_d_scale': 0.2930472801138768, 'capture_scale': 6.019338571387025}. Best is trial 1126 with value: 1.7410514264406347.
[I 2026-05-02 20:25:31,895] Trial 1168 finished with value: 2.250658986999647 and parameters: {'f_n': 2.1670022626065744e-08, 'K_d': 629091.5744071382, 'rho_d': 10150090700379.188, 'fission_rate': 6.207662290545106e+19, 'D2_xe_scale': 0.06964615819166592, 'Dg_D1_scale': 0.1676045592457664, 'Dg_D3_scale': 3.4659800444390174, 'Dv_D1_scale': 0.2544225219530022, 'Dv_D2_scale': 3.7875169412837173, 'b_bulk_scale': 0.3610033746053929, 'b_dislocation_scale': 0.18907785626050289, 'gb_scale': 7.295361996891207, 'gd_bubble_scale': 7.738277866792315, 'gd_line_scale': 9.914827655229184, 'gd_line_alpha': 0.5376023132607372, 'coalescence_d_scale': 0.35894039866182403, 'capture_scale': 7.031250216632957}. Best is trial 1126 with value: 1.7410514264406347.Best trial: 1126. Best value: 1.74105:  78%|███████▊  | 1168/1500 [1:32:43<26:25,  4.77s/it]Best trial: 1126. Best value: 1.74105:  78%|███████▊  | 1168/1500 [1:32:43<26:25,  4.77s/it]Best trial: 1126. Best value: 1.74105:  78%|███████▊  | 1169/1500 [1:32:43<23:48,  4.32s/it]                                                                                            Best trial: 1126. Best value: 1.74105:  78%|███████▊  | 1169/1500 [1:32:48<23:48,  4.32s/it]Best trial: 1126. Best value: 1.74105:  78%|███████▊  | 1169/1500 [1:32:48<23:48,  4.32s/it]Best trial: 1126. Best value: 1.74105:  78%|███████▊  | 1170/1500 [1:32:48<24:37,  4.48s/it]                                                                                            Best trial: 1126. Best value: 1.74105:  78%|███████▊  | 1170/1500 [1:32:53<24:37,  4.48s/it]Best trial: 1126. Best value: 1.74105:  78%|███████▊  | 1170/1500 [1:32:53<24:37,  4.48s/it]Best trial: 1126. Best value: 1.74105:  78%|███████▊  | 1171/1500 [1:32:53<24:58,  4.56s/it]                                                                                            Best trial: 1126. Best value: 1.74105:  78%|███████▊  | 1171/1500 [1:32:58<24:58,  4.56s/it]Best trial: 1126. Best value: 1.74105:  78%|███████▊  | 1171/1500 [1:32:58<24:58,  4.56s/it]Best trial: 1126. Best value: 1.74105:  78%|███████▊  | 1172/1500 [1:32:58<25:36,  4.68s/it]                                                                                            Best trial: 1126. Best value: 1.74105:  78%|███████▊  | 1172/1500 [1:33:02<25:36,  4.68s/it]Best trial: 1126. Best value: 1.74105:  78%|███████▊  | 1172/1500 [1:33:03<25:36,  4.68s/it]Best trial: 1126. Best value: 1.74105:  78%|███████▊  | 1173/1500 [1:33:03<25:54,  4.75s/it]                                                                                            Best trial: 1126. Best value: 1.74105:  78%|███████▊  | 1173/1500 [1:33:07<25:54,  4.75s/it]Best trial: 1126. Best value: 1.74105:  78%|███████▊  | 1173/1500 [1:33:08<25:54,  4.75s/it]Best trial: 1126. Best value: 1.74105:  78%|███████▊  | 1174/1500 [1:33:08<26:04,  4.80s/it]                                                                                            Best trial: 1126. Best value: 1.74105:  78%|███████▊  | 1174/1500 [1:33:11<26:04,  4.80s/it]Best trial: 1126. Best value: 1.74105:  78%|███████▊  | 1174/1500 [1:33:11<26:04,  4.80s/it]Best trial: 1126. Best value: 1.74105:  78%|███████▊  | 1175/1500 [1:33:11<23:37,  4.36s/it]                                                                                            Best trial: 1126. Best value: 1.74105:  78%|███████▊  | 1175/1500 [1:33:16<23:37,  4.36s/it]Best trial: 1126. Best value: 1.74105:  78%|███████▊  | 1175/1500 [1:33:16<23:37,  4.36s/it]Best trial: 1126. Best value: 1.74105:  78%|███████▊  | 1176/1500 [1:33:16<24:22,  4.51s/it]                                                                                            Best trial: 1126. Best value: 1.74105:  78%|███████▊  | 1176/1500 [1:33:20<24:22,  4.51s/it]Best trial: 1126. Best value: 1.74105:  78%|███████▊  | 1176/1500 [1:33:20<24:22,  4.51s/it]Best trial: 1126. Best value: 1.74105:  78%|███████▊  | 1177/1500 [1:33:20<24:40,  4.58s/it]                                                                                            Best trial: 1126. Best value: 1.74105:  78%|███████▊  | 1177/1500 [1:33:25<24:40,  4.58s/it]Best trial: 1126. Best value: 1.74105:  78%|███████▊  | 1177/1500 [1:33:25<24:40,  4.58s/it]Best trial: 1126. Best value: 1.74105:  79%|███████▊  | 1178/1500 [1:33:25<25:10,  4.69s/it]                                                                                            Best trial: 1126. Best value: 1.74105:  79%|███████▊  | 1178/1500 [1:33:30<25:10,  4.69s/it]Best trial: 1126. Best value: 1.74105:  79%|███████▊  | 1178/1500 [1:33:30<25:10,  4.69s/it]Best trial: 1126. Best value: 1.74105:  79%|███████▊  | 1179/1500 [1:33:30<25:21,  4.74s/it]                                                                                            
[I 2026-05-02 20:25:36,741] Trial 1169 finished with value: 1.9522273733159055 and parameters: {'f_n': 6.517535406937849e-07, 'K_d': 680783.1830386851, 'rho_d': 11180083924793.764, 'fission_rate': 6.068836857516828e+19, 'D2_xe_scale': 0.10250940526638942, 'Dg_D1_scale': 0.15006473011662458, 'Dg_D3_scale': 3.0525382389932108, 'Dv_D1_scale': 0.22062364337589926, 'Dv_D2_scale': 3.9978734318140154, 'b_bulk_scale': 0.4484719466946419, 'b_dislocation_scale': 0.16267621243144603, 'gb_scale': 6.480302461599573, 'gd_bubble_scale': 1.1474396212995277, 'gd_line_scale': 8.511038661812957, 'gd_line_alpha': 0.56696274554358, 'coalescence_d_scale': 0.4178034502503913, 'capture_scale': 7.974446383349441}. Best is trial 1126 with value: 1.7410514264406347.
[I 2026-05-02 20:25:41,481] Trial 1170 finished with value: 3.878054095872337 and parameters: {'f_n': 7.672844070143356e-07, 'K_d': 592797.0765227263, 'rho_d': 11244211243713.65, 'fission_rate': 6.1175114699077214e+19, 'D2_xe_scale': 0.06211083530235693, 'Dg_D1_scale': 0.17607175520343948, 'Dg_D3_scale': 3.045600377466782, 'Dv_D1_scale': 0.24589933354677473, 'Dv_D2_scale': 3.462445907154896, 'b_bulk_scale': 0.40863341629388794, 'b_dislocation_scale': 0.20940193308389424, 'gb_scale': 5.736065234344711, 'gd_bubble_scale': 6.740960062126022, 'gd_line_scale': 0.39566365585243257, 'gd_line_alpha': 0.5245661795182903, 'coalescence_d_scale': 0.32201759563995275, 'capture_scale': 5.917609581218345}. Best is trial 1126 with value: 1.7410514264406347.
[I 2026-05-02 20:25:46,461] Trial 1171 finished with value: 1.7559146982066298 and parameters: {'f_n': 2.9150749961404613e-07, 'K_d': 673907.428159186, 'rho_d': 10323576981394.848, 'fission_rate': 6.018766535440117e+19, 'D2_xe_scale': 0.05569868059466743, 'Dg_D1_scale': 0.1636004769754651, 'Dg_D3_scale': 3.412091808965358, 'Dv_D1_scale': 0.2598783377821806, 'Dv_D2_scale': 3.6280151173659, 'b_bulk_scale': 0.36786170799081064, 'b_dislocation_scale': 0.15584849823060007, 'gb_scale': 7.317579188647448, 'gd_bubble_scale': 7.702332874410632, 'gd_line_scale': 8.047466628897613, 'gd_line_alpha': 0.6062055708523428, 'coalescence_d_scale': 0.37318031829352144, 'capture_scale': 6.871015445538967}. Best is trial 1126 with value: 1.7410514264406347.
[I 2026-05-02 20:25:51,383] Trial 1172 finished with value: 7.385840425621343 and parameters: {'f_n': 2.1182768011695006e-07, 'K_d': 560571.754201854, 'rho_d': 9214814170475.506, 'fission_rate': 6.011463867311493e+19, 'D2_xe_scale': 0.0956566621783401, 'Dg_D1_scale': 0.18309060944948996, 'Dg_D3_scale': 3.4268725980452115, 'Dv_D1_scale': 0.26078085748527874, 'Dv_D2_scale': 3.328368803265358, 'b_bulk_scale': 0.39609648724639557, 'b_dislocation_scale': 0.1798823131430604, 'gb_scale': 0.13482413145024733, 'gd_bubble_scale': 8.294625947345908, 'gd_line_scale': 8.945903857287332, 'gd_line_alpha': 0.6422843080323616, 'coalescence_d_scale': 16.375493370902916, 'capture_scale': 6.090315991662677}. Best is trial 1126 with value: 1.7410514264406347.
[I 2026-05-02 20:25:56,289] Trial 1173 finished with value: 2.0388739388031003 and parameters: {'f_n': 2.476527529194793e-07, 'K_d': 642440.9166333894, 'rho_d': 9924211645876.178, 'fission_rate': 6.026612570453839e+19, 'D2_xe_scale': 0.05742819677873831, 'Dg_D1_scale': 0.17432508198358646, 'Dg_D3_scale': 3.6110476469464277, 'Dv_D1_scale': 0.23807362872243054, 'Dv_D2_scale': 3.413098755547944, 'b_bulk_scale': 1.054377988525986, 'b_dislocation_scale': 0.15947117551935586, 'gb_scale': 7.446282796610335, 'gd_bubble_scale': 8.033699260901358, 'gd_line_scale': 8.144345431957563, 'gd_line_alpha': 0.6144820890435118, 'coalescence_d_scale': 0.41157645390986997, 'capture_scale': 6.56724629254409}. Best is trial 1126 with value: 1.7410514264406347.
[I 2026-05-02 20:25:59,627] Trial 1174 finished with value: 1.7713147584642348 and parameters: {'f_n': 1.939556141686696e-07, 'K_d': 600388.065639748, 'rho_d': 10177497979027.607, 'fission_rate': 5.968094399667365e+19, 'D2_xe_scale': 0.08348009749841077, 'Dg_D1_scale': 0.19894246097102758, 'Dg_D3_scale': 3.5648984547749194, 'Dv_D1_scale': 0.2714875540955339, 'Dv_D2_scale': 3.546146141206326, 'b_bulk_scale': 0.4525772782083176, 'b_dislocation_scale': 0.1949762479897357, 'gb_scale': 7.998304662101784, 'gd_bubble_scale': 9.016937259203045, 'gd_line_scale': 8.959449198294802, 'gd_line_alpha': 0.6786527949988722, 'coalescence_d_scale': 0.36894761515384616, 'capture_scale': 7.138926549158033}. Best is trial 1126 with value: 1.7410514264406347.
