[I 2026-05-02 19:36:06,390] Trial 497 finished with value: 1.813591651794748 and parameters: {'f_n': 2.9333077717659065e-06, 'K_d': 910534.0381967728, 'rho_d': 16644465273623.285, 'fission_rate': 6.029563335763983e+19, 'D2_xe_scale': 0.2810638997254901, 'Dg_D1_scale': 0.15991901115204682, 'Dg_D3_scale': 1.0749008141659577, 'Dv_D1_scale': 0.39506744942225547, 'Dv_D2_scale': 3.2166201969625514, 'b_bulk_scale': 0.10226451796671429, 'b_dislocation_scale': 0.08133598340861989, 'gb_scale': 4.732135689069502, 'gd_bubble_scale': 6.353217488322554, 'gd_line_scale': 9.17532595596214, 'gd_line_alpha': 0.22290797062001474, 'coalescence_d_scale': 0.9807766549244361, 'capture_scale': 4.665951888795997}. Best is trial 488 with value: 1.7773226013412071.Best trial: 488. Best value: 1.77732:  33%|███▎      | 497/1500 [43:17<1:12:56,  4.36s/it]Best trial: 488. Best value: 1.77732:  33%|███▎      | 497/1500 [43:18<1:12:56,  4.36s/it]Best trial: 488. Best value: 1.77732:  33%|███▎      | 498/1500 [43:18<1:14:18,  4.45s/it]                                                                                          Best trial: 488. Best value: 1.77732:  33%|███▎      | 498/1500 [43:22<1:14:18,  4.45s/it]Best trial: 488. Best value: 1.77732:  33%|███▎      | 498/1500 [43:22<1:14:18,  4.45s/it]Best trial: 488. Best value: 1.77732:  33%|███▎      | 499/1500 [43:22<1:15:27,  4.52s/it]                                                                                          Best trial: 488. Best value: 1.77732:  33%|███▎      | 499/1500 [43:27<1:15:27,  4.52s/it]Best trial: 488. Best value: 1.77732:  33%|███▎      | 499/1500 [43:27<1:15:27,  4.52s/it]Best trial: 488. Best value: 1.77732:  33%|███▎      | 500/1500 [43:27<1:16:04,  4.56s/it]                                                                                          Best trial: 488. Best value: 1.77732:  33%|███▎      | 500/1500 [43:32<1:16:04,  4.56s/it]Best trial: 488. Best value: 1.77732:  33%|███▎      | 500/1500 [43:32<1:16:04,  4.56s/it]Best trial: 488. Best value: 1.77732:  33%|███▎      | 501/1500 [43:32<1:17:05,  4.63s/it]                                                                                          Best trial: 488. Best value: 1.77732:  33%|███▎      | 501/1500 [43:36<1:17:05,  4.63s/it]Best trial: 488. Best value: 1.77732:  33%|███▎      | 501/1500 [43:36<1:17:05,  4.63s/it]Best trial: 488. Best value: 1.77732:  33%|███▎      | 502/1500 [43:36<1:17:05,  4.64s/it]                                                                                          Best trial: 488. Best value: 1.77732:  33%|███▎      | 502/1500 [43:39<1:17:05,  4.64s/it]Best trial: 488. Best value: 1.77732:  33%|███▎      | 502/1500 [43:39<1:17:05,  4.64s/it]Best trial: 488. Best value: 1.77732:  34%|███▎      | 503/1500 [43:39<1:09:43,  4.20s/it]                                                                                          Best trial: 488. Best value: 1.77732:  34%|███▎      | 503/1500 [43:44<1:09:43,  4.20s/it]Best trial: 488. Best value: 1.77732:  34%|███▎      | 503/1500 [43:44<1:09:43,  4.20s/it]Best trial: 488. Best value: 1.77732:  34%|███▎      | 504/1500 [43:44<1:12:07,  4.34s/it]                                                                                          Best trial: 488. Best value: 1.77732:  34%|███▎      | 504/1500 [43:49<1:12:07,  4.34s/it]Best trial: 488. Best value: 1.77732:  34%|███▎      | 504/1500 [43:49<1:12:07,  4.34s/it]Best trial: 488. Best value: 1.77732:  34%|███▎      | 505/1500 [43:49<1:13:49,  4.45s/it]                                                                                          Best trial: 488. Best value: 1.77732:  34%|███▎      | 505/1500 [43:53<1:13:49,  4.45s/it]Best trial: 488. Best value: 1.77732:  34%|███▎      | 505/1500 [43:53<1:13:49,  4.45s/it]Best trial: 488. Best value: 1.77732:  34%|███▎      | 506/1500 [43:53<1:14:28,  4.50s/it]                                                                                          Best trial: 488. Best value: 1.77732:  34%|███▎      | 506/1500 [43:58<1:14:28,  4.50s/it]Best trial: 488. Best value: 1.77732:  34%|███▎      | 506/1500 [43:58<1:14:28,  4.50s/it]Best trial: 488. Best value: 1.77732:  34%|███▍      | 507/1500 [43:58<1:15:02,  4.53s/it]                                                                                          Best trial: 488. Best value: 1.77732:  34%|███▍      | 507/1500 [44:03<1:15:02,  4.53s/it]Best trial: 488. Best value: 1.77732:  34%|███▍      | 507/1500 [44:03<1:15:02,  4.53s/it]Best trial: 488. Best value: 1.77732:  34%|███▍      | 508/1500 [44:03<1:16:21,  4.62s/it]                                                                                          
[I 2026-05-02 19:36:11,078] Trial 498 finished with value: 1.818208870859147 and parameters: {'f_n': 2.9294432598849133e-06, 'K_d': 897122.6436710716, 'rho_d': 16759419222527.492, 'fission_rate': 6.023195464891159e+19, 'D2_xe_scale': 0.28361402832951194, 'Dg_D1_scale': 0.1607349368327323, 'Dg_D3_scale': 0.9216098682305405, 'Dv_D1_scale': 0.38677433163327885, 'Dv_D2_scale': 3.2511422152860443, 'b_bulk_scale': 0.10419497323259684, 'b_dislocation_scale': 0.08373537656090947, 'gb_scale': 4.642011970326853, 'gd_bubble_scale': 6.566584789653811, 'gd_line_scale': 9.876301342678364, 'gd_line_alpha': 0.22446272223080826, 'coalescence_d_scale': 1.0250545229460122, 'capture_scale': 4.559182968595396}. Best is trial 488 with value: 1.7773226013412071.
[I 2026-05-02 19:36:15,741] Trial 499 finished with value: 1.8167668521761444 and parameters: {'f_n': 2.996400023623468e-06, 'K_d': 895134.3017467682, 'rho_d': 16864117961210.977, 'fission_rate': 6.062445347262237e+19, 'D2_xe_scale': 0.2817169815756429, 'Dg_D1_scale': 0.1602393406296648, 'Dg_D3_scale': 0.9085880103442758, 'Dv_D1_scale': 0.39116038712272716, 'Dv_D2_scale': 3.2443600626883766, 'b_bulk_scale': 0.1071146491157196, 'b_dislocation_scale': 0.08437420970194281, 'gb_scale': 4.602216181496235, 'gd_bubble_scale': 6.599504201931055, 'gd_line_scale': 9.917066812447215, 'gd_line_alpha': 0.22852235120132902, 'coalescence_d_scale': 0.9982824190022275, 'capture_scale': 4.605855037655266}. Best is trial 488 with value: 1.7773226013412071.
[I 2026-05-02 19:36:20,529] Trial 500 finished with value: 1.8556909853091028 and parameters: {'f_n': 2.825856315306734e-06, 'K_d': 924279.0043459604, 'rho_d': 16776492496979.195, 'fission_rate': 5.98555540430489e+19, 'D2_xe_scale': 0.288396963324236, 'Dg_D1_scale': 0.16062609428462327, 'Dg_D3_scale': 0.9109826548720267, 'Dv_D1_scale': 0.39119003180908823, 'Dv_D2_scale': 3.2162891846990043, 'b_bulk_scale': 0.10839621466641403, 'b_dislocation_scale': 0.0836993847541597, 'gb_scale': 4.574442384086973, 'gd_bubble_scale': 6.570056539262447, 'gd_line_scale': 9.898117513741553, 'gd_line_alpha': 0.22446419015799404, 'coalescence_d_scale': 1.2588481937825509, 'capture_scale': 4.6054627213089905}. Best is trial 488 with value: 1.7773226013412071.
[I 2026-05-02 19:36:25,176] Trial 501 finished with value: 1.824735295393607 and parameters: {'f_n': 2.9515000797611823e-06, 'K_d': 899726.853258564, 'rho_d': 18340105770221.508, 'fission_rate': 6.075382233023105e+19, 'D2_xe_scale': 0.3945554980835175, 'Dg_D1_scale': 0.17751217087193705, 'Dg_D3_scale': 1.058913976718536, 'Dv_D1_scale': 0.3933315460825542, 'Dv_D2_scale': 3.5140092679357915, 'b_bulk_scale': 0.10270297808043041, 'b_dislocation_scale': 0.082229049893861, 'gb_scale': 5.305635986025275, 'gd_bubble_scale': 6.386046954906172, 'gd_line_scale': 8.96593260176828, 'gd_line_alpha': 0.23151717302116243, 'coalescence_d_scale': 1.0175219703252198, 'capture_scale': 4.623511451050903}. Best is trial 488 with value: 1.7773226013412071.
[I 2026-05-02 19:36:28,349] Trial 502 finished with value: 1.8452958880882278 and parameters: {'f_n': 2.988252659671927e-06, 'K_d': 838216.8598471768, 'rho_d': 17150104029028.848, 'fission_rate': 5.908433620848789e+19, 'D2_xe_scale': 0.3515212120150187, 'Dg_D1_scale': 0.1899553037979648, 'Dg_D3_scale': 0.9446907236616972, 'Dv_D1_scale': 0.39226418643995536, 'Dv_D2_scale': 3.2299167573300784, 'b_bulk_scale': 0.09520519497249988, 'b_dislocation_scale': 0.0841787303621706, 'gb_scale': 4.972540223326158, 'gd_bubble_scale': 6.558912306574837, 'gd_line_scale': 9.969575882958434, 'gd_line_alpha': 0.22344018598495893, 'coalescence_d_scale': 1.158553668988133, 'capture_scale': 4.679520793616687}. Best is trial 488 with value: 1.7773226013412071.
[I 2026-05-02 19:36:33,040] Trial 503 finished with value: 1.8044688684424401 and parameters: {'f_n': 2.9979599649114887e-06, 'K_d': 906609.7251232362, 'rho_d': 15634834451357.068, 'fission_rate': 6.031314884449262e+19, 'D2_xe_scale': 0.22058591536219943, 'Dg_D1_scale': 0.1604025554670004, 'Dg_D3_scale': 1.0405443831563035, 'Dv_D1_scale': 0.4022622314338383, 'Dv_D2_scale': 3.347478808331716, 'b_bulk_scale': 0.11083543307516347, 'b_dislocation_scale': 0.0784455736003868, 'gb_scale': 4.493447401922374, 'gd_bubble_scale': 6.465522915050232, 'gd_line_scale': 8.992065522685975, 'gd_line_alpha': 0.23227102586574977, 'coalescence_d_scale': 1.0092023206824723, 'capture_scale': 4.5277960873721455}. Best is trial 488 with value: 1.7773226013412071.
[I 2026-05-02 19:36:37,741] Trial 504 finished with value: 1.8125038648634382 and parameters: {'f_n': 2.5513189646875127e-06, 'K_d': 930312.9713613385, 'rho_d': 15754047885756.123, 'fission_rate': 6.032923061206096e+19, 'D2_xe_scale': 0.22420422971392293, 'Dg_D1_scale': 0.17403818941112228, 'Dg_D3_scale': 1.0390008868109657, 'Dv_D1_scale': 0.38802032453397284, 'Dv_D2_scale': 3.590440405416183, 'b_bulk_scale': 0.110560152763655, 'b_dislocation_scale': 0.07841257806685674, 'gb_scale': 4.392784649953132, 'gd_bubble_scale': 6.907632672223719, 'gd_line_scale': 8.870709167406801, 'gd_line_alpha': 0.2314524668143444, 'coalescence_d_scale': 1.0398647925229563, 'capture_scale': 4.943332251212389}. Best is trial 488 with value: 1.7773226013412071.
[I 2026-05-02 19:36:42,338] Trial 505 finished with value: 1.7960588035262048 and parameters: {'f_n': 2.563808474073625e-06, 'K_d': 954329.6086218124, 'rho_d': 15385158217806.736, 'fission_rate': 6.120371447373955e+19, 'D2_xe_scale': 0.23163307688169085, 'Dg_D1_scale': 0.17304156860048875, 'Dg_D3_scale': 1.0664804254130502, 'Dv_D1_scale': 0.39694865001956686, 'Dv_D2_scale': 3.6801023435817717, 'b_bulk_scale': 0.11512151831734696, 'b_dislocation_scale': 0.077361203216981, 'gb_scale': 4.347661779569436, 'gd_bubble_scale': 6.89710880329139, 'gd_line_scale': 8.836768972780822, 'gd_line_alpha': 0.23572467996663732, 'coalescence_d_scale': 0.884604353822452, 'capture_scale': 4.820663416234129}. Best is trial 488 with value: 1.7773226013412071.
[I 2026-05-02 19:36:46,964] Trial 506 finished with value: 1.809317700007402 and parameters: {'f_n': 2.465732063221586e-06, 'K_d': 815812.3921506015, 'rho_d': 15684167743728.049, 'fission_rate': 6.132131090743854e+19, 'D2_xe_scale': 0.22318308710776416, 'Dg_D1_scale': 0.1751797277266585, 'Dg_D3_scale': 1.0262597648482943, 'Dv_D1_scale': 0.37743959373367697, 'Dv_D2_scale': 2.968812673151274, 'b_bulk_scale': 0.11394154797763142, 'b_dislocation_scale': 0.07618780734898693, 'gb_scale': 4.293122238451913, 'gd_bubble_scale': 6.579263465741714, 'gd_line_scale': 8.684209460273424, 'gd_line_alpha': 0.23613488758628998, 'coalescence_d_scale': 0.8840008663364463, 'capture_scale': 5.01945062905476}. Best is trial 488 with value: 1.7773226013412071.
[I 2026-05-02 19:36:51,779] Trial 507 finished with value: 1.7939211918547473 and parameters: {'f_n': 2.4347170323793265e-06, 'K_d': 955230.7302587447, 'rho_d': 15524754607771.18, 'fission_rate': 5.823975725574442e+19, 'D2_xe_scale': 0.21426502184959292, 'Dg_D1_scale': 0.1746724786274622, 'Dg_D3_scale': 1.0368663226183377, 'Dv_D1_scale': 0.3750943305190382, 'Dv_D2_scale': 3.6645637328172143, 'b_bulk_scale': 0.1173158847656597, 'b_dislocation_scale': 0.07695081637397579, 'gb_scale': 5.678250749482211, 'gd_bubble_scale': 6.850593058139261, 'gd_line_scale': 8.707602603437515, 'gd_line_alpha': 0.2396132662877621, 'coalescence_d_scale': 0.868968838858902, 'capture_scale': 5.1091855263225705}. Best is trial 488 with value: 1.7773226013412071.
[I 2026-05-02 19:36:56,396] Trial 508 finished with value: 1.8273429769796696 and parameters: {'f_n': 2.6083631595541092e-06, 'K_d': 935733.2569647414, 'rho_d': 15335738833653.559, 'fission_rate': 6.114242078189529e+19, 'D2_xe_scale': 0.22530564220786978, 'Dg_D1_scale': 0.1769960956255251, 'Dg_D3_scale': 1.0483313485841523, 'Dv_D1_scale': 0.37239037061515984, 'Dv_D2_scale': 3.6977894906060413, 'b_bulk_scale': 0.11705940464692308, 'b_dislocation_scale': 0.07628430204048384, 'gb_scale': 5.919320483360062, 'gd_bubble_scale': 6.874748434507091, 'gd_line_scale': 8.61868949610229, 'gd_line_alpha': 0.2375294757518497, 'coalescence_d_scale': 0.8640593363179084, 'capture_scale': 4.946361331724896}. Best is trial 488 with value: 1.7773226013412071.Best trial: 488. Best value: 1.77732:  34%|███▍      | 508/1500 [44:07<1:16:21,  4.62s/it]Best trial: 488. Best value: 1.77732:  34%|███▍      | 508/1500 [44:08<1:16:21,  4.62s/it]Best trial: 488. Best value: 1.77732:  34%|███▍      | 509/1500 [44:08<1:16:17,  4.62s/it]                                                                                          Best trial: 488. Best value: 1.77732:  34%|███▍      | 509/1500 [44:11<1:16:17,  4.62s/it]Best trial: 488. Best value: 1.77732:  34%|███▍      | 509/1500 [44:11<1:16:17,  4.62s/it]Best trial: 488. Best value: 1.77732:  34%|███▍      | 510/1500 [44:11<1:09:25,  4.21s/it]                                                                                          Best trial: 488. Best value: 1.77732:  34%|███▍      | 510/1500 [44:15<1:09:25,  4.21s/it]Best trial: 488. Best value: 1.77732:  34%|███▍      | 510/1500 [44:16<1:09:25,  4.21s/it]Best trial: 488. Best value: 1.77732:  34%|███▍      | 511/1500 [44:16<1:12:07,  4.38s/it]                                                                                          Best trial: 488. Best value: 1.77732:  34%|███▍      | 511/1500 [44:20<1:12:07,  4.38s/it]Best trial: 488. Best value: 1.77732:  34%|███▍      | 511/1500 [44:20<1:12:07,  4.38s/it]Best trial: 488. Best value: 1.77732:  34%|███▍      | 512/1500 [44:20<1:13:50,  4.48s/it]                                                                                          Best trial: 488. Best value: 1.77732:  34%|███▍      | 512/1500 [44:25<1:13:50,  4.48s/it]Best trial: 488. Best value: 1.77732:  34%|███▍      | 512/1500 [44:25<1:13:50,  4.48s/it]Best trial: 488. Best value: 1.77732:  34%|███▍      | 513/1500 [44:25<1:14:21,  4.52s/it]                                                                                          Best trial: 488. Best value: 1.77732:  34%|███▍      | 513/1500 [44:30<1:14:21,  4.52s/it]Best trial: 488. Best value: 1.77732:  34%|███▍      | 513/1500 [44:30<1:14:21,  4.52s/it]Best trial: 488. Best value: 1.77732:  34%|███▍      | 514/1500 [44:30<1:15:52,  4.62s/it]                                                                                          Best trial: 488. Best value: 1.77732:  34%|███▍      | 514/1500 [44:35<1:15:52,  4.62s/it]Best trial: 488. Best value: 1.77732:  34%|███▍      | 514/1500 [44:35<1:15:52,  4.62s/it]Best trial: 488. Best value: 1.77732:  34%|███▍      | 515/1500 [44:35<1:17:00,  4.69s/it]                                                                                          Best trial: 488. Best value: 1.77732:  34%|███▍      | 515/1500 [44:39<1:17:00,  4.69s/it]Best trial: 488. Best value: 1.77732:  34%|███▍      | 515/1500 [44:39<1:17:00,  4.69s/it]Best trial: 488. Best value: 1.77732:  34%|███▍      | 516/1500 [44:39<1:17:38,  4.73s/it]                                                                                          Best trial: 488. Best value: 1.77732:  34%|███▍      | 516/1500 [44:42<1:17:38,  4.73s/it]Best trial: 488. Best value: 1.77732:  34%|███▍      | 516/1500 [44:42<1:17:38,  4.73s/it]Best trial: 488. Best value: 1.77732:  34%|███▍      | 517/1500 [44:42<1:08:59,  4.21s/it]                                                                                          Best trial: 488. Best value: 1.77732:  34%|███▍      | 517/1500 [44:47<1:08:59,  4.21s/it]Best trial: 488. Best value: 1.77732:  34%|███▍      | 517/1500 [44:47<1:08:59,  4.21s/it]Best trial: 488. Best value: 1.77732:  35%|███▍      | 518/1500 [44:47<1:11:40,  4.38s/it]                                                                                          Best trial: 488. Best value: 1.77732:  35%|███▍      | 518/1500 [44:52<1:11:40,  4.38s/it]Best trial: 488. Best value: 1.77732:  35%|███▍      | 518/1500 [44:52<1:11:40,  4.38s/it]Best trial: 488. Best value: 1.77732:  35%|███▍      | 519/1500 [44:52<1:13:29,  4.50s/it]                                                                                          
[I 2026-05-02 19:36:59,638] Trial 509 finished with value: 1.8061710159217188 and parameters: {'f_n': 2.473084511551062e-06, 'K_d': 817374.4404416186, 'rho_d': 15473938637147.738, 'fission_rate': 5.818422785783377e+19, 'D2_xe_scale': 0.21472484754587778, 'Dg_D1_scale': 0.19523225151706486, 'Dg_D3_scale': 1.084853833975393, 'Dv_D1_scale': 0.3756338473472906, 'Dv_D2_scale': 3.5052975131574495, 'b_bulk_scale': 0.11537314681676455, 'b_dislocation_scale': 0.07712229482302266, 'gb_scale': 5.365827265906485, 'gd_bubble_scale': 6.848045654256853, 'gd_line_scale': 8.786955688740509, 'gd_line_alpha': 0.22983157000557655, 'coalescence_d_scale': 1.1408211990323522, 'capture_scale': 4.982481483450627}. Best is trial 488 with value: 1.7773226013412071.
[I 2026-05-02 19:37:04,415] Trial 510 finished with value: 1.8548599920046966 and parameters: {'f_n': 2.482555380793992e-06, 'K_d': 966231.3767579559, 'rho_d': 15100470621600.082, 'fission_rate': 5.870106376878015e+19, 'D2_xe_scale': 0.21544457581171933, 'Dg_D1_scale': 0.1911695815845943, 'Dg_D3_scale': 1.0094613217900663, 'Dv_D1_scale': 0.3750999225627715, 'Dv_D2_scale': 3.903027345452301, 'b_bulk_scale': 0.11176094108592889, 'b_dislocation_scale': 0.07662354947539907, 'gb_scale': 5.304859389747387, 'gd_bubble_scale': 6.693739556781316, 'gd_line_scale': 8.345574592911516, 'gd_line_alpha': 0.2412342237242403, 'coalescence_d_scale': 1.1967282674427875, 'capture_scale': 5.149168874891855}. Best is trial 488 with value: 1.7773226013412071.
[I 2026-05-02 19:37:09,150] Trial 511 finished with value: 2.0053445791576188 and parameters: {'f_n': 2.520092080425994e-06, 'K_d': 840982.6984131011, 'rho_d': 15605614451711.441, 'fission_rate': 5.806823936873608e+19, 'D2_xe_scale': 0.23862557220951505, 'Dg_D1_scale': 0.17341329485965584, 'Dg_D3_scale': 1.115166532118416, 'Dv_D1_scale': 0.40272207359789575, 'Dv_D2_scale': 3.541937818530691, 'b_bulk_scale': 0.1156024288068391, 'b_dislocation_scale': 0.08785832398161396, 'gb_scale': 4.247608697419562, 'gd_bubble_scale': 0.41978456463087904, 'gd_line_scale': 8.863744605264609, 'gd_line_alpha': 0.24196348223718556, 'coalescence_d_scale': 0.8565275009991261, 'capture_scale': 4.915952572870973}. Best is trial 488 with value: 1.7773226013412071.
[I 2026-05-02 19:37:13,756] Trial 512 finished with value: 2.4148605616990118 and parameters: {'f_n': 2.4682523820399207e-06, 'K_d': 808769.0950956166, 'rho_d': 18120808406707.836, 'fission_rate': 5.954778782488348e+19, 'D2_xe_scale': 0.2036961737859875, 'Dg_D1_scale': 0.19938805285444727, 'Dg_D3_scale': 1.025713216562146, 'Dv_D1_scale': 0.3717711362135612, 'Dv_D2_scale': 3.002745748259503, 'b_bulk_scale': 0.09383329061624116, 'b_dislocation_scale': 0.0769020449880202, 'gb_scale': 6.445408067960198, 'gd_bubble_scale': 0.1304814202797347, 'gd_line_scale': 7.94311275243078, 'gd_line_alpha': 0.23422698475146878, 'coalescence_d_scale': 1.4946172783993295, 'capture_scale': 4.578698679282891}. Best is trial 488 with value: 1.7773226013412071.
[I 2026-05-02 19:37:18,597] Trial 513 finished with value: 1.805575160748908 and parameters: {'f_n': 2.5245997573198365e-06, 'K_d': 818211.8184190352, 'rho_d': 15649407151871.473, 'fission_rate': 5.848085323912755e+19, 'D2_xe_scale': 0.2421351754812794, 'Dg_D1_scale': 0.18140045531942403, 'Dg_D3_scale': 1.1110408070375841, 'Dv_D1_scale': 0.3916463196968142, 'Dv_D2_scale': 3.5209507970139104, 'b_bulk_scale': 0.12388301898395614, 'b_dislocation_scale': 0.0778683775582775, 'gb_scale': 5.3684946937595575, 'gd_bubble_scale': 6.980035205934036, 'gd_line_scale': 8.586671996050523, 'gd_line_alpha': 0.21901555199531317, 'coalescence_d_scale': 1.1383127556970558, 'capture_scale': 5.243500630714221}. Best is trial 488 with value: 1.7773226013412071.
[I 2026-05-02 19:37:23,455] Trial 514 finished with value: 2.1265033512698035 and parameters: {'f_n': 2.9881595796577694e-06, 'K_d': 815518.0948132904, 'rho_d': 15140744328144.705, 'fission_rate': 5.820853425752434e+19, 'D2_xe_scale': 0.3411859235907389, 'Dg_D1_scale': 0.18911610390981548, 'Dg_D3_scale': 1.1167639014284527, 'Dv_D1_scale': 0.4053259033731922, 'Dv_D2_scale': 3.021318447878938, 'b_bulk_scale': 0.12210737478523816, 'b_dislocation_scale': 0.09029585540149457, 'gb_scale': 5.622606757422156, 'gd_bubble_scale': 6.912849068060837, 'gd_line_scale': 7.826638555492943, 'gd_line_alpha': 0.21464955240729222, 'coalescence_d_scale': 1.32655009341445, 'capture_scale': 5.133729790176696}. Best is trial 488 with value: 1.7773226013412071.
