[I 2026-05-02 19:31:49,615] Trial 442 finished with value: 1.9719993833554132 and parameters: {'f_n': 1.5963218990664237e-06, 'K_d': 702843.4694031293, 'rho_d': 11470090404898.273, 'fission_rate': 5.486964679361479e+19, 'D2_xe_scale': 25.867654879591058, 'Dg_D1_scale': 0.22041434289267206, 'Dg_D3_scale': 2.35896919559654, 'Dv_D1_scale': 0.5408108025928676, 'Dv_D2_scale': 1.8777514642066344, 'b_bulk_scale': 0.06831824570687853, 'b_dislocation_scale': 0.06740549722885905, 'gb_scale': 2.492965212739059, 'gd_bubble_scale': 1.1519691550371034, 'gd_line_scale': 6.58856099147522, 'gd_line_alpha': 0.13772542712691188, 'coalescence_d_scale': 0.8926330252957765, 'capture_scale': 3.316088598221379}. Best is trial 436 with value: 1.8238261807318321.Best trial: 436. Best value: 1.82383:  29%|██▉       | 442/1500 [39:01<1:26:37,  4.91s/it]Best trial: 436. Best value: 1.82383:  29%|██▉       | 442/1500 [39:01<1:26:37,  4.91s/it]Best trial: 436. Best value: 1.82383:  30%|██▉       | 443/1500 [39:01<1:18:49,  4.47s/it]                                                                                          Best trial: 436. Best value: 1.82383:  30%|██▉       | 443/1500 [39:06<1:18:49,  4.47s/it]Best trial: 436. Best value: 1.82383:  30%|██▉       | 443/1500 [39:06<1:18:49,  4.47s/it]Best trial: 436. Best value: 1.82383:  30%|██▉       | 444/1500 [39:06<1:21:38,  4.64s/it]                                                                                          Best trial: 436. Best value: 1.82383:  30%|██▉       | 444/1500 [39:11<1:21:38,  4.64s/it]Best trial: 436. Best value: 1.82383:  30%|██▉       | 444/1500 [39:11<1:21:38,  4.64s/it]Best trial: 436. Best value: 1.82383:  30%|██▉       | 445/1500 [39:11<1:24:01,  4.78s/it]                                                                                          Best trial: 436. Best value: 1.82383:  30%|██▉       | 445/1500 [39:16<1:24:01,  4.78s/it]Best trial: 436. Best value: 1.82383:  30%|██▉       | 445/1500 [39:16<1:24:01,  4.78s/it]Best trial: 436. Best value: 1.82383:  30%|██▉       | 446/1500 [39:16<1:25:45,  4.88s/it]                                                                                          Best trial: 436. Best value: 1.82383:  30%|██▉       | 446/1500 [39:21<1:25:45,  4.88s/it]Best trial: 436. Best value: 1.82383:  30%|██▉       | 446/1500 [39:21<1:25:45,  4.88s/it]Best trial: 436. Best value: 1.82383:  30%|██▉       | 447/1500 [39:21<1:26:22,  4.92s/it]                                                                                          Best trial: 436. Best value: 1.82383:  30%|██▉       | 447/1500 [39:26<1:26:22,  4.92s/it]Best trial: 436. Best value: 1.82383:  30%|██▉       | 447/1500 [39:26<1:26:22,  4.92s/it]Best trial: 436. Best value: 1.82383:  30%|██▉       | 448/1500 [39:26<1:26:59,  4.96s/it]                                                                                          Best trial: 436. Best value: 1.82383:  30%|██▉       | 448/1500 [39:31<1:26:59,  4.96s/it]Best trial: 436. Best value: 1.82383:  30%|██▉       | 448/1500 [39:31<1:26:59,  4.96s/it]Best trial: 436. Best value: 1.82383:  30%|██▉       | 449/1500 [39:31<1:26:37,  4.95s/it]                                                                                          Best trial: 436. Best value: 1.82383:  30%|██▉       | 449/1500 [39:34<1:26:37,  4.95s/it]Best trial: 449. Best value: 1.8167:  30%|██▉       | 449/1500 [39:35<1:26:37,  4.95s/it] Best trial: 449. Best value: 1.8167:  30%|███       | 450/1500 [39:35<1:19:10,  4.52s/it]                                                                                         Best trial: 449. Best value: 1.8167:  30%|███       | 450/1500 [39:40<1:19:10,  4.52s/it]Best trial: 449. Best value: 1.8167:  30%|███       | 450/1500 [39:40<1:19:10,  4.52s/it]Best trial: 449. Best value: 1.8167:  30%|███       | 451/1500 [39:40<1:22:10,  4.70s/it]                                                                                         Best trial: 449. Best value: 1.8167:  30%|███       | 451/1500 [39:45<1:22:10,  4.70s/it]Best trial: 449. Best value: 1.8167:  30%|███       | 451/1500 [39:45<1:22:10,  4.70s/it]Best trial: 449. Best value: 1.8167:  30%|███       | 452/1500 [39:45<1:23:36,  4.79s/it]                                                                                         Best trial: 449. Best value: 1.8167:  30%|███       | 452/1500 [39:50<1:23:36,  4.79s/it]Best trial: 449. Best value: 1.8167:  30%|███       | 452/1500 [39:50<1:23:36,  4.79s/it]Best trial: 449. Best value: 1.8167:  30%|███       | 453/1500 [39:50<1:24:30,  4.84s/it]                                                                                         
[I 2026-05-02 19:31:54,633] Trial 443 finished with value: 2.051700655903466 and parameters: {'f_n': 1.3781173261389729e-06, 'K_d': 683685.5872747086, 'rho_d': 11660584097876.719, 'fission_rate': 5.614048741498126e+19, 'D2_xe_scale': 32.27567498238753, 'Dg_D1_scale': 0.2438077865721859, 'Dg_D3_scale': 0.8259507165186522, 'Dv_D1_scale': 0.6317975582768269, 'Dv_D2_scale': 1.9873824190478542, 'b_bulk_scale': 0.07311372765755941, 'b_dislocation_scale': 0.06331964587825856, 'gb_scale': 2.326440492844191, 'gd_bubble_scale': 5.904127265118872, 'gd_line_scale': 7.920186466239468, 'gd_line_alpha': 0.16145242420563224, 'coalescence_d_scale': 0.7515892986879368, 'capture_scale': 3.792488410363625}. Best is trial 436 with value: 1.8238261807318321.
[I 2026-05-02 19:31:59,741] Trial 444 finished with value: 2.288985436473603 and parameters: {'f_n': 1.89473385800741e-06, 'K_d': 699243.060785222, 'rho_d': 11049341267424.215, 'fission_rate': 5.4872262974777745e+19, 'D2_xe_scale': 23.14834125279685, 'Dg_D1_scale': 0.18790437975513155, 'Dg_D3_scale': 0.5545021726202635, 'Dv_D1_scale': 0.5043028493233809, 'Dv_D2_scale': 1.8545497797311148, 'b_bulk_scale': 0.0726468839034307, 'b_dislocation_scale': 0.06880273429061191, 'gb_scale': 3.143577044131293, 'gd_bubble_scale': 5.0387898456054945, 'gd_line_scale': 6.0944843180924835, 'gd_line_alpha': 0.09931890672505117, 'coalescence_d_scale': 0.6300266209431555, 'capture_scale': 3.006845043430494}. Best is trial 436 with value: 1.8238261807318321.
[I 2026-05-02 19:32:04,861] Trial 445 finished with value: 3.119846223653573 and parameters: {'f_n': 1.5477279730505591e-06, 'K_d': 668722.5825263424, 'rho_d': 12089484217928.1, 'fission_rate': 5.3963412234402185e+19, 'D2_xe_scale': 20.91642688163165, 'Dg_D1_scale': 0.2357901431809355, 'Dg_D3_scale': 1.713808822883303, 'Dv_D1_scale': 0.49151797996833785, 'Dv_D2_scale': 2.3504810460358843, 'b_bulk_scale': 0.0643694780800114, 'b_dislocation_scale': 0.06537286286654671, 'gb_scale': 0.32577174837089623, 'gd_bubble_scale': 4.614583701476388, 'gd_line_scale': 6.828705450702336, 'gd_line_alpha': 0.13984688108862153, 'coalescence_d_scale': 0.6826294834066778, 'capture_scale': 3.37975597191908}. Best is trial 436 with value: 1.8238261807318321.
[I 2026-05-02 19:32:09,881] Trial 446 finished with value: 1.8314751542268013 and parameters: {'f_n': 1.4673185558840927e-06, 'K_d': 695628.1872823784, 'rho_d': 10971576855564.715, 'fission_rate': 5.524567079191114e+19, 'D2_xe_scale': 31.34657308538592, 'Dg_D1_scale': 0.26776537695017416, 'Dg_D3_scale': 2.3329124193696846, 'Dv_D1_scale': 0.5629534835755838, 'Dv_D2_scale': 2.1741069603927734, 'b_bulk_scale': 0.07063453391989005, 'b_dislocation_scale': 0.06949016031737089, 'gb_scale': 2.526865117847716, 'gd_bubble_scale': 5.951370308027032, 'gd_line_scale': 5.399439034852647, 'gd_line_alpha': 0.1604851391231422, 'coalescence_d_scale': 0.632673984186216, 'capture_scale': 3.9646817558482894}. Best is trial 436 with value: 1.8238261807318321.
[I 2026-05-02 19:32:14,934] Trial 447 finished with value: 1.8768340352203705 and parameters: {'f_n': 1.826789229786708e-06, 'K_d': 698031.811417063, 'rho_d': 11124491132304.553, 'fission_rate': 5.512252701598696e+19, 'D2_xe_scale': 31.800937309100814, 'Dg_D1_scale': 0.2343849189606237, 'Dg_D3_scale': 2.139034984004393, 'Dv_D1_scale': 0.6142968873265261, 'Dv_D2_scale': 2.291371915499037, 'b_bulk_scale': 0.07300161394844937, 'b_dislocation_scale': 0.06215158511837846, 'gb_scale': 2.570826100061916, 'gd_bubble_scale': 4.935885238636501, 'gd_line_scale': 5.374750173016172, 'gd_line_alpha': 0.1628324107388888, 'coalescence_d_scale': 0.7763877897249484, 'capture_scale': 3.7489601508420036}. Best is trial 436 with value: 1.8238261807318321.
[I 2026-05-02 19:32:19,843] Trial 448 finished with value: 2.430010529335625 and parameters: {'f_n': 1.4741154499272688e-06, 'K_d': 730983.6012085204, 'rho_d': 11439226102091.795, 'fission_rate': 5.628307725956809e+19, 'D2_xe_scale': 30.925934617819472, 'Dg_D1_scale': 0.2122913965715405, 'Dg_D3_scale': 2.3616602417524537, 'Dv_D1_scale': 3.8250891966652865, 'Dv_D2_scale': 2.182054491509276, 'b_bulk_scale': 0.06655631163945147, 'b_dislocation_scale': 0.06908001230616068, 'gb_scale': 2.2483243109977917, 'gd_bubble_scale': 5.915074460114665, 'gd_line_scale': 5.932860375794417, 'gd_line_alpha': 0.14675377497393097, 'coalescence_d_scale': 0.6373403543983751, 'capture_scale': 4.090589957478524}. Best is trial 436 with value: 1.8238261807318321.
[I 2026-05-02 19:32:23,376] Trial 449 finished with value: 1.8166976992938908 and parameters: {'f_n': 1.2856987451285508e-06, 'K_d': 670188.4467362959, 'rho_d': 12206332268006.053, 'fission_rate': 5.401890826882249e+19, 'D2_xe_scale': 26.490736089109003, 'Dg_D1_scale': 0.26468328119185963, 'Dg_D3_scale': 1.9835981028293859, 'Dv_D1_scale': 0.5692243037897016, 'Dv_D2_scale': 2.0532216416412687, 'b_bulk_scale': 0.07279939666271094, 'b_dislocation_scale': 0.06067485498701671, 'gb_scale': 2.927344680528509, 'gd_bubble_scale': 5.976716243121756, 'gd_line_scale': 5.288998192031564, 'gd_line_alpha': 0.1263953711074472, 'coalescence_d_scale': 0.5745261199657539, 'capture_scale': 3.3803151391493635}. Best is trial 449 with value: 1.8166976992938908.
[I 2026-05-02 19:32:28,493] Trial 450 finished with value: 4.064710401019699 and parameters: {'f_n': 6.905544007428253e-09, 'K_d': 683315.8283903498, 'rho_d': 12476312841070.115, 'fission_rate': 5.420708671413608e+19, 'D2_xe_scale': 26.99772068108696, 'Dg_D1_scale': 0.2650650108016531, 'Dg_D3_scale': 1.9451013294623056, 'Dv_D1_scale': 0.5783746704996942, 'Dv_D2_scale': 2.315151995284852, 'b_bulk_scale': 0.07567169842205954, 'b_dislocation_scale': 0.06184865823524023, 'gb_scale': 2.8749416601875835, 'gd_bubble_scale': 5.856194874971248, 'gd_line_scale': 7.117473814343526, 'gd_line_alpha': 0.16735467422989161, 'coalescence_d_scale': 1.0772195189611793, 'capture_scale': 3.372406995175947}. Best is trial 449 with value: 1.8166976992938908.
[I 2026-05-02 19:32:33,483] Trial 451 finished with value: 1.9582372169217555 and parameters: {'f_n': 1.3758686757258543e-06, 'K_d': 733098.5660653075, 'rho_d': 12056835728695.02, 'fission_rate': 5.450321586279299e+19, 'D2_xe_scale': 31.601225459340057, 'Dg_D1_scale': 0.24941270552635061, 'Dg_D3_scale': 1.8574404611230173, 'Dv_D1_scale': 2.165150505098477, 'Dv_D2_scale': 2.1354777460064747, 'b_bulk_scale': 0.07076058196891588, 'b_dislocation_scale': 0.06962609672492003, 'gb_scale': 3.171896255316888, 'gd_bubble_scale': 5.118970050435027, 'gd_line_scale': 5.255313317686245, 'gd_line_alpha': 0.12623509693392712, 'coalescence_d_scale': 0.6606487775622515, 'capture_scale': 4.129283071546499}. Best is trial 449 with value: 1.8166976992938908.
[I 2026-05-02 19:32:38,457] Trial 452 finished with value: 1.8356071705569095 and parameters: {'f_n': 1.8255405267961146e-06, 'K_d': 665788.1912124754, 'rho_d': 11704781297369.504, 'fission_rate': 5.540388744596658e+19, 'D2_xe_scale': 25.809543882684665, 'Dg_D1_scale': 0.26539535915171614, 'Dg_D3_scale': 1.4302256543667526, 'Dv_D1_scale': 0.4312208247356462, 'Dv_D2_scale': 2.2688826445572605, 'b_bulk_scale': 0.06676130105110156, 'b_dislocation_scale': 0.06370937878909776, 'gb_scale': 2.5988726831693003, 'gd_bubble_scale': 6.019478989026054, 'gd_line_scale': 6.226926451420804, 'gd_line_alpha': 0.19415500484747503, 'coalescence_d_scale': 0.5760928112995471, 'capture_scale': 3.140409545099506}. Best is trial 449 with value: 1.8166976992938908.
[I 2026-05-02 19:32:43,488] Trial 453 finished with value: 1.820158901529217 and parameters: {'f_n': 1.763946467169518e-06, 'K_d': 668431.3267375372, 'rho_d': 12142639432358.768, 'fission_rate': 5.561823024569658e+19, 'D2_xe_scale': 0.27772130785406623, 'Dg_D1_scale': 0.268995486197067, 'Dg_D3_scale': 1.2851036704291698, 'Dv_D1_scale': 0.4260534637062573, 'Dv_D2_scale': 2.2818642436908565, 'b_bulk_scale': 0.07746693414456288, 'b_dislocation_scale': 0.060188675966936375, 'gb_scale': 2.982467677542796, 'gd_bubble_scale': 5.862230611092838, 'gd_line_scale': 6.281773553100408, 'gd_line_alpha': 0.1843183355866604, 'coalescence_d_scale': 0.5951949574220312, 'capture_scale': 3.913152807104673}. Best is trial 449 with value: 1.8166976992938908.Best trial: 449. Best value: 1.8167:  30%|███       | 453/1500 [39:55<1:24:30,  4.84s/it]Best trial: 449. Best value: 1.8167:  30%|███       | 453/1500 [39:55<1:24:30,  4.84s/it]Best trial: 449. Best value: 1.8167:  30%|███       | 454/1500 [39:55<1:25:25,  4.90s/it]                                                                                         Best trial: 449. Best value: 1.8167:  30%|███       | 454/1500 [40:00<1:25:25,  4.90s/it]Best trial: 449. Best value: 1.8167:  30%|███       | 454/1500 [40:00<1:25:25,  4.90s/it]Best trial: 449. Best value: 1.8167:  30%|███       | 455/1500 [40:00<1:25:44,  4.92s/it]                                                                                         Best trial: 449. Best value: 1.8167:  30%|███       | 455/1500 [40:03<1:25:44,  4.92s/it]Best trial: 449. Best value: 1.8167:  30%|███       | 455/1500 [40:03<1:25:44,  4.92s/it]Best trial: 449. Best value: 1.8167:  30%|███       | 456/1500 [40:03<1:18:05,  4.49s/it]                                                                                         Best trial: 449. Best value: 1.8167:  30%|███       | 456/1500 [40:08<1:18:05,  4.49s/it]Best trial: 449. Best value: 1.8167:  30%|███       | 456/1500 [40:08<1:18:05,  4.49s/it]Best trial: 449. Best value: 1.8167:  30%|███       | 457/1500 [40:08<1:19:58,  4.60s/it]                                                                                         Best trial: 449. Best value: 1.8167:  30%|███       | 457/1500 [40:13<1:19:58,  4.60s/it]Best trial: 449. Best value: 1.8167:  30%|███       | 457/1500 [40:13<1:19:58,  4.60s/it]Best trial: 449. Best value: 1.8167:  31%|███       | 458/1500 [40:13<1:21:50,  4.71s/it]                                                                                         Best trial: 449. Best value: 1.8167:  31%|███       | 458/1500 [40:18<1:21:50,  4.71s/it]Best trial: 449. Best value: 1.8167:  31%|███       | 458/1500 [40:18<1:21:50,  4.71s/it]Best trial: 449. Best value: 1.8167:  31%|███       | 459/1500 [40:18<1:23:42,  4.82s/it]                                                                                         Best trial: 449. Best value: 1.8167:  31%|███       | 459/1500 [40:23<1:23:42,  4.82s/it]Best trial: 449. Best value: 1.8167:  31%|███       | 459/1500 [40:23<1:23:42,  4.82s/it]Best trial: 449. Best value: 1.8167:  31%|███       | 460/1500 [40:23<1:24:42,  4.89s/it]                                                                                         Best trial: 449. Best value: 1.8167:  31%|███       | 460/1500 [40:28<1:24:42,  4.89s/it]Best trial: 449. Best value: 1.8167:  31%|███       | 460/1500 [40:28<1:24:42,  4.89s/it]Best trial: 449. Best value: 1.8167:  31%|███       | 461/1500 [40:28<1:25:05,  4.91s/it]                                                                                         Best trial: 449. Best value: 1.8167:  31%|███       | 461/1500 [40:33<1:25:05,  4.91s/it]Best trial: 449. Best value: 1.8167:  31%|███       | 461/1500 [40:33<1:25:05,  4.91s/it]Best trial: 449. Best value: 1.8167:  31%|███       | 462/1500 [40:33<1:24:48,  4.90s/it]                                                                                         Best trial: 449. Best value: 1.8167:  31%|███       | 462/1500 [40:36<1:24:48,  4.90s/it]Best trial: 449. Best value: 1.8167:  31%|███       | 462/1500 [40:36<1:24:48,  4.90s/it]Best trial: 449. Best value: 1.8167:  31%|███       | 463/1500 [40:36<1:17:28,  4.48s/it]                                                                                         Best trial: 449. Best value: 1.8167:  31%|███       | 463/1500 [40:41<1:17:28,  4.48s/it]Best trial: 449. Best value: 1.8167:  31%|███       | 463/1500 [40:41<1:17:28,  4.48s/it]Best trial: 449. Best value: 1.8167:  31%|███       | 464/1500 [40:41<1:20:17,  4.65s/it]                                                                                         
[I 2026-05-02 19:32:48,466] Trial 454 finished with value: 1.8323275947971382 and parameters: {'f_n': 2.009182594406285e-06, 'K_d': 688945.0270714755, 'rho_d': 13149200283625.96, 'fission_rate': 5.567775501036474e+19, 'D2_xe_scale': 0.8821706494094822, 'Dg_D1_scale': 0.2723694364778411, 'Dg_D3_scale': 1.1646358904956453, 'Dv_D1_scale': 0.4215955951156838, 'Dv_D2_scale': 2.5093516291888327, 'b_bulk_scale': 0.07745349000553342, 'b_dislocation_scale': 0.07079752256121778, 'gb_scale': 3.2992142220052783, 'gd_bubble_scale': 6.0641944807631525, 'gd_line_scale': 8.485767372919252, 'gd_line_alpha': 0.20427091401454894, 'coalescence_d_scale': 0.5820093781866041, 'capture_scale': 3.992197572488942}. Best is trial 449 with value: 1.8166976992938908.
[I 2026-05-02 19:32:51,915] Trial 455 finished with value: 3.7694058195215256 and parameters: {'f_n': 2.02789273820346e-06, 'K_d': 720155.3878320106, 'rho_d': 12870431477850.46, 'fission_rate': 5.6162907566356095e+19, 'D2_xe_scale': 23.473103010805424, 'Dg_D1_scale': 0.2714457255448546, 'Dg_D3_scale': 1.1466455607900086, 'Dv_D1_scale': 0.4262083712797061, 'Dv_D2_scale': 2.4278577622197846, 'b_bulk_scale': 0.0800082769021098, 'b_dislocation_scale': 0.07085181883337865, 'gb_scale': 0.162502888351184, 'gd_bubble_scale': 6.112753033747492, 'gd_line_scale': 9.606876293988853, 'gd_line_alpha': 0.20180712053229546, 'coalescence_d_scale': 0.5821775499235796, 'capture_scale': 4.022464371723163}. Best is trial 449 with value: 1.8166976992938908.
[I 2026-05-02 19:32:56,802] Trial 456 finished with value: 1.8215423313577501 and parameters: {'f_n': 2.056966979201263e-06, 'K_d': 748810.7465048222, 'rho_d': 13125848956325.043, 'fission_rate': 5.766227877983037e+19, 'D2_xe_scale': 0.17260190471439935, 'Dg_D1_scale': 0.27030569991601083, 'Dg_D3_scale': 1.3779996802486958, 'Dv_D1_scale': 0.4176527498435957, 'Dv_D2_scale': 2.464931220306568, 'b_bulk_scale': 0.0787911707108857, 'b_dislocation_scale': 0.0695231476016416, 'gb_scale': 3.2258303978728544, 'gd_bubble_scale': 5.996232899065358, 'gd_line_scale': 8.001291307125712, 'gd_line_alpha': 0.20640180110629475, 'coalescence_d_scale': 0.5618010873608068, 'capture_scale': 4.046598320005044}. Best is trial 449 with value: 1.8166976992938908.
[I 2026-05-02 19:33:01,773] Trial 457 finished with value: 1.8865740228118684 and parameters: {'f_n': 2.273094953809701e-06, 'K_d': 746384.9083334911, 'rho_d': 13378034717888.527, 'fission_rate': 5.729188175809923e+19, 'D2_xe_scale': 0.0595263777674065, 'Dg_D1_scale': 0.2698524442343796, 'Dg_D3_scale': 0.9859054862841046, 'Dv_D1_scale': 0.4248645172964416, 'Dv_D2_scale': 2.381853730160672, 'b_bulk_scale': 0.07129962966629272, 'b_dislocation_scale': 0.06657570202716054, 'gb_scale': 3.3569064109469773, 'gd_bubble_scale': 6.0304503938067935, 'gd_line_scale': 8.378458760716683, 'gd_line_alpha': 0.20899472858836354, 'coalescence_d_scale': 0.556808562738802, 'capture_scale': 0.01883773381961466}. Best is trial 449 with value: 1.8166976992938908.
[I 2026-05-02 19:33:06,864] Trial 458 finished with value: 1.8280900959014832 and parameters: {'f_n': 2.0226520295281963e-06, 'K_d': 768106.8672232891, 'rho_d': 13183713388401.912, 'fission_rate': 5.551110253786451e+19, 'D2_xe_scale': 0.14974834710305385, 'Dg_D1_scale': 0.27169298360462507, 'Dg_D3_scale': 0.7861949376776464, 'Dv_D1_scale': 0.4134765646531233, 'Dv_D2_scale': 2.536091963587805, 'b_bulk_scale': 0.07898749837005094, 'b_dislocation_scale': 0.07214319953379213, 'gb_scale': 3.423619593027158, 'gd_bubble_scale': 5.8523719652611526, 'gd_line_scale': 8.56644839608952, 'gd_line_alpha': 0.1937155079974749, 'coalescence_d_scale': 0.595016126944256, 'capture_scale': 3.1350360956726764}. Best is trial 449 with value: 1.8166976992938908.
[I 2026-05-02 19:33:11,896] Trial 459 finished with value: 4.150409997854636 and parameters: {'f_n': 2.0919449722704215e-06, 'K_d': 745816.401650671, 'rho_d': 14615252214460.621, 'fission_rate': 5.546306375449404e+19, 'D2_xe_scale': 0.250398306526256, 'Dg_D1_scale': 0.2867768298592603, 'Dg_D3_scale': 1.378220505294987, 'Dv_D1_scale': 0.41561042971007034, 'Dv_D2_scale': 2.5336754970436313, 'b_bulk_scale': 3.7802975795617, 'b_dislocation_scale': 0.07091961418429496, 'gb_scale': 3.6802041635487273, 'gd_bubble_scale': 5.555932133267794, 'gd_line_scale': 8.733867081313381, 'gd_line_alpha': 0.20018507535057953, 'coalescence_d_scale': 0.5802785659668698, 'capture_scale': 2.8294226578835766}. Best is trial 449 with value: 1.8166976992938908.
