[I 2026-05-02 19:09:55,120] Trial 203 finished with value: 2.032569702111825 and parameters: {'f_n': 1.1998606464218634e-06, 'K_d': 427007.89871026465, 'rho_d': 12272265964748.299, 'fission_rate': 4.011816383701488e+19, 'D2_xe_scale': 44.093419271481565, 'Dg_D1_scale': 0.5020121477088526, 'Dg_D3_scale': 3.2002313519437378, 'Dv_D1_scale': 0.32065563245510825, 'Dv_D2_scale': 1.5372940056371005, 'b_bulk_scale': 0.14575606900212484, 'b_dislocation_scale': 0.09103034238351847, 'gb_scale': 2.787107006486036, 'gd_bubble_scale': 1.2741814798083775, 'gd_line_scale': 4.159828448871709, 'gd_line_alpha': 0.38478757682170284, 'coalescence_d_scale': 0.5034905445330375, 'capture_scale': 6.204993160520429}. Best is trial 116 with value: 1.868175213579544.
[I 2026-05-02 19:10:01,648] Trial 204 finished with value: 1.9063767774371712 and parameters: {'f_n': 1.4978879527684344e-06, 'K_d': 456357.75185333635, 'rho_d': 11990651091736.182, 'fission_rate': 4.246917007411342e+19, 'D2_xe_scale': 36.09745405396455, 'Dg_D1_scale': 0.6516775078337312, 'Dg_D3_scale': 3.710662732307963, 'Dv_D1_scale': 0.291116170875927, 'Dv_D2_scale': 1.4664108420862145, 'b_bulk_scale': 0.1288367436586912, 'b_dislocation_scale': 0.08609303579468001, 'gb_scale': 3.3100787510362557, 'gd_bubble_scale': 6.632534275552617, 'gd_line_scale': 4.704011381469861, 'gd_line_alpha': 0.2652370741207318, 'coalescence_d_scale': 0.3743423781215524, 'capture_scale': 4.9854910407453215}. Best is trial 116 with value: 1.868175213579544.
[I 2026-05-02 19:10:07,935] Trial 205 finished with value: 1.9607108339537156 and parameters: {'f_n': 9.800357537553985e-07, 'K_d': 406297.5010827244, 'rho_d': 11598229546874.535, 'fission_rate': 4.431544136894903e+19, 'D2_xe_scale': 28.923087338996126, 'Dg_D1_scale': 0.6367789952137325, 'Dg_D3_scale': 3.5756745245269532, 'Dv_D1_scale': 0.2832865255031046, 'Dv_D2_scale': 1.2133656238993915, 'b_bulk_scale': 0.19754310473300016, 'b_dislocation_scale': 0.08720111531029413, 'gb_scale': 3.4809464732572235, 'gd_bubble_scale': 6.963827531116663, 'gd_line_scale': 4.6479700613199935, 'gd_line_alpha': 0.2941052274258144, 'coalescence_d_scale': 0.6897971074935578, 'capture_scale': 4.827914793072498}. Best is trial 116 with value: 1.868175213579544.
[I 2026-05-02 19:10:14,443] Trial 206 finished with value: 1.9919962192910277 and parameters: {'f_n': 1.593009612851459e-06, 'K_d': 454177.4976744557, 'rho_d': 12074846516037.896, 'fission_rate': 4.26867376973538e+19, 'D2_xe_scale': 37.772349475637355, 'Dg_D1_scale': 0.4872954438541042, 'Dg_D3_scale': 3.04391714801915, 'Dv_D1_scale': 0.29645979160330693, 'Dv_D2_scale': 1.1553919546741713, 'b_bulk_scale': 0.1498653220365629, 'b_dislocation_scale': 0.0961907508398217, 'gb_scale': 2.367311860268531, 'gd_bubble_scale': 6.682987142691683, 'gd_line_scale': 6.165503314163671, 'gd_line_alpha': 0.2551514905452606, 'coalescence_d_scale': 0.37278841777832844, 'capture_scale': 5.11082384186756}. Best is trial 116 with value: 1.868175213579544.
[I 2026-05-02 19:10:20,990] Trial 207 finished with value: 2.235147915665304 and parameters: {'f_n': 7.127934845942232e-07, 'K_d': 360388.5305974644, 'rho_d': 11235014521346.76, 'fission_rate': 4.194378137107721e+19, 'D2_xe_scale': 32.42078831181377, 'Dg_D1_scale': 0.6671465577916609, 'Dg_D3_scale': 3.3436556995105873, 'Dv_D1_scale': 0.3756653062392921, 'Dv_D2_scale': 0.9813725435001089, 'b_bulk_scale': 0.13202694441203147, 'b_dislocation_scale': 0.10744659468867322, 'gb_scale': 3.192127237228366, 'gd_bubble_scale': 6.605106460748953, 'gd_line_scale': 3.8241207793387337, 'gd_line_alpha': 0.33223264657763907, 'coalescence_d_scale': 0.4409085871852133, 'capture_scale': 0.195468153002575}. Best is trial 116 with value: 1.868175213579544.
[I 2026-05-02 19:10:25,920] Trial 208 finished with value: 1.9406194967063777 and parameters: {'f_n': 1.2925037031938345e-06, 'K_d': 458758.155906954, 'rho_d': 12183167531853.607, 'fission_rate': 4.255705130120817e+19, 'D2_xe_scale': 27.302624420362314, 'Dg_D1_scale': 0.7807716971404837, 'Dg_D3_scale': 3.7953734735106295, 'Dv_D1_scale': 0.2776474351337816, 'Dv_D2_scale': 1.4254136567278444, 'b_bulk_scale': 0.1376084431754897, 'b_dislocation_scale': 0.08592795161233088, 'gb_scale': 3.001246600169972, 'gd_bubble_scale': 7.436312908383666, 'gd_line_scale': 3.303474162428352, 'gd_line_alpha': 0.3044768626604355, 'coalescence_d_scale': 0.37251519332259436, 'capture_scale': 4.093852974766025}. Best is trial 116 with value: 1.868175213579544.
[I 2026-05-02 19:10:32,485] Trial 209 finished with value: 1.9296079618865578 and parameters: {'f_n': 1.4763467326278167e-06, 'K_d': 464213.6315036299, 'rho_d': 12589042073004.826, 'fission_rate': 4.256949047267434e+19, 'D2_xe_scale': 26.97022180859974, 'Dg_D1_scale': 0.7809201841104916, 'Dg_D3_scale': 3.9915896741818924, 'Dv_D1_scale': 0.2857284962436775, 'Dv_D2_scale': 1.300903894552603, 'b_bulk_scale': 0.13212324284522378, 'b_dislocation_scale': 0.08526202051116356, 'gb_scale': 3.6985582743249292, 'gd_bubble_scale': 6.290958042504192, 'gd_line_scale': 4.3594670964041615, 'gd_line_alpha': 0.3568480038095309, 'coalescence_d_scale': 0.5766430883544699, 'capture_scale': 4.150331697126518}. Best is trial 116 with value: 1.868175213579544.
[I 2026-05-02 19:10:38,967] Trial 210 finished with value: 2.115935436849363 and parameters: {'f_n': 1.1775638891074702e-06, 'K_d': 465810.8031134373, 'rho_d': 12298177095093.387, 'fission_rate': 4.251481389206884e+19, 'D2_xe_scale': 25.951027325824697, 'Dg_D1_scale': 0.7417324490452132, 'Dg_D3_scale': 3.9696325140967206, 'Dv_D1_scale': 0.27291331686320236, 'Dv_D2_scale': 1.4461210817877341, 'b_bulk_scale': 0.1355486251123072, 'b_dislocation_scale': 0.08774599559967068, 'gb_scale': 3.892243787940157, 'gd_bubble_scale': 5.177047883327036, 'gd_line_scale': 3.343906709337195, 'gd_line_alpha': 0.3519552718054913, 'coalescence_d_scale': 0.5648851348595024, 'capture_scale': 4.258323801566837}. Best is trial 116 with value: 1.868175213579544.
[I 2026-05-02 19:10:45,621] Trial 211 finished with value: 1.9928813521324624 and parameters: {'f_n': 1.5448427505577895e-06, 'K_d': 516326.7502178571, 'rho_d': 11714584496282.123, 'fission_rate': 4.1539322732390785e+19, 'D2_xe_scale': 28.71653971129878, 'Dg_D1_scale': 0.8108746036556355, 'Dg_D3_scale': 3.751170330234609, 'Dv_D1_scale': 0.2928917112690347, 'Dv_D2_scale': 1.2982933155920704, 'b_bulk_scale': 0.13143588474698922, 'b_dislocation_scale': 0.09792405862051826, 'gb_scale': 4.056286664102711, 'gd_bubble_scale': 6.029803875778618, 'gd_line_scale': 5.062670122483249, 'gd_line_alpha': 0.32237887133886206, 'coalescence_d_scale': 0.3671557369687825, 'capture_scale': 4.06072779229697}. Best is trial 116 with value: 1.868175213579544.Best trial: 116. Best value: 1.86818:  14%|█▍        | 211/1500 [17:57<2:14:12,  6.25s/it]Best trial: 116. Best value: 1.86818:  14%|█▍        | 211/1500 [17:57<2:14:12,  6.25s/it]Best trial: 116. Best value: 1.86818:  14%|█▍        | 212/1500 [17:57<2:16:43,  6.37s/it]                                                                                          Best trial: 116. Best value: 1.86818:  14%|█▍        | 212/1500 [18:03<2:16:43,  6.37s/it]Best trial: 116. Best value: 1.86818:  14%|█▍        | 212/1500 [18:04<2:16:43,  6.37s/it]Best trial: 116. Best value: 1.86818:  14%|█▍        | 213/1500 [18:04<2:19:04,  6.48s/it]                                                                                          Best trial: 116. Best value: 1.86818:  14%|█▍        | 213/1500 [18:09<2:19:04,  6.48s/it]Best trial: 116. Best value: 1.86818:  14%|█▍        | 213/1500 [18:09<2:19:04,  6.48s/it]Best trial: 116. Best value: 1.86818:  14%|█▍        | 214/1500 [18:09<2:11:15,  6.12s/it]                                                                                          Best trial: 116. Best value: 1.86818:  14%|█▍        | 214/1500 [18:15<2:11:15,  6.12s/it]Best trial: 116. Best value: 1.86818:  14%|█▍        | 214/1500 [18:15<2:11:15,  6.12s/it]Best trial: 116. Best value: 1.86818:  14%|█▍        | 215/1500 [18:15<2:14:04,  6.26s/it]                                                                                          Best trial: 116. Best value: 1.86818:  14%|█▍        | 215/1500 [18:22<2:14:04,  6.26s/it]Best trial: 116. Best value: 1.86818:  14%|█▍        | 215/1500 [18:22<2:14:04,  6.26s/it]Best trial: 116. Best value: 1.86818:  14%|█▍        | 216/1500 [18:22<2:16:35,  6.38s/it]                                                                                          Best trial: 116. Best value: 1.86818:  14%|█▍        | 216/1500 [18:28<2:16:35,  6.38s/it]Best trial: 116. Best value: 1.86818:  14%|█▍        | 216/1500 [18:28<2:16:35,  6.38s/it]Best trial: 116. Best value: 1.86818:  14%|█▍        | 217/1500 [18:28<2:16:52,  6.40s/it]                                                                                          Best trial: 116. Best value: 1.86818:  14%|█▍        | 217/1500 [18:35<2:16:52,  6.40s/it]Best trial: 116. Best value: 1.86818:  14%|█▍        | 217/1500 [18:35<2:16:52,  6.40s/it]Best trial: 116. Best value: 1.86818:  15%|█▍        | 218/1500 [18:35<2:14:57,  6.32s/it]                                                                                          Best trial: 116. Best value: 1.86818:  15%|█▍        | 218/1500 [18:39<2:14:57,  6.32s/it]Best trial: 116. Best value: 1.86818:  15%|█▍        | 218/1500 [18:39<2:14:57,  6.32s/it]Best trial: 116. Best value: 1.86818:  15%|█▍        | 219/1500 [18:39<2:03:49,  5.80s/it]                                                                                          Best trial: 116. Best value: 1.86818:  15%|█▍        | 219/1500 [18:45<2:03:49,  5.80s/it]Best trial: 116. Best value: 1.86818:  15%|█▍        | 219/1500 [18:45<2:03:49,  5.80s/it]Best trial: 116. Best value: 1.86818:  15%|█▍        | 220/1500 [18:45<2:05:34,  5.89s/it]                                                                                          Best trial: 116. Best value: 1.86818:  15%|█▍        | 220/1500 [18:51<2:05:34,  5.89s/it]Best trial: 116. Best value: 1.86818:  15%|█▍        | 220/1500 [18:51<2:05:34,  5.89s/it]Best trial: 116. Best value: 1.86818:  15%|█▍        | 221/1500 [18:51<2:06:00,  5.91s/it]                                                                                          Best trial: 116. Best value: 1.86818:  15%|█▍        | 221/1500 [18:57<2:06:00,  5.91s/it]Best trial: 116. Best value: 1.86818:  15%|█▍        | 221/1500 [18:57<2:06:00,  5.91s/it]Best trial: 116. Best value: 1.86818:  15%|█▍        | 222/1500 [18:57<2:07:42,  6.00s/it]                                                                                          
[I 2026-05-02 19:10:52,372] Trial 212 finished with value: 1.913709138947879 and parameters: {'f_n': 1.4439075499955007e-06, 'K_d': 403912.36939742503, 'rho_d': 12759386233883.865, 'fission_rate': 4.073011729172724e+19, 'D2_xe_scale': 36.03082683615882, 'Dg_D1_scale': 0.5426547686641056, 'Dg_D3_scale': 3.9961641975084765, 'Dv_D1_scale': 0.31207644040337607, 'Dv_D2_scale': 1.4364033488729298, 'b_bulk_scale': 0.16913133499277486, 'b_dislocation_scale': 0.08367858450445038, 'gb_scale': 3.424695348732356, 'gd_bubble_scale': 7.359582925184608, 'gd_line_scale': 4.2351712997365745, 'gd_line_alpha': 0.30637360969908095, 'coalescence_d_scale': 0.4846811744436465, 'capture_scale': 4.5593743950149594}. Best is trial 116 with value: 1.868175213579544.
[I 2026-05-02 19:10:57,657] Trial 213 finished with value: 2.096689420453237 and parameters: {'f_n': 1.4295246281313712e-06, 'K_d': 398006.21829396125, 'rho_d': 12170516136577.521, 'fission_rate': 4.00240896127397e+19, 'D2_xe_scale': 35.23186187763462, 'Dg_D1_scale': 0.774287369391511, 'Dg_D3_scale': 3.991699139501858, 'Dv_D1_scale': 0.30826553787483607, 'Dv_D2_scale': 1.3720273232345133, 'b_bulk_scale': 0.1777649887028147, 'b_dislocation_scale': 0.12473208178173026, 'gb_scale': 3.522009578435793, 'gd_bubble_scale': 6.381910904564363, 'gd_line_scale': 4.221631516956805, 'gd_line_alpha': 0.31182691347251273, 'coalescence_d_scale': 0.7058735944921352, 'capture_scale': 4.630254529146288}. Best is trial 116 with value: 1.868175213579544.
[I 2026-05-02 19:11:04,231] Trial 214 finished with value: 1.9846829238991983 and parameters: {'f_n': 1.0885642650907313e-06, 'K_d': 436660.9427141788, 'rho_d': 13370386941521.318, 'fission_rate': 4.22427302381338e+19, 'D2_xe_scale': 40.51713547273481, 'Dg_D1_scale': 0.8846696834505223, 'Dg_D3_scale': 3.795404752435603, 'Dv_D1_scale': 0.2800986664749579, 'Dv_D2_scale': 1.4445454919721799, 'b_bulk_scale': 0.15662178479113278, 'b_dislocation_scale': 0.08393843426645581, 'gb_scale': 3.2356941590952193, 'gd_bubble_scale': 7.330027105525139, 'gd_line_scale': 4.4786835309802635, 'gd_line_alpha': 0.36114370227518683, 'coalescence_d_scale': 0.4703989033189624, 'capture_scale': 3.8209774821034364}. Best is trial 116 with value: 1.868175213579544.
[I 2026-05-02 19:11:10,904] Trial 215 finished with value: 2.190470017627731 and parameters: {'f_n': 8.276702268282811e-07, 'K_d': 331625.03940793616, 'rho_d': 12624414108263.162, 'fission_rate': 4.138200106486321e+19, 'D2_xe_scale': 33.576439416509906, 'Dg_D1_scale': 0.5438323638980428, 'Dg_D3_scale': 3.725845166471368, 'Dv_D1_scale': 0.2692817768531353, 'Dv_D2_scale': 1.2817349701452256, 'b_bulk_scale': 0.14244201820083396, 'b_dislocation_scale': 0.1119750765753903, 'gb_scale': 2.788927307162245, 'gd_bubble_scale': 5.626651842684409, 'gd_line_scale': 2.981221607971464, 'gd_line_alpha': 0.3983870415487162, 'coalescence_d_scale': 0.5480839127587291, 'capture_scale': 4.822586520134405}. Best is trial 116 with value: 1.868175213579544.
[I 2026-05-02 19:11:17,346] Trial 216 finished with value: 2.052497402822636 and parameters: {'f_n': 1.375170405786864e-06, 'K_d': 494567.26238157897, 'rho_d': 11000309851195.47, 'fission_rate': 4.29136736486149e+19, 'D2_xe_scale': 27.998865404108056, 'Dg_D1_scale': 0.60338401725007, 'Dg_D3_scale': 3.7328613151063204, 'Dv_D1_scale': 0.290856404251265, 'Dv_D2_scale': 1.4496927117200031, 'b_bulk_scale': 0.168375979009546, 'b_dislocation_scale': 0.08509515518573675, 'gb_scale': 4.11473631715551, 'gd_bubble_scale': 7.354500751741008, 'gd_line_scale': 3.4269970957618994, 'gd_line_alpha': 0.26754649557630467, 'coalescence_d_scale': 0.41261286565855887, 'capture_scale': 4.149341417425253}. Best is trial 116 with value: 1.868175213579544.
[I 2026-05-02 19:11:23,465] Trial 217 finished with value: 1.9281798073352112 and parameters: {'f_n': 9.64430420415224e-07, 'K_d': 452841.21170250076, 'rho_d': 11807934022260.043, 'fission_rate': 4.529298849709296e+19, 'D2_xe_scale': 24.057240888277484, 'Dg_D1_scale': 0.5659836886356625, 'Dg_D3_scale': 3.529837740326402, 'Dv_D1_scale': 0.3123121495327337, 'Dv_D2_scale': 1.3418853256026562, 'b_bulk_scale': 0.23363485669140233, 'b_dislocation_scale': 0.09704889329592488, 'gb_scale': 4.986766009877885, 'gd_bubble_scale': 6.919174041187697, 'gd_line_scale': 5.896177415055513, 'gd_line_alpha': 0.2201331209812128, 'coalescence_d_scale': 0.3564664181735805, 'capture_scale': 5.520171591638926}. Best is trial 116 with value: 1.868175213579544.
[I 2026-05-02 19:11:28,060] Trial 218 finished with value: 2.0261204472698533 and parameters: {'f_n': 1.6466846794440372e-06, 'K_d': 446424.3992244548, 'rho_d': 12888396639631.883, 'fission_rate': 4.464743225765325e+19, 'D2_xe_scale': 25.395948049492816, 'Dg_D1_scale': 0.6740511767202331, 'Dg_D3_scale': 0.6605793339149912, 'Dv_D1_scale': 0.32211928095305126, 'Dv_D2_scale': 1.1046389181325722, 'b_bulk_scale': 0.12109451576625664, 'b_dislocation_scale': 0.10116222072738416, 'gb_scale': 3.6441437646081196, 'gd_bubble_scale': 7.574108633159941, 'gd_line_scale': 5.846269624529716, 'gd_line_alpha': 0.22606042174231317, 'coalescence_d_scale': 0.3572777123198953, 'capture_scale': 3.626331957261858}. Best is trial 116 with value: 1.868175213579544.
[I 2026-05-02 19:11:34,147] Trial 219 finished with value: 1.9145672412542267 and parameters: {'f_n': 1.2547595759302243e-06, 'K_d': 479758.45338764053, 'rho_d': 12031300146334.887, 'fission_rate': 4.564468777501492e+19, 'D2_xe_scale': 49.97453051614604, 'Dg_D1_scale': 0.5048728338249495, 'Dg_D3_scale': 3.974305853042316, 'Dv_D1_scale': 0.31153342881021995, 'Dv_D2_scale': 1.2296774352435824, 'b_bulk_scale': 0.24428938309570025, 'b_dislocation_scale': 0.07805542939256442, 'gb_scale': 5.49803698539577, 'gd_bubble_scale': 6.86618147595851, 'gd_line_scale': 3.7956466935378375, 'gd_line_alpha': 0.242203277425317, 'coalescence_d_scale': 0.37244571554880507, 'capture_scale': 5.623312709217542}. Best is trial 116 with value: 1.868175213579544.
[I 2026-05-02 19:11:40,116] Trial 220 finished with value: 2.128450641047563 and parameters: {'f_n': 9.668422082870379e-07, 'K_d': 496210.99743770156, 'rho_d': 11134386064434.941, 'fission_rate': 4.676331267987606e+19, 'D2_xe_scale': 49.373883474744915, 'Dg_D1_scale': 0.5155872651168969, 'Dg_D3_scale': 3.9944014017325387, 'Dv_D1_scale': 0.3199681938038709, 'Dv_D2_scale': 1.2502023507191249, 'b_bulk_scale': 0.2821795477313233, 'b_dislocation_scale': 0.0789401013590524, 'gb_scale': 4.889938926584194, 'gd_bubble_scale': 5.654770730487844, 'gd_line_scale': 7.141670492703796, 'gd_line_alpha': 0.24637641002444785, 'coalescence_d_scale': 0.4195508441984244, 'capture_scale': 5.712380023686888}. Best is trial 116 with value: 1.868175213579544.
[I 2026-05-02 19:11:46,310] Trial 221 finished with value: 1.8820088517831162 and parameters: {'f_n': 1.2565973925036395e-06, 'K_d': 533220.5277006296, 'rho_d': 12183243265753.902, 'fission_rate': 4.513213083848382e+19, 'D2_xe_scale': 36.05662025041373, 'Dg_D1_scale': 0.46373229185346554, 'Dg_D3_scale': 3.636522324984948, 'Dv_D1_scale': 0.2840084698762177, 'Dv_D2_scale': 1.3364428491043854, 'b_bulk_scale': 0.2432818915502165, 'b_dislocation_scale': 0.09389482199987204, 'gb_scale': 5.383974541684961, 'gd_bubble_scale': 6.808044772459958, 'gd_line_scale': 5.10611948226927, 'gd_line_alpha': 0.21065554856248497, 'coalescence_d_scale': 0.3652770315209414, 'capture_scale': 4.532042084416917}. Best is trial 116 with value: 1.868175213579544.
