[I 2026-05-02 20:46:47,028] Trial 1450 finished with value: 3.0287482791567437 and parameters: {'f_n': 6.70352223949125e-07, 'K_d': 819921.2821291826, 'rho_d': 11087317896713.588, 'fission_rate': 6.0538815269283185e+19, 'D2_xe_scale': 0.04018671362393884, 'Dg_D1_scale': 0.18449285697396325, 'Dg_D3_scale': 2.7930184476399598, 'Dv_D1_scale': 0.26084317940715085, 'Dv_D2_scale': 3.4362974929455046, 'b_bulk_scale': 3.524647651008231, 'b_dislocation_scale': 0.1444569197944321, 'gb_scale': 7.996309299177468, 'gd_bubble_scale': 8.150564396017488, 'gd_line_scale': 9.924179718744352, 'gd_line_alpha': 0.4443122758405133, 'coalescence_d_scale': 0.4132108846808508, 'capture_scale': 7.235373596710482}. Best is trial 1126 with value: 1.7410514264406347.
[I 2026-05-02 20:46:51,470] Trial 1451 finished with value: 4.440805460567958 and parameters: {'f_n': 1.065359308628725e-06, 'K_d': 892589.394642536, 'rho_d': 8638173332937.411, 'fission_rate': 6.2668843756912845e+19, 'D2_xe_scale': 0.06609951204140904, 'Dg_D1_scale': 0.19901987921850356, 'Dg_D3_scale': 3.654160154351898, 'Dv_D1_scale': 0.3586822740863644, 'Dv_D2_scale': 3.7824989626188343, 'b_bulk_scale': 0.23951838136469683, 'b_dislocation_scale': 0.20088453609946733, 'gb_scale': 5.091481311069147, 'gd_bubble_scale': 0.1903396800425425, 'gd_line_scale': 9.970896933950984, 'gd_line_alpha': 0.4821017903201796, 'coalescence_d_scale': 4.421392404451051, 'capture_scale': 5.482772463297684}. Best is trial 1126 with value: 1.7410514264406347.
[I 2026-05-02 20:46:54,392] Trial 1452 finished with value: 1.833704994546764 and parameters: {'f_n': 3.5364685842499124e-07, 'K_d': 673595.1724786158, 'rho_d': 9945773448276.605, 'fission_rate': 6.395203432893912e+19, 'D2_xe_scale': 0.08550962698943368, 'Dg_D1_scale': 0.16799586000034014, 'Dg_D3_scale': 3.279550287779465, 'Dv_D1_scale': 0.3009649400690362, 'Dv_D2_scale': 3.5882875884056915, 'b_bulk_scale': 0.36981525957329436, 'b_dislocation_scale': 0.12768860425057668, 'gb_scale': 4.59742899303561, 'gd_bubble_scale': 7.352067986168465, 'gd_line_scale': 7.330978506962412, 'gd_line_alpha': 0.5683349277624189, 'coalescence_d_scale': 0.5888260851448748, 'capture_scale': 4.309994977282968}. Best is trial 1126 with value: 1.7410514264406347.
[I 2026-05-02 20:46:58,578] Trial 1453 finished with value: 4.110957681677553 and parameters: {'f_n': 3.3159726209642057e-10, 'K_d': 755096.2257428244, 'rho_d': 20708928361641.367, 'fission_rate': 7.0830059776605364e+19, 'D2_xe_scale': 0.05567383037618201, 'Dg_D1_scale': 0.1760232952539091, 'Dg_D3_scale': 0.16320401890702482, 'Dv_D1_scale': 0.2722140894926169, 'Dv_D2_scale': 3.995474840362307, 'b_bulk_scale': 0.29720984765739883, 'b_dislocation_scale': 0.17663287162667493, 'gb_scale': 0.8884815985606191, 'gd_bubble_scale': 8.445023836456981, 'gd_line_scale': 8.24972971158568, 'gd_line_alpha': 0.5329430976628832, 'coalescence_d_scale': 0.35598711511991565, 'capture_scale': 6.397978846474461}. Best is trial 1126 with value: 1.7410514264406347.
[I 2026-05-02 20:47:03,526] Trial 1454 finished with value: 1.8185065666824662 and parameters: {'f_n': 4.838854486698334e-07, 'K_d': 706575.3080223842, 'rho_d': 11969549530603.352, 'fission_rate': 5.959643921440828e+19, 'D2_xe_scale': 0.0472125803632638, 'Dg_D1_scale': 0.15958708000778032, 'Dg_D3_scale': 2.4637790039913767, 'Dv_D1_scale': 0.3268543085853958, 'Dv_D2_scale': 3.293423264964876, 'b_bulk_scale': 0.47583157947611027, 'b_dislocation_scale': 0.15243268548833805, 'gb_scale': 5.903117740263463, 'gd_bubble_scale': 9.184145908850951, 'gd_line_scale': 6.875965015714602, 'gd_line_alpha': 0.6924352682132522, 'coalescence_d_scale': 0.5124280874377685, 'capture_scale': 7.170005388974977}. Best is trial 1126 with value: 1.7410514264406347.Best trial: 1126. Best value: 1.74105:  97%|█████████▋| 1454/1500 [1:54:15<03:11,  4.16s/it]Best trial: 1126. Best value: 1.74105:  97%|█████████▋| 1454/1500 [1:54:15<03:11,  4.16s/it]Best trial: 1126. Best value: 1.74105:  97%|█████████▋| 1455/1500 [1:54:15<03:17,  4.39s/it]                                                                                            Best trial: 1126. Best value: 1.74105:  97%|█████████▋| 1455/1500 [1:54:19<03:17,  4.39s/it]Best trial: 1126. Best value: 1.74105:  97%|█████████▋| 1455/1500 [1:54:20<03:17,  4.39s/it]Best trial: 1126. Best value: 1.74105:  97%|█████████▋| 1456/1500 [1:54:20<03:18,  4.51s/it]                                                                                            Best trial: 1126. Best value: 1.74105:  97%|█████████▋| 1456/1500 [1:54:24<03:18,  4.51s/it]Best trial: 1126. Best value: 1.74105:  97%|█████████▋| 1456/1500 [1:54:24<03:18,  4.51s/it]Best trial: 1126. Best value: 1.74105:  97%|█████████▋| 1457/1500 [1:54:24<03:14,  4.52s/it]                                                                                            Best trial: 1126. Best value: 1.74105:  97%|█████████▋| 1457/1500 [1:54:29<03:14,  4.52s/it]Best trial: 1126. Best value: 1.74105:  97%|█████████▋| 1457/1500 [1:54:29<03:14,  4.52s/it]Best trial: 1126. Best value: 1.74105:  97%|█████████▋| 1458/1500 [1:54:29<03:13,  4.61s/it]                                                                                            Best trial: 1126. Best value: 1.74105:  97%|█████████▋| 1458/1500 [1:54:33<03:13,  4.61s/it]Best trial: 1126. Best value: 1.74105:  97%|█████████▋| 1458/1500 [1:54:33<03:13,  4.61s/it]Best trial: 1126. Best value: 1.74105:  97%|█████████▋| 1459/1500 [1:54:33<03:08,  4.60s/it]                                                                                            Best trial: 1126. Best value: 1.74105:  97%|█████████▋| 1459/1500 [1:54:36<03:08,  4.60s/it]Best trial: 1126. Best value: 1.74105:  97%|█████████▋| 1459/1500 [1:54:37<03:08,  4.60s/it]Best trial: 1126. Best value: 1.74105:  97%|█████████▋| 1460/1500 [1:54:37<02:45,  4.14s/it]                                                                                            Best trial: 1126. Best value: 1.74105:  97%|█████████▋| 1460/1500 [1:54:41<02:45,  4.14s/it]Best trial: 1126. Best value: 1.74105:  97%|█████████▋| 1460/1500 [1:54:41<02:45,  4.14s/it]Best trial: 1126. Best value: 1.74105:  97%|█████████▋| 1461/1500 [1:54:41<02:48,  4.32s/it]                                                                                            Best trial: 1126. Best value: 1.74105:  97%|█████████▋| 1461/1500 [1:54:46<02:48,  4.32s/it]Best trial: 1126. Best value: 1.74105:  97%|█████████▋| 1461/1500 [1:54:46<02:48,  4.32s/it]Best trial: 1126. Best value: 1.74105:  97%|█████████▋| 1462/1500 [1:54:46<02:50,  4.49s/it]                                                                                            Best trial: 1126. Best value: 1.74105:  97%|█████████▋| 1462/1500 [1:54:51<02:50,  4.49s/it]Best trial: 1126. Best value: 1.74105:  97%|█████████▋| 1462/1500 [1:54:51<02:50,  4.49s/it]Best trial: 1126. Best value: 1.74105:  98%|█████████▊| 1463/1500 [1:54:51<02:52,  4.66s/it]                                                                                            Best trial: 1126. Best value: 1.74105:  98%|█████████▊| 1463/1500 [1:54:56<02:52,  4.66s/it]Best trial: 1126. Best value: 1.74105:  98%|█████████▊| 1463/1500 [1:54:56<02:52,  4.66s/it]Best trial: 1126. Best value: 1.74105:  98%|█████████▊| 1464/1500 [1:54:56<02:48,  4.67s/it]                                                                                            Best trial: 1126. Best value: 1.74105:  98%|█████████▊| 1464/1500 [1:55:01<02:48,  4.67s/it]Best trial: 1126. Best value: 1.74105:  98%|█████████▊| 1464/1500 [1:55:01<02:48,  4.67s/it]Best trial: 1126. Best value: 1.74105:  98%|█████████▊| 1465/1500 [1:55:01<02:44,  4.69s/it]                                                                                            
[I 2026-05-02 20:47:08,291] Trial 1455 finished with value: 1.7982180661889182 and parameters: {'f_n': 8.959685976531812e-07, 'K_d': 636290.7146013286, 'rho_d': 7676566684934.007, 'fission_rate': 6.135204667346441e+19, 'D2_xe_scale': 0.836950029308503, 'Dg_D1_scale': 0.20818119068608898, 'Dg_D3_scale': 2.974754774007795, 'Dv_D1_scale': 0.28998653488131115, 'Dv_D2_scale': 3.7896953884052493, 'b_bulk_scale': 0.26240869831849617, 'b_dislocation_scale': 0.12028744204534496, 'gb_scale': 4.063476096406479, 'gd_bubble_scale': 9.98311463775347, 'gd_line_scale': 9.020970960319529, 'gd_line_alpha': 0.4316819202551202, 'coalescence_d_scale': 0.4366301910585545, 'capture_scale': 7.993517256245702}. Best is trial 1126 with value: 1.7410514264406347.
[I 2026-05-02 20:47:12,835] Trial 1456 finished with value: 1.848395230037725 and parameters: {'f_n': 7.08007556638746e-07, 'K_d': 807950.6295308418, 'rho_d': 10560720484737.04, 'fission_rate': 6.447540737757084e+19, 'D2_xe_scale': 0.10144184080148155, 'Dg_D1_scale': 0.18757989814518444, 'Dg_D3_scale': 2.0421856510944103, 'Dv_D1_scale': 0.24616243568000262, 'Dv_D2_scale': 3.6122060279805908, 'b_bulk_scale': 0.2316158892307938, 'b_dislocation_scale': 0.10483872580605977, 'gb_scale': 6.779688704720867, 'gd_bubble_scale': 7.377014603533021, 'gd_line_scale': 7.823501039890154, 'gd_line_alpha': 0.5962499115839834, 'coalescence_d_scale': 0.38087832286878226, 'capture_scale': 5.127512648601242}. Best is trial 1126 with value: 1.7410514264406347.
[I 2026-05-02 20:47:17,656] Trial 1457 finished with value: 1.8032991690536244 and parameters: {'f_n': 2.972273211649384e-07, 'K_d': 875489.0757186825, 'rho_d': 9338389734993.871, 'fission_rate': 6.07020493323073e+19, 'D2_xe_scale': 1.2191937166249769, 'Dg_D1_scale': 0.1652915027823607, 'Dg_D3_scale': 2.217980527571391, 'Dv_D1_scale': 0.2663337341230214, 'Dv_D2_scale': 3.7887456765959873, 'b_bulk_scale': 0.3486573432270391, 'b_dislocation_scale': 0.1350628462478241, 'gb_scale': 5.159005318382005, 'gd_bubble_scale': 8.185676979002475, 'gd_line_scale': 8.498292774822282, 'gd_line_alpha': 0.4699606160386167, 'coalescence_d_scale': 0.4564969481102278, 'capture_scale': 6.016649359183136}. Best is trial 1126 with value: 1.7410514264406347.
[I 2026-05-02 20:47:22,249] Trial 1458 finished with value: 2.2900140776042237 and parameters: {'f_n': 4.101952117880238e-07, 'K_d': 678301.1209646288, 'rho_d': 11598526472412.46, 'fission_rate': 6.2155385751892025e+19, 'D2_xe_scale': 0.061799210511310584, 'Dg_D1_scale': 0.1501293616948869, 'Dg_D3_scale': 1.8606508522197172, 'Dv_D1_scale': 0.30883922947428705, 'Dv_D2_scale': 3.344574381212219, 'b_bulk_scale': 0.19077635763263961, 'b_dislocation_scale': 0.23902119956178006, 'gb_scale': 6.417775203238503, 'gd_bubble_scale': 9.177975257312092, 'gd_line_scale': 9.983662048607343, 'gd_line_alpha': 0.5558375311381287, 'coalescence_d_scale': 0.291411539496665, 'capture_scale': 6.44593147058584}. Best is trial 1126 with value: 1.7410514264406347.
[I 2026-05-02 20:47:25,293] Trial 1459 finished with value: 2.524258465869762 and parameters: {'f_n': 5.66359251855241e-07, 'K_d': 745244.939016691, 'rho_d': 10531444317433.098, 'fission_rate': 6.312389322360474e+19, 'D2_xe_scale': 0.07078476921815732, 'Dg_D1_scale': 0.17801963044219626, 'Dg_D3_scale': 2.6944607830548994, 'Dv_D1_scale': 0.2850055945976968, 'Dv_D2_scale': 0.26841608474790657, 'b_bulk_scale': 0.31209521864541, 'b_dislocation_scale': 0.16167083710066316, 'gb_scale': 7.313835194173637, 'gd_bubble_scale': 7.824082465977457, 'gd_line_scale': 7.233323402434197, 'gd_line_alpha': 0.5124727195376898, 'coalescence_d_scale': 0.3293056744786507, 'capture_scale': 0.01521396764778799}. Best is trial 1126 with value: 1.7410514264406347.
[I 2026-05-02 20:47:30,038] Trial 1460 finished with value: 1.8582323333533612 and parameters: {'f_n': 2.5193763632011786e-07, 'K_d': 908142.4763475691, 'rho_d': 11059448968159.346, 'fission_rate': 6.161896502438047e+19, 'D2_xe_scale': 0.08600934512537989, 'Dg_D1_scale': 0.1958192378925005, 'Dg_D3_scale': 2.5590945485466605, 'Dv_D1_scale': 0.2526285379936104, 'Dv_D2_scale': 3.7862838075093475, 'b_bulk_scale': 0.5598736128202882, 'b_dislocation_scale': 0.18391097838469905, 'gb_scale': 5.738700719096857, 'gd_bubble_scale': 7.123540213480455, 'gd_line_scale': 8.569441662159786, 'gd_line_alpha': 0.5835343743961099, 'coalescence_d_scale': 0.6158674064028642, 'capture_scale': 7.086967468531034}. Best is trial 1126 with value: 1.7410514264406347.
[I 2026-05-02 20:47:34,939] Trial 1461 finished with value: 1.8260114289690748 and parameters: {'f_n': 4.3180551997026417e-07, 'K_d': 839195.1145190538, 'rho_d': 9856155127060.527, 'fission_rate': 5.894989449019137e+19, 'D2_xe_scale': 0.048933786488571836, 'Dg_D1_scale': 0.1671073889315961, 'Dg_D3_scale': 2.869451737076615, 'Dv_D1_scale': 0.33486439403607515, 'Dv_D2_scale': 3.4995796995484065, 'b_bulk_scale': 0.21443333682796417, 'b_dislocation_scale': 0.14436610493601285, 'gb_scale': 5.01080551282934, 'gd_bubble_scale': 8.565603595364868, 'gd_line_scale': 6.557663950959506, 'gd_line_alpha': 0.616627586619179, 'coalescence_d_scale': 0.5312129788431541, 'capture_scale': 7.985032585060944}. Best is trial 1126 with value: 1.7410514264406347.
[I 2026-05-02 20:47:39,883] Trial 1462 finished with value: 2.014934789383396 and parameters: {'f_n': 6.875280498276439e-07, 'K_d': 784905.3606781486, 'rho_d': 11943626774111.262, 'fission_rate': 6.006334866523049e+19, 'D2_xe_scale': 0.07507791321421724, 'Dg_D1_scale': 0.24250927459184876, 'Dg_D3_scale': 3.1414058438032764, 'Dv_D1_scale': 0.2959050807956146, 'Dv_D2_scale': 3.06098522971445, 'b_bulk_scale': 0.4395781219243196, 'b_dislocation_scale': 0.11343848252012867, 'gb_scale': 6.766648345050057, 'gd_bubble_scale': 8.997964649359576, 'gd_line_scale': 7.707196572980355, 'gd_line_alpha': 0.45083941581357284, 'coalescence_d_scale': 0.41158884867554296, 'capture_scale': 5.239667604814303}. Best is trial 1126 with value: 1.7410514264406347.
[I 2026-05-02 20:47:44,682] Trial 1463 finished with value: 1.8650656576985394 and parameters: {'f_n': 3.409786937256737e-07, 'K_d': 719420.9453251151, 'rho_d': 10380936609672.11, 'fission_rate': 6.356538537469429e+19, 'D2_xe_scale': 0.05836904159320735, 'Dg_D1_scale': 0.17981092126894488, 'Dg_D3_scale': 2.3741133917010573, 'Dv_D1_scale': 0.2742066423494886, 'Dv_D2_scale': 3.9921990246279293, 'b_bulk_scale': 0.3817370755024331, 'b_dislocation_scale': 0.2132286455540825, 'gb_scale': 6.100694465323756, 'gd_bubble_scale': 7.774654307739195, 'gd_line_scale': 9.119130094980505, 'gd_line_alpha': 0.5264769578378694, 'coalescence_d_scale': 0.37362062012041697, 'capture_scale': 4.437291731317421}. Best is trial 1126 with value: 1.7410514264406347.
[I 2026-05-02 20:47:49,431] Trial 1464 finished with value: 1.906082911932093 and parameters: {'f_n': 8.9272796959379e-07, 'K_d': 577201.3440924201, 'rho_d': 11216715523737.662, 'fission_rate': 6.2680753136698245e+19, 'D2_xe_scale': 0.03996952879689375, 'Dg_D1_scale': 0.15979136817544953, 'Dg_D3_scale': 3.431655662354807, 'Dv_D1_scale': 0.316380526833144, 'Dv_D2_scale': 3.620472606317271, 'b_bulk_scale': 0.27927166447997887, 'b_dislocation_scale': 0.1285030719986372, 'gb_scale': 4.574523460619618, 'gd_bubble_scale': 9.98516869499837, 'gd_line_scale': 9.98772463377689, 'gd_line_alpha': 0.6452114227897997, 'coalescence_d_scale': 0.4745902465320787, 'capture_scale': 5.936388424090038}. Best is trial 1126 with value: 1.7410514264406347.
[I 2026-05-02 20:47:52,910] Trial 1465 finished with value: 3.920698875537853 and parameters: {'f_n': 5.818265527040553e-07, 'K_d': 656777.0464653056, 'rho_d': 11919774787413.602, 'fission_rate': 6.074834063657667e+19, 'D2_xe_scale': 0.12025596172333726, 'Dg_D1_scale': 0.2081999807970308, 'Dg_D3_scale': 0.5692568279789816, 'Dv_D1_scale': 0.2895940716422577, 'Dv_D2_scale': 3.778520154378053, 'b_bulk_scale': 0.3236292565985124, 'b_dislocation_scale': 1.3327228787780163, 'gb_scale': 5.373320134229735, 'gd_bubble_scale': 7.073248950600053, 'gd_line_scale': 7.738913211380926, 'gd_line_alpha': 0.48660364650173615, 'coalescence_d_scale': 0.34417621149263833, 'capture_scale': 7.135320639917312}. Best is trial 1126 with value: 1.7410514264406347.Best trial: 1126. Best value: 1.74105:  98%|█████████▊| 1465/1500 [1:55:04<02:44,  4.69s/it]Best trial: 1126. Best value: 1.74105:  98%|█████████▊| 1465/1500 [1:55:04<02:44,  4.69s/it]Best trial: 1126. Best value: 1.74105:  98%|█████████▊| 1466/1500 [1:55:04<02:27,  4.33s/it]                                                                                            Best trial: 1126. Best value: 1.74105:  98%|█████████▊| 1466/1500 [1:55:07<02:27,  4.33s/it]Best trial: 1126. Best value: 1.74105:  98%|█████████▊| 1466/1500 [1:55:07<02:27,  4.33s/it]Best trial: 1126. Best value: 1.74105:  98%|█████████▊| 1467/1500 [1:55:07<02:08,  3.91s/it]                                                                                            Best trial: 1126. Best value: 1.74105:  98%|█████████▊| 1467/1500 [1:55:12<02:08,  3.91s/it]Best trial: 1126. Best value: 1.74105:  98%|█████████▊| 1467/1500 [1:55:12<02:08,  3.91s/it]Best trial: 1126. Best value: 1.74105:  98%|█████████▊| 1468/1500 [1:55:12<02:12,  4.15s/it]                                                                                            Best trial: 1126. Best value: 1.74105:  98%|█████████▊| 1468/1500 [1:55:17<02:12,  4.15s/it]Best trial: 1126. Best value: 1.74105:  98%|█████████▊| 1468/1500 [1:55:17<02:12,  4.15s/it]Best trial: 1126. Best value: 1.74105:  98%|█████████▊| 1469/1500 [1:55:17<02:17,  4.44s/it]                                                                                            Best trial: 1126. Best value: 1.74105:  98%|█████████▊| 1469/1500 [1:55:21<02:17,  4.44s/it]Best trial: 1126. Best value: 1.74105:  98%|█████████▊| 1469/1500 [1:55:21<02:17,  4.44s/it]Best trial: 1126. Best value: 1.74105:  98%|█████████▊| 1470/1500 [1:55:21<02:14,  4.48s/it]                                                                                            Best trial: 1126. Best value: 1.74105:  98%|█████████▊| 1470/1500 [1:55:26<02:14,  4.48s/it]Best trial: 1126. Best value: 1.74105:  98%|█████████▊| 1470/1500 [1:55:26<02:14,  4.48s/it]Best trial: 1126. Best value: 1.74105:  98%|█████████▊| 1471/1500 [1:55:26<02:12,  4.57s/it]                                                                                            Best trial: 1126. Best value: 1.74105:  98%|█████████▊| 1471/1500 [1:55:31<02:12,  4.57s/it]Best trial: 1126. Best value: 1.74105:  98%|█████████▊| 1471/1500 [1:55:31<02:12,  4.57s/it]Best trial: 1126. Best value: 1.74105:  98%|█████████▊| 1472/1500 [1:55:31<02:10,  4.67s/it]                                                                                            Best trial: 1126. Best value: 1.74105:  98%|█████████▊| 1472/1500 [1:55:35<02:10,  4.67s/it]Best trial: 1126. Best value: 1.74105:  98%|█████████▊| 1472/1500 [1:55:35<02:10,  4.67s/it]Best trial: 1126. Best value: 1.74105:  98%|█████████▊| 1473/1500 [1:55:35<02:03,  4.56s/it]                                                                                            Best trial: 1126. Best value: 1.74105:  98%|█████████▊| 1473/1500 [1:55:38<02:03,  4.56s/it]Best trial: 1126. Best value: 1.74105:  98%|█████████▊| 1473/1500 [1:55:38<02:03,  4.56s/it]Best trial: 1126. Best value: 1.74105:  98%|█████████▊| 1474/1500 [1:55:38<01:46,  4.10s/it]                                                                                            Best trial: 1126. Best value: 1.74105:  98%|█████████▊| 1474/1500 [1:55:43<01:46,  4.10s/it]Best trial: 1126. Best value: 1.74105:  98%|█████████▊| 1474/1500 [1:55:43<01:46,  4.10s/it]Best trial: 1126. Best value: 1.74105:  98%|█████████▊| 1475/1500 [1:55:43<01:47,  4.30s/it]                                                                                            Best trial: 1126. Best value: 1.74105:  98%|█████████▊| 1475/1500 [1:55:48<01:47,  4.30s/it]Best trial: 1126. Best value: 1.74105:  98%|█████████▊| 1475/1500 [1:55:48<01:47,  4.30s/it]Best trial: 1126. Best value: 1.74105:  98%|█████████▊| 1476/1500 [1:55:48<01:46,  4.45s/it]                                                                                            
[I 2026-05-02 20:47:55,839] Trial 1466 finished with value: 1.7691566361069917 and parameters: {'f_n': 4.997035817017272e-07, 'K_d': 963163.9637422102, 'rho_d': 10783907363045.324, 'fission_rate': 6.453717044753209e+19, 'D2_xe_scale': 0.09377875136904139, 'Dg_D1_scale': 0.15011958964912733, 'Dg_D3_scale': 2.0784879601173776, 'Dv_D1_scale': 0.2635747011674809, 'Dv_D2_scale': 3.466706139889234, 'b_bulk_scale': 0.4120069544342895, 'b_dislocation_scale': 0.15628793208155697, 'gb_scale': 7.279455149450267, 'gd_bubble_scale': 9.963424734689825, 'gd_line_scale': 8.548526275571746, 'gd_line_alpha': 0.43173338128723704, 'coalescence_d_scale': 0.4128614897184023, 'capture_scale': 6.352258984252383}. Best is trial 1126 with value: 1.7410514264406347.
[I 2026-05-02 20:48:00,558] Trial 1467 finished with value: 1.9751057069009468 and parameters: {'f_n': 1.0830877671006303e-06, 'K_d': 508798.39836478204, 'rho_d': 9739481552973.182, 'fission_rate': 6.1884416911366816e+19, 'D2_xe_scale': 1.141326887620137, 'Dg_D1_scale': 2.7179930437534146, 'Dg_D3_scale': 2.7672894594467214, 'Dv_D1_scale': 0.30569594184970783, 'Dv_D2_scale': 3.761887282939998, 'b_bulk_scale': 0.7361943866474253, 'b_dislocation_scale': 0.17024092370283922, 'gb_scale': 4.0967788413982555, 'gd_bubble_scale': 8.393485708807466, 'gd_line_scale': 6.939834260563204, 'gd_line_alpha': 0.5746355769324281, 'coalescence_d_scale': 0.5110718935809022, 'capture_scale': 5.202807757378892}. Best is trial 1126 with value: 1.7410514264406347.
