[I 2026-05-02 19:13:36,799] Trial 240 finished with value: 2.0895287035931296 and parameters: {'f_n': 2.527058404612639e-06, 'K_d': 386802.68905917165, 'rho_d': 10605562191676.72, 'fission_rate': 4.5881206015647875e+19, 'D2_xe_scale': 30.60716918912486, 'Dg_D1_scale': 0.4858442373063024, 'Dg_D3_scale': 3.5020099920397487, 'Dv_D1_scale': 0.3724411314411001, 'Dv_D2_scale': 1.617102937030706, 'b_bulk_scale': 0.3825269491595739, 'b_dislocation_scale': 0.06574766114554284, 'gb_scale': 1.8186595684001616, 'gd_bubble_scale': 7.828201218096188, 'gd_line_scale': 2.6414029682800293, 'gd_line_alpha': 0.2570047742011583, 'coalescence_d_scale': 0.30293014557602915, 'capture_scale': 4.649571849794608}. Best is trial 116 with value: 1.868175213579544.
[I 2026-05-02 19:13:43,207] Trial 241 finished with value: 1.9212246095699441 and parameters: {'f_n': 2.8354962986377266e-06, 'K_d': 439272.21490369644, 'rho_d': 11182561308119.357, 'fission_rate': 4.309299131963264e+19, 'D2_xe_scale': 49.99466795574681, 'Dg_D1_scale': 0.5470947708814221, 'Dg_D3_scale': 3.738309412281974, 'Dv_D1_scale': 0.3373519163186237, 'Dv_D2_scale': 1.8860845947518126, 'b_bulk_scale': 0.3138006452385693, 'b_dislocation_scale': 0.0930856450355802, 'gb_scale': 1.7289775017062927, 'gd_bubble_scale': 8.418509945876544, 'gd_line_scale': 2.0604576121124984, 'gd_line_alpha': 0.27645624518640355, 'coalescence_d_scale': 0.3588442511709522, 'capture_scale': 6.0347804687791085}. Best is trial 116 with value: 1.868175213579544.
[I 2026-05-02 19:13:49,590] Trial 242 finished with value: 2.0478468197831794 and parameters: {'f_n': 2.795446173779171e-06, 'K_d': 442794.3957618889, 'rho_d': 11198423477392.521, 'fission_rate': 4.3476551096095736e+19, 'D2_xe_scale': 36.43545447828923, 'Dg_D1_scale': 0.5687821953640003, 'Dg_D3_scale': 0.5372130285926169, 'Dv_D1_scale': 0.3493308619760081, 'Dv_D2_scale': 1.707064820634656, 'b_bulk_scale': 0.2577020086005012, 'b_dislocation_scale': 0.08353967315080964, 'gb_scale': 2.0664649638156924, 'gd_bubble_scale': 8.844183049056301, 'gd_line_scale': 2.1100503715067407, 'gd_line_alpha': 0.2660877988199826, 'coalescence_d_scale': 0.3413434945173747, 'capture_scale': 6.586556025608228}. Best is trial 116 with value: 1.868175213579544.
[I 2026-05-02 19:13:55,722] Trial 243 finished with value: 1.9549370398735326 and parameters: {'f_n': 2.8668731420804264e-06, 'K_d': 414654.7325531322, 'rho_d': 11396355880756.29, 'fission_rate': 4.496686369803209e+19, 'D2_xe_scale': 41.60027418081022, 'Dg_D1_scale': 0.6166706354166148, 'Dg_D3_scale': 3.9995251693121663, 'Dv_D1_scale': 0.3224832671902964, 'Dv_D2_scale': 1.4714127192237545, 'b_bulk_scale': 0.3095539890676623, 'b_dislocation_scale': 0.09513215234237098, 'gb_scale': 1.7731180470766794, 'gd_bubble_scale': 6.858341244406577, 'gd_line_scale': 2.322395812803465, 'gd_line_alpha': 0.2302953574392338, 'coalescence_d_scale': 0.24833073775261605, 'capture_scale': 5.58633371271992}. Best is trial 116 with value: 1.868175213579544.
[I 2026-05-02 19:14:00,569] Trial 244 finished with value: 1.9299058137554608 and parameters: {'f_n': 2.1871467410846163e-06, 'K_d': 429423.9588125574, 'rho_d': 12711813355607.693, 'fission_rate': 4.3128394195744145e+19, 'D2_xe_scale': 23.431141611904618, 'Dg_D1_scale': 0.5263841132832788, 'Dg_D3_scale': 3.7366524709621336, 'Dv_D1_scale': 0.30516553294962595, 'Dv_D2_scale': 2.032538306771493, 'b_bulk_scale': 0.30779513197072883, 'b_dislocation_scale': 0.07306999629255284, 'gb_scale': 3.409824321566738, 'gd_bubble_scale': 7.722252830239463, 'gd_line_scale': 2.6633762528257963, 'gd_line_alpha': 0.3033350001458736, 'coalescence_d_scale': 0.37972946503650035, 'capture_scale': 0.3815021014821446}. Best is trial 116 with value: 1.868175213579544.Best trial: 116. Best value: 1.86818:  16%|█▋        | 244/1500 [21:12<2:08:47,  6.15s/it]Best trial: 116. Best value: 1.86818:  16%|█▋        | 244/1500 [21:12<2:08:47,  6.15s/it]Best trial: 116. Best value: 1.86818:  16%|█▋        | 245/1500 [21:12<2:00:30,  5.76s/it]                                                                                          Best trial: 116. Best value: 1.86818:  16%|█▋        | 245/1500 [21:18<2:00:30,  5.76s/it]Best trial: 116. Best value: 1.86818:  16%|█▋        | 245/1500 [21:18<2:00:30,  5.76s/it]Best trial: 116. Best value: 1.86818:  16%|█▋        | 246/1500 [21:18<2:03:41,  5.92s/it]                                                                                          Best trial: 116. Best value: 1.86818:  16%|█▋        | 246/1500 [21:24<2:03:41,  5.92s/it]Best trial: 116. Best value: 1.86818:  16%|█▋        | 246/1500 [21:24<2:03:41,  5.92s/it]Best trial: 116. Best value: 1.86818:  16%|█▋        | 247/1500 [21:24<2:06:51,  6.07s/it]                                                                                          Best trial: 116. Best value: 1.86818:  16%|█▋        | 247/1500 [21:31<2:06:51,  6.07s/it]Best trial: 116. Best value: 1.86818:  16%|█▋        | 247/1500 [21:31<2:06:51,  6.07s/it]Best trial: 116. Best value: 1.86818:  17%|█▋        | 248/1500 [21:31<2:07:45,  6.12s/it]                                                                                          Best trial: 116. Best value: 1.86818:  17%|█▋        | 248/1500 [21:37<2:07:45,  6.12s/it]Best trial: 116. Best value: 1.86818:  17%|█▋        | 248/1500 [21:37<2:07:45,  6.12s/it]Best trial: 116. Best value: 1.86818:  17%|█▋        | 249/1500 [21:37<2:11:15,  6.30s/it]                                                                                          Best trial: 116. Best value: 1.86818:  17%|█▋        | 249/1500 [21:42<2:11:15,  6.30s/it]Best trial: 116. Best value: 1.86818:  17%|█▋        | 249/1500 [21:42<2:11:15,  6.30s/it]Best trial: 116. Best value: 1.86818:  17%|█▋        | 250/1500 [21:42<2:01:36,  5.84s/it]                                                                                          Best trial: 116. Best value: 1.86818:  17%|█▋        | 250/1500 [21:48<2:01:36,  5.84s/it]Best trial: 116. Best value: 1.86818:  17%|█▋        | 250/1500 [21:48<2:01:36,  5.84s/it]Best trial: 116. Best value: 1.86818:  17%|█▋        | 251/1500 [21:48<2:01:46,  5.85s/it]                                                                                          Best trial: 116. Best value: 1.86818:  17%|█▋        | 251/1500 [21:54<2:01:46,  5.85s/it]Best trial: 116. Best value: 1.86818:  17%|█▋        | 251/1500 [21:54<2:01:46,  5.85s/it]Best trial: 116. Best value: 1.86818:  17%|█▋        | 252/1500 [21:54<2:04:36,  5.99s/it]                                                                                          Best trial: 116. Best value: 1.86818:  17%|█▋        | 252/1500 [22:01<2:04:36,  5.99s/it]Best trial: 116. Best value: 1.86818:  17%|█▋        | 252/1500 [22:01<2:04:36,  5.99s/it]Best trial: 116. Best value: 1.86818:  17%|█▋        | 253/1500 [22:01<2:08:05,  6.16s/it]                                                                                          Best trial: 116. Best value: 1.86818:  17%|█▋        | 253/1500 [22:08<2:08:05,  6.16s/it]Best trial: 116. Best value: 1.86818:  17%|█▋        | 253/1500 [22:08<2:08:05,  6.16s/it]Best trial: 116. Best value: 1.86818:  17%|█▋        | 254/1500 [22:08<2:12:16,  6.37s/it]                                                                                          Best trial: 116. Best value: 1.86818:  17%|█▋        | 254/1500 [22:11<2:12:16,  6.37s/it]Best trial: 116. Best value: 1.86818:  17%|█▋        | 254/1500 [22:11<2:12:16,  6.37s/it]Best trial: 116. Best value: 1.86818:  17%|█▋        | 255/1500 [22:11<1:50:51,  5.34s/it]                                                                                          
[I 2026-05-02 19:14:06,855] Trial 245 finished with value: 2.0971260440771595 and parameters: {'f_n': 1.9826214862624075e-06, 'K_d': 409200.4117244761, 'rho_d': 12772932075619.348, 'fission_rate': 4.37821362882464e+19, 'D2_xe_scale': 22.44320395105486, 'Dg_D1_scale': 0.5146833152996511, 'Dg_D3_scale': 3.6124479218870715, 'Dv_D1_scale': 0.30184278282588267, 'Dv_D2_scale': 2.0804537153493916, 'b_bulk_scale': 0.3096891687869772, 'b_dislocation_scale': 0.07587321937672813, 'gb_scale': 4.204175471449651, 'gd_bubble_scale': 8.549118220589962, 'gd_line_scale': 2.0194444833635745, 'gd_line_alpha': 0.3370126687122242, 'coalescence_d_scale': 0.373959165930166, 'capture_scale': 0.48368208293906706}. Best is trial 116 with value: 1.868175213579544.
[I 2026-05-02 19:14:13,297] Trial 246 finished with value: 2.1282232301979396 and parameters: {'f_n': 2.235660591895667e-06, 'K_d': 439505.6736811092, 'rho_d': 12395719499859.775, 'fission_rate': 4.312578892956462e+19, 'D2_xe_scale': 28.86065210274913, 'Dg_D1_scale': 0.45041337799468584, 'Dg_D3_scale': 3.7303512453558696, 'Dv_D1_scale': 0.3195048973995141, 'Dv_D2_scale': 1.3680350297917654, 'b_bulk_scale': 0.321743490337047, 'b_dislocation_scale': 0.08506878886010709, 'gb_scale': 3.5876153131500916, 'gd_bubble_scale': 8.020961575207215, 'gd_line_scale': 2.4122917564902795, 'gd_line_alpha': 0.3085976831236638, 'coalescence_d_scale': 0.40727594085185564, 'capture_scale': 0.12576547835145258}. Best is trial 116 with value: 1.868175213579544.
[I 2026-05-02 19:14:19,530] Trial 247 finished with value: 1.9437177866502808 and parameters: {'f_n': 2.117354093178624e-06, 'K_d': 369181.99404156196, 'rho_d': 10654152785587.857, 'fission_rate': 4.4741582065236435e+19, 'D2_xe_scale': 22.985978267148045, 'Dg_D1_scale': 0.5430672274021916, 'Dg_D3_scale': 3.408302031900132, 'Dv_D1_scale': 0.29295231906268715, 'Dv_D2_scale': 2.041781121389177, 'b_bulk_scale': 0.30100528596475024, 'b_dislocation_scale': 0.0716252533281329, 'gb_scale': 3.35275975640891, 'gd_bubble_scale': 9.184277257358398, 'gd_line_scale': 2.954576372797367, 'gd_line_alpha': 0.3008450016074313, 'coalescence_d_scale': 0.4404893396084963, 'capture_scale': 4.868066470478896}. Best is trial 116 with value: 1.868175213579544.
[I 2026-05-02 19:14:26,229] Trial 248 finished with value: 2.008468582014862 and parameters: {'f_n': 1.7602240359424575e-06, 'K_d': 492157.8627676168, 'rho_d': 10045569800777.398, 'fission_rate': 4.148193448702438e+19, 'D2_xe_scale': 32.2257771204029, 'Dg_D1_scale': 0.4977023434662836, 'Dg_D3_scale': 3.707579730635022, 'Dv_D1_scale': 0.3126858053033822, 'Dv_D2_scale': 1.9098355273864902, 'b_bulk_scale': 0.4074883516639874, 'b_dislocation_scale': 0.10288614870071917, 'gb_scale': 5.163952186405373, 'gd_bubble_scale': 6.32449656071617, 'gd_line_scale': 3.6764548544408506, 'gd_line_alpha': 0.32236995750479075, 'coalescence_d_scale': 0.2933975980377768, 'capture_scale': 6.8649962468788175}. Best is trial 116 with value: 1.868175213579544.
[I 2026-05-02 19:14:30,996] Trial 249 finished with value: 2.2512972565551834 and parameters: {'f_n': 2.9757599306635703e-06, 'K_d': 426298.99185130344, 'rho_d': 11572574284313.06, 'fission_rate': 4.317095071685529e+19, 'D2_xe_scale': 26.129560634073822, 'Dg_D1_scale': 0.5560379799960347, 'Dg_D3_scale': 3.1840489955799685, 'Dv_D1_scale': 0.3540526513052691, 'Dv_D2_scale': 1.5596060066800648, 'b_bulk_scale': 0.22478547859706854, 'b_dislocation_scale': 0.09112381931729657, 'gb_scale': 3.7359373363400117, 'gd_bubble_scale': 1.6223790858320508, 'gd_line_scale': 4.9858937860103785, 'gd_line_alpha': 0.2842516181962375, 'coalescence_d_scale': 0.370391523601426, 'capture_scale': 0.2878985890982139}. Best is trial 116 with value: 1.868175213579544.
[I 2026-05-02 19:14:36,875] Trial 250 finished with value: 3.6578020562464384 and parameters: {'f_n': 3.2572446981681887e-09, 'K_d': 456769.132329912, 'rho_d': 12155210118058.326, 'fission_rate': 4.720364659032148e+19, 'D2_xe_scale': 33.672400394453575, 'Dg_D1_scale': 0.6774018373063218, 'Dg_D3_scale': 3.4966348393985456, 'Dv_D1_scale': 0.33672691327083076, 'Dv_D2_scale': 1.2205327367348566, 'b_bulk_scale': 0.3333041182282259, 'b_dislocation_scale': 0.08172980717113507, 'gb_scale': 2.326535228274074, 'gd_bubble_scale': 7.385197416409355, 'gd_line_scale': 3.1802658129565544, 'gd_line_alpha': 0.2498764715557247, 'coalescence_d_scale': 0.4757333525884244, 'capture_scale': 0.38468979873211356}. Best is trial 116 with value: 1.868175213579544.
[I 2026-05-02 19:14:43,196] Trial 251 finished with value: 1.9395905522237231 and parameters: {'f_n': 2.3524295256954017e-06, 'K_d': 399783.9969473047, 'rho_d': 13013896697287.186, 'fission_rate': 4.4136065803699085e+19, 'D2_xe_scale': 23.452327777395755, 'Dg_D1_scale': 0.4843369322291877, 'Dg_D3_scale': 3.7818568040608143, 'Dv_D1_scale': 0.30216143841238186, 'Dv_D2_scale': 1.3328505657711938, 'b_bulk_scale': 0.24308136082614243, 'b_dislocation_scale': 0.07046912734533566, 'gb_scale': 3.0378557596395708, 'gd_bubble_scale': 6.8829351246078865, 'gd_line_scale': 2.568085251527346, 'gd_line_alpha': 0.2814083447134244, 'coalescence_d_scale': 0.34629077960666105, 'capture_scale': 5.118714640621361}. Best is trial 116 with value: 1.868175213579544.
[I 2026-05-02 19:14:49,762] Trial 252 finished with value: 1.9372913777114251 and parameters: {'f_n': 1.644603404872274e-06, 'K_d': 428568.65746751253, 'rho_d': 10982820678055.482, 'fission_rate': 4.217172494652996e+19, 'D2_xe_scale': 36.74916421095321, 'Dg_D1_scale': 0.5254262487803513, 'Dg_D3_scale': 3.436223482934503, 'Dv_D1_scale': 0.28058112647845773, 'Dv_D2_scale': 1.6536251905756594, 'b_bulk_scale': 0.279859599256085, 'b_dislocation_scale': 0.11129659987524688, 'gb_scale': 3.928982639311707, 'gd_bubble_scale': 8.229901960975063, 'gd_line_scale': 4.751676929002016, 'gd_line_alpha': 0.3403879463068574, 'coalescence_d_scale': 0.4022634217158306, 'capture_scale': 4.3480462268569555}. Best is trial 116 with value: 1.868175213579544.
[I 2026-05-02 19:14:56,611] Trial 253 finished with value: 2.119314982235389 and parameters: {'f_n': 2.2615621401238277e-06, 'K_d': 477538.29198862915, 'rho_d': 10278151713950.346, 'fission_rate': 4.005734806380466e+19, 'D2_xe_scale': 20.300142592849166, 'Dg_D1_scale': 0.6443696633479091, 'Dg_D3_scale': 1.0908435824645661, 'Dv_D1_scale': 0.325351466607935, 'Dv_D2_scale': 1.8714724187130416, 'b_bulk_scale': 0.40857603762793787, 'b_dislocation_scale': 0.07592991734057551, 'gb_scale': 1.6599014517006847, 'gd_bubble_scale': 9.327302012842935, 'gd_line_scale': 1.8311626485031658, 'gd_line_alpha': 0.30334120236434436, 'coalescence_d_scale': 0.2237658683772551, 'capture_scale': 6.936247368151004}. Best is trial 116 with value: 1.868175213579544.
[I 2026-05-02 19:14:59,527] Trial 254 finished with value: 3.8548097331228677 and parameters: {'f_n': 1.751359038450722e-06, 'K_d': 438317.84093263355, 'rho_d': 11438523123178.734, 'fission_rate': 4.0674740794692305e+19, 'D2_xe_scale': 29.82256405611067, 'Dg_D1_scale': 0.5877382460682463, 'Dg_D3_scale': 3.1864318214091827, 'Dv_D1_scale': 0.3058992210120457, 'Dv_D2_scale': 2.046319808815166, 'b_bulk_scale': 0.2816782407866123, 'b_dislocation_scale': 0.6385960467430172, 'gb_scale': 2.4901572778292693, 'gd_bubble_scale': 6.0329567207679755, 'gd_line_scale': 2.2767657417015643, 'gd_line_alpha': 0.3592470439074595, 'coalescence_d_scale': 0.30890803517017773, 'capture_scale': 1.130206935565182}. Best is trial 116 with value: 1.868175213579544.
[I 2026-05-02 19:15:06,108] Trial 255 finished with value: 3.4557848939911597 and parameters: {'f_n': 8.893647543913845e-07, 'K_d': 760572.8446673141, 'rho_d': 13918961378696.96, 'fission_rate': 4.283798919945507e+19, 'D2_xe_scale': 16.52557138221528, 'Dg_D1_scale': 0.46298469419371696, 'Dg_D3_scale': 3.7619758339773055, 'Dv_D1_scale': 0.34291381047827035, 'Dv_D2_scale': 1.4420792130646467, 'b_bulk_scale': 0.3482193761499437, 'b_dislocation_scale': 0.09548090207900446, 'gb_scale': 2.889156675748273, 'gd_bubble_scale': 7.778832002522691, 'gd_line_scale': 2.8040217750592076, 'gd_line_alpha': 0.24241439432247658, 'coalescence_d_scale': 5.364851638611592, 'capture_scale': 5.869204197301549}. Best is trial 116 with value: 1.868175213579544.Best trial: 116. Best value: 1.86818:  17%|█▋        | 255/1500 [22:17<1:50:51,  5.34s/it]Best trial: 116. Best value: 1.86818:  17%|█▋        | 255/1500 [22:17<1:50:51,  5.34s/it]Best trial: 116. Best value: 1.86818:  17%|█▋        | 256/1500 [22:17<1:58:16,  5.70s/it]                                                                                          Best trial: 116. Best value: 1.86818:  17%|█▋        | 256/1500 [22:23<1:58:16,  5.70s/it]Best trial: 116. Best value: 1.86818:  17%|█▋        | 256/1500 [22:23<1:58:16,  5.70s/it]Best trial: 116. Best value: 1.86818:  17%|█▋        | 257/1500 [22:23<2:00:37,  5.82s/it]                                                                                          Best trial: 116. Best value: 1.86818:  17%|█▋        | 257/1500 [22:30<2:00:37,  5.82s/it]Best trial: 116. Best value: 1.86818:  17%|█▋        | 257/1500 [22:30<2:00:37,  5.82s/it]Best trial: 116. Best value: 1.86818:  17%|█▋        | 258/1500 [22:30<2:05:45,  6.08s/it]                                                                                          Best trial: 116. Best value: 1.86818:  17%|█▋        | 258/1500 [22:36<2:05:45,  6.08s/it]Best trial: 116. Best value: 1.86818:  17%|█▋        | 258/1500 [22:36<2:05:45,  6.08s/it]Best trial: 116. Best value: 1.86818:  17%|█▋        | 259/1500 [22:36<2:07:35,  6.17s/it]                                                                                          Best trial: 116. Best value: 1.86818:  17%|█▋        | 259/1500 [22:41<2:07:35,  6.17s/it]Best trial: 116. Best value: 1.86818:  17%|█▋        | 259/1500 [22:41<2:07:35,  6.17s/it]Best trial: 116. Best value: 1.86818:  17%|█▋        | 260/1500 [22:41<1:57:58,  5.71s/it]                                                                                          Best trial: 116. Best value: 1.86818:  17%|█▋        | 260/1500 [22:45<1:57:58,  5.71s/it]Best trial: 116. Best value: 1.86818:  17%|█▋        | 260/1500 [22:45<1:57:58,  5.71s/it]Best trial: 116. Best value: 1.86818:  17%|█▋        | 261/1500 [22:45<1:47:35,  5.21s/it]                                                                                          Best trial: 116. Best value: 1.86818:  17%|█▋        | 261/1500 [22:51<1:47:35,  5.21s/it]Best trial: 116. Best value: 1.86818:  17%|█▋        | 261/1500 [22:51<1:47:35,  5.21s/it]Best trial: 116. Best value: 1.86818:  17%|█▋        | 262/1500 [22:51<1:53:13,  5.49s/it]                                                                                          Best trial: 116. Best value: 1.86818:  17%|█▋        | 262/1500 [22:57<1:53:13,  5.49s/it]Best trial: 116. Best value: 1.86818:  17%|█▋        | 262/1500 [22:57<1:53:13,  5.49s/it]Best trial: 116. Best value: 1.86818:  18%|█▊        | 263/1500 [22:57<1:57:36,  5.70s/it]                                                                                          Best trial: 116. Best value: 1.86818:  18%|█▊        | 263/1500 [23:04<1:57:36,  5.70s/it]Best trial: 116. Best value: 1.86818:  18%|█▊        | 263/1500 [23:04<1:57:36,  5.70s/it]Best trial: 116. Best value: 1.86818:  18%|█▊        | 264/1500 [23:04<2:01:06,  5.88s/it]                                                                                          Best trial: 116. Best value: 1.86818:  18%|█▊        | 264/1500 [23:08<2:01:06,  5.88s/it]Best trial: 116. Best value: 1.86818:  18%|█▊        | 264/1500 [23:08<2:01:06,  5.88s/it]Best trial: 116. Best value: 1.86818:  18%|█▊        | 265/1500 [23:08<1:49:21,  5.31s/it]                                                                                          Best trial: 116. Best value: 1.86818:  18%|█▊        | 265/1500 [23:12<1:49:21,  5.31s/it]Best trial: 116. Best value: 1.86818:  18%|█▊        | 265/1500 [23:12<1:49:21,  5.31s/it]Best trial: 116. Best value: 1.86818:  18%|█▊        | 266/1500 [23:12<1:43:45,  5.05s/it]                                                                                          
[I 2026-05-02 19:15:12,200] Trial 256 finished with value: 1.984386515161561 and parameters: {'f_n': 2.9894792574150745e-06, 'K_d': 509241.87965608324, 'rho_d': 11937680592443.738, 'fission_rate': 4.610794054039277e+19, 'D2_xe_scale': 42.701074913732754, 'Dg_D1_scale': 0.546203540754826, 'Dg_D3_scale': 3.57422276325474, 'Dv_D1_scale': 0.2848329361038933, 'Dv_D2_scale': 1.5597431962287085, 'b_bulk_scale': 0.2355298185294062, 'b_dislocation_scale': 0.08738466314895847, 'gb_scale': 3.3898960530653635, 'gd_bubble_scale': 6.9864403067178396, 'gd_line_scale': 3.550086523372935, 'gd_line_alpha': 0.3202927547773877, 'coalescence_d_scale': 0.2551053019482646, 'capture_scale': 3.7579588060127027}. Best is trial 116 with value: 1.868175213579544.
[I 2026-05-02 19:15:18,866] Trial 257 finished with value: 3.555580484868654 and parameters: {'f_n': 1.5330089219295473e-06, 'K_d': 100665.44463665078, 'rho_d': 9926439497242.99, 'fission_rate': 4.140606794211819e+19, 'D2_xe_scale': 27.11927973615683, 'Dg_D1_scale': 0.49621701084039455, 'Dg_D3_scale': 3.986914572399878, 'Dv_D1_scale': 0.321502056592626, 'Dv_D2_scale': 1.9049068449868458, 'b_bulk_scale': 0.29896217604634306, 'b_dislocation_scale': 0.0663074536526859, 'gb_scale': 1.6734121712901595, 'gd_bubble_scale': 8.7839923165702, 'gd_line_scale': 5.532070882720895, 'gd_line_alpha': 0.2679408306881084, 'coalescence_d_scale': 2.5896928309336653, 'capture_scale': 0.08797255513987981}. Best is trial 116 with value: 1.868175213579544.
