[I 2026-05-02 19:04:20,500] Trial 148 finished with value: 2.266110423367071 and parameters: {'f_n': 2.9631508964800236e-07, 'K_d': 1079998.5734125394, 'rho_d': 10528724667558.658, 'fission_rate': 6.401559449586126e+19, 'D2_xe_scale': 3.1308010736023437, 'Dg_D1_scale': 0.4547181667730764, 'Dg_D3_scale': 3.0246640663026727, 'Dv_D1_scale': 0.21384742899464962, 'Dv_D2_scale': 1.4123413261057995, 'b_bulk_scale': 0.03718063847146517, 'b_dislocation_scale': 0.08362492895979837, 'gb_scale': 1.6019048941118665, 'gd_bubble_scale': 8.191396586371443, 'gd_line_scale': 0.9693454537632047, 'gd_line_alpha': 0.6410160374784059, 'coalescence_d_scale': 0.18249411358587198, 'capture_scale': 4.708235801934579}. Best is trial 116 with value: 1.868175213579544.
[I 2026-05-02 19:04:25,585] Trial 149 finished with value: 2.168403273047269 and parameters: {'f_n': 8.270178275056872e-07, 'K_d': 1147263.1219979965, 'rho_d': 11438131732801.057, 'fission_rate': 5.852688209181169e+19, 'D2_xe_scale': 12.275255846001732, 'Dg_D1_scale': 0.2859168566221595, 'Dg_D3_scale': 2.6341380192817128, 'Dv_D1_scale': 0.27805095025893894, 'Dv_D2_scale': 3.0953377692004254, 'b_bulk_scale': 0.043735372153675164, 'b_dislocation_scale': 0.040154663717303585, 'gb_scale': 1.007390537163295, 'gd_bubble_scale': 6.630025399217215, 'gd_line_scale': 0.24177315820943812, 'gd_line_alpha': 0.2866986954006102, 'coalescence_d_scale': 0.217497471135547, 'capture_scale': 3.8271163947267355}. Best is trial 116 with value: 1.868175213579544.
[I 2026-05-02 19:04:30,305] Trial 150 finished with value: 3.5649838829787606 and parameters: {'f_n': 3.6143003104369195e-07, 'K_d': 1243194.5564471972, 'rho_d': 15951300704780.293, 'fission_rate': 6.215689417758199e+19, 'D2_xe_scale': 21.51741648101757, 'Dg_D1_scale': 0.36729674320279326, 'Dg_D3_scale': 2.317263553220799, 'Dv_D1_scale': 0.307514514462721, 'Dv_D2_scale': 2.3893513692584456, 'b_bulk_scale': 0.06538138218081167, 'b_dislocation_scale': 0.03483995733269282, 'gb_scale': 0.7242451421453059, 'gd_bubble_scale': 9.973090460110456, 'gd_line_scale': 0.3258322512037261, 'gd_line_alpha': 0.2135799010161057, 'coalescence_d_scale': 0.11429279032943485, 'capture_scale': 0.04168059962472087}. Best is trial 116 with value: 1.868175213579544.
[I 2026-05-02 19:04:35,367] Trial 151 finished with value: 2.0030056715795 and parameters: {'f_n': 4.3918315836632593e-07, 'K_d': 993524.8350417928, 'rho_d': 13042982242040.799, 'fission_rate': 5.579795736865259e+19, 'D2_xe_scale': 29.1293048360059, 'Dg_D1_scale': 0.33291846669112146, 'Dg_D3_scale': 3.7033474438865563, 'Dv_D1_scale': 0.24546621521697767, 'Dv_D2_scale': 2.616752533530605, 'b_bulk_scale': 0.051361683085873154, 'b_dislocation_scale': 0.04821342898627312, 'gb_scale': 0.8484669417890428, 'gd_bubble_scale': 5.912544425353289, 'gd_line_scale': 0.5833806154947497, 'gd_line_alpha': 0.3288161445766834, 'coalescence_d_scale': 0.1418086560615539, 'capture_scale': 6.805490616327589}. Best is trial 116 with value: 1.868175213579544.
[I 2026-05-02 19:04:40,198] Trial 152 finished with value: 3.27434931138397 and parameters: {'f_n': 5.826317260092055e-07, 'K_d': 955442.4162506261, 'rho_d': 12996345730750.152, 'fission_rate': 5.576718708743027e+19, 'D2_xe_scale': 8.006258535959217, 'Dg_D1_scale': 0.3320553193921759, 'Dg_D3_scale': 3.5762447856901987, 'Dv_D1_scale': 0.2380718196573638, 'Dv_D2_scale': 2.683143786079411, 'b_bulk_scale': 0.052964696545170005, 'b_dislocation_scale': 0.04921657523744362, 'gb_scale': 1.154321427461364, 'gd_bubble_scale': 0.9029056336188066, 'gd_line_scale': 0.6922297331639544, 'gd_line_alpha': 0.3047722228812504, 'coalescence_d_scale': 0.14508862830323288, 'capture_scale': 6.839048119167067}. Best is trial 116 with value: 1.868175213579544.
[I 2026-05-02 19:04:45,202] Trial 153 finished with value: 2.221605961019037 and parameters: {'f_n': 2.1286988894877737e-07, 'K_d': 1025725.985086998, 'rho_d': 14671551904092.428, 'fission_rate': 5.6403564843044585e+19, 'D2_xe_scale': 32.72744739016267, 'Dg_D1_scale': 0.3045074042693046, 'Dg_D3_scale': 3.7244009386290426, 'Dv_D1_scale': 0.25455327775620495, 'Dv_D2_scale': 2.231546095548436, 'b_bulk_scale': 0.05888678761356281, 'b_dislocation_scale': 0.05749749420717316, 'gb_scale': 0.8666743403814077, 'gd_bubble_scale': 5.9797562266142394, 'gd_line_scale': 0.437823581355207, 'gd_line_alpha': 0.3259833515363657, 'coalescence_d_scale': 0.10004619642159124, 'capture_scale': 6.012463359185299}. Best is trial 116 with value: 1.868175213579544.
[I 2026-05-02 19:04:48,751] Trial 154 finished with value: 3.8829854227003424 and parameters: {'f_n': 4.5833247502392305e-07, 'K_d': 1107916.5255192353, 'rho_d': 12393895966201.037, 'fission_rate': 5.437685241501007e+19, 'D2_xe_scale': 24.775945788955173, 'Dg_D1_scale': 0.26633476180004295, 'Dg_D3_scale': 3.2275568176767027, 'Dv_D1_scale': 0.22738423234423094, 'Dv_D2_scale': 3.431311561242274, 'b_bulk_scale': 0.08685129405843656, 'b_dislocation_scale': 0.04538489274393152, 'gb_scale': 0.06310838710953363, 'gd_bubble_scale': 5.284440055590098, 'gd_line_scale': 0.6258010370072997, 'gd_line_alpha': 0.26838719511738574, 'coalescence_d_scale': 0.1621353051485437, 'capture_scale': 5.178899165317955}. Best is trial 116 with value: 1.868175213579544.
[I 2026-05-02 19:04:53,656] Trial 155 finished with value: 2.573379565484577 and parameters: {'f_n': 5.355820366807326e-08, 'K_d': 1076417.6480969877, 'rho_d': 13783027106657.451, 'fission_rate': 5.782773228398913e+19, 'D2_xe_scale': 0.37533591759450147, 'Dg_D1_scale': 0.23019060620425053, 'Dg_D3_scale': 2.131676958490524, 'Dv_D1_scale': 0.24815234892500224, 'Dv_D2_scale': 2.450055017366379, 'b_bulk_scale': 0.034229879993514394, 'b_dislocation_scale': 0.05136254941942102, 'gb_scale': 1.0612063522689201, 'gd_bubble_scale': 7.357095646141541, 'gd_line_scale': 0.5339784070299185, 'gd_line_alpha': 0.34719471481149944, 'coalescence_d_scale': 0.189571464308115, 'capture_scale': 4.432739787609685}. Best is trial 116 with value: 1.868175213579544.
[I 2026-05-02 19:04:59,991] Trial 156 finished with value: 1.9442955984677006 and parameters: {'f_n': 6.681081911651225e-07, 'K_d': 867831.8092635304, 'rho_d': 9941066160089.566, 'fission_rate': 4.347209453985458e+19, 'D2_xe_scale': 9.428127809791487, 'Dg_D1_scale': 0.37701659556518974, 'Dg_D3_scale': 3.5104069755611547, 'Dv_D1_scale': 0.3464956073884798, 'Dv_D2_scale': 2.8395650587748484, 'b_bulk_scale': 0.04813771241531364, 'b_dislocation_scale': 0.06947168049570385, 'gb_scale': 1.407159157724645, 'gd_bubble_scale': 8.494709991996128, 'gd_line_scale': 1.0898431574912495, 'gd_line_alpha': 0.29434120511472733, 'coalescence_d_scale': 0.13850660861818687, 'capture_scale': 7.138486661386201}. Best is trial 116 with value: 1.868175213579544.Best trial: 116. Best value: 1.86818:  10%|█         | 156/1500 [12:11<1:43:10,  4.61s/it]Best trial: 116. Best value: 1.86818:  10%|█         | 156/1500 [12:11<1:43:10,  4.61s/it]Best trial: 116. Best value: 1.86818:  10%|█         | 157/1500 [12:11<1:54:42,  5.12s/it]                                                                                          Best trial: 116. Best value: 1.86818:  10%|█         | 157/1500 [12:17<1:54:42,  5.12s/it]Best trial: 116. Best value: 1.86818:  10%|█         | 157/1500 [12:17<1:54:42,  5.12s/it]Best trial: 116. Best value: 1.86818:  11%|█         | 158/1500 [12:17<2:02:45,  5.49s/it]                                                                                          Best trial: 116. Best value: 1.86818:  11%|█         | 158/1500 [12:24<2:02:45,  5.49s/it]Best trial: 116. Best value: 1.86818:  11%|█         | 158/1500 [12:24<2:02:45,  5.49s/it]Best trial: 116. Best value: 1.86818:  11%|█         | 159/1500 [12:24<2:10:09,  5.82s/it]                                                                                          Best trial: 116. Best value: 1.86818:  11%|█         | 159/1500 [12:29<2:10:09,  5.82s/it]Best trial: 116. Best value: 1.86818:  11%|█         | 159/1500 [12:29<2:10:09,  5.82s/it]Best trial: 116. Best value: 1.86818:  11%|█         | 160/1500 [12:29<2:04:24,  5.57s/it]                                                                                          Best trial: 116. Best value: 1.86818:  11%|█         | 160/1500 [12:36<2:04:24,  5.57s/it]Best trial: 116. Best value: 1.86818:  11%|█         | 160/1500 [12:36<2:04:24,  5.57s/it]Best trial: 116. Best value: 1.86818:  11%|█         | 161/1500 [12:36<2:11:11,  5.88s/it]                                                                                          Best trial: 116. Best value: 1.86818:  11%|█         | 161/1500 [12:42<2:11:11,  5.88s/it]Best trial: 116. Best value: 1.86818:  11%|█         | 161/1500 [12:42<2:11:11,  5.88s/it]Best trial: 116. Best value: 1.86818:  11%|█         | 162/1500 [12:42<2:16:38,  6.13s/it]                                                                                          Best trial: 116. Best value: 1.86818:  11%|█         | 162/1500 [12:49<2:16:38,  6.13s/it]Best trial: 116. Best value: 1.86818:  11%|█         | 162/1500 [12:49<2:16:38,  6.13s/it]Best trial: 116. Best value: 1.86818:  11%|█         | 163/1500 [12:49<2:20:55,  6.32s/it]                                                                                          Best trial: 116. Best value: 1.86818:  11%|█         | 163/1500 [12:56<2:20:55,  6.32s/it]Best trial: 116. Best value: 1.86818:  11%|█         | 163/1500 [12:56<2:20:55,  6.32s/it]Best trial: 116. Best value: 1.86818:  11%|█         | 164/1500 [12:56<2:24:20,  6.48s/it]                                                                                          Best trial: 116. Best value: 1.86818:  11%|█         | 164/1500 [13:01<2:24:20,  6.48s/it]Best trial: 116. Best value: 1.86818:  11%|█         | 164/1500 [13:01<2:24:20,  6.48s/it]Best trial: 116. Best value: 1.86818:  11%|█         | 165/1500 [13:01<2:15:45,  6.10s/it]                                                                                          Best trial: 116. Best value: 1.86818:  11%|█         | 165/1500 [13:08<2:15:45,  6.10s/it]Best trial: 116. Best value: 1.86818:  11%|█         | 165/1500 [13:08<2:15:45,  6.10s/it]Best trial: 116. Best value: 1.86818:  11%|█         | 166/1500 [13:08<2:21:28,  6.36s/it]                                                                                          Best trial: 116. Best value: 1.86818:  11%|█         | 166/1500 [13:15<2:21:28,  6.36s/it]Best trial: 116. Best value: 1.86818:  11%|█         | 166/1500 [13:15<2:21:28,  6.36s/it]Best trial: 116. Best value: 1.86818:  11%|█         | 167/1500 [13:15<2:24:20,  6.50s/it]                                                                                          
[I 2026-05-02 19:05:06,329] Trial 157 finished with value: 1.959172682063865 and parameters: {'f_n': 1.065986273377292e-06, 'K_d': 892305.2789984654, 'rho_d': 10210731764860.252, 'fission_rate': 4.35369328088288e+19, 'D2_xe_scale': 9.329657835905572, 'Dg_D1_scale': 0.3763901043069931, 'Dg_D3_scale': 3.4107359256139262, 'Dv_D1_scale': 0.30315753029031944, 'Dv_D2_scale': 1.986524096978161, 'b_bulk_scale': 0.06938679434294054, 'b_dislocation_scale': 0.07156982090297602, 'gb_scale': 1.4223962001323016, 'gd_bubble_scale': 9.111468702681215, 'gd_line_scale': 1.067578606546291, 'gd_line_alpha': 0.28936652638879934, 'coalescence_d_scale': 0.137276763800416, 'capture_scale': 7.52962948886829}. Best is trial 116 with value: 1.868175213579544.
[I 2026-05-02 19:05:12,935] Trial 158 finished with value: 1.9248735315746048 and parameters: {'f_n': 7.11250967942643e-07, 'K_d': 817864.053375821, 'rho_d': 10171856950964.469, 'fission_rate': 4.170729342988505e+19, 'D2_xe_scale': 9.14816554348876, 'Dg_D1_scale': 0.42390341716000496, 'Dg_D3_scale': 3.9747204584114155, 'Dv_D1_scale': 0.29412358466087146, 'Dv_D2_scale': 2.0142278765145174, 'b_bulk_scale': 0.07329679342774026, 'b_dislocation_scale': 0.06839107056152396, 'gb_scale': 1.8029058525150574, 'gd_bubble_scale': 8.972059429531976, 'gd_line_scale': 1.29743629843071, 'gd_line_alpha': 0.2899580934468389, 'coalescence_d_scale': 0.19932948295544162, 'capture_scale': 7.9975625466755265}. Best is trial 116 with value: 1.868175213579544.
[I 2026-05-02 19:05:17,916] Trial 159 finished with value: 1.987855874618837 and parameters: {'f_n': 1.2150165261200576e-06, 'K_d': 806650.7098370668, 'rho_d': 10042320801755.273, 'fission_rate': 4.144320221292398e+19, 'D2_xe_scale': 9.05919920575499, 'Dg_D1_scale': 0.41831838925778786, 'Dg_D3_scale': 3.8310476265154887, 'Dv_D1_scale': 0.3627307477752801, 'Dv_D2_scale': 1.9290308775921887, 'b_bulk_scale': 0.0702504223889643, 'b_dislocation_scale': 0.07196281186763827, 'gb_scale': 1.7747827346960114, 'gd_bubble_scale': 9.158672626427807, 'gd_line_scale': 1.2904910790931112, 'gd_line_alpha': 0.2509287027218004, 'coalescence_d_scale': 0.23698200194051786, 'capture_scale': 7.935573835162845}. Best is trial 116 with value: 1.868175213579544.
[I 2026-05-02 19:05:24,507] Trial 160 finished with value: 1.975440813952917 and parameters: {'f_n': 1.5063727433334415e-06, 'K_d': 806218.0733160472, 'rho_d': 9818152251409.826, 'fission_rate': 4.180239048006632e+19, 'D2_xe_scale': 17.79773596968133, 'Dg_D1_scale': 0.40987054213451946, 'Dg_D3_scale': 3.4058362829356366, 'Dv_D1_scale': 0.3528076810065759, 'Dv_D2_scale': 2.0735087628210915, 'b_bulk_scale': 0.07125852049119082, 'b_dislocation_scale': 0.07282648520079611, 'gb_scale': 1.5957551085488335, 'gd_bubble_scale': 9.06804458938002, 'gd_line_scale': 1.5841438742381557, 'gd_line_alpha': 0.23207305910721165, 'coalescence_d_scale': 0.28222517024798055, 'capture_scale': 6.953755197757754}. Best is trial 116 with value: 1.868175213579544.
[I 2026-05-02 19:05:31,221] Trial 161 finished with value: 2.050784659278446 and parameters: {'f_n': 1.614110377404804e-06, 'K_d': 756532.6039201698, 'rho_d': 9773954754077.902, 'fission_rate': 4.164187847452773e+19, 'D2_xe_scale': 17.720646723682883, 'Dg_D1_scale': 0.42782315137497523, 'Dg_D3_scale': 3.9874451671169973, 'Dv_D1_scale': 0.34813224350416433, 'Dv_D2_scale': 1.854264947183276, 'b_bulk_scale': 0.07569675027311848, 'b_dislocation_scale': 0.07354892200162372, 'gb_scale': 1.6731814341823585, 'gd_bubble_scale': 9.024099869820782, 'gd_line_scale': 1.3494531416564068, 'gd_line_alpha': 0.249605580534573, 'coalescence_d_scale': 0.3132199288859512, 'capture_scale': 7.794617039451811}. Best is trial 116 with value: 1.868175213579544.
[I 2026-05-02 19:05:38,004] Trial 162 finished with value: 1.941395187716188 and parameters: {'f_n': 2.125464396833402e-06, 'K_d': 804825.7645307095, 'rho_d': 10613756052763.664, 'fission_rate': 4.074170683756981e+19, 'D2_xe_scale': 9.464035438699558, 'Dg_D1_scale': 0.41519715107027483, 'Dg_D3_scale': 3.410989402607603, 'Dv_D1_scale': 0.36232158355688593, 'Dv_D2_scale': 1.9378530274400227, 'b_bulk_scale': 0.07033937506796863, 'b_dislocation_scale': 0.06640894223270855, 'gb_scale': 1.4399754262500606, 'gd_bubble_scale': 9.097664009977859, 'gd_line_scale': 1.5006307764781428, 'gd_line_alpha': 0.2956466186709963, 'coalescence_d_scale': 0.2482522917225364, 'capture_scale': 7.881712080317913}. Best is trial 116 with value: 1.868175213579544.
[I 2026-05-02 19:05:44,856] Trial 163 finished with value: 1.9222979530511164 and parameters: {'f_n': 2.3014390613772403e-06, 'K_d': 800231.4438565865, 'rho_d': 10821785089664.74, 'fission_rate': 4.014830607212845e+19, 'D2_xe_scale': 9.800225992399932, 'Dg_D1_scale': 0.5372028091407697, 'Dg_D3_scale': 3.428954233422282, 'Dv_D1_scale': 0.3649403822107663, 'Dv_D2_scale': 1.9656150623956437, 'b_bulk_scale': 0.06887661058615058, 'b_dislocation_scale': 0.06799667027478251, 'gb_scale': 1.5323910744846816, 'gd_bubble_scale': 9.118304226064678, 'gd_line_scale': 2.0674776077627754, 'gd_line_alpha': 0.29152984382721137, 'coalescence_d_scale': 0.35659019160603067, 'capture_scale': 7.901397328416161}. Best is trial 116 with value: 1.868175213579544.
[I 2026-05-02 19:05:50,068] Trial 164 finished with value: 1.909800623072188 and parameters: {'f_n': 1.7474566446583528e-06, 'K_d': 676442.1773669473, 'rho_d': 10719725191617.47, 'fission_rate': 4.033862164683193e+19, 'D2_xe_scale': 13.46171117804461, 'Dg_D1_scale': 0.396663888693389, 'Dg_D3_scale': 3.490252178431626, 'Dv_D1_scale': 0.3593904200614478, 'Dv_D2_scale': 1.9447567290068368, 'b_bulk_scale': 0.0694407162328626, 'b_dislocation_scale': 0.06643286920282428, 'gb_scale': 1.4251793662633048, 'gd_bubble_scale': 9.004339329231133, 'gd_line_scale': 1.7468743184033473, 'gd_line_alpha': 0.296245981926258, 'coalescence_d_scale': 0.3387517839372673, 'capture_scale': 7.921179936605525}. Best is trial 116 with value: 1.868175213579544.
[I 2026-05-02 19:05:57,044] Trial 165 finished with value: 1.9991577413689747 and parameters: {'f_n': 2.3629715673928975e-06, 'K_d': 684851.3209183097, 'rho_d': 10473675733964.326, 'fission_rate': 4.0047967476808335e+19, 'D2_xe_scale': 14.030654872142232, 'Dg_D1_scale': 0.41351340840864953, 'Dg_D3_scale': 3.361627940994131, 'Dv_D1_scale': 0.3801937475109167, 'Dv_D2_scale': 1.5002435419508522, 'b_bulk_scale': 0.07207148443639463, 'b_dislocation_scale': 0.068842481681652, 'gb_scale': 2.1144585962378097, 'gd_bubble_scale': 9.92383637606373, 'gd_line_scale': 2.203275102750742, 'gd_line_alpha': 0.2899896801726922, 'coalescence_d_scale': 0.3358965632665346, 'capture_scale': 7.658792615146264}. Best is trial 116 with value: 1.868175213579544.
[I 2026-05-02 19:06:03,852] Trial 166 finished with value: 2.155258418608809 and parameters: {'f_n': 2.13142665284019e-06, 'K_d': 656567.8055529754, 'rho_d': 10643942851743.004, 'fission_rate': 4.042557039960182e+19, 'D2_xe_scale': 13.806337001054718, 'Dg_D1_scale': 0.5507319401321218, 'Dg_D3_scale': 3.3800398686336397, 'Dv_D1_scale': 0.37799750314733743, 'Dv_D2_scale': 1.5049852999176498, 'b_bulk_scale': 0.06803322027983093, 'b_dislocation_scale': 0.08784288734167989, 'gb_scale': 2.004824680956761, 'gd_bubble_scale': 8.978265512011578, 'gd_line_scale': 2.4777805630590777, 'gd_line_alpha': 0.2712962006079291, 'coalescence_d_scale': 0.3646618582788016, 'capture_scale': 7.0727969403561595}. Best is trial 116 with value: 1.868175213579544.
