[I 2026-05-02 19:02:55,876] Trial 130 finished with value: 2.977001623405716 and parameters: {'f_n': 8.682019876886696e-07, 'K_d': 1077521.827472871, 'rho_d': 13326782008505.549, 'fission_rate': 6.222375264019999e+19, 'D2_xe_scale': 47.65820319265291, 'Dg_D1_scale': 0.38389805719046205, 'Dg_D3_scale': 2.0664796734969695, 'Dv_D1_scale': 0.2283476273945382, 'Dv_D2_scale': 2.419714128940022, 'b_bulk_scale': 0.127052709804644, 'b_dislocation_scale': 0.13805188469674384, 'gb_scale': 1.9756980512721254, 'gd_bubble_scale': 8.053721617891325, 'gd_line_scale': 0.632077601809775, 'gd_line_alpha': 0.14658372156646016, 'coalescence_d_scale': 0.1609374363547862, 'capture_scale': 4.499819574664538}. Best is trial 116 with value: 1.868175213579544.
[I 2026-05-02 19:03:00,284] Trial 131 finished with value: 3.6683545374797224 and parameters: {'f_n': 4.656699316643483e-07, 'K_d': 1287383.7023954731, 'rho_d': 11489962010366.611, 'fission_rate': 6.474275177903911e+19, 'D2_xe_scale': 8.746944733129444, 'Dg_D1_scale': 0.2363895728629789, 'Dg_D3_scale': 2.7013512325606786, 'Dv_D1_scale': 0.25647059674219497, 'Dv_D2_scale': 3.0393302095897816, 'b_bulk_scale': 0.060771437561247595, 'b_dislocation_scale': 0.09204463854433403, 'gb_scale': 6.064488744160437, 'gd_bubble_scale': 6.253330013239911, 'gd_line_scale': 0.7858417737122241, 'gd_line_alpha': 0.6110987649329136, 'coalescence_d_scale': 0.141069542347437, 'capture_scale': 6.0354281822015885}. Best is trial 116 with value: 1.868175213579544.
[I 2026-05-02 19:03:04,922] Trial 132 finished with value: 2.25760587391933 and parameters: {'f_n': 1.6764219385077953e-06, 'K_d': 1157807.8765811922, 'rho_d': 12379451815125.793, 'fission_rate': 6.14784470268653e+19, 'D2_xe_scale': 7.574069095445647, 'Dg_D1_scale': 0.3204387861097119, 'Dg_D3_scale': 2.8690753364936357, 'Dv_D1_scale': 0.23546473671761622, 'Dv_D2_scale': 2.2952930218526033, 'b_bulk_scale': 0.08752699358725967, 'b_dislocation_scale': 0.03403762330532911, 'gb_scale': 1.2176443913107917, 'gd_bubble_scale': 8.837333916782722, 'gd_line_scale': 1.0202079715906223, 'gd_line_alpha': 0.108641015266627, 'coalescence_d_scale': 0.18041333966176815, 'capture_scale': 4.9992438741097285}. Best is trial 116 with value: 1.868175213579544.
[I 2026-05-02 19:03:09,407] Trial 133 finished with value: 2.234732703563515 and parameters: {'f_n': 2.217836458184411e-06, 'K_d': 968823.1532162732, 'rho_d': 6809907399666.697, 'fission_rate': 6.3589177252242375e+19, 'D2_xe_scale': 12.33273993321997, 'Dg_D1_scale': 0.28979258708193734, 'Dg_D3_scale': 3.1779953704724613, 'Dv_D1_scale': 0.2159421787822007, 'Dv_D2_scale': 3.3079201995529837, 'b_bulk_scale': 0.11777175102602337, 'b_dislocation_scale': 0.06639778991996532, 'gb_scale': 1.091485106722921, 'gd_bubble_scale': 9.988430224669896, 'gd_line_scale': 0.6929704219200269, 'gd_line_alpha': 0.3611377413049665, 'coalescence_d_scale': 0.10178061171600765, 'capture_scale': 3.570839161222602}. Best is trial 116 with value: 1.868175213579544.
[I 2026-05-02 19:03:13,771] Trial 134 finished with value: 2.453415036787603 and parameters: {'f_n': 1.0032938832025558e-06, 'K_d': 1102647.365572759, 'rho_d': 35378701425623.02, 'fission_rate': 6.651482524897729e+19, 'D2_xe_scale': 9.858109856987653, 'Dg_D1_scale': 0.2194456695998774, 'Dg_D3_scale': 2.484983328637571, 'Dv_D1_scale': 0.29308752584853537, 'Dv_D2_scale': 2.53171724786763, 'b_bulk_scale': 0.06546582661017074, 'b_dislocation_scale': 0.07911757777143548, 'gb_scale': 1.514489993566837, 'gd_bubble_scale': 6.978431323768011, 'gd_line_scale': 1.3445902280302284, 'gd_line_alpha': 0.07391640787088409, 'coalescence_d_scale': 0.19555627526735211, 'capture_scale': 4.029207779903527}. Best is trial 116 with value: 1.868175213579544.Best trial: 116. Best value: 1.86818:   9%|▉         | 134/1500 [10:25<1:44:23,  4.59s/it]Best trial: 116. Best value: 1.86818:   9%|▉         | 134/1500 [10:25<1:44:23,  4.59s/it]Best trial: 116. Best value: 1.86818:   9%|▉         | 135/1500 [10:25<1:42:47,  4.52s/it]                                                                                          Best trial: 116. Best value: 1.86818:   9%|▉         | 135/1500 [10:29<1:42:47,  4.52s/it]Best trial: 116. Best value: 1.86818:   9%|▉         | 135/1500 [10:29<1:42:47,  4.52s/it]Best trial: 116. Best value: 1.86818:   9%|▉         | 136/1500 [10:29<1:42:49,  4.52s/it]                                                                                          Best trial: 116. Best value: 1.86818:   9%|▉         | 136/1500 [10:34<1:42:49,  4.52s/it]Best trial: 116. Best value: 1.86818:   9%|▉         | 136/1500 [10:34<1:42:49,  4.52s/it]Best trial: 116. Best value: 1.86818:   9%|▉         | 137/1500 [10:34<1:43:32,  4.56s/it]                                                                                          Best trial: 116. Best value: 1.86818:   9%|▉         | 137/1500 [10:39<1:43:32,  4.56s/it]Best trial: 116. Best value: 1.86818:   9%|▉         | 137/1500 [10:39<1:43:32,  4.56s/it]Best trial: 116. Best value: 1.86818:   9%|▉         | 138/1500 [10:39<1:44:37,  4.61s/it]                                                                                          Best trial: 116. Best value: 1.86818:   9%|▉         | 138/1500 [10:44<1:44:37,  4.61s/it]Best trial: 116. Best value: 1.86818:   9%|▉         | 138/1500 [10:44<1:44:37,  4.61s/it]Best trial: 116. Best value: 1.86818:   9%|▉         | 139/1500 [10:44<1:50:32,  4.87s/it]                                                                                          Best trial: 116. Best value: 1.86818:   9%|▉         | 139/1500 [10:51<1:50:32,  4.87s/it]Best trial: 116. Best value: 1.86818:   9%|▉         | 139/1500 [10:51<1:50:32,  4.87s/it]Best trial: 116. Best value: 1.86818:   9%|▉         | 140/1500 [10:51<2:01:45,  5.37s/it]                                                                                          Best trial: 116. Best value: 1.86818:   9%|▉         | 140/1500 [10:55<2:01:45,  5.37s/it]Best trial: 116. Best value: 1.86818:   9%|▉         | 140/1500 [10:55<2:01:45,  5.37s/it]Best trial: 116. Best value: 1.86818:   9%|▉         | 141/1500 [10:55<1:54:14,  5.04s/it]                                                                                          Best trial: 116. Best value: 1.86818:   9%|▉         | 141/1500 [10:58<1:54:14,  5.04s/it]Best trial: 116. Best value: 1.86818:   9%|▉         | 141/1500 [10:58<1:54:14,  5.04s/it]Best trial: 116. Best value: 1.86818:   9%|▉         | 142/1500 [10:58<1:41:31,  4.49s/it]                                                                                          Best trial: 116. Best value: 1.86818:   9%|▉         | 142/1500 [11:03<1:41:31,  4.49s/it]Best trial: 116. Best value: 1.86818:   9%|▉         | 142/1500 [11:03<1:41:31,  4.49s/it]Best trial: 116. Best value: 1.86818:  10%|▉         | 143/1500 [11:03<1:43:04,  4.56s/it]                                                                                          Best trial: 116. Best value: 1.86818:  10%|▉         | 143/1500 [11:08<1:43:04,  4.56s/it]Best trial: 116. Best value: 1.86818:  10%|▉         | 143/1500 [11:08<1:43:04,  4.56s/it]Best trial: 116. Best value: 1.86818:  10%|▉         | 144/1500 [11:08<1:43:22,  4.57s/it]                                                                                          Best trial: 116. Best value: 1.86818:  10%|▉         | 144/1500 [11:12<1:43:22,  4.57s/it]Best trial: 116. Best value: 1.86818:  10%|▉         | 144/1500 [11:12<1:43:22,  4.57s/it]Best trial: 116. Best value: 1.86818:  10%|▉         | 145/1500 [11:12<1:44:35,  4.63s/it]                                                                                          
[I 2026-05-02 19:03:18,304] Trial 135 finished with value: 4.670094747301466 and parameters: {'f_n': 6.572224895937505e-07, 'K_d': 1049972.9246792798, 'rho_d': 17094910276930.848, 'fission_rate': 4.587301232105958e+19, 'D2_xe_scale': 4.2082245373335985, 'Dg_D1_scale': 0.3473785377105169, 'Dg_D3_scale': 2.224520543105451, 'Dv_D1_scale': 0.32684414518206023, 'Dv_D2_scale': 2.706517341980278, 'b_bulk_scale': 2.722232890407587, 'b_dislocation_scale': 0.049405711073150664, 'gb_scale': 1.3224498386196921, 'gd_bubble_scale': 7.409623603890075, 'gd_line_scale': 0.9374046924373687, 'gd_line_alpha': 0.5522305791319403, 'coalescence_d_scale': 0.12315335433157014, 'capture_scale': 6.518937364046203}. Best is trial 116 with value: 1.868175213579544.
[I 2026-05-02 19:03:22,944] Trial 136 finished with value: 3.2571894862369124 and parameters: {'f_n': 3.8287900716645685e-07, 'K_d': 1217047.0309968097, 'rho_d': 8420872697996.862, 'fission_rate': 5.778351249081882e+19, 'D2_xe_scale': 6.733313801521727, 'Dg_D1_scale': 0.25124044391422246, 'Dg_D3_scale': 1.691370118792589, 'Dv_D1_scale': 0.2643427520660519, 'Dv_D2_scale': 3.627670918742605, 'b_bulk_scale': 0.1014403064434088, 'b_dislocation_scale': 0.06044120923843744, 'gb_scale': 1.1793564569744688, 'gd_bubble_scale': 0.08581014867631272, 'gd_line_scale': 1.5012777449686998, 'gd_line_alpha': 0.1282204979228568, 'coalescence_d_scale': 0.16228171638242445, 'capture_scale': 7.939715877253397}. Best is trial 116 with value: 1.868175213579544.
[I 2026-05-02 19:03:27,670] Trial 137 finished with value: 2.2284283425674007 and parameters: {'f_n': 2.630812556711683e-06, 'K_d': 770492.250876074, 'rho_d': 10240941059485.277, 'fission_rate': 6.068056999192596e+19, 'D2_xe_scale': 17.331603652837057, 'Dg_D1_scale': 0.3039871388047802, 'Dg_D3_scale': 3.8895317643531975, 'Dv_D1_scale': 0.767294187912347, 'Dv_D2_scale': 2.8801644469150505, 'b_bulk_scale': 0.030074591515494877, 'b_dislocation_scale': 0.03747270284864828, 'gb_scale': 0.9170630232884522, 'gd_bubble_scale': 5.508532562157612, 'gd_line_scale': 1.1314845998297751, 'gd_line_alpha': 0.026020908627561415, 'coalescence_d_scale': 0.13686142275093283, 'capture_scale': 5.355105988473789}. Best is trial 116 with value: 1.868175213579544.
[I 2026-05-02 19:03:33,159] Trial 138 finished with value: 2.157260513592266 and parameters: {'f_n': 1.626093599621206e-07, 'K_d': 1131853.6172840593, 'rho_d': 9353421741053.115, 'fission_rate': 5.1019490841771975e+19, 'D2_xe_scale': 13.493197737165339, 'Dg_D1_scale': 0.2023229038798367, 'Dg_D3_scale': 1.8479595013995609, 'Dv_D1_scale': 0.23967201333527827, 'Dv_D2_scale': 2.0552005563145226, 'b_bulk_scale': 0.08156966852312383, 'b_dislocation_scale': 0.032163731502911824, 'gb_scale': 0.5842771309007534, 'gd_bubble_scale': 4.776425819414499, 'gd_line_scale': 0.35968326815089696, 'gd_line_alpha': 0.5932738689920425, 'coalescence_d_scale': 0.22382474609335776, 'capture_scale': 3.2399891928758637}. Best is trial 116 with value: 1.868175213579544.
[I 2026-05-02 19:03:39,694] Trial 139 finished with value: 2.2206038680941527 and parameters: {'f_n': 1.360371185750363e-06, 'K_d': 1368258.0530939854, 'rho_d': 10957196143692.326, 'fission_rate': 4.231924523178804e+19, 'D2_xe_scale': 8.398816468971335, 'Dg_D1_scale': 0.18618653721558504, 'Dg_D3_scale': 3.5138211958433474, 'Dv_D1_scale': 0.6183845403237643, 'Dv_D2_scale': 3.9718978652205674, 'b_bulk_scale': 0.04727670882078405, 'b_dislocation_scale': 0.054425079668893143, 'gb_scale': 1.4064141956003857, 'gd_bubble_scale': 9.074796207030362, 'gd_line_scale': 0.4411798974764248, 'gd_line_alpha': 0.30880283996669355, 'coalescence_d_scale': 0.25985723086725965, 'capture_scale': 0.0813581116044288}. Best is trial 116 with value: 1.868175213579544.
[I 2026-05-02 19:03:43,975] Trial 140 finished with value: 3.307182163067475 and parameters: {'f_n': 5.59203001247109e-10, 'K_d': 1263418.3902627106, 'rho_d': 7342512893480.456, 'fission_rate': 6.753616098354804e+19, 'D2_xe_scale': 0.10158331915524417, 'Dg_D1_scale': 0.2720921947508656, 'Dg_D3_scale': 3.0450690267445077, 'Dv_D1_scale': 0.3927113661512014, 'Dv_D2_scale': 1.8081458083858608, 'b_bulk_scale': 0.03974665680139211, 'b_dislocation_scale': 0.10656825873387993, 'gb_scale': 1.0123372299299518, 'gd_bubble_scale': 6.36565067070447, 'gd_line_scale': 0.5524278837671402, 'gd_line_alpha': 0.4606563645635825, 'coalescence_d_scale': 0.11066335262849165, 'capture_scale': 7.065010117216687}. Best is trial 116 with value: 1.868175213579544.
[I 2026-05-02 19:03:47,156] Trial 141 finished with value: 2.2187877601259425 and parameters: {'f_n': 5.13930734821575e-07, 'K_d': 1023769.6508200169, 'rho_d': 7876642492394.419, 'fission_rate': 5.935090906726885e+19, 'D2_xe_scale': 0.19500528401247336, 'Dg_D1_scale': 0.3147516178865725, 'Dg_D3_scale': 3.958399348985149, 'Dv_D1_scale': 1.0783837099349993, 'Dv_D2_scale': 2.5382941221063744, 'b_bulk_scale': 0.04991344412885443, 'b_dislocation_scale': 0.0370361699463525, 'gb_scale': 0.7841519135372652, 'gd_bubble_scale': 5.844715677737167, 'gd_line_scale': 0.7738091874941941, 'gd_line_alpha': 0.4939849774444025, 'coalescence_d_scale': 0.1487066328999559, 'capture_scale': 5.612199781896949}. Best is trial 116 with value: 1.868175213579544.
[I 2026-05-02 19:03:51,882] Trial 142 finished with value: 2.032323369875992 and parameters: {'f_n': 7.384542129037034e-07, 'K_d': 951360.1026777575, 'rho_d': 9984348627522.426, 'fission_rate': 6.005998750599348e+19, 'D2_xe_scale': 10.672680449819019, 'Dg_D1_scale': 0.23444218390434318, 'Dg_D3_scale': 3.6885063832128107, 'Dv_D1_scale': 0.48497293374893413, 'Dv_D2_scale': 2.196226336474161, 'b_bulk_scale': 0.05670070609918771, 'b_dislocation_scale': 0.04207738759532963, 'gb_scale': 0.8527095549397787, 'gd_bubble_scale': 7.990530821477268, 'gd_line_scale': 0.3168384292014136, 'gd_line_alpha': 0.23338208382866524, 'coalescence_d_scale': 0.1757023744717958, 'capture_scale': 4.7301740982000275}. Best is trial 116 with value: 1.868175213579544.
[I 2026-05-02 19:03:56,495] Trial 143 finished with value: 4.018684205265989 and parameters: {'f_n': 8.254470693872941e-07, 'K_d': 937447.9380110484, 'rho_d': 21540104796185.25, 'fission_rate': 6.2680231827152626e+19, 'D2_xe_scale': 10.922230596940931, 'Dg_D1_scale': 0.23001774884730974, 'Dg_D3_scale': 3.6705026730583032, 'Dv_D1_scale': 0.5459348032873417, 'Dv_D2_scale': 2.183103661965173, 'b_bulk_scale': 0.07190866156576639, 'b_dislocation_scale': 0.030174092693613683, 'gb_scale': 0.8394732990746933, 'gd_bubble_scale': 7.70623428128182, 'gd_line_scale': 1.2051721058556792, 'gd_line_alpha': 0.2537081225440959, 'coalescence_d_scale': 0.17765629744352404, 'capture_scale': 4.316337397546434}. Best is trial 116 with value: 1.868175213579544.
[I 2026-05-02 19:04:01,261] Trial 144 finished with value: 2.131088979892204 and parameters: {'f_n': 1.109371385801962e-06, 'K_d': 1177924.3827490988, 'rho_d': 9823760846732.33, 'fission_rate': 5.977939388531972e+19, 'D2_xe_scale': 5.509187038026967, 'Dg_D1_scale': 0.2429941708589675, 'Dg_D3_scale': 1.9588830017155967, 'Dv_D1_scale': 0.4705848278518468, 'Dv_D2_scale': 2.3353910719284587, 'b_bulk_scale': 0.05661464735586636, 'b_dislocation_scale': 0.045796646719621935, 'gb_scale': 1.100701617964911, 'gd_bubble_scale': 8.287484996330374, 'gd_line_scale': 0.30085567640467165, 'gd_line_alpha': 0.20263777399431382, 'coalescence_d_scale': 0.20573391148126255, 'capture_scale': 4.888534937442978}. Best is trial 116 with value: 1.868175213579544.
[I 2026-05-02 19:04:07,494] Trial 145 finished with value: 2.2650084244444195 and parameters: {'f_n': 7.191789737574075e-07, 'K_d': 840776.8922119257, 'rho_d': 14219598288218.264, 'fission_rate': 4.433289669289552e+19, 'D2_xe_scale': 9.989607653302432, 'Dg_D1_scale': 0.25922868057277937, 'Dg_D3_scale': 2.788834388547033, 'Dv_D1_scale': 0.49428134964604076, 'Dv_D2_scale': 1.867175973040097, 'b_bulk_scale': 0.0965729493569397, 'b_dislocation_scale': 0.07514796554659778, 'gb_scale': 1.276225020436327, 'gd_bubble_scale': 6.880469635792764, 'gd_line_scale': 0.22437261259546099, 'gd_line_alpha': 0.17615909054966594, 'coalescence_d_scale': 0.15962617131640963, 'capture_scale': 3.6440380758591773}. Best is trial 116 with value: 1.868175213579544.Best trial: 116. Best value: 1.86818:  10%|▉         | 145/1500 [11:19<1:44:35,  4.63s/it]Best trial: 116. Best value: 1.86818:  10%|▉         | 145/1500 [11:19<1:44:35,  4.63s/it]Best trial: 116. Best value: 1.86818:  10%|▉         | 146/1500 [11:19<1:55:21,  5.11s/it]                                                                                          Best trial: 116. Best value: 1.86818:  10%|▉         | 146/1500 [11:24<1:55:21,  5.11s/it]Best trial: 116. Best value: 1.86818:  10%|▉         | 146/1500 [11:24<1:55:21,  5.11s/it]Best trial: 116. Best value: 1.86818:  10%|▉         | 147/1500 [11:24<1:57:04,  5.19s/it]                                                                                          Best trial: 116. Best value: 1.86818:  10%|▉         | 147/1500 [11:27<1:57:04,  5.19s/it]Best trial: 116. Best value: 1.86818:  10%|▉         | 147/1500 [11:27<1:57:04,  5.19s/it]Best trial: 116. Best value: 1.86818:  10%|▉         | 148/1500 [11:27<1:43:05,  4.58s/it]                                                                                          Best trial: 116. Best value: 1.86818:  10%|▉         | 148/1500 [11:32<1:43:05,  4.58s/it]Best trial: 116. Best value: 1.86818:  10%|▉         | 148/1500 [11:32<1:43:05,  4.58s/it]Best trial: 116. Best value: 1.86818:  10%|▉         | 149/1500 [11:32<1:42:29,  4.55s/it]                                                                                          Best trial: 116. Best value: 1.86818:  10%|▉         | 149/1500 [11:37<1:42:29,  4.55s/it]Best trial: 116. Best value: 1.86818:  10%|▉         | 149/1500 [11:37<1:42:29,  4.55s/it]Best trial: 116. Best value: 1.86818:  10%|█         | 150/1500 [11:37<1:46:12,  4.72s/it]                                                                                          Best trial: 116. Best value: 1.86818:  10%|█         | 150/1500 [11:41<1:46:12,  4.72s/it]Best trial: 116. Best value: 1.86818:  10%|█         | 150/1500 [11:41<1:46:12,  4.72s/it]Best trial: 116. Best value: 1.86818:  10%|█         | 151/1500 [11:41<1:45:53,  4.71s/it]                                                                                          Best trial: 116. Best value: 1.86818:  10%|█         | 151/1500 [11:46<1:45:53,  4.71s/it]Best trial: 116. Best value: 1.86818:  10%|█         | 151/1500 [11:46<1:45:53,  4.71s/it]Best trial: 116. Best value: 1.86818:  10%|█         | 152/1500 [11:46<1:48:11,  4.82s/it]                                                                                          Best trial: 116. Best value: 1.86818:  10%|█         | 152/1500 [11:51<1:48:11,  4.82s/it]Best trial: 116. Best value: 1.86818:  10%|█         | 152/1500 [11:51<1:48:11,  4.82s/it]Best trial: 116. Best value: 1.86818:  10%|█         | 153/1500 [11:51<1:48:13,  4.82s/it]                                                                                          Best trial: 116. Best value: 1.86818:  10%|█         | 153/1500 [11:56<1:48:13,  4.82s/it]Best trial: 116. Best value: 1.86818:  10%|█         | 153/1500 [11:56<1:48:13,  4.82s/it]Best trial: 116. Best value: 1.86818:  10%|█         | 154/1500 [11:56<1:49:22,  4.88s/it]                                                                                          Best trial: 116. Best value: 1.86818:  10%|█         | 154/1500 [12:00<1:49:22,  4.88s/it]Best trial: 116. Best value: 1.86818:  10%|█         | 154/1500 [12:00<1:49:22,  4.88s/it]Best trial: 116. Best value: 1.86818:  10%|█         | 155/1500 [12:00<1:40:22,  4.48s/it]                                                                                          Best trial: 116. Best value: 1.86818:  10%|█         | 155/1500 [12:05<1:40:22,  4.48s/it]Best trial: 116. Best value: 1.86818:  10%|█         | 155/1500 [12:05<1:40:22,  4.48s/it]Best trial: 116. Best value: 1.86818:  10%|█         | 156/1500 [12:05<1:43:10,  4.61s/it]                                                                                          
[I 2026-05-02 19:04:12,871] Trial 146 finished with value: 3.6643563025906087 and parameters: {'f_n': 4.281629058449617e-07, 'K_d': 991916.2296705465, 'rho_d': 12019939837563.465, 'fission_rate': 5.28743781212684e+19, 'D2_xe_scale': 15.152180165687275, 'Dg_D1_scale': 1.262320271993059, 'Dg_D3_scale': 3.3127208690642775, 'Dv_D1_scale': 0.6683504693205691, 'Dv_D2_scale': 2.1153032996261385, 'b_bulk_scale': 0.07732706762669554, 'b_dislocation_scale': 0.04178876698159687, 'gb_scale': 0.6562301303451098, 'gd_bubble_scale': 7.33150667967922, 'gd_line_scale': 0.8722207694451678, 'gd_line_alpha': 0.23891423194785905, 'coalescence_d_scale': 0.12845693393247637, 'capture_scale': 2.734617962020371}. Best is trial 116 with value: 1.868175213579544.
[I 2026-05-02 19:04:16,008] Trial 147 finished with value: 3.939587726581914 and parameters: {'f_n': 5.728045135657385e-07, 'K_d': 894335.5073182646, 'rho_d': 9016191145502.842, 'fission_rate': 6.0446776617033105e+19, 'D2_xe_scale': 6.884961620368595, 'Dg_D1_scale': 0.21207155854721285, 'Dg_D3_scale': 2.4428907601883356, 'Dv_D1_scale': 0.5729626959517798, 'Dv_D2_scale': 1.690312348496822, 'b_bulk_scale': 0.1427965379726468, 'b_dislocation_scale': 0.06324327675733277, 'gb_scale': 0.923861504377048, 'gd_bubble_scale': 9.29311912278622, 'gd_line_scale': 0.39546410433434914, 'gd_line_alpha': 0.15341027409838318, 'coalescence_d_scale': 7.731298832173954, 'capture_scale': 5.930841820296469}. Best is trial 116 with value: 1.868175213579544.
