[I 2026-05-02 19:58:12,437] Trial 790 finished with value: 2.0681396528769436 and parameters: {'f_n': 2.1633779719864005e-06, 'K_d': 1008092.691550555, 'rho_d': 11954086415942.025, 'fission_rate': 6.0710577231866446e+19, 'D2_xe_scale': 1.1785234677732324, 'Dg_D1_scale': 0.1688118147242939, 'Dg_D3_scale': 2.0431811802797193, 'Dv_D1_scale': 0.2860530643742477, 'Dv_D2_scale': 3.2225433891933646, 'b_bulk_scale': 0.22677667045870906, 'b_dislocation_scale': 0.1314711999247945, 'gb_scale': 5.019672228456564, 'gd_bubble_scale': 7.618512163681096, 'gd_line_scale': 7.661950585676121, 'gd_line_alpha': 0.2755896459822492, 'coalescence_d_scale': 0.49883023502921897, 'capture_scale': 6.352726353227233}. Best is trial 678 with value: 1.749291878123438.
[I 2026-05-02 19:58:17,207] Trial 791 finished with value: 1.7889259417481316 and parameters: {'f_n': 1.282363365409362e-06, 'K_d': 915893.1658658992, 'rho_d': 12668595109286.64, 'fission_rate': 6.034431623943113e+19, 'D2_xe_scale': 0.8404327982656701, 'Dg_D1_scale': 0.1777046105342056, 'Dg_D3_scale': 1.885837971815623, 'Dv_D1_scale': 0.32937131904119216, 'Dv_D2_scale': 3.4926851737328035, 'b_bulk_scale': 0.20890382377787226, 'b_dislocation_scale': 0.11442634506926073, 'gb_scale': 4.640599854999739, 'gd_bubble_scale': 8.077372632094105, 'gd_line_scale': 6.83599747196633, 'gd_line_alpha': 0.4789695970699692, 'coalescence_d_scale': 0.4866365121875347, 'capture_scale': 5.397317245690951}. Best is trial 678 with value: 1.749291878123438.
[I 2026-05-02 19:58:21,904] Trial 792 finished with value: 1.7872173007169523 and parameters: {'f_n': 1.7206708425650519e-06, 'K_d': 965570.3378456965, 'rho_d': 11776786066497.385, 'fission_rate': 6.1645034203270685e+19, 'D2_xe_scale': 1.072947159667934, 'Dg_D1_scale': 0.16533269643755694, 'Dg_D3_scale': 1.8322441947569865, 'Dv_D1_scale': 0.3052102338495322, 'Dv_D2_scale': 3.519696169130266, 'b_bulk_scale': 0.2494933520521326, 'b_dislocation_scale': 0.10664839236108004, 'gb_scale': 5.38507207936931, 'gd_bubble_scale': 8.345435808155957, 'gd_line_scale': 7.492177491502528, 'gd_line_alpha': 0.24453971572423744, 'coalescence_d_scale': 0.40319796516261486, 'capture_scale': 6.2684579842891335}. Best is trial 678 with value: 1.749291878123438.
[I 2026-05-02 19:58:24,536] Trial 793 finished with value: 2.7162796523371897 and parameters: {'f_n': 5.3451692118273906e-08, 'K_d': 851454.1796671418, 'rho_d': 12588806620527.215, 'fission_rate': 6.013405346495881e+19, 'D2_xe_scale': 1.1899854480865792, 'Dg_D1_scale': 0.18170158494363683, 'Dg_D3_scale': 2.0670962587528847, 'Dv_D1_scale': 0.27565361340038746, 'Dv_D2_scale': 3.2336897109913063, 'b_bulk_scale': 0.24784416213951982, 'b_dislocation_scale': 0.48637717759726484, 'gb_scale': 4.531599639663384, 'gd_bubble_scale': 7.547559540620285, 'gd_line_scale': 6.497113044039191, 'gd_line_alpha': 0.26587551722211467, 'coalescence_d_scale': 0.5424820849103548, 'capture_scale': 5.4886235944990736}. Best is trial 678 with value: 1.749291878123438.
[I 2026-05-02 19:58:29,090] Trial 794 finished with value: 1.8529561553700848 and parameters: {'f_n': 1.9527453018391397e-06, 'K_d': 933011.3393512572, 'rho_d': 12528132423269.076, 'fission_rate': 6.32400488814891e+19, 'D2_xe_scale': 1.4304820678709782, 'Dg_D1_scale': 0.18475806553839294, 'Dg_D3_scale': 1.832599959845241, 'Dv_D1_scale': 0.32003617494030845, 'Dv_D2_scale': 3.5921871189990564, 'b_bulk_scale': 0.2793330244084211, 'b_dislocation_scale': 0.14227197312004122, 'gb_scale': 4.495976970762714, 'gd_bubble_scale': 8.33582014806828, 'gd_line_scale': 7.566098461938339, 'gd_line_alpha': 0.24435561030214994, 'coalescence_d_scale': 0.4322526818385101, 'capture_scale': 6.279265772767634}. Best is trial 678 with value: 1.749291878123438.Best trial: 678. Best value: 1.74929:  53%|█████▎    | 794/1500 [1:05:40<47:22,  4.03s/it]Best trial: 678. Best value: 1.74929:  53%|█████▎    | 794/1500 [1:05:40<47:22,  4.03s/it]Best trial: 678. Best value: 1.74929:  53%|█████▎    | 795/1500 [1:05:40<49:10,  4.19s/it]                                                                                          Best trial: 678. Best value: 1.74929:  53%|█████▎    | 795/1500 [1:05:45<49:10,  4.19s/it]Best trial: 678. Best value: 1.74929:  53%|█████▎    | 795/1500 [1:05:45<49:10,  4.19s/it]Best trial: 678. Best value: 1.74929:  53%|█████▎    | 796/1500 [1:05:45<50:54,  4.34s/it]                                                                                          Best trial: 678. Best value: 1.74929:  53%|█████▎    | 796/1500 [1:05:49<50:54,  4.34s/it]Best trial: 678. Best value: 1.74929:  53%|█████▎    | 796/1500 [1:05:50<50:54,  4.34s/it]Best trial: 678. Best value: 1.74929:  53%|█████▎    | 797/1500 [1:05:50<51:48,  4.42s/it]                                                                                          Best trial: 678. Best value: 1.74929:  53%|█████▎    | 797/1500 [1:05:55<51:48,  4.42s/it]Best trial: 678. Best value: 1.74929:  53%|█████▎    | 797/1500 [1:05:55<51:48,  4.42s/it]Best trial: 678. Best value: 1.74929:  53%|█████▎    | 798/1500 [1:05:55<53:51,  4.60s/it]                                                                                          Best trial: 678. Best value: 1.74929:  53%|█████▎    | 798/1500 [1:05:59<53:51,  4.60s/it]Best trial: 678. Best value: 1.74929:  53%|█████▎    | 798/1500 [1:05:59<53:51,  4.60s/it]Best trial: 678. Best value: 1.74929:  53%|█████▎    | 799/1500 [1:05:59<54:46,  4.69s/it]                                                                                          Best trial: 678. Best value: 1.74929:  53%|█████▎    | 799/1500 [1:06:04<54:46,  4.69s/it]Best trial: 678. Best value: 1.74929:  53%|█████▎    | 799/1500 [1:06:04<54:46,  4.69s/it]Best trial: 678. Best value: 1.74929:  53%|█████▎    | 800/1500 [1:06:04<54:26,  4.67s/it]                                                                                          Best trial: 678. Best value: 1.74929:  53%|█████▎    | 800/1500 [1:06:07<54:26,  4.67s/it]Best trial: 678. Best value: 1.74929:  53%|█████▎    | 800/1500 [1:06:07<54:26,  4.67s/it]Best trial: 678. Best value: 1.74929:  53%|█████▎    | 801/1500 [1:06:07<48:34,  4.17s/it]                                                                                          Best trial: 678. Best value: 1.74929:  53%|█████▎    | 801/1500 [1:06:12<48:34,  4.17s/it]Best trial: 678. Best value: 1.74929:  53%|█████▎    | 801/1500 [1:06:12<48:34,  4.17s/it]Best trial: 678. Best value: 1.74929:  53%|█████▎    | 802/1500 [1:06:12<50:10,  4.31s/it]                                                                                          Best trial: 678. Best value: 1.74929:  53%|█████▎    | 802/1500 [1:06:16<50:10,  4.31s/it]Best trial: 678. Best value: 1.74929:  53%|█████▎    | 802/1500 [1:06:16<50:10,  4.31s/it]Best trial: 678. Best value: 1.74929:  54%|█████▎    | 803/1500 [1:06:16<51:10,  4.41s/it]                                                                                          Best trial: 678. Best value: 1.74929:  54%|█████▎    | 803/1500 [1:06:21<51:10,  4.41s/it]Best trial: 678. Best value: 1.74929:  54%|█████▎    | 803/1500 [1:06:21<51:10,  4.41s/it]Best trial: 678. Best value: 1.74929:  54%|█████▎    | 804/1500 [1:06:21<51:42,  4.46s/it]                                                                                          Best trial: 678. Best value: 1.74929:  54%|█████▎    | 804/1500 [1:06:25<51:42,  4.46s/it]Best trial: 678. Best value: 1.74929:  54%|█████▎    | 804/1500 [1:06:26<51:42,  4.46s/it]Best trial: 678. Best value: 1.74929:  54%|█████▎    | 805/1500 [1:06:26<52:00,  4.49s/it]                                                                                          
[I 2026-05-02 19:58:33,789] Trial 795 finished with value: 1.7710332912680613 and parameters: {'f_n': 1.4638585351856293e-06, 'K_d': 1003587.6504578575, 'rho_d': 12076768177452.395, 'fission_rate': 6.0834171578212295e+19, 'D2_xe_scale': 0.9515562503951271, 'Dg_D1_scale': 0.16668815543267737, 'Dg_D3_scale': 1.7737620706496549, 'Dv_D1_scale': 0.2927237495859992, 'Dv_D2_scale': 3.4369136918153353, 'b_bulk_scale': 0.24410847048581055, 'b_dislocation_scale': 0.09639992199551542, 'gb_scale': 5.087459378084995, 'gd_bubble_scale': 7.5417770388182745, 'gd_line_scale': 6.564044532356507, 'gd_line_alpha': 0.28961060156752017, 'coalescence_d_scale': 0.5385780548062702, 'capture_scale': 6.3695682056106415}. Best is trial 678 with value: 1.749291878123438.
[I 2026-05-02 19:58:38,402] Trial 796 finished with value: 1.7517139681872098 and parameters: {'f_n': 9.725041699981337e-07, 'K_d': 1000802.0602948238, 'rho_d': 11628265592684.65, 'fission_rate': 6.153079188644192e+19, 'D2_xe_scale': 1.002107037827693, 'Dg_D1_scale': 0.1755847840400677, 'Dg_D3_scale': 1.8487646026927769, 'Dv_D1_scale': 0.2908727220883776, 'Dv_D2_scale': 3.9784317693480586, 'b_bulk_scale': 0.23883398531246833, 'b_dislocation_scale': 0.09730182387124128, 'gb_scale': 5.119400728107311, 'gd_bubble_scale': 7.508983574856152, 'gd_line_scale': 6.120013810557505, 'gd_line_alpha': 0.30192854241202427, 'coalescence_d_scale': 0.48788847999815976, 'capture_scale': 6.398948765846713}. Best is trial 678 with value: 1.749291878123438.
[I 2026-05-02 19:58:43,424] Trial 797 finished with value: 1.778883561991525 and parameters: {'f_n': 1.0611933845194214e-06, 'K_d': 989359.2485718963, 'rho_d': 11652838927502.076, 'fission_rate': 6.200741498792481e+19, 'D2_xe_scale': 0.858668530981113, 'Dg_D1_scale': 0.16631214127879645, 'Dg_D3_scale': 2.0703954698706935, 'Dv_D1_scale': 0.28673925759488783, 'Dv_D2_scale': 3.8240149778999153, 'b_bulk_scale': 0.28573322770369874, 'b_dislocation_scale': 0.09658753261175886, 'gb_scale': 5.5686454320886805, 'gd_bubble_scale': 7.279282764092042, 'gd_line_scale': 5.457204227050724, 'gd_line_alpha': 0.31339299106740226, 'coalescence_d_scale': 0.46318510372517024, 'capture_scale': 6.093986035633998}. Best is trial 678 with value: 1.749291878123438.
[I 2026-05-02 19:58:48,251] Trial 798 finished with value: 1.894871270556731 and parameters: {'f_n': 9.234122934251154e-07, 'K_d': 980056.9440271911, 'rho_d': 11506032680103.615, 'fission_rate': 6.129159202546938e+19, 'D2_xe_scale': 0.971368696560467, 'Dg_D1_scale': 0.17499102935127372, 'Dg_D3_scale': 1.894246746236267, 'Dv_D1_scale': 0.2743513985190227, 'Dv_D2_scale': 3.9925868427165514, 'b_bulk_scale': 0.2669886781699905, 'b_dislocation_scale': 0.1226749801628969, 'gb_scale': 5.273122769013643, 'gd_bubble_scale': 7.412026594602012, 'gd_line_scale': 6.026667102396607, 'gd_line_alpha': 0.30453514824745265, 'coalescence_d_scale': 0.5369671825339332, 'capture_scale': 5.518558090374516}. Best is trial 678 with value: 1.749291878123438.
[I 2026-05-02 19:58:52,930] Trial 799 finished with value: 2.058804781414935 and parameters: {'f_n': 2.5484516850960364e-07, 'K_d': 1028047.077699667, 'rho_d': 11634778908005.361, 'fission_rate': 6.208566310584628e+19, 'D2_xe_scale': 1.0467088319752411, 'Dg_D1_scale': 1.0089679766178226, 'Dg_D3_scale': 1.8997033447585865, 'Dv_D1_scale': 0.29077346790410535, 'Dv_D2_scale': 3.573954914633739, 'b_bulk_scale': 0.24987341977364455, 'b_dislocation_scale': 0.11147268943776416, 'gb_scale': 6.194816743742998, 'gd_bubble_scale': 8.137800735014808, 'gd_line_scale': 5.6132953643958245, 'gd_line_alpha': 0.2971281295396306, 'coalescence_d_scale': 0.42438215724452316, 'capture_scale': 6.34971466916822}. Best is trial 678 with value: 1.749291878123438.
[I 2026-05-02 19:58:55,944] Trial 800 finished with value: 3.4046442936437913 and parameters: {'f_n': 1.4171254901675362e-06, 'K_d': 922602.798803567, 'rho_d': 12341414854411.918, 'fission_rate': 6.1134876516667466e+19, 'D2_xe_scale': 0.7448087242374757, 'Dg_D1_scale': 0.17969797595046746, 'Dg_D3_scale': 2.0326911517219934, 'Dv_D1_scale': 0.2685297090712755, 'Dv_D2_scale': 3.997736493305958, 'b_bulk_scale': 0.2337278199980835, 'b_dislocation_scale': 0.09658818826527199, 'gb_scale': 5.169052327085284, 'gd_bubble_scale': 8.43305855867902, 'gd_line_scale': 0.23454581910636924, 'gd_line_alpha': 0.32947758276876105, 'coalescence_d_scale': 0.4969636833077543, 'capture_scale': 6.435596226586368}. Best is trial 678 with value: 1.749291878123438.
[I 2026-05-02 19:59:00,589] Trial 801 finished with value: 2.0466169555053377 and parameters: {'f_n': 1.2906940729522201e-06, 'K_d': 956574.3681743909, 'rho_d': 11798507301811.016, 'fission_rate': 6.0905394880775e+19, 'D2_xe_scale': 0.9054000209909965, 'Dg_D1_scale': 0.1699884716962654, 'Dg_D3_scale': 1.8200494206079063, 'Dv_D1_scale': 0.30432695426835515, 'Dv_D2_scale': 3.4172975765144455, 'b_bulk_scale': 0.25280692963397183, 'b_dislocation_scale': 0.1211414239515588, 'gb_scale': 5.726644144007316, 'gd_bubble_scale': 7.50030104394971, 'gd_line_scale': 6.073341872821408, 'gd_line_alpha': 0.2876343642216316, 'coalescence_d_scale': 0.5552149828547829, 'capture_scale': 6.486432287915138}. Best is trial 678 with value: 1.749291878123438.
[I 2026-05-02 19:59:05,212] Trial 802 finished with value: 2.310933509778568 and parameters: {'f_n': 1.0260928674174454e-06, 'K_d': 1089455.5672066265, 'rho_d': 12731873515821.295, 'fission_rate': 6.2961751757891764e+19, 'D2_xe_scale': 1.4073808765903533, 'Dg_D1_scale': 0.1866275124846459, 'Dg_D3_scale': 1.7536349224216596, 'Dv_D1_scale': 0.2959231237632205, 'Dv_D2_scale': 3.6265266968605423, 'b_bulk_scale': 0.286284173401143, 'b_dislocation_scale': 0.17315223878242575, 'gb_scale': 5.000272872416335, 'gd_bubble_scale': 8.51020673471506, 'gd_line_scale': 6.351835095573346, 'gd_line_alpha': 0.298725815511014, 'coalescence_d_scale': 0.4674590181576898, 'capture_scale': 0.023057901808247443}. Best is trial 678 with value: 1.749291878123438.
[I 2026-05-02 19:59:09,788] Trial 803 finished with value: 1.8725100238464631 and parameters: {'f_n': 1.5446761201825758e-06, 'K_d': 900559.0249130611, 'rho_d': 13139647581928.342, 'fission_rate': 6.230212005393167e+19, 'D2_xe_scale': 1.1692461909283254, 'Dg_D1_scale': 0.1648363208299216, 'Dg_D3_scale': 1.9363393033875338, 'Dv_D1_scale': 0.30989365133906915, 'Dv_D2_scale': 3.6194427366308095, 'b_bulk_scale': 0.22209588898524127, 'b_dislocation_scale': 0.1070644660043028, 'gb_scale': 4.655853451886494, 'gd_bubble_scale': 7.476876709741564, 'gd_line_scale': 5.490653197977288, 'gd_line_alpha': 0.3383591834974611, 'coalescence_d_scale': 0.3725168529622104, 'capture_scale': 7.008177112808162}. Best is trial 678 with value: 1.749291878123438.
[I 2026-05-02 19:59:14,352] Trial 804 finished with value: 1.9776646647350118 and parameters: {'f_n': 9.536591637852845e-07, 'K_d': 1016358.6395254596, 'rho_d': 12144380130088.473, 'fission_rate': 6.35660897869031e+19, 'D2_xe_scale': 0.7788049306488057, 'Dg_D1_scale': 0.1868591675303447, 'Dg_D3_scale': 1.8084918325592325, 'Dv_D1_scale': 0.26797830974858233, 'Dv_D2_scale': 1.0128827389145765, 'b_bulk_scale': 0.2337208551022072, 'b_dislocation_scale': 0.1367153599484787, 'gb_scale': 4.269608247706615, 'gd_bubble_scale': 8.632510908229284, 'gd_line_scale': 6.574304216625695, 'gd_line_alpha': 0.2858597238470547, 'coalescence_d_scale': 0.5482538446481876, 'capture_scale': 5.693015230526558}. Best is trial 678 with value: 1.749291878123438.
[I 2026-05-02 19:59:19,042] Trial 805 finished with value: 1.7733774645191902 and parameters: {'f_n': 1.2041287495734104e-06, 'K_d': 971084.1390377497, 'rho_d': 12736071931489.102, 'fission_rate': 6.09281550556901e+19, 'D2_xe_scale': 0.02772726399890293, 'Dg_D1_scale': 0.17634607923039142, 'Dg_D3_scale': 2.122475008193488, 'Dv_D1_scale': 0.3188862060877439, 'Dv_D2_scale': 3.812641541218569, 'b_bulk_scale': 0.21293747284109638, 'b_dislocation_scale': 0.1154011262280977, 'gb_scale': 5.1429570333836265, 'gd_bubble_scale': 8.91361225740328, 'gd_line_scale': 6.590389010143745, 'gd_line_alpha': 0.2738651079419576, 'coalescence_d_scale': 0.5048451863166765, 'capture_scale': 5.460736138355247}. Best is trial 678 with value: 1.749291878123438.Best trial: 678. Best value: 1.74929:  54%|█████▎    | 805/1500 [1:06:30<52:00,  4.49s/it]Best trial: 678. Best value: 1.74929:  54%|█████▎    | 805/1500 [1:06:30<52:00,  4.49s/it]Best trial: 678. Best value: 1.74929:  54%|█████▎    | 806/1500 [1:06:30<52:37,  4.55s/it]                                                                                          Best trial: 678. Best value: 1.74929:  54%|█████▎    | 806/1500 [1:06:35<52:37,  4.55s/it]Best trial: 678. Best value: 1.74929:  54%|█████▎    | 806/1500 [1:06:35<52:37,  4.55s/it]Best trial: 678. Best value: 1.74929:  54%|█████▍    | 807/1500 [1:06:35<53:05,  4.60s/it]                                                                                          Best trial: 678. Best value: 1.74929:  54%|█████▍    | 807/1500 [1:06:38<53:05,  4.60s/it]Best trial: 678. Best value: 1.74929:  54%|█████▍    | 807/1500 [1:06:38<53:05,  4.60s/it]Best trial: 678. Best value: 1.74929:  54%|█████▍    | 808/1500 [1:06:38<47:46,  4.14s/it]                                                                                          Best trial: 678. Best value: 1.74929:  54%|█████▍    | 808/1500 [1:06:41<47:46,  4.14s/it]Best trial: 678. Best value: 1.74929:  54%|█████▍    | 808/1500 [1:06:41<47:46,  4.14s/it]Best trial: 678. Best value: 1.74929:  54%|█████▍    | 809/1500 [1:06:41<45:05,  3.91s/it]                                                                                          Best trial: 678. Best value: 1.74929:  54%|█████▍    | 809/1500 [1:06:46<45:05,  3.91s/it]Best trial: 678. Best value: 1.74929:  54%|█████▍    | 809/1500 [1:06:46<45:05,  3.91s/it]Best trial: 678. Best value: 1.74929:  54%|█████▍    | 810/1500 [1:06:46<46:53,  4.08s/it]                                                                                          Best trial: 678. Best value: 1.74929:  54%|█████▍    | 810/1500 [1:06:50<46:53,  4.08s/it]Best trial: 678. Best value: 1.74929:  54%|█████▍    | 810/1500 [1:06:50<46:53,  4.08s/it]Best trial: 678. Best value: 1.74929:  54%|█████▍    | 811/1500 [1:06:50<47:46,  4.16s/it]                                                                                          Best trial: 678. Best value: 1.74929:  54%|█████▍    | 811/1500 [1:06:55<47:46,  4.16s/it]Best trial: 678. Best value: 1.74929:  54%|█████▍    | 811/1500 [1:06:55<47:46,  4.16s/it]Best trial: 678. Best value: 1.74929:  54%|█████▍    | 812/1500 [1:06:55<48:35,  4.24s/it]                                                                                          Best trial: 678. Best value: 1.74929:  54%|█████▍    | 812/1500 [1:06:59<48:35,  4.24s/it]Best trial: 678. Best value: 1.74929:  54%|█████▍    | 812/1500 [1:06:59<48:35,  4.24s/it]Best trial: 678. Best value: 1.74929:  54%|█████▍    | 813/1500 [1:06:59<49:29,  4.32s/it]                                                                                          Best trial: 678. Best value: 1.74929:  54%|█████▍    | 813/1500 [1:07:04<49:29,  4.32s/it]Best trial: 678. Best value: 1.74929:  54%|█████▍    | 813/1500 [1:07:04<49:29,  4.32s/it]Best trial: 678. Best value: 1.74929:  54%|█████▍    | 814/1500 [1:07:04<50:28,  4.41s/it]                                                                                          Best trial: 678. Best value: 1.74929:  54%|█████▍    | 814/1500 [1:07:07<50:28,  4.41s/it]Best trial: 678. Best value: 1.74929:  54%|█████▍    | 814/1500 [1:07:07<50:28,  4.41s/it]Best trial: 678. Best value: 1.74929:  54%|█████▍    | 815/1500 [1:07:07<47:49,  4.19s/it]                                                                                          Best trial: 678. Best value: 1.74929:  54%|█████▍    | 815/1500 [1:07:10<47:49,  4.19s/it]Best trial: 678. Best value: 1.74929:  54%|█████▍    | 815/1500 [1:07:10<47:49,  4.19s/it]Best trial: 678. Best value: 1.74929:  54%|█████▍    | 816/1500 [1:07:10<43:24,  3.81s/it]                                                                                          
[I 2026-05-02 19:59:23,747] Trial 806 finished with value: 1.7926875587884437 and parameters: {'f_n': 1.1995965097221164e-06, 'K_d': 889408.6891290417, 'rho_d': 11525815053494.535, 'fission_rate': 6.18700441085054e+19, 'D2_xe_scale': 0.024058004455628952, 'Dg_D1_scale': 0.165064272412232, 'Dg_D3_scale': 1.996137791820619, 'Dv_D1_scale': 0.32928088708448106, 'Dv_D2_scale': 3.4010416323774906, 'b_bulk_scale': 0.25348803141110654, 'b_dislocation_scale': 0.0953222244495588, 'gb_scale': 6.046751799107647, 'gd_bubble_scale': 7.392940390686498, 'gd_line_scale': 6.80807530661719, 'gd_line_alpha': 0.5569015889530964, 'coalescence_d_scale': 0.4449423492434061, 'capture_scale': 5.370526566943308}. Best is trial 678 with value: 1.749291878123438.
[I 2026-05-02 19:59:26,830] Trial 807 finished with value: 1.7945289230572723 and parameters: {'f_n': 1.6121883441078161e-06, 'K_d': 947301.5168876095, 'rho_d': 12428014675591.23, 'fission_rate': 6.099993892966434e+19, 'D2_xe_scale': 0.012676503939609288, 'Dg_D1_scale': 0.17448005263343908, 'Dg_D3_scale': 2.193432446781813, 'Dv_D1_scale': 0.319305149470388, 'Dv_D2_scale': 3.9963938742375156, 'b_bulk_scale': 0.21013290930630218, 'b_dislocation_scale': 0.10627631255204462, 'gb_scale': 5.286468189893055, 'gd_bubble_scale': 8.378731421417836, 'gd_line_scale': 6.823924050660146, 'gd_line_alpha': 0.2572359183463559, 'coalescence_d_scale': 0.4082025673241026, 'capture_scale': 5.420746814233413}. Best is trial 678 with value: 1.749291878123438.
