[I 2026-05-02 20:36:59,801] Trial 1322 finished with value: 2.546853790935622 and parameters: {'f_n': 5.807293277822004e-07, 'K_d': 661672.4978908405, 'rho_d': 9284456996159.63, 'fission_rate': 6.315576882215665e+19, 'D2_xe_scale': 0.06431440706386393, 'Dg_D1_scale': 0.189034979718101, 'Dg_D3_scale': 3.465644802673478, 'Dv_D1_scale': 0.2913092917761001, 'Dv_D2_scale': 3.7875525980482783, 'b_bulk_scale': 0.589890797346902, 'b_dislocation_scale': 0.14683391536238605, 'gb_scale': 4.27089427512077, 'gd_bubble_scale': 9.973565965710838, 'gd_line_scale': 0.4683261686895331, 'gd_line_alpha': 0.5687741452580892, 'coalescence_d_scale': 0.21944171207978072, 'capture_scale': 5.447945716898803}. Best is trial 1126 with value: 1.7410514264406347.Best trial: 1126. Best value: 1.74105:  88%|████████▊ | 1322/1500 [1:44:11<13:24,  4.52s/it]Best trial: 1126. Best value: 1.74105:  88%|████████▊ | 1322/1500 [1:44:11<13:24,  4.52s/it]Best trial: 1126. Best value: 1.74105:  88%|████████▊ | 1323/1500 [1:44:11<13:30,  4.58s/it]                                                                                            Best trial: 1126. Best value: 1.74105:  88%|████████▊ | 1323/1500 [1:44:16<13:30,  4.58s/it]Best trial: 1126. Best value: 1.74105:  88%|████████▊ | 1323/1500 [1:44:16<13:30,  4.58s/it]Best trial: 1126. Best value: 1.74105:  88%|████████▊ | 1324/1500 [1:44:16<13:38,  4.65s/it]                                                                                            Best trial: 1126. Best value: 1.74105:  88%|████████▊ | 1324/1500 [1:44:20<13:38,  4.65s/it]Best trial: 1126. Best value: 1.74105:  88%|████████▊ | 1324/1500 [1:44:20<13:38,  4.65s/it]Best trial: 1126. Best value: 1.74105:  88%|████████▊ | 1325/1500 [1:44:20<13:05,  4.49s/it]                                                                                            Best trial: 1126. Best value: 1.74105:  88%|████████▊ | 1325/1500 [1:44:23<13:05,  4.49s/it]Best trial: 1126. Best value: 1.74105:  88%|████████▊ | 1325/1500 [1:44:23<13:05,  4.49s/it]Best trial: 1126. Best value: 1.74105:  88%|████████▊ | 1326/1500 [1:44:23<11:52,  4.10s/it]                                                                                            Best trial: 1126. Best value: 1.74105:  88%|████████▊ | 1326/1500 [1:44:28<11:52,  4.10s/it]Best trial: 1126. Best value: 1.74105:  88%|████████▊ | 1326/1500 [1:44:28<11:52,  4.10s/it]Best trial: 1126. Best value: 1.74105:  88%|████████▊ | 1327/1500 [1:44:28<12:32,  4.35s/it]                                                                                            Best trial: 1126. Best value: 1.74105:  88%|████████▊ | 1327/1500 [1:44:33<12:32,  4.35s/it]Best trial: 1126. Best value: 1.74105:  88%|████████▊ | 1327/1500 [1:44:33<12:32,  4.35s/it]Best trial: 1126. Best value: 1.74105:  89%|████████▊ | 1328/1500 [1:44:33<12:43,  4.44s/it]                                                                                            Best trial: 1126. Best value: 1.74105:  89%|████████▊ | 1328/1500 [1:44:37<12:43,  4.44s/it]Best trial: 1126. Best value: 1.74105:  89%|████████▊ | 1328/1500 [1:44:38<12:43,  4.44s/it]Best trial: 1126. Best value: 1.74105:  89%|████████▊ | 1329/1500 [1:44:38<13:00,  4.57s/it]                                                                                            Best trial: 1126. Best value: 1.74105:  89%|████████▊ | 1329/1500 [1:44:42<13:00,  4.57s/it]Best trial: 1126. Best value: 1.74105:  89%|████████▊ | 1329/1500 [1:44:42<13:00,  4.57s/it]Best trial: 1126. Best value: 1.74105:  89%|████████▊ | 1330/1500 [1:44:42<13:02,  4.60s/it]                                                                                            Best trial: 1126. Best value: 1.74105:  89%|████████▊ | 1330/1500 [1:44:47<13:02,  4.60s/it]Best trial: 1126. Best value: 1.74105:  89%|████████▊ | 1330/1500 [1:44:47<13:02,  4.60s/it]Best trial: 1126. Best value: 1.74105:  89%|████████▊ | 1331/1500 [1:44:47<13:06,  4.65s/it]                                                                                            Best trial: 1126. Best value: 1.74105:  89%|████████▊ | 1331/1500 [1:44:52<13:06,  4.65s/it]Best trial: 1126. Best value: 1.74105:  89%|████████▊ | 1331/1500 [1:44:52<13:06,  4.65s/it]Best trial: 1126. Best value: 1.74105:  89%|████████▉ | 1332/1500 [1:44:52<13:14,  4.73s/it]                                                                                            Best trial: 1126. Best value: 1.74105:  89%|████████▉ | 1332/1500 [1:44:55<13:14,  4.73s/it]Best trial: 1126. Best value: 1.74105:  89%|████████▉ | 1332/1500 [1:44:55<13:14,  4.73s/it]Best trial: 1126. Best value: 1.74105:  89%|████████▉ | 1333/1500 [1:44:55<12:00,  4.31s/it]                                                                                            
[I 2026-05-02 20:37:04,622] Trial 1323 finished with value: 2.887453642531091 and parameters: {'f_n': 1.0210585433594455e-06, 'K_d': 604456.8414564325, 'rho_d': 8477296235805.398, 'fission_rate': 6.034219386923481e+19, 'D2_xe_scale': 0.050618431041601894, 'Dg_D1_scale': 0.16752540558075618, 'Dg_D3_scale': 2.551720033121458, 'Dv_D1_scale': 0.22804110062682142, 'Dv_D2_scale': 3.51583584817725, 'b_bulk_scale': 0.4259007706973926, 'b_dislocation_scale': 0.26447584387733253, 'gb_scale': 5.148332382014679, 'gd_bubble_scale': 8.372683806264092, 'gd_line_scale': 6.644008357551757, 'gd_line_alpha': 0.4652742957462931, 'coalescence_d_scale': 0.5372888560059172, 'capture_scale': 6.994855602417213}. Best is trial 1126 with value: 1.7410514264406347.
[I 2026-05-02 20:37:08,737] Trial 1324 finished with value: 1.8125858380248 and parameters: {'f_n': 3.489760455637622e-07, 'K_d': 766966.0914856555, 'rho_d': 11858436026516.201, 'fission_rate': 7.460097892050788e+19, 'D2_xe_scale': 0.08701420231847637, 'Dg_D1_scale': 0.18185528478042987, 'Dg_D3_scale': 2.6914765436392902, 'Dv_D1_scale': 0.27204352503366347, 'Dv_D2_scale': 3.7851392140734403, 'b_bulk_scale': 0.3614190888623737, 'b_dislocation_scale': 0.1711301930403057, 'gb_scale': 5.461482992106226, 'gd_bubble_scale': 7.557446877095969, 'gd_line_scale': 6.4295819869725825, 'gd_line_alpha': 0.5353192475009623, 'coalescence_d_scale': 0.4540028448879457, 'capture_scale': 6.017570889488327}. Best is trial 1126 with value: 1.7410514264406347.
[I 2026-05-02 20:37:11,917] Trial 1325 finished with value: 2.2634745877731564 and parameters: {'f_n': 4.6650091872199484e-07, 'K_d': 697520.7818168997, 'rho_d': 10917970869836.184, 'fission_rate': 6.159335211901174e+19, 'D2_xe_scale': 0.06211198933899437, 'Dg_D1_scale': 0.17260251034748184, 'Dg_D3_scale': 0.6384820005581426, 'Dv_D1_scale': 0.24629562782792322, 'Dv_D2_scale': 3.626994990479342, 'b_bulk_scale': 0.22784740064232073, 'b_dislocation_scale': 0.13218990055006716, 'gb_scale': 6.42764782415457, 'gd_bubble_scale': 8.958547110843307, 'gd_line_scale': 5.83684339387278, 'gd_line_alpha': 0.5988217820978208, 'coalescence_d_scale': 0.3704751242189269, 'capture_scale': 5.077315868037752}. Best is trial 1126 with value: 1.7410514264406347.
[I 2026-05-02 20:37:16,859] Trial 1326 finished with value: 2.3439043247065117 and parameters: {'f_n': 2.104702208322996e-07, 'K_d': 637520.3410133353, 'rho_d': 13197805954225.674, 'fission_rate': 5.952799062396949e+19, 'D2_xe_scale': 0.10108484397070572, 'Dg_D1_scale': 0.20338867458060336, 'Dg_D3_scale': 3.207581344814653, 'Dv_D1_scale': 1.4899674934329847, 'Dv_D2_scale': 3.1328973371043602, 'b_bulk_scale': 0.30971086585210905, 'b_dislocation_scale': 0.19668113856235597, 'gb_scale': 4.8979581006344235, 'gd_bubble_scale': 7.745827664991717, 'gd_line_scale': 6.9124714808215755, 'gd_line_alpha': 0.5125167042138923, 'coalescence_d_scale': 0.4199552634963821, 'capture_scale': 7.989505824156831}. Best is trial 1126 with value: 1.7410514264406347.
[I 2026-05-02 20:37:21,508] Trial 1327 finished with value: 2.0441093179876413 and parameters: {'f_n': 6.421127253703168e-07, 'K_d': 708089.7557646257, 'rho_d': 10445396217311.252, 'fission_rate': 6.2674657835829854e+19, 'D2_xe_scale': 0.07152591893134479, 'Dg_D1_scale': 0.16677518260326682, 'Dg_D3_scale': 2.9453041162524323, 'Dv_D1_scale': 0.91438645728778, 'Dv_D2_scale': 3.998547365713927, 'b_bulk_scale': 0.252936985051362, 'b_dislocation_scale': 0.1562787500446487, 'gb_scale': 6.7277306867618805, 'gd_bubble_scale': 8.925769501387508, 'gd_line_scale': 6.594109317505418, 'gd_line_alpha': 0.48834830302551746, 'coalescence_d_scale': 0.29194768509733143, 'capture_scale': 4.188699370289992}. Best is trial 1126 with value: 1.7410514264406347.
[I 2026-05-02 20:37:26,368] Trial 1328 finished with value: 1.7933338379542714 and parameters: {'f_n': 3.761849435021226e-07, 'K_d': 737553.4186714703, 'rho_d': 11537580043040.88, 'fission_rate': 6.1156478825276236e+19, 'D2_xe_scale': 0.054998495925327275, 'Dg_D1_scale': 0.18934680412711277, 'Dg_D3_scale': 2.3752399764635164, 'Dv_D1_scale': 0.2970546435888637, 'Dv_D2_scale': 3.448213937093962, 'b_bulk_scale': 0.4800695929553183, 'b_dislocation_scale': 0.12243483599458582, 'gb_scale': 4.331307518693146, 'gd_bubble_scale': 0.5358020954873253, 'gd_line_scale': 7.3148404250443955, 'gd_line_alpha': 0.5511885396616073, 'coalescence_d_scale': 0.34262944457159467, 'capture_scale': 6.63872035488692}. Best is trial 1126 with value: 1.7410514264406347.
[I 2026-05-02 20:37:31,057] Trial 1329 finished with value: 1.7825732291503376 and parameters: {'f_n': 2.76907356634375e-07, 'K_d': 669856.993073627, 'rho_d': 9669282269250.236, 'fission_rate': 6.329899988571453e+19, 'D2_xe_scale': 0.04535844918795906, 'Dg_D1_scale': 0.2204167397307097, 'Dg_D3_scale': 2.702727912583275, 'Dv_D1_scale': 0.26405864934033846, 'Dv_D2_scale': 3.792925562768593, 'b_bulk_scale': 0.3848820835588866, 'b_dislocation_scale': 0.1410250950654121, 'gb_scale': 5.751601145711495, 'gd_bubble_scale': 7.20957270225262, 'gd_line_scale': 6.008028474041008, 'gd_line_alpha': 0.4561301660983259, 'coalescence_d_scale': 0.47388406988230347, 'capture_scale': 7.030105146469365}. Best is trial 1126 with value: 1.7410514264406347.
[I 2026-05-02 20:37:35,829] Trial 1330 finished with value: 1.9369955158983194 and parameters: {'f_n': 5.237740784414731e-07, 'K_d': 771386.8698786389, 'rho_d': 12581541964355.896, 'fission_rate': 6.215943719220554e+19, 'D2_xe_scale': 0.07886956161838088, 'Dg_D1_scale': 0.18034403036222083, 'Dg_D3_scale': 2.542822600302283, 'Dv_D1_scale': 0.2791744584390565, 'Dv_D2_scale': 3.618633055350672, 'b_bulk_scale': 0.28886700021859635, 'b_dislocation_scale': 0.17539639955076616, 'gb_scale': 6.845184552417701, 'gd_bubble_scale': 8.20017466182477, 'gd_line_scale': 7.305082973143281, 'gd_line_alpha': 0.6271391623816889, 'coalescence_d_scale': 0.5373678997199314, 'capture_scale': 5.643246819909677}. Best is trial 1126 with value: 1.7410514264406347.
[I 2026-05-02 20:37:40,728] Trial 1331 finished with value: 3.058238899203352 and parameters: {'f_n': 7.327844980130923e-07, 'K_d': 572679.6145677445, 'rho_d': 11141833856254.277, 'fission_rate': 6.062298148924745e+19, 'D2_xe_scale': 1.0737658335927769, 'Dg_D1_scale': 0.16175158459816807, 'Dg_D3_scale': 0.2567435866341231, 'Dv_D1_scale': 0.29906786268475066, 'Dv_D2_scale': 3.997082073852788, 'b_bulk_scale': 0.33658254472049937, 'b_dislocation_scale': 0.11731129195341038, 'gb_scale': 0.2719824566681422, 'gd_bubble_scale': 9.19198126552141, 'gd_line_scale': 7.775687533077918, 'gd_line_alpha': 0.518979025978529, 'coalescence_d_scale': 0.598899807007341, 'capture_scale': 6.069319282518854}. Best is trial 1126 with value: 1.7410514264406347.
[I 2026-05-02 20:37:44,066] Trial 1332 finished with value: 1.8301242597672527 and parameters: {'f_n': 4.417329415435746e-07, 'K_d': 718531.8395306349, 'rho_d': 11900127638934.135, 'fission_rate': 6.195681079780049e+19, 'D2_xe_scale': 0.06431478251220449, 'Dg_D1_scale': 0.17468074321952234, 'Dg_D3_scale': 3.5976221965101938, 'Dv_D1_scale': 0.24226613691368384, 'Dv_D2_scale': 3.3101966536995104, 'b_bulk_scale': 0.4114854791616695, 'b_dislocation_scale': 0.157576256666222, 'gb_scale': 5.53793726985508, 'gd_bubble_scale': 6.70223899945265, 'gd_line_scale': 5.383158685561956, 'gd_line_alpha': 0.5771436247484892, 'coalescence_d_scale': 0.4114003119309784, 'capture_scale': 4.760476738327637}. Best is trial 1126 with value: 1.7410514264406347.
[I 2026-05-02 20:37:48,789] Trial 1333 finished with value: 1.9104088719041252 and parameters: {'f_n': 9.301254511031602e-07, 'K_d': 656278.8587063848, 'rho_d': 10092845459942.314, 'fission_rate': 6.3409499506020155e+19, 'D2_xe_scale': 0.11246431393700075, 'Dg_D1_scale': 0.16131841569509275, 'Dg_D3_scale': 3.0595653464108437, 'Dv_D1_scale': 0.2797355193414303, 'Dv_D2_scale': 3.770885741983169, 'b_bulk_scale': 0.4630263041653418, 'b_dislocation_scale': 0.1362588708660578, 'gb_scale': 6.332729438755538, 'gd_bubble_scale': 9.987862444508874, 'gd_line_scale': 6.919289131687431, 'gd_line_alpha': 0.48504160961258747, 'coalescence_d_scale': 0.3660927158171054, 'capture_scale': 0.19705250480085343}. Best is trial 1126 with value: 1.7410514264406347.Best trial: 1126. Best value: 1.74105:  89%|████████▉ | 1333/1500 [1:45:00<12:00,  4.31s/it]Best trial: 1126. Best value: 1.74105:  89%|████████▉ | 1333/1500 [1:45:00<12:00,  4.31s/it]Best trial: 1126. Best value: 1.74105:  89%|████████▉ | 1334/1500 [1:45:00<12:16,  4.43s/it]                                                                                            Best trial: 1126. Best value: 1.74105:  89%|████████▉ | 1334/1500 [1:45:05<12:16,  4.43s/it]Best trial: 1126. Best value: 1.74105:  89%|████████▉ | 1334/1500 [1:45:05<12:16,  4.43s/it]Best trial: 1126. Best value: 1.74105:  89%|████████▉ | 1335/1500 [1:45:05<12:31,  4.56s/it]                                                                                            Best trial: 1126. Best value: 1.74105:  89%|████████▉ | 1335/1500 [1:45:10<12:31,  4.56s/it]Best trial: 1126. Best value: 1.74105:  89%|████████▉ | 1335/1500 [1:45:10<12:31,  4.56s/it]Best trial: 1126. Best value: 1.74105:  89%|████████▉ | 1336/1500 [1:45:10<12:39,  4.63s/it]                                                                                            Best trial: 1126. Best value: 1.74105:  89%|████████▉ | 1336/1500 [1:45:14<12:39,  4.63s/it]Best trial: 1126. Best value: 1.74105:  89%|████████▉ | 1336/1500 [1:45:14<12:39,  4.63s/it]Best trial: 1126. Best value: 1.74105:  89%|████████▉ | 1337/1500 [1:45:14<12:39,  4.66s/it]                                                                                            Best trial: 1126. Best value: 1.74105:  89%|████████▉ | 1337/1500 [1:45:19<12:39,  4.66s/it]Best trial: 1126. Best value: 1.74105:  89%|████████▉ | 1337/1500 [1:45:19<12:39,  4.66s/it]Best trial: 1126. Best value: 1.74105:  89%|████████▉ | 1338/1500 [1:45:19<12:40,  4.70s/it]                                                                                            Best trial: 1126. Best value: 1.74105:  89%|████████▉ | 1338/1500 [1:45:24<12:40,  4.70s/it]Best trial: 1126. Best value: 1.74105:  89%|████████▉ | 1338/1500 [1:45:24<12:40,  4.70s/it]Best trial: 1126. Best value: 1.74105:  89%|████████▉ | 1339/1500 [1:45:24<12:45,  4.75s/it]                                                                                            Best trial: 1126. Best value: 1.74105:  89%|████████▉ | 1339/1500 [1:45:27<12:45,  4.75s/it]Best trial: 1126. Best value: 1.74105:  89%|████████▉ | 1339/1500 [1:45:27<12:45,  4.75s/it]Best trial: 1126. Best value: 1.74105:  89%|████████▉ | 1340/1500 [1:45:27<11:19,  4.25s/it]                                                                                            Best trial: 1126. Best value: 1.74105:  89%|████████▉ | 1340/1500 [1:45:32<11:19,  4.25s/it]Best trial: 1126. Best value: 1.74105:  89%|████████▉ | 1340/1500 [1:45:32<11:19,  4.25s/it]Best trial: 1126. Best value: 1.74105:  89%|████████▉ | 1341/1500 [1:45:32<11:47,  4.45s/it]                                                                                            Best trial: 1126. Best value: 1.74105:  89%|████████▉ | 1341/1500 [1:45:37<11:47,  4.45s/it]Best trial: 1126. Best value: 1.74105:  89%|████████▉ | 1341/1500 [1:45:37<11:47,  4.45s/it]Best trial: 1126. Best value: 1.74105:  89%|████████▉ | 1342/1500 [1:45:37<12:00,  4.56s/it]                                                                                            Best trial: 1126. Best value: 1.74105:  89%|████████▉ | 1342/1500 [1:45:42<12:00,  4.56s/it]Best trial: 1126. Best value: 1.74105:  89%|████████▉ | 1342/1500 [1:45:42<12:00,  4.56s/it]Best trial: 1126. Best value: 1.74105:  90%|████████▉ | 1343/1500 [1:45:42<12:10,  4.65s/it]                                                                                            Best trial: 1126. Best value: 1.74105:  90%|████████▉ | 1343/1500 [1:45:46<12:10,  4.65s/it]Best trial: 1126. Best value: 1.74105:  90%|████████▉ | 1343/1500 [1:45:46<12:10,  4.65s/it]Best trial: 1126. Best value: 1.74105:  90%|████████▉ | 1344/1500 [1:45:46<12:08,  4.67s/it]                                                                                            
[I 2026-05-02 20:37:53,634] Trial 1334 finished with value: 2.662475165508184 and parameters: {'f_n': 6.392071269263696e-07, 'K_d': 618325.5701132015, 'rho_d': 10562615683039.24, 'fission_rate': 5.9532467157785444e+19, 'D2_xe_scale': 0.0889561454880983, 'Dg_D1_scale': 0.19552379619104993, 'Dg_D3_scale': 2.3565789833555755, 'Dv_D1_scale': 0.2617019571208004, 'Dv_D2_scale': 3.9968464289333983, 'b_bulk_scale': 0.31896472426338845, 'b_dislocation_scale': 0.2239984074548987, 'gb_scale': 7.156833734868612, 'gd_bubble_scale': 8.136742058010418, 'gd_line_scale': 6.341378118987868, 'gd_line_alpha': 0.6473881247491327, 'coalescence_d_scale': 0.30947463935216474, 'capture_scale': 7.117027862504533}. Best is trial 1126 with value: 1.7410514264406347.
[I 2026-05-02 20:37:58,426] Trial 1335 finished with value: 3.1605714365697684 and parameters: {'f_n': 3.120271074776694e-07, 'K_d': 147919.48850874547, 'rho_d': 11326797871578.268, 'fission_rate': 6.087372272507401e+19, 'D2_xe_scale': 0.053870073125353024, 'Dg_D1_scale': 0.1827105270175386, 'Dg_D3_scale': 2.888881408097414, 'Dv_D1_scale': 0.21963249734602666, 'Dv_D2_scale': 3.587443396554095, 'b_bulk_scale': 0.3621880768551431, 'b_dislocation_scale': 0.17435070051743892, 'gb_scale': 4.949371369543996, 'gd_bubble_scale': 7.382038010372521, 'gd_line_scale': 1.5667270486990592, 'gd_line_alpha': 0.011334397338236657, 'coalescence_d_scale': 0.46051765251659305, 'capture_scale': 6.478195829509093}. Best is trial 1126 with value: 1.7410514264406347.
[I 2026-05-02 20:38:03,153] Trial 1336 finished with value: 2.0650570669450206 and parameters: {'f_n': 3.8744614410335923e-07, 'K_d': 778333.5404736107, 'rho_d': 13206988587606.59, 'fission_rate': 6.277914280246811e+19, 'D2_xe_scale': 0.04222944286298034, 'Dg_D1_scale': 1.6522492085526421, 'Dg_D3_scale': 3.2464980793342475, 'Dv_D1_scale': 0.3040293400993626, 'Dv_D2_scale': 3.7807277644720942, 'b_bulk_scale': 0.2654776165334282, 'b_dislocation_scale': 0.14966208996901506, 'gb_scale': 5.86914146841605, 'gd_bubble_scale': 8.921309818978495, 'gd_line_scale': 7.7511127548246845, 'gd_line_alpha': 0.5461922941600685, 'coalescence_d_scale': 0.39172317645216476, 'capture_scale': 0.5740159903169919}. Best is trial 1126 with value: 1.7410514264406347.
[I 2026-05-02 20:38:07,940] Trial 1337 finished with value: 1.8215177225591317 and parameters: {'f_n': 4.835563077801607e-07, 'K_d': 708929.9996008388, 'rho_d': 11809477534847.104, 'fission_rate': 6.205642899228483e+19, 'D2_xe_scale': 0.07124792868941074, 'Dg_D1_scale': 0.16798279018777987, 'Dg_D3_scale': 2.548893667986279, 'Dv_D1_scale': 0.28329360676136994, 'Dv_D2_scale': 3.4419748334625653, 'b_bulk_scale': 0.24339660413951725, 'b_dislocation_scale': 0.13209470526669198, 'gb_scale': 4.306816999958053, 'gd_bubble_scale': 8.168693900877283, 'gd_line_scale': 8.161446708396554, 'gd_line_alpha': 0.5065536000089048, 'coalescence_d_scale': 0.49728105703044506, 'capture_scale': 5.466775514920221}. Best is trial 1126 with value: 1.7410514264406347.
[I 2026-05-02 20:38:12,827] Trial 1338 finished with value: 2.0392164000273048 and parameters: {'f_n': 1.0266240297729947e-06, 'K_d': 748013.4069204364, 'rho_d': 10882979517624.771, 'fission_rate': 6.023427206437306e+19, 'D2_xe_scale': 0.05961861175210061, 'Dg_D1_scale': 0.21031227167110503, 'Dg_D3_scale': 2.81581889162, 'Dv_D1_scale': 0.2543152492134114, 'Dv_D2_scale': 3.7721035812246533, 'b_bulk_scale': 0.5425745034811948, 'b_dislocation_scale': 0.19106789860170773, 'gb_scale': 6.456973452924819, 'gd_bubble_scale': 6.753763787199019, 'gd_line_scale': 6.8893960032356185, 'gd_line_alpha': 0.47780881915724993, 'coalescence_d_scale': 0.5760415930955219, 'capture_scale': 7.973086412642575}. Best is trial 1126 with value: 1.7410514264406347.
[I 2026-05-02 20:38:15,903] Trial 1339 finished with value: 1.76561874936264 and parameters: {'f_n': 8.097308267496338e-07, 'K_d': 678232.3058545477, 'rho_d': 12144313457695.555, 'fission_rate': 6.366465924927947e+19, 'D2_xe_scale': 0.08662045473091505, 'Dg_D1_scale': 0.16089235491047585, 'Dg_D3_scale': 3.4764617357678556, 'Dv_D1_scale': 0.31297835592507306, 'Dv_D2_scale': 3.6289619426127073, 'b_bulk_scale': 0.28940151991751184, 'b_dislocation_scale': 0.12154017228906867, 'gb_scale': 7.385801852683707, 'gd_bubble_scale': 7.4628658916262385, 'gd_line_scale': 7.399471400338818, 'gd_line_alpha': 0.59573449533022, 'coalescence_d_scale': 0.4316324735094208, 'capture_scale': 6.313169099208678}. Best is trial 1126 with value: 1.7410514264406347.
