[I 2026-05-02 20:21:53,889] Trial 1120 finished with value: 1.8313257644156307 and parameters: {'f_n': 7.431937223100597e-08, 'K_d': 668196.1671507776, 'rho_d': 8629845570014.026, 'fission_rate': 6.267147533715333e+19, 'D2_xe_scale': 0.04131394914689311, 'Dg_D1_scale': 0.15826610117595413, 'Dg_D3_scale': 2.267283703694039, 'Dv_D1_scale': 0.2867095089034592, 'Dv_D2_scale': 3.6188077986257747, 'b_bulk_scale': 0.39693956045012735, 'b_dislocation_scale': 0.21367227926466673, 'gb_scale': 7.127756819969791, 'gd_bubble_scale': 7.371726584987794, 'gd_line_scale': 8.628899061928454, 'gd_line_alpha': 0.5470549701476428, 'coalescence_d_scale': 0.3901647645644407, 'capture_scale': 6.324239297936202}. Best is trial 925 with value: 1.7463781355085592.
[I 2026-05-02 20:21:56,870] Trial 1121 finished with value: 2.946828681194834 and parameters: {'f_n': 9.096490654129155e-07, 'K_d': 624402.0482628047, 'rho_d': 65875119245590.53, 'fission_rate': 6.343927554907557e+19, 'D2_xe_scale': 0.03464497462862675, 'Dg_D1_scale': 0.15007066291046378, 'Dg_D3_scale': 2.96436790120071, 'Dv_D1_scale': 0.3203976581614525, 'Dv_D2_scale': 3.437412271633967, 'b_bulk_scale': 0.45883625431498987, 'b_dislocation_scale': 0.1596324145191611, 'gb_scale': 6.175950785120354, 'gd_bubble_scale': 8.15200459985774, 'gd_line_scale': 0.061199703437086625, 'gd_line_alpha': 0.5745467603566774, 'coalescence_d_scale': 0.44882902249091217, 'capture_scale': 7.12145987229871}. Best is trial 925 with value: 1.7463781355085592.
[I 2026-05-02 20:22:01,731] Trial 1122 finished with value: 2.65657153693535 and parameters: {'f_n': 4.802659573602725e-07, 'K_d': 132389.83863238827, 'rho_d': 8997509896761.617, 'fission_rate': 6.122505436355697e+19, 'D2_xe_scale': 0.028638612613744768, 'Dg_D1_scale': 0.18192292284469946, 'Dg_D3_scale': 2.684496334586506, 'Dv_D1_scale': 0.2717542676712338, 'Dv_D2_scale': 3.7584569053963435, 'b_bulk_scale': 0.4055325814105631, 'b_dislocation_scale': 0.1958622724798631, 'gb_scale': 7.988802788455385, 'gd_bubble_scale': 9.266063680102047, 'gd_line_scale': 9.951224308438757, 'gd_line_alpha': 0.5310598088357843, 'coalescence_d_scale': 0.5137260310130588, 'capture_scale': 5.469427393384653}. Best is trial 925 with value: 1.7463781355085592.
[I 2026-05-02 20:22:06,450] Trial 1123 finished with value: 1.9018058787308383 and parameters: {'f_n': 6.318140782620733e-07, 'K_d': 720613.3515154005, 'rho_d': 9553724912092.316, 'fission_rate': 6.221918846366086e+19, 'D2_xe_scale': 0.03820890089098532, 'Dg_D1_scale': 0.16917246458426669, 'Dg_D3_scale': 2.4504419088127842, 'Dv_D1_scale': 0.3040396215608635, 'Dv_D2_scale': 3.786955072469535, 'b_bulk_scale': 0.382756207198857, 'b_dislocation_scale': 0.16025887634543187, 'gb_scale': 6.8601278238398224, 'gd_bubble_scale': 7.300662555626496, 'gd_line_scale': 8.562084290241252, 'gd_line_alpha': 0.5525997183633291, 'coalescence_d_scale': 0.4057059669605884, 'capture_scale': 7.007092068326026}. Best is trial 925 with value: 1.7463781355085592.
[I 2026-05-02 20:22:11,144] Trial 1124 finished with value: 2.1145490444107105 and parameters: {'f_n': 3.357919207245744e-07, 'K_d': 655989.4026939337, 'rho_d': 10397738705807.21, 'fission_rate': 6.30803859626467e+19, 'D2_xe_scale': 0.050556655138779445, 'Dg_D1_scale': 1.9652440708648031, 'Dg_D3_scale': 0.6067030336340449, 'Dv_D1_scale': 0.33660371122330723, 'Dv_D2_scale': 3.5404460108857467, 'b_bulk_scale': 0.6434865301546009, 'b_dislocation_scale': 0.17939670293340518, 'gb_scale': 5.753867058869393, 'gd_bubble_scale': 8.33151329619727, 'gd_line_scale': 8.284668629526182, 'gd_line_alpha': 0.5989580152496103, 'coalescence_d_scale': 0.37487314016151363, 'capture_scale': 6.313985737048459}. Best is trial 925 with value: 1.7463781355085592.Best trial: 925. Best value: 1.74638:  75%|███████▍  | 1124/1500 [1:29:22<28:02,  4.47s/it]Best trial: 925. Best value: 1.74638:  75%|███████▍  | 1124/1500 [1:29:22<28:02,  4.47s/it]Best trial: 925. Best value: 1.74638:  75%|███████▌  | 1125/1500 [1:29:22<28:22,  4.54s/it]                                                                                           Best trial: 925. Best value: 1.74638:  75%|███████▌  | 1125/1500 [1:29:27<28:22,  4.54s/it]Best trial: 925. Best value: 1.74638:  75%|███████▌  | 1125/1500 [1:29:27<28:22,  4.54s/it]Best trial: 925. Best value: 1.74638:  75%|███████▌  | 1126/1500 [1:29:27<28:24,  4.56s/it]                                                                                           Best trial: 925. Best value: 1.74638:  75%|███████▌  | 1126/1500 [1:29:32<28:24,  4.56s/it]Best trial: 1126. Best value: 1.74105:  75%|███████▌  | 1126/1500 [1:29:32<28:24,  4.56s/it]Best trial: 1126. Best value: 1.74105:  75%|███████▌  | 1127/1500 [1:29:32<28:45,  4.63s/it]                                                                                            Best trial: 1126. Best value: 1.74105:  75%|███████▌  | 1127/1500 [1:29:35<28:45,  4.63s/it]Best trial: 1126. Best value: 1.74105:  75%|███████▌  | 1127/1500 [1:29:35<28:45,  4.63s/it]Best trial: 1126. Best value: 1.74105:  75%|███████▌  | 1128/1500 [1:29:35<26:01,  4.20s/it]                                                                                            Best trial: 1126. Best value: 1.74105:  75%|███████▌  | 1128/1500 [1:29:40<26:01,  4.20s/it]Best trial: 1126. Best value: 1.74105:  75%|███████▌  | 1128/1500 [1:29:40<26:01,  4.20s/it]Best trial: 1126. Best value: 1.74105:  75%|███████▌  | 1129/1500 [1:29:40<27:15,  4.41s/it]                                                                                            Best trial: 1126. Best value: 1.74105:  75%|███████▌  | 1129/1500 [1:29:45<27:15,  4.41s/it]Best trial: 1126. Best value: 1.74105:  75%|███████▌  | 1129/1500 [1:29:45<27:15,  4.41s/it]Best trial: 1126. Best value: 1.74105:  75%|███████▌  | 1130/1500 [1:29:45<28:17,  4.59s/it]                                                                                            Best trial: 1126. Best value: 1.74105:  75%|███████▌  | 1130/1500 [1:29:49<28:17,  4.59s/it]Best trial: 1126. Best value: 1.74105:  75%|███████▌  | 1130/1500 [1:29:50<28:17,  4.59s/it]Best trial: 1126. Best value: 1.74105:  75%|███████▌  | 1131/1500 [1:29:50<28:34,  4.65s/it]                                                                                            Best trial: 1126. Best value: 1.74105:  75%|███████▌  | 1131/1500 [1:29:54<28:34,  4.65s/it]Best trial: 1126. Best value: 1.74105:  75%|███████▌  | 1131/1500 [1:29:55<28:34,  4.65s/it]Best trial: 1126. Best value: 1.74105:  75%|███████▌  | 1132/1500 [1:29:55<29:00,  4.73s/it]                                                                                            Best trial: 1126. Best value: 1.74105:  75%|███████▌  | 1132/1500 [1:29:59<29:00,  4.73s/it]Best trial: 1126. Best value: 1.74105:  75%|███████▌  | 1132/1500 [1:29:59<29:00,  4.73s/it]Best trial: 1126. Best value: 1.74105:  76%|███████▌  | 1133/1500 [1:29:59<29:19,  4.79s/it]                                                                                            Best trial: 1126. Best value: 1.74105:  76%|███████▌  | 1133/1500 [1:30:04<29:19,  4.79s/it]Best trial: 1126. Best value: 1.74105:  76%|███████▌  | 1133/1500 [1:30:04<29:19,  4.79s/it]Best trial: 1126. Best value: 1.74105:  76%|███████▌  | 1134/1500 [1:30:04<29:23,  4.82s/it]                                                                                            Best trial: 1126. Best value: 1.74105:  76%|███████▌  | 1134/1500 [1:30:07<29:23,  4.82s/it]Best trial: 1126. Best value: 1.74105:  76%|███████▌  | 1134/1500 [1:30:07<29:23,  4.82s/it]Best trial: 1126. Best value: 1.74105:  76%|███████▌  | 1135/1500 [1:30:07<26:10,  4.30s/it]                                                                                            
[I 2026-05-02 20:22:15,745] Trial 1125 finished with value: 2.2665600505106775 and parameters: {'f_n': 4.650100989960641e-07, 'K_d': 692479.8026116885, 'rho_d': 10697071762130.922, 'fission_rate': 6.404030311913467e+19, 'D2_xe_scale': 0.07409851034437735, 'Dg_D1_scale': 0.19534863129892138, 'Dg_D3_scale': 2.244582068021536, 'Dv_D1_scale': 0.7103630645827249, 'Dv_D2_scale': 3.790149514692089, 'b_bulk_scale': 0.48944518115933877, 'b_dislocation_scale': 0.150085087884167, 'gb_scale': 4.975235322035399, 'gd_bubble_scale': 7.175368339196224, 'gd_line_scale': 9.959042017337957, 'gd_line_alpha': 0.8108146549920535, 'coalescence_d_scale': 0.4447531775910783, 'capture_scale': 5.371352562461589}. Best is trial 925 with value: 1.7463781355085592.
[I 2026-05-02 20:22:20,527] Trial 1126 finished with value: 1.7410514264406347 and parameters: {'f_n': 7.378380711184697e-07, 'K_d': 725094.0451764656, 'rho_d': 10660303771543.688, 'fission_rate': 6.179817683922614e+19, 'D2_xe_scale': 0.05881828323785488, 'Dg_D1_scale': 0.15862388362572086, 'Dg_D3_scale': 3.1960262152578602, 'Dv_D1_scale': 0.29723008836634546, 'Dv_D2_scale': 3.994801087347672, 'b_bulk_scale': 0.4383745353551218, 'b_dislocation_scale': 0.15676082884792428, 'gb_scale': 6.669622046271633, 'gd_bubble_scale': 9.26701950698424, 'gd_line_scale': 8.862456749067105, 'gd_line_alpha': 0.6244729916467878, 'coalescence_d_scale': 0.5159352231703486, 'capture_scale': 7.207326386689152}. Best is trial 1126 with value: 1.7410514264406347.
[I 2026-05-02 20:22:23,717] Trial 1127 finished with value: 2.183186757688875 and parameters: {'f_n': 8.960324445782622e-07, 'K_d': 597226.5339779953, 'rho_d': 9360125104058.137, 'fission_rate': 6.177700796181101e+19, 'D2_xe_scale': 0.05408212206597299, 'Dg_D1_scale': 0.18233480904923988, 'Dg_D3_scale': 2.791925382862018, 'Dv_D1_scale': 0.28592326903233334, 'Dv_D2_scale': 0.23670606591465163, 'b_bulk_scale': 0.44892039675694073, 'b_dislocation_scale': 0.17731494161260283, 'gb_scale': 5.459910618156526, 'gd_bubble_scale': 7.695656414161784, 'gd_line_scale': 9.98684083175978, 'gd_line_alpha': 0.6188752997712476, 'coalescence_d_scale': 0.47674999644726607, 'capture_scale': 7.208187974665958}. Best is trial 1126 with value: 1.7410514264406347.
[I 2026-05-02 20:22:28,626] Trial 1128 finished with value: 1.8206354509857248 and parameters: {'f_n': 5.540638729374493e-07, 'K_d': 697961.5366547203, 'rho_d': 9393994943673.098, 'fission_rate': 6.100973010883329e+19, 'D2_xe_scale': 0.06776579592515486, 'Dg_D1_scale': 0.17112699885527594, 'Dg_D3_scale': 3.1544691200599964, 'Dv_D1_scale': 0.27198585893802474, 'Dv_D2_scale': 3.976962717657743, 'b_bulk_scale': 0.5383923888209425, 'b_dislocation_scale': 0.1976787620642459, 'gb_scale': 6.0486153344658735, 'gd_bubble_scale': 7.045789982473044, 'gd_line_scale': 8.927329241832577, 'gd_line_alpha': 0.6219546422670283, 'coalescence_d_scale': 0.40913990755076746, 'capture_scale': 7.24699250681043}. Best is trial 1126 with value: 1.7410514264406347.
[I 2026-05-02 20:22:33,633] Trial 1129 finished with value: 1.8209651450011104 and parameters: {'f_n': 7.129015757138962e-07, 'K_d': 731567.0369084714, 'rho_d': 10066058369481.176, 'fission_rate': 6.1324305860369015e+19, 'D2_xe_scale': 0.0648066890329809, 'Dg_D1_scale': 0.16028556498635038, 'Dg_D3_scale': 2.942055954633879, 'Dv_D1_scale': 0.29530021546233487, 'Dv_D2_scale': 3.8121855367304907, 'b_bulk_scale': 0.4513076393519438, 'b_dislocation_scale': 0.15256648598933492, 'gb_scale': 5.09528230157607, 'gd_bubble_scale': 8.265175636535087, 'gd_line_scale': 8.794674678400392, 'gd_line_alpha': 0.6624626727266663, 'coalescence_d_scale': 0.36912685035233755, 'capture_scale': 0.12161287987122082}. Best is trial 1126 with value: 1.7410514264406347.
[I 2026-05-02 20:22:38,414] Trial 1130 finished with value: 1.8391137026402653 and parameters: {'f_n': 3.2398024173667037e-07, 'K_d': 668937.0469782109, 'rho_d': 10637441595261.582, 'fission_rate': 6.189844540385954e+19, 'D2_xe_scale': 0.07586540387848693, 'Dg_D1_scale': 0.19559733103610805, 'Dg_D3_scale': 3.0594555855883785, 'Dv_D1_scale': 0.26667356389033575, 'Dv_D2_scale': 3.982630023593144, 'b_bulk_scale': 0.5604047681115273, 'b_dislocation_scale': 0.15810139061575962, 'gb_scale': 6.401441289080449, 'gd_bubble_scale': 7.686570695967695, 'gd_line_scale': 8.177975763160887, 'gd_line_alpha': 0.5915609476200034, 'coalescence_d_scale': 0.4683722135966566, 'capture_scale': 7.822166022813061}. Best is trial 1126 with value: 1.7410514264406347.
[I 2026-05-02 20:22:43,334] Trial 1131 finished with value: 1.9481770704215446 and parameters: {'f_n': 4.330001833509995e-07, 'K_d': 721188.5676300986, 'rho_d': 9574047794459.44, 'fission_rate': 6.078867615132103e+19, 'D2_xe_scale': 0.04766277914024973, 'Dg_D1_scale': 0.18129057428899933, 'Dg_D3_scale': 3.28464402531211, 'Dv_D1_scale': 0.2867169234115919, 'Dv_D2_scale': 0.8709328947182453, 'b_bulk_scale': 0.4824889596563536, 'b_dislocation_scale': 0.16975976922809863, 'gb_scale': 5.56953345184305, 'gd_bubble_scale': 9.008638645127249, 'gd_line_scale': 8.811637455257078, 'gd_line_alpha': 0.6555170069429328, 'coalescence_d_scale': 0.41524901719268975, 'capture_scale': 7.8445541351188135}. Best is trial 1126 with value: 1.7410514264406347.
[I 2026-05-02 20:22:48,284] Trial 1132 finished with value: 1.7614945441065284 and parameters: {'f_n': 8.975973855849127e-07, 'K_d': 698636.0284200374, 'rho_d': 9901060398597.777, 'fission_rate': 6.2243282315372945e+19, 'D2_xe_scale': 0.05133019754362763, 'Dg_D1_scale': 0.16812219569065417, 'Dg_D3_scale': 2.9473004311258277, 'Dv_D1_scale': 0.30905065765980677, 'Dv_D2_scale': 3.8220516725846534, 'b_bulk_scale': 0.6321713950537363, 'b_dislocation_scale': 0.1578058423594625, 'gb_scale': 6.118154483315311, 'gd_bubble_scale': 6.760504277759256, 'gd_line_scale': 7.96548547077813, 'gd_line_alpha': 0.6116513381807901, 'coalescence_d_scale': 0.5106274463602624, 'capture_scale': 7.905930497774655}. Best is trial 1126 with value: 1.7410514264406347.
[I 2026-05-02 20:22:53,160] Trial 1133 finished with value: 1.7544495947558312 and parameters: {'f_n': 5.271214528545313e-07, 'K_d': 654439.3996801629, 'rho_d': 10722454479840.29, 'fission_rate': 6.065510379704272e+19, 'D2_xe_scale': 0.06084555092549956, 'Dg_D1_scale': 0.15006191547446565, 'Dg_D3_scale': 3.276730237753045, 'Dv_D1_scale': 0.27849423229619164, 'Dv_D2_scale': 3.7925572471555156, 'b_bulk_scale': 0.3907606910533413, 'b_dislocation_scale': 0.18080394715924686, 'gb_scale': 5.002902554936153, 'gd_bubble_scale': 8.215803230549017, 'gd_line_scale': 8.769990093719572, 'gd_line_alpha': 0.574493652948707, 'coalescence_d_scale': 0.35803344609594423, 'capture_scale': 6.608221807147231}. Best is trial 1126 with value: 1.7410514264406347.
[I 2026-05-02 20:22:56,262] Trial 1134 finished with value: 3.832564940900152 and parameters: {'f_n': 3.98889080151261e-07, 'K_d': 640481.0762574528, 'rho_d': 10462704064141.932, 'fission_rate': 6.0826908901722685e+19, 'D2_xe_scale': 0.10514036536043546, 'Dg_D1_scale': 0.15861764628242006, 'Dg_D3_scale': 3.286061428846216, 'Dv_D1_scale': 0.26150422403471285, 'Dv_D2_scale': 3.9899829381523384, 'b_bulk_scale': 0.4129480857308799, 'b_dislocation_scale': 0.20509990058649752, 'gb_scale': 4.877466748177964, 'gd_bubble_scale': 6.219400629744646, 'gd_line_scale': 0.25701100267917637, 'gd_line_alpha': 0.5701930141232086, 'coalescence_d_scale': 0.3213549725358783, 'capture_scale': 6.978057172330145}. Best is trial 1126 with value: 1.7410514264406347.
[I 2026-05-02 20:23:01,099] Trial 1135 finished with value: 1.9875260780332096 and parameters: {'f_n': 5.144727626020536e-07, 'K_d': 644591.9440566398, 'rho_d': 9849511316582.652, 'fission_rate': 6.056613498477574e+19, 'D2_xe_scale': 0.08397288131881613, 'Dg_D1_scale': 0.17255324034911462, 'Dg_D3_scale': 3.246078156622044, 'Dv_D1_scale': 0.2784219224045151, 'Dv_D2_scale': 3.9941795808366023, 'b_bulk_scale': 0.3866253617475528, 'b_dislocation_scale': 0.21989613714798595, 'gb_scale': 5.649161652750303, 'gd_bubble_scale': 6.972939146647042, 'gd_line_scale': 8.756132304640996, 'gd_line_alpha': 0.6889683281151904, 'coalescence_d_scale': 0.3477192173263806, 'capture_scale': 6.543550858260044}. Best is trial 1126 with value: 1.7410514264406347.Best trial: 1126. Best value: 1.74105:  76%|███████▌  | 1135/1500 [1:30:12<26:10,  4.30s/it]Best trial: 1126. Best value: 1.74105:  76%|███████▌  | 1135/1500 [1:30:12<26:10,  4.30s/it]Best trial: 1126. Best value: 1.74105:  76%|███████▌  | 1136/1500 [1:30:12<27:04,  4.46s/it]                                                                                            Best trial: 1126. Best value: 1.74105:  76%|███████▌  | 1136/1500 [1:30:17<27:04,  4.46s/it]Best trial: 1126. Best value: 1.74105:  76%|███████▌  | 1136/1500 [1:30:17<27:04,  4.46s/it]Best trial: 1126. Best value: 1.74105:  76%|███████▌  | 1137/1500 [1:30:17<27:41,  4.58s/it]                                                                                            Best trial: 1126. Best value: 1.74105:  76%|███████▌  | 1137/1500 [1:30:22<27:41,  4.58s/it]Best trial: 1126. Best value: 1.74105:  76%|███████▌  | 1137/1500 [1:30:22<27:41,  4.58s/it]Best trial: 1126. Best value: 1.74105:  76%|███████▌  | 1138/1500 [1:30:22<28:07,  4.66s/it]                                                                                            Best trial: 1126. Best value: 1.74105:  76%|███████▌  | 1138/1500 [1:30:27<28:07,  4.66s/it]Best trial: 1126. Best value: 1.74105:  76%|███████▌  | 1138/1500 [1:30:27<28:07,  4.66s/it]Best trial: 1126. Best value: 1.74105:  76%|███████▌  | 1139/1500 [1:30:27<28:20,  4.71s/it]                                                                                            Best trial: 1126. Best value: 1.74105:  76%|███████▌  | 1139/1500 [1:30:31<28:20,  4.71s/it]Best trial: 1126. Best value: 1.74105:  76%|███████▌  | 1139/1500 [1:30:32<28:20,  4.71s/it]Best trial: 1126. Best value: 1.74105:  76%|███████▌  | 1140/1500 [1:30:32<28:24,  4.74s/it]                                                                                            Best trial: 1126. Best value: 1.74105:  76%|███████▌  | 1140/1500 [1:30:36<28:24,  4.74s/it]Best trial: 1126. Best value: 1.74105:  76%|███████▌  | 1140/1500 [1:30:36<28:24,  4.74s/it]Best trial: 1126. Best value: 1.74105:  76%|███████▌  | 1141/1500 [1:30:36<28:23,  4.74s/it]                                                                                            Best trial: 1126. Best value: 1.74105:  76%|███████▌  | 1141/1500 [1:30:39<28:23,  4.74s/it]Best trial: 1126. Best value: 1.74105:  76%|███████▌  | 1141/1500 [1:30:39<28:23,  4.74s/it]Best trial: 1126. Best value: 1.74105:  76%|███████▌  | 1142/1500 [1:30:39<24:20,  4.08s/it]                                                                                            Best trial: 1126. Best value: 1.74105:  76%|███████▌  | 1142/1500 [1:30:44<24:20,  4.08s/it]Best trial: 1126. Best value: 1.74105:  76%|███████▌  | 1142/1500 [1:30:44<24:20,  4.08s/it]Best trial: 1126. Best value: 1.74105:  76%|███████▌  | 1143/1500 [1:30:44<25:52,  4.35s/it]                                                                                            Best trial: 1126. Best value: 1.74105:  76%|███████▌  | 1143/1500 [1:30:48<25:52,  4.35s/it]Best trial: 1126. Best value: 1.74105:  76%|███████▌  | 1143/1500 [1:30:49<25:52,  4.35s/it]Best trial: 1126. Best value: 1.74105:  76%|███████▋  | 1144/1500 [1:30:49<26:26,  4.46s/it]                                                                                            Best trial: 1126. Best value: 1.74105:  76%|███████▋  | 1144/1500 [1:30:53<26:26,  4.46s/it]Best trial: 1126. Best value: 1.74105:  76%|███████▋  | 1144/1500 [1:30:53<26:26,  4.46s/it]Best trial: 1126. Best value: 1.74105:  76%|███████▋  | 1145/1500 [1:30:53<27:02,  4.57s/it]                                                                                            Best trial: 1126. Best value: 1.74105:  76%|███████▋  | 1145/1500 [1:30:58<27:02,  4.57s/it]Best trial: 1126. Best value: 1.74105:  76%|███████▋  | 1145/1500 [1:30:58<27:02,  4.57s/it]Best trial: 1126. Best value: 1.74105:  76%|███████▋  | 1146/1500 [1:30:58<27:23,  4.64s/it]                                                                                            
[I 2026-05-02 20:23:05,940] Trial 1136 finished with value: 1.8035012432183524 and parameters: {'f_n': 3.19748353932596e-07, 'K_d': 605098.1328615281, 'rho_d': 9056972856086.94, 'fission_rate': 6.0575012004947395e+19, 'D2_xe_scale': 0.06275181098575569, 'Dg_D1_scale': 0.15981888341464792, 'Dg_D3_scale': 3.025022510341489, 'Dv_D1_scale': 0.2698457173091423, 'Dv_D2_scale': 3.799293922868828, 'b_bulk_scale': 0.3720452729842745, 'b_dislocation_scale': 0.19317211268213685, 'gb_scale': 5.046804119639397, 'gd_bubble_scale': 7.571754532102681, 'gd_line_scale': 9.211760642610102, 'gd_line_alpha': 0.6328712574312978, 'coalescence_d_scale': 0.34444817379386744, 'capture_scale': 7.8869337615434}. Best is trial 1126 with value: 1.7410514264406347.
[I 2026-05-02 20:23:10,804] Trial 1137 finished with value: 1.7722287526369103 and parameters: {'f_n': 4.6451706734777154e-07, 'K_d': 601313.1174134116, 'rho_d': 10568419805595.184, 'fission_rate': 6.05357334692105e+19, 'D2_xe_scale': 0.06079211970906059, 'Dg_D1_scale': 0.15079470347241064, 'Dg_D3_scale': 3.169325396774571, 'Dv_D1_scale': 0.26876940983550035, 'Dv_D2_scale': 3.7765939433633133, 'b_bulk_scale': 0.43118707166214043, 'b_dislocation_scale': 0.18130181360430964, 'gb_scale': 4.954452474453999, 'gd_bubble_scale': 8.063204544060047, 'gd_line_scale': 9.077482156327651, 'gd_line_alpha': 0.6334397327937218, 'coalescence_d_scale': 0.3703561826885874, 'capture_scale': 7.944842507475942}. Best is trial 1126 with value: 1.7410514264406347.
