[I 2026-05-02 20:13:45,095] Trial 1010 finished with value: 2.886360196809788 and parameters: {'f_n': 8.343190423000455e-07, 'K_d': 806151.5159013493, 'rho_d': 5386721274936.428, 'fission_rate': 6.403790495385869e+19, 'D2_xe_scale': 0.05985998324332331, 'Dg_D1_scale': 0.16887292422091654, 'Dg_D3_scale': 2.486558738000216, 'Dv_D1_scale': 0.23012187076598278, 'Dv_D2_scale': 3.9999619600902303, 'b_bulk_scale': 0.26285809976493596, 'b_dislocation_scale': 0.1469199797370826, 'gb_scale': 6.953011094252327, 'gd_bubble_scale': 8.289029616616046, 'gd_line_scale': 7.556720368026439, 'gd_line_alpha': 0.498494079870098, 'coalescence_d_scale': 0.3142458622036403, 'capture_scale': 5.879528335622806}. Best is trial 925 with value: 1.7463781355085592.
[I 2026-05-02 20:13:49,895] Trial 1011 finished with value: 2.3855173240777843 and parameters: {'f_n': 1.1410779617648185e-07, 'K_d': 110113.6953032329, 'rho_d': 12907431751353.908, 'fission_rate': 6.186263020002256e+19, 'D2_xe_scale': 0.012180039745212753, 'Dg_D1_scale': 0.15038421677611993, 'Dg_D3_scale': 2.6358485051394087, 'Dv_D1_scale': 0.2813421359382843, 'Dv_D2_scale': 3.528310411818764, 'b_bulk_scale': 0.23703190009657582, 'b_dislocation_scale': 0.16696327029570388, 'gb_scale': 5.852850977001553, 'gd_bubble_scale': 5.883312317165393, 'gd_line_scale': 8.987343545290054, 'gd_line_alpha': 0.46925274254479316, 'coalescence_d_scale': 0.42164593896002606, 'capture_scale': 0.023130271882539445}. Best is trial 925 with value: 1.7463781355085592.
[I 2026-05-02 20:13:54,430] Trial 1012 finished with value: 1.7871503765793533 and parameters: {'f_n': 4.817697876773633e-07, 'K_d': 713893.5498757192, 'rho_d': 11453080094819.277, 'fission_rate': 6.552674749428966e+19, 'D2_xe_scale': 0.01002275351826442, 'Dg_D1_scale': 0.1747356397523907, 'Dg_D3_scale': 2.127632293208392, 'Dv_D1_scale': 0.2591771944503678, 'Dv_D2_scale': 3.3021257403052715, 'b_bulk_scale': 0.3454099448996155, 'b_dislocation_scale': 0.11778515894893518, 'gb_scale': 6.853420118881467, 'gd_bubble_scale': 7.114613036592999, 'gd_line_scale': 7.785377793372496, 'gd_line_alpha': 0.5375712147073575, 'coalescence_d_scale': 0.26456630412757975, 'capture_scale': 7.124885756634641}. Best is trial 925 with value: 1.7463781355085592.
[I 2026-05-02 20:13:59,112] Trial 1013 finished with value: 1.809370823159154 and parameters: {'f_n': 3.3939824913174505e-07, 'K_d': 831101.0415677489, 'rho_d': 9811645740785.672, 'fission_rate': 6.333777389592369e+19, 'D2_xe_scale': 0.014699205011617322, 'Dg_D1_scale': 0.15838665353854367, 'Dg_D3_scale': 0.5748824768378186, 'Dv_D1_scale': 0.2988642236042118, 'Dv_D2_scale': 3.6064170330189516, 'b_bulk_scale': 0.28803329211318063, 'b_dislocation_scale': 0.13400717025292, 'gb_scale': 6.198089604398887, 'gd_bubble_scale': 8.075844901929782, 'gd_line_scale': 9.981918077991937, 'gd_line_alpha': 0.4204686922696734, 'coalescence_d_scale': 0.37836508284577836, 'capture_scale': 6.312842889654872}. Best is trial 925 with value: 1.7463781355085592.
[I 2026-05-02 20:14:03,663] Trial 1014 finished with value: 2.094375905674007 and parameters: {'f_n': 2.593158886018424e-07, 'K_d': 757061.2959171059, 'rho_d': 12150457558276.826, 'fission_rate': 6.471465765639813e+19, 'D2_xe_scale': 0.026374166370387038, 'Dg_D1_scale': 0.18583497371099222, 'Dg_D3_scale': 2.2789209081268034, 'Dv_D1_scale': 0.2721283111287375, 'Dv_D2_scale': 0.5913432599055598, 'b_bulk_scale': 0.38472925367101013, 'b_dislocation_scale': 0.1957404657608939, 'gb_scale': 5.2573382462319245, 'gd_bubble_scale': 5.509131545187065, 'gd_line_scale': 6.157125260799159, 'gd_line_alpha': 0.4349901424511617, 'coalescence_d_scale': 0.32681288355044297, 'capture_scale': 7.99040471296262}. Best is trial 925 with value: 1.7463781355085592.Best trial: 925. Best value: 1.74638:  68%|██████▊   | 1014/1500 [1:21:15<36:31,  4.51s/it]Best trial: 925. Best value: 1.74638:  68%|██████▊   | 1014/1500 [1:21:15<36:31,  4.51s/it]Best trial: 925. Best value: 1.74638:  68%|██████▊   | 1015/1500 [1:21:15<36:33,  4.52s/it]                                                                                           Best trial: 925. Best value: 1.74638:  68%|██████▊   | 1015/1500 [1:21:19<36:33,  4.52s/it]Best trial: 925. Best value: 1.74638:  68%|██████▊   | 1015/1500 [1:21:19<36:33,  4.52s/it]Best trial: 925. Best value: 1.74638:  68%|██████▊   | 1016/1500 [1:21:19<35:47,  4.44s/it]                                                                                           Best trial: 925. Best value: 1.74638:  68%|██████▊   | 1016/1500 [1:21:23<35:47,  4.44s/it]Best trial: 925. Best value: 1.74638:  68%|██████▊   | 1016/1500 [1:21:24<35:47,  4.44s/it]Best trial: 925. Best value: 1.74638:  68%|██████▊   | 1017/1500 [1:21:24<35:47,  4.45s/it]                                                                                           Best trial: 925. Best value: 1.74638:  68%|██████▊   | 1017/1500 [1:21:26<35:47,  4.45s/it]Best trial: 925. Best value: 1.74638:  68%|██████▊   | 1017/1500 [1:21:26<35:47,  4.45s/it]Best trial: 925. Best value: 1.74638:  68%|██████▊   | 1018/1500 [1:21:26<31:38,  3.94s/it]                                                                                           Best trial: 925. Best value: 1.74638:  68%|██████▊   | 1018/1500 [1:21:31<31:38,  3.94s/it]Best trial: 925. Best value: 1.74638:  68%|██████▊   | 1018/1500 [1:21:31<31:38,  3.94s/it]Best trial: 925. Best value: 1.74638:  68%|██████▊   | 1019/1500 [1:21:31<32:51,  4.10s/it]                                                                                           Best trial: 925. Best value: 1.74638:  68%|██████▊   | 1019/1500 [1:21:35<32:51,  4.10s/it]Best trial: 925. Best value: 1.74638:  68%|██████▊   | 1019/1500 [1:21:35<32:51,  4.10s/it]Best trial: 925. Best value: 1.74638:  68%|██████▊   | 1020/1500 [1:21:35<34:10,  4.27s/it]                                                                                           Best trial: 925. Best value: 1.74638:  68%|██████▊   | 1020/1500 [1:21:40<34:10,  4.27s/it]Best trial: 925. Best value: 1.74638:  68%|██████▊   | 1020/1500 [1:21:40<34:10,  4.27s/it]Best trial: 925. Best value: 1.74638:  68%|██████▊   | 1021/1500 [1:21:40<35:08,  4.40s/it]                                                                                           Best trial: 925. Best value: 1.74638:  68%|██████▊   | 1021/1500 [1:21:45<35:08,  4.40s/it]Best trial: 925. Best value: 1.74638:  68%|██████▊   | 1021/1500 [1:21:45<35:08,  4.40s/it]Best trial: 925. Best value: 1.74638:  68%|██████▊   | 1022/1500 [1:21:45<36:00,  4.52s/it]                                                                                           Best trial: 925. Best value: 1.74638:  68%|██████▊   | 1022/1500 [1:21:50<36:00,  4.52s/it]Best trial: 925. Best value: 1.74638:  68%|██████▊   | 1022/1500 [1:21:50<36:00,  4.52s/it]Best trial: 925. Best value: 1.74638:  68%|██████▊   | 1023/1500 [1:21:50<36:17,  4.57s/it]                                                                                           Best trial: 925. Best value: 1.74638:  68%|██████▊   | 1023/1500 [1:21:54<36:17,  4.57s/it]Best trial: 925. Best value: 1.74638:  68%|██████▊   | 1023/1500 [1:21:54<36:17,  4.57s/it]Best trial: 925. Best value: 1.74638:  68%|██████▊   | 1024/1500 [1:21:54<36:31,  4.60s/it]                                                                                           Best trial: 925. Best value: 1.74638:  68%|██████▊   | 1024/1500 [1:21:57<36:31,  4.60s/it]Best trial: 925. Best value: 1.74638:  68%|██████▊   | 1024/1500 [1:21:57<36:31,  4.60s/it]Best trial: 925. Best value: 1.74638:  68%|██████▊   | 1025/1500 [1:21:57<32:09,  4.06s/it]                                                                                           
[I 2026-05-02 20:14:07,905] Trial 1015 finished with value: 2.6028418018566604 and parameters: {'f_n': 6.840866985678187e-07, 'K_d': 831923.1886411998, 'rho_d': 10950849190078.42, 'fission_rate': 6.7044069222583984e+19, 'D2_xe_scale': 0.01697422296614482, 'Dg_D1_scale': 0.1599785621066902, 'Dg_D3_scale': 2.40199550992929, 'Dv_D1_scale': 0.30394710255779017, 'Dv_D2_scale': 3.9995559084472827, 'b_bulk_scale': 0.3066429705369702, 'b_dislocation_scale': 0.1397516859490448, 'gb_scale': 7.323355893793257, 'gd_bubble_scale': 0.058573562057339046, 'gd_line_scale': 6.980252999527371, 'gd_line_alpha': 0.38931979862532495, 'coalescence_d_scale': 0.42682553768199755, 'capture_scale': 7.997918240788961}. Best is trial 925 with value: 1.7463781355085592.
[I 2026-05-02 20:14:12,368] Trial 1016 finished with value: 1.762777917946772 and parameters: {'f_n': 5.448412684949631e-07, 'K_d': 727784.987302148, 'rho_d': 11762132215289.578, 'fission_rate': 6.634887841704261e+19, 'D2_xe_scale': 0.013231701857751653, 'Dg_D1_scale': 0.1501950555244059, 'Dg_D3_scale': 2.8638518910917843, 'Dv_D1_scale': 0.28151887458518315, 'Dv_D2_scale': 3.7836274561184244, 'b_bulk_scale': 0.2614818394517477, 'b_dislocation_scale': 0.11923872198998435, 'gb_scale': 6.026836552412508, 'gd_bubble_scale': 6.45762654206334, 'gd_line_scale': 8.220476723704465, 'gd_line_alpha': 0.4872655101464364, 'coalescence_d_scale': 0.36612656939895905, 'capture_scale': 4.924718253103865}. Best is trial 925 with value: 1.7463781355085592.
[I 2026-05-02 20:14:15,121] Trial 1017 finished with value: 1.8192328121668944 and parameters: {'f_n': 6.820046900467155e-07, 'K_d': 694258.2560559238, 'rho_d': 12847224953153.19, 'fission_rate': 6.8294351864330625e+19, 'D2_xe_scale': 0.011693599118931041, 'Dg_D1_scale': 0.16983327988549027, 'Dg_D3_scale': 2.799337171071008, 'Dv_D1_scale': 0.2548322720368674, 'Dv_D2_scale': 3.4709649686810287, 'b_bulk_scale': 0.25104193529092855, 'b_dislocation_scale': 0.11689292502042027, 'gb_scale': 5.6845765716856, 'gd_bubble_scale': 5.539008282549399, 'gd_line_scale': 6.901952177882625, 'gd_line_alpha': 0.4995607703114806, 'coalescence_d_scale': 0.2800699091708529, 'capture_scale': 4.539293375381841}. Best is trial 925 with value: 1.7463781355085592.
[I 2026-05-02 20:14:19,595] Trial 1018 finished with value: 1.8775143153056297 and parameters: {'f_n': 5.51442480875166e-07, 'K_d': 677909.2387189867, 'rho_d': 12187206209305.38, 'fission_rate': 6.649438851017867e+19, 'D2_xe_scale': 0.013114006555796087, 'Dg_D1_scale': 0.18499929873109766, 'Dg_D3_scale': 2.9203403132413475, 'Dv_D1_scale': 0.24139215895077662, 'Dv_D2_scale': 3.7624960011608617, 'b_bulk_scale': 0.2265398365073856, 'b_dislocation_scale': 0.11761147998350968, 'gb_scale': 5.355171300028857, 'gd_bubble_scale': 6.428260127086429, 'gd_line_scale': 5.525729922542277, 'gd_line_alpha': 0.5188169824032738, 'coalescence_d_scale': 0.32765852188736233, 'capture_scale': 5.072824169955641}. Best is trial 925 with value: 1.7463781355085592.
[I 2026-05-02 20:14:24,261] Trial 1019 finished with value: 1.7841486848012134 and parameters: {'f_n': 7.622872804085885e-07, 'K_d': 654956.5219155407, 'rho_d': 11853684911168.074, 'fission_rate': 6.290683547044547e+19, 'D2_xe_scale': 0.011711861190282967, 'Dg_D1_scale': 0.1672081330169899, 'Dg_D3_scale': 3.1229691233683763, 'Dv_D1_scale': 0.2688142439796192, 'Dv_D2_scale': 3.778900645453891, 'b_bulk_scale': 0.28152724230277776, 'b_dislocation_scale': 0.1271396361925996, 'gb_scale': 5.973635592633533, 'gd_bubble_scale': 6.185071253221652, 'gd_line_scale': 7.652113115364062, 'gd_line_alpha': 0.4721594694709166, 'coalescence_d_scale': 0.36390550763233476, 'capture_scale': 4.752806082841686}. Best is trial 925 with value: 1.7463781355085592.
[I 2026-05-02 20:14:28,976] Trial 1020 finished with value: 2.8782093266801434 and parameters: {'f_n': 5.495886154424292e-07, 'K_d': 743616.9043548432, 'rho_d': 27407565462095.914, 'fission_rate': 6.256550963087993e+19, 'D2_xe_scale': 0.01409681965572521, 'Dg_D1_scale': 0.15039011166707894, 'Dg_D3_scale': 3.1287670331818744, 'Dv_D1_scale': 0.2820694531484264, 'Dv_D2_scale': 3.6023666638431755, 'b_bulk_scale': 0.2540825460048155, 'b_dislocation_scale': 0.12034308782568054, 'gb_scale': 5.268450893883144, 'gd_bubble_scale': 5.853850844120495, 'gd_line_scale': 6.731006322645362, 'gd_line_alpha': 0.4878818700327101, 'coalescence_d_scale': 0.2988096292140894, 'capture_scale': 5.745645762766264}. Best is trial 925 with value: 1.7463781355085592.
[I 2026-05-02 20:14:33,773] Trial 1021 finished with value: 1.7784838823734097 and parameters: {'f_n': 8.337672561157801e-07, 'K_d': 719935.3953838302, 'rho_d': 12887656325319.379, 'fission_rate': 6.1760356447958606e+19, 'D2_xe_scale': 0.0160681912391789, 'Dg_D1_scale': 0.15972652953564348, 'Dg_D3_scale': 2.9266146916764066, 'Dv_D1_scale': 0.25919012580265827, 'Dv_D2_scale': 3.2919476307084206, 'b_bulk_scale': 0.27740277495828913, 'b_dislocation_scale': 0.11305408613483095, 'gb_scale': 5.8940004523550575, 'gd_bubble_scale': 6.390413831192348, 'gd_line_scale': 6.301562024761607, 'gd_line_alpha': 0.4559118252671108, 'coalescence_d_scale': 0.3782672896563436, 'capture_scale': 6.506421301631021}. Best is trial 925 with value: 1.7463781355085592.
[I 2026-05-02 20:14:38,444] Trial 1022 finished with value: 1.778937274633137 and parameters: {'f_n': 4.679175191045824e-07, 'K_d': 723889.6794572744, 'rho_d': 12201984412095.594, 'fission_rate': 6.3851257896234746e+19, 'D2_xe_scale': 0.011580087455537265, 'Dg_D1_scale': 0.1754686058942348, 'Dg_D3_scale': 2.7015954959945687, 'Dv_D1_scale': 0.27957435806806197, 'Dv_D2_scale': 3.7911276409899273, 'b_bulk_scale': 0.2298530605896936, 'b_dislocation_scale': 0.12821039689004993, 'gb_scale': 6.3226828697812145, 'gd_bubble_scale': 5.3595360005969015, 'gd_line_scale': 8.057029819572053, 'gd_line_alpha': 0.5080643992255361, 'coalescence_d_scale': 0.3396135994394099, 'capture_scale': 5.118486959361692}. Best is trial 925 with value: 1.7463781355085592.
[I 2026-05-02 20:14:43,073] Trial 1023 finished with value: 1.7910774976911354 and parameters: {'f_n': 6.302103233722568e-07, 'K_d': 766452.6215409273, 'rho_d': 10498406962875.572, 'fission_rate': 6.462631717452328e+19, 'D2_xe_scale': 0.0956888509934575, 'Dg_D1_scale': 0.15010345413976087, 'Dg_D3_scale': 2.784660525132968, 'Dv_D1_scale': 0.3007152569365594, 'Dv_D2_scale': 3.463551660971181, 'b_bulk_scale': 0.314578115188598, 'b_dislocation_scale': 0.1322470850499242, 'gb_scale': 5.344183994038574, 'gd_bubble_scale': 6.763715160220228, 'gd_line_scale': 7.330927958949914, 'gd_line_alpha': 0.5267546853491302, 'coalescence_d_scale': 0.2401787504164023, 'capture_scale': 7.163477668592452}. Best is trial 925 with value: 1.7463781355085592.
[I 2026-05-02 20:14:45,937] Trial 1024 finished with value: 3.868659034392951 and parameters: {'f_n': 8.474798147352479e-07, 'K_d': 702430.6979124162, 'rho_d': 11374412689702.77, 'fission_rate': 6.883884399212569e+19, 'D2_xe_scale': 0.010112392971303716, 'Dg_D1_scale': 0.18533476081925276, 'Dg_D3_scale': 2.95000911360864, 'Dv_D1_scale': 0.9768981757033184, 'Dv_D2_scale': 3.6144482600105157, 'b_bulk_scale': 0.26281235824423116, 'b_dislocation_scale': 0.11584841710940347, 'gb_scale': 0.6791565947369181, 'gd_bubble_scale': 7.146784960467141, 'gd_line_scale': 8.23237698997064, 'gd_line_alpha': 0.48070392295964226, 'coalescence_d_scale': 0.38730938286186894, 'capture_scale': 6.063167056721335}. Best is trial 925 with value: 1.7463781355085592.
[I 2026-05-02 20:14:50,312] Trial 1025 finished with value: 2.169522821009963 and parameters: {'f_n': 6.81025245544337e-07, 'K_d': 652966.9597497357, 'rho_d': 12848137365604.748, 'fission_rate': 6.733538866221988e+19, 'D2_xe_scale': 0.013308342175612456, 'Dg_D1_scale': 0.16725199666788054, 'Dg_D3_scale': 2.5845335304200123, 'Dv_D1_scale': 0.2437303654720145, 'Dv_D2_scale': 3.774757489204601, 'b_bulk_scale': 0.23916901467079366, 'b_dislocation_scale': 0.14248314745648347, 'gb_scale': 6.758700117737771, 'gd_bubble_scale': 6.28021083318909, 'gd_line_scale': 6.146680753827153, 'gd_line_alpha': 0.541867193990503, 'coalescence_d_scale': 0.33296248785523996, 'capture_scale': 4.705768637742929}. Best is trial 925 with value: 1.7463781355085592.Best trial: 925. Best value: 1.74638:  68%|██████▊   | 1025/1500 [1:22:01<32:09,  4.06s/it]Best trial: 925. Best value: 1.74638:  68%|██████▊   | 1025/1500 [1:22:02<32:09,  4.06s/it]Best trial: 925. Best value: 1.74638:  68%|██████▊   | 1026/1500 [1:22:02<32:50,  4.16s/it]                                                                                           Best trial: 925. Best value: 1.74638:  68%|██████▊   | 1026/1500 [1:22:06<32:50,  4.16s/it]Best trial: 925. Best value: 1.74638:  68%|██████▊   | 1026/1500 [1:22:06<32:50,  4.16s/it]Best trial: 925. Best value: 1.74638:  68%|██████▊   | 1027/1500 [1:22:06<33:46,  4.28s/it]                                                                                           Best trial: 925. Best value: 1.74638:  68%|██████▊   | 1027/1500 [1:22:11<33:46,  4.28s/it]Best trial: 925. Best value: 1.74638:  68%|██████▊   | 1027/1500 [1:22:11<33:46,  4.28s/it]Best trial: 925. Best value: 1.74638:  69%|██████▊   | 1028/1500 [1:22:11<34:37,  4.40s/it]                                                                                           Best trial: 925. Best value: 1.74638:  69%|██████▊   | 1028/1500 [1:22:15<34:37,  4.40s/it]Best trial: 925. Best value: 1.74638:  69%|██████▊   | 1028/1500 [1:22:15<34:37,  4.40s/it]Best trial: 925. Best value: 1.74638:  69%|██████▊   | 1029/1500 [1:22:15<35:11,  4.48s/it]                                                                                           Best trial: 925. Best value: 1.74638:  69%|██████▊   | 1029/1500 [1:22:20<35:11,  4.48s/it]Best trial: 925. Best value: 1.74638:  69%|██████▊   | 1029/1500 [1:22:20<35:11,  4.48s/it]Best trial: 925. Best value: 1.74638:  69%|██████▊   | 1030/1500 [1:22:20<35:06,  4.48s/it]                                                                                           Best trial: 925. Best value: 1.74638:  69%|██████▊   | 1030/1500 [1:22:25<35:06,  4.48s/it]Best trial: 925. Best value: 1.74638:  69%|██████▊   | 1030/1500 [1:22:25<35:06,  4.48s/it]Best trial: 925. Best value: 1.74638:  69%|██████▊   | 1031/1500 [1:22:25<35:41,  4.57s/it]                                                                                           Best trial: 925. Best value: 1.74638:  69%|██████▊   | 1031/1500 [1:22:27<35:41,  4.57s/it]Best trial: 925. Best value: 1.74638:  69%|██████▊   | 1031/1500 [1:22:27<35:41,  4.57s/it]Best trial: 925. Best value: 1.74638:  69%|██████▉   | 1032/1500 [1:22:27<30:54,  3.96s/it]                                                                                           Best trial: 925. Best value: 1.74638:  69%|██████▉   | 1032/1500 [1:22:32<30:54,  3.96s/it]Best trial: 925. Best value: 1.74638:  69%|██████▉   | 1032/1500 [1:22:32<30:54,  3.96s/it]Best trial: 925. Best value: 1.74638:  69%|██████▉   | 1033/1500 [1:22:32<32:14,  4.14s/it]                                                                                           Best trial: 925. Best value: 1.74638:  69%|██████▉   | 1033/1500 [1:22:36<32:14,  4.14s/it]Best trial: 925. Best value: 1.74638:  69%|██████▉   | 1033/1500 [1:22:37<32:14,  4.14s/it]Best trial: 925. Best value: 1.74638:  69%|██████▉   | 1034/1500 [1:22:37<33:36,  4.33s/it]                                                                                           Best trial: 925. Best value: 1.74638:  69%|██████▉   | 1034/1500 [1:22:41<33:36,  4.33s/it]Best trial: 925. Best value: 1.74638:  69%|██████▉   | 1034/1500 [1:22:41<33:36,  4.33s/it]Best trial: 925. Best value: 1.74638:  69%|██████▉   | 1035/1500 [1:22:41<33:33,  4.33s/it]                                                                                           Best trial: 925. Best value: 1.74638:  69%|██████▉   | 1035/1500 [1:22:45<33:33,  4.33s/it]Best trial: 925. Best value: 1.74638:  69%|██████▉   | 1035/1500 [1:22:45<33:33,  4.33s/it]Best trial: 925. Best value: 1.74638:  69%|██████▉   | 1036/1500 [1:22:45<34:01,  4.40s/it]                                                                                           
[I 2026-05-02 20:14:54,893] Trial 1026 finished with value: 1.7723070017565523 and parameters: {'f_n': 4.3067453870339323e-07, 'K_d': 733347.61674707, 'rho_d': 11835913342071.488, 'fission_rate': 6.524470659942864e+19, 'D2_xe_scale': 0.016451032652063605, 'Dg_D1_scale': 0.16124999247172994, 'Dg_D3_scale': 2.58750094047748, 'Dv_D1_scale': 0.2672895852213718, 'Dv_D2_scale': 3.999155528670518, 'b_bulk_scale': 0.28750113506234615, 'b_dislocation_scale': 0.11647204004247856, 'gb_scale': 6.065404368531089, 'gd_bubble_scale': 7.184767306302248, 'gd_line_scale': 7.234869618778994, 'gd_line_alpha': 0.4919533282895387, 'coalescence_d_scale': 0.28051079477581664, 'capture_scale': 5.3135693005418005}. Best is trial 925 with value: 1.7463781355085592.
[I 2026-05-02 20:14:59,571] Trial 1027 finished with value: 1.8426542500416303 and parameters: {'f_n': 5.918058144634868e-07, 'K_d': 777136.3452278108, 'rho_d': 10893871560063.324, 'fission_rate': 6.38672374000998e+19, 'D2_xe_scale': 0.013330246807473878, 'Dg_D1_scale': 0.17672992697175496, 'Dg_D3_scale': 2.4799890421371016, 'Dv_D1_scale': 0.22920595977542524, 'Dv_D2_scale': 3.2953438627794482, 'b_bulk_scale': 0.3268092050414642, 'b_dislocation_scale': 0.12822649411810694, 'gb_scale': 5.170407877724819, 'gd_bubble_scale': 5.759826709022215, 'gd_line_scale': 8.06986300629664, 'gd_line_alpha': 0.4619405262779984, 'coalescence_d_scale': 0.38817416452639575, 'capture_scale': 0.5564170794057193}. Best is trial 925 with value: 1.7463781355085592.
