[I 2026-05-02 19:38:49,137] Trial 533 finished with value: 1.9150025375009283 and parameters: {'f_n': 2.321854264826824e-06, 'K_d': 910296.4601382393, 'rho_d': 18081794967015.188, 'fission_rate': 5.96452938988162e+19, 'D2_xe_scale': 0.3065182053150853, 'Dg_D1_scale': 0.16061587511033226, 'Dg_D3_scale': 1.2586286691668758, 'Dv_D1_scale': 0.43227732441358097, 'Dv_D2_scale': 3.4061419186361395, 'b_bulk_scale': 0.1235836843495522, 'b_dislocation_scale': 0.09762772870190853, 'gb_scale': 5.698155842518159, 'gd_bubble_scale': 7.205694204821512, 'gd_line_scale': 7.5388969489634725, 'gd_line_alpha': 0.20960952507567376, 'coalescence_d_scale': 1.0672147176666071, 'capture_scale': 5.606783287751152}. Best is trial 488 with value: 1.7773226013412071.
[I 2026-05-02 19:38:53,904] Trial 534 finished with value: 1.906488069668701 and parameters: {'f_n': 2.3509451399625163e-06, 'K_d': 840155.9294803285, 'rho_d': 19279075593193.223, 'fission_rate': 5.841298423329795e+19, 'D2_xe_scale': 0.2576953943368662, 'Dg_D1_scale': 0.16272507951882131, 'Dg_D3_scale': 1.1703871682043692, 'Dv_D1_scale': 1.2376749395197673, 'Dv_D2_scale': 3.6116444094119577, 'b_bulk_scale': 0.11095585774589398, 'b_dislocation_scale': 0.08403239737175072, 'gb_scale': 5.2917479881374625, 'gd_bubble_scale': 7.214860733692296, 'gd_line_scale': 7.546466377470389, 'gd_line_alpha': 0.24819948477355125, 'coalescence_d_scale': 0.7911632652030361, 'capture_scale': 4.723615928469253}. Best is trial 488 with value: 1.7773226013412071.
[I 2026-05-02 19:38:58,800] Trial 535 finished with value: 2.1874461921660986 and parameters: {'f_n': 2.288505244344211e-06, 'K_d': 837354.7919713479, 'rho_d': 20314941624647.336, 'fission_rate': 5.7279619216139035e+19, 'D2_xe_scale': 0.17755727374409638, 'Dg_D1_scale': 0.15001634852736614, 'Dg_D3_scale': 1.0211299252994992, 'Dv_D1_scale': 0.4296474057621026, 'Dv_D2_scale': 3.40691884916219, 'b_bulk_scale': 0.12993925813473664, 'b_dislocation_scale': 0.07398145858682559, 'gb_scale': 4.984658593743748, 'gd_bubble_scale': 6.588121015808062, 'gd_line_scale': 9.883002409738314, 'gd_line_alpha': 0.21589836280077385, 'coalescence_d_scale': 0.9754842137398259, 'capture_scale': 0.04691956699280374}. Best is trial 488 with value: 1.7773226013412071.
[I 2026-05-02 19:39:01,881] Trial 536 finished with value: 2.0788539945592506 and parameters: {'f_n': 2.348716983326809e-06, 'K_d': 978583.8595824484, 'rho_d': 14683415144537.643, 'fission_rate': 6.009692378718631e+19, 'D2_xe_scale': 0.3429270496439192, 'Dg_D1_scale': 0.18109186423064846, 'Dg_D3_scale': 0.8687712205346806, 'Dv_D1_scale': 0.40462638561214165, 'Dv_D2_scale': 3.8270402344708696, 'b_bulk_scale': 0.10723924924295769, 'b_dislocation_scale': 0.08235659893971049, 'gb_scale': 6.482338103000085, 'gd_bubble_scale': 7.278246904825163, 'gd_line_scale': 8.239142536408998, 'gd_line_alpha': 0.2361348977285363, 'coalescence_d_scale': 0.8468731639834983, 'capture_scale': 4.192739556659366}. Best is trial 488 with value: 1.7773226013412071.
[I 2026-05-02 19:39:06,644] Trial 537 finished with value: 2.725840206539884 and parameters: {'f_n': 2.9754284490384965e-06, 'K_d': 891774.377589585, 'rho_d': 15691157367922.76, 'fission_rate': 5.915793914167641e+19, 'D2_xe_scale': 0.2823437809073104, 'Dg_D1_scale': 0.17270894170483247, 'Dg_D3_scale': 1.157070629619313, 'Dv_D1_scale': 1.8654888207010896, 'Dv_D2_scale': 3.5557261161306, 'b_bulk_scale': 0.14223825215315736, 'b_dislocation_scale': 0.07185790778487164, 'gb_scale': 6.036107214607988, 'gd_bubble_scale': 6.4461011300909945, 'gd_line_scale': 8.35862425706464, 'gd_line_alpha': 0.8240243742702378, 'coalescence_d_scale': 1.3807061834366074, 'capture_scale': 5.5909555491067175}. Best is trial 488 with value: 1.7773226013412071.
[I 2026-05-02 19:39:11,441] Trial 538 finished with value: 1.7965846476091265 and parameters: {'f_n': 2.9655939383802118e-06, 'K_d': 791832.8937831429, 'rho_d': 16324215283650.25, 'fission_rate': 5.820278181225296e+19, 'D2_xe_scale': 0.246551812588637, 'Dg_D1_scale': 0.16146762850844837, 'Dg_D3_scale': 1.250965137162007, 'Dv_D1_scale': 0.4312215216005766, 'Dv_D2_scale': 3.127658089815556, 'b_bulk_scale': 0.08966493118826004, 'b_dislocation_scale': 0.08510367134944029, 'gb_scale': 5.370973347421185, 'gd_bubble_scale': 7.2577960745554515, 'gd_line_scale': 9.943851800953073, 'gd_line_alpha': 0.20628759946047162, 'coalescence_d_scale': 0.7640789442084331, 'capture_scale': 4.784550443411459}. Best is trial 488 with value: 1.7773226013412071.
[I 2026-05-02 19:39:16,145] Trial 539 finished with value: 1.7963633299936845 and parameters: {'f_n': 2.997145134930026e-06, 'K_d': 798512.4467455776, 'rho_d': 16579681627332.816, 'fission_rate': 5.961821399064847e+19, 'D2_xe_scale': 0.25508260082697565, 'Dg_D1_scale': 0.1610904264241284, 'Dg_D3_scale': 1.314992062289064, 'Dv_D1_scale': 0.4377099259623508, 'Dv_D2_scale': 3.1338010539024226, 'b_bulk_scale': 0.09000384518542905, 'b_dislocation_scale': 0.09194919876719336, 'gb_scale': 4.695572784010207, 'gd_bubble_scale': 7.6273165117136905, 'gd_line_scale': 9.912901789640312, 'gd_line_alpha': 0.20610620018985468, 'coalescence_d_scale': 0.7616044179638037, 'capture_scale': 4.374365129517389}. Best is trial 488 with value: 1.7773226013412071.
[I 2026-05-02 19:39:20,966] Trial 540 finished with value: 1.8155609888797821 and parameters: {'f_n': 2.992299071363153e-06, 'K_d': 778356.7168354961, 'rho_d': 18209210672748.184, 'fission_rate': 5.776842508753781e+19, 'D2_xe_scale': 0.2508850176644788, 'Dg_D1_scale': 0.1700822251235529, 'Dg_D3_scale': 1.3030024284487858, 'Dv_D1_scale': 0.43445588834773546, 'Dv_D2_scale': 3.1237248514916542, 'b_bulk_scale': 0.08819259139092046, 'b_dislocation_scale': 0.10235662198739141, 'gb_scale': 4.220702168354557, 'gd_bubble_scale': 7.451391792586546, 'gd_line_scale': 9.493247148304338, 'gd_line_alpha': 0.20421620702543192, 'coalescence_d_scale': 0.7760530432016841, 'capture_scale': 4.199615585748774}. Best is trial 488 with value: 1.7773226013412071.
[I 2026-05-02 19:39:25,362] Trial 541 finished with value: 2.940443884481946 and parameters: {'f_n': 2.2460970558187048e-06, 'K_d': 934877.5423733827, 'rho_d': 14560520487053.324, 'fission_rate': 5.875581422601738e+19, 'D2_xe_scale': 0.1791038151259342, 'Dg_D1_scale': 0.15903219694940104, 'Dg_D3_scale': 1.2083631677338649, 'Dv_D1_scale': 0.43484788146239733, 'Dv_D2_scale': 3.058883468936283, 'b_bulk_scale': 0.0878371880280607, 'b_dislocation_scale': 0.09117300641731871, 'gb_scale': 7.352704229811881, 'gd_bubble_scale': 1.5303457364934758, 'gd_line_scale': 7.591242979429265, 'gd_line_alpha': 0.20801087111824254, 'coalescence_d_scale': 0.7402266448252953, 'capture_scale': 5.573288986969791}. Best is trial 488 with value: 1.7773226013412071.Best trial: 488. Best value: 1.77732:  36%|███▌      | 541/1500 [46:36<1:14:23,  4.65s/it]Best trial: 488. Best value: 1.77732:  36%|███▌      | 541/1500 [46:37<1:14:23,  4.65s/it]Best trial: 488. Best value: 1.77732:  36%|███▌      | 542/1500 [46:37<1:13:09,  4.58s/it]                                                                                          Best trial: 488. Best value: 1.77732:  36%|███▌      | 542/1500 [46:41<1:13:09,  4.58s/it]Best trial: 488. Best value: 1.77732:  36%|███▌      | 542/1500 [46:41<1:13:09,  4.58s/it]Best trial: 488. Best value: 1.77732:  36%|███▌      | 543/1500 [46:41<1:13:22,  4.60s/it]                                                                                          Best trial: 488. Best value: 1.77732:  36%|███▌      | 543/1500 [46:44<1:13:22,  4.60s/it]Best trial: 543. Best value: 1.76936:  36%|███▌      | 543/1500 [46:44<1:13:22,  4.60s/it]Best trial: 543. Best value: 1.76936:  36%|███▋      | 544/1500 [46:44<1:07:06,  4.21s/it]                                                                                          Best trial: 543. Best value: 1.76936:  36%|███▋      | 544/1500 [46:49<1:07:06,  4.21s/it]Best trial: 543. Best value: 1.76936:  36%|███▋      | 544/1500 [46:49<1:07:06,  4.21s/it]Best trial: 543. Best value: 1.76936:  36%|███▋      | 545/1500 [46:49<1:10:45,  4.45s/it]                                                                                          Best trial: 543. Best value: 1.76936:  36%|███▋      | 545/1500 [46:54<1:10:45,  4.45s/it]Best trial: 543. Best value: 1.76936:  36%|███▋      | 545/1500 [46:54<1:10:45,  4.45s/it]Best trial: 543. Best value: 1.76936:  36%|███▋      | 546/1500 [46:54<1:11:03,  4.47s/it]                                                                                          Best trial: 543. Best value: 1.76936:  36%|███▋      | 546/1500 [46:59<1:11:03,  4.47s/it]Best trial: 543. Best value: 1.76936:  36%|███▋      | 546/1500 [46:59<1:11:03,  4.47s/it]Best trial: 543. Best value: 1.76936:  36%|███▋      | 547/1500 [46:59<1:12:19,  4.55s/it]                                                                                          Best trial: 543. Best value: 1.76936:  36%|███▋      | 547/1500 [47:03<1:12:19,  4.55s/it]Best trial: 543. Best value: 1.76936:  36%|███▋      | 547/1500 [47:03<1:12:19,  4.55s/it]Best trial: 543. Best value: 1.76936:  37%|███▋      | 548/1500 [47:03<1:12:35,  4.57s/it]                                                                                          Best trial: 543. Best value: 1.76936:  37%|███▋      | 548/1500 [47:08<1:12:35,  4.57s/it]Best trial: 543. Best value: 1.76936:  37%|███▋      | 548/1500 [47:08<1:12:35,  4.57s/it]Best trial: 543. Best value: 1.76936:  37%|███▋      | 549/1500 [47:08<1:13:06,  4.61s/it]                                                                                          Best trial: 543. Best value: 1.76936:  37%|███▋      | 549/1500 [47:13<1:13:06,  4.61s/it]Best trial: 543. Best value: 1.76936:  37%|███▋      | 549/1500 [47:13<1:13:06,  4.61s/it]Best trial: 543. Best value: 1.76936:  37%|███▋      | 550/1500 [47:13<1:13:02,  4.61s/it]                                                                                          Best trial: 543. Best value: 1.76936:  37%|███▋      | 550/1500 [47:16<1:13:02,  4.61s/it]Best trial: 543. Best value: 1.76936:  37%|███▋      | 550/1500 [47:16<1:13:02,  4.61s/it]Best trial: 543. Best value: 1.76936:  37%|███▋      | 551/1500 [47:16<1:06:54,  4.23s/it]                                                                                          Best trial: 543. Best value: 1.76936:  37%|███▋      | 551/1500 [47:21<1:06:54,  4.23s/it]Best trial: 543. Best value: 1.76936:  37%|███▋      | 551/1500 [47:21<1:06:54,  4.23s/it]Best trial: 543. Best value: 1.76936:  37%|███▋      | 552/1500 [47:21<1:10:11,  4.44s/it]                                                                                          
[I 2026-05-02 19:39:30,027] Trial 542 finished with value: 1.8061710937989999 and parameters: {'f_n': 2.23224691270467e-06, 'K_d': 870145.5082271792, 'rho_d': 16234382167473.162, 'fission_rate': 6.0547923347905176e+19, 'D2_xe_scale': 0.28956696604296506, 'Dg_D1_scale': 0.1802171156597036, 'Dg_D3_scale': 1.2288053044213954, 'Dv_D1_scale': 0.4338762478550512, 'Dv_D2_scale': 3.270896895622959, 'b_bulk_scale': 0.09241714114815049, 'b_dislocation_scale': 0.0885669055358528, 'gb_scale': 4.943892326539918, 'gd_bubble_scale': 7.4894704156905405, 'gd_line_scale': 9.645635460146838, 'gd_line_alpha': 0.2071086991775417, 'coalescence_d_scale': 0.8408591502523642, 'capture_scale': 4.767506657774652}. Best is trial 488 with value: 1.7773226013412071.
[I 2026-05-02 19:39:33,321] Trial 543 finished with value: 1.7693614194807372 and parameters: {'f_n': 2.9888599135231378e-06, 'K_d': 778504.677559061, 'rho_d': 16910352860543.31, 'fission_rate': 5.725180233436491e+19, 'D2_xe_scale': 0.2440080560345716, 'Dg_D1_scale': 0.16559811765744112, 'Dg_D3_scale': 1.2853084939063764, 'Dv_D1_scale': 0.4196638312867761, 'Dv_D2_scale': 3.990720728665524, 'b_bulk_scale': 0.08941761361570776, 'b_dislocation_scale': 0.07299347555764928, 'gb_scale': 5.623151167901836, 'gd_bubble_scale': 7.73490720743612, 'gd_line_scale': 8.279514863709194, 'gd_line_alpha': 0.2531964583575592, 'coalescence_d_scale': 0.7520561342974538, 'capture_scale': 4.202303726394102}. Best is trial 543 with value: 1.7693614194807372.
[I 2026-05-02 19:39:38,323] Trial 544 finished with value: 2.6599932960279267 and parameters: {'f_n': 2.1515496113589007e-06, 'K_d': 776642.8605497897, 'rho_d': 20712976708655.465, 'fission_rate': 5.71503435796562e+19, 'D2_xe_scale': 0.1853657852271783, 'Dg_D1_scale': 0.1503103390272932, 'Dg_D3_scale': 1.3194157332600742, 'Dv_D1_scale': 1.475591841444768, 'Dv_D2_scale': 3.9922148772696384, 'b_bulk_scale': 0.08928369331587227, 'b_dislocation_scale': 0.0713341478404644, 'gb_scale': 5.9723544337720895, 'gd_bubble_scale': 7.513738588827545, 'gd_line_scale': 9.8854686077795, 'gd_line_alpha': 0.2565533967450902, 'coalescence_d_scale': 0.7526686306269527, 'capture_scale': 4.159382289412379}. Best is trial 543 with value: 1.7693614194807372.
[I 2026-05-02 19:39:42,847] Trial 545 finished with value: 1.8718687859743386 and parameters: {'f_n': 2.9910137154164168e-06, 'K_d': 1024633.7461560706, 'rho_d': 17474331534554.809, 'fission_rate': 6.2526194281907536e+19, 'D2_xe_scale': 0.30289246103368733, 'Dg_D1_scale': 0.16623579915067985, 'Dg_D3_scale': 1.263078728709736, 'Dv_D1_scale': 0.41839726770258584, 'Dv_D2_scale': 3.7593906707514333, 'b_bulk_scale': 0.09672217403098556, 'b_dislocation_scale': 0.08476072504398623, 'gb_scale': 4.599821817907337, 'gd_bubble_scale': 7.625228234952899, 'gd_line_scale': 7.57855328902054, 'gd_line_alpha': 0.25064382941354607, 'coalescence_d_scale': 0.7407950362888638, 'capture_scale': 4.146470234544554}. Best is trial 543 with value: 1.7693614194807372.
[I 2026-05-02 19:39:47,587] Trial 546 finished with value: 1.9077867325149898 and parameters: {'f_n': 2.952806624581597e-06, 'K_d': 780235.4747588838, 'rho_d': 17246245665368.03, 'fission_rate': 5.923834971690684e+19, 'D2_xe_scale': 0.23296759425850977, 'Dg_D1_scale': 0.16037771349736618, 'Dg_D3_scale': 0.9539436070486081, 'Dv_D1_scale': 0.44192867059781965, 'Dv_D2_scale': 3.1291664519741107, 'b_bulk_scale': 0.08704356107231076, 'b_dislocation_scale': 0.07086637237133973, 'gb_scale': 4.079470397095839, 'gd_bubble_scale': 5.861151245248964, 'gd_line_scale': 9.956769926964535, 'gd_line_alpha': 0.20256646041302465, 'coalescence_d_scale': 0.832241638773192, 'capture_scale': 4.654345184097177}. Best is trial 543 with value: 1.7693614194807372.
[I 2026-05-02 19:39:52,221] Trial 547 finished with value: 2.348663786419453 and parameters: {'f_n': 2.235709304400952e-06, 'K_d': 880611.5609436082, 'rho_d': 18327397617208.21, 'fission_rate': 5.774745761614195e+19, 'D2_xe_scale': 0.26350554270603926, 'Dg_D1_scale': 0.1700268671456112, 'Dg_D3_scale': 1.1632551590511473, 'Dv_D1_scale': 0.420077039982193, 'Dv_D2_scale': 2.8298546983260904, 'b_bulk_scale': 0.10429761459729597, 'b_dislocation_scale': 0.09711607746120558, 'gb_scale': 5.494942449155175, 'gd_bubble_scale': 0.27114047898626525, 'gd_line_scale': 8.181134142396573, 'gd_line_alpha': 0.23571407539561687, 'coalescence_d_scale': 0.7627690874536958, 'capture_scale': 4.108696586529383}. Best is trial 543 with value: 1.7693614194807372.
[I 2026-05-02 19:39:56,921] Trial 548 finished with value: 2.062574606239596 and parameters: {'f_n': 2.4352631485453392e-06, 'K_d': 788634.7294293031, 'rho_d': 18886770873864.66, 'fission_rate': 5.9946307222980035e+19, 'D2_xe_scale': 0.11360572811987098, 'Dg_D1_scale': 0.1594862698201331, 'Dg_D3_scale': 0.9895196394135921, 'Dv_D1_scale': 0.43876927788301634, 'Dv_D2_scale': 3.998252493629998, 'b_bulk_scale': 0.09189173722236718, 'b_dislocation_scale': 0.07181015275323258, 'gb_scale': 4.936138969121018, 'gd_bubble_scale': 7.722772734419703, 'gd_line_scale': 9.999762706235375, 'gd_line_alpha': 0.2518775298725944, 'coalescence_d_scale': 0.8594849509970832, 'capture_scale': 4.788205298113867}. Best is trial 543 with value: 1.7693614194807372.
[I 2026-05-02 19:40:01,538] Trial 549 finished with value: 2.3829154740331755 and parameters: {'f_n': 2.9717893672425197e-06, 'K_d': 840523.3946392443, 'rho_d': 14664393963502.39, 'fission_rate': 5.862441349573484e+19, 'D2_xe_scale': 0.33482827920206, 'Dg_D1_scale': 0.15001130660353354, 'Dg_D3_scale': 1.3130048627279867, 'Dv_D1_scale': 2.4059079614505223, 'Dv_D2_scale': 3.3361670060156325, 'b_bulk_scale': 0.1031015845736181, 'b_dislocation_scale': 0.08300036086502578, 'gb_scale': 6.2613913755618125, 'gd_bubble_scale': 6.1185935998923995, 'gd_line_scale': 7.359204172788914, 'gd_line_alpha': 0.2063440615179937, 'coalescence_d_scale': 0.7125044382294698, 'capture_scale': 3.938698494985625}. Best is trial 543 with value: 1.7693614194807372.
[I 2026-05-02 19:40:04,874] Trial 550 finished with value: 1.7992336156994737 and parameters: {'f_n': 2.1016580143854983e-06, 'K_d': 931715.0056578646, 'rho_d': 16365045551479.68, 'fission_rate': 5.712434629619696e+19, 'D2_xe_scale': 0.4344769588828502, 'Dg_D1_scale': 0.18380232955114714, 'Dg_D3_scale': 1.1533681638157542, 'Dv_D1_scale': 0.4104984263311852, 'Dv_D2_scale': 3.692669663817131, 'b_bulk_scale': 0.08679320178016944, 'b_dislocation_scale': 0.07231865700142022, 'gb_scale': 4.351763785436527, 'gd_bubble_scale': 6.4490924308786495, 'gd_line_scale': 8.50446359226132, 'gd_line_alpha': 0.22771122633111457, 'coalescence_d_scale': 0.757937751261013, 'capture_scale': 0.5450714565147441}. Best is trial 543 with value: 1.7693614194807372.
[I 2026-05-02 19:40:09,814] Trial 551 finished with value: 1.8259467107124006 and parameters: {'f_n': 2.1153906981852758e-06, 'K_d': 955600.6206798735, 'rho_d': 16528762325124.967, 'fission_rate': 5.699088708830105e+19, 'D2_xe_scale': 0.47419734075751685, 'Dg_D1_scale': 0.1863627869718754, 'Dg_D3_scale': 1.1631386865783164, 'Dv_D1_scale': 0.4169932114039773, 'Dv_D2_scale': 3.7261158311942255, 'b_bulk_scale': 0.08597223946473524, 'b_dislocation_scale': 0.07036163118037446, 'gb_scale': 4.070049705877809, 'gd_bubble_scale': 5.651202362766701, 'gd_line_scale': 8.114457936450602, 'gd_line_alpha': 0.20545751493314232, 'coalescence_d_scale': 0.7418033074631664, 'capture_scale': 0.02945233177849499}. Best is trial 543 with value: 1.7693614194807372.
