[I 2026-05-02 20:11:08,149] Trial 973 finished with value: 1.8826395984540816 and parameters: {'f_n': 4.2000038930318135e-07, 'K_d': 739021.9815232907, 'rho_d': 10873925139695.643, 'fission_rate': 6.460576080642073e+19, 'D2_xe_scale': 0.01173597473769007, 'Dg_D1_scale': 0.16977798107468137, 'Dg_D3_scale': 2.2969227497796676, 'Dv_D1_scale': 0.24009443378115103, 'Dv_D2_scale': 3.997511024522709, 'b_bulk_scale': 0.26366220302169346, 'b_dislocation_scale': 0.12439533813623388, 'gb_scale': 7.414436241077012, 'gd_bubble_scale': 7.440903846936779, 'gd_line_scale': 6.650101282879176, 'gd_line_alpha': 0.45222179155276465, 'coalescence_d_scale': 0.3730040701619788, 'capture_scale': 5.6843512353530725}. Best is trial 925 with value: 1.7463781355085592.
[I 2026-05-02 20:11:11,096] Trial 974 finished with value: 1.770565079055063 and parameters: {'f_n': 6.315052508611252e-07, 'K_d': 793872.4929293864, 'rho_d': 12743022299044.21, 'fission_rate': 6.546653704516608e+19, 'D2_xe_scale': 0.013479354745222898, 'Dg_D1_scale': 0.15014273296288053, 'Dg_D3_scale': 2.5274239853020646, 'Dv_D1_scale': 0.28264250793463325, 'Dv_D2_scale': 3.9982242031685358, 'b_bulk_scale': 0.3905898410182696, 'b_dislocation_scale': 0.15264875638621336, 'gb_scale': 6.754461643200503, 'gd_bubble_scale': 6.823097000796079, 'gd_line_scale': 9.12922572018667, 'gd_line_alpha': 0.5044333389255926, 'coalescence_d_scale': 0.3819111429592216, 'capture_scale': 7.96618267551859}. Best is trial 925 with value: 1.7463781355085592.
[I 2026-05-02 20:11:15,765] Trial 975 finished with value: 3.6560293381122366 and parameters: {'f_n': 3.120211700935403e-07, 'K_d': 741741.174165514, 'rho_d': 11728110956247.674, 'fission_rate': 6.211694376904828e+19, 'D2_xe_scale': 0.0778036691595907, 'Dg_D1_scale': 0.18052569507608926, 'Dg_D3_scale': 2.808497401486588, 'Dv_D1_scale': 0.26050211445721577, 'Dv_D2_scale': 3.5914446594696834, 'b_bulk_scale': 0.31799429454746087, 'b_dislocation_scale': 0.13801921962622038, 'gb_scale': 7.997699054305229, 'gd_bubble_scale': 7.538665583775877, 'gd_line_scale': 0.0817859390714387, 'gd_line_alpha': 0.47671283279945986, 'coalescence_d_scale': 0.3010588140746914, 'capture_scale': 6.3991494267698945}. Best is trial 925 with value: 1.7463781355085592.
[I 2026-05-02 20:11:20,354] Trial 976 finished with value: 1.7995829358636408 and parameters: {'f_n': 5.131024121375813e-07, 'K_d': 787909.8787643582, 'rho_d': 10470887849246.59, 'fission_rate': 6.3768980166636044e+19, 'D2_xe_scale': 0.010099744039330904, 'Dg_D1_scale': 0.15891377182758692, 'Dg_D3_scale': 2.4382859667412022, 'Dv_D1_scale': 0.24762361092966356, 'Dv_D2_scale': 3.732884523935599, 'b_bulk_scale': 0.2695820058725399, 'b_dislocation_scale': 0.123844284086425, 'gb_scale': 6.001884921591492, 'gd_bubble_scale': 6.717713845955732, 'gd_line_scale': 7.757297800466063, 'gd_line_alpha': 0.526585392711685, 'coalescence_d_scale': 0.3737722411799029, 'capture_scale': 5.771465778279607}. Best is trial 925 with value: 1.7463781355085592.
[I 2026-05-02 20:11:24,795] Trial 977 finished with value: 3.4032625266456575 and parameters: {'f_n': 4.047989653896788e-07, 'K_d': 799347.6431839309, 'rho_d': 30161070352107.88, 'fission_rate': 6.609425320788416e+19, 'D2_xe_scale': 0.01834537674920251, 'Dg_D1_scale': 0.17064604915180728, 'Dg_D3_scale': 2.2882373025346943, 'Dv_D1_scale': 0.2818021152031872, 'Dv_D2_scale': 3.6045679563716067, 'b_bulk_scale': 0.30189573634844313, 'b_dislocation_scale': 0.16265465898536477, 'gb_scale': 5.4504812817408395, 'gd_bubble_scale': 6.166294687813498, 'gd_line_scale': 0.3175445541594215, 'gd_line_alpha': 0.5905834246369391, 'coalescence_d_scale': 0.25386691823322466, 'capture_scale': 6.96004493908085}. Best is trial 925 with value: 1.7463781355085592.
[I 2026-05-02 20:11:29,193] Trial 978 finished with value: 2.0262926139771538 and parameters: {'f_n': 7.849583443432895e-07, 'K_d': 679701.3435405885, 'rho_d': 11146439501838.342, 'fission_rate': 6.847691718876245e+19, 'D2_xe_scale': 0.011915128862035825, 'Dg_D1_scale': 0.1588588846653064, 'Dg_D3_scale': 2.684567014416944, 'Dv_D1_scale': 0.26717069758467854, 'Dv_D2_scale': 3.998640037158657, 'b_bulk_scale': 0.3476238869029388, 'b_dislocation_scale': 0.13593461113312014, 'gb_scale': 6.814227222271538, 'gd_bubble_scale': 7.605682990018374, 'gd_line_scale': 5.6903437427695795, 'gd_line_alpha': 0.4682769461206292, 'coalescence_d_scale': 0.3307061798999218, 'capture_scale': 6.341215670463985}. Best is trial 925 with value: 1.7463781355085592.
[I 2026-05-02 20:11:33,713] Trial 979 finished with value: 1.8679565764261945 and parameters: {'f_n': 3.1496165092629666e-07, 'K_d': 799441.5837629589, 'rho_d': 12253423634986.533, 'fission_rate': 6.686261333588667e+19, 'D2_xe_scale': 0.015404503251601212, 'Dg_D1_scale': 0.18214542438136866, 'Dg_D3_scale': 2.317583771239094, 'Dv_D1_scale': 0.25704963169596345, 'Dv_D2_scale': 3.4930169062522514, 'b_bulk_scale': 0.4310487160384584, 'b_dislocation_scale': 0.1455051588349253, 'gb_scale': 5.990606036934663, 'gd_bubble_scale': 5.644029989703453, 'gd_line_scale': 8.272259418727888, 'gd_line_alpha': 0.4448315818959726, 'coalescence_d_scale': 0.291963397495463, 'capture_scale': 7.094775527423803}. Best is trial 925 with value: 1.7463781355085592.
[I 2026-05-02 20:11:38,385] Trial 980 finished with value: 1.9472694338908971 and parameters: {'f_n': 6.331055909296326e-07, 'K_d': 734389.6999666505, 'rho_d': 9964054343316.736, 'fission_rate': 6.296361699754331e+19, 'D2_xe_scale': 0.015544876961518978, 'Dg_D1_scale': 0.16880999587839118, 'Dg_D3_scale': 2.534017946849059, 'Dv_D1_scale': 0.27829301194522477, 'Dv_D2_scale': 3.7893097656438632, 'b_bulk_scale': 0.2642795375229554, 'b_dislocation_scale': 0.12261025423745738, 'gb_scale': 7.327375207188635, 'gd_bubble_scale': 7.699886960540729, 'gd_line_scale': 7.235340939322144, 'gd_line_alpha': 0.5368677316434949, 'coalescence_d_scale': 0.3780353742168192, 'capture_scale': 5.705753738373185}. Best is trial 925 with value: 1.7463781355085592.
[I 2026-05-02 20:11:40,959] Trial 981 finished with value: 1.8440929852671821 and parameters: {'f_n': 5.554375233258021e-07, 'K_d': 753601.1248088964, 'rho_d': 12708353904632.352, 'fission_rate': 7.280069841446435e+19, 'D2_xe_scale': 0.01945654390289411, 'Dg_D1_scale': 0.1501989500976521, 'Dg_D3_scale': 2.9152821057888896, 'Dv_D1_scale': 0.242846449237627, 'Dv_D2_scale': 3.3519603271964993, 'b_bulk_scale': 0.37441553253038945, 'b_dislocation_scale': 0.15721296074188423, 'gb_scale': 5.488049960058284, 'gd_bubble_scale': 6.64511536239426, 'gd_line_scale': 6.289123355929147, 'gd_line_alpha': 0.4943119793713419, 'coalescence_d_scale': 0.32425063356325223, 'capture_scale': 7.074711884895155}. Best is trial 925 with value: 1.7463781355085592.Best trial: 925. Best value: 1.74638:  65%|██████▌   | 981/1500 [1:18:52<38:56,  4.50s/it]Best trial: 925. Best value: 1.74638:  65%|██████▌   | 981/1500 [1:18:52<38:56,  4.50s/it]Best trial: 925. Best value: 1.74638:  65%|██████▌   | 982/1500 [1:18:52<33:54,  3.93s/it]                                                                                          Best trial: 925. Best value: 1.74638:  65%|██████▌   | 982/1500 [1:18:57<33:54,  3.93s/it]Best trial: 925. Best value: 1.74638:  65%|██████▌   | 982/1500 [1:18:57<33:54,  3.93s/it]Best trial: 925. Best value: 1.74638:  66%|██████▌   | 983/1500 [1:18:57<35:33,  4.13s/it]                                                                                          Best trial: 925. Best value: 1.74638:  66%|██████▌   | 983/1500 [1:19:01<35:33,  4.13s/it]Best trial: 925. Best value: 1.74638:  66%|██████▌   | 983/1500 [1:19:01<35:33,  4.13s/it]Best trial: 925. Best value: 1.74638:  66%|██████▌   | 984/1500 [1:19:01<36:51,  4.29s/it]                                                                                          Best trial: 925. Best value: 1.74638:  66%|██████▌   | 984/1500 [1:19:06<36:51,  4.29s/it]Best trial: 925. Best value: 1.74638:  66%|██████▌   | 984/1500 [1:19:06<36:51,  4.29s/it]Best trial: 925. Best value: 1.74638:  66%|██████▌   | 985/1500 [1:19:06<37:25,  4.36s/it]                                                                                          Best trial: 925. Best value: 1.74638:  66%|██████▌   | 985/1500 [1:19:10<37:25,  4.36s/it]Best trial: 925. Best value: 1.74638:  66%|██████▌   | 985/1500 [1:19:11<37:25,  4.36s/it]Best trial: 925. Best value: 1.74638:  66%|██████▌   | 986/1500 [1:19:11<37:57,  4.43s/it]                                                                                          Best trial: 925. Best value: 1.74638:  66%|██████▌   | 986/1500 [1:19:15<37:57,  4.43s/it]Best trial: 925. Best value: 1.74638:  66%|██████▌   | 986/1500 [1:19:15<37:57,  4.43s/it]Best trial: 925. Best value: 1.74638:  66%|██████▌   | 987/1500 [1:19:15<37:43,  4.41s/it]                                                                                          Best trial: 925. Best value: 1.74638:  66%|██████▌   | 987/1500 [1:19:20<37:43,  4.41s/it]Best trial: 925. Best value: 1.74638:  66%|██████▌   | 987/1500 [1:19:20<37:43,  4.41s/it]Best trial: 925. Best value: 1.74638:  66%|██████▌   | 988/1500 [1:19:20<38:24,  4.50s/it]                                                                                          Best trial: 925. Best value: 1.74638:  66%|██████▌   | 988/1500 [1:19:23<38:24,  4.50s/it]Best trial: 925. Best value: 1.74638:  66%|██████▌   | 988/1500 [1:19:23<38:24,  4.50s/it]Best trial: 925. Best value: 1.74638:  66%|██████▌   | 989/1500 [1:19:23<34:35,  4.06s/it]                                                                                          Best trial: 925. Best value: 1.74638:  66%|██████▌   | 989/1500 [1:19:27<34:35,  4.06s/it]Best trial: 925. Best value: 1.74638:  66%|██████▌   | 989/1500 [1:19:27<34:35,  4.06s/it]Best trial: 925. Best value: 1.74638:  66%|██████▌   | 990/1500 [1:19:27<35:52,  4.22s/it]                                                                                          Best trial: 925. Best value: 1.74638:  66%|██████▌   | 990/1500 [1:19:32<35:52,  4.22s/it]Best trial: 925. Best value: 1.74638:  66%|██████▌   | 990/1500 [1:19:32<35:52,  4.22s/it]Best trial: 925. Best value: 1.74638:  66%|██████▌   | 991/1500 [1:19:32<36:46,  4.33s/it]                                                                                          Best trial: 925. Best value: 1.74638:  66%|██████▌   | 991/1500 [1:19:37<36:46,  4.33s/it]Best trial: 925. Best value: 1.74638:  66%|██████▌   | 991/1500 [1:19:37<36:46,  4.33s/it]Best trial: 925. Best value: 1.74638:  66%|██████▌   | 992/1500 [1:19:37<37:47,  4.46s/it]                                                                                          
[I 2026-05-02 20:11:45,583] Trial 982 finished with value: 1.9250605816864148 and parameters: {'f_n': 2.473467281177367e-07, 'K_d': 795189.9385470733, 'rho_d': 11702325344647.62, 'fission_rate': 6.422279171914179e+19, 'D2_xe_scale': 0.013678173601333346, 'Dg_D1_scale': 0.18069377248037563, 'Dg_D3_scale': 2.3212545395607687, 'Dv_D1_scale': 0.28304712971843715, 'Dv_D2_scale': 3.7783378737890323, 'b_bulk_scale': 0.298625869764263, 'b_dislocation_scale': 0.13283502275235876, 'gb_scale': 6.566474665473989, 'gd_bubble_scale': 7.789633886606564, 'gd_line_scale': 9.14844326786557, 'gd_line_alpha': 0.450432283955986, 'coalescence_d_scale': 0.39342000421808293, 'capture_scale': 5.808663469351542}. Best is trial 925 with value: 1.7463781355085592.
[I 2026-05-02 20:11:50,246] Trial 983 finished with value: 3.6448891456756773 and parameters: {'f_n': 4.0649371915677317e-07, 'K_d': 692300.41047961, 'rho_d': 11140552461627.492, 'fission_rate': 6.1903196708177445e+19, 'D2_xe_scale': 0.011509133723495817, 'Dg_D1_scale': 0.1599101728359644, 'Dg_D3_scale': 2.2203499577450443, 'Dv_D1_scale': 0.23204686383185302, 'Dv_D2_scale': 3.99837851098931, 'b_bulk_scale': 0.6786422411300271, 'b_dislocation_scale': 0.19214167052054548, 'gb_scale': 6.0031406690398, 'gd_bubble_scale': 6.317747778912553, 'gd_line_scale': 0.16863769898078546, 'gd_line_alpha': 0.5105755484620691, 'coalescence_d_scale': 0.3555223291163708, 'capture_scale': 7.979531915736795}. Best is trial 925 with value: 1.7463781355085592.
[I 2026-05-02 20:11:54,782] Trial 984 finished with value: 2.060071135333595 and parameters: {'f_n': 7.708694248507028e-07, 'K_d': 793103.1466203827, 'rho_d': 12684621728073.049, 'fission_rate': 6.511197893401848e+19, 'D2_xe_scale': 0.014311812687985927, 'Dg_D1_scale': 0.16912380242103817, 'Dg_D3_scale': 2.4985930249396664, 'Dv_D1_scale': 1.413699648555123, 'Dv_D2_scale': 3.611607545187589, 'b_bulk_scale': 0.3570785169562047, 'b_dislocation_scale': 0.1204759247810178, 'gb_scale': 7.995694731929769, 'gd_bubble_scale': 7.001122043135222, 'gd_line_scale': 8.174370961977178, 'gd_line_alpha': 0.44190737858631274, 'coalescence_d_scale': 0.3886046183620387, 'capture_scale': 6.505884108293216}. Best is trial 925 with value: 1.7463781355085592.
[I 2026-05-02 20:11:59,378] Trial 985 finished with value: 2.1877083214710966 and parameters: {'f_n': 4.803777384995073e-07, 'K_d': 729733.0494128098, 'rho_d': 12009456674350.23, 'fission_rate': 6.3490132820948115e+19, 'D2_xe_scale': 0.018023734866574586, 'Dg_D1_scale': 0.15010238767741885, 'Dg_D3_scale': 2.7134083963820093, 'Dv_D1_scale': 0.2885806639403073, 'Dv_D2_scale': 0.39765365505805655, 'b_bulk_scale': 0.32401444294557, 'b_dislocation_scale': 0.17360938354489608, 'gb_scale': 6.761280636210956, 'gd_bubble_scale': 7.623619302658954, 'gd_line_scale': 6.95196293782265, 'gd_line_alpha': 0.4749760754029525, 'coalescence_d_scale': 0.29016685099689427, 'capture_scale': 5.702070490060126}. Best is trial 925 with value: 1.7463781355085592.
[I 2026-05-02 20:12:03,749] Trial 986 finished with value: 2.100040832755621 and parameters: {'f_n': 6.499283014515256e-07, 'K_d': 799770.3507228259, 'rho_d': 10605851313944.342, 'fission_rate': 6.748888023066057e+19, 'D2_xe_scale': 0.011664301725195803, 'Dg_D1_scale': 0.1835132255200546, 'Dg_D3_scale': 2.3861097705704886, 'Dv_D1_scale': 0.2640394278646827, 'Dv_D2_scale': 3.76364779073364, 'b_bulk_scale': 0.26463061718351205, 'b_dislocation_scale': 0.1479198020857631, 'gb_scale': 7.26099632549421, 'gd_bubble_scale': 7.795145948063619, 'gd_line_scale': 7.487472030004928, 'gd_line_alpha': 0.5716345576014977, 'coalescence_d_scale': 0.33927416809184546, 'capture_scale': 6.566166434354277}. Best is trial 925 with value: 1.7463781355085592.
[I 2026-05-02 20:12:08,454] Trial 987 finished with value: 1.98454796619817 and parameters: {'f_n': 3.493866116138666e-07, 'K_d': 745683.2175167499, 'rho_d': 11170118448478.32, 'fission_rate': 6.2689214401842676e+19, 'D2_xe_scale': 0.010070619671162375, 'Dg_D1_scale': 0.1660691200266249, 'Dg_D3_scale': 2.1991474188312745, 'Dv_D1_scale': 0.28936250581211925, 'Dv_D2_scale': 3.43128633648545, 'b_bulk_scale': 0.49721720129514013, 'b_dislocation_scale': 0.13387619067986847, 'gb_scale': 5.633231849412733, 'gd_bubble_scale': 6.577634385412498, 'gd_line_scale': 9.276422496752401, 'gd_line_alpha': 0.4676187201978438, 'coalescence_d_scale': 0.3721911828882712, 'capture_scale': 0.254461595143221}. Best is trial 925 with value: 1.7463781355085592.
[I 2026-05-02 20:12:11,439] Trial 988 finished with value: 1.8834189337570169 and parameters: {'f_n': 5.33371452482899e-07, 'K_d': 324604.63956638734, 'rho_d': 11907823180467.445, 'fission_rate': 6.462982102505833e+19, 'D2_xe_scale': 0.020677170149253486, 'Dg_D1_scale': 0.15826466659592267, 'Dg_D3_scale': 2.5899683261698923, 'Dv_D1_scale': 0.2641360837692145, 'Dv_D2_scale': 3.9995420122844676, 'b_bulk_scale': 0.4079251800921302, 'b_dislocation_scale': 0.12199099455591855, 'gb_scale': 6.167266911274335, 'gd_bubble_scale': 7.030435634576225, 'gd_line_scale': 8.336722215301437, 'gd_line_alpha': 0.5372138847470269, 'coalescence_d_scale': 0.3071955813265847, 'capture_scale': 5.575227746546719}. Best is trial 925 with value: 1.7463781355085592.
[I 2026-05-02 20:12:16,080] Trial 989 finished with value: 1.8031364591642858 and parameters: {'f_n': 1.825415707473771e-07, 'K_d': 701665.703696146, 'rho_d': 12676840523517.44, 'fission_rate': 6.586919868073485e+19, 'D2_xe_scale': 0.014624604837475422, 'Dg_D1_scale': 0.17304406825080754, 'Dg_D3_scale': 2.3509200918635105, 'Dv_D1_scale': 0.28387891644438784, 'Dv_D2_scale': 3.6264901421085023, 'b_bulk_scale': 0.2941062132158555, 'b_dislocation_scale': 0.16181221166800586, 'gb_scale': 6.752695729258671, 'gd_bubble_scale': 5.764144902545348, 'gd_line_scale': 6.199344589318307, 'gd_line_alpha': 0.5049429853549102, 'coalescence_d_scale': 0.4095989315987814, 'capture_scale': 7.999132772232199}. Best is trial 925 with value: 1.7463781355085592.
[I 2026-05-02 20:12:20,682] Trial 990 finished with value: 2.142894655192638 and parameters: {'f_n': 7.850466789773421e-07, 'K_d': 767832.1151013505, 'rho_d': 10227963069954.203, 'fission_rate': 6.362999012311876e+19, 'D2_xe_scale': 0.016387394493296646, 'Dg_D1_scale': 0.1590388465212848, 'Dg_D3_scale': 2.7992837181991352, 'Dv_D1_scale': 0.24832336038782302, 'Dv_D2_scale': 3.7659813306299736, 'b_bulk_scale': 0.32790498944602975, 'b_dislocation_scale': 0.2527868765578829, 'gb_scale': 0.5096467557011564, 'gd_bubble_scale': 7.890700442006477, 'gd_line_scale': 7.463407825894099, 'gd_line_alpha': 0.6059986213350551, 'coalescence_d_scale': 0.33859816658294306, 'capture_scale': 6.9904243485134305}. Best is trial 925 with value: 1.7463781355085592.
[I 2026-05-02 20:12:25,447] Trial 991 finished with value: 2.0197102372825846 and parameters: {'f_n': 4.1749641300647253e-07, 'K_d': 811283.190912298, 'rho_d': 11364113697469.111, 'fission_rate': 6.173851081687189e+19, 'D2_xe_scale': 0.01312263229076259, 'Dg_D1_scale': 3.1630092328776294, 'Dg_D3_scale': 3.0099796972749657, 'Dv_D1_scale': 0.2723192024588951, 'Dv_D2_scale': 3.417857943411331, 'b_bulk_scale': 0.2623749967829723, 'b_dislocation_scale': 0.140394492962604, 'gb_scale': 5.402332674543906, 'gd_bubble_scale': 7.707249834204293, 'gd_line_scale': 6.59709807066268, 'gd_line_alpha': 0.4361544484274041, 'coalescence_d_scale': 0.3757568709604906, 'capture_scale': 6.2677045222720675}. Best is trial 925 with value: 1.7463781355085592.
