[I 2026-05-02 20:16:26,195] Trial 1047 finished with value: 1.7627504451161857 and parameters: {'f_n': 4.736449877238108e-07, 'K_d': 810540.0043864264, 'rho_d': 10677863205285.527, 'fission_rate': 6.3924639049474286e+19, 'D2_xe_scale': 0.013860775814011586, 'Dg_D1_scale': 0.16719939754743635, 'Dg_D3_scale': 2.368702732948898, 'Dv_D1_scale': 0.2691715445698867, 'Dv_D2_scale': 3.7995484466118663, 'b_bulk_scale': 0.30178302705248444, 'b_dislocation_scale': 0.12364205521336447, 'gb_scale': 7.276997568495806, 'gd_bubble_scale': 8.132275131578599, 'gd_line_scale': 9.06914287758827, 'gd_line_alpha': 0.3644172739851874, 'coalescence_d_scale': 0.3405427480612133, 'capture_scale': 5.387363472690062}. Best is trial 925 with value: 1.7463781355085592.Best trial: 925. Best value: 1.74638:  70%|██████▉   | 1047/1500 [1:23:37<31:31,  4.18s/it]Best trial: 925. Best value: 1.74638:  70%|██████▉   | 1047/1500 [1:23:37<31:31,  4.18s/it]Best trial: 925. Best value: 1.74638:  70%|██████▉   | 1048/1500 [1:23:37<32:34,  4.32s/it]                                                                                           Best trial: 925. Best value: 1.74638:  70%|██████▉   | 1048/1500 [1:23:42<32:34,  4.32s/it]Best trial: 925. Best value: 1.74638:  70%|██████▉   | 1048/1500 [1:23:42<32:34,  4.32s/it]Best trial: 925. Best value: 1.74638:  70%|██████▉   | 1049/1500 [1:23:42<33:38,  4.48s/it]                                                                                           Best trial: 925. Best value: 1.74638:  70%|██████▉   | 1049/1500 [1:23:47<33:38,  4.48s/it]Best trial: 925. Best value: 1.74638:  70%|██████▉   | 1049/1500 [1:23:47<33:38,  4.48s/it]Best trial: 925. Best value: 1.74638:  70%|███████   | 1050/1500 [1:23:47<34:05,  4.55s/it]                                                                                           Best trial: 925. Best value: 1.74638:  70%|███████   | 1050/1500 [1:23:52<34:05,  4.55s/it]Best trial: 925. Best value: 1.74638:  70%|███████   | 1050/1500 [1:23:52<34:05,  4.55s/it]Best trial: 925. Best value: 1.74638:  70%|███████   | 1051/1500 [1:23:52<34:53,  4.66s/it]                                                                                           Best trial: 925. Best value: 1.74638:  70%|███████   | 1051/1500 [1:23:56<34:53,  4.66s/it]Best trial: 925. Best value: 1.74638:  70%|███████   | 1051/1500 [1:23:56<34:53,  4.66s/it]Best trial: 925. Best value: 1.74638:  70%|███████   | 1052/1500 [1:23:56<34:40,  4.64s/it]                                                                                           Best trial: 925. Best value: 1.74638:  70%|███████   | 1052/1500 [1:23:59<34:40,  4.64s/it]Best trial: 925. Best value: 1.74638:  70%|███████   | 1052/1500 [1:24:00<34:40,  4.64s/it]Best trial: 925. Best value: 1.74638:  70%|███████   | 1053/1500 [1:24:00<31:09,  4.18s/it]                                                                                           Best trial: 925. Best value: 1.74638:  70%|███████   | 1053/1500 [1:24:04<31:09,  4.18s/it]Best trial: 925. Best value: 1.74638:  70%|███████   | 1053/1500 [1:24:04<31:09,  4.18s/it]Best trial: 925. Best value: 1.74638:  70%|███████   | 1054/1500 [1:24:04<32:12,  4.33s/it]                                                                                           Best trial: 925. Best value: 1.74638:  70%|███████   | 1054/1500 [1:24:09<32:12,  4.33s/it]Best trial: 925. Best value: 1.74638:  70%|███████   | 1054/1500 [1:24:09<32:12,  4.33s/it]Best trial: 925. Best value: 1.74638:  70%|███████   | 1055/1500 [1:24:09<32:56,  4.44s/it]                                                                                           Best trial: 925. Best value: 1.74638:  70%|███████   | 1055/1500 [1:24:13<32:56,  4.44s/it]Best trial: 925. Best value: 1.74638:  70%|███████   | 1055/1500 [1:24:14<32:56,  4.44s/it]Best trial: 925. Best value: 1.74638:  70%|███████   | 1056/1500 [1:24:14<33:09,  4.48s/it]                                                                                           Best trial: 925. Best value: 1.74638:  70%|███████   | 1056/1500 [1:24:18<33:09,  4.48s/it]Best trial: 925. Best value: 1.74638:  70%|███████   | 1056/1500 [1:24:18<33:09,  4.48s/it]Best trial: 925. Best value: 1.74638:  70%|███████   | 1057/1500 [1:24:18<33:36,  4.55s/it]                                                                                           Best trial: 925. Best value: 1.74638:  70%|███████   | 1057/1500 [1:24:23<33:36,  4.55s/it]Best trial: 925. Best value: 1.74638:  70%|███████   | 1057/1500 [1:24:23<33:36,  4.55s/it]Best trial: 925. Best value: 1.74638:  71%|███████   | 1058/1500 [1:24:23<33:47,  4.59s/it]                                                                                           
[I 2026-05-02 20:16:30,966] Trial 1048 finished with value: 1.7791809467893749 and parameters: {'f_n': 2.8639709772731053e-07, 'K_d': 842661.2035349091, 'rho_d': 10234039344105.021, 'fission_rate': 6.384879979032088e+19, 'D2_xe_scale': 0.021053024992828705, 'Dg_D1_scale': 0.18735313038227416, 'Dg_D3_scale': 2.32318330955433, 'Dv_D1_scale': 0.25187725589870863, 'Dv_D2_scale': 3.4669526559866584, 'b_bulk_scale': 0.37053393191169043, 'b_dislocation_scale': 0.14890045666867385, 'gb_scale': 7.241948725909361, 'gd_bubble_scale': 8.121643317806933, 'gd_line_scale': 8.79054834085672, 'gd_line_alpha': 0.38030514185471653, 'coalescence_d_scale': 0.29897562920966203, 'capture_scale': 7.966607492121592}. Best is trial 925 with value: 1.7463781355085592.
[I 2026-05-02 20:16:35,748] Trial 1049 finished with value: 1.763969891228783 and parameters: {'f_n': 4.1706869320263245e-07, 'K_d': 809837.2828685706, 'rho_d': 9799854043683.457, 'fission_rate': 6.344984961866192e+19, 'D2_xe_scale': 0.02696592603982532, 'Dg_D1_scale': 0.17910307798028616, 'Dg_D3_scale': 2.072960459989407, 'Dv_D1_scale': 0.26428158864440066, 'Dv_D2_scale': 3.9963550092428908, 'b_bulk_scale': 0.3240831337120015, 'b_dislocation_scale': 0.13578432866419526, 'gb_scale': 7.505553108901306, 'gd_bubble_scale': 8.44555596724244, 'gd_line_scale': 9.103896714328101, 'gd_line_alpha': 0.36935161569612174, 'coalescence_d_scale': 0.2622751616515947, 'capture_scale': 6.154099261386352}. Best is trial 925 with value: 1.7463781355085592.
[I 2026-05-02 20:16:40,637] Trial 1050 finished with value: 1.8792335832854832 and parameters: {'f_n': 4.528626959929263e-07, 'K_d': 869202.7967730759, 'rho_d': 10762980225382.686, 'fission_rate': 6.249559867266818e+19, 'D2_xe_scale': 0.015352443060272414, 'Dg_D1_scale': 0.17554501146583984, 'Dg_D3_scale': 2.2517595848515954, 'Dv_D1_scale': 0.2289432853868463, 'Dv_D2_scale': 3.6309276199032112, 'b_bulk_scale': 0.3024792479762269, 'b_dislocation_scale': 0.1573815770362546, 'gb_scale': 7.3434465816237395, 'gd_bubble_scale': 8.465813078776687, 'gd_line_scale': 9.165472138251587, 'gd_line_alpha': 0.3671450457281165, 'coalescence_d_scale': 1.5893432958905411, 'capture_scale': 5.7631636218561555}. Best is trial 925 with value: 1.7463781355085592.
[I 2026-05-02 20:16:45,286] Trial 1051 finished with value: 1.963468072914819 and parameters: {'f_n': 3.2929512561662936e-07, 'K_d': 838244.3036439712, 'rho_d': 10012535743246.447, 'fission_rate': 6.423896948781696e+19, 'D2_xe_scale': 0.017803468139541517, 'Dg_D1_scale': 1.5896385551367138, 'Dg_D3_scale': 2.4554774864237623, 'Dv_D1_scale': 0.24317071831541284, 'Dv_D2_scale': 3.782762039967288, 'b_bulk_scale': 0.3397982503987936, 'b_dislocation_scale': 0.1282744130819028, 'gb_scale': 7.974042226094673, 'gd_bubble_scale': 7.639672291982914, 'gd_line_scale': 9.242483930901107, 'gd_line_alpha': 0.354691609514099, 'coalescence_d_scale': 0.33094433942231055, 'capture_scale': 6.495504121126592}. Best is trial 925 with value: 1.7463781355085592.
[I 2026-05-02 20:16:48,387] Trial 1052 finished with value: 2.0443266512853193 and parameters: {'f_n': 6.703000049595059e-07, 'K_d': 357255.6435911338, 'rho_d': 10487461824923.9, 'fission_rate': 6.1760766269846585e+19, 'D2_xe_scale': 0.010098243552795861, 'Dg_D1_scale': 0.1900356570495613, 'Dg_D3_scale': 2.139303724719415, 'Dv_D1_scale': 0.7987384457784792, 'Dv_D2_scale': 3.601638852649378, 'b_bulk_scale': 0.37412300573314416, 'b_dislocation_scale': 0.17434712374522884, 'gb_scale': 7.98380260867188, 'gd_bubble_scale': 8.336463115781319, 'gd_line_scale': 7.821681951117836, 'gd_line_alpha': 0.4027900251739521, 'coalescence_d_scale': 0.43304940867902636, 'capture_scale': 5.308435398428388}. Best is trial 925 with value: 1.7463781355085592.
[I 2026-05-02 20:16:53,071] Trial 1053 finished with value: 2.640201966358252 and parameters: {'f_n': 2.4461646791390823e-07, 'K_d': 793425.4729174493, 'rho_d': 10923953532292.248, 'fission_rate': 6.302144082798964e+19, 'D2_xe_scale': 0.013117915475757302, 'Dg_D1_scale': 0.8171935876210294, 'Dg_D3_scale': 2.2977888686890235, 'Dv_D1_scale': 0.2660605910304331, 'Dv_D2_scale': 3.4229549222832003, 'b_bulk_scale': 2.328543764934291, 'b_dislocation_scale': 0.11303927761444446, 'gb_scale': 6.777949886672775, 'gd_bubble_scale': 2.581156710962367, 'gd_line_scale': 6.15739689456794, 'gd_line_alpha': 0.3554092462390328, 'coalescence_d_scale': 0.3352639030665725, 'capture_scale': 6.89752751133248}. Best is trial 925 with value: 1.7463781355085592.
[I 2026-05-02 20:16:57,765] Trial 1054 finished with value: 3.584675953949984 and parameters: {'f_n': 1.849408848654438e-07, 'K_d': 867835.5181006189, 'rho_d': 9473834909577.908, 'fission_rate': 6.3905261019547664e+19, 'D2_xe_scale': 0.021265929102654273, 'Dg_D1_scale': 0.16665264212426456, 'Dg_D3_scale': 0.5240452737577459, 'Dv_D1_scale': 0.30189506355103163, 'Dv_D2_scale': 3.185869262507417, 'b_bulk_scale': 0.29768190957926094, 'b_dislocation_scale': 0.140639016257559, 'gb_scale': 0.11389408087452181, 'gd_bubble_scale': 7.574265187710434, 'gd_line_scale': 7.842914588929954, 'gd_line_alpha': 0.39094327742093876, 'coalescence_d_scale': 0.29181488580001963, 'capture_scale': 7.170711512776168}. Best is trial 925 with value: 1.7463781355085592.
[I 2026-05-02 20:17:02,340] Trial 1055 finished with value: 1.8494010967725647 and parameters: {'f_n': 4.891562164857133e-07, 'K_d': 795664.799675545, 'rho_d': 11105933834346.64, 'fission_rate': 6.471045314344937e+19, 'D2_xe_scale': 0.03742065983164528, 'Dg_D1_scale': 0.17634905459120187, 'Dg_D3_scale': 2.393922024023455, 'Dv_D1_scale': 0.27146358410184285, 'Dv_D2_scale': 3.9991165118232095, 'b_bulk_scale': 0.35096117593655457, 'b_dislocation_scale': 0.12475031282543884, 'gb_scale': 6.75097463659362, 'gd_bubble_scale': 0.6118257223694429, 'gd_line_scale': 9.161093391615964, 'gd_line_alpha': 0.7423801698406844, 'coalescence_d_scale': 0.39878683917103586, 'capture_scale': 5.874458834688769}. Best is trial 925 with value: 1.7463781355085592.
[I 2026-05-02 20:17:07,050] Trial 1056 finished with value: 2.1790544269705143 and parameters: {'f_n': 8.410855943793079e-07, 'K_d': 848293.8898948055, 'rho_d': 10156511465379.322, 'fission_rate': 6.235896660839006e+19, 'D2_xe_scale': 0.01541360697625708, 'Dg_D1_scale': 0.18712365067839606, 'Dg_D3_scale': 2.0090900509162033, 'Dv_D1_scale': 0.31313030375231954, 'Dv_D2_scale': 3.792421323515134, 'b_bulk_scale': 0.3124673920779424, 'b_dislocation_scale': 0.1572216872216745, 'gb_scale': 6.759339381236901, 'gd_bubble_scale': 8.436046065684012, 'gd_line_scale': 6.87291506227173, 'gd_line_alpha': 0.4080041621212024, 'coalescence_d_scale': 0.45149567258237655, 'capture_scale': 6.377195260463707}. Best is trial 925 with value: 1.7463781355085592.
[I 2026-05-02 20:17:11,723] Trial 1057 finished with value: 1.790066915428524 and parameters: {'f_n': 3.7088157634532913e-07, 'K_d': 782706.1970567898, 'rho_d': 10593998039375.002, 'fission_rate': 6.343452620049303e+19, 'D2_xe_scale': 0.025307437896069523, 'Dg_D1_scale': 0.16692442913859842, 'Dg_D3_scale': 2.1543642338729487, 'Dv_D1_scale': 0.24912203114915218, 'Dv_D2_scale': 3.6066460274640892, 'b_bulk_scale': 0.2826642076263308, 'b_dislocation_scale': 0.10938335231809894, 'gb_scale': 6.31506548395547, 'gd_bubble_scale': 8.394765751549064, 'gd_line_scale': 5.635062765226899, 'gd_line_alpha': 0.42081194097850955, 'coalescence_d_scale': 0.3605748654545718, 'capture_scale': 4.498991488715424}. Best is trial 925 with value: 1.7463781355085592.
[I 2026-05-02 20:17:15,770] Trial 1058 finished with value: 1.94223998743445 and parameters: {'f_n': 5.566508858013522e-07, 'K_d': 822291.2323187822, 'rho_d': 11364476276298.484, 'fission_rate': 7.443242289977157e+19, 'D2_xe_scale': 0.011409769070999996, 'Dg_D1_scale': 0.1681705163479667, 'Dg_D3_scale': 2.464971770837884, 'Dv_D1_scale': 0.2918368229461309, 'Dv_D2_scale': 3.7534355331600886, 'b_bulk_scale': 0.21776591721272281, 'b_dislocation_scale': 0.13527555994390716, 'gb_scale': 7.287726707820894, 'gd_bubble_scale': 7.263352500055026, 'gd_line_scale': 8.29842094733039, 'gd_line_alpha': 0.3604385119466244, 'coalescence_d_scale': 0.3889623520502618, 'capture_scale': 5.370856043825557}. Best is trial 925 with value: 1.7463781355085592.Best trial: 925. Best value: 1.74638:  71%|███████   | 1058/1500 [1:24:27<33:47,  4.59s/it]Best trial: 925. Best value: 1.74638:  71%|███████   | 1058/1500 [1:24:27<33:47,  4.59s/it]Best trial: 925. Best value: 1.74638:  71%|███████   | 1059/1500 [1:24:27<32:31,  4.43s/it]                                                                                           Best trial: 925. Best value: 1.74638:  71%|███████   | 1059/1500 [1:24:29<32:31,  4.43s/it]Best trial: 925. Best value: 1.74638:  71%|███████   | 1059/1500 [1:24:29<32:31,  4.43s/it]Best trial: 925. Best value: 1.74638:  71%|███████   | 1060/1500 [1:24:29<27:35,  3.76s/it]                                                                                           Best trial: 925. Best value: 1.74638:  71%|███████   | 1060/1500 [1:24:34<27:35,  3.76s/it]Best trial: 925. Best value: 1.74638:  71%|███████   | 1060/1500 [1:24:34<27:35,  3.76s/it]Best trial: 925. Best value: 1.74638:  71%|███████   | 1061/1500 [1:24:34<29:42,  4.06s/it]                                                                                           Best trial: 925. Best value: 1.74638:  71%|███████   | 1061/1500 [1:24:38<29:42,  4.06s/it]Best trial: 925. Best value: 1.74638:  71%|███████   | 1061/1500 [1:24:39<29:42,  4.06s/it]Best trial: 925. Best value: 1.74638:  71%|███████   | 1062/1500 [1:24:39<30:52,  4.23s/it]                                                                                           Best trial: 925. Best value: 1.74638:  71%|███████   | 1062/1500 [1:24:43<30:52,  4.23s/it]Best trial: 925. Best value: 1.74638:  71%|███████   | 1062/1500 [1:24:43<30:52,  4.23s/it]Best trial: 925. Best value: 1.74638:  71%|███████   | 1063/1500 [1:24:43<31:53,  4.38s/it]                                                                                           Best trial: 925. Best value: 1.74638:  71%|███████   | 1063/1500 [1:24:48<31:53,  4.38s/it]Best trial: 925. Best value: 1.74638:  71%|███████   | 1063/1500 [1:24:48<31:53,  4.38s/it]Best trial: 925. Best value: 1.74638:  71%|███████   | 1064/1500 [1:24:48<32:16,  4.44s/it]                                                                                           Best trial: 925. Best value: 1.74638:  71%|███████   | 1064/1500 [1:24:52<32:16,  4.44s/it]Best trial: 925. Best value: 1.74638:  71%|███████   | 1064/1500 [1:24:53<32:16,  4.44s/it]Best trial: 925. Best value: 1.74638:  71%|███████   | 1065/1500 [1:24:53<32:48,  4.52s/it]                                                                                           Best trial: 925. Best value: 1.74638:  71%|███████   | 1065/1500 [1:24:56<32:48,  4.52s/it]Best trial: 925. Best value: 1.74638:  71%|███████   | 1065/1500 [1:24:56<32:48,  4.52s/it]Best trial: 925. Best value: 1.74638:  71%|███████   | 1066/1500 [1:24:56<31:18,  4.33s/it]                                                                                           Best trial: 925. Best value: 1.74638:  71%|███████   | 1066/1500 [1:24:59<31:18,  4.33s/it]Best trial: 925. Best value: 1.74638:  71%|███████   | 1066/1500 [1:25:00<31:18,  4.33s/it]Best trial: 925. Best value: 1.74638:  71%|███████   | 1067/1500 [1:25:00<28:39,  3.97s/it]                                                                                           Best trial: 925. Best value: 1.74638:  71%|███████   | 1067/1500 [1:25:04<28:39,  3.97s/it]Best trial: 925. Best value: 1.74638:  71%|███████   | 1067/1500 [1:25:04<28:39,  3.97s/it]Best trial: 925. Best value: 1.74638:  71%|███████   | 1068/1500 [1:25:04<29:58,  4.16s/it]                                                                                           Best trial: 925. Best value: 1.74638:  71%|███████   | 1068/1500 [1:25:09<29:58,  4.16s/it]Best trial: 925. Best value: 1.74638:  71%|███████   | 1068/1500 [1:25:09<29:58,  4.16s/it]Best trial: 925. Best value: 1.74638:  71%|███████▏  | 1069/1500 [1:25:09<31:07,  4.33s/it]                                                                                           
[I 2026-05-02 20:17:17,991] Trial 1059 finished with value: 3.6456858197378557 and parameters: {'f_n': 6.469722048477145e-07, 'K_d': 168661.91030461932, 'rho_d': 12567893940609.895, 'fission_rate': 6.510815611363554e+19, 'D2_xe_scale': 0.018257268954522145, 'Dg_D1_scale': 0.17991476721371172, 'Dg_D3_scale': 2.0072559179361265, 'Dv_D1_scale': 0.32932629900620414, 'Dv_D2_scale': 0.3291159776033917, 'b_bulk_scale': 0.40372425765758135, 'b_dislocation_scale': 0.8644745427063567, 'gb_scale': 5.636124762307611, 'gd_bubble_scale': 8.549220873316386, 'gd_line_scale': 7.169568502910113, 'gd_line_alpha': 0.3908002547014493, 'coalescence_d_scale': 0.3179883682636449, 'capture_scale': 7.997814129751687}. Best is trial 925 with value: 1.7463781355085592.
[I 2026-05-02 20:17:22,748] Trial 1060 finished with value: 3.726570899037295 and parameters: {'f_n': 4.2709397509986684e-07, 'K_d': 863275.7543756523, 'rho_d': 11639672244356.736, 'fission_rate': 6.144277654766874e+19, 'D2_xe_scale': 0.013831040274351917, 'Dg_D1_scale': 0.9360294539464988, 'Dg_D3_scale': 2.246072326773634, 'Dv_D1_scale': 0.2749525018458042, 'Dv_D2_scale': 3.3553216768517737, 'b_bulk_scale': 0.3322469679632854, 'b_dislocation_scale': 0.12003736173002387, 'gb_scale': 0.42786015621875645, 'gd_bubble_scale': 7.6825850627786965, 'gd_line_scale': 9.998204262227958, 'gd_line_alpha': 0.44272874771159193, 'coalescence_d_scale': 0.4556646903783099, 'capture_scale': 6.294350198199652}. Best is trial 925 with value: 1.7463781355085592.
[I 2026-05-02 20:17:27,368] Trial 1061 finished with value: 3.2939905902951727 and parameters: {'f_n': 3.3587548026858105e-07, 'K_d': 770890.4985491632, 'rho_d': 9720383390463.617, 'fission_rate': 6.395988540180628e+19, 'D2_xe_scale': 0.011350509672837366, 'Dg_D1_scale': 0.16403163875821608, 'Dg_D3_scale': 2.382797983766879, 'Dv_D1_scale': 0.23509557735395364, 'Dv_D2_scale': 3.565783131616481, 'b_bulk_scale': 0.2842883750926633, 'b_dislocation_scale': 0.1493151159233278, 'gb_scale': 0.1519797183731454, 'gd_bubble_scale': 7.042637822193316, 'gd_line_scale': 6.472538013917191, 'gd_line_alpha': 0.42198641094047273, 'coalescence_d_scale': 0.28187104724653156, 'capture_scale': 5.264427474753208}. Best is trial 925 with value: 1.7463781355085592.
[I 2026-05-02 20:17:32,091] Trial 1062 finished with value: 1.7932562014342373 and parameters: {'f_n': 5.079485223710684e-07, 'K_d': 810767.8867151107, 'rho_d': 10661909426187.078, 'fission_rate': 6.236790681112241e+19, 'D2_xe_scale': 0.016489725799351033, 'Dg_D1_scale': 0.17778566061900558, 'Dg_D3_scale': 2.0739247080607752, 'Dv_D1_scale': 0.30334682320219397, 'Dv_D2_scale': 3.9993862792876222, 'b_bulk_scale': 0.24535007710677983, 'b_dislocation_scale': 0.1288339877941661, 'gb_scale': 7.265400459871173, 'gd_bubble_scale': 8.485961163209907, 'gd_line_scale': 7.781442530704035, 'gd_line_alpha': 0.3760800103576822, 'coalescence_d_scale': 0.40956957005063876, 'capture_scale': 7.06122086280738}. Best is trial 925 with value: 1.7463781355085592.
[I 2026-05-02 20:17:36,684] Trial 1063 finished with value: 1.999567415543867 and parameters: {'f_n': 8.399633253204483e-07, 'K_d': 890813.5611276671, 'rho_d': 12214225480143.188, 'fission_rate': 6.441423769288069e+19, 'D2_xe_scale': 0.032862914578369845, 'Dg_D1_scale': 0.18998525382897888, 'Dg_D3_scale': 2.5516426363016644, 'Dv_D1_scale': 0.2569581927062962, 'Dv_D2_scale': 3.760938211670916, 'b_bulk_scale': 0.3735641511620301, 'b_dislocation_scale': 0.10813395557751962, 'gb_scale': 6.313681955918928, 'gd_bubble_scale': 7.585961978000645, 'gd_line_scale': 9.191783956924738, 'gd_line_alpha': 0.3967365450323344, 'coalescence_d_scale': 0.46606793984459066, 'capture_scale': 7.994737471847667}. Best is trial 925 with value: 1.7463781355085592.
[I 2026-05-02 20:17:41,400] Trial 1064 finished with value: 2.1785202769305863 and parameters: {'f_n': 6.492731952006057e-07, 'K_d': 853989.642310313, 'rho_d': 11066877298761.383, 'fission_rate': 6.308545283956221e+19, 'D2_xe_scale': 0.014022183556067824, 'Dg_D1_scale': 0.16056978371218295, 'Dg_D3_scale': 1.9126442242527548, 'Dv_D1_scale': 0.2887666495819117, 'Dv_D2_scale': 0.27958451126211653, 'b_bulk_scale': 0.30407010703899634, 'b_dislocation_scale': 0.16856848519598608, 'gb_scale': 5.120091900520713, 'gd_bubble_scale': 8.552725464944649, 'gd_line_scale': 7.383781487205347, 'gd_line_alpha': 0.4292315280221479, 'coalescence_d_scale': 0.34982020152715604, 'capture_scale': 6.0695998535058875}. Best is trial 925 with value: 1.7463781355085592.
