[I 2026-05-02 20:05:54,717] Trial 900 finished with value: 2.0183913264937288 and parameters: {'f_n': 2.873581622532271e-07, 'K_d': 837915.4364280583, 'rho_d': 12135108447374.516, 'fission_rate': 6.430160001840987e+19, 'D2_xe_scale': 0.019237250952805502, 'Dg_D1_scale': 0.15029205455538952, 'Dg_D3_scale': 2.4484356220875063, 'Dv_D1_scale': 0.29624953312247615, 'Dv_D2_scale': 3.9980844187655453, 'b_bulk_scale': 0.26405146789045, 'b_dislocation_scale': 0.1467982645747563, 'gb_scale': 6.661464198587691, 'gd_bubble_scale': 0.10746111914683411, 'gd_line_scale': 8.354578605346907, 'gd_line_alpha': 0.43979878597766825, 'coalescence_d_scale': 0.3754014697639933, 'capture_scale': 5.590772080192595}. Best is trial 678 with value: 1.749291878123438.
[I 2026-05-02 20:05:59,206] Trial 901 finished with value: 2.283495565684358 and parameters: {'f_n': 6.980874522434888e-07, 'K_d': 799599.8968165079, 'rho_d': 24463969346259.62, 'fission_rate': 6.510026365466057e+19, 'D2_xe_scale': 0.01779669546016273, 'Dg_D1_scale': 0.1746764150940054, 'Dg_D3_scale': 2.4550006755647686, 'Dv_D1_scale': 0.2765413680170211, 'Dv_D2_scale': 3.7959855029431724, 'b_bulk_scale': 0.3258739139528309, 'b_dislocation_scale': 0.13255745068514335, 'gb_scale': 5.938170750686985, 'gd_bubble_scale': 2.3144859619427725, 'gd_line_scale': 7.502483557238931, 'gd_line_alpha': 0.41268283556217383, 'coalescence_d_scale': 0.4199682487456242, 'capture_scale': 6.893777483325423}. Best is trial 678 with value: 1.749291878123438.
[I 2026-05-02 20:06:03,664] Trial 902 finished with value: 2.097825229713952 and parameters: {'f_n': 4.4267577370607005e-07, 'K_d': 847038.1293672, 'rho_d': 11403173318163.336, 'fission_rate': 6.390448354027523e+19, 'D2_xe_scale': 0.015176699591313729, 'Dg_D1_scale': 0.16575752118346113, 'Dg_D3_scale': 2.1063166838659346, 'Dv_D1_scale': 0.31435858416744145, 'Dv_D2_scale': 3.8383454863576323, 'b_bulk_scale': 0.25755412530632305, 'b_dislocation_scale': 0.17605072394535645, 'gb_scale': 7.361054141918232, 'gd_bubble_scale': 6.956860915731965, 'gd_line_scale': 8.280176148841836, 'gd_line_alpha': 0.42433345552459395, 'coalescence_d_scale': 0.37577359686710904, 'capture_scale': 5.874940091589793}. Best is trial 678 with value: 1.749291878123438.
[I 2026-05-02 20:06:06,516] Trial 903 finished with value: 1.7835284871792152 and parameters: {'f_n': 4.6021553561359313e-07, 'K_d': 776001.9535470607, 'rho_d': 12216565578605.873, 'fission_rate': 6.497068866157726e+19, 'D2_xe_scale': 0.019020652668585665, 'Dg_D1_scale': 0.16429857493583433, 'Dg_D3_scale': 2.2919961861496683, 'Dv_D1_scale': 0.26050629282851906, 'Dv_D2_scale': 3.458963782580468, 'b_bulk_scale': 0.2949018612475993, 'b_dislocation_scale': 0.14458775848633634, 'gb_scale': 6.762320660958936, 'gd_bubble_scale': 7.825236508601505, 'gd_line_scale': 7.637167990033501, 'gd_line_alpha': 0.3698294765967884, 'coalescence_d_scale': 0.43728621945108076, 'capture_scale': 5.548282073744794}. Best is trial 678 with value: 1.749291878123438.
[I 2026-05-02 20:06:11,119] Trial 904 finished with value: 1.790934683091763 and parameters: {'f_n': 6.81823033356027e-07, 'K_d': 834639.707654819, 'rho_d': 10290213394917.117, 'fission_rate': 6.310450048747263e+19, 'D2_xe_scale': 0.010611212873238641, 'Dg_D1_scale': 0.1762114197448726, 'Dg_D3_scale': 2.025617620581714, 'Dv_D1_scale': 0.2950566466551833, 'Dv_D2_scale': 3.8069171571179563, 'b_bulk_scale': 0.419942591854745, 'b_dislocation_scale': 0.15863704097402315, 'gb_scale': 6.066925738951677, 'gd_bubble_scale': 6.972177679792637, 'gd_line_scale': 8.599600691789632, 'gd_line_alpha': 0.4491623343703374, 'coalescence_d_scale': 0.43798846252842144, 'capture_scale': 6.938683987311681}. Best is trial 678 with value: 1.749291878123438.Best trial: 678. Best value: 1.74929:  60%|██████    | 904/1500 [1:13:22<39:13,  3.95s/it]Best trial: 678. Best value: 1.74929:  60%|██████    | 904/1500 [1:13:22<39:13,  3.95s/it]Best trial: 678. Best value: 1.74929:  60%|██████    | 905/1500 [1:13:22<41:07,  4.15s/it]                                                                                          Best trial: 678. Best value: 1.74929:  60%|██████    | 905/1500 [1:13:27<41:07,  4.15s/it]Best trial: 678. Best value: 1.74929:  60%|██████    | 905/1500 [1:13:27<41:07,  4.15s/it]Best trial: 678. Best value: 1.74929:  60%|██████    | 906/1500 [1:13:27<42:02,  4.25s/it]                                                                                          Best trial: 678. Best value: 1.74929:  60%|██████    | 906/1500 [1:13:31<42:02,  4.25s/it]Best trial: 678. Best value: 1.74929:  60%|██████    | 906/1500 [1:13:31<42:02,  4.25s/it]Best trial: 678. Best value: 1.74929:  60%|██████    | 907/1500 [1:13:31<42:30,  4.30s/it]                                                                                          Best trial: 678. Best value: 1.74929:  60%|██████    | 907/1500 [1:13:36<42:30,  4.30s/it]Best trial: 678. Best value: 1.74929:  60%|██████    | 907/1500 [1:13:36<42:30,  4.30s/it]Best trial: 678. Best value: 1.74929:  61%|██████    | 908/1500 [1:13:36<42:55,  4.35s/it]                                                                                          Best trial: 678. Best value: 1.74929:  61%|██████    | 908/1500 [1:13:40<42:55,  4.35s/it]Best trial: 678. Best value: 1.74929:  61%|██████    | 908/1500 [1:13:40<42:55,  4.35s/it]Best trial: 678. Best value: 1.74929:  61%|██████    | 909/1500 [1:13:40<43:05,  4.37s/it]                                                                                          Best trial: 678. Best value: 1.74929:  61%|██████    | 909/1500 [1:13:44<43:05,  4.37s/it]Best trial: 678. Best value: 1.74929:  61%|██████    | 909/1500 [1:13:45<43:05,  4.37s/it]Best trial: 678. Best value: 1.74929:  61%|██████    | 910/1500 [1:13:45<43:19,  4.41s/it]                                                                                          Best trial: 678. Best value: 1.74929:  61%|██████    | 910/1500 [1:13:47<43:19,  4.41s/it]Best trial: 678. Best value: 1.74929:  61%|██████    | 910/1500 [1:13:47<43:19,  4.41s/it]Best trial: 678. Best value: 1.74929:  61%|██████    | 911/1500 [1:13:47<38:46,  3.95s/it]                                                                                          Best trial: 678. Best value: 1.74929:  61%|██████    | 911/1500 [1:13:52<38:46,  3.95s/it]Best trial: 678. Best value: 1.74929:  61%|██████    | 911/1500 [1:13:52<38:46,  3.95s/it]Best trial: 678. Best value: 1.74929:  61%|██████    | 912/1500 [1:13:52<39:35,  4.04s/it]                                                                                          Best trial: 678. Best value: 1.74929:  61%|██████    | 912/1500 [1:13:56<39:35,  4.04s/it]Best trial: 678. Best value: 1.74929:  61%|██████    | 912/1500 [1:13:56<39:35,  4.04s/it]Best trial: 678. Best value: 1.74929:  61%|██████    | 913/1500 [1:13:56<40:57,  4.19s/it]                                                                                          Best trial: 678. Best value: 1.74929:  61%|██████    | 913/1500 [1:14:01<40:57,  4.19s/it]Best trial: 678. Best value: 1.74929:  61%|██████    | 913/1500 [1:14:01<40:57,  4.19s/it]Best trial: 678. Best value: 1.74929:  61%|██████    | 914/1500 [1:14:01<42:01,  4.30s/it]                                                                                          Best trial: 678. Best value: 1.74929:  61%|██████    | 914/1500 [1:14:05<42:01,  4.30s/it]Best trial: 678. Best value: 1.74929:  61%|██████    | 914/1500 [1:14:05<42:01,  4.30s/it]Best trial: 678. Best value: 1.74929:  61%|██████    | 915/1500 [1:14:05<41:52,  4.29s/it]                                                                                          
[I 2026-05-02 20:06:15,601] Trial 905 finished with value: 1.889308081990516 and parameters: {'f_n': 5.372313157313739e-07, 'K_d': 854831.0893063938, 'rho_d': 11472959978600.588, 'fission_rate': 6.436160183273772e+19, 'D2_xe_scale': 0.01245931690610102, 'Dg_D1_scale': 0.16028031779128554, 'Dg_D3_scale': 2.190343422042629, 'Dv_D1_scale': 0.2814788849233137, 'Dv_D2_scale': 3.997861702512162, 'b_bulk_scale': 0.3761021631726844, 'b_dislocation_scale': 0.13752184538837733, 'gb_scale': 7.311824770739728, 'gd_bubble_scale': 8.177012830735892, 'gd_line_scale': 7.349049320318671, 'gd_line_alpha': 0.42524032981930304, 'coalescence_d_scale': 0.3988640860782735, 'capture_scale': 0.012762856603835838}. Best is trial 678 with value: 1.749291878123438.
[I 2026-05-02 20:06:20,027] Trial 906 finished with value: 1.8353392847089263 and parameters: {'f_n': 3.0763238582091207e-07, 'K_d': 810275.9334465194, 'rho_d': 10675614202656.37, 'fission_rate': 6.533248677284156e+19, 'D2_xe_scale': 0.02201362462609796, 'Dg_D1_scale': 0.17385433304471626, 'Dg_D3_scale': 1.9446194205046743, 'Dv_D1_scale': 0.3162798515616658, 'Dv_D2_scale': 3.475601200698075, 'b_bulk_scale': 0.33876732818087196, 'b_dislocation_scale': 0.12786075734491203, 'gb_scale': 6.7249907863879725, 'gd_bubble_scale': 7.819603119585656, 'gd_line_scale': 8.82234819250506, 'gd_line_alpha': 0.4038014244232454, 'coalescence_d_scale': 0.44821721321834834, 'capture_scale': 6.17912049870551}. Best is trial 678 with value: 1.749291878123438.
[I 2026-05-02 20:06:24,493] Trial 907 finished with value: 2.0465237106299026 and parameters: {'f_n': 3.692841641001527e-07, 'K_d': 768854.8912256707, 'rho_d': 12088727421955.752, 'fission_rate': 6.3679748943026905e+19, 'D2_xe_scale': 0.017346926357467953, 'Dg_D1_scale': 0.15822903215296397, 'Dg_D3_scale': 2.0959039573194, 'Dv_D1_scale': 0.2985636723749167, 'Dv_D2_scale': 3.6368202902837314, 'b_bulk_scale': 0.24798220353749362, 'b_dislocation_scale': 0.18126615506086305, 'gb_scale': 7.316166866553595, 'gd_bubble_scale': 8.05337462971702, 'gd_line_scale': 7.725972524073076, 'gd_line_alpha': 0.45783977469590986, 'coalescence_d_scale': 0.35445943805472413, 'capture_scale': 5.171677347228995}. Best is trial 678 with value: 1.749291878123438.
[I 2026-05-02 20:06:28,922] Trial 908 finished with value: 2.0889443540868964 and parameters: {'f_n': 7.019364400302969e-07, 'K_d': 885216.4646208048, 'rho_d': 10925836673857.871, 'fission_rate': 6.562039342812549e+19, 'D2_xe_scale': 0.014893849294861088, 'Dg_D1_scale': 0.17735807992281052, 'Dg_D3_scale': 0.27469638863575746, 'Dv_D1_scale': 0.32060097692825845, 'Dv_D2_scale': 3.793475772826433, 'b_bulk_scale': 0.2718937357738704, 'b_dislocation_scale': 0.1296555395073317, 'gb_scale': 5.9559060529119074, 'gd_bubble_scale': 6.981523369523366, 'gd_line_scale': 8.412639192494488, 'gd_line_alpha': 0.3888947838192118, 'coalescence_d_scale': 0.4412434937482934, 'capture_scale': 7.017891492054289}. Best is trial 678 with value: 1.749291878123438.
[I 2026-05-02 20:06:33,399] Trial 909 finished with value: 1.8606735152067175 and parameters: {'f_n': 4.197050898034591e-07, 'K_d': 817384.2717518995, 'rho_d': 12267941546423.72, 'fission_rate': 6.455359060173222e+19, 'D2_xe_scale': 0.02200215994098438, 'Dg_D1_scale': 1.204535375380282, 'Dg_D3_scale': 2.421996931286409, 'Dv_D1_scale': 0.274705441555026, 'Dv_D2_scale': 3.476288924918028, 'b_bulk_scale': 0.30117848258044116, 'b_dislocation_scale': 0.16048324629870295, 'gb_scale': 6.594184537288739, 'gd_bubble_scale': 8.084148617309431, 'gd_line_scale': 7.264748737341092, 'gd_line_alpha': 0.36323455377897707, 'coalescence_d_scale': 0.40852811109289666, 'capture_scale': 0.09068082045056929}. Best is trial 678 with value: 1.749291878123438.
[I 2026-05-02 20:06:36,291] Trial 910 finished with value: 1.7537153780211654 and parameters: {'f_n': 5.543602973115591e-07, 'K_d': 926520.4534692098, 'rho_d': 11507363401061.723, 'fission_rate': 6.313117496558263e+19, 'D2_xe_scale': 0.017894907947581622, 'Dg_D1_scale': 0.16632647783110652, 'Dg_D3_scale': 2.2542189412220335, 'Dv_D1_scale': 0.3015269823223405, 'Dv_D2_scale': 3.993215517013918, 'b_bulk_scale': 0.2436671216085388, 'b_dislocation_scale': 0.12818811861731655, 'gb_scale': 7.254577628779875, 'gd_bubble_scale': 7.044027735745201, 'gd_line_scale': 9.082624301081784, 'gd_line_alpha': 0.4217196489966535, 'coalescence_d_scale': 0.46280869300943156, 'capture_scale': 6.095218160298162}. Best is trial 678 with value: 1.749291878123438.
[I 2026-05-02 20:06:40,539] Trial 911 finished with value: 2.6166605996116235 and parameters: {'f_n': 5.526344130368499e-07, 'K_d': 872244.2057654137, 'rho_d': 10251867194682.568, 'fission_rate': 6.347391131883953e+19, 'D2_xe_scale': 0.01832496837500287, 'Dg_D1_scale': 0.15044302404821558, 'Dg_D3_scale': 2.2967022933740147, 'Dv_D1_scale': 0.31584282271547437, 'Dv_D2_scale': 3.833092191457307, 'b_bulk_scale': 0.27366857392006977, 'b_dislocation_scale': 0.2351678376759716, 'gb_scale': 7.257833663447755, 'gd_bubble_scale': 7.127558622158766, 'gd_line_scale': 9.013022417077446, 'gd_line_alpha': 0.42704350861344137, 'coalescence_d_scale': 0.3807640708432518, 'capture_scale': 6.3220846385363405}. Best is trial 678 with value: 1.749291878123438.
[I 2026-05-02 20:06:45,065] Trial 912 finished with value: 1.8237546686638642 and parameters: {'f_n': 2.3583322883883708e-07, 'K_d': 926790.1820961725, 'rho_d': 11327873675501.44, 'fission_rate': 6.290828340040832e+19, 'D2_xe_scale': 0.011019741104720027, 'Dg_D1_scale': 0.16464829931932157, 'Dg_D3_scale': 2.4593753982261117, 'Dv_D1_scale': 0.286105974854351, 'Dv_D2_scale': 3.9763195241705014, 'b_bulk_scale': 0.3571484819930258, 'b_dislocation_scale': 0.14344594113525008, 'gb_scale': 7.974837939205358, 'gd_bubble_scale': 0.5318032635633243, 'gd_line_scale': 9.263778989338, 'gd_line_alpha': 0.47402033854514614, 'coalescence_d_scale': 0.31613978555808536, 'capture_scale': 7.104001188262715}. Best is trial 678 with value: 1.749291878123438.
[I 2026-05-02 20:06:49,642] Trial 913 finished with value: 1.7682977570387515 and parameters: {'f_n': 4.982624124162429e-07, 'K_d': 768106.3299880639, 'rho_d': 10632026070535.941, 'fission_rate': 6.424767686880901e+19, 'D2_xe_scale': 0.014308946178276752, 'Dg_D1_scale': 0.15986491330075933, 'Dg_D3_scale': 2.1469454747336187, 'Dv_D1_scale': 0.32588855582442733, 'Dv_D2_scale': 3.8182576110932094, 'b_bulk_scale': 0.24374865885254896, 'b_dislocation_scale': 0.12921200232265487, 'gb_scale': 6.865330548953364, 'gd_bubble_scale': 6.87921714507743, 'gd_line_scale': 9.309600418288131, 'gd_line_alpha': 0.41056610316065506, 'coalescence_d_scale': 0.45679723598345856, 'capture_scale': 6.229862692440408}. Best is trial 678 with value: 1.749291878123438.
[I 2026-05-02 20:06:53,916] Trial 914 finished with value: 1.879646253348129 and parameters: {'f_n': 6.726295431840055e-07, 'K_d': 855307.668469841, 'rho_d': 11533928527418.053, 'fission_rate': 6.490667057912308e+19, 'D2_xe_scale': 0.02402880084908984, 'Dg_D1_scale': 0.1681523956114954, 'Dg_D3_scale': 2.2782408404375034, 'Dv_D1_scale': 2.9033555962748565, 'Dv_D2_scale': 3.806537615056177, 'b_bulk_scale': 0.3182282920575766, 'b_dislocation_scale': 0.1978518701736703, 'gb_scale': 6.300257248919229, 'gd_bubble_scale': 8.378740051620106, 'gd_line_scale': 8.472107460492488, 'gd_line_alpha': 0.4414741829014262, 'coalescence_d_scale': 0.4021464008296678, 'capture_scale': 6.988498634396044}. Best is trial 678 with value: 1.749291878123438.
[I 2026-05-02 20:06:58,458] Trial 915 finished with value: 2.301803555313527 and parameters: {'f_n': 3.7160216789913065e-07, 'K_d': 811452.1619648471, 'rho_d': 10901572215462.426, 'fission_rate': 6.3356552588214346e+19, 'D2_xe_scale': 0.02030554719734284, 'Dg_D1_scale': 3.9965859640683017, 'Dg_D3_scale': 2.4477090402536796, 'Dv_D1_scale': 0.26261024609936534, 'Dv_D2_scale': 3.9988220824660674, 'b_bulk_scale': 0.5324793587173536, 'b_dislocation_scale': 0.14632701404797932, 'gb_scale': 7.4798685611717906, 'gd_bubble_scale': 8.465266988378232, 'gd_line_scale': 9.793059012418263, 'gd_line_alpha': 0.3994189219738729, 'coalescence_d_scale': 0.47122361607690066, 'capture_scale': 0.04961589420150553}. Best is trial 678 with value: 1.749291878123438.Best trial: 678. Best value: 1.74929:  61%|██████    | 915/1500 [1:14:10<41:52,  4.29s/it]Best trial: 678. Best value: 1.74929:  61%|██████    | 915/1500 [1:14:10<41:52,  4.29s/it]Best trial: 678. Best value: 1.74929:  61%|██████    | 916/1500 [1:14:10<42:31,  4.37s/it]                                                                                          Best trial: 678. Best value: 1.74929:  61%|██████    | 916/1500 [1:14:14<42:31,  4.37s/it]Best trial: 678. Best value: 1.74929:  61%|██████    | 916/1500 [1:14:14<42:31,  4.37s/it]Best trial: 678. Best value: 1.74929:  61%|██████    | 917/1500 [1:14:14<42:43,  4.40s/it]                                                                                          Best trial: 678. Best value: 1.74929:  61%|██████    | 917/1500 [1:14:17<42:43,  4.40s/it]Best trial: 678. Best value: 1.74929:  61%|██████    | 917/1500 [1:14:17<42:43,  4.40s/it]Best trial: 678. Best value: 1.74929:  61%|██████    | 918/1500 [1:14:17<38:27,  3.96s/it]                                                                                          Best trial: 678. Best value: 1.74929:  61%|██████    | 918/1500 [1:14:21<38:27,  3.96s/it]Best trial: 678. Best value: 1.74929:  61%|██████    | 918/1500 [1:14:22<38:27,  3.96s/it]Best trial: 678. Best value: 1.74929:  61%|██████▏   | 919/1500 [1:14:22<39:53,  4.12s/it]                                                                                          Best trial: 678. Best value: 1.74929:  61%|██████▏   | 919/1500 [1:14:26<39:53,  4.12s/it]Best trial: 678. Best value: 1.74929:  61%|██████▏   | 919/1500 [1:14:26<39:53,  4.12s/it]Best trial: 678. Best value: 1.74929:  61%|██████▏   | 920/1500 [1:14:26<41:08,  4.26s/it]                                                                                          Best trial: 678. Best value: 1.74929:  61%|██████▏   | 920/1500 [1:14:30<41:08,  4.26s/it]Best trial: 678. Best value: 1.74929:  61%|██████▏   | 920/1500 [1:14:31<41:08,  4.26s/it]Best trial: 678. Best value: 1.74929:  61%|██████▏   | 921/1500 [1:14:31<41:37,  4.31s/it]                                                                                          Best trial: 678. Best value: 1.74929:  61%|██████▏   | 921/1500 [1:14:35<41:37,  4.31s/it]Best trial: 678. Best value: 1.74929:  61%|██████▏   | 921/1500 [1:14:35<41:37,  4.31s/it]Best trial: 678. Best value: 1.74929:  61%|██████▏   | 922/1500 [1:14:35<42:06,  4.37s/it]                                                                                          Best trial: 678. Best value: 1.74929:  61%|██████▏   | 922/1500 [1:14:39<42:06,  4.37s/it]Best trial: 678. Best value: 1.74929:  61%|██████▏   | 922/1500 [1:14:40<42:06,  4.37s/it]Best trial: 678. Best value: 1.74929:  62%|██████▏   | 923/1500 [1:14:40<42:20,  4.40s/it]                                                                                          Best trial: 678. Best value: 1.74929:  62%|██████▏   | 923/1500 [1:14:44<42:20,  4.40s/it]Best trial: 678. Best value: 1.74929:  62%|██████▏   | 923/1500 [1:14:44<42:20,  4.40s/it]Best trial: 678. Best value: 1.74929:  62%|██████▏   | 924/1500 [1:14:44<42:28,  4.42s/it]                                                                                          Best trial: 678. Best value: 1.74929:  62%|██████▏   | 924/1500 [1:14:47<42:28,  4.42s/it]Best trial: 678. Best value: 1.74929:  62%|██████▏   | 924/1500 [1:14:47<42:28,  4.42s/it]Best trial: 678. Best value: 1.74929:  62%|██████▏   | 925/1500 [1:14:47<38:10,  3.98s/it]                                                                                          Best trial: 678. Best value: 1.74929:  62%|██████▏   | 925/1500 [1:14:51<38:10,  3.98s/it]Best trial: 925. Best value: 1.74638:  62%|██████▏   | 925/1500 [1:14:52<38:10,  3.98s/it]Best trial: 925. Best value: 1.74638:  62%|██████▏   | 926/1500 [1:14:52<39:45,  4.16s/it]                                                                                          
[I 2026-05-02 20:07:02,919] Trial 916 finished with value: 4.056051676189835 and parameters: {'f_n': 6.012039739464173e-07, 'K_d': 901038.1971946075, 'rho_d': 41665818339891.984, 'fission_rate': 6.554616095125757e+19, 'D2_xe_scale': 0.018003099316638523, 'Dg_D1_scale': 0.15013949754183267, 'Dg_D3_scale': 2.224104953605661, 'Dv_D1_scale': 0.29151320263654357, 'Dv_D2_scale': 3.7186590641885386, 'b_bulk_scale': 0.28794209529628545, 'b_dislocation_scale': 0.12734316205233984, 'gb_scale': 6.687900220242195, 'gd_bubble_scale': 7.620751431283836, 'gd_line_scale': 9.974293881118678, 'gd_line_alpha': 0.4242596975785226, 'coalescence_d_scale': 0.32559287597665776, 'capture_scale': 4.6986723740191305}. Best is trial 678 with value: 1.749291878123438.
[I 2026-05-02 20:07:05,879] Trial 917 finished with value: 1.81530708272548 and parameters: {'f_n': 4.465162413934075e-07, 'K_d': 943920.2895486755, 'rho_d': 11620739007687.928, 'fission_rate': 6.396705482910798e+19, 'D2_xe_scale': 0.01365604781138674, 'Dg_D1_scale': 0.16660283924020125, 'Dg_D3_scale': 2.063135178314945, 'Dv_D1_scale': 0.3081853664805308, 'Dv_D2_scale': 3.6470433394093673, 'b_bulk_scale': 0.596197776439654, 'b_dislocation_scale': 0.15958165378601435, 'gb_scale': 7.935313912205232, 'gd_bubble_scale': 8.578877931683966, 'gd_line_scale': 8.020583416489202, 'gd_line_alpha': 0.37512180606038925, 'coalescence_d_scale': 0.45408501490417164, 'capture_scale': 5.384858398151791}. Best is trial 678 with value: 1.749291878123438.
