[I 2026-05-02 19:55:26,905] Trial 753 finished with value: 5.353991019056779 and parameters: {'f_n': 2.1082102451520367e-06, 'K_d': 1027811.8880514671, 'rho_d': 14109936581186.076, 'fission_rate': 5.816282048611887e+19, 'D2_xe_scale': 1.2668389594866278, 'Dg_D1_scale': 0.1786350678011942, 'Dg_D3_scale': 1.86244311044807, 'Dv_D1_scale': 0.2830795727498118, 'Dv_D2_scale': 3.988643334198385, 'b_bulk_scale': 0.15064605820266178, 'b_dislocation_scale': 0.11151491427186988, 'gb_scale': 3.8929913812994092, 'gd_bubble_scale': 8.993546688484704, 'gd_line_scale': 6.591067500401814, 'gd_line_alpha': 0.2774788966628712, 'coalescence_d_scale': 14.691979604640753, 'capture_scale': 7.107053102585431}. Best is trial 678 with value: 1.749291878123438.
[I 2026-05-02 19:55:31,799] Trial 754 finished with value: 2.2314424312975025 and parameters: {'f_n': 1.1310609998698996e-06, 'K_d': 116591.59041733148, 'rho_d': 14803846939067.268, 'fission_rate': 5.722623721946893e+19, 'D2_xe_scale': 1.8086014834979554, 'Dg_D1_scale': 0.19528934225886935, 'Dg_D3_scale': 1.5326792898889259, 'Dv_D1_scale': 0.2205060842151941, 'Dv_D2_scale': 3.7660935251623635, 'b_bulk_scale': 0.22708183641454002, 'b_dislocation_scale': 0.14629113528591667, 'gb_scale': 3.5675305077185016, 'gd_bubble_scale': 7.82797278531244, 'gd_line_scale': 8.340003304856763, 'gd_line_alpha': 0.24995573057153098, 'coalescence_d_scale': 0.6524214146800135, 'capture_scale': 5.812111276330682}. Best is trial 678 with value: 1.749291878123438.
[I 2026-05-02 19:55:36,781] Trial 755 finished with value: 3.9403215551528845 and parameters: {'f_n': 1.567692328853059e-06, 'K_d': 1140542.3744977203, 'rho_d': 12846735335485.22, 'fission_rate': 5.601827172655074e+19, 'D2_xe_scale': 2.2852714978132522, 'Dg_D1_scale': 0.1717642860201903, 'Dg_D3_scale': 1.7613490732369048, 'Dv_D1_scale': 1.03304852626978, 'Dv_D2_scale': 3.5756537666528962, 'b_bulk_scale': 0.1722024905290328, 'b_dislocation_scale': 0.12402965280860966, 'gb_scale': 4.235507915825361, 'gd_bubble_scale': 8.969958237685585, 'gd_line_scale': 0.10173793270021482, 'gd_line_alpha': 0.30358198499329725, 'coalescence_d_scale': 0.7229634568095803, 'capture_scale': 6.381474953969474}. Best is trial 678 with value: 1.749291878123438.
[I 2026-05-02 19:55:40,626] Trial 756 finished with value: 1.8218832658325783 and parameters: {'f_n': 2.0680956463448087e-06, 'K_d': 934951.3665778983, 'rho_d': 13954112047575.365, 'fission_rate': 7.711390397726224e+19, 'D2_xe_scale': 1.4383649627518549, 'Dg_D1_scale': 0.214607417467116, 'Dg_D3_scale': 1.4114479009034593, 'Dv_D1_scale': 0.24671746179193238, 'Dv_D2_scale': 3.7651479239591716, 'b_bulk_scale': 0.1304865228722186, 'b_dislocation_scale': 0.09803641884856813, 'gb_scale': 3.3961356914248073, 'gd_bubble_scale': 8.256204884862171, 'gd_line_scale': 7.400227466455176, 'gd_line_alpha': 0.26871826818964917, 'coalescence_d_scale': 0.5894263489555911, 'capture_scale': 6.984244918153499}. Best is trial 678 with value: 1.749291878123438.
[I 2026-05-02 19:55:45,435] Trial 757 finished with value: 3.4665392506447166 and parameters: {'f_n': 1.6877293264412949e-06, 'K_d': 1002293.2826828521, 'rho_d': 13462811670690.9, 'fission_rate': 5.746989677175317e+19, 'D2_xe_scale': 0.01755365411958583, 'Dg_D1_scale': 0.18839364783278892, 'Dg_D3_scale': 1.308054718824683, 'Dv_D1_scale': 0.2704510142380975, 'Dv_D2_scale': 3.4872360531868067, 'b_bulk_scale': 0.20261232744898236, 'b_dislocation_scale': 0.11206087976679932, 'gb_scale': 4.423667487953682, 'gd_bubble_scale': 9.994837350356722, 'gd_line_scale': 0.2779391269039172, 'gd_line_alpha': 0.6287564748515733, 'coalescence_d_scale': 0.8124977477546788, 'capture_scale': 5.734410291570551}. Best is trial 678 with value: 1.749291878123438.
[I 2026-05-02 19:55:50,201] Trial 758 finished with value: 1.9401244735548686 and parameters: {'f_n': 1.3158199994688638e-06, 'K_d': 1086966.1150211876, 'rho_d': 14913156887980.746, 'fission_rate': 5.898605422916252e+19, 'D2_xe_scale': 1.1426685708252309, 'Dg_D1_scale': 0.23112741194976633, 'Dg_D3_scale': 1.624899635665794, 'Dv_D1_scale': 0.30221690504317084, 'Dv_D2_scale': 3.3412560156891344, 'b_bulk_scale': 0.16042996396356646, 'b_dislocation_scale': 0.13018524247815427, 'gb_scale': 3.8340805648382035, 'gd_bubble_scale': 7.76558517831424, 'gd_line_scale': 5.793910705531026, 'gd_line_alpha': 0.28890086336393284, 'coalescence_d_scale': 0.5209200581097903, 'capture_scale': 7.988049828486225}. Best is trial 678 with value: 1.749291878123438.
[I 2026-05-02 19:55:53,366] Trial 759 finished with value: 3.0612274544369082 and parameters: {'f_n': 2.113876524082268e-06, 'K_d': 918242.838595664, 'rho_d': 12116837022526.799, 'fission_rate': 5.9599960972938535e+19, 'D2_xe_scale': 1.9129291693617299, 'Dg_D1_scale': 0.2016839610278139, 'Dg_D3_scale': 0.39161360485606367, 'Dv_D1_scale': 0.2883758348138251, 'Dv_D2_scale': 3.8072245960842155, 'b_bulk_scale': 1.8812190166617533, 'b_dislocation_scale': 0.09851291817092034, 'gb_scale': 3.0511946375884893, 'gd_bubble_scale': 8.972386772423146, 'gd_line_scale': 8.20035247986929, 'gd_line_alpha': 0.2474390123757361, 'coalescence_d_scale': 0.6397797856762432, 'capture_scale': 7.916746178135285}. Best is trial 678 with value: 1.749291878123438.
[I 2026-05-02 19:55:57,844] Trial 760 finished with value: 4.025792537798615 and parameters: {'f_n': 1.1809149369909214e-10, 'K_d': 958634.1182751894, 'rho_d': 12984218846588.701, 'fission_rate': 6.383008669329298e+19, 'D2_xe_scale': 2.932976034227266, 'Dg_D1_scale': 0.215734410996029, 'Dg_D3_scale': 1.966507341339036, 'Dv_D1_scale': 0.22687382671433445, 'Dv_D2_scale': 3.9834113500287103, 'b_bulk_scale': 0.13461068020420996, 'b_dislocation_scale': 0.10889434845541976, 'gb_scale': 2.9786476522887857, 'gd_bubble_scale': 8.43880372311148, 'gd_line_scale': 6.907679672693084, 'gd_line_alpha': 0.2734639388641889, 'coalescence_d_scale': 0.46521213157049723, 'capture_scale': 6.3672841608296125}. Best is trial 678 with value: 1.749291878123438.
[I 2026-05-02 19:56:02,711] Trial 761 finished with value: 1.8667425672553803 and parameters: {'f_n': 1.7377036985548817e-06, 'K_d': 1030161.5890882529, 'rho_d': 14296378673042.639, 'fission_rate': 5.815165770879461e+19, 'D2_xe_scale': 1.6239786186425742, 'Dg_D1_scale': 0.17148016286155107, 'Dg_D3_scale': 1.5095855823199853, 'Dv_D1_scale': 0.2725237079212086, 'Dv_D2_scale': 3.558625977137801, 'b_bulk_scale': 0.18666658737222386, 'b_dislocation_scale': 0.14072414793782845, 'gb_scale': 4.004768233907713, 'gd_bubble_scale': 9.100165780817967, 'gd_line_scale': 7.494090109195218, 'gd_line_alpha': 0.31125516641708534, 'coalescence_d_scale': 0.7198759294316642, 'capture_scale': 5.665046215006672}. Best is trial 678 with value: 1.749291878123438.Best trial: 678. Best value: 1.74929:  51%|█████     | 761/1500 [1:03:14<52:21,  4.25s/it]Best trial: 678. Best value: 1.74929:  51%|█████     | 761/1500 [1:03:14<52:21,  4.25s/it]Best trial: 678. Best value: 1.74929:  51%|█████     | 762/1500 [1:03:14<54:33,  4.44s/it]                                                                                          Best trial: 678. Best value: 1.74929:  51%|█████     | 762/1500 [1:03:19<54:33,  4.44s/it]Best trial: 678. Best value: 1.74929:  51%|█████     | 762/1500 [1:03:19<54:33,  4.44s/it]Best trial: 678. Best value: 1.74929:  51%|█████     | 763/1500 [1:03:19<55:51,  4.55s/it]                                                                                          Best trial: 678. Best value: 1.74929:  51%|█████     | 763/1500 [1:03:23<55:51,  4.55s/it]Best trial: 678. Best value: 1.74929:  51%|█████     | 763/1500 [1:03:24<55:51,  4.55s/it]Best trial: 678. Best value: 1.74929:  51%|█████     | 764/1500 [1:03:24<57:00,  4.65s/it]                                                                                          Best trial: 678. Best value: 1.74929:  51%|█████     | 764/1500 [1:03:28<57:00,  4.65s/it]Best trial: 678. Best value: 1.74929:  51%|█████     | 764/1500 [1:03:28<57:00,  4.65s/it]Best trial: 678. Best value: 1.74929:  51%|█████     | 765/1500 [1:03:28<57:13,  4.67s/it]                                                                                          Best trial: 678. Best value: 1.74929:  51%|█████     | 765/1500 [1:03:33<57:13,  4.67s/it]Best trial: 678. Best value: 1.74929:  51%|█████     | 765/1500 [1:03:33<57:13,  4.67s/it]Best trial: 678. Best value: 1.74929:  51%|█████     | 766/1500 [1:03:33<58:42,  4.80s/it]                                                                                          Best trial: 678. Best value: 1.74929:  51%|█████     | 766/1500 [1:03:37<58:42,  4.80s/it]Best trial: 678. Best value: 1.74929:  51%|█████     | 766/1500 [1:03:37<58:42,  4.80s/it]Best trial: 678. Best value: 1.74929:  51%|█████     | 767/1500 [1:03:37<53:12,  4.36s/it]                                                                                          Best trial: 678. Best value: 1.74929:  51%|█████     | 767/1500 [1:03:41<53:12,  4.36s/it]Best trial: 678. Best value: 1.74929:  51%|█████     | 767/1500 [1:03:42<53:12,  4.36s/it]Best trial: 678. Best value: 1.74929:  51%|█████     | 768/1500 [1:03:42<54:51,  4.50s/it]                                                                                          Best trial: 678. Best value: 1.74929:  51%|█████     | 768/1500 [1:03:46<54:51,  4.50s/it]Best trial: 678. Best value: 1.74929:  51%|█████     | 768/1500 [1:03:46<54:51,  4.50s/it]Best trial: 678. Best value: 1.74929:  51%|█████▏    | 769/1500 [1:03:46<56:06,  4.61s/it]                                                                                          Best trial: 678. Best value: 1.74929:  51%|█████▏    | 769/1500 [1:03:51<56:06,  4.61s/it]Best trial: 678. Best value: 1.74929:  51%|█████▏    | 769/1500 [1:03:51<56:06,  4.61s/it]Best trial: 678. Best value: 1.74929:  51%|█████▏    | 770/1500 [1:03:51<56:29,  4.64s/it]                                                                                          Best trial: 678. Best value: 1.74929:  51%|█████▏    | 770/1500 [1:03:56<56:29,  4.64s/it]Best trial: 678. Best value: 1.74929:  51%|█████▏    | 770/1500 [1:03:56<56:29,  4.64s/it]Best trial: 678. Best value: 1.74929:  51%|█████▏    | 771/1500 [1:03:56<56:33,  4.65s/it]                                                                                          Best trial: 678. Best value: 1.74929:  51%|█████▏    | 771/1500 [1:04:00<56:33,  4.65s/it]Best trial: 678. Best value: 1.74929:  51%|█████▏    | 771/1500 [1:04:01<56:33,  4.65s/it]Best trial: 678. Best value: 1.74929:  51%|█████▏    | 772/1500 [1:04:01<56:46,  4.68s/it]                                                                                          
[I 2026-05-02 19:56:07,520] Trial 762 finished with value: 1.8854260699196803 and parameters: {'f_n': 1.1950421421210334e-06, 'K_d': 1213077.6593267033, 'rho_d': 13665394636735.826, 'fission_rate': 6.050044391516721e+19, 'D2_xe_scale': 1.1804874460641739, 'Dg_D1_scale': 0.18372925588371652, 'Dg_D3_scale': 1.4039586842159302, 'Dv_D1_scale': 0.3002819454091151, 'Dv_D2_scale': 3.368387784628835, 'b_bulk_scale': 0.14719410145484702, 'b_dislocation_scale': 0.1196448135978976, 'gb_scale': 3.471183524158614, 'gd_bubble_scale': 7.7593141401492645, 'gd_line_scale': 6.346125460612611, 'gd_line_alpha': 0.29059931157115837, 'coalescence_d_scale': 0.5702917161253659, 'capture_scale': 7.080415597284416}. Best is trial 678 with value: 1.749291878123438.
[I 2026-05-02 19:56:12,399] Trial 763 finished with value: 3.6845623169353017 and parameters: {'f_n': 1.4321709475670576e-06, 'K_d': 915927.0566732857, 'rho_d': 12088396873189.785, 'fission_rate': 5.658415812555224e+19, 'D2_xe_scale': 1.3494266681363154, 'Dg_D1_scale': 0.24263124201339223, 'Dg_D3_scale': 1.7089662012303664, 'Dv_D1_scale': 0.2102398569640966, 'Dv_D2_scale': 3.9901723755462273, 'b_bulk_scale': 0.16447904474799357, 'b_dislocation_scale': 0.09857472309672974, 'gb_scale': 4.973981544488462, 'gd_bubble_scale': 9.09282996652906, 'gd_line_scale': 0.07139289163315979, 'gd_line_alpha': 0.2663074188316682, 'coalescence_d_scale': 0.6487518575861922, 'capture_scale': 7.983781554391346}. Best is trial 678 with value: 1.749291878123438.
[I 2026-05-02 19:56:17,126] Trial 764 finished with value: 2.0671570440004308 and parameters: {'f_n': 2.0317736778415652e-06, 'K_d': 982966.0955184717, 'rho_d': 15126919225694.896, 'fission_rate': 5.761186775891368e+19, 'D2_xe_scale': 0.9442847972545841, 'Dg_D1_scale': 0.20360766135785743, 'Dg_D3_scale': 1.276296364223293, 'Dv_D1_scale': 0.9117277092658678, 'Dv_D2_scale': 3.657860326776567, 'b_bulk_scale': 0.18246969783307246, 'b_dislocation_scale': 0.15898824526632613, 'gb_scale': 4.470815809800827, 'gd_bubble_scale': 7.801186085714873, 'gd_line_scale': 8.277621790807116, 'gd_line_alpha': 0.24787606127032435, 'coalescence_d_scale': 0.8275815416208875, 'capture_scale': 6.399953529742673}. Best is trial 678 with value: 1.749291878123438.
[I 2026-05-02 19:56:22,222] Trial 765 finished with value: 1.8401880332804972 and parameters: {'f_n': 1.7344188914667887e-06, 'K_d': 1128801.0573573823, 'rho_d': 12829896060300.91, 'fission_rate': 5.571983864865519e+19, 'D2_xe_scale': 2.218455356041789, 'Dg_D1_scale': 0.22366740939324248, 'Dg_D3_scale': 1.5815258586829497, 'Dv_D1_scale': 0.2376525498306264, 'Dv_D2_scale': 3.767382143898936, 'b_bulk_scale': 0.14573302288999052, 'b_dislocation_scale': 0.11730324711953954, 'gb_scale': 3.8046815366931224, 'gd_bubble_scale': 9.044837483805379, 'gd_line_scale': 7.377872591761272, 'gd_line_alpha': 0.3281465843840451, 'coalescence_d_scale': 0.7432647025625362, 'capture_scale': 5.65371451065241}. Best is trial 678 with value: 1.749291878123438.
[I 2026-05-02 19:56:25,546] Trial 766 finished with value: 4.072611263909447 and parameters: {'f_n': 1.4183084677326491e-06, 'K_d': 1068553.530881453, 'rho_d': 59920338911755.52, 'fission_rate': 5.697733763717537e+19, 'D2_xe_scale': 1.637992081343406, 'Dg_D1_scale': 0.1953239107970339, 'Dg_D3_scale': 1.8345625721527976, 'Dv_D1_scale': 0.25940578165165873, 'Dv_D2_scale': 3.312671094746542, 'b_bulk_scale': 0.20443042096243993, 'b_dislocation_scale': 0.13341681205073688, 'gb_scale': 3.342138930497679, 'gd_bubble_scale': 8.316829324562642, 'gd_line_scale': 5.686469356949088, 'gd_line_alpha': 0.28724582301247414, 'coalescence_d_scale': 0.5247894847200829, 'capture_scale': 7.016219367983906}. Best is trial 678 with value: 1.749291878123438.
[I 2026-05-02 19:56:30,371] Trial 767 finished with value: 4.363332576876581 and parameters: {'f_n': 2.080801400390983e-06, 'K_d': 929274.0523482143, 'rho_d': 71997478979009.36, 'fission_rate': 5.887391563701061e+19, 'D2_xe_scale': 1.0666529583867252, 'Dg_D1_scale': 0.17312434982557254, 'Dg_D3_scale': 1.3656044963456313, 'Dv_D1_scale': 0.2906188426406394, 'Dv_D2_scale': 3.9960837443989603, 'b_bulk_scale': 0.1294128267039, 'b_dislocation_scale': 0.10828780335107906, 'gb_scale': 4.299926701721497, 'gd_bubble_scale': 7.623320988418524, 'gd_line_scale': 8.277778032552744, 'gd_line_alpha': 0.3066540938502664, 'coalescence_d_scale': 0.6939494457019804, 'capture_scale': 6.388486979104768}. Best is trial 678 with value: 1.749291878123438.
[I 2026-05-02 19:56:35,230] Trial 768 finished with value: 3.177208435329069 and parameters: {'f_n': 1.122777787496558e-06, 'K_d': 994486.7556298013, 'rho_d': 33922097106232.406, 'fission_rate': 5.82231663612012e+19, 'D2_xe_scale': 1.46469318036836, 'Dg_D1_scale': 0.21063232157725573, 'Dg_D3_scale': 1.4528745494695254, 'Dv_D1_scale': 0.3418704318837576, 'Dv_D2_scale': 3.5694899598515497, 'b_bulk_scale': 0.1605734502827483, 'b_dislocation_scale': 0.12594465195519974, 'gb_scale': 3.7816396319275896, 'gd_bubble_scale': 9.12246637798074, 'gd_line_scale': 6.9343697683409555, 'gd_line_alpha': 0.24803237685418997, 'coalescence_d_scale': 0.6177205525350364, 'capture_scale': 6.99058857028055}. Best is trial 678 with value: 1.749291878123438.
[I 2026-05-02 19:56:39,960] Trial 769 finished with value: 1.7758303278568204 and parameters: {'f_n': 1.7164559750644186e-06, 'K_d': 894671.4250268, 'rho_d': 14083477766978.752, 'fission_rate': 5.968823124055221e+19, 'D2_xe_scale': 1.9070326531894852, 'Dg_D1_scale': 0.1850471607802442, 'Dg_D3_scale': 1.7127511264615984, 'Dv_D1_scale': 0.3120239381466041, 'Dv_D2_scale': 3.745162939852063, 'b_bulk_scale': 0.17418684422376784, 'b_dislocation_scale': 0.09836322511686997, 'gb_scale': 4.725996987400577, 'gd_bubble_scale': 8.387178341181636, 'gd_line_scale': 6.475339735697563, 'gd_line_alpha': 0.2671756335508531, 'coalescence_d_scale': 0.4614550350732167, 'capture_scale': 5.745719775198405}. Best is trial 678 with value: 1.749291878123438.
[I 2026-05-02 19:56:44,643] Trial 770 finished with value: 1.8089275576186135 and parameters: {'f_n': 1.071339585548895e-06, 'K_d': 894532.5630809804, 'rho_d': 13390678167651.445, 'fission_rate': 6.095281566091859e+19, 'D2_xe_scale': 1.9337327854697932, 'Dg_D1_scale': 0.190948167764715, 'Dg_D3_scale': 1.7387382985283797, 'Dv_D1_scale': 0.274494218236126, 'Dv_D2_scale': 3.823286504179371, 'b_bulk_scale': 0.2349802675734051, 'b_dislocation_scale': 0.09877783620673863, 'gb_scale': 4.517994826787879, 'gd_bubble_scale': 8.498727651334137, 'gd_line_scale': 5.933119099674359, 'gd_line_alpha': 0.27269332859283396, 'coalescence_d_scale': 0.46251991745276516, 'capture_scale': 0.16496490620387144}. Best is trial 678 with value: 1.749291878123438.
[I 2026-05-02 19:56:49,379] Trial 771 finished with value: 1.777423216070734 and parameters: {'f_n': 1.3866913733814625e-06, 'K_d': 889149.9104936433, 'rho_d': 14128390423640.033, 'fission_rate': 5.9997869822524015e+19, 'D2_xe_scale': 2.4588244940919384, 'Dg_D1_scale': 0.20228051565330768, 'Dg_D3_scale': 1.6853198586374005, 'Dv_D1_scale': 0.30550053600300636, 'Dv_D2_scale': 3.7323838014537527, 'b_bulk_scale': 0.18068698491313356, 'b_dislocation_scale': 0.1117607708218305, 'gb_scale': 4.105609179137098, 'gd_bubble_scale': 9.951154787193675, 'gd_line_scale': 5.939646220937751, 'gd_line_alpha': 0.29205738544608106, 'coalescence_d_scale': 0.45552437720713884, 'capture_scale': 7.963521112648514}. Best is trial 678 with value: 1.749291878123438.
