[I 2026-05-02 19:19:02,554] Trial 295 finished with value: 1.9957133408540948 and parameters: {'f_n': 1.5122205492718275e-06, 'K_d': 295522.7062642582, 'rho_d': 11504664930320.322, 'fission_rate': 4.2355771508387406e+19, 'D2_xe_scale': 11.794777621344586, 'Dg_D1_scale': 0.5578101188661471, 'Dg_D3_scale': 3.3830690957656517, 'Dv_D1_scale': 0.3633198667915564, 'Dv_D2_scale': 1.5793742011890541, 'b_bulk_scale': 0.1218931217802862, 'b_dislocation_scale': 0.09310320530073499, 'gb_scale': 1.6882042930178858, 'gd_bubble_scale': 5.890181390050559, 'gd_line_scale': 3.678250731830847, 'gd_line_alpha': 0.2761760657423596, 'coalescence_d_scale': 0.3391235754483267, 'capture_scale': 7.147348237610458}. Best is trial 116 with value: 1.868175213579544.
[I 2026-05-02 19:19:07,370] Trial 296 finished with value: 2.2532947483818866 and parameters: {'f_n': 2.95558001663669e-06, 'K_d': 789620.9203573919, 'rho_d': 10166213702884.746, 'fission_rate': 4.139528980738128e+19, 'D2_xe_scale': 27.80875617812939, 'Dg_D1_scale': 0.3862145088612538, 'Dg_D3_scale': 3.5919392980991303, 'Dv_D1_scale': 0.41371325069332593, 'Dv_D2_scale': 1.424670278072808, 'b_bulk_scale': 0.06395914439055186, 'b_dislocation_scale': 0.08222666163641858, 'gb_scale': 2.601651971494846, 'gd_bubble_scale': 7.123962713667539, 'gd_line_scale': 4.496119341461547, 'gd_line_alpha': 0.29802659293283285, 'coalescence_d_scale': 0.21050414478161816, 'capture_scale': 5.098525396549958}. Best is trial 116 with value: 1.868175213579544.
[I 2026-05-02 19:19:13,969] Trial 297 finished with value: 3.458862002813057 and parameters: {'f_n': 1.2515505126749182e-06, 'K_d': 836720.9813866466, 'rho_d': 10784635376092.146, 'fission_rate': 4.085547973761836e+19, 'D2_xe_scale': 32.20391999287507, 'Dg_D1_scale': 0.5073081061408907, 'Dg_D3_scale': 3.9985254187491437, 'Dv_D1_scale': 0.44996545001096316, 'Dv_D2_scale': 2.1913714805645754, 'b_bulk_scale': 0.1905955209996505, 'b_dislocation_scale': 0.05429306945708888, 'gb_scale': 1.4782595612735672, 'gd_bubble_scale': 9.210557467215464, 'gd_line_scale': 3.2451939633802813, 'gd_line_alpha': 0.3172940876372965, 'coalescence_d_scale': 2.12904950842833, 'capture_scale': 6.172208362621639}. Best is trial 116 with value: 1.868175213579544.
[I 2026-05-02 19:19:20,344] Trial 298 finished with value: 2.656548813216613 and parameters: {'f_n': 2.0174577460200086e-06, 'K_d': 680914.1387222251, 'rho_d': 9253793318060.871, 'fission_rate': 4.2258767396718264e+19, 'D2_xe_scale': 43.65669668800323, 'Dg_D1_scale': 0.4352587403765603, 'Dg_D3_scale': 3.7477524244466984, 'Dv_D1_scale': 0.3255004482075209, 'Dv_D2_scale': 1.2685981323630453, 'b_bulk_scale': 0.24518195957127198, 'b_dislocation_scale': 0.11940789536481433, 'gb_scale': 3.7137878858727102, 'gd_bubble_scale': 8.01070374488234, 'gd_line_scale': 2.319463707502651, 'gd_line_alpha': 0.24117984058425332, 'coalescence_d_scale': 0.2400277870560869, 'capture_scale': 3.1400123627011256}. Best is trial 116 with value: 1.868175213579544.
[I 2026-05-02 19:19:26,634] Trial 299 finished with value: 2.365584304791682 and parameters: {'f_n': 1.5701379904211553e-06, 'K_d': 503634.422821143, 'rho_d': 12382957009707.021, 'fission_rate': 4.334605862564563e+19, 'D2_xe_scale': 16.36487894336547, 'Dg_D1_scale': 0.5700215380951926, 'Dg_D3_scale': 3.408443897826321, 'Dv_D1_scale': 0.3427229505897418, 'Dv_D2_scale': 1.9385792019224224, 'b_bulk_scale': 0.17698464015637186, 'b_dislocation_scale': 0.07172005982684905, 'gb_scale': 1.2056212826917982, 'gd_bubble_scale': 6.431498071371501, 'gd_line_scale': 3.9384760291853165, 'gd_line_alpha': 0.2853290904355939, 'coalescence_d_scale': 0.4616811468876977, 'capture_scale': 3.899446219915036}. Best is trial 116 with value: 1.868175213579544.Best trial: 116. Best value: 1.86818:  20%|█▉        | 299/1500 [26:38<2:04:32,  6.22s/it]Best trial: 116. Best value: 1.86818:  20%|█▉        | 299/1500 [26:38<2:04:32,  6.22s/it]Best trial: 116. Best value: 1.86818:  20%|██        | 300/1500 [26:38<2:04:53,  6.24s/it]                                                                                          Best trial: 116. Best value: 1.86818:  20%|██        | 300/1500 [26:44<2:04:53,  6.24s/it]Best trial: 116. Best value: 1.86818:  20%|██        | 300/1500 [26:44<2:04:53,  6.24s/it]Best trial: 116. Best value: 1.86818:  20%|██        | 301/1500 [26:44<2:06:25,  6.33s/it]                                                                                          Best trial: 116. Best value: 1.86818:  20%|██        | 301/1500 [26:49<2:06:25,  6.33s/it]Best trial: 116. Best value: 1.86818:  20%|██        | 301/1500 [26:49<2:06:25,  6.33s/it]Best trial: 116. Best value: 1.86818:  20%|██        | 302/1500 [26:49<1:59:19,  5.98s/it]                                                                                          Best trial: 116. Best value: 1.86818:  20%|██        | 302/1500 [26:56<1:59:19,  5.98s/it]Best trial: 116. Best value: 1.86818:  20%|██        | 302/1500 [26:56<1:59:19,  5.98s/it]Best trial: 116. Best value: 1.86818:  20%|██        | 303/1500 [26:56<2:01:26,  6.09s/it]                                                                                          Best trial: 116. Best value: 1.86818:  20%|██        | 303/1500 [27:02<2:01:26,  6.09s/it]Best trial: 116. Best value: 1.86818:  20%|██        | 303/1500 [27:02<2:01:26,  6.09s/it]Best trial: 116. Best value: 1.86818:  20%|██        | 304/1500 [27:02<1:59:34,  6.00s/it]                                                                                          Best trial: 116. Best value: 1.86818:  20%|██        | 304/1500 [27:08<1:59:34,  6.00s/it]Best trial: 116. Best value: 1.86818:  20%|██        | 304/1500 [27:08<1:59:34,  6.00s/it]Best trial: 116. Best value: 1.86818:  20%|██        | 305/1500 [27:08<2:00:01,  6.03s/it]                                                                                          Best trial: 116. Best value: 1.86818:  20%|██        | 305/1500 [27:14<2:00:01,  6.03s/it]Best trial: 116. Best value: 1.86818:  20%|██        | 305/1500 [27:14<2:00:01,  6.03s/it]Best trial: 116. Best value: 1.86818:  20%|██        | 306/1500 [27:14<1:59:45,  6.02s/it]                                                                                          Best trial: 116. Best value: 1.86818:  20%|██        | 306/1500 [27:18<1:59:45,  6.02s/it]Best trial: 116. Best value: 1.86818:  20%|██        | 306/1500 [27:18<1:59:45,  6.02s/it]Best trial: 116. Best value: 1.86818:  20%|██        | 307/1500 [27:18<1:49:34,  5.51s/it]                                                                                          Best trial: 116. Best value: 1.86818:  20%|██        | 307/1500 [27:24<1:49:34,  5.51s/it]Best trial: 116. Best value: 1.86818:  20%|██        | 307/1500 [27:24<1:49:34,  5.51s/it]Best trial: 116. Best value: 1.86818:  21%|██        | 308/1500 [27:24<1:52:01,  5.64s/it]                                                                                          Best trial: 116. Best value: 1.86818:  21%|██        | 308/1500 [27:30<1:52:01,  5.64s/it]Best trial: 116. Best value: 1.86818:  21%|██        | 308/1500 [27:30<1:52:01,  5.64s/it]Best trial: 116. Best value: 1.86818:  21%|██        | 309/1500 [27:30<1:54:50,  5.79s/it]                                                                                          Best trial: 116. Best value: 1.86818:  21%|██        | 309/1500 [27:34<1:54:50,  5.79s/it]Best trial: 116. Best value: 1.86818:  21%|██        | 309/1500 [27:34<1:54:50,  5.79s/it]Best trial: 116. Best value: 1.86818:  21%|██        | 310/1500 [27:34<1:43:28,  5.22s/it]                                                                                          
[I 2026-05-02 19:19:33,161] Trial 300 finished with value: 2.358480247002028 and parameters: {'f_n': 6.086341997636154e-07, 'K_d': 716650.4186452957, 'rho_d': 11139544162411.771, 'fission_rate': 4.161117439941681e+19, 'D2_xe_scale': 37.389251571849236, 'Dg_D1_scale': 0.6521806684333148, 'Dg_D3_scale': 3.744130458686186, 'Dv_D1_scale': 0.3666280715188204, 'Dv_D2_scale': 1.5251825684537745, 'b_bulk_scale': 0.2182078064590845, 'b_dislocation_scale': 0.08673007150918391, 'gb_scale': 1.9236326391224152, 'gd_bubble_scale': 7.491015142627075, 'gd_line_scale': 2.902148112705534, 'gd_line_alpha': 0.3355503172924905, 'coalescence_d_scale': 0.2798788881366564, 'capture_scale': 4.726346059696083}. Best is trial 116 with value: 1.868175213579544.
[I 2026-05-02 19:19:38,318] Trial 301 finished with value: 2.219561854514661 and parameters: {'f_n': 2.9783932411782565e-06, 'K_d': 533411.2215521104, 'rho_d': 10075864096917.996, 'fission_rate': 4.00391172863281e+19, 'D2_xe_scale': 23.417065796499102, 'Dg_D1_scale': 0.4676880356259304, 'Dg_D3_scale': 3.577786444951486, 'Dv_D1_scale': 0.33386225134772857, 'Dv_D2_scale': 0.6414467608220703, 'b_bulk_scale': 0.08413332199671597, 'b_dislocation_scale': 0.09649216067018379, 'gb_scale': 2.9629589473475133, 'gd_bubble_scale': 9.957775725959635, 'gd_line_scale': 4.748164137743453, 'gd_line_alpha': 0.26398358386382803, 'coalescence_d_scale': 0.33410001709193, 'capture_scale': 5.723126304596564}. Best is trial 116 with value: 1.868175213579544.
[I 2026-05-02 19:19:44,666] Trial 302 finished with value: 1.9604019423766779 and parameters: {'f_n': 2.3843996194525362e-06, 'K_d': 480743.44989742595, 'rho_d': 11854763403946.566, 'fission_rate': 4.264788181952423e+19, 'D2_xe_scale': 26.651966899405043, 'Dg_D1_scale': 0.5291231947374007, 'Dg_D3_scale': 3.242018970462046, 'Dv_D1_scale': 0.3231145887331417, 'Dv_D2_scale': 1.1772752569622846, 'b_bulk_scale': 0.14945642934473952, 'b_dislocation_scale': 0.08051352145215232, 'gb_scale': 6.265227389583401, 'gd_bubble_scale': 8.556469607474394, 'gd_line_scale': 5.691196129646366, 'gd_line_alpha': 0.366571529920991, 'coalescence_d_scale': 0.4110960356543467, 'capture_scale': 6.970696828683634}. Best is trial 116 with value: 1.868175213579544.
[I 2026-05-02 19:19:50,453] Trial 303 finished with value: 6.2378004213184015 and parameters: {'f_n': 1.2127753203284314e-06, 'K_d': 776391.8585621607, 'rho_d': 9588742979264.643, 'fission_rate': 4.08513474169268e+19, 'D2_xe_scale': 14.168584051356634, 'Dg_D1_scale': 0.4104245863116478, 'Dg_D3_scale': 3.7423269250513087, 'Dv_D1_scale': 0.4280324302172699, 'Dv_D2_scale': 1.8404793840390408, 'b_bulk_scale': 0.07566254676818897, 'b_dislocation_scale': 0.4418000570329153, 'gb_scale': 0.2369659350950795, 'gd_bubble_scale': 6.979158334379586, 'gd_line_scale': 3.37301818573648, 'gd_line_alpha': 0.30503092635429135, 'coalescence_d_scale': 10.752335185224997, 'capture_scale': 5.206103861675757}. Best is trial 116 with value: 1.868175213579544.
[I 2026-05-02 19:19:56,547] Trial 304 finished with value: 1.8888601755953727 and parameters: {'f_n': 1.761406170126969e-06, 'K_d': 863096.7472778108, 'rho_d': 10540365493528.467, 'fission_rate': 4.548233216079304e+19, 'D2_xe_scale': 19.910964206905568, 'Dg_D1_scale': 0.4937999233334879, 'Dg_D3_scale': 3.0693206797696972, 'Dv_D1_scale': 0.38293353113241746, 'Dv_D2_scale': 1.664240693438807, 'b_bulk_scale': 0.06369577125764524, 'b_dislocation_scale': 0.06560036003023015, 'gb_scale': 2.3592277041239145, 'gd_bubble_scale': 8.20930891553189, 'gd_line_scale': 4.243469942851296, 'gd_line_alpha': 0.24863195897870785, 'coalescence_d_scale': 0.37536664799040975, 'capture_scale': 6.126360156214629}. Best is trial 116 with value: 1.868175213579544.
[I 2026-05-02 19:20:02,545] Trial 305 finished with value: 1.9807450524267334 and parameters: {'f_n': 1.9631825805701197e-06, 'K_d': 819619.9546974887, 'rho_d': 10547707539096.658, 'fission_rate': 4.57553910877389e+19, 'D2_xe_scale': 16.797232425729604, 'Dg_D1_scale': 0.4978028758289249, 'Dg_D3_scale': 2.960869690798791, 'Dv_D1_scale': 0.3952998354655679, 'Dv_D2_scale': 1.7186211129512927, 'b_bulk_scale': 0.06924752101982085, 'b_dislocation_scale': 0.06274111480287123, 'gb_scale': 2.423654467718097, 'gd_bubble_scale': 8.3777178381693, 'gd_line_scale': 2.576177354844768, 'gd_line_alpha': 0.24510488354729434, 'coalescence_d_scale': 0.3568274855898207, 'capture_scale': 6.695407886408857}. Best is trial 116 with value: 1.868175213579544.
[I 2026-05-02 19:20:06,873] Trial 306 finished with value: 1.9132231722376831 and parameters: {'f_n': 1.8171546373945723e-06, 'K_d': 867035.5143130533, 'rho_d': 10390422703372.219, 'fission_rate': 4.644280910372842e+19, 'D2_xe_scale': 19.22675179833826, 'Dg_D1_scale': 0.5495228546949515, 'Dg_D3_scale': 3.011955749704334, 'Dv_D1_scale': 0.3770966285602769, 'Dv_D2_scale': 1.6343766925585272, 'b_bulk_scale': 0.060866905971862735, 'b_dislocation_scale': 0.0657559770961406, 'gb_scale': 2.1262470385789265, 'gd_bubble_scale': 8.986262660695736, 'gd_line_scale': 3.718008261615735, 'gd_line_alpha': 0.22176663324463147, 'coalescence_d_scale': 0.31484617058456804, 'capture_scale': 6.111186796961304}. Best is trial 116 with value: 1.868175213579544.
[I 2026-05-02 19:20:12,811] Trial 307 finished with value: 1.9483148982733167 and parameters: {'f_n': 2.380126235965333e-06, 'K_d': 848713.139619117, 'rho_d': 8686826735948.864, 'fission_rate': 4.610411098116355e+19, 'D2_xe_scale': 12.284840917331167, 'Dg_D1_scale': 0.45926450451298206, 'Dg_D3_scale': 2.8208510650158742, 'Dv_D1_scale': 0.38115337614916917, 'Dv_D2_scale': 1.617583697455045, 'b_bulk_scale': 0.05496391410784805, 'b_dislocation_scale': 0.05698334260706106, 'gb_scale': 2.1930611154284616, 'gd_bubble_scale': 9.503896229089, 'gd_line_scale': 3.7227154910785005, 'gd_line_alpha': 0.25853342843093724, 'coalescence_d_scale': 0.265734924301951, 'capture_scale': 7.970109922954061}. Best is trial 116 with value: 1.868175213579544.
[I 2026-05-02 19:20:18,938] Trial 308 finished with value: 1.9454116834172626 and parameters: {'f_n': 1.83751276004181e-06, 'K_d': 868034.9527269383, 'rho_d': 9830351114816.918, 'fission_rate': 4.3944500384885514e+19, 'D2_xe_scale': 19.1986751360926, 'Dg_D1_scale': 0.5071910699806664, 'Dg_D3_scale': 2.9733087822345245, 'Dv_D1_scale': 0.42062335562772574, 'Dv_D2_scale': 1.678381613616764, 'b_bulk_scale': 0.06048900132063247, 'b_dislocation_scale': 0.06637057158380713, 'gb_scale': 2.431960844137823, 'gd_bubble_scale': 9.970973965496512, 'gd_line_scale': 2.9793475883458846, 'gd_line_alpha': 0.28158175979841116, 'coalescence_d_scale': 0.2974560531343399, 'capture_scale': 6.112835586954067}. Best is trial 116 with value: 1.868175213579544.
[I 2026-05-02 19:20:22,830] Trial 309 finished with value: 3.359481901179282 and parameters: {'f_n': 1.6858521511519988e-06, 'K_d': 774620.6121766021, 'rho_d': 10454769636775.115, 'fission_rate': 4.72516917524732e+19, 'D2_xe_scale': 14.41610848416296, 'Dg_D1_scale': 0.5388677530360024, 'Dg_D3_scale': 3.0813207926608737, 'Dv_D1_scale': 0.37660917099344304, 'Dv_D2_scale': 1.776271192929181, 'b_bulk_scale': 0.06505543332754826, 'b_dislocation_scale': 0.29289371893376054, 'gb_scale': 2.0171876848326904, 'gd_bubble_scale': 8.797398754392221, 'gd_line_scale': 3.882544030606159, 'gd_line_alpha': 0.23692821472859707, 'coalescence_d_scale': 0.22244332441169215, 'capture_scale': 6.448302256555049}. Best is trial 116 with value: 1.868175213579544.
[I 2026-05-02 19:20:28,431] Trial 310 finished with value: 2.1093415865574356 and parameters: {'f_n': 2.273813603372234e-06, 'K_d': 740145.0487600676, 'rho_d': 9202176787628.736, 'fission_rate': 4.88862731483814e+19, 'D2_xe_scale': 19.567631913398454, 'Dg_D1_scale': 0.4249805858975549, 'Dg_D3_scale': 2.73397666677387, 'Dv_D1_scale': 0.36026521817550905, 'Dv_D2_scale': 1.5613105400358025, 'b_bulk_scale': 0.06524393913385892, 'b_dislocation_scale': 0.06090142353618804, 'gb_scale': 2.5858036556567523, 'gd_bubble_scale': 8.423457876157583, 'gd_line_scale': 3.250649191265976, 'gd_line_alpha': 0.2765450202868835, 'coalescence_d_scale': 0.3170332187428088, 'capture_scale': 6.987062603007565}. Best is trial 116 with value: 1.868175213579544.Best trial: 116. Best value: 1.86818:  21%|██        | 310/1500 [27:40<1:43:28,  5.22s/it]Best trial: 116. Best value: 1.86818:  21%|██        | 310/1500 [27:40<1:43:28,  5.22s/it]Best trial: 116. Best value: 1.86818:  21%|██        | 311/1500 [27:40<1:45:40,  5.33s/it]                                                                                          Best trial: 116. Best value: 1.86818:  21%|██        | 311/1500 [27:45<1:45:40,  5.33s/it]Best trial: 116. Best value: 1.86818:  21%|██        | 311/1500 [27:45<1:45:40,  5.33s/it]Best trial: 116. Best value: 1.86818:  21%|██        | 312/1500 [27:45<1:48:27,  5.48s/it]                                                                                          Best trial: 116. Best value: 1.86818:  21%|██        | 312/1500 [27:50<1:48:27,  5.48s/it]Best trial: 116. Best value: 1.86818:  21%|██        | 312/1500 [27:50<1:48:27,  5.48s/it]Best trial: 116. Best value: 1.86818:  21%|██        | 313/1500 [27:50<1:41:54,  5.15s/it]                                                                                          Best trial: 116. Best value: 1.86818:  21%|██        | 313/1500 [27:56<1:41:54,  5.15s/it]Best trial: 116. Best value: 1.86818:  21%|██        | 313/1500 [27:56<1:41:54,  5.15s/it]Best trial: 116. Best value: 1.86818:  21%|██        | 314/1500 [27:56<1:46:51,  5.41s/it]                                                                                          Best trial: 116. Best value: 1.86818:  21%|██        | 314/1500 [28:02<1:46:51,  5.41s/it]Best trial: 116. Best value: 1.86818:  21%|██        | 314/1500 [28:02<1:46:51,  5.41s/it]Best trial: 116. Best value: 1.86818:  21%|██        | 315/1500 [28:02<1:49:17,  5.53s/it]                                                                                          Best trial: 116. Best value: 1.86818:  21%|██        | 315/1500 [28:08<1:49:17,  5.53s/it]Best trial: 116. Best value: 1.86818:  21%|██        | 315/1500 [28:08<1:49:17,  5.53s/it]Best trial: 116. Best value: 1.86818:  21%|██        | 316/1500 [28:08<1:53:13,  5.74s/it]                                                                                          Best trial: 116. Best value: 1.86818:  21%|██        | 316/1500 [28:14<1:53:13,  5.74s/it]Best trial: 116. Best value: 1.86818:  21%|██        | 316/1500 [28:14<1:53:13,  5.74s/it]Best trial: 116. Best value: 1.86818:  21%|██        | 317/1500 [28:14<1:54:32,  5.81s/it]                                                                                          Best trial: 116. Best value: 1.86818:  21%|██        | 317/1500 [28:18<1:54:32,  5.81s/it]Best trial: 116. Best value: 1.86818:  21%|██        | 317/1500 [28:18<1:54:32,  5.81s/it]Best trial: 116. Best value: 1.86818:  21%|██        | 318/1500 [28:18<1:46:43,  5.42s/it]                                                                                          Best trial: 116. Best value: 1.86818:  21%|██        | 318/1500 [28:24<1:46:43,  5.42s/it]Best trial: 318. Best value: 1.86549:  21%|██        | 318/1500 [28:24<1:46:43,  5.42s/it]Best trial: 318. Best value: 1.86549:  21%|██▏       | 319/1500 [28:24<1:50:22,  5.61s/it]                                                                                          Best trial: 318. Best value: 1.86549:  21%|██▏       | 319/1500 [28:30<1:50:22,  5.61s/it]Best trial: 318. Best value: 1.86549:  21%|██▏       | 319/1500 [28:30<1:50:22,  5.61s/it]Best trial: 318. Best value: 1.86549:  21%|██▏       | 320/1500 [28:30<1:53:00,  5.75s/it]                                                                                          Best trial: 318. Best value: 1.86549:  21%|██▏       | 320/1500 [28:34<1:53:00,  5.75s/it]Best trial: 318. Best value: 1.86549:  21%|██▏       | 320/1500 [28:35<1:53:00,  5.75s/it]Best trial: 318. Best value: 1.86549:  21%|██▏       | 321/1500 [28:35<1:43:09,  5.25s/it]                                                                                          
[I 2026-05-02 19:20:34,249] Trial 311 finished with value: 2.066353291027582 and parameters: {'f_n': 1.4438082701401803e-06, 'K_d': 837976.5131634201, 'rho_d': 10100370668122.645, 'fission_rate': 4.670195004606685e+19, 'D2_xe_scale': 49.59071555713192, 'Dg_D1_scale': 0.36532571812757547, 'Dg_D3_scale': 3.300280218293603, 'Dv_D1_scale': 0.3531551853532982, 'Dv_D2_scale': 1.8836691667480656, 'b_bulk_scale': 0.05723388557877534, 'b_dislocation_scale': 0.070991550185521, 'gb_scale': 1.8203155768425554, 'gd_bubble_scale': 7.899198585812501, 'gd_line_scale': 2.2490057993083408, 'gd_line_alpha': 0.007100131583158462, 'coalescence_d_scale': 0.19353304764672496, 'capture_scale': 5.784608750029866}. Best is trial 116 with value: 1.868175213579544.
[I 2026-05-02 19:20:38,630] Trial 312 finished with value: 1.8974678994167555 and parameters: {'f_n': 2.40156845237858e-06, 'K_d': 868425.9445213906, 'rho_d': 10897602409983.91, 'fission_rate': 4.521757159184285e+19, 'D2_xe_scale': 11.069745558421449, 'Dg_D1_scale': 0.4776206234290841, 'Dg_D3_scale': 3.15194005278908, 'Dv_D1_scale': 0.3897007923013236, 'Dv_D2_scale': 1.668185231893131, 'b_bulk_scale': 0.07775696463274463, 'b_dislocation_scale': 0.06362913970304596, 'gb_scale': 2.2848240068785874, 'gd_bubble_scale': 9.075127822662592, 'gd_line_scale': 3.6120966299389594, 'gd_line_alpha': 0.24647936722601504, 'coalescence_d_scale': 0.23853887220412986, 'capture_scale': 4.861397447165168}. Best is trial 116 with value: 1.868175213579544.
