[I 2026-05-02 20:45:22,710] Trial 1432 finished with value: 2.503668103882773 and parameters: {'f_n': 3.983610906152159e-09, 'K_d': 832165.7007732228, 'rho_d': 9797682411932.47, 'fission_rate': 6.207606999850479e+19, 'D2_xe_scale': 0.11078087781448202, 'Dg_D1_scale': 0.18855580290082613, 'Dg_D3_scale': 2.6656790029060966, 'Dv_D1_scale': 0.29949301185166705, 'Dv_D2_scale': 3.2579206712602042, 'b_bulk_scale': 0.28416835124695705, 'b_dislocation_scale': 0.22494140093246728, 'gb_scale': 7.965297750264404, 'gd_bubble_scale': 9.127735481545754, 'gd_line_scale': 9.082363706262493, 'gd_line_alpha': 0.5799096757569511, 'coalescence_d_scale': 0.3952094121362489, 'capture_scale': 5.244535624168833}. Best is trial 1126 with value: 1.7410514264406347.Best trial: 1126. Best value: 1.74105:  95%|█████████▌| 1432/1500 [1:52:34<05:25,  4.79s/it]Best trial: 1126. Best value: 1.74105:  95%|█████████▌| 1432/1500 [1:52:34<05:25,  4.79s/it]Best trial: 1126. Best value: 1.74105:  96%|█████████▌| 1433/1500 [1:52:34<04:52,  4.36s/it]                                                                                            Best trial: 1126. Best value: 1.74105:  96%|█████████▌| 1433/1500 [1:52:39<04:52,  4.36s/it]Best trial: 1126. Best value: 1.74105:  96%|█████████▌| 1433/1500 [1:52:39<04:52,  4.36s/it]Best trial: 1126. Best value: 1.74105:  96%|█████████▌| 1434/1500 [1:52:39<04:59,  4.54s/it]                                                                                            Best trial: 1126. Best value: 1.74105:  96%|█████████▌| 1434/1500 [1:52:44<04:59,  4.54s/it]Best trial: 1126. Best value: 1.74105:  96%|█████████▌| 1434/1500 [1:52:44<04:59,  4.54s/it]Best trial: 1126. Best value: 1.74105:  96%|█████████▌| 1435/1500 [1:52:44<05:02,  4.65s/it]                                                                                            Best trial: 1126. Best value: 1.74105:  96%|█████████▌| 1435/1500 [1:52:49<05:02,  4.65s/it]Best trial: 1126. Best value: 1.74105:  96%|█████████▌| 1435/1500 [1:52:49<05:02,  4.65s/it]Best trial: 1126. Best value: 1.74105:  96%|█████████▌| 1436/1500 [1:52:49<05:03,  4.73s/it]                                                                                            Best trial: 1126. Best value: 1.74105:  96%|█████████▌| 1436/1500 [1:52:53<05:03,  4.73s/it]Best trial: 1126. Best value: 1.74105:  96%|█████████▌| 1436/1500 [1:52:53<05:03,  4.73s/it]Best trial: 1126. Best value: 1.74105:  96%|█████████▌| 1437/1500 [1:52:53<04:55,  4.69s/it]                                                                                            Best trial: 1126. Best value: 1.74105:  96%|█████████▌| 1437/1500 [1:52:58<04:55,  4.69s/it]Best trial: 1126. Best value: 1.74105:  96%|█████████▌| 1437/1500 [1:52:58<04:55,  4.69s/it]Best trial: 1126. Best value: 1.74105:  96%|█████████▌| 1438/1500 [1:52:58<04:56,  4.78s/it]                                                                                            Best trial: 1126. Best value: 1.74105:  96%|█████████▌| 1438/1500 [1:53:03<04:56,  4.78s/it]Best trial: 1126. Best value: 1.74105:  96%|█████████▌| 1438/1500 [1:53:03<04:56,  4.78s/it]Best trial: 1126. Best value: 1.74105:  96%|█████████▌| 1439/1500 [1:53:03<04:54,  4.83s/it]                                                                                            Best trial: 1126. Best value: 1.74105:  96%|█████████▌| 1439/1500 [1:53:06<04:54,  4.83s/it]Best trial: 1126. Best value: 1.74105:  96%|█████████▌| 1439/1500 [1:53:06<04:54,  4.83s/it]Best trial: 1126. Best value: 1.74105:  96%|█████████▌| 1440/1500 [1:53:06<04:20,  4.34s/it]                                                                                            Best trial: 1126. Best value: 1.74105:  96%|█████████▌| 1440/1500 [1:53:11<04:20,  4.34s/it]Best trial: 1126. Best value: 1.74105:  96%|█████████▌| 1440/1500 [1:53:11<04:20,  4.34s/it]Best trial: 1126. Best value: 1.74105:  96%|█████████▌| 1441/1500 [1:53:11<04:23,  4.46s/it]                                                                                            Best trial: 1126. Best value: 1.74105:  96%|█████████▌| 1441/1500 [1:53:16<04:23,  4.46s/it]Best trial: 1126. Best value: 1.74105:  96%|█████████▌| 1441/1500 [1:53:16<04:23,  4.46s/it]Best trial: 1126. Best value: 1.74105:  96%|█████████▌| 1442/1500 [1:53:16<04:24,  4.56s/it]                                                                                            Best trial: 1126. Best value: 1.74105:  96%|█████████▌| 1442/1500 [1:53:21<04:24,  4.56s/it]Best trial: 1126. Best value: 1.74105:  96%|█████████▌| 1442/1500 [1:53:21<04:24,  4.56s/it]Best trial: 1126. Best value: 1.74105:  96%|█████████▌| 1443/1500 [1:53:21<04:25,  4.65s/it]                                                                                            
[I 2026-05-02 20:45:27,677] Trial 1433 finished with value: 2.07045429710105 and parameters: {'f_n': 1.0670756125353614e-06, 'K_d': 984274.0608225035, 'rho_d': 9048069791803.145, 'fission_rate': 5.9689069353805595e+19, 'D2_xe_scale': 0.04010805473321599, 'Dg_D1_scale': 0.7774005635162973, 'Dg_D3_scale': 2.195462023426025, 'Dv_D1_scale': 0.2837583843420952, 'Dv_D2_scale': 3.453320291608137, 'b_bulk_scale': 0.2294061509992222, 'b_dislocation_scale': 0.13931978373446735, 'gb_scale': 6.733731269199697, 'gd_bubble_scale': 7.795461030698688, 'gd_line_scale': 8.368467721710871, 'gd_line_alpha': 0.46353327401091615, 'coalescence_d_scale': 0.4817158825119396, 'capture_scale': 5.967913289139685}. Best is trial 1126 with value: 1.7410514264406347.
[I 2026-05-02 20:45:32,582] Trial 1434 finished with value: 4.009585060120359 and parameters: {'f_n': 5.778700249350039e-07, 'K_d': 809690.3571562974, 'rho_d': 36650847652675.66, 'fission_rate': 6.131823689684679e+19, 'D2_xe_scale': 0.06539685895446909, 'Dg_D1_scale': 0.21452155732203046, 'Dg_D3_scale': 3.1779712700095244, 'Dv_D1_scale': 0.310359676996214, 'Dv_D2_scale': 3.803588442592802, 'b_bulk_scale': 0.31574416133497374, 'b_dislocation_scale': 0.15641756799228557, 'gb_scale': 5.364564001527583, 'gd_bubble_scale': 9.132572548292679, 'gd_line_scale': 9.950650514869187, 'gd_line_alpha': 0.6148122563780067, 'coalescence_d_scale': 0.3317799361653305, 'capture_scale': 7.013624837780461}. Best is trial 1126 with value: 1.7410514264406347.
[I 2026-05-02 20:45:37,516] Trial 1435 finished with value: 3.2955190601356343 and parameters: {'f_n': 8.140561585098279e-07, 'K_d': 588211.9581934654, 'rho_d': 10562792086559.879, 'fission_rate': 6.0730816500601995e+19, 'D2_xe_scale': 0.09627595001688909, 'Dg_D1_scale': 0.17374642123080947, 'Dg_D3_scale': 2.50264915104879, 'Dv_D1_scale': 0.2648943697389487, 'Dv_D2_scale': 3.994673797729241, 'b_bulk_scale': 0.28066491901789015, 'b_dislocation_scale': 0.13231239243429335, 'gb_scale': 6.109563858462378, 'gd_bubble_scale': 0.44481720866620866, 'gd_line_scale': 7.520827682071048, 'gd_line_alpha': 0.5413531385920267, 'coalescence_d_scale': 5.188576198284005, 'capture_scale': 7.093069443808878}. Best is trial 1126 with value: 1.7410514264406347.
[I 2026-05-02 20:45:42,087] Trial 1436 finished with value: 2.514706068286729 and parameters: {'f_n': 3.6978937660834557e-07, 'K_d': 865118.1714632254, 'rho_d': 11260132452937.06, 'fission_rate': 6.2189825723675075e+19, 'D2_xe_scale': 1.2063713112558208, 'Dg_D1_scale': 0.19825443250114097, 'Dg_D3_scale': 1.980221782650608, 'Dv_D1_scale': 0.33525380760849466, 'Dv_D2_scale': 3.6286129403145178, 'b_bulk_scale': 0.31134447936848453, 'b_dislocation_scale': 0.2844602567579596, 'gb_scale': 7.258532577967262, 'gd_bubble_scale': 7.638585082713537, 'gd_line_scale': 9.219119535006506, 'gd_line_alpha': 0.5932778320571321, 'coalescence_d_scale': 0.3770504022073158, 'capture_scale': 4.916268009459549}. Best is trial 1126 with value: 1.7410514264406347.
[I 2026-05-02 20:45:47,100] Trial 1437 finished with value: 1.844611761821943 and parameters: {'f_n': 6.509914972157234e-07, 'K_d': 611081.6016431719, 'rho_d': 10149452199398.863, 'fission_rate': 5.9024988890564624e+19, 'D2_xe_scale': 0.05525321770194648, 'Dg_D1_scale': 0.18136576499039414, 'Dg_D3_scale': 2.892499760248285, 'Dv_D1_scale': 0.29088956856851594, 'Dv_D2_scale': 3.612901586118683, 'b_bulk_scale': 0.26441671233898045, 'b_dislocation_scale': 0.17194189654328915, 'gb_scale': 4.454111549677876, 'gd_bubble_scale': 8.43816694888748, 'gd_line_scale': 8.209882423233719, 'gd_line_alpha': 0.44187864587003606, 'coalescence_d_scale': 0.4380863010343546, 'capture_scale': 5.851591411600856}. Best is trial 1126 with value: 1.7410514264406347.
[I 2026-05-02 20:45:52,030] Trial 1438 finished with value: 1.9554227755265756 and parameters: {'f_n': 2.8969196427417644e-07, 'K_d': 791395.8697075533, 'rho_d': 11235604023145.87, 'fission_rate': 6.042045980411679e+19, 'D2_xe_scale': 0.07591767012508052, 'Dg_D1_scale': 0.17305798769186898, 'Dg_D3_scale': 3.511435096548703, 'Dv_D1_scale': 0.2588420174224823, 'Dv_D2_scale': 3.3595889964903534, 'b_bulk_scale': 0.5929569254371709, 'b_dislocation_scale': 0.1510253968465553, 'gb_scale': 6.464614473312184, 'gd_bubble_scale': 7.820252025653503, 'gd_line_scale': 7.467788302194667, 'gd_line_alpha': 0.5569669642270301, 'coalescence_d_scale': 0.6041307900106081, 'capture_scale': 6.435234851421089}. Best is trial 1126 with value: 1.7410514264406347.
[I 2026-05-02 20:45:55,230] Trial 1439 finished with value: 1.834450987860768 and parameters: {'f_n': 4.405227720310179e-07, 'K_d': 924978.9554943846, 'rho_d': 9628521033460.682, 'fission_rate': 6.155074375289849e+19, 'D2_xe_scale': 0.04709709357954172, 'Dg_D1_scale': 0.20524614518738507, 'Dg_D3_scale': 2.7346965770558773, 'Dv_D1_scale': 0.30787565192099664, 'Dv_D2_scale': 3.8038750595172224, 'b_bulk_scale': 0.6910060052263901, 'b_dislocation_scale': 0.19999790085628238, 'gb_scale': 5.526044282175977, 'gd_bubble_scale': 9.183357773265502, 'gd_line_scale': 8.98656622660604, 'gd_line_alpha': 0.6626346034477462, 'coalescence_d_scale': 0.5249849815860297, 'capture_scale': 7.994000460924271}. Best is trial 1126 with value: 1.7410514264406347.
[I 2026-05-02 20:45:59,971] Trial 1440 finished with value: 2.4525366946740603 and parameters: {'f_n': 1.6594095344367713e-07, 'K_d': 638475.4055525362, 'rho_d': 10719266121265.236, 'fission_rate': 6.255727985115859e+19, 'D2_xe_scale': 0.06034042418328568, 'Dg_D1_scale': 0.18896847743473694, 'Dg_D3_scale': 2.35055505071076, 'Dv_D1_scale': 0.2778601359739354, 'Dv_D2_scale': 3.9989437748602907, 'b_bulk_scale': 0.18997917206300935, 'b_dislocation_scale': 0.11527860228508098, 'gb_scale': 4.839752141766014, 'gd_bubble_scale': 8.428982805750671, 'gd_line_scale': 1.3925201476923872, 'gd_line_alpha': 0.4236312440857317, 'coalescence_d_scale': 0.3032059338151267, 'capture_scale': 5.4622896876301645}. Best is trial 1126 with value: 1.7410514264406347.
[I 2026-05-02 20:46:04,774] Trial 1441 finished with value: 2.049143583663798 and parameters: {'f_n': 5.735359117501172e-07, 'K_d': 842203.5191095318, 'rho_d': 11451157360991.748, 'fission_rate': 6.098670735196974e+19, 'D2_xe_scale': 0.08882376735638554, 'Dg_D1_scale': 0.17016208127163018, 'Dg_D3_scale': 3.3473944398293978, 'Dv_D1_scale': 0.3223584886859898, 'Dv_D2_scale': 3.9987942049361336, 'b_bulk_scale': 0.22412424966036615, 'b_dislocation_scale': 0.1407403079808024, 'gb_scale': 7.320068947973755, 'gd_bubble_scale': 7.552600958344345, 'gd_line_scale': 7.001873977489136, 'gd_line_alpha': 0.9807553261891216, 'coalescence_d_scale': 0.4778952750280824, 'capture_scale': 3.9450563798902976}. Best is trial 1126 with value: 1.7410514264406347.
[I 2026-05-02 20:46:09,627] Trial 1442 finished with value: 3.2791031020854655 and parameters: {'f_n': 3.1976662849500527e-07, 'K_d': 781988.0633941618, 'rho_d': 10280497147772.402, 'fission_rate': 5.974935363652089e+19, 'D2_xe_scale': 0.7024293389426658, 'Dg_D1_scale': 0.16695120351289494, 'Dg_D3_scale': 3.012055166961823, 'Dv_D1_scale': 0.29178882312115517, 'Dv_D2_scale': 3.6032944322623335, 'b_bulk_scale': 0.24594416020614707, 'b_dislocation_scale': 0.1640576826284379, 'gb_scale': 4.110143835161829, 'gd_bubble_scale': 9.192413668999256, 'gd_line_scale': 0.18800861131387825, 'gd_line_alpha': 0.45237161900983897, 'coalescence_d_scale': 0.35090660353684544, 'capture_scale': 6.448341341485753}. Best is trial 1126 with value: 1.7410514264406347.
[I 2026-05-02 20:46:14,425] Trial 1443 finished with value: 3.0757746388672524 and parameters: {'f_n': 8.496064455492416e-07, 'K_d': 202730.92860177078, 'rho_d': 10694392340143.402, 'fission_rate': 6.2248306821918106e+19, 'D2_xe_scale': 0.07040798557450573, 'Dg_D1_scale': 1.3180486140078451, 'Dg_D3_scale': 2.150752759250214, 'Dv_D1_scale': 0.3447956029032506, 'Dv_D2_scale': 3.999149190326913, 'b_bulk_scale': 0.2945600582682915, 'b_dislocation_scale': 0.10135427916067515, 'gb_scale': 5.940181294916409, 'gd_bubble_scale': 7.402104972848457, 'gd_line_scale': 1.0288456555900778, 'gd_line_alpha': 0.633149162674143, 'coalescence_d_scale': 0.4057880062476123, 'capture_scale': 4.6472730779790705}. Best is trial 1126 with value: 1.7410514264406347.Best trial: 1126. Best value: 1.74105:  96%|█████████▌| 1443/1500 [1:53:26<04:25,  4.65s/it]Best trial: 1126. Best value: 1.74105:  96%|█████████▌| 1443/1500 [1:53:26<04:25,  4.65s/it]Best trial: 1126. Best value: 1.74105:  96%|█████████▋| 1444/1500 [1:53:26<04:23,  4.70s/it]                                                                                            Best trial: 1126. Best value: 1.74105:  96%|█████████▋| 1444/1500 [1:53:31<04:23,  4.70s/it]Best trial: 1126. Best value: 1.74105:  96%|█████████▋| 1444/1500 [1:53:31<04:23,  4.70s/it]Best trial: 1126. Best value: 1.74105:  96%|█████████▋| 1445/1500 [1:53:31<04:23,  4.79s/it]                                                                                            Best trial: 1126. Best value: 1.74105:  96%|█████████▋| 1445/1500 [1:53:35<04:23,  4.79s/it]Best trial: 1126. Best value: 1.74105:  96%|█████████▋| 1445/1500 [1:53:36<04:23,  4.79s/it]Best trial: 1126. Best value: 1.74105:  96%|█████████▋| 1446/1500 [1:53:36<04:21,  4.83s/it]                                                                                            Best trial: 1126. Best value: 1.74105:  96%|█████████▋| 1446/1500 [1:53:39<04:21,  4.83s/it]Best trial: 1126. Best value: 1.74105:  96%|█████████▋| 1446/1500 [1:53:39<04:21,  4.83s/it]Best trial: 1126. Best value: 1.74105:  96%|█████████▋| 1447/1500 [1:53:39<03:50,  4.35s/it]                                                                                            Best trial: 1126. Best value: 1.74105:  96%|█████████▋| 1447/1500 [1:53:43<03:50,  4.35s/it]Best trial: 1126. Best value: 1.74105:  96%|█████████▋| 1447/1500 [1:53:43<03:50,  4.35s/it]Best trial: 1126. Best value: 1.74105:  97%|█████████▋| 1448/1500 [1:53:43<03:48,  4.40s/it]                                                                                            Best trial: 1126. Best value: 1.74105:  97%|█████████▋| 1448/1500 [1:53:48<03:48,  4.40s/it]Best trial: 1126. Best value: 1.74105:  97%|█████████▋| 1448/1500 [1:53:48<03:48,  4.40s/it]Best trial: 1126. Best value: 1.74105:  97%|█████████▋| 1449/1500 [1:53:48<03:53,  4.58s/it]                                                                                            Best trial: 1126. Best value: 1.74105:  97%|█████████▋| 1449/1500 [1:53:53<03:53,  4.58s/it]Best trial: 1126. Best value: 1.74105:  97%|█████████▋| 1449/1500 [1:53:53<03:53,  4.58s/it]Best trial: 1126. Best value: 1.74105:  97%|█████████▋| 1450/1500 [1:53:53<03:55,  4.70s/it]                                                                                            Best trial: 1126. Best value: 1.74105:  97%|█████████▋| 1450/1500 [1:53:58<03:55,  4.70s/it]Best trial: 1126. Best value: 1.74105:  97%|█████████▋| 1450/1500 [1:53:58<03:55,  4.70s/it]Best trial: 1126. Best value: 1.74105:  97%|█████████▋| 1451/1500 [1:53:58<03:53,  4.77s/it]                                                                                            Best trial: 1126. Best value: 1.74105:  97%|█████████▋| 1451/1500 [1:54:03<03:53,  4.77s/it]Best trial: 1126. Best value: 1.74105:  97%|█████████▋| 1451/1500 [1:54:03<03:53,  4.77s/it]Best trial: 1126. Best value: 1.74105:  97%|█████████▋| 1452/1500 [1:54:03<03:44,  4.67s/it]                                                                                            Best trial: 1126. Best value: 1.74105:  97%|█████████▋| 1452/1500 [1:54:05<03:44,  4.67s/it]Best trial: 1126. Best value: 1.74105:  97%|█████████▋| 1452/1500 [1:54:06<03:44,  4.67s/it]Best trial: 1126. Best value: 1.74105:  97%|█████████▋| 1453/1500 [1:54:06<03:14,  4.15s/it]                                                                                            Best trial: 1126. Best value: 1.74105:  97%|█████████▋| 1453/1500 [1:54:10<03:14,  4.15s/it]Best trial: 1126. Best value: 1.74105:  97%|█████████▋| 1453/1500 [1:54:10<03:14,  4.15s/it]Best trial: 1126. Best value: 1.74105:  97%|█████████▋| 1454/1500 [1:54:10<03:11,  4.16s/it]                                                                                            
[I 2026-05-02 20:46:19,440] Trial 1444 finished with value: 1.7571416584808868 and parameters: {'f_n': 4.641970435635055e-07, 'K_d': 668275.6120309387, 'rho_d': 11497652457865.717, 'fission_rate': 5.869647531306965e+19, 'D2_xe_scale': 0.05403170786410326, 'Dg_D1_scale': 0.184628986125583, 'Dg_D3_scale': 2.649467570905734, 'Dv_D1_scale': 0.27474938029119933, 'Dv_D2_scale': 3.7834349000185292, 'b_bulk_scale': 0.26040441755517, 'b_dislocation_scale': 0.12222661901186246, 'gb_scale': 6.691331372569981, 'gd_bubble_scale': 8.330266837156152, 'gd_line_scale': 8.304796480462613, 'gd_line_alpha': 0.5383340662432513, 'coalescence_d_scale': 0.4458841687289392, 'capture_scale': 6.9526398111486545}. Best is trial 1126 with value: 1.7410514264406347.
[I 2026-05-02 20:46:24,377] Trial 1445 finished with value: 1.8481119458113455 and parameters: {'f_n': 3.884323090547083e-07, 'K_d': 940818.6347407254, 'rho_d': 9610488483933.215, 'fission_rate': 6.008367999963201e+19, 'D2_xe_scale': 0.14433428622019662, 'Dg_D1_scale': 0.21837523222437846, 'Dg_D3_scale': 2.3898152059285556, 'Dv_D1_scale': 0.25514465522512786, 'Dv_D2_scale': 3.481668142548346, 'b_bulk_scale': 0.322826431282697, 'b_dislocation_scale': 0.18272486565776383, 'gb_scale': 6.678153366381848, 'gd_bubble_scale': 9.149271439428752, 'gd_line_scale': 9.104136616069324, 'gd_line_alpha': 0.5747359988365085, 'coalescence_d_scale': 0.5579674373494354, 'capture_scale': 5.833256034019114}. Best is trial 1126 with value: 1.7410514264406347.
[I 2026-05-02 20:46:27,605] Trial 1446 finished with value: 2.334716294358479 and parameters: {'f_n': 4.2297139061775264e-08, 'K_d': 555574.4422285577, 'rho_d': 9032033676552.223, 'fission_rate': 6.141104312624327e+19, 'D2_xe_scale': 1.4492240594473373, 'Dg_D1_scale': 0.230504167829571, 'Dg_D3_scale': 1.9228634330325078, 'Dv_D1_scale': 0.30188888169899986, 'Dv_D2_scale': 0.6999434125972549, 'b_bulk_scale': 0.5156343375783633, 'b_dislocation_scale': 0.15069318910721585, 'gb_scale': 5.555927727471128, 'gd_bubble_scale': 9.939939470157785, 'gd_line_scale': 7.855427070551208, 'gd_line_alpha': 0.4733885058552109, 'coalescence_d_scale': 0.37382496215761635, 'capture_scale': 6.442180307936536}. Best is trial 1126 with value: 1.7410514264406347.
[I 2026-05-02 20:46:32,126] Trial 1447 finished with value: 1.9125299102199715 and parameters: {'f_n': 5.213485079455327e-07, 'K_d': 1012191.4187321641, 'rho_d': 10896061851459.963, 'fission_rate': 6.492143894690858e+19, 'D2_xe_scale': 1.0124532299797295, 'Dg_D1_scale': 0.17608041555984694, 'Dg_D3_scale': 3.0977976517752004, 'Dv_D1_scale': 1.1591279007032225, 'Dv_D2_scale': 3.191343865285782, 'b_bulk_scale': 0.20522170036487886, 'b_dislocation_scale': 0.13338894827649592, 'gb_scale': 7.331905435490711, 'gd_bubble_scale': 7.38942616154662, 'gd_line_scale': 6.916877775989507, 'gd_line_alpha': 0.41221598477913496, 'coalescence_d_scale': 0.2699549369885619, 'capture_scale': 7.1568431782049124}. Best is trial 1126 with value: 1.7410514264406347.
[I 2026-05-02 20:46:36,974] Trial 1448 finished with value: 3.382463668312588 and parameters: {'f_n': 3.083940887039726e-09, 'K_d': 763846.474146638, 'rho_d': 10177253226336.977, 'fission_rate': 6.353509468789565e+19, 'D2_xe_scale': 0.11051045226712637, 'Dg_D1_scale': 0.1963620363418126, 'Dg_D3_scale': 2.565685697630709, 'Dv_D1_scale': 0.28227571748376556, 'Dv_D2_scale': 3.619539707847229, 'b_bulk_scale': 0.2796167034140296, 'b_dislocation_scale': 0.11135728524145692, 'gb_scale': 7.964362665537305, 'gd_bubble_scale': 9.948668163141587, 'gd_line_scale': 9.127797285099343, 'gd_line_alpha': 0.6079283573138666, 'coalescence_d_scale': 0.3198315559105553, 'capture_scale': 5.009591229867339}. Best is trial 1126 with value: 1.7410514264406347.
[I 2026-05-02 20:46:42,094] Trial 1449 finished with value: 1.7801889060936082 and parameters: {'f_n': 2.269472750191792e-07, 'K_d': 606750.058461466, 'rho_d': 11561333796654.262, 'fission_rate': 6.1995332125105046e+19, 'D2_xe_scale': 0.0762090006508178, 'Dg_D1_scale': 0.1655583297912237, 'Dg_D3_scale': 2.2626252234010864, 'Dv_D1_scale': 0.316844133144598, 'Dv_D2_scale': 3.763943885782781, 'b_bulk_scale': 0.3323549925435404, 'b_dislocation_scale': 0.16723160332545364, 'gb_scale': 6.1903182986444225, 'gd_bubble_scale': 8.639472435532138, 'gd_line_scale': 8.19888523652865, 'gd_line_alpha': 0.542930068695241, 'coalescence_d_scale': 0.48264880051554326, 'capture_scale': 5.7865969245562345}. Best is trial 1126 with value: 1.7410514264406347.
