[I 2026-05-02 20:23:15,629] Trial 1138 finished with value: 1.754252613127218 and parameters: {'f_n': 7.438770999268133e-07, 'K_d': 614109.6967941294, 'rho_d': 10679809013586.934, 'fission_rate': 6.131539721609749e+19, 'D2_xe_scale': 0.07409431493710715, 'Dg_D1_scale': 0.18537275652628182, 'Dg_D3_scale': 3.151596202412128, 'Dv_D1_scale': 0.25543520608932596, 'Dv_D2_scale': 3.9951965417280326, 'b_bulk_scale': 0.4475628017186706, 'b_dislocation_scale': 0.18242947838822937, 'gb_scale': 4.904701106338617, 'gd_bubble_scale': 6.767909152725866, 'gd_line_scale': 9.943633502531206, 'gd_line_alpha': 0.5875926184354865, 'coalescence_d_scale': 0.34833737364651746, 'capture_scale': 7.981442243573618}. Best is trial 1126 with value: 1.7410514264406347.
[I 2026-05-02 20:23:20,420] Trial 1139 finished with value: 1.9649891538977953 and parameters: {'f_n': 9.441421611195739e-07, 'K_d': 595376.8532793382, 'rho_d': 9731350995860.953, 'fission_rate': 6.107374046852322e+19, 'D2_xe_scale': 0.08145351121390647, 'Dg_D1_scale': 0.195321887095945, 'Dg_D3_scale': 3.2654953579195496, 'Dv_D1_scale': 0.24562138380024154, 'Dv_D2_scale': 3.989276052120475, 'b_bulk_scale': 0.4814178807235649, 'b_dislocation_scale': 0.2231705022932909, 'gb_scale': 4.944286018669519, 'gd_bubble_scale': 6.303515558238671, 'gd_line_scale': 9.349830911192408, 'gd_line_alpha': 0.5907965896666432, 'coalescence_d_scale': 0.3385222784123739, 'capture_scale': 7.943964492820643}. Best is trial 1126 with value: 1.7410514264406347.
[I 2026-05-02 20:23:25,180] Trial 1140 finished with value: 2.060800338346142 and parameters: {'f_n': 7.405624656041907e-07, 'K_d': 614390.3320184614, 'rho_d': 9071346382015.113, 'fission_rate': 6.1700780216295236e+19, 'D2_xe_scale': 0.09842279694639791, 'Dg_D1_scale': 0.19822458334432236, 'Dg_D3_scale': 3.3151157314900925, 'Dv_D1_scale': 0.255634517852102, 'Dv_D2_scale': 3.8054591137128972, 'b_bulk_scale': 0.5200444919894329, 'b_dislocation_scale': 0.2530923526339476, 'gb_scale': 4.832060429840889, 'gd_bubble_scale': 5.442446570689733, 'gd_line_scale': 9.838903301050792, 'gd_line_alpha': 0.6037344826293393, 'coalescence_d_scale': 0.3537556855409091, 'capture_scale': 7.0649762674631}. Best is trial 1126 with value: 1.7410514264406347.
[I 2026-05-02 20:23:27,709] Trial 1141 finished with value: 2.0528733908974552 and parameters: {'f_n': 9.143959602532394e-07, 'K_d': 617585.5182248938, 'rho_d': 8372797050014.648, 'fission_rate': 7.221411387407279e+19, 'D2_xe_scale': 0.08277752832927644, 'Dg_D1_scale': 0.18676587883456647, 'Dg_D3_scale': 3.2996509843576662, 'Dv_D1_scale': 0.2359095540863732, 'Dv_D2_scale': 3.9846587373430338, 'b_bulk_scale': 0.469183694544406, 'b_dislocation_scale': 0.20416049365056826, 'gb_scale': 4.769993321199558, 'gd_bubble_scale': 6.37023762973082, 'gd_line_scale': 9.88979111928642, 'gd_line_alpha': 0.5676470397750519, 'coalescence_d_scale': 0.31851903591256525, 'capture_scale': 7.891531731101278}. Best is trial 1126 with value: 1.7410514264406347.
[I 2026-05-02 20:23:32,677] Trial 1142 finished with value: 1.8517611908665088 and parameters: {'f_n': 7.594206353496705e-07, 'K_d': 655596.9181611274, 'rho_d': 9919947309313.043, 'fission_rate': 6.0501250058891256e+19, 'D2_xe_scale': 0.07787480181485064, 'Dg_D1_scale': 0.197694572782662, 'Dg_D3_scale': 3.166527526252889, 'Dv_D1_scale': 0.25443808687630065, 'Dv_D2_scale': 3.650761001907374, 'b_bulk_scale': 0.39443265682546025, 'b_dislocation_scale': 0.18897230518360766, 'gb_scale': 5.25371480931299, 'gd_bubble_scale': 5.613134431542142, 'gd_line_scale': 9.948433003906576, 'gd_line_alpha': 0.5795199067695762, 'coalescence_d_scale': 0.2839601342990782, 'capture_scale': 7.9382988700906445}. Best is trial 1126 with value: 1.7410514264406347.
[I 2026-05-02 20:23:37,393] Trial 1143 finished with value: 3.8971560274424495 and parameters: {'f_n': 6.450532003416792e-07, 'K_d': 586639.8015367404, 'rho_d': 10471553564176.078, 'fission_rate': 6.081399187089617e+19, 'D2_xe_scale': 0.062093974218505515, 'Dg_D1_scale': 0.1837731266305196, 'Dg_D3_scale': 3.163957508055937, 'Dv_D1_scale': 0.2638056090503076, 'Dv_D2_scale': 3.994117289783416, 'b_bulk_scale': 0.4378325697289667, 'b_dislocation_scale': 0.3709468463651553, 'gb_scale': 5.333483566900615, 'gd_bubble_scale': 5.984930855403895, 'gd_line_scale': 1.168993480695772, 'gd_line_alpha': 0.5995923185209838, 'coalescence_d_scale': 0.35051875990929593, 'capture_scale': 7.101251385645866}. Best is trial 1126 with value: 1.7410514264406347.
[I 2026-05-02 20:23:42,226] Trial 1144 finished with value: 1.899320538817465 and parameters: {'f_n': 9.544871722753935e-07, 'K_d': 632378.1475979708, 'rho_d': 10327317120508.012, 'fission_rate': 6.1259402142636155e+19, 'D2_xe_scale': 0.09600814699970847, 'Dg_D1_scale': 0.18404387338391037, 'Dg_D3_scale': 2.8086537753501326, 'Dv_D1_scale': 0.2582326047204922, 'Dv_D2_scale': 3.9855212041927555, 'b_bulk_scale': 0.4325293517095821, 'b_dislocation_scale': 0.20554359720133464, 'gb_scale': 4.7831516899782205, 'gd_bubble_scale': 6.644848399535352, 'gd_line_scale': 9.128344293948132, 'gd_line_alpha': 0.6010329658078502, 'coalescence_d_scale': 0.3794105871251718, 'capture_scale': 6.928010253871571}. Best is trial 1126 with value: 1.7410514264406347.
[I 2026-05-02 20:23:47,038] Trial 1145 finished with value: 1.7714754039612386 and parameters: {'f_n': 3.863972641665838e-07, 'K_d': 666877.5793685014, 'rho_d': 9957559444939.236, 'fission_rate': 6.157091927973616e+19, 'D2_xe_scale': 0.07439573619320705, 'Dg_D1_scale': 0.1785297958410423, 'Dg_D3_scale': 3.449567374544189, 'Dv_D1_scale': 0.24259294495044248, 'Dv_D2_scale': 3.6567966156859595, 'b_bulk_scale': 0.5970621837698495, 'b_dislocation_scale': 0.2141705162054965, 'gb_scale': 5.295541129457071, 'gd_bubble_scale': 7.029831625080288, 'gd_line_scale': 8.962455650597603, 'gd_line_alpha': 0.6462453825676555, 'coalescence_d_scale': 0.3506265255983123, 'capture_scale': 6.480311925044789}. Best is trial 1126 with value: 1.7410514264406347.
[I 2026-05-02 20:23:51,667] Trial 1146 finished with value: 3.351550432739885 and parameters: {'f_n': 5.158171662876778e-07, 'K_d': 624559.5076281526, 'rho_d': 9266078568534.398, 'fission_rate': 6.2476800866358624e+19, 'D2_xe_scale': 0.05650075281175424, 'Dg_D1_scale': 0.19449360682165034, 'Dg_D3_scale': 3.35886934916452, 'Dv_D1_scale': 0.2785952016173805, 'Dv_D2_scale': 3.9926742443215004, 'b_bulk_scale': 0.5205067069963722, 'b_dislocation_scale': 0.18448794363066578, 'gb_scale': 5.2887080997880345, 'gd_bubble_scale': 7.0527860273298755, 'gd_line_scale': 0.7697515226274092, 'gd_line_alpha': 0.5642823530641007, 'coalescence_d_scale': 0.29995422302496144, 'capture_scale': 7.127241516730228}. Best is trial 1126 with value: 1.7410514264406347.Best trial: 1126. Best value: 1.74105:  76%|███████▋  | 1146/1500 [1:31:03<27:23,  4.64s/it]Best trial: 1126. Best value: 1.74105:  76%|███████▋  | 1146/1500 [1:31:03<27:23,  4.64s/it]Best trial: 1126. Best value: 1.74105:  76%|███████▋  | 1147/1500 [1:31:03<27:17,  4.64s/it]                                                                                            Best trial: 1126. Best value: 1.74105:  76%|███████▋  | 1147/1500 [1:31:07<27:17,  4.64s/it]Best trial: 1126. Best value: 1.74105:  76%|███████▋  | 1147/1500 [1:31:08<27:17,  4.64s/it]Best trial: 1126. Best value: 1.74105:  77%|███████▋  | 1148/1500 [1:31:08<27:16,  4.65s/it]                                                                                            Best trial: 1126. Best value: 1.74105:  77%|███████▋  | 1148/1500 [1:31:11<27:16,  4.65s/it]Best trial: 1126. Best value: 1.74105:  77%|███████▋  | 1148/1500 [1:31:11<27:16,  4.65s/it]Best trial: 1126. Best value: 1.74105:  77%|███████▋  | 1149/1500 [1:31:11<24:55,  4.26s/it]                                                                                            Best trial: 1126. Best value: 1.74105:  77%|███████▋  | 1149/1500 [1:31:16<24:55,  4.26s/it]Best trial: 1126. Best value: 1.74105:  77%|███████▋  | 1149/1500 [1:31:16<24:55,  4.26s/it]Best trial: 1126. Best value: 1.74105:  77%|███████▋  | 1150/1500 [1:31:16<25:54,  4.44s/it]                                                                                            Best trial: 1126. Best value: 1.74105:  77%|███████▋  | 1150/1500 [1:31:20<25:54,  4.44s/it]Best trial: 1126. Best value: 1.74105:  77%|███████▋  | 1150/1500 [1:31:21<25:54,  4.44s/it]Best trial: 1126. Best value: 1.74105:  77%|███████▋  | 1151/1500 [1:31:21<26:27,  4.55s/it]                                                                                            Best trial: 1126. Best value: 1.74105:  77%|███████▋  | 1151/1500 [1:31:25<26:27,  4.55s/it]Best trial: 1126. Best value: 1.74105:  77%|███████▋  | 1151/1500 [1:31:25<26:27,  4.55s/it]Best trial: 1126. Best value: 1.74105:  77%|███████▋  | 1152/1500 [1:31:25<26:46,  4.62s/it]                                                                                            Best trial: 1126. Best value: 1.74105:  77%|███████▋  | 1152/1500 [1:31:30<26:46,  4.62s/it]Best trial: 1126. Best value: 1.74105:  77%|███████▋  | 1152/1500 [1:31:30<26:46,  4.62s/it]Best trial: 1126. Best value: 1.74105:  77%|███████▋  | 1153/1500 [1:31:30<27:14,  4.71s/it]                                                                                            Best trial: 1126. Best value: 1.74105:  77%|███████▋  | 1153/1500 [1:31:35<27:14,  4.71s/it]Best trial: 1126. Best value: 1.74105:  77%|███████▋  | 1153/1500 [1:31:35<27:14,  4.71s/it]Best trial: 1126. Best value: 1.74105:  77%|███████▋  | 1154/1500 [1:31:35<27:27,  4.76s/it]                                                                                            Best trial: 1126. Best value: 1.74105:  77%|███████▋  | 1154/1500 [1:31:38<27:27,  4.76s/it]Best trial: 1126. Best value: 1.74105:  77%|███████▋  | 1154/1500 [1:31:38<27:27,  4.76s/it]Best trial: 1126. Best value: 1.74105:  77%|███████▋  | 1155/1500 [1:31:38<24:46,  4.31s/it]                                                                                            Best trial: 1126. Best value: 1.74105:  77%|███████▋  | 1155/1500 [1:31:43<24:46,  4.31s/it]Best trial: 1126. Best value: 1.74105:  77%|███████▋  | 1155/1500 [1:31:43<24:46,  4.31s/it]Best trial: 1126. Best value: 1.74105:  77%|███████▋  | 1156/1500 [1:31:43<25:41,  4.48s/it]                                                                                            Best trial: 1126. Best value: 1.74105:  77%|███████▋  | 1156/1500 [1:31:48<25:41,  4.48s/it]Best trial: 1126. Best value: 1.74105:  77%|███████▋  | 1156/1500 [1:31:48<25:41,  4.48s/it]Best trial: 1126. Best value: 1.74105:  77%|███████▋  | 1157/1500 [1:31:48<26:16,  4.60s/it]                                                                                            
[I 2026-05-02 20:23:56,350] Trial 1147 finished with value: 2.0737542332809746 and parameters: {'f_n': 3.2376162280395655e-07, 'K_d': 651032.7573569011, 'rho_d': 10763431535793.984, 'fission_rate': 6.209102181033405e+19, 'D2_xe_scale': 0.052741010268129294, 'Dg_D1_scale': 0.1773387718787094, 'Dg_D3_scale': 3.0750977304840443, 'Dv_D1_scale': 0.2875992103587446, 'Dv_D2_scale': 3.773063075638001, 'b_bulk_scale': 0.399826919468015, 'b_dislocation_scale': 0.24281874454116292, 'gb_scale': 4.724108339845969, 'gd_bubble_scale': 0.38298060019448377, 'gd_line_scale': 9.051417571422679, 'gd_line_alpha': 0.5828860685089661, 'coalescence_d_scale': 0.3176366744750777, 'capture_scale': 7.107397808341232}. Best is trial 1126 with value: 1.7410514264406347.
[I 2026-05-02 20:23:59,615] Trial 1148 finished with value: 1.811529417951035 and parameters: {'f_n': 7.870436907831696e-07, 'K_d': 682361.9917043911, 'rho_d': 10810704685924.625, 'fission_rate': 6.0398901354441245e+19, 'D2_xe_scale': 0.07040560081875433, 'Dg_D1_scale': 0.196516758698077, 'Dg_D3_scale': 3.0548128374900405, 'Dv_D1_scale': 0.26244006358010674, 'Dv_D2_scale': 3.681227606915912, 'b_bulk_scale': 0.43979620308321865, 'b_dislocation_scale': 0.17369149149237878, 'gb_scale': 5.6718528326897175, 'gd_bubble_scale': 5.804699720282528, 'gd_line_scale': 9.89639128793481, 'gd_line_alpha': 0.5468823045190485, 'coalescence_d_scale': 0.3711013982636283, 'capture_scale': 1.3420523551796153}. Best is trial 1126 with value: 1.7410514264406347.
[I 2026-05-02 20:24:04,561] Trial 1149 finished with value: 1.7946502692781836 and parameters: {'f_n': 4.56118540976932e-07, 'K_d': 661076.9095401071, 'rho_d': 9779135712445.49, 'fission_rate': 6.162950168184605e+19, 'D2_xe_scale': 0.08933514142783247, 'Dg_D1_scale': 0.1706459720159268, 'Dg_D3_scale': 3.1657756524292595, 'Dv_D1_scale': 0.22768799185932934, 'Dv_D2_scale': 3.7841524706274, 'b_bulk_scale': 0.4910600459435324, 'b_dislocation_scale': 0.18371768702777908, 'gb_scale': 5.3675802305843545, 'gd_bubble_scale': 7.319577423773828, 'gd_line_scale': 8.127393920256257, 'gd_line_alpha': 0.6362404780639076, 'coalescence_d_scale': 0.39464267967117017, 'capture_scale': 6.488060841857463}. Best is trial 1126 with value: 1.7410514264406347.
[I 2026-05-02 20:24:09,357] Trial 1150 finished with value: 1.8255741662938398 and parameters: {'f_n': 6.07686289620285e-07, 'K_d': 592178.3613734373, 'rho_d': 10643687552587.592, 'fission_rate': 6.157379731710582e+19, 'D2_xe_scale': 0.07153465706718817, 'Dg_D1_scale': 1.2902553896517082, 'Dg_D3_scale': 2.948272062222169, 'Dv_D1_scale': 0.2948863755231171, 'Dv_D2_scale': 3.9906781584901534, 'b_bulk_scale': 0.374634631825334, 'b_dislocation_scale': 0.17162538455077467, 'gb_scale': 4.892379291830475, 'gd_bubble_scale': 6.481476602706093, 'gd_line_scale': 8.233954708741, 'gd_line_alpha': 0.5812344656755764, 'coalescence_d_scale': 0.32796624264709223, 'capture_scale': 7.91397429789905}. Best is trial 1126 with value: 1.7410514264406347.
[I 2026-05-02 20:24:14,136] Trial 1151 finished with value: 1.7764538074236207 and parameters: {'f_n': 3.9466505836263036e-07, 'K_d': 669138.3537913166, 'rho_d': 10228141109967.955, 'fission_rate': 6.239195700763548e+19, 'D2_xe_scale': 0.06466460464314742, 'Dg_D1_scale': 0.18409814576393244, 'Dg_D3_scale': 2.868237127295086, 'Dv_D1_scale': 0.24778793689963177, 'Dv_D2_scale': 3.6241840824043403, 'b_bulk_scale': 0.4105193743779147, 'b_dislocation_scale': 0.19810818029459223, 'gb_scale': 5.741852738482499, 'gd_bubble_scale': 8.260409357501576, 'gd_line_scale': 9.919737929306711, 'gd_line_alpha': 0.6166091056986452, 'coalescence_d_scale': 0.27312341886047786, 'capture_scale': 6.493277388991352}. Best is trial 1126 with value: 1.7410514264406347.
[I 2026-05-02 20:24:19,066] Trial 1152 finished with value: 1.758482835222717 and parameters: {'f_n': 9.481338376671104e-07, 'K_d': 582527.479656394, 'rho_d': 10882450539839.375, 'fission_rate': 6.03384575408616e+19, 'D2_xe_scale': 0.062220578381880144, 'Dg_D1_scale': 0.16865044801245432, 'Dg_D3_scale': 3.42239757700285, 'Dv_D1_scale': 0.27192281043322086, 'Dv_D2_scale': 3.990824699024131, 'b_bulk_scale': 0.4633046047384356, 'b_dislocation_scale': 0.181396462848721, 'gb_scale': 5.828167551111145, 'gd_bubble_scale': 7.4854692520389055, 'gd_line_scale': 9.969990932102043, 'gd_line_alpha': 0.5639604521122807, 'coalescence_d_scale': 0.3844514437094903, 'capture_scale': 6.449400835281125}. Best is trial 1126 with value: 1.7410514264406347.
[I 2026-05-02 20:24:23,949] Trial 1153 finished with value: 1.8380549438887026 and parameters: {'f_n': 7.787712903694032e-07, 'K_d': 612110.4721306487, 'rho_d': 10247300168712.816, 'fission_rate': 6.024790720390056e+19, 'D2_xe_scale': 0.07629846680354829, 'Dg_D1_scale': 0.16724631853849004, 'Dg_D3_scale': 3.31359808117831, 'Dv_D1_scale': 0.2456896116390907, 'Dv_D2_scale': 3.6168101786054354, 'b_bulk_scale': 0.5473638422348179, 'b_dislocation_scale': 0.21935339815758978, 'gb_scale': 4.716193819316571, 'gd_bubble_scale': 6.11270955385279, 'gd_line_scale': 9.144389593212807, 'gd_line_alpha': 0.5622176064836822, 'coalescence_d_scale': 0.2944628865592025, 'capture_scale': 7.103352153338521}. Best is trial 1126 with value: 1.7410514264406347.
[I 2026-05-02 20:24:27,200] Trial 1154 finished with value: 1.8547765380680163 and parameters: {'f_n': 6.833992278783741e-07, 'K_d': 583527.2431222659, 'rho_d': 9436240087526.848, 'fission_rate': 6.049649885353229e+19, 'D2_xe_scale': 0.059865903905714044, 'Dg_D1_scale': 0.16577810133876178, 'Dg_D3_scale': 3.531927719011686, 'Dv_D1_scale': 0.26668417127004884, 'Dv_D2_scale': 3.9887768972371815, 'b_bulk_scale': 0.49032601951604327, 'b_dislocation_scale': 0.1887023359510185, 'gb_scale': 6.072574731713991, 'gd_bubble_scale': 6.903815439691975, 'gd_line_scale': 9.238605142952169, 'gd_line_alpha': 0.5346601450209639, 'coalescence_d_scale': 0.3539656092686704, 'capture_scale': 6.4870228446079805}. Best is trial 1126 with value: 1.7410514264406347.
[I 2026-05-02 20:24:32,075] Trial 1155 finished with value: 3.3698714050489507 and parameters: {'f_n': 9.247249209910594e-10, 'K_d': 574494.8647041412, 'rho_d': 10622641183324.965, 'fission_rate': 6.029703259743567e+19, 'D2_xe_scale': 0.05960847460906568, 'Dg_D1_scale': 0.1678070018383568, 'Dg_D3_scale': 3.330113561364107, 'Dv_D1_scale': 0.2550167936456863, 'Dv_D2_scale': 3.778352521919371, 'b_bulk_scale': 0.43950671247454604, 'b_dislocation_scale': 0.17923227018331522, 'gb_scale': 5.632837773302534, 'gd_bubble_scale': 5.29059928001762, 'gd_line_scale': 9.028827277594448, 'gd_line_alpha': 0.5593786718947517, 'coalescence_d_scale': 0.30787746360325147, 'capture_scale': 7.938135269305707}. Best is trial 1126 with value: 1.7410514264406347.
[I 2026-05-02 20:24:36,931] Trial 1156 finished with value: 1.874725244537129 and parameters: {'f_n': 5.159129700566315e-07, 'K_d': 617992.5889123487, 'rho_d': 9733088104255.953, 'fission_rate': 6.108895974661363e+19, 'D2_xe_scale': 0.11327873430214458, 'Dg_D1_scale': 0.15859491740325693, 'Dg_D3_scale': 3.1804351799428767, 'Dv_D1_scale': 0.2720796233864492, 'Dv_D2_scale': 3.4759177998831503, 'b_bulk_scale': 0.4606614653095541, 'b_dislocation_scale': 0.2351905854249197, 'gb_scale': 4.849872403008264, 'gd_bubble_scale': 6.569145850443226, 'gd_line_scale': 9.819558708893133, 'gd_line_alpha': 0.5810074030460153, 'coalescence_d_scale': 0.35865355841004404, 'capture_scale': 7.055640893169033}. Best is trial 1126 with value: 1.7410514264406347.
