[I 2026-05-02 19:51:13,945] Trial 698 finished with value: 2.223080300987229 and parameters: {'f_n': 1.5303452813859637e-06, 'K_d': 922659.4054151633, 'rho_d': 14289521955197.47, 'fission_rate': 5.62404896770895e+19, 'D2_xe_scale': 1.379937922772847, 'Dg_D1_scale': 0.19129586832287931, 'Dg_D3_scale': 1.7542507232291167, 'Dv_D1_scale': 0.3205873517057208, 'Dv_D2_scale': 3.7381057048610327, 'b_bulk_scale': 0.13635340376249083, 'b_dislocation_scale': 0.14103817344099473, 'gb_scale': 4.036049235410898, 'gd_bubble_scale': 8.252896398613135, 'gd_line_scale': 5.896135393654059, 'gd_line_alpha': 0.30355447900165416, 'coalescence_d_scale': 0.6652493044459098, 'capture_scale': 7.006021896718376}. Best is trial 678 with value: 1.749291878123438.
[I 2026-05-02 19:51:17,304] Trial 699 finished with value: 1.8448308282596582 and parameters: {'f_n': 2.0015427171041445e-06, 'K_d': 1039044.1740064545, 'rho_d': 14736438015271.137, 'fission_rate': 5.747784223987496e+19, 'D2_xe_scale': 0.6055471511467633, 'Dg_D1_scale': 0.23686143808930363, 'Dg_D3_scale': 1.574058332821195, 'Dv_D1_scale': 0.2665974204884203, 'Dv_D2_scale': 3.5890352276016264, 'b_bulk_scale': 0.1798863671672129, 'b_dislocation_scale': 0.1087627534243676, 'gb_scale': 3.2492308783489956, 'gd_bubble_scale': 9.949439201359002, 'gd_line_scale': 6.553204904867324, 'gd_line_alpha': 0.2730645432905882, 'coalescence_d_scale': 0.7493970363194098, 'capture_scale': 6.047420636169871}. Best is trial 678 with value: 1.749291878123438.
[I 2026-05-02 19:51:22,340] Trial 700 finished with value: 3.544655301238029 and parameters: {'f_n': 1.33052545087603e-06, 'K_d': 1101139.5882203125, 'rho_d': 13348150919399.963, 'fission_rate': 5.555912301781501e+19, 'D2_xe_scale': 1.123712272449296, 'Dg_D1_scale': 0.2084655527196485, 'Dg_D3_scale': 1.495943544767924, 'Dv_D1_scale': 0.2904402318735778, 'Dv_D2_scale': 3.4214443444017153, 'b_bulk_scale': 0.1664876941839206, 'b_dislocation_scale': 0.11437924191218811, 'gb_scale': 0.28666553995673116, 'gd_bubble_scale': 8.195220971661014, 'gd_line_scale': 7.636398570121975, 'gd_line_alpha': 0.3364334166275416, 'coalescence_d_scale': 0.5980524027546948, 'capture_scale': 7.052318527372318}. Best is trial 678 with value: 1.749291878123438.
[I 2026-05-02 19:51:27,295] Trial 701 finished with value: 1.7761688819857988 and parameters: {'f_n': 1.960222462660128e-06, 'K_d': 972168.1510346934, 'rho_d': 13949797796059.697, 'fission_rate': 5.673014831509867e+19, 'D2_xe_scale': 1.5446190983050605, 'Dg_D1_scale': 0.1899679848643492, 'Dg_D3_scale': 1.328466965990617, 'Dv_D1_scale': 0.3285810921449542, 'Dv_D2_scale': 3.741746725506649, 'b_bulk_scale': 0.20964252534401484, 'b_dislocation_scale': 0.12753663509805713, 'gb_scale': 3.5092822994009145, 'gd_bubble_scale': 9.05040008979434, 'gd_line_scale': 7.168543969665643, 'gd_line_alpha': 0.29307361466815496, 'coalescence_d_scale': 0.6628159576173792, 'capture_scale': 7.991278452753184}. Best is trial 678 with value: 1.749291878123438.
[I 2026-05-02 19:51:32,289] Trial 702 finished with value: 1.7951364877108396 and parameters: {'f_n': 1.7200354291796105e-06, 'K_d': 984382.8938235213, 'rho_d': 13835558443314.605, 'fission_rate': 5.634352975804887e+19, 'D2_xe_scale': 1.5803192895337883, 'Dg_D1_scale': 0.22215704832088484, 'Dg_D3_scale': 1.309191438739411, 'Dv_D1_scale': 0.32434096089944076, 'Dv_D2_scale': 3.7851292545816513, 'b_bulk_scale': 0.21281524102204583, 'b_dislocation_scale': 0.12694357438802625, 'gb_scale': 3.4776733170477, 'gd_bubble_scale': 9.07976907874291, 'gd_line_scale': 5.998835716691792, 'gd_line_alpha': 0.2974161555775497, 'coalescence_d_scale': 0.5829390829879071, 'capture_scale': 7.816609678174159}. Best is trial 678 with value: 1.749291878123438.
[I 2026-05-02 19:51:37,251] Trial 703 finished with value: 3.5693666740585677 and parameters: {'f_n': 1.5218710526079511e-06, 'K_d': 1025834.3421253244, 'rho_d': 12491330581493.115, 'fission_rate': 5.6849562520584045e+19, 'D2_xe_scale': 1.9330450244881034, 'Dg_D1_scale': 0.1988971964821508, 'Dg_D3_scale': 1.6320655220524365, 'Dv_D1_scale': 0.2209424980849346, 'Dv_D2_scale': 3.775171463665763, 'b_bulk_scale': 0.2202463484459897, 'b_dislocation_scale': 0.1546719187493124, 'gb_scale': 0.10063607612909777, 'gd_bubble_scale': 9.069078947840499, 'gd_line_scale': 6.8617128445390145, 'gd_line_alpha': 0.3129876192298904, 'coalescence_d_scale': 0.6522435494544235, 'capture_scale': 7.820426886604164}. Best is trial 678 with value: 1.749291878123438.
[I 2026-05-02 19:51:42,195] Trial 704 finished with value: 3.3225174478853656 and parameters: {'f_n': 1.1881195814280135e-08, 'K_d': 956530.4873893346, 'rho_d': 13087988221218.473, 'fission_rate': 5.755086209999123e+19, 'D2_xe_scale': 0.8934676435751937, 'Dg_D1_scale': 0.20933001968536738, 'Dg_D3_scale': 1.7962587124069356, 'Dv_D1_scale': 0.3128346764548465, 'Dv_D2_scale': 3.63607437831952, 'b_bulk_scale': 0.1841302284923341, 'b_dislocation_scale': 0.13174495500675593, 'gb_scale': 3.319208284452788, 'gd_bubble_scale': 8.206481711638087, 'gd_line_scale': 6.545194672882406, 'gd_line_alpha': 0.2832333019733672, 'coalescence_d_scale': 0.658272415292874, 'capture_scale': 7.961722256724453}. Best is trial 678 with value: 1.749291878123438.
[I 2026-05-02 19:51:45,553] Trial 705 finished with value: 2.1662468875035374 and parameters: {'f_n': 1.9764877887455214e-06, 'K_d': 1014720.6539335849, 'rho_d': 14099905475103.795, 'fission_rate': 5.564050704655561e+19, 'D2_xe_scale': 1.3228090658879876, 'Dg_D1_scale': 0.18993270911619328, 'Dg_D3_scale': 1.4910728686205943, 'Dv_D1_scale': 0.2971574115750609, 'Dv_D2_scale': 3.9939267637334703, 'b_bulk_scale': 0.15114823977701275, 'b_dislocation_scale': 0.17450191185391906, 'gb_scale': 3.212106794637542, 'gd_bubble_scale': 9.118018340875398, 'gd_line_scale': 7.38063150564637, 'gd_line_alpha': 0.26827734703390743, 'coalescence_d_scale': 0.553560426495247, 'capture_scale': 6.273701627504593}. Best is trial 678 with value: 1.749291878123438.
[I 2026-05-02 19:51:50,533] Trial 706 finished with value: 3.1655857940942713 and parameters: {'f_n': 1.292362069943286e-06, 'K_d': 914257.5672890736, 'rho_d': 12558655736671.91, 'fission_rate': 5.6740325973077344e+19, 'D2_xe_scale': 1.7463040840779298, 'Dg_D1_scale': 0.24075227243625982, 'Dg_D3_scale': 1.316123924305065, 'Dv_D1_scale': 0.3338956351240364, 'Dv_D2_scale': 3.7753414493551856, 'b_bulk_scale': 0.1994454723914854, 'b_dislocation_scale': 0.11840798826937447, 'gb_scale': 0.46877176492909917, 'gd_bubble_scale': 8.225046855325727, 'gd_line_scale': 6.106084143292484, 'gd_line_alpha': 0.30321767873841143, 'coalescence_d_scale': 3.0941631954018325, 'capture_scale': 6.803944302746547}. Best is trial 678 with value: 1.749291878123438.Best trial: 678. Best value: 1.74929:  47%|████▋     | 706/1500 [59:02<58:14,  4.40s/it]Best trial: 678. Best value: 1.74929:  47%|████▋     | 706/1500 [59:02<58:14,  4.40s/it]Best trial: 678. Best value: 1.74929:  47%|████▋     | 707/1500 [59:02<1:00:27,  4.57s/it]                                                                                          Best trial: 678. Best value: 1.74929:  47%|████▋     | 707/1500 [59:06<1:00:27,  4.57s/it]Best trial: 678. Best value: 1.74929:  47%|████▋     | 707/1500 [59:07<1:00:27,  4.57s/it]Best trial: 678. Best value: 1.74929:  47%|████▋     | 708/1500 [59:07<1:01:33,  4.66s/it]                                                                                          Best trial: 678. Best value: 1.74929:  47%|████▋     | 708/1500 [59:12<1:01:33,  4.66s/it]Best trial: 678. Best value: 1.74929:  47%|████▋     | 708/1500 [59:12<1:01:33,  4.66s/it]Best trial: 678. Best value: 1.74929:  47%|████▋     | 709/1500 [59:12<1:03:03,  4.78s/it]                                                                                          Best trial: 678. Best value: 1.74929:  47%|████▋     | 709/1500 [59:17<1:03:03,  4.78s/it]Best trial: 678. Best value: 1.74929:  47%|████▋     | 709/1500 [59:17<1:03:03,  4.78s/it]Best trial: 678. Best value: 1.74929:  47%|████▋     | 710/1500 [59:17<1:03:52,  4.85s/it]                                                                                          Best trial: 678. Best value: 1.74929:  47%|████▋     | 710/1500 [59:21<1:03:52,  4.85s/it]Best trial: 678. Best value: 1.74929:  47%|████▋     | 710/1500 [59:22<1:03:52,  4.85s/it]Best trial: 678. Best value: 1.74929:  47%|████▋     | 711/1500 [59:22<1:04:05,  4.87s/it]                                                                                          Best trial: 678. Best value: 1.74929:  47%|████▋     | 711/1500 [59:27<1:04:05,  4.87s/it]Best trial: 678. Best value: 1.74929:  47%|████▋     | 711/1500 [59:27<1:04:05,  4.87s/it]Best trial: 678. Best value: 1.74929:  47%|████▋     | 712/1500 [59:27<1:04:56,  4.95s/it]                                                                                          Best trial: 678. Best value: 1.74929:  47%|████▋     | 712/1500 [59:30<1:04:56,  4.95s/it]Best trial: 678. Best value: 1.74929:  47%|████▋     | 712/1500 [59:30<1:04:56,  4.95s/it]Best trial: 678. Best value: 1.74929:  48%|████▊     | 713/1500 [59:30<58:45,  4.48s/it]                                                                                          Best trial: 678. Best value: 1.74929:  48%|████▊     | 713/1500 [59:35<58:45,  4.48s/it]Best trial: 678. Best value: 1.74929:  48%|████▊     | 713/1500 [59:35<58:45,  4.48s/it]Best trial: 678. Best value: 1.74929:  48%|████▊     | 714/1500 [59:35<1:00:08,  4.59s/it]                                                                                          Best trial: 678. Best value: 1.74929:  48%|████▊     | 714/1500 [59:40<1:00:08,  4.59s/it]Best trial: 678. Best value: 1.74929:  48%|████▊     | 714/1500 [59:40<1:00:08,  4.59s/it]Best trial: 678. Best value: 1.74929:  48%|████▊     | 715/1500 [59:40<1:01:26,  4.70s/it]                                                                                          Best trial: 678. Best value: 1.74929:  48%|████▊     | 715/1500 [59:45<1:01:26,  4.70s/it]Best trial: 678. Best value: 1.74929:  48%|████▊     | 715/1500 [59:45<1:01:26,  4.70s/it]Best trial: 678. Best value: 1.74929:  48%|████▊     | 716/1500 [59:45<1:02:16,  4.77s/it]                                                                                          Best trial: 678. Best value: 1.74929:  48%|████▊     | 716/1500 [59:50<1:02:16,  4.77s/it]Best trial: 678. Best value: 1.74929:  48%|████▊     | 716/1500 [59:50<1:02:16,  4.77s/it]Best trial: 678. Best value: 1.74929:  48%|████▊     | 717/1500 [59:50<1:02:57,  4.82s/it]                                                                                          
[I 2026-05-02 19:51:55,404] Trial 707 finished with value: 1.8379437440411064 and parameters: {'f_n': 1.6781230418220744e-06, 'K_d': 900922.0920144962, 'rho_d': 13478041886424.465, 'fission_rate': 5.751051956353431e+19, 'D2_xe_scale': 2.150117492643438, 'Dg_D1_scale': 0.22163634045759922, 'Dg_D3_scale': 1.41873021860807, 'Dv_D1_scale': 0.2816345750418437, 'Dv_D2_scale': 3.9944805872645683, 'b_bulk_scale': 0.17464216884641098, 'b_dislocation_scale': 0.1444005801338271, 'gb_scale': 3.7654973018254503, 'gd_bubble_scale': 9.969710904336766, 'gd_line_scale': 7.565132762418604, 'gd_line_alpha': 0.33209496757436735, 'coalescence_d_scale': 0.7387653492649958, 'capture_scale': 6.241093664278741}. Best is trial 678 with value: 1.749291878123438.
[I 2026-05-02 19:52:00,467] Trial 708 finished with value: 1.785377859066159 and parameters: {'f_n': 2.000783900201539e-06, 'K_d': 963941.2360427679, 'rho_d': 14628136012787.666, 'fission_rate': 5.5627279866257375e+19, 'D2_xe_scale': 1.5310024756299432, 'Dg_D1_scale': 0.20242528340997742, 'Dg_D3_scale': 1.6792977374516413, 'Dv_D1_scale': 0.243791788675726, 'Dv_D2_scale': 3.545453744011851, 'b_bulk_scale': 0.13855273376945534, 'b_dislocation_scale': 0.10656713695712683, 'gb_scale': 4.0349851533908625, 'gd_bubble_scale': 9.988572591945257, 'gd_line_scale': 6.717237902021786, 'gd_line_alpha': 0.2890626736425701, 'coalescence_d_scale': 0.5897031804407229, 'capture_scale': 7.009708230404882}. Best is trial 678 with value: 1.749291878123438.
[I 2026-05-02 19:52:05,474] Trial 709 finished with value: 1.806410389232902 and parameters: {'f_n': 1.2419204916124137e-06, 'K_d': 1147744.886106215, 'rho_d': 13952373297541.03, 'fission_rate': 5.644842452776198e+19, 'D2_xe_scale': 1.011303163628147, 'Dg_D1_scale': 0.19019343817928622, 'Dg_D3_scale': 1.580840209361979, 'Dv_D1_scale': 0.3036370101734252, 'Dv_D2_scale': 3.772094557305332, 'b_bulk_scale': 0.16056465216537286, 'b_dislocation_scale': 0.12139086379061113, 'gb_scale': 3.593260024244505, 'gd_bubble_scale': 8.279418186473956, 'gd_line_scale': 7.337928832488087, 'gd_line_alpha': 0.275973291447267, 'coalescence_d_scale': 0.6856462584059516, 'capture_scale': 7.969342896837867}. Best is trial 678 with value: 1.749291878123438.
[I 2026-05-02 19:52:10,401] Trial 710 finished with value: 3.656240898065369 and parameters: {'f_n': 7.392589037268594e-09, 'K_d': 884847.8700269447, 'rho_d': 13201490328962.533, 'fission_rate': 5.764779495094694e+19, 'D2_xe_scale': 0.769357584373582, 'Dg_D1_scale': 0.2355634122473951, 'Dg_D3_scale': 1.446289526699642, 'Dv_D1_scale': 0.3296983254303448, 'Dv_D2_scale': 3.595069252160384, 'b_bulk_scale': 0.18883552725042213, 'b_dislocation_scale': 0.10281075618666775, 'gb_scale': 3.1531090149477508, 'gd_bubble_scale': 9.175281947632067, 'gd_line_scale': 5.855737492362943, 'gd_line_alpha': 0.2681467166804348, 'coalescence_d_scale': 0.6460026787162151, 'capture_scale': 6.09115959838568}. Best is trial 678 with value: 1.749291878123438.
[I 2026-05-02 19:52:15,513] Trial 711 finished with value: 1.904563004889266 and parameters: {'f_n': 1.645237092901214e-06, 'K_d': 941028.5358101225, 'rho_d': 14768350017380.354, 'fission_rate': 5.4982356562089165e+19, 'D2_xe_scale': 2.552958444163557, 'Dg_D1_scale': 0.2123100804966989, 'Dg_D3_scale': 1.301874806481401, 'Dv_D1_scale': 0.3139135119791042, 'Dv_D2_scale': 3.4879488321134238, 'b_bulk_scale': 0.14881018635054924, 'b_dislocation_scale': 0.1343562745309027, 'gb_scale': 4.0840192864415465, 'gd_bubble_scale': 9.989221317028099, 'gd_line_scale': 6.661870761191744, 'gd_line_alpha': 0.30920622752163796, 'coalescence_d_scale': 0.7926256505096254, 'capture_scale': 6.959544852609017}. Best is trial 678 with value: 1.749291878123438.
[I 2026-05-02 19:52:18,899] Trial 712 finished with value: 1.768485397023673 and parameters: {'f_n': 1.8961329715078719e-06, 'K_d': 1081333.8403776907, 'rho_d': 12513797443832.404, 'fission_rate': 5.693400425810845e+19, 'D2_xe_scale': 1.2844792867663322, 'Dg_D1_scale': 0.20080821233501886, 'Dg_D3_scale': 1.866184500093415, 'Dv_D1_scale': 0.27089158398473845, 'Dv_D2_scale': 3.790724542939749, 'b_bulk_scale': 0.17337870232591654, 'b_dislocation_scale': 0.11704944809766948, 'gb_scale': 3.4937241878510847, 'gd_bubble_scale': 8.233629183670343, 'gd_line_scale': 7.873661905268539, 'gd_line_alpha': 0.25792706499882495, 'coalescence_d_scale': 0.536015868598243, 'capture_scale': 6.017729214038709}. Best is trial 678 with value: 1.749291878123438.
[I 2026-05-02 19:52:23,756] Trial 713 finished with value: 1.9059331861418956 and parameters: {'f_n': 1.9684873628437617e-06, 'K_d': 1173930.5842126098, 'rho_d': 12965034788502.168, 'fission_rate': 5.78986822147282e+19, 'D2_xe_scale': 1.236193840561239, 'Dg_D1_scale': 0.18798761143485782, 'Dg_D3_scale': 1.8564094788997847, 'Dv_D1_scale': 0.2542298192106655, 'Dv_D2_scale': 3.4440235225334646, 'b_bulk_scale': 0.21497624985600441, 'b_dislocation_scale': 0.10393906107393316, 'gb_scale': 3.152751503900936, 'gd_bubble_scale': 8.149063662524433, 'gd_line_scale': 7.697370946384514, 'gd_line_alpha': 0.25668731927461275, 'coalescence_d_scale': 0.5166923273291539, 'capture_scale': 5.966444580596534}. Best is trial 678 with value: 1.749291878123438.
[I 2026-05-02 19:52:28,697] Trial 714 finished with value: 1.7750667597903689 and parameters: {'f_n': 1.9602968279785163e-06, 'K_d': 1097347.0625910787, 'rho_d': 12477149189802.795, 'fission_rate': 5.7299701837659415e+19, 'D2_xe_scale': 1.3640790293232121, 'Dg_D1_scale': 0.19791349500362143, 'Dg_D3_scale': 1.7664033131045696, 'Dv_D1_scale': 0.2614381359535923, 'Dv_D2_scale': 3.719568304371047, 'b_bulk_scale': 0.1788742885000853, 'b_dislocation_scale': 0.11613091270167505, 'gb_scale': 3.5320864747223313, 'gd_bubble_scale': 8.22656070153488, 'gd_line_scale': 8.081655444045465, 'gd_line_alpha': 0.34432265841711496, 'coalescence_d_scale': 0.5094996475706765, 'capture_scale': 5.965081035371182}. Best is trial 678 with value: 1.749291878123438.
[I 2026-05-02 19:52:33,628] Trial 715 finished with value: 1.7945248872786408 and parameters: {'f_n': 1.39612432949844e-06, 'K_d': 1250076.784583262, 'rho_d': 12818850344431.578, 'fission_rate': 5.702329486779055e+19, 'D2_xe_scale': 1.4350581233369084, 'Dg_D1_scale': 0.20200726204289082, 'Dg_D3_scale': 1.8414269605951632, 'Dv_D1_scale': 0.2424267954960055, 'Dv_D2_scale': 3.759086005444342, 'b_bulk_scale': 0.1769774665486255, 'b_dislocation_scale': 0.11537182235143491, 'gb_scale': 3.511862523055691, 'gd_bubble_scale': 8.247891376483526, 'gd_line_scale': 6.747693652677618, 'gd_line_alpha': 0.3347878439856787, 'coalescence_d_scale': 0.5229601493430438, 'capture_scale': 6.011883497803804}. Best is trial 678 with value: 1.749291878123438.
[I 2026-05-02 19:52:38,584] Trial 716 finished with value: 1.790371631591994 and parameters: {'f_n': 2.0155754733901e-06, 'K_d': 1132797.7516952113, 'rho_d': 12190200133309.008, 'fission_rate': 5.72073274769716e+19, 'D2_xe_scale': 1.6668132667156785, 'Dg_D1_scale': 0.22563560590440146, 'Dg_D3_scale': 1.7463623391043983, 'Dv_D1_scale': 0.262809062675576, 'Dv_D2_scale': 3.75973188563778, 'b_bulk_scale': 0.1966643035669732, 'b_dislocation_scale': 0.12194931671073153, 'gb_scale': 3.0392432455728904, 'gd_bubble_scale': 8.787407420981134, 'gd_line_scale': 7.9249047329266995, 'gd_line_alpha': 0.3427116321496921, 'coalescence_d_scale': 0.5149880816371375, 'capture_scale': 7.991220014670142}. Best is trial 678 with value: 1.749291878123438.
