[I 2026-05-02 19:42:48,666] Trial 588 finished with value: 1.9395939571865077 and parameters: {'f_n': 2.388923302703399e-06, 'K_d': 727883.1216438428, 'rho_d': 21267596553429.227, 'fission_rate': 5.7790259399996965e+19, 'D2_xe_scale': 0.30760578721373816, 'Dg_D1_scale': 0.17637929924048118, 'Dg_D3_scale': 1.196926088454381, 'Dv_D1_scale': 0.3682616082636654, 'Dv_D2_scale': 3.590125953563298, 'b_bulk_scale': 0.10081574496271914, 'b_dislocation_scale': 0.08347690591277501, 'gb_scale': 4.0079915444524605, 'gd_bubble_scale': 1.4450134290180032, 'gd_line_scale': 8.319931721810878, 'gd_line_alpha': 0.26362952961165287, 'coalescence_d_scale': 1.687115444534511, 'capture_scale': 3.964646973757128}. Best is trial 579 with value: 1.7647965169627051.
[I 2026-05-02 19:42:53,235] Trial 589 finished with value: 2.3320480778035675 and parameters: {'f_n': 1.934092024880693e-06, 'K_d': 864692.7794913274, 'rho_d': 14358915607628.303, 'fission_rate': 6.068723314229479e+19, 'D2_xe_scale': 0.13009128377548348, 'Dg_D1_scale': 0.15809949983994268, 'Dg_D3_scale': 0.8731328512241349, 'Dv_D1_scale': 0.393267318712365, 'Dv_D2_scale': 3.096515351477222, 'b_bulk_scale': 0.11521398991737845, 'b_dislocation_scale': 0.0921301659564448, 'gb_scale': 5.847984897940159, 'gd_bubble_scale': 1.347257866300737, 'gd_line_scale': 9.05428758607046, 'gd_line_alpha': 0.1928838832029049, 'coalescence_d_scale': 0.6867696937410507, 'capture_scale': 4.551000720760947}. Best is trial 579 with value: 1.7647965169627051.
[I 2026-05-02 19:42:58,067] Trial 590 finished with value: 2.2805223821402816 and parameters: {'f_n': 2.9952219629447174e-06, 'K_d': 790062.7024477324, 'rho_d': 18757331012127.22, 'fission_rate': 5.943240152022413e+19, 'D2_xe_scale': 0.25385952190601624, 'Dg_D1_scale': 1.5043789723777476, 'Dg_D3_scale': 1.315531054305919, 'Dv_D1_scale': 0.41308927203161205, 'Dv_D2_scale': 3.2846548974693555, 'b_bulk_scale': 0.09655952200608212, 'b_dislocation_scale': 0.07776813135478101, 'gb_scale': 4.694418841642344, 'gd_bubble_scale': 8.36127143237894, 'gd_line_scale': 7.8650280562615125, 'gd_line_alpha': 0.21901072049301476, 'coalescence_d_scale': 0.8589036294437816, 'capture_scale': 3.7614894342564087}. Best is trial 579 with value: 1.7647965169627051.
[I 2026-05-02 19:43:02,855] Trial 591 finished with value: 1.8592954039274314 and parameters: {'f_n': 2.3178531149721074e-06, 'K_d': 734911.3749778183, 'rho_d': 16037059191876.066, 'fission_rate': 5.896014449359429e+19, 'D2_xe_scale': 0.21155466767494852, 'Dg_D1_scale': 0.18948584128778734, 'Dg_D3_scale': 1.0238846966776134, 'Dv_D1_scale': 0.3718452708263511, 'Dv_D2_scale': 3.8265792580337457, 'b_bulk_scale': 0.15205950121792328, 'b_dislocation_scale': 0.08030998476968833, 'gb_scale': 5.084032607920809, 'gd_bubble_scale': 6.864300428440235, 'gd_line_scale': 9.09604917138375, 'gd_line_alpha': 0.4239616862273916, 'coalescence_d_scale': 1.0690512135915546, 'capture_scale': 5.912986313474176}. Best is trial 579 with value: 1.7647965169627051.
[I 2026-05-02 19:43:06,195] Trial 592 finished with value: 1.8279531227979349 and parameters: {'f_n': 2.420446694110769e-06, 'K_d': 969945.6123879437, 'rho_d': 17631452333080.22, 'fission_rate': 5.676497643856928e+19, 'D2_xe_scale': 0.3181678358342959, 'Dg_D1_scale': 0.1672435147118561, 'Dg_D3_scale': 1.1112901884642241, 'Dv_D1_scale': 0.3361365011392463, 'Dv_D2_scale': 2.9540704080508013, 'b_bulk_scale': 0.1294929083470969, 'b_dislocation_scale': 0.08940360046314559, 'gb_scale': 4.424422617124454, 'gd_bubble_scale': 6.453158658810666, 'gd_line_scale': 7.144341451285667, 'gd_line_alpha': 0.2392725806557625, 'coalescence_d_scale': 0.7511671713011239, 'capture_scale': 5.001554136471892}. Best is trial 579 with value: 1.7647965169627051.
[I 2026-05-02 19:43:09,112] Trial 593 finished with value: 4.222235228280028 and parameters: {'f_n': 1.8399683441295352e-06, 'K_d': 818630.5102664958, 'rho_d': 14282635457693.05, 'fission_rate': 6.009258537820215e+19, 'D2_xe_scale': 0.17053305473610247, 'Dg_D1_scale': 0.20942712885985754, 'Dg_D3_scale': 0.9461503781853172, 'Dv_D1_scale': 0.3993117247598196, 'Dv_D2_scale': 3.4274535838193416, 'b_bulk_scale': 0.10920696331165598, 'b_dislocation_scale': 1.4420218678690484, 'gb_scale': 6.329182864702304, 'gd_bubble_scale': 7.560392523982208, 'gd_line_scale': 8.460661280160812, 'gd_line_alpha': 0.1863979915939942, 'coalescence_d_scale': 0.8475900020926346, 'capture_scale': 4.340756937613914}. Best is trial 579 with value: 1.7647965169627051.
[I 2026-05-02 19:43:13,983] Trial 594 finished with value: 1.9170722792273076 and parameters: {'f_n': 2.415959080648557e-06, 'K_d': 779141.8717884595, 'rho_d': 15387295094290.09, 'fission_rate': 5.748349726307973e+19, 'D2_xe_scale': 0.27423881801981775, 'Dg_D1_scale': 0.1565562411406928, 'Dg_D3_scale': 1.4521200446122877, 'Dv_D1_scale': 0.42120295619959824, 'Dv_D2_scale': 3.1914202796081472, 'b_bulk_scale': 0.10016060208212522, 'b_dislocation_scale': 0.07856314600136854, 'gb_scale': 5.464511674635365, 'gd_bubble_scale': 2.0678956885657733, 'gd_line_scale': 9.154157008788918, 'gd_line_alpha': 0.210609642734585, 'coalescence_d_scale': 0.6923121562186532, 'capture_scale': 3.689774034680526}. Best is trial 579 with value: 1.7647965169627051.
[I 2026-05-02 19:43:18,781] Trial 595 finished with value: 1.8407347345901026 and parameters: {'f_n': 1.9776643432738966e-06, 'K_d': 882125.4955405542, 'rho_d': 16642804245898.914, 'fission_rate': 5.8510428204748775e+19, 'D2_xe_scale': 0.3916257613750959, 'Dg_D1_scale': 0.17917044605438956, 'Dg_D3_scale': 1.1886540170815054, 'Dv_D1_scale': 0.36140944545395004, 'Dv_D2_scale': 3.6351194262755415, 'b_bulk_scale': 0.1079963708288866, 'b_dislocation_scale': 0.09832978620814556, 'gb_scale': 3.9102030505529664, 'gd_bubble_scale': 6.896460966128957, 'gd_line_scale': 9.981075075605169, 'gd_line_alpha': 0.5772846720133193, 'coalescence_d_scale': 0.7881162063100239, 'capture_scale': 5.109081451965007}. Best is trial 579 with value: 1.7647965169627051.
[I 2026-05-02 19:43:23,290] Trial 596 finished with value: 2.3633900868127755 and parameters: {'f_n': 2.9948680256807386e-06, 'K_d': 738151.3982591588, 'rho_d': 15597945501939.592, 'fission_rate': 6.184839744029394e+19, 'D2_xe_scale': 0.21830428772280097, 'Dg_D1_scale': 0.15033010118071682, 'Dg_D3_scale': 1.0685261024019497, 'Dv_D1_scale': 0.3914504348005167, 'Dv_D2_scale': 3.3201601433650385, 'b_bulk_scale': 0.09234470462413324, 'b_dislocation_scale': 0.08457660136775154, 'gb_scale': 6.9932672160910325, 'gd_bubble_scale': 8.023846360628982, 'gd_line_scale': 7.817395979401685, 'gd_line_alpha': 0.6675549556353089, 'coalescence_d_scale': 0.9031521741959061, 'capture_scale': 4.33564225350593}. Best is trial 579 with value: 1.7647965169627051.Best trial: 579. Best value: 1.7648:  40%|███▉      | 596/1500 [50:34<1:05:37,  4.36s/it]Best trial: 579. Best value: 1.7648:  40%|███▉      | 596/1500 [50:34<1:05:37,  4.36s/it]Best trial: 579. Best value: 1.7648:  40%|███▉      | 597/1500 [50:34<1:06:14,  4.40s/it]                                                                                         Best trial: 579. Best value: 1.7648:  40%|███▉      | 597/1500 [50:39<1:06:14,  4.40s/it]Best trial: 579. Best value: 1.7648:  40%|███▉      | 597/1500 [50:39<1:06:14,  4.40s/it]Best trial: 579. Best value: 1.7648:  40%|███▉      | 598/1500 [50:39<1:07:40,  4.50s/it]                                                                                         Best trial: 579. Best value: 1.7648:  40%|███▉      | 598/1500 [50:44<1:07:40,  4.50s/it]Best trial: 579. Best value: 1.7648:  40%|███▉      | 598/1500 [50:44<1:07:40,  4.50s/it]Best trial: 579. Best value: 1.7648:  40%|███▉      | 599/1500 [50:44<1:08:44,  4.58s/it]                                                                                         Best trial: 579. Best value: 1.7648:  40%|███▉      | 599/1500 [50:47<1:08:44,  4.58s/it]Best trial: 579. Best value: 1.7648:  40%|███▉      | 599/1500 [50:47<1:08:44,  4.58s/it]Best trial: 579. Best value: 1.7648:  40%|████      | 600/1500 [50:47<1:01:52,  4.13s/it]                                                                                         Best trial: 579. Best value: 1.7648:  40%|████      | 600/1500 [50:52<1:01:52,  4.13s/it]Best trial: 579. Best value: 1.7648:  40%|████      | 600/1500 [50:52<1:01:52,  4.13s/it]Best trial: 579. Best value: 1.7648:  40%|████      | 601/1500 [50:52<1:05:06,  4.35s/it]                                                                                         Best trial: 579. Best value: 1.7648:  40%|████      | 601/1500 [50:56<1:05:06,  4.35s/it]Best trial: 579. Best value: 1.7648:  40%|████      | 601/1500 [50:57<1:05:06,  4.35s/it]Best trial: 579. Best value: 1.7648:  40%|████      | 602/1500 [50:57<1:06:33,  4.45s/it]                                                                                         Best trial: 579. Best value: 1.7648:  40%|████      | 602/1500 [51:01<1:06:33,  4.45s/it]Best trial: 579. Best value: 1.7648:  40%|████      | 602/1500 [51:01<1:06:33,  4.45s/it]Best trial: 579. Best value: 1.7648:  40%|████      | 603/1500 [51:01<1:07:46,  4.53s/it]                                                                                         Best trial: 579. Best value: 1.7648:  40%|████      | 603/1500 [51:06<1:07:46,  4.53s/it]Best trial: 579. Best value: 1.7648:  40%|████      | 603/1500 [51:06<1:07:46,  4.53s/it]Best trial: 579. Best value: 1.7648:  40%|████      | 604/1500 [51:06<1:09:07,  4.63s/it]                                                                                         Best trial: 579. Best value: 1.7648:  40%|████      | 604/1500 [51:11<1:09:07,  4.63s/it]Best trial: 579. Best value: 1.7648:  40%|████      | 604/1500 [51:11<1:09:07,  4.63s/it]Best trial: 579. Best value: 1.7648:  40%|████      | 605/1500 [51:11<1:10:47,  4.75s/it]                                                                                         Best trial: 579. Best value: 1.7648:  40%|████      | 605/1500 [51:16<1:10:47,  4.75s/it]Best trial: 579. Best value: 1.7648:  40%|████      | 605/1500 [51:16<1:10:47,  4.75s/it]Best trial: 579. Best value: 1.7648:  40%|████      | 606/1500 [51:16<1:11:43,  4.81s/it]                                                                                         Best trial: 579. Best value: 1.7648:  40%|████      | 606/1500 [51:18<1:11:43,  4.81s/it]Best trial: 579. Best value: 1.7648:  40%|████      | 606/1500 [51:18<1:11:43,  4.81s/it]Best trial: 579. Best value: 1.7648:  40%|████      | 607/1500 [51:18<58:35,  3.94s/it]                                                                                         
[I 2026-05-02 19:43:28,027] Trial 597 finished with value: 4.075778491097251 and parameters: {'f_n': 2.3730800999814237e-06, 'K_d': 834769.3470607543, 'rho_d': 17127980116635.45, 'fission_rate': 5.969553119247062e+19, 'D2_xe_scale': 0.1533674321937234, 'Dg_D1_scale': 0.16906940769438877, 'Dg_D3_scale': 1.2782505541577756, 'Dv_D1_scale': 0.4275639566679591, 'Dv_D2_scale': 3.766633181817735, 'b_bulk_scale': 3.0474721375350637, 'b_dislocation_scale': 0.07721752831131534, 'gb_scale': 4.894811219607943, 'gd_bubble_scale': 6.135712036089676, 'gd_line_scale': 8.37600894653317, 'gd_line_alpha': 0.2598178217696373, 'coalescence_d_scale': 0.6711941860499443, 'capture_scale': 0.10887618557996029}. Best is trial 579 with value: 1.7647965169627051.
[I 2026-05-02 19:43:32,773] Trial 598 finished with value: 2.310014518729475 and parameters: {'f_n': 2.4664488895404646e-06, 'K_d': 939077.8720169743, 'rho_d': 14824022301997.209, 'fission_rate': 5.769593439976704e+19, 'D2_xe_scale': 0.25249941239473717, 'Dg_D1_scale': 0.19147020648117144, 'Dg_D3_scale': 0.81228463480174, 'Dv_D1_scale': 0.37218483159652754, 'Dv_D2_scale': 3.0191427388137457, 'b_bulk_scale': 0.12079638405055965, 'b_dislocation_scale': 0.09313499667951679, 'gb_scale': 5.873667676273672, 'gd_bubble_scale': 0.45855117615460883, 'gd_line_scale': 9.972760838342056, 'gd_line_alpha': 0.23219402423941224, 'coalescence_d_scale': 1.007629241308322, 'capture_scale': 6.067758294688469}. Best is trial 579 with value: 1.7647965169627051.
[I 2026-05-02 19:43:35,849] Trial 599 finished with value: 3.249074627332298 and parameters: {'f_n': 2.9951341320264406e-06, 'K_d': 776965.2250949105, 'rho_d': 18228244707750.13, 'fission_rate': 6.119632543557218e+19, 'D2_xe_scale': 0.187063187271132, 'Dg_D1_scale': 0.1676767531269549, 'Dg_D3_scale': 1.1538349530880996, 'Dv_D1_scale': 0.34714038555617904, 'Dv_D2_scale': 3.5770973442296143, 'b_bulk_scale': 0.08318772458331927, 'b_dislocation_scale': 0.07754604159296903, 'gb_scale': 4.3304340499547544, 'gd_bubble_scale': 7.231407601989914, 'gd_line_scale': 7.048203232797228, 'gd_line_alpha': 0.20048640379696056, 'coalescence_d_scale': 6.361445225850767, 'capture_scale': 3.685824000955238}. Best is trial 579 with value: 1.7647965169627051.
[I 2026-05-02 19:43:40,707] Trial 600 finished with value: 2.024230267250008 and parameters: {'f_n': 1.8961708726630857e-06, 'K_d': 733501.681739309, 'rho_d': 22615334910423.082, 'fission_rate': 5.877989859013378e+19, 'D2_xe_scale': 0.3455132260878637, 'Dg_D1_scale': 0.18197135013473448, 'Dg_D3_scale': 1.0092301505897967, 'Dv_D1_scale': 0.4003804616584513, 'Dv_D2_scale': 3.078193085435616, 'b_bulk_scale': 0.134358318724844, 'b_dislocation_scale': 0.11035655825194245, 'gb_scale': 5.223154704148614, 'gd_bubble_scale': 8.699500065830865, 'gd_line_scale': 9.078790519411777, 'gd_line_alpha': 0.21883361213734173, 'coalescence_d_scale': 0.7687054434545204, 'capture_scale': 4.883055439737495}. Best is trial 579 with value: 1.7647965169627051.
[I 2026-05-02 19:43:45,396] Trial 601 finished with value: 1.8291328545593148 and parameters: {'f_n': 2.188898397287889e-06, 'K_d': 840946.0026713887, 'rho_d': 16127797793218.441, 'fission_rate': 6.028204922908008e+19, 'D2_xe_scale': 0.2867813367249713, 'Dg_D1_scale': 0.1590440754710549, 'Dg_D3_scale': 1.3899579878506318, 'Dv_D1_scale': 0.42914092610280447, 'Dv_D2_scale': 3.3743876772702284, 'b_bulk_scale': 0.09950920983004889, 'b_dislocation_scale': 0.08672491182864268, 'gb_scale': 4.628842562287538, 'gd_bubble_scale': 6.1672956532027925, 'gd_line_scale': 7.967760661556963, 'gd_line_alpha': 0.18244471675392332, 'coalescence_d_scale': 0.9042544474954237, 'capture_scale': 4.334094808236086}. Best is trial 579 with value: 1.7647965169627051.
[I 2026-05-02 19:43:50,125] Trial 602 finished with value: 4.342753700574568 and parameters: {'f_n': 2.9909790178021366e-06, 'K_d': 892895.7247778159, 'rho_d': 19598964799473.03, 'fission_rate': 5.932253780598093e+19, 'D2_xe_scale': 0.22033143369511393, 'Dg_D1_scale': 0.15016909588536798, 'Dg_D3_scale': 1.0988822398533729, 'Dv_D1_scale': 0.3770490055470827, 'Dv_D2_scale': 2.865799301785339, 'b_bulk_scale': 0.09134326032103303, 'b_dislocation_scale': 0.15142363715658416, 'gb_scale': 3.897268309172984, 'gd_bubble_scale': 6.879765470731421, 'gd_line_scale': 0.13676452046659654, 'gd_line_alpha': 0.2444768203023058, 'coalescence_d_scale': 0.6738887055649323, 'capture_scale': 5.497813297050709}. Best is trial 579 with value: 1.7647965169627051.
[I 2026-05-02 19:43:54,977] Trial 603 finished with value: 1.9034947530736828 and parameters: {'f_n': 1.7705542333841334e-06, 'K_d': 803282.6019316831, 'rho_d': 17409837044349.45, 'fission_rate': 5.820291956878285e+19, 'D2_xe_scale': 0.5511859281569644, 'Dg_D1_scale': 0.19847088981018018, 'Dg_D3_scale': 1.2656382005311086, 'Dv_D1_scale': 0.40779458331392626, 'Dv_D2_scale': 3.203863623925542, 'b_bulk_scale': 0.10825327538188134, 'b_dislocation_scale': 0.07347071799890113, 'gb_scale': 6.173920304761261, 'gd_bubble_scale': 7.642022715614783, 'gd_line_scale': 8.996828943584294, 'gd_line_alpha': 0.19843392138721877, 'coalescence_d_scale': 0.8178678676465372, 'capture_scale': 3.830696889292493}. Best is trial 579 with value: 1.7647965169627051.
[I 2026-05-02 19:43:59,994] Trial 604 finished with value: 1.8736983890984815 and parameters: {'f_n': 2.4356622609851223e-06, 'K_d': 766573.8537031976, 'rho_d': 14188931381895.098, 'fission_rate': 5.6570882788815135e+19, 'D2_xe_scale': 0.2547439612478319, 'Dg_D1_scale': 0.1760102968770599, 'Dg_D3_scale': 0.949293328822318, 'Dv_D1_scale': 0.3549260990530423, 'Dv_D2_scale': 3.750051903051383, 'b_bulk_scale': 0.1469250948103996, 'b_dislocation_scale': 0.08264765192234334, 'gb_scale': 5.348932556223698, 'gd_bubble_scale': 6.294953250075385, 'gd_line_scale': 7.517426020803228, 'gd_line_alpha': 0.22243519408125634, 'coalescence_d_scale': 0.7483893681460664, 'capture_scale': 4.805945121035401}. Best is trial 579 with value: 1.7647965169627051.
[I 2026-05-02 19:44:04,970] Trial 605 finished with value: 1.8636504464513788 and parameters: {'f_n': 2.107859922187944e-06, 'K_d': 1000243.5568811359, 'rho_d': 15437131695249.28, 'fission_rate': 5.759093201369065e+19, 'D2_xe_scale': 0.19529158725882192, 'Dg_D1_scale': 0.16514893397081942, 'Dg_D3_scale': 1.1913316761930843, 'Dv_D1_scale': 0.45395602201807683, 'Dv_D2_scale': 3.447693878315397, 'b_bulk_scale': 0.11989890117159963, 'b_dislocation_scale': 0.09608870125593706, 'gb_scale': 4.695078628556829, 'gd_bubble_scale': 8.483967730813111, 'gd_line_scale': 9.976170675082432, 'gd_line_alpha': 0.26345293180712615, 'coalescence_d_scale': 1.054811080047735, 'capture_scale': 4.276042439186133}. Best is trial 579 with value: 1.7647965169627051.
[I 2026-05-02 19:44:06,854] Trial 606 finished with value: 3.229557505297495 and parameters: {'f_n': 2.512072878881779e-06, 'K_d': 823490.4651607306, 'rho_d': 16266164950494.107, 'fission_rate': 5.865938973881413e+19, 'D2_xe_scale': 0.30880192059254546, 'Dg_D1_scale': 0.18857601534507165, 'Dg_D3_scale': 1.0456873570586858, 'Dv_D1_scale': 0.38974966137194916, 'Dv_D2_scale': 3.192551240179593, 'b_bulk_scale': 0.09811169937754395, 'b_dislocation_scale': 0.2435747197927179, 'gb_scale': 4.185232109907244, 'gd_bubble_scale': 6.819190084990301, 'gd_line_scale': 8.345027287593425, 'gd_line_alpha': 0.24191784250126905, 'coalescence_d_scale': 0.6752870475958737, 'capture_scale': 0.8581099284810237}. Best is trial 579 with value: 1.7647965169627051.
