[I 2026-05-02 19:30:19,158] Trial 423 finished with value: 1.980846052911556 and parameters: {'f_n': 1.545341947812545e-06, 'K_d': 699922.5930002494, 'rho_d': 9888302849841.781, 'fission_rate': 5.296244835046633e+19, 'D2_xe_scale': 23.728904429339202, 'Dg_D1_scale': 0.2628899908100937, 'Dg_D3_scale': 1.6014587359856098, 'Dv_D1_scale': 0.4469864599479245, 'Dv_D2_scale': 1.9752110479932794, 'b_bulk_scale': 0.06545021065972156, 'b_dislocation_scale': 0.06319176571808549, 'gb_scale': 2.6823755795271147, 'gd_bubble_scale': 4.211794406301551, 'gd_line_scale': 6.713799728074372, 'gd_line_alpha': 0.15366403058662065, 'coalescence_d_scale': 0.7204176286752878, 'capture_scale': 1.8906440215665832}. Best is trial 409 with value: 1.8525369104558815.
[I 2026-05-02 19:30:24,393] Trial 424 finished with value: 4.974642533909953 and parameters: {'f_n': 4.6544200503928766e-08, 'K_d': 627171.2239362423, 'rho_d': 49825208048433.87, 'fission_rate': 5.382529056229498e+19, 'D2_xe_scale': 31.62019954712977, 'Dg_D1_scale': 0.24377507121943628, 'Dg_D3_scale': 1.8322044400029769, 'Dv_D1_scale': 0.4691985783281464, 'Dv_D2_scale': 1.7783440826604056, 'b_bulk_scale': 0.07138419083676642, 'b_dislocation_scale': 0.04704022515751404, 'gb_scale': 2.784712064337938, 'gd_bubble_scale': 5.10373673140187, 'gd_line_scale': 6.45154406536095, 'gd_line_alpha': 0.06317004942977919, 'coalescence_d_scale': 0.7492496583941122, 'capture_scale': 1.7566833653390013}. Best is trial 409 with value: 1.8525369104558815.
[I 2026-05-02 19:30:29,477] Trial 425 finished with value: 1.9275916431479656 and parameters: {'f_n': 1.163968964836991e-06, 'K_d': 620535.6104772557, 'rho_d': 11129541878603.434, 'fission_rate': 5.432906411336367e+19, 'D2_xe_scale': 28.211967017613446, 'Dg_D1_scale': 0.26744052907516147, 'Dg_D3_scale': 2.0632304102723236, 'Dv_D1_scale': 0.42772729468911524, 'Dv_D2_scale': 1.6014968858419074, 'b_bulk_scale': 0.059069025683920875, 'b_dislocation_scale': 0.05416451211229723, 'gb_scale': 2.623664858277384, 'gd_bubble_scale': 4.250739034613964, 'gd_line_scale': 7.760639634082315, 'gd_line_alpha': 0.12223556980740162, 'coalescence_d_scale': 0.6802592444434533, 'capture_scale': 2.0140486525189467}. Best is trial 409 with value: 1.8525369104558815.
[I 2026-05-02 19:30:34,868] Trial 426 finished with value: 1.9693492281383613 and parameters: {'f_n': 1.3263507036282932e-06, 'K_d': 645572.893380259, 'rho_d': 11130230501679.54, 'fission_rate': 5.198820881670816e+19, 'D2_xe_scale': 22.268221452019027, 'Dg_D1_scale': 0.2791689945605819, 'Dg_D3_scale': 2.1902106324959547, 'Dv_D1_scale': 0.9698895266482116, 'Dv_D2_scale': 1.792087037952416, 'b_bulk_scale': 0.06771915296349458, 'b_dislocation_scale': 0.06260863427000621, 'gb_scale': 3.0357693202775056, 'gd_bubble_scale': 4.773967791750301, 'gd_line_scale': 5.943229805032884, 'gd_line_alpha': 0.09753460760932836, 'coalescence_d_scale': 0.8825750645890982, 'capture_scale': 3.2714522386068525}. Best is trial 409 with value: 1.8525369104558815.
[I 2026-05-02 19:30:40,087] Trial 427 finished with value: 1.9097335261451334 and parameters: {'f_n': 1.0478099138149876e-06, 'K_d': 608606.0527587326, 'rho_d': 10135401819788.865, 'fission_rate': 5.26818006954997e+19, 'D2_xe_scale': 29.071243447553112, 'Dg_D1_scale': 0.2563581797950731, 'Dg_D3_scale': 2.249222632233017, 'Dv_D1_scale': 0.4828497083641882, 'Dv_D2_scale': 1.958048562210199, 'b_bulk_scale': 0.05743620148375484, 'b_dislocation_scale': 0.050816380906620405, 'gb_scale': 2.4766649511594614, 'gd_bubble_scale': 5.530798014700588, 'gd_line_scale': 6.483294609455673, 'gd_line_alpha': 0.15682598542789594, 'coalescence_d_scale': 0.6439813977041775, 'capture_scale': 3.772636208303045}. Best is trial 409 with value: 1.8525369104558815.
[I 2026-05-02 19:30:42,714] Trial 428 finished with value: 3.687720645720986 and parameters: {'f_n': 8.19538225998507e-07, 'K_d': 664352.3663545818, 'rho_d': 11464263799664.4, 'fission_rate': 5.484562255154474e+19, 'D2_xe_scale': 22.415936393694672, 'Dg_D1_scale': 0.22944229201312277, 'Dg_D3_scale': 1.9524489779930767, 'Dv_D1_scale': 0.800647224341322, 'Dv_D2_scale': 1.6722642787648834, 'b_bulk_scale': 0.061096422025966005, 'b_dislocation_scale': 0.5465399554002054, 'gb_scale': 2.461761017695009, 'gd_bubble_scale': 4.157818956417654, 'gd_line_scale': 5.876448587496278, 'gd_line_alpha': 0.12797354073825737, 'coalescence_d_scale': 0.6009869750550683, 'capture_scale': 1.4789896115128933}. Best is trial 409 with value: 1.8525369104558815.
[I 2026-05-02 19:30:47,903] Trial 429 finished with value: 1.992689270261611 and parameters: {'f_n': 1.563002497084484e-06, 'K_d': 699919.3952699852, 'rho_d': 10690460345361.457, 'fission_rate': 5.343325587578157e+19, 'D2_xe_scale': 24.633740174747185, 'Dg_D1_scale': 0.2821676619929278, 'Dg_D3_scale': 2.270438424244346, 'Dv_D1_scale': 0.5351867294113104, 'Dv_D2_scale': 1.8375128392726876, 'b_bulk_scale': 0.06954351081096098, 'b_dislocation_scale': 0.04265321536978901, 'gb_scale': 2.9068079179991924, 'gd_bubble_scale': 5.223886204290359, 'gd_line_scale': 6.975489692312378, 'gd_line_alpha': 0.14713161053402257, 'coalescence_d_scale': 0.8166537694695704, 'capture_scale': 2.3711417674420434}. Best is trial 409 with value: 1.8525369104558815.
[I 2026-05-02 19:30:51,809] Trial 430 finished with value: 2.000183060903943 and parameters: {'f_n': 1.128308639071184e-06, 'K_d': 607870.4258339476, 'rho_d': 10000096019027.697, 'fission_rate': 5.1700935534607426e+19, 'D2_xe_scale': 0.12862185670447793, 'Dg_D1_scale': 1.051638576506591, 'Dg_D3_scale': 1.7270312839886268, 'Dv_D1_scale': 0.5010460485733482, 'Dv_D2_scale': 1.6384543467730022, 'b_bulk_scale': 0.056365435362386876, 'b_dislocation_scale': 0.05633872696981352, 'gb_scale': 2.5892404459233185, 'gd_bubble_scale': 4.336432782282317, 'gd_line_scale': 6.548005714463611, 'gd_line_alpha': 0.15734627793631364, 'coalescence_d_scale': 0.6096050917862668, 'capture_scale': 3.1225010326809817}. Best is trial 409 with value: 1.8525369104558815.
[I 2026-05-02 19:30:56,774] Trial 431 finished with value: 1.9115954370508985 and parameters: {'f_n': 6.325372498088431e-07, 'K_d': 598424.9356005493, 'rho_d': 10628372107645.842, 'fission_rate': 5.604323935349977e+19, 'D2_xe_scale': 21.53147140330744, 'Dg_D1_scale': 0.20347073131504617, 'Dg_D3_scale': 2.0418176845141423, 'Dv_D1_scale': 0.42848421943688214, 'Dv_D2_scale': 2.112410520343731, 'b_bulk_scale': 0.06182616870859071, 'b_dislocation_scale': 0.04555861766220093, 'gb_scale': 2.3609625187213656, 'gd_bubble_scale': 3.829751618851638, 'gd_line_scale': 6.047637822818281, 'gd_line_alpha': 0.10671749085512572, 'coalescence_d_scale': 0.6833400234756385, 'capture_scale': 1.74909564373622}. Best is trial 409 with value: 1.8525369104558815.Best trial: 409. Best value: 1.85254:  29%|██▊       | 431/1500 [38:08<1:18:22,  4.40s/it]Best trial: 409. Best value: 1.85254:  29%|██▊       | 431/1500 [38:08<1:18:22,  4.40s/it]Best trial: 409. Best value: 1.85254:  29%|██▉       | 432/1500 [38:08<1:21:19,  4.57s/it]                                                                                          Best trial: 409. Best value: 1.85254:  29%|██▉       | 432/1500 [38:13<1:21:19,  4.57s/it]Best trial: 409. Best value: 1.85254:  29%|██▉       | 432/1500 [38:13<1:21:19,  4.57s/it]Best trial: 409. Best value: 1.85254:  29%|██▉       | 433/1500 [38:13<1:25:12,  4.79s/it]                                                                                          Best trial: 409. Best value: 1.85254:  29%|██▉       | 433/1500 [38:18<1:25:12,  4.79s/it]Best trial: 409. Best value: 1.85254:  29%|██▉       | 433/1500 [38:18<1:25:12,  4.79s/it]Best trial: 409. Best value: 1.85254:  29%|██▉       | 434/1500 [38:18<1:27:18,  4.91s/it]                                                                                          Best trial: 409. Best value: 1.85254:  29%|██▉       | 434/1500 [38:24<1:27:18,  4.91s/it]Best trial: 409. Best value: 1.85254:  29%|██▉       | 434/1500 [38:24<1:27:18,  4.91s/it]Best trial: 409. Best value: 1.85254:  29%|██▉       | 435/1500 [38:24<1:29:46,  5.06s/it]                                                                                          Best trial: 409. Best value: 1.85254:  29%|██▉       | 435/1500 [38:29<1:29:46,  5.06s/it]Best trial: 409. Best value: 1.85254:  29%|██▉       | 435/1500 [38:29<1:29:46,  5.06s/it]Best trial: 409. Best value: 1.85254:  29%|██▉       | 436/1500 [38:29<1:28:41,  5.00s/it]                                                                                          Best trial: 409. Best value: 1.85254:  29%|██▉       | 436/1500 [38:32<1:28:41,  5.00s/it]Best trial: 436. Best value: 1.82383:  29%|██▉       | 436/1500 [38:32<1:28:41,  5.00s/it]Best trial: 436. Best value: 1.82383:  29%|██▉       | 437/1500 [38:32<1:21:14,  4.59s/it]                                                                                          Best trial: 436. Best value: 1.82383:  29%|██▉       | 437/1500 [38:37<1:21:14,  4.59s/it]Best trial: 436. Best value: 1.82383:  29%|██▉       | 437/1500 [38:37<1:21:14,  4.59s/it]Best trial: 436. Best value: 1.82383:  29%|██▉       | 438/1500 [38:37<1:23:42,  4.73s/it]                                                                                          Best trial: 436. Best value: 1.82383:  29%|██▉       | 438/1500 [38:42<1:23:42,  4.73s/it]Best trial: 436. Best value: 1.82383:  29%|██▉       | 438/1500 [38:42<1:23:42,  4.73s/it]Best trial: 436. Best value: 1.82383:  29%|██▉       | 439/1500 [38:42<1:25:13,  4.82s/it]                                                                                          Best trial: 436. Best value: 1.82383:  29%|██▉       | 439/1500 [38:47<1:25:13,  4.82s/it]Best trial: 436. Best value: 1.82383:  29%|██▉       | 439/1500 [38:47<1:25:13,  4.82s/it]Best trial: 436. Best value: 1.82383:  29%|██▉       | 440/1500 [38:47<1:26:03,  4.87s/it]                                                                                          Best trial: 436. Best value: 1.82383:  29%|██▉       | 440/1500 [38:52<1:26:03,  4.87s/it]Best trial: 436. Best value: 1.82383:  29%|██▉       | 440/1500 [38:52<1:26:03,  4.87s/it]Best trial: 436. Best value: 1.82383:  29%|██▉       | 441/1500 [38:52<1:26:35,  4.91s/it]                                                                                          Best trial: 436. Best value: 1.82383:  29%|██▉       | 441/1500 [38:57<1:26:35,  4.91s/it]Best trial: 436. Best value: 1.82383:  29%|██▉       | 441/1500 [38:57<1:26:35,  4.91s/it]Best trial: 436. Best value: 1.82383:  29%|██▉       | 442/1500 [38:57<1:26:37,  4.91s/it]                                                                                          
[I 2026-05-02 19:31:02,088] Trial 432 finished with value: 2.0445571111337153 and parameters: {'f_n': 8.842328123404627e-07, 'K_d': 635414.5911788326, 'rho_d': 11334868594415.365, 'fission_rate': 5.222176635762718e+19, 'D2_xe_scale': 0.085590299941598, 'Dg_D1_scale': 0.24513907238791194, 'Dg_D3_scale': 2.1646720526806407, 'Dv_D1_scale': 0.5988337534048754, 'Dv_D2_scale': 1.7557350779739316, 'b_bulk_scale': 0.045608013145017175, 'b_dislocation_scale': 0.062589205028493, 'gb_scale': 3.183294852546324, 'gd_bubble_scale': 4.7179967752613425, 'gd_line_scale': 9.302418934134964, 'gd_line_alpha': 0.1296702434961131, 'coalescence_d_scale': 0.5793045500842958, 'capture_scale': 2.418276958118783}. Best is trial 409 with value: 1.8525369104558815.
[I 2026-05-02 19:31:07,290] Trial 433 finished with value: 1.9096911256932647 and parameters: {'f_n': 1.5611927944431159e-06, 'K_d': 659086.855862681, 'rho_d': 10073895577593.803, 'fission_rate': 5.307809013345943e+19, 'D2_xe_scale': 29.855100697088613, 'Dg_D1_scale': 0.28030702332744484, 'Dg_D3_scale': 1.8633687378131412, 'Dv_D1_scale': 0.45864709530081305, 'Dv_D2_scale': 1.9201193913761305, 'b_bulk_scale': 0.05486493122880799, 'b_dislocation_scale': 0.050660793223254105, 'gb_scale': 2.7228723425707297, 'gd_bubble_scale': 5.526424219213711, 'gd_line_scale': 5.410573768306256, 'gd_line_alpha': 0.16820220388929186, 'coalescence_d_scale': 0.6809021462554293, 'capture_scale': 3.658468269188516}. Best is trial 409 with value: 1.8525369104558815.
[I 2026-05-02 19:31:12,678] Trial 434 finished with value: 2.0453402147585393 and parameters: {'f_n': 1.2698419905643151e-06, 'K_d': 604763.5753034606, 'rho_d': 9739771581007.45, 'fission_rate': 5.121493248624019e+19, 'D2_xe_scale': 25.35373578818739, 'Dg_D1_scale': 0.25790335221864086, 'Dg_D3_scale': 2.327692843272647, 'Dv_D1_scale': 0.6938181579552845, 'Dv_D2_scale': 1.5126991627979127, 'b_bulk_scale': 0.050273011424067385, 'b_dislocation_scale': 0.03581637316219138, 'gb_scale': 2.3414667774767293, 'gd_bubble_scale': 4.929708567173708, 'gd_line_scale': 5.971159751460509, 'gd_line_alpha': 0.026568015063693523, 'coalescence_d_scale': 0.5688419761524031, 'capture_scale': 3.041267794368919}. Best is trial 409 with value: 1.8525369104558815.
[I 2026-05-02 19:31:17,550] Trial 435 finished with value: 2.8182306666372345 and parameters: {'f_n': 7.68136611251879e-07, 'K_d': 646375.5707794721, 'rho_d': 18981859117244.023, 'fission_rate': 5.7176605441968914e+19, 'D2_xe_scale': 0.6004651712717359, 'Dg_D1_scale': 0.21509443936191003, 'Dg_D3_scale': 2.0149778930271793, 'Dv_D1_scale': 0.5667017677996827, 'Dv_D2_scale': 1.7269835393514164, 'b_bulk_scale': 0.0620092057361091, 'b_dislocation_scale': 0.055939700853792296, 'gb_scale': 2.892766958397806, 'gd_bubble_scale': 4.310412533162473, 'gd_line_scale': 7.3583013263335335, 'gd_line_alpha': 0.08066636757994, 'coalescence_d_scale': 0.6068813428785163, 'capture_scale': 2.0144359836339074}. Best is trial 409 with value: 1.8525369104558815.
[I 2026-05-02 19:31:21,151] Trial 436 finished with value: 1.8238261807318321 and parameters: {'f_n': 1.0076263362113243e-06, 'K_d': 702563.3914217174, 'rho_d': 10875475940055.145, 'fission_rate': 5.462285280060221e+19, 'D2_xe_scale': 21.190301967177177, 'Dg_D1_scale': 0.26884655194027873, 'Dg_D3_scale': 2.1617569293261933, 'Dv_D1_scale': 0.5163131211090027, 'Dv_D2_scale': 2.0173989410822712, 'b_bulk_scale': 0.06812585329236341, 'b_dislocation_scale': 0.06669372225391189, 'gb_scale': 2.56814635882656, 'gd_bubble_scale': 5.748639036059169, 'gd_line_scale': 5.417044917489075, 'gd_line_alpha': 0.1389470175623319, 'coalescence_d_scale': 0.542291193277749, 'capture_scale': 2.7108141985335106}. Best is trial 436 with value: 1.8238261807318321.
[I 2026-05-02 19:31:26,230] Trial 437 finished with value: 1.835217264422729 and parameters: {'f_n': 1.3525303079558507e-06, 'K_d': 703315.8066812918, 'rho_d': 11520012365361.752, 'fission_rate': 5.5040345299381215e+19, 'D2_xe_scale': 20.605151271064443, 'Dg_D1_scale': 0.27056933716412795, 'Dg_D3_scale': 2.331966244312123, 'Dv_D1_scale': 0.5295084673790099, 'Dv_D2_scale': 1.8585797166955902, 'b_bulk_scale': 0.071197812486397, 'b_dislocation_scale': 0.0682152278392692, 'gb_scale': 2.304240270738754, 'gd_bubble_scale': 3.8362744268301476, 'gd_line_scale': 5.428249715724138, 'gd_line_alpha': 0.11832226129523829, 'coalescence_d_scale': 0.5530776653999757, 'capture_scale': 3.7759850506940444}. Best is trial 436 with value: 1.8238261807318321.
[I 2026-05-02 19:31:31,259] Trial 438 finished with value: 1.8323145041566278 and parameters: {'f_n': 1.6386387663952678e-06, 'K_d': 692387.9485738028, 'rho_d': 11421322004428.875, 'fission_rate': 5.529327317638222e+19, 'D2_xe_scale': 26.035411236635177, 'Dg_D1_scale': 0.22924763725641933, 'Dg_D3_scale': 2.2783991921755873, 'Dv_D1_scale': 0.5329734583977797, 'Dv_D2_scale': 1.8970852183773674, 'b_bulk_scale': 0.07130081661177622, 'b_dislocation_scale': 0.06540801908602029, 'gb_scale': 2.3392480108695524, 'gd_bubble_scale': 5.688647718376256, 'gd_line_scale': 6.065507644231613, 'gd_line_alpha': 0.134913043292586, 'coalescence_d_scale': 0.6559415979316169, 'capture_scale': 3.8464619637184914}. Best is trial 436 with value: 1.8238261807318321.
[I 2026-05-02 19:31:36,252] Trial 439 finished with value: 1.8634998827962004 and parameters: {'f_n': 1.6654279063850665e-06, 'K_d': 705255.3418700023, 'rho_d': 11599843280119.854, 'fission_rate': 5.5814071642314736e+19, 'D2_xe_scale': 30.29553148189743, 'Dg_D1_scale': 0.23297872324277288, 'Dg_D3_scale': 0.8176036784102307, 'Dv_D1_scale': 0.5281470342655593, 'Dv_D2_scale': 2.2865637271371444, 'b_bulk_scale': 0.07154260919460574, 'b_dislocation_scale': 0.06762325495098452, 'gb_scale': 2.4904970617785454, 'gd_bubble_scale': 5.883438996475521, 'gd_line_scale': 6.452186493408905, 'gd_line_alpha': 0.10301519663673153, 'coalescence_d_scale': 0.7440123684345091, 'capture_scale': 3.973205824207757}. Best is trial 436 with value: 1.8238261807318321.
[I 2026-05-02 19:31:41,235] Trial 440 finished with value: 1.886961118210985 and parameters: {'f_n': 1.699567222844981e-06, 'K_d': 708186.981898065, 'rho_d': 11659697685324.809, 'fission_rate': 5.567244853477794e+19, 'D2_xe_scale': 30.85525282843671, 'Dg_D1_scale': 0.22571919956651806, 'Dg_D3_scale': 0.7013901615300325, 'Dv_D1_scale': 0.5160167666998166, 'Dv_D2_scale': 2.178950323356351, 'b_bulk_scale': 0.07263121015798646, 'b_dislocation_scale': 0.06780724483263446, 'gb_scale': 2.3763262596147516, 'gd_bubble_scale': 1.8325624726687009, 'gd_line_scale': 7.678552708878896, 'gd_line_alpha': 0.12994594268365606, 'coalescence_d_scale': 0.7054527755203288, 'capture_scale': 4.00305489709283}. Best is trial 436 with value: 1.8238261807318321.
[I 2026-05-02 19:31:46,162] Trial 441 finished with value: 2.327806482142902 and parameters: {'f_n': 1.738588520879934e-06, 'K_d': 717532.6462177595, 'rho_d': 11535324429367.799, 'fission_rate': 5.684542243331121e+19, 'D2_xe_scale': 29.821070861175137, 'Dg_D1_scale': 2.872224147847095, 'Dg_D3_scale': 2.199664392664684, 'Dv_D1_scale': 0.5148717388692814, 'Dv_D2_scale': 2.0539417868046863, 'b_bulk_scale': 0.06916497569886831, 'b_dislocation_scale': 0.0670918098180373, 'gb_scale': 2.3372039359580024, 'gd_bubble_scale': 5.870557233007516, 'gd_line_scale': 6.520792942957431, 'gd_line_alpha': 0.11093590070846657, 'coalescence_d_scale': 0.8027732074187467, 'capture_scale': 3.8667724043760563}. Best is trial 436 with value: 1.8238261807318321.
