[I 2026-05-02 19:06:10,615] Trial 167 finished with value: 2.086859290600891 and parameters: {'f_n': 2.8662750439619543e-06, 'K_d': 719462.4094157259, 'rho_d': 11096173276545.705, 'fission_rate': 4.102437785778281e+19, 'D2_xe_scale': 16.320799058033316, 'Dg_D1_scale': 0.3929481901426795, 'Dg_D3_scale': 3.436866751741791, 'Dv_D1_scale': 0.3457994317268443, 'Dv_D2_scale': 1.6780962426683885, 'b_bulk_scale': 0.0718231465278526, 'b_dislocation_scale': 0.073327054296635, 'gb_scale': 2.1905761074361654, 'gd_bubble_scale': 9.967692301796488, 'gd_line_scale': 2.1106765321562198, 'gd_line_alpha': 0.2964376199464021, 'coalescence_d_scale': 0.3506859562742807, 'capture_scale': 7.76660407683359}. Best is trial 116 with value: 1.868175213579544.Best trial: 116. Best value: 1.86818:  11%|█         | 167/1500 [13:22<2:24:20,  6.50s/it]Best trial: 116. Best value: 1.86818:  11%|█         | 167/1500 [13:22<2:24:20,  6.50s/it]Best trial: 116. Best value: 1.86818:  11%|█         | 168/1500 [13:22<2:26:02,  6.58s/it]                                                                                          Best trial: 116. Best value: 1.86818:  11%|█         | 168/1500 [13:29<2:26:02,  6.58s/it]Best trial: 116. Best value: 1.86818:  11%|█         | 168/1500 [13:29<2:26:02,  6.58s/it]Best trial: 116. Best value: 1.86818:  11%|█▏        | 169/1500 [13:29<2:27:37,  6.65s/it]                                                                                          Best trial: 116. Best value: 1.86818:  11%|█▏        | 169/1500 [13:34<2:27:37,  6.65s/it]Best trial: 116. Best value: 1.86818:  11%|█▏        | 169/1500 [13:34<2:27:37,  6.65s/it]Best trial: 116. Best value: 1.86818:  11%|█▏        | 170/1500 [13:34<2:16:36,  6.16s/it]                                                                                          Best trial: 116. Best value: 1.86818:  11%|█▏        | 170/1500 [13:40<2:16:36,  6.16s/it]Best trial: 116. Best value: 1.86818:  11%|█▏        | 170/1500 [13:40<2:16:36,  6.16s/it]Best trial: 116. Best value: 1.86818:  11%|█▏        | 171/1500 [13:40<2:19:33,  6.30s/it]                                                                                          Best trial: 116. Best value: 1.86818:  11%|█▏        | 171/1500 [13:47<2:19:33,  6.30s/it]Best trial: 116. Best value: 1.86818:  11%|█▏        | 171/1500 [13:47<2:19:33,  6.30s/it]Best trial: 116. Best value: 1.86818:  11%|█▏        | 172/1500 [13:47<2:20:28,  6.35s/it]                                                                                          Best trial: 116. Best value: 1.86818:  11%|█▏        | 172/1500 [13:53<2:20:28,  6.35s/it]Best trial: 116. Best value: 1.86818:  11%|█▏        | 172/1500 [13:53<2:20:28,  6.35s/it]Best trial: 116. Best value: 1.86818:  12%|█▏        | 173/1500 [13:53<2:21:38,  6.40s/it]                                                                                          Best trial: 116. Best value: 1.86818:  12%|█▏        | 173/1500 [14:00<2:21:38,  6.40s/it]Best trial: 116. Best value: 1.86818:  12%|█▏        | 173/1500 [14:00<2:21:38,  6.40s/it]Best trial: 116. Best value: 1.86818:  12%|█▏        | 174/1500 [14:00<2:21:49,  6.42s/it]                                                                                          Best trial: 116. Best value: 1.86818:  12%|█▏        | 174/1500 [14:04<2:21:49,  6.42s/it]Best trial: 116. Best value: 1.86818:  12%|█▏        | 174/1500 [14:04<2:21:49,  6.42s/it]Best trial: 116. Best value: 1.86818:  12%|█▏        | 175/1500 [14:04<2:11:03,  5.93s/it]                                                                                          Best trial: 116. Best value: 1.86818:  12%|█▏        | 175/1500 [14:11<2:11:03,  5.93s/it]Best trial: 116. Best value: 1.86818:  12%|█▏        | 175/1500 [14:11<2:11:03,  5.93s/it]Best trial: 116. Best value: 1.86818:  12%|█▏        | 176/1500 [14:11<2:14:13,  6.08s/it]                                                                                          Best trial: 116. Best value: 1.86818:  12%|█▏        | 176/1500 [14:17<2:14:13,  6.08s/it]Best trial: 116. Best value: 1.86818:  12%|█▏        | 176/1500 [14:17<2:14:13,  6.08s/it]Best trial: 116. Best value: 1.86818:  12%|█▏        | 177/1500 [14:17<2:16:56,  6.21s/it]                                                                                          Best trial: 116. Best value: 1.86818:  12%|█▏        | 177/1500 [14:24<2:16:56,  6.21s/it]Best trial: 116. Best value: 1.86818:  12%|█▏        | 177/1500 [14:24<2:16:56,  6.21s/it]Best trial: 116. Best value: 1.86818:  12%|█▏        | 178/1500 [14:24<2:17:24,  6.24s/it]                                                                                          
[I 2026-05-02 19:06:17,453] Trial 168 finished with value: 2.0202504240381867 and parameters: {'f_n': 2.189858070257523e-06, 'K_d': 815494.3738073152, 'rho_d': 10297652871165.76, 'fission_rate': 4.024921716782013e+19, 'D2_xe_scale': 8.861858211881511, 'Dg_D1_scale': 0.4662838387208452, 'Dg_D3_scale': 3.2177024309723263, 'Dv_D1_scale': 0.4318029035691466, 'Dv_D2_scale': 1.9585852713725955, 'b_bulk_scale': 0.06329361543119179, 'b_dislocation_scale': 0.06721362631763506, 'gb_scale': 1.7170059615958246, 'gd_bubble_scale': 8.826922489627902, 'gd_line_scale': 1.6720198868457525, 'gd_line_alpha': 0.31521513388995914, 'coalescence_d_scale': 0.530935691959918, 'capture_scale': 7.743802242929108}. Best is trial 116 with value: 1.868175213579544.
[I 2026-05-02 19:06:22,466] Trial 169 finished with value: 1.9697559961685143 and parameters: {'f_n': 1.6366092256966103e-06, 'K_d': 697590.6579459723, 'rho_d': 9353746472228.586, 'fission_rate': 4.135390535361105e+19, 'D2_xe_scale': 19.394017366831424, 'Dg_D1_scale': 0.4092966318206769, 'Dg_D3_scale': 3.4680535135335226, 'Dv_D1_scale': 0.37776939939235965, 'Dv_D2_scale': 1.7645947574732737, 'b_bulk_scale': 0.0717510226099161, 'b_dislocation_scale': 0.0809145989628391, 'gb_scale': 1.4511514278644915, 'gd_bubble_scale': 9.986471824028891, 'gd_line_scale': 1.8941338992137327, 'gd_line_alpha': 0.2611130672325524, 'coalescence_d_scale': 0.3927962014550094, 'capture_scale': 7.907361879232563}. Best is trial 116 with value: 1.868175213579544.
[I 2026-05-02 19:06:29,087] Trial 170 finished with value: 2.076437195728219 and parameters: {'f_n': 1.8773046115910673e-06, 'K_d': 617194.6751506781, 'rho_d': 9251799125900.246, 'fission_rate': 4.1576675456120365e+19, 'D2_xe_scale': 14.274133776992967, 'Dg_D1_scale': 0.4231447187086202, 'Dg_D3_scale': 3.4614795807201704, 'Dv_D1_scale': 0.4003295391280687, 'Dv_D2_scale': 1.6043109350299263, 'b_bulk_scale': 0.0698854480140756, 'b_dislocation_scale': 0.08217956536114482, 'gb_scale': 1.479662908274211, 'gd_bubble_scale': 9.889160739335912, 'gd_line_scale': 1.9478276242251098, 'gd_line_alpha': 0.2606873541924062, 'coalescence_d_scale': 0.3991499511113495, 'capture_scale': 6.907626555152111}. Best is trial 116 with value: 1.868175213579544.
[I 2026-05-02 19:06:35,543] Trial 171 finished with value: 1.9611087686564865 and parameters: {'f_n': 2.473041762487133e-06, 'K_d': 683365.0263001824, 'rho_d': 9603655619332.639, 'fission_rate': 4.286680136024445e+19, 'D2_xe_scale': 20.14848256563897, 'Dg_D1_scale': 0.4102054824368841, 'Dg_D3_scale': 3.7813593347997347, 'Dv_D1_scale': 0.35544350658518076, 'Dv_D2_scale': 1.7442080390423482, 'b_bulk_scale': 0.08131998012299774, 'b_dislocation_scale': 0.06997592789410662, 'gb_scale': 1.412155958740194, 'gd_bubble_scale': 8.18368421123113, 'gd_line_scale': 2.1777966039069288, 'gd_line_alpha': 0.28301334608797957, 'coalescence_d_scale': 0.2825720336016197, 'capture_scale': 7.900966446807428}. Best is trial 116 with value: 1.868175213579544.
[I 2026-05-02 19:06:42,081] Trial 172 finished with value: 1.9727405575809434 and parameters: {'f_n': 2.4805724257982877e-06, 'K_d': 706317.1737976744, 'rho_d': 9439713222379.797, 'fission_rate': 4.28166505554532e+19, 'D2_xe_scale': 19.498218199616836, 'Dg_D1_scale': 0.4056752519552143, 'Dg_D3_scale': 3.9907345902194153, 'Dv_D1_scale': 0.36314445024353903, 'Dv_D2_scale': 1.7609336806981604, 'b_bulk_scale': 0.08157197170375675, 'b_dislocation_scale': 0.06899865535268247, 'gb_scale': 1.579563507354648, 'gd_bubble_scale': 8.218943382037525, 'gd_line_scale': 2.253512580720518, 'gd_line_alpha': 0.2852653906018486, 'coalescence_d_scale': 0.274224011108003, 'capture_scale': 7.786724773629723}. Best is trial 116 with value: 1.868175213579544.
[I 2026-05-02 19:06:48,531] Trial 173 finished with value: 1.9049676972360272 and parameters: {'f_n': 1.4394217985558518e-06, 'K_d': 751701.8342658709, 'rho_d': 9465797273929.277, 'fission_rate': 4.2622404811018945e+19, 'D2_xe_scale': 20.654113353278362, 'Dg_D1_scale': 0.5174683621598836, 'Dg_D3_scale': 3.8803040337822465, 'Dv_D1_scale': 0.3638192462371041, 'Dv_D2_scale': 1.769846863021738, 'b_bulk_scale': 0.08480222928221644, 'b_dislocation_scale': 0.07696470716462879, 'gb_scale': 1.4004259749586334, 'gd_bubble_scale': 8.139907846022677, 'gd_line_scale': 2.345748372096542, 'gd_line_alpha': 0.2754172749190251, 'coalescence_d_scale': 0.26978092401330717, 'capture_scale': 6.61939580310529}. Best is trial 116 with value: 1.868175213579544.
[I 2026-05-02 19:06:53,337] Trial 174 finished with value: 1.879834731121997 and parameters: {'f_n': 1.4429414287363746e-06, 'K_d': 693168.5017549497, 'rho_d': 9602323760542.436, 'fission_rate': 4.28430730168412e+19, 'D2_xe_scale': 20.968469724591632, 'Dg_D1_scale': 0.4680166322135426, 'Dg_D3_scale': 3.982729931028324, 'Dv_D1_scale': 0.36705167433237074, 'Dv_D2_scale': 1.7798572599712879, 'b_bulk_scale': 0.08362310450253899, 'b_dislocation_scale': 0.07782536667933843, 'gb_scale': 1.835800692562061, 'gd_bubble_scale': 8.281586929124456, 'gd_line_scale': 3.4409472331710433, 'gd_line_alpha': 0.276162334098935, 'coalescence_d_scale': 0.2813664811118021, 'capture_scale': 6.524604926068128}. Best is trial 116 with value: 1.868175213579544.
[I 2026-05-02 19:06:59,765] Trial 175 finished with value: 2.057518134240044 and parameters: {'f_n': 1.5172620135872139e-06, 'K_d': 580690.375954322, 'rho_d': 9477290166515.094, 'fission_rate': 4.2810633150006845e+19, 'D2_xe_scale': 20.297694637538196, 'Dg_D1_scale': 0.5010185811960857, 'Dg_D3_scale': 3.9441021905584552, 'Dv_D1_scale': 0.32700156037944583, 'Dv_D2_scale': 1.7965837844528139, 'b_bulk_scale': 0.08367908937591188, 'b_dislocation_scale': 0.09198853364313861, 'gb_scale': 1.547982846392006, 'gd_bubble_scale': 8.160626475684817, 'gd_line_scale': 2.497190686380014, 'gd_line_alpha': 0.27772350160517145, 'coalescence_d_scale': 0.2957320302452961, 'capture_scale': 6.5662277097962765}. Best is trial 116 with value: 1.868175213579544.
[I 2026-05-02 19:07:06,276] Trial 176 finished with value: 2.1980827975155024 and parameters: {'f_n': 2.8409431703302424e-06, 'K_d': 692977.5125490049, 'rho_d': 8887361811946.814, 'fission_rate': 4.2535511660537315e+19, 'D2_xe_scale': 27.2548945712455, 'Dg_D1_scale': 0.4668324951331833, 'Dg_D3_scale': 3.6102621408750446, 'Dv_D1_scale': 0.3659376760008812, 'Dv_D2_scale': 1.7709442288193193, 'b_bulk_scale': 0.0895759148517835, 'b_dislocation_scale': 0.08051379787354945, 'gb_scale': 1.3925252786995306, 'gd_bubble_scale': 8.042782219334054, 'gd_line_scale': 1.834234190131491, 'gd_line_alpha': 0.3083467664171714, 'coalescence_d_scale': 0.4404596585164272, 'capture_scale': 7.979839183602261}. Best is trial 116 with value: 1.868175213579544.
[I 2026-05-02 19:07:12,573] Trial 177 finished with value: 1.9245144989914384 and parameters: {'f_n': 2.01367163518828e-06, 'K_d': 736206.8541173362, 'rho_d': 9445678808806.809, 'fission_rate': 4.385590944167276e+19, 'D2_xe_scale': 23.53651105300475, 'Dg_D1_scale': 0.5360872206406229, 'Dg_D3_scale': 3.7848602887626925, 'Dv_D1_scale': 0.35119220117123834, 'Dv_D2_scale': 1.6233503176662039, 'b_bulk_scale': 0.10811683609836004, 'b_dislocation_scale': 0.06259259712950943, 'gb_scale': 1.6436786483699415, 'gd_bubble_scale': 8.466283610084586, 'gd_line_scale': 2.420081259976092, 'gd_line_alpha': 0.3326805466731388, 'coalescence_d_scale': 0.2734228628273402, 'capture_scale': 6.522093530166779}. Best is trial 116 with value: 1.868175213579544.
[I 2026-05-02 19:07:18,900] Trial 178 finished with value: 1.9754790748587476 and parameters: {'f_n': 1.8355723387110836e-06, 'K_d': 739428.5240935668, 'rho_d': 9553648390406.309, 'fission_rate': 4.382869318973957e+19, 'D2_xe_scale': 36.90186934352628, 'Dg_D1_scale': 0.5694571572411016, 'Dg_D3_scale': 3.7901561811940114, 'Dv_D1_scale': 0.3360878797488708, 'Dv_D2_scale': 1.6635330147074674, 'b_bulk_scale': 0.10986869523403181, 'b_dislocation_scale': 0.06130997586631777, 'gb_scale': 1.5858717959989095, 'gd_bubble_scale': 7.652892872710431, 'gd_line_scale': 3.197782437667047, 'gd_line_alpha': 0.3281043266396214, 'coalescence_d_scale': 0.2718217410967939, 'capture_scale': 6.4959234806928094}. Best is trial 116 with value: 1.868175213579544.Best trial: 116. Best value: 1.86818:  12%|█▏        | 178/1500 [14:30<2:17:24,  6.24s/it]Best trial: 116. Best value: 1.86818:  12%|█▏        | 178/1500 [14:30<2:17:24,  6.24s/it]Best trial: 116. Best value: 1.86818:  12%|█▏        | 179/1500 [14:30<2:17:54,  6.26s/it]                                                                                          Best trial: 116. Best value: 1.86818:  12%|█▏        | 179/1500 [14:35<2:17:54,  6.26s/it]Best trial: 116. Best value: 1.86818:  12%|█▏        | 179/1500 [14:35<2:17:54,  6.26s/it]Best trial: 116. Best value: 1.86818:  12%|█▏        | 180/1500 [14:35<2:08:26,  5.84s/it]                                                                                          Best trial: 116. Best value: 1.86818:  12%|█▏        | 180/1500 [14:42<2:08:26,  5.84s/it]Best trial: 116. Best value: 1.86818:  12%|█▏        | 180/1500 [14:42<2:08:26,  5.84s/it]Best trial: 116. Best value: 1.86818:  12%|█▏        | 181/1500 [14:42<2:14:36,  6.12s/it]                                                                                          Best trial: 116. Best value: 1.86818:  12%|█▏        | 181/1500 [14:48<2:14:36,  6.12s/it]Best trial: 116. Best value: 1.86818:  12%|█▏        | 181/1500 [14:48<2:14:36,  6.12s/it]Best trial: 116. Best value: 1.86818:  12%|█▏        | 182/1500 [14:48<2:15:44,  6.18s/it]                                                                                          Best trial: 116. Best value: 1.86818:  12%|█▏        | 182/1500 [14:55<2:15:44,  6.18s/it]Best trial: 116. Best value: 1.86818:  12%|█▏        | 182/1500 [14:55<2:15:44,  6.18s/it]Best trial: 116. Best value: 1.86818:  12%|█▏        | 183/1500 [14:55<2:18:27,  6.31s/it]                                                                                          Best trial: 116. Best value: 1.86818:  12%|█▏        | 183/1500 [15:01<2:18:27,  6.31s/it]Best trial: 116. Best value: 1.86818:  12%|█▏        | 183/1500 [15:01<2:18:27,  6.31s/it]Best trial: 116. Best value: 1.86818:  12%|█▏        | 184/1500 [15:01<2:18:58,  6.34s/it]                                                                                          Best trial: 116. Best value: 1.86818:  12%|█▏        | 184/1500 [15:06<2:18:58,  6.34s/it]Best trial: 116. Best value: 1.86818:  12%|█▏        | 184/1500 [15:06<2:18:58,  6.34s/it]Best trial: 116. Best value: 1.86818:  12%|█▏        | 185/1500 [15:06<2:10:02,  5.93s/it]                                                                                          Best trial: 116. Best value: 1.86818:  12%|█▏        | 185/1500 [15:12<2:10:02,  5.93s/it]Best trial: 116. Best value: 1.86818:  12%|█▏        | 185/1500 [15:12<2:10:02,  5.93s/it]Best trial: 116. Best value: 1.86818:  12%|█▏        | 186/1500 [15:12<2:13:28,  6.09s/it]                                                                                          Best trial: 116. Best value: 1.86818:  12%|█▏        | 186/1500 [15:19<2:13:28,  6.09s/it]Best trial: 116. Best value: 1.86818:  12%|█▏        | 186/1500 [15:19<2:13:28,  6.09s/it]Best trial: 116. Best value: 1.86818:  12%|█▏        | 187/1500 [15:19<2:15:19,  6.18s/it]                                                                                          Best trial: 116. Best value: 1.86818:  12%|█▏        | 187/1500 [15:26<2:15:19,  6.18s/it]Best trial: 116. Best value: 1.86818:  12%|█▏        | 187/1500 [15:26<2:15:19,  6.18s/it]Best trial: 116. Best value: 1.86818:  13%|█▎        | 188/1500 [15:26<2:19:06,  6.36s/it]                                                                                          Best trial: 116. Best value: 1.86818:  13%|█▎        | 188/1500 [15:31<2:19:06,  6.36s/it]Best trial: 116. Best value: 1.86818:  13%|█▎        | 188/1500 [15:31<2:19:06,  6.36s/it]Best trial: 116. Best value: 1.86818:  13%|█▎        | 189/1500 [15:31<2:11:16,  6.01s/it]                                                                                          
[I 2026-05-02 19:07:23,744] Trial 179 finished with value: 2.0155902161234813 and parameters: {'f_n': 1.458181621959229e-06, 'K_d': 755467.384919472, 'rho_d': 11082917727622.2, 'fission_rate': 4.329335520732443e+19, 'D2_xe_scale': 22.63558893811917, 'Dg_D1_scale': 0.6231702993159216, 'Dg_D3_scale': 3.492993910880707, 'Dv_D1_scale': 0.4267403058807377, 'Dv_D2_scale': 1.3847367272457374, 'b_bulk_scale': 0.09659172750495915, 'b_dislocation_scale': 0.07584799521488064, 'gb_scale': 1.8622782829751259, 'gd_bubble_scale': 8.800044294956438, 'gd_line_scale': 2.878317160640026, 'gd_line_alpha': 0.3684129872014035, 'coalescence_d_scale': 0.3241230614566504, 'capture_scale': 6.314065355006229}. Best is trial 116 with value: 1.868175213579544.
[I 2026-05-02 19:07:30,531] Trial 180 finished with value: 2.1691571223236386 and parameters: {'f_n': 2.199057291698384e-06, 'K_d': 628809.7081363944, 'rho_d': 9525550478383.025, 'fission_rate': 4.104483978880277e+19, 'D2_xe_scale': 18.939177104443235, 'Dg_D1_scale': 0.5255156674034651, 'Dg_D3_scale': 3.9772246745945252, 'Dv_D1_scale': 0.3935989631963915, 'Dv_D2_scale': 1.8769084630555477, 'b_bulk_scale': 0.07812382973089922, 'b_dislocation_scale': 0.09948102998466016, 'gb_scale': 1.347801844434787, 'gd_bubble_scale': 8.173809312295479, 'gd_line_scale': 2.2898705852789205, 'gd_line_alpha': 0.22661339023042756, 'coalescence_d_scale': 0.2851196185842676, 'capture_scale': 6.965294189230609}. Best is trial 116 with value: 1.868175213579544.
[I 2026-05-02 19:07:36,842] Trial 181 finished with value: 1.9702386990778897 and parameters: {'f_n': 1.9363163490709215e-06, 'K_d': 729262.3330132462, 'rho_d': 9613757226387.93, 'fission_rate': 4.364279705384744e+19, 'D2_xe_scale': 30.577088615591656, 'Dg_D1_scale': 0.5646179631818562, 'Dg_D3_scale': 3.736523446505052, 'Dv_D1_scale': 0.3450019463233588, 'Dv_D2_scale': 1.6041016211814536, 'b_bulk_scale': 0.1095824059125463, 'b_dislocation_scale': 0.06284435808023464, 'gb_scale': 1.5821326422747963, 'gd_bubble_scale': 7.325524630046851, 'gd_line_scale': 3.446487251152104, 'gd_line_alpha': 0.34148695263145423, 'coalescence_d_scale': 0.27172902556595835, 'capture_scale': 6.595462037788566}. Best is trial 116 with value: 1.868175213579544.
[I 2026-05-02 19:07:43,448] Trial 182 finished with value: 2.152543413693481 and parameters: {'f_n': 1.7682039757931464e-06, 'K_d': 720761.6102241382, 'rho_d': 10054948825319.246, 'fission_rate': 4.212136225618202e+19, 'D2_xe_scale': 25.347787522650428, 'Dg_D1_scale': 0.5203755097248105, 'Dg_D3_scale': 3.2878539286827175, 'Dv_D1_scale': 0.35495976271308355, 'Dv_D2_scale': 1.5715448807799488, 'b_bulk_scale': 0.10787715871313981, 'b_dislocation_scale': 0.06390593193016073, 'gb_scale': 1.6430237226299849, 'gd_bubble_scale': 9.043274718714011, 'gd_line_scale': 3.6629363788743823, 'gd_line_alpha': 0.30133814858430064, 'coalescence_d_scale': 0.4055083229858091, 'capture_scale': 7.930024662742464}. Best is trial 116 with value: 1.868175213579544.
[I 2026-05-02 19:07:49,854] Trial 183 finished with value: 2.1574100035305377 and parameters: {'f_n': 2.4931668474152344e-06, 'K_d': 794354.2001795914, 'rho_d': 11503762509254.809, 'fission_rate': 4.327462110963568e+19, 'D2_xe_scale': 31.000445074596144, 'Dg_D1_scale': 0.47935206297101834, 'Dg_D3_scale': 3.5638034915662673, 'Dv_D1_scale': 0.3170932665328826, 'Dv_D2_scale': 1.2675434816814406, 'b_bulk_scale': 0.12280385991604997, 'b_dislocation_scale': 0.08710779383585344, 'gb_scale': 1.4489683464467142, 'gd_bubble_scale': 7.449377385591534, 'gd_line_scale': 5.442032151859319, 'gd_line_alpha': 0.33717944262153693, 'coalescence_d_scale': 0.2585504796746557, 'capture_scale': 6.4811872659702665}. Best is trial 116 with value: 1.868175213579544.
[I 2026-05-02 19:07:54,848] Trial 184 finished with value: 1.9607854285493718 and parameters: {'f_n': 1.3439275561213417e-06, 'K_d': 669246.8295120847, 'rho_d': 9098073391610.924, 'fission_rate': 4.193258915545781e+19, 'D2_xe_scale': 23.002441874414654, 'Dg_D1_scale': 0.5899868316396517, 'Dg_D3_scale': 3.9875818139513437, 'Dv_D1_scale': 0.3397356765682231, 'Dv_D2_scale': 1.7218858162279402, 'b_bulk_scale': 0.0894519316546802, 'b_dislocation_scale': 0.07695042624205115, 'gb_scale': 1.881986713028186, 'gd_bubble_scale': 8.051462851633387, 'gd_line_scale': 4.8031718515104895, 'gd_line_alpha': 0.26998164884228815, 'coalescence_d_scale': 0.2952802396284253, 'capture_scale': 6.988895794543383}. Best is trial 116 with value: 1.868175213579544.
