[I 2026-05-02 20:20:31,519] Trial 1102 finished with value: 3.404142674761629 and parameters: {'f_n': 3.936812260308805e-07, 'K_d': 657233.1611152568, 'rho_d': 32563583137696.406, 'fission_rate': 6.139944338663119e+19, 'D2_xe_scale': 0.04782988023370462, 'Dg_D1_scale': 0.17098611849671697, 'Dg_D3_scale': 2.8382131648848556, 'Dv_D1_scale': 0.2581407559504249, 'Dv_D2_scale': 3.990318538031782, 'b_bulk_scale': 0.4600859572396397, 'b_dislocation_scale': 0.19915046479255172, 'gb_scale': 6.079461153481278, 'gd_bubble_scale': 8.147741899150382, 'gd_line_scale': 9.878282630294054, 'gd_line_alpha': 0.6550299206990746, 'coalescence_d_scale': 0.495605851383839, 'capture_scale': 7.209145889551654}. Best is trial 925 with value: 1.7463781355085592.Best trial: 925. Best value: 1.74638:  73%|███████▎  | 1102/1500 [1:27:43<29:11,  4.40s/it]Best trial: 925. Best value: 1.74638:  73%|███████▎  | 1102/1500 [1:27:43<29:11,  4.40s/it]Best trial: 925. Best value: 1.74638:  74%|███████▎  | 1103/1500 [1:27:43<30:07,  4.55s/it]                                                                                           Best trial: 925. Best value: 1.74638:  74%|███████▎  | 1103/1500 [1:27:47<30:07,  4.55s/it]Best trial: 925. Best value: 1.74638:  74%|███████▎  | 1103/1500 [1:27:48<30:07,  4.55s/it]Best trial: 925. Best value: 1.74638:  74%|███████▎  | 1104/1500 [1:27:48<30:29,  4.62s/it]                                                                                           Best trial: 925. Best value: 1.74638:  74%|███████▎  | 1104/1500 [1:27:52<30:29,  4.62s/it]Best trial: 925. Best value: 1.74638:  74%|███████▎  | 1104/1500 [1:27:52<30:29,  4.62s/it]Best trial: 925. Best value: 1.74638:  74%|███████▎  | 1105/1500 [1:27:52<30:35,  4.65s/it]                                                                                           Best trial: 925. Best value: 1.74638:  74%|███████▎  | 1105/1500 [1:27:57<30:35,  4.65s/it]Best trial: 925. Best value: 1.74638:  74%|███████▎  | 1105/1500 [1:27:57<30:35,  4.65s/it]Best trial: 925. Best value: 1.74638:  74%|███████▎  | 1106/1500 [1:27:57<30:48,  4.69s/it]                                                                                           Best trial: 925. Best value: 1.74638:  74%|███████▎  | 1106/1500 [1:28:02<30:48,  4.69s/it]Best trial: 925. Best value: 1.74638:  74%|███████▎  | 1106/1500 [1:28:02<30:48,  4.69s/it]Best trial: 925. Best value: 1.74638:  74%|███████▍  | 1107/1500 [1:28:02<30:46,  4.70s/it]                                                                                           Best trial: 925. Best value: 1.74638:  74%|███████▍  | 1107/1500 [1:28:05<30:46,  4.70s/it]Best trial: 925. Best value: 1.74638:  74%|███████▍  | 1107/1500 [1:28:05<30:46,  4.70s/it]Best trial: 925. Best value: 1.74638:  74%|███████▍  | 1108/1500 [1:28:05<27:35,  4.22s/it]                                                                                           Best trial: 925. Best value: 1.74638:  74%|███████▍  | 1108/1500 [1:28:10<27:35,  4.22s/it]Best trial: 925. Best value: 1.74638:  74%|███████▍  | 1108/1500 [1:28:10<27:35,  4.22s/it]Best trial: 925. Best value: 1.74638:  74%|███████▍  | 1109/1500 [1:28:10<28:37,  4.39s/it]                                                                                           Best trial: 925. Best value: 1.74638:  74%|███████▍  | 1109/1500 [1:28:14<28:37,  4.39s/it]Best trial: 925. Best value: 1.74638:  74%|███████▍  | 1109/1500 [1:28:14<28:37,  4.39s/it]Best trial: 925. Best value: 1.74638:  74%|███████▍  | 1110/1500 [1:28:14<29:06,  4.48s/it]                                                                                           Best trial: 925. Best value: 1.74638:  74%|███████▍  | 1110/1500 [1:28:19<29:06,  4.48s/it]Best trial: 925. Best value: 1.74638:  74%|███████▍  | 1110/1500 [1:28:19<29:06,  4.48s/it]Best trial: 925. Best value: 1.74638:  74%|███████▍  | 1111/1500 [1:28:19<29:47,  4.60s/it]                                                                                           Best trial: 925. Best value: 1.74638:  74%|███████▍  | 1111/1500 [1:28:24<29:47,  4.60s/it]Best trial: 925. Best value: 1.74638:  74%|███████▍  | 1111/1500 [1:28:24<29:47,  4.60s/it]Best trial: 925. Best value: 1.74638:  74%|███████▍  | 1112/1500 [1:28:24<30:11,  4.67s/it]                                                                                           Best trial: 925. Best value: 1.74638:  74%|███████▍  | 1112/1500 [1:28:29<30:11,  4.67s/it]Best trial: 925. Best value: 1.74638:  74%|███████▍  | 1112/1500 [1:28:29<30:11,  4.67s/it]Best trial: 925. Best value: 1.74638:  74%|███████▍  | 1113/1500 [1:28:29<30:20,  4.70s/it]                                                                                           
[I 2026-05-02 20:20:36,307] Trial 1103 finished with value: 1.7598548394493168 and parameters: {'f_n': 8.673608662233754e-07, 'K_d': 655541.5815471275, 'rho_d': 9872061302703.453, 'fission_rate': 6.301474516747481e+19, 'D2_xe_scale': 0.034087448974537374, 'Dg_D1_scale': 0.17186593414460002, 'Dg_D3_scale': 2.560426201870509, 'Dv_D1_scale': 0.30321794840726424, 'Dv_D2_scale': 3.993482568220746, 'b_bulk_scale': 0.49898373390182216, 'b_dislocation_scale': 0.1645263777606116, 'gb_scale': 5.261287923758043, 'gd_bubble_scale': 7.6651041838339475, 'gd_line_scale': 9.08027433638847, 'gd_line_alpha': 0.5904689802364854, 'coalescence_d_scale': 0.38992883034098497, 'capture_scale': 7.947728977195785}. Best is trial 925 with value: 1.7463781355085592.
[I 2026-05-02 20:20:41,039] Trial 1104 finished with value: 1.7844538511866381 and parameters: {'f_n': 9.230531585035359e-07, 'K_d': 641739.8379131771, 'rho_d': 9435503672590.354, 'fission_rate': 6.267409440858293e+19, 'D2_xe_scale': 0.03588855849199134, 'Dg_D1_scale': 0.19185110160107938, 'Dg_D3_scale': 2.427485129569216, 'Dv_D1_scale': 0.3128206953257144, 'Dv_D2_scale': 3.8067836081142934, 'b_bulk_scale': 0.5396179918858809, 'b_dislocation_scale': 0.18417276652388934, 'gb_scale': 5.135848077173293, 'gd_bubble_scale': 9.198866801436088, 'gd_line_scale': 9.171961336311735, 'gd_line_alpha': 0.6289676960311572, 'coalescence_d_scale': 0.4221025716644504, 'capture_scale': 7.920855210482976}. Best is trial 925 with value: 1.7463781355085592.
[I 2026-05-02 20:20:45,831] Trial 1105 finished with value: 3.138205778668106 and parameters: {'f_n': 9.046478862237589e-07, 'K_d': 619462.0242526396, 'rho_d': 8271111216989.247, 'fission_rate': 6.190205137212272e+19, 'D2_xe_scale': 0.03187193196104867, 'Dg_D1_scale': 1.1234813031949005, 'Dg_D3_scale': 2.5088000927125678, 'Dv_D1_scale': 0.3213566256611016, 'Dv_D2_scale': 3.7865632714966817, 'b_bulk_scale': 0.5656496245307077, 'b_dislocation_scale': 0.20921728623319885, 'gb_scale': 0.2334549758292245, 'gd_bubble_scale': 8.1652856648543, 'gd_line_scale': 9.153518809982499, 'gd_line_alpha': 0.597895686553688, 'coalescence_d_scale': 0.3901748468059174, 'capture_scale': 7.971109274162584}. Best is trial 925 with value: 1.7463781355085592.
[I 2026-05-02 20:20:50,548] Trial 1106 finished with value: 1.7645677767770316 and parameters: {'f_n': 8.514350069899833e-07, 'K_d': 648158.8833891432, 'rho_d': 9472218681341.375, 'fission_rate': 6.296906562587656e+19, 'D2_xe_scale': 0.05569377452403151, 'Dg_D1_scale': 0.1819998072502521, 'Dg_D3_scale': 2.4206206049011527, 'Dv_D1_scale': 0.3021568087891064, 'Dv_D2_scale': 3.999545640557892, 'b_bulk_scale': 0.4693111517178375, 'b_dislocation_scale': 0.1675316183963028, 'gb_scale': 5.051764756499822, 'gd_bubble_scale': 9.190423657124851, 'gd_line_scale': 9.747263104238355, 'gd_line_alpha': 0.6160018558589443, 'coalescence_d_scale': 0.43738308015565636, 'capture_scale': 7.213808334904117}. Best is trial 925 with value: 1.7463781355085592.
[I 2026-05-02 20:20:53,662] Trial 1107 finished with value: 2.0457618756369618 and parameters: {'f_n': 7.625264624192211e-07, 'K_d': 622168.8587929815, 'rho_d': 8561228981598.911, 'fission_rate': 6.2096544939808014e+19, 'D2_xe_scale': 0.04136554428137768, 'Dg_D1_scale': 0.19431102703437472, 'Dg_D3_scale': 0.7348476396557745, 'Dv_D1_scale': 0.333033039751168, 'Dv_D2_scale': 3.992413908053724, 'b_bulk_scale': 0.4816155691862405, 'b_dislocation_scale': 0.1698119803291974, 'gb_scale': 5.463701807797023, 'gd_bubble_scale': 7.667874499183333, 'gd_line_scale': 8.57628539643248, 'gd_line_alpha': 0.5873513763062005, 'coalescence_d_scale': 0.40284971667257014, 'capture_scale': 7.116604765949256}. Best is trial 925 with value: 1.7463781355085592.
[I 2026-05-02 20:20:58,455] Trial 1108 finished with value: 2.520195426859311 and parameters: {'f_n': 1.8397740893529812e-08, 'K_d': 638909.8103641873, 'rho_d': 9871786544997.111, 'fission_rate': 6.101696905115789e+19, 'D2_xe_scale': 0.03457837732373854, 'Dg_D1_scale': 0.1736505577203856, 'Dg_D3_scale': 2.5909310645618064, 'Dv_D1_scale': 0.2967082642223661, 'Dv_D2_scale': 3.995563195905632, 'b_bulk_scale': 0.5052923992685486, 'b_dislocation_scale': 0.23120648834042554, 'gb_scale': 4.99477729518566, 'gd_bubble_scale': 9.075316394068661, 'gd_line_scale': 9.966892616627122, 'gd_line_alpha': 0.5644516032390257, 'coalescence_d_scale': 0.4550838621547065, 'capture_scale': 7.976409509453938}. Best is trial 925 with value: 1.7463781355085592.
[I 2026-05-02 20:21:03,130] Trial 1109 finished with value: 1.8384304708157482 and parameters: {'f_n': 6.946449613972125e-07, 'K_d': 637070.9461561824, 'rho_d': 9945789076004.37, 'fission_rate': 6.292219004377037e+19, 'D2_xe_scale': 0.0433051923702186, 'Dg_D1_scale': 0.18167253245181192, 'Dg_D3_scale': 2.756564851693446, 'Dv_D1_scale': 0.3190339607429415, 'Dv_D2_scale': 3.6121290396166437, 'b_bulk_scale': 0.4239524447918848, 'b_dislocation_scale': 0.1926790279106806, 'gb_scale': 5.760055423433821, 'gd_bubble_scale': 8.337178801447164, 'gd_line_scale': 9.16718369859433, 'gd_line_alpha': 0.6025489819311632, 'coalescence_d_scale': 0.5066143964585856, 'capture_scale': 7.967899091091333}. Best is trial 925 with value: 1.7463781355085592.
[I 2026-05-02 20:21:07,995] Trial 1110 finished with value: 3.751765839041814 and parameters: {'f_n': 6.299797380077224e-07, 'K_d': 680052.5516092307, 'rho_d': 8912051294468.81, 'fission_rate': 6.316962916875432e+19, 'D2_xe_scale': 0.06545286900484208, 'Dg_D1_scale': 0.1719667502215315, 'Dg_D3_scale': 2.4746072182910517, 'Dv_D1_scale': 0.2973162923454557, 'Dv_D2_scale': 3.99932470605863, 'b_bulk_scale': 0.59636915938894, 'b_dislocation_scale': 0.16376189270005076, 'gb_scale': 0.09213617468388025, 'gd_bubble_scale': 7.752135625043611, 'gd_line_scale': 9.980721370011686, 'gd_line_alpha': 0.5912802144731345, 'coalescence_d_scale': 0.3887463337974536, 'capture_scale': 6.351233305800295}. Best is trial 925 with value: 1.7463781355085592.
[I 2026-05-02 20:21:12,825] Trial 1111 finished with value: 3.4116408810361056 and parameters: {'f_n': 8.7752352249885e-07, 'K_d': 687440.9841912923, 'rho_d': 8851809515434.805, 'fission_rate': 6.151710000535801e+19, 'D2_xe_scale': 0.10142561128612482, 'Dg_D1_scale': 0.1938029780653824, 'Dg_D3_scale': 2.315375840970592, 'Dv_D1_scale': 0.33716430664858194, 'Dv_D2_scale': 3.555658293148454, 'b_bulk_scale': 0.4991938500917301, 'b_dislocation_scale': 0.17867010811652573, 'gb_scale': 0.17421709396046248, 'gd_bubble_scale': 9.018867727768153, 'gd_line_scale': 8.735706249094283, 'gd_line_alpha': 0.5811087786751596, 'coalescence_d_scale': 0.4425412876843611, 'capture_scale': 7.998771059382521}. Best is trial 925 with value: 1.7463781355085592.
[I 2026-05-02 20:21:17,622] Trial 1112 finished with value: 1.8529973965577657 and parameters: {'f_n': 7.046662213876001e-07, 'K_d': 697747.0198399021, 'rho_d': 9865237410860.81, 'fission_rate': 6.211152175749286e+19, 'D2_xe_scale': 0.05041602499304029, 'Dg_D1_scale': 0.16911611419086098, 'Dg_D3_scale': 2.625530353308417, 'Dv_D1_scale': 0.28727490379893883, 'Dv_D2_scale': 3.6426078482753312, 'b_bulk_scale': 0.7382260076475279, 'b_dislocation_scale': 0.1667383440651719, 'gb_scale': 5.41161463629343, 'gd_bubble_scale': 7.594936652176809, 'gd_line_scale': 9.92602908636377, 'gd_line_alpha': 0.5594694434192847, 'coalescence_d_scale': 0.505125800988978, 'capture_scale': 5.847436827464984}. Best is trial 925 with value: 1.7463781355085592.
[I 2026-05-02 20:21:22,400] Trial 1113 finished with value: 1.7760109630373873 and parameters: {'f_n': 9.02554434141133e-07, 'K_d': 642725.5918736559, 'rho_d': 10272288354364.754, 'fission_rate': 6.311268725422854e+19, 'D2_xe_scale': 0.03286069201456227, 'Dg_D1_scale': 0.17868094038830368, 'Dg_D3_scale': 2.919843885875265, 'Dv_D1_scale': 0.315061531957271, 'Dv_D2_scale': 3.7949105550592988, 'b_bulk_scale': 0.5328075808644089, 'b_dislocation_scale': 0.1621619362693708, 'gb_scale': 5.077509907853558, 'gd_bubble_scale': 8.313874941502117, 'gd_line_scale': 8.706354845878355, 'gd_line_alpha': 0.6175297344507084, 'coalescence_d_scale': 0.39946982072055126, 'capture_scale': 6.794210928818403}. Best is trial 925 with value: 1.7463781355085592.Best trial: 925. Best value: 1.74638:  74%|███████▍  | 1113/1500 [1:28:33<30:20,  4.70s/it]Best trial: 925. Best value: 1.74638:  74%|███████▍  | 1113/1500 [1:28:34<30:20,  4.70s/it]Best trial: 925. Best value: 1.74638:  74%|███████▍  | 1114/1500 [1:28:34<30:25,  4.73s/it]                                                                                           Best trial: 925. Best value: 1.74638:  74%|███████▍  | 1114/1500 [1:28:37<30:25,  4.73s/it]Best trial: 925. Best value: 1.74638:  74%|███████▍  | 1114/1500 [1:28:37<30:25,  4.73s/it]Best trial: 925. Best value: 1.74638:  74%|███████▍  | 1115/1500 [1:28:37<27:29,  4.28s/it]                                                                                           Best trial: 925. Best value: 1.74638:  74%|███████▍  | 1115/1500 [1:28:41<27:29,  4.28s/it]Best trial: 925. Best value: 1.74638:  74%|███████▍  | 1115/1500 [1:28:42<27:29,  4.28s/it]Best trial: 925. Best value: 1.74638:  74%|███████▍  | 1116/1500 [1:28:42<28:06,  4.39s/it]                                                                                           Best trial: 925. Best value: 1.74638:  74%|███████▍  | 1116/1500 [1:28:46<28:06,  4.39s/it]Best trial: 925. Best value: 1.74638:  74%|███████▍  | 1116/1500 [1:28:46<28:06,  4.39s/it]Best trial: 925. Best value: 1.74638:  74%|███████▍  | 1117/1500 [1:28:46<28:35,  4.48s/it]                                                                                           Best trial: 925. Best value: 1.74638:  74%|███████▍  | 1117/1500 [1:28:51<28:35,  4.48s/it]Best trial: 925. Best value: 1.74638:  74%|███████▍  | 1117/1500 [1:28:51<28:35,  4.48s/it]Best trial: 925. Best value: 1.74638:  75%|███████▍  | 1118/1500 [1:28:51<29:07,  4.57s/it]                                                                                           Best trial: 925. Best value: 1.74638:  75%|███████▍  | 1118/1500 [1:28:56<29:07,  4.57s/it]Best trial: 925. Best value: 1.74638:  75%|███████▍  | 1118/1500 [1:28:56<29:07,  4.57s/it]Best trial: 925. Best value: 1.74638:  75%|███████▍  | 1119/1500 [1:28:56<29:17,  4.61s/it]                                                                                           Best trial: 925. Best value: 1.74638:  75%|███████▍  | 1119/1500 [1:29:00<29:17,  4.61s/it]Best trial: 925. Best value: 1.74638:  75%|███████▍  | 1119/1500 [1:29:00<29:17,  4.61s/it]Best trial: 925. Best value: 1.74638:  75%|███████▍  | 1120/1500 [1:29:00<29:17,  4.62s/it]                                                                                           Best trial: 925. Best value: 1.74638:  75%|███████▍  | 1120/1500 [1:29:05<29:17,  4.62s/it]Best trial: 925. Best value: 1.74638:  75%|███████▍  | 1120/1500 [1:29:05<29:17,  4.62s/it]Best trial: 925. Best value: 1.74638:  75%|███████▍  | 1121/1500 [1:29:05<29:27,  4.66s/it]                                                                                           Best trial: 925. Best value: 1.74638:  75%|███████▍  | 1121/1500 [1:29:08<29:27,  4.66s/it]Best trial: 925. Best value: 1.74638:  75%|███████▍  | 1121/1500 [1:29:08<29:27,  4.66s/it]Best trial: 925. Best value: 1.74638:  75%|███████▍  | 1122/1500 [1:29:08<26:11,  4.16s/it]                                                                                           Best trial: 925. Best value: 1.74638:  75%|███████▍  | 1122/1500 [1:29:13<26:11,  4.16s/it]Best trial: 925. Best value: 1.74638:  75%|███████▍  | 1122/1500 [1:29:13<26:11,  4.16s/it]Best trial: 925. Best value: 1.74638:  75%|███████▍  | 1123/1500 [1:29:13<27:27,  4.37s/it]                                                                                           Best trial: 925. Best value: 1.74638:  75%|███████▍  | 1123/1500 [1:29:18<27:27,  4.37s/it]Best trial: 925. Best value: 1.74638:  75%|███████▍  | 1123/1500 [1:29:18<27:27,  4.37s/it]Best trial: 925. Best value: 1.74638:  75%|███████▍  | 1124/1500 [1:29:18<28:02,  4.47s/it]                                                                                           
[I 2026-05-02 20:21:25,648] Trial 1114 finished with value: 3.48375343732868 and parameters: {'f_n': 5.764441853627434e-07, 'K_d': 701795.5760962451, 'rho_d': 10086358968532.906, 'fission_rate': 6.107548190863888e+19, 'D2_xe_scale': 0.04130870424299321, 'Dg_D1_scale': 0.16733747182587502, 'Dg_D3_scale': 2.326344244381379, 'Dv_D1_scale': 0.35197350094380425, 'Dv_D2_scale': 3.794906344285582, 'b_bulk_scale': 0.4110011865104976, 'b_dislocation_scale': 0.1945005941999983, 'gb_scale': 6.130817767523323, 'gd_bubble_scale': 8.926943690854182, 'gd_line_scale': 8.583576823520486, 'gd_line_alpha': 0.6474138654685876, 'coalescence_d_scale': 6.430820577604773, 'capture_scale': 5.982127787150698}. Best is trial 925 with value: 1.7463781355085592.
[I 2026-05-02 20:21:30,297] Trial 1115 finished with value: 3.353102869362799 and parameters: {'f_n': 7.63304490574969e-07, 'K_d': 635545.402872903, 'rho_d': 9542200638407.822, 'fission_rate': 6.236960165955235e+19, 'D2_xe_scale': 0.0312762382545306, 'Dg_D1_scale': 0.19621084041457418, 'Dg_D3_scale': 2.4858161581122675, 'Dv_D1_scale': 0.30416196820867986, 'Dv_D2_scale': 3.998418058024323, 'b_bulk_scale': 0.44462051740813524, 'b_dislocation_scale': 0.18071453263993467, 'gb_scale': 5.682248899151741, 'gd_bubble_scale': 9.991241595831456, 'gd_line_scale': 0.6805062042410671, 'gd_line_alpha': 0.5858999661574782, 'coalescence_d_scale': 0.45351808357049755, 'capture_scale': 7.103648159430897}. Best is trial 925 with value: 1.7463781355085592.
[I 2026-05-02 20:21:34,983] Trial 1116 finished with value: 1.8056239512184278 and parameters: {'f_n': 5.108025532631759e-07, 'K_d': 615445.9388430899, 'rho_d': 10282761735285.254, 'fission_rate': 6.32606964394456e+19, 'D2_xe_scale': 0.058870104616450064, 'Dg_D1_scale': 0.18483429513393818, 'Dg_D3_scale': 2.726642912080212, 'Dv_D1_scale': 0.28372426072870377, 'Dv_D2_scale': 3.4951920631695277, 'b_bulk_scale': 0.6659346833662529, 'b_dislocation_scale': 0.229354884483085, 'gb_scale': 6.396293561212554, 'gd_bubble_scale': 7.498953435689568, 'gd_line_scale': 9.953717647609446, 'gd_line_alpha': 0.5530887684067901, 'coalescence_d_scale': 0.5150535302624555, 'capture_scale': 5.691713046891889}. Best is trial 925 with value: 1.7463781355085592.
[I 2026-05-02 20:21:39,776] Trial 1117 finished with value: 3.0977405258290567 and parameters: {'f_n': 6.23200382884447e-07, 'K_d': 673180.0296820265, 'rho_d': 7639178360356.6045, 'fission_rate': 6.143926427449298e+19, 'D2_xe_scale': 0.04732314505847425, 'Dg_D1_scale': 2.7088647896939877, 'Dg_D3_scale': 2.3595000183355466, 'Dv_D1_scale': 0.32864769623047074, 'Dv_D2_scale': 3.6113864361219576, 'b_bulk_scale': 0.37879082733693403, 'b_dislocation_scale': 0.1586676798894327, 'gb_scale': 0.06702152036729025, 'gd_bubble_scale': 8.288502840228155, 'gd_line_scale': 0.050444292585371996, 'gd_line_alpha': 0.5718834508822734, 'coalescence_d_scale': 0.37635859820248513, 'capture_scale': 6.625968629562708}. Best is trial 925 with value: 1.7463781355085592.
[I 2026-05-02 20:21:44,485] Trial 1118 finished with value: 2.024779612939861 and parameters: {'f_n': 5.712442217309007e-07, 'K_d': 708022.7192887327, 'rho_d': 10087893703997.37, 'fission_rate': 6.223020231158328e+19, 'D2_xe_scale': 0.034972905358255375, 'Dg_D1_scale': 0.15921981322278492, 'Dg_D3_scale': 2.542188404310442, 'Dv_D1_scale': 0.2768850824895, 'Dv_D2_scale': 3.7994079151982647, 'b_bulk_scale': 0.41181433151402846, 'b_dislocation_scale': 0.16447904803622557, 'gb_scale': 5.084400121897629, 'gd_bubble_scale': 0.09055261279942177, 'gd_line_scale': 8.753503209111056, 'gd_line_alpha': 0.5920594721254315, 'coalescence_d_scale': 0.4378201239968994, 'capture_scale': 6.991838597591394}. Best is trial 925 with value: 1.7463781355085592.
[I 2026-05-02 20:21:49,137] Trial 1119 finished with value: 1.8909962148028263 and parameters: {'f_n': 7.687982732078227e-07, 'K_d': 714600.8866126613, 'rho_d': 10322989028495.178, 'fission_rate': 6.354061670598301e+19, 'D2_xe_scale': 0.028744491734244544, 'Dg_D1_scale': 0.17024504590212564, 'Dg_D3_scale': 0.3700132125844062, 'Dv_D1_scale': 0.3040796625136702, 'Dv_D2_scale': 3.991020234419949, 'b_bulk_scale': 0.5096260003827677, 'b_dislocation_scale': 0.17686085577153746, 'gb_scale': 5.671037203502105, 'gd_bubble_scale': 8.996790657739995, 'gd_line_scale': 9.950522034892032, 'gd_line_alpha': 0.6120844515357464, 'coalescence_d_scale': 0.48841081626039196, 'capture_scale': 5.7567509819125915}. Best is trial 925 with value: 1.7463781355085592.
