[I 2026-05-02 20:08:33,438] Trial 937 finished with value: 1.761209640134118 and parameters: {'f_n': 4.1915179506105344e-07, 'K_d': 746128.3570550419, 'rho_d': 11750846444081.824, 'fission_rate': 6.386390447600477e+19, 'D2_xe_scale': 0.010198657298204942, 'Dg_D1_scale': 0.1602383434770455, 'Dg_D3_scale': 2.65507628730218, 'Dv_D1_scale': 0.24934669096118633, 'Dv_D2_scale': 3.7652287823669464, 'b_bulk_scale': 0.354142965324553, 'b_dislocation_scale': 0.14418010414061647, 'gb_scale': 6.6287899366481176, 'gd_bubble_scale': 6.826418731323834, 'gd_line_scale': 7.495214935304025, 'gd_line_alpha': 0.5036173332947174, 'coalescence_d_scale': 0.31683337302532927, 'capture_scale': 6.503497329472239}. Best is trial 925 with value: 1.7463781355085592.Best trial: 925. Best value: 1.74638:  62%|██████▏   | 937/1500 [1:15:45<41:46,  4.45s/it]Best trial: 925. Best value: 1.74638:  62%|██████▏   | 937/1500 [1:15:45<41:46,  4.45s/it]Best trial: 925. Best value: 1.74638:  63%|██████▎   | 938/1500 [1:15:45<41:55,  4.48s/it]                                                                                          Best trial: 925. Best value: 1.74638:  63%|██████▎   | 938/1500 [1:15:47<41:55,  4.48s/it]Best trial: 925. Best value: 1.74638:  63%|██████▎   | 938/1500 [1:15:48<41:55,  4.48s/it]Best trial: 925. Best value: 1.74638:  63%|██████▎   | 939/1500 [1:15:48<37:36,  4.02s/it]                                                                                          Best trial: 925. Best value: 1.74638:  63%|██████▎   | 939/1500 [1:15:52<37:36,  4.02s/it]Best trial: 925. Best value: 1.74638:  63%|██████▎   | 939/1500 [1:15:52<37:36,  4.02s/it]Best trial: 925. Best value: 1.74638:  63%|██████▎   | 940/1500 [1:15:52<39:49,  4.27s/it]                                                                                          Best trial: 925. Best value: 1.74638:  63%|██████▎   | 940/1500 [1:15:57<39:49,  4.27s/it]Best trial: 925. Best value: 1.74638:  63%|██████▎   | 940/1500 [1:15:57<39:49,  4.27s/it]Best trial: 925. Best value: 1.74638:  63%|██████▎   | 941/1500 [1:15:57<40:41,  4.37s/it]                                                                                          Best trial: 925. Best value: 1.74638:  63%|██████▎   | 941/1500 [1:16:01<40:41,  4.37s/it]Best trial: 925. Best value: 1.74638:  63%|██████▎   | 941/1500 [1:16:02<40:41,  4.37s/it]Best trial: 925. Best value: 1.74638:  63%|██████▎   | 942/1500 [1:16:02<41:10,  4.43s/it]                                                                                          Best trial: 925. Best value: 1.74638:  63%|██████▎   | 942/1500 [1:16:06<41:10,  4.43s/it]Best trial: 925. Best value: 1.74638:  63%|██████▎   | 942/1500 [1:16:06<41:10,  4.43s/it]Best trial: 925. Best value: 1.74638:  63%|██████▎   | 943/1500 [1:16:06<41:27,  4.47s/it]                                                                                          Best trial: 925. Best value: 1.74638:  63%|██████▎   | 943/1500 [1:16:10<41:27,  4.47s/it]Best trial: 925. Best value: 1.74638:  63%|██████▎   | 943/1500 [1:16:11<41:27,  4.47s/it]Best trial: 925. Best value: 1.74638:  63%|██████▎   | 944/1500 [1:16:11<41:16,  4.45s/it]                                                                                          Best trial: 925. Best value: 1.74638:  63%|██████▎   | 944/1500 [1:16:15<41:16,  4.45s/it]Best trial: 925. Best value: 1.74638:  63%|██████▎   | 944/1500 [1:16:15<41:16,  4.45s/it]Best trial: 925. Best value: 1.74638:  63%|██████▎   | 945/1500 [1:16:15<41:36,  4.50s/it]                                                                                          Best trial: 925. Best value: 1.74638:  63%|██████▎   | 945/1500 [1:16:18<41:36,  4.50s/it]Best trial: 925. Best value: 1.74638:  63%|██████▎   | 945/1500 [1:16:18<41:36,  4.50s/it]Best trial: 925. Best value: 1.74638:  63%|██████▎   | 946/1500 [1:16:18<37:03,  4.01s/it]                                                                                          Best trial: 925. Best value: 1.74638:  63%|██████▎   | 946/1500 [1:16:23<37:03,  4.01s/it]Best trial: 925. Best value: 1.74638:  63%|██████▎   | 946/1500 [1:16:23<37:03,  4.01s/it]Best trial: 925. Best value: 1.74638:  63%|██████▎   | 947/1500 [1:16:23<38:38,  4.19s/it]                                                                                          Best trial: 925. Best value: 1.74638:  63%|██████▎   | 947/1500 [1:16:27<38:38,  4.19s/it]Best trial: 925. Best value: 1.74638:  63%|██████▎   | 947/1500 [1:16:27<38:38,  4.19s/it]Best trial: 925. Best value: 1.74638:  63%|██████▎   | 948/1500 [1:16:27<39:50,  4.33s/it]                                                                                          
[I 2026-05-02 20:08:36,396] Trial 938 finished with value: 1.7567300082882695 and parameters: {'f_n': 3.6003189702375835e-07, 'K_d': 704855.7777741764, 'rho_d': 12370090024665.275, 'fission_rate': 6.281513630103604e+19, 'D2_xe_scale': 0.010047670577509443, 'Dg_D1_scale': 0.16674612852712434, 'Dg_D3_scale': 2.70550148970213, 'Dv_D1_scale': 0.2451657777072634, 'Dv_D2_scale': 3.7753319396593947, 'b_bulk_scale': 0.40547736405613427, 'b_dislocation_scale': 0.1651717118986747, 'gb_scale': 5.825255846249712, 'gd_bubble_scale': 6.210173567563147, 'gd_line_scale': 6.900667051216635, 'gd_line_alpha': 0.5186658796133387, 'coalescence_d_scale': 0.32249474566472386, 'capture_scale': 7.250733735477129}. Best is trial 925 with value: 1.7463781355085592.
[I 2026-05-02 20:08:41,244] Trial 939 finished with value: 3.465006688836564 and parameters: {'f_n': 2.6788960803770097e-07, 'K_d': 714084.7802383022, 'rho_d': 12392476848634.021, 'fission_rate': 6.294391676726913e+19, 'D2_xe_scale': 0.010112753381855305, 'Dg_D1_scale': 0.1685537389599392, 'Dg_D3_scale': 2.665128301959358, 'Dv_D1_scale': 0.23921835180813925, 'Dv_D2_scale': 3.7451583880578734, 'b_bulk_scale': 0.43716562806803644, 'b_dislocation_scale': 0.16148491399081155, 'gb_scale': 5.676665395357043, 'gd_bubble_scale': 6.197206623424568, 'gd_line_scale': 0.1943781185489629, 'gd_line_alpha': 0.5203195110255762, 'coalescence_d_scale': 0.2748521331503823, 'capture_scale': 7.858973025256158}. Best is trial 925 with value: 1.7463781355085592.
[I 2026-05-02 20:08:45,844] Trial 940 finished with value: 1.800872735334965 and parameters: {'f_n': 3.611787733214791e-07, 'K_d': 707840.6204825311, 'rho_d': 11874307484317.025, 'fission_rate': 6.218619862100327e+19, 'D2_xe_scale': 0.010014448584145333, 'Dg_D1_scale': 0.16531585820100358, 'Dg_D3_scale': 2.7523193327837188, 'Dv_D1_scale': 0.24610215646018702, 'Dv_D2_scale': 3.743062272646344, 'b_bulk_scale': 0.36753087810061735, 'b_dislocation_scale': 0.1744322147446512, 'gb_scale': 5.747925279837557, 'gd_bubble_scale': 5.929765049725017, 'gd_line_scale': 6.988144242778771, 'gd_line_alpha': 0.4994526068072538, 'coalescence_d_scale': 0.3158124752167064, 'capture_scale': 7.939021840606028}. Best is trial 925 with value: 1.7463781355085592.
[I 2026-05-02 20:08:50,411] Trial 941 finished with value: 1.8664443914931106 and parameters: {'f_n': 3.2682358671840347e-07, 'K_d': 714057.1127264994, 'rho_d': 11825784231120.16, 'fission_rate': 6.376394625259036e+19, 'D2_xe_scale': 0.01269976788515633, 'Dg_D1_scale': 0.1593625782036198, 'Dg_D3_scale': 2.7792954637174914, 'Dv_D1_scale': 0.24512149796783844, 'Dv_D2_scale': 3.9917656290461867, 'b_bulk_scale': 0.4153585718709968, 'b_dislocation_scale': 0.18946164287481967, 'gb_scale': 6.531358358201831, 'gd_bubble_scale': 6.086513968556051, 'gd_line_scale': 6.748428725488602, 'gd_line_alpha': 0.5279834420148873, 'coalescence_d_scale': 0.331674382270419, 'capture_scale': 7.994214893800505}. Best is trial 925 with value: 1.7463781355085592.
[I 2026-05-02 20:08:54,967] Trial 942 finished with value: 1.9050581633062964 and parameters: {'f_n': 4.5811327298024034e-07, 'K_d': 753448.2734021838, 'rho_d': 12437018665218.428, 'fission_rate': 6.283706127596631e+19, 'D2_xe_scale': 0.012325324883130925, 'Dg_D1_scale': 0.1717963422152645, 'Dg_D3_scale': 2.6298752787823347, 'Dv_D1_scale': 0.2519145619197301, 'Dv_D2_scale': 3.691591057304614, 'b_bulk_scale': 0.35612202574000046, 'b_dislocation_scale': 0.17875518478733896, 'gb_scale': 6.509928170278827, 'gd_bubble_scale': 6.514506764180089, 'gd_line_scale': 6.976489883905221, 'gd_line_alpha': 0.5023245620032526, 'coalescence_d_scale': 0.307911517462404, 'capture_scale': 6.302101050638364}. Best is trial 925 with value: 1.7463781355085592.
[I 2026-05-02 20:08:59,394] Trial 943 finished with value: 2.3453017280561874 and parameters: {'f_n': 3.937210531334273e-07, 'K_d': 710744.9040307889, 'rho_d': 10920923465214.463, 'fission_rate': 6.3888865863024345e+19, 'D2_xe_scale': 0.011954771313960158, 'Dg_D1_scale': 0.16025843644833662, 'Dg_D3_scale': 2.7401356506097914, 'Dv_D1_scale': 0.23674050762479334, 'Dv_D2_scale': 3.757643363477823, 'b_bulk_scale': 0.40718639958039815, 'b_dislocation_scale': 0.20603856372043364, 'gb_scale': 5.69429288835079, 'gd_bubble_scale': 1.9139279302899646, 'gd_line_scale': 6.910723468238997, 'gd_line_alpha': 0.5484507083773497, 'coalescence_d_scale': 0.3477511926941211, 'capture_scale': 6.537687919726873}. Best is trial 925 with value: 1.7463781355085592.
[I 2026-05-02 20:09:03,998] Trial 944 finished with value: 1.8409472716676183 and parameters: {'f_n': 3.721865436343826e-07, 'K_d': 729323.1368527202, 'rho_d': 11687504198449.77, 'fission_rate': 6.242363779819884e+19, 'D2_xe_scale': 0.010333595553132478, 'Dg_D1_scale': 0.16870549311320773, 'Dg_D3_scale': 2.4511462924746077, 'Dv_D1_scale': 0.25985384841716425, 'Dv_D2_scale': 3.994032817986264, 'b_bulk_scale': 0.35419766282894666, 'b_dislocation_scale': 0.1878017109796652, 'gb_scale': 6.216472543013502, 'gd_bubble_scale': 6.628974847374108, 'gd_line_scale': 7.727892391643836, 'gd_line_alpha': 0.5146208249346299, 'coalescence_d_scale': 0.32837734016976083, 'capture_scale': 6.950096527523433}. Best is trial 925 with value: 1.7463781355085592.
[I 2026-05-02 20:09:06,881] Trial 945 finished with value: 1.8656460403027735 and parameters: {'f_n': 2.8318380494715797e-07, 'K_d': 743767.5963415114, 'rho_d': 10819823990736.477, 'fission_rate': 6.38304532072434e+19, 'D2_xe_scale': 0.014382115405845079, 'Dg_D1_scale': 0.17603868429961816, 'Dg_D3_scale': 2.9305532293772325, 'Dv_D1_scale': 0.2588093909664945, 'Dv_D2_scale': 3.7540269545046288, 'b_bulk_scale': 0.4685579797726921, 'b_dislocation_scale': 0.15757525918067514, 'gb_scale': 6.804036200227095, 'gd_bubble_scale': 6.046222868204063, 'gd_line_scale': 7.146321438149, 'gd_line_alpha': 0.5715250512607137, 'coalescence_d_scale': 0.28534950534272124, 'capture_scale': 0.03487779466446789}. Best is trial 925 with value: 1.7463781355085592.
[I 2026-05-02 20:09:11,491] Trial 946 finished with value: 1.8407817121420706 and parameters: {'f_n': 2.242946254415009e-07, 'K_d': 753029.2131762151, 'rho_d': 12394539444157.053, 'fission_rate': 6.242477004714611e+19, 'D2_xe_scale': 0.011687998540764143, 'Dg_D1_scale': 0.16095434753550958, 'Dg_D3_scale': 2.643189684072753, 'Dv_D1_scale': 0.2398984278229623, 'Dv_D2_scale': 3.7503364773829135, 'b_bulk_scale': 0.3303893427498152, 'b_dislocation_scale': 0.14804711852909255, 'gb_scale': 5.829122373378581, 'gd_bubble_scale': 6.808005823924173, 'gd_line_scale': 7.697032613804495, 'gd_line_alpha': 0.5356557981347283, 'coalescence_d_scale': 0.2777067773506186, 'capture_scale': 6.493161638259722}. Best is trial 925 with value: 1.7463781355085592.
[I 2026-05-02 20:09:16,131] Trial 947 finished with value: 1.988038756376725 and parameters: {'f_n': 4.162240309903317e-07, 'K_d': 695761.1936375118, 'rho_d': 11320802677805.639, 'fission_rate': 6.322535947338012e+19, 'D2_xe_scale': 0.010233751181649733, 'Dg_D1_scale': 0.16024556091162467, 'Dg_D3_scale': 2.4652580156556594, 'Dv_D1_scale': 0.24938547881041026, 'Dv_D2_scale': 3.641032679944156, 'b_bulk_scale': 0.37874067573649606, 'b_dislocation_scale': 0.16451153604887758, 'gb_scale': 7.982463839623539, 'gd_bubble_scale': 6.933613145740864, 'gd_line_scale': 6.576913391341169, 'gd_line_alpha': 0.48270442603840275, 'coalescence_d_scale': 0.3352367442803916, 'capture_scale': 7.999806225598216}. Best is trial 925 with value: 1.7463781355085592.
[I 2026-05-02 20:09:20,594] Trial 948 finished with value: 3.793940752113439 and parameters: {'f_n': 3.232410503615229e-07, 'K_d': 760548.8198146599, 'rho_d': 10262848279450.322, 'fission_rate': 6.396811118489399e+19, 'D2_xe_scale': 0.014399449150538979, 'Dg_D1_scale': 0.1757507767282937, 'Dg_D3_scale': 2.351600243950264, 'Dv_D1_scale': 0.26489443484358094, 'Dv_D2_scale': 0.48186732096247087, 'b_bulk_scale': 0.3068727369028883, 'b_dislocation_scale': 0.15327582926555075, 'gb_scale': 7.21487860880518, 'gd_bubble_scale': 5.992272073938351, 'gd_line_scale': 0.5014344710391329, 'gd_line_alpha': 0.5197545766775106, 'coalescence_d_scale': 0.35010894482159954, 'capture_scale': 6.521108127928403}. Best is trial 925 with value: 1.7463781355085592.Best trial: 925. Best value: 1.74638:  63%|██████▎   | 948/1500 [1:16:32<39:50,  4.33s/it]Best trial: 925. Best value: 1.74638:  63%|██████▎   | 948/1500 [1:16:32<39:50,  4.33s/it]Best trial: 925. Best value: 1.74638:  63%|██████▎   | 949/1500 [1:16:32<40:06,  4.37s/it]                                                                                          Best trial: 925. Best value: 1.74638:  63%|██████▎   | 949/1500 [1:16:36<40:06,  4.37s/it]Best trial: 925. Best value: 1.74638:  63%|██████▎   | 949/1500 [1:16:36<40:06,  4.37s/it]Best trial: 925. Best value: 1.74638:  63%|██████▎   | 950/1500 [1:16:36<40:13,  4.39s/it]                                                                                          Best trial: 925. Best value: 1.74638:  63%|██████▎   | 950/1500 [1:16:41<40:13,  4.39s/it]Best trial: 925. Best value: 1.74638:  63%|██████▎   | 950/1500 [1:16:41<40:13,  4.39s/it]Best trial: 925. Best value: 1.74638:  63%|██████▎   | 951/1500 [1:16:41<40:40,  4.45s/it]                                                                                          Best trial: 925. Best value: 1.74638:  63%|██████▎   | 951/1500 [1:16:45<40:40,  4.45s/it]Best trial: 925. Best value: 1.74638:  63%|██████▎   | 951/1500 [1:16:45<40:40,  4.45s/it]Best trial: 925. Best value: 1.74638:  63%|██████▎   | 952/1500 [1:16:45<40:23,  4.42s/it]                                                                                          Best trial: 925. Best value: 1.74638:  63%|██████▎   | 952/1500 [1:16:50<40:23,  4.42s/it]Best trial: 925. Best value: 1.74638:  63%|██████▎   | 952/1500 [1:16:50<40:23,  4.42s/it]Best trial: 925. Best value: 1.74638:  64%|██████▎   | 953/1500 [1:16:50<40:47,  4.47s/it]                                                                                          Best trial: 925. Best value: 1.74638:  64%|██████▎   | 953/1500 [1:16:53<40:47,  4.47s/it]Best trial: 925. Best value: 1.74638:  64%|██████▎   | 953/1500 [1:16:53<40:47,  4.47s/it]Best trial: 925. Best value: 1.74638:  64%|██████▎   | 954/1500 [1:16:53<37:09,  4.08s/it]                                                                                          Best trial: 925. Best value: 1.74638:  64%|██████▎   | 954/1500 [1:16:57<37:09,  4.08s/it]Best trial: 925. Best value: 1.74638:  64%|██████▎   | 954/1500 [1:16:58<37:09,  4.08s/it]Best trial: 925. Best value: 1.74638:  64%|██████▎   | 955/1500 [1:16:58<38:35,  4.25s/it]                                                                                          Best trial: 925. Best value: 1.74638:  64%|██████▎   | 955/1500 [1:17:02<38:35,  4.25s/it]Best trial: 925. Best value: 1.74638:  64%|██████▎   | 955/1500 [1:17:02<38:35,  4.25s/it]Best trial: 925. Best value: 1.74638:  64%|██████▎   | 956/1500 [1:17:02<39:26,  4.35s/it]                                                                                          Best trial: 925. Best value: 1.74638:  64%|██████▎   | 956/1500 [1:17:06<39:26,  4.35s/it]Best trial: 925. Best value: 1.74638:  64%|██████▎   | 956/1500 [1:17:07<39:26,  4.35s/it]Best trial: 925. Best value: 1.74638:  64%|██████▍   | 957/1500 [1:17:07<39:35,  4.37s/it]                                                                                          Best trial: 925. Best value: 1.74638:  64%|██████▍   | 957/1500 [1:17:11<39:35,  4.37s/it]Best trial: 925. Best value: 1.74638:  64%|██████▍   | 957/1500 [1:17:11<39:35,  4.37s/it]Best trial: 925. Best value: 1.74638:  64%|██████▍   | 958/1500 [1:17:11<39:16,  4.35s/it]                                                                                          Best trial: 925. Best value: 1.74638:  64%|██████▍   | 958/1500 [1:17:15<39:16,  4.35s/it]Best trial: 925. Best value: 1.74638:  64%|██████▍   | 958/1500 [1:17:15<39:16,  4.35s/it]Best trial: 925. Best value: 1.74638:  64%|██████▍   | 959/1500 [1:17:15<39:19,  4.36s/it]                                                                                          
[I 2026-05-02 20:09:25,035] Trial 949 finished with value: 1.7642533892981678 and parameters: {'f_n': 4.775791590886617e-07, 'K_d': 769324.2415487404, 'rho_d': 12542295120455.027, 'fission_rate': 6.493423412085213e+19, 'D2_xe_scale': 0.012454342004574187, 'Dg_D1_scale': 0.16832152072268827, 'Dg_D3_scale': 2.5408957524000484, 'Dv_D1_scale': 0.2687878140040756, 'Dv_D2_scale': 3.7856146408559415, 'b_bulk_scale': 0.33471360020400165, 'b_dislocation_scale': 0.1433760430564903, 'gb_scale': 6.373186724799862, 'gd_bubble_scale': 7.006246401085059, 'gd_line_scale': 7.860043459342562, 'gd_line_alpha': 0.4756566041116321, 'coalescence_d_scale': 0.3319358081411685, 'capture_scale': 6.330842812576244}. Best is trial 925 with value: 1.7463781355085592.
[I 2026-05-02 20:09:29,613] Trial 950 finished with value: 1.8338219009807857 and parameters: {'f_n': 6.16768759884319e-07, 'K_d': 690314.0104175752, 'rho_d': 11662570079473.066, 'fission_rate': 6.218034311927253e+19, 'D2_xe_scale': 0.015317580239089376, 'Dg_D1_scale': 0.1595984043862879, 'Dg_D3_scale': 2.768675743070968, 'Dv_D1_scale': 0.2717093106582864, 'Dv_D2_scale': 3.649879156721681, 'b_bulk_scale': 0.3748905509883287, 'b_dislocation_scale': 0.16686977749221288, 'gb_scale': 5.8346966804485065, 'gd_bubble_scale': 7.071002979198028, 'gd_line_scale': 7.089775705510374, 'gd_line_alpha': 0.5040929961875692, 'coalescence_d_scale': 0.29736668013376316, 'capture_scale': 6.961351342772553}. Best is trial 925 with value: 1.7463781355085592.
[I 2026-05-02 20:09:33,968] Trial 951 finished with value: 2.2561201883104562 and parameters: {'f_n': 7.538468403052962e-07, 'K_d': 756857.1361553775, 'rho_d': 10872801252296.57, 'fission_rate': 6.596103999327872e+19, 'D2_xe_scale': 0.012514586167367293, 'Dg_D1_scale': 0.17243737425053673, 'Dg_D3_scale': 2.3946539623472605, 'Dv_D1_scale': 0.2521257665908513, 'Dv_D2_scale': 3.983503047225012, 'b_bulk_scale': 0.3021501269628656, 'b_dislocation_scale': 0.14224804690899842, 'gb_scale': 7.276466834440415, 'gd_bubble_scale': 6.3934733364579275, 'gd_line_scale': 6.215089814903511, 'gd_line_alpha': 0.49442088129260114, 'coalescence_d_scale': 0.25242332268434164, 'capture_scale': 6.20381561340306}. Best is trial 925 with value: 1.7463781355085592.
[I 2026-05-02 20:09:38,565] Trial 952 finished with value: 2.078636629232988 and parameters: {'f_n': 4.510847313362685e-07, 'K_d': 717608.0239443209, 'rho_d': 6858933018873.821, 'fission_rate': 6.8225734018252595e+19, 'D2_xe_scale': 0.01521540230171907, 'Dg_D1_scale': 0.15010260152525945, 'Dg_D3_scale': 2.583911453551106, 'Dv_D1_scale': 0.2370881145753427, 'Dv_D2_scale': 3.9926436350288776, 'b_bulk_scale': 0.43280784937826944, 'b_dislocation_scale': 0.1445251563783842, 'gb_scale': 6.676213789544711, 'gd_bubble_scale': 7.171357680747612, 'gd_line_scale': 8.224918673285782, 'gd_line_alpha': 0.46632089647662694, 'coalescence_d_scale': 0.350769366758321, 'capture_scale': 7.174445433582327}. Best is trial 925 with value: 1.7463781355085592.
[I 2026-05-02 20:09:41,739] Trial 953 finished with value: 1.8032232110178181 and parameters: {'f_n': 5.811087191448327e-07, 'K_d': 767199.8242009412, 'rho_d': 11876692380774.393, 'fission_rate': 6.3165365172916445e+19, 'D2_xe_scale': 0.01003361339860187, 'Dg_D1_scale': 0.1778050985612956, 'Dg_D3_scale': 2.3086940825658164, 'Dv_D1_scale': 0.2712633105064585, 'Dv_D2_scale': 3.596617510967234, 'b_bulk_scale': 0.3398228738879645, 'b_dislocation_scale': 0.173527169584324, 'gb_scale': 5.621121565951627, 'gd_bubble_scale': 5.969646572841306, 'gd_line_scale': 8.991404325594138, 'gd_line_alpha': 0.5234832997044512, 'coalescence_d_scale': 0.28739600707630886, 'capture_scale': 6.310798814020142}. Best is trial 925 with value: 1.7463781355085592.
[I 2026-05-02 20:09:46,375] Trial 954 finished with value: 2.214783556467353 and parameters: {'f_n': 3.358984804887706e-07, 'K_d': 188509.8529219695, 'rho_d': 12477667478196.242, 'fission_rate': 6.409898708964557e+19, 'D2_xe_scale': 0.012640995794875862, 'Dg_D1_scale': 0.16068248116403236, 'Dg_D3_scale': 2.410582407488419, 'Dv_D1_scale': 0.26321621869826045, 'Dv_D2_scale': 3.7611140493874067, 'b_bulk_scale': 0.3056426729184559, 'b_dislocation_scale': 0.20171415429683495, 'gb_scale': 6.358677559004687, 'gd_bubble_scale': 7.165124144502055, 'gd_line_scale': 7.5175447317012924, 'gd_line_alpha': 0.4655278973705039, 'coalescence_d_scale': 0.3528256739271903, 'capture_scale': 7.050202075407243}. Best is trial 925 with value: 1.7463781355085592.
