[I 2026-05-02 20:12:29,114] Trial 992 finished with value: 3.3420052401395566 and parameters: {'f_n': 6.385331343616135e-07, 'K_d': 809551.131992213, 'rho_d': 10774066742165.98, 'fission_rate': 6.531189752560546e+19, 'D2_xe_scale': 0.011799678383668678, 'Dg_D1_scale': 0.18357070245382107, 'Dg_D3_scale': 2.230531244257023, 'Dv_D1_scale': 0.29305374232650366, 'Dv_D2_scale': 3.7841953495429648, 'b_bulk_scale': 0.36990353881865995, 'b_dislocation_scale': 0.42885027779881096, 'gb_scale': 7.320074547611668, 'gd_bubble_scale': 6.116651381988744, 'gd_line_scale': 9.0907683306111, 'gd_line_alpha': 0.4920210906279611, 'coalescence_d_scale': 0.27285622118935154, 'capture_scale': 5.437145387496096}. Best is trial 925 with value: 1.7463781355085592.Best trial: 925. Best value: 1.74638:  66%|██████▌   | 992/1500 [1:19:40<37:47,  4.46s/it]Best trial: 925. Best value: 1.74638:  66%|██████▌   | 992/1500 [1:19:40<37:47,  4.46s/it]Best trial: 925. Best value: 1.74638:  66%|██████▌   | 993/1500 [1:19:40<35:42,  4.23s/it]                                                                                          Best trial: 925. Best value: 1.74638:  66%|██████▌   | 993/1500 [1:19:45<35:42,  4.23s/it]Best trial: 925. Best value: 1.74638:  66%|██████▌   | 993/1500 [1:19:45<35:42,  4.23s/it]Best trial: 925. Best value: 1.74638:  66%|██████▋   | 994/1500 [1:19:45<36:24,  4.32s/it]                                                                                          Best trial: 925. Best value: 1.74638:  66%|██████▋   | 994/1500 [1:19:49<36:24,  4.32s/it]Best trial: 925. Best value: 1.74638:  66%|██████▋   | 994/1500 [1:19:50<36:24,  4.32s/it]Best trial: 925. Best value: 1.74638:  66%|██████▋   | 995/1500 [1:19:50<37:20,  4.44s/it]                                                                                          Best trial: 925. Best value: 1.74638:  66%|██████▋   | 995/1500 [1:19:53<37:20,  4.44s/it]Best trial: 925. Best value: 1.74638:  66%|██████▋   | 995/1500 [1:19:54<37:20,  4.44s/it]Best trial: 925. Best value: 1.74638:  66%|██████▋   | 996/1500 [1:19:54<36:04,  4.30s/it]                                                                                          Best trial: 925. Best value: 1.74638:  66%|██████▋   | 996/1500 [1:19:56<36:04,  4.30s/it]Best trial: 925. Best value: 1.74638:  66%|██████▋   | 996/1500 [1:19:56<36:04,  4.30s/it]Best trial: 925. Best value: 1.74638:  66%|██████▋   | 997/1500 [1:19:56<32:31,  3.88s/it]                                                                                          Best trial: 925. Best value: 1.74638:  66%|██████▋   | 997/1500 [1:20:01<32:31,  3.88s/it]Best trial: 925. Best value: 1.74638:  66%|██████▋   | 997/1500 [1:20:01<32:31,  3.88s/it]Best trial: 925. Best value: 1.74638:  67%|██████▋   | 998/1500 [1:20:01<33:59,  4.06s/it]                                                                                          Best trial: 925. Best value: 1.74638:  67%|██████▋   | 998/1500 [1:20:05<33:59,  4.06s/it]Best trial: 925. Best value: 1.74638:  67%|██████▋   | 998/1500 [1:20:06<33:59,  4.06s/it]Best trial: 925. Best value: 1.74638:  67%|██████▋   | 999/1500 [1:20:06<35:23,  4.24s/it]                                                                                          Best trial: 925. Best value: 1.74638:  67%|██████▋   | 999/1500 [1:20:10<35:23,  4.24s/it]Best trial: 925. Best value: 1.74638:  67%|██████▋   | 999/1500 [1:20:10<35:23,  4.24s/it]Best trial: 925. Best value: 1.74638:  67%|██████▋   | 1000/1500 [1:20:10<35:55,  4.31s/it]                                                                                           Best trial: 925. Best value: 1.74638:  67%|██████▋   | 1000/1500 [1:20:14<35:55,  4.31s/it]Best trial: 925. Best value: 1.74638:  67%|██████▋   | 1000/1500 [1:20:14<35:55,  4.31s/it]Best trial: 925. Best value: 1.74638:  67%|██████▋   | 1001/1500 [1:20:14<36:00,  4.33s/it]                                                                                           Best trial: 925. Best value: 1.74638:  67%|██████▋   | 1001/1500 [1:20:19<36:00,  4.33s/it]Best trial: 925. Best value: 1.74638:  67%|██████▋   | 1001/1500 [1:20:19<36:00,  4.33s/it]Best trial: 925. Best value: 1.74638:  67%|██████▋   | 1002/1500 [1:20:19<36:32,  4.40s/it]                                                                                           Best trial: 925. Best value: 1.74638:  67%|██████▋   | 1002/1500 [1:20:22<36:32,  4.40s/it]Best trial: 925. Best value: 1.74638:  67%|██████▋   | 1002/1500 [1:20:23<36:32,  4.40s/it]Best trial: 925. Best value: 1.74638:  67%|██████▋   | 1003/1500 [1:20:23<34:23,  4.15s/it]                                                                                           
[I 2026-05-02 20:12:33,615] Trial 993 finished with value: 2.215822113696748 and parameters: {'f_n': 2.769104032948275e-07, 'K_d': 716642.0847031941, 'rho_d': 12126652670142.611, 'fission_rate': 6.685595490439646e+19, 'D2_xe_scale': 0.010009805427704013, 'Dg_D1_scale': 0.1708117354253008, 'Dg_D3_scale': 2.4825774031846097, 'Dv_D1_scale': 0.23658882278042906, 'Dv_D2_scale': 3.598370839404799, 'b_bulk_scale': 0.44893947363746156, 'b_dislocation_scale': 0.12339677910791884, 'gb_scale': 6.188077650801895, 'gd_bubble_scale': 6.919021910325009, 'gd_line_scale': 9.990158782291907, 'gd_line_alpha': 0.4583561117815966, 'coalescence_d_scale': 0.4074299543681185, 'capture_scale': 7.170718889643736}. Best is trial 925 with value: 1.7463781355085592.
[I 2026-05-02 20:12:38,365] Trial 994 finished with value: 1.7673177015000323 and parameters: {'f_n': 4.868512994157039e-07, 'K_d': 757524.2827808433, 'rho_d': 12776075006233.018, 'fission_rate': 6.276008527306835e+19, 'D2_xe_scale': 0.01988890997390036, 'Dg_D1_scale': 0.15872400258935676, 'Dg_D3_scale': 2.134945008466721, 'Dv_D1_scale': 0.2579840966117443, 'Dv_D2_scale': 3.388546325841248, 'b_bulk_scale': 0.2947977474181529, 'b_dislocation_scale': 0.14982621120296957, 'gb_scale': 5.452673871730824, 'gd_bubble_scale': 7.535595076539928, 'gd_line_scale': 8.037811076524816, 'gd_line_alpha': 0.5506214237407902, 'coalescence_d_scale': 0.4027928135012518, 'capture_scale': 6.241609387667735}. Best is trial 925 with value: 1.7463781355085592.
[I 2026-05-02 20:12:42,332] Trial 995 finished with value: 4.105448506226056 and parameters: {'f_n': 3.096015543128527e-07, 'K_d': 668570.1641483931, 'rho_d': 11694072036580.117, 'fission_rate': 6.420173829687635e+19, 'D2_xe_scale': 0.016804200496377108, 'Dg_D1_scale': 0.17627677159608482, 'Dg_D3_scale': 2.2474722109791556, 'Dv_D1_scale': 0.28716331902549647, 'Dv_D2_scale': 3.770277716815972, 'b_bulk_scale': 0.32503134131744443, 'b_dislocation_scale': 1.7766231617417203, 'gb_scale': 7.324671529436946, 'gd_bubble_scale': 0.1697112980538319, 'gd_line_scale': 5.718702465653504, 'gd_line_alpha': 0.5172135898739615, 'coalescence_d_scale': 0.32877777005021996, 'capture_scale': 5.624735991167981}. Best is trial 925 with value: 1.7463781355085592.
[I 2026-05-02 20:12:45,242] Trial 996 finished with value: 2.9381087814229243 and parameters: {'f_n': 3.7728127502015236e-07, 'K_d': 813484.2903224075, 'rho_d': 6483848560140.962, 'fission_rate': 6.3351993338595344e+19, 'D2_xe_scale': 0.013702823465344816, 'Dg_D1_scale': 0.16671909455534828, 'Dg_D3_scale': 2.6770582420374924, 'Dv_D1_scale': 0.2660170916579308, 'Dv_D2_scale': 3.998391537811657, 'b_bulk_scale': 0.27514784234845574, 'b_dislocation_scale': 0.18450674897531918, 'gb_scale': 6.543036217493076, 'gd_bubble_scale': 5.501252401082184, 'gd_line_scale': 6.981013033804732, 'gd_line_alpha': 0.4402746581631088, 'coalescence_d_scale': 0.2576852173137645, 'capture_scale': 7.092885828351402}. Best is trial 925 with value: 1.7463781355085592.
[I 2026-05-02 20:12:49,730] Trial 997 finished with value: 3.2308285450896674 and parameters: {'f_n': 6.138366629882222e-07, 'K_d': 667621.5671146335, 'rho_d': 11269415772239.43, 'fission_rate': 6.4841344981139005e+19, 'D2_xe_scale': 0.022847941251856668, 'Dg_D1_scale': 2.2412242457995375, 'Dg_D3_scale': 2.39780669045769, 'Dv_D1_scale': 0.2879760655555277, 'Dv_D2_scale': 0.7758994207564842, 'b_bulk_scale': 0.2511485937132449, 'b_dislocation_scale': 0.13323326971459126, 'gb_scale': 6.051791628658622, 'gd_bubble_scale': 8.022421297306423, 'gd_line_scale': 0.4363837984052985, 'gd_line_alpha': 0.48121137394580704, 'coalescence_d_scale': 0.35237609387676655, 'capture_scale': 6.255056339742034}. Best is trial 925 with value: 1.7463781355085592.
[I 2026-05-02 20:12:54,377] Trial 998 finished with value: 3.1622875033012314 and parameters: {'f_n': 4.828924769330529e-07, 'K_d': 767278.309891483, 'rho_d': 12369900095206.58, 'fission_rate': 6.224444717546419e+19, 'D2_xe_scale': 0.01269963013063046, 'Dg_D1_scale': 0.18582346289580481, 'Dg_D3_scale': 3.091795969722939, 'Dv_D1_scale': 0.23002864986117502, 'Dv_D2_scale': 3.5958647212325694, 'b_bulk_scale': 0.37053948829756794, 'b_dislocation_scale': 0.12049908262747004, 'gb_scale': 6.959857151513991, 'gd_bubble_scale': 6.807972254162796, 'gd_line_scale': 0.6185185910251088, 'gd_line_alpha': 0.4620880384875872, 'coalescence_d_scale': 0.40779473509421593, 'capture_scale': 5.334387148319099}. Best is trial 925 with value: 1.7463781355085592.
[I 2026-05-02 20:12:58,858] Trial 999 finished with value: 1.8511044212020396 and parameters: {'f_n': 7.981282638526657e-07, 'K_d': 813034.3739366063, 'rho_d': 10431391043353.74, 'fission_rate': 6.5895322155969135e+19, 'D2_xe_scale': 0.01766269633925968, 'Dg_D1_scale': 0.15009562790301997, 'Dg_D3_scale': 2.569093438023159, 'Dv_D1_scale': 0.24974194674656228, 'Dv_D2_scale': 3.780580265712892, 'b_bulk_scale': 0.30315242508067575, 'b_dislocation_scale': 0.15508400771493921, 'gb_scale': 5.409164722633883, 'gd_bubble_scale': 8.014558802961819, 'gd_line_scale': 8.45985121527183, 'gd_line_alpha': 0.43490261658965496, 'coalescence_d_scale': 0.2939373418350134, 'capture_scale': 7.114432715505503}. Best is trial 925 with value: 1.7463781355085592.
[I 2026-05-02 20:13:03,234] Trial 1000 finished with value: 2.2275191560382006 and parameters: {'f_n': 3.9504523910097837e-07, 'K_d': 709160.5953053647, 'rho_d': 9904490083325.434, 'fission_rate': 6.811275057779834e+19, 'D2_xe_scale': 0.011612512020787743, 'Dg_D1_scale': 0.16605454231504385, 'Dg_D3_scale': 2.180356028394747, 'Dv_D1_scale': 0.2732761029642755, 'Dv_D2_scale': 3.428412246803415, 'b_bulk_scale': 0.4030115767895119, 'b_dislocation_scale': 0.1402327801851347, 'gb_scale': 7.3415860967660125, 'gd_bubble_scale': 6.293211563010134, 'gd_line_scale': 7.541552703877965, 'gd_line_alpha': 0.3803977606290203, 'coalescence_d_scale': 2.6590834239878913, 'capture_scale': 6.204364590607811}. Best is trial 925 with value: 1.7463781355085592.
[I 2026-05-02 20:13:07,801] Trial 1001 finished with value: 1.89666381686485 and parameters: {'f_n': 6.905036299377981e-07, 'K_d': 760318.728882158, 'rho_d': 11719199231641.066, 'fission_rate': 6.410631873518098e+19, 'D2_xe_scale': 0.01514766388506891, 'Dg_D1_scale': 0.15847196245917816, 'Dg_D3_scale': 2.3609628716581286, 'Dv_D1_scale': 0.29481361996403577, 'Dv_D2_scale': 3.99936825460861, 'b_bulk_scale': 0.3334976664737448, 'b_dislocation_scale': 0.20982697021591615, 'gb_scale': 6.029631603049981, 'gd_bubble_scale': 7.11225893590794, 'gd_line_scale': 9.951646274256932, 'gd_line_alpha': 0.409195456102635, 'coalescence_d_scale': 0.40058239351097474, 'capture_scale': 7.933423022284948}. Best is trial 925 with value: 1.7463781355085592.
[I 2026-05-02 20:13:11,358] Trial 1002 finished with value: 3.2513521001818635 and parameters: {'f_n': 5.40830235388567e-07, 'K_d': 799013.4504954566, 'rho_d': 10912671732927.459, 'fission_rate': 6.186618409347691e+19, 'D2_xe_scale': 0.02526753778930389, 'Dg_D1_scale': 0.17601445271905444, 'Dg_D3_scale': 2.8535574271021367, 'Dv_D1_scale': 1.767122481658612, 'Dv_D2_scale': 3.6588376291956184, 'b_bulk_scale': 0.25201450462090563, 'b_dislocation_scale': 0.32644094827231757, 'gb_scale': 6.593245572513276, 'gd_bubble_scale': 7.918210195167269, 'gd_line_scale': 6.712111962544137, 'gd_line_alpha': 0.5201980948286192, 'coalescence_d_scale': 0.3540038287423052, 'capture_scale': 5.454862839813447}. Best is trial 925 with value: 1.7463781355085592.
[I 2026-05-02 20:13:14,065] Trial 1003 finished with value: 1.7789771883162766 and parameters: {'f_n': 3.280821662547584e-07, 'K_d': 726195.3680999203, 'rho_d': 12628289396480.488, 'fission_rate': 6.3074016474337935e+19, 'D2_xe_scale': 0.010109895345791174, 'Dg_D1_scale': 0.18292513114577605, 'Dg_D3_scale': 2.183432573205738, 'Dv_D1_scale': 0.2725984123149311, 'Dv_D2_scale': 3.7857060204844, 'b_bulk_scale': 0.29148025017119494, 'b_dislocation_scale': 0.1692384128408927, 'gb_scale': 7.909802852276138, 'gd_bubble_scale': 8.045395307144569, 'gd_line_scale': 8.559837020065975, 'gd_line_alpha': 0.48358588015066656, 'coalescence_d_scale': 0.31877087535116155, 'capture_scale': 6.3902912586942495}. Best is trial 925 with value: 1.7463781355085592.Best trial: 925. Best value: 1.74638:  67%|██████▋   | 1003/1500 [1:20:25<34:23,  4.15s/it]Best trial: 925. Best value: 1.74638:  67%|██████▋   | 1003/1500 [1:20:25<34:23,  4.15s/it]Best trial: 925. Best value: 1.74638:  67%|██████▋   | 1004/1500 [1:20:25<30:42,  3.72s/it]                                                                                           Best trial: 925. Best value: 1.74638:  67%|██████▋   | 1004/1500 [1:20:30<30:42,  3.72s/it]Best trial: 925. Best value: 1.74638:  67%|██████▋   | 1004/1500 [1:20:30<30:42,  3.72s/it]Best trial: 925. Best value: 1.74638:  67%|██████▋   | 1005/1500 [1:20:30<32:32,  3.94s/it]                                                                                           Best trial: 925. Best value: 1.74638:  67%|██████▋   | 1005/1500 [1:20:34<32:32,  3.94s/it]Best trial: 925. Best value: 1.74638:  67%|██████▋   | 1005/1500 [1:20:34<32:32,  3.94s/it]Best trial: 925. Best value: 1.74638:  67%|██████▋   | 1006/1500 [1:20:34<33:35,  4.08s/it]                                                                                           Best trial: 925. Best value: 1.74638:  67%|██████▋   | 1006/1500 [1:20:39<33:35,  4.08s/it]Best trial: 925. Best value: 1.74638:  67%|██████▋   | 1006/1500 [1:20:39<33:35,  4.08s/it]Best trial: 925. Best value: 1.74638:  67%|██████▋   | 1007/1500 [1:20:39<34:36,  4.21s/it]                                                                                           Best trial: 925. Best value: 1.74638:  67%|██████▋   | 1007/1500 [1:20:43<34:36,  4.21s/it]Best trial: 925. Best value: 1.74638:  67%|██████▋   | 1007/1500 [1:20:43<34:36,  4.21s/it]Best trial: 925. Best value: 1.74638:  67%|██████▋   | 1008/1500 [1:20:43<35:32,  4.34s/it]                                                                                           Best trial: 925. Best value: 1.74638:  67%|██████▋   | 1008/1500 [1:20:48<35:32,  4.34s/it]Best trial: 925. Best value: 1.74638:  67%|██████▋   | 1008/1500 [1:20:48<35:32,  4.34s/it]Best trial: 925. Best value: 1.74638:  67%|██████▋   | 1009/1500 [1:20:48<36:35,  4.47s/it]                                                                                           Best trial: 925. Best value: 1.74638:  67%|██████▋   | 1009/1500 [1:20:53<36:35,  4.47s/it]Best trial: 925. Best value: 1.74638:  67%|██████▋   | 1009/1500 [1:20:53<36:35,  4.47s/it]Best trial: 925. Best value: 1.74638:  67%|██████▋   | 1010/1500 [1:20:53<37:21,  4.58s/it]                                                                                           Best trial: 925. Best value: 1.74638:  67%|██████▋   | 1010/1500 [1:20:56<37:21,  4.58s/it]Best trial: 925. Best value: 1.74638:  67%|██████▋   | 1010/1500 [1:20:56<37:21,  4.58s/it]Best trial: 925. Best value: 1.74638:  67%|██████▋   | 1011/1500 [1:20:56<34:34,  4.24s/it]                                                                                           Best trial: 925. Best value: 1.74638:  67%|██████▋   | 1011/1500 [1:21:01<34:34,  4.24s/it]Best trial: 925. Best value: 1.74638:  67%|██████▋   | 1011/1500 [1:21:01<34:34,  4.24s/it]Best trial: 925. Best value: 1.74638:  67%|██████▋   | 1012/1500 [1:21:01<35:44,  4.39s/it]                                                                                           Best trial: 925. Best value: 1.74638:  67%|██████▋   | 1012/1500 [1:21:06<35:44,  4.39s/it]Best trial: 925. Best value: 1.74638:  67%|██████▋   | 1012/1500 [1:21:06<35:44,  4.39s/it]Best trial: 925. Best value: 1.74638:  68%|██████▊   | 1013/1500 [1:21:06<35:59,  4.44s/it]                                                                                           Best trial: 925. Best value: 1.74638:  68%|██████▊   | 1013/1500 [1:21:10<35:59,  4.44s/it]Best trial: 925. Best value: 1.74638:  68%|██████▊   | 1013/1500 [1:21:10<35:59,  4.44s/it]Best trial: 925. Best value: 1.74638:  68%|██████▊   | 1014/1500 [1:21:10<36:31,  4.51s/it]                                                                                           
[I 2026-05-02 20:13:18,540] Trial 1004 finished with value: 1.9656665038760675 and parameters: {'f_n': 8.192374360820069e-07, 'K_d': 831656.1606586494, 'rho_d': 11918394700883.6, 'fission_rate': 6.524394364991656e+19, 'D2_xe_scale': 0.021636612165091794, 'Dg_D1_scale': 0.1678280017779719, 'Dg_D3_scale': 2.495352820032693, 'Dv_D1_scale': 0.2891128418050203, 'Dv_D2_scale': 3.480180307033125, 'b_bulk_scale': 0.2391553828326696, 'b_dislocation_scale': 0.11953814977986627, 'gb_scale': 7.961281927153804, 'gd_bubble_scale': 6.277525755588179, 'gd_line_scale': 7.483249219958552, 'gd_line_alpha': 0.3896595736529655, 'coalescence_d_scale': 0.4184463440028098, 'capture_scale': 7.112802354631656}. Best is trial 925 with value: 1.7463781355085592.
[I 2026-05-02 20:13:22,938] Trial 1005 finished with value: 1.782018270569952 and parameters: {'f_n': 2.2464719611844372e-07, 'K_d': 779345.3094657477, 'rho_d': 10940544534685.6, 'fission_rate': 6.721934261102283e+19, 'D2_xe_scale': 0.013736362237241853, 'Dg_D1_scale': 0.16109695501938012, 'Dg_D3_scale': 2.7027761973457953, 'Dv_D1_scale': 0.25355578752690466, 'Dv_D2_scale': 3.3019379160349764, 'b_bulk_scale': 0.3524396367090595, 'b_dislocation_scale': 0.12753741404882862, 'gb_scale': 5.488455527633719, 'gd_bubble_scale': 6.860774678898005, 'gd_line_scale': 5.362895575382752, 'gd_line_alpha': 0.4202150274662002, 'coalescence_d_scale': 0.39377061499491195, 'capture_scale': 5.406483191091738}. Best is trial 925 with value: 1.7463781355085592.
[I 2026-05-02 20:13:27,457] Trial 1006 finished with value: 1.8092012356488092 and parameters: {'f_n': 4.5182337131220695e-07, 'K_d': 696109.6357582882, 'rho_d': 12764562404734.79, 'fission_rate': 6.619179275645385e+19, 'D2_xe_scale': 0.019371172542475546, 'Dg_D1_scale': 0.15049273559931609, 'Dg_D3_scale': 2.3431399502142156, 'Dv_D1_scale': 0.2985697485714106, 'Dv_D2_scale': 3.9975433022920996, 'b_bulk_scale': 0.2773955542074673, 'b_dislocation_scale': 0.1395393863506722, 'gb_scale': 6.131112040114445, 'gd_bubble_scale': 7.246431354083492, 'gd_line_scale': 6.052958917506334, 'gd_line_alpha': 0.44772501827305156, 'coalescence_d_scale': 0.3591682504721824, 'capture_scale': 6.3325013344012975}. Best is trial 925 with value: 1.7463781355085592.
[I 2026-05-02 20:13:32,078] Trial 1007 finished with value: 1.965026176277114 and parameters: {'f_n': 6.063941023245577e-07, 'K_d': 830146.2328351852, 'rho_d': 11328323856676.398, 'fission_rate': 6.36968066037934e+19, 'D2_xe_scale': 0.011622036541404425, 'Dg_D1_scale': 0.1755750448923288, 'Dg_D3_scale': 2.112362393488621, 'Dv_D1_scale': 0.27128938587438267, 'Dv_D2_scale': 3.612014155202073, 'b_bulk_scale': 0.3153150865043986, 'b_dislocation_scale': 0.11823042961045942, 'gb_scale': 6.582152378101609, 'gd_bubble_scale': 1.619129461117787, 'gd_line_scale': 8.219703423032845, 'gd_line_alpha': 0.7787891032038279, 'coalescence_d_scale': 0.2991694152230034, 'capture_scale': 5.254407713581536}. Best is trial 925 with value: 1.7463781355085592.
[I 2026-05-02 20:13:36,865] Trial 1008 finished with value: 1.985735432889894 and parameters: {'f_n': 4.041335837977023e-07, 'K_d': 755377.5094099783, 'rho_d': 12043085649644.32, 'fission_rate': 6.46010807513237e+19, 'D2_xe_scale': 0.0151350843286589, 'Dg_D1_scale': 0.1862819808775276, 'Dg_D3_scale': 0.15028673916461693, 'Dv_D1_scale': 0.2960982614382397, 'Dv_D2_scale': 3.8018367785931493, 'b_bulk_scale': 0.4709683371532344, 'b_dislocation_scale': 0.1563013129322332, 'gb_scale': 5.318003287564266, 'gd_bubble_scale': 0.8095774261801761, 'gd_line_scale': 8.977823568129116, 'gd_line_alpha': 0.364872670306718, 'coalescence_d_scale': 0.4239818919301179, 'capture_scale': 7.055722990078518}. Best is trial 925 with value: 1.7463781355085592.
[I 2026-05-02 20:13:41,683] Trial 1009 finished with value: 2.0330641639695153 and parameters: {'f_n': 5.661625798853583e-07, 'K_d': 660271.3273877486, 'rho_d': 10503285746921.738, 'fission_rate': 6.274485171093419e+19, 'D2_xe_scale': 0.0188659670922113, 'Dg_D1_scale': 0.1614788195655407, 'Dg_D3_scale': 2.2351748784703807, 'Dv_D1_scale': 0.2447621402966904, 'Dv_D2_scale': 3.78002866132234, 'b_bulk_scale': 0.4010575324893127, 'b_dislocation_scale': 0.13022862636773747, 'gb_scale': 7.989840549946513, 'gd_bubble_scale': 8.074742946254474, 'gd_line_scale': 6.764070077632767, 'gd_line_alpha': 0.558365715587727, 'coalescence_d_scale': 0.3521390459838576, 'capture_scale': 0.34911326855976915}. Best is trial 925 with value: 1.7463781355085592.
