[I 2026-05-02 18:52:48,302] A new study created in RDB with name: UN_M7_capture_only
########################################################################################################################
V6 wrapper settings
family                 = capture_only
Dv fixed/range          = None / [0.2, 2.0]
pressure weight/free    = 0.7 / 2.0
partition/qgb weights   = 0.8 / 0.7
Rizk prior weight       = 0.2
radius guard weight     = 0.55
radius saturation weight= 0.75
Rd2000/Rratio guard      = 800.0 nm / 2.8
Rd1900/delta/slope guard = 700.0 nm / 350.0 nm / 0.75
output dir              = UN_M7_optuna_v6_results/capture_only/global_split_D2Xe_v1
q_gb interpretation     = grain-boundary bubbles + fission gas release
capture law             = unchanged; active for capture_only and M7_no_phi
nucleation mass coupling= depends on family switch in base module
########################################################################################################################
########################################################################################################################
OPTUNA CALIBRATION: capture_only
########################################################################################################################
Output dir        = UN_M7_optuna_v6_results/capture_only/global_split_D2Xe_v1
Trials requested  = 1500
FAST dt/modes     = 12 h / 22
FINAL dt/modes    = 1 h / 40
Pressure weight   = 0.7; free factor = 2
D2 Xe             = included, with D2_xe_scale
Coalescence       = active, scale never zero
Family switches   = phi_gas:False, nuc_mass:False, capture:True
########################################################################################################################
  0%|          | 0/1500 [00:00<?, ?it/s]                                          0%|          | 0/1500 [00:06<?, ?it/s]Best trial: 0. Best value: 12.5371:   0%|          | 0/1500 [00:06<?, ?it/s]Best trial: 0. Best value: 12.5371:   0%|          | 1/1500 [00:06<2:33:25,  6.14s/it]                                                                                      Best trial: 0. Best value: 12.5371:   0%|          | 1/1500 [00:10<2:33:25,  6.14s/it]Best trial: 1. Best value: 2.55318:   0%|          | 1/1500 [00:10<2:33:25,  6.14s/it]Best trial: 1. Best value: 2.55318:   0%|          | 2/1500 [00:10<2:00:47,  4.84s/it]                                                                                      Best trial: 1. Best value: 2.55318:   0%|          | 2/1500 [00:11<2:00:47,  4.84s/it]Best trial: 1. Best value: 2.55318:   0%|          | 2/1500 [00:11<2:00:47,  4.84s/it]Best trial: 1. Best value: 2.55318:   0%|          | 3/1500 [00:11<1:20:40,  3.23s/it]                                                                                      Best trial: 1. Best value: 2.55318:   0%|          | 3/1500 [00:16<1:20:40,  3.23s/it]Best trial: 1. Best value: 2.55318:   0%|          | 3/1500 [00:16<1:20:40,  3.23s/it]Best trial: 1. Best value: 2.55318:   0%|          | 4/1500 [00:16<1:39:51,  4.00s/it]                                                                                      Best trial: 1. Best value: 2.55318:   0%|          | 4/1500 [00:20<1:39:51,  4.00s/it]Best trial: 1. Best value: 2.55318:   0%|          | 4/1500 [00:20<1:39:51,  4.00s/it]Best trial: 1. Best value: 2.55318:   0%|          | 5/1500 [00:20<1:38:56,  3.97s/it]                                                                                      Best trial: 1. Best value: 2.55318:   0%|          | 5/1500 [00:24<1:38:56,  3.97s/it]Best trial: 1. Best value: 2.55318:   0%|          | 5/1500 [00:24<1:38:56,  3.97s/it]Best trial: 1. Best value: 2.55318:   0%|          | 6/1500 [00:24<1:42:22,  4.11s/it]                                                                                      Best trial: 1. Best value: 2.55318:   0%|          | 6/1500 [00:28<1:42:22,  4.11s/it]Best trial: 1. Best value: 2.55318:   0%|          | 6/1500 [00:28<1:42:22,  4.11s/it]Best trial: 1. Best value: 2.55318:   0%|          | 7/1500 [00:28<1:41:07,  4.06s/it]                                                                                      Best trial: 1. Best value: 2.55318:   0%|          | 7/1500 [00:31<1:41:07,  4.06s/it]Best trial: 1. Best value: 2.55318:   0%|          | 7/1500 [00:31<1:41:07,  4.06s/it]Best trial: 1. Best value: 2.55318:   1%|          | 8/1500 [00:31<1:28:47,  3.57s/it]                                                                                      Best trial: 1. Best value: 2.55318:   1%|          | 8/1500 [00:34<1:28:47,  3.57s/it]Best trial: 1. Best value: 2.55318:   1%|          | 8/1500 [00:34<1:28:47,  3.57s/it]Best trial: 1. Best value: 2.55318:   1%|          | 9/1500 [00:34<1:28:14,  3.55s/it]                                                                                      Best trial: 1. Best value: 2.55318:   1%|          | 9/1500 [00:38<1:28:14,  3.55s/it]Best trial: 1. Best value: 2.55318:   1%|          | 9/1500 [00:38<1:28:14,  3.55s/it]Best trial: 1. Best value: 2.55318:   1%|          | 10/1500 [00:38<1:30:52,  3.66s/it]                                                                                       Best trial: 1. Best value: 2.55318:   1%|          | 10/1500 [00:42<1:30:52,  3.66s/it]Best trial: 1. Best value: 2.55318:   1%|          | 10/1500 [00:42<1:30:52,  3.66s/it]Best trial: 1. Best value: 2.55318:   1%|          | 11/1500 [00:42<1:28:50,  3.58s/it]                                                                                       Best trial: 1. Best value: 2.55318:   1%|          | 11/1500 [00:45<1:28:50,  3.58s/it]Best trial: 1. Best value: 2.55318:   1%|          | 11/1500 [00:45<1:28:50,  3.58s/it]Best trial: 1. Best value: 2.55318:   1%|          | 12/1500 [00:45<1:30:23,  3.64s/it]                                                                                       [I 2026-05-02 18:52:54,515] Trial 0 finished with value: 12.537101736415307 and parameters: {'f_n': 4.7e-08, 'K_d': 575000.0, 'rho_d': 30400000000000.0, 'fission_rate': 4.76e+19, 'D2_xe_scale': 1.0, 'Dg_D1_scale': 2.415501891484533, 'Dg_D3_scale': 3.066579649785208, 'Dv_D1_scale': 2.231811917683377, 'Dv_D2_scale': 0.27040549323620955, 'b_bulk_scale': 0.05217422599867838, 'b_dislocation_scale': 0.20176398853732105, 'gb_scale': 1.588, 'gd_bubble_scale': 5.851084999294163, 'gd_line_scale': 7.573189884849707, 'gd_line_alpha': 0.2620691004014246, 'coalescence_d_scale': 8.15, 'capture_scale': 2.97}. Best is trial 0 with value: 12.537101736415307.
[I 2026-05-02 18:52:58,447] Trial 1 finished with value: 2.553181948962033 and parameters: {'f_n': 1e-08, 'K_d': 800000.0, 'rho_d': 10000000000000.0, 'fission_rate': 7.5e+19, 'D2_xe_scale': 1.0, 'Dg_D1_scale': 0.5547536169613592, 'Dg_D3_scale': 0.4399112021596674, 'Dv_D1_scale': 1.5269159913965389, 'Dv_D2_scale': 0.9439110546227972, 'b_bulk_scale': 0.07371411584544342, 'b_dislocation_scale': 0.052662497630080594, 'gb_scale': 1.0, 'gd_bubble_scale': 1.162513137155395, 'gd_line_scale': 0.6364670377538344, 'gd_line_alpha': 0.6218906793039383, 'coalescence_d_scale': 1.0, 'capture_scale': 0.3}. Best is trial 1 with value: 2.553181948962033.
[I 2026-05-02 18:52:59,777] Trial 2 finished with value: 4.482558402255786 and parameters: {'f_n': 1e-06, 'K_d': 500000.0, 'rho_d': 30000000000000.0, 'fission_rate': 5e+19, 'D2_xe_scale': 1.0, 'Dg_D1_scale': 0.4639726060190955, 'Dg_D3_scale': 0.46272929417128844, 'Dv_D1_scale': 0.6030237919334981, 'Dv_D2_scale': 3.6473947799657567, 'b_bulk_scale': 0.06046042919159303, 'b_dislocation_scale': 0.6286143587621011, 'gb_scale': 1.0, 'gd_bubble_scale': 4.452506722261944, 'gd_line_scale': 0.06142227724041706, 'gd_line_alpha': 0.47649780266467456, 'coalescence_d_scale': 1.0, 'capture_scale': 1.0}. Best is trial 1 with value: 2.553181948962033.
[I 2026-05-02 18:53:04,965] Trial 3 finished with value: 9.513299782268271 and parameters: {'f_n': 1.3333e-08, 'K_d': 714300.0, 'rho_d': 46135000000000.0, 'fission_rate': 4.9558e+19, 'D2_xe_scale': 1.0, 'Dg_D1_scale': 2.7740991164972364, 'Dg_D3_scale': 0.6249230317821604, 'Dv_D1_scale': 1.6772828271973461, 'Dv_D2_scale': 0.41797019458419005, 'b_bulk_scale': 0.0894172650716463, 'b_dislocation_scale': 0.39714834739493005, 'gb_scale': 0.8994, 'gd_bubble_scale': 6.105660615519076, 'gd_line_scale': 0.45817007362668893, 'gd_line_alpha': 0.9616760849323822, 'coalescence_d_scale': 10.99, 'capture_scale': 3.247}. Best is trial 1 with value: 2.553181948962033.
[I 2026-05-02 18:53:08,876] Trial 4 finished with value: 4.516378257992568 and parameters: {'f_n': 2.5466e-07, 'K_d': 648460.0, 'rho_d': 35350000000000.0, 'fission_rate': 7.4799e+19, 'D2_xe_scale': 1.0, 'Dg_D1_scale': 1.0929338053727524, 'Dg_D3_scale': 0.8998236945355428, 'Dv_D1_scale': 0.5038505991405223, 'Dv_D2_scale': 0.8111286381337038, 'b_bulk_scale': 0.8726597401780872, 'b_dislocation_scale': 0.8925880319740597, 'gb_scale': 0.4625, 'gd_bubble_scale': 0.06437233452530822, 'gd_line_scale': 7.781642608736603, 'gd_line_alpha': 0.05726630221820228, 'coalescence_d_scale': 6.997, 'capture_scale': 0.1401}. Best is trial 1 with value: 2.553181948962033.
[I 2026-05-02 18:53:13,259] Trial 5 finished with value: 3.3547829251221057 and parameters: {'f_n': 1.9043e-07, 'K_d': 633680.0, 'rho_d': 48099000000000.0, 'fission_rate': 6.8347e+19, 'D2_xe_scale': 1.0, 'Dg_D1_scale': 0.3319739631683439, 'Dg_D3_scale': 0.5885212663646464, 'Dv_D1_scale': 0.22699996013814938, 'Dv_D2_scale': 0.9401746212524451, 'b_bulk_scale': 3.5924683364894725, 'b_dislocation_scale': 0.1709292006508643, 'gb_scale': 0.3881, 'gd_bubble_scale': 3.786797032147789, 'gd_line_scale': 0.10287977023532947, 'gd_line_alpha': 0.32127867947004773, 'coalescence_d_scale': 7.005, 'capture_scale': 0.0608}. Best is trial 1 with value: 2.553181948962033.
[I 2026-05-02 18:53:17,225] Trial 6 finished with value: 6.531420041617065 and parameters: {'f_n': 1.3237e-08, 'K_d': 558920.0, 'rho_d': 24815000000000.0, 'fission_rate': 7.6621e+19, 'D2_xe_scale': 1.0, 'Dg_D1_scale': 0.5487574739780223, 'Dg_D3_scale': 1.6342857383403973, 'Dv_D1_scale': 0.6684553921453433, 'Dv_D2_scale': 3.5636259954870835, 'b_bulk_scale': 0.03783547673332451, 'b_dislocation_scale': 0.11627786529756176, 'gb_scale': 0.4151, 'gd_bubble_scale': 0.34710020409873055, 'gd_line_scale': 3.279104359672456, 'gd_line_alpha': 0.33105373818760087, 'coalescence_d_scale': 9.772, 'capture_scale': 0.1557}. Best is trial 1 with value: 2.553181948962033.
[I 2026-05-02 18:53:19,737] Trial 7 finished with value: 5.1429667270307124 and parameters: {'f_n': 2.940436e-07, 'K_d': 1033314.0, 'rho_d': 12059490000000.0, 'fission_rate': 6.730293e+19, 'D2_xe_scale': 0.112489, 'Dg_D1_scale': 2.256906099422127, 'Dg_D3_scale': 0.5826917229463058, 'Dv_D1_scale': 3.6007852541951624, 'Dv_D2_scale': 1.2590221057551896, 'b_bulk_scale': 0.12393297758232455, 'b_dislocation_scale': 1.5720459403498974, 'gb_scale': 1.445601, 'gd_bubble_scale': 8.849649836971762, 'gd_line_scale': 5.1508640997309385, 'gd_line_alpha': 0.11323923261109814, 'coalescence_d_scale': 3.880728, 'capture_scale': 0.024136}. Best is trial 1 with value: 2.553181948962033.
[I 2026-05-02 18:53:23,241] Trial 8 finished with value: 4.409834032855603 and parameters: {'f_n': 5.96478e-07, 'K_d': 1198283.0, 'rho_d': 9976134000000.0, 'fission_rate': 6.685431e+19, 'D2_xe_scale': 0.119911, 'Dg_D1_scale': 0.578778827085542, 'Dg_D3_scale': 0.31652483831506867, 'Dv_D1_scale': 2.482928296269491, 'Dv_D2_scale': 0.339417368418962, 'b_bulk_scale': 0.2777137406693829, 'b_dislocation_scale': 2.6705758507550637, 'gb_scale': 1.009685, 'gd_bubble_scale': 0.6159998708082183, 'gd_line_scale': 2.3261788851885328, 'gd_line_alpha': 0.13366868920598873, 'coalescence_d_scale': 2.916475, 'capture_scale': 0.027787}. Best is trial 1 with value: 2.553181948962033.
[I 2026-05-02 18:53:27,146] Trial 9 finished with value: 4.994971273561134 and parameters: {'f_n': 7.392651e-07, 'K_d': 1166892.0, 'rho_d': 11803530000000.0, 'fission_rate': 6.574543e+19, 'D2_xe_scale': 0.149876, 'Dg_D1_scale': 3.687518393389882, 'Dg_D3_scale': 0.291719076240381, 'Dv_D1_scale': 0.3399335986494232, 'Dv_D2_scale': 1.902683577201571, 'b_bulk_scale': 0.16023346869996363, 'b_dislocation_scale': 1.4307331041447688, 'gb_scale': 1.30495, 'gd_bubble_scale': 0.655004546608477, 'gd_line_scale': 0.08464345627972882, 'gd_line_alpha': 0.35127582720946193, 'coalescence_d_scale': 2.726375, 'capture_scale': 0.023283}. Best is trial 1 with value: 2.553181948962033.
[I 2026-05-02 18:53:30,549] Trial 10 finished with value: 3.7893345564251186 and parameters: {'f_n': 5.737285557182539e-10, 'K_d': 227752.270480705, 'rho_d': 5480427622478.029, 'fission_rate': 5.827903556350302e+19, 'D2_xe_scale': 21.594139308397608, 'Dg_D1_scale': 0.1534590015155276, 'Dg_D3_scale': 0.1767727192275583, 'Dv_D1_scale': 1.1163531351264182, 'Dv_D2_scale': 0.5872975239473858, 'b_bulk_scale': 0.8226202935852102, 'b_dislocation_scale': 0.03043764239272357, 'gb_scale': 0.0875441106707934, 'gd_bubble_scale': 1.749332163390344, 'gd_line_scale': 0.5903760281987221, 'gd_line_alpha': 0.7894189911698233, 'coalescence_d_scale': 0.18790291397420505, 'capture_scale': 0.5617190149341388}. Best is trial 1 with value: 2.553181948962033.
[I 2026-05-02 18:53:34,342] Trial 11 finished with value: 3.448164217546787 and parameters: {'f_n': 1.4237832093543209e-09, 'K_d': 269435.9094446869, 'rho_d': 76186072807066.62, 'fission_rate': 7.912496810781812e+19, 'D2_xe_scale': 8.463044282840755, 'Dg_D1_scale': 0.26134187531259473, 'Dg_D3_scale': 1.1194331544430365, 'Dv_D1_scale': 0.2216802993336809, 'Dv_D2_scale': 1.4249359564148805, 'b_bulk_scale': 3.738004797514858, 'b_dislocation_scale': 0.058159688573551596, 'gb_scale': 7.309425045338117, 'gd_bubble_scale': 1.8755887046201887, 'gd_line_scale': 0.17745162213156893, 'gd_line_alpha': 0.6262259855045595, 'coalescence_d_scale': 0.6377234002511772, 'capture_scale': 0.08485463639840089}. Best is trial 1 with value: 2.553181948962033.
[I 2026-05-02 18:53:38,457] Trial 12 finished with value: 3.4159661558030736 and parameters: {'f_n': 7.334826342471809e-08, 'K_d': 127422.6224324337, 'rho_d': 16882241868178.543, 'fission_rate': 7.117599620995418e+19, 'D2_xe_scale': 4.834635280690287, 'Dg_D1_scale': 1.099983242942125, 'Dg_D3_scale': 0.3206939187044479, 'Dv_D1_scale': 1.0489054596493979, 'Dv_D2_scale': 0.7683113608738088, 'b_bulk_scale': 2.8456060950582676, 'b_dislocation_scale': 0.09931481310257577, 'gb_scale': 0.21440314149286105, 'gd_bubble_scale': 1.9437034076455693, 'gd_line_scale': 0.21198920560243717, 'gd_line_alpha': 0.589090478017376, 'coalescence_d_scale': 0.38588586892475646, 'capture_scale': 0.3932897923315798}. Best is trial 1 with value: 2.553181948962033.Best trial: 1. Best value: 2.55318:   1%|          | 12/1500 [00:50<1:30:23,  3.64s/it]Best trial: 1. Best value: 2.55318:   1%|          | 12/1500 [00:50<1:30:23,  3.64s/it]Best trial: 1. Best value: 2.55318:   1%|          | 13/1500 [00:50<1:33:51,  3.79s/it]                                                                                       Best trial: 1. Best value: 2.55318:   1%|          | 13/1500 [00:55<1:33:51,  3.79s/it]Best trial: 1. Best value: 2.55318:   1%|          | 13/1500 [00:55<1:33:51,  3.79s/it]Best trial: 1. Best value: 2.55318:   1%|          | 14/1500 [00:55<1:43:08,  4.16s/it]                                                                                       Best trial: 1. Best value: 2.55318:   1%|          | 14/1500 [00:59<1:43:08,  4.16s/it]Best trial: 1. Best value: 2.55318:   1%|          | 14/1500 [00:59<1:43:08,  4.16s/it]Best trial: 1. Best value: 2.55318:   1%|          | 15/1500 [00:59<1:46:37,  4.31s/it]                                                                                       Best trial: 1. Best value: 2.55318:   1%|          | 15/1500 [01:03<1:46:37,  4.31s/it]Best trial: 1. Best value: 2.55318:   1%|          | 15/1500 [01:03<1:46:37,  4.31s/it]Best trial: 1. Best value: 2.55318:   1%|          | 16/1500 [01:03<1:45:18,  4.26s/it]                                                                                       Best trial: 1. Best value: 2.55318:   1%|          | 16/1500 [01:11<1:45:18,  4.26s/it]Best trial: 1. Best value: 2.55318:   1%|          | 16/1500 [01:11<1:45:18,  4.26s/it]Best trial: 1. Best value: 2.55318:   1%|          | 17/1500 [01:11<2:07:21,  5.15s/it]                                                                                       Best trial: 1. Best value: 2.55318:   1%|          | 17/1500 [01:13<2:07:21,  5.15s/it]Best trial: 1. Best value: 2.55318:   1%|          | 17/1500 [01:13<2:07:21,  5.15s/it]Best trial: 1. Best value: 2.55318:   1%|          | 18/1500 [01:13<1:49:00,  4.41s/it]                                                                                       Best trial: 1. Best value: 2.55318:   1%|          | 18/1500 [01:17<1:49:00,  4.41s/it]Best trial: 1. Best value: 2.55318:   1%|          | 18/1500 [01:17<1:49:00,  4.41s/it]Best trial: 1. Best value: 2.55318:   1%|▏         | 19/1500 [01:17<1:43:33,  4.20s/it]                                                                                       Best trial: 1. Best value: 2.55318:   1%|▏         | 19/1500 [01:21<1:43:33,  4.20s/it]Best trial: 1. Best value: 2.55318:   1%|▏         | 19/1500 [01:21<1:43:33,  4.20s/it]Best trial: 1. Best value: 2.55318:   1%|▏         | 20/1500 [01:21<1:44:49,  4.25s/it]                                                                                       Best trial: 1. Best value: 2.55318:   1%|▏         | 20/1500 [01:26<1:44:49,  4.25s/it]Best trial: 1. Best value: 2.55318:   1%|▏         | 20/1500 [01:26<1:44:49,  4.25s/it]Best trial: 1. Best value: 2.55318:   1%|▏         | 21/1500 [01:26<1:50:32,  4.48s/it]                                                                                       Best trial: 1. Best value: 2.55318:   1%|▏         | 21/1500 [01:31<1:50:32,  4.48s/it]Best trial: 1. Best value: 2.55318:   1%|▏         | 21/1500 [01:31<1:50:32,  4.48s/it]Best trial: 1. Best value: 2.55318:   1%|▏         | 22/1500 [01:31<1:48:19,  4.40s/it]                                                                                       Best trial: 1. Best value: 2.55318:   1%|▏         | 22/1500 [01:35<1:48:19,  4.40s/it]Best trial: 1. Best value: 2.55318:   1%|▏         | 22/1500 [01:35<1:48:19,  4.40s/it]Best trial: 1. Best value: 2.55318:   2%|▏         | 23/1500 [01:35<1:46:35,  4.33s/it]                                                                                       
[I 2026-05-02 18:53:43,494] Trial 13 finished with value: 3.5835862247701935 and parameters: {'f_n': 4.068138142774928e-09, 'K_d': 318389.9702099968, 'rho_d': 5067182784709.882, 'fission_rate': 5.732474138739587e+19, 'D2_xe_scale': 0.028469879087465726, 'Dg_D1_scale': 0.3120483765324369, 'Dg_D3_scale': 0.1573957339518099, 'Dv_D1_scale': 0.22401674967870994, 'Dv_D2_scale': 1.2539459332021459, 'b_bulk_scale': 0.9867515796156697, 'b_dislocation_scale': 0.18301153440439716, 'gb_scale': 3.8597150673036102, 'gd_bubble_scale': 0.20101056625660502, 'gd_line_scale': 1.364925825535744, 'gd_line_alpha': 0.7384200530731635, 'coalescence_d_scale': 1.6927640494991352, 'capture_scale': 0.06467081946933198}. Best is trial 1 with value: 2.553181948962033.
[I 2026-05-02 18:53:48,134] Trial 14 finished with value: 5.868669681555982 and parameters: {'f_n': 2.499197738460535e-06, 'K_d': 865258.3593470897, 'rho_d': 79218262907414.95, 'fission_rate': 6.2599637445658984e+19, 'D2_xe_scale': 4.570752823060705, 'Dg_D1_scale': 0.27831635437517765, 'Dg_D3_scale': 1.4916511984813434, 'Dv_D1_scale': 1.3448623872690322, 'Dv_D2_scale': 2.060982156969503, 'b_bulk_scale': 0.36345896368390035, 'b_dislocation_scale': 0.03138112822814998, 'gb_scale': 0.2083689047203716, 'gd_bubble_scale': 2.7364466640018383, 'gd_line_scale': 0.21781809829004545, 'gd_line_alpha': 0.4643319076437642, 'coalescence_d_scale': 0.10077328470983621, 'capture_scale': 0.0104525909983261}. Best is trial 1 with value: 2.553181948962033.
[I 2026-05-02 18:53:52,273] Trial 15 finished with value: 3.1953444589267024 and parameters: {'f_n': 6.23272759920937e-08, 'K_d': 354081.1150407294, 'rho_d': 7887662996009.579, 'fission_rate': 7.214696109511726e+19, 'D2_xe_scale': 0.29113553832764666, 'Dg_D1_scale': 1.102613592636749, 'Dg_D3_scale': 0.4092565736077906, 'Dv_D1_scale': 0.34951351100753536, 'Dv_D2_scale': 0.5625359460888154, 'b_bulk_scale': 1.7992929694729676, 'b_dislocation_scale': 0.07472500343683774, 'gb_scale': 0.056728262561538026, 'gd_bubble_scale': 1.0580700569598938, 'gd_line_scale': 1.107876111739263, 'gd_line_alpha': 0.23375602825488162, 'coalescence_d_scale': 0.4427140504341944, 'capture_scale': 1.0803294915152752}. Best is trial 1 with value: 2.553181948962033.
[I 2026-05-02 18:53:59,506] Trial 16 finished with value: 3.7415228453101714 and parameters: {'f_n': 1.614755047979133e-10, 'K_d': 173422.15377844078, 'rho_d': 7945526449899.267, 'fission_rate': 4.007560173322505e+19, 'D2_xe_scale': 0.2823464841873715, 'Dg_D1_scale': 1.4929293501933527, 'Dg_D3_scale': 0.23531530928470848, 'Dv_D1_scale': 0.3813049644686386, 'Dv_D2_scale': 0.4882337264220012, 'b_bulk_scale': 1.4323263677402354, 'b_dislocation_scale': 0.062308591448249386, 'gb_scale': 0.12143453723466607, 'gd_bubble_scale': 1.0798189662720519, 'gd_line_scale': 1.2129454211249582, 'gd_line_alpha': 0.20584869671510125, 'coalescence_d_scale': 0.45537183137021214, 'capture_scale': 1.073485435693079}. Best is trial 1 with value: 2.553181948962033.
