[I 2026-05-02 19:49:48,405] Trial 680 finished with value: 1.7790438418734134 and parameters: {'f_n': 1.3451243786897793e-06, 'K_d': 1050652.873393311, 'rho_d': 12957763692847.178, 'fission_rate': 5.609967559571413e+19, 'D2_xe_scale': 1.6921566480120178, 'Dg_D1_scale': 0.204262990238554, 'Dg_D3_scale': 1.3970599750868613, 'Dv_D1_scale': 0.25165804412499465, 'Dv_D2_scale': 3.731420571387133, 'b_bulk_scale': 0.1904300709411948, 'b_dislocation_scale': 0.11992076733835605, 'gb_scale': 3.425940387548177, 'gd_bubble_scale': 9.046079377659318, 'gd_line_scale': 6.189741418934684, 'gd_line_alpha': 0.3185292572601804, 'coalescence_d_scale': 0.6028418518256987, 'capture_scale': 7.180500424571089}. Best is trial 678 with value: 1.749291878123438.
[I 2026-05-02 19:49:53,375] Trial 681 finished with value: 1.914635945098953 and parameters: {'f_n': 1.4045790525535063e-06, 'K_d': 1126694.635736694, 'rho_d': 12700190512104.69, 'fission_rate': 5.611336547840265e+19, 'D2_xe_scale': 2.100014538757813, 'Dg_D1_scale': 0.20772091854780933, 'Dg_D3_scale': 1.3977456389728298, 'Dv_D1_scale': 0.2481140536680094, 'Dv_D2_scale': 3.7267778976703356, 'b_bulk_scale': 0.1940385701909311, 'b_dislocation_scale': 0.14653095722048554, 'gb_scale': 3.2990811644591633, 'gd_bubble_scale': 9.125932863568929, 'gd_line_scale': 6.232444141784196, 'gd_line_alpha': 0.3408028627942621, 'coalescence_d_scale': 0.61284240042465, 'capture_scale': 7.185321293993894}. Best is trial 678 with value: 1.749291878123438.
[I 2026-05-02 19:49:58,400] Trial 682 finished with value: 1.7839402115940655 and parameters: {'f_n': 1.3398678671609677e-06, 'K_d': 1077527.127583831, 'rho_d': 13169782013015.973, 'fission_rate': 5.5998163010562015e+19, 'D2_xe_scale': 1.7100612180447825, 'Dg_D1_scale': 0.21760549578486216, 'Dg_D3_scale': 1.4488598398899368, 'Dv_D1_scale': 0.2550019354113423, 'Dv_D2_scale': 3.7721940591368996, 'b_bulk_scale': 0.17444406429389847, 'b_dislocation_scale': 0.12034087960130194, 'gb_scale': 3.288918494417523, 'gd_bubble_scale': 9.970107429263669, 'gd_line_scale': 6.130272442091971, 'gd_line_alpha': 0.3119549134390089, 'coalescence_d_scale': 0.6634965668091606, 'capture_scale': 7.926410799239755}. Best is trial 678 with value: 1.749291878123438.
[I 2026-05-02 19:50:03,447] Trial 683 finished with value: 1.7842325901069465 and parameters: {'f_n': 1.3086635410967695e-06, 'K_d': 1102207.2230271504, 'rho_d': 12481644305969.996, 'fission_rate': 5.603609503945081e+19, 'D2_xe_scale': 1.5508603892430817, 'Dg_D1_scale': 0.23368908085610732, 'Dg_D3_scale': 1.346965778831647, 'Dv_D1_scale': 0.2795354392096316, 'Dv_D2_scale': 3.5596678300426876, 'b_bulk_scale': 0.21016019821022341, 'b_dislocation_scale': 0.1298086413152315, 'gb_scale': 3.290083074142957, 'gd_bubble_scale': 9.049952901625996, 'gd_line_scale': 6.455229214024396, 'gd_line_alpha': 0.32584137522843887, 'coalescence_d_scale': 0.7462580758816507, 'capture_scale': 7.955891509262784}. Best is trial 678 with value: 1.749291878123438.
[I 2026-05-02 19:50:08,423] Trial 684 finished with value: 1.813150660699623 and parameters: {'f_n': 1.5449137162894424e-06, 'K_d': 1006839.2638214738, 'rho_d': 13340129950519.36, 'fission_rate': 5.6794180717204636e+19, 'D2_xe_scale': 1.3173449651990776, 'Dg_D1_scale': 0.20250733660350007, 'Dg_D3_scale': 1.5463424548229279, 'Dv_D1_scale': 0.2379049962254329, 'Dv_D2_scale': 3.7000508541843, 'b_bulk_scale': 0.172616592698726, 'b_dislocation_scale': 0.11812567841874946, 'gb_scale': 3.439052720089471, 'gd_bubble_scale': 8.282306105416163, 'gd_line_scale': 6.208075803570225, 'gd_line_alpha': 0.29937498329264, 'coalescence_d_scale': 0.6028016055316836, 'capture_scale': 7.094799700884247}. Best is trial 678 with value: 1.749291878123438.Best trial: 678. Best value: 1.74929:  46%|████▌     | 684/1500 [57:20<1:06:14,  4.87s/it]Best trial: 678. Best value: 1.74929:  46%|████▌     | 684/1500 [57:20<1:06:14,  4.87s/it]Best trial: 678. Best value: 1.74929:  46%|████▌     | 685/1500 [57:20<1:06:36,  4.90s/it]                                                                                          Best trial: 678. Best value: 1.74929:  46%|████▌     | 685/1500 [57:24<1:06:36,  4.90s/it]Best trial: 678. Best value: 1.74929:  46%|████▌     | 685/1500 [57:25<1:06:36,  4.90s/it]Best trial: 678. Best value: 1.74929:  46%|████▌     | 686/1500 [57:25<1:06:49,  4.93s/it]                                                                                          Best trial: 678. Best value: 1.74929:  46%|████▌     | 686/1500 [57:28<1:06:49,  4.93s/it]Best trial: 678. Best value: 1.74929:  46%|████▌     | 686/1500 [57:28<1:06:49,  4.93s/it]Best trial: 678. Best value: 1.74929:  46%|████▌     | 687/1500 [57:28<1:00:33,  4.47s/it]                                                                                          Best trial: 678. Best value: 1.74929:  46%|████▌     | 687/1500 [57:33<1:00:33,  4.47s/it]Best trial: 678. Best value: 1.74929:  46%|████▌     | 687/1500 [57:33<1:00:33,  4.47s/it]Best trial: 678. Best value: 1.74929:  46%|████▌     | 688/1500 [57:33<1:02:29,  4.62s/it]                                                                                          Best trial: 678. Best value: 1.74929:  46%|████▌     | 688/1500 [57:38<1:02:29,  4.62s/it]Best trial: 678. Best value: 1.74929:  46%|████▌     | 688/1500 [57:38<1:02:29,  4.62s/it]Best trial: 678. Best value: 1.74929:  46%|████▌     | 689/1500 [57:38<1:04:14,  4.75s/it]                                                                                          Best trial: 678. Best value: 1.74929:  46%|████▌     | 689/1500 [57:43<1:04:14,  4.75s/it]Best trial: 678. Best value: 1.74929:  46%|████▌     | 689/1500 [57:43<1:04:14,  4.75s/it]Best trial: 678. Best value: 1.74929:  46%|████▌     | 690/1500 [57:43<1:04:53,  4.81s/it]                                                                                          Best trial: 678. Best value: 1.74929:  46%|████▌     | 690/1500 [57:48<1:04:53,  4.81s/it]Best trial: 678. Best value: 1.74929:  46%|████▌     | 690/1500 [57:48<1:04:53,  4.81s/it]Best trial: 678. Best value: 1.74929:  46%|████▌     | 691/1500 [57:48<1:05:44,  4.88s/it]                                                                                          Best trial: 678. Best value: 1.74929:  46%|████▌     | 691/1500 [57:53<1:05:44,  4.88s/it]Best trial: 678. Best value: 1.74929:  46%|████▌     | 691/1500 [57:53<1:05:44,  4.88s/it]Best trial: 678. Best value: 1.74929:  46%|████▌     | 692/1500 [57:53<1:06:29,  4.94s/it]                                                                                          Best trial: 678. Best value: 1.74929:  46%|████▌     | 692/1500 [57:56<1:06:29,  4.94s/it]Best trial: 678. Best value: 1.74929:  46%|████▌     | 692/1500 [57:56<1:06:29,  4.94s/it]Best trial: 678. Best value: 1.74929:  46%|████▌     | 693/1500 [57:56<1:00:04,  4.47s/it]                                                                                          Best trial: 678. Best value: 1.74929:  46%|████▌     | 693/1500 [58:01<1:00:04,  4.47s/it]Best trial: 678. Best value: 1.74929:  46%|████▌     | 693/1500 [58:01<1:00:04,  4.47s/it]Best trial: 678. Best value: 1.74929:  46%|████▋     | 694/1500 [58:01<1:01:55,  4.61s/it]                                                                                          Best trial: 678. Best value: 1.74929:  46%|████▋     | 694/1500 [58:06<1:01:55,  4.61s/it]Best trial: 678. Best value: 1.74929:  46%|████▋     | 694/1500 [58:06<1:01:55,  4.61s/it]Best trial: 678. Best value: 1.74929:  46%|████▋     | 695/1500 [58:06<1:03:24,  4.73s/it]                                                                                          
[I 2026-05-02 19:50:13,402] Trial 685 finished with value: 1.9802937324685566 and parameters: {'f_n': 1.4038946506088436e-06, 'K_d': 1188113.2496985728, 'rho_d': 12807711736735.01, 'fission_rate': 5.593850007892593e+19, 'D2_xe_scale': 2.034313079006776, 'Dg_D1_scale': 0.18820606916628665, 'Dg_D3_scale': 1.402381537271232, 'Dv_D1_scale': 0.26477132063619807, 'Dv_D2_scale': 3.998619106363312, 'b_bulk_scale': 0.19222652016846145, 'b_dislocation_scale': 0.1581720875265246, 'gb_scale': 3.5890580680389887, 'gd_bubble_scale': 9.130734922980043, 'gd_line_scale': 7.003812024307747, 'gd_line_alpha': 0.3165997751649019, 'coalescence_d_scale': 0.6884662628103804, 'capture_scale': 6.827854504417935}. Best is trial 678 with value: 1.749291878123438.
[I 2026-05-02 19:50:16,809] Trial 686 finished with value: 1.906057338914155 and parameters: {'f_n': 1.654078593084287e-06, 'K_d': 1045381.6860849129, 'rho_d': 13875041360486.076, 'fission_rate': 5.655717371270067e+19, 'D2_xe_scale': 1.3144094008684222, 'Dg_D1_scale': 0.21618816274687952, 'Dg_D3_scale': 1.6566082134423978, 'Dv_D1_scale': 0.2549375239837696, 'Dv_D2_scale': 3.990081396816108, 'b_bulk_scale': 0.17023916429172883, 'b_dislocation_scale': 0.1396770936309594, 'gb_scale': 3.2770239694782024, 'gd_bubble_scale': 8.435549620799904, 'gd_line_scale': 6.102817928843933, 'gd_line_alpha': 0.2868126785045699, 'coalescence_d_scale': 0.8037347513127745, 'capture_scale': 7.070192244654256}. Best is trial 678 with value: 1.749291878123438.
[I 2026-05-02 19:50:21,768] Trial 687 finished with value: 1.8206478085276625 and parameters: {'f_n': 1.7218228320084265e-06, 'K_d': 1036921.1575244686, 'rho_d': 13485324601260.107, 'fission_rate': 5.704947006374345e+19, 'D2_xe_scale': 1.694240542641305, 'Dg_D1_scale': 0.20377780066987763, 'Dg_D3_scale': 1.3412893119521605, 'Dv_D1_scale': 0.2753485645138705, 'Dv_D2_scale': 3.4644642364851843, 'b_bulk_scale': 0.1534822528185617, 'b_dislocation_scale': 0.1094297388133909, 'gb_scale': 3.6631118550951136, 'gd_bubble_scale': 8.331688742399733, 'gd_line_scale': 6.838195513902149, 'gd_line_alpha': 0.3285300870139381, 'coalescence_d_scale': 0.6643455391592836, 'capture_scale': 6.039531790464567}. Best is trial 678 with value: 1.749291878123438.
[I 2026-05-02 19:50:26,837] Trial 688 finished with value: 2.241678475895399 and parameters: {'f_n': 1.333289601286482e-06, 'K_d': 158468.30008356593, 'rho_d': 12698145778616.768, 'fission_rate': 5.572809397433861e+19, 'D2_xe_scale': 1.1510300128888786, 'Dg_D1_scale': 0.23414603863425232, 'Dg_D3_scale': 1.488166193075783, 'Dv_D1_scale': 0.23092427407336513, 'Dv_D2_scale': 3.764931986929889, 'b_bulk_scale': 0.9486703179655585, 'b_dislocation_scale': 0.12272144332817844, 'gb_scale': 3.7967137508932542, 'gd_bubble_scale': 9.097461999523885, 'gd_line_scale': 7.03987029606137, 'gd_line_alpha': 0.4633685560657221, 'coalescence_d_scale': 0.7350411521921694, 'capture_scale': 7.081677319490703}. Best is trial 678 with value: 1.749291878123438.
[I 2026-05-02 19:50:31,772] Trial 689 finished with value: 1.9438093082759582 and parameters: {'f_n': 1.7620297048786897e-06, 'K_d': 975520.304360831, 'rho_d': 13712512508199.152, 'fission_rate': 5.667265270638361e+19, 'D2_xe_scale': 2.352308803605931, 'Dg_D1_scale': 0.18999663411041648, 'Dg_D3_scale': 1.5692973057690431, 'Dv_D1_scale': 0.2920738434226002, 'Dv_D2_scale': 3.5824153521292468, 'b_bulk_scale': 0.1498225866517417, 'b_dislocation_scale': 0.1356699239497213, 'gb_scale': 3.358830290609428, 'gd_bubble_scale': 9.926894904625243, 'gd_line_scale': 6.0307361954421355, 'gd_line_alpha': 0.2901839161499013, 'coalescence_d_scale': 0.5967128257626575, 'capture_scale': 6.027440550685266}. Best is trial 678 with value: 1.749291878123438.
[I 2026-05-02 19:50:36,809] Trial 690 finished with value: 1.788746072108636 and parameters: {'f_n': 1.3787647265023272e-06, 'K_d': 1075964.6814300448, 'rho_d': 13904320932296.055, 'fission_rate': 5.721148825474772e+19, 'D2_xe_scale': 1.4862970901945105, 'Dg_D1_scale': 0.19986747265571803, 'Dg_D3_scale': 1.4553609535030274, 'Dv_D1_scale': 0.2677211306445204, 'Dv_D2_scale': 3.447805657130384, 'b_bulk_scale': 0.18942745834299024, 'b_dislocation_scale': 0.108077621366552, 'gb_scale': 3.7610438743437653, 'gd_bubble_scale': 8.27120065768853, 'gd_line_scale': 6.851448964058385, 'gd_line_alpha': 0.28853586486794425, 'coalescence_d_scale': 0.8288010711118337, 'capture_scale': 7.005156831789796}. Best is trial 678 with value: 1.749291878123438.
[I 2026-05-02 19:50:41,882] Trial 691 finished with value: 1.7807717967891687 and parameters: {'f_n': 1.8322683505929317e-06, 'K_d': 958527.1139587573, 'rho_d': 14443783289611.893, 'fission_rate': 5.5896136749249495e+19, 'D2_xe_scale': 1.034988978483249, 'Dg_D1_scale': 0.2196950424736607, 'Dg_D3_scale': 1.3577397441293582, 'Dv_D1_scale': 0.3055841340233496, 'Dv_D2_scale': 3.760506156111786, 'b_bulk_scale': 0.1671244333293607, 'b_dislocation_scale': 0.11602806803269063, 'gb_scale': 3.8910457994960095, 'gd_bubble_scale': 8.903729384086366, 'gd_line_scale': 7.15444890490535, 'gd_line_alpha': 0.2837053615782645, 'coalescence_d_scale': 0.7247221876056614, 'capture_scale': 7.855690365569575}. Best is trial 678 with value: 1.749291878123438.
[I 2026-05-02 19:50:45,250] Trial 692 finished with value: 2.059410276119239 and parameters: {'f_n': 1.6356350549016593e-06, 'K_d': 1136263.1811816846, 'rho_d': 12718457857707.041, 'fission_rate': 5.547745406483245e+19, 'D2_xe_scale': 0.978092699156473, 'Dg_D1_scale': 0.22882565860811657, 'Dg_D3_scale': 1.3657075819234044, 'Dv_D1_scale': 0.2936342442096955, 'Dv_D2_scale': 0.3329027574719574, 'b_bulk_scale': 0.16811516683992078, 'b_dislocation_scale': 0.1177124282657434, 'gb_scale': 3.5546227574371825, 'gd_bubble_scale': 9.030567942090995, 'gd_line_scale': 6.14368125874786, 'gd_line_alpha': 0.31476775872173424, 'coalescence_d_scale': 0.6531382116640222, 'capture_scale': 7.322090103186062}. Best is trial 678 with value: 1.749291878123438.
[I 2026-05-02 19:50:50,201] Trial 693 finished with value: 1.8726549765269629 and parameters: {'f_n': 1.30868230260019e-06, 'K_d': 1005299.1456792977, 'rho_d': 14376926115855.814, 'fission_rate': 5.603563220539213e+19, 'D2_xe_scale': 0.7036781416276356, 'Dg_D1_scale': 0.21625171995052, 'Dg_D3_scale': 1.6918429827103858, 'Dv_D1_scale': 0.29774043341690287, 'Dv_D2_scale': 3.6343238046925683, 'b_bulk_scale': 0.20804812291112884, 'b_dislocation_scale': 0.1332582795549036, 'gb_scale': 3.238867741925415, 'gd_bubble_scale': 9.939449952779414, 'gd_line_scale': 6.745001432771568, 'gd_line_alpha': 0.28097361707272483, 'coalescence_d_scale': 0.5918966130512894, 'capture_scale': 6.307040571445206}. Best is trial 678 with value: 1.749291878123438.
[I 2026-05-02 19:50:55,202] Trial 694 finished with value: 1.9056885330799616 and parameters: {'f_n': 1.7144323389033431e-06, 'K_d': 962544.105992607, 'rho_d': 13312045465042.572, 'fission_rate': 5.658802113571447e+19, 'D2_xe_scale': 0.8208817350688545, 'Dg_D1_scale': 0.2337946703163443, 'Dg_D3_scale': 0.6335194944399728, 'Dv_D1_scale': 0.2578068308852995, 'Dv_D2_scale': 3.7659052660665275, 'b_bulk_scale': 0.156236356241655, 'b_dislocation_scale': 0.11490606612048333, 'gb_scale': 3.8484018922496834, 'gd_bubble_scale': 8.998721099886989, 'gd_line_scale': 7.135737250340767, 'gd_line_alpha': 0.30393135771135643, 'coalescence_d_scale': 0.7231920343109036, 'capture_scale': 7.981688487987989}. Best is trial 678 with value: 1.749291878123438.
[I 2026-05-02 19:51:00,288] Trial 695 finished with value: 2.0871102916245823 and parameters: {'f_n': 1.4230431101612303e-07, 'K_d': 1050478.8618623756, 'rho_d': 14502015576353.467, 'fission_rate': 5.569700774334155e+19, 'D2_xe_scale': 1.2292227285190258, 'Dg_D1_scale': 0.21292397967776083, 'Dg_D3_scale': 1.5322764859084776, 'Dv_D1_scale': 0.30976314157480944, 'Dv_D2_scale': 3.4992292131097447, 'b_bulk_scale': 0.16529899191477979, 'b_dislocation_scale': 0.15575728220999846, 'gb_scale': 3.9193931376707525, 'gd_bubble_scale': 8.239520589058126, 'gd_line_scale': 6.333037889779561, 'gd_line_alpha': 0.28186110220117905, 'coalescence_d_scale': 0.6546770032962508, 'capture_scale': 7.859836017918497}. Best is trial 678 with value: 1.749291878123438.Best trial: 678. Best value: 1.74929:  46%|████▋     | 695/1500 [58:11<1:03:24,  4.73s/it]Best trial: 678. Best value: 1.74929:  46%|████▋     | 695/1500 [58:11<1:03:24,  4.73s/it]Best trial: 678. Best value: 1.74929:  46%|████▋     | 696/1500 [58:11<1:04:47,  4.84s/it]                                                                                          Best trial: 678. Best value: 1.74929:  46%|████▋     | 696/1500 [58:16<1:04:47,  4.84s/it]Best trial: 678. Best value: 1.74929:  46%|████▋     | 696/1500 [58:16<1:04:47,  4.84s/it]Best trial: 678. Best value: 1.74929:  46%|████▋     | 697/1500 [58:16<1:05:07,  4.87s/it]                                                                                          Best trial: 678. Best value: 1.74929:  46%|████▋     | 697/1500 [58:20<1:05:07,  4.87s/it]Best trial: 678. Best value: 1.74929:  46%|████▋     | 697/1500 [58:20<1:05:07,  4.87s/it]Best trial: 678. Best value: 1.74929:  47%|████▋     | 698/1500 [58:20<1:01:05,  4.57s/it]                                                                                          Best trial: 678. Best value: 1.74929:  47%|████▋     | 698/1500 [58:25<1:01:05,  4.57s/it]Best trial: 678. Best value: 1.74929:  47%|████▋     | 698/1500 [58:25<1:01:05,  4.57s/it]Best trial: 678. Best value: 1.74929:  47%|████▋     | 699/1500 [58:25<1:02:04,  4.65s/it]                                                                                          Best trial: 678. Best value: 1.74929:  47%|████▋     | 699/1500 [58:28<1:02:04,  4.65s/it]Best trial: 678. Best value: 1.74929:  47%|████▋     | 699/1500 [58:28<1:02:04,  4.65s/it]Best trial: 678. Best value: 1.74929:  47%|████▋     | 700/1500 [58:28<56:50,  4.26s/it]                                                                                          Best trial: 678. Best value: 1.74929:  47%|████▋     | 700/1500 [58:33<56:50,  4.26s/it]Best trial: 678. Best value: 1.74929:  47%|████▋     | 700/1500 [58:34<56:50,  4.26s/it]Best trial: 678. Best value: 1.74929:  47%|████▋     | 701/1500 [58:34<59:51,  4.49s/it]                                                                                        Best trial: 678. Best value: 1.74929:  47%|████▋     | 701/1500 [58:38<59:51,  4.49s/it]Best trial: 678. Best value: 1.74929:  47%|████▋     | 701/1500 [58:38<59:51,  4.49s/it]Best trial: 678. Best value: 1.74929:  47%|████▋     | 702/1500 [58:38<1:01:37,  4.63s/it]                                                                                          Best trial: 678. Best value: 1.74929:  47%|████▋     | 702/1500 [58:43<1:01:37,  4.63s/it]Best trial: 678. Best value: 1.74929:  47%|████▋     | 702/1500 [58:43<1:01:37,  4.63s/it]Best trial: 678. Best value: 1.74929:  47%|████▋     | 703/1500 [58:43<1:02:58,  4.74s/it]                                                                                          Best trial: 678. Best value: 1.74929:  47%|████▋     | 703/1500 [58:48<1:02:58,  4.74s/it]Best trial: 678. Best value: 1.74929:  47%|████▋     | 703/1500 [58:48<1:02:58,  4.74s/it]Best trial: 678. Best value: 1.74929:  47%|████▋     | 704/1500 [58:48<1:03:46,  4.81s/it]                                                                                          Best trial: 678. Best value: 1.74929:  47%|████▋     | 704/1500 [58:53<1:03:46,  4.81s/it]Best trial: 678. Best value: 1.74929:  47%|████▋     | 704/1500 [58:53<1:03:46,  4.81s/it]Best trial: 678. Best value: 1.74929:  47%|████▋     | 705/1500 [58:53<1:04:14,  4.85s/it]                                                                                          Best trial: 678. Best value: 1.74929:  47%|████▋     | 705/1500 [58:57<1:04:14,  4.85s/it]Best trial: 678. Best value: 1.74929:  47%|████▋     | 705/1500 [58:57<1:04:14,  4.85s/it]Best trial: 678. Best value: 1.74929:  47%|████▋     | 706/1500 [58:57<58:14,  4.40s/it]                                                                                          
[I 2026-05-02 19:51:05,226] Trial 696 finished with value: 1.8411632474934871 and parameters: {'f_n': 1.3118972337642504e-06, 'K_d': 927498.4404585054, 'rho_d': 12600497282901.137, 'fission_rate': 5.713290458760695e+19, 'D2_xe_scale': 1.8529047033639923, 'Dg_D1_scale': 0.20152129133866573, 'Dg_D3_scale': 1.4172972616000843, 'Dv_D1_scale': 0.28042845066932964, 'Dv_D2_scale': 3.3751635525304367, 'b_bulk_scale': 0.18971745757682554, 'b_dislocation_scale': 0.1061107337730465, 'gb_scale': 3.449298460174643, 'gd_bubble_scale': 9.986435918937834, 'gd_line_scale': 7.459122964028153, 'gd_line_alpha': 0.32297766389458993, 'coalescence_d_scale': 0.728033285327842, 'capture_scale': 6.263304280248248}. Best is trial 678 with value: 1.749291878123438.
[I 2026-05-02 19:51:09,102] Trial 697 finished with value: 1.9726541766822248 and parameters: {'f_n': 1.8310088707170326e-06, 'K_d': 980438.2178866165, 'rho_d': 13462735524678.533, 'fission_rate': 7.570222265396222e+19, 'D2_xe_scale': 1.0311989717506984, 'Dg_D1_scale': 0.2199166335901701, 'Dg_D3_scale': 1.3471878150057361, 'Dv_D1_scale': 0.31100660136355224, 'Dv_D2_scale': 3.997227877667734, 'b_bulk_scale': 0.14764816115744603, 'b_dislocation_scale': 0.12508512707379485, 'gb_scale': 3.8537803319598196, 'gd_bubble_scale': 9.070443335711284, 'gd_line_scale': 7.261289337055016, 'gd_line_alpha': 0.2762951844117216, 'coalescence_d_scale': 0.5875857316269274, 'capture_scale': 6.916755567393044}. Best is trial 678 with value: 1.749291878123438.
