[I 2026-05-02 19:44:11,530] Trial 607 finished with value: 1.8069649338658385 and parameters: {'f_n': 1.8140140068970974e-06, 'K_d': 733824.7940727292, 'rho_d': 15058978430518.463, 'fission_rate': 6.068946133233585e+19, 'D2_xe_scale': 0.39438573675848126, 'Dg_D1_scale': 0.20980331118664214, 'Dg_D3_scale': 1.347891570648546, 'Dv_D1_scale': 0.4220670202668652, 'Dv_D2_scale': 2.9261873718143154, 'b_bulk_scale': 0.08495975369188301, 'b_dislocation_scale': 0.07397286605375715, 'gb_scale': 5.692024118148893, 'gd_bubble_scale': 7.716773026727626, 'gd_line_scale': 8.940358151669603, 'gd_line_alpha': 0.18285056934574698, 'coalescence_d_scale': 0.8568016189390266, 'capture_scale': 5.383129261965927}. Best is trial 579 with value: 1.7647965169627051.Best trial: 579. Best value: 1.7648:  40%|████      | 607/1500 [51:23<58:35,  3.94s/it]Best trial: 579. Best value: 1.7648:  40%|████      | 607/1500 [51:23<58:35,  3.94s/it]Best trial: 579. Best value: 1.7648:  41%|████      | 608/1500 [51:23<1:01:47,  4.16s/it]                                                                                         Best trial: 579. Best value: 1.7648:  41%|████      | 608/1500 [51:27<1:01:47,  4.16s/it]Best trial: 579. Best value: 1.7648:  41%|████      | 608/1500 [51:27<1:01:47,  4.16s/it]Best trial: 579. Best value: 1.7648:  41%|████      | 609/1500 [51:27<1:04:07,  4.32s/it]                                                                                         Best trial: 579. Best value: 1.7648:  41%|████      | 609/1500 [51:32<1:04:07,  4.32s/it]Best trial: 579. Best value: 1.7648:  41%|████      | 609/1500 [51:32<1:04:07,  4.32s/it]Best trial: 579. Best value: 1.7648:  41%|████      | 610/1500 [51:32<1:05:56,  4.45s/it]                                                                                         Best trial: 579. Best value: 1.7648:  41%|████      | 610/1500 [51:37<1:05:56,  4.45s/it]Best trial: 579. Best value: 1.7648:  41%|████      | 610/1500 [51:37<1:05:56,  4.45s/it]Best trial: 579. Best value: 1.7648:  41%|████      | 611/1500 [51:37<1:07:30,  4.56s/it]                                                                                         Best trial: 579. Best value: 1.7648:  41%|████      | 611/1500 [51:41<1:07:30,  4.56s/it]Best trial: 579. Best value: 1.7648:  41%|████      | 611/1500 [51:41<1:07:30,  4.56s/it]Best trial: 579. Best value: 1.7648:  41%|████      | 612/1500 [51:41<1:07:13,  4.54s/it]                                                                                         Best trial: 579. Best value: 1.7648:  41%|████      | 612/1500 [51:46<1:07:13,  4.54s/it]Best trial: 579. Best value: 1.7648:  41%|████      | 612/1500 [51:46<1:07:13,  4.54s/it]Best trial: 579. Best value: 1.7648:  41%|████      | 613/1500 [51:46<1:08:42,  4.65s/it]                                                                                         Best trial: 579. Best value: 1.7648:  41%|████      | 613/1500 [51:49<1:08:42,  4.65s/it]Best trial: 579. Best value: 1.7648:  41%|████      | 613/1500 [51:49<1:08:42,  4.65s/it]Best trial: 579. Best value: 1.7648:  41%|████      | 614/1500 [51:49<1:01:58,  4.20s/it]                                                                                         Best trial: 579. Best value: 1.7648:  41%|████      | 614/1500 [51:54<1:01:58,  4.20s/it]Best trial: 579. Best value: 1.7648:  41%|████      | 614/1500 [51:54<1:01:58,  4.20s/it]Best trial: 579. Best value: 1.7648:  41%|████      | 615/1500 [51:54<1:03:44,  4.32s/it]                                                                                         Best trial: 579. Best value: 1.7648:  41%|████      | 615/1500 [51:59<1:03:44,  4.32s/it]Best trial: 579. Best value: 1.7648:  41%|████      | 615/1500 [51:59<1:03:44,  4.32s/it]Best trial: 579. Best value: 1.7648:  41%|████      | 616/1500 [51:59<1:05:24,  4.44s/it]                                                                                         Best trial: 579. Best value: 1.7648:  41%|████      | 616/1500 [52:04<1:05:24,  4.44s/it]Best trial: 579. Best value: 1.7648:  41%|████      | 616/1500 [52:04<1:05:24,  4.44s/it]Best trial: 579. Best value: 1.7648:  41%|████      | 617/1500 [52:04<1:07:04,  4.56s/it]                                                                                         Best trial: 579. Best value: 1.7648:  41%|████      | 617/1500 [52:08<1:07:04,  4.56s/it]Best trial: 579. Best value: 1.7648:  41%|████      | 617/1500 [52:09<1:07:04,  4.56s/it]Best trial: 579. Best value: 1.7648:  41%|████      | 618/1500 [52:09<1:08:29,  4.66s/it]                                                                                         
[I 2026-05-02 19:44:16,224] Trial 608 finished with value: 2.351293499205888 and parameters: {'f_n': 2.998331240502087e-06, 'K_d': 871291.8586133155, 'rho_d': 16759416336309.725, 'fission_rate': 6.017760155644619e+19, 'D2_xe_scale': 0.2299048108176166, 'Dg_D1_scale': 0.17068877946635239, 'Dg_D3_scale': 1.119913774012824, 'Dv_D1_scale': 0.3736438608849648, 'Dv_D2_scale': 3.5341269385748206, 'b_bulk_scale': 0.597763549888538, 'b_dislocation_scale': 0.08551951256000477, 'gb_scale': 4.965102844962405, 'gd_bubble_scale': 6.234522519466901, 'gd_line_scale': 7.033904421459487, 'gd_line_alpha': 0.21072719889126876, 'coalescence_d_scale': 0.9285322121515718, 'capture_scale': 6.3799933228465475}. Best is trial 579 with value: 1.7647965169627051.
[I 2026-05-02 19:44:20,960] Trial 609 finished with value: 1.8545756271279106 and parameters: {'f_n': 2.3641377916955347e-06, 'K_d': 773626.2480418289, 'rho_d': 18593178815254.766, 'fission_rate': 5.927406084284137e+19, 'D2_xe_scale': 0.14704101985336526, 'Dg_D1_scale': 0.15969780285621357, 'Dg_D3_scale': 0.8618949343979017, 'Dv_D1_scale': 0.3377716398970138, 'Dv_D2_scale': 3.838578441445057, 'b_bulk_scale': 0.10482767338094393, 'b_dislocation_scale': 0.10384731089543416, 'gb_scale': 4.316282539219672, 'gd_bubble_scale': 6.882302397943012, 'gd_line_scale': 8.36671253585557, 'gd_line_alpha': 0.22762296962184175, 'coalescence_d_scale': 0.7528466834231904, 'capture_scale': 3.6772775101487385}. Best is trial 579 with value: 1.7647965169627051.
[I 2026-05-02 19:44:25,782] Trial 610 finished with value: 2.1584034360792197 and parameters: {'f_n': 2.045010171143608e-06, 'K_d': 911535.0949943643, 'rho_d': 14280481367002.225, 'fission_rate': 5.696748400647457e+19, 'D2_xe_scale': 0.1867665211960423, 'Dg_D1_scale': 0.1815184742137011, 'Dg_D3_scale': 1.5861696116813995, 'Dv_D1_scale': 0.405564256442996, 'Dv_D2_scale': 3.997426008516782, 'b_bulk_scale': 0.08472180695848949, 'b_dislocation_scale': 0.07751424299448079, 'gb_scale': 6.716531011607638, 'gd_bubble_scale': 5.852982059070169, 'gd_line_scale': 7.5773455959999465, 'gd_line_alpha': 0.2004824721597221, 'coalescence_d_scale': 0.6651013441087555, 'capture_scale': 4.58454898849091}. Best is trial 579 with value: 1.7647965169627051.
[I 2026-05-02 19:44:30,291] Trial 611 finished with value: 1.882844620360235 and parameters: {'f_n': 2.993327723985068e-06, 'K_d': 816012.2529315364, 'rho_d': 15799479512923.145, 'fission_rate': 6.299471978897965e+19, 'D2_xe_scale': 0.2676947587534048, 'Dg_D1_scale': 0.17228128904366252, 'Dg_D3_scale': 0.9843735631923095, 'Dv_D1_scale': 0.44191959461621455, 'Dv_D2_scale': 3.298446955379312, 'b_bulk_scale': 0.12510764896660617, 'b_dislocation_scale': 0.06904021493381168, 'gb_scale': 5.235297143202147, 'gd_bubble_scale': 7.546989306890655, 'gd_line_scale': 9.14251598762012, 'gd_line_alpha': 0.2543319888613654, 'coalescence_d_scale': 1.1940493814324542, 'capture_scale': 5.30295190442379}. Best is trial 579 with value: 1.7647965169627051.
[I 2026-05-02 19:44:35,184] Trial 612 finished with value: 4.090470197635067 and parameters: {'f_n': 2.427663821307304e-06, 'K_d': 853639.840962435, 'rho_d': 16898420538935.793, 'fission_rate': 5.801326668099117e+19, 'D2_xe_scale': 0.3231348982045424, 'Dg_D1_scale': 0.15911798724383366, 'Dg_D3_scale': 1.2144868432203604, 'Dv_D1_scale': 0.3894793708043064, 'Dv_D2_scale': 3.0726904527687178, 'b_bulk_scale': 0.11475457214012705, 'b_dislocation_scale': 0.08398287166998225, 'gb_scale': 0.05918886645603251, 'gd_bubble_scale': 0.8759646737753867, 'gd_line_scale': 8.00878794768034, 'gd_line_alpha': 0.18150912749207815, 'coalescence_d_scale': 0.8228653395156192, 'capture_scale': 4.154275862116569}. Best is trial 579 with value: 1.7647965169627051.
[I 2026-05-02 19:44:38,324] Trial 613 finished with value: 2.063268331841831 and parameters: {'f_n': 1.8803023969450192e-06, 'K_d': 727259.603080494, 'rho_d': 17909126992800.598, 'fission_rate': 5.976523871272891e+19, 'D2_xe_scale': 0.22223954801541576, 'Dg_D1_scale': 0.19346528067347815, 'Dg_D3_scale': 1.064953383169688, 'Dv_D1_scale': 0.4209682386648831, 'Dv_D2_scale': 3.5309148217908253, 'b_bulk_scale': 0.0921294198445373, 'b_dislocation_scale': 0.0898963740232779, 'gb_scale': 3.8200686452194534, 'gd_bubble_scale': 8.301711803482396, 'gd_line_scale': 9.98403765209071, 'gd_line_alpha': 0.22657783486389205, 'coalescence_d_scale': 0.9620258502513953, 'capture_scale': 3.636486345331265}. Best is trial 579 with value: 1.7647965169627051.
[I 2026-05-02 19:44:42,942] Trial 614 finished with value: 3.4726729084178296 and parameters: {'f_n': 1.7078422788953772e-08, 'K_d': 783801.0430855585, 'rho_d': 14959912800718.406, 'fission_rate': 6.143076058691551e+19, 'D2_xe_scale': 0.46160737230315685, 'Dg_D1_scale': 0.18354824124141947, 'Dg_D3_scale': 0.9175029152939222, 'Dv_D1_scale': 0.36567823916899145, 'Dv_D2_scale': 2.8967416531628056, 'b_bulk_scale': 0.10218423951170216, 'b_dislocation_scale': 0.06793891795309981, 'gb_scale': 4.600659426289092, 'gd_bubble_scale': 6.687168557112025, 'gd_line_scale': 8.823961836687296, 'gd_line_alpha': 0.5098147884150023, 'coalescence_d_scale': 0.7249403429832514, 'capture_scale': 5.929060180799162}. Best is trial 579 with value: 1.7647965169627051.
[I 2026-05-02 19:44:47,656] Trial 615 finished with value: 1.8912084449538304 and parameters: {'f_n': 2.438467201539474e-06, 'K_d': 934516.4122663502, 'rho_d': 15833690299931.936, 'fission_rate': 5.89970940542643e+19, 'D2_xe_scale': 0.1697064060532322, 'Dg_D1_scale': 0.15010068113515562, 'Dg_D3_scale': 1.1497932479536985, 'Dv_D1_scale': 0.4567834654102045, 'Dv_D2_scale': 3.3471555015048393, 'b_bulk_scale': 0.135804716499093, 'b_dislocation_scale': 0.0758087960973989, 'gb_scale': 5.888073388857318, 'gd_bubble_scale': 5.949075800436843, 'gd_line_scale': 7.066768536233161, 'gd_line_alpha': 0.2681693774792423, 'coalescence_d_scale': 0.8486114932734783, 'capture_scale': 4.808493262086695}. Best is trial 579 with value: 1.7647965169627051.
[I 2026-05-02 19:44:52,487] Trial 616 finished with value: 1.8531155541403133 and parameters: {'f_n': 1.7815877653679257e-06, 'K_d': 737339.5247272425, 'rho_d': 17636805337211.242, 'fission_rate': 5.837589922294767e+19, 'D2_xe_scale': 0.11474891481325943, 'Dg_D1_scale': 0.16905346182115674, 'Dg_D3_scale': 1.4251060522759769, 'Dv_D1_scale': 0.39913691072519963, 'Dv_D2_scale': 3.700515733796557, 'b_bulk_scale': 0.09312079062520225, 'b_dislocation_scale': 0.11936726121599223, 'gb_scale': 5.058030134113162, 'gd_bubble_scale': 7.4136882012660275, 'gd_line_scale': 9.991645417752697, 'gd_line_alpha': 0.20534174325826657, 'coalescence_d_scale': 1.0902380344297113, 'capture_scale': 4.181389830484891}. Best is trial 579 with value: 1.7647965169627051.
[I 2026-05-02 19:44:57,389] Trial 617 finished with value: 1.7919286937241963 and parameters: {'f_n': 2.4643617961707533e-06, 'K_d': 800244.9824909787, 'rho_d': 16263705208680.734, 'fission_rate': 5.760273953216828e+19, 'D2_xe_scale': 0.28348969972632276, 'Dg_D1_scale': 0.20931561015481606, 'Dg_D3_scale': 1.313360379785151, 'Dv_D1_scale': 0.3357520048709358, 'Dv_D2_scale': 3.131180799389549, 'b_bulk_scale': 0.11000091308241475, 'b_dislocation_scale': 0.09421499472080336, 'gb_scale': 4.278979348640376, 'gd_bubble_scale': 8.771111756945, 'gd_line_scale': 8.59027563100753, 'gd_line_alpha': 0.24247263681845857, 'coalescence_d_scale': 0.6731794249646937, 'capture_scale': 4.9693961962727435}. Best is trial 579 with value: 1.7647965169627051.
[I 2026-05-02 19:45:02,383] Trial 618 finished with value: 1.7719876208429886 and parameters: {'f_n': 2.051600902214779e-06, 'K_d': 835120.0099203653, 'rho_d': 14254535263426.928, 'fission_rate': 5.672644152224571e+19, 'D2_xe_scale': 0.3542822447991134, 'Dg_D1_scale': 0.2104901786246024, 'Dg_D3_scale': 1.511406604938229, 'Dv_D1_scale': 0.33734818105127984, 'Dv_D2_scale': 3.573914359882932, 'b_bulk_scale': 0.11692411277676312, 'b_dislocation_scale': 0.09823161294569963, 'gb_scale': 4.088206816160219, 'gd_bubble_scale': 8.918202595878853, 'gd_line_scale': 7.543528649980729, 'gd_line_alpha': 0.251164759014272, 'coalescence_d_scale': 0.6756919030182795, 'capture_scale': 5.8546471297967955}. Best is trial 579 with value: 1.7647965169627051.Best trial: 579. Best value: 1.7648:  41%|████      | 618/1500 [52:13<1:08:29,  4.66s/it]Best trial: 579. Best value: 1.7648:  41%|████      | 618/1500 [52:14<1:08:29,  4.66s/it]Best trial: 579. Best value: 1.7648:  41%|████▏     | 619/1500 [52:14<1:09:54,  4.76s/it]                                                                                         Best trial: 579. Best value: 1.7648:  41%|████▏     | 619/1500 [52:18<1:09:54,  4.76s/it]Best trial: 579. Best value: 1.7648:  41%|████▏     | 619/1500 [52:19<1:09:54,  4.76s/it]Best trial: 579. Best value: 1.7648:  41%|████▏     | 620/1500 [52:19<1:10:59,  4.84s/it]                                                                                         Best trial: 579. Best value: 1.7648:  41%|████▏     | 620/1500 [52:22<1:10:59,  4.84s/it]Best trial: 579. Best value: 1.7648:  41%|████▏     | 620/1500 [52:22<1:10:59,  4.84s/it]Best trial: 579. Best value: 1.7648:  41%|████▏     | 621/1500 [52:22<1:03:46,  4.35s/it]                                                                                         Best trial: 579. Best value: 1.7648:  41%|████▏     | 621/1500 [52:27<1:03:46,  4.35s/it]Best trial: 579. Best value: 1.7648:  41%|████▏     | 621/1500 [52:27<1:03:46,  4.35s/it]Best trial: 579. Best value: 1.7648:  41%|████▏     | 622/1500 [52:27<1:06:16,  4.53s/it]                                                                                         Best trial: 579. Best value: 1.7648:  41%|████▏     | 622/1500 [52:32<1:06:16,  4.53s/it]Best trial: 579. Best value: 1.7648:  41%|████▏     | 622/1500 [52:32<1:06:16,  4.53s/it]Best trial: 579. Best value: 1.7648:  42%|████▏     | 623/1500 [52:32<1:07:57,  4.65s/it]                                                                                         Best trial: 579. Best value: 1.7648:  42%|████▏     | 623/1500 [52:37<1:07:57,  4.65s/it]Best trial: 579. Best value: 1.7648:  42%|████▏     | 623/1500 [52:37<1:07:57,  4.65s/it]Best trial: 579. Best value: 1.7648:  42%|████▏     | 624/1500 [52:37<1:09:30,  4.76s/it]                                                                                         Best trial: 579. Best value: 1.7648:  42%|████▏     | 624/1500 [52:42<1:09:30,  4.76s/it]Best trial: 579. Best value: 1.7648:  42%|████▏     | 624/1500 [52:42<1:09:30,  4.76s/it]Best trial: 579. Best value: 1.7648:  42%|████▏     | 625/1500 [52:42<1:10:03,  4.80s/it]                                                                                         Best trial: 579. Best value: 1.7648:  42%|████▏     | 625/1500 [52:46<1:10:03,  4.80s/it]Best trial: 579. Best value: 1.7648:  42%|████▏     | 625/1500 [52:47<1:10:03,  4.80s/it]Best trial: 579. Best value: 1.7648:  42%|████▏     | 626/1500 [52:47<1:10:30,  4.84s/it]                                                                                         Best trial: 579. Best value: 1.7648:  42%|████▏     | 626/1500 [52:50<1:10:30,  4.84s/it]Best trial: 579. Best value: 1.7648:  42%|████▏     | 626/1500 [52:50<1:10:30,  4.84s/it]Best trial: 579. Best value: 1.7648:  42%|████▏     | 627/1500 [52:50<1:03:50,  4.39s/it]                                                                                         Best trial: 579. Best value: 1.7648:  42%|████▏     | 627/1500 [52:55<1:03:50,  4.39s/it]Best trial: 579. Best value: 1.7648:  42%|████▏     | 627/1500 [52:55<1:03:50,  4.39s/it]Best trial: 579. Best value: 1.7648:  42%|████▏     | 628/1500 [52:55<1:06:13,  4.56s/it]                                                                                         Best trial: 579. Best value: 1.7648:  42%|████▏     | 628/1500 [53:00<1:06:13,  4.56s/it]Best trial: 579. Best value: 1.7648:  42%|████▏     | 628/1500 [53:00<1:06:13,  4.56s/it]Best trial: 579. Best value: 1.7648:  42%|████▏     | 629/1500 [53:00<1:07:49,  4.67s/it]                                                                                         
[I 2026-05-02 19:45:07,403] Trial 619 finished with value: 4.045467849908498 and parameters: {'f_n': 1.865775460390468e-06, 'K_d': 888671.5875154932, 'rho_d': 14524657613754.305, 'fission_rate': 5.6743533730016166e+19, 'D2_xe_scale': 0.35628741374125744, 'Dg_D1_scale': 0.19842534638922732, 'Dg_D3_scale': 1.557888251138736, 'Dv_D1_scale': 0.32530478129571977, 'Dv_D2_scale': 3.620065817766148, 'b_bulk_scale': 0.1207770598541323, 'b_dislocation_scale': 0.10438606579209986, 'gb_scale': 3.944711763033823, 'gd_bubble_scale': 9.142622480457335, 'gd_line_scale': 7.042907056314486, 'gd_line_alpha': 0.2658263747896095, 'coalescence_d_scale': 9.1744446785793, 'capture_scale': 6.6066623810577}. Best is trial 579 with value: 1.7647965169627051.
[I 2026-05-02 19:45:10,627] Trial 620 finished with value: 1.7777655396476737 and parameters: {'f_n': 1.7462271219273625e-06, 'K_d': 848324.1179768883, 'rho_d': 14155473764653.88, 'fission_rate': 5.769681008111123e+19, 'D2_xe_scale': 0.39433953033281727, 'Dg_D1_scale': 0.21124969221937737, 'Dg_D3_scale': 1.4925879080442632, 'Dv_D1_scale': 0.34034236064854456, 'Dv_D2_scale': 3.7856965435688714, 'b_bulk_scale': 0.14454077619787065, 'b_dislocation_scale': 0.09727464810334623, 'gb_scale': 4.212012970966497, 'gd_bubble_scale': 9.341183632674378, 'gd_line_scale': 7.529308521069889, 'gd_line_alpha': 0.24535998143901264, 'coalescence_d_scale': 0.6627830698525288, 'capture_scale': 6.230382969225876}. Best is trial 579 with value: 1.7647965169627051.
[I 2026-05-02 19:45:15,566] Trial 621 finished with value: 1.7812051662615365 and parameters: {'f_n': 1.7955917640111275e-06, 'K_d': 850906.5111139847, 'rho_d': 13959116534406.156, 'fission_rate': 5.672009867777866e+19, 'D2_xe_scale': 0.659371068917062, 'Dg_D1_scale': 0.2073881604292041, 'Dg_D3_scale': 1.3248969172552818, 'Dv_D1_scale': 0.3366540075616917, 'Dv_D2_scale': 3.851633130735339, 'b_bulk_scale': 0.1583883404267786, 'b_dislocation_scale': 0.11720929384172375, 'gb_scale': 3.946670817909985, 'gd_bubble_scale': 9.668929235471486, 'gd_line_scale': 7.034620393294245, 'gd_line_alpha': 0.26770886202130817, 'coalescence_d_scale': 0.6667086080457184, 'capture_scale': 6.366893715857694}. Best is trial 579 with value: 1.7647965169627051.
[I 2026-05-02 19:45:20,495] Trial 622 finished with value: 2.824012961201617 and parameters: {'f_n': 6.385300923776801e-08, 'K_d': 850114.1539453105, 'rho_d': 13754067305693.643, 'fission_rate': 5.684125422259958e+19, 'D2_xe_scale': 0.5161883724265063, 'Dg_D1_scale': 0.20527039877393694, 'Dg_D3_scale': 1.6578436983530698, 'Dv_D1_scale': 0.33363951636247935, 'Dv_D2_scale': 3.8904964454773743, 'b_bulk_scale': 0.16573679926641155, 'b_dislocation_scale': 0.10802195424541927, 'gb_scale': 4.186763615148405, 'gd_bubble_scale': 8.639250394606183, 'gd_line_scale': 6.936704847987917, 'gd_line_alpha': 0.26820830665963813, 'coalescence_d_scale': 0.6495378853457012, 'capture_scale': 6.439599813461153}. Best is trial 579 with value: 1.7647965169627051.
[I 2026-05-02 19:45:25,515] Trial 623 finished with value: 2.0483325104171928 and parameters: {'f_n': 1.7354913956359786e-06, 'K_d': 835835.8089515694, 'rho_d': 13746215530418.146, 'fission_rate': 5.641325996176186e+19, 'D2_xe_scale': 0.4706404341665311, 'Dg_D1_scale': 1.7882427183118497, 'Dg_D3_scale': 1.5535236913288226, 'Dv_D1_scale': 0.33968826669477536, 'Dv_D2_scale': 3.8570271865937125, 'b_bulk_scale': 0.1434213407074531, 'b_dislocation_scale': 0.11936645602382528, 'gb_scale': 3.9425686155034585, 'gd_bubble_scale': 9.392748677828914, 'gd_line_scale': 7.477043967334728, 'gd_line_alpha': 0.25335243649807443, 'coalescence_d_scale': 0.6658865652609545, 'capture_scale': 6.384689397076761}. Best is trial 579 with value: 1.7647965169627051.
[I 2026-05-02 19:45:30,423] Trial 624 finished with value: 1.7814169727845435 and parameters: {'f_n': 1.6826179243740406e-06, 'K_d': 886070.2943235668, 'rho_d': 14164747532208.973, 'fission_rate': 5.7371870701244375e+19, 'D2_xe_scale': 0.748097275067321, 'Dg_D1_scale': 0.21118936653706447, 'Dg_D3_scale': 1.4148465699656354, 'Dv_D1_scale': 0.32530365877996215, 'Dv_D2_scale': 3.494775214936134, 'b_bulk_scale': 0.15989758674179685, 'b_dislocation_scale': 0.11961149691906652, 'gb_scale': 4.392692565623622, 'gd_bubble_scale': 9.918467469886235, 'gd_line_scale': 7.6978716511525995, 'gd_line_alpha': 0.2537056823884553, 'coalescence_d_scale': 0.6685723206080904, 'capture_scale': 6.152273673163445}. Best is trial 579 with value: 1.7647965169627051.
