[I 2026-05-02 20:26:04,500] Trial 1175 finished with value: 1.7962896979553697 and parameters: {'f_n': 2.4645906905974135e-07, 'K_d': 654428.0928750943, 'rho_d': 9614729215685.871, 'fission_rate': 6.084607850079398e+19, 'D2_xe_scale': 0.05067487151640932, 'Dg_D1_scale': 0.1661150629216383, 'Dg_D3_scale': 3.4951622256247554, 'Dv_D1_scale': 0.2510325636018759, 'Dv_D2_scale': 3.611057453457189, 'b_bulk_scale': 0.4942070519970326, 'b_dislocation_scale': 0.17416701129745676, 'gb_scale': 7.323186451687097, 'gd_bubble_scale': 8.392162895316355, 'gd_line_scale': 9.99148886569633, 'gd_line_alpha': 0.5998021343052351, 'coalescence_d_scale': 0.4189697515833764, 'capture_scale': 5.918234801332393}. Best is trial 1126 with value: 1.7410514264406347.
[I 2026-05-02 20:26:09,244] Trial 1176 finished with value: 3.347401829416767 and parameters: {'f_n': 2.9353848587455006e-07, 'K_d': 682793.6282860459, 'rho_d': 10300596503348.316, 'fission_rate': 5.989455556353225e+19, 'D2_xe_scale': 0.0643499166097835, 'Dg_D1_scale': 0.1889220305410204, 'Dg_D3_scale': 3.337155214461405, 'Dv_D1_scale': 0.2778864256603136, 'Dv_D2_scale': 3.2514751183509727, 'b_bulk_scale': 0.36626784682597446, 'b_dislocation_scale': 0.15480640055992187, 'gb_scale': 7.2038601275619705, 'gd_bubble_scale': 7.517223433263754, 'gd_line_scale': 0.5481495063607777, 'gd_line_alpha': 0.6205126927424555, 'coalescence_d_scale': 0.383429792861246, 'capture_scale': 7.986389771438115}. Best is trial 1126 with value: 1.7410514264406347.
[I 2026-05-02 20:26:14,188] Trial 1177 finished with value: 2.706860970803422 and parameters: {'f_n': 2.96932048517284e-07, 'K_d': 619085.1878100245, 'rho_d': 8856687365933.91, 'fission_rate': 6.01364671743957e+19, 'D2_xe_scale': 0.056527953051882476, 'Dg_D1_scale': 0.16493114084010016, 'Dg_D3_scale': 3.246234941156451, 'Dv_D1_scale': 0.20772275598051468, 'Dv_D2_scale': 3.640468812162163, 'b_bulk_scale': 0.4043308821728103, 'b_dislocation_scale': 0.23088950586475326, 'gb_scale': 6.84560136256733, 'gd_bubble_scale': 9.045606551559569, 'gd_line_scale': 8.187767014225907, 'gd_line_alpha': 0.6277894591551684, 'coalescence_d_scale': 3.477168683701313, 'capture_scale': 7.008130816318118}. Best is trial 1126 with value: 1.7410514264406347.
[I 2026-05-02 20:26:19,042] Trial 1178 finished with value: 1.7963559341331987 and parameters: {'f_n': 3.1543930507918465e-07, 'K_d': 638092.7541444735, 'rho_d': 10477032972819.318, 'fission_rate': 6.09349012832212e+19, 'D2_xe_scale': 0.1217440896519661, 'Dg_D1_scale': 0.1772876745304013, 'Dg_D3_scale': 3.2362055551547892, 'Dv_D1_scale': 0.23163754320443025, 'Dv_D2_scale': 3.4452770274638693, 'b_bulk_scale': 0.5785949320767838, 'b_dislocation_scale': 0.18054711692859318, 'gb_scale': 7.3199493685290475, 'gd_bubble_scale': 7.616703763598727, 'gd_line_scale': 9.989963505928774, 'gd_line_alpha': 0.5806881159505176, 'coalescence_d_scale': 0.4302425409979443, 'capture_scale': 5.841342397059292}. Best is trial 1126 with value: 1.7410514264406347.
[I 2026-05-02 20:26:23,894] Trial 1179 finished with value: 1.810642134823282 and parameters: {'f_n': 3.2493019427856674e-07, 'K_d': 685801.0696805717, 'rho_d': 9630561749897.98, 'fission_rate': 6.1653305405999325e+19, 'D2_xe_scale': 0.07669786055385684, 'Dg_D1_scale': 0.15920821577348926, 'Dg_D3_scale': 3.1605816778324725, 'Dv_D1_scale': 0.25421035422593374, 'Dv_D2_scale': 3.7513736660195756, 'b_bulk_scale': 0.4370010605500103, 'b_dislocation_scale': 0.1551142146789101, 'gb_scale': 6.52270641542115, 'gd_bubble_scale': 8.323289048254289, 'gd_line_scale': 9.95072121963162, 'gd_line_alpha': 0.5836667576256362, 'coalescence_d_scale': 0.37071414478950204, 'capture_scale': 7.997867414724066}. Best is trial 1126 with value: 1.7410514264406347.Best trial: 1126. Best value: 1.74105:  79%|███████▊  | 1179/1500 [1:33:35<25:21,  4.74s/it]Best trial: 1126. Best value: 1.74105:  79%|███████▊  | 1179/1500 [1:33:35<25:21,  4.74s/it]Best trial: 1126. Best value: 1.74105:  79%|███████▊  | 1180/1500 [1:33:35<25:27,  4.77s/it]                                                                                            Best trial: 1126. Best value: 1.74105:  79%|███████▊  | 1180/1500 [1:33:40<25:27,  4.77s/it]Best trial: 1126. Best value: 1.74105:  79%|███████▊  | 1180/1500 [1:33:40<25:27,  4.77s/it]Best trial: 1126. Best value: 1.74105:  79%|███████▊  | 1181/1500 [1:33:40<25:32,  4.81s/it]                                                                                            Best trial: 1126. Best value: 1.74105:  79%|███████▊  | 1181/1500 [1:33:43<25:32,  4.81s/it]Best trial: 1126. Best value: 1.74105:  79%|███████▊  | 1181/1500 [1:33:43<25:32,  4.81s/it]Best trial: 1126. Best value: 1.74105:  79%|███████▉  | 1182/1500 [1:33:43<22:51,  4.31s/it]                                                                                            Best trial: 1126. Best value: 1.74105:  79%|███████▉  | 1182/1500 [1:33:48<22:51,  4.31s/it]Best trial: 1126. Best value: 1.74105:  79%|███████▉  | 1182/1500 [1:33:48<22:51,  4.31s/it]Best trial: 1126. Best value: 1.74105:  79%|███████▉  | 1183/1500 [1:33:48<24:08,  4.57s/it]                                                                                            Best trial: 1126. Best value: 1.74105:  79%|███████▉  | 1183/1500 [1:33:53<24:08,  4.57s/it]Best trial: 1126. Best value: 1.74105:  79%|███████▉  | 1183/1500 [1:33:53<24:08,  4.57s/it]Best trial: 1126. Best value: 1.74105:  79%|███████▉  | 1184/1500 [1:33:53<24:49,  4.71s/it]                                                                                            Best trial: 1126. Best value: 1.74105:  79%|███████▉  | 1184/1500 [1:33:58<24:49,  4.71s/it]Best trial: 1126. Best value: 1.74105:  79%|███████▉  | 1184/1500 [1:33:58<24:49,  4.71s/it]Best trial: 1126. Best value: 1.74105:  79%|███████▉  | 1185/1500 [1:33:58<24:58,  4.76s/it]                                                                                            Best trial: 1126. Best value: 1.74105:  79%|███████▉  | 1185/1500 [1:34:03<24:58,  4.76s/it]Best trial: 1126. Best value: 1.74105:  79%|███████▉  | 1185/1500 [1:34:03<24:58,  4.76s/it]Best trial: 1126. Best value: 1.74105:  79%|███████▉  | 1186/1500 [1:34:03<25:04,  4.79s/it]                                                                                            Best trial: 1126. Best value: 1.74105:  79%|███████▉  | 1186/1500 [1:34:08<25:04,  4.79s/it]Best trial: 1126. Best value: 1.74105:  79%|███████▉  | 1186/1500 [1:34:08<25:04,  4.79s/it]Best trial: 1126. Best value: 1.74105:  79%|███████▉  | 1187/1500 [1:34:08<25:23,  4.87s/it]                                                                                            Best trial: 1126. Best value: 1.74105:  79%|███████▉  | 1187/1500 [1:34:11<25:23,  4.87s/it]Best trial: 1126. Best value: 1.74105:  79%|███████▉  | 1187/1500 [1:34:11<25:23,  4.87s/it]Best trial: 1126. Best value: 1.74105:  79%|███████▉  | 1188/1500 [1:34:11<22:52,  4.40s/it]                                                                                            Best trial: 1126. Best value: 1.74105:  79%|███████▉  | 1188/1500 [1:34:16<22:52,  4.40s/it]Best trial: 1126. Best value: 1.74105:  79%|███████▉  | 1188/1500 [1:34:16<22:52,  4.40s/it]Best trial: 1126. Best value: 1.74105:  79%|███████▉  | 1189/1500 [1:34:16<23:13,  4.48s/it]                                                                                            Best trial: 1126. Best value: 1.74105:  79%|███████▉  | 1189/1500 [1:34:21<23:13,  4.48s/it]Best trial: 1126. Best value: 1.74105:  79%|███████▉  | 1189/1500 [1:34:21<23:13,  4.48s/it]Best trial: 1126. Best value: 1.74105:  79%|███████▉  | 1190/1500 [1:34:21<23:48,  4.61s/it]                                                                                            
[I 2026-05-02 20:26:28,772] Trial 1180 finished with value: 1.9400861725365277 and parameters: {'f_n': 3.648801382444064e-07, 'K_d': 564459.11006409, 'rho_d': 10611538072434.525, 'fission_rate': 6.0925850178796265e+19, 'D2_xe_scale': 0.07489474187808531, 'Dg_D1_scale': 0.18320833291864527, 'Dg_D3_scale': 2.947690085756929, 'Dv_D1_scale': 0.2746546245015823, 'Dv_D2_scale': 3.6406650853922944, 'b_bulk_scale': 0.3592129929968644, 'b_dislocation_scale': 0.20144573264458002, 'gb_scale': 6.6023636268807415, 'gd_bubble_scale': 7.131425910470394, 'gd_line_scale': 8.141674696657049, 'gd_line_alpha': 0.5743015246978169, 'coalescence_d_scale': 0.430629681455298, 'capture_scale': 6.420544661088164}. Best is trial 1126 with value: 1.7410514264406347.
[I 2026-05-02 20:26:31,945] Trial 1181 finished with value: 1.9330251750043 and parameters: {'f_n': 3.9095119650192286e-07, 'K_d': 665635.3043761785, 'rho_d': 7217924598114.85, 'fission_rate': 6.18876057472285e+19, 'D2_xe_scale': 0.05713481567971326, 'Dg_D1_scale': 0.1500980955608154, 'Dg_D3_scale': 3.176765680354224, 'Dv_D1_scale': 0.26111337596528994, 'Dv_D2_scale': 3.9995171561194525, 'b_bulk_scale': 0.5034772107996105, 'b_dislocation_scale': 0.1676782969622462, 'gb_scale': 7.266233231623109, 'gd_bubble_scale': 9.15091207651941, 'gd_line_scale': 8.91907297123442, 'gd_line_alpha': 0.6542258452794795, 'coalescence_d_scale': 0.38743418164852, 'capture_scale': 5.752479496394277}. Best is trial 1126 with value: 1.7410514264406347.
[I 2026-05-02 20:26:37,091] Trial 1182 finished with value: 1.7958501490575136 and parameters: {'f_n': 2.7031784896688703e-07, 'K_d': 505909.47865768295, 'rho_d': 10195457054988.521, 'fission_rate': 6.0008174480350314e+19, 'D2_xe_scale': 0.04736394953868431, 'Dg_D1_scale': 0.17237967221583916, 'Dg_D3_scale': 3.5844337995344118, 'Dv_D1_scale': 0.2761882449242768, 'Dv_D2_scale': 3.3886509038159627, 'b_bulk_scale': 0.41967809214325424, 'b_dislocation_scale': 0.15097456711917828, 'gb_scale': 7.9718362529427145, 'gd_bubble_scale': 7.8879686898290435, 'gd_line_scale': 8.12602541835325, 'gd_line_alpha': 0.5459237493480203, 'coalescence_d_scale': 0.4375206171740905, 'capture_scale': 6.979421675414406}. Best is trial 1126 with value: 1.7410514264406347.
[I 2026-05-02 20:26:42,149] Trial 1183 finished with value: 1.7629619508235626 and parameters: {'f_n': 4.168490797107242e-07, 'K_d': 616350.7901086793, 'rho_d': 10963434155033.244, 'fission_rate': 6.107843189151339e+19, 'D2_xe_scale': 0.06667482753192898, 'Dg_D1_scale': 0.1995657736901273, 'Dg_D3_scale': 3.572830432153878, 'Dv_D1_scale': 0.243717303587704, 'Dv_D2_scale': 3.785495710572854, 'b_bulk_scale': 0.3617761304879593, 'b_dislocation_scale': 0.17228606446793546, 'gb_scale': 6.341210415017229, 'gd_bubble_scale': 6.505671349412965, 'gd_line_scale': 8.99275383510231, 'gd_line_alpha': 0.6048760800378373, 'coalescence_d_scale': 0.3450289492119079, 'capture_scale': 7.074871782422072}. Best is trial 1126 with value: 1.7410514264406347.
[I 2026-05-02 20:26:47,011] Trial 1184 finished with value: 1.7797953047106931 and parameters: {'f_n': 3.275838387051446e-07, 'K_d': 685158.9516587424, 'rho_d': 9484319607347.025, 'fission_rate': 6.233611140526946e+19, 'D2_xe_scale': 0.09812765385006622, 'Dg_D1_scale': 0.16559905779054274, 'Dg_D3_scale': 2.9378555513337785, 'Dv_D1_scale': 0.2826428259481474, 'Dv_D2_scale': 3.636033812012705, 'b_bulk_scale': 0.39141697436558814, 'b_dislocation_scale': 0.1519349530334149, 'gb_scale': 6.843250372892745, 'gd_bubble_scale': 8.419356900349992, 'gd_line_scale': 7.862210535673439, 'gd_line_alpha': 0.5955846812265337, 'coalescence_d_scale': 0.41756377982278303, 'capture_scale': 5.78767800349152}. Best is trial 1126 with value: 1.7410514264406347.
[I 2026-05-02 20:26:51,887] Trial 1185 finished with value: 1.816331810525451 and parameters: {'f_n': 3.958324128157096e-07, 'K_d': 709229.9597290091, 'rho_d': 10082990071813.914, 'fission_rate': 6.164464384028803e+19, 'D2_xe_scale': 0.053498482178865575, 'Dg_D1_scale': 0.18822444947998307, 'Dg_D3_scale': 3.6774519089766873, 'Dv_D1_scale': 0.22311904302398355, 'Dv_D2_scale': 3.766658390322605, 'b_bulk_scale': 0.7264890628812497, 'b_dislocation_scale': 0.20055363347561883, 'gb_scale': 6.194195761852232, 'gd_bubble_scale': 7.545978734390771, 'gd_line_scale': 9.038524443964084, 'gd_line_alpha': 0.5585297998283353, 'coalescence_d_scale': 0.3500794611959511, 'capture_scale': 0.09523215863430805}. Best is trial 1126 with value: 1.7410514264406347.
[I 2026-05-02 20:26:56,933] Trial 1186 finished with value: 1.812870263675201 and parameters: {'f_n': 1.630326541847166e-07, 'K_d': 589214.8730724255, 'rho_d': 11042878844608.139, 'fission_rate': 6.0894775083619295e+19, 'D2_xe_scale': 0.06618865557816203, 'Dg_D1_scale': 0.16015067196999117, 'Dg_D3_scale': 3.2828455662958045, 'Dv_D1_scale': 0.2633091791283542, 'Dv_D2_scale': 3.2324631435863536, 'b_bulk_scale': 0.46262290959463986, 'b_dislocation_scale': 0.18313419287216534, 'gb_scale': 7.363848016440987, 'gd_bubble_scale': 9.093254544646609, 'gd_line_scale': 7.968485348421218, 'gd_line_alpha': 0.6058474880841804, 'coalescence_d_scale': 0.3780751156770632, 'capture_scale': 6.482046362886418}. Best is trial 1126 with value: 1.7410514264406347.
[I 2026-05-02 20:27:00,226] Trial 1187 finished with value: 1.780448449784463 and parameters: {'f_n': 4.845008213815842e-07, 'K_d': 632794.8474567403, 'rho_d': 10510956393031.967, 'fission_rate': 5.976559651969775e+19, 'D2_xe_scale': 0.08484254052551428, 'Dg_D1_scale': 0.15012515059826462, 'Dg_D3_scale': 2.870133879715756, 'Dv_D1_scale': 0.28846858723125063, 'Dv_D2_scale': 3.9974856701446275, 'b_bulk_scale': 0.5485488505483831, 'b_dislocation_scale': 0.1532246398056138, 'gb_scale': 6.724780638638156, 'gd_bubble_scale': 6.840284289846705, 'gd_line_scale': 8.94823032356602, 'gd_line_alpha': 0.5770882406129344, 'coalescence_d_scale': 0.4247815578466477, 'capture_scale': 7.988621873750271}. Best is trial 1126 with value: 1.7410514264406347.
[I 2026-05-02 20:27:04,904] Trial 1188 finished with value: 2.2824557690133886 and parameters: {'f_n': 1.0336854618469756e-07, 'K_d': 652118.0159677337, 'rho_d': 11084457994808.645, 'fission_rate': 6.2418047558520685e+19, 'D2_xe_scale': 0.052540633770788166, 'Dg_D1_scale': 0.17493039058199358, 'Dg_D3_scale': 3.018020693189522, 'Dv_D1_scale': 0.24935185009833272, 'Dv_D2_scale': 0.5026677389836073, 'b_bulk_scale': 0.34986798950162873, 'b_dislocation_scale': 0.262854842902304, 'gb_scale': 7.9769360020858935, 'gd_bubble_scale': 6.05102787208916, 'gd_line_scale': 7.837148813661993, 'gd_line_alpha': 0.5536512531936288, 'coalescence_d_scale': 0.3308466764519853, 'capture_scale': 5.725729052056117}. Best is trial 1126 with value: 1.7410514264406347.
[I 2026-05-02 20:27:09,811] Trial 1189 finished with value: 2.6203973804975886 and parameters: {'f_n': 2.0292390613890692e-07, 'K_d': 717773.6365382354, 'rho_d': 5808513502933.34, 'fission_rate': 5.988482503243497e+19, 'D2_xe_scale': 0.07468579853347256, 'Dg_D1_scale': 0.16978502286505393, 'Dg_D3_scale': 3.5374657322899927, 'Dv_D1_scale': 0.2677494828257297, 'Dv_D2_scale': 3.99763726923756, 'b_bulk_scale': 0.39592824131638693, 'b_dislocation_scale': 0.1637952484097364, 'gb_scale': 0.6027672593730591, 'gd_bubble_scale': 8.283744802233995, 'gd_line_scale': 9.973285036447692, 'gd_line_alpha': 0.631132527916796, 'coalescence_d_scale': 0.387894420581072, 'capture_scale': 0.9425434799972605}. Best is trial 1126 with value: 1.7410514264406347.
[I 2026-05-02 20:27:14,599] Trial 1190 finished with value: 1.9231553926702465 and parameters: {'f_n': 2.658299448506633e-07, 'K_d': 698286.4325181808, 'rho_d': 9150784324704.625, 'fission_rate': 6.164627539865441e+19, 'D2_xe_scale': 0.04634650403315881, 'Dg_D1_scale': 0.18511247746224416, 'Dg_D3_scale': 0.29663251132132196, 'Dv_D1_scale': 0.2932227888719852, 'Dv_D2_scale': 3.4880981309606223, 'b_bulk_scale': 0.46292706322503807, 'b_dislocation_scale': 0.18487103061514507, 'gb_scale': 5.693779609802809, 'gd_bubble_scale': 9.152487315011332, 'gd_line_scale': 8.875804673134118, 'gd_line_alpha': 0.5989383624297835, 'coalescence_d_scale': 0.458641346584436, 'capture_scale': 7.021394448022983}. Best is trial 1126 with value: 1.7410514264406347.Best trial: 1126. Best value: 1.74105:  79%|███████▉  | 1190/1500 [1:34:26<23:48,  4.61s/it]Best trial: 1126. Best value: 1.74105:  79%|███████▉  | 1190/1500 [1:34:26<23:48,  4.61s/it]Best trial: 1126. Best value: 1.74105:  79%|███████▉  | 1191/1500 [1:34:26<24:00,  4.66s/it]                                                                                            Best trial: 1126. Best value: 1.74105:  79%|███████▉  | 1191/1500 [1:34:30<24:00,  4.66s/it]Best trial: 1126. Best value: 1.74105:  79%|███████▉  | 1191/1500 [1:34:31<24:00,  4.66s/it]Best trial: 1126. Best value: 1.74105:  79%|███████▉  | 1192/1500 [1:34:31<24:06,  4.70s/it]                                                                                            Best trial: 1126. Best value: 1.74105:  79%|███████▉  | 1192/1500 [1:34:35<24:06,  4.70s/it]Best trial: 1126. Best value: 1.74105:  79%|███████▉  | 1192/1500 [1:34:35<24:06,  4.70s/it]Best trial: 1126. Best value: 1.74105:  80%|███████▉  | 1193/1500 [1:34:35<24:05,  4.71s/it]                                                                                            Best trial: 1126. Best value: 1.74105:  80%|███████▉  | 1193/1500 [1:34:40<24:05,  4.71s/it]Best trial: 1126. Best value: 1.74105:  80%|███████▉  | 1193/1500 [1:34:40<24:05,  4.71s/it]Best trial: 1126. Best value: 1.74105:  80%|███████▉  | 1194/1500 [1:34:40<24:10,  4.74s/it]                                                                                            Best trial: 1126. Best value: 1.74105:  80%|███████▉  | 1194/1500 [1:34:43<24:10,  4.74s/it]Best trial: 1126. Best value: 1.74105:  80%|███████▉  | 1194/1500 [1:34:43<24:10,  4.74s/it]Best trial: 1126. Best value: 1.74105:  80%|███████▉  | 1195/1500 [1:34:43<21:36,  4.25s/it]                                                                                            Best trial: 1126. Best value: 1.74105:  80%|███████▉  | 1195/1500 [1:34:48<21:36,  4.25s/it]Best trial: 1126. Best value: 1.74105:  80%|███████▉  | 1195/1500 [1:34:48<21:36,  4.25s/it]Best trial: 1126. Best value: 1.74105:  80%|███████▉  | 1196/1500 [1:34:48<22:27,  4.43s/it]                                                                                            Best trial: 1126. Best value: 1.74105:  80%|███████▉  | 1196/1500 [1:34:53<22:27,  4.43s/it]Best trial: 1126. Best value: 1.74105:  80%|███████▉  | 1196/1500 [1:34:53<22:27,  4.43s/it]Best trial: 1126. Best value: 1.74105:  80%|███████▉  | 1197/1500 [1:34:53<22:57,  4.55s/it]                                                                                            Best trial: 1126. Best value: 1.74105:  80%|███████▉  | 1197/1500 [1:34:58<22:57,  4.55s/it]Best trial: 1126. Best value: 1.74105:  80%|███████▉  | 1197/1500 [1:34:58<22:57,  4.55s/it]Best trial: 1126. Best value: 1.74105:  80%|███████▉  | 1198/1500 [1:34:58<23:17,  4.63s/it]                                                                                            Best trial: 1126. Best value: 1.74105:  80%|███████▉  | 1198/1500 [1:35:02<23:17,  4.63s/it]Best trial: 1126. Best value: 1.74105:  80%|███████▉  | 1198/1500 [1:35:03<23:17,  4.63s/it]Best trial: 1126. Best value: 1.74105:  80%|███████▉  | 1199/1500 [1:35:03<23:37,  4.71s/it]                                                                                            Best trial: 1126. Best value: 1.74105:  80%|███████▉  | 1199/1500 [1:35:07<23:37,  4.71s/it]Best trial: 1126. Best value: 1.74105:  80%|███████▉  | 1199/1500 [1:35:07<23:37,  4.71s/it]Best trial: 1126. Best value: 1.74105:  80%|████████  | 1200/1500 [1:35:07<23:38,  4.73s/it]                                                                                            Best trial: 1126. Best value: 1.74105:  80%|████████  | 1200/1500 [1:35:11<23:38,  4.73s/it]Best trial: 1126. Best value: 1.74105:  80%|████████  | 1200/1500 [1:35:11<23:38,  4.73s/it]Best trial: 1126. Best value: 1.74105:  80%|████████  | 1201/1500 [1:35:11<21:33,  4.33s/it]                                                                                            
[I 2026-05-02 20:27:19,372] Trial 1191 finished with value: 3.75700704444814 and parameters: {'f_n': 4.973294169272324e-07, 'K_d': 668337.3066388371, 'rho_d': 9927022044707.08, 'fission_rate': 6.048759616287188e+19, 'D2_xe_scale': 0.05641519135055689, 'Dg_D1_scale': 0.1623744710331751, 'Dg_D3_scale': 3.145435872648783, 'Dv_D1_scale': 0.27273026632660674, 'Dv_D2_scale': 3.763019350542448, 'b_bulk_scale': 0.34936624909731195, 'b_dislocation_scale': 0.22275151233228205, 'gb_scale': 6.1648889687105655, 'gd_bubble_scale': 7.371079713923741, 'gd_line_scale': 0.9441266960881154, 'gd_line_alpha': 0.5361897015485227, 'coalescence_d_scale': 0.2950622823664251, 'capture_scale': 7.9913914966855195}. Best is trial 1126 with value: 1.7410514264406347.
[I 2026-05-02 20:27:24,110] Trial 1192 finished with value: 2.839683920458244 and parameters: {'f_n': 3.578838453084646e-07, 'K_d': 596183.5628832221, 'rho_d': 11190873723369.2, 'fission_rate': 6.250862635101469e+19, 'D2_xe_scale': 0.08085762533756631, 'Dg_D1_scale': 0.19963729465550836, 'Dg_D3_scale': 2.936421174919412, 'Dv_D1_scale': 0.2319409291179006, 'Dv_D2_scale': 0.9688689163668132, 'b_bulk_scale': 0.4330209303134479, 'b_dislocation_scale': 0.149349503918778, 'gb_scale': 0.7314477039595447, 'gd_bubble_scale': 8.244555633117255, 'gd_line_scale': 8.008824743082759, 'gd_line_alpha': 0.5768967833330625, 'coalescence_d_scale': 0.23220366199015477, 'capture_scale': 6.408994811742133}. Best is trial 1126 with value: 1.7410514264406347.
