[I 2026-05-02 19:22:28,299] Trial 332 finished with value: 1.8667013651843978 and parameters: {'f_n': 1.11067276020025e-06, 'K_d': 575244.5105558161, 'rho_d': 9740487522118.227, 'fission_rate': 5.04881402609996e+19, 'D2_xe_scale': 19.02440019714191, 'Dg_D1_scale': 0.35304039480449495, 'Dg_D3_scale': 2.51816828871346, 'Dv_D1_scale': 0.5163192641307432, 'Dv_D2_scale': 1.8011288820836553, 'b_bulk_scale': 0.05190768709929557, 'b_dislocation_scale': 0.049529145168045935, 'gb_scale': 2.3160845196638835, 'gd_bubble_scale': 3.7076722112408884, 'gd_line_scale': 5.1810082655981144, 'gd_line_alpha': 0.14296402726593885, 'coalescence_d_scale': 0.49998745601180833, 'capture_scale': 3.0616761587951156}. Best is trial 328 with value: 1.8528912968666595.Best trial: 328. Best value: 1.85289:  22%|██▏       | 332/1500 [29:39<1:43:10,  5.30s/it]Best trial: 328. Best value: 1.85289:  22%|██▏       | 332/1500 [29:39<1:43:10,  5.30s/it]Best trial: 328. Best value: 1.85289:  22%|██▏       | 333/1500 [29:39<1:43:59,  5.35s/it]                                                                                          Best trial: 328. Best value: 1.85289:  22%|██▏       | 333/1500 [29:45<1:43:59,  5.35s/it]Best trial: 328. Best value: 1.85289:  22%|██▏       | 333/1500 [29:45<1:43:59,  5.35s/it]Best trial: 328. Best value: 1.85289:  22%|██▏       | 334/1500 [29:45<1:44:45,  5.39s/it]                                                                                          Best trial: 328. Best value: 1.85289:  22%|██▏       | 334/1500 [29:50<1:44:45,  5.39s/it]Best trial: 328. Best value: 1.85289:  22%|██▏       | 334/1500 [29:50<1:44:45,  5.39s/it]Best trial: 328. Best value: 1.85289:  22%|██▏       | 335/1500 [29:50<1:45:01,  5.41s/it]                                                                                          Best trial: 328. Best value: 1.85289:  22%|██▏       | 335/1500 [29:54<1:45:01,  5.41s/it]Best trial: 328. Best value: 1.85289:  22%|██▏       | 335/1500 [29:54<1:45:01,  5.41s/it]Best trial: 328. Best value: 1.85289:  22%|██▏       | 336/1500 [29:54<1:36:29,  4.97s/it]                                                                                          Best trial: 328. Best value: 1.85289:  22%|██▏       | 336/1500 [30:00<1:36:29,  4.97s/it]Best trial: 328. Best value: 1.85289:  22%|██▏       | 336/1500 [30:00<1:36:29,  4.97s/it]Best trial: 328. Best value: 1.85289:  22%|██▏       | 337/1500 [30:00<1:41:04,  5.21s/it]                                                                                          Best trial: 328. Best value: 1.85289:  22%|██▏       | 337/1500 [30:06<1:41:04,  5.21s/it]Best trial: 328. Best value: 1.85289:  22%|██▏       | 337/1500 [30:06<1:41:04,  5.21s/it]Best trial: 328. Best value: 1.85289:  23%|██▎       | 338/1500 [30:06<1:43:41,  5.35s/it]                                                                                          Best trial: 328. Best value: 1.85289:  23%|██▎       | 338/1500 [30:11<1:43:41,  5.35s/it]Best trial: 328. Best value: 1.85289:  23%|██▎       | 338/1500 [30:11<1:43:41,  5.35s/it]Best trial: 328. Best value: 1.85289:  23%|██▎       | 339/1500 [30:11<1:43:25,  5.35s/it]                                                                                          Best trial: 328. Best value: 1.85289:  23%|██▎       | 339/1500 [30:17<1:43:25,  5.35s/it]Best trial: 328. Best value: 1.85289:  23%|██▎       | 339/1500 [30:17<1:43:25,  5.35s/it]Best trial: 328. Best value: 1.85289:  23%|██▎       | 340/1500 [30:17<1:44:42,  5.42s/it]                                                                                          Best trial: 328. Best value: 1.85289:  23%|██▎       | 340/1500 [30:21<1:44:42,  5.42s/it]Best trial: 328. Best value: 1.85289:  23%|██▎       | 340/1500 [30:21<1:44:42,  5.42s/it]Best trial: 328. Best value: 1.85289:  23%|██▎       | 341/1500 [30:21<1:36:50,  5.01s/it]                                                                                          Best trial: 328. Best value: 1.85289:  23%|██▎       | 341/1500 [30:26<1:36:50,  5.01s/it]Best trial: 328. Best value: 1.85289:  23%|██▎       | 341/1500 [30:26<1:36:50,  5.01s/it]Best trial: 328. Best value: 1.85289:  23%|██▎       | 342/1500 [30:26<1:39:30,  5.16s/it]                                                                                          Best trial: 328. Best value: 1.85289:  23%|██▎       | 342/1500 [30:32<1:39:30,  5.16s/it]Best trial: 328. Best value: 1.85289:  23%|██▎       | 342/1500 [30:32<1:39:30,  5.16s/it]Best trial: 328. Best value: 1.85289:  23%|██▎       | 343/1500 [30:32<1:42:15,  5.30s/it]                                                                                          
[I 2026-05-02 19:22:33,791] Trial 333 finished with value: 1.909011646885568 and parameters: {'f_n': 1.1769802150403086e-06, 'K_d': 578982.6653391699, 'rho_d': 9092324396606.777, 'fission_rate': 5.009395744572118e+19, 'D2_xe_scale': 19.439926906232287, 'Dg_D1_scale': 0.35489440662790606, 'Dg_D3_scale': 2.571136346249805, 'Dv_D1_scale': 0.5022098836164328, 'Dv_D2_scale': 1.8049559878401835, 'b_bulk_scale': 0.051133689658467284, 'b_dislocation_scale': 0.05079355563653223, 'gb_scale': 2.1739797033599393, 'gd_bubble_scale': 3.9165717154577613, 'gd_line_scale': 5.213679797314068, 'gd_line_alpha': 0.14683588128569447, 'coalescence_d_scale': 0.5125157046556013, 'capture_scale': 2.2663714879653845}. Best is trial 328 with value: 1.8528912968666595.
[I 2026-05-02 19:22:39,241] Trial 334 finished with value: 1.9100560832491698 and parameters: {'f_n': 1.0775646442104143e-06, 'K_d': 580000.24225993, 'rho_d': 9643906279599.988, 'fission_rate': 5.043389208679909e+19, 'D2_xe_scale': 16.077544750769533, 'Dg_D1_scale': 0.33600574495516333, 'Dg_D3_scale': 2.474588232635532, 'Dv_D1_scale': 0.5190333321130011, 'Dv_D2_scale': 1.8069491202859378, 'b_bulk_scale': 0.05101568981621874, 'b_dislocation_scale': 0.05209559780311425, 'gb_scale': 2.3529953944316677, 'gd_bubble_scale': 4.310558854692538, 'gd_line_scale': 5.065530885920947, 'gd_line_alpha': 0.14913060286555668, 'coalescence_d_scale': 0.6539395851137381, 'capture_scale': 2.513483493478919}. Best is trial 328 with value: 1.8528912968666595.
[I 2026-05-02 19:22:43,200] Trial 335 finished with value: 1.8717664824825067 and parameters: {'f_n': 8.131406648984913e-07, 'K_d': 560015.4272007444, 'rho_d': 9854449164683.363, 'fission_rate': 4.903735166707702e+19, 'D2_xe_scale': 20.396164725026726, 'Dg_D1_scale': 0.3485011240926519, 'Dg_D3_scale': 2.6178403521321183, 'Dv_D1_scale': 0.481720007105292, 'Dv_D2_scale': 1.7125603111085177, 'b_bulk_scale': 0.04389907414810911, 'b_dislocation_scale': 0.04810200622883037, 'gb_scale': 1.9796702499302818, 'gd_bubble_scale': 3.746703884656164, 'gd_line_scale': 4.9118623393025205, 'gd_line_alpha': 0.1177441461361774, 'coalescence_d_scale': 0.5172688369664644, 'capture_scale': 1.9669696934328416}. Best is trial 328 with value: 1.8528912968666595.
[I 2026-05-02 19:22:48,974] Trial 336 finished with value: 1.8945088935845817 and parameters: {'f_n': 7.981501420811555e-07, 'K_d': 565717.2795206989, 'rho_d': 8617055951083.093, 'fission_rate': 4.865277172074729e+19, 'D2_xe_scale': 20.048049237171107, 'Dg_D1_scale': 0.3463000145442395, 'Dg_D3_scale': 2.626837167896497, 'Dv_D1_scale': 0.4859726506192333, 'Dv_D2_scale': 1.741601289936969, 'b_bulk_scale': 0.04797144197105019, 'b_dislocation_scale': 0.0462891087515776, 'gb_scale': 1.9847008743013028, 'gd_bubble_scale': 3.181516908845823, 'gd_line_scale': 5.483586755089598, 'gd_line_alpha': 0.10481699624299178, 'coalescence_d_scale': 0.5404508873301392, 'capture_scale': 2.016994391881161}. Best is trial 328 with value: 1.8528912968666595.
[I 2026-05-02 19:22:54,636] Trial 337 finished with value: 1.917696221474102 and parameters: {'f_n': 8.64237623752161e-07, 'K_d': 554635.1527325676, 'rho_d': 8455682357394.703, 'fission_rate': 4.893636904728651e+19, 'D2_xe_scale': 20.98569858013257, 'Dg_D1_scale': 0.3544484573803673, 'Dg_D3_scale': 2.6178024351478526, 'Dv_D1_scale': 0.4863492861470165, 'Dv_D2_scale': 1.7287912678906094, 'b_bulk_scale': 0.04507421993664594, 'b_dislocation_scale': 0.047200277667441864, 'gb_scale': 2.036758264251142, 'gd_bubble_scale': 3.3894836467420433, 'gd_line_scale': 5.386941298981026, 'gd_line_alpha': 0.11418851835178873, 'coalescence_d_scale': 0.5089946741564383, 'capture_scale': 1.905598291796571}. Best is trial 328 with value: 1.8528912968666595.
[I 2026-05-02 19:22:59,982] Trial 338 finished with value: 1.920989391634288 and parameters: {'f_n': 7.393996821661908e-07, 'K_d': 609800.5095602253, 'rho_d': 8924213816468.627, 'fission_rate': 5.1764177534257226e+19, 'D2_xe_scale': 17.879985627712756, 'Dg_D1_scale': 0.3399543937681649, 'Dg_D3_scale': 2.36040440390079, 'Dv_D1_scale': 0.5290510661371542, 'Dv_D2_scale': 1.8393354317664141, 'b_bulk_scale': 0.045572333808527425, 'b_dislocation_scale': 0.04779944194218413, 'gb_scale': 2.031154645554885, 'gd_bubble_scale': 2.9181970985368655, 'gd_line_scale': 6.802892806188078, 'gd_line_alpha': 0.12247033410426414, 'coalescence_d_scale': 0.5729364094095268, 'capture_scale': 1.5440130625750113}. Best is trial 328 with value: 1.8528912968666595.
[I 2026-05-02 19:23:05,560] Trial 339 finished with value: 2.0728001679243135 and parameters: {'f_n': 1.078197793367782e-06, 'K_d': 585647.1212179012, 'rho_d': 7935392308730.127, 'fission_rate': 4.931149124083197e+19, 'D2_xe_scale': 20.529507892906526, 'Dg_D1_scale': 0.3693124158210402, 'Dg_D3_scale': 2.6651427019739, 'Dv_D1_scale': 0.49104397955629053, 'Dv_D2_scale': 1.7176701260719716, 'b_bulk_scale': 0.05168310425164666, 'b_dislocation_scale': 0.05287660755798978, 'gb_scale': 2.275951671593123, 'gd_bubble_scale': 3.988147038975165, 'gd_line_scale': 5.0958250220412795, 'gd_line_alpha': 0.13150680240249776, 'coalescence_d_scale': 0.5375057402165673, 'capture_scale': 2.1606727300992943}. Best is trial 328 with value: 1.8528912968666595.
[I 2026-05-02 19:23:09,637] Trial 340 finished with value: 1.882635785254263 and parameters: {'f_n': 7.931082562993774e-07, 'K_d': 566117.543422601, 'rho_d': 9638887935070.326, 'fission_rate': 4.98180239346034e+19, 'D2_xe_scale': 15.428149961776027, 'Dg_D1_scale': 0.35132881072742006, 'Dg_D3_scale': 2.5379577623363896, 'Dv_D1_scale': 0.5776065922207704, 'Dv_D2_scale': 1.7966204555347494, 'b_bulk_scale': 0.04773534499879868, 'b_dislocation_scale': 0.05494352065346306, 'gb_scale': 1.9625797855108382, 'gd_bubble_scale': 3.5917833007840323, 'gd_line_scale': 5.604900584108483, 'gd_line_alpha': 0.16664905403076713, 'coalescence_d_scale': 0.4762092385851107, 'capture_scale': 2.608254882721167}. Best is trial 328 with value: 1.8528912968666595.
[I 2026-05-02 19:23:15,126] Trial 341 finished with value: 1.8746788186749552 and parameters: {'f_n': 8.151897578587181e-07, 'K_d': 557832.4068356392, 'rho_d': 8868170605740.719, 'fission_rate': 4.978254273990307e+19, 'D2_xe_scale': 15.655667392648846, 'Dg_D1_scale': 0.3487501006286222, 'Dg_D3_scale': 2.572585451078958, 'Dv_D1_scale': 0.5808781138933752, 'Dv_D2_scale': 1.8509551214721622, 'b_bulk_scale': 0.053478172348429165, 'b_dislocation_scale': 0.051800786113136016, 'gb_scale': 1.9364469799024138, 'gd_bubble_scale': 4.464620860779194, 'gd_line_scale': 4.842559589027216, 'gd_line_alpha': 0.1651980567127643, 'coalescence_d_scale': 0.4729966728984309, 'capture_scale': 2.7161875123929007}. Best is trial 328 with value: 1.8528912968666595.
[I 2026-05-02 19:23:20,764] Trial 342 finished with value: 1.9058072807331332 and parameters: {'f_n': 7.898110626367906e-07, 'K_d': 556456.9388030253, 'rho_d': 8605468062408.242, 'fission_rate': 5.000945626346103e+19, 'D2_xe_scale': 15.35123945747078, 'Dg_D1_scale': 0.3426024931974604, 'Dg_D3_scale': 2.5408493076069494, 'Dv_D1_scale': 0.5348744876119182, 'Dv_D2_scale': 1.8744399059871237, 'b_bulk_scale': 0.046077173983943, 'b_dislocation_scale': 0.04433946970668765, 'gb_scale': 1.9748431799925328, 'gd_bubble_scale': 3.291704648568975, 'gd_line_scale': 6.003489523803217, 'gd_line_alpha': 0.1659081502631734, 'coalescence_d_scale': 0.47586958726080486, 'capture_scale': 2.7513084759682163}. Best is trial 328 with value: 1.8528912968666595.
[I 2026-05-02 19:23:26,500] Trial 343 finished with value: 1.8832894694294047 and parameters: {'f_n': 9.050571842719959e-07, 'K_d': 587082.847999655, 'rho_d': 8988498459105.475, 'fission_rate': 4.785840191871826e+19, 'D2_xe_scale': 15.404480274527039, 'Dg_D1_scale': 0.31535721786299176, 'Dg_D3_scale': 2.3104062422402434, 'Dv_D1_scale': 0.5814044397775375, 'Dv_D2_scale': 1.696061604814803, 'b_bulk_scale': 0.04932025851707714, 'b_dislocation_scale': 0.05207438750098389, 'gb_scale': 2.271034563390405, 'gd_bubble_scale': 4.3322016640726, 'gd_line_scale': 5.5888463527030865, 'gd_line_alpha': 0.17570770525066565, 'coalescence_d_scale': 0.5241709864079384, 'capture_scale': 2.5857983830129965}. Best is trial 328 with value: 1.8528912968666595.Best trial: 328. Best value: 1.85289:  23%|██▎       | 343/1500 [30:38<1:42:15,  5.30s/it]Best trial: 328. Best value: 1.85289:  23%|██▎       | 343/1500 [30:38<1:42:15,  5.30s/it]Best trial: 328. Best value: 1.85289:  23%|██▎       | 344/1500 [30:38<1:44:38,  5.43s/it]                                                                                          Best trial: 328. Best value: 1.85289:  23%|██▎       | 344/1500 [30:43<1:44:38,  5.43s/it]Best trial: 328. Best value: 1.85289:  23%|██▎       | 344/1500 [30:43<1:44:38,  5.43s/it]Best trial: 328. Best value: 1.85289:  23%|██▎       | 345/1500 [30:43<1:45:48,  5.50s/it]                                                                                          Best trial: 328. Best value: 1.85289:  23%|██▎       | 345/1500 [30:49<1:45:48,  5.50s/it]Best trial: 328. Best value: 1.85289:  23%|██▎       | 345/1500 [30:49<1:45:48,  5.50s/it]Best trial: 328. Best value: 1.85289:  23%|██▎       | 346/1500 [30:49<1:47:24,  5.58s/it]                                                                                          Best trial: 328. Best value: 1.85289:  23%|██▎       | 346/1500 [30:53<1:47:24,  5.58s/it]Best trial: 328. Best value: 1.85289:  23%|██▎       | 346/1500 [30:53<1:47:24,  5.58s/it]Best trial: 328. Best value: 1.85289:  23%|██▎       | 347/1500 [30:53<1:37:39,  5.08s/it]                                                                                          Best trial: 328. Best value: 1.85289:  23%|██▎       | 347/1500 [30:58<1:37:39,  5.08s/it]Best trial: 328. Best value: 1.85289:  23%|██▎       | 347/1500 [30:58<1:37:39,  5.08s/it]Best trial: 328. Best value: 1.85289:  23%|██▎       | 348/1500 [30:58<1:39:27,  5.18s/it]                                                                                          Best trial: 328. Best value: 1.85289:  23%|██▎       | 348/1500 [31:04<1:39:27,  5.18s/it]Best trial: 328. Best value: 1.85289:  23%|██▎       | 348/1500 [31:04<1:39:27,  5.18s/it]Best trial: 328. Best value: 1.85289:  23%|██▎       | 349/1500 [31:04<1:40:39,  5.25s/it]                                                                                          Best trial: 328. Best value: 1.85289:  23%|██▎       | 349/1500 [31:09<1:40:39,  5.25s/it]Best trial: 328. Best value: 1.85289:  23%|██▎       | 349/1500 [31:09<1:40:39,  5.25s/it]Best trial: 328. Best value: 1.85289:  23%|██▎       | 350/1500 [31:09<1:41:05,  5.27s/it]                                                                                          Best trial: 328. Best value: 1.85289:  23%|██▎       | 350/1500 [31:15<1:41:05,  5.27s/it]Best trial: 328. Best value: 1.85289:  23%|██▎       | 350/1500 [31:15<1:41:05,  5.27s/it]Best trial: 328. Best value: 1.85289:  23%|██▎       | 351/1500 [31:15<1:42:07,  5.33s/it]                                                                                          Best trial: 328. Best value: 1.85289:  23%|██▎       | 351/1500 [31:20<1:42:07,  5.33s/it]Best trial: 328. Best value: 1.85289:  23%|██▎       | 351/1500 [31:20<1:42:07,  5.33s/it]Best trial: 328. Best value: 1.85289:  23%|██▎       | 352/1500 [31:20<1:44:12,  5.45s/it]                                                                                          Best trial: 328. Best value: 1.85289:  23%|██▎       | 352/1500 [31:24<1:44:12,  5.45s/it]Best trial: 328. Best value: 1.85289:  23%|██▎       | 352/1500 [31:24<1:44:12,  5.45s/it]Best trial: 328. Best value: 1.85289:  24%|██▎       | 353/1500 [31:24<1:35:43,  5.01s/it]                                                                                          Best trial: 328. Best value: 1.85289:  24%|██▎       | 353/1500 [31:30<1:35:43,  5.01s/it]Best trial: 328. Best value: 1.85289:  24%|██▎       | 353/1500 [31:30<1:35:43,  5.01s/it]Best trial: 328. Best value: 1.85289:  24%|██▎       | 354/1500 [31:30<1:39:30,  5.21s/it]                                                                                          
[I 2026-05-02 19:23:32,150] Trial 344 finished with value: 1.9065304691855245 and parameters: {'f_n': 7.815013124514687e-07, 'K_d': 600268.6580108289, 'rho_d': 8964749385017.37, 'fission_rate': 4.850061865120401e+19, 'D2_xe_scale': 15.32767298417268, 'Dg_D1_scale': 0.3200251372646396, 'Dg_D3_scale': 2.276679418629735, 'Dv_D1_scale': 0.5969712595239379, 'Dv_D2_scale': 1.6834208503973798, 'b_bulk_scale': 0.04104654767594563, 'b_dislocation_scale': 0.04964996597235181, 'gb_scale': 2.1703451804909313, 'gd_bubble_scale': 3.6094325989551335, 'gd_line_scale': 5.534762718671109, 'gd_line_alpha': 0.09659367279919925, 'coalescence_d_scale': 0.6573492482697365, 'capture_scale': 2.507026896755268}. Best is trial 328 with value: 1.8528912968666595.
[I 2026-05-02 19:23:37,939] Trial 345 finished with value: 1.9190870917141523 and parameters: {'f_n': 9.482552712446497e-07, 'K_d': 564493.5022179548, 'rho_d': 8124287211956.732, 'fission_rate': 4.78118407732988e+19, 'D2_xe_scale': 17.479131517947717, 'Dg_D1_scale': 0.3685200573219781, 'Dg_D3_scale': 2.4582792505960924, 'Dv_D1_scale': 0.48038704642565766, 'Dv_D2_scale': 1.780975480332818, 'b_bulk_scale': 0.04957381144080735, 'b_dislocation_scale': 0.05407565808998877, 'gb_scale': 1.9420330024692787, 'gd_bubble_scale': 4.38333063561622, 'gd_line_scale': 6.377123049818395, 'gd_line_alpha': 0.16973065754902145, 'coalescence_d_scale': 0.5937433263174255, 'capture_scale': 2.010184631256001}. Best is trial 328 with value: 1.8528912968666595.
[I 2026-05-02 19:23:41,849] Trial 346 finished with value: 3.038153392161904 and parameters: {'f_n': 1.1623004710713718e-06, 'K_d': 615758.4730712099, 'rho_d': 8659594662643.264, 'fission_rate': 4.954197153976894e+19, 'D2_xe_scale': 14.964995680427533, 'Dg_D1_scale': 0.3439611162127189, 'Dg_D3_scale': 2.7099689141411547, 'Dv_D1_scale': 0.5595729264464713, 'Dv_D2_scale': 1.7030952334073859, 'b_bulk_scale': 0.7136202610517922, 'b_dislocation_scale': 0.04744556075367646, 'gb_scale': 2.2548733802129486, 'gd_bubble_scale': 4.65668226925816, 'gd_line_scale': 4.959715728939832, 'gd_line_alpha': 0.14073645377788352, 'coalescence_d_scale': 0.459416354395006, 'capture_scale': 2.345368875023753}. Best is trial 328 with value: 1.8528912968666595.
[I 2026-05-02 19:23:47,260] Trial 347 finished with value: 1.8742872944631963 and parameters: {'f_n': 8.555679550474361e-07, 'K_d': 572966.4134197107, 'rho_d': 9483725693271.385, 'fission_rate': 5.111741966900945e+19, 'D2_xe_scale': 17.82262104053334, 'Dg_D1_scale': 0.3160115095314751, 'Dg_D3_scale': 2.4703151297744794, 'Dv_D1_scale': 0.5242002966227757, 'Dv_D2_scale': 1.8759555530313974, 'b_bulk_scale': 0.05388134420270881, 'b_dislocation_scale': 0.051775492442996035, 'gb_scale': 1.987511537150617, 'gd_bubble_scale': 3.7432232091149857, 'gd_line_scale': 5.604132097941097, 'gd_line_alpha': 0.18153216159604066, 'coalescence_d_scale': 0.5402948257054304, 'capture_scale': 2.868479785111169}. Best is trial 328 with value: 1.8528912968666595.
[I 2026-05-02 19:23:52,662] Trial 348 finished with value: 2.0151913344330135 and parameters: {'f_n': 8.063553393914077e-07, 'K_d': 577203.7222742137, 'rho_d': 9240872863649.975, 'fission_rate': 5.098187811971115e+19, 'D2_xe_scale': 17.9152148564575, 'Dg_D1_scale': 0.3134374235999966, 'Dg_D3_scale': 2.3847610697695685, 'Dv_D1_scale': 0.5742965838584482, 'Dv_D2_scale': 1.794148323399828, 'b_bulk_scale': 0.05559859999280039, 'b_dislocation_scale': 0.05438526842368039, 'gb_scale': 1.908539015108863, 'gd_bubble_scale': 3.9703405944634413, 'gd_line_scale': 7.017833039721507, 'gd_line_alpha': 0.17933872901005987, 'coalescence_d_scale': 0.556636240633869, 'capture_scale': 1.740583113866512}. Best is trial 328 with value: 1.8528912968666595.
[I 2026-05-02 19:23:58,000] Trial 349 finished with value: 2.3670549359418223 and parameters: {'f_n': 5.617666414585686e-07, 'K_d': 546521.2124845686, 'rho_d': 9513780635639.59, 'fission_rate': 5.215194255185048e+19, 'D2_xe_scale': 13.720692644277593, 'Dg_D1_scale': 0.3770768517056026, 'Dg_D3_scale': 2.547508402639976, 'Dv_D1_scale': 0.5221086237890734, 'Dv_D2_scale': 1.6762696347621324, 'b_bulk_scale': 0.05366461737317614, 'b_dislocation_scale': 0.05006496040258086, 'gb_scale': 2.0999315787910584, 'gd_bubble_scale': 3.63260055228021, 'gd_line_scale': 8.43372950906261, 'gd_line_alpha': 0.15792166742739397, 'coalescence_d_scale': 0.7593290259341243, 'capture_scale': 2.5515067575749626}. Best is trial 328 with value: 1.8528912968666595.
