[I 2026-05-02 19:15:25,253] Trial 258 finished with value: 1.9948370903677417 and parameters: {'f_n': 2.0993294581674392e-06, 'K_d': 380064.544839103, 'rho_d': 10640569162864.672, 'fission_rate': 4.390231207814948e+19, 'D2_xe_scale': 34.589438432063716, 'Dg_D1_scale': 0.5821842647842735, 'Dg_D3_scale': 3.2813829403073993, 'Dv_D1_scale': 0.3490493794097913, 'Dv_D2_scale': 1.7185763241861567, 'b_bulk_scale': 0.4645748324116746, 'b_dislocation_scale': 0.07996927358224021, 'gb_scale': 4.828414501814354, 'gd_bubble_scale': 9.915432777797161, 'gd_line_scale': 3.9944886409223774, 'gd_line_alpha': 0.29487902459643456, 'coalescence_d_scale': 0.5646020293316231, 'capture_scale': 5.340143804032132}. Best is trial 116 with value: 1.868175213579544.
[I 2026-05-02 19:15:29,891] Trial 259 finished with value: 1.9355507451797078 and parameters: {'f_n': 9.889517225334327e-07, 'K_d': 460683.2063642042, 'rho_d': 12831726957603.014, 'fission_rate': 4.503590559468102e+19, 'D2_xe_scale': 40.920345703664836, 'Dg_D1_scale': 0.5227201780546452, 'Dg_D3_scale': 3.667700421328034, 'Dv_D1_scale': 0.2678240752547011, 'Dv_D2_scale': 1.3921337860963758, 'b_bulk_scale': 0.33065841600560153, 'b_dislocation_scale': 0.10136362660364706, 'gb_scale': 2.153266959918022, 'gd_bubble_scale': 7.732495049618715, 'gd_line_scale': 2.0223750068908166, 'gd_line_alpha': 0.2208913949694411, 'coalescence_d_scale': 0.36279373786097424, 'capture_scale': 6.327020605668854}. Best is trial 116 with value: 1.868175213579544.
[I 2026-05-02 19:15:33,938] Trial 260 finished with value: 1.9946488128995121 and parameters: {'f_n': 1.1290313396449213e-06, 'K_d': 463867.9897825013, 'rho_d': 13020017399664.928, 'fission_rate': 7.198793781462257e+19, 'D2_xe_scale': 20.69243100586121, 'Dg_D1_scale': 0.45514406047424694, 'Dg_D3_scale': 3.7444750797440585, 'Dv_D1_scale': 0.26611220887629855, 'Dv_D2_scale': 1.4876875827078178, 'b_bulk_scale': 0.32844378513965383, 'b_dislocation_scale': 0.10306765949614095, 'gb_scale': 2.339780830468909, 'gd_bubble_scale': 7.98893833224081, 'gd_line_scale': 2.0506618514705544, 'gd_line_alpha': 0.18582739597641706, 'coalescence_d_scale': 0.35259453012730063, 'capture_scale': 6.9677184762020445}. Best is trial 116 with value: 1.868175213579544.
[I 2026-05-02 19:15:40,072] Trial 261 finished with value: 2.051308563427467 and parameters: {'f_n': 1.5506406626526755e-06, 'K_d': 493367.14273751754, 'rho_d': 13686406881271.945, 'fission_rate': 4.534125694107013e+19, 'D2_xe_scale': 28.4003048804383, 'Dg_D1_scale': 0.5142791512386391, 'Dg_D3_scale': 3.996890204110246, 'Dv_D1_scale': 0.2601638548591797, 'Dv_D2_scale': 2.080955128626864, 'b_bulk_scale': 0.27141698945575365, 'b_dislocation_scale': 0.06325341698777152, 'gb_scale': 2.1115399007423474, 'gd_bubble_scale': 8.81713028365311, 'gd_line_scale': 1.6969178806164167, 'gd_line_alpha': 0.21302703563556322, 'coalescence_d_scale': 0.28573022653471564, 'capture_scale': 6.026138820921295}. Best is trial 116 with value: 1.868175213579544.
[I 2026-05-02 19:15:46,284] Trial 262 finished with value: 1.9462734759927518 and parameters: {'f_n': 1.4007675467742984e-06, 'K_d': 457644.98077075114, 'rho_d': 12579934050373.61, 'fission_rate': 4.483527706738342e+19, 'D2_xe_scale': 49.94302927136537, 'Dg_D1_scale': 0.6295047533041576, 'Dg_D3_scale': 3.573278284431019, 'Dv_D1_scale': 0.409984697449754, 'Dv_D2_scale': 1.8022703888393015, 'b_bulk_scale': 0.2070797037369385, 'b_dislocation_scale': 0.07403869966916278, 'gb_scale': 2.0332477677539447, 'gd_bubble_scale': 6.377424201422104, 'gd_line_scale': 2.3562588763957644, 'gd_line_alpha': 0.2270946040976758, 'coalescence_d_scale': 0.38876692319880335, 'capture_scale': 6.398221084487523}. Best is trial 116 with value: 1.868175213579544.
[I 2026-05-02 19:15:52,566] Trial 263 finished with value: 2.166958809009603 and parameters: {'f_n': 2.3567985754319856e-06, 'K_d': 439264.79286476853, 'rho_d': 12267177374880.256, 'fission_rate': 4.380413004441319e+19, 'D2_xe_scale': 40.82844863006873, 'Dg_D1_scale': 0.48345796191778884, 'Dg_D3_scale': 3.7893177077960907, 'Dv_D1_scale': 0.36491937105961403, 'Dv_D2_scale': 1.2846328067217248, 'b_bulk_scale': 0.2516165831680478, 'b_dislocation_scale': 0.10015239275305043, 'gb_scale': 1.8365752694151198, 'gd_bubble_scale': 0.3545928451182834, 'gd_line_scale': 3.12903383764945, 'gd_line_alpha': 0.253478828858329, 'coalescence_d_scale': 0.32129937444679707, 'capture_scale': 6.921317924377014}. Best is trial 116 with value: 1.868175213579544.
[I 2026-05-02 19:15:56,562] Trial 264 finished with value: 1.9446322569087593 and parameters: {'f_n': 1.0611932331708506e-06, 'K_d': 475123.9661187411, 'rho_d': 13311486791281.826, 'fission_rate': 7.380019908723705e+19, 'D2_xe_scale': 32.62190460226086, 'Dg_D1_scale': 0.44144705409294205, 'Dg_D3_scale': 3.477454210683419, 'Dv_D1_scale': 0.304646659003287, 'Dv_D2_scale': 1.6334105794572353, 'b_bulk_scale': 0.36903911912159765, 'b_dislocation_scale': 0.12996335532387465, 'gb_scale': 1.7434311531535642, 'gd_bubble_scale': 7.778092992498943, 'gd_line_scale': 2.6682549242329436, 'gd_line_alpha': 0.27511398698803197, 'coalescence_d_scale': 0.267298540404616, 'capture_scale': 4.435659665528786}. Best is trial 116 with value: 1.868175213579544.
[I 2026-05-02 19:16:00,980] Trial 265 finished with value: 2.3351661021681775 and parameters: {'f_n': 7.171368173689661e-07, 'K_d': 508127.5789396659, 'rho_d': 11891894839281.79, 'fission_rate': 4.649237715167108e+19, 'D2_xe_scale': 17.807526691959893, 'Dg_D1_scale': 0.5646457636999777, 'Dg_D3_scale': 1.2925058295488931, 'Dv_D1_scale': 0.3324828052898385, 'Dv_D2_scale': 0.7903507004315315, 'b_bulk_scale': 0.3149979921599533, 'b_dislocation_scale': 0.11262526341895353, 'gb_scale': 2.5803369324085517, 'gd_bubble_scale': 5.54962564779148, 'gd_line_scale': 1.9428027862289667, 'gd_line_alpha': 0.24105640241367982, 'coalescence_d_scale': 0.4412597593660975, 'capture_scale': 0.057026092693383344}. Best is trial 116 with value: 1.868175213579544.
[I 2026-05-02 19:16:07,440] Trial 266 finished with value: 2.028218288906532 and parameters: {'f_n': 1.8692706261427985e-06, 'K_d': 398127.12916292204, 'rho_d': 9801358363450.357, 'fission_rate': 4.290253627599583e+19, 'D2_xe_scale': 23.19645077578571, 'Dg_D1_scale': 0.6982587770959302, 'Dg_D3_scale': 3.7782439078120214, 'Dv_D1_scale': 0.27840980915193453, 'Dv_D2_scale': 2.187863775742788, 'b_bulk_scale': 0.3822109216380406, 'b_dislocation_scale': 0.08128179188861462, 'gb_scale': 2.211252699111326, 'gd_bubble_scale': 9.09351365709394, 'gd_line_scale': 2.1917324710113713, 'gd_line_alpha': 0.2596330760190711, 'coalescence_d_scale': 0.36576423474645037, 'capture_scale': 0.012780064670982921}. Best is trial 116 with value: 1.868175213579544.Best trial: 116. Best value: 1.86818:  18%|█▊        | 266/1500 [23:19<1:43:45,  5.05s/it]Best trial: 116. Best value: 1.86818:  18%|█▊        | 266/1500 [23:19<1:43:45,  5.05s/it]Best trial: 116. Best value: 1.86818:  18%|█▊        | 267/1500 [23:19<1:52:25,  5.47s/it]                                                                                          Best trial: 116. Best value: 1.86818:  18%|█▊        | 267/1500 [23:25<1:52:25,  5.47s/it]Best trial: 116. Best value: 1.86818:  18%|█▊        | 267/1500 [23:25<1:52:25,  5.47s/it]Best trial: 116. Best value: 1.86818:  18%|█▊        | 268/1500 [23:25<1:56:26,  5.67s/it]                                                                                          Best trial: 116. Best value: 1.86818:  18%|█▊        | 268/1500 [23:31<1:56:26,  5.67s/it]Best trial: 116. Best value: 1.86818:  18%|█▊        | 268/1500 [23:31<1:56:26,  5.67s/it]Best trial: 116. Best value: 1.86818:  18%|█▊        | 269/1500 [23:31<2:00:47,  5.89s/it]                                                                                          Best trial: 116. Best value: 1.86818:  18%|█▊        | 269/1500 [23:37<2:00:47,  5.89s/it]Best trial: 116. Best value: 1.86818:  18%|█▊        | 269/1500 [23:37<2:00:47,  5.89s/it]Best trial: 116. Best value: 1.86818:  18%|█▊        | 270/1500 [23:37<2:03:44,  6.04s/it]                                                                                          Best trial: 116. Best value: 1.86818:  18%|█▊        | 270/1500 [23:41<2:03:44,  6.04s/it]Best trial: 116. Best value: 1.86818:  18%|█▊        | 270/1500 [23:41<2:03:44,  6.04s/it]Best trial: 116. Best value: 1.86818:  18%|█▊        | 271/1500 [23:41<1:45:40,  5.16s/it]                                                                                          Best trial: 116. Best value: 1.86818:  18%|█▊        | 271/1500 [23:45<1:45:40,  5.16s/it]Best trial: 116. Best value: 1.86818:  18%|█▊        | 271/1500 [23:45<1:45:40,  5.16s/it]Best trial: 116. Best value: 1.86818:  18%|█▊        | 272/1500 [23:45<1:43:14,  5.04s/it]                                                                                          Best trial: 116. Best value: 1.86818:  18%|█▊        | 272/1500 [23:51<1:43:14,  5.04s/it]Best trial: 116. Best value: 1.86818:  18%|█▊        | 272/1500 [23:51<1:43:14,  5.04s/it]Best trial: 116. Best value: 1.86818:  18%|█▊        | 273/1500 [23:51<1:49:04,  5.33s/it]                                                                                          Best trial: 116. Best value: 1.86818:  18%|█▊        | 273/1500 [23:57<1:49:04,  5.33s/it]Best trial: 116. Best value: 1.86818:  18%|█▊        | 273/1500 [23:57<1:49:04,  5.33s/it]Best trial: 116. Best value: 1.86818:  18%|█▊        | 274/1500 [23:57<1:53:18,  5.55s/it]                                                                                          Best trial: 116. Best value: 1.86818:  18%|█▊        | 274/1500 [24:04<1:53:18,  5.55s/it]Best trial: 116. Best value: 1.86818:  18%|█▊        | 274/1500 [24:04<1:53:18,  5.55s/it]Best trial: 116. Best value: 1.86818:  18%|█▊        | 275/1500 [24:04<1:58:57,  5.83s/it]                                                                                          Best trial: 116. Best value: 1.86818:  18%|█▊        | 275/1500 [24:10<1:58:57,  5.83s/it]Best trial: 116. Best value: 1.86818:  18%|█▊        | 275/1500 [24:10<1:58:57,  5.83s/it]Best trial: 116. Best value: 1.86818:  18%|█▊        | 276/1500 [24:10<2:01:43,  5.97s/it]                                                                                          Best trial: 116. Best value: 1.86818:  18%|█▊        | 276/1500 [24:15<2:01:43,  5.97s/it]Best trial: 116. Best value: 1.86818:  18%|█▊        | 276/1500 [24:15<2:01:43,  5.97s/it]Best trial: 116. Best value: 1.86818:  18%|█▊        | 277/1500 [24:15<1:55:54,  5.69s/it]                                                                                          
[I 2026-05-02 19:16:13,584] Trial 267 finished with value: 2.139737503909133 and parameters: {'f_n': 1.228142700565007e-06, 'K_d': 764075.3720638525, 'rho_d': 10560401124348.373, 'fission_rate': 4.563147656856049e+19, 'D2_xe_scale': 35.90745783512474, 'Dg_D1_scale': 0.5095326973535866, 'Dg_D3_scale': 3.3106547555807797, 'Dv_D1_scale': 0.31537824970196765, 'Dv_D2_scale': 1.9402295931617546, 'b_bulk_scale': 0.10289896843415171, 'b_dislocation_scale': 0.0682525087172704, 'gb_scale': 5.481289356155751, 'gd_bubble_scale': 7.3814261090235, 'gd_line_scale': 3.3502113753540903, 'gd_line_alpha': 0.21301860048593435, 'coalescence_d_scale': 0.23118003268249537, 'capture_scale': 6.083744078587248}. Best is trial 116 with value: 1.868175213579544.
[I 2026-05-02 19:16:19,976] Trial 268 finished with value: 2.135012241074349 and parameters: {'f_n': 9.434033847319987e-07, 'K_d': 617109.9558784728, 'rho_d': 11201629865838.803, 'fission_rate': 4.451224412433352e+19, 'D2_xe_scale': 25.347642307234597, 'Dg_D1_scale': 0.6114784431757054, 'Dg_D3_scale': 3.5643642322867843, 'Dv_D1_scale': 0.38228310472414023, 'Dv_D2_scale': 1.4156806130498159, 'b_bulk_scale': 0.34134290250705657, 'b_dislocation_scale': 0.09302277040578401, 'gb_scale': 1.97349764259183, 'gd_bubble_scale': 6.480776460288398, 'gd_line_scale': 2.565606137917272, 'gd_line_alpha': 0.2959948379784395, 'coalescence_d_scale': 0.30857091045648705, 'capture_scale': 7.158461127017894}. Best is trial 116 with value: 1.868175213579544.
[I 2026-05-02 19:16:26,363] Trial 269 finished with value: 2.223117382108347 and parameters: {'f_n': 1.6261520827552163e-06, 'K_d': 446671.5714979407, 'rho_d': 9352071668415.025, 'fission_rate': 4.249624464622117e+19, 'D2_xe_scale': 41.236203985509576, 'Dg_D1_scale': 0.5373386398272008, 'Dg_D3_scale': 3.7289381312410943, 'Dv_D1_scale': 0.29270590766549637, 'Dv_D2_scale': 1.1603283740643104, 'b_bulk_scale': 0.2958043774456427, 'b_dislocation_scale': 0.06104386277819964, 'gb_scale': 1.7044740257409983, 'gd_bubble_scale': 9.981356208497271, 'gd_line_scale': 3.0692426289700694, 'gd_line_alpha': 0.27966408608088966, 'coalescence_d_scale': 0.3350827803551961, 'capture_scale': 0.9500703461391401}. Best is trial 116 with value: 1.868175213579544.
[I 2026-05-02 19:16:29,474] Trial 270 finished with value: 4.068515931183276 and parameters: {'f_n': 2.3886520526199415e-06, 'K_d': 653677.4641707595, 'rho_d': 12703906638030.936, 'fission_rate': 4.197341314276784e+19, 'D2_xe_scale': 30.446945248480105, 'Dg_D1_scale': 0.6673855043036064, 'Dg_D3_scale': 0.2207099374800805, 'Dv_D1_scale': 0.3420427054333038, 'Dv_D2_scale': 1.735404595548041, 'b_bulk_scale': 0.07899837725315265, 'b_dislocation_scale': 0.863561889884504, 'gb_scale': 1.5265755330925712, 'gd_bubble_scale': 8.396119181906013, 'gd_line_scale': 2.0302843443206817, 'gd_line_alpha': 0.31784105286710806, 'coalescence_d_scale': 0.41087006419028194, 'capture_scale': 4.925444115050666}. Best is trial 116 with value: 1.868175213579544.
[I 2026-05-02 19:16:34,248] Trial 271 finished with value: 2.01609515174639 and parameters: {'f_n': 1.3625759378845806e-06, 'K_d': 423285.3781432689, 'rho_d': 11717681334197.238, 'fission_rate': 4.34110310656769e+19, 'D2_xe_scale': 17.0076996504791, 'Dg_D1_scale': 0.5860540996744433, 'Dg_D3_scale': 3.9948718119507816, 'Dv_D1_scale': 0.25243326042036174, 'Dv_D2_scale': 1.9872833168824229, 'b_bulk_scale': 0.26668584728226435, 'b_dislocation_scale': 0.0724070909832179, 'gb_scale': 2.76554980166838, 'gd_bubble_scale': 7.60928355142519, 'gd_line_scale': 3.856827297421774, 'gd_line_alpha': 0.2616955712819913, 'coalescence_d_scale': 0.2872829025446069, 'capture_scale': 5.554159088149374}. Best is trial 116 with value: 1.868175213579544.
[I 2026-05-02 19:16:40,260] Trial 272 finished with value: 4.4064803439053915 and parameters: {'f_n': 6.868972960774987e-07, 'K_d': 463514.0918919431, 'rho_d': 10913278314037.555, 'fission_rate': 4.407730085862071e+19, 'D2_xe_scale': 43.28378606806224, 'Dg_D1_scale': 0.4735737577917653, 'Dg_D3_scale': 3.366540832821712, 'Dv_D1_scale': 2.7141606863901724, 'Dv_D2_scale': 1.6017565690824398, 'b_bulk_scale': 0.08984008557332802, 'b_dislocation_scale': 0.08359491119532622, 'gb_scale': 3.8891410680478926, 'gd_bubble_scale': 8.577344535822064, 'gd_line_scale': 1.7605223242848385, 'gd_line_alpha': 0.23401206634186428, 'coalescence_d_scale': 1.6732393849011438, 'capture_scale': 7.945810680784445}. Best is trial 116 with value: 1.868175213579544.
[I 2026-05-02 19:16:46,297] Trial 273 finished with value: 2.1162801482203046 and parameters: {'f_n': 1.8253264005515592e-06, 'K_d': 709087.5119529216, 'rho_d': 10275753546291.486, 'fission_rate': 4.486429649123278e+19, 'D2_xe_scale': 21.141693505554006, 'Dg_D1_scale': 0.5189917473356361, 'Dg_D3_scale': 3.5910541986192177, 'Dv_D1_scale': 0.2724554546639239, 'Dv_D2_scale': 1.5099811505140395, 'b_bulk_scale': 0.24772218089989012, 'b_dislocation_scale': 0.1069447158962553, 'gb_scale': 2.059204197762819, 'gd_bubble_scale': 6.786960766660669, 'gd_line_scale': 2.7441344723844647, 'gd_line_alpha': 0.30519715997158897, 'coalescence_d_scale': 0.3791412861583714, 'capture_scale': 0.22442176568702546}. Best is trial 116 with value: 1.868175213579544.
[I 2026-05-02 19:16:52,780] Trial 274 finished with value: 2.9047758364278167 and parameters: {'f_n': 1.552763441847289e-08, 'K_d': 342865.77050832706, 'rho_d': 13873512173109.389, 'fission_rate': 4.192257584141642e+19, 'D2_xe_scale': 27.409656976672157, 'Dg_D1_scale': 0.5480948591796823, 'Dg_D3_scale': 3.790472469654583, 'Dv_D1_scale': 0.3070947669463099, 'Dv_D2_scale': 1.3397270977157223, 'b_bulk_scale': 0.444195483757584, 'b_dislocation_scale': 0.08930297311187559, 'gb_scale': 4.4942286317745515, 'gd_bubble_scale': 5.874355483544786, 'gd_line_scale': 2.425839532667206, 'gd_line_alpha': 0.2815518130332663, 'coalescence_d_scale': 0.24391867922055702, 'capture_scale': 4.289534877430186}. Best is trial 116 with value: 1.868175213579544.
[I 2026-05-02 19:16:59,076] Trial 275 finished with value: 2.0525879794855424 and parameters: {'f_n': 1.0399017499513125e-06, 'K_d': 483325.49211086996, 'rho_d': 9136284165736.045, 'fission_rate': 4.314077852067234e+19, 'D2_xe_scale': 35.16855893479336, 'Dg_D1_scale': 0.6298571820958307, 'Dg_D3_scale': 2.88335506153285, 'Dv_D1_scale': 0.3621601998638895, 'Dv_D2_scale': 1.8174859935276733, 'b_bulk_scale': 0.1062704828022103, 'b_dislocation_scale': 0.07625131816061245, 'gb_scale': 1.797042541420583, 'gd_bubble_scale': 7.953464550603812, 'gd_line_scale': 5.108474884377903, 'gd_line_alpha': 0.19902085109453485, 'coalescence_d_scale': 0.3390519795390678, 'capture_scale': 6.1039826796812005}. Best is trial 116 with value: 1.868175213579544.
[I 2026-05-02 19:17:04,109] Trial 276 finished with value: 1.9725301710749108 and parameters: {'f_n': 8.694152616758767e-07, 'K_d': 542322.9394961112, 'rho_d': 12092983149877.057, 'fission_rate': 4.078056853854712e+19, 'D2_xe_scale': 49.74588417573986, 'Dg_D1_scale': 0.5864515988776602, 'Dg_D3_scale': 3.3902780502474865, 'Dv_D1_scale': 0.3304158453273089, 'Dv_D2_scale': 2.1476709013581057, 'b_bulk_scale': 0.16368471784354707, 'b_dislocation_scale': 0.09806375594734539, 'gb_scale': 6.8688248766306454, 'gd_bubble_scale': 7.114536420354779, 'gd_line_scale': 4.432975388795539, 'gd_line_alpha': 0.32933702255029823, 'coalescence_d_scale': 0.42503658986688675, 'capture_scale': 5.020944118386601}. Best is trial 116 with value: 1.868175213579544.
