[I 2026-05-02 20:30:13,084] Trial 1230 finished with value: 1.749851740884437 and parameters: {'f_n': 5.269699877994629e-07, 'K_d': 698913.5205768599, 'rho_d': 12401117483176.836, 'fission_rate': 6.3639301273968574e+19, 'D2_xe_scale': 0.07278672322456754, 'Dg_D1_scale': 0.1740735323240573, 'Dg_D3_scale': 2.9478942047332843, 'Dv_D1_scale': 0.28447222997451815, 'Dv_D2_scale': 3.8041444006732865, 'b_bulk_scale': 0.3100922579889235, 'b_dislocation_scale': 0.14281872787281424, 'gb_scale': 7.9356936489141034, 'gd_bubble_scale': 9.092611468276976, 'gd_line_scale': 8.338521256679353, 'gd_line_alpha': 0.5202536343277753, 'coalescence_d_scale': 0.4506838122573198, 'capture_scale': 4.666371432340831}. Best is trial 1126 with value: 1.7410514264406347.
[I 2026-05-02 20:30:17,723] Trial 1231 finished with value: 2.602469656488115 and parameters: {'f_n': 3.8283656720644823e-07, 'K_d': 101815.94835208112, 'rho_d': 11134414795067.205, 'fission_rate': 6.41445192735315e+19, 'D2_xe_scale': 0.08313636308930043, 'Dg_D1_scale': 0.19300082685980255, 'Dg_D3_scale': 3.0312429651648745, 'Dv_D1_scale': 0.3104896526402384, 'Dv_D2_scale': 3.997660338575594, 'b_bulk_scale': 0.31177873319557203, 'b_dislocation_scale': 0.17478521483143025, 'gb_scale': 7.987298261829628, 'gd_bubble_scale': 9.344399191520438, 'gd_line_scale': 8.559525150275388, 'gd_line_alpha': 0.6114097506520306, 'coalescence_d_scale': 0.5284739024571207, 'capture_scale': 4.45143525732292}. Best is trial 1126 with value: 1.7410514264406347.
[I 2026-05-02 20:30:22,384] Trial 1232 finished with value: 1.7919796578460863 and parameters: {'f_n': 4.791939141888813e-07, 'K_d': 672917.0289222467, 'rho_d': 12195881215706.006, 'fission_rate': 6.3673553928639635e+19, 'D2_xe_scale': 0.12128820116125283, 'Dg_D1_scale': 0.2052667125562069, 'Dg_D3_scale': 2.9990504961848616, 'Dv_D1_scale': 0.2960041884790704, 'Dv_D2_scale': 3.4287168875770515, 'b_bulk_scale': 0.4028110096147972, 'b_dislocation_scale': 0.15045263447905102, 'gb_scale': 7.544731681956969, 'gd_bubble_scale': 9.287613113932462, 'gd_line_scale': 8.215919756677982, 'gd_line_alpha': 0.4600709672484591, 'coalescence_d_scale': 0.46759941979391806, 'capture_scale': 4.511950508952368}. Best is trial 1126 with value: 1.7410514264406347.
[I 2026-05-02 20:30:27,012] Trial 1233 finished with value: 1.764399388245708 and parameters: {'f_n': 3.109456979247175e-07, 'K_d': 698620.6363937951, 'rho_d': 10664577449336.621, 'fission_rate': 6.377652708688293e+19, 'D2_xe_scale': 0.06982670811976423, 'Dg_D1_scale': 0.18755419343283242, 'Dg_D3_scale': 3.104793749165997, 'Dv_D1_scale': 0.31647489389851247, 'Dv_D2_scale': 3.6305405960770405, 'b_bulk_scale': 0.2990909908231861, 'b_dislocation_scale': 0.1606939243278592, 'gb_scale': 7.9331652879952, 'gd_bubble_scale': 9.880204964073618, 'gd_line_scale': 9.062284240090722, 'gd_line_alpha': 0.582157281887747, 'coalescence_d_scale': 0.5074668498767655, 'capture_scale': 4.566551885424774}. Best is trial 1126 with value: 1.7410514264406347.
[I 2026-05-02 20:30:31,339] Trial 1234 finished with value: 1.828634684216228 and parameters: {'f_n': 4.002060748256145e-07, 'K_d': 661116.62528642, 'rho_d': 9718198943459.516, 'fission_rate': 7.005501585355507e+19, 'D2_xe_scale': 0.06266859859275703, 'Dg_D1_scale': 0.180689634304571, 'Dg_D3_scale': 2.9005727932356256, 'Dv_D1_scale': 0.2887871413436953, 'Dv_D2_scale': 3.998475887248569, 'b_bulk_scale': 0.4335936328200629, 'b_dislocation_scale': 0.17652285421151948, 'gb_scale': 7.250434521340863, 'gd_bubble_scale': 9.960182129734752, 'gd_line_scale': 8.224821546965748, 'gd_line_alpha': 0.4794187754364776, 'coalescence_d_scale': 0.4501484488047898, 'capture_scale': 5.269662830347818}. Best is trial 1126 with value: 1.7410514264406347.Best trial: 1126. Best value: 1.74105:  82%|████████▏ | 1234/1500 [1:37:42<20:23,  4.60s/it]Best trial: 1126. Best value: 1.74105:  82%|████████▏ | 1234/1500 [1:37:43<20:23,  4.60s/it]Best trial: 1126. Best value: 1.74105:  82%|████████▏ | 1235/1500 [1:37:43<19:59,  4.53s/it]                                                                                            Best trial: 1126. Best value: 1.74105:  82%|████████▏ | 1235/1500 [1:37:46<19:59,  4.53s/it]Best trial: 1126. Best value: 1.74105:  82%|████████▏ | 1235/1500 [1:37:46<19:59,  4.53s/it]Best trial: 1126. Best value: 1.74105:  82%|████████▏ | 1236/1500 [1:37:46<18:01,  4.10s/it]                                                                                            Best trial: 1126. Best value: 1.74105:  82%|████████▏ | 1236/1500 [1:37:50<18:01,  4.10s/it]Best trial: 1126. Best value: 1.74105:  82%|████████▏ | 1236/1500 [1:37:50<18:01,  4.10s/it]Best trial: 1126. Best value: 1.74105:  82%|████████▏ | 1237/1500 [1:37:50<18:46,  4.28s/it]                                                                                            Best trial: 1126. Best value: 1.74105:  82%|████████▏ | 1237/1500 [1:37:55<18:46,  4.28s/it]Best trial: 1126. Best value: 1.74105:  82%|████████▏ | 1237/1500 [1:37:55<18:46,  4.28s/it]Best trial: 1126. Best value: 1.74105:  83%|████████▎ | 1238/1500 [1:37:55<19:09,  4.39s/it]                                                                                            Best trial: 1126. Best value: 1.74105:  83%|████████▎ | 1238/1500 [1:38:00<19:09,  4.39s/it]Best trial: 1126. Best value: 1.74105:  83%|████████▎ | 1238/1500 [1:38:00<19:09,  4.39s/it]Best trial: 1126. Best value: 1.74105:  83%|████████▎ | 1239/1500 [1:38:00<19:52,  4.57s/it]                                                                                            Best trial: 1126. Best value: 1.74105:  83%|████████▎ | 1239/1500 [1:38:05<19:52,  4.57s/it]Best trial: 1126. Best value: 1.74105:  83%|████████▎ | 1239/1500 [1:38:05<19:52,  4.57s/it]Best trial: 1126. Best value: 1.74105:  83%|████████▎ | 1240/1500 [1:38:05<20:02,  4.63s/it]                                                                                            Best trial: 1126. Best value: 1.74105:  83%|████████▎ | 1240/1500 [1:38:09<20:02,  4.63s/it]Best trial: 1126. Best value: 1.74105:  83%|████████▎ | 1240/1500 [1:38:09<20:02,  4.63s/it]Best trial: 1126. Best value: 1.74105:  83%|████████▎ | 1241/1500 [1:38:09<20:02,  4.64s/it]                                                                                            Best trial: 1126. Best value: 1.74105:  83%|████████▎ | 1241/1500 [1:38:13<20:02,  4.64s/it]Best trial: 1126. Best value: 1.74105:  83%|████████▎ | 1241/1500 [1:38:13<20:02,  4.64s/it]Best trial: 1126. Best value: 1.74105:  83%|████████▎ | 1242/1500 [1:38:13<18:59,  4.42s/it]                                                                                            Best trial: 1126. Best value: 1.74105:  83%|████████▎ | 1242/1500 [1:38:17<18:59,  4.42s/it]Best trial: 1126. Best value: 1.74105:  83%|████████▎ | 1242/1500 [1:38:17<18:59,  4.42s/it]Best trial: 1126. Best value: 1.74105:  83%|████████▎ | 1243/1500 [1:38:17<17:49,  4.16s/it]                                                                                            Best trial: 1126. Best value: 1.74105:  83%|████████▎ | 1243/1500 [1:38:20<17:49,  4.16s/it]Best trial: 1126. Best value: 1.74105:  83%|████████▎ | 1243/1500 [1:38:20<17:49,  4.16s/it]Best trial: 1126. Best value: 1.74105:  83%|████████▎ | 1244/1500 [1:38:20<16:21,  3.83s/it]                                                                                            Best trial: 1126. Best value: 1.74105:  83%|████████▎ | 1244/1500 [1:38:25<16:21,  3.83s/it]Best trial: 1126. Best value: 1.74105:  83%|████████▎ | 1244/1500 [1:38:25<16:21,  3.83s/it]Best trial: 1126. Best value: 1.74105:  83%|████████▎ | 1245/1500 [1:38:25<17:37,  4.15s/it]                                                                                            
[I 2026-05-02 20:30:34,462] Trial 1235 finished with value: 2.0274795111538624 and parameters: {'f_n': 1.6370427482843148e-07, 'K_d': 679516.0281762322, 'rho_d': 11718931400291.506, 'fission_rate': 6.330406847124747e+19, 'D2_xe_scale': 0.08130429026557602, 'Dg_D1_scale': 0.17496621064150078, 'Dg_D3_scale': 3.1063893504732953, 'Dv_D1_scale': 0.31820287933103414, 'Dv_D2_scale': 3.7670517830674726, 'b_bulk_scale': 0.35678748282027356, 'b_dislocation_scale': 0.14344497242047047, 'gb_scale': 7.24734860364213, 'gd_bubble_scale': 8.669018492569604, 'gd_line_scale': 8.597526409211326, 'gd_line_alpha': 0.5097776389364781, 'coalescence_d_scale': 0.5084921388564804, 'capture_scale': 4.477441274583063}. Best is trial 1126 with value: 1.7410514264406347.
[I 2026-05-02 20:30:39,168] Trial 1236 finished with value: 1.9520391575266904 and parameters: {'f_n': 5.0551741804080266e-08, 'K_d': 707452.0692201845, 'rho_d': 10526306126990.38, 'fission_rate': 6.285607809260224e+19, 'D2_xe_scale': 0.10236638544083022, 'Dg_D1_scale': 0.19204729012798, 'Dg_D3_scale': 2.923123450076852, 'Dv_D1_scale': 0.28677356960640044, 'Dv_D2_scale': 3.9988717043601905, 'b_bulk_scale': 0.3818426421248904, 'b_dislocation_scale': 0.19127816324393412, 'gb_scale': 7.909072918929094, 'gd_bubble_scale': 8.491503408253724, 'gd_line_scale': 9.021582825483742, 'gd_line_alpha': 0.5330523308430065, 'coalescence_d_scale': 0.44106075931015515, 'capture_scale': 4.916977915784126}. Best is trial 1126 with value: 1.7410514264406347.
[I 2026-05-02 20:30:43,807] Trial 1237 finished with value: 2.210680713161038 and parameters: {'f_n': 2.1592941242010683e-07, 'K_d': 758980.6844259166, 'rho_d': 11279386167342.287, 'fission_rate': 6.423324479295239e+19, 'D2_xe_scale': 0.06409672229098311, 'Dg_D1_scale': 0.17312975296383307, 'Dg_D3_scale': 2.8237452851924636, 'Dv_D1_scale': 0.2972010676109646, 'Dv_D2_scale': 3.466707374831475, 'b_bulk_scale': 0.9031530023514968, 'b_dislocation_scale': 0.1558653669336307, 'gb_scale': 7.973764466236425, 'gd_bubble_scale': 8.952165224225588, 'gd_line_scale': 7.863277342227856, 'gd_line_alpha': 0.4510968898129686, 'coalescence_d_scale': 0.49723631830643567, 'capture_scale': 5.038282721221935}. Best is trial 1126 with value: 1.7410514264406347.
[I 2026-05-02 20:30:48,790] Trial 1238 finished with value: 1.9218049881158317 and parameters: {'f_n': 5.349863917136894e-07, 'K_d': 704760.3603468116, 'rho_d': 12112716408092.643, 'fission_rate': 6.056259517149506e+19, 'D2_xe_scale': 0.07654197789354525, 'Dg_D1_scale': 0.20090243043199502, 'Dg_D3_scale': 3.2276235631454404, 'Dv_D1_scale': 0.282089272080554, 'Dv_D2_scale': 3.1119102321113186, 'b_bulk_scale': 0.42468088977628926, 'b_dislocation_scale': 0.1389407757874447, 'gb_scale': 6.9865439026464395, 'gd_bubble_scale': 9.241645499469177, 'gd_line_scale': 8.796189508578529, 'gd_line_alpha': 0.5563822284011342, 'coalescence_d_scale': 0.41631266153398283, 'capture_scale': 5.720259921839126}. Best is trial 1126 with value: 1.7410514264406347.
[I 2026-05-02 20:30:53,560] Trial 1239 finished with value: 2.739417501245818 and parameters: {'f_n': 4.5664339836815317e-10, 'K_d': 651200.6728990284, 'rho_d': 10083252828192.432, 'fission_rate': 6.168334234888349e+19, 'D2_xe_scale': 0.05439739062032926, 'Dg_D1_scale': 0.17603916822925297, 'Dg_D3_scale': 2.7427155939215444, 'Dv_D1_scale': 0.30477350575184364, 'Dv_D2_scale': 3.625912769418821, 'b_bulk_scale': 0.30905378337132366, 'b_dislocation_scale': 0.32286824541563613, 'gb_scale': 6.8095578709552935, 'gd_bubble_scale': 8.32390570518034, 'gd_line_scale': 7.260535143805596, 'gd_line_alpha': 0.5868362572923921, 'coalescence_d_scale': 0.4590382980966371, 'capture_scale': 5.834733788927667}. Best is trial 1126 with value: 1.7410514264406347.
[I 2026-05-02 20:30:58,234] Trial 1240 finished with value: 1.7558327219786927 and parameters: {'f_n': 4.4412739410156546e-07, 'K_d': 735843.6571352443, 'rho_d': 10869776645349.22, 'fission_rate': 6.355316252343911e+19, 'D2_xe_scale': 0.09678184388058428, 'Dg_D1_scale': 0.18875945582392714, 'Dg_D3_scale': 3.19377506069216, 'Dv_D1_scale': 0.3228533941951356, 'Dv_D2_scale': 3.7576577075343573, 'b_bulk_scale': 0.35326468592401783, 'b_dislocation_scale': 0.17609162155454, 'gb_scale': 6.911001906398401, 'gd_bubble_scale': 9.964925749998798, 'gd_line_scale': 9.07544870071462, 'gd_line_alpha': 0.5295783482316637, 'coalescence_d_scale': 0.521080407020991, 'capture_scale': 5.00830292176206}. Best is trial 1126 with value: 1.7410514264406347.
[I 2026-05-02 20:31:02,131] Trial 1241 finished with value: 1.9783320959001307 and parameters: {'f_n': 2.6212501521546507e-07, 'K_d': 763379.0693558478, 'rho_d': 12430398687588.611, 'fission_rate': 7.847042544130843e+19, 'D2_xe_scale': 0.09355768123445944, 'Dg_D1_scale': 0.21169848616846038, 'Dg_D3_scale': 3.1799743611444447, 'Dv_D1_scale': 0.3279220585702534, 'Dv_D2_scale': 3.304317558739416, 'b_bulk_scale': 0.30701403336035415, 'b_dislocation_scale': 0.2189352036243306, 'gb_scale': 7.971059580901784, 'gd_bubble_scale': 9.400612551883082, 'gd_line_scale': 7.661630288740037, 'gd_line_alpha': 0.5152365251146992, 'coalescence_d_scale': 0.5498277720316027, 'capture_scale': 4.292695697894509}. Best is trial 1126 with value: 1.7410514264406347.
[I 2026-05-02 20:31:05,691] Trial 1242 finished with value: 3.9360527889504735 and parameters: {'f_n': 3.734645457862215e-07, 'K_d': 758746.5438948994, 'rho_d': 11655835051704.992, 'fission_rate': 6.451639831654414e+19, 'D2_xe_scale': 0.13244778987425945, 'Dg_D1_scale': 0.20389497067377202, 'Dg_D3_scale': 3.2978662447836635, 'Dv_D1_scale': 0.3259840133017875, 'Dv_D2_scale': 3.314725958829209, 'b_bulk_scale': 0.33992952210553673, 'b_dislocation_scale': 1.4064506461271324, 'gb_scale': 7.981986514762019, 'gd_bubble_scale': 9.19574102106155, 'gd_line_scale': 7.112150324681017, 'gd_line_alpha': 0.48623519552586897, 'coalescence_d_scale': 0.5239873662191983, 'capture_scale': 4.298140694787368}. Best is trial 1126 with value: 1.7410514264406347.
[I 2026-05-02 20:31:08,749] Trial 1243 finished with value: 2.7546470631671722 and parameters: {'f_n': 3.0072460899191777e-07, 'K_d': 728457.8799282379, 'rho_d': 38216827568504.58, 'fission_rate': 6.388487057010423e+19, 'D2_xe_scale': 0.08292817994909762, 'Dg_D1_scale': 0.19121132327729204, 'Dg_D3_scale': 0.2066799414315401, 'Dv_D1_scale': 0.3226112213618063, 'Dv_D2_scale': 3.4878272632759213, 'b_bulk_scale': 0.3839459292244405, 'b_dislocation_scale': 0.19400182481683975, 'gb_scale': 7.975992708770042, 'gd_bubble_scale': 9.849257070634726, 'gd_line_scale': 8.079760837676233, 'gd_line_alpha': 0.5012295865963352, 'coalescence_d_scale': 0.5336396118045093, 'capture_scale': 4.777236859769678}. Best is trial 1126 with value: 1.7410514264406347.
[I 2026-05-02 20:31:13,637] Trial 1244 finished with value: 1.8494279544574495 and parameters: {'f_n': 1.3446663544639566e-07, 'K_d': 763530.1730369785, 'rho_d': 11091187011822.791, 'fission_rate': 6.347769233052697e+19, 'D2_xe_scale': 0.11450026735431444, 'Dg_D1_scale': 0.20778362096081845, 'Dg_D3_scale': 3.2507144333441955, 'Dv_D1_scale': 0.3338126028763838, 'Dv_D2_scale': 3.0498191263766667, 'b_bulk_scale': 0.2853729972313658, 'b_dislocation_scale': 0.17439582196156853, 'gb_scale': 6.928844757094234, 'gd_bubble_scale': 9.795112365918033, 'gd_line_scale': 8.132259012991268, 'gd_line_alpha': 0.4707390221442283, 'coalescence_d_scale': 0.5238404043863258, 'capture_scale': 4.366758300383407}. Best is trial 1126 with value: 1.7410514264406347.
[I 2026-05-02 20:31:18,440] Trial 1245 finished with value: 2.448230829878143 and parameters: {'f_n': 4.197324062829102e-07, 'K_d': 229848.77669625913, 'rho_d': 23637635077236.348, 'fission_rate': 6.455866504456054e+19, 'D2_xe_scale': 0.09658530361760136, 'Dg_D1_scale': 0.18965532683626132, 'Dg_D3_scale': 3.0567184678524644, 'Dv_D1_scale': 0.3041088571925654, 'Dv_D2_scale': 3.5706660345587977, 'b_bulk_scale': 0.5341662844192029, 'b_dislocation_scale': 0.14995497862817642, 'gb_scale': 6.7814054172405305, 'gd_bubble_scale': 9.842858363437855, 'gd_line_scale': 6.91085335402772, 'gd_line_alpha': 0.5154929823291469, 'coalescence_d_scale': 0.48960598723370463, 'capture_scale': 4.847579299919688}. Best is trial 1126 with value: 1.7410514264406347.Best trial: 1126. Best value: 1.74105:  83%|████████▎ | 1245/1500 [1:38:30<17:37,  4.15s/it]Best trial: 1126. Best value: 1.74105:  83%|████████▎ | 1245/1500 [1:38:30<17:37,  4.15s/it]Best trial: 1126. Best value: 1.74105:  83%|████████▎ | 1246/1500 [1:38:30<18:23,  4.34s/it]                                                                                            Best trial: 1126. Best value: 1.74105:  83%|████████▎ | 1246/1500 [1:38:34<18:23,  4.34s/it]Best trial: 1126. Best value: 1.74105:  83%|████████▎ | 1246/1500 [1:38:34<18:23,  4.34s/it]Best trial: 1126. Best value: 1.74105:  83%|████████▎ | 1247/1500 [1:38:34<18:37,  4.42s/it]                                                                                            Best trial: 1126. Best value: 1.74105:  83%|████████▎ | 1247/1500 [1:38:39<18:37,  4.42s/it]Best trial: 1126. Best value: 1.74105:  83%|████████▎ | 1247/1500 [1:38:39<18:37,  4.42s/it]Best trial: 1126. Best value: 1.74105:  83%|████████▎ | 1248/1500 [1:38:39<18:56,  4.51s/it]                                                                                            Best trial: 1126. Best value: 1.74105:  83%|████████▎ | 1248/1500 [1:38:44<18:56,  4.51s/it]Best trial: 1126. Best value: 1.74105:  83%|████████▎ | 1248/1500 [1:38:44<18:56,  4.51s/it]Best trial: 1126. Best value: 1.74105:  83%|████████▎ | 1249/1500 [1:38:44<19:18,  4.62s/it]                                                                                            Best trial: 1126. Best value: 1.74105:  83%|████████▎ | 1249/1500 [1:38:47<19:18,  4.62s/it]Best trial: 1126. Best value: 1.74105:  83%|████████▎ | 1249/1500 [1:38:47<19:18,  4.62s/it]Best trial: 1126. Best value: 1.74105:  83%|████████▎ | 1250/1500 [1:38:47<17:30,  4.20s/it]                                                                                            Best trial: 1126. Best value: 1.74105:  83%|████████▎ | 1250/1500 [1:38:52<17:30,  4.20s/it]Best trial: 1126. Best value: 1.74105:  83%|████████▎ | 1250/1500 [1:38:52<17:30,  4.20s/it]Best trial: 1126. Best value: 1.74105:  83%|████████▎ | 1251/1500 [1:38:52<18:00,  4.34s/it]                                                                                            Best trial: 1126. Best value: 1.74105:  83%|████████▎ | 1251/1500 [1:38:56<18:00,  4.34s/it]Best trial: 1126. Best value: 1.74105:  83%|████████▎ | 1251/1500 [1:38:56<18:00,  4.34s/it]Best trial: 1126. Best value: 1.74105:  83%|████████▎ | 1252/1500 [1:38:56<17:46,  4.30s/it]                                                                                            Best trial: 1126. Best value: 1.74105:  83%|████████▎ | 1252/1500 [1:39:00<17:46,  4.30s/it]Best trial: 1126. Best value: 1.74105:  83%|████████▎ | 1252/1500 [1:39:01<17:46,  4.30s/it]Best trial: 1126. Best value: 1.74105:  84%|████████▎ | 1253/1500 [1:39:01<18:09,  4.41s/it]                                                                                            Best trial: 1126. Best value: 1.74105:  84%|████████▎ | 1253/1500 [1:39:05<18:09,  4.41s/it]Best trial: 1126. Best value: 1.74105:  84%|████████▎ | 1253/1500 [1:39:05<18:09,  4.41s/it]Best trial: 1126. Best value: 1.74105:  84%|████████▎ | 1254/1500 [1:39:05<18:20,  4.48s/it]                                                                                            Best trial: 1126. Best value: 1.74105:  84%|████████▎ | 1254/1500 [1:39:10<18:20,  4.48s/it]Best trial: 1126. Best value: 1.74105:  84%|████████▎ | 1254/1500 [1:39:10<18:20,  4.48s/it]Best trial: 1126. Best value: 1.74105:  84%|████████▎ | 1255/1500 [1:39:10<18:37,  4.56s/it]                                                                                            Best trial: 1126. Best value: 1.74105:  84%|████████▎ | 1255/1500 [1:39:14<18:37,  4.56s/it]Best trial: 1126. Best value: 1.74105:  84%|████████▎ | 1255/1500 [1:39:15<18:37,  4.56s/it]Best trial: 1126. Best value: 1.74105:  84%|████████▎ | 1256/1500 [1:39:15<18:37,  4.58s/it]                                                                                            
[I 2026-05-02 20:31:23,035] Trial 1246 finished with value: 1.9444738943669537 and parameters: {'f_n': 5.492197185655782e-07, 'K_d': 729446.2026895459, 'rho_d': 12626337010035.422, 'fission_rate': 6.38193805531179e+19, 'D2_xe_scale': 0.12309384367628284, 'Dg_D1_scale': 0.18496355811081658, 'Dg_D3_scale': 3.2764440847912493, 'Dv_D1_scale': 0.3208295451270655, 'Dv_D2_scale': 3.7566270836485876, 'b_bulk_scale': 0.4395894663658359, 'b_dislocation_scale': 0.24962708717222756, 'gb_scale': 6.812889718612089, 'gd_bubble_scale': 9.879612334699164, 'gd_line_scale': 7.6025865806206525, 'gd_line_alpha': 0.5281034315095878, 'coalescence_d_scale': 0.5340294864092099, 'capture_scale': 5.059916280750929}. Best is trial 1126 with value: 1.7410514264406347.
[I 2026-05-02 20:31:27,752] Trial 1247 finished with value: 4.205708692648897 and parameters: {'f_n': 3.466096909930099e-07, 'K_d': 784235.2597120185, 'rho_d': 11692561994308.646, 'fission_rate': 6.309882104586314e+19, 'D2_xe_scale': 0.10794001084507696, 'Dg_D1_scale': 0.1671534256749664, 'Dg_D3_scale': 3.4509292217027943, 'Dv_D1_scale': 2.0245048052139976, 'Dv_D2_scale': 0.4623088350613724, 'b_bulk_scale': 0.3320316693501541, 'b_dislocation_scale': 0.1426703234626978, 'gb_scale': 7.183879372302782, 'gd_bubble_scale': 9.991353595175964, 'gd_line_scale': 8.830181439491778, 'gd_line_alpha': 0.4436690988071166, 'coalescence_d_scale': 1.8276594735046618, 'capture_scale': 5.28700996670571}. Best is trial 1126 with value: 1.7410514264406347.
