[I 2026-05-02 19:37:28,293] Trial 515 finished with value: 1.9845094449189 and parameters: {'f_n': 2.4840969665000703e-06, 'K_d': 854038.192420193, 'rho_d': 19801668696819.992, 'fission_rate': 5.920408747800287e+19, 'D2_xe_scale': 0.2561748384951603, 'Dg_D1_scale': 0.19635668502581485, 'Dg_D3_scale': 1.127295895853588, 'Dv_D1_scale': 0.3631602685788991, 'Dv_D2_scale': 3.48588543827639, 'b_bulk_scale': 0.09163731415861177, 'b_dislocation_scale': 0.0758342252281284, 'gb_scale': 5.215860206328235, 'gd_bubble_scale': 6.7297640900388656, 'gd_line_scale': 9.972730468443851, 'gd_line_alpha': 0.21467144898419074, 'coalescence_d_scale': 0.8440870015812496, 'capture_scale': 4.298186037161653}. Best is trial 488 with value: 1.7773226013412071.
[I 2026-05-02 19:37:31,286] Trial 516 finished with value: 2.0107197077180765 and parameters: {'f_n': 2.488592481001295e-06, 'K_d': 806246.3405730058, 'rho_d': 15921440007652.275, 'fission_rate': 6.143230342836546e+19, 'D2_xe_scale': 0.19255597688723622, 'Dg_D1_scale': 0.15186235016522778, 'Dg_D3_scale': 0.9759036982054304, 'Dv_D1_scale': 0.4037494590071266, 'Dv_D2_scale': 3.4356165752475682, 'b_bulk_scale': 0.09666317701345026, 'b_dislocation_scale': 0.08876614659119081, 'gb_scale': 4.306077849251392, 'gd_bubble_scale': 7.094551638855252, 'gd_line_scale': 8.648622476463904, 'gd_line_alpha': 0.2481849029251677, 'coalescence_d_scale': 1.1704245313116974, 'capture_scale': 0.3294955999493008}. Best is trial 488 with value: 1.7773226013412071.
[I 2026-05-02 19:37:36,058] Trial 517 finished with value: 2.068584407869718 and parameters: {'f_n': 2.476837299501026e-06, 'K_d': 792497.2916023944, 'rho_d': 17718352379416.633, 'fission_rate': 5.802053001359016e+19, 'D2_xe_scale': 0.24853179600733014, 'Dg_D1_scale': 0.1808488575668277, 'Dg_D3_scale': 0.8746843152602728, 'Dv_D1_scale': 0.37730188457638675, 'Dv_D2_scale': 2.9576960213074956, 'b_bulk_scale': 0.1257736374400657, 'b_dislocation_scale': 0.07988409909743827, 'gb_scale': 5.925098379433248, 'gd_bubble_scale': 0.2156385149906672, 'gd_line_scale': 8.214332230919313, 'gd_line_alpha': 0.24035371260524724, 'coalescence_d_scale': 0.8681283201059622, 'capture_scale': 5.155653032823495}. Best is trial 488 with value: 1.7773226013412071.
[I 2026-05-02 19:37:40,824] Trial 518 finished with value: 1.8189304950946394 and parameters: {'f_n': 2.4714768395298813e-06, 'K_d': 882701.8086314978, 'rho_d': 14875685059586.125, 'fission_rate': 5.880912859192578e+19, 'D2_xe_scale': 0.3226259476112291, 'Dg_D1_scale': 0.17077800567305648, 'Dg_D3_scale': 1.0618471197318828, 'Dv_D1_scale': 0.4034680555224475, 'Dv_D2_scale': 3.7050791326580943, 'b_bulk_scale': 0.09331501804195481, 'b_dislocation_scale': 0.07697659108412773, 'gb_scale': 5.125053404813217, 'gd_bubble_scale': 7.036431348419062, 'gd_line_scale': 8.965274580157075, 'gd_line_alpha': 0.21482015689046313, 'coalescence_d_scale': 0.9006766942392116, 'capture_scale': 4.307915900223771}. Best is trial 488 with value: 1.7773226013412071.
[I 2026-05-02 19:37:45,564] Trial 519 finished with value: 1.8372670375354414 and parameters: {'f_n': 2.4569627551797015e-06, 'K_d': 851653.7463453056, 'rho_d': 16085065753653.525, 'fission_rate': 5.963477005405616e+19, 'D2_xe_scale': 0.19741405306996299, 'Dg_D1_scale': 0.20194910530550494, 'Dg_D3_scale': 1.1930157305139122, 'Dv_D1_scale': 0.38580154981947445, 'Dv_D2_scale': 3.079770812169489, 'b_bulk_scale': 0.1112725438999171, 'b_dislocation_scale': 0.08764578438153806, 'gb_scale': 4.366671082727312, 'gd_bubble_scale': 6.4746414026868555, 'gd_line_scale': 8.000783178220574, 'gd_line_alpha': 0.2186728501872196, 'coalescence_d_scale': 1.1298386903647404, 'capture_scale': 5.234022940653942}. Best is trial 488 with value: 1.7773226013412071.Best trial: 488. Best value: 1.77732:  35%|███▍      | 519/1500 [44:57<1:13:29,  4.50s/it]Best trial: 488. Best value: 1.77732:  35%|███▍      | 519/1500 [44:57<1:13:29,  4.50s/it]Best trial: 488. Best value: 1.77732:  35%|███▍      | 520/1500 [44:57<1:14:37,  4.57s/it]                                                                                          Best trial: 488. Best value: 1.77732:  35%|███▍      | 520/1500 [45:02<1:14:37,  4.57s/it]Best trial: 488. Best value: 1.77732:  35%|███▍      | 520/1500 [45:02<1:14:37,  4.57s/it]Best trial: 488. Best value: 1.77732:  35%|███▍      | 521/1500 [45:02<1:16:08,  4.67s/it]                                                                                          Best trial: 488. Best value: 1.77732:  35%|███▍      | 521/1500 [45:06<1:16:08,  4.67s/it]Best trial: 488. Best value: 1.77732:  35%|███▍      | 521/1500 [45:06<1:16:08,  4.67s/it]Best trial: 488. Best value: 1.77732:  35%|███▍      | 522/1500 [45:06<1:16:35,  4.70s/it]                                                                                          Best trial: 488. Best value: 1.77732:  35%|███▍      | 522/1500 [45:10<1:16:35,  4.70s/it]Best trial: 488. Best value: 1.77732:  35%|███▍      | 522/1500 [45:10<1:16:35,  4.70s/it]Best trial: 488. Best value: 1.77732:  35%|███▍      | 523/1500 [45:10<1:09:30,  4.27s/it]                                                                                          Best trial: 488. Best value: 1.77732:  35%|███▍      | 523/1500 [45:14<1:09:30,  4.27s/it]Best trial: 488. Best value: 1.77732:  35%|███▍      | 523/1500 [45:14<1:09:30,  4.27s/it]Best trial: 488. Best value: 1.77732:  35%|███▍      | 524/1500 [45:14<1:11:40,  4.41s/it]                                                                                          Best trial: 488. Best value: 1.77732:  35%|███▍      | 524/1500 [45:19<1:11:40,  4.41s/it]Best trial: 488. Best value: 1.77732:  35%|███▍      | 524/1500 [45:19<1:11:40,  4.41s/it]Best trial: 488. Best value: 1.77732:  35%|███▌      | 525/1500 [45:19<1:11:46,  4.42s/it]                                                                                          Best trial: 488. Best value: 1.77732:  35%|███▌      | 525/1500 [45:23<1:11:46,  4.42s/it]Best trial: 488. Best value: 1.77732:  35%|███▌      | 525/1500 [45:23<1:11:46,  4.42s/it]Best trial: 488. Best value: 1.77732:  35%|███▌      | 526/1500 [45:23<1:12:43,  4.48s/it]                                                                                          Best trial: 488. Best value: 1.77732:  35%|███▌      | 526/1500 [45:28<1:12:43,  4.48s/it]Best trial: 488. Best value: 1.77732:  35%|███▌      | 526/1500 [45:28<1:12:43,  4.48s/it]Best trial: 488. Best value: 1.77732:  35%|███▌      | 527/1500 [45:28<1:14:16,  4.58s/it]                                                                                          Best trial: 488. Best value: 1.77732:  35%|███▌      | 527/1500 [45:33<1:14:16,  4.58s/it]Best trial: 488. Best value: 1.77732:  35%|███▌      | 527/1500 [45:33<1:14:16,  4.58s/it]Best trial: 488. Best value: 1.77732:  35%|███▌      | 528/1500 [45:33<1:15:33,  4.66s/it]                                                                                          Best trial: 488. Best value: 1.77732:  35%|███▌      | 528/1500 [45:38<1:15:33,  4.66s/it]Best trial: 488. Best value: 1.77732:  35%|███▌      | 528/1500 [45:38<1:15:33,  4.66s/it]Best trial: 488. Best value: 1.77732:  35%|███▌      | 529/1500 [45:38<1:15:35,  4.67s/it]                                                                                          Best trial: 488. Best value: 1.77732:  35%|███▌      | 529/1500 [45:41<1:15:35,  4.67s/it]Best trial: 488. Best value: 1.77732:  35%|███▌      | 529/1500 [45:41<1:15:35,  4.67s/it]Best trial: 488. Best value: 1.77732:  35%|███▌      | 530/1500 [45:41<1:07:46,  4.19s/it]                                                                                          
[I 2026-05-02 19:37:50,458] Trial 520 finished with value: 1.7922727469527227 and parameters: {'f_n': 2.453563485609022e-06, 'K_d': 796160.3054013086, 'rho_d': 17593968054864.477, 'fission_rate': 5.772778992496771e+19, 'D2_xe_scale': 0.22978166414600956, 'Dg_D1_scale': 0.18217993528732085, 'Dg_D3_scale': 0.9926356803038143, 'Dv_D1_scale': 0.4160816995294995, 'Dv_D2_scale': 3.458970599996174, 'b_bulk_scale': 0.09001324060589778, 'b_dislocation_scale': 0.07509265724600062, 'gb_scale': 5.593546125876799, 'gd_bubble_scale': 6.437491943326933, 'gd_line_scale': 9.107516453373504, 'gd_line_alpha': 0.246077878072723, 'coalescence_d_scale': 0.7898775894618177, 'capture_scale': 4.328736511851722}. Best is trial 488 with value: 1.7773226013412071.
[I 2026-05-02 19:37:55,232] Trial 521 finished with value: 1.8718469910116042 and parameters: {'f_n': 2.961838250844758e-06, 'K_d': 813869.9771586763, 'rho_d': 18812505229993.39, 'fission_rate': 5.8542183158174515e+19, 'D2_xe_scale': 0.3201540793980992, 'Dg_D1_scale': 0.16865029534630496, 'Dg_D3_scale': 0.9866572054767201, 'Dv_D1_scale': 0.36657826936997645, 'Dv_D2_scale': 3.3900600649050503, 'b_bulk_scale': 0.09038516598385457, 'b_dislocation_scale': 0.07567836364690793, 'gb_scale': 7.55774563903826, 'gd_bubble_scale': 7.0623089680177324, 'gd_line_scale': 9.151223205091146, 'gd_line_alpha': 0.24568731589545018, 'coalescence_d_scale': 0.8011135476717233, 'capture_scale': 4.330117592333879}. Best is trial 488 with value: 1.7773226013412071.
[I 2026-05-02 19:37:58,499] Trial 522 finished with value: 1.9926957453140623 and parameters: {'f_n': 2.9559736292237184e-06, 'K_d': 860849.0879623613, 'rho_d': 17490184562516.113, 'fission_rate': 5.752298116764638e+19, 'D2_xe_scale': 0.5039562314281921, 'Dg_D1_scale': 0.18498717519810828, 'Dg_D3_scale': 1.0376602296825554, 'Dv_D1_scale': 0.40676942230070645, 'Dv_D2_scale': 2.8847132363580474, 'b_bulk_scale': 0.10489904530856235, 'b_dislocation_scale': 0.08611163296082947, 'gb_scale': 5.6464311394705575, 'gd_bubble_scale': 6.34929059975327, 'gd_line_scale': 7.706796134737712, 'gd_line_alpha': 0.238456586375107, 'coalescence_d_scale': 0.9250386778115474, 'capture_scale': 5.222720054542045}. Best is trial 488 with value: 1.7773226013412071.
[I 2026-05-02 19:38:03,223] Trial 523 finished with value: 1.7838624954910858 and parameters: {'f_n': 2.9631216531444997e-06, 'K_d': 784671.6772916736, 'rho_d': 16421411398493.146, 'fission_rate': 5.939510451087704e+19, 'D2_xe_scale': 0.2607352783309487, 'Dg_D1_scale': 0.15017516452554583, 'Dg_D3_scale': 1.1576065367751955, 'Dv_D1_scale': 0.4109388864442741, 'Dv_D2_scale': 3.9209882809576566, 'b_bulk_scale': 0.10108601216878062, 'b_dislocation_scale': 0.07565700739753363, 'gb_scale': 5.117688486472445, 'gd_bubble_scale': 7.166589770040234, 'gd_line_scale': 9.929718925049416, 'gd_line_alpha': 0.21317049039867125, 'coalescence_d_scale': 0.8178297836685551, 'capture_scale': 4.477464828512596}. Best is trial 488 with value: 1.7773226013412071.
[I 2026-05-02 19:38:07,667] Trial 524 finished with value: 2.4750926565914146 and parameters: {'f_n': 2.3891214026940055e-06, 'K_d': 797126.6555847462, 'rho_d': 16520804267868.586, 'fission_rate': 5.9577321019912724e+19, 'D2_xe_scale': 0.26598017531920964, 'Dg_D1_scale': 0.16708508223748972, 'Dg_D3_scale': 1.2001086907178857, 'Dv_D1_scale': 0.37294961478253763, 'Dv_D2_scale': 3.825040549399055, 'b_bulk_scale': 0.10170207793210016, 'b_dislocation_scale': 0.10015786639764583, 'gb_scale': 6.580462009414536, 'gd_bubble_scale': 0.6434064121700325, 'gd_line_scale': 9.01556817176786, 'gd_line_alpha': 0.25115688276543346, 'coalescence_d_scale': 0.8209596381535414, 'capture_scale': 5.2909858331091035}. Best is trial 488 with value: 1.7773226013412071.
[I 2026-05-02 19:38:12,290] Trial 525 finished with value: 1.8314933962635371 and parameters: {'f_n': 2.9473559945157615e-06, 'K_d': 876403.3368141862, 'rho_d': 17817389173526.79, 'fission_rate': 6.163355759969672e+19, 'D2_xe_scale': 0.3848885001641695, 'Dg_D1_scale': 0.1791307818622294, 'Dg_D3_scale': 0.9771661752486656, 'Dv_D1_scale': 0.4190493734607796, 'Dv_D2_scale': 3.981834878185713, 'b_bulk_scale': 0.12300136940216426, 'b_dislocation_scale': 0.08515738058662845, 'gb_scale': 5.074679312752481, 'gd_bubble_scale': 7.248910884790761, 'gd_line_scale': 7.639605535414864, 'gd_line_alpha': 0.23023799918616994, 'coalescence_d_scale': 0.9608516266096095, 'capture_scale': 4.480383944063365}. Best is trial 488 with value: 1.7773226013412071.
[I 2026-05-02 19:38:17,107] Trial 526 finished with value: 1.780220747982594 and parameters: {'f_n': 2.4071455329905883e-06, 'K_d': 973613.4776167503, 'rho_d': 14818803457189.043, 'fission_rate': 5.891312094336943e+19, 'D2_xe_scale': 0.24275020530941918, 'Dg_D1_scale': 0.15361723036393268, 'Dg_D3_scale': 1.14948054619865, 'Dv_D1_scale': 0.3856787045775249, 'Dv_D2_scale': 3.4517445884288356, 'b_bulk_scale': 0.11403415878253187, 'b_dislocation_scale': 0.07600079240384347, 'gb_scale': 5.464840336150213, 'gd_bubble_scale': 7.19656433408775, 'gd_line_scale': 9.956090717877917, 'gd_line_alpha': 0.21550373806358858, 'coalescence_d_scale': 0.7912305438871426, 'capture_scale': 4.997394705981376}. Best is trial 488 with value: 1.7773226013412071.
[I 2026-05-02 19:38:21,967] Trial 527 finished with value: 1.8098030556886566 and parameters: {'f_n': 2.331845425838978e-06, 'K_d': 969770.6783703885, 'rho_d': 14882496289764.26, 'fission_rate': 5.90966981588665e+19, 'D2_xe_scale': 0.299746734526972, 'Dg_D1_scale': 0.15199448959431058, 'Dg_D3_scale': 1.2309885838620453, 'Dv_D1_scale': 0.3602714136369015, 'Dv_D2_scale': 3.589590438930607, 'b_bulk_scale': 0.11559476534108594, 'b_dislocation_scale': 0.09159202851978233, 'gb_scale': 5.600461433540567, 'gd_bubble_scale': 7.23798102091199, 'gd_line_scale': 9.99813826325939, 'gd_line_alpha': 0.25198877956632193, 'coalescence_d_scale': 0.8000001660426443, 'capture_scale': 5.1297737718773995}. Best is trial 488 with value: 1.7773226013412071.
[I 2026-05-02 19:38:26,653] Trial 528 finished with value: 1.8140126893298172 and parameters: {'f_n': 2.3939853012031327e-06, 'K_d': 939621.4474561993, 'rho_d': 15960573792908.25, 'fission_rate': 5.999834473023435e+19, 'D2_xe_scale': 0.25142182891709236, 'Dg_D1_scale': 0.15190233780541984, 'Dg_D3_scale': 0.867929306592054, 'Dv_D1_scale': 0.3784425347568342, 'Dv_D2_scale': 3.4093451116815223, 'b_bulk_scale': 0.1337301286737233, 'b_dislocation_scale': 0.07903204535761643, 'gb_scale': 5.111723615209871, 'gd_bubble_scale': 7.256283002087653, 'gd_line_scale': 8.267608626588379, 'gd_line_alpha': 0.22888478346493282, 'coalescence_d_scale': 1.0885873629626717, 'capture_scale': 5.290485892951195}. Best is trial 488 with value: 1.7773226013412071.
[I 2026-05-02 19:38:29,724] Trial 529 finished with value: 1.8900862893412407 and parameters: {'f_n': 2.3748757612506387e-06, 'K_d': 987055.2257187772, 'rho_d': 14985996684377.428, 'fission_rate': 6.0798357361820795e+19, 'D2_xe_scale': 0.3715297656687891, 'Dg_D1_scale': 0.16652721241731117, 'Dg_D3_scale': 1.1428690828171693, 'Dv_D1_scale': 0.3833172446317512, 'Dv_D2_scale': 3.7445833908422976, 'b_bulk_scale': 0.1022344180018411, 'b_dislocation_scale': 0.07912105966007682, 'gb_scale': 5.992047222790056, 'gd_bubble_scale': 6.459633510253145, 'gd_line_scale': 9.054436523213894, 'gd_line_alpha': 0.20740646664723913, 'coalescence_d_scale': 0.9176295358877365, 'capture_scale': 4.626717174241027}. Best is trial 488 with value: 1.7773226013412071.
[I 2026-05-02 19:38:34,579] Trial 530 finished with value: 1.7917648939175157 and parameters: {'f_n': 2.3952601519202388e-06, 'K_d': 839548.7329105801, 'rho_d': 16260913424416.023, 'fission_rate': 5.852490260748874e+19, 'D2_xe_scale': 0.24804302677904727, 'Dg_D1_scale': 0.15025697396790214, 'Dg_D3_scale': 1.0032176323543502, 'Dv_D1_scale': 0.42690183053967207, 'Dv_D2_scale': 3.134049044087374, 'b_bulk_scale': 0.11319091975135112, 'b_dislocation_scale': 0.07486805815859666, 'gb_scale': 4.8989259465475445, 'gd_bubble_scale': 6.54611184313541, 'gd_line_scale': 7.689162134222261, 'gd_line_alpha': 0.24569301378541547, 'coalescence_d_scale': 0.8571228554323667, 'capture_scale': 5.565084352492672}. Best is trial 488 with value: 1.7773226013412071.Best trial: 488. Best value: 1.77732:  35%|███▌      | 530/1500 [45:46<1:07:46,  4.19s/it]Best trial: 488. Best value: 1.77732:  35%|███▌      | 530/1500 [45:46<1:07:46,  4.19s/it]Best trial: 488. Best value: 1.77732:  35%|███▌      | 531/1500 [45:46<1:10:54,  4.39s/it]                                                                                          Best trial: 488. Best value: 1.77732:  35%|███▌      | 531/1500 [45:50<1:10:54,  4.39s/it]Best trial: 488. Best value: 1.77732:  35%|███▌      | 531/1500 [45:51<1:10:54,  4.39s/it]Best trial: 488. Best value: 1.77732:  35%|███▌      | 532/1500 [45:51<1:12:47,  4.51s/it]                                                                                          Best trial: 488. Best value: 1.77732:  35%|███▌      | 532/1500 [45:55<1:12:47,  4.51s/it]Best trial: 488. Best value: 1.77732:  35%|███▌      | 532/1500 [45:55<1:12:47,  4.51s/it]Best trial: 488. Best value: 1.77732:  36%|███▌      | 533/1500 [45:55<1:14:55,  4.65s/it]                                                                                          Best trial: 488. Best value: 1.77732:  36%|███▌      | 533/1500 [46:00<1:14:55,  4.65s/it]Best trial: 488. Best value: 1.77732:  36%|███▌      | 533/1500 [46:00<1:14:55,  4.65s/it]Best trial: 488. Best value: 1.77732:  36%|███▌      | 534/1500 [46:00<1:15:32,  4.69s/it]                                                                                          Best trial: 488. Best value: 1.77732:  36%|███▌      | 534/1500 [46:05<1:15:32,  4.69s/it]Best trial: 488. Best value: 1.77732:  36%|███▌      | 534/1500 [46:05<1:15:32,  4.69s/it]Best trial: 488. Best value: 1.77732:  36%|███▌      | 535/1500 [46:05<1:15:49,  4.71s/it]                                                                                          Best trial: 488. Best value: 1.77732:  36%|███▌      | 535/1500 [46:10<1:15:49,  4.71s/it]Best trial: 488. Best value: 1.77732:  36%|███▌      | 535/1500 [46:10<1:15:49,  4.71s/it]Best trial: 488. Best value: 1.77732:  36%|███▌      | 536/1500 [46:10<1:16:37,  4.77s/it]                                                                                          Best trial: 488. Best value: 1.77732:  36%|███▌      | 536/1500 [46:13<1:16:37,  4.77s/it]Best trial: 488. Best value: 1.77732:  36%|███▌      | 536/1500 [46:13<1:16:37,  4.77s/it]Best trial: 488. Best value: 1.77732:  36%|███▌      | 537/1500 [46:13<1:08:24,  4.26s/it]                                                                                          Best trial: 488. Best value: 1.77732:  36%|███▌      | 537/1500 [46:18<1:08:24,  4.26s/it]Best trial: 488. Best value: 1.77732:  36%|███▌      | 537/1500 [46:18<1:08:24,  4.26s/it]Best trial: 488. Best value: 1.77732:  36%|███▌      | 538/1500 [46:18<1:10:44,  4.41s/it]                                                                                          Best trial: 488. Best value: 1.77732:  36%|███▌      | 538/1500 [46:23<1:10:44,  4.41s/it]Best trial: 488. Best value: 1.77732:  36%|███▌      | 538/1500 [46:23<1:10:44,  4.41s/it]Best trial: 488. Best value: 1.77732:  36%|███▌      | 539/1500 [46:23<1:12:31,  4.53s/it]                                                                                          Best trial: 488. Best value: 1.77732:  36%|███▌      | 539/1500 [46:27<1:12:31,  4.53s/it]Best trial: 488. Best value: 1.77732:  36%|███▌      | 539/1500 [46:27<1:12:31,  4.53s/it]Best trial: 488. Best value: 1.77732:  36%|███▌      | 540/1500 [46:27<1:13:17,  4.58s/it]                                                                                          Best trial: 488. Best value: 1.77732:  36%|███▌      | 540/1500 [46:32<1:13:17,  4.58s/it]Best trial: 488. Best value: 1.77732:  36%|███▌      | 540/1500 [46:32<1:13:17,  4.58s/it]Best trial: 488. Best value: 1.77732:  36%|███▌      | 541/1500 [46:32<1:14:23,  4.65s/it]                                                                                          
[I 2026-05-02 19:38:39,320] Trial 531 finished with value: 2.8225713842186466 and parameters: {'f_n': 2.9412977283843437e-06, 'K_d': 867280.9741607473, 'rho_d': 16459902624900.883, 'fission_rate': 5.852441840921416e+19, 'D2_xe_scale': 0.13388232735394326, 'Dg_D1_scale': 0.15024576233806752, 'Dg_D3_scale': 0.970978375381959, 'Dv_D1_scale': 0.42940812239758297, 'Dv_D2_scale': 3.1610605341538602, 'b_bulk_scale': 0.09937176795091932, 'b_dislocation_scale': 0.08866972100961405, 'gb_scale': 6.752284471073454, 'gd_bubble_scale': 0.34394146657089814, 'gd_line_scale': 7.706564869757894, 'gd_line_alpha': 0.2534207799125569, 'coalescence_d_scale': 0.7787834526903935, 'capture_scale': 5.337963767699365}. Best is trial 488 with value: 1.7773226013412071.
[I 2026-05-02 19:38:44,344] Trial 532 finished with value: 1.786720262724536 and parameters: {'f_n': 2.9922776654275067e-06, 'K_d': 834884.8558837646, 'rho_d': 18713399551090.27, 'fission_rate': 5.925785767634298e+19, 'D2_xe_scale': 0.2828597516959692, 'Dg_D1_scale': 0.16078733977252554, 'Dg_D3_scale': 1.1555602570056045, 'Dv_D1_scale': 0.4284688146212526, 'Dv_D2_scale': 3.437998427381489, 'b_bulk_scale': 0.12538666414245117, 'b_dislocation_scale': 0.07455555957329839, 'gb_scale': 5.495405027623367, 'gd_bubble_scale': 7.269243421600468, 'gd_line_scale': 7.562151564036469, 'gd_line_alpha': 0.21235208082305018, 'coalescence_d_scale': 0.7821295638069, 'capture_scale': 4.338325980360383}. Best is trial 488 with value: 1.7773226013412071.
