[I 2026-05-02 18:58:10,878] Trial 75 finished with value: 2.107425167617231 and parameters: {'f_n': 6.529366630549911e-07, 'K_d': 1363718.1095054897, 'rho_d': 10749231953725.004, 'fission_rate': 4.3853021776675725e+19, 'D2_xe_scale': 19.6734956632939, 'Dg_D1_scale': 0.3245341965215364, 'Dg_D3_scale': 1.3799323933414394, 'Dv_D1_scale': 0.275283104898691, 'Dv_D2_scale': 2.878061902438894, 'b_bulk_scale': 0.08187030606589192, 'b_dislocation_scale': 0.06620601906631272, 'gb_scale': 1.2022517489391706, 'gd_bubble_scale': 8.566017679008, 'gd_line_scale': 1.1465589885490681, 'gd_line_alpha': 0.2593923140695818, 'coalescence_d_scale': 0.18652919726564826, 'capture_scale': 4.5881506669383825}. Best is trial 72 with value: 1.9057808883113645.
[I 2026-05-02 18:58:17,017] Trial 76 finished with value: 1.9403327338795306 and parameters: {'f_n': 5.546885365956315e-07, 'K_d': 1205315.9466577137, 'rho_d': 15317726588781.836, 'fission_rate': 4.534629795617422e+19, 'D2_xe_scale': 7.481305480221948, 'Dg_D1_scale': 0.229547798809718, 'Dg_D3_scale': 2.1601637299389753, 'Dv_D1_scale': 0.26180343231618375, 'Dv_D2_scale': 3.439786014268168, 'b_bulk_scale': 0.12754189709293437, 'b_dislocation_scale': 0.11067032894121581, 'gb_scale': 1.180832719634657, 'gd_bubble_scale': 7.173660711227499, 'gd_line_scale': 1.0216738572973136, 'gd_line_alpha': 0.14596621268353088, 'coalescence_d_scale': 0.10024460075079022, 'capture_scale': 2.9999379300615265}. Best is trial 72 with value: 1.9057808883113645.
[I 2026-05-02 18:58:23,163] Trial 77 finished with value: 2.280643118151137 and parameters: {'f_n': 1.34733391481578e-06, 'K_d': 1498011.7618683393, 'rho_d': 15047063489339.348, 'fission_rate': 4.618680193895365e+19, 'D2_xe_scale': 7.343012813342257, 'Dg_D1_scale': 0.22854762136905266, 'Dg_D3_scale': 1.7920832378710794, 'Dv_D1_scale': 0.26271300670648456, 'Dv_D2_scale': 3.976313731695527, 'b_bulk_scale': 0.21456721951440502, 'b_dislocation_scale': 0.10933819136452198, 'gb_scale': 2.3595643049286075, 'gd_bubble_scale': 7.1612465262749865, 'gd_line_scale': 1.051980812236377, 'gd_line_alpha': 0.16071311812660855, 'coalescence_d_scale': 0.11953718501150257, 'capture_scale': 2.808321712917853}. Best is trial 72 with value: 1.9057808883113645.
[I 2026-05-02 18:58:29,619] Trial 78 finished with value: 2.4732120765143004 and parameters: {'f_n': 8.590756311323813e-07, 'K_d': 1216854.5871914623, 'rho_d': 15464913037130.602, 'fission_rate': 4.322774468618749e+19, 'D2_xe_scale': 19.626591483364646, 'Dg_D1_scale': 0.2603771106539729, 'Dg_D3_scale': 2.1380357068410056, 'Dv_D1_scale': 0.3063598681245523, 'Dv_D2_scale': 3.313715236077666, 'b_bulk_scale': 0.12107544394649365, 'b_dislocation_scale': 0.08148076315594455, 'gb_scale': 1.5017399690797364, 'gd_bubble_scale': 9.981663745697999, 'gd_line_scale': 1.3339522580002277, 'gd_line_alpha': 0.0986560832332256, 'coalescence_d_scale': 0.15682680152491812, 'capture_scale': 1.921126883673873}. Best is trial 72 with value: 1.9057808883113645.
[I 2026-05-02 18:58:36,390] Trial 79 finished with value: 2.298725031747884 and parameters: {'f_n': 5.493378529989511e-07, 'K_d': 916621.4555282935, 'rho_d': 11383765983760.666, 'fission_rate': 4.071297360368308e+19, 'D2_xe_scale': 4.887872746524655, 'Dg_D1_scale': 0.18828723064769357, 'Dg_D3_scale': 1.602410396946074, 'Dv_D1_scale': 0.2411589333653501, 'Dv_D2_scale': 1.8696248501272812, 'b_bulk_scale': 0.08673765815975537, 'b_dislocation_scale': 0.08795575343840657, 'gb_scale': 1.1697106265547217, 'gd_bubble_scale': 4.401242339495489, 'gd_line_scale': 1.754192551596663, 'gd_line_alpha': 0.28788887464113405, 'coalescence_d_scale': 0.19415775087337528, 'capture_scale': 3.1026903276203437}. Best is trial 72 with value: 1.9057808883113645.Best trial: 72. Best value: 1.90578:   5%|▌         | 79/1500 [05:47<2:23:09,  6.05s/it]Best trial: 72. Best value: 1.90578:   5%|▌         | 79/1500 [05:48<2:23:09,  6.05s/it]Best trial: 72. Best value: 1.90578:   5%|▌         | 80/1500 [05:48<2:28:14,  6.26s/it]                                                                                        Best trial: 72. Best value: 1.90578:   5%|▌         | 80/1500 [05:52<2:28:14,  6.26s/it]Best trial: 72. Best value: 1.90578:   5%|▌         | 80/1500 [05:52<2:28:14,  6.26s/it]Best trial: 72. Best value: 1.90578:   5%|▌         | 81/1500 [05:52<2:16:30,  5.77s/it]                                                                                        Best trial: 72. Best value: 1.90578:   5%|▌         | 81/1500 [05:59<2:16:30,  5.77s/it]Best trial: 72. Best value: 1.90578:   5%|▌         | 81/1500 [05:59<2:16:30,  5.77s/it]Best trial: 72. Best value: 1.90578:   5%|▌         | 82/1500 [05:59<2:23:09,  6.06s/it]                                                                                        Best trial: 72. Best value: 1.90578:   5%|▌         | 82/1500 [06:05<2:23:09,  6.06s/it]Best trial: 72. Best value: 1.90578:   5%|▌         | 82/1500 [06:05<2:23:09,  6.06s/it]Best trial: 72. Best value: 1.90578:   6%|▌         | 83/1500 [06:05<2:22:36,  6.04s/it]                                                                                        Best trial: 72. Best value: 1.90578:   6%|▌         | 83/1500 [06:11<2:22:36,  6.04s/it]Best trial: 72. Best value: 1.90578:   6%|▌         | 83/1500 [06:11<2:22:36,  6.04s/it]Best trial: 72. Best value: 1.90578:   6%|▌         | 84/1500 [06:11<2:26:33,  6.21s/it]                                                                                        Best trial: 72. Best value: 1.90578:   6%|▌         | 84/1500 [06:17<2:26:33,  6.21s/it]Best trial: 72. Best value: 1.90578:   6%|▌         | 84/1500 [06:17<2:26:33,  6.21s/it]Best trial: 72. Best value: 1.90578:   6%|▌         | 85/1500 [06:17<2:22:20,  6.04s/it]                                                                                        Best trial: 72. Best value: 1.90578:   6%|▌         | 85/1500 [06:22<2:22:20,  6.04s/it]Best trial: 72. Best value: 1.90578:   6%|▌         | 85/1500 [06:22<2:22:20,  6.04s/it]Best trial: 72. Best value: 1.90578:   6%|▌         | 86/1500 [06:22<2:11:03,  5.56s/it]                                                                                        Best trial: 72. Best value: 1.90578:   6%|▌         | 86/1500 [06:26<2:11:03,  5.56s/it]Best trial: 72. Best value: 1.90578:   6%|▌         | 86/1500 [06:27<2:11:03,  5.56s/it]Best trial: 72. Best value: 1.90578:   6%|▌         | 87/1500 [06:27<2:06:43,  5.38s/it]                                                                                        Best trial: 72. Best value: 1.90578:   6%|▌         | 87/1500 [06:32<2:06:43,  5.38s/it]Best trial: 72. Best value: 1.90578:   6%|▌         | 87/1500 [06:32<2:06:43,  5.38s/it]Best trial: 72. Best value: 1.90578:   6%|▌         | 88/1500 [06:32<2:09:27,  5.50s/it]                                                                                        Best trial: 72. Best value: 1.90578:   6%|▌         | 88/1500 [06:39<2:09:27,  5.50s/it]Best trial: 72. Best value: 1.90578:   6%|▌         | 88/1500 [06:39<2:09:27,  5.50s/it]Best trial: 72. Best value: 1.90578:   6%|▌         | 89/1500 [06:39<2:15:55,  5.78s/it]                                                                                        Best trial: 72. Best value: 1.90578:   6%|▌         | 89/1500 [06:44<2:15:55,  5.78s/it]Best trial: 72. Best value: 1.90578:   6%|▌         | 89/1500 [06:44<2:15:55,  5.78s/it]Best trial: 72. Best value: 1.90578:   6%|▌         | 90/1500 [06:44<2:13:09,  5.67s/it]                                                                                        
[I 2026-05-02 18:58:41,019] Trial 80 finished with value: 2.399287076294905 and parameters: {'f_n': 1.8513987804052724e-06, 'K_d': 1386943.3916396482, 'rho_d': 12691303131713.53, 'fission_rate': 4.756722602814829e+19, 'D2_xe_scale': 30.86063754695456, 'Dg_D1_scale': 0.4033420832578975, 'Dg_D3_scale': 1.4053670868747585, 'Dv_D1_scale': 0.30839788295520204, 'Dv_D2_scale': 2.363973966268733, 'b_bulk_scale': 0.1312469460069118, 'b_dislocation_scale': 0.06044327335744521, 'gb_scale': 1.266682733257423, 'gd_bubble_scale': 8.454608090751611, 'gd_line_scale': 2.1282826781071753, 'gd_line_alpha': 0.21221833606060664, 'coalescence_d_scale': 0.11914778712142003, 'capture_scale': 1.3104836751410844}. Best is trial 72 with value: 1.9057808883113645.
[I 2026-05-02 18:58:47,740] Trial 81 finished with value: 2.268315457332143 and parameters: {'f_n': 2.450788644132553e-07, 'K_d': 1096805.9591251337, 'rho_d': 9176141793599.34, 'fission_rate': 4.1470818777116344e+19, 'D2_xe_scale': 13.60396554783509, 'Dg_D1_scale': 0.3630865799839783, 'Dg_D3_scale': 2.5008464083162707, 'Dv_D1_scale': 0.24145397690138198, 'Dv_D2_scale': 3.5707899740137115, 'b_bulk_scale': 0.1075224229042091, 'b_dislocation_scale': 0.06821495337651926, 'gb_scale': 0.9531905868006423, 'gd_bubble_scale': 6.945772874284118, 'gd_line_scale': 0.9830305683454257, 'gd_line_alpha': 0.25155883583201233, 'coalescence_d_scale': 0.1025679918277924, 'capture_scale': 6.569615397007335}. Best is trial 72 with value: 1.9057808883113645.
[I 2026-05-02 18:58:53,729] Trial 82 finished with value: 2.5989405423342484 and parameters: {'f_n': 5.462865261204549e-07, 'K_d': 1192513.2721544162, 'rho_d': 10307157819945.934, 'fission_rate': 4.5248952559744025e+19, 'D2_xe_scale': 9.11243448308367, 'Dg_D1_scale': 0.2774581440539103, 'Dg_D3_scale': 2.061799732453215, 'Dv_D1_scale': 0.2069186512285749, 'Dv_D2_scale': 2.0858822200303884, 'b_bulk_scale': 0.06853678700504774, 'b_dislocation_scale': 0.1064304559422313, 'gb_scale': 1.727807052807371, 'gd_bubble_scale': 6.9730541395551215, 'gd_line_scale': 1.4751380660072007, 'gd_line_alpha': 0.3465803564742198, 'coalescence_d_scale': 0.1472271616027787, 'capture_scale': 4.900494426851806}. Best is trial 72 with value: 1.9057808883113645.
[I 2026-05-02 18:59:00,344] Trial 83 finished with value: 3.716765455704458 and parameters: {'f_n': 7.411347049995928e-07, 'K_d': 869616.9181164136, 'rho_d': 18111130353672.406, 'fission_rate': 4.228241561166837e+19, 'D2_xe_scale': 11.242742286178325, 'Dg_D1_scale': 1.9826252800053608, 'Dg_D3_scale': 2.284146627176838, 'Dv_D1_scale': 0.3144568816161904, 'Dv_D2_scale': 3.311303646460837, 'b_bulk_scale': 0.1738750951344349, 'b_dislocation_scale': 0.05809368938506752, 'gb_scale': 1.071064204540605, 'gd_bubble_scale': 8.531157587154519, 'gd_line_scale': 1.2035682532417924, 'gd_line_alpha': 0.2928033259811996, 'coalescence_d_scale': 0.18099247605096097, 'capture_scale': 3.2965767190240154}. Best is trial 72 with value: 1.9057808883113645.
[I 2026-05-02 18:59:05,974] Trial 84 finished with value: 2.883844945857824 and parameters: {'f_n': 1.607095468960362e-07, 'K_d': 1089159.8872339777, 'rho_d': 8596489486997.707, 'fission_rate': 4.956815154538911e+19, 'D2_xe_scale': 16.758973518906256, 'Dg_D1_scale': 0.22415180292471246, 'Dg_D3_scale': 1.7056679842315798, 'Dv_D1_scale': 0.3736743247121568, 'Dv_D2_scale': 2.8060713144287868, 'b_bulk_scale': 0.07721192969834349, 'b_dislocation_scale': 0.0863283620060799, 'gb_scale': 1.4542538904440394, 'gd_bubble_scale': 6.591058364194044, 'gd_line_scale': 0.0549543495283089, 'gd_line_alpha': 0.31834627523845843, 'coalescence_d_scale': 0.23902826263654842, 'capture_scale': 0.031598488784829105}. Best is trial 72 with value: 1.9057808883113645.
[I 2026-05-02 18:59:10,428] Trial 85 finished with value: 2.6617275626369796 and parameters: {'f_n': 1.4469162530137235e-06, 'K_d': 1238435.4121817076, 'rho_d': 11985614778572.102, 'fission_rate': 4.625742015567321e+19, 'D2_xe_scale': 8.0769879282901, 'Dg_D1_scale': 0.25728755435389883, 'Dg_D3_scale': 2.413016134873404, 'Dv_D1_scale': 0.33565100743656595, 'Dv_D2_scale': 2.426574539654831, 'b_bulk_scale': 0.09335186680895664, 'b_dislocation_scale': 0.04676271031538513, 'gb_scale': 0.9695956303306068, 'gd_bubble_scale': 7.696201480125934, 'gd_line_scale': 1.973324618334118, 'gd_line_alpha': 0.1463252492628927, 'coalescence_d_scale': 0.12087644866278961, 'capture_scale': 4.7897791142014805}. Best is trial 72 with value: 1.9057808883113645.
[I 2026-05-02 18:59:15,383] Trial 86 finished with value: 3.7834599964751963 and parameters: {'f_n': 5.307419614737277e-07, 'K_d': 1154305.9795612013, 'rho_d': 9532822746884.896, 'fission_rate': 4.480958207229403e+19, 'D2_xe_scale': 5.872340456410645, 'Dg_D1_scale': 0.2927102812026473, 'Dg_D3_scale': 2.6596872419345647, 'Dv_D1_scale': 0.23051973044940438, 'Dv_D2_scale': 3.076844379508192, 'b_bulk_scale': 0.05759875917161492, 'b_dislocation_scale': 0.12280371705821169, 'gb_scale': 3.046824222099171, 'gd_bubble_scale': 4.879168272690125, 'gd_line_scale': 0.6378778200567672, 'gd_line_alpha': 0.21159454577258324, 'coalescence_d_scale': 0.10035021353596606, 'capture_scale': 6.212822431451005}. Best is trial 72 with value: 1.9057808883113645.
[I 2026-05-02 18:59:21,170] Trial 87 finished with value: 2.582538109571714 and parameters: {'f_n': 1.1393121559531746e-06, 'K_d': 1346110.44802767, 'rho_d': 13696971844161.074, 'fission_rate': 4.799849367016456e+19, 'D2_xe_scale': 26.138330261355346, 'Dg_D1_scale': 0.33594253346004266, 'Dg_D3_scale': 1.9347454183048765, 'Dv_D1_scale': 0.2847890072442843, 'Dv_D2_scale': 1.3352454421462157, 'b_bulk_scale': 0.43314023460530865, 'b_dislocation_scale': 0.06770494323794152, 'gb_scale': 0.8630741200214448, 'gd_bubble_scale': 4.299579990605739, 'gd_line_scale': 0.9460555487556312, 'gd_line_alpha': 0.38489280211357235, 'coalescence_d_scale': 0.21016052789959463, 'capture_scale': 4.149346914419145}. Best is trial 72 with value: 1.9057808883113645.
[I 2026-05-02 18:59:27,599] Trial 88 finished with value: 3.327039947596365 and parameters: {'f_n': 2.8844189337543946e-07, 'K_d': 924057.8758913337, 'rho_d': 10165365050373.004, 'fission_rate': 4.174289728199519e+19, 'D2_xe_scale': 12.245620919625496, 'Dg_D1_scale': 0.23871686263688335, 'Dg_D3_scale': 2.224783069784618, 'Dv_D1_scale': 0.2608085710841235, 'Dv_D2_scale': 1.9962828169270752, 'b_bulk_scale': 0.06736796756958496, 'b_dislocation_scale': 0.05070623736544424, 'gb_scale': 1.269506153426457, 'gd_bubble_scale': 0.0521261243235272, 'gd_line_scale': 1.1560735437357903, 'gd_line_alpha': 0.07176715323211472, 'coalescence_d_scale': 0.12857007294381978, 'capture_scale': 2.405097509110288}. Best is trial 72 with value: 1.9057808883113645.
[I 2026-05-02 18:59:33,000] Trial 89 finished with value: 2.03196123718522 and parameters: {'f_n': 9.642971191197889e-08, 'K_d': 1060139.2656361044, 'rho_d': 14654250065151.299, 'fission_rate': 5.175328265443899e+19, 'D2_xe_scale': 4.5439389921693465, 'Dg_D1_scale': 0.4339280331821539, 'Dg_D3_scale': 1.9211972933757626, 'Dv_D1_scale': 0.24757730161846833, 'Dv_D2_scale': 3.668471448581064, 'b_bulk_scale': 0.08052090986190535, 'b_dislocation_scale': 0.04382668576725634, 'gb_scale': 7.320750438974946, 'gd_bubble_scale': 9.168676889107239, 'gd_line_scale': 0.7543705575439043, 'gd_line_alpha': 0.16879003913893922, 'coalescence_d_scale': 0.17064719597011013, 'capture_scale': 3.3402460853547202}. Best is trial 72 with value: 1.9057808883113645.
[I 2026-05-02 18:59:38,472] Trial 90 finished with value: 2.321285307740081 and parameters: {'f_n': 8.565385408541685e-07, 'K_d': 263432.279469116, 'rho_d': 19668602791574.508, 'fission_rate': 5.104334687919325e+19, 'D2_xe_scale': 4.242987447928746, 'Dg_D1_scale': 0.43466980202550554, 'Dg_D3_scale': 1.4756774133574828, 'Dv_D1_scale': 0.2473520186702619, 'Dv_D2_scale': 3.7537255978775383, 'b_bulk_scale': 0.11169698793543582, 'b_dislocation_scale': 0.04418347608262441, 'gb_scale': 5.106361721848795, 'gd_bubble_scale': 9.602979182356565, 'gd_line_scale': 0.7739996914381926, 'gd_line_alpha': 0.18248708177388304, 'coalescence_d_scale': 0.15339927261388506, 'capture_scale': 1.7793669435915498}. Best is trial 72 with value: 1.9057808883113645.Best trial: 72. Best value: 1.90578:   6%|▌         | 90/1500 [06:50<2:13:09,  5.67s/it]Best trial: 72. Best value: 1.90578:   6%|▌         | 90/1500 [06:50<2:13:09,  5.67s/it]Best trial: 72. Best value: 1.90578:   6%|▌         | 91/1500 [06:50<2:11:41,  5.61s/it]                                                                                        Best trial: 72. Best value: 1.90578:   6%|▌         | 91/1500 [06:54<2:11:41,  5.61s/it]Best trial: 72. Best value: 1.90578:   6%|▌         | 91/1500 [06:54<2:11:41,  5.61s/it]Best trial: 72. Best value: 1.90578:   6%|▌         | 92/1500 [06:54<2:01:41,  5.19s/it]                                                                                        Best trial: 72. Best value: 1.90578:   6%|▌         | 92/1500 [07:00<2:01:41,  5.19s/it]Best trial: 72. Best value: 1.90578:   6%|▌         | 92/1500 [07:00<2:01:41,  5.19s/it]Best trial: 72. Best value: 1.90578:   6%|▌         | 93/1500 [07:00<2:09:48,  5.54s/it]                                                                                        Best trial: 72. Best value: 1.90578:   6%|▌         | 93/1500 [07:06<2:09:48,  5.54s/it]Best trial: 72. Best value: 1.90578:   6%|▌         | 93/1500 [07:06<2:09:48,  5.54s/it]Best trial: 72. Best value: 1.90578:   6%|▋         | 94/1500 [07:06<2:13:17,  5.69s/it]                                                                                        Best trial: 72. Best value: 1.90578:   6%|▋         | 94/1500 [07:13<2:13:17,  5.69s/it]Best trial: 72. Best value: 1.90578:   6%|▋         | 94/1500 [07:13<2:13:17,  5.69s/it]Best trial: 72. Best value: 1.90578:   6%|▋         | 95/1500 [07:13<2:21:16,  6.03s/it]                                                                                        Best trial: 72. Best value: 1.90578:   6%|▋         | 95/1500 [07:19<2:21:16,  6.03s/it]Best trial: 72. Best value: 1.90578:   6%|▋         | 95/1500 [07:19<2:21:16,  6.03s/it]Best trial: 72. Best value: 1.90578:   6%|▋         | 96/1500 [07:19<2:22:32,  6.09s/it]                                                                                        Best trial: 72. Best value: 1.90578:   6%|▋         | 96/1500 [07:24<2:22:32,  6.09s/it]Best trial: 72. Best value: 1.90578:   6%|▋         | 96/1500 [07:24<2:22:32,  6.09s/it]Best trial: 72. Best value: 1.90578:   6%|▋         | 97/1500 [07:24<2:11:21,  5.62s/it]                                                                                        Best trial: 72. Best value: 1.90578:   6%|▋         | 97/1500 [07:29<2:11:21,  5.62s/it]Best trial: 72. Best value: 1.90578:   6%|▋         | 97/1500 [07:29<2:11:21,  5.62s/it]Best trial: 72. Best value: 1.90578:   7%|▋         | 98/1500 [07:29<2:08:21,  5.49s/it]                                                                                        Best trial: 72. Best value: 1.90578:   7%|▋         | 98/1500 [07:35<2:08:21,  5.49s/it]Best trial: 72. Best value: 1.90578:   7%|▋         | 98/1500 [07:35<2:08:21,  5.49s/it]Best trial: 72. Best value: 1.90578:   7%|▋         | 99/1500 [07:35<2:09:01,  5.53s/it]                                                                                        Best trial: 72. Best value: 1.90578:   7%|▋         | 99/1500 [07:41<2:09:01,  5.53s/it]Best trial: 72. Best value: 1.90578:   7%|▋         | 99/1500 [07:41<2:09:01,  5.53s/it]Best trial: 72. Best value: 1.90578:   7%|▋         | 100/1500 [07:41<2:14:36,  5.77s/it]                                                                                         Best trial: 72. Best value: 1.90578:   7%|▋         | 100/1500 [07:47<2:14:36,  5.77s/it]Best trial: 72. Best value: 1.90578:   7%|▋         | 100/1500 [07:47<2:14:36,  5.77s/it]Best trial: 72. Best value: 1.90578:   7%|▋         | 101/1500 [07:47<2:19:53,  6.00s/it]                                                                                         
[I 2026-05-02 18:59:42,674] Trial 91 finished with value: 2.4054205716070096 and parameters: {'f_n': 1.0680871054700578e-07, 'K_d': 1056964.0797169446, 'rho_d': 14472003936806.98, 'fission_rate': 4.79984176972193e+19, 'D2_xe_scale': 6.5786889962447335, 'Dg_D1_scale': 3.9926055513119816, 'Dg_D3_scale': 1.9080040917023064, 'Dv_D1_scale': 0.216703498622802, 'Dv_D2_scale': 2.69725404797575, 'b_bulk_scale': 0.08303431642525343, 'b_dislocation_scale': 0.07299358577955192, 'gb_scale': 4.468989478552994, 'gd_bubble_scale': 8.633347095297735, 'gd_line_scale': 0.7190959456477983, 'gd_line_alpha': 0.2376875257799089, 'coalescence_d_scale': 0.17811012217394545, 'capture_scale': 3.441399294199318}. Best is trial 72 with value: 1.9057808883113645.
[I 2026-05-02 18:59:49,023] Trial 92 finished with value: 2.3743792493639746 and parameters: {'f_n': 2.806434108638728e-07, 'K_d': 1229174.6310003675, 'rho_d': 16463206352615.133, 'fission_rate': 4.304669105146721e+19, 'D2_xe_scale': 9.051146600769798, 'Dg_D1_scale': 0.3548925160540883, 'Dg_D3_scale': 1.0509945966123655, 'Dv_D1_scale': 0.2899978200174369, 'Dv_D2_scale': 3.4178543394705203, 'b_bulk_scale': 0.13616073992182287, 'b_dislocation_scale': 0.05700619533734687, 'gb_scale': 2.1487299219077713, 'gd_bubble_scale': 6.331362644206852, 'gd_line_scale': 1.0157479281349064, 'gd_line_alpha': 0.2803562197091113, 'coalescence_d_scale': 0.2835626345234701, 'capture_scale': 2.729753145412473}. Best is trial 72 with value: 1.9057808883113645.
