[I 2026-05-02 18:55:11,316] Trial 35 finished with value: 4.291477300611447 and parameters: {'f_n': 4.383692748984393e-08, 'K_d': 725765.232802367, 'rho_d': 22453815739768.2, 'fission_rate': 7.497027641502315e+19, 'D2_xe_scale': 2.040485379752119, 'Dg_D1_scale': 0.6709377656214498, 'Dg_D3_scale': 0.5065871189914483, 'Dv_D1_scale': 1.9744254094075424, 'Dv_D2_scale': 0.4518103305972577, 'b_bulk_scale': 0.030488931609727366, 'b_dislocation_scale': 0.452614951412663, 'gb_scale': 0.8851584249213449, 'gd_bubble_scale': 0.756781120185424, 'gd_line_scale': 9.655270232517267, 'gd_line_alpha': 0.6889880791092796, 'coalescence_d_scale': 2.36638571802561, 'capture_scale': 1.704896888523926}. Best is trial 1 with value: 2.553181948962033.
[I 2026-05-02 18:55:14,363] Trial 36 finished with value: 2.9446360382093304 and parameters: {'f_n': 1.2629927165926363e-07, 'K_d': 605830.087516439, 'rho_d': 30316110971740.13, 'fission_rate': 7.696528712599321e+19, 'D2_xe_scale': 0.03418918895553238, 'Dg_D1_scale': 0.5051684637907065, 'Dg_D3_scale': 0.6944481815422624, 'Dv_D1_scale': 2.138962974527485, 'Dv_D2_scale': 0.2764621289934324, 'b_bulk_scale': 0.04334657042784437, 'b_dislocation_scale': 0.5894389866576526, 'gb_scale': 0.4958843351021334, 'gd_bubble_scale': 1.5104390882851948, 'gd_line_scale': 4.276974987716653, 'gd_line_alpha': 0.5589051588798505, 'coalescence_d_scale': 1.532843193740329, 'capture_scale': 0.7938399113459446}. Best is trial 1 with value: 2.553181948962033.
[I 2026-05-02 18:55:18,309] Trial 37 finished with value: 6.87112216039348 and parameters: {'f_n': 2.5281742632220285e-08, 'K_d': 715821.2519262261, 'rho_d': 22968781164729.355, 'fission_rate': 7.496495313235993e+19, 'D2_xe_scale': 1.7160370539961838, 'Dg_D1_scale': 0.9425076658677326, 'Dg_D3_scale': 0.972412454142194, 'Dv_D1_scale': 2.925701121214802, 'Dv_D2_scale': 0.8427624534592542, 'b_bulk_scale': 0.2530379178858799, 'b_dislocation_scale': 0.8837008986588499, 'gb_scale': 0.33151028670535126, 'gd_bubble_scale': 3.072959363062872, 'gd_line_scale': 7.198064625967228, 'gd_line_alpha': 0.6950058989847141, 'coalescence_d_scale': 3.778952057727209, 'capture_scale': 0.1954806047529771}. Best is trial 1 with value: 2.553181948962033.
[I 2026-05-02 18:55:22,816] Trial 38 finished with value: 4.295692516314224 and parameters: {'f_n': 1.3801999461907305e-07, 'K_d': 444261.2507428596, 'rho_d': 41993702546564.93, 'fission_rate': 6.521886516365762e+19, 'D2_xe_scale': 0.18257838031132714, 'Dg_D1_scale': 0.6450590023607453, 'Dg_D3_scale': 0.5035852213384104, 'Dv_D1_scale': 0.7404571048374473, 'Dv_D2_scale': 0.41245907702699, 'b_bulk_scale': 0.07370602509268934, 'b_dislocation_scale': 0.04771620389010592, 'gb_scale': 0.7702039921962796, 'gd_bubble_scale': 0.78146622814356, 'gd_line_scale': 0.297106117512112, 'gd_line_alpha': 0.7948394890743394, 'coalescence_d_scale': 5.763935238056532, 'capture_scale': 0.11183681772849036}. Best is trial 1 with value: 2.553181948962033.
[I 2026-05-02 18:55:26,912] Trial 39 finished with value: 3.421049819487232 and parameters: {'f_n': 3.905634376758942e-08, 'K_d': 782000.3948328887, 'rho_d': 25949407985861.574, 'fission_rate': 7.363258086134711e+19, 'D2_xe_scale': 0.021914587756456706, 'Dg_D1_scale': 0.5456397560948393, 'Dg_D3_scale': 1.8203792806416998, 'Dv_D1_scale': 0.6250256579547199, 'Dv_D2_scale': 0.3017576509283375, 'b_bulk_scale': 0.11640446103634391, 'b_dislocation_scale': 0.13394282517826905, 'gb_scale': 0.16277374051166432, 'gd_bubble_scale': 2.418107825604087, 'gd_line_scale': 0.6871079060659162, 'gd_line_alpha': 0.6443587458378318, 'coalescence_d_scale': 0.3635759668326997, 'capture_scale': 2.6052921679207395}. Best is trial 1 with value: 2.553181948962033.
[I 2026-05-02 18:55:29,574] Trial 40 finished with value: 3.740062674972776 and parameters: {'f_n': 1.0462328033109704e-08, 'K_d': 629188.07540416, 'rho_d': 11105066904400.635, 'fission_rate': 7.695910749108409e+19, 'D2_xe_scale': 0.01632198347067273, 'Dg_D1_scale': 0.9857946147078317, 'Dg_D3_scale': 2.6680763961765956, 'Dv_D1_scale': 0.972676319056808, 'Dv_D2_scale': 0.8845204564935925, 'b_bulk_scale': 0.05431136072848413, 'b_dislocation_scale': 1.2256077220115524, 'gb_scale': 1.9372494685111286, 'gd_bubble_scale': 1.4127853874256004, 'gd_line_scale': 4.086090877306277, 'gd_line_alpha': 0.49469280267208215, 'coalescence_d_scale': 1.2425015942908149, 'capture_scale': 0.7969904573445032}. Best is trial 1 with value: 2.553181948962033.
[I 2026-05-02 18:55:32,711] Trial 41 finished with value: 3.2801410908499933 and parameters: {'f_n': 1.291195276647397e-08, 'K_d': 503551.37697883626, 'rho_d': 8768882570652.165, 'fission_rate': 6.9287766362693485e+19, 'D2_xe_scale': 0.01326317308678485, 'Dg_D1_scale': 0.3387637133464086, 'Dg_D3_scale': 0.7498240714809418, 'Dv_D1_scale': 1.5364055291115504, 'Dv_D2_scale': 0.6916207143938868, 'b_bulk_scale': 0.07080688832561761, 'b_dislocation_scale': 0.3267387867279138, 'gb_scale': 0.343689482828269, 'gd_bubble_scale': 0.2938931804548717, 'gd_line_scale': 1.6297565858614618, 'gd_line_alpha': 0.9053150977524529, 'coalescence_d_scale': 1.0015770730759477, 'capture_scale': 0.36769641640781403}. Best is trial 1 with value: 2.553181948962033.
[I 2026-05-02 18:55:35,346] Trial 42 finished with value: 2.401227581729299 and parameters: {'f_n': 8.506202001980967e-09, 'K_d': 554271.6486459095, 'rho_d': 6611712957980.985, 'fission_rate': 6.667128394883459e+19, 'D2_xe_scale': 0.010619230655289075, 'Dg_D1_scale': 0.5823196661336513, 'Dg_D3_scale': 3.762321745841696, 'Dv_D1_scale': 1.6828349055024703, 'Dv_D2_scale': 1.1717409415680442, 'b_bulk_scale': 0.03786309773645738, 'b_dislocation_scale': 0.15818186087088898, 'gb_scale': 0.465729697558355, 'gd_bubble_scale': 0.7997984713116892, 'gd_line_scale': 2.8136543301890056, 'gd_line_alpha': 0.8339962782284683, 'coalescence_d_scale': 0.6411618297036972, 'capture_scale': 0.7931761522185308}. Best is trial 42 with value: 2.401227581729299.
[I 2026-05-02 18:55:38,375] Trial 43 finished with value: 3.1102877192635305 and parameters: {'f_n': 3.2772514110216525e-08, 'K_d': 587683.763585493, 'rho_d': 6722878954084.863, 'fission_rate': 7.77204130028483e+19, 'D2_xe_scale': 0.029140641356439095, 'Dg_D1_scale': 0.6020617241876026, 'Dg_D3_scale': 3.077533755414352, 'Dv_D1_scale': 1.7536811331438151, 'Dv_D2_scale': 1.1953060877311514, 'b_bulk_scale': 0.03962632270049675, 'b_dislocation_scale': 0.16270477385626644, 'gb_scale': 1.1762146781217888, 'gd_bubble_scale': 0.7402466664974842, 'gd_line_scale': 2.603496801662432, 'gd_line_alpha': 0.831387463280512, 'coalescence_d_scale': 0.6085099578619378, 'capture_scale': 1.3554241097846023}. Best is trial 42 with value: 2.401227581729299.
[I 2026-05-02 18:55:42,840] Trial 44 finished with value: 2.295115981388215 and parameters: {'f_n': 2.716029041148902e-07, 'K_d': 666633.9494163998, 'rho_d': 6269743090187.548, 'fission_rate': 6.764575236170921e+19, 'D2_xe_scale': 0.06743455552999351, 'Dg_D1_scale': 0.49139922200767333, 'Dg_D3_scale': 3.993868267581795, 'Dv_D1_scale': 1.3277875747712817, 'Dv_D2_scale': 1.6207502361053057, 'b_bulk_scale': 0.034013404608034245, 'b_dislocation_scale': 0.04028424713029262, 'gb_scale': 0.56498358521685, 'gd_bubble_scale': 5.084535051911862, 'gd_line_scale': 0.8706852786005543, 'gd_line_alpha': 0.7271457888400017, 'coalescence_d_scale': 0.8554564697282478, 'capture_scale': 0.8971761506324311}. Best is trial 44 with value: 2.295115981388215.
[I 2026-05-02 18:55:47,416] Trial 45 finished with value: 2.230235113915849 and parameters: {'f_n': 3.386085219535069e-07, 'K_d': 1041267.6035868848, 'rho_d': 5276053065980.675, 'fission_rate': 6.599684720963006e+19, 'D2_xe_scale': 0.7926123441096824, 'Dg_D1_scale': 0.5022357030174319, 'Dg_D3_scale': 3.9585241636027124, 'Dv_D1_scale': 1.3333388413932152, 'Dv_D2_scale': 1.5318667395854337, 'b_bulk_scale': 0.03500695089963804, 'b_dislocation_scale': 0.04048036382995798, 'gb_scale': 0.5042356025107804, 'gd_bubble_scale': 6.186998758912705, 'gd_line_scale': 0.8265919718681146, 'gd_line_alpha': 0.766062697400487, 'coalescence_d_scale': 0.7519248824863138, 'capture_scale': 2.08016970147428}. Best is trial 45 with value: 2.230235113915849.
[I 2026-05-02 18:55:51,886] Trial 46 finished with value: 2.197169958168826 and parameters: {'f_n': 3.950501365303389e-07, 'K_d': 1012837.1197684804, 'rho_d': 5148306484970.194, 'fission_rate': 6.664522104279981e+19, 'D2_xe_scale': 1.3382648877175531, 'Dg_D1_scale': 0.5144666859795273, 'Dg_D3_scale': 3.424280931979607, 'Dv_D1_scale': 1.1879248009481016, 'Dv_D2_scale': 1.6287334507819353, 'b_bulk_scale': 0.0466259523456439, 'b_dislocation_scale': 0.03644986923075189, 'gb_scale': 0.7985424433190985, 'gd_bubble_scale': 5.418909710999989, 'gd_line_scale': 0.8677931112661517, 'gd_line_alpha': 0.7568396956873061, 'coalescence_d_scale': 0.7882721748820776, 'capture_scale': 3.643973192606861}. Best is trial 46 with value: 2.197169958168826.Best trial: 45. Best value: 2.23024:   3%|▎         | 46/1500 [03:03<1:33:25,  3.86s/it]Best trial: 46. Best value: 2.19717:   3%|▎         | 46/1500 [03:03<1:33:25,  3.86s/it]Best trial: 46. Best value: 2.19717:   3%|▎         | 47/1500 [03:03<1:37:52,  4.04s/it]                                                                                        Best trial: 46. Best value: 2.19717:   3%|▎         | 47/1500 [03:07<1:37:52,  4.04s/it]Best trial: 46. Best value: 2.19717:   3%|▎         | 47/1500 [03:08<1:37:52,  4.04s/it]Best trial: 46. Best value: 2.19717:   3%|▎         | 48/1500 [03:08<1:41:01,  4.17s/it]                                                                                        Best trial: 46. Best value: 2.19717:   3%|▎         | 48/1500 [03:13<1:41:01,  4.17s/it]Best trial: 46. Best value: 2.19717:   3%|▎         | 48/1500 [03:13<1:41:01,  4.17s/it]Best trial: 46. Best value: 2.19717:   3%|▎         | 49/1500 [03:13<1:48:15,  4.48s/it]                                                                                        Best trial: 46. Best value: 2.19717:   3%|▎         | 49/1500 [03:16<1:48:15,  4.48s/it]Best trial: 49. Best value: 2.06449:   3%|▎         | 49/1500 [03:16<1:48:15,  4.48s/it]Best trial: 49. Best value: 2.06449:   3%|▎         | 50/1500 [03:16<1:39:38,  4.12s/it]                                                                                        Best trial: 49. Best value: 2.06449:   3%|▎         | 50/1500 [03:21<1:39:38,  4.12s/it]Best trial: 49. Best value: 2.06449:   3%|▎         | 50/1500 [03:21<1:39:38,  4.12s/it]Best trial: 49. Best value: 2.06449:   3%|▎         | 51/1500 [03:21<1:44:04,  4.31s/it]                                                                                        Best trial: 49. Best value: 2.06449:   3%|▎         | 51/1500 [03:26<1:44:04,  4.31s/it]Best trial: 49. Best value: 2.06449:   3%|▎         | 51/1500 [03:26<1:44:04,  4.31s/it]Best trial: 49. Best value: 2.06449:   3%|▎         | 52/1500 [03:26<1:49:45,  4.55s/it]                                                                                        Best trial: 49. Best value: 2.06449:   3%|▎         | 52/1500 [03:31<1:49:45,  4.55s/it]Best trial: 49. Best value: 2.06449:   3%|▎         | 52/1500 [03:31<1:49:45,  4.55s/it]Best trial: 49. Best value: 2.06449:   4%|▎         | 53/1500 [03:31<1:51:21,  4.62s/it]                                                                                        Best trial: 49. Best value: 2.06449:   4%|▎         | 53/1500 [03:35<1:51:21,  4.62s/it]Best trial: 49. Best value: 2.06449:   4%|▎         | 53/1500 [03:35<1:51:21,  4.62s/it]Best trial: 49. Best value: 2.06449:   4%|▎         | 54/1500 [03:35<1:51:48,  4.64s/it]                                                                                        Best trial: 49. Best value: 2.06449:   4%|▎         | 54/1500 [03:40<1:51:48,  4.64s/it]Best trial: 49. Best value: 2.06449:   4%|▎         | 54/1500 [03:41<1:51:48,  4.64s/it]Best trial: 49. Best value: 2.06449:   4%|▎         | 55/1500 [03:41<1:55:57,  4.82s/it]                                                                                        Best trial: 49. Best value: 2.06449:   4%|▎         | 55/1500 [03:45<1:55:57,  4.82s/it]Best trial: 49. Best value: 2.06449:   4%|▎         | 55/1500 [03:45<1:55:57,  4.82s/it]Best trial: 49. Best value: 2.06449:   4%|▎         | 56/1500 [03:45<1:52:40,  4.68s/it]                                                                                        Best trial: 49. Best value: 2.06449:   4%|▎         | 56/1500 [03:48<1:52:40,  4.68s/it]Best trial: 49. Best value: 2.06449:   4%|▎         | 56/1500 [03:48<1:52:40,  4.68s/it]Best trial: 49. Best value: 2.06449:   4%|▍         | 57/1500 [03:48<1:39:57,  4.16s/it]                                                                                        
[I 2026-05-02 18:55:56,385] Trial 47 finished with value: 2.2756729666165136 and parameters: {'f_n': 3.2276266818268066e-07, 'K_d': 974612.4497602278, 'rho_d': 5176914272192.004, 'fission_rate': 6.701517107243794e+19, 'D2_xe_scale': 0.7095762502970743, 'Dg_D1_scale': 0.4799203413560659, 'Dg_D3_scale': 3.9929119512326365, 'Dv_D1_scale': 1.4033928375173401, 'Dv_D2_scale': 1.5818891777556174, 'b_bulk_scale': 0.04945403505774214, 'b_dislocation_scale': 0.038449372723076025, 'gb_scale': 0.4928856112963164, 'gd_bubble_scale': 5.614445569867929, 'gd_line_scale': 0.8177153194719473, 'gd_line_alpha': 0.7594530273502422, 'coalescence_d_scale': 0.3241245748833924, 'capture_scale': 3.860743604160296}. Best is trial 46 with value: 2.197169958168826.
[I 2026-05-02 18:56:01,565] Trial 48 finished with value: 2.2077578442092114 and parameters: {'f_n': 3.9289230891872044e-07, 'K_d': 980149.3137878795, 'rho_d': 5292190203461.859, 'fission_rate': 5.9806551897073164e+19, 'D2_xe_scale': 1.3939980475964469, 'Dg_D1_scale': 0.4839738806495188, 'Dg_D3_scale': 3.687842288318534, 'Dv_D1_scale': 1.3807418102101088, 'Dv_D2_scale': 1.6251787235054713, 'b_bulk_scale': 0.04808053522200286, 'b_dislocation_scale': 0.03894684242088513, 'gb_scale': 0.5272561649982296, 'gd_bubble_scale': 5.708322701332042, 'gd_line_scale': 0.8223608988976375, 'gd_line_alpha': 0.7614853712141354, 'coalescence_d_scale': 0.2608599033621286, 'capture_scale': 3.873815698499526}. Best is trial 46 with value: 2.197169958168826.
[I 2026-05-02 18:56:04,861] Trial 49 finished with value: 2.064490204015462 and parameters: {'f_n': 4.352110733037425e-07, 'K_d': 1000539.3593581994, 'rho_d': 5013607241611.741, 'fission_rate': 5.939602096612271e+19, 'D2_xe_scale': 0.7191036842422256, 'Dg_D1_scale': 0.3006821572045826, 'Dg_D3_scale': 3.907255532086487, 'Dv_D1_scale': 1.0655346484653783, 'Dv_D2_scale': 2.5646547875070778, 'b_bulk_scale': 0.049150342118475514, 'b_dislocation_scale': 0.037143872949216374, 'gb_scale': 0.7058757701942818, 'gd_bubble_scale': 5.854536353748763, 'gd_line_scale': 0.5524363312344095, 'gd_line_alpha': 0.7533200611132632, 'coalescence_d_scale': 0.1384486767305101, 'capture_scale': 5.497161196316598}. Best is trial 49 with value: 2.064490204015462.
[I 2026-05-02 18:56:09,612] Trial 50 finished with value: 2.308846148296313 and parameters: {'f_n': 4.7207959611337954e-07, 'K_d': 1281452.2496019413, 'rho_d': 5018736353697.709, 'fission_rate': 5.938500330439845e+19, 'D2_xe_scale': 0.6748719157984333, 'Dg_D1_scale': 0.2796152234387451, 'Dg_D3_scale': 3.5574993464440445, 'Dv_D1_scale': 1.0504126489652048, 'Dv_D2_scale': 2.2883374469431437, 'b_bulk_scale': 0.0451799017256992, 'b_dislocation_scale': 0.03950431890000072, 'gb_scale': 1.654508146236838, 'gd_bubble_scale': 7.806063707640193, 'gd_line_scale': 0.57501424865867, 'gd_line_alpha': 0.783430280987298, 'coalescence_d_scale': 0.1361891985056855, 'capture_scale': 3.8156152361626794}. Best is trial 49 with value: 2.064490204015462.
[I 2026-05-02 18:56:14,714] Trial 51 finished with value: 2.2957358149417466 and parameters: {'f_n': 1.3255023947935865e-06, 'K_d': 980312.0186292647, 'rho_d': 5255186524651.708, 'fission_rate': 5.6071941990078595e+19, 'D2_xe_scale': 1.4182121560076923, 'Dg_D1_scale': 0.5136747961673734, 'Dg_D3_scale': 3.795641397098751, 'Dv_D1_scale': 1.3846529932224783, 'Dv_D2_scale': 1.583006002415876, 'b_bulk_scale': 0.05055964594691572, 'b_dislocation_scale': 0.03738017044013902, 'gb_scale': 0.7481759205494536, 'gd_bubble_scale': 4.755380018900263, 'gd_line_scale': 0.9041022982198853, 'gd_line_alpha': 0.7587078479640015, 'coalescence_d_scale': 0.16531420150463147, 'capture_scale': 5.424775618899048}. Best is trial 49 with value: 2.064490204015462.
[I 2026-05-02 18:56:19,495] Trial 52 finished with value: 2.0958780944294384 and parameters: {'f_n': 3.7285206804191367e-07, 'K_d': 1125196.8281642538, 'rho_d': 5617936767913.771, 'fission_rate': 6.0850750118420505e+19, 'D2_xe_scale': 1.1934619550130616, 'Dg_D1_scale': 0.21374544470747509, 'Dg_D3_scale': 3.2430564388443166, 'Dv_D1_scale': 0.9351784861925787, 'Dv_D2_scale': 2.7746545192432626, 'b_bulk_scale': 0.03411244547255852, 'b_dislocation_scale': 0.03786814852103057, 'gb_scale': 0.548401994124177, 'gd_bubble_scale': 6.217478657302397, 'gd_line_scale': 0.5094162778950025, 'gd_line_alpha': 0.6561995329787866, 'coalescence_d_scale': 0.3048938505505106, 'capture_scale': 7.533753869688857}. Best is trial 49 with value: 2.064490204015462.
[I 2026-05-02 18:56:24,189] Trial 53 finished with value: 2.7018045355132965 and parameters: {'f_n': 4.059082603549843e-07, 'K_d': 1077202.9242822195, 'rho_d': 5264282310506.342, 'fission_rate': 6.041812090533424e+19, 'D2_xe_scale': 0.6992891641872163, 'Dg_D1_scale': 0.20082216211384216, 'Dg_D3_scale': 3.1348354825440117, 'Dv_D1_scale': 0.7136480163312412, 'Dv_D2_scale': 3.302044837674618, 'b_bulk_scale': 0.052209177880346125, 'b_dislocation_scale': 0.07690152853058857, 'gb_scale': 1.0665073467269763, 'gd_bubble_scale': 6.858435608398046, 'gd_line_scale': 0.5411272909560718, 'gd_line_alpha': 0.6424290096667012, 'coalescence_d_scale': 0.2924124310838172, 'capture_scale': 7.837784949371789}. Best is trial 49 with value: 2.064490204015462.
[I 2026-05-02 18:56:29,410] Trial 54 finished with value: 2.4172984130827433 and parameters: {'f_n': 1.0440919875482778e-06, 'K_d': 1311340.8982539207, 'rho_d': 7042966367242.532, 'fission_rate': 5.3485091838574264e+19, 'D2_xe_scale': 3.6065819273299864, 'Dg_D1_scale': 0.18187304179427086, 'Dg_D3_scale': 2.8125972336937997, 'Dv_D1_scale': 0.9016398427888613, 'Dv_D2_scale': 2.6410004603811523, 'b_bulk_scale': 0.03909629636003038, 'b_dislocation_scale': 0.03132515585075016, 'gb_scale': 0.7113023789411805, 'gd_bubble_scale': 9.977798834100836, 'gd_line_scale': 0.31893018971017406, 'gd_line_alpha': 0.5685832476960826, 'coalescence_d_scale': 0.20275985452577072, 'capture_scale': 3.4460967907444693}. Best is trial 49 with value: 2.064490204015462.
[I 2026-05-02 18:56:33,784] Trial 55 finished with value: 2.799722590432934 and parameters: {'f_n': 1.8090517889946386e-06, 'K_d': 1126933.7562449195, 'rho_d': 5767269330355.83, 'fission_rate': 6.440895820091415e+19, 'D2_xe_scale': 0.9580987587075482, 'Dg_D1_scale': 0.24459119271440605, 'Dg_D3_scale': 3.325093725623931, 'Dv_D1_scale': 1.1280184151703532, 'Dv_D2_scale': 3.1153762937136946, 'b_bulk_scale': 0.030279865947663232, 'b_dislocation_scale': 0.053136056541506604, 'gb_scale': 0.5219786152463894, 'gd_bubble_scale': 3.942905364669429, 'gd_line_scale': 1.3660259013113172, 'gd_line_alpha': 0.7665176442080773, 'coalescence_d_scale': 0.11950812024065743, 'capture_scale': 5.432734065500814}. Best is trial 49 with value: 2.064490204015462.
[I 2026-05-02 18:56:36,713] Trial 56 finished with value: 2.553820046491959 and parameters: {'f_n': 7.290486107026961e-07, 'K_d': 987281.9751992916, 'rho_d': 5018275804264.923, 'fission_rate': 6.126234263202384e+19, 'D2_xe_scale': 1.2050436814557313, 'Dg_D1_scale': 0.3878301858276303, 'Dg_D3_scale': 2.6768094418137505, 'Dv_D1_scale': 0.9130151653323781, 'Dv_D2_scale': 3.9783077152865034, 'b_bulk_scale': 0.09218046871752934, 'b_dislocation_scale': 0.06675841560913454, 'gb_scale': 0.8599019724706035, 'gd_bubble_scale': 6.182213291797607, 'gd_line_scale': 0.48542589272999637, 'gd_line_alpha': 0.6710969157676585, 'coalescence_d_scale': 0.34084000513989154, 'capture_scale': 4.319077516167475}. Best is trial 49 with value: 2.064490204015462.
