[I 2026-05-02 20:19:05,471] Trial 1083 finished with value: 1.7592357334943334 and parameters: {'f_n': 6.081935065718048e-07, 'K_d': 673492.4918592311, 'rho_d': 9854103763154.572, 'fission_rate': 6.127694796787361e+19, 'D2_xe_scale': 0.03824211124797071, 'Dg_D1_scale': 0.18044417334273352, 'Dg_D3_scale': 2.7599933842156883, 'Dv_D1_scale': 0.28365172977607844, 'Dv_D2_scale': 3.994014045541512, 'b_bulk_scale': 0.44879811549411996, 'b_dislocation_scale': 0.1664867365071614, 'gb_scale': 5.752951513635885, 'gd_bubble_scale': 8.87904603498051, 'gd_line_scale': 9.909112092607467, 'gd_line_alpha': 0.5800914676889839, 'coalescence_d_scale': 0.4555088022771138, 'capture_scale': 7.126902494817999}. Best is trial 925 with value: 1.7463781355085592.
[I 2026-05-02 20:19:10,357] Trial 1084 finished with value: 1.772979082902611 and parameters: {'f_n': 5.348274544682505e-07, 'K_d': 634056.2621552771, 'rho_d': 9444751898725.174, 'fission_rate': 6.140373569010283e+19, 'D2_xe_scale': 0.04228259557335742, 'Dg_D1_scale': 0.1892379981893392, 'Dg_D3_scale': 2.737726548231181, 'Dv_D1_scale': 0.2800274275258855, 'Dv_D2_scale': 3.9987508077950733, 'b_bulk_scale': 0.46048377505228016, 'b_dislocation_scale': 0.19179305431948823, 'gb_scale': 5.817637007823655, 'gd_bubble_scale': 8.96049337257264, 'gd_line_scale': 9.85634567944291, 'gd_line_alpha': 0.5798959383273116, 'coalescence_d_scale': 0.469290169413066, 'capture_scale': 7.177092914659833}. Best is trial 925 with value: 1.7463781355085592.
[I 2026-05-02 20:19:15,195] Trial 1085 finished with value: 2.7405452208421983 and parameters: {'f_n': 5.237483572794014e-09, 'K_d': 676878.5342747683, 'rho_d': 9619618210979.932, 'fission_rate': 6.15060125025047e+19, 'D2_xe_scale': 0.05800247739758562, 'Dg_D1_scale': 0.18048033069954583, 'Dg_D3_scale': 2.8039491681870317, 'Dv_D1_scale': 0.27562357996335674, 'Dv_D2_scale': 3.806532199290536, 'b_bulk_scale': 0.53564668588068, 'b_dislocation_scale': 0.23782832666264447, 'gb_scale': 6.308542026111132, 'gd_bubble_scale': 8.933546791310096, 'gd_line_scale': 9.934302084567413, 'gd_line_alpha': 0.610422783223326, 'coalescence_d_scale': 0.39707247817907937, 'capture_scale': 6.834535671478103}. Best is trial 925 with value: 1.7463781355085592.
[I 2026-05-02 20:19:20,001] Trial 1086 finished with value: 3.123679837680461 and parameters: {'f_n': 2.4024008032800633e-09, 'K_d': 640070.896961603, 'rho_d': 9313802166219.74, 'fission_rate': 6.197083816867034e+19, 'D2_xe_scale': 0.03715206395928171, 'Dg_D1_scale': 0.19156848978441185, 'Dg_D3_scale': 3.178525434662883, 'Dv_D1_scale': 0.25795689315921116, 'Dv_D2_scale': 3.9899337686776826, 'b_bulk_scale': 0.4484681643035147, 'b_dislocation_scale': 0.18036580080932785, 'gb_scale': 6.7901265916677085, 'gd_bubble_scale': 8.98649489965634, 'gd_line_scale': 9.951562301596187, 'gd_line_alpha': 0.5999503564054995, 'coalescence_d_scale': 0.48133122468751416, 'capture_scale': 7.908492543668853}. Best is trial 925 with value: 1.7463781355085592.
[I 2026-05-02 20:19:23,185] Trial 1087 finished with value: 3.104528694387929 and parameters: {'f_n': 6.304482580141703e-07, 'K_d': 675052.5319222659, 'rho_d': 9754679853208.596, 'fission_rate': 6.199125419517078e+19, 'D2_xe_scale': 0.04965195367929837, 'Dg_D1_scale': 0.1799152373253982, 'Dg_D3_scale': 2.9379244012958012, 'Dv_D1_scale': 0.29092632486936476, 'Dv_D2_scale': 3.806205210591568, 'b_bulk_scale': 0.49127093535976396, 'b_dislocation_scale': 0.21124098319581214, 'gb_scale': 0.37845043310805443, 'gd_bubble_scale': 8.976543540130143, 'gd_line_scale': 9.887333084873283, 'gd_line_alpha': 0.5687287856008764, 'coalescence_d_scale': 0.4098626651201186, 'capture_scale': 7.95863454003069}. Best is trial 925 with value: 1.7463781355085592.
[I 2026-05-02 20:19:27,935] Trial 1088 finished with value: 1.8530043089715784 and parameters: {'f_n': 7.596985188499452e-07, 'K_d': 688202.5836628473, 'rho_d': 10011415422103.588, 'fission_rate': 6.2467951041610244e+19, 'D2_xe_scale': 0.03522132675591169, 'Dg_D1_scale': 0.17846241084409573, 'Dg_D3_scale': 2.7303570713643763, 'Dv_D1_scale': 0.24498742620374908, 'Dv_D2_scale': 3.994988265331675, 'b_bulk_scale': 0.41765977748780103, 'b_dislocation_scale': 0.1927310395543181, 'gb_scale': 5.751448527025011, 'gd_bubble_scale': 8.586764212982159, 'gd_line_scale': 9.327552143508887, 'gd_line_alpha': 0.6342291710024484, 'coalescence_d_scale': 0.3726399277386155, 'capture_scale': 7.110557664975499}. Best is trial 925 with value: 1.7463781355085592.
[I 2026-05-02 20:19:32,725] Trial 1089 finished with value: 1.754766091108895 and parameters: {'f_n': 4.5304068335437304e-07, 'K_d': 635879.8492092264, 'rho_d': 10159146750274.424, 'fission_rate': 6.1491386585047745e+19, 'D2_xe_scale': 0.043183519905845465, 'Dg_D1_scale': 0.1928130503241883, 'Dg_D3_scale': 2.5897897360833095, 'Dv_D1_scale': 0.28534866530664055, 'Dv_D2_scale': 3.9955272428125843, 'b_bulk_scale': 0.4234487776084409, 'b_dislocation_scale': 0.1810159030688873, 'gb_scale': 6.501240750201462, 'gd_bubble_scale': 9.017412756154743, 'gd_line_scale': 9.886330269608154, 'gd_line_alpha': 0.6030857251083299, 'coalescence_d_scale': 0.4660787166746741, 'capture_scale': 6.547676867502934}. Best is trial 925 with value: 1.7463781355085592.
[I 2026-05-02 20:19:37,072] Trial 1090 finished with value: 1.8107639319963318 and parameters: {'f_n': 5.975182144359045e-07, 'K_d': 673268.5147612353, 'rho_d': 9987162505674.182, 'fission_rate': 7.081912595538352e+19, 'D2_xe_scale': 0.04141686043974667, 'Dg_D1_scale': 0.1932032187060645, 'Dg_D3_scale': 2.565796752237945, 'Dv_D1_scale': 0.8633562275245389, 'Dv_D2_scale': 3.781809733562254, 'b_bulk_scale': 0.5353148355516043, 'b_dislocation_scale': 0.20901105668478007, 'gb_scale': 6.868868392458155, 'gd_bubble_scale': 9.044231273263396, 'gd_line_scale': 9.982447958878968, 'gd_line_alpha': 0.5511254175626857, 'coalescence_d_scale': 0.4854078401409326, 'capture_scale': 7.185084710262315}. Best is trial 925 with value: 1.7463781355085592.
[I 2026-05-02 20:19:41,943] Trial 1091 finished with value: 1.8820030717444112 and parameters: {'f_n': 4.550229098560293e-07, 'K_d': 638274.7510000386, 'rho_d': 9388919461608.824, 'fission_rate': 6.095779160658135e+19, 'D2_xe_scale': 0.04836561308668351, 'Dg_D1_scale': 0.19485611442352935, 'Dg_D3_scale': 2.516768319461209, 'Dv_D1_scale': 0.29772337687999395, 'Dv_D2_scale': 3.811164361056958, 'b_bulk_scale': 0.4491370032227323, 'b_dislocation_scale': 0.2280324690839016, 'gb_scale': 6.423454014063046, 'gd_bubble_scale': 9.097125292256917, 'gd_line_scale': 9.99333367429357, 'gd_line_alpha': 0.6255507469647478, 'coalescence_d_scale': 0.4748111428228901, 'capture_scale': 7.993990268526453}. Best is trial 925 with value: 1.7463781355085592.Best trial: 925. Best value: 1.74638:  73%|███████▎  | 1091/1500 [1:26:53<30:31,  4.48s/it]Best trial: 925. Best value: 1.74638:  73%|███████▎  | 1091/1500 [1:26:53<30:31,  4.48s/it]Best trial: 925. Best value: 1.74638:  73%|███████▎  | 1092/1500 [1:26:53<31:14,  4.59s/it]                                                                                           Best trial: 925. Best value: 1.74638:  73%|███████▎  | 1092/1500 [1:26:58<31:14,  4.59s/it]Best trial: 925. Best value: 1.74638:  73%|███████▎  | 1092/1500 [1:26:58<31:14,  4.59s/it]Best trial: 925. Best value: 1.74638:  73%|███████▎  | 1093/1500 [1:26:58<31:35,  4.66s/it]                                                                                           Best trial: 925. Best value: 1.74638:  73%|███████▎  | 1093/1500 [1:27:03<31:35,  4.66s/it]Best trial: 925. Best value: 1.74638:  73%|███████▎  | 1093/1500 [1:27:03<31:35,  4.66s/it]Best trial: 925. Best value: 1.74638:  73%|███████▎  | 1094/1500 [1:27:03<31:50,  4.71s/it]                                                                                           Best trial: 925. Best value: 1.74638:  73%|███████▎  | 1094/1500 [1:27:06<31:50,  4.71s/it]Best trial: 925. Best value: 1.74638:  73%|███████▎  | 1094/1500 [1:27:06<31:50,  4.71s/it]Best trial: 925. Best value: 1.74638:  73%|███████▎  | 1095/1500 [1:27:06<28:33,  4.23s/it]                                                                                           Best trial: 925. Best value: 1.74638:  73%|███████▎  | 1095/1500 [1:27:11<28:33,  4.23s/it]Best trial: 925. Best value: 1.74638:  73%|███████▎  | 1095/1500 [1:27:11<28:33,  4.23s/it]Best trial: 925. Best value: 1.74638:  73%|███████▎  | 1096/1500 [1:27:11<29:31,  4.39s/it]                                                                                           Best trial: 925. Best value: 1.74638:  73%|███████▎  | 1096/1500 [1:27:15<29:31,  4.39s/it]Best trial: 925. Best value: 1.74638:  73%|███████▎  | 1096/1500 [1:27:15<29:31,  4.39s/it]Best trial: 925. Best value: 1.74638:  73%|███████▎  | 1097/1500 [1:27:15<30:10,  4.49s/it]                                                                                           Best trial: 925. Best value: 1.74638:  73%|███████▎  | 1097/1500 [1:27:20<30:10,  4.49s/it]Best trial: 925. Best value: 1.74638:  73%|███████▎  | 1097/1500 [1:27:20<30:10,  4.49s/it]Best trial: 925. Best value: 1.74638:  73%|███████▎  | 1098/1500 [1:27:20<30:41,  4.58s/it]                                                                                           Best trial: 925. Best value: 1.74638:  73%|███████▎  | 1098/1500 [1:27:25<30:41,  4.58s/it]Best trial: 925. Best value: 1.74638:  73%|███████▎  | 1098/1500 [1:27:25<30:41,  4.58s/it]Best trial: 925. Best value: 1.74638:  73%|███████▎  | 1099/1500 [1:27:25<31:21,  4.69s/it]                                                                                           Best trial: 925. Best value: 1.74638:  73%|███████▎  | 1099/1500 [1:27:30<31:21,  4.69s/it]Best trial: 925. Best value: 1.74638:  73%|███████▎  | 1099/1500 [1:27:30<31:21,  4.69s/it]Best trial: 925. Best value: 1.74638:  73%|███████▎  | 1100/1500 [1:27:30<31:35,  4.74s/it]                                                                                           Best trial: 925. Best value: 1.74638:  73%|███████▎  | 1100/1500 [1:27:33<31:35,  4.74s/it]Best trial: 925. Best value: 1.74638:  73%|███████▎  | 1100/1500 [1:27:33<31:35,  4.74s/it]Best trial: 925. Best value: 1.74638:  73%|███████▎  | 1101/1500 [1:27:33<28:24,  4.27s/it]                                                                                           Best trial: 925. Best value: 1.74638:  73%|███████▎  | 1101/1500 [1:27:38<28:24,  4.27s/it]Best trial: 925. Best value: 1.74638:  73%|███████▎  | 1101/1500 [1:27:38<28:24,  4.27s/it]Best trial: 925. Best value: 1.74638:  73%|███████▎  | 1102/1500 [1:27:38<29:11,  4.40s/it]                                                                                           
[I 2026-05-02 20:19:46,747] Trial 1092 finished with value: 1.7885229121799213 and parameters: {'f_n': 5.797800523779825e-07, 'K_d': 665249.2346629021, 'rho_d': 10111448914462.639, 'fission_rate': 6.1352472158701625e+19, 'D2_xe_scale': 0.041552160573593594, 'Dg_D1_scale': 0.19217678309256256, 'Dg_D3_scale': 2.806347147334493, 'Dv_D1_scale': 0.28769028678979464, 'Dv_D2_scale': 3.64485698924095, 'b_bulk_scale': 0.5176118289011554, 'b_dislocation_scale': 0.18585089587054704, 'gb_scale': 7.328759489693689, 'gd_bubble_scale': 9.05106938844647, 'gd_line_scale': 9.097557595892965, 'gd_line_alpha': 0.6011947459221592, 'coalescence_d_scale': 0.46920474354137426, 'capture_scale': 6.458697505113759}. Best is trial 925 with value: 1.7463781355085592.
[I 2026-05-02 20:19:51,569] Trial 1093 finished with value: 4.102252116396162 and parameters: {'f_n': 7.17208638563079e-07, 'K_d': 654764.0437969392, 'rho_d': 45389671773769.125, 'fission_rate': 6.1279265873499415e+19, 'D2_xe_scale': 0.052671134414677266, 'Dg_D1_scale': 0.1908635445162036, 'Dg_D3_scale': 2.5097116778742916, 'Dv_D1_scale': 0.3066272326440225, 'Dv_D2_scale': 3.986387738592144, 'b_bulk_scale': 0.577574955789086, 'b_dislocation_scale': 0.1745588752528879, 'gb_scale': 6.779679701392928, 'gd_bubble_scale': 8.84999618171474, 'gd_line_scale': 9.261021169001559, 'gd_line_alpha': 0.6409598047602347, 'coalescence_d_scale': 0.43191019521226803, 'capture_scale': 7.183507847620412}. Best is trial 925 with value: 1.7463781355085592.
[I 2026-05-02 20:19:54,689] Trial 1094 finished with value: 1.7552927340495086 and parameters: {'f_n': 4.6610336786496946e-07, 'K_d': 652756.8677796674, 'rho_d': 9902629097665.365, 'fission_rate': 6.236640354601753e+19, 'D2_xe_scale': 0.06729989157894618, 'Dg_D1_scale': 0.1759807920958246, 'Dg_D3_scale': 2.665779611405752, 'Dv_D1_scale': 0.2812733135470788, 'Dv_D2_scale': 3.9996748710792227, 'b_bulk_scale': 0.4099372985322278, 'b_dislocation_scale': 0.1692151881266885, 'gb_scale': 6.3379824006866805, 'gd_bubble_scale': 9.108501389842367, 'gd_line_scale': 9.92132943901303, 'gd_line_alpha': 0.5476031562756232, 'coalescence_d_scale': 0.48462785215055487, 'capture_scale': 6.604866560349209}. Best is trial 925 with value: 1.7463781355085592.
[I 2026-05-02 20:19:59,429] Trial 1095 finished with value: 1.8229191747882436 and parameters: {'f_n': 4.18767031528569e-07, 'K_d': 610338.0274050809, 'rho_d': 9213497112177.64, 'fission_rate': 6.205385146796868e+19, 'D2_xe_scale': 0.07356129899034614, 'Dg_D1_scale': 1.4266521010929725, 'Dg_D3_scale': 2.90794910695478, 'Dv_D1_scale': 0.259148442336971, 'Dv_D2_scale': 3.994102107508429, 'b_bulk_scale': 0.46181409825964614, 'b_dislocation_scale': 0.18872496001301484, 'gb_scale': 6.1159864929550904, 'gd_bubble_scale': 8.254906195868054, 'gd_line_scale': 9.865141373993024, 'gd_line_alpha': 0.6705703726992805, 'coalescence_d_scale': 0.4876832938511085, 'capture_scale': 6.828684733235184}. Best is trial 925 with value: 1.7463781355085592.
[I 2026-05-02 20:20:04,178] Trial 1096 finished with value: 1.8169123384132035 and parameters: {'f_n': 4.844377956003258e-07, 'K_d': 695607.5758851618, 'rho_d': 9748830596670.793, 'fission_rate': 6.224404493669338e+19, 'D2_xe_scale': 0.06690034054542957, 'Dg_D1_scale': 0.1898111491589563, 'Dg_D3_scale': 2.7060976143432725, 'Dv_D1_scale': 0.27818745888701046, 'Dv_D2_scale': 3.793575940351492, 'b_bulk_scale': 0.41442974751024336, 'b_dislocation_scale': 0.21186815059295183, 'gb_scale': 5.629622996305594, 'gd_bubble_scale': 8.298421227433773, 'gd_line_scale': 9.87246021317361, 'gd_line_alpha': 0.5906834511348673, 'coalescence_d_scale': 0.47658277107104086, 'capture_scale': 7.005148676348451}. Best is trial 925 with value: 1.7463781355085592.
[I 2026-05-02 20:20:08,965] Trial 1097 finished with value: 1.9383539291587797 and parameters: {'f_n': 3.715428694625703e-07, 'K_d': 638205.0344904987, 'rho_d': 10125131599663.867, 'fission_rate': 6.1150495587083125e+19, 'D2_xe_scale': 0.08496177127209525, 'Dg_D1_scale': 0.17883074253650075, 'Dg_D3_scale': 3.047841287868189, 'Dv_D1_scale': 0.28064302111997225, 'Dv_D2_scale': 3.6282164888724044, 'b_bulk_scale': 0.48998532992933685, 'b_dislocation_scale': 0.27396965325456135, 'gb_scale': 6.302156509864069, 'gd_bubble_scale': 8.935304308498727, 'gd_line_scale': 9.285756925688087, 'gd_line_alpha': 0.6105311089271861, 'coalescence_d_scale': 0.4925962549158372, 'capture_scale': 7.983390004623727}. Best is trial 925 with value: 1.7463781355085592.
[I 2026-05-02 20:20:13,902] Trial 1098 finished with value: 1.8796744276065873 and parameters: {'f_n': 4.3394965094814046e-07, 'K_d': 652355.9777315626, 'rho_d': 9137391506996.527, 'fission_rate': 6.249859940283428e+19, 'D2_xe_scale': 0.05585031842617017, 'Dg_D1_scale': 0.19158743880249438, 'Dg_D3_scale': 2.633188681811246, 'Dv_D1_scale': 0.26397143222829794, 'Dv_D2_scale': 3.767760846561221, 'b_bulk_scale': 0.42903722383194726, 'b_dislocation_scale': 0.19567535771635608, 'gb_scale': 6.10960016207529, 'gd_bubble_scale': 7.982165225507304, 'gd_line_scale': 9.288481721427518, 'gd_line_alpha': 0.6173384155671828, 'coalescence_d_scale': 0.4256113760990907, 'capture_scale': 6.382710499632275}. Best is trial 925 with value: 1.7463781355085592.
[I 2026-05-02 20:20:18,763] Trial 1099 finished with value: 1.786126544407532 and parameters: {'f_n': 5.032867906730125e-07, 'K_d': 623985.806263523, 'rho_d': 8885625571301.941, 'fission_rate': 6.193852125764331e+19, 'D2_xe_scale': 0.07088644250083838, 'Dg_D1_scale': 0.17772136434496266, 'Dg_D3_scale': 2.7990678410886143, 'Dv_D1_scale': 0.23984432970816727, 'Dv_D2_scale': 3.994558218286979, 'b_bulk_scale': 0.4342409744395093, 'b_dislocation_scale': 0.17548219926276018, 'gb_scale': 5.453506428027861, 'gd_bubble_scale': 9.011495062506308, 'gd_line_scale': 9.85178734819854, 'gd_line_alpha': 0.5816990400457185, 'coalescence_d_scale': 0.49653343286249885, 'capture_scale': 6.4747175125182554}. Best is trial 925 with value: 1.7463781355085592.
[I 2026-05-02 20:20:21,946] Trial 1100 finished with value: 1.808314107698109 and parameters: {'f_n': 3.653233095601723e-07, 'K_d': 699146.7439834181, 'rho_d': 9317166851290.44, 'fission_rate': 6.1400647438618075e+19, 'D2_xe_scale': 0.04514163184388046, 'Dg_D1_scale': 0.17708600320677487, 'Dg_D3_scale': 2.580245857957757, 'Dv_D1_scale': 0.28504709400523254, 'Dv_D2_scale': 3.6064030306998647, 'b_bulk_scale': 0.4188297420309318, 'b_dislocation_scale': 0.1717565903090299, 'gb_scale': 7.986083482119524, 'gd_bubble_scale': 9.092822863472275, 'gd_line_scale': 9.015613005389897, 'gd_line_alpha': 0.56411962887313, 'coalescence_d_scale': 0.43359379029829864, 'capture_scale': 7.245680516239112}. Best is trial 925 with value: 1.7463781355085592.
[I 2026-05-02 20:20:26,648] Trial 1101 finished with value: 1.8701567187075816 and parameters: {'f_n': 5.257034242239283e-07, 'K_d': 669322.1593722015, 'rho_d': 9606221509491.271, 'fission_rate': 6.275778532807954e+19, 'D2_xe_scale': 0.037702999553942435, 'Dg_D1_scale': 0.19191572847605268, 'Dg_D3_scale': 3.082600610690461, 'Dv_D1_scale': 0.22562497617219526, 'Dv_D2_scale': 3.758597312932898, 'b_bulk_scale': 0.3890239099537889, 'b_dislocation_scale': 0.17157575073502918, 'gb_scale': 6.731253868077561, 'gd_bubble_scale': 8.12717425245821, 'gd_line_scale': 8.859119604183125, 'gd_line_alpha': 0.5699953811932207, 'coalescence_d_scale': 0.49290184527361836, 'capture_scale': 6.282569134740701}. Best is trial 925 with value: 1.7463781355085592.
