[I 2026-05-02 19:11:52,388] Trial 222 finished with value: 1.950190746558253 and parameters: {'f_n': 8.23658082985995e-07, 'K_d': 539028.8863482712, 'rho_d': 12632745939539.26, 'fission_rate': 4.556721154505525e+19, 'D2_xe_scale': 35.339237435801614, 'Dg_D1_scale': 0.47260898022186437, 'Dg_D3_scale': 3.5664228732782988, 'Dv_D1_scale': 0.30849939101741625, 'Dv_D2_scale': 1.1425564022246582, 'b_bulk_scale': 0.30614133579089314, 'b_dislocation_scale': 0.09405365489100584, 'gb_scale': 5.7949435864063, 'gd_bubble_scale': 6.497081896709136, 'gd_line_scale': 5.286756001209085, 'gd_line_alpha': 0.2419846766238702, 'coalescence_d_scale': 0.336013872804406, 'capture_scale': 5.276133244530282}. Best is trial 116 with value: 1.868175213579544.Best trial: 116. Best value: 1.86818:  15%|█▍        | 222/1500 [19:03<2:07:42,  6.00s/it]Best trial: 116. Best value: 1.86818:  15%|█▍        | 222/1500 [19:04<2:07:42,  6.00s/it]Best trial: 116. Best value: 1.86818:  15%|█▍        | 223/1500 [19:04<2:08:07,  6.02s/it]                                                                                          Best trial: 116. Best value: 1.86818:  15%|█▍        | 223/1500 [19:08<2:08:07,  6.02s/it]Best trial: 116. Best value: 1.86818:  15%|█▍        | 223/1500 [19:08<2:08:07,  6.02s/it]Best trial: 116. Best value: 1.86818:  15%|█▍        | 224/1500 [19:08<1:56:49,  5.49s/it]                                                                                          Best trial: 116. Best value: 1.86818:  15%|█▍        | 224/1500 [19:14<1:56:49,  5.49s/it]Best trial: 116. Best value: 1.86818:  15%|█▍        | 224/1500 [19:14<1:56:49,  5.49s/it]Best trial: 116. Best value: 1.86818:  15%|█▌        | 225/1500 [19:14<2:00:04,  5.65s/it]                                                                                          Best trial: 116. Best value: 1.86818:  15%|█▌        | 225/1500 [19:20<2:00:04,  5.65s/it]Best trial: 116. Best value: 1.86818:  15%|█▌        | 225/1500 [19:20<2:00:04,  5.65s/it]Best trial: 116. Best value: 1.86818:  15%|█▌        | 226/1500 [19:20<2:04:20,  5.86s/it]                                                                                          Best trial: 116. Best value: 1.86818:  15%|█▌        | 226/1500 [19:26<2:04:20,  5.86s/it]Best trial: 116. Best value: 1.86818:  15%|█▌        | 226/1500 [19:26<2:04:20,  5.86s/it]Best trial: 116. Best value: 1.86818:  15%|█▌        | 227/1500 [19:26<2:06:55,  5.98s/it]                                                                                          Best trial: 116. Best value: 1.86818:  15%|█▌        | 227/1500 [19:33<2:06:55,  5.98s/it]Best trial: 116. Best value: 1.86818:  15%|█▌        | 227/1500 [19:33<2:06:55,  5.98s/it]Best trial: 116. Best value: 1.86818:  15%|█▌        | 228/1500 [19:33<2:09:17,  6.10s/it]                                                                                          Best trial: 116. Best value: 1.86818:  15%|█▌        | 228/1500 [19:37<2:09:17,  6.10s/it]Best trial: 116. Best value: 1.86818:  15%|█▌        | 228/1500 [19:36<2:09:17,  6.10s/it]Best trial: 116. Best value: 1.86818:  15%|█▌        | 229/1500 [19:36<1:48:46,  5.13s/it]                                                                                          Best trial: 116. Best value: 1.86818:  15%|█▌        | 229/1500 [19:42<1:48:46,  5.13s/it]Best trial: 116. Best value: 1.86818:  15%|█▌        | 229/1500 [19:42<1:48:46,  5.13s/it]Best trial: 116. Best value: 1.86818:  15%|█▌        | 230/1500 [19:42<1:57:58,  5.57s/it]                                                                                          Best trial: 116. Best value: 1.86818:  15%|█▌        | 230/1500 [19:49<1:57:58,  5.57s/it]Best trial: 116. Best value: 1.86818:  15%|█▌        | 230/1500 [19:49<1:57:58,  5.57s/it]Best trial: 116. Best value: 1.86818:  15%|█▌        | 231/1500 [19:49<2:03:09,  5.82s/it]                                                                                          Best trial: 116. Best value: 1.86818:  15%|█▌        | 231/1500 [19:54<2:03:09,  5.82s/it]Best trial: 116. Best value: 1.86818:  15%|█▌        | 231/1500 [19:54<2:03:09,  5.82s/it]Best trial: 116. Best value: 1.86818:  15%|█▌        | 232/1500 [19:54<1:59:18,  5.65s/it]                                                                                          Best trial: 116. Best value: 1.86818:  15%|█▌        | 232/1500 [20:00<1:59:18,  5.65s/it]Best trial: 116. Best value: 1.86818:  15%|█▌        | 232/1500 [20:00<1:59:18,  5.65s/it]Best trial: 116. Best value: 1.86818:  16%|█▌        | 233/1500 [20:00<2:03:14,  5.84s/it]                                                                                          
[I 2026-05-02 19:11:56,650] Trial 223 finished with value: 3.2466347831358657 and parameters: {'f_n': 1.7261406483972442e-06, 'K_d': 520630.87027464824, 'rho_d': 13653852970478.342, 'fission_rate': 4.534915582296155e+19, 'D2_xe_scale': 37.77891963777771, 'Dg_D1_scale': 0.56647694329741, 'Dg_D3_scale': 0.15870844252163113, 'Dv_D1_scale': 0.3335217487511698, 'Dv_D2_scale': 1.3245211926704037, 'b_bulk_scale': 0.2691854016643853, 'b_dislocation_scale': 0.22584195901762522, 'gb_scale': 5.85428420703187, 'gd_bubble_scale': 6.7589288470803135, 'gd_line_scale': 3.835609636870356, 'gd_line_alpha': 0.20430960896638078, 'coalescence_d_scale': 0.3650110279625162, 'capture_scale': 4.699188754031577}. Best is trial 116 with value: 1.868175213579544.
[I 2026-05-02 19:12:02,670] Trial 224 finished with value: 2.4647843326378354 and parameters: {'f_n': 1.1965775397824728e-06, 'K_d': 424594.49623571185, 'rho_d': 11736774558201.086, 'fission_rate': 4.612545549414911e+19, 'D2_xe_scale': 31.68317251567415, 'Dg_D1_scale': 0.4566898324600219, 'Dg_D3_scale': 3.589866108861095, 'Dv_D1_scale': 0.26402590536568704, 'Dv_D2_scale': 1.601459754860639, 'b_bulk_scale': 0.36378302508364324, 'b_dislocation_scale': 0.1536728283088078, 'gb_scale': 4.598790770043504, 'gd_bubble_scale': 0.5963019401218306, 'gd_line_scale': 4.36834251001799, 'gd_line_alpha': 0.2602957783030769, 'coalescence_d_scale': 0.45282821628987974, 'capture_scale': 5.684090448157153}. Best is trial 116 with value: 1.868175213579544.
[I 2026-05-02 19:12:09,003] Trial 225 finished with value: 2.056546433752518 and parameters: {'f_n': 1.4401802262955646e-06, 'K_d': 485032.5938155794, 'rho_d': 10400888425861.854, 'fission_rate': 4.412729977118275e+19, 'D2_xe_scale': 24.046941009435468, 'Dg_D1_scale': 0.5071596703880529, 'Dg_D3_scale': 3.999882673838662, 'Dv_D1_scale': 0.31124453631444415, 'Dv_D2_scale': 1.5273425231336986, 'b_bulk_scale': 0.23917073521349802, 'b_dislocation_scale': 0.07825684892736189, 'gb_scale': 5.670428561444765, 'gd_bubble_scale': 8.257586406380314, 'gd_line_scale': 8.317479381673639, 'gd_line_alpha': 0.22526246597682156, 'coalescence_d_scale': 0.6060713540816656, 'capture_scale': 6.016532384500255}. Best is trial 116 with value: 1.868175213579544.
[I 2026-05-02 19:12:15,282] Trial 226 finished with value: 3.8299395317175557 and parameters: {'f_n': 1.1045056725351618e-06, 'K_d': 469267.0972141951, 'rho_d': 57061658013832.414, 'fission_rate': 4.431254836403743e+19, 'D2_xe_scale': 39.02949290553829, 'Dg_D1_scale': 0.6217709627977976, 'Dg_D3_scale': 3.3691106114646985, 'Dv_D1_scale': 0.2879960038924898, 'Dv_D2_scale': 1.0500467492245884, 'b_bulk_scale': 0.2203922813299194, 'b_dislocation_scale': 0.10501363792452995, 'gb_scale': 5.18566465735134, 'gd_bubble_scale': 6.118981489731809, 'gd_line_scale': 5.1578002576019015, 'gd_line_alpha': 0.1909957131671748, 'coalescence_d_scale': 0.42364163114816356, 'capture_scale': 4.534275884299235}. Best is trial 116 with value: 1.868175213579544.
[I 2026-05-02 19:12:21,651] Trial 227 finished with value: 2.6417986047451842 and parameters: {'f_n': 8.195628370608023e-07, 'K_d': 593484.1395827367, 'rho_d': 27327911572381.047, 'fission_rate': 4.356690651300011e+19, 'D2_xe_scale': 47.77692809764207, 'Dg_D1_scale': 0.5303712652600305, 'Dg_D3_scale': 3.5464732321891757, 'Dv_D1_scale': 0.36789470419824233, 'Dv_D2_scale': 1.2661606532875331, 'b_bulk_scale': 0.19734284714325176, 'b_dislocation_scale': 0.0786393966090501, 'gb_scale': 4.573257896740564, 'gd_bubble_scale': 7.623351637522353, 'gd_line_scale': 2.5532761188806092, 'gd_line_alpha': 0.21326458493239286, 'coalescence_d_scale': 0.5161638664619157, 'capture_scale': 5.1861497803808865}. Best is trial 116 with value: 1.868175213579544.
[I 2026-05-02 19:12:26,124] Trial 228 finished with value: 3.5519244948112316 and parameters: {'f_n': 1.8837126837323767e-06, 'K_d': 560707.335469154, 'rho_d': 10970508359130.281, 'fission_rate': 4.521791865932761e+19, 'D2_xe_scale': 32.604301875614134, 'Dg_D1_scale': 0.576322736018733, 'Dg_D3_scale': 3.7166089919037257, 'Dv_D1_scale': 0.3398262004769067, 'Dv_D2_scale': 1.219226703914, 'b_bulk_scale': 0.2220838488192226, 'b_dislocation_scale': 0.38019001704903194, 'gb_scale': 6.960903615949969, 'gd_bubble_scale': 8.408598774774013, 'gd_line_scale': 5.80231527146094, 'gd_line_alpha': 0.2710028629825922, 'coalescence_d_scale': 0.38739844969586995, 'capture_scale': 6.3539671769884905}. Best is trial 116 with value: 1.868175213579544.
[I 2026-05-02 19:12:31,135] Trial 229 finished with value: 1.9633388257564663 and parameters: {'f_n': 6.788385827355751e-07, 'K_d': 415900.91657778114, 'rho_d': 10201790511542.63, 'fission_rate': 4.189675983521741e+19, 'D2_xe_scale': 22.894737846954886, 'Dg_D1_scale': 0.48797826010112166, 'Dg_D3_scale': 3.9943107091822316, 'Dv_D1_scale': 0.29149042853824814, 'Dv_D2_scale': 1.3321881049197974, 'b_bulk_scale': 0.2532600118246189, 'b_dislocation_scale': 0.1200906470605588, 'gb_scale': 4.216724465260327, 'gd_bubble_scale': 6.952076192145718, 'gd_line_scale': 6.58626625604418, 'gd_line_alpha': 0.24691889691130037, 'coalescence_d_scale': 0.32596586058797467, 'capture_scale': 5.662504737309478}. Best is trial 116 with value: 1.868175213579544.
[I 2026-05-02 19:12:37,540] Trial 230 finished with value: 2.303084736248863 and parameters: {'f_n': 9.595641533249548e-07, 'K_d': 507229.86236629693, 'rho_d': 11867207940012.193, 'fission_rate': 4.306914029787148e+19, 'D2_xe_scale': 29.99606624093106, 'Dg_D1_scale': 0.6395212593187175, 'Dg_D3_scale': 3.324114616277547, 'Dv_D1_scale': 0.26085740174318073, 'Dv_D2_scale': 1.5290081870899561, 'b_bulk_scale': 0.10910962222455416, 'b_dislocation_scale': 0.07485171959270047, 'gb_scale': 6.376014704153534, 'gd_bubble_scale': 4.975834147674842, 'gd_line_scale': 4.014386877916317, 'gd_line_alpha': 0.27554862090376814, 'coalescence_d_scale': 0.8977314939194375, 'capture_scale': 3.1450804918087596}. Best is trial 116 with value: 1.868175213579544.
[I 2026-05-02 19:12:42,769] Trial 231 finished with value: 3.329739508267861 and parameters: {'f_n': 1.2840374614830218e-06, 'K_d': 466230.80110359733, 'rho_d': 12432609164310.477, 'fission_rate': 4.27102088415653e+19, 'D2_xe_scale': 26.50000180631719, 'Dg_D1_scale': 0.72407082552257, 'Dg_D3_scale': 3.715606842619411, 'Dv_D1_scale': 0.2764414071350445, 'Dv_D2_scale': 1.3843864805137793, 'b_bulk_scale': 0.1914943430247053, 'b_dislocation_scale': 0.3270081714630372, 'gb_scale': 3.0184870925362515, 'gd_bubble_scale': 7.383900193126097, 'gd_line_scale': 3.3185703792061663, 'gd_line_alpha': 0.284529756659691, 'coalescence_d_scale': 0.3797768103842021, 'capture_scale': 4.0870554817082665}. Best is trial 116 with value: 1.868175213579544.
[I 2026-05-02 19:12:49,052] Trial 232 finished with value: 1.9134575948724881 and parameters: {'f_n': 1.3542714059224117e-06, 'K_d': 447464.6308352784, 'rho_d': 13020324769849.062, 'fission_rate': 4.407249612048363e+19, 'D2_xe_scale': 40.28465806410192, 'Dg_D1_scale': 0.5966215971945095, 'Dg_D3_scale': 3.8146095841649785, 'Dv_D1_scale': 0.3193888098032925, 'Dv_D2_scale': 1.437150442714817, 'b_bulk_scale': 0.3150720223561074, 'b_dislocation_scale': 0.09367013754937194, 'gb_scale': 3.4941518177372606, 'gd_bubble_scale': 7.899120529047543, 'gd_line_scale': 3.0789773062787242, 'gd_line_alpha': 0.3265719195896028, 'coalescence_d_scale': 0.3590071826135343, 'capture_scale': 4.380669772252899}. Best is trial 116 with value: 1.868175213579544.
[I 2026-05-02 19:12:55,324] Trial 233 finished with value: 2.0030385787144156 and parameters: {'f_n': 1.6052632934636142e-06, 'K_d': 439650.71413455915, 'rho_d': 13274462556540.686, 'fission_rate': 4.430557265889845e+19, 'D2_xe_scale': 39.706867590485814, 'Dg_D1_scale': 0.5819490435149944, 'Dg_D3_scale': 3.496382817419474, 'Dv_D1_scale': 0.32943543242041023, 'Dv_D2_scale': 1.6354725074751932, 'b_bulk_scale': 0.4991108042452627, 'b_dislocation_scale': 0.09766732411598816, 'gb_scale': 2.168678073658387, 'gd_bubble_scale': 0.18710586311399674, 'gd_line_scale': 4.536291665705043, 'gd_line_alpha': 0.3439126957891287, 'coalescence_d_scale': 0.34053822718318855, 'capture_scale': 4.747048270535111}. Best is trial 116 with value: 1.868175213579544.Best trial: 116. Best value: 1.86818:  16%|█▌        | 233/1500 [20:06<2:03:14,  5.84s/it]Best trial: 116. Best value: 1.86818:  16%|█▌        | 233/1500 [20:06<2:03:14,  5.84s/it]Best trial: 116. Best value: 1.86818:  16%|█▌        | 234/1500 [20:06<2:05:54,  5.97s/it]                                                                                          Best trial: 116. Best value: 1.86818:  16%|█▌        | 234/1500 [20:11<2:05:54,  5.97s/it]Best trial: 116. Best value: 1.86818:  16%|█▌        | 234/1500 [20:11<2:05:54,  5.97s/it]Best trial: 116. Best value: 1.86818:  16%|█▌        | 235/1500 [20:11<1:57:12,  5.56s/it]                                                                                          Best trial: 116. Best value: 1.86818:  16%|█▌        | 235/1500 [20:17<1:57:12,  5.56s/it]Best trial: 116. Best value: 1.86818:  16%|█▌        | 235/1500 [20:17<1:57:12,  5.56s/it]Best trial: 116. Best value: 1.86818:  16%|█▌        | 236/1500 [20:17<2:01:46,  5.78s/it]                                                                                          Best trial: 116. Best value: 1.86818:  16%|█▌        | 236/1500 [20:24<2:01:46,  5.78s/it]Best trial: 116. Best value: 1.86818:  16%|█▌        | 236/1500 [20:24<2:01:46,  5.78s/it]Best trial: 116. Best value: 1.86818:  16%|█▌        | 237/1500 [20:24<2:07:25,  6.05s/it]                                                                                          Best trial: 116. Best value: 1.86818:  16%|█▌        | 237/1500 [20:30<2:07:25,  6.05s/it]Best trial: 116. Best value: 1.86818:  16%|█▌        | 237/1500 [20:30<2:07:25,  6.05s/it]Best trial: 116. Best value: 1.86818:  16%|█▌        | 238/1500 [20:30<2:08:37,  6.12s/it]                                                                                          Best trial: 116. Best value: 1.86818:  16%|█▌        | 238/1500 [20:37<2:08:37,  6.12s/it]Best trial: 116. Best value: 1.86818:  16%|█▌        | 238/1500 [20:37<2:08:37,  6.12s/it]Best trial: 116. Best value: 1.86818:  16%|█▌        | 239/1500 [20:37<2:12:00,  6.28s/it]                                                                                          Best trial: 116. Best value: 1.86818:  16%|█▌        | 239/1500 [20:42<2:12:00,  6.28s/it]Best trial: 116. Best value: 1.86818:  16%|█▌        | 239/1500 [20:42<2:12:00,  6.28s/it]Best trial: 116. Best value: 1.86818:  16%|█▌        | 240/1500 [20:42<2:03:30,  5.88s/it]                                                                                          Best trial: 116. Best value: 1.86818:  16%|█▌        | 240/1500 [20:48<2:03:30,  5.88s/it]Best trial: 116. Best value: 1.86818:  16%|█▌        | 240/1500 [20:48<2:03:30,  5.88s/it]Best trial: 116. Best value: 1.86818:  16%|█▌        | 241/1500 [20:48<2:04:11,  5.92s/it]                                                                                          Best trial: 116. Best value: 1.86818:  16%|█▌        | 241/1500 [20:54<2:04:11,  5.92s/it]Best trial: 116. Best value: 1.86818:  16%|█▌        | 241/1500 [20:54<2:04:11,  5.92s/it]Best trial: 116. Best value: 1.86818:  16%|█▌        | 242/1500 [20:54<2:07:09,  6.07s/it]                                                                                          Best trial: 116. Best value: 1.86818:  16%|█▌        | 242/1500 [21:01<2:07:09,  6.07s/it]Best trial: 116. Best value: 1.86818:  16%|█▌        | 242/1500 [21:01<2:07:09,  6.07s/it]Best trial: 116. Best value: 1.86818:  16%|█▌        | 243/1500 [21:01<2:09:04,  6.16s/it]                                                                                          Best trial: 116. Best value: 1.86818:  16%|█▌        | 243/1500 [21:07<2:09:04,  6.16s/it]Best trial: 116. Best value: 1.86818:  16%|█▌        | 243/1500 [21:07<2:09:04,  6.16s/it]Best trial: 116. Best value: 1.86818:  16%|█▋        | 244/1500 [21:07<2:08:47,  6.15s/it]                                                                                          
[I 2026-05-02 19:12:59,934] Trial 234 finished with value: 1.903166805268859 and parameters: {'f_n': 1.2042173126877094e-06, 'K_d': 454247.6898014363, 'rho_d': 11238185888080.049, 'fission_rate': 4.479578268257497e+19, 'D2_xe_scale': 43.84789307419972, 'Dg_D1_scale': 0.5448417878574239, 'Dg_D3_scale': 3.754419992589731, 'Dv_D1_scale': 0.30658423095704257, 'Dv_D2_scale': 1.875680681536009, 'b_bulk_scale': 0.3433531407698126, 'b_dislocation_scale': 0.09068736469316549, 'gb_scale': 3.4002381363201897, 'gd_bubble_scale': 8.840065936359663, 'gd_line_scale': 2.89235505766141, 'gd_line_alpha': 0.3260431808623292, 'coalescence_d_scale': 0.42866632932599696, 'capture_scale': 6.561861036890119}. Best is trial 116 with value: 1.868175213579544.
[I 2026-05-02 19:13:06,230] Trial 235 finished with value: 1.957800362627889 and parameters: {'f_n': 1.2018378363647522e-06, 'K_d': 452629.09624026937, 'rho_d': 11104180322321.666, 'fission_rate': 4.383619381516276e+19, 'D2_xe_scale': 42.108943385375184, 'Dg_D1_scale': 0.4488169200541543, 'Dg_D3_scale': 3.792911399826158, 'Dv_D1_scale': 0.31343959417624984, 'Dv_D2_scale': 1.8183491405451893, 'b_bulk_scale': 0.34537223314768295, 'b_dislocation_scale': 0.0889721399873568, 'gb_scale': 3.7053244018961773, 'gd_bubble_scale': 8.857865125961125, 'gd_line_scale': 2.8686293967926555, 'gd_line_alpha': 0.3272888517768789, 'coalescence_d_scale': 0.4430279286079991, 'capture_scale': 0.6466275453967123}. Best is trial 116 with value: 1.868175213579544.
[I 2026-05-02 19:13:12,915] Trial 236 finished with value: 1.9870672230758366 and parameters: {'f_n': 2.0089362698741203e-06, 'K_d': 414362.73565254203, 'rho_d': 11664821830826.225, 'fission_rate': 4.161648810706637e+19, 'D2_xe_scale': 49.994732278487625, 'Dg_D1_scale': 0.5152735904270662, 'Dg_D3_scale': 3.991306754173465, 'Dv_D1_scale': 0.3529862730703466, 'Dv_D2_scale': 1.815962195808081, 'b_bulk_scale': 0.28182320249947845, 'b_dislocation_scale': 0.07364557604430054, 'gb_scale': 3.33984631385125, 'gd_bubble_scale': 8.27275098946925, 'gd_line_scale': 3.662375966827167, 'gd_line_alpha': 0.3178797871813419, 'coalescence_d_scale': 0.40713560899767876, 'capture_scale': 6.490728076665652}. Best is trial 116 with value: 1.868175213579544.
[I 2026-05-02 19:13:19,179] Trial 237 finished with value: 2.249846078022662 and parameters: {'f_n': 1.4411251054689255e-06, 'K_d': 477309.8943118946, 'rho_d': 10792631512523.137, 'fission_rate': 4.452473103350874e+19, 'D2_xe_scale': 34.980679701740804, 'Dg_D1_scale': 0.5511761317496008, 'Dg_D3_scale': 3.5776983869664902, 'Dv_D1_scale': 0.29711886133537163, 'Dv_D2_scale': 1.4827438415103475, 'b_bulk_scale': 0.17896325601693375, 'b_dislocation_scale': 0.0822199886072128, 'gb_scale': 5.117706578134684, 'gd_bubble_scale': 9.28408301227391, 'gd_line_scale': 2.413246490381436, 'gd_line_alpha': 0.28707566451002475, 'coalescence_d_scale': 0.5103716316714694, 'capture_scale': 5.402976940643751}. Best is trial 116 with value: 1.868175213579544.
[I 2026-05-02 19:13:25,845] Trial 238 finished with value: 2.321106715022678 and parameters: {'f_n': 1.005905008809691e-06, 'K_d': 530135.4656716278, 'rho_d': 10128112209036.785, 'fission_rate': 4.102261346820351e+19, 'D2_xe_scale': 40.61872434916767, 'Dg_D1_scale': 0.5986162274659972, 'Dg_D3_scale': 3.3095455654343047, 'Dv_D1_scale': 0.397019935458478, 'Dv_D2_scale': 0.8836684143460831, 'b_bulk_scale': 0.3459550070602715, 'b_dislocation_scale': 0.05902964158309999, 'gb_scale': 4.4207219525425705, 'gd_bubble_scale': 9.973200788575353, 'gd_line_scale': 3.0010127471074424, 'gd_line_alpha': 0.3770185568917686, 'coalescence_d_scale': 0.3443539861944189, 'capture_scale': 6.780016313887725}. Best is trial 116 with value: 1.868175213579544.
[I 2026-05-02 19:13:30,793] Trial 239 finished with value: 1.9269871715013391 and parameters: {'f_n': 2.9479946953443417e-06, 'K_d': 437377.54586304794, 'rho_d': 11359830945399.723, 'fission_rate': 4.329436267739017e+19, 'D2_xe_scale': 32.53644595508035, 'Dg_D1_scale': 0.5365479745352542, 'Dg_D3_scale': 3.7957129090586745, 'Dv_D1_scale': 0.34065472940023556, 'Dv_D2_scale': 1.635608493663113, 'b_bulk_scale': 0.30048571962500115, 'b_dislocation_scale': 0.09164412350403744, 'gb_scale': 1.7662055444573095, 'gd_bubble_scale': 8.031872287108675, 'gd_line_scale': 2.605017040793098, 'gd_line_alpha': 0.26207684228669964, 'coalescence_d_scale': 0.3036798597754111, 'capture_scale': 6.066165420877446}. Best is trial 116 with value: 1.868175213579544.
