[I 2026-05-02 20:38:20,814] Trial 1340 finished with value: 1.7596801146518533 and parameters: {'f_n': 5.466631807048923e-07, 'K_d': 777578.9205920454, 'rho_d': 9685363796100.48, 'fission_rate': 6.150674153630777e+19, 'D2_xe_scale': 0.052252164348436624, 'Dg_D1_scale': 0.19145032613729598, 'Dg_D3_scale': 3.0991315569137607, 'Dv_D1_scale': 0.23539903037012705, 'Dv_D2_scale': 3.9924641961681084, 'b_bulk_scale': 0.4223764316640228, 'b_dislocation_scale': 0.15002140202103745, 'gb_scale': 5.330345799250603, 'gd_bubble_scale': 9.114495036186424, 'gd_line_scale': 8.143895695455289, 'gd_line_alpha': 0.5276331842587274, 'coalescence_d_scale': 0.33813790022625445, 'capture_scale': 7.9995264613729145}. Best is trial 1126 with value: 1.7410514264406347.
[I 2026-05-02 20:38:25,632] Trial 1341 finished with value: 2.267128992308043 and parameters: {'f_n': 4.069225696350832e-07, 'K_d': 628866.0873973435, 'rho_d': 10273222494886.408, 'fission_rate': 6.269887260490562e+19, 'D2_xe_scale': 0.07377682380725124, 'Dg_D1_scale': 2.1724221851433625, 'Dg_D3_scale': 2.2915457072939027, 'Dv_D1_scale': 0.2688695408625317, 'Dv_D2_scale': 1.0612625902949888, 'b_bulk_scale': 0.33437636070952736, 'b_dislocation_scale': 0.20737900975435897, 'gb_scale': 6.720536268446365, 'gd_bubble_scale': 8.232503347988256, 'gd_line_scale': 4.9970593482507635, 'gd_line_alpha': 0.4598924627777633, 'coalescence_d_scale': 0.5113678105090615, 'capture_scale': 5.044571885468426}. Best is trial 1126 with value: 1.7410514264406347.
[I 2026-05-02 20:38:30,505] Trial 1342 finished with value: 2.0974208993273034 and parameters: {'f_n': 6.263962914737672e-07, 'K_d': 702737.6606681454, 'rho_d': 31448988700328.227, 'fission_rate': 6.087582568906797e+19, 'D2_xe_scale': 0.04348259748292018, 'Dg_D1_scale': 0.17392385295809107, 'Dg_D3_scale': 2.66504906704723, 'Dv_D1_scale': 0.2926604456090255, 'Dv_D2_scale': 3.2515185327086593, 'b_bulk_scale': 0.3596679608496727, 'b_dislocation_scale': 0.16557048789869716, 'gb_scale': 6.049373716033615, 'gd_bubble_scale': 1.298872010765345, 'gd_line_scale': 5.883603786107052, 'gd_line_alpha': 0.5627363342235088, 'coalescence_d_scale': 0.26843922766688555, 'capture_scale': 5.8515382274292405}. Best is trial 1126 with value: 1.7410514264406347.
[I 2026-05-02 20:38:35,204] Trial 1343 finished with value: 2.3050981879773005 and parameters: {'f_n': 2.3362482299146762e-07, 'K_d': 755274.8499107233, 'rho_d': 12661718146555.854, 'fission_rate': 6.327920540482875e+19, 'D2_xe_scale': 1.0427398354049837, 'Dg_D1_scale': 0.16055317583783246, 'Dg_D3_scale': 3.7591854589042653, 'Dv_D1_scale': 0.2831096354555496, 'Dv_D2_scale': 3.0586728748001506, 'b_bulk_scale': 0.2971717305716101, 'b_dislocation_scale': 0.11554141902311217, 'gb_scale': 4.8178465476670755, 'gd_bubble_scale': 6.1547681289604865, 'gd_line_scale': 8.207227119099029, 'gd_line_alpha': 0.612870280886249, 'coalescence_d_scale': 0.3786701401924757, 'capture_scale': 7.031233590892454}. Best is trial 1126 with value: 1.7410514264406347.
[I 2026-05-02 20:38:40,510] Trial 1344 finished with value: 3.7076327148597477 and parameters: {'f_n': 1.0311897526658035e-08, 'K_d': 600252.5779045293, 'rho_d': 9139504380462.635, 'fission_rate': 5.962481185554933e+19, 'D2_xe_scale': 0.7805557008815479, 'Dg_D1_scale': 0.18305645381755958, 'Dg_D3_scale': 2.504506442787678, 'Dv_D1_scale': 0.31308715141999227, 'Dv_D2_scale': 3.4598327748785644, 'b_bulk_scale': 0.4472016423918102, 'b_dislocation_scale': 0.13782326918496418, 'gb_scale': 0.4689117629379334, 'gd_bubble_scale': 7.184145045088216, 'gd_line_scale': 6.678013847546015, 'gd_line_alpha': 0.5376532414004548, 'coalescence_d_scale': 0.43866417969927074, 'capture_scale': 4.735187579286509}. Best is trial 1126 with value: 1.7410514264406347.Best trial: 1126. Best value: 1.74105:  90%|████████▉ | 1344/1500 [1:45:52<12:08,  4.67s/it]Best trial: 1126. Best value: 1.74105:  90%|████████▉ | 1344/1500 [1:45:52<12:08,  4.67s/it]Best trial: 1126. Best value: 1.74105:  90%|████████▉ | 1345/1500 [1:45:52<12:37,  4.89s/it]                                                                                            Best trial: 1126. Best value: 1.74105:  90%|████████▉ | 1345/1500 [1:45:55<12:37,  4.89s/it]Best trial: 1126. Best value: 1.74105:  90%|████████▉ | 1345/1500 [1:45:55<12:37,  4.89s/it]Best trial: 1126. Best value: 1.74105:  90%|████████▉ | 1346/1500 [1:45:55<11:16,  4.39s/it]                                                                                            Best trial: 1126. Best value: 1.74105:  90%|████████▉ | 1346/1500 [1:46:00<11:16,  4.39s/it]Best trial: 1126. Best value: 1.74105:  90%|████████▉ | 1346/1500 [1:46:00<11:16,  4.39s/it]Best trial: 1126. Best value: 1.74105:  90%|████████▉ | 1347/1500 [1:46:00<11:28,  4.50s/it]                                                                                            Best trial: 1126. Best value: 1.74105:  90%|████████▉ | 1347/1500 [1:46:05<11:28,  4.50s/it]Best trial: 1126. Best value: 1.74105:  90%|████████▉ | 1347/1500 [1:46:05<11:28,  4.50s/it]Best trial: 1126. Best value: 1.74105:  90%|████████▉ | 1348/1500 [1:46:05<11:40,  4.61s/it]                                                                                            Best trial: 1126. Best value: 1.74105:  90%|████████▉ | 1348/1500 [1:46:10<11:40,  4.61s/it]Best trial: 1126. Best value: 1.74105:  90%|████████▉ | 1348/1500 [1:46:10<11:40,  4.61s/it]Best trial: 1126. Best value: 1.74105:  90%|████████▉ | 1349/1500 [1:46:10<11:53,  4.72s/it]                                                                                            Best trial: 1126. Best value: 1.74105:  90%|████████▉ | 1349/1500 [1:46:14<11:53,  4.72s/it]Best trial: 1126. Best value: 1.74105:  90%|████████▉ | 1349/1500 [1:46:14<11:53,  4.72s/it]Best trial: 1126. Best value: 1.74105:  90%|█████████ | 1350/1500 [1:46:14<11:51,  4.74s/it]                                                                                            Best trial: 1126. Best value: 1.74105:  90%|█████████ | 1350/1500 [1:46:19<11:51,  4.74s/it]Best trial: 1126. Best value: 1.74105:  90%|█████████ | 1350/1500 [1:46:19<11:51,  4.74s/it]Best trial: 1126. Best value: 1.74105:  90%|█████████ | 1351/1500 [1:46:19<11:48,  4.76s/it]                                                                                            Best trial: 1126. Best value: 1.74105:  90%|█████████ | 1351/1500 [1:46:24<11:48,  4.76s/it]Best trial: 1126. Best value: 1.74105:  90%|█████████ | 1351/1500 [1:46:24<11:48,  4.76s/it]Best trial: 1126. Best value: 1.74105:  90%|█████████ | 1352/1500 [1:46:24<11:45,  4.77s/it]                                                                                            Best trial: 1126. Best value: 1.74105:  90%|█████████ | 1352/1500 [1:46:27<11:45,  4.77s/it]Best trial: 1126. Best value: 1.74105:  90%|█████████ | 1352/1500 [1:46:27<11:45,  4.77s/it]Best trial: 1126. Best value: 1.74105:  90%|█████████ | 1353/1500 [1:46:27<10:20,  4.22s/it]                                                                                            Best trial: 1126. Best value: 1.74105:  90%|█████████ | 1353/1500 [1:46:31<10:20,  4.22s/it]Best trial: 1126. Best value: 1.74105:  90%|█████████ | 1353/1500 [1:46:31<10:20,  4.22s/it]Best trial: 1126. Best value: 1.74105:  90%|█████████ | 1354/1500 [1:46:31<09:58,  4.10s/it]                                                                                            Best trial: 1126. Best value: 1.74105:  90%|█████████ | 1354/1500 [1:46:35<09:58,  4.10s/it]Best trial: 1126. Best value: 1.74105:  90%|█████████ | 1354/1500 [1:46:36<09:58,  4.10s/it]Best trial: 1126. Best value: 1.74105:  90%|█████████ | 1355/1500 [1:46:36<10:21,  4.28s/it]                                                                                            
[I 2026-05-02 20:38:43,841] Trial 1345 finished with value: 1.8403833485732248 and parameters: {'f_n': 4.778193578136068e-07, 'K_d': 666385.3123590306, 'rho_d': 11289576605062.117, 'fission_rate': 6.215845049774129e+19, 'D2_xe_scale': 0.060583791485782405, 'Dg_D1_scale': 3.645437314281928, 'Dg_D3_scale': 3.3408579067883917, 'Dv_D1_scale': 0.24983054794208465, 'Dv_D2_scale': 3.7481200522329425, 'b_bulk_scale': 0.38821412919628406, 'b_dislocation_scale': 0.18171401487427938, 'gb_scale': 7.394016216751176, 'gd_bubble_scale': 0.15440803542055215, 'gd_line_scale': 9.97358881678012, 'gd_line_alpha': 0.5807698336800305, 'coalescence_d_scale': 0.30845187139982577, 'capture_scale': 0.683706437888201}. Best is trial 1126 with value: 1.7410514264406347.
[I 2026-05-02 20:38:48,599] Trial 1346 finished with value: 1.8821655918055826 and parameters: {'f_n': 3.460382078870019e-07, 'K_d': 794568.0204239216, 'rho_d': 10743262668183.578, 'fission_rate': 6.382851286369059e+19, 'D2_xe_scale': 0.10680324869463134, 'Dg_D1_scale': 0.17336050073319093, 'Dg_D3_scale': 2.8915508710675795, 'Dv_D1_scale': 0.26585428467771016, 'Dv_D2_scale': 3.6318061660042424, 'b_bulk_scale': 0.5082904366418993, 'b_dislocation_scale': 0.15407317318509695, 'gb_scale': 5.556481077443816, 'gd_bubble_scale': 9.063078500346434, 'gd_line_scale': 7.30955273803531, 'gd_line_alpha': 0.489402732583964, 'coalescence_d_scale': 0.3629760832061065, 'capture_scale': 6.374802897199802}. Best is trial 1126 with value: 1.7410514264406347.
[I 2026-05-02 20:38:53,451] Trial 1347 finished with value: 2.0736878341514493 and parameters: {'f_n': 8.040593490018389e-07, 'K_d': 720687.4117999796, 'rho_d': 11958414648773.322, 'fission_rate': 6.1515025370453434e+19, 'D2_xe_scale': 0.07906269303331784, 'Dg_D1_scale': 0.1994338960151703, 'Dg_D3_scale': 0.17662520844520446, 'Dv_D1_scale': 0.30006544158595994, 'Dv_D2_scale': 3.79672919596411, 'b_bulk_scale': 0.2694039172566048, 'b_dislocation_scale': 0.12537303885491854, 'gb_scale': 6.604060975971683, 'gd_bubble_scale': 7.856857088119139, 'gd_line_scale': 8.421707611789603, 'gd_line_alpha': 0.5190329216743661, 'coalescence_d_scale': 0.59367155401452, 'capture_scale': 4.197325397884366}. Best is trial 1126 with value: 1.7410514264406347.
[I 2026-05-02 20:38:58,436] Trial 1348 finished with value: 1.8243936989073812 and parameters: {'f_n': 3.0166902649154327e-07, 'K_d': 636840.0831192491, 'rho_d': 10139342495856.709, 'fission_rate': 6.0247843329922335e+19, 'D2_xe_scale': 0.06745117628519898, 'Dg_D1_scale': 0.1593148723218385, 'Dg_D3_scale': 2.405087671250365, 'Dv_D1_scale': 0.3328886198774347, 'Dv_D2_scale': 3.4701866543774855, 'b_bulk_scale': 0.2257391276275465, 'b_dislocation_scale': 0.16636036702625892, 'gb_scale': 4.274868968460461, 'gd_bubble_scale': 9.99271407448706, 'gd_line_scale': 9.985836602728996, 'gd_line_alpha': 0.5036367747288351, 'coalescence_d_scale': 0.47251394476873254, 'capture_scale': 6.950864589804139}. Best is trial 1126 with value: 1.7410514264406347.
[I 2026-05-02 20:39:03,227] Trial 1349 finished with value: 1.8760069522218343 and parameters: {'f_n': 6.596179692666767e-07, 'K_d': 690138.2930569277, 'rho_d': 13331698718136.988, 'fission_rate': 6.2804670727544906e+19, 'D2_xe_scale': 0.05250502574468633, 'Dg_D1_scale': 0.1857716800080658, 'Dg_D3_scale': 3.070559848473454, 'Dv_D1_scale': 0.7421771544114175, 'Dv_D2_scale': 3.776291134934448, 'b_bulk_scale': 0.31454013850545004, 'b_dislocation_scale': 0.1411879550037169, 'gb_scale': 6.016449005025468, 'gd_bubble_scale': 6.557695768770223, 'gd_line_scale': 7.5826221999327394, 'gd_line_alpha': 0.44623604961056684, 'coalescence_d_scale': 0.4056717884502953, 'capture_scale': 5.530852391264115}. Best is trial 1126 with value: 1.7410514264406347.
[I 2026-05-02 20:39:08,012] Trial 1350 finished with value: 2.2702751947182924 and parameters: {'f_n': 5.113668258177934e-07, 'K_d': 739338.5994192861, 'rho_d': 10821214490920.045, 'fission_rate': 6.10650296646535e+19, 'D2_xe_scale': 0.1308886130647198, 'Dg_D1_scale': 0.17152312641610643, 'Dg_D3_scale': 2.7615445019003224, 'Dv_D1_scale': 0.2795046127893066, 'Dv_D2_scale': 3.9969551297541033, 'b_bulk_scale': 0.3483501456494172, 'b_dislocation_scale': 0.20233829726860747, 'gb_scale': 7.209416576431132, 'gd_bubble_scale': 8.326353053747509, 'gd_line_scale': 6.414222893937562, 'gd_line_alpha': 0.5453883300220324, 'coalescence_d_scale': 0.3401374422284356, 'capture_scale': 6.926314776202867}. Best is trial 1126 with value: 1.7410514264406347.
[I 2026-05-02 20:39:12,820] Trial 1351 finished with value: 2.154824108216371 and parameters: {'f_n': 4.336462537879366e-07, 'K_d': 794671.2447993017, 'rho_d': 11400266710835.805, 'fission_rate': 6.238148455908725e+19, 'D2_xe_scale': 0.5763805447445226, 'Dg_D1_scale': 0.22267379450294272, 'Dg_D3_scale': 2.295318703420703, 'Dv_D1_scale': 0.23750144852219773, 'Dv_D2_scale': 3.5956370092932315, 'b_bulk_scale': 0.3970413560758902, 'b_dislocation_scale': 0.11523414594851214, 'gb_scale': 5.1109957372216845, 'gd_bubble_scale': 9.063961432802717, 'gd_line_scale': 9.013098717278822, 'gd_line_alpha': 0.4649504945479147, 'coalescence_d_scale': 0.5408295355614148, 'capture_scale': 5.679972855653798}. Best is trial 1126 with value: 1.7410514264406347.
[I 2026-05-02 20:39:15,753] Trial 1352 finished with value: 4.2321046164388045 and parameters: {'f_n': 1.0100451155743766e-06, 'K_d': 582564.8168922425, 'rho_d': 12706895165116.635, 'fission_rate': 6.391112912238004e+19, 'D2_xe_scale': 0.08848516445369776, 'Dg_D1_scale': 0.15992940542894568, 'Dg_D3_scale': 2.628926320114238, 'Dv_D1_scale': 0.25979176759602046, 'Dv_D2_scale': 3.3145513210741604, 'b_bulk_scale': 0.24269133279874958, 'b_dislocation_scale': 0.23671511532694023, 'gb_scale': 7.984359950664898, 'gd_bubble_scale': 7.338022449804617, 'gd_line_scale': 0.08082895806610524, 'gd_line_alpha': 0.5654608604822604, 'coalescence_d_scale': 0.45004427463365454, 'capture_scale': 6.300660202455611}. Best is trial 1126 with value: 1.7410514264406347.
[I 2026-05-02 20:39:19,576] Trial 1353 finished with value: 3.5200774169953353 and parameters: {'f_n': 3.799172925784422e-07, 'K_d': 683421.932545642, 'rho_d': 9570626772709.58, 'fission_rate': 6.166175437502787e+19, 'D2_xe_scale': 0.06713667921530124, 'Dg_D1_scale': 0.205828496055565, 'Dg_D3_scale': 2.454605338170075, 'Dv_D1_scale': 0.2963163837211244, 'Dv_D2_scale': 3.7632038138768045, 'b_bulk_scale': 0.611912942913528, 'b_dislocation_scale': 0.7831494640829412, 'gb_scale': 6.271824611605994, 'gd_bubble_scale': 8.456887059522531, 'gd_line_scale': 8.23026621312637, 'gd_line_alpha': 0.5898981442273824, 'coalescence_d_scale': 0.28520515359649323, 'capture_scale': 7.122398147371438}. Best is trial 1126 with value: 1.7410514264406347.
[I 2026-05-02 20:39:24,272] Trial 1354 finished with value: 1.9733485774822603 and parameters: {'f_n': 5.558090268286911e-07, 'K_d': 653955.050104011, 'rho_d': 12062746764930.945, 'fission_rate': 6.322797458675483e+19, 'D2_xe_scale': 0.04437480303261758, 'Dg_D1_scale': 0.18908349751044098, 'Dg_D3_scale': 3.222409197765693, 'Dv_D1_scale': 0.3168988237978158, 'Dv_D2_scale': 3.8070164383233007, 'b_bulk_scale': 0.2856950214310261, 'b_dislocation_scale': 0.387143766565834, 'gb_scale': 0.352051749043821, 'gd_bubble_scale': 6.642157730409109, 'gd_line_scale': 5.579639814180043, 'gd_line_alpha': 0.6316204089468177, 'coalescence_d_scale': 0.40386563635369627, 'capture_scale': 4.913538686852899}. Best is trial 1126 with value: 1.7410514264406347.
[I 2026-05-02 20:39:29,200] Trial 1355 finished with value: 2.313550389680516 and parameters: {'f_n': 2.729908404412582e-07, 'K_d': 751271.5605365145, 'rho_d': 10376220495603.139, 'fission_rate': 6.029443923544041e+19, 'D2_xe_scale': 0.05588549850267266, 'Dg_D1_scale': 0.17520406358098664, 'Dg_D3_scale': 2.9606692674485164, 'Dv_D1_scale': 0.2852388944255044, 'Dv_D2_scale': 3.4918867331760954, 'b_bulk_scale': 0.4689759735561094, 'b_dislocation_scale': 0.1338310208506741, 'gb_scale': 4.589801932547542, 'gd_bubble_scale': 7.597923017923067, 'gd_line_scale': 9.994542489869968, 'gd_line_alpha': 0.4770687866826854, 'coalescence_d_scale': 0.5232502536251254, 'capture_scale': 5.76541610904478}. Best is trial 1126 with value: 1.7410514264406347.Best trial: 1126. Best value: 1.74105:  90%|█████████ | 1355/1500 [1:46:40<10:21,  4.28s/it]Best trial: 1126. Best value: 1.74105:  90%|█████████ | 1355/1500 [1:46:40<10:21,  4.28s/it]Best trial: 1126. Best value: 1.74105:  90%|█████████ | 1356/1500 [1:46:40<10:45,  4.48s/it]                                                                                            Best trial: 1126. Best value: 1.74105:  90%|█████████ | 1356/1500 [1:46:45<10:45,  4.48s/it]Best trial: 1126. Best value: 1.74105:  90%|█████████ | 1356/1500 [1:46:45<10:45,  4.48s/it]Best trial: 1126. Best value: 1.74105:  90%|█████████ | 1357/1500 [1:46:45<11:01,  4.62s/it]                                                                                            Best trial: 1126. Best value: 1.74105:  90%|█████████ | 1357/1500 [1:46:50<11:01,  4.62s/it]Best trial: 1126. Best value: 1.74105:  90%|█████████ | 1357/1500 [1:46:50<11:01,  4.62s/it]Best trial: 1126. Best value: 1.74105:  91%|█████████ | 1358/1500 [1:46:50<11:02,  4.67s/it]                                                                                            Best trial: 1126. Best value: 1.74105:  91%|█████████ | 1358/1500 [1:46:55<11:02,  4.67s/it]Best trial: 1126. Best value: 1.74105:  91%|█████████ | 1358/1500 [1:46:55<11:02,  4.67s/it]Best trial: 1126. Best value: 1.74105:  91%|█████████ | 1359/1500 [1:46:55<10:55,  4.65s/it]                                                                                            Best trial: 1126. Best value: 1.74105:  91%|█████████ | 1359/1500 [1:46:58<10:55,  4.65s/it]Best trial: 1126. Best value: 1.74105:  91%|█████████ | 1359/1500 [1:46:58<10:55,  4.65s/it]Best trial: 1126. Best value: 1.74105:  91%|█████████ | 1360/1500 [1:46:58<09:51,  4.23s/it]                                                                                            Best trial: 1126. Best value: 1.74105:  91%|█████████ | 1360/1500 [1:47:03<09:51,  4.23s/it]Best trial: 1126. Best value: 1.74105:  91%|█████████ | 1360/1500 [1:47:03<09:51,  4.23s/it]Best trial: 1126. Best value: 1.74105:  91%|█████████ | 1361/1500 [1:47:03<10:07,  4.37s/it]                                                                                            Best trial: 1126. Best value: 1.74105:  91%|█████████ | 1361/1500 [1:47:07<10:07,  4.37s/it]Best trial: 1126. Best value: 1.74105:  91%|█████████ | 1361/1500 [1:47:08<10:07,  4.37s/it]Best trial: 1126. Best value: 1.74105:  91%|█████████ | 1362/1500 [1:47:08<10:23,  4.51s/it]                                                                                            Best trial: 1126. Best value: 1.74105:  91%|█████████ | 1362/1500 [1:47:12<10:23,  4.51s/it]Best trial: 1126. Best value: 1.74105:  91%|█████████ | 1362/1500 [1:47:12<10:23,  4.51s/it]Best trial: 1126. Best value: 1.74105:  91%|█████████ | 1363/1500 [1:47:12<10:15,  4.50s/it]                                                                                            Best trial: 1126. Best value: 1.74105:  91%|█████████ | 1363/1500 [1:47:17<10:15,  4.50s/it]Best trial: 1126. Best value: 1.74105:  91%|█████████ | 1363/1500 [1:47:17<10:15,  4.50s/it]Best trial: 1126. Best value: 1.74105:  91%|█████████ | 1364/1500 [1:47:17<10:22,  4.58s/it]                                                                                            Best trial: 1126. Best value: 1.74105:  91%|█████████ | 1364/1500 [1:47:22<10:22,  4.58s/it]Best trial: 1126. Best value: 1.74105:  91%|█████████ | 1364/1500 [1:47:22<10:22,  4.58s/it]Best trial: 1126. Best value: 1.74105:  91%|█████████ | 1365/1500 [1:47:22<10:32,  4.68s/it]                                                                                            Best trial: 1126. Best value: 1.74105:  91%|█████████ | 1365/1500 [1:47:26<10:32,  4.68s/it]Best trial: 1126. Best value: 1.74105:  91%|█████████ | 1365/1500 [1:47:26<10:32,  4.68s/it]Best trial: 1126. Best value: 1.74105:  91%|█████████ | 1366/1500 [1:47:26<10:30,  4.71s/it]                                                                                            
[I 2026-05-02 20:39:34,185] Trial 1356 finished with value: 3.7367899738399935 and parameters: {'f_n': 7.378306109470568e-07, 'K_d': 719741.4761232509, 'rho_d': 11319452834065.113, 'fission_rate': 5.934854619538282e+19, 'D2_xe_scale': 0.10036122269938802, 'Dg_D1_scale': 0.15006031085945964, 'Dg_D3_scale': 3.493828054794763, 'Dv_D1_scale': 0.22447686653050056, 'Dv_D2_scale': 3.800801261491108, 'b_bulk_scale': 0.32458199261623155, 'b_dislocation_scale': 0.18096235905107805, 'gb_scale': 0.058554241093122586, 'gd_bubble_scale': 9.982490063103171, 'gd_line_scale': 7.170393150740015, 'gd_line_alpha': 0.5099591172208002, 'coalescence_d_scale': 0.3662264471520512, 'capture_scale': 7.984684337022993}. Best is trial 1126 with value: 1.7410514264406347.
[I 2026-05-02 20:39:38,958] Trial 1357 finished with value: 1.9605689933827426 and parameters: {'f_n': 6.014510369377389e-07, 'K_d': 801352.4847798693, 'rho_d': 10893879979043.8, 'fission_rate': 6.253252534176166e+19, 'D2_xe_scale': 1.149949558109835, 'Dg_D1_scale': 0.16696211675091774, 'Dg_D3_scale': 2.751053891989286, 'Dv_D1_scale': 1.909172320348203, 'Dv_D2_scale': 3.5687525973873524, 'b_bulk_scale': 0.37833222623075213, 'b_dislocation_scale': 0.1514310619413787, 'gb_scale': 5.6255544275939915, 'gd_bubble_scale': 5.644850201602393, 'gd_line_scale': 9.042114900485824, 'gd_line_alpha': 0.6715610957107015, 'coalescence_d_scale': 0.4803866086843689, 'capture_scale': 0.1509741693723211}. Best is trial 1126 with value: 1.7410514264406347.
