number,value,params_Dg_dislocation_scale,params_Dv_dislocation_scale,user_attrs_Dg_dislocation_scale,user_attrs_Dv_dislocation_scale,user_attrs_score_Nd_lowT,user_attrs_score_Rd_lowT,user_attrs_score_gas_partition,user_attrs_score_guard,user_attrs_score_matrix_lowT,user_attrs_score_pressure_lowT,user_attrs_score_swelling_d_lowT,user_attrs_score_total,state
91,9.06258542882689,2.915028896975836,4.249757032548064,2.915028896975836,4.249757032548064,1.799247211956926,0.8381621051445369,0.6183411795700932,0.0,4.333972489445403,0.0,0.3765217423925016,9.06258542882689,COMPLETE
92,9.211438915054561,2.7368765835235984,3.8780609101468833,2.7368765835235984,3.8780609101468833,1.8062660798914512,0.8894880438986421,0.6893629561194023,0.0,4.333405927382242,0.0,0.4051999967599558,9.211438915054561,COMPLETE
93,10.163226826329236,4.31802835271604,3.800863480497961,4.31802835271604,3.800863480497961,1.7387900088333184,0.5615882234458863,0.28100587768145063,1.5003005848516326,4.339897438009327,0.0,0.2653205856217516,10.163226826329236,COMPLETE
94,10.722320557440014,4.222044893869063,9.964605316514426,4.222044893869063,9.964605316514426,1.7433815065945335,0.5628210537319334,0.2937286462806394,1.949352738698594,4.339503584097584,0.0,0.2670739378089736,10.722320557440014,COMPLETE
95,10.909715208554852,1.4316537594180179,4.779924762803198,1.4316537594180179,4.779924762803198,1.8521113521037311,1.4921404921104546,1.5367284326403032,0.0,4.330298749708059,0.0,0.6795571978767248,10.909715208554852,COMPLETE
96,8.907983075627882,3.1397648546784387,2.787642894826874,3.1397648546784387,2.787642894826874,1.79007892383776,0.7870534110501187,0.5398856723855187,0.0,4.334738840977695,0.0,0.35235756021923703,8.907983075627882,COMPLETE
97,10.383274472995069,3.9442809726066046,5.738411858666273,3.9442809726066046,5.738411858666273,1.755758139279219,0.6141378722760573,0.33877554925296016,1.5884661728825493,4.338087695718295,0.0,0.2757382765872493,10.383274472995069,COMPLETE
98,9.1935745464133,2.763805663546586,2.9922469913210685,2.763805663546586,2.9922469913210685,1.8051800732834251,0.8849080784936968,0.6782936194914827,0.0,4.333496796270571,0.0,0.40452062875969574,9.1935745464133,COMPLETE
99,10.145506604214258,6.272617849930835,2.0130572536956044,6.272617849930835,2.0130572536956044,1.645400872054261,0.3671771554834588,0.2134779296781139,1.623036920692522,4.353198519642759,0.0,0.28569948130552825,10.145506604214258,COMPLETE
100,41.61680001787471,68.15183334749321,51.99115026824168,68.15183334749321,51.99115026824168,1.0102693180422975,0.015769150353295222,2.812910214940593,6.590378144129595,5.167511700783209,0.0,21.332721820424595,41.61680001787471,COMPLETE
101,9.087167932265483,2.903928894576535,2.119589985628803,2.903928894576535,2.119589985628803,1.799585887590141,0.8513806296133318,0.62309963380893,0.0,4.3339346078131396,0.0,0.3886910045193625,9.087167932265483,COMPLETE
102,9.344372759964436,2.598368739875332,2.67308549145728,2.598368739875332,2.67308549145728,1.8115753852766574,0.9366003357037771,0.7504958847647041,0.0,4.333005033126037,0.0,0.4334524958807284,9.344372759964436,COMPLETE
103,10.164083412424674,4.230563972611549,3.7336115694961247,4.230563972611549,3.7336115694961247,1.7427843086919867,0.5748997835441996,0.29288674967524414,1.480749841784974,4.339442564725159,0.0,0.2671381914583832,10.164083412424674,COMPLETE
104,9.49234107142998,2.442331444469152,3.62129090872101,2.442331444469152,3.62129090872101,1.8175130077121378,0.9847531484576688,0.8254551979243777,0.0,4.332550465168119,0.0,0.45750299084348756,9.49234107142998,COMPLETE
105,11.219376861575743,4.408991694540121,28.144334460594393,4.408991694540121,28.144334460594393,1.7350022799871632,0.5274563678863006,0.26929253637040335,2.4057783916089335,4.340541719904169,0.0,0.2661750661533223,11.219376861575743,COMPLETE
106,9.089071484874266,3.571294521409936,1.6491071910669735,3.571294521409936,1.6491071910669735,1.7719159148393397,0.7047299114388849,0.4186035617848275,0.3544346319425217,4.336315719757024,0.0,0.31182673192318505,9.089071484874266,COMPLETE
107,10.861059797173128,1.4592041085070255,2.997373472414024,1.4592041085070255,2.997373472414024,1.8512606403885337,1.4737673361996946,1.5107580926485678,0.0,4.330392288327365,0.0,0.674335217367353,10.861059797173128,COMPLETE
108,10.219810471430481,4.2460012196847545,4.23522644354209,4.2460012196847545,4.23522644354209,1.7420962265862208,0.5703975279930797,0.2906530491859331,1.5312331603226634,4.339540748587401,0.0,0.26737610932968137,10.219810471430481,COMPLETE
109,9.59393958993993,2.3373337558195426,8.533167850488052,2.3373337558195426,8.533167850488052,1.8214345919950312,1.0164080547846328,0.8800639947547821,0.0,4.332188233020316,0.0,0.47053802193687266,9.59393958993993,COMPLETE
110,9.944317281924526,3.995859914349353,2.9307079847188704,3.995859914349353,2.9307079847188704,1.7533461024915897,0.6164132473893893,0.3300248730441572,1.231829406441602,4.338254723892618,0.0,0.2759910652840998,9.944317281924526,COMPLETE
111,9.189225095809967,2.7630061985273335,3.8103286140950017,2.7630061985273335,3.8103286140950017,1.8052430248183953,0.8820306395060001,0.6784618911294675,0.0,4.333487700926682,0.0,0.4012345260792761,9.189225095809967,COMPLETE
112,9.972562889732954,3.828659103578929,3.0570056132878363,3.828659103578929,3.0570056132878363,1.7607599012566584,0.6440924083399334,0.3611958548800854,1.2009699924032853,4.337493411530431,0.0,0.28572548218223826,9.972562889732954,COMPLETE
113,8.74159270913155,3.384529103346116,5.083178984962256,3.384529103346116,5.083178984962256,1.780001639118904,0.7228831543354052,0.4659002778747906,0.0,4.335666746188079,0.0,0.3162626289130522,8.74159270913155,COMPLETE
114,10.592396969225579,4.293504107165638,8.2507033669706,4.293504107165638,8.2507033669706,1.7400703526825967,0.5539822302053254,0.28394803639839006,1.8550152099033839,4.3398659643598805,0.0,0.26795021583070755,10.592396969225579,COMPLETE
115,9.513644549522159,2.4138851032445325,6.649089321627236,2.4138851032445325,6.649089321627236,1.8186034868543168,0.9897224262924522,0.8397690670662324,0.0,4.332421555433854,0.0,0.45712568240068024,9.513644549522159,COMPLETE
116,11.75520516863995,8.071567949166788,3.608613204368555,8.071567949166788,3.608613204368555,1.553832614356962,0.24292532591340613,0.36229935208135544,2.5515216841424273,4.372783162935297,0.0,0.6323557806946107,11.75520516863995,COMPLETE
117,9.64766991023912,2.294097928794373,5.04129159900346,2.294097928794373,5.04129159900346,1.8230066600051333,1.0359924857498821,0.9037808952415449,0.0,4.332126434323513,0.0,0.48306479015642845,9.64766991023912,COMPLETE
118,12.009606193390045,6.898966138421545,6.543893830168533,6.898966138421545,6.543893830168533,1.6116138938099298,0.29755431906632157,0.2513238714814895,2.933531554861395,4.359662865093763,0.0,0.5572369051835162,12.009606193390045,COMPLETE
119,10.060983409146564,1.9775469310452523,1.1646004193179,1.9775469310452523,1.1646004193179,1.8341832872322743,1.1866444494860973,1.098129789585974,0.0,4.331472207562537,0.0,0.5639076726670141,10.060983409146564,COMPLETE
