number,value,params_Dg_dislocation_scale,params_Dv_dislocation_scale,user_attrs_Dg_dislocation_scale,user_attrs_Dv_dislocation_scale,user_attrs_score_Nd_lowT,user_attrs_score_Rd_lowT,user_attrs_score_gas_partition,user_attrs_score_guard,user_attrs_score_matrix_lowT,user_attrs_score_pressure_lowT,user_attrs_score_swelling_d_lowT,user_attrs_score_total,state
0,14.862644304047954,10.0,10.0,10.0,10.0,1.4535604203937151,0.1510307954388752,0.6423281523674411,4.0000596640687105,4.402669144518875,0.0,1.6471270861736482,14.862644304047954,COMPLETE
1,10.789666141426551,3.884454201317488,11.512602535527357,3.884454201317488,11.512602535527357,1.7585577691561542,0.6171395074188696,0.34965606804023425,1.9163812428956404,4.3378313009966405,0.0,0.27216276741750245,10.789666141426551,COMPLETE
2,9.541076989865557,2.415692071372649,1.3671013632791402,2.415692071372649,1.3671013632791402,1.8184022624336014,1.0083118724919191,0.8398019256061527,0.0,4.332509417470339,0.0,0.4760683009932643,9.541076989865557,COMPLETE
3,30.247104942745487,37.4947895203225,20.543150297993378,37.4947895203225,20.543150297993378,1.0805670035309363,0.021286424615213167,2.6329127730088415,5.367844627760232,4.959380619634367,0.0,11.982501162320162,30.247104942745487,COMPLETE
4,21.896608582415734,18.838303614566897,14.164648032416936,18.838303614566897,14.164648032416936,1.1902973125942706,0.0427212911998714,1.9313955752268328,4.864682627495097,4.61468278867926,0.0,5.691799166160353,21.896608582415734,COMPLETE
5,11.38119334558231,1.19708732485571,5.195498322882532,1.19708732485571,5.195498322882532,1.8591069875352204,1.685888250844213,1.777351376424,0.0,4.32994025315608,0.0,0.7374827732197218,11.38119334558231,COMPLETE
6,18.748019763509152,77.86931846429715,1.318528011572143,77.86931846429715,1.318528011572143,1.2866448785770521,0.08422483119169173,2.8359715754980184,2.2663386849739684,5.198682541537398,0.1116417119462504,3.441318753756912,18.748019763509152,COMPLETE
7,41.456281281812316,53.46680182656845,56.830444421298964,53.46680182656845,56.830444421298964,1.0148925094747185,0.016539156686999946,2.758129579806458,6.628017136287662,5.095710823961198,0.0,21.314138093838924,41.456281281812316,COMPLETE
8,11.233204955809382,1.2658648223507791,20.176100426360538,1.2658648223507791,20.176100426360538,1.8571024114661032,1.623986026658015,1.7030597271953531,0.0,4.329914224079699,0.0,0.7182871301321981,11.233204955809382,COMPLETE
9,18.02491866515375,12.691201434260103,15.668466972045499,12.691201434260103,15.668466972045499,1.3340279820660093,0.08749539445201783,1.10232016536639,4.809405633585562,4.457796399584678,0.0,3.1934441201477513,18.02491866515375,COMPLETE
10,9.385296391383937,5.078426695255548,1.3394905206622925,5.078426695255548,1.3394905206622925,1.7038809986015717,0.48920757944900045,0.21515756050794071,0.9882206537103905,4.344038172449599,0.0,0.22720011399386864,9.385296391383937,COMPLETE
11,9.624243251311457,5.55095892183547,1.5086663931464626,5.55095892183547,1.5086663931464626,1.6811882121674002,0.437150174626388,0.20176043592293902,1.2189736343177573,4.347308417733338,0.0,0.2323307910287446,9.624243251311457,COMPLETE
12,10.087489251065438,1.9602489789739577,1.0039500468448432,1.9602489789739577,1.0039500468448432,1.834769219119849,1.1973323147451294,1.109982520165923,0.0,4.3314397287235025,0.0,0.5694789755125741,10.087489251065438,COMPLETE
13,11.370248842567644,7.633975548260269,2.892138848470781,7.633975548260269,2.892138848470781,1.5766436977935876,0.2702052708404928,0.3133305552209628,2.389483023199585,4.367283994745472,0.0,0.497633092370788,11.370248842567644,COMPLETE
14,11.788527519454838,12.619305728376895,1.0698722627821893,12.619305728376895,1.0698722627821893,1.4271829943749232,0.16484080123221465,1.0653716907801238,1.5441707104549809,4.452639313593673,0.00019650745413988556,0.8706852476207243,11.788527519454838,COMPLETE
15,11.320141263048994,4.1269755555610805,60.683254450709995,4.1269755555610805,60.683254450709995,1.747867512484215,0.5684512205943016,0.3076323652013083,2.4370276531254165,4.338979356072111,0.0,0.2578741135486515,11.320141263048994,COMPLETE
16,9.242309525338827,2.71715863300617,2.094511894967512,2.71715863300617,2.094511894967512,1.8069519157900147,0.904045005880789,0.6981919181145426,0.0,4.333356151804859,0.0,0.4174747656130602,9.242309525338827,COMPLETE
17,8.713488917258273,3.433922983818606,5.124071338170451,3.433922983818606,5.124071338170451,1.7779157690037088,0.7122538522774586,0.45248146098038233,0.0,4.335862320399883,0.0,0.3113702680689739,8.713488917258273,COMPLETE
18,9.185468642447843,2.7595352350673883,5.567466651592036,2.7595352350673883,5.567466651592036,1.8054173880764952,0.8790977331396722,0.6797169232004805,0.0,4.33345732141372,0.0,0.39709988552943964,9.185468642447843,COMPLETE
19,9.061835374339084,2.910568373029577,5.33632851451218,2.910568373029577,5.33632851451218,1.7994528521373787,0.8368957944477107,0.6199042135658963,0.0,4.33394905270435,0.0,0.3742072385554819,9.061835374339084,COMPLETE
20,21.53298330973173,32.989098685108985,5.014107577320414,32.989098685108985,5.014107577320414,1.1851751452249455,0.0455380684520922,2.5625497110610334,3.5875312017902834,4.899222517895312,0.0002616226561072498,5.553663811249154,21.53298330973173,COMPLETE
21,10.386954895664477,3.8967219287560377,5.795732085041754,3.8967219287560377,5.795732085041754,1.7578727513224783,0.6221788316976591,0.3475758223153267,1.5767532082137214,4.337865483156897,0.0,0.27769661297059683,10.386954895664477,COMPLETE
22,9.310643663980361,2.6179119926126413,6.48968350891248,2.6179119926126413,6.48968350891248,1.8109052331853224,0.9211003172091109,0.7411508401213728,0.0,4.3330106487586395,0.0,0.41950627910298927,9.310643663980361,COMPLETE
23,10.469897181603823,4.190344157419873,6.7799779542263945,4.190344157419873,6.7799779542263945,1.7447287023006706,0.5720316420379951,0.298413812196314,1.7289009229542978,4.33931144470839,0.0,0.26862626645291976,10.469897181603823,COMPLETE
24,10.188385389072561,1.870892278264825,4.864495104480787,1.870892278264825,4.864495104480787,1.8379029871911114,1.2233317693804795,1.1718420025118466,0.0,4.3311267186265585,0.0,0.574725743500526,10.188385389072561,COMPLETE
25,9.382293023824877,2.5343651020624427,17.186227857554204,2.5343651020624427,17.186227857554204,1.814098998472962,0.9438854881193712,0.7799217252789065,0.0,4.33266565311793,0.0,0.42815548051405855,9.382293023824877,COMPLETE
26,9.998232961015756,3.591702240672936,4.323137949454867,3.591702240672936,4.323137949454867,1.771140737947054,0.682451578885907,0.41273908429675366,1.137057497836352,4.336500446243737,0.0,0.2997200539387626,9.998232961015756,COMPLETE
27,11.551519882587062,1.1209233040551358,2.7955041051501386,1.1209233040551358,2.7955041051501386,1.8612787547807463,1.7602636124187756,1.8634430802143158,0.0,4.32989765507657,0.0,0.7575332241525491,11.551519882587062,COMPLETE
28,12.456518948351457,9.640847756162383,3.5273296973645416,9.640847756162383,3.5273296973645416,1.4802973070860495,0.18237313097650945,0.5787243474786891,2.636316186751816,4.395666946401046,0.0,0.9524374398461296,12.456518948351457,COMPLETE
29,13.516145198958723,9.450861468764707,6.217301430512774,9.450861468764707,6.217301430512774,1.4830999922056178,0.17618785726400474,0.5532154078523643,3.359275634948822,4.393069216601425,0.0,1.185048356426676,13.516145198958723,COMPLETE
30,10.66024358443614,1.5694101509806504,9.597324107925646,1.5694101509806504,9.597324107925646,1.847803602243112,1.3958446319135809,1.411171151015215,0.0,4.33046202009025,0.0,0.6439521333871535,10.66024358443614,COMPLETE
31,8.859497534288865,3.209824676275565,3.031826480510817,3.209824676275565,3.031826480510817,1.787205237166982,0.7692080368318447,0.5175186975914693,0.0,4.334993008509865,0.0,0.34255329120017314,8.859497534288865,COMPLETE
32,10.3722153796312,5.114785653513436,5.705535099721136,5.114785653513436,5.705535099721136,1.7012430741109383,0.4530264838981498,0.21362143301340875,1.7696754689938305,4.344695965891715,0.0,0.29446749685630697,10.3722153796312,COMPLETE
33,10.463786079008068,3.8849023052414053,6.753553576511084,3.8849023052414053,6.753553576511084,1.7584308660514811,0.622343991064647,0.3497486706781541,1.638803493329415,4.337819566884452,0.0,0.27696581878760407,10.463786079008068,COMPLETE
34,9.010504193619315,2.985104238295676,3.9395986394380547,2.985104238295676,3.9395986394380547,1.7964266157425322,0.8205528225425253,0.5925910114970521,0.0,4.33420865444389,0.0,0.3675957261211764,9.010504193619315,COMPLETE
35,8.940279197280075,3.5277551689329263,2.7072580413625262,3.5277551689329263,2.7072580413625262,1.7738034676997028,0.7027984721122087,0.42873063289434643,0.22049791723617046,4.336201898522161,0.0,0.31057195179344205,8.940279197280075,COMPLETE
36,9.684458479266596,3.5985346359162897,2.4286434073790066,3.5985346359162897,2.4286434073790066,1.7707534658558148,0.6909810910510371,0.41160183509545256,0.8691135265738119,4.3364784671702115,0.0,0.30532669179711075,9.684458479266596,COMPLETE
37,8.93400479350543,3.096558753415216,3.2708042479273174,3.096558753415216,3.2708042479273174,1.7918755074339252,0.7950044803622119,0.5540158255268397,0.0,4.334591765749483,0.0,0.35542193545185113,8.93400479350543,COMPLETE
38,9.917703365403016,5.189047193407559,2.4793092425650762,5.189047193407559,2.4793092425650762,1.6979420003525139,0.46119926073868023,0.21041460376538432,1.4245022929350477,4.344962265900919,0.0,0.2553790059180582,9.917703365403016,COMPLETE
39,29.585100451564106,19.454607934787596,78.58406189501562,19.454607934787596,78.58406189501562,1.1339293681594562,0.03151920008051264,1.9954742007825836,6.708100243078895,4.633397512227356,0.0,11.07369151876511,29.585100451564106,COMPLETE
40,9.097763932310295,2.8864382414200764,2.404573479432563,2.8864382414200764,2.404573479432563,1.8003024180137923,0.8539041483561428,0.6296342604299104,0.0,4.3338821453991345,0.0,0.3891986559268989,9.097763932310295,COMPLETE
41,10.520505415239601,1.6561603616776945,3.1607438839612487,1.6561603616776945,3.1607438839612487,1.8450176016885411,1.3446784253794417,1.3376149302571592,0.0,4.330739092555559,0.0,0.6269321393762296,10.520505415239601,COMPLETE
42,9.57762011686329,2.367167522522876,2.5829624027414724,2.367167522522876,2.5829624027414724,1.8202793658054823,1.0154059220775529,0.8645056587735395,0.0,4.332368362717807,0.0,0.4757316224939799,9.57762011686329,COMPLETE
43,9.975180764892773,3.9372250327384863,3.135560232914672,3.9372250327384863,3.135560232914672,1.755962209617909,0.6249006110889865,0.3404345239865648,1.2398126802298493,4.337990621291586,0.0,0.279040009293136,9.975180764892773,COMPLETE
44,8.76084730102599,3.377487921048484,2.4893826504123715,3.377487921048484,2.4893826504123715,1.7801714309779886,0.7353781429614678,0.4684153368927876,0.0,4.335604678324194,0.0,0.3265475172759574,8.76084730102599,COMPLETE
45,10.7654126240027,1.5077442089650173,86.3468482147602,1.5077442089650173,86.3468482147602,1.8497495532094939,1.4370895164397848,1.466000229669631,0.0,4.330162803265625,0.0,0.6564366803629467,10.7654126240027,COMPLETE
46,9.611798251674033,3.664211825294104,1.562520287770429,3.664211825294104,1.562520287770429,1.767927536370139,0.6883714041084784,0.3969186850217961,0.8280224491086728,4.336686832198341,0.0,0.3034867636869981,9.611798251674033,COMPLETE
47,30.345108597838045,98.34288509154284,13.004983153171764,98.34288509154284,13.004983153171764,1.0821657429055722,0.022074181967382065,2.8713755911714283,5.063941265347528,5.249528941460231,0.003557566212814869,11.657658985314297,30.345108597838045,COMPLETE
48,10.961666596199992,6.206343164564894,2.831683889672818,6.206343164564894,2.831683889672818,1.6479239095337985,0.3640214289237096,0.2116482741321522,2.276448112600007,4.352774103889987,0.0,0.32157830890178857,10.961666596199992,COMPLETE
49,9.464247818973318,2.483534265026385,1.849313960476052,2.483534265026385,1.849313960476052,1.815893594037459,0.9796950243987802,0.805384706267614,0.0,4.332690093264904,0.0,0.45904347709750376,9.464247818973318,COMPLETE
50,9.79061061100217,4.127169450168131,1.9757198034271737,4.127169450168131,1.9757198034271737,1.7474940686136347,0.603918083627646,0.30873071319536366,1.1396067438910298,4.338812742518008,0.0,0.26818430927385056,9.79061061100217,COMPLETE
51,9.438343570804204,2.496555427227995,3.3977875575168,2.496555427227995,3.3977875575168,1.8154715037680265,0.9668549908020543,0.7985456145807155,0.0,4.332704941157602,0.0,0.4482528882767406,9.438343570804204,COMPLETE
52,9.54638129563573,2.3943307237971756,2.912406236877309,2.3943307237971756,2.912406236877309,1.8192834978354349,1.004142223957771,0.8501811229447526,0.0,4.332433888404645,0.0,0.46909350808125233,9.54638129563573,COMPLETE
53,9.93501967473479,4.0206295808466725,2.880566299925997,4.0206295808466725,2.880566299925997,1.7522389336894686,0.6126937244937685,0.3257695865655647,1.2314588463256642,4.33836914750369,0.0,0.27470562514553865,9.93501967473479,COMPLETE
54,8.90534959791034,3.131598977818801,4.0134885865011976,3.131598977818801,4.0134885865011976,1.7904762365886462,0.7836184116934747,0.5422619382354301,0.0,4.334717752300213,0.0,0.3479764213735102,8.90534959791034,COMPLETE
55,11.455218179222996,6.220839596391392,4.886154251765587,6.220839596391392,4.886154251765587,1.6464831807392142,0.3516572883097309,0.21306648177457657,2.6297200433610666,4.3531223285492615,0.0,0.3947279171540759,11.455218179222996,COMPLETE
56,10.12799987959281,4.420837167622842,3.5933149668176654,4.420837167622842,3.5933149668176654,1.7340578525602157,0.5478785294201242,0.2683203139285534,1.49261888557047,4.340434026305831,0.0,0.2631676570082484,10.12799987959281,COMPLETE
57,9.52276993580249,2.4085566604641793,4.99655513515336,2.4085566604641793,4.99655513515336,1.8187915866312594,0.9936928876948136,0.8425808372033062,0.0,4.33243300165862,0.0,0.4605937274721923,9.52276993580249,COMPLETE
58,14.49068786988111,8.71813437240841,14.990607470370497,8.71813437240841,14.990607470370497,1.5160712458236967,0.19097420008703198,0.4510612860413493,4.128278791609335,4.382517188510479,0.0,1.3750333183910477,14.49068786988111,COMPLETE
59,21.929946695122467,94.40387067964258,3.071595107460356,94.40387067964258,3.071595107460356,1.203930953484917,0.05291857503323106,2.865575583130501,3.0833579922035015,5.240923040381626,0.04059462561492067,5.584831363988821,21.929946695122467,COMPLETE
60,9.354541591169793,4.896756315545186,1.1454979676545736,4.896756315545186,1.1454979676545736,1.7126131145360426,0.5145262928907365,0.2256254564261276,0.9410407244613418,4.3428548416471795,0.0,0.2268098428437809,9.354541591169793,COMPLETE
61,10.230820269046617,1.8407116954536296,5.909111342612467,1.8407116954536296,5.909111342612467,1.8389226838147716,1.238058432033873,1.193788865145166,0.0,4.331041799487819,0.0,0.5807353223604594,10.230820269046617,COMPLETE
62,8.829728926159412,3.2478067825942674,3.8716950163082022,3.2478067825942674,3.8716950163082022,1.7856738022276217,0.7568030984630018,0.505664486798549,0.0,4.335140135533175,0.0,0.3345941171516521,8.829728926159412,COMPLETE
63,10.86290143449196,1.4603017136385386,1.8164879197238355,1.4603017136385386,1.8164879197238355,1.8512235478352,1.4762616700906181,1.509781987609505,0.0,4.330443841164302,0.0,0.6763007894649067,10.86290143449196,COMPLETE
64,10.550142150955084,4.627804232635473,7.690018378822989,4.627804232635473,7.690018378822989,1.7245345194880635,0.5078388021981438,0.246419027288825,1.8746411857342218,4.341718298777468,0.0,0.2752699463545718,10.550142150955084,COMPLETE
65,10.266158308731855,4.4828863223295725,4.806694286083512,4.4828863223295725,4.806694286083512,1.7312087160725018,0.5341681838497848,0.2611666297310394,1.6182399548657462,4.340824048437914,0.0,0.26663863770124124,10.266158308731855,COMPLETE
66,8.849876394403962,3.219863267556705,3.4824972079633154,3.219863267556705,3.4824972079633154,1.7868140647153967,0.7647493778022395,0.5142936988645728,0.0,4.33503446914378,0.0,0.3393433108811131,8.849876394403962,COMPLETE
67,10.535486975295656,1.645172176387241,4.879423955834643,1.645172176387241,4.879423955834643,1.8453748667382297,1.3492112966925114,1.3466836168038445,0.0,4.330672695114513,0.0,0.6276302368941455,10.535486975295656,COMPLETE
68,9.03566452797041,2.9487150847413517,4.436290176158229,2.9487150847413517,4.436290176158229,1.797905619745936,0.828660260073084,0.6057708840491574,0.0,4.334083515706481,0.0,0.37107140641700903,9.03566452797041,COMPLETE
69,16.323648951738143,21.979681377818487,1.9014936820170516,21.979681377818487,1.9014936820170516,1.2936392115149375,0.08687561988395234,2.1678752164372863,2.5276340053978554,4.689608218093715,0.003210163912516765,2.432816137131299,16.323648951738143,COMPLETE
70,10.517607416389644,5.74301377938142,3.264569662727539,5.74301377938142,3.264569662727539,1.6707166889453269,0.40024294049865006,0.20210639469391195,1.9203596042681612,4.3490388569617835,0.0,0.30054575738422434,10.517607416389644,COMPLETE
71,9.753937006185152,2.2076002590265587,3.145150278223915,2.2076002590265587,3.145150278223915,1.8261218456602992,1.0740907668302453,0.9531287370237965,0.0,4.331947110342875,0.0,0.5049204358827258,9.753937006185152,COMPLETE
72,8.802695765513027,3.3059351831884283,2.5837761389483043,3.3059351831884283,2.5837761389483043,1.783180165615971,0.7502126735323771,0.4887315010933924,0.0,4.335337565789301,0.0,0.33381838099970523,8.802695765513027,COMPLETE
73,8.71497547582256,3.4382779111870723,4.2005362120235805,3.4382779111870723,4.2005362120235805,1.7776928766392088,0.7139703608387287,0.4514454063672457,0.0,4.335873860197274,0.0,0.3135314755419502,8.71497547582256,COMPLETE
74,9.246489908218535,2.6799025181591456,12.142090935474016,2.6799025181591456,12.142090935474016,1.8085403364634032,0.8979949160280516,0.7134538200063086,0.0,4.333141963091377,0.0,0.403640297112172,9.246489908218535,COMPLETE
75,10.351683246983185,4.466255079247851,5.609097688304686,4.466255079247851,5.609097688304686,1.7320077400323726,0.5340839613559308,0.26296072902875145,1.6861528173460378,4.340756225729173,0.0,0.26815281619256714,10.351683246983185,COMPLETE
76,8.872129221435005,3.1724772970325867,5.327148739099406,3.1724772970325867,5.327148739099406,1.78884238973977,0.7703761491360254,0.5288865827828311,0.0,4.334863351687184,0.0,0.33902898794554454,8.872129221435005,COMPLETE
77,9.25121748845215,2.676320075100133,10.39000834080583,2.676320075100133,10.39000834080583,1.8086760548580494,0.8998392482665507,0.7150388641326101,0.0,4.3331461319642175,0.0,0.40535073255301746,9.25121748845215,COMPLETE
78,8.742553227501894,3.3740711058215207,6.690734408803938,3.3740711058215207,6.690734408803938,1.7804890099787598,0.722060582239475,0.4686601900279637,0.0,4.335625678312082,0.0,0.31378692066341823,8.742553227501894,COMPLETE
79,13.130390386829347,7.5666912002092355,9.466164779736415,7.5666912002092355,9.466164779736415,1.5766181615241357,0.2516931252519485,0.31071197472114587,3.606768102930925,4.367164722989917,0.0,0.8090965858342077,13.130390386829347,COMPLETE
80,10.989048199075501,6.6665458782539195,2.566285850732831,6.6665458782539195,2.566285850732831,1.6252157682827781,0.3321510766412866,0.23355457688874778,2.2621998779025794,4.356920110120855,0.0,0.3510047756258137,10.989048199075501,COMPLETE
81,10.478596998504747,3.9436493088367177,6.891886162950988,3.9436493088367177,6.891886162950988,1.7558283505786765,0.6119570203023613,0.338810531272009,1.6697452890787439,4.338096801579917,0.0,0.27442438755550863,10.478596998504747,COMPLETE
82,8.963372423204746,3.0429806649762665,4.94986397524578,3.0429806649762665,4.94986397524578,1.794120981789698,0.8029948850438944,0.572003787884083,0.0,4.3344028249680004,0.0,0.3565387968057713,8.963372423204746,COMPLETE
83,9.16973255074451,2.7726113402024217,7.585702068768833,2.7726113402024217,7.585702068768833,1.8049268159897074,0.8727656549283775,0.674210820475102,0.0,4.333476578748705,0.0,0.39176282759051034,9.16973255074451,COMPLETE
84,9.293103637036616,2.6600651614156163,2.096109969788272,2.6600651614156163,2.096109969788272,1.8091682285408919,0.9211475822580404,0.7229461122551244,0.0,4.333187384486105,0.0,0.42675968973604467,9.293103637036616,COMPLETE
85,11.510371106007385,1.137993324904747,10.23039232689152,1.137993324904747,10.23039232689152,1.8607967496970694,1.7425465086325314,1.8437761095064027,0.0,4.329804523482224,0.0,0.7512011668084227,11.510371106007385,COMPLETE
86,11.752126312729215,7.355092041469026,4.573112141119333,7.355092041469026,4.573112141119333,1.5889028855769058,0.275753006397685,0.2879844369781104,2.6798866479409935,4.364357360436964,0.0,0.5637518500284016,11.752126312729215,COMPLETE
87,9.17545730349494,2.7737076845514186,4.893883988480189,2.7737076845514186,4.893883988480189,1.8048514827184015,0.876184250142774,0.6739125222479448,0.0,4.333509684695093,0.0,0.39632154556829435,9.17545730349494,COMPLETE
88,26.536969185271847,23.657202814156612,22.69831247976502,23.657202814156612,22.69831247976502,1.122456951712833,0.027759933798858775,2.275020762577463,5.397591122606925,4.732714553944367,0.0,9.06700946662964,26.536969185271847,COMPLETE
89,10.001285210113464,5.218038911100209,2.9603478776651717,5.218038911100209,2.9603478776651717,1.6964242277215777,0.4541106725755302,0.2093954014134404,1.4892008073286171,4.345210971786683,0.0,0.26594582357682295,10.001285210113464,COMPLETE
90,9.547432725469942,2.4044558010437247,1.684532889276125,2.4044558010437247,1.684532889276125,1.8188467760192146,1.0084446839595185,0.8453581439277563,0.0,4.332480092566311,0.0,0.4747769424738262,9.547432725469942,COMPLETE
