number,value,params_Dg_dislocation_scale,params_Dg_scale,params_Dv_dislocation_scale,params_Dv_scale,user_attrs_first_gas_pressure_factor,user_attrs_max_Rd_nm,user_attrs_max_f_cap_step,user_attrs_max_psi_d,user_attrs_min_Nd,user_attrs_rho_cfg,user_attrs_score_Nd_drop,user_attrs_score_guards,user_attrs_score_partition,user_attrs_score_pressure,user_attrs_score_radius_T,user_attrs_score_swelling_T,user_attrs_score_swelling_burnup,state
90,62.497830791232126,3.71479270413911,0.5200866726991207,0.8107236118089914,0.25330194089158925,0.3333333333333333,6585.973397384477,0.0,0.8651280175573804,541118778392372.5,"{""rho_mode"": ""rizk2023_smooth_fixed"", ""RHO_RIZK2023_SMOOTH_SCALE"": 0.1, ""RHO_RIZK2023_SMOOTH_RHO_FAB"": 30000000000000.0, ""RHO_RIZK2023_SMOOTH_RHO_AMP"": 750000000000000.0, ""RHO_RIZK2023_SMOOTH_FC_PERCENT"": 3.0, ""RHO_RIZK2023_SMOOTH_T_HALF"": 1550.0, ""RHO_RIZK2023_SMOOTH_WIDTH"": 120.0, ""RHO_RIZK2023_SMOOTH_F_MIN"": 0.08, ""RHO_RIZK2023_SMOOTH_CAP"": 4000000000000000.0}",0.0,9.868468945670338,0.35534920207146964,0.11541064800477283,0.2984762284809339,0.14578896338502578,0.10396168653272246,COMPLETE
91,111.82048186326688,3.2332635295107184,0.3236118447309847,1.5293630487356908,0.23919051139619124,0.3333333333333333,8593.762445494436,0.0,0.8714981266208779,248977860678571.44,"{""rho_mode"": ""rizk2023_smooth_fixed"", ""RHO_RIZK2023_SMOOTH_SCALE"": 0.1, ""RHO_RIZK2023_SMOOTH_RHO_FAB"": 30000000000000.0, ""RHO_RIZK2023_SMOOTH_RHO_AMP"": 750000000000000.0, ""RHO_RIZK2023_SMOOTH_FC_PERCENT"": 3.0, ""RHO_RIZK2023_SMOOTH_T_HALF"": 1550.0, ""RHO_RIZK2023_SMOOTH_WIDTH"": 120.0, ""RHO_RIZK2023_SMOOTH_F_MIN"": 0.08, ""RHO_RIZK2023_SMOOTH_CAP"": 4000000000000000.0}",0.0,19.05705317772227,0.3462821392849194,0.09732968284610799,0.3617208070668793,0.2149590510726986,0.24823464049430788,COMPLETE
92,46.87515680053299,2.870435538665782,0.3627733612020408,0.6936410608240113,0.24160242547591398,0.3333333333333333,5187.916953184637,0.0,0.8593546693397983,1085049791193438.0,"{""rho_mode"": ""rizk2023_smooth_fixed"", ""RHO_RIZK2023_SMOOTH_SCALE"": 0.1, ""RHO_RIZK2023_SMOOTH_RHO_FAB"": 30000000000000.0, ""RHO_RIZK2023_SMOOTH_RHO_AMP"": 750000000000000.0, ""RHO_RIZK2023_SMOOTH_FC_PERCENT"": 3.0, ""RHO_RIZK2023_SMOOTH_T_HALF"": 1550.0, ""RHO_RIZK2023_SMOOTH_WIDTH"": 120.0, ""RHO_RIZK2023_SMOOTH_F_MIN"": 0.08, ""RHO_RIZK2023_SMOOTH_CAP"": 4000000000000000.0}",0.0,5.2437704210496054,0.41430296819582946,0.0764810563895164,0.410612962630724,0.3337522008654763,0.3434818380767177,COMPLETE
93,114.70243043403651,3.4823149993724836,0.3190025114253785,0.6755470866302355,0.5343054754502565,0.3333333333333333,8757.931255427344,0.0,0.8718463112445517,235519352221252.53,"{""rho_mode"": ""rizk2023_smooth_fixed"", ""RHO_RIZK2023_SMOOTH_SCALE"": 0.1, ""RHO_RIZK2023_SMOOTH_RHO_FAB"": 30000000000000.0, ""RHO_RIZK2023_SMOOTH_RHO_AMP"": 750000000000000.0, ""RHO_RIZK2023_SMOOTH_FC_PERCENT"": 3.0, ""RHO_RIZK2023_SMOOTH_T_HALF"": 1550.0, ""RHO_RIZK2023_SMOOTH_WIDTH"": 120.0, ""RHO_RIZK2023_SMOOTH_F_MIN"": 0.08, ""RHO_RIZK2023_SMOOTH_CAP"": 4000000000000000.0}",0.0,19.941977182776938,0.3154729249357692,0.10517438757016012,0.3390482174326761,0.17891182127700148,0.1912684092540507,COMPLETE
94,70.3387824212446,6.558597158152623,0.31214210775603657,0.6671115967106319,0.2975162475688291,0.3333333333333333,7112.786606001656,0.0,0.8667537863486381,431995571699973.3,"{""rho_mode"": ""rizk2023_smooth_fixed"", ""RHO_RIZK2023_SMOOTH_SCALE"": 0.1, ""RHO_RIZK2023_SMOOTH_RHO_FAB"": 30000000000000.0, ""RHO_RIZK2023_SMOOTH_RHO_AMP"": 750000000000000.0, ""RHO_RIZK2023_SMOOTH_FC_PERCENT"": 3.0, ""RHO_RIZK2023_SMOOTH_T_HALF"": 1550.0, ""RHO_RIZK2023_SMOOTH_WIDTH"": 120.0, ""RHO_RIZK2023_SMOOTH_F_MIN"": 0.08, ""RHO_RIZK2023_SMOOTH_CAP"": 4000000000000000.0}",0.0,11.991856508560076,0.6792210637054445,0.17304492785937423,0.19482894174874657,0.11148574892593989,0.09420852848731644,COMPLETE
95,68.97257589392075,0.7023363823654784,0.28918149805326737,1.5335102897046746,2.9799929537362875,0.3333333333333333,112.79088390407811,0.0,0.4199507345802229,1.2124895799636636e+19,"{""rho_mode"": ""rizk2023_smooth_fixed"", ""RHO_RIZK2023_SMOOTH_SCALE"": 0.1, ""RHO_RIZK2023_SMOOTH_RHO_FAB"": 30000000000000.0, ""RHO_RIZK2023_SMOOTH_RHO_AMP"": 750000000000000.0, ""RHO_RIZK2023_SMOOTH_FC_PERCENT"": 3.0, ""RHO_RIZK2023_SMOOTH_T_HALF"": 1550.0, ""RHO_RIZK2023_SMOOTH_WIDTH"": 120.0, ""RHO_RIZK2023_SMOOTH_F_MIN"": 0.08, ""RHO_RIZK2023_SMOOTH_CAP"": 4000000000000000.0}",0.012462396414374211,0.0,2.877554546331335,5.268982332216326e-09,0.8836672401009136,1.5922460858672256,1.9787421310786621,COMPLETE
96,89.2889673181484,2.557316180080046,0.5994714943282319,1.0452489445184345,0.30591977086874206,0.3333333333333333,7587.36145159508,0.0,0.868751332842929,358364945346968.9,"{""rho_mode"": ""rizk2023_smooth_fixed"", ""RHO_RIZK2023_SMOOTH_SCALE"": 0.1, ""RHO_RIZK2023_SMOOTH_RHO_FAB"": 30000000000000.0, ""RHO_RIZK2023_SMOOTH_RHO_AMP"": 750000000000000.0, ""RHO_RIZK2023_SMOOTH_FC_PERCENT"": 3.0, ""RHO_RIZK2023_SMOOTH_T_HALF"": 1550.0, ""RHO_RIZK2023_SMOOTH_WIDTH"": 120.0, ""RHO_RIZK2023_SMOOTH_F_MIN"": 0.08, ""RHO_RIZK2023_SMOOTH_CAP"": 4000000000000000.0}",0.0,14.074703922814901,0.46822788105411883,0.08379256062665556,0.38981085344832156,0.27076612340828443,0.3173234286695328,COMPLETE
97,39.15979023520978,2.6910810613710288,0.4360260702654266,0.5963941841990619,0.22527322193875118,0.3333333333333333,4489.507914972694,0.0,0.855472671603031,1651709197790072.2,"{""rho_mode"": ""rizk2023_smooth_fixed"", ""RHO_RIZK2023_SMOOTH_SCALE"": 0.1, ""RHO_RIZK2023_SMOOTH_RHO_FAB"": 30000000000000.0, ""RHO_RIZK2023_SMOOTH_RHO_AMP"": 750000000000000.0, ""RHO_RIZK2023_SMOOTH_FC_PERCENT"": 3.0, ""RHO_RIZK2023_SMOOTH_T_HALF"": 1550.0, ""RHO_RIZK2023_SMOOTH_WIDTH"": 120.0, ""RHO_RIZK2023_SMOOTH_F_MIN"": 0.08, ""RHO_RIZK2023_SMOOTH_CAP"": 4000000000000000.0}",0.0,3.477828159954734,0.44963531617926134,0.073388901301253,0.42199037778436593,0.366082968516319,0.36698388173971513,COMPLETE
98,39.69032573168953,2.386069591689751,0.2513028384811285,0.5691347114352773,0.21977485367801006,0.3333333333333333,3794.6709381990763,0.0,0.8507635306793441,2690392364479920.5,"{""rho_mode"": ""rizk2023_smooth_fixed"", ""RHO_RIZK2023_SMOOTH_SCALE"": 0.1, ""RHO_RIZK2023_SMOOTH_RHO_FAB"": 30000000000000.0, ""RHO_RIZK2023_SMOOTH_RHO_AMP"": 750000000000000.0, ""RHO_RIZK2023_SMOOTH_FC_PERCENT"": 3.0, ""RHO_RIZK2023_SMOOTH_T_HALF"": 1550.0, ""RHO_RIZK2023_SMOOTH_WIDTH"": 120.0, ""RHO_RIZK2023_SMOOTH_F_MIN"": 0.08, ""RHO_RIZK2023_SMOOTH_CAP"": 4000000000000000.0}",0.0,2.080723021451695,0.6369614808556932,0.0516896933236023,0.5074740315381987,0.573101199412219,0.6378915541500387,COMPLETE
99,52.988059006961045,2.3480920646805488,0.31340278903416185,0.8144442095092174,0.247826392102878,0.3333333333333333,5174.064755510539,0.0,0.8594434543323332,1094127002058553.5,"{""rho_mode"": ""rizk2023_smooth_fixed"", ""RHO_RIZK2023_SMOOTH_SCALE"": 0.1, ""RHO_RIZK2023_SMOOTH_RHO_FAB"": 30000000000000.0, ""RHO_RIZK2023_SMOOTH_RHO_AMP"": 750000000000000.0, ""RHO_RIZK2023_SMOOTH_FC_PERCENT"": 3.0, ""RHO_RIZK2023_SMOOTH_T_HALF"": 1550.0, ""RHO_RIZK2023_SMOOTH_WIDTH"": 120.0, ""RHO_RIZK2023_SMOOTH_F_MIN"": 0.08, ""RHO_RIZK2023_SMOOTH_CAP"": 4000000000000000.0}",0.0,5.205228501432564,0.614532449281089,0.05755792471737874,0.4833286302492723,0.49871584564813387,0.5865854067967332,COMPLETE
