number,value,params_Dg_dislocation_scale,params_Dg_scale,params_Dv_dislocation_scale,params_Dv_scale,user_attrs_first_gas_pressure_factor,user_attrs_max_Rd_nm,user_attrs_max_f_cap_step,user_attrs_max_psi_d,user_attrs_min_Nd,user_attrs_rho_cfg,user_attrs_score_Nd_drop,user_attrs_score_guards,user_attrs_score_partition,user_attrs_score_pressure,user_attrs_score_radius_T,user_attrs_score_swelling_T,user_attrs_score_swelling_burnup,state
30,159.8110012761669,1.0057463629846872,1.3445034922271113,3.496623681961329,0.30916361208642396,0.3333333333333333,9470.630038930502,0.0,0.8751104605302695,188349035775780.78,"{""rho_mode"": ""rizk2023_smooth_fixed"", ""RHO_RIZK2023_SMOOTH_SCALE"": 0.1, ""RHO_RIZK2023_SMOOTH_RHO_FAB"": 30000000000000.0, ""RHO_RIZK2023_SMOOTH_RHO_AMP"": 750000000000000.0, ""RHO_RIZK2023_SMOOTH_FC_PERCENT"": 3.0, ""RHO_RIZK2023_SMOOTH_T_HALF"": 1550.0, ""RHO_RIZK2023_SMOOTH_WIDTH"": 120.0, ""RHO_RIZK2023_SMOOTH_F_MIN"": 0.08, ""RHO_RIZK2023_SMOOTH_CAP"": 4000000000000000.0}",0.0006867299812907887,24.00167771594328,1.4077097171210198,0.04566743879908692,0.6102568377875217,0.8057068653232458,1.111630301207148,COMPLETE
31,63.45003190560793,0.5120721846872589,1.390583663002795,13.754247478786127,0.43517002763874146,0.3333333333333333,129.5212788843773,0.0,0.46257968804455396,1.0875461505951644e+19,"{""rho_mode"": ""rizk2023_smooth_fixed"", ""RHO_RIZK2023_SMOOTH_SCALE"": 0.1, ""RHO_RIZK2023_SMOOTH_RHO_FAB"": 30000000000000.0, ""RHO_RIZK2023_SMOOTH_RHO_AMP"": 750000000000000.0, ""RHO_RIZK2023_SMOOTH_FC_PERCENT"": 3.0, ""RHO_RIZK2023_SMOOTH_T_HALF"": 1550.0, ""RHO_RIZK2023_SMOOTH_WIDTH"": 120.0, ""RHO_RIZK2023_SMOOTH_F_MIN"": 0.08, ""RHO_RIZK2023_SMOOTH_CAP"": 4000000000000000.0}",0.009882998747335043,0.0,2.4178244800326345,2.1425608311775642e-07,0.8380744891733652,1.46021669469013,1.8450481828767191,COMPLETE
32,49.03701323019414,0.6287273189631968,2.717119641905863,8.148368234560625,0.2090654433910447,0.3333333333333333,190.13553910236863,0.0,0.5714910566405168,6.482608655608614e+18,"{""rho_mode"": ""rizk2023_smooth_fixed"", ""RHO_RIZK2023_SMOOTH_SCALE"": 0.1, ""RHO_RIZK2023_SMOOTH_RHO_FAB"": 30000000000000.0, ""RHO_RIZK2023_SMOOTH_RHO_AMP"": 750000000000000.0, ""RHO_RIZK2023_SMOOTH_FC_PERCENT"": 3.0, ""RHO_RIZK2023_SMOOTH_T_HALF"": 1550.0, ""RHO_RIZK2023_SMOOTH_WIDTH"": 120.0, ""RHO_RIZK2023_SMOOTH_F_MIN"": 0.08, ""RHO_RIZK2023_SMOOTH_CAP"": 4000000000000000.0}",0.003639263804877299,0.0,1.7797467366586661,1.3945721444637903e-05,0.7013696003658934,1.0619238975347545,1.4163734809223674,COMPLETE
33,389.7710169141396,1.1674929544317,2.8916430576782584,7.0126120062124855,0.22047637504013987,0.3333333333333333,15391.02415846698,0.0,0.8853402426997906,45440117636283.664,"{""rho_mode"": ""rizk2023_smooth_fixed"", ""RHO_RIZK2023_SMOOTH_SCALE"": 0.1, ""RHO_RIZK2023_SMOOTH_RHO_FAB"": 30000000000000.0, ""RHO_RIZK2023_SMOOTH_RHO_AMP"": 750000000000000.0, ""RHO_RIZK2023_SMOOTH_FC_PERCENT"": 3.0, ""RHO_RIZK2023_SMOOTH_T_HALF"": 1550.0, ""RHO_RIZK2023_SMOOTH_WIDTH"": 120.0, ""RHO_RIZK2023_SMOOTH_F_MIN"": 0.08, ""RHO_RIZK2023_SMOOTH_CAP"": 4000000000000000.0}",0.0,72.3845915574512,1.0506654386111993,0.07685003726623962,0.4833573348498854,0.47022494258983616,0.7139938764904495,COMPLETE
34,71.2440227071725,0.5217249298699407,0.6677452427610774,4.802514829976178,0.5945095631392354,0.3333333333333333,112.0722665169195,0.0,0.41797311428341377,1.2185526128274493e+19,"{""rho_mode"": ""rizk2023_smooth_fixed"", ""RHO_RIZK2023_SMOOTH_SCALE"": 0.1, ""RHO_RIZK2023_SMOOTH_RHO_FAB"": 30000000000000.0, ""RHO_RIZK2023_SMOOTH_RHO_AMP"": 750000000000000.0, ""RHO_RIZK2023_SMOOTH_FC_PERCENT"": 3.0, ""RHO_RIZK2023_SMOOTH_T_HALF"": 1550.0, ""RHO_RIZK2023_SMOOTH_WIDTH"": 120.0, ""RHO_RIZK2023_SMOOTH_F_MIN"": 0.08, ""RHO_RIZK2023_SMOOTH_CAP"": 4000000000000000.0}",0.012839046755249564,0.0,2.892137169132801,4.6660704831309834e-08,0.907178957027653,1.6647629624600564,2.0505636697050553,COMPLETE
35,48.87733419280537,0.6690014095700061,2.2099249253646813,7.078106271547741,0.2307427747274295,0.3333333333333333,189.03188307910952,0.0,0.5700119679813906,6.545730661873451e+18,"{""rho_mode"": ""rizk2023_smooth_fixed"", ""RHO_RIZK2023_SMOOTH_SCALE"": 0.1, ""RHO_RIZK2023_SMOOTH_RHO_FAB"": 30000000000000.0, ""RHO_RIZK2023_SMOOTH_RHO_AMP"": 750000000000000.0, ""RHO_RIZK2023_SMOOTH_FC_PERCENT"": 3.0, ""RHO_RIZK2023_SMOOTH_T_HALF"": 1550.0, ""RHO_RIZK2023_SMOOTH_WIDTH"": 120.0, ""RHO_RIZK2023_SMOOTH_F_MIN"": 0.08, ""RHO_RIZK2023_SMOOTH_CAP"": 4000000000000000.0}",0.0037210069471053254,0.0,1.7583060314059515,1.5875352972868212e-05,0.7003862066878148,1.0588551225046952,1.4118510690326451,COMPLETE
36,66.54977050886731,0.6053898158163327,0.5959522015772932,1.4756931365023456,3.9421506915978357,0.3333333333333333,119.36269199019239,0.0,0.4374574997356354,1.170371985025272e+19,"{""rho_mode"": ""rizk2023_smooth_fixed"", ""RHO_RIZK2023_SMOOTH_SCALE"": 0.1, ""RHO_RIZK2023_SMOOTH_RHO_FAB"": 30000000000000.0, ""RHO_RIZK2023_SMOOTH_RHO_AMP"": 750000000000000.0, ""RHO_RIZK2023_SMOOTH_FC_PERCENT"": 3.0, ""RHO_RIZK2023_SMOOTH_T_HALF"": 1550.0, ""RHO_RIZK2023_SMOOTH_WIDTH"": 120.0, ""RHO_RIZK2023_SMOOTH_F_MIN"": 0.08, ""RHO_RIZK2023_SMOOTH_CAP"": 4000000000000000.0}",0.011426152889568551,0.0,2.654747706648486,5.975148339709136e-09,0.8644126473392109,1.536252794873201,1.9223789888615799,COMPLETE
37,2943.871276262668,1.3471052160158283,4.6584318359905845,21.918626308400995,0.28471002744058416,0.3333333333333333,40941.5921076779,0.0,0.9057360146940786,2584771281916.092,"{""rho_mode"": ""rizk2023_smooth_fixed"", ""RHO_RIZK2023_SMOOTH_SCALE"": 0.1, ""RHO_RIZK2023_SMOOTH_RHO_FAB"": 30000000000000.0, ""RHO_RIZK2023_SMOOTH_RHO_AMP"": 750000000000000.0, ""RHO_RIZK2023_SMOOTH_FC_PERCENT"": 3.0, ""RHO_RIZK2023_SMOOTH_T_HALF"": 1550.0, ""RHO_RIZK2023_SMOOTH_WIDTH"": 120.0, ""RHO_RIZK2023_SMOOTH_F_MIN"": 0.08, ""RHO_RIZK2023_SMOOTH_CAP"": 4000000000000000.0}",0.0,584.9802358766523,0.8779542657222082,0.15957256237471476,0.37134605618195893,0.23103816921167428,0.4155164501727381,COMPLETE
38,47.95915412088976,0.6710802925001427,2.4928249988969515,4.475950837744704,0.2321916930577843,0.3333333333333333,202.10197504257115,0.0,0.5866245183846238,5.838218565627222e+18,"{""rho_mode"": ""rizk2023_smooth_fixed"", ""RHO_RIZK2023_SMOOTH_SCALE"": 0.1, ""RHO_RIZK2023_SMOOTH_RHO_FAB"": 30000000000000.0, ""RHO_RIZK2023_SMOOTH_RHO_AMP"": 750000000000000.0, ""RHO_RIZK2023_SMOOTH_FC_PERCENT"": 3.0, ""RHO_RIZK2023_SMOOTH_T_HALF"": 1550.0, ""RHO_RIZK2023_SMOOTH_WIDTH"": 120.0, ""RHO_RIZK2023_SMOOTH_F_MIN"": 0.08, ""RHO_RIZK2023_SMOOTH_CAP"": 4000000000000000.0}",0.0031276382300356935,0.0,1.7178188828805985,8.802112743833845e-05,0.6911474510089063,1.03489841877039,1.3716537263305137,COMPLETE
39,120.56584047218588,14.669084653051726,0.585759199603265,0.7905116966765432,0.31607460561704653,0.3333333333333333,8682.581893494467,0.0,0.8711210101622592,241101654832268.53,"{""rho_mode"": ""rizk2023_smooth_fixed"", ""RHO_RIZK2023_SMOOTH_SCALE"": 0.1, ""RHO_RIZK2023_SMOOTH_RHO_FAB"": 30000000000000.0, ""RHO_RIZK2023_SMOOTH_RHO_AMP"": 750000000000000.0, ""RHO_RIZK2023_SMOOTH_FC_PERCENT"": 3.0, ""RHO_RIZK2023_SMOOTH_T_HALF"": 1550.0, ""RHO_RIZK2023_SMOOTH_WIDTH"": 120.0, ""RHO_RIZK2023_SMOOTH_F_MIN"": 0.08, ""RHO_RIZK2023_SMOOTH_CAP"": 4000000000000000.0}",0.0,19.550634448443486,4.666892145252104,0.2901350079142192,0.08946907256051688,0.2756049926489865,0.3256847565026819,COMPLETE
40,54.62680030955647,0.6182122442647485,1.8181613282708062,2.2130185341466477,0.23503266772667455,0.3333333333333333,160.33851834354357,0.0,0.525705035321031,8.414420333985094e+18,"{""rho_mode"": ""rizk2023_smooth_fixed"", ""RHO_RIZK2023_SMOOTH_SCALE"": 0.1, ""RHO_RIZK2023_SMOOTH_RHO_FAB"": 30000000000000.0, ""RHO_RIZK2023_SMOOTH_RHO_AMP"": 750000000000000.0, ""RHO_RIZK2023_SMOOTH_FC_PERCENT"": 3.0, ""RHO_RIZK2023_SMOOTH_T_HALF"": 1550.0, ""RHO_RIZK2023_SMOOTH_WIDTH"": 120.0, ""RHO_RIZK2023_SMOOTH_F_MIN"": 0.08, ""RHO_RIZK2023_SMOOTH_CAP"": 4000000000000000.0}",0.005830089951940013,0.0,1.9509814183885916,0.00016863203461628084,0.7559642538401471,1.2267000489671809,1.5578437828320855,COMPLETE
41,47.88097357818449,0.7469262801203618,1.6563637434591256,5.829932023838024,0.23369021698177125,0.3333333333333333,195.22829928619228,0.0,0.5781317619772518,6.199598534817498e+18,"{""rho_mode"": ""rizk2023_smooth_fixed"", ""RHO_RIZK2023_SMOOTH_SCALE"": 0.1, ""RHO_RIZK2023_SMOOTH_RHO_FAB"": 30000000000000.0, ""RHO_RIZK2023_SMOOTH_RHO_AMP"": 750000000000000.0, ""RHO_RIZK2023_SMOOTH_FC_PERCENT"": 3.0, ""RHO_RIZK2023_SMOOTH_T_HALF"": 1550.0, ""RHO_RIZK2023_SMOOTH_WIDTH"": 120.0, ""RHO_RIZK2023_SMOOTH_F_MIN"": 0.08, ""RHO_RIZK2023_SMOOTH_CAP"": 4000000000000000.0}",0.0034651204615320716,0.0,1.6975445494571553,3.760222566312039e-05,0.691406425737203,1.033279012279046,1.3787967496595837,COMPLETE
42,4861.8708312916915,22.216286487789336,0.278691288280559,1.0984949835202402,3.718396617941519,0.3333333333333333,51379.115073225636,0.0,0.9049898260686042,1304615762839.7312,"{""rho_mode"": ""rizk2023_smooth_fixed"", ""RHO_RIZK2023_SMOOTH_SCALE"": 0.1, ""RHO_RIZK2023_SMOOTH_RHO_FAB"": 30000000000000.0, ""RHO_RIZK2023_SMOOTH_RHO_AMP"": 750000000000000.0, ""RHO_RIZK2023_SMOOTH_FC_PERCENT"": 3.0, ""RHO_RIZK2023_SMOOTH_T_HALF"": 1550.0, ""RHO_RIZK2023_SMOOTH_WIDTH"": 120.0, ""RHO_RIZK2023_SMOOTH_F_MIN"": 0.08, ""RHO_RIZK2023_SMOOTH_CAP"": 4000000000000000.0}",1.674569331524451,965.4141365708689,6.067055237320389,0.457489356730492,0.005683253280277904,0.714213850365299,0.8494340971787729,COMPLETE
43,279.8610716626394,1.623554317967354,1.4699139618588342,4.412351936774601,0.22731225489352389,0.3333333333333333,13179.78153954887,0.0,0.8814817795556773,71421139486854.3,"{""rho_mode"": ""rizk2023_smooth_fixed"", ""RHO_RIZK2023_SMOOTH_SCALE"": 0.1, ""RHO_RIZK2023_SMOOTH_RHO_FAB"": 30000000000000.0, ""RHO_RIZK2023_SMOOTH_RHO_AMP"": 750000000000000.0, ""RHO_RIZK2023_SMOOTH_FC_PERCENT"": 3.0, ""RHO_RIZK2023_SMOOTH_T_HALF"": 1550.0, ""RHO_RIZK2023_SMOOTH_WIDTH"": 120.0, ""RHO_RIZK2023_SMOOTH_F_MIN"": 0.08, ""RHO_RIZK2023_SMOOTH_CAP"": 4000000000000000.0}",0.0,51.278594584116,0.7761199603890108,0.08513500603179505,0.4398966329891414,0.3656482926094489,0.5447390129973346,COMPLETE
44,15509.495616535023,15.567235451085775,0.3564061506973618,11.0227226029194,0.8187942352603923,0.3333333333333333,90902.77262289076,0.0,0.9155950992329328,243944134099.8824,"{""rho_mode"": ""rizk2023_smooth_fixed"", ""RHO_RIZK2023_SMOOTH_SCALE"": 0.1, ""RHO_RIZK2023_SMOOTH_RHO_FAB"": 30000000000000.0, ""RHO_RIZK2023_SMOOTH_RHO_AMP"": 750000000000000.0, ""RHO_RIZK2023_SMOOTH_FC_PERCENT"": 3.0, ""RHO_RIZK2023_SMOOTH_T_HALF"": 1550.0, ""RHO_RIZK2023_SMOOTH_WIDTH"": 120.0, ""RHO_RIZK2023_SMOOTH_F_MIN"": 0.08, ""RHO_RIZK2023_SMOOTH_CAP"": 4000000000000000.0}",3.2644636868182566,3095.4111960956707,4.43400191845362,0.540207584499657,0.004089777986313508,0.7964918424024815,0.9126606857617268,COMPLETE
45,54.57080052420239,0.540359641105953,2.8677015287799827,3.5029886049263883,0.20133599806562213,0.3333333333333333,163.49152407571376,0.0,0.5311776290835979,8.187380834733668e+18,"{""rho_mode"": ""rizk2023_smooth_fixed"", ""RHO_RIZK2023_SMOOTH_SCALE"": 0.1, ""RHO_RIZK2023_SMOOTH_RHO_FAB"": 30000000000000.0, ""RHO_RIZK2023_SMOOTH_RHO_AMP"": 750000000000000.0, ""RHO_RIZK2023_SMOOTH_FC_PERCENT"": 3.0, ""RHO_RIZK2023_SMOOTH_T_HALF"": 1550.0, ""RHO_RIZK2023_SMOOTH_WIDTH"": 120.0, ""RHO_RIZK2023_SMOOTH_F_MIN"": 0.08, ""RHO_RIZK2023_SMOOTH_CAP"": 4000000000000000.0}",0.005546920959164683,0.0,1.975303762924763,7.393666973183807e-05,0.7546780212105202,1.221889555476155,1.5639100924400773,COMPLETE
46,61.13273832333856,0.5612952225397106,1.2776640821508838,6.7379311461988864,0.24557876035877674,0.3333333333333333,134.8634139275109,0.0,0.4748815114460314,1.0422807761629112e+19,"{""rho_mode"": ""rizk2023_smooth_fixed"", ""RHO_RIZK2023_SMOOTH_SCALE"": 0.1, ""RHO_RIZK2023_SMOOTH_RHO_FAB"": 30000000000000.0, ""RHO_RIZK2023_SMOOTH_RHO_AMP"": 750000000000000.0, ""RHO_RIZK2023_SMOOTH_FC_PERCENT"": 3.0, ""RHO_RIZK2023_SMOOTH_T_HALF"": 1550.0, ""RHO_RIZK2023_SMOOTH_WIDTH"": 120.0, ""RHO_RIZK2023_SMOOTH_F_MIN"": 0.08, ""RHO_RIZK2023_SMOOTH_CAP"": 4000000000000000.0}",0.009000870750489007,0.0,2.2981483103402582,7.353234061430581e-07,0.8164451715842911,1.398453072237522,1.771375629339961,COMPLETE
47,59.18576134344268,0.979104960036922,0.20177137563820383,4.705398700102519,4.911513786602386,0.3333333333333333,131.06321314825092,0.0,0.4661998874508101,1.0744481215570625e+19,"{""rho_mode"": ""rizk2023_smooth_fixed"", ""RHO_RIZK2023_SMOOTH_SCALE"": 0.1, ""RHO_RIZK2023_SMOOTH_RHO_FAB"": 30000000000000.0, ""RHO_RIZK2023_SMOOTH_RHO_AMP"": 750000000000000.0, ""RHO_RIZK2023_SMOOTH_FC_PERCENT"": 3.0, ""RHO_RIZK2023_SMOOTH_T_HALF"": 1550.0, ""RHO_RIZK2023_SMOOTH_WIDTH"": 120.0, ""RHO_RIZK2023_SMOOTH_F_MIN"": 0.08, ""RHO_RIZK2023_SMOOTH_CAP"": 4000000000000000.0}",0.009219128899028097,0.0,2.3387505518547584,6.334594295883654e-09,0.7958994608787965,1.3286285623137737,1.7153450444549247,COMPLETE
48,50.981694325350304,0.9786292130029859,0.4198015159738895,4.515413874584407,2.9935425752542604,0.3333333333333333,160.31375218457492,0.0,0.5256676175491806,8.416523227278027e+18,"{""rho_mode"": ""rizk2023_smooth_fixed"", ""RHO_RIZK2023_SMOOTH_SCALE"": 0.1, ""RHO_RIZK2023_SMOOTH_RHO_FAB"": 30000000000000.0, ""RHO_RIZK2023_SMOOTH_RHO_AMP"": 750000000000000.0, ""RHO_RIZK2023_SMOOTH_FC_PERCENT"": 3.0, ""RHO_RIZK2023_SMOOTH_T_HALF"": 1550.0, ""RHO_RIZK2023_SMOOTH_WIDTH"": 120.0, ""RHO_RIZK2023_SMOOTH_F_MIN"": 0.08, ""RHO_RIZK2023_SMOOTH_CAP"": 4000000000000000.0}",0.005754043658883188,0.0,1.8580085037528449,2.1845046082519647e-08,0.7216216113652147,1.1130995871478082,1.4941516865046807,COMPLETE
49,306.0655340911355,1.2576818541895103,3.953500614371321,3.007854622497408,0.3741784068533243,0.3333333333333333,13763.62364177882,0.0,0.8825311530025918,62936582860273.41,"{""rho_mode"": ""rizk2023_smooth_fixed"", ""RHO_RIZK2023_SMOOTH_SCALE"": 0.1, ""RHO_RIZK2023_SMOOTH_RHO_FAB"": 30000000000000.0, ""RHO_RIZK2023_SMOOTH_RHO_AMP"": 750000000000000.0, ""RHO_RIZK2023_SMOOTH_FC_PERCENT"": 3.0, ""RHO_RIZK2023_SMOOTH_T_HALF"": 1550.0, ""RHO_RIZK2023_SMOOTH_WIDTH"": 120.0, ""RHO_RIZK2023_SMOOTH_F_MIN"": 0.08, ""RHO_RIZK2023_SMOOTH_CAP"": 4000000000000000.0}",0.0,56.493433800854476,0.9431278495895133,0.08307491407210657,0.435230221234774,0.35460636075489765,0.5368727718812804,COMPLETE
50,8989.22339201069,1.5069224736888598,0.21903614064298788,9.71210316440885,3.246616123942653,0.3333333333333333,70827.54931204325,0.0,0.9268074035927295,534900776667.17505,"{""rho_mode"": ""rizk2023_smooth_fixed"", ""RHO_RIZK2023_SMOOTH_SCALE"": 0.1, ""RHO_RIZK2023_SMOOTH_RHO_FAB"": 30000000000000.0, ""RHO_RIZK2023_SMOOTH_RHO_AMP"": 750000000000000.0, ""RHO_RIZK2023_SMOOTH_FC_PERCENT"": 3.0, ""RHO_RIZK2023_SMOOTH_T_HALF"": 1550.0, ""RHO_RIZK2023_SMOOTH_WIDTH"": 120.0, ""RHO_RIZK2023_SMOOTH_F_MIN"": 0.08, ""RHO_RIZK2023_SMOOTH_CAP"": 4000000000000000.0}",0.001850235078362663,1789.7051246833514,1.385672248166507,0.12804746684478618,0.6230372762241786,0.8260115026345409,1.2004309256338346,COMPLETE
51,709.8135304258544,1.2270429312004056,2.5822618412452196,12.068735957797523,0.20390089302682404,0.3333333333333333,20608.889532773024,0.0,0.8916516639298628,19334515324626.203,"{""rho_mode"": ""rizk2023_smooth_fixed"", ""RHO_RIZK2023_SMOOTH_SCALE"": 0.1, ""RHO_RIZK2023_SMOOTH_RHO_FAB"": 30000000000000.0, ""RHO_RIZK2023_SMOOTH_RHO_AMP"": 750000000000000.0, ""RHO_RIZK2023_SMOOTH_FC_PERCENT"": 3.0, ""RHO_RIZK2023_SMOOTH_T_HALF"": 1550.0, ""RHO_RIZK2023_SMOOTH_WIDTH"": 120.0, ""RHO_RIZK2023_SMOOTH_F_MIN"": 0.08, ""RHO_RIZK2023_SMOOTH_CAP"": 4000000000000000.0}",0.0,136.63690371873818,1.007722354636004,0.09313166990957654,0.4701445495284868,0.43580961999927426,0.6921842125058357,COMPLETE
52,209.6481345068423,0.8116943354726582,2.1160701385994867,4.974668795826,0.38796537219960314,0.3333333333333333,10915.801923036977,0.0,0.8794380880830349,124841869582083.08,"{""rho_mode"": ""rizk2023_smooth_fixed"", ""RHO_RIZK2023_SMOOTH_SCALE"": 0.1, ""RHO_RIZK2023_SMOOTH_RHO_FAB"": 30000000000000.0, ""RHO_RIZK2023_SMOOTH_RHO_AMP"": 750000000000000.0, ""RHO_RIZK2023_SMOOTH_FC_PERCENT"": 3.0, ""RHO_RIZK2023_SMOOTH_T_HALF"": 1550.0, ""RHO_RIZK2023_SMOOTH_WIDTH"": 120.0, ""RHO_RIZK2023_SMOOTH_F_MIN"": 0.08, ""RHO_RIZK2023_SMOOTH_CAP"": 4000000000000000.0}",0.0014106816516282629,33.40818168368536,1.6014061037190548,0.04620858753167509,0.6358562924854794,0.8733928396141709,1.2125482820530298,COMPLETE
53,45.63386293013565,0.6714870325404556,3.0148948285298225,8.611551838291824,0.2220255508417004,0.3333333333333333,233.33309136318698,0.0,0.6194582011034727,4.4670252460547625e+18,"{""rho_mode"": ""rizk2023_smooth_fixed"", ""RHO_RIZK2023_SMOOTH_SCALE"": 0.1, ""RHO_RIZK2023_SMOOTH_RHO_FAB"": 30000000000000.0, ""RHO_RIZK2023_SMOOTH_RHO_AMP"": 750000000000000.0, ""RHO_RIZK2023_SMOOTH_FC_PERCENT"": 3.0, ""RHO_RIZK2023_SMOOTH_T_HALF"": 1550.0, ""RHO_RIZK2023_SMOOTH_WIDTH"": 120.0, ""RHO_RIZK2023_SMOOTH_F_MIN"": 0.08, ""RHO_RIZK2023_SMOOTH_CAP"": 4000000000000000.0}",0.0023096280348608484,0.0,1.6723285195436712,2.1864060632149115e-05,0.6674880105735883,0.9639099849575617,1.3128606770676927,COMPLETE
54,2522.625553604592,15.395303599580847,1.57710022072201,2.152531387056767,1.214769060717033,0.3333333333333333,37384.91248714668,0.0,0.89930497069989,3323098904496.3438,"{""rho_mode"": ""rizk2023_smooth_fixed"", ""RHO_RIZK2023_SMOOTH_SCALE"": 0.1, ""RHO_RIZK2023_SMOOTH_RHO_FAB"": 30000000000000.0, ""RHO_RIZK2023_SMOOTH_RHO_AMP"": 750000000000000.0, ""RHO_RIZK2023_SMOOTH_FC_PERCENT"": 3.0, ""RHO_RIZK2023_SMOOTH_T_HALF"": 1550.0, ""RHO_RIZK2023_SMOOTH_WIDTH"": 120.0, ""RHO_RIZK2023_SMOOTH_F_MIN"": 0.08, ""RHO_RIZK2023_SMOOTH_CAP"": 4000000000000000.0}",0.9619221244006375,497.7129812878822,6.376629264858676,0.4051219691066979,0.010284848925950945,0.647723307624269,0.7816647190340702,COMPLETE
55,350.0942700614561,0.7586084825305222,3.1703730568560182,5.533460631171457,0.4529419205131525,0.3333333333333333,14331.850131543419,0.0,0.8852723495021345,56264610351263.79,"{""rho_mode"": ""rizk2023_smooth_fixed"", ""RHO_RIZK2023_SMOOTH_SCALE"": 0.1, ""RHO_RIZK2023_SMOOTH_RHO_FAB"": 30000000000000.0, ""RHO_RIZK2023_SMOOTH_RHO_AMP"": 750000000000000.0, ""RHO_RIZK2023_SMOOTH_FC_PERCENT"": 3.0, ""RHO_RIZK2023_SMOOTH_T_HALF"": 1550.0, ""RHO_RIZK2023_SMOOTH_WIDTH"": 120.0, ""RHO_RIZK2023_SMOOTH_F_MIN"": 0.08, ""RHO_RIZK2023_SMOOTH_CAP"": 4000000000000000.0}",0.0008570203110157687,61.815083622144314,1.5980011410352641,0.056004940829678745,0.6181465263819326,0.8229976721313232,1.1640658425590908,COMPLETE
56,3089.8132704662958,14.18991629505132,4.967748103740306,1.0768335116693095,2.8318653689146425,0.3333333333333333,41224.4631752187,0.0,0.9011270595132328,2493471778098.959,"{""rho_mode"": ""rizk2023_smooth_fixed"", ""RHO_RIZK2023_SMOOTH_SCALE"": 0.1, ""RHO_RIZK2023_SMOOTH_RHO_FAB"": 30000000000000.0, ""RHO_RIZK2023_SMOOTH_RHO_AMP"": 750000000000000.0, ""RHO_RIZK2023_SMOOTH_FC_PERCENT"": 3.0, ""RHO_RIZK2023_SMOOTH_T_HALF"": 1550.0, ""RHO_RIZK2023_SMOOTH_WIDTH"": 120.0, ""RHO_RIZK2023_SMOOTH_F_MIN"": 0.08, ""RHO_RIZK2023_SMOOTH_CAP"": 4000000000000000.0}",1.1673642143159422,610.5412566850421,7.148204757091881,0.42130515728336226,0.008045300150827902,0.679946823419789,0.817090032448078,COMPLETE
57,50.41379776988341,0.5841594239294103,2.9705281518901514,17.761153202552336,0.20665619829696985,0.3333333333333333,179.49556082478657,0.0,0.5565816554501238,7.117654750122738e+18,"{""rho_mode"": ""rizk2023_smooth_fixed"", ""RHO_RIZK2023_SMOOTH_SCALE"": 0.1, ""RHO_RIZK2023_SMOOTH_RHO_FAB"": 30000000000000.0, ""RHO_RIZK2023_SMOOTH_RHO_AMP"": 750000000000000.0, ""RHO_RIZK2023_SMOOTH_FC_PERCENT"": 3.0, ""RHO_RIZK2023_SMOOTH_T_HALF"": 1550.0, ""RHO_RIZK2023_SMOOTH_WIDTH"": 120.0, ""RHO_RIZK2023_SMOOTH_F_MIN"": 0.08, ""RHO_RIZK2023_SMOOTH_CAP"": 4000000000000000.0}",0.004254769409085087,0.0,1.85284524896601,2.635756095064181e-06,0.7143307054325287,1.0977192019351318,1.4688268008462404,COMPLETE
58,244.49280364148865,0.7569783763947164,4.086753537494122,6.280821007812359,0.25445295306056803,0.3333333333333333,11946.582169647878,0.0,0.8806238713543976,95620658142197.58,"{""rho_mode"": ""rizk2023_smooth_fixed"", ""RHO_RIZK2023_SMOOTH_SCALE"": 0.1, ""RHO_RIZK2023_SMOOTH_RHO_FAB"": 30000000000000.0, ""RHO_RIZK2023_SMOOTH_RHO_AMP"": 750000000000000.0, ""RHO_RIZK2023_SMOOTH_FC_PERCENT"": 3.0, ""RHO_RIZK2023_SMOOTH_T_HALF"": 1550.0, ""RHO_RIZK2023_SMOOTH_WIDTH"": 120.0, ""RHO_RIZK2023_SMOOTH_F_MIN"": 0.08, ""RHO_RIZK2023_SMOOTH_CAP"": 4000000000000000.0}",0.0003758252221955252,41.06594013427579,1.5494972564759009,0.051932335769575455,0.5982560037294561,0.7712852335207564,1.0891061700025078,COMPLETE
59,53.15653097383627,0.6608590525642756,1.5304728099309035,5.50419330327917,0.24785882697236983,0.3333333333333333,161.85712762801592,0.0,0.5283632138352562,8.304502558541254e+18,"{""rho_mode"": ""rizk2023_smooth_fixed"", ""RHO_RIZK2023_SMOOTH_SCALE"": 0.1, ""RHO_RIZK2023_SMOOTH_RHO_FAB"": 30000000000000.0, ""RHO_RIZK2023_SMOOTH_RHO_AMP"": 750000000000000.0, ""RHO_RIZK2023_SMOOTH_FC_PERCENT"": 3.0, ""RHO_RIZK2023_SMOOTH_T_HALF"": 1550.0, ""RHO_RIZK2023_SMOOTH_WIDTH"": 120.0, ""RHO_RIZK2023_SMOOTH_F_MIN"": 0.08, ""RHO_RIZK2023_SMOOTH_CAP"": 4000000000000000.0}",0.0056773095421217236,0.0,1.9183268634376833,9.721032061578606e-06,0.7419557820960097,1.1801245542597272,1.5375374596452658,COMPLETE
