number,value,params_Dg_dislocation_scale,params_Dv_dislocation_scale,params_K_d,params_f_n,user_attrs_Dg_dislocation_scale,user_attrs_Dv_dislocation_scale,user_attrs_K_d,user_attrs_f_n,user_attrs_score_Rd,user_attrs_score_gas_partition,user_attrs_score_guard,user_attrs_score_pressure_eq,user_attrs_score_swelling_d,user_attrs_score_total,state
73,5.615384725433468,1.2117556395152473,1.2676320351199146,2116832.425793125,9.013062695950591e-07,1.2117556395152473,1.2676320351199146,2116832.425793125,9.013062695950591e-07,2.5751915334399698,1.9448971075498032,0.0,3.7988781599423617e-07,0.78096121502512,5.615384725433468,COMPLETE
74,8.29330374549357,1.0067582508380117,3.3226024090390034,2860143.0392718962,6.575738891414067e-06,1.0067582508380117,3.3226024090390034,2860143.0392718962,6.575738891414067e-06,4.228367539086197,2.8020143225397303,0.0,8.715085734444612e-07,0.9187583168149777,8.29330374549357,COMPLETE
75,1.7920731697204582,5.642751680968605,1.0276536245292927,2719212.3724503517,1.1063233694428666e-06,5.642751680968605,1.0276536245292927,2719212.3724503517,1.1063233694428666e-06,1.2504959097799246,0.23632963000732335,0.18583987553422646,0.13697891698216394,0.1805956646442113,1.7920731697204582,COMPLETE
76,2.1949633997379583,6.812737482707166,1.0355808880027655,2572784.4847605666,1.1361449830472346e-06,6.812737482707166,1.0355808880027655,2572784.4847605666,1.1361449830472346e-06,1.0374663373105788,0.21908610712961665,0.8491812029594887,0.5375373293662246,0.10055943909139364,2.1949633997379583,COMPLETE
77,2.844115164079696,3.5940442445382224,2.035002046916023,3355322.5058318395,9.903320288929265e-07,3.5940442445382224,2.035002046916023,3355322.5058318395,9.903320288929265e-07,1.9231019409013186,0.5502932912045091,0.0,1.6200893682845382e-05,0.42963920441517556,2.844115164079696,COMPLETE
78,3.862040830087818,2.8755951296996867,1.0076230692309984,2865003.3451724555,2.1547869004936407e-06,2.8755951296996867,1.0076230692309984,2865003.3451724555,2.1547869004936407e-06,2.230216636281505,0.9704040848868545,0.0,5.183159782680038e-06,0.612893470891992,3.862040830087818,COMPLETE
79,3.7139958108575835,3.3862008819404394,17.14493325162116,2248524.8360373676,5.3281315947320846e-06,3.3862008819404394,17.14493325162116,2248524.8360373676,5.3281315947320846e-06,1.9919249403121124,1.0185390755706651,0.0,1.214624420260211e-07,0.6058771497857321,3.7139958108575835,COMPLETE
80,3.6398997142205234,13.210534734942911,1.7257700204190527,2942868.087797452,1.5889081925681285e-06,13.210534734942911,1.7257700204190527,2942868.087797452,1.5889081925681285e-06,0.7519046506879488,0.7789624561346066,1.6641010878275537,1.056169122891946,0.17177571590894505,3.6398997142205234,COMPLETE
81,4.453030612544986,11.031200839857517,1.2952852925577678,2801432.306739831,2.6631597734847294e-07,11.031200839857517,1.2952852925577678,2801432.306739831,2.6631597734847294e-07,0.6127206450422662,1.4481892645641041,1.311807135402764,1.049649049227068,0.4132616975337091,4.453030612544986,COMPLETE
82,2.373729187113777,6.01268516772559,1.991882610763625,1660110.1807517502,1.7288145998468417e-06,6.01268516772559,1.991882610763625,1660110.1807517502,1.7288145998468417e-06,0.7915084644383791,0.21483988618473873,1.1693921236876452,0.7812588872124426,0.1165875658078914,2.373729187113777,COMPLETE
83,2.3337036239559303,6.805186019497967,1.4447463910227185,3921303.9792109663,3.9259823797308614e-06,6.805186019497967,1.4447463910227185,3921303.9792109663,3.9259823797308614e-06,1.8514252690691204,0.29590858878312215,0.0,0.00032358118285219007,0.3261463425582434,2.3337036239559303,COMPLETE
84,8.129038830362736,17.333434177843788,5.169344986057596,1326751.741210631,1.7478919889067305e-06,17.333434177843788,5.169344986057596,1326751.741210631,1.7478919889067305e-06,0.14063254534300204,1.7553321793696406,3.0046211489894437,2.224250833723768,1.962268277351444,8.129038830362736,COMPLETE
85,1.6741633901162816,3.8346092728688523,19.150790283496782,1979113.692553368,6.346093584531466e-07,3.8346092728688523,19.150790283496782,1979113.692553368,6.346093584531466e-07,1.0931140123356462,0.3913469695626881,0.0,3.572740122668845e-06,0.20544586056034397,1.6741633901162816,COMPLETE
86,2.3219110430318044,3.348646869044757,1.4795827194517746,2690678.371996895,4.84096766685568e-07,3.348646869044757,1.4795827194517746,2690678.371996895,4.84096766685568e-07,1.5123962666761086,0.5094228599302052,0.0,0.001058724333625622,0.3246351784327183,2.3219110430318044,COMPLETE
87,2.9452837293679894,2.4433344299897923,13.068235863563299,615384.3908926483,3.971619220636046e-06,2.4433344299897923,13.068235863563299,615384.3908926483,3.971619220636046e-06,0.8101765234702257,1.2772418476100889,0.0,6.874014888098629e-07,0.5184511017165786,2.9452837293679894,COMPLETE
88,1.605624232286212,4.804046008163821,14.53422529883801,2899339.113378723,5.1725961344643e-07,4.804046008163821,14.53422529883801,2899339.113378723,5.1725961344643e-07,1.2508205986007344,0.2931589825700293,0.0,0.00013499653836657074,0.14019025976589095,1.605624232286212,COMPLETE
89,3.218033963820902,2.293473078636013,18.961596054124247,2744867.3563589836,3.4034147413722737e-07,2.293473078636013,18.961596054124247,2744867.3563589836,3.4034147413722737e-07,1.8131536063995723,0.8833921838197311,0.0,4.5121928272464143e-07,0.4595158443488284,3.218033963820902,COMPLETE
90,4.771746147186654,8.053261519282342,14.092054130619152,2989665.0060034436,4.800239722182463e-07,8.053261519282342,14.092054130619152,2989665.0060034436,4.800239722182463e-07,0.8492467915146478,0.503450199517438,3.2287637314199076,1.7596178027194893,0.12037349924780252,4.771746147186654,COMPLETE
91,2.1084897245581518,3.9936597492864245,6.3998617255186305,3562006.5071620783,3.4961516047272914e-07,3.9936597492864245,6.3998617255186305,3562006.5071620783,3.4961516047272914e-07,1.5729492806597527,0.396017926316356,0.0,1.645064810086254e-05,0.223171472869586,2.1084897245581518,COMPLETE
92,3.5884966349536516,3.407309190875378,18.76221166754373,1669070.6566912108,1.9198512025512007e-07,3.407309190875378,18.76221166754373,1669070.6566912108,1.9198512025512007e-07,0.7687777008728416,0.4740326951104948,1.9718530249422543,1.3804737040636639,0.08723999352608067,3.5884966349536516,COMPLETE
93,1.9238663307495996,3.873179017574092,11.421025632547286,2839493.499477181,4.098994103098086e-07,3.873179017574092,11.421025632547286,2839493.499477181,4.098994103098086e-07,1.3707020369838487,0.39565346642805616,0.0,5.751526920669844e-06,0.21253546027101264,1.9238663307495996,COMPLETE
94,2.615168154936257,3.7282927223029625,7.206864632035796,2295795.8066650927,2.315762416439523e-07,3.7282927223029625,7.206864632035796,2295795.8066650927,2.315762416439523e-07,1.039620810421857,0.42721848599852574,1.0716444202617055,0.525535585121794,0.1208418202445445,2.615168154936257,COMPLETE
95,1.9922711528230888,4.479573876593189,15.339436693847569,3519803.1491933055,5.150861642119301e-07,4.479573876593189,15.339436693847569,3519803.1491933055,5.150861642119301e-07,1.5479450514958204,0.33175920437095985,0.0,2.2393429313313448e-06,0.21324279466277837,1.9922711528230888,COMPLETE
96,1.8743453932070466,3.293573448461868,11.889015653832978,2030452.747425357,4.002504259201758e-07,3.293573448461868,11.889015653832978,2030452.747425357,4.002504259201758e-07,1.1472972422905579,0.48905819025848185,0.0,7.86960550183878e-06,0.2290097284521041,1.8743453932070466,COMPLETE
97,1.9479651973742331,4.068310092847751,8.595787382501493,2805352.435815035,5.809345942998672e-07,4.068310092847751,8.595787382501493,2805352.435815035,5.809345942998672e-07,1.4028338407974115,0.37214683662799236,0.0,8.475760066686524e-06,0.23631233761738538,1.9479651973742331,COMPLETE
98,3.3396258118295727,4.469101930507949,13.11640046203518,1326141.430761435,4.508432269343721e-07,4.469101930507949,13.11640046203518,1326141.430761435,4.508432269343721e-07,0.5525648282340767,0.2956626138094894,2.0838345988523876,1.548822875628981,0.06405773377835035,3.3396258118295727,COMPLETE
99,1.7588471424643743,4.012017256924883,14.107672051422771,2799114.0961812763,3.355320591873291e-07,4.012017256924883,14.107672051422771,2799114.0961812763,3.355320591873291e-07,1.2689621660476604,0.3790226058400746,0.0,9.319352022440974e-06,0.16303732540673846,1.7588471424643743,COMPLETE
100,3.34957838135802,6.413942580734308,9.73033841308651,2157994.014128589,7.137130004858434e-07,6.413942580734308,9.73033841308651,2157994.014128589,7.137130004858434e-07,0.7828561153212513,0.2652369607868051,1.8873568980844122,1.5176568431488333,0.05972683747811962,3.34957838135802,COMPLETE
101,2.854086810976658,2.9270058670655117,11.308383767077547,2512860.356851471,7.803581379203601e-07,2.9270058670655117,11.308383767077547,2512860.356851471,7.803581379203601e-07,1.6937383045671808,0.6985262491967943,0.0,5.181171532079096e-07,0.44028238221813626,2.854086810976658,COMPLETE
102,3.0944991403767808,4.3836601902271894,13.803679853596803,2357706.6232070653,4.554022727467697e-07,4.3836601902271894,13.803679853596803,2357706.6232070653,4.554022727467697e-07,1.0783269421883415,0.3199853475741081,1.4459399978865264,0.9946009497640523,0.1290657187959956,3.0944991403767808,COMPLETE
103,2.9874077591701385,2.7937811824231984,12.79229609534083,3406469.149085803,3.7542473721030763e-07,2.7937811824231984,12.79229609534083,3406469.149085803,3.7542473721030763e-07,1.9075910071182622,0.6862597706522647,0.0,5.642312269945722e-07,0.4120150244332618,2.9874077591701385,COMPLETE
104,5.507824379213757,7.547223276850529,8.129324223555471,2119129.414429657,1.4488549530110236e-07,7.547223276850529,8.129324223555471,2119129.414429657,1.4488549530110236e-07,0.45038252821208796,1.075849435193216,3.0126560609082267,1.6597131163960261,0.5861012962089968,5.507824379213757,COMPLETE
105,2.1576568194150543,5.426540036997659,1.2029408251945715,1714059.2485190863,3.5869515260958335e-07,5.426540036997659,1.2029408251945715,1714059.2485190863,3.5869515260958335e-07,0.6239645503382892,0.33151000924979235,0.9495337582410173,0.709083843285723,0.08242678451641362,2.1576568194150543,COMPLETE
106,3.8324971505325114,5.358695688151504,19.431240122930934,2715227.2637869446,2.749569470560492e-07,5.358695688151504,19.431240122930934,2715227.2637869446,2.749569470560492e-07,0.944550834009801,0.3730052676144875,2.115271429452006,1.6067436239157524,0.06130566792811248,3.8324971505325114,COMPLETE
107,2.9575381001274796,3.077402321192116,12.094303920840003,4984175.857069802,1.8538437184451806e-07,3.077402321192116,12.094303920840003,4984175.857069802,1.8538437184451806e-07,2.090693391098783,0.6175895926208153,0.0,7.73913518126547e-07,0.3283318842185352,2.9575381001274796,COMPLETE
108,2.328085683169517,2.1753450992046726,1.1488564114749997,333455.71511154436,1.6754191639091832e-07,2.1753450992046726,1.1488564114749997,333455.71511154436,1.6754191639091832e-07,0.11351354013858773,0.8294422238601946,0.8287284791777012,0.5845856245045711,0.1892591105638395,2.328085683169517,COMPLETE
109,3.5551696724665014,1.890929923362752,8.311022333711382,2312236.7543486403,3.1037973541315625e-07,1.890929923362752,8.311022333711382,2312236.7543486403,3.1037973541315625e-07,1.780641309059236,1.1139668111096641,0.0,3.5934451553917534e-07,0.516058639839305,3.5551696724665014,COMPLETE
110,1.8128361736338074,3.8506876349586276,19.394845690944333,2300745.9214436887,5.840658377872974e-07,3.8506876349586276,19.394845690944333,2300745.9214436887,5.840658377872974e-07,1.2289584737124617,0.3945901347729101,0.0,2.1950644687960698e-06,0.2219588256305047,1.8128361736338074,COMPLETE
111,2.848564809388673,3.378977047073045,19.89993659665049,3311308.8798450185,8.019133559581627e-07,3.378977047073045,19.89993659665049,3311308.8798450185,8.019133559581627e-07,1.9009755627275433,0.577168351872484,0.0,5.245380935752793e-07,0.41949246107170596,2.848564809388673,COMPLETE
112,2.9631442720195946,2.406642538301043,15.647316622495422,2116014.718279758,5.142587657388993e-07,2.406642538301043,15.647316622495422,2116014.718279758,5.142587657388993e-07,1.5688318024762598,0.8549299420840618,0.0,4.5798593439445923e-07,0.4506330188835152,2.9631442720195946,COMPLETE
113,1.795854187961572,3.519390250269174,10.618282373464325,2500901.5427484857,2.454275065405098e-07,3.519390250269174,10.618282373464325,2500901.5427484857,2.454275065405098e-07,1.188322670456969,0.4580204515538539,0.0,2.82922678740235e-05,0.1655061842193329,1.795854187961572,COMPLETE
114,10.95548850471469,19.986170575418516,1.3367153690484948,581231.7415820602,1.7267483648435177e-07,19.986170575418516,1.3367153690484948,581231.7415820602,1.7267483648435177e-07,0.010840425526893318,3.1501568397724,1.8792533388528578,3.6109662426286704,2.6219944052430377,10.95548850471469,COMPLETE
115,2.121572621661369,2.6145509398311946,10.276594628622291,1797230.6631993062,2.371126306342737e-07,2.6145509398311946,10.276594628622291,1797230.6631993062,2.371126306342737e-07,1.1030347002442893,0.6842840156298414,0.0,1.0760305292966883e-05,0.2560137703530085,2.121572621661369,COMPLETE
116,2.251589819299806,4.992681064450785,19.558618844121185,1586487.9512481324,7.4089242346593744e-06,4.992681064450785,19.558618844121185,1586487.9512481324,7.4089242346593744e-06,1.2226304466587392,0.5936894945543861,0.0,8.518955711068391e-07,0.3830930067804322,2.251589819299806,COMPLETE
117,4.447117161710386,13.330802915577307,8.644996388836654,2829559.8431187933,5.517567062637402e-06,13.330802915577307,8.644996388836654,2829559.8431187933,5.517567062637402e-06,0.88529461901758,0.36647301632182805,3.0410052956237266,1.7496412582931145,0.07075451585477766,4.447117161710386,COMPLETE
118,3.652932190120996,4.216198910679297,19.119770657318092,1298824.5934427509,1.371098673685718e-06,4.216198910679297,19.119770657318092,1298824.5934427509,1.371098673685718e-06,0.7834810219396101,0.36610230196114213,2.0570087682419773,1.4264908876407556,0.1799712193452952,3.652932190120996,COMPLETE
119,2.0876816080776743,3.585652842856446,18.001356543436444,2298246.7629872835,7.061631404740362e-07,3.585652842856446,18.001356543436444,2298246.7629872835,7.061631404740362e-07,1.3463644771060703,0.4676129682819069,0.0,1.1716765187980868e-06,0.291629621750997,2.0876816080776743,COMPLETE
120,2.1131942723121817,2.718950473968174,13.327520084228757,2381051.593861344,1.1391013606320848e-07,2.718950473968174,13.327520084228757,2381051.593861344,1.1391013606320848e-07,1.175434533427304,0.6995450483710811,0.0,1.1939307447370251e-05,0.17796295785737618,2.1131942723121817,COMPLETE
121,2.3517585744870515,2.962360756991106,12.98100430693911,2581493.1634008437,3.1750744435726577e-07,2.962360756991106,12.98100430693911,2581493.1634008437,3.1750744435726577e-07,1.4518542592463022,0.5937570580173285,0.0,1.3135146903892846e-06,0.3006932987557827,2.3517585744870515,COMPLETE
122,2.86988638829102,4.23724183118399,8.910284901589986,2618442.5573204537,2.4059056229090186e-07,4.23724183118399,8.910284901589986,2618442.5573204537,2.4059056229090186e-07,1.0733552111591131,0.3855331352338181,1.2612520723886274,0.7882376715278028,0.09427120515024533,2.86988638829102,COMPLETE
123,1.713223333975446,6.382766455078177,1.1347372462244387,3609089.77183706,1.0421828407297847e-06,6.382766455078177,1.1347372462244387,3609089.77183706,1.0421828407297847e-06,1.4489483052565655,0.22155767526737574,0.0,0.007527983038099233,0.16343157337495862,1.713223333975446,COMPLETE
124,2.9646089238730706,3.8941130698220316,1.3447061364973882,3800202.5086028934,1.2385571470162162e-06,3.8941130698220316,1.3447061364973882,3800202.5086028934,1.2385571470162162e-06,2.078696569009258,0.5257715486472672,0.0,3.975684539382118e-05,0.44711652986061645,2.9646089238730706,COMPLETE
125,2.9502002441518282,8.233104188492389,2.3114251550730502,4117037.191469978,3.6215266181963346e-07,8.233104188492389,2.3114251550730502,4117037.191469978,3.6215266181963346e-07,1.1446984837131726,0.5630689449462507,1.0927364281219687,0.6997393300742678,0.05632221751010705,2.9502002441518282,COMPLETE
126,2.542703824929702,11.118713421807165,1.237356379490654,4809072.295522742,2.077217619273293e-06,11.118713421807165,1.237356379490654,4809072.295522742,2.077217619273293e-06,1.4691340837061158,0.3070295614189365,0.8012515038515844,0.44021301410200625,0.07294848786733076,2.542703824929702,COMPLETE
127,1.8297423581643129,5.526731530213623,1.5183159139847702,3675943.9557927437,7.312475467122631e-07,5.526731530213623,1.5183159139847702,3675943.9557927437,7.312475467122631e-07,1.5111136493757804,0.2549163647380613,0.0,0.002936014962384441,0.1840891050553316,1.8297423581643129,COMPLETE
128,3.1849879063502744,11.603460527088538,1.1096790072235965,3082406.705924686,1.0088506156373441e-06,11.603460527088538,1.1096790072235965,3082406.705924686,1.0088506156373441e-06,0.8174691454253717,0.731584137751696,1.2545690788614743,0.8552278478549856,0.12601514822033016,3.1849879063502744,COMPLETE
129,2.5741438292362373,7.54609950424766,1.6587378957539567,3216838.611240262,5.897809433511358e-07,7.54609950424766,1.6587378957539567,3216838.611240262,5.897809433511358e-07,1.043219929062388,0.357941270629429,1.070828275863682,0.6886599838758236,0.054861986339020063,2.5741438292362373,COMPLETE
130,4.370261210051907,6.804860430340691,15.684897415687145,2101685.393896225,8.384589735475922e-07,6.804860430340691,15.684897415687145,2101685.393896225,8.384589735475922e-07,0.7416725060731502,0.26494238885216337,3.243032321094783,1.8323442819144575,0.06551032199061156,4.370261210051907,COMPLETE
131,1.7348471675736856,7.3141048471905,2.394498646417731,4402476.832674434,7.874958019017321e-07,7.3141048471905,2.394498646417731,4402476.832674434,7.874958019017321e-07,1.4866854237901026,0.25562748695250237,0.020382567714487113,0.012758206562709817,0.1017831554461918,1.7348471675736856,COMPLETE
132,1.8190509148475933,8.123941140848592,2.1098569345783393,4945210.890946092,7.341843001607891e-07,8.123941140848592,2.1098569345783393,4945210.890946092,7.341843001607891e-07,1.5268756678771598,0.3021236878971715,0.031075281287268452,0.021446333811227517,0.08149207283035023,1.8190509148475933,COMPLETE
133,1.8865634462418128,5.675423037312736,1.773139363623866,4171970.6836613063,5.955340746045423e-07,5.675423037312736,1.773139363623866,4171970.6836613063,5.955340746045423e-07,1.5885190812991679,0.2631213204713379,0.0,0.0018837592311681435,0.1676971226968737,1.8865634462418128,COMPLETE
134,2.1895957628729787,8.766459204740725,1.0857535145888813,4544138.2144888835,1.007142843201905e-06,8.766459204740725,1.0857535145888813,4544138.2144888835,1.007142843201905e-06,1.4405501167393227,0.2934521753063076,0.4725065282949686,0.2781443944141449,0.07958967213805626,2.1895957628729787,COMPLETE
135,2.250340197513066,6.977037153817781,1.0643110658476314,3265283.31173469,8.524873330987326e-07,6.977037153817781,1.0643110658476314,3265283.31173469,8.524873330987326e-07,1.208555546941299,0.24558516210808548,0.7940684277391457,0.4246492140691484,0.09467765624095847,2.250340197513066,COMPLETE
136,2.502511945754327,7.442999010074518,4.506090084565406,4493420.411531022,6.467904102591969e-07,7.442999010074518,4.506090084565406,4493420.411531022,6.467904102591969e-07,1.4404328542538969,0.2935339936854791,0.9238722250892616,0.334523188554767,0.07942095771979132,2.502511945754327,COMPLETE
137,2.9790106604430475,9.182010328624617,3.173751657143134,4322193.23406088,7.497728314159088e-07,9.182010328624617,3.173751657143134,4322193.23406088,7.497728314159088e-07,1.2542823255712154,0.4164243513221509,1.1727160699180188,0.8104366943693729,0.05222770805293644,2.9790106604430475,COMPLETE
138,2.3092342759387523,5.112761855487305,1.4946054003883897,4839689.203068651,6.346509645128578e-07,5.112761855487305,1.4946054003883897,4839689.203068651,6.346509645128578e-07,1.9106008074350862,0.2972570052220586,0.0,0.0004915116950260462,0.2594963904860723,2.3092342759387523,COMPLETE
139,3.65093834164007,4.341201820420426,2.6238888987899456,4558077.476752906,3.2113401779257037e-06,4.341201820420426,2.6238888987899456,4558077.476752906,3.2113401779257037e-06,2.5426673876662136,0.6576328224376428,0.0,3.9031647456661166e-07,0.5519548697543452,3.65093834164007,COMPLETE
140,3.087285008392039,11.24163635911447,2.1585917157820793,3958147.4273846173,1.184073839803191e-06,11.24163635911447,2.1585917157820793,3958147.4273846173,1.184073839803191e-06,1.0978203204603354,0.5293523114186586,1.214104273957854,0.8896218854617025,0.06113108929174678,3.087285008392039,COMPLETE
141,1.7469724771709412,5.882574444036879,1.1622026009632993,2618404.897064127,2.156956133261573e-06,5.882574444036879,1.1622026009632993,2618404.897064127,2.156956133261573e-06,1.3298876148216376,0.260154630034428,0.0,0.00598577368621961,0.23815448283750285,1.7469724771709412,COMPLETE
142,2.3710511890825208,7.133346828210174,1.6070674172178483,3048199.5727800275,1.7549391595148929e-06,7.133346828210174,1.6070674172178483,3048199.5727800275,1.7549391595148929e-06,1.2678429161896028,0.20261443368207574,0.842990020013204,0.48515950065088975,0.13941070351180035,2.3710511890825208,COMPLETE
143,2.836154020208583,5.004351022206336,1.0123055958181946,2984349.3585270313,4.660325432856828e-06,5.004351022206336,1.0123055958181946,2984349.3585270313,4.660325432856828e-06,1.8803518485228699,0.5435463046659325,0.0,0.0002636119443204932,0.46178003820886143,2.836154020208583,COMPLETE
144,2.055908392103579,5.723002514895034,2.841698326843539,4124725.798199753,1.0604666775641311e-06,5.723002514895034,2.841698326843539,4124725.798199753,1.0604666775641311e-06,1.716711121763437,0.252553917650694,0.0,0.00014378655902754924,0.2332834832517255,2.055908392103579,COMPLETE
145,1.8047693653243957,6.138532260162277,1.0679972470194412,2556686.409515462,2.0828318124863235e-06,6.138532260162277,1.0679972470194412,2556686.409515462,2.0828318124863235e-06,1.2564205999503308,0.23664248554068412,0.17931670914990222,0.10818737010167971,0.20908354008480354,1.8047693653243957,COMPLETE
