number,value,params_Dg_dislocation_scale,params_Dv_dislocation_scale,params_K_d,params_f_n,user_attrs_Dg_dislocation_scale,user_attrs_Dv_dislocation_scale,user_attrs_K_d,user_attrs_f_n,user_attrs_score_Rd,user_attrs_score_gas_partition,user_attrs_score_guard,user_attrs_score_pressure_eq,user_attrs_score_swelling_d,user_attrs_score_total,state
146,1.972449091702129,4.471793939260754,1.7803985566699165,1787981.0421010582,2.485239498436544e-06,4.471793939260754,1.7803985566699165,1787981.0421010582,2.485239498436544e-06,1.1972080202901236,0.44391153768616876,0.0,0.0018558190428148223,0.3272568792881682,1.972449091702129,COMPLETE
147,1.7643840684121341,7.667387465116859,2.250327395362101,4571409.204724135,1.022776868802557e-06,7.667387465116859,2.250327395362101,4571409.204724135,1.022776868802557e-06,1.5576401706603251,0.23393007186873696,0.0,0.0018787788188303954,0.11727977896293659,1.7643840684121341,COMPLETE
148,3.566762771422177,11.217615860263578,2.2992110859203985,4552904.188408593,4.916495059029239e-07,11.217615860263578,2.2992110859203985,4552904.188408593,4.916495059029239e-07,1.1027692252764654,0.8813612520825701,1.2047157848981522,0.8463917874651753,0.10957912234092831,3.566762771422177,COMPLETE
149,1.7013090497707157,6.855580537146318,1.3879205080616244,2781083.580029774,3.127877123357542e-06,6.855580537146318,1.3879205080616244,2781083.580029774,3.127877123357542e-06,1.3435643355577818,0.23540904627804035,0.0,0.004465171274230867,0.21730323993867445,1.7013090497707157,COMPLETE
150,2.5724201277289063,10.401986792250051,1.241764728812916,3386326.4077985925,4.508592459613409e-06,10.401986792250051,1.241764728812916,3386326.4077985925,4.508592459613409e-06,1.2776480426844428,0.22030108547293314,1.0164671914118961,0.6200536314734877,0.10878899293918554,2.5724201277289063,COMPLETE
151,2.4994046734878843,7.265403634897516,1.7559220705380512,2211350.758867153,2.9730920226714414e-06,7.265403634897516,1.7559220705380512,2211350.758867153,2.9730920226714414e-06,1.0247848449972408,0.20633438075876645,1.1084369351490029,0.7157427093166232,0.1375944931973601,2.4994046734878843,COMPLETE
152,2.4886043398347777,9.58395047435974,1.0238528584365827,2489445.852154036,1.4778036814411248e-06,9.58395047435974,1.0238528584365827,2489445.852154036,1.4778036814411248e-06,0.8036282736441925,0.3666908470626175,1.0957536646485242,0.7818826227608591,0.07387655669221943,2.4886043398347777,COMPLETE
153,2.514185989226987,11.050895812563576,1.015607862836887,1399975.1702977319,4.330085929029298e-06,11.050895812563576,1.015607862836887,1399975.1702977319,4.330085929029298e-06,0.4334480481191165,0.3347476861557339,1.2836041762141743,1.0127682155471887,0.15725607733425015,2.514185989226987,COMPLETE
154,2.218761138558767,6.189966639114402,1.0689020671886857,2015707.9339123913,2.1583261272898332e-06,6.189966639114402,1.0689020671886857,2015707.9339123913,2.1583261272898332e-06,1.008149786471063,0.22485199907063635,0.8408926666030484,0.492107446925033,0.17035655313994102,2.218761138558767,COMPLETE
155,2.75402604496694,4.231154148544579,1.1322323308752626,2044089.0467300017,4.5660848678163336e-06,4.231154148544579,1.1322323308752626,2044089.0467300017,4.5660848678163336e-06,1.5740979348796267,0.6680677240607917,0.0,0.0005507861028431433,0.47577536475051824,2.75402604496694,COMPLETE
156,2.542285318723205,3.22488424409262,1.0277729305230088,2561344.3655023808,6.682450724671525e-07,3.22488424409262,1.0277729305230088,2561344.3655023808,6.682450724671525e-07,1.5869113131183152,0.5735798081360544,0.0,0.0014564558391775872,0.388404008796855,2.542285318723205,COMPLETE
157,2.2232441139410466,4.923126777832341,3.1812138135980095,4892959.191835731,4.1627727462958977e-07,4.923126777832341,3.1812138135980095,4892959.191835731,4.1627727462958977e-07,1.8332621508566018,0.32181680619053715,0.0,8.956699360776055e-05,0.21438457601741814,2.2232441139410466,COMPLETE
158,1.6662279612929007,5.127349118926416,1.2200070825683615,2597589.047411762,1.0323081081129135e-06,5.127349118926416,1.2200070825683615,2597589.047411762,1.0323081081129135e-06,1.2660588045963928,0.26704796091658967,0.0,0.007739652691380532,0.20618338145727388,1.6662279612929007,COMPLETE
159,1.6988652133213067,6.715761468826609,1.3255271791266652,2877934.4667147477,2.615909373639995e-06,6.715761468826609,1.3255271791266652,2877934.4667147477,2.615909373639995e-06,1.3590471545022944,0.22847396048048896,0.0,0.004909197762606115,0.21128442178066617,1.6988652133213067,COMPLETE
