number,value,params_Dg_dislocation_scale,params_Dv_dislocation_scale,params_K_d,params_f_n,user_attrs_Dg_dislocation_scale,user_attrs_Dv_dislocation_scale,user_attrs_K_d,user_attrs_f_n,user_attrs_score_Rd,user_attrs_score_gas_partition,user_attrs_score_guard,user_attrs_score_pressure_eq,user_attrs_score_swelling_d,user_attrs_score_total,state
0,2.388787910214977,6.0,1.0,500000.0,1e-06,6.0,1.0,500000.0,1e-06,0.08042062561679562,0.23578086041089424,1.1072916474447032,1.2331578400291017,0.36927990558077395,2.388787910214977,COMPLETE
1,1.7625321820129418,4.709990851550204,17.06187486110112,1483739.6354388522,3.395623408235133e-06,4.709990851550204,17.06187486110112,1483739.6354388522,3.395623408235133e-06,1.0141740631362073,0.4437907785932933,0.0,2.7374426416212557e-06,0.28135144616861135,1.7625321820129418,COMPLETE
2,3.1222888892063883,1.9390394636700607,7.812598692098966,2022968.0856786503,2.1591280832216382e-07,1.9390394636700607,7.812598692098966,2022968.0856786503,2.1591280832216382e-07,1.4874433771028408,1.0483900505865775,0.0,7.169355081730267e-07,0.43048210017807986,3.1222888892063883,COMPLETE
3,3.0627702641971863,6.369489744115374,3.4350527411963125,4431757.693623314,1.011415866719437e-07,6.369489744115374,3.4350527411963125,4431757.693623314,1.011415866719437e-07,1.166841389901091,0.8076367285606271,0.9893465378356119,0.46315213146243944,0.06961331682978054,3.0627702641971863,COMPLETE
4,3.4844122461069307,14.169133494350776,2.4594727598854016,4894291.888472672,1.5106495666125236e-06,14.169133494350776,2.4594727598854016,4894291.888472672,1.5106495666125236e-06,1.2173098993738478,0.7192082234943216,1.2338310169276654,0.9165684442301244,0.07565495458030416,3.4844122461069307,COMPLETE
5,5.797538360516447,12.574548831417726,1.2152485126028458,1510878.7607395074,3.885875923734724e-07,12.574548831417726,1.2152485126028458,1510878.7607395074,3.885875923734724e-07,0.24449854656385017,1.788215811654471,1.498410701707173,1.598777234753806,1.014699733649308,5.797538360516447,COMPLETE
6,17.45956804720083,11.750419663136165,6.526538663902537,102591.17472945267,1.663241941060182e-07,11.750419663136165,6.526538663902537,102591.17472945267,1.663241941060182e-07,0.4076167061286837,2.527603897976542,4.964722164476662,6.123943909272938,5.439493520853256,17.45956804720083,COMPLETE
7,6.895393981755588,16.81847174154795,1.5279063302145999,1797798.2567278666,6.969362469625993e-07,16.81847174154795,1.5279063302145999,1797798.2567278666,6.969362469625993e-07,0.28683551519728884,2.1487788293492427,2.003229815766548,1.6725646507174028,1.2189651636399104,6.895393981755588,COMPLETE
8,3.2542017681190023,13.53993204156182,3.6109694491631905,3617474.0073075877,4.544676437392385e-06,13.53993204156182,3.6109694491631905,3617474.0073075877,4.544676437392385e-06,1.1088639487205563,0.37434273616256075,1.4317687584346477,1.2048719506038554,0.054179684070887184,3.2542017681190023,COMPLETE
9,2.713746241304861,1.4292806212583211,5.969166563905153,479917.0494631682,1.8176597711072702e-07,1.4292806212583211,5.969166563905153,479917.0494631682,1.8176597711072702e-07,0.4533344876500376,1.4889383288208153,0.0,0.0021009008993006484,0.34018819448764687,2.713746241304861,COMPLETE
10,1.972758365023557,3.5687209696882976,14.626636773544416,626885.882480782,5.532132579904138e-06,3.5687209696882976,14.626636773544416,626885.882480782,5.532132579904138e-06,0.5978139806249546,0.8178287205462187,0.0,2.0804363125898148e-05,0.3490639491390581,1.972758365023557,COMPLETE
11,2.154872686990247,4.4208071237460596,11.066944673361377,1139487.4984653487,7.010414971029138e-06,4.4208071237460596,11.066944673361377,1139487.4984653487,7.010414971029138e-06,0.9840649636192471,0.6780264627871019,0.0,3.737066934377052e-06,0.379982837817786,2.154872686990247,COMPLETE
12,2.082748642872482,3.7768742762910277,16.89390563255851,2111477.2568492517,1.086567467949702e-06,3.7768742762910277,16.89390563255851,2111477.2568492517,1.086567467949702e-06,1.3140437797026976,0.46782999014012694,0.0,1.1496218445771973e-06,0.31098398324055687,2.082748642872482,COMPLETE
13,14.702103023824005,16.69876492583485,12.629619762681227,581920.6022464959,1.5396626494781401e-06,16.69876492583485,12.629619762681227,581920.6022464959,1.5396626494781401e-06,0.012034476768349749,1.98947723382983,4.917663045488596,3.472155695828241,5.696381491676339,14.702103023824005,COMPLETE
14,6.322614306237472,1.1142843066129815,18.46834024949834,1369177.9762141579,3.0751607934459347e-06,1.1142843066129815,18.46834024949834,1369177.9762141579,3.0751607934459347e-06,2.541095651089316,2.451773719937487,0.0,9.5387796423288e-07,0.8481534360733447,6.322614306237472,COMPLETE
15,3.565649969807377,1.6428024191833757,6.753857374414132,514009.5496224265,1.8677779366503677e-06,1.6428024191833757,6.753857374414132,514009.5496224265,1.8677779366503677e-06,0.8266026429891176,1.6754201963282676,0.0,3.491502132310359e-06,0.5956424777506786,3.565649969807377,COMPLETE
16,5.076178716014073,13.245639761525018,16.05346271688437,2011486.830923026,5.493564980262447e-06,13.245639761525018,16.05346271688437,2011486.830923026,5.493564980262447e-06,0.5730123581348588,0.4232862199054401,3.5992187133708704,2.231730948338565,0.17871016212689114,5.076178716014073,COMPLETE
17,2.9429683355639544,4.287916885859078,8.629743374519556,4146408.9432498706,1.4855136913298603e-06,4.287916885859078,8.629743374519556,4146408.9432498706,1.4855136913298603e-06,2.142995267782723,0.48001241522096355,0.0,5.408813079951769e-07,0.4325267934786142,2.9429683355639544,COMPLETE
18,3.9417919376955326,3.362123343097454,18.680477849214782,272551.7080079373,2.6920746190885158e-06,3.362123343097454,18.680477849214782,272551.7080079373,2.6920746190885158e-06,0.11433785603474411,0.6192799638300388,3.0019188573360243,1.4495177934070855,0.13152273706958356,3.9417919376955326,COMPLETE
19,5.841905040091055,2.319404253315389,8.246259709813689,3077511.5731274593,7.459163731795517e-06,2.319404253315389,8.246259709813689,3077511.5731274593,7.459163731795517e-06,3.1076003158148615,1.7569485611223714,0.0,4.113616001812133e-08,0.7968796620323647,5.841905040091055,COMPLETE
20,2.8461330517732835,4.250629868165536,4.491402936238003,462124.32151394093,8.578719689938949e-06,4.250629868165536,4.491402936238003,462124.32151394093,8.578719689938949e-06,0.36633051192009136,0.7078917772934025,1.3314698947104113,0.6655941107559423,0.2751437271883292,2.8461330517732835,COMPLETE
21,4.572451123209081,9.170357266168356,9.60832758169632,2438270.5526844533,8.734694323092138e-07,9.170357266168356,9.60832758169632,2438270.5526844533,8.734694323092138e-07,0.680571746489304,0.4896937215122418,3.1351381976710426,1.7221462108313232,0.16058323826186144,4.572451123209081,COMPLETE
22,2.018123937153746,4.109020743404196,13.823324978896345,2034816.4952337074,1.5339101718687337e-06,4.109020743404196,13.823324978896345,2034816.4952337074,1.5339101718687337e-06,1.2806780119650654,0.44228671930534813,0.0,1.5855767106926806e-06,0.3083249588730045,2.018123937153746,COMPLETE
23,3.432210247832061,3.2630720392880024,16.43351762218237,2293006.735907418,3.226681609133051e-06,3.2630720392880024,16.43351762218237,2293006.735907418,3.226681609133051e-06,1.8979877551209507,0.8998909271962897,0.0,1.9026627725459538e-07,0.5644020068907551,3.432210247832061,COMPLETE
24,2.8299987425124824,5.117202890176651,5.158449802507118,1651269.7102885034,1.2971207268813412e-06,5.117202890176651,5.158449802507118,1651269.7102885034,1.2971207268813412e-06,0.840003735161706,0.25565242840956814,1.4370810303535186,1.0253934574758883,0.13248147771614477,2.8299987425124824,COMPLETE
25,3.3666872961176844,2.2977813961948295,11.402675260914927,334447.52263020765,9.78144002306502e-06,2.2977813961948295,11.402675260914927,334447.52263020765,9.78144002306502e-06,0.5586578803152579,1.7199784551742565,0.0,7.946048945887079e-06,0.5703044752925849,3.3666872961176844,COMPLETE
26,9.11623336359099,9.67678926809212,17.417009953579576,264952.80815783556,5.685147115291111e-06,9.67678926809212,17.417009953579576,264952.80815783556,5.685147115291111e-06,0.04451660256944665,0.3108510309234216,5.962965921974932,3.36481676951287,2.2373006790320886,9.11623336359099,COMPLETE
27,3.8542043640692385,1.951434778685915,1.0621383112681289,3151264.6963779056,2.997559443810272e-07,1.951434778685915,1.0621383112681289,3151264.6963779056,2.997559443810272e-07,2.139397902935545,1.0799548030805048,0.0,1.83136045179184e-05,0.5493575368399831,3.8542043640692385,COMPLETE
28,4.448416052460715,4.855288282219355,13.661468014802855,691596.2793596054,3.215765262184484e-07,4.855288282219355,13.661468014802855,691596.2793596054,3.215765262184484e-07,0.12228441490233512,0.34595797838092024,3.458636972231952,1.8207183175159647,0.39478957080207777,4.448416052460715,COMPLETE
29,3.7889487024472364,7.150062999447857,15.874115222931653,2143407.5729604894,2.0403564724674064e-06,7.150062999447857,15.874115222931653,2143407.5729604894,2.0403564724674064e-06,0.8988530289459421,0.20089499797545046,2.2315022648116742,1.777975670140014,0.07945827737659573,3.7889487024472364,COMPLETE
30,3.6276477038785293,4.943398426866808,17.94704324642416,2973865.0519376514,1.787987020902292e-07,4.943398426866808,17.94704324642416,2973865.0519376514,1.787987020902292e-07,1.011470076750494,0.4489662087875878,1.8246648366190956,1.3591803145772383,0.060919938532486034,3.6276477038785293,COMPLETE
31,2.9459197439461704,2.1348544556697453,11.074255112309524,1246185.7103438359,7.58277365543429e-07,2.1348544556697453,11.074255112309524,1246185.7103438359,7.58277365543429e-07,1.2096514091953925,1.0503756245304756,0.0,3.979660310946577e-07,0.4801977702312565,2.9459197439461704,COMPLETE
32,3.356819831786408,2.966762553222881,15.210621393782878,3296202.2553955205,9.707271909873275e-07,2.966762553222881,15.210621393782878,3296202.2553955205,9.707271909873275e-07,2.1081041296433427,0.7508079610800077,0.0,3.482586360219558e-07,0.5120701834709391,3.356819831786408,COMPLETE
33,1.9754141743451525,3.630268418272743,19.99983834632607,1894431.1353141363,9.606934851283411e-07,3.630268418272743,19.99983834632607,1894431.1353141363,9.606934851283411e-07,1.2006279551373114,0.4770366068685376,0.0,1.2585378957215004e-06,0.29107119969210193,1.9754141743451525,COMPLETE
34,1.8978815667821696,4.346347721821882,16.219105976967796,1598257.2881911392,2.6156566309314514e-06,4.346347721821882,16.219105976967796,1598257.2881911392,2.6156566309314514e-06,1.1014262554449503,0.4695356984699507,0.0,1.8643716749968752e-06,0.3054534290124083,1.8978815667821696,COMPLETE
35,3.476859928290605,4.980676875911164,13.672211388358065,1190070.9598899442,2.6177006769217136e-06,4.980676875911164,13.672211388358065,1190070.9598899442,2.6177006769217136e-06,0.7101543280368481,0.3307690402864012,1.9977199760516782,1.4052532705660525,0.16578874654905754,3.476859928290605,COMPLETE
36,4.254207623744994,1.327760081870465,1.0723963518281467,286755.6158476332,3.3426496654957523e-06,1.327760081870465,1.0723963518281467,286755.6158476332,3.3426496654957523e-06,0.6606757536234206,2.2224708885132984,0.0,0.006332824476666028,0.6944969215133038,4.254207623744994,COMPLETE
37,2.4188746368150014,3.428062612507977,2.0585986281289723,1595305.8899503602,1.609104815339036e-07,3.428062612507977,2.0585986281289723,1595305.8899503602,1.609104815339036e-07,0.7209405979990131,0.48959927352265326,1.0615623510719894,0.5638200469438589,0.09547271920461155,2.4188746368150014,COMPLETE
38,4.161124505811422,2.818283367261814,17.00868650400175,1496652.3127849184,8.200882661184902e-06,2.818283367261814,17.00868650400175,1496652.3127849184,8.200882661184902e-06,1.8143282433839556,1.4197296654082356,0.0,4.65452726232779e-08,0.6724320860829555,4.161124505811422,COMPLETE
39,2.280867447648906,3.8500705474787003,16.850664830315907,1618524.0163683956,2.689483174806856e-06,3.8500705474787003,16.850664830315907,1618524.0163683956,2.689483174806856e-06,1.2391451649529128,0.6036809971140403,0.0,7.837781979149033e-07,0.38505058552785154,2.280867447648906,COMPLETE
40,3.216227932326283,7.093650647492852,7.079684266015407,1924281.3935023898,4.202607389875559e-06,7.093650647492852,7.079684266015407,1924281.3935023898,4.202607389875559e-06,0.9629419565475238,0.23406680058033774,1.631036000948184,1.2660068350688243,0.14375104490079973,3.216227932326283,COMPLETE
41,2.525777168960915,2.6231560799035036,17.211716405863662,1457293.894315165,8.403760246945546e-07,2.6231560799035036,17.211716405863662,1457293.894315165,8.403760246945546e-07,1.1999744845736926,0.7975681600710585,0.0,5.933908796496889e-07,0.4077911338589052,2.525777168960915,COMPLETE
42,4.689530230920083,6.808093590731619,19.288640359688074,1659154.7069810966,6.790218697162483e-07,6.808093590731619,19.288640359688074,1659154.7069810966,6.790218697162483e-07,0.5122591463545608,0.3216497850369108,3.5594139911189124,2.0561454530854935,0.13757195781326484,4.689530230920083,COMPLETE
43,2.1438336245725265,3.745967767991981,8.380984197196424,1670206.5214640538,1.84502460945035e-06,3.745967767991981,8.380984197196424,1670206.5214640538,1.84502460945035e-06,1.2045427589373239,0.5495552376963083,0.0,3.915622701901341e-06,0.3526500293509337,2.1438336245725265,COMPLETE
44,6.517274902765749,1.011673882056954,7.308512138778762,2495010.077091972,1.0750735751254742e-06,1.011673882056954,7.308512138778762,2495010.077091972,1.0750735751254742e-06,3.1340355976627094,2.222536384620212,0.0,9.335433759109298e-07,0.8383014300770771,6.517274902765749,COMPLETE
45,3.548023728174048,5.574856583642169,19.269381507573538,1159769.483253784,1.849851975567135e-06,5.574856583642169,19.269381507573538,1159769.483253784,1.849851975567135e-06,0.5428100215865045,0.22920795618049242,2.2260596348741086,1.8191695702570252,0.07708861580316897,3.548023728174048,COMPLETE
46,8.054408266016349,1.5068279271967457,2.1571421392390233,4589862.282620518,8.560729877627061e-06,1.5068279271967457,2.1571421392390233,4589862.282620518,8.560729877627061e-06,4.561212446515904,2.4194636446911026,0.0,6.996453734121687e-08,0.8974564312226029,8.054408266016349,COMPLETE
47,1.7627241713419977,5.294301873464879,16.92796974844459,1287701.9289050968,6.845097734063772e-06,5.294301873464879,16.92796974844459,1287701.9289050968,6.845097734063772e-06,0.9333212206434376,0.48977638222556424,0.0,3.770139922697535e-06,0.2892947906929566,1.7627241713419977,COMPLETE
48,6.937987594891412,13.449890801791685,3.8984007328557975,3294423.998381468,1.7906591959296488e-07,13.449890801791685,3.8984007328557975,3294423.998381468,1.7906591959296488e-07,0.6168953594058897,2.11741313888245,2.3737905393573375,1.4909664431846996,0.9726002633446036,6.937987594891412,COMPLETE
49,1.7562317515624035,5.30653728245747,18.093089369387297,1582549.1871454953,4.768573881115337e-06,5.30653728245747,18.093089369387297,1582549.1871454953,4.768573881115337e-06,1.050566718588346,0.4195819351259364,0.0,2.5321781694407637e-06,0.27634054431736094,1.7562317515624035,COMPLETE
50,3.6779368481307513,5.499994461681624,17.247605670425703,975690.6591167162,5.2744310901074705e-06,5.499994461681624,17.247605670425703,975690.6591167162,5.2744310901074705e-06,0.6093627508521939,0.37273085118831223,2.221721607507908,1.5309617774364501,0.1688470485039114,3.6779368481307513,COMPLETE
51,2.8155506418597125,5.0820029401527105,12.701044329779482,2162908.600886586,9.194347578466126e-06,5.0820029401527105,12.701044329779482,2162908.600886586,9.194347578466126e-06,1.6329342252420107,0.6810612854268512,0.0,4.5203010875506473e-07,0.4714578611534917,2.8155506418597125,COMPLETE
52,4.051873392999939,10.220860616722176,9.456862087679829,1148045.6692370297,9.887597283199323e-06,10.220860616722176,9.456862087679829,1148045.6692370297,9.887597283199323e-06,0.4231652898570465,0.2418041349052196,3.265561443781049,1.7747157289294695,0.07605552893820187,4.051873392999939,COMPLETE
53,3.7932964777302054,5.975661610936684,17.08865649226063,1407234.9862136503,4.836071448019702e-06,5.975661610936684,17.08865649226063,1407234.9862136503,4.836071448019702e-06,0.8353857659202464,0.32230048461560096,2.149821838062706,1.5514027985075136,0.18328934346039596,3.7932964777302054,COMPLETE
54,3.550244214633818,2.6473194579622987,9.379754140616496,1274290.9443827537,4.186566927422745e-06,2.6473194579622987,9.379754140616496,1274290.9443827537,4.186566927422745e-06,1.4824949856791145,1.228155464472865,0.0,1.2407541179957156e-07,0.6030619825524236,3.550244214633818,COMPLETE
55,3.2604212414663674,4.998008460411191,11.108350702043436,842119.0997177472,4.224174337079907e-06,4.998008460411191,11.108350702043436,842119.0997177472,4.224174337079907e-06,0.530841315464603,0.3934801895428521,1.9047718485618548,1.2813328500924304,0.1685383740950535,3.2604212414663674,COMPLETE
56,2.1346298961063974,4.730030704945372,15.44248275499489,1288553.107655569,7.323412973814979e-06,4.730030704945372,15.44248275499489,1288553.107655569,7.323412973814979e-06,1.0529281627319134,0.6263136665345784,0.0,1.5388656631803994e-06,0.36994090186093187,2.1346298961063974,COMPLETE
57,2.2243224303329336,3.6313525144406786,18.492754398463916,625633.0885810707,8.167606972597805e-06,3.6313525144406786,18.492754398463916,625633.0885810707,8.167606972597805e-06,0.6553606040107869,0.93127982633408,0.0,3.1886080000220623e-06,0.39704326194214007,2.2243224303329336,COMPLETE
58,7.888434080769656,1.1154878848952063,18.160680762895204,4284937.0580873005,3.2711563904532678e-06,1.1154878848952063,18.160680762895204,4284937.0580873005,3.2711563904532678e-06,4.41936091279094,2.3867518249967783,0.0,2.692328668692763e-07,0.8949562873712129,7.888434080769656,COMPLETE
59,2.7836143827030035,8.535683446685887,2.1934213968699625,2184098.7199511686,9.678815992767452e-06,8.535683446685887,2.1934213968699625,2184098.7199511686,9.678815992767452e-06,1.1355969738255665,0.2763658531734712,1.128219978575496,0.7361494637169524,0.20003240077630238,2.7836143827030035,COMPLETE
60,1.9581416646448324,6.324720858622377,16.34661138733051,2469253.4261517636,5.151708427505753e-06,6.324720858622377,16.34661138733051,2469253.4261517636,5.151708427505753e-06,1.3929821595035325,0.34293796978720154,0.0,1.5828721309085056e-06,0.2854663314690172,1.9581416646448324,COMPLETE
61,2.234220474372202,5.797358679980751,8.336350741334744,3085571.8915074607,3.414198567833719e-06,5.797358679980751,8.336350741334744,3085571.8915074607,3.414198567833719e-06,1.6506021475447352,0.34989132771934667,0.0,1.8283879800679913e-06,0.327259610115688,2.234220474372202,COMPLETE
62,4.057028368911738,9.573109888795736,16.83642418138794,2972640.9580255817,3.412196215186358e-06,9.573109888795736,16.83642418138794,2972640.9580255817,3.412196215186358e-06,1.1042258678390304,0.2196343241216483,2.241725235317249,1.8688299972476308,0.07500358327334533,4.057028368911738,COMPLETE
63,1.8261290297112542,6.230684818050202,10.927415931440615,2201550.575610686,5.055630606557903e-06,6.230684818050202,10.927415931440615,2201550.575610686,5.055630606557903e-06,1.2696940530579215,0.3387322782252346,0.0,4.7692223922930945e-06,0.26655090956732325,1.8261290297112542,COMPLETE
64,2.1235747415812396,6.070813872054903,17.571162064880575,2285503.7436430654,6.600517850567317e-06,6.070813872054903,17.571162064880575,2285503.7436430654,6.600517850567317e-06,1.410747743738274,0.41902682575892525,0.0,1.1210827203863888e-06,0.33017690878701156,2.1235747415812396,COMPLETE
65,3.692957151123,4.9978912750920506,15.051193398448865,3769519.998854773,8.374319150543983e-06,4.9978912750920506,15.051193398448865,3769519.998854773,8.374319150543983e-06,2.4083619328305534,0.7607167194228627,0.0,1.8895513299791984e-07,0.5712327228269205,3.692957151123,COMPLETE
66,2.291703317925221,4.8796715259149,13.304017932343971,2483808.311312445,3.078574736196609e-06,4.8796715259149,13.304017932343971,2483808.311312445,3.078574736196609e-06,1.530224060539289,0.44383083913570975,0.0,9.225491018655563e-07,0.36002789885093595,2.291703317925221,COMPLETE
67,2.357296043457223,5.182868514871652,8.933935657776228,2288525.4362356067,4.991292913518762e-06,5.182868514871652,8.933935657776228,2288525.4362356067,4.991292913518762e-06,1.5034769778548203,0.4915872233880252,0.0,1.3206059672520307e-06,0.38284889688845014,2.357296043457223,COMPLETE
68,3.97180766961994,6.832926869518363,19.55235390764184,2116459.8960983,3.5118264992683215e-06,6.832926869518363,19.55235390764184,2116459.8960983,3.5118264992683215e-06,1.04620105861858,0.2333991607112902,2.2215665607511688,1.697023505692066,0.15079156099975569,3.97180766961994,COMPLETE
69,3.9040111330852305,2.2643380777647364,4.792076048189477,4532241.121226374,3.032628844282142e-07,2.2643380777647364,4.792076048189477,4532241.121226374,3.032628844282142e-07,2.4688820904005513,0.9198677710362549,0.0,3.9194496918930146e-07,0.530115617338177,3.9040111330852305,COMPLETE
70,11.151023686423564,16.74001133293734,15.429470227294596,3179757.608884191,1.8700882469196634e-07,16.74001133293734,15.429470227294596,3179757.608884191,1.8700882469196634e-07,0.5169370623275634,2.5765733971326936,4.34772640898583,2.614323851624404,2.428437420054637,11.151023686423564,COMPLETE
71,7.005294044488699,1.168759908456073,2.314288539706554,4628668.090659086,1.3108437286603844e-06,1.168759908456073,2.314288539706554,4628668.090659086,1.3108437286603844e-06,4.011871466167617,2.0135819148369456,0.0,2.522486025801235e-07,0.8500405389319508,7.005294044488699,COMPLETE
72,2.2939207316495764,4.0870851014022405,19.25096814437744,2268916.7307824036,1.8276327340925765e-06,4.0870851014022405,19.25096814437744,2268916.7307824036,1.8276327340925765e-06,1.4594699153828197,0.49073492356641457,0.0,7.558183045459691e-07,0.36123072702096726,2.2939207316495764,COMPLETE
